<?xml version="1.0" encoding="UTF-8" ?>
<testsuite errors="0" failures="0" hostname="travis-job-0d6c9184-1fba-4eaa-ad57-80d8f81d498c" name="ptolemy.actor.lib.test.junit.JUnitTclTest" skipped="0" tests="517" time="58.113" timestamp="2019-04-18T13:38:23">
  <properties>
    <property name="npm.executable" value="npm" />
    <property name="file.encoding.pkg" value="sun.io" />
    <property name="env.TRAVIS_ROOT" value="/" />
    <property name="ptII.mk.exists" value="true" />
    <property name="env.TRAVIS_APP_HOST" value="build.travis-ci.org" />
    <property name="env.rvm_bin_path" value="/home/travis/.rvm/bin" />
    <property name="java.home" value="/usr/lib/jvm/java-8-oracle/jre" />
    <property name="env.TRAVIS_JOB_NUMBER" value="1095.8" />
    <property name="env.TRAVIS_HOME" value="/home/travis" />
    <property name="env.DISPLAY" value=":99.0" />
    <property name="java.net.preferIPv4Stack" value="true" />
    <property name="env.TRAVIS_INIT" value="upstart" />
    <property name="env.SSH_TTY" value="/dev/pts/0" />
    <property name="env.RUN_TESTS" value="true" />
    <property name="timeout.short" value="1000000" />
    <property name="env.TRAVIS_JOB_NAME" value="" />
    <property name="env.TRAVIS_STACK_NODE_ATTRIBUTES" value="/.node-attributes.yml" />
    <property name="junit.formatter" value="xml" />
    <property name="java.endorsed.dirs" value="/usr/lib/jvm/java-8-oracle/jre/lib/endorsed" />
    <property name="env.TRAVIS_SUDO" value="true" />
    <property name="env.LOGNAME" value="travis" />
    <property name="env.PT_TRAVIS_TEST_CORE1_XML" value="true" />
    <property name="jsdoc.home" value="node_modules/@terraswarm/jsdoc" />
    <property name="debuglevel" value="source,lines,vars" />
    <property name="checkstyle.formatter" value="xml" />
    <property name="bin.vergil.makeable" value="true" />
    <property name="env._system_version" value="14.04" />
    <property name="sun.os.patch.level" value="unknown" />
    <property name="java.vendor.url" value="http://java.oracle.com/" />
    <property name="env.TRAVIS_BUILD_WEB_URL" value="https://travis-ci.org/icyphy/ptII/builds/521714986" />
    <property name="java.version" value="1.8.0_151" />
    <property name="env.TZ" value="UTC" />
    <property name="env.PT_NO_NET" value="true" />
    <property name="env.TRAVIS_PULL_REQUEST_SHA" value="" />
    <property name="env.TRAVIS_SECURE_ENV_VARS" value="true" />
    <property name="env._system_type" value="Linux" />
    <property name="java.vendor.url.bug" value="http://bugreport.sun.com/bugreport/" />
    <property name="env.SSH_CLIENT" value="10.10.4.11 44584 22" />
    <property name="npmjs-org-is-up" value="true" />
    <property name="env.GEM_HOME" value="/home/travis/.rvm/gems/ruby-2.4.1" />
    <property name="env.HAS_ANTARES_THREE_LITTLE_FRONZIES_BADGE" value="true" />
    <property name="env.PS4" value="+" />
    <property name="ant.project.invoked-targets" value="build,test.core1.xml" />
    <property name="env.TRAVIS_PULL_REQUEST_BRANCH" value="" />
    <property name="env.TRAVIS_REPO_SLUG" value="icyphy/ptII" />
    <property name="env.TRAVIS_APT_PROXY" value="http://build-cache.travisci.net" />
    <property name="node.in.path" value="true" />
    <property name="java.maxmemory" value="1400m" />
    <property name="env.RUBY_VERSION" value="ruby-2.4.1" />
    <property name="user.name" value="travis" />
    <property name="env.LANG" value="en_US.UTF-8" />
    <property name="sun.io.unicode.encoding" value="UnicodeLittle" />
    <property name="sun.jnu.encoding" value="UTF-8" />
    <property name="java.runtime.name" value="Java(TM) SE Runtime Environment" />
    <property name="usefile" value="false" />
    <property name="return.code" value="0" />
    <property name="junit.single.formatter" value="plain" />
    <property name="env.DYLD_LIBRARY_PATH" value="/home/travis/pthla/certi-tools/lib:" />
    <property name="env.DEBIAN_FRONTEND" value="noninteractive" />
    <property name="env.SSH_CONNECTION" value="10.10.4.11 44584 10.20.3.51 22" />
    <property name="env.MYSQL_UNIX_PORT" value="/var/run/mysqld/mysqld.sock" />
    <property name="env.TRAVIS_ALLOW_FAILURE" value="false" />
    <property name="env.LC_ALL" value="en_US.UTF-8" />
    <property name="env.TRAVIS_JOB_WEB_URL" value="https://travis-ci.org/icyphy/ptII/jobs/521714994" />
    <property name="java.specification.name" value="Java Platform API Specification" />
    <property name="node.works" value="true" />
    <property name="user.timezone" value="" />
    <property name="path.separator" value=":" />
    <property name="env.TRAVIS_ENABLE_INFRA_DETECTION" value="true" />
    <property name="env.PYTHON_CFLAGS" value="-g -fstack-protector --param=ssp-buffer-size=4 -Wformat -Werror=format-security" />
    <property name="timeout.long" value="4000000" />
    <property name="env.CERTI_HOME" value="/home/travis/pthla/certi-tools" />
    <property name="file.encoding" value="UTF-8" />
    <property name="ant.file.ptII" value="/home/travis/build/icyphy/ptII/build.xml" />
    <property name="javadoc.packagenames" value="com.*,diva.*,lbnl.*,org.hlacerti.*,org.json.*,org.ptolemy.*,org.terraswarm.*,ptolemy.*,ptserver.*" />
    <property name="env.TRAVIS_PULL_REQUEST_SLUG" value="" />
    <property name="ant.project.default-target" value="build" />
    <property name="env.GIT_ASKPASS" value="echo" />
    <property name="env.HOME" value="/home/travis" />
    <property name="sun.java.command" value="org.apache.tools.ant.taskdefs.optional.junit.JUnitTestRunner ptolemy.actor.lib.test.junit.JUnitTclTest skipNonTests=false filtertrace=true haltOnError=false haltOnFailure=false formatter=org.apache.tools.ant.taskdefs.optional.junit.OutErrSummaryJUnitResultFormatter showoutput=true outputtoformatters=true logfailedtests=true threadid=0 logtestlistenerevents=false formatter=org.apache.tools.ant.taskdefs.optional.junit.XMLJUnitResultFormatter,/home/travis/build/icyphy/ptII/reports/junit/TEST-ptolemy.actor.lib.test.junit.JUnitTclTest.xml crashfile=/home/travis/build/icyphy/ptII/junitvmwatcher413008863794402247.properties propsfile=/home/travis/build/icyphy/ptII/junit2034248563497376289.properties" />
    <property name="env.MANPATH" value="/home/travis/.nvm/versions/node/v7.10.1/share/man:/home/travis/.kiex/elixirs/elixir-1.4.5/man:/home/travis/.rvm/rubies/ruby-2.4.1/share/man:/usr/local/man:/usr/local/cmake-3.9.2/man:/usr/local/clang-5.0.0/share/man:/usr/local/share/man:/usr/share/man:/home/travis/.rvm/man" />
    <property name="env.COMPOSER_NO_INTERACTION" value="1" />
    <property name="env.JDK_SWITCHER_DEFAULT" value="oraclejdk8" />
    <property name="env.TRAVIS_TIMER_ID" value="0175fe00" />
    <property name="ant.file" value="/home/travis/build/icyphy/ptII/build.xml" />
    <property name="env.TRAVIS_COMMIT_RANGE" value="05b8acdad26d...e8045ad16243" />
    <property name="env._system_name" value="Ubuntu" />
    <property name="timeout" value="2400000" />
    <property name="ptII.classpath.optional.property" value="/home/travis/build/icyphy/ptII/lib/bsh-2.0b4.jar:/home/travis/build/icyphy/ptII/lib/ptCal.jar:/home/travis/build/icyphy/ptII/lib/java_cup.jar:/home/travis/build/icyphy/ptII/lib/saxon8.jar:/home/travis/build/icyphy/ptII/lib/saxon8-dom.jar:/home/travis/build/icyphy/ptII/lib/chic.jar:/home/travis/build/icyphy/ptII/lib/ptcolt.jar:/usr/lib/jvm/java-8-oracle/lib/tools.jar:/home/travis/build/icyphy/ptII/vendors/misc/itext/iText.jar:/home/travis/build/icyphy/ptII/lib/g4ltl.jar:/home/travis/build/icyphy/ptII/lib/StructuralCoder.jar:/home/travis/build/icyphy/ptII/vendors/jai-1_1_2_01/lib/jai_core.jar:/home/travis/build/icyphy/ptII/vendors/jai-1_1_2_01/lib/jai_codec.jar:/home/travis/build/icyphy/ptII/lib/jcerti.jar:/home/travis/build/icyphy/ptII/lib/javax.mail.jar:/home/travis/build/icyphy/ptII/vendors/JMF-2.1.1e/lib/jmf.jar:/home/travis/build/icyphy/ptII/lib/jna-4.0.0-variadic.jar:/home/travis/build/icyphy/ptII/vendors/misc/joystick/Joystick.jar:/home/travis/build/icyphy/ptII/lib/ptjacl.jar:/home/travis/build/icyphy/ptII/lib/jsoup-1.8.2.jar:/home/travis/build/icyphy/ptII/lib/junit-4.8.2.jar:/home/travis/build/icyphy/ptII/lib/JUnitParams-0.4.0.jar:/home/travis/build/icyphy/ptII/ptolemy/actor/lib/excel/jxl.jar:/home/travis/build/icyphy/ptII/lib/jython.jar:/home/travis/build/icyphy/ptII/lib/kieler.jar:/home/travis/build/icyphy/ptII/vendors/opencv/share/OpenCV/java/opencv-341.jar:/home/travis/build/icyphy/ptII/lib/oscP5.jar:/home/travis/build/icyphy/ptII/lib/nrjavaserial-3.11.0.devel.jar:/home/travis/build/icyphy/ptII/vendors/j3d/lib/j3dcore.jar:/home/travis/build/icyphy/ptII/vendors/j3d/lib/j3dutils.jar:/home/travis/build/icyphy/ptII/vendors/j3d/lib/vecmath.jar:/home/travis/build/icyphy/ptII/ptolemy/distributed/jini/jar/jini-core.jar:/home/travis/build/icyphy/ptII/ptolemy/distributed/jini/jar/jini-ext.jar:/home/travis/build/icyphy/ptII/ptolemy/distributed/jini/jar/sun-util.jar:/home/travis/build/icyphy/ptII/lib/protobuf-java-2.4.1.jar:/home/travis/build/icyphy/ptII/lib/org.eclipse.paho.client.mqttv3.jar:/home/travis/build/icyphy/ptII/lib/mapss.jar:/home/travis/build/icyphy/ptII/ptolemy/actor/ptalon/antlr/antlr.jar:/home/travis/build/icyphy/ptII/lib/JRI.jar:/home/travis/build/icyphy/ptII/lib/commons-lang-2.6.jar:/home/travis/build/icyphy/ptII/lib/commons-logging-1.1.1.jar:/home/travis/build/icyphy/ptII/lib/sootclasses.jar:/home/travis/build/icyphy/ptII/ptolemy/actor/lib/database/mysql-connector-java-5.1.6-bin.jar:/home/travis/build/icyphy/ptII/vendors/misc/sphinx4/sphinx4-data-5prealpha.jar:/home/travis/build/icyphy/ptII/vendors/misc/sphinx4/sphinx4-core-5prealpha.jar:/home/travis/build/icyphy/ptII/lib/PDFRenderer.jar:/home/travis/build/icyphy/ptII/lib/svgSalamander.jar:/home/travis/build/icyphy/ptII/lib/rsyntaxtextarea-2.6.0-SNAPSHOT.jar:/home/travis/build/icyphy/ptII/lib/hazelcast-3.8.2.jar:/home/travis/build/icyphy/ptII/lib/jackson-annotations-2.9.0.jar:/home/travis/build/icyphy/ptII/lib/jackson-core-2.9.3.jar:/home/travis/build/icyphy/ptII/lib/jackson-databind-2.9.3.jar:/home/travis/build/icyphy/ptII/lib/netty-buffer-4.1.19.Final.jar:/home/travis/build/icyphy/ptII/lib/netty-codec-4.1.19.Final.jar:/home/travis/build/icyphy/ptII/lib/netty-codec-dns-4.1.19.Final.jar:/home/travis/build/icyphy/ptII/lib/netty-codec-http-4.1.19.Final.jar:/home/travis/build/icyphy/ptII/lib/netty-codec-http2-4.1.19.Final.jar:/home/travis/build/icyphy/ptII/lib/netty-common-4.1.19.Final.jar:/home/travis/build/icyphy/ptII/lib/netty-handler-4.1.19.Final.jar:/home/travis/build/icyphy/ptII/lib/netty-resolver-4.1.19.Final.jar:/home/travis/build/icyphy/ptII/lib/netty-resolver-dns-4.1.19.Final.jar:/home/travis/build/icyphy/ptII/lib/netty-transport-4.1.19.Final.jar:/home/travis/build/icyphy/ptII/lib/vertx-codegen-3.5.1.jar:/home/travis/build/icyphy/ptII/lib/vertx-core-3.5.2-SNAPSHOT.jar:/home/travis/build/icyphy/ptII/lib/vertx-hazelcast-3.5.1.jar:/home/travis/build/icyphy/ptII/lib/vertx-lang-js-3.5.1.jar:/home/travis/build/icyphy/ptII/lib/vertx-service-proxy-3.5.1.jar:/home/travis/build/icyphy/ptII/lib/vertx-web-3.5.1.jar:/home/travis/build/icyphy/ptII/lib/slf4j-api-1.7.13.jar:/home/travis/build/icyphy/ptII/lib/slf4j-simple-1.7.13.jar:/home/travis/build/icyphy/ptII/lib/webcam-capture-0.3.12.jar:/home/travis/build/icyphy/ptII/lib/bridj-0.7.0.jar:/home/travis/build/icyphy/ptII/lib/xbjlib-1.1.0.nrjavaserial.jar" />
    <property name="test.batch" value="**/junit/*.java" />
    <property name="env._" value="/usr/bin/timeout" />
    <property name="java.io.tmpdir" value="/tmp" />
    <property name="env.TRAVIS_INTERNAL_RUBY_REGEX" value="^ruby-(2\.[0-4]\.[0-9]|1\.9\.3)" />
    <property name="user.language" value="en" />
    <property name="env.HISTCONTROL" value="ignoredups:ignorespace" />
    <property name="env.GOROOT" value="/home/travis/.gimme/versions/go1.7.4.linux.amd64" />
    <property name="line.separator" value="&#xa;" />
    <property name="target" value="1.8" />
    <property name="env.TRAVIS_BUILD_DIR" value="/home/travis/build/icyphy/ptII" />
    <property name="env.ANT_OPTS" value="-Xmx2048m" />
    <property name="ant.file.type" value="file" />
    <property name="ptolemy.ptII.batchMode" value="true" />
    <property name="env.HISTSIZE" value="1000" />
    <property name="env.MERB_ENV" value="test" />
    <property name="java.vm.info" value="mixed mode" />
    <property name="source" value="1.8" />
    <property name="java.vm.specification.name" value="Java Virtual Machine Specification" />
    <property name="env.TRAVIS_TEST_RESULT" value="0" />
    <property name="jsdoc.command" value="node_modules/@terraswarm/jsdoc/jsdoc.js" />
    <property name="npm.works" value="true" />
    <property name="cobertura.dir" value="/home/travis/build/icyphy/ptII/vendors/cobertura-2.0.3" />
    <property name="env.rvm_path" value="/home/travis/.rvm" />
    <property name="env.GEM_PATH" value="/home/travis/.rvm/gems/ruby-2.4.1:/home/travis/.rvm/gems/ruby-2.4.1@global" />
    <property name="env.LC_CTYPE" value="en_US.UTF-8" />
    <property name="java.awt.printerjob" value="sun.print.PSPrinterJob" />
    <property name="env.TRAVIS_CMD" value="$PTII/bin/ptIITravisBuild.sh $SECONDS" />
    <property name="env.TRAVIS_STACK_NAME" value="garnet" />
    <property name="env.TRAVIS_TIMER_START_TIME" value="1555594343886711083" />
    <property name="ant.version" value="Apache Ant(TM) version 1.10.1 compiled on February 2 2017" />
    <property name="ptII.reports" value="/home/travis/build/icyphy/ptII/reports" />
    <property name="env.TRAVIS_STACK_TIMESTAMP" value="2017-12-05 19:33:09 UTC" />
    <property name="ant.file.type.ptII" value="file" />
    <property name="env.RBENV_SHELL" value="bash" />
    <property name="os.name" value="Linux" />
    <property name="java.specification.vendor" value="Oracle Corporation" />
    <property name="env.rvm_version" value="1.29.3 (latest)" />
    <property name="env.TRAVIS_INFRA" value="gce" />
    <property name="env.TERM" value="xterm" />
    <property name="java.vm.name" value="Java HotSpot(TM) 64-Bit Server VM" />
    <property name="env.TRAVIS_BUILD_NUMBER" value="1095" />
    <property name="env.CI" value="true" />
    <property name="java.library.path" value="/home/travis/pthla/certi-tools/lib:/usr/lib/jni:/usr/local/share/OpenCV/java/:/usr/share/OpenCV/java::/usr/java/packages/lib/amd64:/usr/lib64:/lib64:/lib:/usr/lib" />
    <property name="env.rvm_prefix" value="/home/travis" />
    <property name="env.PATH" value="/home/travis/pthla/certi-tools/share/scripts:/home/travis/.rvm/gems/ruby-2.4.1/bin:/home/travis/.rvm/gems/ruby-2.4.1@global/bin:/home/travis/.rvm/rubies/ruby-2.4.1/bin:/home/travis/.rvm/bin:/home/travis/.nvm/versions/node/v7.10.1/bin:./node_modules/.bin:/home/travis/build/icyphy/ptII/bin:/home/travis/pthla/certi-tools/bin:/home/travis/bin:/home/travis/.local/bin:/opt/pyenv/shims:/home/travis/.phpenv/shims:/home/travis/perl5/perlbrew/bin:/home/travis/.kiex/elixirs/elixir-1.4.5/bin:/home/travis/.kiex/bin:/home/travis/gopath/bin:/home/travis/.gimme/versions/go1.7.4.linux.amd64/bin:/usr/local/phantomjs/bin:/usr/local/phantomjs:/usr/local/neo4j-3.2.7/bin:/usr/local/maven-3.5.2/bin:/usr/local/cmake-3.9.2/bin:/usr/local/clang-5.0.0/bin:/usr/local/sbin:/usr/local/bin:/usr/sbin:/usr/bin:/sbin:/bin:/home/travis/.phpenv/bin:/opt/pyenv/bin:/home/travis/.yarn/bin" />
    <property name="env.TRAVIS_OS_NAME" value="linux" />
    <property name="ant.java.version" value="1.8" />
    <property name="basedir" value="/home/travis/build/icyphy/ptII" />
    <property name="java.class.version" value="52.0" />
    <property name="env.SHLVL" value="3" />
    <property name="env.LD_LIBRARY_PATH" value="/home/travis/pthla/certi-tools/lib:/usr/lib/jni:/usr/local/share/OpenCV/java/:/usr/share/OpenCV/java:" />
    <property name="env.RACK_ENV" value="test" />
    <property name="ant.home" value="/home/travis/build/icyphy/ptII/ant" />
    <property name="env.PERLBREW_BASHRC_VERSION" value="0.80" />
    <property name="env.NVM_DIR" value="/home/travis/.nvm" />
    <property name="env.TRAVIS_BUILD_ID" value="521714986" />
    <property name="env.CERTI_FOM_PATH" value="/home/travis/pthla/certi-tools/share/federations" />
    <property name="env.PYENV_ROOT" value="/opt/pyenv" />
    <property name="env.TRAVIS_UID" value="2000" />
    <property name="env.rvm_pretty_print_flag" value="auto" />
    <property name="env.NVM_BIN" value="/home/travis/.nvm/versions/node/v7.10.1/bin" />
    <property name="env.TRAVIS_COMMIT" value="e8045ad162431ff8a4c9a7f9c37ded29a8ed8283" />
    <property name="env._system_arch" value="x86_64" />
    <property name="node.executable" value="node" />
    <property name="sun.boot.library.path" value="/usr/lib/jvm/java-8-oracle/jre/lib/amd64" />
    <property name="sun.management.compiler" value="HotSpot 64-Bit Tiered Compilers" />
    <property name="env.GOPATH" value="/home/travis/gopath" />
    <property name="java.awt.graphicsenv" value="sun.awt.X11GraphicsEnvironment" />
    <property name="ptolemy.ptII.dir" value="/home/travis/build/icyphy/ptII" />
    <property name="env.USER" value="travis" />
    <property name="env.HISTFILESIZE" value="2000" />
    <property name="timeout.longest" value="19000000" />
    <property name="env.TRAVIS_STACK_FEATURES" value="basic cassandra chromium couchdb disabled-ipv6 docker docker-compose elasticsearch firefox go-toolchain google-chrome jdk memcached mongodb mysql neo4j nodejs_interpreter perl_interpreter perlbrew phantomjs postgresql python_interpreter rabbitmq redis riak ruby_interpreter sqlite xserver" />
    <property name="env.TRAVIS_PULL_REQUEST" value="false" />
    <property name="env.PYENV_SHELL" value="bash" />
    <property name="ant.project.name" value="ptII" />
    <property name="java.vm.specification.version" value="1.8" />
    <property name="env.ANSI_RESET" value="\033[0m" />
    <property name="env.TRAVIS_DIST" value="trusty" />
    <property name="env.CERTI_VERSION" value="4.0.0" />
    <property name="env.NLSPATH" value="/usr/dt/lib/nls/msg/%L/%N.cat" />
    <property name="awt.toolkit" value="sun.awt.X11.XToolkit" />
    <property name="env.CERTI_HOST" value="localhost" />
    <property name="env.MY_RUBY_HOME" value="/home/travis/.rvm/rubies/ruby-2.4.1" />
    <property name="sun.cpu.isalist" value="" />
    <property name="env.TRAVIS_TMPDIR" value="/tmp/tmp.SlE5Ui1UWm" />
    <property name="java.ext.dirs" value="/usr/lib/jvm/java-8-oracle/jre/lib/ext:/usr/java/packages/lib/ext" />
    <property name="os.version" value="4.4.0-101-generic" />
    <property name="user.home" value="/home/travis" />
    <property name="env.MIX_ARCHIVES" value="/home/travis/.kiex/mix/elixir-1.4.5" />
    <property name="java.vm.vendor" value="Oracle Corporation" />
    <property name="env.TRAVIS_TAG" value="nightly" />
    <property name="env.ANSI_YELLOW" value="\033[33;1m" />
    <property name="env.TRAVIS_FILTERED" value="redirect_io" />
    <property name="env.ANSI_GREEN" value="\033[32;1m" />
    <property name="env.JAVA_HOME" value="/usr/lib/jvm/java-8-oracle" />
    <property name="env.PTII" value="/home/travis/build/icyphy/ptII" />
    <property name="javadoc.excludepackagenames" value="adm.cvs2svn.*,build.*,config.*,doc.coding.templates.*,jni.test.jni.meaningOfLife.*,jni.test.jni.testDeux.*,jni.test.jni.testTrois.*,org.terraswarm.accessor.accessors.web.node_modules.*,org.terraswarm.accessor.accessors.web.hosts.cordova.demo.*,org.terraswarm.accessor.accessors.web.hosts.cordova.plugins.*,org.terraswarm.accessor.accessors-svn.*,pt-modules.*,ptolemy.apps.agilent.*,ptolemy.apps.anytimecontrol.*,ptolemy.apps.apes.*,ptolemy.apps.charon.*,ptolemy.apps.crazyboard.*,ptolemy.apps.eclipse.*,ptolemy.apps.etherealSting.*,ptolemy.apps.fullscreen.*,ptolemy.apps.giotto.*,ptolemy.apps.ia.*,ptolemy.apps.interfaces.*,ptolemy.apps.jmf.*,ptolemy.apps.kurt.*,ptolemy.apps.kvm.*,ptolemy.apps.lego.*,ptolemy.apps.lejos.*,ptolemy.apps.midp.*,ptolemy.apps.mobileCoding.*,ptolemy.apps.pendulum.*,ptolemy.apps.rijndael.*,ptolemy.apps.robot.*,ptolemy.apps.security.*,ptolemy.apps.sobel.*,ptolemy.apps.soot.*,ptolemy.apps.throttle.*,ptolemy.apps.tini.*,ptolemy.apps.transmission.*,ptolemy.apps.vergil.*,ptolemy.apps.waba.*,ptolemy.apps.websensor.*,ptolemy.apps.webstart.*,ptolemy.apps.xsl.*,ptolemy.apps.zaurus.*,ptolemy.codegen.c.actor.lib.oldJavaFiles.*,ptolemy.codegen.dsp.lib.*,ptolemy.codegen.kernel.newInterfaces.*,ptolemy.codegen.lib.*,ptolemy.copernicus.kernel.fragment.*,ptolemy.copernicus.shallow.cg.*,ptolemy.domains.giotto.demo.Hierarchy.Hierarchy.*,ptolemy.domains.giotto.demo.Multimode.Multimode.*,ptolemy.domains.giotto.demo.Simple.Simple.*,ptolemy.domains.gr.lib.experimental.*,ptolemy.domains.gro.*,ptolemy.domains.pdf.*,ptolemy.domains.ptinyos.demo.Surge.output.*,ptolemy.moml.test.NoPackageActor.java*,ptolemy.plot.adm.*,ptolemy.plot.servlet.*,reports.*,signed.*,src.*,target.*,vendors.*,ptolemy.apps.eclipse.awt.*,ptolemy.backtrack.*,ptolemy.backtrack.ast.*,ptolemy.cg.adapter.generic.program.procedural.c.mbed*,ptolemy.homer.*,org.ptolemy.scala.*,diva.util.java2d.svg.*,ptolemy.domains.ptinyos.*,ptolemy.actor.lib.fmi.fmipp.*,,org.terraswarm.accessor.accessors.web.node_modules.*,org.terraswarm.accessor.accessors-svn,ptolemy.apps.*,ptolemy.actor.ptalon.demo.ptinyos.SendAndReceiveCnt.output,ptolemy.actor.ptalon.demo.ptinyos.SenseToLeds.output,ptolemy.domains.ptinyos.demo.CntToLedsAndRfm.output,ptolemy.domains.ptinyos.demo.RfmToLeds.output,ptolemy.domains.ptinyos.demo.SendAndReceiveCnt.output,ptolemy.domains.ptinyos.demo.SenseToLeds.output,ptolemy.actor.lib.jjs.modules.udpSocket.*" />
    <property name="env.TRAVIS_COMMIT_MESSAGE" value="Updating documentation." />
    <property name="keystore" value="ptKeystore" />
    <property name="env.XDG_SESSION_ID" value="2" />
    <property name="junit.output.dir" value="/home/travis/build/icyphy/ptII/reports/junit" />
    <property name="npm.return.code" value="0" />
    <property name="user.dir" value="/home/travis/build/icyphy/ptII/ptolemy/actor/lib/test" />
    <property name="env.TRAVIS_NODE_VERSION" value="7" />
    <property name="env.XFILESEARCHPATH" value="/usr/dt/app-defaults/%L/Dt" />
    <property name="env.TRAVIS_EVENT_TYPE" value="push" />
    <property name="env.MAIL" value="/var/mail/travis" />
    <property name="env.PWD" value="/home/travis/build/icyphy/ptII" />
    <property name="env.PERLBREW_ROOT" value="/home/travis/perl5/perlbrew" />
    <property name="timeout.npm" value="45000" />
    <property name="env.TRAVIS_ARCH" value="amd64" />
    <property name="env.PAGER" value="cat" />
    <property name="sun.cpu.endian" value="little" />
    <property name="env.TRAVIS_BUILD_STAGE_NAME" value="Test" />
    <property name="env.PERLBREW_HOME" value="/home/travis/.perlbrew" />
    <property name="env.RAILS_ENV" value="test" />
    <property name="java.vm.version" value="25.151-b12" />
    <property name="java.class.path" value="/home/travis/.ptolemyII:/home/travis/.ptolemyII/*:/home/travis/build/icyphy/ptII:/home/travis/build/icyphy/ptII/lib/bsh-2.0b4.jar:/home/travis/build/icyphy/ptII/lib/ptCal.jar:/home/travis/build/icyphy/ptII/lib/java_cup.jar:/home/travis/build/icyphy/ptII/lib/saxon8.jar:/home/travis/build/icyphy/ptII/lib/saxon8-dom.jar:/home/travis/build/icyphy/ptII/lib/chic.jar:/home/travis/build/icyphy/ptII/lib/ptcolt.jar:/usr/lib/jvm/java-8-oracle/lib/tools.jar:/home/travis/build/icyphy/ptII/vendors/misc/itext/iText.jar:/home/travis/build/icyphy/ptII/lib/g4ltl.jar:/home/travis/build/icyphy/ptII/lib/StructuralCoder.jar:/home/travis/build/icyphy/ptII/vendors/jai-1_1_2_01/lib/jai_core.jar:/home/travis/build/icyphy/ptII/vendors/jai-1_1_2_01/lib/jai_codec.jar:/home/travis/build/icyphy/ptII/lib/jcerti.jar:/home/travis/build/icyphy/ptII/lib/javax.mail.jar:/home/travis/build/icyphy/ptII/vendors/JMF-2.1.1e/lib/jmf.jar:/home/travis/build/icyphy/ptII/lib/jna-4.0.0-variadic.jar:/home/travis/build/icyphy/ptII/vendors/misc/joystick/Joystick.jar:/home/travis/build/icyphy/ptII/lib/ptjacl.jar:/home/travis/build/icyphy/ptII/lib/jsoup-1.8.2.jar:/home/travis/build/icyphy/ptII/lib/junit-4.8.2.jar:/home/travis/build/icyphy/ptII/lib/JUnitParams-0.4.0.jar:/home/travis/build/icyphy/ptII/ptolemy/actor/lib/excel/jxl.jar:/home/travis/build/icyphy/ptII/lib/jython.jar:/home/travis/build/icyphy/ptII/lib/kieler.jar:/home/travis/build/icyphy/ptII/vendors/opencv/share/OpenCV/java/opencv-341.jar:/home/travis/build/icyphy/ptII/lib/oscP5.jar:/home/travis/build/icyphy/ptII/lib/nrjavaserial-3.11.0.devel.jar:/home/travis/build/icyphy/ptII/vendors/j3d/lib/j3dcore.jar:/home/travis/build/icyphy/ptII/vendors/j3d/lib/j3dutils.jar:/home/travis/build/icyphy/ptII/vendors/j3d/lib/vecmath.jar:/home/travis/build/icyphy/ptII/ptolemy/distributed/jini/jar/jini-core.jar:/home/travis/build/icyphy/ptII/ptolemy/distributed/jini/jar/jini-ext.jar:/home/travis/build/icyphy/ptII/ptolemy/distributed/jini/jar/sun-util.jar:/home/travis/build/icyphy/ptII/lib/protobuf-java-2.4.1.jar:/home/travis/build/icyphy/ptII/lib/org.eclipse.paho.client.mqttv3.jar:/home/travis/build/icyphy/ptII/lib/mapss.jar:/home/travis/build/icyphy/ptII/ptolemy/actor/ptalon/antlr/antlr.jar:/home/travis/build/icyphy/ptII/lib/JRI.jar:/home/travis/build/icyphy/ptII/lib/commons-lang-2.6.jar:/home/travis/build/icyphy/ptII/lib/commons-logging-1.1.1.jar:/home/travis/build/icyphy/ptII/lib/sootclasses.jar:/home/travis/build/icyphy/ptII/ptolemy/actor/lib/database/mysql-connector-java-5.1.6-bin.jar:/home/travis/build/icyphy/ptII/vendors/misc/sphinx4/sphinx4-data-5prealpha.jar:/home/travis/build/icyphy/ptII/vendors/misc/sphinx4/sphinx4-core-5prealpha.jar:/home/travis/build/icyphy/ptII/lib/PDFRenderer.jar:/home/travis/build/icyphy/ptII/lib/svgSalamander.jar:/home/travis/build/icyphy/ptII/lib/rsyntaxtextarea-2.6.0-SNAPSHOT.jar:/home/travis/build/icyphy/ptII/lib/hazelcast-3.8.2.jar:/home/travis/build/icyphy/ptII/lib/jackson-annotations-2.9.0.jar:/home/travis/build/icyphy/ptII/lib/jackson-core-2.9.3.jar:/home/travis/build/icyphy/ptII/lib/jackson-databind-2.9.3.jar:/home/travis/build/icyphy/ptII/lib/netty-buffer-4.1.19.Final.jar:/home/travis/build/icyphy/ptII/lib/netty-codec-4.1.19.Final.jar:/home/travis/build/icyphy/ptII/lib/netty-codec-dns-4.1.19.Final.jar:/home/travis/build/icyphy/ptII/lib/netty-codec-http-4.1.19.Final.jar:/home/travis/build/icyphy/ptII/lib/netty-codec-http2-4.1.19.Final.jar:/home/travis/build/icyphy/ptII/lib/netty-common-4.1.19.Final.jar:/home/travis/build/icyphy/ptII/lib/netty-handler-4.1.19.Final.jar:/home/travis/build/icyphy/ptII/lib/netty-resolver-4.1.19.Final.jar:/home/travis/build/icyphy/ptII/lib/netty-resolver-dns-4.1.19.Final.jar:/home/travis/build/icyphy/ptII/lib/netty-transport-4.1.19.Final.jar:/home/travis/build/icyphy/ptII/lib/vertx-codegen-3.5.1.jar:/home/travis/build/icyphy/ptII/lib/vertx-core-3.5.2-SNAPSHOT.jar:/home/travis/build/icyphy/ptII/lib/vertx-hazelcast-3.5.1.jar:/home/travis/build/icyphy/ptII/lib/vertx-lang-js-3.5.1.jar:/home/travis/build/icyphy/ptII/lib/vertx-service-proxy-3.5.1.jar:/home/travis/build/icyphy/ptII/lib/vertx-web-3.5.1.jar:/home/travis/build/icyphy/ptII/lib/slf4j-api-1.7.13.jar:/home/travis/build/icyphy/ptII/lib/slf4j-simple-1.7.13.jar:/home/travis/build/icyphy/ptII/lib/webcam-capture-0.3.12.jar:/home/travis/build/icyphy/ptII/lib/bridj-0.7.0.jar:/home/travis/build/icyphy/ptII/lib/xbjlib-1.1.0.nrjavaserial.jar:/home/travis/build/icyphy/ptII/ptolemy/moml/test:/home/travis/build/icyphy/ptII/ant/lib/ant-launcher.jar:/home/travis/build/icyphy/ptII/ant/lib/ant.jar:/home/travis/build/icyphy/ptII/ant/lib/ant-junit.jar:/home/travis/build/icyphy/ptII/ant/lib/ant-junit4.jar" />
    <property name="ant.library.dir" value="/home/travis/build/icyphy/ptII/ant/lib" />
    <property name="os.arch" value="amd64" />
    <property name="env.TRAVIS_LANGUAGE" value="node_js" />
    <property name="env.CONTINUOUS_INTEGRATION" value="true" />
    <property name="env.TRAVIS_STACK_LANGUAGES" value="__garnet__ c c++ clojure cplusplus cpp default go groovy java node_js php pure_java python ruby scala" />
    <property name="test.name" value="ptolemy.actor.lib.test.junit.JUnitTclTest" />
    <property name="sun.java.launcher" value="SUN_STANDARD" />
    <property name="env.PYTHON_CONFIGURE_OPTS" value="--enable-unicode=ucs4 --with-wide-unicode --enable-shared --enable-ipv6 --enable-loadable-sqlite-extensions --with-computed-gotos" />
    <property name="ant.core.lib" value="/home/travis/build/icyphy/ptII/ant/lib/ant.jar" />
    <property name="java.vm.specification.vendor" value="Oracle Corporation" />
    <property name="env.BCVTB_HOME" value="/home/travis/build/icyphy/ptII/lbnl" />
    <property name="file.separator" value="/" />
    <property name="spotbugs.home" value="/home/travis/build/icyphy/ptII/vendors/spotbugs-3.1.1" />
    <property name="java.runtime.version" value="1.8.0_151-b12" />
    <property name="sun.boot.class.path" value="/usr/lib/jvm/java-8-oracle/jre/lib/resources.jar:/usr/lib/jvm/java-8-oracle/jre/lib/rt.jar:/usr/lib/jvm/java-8-oracle/jre/lib/sunrsasign.jar:/usr/lib/jvm/java-8-oracle/jre/lib/jsse.jar:/usr/lib/jvm/java-8-oracle/jre/lib/jce.jar:/usr/lib/jvm/java-8-oracle/jre/lib/charsets.jar:/usr/lib/jvm/java-8-oracle/jre/lib/jfr.jar:/usr/lib/jvm/java-8-oracle/jre/classes" />
    <property name="env.ANSI_CLEAR" value="\033[0K" />
    <property name="env.HAS_JOSH_K_SEAL_OF_APPROVAL" value="true" />
    <property name="env.XDG_RUNTIME_DIR" value="/run/user/2000" />
    <property name="env.TRAVIS_OSX_IMAGE" value="" />
    <property name="env.TRAVIS_BRANCH" value="master" />
    <property name="env.TRAVIS_JOB_ID" value="521714994" />
    <property name="user.country" value="US" />
    <property name="env.CERTI_HOME_TRAVIS" value="/home/travis/pthla/certi-tools" />
    <property name="env.SHELL" value="/bin/bash" />
    <property name="java.maxmemory.large" value="5000m" />
    <property name="model" value="" />
    <property name="env.CASHER_DIR" value="/home/travis/.casher" />
    <property name="env.NVM_CD_FLAGS" value="" />
    <property name="jshint.executable" value="/home/travis/node_modules/jshint/bin/jshint" />
    <property name="java.vendor" value="Oracle Corporation" />
    <property name="env.JRUBY_OPTS" value=" --client -J-XX:+TieredCompilation -J-XX:TieredStopAtLevel=1 -J-Xss2m -Xcompile.invokedynamic=false" />
    <property name="env.TRAVIS_PRE_CHEF_BOOTSTRAP_TIME" value="2017-12-05T19:32:55" />
    <property name="env.TRAVIS_STACK_JOB_BOARD_REGISTER" value="/.job-board-register.yml" />
    <property name="env.ELIXIR_VERSION" value="1.4.5" />
    <property name="env.ANSI_RED" value="\033[31;1m" />
    <property name="java.specification.version" value="1.8" />
    <property name="env.TRAVIS" value="true" />
    <property name="env.IRBRC" value="/home/travis/.rvm/rubies/ruby-2.4.1/.irbrc" />
    <property name="sun.arch.data.model" value="64" />
  </properties>
  <testcase classname="ptolemy.util.test.junit.TclTests" name="[0] /home/travis/build/icyphy/ptII/ptolemy/actor/lib/test/AbsoluteValue.tcl (RunTclFile)" time="0.473" />
  <testcase classname="ptolemy.util.test.junit.TclTests" name="[1] /home/travis/build/icyphy/ptII/ptolemy/actor/lib/test/AddSubtract.tcl (RunTclFile)" time="0.062" />
  <testcase classname="ptolemy.util.test.junit.TclTests" name="[2] /home/travis/build/icyphy/ptII/ptolemy/actor/lib/test/Average.tcl (RunTclFile)" time="0.055" />
  <testcase classname="ptolemy.util.test.junit.TclTests" name="[3] /home/travis/build/icyphy/ptII/ptolemy/actor/lib/test/Bernoulli.tcl (RunTclFile)" time="0.024" />
  <testcase classname="ptolemy.util.test.junit.TclTests" name="[4] /home/travis/build/icyphy/ptII/ptolemy/actor/lib/test/Clock.tcl (RunTclFile)" time="0.051" />
  <testcase classname="ptolemy.util.test.junit.TclTests" name="[5] /home/travis/build/icyphy/ptII/ptolemy/actor/lib/test/Commutator.tcl (RunTclFile)" time="0.113" />
  <testcase classname="ptolemy.util.test.junit.TclTests" name="[6] /home/travis/build/icyphy/ptII/ptolemy/actor/lib/test/Const.tcl (RunTclFile)" time="0.131" />
  <testcase classname="ptolemy.util.test.junit.TclTests" name="[7] /home/travis/build/icyphy/ptII/ptolemy/actor/lib/test/CurrentTime.tcl (RunTclFile)" time="0.02" />
  <testcase classname="ptolemy.util.test.junit.TclTests" name="[8] /home/travis/build/icyphy/ptII/ptolemy/actor/lib/test/DB.tcl (RunTclFile)" time="0.039" />
  <testcase classname="ptolemy.util.test.junit.TclTests" name="[9] /home/travis/build/icyphy/ptII/ptolemy/actor/lib/test/DiscreteRandomSource.tcl (RunTclFile)" time="0.037" />
  <testcase classname="ptolemy.util.test.junit.TclTests" name="[10] /home/travis/build/icyphy/ptII/ptolemy/actor/lib/test/Distributor.tcl (RunTclFile)" time="0.064" />
  <testcase classname="ptolemy.util.test.junit.TclTests" name="[11] /home/travis/build/icyphy/ptII/ptolemy/actor/lib/test/Exit.tcl (RunTclFile)" time="0.051" />
  <testcase classname="ptolemy.util.test.junit.TclTests" name="[12] /home/travis/build/icyphy/ptII/ptolemy/actor/lib/test/Expression.tcl (RunTclFile)" time="0.1" />
  <testcase classname="ptolemy.util.test.junit.TclTests" name="[13] /home/travis/build/icyphy/ptII/ptolemy/actor/lib/test/Gaussian.tcl (RunTclFile)" time="0.575" />
  <testcase classname="ptolemy.util.test.junit.TclTests" name="[14] /home/travis/build/icyphy/ptII/ptolemy/actor/lib/test/IIR.tcl (RunTclFile)" time="0.045" />
  <testcase classname="ptolemy.util.test.junit.TclTests" name="[15] /home/travis/build/icyphy/ptII/ptolemy/actor/lib/test/Interpolator.tcl (RunTclFile)" time="0.116" />
  <testcase classname="ptolemy.util.test.junit.TclTests" name="[16] /home/travis/build/icyphy/ptII/ptolemy/actor/lib/test/MathFunction.tcl (RunTclFile)" time="0.084" />
  <testcase classname="ptolemy.util.test.junit.TclTests" name="[17] /home/travis/build/icyphy/ptII/ptolemy/actor/lib/test/Maximum.tcl (RunTclFile)" time="0.038" />
  <testcase classname="ptolemy.util.test.junit.TclTests" name="[18] /home/travis/build/icyphy/ptII/ptolemy/actor/lib/test/Minimum.tcl (RunTclFile)" time="0.036" />
  <testcase classname="ptolemy.util.test.junit.TclTests" name="[19] /home/travis/build/icyphy/ptII/ptolemy/actor/lib/test/MultiplyDivide.tcl (RunTclFile)" time="0.041" />
  <testcase classname="ptolemy.util.test.junit.TclTests" name="[20] /home/travis/build/icyphy/ptII/ptolemy/actor/lib/test/OrderedMerge.tcl (RunTclFile)" time="0.072" />
  <testcase classname="ptolemy.util.test.junit.TclTests" name="[21] /home/travis/build/icyphy/ptII/ptolemy/actor/lib/test/Publisher.tcl (RunTclFile)" time="0.684" />
  <testcase classname="ptolemy.util.test.junit.TclTests" name="[22] /home/travis/build/icyphy/ptII/ptolemy/actor/lib/test/Pulse.tcl (RunTclFile)" time="0.049" />
  <testcase classname="ptolemy.util.test.junit.TclTests" name="[23] /home/travis/build/icyphy/ptII/ptolemy/actor/lib/test/Ramp.tcl (RunTclFile)" time="1.701" />
  <testcase classname="ptolemy.util.test.junit.TclTests" name="[24] /home/travis/build/icyphy/ptII/ptolemy/actor/lib/test/RampContinuous.tcl (RunTclFile)" time="0.027" />
  <testcase classname="ptolemy.util.test.junit.TclTests" name="[25] /home/travis/build/icyphy/ptII/ptolemy/actor/lib/test/RecordAssembler.tcl (RunTclFile)" time="0.019" />
  <testcase classname="ptolemy.util.test.junit.TclTests" name="[26] /home/travis/build/icyphy/ptII/ptolemy/actor/lib/test/RecordDisassembler.tcl (RunTclFile)" time="0.026" />
  <testcase classname="ptolemy.util.test.junit.TclTests" name="[27] /home/travis/build/icyphy/ptII/ptolemy/actor/lib/test/Scale.tcl (RunTclFile)" time="0.029" />
  <testcase classname="ptolemy.util.test.junit.TclTests" name="[28] /home/travis/build/icyphy/ptII/ptolemy/actor/lib/test/SequentialClock.tcl (RunTclFile)" time="0.013" />
  <testcase classname="ptolemy.util.test.junit.TclTests" name="[29] /home/travis/build/icyphy/ptII/ptolemy/actor/lib/test/SetVariable.tcl (RunTclFile)" time="0.022" />
  <testcase classname="ptolemy.util.test.junit.TclTests" name="[30] /home/travis/build/icyphy/ptII/ptolemy/actor/lib/test/Sinewave.tcl (RunTclFile)" time="0.024" />
  <testcase classname="ptolemy.util.test.junit.TclTests" name="[31] /home/travis/build/icyphy/ptII/ptolemy/actor/lib/test/SubscriptionAggregator.tcl (RunTclFile)" time="1.863" />
  <testcase classname="ptolemy.util.test.junit.TclTests" name="[32] /home/travis/build/icyphy/ptII/ptolemy/actor/lib/test/Test.tcl (RunTclFile)" time="0.106" />
  <testcase classname="ptolemy.util.test.junit.TclTests" name="[33] /home/travis/build/icyphy/ptII/ptolemy/actor/lib/test/TestExceptionHandler.tcl (RunTclFile)" time="0.01" />
  <testcase classname="ptolemy.util.test.junit.TclTests" name="[34] /home/travis/build/icyphy/ptII/ptolemy/actor/lib/test/UnionDisassembler.tcl (RunTclFile)" time="0.063" />
  <testcase classname="ptolemy.util.test.junit.TclTests" name="[35] /home/travis/build/icyphy/ptII/ptolemy/actor/lib/test/VariableClock.tcl (RunTclFile)" time="0.032" />
  <testcase classname="ptolemy.util.test.junit.AutoKnownFailedTests" name="[0] /home/travis/build/icyphy/ptII/ptolemy/actor/lib/test/auto/knownFailedTests/PublisherPortToplevelSubscriber.xml (RunModel)" time="0.02" />
  <testcase classname="ptolemy.util.test.junit.AutoKnownFailedTests" name="[1] /home/travis/build/icyphy/ptII/ptolemy/actor/lib/test/auto/knownFailedTests/PublisherSubscriberPortToplevel.xml (RunModel)" time="0.02" />
  <testcase classname="ptolemy.util.test.junit.AutoKnownFailedTests" name="[2] /home/travis/build/icyphy/ptII/ptolemy/actor/lib/test/auto/knownFailedTests/PublisherSubscriptionAggregatorPort.xml (RunModel)" time="0.025" />
  <testcase classname="ptolemy.util.test.junit.AutoKnownFailedTests" name="[3] /home/travis/build/icyphy/ptII/ptolemy/actor/lib/test/auto/knownFailedTests/sizedarray3.xml (RunModel)" time="0.029" />
  <testcase classname="ptolemy.util.test.junit.AutoNameArchTests" name="[0] ThereAreNoAutoArchTests (RunModel)" time="0.001" />
  <testcase classname="ptolemy.util.test.junit.AutoTests" name="[0] /home/travis/build/icyphy/ptII/ptolemy/actor/lib/test/auto/AbsoluteValue.xml (RunModel)" time="0.086" />
  <testcase classname="ptolemy.util.test.junit.AutoTests" name="[1] /home/travis/build/icyphy/ptII/ptolemy/actor/lib/test/auto/AbsoluteValue2.xml (RunModel)" time="0.088" />
  <testcase classname="ptolemy.util.test.junit.AutoTests" name="[2] /home/travis/build/icyphy/ptII/ptolemy/actor/lib/test/auto/Accumulator.xml (RunModel)" time="0.08" />
  <testcase classname="ptolemy.util.test.junit.AutoTests" name="[3] /home/travis/build/icyphy/ptII/ptolemy/actor/lib/test/auto/Accumulator2.xml (RunModel)" time="0.043" />
  <testcase classname="ptolemy.util.test.junit.AutoTests" name="[4] /home/travis/build/icyphy/ptII/ptolemy/actor/lib/test/auto/Accumulator3.xml (RunModel)" time="0.036" />
  <testcase classname="ptolemy.util.test.junit.AutoTests" name="[5] /home/travis/build/icyphy/ptII/ptolemy/actor/lib/test/auto/ArrayAppend.xml (RunModel)" time="0.039" />
  <testcase classname="ptolemy.util.test.junit.AutoTests" name="[6] /home/travis/build/icyphy/ptII/ptolemy/actor/lib/test/auto/ArrayAppend2.xml (RunModel)" time="0.366" />
  <testcase classname="ptolemy.util.test.junit.AutoTests" name="[7] /home/travis/build/icyphy/ptII/ptolemy/actor/lib/test/auto/ArrayAppend3.xml (RunModel)" time="0.038" />
  <testcase classname="ptolemy.util.test.junit.AutoTests" name="[8] /home/travis/build/icyphy/ptII/ptolemy/actor/lib/test/auto/ArrayAppend4.xml (RunModel)" time="0.047" />
  <testcase classname="ptolemy.util.test.junit.AutoTests" name="[9] /home/travis/build/icyphy/ptII/ptolemy/actor/lib/test/auto/ArrayAppend5.xml (RunModel)" time="0.025" />
  <testcase classname="ptolemy.util.test.junit.AutoTests" name="[10] /home/travis/build/icyphy/ptII/ptolemy/actor/lib/test/auto/ArrayAppend6.xml (RunModel)" time="0.023" />
  <testcase classname="ptolemy.util.test.junit.AutoTests" name="[11] /home/travis/build/icyphy/ptII/ptolemy/actor/lib/test/auto/ArrayAppendPerformanceTest.xml (RunModel)" time="0.043" />
  <testcase classname="ptolemy.util.test.junit.AutoTests" name="[12] /home/travis/build/icyphy/ptII/ptolemy/actor/lib/test/auto/ArrayAppendWithEmptyInput.xml (RunModel)" time="0.032" />
  <testcase classname="ptolemy.util.test.junit.AutoTests" name="[13] /home/travis/build/icyphy/ptII/ptolemy/actor/lib/test/auto/ArrayAverage.xml (RunModel)" time="0.054" />
  <testcase classname="ptolemy.util.test.junit.AutoTests" name="[14] /home/travis/build/icyphy/ptII/ptolemy/actor/lib/test/auto/ArrayContains.xml (RunModel)" time="0.025" />
  <testcase classname="ptolemy.util.test.junit.AutoTests" name="[15] /home/travis/build/icyphy/ptII/ptolemy/actor/lib/test/auto/ArrayElement.xml (RunModel)" time="0.022" />
  <testcase classname="ptolemy.util.test.junit.AutoTests" name="[16] /home/travis/build/icyphy/ptII/ptolemy/actor/lib/test/auto/ArrayElementAsMatrix.xml (RunModel)" time="0.053" />
  <testcase classname="ptolemy.util.test.junit.AutoTests" name="[17] /home/travis/build/icyphy/ptII/ptolemy/actor/lib/test/auto/ArrayElementI.xml (RunModel)" time="0.035" />
  <testcase classname="ptolemy.util.test.junit.AutoTests" name="[18] /home/travis/build/icyphy/ptII/ptolemy/actor/lib/test/auto/ArrayExtract.xml (RunModel)" time="0.036" />
  <testcase classname="ptolemy.util.test.junit.AutoTests" name="[19] /home/travis/build/icyphy/ptII/ptolemy/actor/lib/test/auto/ArrayExtract2.xml (RunModel)" time="0.023" />
  <testcase classname="ptolemy.util.test.junit.AutoTests" name="[20] /home/travis/build/icyphy/ptII/ptolemy/actor/lib/test/auto/ArrayLength.xml (RunModel)" time="0.023" />
  <testcase classname="ptolemy.util.test.junit.AutoTests" name="[21] /home/travis/build/icyphy/ptII/ptolemy/actor/lib/test/auto/ArrayLevelCrossing.xml (RunModel)" time="0.033" />
  <testcase classname="ptolemy.util.test.junit.AutoTests" name="[22] /home/travis/build/icyphy/ptII/ptolemy/actor/lib/test/auto/ArrayLevelCrossing2.xml (RunModel)" time="0.029" />
  <testcase classname="ptolemy.util.test.junit.AutoTests" name="[23] /home/travis/build/icyphy/ptII/ptolemy/actor/lib/test/auto/ArrayPeakSearch.xml (RunModel)" time="0.044" />
  <testcase classname="ptolemy.util.test.junit.AutoTests" name="[24] /home/travis/build/icyphy/ptII/ptolemy/actor/lib/test/auto/ArrayPeakSearch2.xml (RunModel)" time="0.041" />
  <testcase classname="ptolemy.util.test.junit.AutoTests" name="[25] /home/travis/build/icyphy/ptII/ptolemy/actor/lib/test/auto/ArrayPeakSearch3.xml (RunModel)" time="0.074" />
  <testcase classname="ptolemy.util.test.junit.AutoTests" name="[26] /home/travis/build/icyphy/ptII/ptolemy/actor/lib/test/auto/ArrayRemoveElement.xml (RunModel)" time="0.035" />
  <testcase classname="ptolemy.util.test.junit.AutoTests" name="[27] /home/travis/build/icyphy/ptII/ptolemy/actor/lib/test/auto/ArraySort.xml (RunModel)" time="0.033" />
  <testcase classname="ptolemy.util.test.junit.AutoTests" name="[28] /home/travis/build/icyphy/ptII/ptolemy/actor/lib/test/auto/ArraySum.xml (RunModel)" time="0.023" />
  <testcase classname="ptolemy.util.test.junit.AutoTests" name="[29] /home/travis/build/icyphy/ptII/ptolemy/actor/lib/test/auto/ArrayToElements.xml (RunModel)" time="0.027" />
  <testcase classname="ptolemy.util.test.junit.AutoTests" name="[30] /home/travis/build/icyphy/ptII/ptolemy/actor/lib/test/auto/ArrayToMatrix.xml (RunModel)" time="0.053" />
  <testcase classname="ptolemy.util.test.junit.AutoTests" name="[31] /home/travis/build/icyphy/ptII/ptolemy/actor/lib/test/auto/ArrayUpdate1.xml (RunModel)" time="0.018" />
  <testcase classname="ptolemy.util.test.junit.AutoTests" name="[32] /home/travis/build/icyphy/ptII/ptolemy/actor/lib/test/auto/ArrayUpdate2.xml (RunModel)" time="0.023" />
  <testcase classname="ptolemy.util.test.junit.AutoTests" name="[33] /home/travis/build/icyphy/ptII/ptolemy/actor/lib/test/auto/ArrayUpdate3.xml (RunModel)" time="0.022" />
  <testcase classname="ptolemy.util.test.junit.AutoTests" name="[34] /home/travis/build/icyphy/ptII/ptolemy/actor/lib/test/auto/Assert1.xml (RunModel)" time="0.027" />
  <testcase classname="ptolemy.util.test.junit.AutoTests" name="[35] /home/travis/build/icyphy/ptII/ptolemy/actor/lib/test/auto/Assert2.xml (RunModel)" time="0.016" />
  <testcase classname="ptolemy.util.test.junit.AutoTests" name="[36] /home/travis/build/icyphy/ptII/ptolemy/actor/lib/test/auto/BooleanMultiplexor.xml (RunModel)" time="0.017" />
  <testcase classname="ptolemy.util.test.junit.AutoTests" name="[37] /home/travis/build/icyphy/ptII/ptolemy/actor/lib/test/auto/BooleanMultiplexor2.xml (RunModel)" time="0.024" />
  <testcase classname="ptolemy.util.test.junit.AutoTests" name="[38] /home/travis/build/icyphy/ptII/ptolemy/actor/lib/test/auto/BooleanMultiplexor3.xml (RunModel)" time="0.026" />
  <testcase classname="ptolemy.util.test.junit.AutoTests" name="[39] /home/travis/build/icyphy/ptII/ptolemy/actor/lib/test/auto/BooleanSelect.xml (RunModel)" time="0.028" />
  <testcase classname="ptolemy.util.test.junit.AutoTests" name="[40] /home/travis/build/icyphy/ptII/ptolemy/actor/lib/test/auto/BooleanSelect2.xml (RunModel)" time="0.014" />
  <testcase classname="ptolemy.util.test.junit.AutoTests" name="[41] /home/travis/build/icyphy/ptII/ptolemy/actor/lib/test/auto/BooleanSwitch.xml (RunModel)" time="0.018" />
  <testcase classname="ptolemy.util.test.junit.AutoTests" name="[42] /home/travis/build/icyphy/ptII/ptolemy/actor/lib/test/auto/BooleanSwitch2.xml (RunModel)" time="0.015" />
  <testcase classname="ptolemy.util.test.junit.AutoTests" name="[43] /home/travis/build/icyphy/ptII/ptolemy/actor/lib/test/auto/BooleanSwitchCloningBugWithClassRelationGroup.xml (RunModel)" time="0.03" />
  <testcase classname="ptolemy.util.test.junit.AutoTests" name="[44] /home/travis/build/icyphy/ptII/ptolemy/actor/lib/test/auto/BusActors.xml (RunModel)" time="0.044" />
  <testcase classname="ptolemy.util.test.junit.AutoTests" name="[45] /home/travis/build/icyphy/ptII/ptolemy/actor/lib/test/auto/ClassWrapper.xml (RunModel)" time="0.01" />
  <testcase classname="ptolemy.util.test.junit.AutoTests" name="[46] /home/travis/build/icyphy/ptII/ptolemy/actor/lib/test/auto/Clock.xml (RunModel)" time="0.008" />
  <testcase classname="ptolemy.util.test.junit.AutoTests" name="[47] /home/travis/build/icyphy/ptII/ptolemy/actor/lib/test/auto/Clock10.xml (RunModel)" time="0.014" />
  <testcase classname="ptolemy.util.test.junit.AutoTests" name="[48] /home/travis/build/icyphy/ptII/ptolemy/actor/lib/test/auto/Clock11.xml (RunModel)" time="0.012" />
  <testcase classname="ptolemy.util.test.junit.AutoTests" name="[49] /home/travis/build/icyphy/ptII/ptolemy/actor/lib/test/auto/Clock12.xml (RunModel)" time="0.026" />
  <testcase classname="ptolemy.util.test.junit.AutoTests" name="[50] /home/travis/build/icyphy/ptII/ptolemy/actor/lib/test/auto/Clock13.xml (RunModel)" time="0.017" />
  <testcase classname="ptolemy.util.test.junit.AutoTests" name="[51] /home/travis/build/icyphy/ptII/ptolemy/actor/lib/test/auto/Clock14.xml (RunModel)" time="0.017" />
  <testcase classname="ptolemy.util.test.junit.AutoTests" name="[52] /home/travis/build/icyphy/ptII/ptolemy/actor/lib/test/auto/Clock15.xml (RunModel)" time="0.013" />
  <testcase classname="ptolemy.util.test.junit.AutoTests" name="[53] /home/travis/build/icyphy/ptII/ptolemy/actor/lib/test/auto/Clock16.xml (RunModel)" time="0.084" />
  <testcase classname="ptolemy.util.test.junit.AutoTests" name="[54] /home/travis/build/icyphy/ptII/ptolemy/actor/lib/test/auto/Clock17.xml (RunModel)" time="0.07" />
  <testcase classname="ptolemy.util.test.junit.AutoTests" name="[55] /home/travis/build/icyphy/ptII/ptolemy/actor/lib/test/auto/Clock18.xml (RunModel)" time="0.053" />
  <testcase classname="ptolemy.util.test.junit.AutoTests" name="[56] /home/travis/build/icyphy/ptII/ptolemy/actor/lib/test/auto/Clock19.xml (RunModel)" time="0.044" />
  <testcase classname="ptolemy.util.test.junit.AutoTests" name="[57] /home/travis/build/icyphy/ptII/ptolemy/actor/lib/test/auto/Clock2.xml (RunModel)" time="0.017" />
  <testcase classname="ptolemy.util.test.junit.AutoTests" name="[58] /home/travis/build/icyphy/ptII/ptolemy/actor/lib/test/auto/Clock20.xml (RunModel)" time="0.024" />
  <testcase classname="ptolemy.util.test.junit.AutoTests" name="[59] /home/travis/build/icyphy/ptII/ptolemy/actor/lib/test/auto/Clock21.xml (RunModel)" time="0.018" />
  <testcase classname="ptolemy.util.test.junit.AutoTests" name="[60] /home/travis/build/icyphy/ptII/ptolemy/actor/lib/test/auto/Clock22.xml (RunModel)" time="0.018" />
  <testcase classname="ptolemy.util.test.junit.AutoTests" name="[61] /home/travis/build/icyphy/ptII/ptolemy/actor/lib/test/auto/Clock23.xml (RunModel)" time="0.02" />
  <testcase classname="ptolemy.util.test.junit.AutoTests" name="[62] /home/travis/build/icyphy/ptII/ptolemy/actor/lib/test/auto/Clock24.xml (RunModel)" time="0.017" />
  <testcase classname="ptolemy.util.test.junit.AutoTests" name="[63] /home/travis/build/icyphy/ptII/ptolemy/actor/lib/test/auto/Clock4.xml (RunModel)" time="0.015" />
  <testcase classname="ptolemy.util.test.junit.AutoTests" name="[64] /home/travis/build/icyphy/ptII/ptolemy/actor/lib/test/auto/Clock5.xml (RunModel)" time="0.015" />
  <testcase classname="ptolemy.util.test.junit.AutoTests" name="[65] /home/travis/build/icyphy/ptII/ptolemy/actor/lib/test/auto/Clock6.xml (RunModel)" time="0.013" />
  <testcase classname="ptolemy.util.test.junit.AutoTests" name="[66] /home/travis/build/icyphy/ptII/ptolemy/actor/lib/test/auto/Clock7.xml (RunModel)" time="0.009" />
  <testcase classname="ptolemy.util.test.junit.AutoTests" name="[67] /home/travis/build/icyphy/ptII/ptolemy/actor/lib/test/auto/Clock8.xml (RunModel)" time="0.017" />
  <testcase classname="ptolemy.util.test.junit.AutoTests" name="[68] /home/travis/build/icyphy/ptII/ptolemy/actor/lib/test/auto/Clock9.xml (RunModel)" time="0.018" />
  <testcase classname="ptolemy.util.test.junit.AutoTests" name="[69] /home/travis/build/icyphy/ptII/ptolemy/actor/lib/test/auto/CommDistDiscard.xml (RunModel)" time="0.021" />
  <testcase classname="ptolemy.util.test.junit.AutoTests" name="[70] /home/travis/build/icyphy/ptII/ptolemy/actor/lib/test/auto/Commutator.xml (RunModel)" time="0.018" />
  <testcase classname="ptolemy.util.test.junit.AutoTests" name="[71] /home/travis/build/icyphy/ptII/ptolemy/actor/lib/test/auto/Commutator2.xml (RunModel)" time="0.015" />
  <testcase classname="ptolemy.util.test.junit.AutoTests" name="[72] /home/travis/build/icyphy/ptII/ptolemy/actor/lib/test/auto/Commutator3.xml (RunModel)" time="0.012" />
  <testcase classname="ptolemy.util.test.junit.AutoTests" name="[73] /home/travis/build/icyphy/ptII/ptolemy/actor/lib/test/auto/Compare.xml (RunModel)" time="0.019" />
  <testcase classname="ptolemy.util.test.junit.AutoTests" name="[74] /home/travis/build/icyphy/ptII/ptolemy/actor/lib/test/auto/CompareDE.xml (RunModel)" time="0.017" />
  <testcase classname="ptolemy.util.test.junit.AutoTests" name="[75] /home/travis/build/icyphy/ptII/ptolemy/actor/lib/test/auto/ComplexDivide.xml (RunModel)" time="0.01" />
  <testcase classname="ptolemy.util.test.junit.AutoTests" name="[76] /home/travis/build/icyphy/ptII/ptolemy/actor/lib/test/auto/ComputeHistogram.xml (RunModel)" time="0.073" />
  <testcase classname="ptolemy.util.test.junit.AutoTests" name="[77] /home/travis/build/icyphy/ptII/ptolemy/actor/lib/test/auto/ConfigurationSelect.xml (RunModel)" time="0.016" />
  <testcase classname="ptolemy.util.test.junit.AutoTests" name="[78] /home/travis/build/icyphy/ptII/ptolemy/actor/lib/test/auto/ConfigurationSelect2.xml (RunModel)" time="0.017" />
  <testcase classname="ptolemy.util.test.junit.AutoTests" name="[79] /home/travis/build/icyphy/ptII/ptolemy/actor/lib/test/auto/ConfigurationSwitch.xml (RunModel)" time="0.022" />
  <testcase classname="ptolemy.util.test.junit.AutoTests" name="[80] /home/travis/build/icyphy/ptII/ptolemy/actor/lib/test/auto/ConfigurationSwitch2.xml (RunModel)" time="0.012" />
  <testcase classname="ptolemy.util.test.junit.AutoTests" name="[81] /home/travis/build/icyphy/ptII/ptolemy/actor/lib/test/auto/ConfigurationSwitchCloningBugWithClassRelationGroup.xml (RunModel)" time="0.015" />
  <testcase classname="ptolemy.util.test.junit.AutoTests" name="[82] /home/travis/build/icyphy/ptII/ptolemy/actor/lib/test/auto/ConfigurationSwitchSelectSDF.xml (RunModel)" time="0.017" />
  <testcase classname="ptolemy.util.test.junit.AutoTests" name="[83] /home/travis/build/icyphy/ptII/ptolemy/actor/lib/test/auto/ConfigurationSwitchSelectSDF2.xml (RunModel)" time="0.015" />
  <testcase classname="ptolemy.util.test.junit.AutoTests" name="[84] /home/travis/build/icyphy/ptII/ptolemy/actor/lib/test/auto/Const.xml (RunModel)" time="0.006" />
  <testcase classname="ptolemy.util.test.junit.AutoTests" name="[85] /home/travis/build/icyphy/ptII/ptolemy/actor/lib/test/auto/Const2.xml (RunModel)" time="0.009" />
  <testcase classname="ptolemy.util.test.junit.AutoTests" name="[86] /home/travis/build/icyphy/ptII/ptolemy/actor/lib/test/auto/Const3.xml (RunModel)" time="0.005" />
  <testcase classname="ptolemy.util.test.junit.AutoTests" name="[87] /home/travis/build/icyphy/ptII/ptolemy/actor/lib/test/auto/ConstantPublisherPort1.xml (RunModel)" time="0.025" />
  <testcase classname="ptolemy.util.test.junit.AutoTests" name="[88] /home/travis/build/icyphy/ptII/ptolemy/actor/lib/test/auto/ConstantPublisherPort2.xml (RunModel)" time="0.023" />
  <testcase classname="ptolemy.util.test.junit.AutoTests" name="[89] /home/travis/build/icyphy/ptII/ptolemy/actor/lib/test/auto/ConstantPublisherPort3.xml (RunModel)" time="0.017" />
  <testcase classname="ptolemy.util.test.junit.AutoTests" name="[90] /home/travis/build/icyphy/ptII/ptolemy/actor/lib/test/auto/ConstantPublisherPort4.xml (RunModel)" time="0.017" />
  <testcase classname="ptolemy.util.test.junit.AutoTests" name="[91] /home/travis/build/icyphy/ptII/ptolemy/actor/lib/test/auto/ConstantPublisherPort5.xml (RunModel)" time="0.038" />
  <testcase classname="ptolemy.util.test.junit.AutoTests" name="[92] /home/travis/build/icyphy/ptII/ptolemy/actor/lib/test/auto/ConstantPublisherPort6.xml (RunModel)" time="0.032" />
  <testcase classname="ptolemy.util.test.junit.AutoTests" name="[93] /home/travis/build/icyphy/ptII/ptolemy/actor/lib/test/auto/ConstantPublisherPort7.xml (RunModel)" time="0.039" />
  <testcase classname="ptolemy.util.test.junit.AutoTests" name="[94] /home/travis/build/icyphy/ptII/ptolemy/actor/lib/test/auto/ConstraintMonitor1.xml (RunModel)" time="0.037" />
  <testcase classname="ptolemy.util.test.junit.AutoTests" name="[95] /home/travis/build/icyphy/ptII/ptolemy/actor/lib/test/auto/ConstraintMonitor2.xml (RunModel)" time="0.017" />
  <testcase classname="ptolemy.util.test.junit.AutoTests" name="[96] /home/travis/build/icyphy/ptII/ptolemy/actor/lib/test/auto/ConstraintMonitor3.xml (RunModel)" time="0.014" />
  <testcase classname="ptolemy.util.test.junit.AutoTests" name="[97] /home/travis/build/icyphy/ptII/ptolemy/actor/lib/test/auto/ConstraintMonitor4.xml (RunModel)" time="0.011" />
  <testcase classname="ptolemy.util.test.junit.AutoTests" name="[98] /home/travis/build/icyphy/ptII/ptolemy/actor/lib/test/auto/ConstraintMonitor5.xml (RunModel)" time="0.015" />
  <testcase classname="ptolemy.util.test.junit.AutoTests" name="[99] /home/travis/build/icyphy/ptII/ptolemy/actor/lib/test/auto/ConstraintMonitor6.xml (RunModel)" time="0.019" />
  <testcase classname="ptolemy.util.test.junit.AutoTests" name="[100] /home/travis/build/icyphy/ptII/ptolemy/actor/lib/test/auto/ConstraintMonitor7.xml (RunModel)" time="0.015" />
  <testcase classname="ptolemy.util.test.junit.AutoTests" name="[101] /home/travis/build/icyphy/ptII/ptolemy/actor/lib/test/auto/ConstraintMonitor8.xml (RunModel)" time="0.019" />
  <testcase classname="ptolemy.util.test.junit.AutoTests" name="[102] /home/travis/build/icyphy/ptII/ptolemy/actor/lib/test/auto/Counter.xml (RunModel)" time="0.012" />
  <testcase classname="ptolemy.util.test.junit.AutoTests" name="[103] /home/travis/build/icyphy/ptII/ptolemy/actor/lib/test/auto/CurrentTimeSDF.xml (RunModel)" time="0.012" />
  <testcase classname="ptolemy.util.test.junit.AutoTests" name="[104] /home/travis/build/icyphy/ptII/ptolemy/actor/lib/test/auto/DB.xml (RunModel)" time="0.012" />
  <testcase classname="ptolemy.util.test.junit.AutoTests" name="[105] /home/travis/build/icyphy/ptII/ptolemy/actor/lib/test/auto/DBDE.xml (RunModel)" time="0.013" />
  <testcase classname="ptolemy.util.test.junit.AutoTests" name="[106] /home/travis/build/icyphy/ptII/ptolemy/actor/lib/test/auto/DateConstructor.xml (RunModel)" time="0.055" />
  <testcase classname="ptolemy.util.test.junit.AutoTests" name="[107] /home/travis/build/icyphy/ptII/ptolemy/actor/lib/test/auto/DelayTime.xml (RunModel)" time="0.015" />
  <testcase classname="ptolemy.util.test.junit.AutoTests" name="[108] /home/travis/build/icyphy/ptII/ptolemy/actor/lib/test/auto/Dictionary1.xml (RunModel)" time="0.018" />
  <testcase classname="ptolemy.util.test.junit.AutoTests" name="[109] /home/travis/build/icyphy/ptII/ptolemy/actor/lib/test/auto/Dictionary2.xml (RunModel)" time="0.019" />
  <testcase classname="ptolemy.util.test.junit.AutoTests" name="[110] /home/travis/build/icyphy/ptII/ptolemy/actor/lib/test/auto/Dictionary3.xml (RunModel)" time="0.012" />
  <testcase classname="ptolemy.util.test.junit.AutoTests" name="[111] /home/travis/build/icyphy/ptII/ptolemy/actor/lib/test/auto/Dictionary4.xml (RunModel)" time="0.021" />
  <testcase classname="ptolemy.util.test.junit.AutoTests" name="[112] /home/travis/build/icyphy/ptII/ptolemy/actor/lib/test/auto/Differential.xml (RunModel)" time="0.011" />
  <testcase classname="ptolemy.util.test.junit.AutoTests" name="[113] /home/travis/build/icyphy/ptII/ptolemy/actor/lib/test/auto/Director.xml (RunModel)" time="0.008" />
  <testcase classname="ptolemy.util.test.junit.AutoTests" name="[114] /home/travis/build/icyphy/ptII/ptolemy/actor/lib/test/auto/DiscreteClock.xml (RunModel)" time="0.008" />
  <testcase classname="ptolemy.util.test.junit.AutoTests" name="[115] /home/travis/build/icyphy/ptII/ptolemy/actor/lib/test/auto/DiscreteClock10.xml (RunModel)" time="0.013" />
  <testcase classname="ptolemy.util.test.junit.AutoTests" name="[116] /home/travis/build/icyphy/ptII/ptolemy/actor/lib/test/auto/DiscreteClock11.xml (RunModel)" time="0.014" />
  <testcase classname="ptolemy.util.test.junit.AutoTests" name="[117] /home/travis/build/icyphy/ptII/ptolemy/actor/lib/test/auto/DiscreteClock12.xml (RunModel)" time="0.013" />
  <testcase classname="ptolemy.util.test.junit.AutoTests" name="[118] /home/travis/build/icyphy/ptII/ptolemy/actor/lib/test/auto/DiscreteClock13.xml (RunModel)" time="0.016" />
  <testcase classname="ptolemy.util.test.junit.AutoTests" name="[119] /home/travis/build/icyphy/ptII/ptolemy/actor/lib/test/auto/DiscreteClock14.xml (RunModel)" time="0.014" />
  <testcase classname="ptolemy.util.test.junit.AutoTests" name="[120] /home/travis/build/icyphy/ptII/ptolemy/actor/lib/test/auto/DiscreteClock15.xml (RunModel)" time="0.011" />
  <testcase classname="ptolemy.util.test.junit.AutoTests" name="[121] /home/travis/build/icyphy/ptII/ptolemy/actor/lib/test/auto/DiscreteClock16.xml (RunModel)" time="0.032" />
  <testcase classname="ptolemy.util.test.junit.AutoTests" name="[122] /home/travis/build/icyphy/ptII/ptolemy/actor/lib/test/auto/DiscreteClock17.xml (RunModel)" time="0.035" />
  <testcase classname="ptolemy.util.test.junit.AutoTests" name="[123] /home/travis/build/icyphy/ptII/ptolemy/actor/lib/test/auto/DiscreteClock18.xml (RunModel)" time="0.039" />
  <testcase classname="ptolemy.util.test.junit.AutoTests" name="[124] /home/travis/build/icyphy/ptII/ptolemy/actor/lib/test/auto/DiscreteClock19.xml (RunModel)" time="0.039" />
  <testcase classname="ptolemy.util.test.junit.AutoTests" name="[125] /home/travis/build/icyphy/ptII/ptolemy/actor/lib/test/auto/DiscreteClock2.xml (RunModel)" time="0.012" />
  <testcase classname="ptolemy.util.test.junit.AutoTests" name="[126] /home/travis/build/icyphy/ptII/ptolemy/actor/lib/test/auto/DiscreteClock20.xml (RunModel)" time="0.015" />
  <testcase classname="ptolemy.util.test.junit.AutoTests" name="[127] /home/travis/build/icyphy/ptII/ptolemy/actor/lib/test/auto/DiscreteClock21.xml (RunModel)" time="0.014" />
  <testcase classname="ptolemy.util.test.junit.AutoTests" name="[128] /home/travis/build/icyphy/ptII/ptolemy/actor/lib/test/auto/DiscreteClock22.xml (RunModel)" time="0.018" />
  <testcase classname="ptolemy.util.test.junit.AutoTests" name="[129] /home/travis/build/icyphy/ptII/ptolemy/actor/lib/test/auto/DiscreteClock23.xml (RunModel)" time="0.014" />
  <testcase classname="ptolemy.util.test.junit.AutoTests" name="[130] /home/travis/build/icyphy/ptII/ptolemy/actor/lib/test/auto/DiscreteClock24.xml (RunModel)" time="0.012" />
  <testcase classname="ptolemy.util.test.junit.AutoTests" name="[131] /home/travis/build/icyphy/ptII/ptolemy/actor/lib/test/auto/DiscreteClock4.xml (RunModel)" time="0.009" />
  <testcase classname="ptolemy.util.test.junit.AutoTests" name="[132] /home/travis/build/icyphy/ptII/ptolemy/actor/lib/test/auto/DiscreteClock5.xml (RunModel)" time="0.008" />
  <testcase classname="ptolemy.util.test.junit.AutoTests" name="[133] /home/travis/build/icyphy/ptII/ptolemy/actor/lib/test/auto/DiscreteClock6.xml (RunModel)" time="0.008" />
  <testcase classname="ptolemy.util.test.junit.AutoTests" name="[134] /home/travis/build/icyphy/ptII/ptolemy/actor/lib/test/auto/DiscreteClock7.xml (RunModel)" time="0.008" />
  <testcase classname="ptolemy.util.test.junit.AutoTests" name="[135] /home/travis/build/icyphy/ptII/ptolemy/actor/lib/test/auto/DiscreteClock8.xml (RunModel)" time="0.013" />
  <testcase classname="ptolemy.util.test.junit.AutoTests" name="[136] /home/travis/build/icyphy/ptII/ptolemy/actor/lib/test/auto/DiscreteClock9.xml (RunModel)" time="0.013" />
  <testcase classname="ptolemy.util.test.junit.AutoTests" name="[137] /home/travis/build/icyphy/ptII/ptolemy/actor/lib/test/auto/DisplayArray.xml (RunModel)" time="0.011" />
  <testcase classname="ptolemy.util.test.junit.AutoTests" name="[138] /home/travis/build/icyphy/ptII/ptolemy/actor/lib/test/auto/Distributor.xml (RunModel)" time="0.008" />
  <testcase classname="ptolemy.util.test.junit.AutoTests" name="[139] /home/travis/build/icyphy/ptII/ptolemy/actor/lib/test/auto/Distributor2.xml (RunModel)" time="0.011" />
  <testcase classname="ptolemy.util.test.junit.AutoTests" name="[140] /home/travis/build/icyphy/ptII/ptolemy/actor/lib/test/auto/DownSample.xml (RunModel)" time="0.557" />
  <testcase classname="ptolemy.util.test.junit.AutoTests" name="[141] /home/travis/build/icyphy/ptII/ptolemy/actor/lib/test/auto/ElectronicUnitBase1.xml (RunModel)" time="0.056" />
  <testcase classname="ptolemy.util.test.junit.AutoTests" name="[142] /home/travis/build/icyphy/ptII/ptolemy/actor/lib/test/auto/ElementsToArray.xml (RunModel)" time="0.012" />
  <testcase classname="ptolemy.util.test.junit.AutoTests" name="[143] /home/travis/build/icyphy/ptII/ptolemy/actor/lib/test/auto/Equals.xml (RunModel)" time="0.009" />
  <testcase classname="ptolemy.util.test.junit.AutoTests" name="[144] /home/travis/build/icyphy/ptII/ptolemy/actor/lib/test/auto/Exec.xml (RunModel)" time="0.021" />
  <testcase classname="ptolemy.util.test.junit.AutoTests" name="[145] /home/travis/build/icyphy/ptII/ptolemy/actor/lib/test/auto/ExecEnvironment.xml (RunModel)" time="0.032" />
  <testcase classname="ptolemy.util.test.junit.AutoTests" name="[146] /home/travis/build/icyphy/ptII/ptolemy/actor/lib/test/auto/ExecNonZeroReturnOutput.xml (RunModel)" time="0.143" />
  <testcase classname="ptolemy.util.test.junit.AutoTests" name="[147] /home/travis/build/icyphy/ptII/ptolemy/actor/lib/test/auto/ExecRunDemos.xml (RunModel)" time="8.806" />
  <testcase classname="ptolemy.util.test.junit.AutoTests" name="[148] /home/travis/build/icyphy/ptII/ptolemy/actor/lib/test/auto/ExecStop.xml (RunModel)" time="5.032" />
  <testcase classname="ptolemy.util.test.junit.AutoTests" name="[149] /home/travis/build/icyphy/ptII/ptolemy/actor/lib/test/auto/ExecutionTimeSDF.xml (RunModel)" time="6.035" />
  <testcase classname="ptolemy.util.test.junit.AutoTests" name="[150] /home/travis/build/icyphy/ptII/ptolemy/actor/lib/test/auto/Expression1.xml (RunModel)" time="0.01" />
  <testcase classname="ptolemy.util.test.junit.AutoTests" name="[151] /home/travis/build/icyphy/ptII/ptolemy/actor/lib/test/auto/Expression10.xml (RunModel)" time="0.012" />
  <testcase classname="ptolemy.util.test.junit.AutoTests" name="[152] /home/travis/build/icyphy/ptII/ptolemy/actor/lib/test/auto/Expression11.xml (RunModel)" time="0.009" />
  <testcase classname="ptolemy.util.test.junit.AutoTests" name="[153] /home/travis/build/icyphy/ptII/ptolemy/actor/lib/test/auto/Expression12.xml (RunModel)" time="0.012" />
  <testcase classname="ptolemy.util.test.junit.AutoTests" name="[154] /home/travis/build/icyphy/ptII/ptolemy/actor/lib/test/auto/Expression13.xml (RunModel)" time="0.01" />
  <testcase classname="ptolemy.util.test.junit.AutoTests" name="[155] /home/travis/build/icyphy/ptII/ptolemy/actor/lib/test/auto/Expression14.xml (RunModel)" time="0.015" />
  <testcase classname="ptolemy.util.test.junit.AutoTests" name="[156] /home/travis/build/icyphy/ptII/ptolemy/actor/lib/test/auto/Expression15.xml (RunModel)" time="0.009" />
  <testcase classname="ptolemy.util.test.junit.AutoTests" name="[157] /home/travis/build/icyphy/ptII/ptolemy/actor/lib/test/auto/Expression16.xml (RunModel)" time="0.02" />
  <testcase classname="ptolemy.util.test.junit.AutoTests" name="[158] /home/travis/build/icyphy/ptII/ptolemy/actor/lib/test/auto/Expression17.xml (RunModel)" time="0.012" />
  <testcase classname="ptolemy.util.test.junit.AutoTests" name="[159] /home/travis/build/icyphy/ptII/ptolemy/actor/lib/test/auto/Expression18.xml (RunModel)" time="0.013" />
  <testcase classname="ptolemy.util.test.junit.AutoTests" name="[160] /home/travis/build/icyphy/ptII/ptolemy/actor/lib/test/auto/Expression2.xml (RunModel)" time="0.012" />
  <testcase classname="ptolemy.util.test.junit.AutoTests" name="[161] /home/travis/build/icyphy/ptII/ptolemy/actor/lib/test/auto/Expression3.xml (RunModel)" time="0.011" />
  <testcase classname="ptolemy.util.test.junit.AutoTests" name="[162] /home/travis/build/icyphy/ptII/ptolemy/actor/lib/test/auto/Expression4.xml (RunModel)" time="0.017" />
  <testcase classname="ptolemy.util.test.junit.AutoTests" name="[163] /home/travis/build/icyphy/ptII/ptolemy/actor/lib/test/auto/Expression5.xml (RunModel)" time="0.013" />
  <testcase classname="ptolemy.util.test.junit.AutoTests" name="[164] /home/travis/build/icyphy/ptII/ptolemy/actor/lib/test/auto/Expression6.xml (RunModel)" time="0.01" />
  <testcase classname="ptolemy.util.test.junit.AutoTests" name="[165] /home/travis/build/icyphy/ptII/ptolemy/actor/lib/test/auto/Expression7.xml (RunModel)" time="0.014" />
  <testcase classname="ptolemy.util.test.junit.AutoTests" name="[166] /home/travis/build/icyphy/ptII/ptolemy/actor/lib/test/auto/Expression8.xml (RunModel)" time="0.011" />
  <testcase classname="ptolemy.util.test.junit.AutoTests" name="[167] /home/travis/build/icyphy/ptII/ptolemy/actor/lib/test/auto/Expression9.xml (RunModel)" time="0.008" />
  <testcase classname="ptolemy.util.test.junit.AutoTests" name="[168] /home/travis/build/icyphy/ptII/ptolemy/actor/lib/test/auto/ExpressionConcatenateArrayType.xml (RunModel)" time="0.022" />
  <testcase classname="ptolemy.util.test.junit.AutoTests" name="[169] /home/travis/build/icyphy/ptII/ptolemy/actor/lib/test/auto/ExpressionConcatenateArrayType2.xml (RunModel)" time="0.015" />
  <testcase classname="ptolemy.util.test.junit.AutoTests" name="[170] /home/travis/build/icyphy/ptII/ptolemy/actor/lib/test/auto/ExpressionFix.xml (RunModel)" time="0.023" />
  <testcase classname="ptolemy.util.test.junit.AutoTests" name="[171] /home/travis/build/icyphy/ptII/ptolemy/actor/lib/test/auto/ExpressionFix2.xml (RunModel)" time="0.01" />
  <testcase classname="ptolemy.util.test.junit.AutoTests" name="[172] /home/travis/build/icyphy/ptII/ptolemy/actor/lib/test/auto/ExpressionFix3.xml (RunModel)" time="0.013" />
  <testcase classname="ptolemy.util.test.junit.AutoTests" name="[173] /home/travis/build/icyphy/ptII/ptolemy/actor/lib/test/auto/FileWriter1.xml (RunModel)" time="0.008" />
  <testcase classname="ptolemy.util.test.junit.AutoTests" name="[174] /home/travis/build/icyphy/ptII/ptolemy/actor/lib/test/auto/FileWriter2.xml (RunModel)" time="0.016" />
  <testcase classname="ptolemy.util.test.junit.AutoTests" name="[175] /home/travis/build/icyphy/ptII/ptolemy/actor/lib/test/auto/FileWriter3.xml (RunModel)" time="0.013" />
  <testcase classname="ptolemy.util.test.junit.AutoTests" name="[176] /home/travis/build/icyphy/ptII/ptolemy/actor/lib/test/auto/Gaussian.xml (RunModel)" time="0.01" />
  <testcase classname="ptolemy.util.test.junit.AutoTests" name="[177] /home/travis/build/icyphy/ptII/ptolemy/actor/lib/test/auto/Gaussian1.xml (RunModel)" time="0.018" />
  <testcase classname="ptolemy.util.test.junit.AutoTests" name="[178] /home/travis/build/icyphy/ptII/ptolemy/actor/lib/test/auto/Gaussian2.xml (RunModel)" time="0.015" />
  <testcase classname="ptolemy.util.test.junit.AutoTests" name="[179] /home/travis/build/icyphy/ptII/ptolemy/actor/lib/test/auto/GradientAdaptiveLattice.xml (RunModel)" time="0.015" />
  <testcase classname="ptolemy.util.test.junit.AutoTests" name="[180] /home/travis/build/icyphy/ptII/ptolemy/actor/lib/test/auto/IIR.xml (RunModel)" time="0.009" />
  <testcase classname="ptolemy.util.test.junit.AutoTests" name="[181] /home/travis/build/icyphy/ptII/ptolemy/actor/lib/test/auto/InputOutputTransparentPorts.xml (RunModel)" time="0.017" />
  <testcase classname="ptolemy.util.test.junit.AutoTests" name="[182] /home/travis/build/icyphy/ptII/ptolemy/actor/lib/test/auto/Interpolator.xml (RunModel)" time="0.009" />
  <testcase classname="ptolemy.util.test.junit.AutoTests" name="[183] /home/travis/build/icyphy/ptII/ptolemy/actor/lib/test/auto/InterpolatorFiringLimitDE.xml (RunModel)" time="0.013" />
  <testcase classname="ptolemy.util.test.junit.AutoTests" name="[184] /home/travis/build/icyphy/ptII/ptolemy/actor/lib/test/auto/Lattice.xml (RunModel)" time="0.007" />
  <testcase classname="ptolemy.util.test.junit.AutoTests" name="[185] /home/travis/build/icyphy/ptII/ptolemy/actor/lib/test/auto/LazyAOCTestLazy.xml (RunModel)" time="0.019" />
  <testcase classname="ptolemy.util.test.junit.AutoTests" name="[186] /home/travis/build/icyphy/ptII/ptolemy/actor/lib/test/auto/LazyAOCTestNonLazy.xml (RunModel)" time="0.015" />
  <testcase classname="ptolemy.util.test.junit.AutoTests" name="[187] /home/travis/build/icyphy/ptII/ptolemy/actor/lib/test/auto/LazyInnerClass.xml (RunModel)" time="0.042" />
  <testcase classname="ptolemy.util.test.junit.AutoTests" name="[188] /home/travis/build/icyphy/ptII/ptolemy/actor/lib/test/auto/LazyPubSub.xml (RunModel)" time="0.063" />
  <testcase classname="ptolemy.util.test.junit.AutoTests" name="[189] /home/travis/build/icyphy/ptII/ptolemy/actor/lib/test/auto/LazyPubSub2.xml (RunModel)" time="0.046" />
  <testcase classname="ptolemy.util.test.junit.AutoTests" name="[190] /home/travis/build/icyphy/ptII/ptolemy/actor/lib/test/auto/LazyPubSub3.xml (RunModel)" time="0.023" />
  <testcase classname="ptolemy.util.test.junit.AutoTests" name="[191] /home/travis/build/icyphy/ptII/ptolemy/actor/lib/test/auto/LazySubClassModel.xml (RunModel)" time="0.02" />
  <testcase classname="ptolemy.util.test.junit.AutoTests" name="[192] /home/travis/build/icyphy/ptII/ptolemy/actor/lib/test/auto/LevelCrossTest1.xml (RunModel)" time="0.009" />
  <testcase classname="ptolemy.util.test.junit.AutoTests" name="[193] /home/travis/build/icyphy/ptII/ptolemy/actor/lib/test/auto/LevelCrossTest10.xml (RunModel)" time="0.023" />
  <testcase classname="ptolemy.util.test.junit.AutoTests" name="[194] /home/travis/build/icyphy/ptII/ptolemy/actor/lib/test/auto/LevelCrossTest11.xml (RunModel)" time="0.014" />
  <testcase classname="ptolemy.util.test.junit.AutoTests" name="[195] /home/travis/build/icyphy/ptII/ptolemy/actor/lib/test/auto/LevelCrossTest12.xml (RunModel)" time="0.018" />
  <testcase classname="ptolemy.util.test.junit.AutoTests" name="[196] /home/travis/build/icyphy/ptII/ptolemy/actor/lib/test/auto/LevelCrossTest13.xml (RunModel)" time="0.012" />
  <testcase classname="ptolemy.util.test.junit.AutoTests" name="[197] /home/travis/build/icyphy/ptII/ptolemy/actor/lib/test/auto/LevelCrossTest2.xml (RunModel)" time="0.009" />
  <testcase classname="ptolemy.util.test.junit.AutoTests" name="[198] /home/travis/build/icyphy/ptII/ptolemy/actor/lib/test/auto/LevelCrossTest3.xml (RunModel)" time="0.013" />
  <testcase classname="ptolemy.util.test.junit.AutoTests" name="[199] /home/travis/build/icyphy/ptII/ptolemy/actor/lib/test/auto/LevelCrossTest4.xml (RunModel)" time="0.011" />
  <testcase classname="ptolemy.util.test.junit.AutoTests" name="[200] /home/travis/build/icyphy/ptII/ptolemy/actor/lib/test/auto/LevelCrossTest5.xml (RunModel)" time="0.012" />
  <testcase classname="ptolemy.util.test.junit.AutoTests" name="[201] /home/travis/build/icyphy/ptII/ptolemy/actor/lib/test/auto/LevelCrossTest6.xml (RunModel)" time="0.026" />
  <testcase classname="ptolemy.util.test.junit.AutoTests" name="[202] /home/travis/build/icyphy/ptII/ptolemy/actor/lib/test/auto/LevelCrossTest7.xml (RunModel)" time="0.014" />
  <testcase classname="ptolemy.util.test.junit.AutoTests" name="[203] /home/travis/build/icyphy/ptII/ptolemy/actor/lib/test/auto/LevelCrossTest8.xml (RunModel)" time="0.016" />
  <testcase classname="ptolemy.util.test.junit.AutoTests" name="[204] /home/travis/build/icyphy/ptII/ptolemy/actor/lib/test/auto/LevelCrossTest9.xml (RunModel)" time="0.013" />
  <testcase classname="ptolemy.util.test.junit.AutoTests" name="[205] /home/travis/build/icyphy/ptII/ptolemy/actor/lib/test/auto/LevinsonDurbin.xml (RunModel)" time="0.01" />
  <testcase classname="ptolemy.util.test.junit.AutoTests" name="[206] /home/travis/build/icyphy/ptII/ptolemy/actor/lib/test/auto/LevinsonDurbin2.xml (RunModel)" time="0.009" />
  <testcase classname="ptolemy.util.test.junit.AutoTests" name="[207] /home/travis/build/icyphy/ptII/ptolemy/actor/lib/test/auto/LevinsonDurbin3.xml (RunModel)" time="0.008" />
  <testcase classname="ptolemy.util.test.junit.AutoTests" name="[208] /home/travis/build/icyphy/ptII/ptolemy/actor/lib/test/auto/Limiter.xml (RunModel)" time="0.029" />
  <testcase classname="ptolemy.util.test.junit.AutoTests" name="[209] /home/travis/build/icyphy/ptII/ptolemy/actor/lib/test/auto/LinearDifferenceEquationSystem.xml (RunModel)" time="0.021" />
  <testcase classname="ptolemy.util.test.junit.AutoTests" name="[210] /home/travis/build/icyphy/ptII/ptolemy/actor/lib/test/auto/LookupTable.xml (RunModel)" time="0.009" />
  <testcase classname="ptolemy.util.test.junit.AutoTests" name="[211] /home/travis/build/icyphy/ptII/ptolemy/actor/lib/test/auto/MathFunction.xml (RunModel)" time="0.026" />
  <testcase classname="ptolemy.util.test.junit.AutoTests" name="[212] /home/travis/build/icyphy/ptII/ptolemy/actor/lib/test/auto/MathFunction2.xml (RunModel)" time="0.017" />
  <testcase classname="ptolemy.util.test.junit.AutoTests" name="[213] /home/travis/build/icyphy/ptII/ptolemy/actor/lib/test/auto/MathFunction3.xml (RunModel)" time="0.015" />
  <testcase classname="ptolemy.util.test.junit.AutoTests" name="[214] /home/travis/build/icyphy/ptII/ptolemy/actor/lib/test/auto/MatrixCropBoolean.xml (RunModel)" time="0.009" />
  <testcase classname="ptolemy.util.test.junit.AutoTests" name="[215] /home/travis/build/icyphy/ptII/ptolemy/actor/lib/test/auto/MatrixCropComplex.xml (RunModel)" time="0.008" />
  <testcase classname="ptolemy.util.test.junit.AutoTests" name="[216] /home/travis/build/icyphy/ptII/ptolemy/actor/lib/test/auto/MatrixCropDouble.xml (RunModel)" time="0.01" />
  <testcase classname="ptolemy.util.test.junit.AutoTests" name="[217] /home/travis/build/icyphy/ptII/ptolemy/actor/lib/test/auto/MatrixCropFix.xml (RunModel)" time="0.011" />
  <testcase classname="ptolemy.util.test.junit.AutoTests" name="[218] /home/travis/build/icyphy/ptII/ptolemy/actor/lib/test/auto/MatrixCropInt.xml (RunModel)" time="0.017" />
  <testcase classname="ptolemy.util.test.junit.AutoTests" name="[219] /home/travis/build/icyphy/ptII/ptolemy/actor/lib/test/auto/MatrixCropLong.xml (RunModel)" time="0.007" />
  <testcase classname="ptolemy.util.test.junit.AutoTests" name="[220] /home/travis/build/icyphy/ptII/ptolemy/actor/lib/test/auto/MatrixToArray.xml (RunModel)" time="0.051" />
  <testcase classname="ptolemy.util.test.junit.AutoTests" name="[221] /home/travis/build/icyphy/ptII/ptolemy/actor/lib/test/auto/MaxIndex.xml (RunModel)" time="0.012" />
  <testcase classname="ptolemy.util.test.junit.AutoTests" name="[222] /home/travis/build/icyphy/ptII/ptolemy/actor/lib/test/auto/Maximum.xml (RunModel)" time="0.021" />
  <testcase classname="ptolemy.util.test.junit.AutoTests" name="[223] /home/travis/build/icyphy/ptII/ptolemy/actor/lib/test/auto/MaximumComplex.xml (RunModel)" time="0.019" />
  <testcase classname="ptolemy.util.test.junit.AutoTests" name="[224] /home/travis/build/icyphy/ptII/ptolemy/actor/lib/test/auto/MethodCallTest.xml (RunModel)" time="0.021" />
  <testcase classname="ptolemy.util.test.junit.AutoTests" name="[225] /home/travis/build/icyphy/ptII/ptolemy/actor/lib/test/auto/Minimum.xml (RunModel)" time="0.012" />
  <testcase classname="ptolemy.util.test.junit.AutoTests" name="[226] /home/travis/build/icyphy/ptII/ptolemy/actor/lib/test/auto/MinimumComplex.xml (RunModel)" time="0.016" />
  <testcase classname="ptolemy.util.test.junit.AutoTests" name="[227] /home/travis/build/icyphy/ptII/ptolemy/actor/lib/test/auto/MinimumMultiports.xml (RunModel)" time="0.021" />
  <testcase classname="ptolemy.util.test.junit.AutoTests" name="[228] /home/travis/build/icyphy/ptII/ptolemy/actor/lib/test/auto/ModifyDate.xml (RunModel)" time="0.041" />
  <testcase classname="ptolemy.util.test.junit.AutoTests" name="[229] /home/travis/build/icyphy/ptII/ptolemy/actor/lib/test/auto/ModifyDate2.xml (RunModel)" time="0.025" />
  <testcase classname="ptolemy.util.test.junit.AutoTests" name="[230] /home/travis/build/icyphy/ptII/ptolemy/actor/lib/test/auto/MovingAverage.xml (RunModel)" time="0.011" />
  <testcase classname="ptolemy.util.test.junit.AutoTests" name="[231] /home/travis/build/icyphy/ptII/ptolemy/actor/lib/test/auto/MovingMaximum.xml (RunModel)" time="0.01" />
  <testcase classname="ptolemy.util.test.junit.AutoTests" name="[232] /home/travis/build/icyphy/ptII/ptolemy/actor/lib/test/auto/MultipleLinksToSameRelation.xml (RunModel)" time="0.016" />
  <testcase classname="ptolemy.util.test.junit.AutoTests" name="[233] /home/travis/build/icyphy/ptII/ptolemy/actor/lib/test/auto/MultipleLinksToSameRelationDE.xml (RunModel)" time="0.013" />
  <testcase classname="ptolemy.util.test.junit.AutoTests" name="[234] /home/travis/build/icyphy/ptII/ptolemy/actor/lib/test/auto/Multiplexor.xml (RunModel)" time="0.011" />
  <testcase classname="ptolemy.util.test.junit.AutoTests" name="[235] /home/travis/build/icyphy/ptII/ptolemy/actor/lib/test/auto/Multiplexor1.xml (RunModel)" time="0.01" />
  <testcase classname="ptolemy.util.test.junit.AutoTests" name="[236] /home/travis/build/icyphy/ptII/ptolemy/actor/lib/test/auto/Multiplexor2.xml (RunModel)" time="0.017" />
  <testcase classname="ptolemy.util.test.junit.AutoTests" name="[237] /home/travis/build/icyphy/ptII/ptolemy/actor/lib/test/auto/Multiplexor3.xml (RunModel)" time="0.01" />
  <testcase classname="ptolemy.util.test.junit.AutoTests" name="[238] /home/travis/build/icyphy/ptII/ptolemy/actor/lib/test/auto/MultiplexorDE.xml (RunModel)" time="0.022" />
  <testcase classname="ptolemy.util.test.junit.AutoTests" name="[239] /home/travis/build/icyphy/ptII/ptolemy/actor/lib/test/auto/MultiportBroadcastTest.xml (RunModel)" time="0.106" />
  <testcase classname="ptolemy.util.test.junit.AutoTests" name="[240] /home/travis/build/icyphy/ptII/ptolemy/actor/lib/test/auto/MultiportOutHangDuringGetWidth.xml (RunModel)" time="0.031" />
  <testcase classname="ptolemy.util.test.junit.AutoTests" name="[241] /home/travis/build/icyphy/ptII/ptolemy/actor/lib/test/auto/NilToken.xml (RunModel)" time="0.014" />
  <testcase classname="ptolemy.util.test.junit.AutoTests" name="[242] /home/travis/build/icyphy/ptII/ptolemy/actor/lib/test/auto/NilTokenNonStrictTest.xml (RunModel)" time="0.01" />
  <testcase classname="ptolemy.util.test.junit.AutoTests" name="[243] /home/travis/build/icyphy/ptII/ptolemy/actor/lib/test/auto/NilTokenRecord.xml (RunModel)" time="0.023" />
  <testcase classname="ptolemy.util.test.junit.AutoTests" name="[244] /home/travis/build/icyphy/ptII/ptolemy/actor/lib/test/auto/NilTokenTypeTest.xml (RunModel)" time="0.024" />
  <testcase classname="ptolemy.util.test.junit.AutoTests" name="[245] /home/travis/build/icyphy/ptII/ptolemy/actor/lib/test/auto/ObjectToken1.xml (RunModel)" time="0.012" />
  <testcase classname="ptolemy.util.test.junit.AutoTests" name="[246] /home/travis/build/icyphy/ptII/ptolemy/actor/lib/test/auto/OrderedMerge.xml (RunModel)" time="0.023" />
  <testcase classname="ptolemy.util.test.junit.AutoTests" name="[247] /home/travis/build/icyphy/ptII/ptolemy/actor/lib/test/auto/OrderedRecordDisassembler.xml (RunModel)" time="0.018" />
  <testcase classname="ptolemy.util.test.junit.AutoTests" name="[248] /home/travis/build/icyphy/ptII/ptolemy/actor/lib/test/auto/OrderedRecordDisassembler2.xml (RunModel)" time="0.019" />
  <testcase classname="ptolemy.util.test.junit.AutoTests" name="[249] /home/travis/build/icyphy/ptII/ptolemy/actor/lib/test/auto/OrderedRecordUpdater.xml (RunModel)" time="0.014" />
  <testcase classname="ptolemy.util.test.junit.AutoTests" name="[250] /home/travis/build/icyphy/ptII/ptolemy/actor/lib/test/auto/OrderedRecordUpdater2.xml (RunModel)" time="0.026" />
  <testcase classname="ptolemy.util.test.junit.AutoTests" name="[251] /home/travis/build/icyphy/ptII/ptolemy/actor/lib/test/auto/PhaseUnwrap.xml (RunModel)" time="0.011" />
  <testcase classname="ptolemy.util.test.junit.AutoTests" name="[252] /home/travis/build/icyphy/ptII/ptolemy/actor/lib/test/auto/PoissonClock.xml (RunModel)" time="0.014" />
  <testcase classname="ptolemy.util.test.junit.AutoTests" name="[253] /home/travis/build/icyphy/ptII/ptolemy/actor/lib/test/auto/PoissonClock2.xml (RunModel)" time="0.016" />
  <testcase classname="ptolemy.util.test.junit.AutoTests" name="[254] /home/travis/build/icyphy/ptII/ptolemy/actor/lib/test/auto/PoissonClock3.xml (RunModel)" time="0.015" />
  <testcase classname="ptolemy.util.test.junit.AutoTests" name="[255] /home/travis/build/icyphy/ptII/ptolemy/actor/lib/test/auto/PubSubWithInitialTokens.xml (RunModel)" time="0.012" />
  <testcase classname="ptolemy.util.test.junit.AutoTests" name="[256] /home/travis/build/icyphy/ptII/ptolemy/actor/lib/test/auto/PubSubWithInitialTokens2.xml (RunModel)" time="0.012" />
  <testcase classname="ptolemy.util.test.junit.AutoTests" name="[257] /home/travis/build/icyphy/ptII/ptolemy/actor/lib/test/auto/PublisherClassNoParameter.xml (RunModel)" time="0.02" />
  <testcase classname="ptolemy.util.test.junit.AutoTests" name="[258] /home/travis/build/icyphy/ptII/ptolemy/actor/lib/test/auto/PublisherClassParameter.xml (RunModel)" time="0.02" />
  <testcase classname="ptolemy.util.test.junit.AutoTests" name="[259] /home/travis/build/icyphy/ptII/ptolemy/actor/lib/test/auto/PublisherNonStrictTest.xml (RunModel)" time="0.014" />
  <testcase classname="ptolemy.util.test.junit.AutoTests" name="[260] /home/travis/build/icyphy/ptII/ptolemy/actor/lib/test/auto/PublisherPort1.xml (RunModel)" time="0.012" />
  <testcase classname="ptolemy.util.test.junit.AutoTests" name="[261] /home/travis/build/icyphy/ptII/ptolemy/actor/lib/test/auto/PublisherPort2.xml (RunModel)" time="0.008" />
  <testcase classname="ptolemy.util.test.junit.AutoTests" name="[262] /home/travis/build/icyphy/ptII/ptolemy/actor/lib/test/auto/PublisherPort3.xml (RunModel)" time="0.018" />
  <testcase classname="ptolemy.util.test.junit.AutoTests" name="[263] /home/travis/build/icyphy/ptII/ptolemy/actor/lib/test/auto/PublisherPort4.xml (RunModel)" time="0.018" />
  <testcase classname="ptolemy.util.test.junit.AutoTests" name="[264] /home/travis/build/icyphy/ptII/ptolemy/actor/lib/test/auto/PublisherPort5.xml (RunModel)" time="0.013" />
  <testcase classname="ptolemy.util.test.junit.AutoTests" name="[265] /home/travis/build/icyphy/ptII/ptolemy/actor/lib/test/auto/PublisherPort5LookAlike.xml (RunModel)" time="0.016" />
  <testcase classname="ptolemy.util.test.junit.AutoTests" name="[266] /home/travis/build/icyphy/ptII/ptolemy/actor/lib/test/auto/PublisherPort6.xml (RunModel)" time="0.011" />
  <testcase classname="ptolemy.util.test.junit.AutoTests" name="[267] /home/travis/build/icyphy/ptII/ptolemy/actor/lib/test/auto/PublisherPort7.xml (RunModel)" time="0.013" />
  <testcase classname="ptolemy.util.test.junit.AutoTests" name="[268] /home/travis/build/icyphy/ptII/ptolemy/actor/lib/test/auto/PublisherPort8.xml (RunModel)" time="0.015" />
  <testcase classname="ptolemy.util.test.junit.AutoTests" name="[269] /home/travis/build/icyphy/ptII/ptolemy/actor/lib/test/auto/PublisherPortSubscriberChannelVariablesAOC2.xml (RunModel)" time="0.029" />
  <testcase classname="ptolemy.util.test.junit.AutoTests" name="[270] /home/travis/build/icyphy/ptII/ptolemy/actor/lib/test/auto/PublisherPortSubscriberOpaqueWidthInference.xml (RunModel)" time="0.013" />
  <testcase classname="ptolemy.util.test.junit.AutoTests" name="[271] /home/travis/build/icyphy/ptII/ptolemy/actor/lib/test/auto/PublisherPortSubscriberPortAdjacent.xml (RunModel)" time="0.019" />
  <testcase classname="ptolemy.util.test.junit.AutoTests" name="[272] /home/travis/build/icyphy/ptII/ptolemy/actor/lib/test/auto/PublisherPortSubscriberPortExpression.xml (RunModel)" time="0.021" />
  <testcase classname="ptolemy.util.test.junit.AutoTests" name="[273] /home/travis/build/icyphy/ptII/ptolemy/actor/lib/test/auto/PublisherPortSubscriberPortOpaqueD3Reverse.xml (RunModel)" time="0.024" />
  <testcase classname="ptolemy.util.test.junit.AutoTests" name="[274] /home/travis/build/icyphy/ptII/ptolemy/actor/lib/test/auto/PublisherPortSubscriberPortOpaqueWidthInference.xml (RunModel)" time="0.023" />
  <testcase classname="ptolemy.util.test.junit.AutoTests" name="[275] /home/travis/build/icyphy/ptII/ptolemy/actor/lib/test/auto/PublisherPortToplevelSubscriberPortAOC.xml (RunModel)" time="0.01" />
  <testcase classname="ptolemy.util.test.junit.AutoTests" name="[276] /home/travis/build/icyphy/ptII/ptolemy/actor/lib/test/auto/PublisherSubscriber.xml (RunModel)" time="0.017" />
  <testcase classname="ptolemy.util.test.junit.AutoTests" name="[277] /home/travis/build/icyphy/ptII/ptolemy/actor/lib/test/auto/PublisherSubscriber10.xml (RunModel)" time="0.02" />
  <testcase classname="ptolemy.util.test.junit.AutoTests" name="[278] /home/travis/build/icyphy/ptII/ptolemy/actor/lib/test/auto/PublisherSubscriber10InitialOutputs.xml (RunModel)" time="0.027" />
  <testcase classname="ptolemy.util.test.junit.AutoTests" name="[279] /home/travis/build/icyphy/ptII/ptolemy/actor/lib/test/auto/PublisherSubscriber11.xml (RunModel)" time="0.018" />
  <testcase classname="ptolemy.util.test.junit.AutoTests" name="[280] /home/travis/build/icyphy/ptII/ptolemy/actor/lib/test/auto/PublisherSubscriber12.xml (RunModel)" time="0.013" />
  <testcase classname="ptolemy.util.test.junit.AutoTests" name="[281] /home/travis/build/icyphy/ptII/ptolemy/actor/lib/test/auto/PublisherSubscriber13.xml (RunModel)" time="0.009" />
  <testcase classname="ptolemy.util.test.junit.AutoTests" name="[282] /home/travis/build/icyphy/ptII/ptolemy/actor/lib/test/auto/PublisherSubscriber14.xml (RunModel)" time="0.015" />
  <testcase classname="ptolemy.util.test.junit.AutoTests" name="[283] /home/travis/build/icyphy/ptII/ptolemy/actor/lib/test/auto/PublisherSubscriber2.xml (RunModel)" time="0.008" />
  <testcase classname="ptolemy.util.test.junit.AutoTests" name="[284] /home/travis/build/icyphy/ptII/ptolemy/actor/lib/test/auto/PublisherSubscriber3.xml (RunModel)" time="0.008" />
  <testcase classname="ptolemy.util.test.junit.AutoTests" name="[285] /home/travis/build/icyphy/ptII/ptolemy/actor/lib/test/auto/PublisherSubscriber4.xml (RunModel)" time="0.007" />
  <testcase classname="ptolemy.util.test.junit.AutoTests" name="[286] /home/travis/build/icyphy/ptII/ptolemy/actor/lib/test/auto/PublisherSubscriber5.xml (RunModel)" time="0.01" />
  <testcase classname="ptolemy.util.test.junit.AutoTests" name="[287] /home/travis/build/icyphy/ptII/ptolemy/actor/lib/test/auto/PublisherSubscriber6.xml (RunModel)" time="0.011" />
  <testcase classname="ptolemy.util.test.junit.AutoTests" name="[288] /home/travis/build/icyphy/ptII/ptolemy/actor/lib/test/auto/PublisherSubscriber7.xml (RunModel)" time="0.012" />
  <testcase classname="ptolemy.util.test.junit.AutoTests" name="[289] /home/travis/build/icyphy/ptII/ptolemy/actor/lib/test/auto/PublisherSubscriber8.xml (RunModel)" time="0.068" />
  <testcase classname="ptolemy.util.test.junit.AutoTests" name="[290] /home/travis/build/icyphy/ptII/ptolemy/actor/lib/test/auto/PublisherSubscriber9.xml (RunModel)" time="0.014" />
  <testcase classname="ptolemy.util.test.junit.AutoTests" name="[291] /home/travis/build/icyphy/ptII/ptolemy/actor/lib/test/auto/PublisherSubscriberAdjacent.xml (RunModel)" time="0.019" />
  <testcase classname="ptolemy.util.test.junit.AutoTests" name="[292] /home/travis/build/icyphy/ptII/ptolemy/actor/lib/test/auto/PublisherSubscriberChannelVariablesAOC2.xml (RunModel)" time="0.026" />
  <testcase classname="ptolemy.util.test.junit.AutoTests" name="[293] /home/travis/build/icyphy/ptII/ptolemy/actor/lib/test/auto/PublisherSubscriberD3.xml (RunModel)" time="0.013" />
  <testcase classname="ptolemy.util.test.junit.AutoTests" name="[294] /home/travis/build/icyphy/ptII/ptolemy/actor/lib/test/auto/PublisherSubscriberD3Reverse.xml (RunModel)" time="0.011" />
  <testcase classname="ptolemy.util.test.junit.AutoTests" name="[295] /home/travis/build/icyphy/ptII/ptolemy/actor/lib/test/auto/PublisherSubscriberExpression.xml (RunModel)" time="0.015" />
  <testcase classname="ptolemy.util.test.junit.AutoTests" name="[296] /home/travis/build/icyphy/ptII/ptolemy/actor/lib/test/auto/PublisherSubscriberOpaque.xml (RunModel)" time="0.012" />
  <testcase classname="ptolemy.util.test.junit.AutoTests" name="[297] /home/travis/build/icyphy/ptII/ptolemy/actor/lib/test/auto/PublisherSubscriberOpaqueD3.xml (RunModel)" time="0.018" />
  <testcase classname="ptolemy.util.test.junit.AutoTests" name="[298] /home/travis/build/icyphy/ptII/ptolemy/actor/lib/test/auto/PublisherSubscriberOpaqueD3Reverse.xml (RunModel)" time="0.017" />
  <testcase classname="ptolemy.util.test.junit.AutoTests" name="[299] /home/travis/build/icyphy/ptII/ptolemy/actor/lib/test/auto/PublisherSubscriberOpaqueWidthInference.xml (RunModel)" time="0.013" />
  <testcase classname="ptolemy.util.test.junit.AutoTests" name="[300] /home/travis/build/icyphy/ptII/ptolemy/actor/lib/test/auto/PublisherTestSubscriber.xml (RunModel)" time="0.012" />
  <testcase classname="ptolemy.util.test.junit.AutoTests" name="[301] /home/travis/build/icyphy/ptII/ptolemy/actor/lib/test/auto/PublisherToplevelSubscriberPortAOC.xml (RunModel)" time="0.01" />
  <testcase classname="ptolemy.util.test.junit.AutoTests" name="[302] /home/travis/build/icyphy/ptII/ptolemy/actor/lib/test/auto/PulseFiringLimitDE.xml (RunModel)" time="0.012" />
  <testcase classname="ptolemy.util.test.junit.AutoTests" name="[303] /home/travis/build/icyphy/ptII/ptolemy/actor/lib/test/auto/Ramp1.xml (RunModel)" time="0.006" />
  <testcase classname="ptolemy.util.test.junit.AutoTests" name="[304] /home/travis/build/icyphy/ptII/ptolemy/actor/lib/test/auto/RampFiringLimitDE.xml (RunModel)" time="0.009" />
  <testcase classname="ptolemy.util.test.junit.AutoTests" name="[305] /home/travis/build/icyphy/ptII/ptolemy/actor/lib/test/auto/RampFiringLimitSDF.xml (RunModel)" time="0.009" />
  <testcase classname="ptolemy.util.test.junit.AutoTests" name="[306] /home/travis/build/icyphy/ptII/ptolemy/actor/lib/test/auto/RandomInteger.xml (RunModel)" time="0.007" />
  <testcase classname="ptolemy.util.test.junit.AutoTests" name="[307] /home/travis/build/icyphy/ptII/ptolemy/actor/lib/test/auto/ReadFile1.xml (RunModel)" time="0.006" />
  <testcase classname="ptolemy.util.test.junit.AutoTests" name="[308] /home/travis/build/icyphy/ptII/ptolemy/actor/lib/test/auto/ReadFile2.xml (RunModel)" time="0.011" />
  <testcase classname="ptolemy.util.test.junit.AutoTests" name="[309] /home/travis/build/icyphy/ptII/ptolemy/actor/lib/test/auto/Reader.xml (RunModel)" time="0.013" />
  <testcase classname="ptolemy.util.test.junit.AutoTests" name="[310] /home/travis/build/icyphy/ptII/ptolemy/actor/lib/test/auto/RecordAssemblerDisplayNameTest.xml (RunModel)" time="2.908" />
  <testcase classname="ptolemy.util.test.junit.AutoTests" name="[311] /home/travis/build/icyphy/ptII/ptolemy/actor/lib/test/auto/RecordAssemblerTypeError.xml (RunModel)" time="0.027" />
  <testcase classname="ptolemy.util.test.junit.AutoTests" name="[312] /home/travis/build/icyphy/ptII/ptolemy/actor/lib/test/auto/RecordDisassember.xml (RunModel)" time="0.009" />
  <testcase classname="ptolemy.util.test.junit.AutoTests" name="[313] /home/travis/build/icyphy/ptII/ptolemy/actor/lib/test/auto/RecordDisassemberDisplayNameTest.xml (RunModel)" time="0.017" />
  <testcase classname="ptolemy.util.test.junit.AutoTests" name="[314] /home/travis/build/icyphy/ptII/ptolemy/actor/lib/test/auto/RecordDisassembler.xml (RunModel)" time="0.009" />
  <testcase classname="ptolemy.util.test.junit.AutoTests" name="[315] /home/travis/build/icyphy/ptII/ptolemy/actor/lib/test/auto/RecordDisassembler2.xml (RunModel)" time="0.01" />
  <testcase classname="ptolemy.util.test.junit.AutoTests" name="[316] /home/travis/build/icyphy/ptII/ptolemy/actor/lib/test/auto/RecordUpdater.xml (RunModel)" time="0.009" />
  <testcase classname="ptolemy.util.test.junit.AutoTests" name="[317] /home/travis/build/icyphy/ptII/ptolemy/actor/lib/test/auto/RecordUpdater2.xml (RunModel)" time="0.009" />
  <testcase classname="ptolemy.util.test.junit.AutoTests" name="[318] /home/travis/build/icyphy/ptII/ptolemy/actor/lib/test/auto/RecursiveLattice.xml (RunModel)" time="0.019" />
  <testcase classname="ptolemy.util.test.junit.AutoTests" name="[319] /home/travis/build/icyphy/ptII/ptolemy/actor/lib/test/auto/Router.xml (RunModel)" time="3.023" />
  <testcase classname="ptolemy.util.test.junit.AutoTests" name="[320] /home/travis/build/icyphy/ptII/ptolemy/actor/lib/test/auto/Router2.xml (RunModel)" time="3.019" />
  <testcase classname="ptolemy.util.test.junit.AutoTests" name="[321] /home/travis/build/icyphy/ptII/ptolemy/actor/lib/test/auto/RunningMaximum.xml (RunModel)" time="0.01" />
  <testcase classname="ptolemy.util.test.junit.AutoTests" name="[322] /home/travis/build/icyphy/ptII/ptolemy/actor/lib/test/auto/RunningMinimum.xml (RunModel)" time="0.008" />
  <testcase classname="ptolemy.util.test.junit.AutoTests" name="[323] /home/travis/build/icyphy/ptII/ptolemy/actor/lib/test/auto/Scale.xml (RunModel)" time="0.006" />
  <testcase classname="ptolemy.util.test.junit.AutoTests" name="[324] /home/travis/build/icyphy/ptII/ptolemy/actor/lib/test/auto/Scale2.xml (RunModel)" time="0.008" />
  <testcase classname="ptolemy.util.test.junit.AutoTests" name="[325] /home/travis/build/icyphy/ptII/ptolemy/actor/lib/test/auto/Scale3.xml (RunModel)" time="0.011" />
  <testcase classname="ptolemy.util.test.junit.AutoTests" name="[326] /home/travis/build/icyphy/ptII/ptolemy/actor/lib/test/auto/ScaleArray.xml (RunModel)" time="0.006" />
  <testcase classname="ptolemy.util.test.junit.AutoTests" name="[327] /home/travis/build/icyphy/ptII/ptolemy/actor/lib/test/auto/ScaleArray2.xml (RunModel)" time="0.006" />
  <testcase classname="ptolemy.util.test.junit.AutoTests" name="[328] /home/travis/build/icyphy/ptII/ptolemy/actor/lib/test/auto/ScaleMatrix.xml (RunModel)" time="0.107" />
  <testcase classname="ptolemy.util.test.junit.AutoTests" name="[329] /home/travis/build/icyphy/ptII/ptolemy/actor/lib/test/auto/Select.xml (RunModel)" time="0.013" />
  <testcase classname="ptolemy.util.test.junit.AutoTests" name="[330] /home/travis/build/icyphy/ptII/ptolemy/actor/lib/test/auto/Select2.xml (RunModel)" time="0.008" />
  <testcase classname="ptolemy.util.test.junit.AutoTests" name="[331] /home/travis/build/icyphy/ptII/ptolemy/actor/lib/test/auto/SequenceToArray2.xml (RunModel)" time="0.106" />
  <testcase classname="ptolemy.util.test.junit.AutoTests" name="[332] /home/travis/build/icyphy/ptII/ptolemy/actor/lib/test/auto/SequentialClock.xml (RunModel)" time="0.007" />
  <testcase classname="ptolemy.util.test.junit.AutoTests" name="[333] /home/travis/build/icyphy/ptII/ptolemy/actor/lib/test/auto/SetVariable.xml (RunModel)" time="0.012" />
  <testcase classname="ptolemy.util.test.junit.AutoTests" name="[334] /home/travis/build/icyphy/ptII/ptolemy/actor/lib/test/auto/SetVariable2.xml (RunModel)" time="0.007" />
  <testcase classname="ptolemy.util.test.junit.AutoTests" name="[335] /home/travis/build/icyphy/ptII/ptolemy/actor/lib/test/auto/SetVariable3.xml (RunModel)" time="0.012" />
  <testcase classname="ptolemy.util.test.junit.AutoTests" name="[336] /home/travis/build/icyphy/ptII/ptolemy/actor/lib/test/auto/SetVariable4.xml (RunModel)" time="0.029" />
  <testcase classname="ptolemy.util.test.junit.AutoTests" name="[337] /home/travis/build/icyphy/ptII/ptolemy/actor/lib/test/auto/SetVariable5.xml (RunModel)" time="0.032" />
  <testcase classname="ptolemy.util.test.junit.AutoTests" name="[338] /home/travis/build/icyphy/ptII/ptolemy/actor/lib/test/auto/Sinewave.xml (RunModel)" time="0.022" />
  <testcase classname="ptolemy.util.test.junit.AutoTests" name="[339] /home/travis/build/icyphy/ptII/ptolemy/actor/lib/test/auto/Sinewave2.xml (RunModel)" time="0.014" />
  <testcase classname="ptolemy.util.test.junit.AutoTests" name="[340] /home/travis/build/icyphy/ptII/ptolemy/actor/lib/test/auto/Sinewave3.xml (RunModel)" time="0.018" />
  <testcase classname="ptolemy.util.test.junit.AutoTests" name="[341] /home/travis/build/icyphy/ptII/ptolemy/actor/lib/test/auto/SingleEvent.xml (RunModel)" time="0.007" />
  <testcase classname="ptolemy.util.test.junit.AutoTests" name="[342] /home/travis/build/icyphy/ptII/ptolemy/actor/lib/test/auto/Sleep.xml (RunModel)" time="6.018" />
  <testcase classname="ptolemy.util.test.junit.AutoTests" name="[343] /home/travis/build/icyphy/ptII/ptolemy/actor/lib/test/auto/SleepMultipleFire.xml (RunModel)" time="1.016" />
  <testcase classname="ptolemy.util.test.junit.AutoTests" name="[344] /home/travis/build/icyphy/ptII/ptolemy/actor/lib/test/auto/StopDE.xml (RunModel)" time="0.011" />
  <testcase classname="ptolemy.util.test.junit.AutoTests" name="[345] /home/travis/build/icyphy/ptII/ptolemy/actor/lib/test/auto/StopSDF.xml (RunModel)" time="0.01" />
  <testcase classname="ptolemy.util.test.junit.AutoTests" name="[346] /home/travis/build/icyphy/ptII/ptolemy/actor/lib/test/auto/StringConstant.xml (RunModel)" time="0.007" />
  <testcase classname="ptolemy.util.test.junit.AutoTests" name="[347] /home/travis/build/icyphy/ptII/ptolemy/actor/lib/test/auto/SubscriberPortInitialValues1.xml (RunModel)" time="0.015" />
  <testcase classname="ptolemy.util.test.junit.AutoTests" name="[348] /home/travis/build/icyphy/ptII/ptolemy/actor/lib/test/auto/SubscriberPortInitialValues13.xml (RunModel)" time="0.02" />
  <testcase classname="ptolemy.util.test.junit.AutoTests" name="[349] /home/travis/build/icyphy/ptII/ptolemy/actor/lib/test/auto/SubscriberPortInitialValues14.xml (RunModel)" time="0.012" />
  <testcase classname="ptolemy.util.test.junit.AutoTests" name="[350] /home/travis/build/icyphy/ptII/ptolemy/actor/lib/test/auto/SubscriberPortInitialValues2.xml (RunModel)" time="0.013" />
  <testcase classname="ptolemy.util.test.junit.AutoTests" name="[351] /home/travis/build/icyphy/ptII/ptolemy/actor/lib/test/auto/SubscriberPortInitialValues3.xml (RunModel)" time="0.017" />
  <testcase classname="ptolemy.util.test.junit.AutoTests" name="[352] /home/travis/build/icyphy/ptII/ptolemy/actor/lib/test/auto/SubscriptionAggregator.xml (RunModel)" time="0.01" />
  <testcase classname="ptolemy.util.test.junit.AutoTests" name="[353] /home/travis/build/icyphy/ptII/ptolemy/actor/lib/test/auto/SubscriptionAggregator2.xml (RunModel)" time="0.009" />
  <testcase classname="ptolemy.util.test.junit.AutoTests" name="[354] /home/travis/build/icyphy/ptII/ptolemy/actor/lib/test/auto/SubscriptionAggregator3.xml (RunModel)" time="0.012" />
  <testcase classname="ptolemy.util.test.junit.AutoTests" name="[355] /home/travis/build/icyphy/ptII/ptolemy/actor/lib/test/auto/SubscriptionAggregatorMultiply.xml (RunModel)" time="0.013" />
  <testcase classname="ptolemy.util.test.junit.AutoTests" name="[356] /home/travis/build/icyphy/ptII/ptolemy/actor/lib/test/auto/SubscriptionAggregatorPortMultiply1.xml (RunModel)" time="0.012" />
  <testcase classname="ptolemy.util.test.junit.AutoTests" name="[357] /home/travis/build/icyphy/ptII/ptolemy/actor/lib/test/auto/Switch.xml (RunModel)" time="0.012" />
  <testcase classname="ptolemy.util.test.junit.AutoTests" name="[358] /home/travis/build/icyphy/ptII/ptolemy/actor/lib/test/auto/Switch2.xml (RunModel)" time="0.011" />
  <testcase classname="ptolemy.util.test.junit.AutoTests" name="[359] /home/travis/build/icyphy/ptII/ptolemy/actor/lib/test/auto/SwitchDE.xml (RunModel)" time="0.018" />
  <testcase classname="ptolemy.util.test.junit.AutoTests" name="[360] /home/travis/build/icyphy/ptII/ptolemy/actor/lib/test/auto/SynchronizerDE.xml (RunModel)" time="0.024" />
  <testcase classname="ptolemy.util.test.junit.AutoTests" name="[361] /home/travis/build/icyphy/ptII/ptolemy/actor/lib/test/auto/Test.xml (RunModel)" time="0.017" />
  <testcase classname="ptolemy.util.test.junit.AutoTests" name="[362] /home/travis/build/icyphy/ptII/ptolemy/actor/lib/test/auto/TestExceptionAttribute1.xml (RunModel)" time="0.012" />
  <testcase classname="ptolemy.util.test.junit.AutoTests" name="[363] /home/travis/build/icyphy/ptII/ptolemy/actor/lib/test/auto/TestExceptionAttribute2.xml (RunModel)" time="0.007" />
  <testcase classname="ptolemy.util.test.junit.AutoTests" name="[364] /home/travis/build/icyphy/ptII/ptolemy/actor/lib/test/auto/TestExceptionAttribute3.xml (RunModel)" time="0.006" />
  <testcase classname="ptolemy.util.test.junit.AutoTests" name="[365] /home/travis/build/icyphy/ptII/ptolemy/actor/lib/test/auto/TestExceptionAttribute4.xml (RunModel)" time="0.006" />
  <testcase classname="ptolemy.util.test.junit.AutoTests" name="[366] /home/travis/build/icyphy/ptII/ptolemy/actor/lib/test/auto/TestExceptionHandler1.xml (RunModel)" time="0.008" />
  <testcase classname="ptolemy.util.test.junit.AutoTests" name="[367] /home/travis/build/icyphy/ptII/ptolemy/actor/lib/test/auto/TestExceptionHandler2.xml (RunModel)" time="0.007" />
  <testcase classname="ptolemy.util.test.junit.AutoTests" name="[368] /home/travis/build/icyphy/ptII/ptolemy/actor/lib/test/auto/TestExceptionHandler3.xml (RunModel)" time="0.007" />
  <testcase classname="ptolemy.util.test.junit.AutoTests" name="[369] /home/travis/build/icyphy/ptII/ptolemy/actor/lib/test/auto/TestExceptionHandler4.xml (RunModel)" time="0.008" />
  <testcase classname="ptolemy.util.test.junit.AutoTests" name="[370] /home/travis/build/icyphy/ptII/ptolemy/actor/lib/test/auto/TestRequireCorrectOrder.xml (RunModel)" time="0.014" />
  <testcase classname="ptolemy.util.test.junit.AutoTests" name="[371] /home/travis/build/icyphy/ptII/ptolemy/actor/lib/test/auto/TestSimple.xml (RunModel)" time="0.009" />
  <testcase classname="ptolemy.util.test.junit.AutoTests" name="[372] /home/travis/build/icyphy/ptII/ptolemy/actor/lib/test/auto/ThrowModelError.xml (RunModel)" time="0.012" />
  <testcase classname="ptolemy.util.test.junit.AutoTests" name="[373] /home/travis/build/icyphy/ptII/ptolemy/actor/lib/test/auto/TimeDelayMicrosteps.xml (RunModel)" time="0.019" />
  <testcase classname="ptolemy.util.test.junit.AutoTests" name="[374] /home/travis/build/icyphy/ptII/ptolemy/actor/lib/test/auto/TimeDelayMicrosteps2.xml (RunModel)" time="0.033" />
  <testcase classname="ptolemy.util.test.junit.AutoTests" name="[375] /home/travis/build/icyphy/ptII/ptolemy/actor/lib/test/auto/TimeDelayMicrosteps3.xml (RunModel)" time="0.013" />
  <testcase classname="ptolemy.util.test.junit.AutoTests" name="[376] /home/travis/build/icyphy/ptII/ptolemy/actor/lib/test/auto/TimeDelayVariableMicrosteps.xml (RunModel)" time="0.013" />
  <testcase classname="ptolemy.util.test.junit.AutoTests" name="[377] /home/travis/build/icyphy/ptII/ptolemy/actor/lib/test/auto/TimeGap.xml (RunModel)" time="0.016" />
  <testcase classname="ptolemy.util.test.junit.AutoTests" name="[378] /home/travis/build/icyphy/ptII/ptolemy/actor/lib/test/auto/TimeGap2.xml (RunModel)" time="0.011" />
  <testcase classname="ptolemy.util.test.junit.AutoTests" name="[379] /home/travis/build/icyphy/ptII/ptolemy/actor/lib/test/auto/TimedSinewave.xml (RunModel)" time="0.038" />
  <testcase classname="ptolemy.util.test.junit.AutoTests" name="[380] /home/travis/build/icyphy/ptII/ptolemy/actor/lib/test/auto/TimedSinewavePhase.xml (RunModel)" time="0.033" />
  <testcase classname="ptolemy.util.test.junit.AutoTests" name="[381] /home/travis/build/icyphy/ptII/ptolemy/actor/lib/test/auto/Timer.xml (RunModel)" time="0.013" />
  <testcase classname="ptolemy.util.test.junit.AutoTests" name="[382] /home/travis/build/icyphy/ptII/ptolemy/actor/lib/test/auto/TriangularDistTestModel.xml (RunModel)" time="0.015" />
  <testcase classname="ptolemy.util.test.junit.AutoTests" name="[383] /home/travis/build/icyphy/ptII/ptolemy/actor/lib/test/auto/TrigFunction.xml (RunModel)" time="0.008" />
  <testcase classname="ptolemy.util.test.junit.AutoTests" name="[384] /home/travis/build/icyphy/ptII/ptolemy/actor/lib/test/auto/TrigFunctionDE.xml (RunModel)" time="0.011" />
  <testcase classname="ptolemy.util.test.junit.AutoTests" name="[385] /home/travis/build/icyphy/ptII/ptolemy/actor/lib/test/auto/TrigFunctionInverse.xml (RunModel)" time="0.01" />
  <testcase classname="ptolemy.util.test.junit.AutoTests" name="[386] /home/travis/build/icyphy/ptII/ptolemy/actor/lib/test/auto/TrigFunctionTan.xml (RunModel)" time="0.008" />
  <testcase classname="ptolemy.util.test.junit.AutoTests" name="[387] /home/travis/build/icyphy/ptII/ptolemy/actor/lib/test/auto/TriggeredClock.xml (RunModel)" time="0.011" />
  <testcase classname="ptolemy.util.test.junit.AutoTests" name="[388] /home/travis/build/icyphy/ptII/ptolemy/actor/lib/test/auto/URLDirectoryReader.xml (RunModel)" time="0.1" />
  <testcase classname="ptolemy.util.test.junit.AutoTests" name="[389] /home/travis/build/icyphy/ptII/ptolemy/actor/lib/test/auto/URLDirectoryReader3.xml (RunModel)" time="1.298" />
  <testcase classname="ptolemy.util.test.junit.AutoTests" name="[390] /home/travis/build/icyphy/ptII/ptolemy/actor/lib/test/auto/UnaryMathFunction.xml (RunModel)" time="0.05" />
  <testcase classname="ptolemy.util.test.junit.AutoTests" name="[391] /home/travis/build/icyphy/ptII/ptolemy/actor/lib/test/auto/Uniform.xml (RunModel)" time="0.042" />
  <testcase classname="ptolemy.util.test.junit.AutoTests" name="[392] /home/travis/build/icyphy/ptII/ptolemy/actor/lib/test/auto/UnionDisassemblerTest.xml (RunModel)" time="0.027" />
  <testcase classname="ptolemy.util.test.junit.AutoTests" name="[393] /home/travis/build/icyphy/ptII/ptolemy/actor/lib/test/auto/UtilityFunctions.xml (RunModel)" time="0.014" />
  <testcase classname="ptolemy.util.test.junit.AutoTests" name="[394] /home/travis/build/icyphy/ptII/ptolemy/actor/lib/test/auto/VariableSleep.xml (RunModel)" time="0.525" />
  <testcase classname="ptolemy.util.test.junit.AutoTests" name="[395] /home/travis/build/icyphy/ptII/ptolemy/actor/lib/test/auto/VectorAssemblerDisassemblerCT.xml (RunModel)" time="0.097" />
  <testcase classname="ptolemy.util.test.junit.AutoTests" name="[396] /home/travis/build/icyphy/ptII/ptolemy/actor/lib/test/auto/VectorAssemblerDisassemblerDE.xml (RunModel)" time="0.012" />
  <testcase classname="ptolemy.util.test.junit.AutoTests" name="[397] /home/travis/build/icyphy/ptII/ptolemy/actor/lib/test/auto/VectorAssemblerDisassemblerSDF.xml (RunModel)" time="0.011" />
  <testcase classname="ptolemy.util.test.junit.AutoTests" name="[398] /home/travis/build/icyphy/ptII/ptolemy/actor/lib/test/auto/WallClockTime.xml (RunModel)" time="1.012" />
  <testcase classname="ptolemy.util.test.junit.AutoTests" name="[399] /home/travis/build/icyphy/ptII/ptolemy/actor/lib/test/auto/WidthTestWithSubscriberPublisher.xml (RunModel)" time="0.059" />
  <testcase classname="ptolemy.util.test.junit.AutoTests" name="[400] /home/travis/build/icyphy/ptII/ptolemy/actor/lib/test/auto/WidthTestWithSubscriberPublisher2.xml (RunModel)" time="0.012" />
  <testcase classname="ptolemy.util.test.junit.AutoTests" name="[401] /home/travis/build/icyphy/ptII/ptolemy/actor/lib/test/auto/WidthTestWithSubscriberPublisher3.xml (RunModel)" time="0.008" />
  <testcase classname="ptolemy.util.test.junit.AutoTests" name="[402] /home/travis/build/icyphy/ptII/ptolemy/actor/lib/test/auto/Writer.xml (RunModel)" time="0.006" />
  <testcase classname="ptolemy.util.test.junit.AutoTests" name="[403] /home/travis/build/icyphy/ptII/ptolemy/actor/lib/test/auto/array.xml (RunModel)" time="0.007" />
  <testcase classname="ptolemy.util.test.junit.AutoTests" name="[404] /home/travis/build/icyphy/ptII/ptolemy/actor/lib/test/auto/array2.xml (RunModel)" time="0.011" />
  <testcase classname="ptolemy.util.test.junit.AutoTests" name="[405] /home/travis/build/icyphy/ptII/ptolemy/actor/lib/test/auto/arrayType.xml (RunModel)" time="0.008" />
  <testcase classname="ptolemy.util.test.junit.AutoTests" name="[406] /home/travis/build/icyphy/ptII/ptolemy/actor/lib/test/auto/arrayType10.xml (RunModel)" time="0.008" />
  <testcase classname="ptolemy.util.test.junit.AutoTests" name="[407] /home/travis/build/icyphy/ptII/ptolemy/actor/lib/test/auto/arrayType11.xml (RunModel)" time="0.007" />
  <testcase classname="ptolemy.util.test.junit.AutoTests" name="[408] /home/travis/build/icyphy/ptII/ptolemy/actor/lib/test/auto/arrayType12.xml (RunModel)" time="0.007" />
  <testcase classname="ptolemy.util.test.junit.AutoTests" name="[409] /home/travis/build/icyphy/ptII/ptolemy/actor/lib/test/auto/arrayType13.xml (RunModel)" time="0.007" />
  <testcase classname="ptolemy.util.test.junit.AutoTests" name="[410] /home/travis/build/icyphy/ptII/ptolemy/actor/lib/test/auto/arrayType14.xml (RunModel)" time="0.007" />
  <testcase classname="ptolemy.util.test.junit.AutoTests" name="[411] /home/travis/build/icyphy/ptII/ptolemy/actor/lib/test/auto/arrayType15.xml (RunModel)" time="0.007" />
  <testcase classname="ptolemy.util.test.junit.AutoTests" name="[412] /home/travis/build/icyphy/ptII/ptolemy/actor/lib/test/auto/arrayType16.xml (RunModel)" time="0.007" />
  <testcase classname="ptolemy.util.test.junit.AutoTests" name="[413] /home/travis/build/icyphy/ptII/ptolemy/actor/lib/test/auto/arrayType17.xml (RunModel)" time="0.007" />
  <testcase classname="ptolemy.util.test.junit.AutoTests" name="[414] /home/travis/build/icyphy/ptII/ptolemy/actor/lib/test/auto/arrayType18.xml (RunModel)" time="0.006" />
  <testcase classname="ptolemy.util.test.junit.AutoTests" name="[415] /home/travis/build/icyphy/ptII/ptolemy/actor/lib/test/auto/arrayType19.xml (RunModel)" time="0.006" />
  <testcase classname="ptolemy.util.test.junit.AutoTests" name="[416] /home/travis/build/icyphy/ptII/ptolemy/actor/lib/test/auto/arrayType2.xml (RunModel)" time="0.007" />
  <testcase classname="ptolemy.util.test.junit.AutoTests" name="[417] /home/travis/build/icyphy/ptII/ptolemy/actor/lib/test/auto/arrayType20.xml (RunModel)" time="0.007" />
  <testcase classname="ptolemy.util.test.junit.AutoTests" name="[418] /home/travis/build/icyphy/ptII/ptolemy/actor/lib/test/auto/arrayType21.xml (RunModel)" time="0.006" />
  <testcase classname="ptolemy.util.test.junit.AutoTests" name="[419] /home/travis/build/icyphy/ptII/ptolemy/actor/lib/test/auto/arrayType22.xml (RunModel)" time="0.006" />
  <testcase classname="ptolemy.util.test.junit.AutoTests" name="[420] /home/travis/build/icyphy/ptII/ptolemy/actor/lib/test/auto/arrayType23.xml (RunModel)" time="0.006" />
  <testcase classname="ptolemy.util.test.junit.AutoTests" name="[421] /home/travis/build/icyphy/ptII/ptolemy/actor/lib/test/auto/arrayType24.xml (RunModel)" time="0.007" />
  <testcase classname="ptolemy.util.test.junit.AutoTests" name="[422] /home/travis/build/icyphy/ptII/ptolemy/actor/lib/test/auto/arrayType25.xml (RunModel)" time="0.007" />
  <testcase classname="ptolemy.util.test.junit.AutoTests" name="[423] /home/travis/build/icyphy/ptII/ptolemy/actor/lib/test/auto/arrayType26.xml (RunModel)" time="0.007" />
  <testcase classname="ptolemy.util.test.junit.AutoTests" name="[424] /home/travis/build/icyphy/ptII/ptolemy/actor/lib/test/auto/arrayType27.xml (RunModel)" time="0.007" />
  <testcase classname="ptolemy.util.test.junit.AutoTests" name="[425] /home/travis/build/icyphy/ptII/ptolemy/actor/lib/test/auto/arrayType28.xml (RunModel)" time="0.006" />
  <testcase classname="ptolemy.util.test.junit.AutoTests" name="[426] /home/travis/build/icyphy/ptII/ptolemy/actor/lib/test/auto/arrayType3.xml (RunModel)" time="0.007" />
  <testcase classname="ptolemy.util.test.junit.AutoTests" name="[427] /home/travis/build/icyphy/ptII/ptolemy/actor/lib/test/auto/arrayType4.xml (RunModel)" time="0.007" />
  <testcase classname="ptolemy.util.test.junit.AutoTests" name="[428] /home/travis/build/icyphy/ptII/ptolemy/actor/lib/test/auto/arrayType5.xml (RunModel)" time="0.007" />
  <testcase classname="ptolemy.util.test.junit.AutoTests" name="[429] /home/travis/build/icyphy/ptII/ptolemy/actor/lib/test/auto/arrayType6.xml (RunModel)" time="0.007" />
  <testcase classname="ptolemy.util.test.junit.AutoTests" name="[430] /home/travis/build/icyphy/ptII/ptolemy/actor/lib/test/auto/arrayType7.xml (RunModel)" time="0.007" />
  <testcase classname="ptolemy.util.test.junit.AutoTests" name="[431] /home/travis/build/icyphy/ptII/ptolemy/actor/lib/test/auto/arrayType8.xml (RunModel)" time="0.008" />
  <testcase classname="ptolemy.util.test.junit.AutoTests" name="[432] /home/travis/build/icyphy/ptII/ptolemy/actor/lib/test/auto/arrayType9.xml (RunModel)" time="0.007" />
  <testcase classname="ptolemy.util.test.junit.AutoTests" name="[433] /home/travis/build/icyphy/ptII/ptolemy/actor/lib/test/auto/cast.xml (RunModel)" time="0.007" />
  <testcase classname="ptolemy.util.test.junit.AutoTests" name="[434] /home/travis/build/icyphy/ptII/ptolemy/actor/lib/test/auto/compositeMultiPort.xml (RunModel)" time="0.014" />
  <testcase classname="ptolemy.util.test.junit.AutoTests" name="[435] /home/travis/build/icyphy/ptII/ptolemy/actor/lib/test/auto/expressionCastInference.xml (RunModel)" time="0.007" />
  <testcase classname="ptolemy.util.test.junit.AutoTests" name="[436] /home/travis/build/icyphy/ptII/ptolemy/actor/lib/test/auto/expressionCastInference2.xml (RunModel)" time="0.006" />
  <testcase classname="ptolemy.util.test.junit.AutoTests" name="[437] /home/travis/build/icyphy/ptII/ptolemy/actor/lib/test/auto/expressionInference.xml (RunModel)" time="0.006" />
  <testcase classname="ptolemy.util.test.junit.AutoTests" name="[438] /home/travis/build/icyphy/ptII/ptolemy/actor/lib/test/auto/expression_bug.xml (RunModel)" time="0.035" />
  <testcase classname="ptolemy.util.test.junit.AutoTests" name="[439] /home/travis/build/icyphy/ptII/ptolemy/actor/lib/test/auto/factorial.xml (RunModel)" time="0.038" />
  <testcase classname="ptolemy.util.test.junit.AutoTests" name="[440] /home/travis/build/icyphy/ptII/ptolemy/actor/lib/test/auto/filterTest1.xml (RunModel)" time="0.013" />
  <testcase classname="ptolemy.util.test.junit.AutoTests" name="[441] /home/travis/build/icyphy/ptII/ptolemy/actor/lib/test/auto/funcApplyInConst.xml (RunModel)" time="0.006" />
  <testcase classname="ptolemy.util.test.junit.AutoTests" name="[442] /home/travis/build/icyphy/ptII/ptolemy/actor/lib/test/auto/funcApplyInExpr.xml (RunModel)" time="0.005" />
  <testcase classname="ptolemy.util.test.junit.AutoTests" name="[443] /home/travis/build/icyphy/ptII/ptolemy/actor/lib/test/auto/function.xml (RunModel)" time="0.006" />
  <testcase classname="ptolemy.util.test.junit.AutoTests" name="[444] /home/travis/build/icyphy/ptII/ptolemy/actor/lib/test/auto/function2.xml (RunModel)" time="0.009" />
  <testcase classname="ptolemy.util.test.junit.AutoTests" name="[445] /home/travis/build/icyphy/ptII/ptolemy/actor/lib/test/auto/function3.xml (RunModel)" time="0.005" />
  <testcase classname="ptolemy.util.test.junit.AutoTests" name="[446] /home/travis/build/icyphy/ptII/ptolemy/actor/lib/test/auto/functionClosureTest1.xml (RunModel)" time="0.008" />
  <testcase classname="ptolemy.util.test.junit.AutoTests" name="[447] /home/travis/build/icyphy/ptII/ptolemy/actor/lib/test/auto/functionClosureTest2.xml (RunModel)" time="0.005" />
  <testcase classname="ptolemy.util.test.junit.AutoTests" name="[448] /home/travis/build/icyphy/ptII/ptolemy/actor/lib/test/auto/functionClosureTest3.xml (RunModel)" time="0.007" />
  <testcase classname="ptolemy.util.test.junit.AutoTests" name="[449] /home/travis/build/icyphy/ptII/ptolemy/actor/lib/test/auto/functionClosureTest4.xml (RunModel)" time="0.01" />
  <testcase classname="ptolemy.util.test.junit.AutoTests" name="[450] /home/travis/build/icyphy/ptII/ptolemy/actor/lib/test/auto/functionClosureTest5.xml (RunModel)" time="0.009" />
  <testcase classname="ptolemy.util.test.junit.AutoTests" name="[451] /home/travis/build/icyphy/ptII/ptolemy/actor/lib/test/auto/functionClosureTest6.xml (RunModel)" time="0.006" />
  <testcase classname="ptolemy.util.test.junit.AutoTests" name="[452] /home/travis/build/icyphy/ptII/ptolemy/actor/lib/test/auto/functionsOnArcs.xml (RunModel)" time="0.008" />
  <testcase classname="ptolemy.util.test.junit.AutoTests" name="[453] /home/travis/build/icyphy/ptII/ptolemy/actor/lib/test/auto/functionsOnArcsHOF.xml (RunModel)" time="0.009" />
  <testcase classname="ptolemy.util.test.junit.AutoTests" name="[454] /home/travis/build/icyphy/ptII/ptolemy/actor/lib/test/auto/logic.xml (RunModel)" time="0.015" />
  <testcase classname="ptolemy.util.test.junit.AutoTests" name="[455] /home/travis/build/icyphy/ptII/ptolemy/actor/lib/test/auto/matrixType.xml (RunModel)" time="0.007" />
  <testcase classname="ptolemy.util.test.junit.AutoTests" name="[456] /home/travis/build/icyphy/ptII/ptolemy/actor/lib/test/auto/matrixType10.xml (RunModel)" time="0.008" />
  <testcase classname="ptolemy.util.test.junit.AutoTests" name="[457] /home/travis/build/icyphy/ptII/ptolemy/actor/lib/test/auto/matrixType11.xml (RunModel)" time="0.007" />
  <testcase classname="ptolemy.util.test.junit.AutoTests" name="[458] /home/travis/build/icyphy/ptII/ptolemy/actor/lib/test/auto/matrixType12.xml (RunModel)" time="0.007" />
  <testcase classname="ptolemy.util.test.junit.AutoTests" name="[459] /home/travis/build/icyphy/ptII/ptolemy/actor/lib/test/auto/matrixType13.xml (RunModel)" time="0.007" />
  <testcase classname="ptolemy.util.test.junit.AutoTests" name="[460] /home/travis/build/icyphy/ptII/ptolemy/actor/lib/test/auto/matrixType14.xml (RunModel)" time="0.008" />
  <testcase classname="ptolemy.util.test.junit.AutoTests" name="[461] /home/travis/build/icyphy/ptII/ptolemy/actor/lib/test/auto/matrixType2.xml (RunModel)" time="0.008" />
  <testcase classname="ptolemy.util.test.junit.AutoTests" name="[462] /home/travis/build/icyphy/ptII/ptolemy/actor/lib/test/auto/matrixType3.xml (RunModel)" time="0.007" />
  <testcase classname="ptolemy.util.test.junit.AutoTests" name="[463] /home/travis/build/icyphy/ptII/ptolemy/actor/lib/test/auto/matrixType4.xml (RunModel)" time="0.006" />
  <testcase classname="ptolemy.util.test.junit.AutoTests" name="[464] /home/travis/build/icyphy/ptII/ptolemy/actor/lib/test/auto/matrixType5.xml (RunModel)" time="0.007" />
  <testcase classname="ptolemy.util.test.junit.AutoTests" name="[465] /home/travis/build/icyphy/ptII/ptolemy/actor/lib/test/auto/matrixType6.xml (RunModel)" time="0.006" />
  <testcase classname="ptolemy.util.test.junit.AutoTests" name="[466] /home/travis/build/icyphy/ptII/ptolemy/actor/lib/test/auto/matrixType7.xml (RunModel)" time="0.007" />
  <testcase classname="ptolemy.util.test.junit.AutoTests" name="[467] /home/travis/build/icyphy/ptII/ptolemy/actor/lib/test/auto/matrixType8.xml (RunModel)" time="0.007" />
  <testcase classname="ptolemy.util.test.junit.AutoTests" name="[468] /home/travis/build/icyphy/ptII/ptolemy/actor/lib/test/auto/matrixType9.xml (RunModel)" time="0.006" />
  <testcase classname="ptolemy.util.test.junit.AutoTests" name="[469] /home/travis/build/icyphy/ptII/ptolemy/actor/lib/test/auto/paraFunctest.xml (RunModel)" time="0.006" />
  <testcase classname="ptolemy.util.test.junit.AutoTests" name="[470] /home/travis/build/icyphy/ptII/ptolemy/actor/lib/test/auto/paraFunctest2.xml (RunModel)" time="0.006" />
  <testcase classname="ptolemy.util.test.junit.AutoTests" name="[471] /home/travis/build/icyphy/ptII/ptolemy/actor/lib/test/auto/parameterPassing.xml (RunModel)" time="0.006" />
  <testcase classname="ptolemy.util.test.junit.AutoTests" name="[472] /home/travis/build/icyphy/ptII/ptolemy/actor/lib/test/auto/record.xml (RunModel)" time="0.008" />
  <testcase classname="ptolemy.util.test.junit.AutoTests" name="[473] /home/travis/build/icyphy/ptII/ptolemy/actor/lib/test/auto/sizedarray1.xml (RunModel)" time="0.008" />
  <testcase classname="ptolemy.util.test.junit.AutoTests" name="[474] /home/travis/build/icyphy/ptII/ptolemy/actor/lib/test/auto/sizedarray2.xml (RunModel)" time="0.007" />
  <testcase classname="ptolemy.util.test.junit.AutoTests" name="[475] /home/travis/build/icyphy/ptII/ptolemy/actor/lib/test/auto/twoPublishers.xml (RunModel)" time="0.015" />
  <system-out><![CDATA[/home/travis/build/icyphy/ptII/ptolemy/actor/lib/test/AbsoluteValue.tcl
testDefs.tcl: setting time out to 9000 seconds at Thu Apr 18 13:38:23 UTC 2019
69 ms. Memory: 116224K Free: 109574K (94%)
3 ms. Memory: 116224K Free: 108380K (93%)
4 ms. Memory: 116224K Free: 107790K (93%)
4 ms. Memory: 116224K Free: 106612K (92%)
/home/travis/build/icyphy/ptII/ptolemy/actor/lib/test/AddSubtract.tcl
8 ms. Memory: 116224K Free: 104796K (90%)
5 ms. Memory: 116224K Free: 104167K (90%)
4 ms. Memory: 116224K Free: 102988K (89%)
6 ms. Memory: 116224K Free: 102383K (88%)
5 ms. Memory: 116224K Free: 101794K (88%)
10 ms. Memory: 116224K Free: 100607K (87%)
/home/travis/build/icyphy/ptII/ptolemy/actor/lib/test/Average.tcl
11 ms. Memory: 116224K Free: 99421K (86%)
6 ms. Memory: 116224K Free: 97613K (84%)
/home/travis/build/icyphy/ptII/ptolemy/actor/lib/test/Bernoulli.tcl
4 ms. Memory: 116224K Free: 96410K (83%)
2 ms. Memory: 116224K Free: 95805K (82%)
/home/travis/build/icyphy/ptII/ptolemy/actor/lib/test/Clock.tcl
preinitializing
resolving types
initializing
executing number 1
wrapping up
idle
10 ms. Memory: 116224K Free: 93400K (80%)
Completed execution with 5 iterations
preinitializing
resolving types
initializing
executing number 1
wrapping up
idle
3 ms. Memory: 116224K Free: 92795K (80%)
Completed execution with 5 iterations
preinitializing
resolving types
initializing
executing number 1
wrapping up
idle
3 ms. Memory: 116224K Free: 92190K (79%)
Completed execution with 5 iterations
/home/travis/build/icyphy/ptII/ptolemy/actor/lib/test/Commutator.tcl
16 ms. Memory: 116224K Free: 90406K (78%)
5 ms. Memory: 116224K Free: 89204K (77%)
8 ms. Memory: 116224K Free: 84843K (73%)
/home/travis/build/icyphy/ptII/ptolemy/actor/lib/test/Const.tcl
7 ms. Memory: 116224K Free: 82454K (71%)
2 ms. Memory: 116224K Free: 82454K (71%)
5 ms. Memory: 116224K Free: 81864K (70%)
2 ms. Memory: 116224K Free: 81275K (70%)
12 ms. Memory: 116224K Free: 110866K (95%)
13 ms. Memory: 116224K Free: 109448K (94%)
4 ms. Memory: 116224K Free: 108252K (93%)
3 ms. Memory: 116224K Free: 107058K (92%)
/home/travis/build/icyphy/ptII/ptolemy/actor/lib/test/CurrentTime.tcl
preinitializing
resolving types
initializing
executing number 1
wrapping up
idle
6 ms. Memory: 116224K Free: 105234K (91%)
Completed execution with 11 iterations
/home/travis/build/icyphy/ptII/ptolemy/actor/lib/test/DB.tcl
4 ms. Memory: 116224K Free: 103427K (89%)
5 ms. Memory: 116224K Free: 102798K (88%)
2 ms. Memory: 116224K Free: 102798K (88%)
/home/travis/build/icyphy/ptII/ptolemy/actor/lib/test/DiscreteRandomSource.tcl
preinitializing
resolving types
initializing
executing number 1
wrapping up
idle
14 ms. Memory: 116224K Free: 100975K (87%)
Completed execution with 4 iterations
preinitializing
resolving types
initializing
executing number 1
wrapping up
idle
2 ms. Memory: 116224K Free: 100378K (86%)
Completed execution with 4 iterations
preinitializing
resolving types
initializing
executing number 1
wrapping up
idle
2 ms. Memory: 116224K Free: 99781K (86%)
Completed execution with 4 iterations
preinitializing
resolving types
initializing
executing number 1
wrapping up
idle
3 ms. Memory: 116224K Free: 99781K (86%)
Completed execution with 4 iterations
preinitializing
resolving types
initializing
executing number 1
wrapping up
idle
3 ms. Memory: 116224K Free: 99184K (85%)
Completed execution with 4 iterations
/home/travis/build/icyphy/ptII/ptolemy/actor/lib/test/Distributor.tcl
4 ms. Memory: 116224K Free: 97393K (84%)
13 ms. Memory: 116224K Free: 96796K (83%)
StreamChangeRequest.changeExecuted(): <deleteEntity name="rec2"/> succeeded
StreamChangeRequest.changeExecuted(): <deleteRelation name="r2"/> succeeded
StreamChangeRequest.changeExecuted(): Record firings per iteration succeeded
9 ms. Memory: 116224K Free: 94376K (81%)
/home/travis/build/icyphy/ptII/ptolemy/actor/lib/test/Exit.tcl
Exit.tcl: this will print a message about Manager.exitAfterWrapup, which can be ignored.
5 ms. Memory: 116224K Free: 91341K (79%)
/home/travis/build/icyphy/ptII/ptolemy/actor/lib/test/Expression.tcl
5 ms. Memory: 116224K Free: 88323K (76%)
3 ms. Memory: 116224K Free: 87726K (75%)
2 ms. Memory: 116224K Free: 87129K (75%)
preinitializing
resolving types
initializing
executing number 1
wrapping up
idle
13 ms. Memory: 116224K Free: 85935K (74%)
Completed execution with 6 iterations
4 ms. Memory: 116224K Free: 84741K (73%)
2 ms. Memory: 116224K Free: 84112K (72%)
13 ms. Memory: 116224K Free: 82886K (71%)
3 ms. Memory: 116224K Free: 81692K (70%)
19 ms. Memory: 116224K Free: 110148K (95%)
/home/travis/build/icyphy/ptII/ptolemy/actor/lib/test/Gaussian.tcl
10 ms. Memory: 116224K Free: 108161K (93%)
sleeping 1 seconds: .................................................................................................................................................................................................................................................................................................................................................................................................................................................................................................................................................................................................................................................................................................................................................................................................................................................................................................................................................................................................................................................................................................................................................................................................................................................................................................................................................................................................................................................................................................................................................................................................................................................................................................................................................................................................................................................................................................................................................................................................................................................................................................................................................................................................................................................................................................................................................................................................................................................................................................................................................................................................................................................................................................................................................................................................................................................................................................................................................................................................................................................................................................................................................................................................................................................................................................................................................................................................................................................................................................................................................................................................................................................................................................................................................................................................................................................................................................................................................................................................................................................................................................................................................................................................................................................................................................................................................................................................................................................................................................................................................................................................................................................................................................................................................................................................................................................................................................................................................................................................................................................................................................................................................................................................................................................................................................................................................................................................................................................................................................................................................................................................................................................................................................................................................................................................................................................................................................................................................................................................................................................................................................................................................................................................................................................................................................................................................................................................................................................................................................................................................................................................................................................................................................................................................................................................................................................................................................................................................................................................................................................................................................................................................................................................................................................................................................................................................................................................................................................................................................................................................................................................................................................................................................................................................................................................................................................................................................................................................................................................................................................................................................................................................................................................................................................................................................................................................................................................................................................................................................................................................................................................................................................................................................................................................................................................................................................................................................................................................................................................................................................................................................................................................................................................................................................................................................................................................................................................................................................................................................................................................................................................................................................................................................................................................................................................................................................................................................................................................................................................................................................................................................................................................................................................................................................................................................................................................................................................................................................................................................................................................................................................................................................................................................................................................................................................................................................................................................................................................................................................................................................................................................................................................................................................................................................................................................................................................................................................................................................................................................................................................................................................................................................................................................................................................................................................................................................................................................................................................................................................................................................................................................................................................................................................................................................................................................................................................................................................................................................................................................................................................................................................................................................................................................................................................................................................................................................................................................................................................................................................................................................................................................................................................................................................................................................................................................................................................................................................................................................................................................................................................................................................................................................................................................................................................................................................................................................................................................................................................................................................................................................................................................................................................................................................................................................................................................................................................................................................................................................................................................................................................................................................................................................................................................................................................................................................................................................................................................................................................................................................................................................................................................................................................................................................................................................................................................................................................................................................................................................................................................................................................................................................................................................................................................................................................................................................................................................................................................................................................................................................................................................................................................................................................................................................................................................................................................................................................................................................................................................................................................................................................................................................................................................................................................................................................................................................................................................................................................................................................................................................................................................................................................................................................................................................................................................................................................................................................................................................................................................................................................................................................................................................................................................................................................................................................................................................................................................................................................................................................................................................................................................................................................................................................................................................................................................................................................................................................................................................................................................................................................................................................................................................................................................................................................................................................................................................................................................................................................................................................................................................................................................................................................................................................................................................................................................................................................................................................................................................................................................................................................................................................................................................................................................................................................................................................................................................................................................................................................................................................................................................................................................................................................................................................................................................................................................................................................................................................................................................................................................................................................................................................................................................................................................................................................................................................................................................................................................................................................................................................................................................................................................................................................................................................................................................................................................................................................................................................................................................................................................................................................................................................................................................................................................................................................................................................................................................................................................................................................................................................................................................................................................................................................................................................................................................................................................................................................................................................................................................................................................................................................................................................................................................................................................................................................................................................................................................................................................................................................................................................................................................................................................................................................................................................................................................................................................................................................................................................................................................................................................................................................................................................................................................................................................................................................................................................................................................................................................................................................................................................................................................................................................................................................................................................................................................................................................................................................................................................................................................................................................................................................................................................................................................................................................................................................................................................................................................................................................................................................................................................................................................................................................................................................................................................................................................................................................................................................................................................................................................................................................................................................................................................................................................................................................................................................................................................................................................................................................................................................................................................................................................................................................................................................................................................................................................................................................................................................................................................................................................................................................................................................................................................................................................................................................................................................................................................................................................................................................................................................................................................................................................................................................................................................................................................................................................................................................................................................................................................................................................................................................................................................................................................................................................................................................................................................................................................................................................................................................................................................................................................................................................................................................................................................................................................................................................................................................................................................................................................................................................................................................................................................................................................................................................................................................................................................................................................................................................................................................................................................................................................................................................................................................................................................................................................................................................................................................................................................................................................................................................................................................................................................................................................................................................................................................................................................................................................................................................................................................................................................................................................................................................................................................................................................................................................................................................................................................................................................................................................................................................................................................................................................................................................................................................................................................................................................................................................................................................................................................................................................................................................................................................................................................................................................................................................................................................................................................................................................................................................................................................................................................................................................................................................................................................................................................................................................................................................................................................................................................................................................................................................................................................................................................................................................................................................................................................................................................................................................................................................................................................................................................................................................................................................................................................................................................................................................................................................................................................................................................................................................................................................................................................................................................................................................................................................................................................................................................................................................................................................................................................................................................................................................................................................................................................3 ms. Memory: 146944K Free: 93504K (64%)
4 ms. Memory: 146944K Free: 92294K (63%)
3 ms. Memory: 146944K Free: 92294K (63%)
5 ms. Memory: 146944K Free: 90915K (62%)
2 ms. Memory: 146944K Free: 90915K (62%)
/home/travis/build/icyphy/ptII/ptolemy/actor/lib/test/IIR.tcl
/home/travis/build/icyphy/ptII/ptolemy/actor/lib/test/Interpolator.tcl
6 ms. Memory: 146944K Free: 84841K (58%)
2 ms. Memory: 146944K Free: 84841K (58%)
4 ms. Memory: 146944K Free: 83631K (57%)
2 ms. Memory: 146944K Free: 83631K (57%)
1 ms. Memory: 146944K Free: 82420K (56%)
9 ms. Memory: 146944K Free: 82420K (56%)
2 ms. Memory: 146944K Free: 81210K (55%)
2 ms. Memory: 146944K Free: 80473K (55%)
2 ms. Memory: 208384K Free: 200601K (96%)
5 ms. Memory: 208384K Free: 200383K (96%)
/home/travis/build/icyphy/ptII/ptolemy/actor/lib/test/MathFunction.tcl
6 ms. Memory: 208384K Free: 197962K (95%)
2 ms. Memory: 208384K Free: 197962K (95%)
2 ms. Memory: 208384K Free: 195542K (94%)
10 ms. Memory: 208384K Free: 195542K (94%)
3 ms. Memory: 208384K Free: 193122K (93%)
8 ms. Memory: 208384K Free: 190701K (92%)
/home/travis/build/icyphy/ptII/ptolemy/actor/lib/test/Maximum.tcl
4 ms. Memory: 208384K Free: 190701K (92%)
6 ms. Memory: 208384K Free: 188281K (90%)
5 ms. Memory: 208384K Free: 188281K (90%)
4 ms. Memory: 208384K Free: 188281K (90%)
/home/travis/build/icyphy/ptII/ptolemy/actor/lib/test/Minimum.tcl
8 ms. Memory: 208384K Free: 185861K (89%)
6 ms. Memory: 208384K Free: 185861K (89%)
2 ms. Memory: 208384K Free: 183441K (88%)
5 ms. Memory: 208384K Free: 183441K (88%)
/home/travis/build/icyphy/ptII/ptolemy/actor/lib/test/MultiplyDivide.tcl
5 ms. Memory: 208384K Free: 181020K (87%)
10 ms. Memory: 208384K Free: 181020K (87%)
4 ms. Memory: 208384K Free: 181020K (87%)
3 ms. Memory: 208384K Free: 178600K (86%)
5 ms. Memory: 208384K Free: 178600K (86%)
/home/travis/build/icyphy/ptII/ptolemy/actor/lib/test/OrderedMerge.tcl
Connections changed on port: inputA
Connections changed on port: inputB
Connections changed on port: output
Connections changed on port: output
Connections changed on port: output
Connections changed on port: input
.top. Preinitializing ...
Invoking preinitialize():  .top.OrderedMerge
Called preinitialize()
Invoking preinitialize():  .top.Ramp
Called preinitialize()
Invoking preinitialize():  .top.Ramp2
Called preinitialize()
Invoking preinitialize():  .top.Test
Called preinitialize()
Connections changed on port: inputA
Connections changed on port: output
Connections changed on port: inputB
Connections changed on port: output
Connections changed on port: output
Connections changed on port: input
.top. Finished preinitialize().
Called initialize().
Invoking initialize():  .top.OrderedMerge
Initializing actor: .top.OrderedMerge
Adding a thread: .top.OrderedMerge
Invoking initialize():  .top.Ramp
Initializing actor: .top.Ramp
Adding a thread: .top.Ramp
Invoking initialize():  .top.Ramp2
Initializing actor: .top.Ramp2
Adding a thread: .top.Ramp2
Invoking initialize():  .top.Test
Initializing actor: .top.Test
Adding a thread: .top.Test
-- Starting thread.
Called initialize()
Called prefire()
Called fire()
-- Starting thread.
Called initialize()
Called prefire()
Called fire()
Called postfire()
Called prefire()
Called fire()
-- Starting thread.
Called initialize()
Called prefire()
Called fire()
Called postfire()
Called prefire()
Called fire()
Called fire().
Checking for deadlock:
There are 3 Blocked actors, 0 Stopped actors, and 4 active threads.
Waiting for actors to stop.
-- Starting thread.
Called initialize()
Called prefire()
Called fire()
Checking for deadlock:
There are 2 Blocked actors, 0 Stopped actors, and 4 active threads.
Waiting for actors to stop.
Called postfire()
Called prefire()
Called fire()
Checking for deadlock:
There are 3 Blocked actors, 0 Stopped actors, and 4 active threads.
Waiting for actors to stop.
Read input token from inputA with value 0.0
Next port to read input from is inputB
Called postfire()
Called prefire()
Called fire()
Checking for deadlock:
There are 2 Blocked actors, 0 Stopped actors, and 4 active threads.
Waiting for actors to stop.
Called postfire()
Called prefire()
Called fire()
Checking for deadlock:
There are 3 Blocked actors, 0 Stopped actors, and 4 active threads.
Waiting for actors to stop.
Read input token from inputB with value 0.0
Checking for deadlock:
There are 2 Blocked actors, 0 Stopped actors, and 4 active threads.
Waiting for actors to stop.
-- Read input: 0.0, which is expected to match: 0.0
Called prefire()
Called fire()
Checking for deadlock:
There are 3 Blocked actors, 0 Stopped actors, and 4 active threads.
Waiting for actors to stop.
Sent output token with value 0.0
Next port to read input from is inputA
Called postfire()
Called prefire()
Called fire()
Called postfire()
Called prefire()
Called fire()
Checking for deadlock:
There are 3 Blocked actors, 0 Stopped actors, and 4 active threads.
Waiting for actors to stop.
Read input token from inputA with value 1.0
-- Read input: 0.0, which is expected to match: 0.0
Called prefire()
Called fire()
Checking for deadlock:
There are 3 Blocked actors, 0 Stopped actors, and 4 active threads.
Waiting for actors to stop.
Sent output token with value 0.0
Next port to read input from is inputB
Called postfire()
Called prefire()
Called fire()
Checking for deadlock:
There are 2 Blocked actors, 0 Stopped actors, and 4 active threads.
Waiting for actors to stop.
Called postfire()
Called prefire()
Called fire()
Checking for deadlock:
There are 3 Blocked actors, 0 Stopped actors, and 4 active threads.
Waiting for actors to stop.
Read input token from inputB with value 1.5
Checking for deadlock:
There are 2 Blocked actors, 0 Stopped actors, and 4 active threads.
Waiting for actors to stop.
-- Read input: 1.0, which is expected to match: 1.0
Called prefire()
Called fire()
Checking for deadlock:
There are 3 Blocked actors, 0 Stopped actors, and 4 active threads.
Waiting for actors to stop.
Sent output token with value 1.0
Next port to read input from is inputA
Called postfire()
Called prefire()
Called fire()
Called postfire()
Called prefire()
Called fire()
Checking for deadlock:
There are 3 Blocked actors, 0 Stopped actors, and 4 active threads.
Waiting for actors to stop.
Read input token from inputA with value 2.0
-- Read input: 1.5, which is expected to match: 1.5
Called prefire()
Called fire()
Checking for deadlock:
There are 3 Blocked actors, 0 Stopped actors, and 4 active threads.
Waiting for actors to stop.
Sent output token with value 1.5
Next port to read input from is inputB
Called postfire()
Called prefire()
Called fire()
Checking for deadlock:
There are 2 Blocked actors, 0 Stopped actors, and 4 active threads.
Waiting for actors to stop.
Called postfire()
Called prefire()
Called fire()
Checking for deadlock:
There are 3 Blocked actors, 0 Stopped actors, and 4 active threads.
Waiting for actors to stop.
Read input token from inputB with value 3.0
Checking for deadlock:
There are 2 Blocked actors, 0 Stopped actors, and 4 active threads.
Waiting for actors to stop.
-- Read input: 2.0, which is expected to match: 2.0
Called prefire()
Called fire()
Checking for deadlock:
There are 3 Blocked actors, 0 Stopped actors, and 4 active threads.
Waiting for actors to stop.
Sent output token with value 2.0
Next port to read input from is inputA
Called postfire()
Called prefire()
Called fire()
Called postfire()
Called prefire()
Called fire()
Checking for deadlock:
There are 3 Blocked actors, 0 Stopped actors, and 4 active threads.
Waiting for actors to stop.
Read input token from inputA with value 3.0
-- Read input: 3.0, which is expected to match: 3.0
Called prefire()
Called fire()
Checking for deadlock:
There are 3 Blocked actors, 0 Stopped actors, and 4 active threads.
Waiting for actors to stop.
Sent output token with value 3.0
Next port to read input from is inputB
Called postfire()
Called prefire()
Called fire()
Checking for deadlock:
There are 2 Blocked actors, 0 Stopped actors, and 4 active threads.
Waiting for actors to stop.
Called postfire()
Called prefire()
Called fire()
Checking for deadlock:
There are 3 Blocked actors, 0 Stopped actors, and 4 active threads.
Waiting for actors to stop.
Read input token from inputB with value 4.5
Checking for deadlock:
There are 2 Blocked actors, 0 Stopped actors, and 4 active threads.
Waiting for actors to stop.
-- Read input: 3.0, which is expected to match: 3.0
Called prefire()
Called fire()
Checking for deadlock:
There are 3 Blocked actors, 0 Stopped actors, and 4 active threads.
Waiting for actors to stop.
Sent output token with value 3.0
Next port to read input from is inputA
Called postfire()
Called prefire()
Called fire()
Called postfire()
Called prefire()
Called fire()
Checking for deadlock:
There are 3 Blocked actors, 0 Stopped actors, and 4 active threads.
Waiting for actors to stop.
Read input token from inputA with value 4.0
-- Read input: 4.0, which is expected to match: 4.0
Called prefire()
Called fire()
Past the end of training data. Read and discard all inputs.
Checking for deadlock:
There are 3 Blocked actors, 0 Stopped actors, and 4 active threads.
Waiting for actors to stop.
Sent output token with value 4.0
Next port to read input from is inputA
Called postfire()
Called prefire()
Called fire()
Called postfire()
Called prefire()
Called fire()
Checking for deadlock:
There are 3 Blocked actors, 0 Stopped actors, and 4 active threads.
Waiting for actors to stop.
Read input token from inputA with value 5.0
Called prefire()
Called fire()
Past the end of training data. Read and discard all inputs.
Checking for deadlock:
There are 3 Blocked actors, 0 Stopped actors, and 4 active threads.
Waiting for actors to stop.
Sent output token with value 4.5
Next port to read input from is inputB
Called postfire()
Called prefire()
Called fire()
Checking for deadlock:
There are 2 Blocked actors, 0 Stopped actors, and 4 active threads.
Waiting for actors to stop.
Called postfire()
Called prefire()
Called fire()
Checking for deadlock:
There are 3 Blocked actors, 0 Stopped actors, and 4 active threads.
Waiting for actors to stop.
Read input token from inputB with value 6.0
Checking for deadlock:
There are 2 Blocked actors, 0 Stopped actors, and 4 active threads.
Waiting for actors to stop.
Called prefire()
Called fire()
Past the end of training data. Read and discard all inputs.
Checking for deadlock:
There are 3 Blocked actors, 0 Stopped actors, and 4 active threads.
Waiting for actors to stop.
Sent output token with value 5.0
Next port to read input from is inputA
Called postfire()
Called prefire()
Called fire()
Called postfire()
Called prefire()
Called fire()
Checking for deadlock:
There are 3 Blocked actors, 0 Stopped actors, and 4 active threads.
Waiting for actors to stop.
Read input token from inputA with value 6.0
Called prefire()
Called fire()
Past the end of training data. Read and discard all inputs.
Checking for deadlock:
There are 3 Blocked actors, 0 Stopped actors, and 4 active threads.
Waiting for actors to stop.
Sent output token with value 6.0
Next port to read input from is inputB
Called postfire()
Called prefire()
Called fire()
Checking for deadlock:
There are 2 Blocked actors, 0 Stopped actors, and 4 active threads.
Waiting for actors to stop.
Called postfire()
Called prefire()
Called fire()
Checking for deadlock:
There are 3 Blocked actors, 0 Stopped actors, and 4 active threads.
Waiting for actors to stop.
Read input token from inputB with value 7.5
Checking for deadlock:
There are 2 Blocked actors, 0 Stopped actors, and 4 active threads.
Waiting for actors to stop.
Called prefire()
Called fire()
Past the end of training data. Read and discard all inputs.
Checking for deadlock:
There are 3 Blocked actors, 0 Stopped actors, and 4 active threads.
Waiting for actors to stop.
Sent output token with value 6.0
Next port to read input from is inputA
Called postfire()
Called prefire()
Called fire()
Called postfire()
Called prefire()
Called fire()
Checking for deadlock:
There are 3 Blocked actors, 0 Stopped actors, and 4 active threads.
Waiting for actors to stop.
Read input token from inputA with value 7.0
Called prefire()
Called fire()
Past the end of training data. Read and discard all inputs.
Checking for deadlock:
There are 3 Blocked actors, 0 Stopped actors, and 4 active threads.
Waiting for actors to stop.
Sent output token with value 7.0
Next port to read input from is inputA
Called postfire()
Called prefire()
Called fire()
-- Thread wrapup() called.
Called wrapup()
Thread .top.Ramp is exiting.
-- Thread stopped.
Checking for deadlock:
There are 2 Blocked actors, 0 Stopped actors, and 3 active threads.
Waiting for actors to stop.
Read input token from inputA with value 8.0
Called prefire()
Called fire()
Past the end of training data. Read and discard all inputs.
Checking for deadlock:
There are 2 Blocked actors, 0 Stopped actors, and 3 active threads.
Waiting for actors to stop.
Sent output token with value 7.5
Next port to read input from is inputB
Called postfire()
Called prefire()
Called fire()
Checking for deadlock:
There are 1 Blocked actors, 0 Stopped actors, and 3 active threads.
Waiting for actors to stop.
Called postfire()
Called prefire()
Called fire()
Checking for deadlock:
There are 2 Blocked actors, 0 Stopped actors, and 3 active threads.
Waiting for actors to stop.
Read input token from inputB with value 9.0
Checking for deadlock:
There are 1 Blocked actors, 0 Stopped actors, and 3 active threads.
Waiting for actors to stop.
Called prefire()
Called fire()
Past the end of training data. Read and discard all inputs.
Checking for deadlock:
There are 2 Blocked actors, 0 Stopped actors, and 3 active threads.
Waiting for actors to stop.
Sent output token with value 8.0
Next port to read input from is inputA
Called postfire()
Called prefire()
Called fire()
Read input token from inputA with value 9.0
Checking for deadlock:
There are 1 Blocked actors, 0 Stopped actors, and 3 active threads.
Waiting for actors to stop.
Called prefire()
Called fire()
Past the end of training data. Read and discard all inputs.
Checking for deadlock:
There are 2 Blocked actors, 0 Stopped actors, and 3 active threads.
Waiting for actors to stop.
Sent output token with value 9.0
Next port to read input from is inputB
Called postfire()
Called prefire()
Called fire()
Checking for deadlock:
There are 1 Blocked actors, 0 Stopped actors, and 3 active threads.
Waiting for actors to stop.
Called postfire()
Called prefire()
Called fire()
Checking for deadlock:
There are 2 Blocked actors, 0 Stopped actors, and 3 active threads.
Waiting for actors to stop.
Read input token from inputB with value 10.5
Checking for deadlock:
There are 1 Blocked actors, 0 Stopped actors, and 3 active threads.
Waiting for actors to stop.
Called prefire()
Called fire()
Past the end of training data. Read and discard all inputs.
Checking for deadlock:
There are 2 Blocked actors, 0 Stopped actors, and 3 active threads.
Waiting for actors to stop.
Sent output token with value 9.0
Next port to read input from is inputA
Called postfire()
Called prefire()
Called fire()
Checking for deadlock:
There are 3 Blocked actors, 0 Stopped actors, and 3 active threads.
Actors have stopped.
Checking for deadlock:
There are 3 Blocked actors, 0 Stopped actors, and 3 active threads.
Deadlock detected.
Resolving Deadlock
Checking for deadlock:
There are 3 Blocked actors, 0 Stopped actors, and 3 active threads.
Artificial Deadlock - increasing queue capacity.
increasing the capacity of receiver ptolemy.actor.TypedIOPort {.top.OrderedMerge.inputB} to 2
Director: Called postfire().
Called postfire().
_stopRequested = false
_stopFireRequested = false
Returning from postfire(): true
Called fire().
Checking for deadlock:
There are 2 Blocked actors, 0 Stopped actors, and 3 active threads.
Waiting for actors to stop.
-- Thread wrapup() called.
Called wrapup()
Thread .top.Ramp2 is exiting.
-- Thread stopped.
Checking for deadlock:
There are 2 Blocked actors, 0 Stopped actors, and 2 active threads.
Actors have stopped.
Checking for deadlock:
There are 2 Blocked actors, 0 Stopped actors, and 2 active threads.
Deadlock detected.
Resolving Deadlock
Checking for deadlock:
There are 2 Blocked actors, 0 Stopped actors, and 2 active threads.
Deadlock detected: no processes blocked on write, but some are blocked on read.
Called postfire().
_stopRequested = false
_stopFireRequested = false
Returning from postfire(): false
Finished deactivating branches.
Called wrapup().
-- Thread wrapup() called.
Called wrapup()
Thread .top.Test is exiting.
-- Thread stopped.
-- Blocked Receiver call threw TerminateProcessException.
-- Thread wrapup() called.
Called wrapup()
Thread .top.OrderedMerge is exiting.
29 ms. Memory: 208384K Free: 171285K (82%)
.top. Preinitializing ...
Invoking preinitialize():  .top.OrderedMerge
Called preinitialize()
Invoking preinitialize():  .top.Ramp
Called preinitialize()
Invoking preinitialize():  .top.Ramp2
Called preinitialize()
Invoking preinitialize():  .top.Test
Called preinitialize()
.top. Finished preinitialize().
Called initialize().
Invoking initialize():  .top.OrderedMerge
Initializing actor: .top.OrderedMerge
Adding a thread: .top.OrderedMerge
Invoking initialize():  .top.Ramp
Initializing actor: .top.Ramp
Adding a thread: .top.Ramp
Invoking initialize():  .top.Ramp2
Initializing actor: .top.Ramp2
Adding a thread: .top.Ramp2
Invoking initialize():  .top.Test
Initializing actor: .top.Test
Adding a thread: .top.Test
-- Thread stopped.
-- Blocked Receiver call threw TerminateProcessException.
-- Starting thread.
Called initialize()
Called prefire()
Called fire()
-- Starting thread.
Called initialize()
Called prefire()
Called fire()
Called postfire()
Called prefire()
Called fire()
-- Starting thread.
Called initialize()
Called prefire()
Called fire()
Called postfire()
Called prefire()
Called fire()
Called fire().
Checking for deadlock:
There are 3 Blocked actors, 0 Stopped actors, and 4 active threads.
Waiting for actors to stop.
-- Starting thread.
Called initialize()
Called prefire()
Called fire()
Checking for deadlock:
There are 2 Blocked actors, 0 Stopped actors, and 4 active threads.
Waiting for actors to stop.
Called postfire()
Called prefire()
Called fire()
Checking for deadlock:
There are 3 Blocked actors, 0 Stopped actors, and 4 active threads.
Waiting for actors to stop.
Read input token from inputA with value 0.0
Next port to read input from is inputB
Called postfire()
Called prefire()
Called fire()
Checking for deadlock:
There are 2 Blocked actors, 0 Stopped actors, and 4 active threads.
Waiting for actors to stop.
Called postfire()
Called prefire()
Called fire()
Checking for deadlock:
There are 3 Blocked actors, 0 Stopped actors, and 4 active threads.
Waiting for actors to stop.
Read input token from inputB with value 0.0
Checking for deadlock:
There are 2 Blocked actors, 0 Stopped actors, and 4 active threads.
Waiting for actors to stop.
-- Read input: 0.0, which is expected to match: 0.0
Called prefire()
Called fire()
Checking for deadlock:
There are 3 Blocked actors, 0 Stopped actors, and 4 active threads.
Waiting for actors to stop.
Sent output token with value 0.0
Next port to read input from is inputA
Called postfire()
Called prefire()
Called fire()
Checking for deadlock:
There are 2 Blocked actors, 0 Stopped actors, and 4 active threads.
Waiting for actors to stop.
Called postfire()
Called prefire()
Called fire()
Checking for deadlock:
There are 3 Blocked actors, 0 Stopped actors, and 4 active threads.
Waiting for actors to stop.
Read input token from inputA with value 1.0
Checking for deadlock:
There are 2 Blocked actors, 0 Stopped actors, and 4 active threads.
Waiting for actors to stop.
-- Read input: 0.0, which is expected to match: 0.0
Called prefire()
Called fire()
Checking for deadlock:
There are 3 Blocked actors, 0 Stopped actors, and 4 active threads.
Waiting for actors to stop.
Sent output token with value 0.0
Next port to read input from is inputB
Called postfire()
Called prefire()
Called fire()
Checking for deadlock:
There are 2 Blocked actors, 0 Stopped actors, and 4 active threads.
Waiting for actors to stop.
Called postfire()
Called prefire()
Called fire()
Checking for deadlock:
There are 3 Blocked actors, 0 Stopped actors, and 4 active threads.
Waiting for actors to stop.
Read input token from inputB with value 1.5
Checking for deadlock:
There are 2 Blocked actors, 0 Stopped actors, and 4 active threads.
Waiting for actors to stop.
-- Read input: 1.0, which is expected to match: 1.0
Called prefire()
Called fire()
Checking for deadlock:
There are 3 Blocked actors, 0 Stopped actors, and 4 active threads.
Waiting for actors to stop.
Sent output token with value 1.0
Next port to read input from is inputA
Called postfire()
Called prefire()
Called fire()
Checking for deadlock:
There are 2 Blocked actors, 0 Stopped actors, and 4 active threads.
Waiting for actors to stop.
Called postfire()
Called prefire()
Called fire()
Checking for deadlock:
There are 3 Blocked actors, 0 Stopped actors, and 4 active threads.
Waiting for actors to stop.
Read input token from inputA with value 2.0
Checking for deadlock:
There are 2 Blocked actors, 0 Stopped actors, and 4 active threads.
Waiting for actors to stop.
-- Read input: 1.5, which is expected to match: 1.5
Called prefire()
Called fire()
Checking for deadlock:
There are 3 Blocked actors, 0 Stopped actors, and 4 active threads.
Waiting for actors to stop.
Sent output token with value 1.5
Next port to read input from is inputB
Called postfire()
Called prefire()
Called fire()
Checking for deadlock:
There are 2 Blocked actors, 0 Stopped actors, and 4 active threads.
Waiting for actors to stop.
Called postfire()
Called prefire()
Called fire()
Checking for deadlock:
There are 3 Blocked actors, 0 Stopped actors, and 4 active threads.
Waiting for actors to stop.
Read input token from inputB with value 3.0
Checking for deadlock:
There are 2 Blocked actors, 0 Stopped actors, and 4 active threads.
Waiting for actors to stop.
-- Read input: 2.0, which is expected to match: 2.0
Called prefire()
Called fire()
Checking for deadlock:
There are 3 Blocked actors, 0 Stopped actors, and 4 active threads.
Waiting for actors to stop.
Sent output token with value 2.0
Next port to read input from is inputA
Called postfire()
Called prefire()
Called fire()
Checking for deadlock:
There are 2 Blocked actors, 0 Stopped actors, and 4 active threads.
Waiting for actors to stop.
Called postfire()
Called prefire()
Called fire()
Checking for deadlock:
There are 3 Blocked actors, 0 Stopped actors, and 4 active threads.
Waiting for actors to stop.
Read input token from inputA with value 3.0
Checking for deadlock:
There are 2 Blocked actors, 0 Stopped actors, and 4 active threads.
Waiting for actors to stop.
-- Read input: 3.0, which is expected to match: 3.0
Called prefire()
Called fire()
Checking for deadlock:
There are 3 Blocked actors, 0 Stopped actors, and 4 active threads.
Waiting for actors to stop.
Sent output token with value 3.0
Next port to read input from is inputB
Called postfire()
Called prefire()
Called fire()
Checking for deadlock:
There are 2 Blocked actors, 0 Stopped actors, and 4 active threads.
Waiting for actors to stop.
Called postfire()
Called prefire()
Called fire()
Checking for deadlock:
There are 3 Blocked actors, 0 Stopped actors, and 4 active threads.
Waiting for actors to stop.
Read input token from inputB with value 4.5
Checking for deadlock:
There are 2 Blocked actors, 0 Stopped actors, and 4 active threads.
Waiting for actors to stop.
-- Read input: 3.0, which is expected to match: 3.0
Called prefire()
Called fire()
Checking for deadlock:
There are 3 Blocked actors, 0 Stopped actors, and 4 active threads.
Waiting for actors to stop.
Sent output token with value 3.0
Next port to read input from is inputA
Called postfire()
Called prefire()
Called fire()
Checking for deadlock:
There are 2 Blocked actors, 0 Stopped actors, and 4 active threads.
Waiting for actors to stop.
Called postfire()
Called prefire()
Called fire()
Checking for deadlock:
There are 3 Blocked actors, 0 Stopped actors, and 4 active threads.
Waiting for actors to stop.
Read input token from inputA with value 4.0
Checking for deadlock:
There are 2 Blocked actors, 0 Stopped actors, and 4 active threads.
Waiting for actors to stop.
-- Read input: 4.0, which is expected to match: 4.0
Called prefire()
Called fire()
Past the end of training data. Read and discard all inputs.
Checking for deadlock:
There are 3 Blocked actors, 0 Stopped actors, and 4 active threads.
Waiting for actors to stop.
Sent output token with value 4.0
Next port to read input from is inputA
Called postfire()
Called prefire()
Called fire()
Checking for deadlock:
There are 2 Blocked actors, 0 Stopped actors, and 4 active threads.
Waiting for actors to stop.
Called postfire()
Called prefire()
Called fire()
Checking for deadlock:
There are 3 Blocked actors, 0 Stopped actors, and 4 active threads.
Waiting for actors to stop.
Read input token from inputA with value 5.0
Checking for deadlock:
There are 2 Blocked actors, 0 Stopped actors, and 4 active threads.
Waiting for actors to stop.
Called prefire()
Called fire()
Past the end of training data. Read and discard all inputs.
Checking for deadlock:
There are 3 Blocked actors, 0 Stopped actors, and 4 active threads.
Waiting for actors to stop.
Sent output token with value 4.5
Next port to read input from is inputB
Called postfire()
Called prefire()
Called fire()
Checking for deadlock:
There are 2 Blocked actors, 0 Stopped actors, and 4 active threads.
Waiting for actors to stop.
Called postfire()
Called prefire()
Called fire()
Checking for deadlock:
There are 3 Blocked actors, 0 Stopped actors, and 4 active threads.
Waiting for actors to stop.
Read input token from inputB with value 6.0
Checking for deadlock:
There are 2 Blocked actors, 0 Stopped actors, and 4 active threads.
Waiting for actors to stop.
Called prefire()
Called fire()
Past the end of training data. Read and discard all inputs.
Checking for deadlock:
There are 3 Blocked actors, 0 Stopped actors, and 4 active threads.
Waiting for actors to stop.
Sent output token with value 5.0
Next port to read input from is inputA
Called postfire()
Called prefire()
Called fire()
Checking for deadlock:
There are 2 Blocked actors, 0 Stopped actors, and 4 active threads.
Waiting for actors to stop.
Called postfire()
Called prefire()
Called fire()
Checking for deadlock:
There are 3 Blocked actors, 0 Stopped actors, and 4 active threads.
Waiting for actors to stop.
Read input token from inputA with value 6.0
Checking for deadlock:
There are 2 Blocked actors, 0 Stopped actors, and 4 active threads.
Waiting for actors to stop.
Called prefire()
Called fire()
Past the end of training data. Read and discard all inputs.
Checking for deadlock:
There are 3 Blocked actors, 0 Stopped actors, and 4 active threads.
Waiting for actors to stop.
Sent output token with value 6.0
Next port to read input from is inputB
Called postfire()
Called prefire()
Called fire()
Checking for deadlock:
There are 2 Blocked actors, 0 Stopped actors, and 4 active threads.
Waiting for actors to stop.
Called postfire()
Called prefire()
Called fire()
Checking for deadlock:
There are 3 Blocked actors, 0 Stopped actors, and 4 active threads.
Waiting for actors to stop.
Read input token from inputB with value 7.5
Checking for deadlock:
There are 2 Blocked actors, 0 Stopped actors, and 4 active threads.
Waiting for actors to stop.
Called prefire()
Called fire()
Past the end of training data. Read and discard all inputs.
Checking for deadlock:
There are 3 Blocked actors, 0 Stopped actors, and 4 active threads.
Waiting for actors to stop.
Sent output token with value 6.0
Next port to read input from is inputA
Called postfire()
Called prefire()
Called fire()
Checking for deadlock:
There are 2 Blocked actors, 0 Stopped actors, and 4 active threads.
Waiting for actors to stop.
Called postfire()
Called prefire()
Called fire()
Checking for deadlock:
There are 3 Blocked actors, 0 Stopped actors, and 4 active threads.
Waiting for actors to stop.
Read input token from inputA with value 7.0
Checking for deadlock:
There are 2 Blocked actors, 0 Stopped actors, and 4 active threads.
Waiting for actors to stop.
Called prefire()
Called fire()
Past the end of training data. Read and discard all inputs.
Checking for deadlock:
There are 3 Blocked actors, 0 Stopped actors, and 4 active threads.
Waiting for actors to stop.
Sent output token with value 7.0
Next port to read input from is inputA
Called postfire()
Called prefire()
Called fire()
Checking for deadlock:
There are 2 Blocked actors, 0 Stopped actors, and 4 active threads.
Waiting for actors to stop.
-- Thread wrapup() called.
Called wrapup()
Thread .top.Ramp is exiting.
Checking for deadlock:
There are 2 Blocked actors, 0 Stopped actors, and 3 active threads.
Waiting for actors to stop.
-- Thread stopped.
Read input token from inputA with value 8.0
Checking for deadlock:
There are 1 Blocked actors, 0 Stopped actors, and 3 active threads.
Waiting for actors to stop.
Called prefire()
Called fire()
Past the end of training data. Read and discard all inputs.
Checking for deadlock:
There are 2 Blocked actors, 0 Stopped actors, and 3 active threads.
Waiting for actors to stop.
Sent output token with value 7.5
Next port to read input from is inputB
Called postfire()
Called prefire()
Called fire()
Checking for deadlock:
There are 1 Blocked actors, 0 Stopped actors, and 3 active threads.
Waiting for actors to stop.
Called postfire()
Called prefire()
Called fire()
Checking for deadlock:
There are 2 Blocked actors, 0 Stopped actors, and 3 active threads.
Waiting for actors to stop.
Read input token from inputB with value 9.0
Checking for deadlock:
There are 1 Blocked actors, 0 Stopped actors, and 3 active threads.
Waiting for actors to stop.
Called prefire()
Called fire()
Past the end of training data. Read and discard all inputs.
Checking for deadlock:
There are 2 Blocked actors, 0 Stopped actors, and 3 active threads.
Waiting for actors to stop.
Sent output token with value 8.0
Next port to read input from is inputA
Called postfire()
Called prefire()
Called fire()
Read input token from inputA with value 9.0
Checking for deadlock:
There are 1 Blocked actors, 0 Stopped actors, and 3 active threads.
Waiting for actors to stop.
Called prefire()
Called fire()
Past the end of training data. Read and discard all inputs.
Checking for deadlock:
There are 2 Blocked actors, 0 Stopped actors, and 3 active threads.
Waiting for actors to stop.
Sent output token with value 9.0
Next port to read input from is inputB
Called postfire()
Called prefire()
Called fire()
Checking for deadlock:
There are 1 Blocked actors, 0 Stopped actors, and 3 active threads.
Waiting for actors to stop.
Called postfire()
Called prefire()
Called fire()
Checking for deadlock:
There are 2 Blocked actors, 0 Stopped actors, and 3 active threads.
Waiting for actors to stop.
Read input token from inputB with value 10.5
Checking for deadlock:
There are 1 Blocked actors, 0 Stopped actors, and 3 active threads.
Waiting for actors to stop.
Called prefire()
Called fire()
Past the end of training data. Read and discard all inputs.
Checking for deadlock:
There are 2 Blocked actors, 0 Stopped actors, and 3 active threads.
Waiting for actors to stop.
Sent output token with value 9.0
Next port to read input from is inputA
Called postfire()
Called prefire()
Called fire()
Checking for deadlock:
There are 3 Blocked actors, 0 Stopped actors, and 3 active threads.
Actors have stopped.
Checking for deadlock:
There are 3 Blocked actors, 0 Stopped actors, and 3 active threads.
Deadlock detected.
Resolving Deadlock
Checking for deadlock:
There are 3 Blocked actors, 0 Stopped actors, and 3 active threads.
Artificial Deadlock - increasing queue capacity.
increasing the capacity of receiver ptolemy.actor.TypedIOPort {.top.OrderedMerge.inputB} to 2
Director: Called postfire().
Called postfire().
_stopRequested = false
_stopFireRequested = false
Returning from postfire(): true
Called fire().
Checking for deadlock:
There are 2 Blocked actors, 0 Stopped actors, and 3 active threads.
Waiting for actors to stop.
-- Thread wrapup() called.
Called wrapup()
Thread .top.Ramp2 is exiting.
-- Thread stopped.
Checking for deadlock:
There are 2 Blocked actors, 0 Stopped actors, and 2 active threads.
Actors have stopped.
Checking for deadlock:
There are 2 Blocked actors, 0 Stopped actors, and 2 active threads.
Deadlock detected.
Resolving Deadlock
Checking for deadlock:
There are 2 Blocked actors, 0 Stopped actors, and 2 active threads.
Deadlock detected: no processes blocked on write, but some are blocked on read.
Called postfire().
_stopRequested = false
_stopFireRequested = false
Returning from postfire(): false
Finished deactivating branches.
Called wrapup().
-- Thread wrapup() called.
Called wrapup()
Thread .top.Test is exiting.
-- Thread stopped.
-- Blocked Receiver call threw TerminateProcessException.
-- Thread wrapup() called.
Called wrapup()
Thread .top.OrderedMerge is exiting.
12 ms. Memory: 208384K Free: 166390K (80%)
/home/travis/build/icyphy/ptII/ptolemy/actor/lib/test/Publisher.tcl
-- Thread stopped.
-- Blocked Receiver call threw TerminateProcessException.
5 ms. Memory: 208384K Free: 159129K (76%)
6 ms. Memory: 208384K Free: 154288K (74%)
8 ms. Memory: 208384K Free: 151868K (73%)
10 ms. Memory: 208384K Free: 149448K (72%)
13 ms. Memory: 208384K Free: 149448K (72%)
18 ms. Memory: 208384K Free: 149448K (72%)
5 ms. Memory: 208384K Free: 146995K (71%)
4 ms. Memory: 208384K Free: 146995K (71%)
1 ms. Memory: 208384K Free: 137314K (66%)
3 ms. Memory: 208384K Free: 132474K (64%)
2 ms. Memory: 208384K Free: 132474K (64%)
1 ms. Memory: 208384K Free: 130054K (62%)
16 ms. Memory: 208384K Free: 122793K (59%)
5 ms. Memory: 208384K Free: 113112K (54%)
5 ms. Memory: 208384K Free: 101010K (48%)
/home/travis/build/icyphy/ptII/ptolemy/actor/lib/test/Pulse.tcl
5 ms. Memory: 208896K Free: 182525K (87%)
9 ms. Memory: 208896K Free: 180134K (86%)
2 ms. Memory: 208896K Free: 180134K (86%)
5 ms. Memory: 208896K Free: 180134K (86%)
1 ms. Memory: 208896K Free: 180134K (86%)
1 ms. Memory: 208896K Free: 177736K (85%)
3 ms. Memory: 208896K Free: 177736K (85%)
2 ms. Memory: 208896K Free: 177736K (85%)
1 ms. Memory: 208896K Free: 175338K (84%)
/home/travis/build/icyphy/ptII/ptolemy/actor/lib/test/Ramp.tcl
3 ms. Memory: 208896K Free: 175338K (84%)
1 ms. Memory: 208896K Free: 172955K (83%)
1 ms. Memory: 208896K Free: 172955K (83%)
1 ms. Memory: 208896K Free: 172955K (83%)
2 ms. Memory: 208896K Free: 170557K (82%)
3 ms. Memory: 208896K Free: 170557K (82%)
4 ms. Memory: 208896K Free: 168174K (81%)
5 actors
5000 microseconds per iteration to create
5 ms. Memory: 208896K Free: 165776K (79%)
1 ms. Memory: 208896K Free: 165776K (79%)
2 ms. Memory: 208896K Free: 165776K (79%)
2 ms. Memory: 208896K Free: 165776K (79%)
50 actors
27000 microseconds per iteration to create
23 ms. Memory: 208896K Free: 149065K (71%)
5 ms. Memory: 208896K Free: 149065K (71%)
4 ms. Memory: 208896K Free: 146683K (70%)
5 ms. Memory: 208896K Free: 146683K (70%)
500 actors
1269000 microseconds per iteration to create
209 ms. Memory: 330240K Free: 213932K (65%)
37 ms. Memory: 330240K Free: 209145K (63%)
37 ms. Memory: 330240K Free: 199571K (60%)
34 ms. Memory: 330240K Free: 194784K (59%)
/home/travis/build/icyphy/ptII/ptolemy/actor/lib/test/RampContinuous.tcl
11 ms. Memory: 330240K Free: 194784K (59%)
/home/travis/build/icyphy/ptII/ptolemy/actor/lib/test/RecordAssembler.tcl
5 ms. Memory: 330240K Free: 194784K (59%)
2 ms. Memory: 330240K Free: 189997K (58%)
/home/travis/build/icyphy/ptII/ptolemy/actor/lib/test/RecordDisassembler.tcl
6 ms. Memory: 330240K Free: 189997K (58%)
4 ms. Memory: 330240K Free: 189997K (58%)
3 ms. Memory: 330240K Free: 189997K (58%)
/home/travis/build/icyphy/ptII/ptolemy/actor/lib/test/Scale.tcl
4 ms. Memory: 330240K Free: 185209K (56%)
1 ms. Memory: 330240K Free: 185209K (56%)
1 ms. Memory: 330240K Free: 185209K (56%)
2 ms. Memory: 330240K Free: 185209K (56%)
4 ms. Memory: 330240K Free: 185209K (56%)
/home/travis/build/icyphy/ptII/ptolemy/actor/lib/test/SequentialClock.tcl
preinitializing
resolving types
initializing
executing number 1
wrapping up
idle
3 ms. Memory: 330240K Free: 180422K (55%)
Completed execution with 5 iterations
preinitializing
resolving types
initializing
executing number 1
wrapping up
idle
2 ms. Memory: 330240K Free: 180422K (55%)
Completed execution with 5 iterations
preinitializing
resolving types
initializing
executing number 1
wrapping up
idle
1 ms. Memory: 330240K Free: 180422K (55%)
Completed execution with 5 iterations
/home/travis/build/icyphy/ptII/ptolemy/actor/lib/test/SetVariable.tcl
4 ms. Memory: 330240K Free: 180422K (55%)
/home/travis/build/icyphy/ptII/ptolemy/actor/lib/test/Sinewave.tcl
/home/travis/build/icyphy/ptII/ptolemy/actor/lib/test/SubscriptionAggregator.tcl
9 ms. Memory: 330240K Free: 166029K (50%)
4 ms. Memory: 330240K Free: 166029K (50%)
1 ms. Memory: 330240K Free: 166029K (50%)
0 ms. Memory: 330240K Free: 166029K (50%)
2 ms. Memory: 330240K Free: 161242K (49%)
3 ms. Memory: 330240K Free: 161242K (49%)
...............................................................878 ms. Memory: 478208K Free: 186985K (39%)
/home/travis/build/icyphy/ptII/ptolemy/actor/lib/test/Test.tcl
 The next command will produce a warning about training mode,
   which may be ignored.
8 ms. Memory: 478208K Free: 186985K (39%)
2 ms. Memory: 478208K Free: 186985K (39%)
2 ms. Memory: 478208K Free: 186985K (39%)
2 ms. Memory: 478208K Free: 186985K (39%)
2 ms. Memory: 478208K Free: 186985K (39%)
3 ms. Memory: 478208K Free: 179288K (37%)
3 ms. Memory: 478208K Free: 179288K (37%)
 The next command will produce a warning about training mode,
   which may be ignored.
11 ms. Memory: 478208K Free: 179288K (37%)
 The next command will produce a warning about training mode,
   which may be ignored.
3 ms. Memory: 478208K Free: 179288K (37%)
1 ms. Memory: 478208K Free: 179288K (37%)
1 ms. Memory: 478208K Free: 179288K (37%)
3 ms. Memory: 478208K Free: 179288K (37%)
3 ms. Memory: 478208K Free: 171591K (36%)
5 ms. Memory: 478208K Free: 171591K (36%)
/home/travis/build/icyphy/ptII/ptolemy/actor/lib/test/TestExceptionHandler.tcl
 The next command will produce a warning about training mode,
   which may be ignored.
1 ms. Memory: 478208K Free: 171591K (36%)
0 ms. Memory: 478208K Free: 171591K (36%)
0 ms. Memory: 478208K Free: 171591K (36%)
/home/travis/build/icyphy/ptII/ptolemy/actor/lib/test/UnionDisassembler.tcl
22 ms. Memory: 478208K Free: 163894K (34%)
/home/travis/build/icyphy/ptII/ptolemy/actor/lib/test/VariableClock.tcl
preinitializing
resolving types
initializing
executing number 1
wrapping up
idle
9 ms. Memory: 478208K Free: 156196K (33%)
Completed execution with 11 iterations
preinitializing
resolving types
initializing
executing number 1
wrapping up
idle
11 ms. Memory: 478208K Free: 156196K (33%)
Completed execution with 10 iterations
04/18/19 01:38:30
Failed: 0  Total Tests: 234  ((Passed: 234, Newly Passed: 0)  Known Failed: 0) /home/travis/build/icyphy/ptII/ptolemy/actor/lib/test
----------------- testing (KnownFailure) /home/travis/build/icyphy/ptII/ptolemy/actor/lib/test/auto/knownFailedTests/PublisherPortToplevelSubscriber.xml
1 ms. Memory: 478208K Free: 148434K (31%)
Known Failure: java.lang.reflect.InvocationTargetException
----------------- testing (KnownFailure) /home/travis/build/icyphy/ptII/ptolemy/actor/lib/test/auto/knownFailedTests/PublisherSubscriberPortToplevel.xml
0 ms. Memory: 478208K Free: 132910K (28%)
Known Failure: java.lang.reflect.InvocationTargetException
----------------- testing (KnownFailure) /home/travis/build/icyphy/ptII/ptolemy/actor/lib/test/auto/knownFailedTests/PublisherSubscriptionAggregatorPort.xml
2 ms. Memory: 478208K Free: 117386K (25%)
Known Failure: java.lang.reflect.InvocationTargetException
----------------- testing (KnownFailure) /home/travis/build/icyphy/ptII/ptolemy/actor/lib/test/auto/knownFailedTests/sizedarray3.xml
4 ms. Memory: 478208K Free: 101862K (21%)
Known Failure: java.lang.reflect.InvocationTargetException
No auto/linux-amd64/*.xml tests in /home/travis/build/icyphy/ptII/ptolemy/actor/lib/test
AutoTests.java: About to close Vertx.
AutoTests.java: Vertx closed.

===========================================================================================
----------------- testing Thu Apr 18 13:38:30 UTC 2019 /home/travis/build/icyphy/ptII/ptolemy/actor/lib/test/auto/AbsoluteValue.xml
----------------- Instantiating /home/travis/build/icyphy/ptII/ptolemy/actor/lib/test/auto/AbsoluteValue.xml
4 ms. Memory: 480256K Free: 399559K (83%)
----------------- Invoking toplevel() on ptolemy.moml.MoMLSimpleApplication@4d2b5083
----------------- Done invoking toplevel() on ptolemy.moml.MoMLSimpleApplication@4d2b5083
reloadAllAccessors: .AbsoluteValue

===========================================================================================
----------------- testing Thu Apr 18 13:38:30 UTC 2019 /home/travis/build/icyphy/ptII/ptolemy/actor/lib/test/auto/AbsoluteValue2.xml
----------------- Instantiating /home/travis/build/icyphy/ptII/ptolemy/actor/lib/test/auto/AbsoluteValue2.xml
12 ms. Memory: 480256K Free: 387900K (81%)
----------------- Invoking toplevel() on ptolemy.moml.MoMLSimpleApplication@7a3b0749
----------------- Done invoking toplevel() on ptolemy.moml.MoMLSimpleApplication@7a3b0749
reloadAllAccessors: .AbsoluteValue2

===========================================================================================
----------------- testing Thu Apr 18 13:38:30 UTC 2019 /home/travis/build/icyphy/ptII/ptolemy/actor/lib/test/auto/Accumulator.xml
----------------- Instantiating /home/travis/build/icyphy/ptII/ptolemy/actor/lib/test/auto/Accumulator.xml
15 ms. Memory: 480256K Free: 376250K (78%)
----------------- Invoking toplevel() on ptolemy.moml.MoMLSimpleApplication@31075ee6
----------------- Done invoking toplevel() on ptolemy.moml.MoMLSimpleApplication@31075ee6
reloadAllAccessors: .Accumulator

===========================================================================================
----------------- testing Thu Apr 18 13:38:30 UTC 2019 /home/travis/build/icyphy/ptII/ptolemy/actor/lib/test/auto/Accumulator2.xml
----------------- Instantiating /home/travis/build/icyphy/ptII/ptolemy/actor/lib/test/auto/Accumulator2.xml
3 ms. Memory: 480256K Free: 368488K (77%)
----------------- Invoking toplevel() on ptolemy.moml.MoMLSimpleApplication@3ea55899
----------------- Done invoking toplevel() on ptolemy.moml.MoMLSimpleApplication@3ea55899
reloadAllAccessors: .Accumulator2

===========================================================================================
----------------- testing Thu Apr 18 13:38:30 UTC 2019 /home/travis/build/icyphy/ptII/ptolemy/actor/lib/test/auto/Accumulator3.xml
----------------- Instantiating /home/travis/build/icyphy/ptII/ptolemy/actor/lib/test/auto/Accumulator3.xml
8 ms. Memory: 480256K Free: 353513K (74%)
----------------- Invoking toplevel() on ptolemy.moml.MoMLSimpleApplication@5bccfae0
----------------- Done invoking toplevel() on ptolemy.moml.MoMLSimpleApplication@5bccfae0
reloadAllAccessors: .Accumulator3

===========================================================================================
----------------- testing Thu Apr 18 13:38:30 UTC 2019 /home/travis/build/icyphy/ptII/ptolemy/actor/lib/test/auto/ArrayAppend.xml
----------------- Instantiating /home/travis/build/icyphy/ptII/ptolemy/actor/lib/test/auto/ArrayAppend.xml
8 ms. Memory: 480256K Free: 341862K (71%)
----------------- Invoking toplevel() on ptolemy.moml.MoMLSimpleApplication@9a1c20a
----------------- Done invoking toplevel() on ptolemy.moml.MoMLSimpleApplication@9a1c20a
reloadAllAccessors: .ArrayAppend

===========================================================================================
----------------- testing Thu Apr 18 13:38:30 UTC 2019 /home/travis/build/icyphy/ptII/ptolemy/actor/lib/test/auto/ArrayAppend2.xml
----------------- Instantiating /home/travis/build/icyphy/ptII/ptolemy/actor/lib/test/auto/ArrayAppend2.xml
344 ms. Memory: 480256K Free: 279766K (58%)
----------------- Invoking toplevel() on ptolemy.moml.MoMLSimpleApplication@3519cb8
----------------- Done invoking toplevel() on ptolemy.moml.MoMLSimpleApplication@3519cb8
reloadAllAccessors: .ArrayAppend2

===========================================================================================
----------------- testing Thu Apr 18 13:38:31 UTC 2019 /home/travis/build/icyphy/ptII/ptolemy/actor/lib/test/auto/ArrayAppend3.xml
----------------- Instantiating /home/travis/build/icyphy/ptII/ptolemy/actor/lib/test/auto/ArrayAppend3.xml
5 ms. Memory: 480256K Free: 264792K (55%)
----------------- Invoking toplevel() on ptolemy.moml.MoMLSimpleApplication@124c730
----------------- Done invoking toplevel() on ptolemy.moml.MoMLSimpleApplication@124c730
reloadAllAccessors: .ArrayAppend3

===========================================================================================
----------------- testing Thu Apr 18 13:38:31 UTC 2019 /home/travis/build/icyphy/ptII/ptolemy/actor/lib/test/auto/ArrayAppend4.xml
----------------- Instantiating /home/travis/build/icyphy/ptII/ptolemy/actor/lib/test/auto/ArrayAppend4.xml
2 ms. Memory: 480256K Free: 257030K (54%)
----------------- Invoking toplevel() on ptolemy.moml.MoMLSimpleApplication@511ea8c0
----------------- Done invoking toplevel() on ptolemy.moml.MoMLSimpleApplication@511ea8c0
reloadAllAccessors: .ArrayAppend4

===========================================================================================
----------------- testing Thu Apr 18 13:38:31 UTC 2019 /home/travis/build/icyphy/ptII/ptolemy/actor/lib/test/auto/ArrayAppend5.xml
----------------- Instantiating /home/travis/build/icyphy/ptII/ptolemy/actor/lib/test/auto/ArrayAppend5.xml
2 ms. Memory: 480256K Free: 249268K (52%)
----------------- Invoking toplevel() on ptolemy.moml.MoMLSimpleApplication@1ef27b9d
----------------- Done invoking toplevel() on ptolemy.moml.MoMLSimpleApplication@1ef27b9d
reloadAllAccessors: .ArrayAppend5

===========================================================================================
----------------- testing Thu Apr 18 13:38:31 UTC 2019 /home/travis/build/icyphy/ptII/ptolemy/actor/lib/test/auto/ArrayAppend6.xml
----------------- Instantiating /home/travis/build/icyphy/ptII/ptolemy/actor/lib/test/auto/ArrayAppend6.xml
4 ms. Memory: 480256K Free: 234293K (49%)
----------------- Invoking toplevel() on ptolemy.moml.MoMLSimpleApplication@54909be2
----------------- Done invoking toplevel() on ptolemy.moml.MoMLSimpleApplication@54909be2
reloadAllAccessors: .ArrayAppend6

===========================================================================================
----------------- testing Thu Apr 18 13:38:31 UTC 2019 /home/travis/build/icyphy/ptII/ptolemy/actor/lib/test/auto/ArrayAppendPerformanceTest.xml
----------------- Instantiating /home/travis/build/icyphy/ptII/ptolemy/actor/lib/test/auto/ArrayAppendPerformanceTest.xml
17 ms. Memory: 480256K Free: 218737K (46%)
----------------- Invoking toplevel() on ptolemy.moml.MoMLSimpleApplication@69dfbc4d
----------------- Done invoking toplevel() on ptolemy.moml.MoMLSimpleApplication@69dfbc4d
reloadAllAccessors: .ArrayAppendPerformanceTest

===========================================================================================
----------------- testing Thu Apr 18 13:38:31 UTC 2019 /home/travis/build/icyphy/ptII/ptolemy/actor/lib/test/auto/ArrayAppendWithEmptyInput.xml
----------------- Instantiating /home/travis/build/icyphy/ptII/ptolemy/actor/lib/test/auto/ArrayAppendWithEmptyInput.xml
8 ms. Memory: 480256K Free: 207078K (43%)
----------------- Invoking toplevel() on ptolemy.moml.MoMLSimpleApplication@5e445e68
----------------- Done invoking toplevel() on ptolemy.moml.MoMLSimpleApplication@5e445e68
reloadAllAccessors: .ArrayAppendWithEmptyInput

===========================================================================================
----------------- testing Thu Apr 18 13:38:31 UTC 2019 /home/travis/build/icyphy/ptII/ptolemy/actor/lib/test/auto/ArrayAverage.xml
----------------- Instantiating /home/travis/build/icyphy/ptII/ptolemy/actor/lib/test/auto/ArrayAverage.xml
13 ms. Memory: 480256K Free: 184326K (38%)
----------------- Invoking toplevel() on ptolemy.moml.MoMLSimpleApplication@2d3c4414
----------------- Done invoking toplevel() on ptolemy.moml.MoMLSimpleApplication@2d3c4414
reloadAllAccessors: .ArrayAverage

===========================================================================================
----------------- testing Thu Apr 18 13:38:31 UTC 2019 /home/travis/build/icyphy/ptII/ptolemy/actor/lib/test/auto/ArrayContains.xml
----------------- Instantiating /home/travis/build/icyphy/ptII/ptolemy/actor/lib/test/auto/ArrayContains.xml
3 ms. Memory: 480256K Free: 176564K (37%)
----------------- Invoking toplevel() on ptolemy.moml.MoMLSimpleApplication@7002a7b6
----------------- Done invoking toplevel() on ptolemy.moml.MoMLSimpleApplication@7002a7b6
reloadAllAccessors: .ArrayContains

===========================================================================================
----------------- testing Thu Apr 18 13:38:31 UTC 2019 /home/travis/build/icyphy/ptII/ptolemy/actor/lib/test/auto/ArrayElement.xml
----------------- Instantiating /home/travis/build/icyphy/ptII/ptolemy/actor/lib/test/auto/ArrayElement.xml
3 ms. Memory: 480256K Free: 168802K (35%)
----------------- Invoking toplevel() on ptolemy.moml.MoMLSimpleApplication@7417ad93
----------------- Done invoking toplevel() on ptolemy.moml.MoMLSimpleApplication@7417ad93
reloadAllAccessors: .ArrayElement

===========================================================================================
----------------- testing Thu Apr 18 13:38:31 UTC 2019 /home/travis/build/icyphy/ptII/ptolemy/actor/lib/test/auto/ArrayElementAsMatrix.xml
----------------- Instantiating /home/travis/build/icyphy/ptII/ptolemy/actor/lib/test/auto/ArrayElementAsMatrix.xml
17 ms. Memory: 480256K Free: 157143K (33%)
----------------- Invoking toplevel() on ptolemy.moml.MoMLSimpleApplication@23e9a1fc
----------------- Done invoking toplevel() on ptolemy.moml.MoMLSimpleApplication@23e9a1fc
reloadAllAccessors: .ArrayElementAsMatrix

===========================================================================================
----------------- testing Thu Apr 18 13:38:31 UTC 2019 /home/travis/build/icyphy/ptII/ptolemy/actor/lib/test/auto/ArrayElementI.xml
----------------- Instantiating /home/travis/build/icyphy/ptII/ptolemy/actor/lib/test/auto/ArrayElementI.xml
3 ms. Memory: 480256K Free: 142168K (30%)
----------------- Invoking toplevel() on ptolemy.moml.MoMLSimpleApplication@53aa26be
----------------- Done invoking toplevel() on ptolemy.moml.MoMLSimpleApplication@53aa26be
reloadAllAccessors: .ArrayElementI

===========================================================================================
----------------- testing Thu Apr 18 13:38:31 UTC 2019 /home/travis/build/icyphy/ptII/ptolemy/actor/lib/test/auto/ArrayExtract.xml
----------------- Instantiating /home/travis/build/icyphy/ptII/ptolemy/actor/lib/test/auto/ArrayExtract.xml
5 ms. Memory: 480256K Free: 130517K (27%)
----------------- Invoking toplevel() on ptolemy.moml.MoMLSimpleApplication@1d7e58bc
----------------- Done invoking toplevel() on ptolemy.moml.MoMLSimpleApplication@1d7e58bc
reloadAllAccessors: .ArrayExtract

===========================================================================================
----------------- testing Thu Apr 18 13:38:31 UTC 2019 /home/travis/build/icyphy/ptII/ptolemy/actor/lib/test/auto/ArrayExtract2.xml
----------------- Instantiating /home/travis/build/icyphy/ptII/ptolemy/actor/lib/test/auto/ArrayExtract2.xml
2 ms. Memory: 480256K Free: 122755K (26%)
----------------- Invoking toplevel() on ptolemy.moml.MoMLSimpleApplication@794408c
----------------- Done invoking toplevel() on ptolemy.moml.MoMLSimpleApplication@794408c
reloadAllAccessors: .ArrayExtract2

===========================================================================================
----------------- testing Thu Apr 18 13:38:31 UTC 2019 /home/travis/build/icyphy/ptII/ptolemy/actor/lib/test/auto/ArrayLength.xml
----------------- Instantiating /home/travis/build/icyphy/ptII/ptolemy/actor/lib/test/auto/ArrayLength.xml
5 ms. Memory: 480256K Free: 107781K (22%)
----------------- Invoking toplevel() on ptolemy.moml.MoMLSimpleApplication@72dea429
----------------- Done invoking toplevel() on ptolemy.moml.MoMLSimpleApplication@72dea429
reloadAllAccessors: .ArrayLength

===========================================================================================
----------------- testing Thu Apr 18 13:38:31 UTC 2019 /home/travis/build/icyphy/ptII/ptolemy/actor/lib/test/auto/ArrayLevelCrossing.xml
----------------- Instantiating /home/travis/build/icyphy/ptII/ptolemy/actor/lib/test/auto/ArrayLevelCrossing.xml
4 ms. Memory: 480256K Free: 96122K (20%)
----------------- Invoking toplevel() on ptolemy.moml.MoMLSimpleApplication@4f0b51a6
----------------- Done invoking toplevel() on ptolemy.moml.MoMLSimpleApplication@4f0b51a6
reloadAllAccessors: .ArrayLevelCrossing

===========================================================================================
----------------- testing Thu Apr 18 13:38:31 UTC 2019 /home/travis/build/icyphy/ptII/ptolemy/actor/lib/test/auto/ArrayLevelCrossing2.xml
----------------- Instantiating /home/travis/build/icyphy/ptII/ptolemy/actor/lib/test/auto/ArrayLevelCrossing2.xml
3 ms. Memory: 480256K Free: 84463K (18%)
----------------- Invoking toplevel() on ptolemy.moml.MoMLSimpleApplication@3aee561
----------------- Done invoking toplevel() on ptolemy.moml.MoMLSimpleApplication@3aee561
reloadAllAccessors: .ArrayLevelCrossing2

===========================================================================================
----------------- testing Thu Apr 18 13:38:32 UTC 2019 /home/travis/build/icyphy/ptII/ptolemy/actor/lib/test/auto/ArrayPeakSearch.xml
----------------- Instantiating /home/travis/build/icyphy/ptII/ptolemy/actor/lib/test/auto/ArrayPeakSearch.xml
5 ms. Memory: 480256K Free: 65607K (14%)
----------------- Invoking toplevel() on ptolemy.moml.MoMLSimpleApplication@66efc84d
----------------- Done invoking toplevel() on ptolemy.moml.MoMLSimpleApplication@66efc84d
reloadAllAccessors: .ArrayPeakSearch

===========================================================================================
----------------- testing Thu Apr 18 13:38:32 UTC 2019 /home/travis/build/icyphy/ptII/ptolemy/actor/lib/test/auto/ArrayPeakSearch2.xml
----------------- Instantiating /home/travis/build/icyphy/ptII/ptolemy/actor/lib/test/auto/ArrayPeakSearch2.xml
7 ms. Memory: 480256K Free: 53948K (11%)
----------------- Invoking toplevel() on ptolemy.moml.MoMLSimpleApplication@49e6e530
----------------- Done invoking toplevel() on ptolemy.moml.MoMLSimpleApplication@49e6e530
reloadAllAccessors: .ArrayPeakSearch2

===========================================================================================
----------------- testing Thu Apr 18 13:38:32 UTC 2019 /home/travis/build/icyphy/ptII/ptolemy/actor/lib/test/auto/ArrayPeakSearch3.xml
----------------- Instantiating /home/travis/build/icyphy/ptII/ptolemy/actor/lib/test/auto/ArrayPeakSearch3.xml
6 ms. Memory: 719360K Free: 666376K (93%)
----------------- Invoking toplevel() on ptolemy.moml.MoMLSimpleApplication@5cff8c2a
----------------- Done invoking toplevel() on ptolemy.moml.MoMLSimpleApplication@5cff8c2a
reloadAllAccessors: .ArrayPeakSearch3

===========================================================================================
----------------- testing Thu Apr 18 13:38:32 UTC 2019 /home/travis/build/icyphy/ptII/ptolemy/actor/lib/test/auto/ArrayRemoveElement.xml
----------------- Instantiating /home/travis/build/icyphy/ptII/ptolemy/actor/lib/test/auto/ArrayRemoveElement.xml
8 ms. Memory: 719360K Free: 645869K (90%)
----------------- Invoking toplevel() on ptolemy.moml.MoMLSimpleApplication@7e6b7088
----------------- Done invoking toplevel() on ptolemy.moml.MoMLSimpleApplication@7e6b7088
reloadAllAccessors: .ArrayRemoveElement

===========================================================================================
----------------- testing Thu Apr 18 13:38:32 UTC 2019 /home/travis/build/icyphy/ptII/ptolemy/actor/lib/test/auto/ArraySort.xml
----------------- Instantiating /home/travis/build/icyphy/ptII/ptolemy/actor/lib/test/auto/ArraySort.xml
3 ms. Memory: 719360K Free: 633374K (88%)
----------------- Invoking toplevel() on ptolemy.moml.MoMLSimpleApplication@4fbc871e
----------------- Done invoking toplevel() on ptolemy.moml.MoMLSimpleApplication@4fbc871e
reloadAllAccessors: .ArraySort

===========================================================================================
----------------- testing Thu Apr 18 13:38:32 UTC 2019 /home/travis/build/icyphy/ptII/ptolemy/actor/lib/test/auto/ArraySum.xml
----------------- Instantiating /home/travis/build/icyphy/ptII/ptolemy/actor/lib/test/auto/ArraySum.xml
2 ms. Memory: 719360K Free: 625100K (87%)
----------------- Invoking toplevel() on ptolemy.moml.MoMLSimpleApplication@5191b2a7
----------------- Done invoking toplevel() on ptolemy.moml.MoMLSimpleApplication@5191b2a7
reloadAllAccessors: .ArraySum

===========================================================================================
----------------- testing Thu Apr 18 13:38:32 UTC 2019 /home/travis/build/icyphy/ptII/ptolemy/actor/lib/test/auto/ArrayToElements.xml
----------------- Instantiating /home/travis/build/icyphy/ptII/ptolemy/actor/lib/test/auto/ArrayToElements.xml
9 ms. Memory: 719360K Free: 608746K (85%)
----------------- Invoking toplevel() on ptolemy.moml.MoMLSimpleApplication@232bce5a
----------------- Done invoking toplevel() on ptolemy.moml.MoMLSimpleApplication@232bce5a
reloadAllAccessors: .ArrayToElements

===========================================================================================
----------------- testing Thu Apr 18 13:38:32 UTC 2019 /home/travis/build/icyphy/ptII/ptolemy/actor/lib/test/auto/ArrayToMatrix.xml
----------------- Instantiating /home/travis/build/icyphy/ptII/ptolemy/actor/lib/test/auto/ArrayToMatrix.xml
9 ms. Memory: 719360K Free: 588029K (82%)
----------------- Invoking toplevel() on ptolemy.moml.MoMLSimpleApplication@6c0f343b
----------------- Done invoking toplevel() on ptolemy.moml.MoMLSimpleApplication@6c0f343b
reloadAllAccessors: .ArrayToMatrix

===========================================================================================
----------------- testing Thu Apr 18 13:38:32 UTC 2019 /home/travis/build/icyphy/ptII/ptolemy/actor/lib/test/auto/ArrayUpdate1.xml
----------------- Instantiating /home/travis/build/icyphy/ptII/ptolemy/actor/lib/test/auto/ArrayUpdate1.xml
2 ms. Memory: 719360K Free: 579755K (81%)
----------------- Invoking toplevel() on ptolemy.moml.MoMLSimpleApplication@11a0d42d
----------------- Done invoking toplevel() on ptolemy.moml.MoMLSimpleApplication@11a0d42d
reloadAllAccessors: .ArrayUpdate1

===========================================================================================
----------------- testing Thu Apr 18 13:38:32 UTC 2019 /home/travis/build/icyphy/ptII/ptolemy/actor/lib/test/auto/ArrayUpdate2.xml
----------------- Instantiating /home/travis/build/icyphy/ptII/ptolemy/actor/lib/test/auto/ArrayUpdate2.xml
4 ms. Memory: 719360K Free: 571481K (79%)
----------------- Invoking toplevel() on ptolemy.moml.MoMLSimpleApplication@52d8063d
----------------- Done invoking toplevel() on ptolemy.moml.MoMLSimpleApplication@52d8063d
reloadAllAccessors: .ArrayUpdate2

===========================================================================================
----------------- testing Thu Apr 18 13:38:32 UTC 2019 /home/travis/build/icyphy/ptII/ptolemy/actor/lib/test/auto/ArrayUpdate3.xml
----------------- Instantiating /home/travis/build/icyphy/ptII/ptolemy/actor/lib/test/auto/ArrayUpdate3.xml
6 ms. Memory: 719360K Free: 555126K (77%)
----------------- Invoking toplevel() on ptolemy.moml.MoMLSimpleApplication@3f24e257
----------------- Done invoking toplevel() on ptolemy.moml.MoMLSimpleApplication@3f24e257
reloadAllAccessors: .ArrayUpdate3

===========================================================================================
----------------- testing Thu Apr 18 13:38:32 UTC 2019 /home/travis/build/icyphy/ptII/ptolemy/actor/lib/test/auto/Assert1.xml
----------------- Instantiating /home/travis/build/icyphy/ptII/ptolemy/actor/lib/test/auto/Assert1.xml
3 ms. Memory: 719360K Free: 546852K (76%)
----------------- Invoking toplevel() on ptolemy.moml.MoMLSimpleApplication@7f0b8f07
----------------- Done invoking toplevel() on ptolemy.moml.MoMLSimpleApplication@7f0b8f07
reloadAllAccessors: .Assert1

===========================================================================================
----------------- testing Thu Apr 18 13:38:32 UTC 2019 /home/travis/build/icyphy/ptII/ptolemy/actor/lib/test/auto/Assert2.xml
----------------- Instantiating /home/travis/build/icyphy/ptII/ptolemy/actor/lib/test/auto/Assert2.xml
6 ms. Memory: 719360K Free: 538578K (75%)
----------------- Invoking toplevel() on ptolemy.moml.MoMLSimpleApplication@1fb1e59d
----------------- Done invoking toplevel() on ptolemy.moml.MoMLSimpleApplication@1fb1e59d
reloadAllAccessors: .Assert2

===========================================================================================
----------------- testing Thu Apr 18 13:38:32 UTC 2019 /home/travis/build/icyphy/ptII/ptolemy/actor/lib/test/auto/BooleanMultiplexor.xml
----------------- Instantiating /home/travis/build/icyphy/ptII/ptolemy/actor/lib/test/auto/BooleanMultiplexor.xml
2 ms. Memory: 719360K Free: 522224K (73%)
----------------- Invoking toplevel() on ptolemy.moml.MoMLSimpleApplication@30e193db
----------------- Done invoking toplevel() on ptolemy.moml.MoMLSimpleApplication@30e193db
reloadAllAccessors: .BooleanMultiplexor

===========================================================================================
----------------- testing Thu Apr 18 13:38:32 UTC 2019 /home/travis/build/icyphy/ptII/ptolemy/actor/lib/test/auto/BooleanMultiplexor2.xml
----------------- Instantiating /home/travis/build/icyphy/ptII/ptolemy/actor/lib/test/auto/BooleanMultiplexor2.xml
9 ms. Memory: 719360K Free: 509813K (71%)
----------------- Invoking toplevel() on ptolemy.moml.MoMLSimpleApplication@29326ca0
----------------- Done invoking toplevel() on ptolemy.moml.MoMLSimpleApplication@29326ca0
reloadAllAccessors: .BooleanMultiplexor2

===========================================================================================
----------------- testing Thu Apr 18 13:38:32 UTC 2019 /home/travis/build/icyphy/ptII/ptolemy/actor/lib/test/auto/BooleanMultiplexor3.xml
----------------- Instantiating /home/travis/build/icyphy/ptII/ptolemy/actor/lib/test/auto/BooleanMultiplexor3.xml
3 ms. Memory: 719360K Free: 501539K (70%)
----------------- Invoking toplevel() on ptolemy.moml.MoMLSimpleApplication@6d2f793d
----------------- Done invoking toplevel() on ptolemy.moml.MoMLSimpleApplication@6d2f793d
reloadAllAccessors: .BooleanMultiplexor3

===========================================================================================
----------------- testing Thu Apr 18 13:38:32 UTC 2019 /home/travis/build/icyphy/ptII/ptolemy/actor/lib/test/auto/BooleanSelect.xml
----------------- Instantiating /home/travis/build/icyphy/ptII/ptolemy/actor/lib/test/auto/BooleanSelect.xml
6 ms. Memory: 719360K Free: 493265K (69%)
----------------- Invoking toplevel() on ptolemy.moml.MoMLSimpleApplication@38756e44
----------------- Done invoking toplevel() on ptolemy.moml.MoMLSimpleApplication@38756e44
reloadAllAccessors: .BooleanSelect

===========================================================================================
----------------- testing Thu Apr 18 13:38:32 UTC 2019 /home/travis/build/icyphy/ptII/ptolemy/actor/lib/test/auto/BooleanSelect2.xml
----------------- Instantiating /home/travis/build/icyphy/ptII/ptolemy/actor/lib/test/auto/BooleanSelect2.xml
2 ms. Memory: 719360K Free: 476911K (66%)
----------------- Invoking toplevel() on ptolemy.moml.MoMLSimpleApplication@591501c4
----------------- Done invoking toplevel() on ptolemy.moml.MoMLSimpleApplication@591501c4
reloadAllAccessors: .BooleanSelect2

===========================================================================================
----------------- testing Thu Apr 18 13:38:32 UTC 2019 /home/travis/build/icyphy/ptII/ptolemy/actor/lib/test/auto/BooleanSwitch.xml
----------------- Instantiating /home/travis/build/icyphy/ptII/ptolemy/actor/lib/test/auto/BooleanSwitch.xml
4 ms. Memory: 719360K Free: 468637K (65%)
----------------- Invoking toplevel() on ptolemy.moml.MoMLSimpleApplication@70f917cc
----------------- Done invoking toplevel() on ptolemy.moml.MoMLSimpleApplication@70f917cc
reloadAllAccessors: .BooleanSwitch

===========================================================================================
----------------- testing Thu Apr 18 13:38:32 UTC 2019 /home/travis/build/icyphy/ptII/ptolemy/actor/lib/test/auto/BooleanSwitch2.xml
----------------- Instantiating /home/travis/build/icyphy/ptII/ptolemy/actor/lib/test/auto/BooleanSwitch2.xml
1 ms. Memory: 719360K Free: 460363K (64%)
----------------- Invoking toplevel() on ptolemy.moml.MoMLSimpleApplication@5b0507b3
----------------- Done invoking toplevel() on ptolemy.moml.MoMLSimpleApplication@5b0507b3
reloadAllAccessors: .BooleanSwitch2

===========================================================================================
----------------- testing Thu Apr 18 13:38:32 UTC 2019 /home/travis/build/icyphy/ptII/ptolemy/actor/lib/test/auto/BooleanSwitchCloningBugWithClassRelationGroup.xml
----------------- Instantiating /home/travis/build/icyphy/ptII/ptolemy/actor/lib/test/auto/BooleanSwitchCloningBugWithClassRelationGroup.xml
5 ms. Memory: 719360K Free: 447936K (62%)
----------------- Invoking toplevel() on ptolemy.moml.MoMLSimpleApplication@69c5135
----------------- Done invoking toplevel() on ptolemy.moml.MoMLSimpleApplication@69c5135
reloadAllAccessors: .BooleanSwitchCloningBugWithClassRelationGroup

===========================================================================================
----------------- testing Thu Apr 18 13:38:32 UTC 2019 /home/travis/build/icyphy/ptII/ptolemy/actor/lib/test/auto/BusActors.xml
----------------- Instantiating /home/travis/build/icyphy/ptII/ptolemy/actor/lib/test/auto/BusActors.xml
3 ms. Memory: 719360K Free: 427429K (59%)
----------------- Invoking toplevel() on ptolemy.moml.MoMLSimpleApplication@60f7b6aa
----------------- Done invoking toplevel() on ptolemy.moml.MoMLSimpleApplication@60f7b6aa
reloadAllAccessors: .BusActors

===========================================================================================
----------------- testing Thu Apr 18 13:38:32 UTC 2019 /home/travis/build/icyphy/ptII/ptolemy/actor/lib/test/auto/ClassWrapper.xml
----------------- Instantiating /home/travis/build/icyphy/ptII/ptolemy/actor/lib/test/auto/ClassWrapper.xml
2 ms. Memory: 719360K Free: 419155K (58%)
----------------- Invoking toplevel() on ptolemy.moml.MoMLSimpleApplication@6091c27c
----------------- Done invoking toplevel() on ptolemy.moml.MoMLSimpleApplication@6091c27c
reloadAllAccessors: .ClassWrapper

===========================================================================================
----------------- testing Thu Apr 18 13:38:32 UTC 2019 /home/travis/build/icyphy/ptII/ptolemy/actor/lib/test/auto/Clock.xml
----------------- Instantiating /home/travis/build/icyphy/ptII/ptolemy/actor/lib/test/auto/Clock.xml
1 ms. Memory: 719360K Free: 410881K (57%)
----------------- Invoking toplevel() on ptolemy.moml.MoMLSimpleApplication@632d0a6c
----------------- Done invoking toplevel() on ptolemy.moml.MoMLSimpleApplication@632d0a6c
reloadAllAccessors: .Clock

===========================================================================================
----------------- testing Thu Apr 18 13:38:32 UTC 2019 /home/travis/build/icyphy/ptII/ptolemy/actor/lib/test/auto/Clock10.xml
----------------- Instantiating /home/travis/build/icyphy/ptII/ptolemy/actor/lib/test/auto/Clock10.xml
2 ms. Memory: 719360K Free: 394527K (55%)
----------------- Invoking toplevel() on ptolemy.moml.MoMLSimpleApplication@320f67cf
----------------- Done invoking toplevel() on ptolemy.moml.MoMLSimpleApplication@320f67cf
reloadAllAccessors: .Clock10

===========================================================================================
----------------- testing Thu Apr 18 13:38:32 UTC 2019 /home/travis/build/icyphy/ptII/ptolemy/actor/lib/test/auto/Clock11.xml
----------------- Instantiating /home/travis/build/icyphy/ptII/ptolemy/actor/lib/test/auto/Clock11.xml
2 ms. Memory: 719360K Free: 386253K (54%)
----------------- Invoking toplevel() on ptolemy.moml.MoMLSimpleApplication@2b7db133
----------------- Done invoking toplevel() on ptolemy.moml.MoMLSimpleApplication@2b7db133
reloadAllAccessors: .Clock11

===========================================================================================
----------------- testing Thu Apr 18 13:38:32 UTC 2019 /home/travis/build/icyphy/ptII/ptolemy/actor/lib/test/auto/Clock12.xml
----------------- Instantiating /home/travis/build/icyphy/ptII/ptolemy/actor/lib/test/auto/Clock12.xml
5 ms. Memory: 719360K Free: 377979K (53%)
----------------- Invoking toplevel() on ptolemy.moml.MoMLSimpleApplication@12ea53fd
----------------- Done invoking toplevel() on ptolemy.moml.MoMLSimpleApplication@12ea53fd
reloadAllAccessors: .Clock12

===========================================================================================
----------------- testing Thu Apr 18 13:38:32 UTC 2019 /home/travis/build/icyphy/ptII/ptolemy/actor/lib/test/auto/Clock13.xml
----------------- Instantiating /home/travis/build/icyphy/ptII/ptolemy/actor/lib/test/auto/Clock13.xml
2 ms. Memory: 719360K Free: 369705K (51%)
----------------- Invoking toplevel() on ptolemy.moml.MoMLSimpleApplication@735a3a53
----------------- Done invoking toplevel() on ptolemy.moml.MoMLSimpleApplication@735a3a53
reloadAllAccessors: .Clock13

===========================================================================================
----------------- testing Thu Apr 18 13:38:32 UTC 2019 /home/travis/build/icyphy/ptII/ptolemy/actor/lib/test/auto/Clock14.xml
----------------- Instantiating /home/travis/build/icyphy/ptII/ptolemy/actor/lib/test/auto/Clock14.xml
3 ms. Memory: 719360K Free: 353351K (49%)
----------------- Invoking toplevel() on ptolemy.moml.MoMLSimpleApplication@7de18e34
----------------- Done invoking toplevel() on ptolemy.moml.MoMLSimpleApplication@7de18e34
reloadAllAccessors: .Clock14

===========================================================================================
----------------- testing Thu Apr 18 13:38:32 UTC 2019 /home/travis/build/icyphy/ptII/ptolemy/actor/lib/test/auto/Clock15.xml
----------------- Instantiating /home/travis/build/icyphy/ptII/ptolemy/actor/lib/test/auto/Clock15.xml
4 ms. Memory: 719360K Free: 345077K (48%)
----------------- Invoking toplevel() on ptolemy.moml.MoMLSimpleApplication@6924783a
----------------- Done invoking toplevel() on ptolemy.moml.MoMLSimpleApplication@6924783a
reloadAllAccessors: .Clock15

===========================================================================================
----------------- testing Thu Apr 18 13:38:32 UTC 2019 /home/travis/build/icyphy/ptII/ptolemy/actor/lib/test/auto/Clock16.xml
----------------- Instantiating /home/travis/build/icyphy/ptII/ptolemy/actor/lib/test/auto/Clock16.xml
27 ms. Memory: 719360K Free: 328513K (46%)
----------------- Invoking toplevel() on ptolemy.moml.MoMLSimpleApplication@4ff3e28e
----------------- Done invoking toplevel() on ptolemy.moml.MoMLSimpleApplication@4ff3e28e
reloadAllAccessors: .Clock16

===========================================================================================
----------------- testing Thu Apr 18 13:38:33 UTC 2019 /home/travis/build/icyphy/ptII/ptolemy/actor/lib/test/auto/Clock17.xml
----------------- Instantiating /home/travis/build/icyphy/ptII/ptolemy/actor/lib/test/auto/Clock17.xml
25 ms. Memory: 719360K Free: 311933K (43%)
----------------- Invoking toplevel() on ptolemy.moml.MoMLSimpleApplication@7667f6d9
----------------- Done invoking toplevel() on ptolemy.moml.MoMLSimpleApplication@7667f6d9
reloadAllAccessors: .Clock17

===========================================================================================
----------------- testing Thu Apr 18 13:38:33 UTC 2019 /home/travis/build/icyphy/ptII/ptolemy/actor/lib/test/auto/Clock18.xml
----------------- Instantiating /home/travis/build/icyphy/ptII/ptolemy/actor/lib/test/auto/Clock18.xml
21 ms. Memory: 719360K Free: 287281K (40%)
----------------- Invoking toplevel() on ptolemy.moml.MoMLSimpleApplication@3ca0b80e
----------------- Done invoking toplevel() on ptolemy.moml.MoMLSimpleApplication@3ca0b80e
reloadAllAccessors: .Clock18

===========================================================================================
----------------- testing Thu Apr 18 13:38:33 UTC 2019 /home/travis/build/icyphy/ptII/ptolemy/actor/lib/test/auto/Clock19.xml
----------------- Instantiating /home/travis/build/icyphy/ptII/ptolemy/actor/lib/test/auto/Clock19.xml
13 ms. Memory: 719360K Free: 270701K (38%)
----------------- Invoking toplevel() on ptolemy.moml.MoMLSimpleApplication@6f32422e
----------------- Done invoking toplevel() on ptolemy.moml.MoMLSimpleApplication@6f32422e
reloadAllAccessors: .Clock19

===========================================================================================
----------------- testing Thu Apr 18 13:38:33 UTC 2019 /home/travis/build/icyphy/ptII/ptolemy/actor/lib/test/auto/Clock2.xml
----------------- Instantiating /home/travis/build/icyphy/ptII/ptolemy/actor/lib/test/auto/Clock2.xml
9 ms. Memory: 719360K Free: 262427K (36%)
----------------- Invoking toplevel() on ptolemy.moml.MoMLSimpleApplication@4ef4082c
----------------- Done invoking toplevel() on ptolemy.moml.MoMLSimpleApplication@4ef4082c
reloadAllAccessors: .Clock2

===========================================================================================
----------------- testing Thu Apr 18 13:38:33 UTC 2019 /home/travis/build/icyphy/ptII/ptolemy/actor/lib/test/auto/Clock20.xml
----------------- Instantiating /home/travis/build/icyphy/ptII/ptolemy/actor/lib/test/auto/Clock20.xml
11 ms. Memory: 719360K Free: 246073K (34%)
----------------- Invoking toplevel() on ptolemy.moml.MoMLSimpleApplication@2927093f
----------------- Done invoking toplevel() on ptolemy.moml.MoMLSimpleApplication@2927093f
reloadAllAccessors: .Clock20

===========================================================================================
----------------- testing Thu Apr 18 13:38:33 UTC 2019 /home/travis/build/icyphy/ptII/ptolemy/actor/lib/test/auto/Clock21.xml
----------------- Instantiating /home/travis/build/icyphy/ptII/ptolemy/actor/lib/test/auto/Clock21.xml
7 ms. Memory: 719360K Free: 237799K (33%)
----------------- Invoking toplevel() on ptolemy.moml.MoMLSimpleApplication@433e9658
----------------- Done invoking toplevel() on ptolemy.moml.MoMLSimpleApplication@433e9658
reloadAllAccessors: .Clock21

===========================================================================================
----------------- testing Thu Apr 18 13:38:33 UTC 2019 /home/travis/build/icyphy/ptII/ptolemy/actor/lib/test/auto/Clock22.xml
----------------- Instantiating /home/travis/build/icyphy/ptII/ptolemy/actor/lib/test/auto/Clock22.xml
7 ms. Memory: 719360K Free: 229525K (32%)
----------------- Invoking toplevel() on ptolemy.moml.MoMLSimpleApplication@48325c50
----------------- Done invoking toplevel() on ptolemy.moml.MoMLSimpleApplication@48325c50
reloadAllAccessors: .Clock22

===========================================================================================
----------------- testing Thu Apr 18 13:38:33 UTC 2019 /home/travis/build/icyphy/ptII/ptolemy/actor/lib/test/auto/Clock23.xml
----------------- Instantiating /home/travis/build/icyphy/ptII/ptolemy/actor/lib/test/auto/Clock23.xml
8 ms. Memory: 719360K Free: 221251K (31%)
----------------- Invoking toplevel() on ptolemy.moml.MoMLSimpleApplication@8eaf72d
----------------- Done invoking toplevel() on ptolemy.moml.MoMLSimpleApplication@8eaf72d
reloadAllAccessors: .Clock23

===========================================================================================
----------------- testing Thu Apr 18 13:38:33 UTC 2019 /home/travis/build/icyphy/ptII/ptolemy/actor/lib/test/auto/Clock24.xml
----------------- Instantiating /home/travis/build/icyphy/ptII/ptolemy/actor/lib/test/auto/Clock24.xml
7 ms. Memory: 719360K Free: 204896K (28%)
----------------- Invoking toplevel() on ptolemy.moml.MoMLSimpleApplication@3486d82e
----------------- Done invoking toplevel() on ptolemy.moml.MoMLSimpleApplication@3486d82e
reloadAllAccessors: .Clock24

===========================================================================================
----------------- testing Thu Apr 18 13:38:33 UTC 2019 /home/travis/build/icyphy/ptII/ptolemy/actor/lib/test/auto/Clock4.xml
----------------- Instantiating /home/travis/build/icyphy/ptII/ptolemy/actor/lib/test/auto/Clock4.xml
6 ms. Memory: 719360K Free: 196622K (27%)
----------------- Invoking toplevel() on ptolemy.moml.MoMLSimpleApplication@2301dbcb
----------------- Done invoking toplevel() on ptolemy.moml.MoMLSimpleApplication@2301dbcb
reloadAllAccessors: .Clock4

===========================================================================================
----------------- testing Thu Apr 18 13:38:33 UTC 2019 /home/travis/build/icyphy/ptII/ptolemy/actor/lib/test/auto/Clock5.xml
----------------- Instantiating /home/travis/build/icyphy/ptII/ptolemy/actor/lib/test/auto/Clock5.xml
2 ms. Memory: 719360K Free: 188348K (26%)
----------------- Invoking toplevel() on ptolemy.moml.MoMLSimpleApplication@67f119f1
----------------- Done invoking toplevel() on ptolemy.moml.MoMLSimpleApplication@67f119f1
reloadAllAccessors: .Clock5

===========================================================================================
----------------- testing Thu Apr 18 13:38:33 UTC 2019 /home/travis/build/icyphy/ptII/ptolemy/actor/lib/test/auto/Clock6.xml
----------------- Instantiating /home/travis/build/icyphy/ptII/ptolemy/actor/lib/test/auto/Clock6.xml
1 ms. Memory: 719360K Free: 171994K (24%)
----------------- Invoking toplevel() on ptolemy.moml.MoMLSimpleApplication@66cf3f98
----------------- Done invoking toplevel() on ptolemy.moml.MoMLSimpleApplication@66cf3f98
reloadAllAccessors: .Clock6

===========================================================================================
----------------- testing Thu Apr 18 13:38:33 UTC 2019 /home/travis/build/icyphy/ptII/ptolemy/actor/lib/test/auto/Clock7.xml
----------------- Instantiating /home/travis/build/icyphy/ptII/ptolemy/actor/lib/test/auto/Clock7.xml
2 ms. Memory: 719360K Free: 163720K (23%)
----------------- Invoking toplevel() on ptolemy.moml.MoMLSimpleApplication@46563e9b
----------------- Done invoking toplevel() on ptolemy.moml.MoMLSimpleApplication@46563e9b
reloadAllAccessors: .Clock7

===========================================================================================
----------------- testing Thu Apr 18 13:38:33 UTC 2019 /home/travis/build/icyphy/ptII/ptolemy/actor/lib/test/auto/Clock8.xml
----------------- Instantiating /home/travis/build/icyphy/ptII/ptolemy/actor/lib/test/auto/Clock8.xml
6 ms. Memory: 719360K Free: 155446K (22%)
----------------- Invoking toplevel() on ptolemy.moml.MoMLSimpleApplication@70a9f956
----------------- Done invoking toplevel() on ptolemy.moml.MoMLSimpleApplication@70a9f956
reloadAllAccessors: .Clock8

===========================================================================================
----------------- testing Thu Apr 18 13:38:33 UTC 2019 /home/travis/build/icyphy/ptII/ptolemy/actor/lib/test/auto/Clock9.xml
----------------- Instantiating /home/travis/build/icyphy/ptII/ptolemy/actor/lib/test/auto/Clock9.xml
8 ms. Memory: 719360K Free: 147172K (20%)
----------------- Invoking toplevel() on ptolemy.moml.MoMLSimpleApplication@5d941b05
----------------- Done invoking toplevel() on ptolemy.moml.MoMLSimpleApplication@5d941b05
reloadAllAccessors: .Clock9

===========================================================================================
----------------- testing Thu Apr 18 13:38:33 UTC 2019 /home/travis/build/icyphy/ptII/ptolemy/actor/lib/test/auto/CommDistDiscard.xml
----------------- Instantiating /home/travis/build/icyphy/ptII/ptolemy/actor/lib/test/auto/CommDistDiscard.xml
4 ms. Memory: 719360K Free: 130818K (18%)
----------------- Invoking toplevel() on ptolemy.moml.MoMLSimpleApplication@27c76ac5
----------------- Done invoking toplevel() on ptolemy.moml.MoMLSimpleApplication@27c76ac5
reloadAllAccessors: .CommDistDiscard

===========================================================================================
----------------- testing Thu Apr 18 13:38:33 UTC 2019 /home/travis/build/icyphy/ptII/ptolemy/actor/lib/test/auto/Commutator.xml
----------------- Instantiating /home/travis/build/icyphy/ptII/ptolemy/actor/lib/test/auto/Commutator.xml
4 ms. Memory: 719360K Free: 122544K (17%)
----------------- Invoking toplevel() on ptolemy.moml.MoMLSimpleApplication@1069c587
----------------- Done invoking toplevel() on ptolemy.moml.MoMLSimpleApplication@1069c587
reloadAllAccessors: .Commutator

===========================================================================================
----------------- testing Thu Apr 18 13:38:33 UTC 2019 /home/travis/build/icyphy/ptII/ptolemy/actor/lib/test/auto/Commutator2.xml
----------------- Instantiating /home/travis/build/icyphy/ptII/ptolemy/actor/lib/test/auto/Commutator2.xml
2 ms. Memory: 719360K Free: 114270K (16%)
----------------- Invoking toplevel() on ptolemy.moml.MoMLSimpleApplication@1712310b
----------------- Done invoking toplevel() on ptolemy.moml.MoMLSimpleApplication@1712310b
reloadAllAccessors: .Commutator2

===========================================================================================
----------------- testing Thu Apr 18 13:38:33 UTC 2019 /home/travis/build/icyphy/ptII/ptolemy/actor/lib/test/auto/Commutator3.xml
----------------- Instantiating /home/travis/build/icyphy/ptII/ptolemy/actor/lib/test/auto/Commutator3.xml
3 ms. Memory: 719360K Free: 97916K (14%)
----------------- Invoking toplevel() on ptolemy.moml.MoMLSimpleApplication@4d4b42dc
----------------- Done invoking toplevel() on ptolemy.moml.MoMLSimpleApplication@4d4b42dc
reloadAllAccessors: .Commutator3

===========================================================================================
----------------- testing Thu Apr 18 13:38:33 UTC 2019 /home/travis/build/icyphy/ptII/ptolemy/actor/lib/test/auto/Compare.xml
----------------- Instantiating /home/travis/build/icyphy/ptII/ptolemy/actor/lib/test/auto/Compare.xml
2 ms. Memory: 719360K Free: 85497K (12%)
----------------- Invoking toplevel() on ptolemy.moml.MoMLSimpleApplication@4a20097d
----------------- Done invoking toplevel() on ptolemy.moml.MoMLSimpleApplication@4a20097d
reloadAllAccessors: .Compare

===========================================================================================
----------------- testing Thu Apr 18 13:38:33 UTC 2019 /home/travis/build/icyphy/ptII/ptolemy/actor/lib/test/auto/CompareDE.xml
----------------- Instantiating /home/travis/build/icyphy/ptII/ptolemy/actor/lib/test/auto/CompareDE.xml
5 ms. Memory: 719360K Free: 77223K (11%)
----------------- Invoking toplevel() on ptolemy.moml.MoMLSimpleApplication@10cec094
----------------- Done invoking toplevel() on ptolemy.moml.MoMLSimpleApplication@10cec094
reloadAllAccessors: .CompareDE

===========================================================================================
----------------- testing Thu Apr 18 13:38:33 UTC 2019 /home/travis/build/icyphy/ptII/ptolemy/actor/lib/test/auto/ComplexDivide.xml
----------------- Instantiating /home/travis/build/icyphy/ptII/ptolemy/actor/lib/test/auto/ComplexDivide.xml
2 ms. Memory: 719360K Free: 68949K (10%)
----------------- Invoking toplevel() on ptolemy.moml.MoMLSimpleApplication@6b4d123b
----------------- Done invoking toplevel() on ptolemy.moml.MoMLSimpleApplication@6b4d123b
reloadAllAccessors: .ComplexDivide

===========================================================================================
----------------- testing Thu Apr 18 13:38:33 UTC 2019 /home/travis/build/icyphy/ptII/ptolemy/actor/lib/test/auto/ComputeHistogram.xml
----------------- Instantiating /home/travis/build/icyphy/ptII/ptolemy/actor/lib/test/auto/ComputeHistogram.xml
36 ms. Memory: 719872K Free: 667083K (93%)
----------------- Invoking toplevel() on ptolemy.moml.MoMLSimpleApplication@6e7eb7d2
----------------- Done invoking toplevel() on ptolemy.moml.MoMLSimpleApplication@6e7eb7d2
reloadAllAccessors: .ComputeHistogram

===========================================================================================
----------------- testing Thu Apr 18 13:38:33 UTC 2019 /home/travis/build/icyphy/ptII/ptolemy/actor/lib/test/auto/ConfigurationSelect.xml
----------------- Instantiating /home/travis/build/icyphy/ptII/ptolemy/actor/lib/test/auto/ConfigurationSelect.xml
3 ms. Memory: 719872K Free: 652732K (91%)
----------------- Invoking toplevel() on ptolemy.moml.MoMLSimpleApplication@32f67532
----------------- Done invoking toplevel() on ptolemy.moml.MoMLSimpleApplication@32f67532
reloadAllAccessors: .ConfigurationSelect

===========================================================================================
----------------- testing Thu Apr 18 13:38:33 UTC 2019 /home/travis/build/icyphy/ptII/ptolemy/actor/lib/test/auto/ConfigurationSelect2.xml
----------------- Instantiating /home/travis/build/icyphy/ptII/ptolemy/actor/lib/test/auto/ConfigurationSelect2.xml
2 ms. Memory: 719872K Free: 644458K (90%)
----------------- Invoking toplevel() on ptolemy.moml.MoMLSimpleApplication@2d5d8b9
----------------- Done invoking toplevel() on ptolemy.moml.MoMLSimpleApplication@2d5d8b9
reloadAllAccessors: .ConfigurationSelect2

===========================================================================================
----------------- testing Thu Apr 18 13:38:33 UTC 2019 /home/travis/build/icyphy/ptII/ptolemy/actor/lib/test/auto/ConfigurationSwitch.xml
----------------- Instantiating /home/travis/build/icyphy/ptII/ptolemy/actor/lib/test/auto/ConfigurationSwitch.xml
2 ms. Memory: 719872K Free: 630106K (88%)
----------------- Invoking toplevel() on ptolemy.moml.MoMLSimpleApplication@5dab92e1
----------------- Done invoking toplevel() on ptolemy.moml.MoMLSimpleApplication@5dab92e1
reloadAllAccessors: .ConfigurationSwitch

===========================================================================================
----------------- testing Thu Apr 18 13:38:33 UTC 2019 /home/travis/build/icyphy/ptII/ptolemy/actor/lib/test/auto/ConfigurationSwitch2.xml
----------------- Instantiating /home/travis/build/icyphy/ptII/ptolemy/actor/lib/test/auto/ConfigurationSwitch2.xml
2 ms. Memory: 719872K Free: 621832K (86%)
----------------- Invoking toplevel() on ptolemy.moml.MoMLSimpleApplication@3ab957c3
----------------- Done invoking toplevel() on ptolemy.moml.MoMLSimpleApplication@3ab957c3
reloadAllAccessors: .ConfigurationSwitch2

===========================================================================================
----------------- testing Thu Apr 18 13:38:33 UTC 2019 /home/travis/build/icyphy/ptII/ptolemy/actor/lib/test/auto/ConfigurationSwitchCloningBugWithClassRelationGroup.xml
----------------- Instantiating /home/travis/build/icyphy/ptII/ptolemy/actor/lib/test/auto/ConfigurationSwitchCloningBugWithClassRelationGroup.xml
1 ms. Memory: 719872K Free: 609405K (85%)
----------------- Invoking toplevel() on ptolemy.moml.MoMLSimpleApplication@4803bafe
----------------- Done invoking toplevel() on ptolemy.moml.MoMLSimpleApplication@4803bafe
reloadAllAccessors: .ConfigurationSwitchCloningBugWithClassRelationGroup

===========================================================================================
----------------- testing Thu Apr 18 13:38:33 UTC 2019 /home/travis/build/icyphy/ptII/ptolemy/actor/lib/test/auto/ConfigurationSwitchSelectSDF.xml
----------------- Instantiating /home/travis/build/icyphy/ptII/ptolemy/actor/lib/test/auto/ConfigurationSwitchSelectSDF.xml
2 ms. Memory: 719872K Free: 595054K (83%)
----------------- Invoking toplevel() on ptolemy.moml.MoMLSimpleApplication@59bbba1c
----------------- Done invoking toplevel() on ptolemy.moml.MoMLSimpleApplication@59bbba1c
reloadAllAccessors: .ConfigurationSwitchSelectSDF

===========================================================================================
----------------- testing Thu Apr 18 13:38:33 UTC 2019 /home/travis/build/icyphy/ptII/ptolemy/actor/lib/test/auto/ConfigurationSwitchSelectSDF2.xml
----------------- Instantiating /home/travis/build/icyphy/ptII/ptolemy/actor/lib/test/auto/ConfigurationSwitchSelectSDF2.xml
2 ms. Memory: 719872K Free: 586780K (82%)
----------------- Invoking toplevel() on ptolemy.moml.MoMLSimpleApplication@53a8e55b
----------------- Done invoking toplevel() on ptolemy.moml.MoMLSimpleApplication@53a8e55b
reloadAllAccessors: .ConfigurationSwitchSelectSDF2

===========================================================================================
----------------- testing Thu Apr 18 13:38:33 UTC 2019 /home/travis/build/icyphy/ptII/ptolemy/actor/lib/test/auto/Const.xml
----------------- Instantiating /home/travis/build/icyphy/ptII/ptolemy/actor/lib/test/auto/Const.xml
1 ms. Memory: 719872K Free: 572429K (80%)
----------------- Invoking toplevel() on ptolemy.moml.MoMLSimpleApplication@530be304
----------------- Done invoking toplevel() on ptolemy.moml.MoMLSimpleApplication@530be304
reloadAllAccessors: .Const

===========================================================================================
----------------- testing Thu Apr 18 13:38:33 UTC 2019 /home/travis/build/icyphy/ptII/ptolemy/actor/lib/test/auto/Const2.xml
----------------- Instantiating /home/travis/build/icyphy/ptII/ptolemy/actor/lib/test/auto/Const2.xml
1 ms. Memory: 719872K Free: 564155K (78%)
----------------- Invoking toplevel() on ptolemy.moml.MoMLSimpleApplication@51a28d60
----------------- Done invoking toplevel() on ptolemy.moml.MoMLSimpleApplication@51a28d60
reloadAllAccessors: .Const2

===========================================================================================
----------------- testing Thu Apr 18 13:38:33 UTC 2019 /home/travis/build/icyphy/ptII/ptolemy/actor/lib/test/auto/Const3.xml
----------------- Instantiating /home/travis/build/icyphy/ptII/ptolemy/actor/lib/test/auto/Const3.xml
1 ms. Memory: 719872K Free: 555881K (77%)
----------------- Invoking toplevel() on ptolemy.moml.MoMLSimpleApplication@5631e00c
----------------- Done invoking toplevel() on ptolemy.moml.MoMLSimpleApplication@5631e00c
reloadAllAccessors: .Const3

===========================================================================================
----------------- testing Thu Apr 18 13:38:33 UTC 2019 /home/travis/build/icyphy/ptII/ptolemy/actor/lib/test/auto/ConstantPublisherPort1.xml
----------------- Instantiating /home/travis/build/icyphy/ptII/ptolemy/actor/lib/test/auto/ConstantPublisherPort1.xml
7 ms. Memory: 719872K Free: 537376K (75%)
----------------- Invoking toplevel() on ptolemy.moml.MoMLSimpleApplication@2818a10d
----------------- Done invoking toplevel() on ptolemy.moml.MoMLSimpleApplication@2818a10d
reloadAllAccessors: .ConstantPublisherPort1

===========================================================================================
----------------- testing Thu Apr 18 13:38:33 UTC 2019 /home/travis/build/icyphy/ptII/ptolemy/actor/lib/test/auto/ConstantPublisherPort2.xml
----------------- Instantiating /home/travis/build/icyphy/ptII/ptolemy/actor/lib/test/auto/ConstantPublisherPort2.xml
8 ms. Memory: 719872K Free: 524949K (73%)
----------------- Invoking toplevel() on ptolemy.moml.MoMLSimpleApplication@2042d428
----------------- Done invoking toplevel() on ptolemy.moml.MoMLSimpleApplication@2042d428
reloadAllAccessors: .ConstantPublisherPort2

===========================================================================================
----------------- testing Thu Apr 18 13:38:33 UTC 2019 /home/travis/build/icyphy/ptII/ptolemy/actor/lib/test/auto/ConstantPublisherPort3.xml
----------------- Instantiating /home/travis/build/icyphy/ptII/ptolemy/actor/lib/test/auto/ConstantPublisherPort3.xml
5 ms. Memory: 719872K Free: 512522K (71%)
----------------- Invoking toplevel() on ptolemy.moml.MoMLSimpleApplication@131381f6
----------------- Done invoking toplevel() on ptolemy.moml.MoMLSimpleApplication@131381f6
reloadAllAccessors: .ConstantPublisherPort3

===========================================================================================
----------------- testing Thu Apr 18 13:38:33 UTC 2019 /home/travis/build/icyphy/ptII/ptolemy/actor/lib/test/auto/ConstantPublisherPort4.xml
----------------- Instantiating /home/travis/build/icyphy/ptII/ptolemy/actor/lib/test/auto/ConstantPublisherPort4.xml
4 ms. Memory: 719872K Free: 494018K (69%)
----------------- Invoking toplevel() on ptolemy.moml.MoMLSimpleApplication@17750e44
----------------- Done invoking toplevel() on ptolemy.moml.MoMLSimpleApplication@17750e44
reloadAllAccessors: .ConstantPublisherPort4

===========================================================================================
----------------- testing Thu Apr 18 13:38:34 UTC 2019 /home/travis/build/icyphy/ptII/ptolemy/actor/lib/test/auto/ConstantPublisherPort5.xml
----------------- Instantiating /home/travis/build/icyphy/ptII/ptolemy/actor/lib/test/auto/ConstantPublisherPort5.xml
23 ms. Memory: 719872K Free: 473317K (66%)
----------------- Invoking toplevel() on ptolemy.moml.MoMLSimpleApplication@5b79daa1
----------------- Done invoking toplevel() on ptolemy.moml.MoMLSimpleApplication@5b79daa1
reloadAllAccessors: .ConstantPublisherPort5

===========================================================================================
----------------- testing Thu Apr 18 13:38:34 UTC 2019 /home/travis/build/icyphy/ptII/ptolemy/actor/lib/test/auto/ConstantPublisherPort6.xml
----------------- Instantiating /home/travis/build/icyphy/ptII/ptolemy/actor/lib/test/auto/ConstantPublisherPort6.xml
15 ms. Memory: 719872K Free: 442402K (61%)
----------------- Invoking toplevel() on ptolemy.moml.MoMLSimpleApplication@5e338e15
----------------- Done invoking toplevel() on ptolemy.moml.MoMLSimpleApplication@5e338e15
reloadAllAccessors: .ConstantPublisherPort6

===========================================================================================
----------------- testing Thu Apr 18 13:38:34 UTC 2019 /home/travis/build/icyphy/ptII/ptolemy/actor/lib/test/auto/ConstantPublisherPort7.xml
----------------- Instantiating /home/travis/build/icyphy/ptII/ptolemy/actor/lib/test/auto/ConstantPublisherPort7.xml
18 ms. Memory: 719872K Free: 417580K (58%)
----------------- Invoking toplevel() on ptolemy.moml.MoMLSimpleApplication@2269a3b3
----------------- Done invoking toplevel() on ptolemy.moml.MoMLSimpleApplication@2269a3b3
reloadAllAccessors: .ConstantPublisherPort7

===========================================================================================
----------------- testing Thu Apr 18 13:38:34 UTC 2019 /home/travis/build/icyphy/ptII/ptolemy/actor/lib/test/auto/ConstraintMonitor1.xml
----------------- Instantiating /home/travis/build/icyphy/ptII/ptolemy/actor/lib/test/auto/ConstraintMonitor1.xml
3 ms. Memory: 719872K Free: 409306K (57%)
----------------- Invoking toplevel() on ptolemy.moml.MoMLSimpleApplication@4f886739
----------------- Done invoking toplevel() on ptolemy.moml.MoMLSimpleApplication@4f886739
reloadAllAccessors: .ConstraintMonitor1

===========================================================================================
----------------- testing Thu Apr 18 13:38:34 UTC 2019 /home/travis/build/icyphy/ptII/ptolemy/actor/lib/test/auto/ConstraintMonitor2.xml
----------------- Instantiating /home/travis/build/icyphy/ptII/ptolemy/actor/lib/test/auto/ConstraintMonitor2.xml
9 ms. Memory: 719872K Free: 394954K (55%)
----------------- Invoking toplevel() on ptolemy.moml.MoMLSimpleApplication@38a033da
----------------- Done invoking toplevel() on ptolemy.moml.MoMLSimpleApplication@38a033da
reloadAllAccessors: .ConstraintMonitor2

===========================================================================================
----------------- testing Thu Apr 18 13:38:34 UTC 2019 /home/travis/build/icyphy/ptII/ptolemy/actor/lib/test/auto/ConstraintMonitor3.xml
----------------- Instantiating /home/travis/build/icyphy/ptII/ptolemy/actor/lib/test/auto/ConstraintMonitor3.xml
5 ms. Memory: 719872K Free: 386680K (54%)
----------------- Invoking toplevel() on ptolemy.moml.MoMLSimpleApplication@3475f123
----------------- Done invoking toplevel() on ptolemy.moml.MoMLSimpleApplication@3475f123
reloadAllAccessors: .ConstraintMonitor3

===========================================================================================
----------------- testing Thu Apr 18 13:38:34 UTC 2019 /home/travis/build/icyphy/ptII/ptolemy/actor/lib/test/auto/ConstraintMonitor4.xml
----------------- Instantiating /home/travis/build/icyphy/ptII/ptolemy/actor/lib/test/auto/ConstraintMonitor4.xml
2 ms. Memory: 719872K Free: 378406K (53%)
----------------- Invoking toplevel() on ptolemy.moml.MoMLSimpleApplication@601dfd36
----------------- Done invoking toplevel() on ptolemy.moml.MoMLSimpleApplication@601dfd36
reloadAllAccessors: .ConstraintMonitor4

===========================================================================================
----------------- testing Thu Apr 18 13:38:34 UTC 2019 /home/travis/build/icyphy/ptII/ptolemy/actor/lib/test/auto/ConstraintMonitor5.xml
----------------- Instantiating /home/travis/build/icyphy/ptII/ptolemy/actor/lib/test/auto/ConstraintMonitor5.xml
6 ms. Memory: 719872K Free: 364055K (51%)
----------------- Invoking toplevel() on ptolemy.moml.MoMLSimpleApplication@7edf1e5f
----------------- Done invoking toplevel() on ptolemy.moml.MoMLSimpleApplication@7edf1e5f
reloadAllAccessors: .ConstraintMonitor5

===========================================================================================
----------------- testing Thu Apr 18 13:38:34 UTC 2019 /home/travis/build/icyphy/ptII/ptolemy/actor/lib/test/auto/ConstraintMonitor6.xml
----------------- Instantiating /home/travis/build/icyphy/ptII/ptolemy/actor/lib/test/auto/ConstraintMonitor6.xml
2 ms. Memory: 719872K Free: 355781K (49%)
----------------- Invoking toplevel() on ptolemy.moml.MoMLSimpleApplication@4ca2181
----------------- Done invoking toplevel() on ptolemy.moml.MoMLSimpleApplication@4ca2181
reloadAllAccessors: .ConstraintMonitor6

===========================================================================================
----------------- testing Thu Apr 18 13:38:34 UTC 2019 /home/travis/build/icyphy/ptII/ptolemy/actor/lib/test/auto/ConstraintMonitor7.xml
----------------- Instantiating /home/travis/build/icyphy/ptII/ptolemy/actor/lib/test/auto/ConstraintMonitor7.xml
2 ms. Memory: 719872K Free: 341429K (47%)
----------------- Invoking toplevel() on ptolemy.moml.MoMLSimpleApplication@e29579f
----------------- Done invoking toplevel() on ptolemy.moml.MoMLSimpleApplication@e29579f
reloadAllAccessors: .ConstraintMonitor7

===========================================================================================
----------------- testing Thu Apr 18 13:38:34 UTC 2019 /home/travis/build/icyphy/ptII/ptolemy/actor/lib/test/auto/ConstraintMonitor8.xml
----------------- Instantiating /home/travis/build/icyphy/ptII/ptolemy/actor/lib/test/auto/ConstraintMonitor8.xml
8 ms. Memory: 719872K Free: 329010K (46%)
----------------- Invoking toplevel() on ptolemy.moml.MoMLSimpleApplication@58fdb8cd
----------------- Done invoking toplevel() on ptolemy.moml.MoMLSimpleApplication@58fdb8cd
reloadAllAccessors: .ConstraintMonitor8

===========================================================================================
----------------- testing Thu Apr 18 13:38:34 UTC 2019 /home/travis/build/icyphy/ptII/ptolemy/actor/lib/test/auto/Counter.xml
----------------- Instantiating /home/travis/build/icyphy/ptII/ptolemy/actor/lib/test/auto/Counter.xml
2 ms. Memory: 719872K Free: 320736K (45%)
----------------- Invoking toplevel() on ptolemy.moml.MoMLSimpleApplication@2df33b6c
----------------- Done invoking toplevel() on ptolemy.moml.MoMLSimpleApplication@2df33b6c
reloadAllAccessors: .Counter

===========================================================================================
----------------- testing Thu Apr 18 13:38:34 UTC 2019 /home/travis/build/icyphy/ptII/ptolemy/actor/lib/test/auto/CurrentTimeSDF.xml
----------------- Instantiating /home/travis/build/icyphy/ptII/ptolemy/actor/lib/test/auto/CurrentTimeSDF.xml
2 ms. Memory: 719872K Free: 306385K (43%)
----------------- Invoking toplevel() on ptolemy.moml.MoMLSimpleApplication@3f903d8e
----------------- Done invoking toplevel() on ptolemy.moml.MoMLSimpleApplication@3f903d8e
reloadAllAccessors: .CurrentTimeSDF

===========================================================================================
----------------- testing Thu Apr 18 13:38:34 UTC 2019 /home/travis/build/icyphy/ptII/ptolemy/actor/lib/test/auto/DB.xml
----------------- Instantiating /home/travis/build/icyphy/ptII/ptolemy/actor/lib/test/auto/DB.xml
2 ms. Memory: 719872K Free: 298111K (41%)
----------------- Invoking toplevel() on ptolemy.moml.MoMLSimpleApplication@43ad32d9
----------------- Done invoking toplevel() on ptolemy.moml.MoMLSimpleApplication@43ad32d9
reloadAllAccessors: .DB

===========================================================================================
----------------- testing Thu Apr 18 13:38:34 UTC 2019 /home/travis/build/icyphy/ptII/ptolemy/actor/lib/test/auto/DBDE.xml
----------------- Instantiating /home/travis/build/icyphy/ptII/ptolemy/actor/lib/test/auto/DBDE.xml
2 ms. Memory: 719872K Free: 289837K (40%)
----------------- Invoking toplevel() on ptolemy.moml.MoMLSimpleApplication@12477b43
----------------- Done invoking toplevel() on ptolemy.moml.MoMLSimpleApplication@12477b43
reloadAllAccessors: .DBDE

===========================================================================================
----------------- testing Thu Apr 18 13:38:34 UTC 2019 /home/travis/build/icyphy/ptII/ptolemy/actor/lib/test/auto/DateConstructor.xml
----------------- Instantiating /home/travis/build/icyphy/ptII/ptolemy/actor/lib/test/auto/DateConstructor.xml
15 ms. Memory: 719872K Free: 263043K (37%)
----------------- Invoking toplevel() on ptolemy.moml.MoMLSimpleApplication@ca4c2fd
----------------- Done invoking toplevel() on ptolemy.moml.MoMLSimpleApplication@ca4c2fd
reloadAllAccessors: .DateConstructor

===========================================================================================
----------------- testing Thu Apr 18 13:38:34 UTC 2019 /home/travis/build/icyphy/ptII/ptolemy/actor/lib/test/auto/DelayTime.xml
----------------- Instantiating /home/travis/build/icyphy/ptII/ptolemy/actor/lib/test/auto/DelayTime.xml
3 ms. Memory: 719872K Free: 254769K (35%)
----------------- Invoking toplevel() on ptolemy.moml.MoMLSimpleApplication@1631adda
----------------- Done invoking toplevel() on ptolemy.moml.MoMLSimpleApplication@1631adda
reloadAllAccessors: .DelayTime

===========================================================================================
----------------- testing Thu Apr 18 13:38:34 UTC 2019 /home/travis/build/icyphy/ptII/ptolemy/actor/lib/test/auto/Dictionary1.xml
----------------- Instantiating /home/travis/build/icyphy/ptII/ptolemy/actor/lib/test/auto/Dictionary1.xml
2 ms. Memory: 719872K Free: 240417K (33%)
----------------- Invoking toplevel() on ptolemy.moml.MoMLSimpleApplication@236d7cb
----------------- Done invoking toplevel() on ptolemy.moml.MoMLSimpleApplication@236d7cb
reloadAllAccessors: .Dictionary1

===========================================================================================
----------------- testing Thu Apr 18 13:38:34 UTC 2019 /home/travis/build/icyphy/ptII/ptolemy/actor/lib/test/auto/Dictionary2.xml
----------------- Instantiating /home/travis/build/icyphy/ptII/ptolemy/actor/lib/test/auto/Dictionary2.xml
3 ms. Memory: 719872K Free: 232143K (32%)
----------------- Invoking toplevel() on ptolemy.moml.MoMLSimpleApplication@43f746de
----------------- Done invoking toplevel() on ptolemy.moml.MoMLSimpleApplication@43f746de
reloadAllAccessors: .Dictionary2

===========================================================================================
----------------- testing Thu Apr 18 13:38:34 UTC 2019 /home/travis/build/icyphy/ptII/ptolemy/actor/lib/test/auto/Dictionary3.xml
----------------- Instantiating /home/travis/build/icyphy/ptII/ptolemy/actor/lib/test/auto/Dictionary3.xml
2 ms. Memory: 719872K Free: 223869K (31%)
----------------- Invoking toplevel() on ptolemy.moml.MoMLSimpleApplication@1929303f
----------------- Done invoking toplevel() on ptolemy.moml.MoMLSimpleApplication@1929303f
reloadAllAccessors: .Dictionary3

===========================================================================================
----------------- testing Thu Apr 18 13:38:34 UTC 2019 /home/travis/build/icyphy/ptII/ptolemy/actor/lib/test/auto/Dictionary4.xml
----------------- Instantiating /home/travis/build/icyphy/ptII/ptolemy/actor/lib/test/auto/Dictionary4.xml
4 ms. Memory: 719872K Free: 205365K (29%)
----------------- Invoking toplevel() on ptolemy.moml.MoMLSimpleApplication@5411f3c3
----------------- Done invoking toplevel() on ptolemy.moml.MoMLSimpleApplication@5411f3c3
reloadAllAccessors: .Dictionary4

===========================================================================================
----------------- testing Thu Apr 18 13:38:34 UTC 2019 /home/travis/build/icyphy/ptII/ptolemy/actor/lib/test/auto/Differential.xml
----------------- Instantiating /home/travis/build/icyphy/ptII/ptolemy/actor/lib/test/auto/Differential.xml
3 ms. Memory: 719872K Free: 197091K (27%)
----------------- Invoking toplevel() on ptolemy.moml.MoMLSimpleApplication@3b9dabc0
----------------- Done invoking toplevel() on ptolemy.moml.MoMLSimpleApplication@3b9dabc0
reloadAllAccessors: .Differential

===========================================================================================
----------------- testing Thu Apr 18 13:38:34 UTC 2019 /home/travis/build/icyphy/ptII/ptolemy/actor/lib/test/auto/Director.xml
----------------- Instantiating /home/travis/build/icyphy/ptII/ptolemy/actor/lib/test/auto/Director.xml
1 ms. Memory: 719872K Free: 188817K (26%)
----------------- Invoking toplevel() on ptolemy.moml.MoMLSimpleApplication@4ebf0f2
----------------- Done invoking toplevel() on ptolemy.moml.MoMLSimpleApplication@4ebf0f2
reloadAllAccessors: .Director

===========================================================================================
----------------- testing Thu Apr 18 13:38:34 UTC 2019 /home/travis/build/icyphy/ptII/ptolemy/actor/lib/test/auto/DiscreteClock.xml
----------------- Instantiating /home/travis/build/icyphy/ptII/ptolemy/actor/lib/test/auto/DiscreteClock.xml
2 ms. Memory: 719872K Free: 174466K (24%)
----------------- Invoking toplevel() on ptolemy.moml.MoMLSimpleApplication@715fa038
----------------- Done invoking toplevel() on ptolemy.moml.MoMLSimpleApplication@715fa038
reloadAllAccessors: .DiscreteClock

===========================================================================================
----------------- testing Thu Apr 18 13:38:34 UTC 2019 /home/travis/build/icyphy/ptII/ptolemy/actor/lib/test/auto/DiscreteClock10.xml
----------------- Instantiating /home/travis/build/icyphy/ptII/ptolemy/actor/lib/test/auto/DiscreteClock10.xml
4 ms. Memory: 719872K Free: 166192K (23%)
----------------- Invoking toplevel() on ptolemy.moml.MoMLSimpleApplication@2af1682a
----------------- Done invoking toplevel() on ptolemy.moml.MoMLSimpleApplication@2af1682a
reloadAllAccessors: .DiscreteClock10

===========================================================================================
----------------- testing Thu Apr 18 13:38:34 UTC 2019 /home/travis/build/icyphy/ptII/ptolemy/actor/lib/test/auto/DiscreteClock11.xml
----------------- Instantiating /home/travis/build/icyphy/ptII/ptolemy/actor/lib/test/auto/DiscreteClock11.xml
4 ms. Memory: 719872K Free: 151840K (21%)
----------------- Invoking toplevel() on ptolemy.moml.MoMLSimpleApplication@5de9c42b
----------------- Done invoking toplevel() on ptolemy.moml.MoMLSimpleApplication@5de9c42b
reloadAllAccessors: .DiscreteClock11

===========================================================================================
----------------- testing Thu Apr 18 13:38:34 UTC 2019 /home/travis/build/icyphy/ptII/ptolemy/actor/lib/test/auto/DiscreteClock12.xml
----------------- Instantiating /home/travis/build/icyphy/ptII/ptolemy/actor/lib/test/auto/DiscreteClock12.xml
3 ms. Memory: 719872K Free: 143566K (20%)
----------------- Invoking toplevel() on ptolemy.moml.MoMLSimpleApplication@4b6debdd
----------------- Done invoking toplevel() on ptolemy.moml.MoMLSimpleApplication@4b6debdd
reloadAllAccessors: .DiscreteClock12

===========================================================================================
----------------- testing Thu Apr 18 13:38:34 UTC 2019 /home/travis/build/icyphy/ptII/ptolemy/actor/lib/test/auto/DiscreteClock13.xml
----------------- Instantiating /home/travis/build/icyphy/ptII/ptolemy/actor/lib/test/auto/DiscreteClock13.xml
6 ms. Memory: 719872K Free: 135292K (19%)
----------------- Invoking toplevel() on ptolemy.moml.MoMLSimpleApplication@43b8b188
----------------- Done invoking toplevel() on ptolemy.moml.MoMLSimpleApplication@43b8b188
reloadAllAccessors: .DiscreteClock13

===========================================================================================
----------------- testing Thu Apr 18 13:38:34 UTC 2019 /home/travis/build/icyphy/ptII/ptolemy/actor/lib/test/auto/DiscreteClock14.xml
----------------- Instantiating /home/travis/build/icyphy/ptII/ptolemy/actor/lib/test/auto/DiscreteClock14.xml
5 ms. Memory: 719872K Free: 120940K (17%)
----------------- Invoking toplevel() on ptolemy.moml.MoMLSimpleApplication@bd45ad5
----------------- Done invoking toplevel() on ptolemy.moml.MoMLSimpleApplication@bd45ad5
reloadAllAccessors: .DiscreteClock14

===========================================================================================
----------------- testing Thu Apr 18 13:38:34 UTC 2019 /home/travis/build/icyphy/ptII/ptolemy/actor/lib/test/auto/DiscreteClock15.xml
----------------- Instantiating /home/travis/build/icyphy/ptII/ptolemy/actor/lib/test/auto/DiscreteClock15.xml
2 ms. Memory: 719872K Free: 112666K (16%)
----------------- Invoking toplevel() on ptolemy.moml.MoMLSimpleApplication@432f5bb3
----------------- Done invoking toplevel() on ptolemy.moml.MoMLSimpleApplication@432f5bb3
reloadAllAccessors: .DiscreteClock15

===========================================================================================
----------------- testing Thu Apr 18 13:38:34 UTC 2019 /home/travis/build/icyphy/ptII/ptolemy/actor/lib/test/auto/DiscreteClock16.xml
----------------- Instantiating /home/travis/build/icyphy/ptII/ptolemy/actor/lib/test/auto/DiscreteClock16.xml
10 ms. Memory: 719872K Free: 90025K (13%)
----------------- Invoking toplevel() on ptolemy.moml.MoMLSimpleApplication@129b69a5
----------------- Done invoking toplevel() on ptolemy.moml.MoMLSimpleApplication@129b69a5
reloadAllAccessors: .DiscreteClock16

===========================================================================================
----------------- testing Thu Apr 18 13:38:34 UTC 2019 /home/travis/build/icyphy/ptII/ptolemy/actor/lib/test/auto/DiscreteClock17.xml
----------------- Instantiating /home/travis/build/icyphy/ptII/ptolemy/actor/lib/test/auto/DiscreteClock17.xml
11 ms. Memory: 719872K Free: 73453K (10%)
----------------- Invoking toplevel() on ptolemy.moml.MoMLSimpleApplication@2f7ee9c6
----------------- Done invoking toplevel() on ptolemy.moml.MoMLSimpleApplication@2f7ee9c6
reloadAllAccessors: .DiscreteClock17

===========================================================================================
----------------- testing Thu Apr 18 13:38:34 UTC 2019 /home/travis/build/icyphy/ptII/ptolemy/actor/lib/test/auto/DiscreteClock18.xml
----------------- Instantiating /home/travis/build/icyphy/ptII/ptolemy/actor/lib/test/auto/DiscreteClock18.xml
14 ms. Memory: 1091584K Free: 1047330K (96%)
----------------- Invoking toplevel() on ptolemy.moml.MoMLSimpleApplication@5b9ddd93
----------------- Done invoking toplevel() on ptolemy.moml.MoMLSimpleApplication@5b9ddd93
reloadAllAccessors: .DiscreteClock18

===========================================================================================
----------------- testing Thu Apr 18 13:38:34 UTC 2019 /home/travis/build/icyphy/ptII/ptolemy/actor/lib/test/auto/DiscreteClock19.xml
----------------- Instantiating /home/travis/build/icyphy/ptII/ptolemy/actor/lib/test/auto/DiscreteClock19.xml
12 ms. Memory: 1091584K Free: 1006522K (92%)
----------------- Invoking toplevel() on ptolemy.moml.MoMLSimpleApplication@1977d48
----------------- Done invoking toplevel() on ptolemy.moml.MoMLSimpleApplication@1977d48
reloadAllAccessors: .DiscreteClock19

===========================================================================================
----------------- testing Thu Apr 18 13:38:34 UTC 2019 /home/travis/build/icyphy/ptII/ptolemy/actor/lib/test/auto/DiscreteClock2.xml
----------------- Instantiating /home/travis/build/icyphy/ptII/ptolemy/actor/lib/test/auto/DiscreteClock2.xml
6 ms. Memory: 1091584K Free: 993278K (91%)
----------------- Invoking toplevel() on ptolemy.moml.MoMLSimpleApplication@4d5bc3f3
----------------- Done invoking toplevel() on ptolemy.moml.MoMLSimpleApplication@4d5bc3f3
reloadAllAccessors: .DiscreteClock2

===========================================================================================
----------------- testing Thu Apr 18 13:38:34 UTC 2019 /home/travis/build/icyphy/ptII/ptolemy/actor/lib/test/auto/DiscreteClock20.xml
----------------- Instantiating /home/travis/build/icyphy/ptII/ptolemy/actor/lib/test/auto/DiscreteClock20.xml
6 ms. Memory: 1091584K Free: 980035K (90%)
----------------- Invoking toplevel() on ptolemy.moml.MoMLSimpleApplication@78888b73
----------------- Done invoking toplevel() on ptolemy.moml.MoMLSimpleApplication@78888b73
reloadAllAccessors: .DiscreteClock20

===========================================================================================
----------------- testing Thu Apr 18 13:38:34 UTC 2019 /home/travis/build/icyphy/ptII/ptolemy/actor/lib/test/auto/DiscreteClock21.xml
----------------- Instantiating /home/travis/build/icyphy/ptII/ptolemy/actor/lib/test/auto/DiscreteClock21.xml
6 ms. Memory: 1091584K Free: 959298K (88%)
----------------- Invoking toplevel() on ptolemy.moml.MoMLSimpleApplication@44d68ff2
----------------- Done invoking toplevel() on ptolemy.moml.MoMLSimpleApplication@44d68ff2
reloadAllAccessors: .DiscreteClock21

===========================================================================================
----------------- testing Thu Apr 18 13:38:34 UTC 2019 /home/travis/build/icyphy/ptII/ptolemy/actor/lib/test/auto/DiscreteClock22.xml
----------------- Instantiating /home/travis/build/icyphy/ptII/ptolemy/actor/lib/test/auto/DiscreteClock22.xml
7 ms. Memory: 1091584K Free: 946054K (87%)
----------------- Invoking toplevel() on ptolemy.moml.MoMLSimpleApplication@1bb13fa8
----------------- Done invoking toplevel() on ptolemy.moml.MoMLSimpleApplication@1bb13fa8
reloadAllAccessors: .DiscreteClock22

===========================================================================================
----------------- testing Thu Apr 18 13:38:34 UTC 2019 /home/travis/build/icyphy/ptII/ptolemy/actor/lib/test/auto/DiscreteClock23.xml
----------------- Instantiating /home/travis/build/icyphy/ptII/ptolemy/actor/lib/test/auto/DiscreteClock23.xml
6 ms. Memory: 1091584K Free: 932810K (85%)
----------------- Invoking toplevel() on ptolemy.moml.MoMLSimpleApplication@4c24c4d9
----------------- Done invoking toplevel() on ptolemy.moml.MoMLSimpleApplication@4c24c4d9
reloadAllAccessors: .DiscreteClock23

===========================================================================================
----------------- testing Thu Apr 18 13:38:35 UTC 2019 /home/travis/build/icyphy/ptII/ptolemy/actor/lib/test/auto/DiscreteClock24.xml
----------------- Instantiating /home/travis/build/icyphy/ptII/ptolemy/actor/lib/test/auto/DiscreteClock24.xml
3 ms. Memory: 1091584K Free: 912073K (84%)
----------------- Invoking toplevel() on ptolemy.moml.MoMLSimpleApplication@1ba55022
----------------- Done invoking toplevel() on ptolemy.moml.MoMLSimpleApplication@1ba55022
reloadAllAccessors: .DiscreteClock24

===========================================================================================
----------------- testing Thu Apr 18 13:38:35 UTC 2019 /home/travis/build/icyphy/ptII/ptolemy/actor/lib/test/auto/DiscreteClock4.xml
----------------- Instantiating /home/travis/build/icyphy/ptII/ptolemy/actor/lib/test/auto/DiscreteClock4.xml
1 ms. Memory: 1091584K Free: 898830K (82%)
----------------- Invoking toplevel() on ptolemy.moml.MoMLSimpleApplication@cfc343c
----------------- Done invoking toplevel() on ptolemy.moml.MoMLSimpleApplication@cfc343c
reloadAllAccessors: .DiscreteClock4

===========================================================================================
----------------- testing Thu Apr 18 13:38:35 UTC 2019 /home/travis/build/icyphy/ptII/ptolemy/actor/lib/test/auto/DiscreteClock5.xml
----------------- Instantiating /home/travis/build/icyphy/ptII/ptolemy/actor/lib/test/auto/DiscreteClock5.xml
1 ms. Memory: 1091584K Free: 885586K (81%)
----------------- Invoking toplevel() on ptolemy.moml.MoMLSimpleApplication@21798b71
----------------- Done invoking toplevel() on ptolemy.moml.MoMLSimpleApplication@21798b71
reloadAllAccessors: .DiscreteClock5

===========================================================================================
----------------- testing Thu Apr 18 13:38:35 UTC 2019 /home/travis/build/icyphy/ptII/ptolemy/actor/lib/test/auto/DiscreteClock6.xml
----------------- Instantiating /home/travis/build/icyphy/ptII/ptolemy/actor/lib/test/auto/DiscreteClock6.xml
1 ms. Memory: 1091584K Free: 864849K (79%)
----------------- Invoking toplevel() on ptolemy.moml.MoMLSimpleApplication@23d9d1c4
----------------- Done invoking toplevel() on ptolemy.moml.MoMLSimpleApplication@23d9d1c4
reloadAllAccessors: .DiscreteClock6

===========================================================================================
----------------- testing Thu Apr 18 13:38:35 UTC 2019 /home/travis/build/icyphy/ptII/ptolemy/actor/lib/test/auto/DiscreteClock7.xml
----------------- Instantiating /home/travis/build/icyphy/ptII/ptolemy/actor/lib/test/auto/DiscreteClock7.xml
2 ms. Memory: 1091584K Free: 851605K (78%)
----------------- Invoking toplevel() on ptolemy.moml.MoMLSimpleApplication@68a3dabb
----------------- Done invoking toplevel() on ptolemy.moml.MoMLSimpleApplication@68a3dabb
reloadAllAccessors: .DiscreteClock7

===========================================================================================
----------------- testing Thu Apr 18 13:38:35 UTC 2019 /home/travis/build/icyphy/ptII/ptolemy/actor/lib/test/auto/DiscreteClock8.xml
----------------- Instantiating /home/travis/build/icyphy/ptII/ptolemy/actor/lib/test/auto/DiscreteClock8.xml
6 ms. Memory: 1091584K Free: 838362K (77%)
----------------- Invoking toplevel() on ptolemy.moml.MoMLSimpleApplication@17f55e15
----------------- Done invoking toplevel() on ptolemy.moml.MoMLSimpleApplication@17f55e15
reloadAllAccessors: .DiscreteClock8

===========================================================================================
----------------- testing Thu Apr 18 13:38:35 UTC 2019 /home/travis/build/icyphy/ptII/ptolemy/actor/lib/test/auto/DiscreteClock9.xml
----------------- Instantiating /home/travis/build/icyphy/ptII/ptolemy/actor/lib/test/auto/DiscreteClock9.xml
6 ms. Memory: 1091584K Free: 817625K (75%)
----------------- Invoking toplevel() on ptolemy.moml.MoMLSimpleApplication@542d01ec
----------------- Done invoking toplevel() on ptolemy.moml.MoMLSimpleApplication@542d01ec
reloadAllAccessors: .DiscreteClock9

===========================================================================================
----------------- testing Thu Apr 18 13:38:35 UTC 2019 /home/travis/build/icyphy/ptII/ptolemy/actor/lib/test/auto/DisplayArray.xml
----------------- Instantiating /home/travis/build/icyphy/ptII/ptolemy/actor/lib/test/auto/DisplayArray.xml
1 ms. Memory: 1091584K Free: 804381K (74%)
----------------- Invoking toplevel() on ptolemy.moml.MoMLSimpleApplication@45bf89a9
----------------- Done invoking toplevel() on ptolemy.moml.MoMLSimpleApplication@45bf89a9
reloadAllAccessors: .DisplayArray

===========================================================================================
----------------- testing Thu Apr 18 13:38:35 UTC 2019 /home/travis/build/icyphy/ptII/ptolemy/actor/lib/test/auto/Distributor.xml
----------------- Instantiating /home/travis/build/icyphy/ptII/ptolemy/actor/lib/test/auto/Distributor.xml
1 ms. Memory: 1091584K Free: 791138K (72%)
----------------- Invoking toplevel() on ptolemy.moml.MoMLSimpleApplication@435f8de7
----------------- Done invoking toplevel() on ptolemy.moml.MoMLSimpleApplication@435f8de7
reloadAllAccessors: .Distributor

===========================================================================================
----------------- testing Thu Apr 18 13:38:35 UTC 2019 /home/travis/build/icyphy/ptII/ptolemy/actor/lib/test/auto/Distributor2.xml
----------------- Instantiating /home/travis/build/icyphy/ptII/ptolemy/actor/lib/test/auto/Distributor2.xml
1 ms. Memory: 1091584K Free: 770401K (71%)
----------------- Invoking toplevel() on ptolemy.moml.MoMLSimpleApplication@6ed239d6
----------------- Done invoking toplevel() on ptolemy.moml.MoMLSimpleApplication@6ed239d6
reloadAllAccessors: .Distributor2

===========================================================================================
----------------- testing Thu Apr 18 13:38:35 UTC 2019 /home/travis/build/icyphy/ptII/ptolemy/actor/lib/test/auto/DownSample.xml
----------------- Instantiating /home/travis/build/icyphy/ptII/ptolemy/actor/lib/test/auto/DownSample.xml
6 ms. Memory: 1112576K Free: 1050631K (94%)
----------------- Invoking toplevel() on ptolemy.moml.MoMLSimpleApplication@6524cb15
----------------- Done invoking toplevel() on ptolemy.moml.MoMLSimpleApplication@6524cb15
reloadAllAccessors: .DownSample

===========================================================================================
----------------- testing Thu Apr 18 13:38:35 UTC 2019 /home/travis/build/icyphy/ptII/ptolemy/actor/lib/test/auto/ElectronicUnitBase1.xml
----------------- Instantiating /home/travis/build/icyphy/ptII/ptolemy/actor/lib/test/auto/ElectronicUnitBase1.xml
20 ms. Memory: 1112576K Free: 1016619K (91%)
----------------- Invoking toplevel() on ptolemy.moml.MoMLSimpleApplication@3c7d9b64
----------------- Done invoking toplevel() on ptolemy.moml.MoMLSimpleApplication@3c7d9b64
reloadAllAccessors: .ElectronicUnitBase1

===========================================================================================
----------------- testing Thu Apr 18 13:38:35 UTC 2019 /home/travis/build/icyphy/ptII/ptolemy/actor/lib/test/auto/ElementsToArray.xml
----------------- Instantiating /home/travis/build/icyphy/ptII/ptolemy/actor/lib/test/auto/ElementsToArray.xml
2 ms. Memory: 1112576K Free: 1003375K (90%)
----------------- Invoking toplevel() on ptolemy.moml.MoMLSimpleApplication@4c76b412
----------------- Done invoking toplevel() on ptolemy.moml.MoMLSimpleApplication@4c76b412
reloadAllAccessors: .ElementsToArray

===========================================================================================
----------------- testing Thu Apr 18 13:38:35 UTC 2019 /home/travis/build/icyphy/ptII/ptolemy/actor/lib/test/auto/Equals.xml
----------------- Instantiating /home/travis/build/icyphy/ptII/ptolemy/actor/lib/test/auto/Equals.xml
1 ms. Memory: 1112576K Free: 990131K (89%)
----------------- Invoking toplevel() on ptolemy.moml.MoMLSimpleApplication@25c8485a
----------------- Done invoking toplevel() on ptolemy.moml.MoMLSimpleApplication@25c8485a
reloadAllAccessors: .Equals

===========================================================================================
----------------- testing Thu Apr 18 13:38:35 UTC 2019 /home/travis/build/icyphy/ptII/ptolemy/actor/lib/test/auto/Exec.xml
----------------- Instantiating /home/travis/build/icyphy/ptII/ptolemy/actor/lib/test/auto/Exec.xml
13 ms. Memory: 1112576K Free: 952840K (86%)
----------------- Invoking toplevel() on ptolemy.moml.MoMLSimpleApplication@385cef10
----------------- Done invoking toplevel() on ptolemy.moml.MoMLSimpleApplication@385cef10
reloadAllAccessors: .Exec

===========================================================================================
----------------- testing Thu Apr 18 13:38:35 UTC 2019 /home/travis/build/icyphy/ptII/ptolemy/actor/lib/test/auto/ExecEnvironment.xml
----------------- Instantiating /home/travis/build/icyphy/ptII/ptolemy/actor/lib/test/auto/ExecEnvironment.xml
22 ms. Memory: 1112576K Free: 939596K (84%)
----------------- Invoking toplevel() on ptolemy.moml.MoMLSimpleApplication@394b33b0
----------------- Done invoking toplevel() on ptolemy.moml.MoMLSimpleApplication@394b33b0
reloadAllAccessors: .ExecEnvironment

===========================================================================================
----------------- testing Thu Apr 18 13:38:35 UTC 2019 /home/travis/build/icyphy/ptII/ptolemy/actor/lib/test/auto/ExecNonZeroReturnOutput.xml
----------------- Instantiating /home/travis/build/icyphy/ptII/ptolemy/actor/lib/test/auto/ExecNonZeroReturnOutput.xml
123 ms. Memory: 1112576K Free: 840267K (76%)
----------------- Invoking toplevel() on ptolemy.moml.MoMLSimpleApplication@11a0e2c5
----------------- Done invoking toplevel() on ptolemy.moml.MoMLSimpleApplication@11a0e2c5
reloadAllAccessors: .ExecNonZeroReturnOutput

===========================================================================================
----------------- testing Thu Apr 18 13:38:36 UTC 2019 /home/travis/build/icyphy/ptII/ptolemy/actor/lib/test/auto/ExecRunDemos.xml
----------------- Instantiating /home/travis/build/icyphy/ptII/ptolemy/actor/lib/test/auto/ExecRunDemos.xml
Finished: 48 ms. Memory: 116224K Free: 100672K (87%)

Finished: 48 ms. Memory: 116224K Free: 97676K (84%)

Finished: 68 ms. Memory: 116224K Free: 98219K (85%)

Finished: 66 ms. Memory: 116224K Free: 99544K (86%)

Finished: 35 ms. Memory: 116224K Free: 100576K (87%)

8774 ms. Memory: 1112576K Free: 739984K (67%)
----------------- Invoking toplevel() on ptolemy.moml.MoMLSimpleApplication@52e59b38
----------------- Done invoking toplevel() on ptolemy.moml.MoMLSimpleApplication@52e59b38
reloadAllAccessors: .ExecRunDemos

===========================================================================================
----------------- testing Thu Apr 18 13:38:44 UTC 2019 /home/travis/build/icyphy/ptII/ptolemy/actor/lib/test/auto/ExecStop.xml
----------------- Instantiating /home/travis/build/icyphy/ptII/ptolemy/actor/lib/test/auto/ExecStop.xml
5021 ms. Memory: 1112576K Free: 521461K (47%)
----------------- Invoking toplevel() on ptolemy.moml.MoMLSimpleApplication@4406bbec
----------------- Done invoking toplevel() on ptolemy.moml.MoMLSimpleApplication@4406bbec
reloadAllAccessors: .ExecStop

===========================================================================================
----------------- testing Thu Apr 18 13:38:49 UTC 2019 /home/travis/build/icyphy/ptII/ptolemy/actor/lib/test/auto/ExecutionTimeSDF.xml
----------------- Instantiating /home/travis/build/icyphy/ptII/ptolemy/actor/lib/test/auto/ExecutionTimeSDF.xml
Fired ExecutionTime: -516967296
Fired ExecutionTime: 988400000
Fired ExecutionTime: -1654167296
6009 ms. Memory: 1112576K Free: 501580K (45%)
----------------- Invoking toplevel() on ptolemy.moml.MoMLSimpleApplication@1d71b6a6
----------------- Done invoking toplevel() on ptolemy.moml.MoMLSimpleApplication@1d71b6a6
reloadAllAccessors: .ExecutionTimeSDF

===========================================================================================
----------------- testing Thu Apr 18 13:38:55 UTC 2019 /home/travis/build/icyphy/ptII/ptolemy/actor/lib/test/auto/Expression1.xml
----------------- Instantiating /home/travis/build/icyphy/ptII/ptolemy/actor/lib/test/auto/Expression1.xml
1 ms. Memory: 1112576K Free: 480843K (43%)
----------------- Invoking toplevel() on ptolemy.moml.MoMLSimpleApplication@81cb40a
----------------- Done invoking toplevel() on ptolemy.moml.MoMLSimpleApplication@81cb40a
reloadAllAccessors: .Expression1

===========================================================================================
----------------- testing Thu Apr 18 13:38:55 UTC 2019 /home/travis/build/icyphy/ptII/ptolemy/actor/lib/test/auto/Expression10.xml
----------------- Instantiating /home/travis/build/icyphy/ptII/ptolemy/actor/lib/test/auto/Expression10.xml
4 ms. Memory: 1112576K Free: 467599K (42%)
----------------- Invoking toplevel() on ptolemy.moml.MoMLSimpleApplication@59bc0083
----------------- Done invoking toplevel() on ptolemy.moml.MoMLSimpleApplication@59bc0083
reloadAllAccessors: .Expression10

===========================================================================================
----------------- testing Thu Apr 18 13:38:55 UTC 2019 /home/travis/build/icyphy/ptII/ptolemy/actor/lib/test/auto/Expression11.xml
----------------- Instantiating /home/travis/build/icyphy/ptII/ptolemy/actor/lib/test/auto/Expression11.xml
2 ms. Memory: 1112576K Free: 454355K (41%)
----------------- Invoking toplevel() on ptolemy.moml.MoMLSimpleApplication@67092ad4
----------------- Done invoking toplevel() on ptolemy.moml.MoMLSimpleApplication@67092ad4
reloadAllAccessors: .Expression11

===========================================================================================
----------------- testing Thu Apr 18 13:38:55 UTC 2019 /home/travis/build/icyphy/ptII/ptolemy/actor/lib/test/auto/Expression12.xml
----------------- Instantiating /home/travis/build/icyphy/ptII/ptolemy/actor/lib/test/auto/Expression12.xml
2 ms. Memory: 1112576K Free: 433618K (39%)
----------------- Invoking toplevel() on ptolemy.moml.MoMLSimpleApplication@4d75e579
----------------- Done invoking toplevel() on ptolemy.moml.MoMLSimpleApplication@4d75e579
reloadAllAccessors: .Expression12

===========================================================================================
----------------- testing Thu Apr 18 13:38:55 UTC 2019 /home/travis/build/icyphy/ptII/ptolemy/actor/lib/test/auto/Expression13.xml
----------------- Instantiating /home/travis/build/icyphy/ptII/ptolemy/actor/lib/test/auto/Expression13.xml
3 ms. Memory: 1112576K Free: 420375K (38%)
----------------- Invoking toplevel() on ptolemy.moml.MoMLSimpleApplication@708e89b2
----------------- Done invoking toplevel() on ptolemy.moml.MoMLSimpleApplication@708e89b2
reloadAllAccessors: .Expression13

===========================================================================================
----------------- testing Thu Apr 18 13:38:56 UTC 2019 /home/travis/build/icyphy/ptII/ptolemy/actor/lib/test/auto/Expression14.xml
----------------- Instantiating /home/travis/build/icyphy/ptII/ptolemy/actor/lib/test/auto/Expression14.xml
4 ms. Memory: 1112576K Free: 407131K (37%)
----------------- Invoking toplevel() on ptolemy.moml.MoMLSimpleApplication@6a983f96
----------------- Done invoking toplevel() on ptolemy.moml.MoMLSimpleApplication@6a983f96
reloadAllAccessors: .Expression14

===========================================================================================
----------------- testing Thu Apr 18 13:38:56 UTC 2019 /home/travis/build/icyphy/ptII/ptolemy/actor/lib/test/auto/Expression15.xml
----------------- Instantiating /home/travis/build/icyphy/ptII/ptolemy/actor/lib/test/auto/Expression15.xml
1 ms. Memory: 1112576K Free: 393887K (35%)
----------------- Invoking toplevel() on ptolemy.moml.MoMLSimpleApplication@4d58e0e6
----------------- Done invoking toplevel() on ptolemy.moml.MoMLSimpleApplication@4d58e0e6
reloadAllAccessors: .Expression15

===========================================================================================
----------------- testing Thu Apr 18 13:38:56 UTC 2019 /home/travis/build/icyphy/ptII/ptolemy/actor/lib/test/auto/Expression16.xml
----------------- Instantiating /home/travis/build/icyphy/ptII/ptolemy/actor/lib/test/auto/Expression16.xml
2 ms. Memory: 1112576K Free: 373150K (34%)
----------------- Invoking toplevel() on ptolemy.moml.MoMLSimpleApplication@7a1b4539
----------------- Done invoking toplevel() on ptolemy.moml.MoMLSimpleApplication@7a1b4539
reloadAllAccessors: .Expression16

===========================================================================================
----------------- testing Thu Apr 18 13:38:56 UTC 2019 /home/travis/build/icyphy/ptII/ptolemy/actor/lib/test/auto/Expression17.xml
----------------- Instantiating /home/travis/build/icyphy/ptII/ptolemy/actor/lib/test/auto/Expression17.xml
3 ms. Memory: 1112576K Free: 359907K (32%)
----------------- Invoking toplevel() on ptolemy.moml.MoMLSimpleApplication@2b70ab18
----------------- Done invoking toplevel() on ptolemy.moml.MoMLSimpleApplication@2b70ab18
reloadAllAccessors: .Expression17

===========================================================================================
----------------- testing Thu Apr 18 13:38:56 UTC 2019 /home/travis/build/icyphy/ptII/ptolemy/actor/lib/test/auto/Expression18.xml
----------------- Instantiating /home/travis/build/icyphy/ptII/ptolemy/actor/lib/test/auto/Expression18.xml
2 ms. Memory: 1112576K Free: 346663K (31%)
----------------- Invoking toplevel() on ptolemy.moml.MoMLSimpleApplication@2f288472
----------------- Done invoking toplevel() on ptolemy.moml.MoMLSimpleApplication@2f288472
reloadAllAccessors: .Expression18

===========================================================================================
----------------- testing Thu Apr 18 13:38:56 UTC 2019 /home/travis/build/icyphy/ptII/ptolemy/actor/lib/test/auto/Expression2.xml
----------------- Instantiating /home/travis/build/icyphy/ptII/ptolemy/actor/lib/test/auto/Expression2.xml
4 ms. Memory: 1112576K Free: 325926K (29%)
----------------- Invoking toplevel() on ptolemy.moml.MoMLSimpleApplication@6ce19b6e
----------------- Done invoking toplevel() on ptolemy.moml.MoMLSimpleApplication@6ce19b6e
reloadAllAccessors: .Expression2

===========================================================================================
----------------- testing Thu Apr 18 13:38:56 UTC 2019 /home/travis/build/icyphy/ptII/ptolemy/actor/lib/test/auto/Expression3.xml
----------------- Instantiating /home/travis/build/icyphy/ptII/ptolemy/actor/lib/test/auto/Expression3.xml
2 ms. Memory: 1112576K Free: 312683K (28%)
----------------- Invoking toplevel() on ptolemy.moml.MoMLSimpleApplication@544ef058
----------------- Done invoking toplevel() on ptolemy.moml.MoMLSimpleApplication@544ef058
reloadAllAccessors: .Expression3

===========================================================================================
----------------- testing Thu Apr 18 13:38:56 UTC 2019 /home/travis/build/icyphy/ptII/ptolemy/actor/lib/test/auto/Expression4.xml
----------------- Instantiating /home/travis/build/icyphy/ptII/ptolemy/actor/lib/test/auto/Expression4.xml
4 ms. Memory: 1112576K Free: 299439K (27%)
----------------- Invoking toplevel() on ptolemy.moml.MoMLSimpleApplication@4eb022f9
----------------- Done invoking toplevel() on ptolemy.moml.MoMLSimpleApplication@4eb022f9
reloadAllAccessors: .Expression4

===========================================================================================
----------------- testing Thu Apr 18 13:38:56 UTC 2019 /home/travis/build/icyphy/ptII/ptolemy/actor/lib/test/auto/Expression5.xml
----------------- Instantiating /home/travis/build/icyphy/ptII/ptolemy/actor/lib/test/auto/Expression5.xml
3 ms. Memory: 1112576K Free: 278702K (25%)
----------------- Invoking toplevel() on ptolemy.moml.MoMLSimpleApplication@cea536e
----------------- Done invoking toplevel() on ptolemy.moml.MoMLSimpleApplication@cea536e
reloadAllAccessors: .Expression5

===========================================================================================
----------------- testing Thu Apr 18 13:38:56 UTC 2019 /home/travis/build/icyphy/ptII/ptolemy/actor/lib/test/auto/Expression6.xml
----------------- Instantiating /home/travis/build/icyphy/ptII/ptolemy/actor/lib/test/auto/Expression6.xml
2 ms. Memory: 1112576K Free: 265458K (24%)
----------------- Invoking toplevel() on ptolemy.moml.MoMLSimpleApplication@2c9a2487
----------------- Done invoking toplevel() on ptolemy.moml.MoMLSimpleApplication@2c9a2487
reloadAllAccessors: .Expression6

===========================================================================================
----------------- testing Thu Apr 18 13:38:56 UTC 2019 /home/travis/build/icyphy/ptII/ptolemy/actor/lib/test/auto/Expression7.xml
----------------- Instantiating /home/travis/build/icyphy/ptII/ptolemy/actor/lib/test/auto/Expression7.xml
3 ms. Memory: 1112576K Free: 252214K (23%)
----------------- Invoking toplevel() on ptolemy.moml.MoMLSimpleApplication@49b2f7a6
----------------- Done invoking toplevel() on ptolemy.moml.MoMLSimpleApplication@49b2f7a6
reloadAllAccessors: .Expression7

===========================================================================================
----------------- testing Thu Apr 18 13:38:56 UTC 2019 /home/travis/build/icyphy/ptII/ptolemy/actor/lib/test/auto/Expression8.xml
----------------- Instantiating /home/travis/build/icyphy/ptII/ptolemy/actor/lib/test/auto/Expression8.xml
4 ms. Memory: 1112576K Free: 238971K (21%)
----------------- Invoking toplevel() on ptolemy.moml.MoMLSimpleApplication@3c8de72
----------------- Done invoking toplevel() on ptolemy.moml.MoMLSimpleApplication@3c8de72
reloadAllAccessors: .Expression8

===========================================================================================
----------------- testing Thu Apr 18 13:38:56 UTC 2019 /home/travis/build/icyphy/ptII/ptolemy/actor/lib/test/auto/Expression9.xml
----------------- Instantiating /home/travis/build/icyphy/ptII/ptolemy/actor/lib/test/auto/Expression9.xml
2 ms. Memory: 1112576K Free: 218234K (20%)
----------------- Invoking toplevel() on ptolemy.moml.MoMLSimpleApplication@665f15cc
----------------- Done invoking toplevel() on ptolemy.moml.MoMLSimpleApplication@665f15cc
reloadAllAccessors: .Expression9

===========================================================================================
----------------- testing Thu Apr 18 13:38:56 UTC 2019 /home/travis/build/icyphy/ptII/ptolemy/actor/lib/test/auto/ExpressionConcatenateArrayType.xml
----------------- Instantiating /home/travis/build/icyphy/ptII/ptolemy/actor/lib/test/auto/ExpressionConcatenateArrayType.xml
3 ms. Memory: 1112576K Free: 204990K (18%)
----------------- Invoking toplevel() on ptolemy.moml.MoMLSimpleApplication@2b03551d
----------------- Done invoking toplevel() on ptolemy.moml.MoMLSimpleApplication@2b03551d
reloadAllAccessors: .ExpressionConcatenateArrayType

===========================================================================================
----------------- testing Thu Apr 18 13:38:56 UTC 2019 /home/travis/build/icyphy/ptII/ptolemy/actor/lib/test/auto/ExpressionConcatenateArrayType2.xml
----------------- Instantiating /home/travis/build/icyphy/ptII/ptolemy/actor/lib/test/auto/ExpressionConcatenateArrayType2.xml
2 ms. Memory: 1112576K Free: 191746K (17%)
----------------- Invoking toplevel() on ptolemy.moml.MoMLSimpleApplication@3ff5b816
----------------- Done invoking toplevel() on ptolemy.moml.MoMLSimpleApplication@3ff5b816
reloadAllAccessors: .ExpressionConcatenateArrayType2

===========================================================================================
----------------- testing Thu Apr 18 13:38:56 UTC 2019 /home/travis/build/icyphy/ptII/ptolemy/actor/lib/test/auto/ExpressionFix.xml
----------------- Instantiating /home/travis/build/icyphy/ptII/ptolemy/actor/lib/test/auto/ExpressionFix.xml
8 ms. Memory: 1112576K Free: 171009K (15%)
----------------- Invoking toplevel() on ptolemy.moml.MoMLSimpleApplication@466696a1
----------------- Done invoking toplevel() on ptolemy.moml.MoMLSimpleApplication@466696a1
reloadAllAccessors: .ExpressionFix

===========================================================================================
----------------- testing Thu Apr 18 13:38:56 UTC 2019 /home/travis/build/icyphy/ptII/ptolemy/actor/lib/test/auto/ExpressionFix2.xml
----------------- Instantiating /home/travis/build/icyphy/ptII/ptolemy/actor/lib/test/auto/ExpressionFix2.xml
3 ms. Memory: 1112576K Free: 157766K (14%)
----------------- Invoking toplevel() on ptolemy.moml.MoMLSimpleApplication@4a73b4da
----------------- Done invoking toplevel() on ptolemy.moml.MoMLSimpleApplication@4a73b4da
reloadAllAccessors: .ExpressionFix2

===========================================================================================
----------------- testing Thu Apr 18 13:38:56 UTC 2019 /home/travis/build/icyphy/ptII/ptolemy/actor/lib/test/auto/ExpressionFix3.xml
----------------- Instantiating /home/travis/build/icyphy/ptII/ptolemy/actor/lib/test/auto/ExpressionFix3.xml
3 ms. Memory: 1112576K Free: 144522K (13%)
----------------- Invoking toplevel() on ptolemy.moml.MoMLSimpleApplication@bca90c1
----------------- Done invoking toplevel() on ptolemy.moml.MoMLSimpleApplication@bca90c1
reloadAllAccessors: .ExpressionFix3

===========================================================================================
----------------- testing Thu Apr 18 13:38:56 UTC 2019 /home/travis/build/icyphy/ptII/ptolemy/actor/lib/test/auto/FileWriter1.xml
----------------- Instantiating /home/travis/build/icyphy/ptII/ptolemy/actor/lib/test/auto/FileWriter1.xml
2 ms. Memory: 1112576K Free: 123785K (11%)
----------------- Invoking toplevel() on ptolemy.moml.MoMLSimpleApplication@63a5330a
----------------- Done invoking toplevel() on ptolemy.moml.MoMLSimpleApplication@63a5330a
reloadAllAccessors: .FileWriter1

===========================================================================================
----------------- testing Thu Apr 18 13:38:56 UTC 2019 /home/travis/build/icyphy/ptII/ptolemy/actor/lib/test/auto/FileWriter2.xml
----------------- Instantiating /home/travis/build/icyphy/ptII/ptolemy/actor/lib/test/auto/FileWriter2.xml
3 ms. Memory: 1112576K Free: 110541K (10%)
----------------- Invoking toplevel() on ptolemy.moml.MoMLSimpleApplication@75cadfff
----------------- Done invoking toplevel() on ptolemy.moml.MoMLSimpleApplication@75cadfff
reloadAllAccessors: .FileWriter2

===========================================================================================
----------------- testing Thu Apr 18 13:38:56 UTC 2019 /home/travis/build/icyphy/ptII/ptolemy/actor/lib/test/auto/FileWriter3.xml
----------------- Instantiating /home/travis/build/icyphy/ptII/ptolemy/actor/lib/test/auto/FileWriter3.xml
3 ms. Memory: 1112576K Free: 97298K (9%)
----------------- Invoking toplevel() on ptolemy.moml.MoMLSimpleApplication@10c609e0
----------------- Done invoking toplevel() on ptolemy.moml.MoMLSimpleApplication@10c609e0
reloadAllAccessors: .FileWriter3

===========================================================================================
----------------- testing Thu Apr 18 13:38:56 UTC 2019 /home/travis/build/icyphy/ptII/ptolemy/actor/lib/test/auto/Gaussian.xml
----------------- Instantiating /home/travis/build/icyphy/ptII/ptolemy/actor/lib/test/auto/Gaussian.xml
2 ms. Memory: 1112576K Free: 84054K (8%)
----------------- Invoking toplevel() on ptolemy.moml.MoMLSimpleApplication@2dc567ba
----------------- Done invoking toplevel() on ptolemy.moml.MoMLSimpleApplication@2dc567ba
reloadAllAccessors: .Gaussian

===========================================================================================
----------------- testing Thu Apr 18 13:38:56 UTC 2019 /home/travis/build/icyphy/ptII/ptolemy/actor/lib/test/auto/Gaussian1.xml
----------------- Instantiating /home/travis/build/icyphy/ptII/ptolemy/actor/lib/test/auto/Gaussian1.xml
1 ms. Memory: 1246208K Free: 1193336K (96%)
----------------- Invoking toplevel() on ptolemy.moml.MoMLSimpleApplication@4b7e31c0
----------------- Done invoking toplevel() on ptolemy.moml.MoMLSimpleApplication@4b7e31c0
reloadAllAccessors: .Gaussian1

===========================================================================================
----------------- testing Thu Apr 18 13:38:56 UTC 2019 /home/travis/build/icyphy/ptII/ptolemy/actor/lib/test/auto/Gaussian2.xml
----------------- Instantiating /home/travis/build/icyphy/ptII/ptolemy/actor/lib/test/auto/Gaussian2.xml
1 ms. Memory: 1246208K Free: 1175625K (94%)
----------------- Invoking toplevel() on ptolemy.moml.MoMLSimpleApplication@2e6732a6
----------------- Done invoking toplevel() on ptolemy.moml.MoMLSimpleApplication@2e6732a6
reloadAllAccessors: .Gaussian2

===========================================================================================
----------------- testing Thu Apr 18 13:38:56 UTC 2019 /home/travis/build/icyphy/ptII/ptolemy/actor/lib/test/auto/GradientAdaptiveLattice.xml
----------------- Instantiating /home/travis/build/icyphy/ptII/ptolemy/actor/lib/test/auto/GradientAdaptiveLattice.xml
2 ms. Memory: 1246208K Free: 1164186K (93%)
----------------- Invoking toplevel() on ptolemy.moml.MoMLSimpleApplication@6dc1d87a
----------------- Done invoking toplevel() on ptolemy.moml.MoMLSimpleApplication@6dc1d87a
reloadAllAccessors: .GradientAdaptiveLattice

===========================================================================================
----------------- testing Thu Apr 18 13:38:56 UTC 2019 /home/travis/build/icyphy/ptII/ptolemy/actor/lib/test/auto/IIR.xml
----------------- Instantiating /home/travis/build/icyphy/ptII/ptolemy/actor/lib/test/auto/IIR.xml
1 ms. Memory: 1246208K Free: 1146475K (92%)
----------------- Invoking toplevel() on ptolemy.moml.MoMLSimpleApplication@4ed2e05f
----------------- Done invoking toplevel() on ptolemy.moml.MoMLSimpleApplication@4ed2e05f
reloadAllAccessors: .IIR

===========================================================================================
----------------- testing Thu Apr 18 13:38:56 UTC 2019 /home/travis/build/icyphy/ptII/ptolemy/actor/lib/test/auto/InputOutputTransparentPorts.xml
----------------- Instantiating /home/travis/build/icyphy/ptII/ptolemy/actor/lib/test/auto/InputOutputTransparentPorts.xml
1 ms. Memory: 1246208K Free: 1135037K (91%)
----------------- Invoking toplevel() on ptolemy.moml.MoMLSimpleApplication@461d532f
----------------- Done invoking toplevel() on ptolemy.moml.MoMLSimpleApplication@461d532f
reloadAllAccessors: .InputOutputTransparentPorts

===========================================================================================
----------------- testing Thu Apr 18 13:38:56 UTC 2019 /home/travis/build/icyphy/ptII/ptolemy/actor/lib/test/auto/Interpolator.xml
----------------- Instantiating /home/travis/build/icyphy/ptII/ptolemy/actor/lib/test/auto/Interpolator.xml
3 ms. Memory: 1246208K Free: 1123599K (90%)
----------------- Invoking toplevel() on ptolemy.moml.MoMLSimpleApplication@26817f94
----------------- Done invoking toplevel() on ptolemy.moml.MoMLSimpleApplication@26817f94
reloadAllAccessors: .Interpolator

===========================================================================================
----------------- testing Thu Apr 18 13:38:56 UTC 2019 /home/travis/build/icyphy/ptII/ptolemy/actor/lib/test/auto/InterpolatorFiringLimitDE.xml
----------------- Instantiating /home/travis/build/icyphy/ptII/ptolemy/actor/lib/test/auto/InterpolatorFiringLimitDE.xml
2 ms. Memory: 1246208K Free: 1105888K (89%)
----------------- Invoking toplevel() on ptolemy.moml.MoMLSimpleApplication@1feeb03a
----------------- Done invoking toplevel() on ptolemy.moml.MoMLSimpleApplication@1feeb03a
reloadAllAccessors: .InterpolatorFiringLimitDE

===========================================================================================
----------------- testing Thu Apr 18 13:38:56 UTC 2019 /home/travis/build/icyphy/ptII/ptolemy/actor/lib/test/auto/Lattice.xml
----------------- Instantiating /home/travis/build/icyphy/ptII/ptolemy/actor/lib/test/auto/Lattice.xml
0 ms. Memory: 1246208K Free: 1094450K (88%)
----------------- Invoking toplevel() on ptolemy.moml.MoMLSimpleApplication@665f9102
----------------- Done invoking toplevel() on ptolemy.moml.MoMLSimpleApplication@665f9102
reloadAllAccessors: .Lattice

===========================================================================================
----------------- testing Thu Apr 18 13:38:56 UTC 2019 /home/travis/build/icyphy/ptII/ptolemy/actor/lib/test/auto/LazyAOCTestLazy.xml
----------------- Instantiating /home/travis/build/icyphy/ptII/ptolemy/actor/lib/test/auto/LazyAOCTestLazy.xml
6 ms. Memory: 1246208K Free: 1083012K (87%)
----------------- Invoking toplevel() on ptolemy.moml.MoMLSimpleApplication@2f830ae1
----------------- Done invoking toplevel() on ptolemy.moml.MoMLSimpleApplication@2f830ae1
reloadAllAccessors: .LazyAOCTestLazy

===========================================================================================
----------------- testing Thu Apr 18 13:38:56 UTC 2019 /home/travis/build/icyphy/ptII/ptolemy/actor/lib/test/auto/LazyAOCTestNonLazy.xml
----------------- Instantiating /home/travis/build/icyphy/ptII/ptolemy/actor/lib/test/auto/LazyAOCTestNonLazy.xml
1 ms. Memory: 1246208K Free: 1065301K (85%)
----------------- Invoking toplevel() on ptolemy.moml.MoMLSimpleApplication@cf5dd96
----------------- Done invoking toplevel() on ptolemy.moml.MoMLSimpleApplication@cf5dd96
reloadAllAccessors: .LazyAOCTestNonLazy

===========================================================================================
----------------- testing Thu Apr 18 13:38:56 UTC 2019 /home/travis/build/icyphy/ptII/ptolemy/actor/lib/test/auto/LazyInnerClass.xml
----------------- Instantiating /home/travis/build/icyphy/ptII/ptolemy/actor/lib/test/auto/LazyInnerClass.xml
23 ms. Memory: 1246208K Free: 1053863K (85%)
----------------- Invoking toplevel() on ptolemy.moml.MoMLSimpleApplication@461ac5d1
----------------- Done invoking toplevel() on ptolemy.moml.MoMLSimpleApplication@461ac5d1
reloadAllAccessors: .LazyInnerClass

===========================================================================================
----------------- testing Thu Apr 18 13:38:56 UTC 2019 /home/travis/build/icyphy/ptII/ptolemy/actor/lib/test/auto/LazyPubSub.xml
----------------- Instantiating /home/travis/build/icyphy/ptII/ptolemy/actor/lib/test/auto/LazyPubSub.xml
31 ms. Memory: 1246208K Free: 1036152K (83%)
----------------- Invoking toplevel() on ptolemy.moml.MoMLSimpleApplication@b1f0e0d
----------------- Done invoking toplevel() on ptolemy.moml.MoMLSimpleApplication@b1f0e0d
reloadAllAccessors: .LazyPubSub

===========================================================================================
----------------- testing Thu Apr 18 13:38:56 UTC 2019 /home/travis/build/icyphy/ptII/ptolemy/actor/lib/test/auto/LazyPubSub2.xml
----------------- Instantiating /home/travis/build/icyphy/ptII/ptolemy/actor/lib/test/auto/LazyPubSub2.xml
18 ms. Memory: 1246208K Free: 1024671K (82%)
----------------- Invoking toplevel() on ptolemy.moml.MoMLSimpleApplication@42f1ce5a
----------------- Done invoking toplevel() on ptolemy.moml.MoMLSimpleApplication@42f1ce5a
reloadAllAccessors: .LazyPubSub2

===========================================================================================
----------------- testing Thu Apr 18 13:38:56 UTC 2019 /home/travis/build/icyphy/ptII/ptolemy/actor/lib/test/auto/LazyPubSub3.xml
----------------- Instantiating /home/travis/build/icyphy/ptII/ptolemy/actor/lib/test/auto/LazyPubSub3.xml
9 ms. Memory: 1246208K Free: 1013233K (81%)
----------------- Invoking toplevel() on ptolemy.moml.MoMLSimpleApplication@762c0b3c
----------------- Done invoking toplevel() on ptolemy.moml.MoMLSimpleApplication@762c0b3c
reloadAllAccessors: .LazyPubSub3

===========================================================================================
----------------- testing Thu Apr 18 13:38:56 UTC 2019 /home/travis/build/icyphy/ptII/ptolemy/actor/lib/test/auto/LazySubClassModel.xml
----------------- Instantiating /home/travis/build/icyphy/ptII/ptolemy/actor/lib/test/auto/LazySubClassModel.xml
3 ms. Memory: 1246208K Free: 989787K (79%)
----------------- Invoking toplevel() on ptolemy.moml.MoMLSimpleApplication@136423f5
----------------- Done invoking toplevel() on ptolemy.moml.MoMLSimpleApplication@136423f5
reloadAllAccessors: .LazySubClassModel

===========================================================================================
----------------- testing Thu Apr 18 13:38:56 UTC 2019 /home/travis/build/icyphy/ptII/ptolemy/actor/lib/test/auto/LevelCrossTest1.xml
----------------- Instantiating /home/travis/build/icyphy/ptII/ptolemy/actor/lib/test/auto/LevelCrossTest1.xml
1 ms. Memory: 1246208K Free: 978348K (79%)
----------------- Invoking toplevel() on ptolemy.moml.MoMLSimpleApplication@c413a3d
----------------- Done invoking toplevel() on ptolemy.moml.MoMLSimpleApplication@c413a3d
reloadAllAccessors: .broken

===========================================================================================
----------------- testing Thu Apr 18 13:38:56 UTC 2019 /home/travis/build/icyphy/ptII/ptolemy/actor/lib/test/auto/LevelCrossTest10.xml
----------------- Instantiating /home/travis/build/icyphy/ptII/ptolemy/actor/lib/test/auto/LevelCrossTest10.xml
1 ms. Memory: 1246208K Free: 966910K (78%)
----------------- Invoking toplevel() on ptolemy.moml.MoMLSimpleApplication@4344d492
----------------- Done invoking toplevel() on ptolemy.moml.MoMLSimpleApplication@4344d492
reloadAllAccessors: .LevelCrossTest10

===========================================================================================
----------------- testing Thu Apr 18 13:38:56 UTC 2019 /home/travis/build/icyphy/ptII/ptolemy/actor/lib/test/auto/LevelCrossTest11.xml
----------------- Instantiating /home/travis/build/icyphy/ptII/ptolemy/actor/lib/test/auto/LevelCrossTest11.xml
3 ms. Memory: 1246208K Free: 949199K (76%)
----------------- Invoking toplevel() on ptolemy.moml.MoMLSimpleApplication@3ebb56b8
----------------- Done invoking toplevel() on ptolemy.moml.MoMLSimpleApplication@3ebb56b8
reloadAllAccessors: .LevelCrossTest11

===========================================================================================
----------------- testing Thu Apr 18 13:38:56 UTC 2019 /home/travis/build/icyphy/ptII/ptolemy/actor/lib/test/auto/LevelCrossTest12.xml
----------------- Instantiating /home/travis/build/icyphy/ptII/ptolemy/actor/lib/test/auto/LevelCrossTest12.xml
1 ms. Memory: 1246208K Free: 932026K (75%)
----------------- Invoking toplevel() on ptolemy.moml.MoMLSimpleApplication@12e66f26
----------------- Done invoking toplevel() on ptolemy.moml.MoMLSimpleApplication@12e66f26
reloadAllAccessors: .LevelCrossTest12

===========================================================================================
----------------- testing Thu Apr 18 13:38:56 UTC 2019 /home/travis/build/icyphy/ptII/ptolemy/actor/lib/test/auto/LevelCrossTest13.xml
----------------- Instantiating /home/travis/build/icyphy/ptII/ptolemy/actor/lib/test/auto/LevelCrossTest13.xml
1 ms. Memory: 1246208K Free: 920588K (74%)
----------------- Invoking toplevel() on ptolemy.moml.MoMLSimpleApplication@3673b608
----------------- Done invoking toplevel() on ptolemy.moml.MoMLSimpleApplication@3673b608
reloadAllAccessors: .LevelCrossTest13

===========================================================================================
----------------- testing Thu Apr 18 13:38:56 UTC 2019 /home/travis/build/icyphy/ptII/ptolemy/actor/lib/test/auto/LevelCrossTest2.xml
----------------- Instantiating /home/travis/build/icyphy/ptII/ptolemy/actor/lib/test/auto/LevelCrossTest2.xml
1 ms. Memory: 1246208K Free: 902876K (72%)
----------------- Invoking toplevel() on ptolemy.moml.MoMLSimpleApplication@527d0b5a
----------------- Done invoking toplevel() on ptolemy.moml.MoMLSimpleApplication@527d0b5a
reloadAllAccessors: .broken

===========================================================================================
----------------- testing Thu Apr 18 13:38:56 UTC 2019 /home/travis/build/icyphy/ptII/ptolemy/actor/lib/test/auto/LevelCrossTest3.xml
----------------- Instantiating /home/travis/build/icyphy/ptII/ptolemy/actor/lib/test/auto/LevelCrossTest3.xml
1 ms. Memory: 1246208K Free: 891438K (72%)
----------------- Invoking toplevel() on ptolemy.moml.MoMLSimpleApplication@a277e69
----------------- Done invoking toplevel() on ptolemy.moml.MoMLSimpleApplication@a277e69
reloadAllAccessors: .LevelCrossTest3

===========================================================================================
----------------- testing Thu Apr 18 13:38:56 UTC 2019 /home/travis/build/icyphy/ptII/ptolemy/actor/lib/test/auto/LevelCrossTest4.xml
----------------- Instantiating /home/travis/build/icyphy/ptII/ptolemy/actor/lib/test/auto/LevelCrossTest4.xml
1 ms. Memory: 1246208K Free: 873727K (70%)
----------------- Invoking toplevel() on ptolemy.moml.MoMLSimpleApplication@1e00893
----------------- Done invoking toplevel() on ptolemy.moml.MoMLSimpleApplication@1e00893
reloadAllAccessors: .broken

===========================================================================================
----------------- testing Thu Apr 18 13:38:56 UTC 2019 /home/travis/build/icyphy/ptII/ptolemy/actor/lib/test/auto/LevelCrossTest5.xml
----------------- Instantiating /home/travis/build/icyphy/ptII/ptolemy/actor/lib/test/auto/LevelCrossTest5.xml
1 ms. Memory: 1246208K Free: 862289K (69%)
----------------- Invoking toplevel() on ptolemy.moml.MoMLSimpleApplication@50dac96c
----------------- Done invoking toplevel() on ptolemy.moml.MoMLSimpleApplication@50dac96c
reloadAllAccessors: .LevelCrossTest5

===========================================================================================
----------------- testing Thu Apr 18 13:38:56 UTC 2019 /home/travis/build/icyphy/ptII/ptolemy/actor/lib/test/auto/LevelCrossTest6.xml
----------------- Instantiating /home/travis/build/icyphy/ptII/ptolemy/actor/lib/test/auto/LevelCrossTest6.xml
1 ms. Memory: 1246208K Free: 850851K (68%)
----------------- Invoking toplevel() on ptolemy.moml.MoMLSimpleApplication@617e345d
----------------- Done invoking toplevel() on ptolemy.moml.MoMLSimpleApplication@617e345d
reloadAllAccessors: .LevelCrossTest6

===========================================================================================
----------------- testing Thu Apr 18 13:38:56 UTC 2019 /home/travis/build/icyphy/ptII/ptolemy/actor/lib/test/auto/LevelCrossTest7.xml
----------------- Instantiating /home/travis/build/icyphy/ptII/ptolemy/actor/lib/test/auto/LevelCrossTest7.xml
1 ms. Memory: 1246208K Free: 827405K (66%)
----------------- Invoking toplevel() on ptolemy.moml.MoMLSimpleApplication@7c7347ee
----------------- Done invoking toplevel() on ptolemy.moml.MoMLSimpleApplication@7c7347ee
reloadAllAccessors: .LevelCrossTest7

===========================================================================================
----------------- testing Thu Apr 18 13:38:57 UTC 2019 /home/travis/build/icyphy/ptII/ptolemy/actor/lib/test/auto/LevelCrossTest8.xml
----------------- Instantiating /home/travis/build/icyphy/ptII/ptolemy/actor/lib/test/auto/LevelCrossTest8.xml
1 ms. Memory: 1246208K Free: 815966K (65%)
----------------- Invoking toplevel() on ptolemy.moml.MoMLSimpleApplication@2ecc98b4
----------------- Done invoking toplevel() on ptolemy.moml.MoMLSimpleApplication@2ecc98b4
reloadAllAccessors: .LevelCrossTest8

===========================================================================================
----------------- testing Thu Apr 18 13:38:57 UTC 2019 /home/travis/build/icyphy/ptII/ptolemy/actor/lib/test/auto/LevelCrossTest9.xml
----------------- Instantiating /home/travis/build/icyphy/ptII/ptolemy/actor/lib/test/auto/LevelCrossTest9.xml
1 ms. Memory: 1246208K Free: 804528K (65%)
----------------- Invoking toplevel() on ptolemy.moml.MoMLSimpleApplication@109071ac
----------------- Done invoking toplevel() on ptolemy.moml.MoMLSimpleApplication@109071ac
reloadAllAccessors: .LevelCrossTest9

===========================================================================================
----------------- testing Thu Apr 18 13:38:57 UTC 2019 /home/travis/build/icyphy/ptII/ptolemy/actor/lib/test/auto/LevinsonDurbin.xml
----------------- Instantiating /home/travis/build/icyphy/ptII/ptolemy/actor/lib/test/auto/LevinsonDurbin.xml
1 ms. Memory: 1246208K Free: 786817K (63%)
----------------- Invoking toplevel() on ptolemy.moml.MoMLSimpleApplication@22ae4211
----------------- Done invoking toplevel() on ptolemy.moml.MoMLSimpleApplication@22ae4211
reloadAllAccessors: .LevinsonDurbin

===========================================================================================
----------------- testing Thu Apr 18 13:38:57 UTC 2019 /home/travis/build/icyphy/ptII/ptolemy/actor/lib/test/auto/LevinsonDurbin2.xml
----------------- Instantiating /home/travis/build/icyphy/ptII/ptolemy/actor/lib/test/auto/LevinsonDurbin2.xml
1 ms. Memory: 1246208K Free: 775379K (62%)
----------------- Invoking toplevel() on ptolemy.moml.MoMLSimpleApplication@60d60a92
----------------- Done invoking toplevel() on ptolemy.moml.MoMLSimpleApplication@60d60a92
reloadAllAccessors: .LevinsonDurbin2

===========================================================================================
----------------- testing Thu Apr 18 13:38:57 UTC 2019 /home/travis/build/icyphy/ptII/ptolemy/actor/lib/test/auto/LevinsonDurbin3.xml
----------------- Instantiating /home/travis/build/icyphy/ptII/ptolemy/actor/lib/test/auto/LevinsonDurbin3.xml
1 ms. Memory: 1246208K Free: 757668K (61%)
----------------- Invoking toplevel() on ptolemy.moml.MoMLSimpleApplication@1b191e54
----------------- Done invoking toplevel() on ptolemy.moml.MoMLSimpleApplication@1b191e54
reloadAllAccessors: .LevinsonDurbin3

===========================================================================================
----------------- testing Thu Apr 18 13:38:57 UTC 2019 /home/travis/build/icyphy/ptII/ptolemy/actor/lib/test/auto/Limiter.xml
----------------- Instantiating /home/travis/build/icyphy/ptII/ptolemy/actor/lib/test/auto/Limiter.xml
4 ms. Memory: 1246208K Free: 740495K (59%)
----------------- Invoking toplevel() on ptolemy.moml.MoMLSimpleApplication@1ca32ce2
----------------- Done invoking toplevel() on ptolemy.moml.MoMLSimpleApplication@1ca32ce2
reloadAllAccessors: .Limiter

===========================================================================================
----------------- testing Thu Apr 18 13:38:57 UTC 2019 /home/travis/build/icyphy/ptII/ptolemy/actor/lib/test/auto/LinearDifferenceEquationSystem.xml
----------------- Instantiating /home/travis/build/icyphy/ptII/ptolemy/actor/lib/test/auto/LinearDifferenceEquationSystem.xml
3 ms. Memory: 1246208K Free: 729057K (59%)
----------------- Invoking toplevel() on ptolemy.moml.MoMLSimpleApplication@52513267
----------------- Done invoking toplevel() on ptolemy.moml.MoMLSimpleApplication@52513267
reloadAllAccessors: .LinearDifferenceEquationSystem

===========================================================================================
----------------- testing Thu Apr 18 13:38:57 UTC 2019 /home/travis/build/icyphy/ptII/ptolemy/actor/lib/test/auto/LookupTable.xml
----------------- Instantiating /home/travis/build/icyphy/ptII/ptolemy/actor/lib/test/auto/LookupTable.xml
2 ms. Memory: 1246208K Free: 711346K (57%)
----------------- Invoking toplevel() on ptolemy.moml.MoMLSimpleApplication@2456872e
----------------- Done invoking toplevel() on ptolemy.moml.MoMLSimpleApplication@2456872e
reloadAllAccessors: .LookupTable

===========================================================================================
----------------- testing Thu Apr 18 13:38:57 UTC 2019 /home/travis/build/icyphy/ptII/ptolemy/actor/lib/test/auto/MathFunction.xml
----------------- Instantiating /home/travis/build/icyphy/ptII/ptolemy/actor/lib/test/auto/MathFunction.xml
8 ms. Memory: 1246208K Free: 694173K (56%)
----------------- Invoking toplevel() on ptolemy.moml.MoMLSimpleApplication@103bc5e2
----------------- Done invoking toplevel() on ptolemy.moml.MoMLSimpleApplication@103bc5e2
reloadAllAccessors: .MathFunction

===========================================================================================
----------------- testing Thu Apr 18 13:38:57 UTC 2019 /home/travis/build/icyphy/ptII/ptolemy/actor/lib/test/auto/MathFunction2.xml
----------------- Instantiating /home/travis/build/icyphy/ptII/ptolemy/actor/lib/test/auto/MathFunction2.xml
1 ms. Memory: 1246208K Free: 682735K (55%)
----------------- Invoking toplevel() on ptolemy.moml.MoMLSimpleApplication@124b462b
----------------- Done invoking toplevel() on ptolemy.moml.MoMLSimpleApplication@124b462b
reloadAllAccessors: .MathFunction2

===========================================================================================
----------------- testing Thu Apr 18 13:38:57 UTC 2019 /home/travis/build/icyphy/ptII/ptolemy/actor/lib/test/auto/MathFunction3.xml
----------------- Instantiating /home/travis/build/icyphy/ptII/ptolemy/actor/lib/test/auto/MathFunction3.xml
2 ms. Memory: 1246208K Free: 665024K (53%)
----------------- Invoking toplevel() on ptolemy.moml.MoMLSimpleApplication@56423840
----------------- Done invoking toplevel() on ptolemy.moml.MoMLSimpleApplication@56423840
reloadAllAccessors: .MathFunction3

===========================================================================================
----------------- testing Thu Apr 18 13:38:57 UTC 2019 /home/travis/build/icyphy/ptII/ptolemy/actor/lib/test/auto/MatrixCropBoolean.xml
----------------- Instantiating /home/travis/build/icyphy/ptII/ptolemy/actor/lib/test/auto/MatrixCropBoolean.xml
2 ms. Memory: 1246208K Free: 653586K (52%)
----------------- Invoking toplevel() on ptolemy.moml.MoMLSimpleApplication@5d00fda6
----------------- Done invoking toplevel() on ptolemy.moml.MoMLSimpleApplication@5d00fda6
reloadAllAccessors: .MatrixCropBoolean

===========================================================================================
----------------- testing Thu Apr 18 13:38:57 UTC 2019 /home/travis/build/icyphy/ptII/ptolemy/actor/lib/test/auto/MatrixCropComplex.xml
----------------- Instantiating /home/travis/build/icyphy/ptII/ptolemy/actor/lib/test/auto/MatrixCropComplex.xml
2 ms. Memory: 1246208K Free: 642147K (52%)
----------------- Invoking toplevel() on ptolemy.moml.MoMLSimpleApplication@5dca9166
----------------- Done invoking toplevel() on ptolemy.moml.MoMLSimpleApplication@5dca9166
reloadAllAccessors: .MatrixCropComplex

===========================================================================================
----------------- testing Thu Apr 18 13:38:57 UTC 2019 /home/travis/build/icyphy/ptII/ptolemy/actor/lib/test/auto/MatrixCropDouble.xml
----------------- Instantiating /home/travis/build/icyphy/ptII/ptolemy/actor/lib/test/auto/MatrixCropDouble.xml
3 ms. Memory: 1246208K Free: 624436K (50%)
----------------- Invoking toplevel() on ptolemy.moml.MoMLSimpleApplication@5778fd33
----------------- Done invoking toplevel() on ptolemy.moml.MoMLSimpleApplication@5778fd33
reloadAllAccessors: .MatrixCropDouble

===========================================================================================
----------------- testing Thu Apr 18 13:38:57 UTC 2019 /home/travis/build/icyphy/ptII/ptolemy/actor/lib/test/auto/MatrixCropFix.xml
----------------- Instantiating /home/travis/build/icyphy/ptII/ptolemy/actor/lib/test/auto/MatrixCropFix.xml
1 ms. Memory: 1246208K Free: 612998K (49%)
----------------- Invoking toplevel() on ptolemy.moml.MoMLSimpleApplication@69e5b517
----------------- Done invoking toplevel() on ptolemy.moml.MoMLSimpleApplication@69e5b517
reloadAllAccessors: .MatrixCropFix

===========================================================================================
----------------- testing Thu Apr 18 13:38:57 UTC 2019 /home/travis/build/icyphy/ptII/ptolemy/actor/lib/test/auto/MatrixCropInt.xml
----------------- Instantiating /home/travis/build/icyphy/ptII/ptolemy/actor/lib/test/auto/MatrixCropInt.xml
1 ms. Memory: 1246208K Free: 595287K (48%)
----------------- Invoking toplevel() on ptolemy.moml.MoMLSimpleApplication@696868d3
----------------- Done invoking toplevel() on ptolemy.moml.MoMLSimpleApplication@696868d3
reloadAllAccessors: .MatrixCropInt

===========================================================================================
----------------- testing Thu Apr 18 13:38:57 UTC 2019 /home/travis/build/icyphy/ptII/ptolemy/actor/lib/test/auto/MatrixCropLong.xml
----------------- Instantiating /home/travis/build/icyphy/ptII/ptolemy/actor/lib/test/auto/MatrixCropLong.xml
1 ms. Memory: 1246208K Free: 583849K (47%)
----------------- Invoking toplevel() on ptolemy.moml.MoMLSimpleApplication@97e27c7
----------------- Done invoking toplevel() on ptolemy.moml.MoMLSimpleApplication@97e27c7
reloadAllAccessors: .MatrixCropLong

===========================================================================================
----------------- testing Thu Apr 18 13:38:57 UTC 2019 /home/travis/build/icyphy/ptII/ptolemy/actor/lib/test/auto/MatrixToArray.xml
----------------- Instantiating /home/travis/build/icyphy/ptII/ptolemy/actor/lib/test/auto/MatrixToArray.xml
5 ms. Memory: 1246208K Free: 560957K (45%)
----------------- Invoking toplevel() on ptolemy.moml.MoMLSimpleApplication@7ea66264
----------------- Done invoking toplevel() on ptolemy.moml.MoMLSimpleApplication@7ea66264
reloadAllAccessors: .MatrixToArray

===========================================================================================
----------------- testing Thu Apr 18 13:38:57 UTC 2019 /home/travis/build/icyphy/ptII/ptolemy/actor/lib/test/auto/MaxIndex.xml
----------------- Instantiating /home/travis/build/icyphy/ptII/ptolemy/actor/lib/test/auto/MaxIndex.xml
3 ms. Memory: 1246208K Free: 543246K (44%)
----------------- Invoking toplevel() on ptolemy.moml.MoMLSimpleApplication@3d2f9e50
----------------- Done invoking toplevel() on ptolemy.moml.MoMLSimpleApplication@3d2f9e50
reloadAllAccessors: .MaxIndex

===========================================================================================
----------------- testing Thu Apr 18 13:38:57 UTC 2019 /home/travis/build/icyphy/ptII/ptolemy/actor/lib/test/auto/Maximum.xml
----------------- Instantiating /home/travis/build/icyphy/ptII/ptolemy/actor/lib/test/auto/Maximum.xml
6 ms. Memory: 1246208K Free: 531808K (43%)
----------------- Invoking toplevel() on ptolemy.moml.MoMLSimpleApplication@367930b7
----------------- Done invoking toplevel() on ptolemy.moml.MoMLSimpleApplication@367930b7
reloadAllAccessors: .Maximum

===========================================================================================
----------------- testing Thu Apr 18 13:38:57 UTC 2019 /home/travis/build/icyphy/ptII/ptolemy/actor/lib/test/auto/MaximumComplex.xml
----------------- Instantiating /home/travis/build/icyphy/ptII/ptolemy/actor/lib/test/auto/MaximumComplex.xml
5 ms. Memory: 1246208K Free: 520370K (42%)
----------------- Invoking toplevel() on ptolemy.moml.MoMLSimpleApplication@7681fc20
----------------- Done invoking toplevel() on ptolemy.moml.MoMLSimpleApplication@7681fc20
reloadAllAccessors: .MaximumComplex

===========================================================================================
----------------- testing Thu Apr 18 13:38:57 UTC 2019 /home/travis/build/icyphy/ptII/ptolemy/actor/lib/test/auto/MethodCallTest.xml
----------------- Instantiating /home/travis/build/icyphy/ptII/ptolemy/actor/lib/test/auto/MethodCallTest.xml
1 ms. Memory: 1246208K Free: 502659K (40%)
----------------- Invoking toplevel() on ptolemy.moml.MoMLSimpleApplication@39edc22
----------------- Done invoking toplevel() on ptolemy.moml.MoMLSimpleApplication@39edc22
reloadAllAccessors: .MethodCallTest

===========================================================================================
----------------- testing Thu Apr 18 13:38:57 UTC 2019 /home/travis/build/icyphy/ptII/ptolemy/actor/lib/test/auto/Minimum.xml
----------------- Instantiating /home/travis/build/icyphy/ptII/ptolemy/actor/lib/test/auto/Minimum.xml
2 ms. Memory: 1246208K Free: 491221K (39%)
----------------- Invoking toplevel() on ptolemy.moml.MoMLSimpleApplication@53a1d2b2
----------------- Done invoking toplevel() on ptolemy.moml.MoMLSimpleApplication@53a1d2b2
reloadAllAccessors: .Minimum

===========================================================================================
----------------- testing Thu Apr 18 13:38:57 UTC 2019 /home/travis/build/icyphy/ptII/ptolemy/actor/lib/test/auto/MinimumComplex.xml
----------------- Instantiating /home/travis/build/icyphy/ptII/ptolemy/actor/lib/test/auto/MinimumComplex.xml
3 ms. Memory: 1246208K Free: 473510K (38%)
----------------- Invoking toplevel() on ptolemy.moml.MoMLSimpleApplication@214546db
----------------- Done invoking toplevel() on ptolemy.moml.MoMLSimpleApplication@214546db
reloadAllAccessors: .MinimumComplex

===========================================================================================
----------------- testing Thu Apr 18 13:38:57 UTC 2019 /home/travis/build/icyphy/ptII/ptolemy/actor/lib/test/auto/MinimumMultiports.xml
----------------- Instantiating /home/travis/build/icyphy/ptII/ptolemy/actor/lib/test/auto/MinimumMultiports.xml
3 ms. Memory: 1246208K Free: 462072K (37%)
----------------- Invoking toplevel() on ptolemy.moml.MoMLSimpleApplication@7fa50bad
----------------- Done invoking toplevel() on ptolemy.moml.MoMLSimpleApplication@7fa50bad
reloadAllAccessors: .MinimumMultiports

===========================================================================================
----------------- testing Thu Apr 18 13:38:57 UTC 2019 /home/travis/build/icyphy/ptII/ptolemy/actor/lib/test/auto/ModifyDate.xml
----------------- Instantiating /home/travis/build/icyphy/ptII/ptolemy/actor/lib/test/auto/ModifyDate.xml
9 ms. Memory: 1246208K Free: 444898K (36%)
----------------- Invoking toplevel() on ptolemy.moml.MoMLSimpleApplication@66ec2479
----------------- Done invoking toplevel() on ptolemy.moml.MoMLSimpleApplication@66ec2479
reloadAllAccessors: .ModifyDate

===========================================================================================
----------------- testing Thu Apr 18 13:38:57 UTC 2019 /home/travis/build/icyphy/ptII/ptolemy/actor/lib/test/auto/ModifyDate2.xml
----------------- Instantiating /home/travis/build/icyphy/ptII/ptolemy/actor/lib/test/auto/ModifyDate2.xml
3 ms. Memory: 1246208K Free: 421452K (34%)
----------------- Invoking toplevel() on ptolemy.moml.MoMLSimpleApplication@2ca9da04
----------------- Done invoking toplevel() on ptolemy.moml.MoMLSimpleApplication@2ca9da04
reloadAllAccessors: .ModifyDate2

===========================================================================================
----------------- testing Thu Apr 18 13:38:57 UTC 2019 /home/travis/build/icyphy/ptII/ptolemy/actor/lib/test/auto/MovingAverage.xml
----------------- Instantiating /home/travis/build/icyphy/ptII/ptolemy/actor/lib/test/auto/MovingAverage.xml
2 ms. Memory: 1246208K Free: 410014K (33%)
----------------- Invoking toplevel() on ptolemy.moml.MoMLSimpleApplication@1a751538
----------------- Done invoking toplevel() on ptolemy.moml.MoMLSimpleApplication@1a751538
reloadAllAccessors: .MovingAverage

===========================================================================================
----------------- testing Thu Apr 18 13:38:57 UTC 2019 /home/travis/build/icyphy/ptII/ptolemy/actor/lib/test/auto/MovingMaximum.xml
----------------- Instantiating /home/travis/build/icyphy/ptII/ptolemy/actor/lib/test/auto/MovingMaximum.xml
1 ms. Memory: 1246208K Free: 398576K (32%)
----------------- Invoking toplevel() on ptolemy.moml.MoMLSimpleApplication@7c80e6b7
----------------- Done invoking toplevel() on ptolemy.moml.MoMLSimpleApplication@7c80e6b7
reloadAllAccessors: .MovingMaximum

===========================================================================================
----------------- testing Thu Apr 18 13:38:57 UTC 2019 /home/travis/build/icyphy/ptII/ptolemy/actor/lib/test/auto/MultipleLinksToSameRelation.xml
----------------- Instantiating /home/travis/build/icyphy/ptII/ptolemy/actor/lib/test/auto/MultipleLinksToSameRelation.xml
6 ms. Memory: 1246208K Free: 380865K (31%)
----------------- Invoking toplevel() on ptolemy.moml.MoMLSimpleApplication@66e8080a
----------------- Done invoking toplevel() on ptolemy.moml.MoMLSimpleApplication@66e8080a
reloadAllAccessors: .MultipleLinksToSameRelation

===========================================================================================
----------------- testing Thu Apr 18 13:38:57 UTC 2019 /home/travis/build/icyphy/ptII/ptolemy/actor/lib/test/auto/MultipleLinksToSameRelationDE.xml
----------------- Instantiating /home/travis/build/icyphy/ptII/ptolemy/actor/lib/test/auto/MultipleLinksToSameRelationDE.xml
7 ms. Memory: 1246208K Free: 369427K (30%)
----------------- Invoking toplevel() on ptolemy.moml.MoMLSimpleApplication@54efa99a
----------------- Done invoking toplevel() on ptolemy.moml.MoMLSimpleApplication@54efa99a
reloadAllAccessors: .MultipleLinksToSameRelationDE

===========================================================================================
----------------- testing Thu Apr 18 13:38:57 UTC 2019 /home/travis/build/icyphy/ptII/ptolemy/actor/lib/test/auto/Multiplexor.xml
----------------- Instantiating /home/travis/build/icyphy/ptII/ptolemy/actor/lib/test/auto/Multiplexor.xml
1 ms. Memory: 1246208K Free: 351715K (28%)
----------------- Invoking toplevel() on ptolemy.moml.MoMLSimpleApplication@88dfb59
----------------- Done invoking toplevel() on ptolemy.moml.MoMLSimpleApplication@88dfb59
reloadAllAccessors: .Multiplexor

===========================================================================================
----------------- testing Thu Apr 18 13:38:57 UTC 2019 /home/travis/build/icyphy/ptII/ptolemy/actor/lib/test/auto/Multiplexor1.xml
----------------- Instantiating /home/travis/build/icyphy/ptII/ptolemy/actor/lib/test/auto/Multiplexor1.xml
2 ms. Memory: 1246208K Free: 340277K (27%)
----------------- Invoking toplevel() on ptolemy.moml.MoMLSimpleApplication@7d0486f7
----------------- Done invoking toplevel() on ptolemy.moml.MoMLSimpleApplication@7d0486f7
reloadAllAccessors: .Multiplexor1

===========================================================================================
----------------- testing Thu Apr 18 13:38:57 UTC 2019 /home/travis/build/icyphy/ptII/ptolemy/actor/lib/test/auto/Multiplexor2.xml
----------------- Instantiating /home/travis/build/icyphy/ptII/ptolemy/actor/lib/test/auto/Multiplexor2.xml
6 ms. Memory: 1246208K Free: 328839K (26%)
----------------- Invoking toplevel() on ptolemy.moml.MoMLSimpleApplication@58ff8938
----------------- Done invoking toplevel() on ptolemy.moml.MoMLSimpleApplication@58ff8938
reloadAllAccessors: .Multiplexor2

===========================================================================================
----------------- testing Thu Apr 18 13:38:57 UTC 2019 /home/travis/build/icyphy/ptII/ptolemy/actor/lib/test/auto/Multiplexor3.xml
----------------- Instantiating /home/travis/build/icyphy/ptII/ptolemy/actor/lib/test/auto/Multiplexor3.xml
1 ms. Memory: 1246208K Free: 311128K (25%)
----------------- Invoking toplevel() on ptolemy.moml.MoMLSimpleApplication@141ef481
----------------- Done invoking toplevel() on ptolemy.moml.MoMLSimpleApplication@141ef481
reloadAllAccessors: .Multiplexor3

===========================================================================================
----------------- testing Thu Apr 18 13:38:57 UTC 2019 /home/travis/build/icyphy/ptII/ptolemy/actor/lib/test/auto/MultiplexorDE.xml
----------------- Instantiating /home/travis/build/icyphy/ptII/ptolemy/actor/lib/test/auto/MultiplexorDE.xml
6 ms. Memory: 1246208K Free: 299690K (24%)
----------------- Invoking toplevel() on ptolemy.moml.MoMLSimpleApplication@66f76555
----------------- Done invoking toplevel() on ptolemy.moml.MoMLSimpleApplication@66f76555
reloadAllAccessors: .MultiplexorDE

===========================================================================================
----------------- testing Thu Apr 18 13:38:57 UTC 2019 /home/travis/build/icyphy/ptII/ptolemy/actor/lib/test/auto/MultiportBroadcastTest.xml
----------------- Instantiating /home/travis/build/icyphy/ptII/ptolemy/actor/lib/test/auto/MultiportBroadcastTest.xml
92 ms. Memory: 1246208K Free: 288252K (23%)
----------------- Invoking toplevel() on ptolemy.moml.MoMLSimpleApplication@6f5e16d3
----------------- Done invoking toplevel() on ptolemy.moml.MoMLSimpleApplication@6f5e16d3
reloadAllAccessors: .MultiportBroadcastTest

===========================================================================================
----------------- testing Thu Apr 18 13:38:57 UTC 2019 /home/travis/build/icyphy/ptII/ptolemy/actor/lib/test/auto/MultiportOutHangDuringGetWidth.xml
----------------- Instantiating /home/travis/build/icyphy/ptII/ptolemy/actor/lib/test/auto/MultiportOutHangDuringGetWidth.xml
4 ms. Memory: 1246208K Free: 264822K (21%)
----------------- Invoking toplevel() on ptolemy.moml.MoMLSimpleApplication@12116a1a
----------------- Done invoking toplevel() on ptolemy.moml.MoMLSimpleApplication@12116a1a
reloadAllAccessors: .MultiportOutHangDuringGetWidth

===========================================================================================
----------------- testing Thu Apr 18 13:38:57 UTC 2019 /home/travis/build/icyphy/ptII/ptolemy/actor/lib/test/auto/NilToken.xml
----------------- Instantiating /home/travis/build/icyphy/ptII/ptolemy/actor/lib/test/auto/NilToken.xml
1 ms. Memory: 1246208K Free: 253383K (20%)
----------------- Invoking toplevel() on ptolemy.moml.MoMLSimpleApplication@226fcc15
----------------- Done invoking toplevel() on ptolemy.moml.MoMLSimpleApplication@226fcc15
reloadAllAccessors: .NilToken

===========================================================================================
----------------- testing Thu Apr 18 13:38:57 UTC 2019 /home/travis/build/icyphy/ptII/ptolemy/actor/lib/test/auto/NilTokenNonStrictTest.xml
----------------- Instantiating /home/travis/build/icyphy/ptII/ptolemy/actor/lib/test/auto/NilTokenNonStrictTest.xml
2 ms. Memory: 1246208K Free: 235672K (19%)
----------------- Invoking toplevel() on ptolemy.moml.MoMLSimpleApplication@158a7dcb
----------------- Done invoking toplevel() on ptolemy.moml.MoMLSimpleApplication@158a7dcb
reloadAllAccessors: .NilTokenNonStrictTest

===========================================================================================
----------------- testing Thu Apr 18 13:38:57 UTC 2019 /home/travis/build/icyphy/ptII/ptolemy/actor/lib/test/auto/NilTokenRecord.xml
----------------- Instantiating /home/travis/build/icyphy/ptII/ptolemy/actor/lib/test/auto/NilTokenRecord.xml
7 ms. Memory: 1246208K Free: 224234K (18%)
----------------- Invoking toplevel() on ptolemy.moml.MoMLSimpleApplication@3dc883fa
----------------- Done invoking toplevel() on ptolemy.moml.MoMLSimpleApplication@3dc883fa
reloadAllAccessors: .NilTokenRecord

===========================================================================================
----------------- testing Thu Apr 18 13:38:57 UTC 2019 /home/travis/build/icyphy/ptII/ptolemy/actor/lib/test/auto/NilTokenTypeTest.xml
----------------- Instantiating /home/travis/build/icyphy/ptII/ptolemy/actor/lib/test/auto/NilTokenTypeTest.xml
4 ms. Memory: 1246208K Free: 207061K (17%)
----------------- Invoking toplevel() on ptolemy.moml.MoMLSimpleApplication@1824b501
----------------- Done invoking toplevel() on ptolemy.moml.MoMLSimpleApplication@1824b501
reloadAllAccessors: .NilTokenTypeTest

===========================================================================================
----------------- testing Thu Apr 18 13:38:58 UTC 2019 /home/travis/build/icyphy/ptII/ptolemy/actor/lib/test/auto/ObjectToken1.xml
----------------- Instantiating /home/travis/build/icyphy/ptII/ptolemy/actor/lib/test/auto/ObjectToken1.xml
1 ms. Memory: 1246208K Free: 189350K (15%)
----------------- Invoking toplevel() on ptolemy.moml.MoMLSimpleApplication@7072c6ea
----------------- Done invoking toplevel() on ptolemy.moml.MoMLSimpleApplication@7072c6ea
reloadAllAccessors: .ObjectToken1

===========================================================================================
----------------- testing Thu Apr 18 13:38:58 UTC 2019 /home/travis/build/icyphy/ptII/ptolemy/actor/lib/test/auto/OrderedMerge.xml
----------------- Instantiating /home/travis/build/icyphy/ptII/ptolemy/actor/lib/test/auto/OrderedMerge.xml
12 ms. Memory: 1246208K Free: 155036K (12%)
----------------- Invoking toplevel() on ptolemy.moml.MoMLSimpleApplication@638901b6
----------------- Done invoking toplevel() on ptolemy.moml.MoMLSimpleApplication@638901b6
reloadAllAccessors: .OrderedMerge

===========================================================================================
----------------- testing Thu Apr 18 13:38:58 UTC 2019 /home/travis/build/icyphy/ptII/ptolemy/actor/lib/test/auto/OrderedRecordDisassembler.xml
----------------- Instantiating /home/travis/build/icyphy/ptII/ptolemy/actor/lib/test/auto/OrderedRecordDisassembler.xml
3 ms. Memory: 1246208K Free: 143598K (12%)
----------------- Invoking toplevel() on ptolemy.moml.MoMLSimpleApplication@5b55a828
----------------- Done invoking toplevel() on ptolemy.moml.MoMLSimpleApplication@5b55a828
reloadAllAccessors: .OrderedRecordDisassembler

===========================================================================================
----------------- testing Thu Apr 18 13:38:58 UTC 2019 /home/travis/build/icyphy/ptII/ptolemy/actor/lib/test/auto/OrderedRecordDisassembler2.xml
----------------- Instantiating /home/travis/build/icyphy/ptII/ptolemy/actor/lib/test/auto/OrderedRecordDisassembler2.xml
4 ms. Memory: 1246208K Free: 125886K (10%)
----------------- Invoking toplevel() on ptolemy.moml.MoMLSimpleApplication@1540d1c6
----------------- Done invoking toplevel() on ptolemy.moml.MoMLSimpleApplication@1540d1c6
reloadAllAccessors: .OrderedRecordDisassembler2

===========================================================================================
----------------- testing Thu Apr 18 13:38:58 UTC 2019 /home/travis/build/icyphy/ptII/ptolemy/actor/lib/test/auto/OrderedRecordUpdater.xml
----------------- Instantiating /home/travis/build/icyphy/ptII/ptolemy/actor/lib/test/auto/OrderedRecordUpdater.xml
3 ms. Memory: 1246208K Free: 114448K (9%)
----------------- Invoking toplevel() on ptolemy.moml.MoMLSimpleApplication@7f8ca1c7
----------------- Done invoking toplevel() on ptolemy.moml.MoMLSimpleApplication@7f8ca1c7
reloadAllAccessors: .RecordUpdater

===========================================================================================
----------------- testing Thu Apr 18 13:38:58 UTC 2019 /home/travis/build/icyphy/ptII/ptolemy/actor/lib/test/auto/OrderedRecordUpdater2.xml
----------------- Instantiating /home/travis/build/icyphy/ptII/ptolemy/actor/lib/test/auto/OrderedRecordUpdater2.xml
5 ms. Memory: 1246208K Free: 96737K (8%)
----------------- Invoking toplevel() on ptolemy.moml.MoMLSimpleApplication@66ce1b50
----------------- Done invoking toplevel() on ptolemy.moml.MoMLSimpleApplication@66ce1b50
reloadAllAccessors: .RecordUpdater2

===========================================================================================
----------------- testing Thu Apr 18 13:38:58 UTC 2019 /home/travis/build/icyphy/ptII/ptolemy/actor/lib/test/auto/PhaseUnwrap.xml
----------------- Instantiating /home/travis/build/icyphy/ptII/ptolemy/actor/lib/test/auto/PhaseUnwrap.xml
2 ms. Memory: 1246208K Free: 85299K (7%)
----------------- Invoking toplevel() on ptolemy.moml.MoMLSimpleApplication@5212383
----------------- Done invoking toplevel() on ptolemy.moml.MoMLSimpleApplication@5212383
reloadAllAccessors: .PhaseUnwrap

===========================================================================================
----------------- testing Thu Apr 18 13:38:58 UTC 2019 /home/travis/build/icyphy/ptII/ptolemy/actor/lib/test/auto/PoissonClock.xml
----------------- Instantiating /home/travis/build/icyphy/ptII/ptolemy/actor/lib/test/auto/PoissonClock.xml
2 ms. Memory: 1246208K Free: 73861K (6%)
----------------- Invoking toplevel() on ptolemy.moml.MoMLSimpleApplication@1ef24db8
----------------- Done invoking toplevel() on ptolemy.moml.MoMLSimpleApplication@1ef24db8
reloadAllAccessors: .PoissonClock

===========================================================================================
----------------- testing Thu Apr 18 13:38:58 UTC 2019 /home/travis/build/icyphy/ptII/ptolemy/actor/lib/test/auto/PoissonClock2.xml
----------------- Instantiating /home/travis/build/icyphy/ptII/ptolemy/actor/lib/test/auto/PoissonClock2.xml
9 ms. Memory: 1362432K Free: 1316150K (97%)
----------------- Invoking toplevel() on ptolemy.moml.MoMLSimpleApplication@628f3aea
----------------- Done invoking toplevel() on ptolemy.moml.MoMLSimpleApplication@628f3aea
reloadAllAccessors: .PoissonClock2

===========================================================================================
----------------- testing Thu Apr 18 13:38:58 UTC 2019 /home/travis/build/icyphy/ptII/ptolemy/actor/lib/test/auto/PoissonClock3.xml
----------------- Instantiating /home/travis/build/icyphy/ptII/ptolemy/actor/lib/test/auto/PoissonClock3.xml
1 ms. Memory: 1362432K Free: 1290642K (95%)
----------------- Invoking toplevel() on ptolemy.moml.MoMLSimpleApplication@7b02816e
----------------- Done invoking toplevel() on ptolemy.moml.MoMLSimpleApplication@7b02816e
reloadAllAccessors: .PoissonClock3

===========================================================================================
----------------- testing Thu Apr 18 13:38:58 UTC 2019 /home/travis/build/icyphy/ptII/ptolemy/actor/lib/test/auto/PubSubWithInitialTokens.xml
----------------- Instantiating /home/travis/build/icyphy/ptII/ptolemy/actor/lib/test/auto/PubSubWithInitialTokens.xml
1 ms. Memory: 1362432K Free: 1274060K (94%)
----------------- Invoking toplevel() on ptolemy.moml.MoMLSimpleApplication@31499ab5
----------------- Done invoking toplevel() on ptolemy.moml.MoMLSimpleApplication@31499ab5
reloadAllAccessors: .PubSubWithInitialTokens

===========================================================================================
----------------- testing Thu Apr 18 13:38:58 UTC 2019 /home/travis/build/icyphy/ptII/ptolemy/actor/lib/test/auto/PubSubWithInitialTokens2.xml
----------------- Instantiating /home/travis/build/icyphy/ptII/ptolemy/actor/lib/test/auto/PubSubWithInitialTokens2.xml
2 ms. Memory: 1362432K Free: 1251692K (92%)
----------------- Invoking toplevel() on ptolemy.moml.MoMLSimpleApplication@740973f1
----------------- Done invoking toplevel() on ptolemy.moml.MoMLSimpleApplication@740973f1
reloadAllAccessors: .PubSubWithInitialTokens2

===========================================================================================
----------------- testing Thu Apr 18 13:38:58 UTC 2019 /home/travis/build/icyphy/ptII/ptolemy/actor/lib/test/auto/PublisherClassNoParameter.xml
----------------- Instantiating /home/travis/build/icyphy/ptII/ptolemy/actor/lib/test/auto/PublisherClassNoParameter.xml
2 ms. Memory: 1362432K Free: 1235110K (91%)
----------------- Invoking toplevel() on ptolemy.moml.MoMLSimpleApplication@26f52e34
----------------- Done invoking toplevel() on ptolemy.moml.MoMLSimpleApplication@26f52e34
reloadAllAccessors: .PublisherClassNoParameter

===========================================================================================
----------------- testing Thu Apr 18 13:38:58 UTC 2019 /home/travis/build/icyphy/ptII/ptolemy/actor/lib/test/auto/PublisherClassParameter.xml
----------------- Instantiating /home/travis/build/icyphy/ptII/ptolemy/actor/lib/test/auto/PublisherClassParameter.xml
2 ms. Memory: 1362432K Free: 1204435K (88%)
----------------- Invoking toplevel() on ptolemy.moml.MoMLSimpleApplication@1f86d747
----------------- Done invoking toplevel() on ptolemy.moml.MoMLSimpleApplication@1f86d747
reloadAllAccessors: .PublisherClassParameter

===========================================================================================
----------------- testing Thu Apr 18 13:38:58 UTC 2019 /home/travis/build/icyphy/ptII/ptolemy/actor/lib/test/auto/PublisherNonStrictTest.xml
----------------- Instantiating /home/travis/build/icyphy/ptII/ptolemy/actor/lib/test/auto/PublisherNonStrictTest.xml
2 ms. Memory: 1362432K Free: 1187853K (87%)
----------------- Invoking toplevel() on ptolemy.moml.MoMLSimpleApplication@2325f355
----------------- Done invoking toplevel() on ptolemy.moml.MoMLSimpleApplication@2325f355
reloadAllAccessors: .PublisherNonStrictTest

===========================================================================================
----------------- testing Thu Apr 18 13:38:58 UTC 2019 /home/travis/build/icyphy/ptII/ptolemy/actor/lib/test/auto/PublisherPort1.xml
----------------- Instantiating /home/travis/build/icyphy/ptII/ptolemy/actor/lib/test/auto/PublisherPort1.xml
2 ms. Memory: 1362432K Free: 1171271K (86%)
----------------- Invoking toplevel() on ptolemy.moml.MoMLSimpleApplication@4ec7a5e9
----------------- Done invoking toplevel() on ptolemy.moml.MoMLSimpleApplication@4ec7a5e9
reloadAllAccessors: .PublisherPort1

===========================================================================================
----------------- testing Thu Apr 18 13:38:58 UTC 2019 /home/travis/build/icyphy/ptII/ptolemy/actor/lib/test/auto/PublisherPort2.xml
----------------- Instantiating /home/travis/build/icyphy/ptII/ptolemy/actor/lib/test/auto/PublisherPort2.xml
1 ms. Memory: 1362432K Free: 1148902K (84%)
----------------- Invoking toplevel() on ptolemy.moml.MoMLSimpleApplication@107f6a72
----------------- Done invoking toplevel() on ptolemy.moml.MoMLSimpleApplication@107f6a72
reloadAllAccessors: .PublisherPort2

===========================================================================================
----------------- testing Thu Apr 18 13:38:58 UTC 2019 /home/travis/build/icyphy/ptII/ptolemy/actor/lib/test/auto/PublisherPort3.xml
----------------- Instantiating /home/travis/build/icyphy/ptII/ptolemy/actor/lib/test/auto/PublisherPort3.xml
7 ms. Memory: 1362432K Free: 1132320K (83%)
----------------- Invoking toplevel() on ptolemy.moml.MoMLSimpleApplication@7e376ef
----------------- Done invoking toplevel() on ptolemy.moml.MoMLSimpleApplication@7e376ef
reloadAllAccessors: .PublisherPort3

===========================================================================================
----------------- testing Thu Apr 18 13:38:58 UTC 2019 /home/travis/build/icyphy/ptII/ptolemy/actor/lib/test/auto/PublisherPort4.xml
----------------- Instantiating /home/travis/build/icyphy/ptII/ptolemy/actor/lib/test/auto/PublisherPort4.xml
2 ms. Memory: 1362432K Free: 1109952K (81%)
----------------- Invoking toplevel() on ptolemy.moml.MoMLSimpleApplication@19d42231
----------------- Done invoking toplevel() on ptolemy.moml.MoMLSimpleApplication@19d42231
reloadAllAccessors: .PublisherPort4

===========================================================================================
----------------- testing Thu Apr 18 13:38:58 UTC 2019 /home/travis/build/icyphy/ptII/ptolemy/actor/lib/test/auto/PublisherPort5.xml
----------------- Instantiating /home/travis/build/icyphy/ptII/ptolemy/actor/lib/test/auto/PublisherPort5.xml
3 ms. Memory: 1362432K Free: 1093370K (80%)
----------------- Invoking toplevel() on ptolemy.moml.MoMLSimpleApplication@36670e5d
----------------- Done invoking toplevel() on ptolemy.moml.MoMLSimpleApplication@36670e5d
reloadAllAccessors: .PublisherPort5

===========================================================================================
----------------- testing Thu Apr 18 13:38:58 UTC 2019 /home/travis/build/icyphy/ptII/ptolemy/actor/lib/test/auto/PublisherPort5LookAlike.xml
----------------- Instantiating /home/travis/build/icyphy/ptII/ptolemy/actor/lib/test/auto/PublisherPort5LookAlike.xml
6 ms. Memory: 1362432K Free: 1076788K (79%)
----------------- Invoking toplevel() on ptolemy.moml.MoMLSimpleApplication@1ed75532
----------------- Done invoking toplevel() on ptolemy.moml.MoMLSimpleApplication@1ed75532
reloadAllAccessors: .PublisherPort5LookAlike

===========================================================================================
----------------- testing Thu Apr 18 13:38:58 UTC 2019 /home/travis/build/icyphy/ptII/ptolemy/actor/lib/test/auto/PublisherPort6.xml
----------------- Instantiating /home/travis/build/icyphy/ptII/ptolemy/actor/lib/test/auto/PublisherPort6.xml
1 ms. Memory: 1362432K Free: 1054419K (77%)
----------------- Invoking toplevel() on ptolemy.moml.MoMLSimpleApplication@3669948e
----------------- Done invoking toplevel() on ptolemy.moml.MoMLSimpleApplication@3669948e
reloadAllAccessors: .PublisherPort6

===========================================================================================
----------------- testing Thu Apr 18 13:38:58 UTC 2019 /home/travis/build/icyphy/ptII/ptolemy/actor/lib/test/auto/PublisherPort7.xml
----------------- Instantiating /home/travis/build/icyphy/ptII/ptolemy/actor/lib/test/auto/PublisherPort7.xml
3 ms. Memory: 1362432K Free: 1037837K (76%)
----------------- Invoking toplevel() on ptolemy.moml.MoMLSimpleApplication@2925f09d
----------------- Done invoking toplevel() on ptolemy.moml.MoMLSimpleApplication@2925f09d
reloadAllAccessors: .PublisherPort7

===========================================================================================
----------------- testing Thu Apr 18 13:38:58 UTC 2019 /home/travis/build/icyphy/ptII/ptolemy/actor/lib/test/auto/PublisherPort8.xml
----------------- Instantiating /home/travis/build/icyphy/ptII/ptolemy/actor/lib/test/auto/PublisherPort8.xml
5 ms. Memory: 1362432K Free: 1015469K (75%)
----------------- Invoking toplevel() on ptolemy.moml.MoMLSimpleApplication@53c9cd80
----------------- Done invoking toplevel() on ptolemy.moml.MoMLSimpleApplication@53c9cd80
reloadAllAccessors: .PublisherPort8

===========================================================================================
----------------- testing Thu Apr 18 13:38:58 UTC 2019 /home/travis/build/icyphy/ptII/ptolemy/actor/lib/test/auto/PublisherPortSubscriberChannelVariablesAOC2.xml
----------------- Instantiating /home/travis/build/icyphy/ptII/ptolemy/actor/lib/test/auto/PublisherPortSubscriberChannelVariablesAOC2.xml
3 ms. Memory: 1362432K Free: 990580K (73%)
----------------- Invoking toplevel() on ptolemy.moml.MoMLSimpleApplication@74276e9d
----------------- Done invoking toplevel() on ptolemy.moml.MoMLSimpleApplication@74276e9d
reloadAllAccessors: .PublisherPortSubscriberChannelVariablesAOC2

===========================================================================================
----------------- testing Thu Apr 18 13:38:58 UTC 2019 /home/travis/build/icyphy/ptII/ptolemy/actor/lib/test/auto/PublisherPortSubscriberOpaqueWidthInference.xml
----------------- Instantiating /home/travis/build/icyphy/ptII/ptolemy/actor/lib/test/auto/PublisherPortSubscriberOpaqueWidthInference.xml
3 ms. Memory: 1362432K Free: 968212K (71%)
----------------- Invoking toplevel() on ptolemy.moml.MoMLSimpleApplication@20718aa8
----------------- Done invoking toplevel() on ptolemy.moml.MoMLSimpleApplication@20718aa8
reloadAllAccessors: .PublisherPortSubscriberOpaqueWidthInference

===========================================================================================
----------------- testing Thu Apr 18 13:38:58 UTC 2019 /home/travis/build/icyphy/ptII/ptolemy/actor/lib/test/auto/PublisherPortSubscriberPortAdjacent.xml
----------------- Instantiating /home/travis/build/icyphy/ptII/ptolemy/actor/lib/test/auto/PublisherPortSubscriberPortAdjacent.xml
1 ms. Memory: 1362432K Free: 951630K (70%)
----------------- Invoking toplevel() on ptolemy.moml.MoMLSimpleApplication@14c8d199
----------------- Done invoking toplevel() on ptolemy.moml.MoMLSimpleApplication@14c8d199
reloadAllAccessors: .PublisherPortSubscriberPortAdjacent

===========================================================================================
----------------- testing Thu Apr 18 13:38:58 UTC 2019 /home/travis/build/icyphy/ptII/ptolemy/actor/lib/test/auto/PublisherPortSubscriberPortExpression.xml
----------------- Instantiating /home/travis/build/icyphy/ptII/ptolemy/actor/lib/test/auto/PublisherPortSubscriberPortExpression.xml
10 ms. Memory: 1362432K Free: 935048K (69%)
----------------- Invoking toplevel() on ptolemy.moml.MoMLSimpleApplication@69431e55
----------------- Done invoking toplevel() on ptolemy.moml.MoMLSimpleApplication@69431e55
reloadAllAccessors: .PublisherPortSubscriberPortExpression

===========================================================================================
----------------- testing Thu Apr 18 13:38:58 UTC 2019 /home/travis/build/icyphy/ptII/ptolemy/actor/lib/test/auto/PublisherPortSubscriberPortOpaqueD3Reverse.xml
----------------- Instantiating /home/travis/build/icyphy/ptII/ptolemy/actor/lib/test/auto/PublisherPortSubscriberPortOpaqueD3Reverse.xml
5 ms. Memory: 1362432K Free: 912679K (67%)
----------------- Invoking toplevel() on ptolemy.moml.MoMLSimpleApplication@262ba9b0
----------------- Done invoking toplevel() on ptolemy.moml.MoMLSimpleApplication@262ba9b0
reloadAllAccessors: .PublisherPortSubscriberPortOpaqueD3Reverse

===========================================================================================
----------------- testing Thu Apr 18 13:38:58 UTC 2019 /home/travis/build/icyphy/ptII/ptolemy/actor/lib/test/auto/PublisherPortSubscriberPortOpaqueWidthInference.xml
----------------- Instantiating /home/travis/build/icyphy/ptII/ptolemy/actor/lib/test/auto/PublisherPortSubscriberPortOpaqueWidthInference.xml
3 ms. Memory: 1362432K Free: 896097K (66%)
----------------- Invoking toplevel() on ptolemy.moml.MoMLSimpleApplication@110f4466
----------------- Done invoking toplevel() on ptolemy.moml.MoMLSimpleApplication@110f4466
reloadAllAccessors: .PublisherPortSubscriberPortOpaqueWidthInference

===========================================================================================
----------------- testing Thu Apr 18 13:38:58 UTC 2019 /home/travis/build/icyphy/ptII/ptolemy/actor/lib/test/auto/PublisherPortToplevelSubscriberPortAOC.xml
----------------- Instantiating /home/travis/build/icyphy/ptII/ptolemy/actor/lib/test/auto/PublisherPortToplevelSubscriberPortAOC.xml
.PublisherPortToplevelSubscriberPortAOC.TestExceptionAttribute: initialize() was not invoked, but wrapup() was.  This is unusual, but not always a problem.  For example, exporting JNLP will do this.
0 ms. Memory: 1362432K Free: 873729K (64%)
----------------- Invoking toplevel() on ptolemy.moml.MoMLSimpleApplication@55d0e383
----------------- Done invoking toplevel() on ptolemy.moml.MoMLSimpleApplication@55d0e383
reloadAllAccessors: .PublisherPortToplevelSubscriberPortAOC

===========================================================================================
----------------- testing Thu Apr 18 13:38:58 UTC 2019 /home/travis/build/icyphy/ptII/ptolemy/actor/lib/test/auto/PublisherSubscriber.xml
----------------- Instantiating /home/travis/build/icyphy/ptII/ptolemy/actor/lib/test/auto/PublisherSubscriber.xml
2 ms. Memory: 1362432K Free: 857147K (63%)
----------------- Invoking toplevel() on ptolemy.moml.MoMLSimpleApplication@492e0d81
----------------- Done invoking toplevel() on ptolemy.moml.MoMLSimpleApplication@492e0d81
reloadAllAccessors: .PublisherSubscriber

===========================================================================================
----------------- testing Thu Apr 18 13:38:58 UTC 2019 /home/travis/build/icyphy/ptII/ptolemy/actor/lib/test/auto/PublisherSubscriber10.xml
----------------- Instantiating /home/travis/build/icyphy/ptII/ptolemy/actor/lib/test/auto/PublisherSubscriber10.xml
6 ms. Memory: 1362432K Free: 840565K (62%)
----------------- Invoking toplevel() on ptolemy.moml.MoMLSimpleApplication@68063258
----------------- Done invoking toplevel() on ptolemy.moml.MoMLSimpleApplication@68063258
reloadAllAccessors: .PublisherSubscriber10

===========================================================================================
----------------- testing Thu Apr 18 13:38:58 UTC 2019 /home/travis/build/icyphy/ptII/ptolemy/actor/lib/test/auto/PublisherSubscriber10InitialOutputs.xml
----------------- Instantiating /home/travis/build/icyphy/ptII/ptolemy/actor/lib/test/auto/PublisherSubscriber10InitialOutputs.xml
13 ms. Memory: 1362432K Free: 818196K (60%)
----------------- Invoking toplevel() on ptolemy.moml.MoMLSimpleApplication@58fc414f
----------------- Done invoking toplevel() on ptolemy.moml.MoMLSimpleApplication@58fc414f
reloadAllAccessors: .PublisherSubscriber10InitialOutputs

===========================================================================================
----------------- testing Thu Apr 18 13:38:58 UTC 2019 /home/travis/build/icyphy/ptII/ptolemy/actor/lib/test/auto/PublisherSubscriber11.xml
----------------- Instantiating /home/travis/build/icyphy/ptII/ptolemy/actor/lib/test/auto/PublisherSubscriber11.xml
3 ms. Memory: 1362432K Free: 801614K (59%)
----------------- Invoking toplevel() on ptolemy.moml.MoMLSimpleApplication@294ba9b5
----------------- Done invoking toplevel() on ptolemy.moml.MoMLSimpleApplication@294ba9b5
reloadAllAccessors: .PublisherSubscriber11

===========================================================================================
----------------- testing Thu Apr 18 13:38:58 UTC 2019 /home/travis/build/icyphy/ptII/ptolemy/actor/lib/test/auto/PublisherSubscriber12.xml
----------------- Instantiating /home/travis/build/icyphy/ptII/ptolemy/actor/lib/test/auto/PublisherSubscriber12.xml
4 ms. Memory: 1362432K Free: 779246K (57%)
----------------- Invoking toplevel() on ptolemy.moml.MoMLSimpleApplication@47c4844f
----------------- Done invoking toplevel() on ptolemy.moml.MoMLSimpleApplication@47c4844f
reloadAllAccessors: .PublisherSubscriber12

===========================================================================================
----------------- testing Thu Apr 18 13:38:58 UTC 2019 /home/travis/build/icyphy/ptII/ptolemy/actor/lib/test/auto/PublisherSubscriber13.xml
----------------- Instantiating /home/travis/build/icyphy/ptII/ptolemy/actor/lib/test/auto/PublisherSubscriber13.xml
2 ms. Memory: 1362432K Free: 762664K (56%)
----------------- Invoking toplevel() on ptolemy.moml.MoMLSimpleApplication@1b4071e1
----------------- Done invoking toplevel() on ptolemy.moml.MoMLSimpleApplication@1b4071e1
reloadAllAccessors: .PublisherSubscriber13

===========================================================================================
----------------- testing Thu Apr 18 13:38:58 UTC 2019 /home/travis/build/icyphy/ptII/ptolemy/actor/lib/test/auto/PublisherSubscriber14.xml
----------------- Instantiating /home/travis/build/icyphy/ptII/ptolemy/actor/lib/test/auto/PublisherSubscriber14.xml
2 ms. Memory: 1362432K Free: 740296K (54%)
----------------- Invoking toplevel() on ptolemy.moml.MoMLSimpleApplication@6f2ae08
----------------- Done invoking toplevel() on ptolemy.moml.MoMLSimpleApplication@6f2ae08
reloadAllAccessors: .PublisherSubscriber14

===========================================================================================
----------------- testing Thu Apr 18 13:38:58 UTC 2019 /home/travis/build/icyphy/ptII/ptolemy/actor/lib/test/auto/PublisherSubscriber2.xml
----------------- Instantiating /home/travis/build/icyphy/ptII/ptolemy/actor/lib/test/auto/PublisherSubscriber2.xml
2 ms. Memory: 1362432K Free: 723714K (53%)
----------------- Invoking toplevel() on ptolemy.moml.MoMLSimpleApplication@25132ee6
----------------- Done invoking toplevel() on ptolemy.moml.MoMLSimpleApplication@25132ee6
reloadAllAccessors: .PublisherSubscriber2

===========================================================================================
----------------- testing Thu Apr 18 13:38:58 UTC 2019 /home/travis/build/icyphy/ptII/ptolemy/actor/lib/test/auto/PublisherSubscriber3.xml
----------------- Instantiating /home/travis/build/icyphy/ptII/ptolemy/actor/lib/test/auto/PublisherSubscriber3.xml
2 ms. Memory: 1362432K Free: 707132K (52%)
----------------- Invoking toplevel() on ptolemy.moml.MoMLSimpleApplication@3a12354f
----------------- Done invoking toplevel() on ptolemy.moml.MoMLSimpleApplication@3a12354f
reloadAllAccessors: .PublisherSubscriber3

===========================================================================================
----------------- testing Thu Apr 18 13:38:58 UTC 2019 /home/travis/build/icyphy/ptII/ptolemy/actor/lib/test/auto/PublisherSubscriber4.xml
----------------- Instantiating /home/travis/build/icyphy/ptII/ptolemy/actor/lib/test/auto/PublisherSubscriber4.xml
2 ms. Memory: 1362432K Free: 684763K (50%)
----------------- Invoking toplevel() on ptolemy.moml.MoMLSimpleApplication@79e9c8b0
----------------- Done invoking toplevel() on ptolemy.moml.MoMLSimpleApplication@79e9c8b0
reloadAllAccessors: .PublisherSubscriber4

===========================================================================================
----------------- testing Thu Apr 18 13:38:58 UTC 2019 /home/travis/build/icyphy/ptII/ptolemy/actor/lib/test/auto/PublisherSubscriber5.xml
----------------- Instantiating /home/travis/build/icyphy/ptII/ptolemy/actor/lib/test/auto/PublisherSubscriber5.xml
1 ms. Memory: 1362432K Free: 668181K (49%)
----------------- Invoking toplevel() on ptolemy.moml.MoMLSimpleApplication@7b832394
----------------- Done invoking toplevel() on ptolemy.moml.MoMLSimpleApplication@7b832394
reloadAllAccessors: .PublisherSubscriber5

===========================================================================================
----------------- testing Thu Apr 18 13:38:58 UTC 2019 /home/travis/build/icyphy/ptII/ptolemy/actor/lib/test/auto/PublisherSubscriber6.xml
----------------- Instantiating /home/travis/build/icyphy/ptII/ptolemy/actor/lib/test/auto/PublisherSubscriber6.xml
2 ms. Memory: 1362432K Free: 645813K (47%)
----------------- Invoking toplevel() on ptolemy.moml.MoMLSimpleApplication@7d758878
----------------- Done invoking toplevel() on ptolemy.moml.MoMLSimpleApplication@7d758878
reloadAllAccessors: .PublisherSubscriber6

===========================================================================================
----------------- testing Thu Apr 18 13:38:58 UTC 2019 /home/travis/build/icyphy/ptII/ptolemy/actor/lib/test/auto/PublisherSubscriber7.xml
----------------- Instantiating /home/travis/build/icyphy/ptII/ptolemy/actor/lib/test/auto/PublisherSubscriber7.xml
2 ms. Memory: 1362432K Free: 629231K (46%)
----------------- Invoking toplevel() on ptolemy.moml.MoMLSimpleApplication@7536bd09
----------------- Done invoking toplevel() on ptolemy.moml.MoMLSimpleApplication@7536bd09
reloadAllAccessors: .PublisherSubscriber7

===========================================================================================
----------------- testing Thu Apr 18 13:38:58 UTC 2019 /home/travis/build/icyphy/ptII/ptolemy/actor/lib/test/auto/PublisherSubscriber8.xml
----------------- Instantiating /home/travis/build/icyphy/ptII/ptolemy/actor/lib/test/auto/PublisherSubscriber8.xml
57 ms. Memory: 1362432K Free: 529739K (39%)
----------------- Invoking toplevel() on ptolemy.moml.MoMLSimpleApplication@26d92a51
----------------- Done invoking toplevel() on ptolemy.moml.MoMLSimpleApplication@26d92a51
reloadAllAccessors: .PublisherSubscriber8

===========================================================================================
----------------- testing Thu Apr 18 13:38:58 UTC 2019 /home/travis/build/icyphy/ptII/ptolemy/actor/lib/test/auto/PublisherSubscriber9.xml
----------------- Instantiating /home/travis/build/icyphy/ptII/ptolemy/actor/lib/test/auto/PublisherSubscriber9.xml
3 ms. Memory: 1362432K Free: 507370K (37%)
----------------- Invoking toplevel() on ptolemy.moml.MoMLSimpleApplication@3ab1b249
----------------- Done invoking toplevel() on ptolemy.moml.MoMLSimpleApplication@3ab1b249
reloadAllAccessors: .PublisherSubscriber9

===========================================================================================
----------------- testing Thu Apr 18 13:38:59 UTC 2019 /home/travis/build/icyphy/ptII/ptolemy/actor/lib/test/auto/PublisherSubscriberAdjacent.xml
----------------- Instantiating /home/travis/build/icyphy/ptII/ptolemy/actor/lib/test/auto/PublisherSubscriberAdjacent.xml
2 ms. Memory: 1362432K Free: 490788K (36%)
----------------- Invoking toplevel() on ptolemy.moml.MoMLSimpleApplication@613ecf57
----------------- Done invoking toplevel() on ptolemy.moml.MoMLSimpleApplication@613ecf57
reloadAllAccessors: .PublisherSubscriberAdjacent

===========================================================================================
----------------- testing Thu Apr 18 13:38:59 UTC 2019 /home/travis/build/icyphy/ptII/ptolemy/actor/lib/test/auto/PublisherSubscriberChannelVariablesAOC2.xml
----------------- Instantiating /home/travis/build/icyphy/ptII/ptolemy/actor/lib/test/auto/PublisherSubscriberChannelVariablesAOC2.xml
3 ms. Memory: 1362432K Free: 460112K (34%)
----------------- Invoking toplevel() on ptolemy.moml.MoMLSimpleApplication@764ac321
----------------- Done invoking toplevel() on ptolemy.moml.MoMLSimpleApplication@764ac321
reloadAllAccessors: .PublisherSubscriberChannelVariablesAOC2

===========================================================================================
----------------- testing Thu Apr 18 13:38:59 UTC 2019 /home/travis/build/icyphy/ptII/ptolemy/actor/lib/test/auto/PublisherSubscriberD3.xml
----------------- Instantiating /home/travis/build/icyphy/ptII/ptolemy/actor/lib/test/auto/PublisherSubscriberD3.xml
1 ms. Memory: 1362432K Free: 443530K (33%)
----------------- Invoking toplevel() on ptolemy.moml.MoMLSimpleApplication@1d0c84db
----------------- Done invoking toplevel() on ptolemy.moml.MoMLSimpleApplication@1d0c84db
reloadAllAccessors: .PublisherSubscriberD3

===========================================================================================
----------------- testing Thu Apr 18 13:38:59 UTC 2019 /home/travis/build/icyphy/ptII/ptolemy/actor/lib/test/auto/PublisherSubscriberD3Reverse.xml
----------------- Instantiating /home/travis/build/icyphy/ptII/ptolemy/actor/lib/test/auto/PublisherSubscriberD3Reverse.xml
2 ms. Memory: 1362432K Free: 421162K (31%)
----------------- Invoking toplevel() on ptolemy.moml.MoMLSimpleApplication@1627a775
----------------- Done invoking toplevel() on ptolemy.moml.MoMLSimpleApplication@1627a775
reloadAllAccessors: .PublisherSubscriberD3Reverse

===========================================================================================
----------------- testing Thu Apr 18 13:38:59 UTC 2019 /home/travis/build/icyphy/ptII/ptolemy/actor/lib/test/auto/PublisherSubscriberExpression.xml
----------------- Instantiating /home/travis/build/icyphy/ptII/ptolemy/actor/lib/test/auto/PublisherSubscriberExpression.xml
3 ms. Memory: 1362432K Free: 404580K (30%)
----------------- Invoking toplevel() on ptolemy.moml.MoMLSimpleApplication@67abc03e
----------------- Done invoking toplevel() on ptolemy.moml.MoMLSimpleApplication@67abc03e
reloadAllAccessors: .PublisherSubscriberExpression

===========================================================================================
----------------- testing Thu Apr 18 13:38:59 UTC 2019 /home/travis/build/icyphy/ptII/ptolemy/actor/lib/test/auto/PublisherSubscriberOpaque.xml
----------------- Instantiating /home/travis/build/icyphy/ptII/ptolemy/actor/lib/test/auto/PublisherSubscriberOpaque.xml
3 ms. Memory: 1362432K Free: 387998K (28%)
----------------- Invoking toplevel() on ptolemy.moml.MoMLSimpleApplication@2e255a34
----------------- Done invoking toplevel() on ptolemy.moml.MoMLSimpleApplication@2e255a34
reloadAllAccessors: .PublisherSubscriberOpaque

===========================================================================================
----------------- testing Thu Apr 18 13:38:59 UTC 2019 /home/travis/build/icyphy/ptII/ptolemy/actor/lib/test/auto/PublisherSubscriberOpaqueD3.xml
----------------- Instantiating /home/travis/build/icyphy/ptII/ptolemy/actor/lib/test/auto/PublisherSubscriberOpaqueD3.xml
4 ms. Memory: 1362432K Free: 365629K (27%)
----------------- Invoking toplevel() on ptolemy.moml.MoMLSimpleApplication@45f9042
----------------- Done invoking toplevel() on ptolemy.moml.MoMLSimpleApplication@45f9042
reloadAllAccessors: .PublisherSubscriberOpaqueD3

===========================================================================================
----------------- testing Thu Apr 18 13:38:59 UTC 2019 /home/travis/build/icyphy/ptII/ptolemy/actor/lib/test/auto/PublisherSubscriberOpaqueD3Reverse.xml
----------------- Instantiating /home/travis/build/icyphy/ptII/ptolemy/actor/lib/test/auto/PublisherSubscriberOpaqueD3Reverse.xml
5 ms. Memory: 1362432K Free: 349047K (26%)
----------------- Invoking toplevel() on ptolemy.moml.MoMLSimpleApplication@a8f8333
----------------- Done invoking toplevel() on ptolemy.moml.MoMLSimpleApplication@a8f8333
reloadAllAccessors: .PublisherSubscriberOpaqueD3Reverse

===========================================================================================
----------------- testing Thu Apr 18 13:38:59 UTC 2019 /home/travis/build/icyphy/ptII/ptolemy/actor/lib/test/auto/PublisherSubscriberOpaqueWidthInference.xml
----------------- Instantiating /home/travis/build/icyphy/ptII/ptolemy/actor/lib/test/auto/PublisherSubscriberOpaqueWidthInference.xml
2 ms. Memory: 1362432K Free: 326679K (24%)
----------------- Invoking toplevel() on ptolemy.moml.MoMLSimpleApplication@71f32dbd
----------------- Done invoking toplevel() on ptolemy.moml.MoMLSimpleApplication@71f32dbd
reloadAllAccessors: .PublisherSubscriberOpaqueWidthInference

===========================================================================================
----------------- testing Thu Apr 18 13:38:59 UTC 2019 /home/travis/build/icyphy/ptII/ptolemy/actor/lib/test/auto/PublisherTestSubscriber.xml
----------------- Instantiating /home/travis/build/icyphy/ptII/ptolemy/actor/lib/test/auto/PublisherTestSubscriber.xml
2 ms. Memory: 1362432K Free: 310097K (23%)
----------------- Invoking toplevel() on ptolemy.moml.MoMLSimpleApplication@1a7110bc
----------------- Done invoking toplevel() on ptolemy.moml.MoMLSimpleApplication@1a7110bc
reloadAllAccessors: .PublisherTestSubscriber

===========================================================================================
----------------- testing Thu Apr 18 13:38:59 UTC 2019 /home/travis/build/icyphy/ptII/ptolemy/actor/lib/test/auto/PublisherToplevelSubscriberPortAOC.xml
----------------- Instantiating /home/travis/build/icyphy/ptII/ptolemy/actor/lib/test/auto/PublisherToplevelSubscriberPortAOC.xml
2 ms. Memory: 1362432K Free: 287728K (21%)
----------------- Invoking toplevel() on ptolemy.moml.MoMLSimpleApplication@73ee702b
----------------- Done invoking toplevel() on ptolemy.moml.MoMLSimpleApplication@73ee702b
reloadAllAccessors: .PublisherToplevelSubscriberPortAOC

===========================================================================================
----------------- testing Thu Apr 18 13:38:59 UTC 2019 /home/travis/build/icyphy/ptII/ptolemy/actor/lib/test/auto/PulseFiringLimitDE.xml
----------------- Instantiating /home/travis/build/icyphy/ptII/ptolemy/actor/lib/test/auto/PulseFiringLimitDE.xml
3 ms. Memory: 1362432K Free: 271146K (20%)
----------------- Invoking toplevel() on ptolemy.moml.MoMLSimpleApplication@27cd3334
----------------- Done invoking toplevel() on ptolemy.moml.MoMLSimpleApplication@27cd3334
reloadAllAccessors: .PulseFiringLimitDE

===========================================================================================
----------------- testing Thu Apr 18 13:38:59 UTC 2019 /home/travis/build/icyphy/ptII/ptolemy/actor/lib/test/auto/Ramp1.xml
----------------- Instantiating /home/travis/build/icyphy/ptII/ptolemy/actor/lib/test/auto/Ramp1.xml
1 ms. Memory: 1362432K Free: 254564K (19%)
----------------- Invoking toplevel() on ptolemy.moml.MoMLSimpleApplication@41a3ba42
----------------- Done invoking toplevel() on ptolemy.moml.MoMLSimpleApplication@41a3ba42
reloadAllAccessors: .Ramp1

===========================================================================================
----------------- testing Thu Apr 18 13:38:59 UTC 2019 /home/travis/build/icyphy/ptII/ptolemy/actor/lib/test/auto/RampFiringLimitDE.xml
----------------- Instantiating /home/travis/build/icyphy/ptII/ptolemy/actor/lib/test/auto/RampFiringLimitDE.xml
1 ms. Memory: 1362432K Free: 232196K (17%)
----------------- Invoking toplevel() on ptolemy.moml.MoMLSimpleApplication@37970db9
----------------- Done invoking toplevel() on ptolemy.moml.MoMLSimpleApplication@37970db9
reloadAllAccessors: .RampFiringLimitDE

===========================================================================================
----------------- testing Thu Apr 18 13:38:59 UTC 2019 /home/travis/build/icyphy/ptII/ptolemy/actor/lib/test/auto/RampFiringLimitSDF.xml
----------------- Instantiating /home/travis/build/icyphy/ptII/ptolemy/actor/lib/test/auto/RampFiringLimitSDF.xml
1 ms. Memory: 1362432K Free: 215614K (16%)
----------------- Invoking toplevel() on ptolemy.moml.MoMLSimpleApplication@1fee8be5
----------------- Done invoking toplevel() on ptolemy.moml.MoMLSimpleApplication@1fee8be5
reloadAllAccessors: .RampFiringLimitSDF

===========================================================================================
----------------- testing Thu Apr 18 13:38:59 UTC 2019 /home/travis/build/icyphy/ptII/ptolemy/actor/lib/test/auto/RandomInteger.xml
----------------- Instantiating /home/travis/build/icyphy/ptII/ptolemy/actor/lib/test/auto/RandomInteger.xml
1 ms. Memory: 1362432K Free: 193246K (14%)
----------------- Invoking toplevel() on ptolemy.moml.MoMLSimpleApplication@2ee3b08e
----------------- Done invoking toplevel() on ptolemy.moml.MoMLSimpleApplication@2ee3b08e
reloadAllAccessors: .RandomInteger

===========================================================================================
----------------- testing Thu Apr 18 13:38:59 UTC 2019 /home/travis/build/icyphy/ptII/ptolemy/actor/lib/test/auto/ReadFile1.xml
----------------- Instantiating /home/travis/build/icyphy/ptII/ptolemy/actor/lib/test/auto/ReadFile1.xml
1 ms. Memory: 1362432K Free: 176664K (13%)
----------------- Invoking toplevel() on ptolemy.moml.MoMLSimpleApplication@7051b214
----------------- Done invoking toplevel() on ptolemy.moml.MoMLSimpleApplication@7051b214
reloadAllAccessors: .ReadFile1

===========================================================================================
----------------- testing Thu Apr 18 13:38:59 UTC 2019 /home/travis/build/icyphy/ptII/ptolemy/actor/lib/test/auto/ReadFile2.xml
----------------- Instantiating /home/travis/build/icyphy/ptII/ptolemy/actor/lib/test/auto/ReadFile2.xml
2 ms. Memory: 1362432K Free: 154295K (11%)
----------------- Invoking toplevel() on ptolemy.moml.MoMLSimpleApplication@8847bc4
----------------- Done invoking toplevel() on ptolemy.moml.MoMLSimpleApplication@8847bc4
reloadAllAccessors: .ReadFile2

===========================================================================================
----------------- testing Thu Apr 18 13:38:59 UTC 2019 /home/travis/build/icyphy/ptII/ptolemy/actor/lib/test/auto/Reader.xml
----------------- Instantiating /home/travis/build/icyphy/ptII/ptolemy/actor/lib/test/auto/Reader.xml
actor.lib.Reader is obsolete, use actor.lib.io.ExpressionReader instead
5 ms. Memory: 1362432K Free: 137713K (10%)
----------------- Invoking toplevel() on ptolemy.moml.MoMLSimpleApplication@34fd9920
----------------- Done invoking toplevel() on ptolemy.moml.MoMLSimpleApplication@34fd9920
reloadAllAccessors: .Reader

===========================================================================================
----------------- testing Thu Apr 18 13:38:59 UTC 2019 /home/travis/build/icyphy/ptII/ptolemy/actor/lib/test/auto/RecordAssemblerDisplayNameTest.xml
----------------- Instantiating /home/travis/build/icyphy/ptII/ptolemy/actor/lib/test/auto/RecordAssemblerDisplayNameTest.xml
2900 ms. Memory: 1445888K Free: 194778K (13%)
----------------- Invoking toplevel() on ptolemy.moml.MoMLSimpleApplication@f5368f0
----------------- Done invoking toplevel() on ptolemy.moml.MoMLSimpleApplication@f5368f0
reloadAllAccessors: .RecordAssemblerDisplayNameTest

===========================================================================================
----------------- testing Thu Apr 18 13:39:02 UTC 2019 /home/travis/build/icyphy/ptII/ptolemy/actor/lib/test/auto/RecordAssemblerTypeError.xml
----------------- Instantiating /home/travis/build/icyphy/ptII/ptolemy/actor/lib/test/auto/RecordAssemblerTypeError.xml
4 ms. Memory: 1445888K Free: 165047K (11%)
----------------- Invoking toplevel() on ptolemy.moml.MoMLSimpleApplication@28bf7b22
----------------- Done invoking toplevel() on ptolemy.moml.MoMLSimpleApplication@28bf7b22
reloadAllAccessors: .RecordAssemblerTypeError

===========================================================================================
----------------- testing Thu Apr 18 13:39:02 UTC 2019 /home/travis/build/icyphy/ptII/ptolemy/actor/lib/test/auto/RecordDisassember.xml
----------------- Instantiating /home/travis/build/icyphy/ptII/ptolemy/actor/lib/test/auto/RecordDisassember.xml
4 ms. Memory: 1445888K Free: 151617K (10%)
----------------- Invoking toplevel() on ptolemy.moml.MoMLSimpleApplication@3168aa89
----------------- Done invoking toplevel() on ptolemy.moml.MoMLSimpleApplication@3168aa89
reloadAllAccessors: .RecordDisassember

===========================================================================================
----------------- testing Thu Apr 18 13:39:02 UTC 2019 /home/travis/build/icyphy/ptII/ptolemy/actor/lib/test/auto/RecordDisassemberDisplayNameTest.xml
----------------- Instantiating /home/travis/build/icyphy/ptII/ptolemy/actor/lib/test/auto/RecordDisassemberDisplayNameTest.xml
5 ms. Memory: 1445888K Free: 133107K (9%)
----------------- Invoking toplevel() on ptolemy.moml.MoMLSimpleApplication@74d19359
----------------- Done invoking toplevel() on ptolemy.moml.MoMLSimpleApplication@74d19359
reloadAllAccessors: .RecordDisassemberDisplayNameTest

===========================================================================================
----------------- testing Thu Apr 18 13:39:02 UTC 2019 /home/travis/build/icyphy/ptII/ptolemy/actor/lib/test/auto/RecordDisassembler.xml
----------------- Instantiating /home/travis/build/icyphy/ptII/ptolemy/actor/lib/test/auto/RecordDisassembler.xml
3 ms. Memory: 1445888K Free: 119678K (8%)
----------------- Invoking toplevel() on ptolemy.moml.MoMLSimpleApplication@8bf3c23
----------------- Done invoking toplevel() on ptolemy.moml.MoMLSimpleApplication@8bf3c23
reloadAllAccessors: .RecordDisassembler

===========================================================================================
----------------- testing Thu Apr 18 13:39:02 UTC 2019 /home/travis/build/icyphy/ptII/ptolemy/actor/lib/test/auto/RecordDisassembler2.xml
----------------- Instantiating /home/travis/build/icyphy/ptII/ptolemy/actor/lib/test/auto/RecordDisassembler2.xml
3 ms. Memory: 1445888K Free: 101168K (7%)
----------------- Invoking toplevel() on ptolemy.moml.MoMLSimpleApplication@14b3651e
----------------- Done invoking toplevel() on ptolemy.moml.MoMLSimpleApplication@14b3651e
reloadAllAccessors: .RecordDisassembler2

===========================================================================================
----------------- testing Thu Apr 18 13:39:02 UTC 2019 /home/travis/build/icyphy/ptII/ptolemy/actor/lib/test/auto/RecordUpdater.xml
----------------- Instantiating /home/travis/build/icyphy/ptII/ptolemy/actor/lib/test/auto/RecordUpdater.xml
2 ms. Memory: 1445888K Free: 87738K (6%)
----------------- Invoking toplevel() on ptolemy.moml.MoMLSimpleApplication@3023fbc0
----------------- Done invoking toplevel() on ptolemy.moml.MoMLSimpleApplication@3023fbc0
reloadAllAccessors: .RecordUpdater

===========================================================================================
----------------- testing Thu Apr 18 13:39:02 UTC 2019 /home/travis/build/icyphy/ptII/ptolemy/actor/lib/test/auto/RecordUpdater2.xml
----------------- Instantiating /home/travis/build/icyphy/ptII/ptolemy/actor/lib/test/auto/RecordUpdater2.xml
2 ms. Memory: 1445888K Free: 69228K (5%)
----------------- Invoking toplevel() on ptolemy.moml.MoMLSimpleApplication@4ec5542c
----------------- Done invoking toplevel() on ptolemy.moml.MoMLSimpleApplication@4ec5542c
reloadAllAccessors: .RecordUpdater2

===========================================================================================
----------------- testing Thu Apr 18 13:39:02 UTC 2019 /home/travis/build/icyphy/ptII/ptolemy/actor/lib/test/auto/RecursiveLattice.xml
----------------- Instantiating /home/travis/build/icyphy/ptII/ptolemy/actor/lib/test/auto/RecursiveLattice.xml
13 ms. Memory: 1536000K Free: 1488603K (97%)
----------------- Invoking toplevel() on ptolemy.moml.MoMLSimpleApplication@39401389
----------------- Done invoking toplevel() on ptolemy.moml.MoMLSimpleApplication@39401389
reloadAllAccessors: .RecursiveLattice

===========================================================================================
----------------- testing Thu Apr 18 13:39:02 UTC 2019 /home/travis/build/icyphy/ptII/ptolemy/actor/lib/test/auto/Router.xml
----------------- Instantiating /home/travis/build/icyphy/ptII/ptolemy/actor/lib/test/auto/Router.xml
3004 ms. Memory: 1536000K Free: 1462237K (95%)
----------------- Invoking toplevel() on ptolemy.moml.MoMLSimpleApplication@3d422cd8
----------------- Done invoking toplevel() on ptolemy.moml.MoMLSimpleApplication@3d422cd8
reloadAllAccessors: .Router

===========================================================================================
----------------- testing Thu Apr 18 13:39:05 UTC 2019 /home/travis/build/icyphy/ptII/ptolemy/actor/lib/test/auto/Router2.xml
----------------- Instantiating /home/travis/build/icyphy/ptII/ptolemy/actor/lib/test/auto/Router2.xml
3003 ms. Memory: 1536000K Free: 1439454K (94%)
----------------- Invoking toplevel() on ptolemy.moml.MoMLSimpleApplication@29871253
----------------- Done invoking toplevel() on ptolemy.moml.MoMLSimpleApplication@29871253
reloadAllAccessors: .Router2

===========================================================================================
----------------- testing Thu Apr 18 13:39:08 UTC 2019 /home/travis/build/icyphy/ptII/ptolemy/actor/lib/test/auto/RunningMaximum.xml
----------------- Instantiating /home/travis/build/icyphy/ptII/ptolemy/actor/lib/test/auto/RunningMaximum.xml
2 ms. Memory: 1536000K Free: 1416672K (92%)
----------------- Invoking toplevel() on ptolemy.moml.MoMLSimpleApplication@7e2f98d6
----------------- Done invoking toplevel() on ptolemy.moml.MoMLSimpleApplication@7e2f98d6
reloadAllAccessors: .RunningMaximum

===========================================================================================
----------------- testing Thu Apr 18 13:39:08 UTC 2019 /home/travis/build/icyphy/ptII/ptolemy/actor/lib/test/auto/RunningMinimum.xml
----------------- Instantiating /home/travis/build/icyphy/ptII/ptolemy/actor/lib/test/auto/RunningMinimum.xml
1 ms. Memory: 1536000K Free: 1397564K (91%)
----------------- Invoking toplevel() on ptolemy.moml.MoMLSimpleApplication@1d51d991
----------------- Done invoking toplevel() on ptolemy.moml.MoMLSimpleApplication@1d51d991
reloadAllAccessors: .RunningMinimum

===========================================================================================
----------------- testing Thu Apr 18 13:39:08 UTC 2019 /home/travis/build/icyphy/ptII/ptolemy/actor/lib/test/auto/Scale.xml
----------------- Instantiating /home/travis/build/icyphy/ptII/ptolemy/actor/lib/test/auto/Scale.xml
2 ms. Memory: 1536000K Free: 1374781K (90%)
----------------- Invoking toplevel() on ptolemy.moml.MoMLSimpleApplication@464d908a
----------------- Done invoking toplevel() on ptolemy.moml.MoMLSimpleApplication@464d908a
reloadAllAccessors: .Scale

===========================================================================================
----------------- testing Thu Apr 18 13:39:08 UTC 2019 /home/travis/build/icyphy/ptII/ptolemy/actor/lib/test/auto/Scale2.xml
----------------- Instantiating /home/travis/build/icyphy/ptII/ptolemy/actor/lib/test/auto/Scale2.xml
1 ms. Memory: 1536000K Free: 1351998K (88%)
----------------- Invoking toplevel() on ptolemy.moml.MoMLSimpleApplication@77b4053a
----------------- Done invoking toplevel() on ptolemy.moml.MoMLSimpleApplication@77b4053a
reloadAllAccessors: .Scale2

===========================================================================================
----------------- testing Thu Apr 18 13:39:08 UTC 2019 /home/travis/build/icyphy/ptII/ptolemy/actor/lib/test/auto/Scale3.xml
----------------- Instantiating /home/travis/build/icyphy/ptII/ptolemy/actor/lib/test/auto/Scale3.xml
3 ms. Memory: 1536000K Free: 1332891K (87%)
----------------- Invoking toplevel() on ptolemy.moml.MoMLSimpleApplication@1c6feb
----------------- Done invoking toplevel() on ptolemy.moml.MoMLSimpleApplication@1c6feb
reloadAllAccessors: .Scale3

===========================================================================================
----------------- testing Thu Apr 18 13:39:08 UTC 2019 /home/travis/build/icyphy/ptII/ptolemy/actor/lib/test/auto/ScaleArray.xml
----------------- Instantiating /home/travis/build/icyphy/ptII/ptolemy/actor/lib/test/auto/ScaleArray.xml
1 ms. Memory: 1536000K Free: 1310108K (85%)
----------------- Invoking toplevel() on ptolemy.moml.MoMLSimpleApplication@693c7d8a
----------------- Done invoking toplevel() on ptolemy.moml.MoMLSimpleApplication@693c7d8a
reloadAllAccessors: .ScaleArray

===========================================================================================
----------------- testing Thu Apr 18 13:39:08 UTC 2019 /home/travis/build/icyphy/ptII/ptolemy/actor/lib/test/auto/ScaleArray2.xml
----------------- Instantiating /home/travis/build/icyphy/ptII/ptolemy/actor/lib/test/auto/ScaleArray2.xml
0 ms. Memory: 1536000K Free: 1287325K (84%)
----------------- Invoking toplevel() on ptolemy.moml.MoMLSimpleApplication@1754a4b6
----------------- Done invoking toplevel() on ptolemy.moml.MoMLSimpleApplication@1754a4b6
reloadAllAccessors: .ScaleArray2

===========================================================================================
----------------- testing Thu Apr 18 13:39:08 UTC 2019 /home/travis/build/icyphy/ptII/ptolemy/actor/lib/test/auto/ScaleMatrix.xml
----------------- Instantiating /home/travis/build/icyphy/ptII/ptolemy/actor/lib/test/auto/ScaleMatrix.xml
102 ms. Memory: 1536000K Free: 1258649K (82%)
----------------- Invoking toplevel() on ptolemy.moml.MoMLSimpleApplication@cfa8ddb
----------------- Done invoking toplevel() on ptolemy.moml.MoMLSimpleApplication@cfa8ddb
reloadAllAccessors: .ScaleMatrix

===========================================================================================
----------------- testing Thu Apr 18 13:39:08 UTC 2019 /home/travis/build/icyphy/ptII/ptolemy/actor/lib/test/auto/Select.xml
----------------- Instantiating /home/travis/build/icyphy/ptII/ptolemy/actor/lib/test/auto/Select.xml
2 ms. Memory: 1536000K Free: 1235866K (80%)
----------------- Invoking toplevel() on ptolemy.moml.MoMLSimpleApplication@e987c92
----------------- Done invoking toplevel() on ptolemy.moml.MoMLSimpleApplication@e987c92
reloadAllAccessors: .Select

===========================================================================================
----------------- testing Thu Apr 18 13:39:08 UTC 2019 /home/travis/build/icyphy/ptII/ptolemy/actor/lib/test/auto/Select2.xml
----------------- Instantiating /home/travis/build/icyphy/ptII/ptolemy/actor/lib/test/auto/Select2.xml
1 ms. Memory: 1536000K Free: 1213084K (79%)
----------------- Invoking toplevel() on ptolemy.moml.MoMLSimpleApplication@6cb92c3a
----------------- Done invoking toplevel() on ptolemy.moml.MoMLSimpleApplication@6cb92c3a
reloadAllAccessors: .Select2

===========================================================================================
----------------- testing Thu Apr 18 13:39:08 UTC 2019 /home/travis/build/icyphy/ptII/ptolemy/actor/lib/test/auto/SequenceToArray2.xml
----------------- Instantiating /home/travis/build/icyphy/ptII/ptolemy/actor/lib/test/auto/SequenceToArray2.xml
75 ms. Memory: 1536000K Free: 1098420K (72%)
----------------- Invoking toplevel() on ptolemy.moml.MoMLSimpleApplication@3127463a
----------------- Done invoking toplevel() on ptolemy.moml.MoMLSimpleApplication@3127463a
reloadAllAccessors: .SequenceToArray2

===========================================================================================
----------------- testing Thu Apr 18 13:39:08 UTC 2019 /home/travis/build/icyphy/ptII/ptolemy/actor/lib/test/auto/SequentialClock.xml
----------------- Instantiating /home/travis/build/icyphy/ptII/ptolemy/actor/lib/test/auto/SequentialClock.xml
1 ms. Memory: 1536000K Free: 1075638K (70%)
----------------- Invoking toplevel() on ptolemy.moml.MoMLSimpleApplication@455f00dc
----------------- Done invoking toplevel() on ptolemy.moml.MoMLSimpleApplication@455f00dc
reloadAllAccessors: .SequentialClock

===========================================================================================
----------------- testing Thu Apr 18 13:39:08 UTC 2019 /home/travis/build/icyphy/ptII/ptolemy/actor/lib/test/auto/SetVariable.xml
----------------- Instantiating /home/travis/build/icyphy/ptII/ptolemy/actor/lib/test/auto/SetVariable.xml
2 ms. Memory: 1536000K Free: 1052855K (69%)
----------------- Invoking toplevel() on ptolemy.moml.MoMLSimpleApplication@38e90677
----------------- Done invoking toplevel() on ptolemy.moml.MoMLSimpleApplication@38e90677
reloadAllAccessors: .SetVariable

===========================================================================================
----------------- testing Thu Apr 18 13:39:08 UTC 2019 /home/travis/build/icyphy/ptII/ptolemy/actor/lib/test/auto/SetVariable2.xml
----------------- Instantiating /home/travis/build/icyphy/ptII/ptolemy/actor/lib/test/auto/SetVariable2.xml
2 ms. Memory: 1536000K Free: 1033747K (67%)
----------------- Invoking toplevel() on ptolemy.moml.MoMLSimpleApplication@770d83ed
----------------- Done invoking toplevel() on ptolemy.moml.MoMLSimpleApplication@770d83ed
reloadAllAccessors: .SetVariable2

===========================================================================================
----------------- testing Thu Apr 18 13:39:08 UTC 2019 /home/travis/build/icyphy/ptII/ptolemy/actor/lib/test/auto/SetVariable3.xml
----------------- Instantiating /home/travis/build/icyphy/ptII/ptolemy/actor/lib/test/auto/SetVariable3.xml
6 ms. Memory: 1536000K Free: 1010964K (66%)
----------------- Invoking toplevel() on ptolemy.moml.MoMLSimpleApplication@954a027
----------------- Done invoking toplevel() on ptolemy.moml.MoMLSimpleApplication@954a027
reloadAllAccessors: .SetVariable3

===========================================================================================
----------------- testing Thu Apr 18 13:39:08 UTC 2019 /home/travis/build/icyphy/ptII/ptolemy/actor/lib/test/auto/SetVariable4.xml
----------------- Instantiating /home/travis/build/icyphy/ptII/ptolemy/actor/lib/test/auto/SetVariable4.xml
14 ms. Memory: 1536000K Free: 921304K (60%)
----------------- Invoking toplevel() on ptolemy.moml.MoMLSimpleApplication@77fe00f1
----------------- Done invoking toplevel() on ptolemy.moml.MoMLSimpleApplication@77fe00f1
reloadAllAccessors: .SetVariable4

===========================================================================================
----------------- testing Thu Apr 18 13:39:08 UTC 2019 /home/travis/build/icyphy/ptII/ptolemy/actor/lib/test/auto/SetVariable5.xml
----------------- Instantiating /home/travis/build/icyphy/ptII/ptolemy/actor/lib/test/auto/SetVariable5.xml
16 ms. Memory: 1536000K Free: 902196K (59%)
----------------- Invoking toplevel() on ptolemy.moml.MoMLSimpleApplication@4647ec84
----------------- Done invoking toplevel() on ptolemy.moml.MoMLSimpleApplication@4647ec84
reloadAllAccessors: .SetVariable5

===========================================================================================
----------------- testing Thu Apr 18 13:39:08 UTC 2019 /home/travis/build/icyphy/ptII/ptolemy/actor/lib/test/auto/Sinewave.xml
----------------- Instantiating /home/travis/build/icyphy/ptII/ptolemy/actor/lib/test/auto/Sinewave.xml
4 ms. Memory: 1536000K Free: 879414K (57%)
----------------- Invoking toplevel() on ptolemy.moml.MoMLSimpleApplication@5a09e5c6
----------------- Done invoking toplevel() on ptolemy.moml.MoMLSimpleApplication@5a09e5c6
reloadAllAccessors: .Sinewave

===========================================================================================
----------------- testing Thu Apr 18 13:39:08 UTC 2019 /home/travis/build/icyphy/ptII/ptolemy/actor/lib/test/auto/Sinewave2.xml
----------------- Instantiating /home/travis/build/icyphy/ptII/ptolemy/actor/lib/test/auto/Sinewave2.xml
4 ms. Memory: 1536000K Free: 856631K (56%)
----------------- Invoking toplevel() on ptolemy.moml.MoMLSimpleApplication@3a475332
----------------- Done invoking toplevel() on ptolemy.moml.MoMLSimpleApplication@3a475332
reloadAllAccessors: .Sinewave2

===========================================================================================
----------------- testing Thu Apr 18 13:39:08 UTC 2019 /home/travis/build/icyphy/ptII/ptolemy/actor/lib/test/auto/Sinewave3.xml
----------------- Instantiating /home/travis/build/icyphy/ptII/ptolemy/actor/lib/test/auto/Sinewave3.xml
8 ms. Memory: 1536000K Free: 837523K (55%)
----------------- Invoking toplevel() on ptolemy.moml.MoMLSimpleApplication@6d7ebd45
----------------- Done invoking toplevel() on ptolemy.moml.MoMLSimpleApplication@6d7ebd45
reloadAllAccessors: .Sinewave3

===========================================================================================
----------------- testing Thu Apr 18 13:39:09 UTC 2019 /home/travis/build/icyphy/ptII/ptolemy/actor/lib/test/auto/SingleEvent.xml
----------------- Instantiating /home/travis/build/icyphy/ptII/ptolemy/actor/lib/test/auto/SingleEvent.xml
1 ms. Memory: 1536000K Free: 814740K (53%)
----------------- Invoking toplevel() on ptolemy.moml.MoMLSimpleApplication@7580e41
----------------- Done invoking toplevel() on ptolemy.moml.MoMLSimpleApplication@7580e41
reloadAllAccessors: .SingleEvent

===========================================================================================
----------------- testing Thu Apr 18 13:39:09 UTC 2019 /home/travis/build/icyphy/ptII/ptolemy/actor/lib/test/auto/Sleep.xml
----------------- Instantiating /home/travis/build/icyphy/ptII/ptolemy/actor/lib/test/auto/Sleep.xml
6003 ms. Memory: 1536000K Free: 791958K (52%)
----------------- Invoking toplevel() on ptolemy.moml.MoMLSimpleApplication@3940acd2
----------------- Done invoking toplevel() on ptolemy.moml.MoMLSimpleApplication@3940acd2
reloadAllAccessors: .Sleep

===========================================================================================
----------------- testing Thu Apr 18 13:39:15 UTC 2019 /home/travis/build/icyphy/ptII/ptolemy/actor/lib/test/auto/SleepMultipleFire.xml
----------------- Instantiating /home/travis/build/icyphy/ptII/ptolemy/actor/lib/test/auto/SleepMultipleFire.xml
1005 ms. Memory: 1536000K Free: 772850K (50%)
----------------- Invoking toplevel() on ptolemy.moml.MoMLSimpleApplication@57e55a69
----------------- Done invoking toplevel() on ptolemy.moml.MoMLSimpleApplication@57e55a69
reloadAllAccessors: .SleepMultipleFire

===========================================================================================
----------------- testing Thu Apr 18 13:39:16 UTC 2019 /home/travis/build/icyphy/ptII/ptolemy/actor/lib/test/auto/StopDE.xml
----------------- Instantiating /home/travis/build/icyphy/ptII/ptolemy/actor/lib/test/auto/StopDE.xml
2 ms. Memory: 1536000K Free: 750067K (49%)
----------------- Invoking toplevel() on ptolemy.moml.MoMLSimpleApplication@1e3a14f8
----------------- Done invoking toplevel() on ptolemy.moml.MoMLSimpleApplication@1e3a14f8
reloadAllAccessors: .StopDE

===========================================================================================
----------------- testing Thu Apr 18 13:39:16 UTC 2019 /home/travis/build/icyphy/ptII/ptolemy/actor/lib/test/auto/StopSDF.xml
----------------- Instantiating /home/travis/build/icyphy/ptII/ptolemy/actor/lib/test/auto/StopSDF.xml
2 ms. Memory: 1536000K Free: 727285K (47%)
----------------- Invoking toplevel() on ptolemy.moml.MoMLSimpleApplication@69e9b155
----------------- Done invoking toplevel() on ptolemy.moml.MoMLSimpleApplication@69e9b155
reloadAllAccessors: .StopSDF

===========================================================================================
----------------- testing Thu Apr 18 13:39:16 UTC 2019 /home/travis/build/icyphy/ptII/ptolemy/actor/lib/test/auto/StringConstant.xml
----------------- Instantiating /home/travis/build/icyphy/ptII/ptolemy/actor/lib/test/auto/StringConstant.xml
1 ms. Memory: 1536000K Free: 708177K (46%)
----------------- Invoking toplevel() on ptolemy.moml.MoMLSimpleApplication@3e43ea33
----------------- Done invoking toplevel() on ptolemy.moml.MoMLSimpleApplication@3e43ea33
reloadAllAccessors: .StringConstant

===========================================================================================
----------------- testing Thu Apr 18 13:39:16 UTC 2019 /home/travis/build/icyphy/ptII/ptolemy/actor/lib/test/auto/SubscriberPortInitialValues1.xml
----------------- Instantiating /home/travis/build/icyphy/ptII/ptolemy/actor/lib/test/auto/SubscriberPortInitialValues1.xml
5 ms. Memory: 1536000K Free: 685394K (45%)
----------------- Invoking toplevel() on ptolemy.moml.MoMLSimpleApplication@3bc34233
----------------- Done invoking toplevel() on ptolemy.moml.MoMLSimpleApplication@3bc34233
reloadAllAccessors: .SubscriberPortInitialValues1

===========================================================================================
----------------- testing Thu Apr 18 13:39:16 UTC 2019 /home/travis/build/icyphy/ptII/ptolemy/actor/lib/test/auto/SubscriberPortInitialValues13.xml
----------------- Instantiating /home/travis/build/icyphy/ptII/ptolemy/actor/lib/test/auto/SubscriberPortInitialValues13.xml
3 ms. Memory: 1536000K Free: 653042K (43%)
----------------- Invoking toplevel() on ptolemy.moml.MoMLSimpleApplication@753a98cb
----------------- Done invoking toplevel() on ptolemy.moml.MoMLSimpleApplication@753a98cb
reloadAllAccessors: .SubscriberPortInitialValues13

===========================================================================================
----------------- testing Thu Apr 18 13:39:16 UTC 2019 /home/travis/build/icyphy/ptII/ptolemy/actor/lib/test/auto/SubscriberPortInitialValues14.xml
----------------- Instantiating /home/travis/build/icyphy/ptII/ptolemy/actor/lib/test/auto/SubscriberPortInitialValues14.xml
3 ms. Memory: 1536000K Free: 630259K (41%)
----------------- Invoking toplevel() on ptolemy.moml.MoMLSimpleApplication@34397326
----------------- Done invoking toplevel() on ptolemy.moml.MoMLSimpleApplication@34397326
reloadAllAccessors: .SubscriberPortInitialValues14

===========================================================================================
----------------- testing Thu Apr 18 13:39:16 UTC 2019 /home/travis/build/icyphy/ptII/ptolemy/actor/lib/test/auto/SubscriberPortInitialValues2.xml
----------------- Instantiating /home/travis/build/icyphy/ptII/ptolemy/actor/lib/test/auto/SubscriberPortInitialValues2.xml
3 ms. Memory: 1536000K Free: 611151K (40%)
----------------- Invoking toplevel() on ptolemy.moml.MoMLSimpleApplication@1ad51598
----------------- Done invoking toplevel() on ptolemy.moml.MoMLSimpleApplication@1ad51598
reloadAllAccessors: .SubscriberPortInitialValues2

===========================================================================================
----------------- testing Thu Apr 18 13:39:16 UTC 2019 /home/travis/build/icyphy/ptII/ptolemy/actor/lib/test/auto/SubscriberPortInitialValues3.xml
----------------- Instantiating /home/travis/build/icyphy/ptII/ptolemy/actor/lib/test/auto/SubscriberPortInitialValues3.xml
3 ms. Memory: 1536000K Free: 588369K (38%)
----------------- Invoking toplevel() on ptolemy.moml.MoMLSimpleApplication@63e92c90
----------------- Done invoking toplevel() on ptolemy.moml.MoMLSimpleApplication@63e92c90
reloadAllAccessors: .SubscriberPortInitialValues3

===========================================================================================
----------------- testing Thu Apr 18 13:39:16 UTC 2019 /home/travis/build/icyphy/ptII/ptolemy/actor/lib/test/auto/SubscriptionAggregator.xml
----------------- Instantiating /home/travis/build/icyphy/ptII/ptolemy/actor/lib/test/auto/SubscriptionAggregator.xml
3 ms. Memory: 1536000K Free: 565586K (37%)
----------------- Invoking toplevel() on ptolemy.moml.MoMLSimpleApplication@3e614aea
----------------- Done invoking toplevel() on ptolemy.moml.MoMLSimpleApplication@3e614aea
reloadAllAccessors: .SubscriptionAggregator

===========================================================================================
----------------- testing Thu Apr 18 13:39:16 UTC 2019 /home/travis/build/icyphy/ptII/ptolemy/actor/lib/test/auto/SubscriptionAggregator2.xml
----------------- Instantiating /home/travis/build/icyphy/ptII/ptolemy/actor/lib/test/auto/SubscriptionAggregator2.xml
2 ms. Memory: 1536000K Free: 546478K (36%)
----------------- Invoking toplevel() on ptolemy.moml.MoMLSimpleApplication@2c9d41d3
----------------- Done invoking toplevel() on ptolemy.moml.MoMLSimpleApplication@2c9d41d3
reloadAllAccessors: .SubscriptionAggregator2

===========================================================================================
----------------- testing Thu Apr 18 13:39:16 UTC 2019 /home/travis/build/icyphy/ptII/ptolemy/actor/lib/test/auto/SubscriptionAggregator3.xml
----------------- Instantiating /home/travis/build/icyphy/ptII/ptolemy/actor/lib/test/auto/SubscriptionAggregator3.xml
3 ms. Memory: 1536000K Free: 523695K (34%)
----------------- Invoking toplevel() on ptolemy.moml.MoMLSimpleApplication@4a3dba34
----------------- Done invoking toplevel() on ptolemy.moml.MoMLSimpleApplication@4a3dba34
reloadAllAccessors: .SubscriptionAggregator3

===========================================================================================
----------------- testing Thu Apr 18 13:39:16 UTC 2019 /home/travis/build/icyphy/ptII/ptolemy/actor/lib/test/auto/SubscriptionAggregatorMultiply.xml
----------------- Instantiating /home/travis/build/icyphy/ptII/ptolemy/actor/lib/test/auto/SubscriptionAggregatorMultiply.xml
5 ms. Memory: 1536000K Free: 500913K (33%)
----------------- Invoking toplevel() on ptolemy.moml.MoMLSimpleApplication@5e054f4c
----------------- Done invoking toplevel() on ptolemy.moml.MoMLSimpleApplication@5e054f4c
reloadAllAccessors: .SubscriptionAggregatorMultiply

===========================================================================================
----------------- testing Thu Apr 18 13:39:16 UTC 2019 /home/travis/build/icyphy/ptII/ptolemy/actor/lib/test/auto/SubscriptionAggregatorPortMultiply1.xml
----------------- Instantiating /home/travis/build/icyphy/ptII/ptolemy/actor/lib/test/auto/SubscriptionAggregatorPortMultiply1.xml
3 ms. Memory: 1536000K Free: 481805K (31%)
----------------- Invoking toplevel() on ptolemy.moml.MoMLSimpleApplication@6d801dca
----------------- Done invoking toplevel() on ptolemy.moml.MoMLSimpleApplication@6d801dca
reloadAllAccessors: .SubscriptionAggregatorPortMultiply1

===========================================================================================
----------------- testing Thu Apr 18 13:39:16 UTC 2019 /home/travis/build/icyphy/ptII/ptolemy/actor/lib/test/auto/Switch.xml
----------------- Instantiating /home/travis/build/icyphy/ptII/ptolemy/actor/lib/test/auto/Switch.xml
5 ms. Memory: 1536000K Free: 401699K (26%)
----------------- Invoking toplevel() on ptolemy.moml.MoMLSimpleApplication@71d8f7c1
----------------- Done invoking toplevel() on ptolemy.moml.MoMLSimpleApplication@71d8f7c1
reloadAllAccessors: .Switch

===========================================================================================
----------------- testing Thu Apr 18 13:39:16 UTC 2019 /home/travis/build/icyphy/ptII/ptolemy/actor/lib/test/auto/Switch2.xml
----------------- Instantiating /home/travis/build/icyphy/ptII/ptolemy/actor/lib/test/auto/Switch2.xml
1 ms. Memory: 1536000K Free: 378916K (25%)
----------------- Invoking toplevel() on ptolemy.moml.MoMLSimpleApplication@37f225a9
----------------- Done invoking toplevel() on ptolemy.moml.MoMLSimpleApplication@37f225a9
reloadAllAccessors: .Switch2

===========================================================================================
----------------- testing Thu Apr 18 13:39:16 UTC 2019 /home/travis/build/icyphy/ptII/ptolemy/actor/lib/test/auto/SwitchDE.xml
----------------- Instantiating /home/travis/build/icyphy/ptII/ptolemy/actor/lib/test/auto/SwitchDE.xml
5 ms. Memory: 1536000K Free: 359808K (23%)
----------------- Invoking toplevel() on ptolemy.moml.MoMLSimpleApplication@4eb1127b
----------------- Done invoking toplevel() on ptolemy.moml.MoMLSimpleApplication@4eb1127b
reloadAllAccessors: .SwitchDE

===========================================================================================
----------------- testing Thu Apr 18 13:39:16 UTC 2019 /home/travis/build/icyphy/ptII/ptolemy/actor/lib/test/auto/SynchronizerDE.xml
----------------- Instantiating /home/travis/build/icyphy/ptII/ptolemy/actor/lib/test/auto/SynchronizerDE.xml
8 ms. Memory: 1536000K Free: 337026K (22%)
----------------- Invoking toplevel() on ptolemy.moml.MoMLSimpleApplication@3afef15f
----------------- Done invoking toplevel() on ptolemy.moml.MoMLSimpleApplication@3afef15f
reloadAllAccessors: .SynchronizerDE

===========================================================================================
----------------- testing Thu Apr 18 13:39:16 UTC 2019 /home/travis/build/icyphy/ptII/ptolemy/actor/lib/test/auto/Test.xml
----------------- Instantiating /home/travis/build/icyphy/ptII/ptolemy/actor/lib/test/auto/Test.xml
8 ms. Memory: 1536000K Free: 314243K (20%)
----------------- Invoking toplevel() on ptolemy.moml.MoMLSimpleApplication@79cf9433
----------------- Done invoking toplevel() on ptolemy.moml.MoMLSimpleApplication@79cf9433
reloadAllAccessors: .Test

===========================================================================================
----------------- testing Thu Apr 18 13:39:16 UTC 2019 /home/travis/build/icyphy/ptII/ptolemy/actor/lib/test/auto/TestExceptionAttribute1.xml
----------------- Instantiating /home/travis/build/icyphy/ptII/ptolemy/actor/lib/test/auto/TestExceptionAttribute1.xml
1 ms. Memory: 1536000K Free: 295135K (19%)
----------------- Invoking toplevel() on ptolemy.moml.MoMLSimpleApplication@79b05ff5
----------------- Done invoking toplevel() on ptolemy.moml.MoMLSimpleApplication@79b05ff5
reloadAllAccessors: .TestExceptionAttribute1

===========================================================================================
----------------- testing Thu Apr 18 13:39:16 UTC 2019 /home/travis/build/icyphy/ptII/ptolemy/actor/lib/test/auto/TestExceptionAttribute2.xml
----------------- Instantiating /home/travis/build/icyphy/ptII/ptolemy/actor/lib/test/auto/TestExceptionAttribute2.xml
1 ms. Memory: 1536000K Free: 272353K (18%)
----------------- Invoking toplevel() on ptolemy.moml.MoMLSimpleApplication@2a7de28a
----------------- Done invoking toplevel() on ptolemy.moml.MoMLSimpleApplication@2a7de28a
reloadAllAccessors: .TestExceptionAttribute2

===========================================================================================
----------------- testing Thu Apr 18 13:39:16 UTC 2019 /home/travis/build/icyphy/ptII/ptolemy/actor/lib/test/auto/TestExceptionAttribute3.xml
----------------- Instantiating /home/travis/build/icyphy/ptII/ptolemy/actor/lib/test/auto/TestExceptionAttribute3.xml
.TestExceptionAttribute3.TestExceptionAttribute: initialize() was not invoked, but wrapup() was.  This is unusual, but not always a problem.  For example, exporting JNLP will do this.
1 ms. Memory: 1536000K Free: 249570K (16%)
----------------- Invoking toplevel() on ptolemy.moml.MoMLSimpleApplication@1ff52501
----------------- Done invoking toplevel() on ptolemy.moml.MoMLSimpleApplication@1ff52501
reloadAllAccessors: .TestExceptionAttribute3

===========================================================================================
----------------- testing Thu Apr 18 13:39:16 UTC 2019 /home/travis/build/icyphy/ptII/ptolemy/actor/lib/test/auto/TestExceptionAttribute4.xml
----------------- Instantiating /home/travis/build/icyphy/ptII/ptolemy/actor/lib/test/auto/TestExceptionAttribute4.xml
.TestExceptionAttribute4.TestExceptionAttribute: initialize() was not invoked, but wrapup() was.  This is unusual, but not always a problem.  For example, exporting JNLP will do this.
.TestExceptionAttribute4.TestExceptionAttribute2: initialize() was not invoked, but wrapup() was.  This is unusual, but not always a problem.  For example, exporting JNLP will do this.
1 ms. Memory: 1536000K Free: 230462K (15%)
----------------- Invoking toplevel() on ptolemy.moml.MoMLSimpleApplication@2ef8ec1b
----------------- Done invoking toplevel() on ptolemy.moml.MoMLSimpleApplication@2ef8ec1b
reloadAllAccessors: .TestExceptionAttribute4

===========================================================================================
----------------- testing Thu Apr 18 13:39:16 UTC 2019 /home/travis/build/icyphy/ptII/ptolemy/actor/lib/test/auto/TestExceptionHandler1.xml
----------------- Instantiating /home/travis/build/icyphy/ptII/ptolemy/actor/lib/test/auto/TestExceptionHandler1.xml
1 ms. Memory: 1536000K Free: 207679K (14%)
----------------- Invoking toplevel() on ptolemy.moml.MoMLSimpleApplication@4b4f9d1f
----------------- Done invoking toplevel() on ptolemy.moml.MoMLSimpleApplication@4b4f9d1f
reloadAllAccessors: .TestExceptionHandler1

===========================================================================================
----------------- testing Thu Apr 18 13:39:16 UTC 2019 /home/travis/build/icyphy/ptII/ptolemy/actor/lib/test/auto/TestExceptionHandler2.xml
----------------- Instantiating /home/travis/build/icyphy/ptII/ptolemy/actor/lib/test/auto/TestExceptionHandler2.xml
2 ms. Memory: 1536000K Free: 184897K (12%)
----------------- Invoking toplevel() on ptolemy.moml.MoMLSimpleApplication@14e0c6e0
----------------- Done invoking toplevel() on ptolemy.moml.MoMLSimpleApplication@14e0c6e0
reloadAllAccessors: .TestExceptionHandler2

===========================================================================================
----------------- testing Thu Apr 18 13:39:16 UTC 2019 /home/travis/build/icyphy/ptII/ptolemy/actor/lib/test/auto/TestExceptionHandler3.xml
----------------- Instantiating /home/travis/build/icyphy/ptII/ptolemy/actor/lib/test/auto/TestExceptionHandler3.xml
1 ms. Memory: 1536000K Free: 165789K (11%)
----------------- Invoking toplevel() on ptolemy.moml.MoMLSimpleApplication@69845e55
----------------- Done invoking toplevel() on ptolemy.moml.MoMLSimpleApplication@69845e55
reloadAllAccessors: .TestExceptionHandler3

===========================================================================================
----------------- testing Thu Apr 18 13:39:16 UTC 2019 /home/travis/build/icyphy/ptII/ptolemy/actor/lib/test/auto/TestExceptionHandler4.xml
----------------- Instantiating /home/travis/build/icyphy/ptII/ptolemy/actor/lib/test/auto/TestExceptionHandler4.xml
1 ms. Memory: 1536000K Free: 143006K (9%)
----------------- Invoking toplevel() on ptolemy.moml.MoMLSimpleApplication@70ec0c21
----------------- Done invoking toplevel() on ptolemy.moml.MoMLSimpleApplication@70ec0c21
reloadAllAccessors: .TestExceptionHandler4

===========================================================================================
----------------- testing Thu Apr 18 13:39:16 UTC 2019 /home/travis/build/icyphy/ptII/ptolemy/actor/lib/test/auto/TestRequireCorrectOrder.xml
----------------- Instantiating /home/travis/build/icyphy/ptII/ptolemy/actor/lib/test/auto/TestRequireCorrectOrder.xml
4 ms. Memory: 1536000K Free: 120223K (8%)
----------------- Invoking toplevel() on ptolemy.moml.MoMLSimpleApplication@56134058
----------------- Done invoking toplevel() on ptolemy.moml.MoMLSimpleApplication@56134058
reloadAllAccessors: .TestRequireCorrectOrder

===========================================================================================
----------------- testing Thu Apr 18 13:39:16 UTC 2019 /home/travis/build/icyphy/ptII/ptolemy/actor/lib/test/auto/TestSimple.xml
----------------- Instantiating /home/travis/build/icyphy/ptII/ptolemy/actor/lib/test/auto/TestSimple.xml
2 ms. Memory: 1536000K Free: 101116K (7%)
----------------- Invoking toplevel() on ptolemy.moml.MoMLSimpleApplication@753a0bdf
----------------- Done invoking toplevel() on ptolemy.moml.MoMLSimpleApplication@753a0bdf
reloadAllAccessors: .TestSimple

===========================================================================================
----------------- testing Thu Apr 18 13:39:16 UTC 2019 /home/travis/build/icyphy/ptII/ptolemy/actor/lib/test/auto/ThrowModelError.xml
----------------- Instantiating /home/travis/build/icyphy/ptII/ptolemy/actor/lib/test/auto/ThrowModelError.xml
2 ms. Memory: 1536000K Free: 78333K (5%)
----------------- Invoking toplevel() on ptolemy.moml.MoMLSimpleApplication@52a7711a
----------------- Done invoking toplevel() on ptolemy.moml.MoMLSimpleApplication@52a7711a
reloadAllAccessors: .ThrowModelError

===========================================================================================
----------------- testing Thu Apr 18 13:39:16 UTC 2019 /home/travis/build/icyphy/ptII/ptolemy/actor/lib/test/auto/TimeDelayMicrosteps.xml
----------------- Instantiating /home/travis/build/icyphy/ptII/ptolemy/actor/lib/test/auto/TimeDelayMicrosteps.xml
4 ms. Memory: 1536000K Free: 62680K (4%)
----------------- Invoking toplevel() on ptolemy.moml.MoMLSimpleApplication@1d42954d
----------------- Done invoking toplevel() on ptolemy.moml.MoMLSimpleApplication@1d42954d
reloadAllAccessors: .TimeDelayMicrosteps

===========================================================================================
----------------- testing Thu Apr 18 13:39:16 UTC 2019 /home/travis/build/icyphy/ptII/ptolemy/actor/lib/test/auto/TimeDelayMicrosteps2.xml
----------------- Instantiating /home/travis/build/icyphy/ptII/ptolemy/actor/lib/test/auto/TimeDelayMicrosteps2.xml
4 ms. Memory: 1613824K Free: 1557431K (97%)
----------------- Invoking toplevel() on ptolemy.moml.MoMLSimpleApplication@2bfcf403
----------------- Done invoking toplevel() on ptolemy.moml.MoMLSimpleApplication@2bfcf403
reloadAllAccessors: .TimeDelayMicrosteps2

===========================================================================================
----------------- testing Thu Apr 18 13:39:16 UTC 2019 /home/travis/build/icyphy/ptII/ptolemy/actor/lib/test/auto/TimeDelayMicrosteps3.xml
----------------- Instantiating /home/travis/build/icyphy/ptII/ptolemy/actor/lib/test/auto/TimeDelayMicrosteps3.xml
2 ms. Memory: 1613824K Free: 1533747K (95%)
----------------- Invoking toplevel() on ptolemy.moml.MoMLSimpleApplication@455b0b9a
----------------- Done invoking toplevel() on ptolemy.moml.MoMLSimpleApplication@455b0b9a
reloadAllAccessors: .TimeDelayMicrosteps3

===========================================================================================
----------------- testing Thu Apr 18 13:39:16 UTC 2019 /home/travis/build/icyphy/ptII/ptolemy/actor/lib/test/auto/TimeDelayVariableMicrosteps.xml
----------------- Instantiating /home/travis/build/icyphy/ptII/ptolemy/actor/lib/test/auto/TimeDelayVariableMicrosteps.xml
3 ms. Memory: 1613824K Free: 1510062K (94%)
----------------- Invoking toplevel() on ptolemy.moml.MoMLSimpleApplication@302465a0
----------------- Done invoking toplevel() on ptolemy.moml.MoMLSimpleApplication@302465a0
reloadAllAccessors: .TimeDelayVariableMicrosteps

===========================================================================================
----------------- testing Thu Apr 18 13:39:16 UTC 2019 /home/travis/build/icyphy/ptII/ptolemy/actor/lib/test/auto/TimeGap.xml
----------------- Instantiating /home/travis/build/icyphy/ptII/ptolemy/actor/lib/test/auto/TimeGap.xml
5 ms. Memory: 1613824K Free: 1486368K (92%)
----------------- Invoking toplevel() on ptolemy.moml.MoMLSimpleApplication@312daf35
----------------- Done invoking toplevel() on ptolemy.moml.MoMLSimpleApplication@312daf35
reloadAllAccessors: .TimeGap

===========================================================================================
----------------- testing Thu Apr 18 13:39:16 UTC 2019 /home/travis/build/icyphy/ptII/ptolemy/actor/lib/test/auto/TimeGap2.xml
----------------- Instantiating /home/travis/build/icyphy/ptII/ptolemy/actor/lib/test/auto/TimeGap2.xml
2 ms. Memory: 1613824K Free: 1466236K (91%)
----------------- Invoking toplevel() on ptolemy.moml.MoMLSimpleApplication@13228a5
----------------- Done invoking toplevel() on ptolemy.moml.MoMLSimpleApplication@13228a5
reloadAllAccessors: .TimeGap2

===========================================================================================
----------------- testing Thu Apr 18 13:39:16 UTC 2019 /home/travis/build/icyphy/ptII/ptolemy/actor/lib/test/auto/TimedSinewave.xml
----------------- Instantiating /home/travis/build/icyphy/ptII/ptolemy/actor/lib/test/auto/TimedSinewave.xml
12 ms. Memory: 1613824K Free: 1432470K (89%)
----------------- Invoking toplevel() on ptolemy.moml.MoMLSimpleApplication@6bd2a6cc
----------------- Done invoking toplevel() on ptolemy.moml.MoMLSimpleApplication@6bd2a6cc
reloadAllAccessors: .TimedSinewave

===========================================================================================
----------------- testing Thu Apr 18 13:39:16 UTC 2019 /home/travis/build/icyphy/ptII/ptolemy/actor/lib/test/auto/TimedSinewavePhase.xml
----------------- Instantiating /home/travis/build/icyphy/ptII/ptolemy/actor/lib/test/auto/TimedSinewavePhase.xml
9 ms. Memory: 1613824K Free: 1408785K (87%)
----------------- Invoking toplevel() on ptolemy.moml.MoMLSimpleApplication@7fbed272
----------------- Done invoking toplevel() on ptolemy.moml.MoMLSimpleApplication@7fbed272
reloadAllAccessors: .TimedSinewavePhase

===========================================================================================
----------------- testing Thu Apr 18 13:39:16 UTC 2019 /home/travis/build/icyphy/ptII/ptolemy/actor/lib/test/auto/Timer.xml
----------------- Instantiating /home/travis/build/icyphy/ptII/ptolemy/actor/lib/test/auto/Timer.xml
2 ms. Memory: 1613824K Free: 1388653K (86%)
----------------- Invoking toplevel() on ptolemy.moml.MoMLSimpleApplication@54bf8a20
----------------- Done invoking toplevel() on ptolemy.moml.MoMLSimpleApplication@54bf8a20
reloadAllAccessors: .Timer

===========================================================================================
----------------- testing Thu Apr 18 13:39:16 UTC 2019 /home/travis/build/icyphy/ptII/ptolemy/actor/lib/test/auto/TriangularDistTestModel.xml
----------------- Instantiating /home/travis/build/icyphy/ptII/ptolemy/actor/lib/test/auto/TriangularDistTestModel.xml
2 ms. Memory: 1613824K Free: 1364969K (85%)
----------------- Invoking toplevel() on ptolemy.moml.MoMLSimpleApplication@52d57d94
----------------- Done invoking toplevel() on ptolemy.moml.MoMLSimpleApplication@52d57d94
reloadAllAccessors: .TriangularDistTestModel

===========================================================================================
----------------- testing Thu Apr 18 13:39:16 UTC 2019 /home/travis/build/icyphy/ptII/ptolemy/actor/lib/test/auto/TrigFunction.xml
----------------- Instantiating /home/travis/build/icyphy/ptII/ptolemy/actor/lib/test/auto/TrigFunction.xml
1 ms. Memory: 1613824K Free: 1341285K (83%)
----------------- Invoking toplevel() on ptolemy.moml.MoMLSimpleApplication@514c16aa
----------------- Done invoking toplevel() on ptolemy.moml.MoMLSimpleApplication@514c16aa
reloadAllAccessors: .TrigFunction

===========================================================================================
----------------- testing Thu Apr 18 13:39:16 UTC 2019 /home/travis/build/icyphy/ptII/ptolemy/actor/lib/test/auto/TrigFunctionDE.xml
----------------- Instantiating /home/travis/build/icyphy/ptII/ptolemy/actor/lib/test/auto/TrigFunctionDE.xml
2 ms. Memory: 1613824K Free: 1317600K (82%)
----------------- Invoking toplevel() on ptolemy.moml.MoMLSimpleApplication@615e79cc
----------------- Done invoking toplevel() on ptolemy.moml.MoMLSimpleApplication@615e79cc
reloadAllAccessors: .TrigFunctionDE

===========================================================================================
----------------- testing Thu Apr 18 13:39:16 UTC 2019 /home/travis/build/icyphy/ptII/ptolemy/actor/lib/test/auto/TrigFunctionInverse.xml
----------------- Instantiating /home/travis/build/icyphy/ptII/ptolemy/actor/lib/test/auto/TrigFunctionInverse.xml
2 ms. Memory: 1613824K Free: 1297468K (80%)
----------------- Invoking toplevel() on ptolemy.moml.MoMLSimpleApplication@57084060
----------------- Done invoking toplevel() on ptolemy.moml.MoMLSimpleApplication@57084060
reloadAllAccessors: .TrigFunctionInverse

===========================================================================================
----------------- testing Thu Apr 18 13:39:16 UTC 2019 /home/travis/build/icyphy/ptII/ptolemy/actor/lib/test/auto/TrigFunctionTan.xml
----------------- Instantiating /home/travis/build/icyphy/ptII/ptolemy/actor/lib/test/auto/TrigFunctionTan.xml
1 ms. Memory: 1613824K Free: 1273784K (79%)
----------------- Invoking toplevel() on ptolemy.moml.MoMLSimpleApplication@168f2fa1
----------------- Done invoking toplevel() on ptolemy.moml.MoMLSimpleApplication@168f2fa1
reloadAllAccessors: .TrigFunctionTan

===========================================================================================
----------------- testing Thu Apr 18 13:39:16 UTC 2019 /home/travis/build/icyphy/ptII/ptolemy/actor/lib/test/auto/TriggeredClock.xml
----------------- Instantiating /home/travis/build/icyphy/ptII/ptolemy/actor/lib/test/auto/TriggeredClock.xml
2 ms. Memory: 1613824K Free: 1250100K (77%)
----------------- Invoking toplevel() on ptolemy.moml.MoMLSimpleApplication@63d40c5c
----------------- Done invoking toplevel() on ptolemy.moml.MoMLSimpleApplication@63d40c5c
reloadAllAccessors: .TriggeredClock

===========================================================================================
----------------- testing Thu Apr 18 13:39:16 UTC 2019 /home/travis/build/icyphy/ptII/ptolemy/actor/lib/test/auto/URLDirectoryReader.xml
----------------- Instantiating /home/travis/build/icyphy/ptII/ptolemy/actor/lib/test/auto/URLDirectoryReader.xml
39 ms. Memory: 1613824K Free: 1229968K (76%)
----------------- Invoking toplevel() on ptolemy.moml.MoMLSimpleApplication@63a26b84
----------------- Done invoking toplevel() on ptolemy.moml.MoMLSimpleApplication@63a26b84
reloadAllAccessors: .URLDirectoryReader

===========================================================================================
----------------- testing Thu Apr 18 13:39:16 UTC 2019 /home/travis/build/icyphy/ptII/ptolemy/actor/lib/test/auto/URLDirectoryReader3.xml
----------------- Instantiating /home/travis/build/icyphy/ptII/ptolemy/actor/lib/test/auto/URLDirectoryReader3.xml
1082 ms. Memory: 1613824K Free: 1166020K (72%)
----------------- Invoking toplevel() on ptolemy.moml.MoMLSimpleApplication@54e0bfe6
----------------- Done invoking toplevel() on ptolemy.moml.MoMLSimpleApplication@54e0bfe6
reloadAllAccessors: .URLDirectoryReader3

===========================================================================================
----------------- testing Thu Apr 18 13:39:18 UTC 2019 /home/travis/build/icyphy/ptII/ptolemy/actor/lib/test/auto/UnaryMathFunction.xml
----------------- Instantiating /home/travis/build/icyphy/ptII/ptolemy/actor/lib/test/auto/UnaryMathFunction.xml
9 ms. Memory: 1613824K Free: 1142335K (71%)
----------------- Invoking toplevel() on ptolemy.moml.MoMLSimpleApplication@4bd5b6d5
----------------- Done invoking toplevel() on ptolemy.moml.MoMLSimpleApplication@4bd5b6d5
reloadAllAccessors: .UnaryMathFunction

===========================================================================================
----------------- testing Thu Apr 18 13:39:18 UTC 2019 /home/travis/build/icyphy/ptII/ptolemy/actor/lib/test/auto/Uniform.xml
----------------- Instantiating /home/travis/build/icyphy/ptII/ptolemy/actor/lib/test/auto/Uniform.xml
10 ms. Memory: 1613824K Free: 1118651K (69%)
----------------- Invoking toplevel() on ptolemy.moml.MoMLSimpleApplication@53cad672
----------------- Done invoking toplevel() on ptolemy.moml.MoMLSimpleApplication@53cad672
reloadAllAccessors: .Uniform

===========================================================================================
----------------- testing Thu Apr 18 13:39:18 UTC 2019 /home/travis/build/icyphy/ptII/ptolemy/actor/lib/test/auto/UnionDisassemblerTest.xml
----------------- Instantiating /home/travis/build/icyphy/ptII/ptolemy/actor/lib/test/auto/UnionDisassemblerTest.xml
10 ms. Memory: 1613824K Free: 1098519K (68%)
----------------- Invoking toplevel() on ptolemy.moml.MoMLSimpleApplication@a10e828
----------------- Done invoking toplevel() on ptolemy.moml.MoMLSimpleApplication@a10e828
reloadAllAccessors: .UnionDisassemblerTest

===========================================================================================
----------------- testing Thu Apr 18 13:39:18 UTC 2019 /home/travis/build/icyphy/ptII/ptolemy/actor/lib/test/auto/UtilityFunctions.xml
----------------- Instantiating /home/travis/build/icyphy/ptII/ptolemy/actor/lib/test/auto/UtilityFunctions.xml
1 ms. Memory: 1613824K Free: 1074834K (67%)
----------------- Invoking toplevel() on ptolemy.moml.MoMLSimpleApplication@15ce326b
----------------- Done invoking toplevel() on ptolemy.moml.MoMLSimpleApplication@15ce326b
reloadAllAccessors: .UtilityFunctions

===========================================================================================
----------------- testing Thu Apr 18 13:39:18 UTC 2019 /home/travis/build/icyphy/ptII/ptolemy/actor/lib/test/auto/VariableSleep.xml
----------------- Instantiating /home/travis/build/icyphy/ptII/ptolemy/actor/lib/test/auto/VariableSleep.xml
505 ms. Memory: 1613824K Free: 1051150K (65%)
----------------- Invoking toplevel() on ptolemy.moml.MoMLSimpleApplication@b35b5e1
----------------- Done invoking toplevel() on ptolemy.moml.MoMLSimpleApplication@b35b5e1
reloadAllAccessors: .VariableSleep

===========================================================================================
----------------- testing Thu Apr 18 13:39:18 UTC 2019 /home/travis/build/icyphy/ptII/ptolemy/actor/lib/test/auto/VectorAssemblerDisassemblerCT.xml
----------------- Instantiating /home/travis/build/icyphy/ptII/ptolemy/actor/lib/test/auto/VectorAssemblerDisassemblerCT.xml
54 ms. Memory: 1613824K Free: 1020926K (63%)
----------------- Invoking toplevel() on ptolemy.moml.MoMLSimpleApplication@72d1a04a
----------------- Done invoking toplevel() on ptolemy.moml.MoMLSimpleApplication@72d1a04a
reloadAllAccessors: .VectorAssemblerDisassemblerCT

===========================================================================================
----------------- testing Thu Apr 18 13:39:19 UTC 2019 /home/travis/build/icyphy/ptII/ptolemy/actor/lib/test/auto/VectorAssemblerDisassemblerDE.xml
----------------- Instantiating /home/travis/build/icyphy/ptII/ptolemy/actor/lib/test/auto/VectorAssemblerDisassemblerDE.xml
2 ms. Memory: 1613824K Free: 997241K (62%)
----------------- Invoking toplevel() on ptolemy.moml.MoMLSimpleApplication@31631b76
----------------- Done invoking toplevel() on ptolemy.moml.MoMLSimpleApplication@31631b76
reloadAllAccessors: .VectorAssemblerDisassemblerDE

===========================================================================================
----------------- testing Thu Apr 18 13:39:19 UTC 2019 /home/travis/build/icyphy/ptII/ptolemy/actor/lib/test/auto/VectorAssemblerDisassemblerSDF.xml
----------------- Instantiating /home/travis/build/icyphy/ptII/ptolemy/actor/lib/test/auto/VectorAssemblerDisassemblerSDF.xml
2 ms. Memory: 1613824K Free: 973557K (60%)
----------------- Invoking toplevel() on ptolemy.moml.MoMLSimpleApplication@407ee157
----------------- Done invoking toplevel() on ptolemy.moml.MoMLSimpleApplication@407ee157
reloadAllAccessors: .VectorAssemblerDisassemblerSDF

===========================================================================================
----------------- testing Thu Apr 18 13:39:19 UTC 2019 /home/travis/build/icyphy/ptII/ptolemy/actor/lib/test/auto/WallClockTime.xml
----------------- Instantiating /home/travis/build/icyphy/ptII/ptolemy/actor/lib/test/auto/WallClockTime.xml
1004 ms. Memory: 1613824K Free: 949873K (59%)
----------------- Invoking toplevel() on ptolemy.moml.MoMLSimpleApplication@28704869
----------------- Done invoking toplevel() on ptolemy.moml.MoMLSimpleApplication@28704869
reloadAllAccessors: .WallClockTime

===========================================================================================
----------------- testing Thu Apr 18 13:39:20 UTC 2019 /home/travis/build/icyphy/ptII/ptolemy/actor/lib/test/auto/WidthTestWithSubscriberPublisher.xml
----------------- Instantiating /home/travis/build/icyphy/ptII/ptolemy/actor/lib/test/auto/WidthTestWithSubscriberPublisher.xml
6 ms. Memory: 1613824K Free: 919675K (57%)
----------------- Invoking toplevel() on ptolemy.moml.MoMLSimpleApplication@1617a9ee
----------------- Done invoking toplevel() on ptolemy.moml.MoMLSimpleApplication@1617a9ee
reloadAllAccessors: .WidthTestWithSubscriberPublisher

===========================================================================================
----------------- testing Thu Apr 18 13:39:20 UTC 2019 /home/travis/build/icyphy/ptII/ptolemy/actor/lib/test/auto/WidthTestWithSubscriberPublisher2.xml
----------------- Instantiating /home/travis/build/icyphy/ptII/ptolemy/actor/lib/test/auto/WidthTestWithSubscriberPublisher2.xml
2 ms. Memory: 1613824K Free: 895991K (56%)
----------------- Invoking toplevel() on ptolemy.moml.MoMLSimpleApplication@2a5f784e
----------------- Done invoking toplevel() on ptolemy.moml.MoMLSimpleApplication@2a5f784e
reloadAllAccessors: .WidthTestWithSubscriberPublisher2

===========================================================================================
----------------- testing Thu Apr 18 13:39:20 UTC 2019 /home/travis/build/icyphy/ptII/ptolemy/actor/lib/test/auto/WidthTestWithSubscriberPublisher3.xml
----------------- Instantiating /home/travis/build/icyphy/ptII/ptolemy/actor/lib/test/auto/WidthTestWithSubscriberPublisher3.xml
1 ms. Memory: 1613824K Free: 872306K (54%)
----------------- Invoking toplevel() on ptolemy.moml.MoMLSimpleApplication@11fb24cc
----------------- Done invoking toplevel() on ptolemy.moml.MoMLSimpleApplication@11fb24cc
reloadAllAccessors: .WidthTestWithSubscriberPublisher3

===========================================================================================
----------------- testing Thu Apr 18 13:39:20 UTC 2019 /home/travis/build/icyphy/ptII/ptolemy/actor/lib/test/auto/Writer.xml
----------------- Instantiating /home/travis/build/icyphy/ptII/ptolemy/actor/lib/test/auto/Writer.xml
0
1
2
3
4
1 ms. Memory: 1613824K Free: 852174K (53%)
----------------- Invoking toplevel() on ptolemy.moml.MoMLSimpleApplication@93e01ed
----------------- Done invoking toplevel() on ptolemy.moml.MoMLSimpleApplication@93e01ed
reloadAllAccessors: .Writer

===========================================================================================
----------------- testing Thu Apr 18 13:39:20 UTC 2019 /home/travis/build/icyphy/ptII/ptolemy/actor/lib/test/auto/array.xml
----------------- Instantiating /home/travis/build/icyphy/ptII/ptolemy/actor/lib/test/auto/array.xml
2 ms. Memory: 1613824K Free: 828490K (51%)
----------------- Invoking toplevel() on ptolemy.moml.MoMLSimpleApplication@665dcff3
----------------- Done invoking toplevel() on ptolemy.moml.MoMLSimpleApplication@665dcff3
reloadAllAccessors: .array

===========================================================================================
----------------- testing Thu Apr 18 13:39:20 UTC 2019 /home/travis/build/icyphy/ptII/ptolemy/actor/lib/test/auto/array2.xml
----------------- Instantiating /home/travis/build/icyphy/ptII/ptolemy/actor/lib/test/auto/array2.xml
6 ms. Memory: 1613824K Free: 804806K (50%)
----------------- Invoking toplevel() on ptolemy.moml.MoMLSimpleApplication@3212ba9b
----------------- Done invoking toplevel() on ptolemy.moml.MoMLSimpleApplication@3212ba9b
reloadAllAccessors: .array2

===========================================================================================
----------------- testing Thu Apr 18 13:39:20 UTC 2019 /home/travis/build/icyphy/ptII/ptolemy/actor/lib/test/auto/arrayType.xml
----------------- Instantiating /home/travis/build/icyphy/ptII/ptolemy/actor/lib/test/auto/arrayType.xml
1 ms. Memory: 1613824K Free: 781121K (48%)
----------------- Invoking toplevel() on ptolemy.moml.MoMLSimpleApplication@2ade41aa
----------------- Done invoking toplevel() on ptolemy.moml.MoMLSimpleApplication@2ade41aa
reloadAllAccessors: .arrayType

===========================================================================================
----------------- testing Thu Apr 18 13:39:20 UTC 2019 /home/travis/build/icyphy/ptII/ptolemy/actor/lib/test/auto/arrayType10.xml
----------------- Instantiating /home/travis/build/icyphy/ptII/ptolemy/actor/lib/test/auto/arrayType10.xml
2 ms. Memory: 1613824K Free: 760989K (47%)
----------------- Invoking toplevel() on ptolemy.moml.MoMLSimpleApplication@9a9048c
----------------- Done invoking toplevel() on ptolemy.moml.MoMLSimpleApplication@9a9048c
reloadAllAccessors: .arrayType10

===========================================================================================
----------------- testing Thu Apr 18 13:39:20 UTC 2019 /home/travis/build/icyphy/ptII/ptolemy/actor/lib/test/auto/arrayType11.xml
----------------- Instantiating /home/travis/build/icyphy/ptII/ptolemy/actor/lib/test/auto/arrayType11.xml
1 ms. Memory: 1613824K Free: 737305K (46%)
----------------- Invoking toplevel() on ptolemy.moml.MoMLSimpleApplication@11a8c5f8
----------------- Done invoking toplevel() on ptolemy.moml.MoMLSimpleApplication@11a8c5f8
reloadAllAccessors: .arrayType11

===========================================================================================
----------------- testing Thu Apr 18 13:39:20 UTC 2019 /home/travis/build/icyphy/ptII/ptolemy/actor/lib/test/auto/arrayType12.xml
----------------- Instantiating /home/travis/build/icyphy/ptII/ptolemy/actor/lib/test/auto/arrayType12.xml
2 ms. Memory: 1613824K Free: 713621K (44%)
----------------- Invoking toplevel() on ptolemy.moml.MoMLSimpleApplication@49a5bfb0
----------------- Done invoking toplevel() on ptolemy.moml.MoMLSimpleApplication@49a5bfb0
reloadAllAccessors: .arrayType12

===========================================================================================
----------------- testing Thu Apr 18 13:39:20 UTC 2019 /home/travis/build/icyphy/ptII/ptolemy/actor/lib/test/auto/arrayType13.xml
----------------- Instantiating /home/travis/build/icyphy/ptII/ptolemy/actor/lib/test/auto/arrayType13.xml
1 ms. Memory: 1613824K Free: 693489K (43%)
----------------- Invoking toplevel() on ptolemy.moml.MoMLSimpleApplication@308d13ea
----------------- Done invoking toplevel() on ptolemy.moml.MoMLSimpleApplication@308d13ea
reloadAllAccessors: .arrayType13

===========================================================================================
----------------- testing Thu Apr 18 13:39:20 UTC 2019 /home/travis/build/icyphy/ptII/ptolemy/actor/lib/test/auto/arrayType14.xml
----------------- Instantiating /home/travis/build/icyphy/ptII/ptolemy/actor/lib/test/auto/arrayType14.xml
1 ms. Memory: 1613824K Free: 669804K (42%)
----------------- Invoking toplevel() on ptolemy.moml.MoMLSimpleApplication@5873a2e4
----------------- Done invoking toplevel() on ptolemy.moml.MoMLSimpleApplication@5873a2e4
reloadAllAccessors: .arrayType14

===========================================================================================
----------------- testing Thu Apr 18 13:39:20 UTC 2019 /home/travis/build/icyphy/ptII/ptolemy/actor/lib/test/auto/arrayType15.xml
----------------- Instantiating /home/travis/build/icyphy/ptII/ptolemy/actor/lib/test/auto/arrayType15.xml
1 ms. Memory: 1613824K Free: 646120K (40%)
----------------- Invoking toplevel() on ptolemy.moml.MoMLSimpleApplication@7e378e9e
----------------- Done invoking toplevel() on ptolemy.moml.MoMLSimpleApplication@7e378e9e
reloadAllAccessors: .arrayType15

===========================================================================================
----------------- testing Thu Apr 18 13:39:20 UTC 2019 /home/travis/build/icyphy/ptII/ptolemy/actor/lib/test/auto/arrayType16.xml
----------------- Instantiating /home/travis/build/icyphy/ptII/ptolemy/actor/lib/test/auto/arrayType16.xml
1 ms. Memory: 1613824K Free: 622435K (39%)
----------------- Invoking toplevel() on ptolemy.moml.MoMLSimpleApplication@321f5fd2
----------------- Done invoking toplevel() on ptolemy.moml.MoMLSimpleApplication@321f5fd2
reloadAllAccessors: .arrayType16

===========================================================================================
----------------- testing Thu Apr 18 13:39:20 UTC 2019 /home/travis/build/icyphy/ptII/ptolemy/actor/lib/test/auto/arrayType17.xml
----------------- Instantiating /home/travis/build/icyphy/ptII/ptolemy/actor/lib/test/auto/arrayType17.xml
1 ms. Memory: 1613824K Free: 602304K (37%)
----------------- Invoking toplevel() on ptolemy.moml.MoMLSimpleApplication@7f9f7133
----------------- Done invoking toplevel() on ptolemy.moml.MoMLSimpleApplication@7f9f7133
reloadAllAccessors: .arrayType17

===========================================================================================
----------------- testing Thu Apr 18 13:39:20 UTC 2019 /home/travis/build/icyphy/ptII/ptolemy/actor/lib/test/auto/arrayType18.xml
----------------- Instantiating /home/travis/build/icyphy/ptII/ptolemy/actor/lib/test/auto/arrayType18.xml
1 ms. Memory: 1613824K Free: 578619K (36%)
----------------- Invoking toplevel() on ptolemy.moml.MoMLSimpleApplication@47eab6fa
----------------- Done invoking toplevel() on ptolemy.moml.MoMLSimpleApplication@47eab6fa
reloadAllAccessors: .arrayType18

===========================================================================================
----------------- testing Thu Apr 18 13:39:20 UTC 2019 /home/travis/build/icyphy/ptII/ptolemy/actor/lib/test/auto/arrayType19.xml
----------------- Instantiating /home/travis/build/icyphy/ptII/ptolemy/actor/lib/test/auto/arrayType19.xml
1 ms. Memory: 1613824K Free: 554934K (34%)
----------------- Invoking toplevel() on ptolemy.moml.MoMLSimpleApplication@1659de56
----------------- Done invoking toplevel() on ptolemy.moml.MoMLSimpleApplication@1659de56
reloadAllAccessors: .arrayType19

===========================================================================================
----------------- testing Thu Apr 18 13:39:20 UTC 2019 /home/travis/build/icyphy/ptII/ptolemy/actor/lib/test/auto/arrayType2.xml
----------------- Instantiating /home/travis/build/icyphy/ptII/ptolemy/actor/lib/test/auto/arrayType2.xml
1 ms. Memory: 1613824K Free: 534803K (33%)
----------------- Invoking toplevel() on ptolemy.moml.MoMLSimpleApplication@28aa1efc
----------------- Done invoking toplevel() on ptolemy.moml.MoMLSimpleApplication@28aa1efc
reloadAllAccessors: .arrayType2

===========================================================================================
----------------- testing Thu Apr 18 13:39:20 UTC 2019 /home/travis/build/icyphy/ptII/ptolemy/actor/lib/test/auto/arrayType20.xml
----------------- Instantiating /home/travis/build/icyphy/ptII/ptolemy/actor/lib/test/auto/arrayType20.xml
1 ms. Memory: 1613824K Free: 511118K (32%)
----------------- Invoking toplevel() on ptolemy.moml.MoMLSimpleApplication@17b05b3c
----------------- Done invoking toplevel() on ptolemy.moml.MoMLSimpleApplication@17b05b3c
reloadAllAccessors: .arrayType20

===========================================================================================
----------------- testing Thu Apr 18 13:39:20 UTC 2019 /home/travis/build/icyphy/ptII/ptolemy/actor/lib/test/auto/arrayType21.xml
----------------- Instantiating /home/travis/build/icyphy/ptII/ptolemy/actor/lib/test/auto/arrayType21.xml
1 ms. Memory: 1613824K Free: 487433K (30%)
----------------- Invoking toplevel() on ptolemy.moml.MoMLSimpleApplication@74818620
----------------- Done invoking toplevel() on ptolemy.moml.MoMLSimpleApplication@74818620
reloadAllAccessors: .arrayType21

===========================================================================================
----------------- testing Thu Apr 18 13:39:20 UTC 2019 /home/travis/build/icyphy/ptII/ptolemy/actor/lib/test/auto/arrayType22.xml
----------------- Instantiating /home/travis/build/icyphy/ptII/ptolemy/actor/lib/test/auto/arrayType22.xml
2 ms. Memory: 1613824K Free: 463749K (29%)
----------------- Invoking toplevel() on ptolemy.moml.MoMLSimpleApplication@39c7cdf3
----------------- Done invoking toplevel() on ptolemy.moml.MoMLSimpleApplication@39c7cdf3
reloadAllAccessors: .arrayType22

===========================================================================================
----------------- testing Thu Apr 18 13:39:20 UTC 2019 /home/travis/build/icyphy/ptII/ptolemy/actor/lib/test/auto/arrayType23.xml
----------------- Instantiating /home/travis/build/icyphy/ptII/ptolemy/actor/lib/test/auto/arrayType23.xml
1 ms. Memory: 1613824K Free: 443617K (27%)
----------------- Invoking toplevel() on ptolemy.moml.MoMLSimpleApplication@687080fc
----------------- Done invoking toplevel() on ptolemy.moml.MoMLSimpleApplication@687080fc
reloadAllAccessors: .arrayType23

===========================================================================================
----------------- testing Thu Apr 18 13:39:20 UTC 2019 /home/travis/build/icyphy/ptII/ptolemy/actor/lib/test/auto/arrayType24.xml
----------------- Instantiating /home/travis/build/icyphy/ptII/ptolemy/actor/lib/test/auto/arrayType24.xml
1 ms. Memory: 1613824K Free: 419933K (26%)
----------------- Invoking toplevel() on ptolemy.moml.MoMLSimpleApplication@5b14969
----------------- Done invoking toplevel() on ptolemy.moml.MoMLSimpleApplication@5b14969
reloadAllAccessors: .arrayType24

===========================================================================================
----------------- testing Thu Apr 18 13:39:20 UTC 2019 /home/travis/build/icyphy/ptII/ptolemy/actor/lib/test/auto/arrayType25.xml
----------------- Instantiating /home/travis/build/icyphy/ptII/ptolemy/actor/lib/test/auto/arrayType25.xml
1 ms. Memory: 1613824K Free: 396248K (25%)
----------------- Invoking toplevel() on ptolemy.moml.MoMLSimpleApplication@68eb2de8
----------------- Done invoking toplevel() on ptolemy.moml.MoMLSimpleApplication@68eb2de8
reloadAllAccessors: .arrayType25

===========================================================================================
----------------- testing Thu Apr 18 13:39:20 UTC 2019 /home/travis/build/icyphy/ptII/ptolemy/actor/lib/test/auto/arrayType26.xml
----------------- Instantiating /home/travis/build/icyphy/ptII/ptolemy/actor/lib/test/auto/arrayType26.xml
1 ms. Memory: 1613824K Free: 376116K (23%)
----------------- Invoking toplevel() on ptolemy.moml.MoMLSimpleApplication@4567479b
----------------- Done invoking toplevel() on ptolemy.moml.MoMLSimpleApplication@4567479b
reloadAllAccessors: .arrayType26

===========================================================================================
----------------- testing Thu Apr 18 13:39:20 UTC 2019 /home/travis/build/icyphy/ptII/ptolemy/actor/lib/test/auto/arrayType27.xml
----------------- Instantiating /home/travis/build/icyphy/ptII/ptolemy/actor/lib/test/auto/arrayType27.xml
2 ms. Memory: 1613824K Free: 352432K (22%)
----------------- Invoking toplevel() on ptolemy.moml.MoMLSimpleApplication@dbd44b7
----------------- Done invoking toplevel() on ptolemy.moml.MoMLSimpleApplication@dbd44b7
reloadAllAccessors: .arrayType27

===========================================================================================
----------------- testing Thu Apr 18 13:39:20 UTC 2019 /home/travis/build/icyphy/ptII/ptolemy/actor/lib/test/auto/arrayType28.xml
----------------- Instantiating /home/travis/build/icyphy/ptII/ptolemy/actor/lib/test/auto/arrayType28.xml
1 ms. Memory: 1613824K Free: 328748K (20%)
----------------- Invoking toplevel() on ptolemy.moml.MoMLSimpleApplication@401ff0dc
----------------- Done invoking toplevel() on ptolemy.moml.MoMLSimpleApplication@401ff0dc
reloadAllAccessors: .arrayType28

===========================================================================================
----------------- testing Thu Apr 18 13:39:20 UTC 2019 /home/travis/build/icyphy/ptII/ptolemy/actor/lib/test/auto/arrayType3.xml
----------------- Instantiating /home/travis/build/icyphy/ptII/ptolemy/actor/lib/test/auto/arrayType3.xml
1 ms. Memory: 1613824K Free: 305063K (19%)
----------------- Invoking toplevel() on ptolemy.moml.MoMLSimpleApplication@2730014a
----------------- Done invoking toplevel() on ptolemy.moml.MoMLSimpleApplication@2730014a
reloadAllAccessors: .arrayType3

===========================================================================================
----------------- testing Thu Apr 18 13:39:20 UTC 2019 /home/travis/build/icyphy/ptII/ptolemy/actor/lib/test/auto/arrayType4.xml
----------------- Instantiating /home/travis/build/icyphy/ptII/ptolemy/actor/lib/test/auto/arrayType4.xml
1 ms. Memory: 1613824K Free: 284931K (18%)
----------------- Invoking toplevel() on ptolemy.moml.MoMLSimpleApplication@66561f32
----------------- Done invoking toplevel() on ptolemy.moml.MoMLSimpleApplication@66561f32
reloadAllAccessors: .arrayType4

===========================================================================================
----------------- testing Thu Apr 18 13:39:20 UTC 2019 /home/travis/build/icyphy/ptII/ptolemy/actor/lib/test/auto/arrayType5.xml
----------------- Instantiating /home/travis/build/icyphy/ptII/ptolemy/actor/lib/test/auto/arrayType5.xml
1 ms. Memory: 1613824K Free: 261247K (16%)
----------------- Invoking toplevel() on ptolemy.moml.MoMLSimpleApplication@4f7ab8a8
----------------- Done invoking toplevel() on ptolemy.moml.MoMLSimpleApplication@4f7ab8a8
reloadAllAccessors: .arrayType5

===========================================================================================
----------------- testing Thu Apr 18 13:39:20 UTC 2019 /home/travis/build/icyphy/ptII/ptolemy/actor/lib/test/auto/arrayType6.xml
----------------- Instantiating /home/travis/build/icyphy/ptII/ptolemy/actor/lib/test/auto/arrayType6.xml
1 ms. Memory: 1613824K Free: 237563K (15%)
----------------- Invoking toplevel() on ptolemy.moml.MoMLSimpleApplication@65695aeb
----------------- Done invoking toplevel() on ptolemy.moml.MoMLSimpleApplication@65695aeb
reloadAllAccessors: .arrayType6

===========================================================================================
----------------- testing Thu Apr 18 13:39:20 UTC 2019 /home/travis/build/icyphy/ptII/ptolemy/actor/lib/test/auto/arrayType7.xml
----------------- Instantiating /home/travis/build/icyphy/ptII/ptolemy/actor/lib/test/auto/arrayType7.xml
1 ms. Memory: 1613824K Free: 213878K (13%)
----------------- Invoking toplevel() on ptolemy.moml.MoMLSimpleApplication@3db93ff1
----------------- Done invoking toplevel() on ptolemy.moml.MoMLSimpleApplication@3db93ff1
reloadAllAccessors: .arrayType7

===========================================================================================
----------------- testing Thu Apr 18 13:39:20 UTC 2019 /home/travis/build/icyphy/ptII/ptolemy/actor/lib/test/auto/arrayType8.xml
----------------- Instantiating /home/travis/build/icyphy/ptII/ptolemy/actor/lib/test/auto/arrayType8.xml
2 ms. Memory: 1613824K Free: 193747K (12%)
----------------- Invoking toplevel() on ptolemy.moml.MoMLSimpleApplication@1b7d8326
----------------- Done invoking toplevel() on ptolemy.moml.MoMLSimpleApplication@1b7d8326
reloadAllAccessors: .arrayType8

===========================================================================================
----------------- testing Thu Apr 18 13:39:20 UTC 2019 /home/travis/build/icyphy/ptII/ptolemy/actor/lib/test/auto/arrayType9.xml
----------------- Instantiating /home/travis/build/icyphy/ptII/ptolemy/actor/lib/test/auto/arrayType9.xml
1 ms. Memory: 1613824K Free: 170062K (11%)
----------------- Invoking toplevel() on ptolemy.moml.MoMLSimpleApplication@655690b6
----------------- Done invoking toplevel() on ptolemy.moml.MoMLSimpleApplication@655690b6
reloadAllAccessors: .arrayType9

===========================================================================================
----------------- testing Thu Apr 18 13:39:20 UTC 2019 /home/travis/build/icyphy/ptII/ptolemy/actor/lib/test/auto/cast.xml
----------------- Instantiating /home/travis/build/icyphy/ptII/ptolemy/actor/lib/test/auto/cast.xml
2 ms. Memory: 1613824K Free: 146378K (9%)
----------------- Invoking toplevel() on ptolemy.moml.MoMLSimpleApplication@3eaf3836
----------------- Done invoking toplevel() on ptolemy.moml.MoMLSimpleApplication@3eaf3836
reloadAllAccessors: .cast

===========================================================================================
----------------- testing Thu Apr 18 13:39:20 UTC 2019 /home/travis/build/icyphy/ptII/ptolemy/actor/lib/test/auto/compositeMultiPort.xml
----------------- Instantiating /home/travis/build/icyphy/ptII/ptolemy/actor/lib/test/auto/compositeMultiPort.xml
3 ms. Memory: 1613824K Free: 126246K (8%)
----------------- Invoking toplevel() on ptolemy.moml.MoMLSimpleApplication@21587df5
----------------- Done invoking toplevel() on ptolemy.moml.MoMLSimpleApplication@21587df5
reloadAllAccessors: .compositeMultiPort

===========================================================================================
----------------- testing Thu Apr 18 13:39:20 UTC 2019 /home/travis/build/icyphy/ptII/ptolemy/actor/lib/test/auto/expressionCastInference.xml
----------------- Instantiating /home/travis/build/icyphy/ptII/ptolemy/actor/lib/test/auto/expressionCastInference.xml
2 ms. Memory: 1613824K Free: 102561K (6%)
----------------- Invoking toplevel() on ptolemy.moml.MoMLSimpleApplication@10aa65fe
----------------- Done invoking toplevel() on ptolemy.moml.MoMLSimpleApplication@10aa65fe
reloadAllAccessors: .expressionCastInference

===========================================================================================
----------------- testing Thu Apr 18 13:39:20 UTC 2019 /home/travis/build/icyphy/ptII/ptolemy/actor/lib/test/auto/expressionCastInference2.xml
----------------- Instantiating /home/travis/build/icyphy/ptII/ptolemy/actor/lib/test/auto/expressionCastInference2.xml
1 ms. Memory: 1613824K Free: 78877K (5%)
----------------- Invoking toplevel() on ptolemy.moml.MoMLSimpleApplication@409b5f82
----------------- Done invoking toplevel() on ptolemy.moml.MoMLSimpleApplication@409b5f82
reloadAllAccessors: .expressionCastInference2

===========================================================================================
----------------- testing Thu Apr 18 13:39:20 UTC 2019 /home/travis/build/icyphy/ptII/ptolemy/actor/lib/test/auto/expressionInference.xml
----------------- Instantiating /home/travis/build/icyphy/ptII/ptolemy/actor/lib/test/auto/expressionInference.xml
1 ms. Memory: 1613824K Free: 62642K (4%)
----------------- Invoking toplevel() on ptolemy.moml.MoMLSimpleApplication@b9b4cc6
----------------- Done invoking toplevel() on ptolemy.moml.MoMLSimpleApplication@b9b4cc6
reloadAllAccessors: .expressionInference

===========================================================================================
----------------- testing Thu Apr 18 13:39:20 UTC 2019 /home/travis/build/icyphy/ptII/ptolemy/actor/lib/test/auto/expression_bug.xml
----------------- Instantiating /home/travis/build/icyphy/ptII/ptolemy/actor/lib/test/auto/expression_bug.xml
1 ms. Memory: 1664512K Free: 1606225K (96%)
----------------- Invoking toplevel() on ptolemy.moml.MoMLSimpleApplication@94eb34c
----------------- Done invoking toplevel() on ptolemy.moml.MoMLSimpleApplication@94eb34c
reloadAllAccessors: .expression_bug

===========================================================================================
----------------- testing Thu Apr 18 13:39:20 UTC 2019 /home/travis/build/icyphy/ptII/ptolemy/actor/lib/test/auto/factorial.xml
----------------- Instantiating /home/travis/build/icyphy/ptII/ptolemy/actor/lib/test/auto/factorial.xml
25 ms. Memory: 1664512K Free: 1577131K (95%)
----------------- Invoking toplevel() on ptolemy.moml.MoMLSimpleApplication@2ce2952c
----------------- Done invoking toplevel() on ptolemy.moml.MoMLSimpleApplication@2ce2952c
reloadAllAccessors: .factorial

===========================================================================================
----------------- testing Thu Apr 18 13:39:20 UTC 2019 /home/travis/build/icyphy/ptII/ptolemy/actor/lib/test/auto/filterTest1.xml
----------------- Instantiating /home/travis/build/icyphy/ptII/ptolemy/actor/lib/test/auto/filterTest1.xml
3 ms. Memory: 1664512K Free: 1558109K (94%)
----------------- Invoking toplevel() on ptolemy.moml.MoMLSimpleApplication@2244e243
----------------- Done invoking toplevel() on ptolemy.moml.MoMLSimpleApplication@2244e243
reloadAllAccessors: .filterTest1

===========================================================================================
----------------- testing Thu Apr 18 13:39:20 UTC 2019 /home/travis/build/icyphy/ptII/ptolemy/actor/lib/test/auto/funcApplyInConst.xml
----------------- Instantiating /home/travis/build/icyphy/ptII/ptolemy/actor/lib/test/auto/funcApplyInConst.xml
1 ms. Memory: 1664512K Free: 1539086K (92%)
----------------- Invoking toplevel() on ptolemy.moml.MoMLSimpleApplication@640ffb24
----------------- Done invoking toplevel() on ptolemy.moml.MoMLSimpleApplication@640ffb24
reloadAllAccessors: .funcApplyInConst

===========================================================================================
----------------- testing Thu Apr 18 13:39:20 UTC 2019 /home/travis/build/icyphy/ptII/ptolemy/actor/lib/test/auto/funcApplyInExpr.xml
----------------- Instantiating /home/travis/build/icyphy/ptII/ptolemy/actor/lib/test/auto/funcApplyInExpr.xml
1 ms. Memory: 1664512K Free: 1523603K (92%)
----------------- Invoking toplevel() on ptolemy.moml.MoMLSimpleApplication@7a571360
----------------- Done invoking toplevel() on ptolemy.moml.MoMLSimpleApplication@7a571360
reloadAllAccessors: .funcApplyInExpr

===========================================================================================
----------------- testing Thu Apr 18 13:39:20 UTC 2019 /home/travis/build/icyphy/ptII/ptolemy/actor/lib/test/auto/function.xml
----------------- Instantiating /home/travis/build/icyphy/ptII/ptolemy/actor/lib/test/auto/function.xml
2 ms. Memory: 1664512K Free: 1504579K (90%)
----------------- Invoking toplevel() on ptolemy.moml.MoMLSimpleApplication@6d4cedea
----------------- Done invoking toplevel() on ptolemy.moml.MoMLSimpleApplication@6d4cedea
reloadAllAccessors: .function

===========================================================================================
----------------- testing Thu Apr 18 13:39:20 UTC 2019 /home/travis/build/icyphy/ptII/ptolemy/actor/lib/test/auto/function2.xml
----------------- Instantiating /home/travis/build/icyphy/ptII/ptolemy/actor/lib/test/auto/function2.xml
1 ms. Memory: 1664512K Free: 1485556K (89%)
----------------- Invoking toplevel() on ptolemy.moml.MoMLSimpleApplication@fc12271
----------------- Done invoking toplevel() on ptolemy.moml.MoMLSimpleApplication@fc12271
reloadAllAccessors: .function2

===========================================================================================
----------------- testing Thu Apr 18 13:39:20 UTC 2019 /home/travis/build/icyphy/ptII/ptolemy/actor/lib/test/auto/function3.xml
----------------- Instantiating /home/travis/build/icyphy/ptII/ptolemy/actor/lib/test/auto/function3.xml
1 ms. Memory: 1664512K Free: 1466533K (88%)
----------------- Invoking toplevel() on ptolemy.moml.MoMLSimpleApplication@3fec600a
----------------- Done invoking toplevel() on ptolemy.moml.MoMLSimpleApplication@3fec600a
reloadAllAccessors: .function3

===========================================================================================
----------------- testing Thu Apr 18 13:39:20 UTC 2019 /home/travis/build/icyphy/ptII/ptolemy/actor/lib/test/auto/functionClosureTest1.xml
----------------- Instantiating /home/travis/build/icyphy/ptII/ptolemy/actor/lib/test/auto/functionClosureTest1.xml
1 ms. Memory: 1664512K Free: 1451050K (87%)
----------------- Invoking toplevel() on ptolemy.moml.MoMLSimpleApplication@d1ac3a7
----------------- Done invoking toplevel() on ptolemy.moml.MoMLSimpleApplication@d1ac3a7
reloadAllAccessors: .functionClosureTest1

===========================================================================================
----------------- testing Thu Apr 18 13:39:20 UTC 2019 /home/travis/build/icyphy/ptII/ptolemy/actor/lib/test/auto/functionClosureTest2.xml
----------------- Instantiating /home/travis/build/icyphy/ptII/ptolemy/actor/lib/test/auto/functionClosureTest2.xml
1 ms. Memory: 1664512K Free: 1432027K (86%)
----------------- Invoking toplevel() on ptolemy.moml.MoMLSimpleApplication@44fad8d4
----------------- Done invoking toplevel() on ptolemy.moml.MoMLSimpleApplication@44fad8d4
reloadAllAccessors: .functionClosureTest2

===========================================================================================
----------------- testing Thu Apr 18 13:39:20 UTC 2019 /home/travis/build/icyphy/ptII/ptolemy/actor/lib/test/auto/functionClosureTest3.xml
----------------- Instantiating /home/travis/build/icyphy/ptII/ptolemy/actor/lib/test/auto/functionClosureTest3.xml
1 ms. Memory: 1664512K Free: 1413004K (85%)
----------------- Invoking toplevel() on ptolemy.moml.MoMLSimpleApplication@4602f202
----------------- Done invoking toplevel() on ptolemy.moml.MoMLSimpleApplication@4602f202
reloadAllAccessors: .functionClosureTest3

===========================================================================================
----------------- testing Thu Apr 18 13:39:20 UTC 2019 /home/travis/build/icyphy/ptII/ptolemy/actor/lib/test/auto/functionClosureTest4.xml
----------------- Instantiating /home/travis/build/icyphy/ptII/ptolemy/actor/lib/test/auto/functionClosureTest4.xml
2 ms. Memory: 1664512K Free: 1393981K (84%)
----------------- Invoking toplevel() on ptolemy.moml.MoMLSimpleApplication@6d860f7a
----------------- Done invoking toplevel() on ptolemy.moml.MoMLSimpleApplication@6d860f7a
reloadAllAccessors: .functionClosureTest4

===========================================================================================
----------------- testing Thu Apr 18 13:39:20 UTC 2019 /home/travis/build/icyphy/ptII/ptolemy/actor/lib/test/auto/functionClosureTest5.xml
----------------- Instantiating /home/travis/build/icyphy/ptII/ptolemy/actor/lib/test/auto/functionClosureTest5.xml
3 ms. Memory: 1664512K Free: 1378498K (83%)
----------------- Invoking toplevel() on ptolemy.moml.MoMLSimpleApplication@7b94025f
----------------- Done invoking toplevel() on ptolemy.moml.MoMLSimpleApplication@7b94025f
reloadAllAccessors: .functionClosureTest5

===========================================================================================
----------------- testing Thu Apr 18 13:39:20 UTC 2019 /home/travis/build/icyphy/ptII/ptolemy/actor/lib/test/auto/functionClosureTest6.xml
----------------- Instantiating /home/travis/build/icyphy/ptII/ptolemy/actor/lib/test/auto/functionClosureTest6.xml
1 ms. Memory: 1664512K Free: 1359475K (82%)
----------------- Invoking toplevel() on ptolemy.moml.MoMLSimpleApplication@1e126146
----------------- Done invoking toplevel() on ptolemy.moml.MoMLSimpleApplication@1e126146
reloadAllAccessors: .functionClosureTest6

===========================================================================================
----------------- testing Thu Apr 18 13:39:20 UTC 2019 /home/travis/build/icyphy/ptII/ptolemy/actor/lib/test/auto/functionsOnArcs.xml
----------------- Instantiating /home/travis/build/icyphy/ptII/ptolemy/actor/lib/test/auto/functionsOnArcs.xml
2 ms. Memory: 1664512K Free: 1340452K (81%)
----------------- Invoking toplevel() on ptolemy.moml.MoMLSimpleApplication@47376884
----------------- Done invoking toplevel() on ptolemy.moml.MoMLSimpleApplication@47376884
reloadAllAccessors: .functionsOnArcs

===========================================================================================
----------------- testing Thu Apr 18 13:39:20 UTC 2019 /home/travis/build/icyphy/ptII/ptolemy/actor/lib/test/auto/functionsOnArcsHOF.xml
----------------- Instantiating /home/travis/build/icyphy/ptII/ptolemy/actor/lib/test/auto/functionsOnArcsHOF.xml
2 ms. Memory: 1664512K Free: 1321429K (79%)
----------------- Invoking toplevel() on ptolemy.moml.MoMLSimpleApplication@331723e2
----------------- Done invoking toplevel() on ptolemy.moml.MoMLSimpleApplication@331723e2
reloadAllAccessors: .functionsOnArcsHOF

===========================================================================================
----------------- testing Thu Apr 18 13:39:20 UTC 2019 /home/travis/build/icyphy/ptII/ptolemy/actor/lib/test/auto/logic.xml
----------------- Instantiating /home/travis/build/icyphy/ptII/ptolemy/actor/lib/test/auto/logic.xml
1 ms. Memory: 1664512K Free: 1305946K (78%)
----------------- Invoking toplevel() on ptolemy.moml.MoMLSimpleApplication@6f959031
----------------- Done invoking toplevel() on ptolemy.moml.MoMLSimpleApplication@6f959031
reloadAllAccessors: .logic

===========================================================================================
----------------- testing Thu Apr 18 13:39:20 UTC 2019 /home/travis/build/icyphy/ptII/ptolemy/actor/lib/test/auto/matrixType.xml
----------------- Instantiating /home/travis/build/icyphy/ptII/ptolemy/actor/lib/test/auto/matrixType.xml
1 ms. Memory: 1664512K Free: 1286923K (77%)
----------------- Invoking toplevel() on ptolemy.moml.MoMLSimpleApplication@6e3a1c1d
----------------- Done invoking toplevel() on ptolemy.moml.MoMLSimpleApplication@6e3a1c1d
reloadAllAccessors: .matrixType

===========================================================================================
----------------- testing Thu Apr 18 13:39:20 UTC 2019 /home/travis/build/icyphy/ptII/ptolemy/actor/lib/test/auto/matrixType10.xml
----------------- Instantiating /home/travis/build/icyphy/ptII/ptolemy/actor/lib/test/auto/matrixType10.xml
1 ms. Memory: 1664512K Free: 1267900K (76%)
----------------- Invoking toplevel() on ptolemy.moml.MoMLSimpleApplication@95c853b
----------------- Done invoking toplevel() on ptolemy.moml.MoMLSimpleApplication@95c853b
reloadAllAccessors: .matrixType10

===========================================================================================
----------------- testing Thu Apr 18 13:39:20 UTC 2019 /home/travis/build/icyphy/ptII/ptolemy/actor/lib/test/auto/matrixType11.xml
----------------- Instantiating /home/travis/build/icyphy/ptII/ptolemy/actor/lib/test/auto/matrixType11.xml
2 ms. Memory: 1664512K Free: 1252417K (75%)
----------------- Invoking toplevel() on ptolemy.moml.MoMLSimpleApplication@74d07f08
----------------- Done invoking toplevel() on ptolemy.moml.MoMLSimpleApplication@74d07f08
reloadAllAccessors: .matrixType11

===========================================================================================
----------------- testing Thu Apr 18 13:39:20 UTC 2019 /home/travis/build/icyphy/ptII/ptolemy/actor/lib/test/auto/matrixType12.xml
----------------- Instantiating /home/travis/build/icyphy/ptII/ptolemy/actor/lib/test/auto/matrixType12.xml
1 ms. Memory: 1664512K Free: 1233394K (74%)
----------------- Invoking toplevel() on ptolemy.moml.MoMLSimpleApplication@4d3a4b52
----------------- Done invoking toplevel() on ptolemy.moml.MoMLSimpleApplication@4d3a4b52
reloadAllAccessors: .matrixType12

===========================================================================================
----------------- testing Thu Apr 18 13:39:21 UTC 2019 /home/travis/build/icyphy/ptII/ptolemy/actor/lib/test/auto/matrixType13.xml
----------------- Instantiating /home/travis/build/icyphy/ptII/ptolemy/actor/lib/test/auto/matrixType13.xml
1 ms. Memory: 1664512K Free: 1214371K (73%)
----------------- Invoking toplevel() on ptolemy.moml.MoMLSimpleApplication@5b7c7688
----------------- Done invoking toplevel() on ptolemy.moml.MoMLSimpleApplication@5b7c7688
reloadAllAccessors: .matrixType13

===========================================================================================
----------------- testing Thu Apr 18 13:39:21 UTC 2019 /home/travis/build/icyphy/ptII/ptolemy/actor/lib/test/auto/matrixType14.xml
----------------- Instantiating /home/travis/build/icyphy/ptII/ptolemy/actor/lib/test/auto/matrixType14.xml
2 ms. Memory: 1664512K Free: 1195348K (72%)
----------------- Invoking toplevel() on ptolemy.moml.MoMLSimpleApplication@33a26eb0
----------------- Done invoking toplevel() on ptolemy.moml.MoMLSimpleApplication@33a26eb0
reloadAllAccessors: .matrixType14

===========================================================================================
----------------- testing Thu Apr 18 13:39:21 UTC 2019 /home/travis/build/icyphy/ptII/ptolemy/actor/lib/test/auto/matrixType2.xml
----------------- Instantiating /home/travis/build/icyphy/ptII/ptolemy/actor/lib/test/auto/matrixType2.xml
2 ms. Memory: 1664512K Free: 1179865K (71%)
----------------- Invoking toplevel() on ptolemy.moml.MoMLSimpleApplication@231849c1
----------------- Done invoking toplevel() on ptolemy.moml.MoMLSimpleApplication@231849c1
reloadAllAccessors: .matrixType2

===========================================================================================
----------------- testing Thu Apr 18 13:39:21 UTC 2019 /home/travis/build/icyphy/ptII/ptolemy/actor/lib/test/auto/matrixType3.xml
----------------- Instantiating /home/travis/build/icyphy/ptII/ptolemy/actor/lib/test/auto/matrixType3.xml
1 ms. Memory: 1664512K Free: 1160842K (70%)
----------------- Invoking toplevel() on ptolemy.moml.MoMLSimpleApplication@299f501d
----------------- Done invoking toplevel() on ptolemy.moml.MoMLSimpleApplication@299f501d
reloadAllAccessors: .matrixType3

===========================================================================================
----------------- testing Thu Apr 18 13:39:21 UTC 2019 /home/travis/build/icyphy/ptII/ptolemy/actor/lib/test/auto/matrixType4.xml
----------------- Instantiating /home/travis/build/icyphy/ptII/ptolemy/actor/lib/test/auto/matrixType4.xml
1 ms. Memory: 1664512K Free: 1141819K (69%)
----------------- Invoking toplevel() on ptolemy.moml.MoMLSimpleApplication@70f72cf6
----------------- Done invoking toplevel() on ptolemy.moml.MoMLSimpleApplication@70f72cf6
reloadAllAccessors: .matrixType4

===========================================================================================
----------------- testing Thu Apr 18 13:39:21 UTC 2019 /home/travis/build/icyphy/ptII/ptolemy/actor/lib/test/auto/matrixType5.xml
----------------- Instantiating /home/travis/build/icyphy/ptII/ptolemy/actor/lib/test/auto/matrixType5.xml
1 ms. Memory: 1664512K Free: 1122796K (67%)
----------------- Invoking toplevel() on ptolemy.moml.MoMLSimpleApplication@743ae91d
----------------- Done invoking toplevel() on ptolemy.moml.MoMLSimpleApplication@743ae91d
reloadAllAccessors: .matrixType5

===========================================================================================
----------------- testing Thu Apr 18 13:39:21 UTC 2019 /home/travis/build/icyphy/ptII/ptolemy/actor/lib/test/auto/matrixType6.xml
----------------- Instantiating /home/travis/build/icyphy/ptII/ptolemy/actor/lib/test/auto/matrixType6.xml
1 ms. Memory: 1664512K Free: 1107313K (67%)
----------------- Invoking toplevel() on ptolemy.moml.MoMLSimpleApplication@fd930d8
----------------- Done invoking toplevel() on ptolemy.moml.MoMLSimpleApplication@fd930d8
reloadAllAccessors: .matrixType6

===========================================================================================
----------------- testing Thu Apr 18 13:39:21 UTC 2019 /home/travis/build/icyphy/ptII/ptolemy/actor/lib/test/auto/matrixType7.xml
----------------- Instantiating /home/travis/build/icyphy/ptII/ptolemy/actor/lib/test/auto/matrixType7.xml
1 ms. Memory: 1664512K Free: 1088290K (65%)
----------------- Invoking toplevel() on ptolemy.moml.MoMLSimpleApplication@4b2f4e4c
----------------- Done invoking toplevel() on ptolemy.moml.MoMLSimpleApplication@4b2f4e4c
reloadAllAccessors: .matrixType7

===========================================================================================
----------------- testing Thu Apr 18 13:39:21 UTC 2019 /home/travis/build/icyphy/ptII/ptolemy/actor/lib/test/auto/matrixType8.xml
----------------- Instantiating /home/travis/build/icyphy/ptII/ptolemy/actor/lib/test/auto/matrixType8.xml
1 ms. Memory: 1664512K Free: 1069267K (64%)
----------------- Invoking toplevel() on ptolemy.moml.MoMLSimpleApplication@49be8c29
----------------- Done invoking toplevel() on ptolemy.moml.MoMLSimpleApplication@49be8c29
reloadAllAccessors: .matrixType8

===========================================================================================
----------------- testing Thu Apr 18 13:39:21 UTC 2019 /home/travis/build/icyphy/ptII/ptolemy/actor/lib/test/auto/matrixType9.xml
----------------- Instantiating /home/travis/build/icyphy/ptII/ptolemy/actor/lib/test/auto/matrixType9.xml
1 ms. Memory: 1664512K Free: 1050244K (63%)
----------------- Invoking toplevel() on ptolemy.moml.MoMLSimpleApplication@3dbb7642
----------------- Done invoking toplevel() on ptolemy.moml.MoMLSimpleApplication@3dbb7642
reloadAllAccessors: .matrixType9

===========================================================================================
----------------- testing Thu Apr 18 13:39:21 UTC 2019 /home/travis/build/icyphy/ptII/ptolemy/actor/lib/test/auto/paraFunctest.xml
----------------- Instantiating /home/travis/build/icyphy/ptII/ptolemy/actor/lib/test/auto/paraFunctest.xml
2 ms. Memory: 1664512K Free: 1034761K (62%)
----------------- Invoking toplevel() on ptolemy.moml.MoMLSimpleApplication@35c8a6d6
----------------- Done invoking toplevel() on ptolemy.moml.MoMLSimpleApplication@35c8a6d6
reloadAllAccessors: .paraFunctest

===========================================================================================
----------------- testing Thu Apr 18 13:39:21 UTC 2019 /home/travis/build/icyphy/ptII/ptolemy/actor/lib/test/auto/paraFunctest2.xml
----------------- Instantiating /home/travis/build/icyphy/ptII/ptolemy/actor/lib/test/auto/paraFunctest2.xml
1 ms. Memory: 1664512K Free: 1015738K (61%)
----------------- Invoking toplevel() on ptolemy.moml.MoMLSimpleApplication@604cc640
----------------- Done invoking toplevel() on ptolemy.moml.MoMLSimpleApplication@604cc640
reloadAllAccessors: .paraFunctest2

===========================================================================================
----------------- testing Thu Apr 18 13:39:21 UTC 2019 /home/travis/build/icyphy/ptII/ptolemy/actor/lib/test/auto/parameterPassing.xml
----------------- Instantiating /home/travis/build/icyphy/ptII/ptolemy/actor/lib/test/auto/parameterPassing.xml
1 ms. Memory: 1664512K Free: 996715K (60%)
----------------- Invoking toplevel() on ptolemy.moml.MoMLSimpleApplication@6f2a00ef
----------------- Done invoking toplevel() on ptolemy.moml.MoMLSimpleApplication@6f2a00ef
reloadAllAccessors: .parameterPassing

===========================================================================================
----------------- testing Thu Apr 18 13:39:21 UTC 2019 /home/travis/build/icyphy/ptII/ptolemy/actor/lib/test/auto/record.xml
----------------- Instantiating /home/travis/build/icyphy/ptII/ptolemy/actor/lib/test/auto/record.xml
1 ms. Memory: 1664512K Free: 977692K (59%)
----------------- Invoking toplevel() on ptolemy.moml.MoMLSimpleApplication@f72b6bd
----------------- Done invoking toplevel() on ptolemy.moml.MoMLSimpleApplication@f72b6bd
reloadAllAccessors: .record

===========================================================================================
----------------- testing Thu Apr 18 13:39:21 UTC 2019 /home/travis/build/icyphy/ptII/ptolemy/actor/lib/test/auto/sizedarray1.xml
----------------- Instantiating /home/travis/build/icyphy/ptII/ptolemy/actor/lib/test/auto/sizedarray1.xml
1 ms. Memory: 1664512K Free: 962209K (58%)
----------------- Invoking toplevel() on ptolemy.moml.MoMLSimpleApplication@209cfc7d
----------------- Done invoking toplevel() on ptolemy.moml.MoMLSimpleApplication@209cfc7d
reloadAllAccessors: .sizedarray1

===========================================================================================
----------------- testing Thu Apr 18 13:39:21 UTC 2019 /home/travis/build/icyphy/ptII/ptolemy/actor/lib/test/auto/sizedarray2.xml
----------------- Instantiating /home/travis/build/icyphy/ptII/ptolemy/actor/lib/test/auto/sizedarray2.xml
1 ms. Memory: 1664512K Free: 943186K (57%)
----------------- Invoking toplevel() on ptolemy.moml.MoMLSimpleApplication@39252f5d
----------------- Done invoking toplevel() on ptolemy.moml.MoMLSimpleApplication@39252f5d
reloadAllAccessors: .sizedarray2

===========================================================================================
----------------- testing Thu Apr 18 13:39:21 UTC 2019 /home/travis/build/icyphy/ptII/ptolemy/actor/lib/test/auto/twoPublishers.xml
----------------- Instantiating /home/travis/build/icyphy/ptII/ptolemy/actor/lib/test/auto/twoPublishers.xml
2 ms. Memory: 1664512K Free: 916405K (55%)
----------------- Invoking toplevel() on ptolemy.moml.MoMLSimpleApplication@296b8bae
----------------- Done invoking toplevel() on ptolemy.moml.MoMLSimpleApplication@296b8bae
reloadAllAccessors: .twoPublishers
AutoTests.java: About to close Vertx.
AutoTests.java: Vertx closed.
]]></system-out>
  <system-err><![CDATA[java.lang.RuntimeException: Execution failed
	at ptolemy.moml.MoMLSimpleApplication$UnloadThread.run(MoMLSimpleApplication.java:402)
Caused by: java.lang.RuntimeException: StringUtilities.exit() was called. Normally, we would exit here because Manager.exitAfterWrapup() was called.  However, because the ptolemy.ptII.exitAfterWrapup property is set, we throw this exception instead.
	at ptolemy.util.StringUtilities.exit(StringUtilities.java:363)
	at ptolemy.actor.Manager.wrapup(Manager.java:1531)
	at ptolemy.actor.Manager.execute(Manager.java:407)
	at ptolemy.actor.Manager.run(Manager.java:1263)
	at ptolemy.actor.Manager$PtolemyRunThread.run(Manager.java:1915)
Warning: '.top.test' is in training mode, set the trainingMode parameter to false before checking in
Warning: '.top.test' is in training mode, set the trainingMode parameter to false before checking in
Warning: '.top.test' is in training mode, set the trainingMode parameter to false before checking in
Warning: '.BooleanSwitch_RegressionTest_WrongTrainingValues.Test' is in training mode, set the trainingMode parameter to false before checking in
Warning: '.BooleanSwitch_RegressionTest_WrongTrainingValues.Test2' is in training mode, set the trainingMode parameter to false before checking in
Warning: '.BooleanSwitch_RegressionTest_WrongTrainingValues.Test2' The test produced 0 tokens.
Warning: '.top.testExceptionHandler' is in training mode, set the trainingMode parameter to false before checking in
java.lang.RuntimeException: Execution failed
	at ptolemy.moml.MoMLSimpleApplication$UnloadThread.run(MoMLSimpleApplication.java:402)
Caused by: ptolemy.kernel.util.IllegalActionException: PublisherPorts cannot be used at the top level, use a Publisher actor instead.
  in .PublisherPortToplevelSubscriber.PublisherPort
	at ptolemy.actor.PublisherPort.preinitialize(PublisherPort.java:403)
	at ptolemy.actor.CompositeActor.preinitialize(CompositeActor.java:1769)
	at ptolemy.actor.Manager.preinitializeAndResolveTypes(Manager.java:1040)
	at ptolemy.actor.Manager.initialize(Manager.java:710)
	at ptolemy.actor.Manager.execute(Manager.java:356)
	at ptolemy.actor.Manager.run(Manager.java:1263)
	at ptolemy.actor.Manager$PtolemyRunThread.run(Manager.java:1915)
java.lang.reflect.InvocationTargetException
	at sun.reflect.NativeConstructorAccessorImpl.newInstance0(Native Method)
	at sun.reflect.NativeConstructorAccessorImpl.newInstance(NativeConstructorAccessorImpl.java:62)
	at sun.reflect.DelegatingConstructorAccessorImpl.newInstance(DelegatingConstructorAccessorImpl.java:45)
	at java.lang.reflect.Constructor.newInstance(Constructor.java:423)
	at ptolemy.util.test.junit.AutoKnownFailedTests.RunModel(AutoKnownFailedTests.java:105)
	at sun.reflect.NativeMethodAccessorImpl.invoke0(Native Method)
	at sun.reflect.NativeMethodAccessorImpl.invoke(NativeMethodAccessorImpl.java:62)
	at sun.reflect.DelegatingMethodAccessorImpl.invoke(DelegatingMethodAccessorImpl.java:43)
	at java.lang.reflect.Method.invoke(Method.java:498)
	at org.junit.runners.model.FrameworkMethod$1.runReflectiveCall(FrameworkMethod.java:44)
	at org.junit.internal.runners.model.ReflectiveCallable.run(ReflectiveCallable.java:15)
	at org.junit.runners.model.FrameworkMethod.invokeExplosively(FrameworkMethod.java:41)
	at junitparams.internal.InvokeParameterisedMethod.evaluate(InvokeParameterisedMethod.java:102)
	at org.junit.internal.runners.statements.FailOnTimeout$1.run(FailOnTimeout.java:28)
Caused by: ptolemy.kernel.util.IllegalActionException: PublisherPorts cannot be used at the top level, use a Publisher actor instead.
  in .PublisherPortToplevelSubscriber.PublisherPort
	at ptolemy.actor.PublisherPort.preinitialize(PublisherPort.java:403)
	at ptolemy.actor.CompositeActor.preinitialize(CompositeActor.java:1769)
	at ptolemy.actor.Manager.preinitializeAndResolveTypes(Manager.java:1040)
	at ptolemy.actor.Manager.initialize(Manager.java:710)
	at ptolemy.actor.Manager.execute(Manager.java:356)
	at ptolemy.actor.Manager.run(Manager.java:1263)
	at ptolemy.actor.Manager$PtolemyRunThread.run(Manager.java:1915)
java.lang.RuntimeException: Execution failed
	at ptolemy.moml.MoMLSimpleApplication$UnloadThread.run(MoMLSimpleApplication.java:402)
Caused by: ptolemy.kernel.util.IllegalActionException: SubscriberPorts cannot be used at the top level, use a Subscriber actor instead.
  in .PublisherSubscriberPortToplevel.SubscriberPort
	at ptolemy.actor.SubscriberPort.preinitialize(SubscriberPort.java:328)
	at ptolemy.actor.CompositeActor.preinitialize(CompositeActor.java:1769)
	at ptolemy.actor.Manager.preinitializeAndResolveTypes(Manager.java:1040)
	at ptolemy.actor.Manager.initialize(Manager.java:710)
	at ptolemy.actor.Manager.execute(Manager.java:356)
	at ptolemy.actor.Manager.run(Manager.java:1263)
	at ptolemy.actor.Manager$PtolemyRunThread.run(Manager.java:1915)
java.lang.reflect.InvocationTargetException
	at sun.reflect.NativeConstructorAccessorImpl.newInstance0(Native Method)
	at sun.reflect.NativeConstructorAccessorImpl.newInstance(NativeConstructorAccessorImpl.java:62)
	at sun.reflect.DelegatingConstructorAccessorImpl.newInstance(DelegatingConstructorAccessorImpl.java:45)
	at java.lang.reflect.Constructor.newInstance(Constructor.java:423)
	at ptolemy.util.test.junit.AutoKnownFailedTests.RunModel(AutoKnownFailedTests.java:105)
	at sun.reflect.NativeMethodAccessorImpl.invoke0(Native Method)
	at sun.reflect.NativeMethodAccessorImpl.invoke(NativeMethodAccessorImpl.java:62)
	at sun.reflect.DelegatingMethodAccessorImpl.invoke(DelegatingMethodAccessorImpl.java:43)
	at java.lang.reflect.Method.invoke(Method.java:498)
	at org.junit.runners.model.FrameworkMethod$1.runReflectiveCall(FrameworkMethod.java:44)
	at org.junit.internal.runners.model.ReflectiveCallable.run(ReflectiveCallable.java:15)
	at org.junit.runners.model.FrameworkMethod.invokeExplosively(FrameworkMethod.java:41)
	at junitparams.internal.InvokeParameterisedMethod.evaluate(InvokeParameterisedMethod.java:102)
	at org.junit.internal.runners.statements.FailOnTimeout$1.run(FailOnTimeout.java:28)
Caused by: ptolemy.kernel.util.IllegalActionException: SubscriberPorts cannot be used at the top level, use a Subscriber actor instead.
  in .PublisherSubscriberPortToplevel.SubscriberPort
	at ptolemy.actor.SubscriberPort.preinitialize(SubscriberPort.java:328)
	at ptolemy.actor.CompositeActor.preinitialize(CompositeActor.java:1769)
	at ptolemy.actor.Manager.preinitializeAndResolveTypes(Manager.java:1040)
	at ptolemy.actor.Manager.initialize(Manager.java:710)
	at ptolemy.actor.Manager.execute(Manager.java:356)
	at ptolemy.actor.Manager.run(Manager.java:1263)
	at ptolemy.actor.Manager$PtolemyRunThread.run(Manager.java:1915)
java.lang.RuntimeException: Execution failed
	at ptolemy.moml.MoMLSimpleApplication$UnloadThread.run(MoMLSimpleApplication.java:402)
Caused by: ptolemy.kernel.util.IllegalActionException: SubscriptionAggregatorPorts cannot be used at the top level, use a SubscriptionAggregator actor instead.
  in .PublisherSubscriptionAggregatorPort.SubscriptionAggregatorPort
	at ptolemy.actor.SubscriptionAggregatorPort.preinitialize(SubscriptionAggregatorPort.java:353)
	at ptolemy.actor.CompositeActor.preinitialize(CompositeActor.java:1769)
	at ptolemy.actor.Manager.preinitializeAndResolveTypes(Manager.java:1040)
	at ptolemy.actor.Manager.initialize(Manager.java:710)
	at ptolemy.actor.Manager.execute(Manager.java:356)
	at ptolemy.actor.Manager.run(Manager.java:1263)
	at ptolemy.actor.Manager$PtolemyRunThread.run(Manager.java:1915)
java.lang.reflect.InvocationTargetException
	at sun.reflect.NativeConstructorAccessorImpl.newInstance0(Native Method)
	at sun.reflect.NativeConstructorAccessorImpl.newInstance(NativeConstructorAccessorImpl.java:62)
	at sun.reflect.DelegatingConstructorAccessorImpl.newInstance(DelegatingConstructorAccessorImpl.java:45)
	at java.lang.reflect.Constructor.newInstance(Constructor.java:423)
	at ptolemy.util.test.junit.AutoKnownFailedTests.RunModel(AutoKnownFailedTests.java:105)
	at sun.reflect.NativeMethodAccessorImpl.invoke0(Native Method)
	at sun.reflect.NativeMethodAccessorImpl.invoke(NativeMethodAccessorImpl.java:62)
	at sun.reflect.DelegatingMethodAccessorImpl.invoke(DelegatingMethodAccessorImpl.java:43)
	at java.lang.reflect.Method.invoke(Method.java:498)
	at org.junit.runners.model.FrameworkMethod$1.runReflectiveCall(FrameworkMethod.java:44)
	at org.junit.internal.runners.model.ReflectiveCallable.run(ReflectiveCallable.java:15)
	at org.junit.runners.model.FrameworkMethod.invokeExplosively(FrameworkMethod.java:41)
	at junitparams.internal.InvokeParameterisedMethod.evaluate(InvokeParameterisedMethod.java:102)
	at org.junit.internal.runners.statements.FailOnTimeout$1.run(FailOnTimeout.java:28)
Caused by: ptolemy.kernel.util.IllegalActionException: SubscriptionAggregatorPorts cannot be used at the top level, use a SubscriptionAggregator actor instead.
  in .PublisherSubscriptionAggregatorPort.SubscriptionAggregatorPort
	at ptolemy.actor.SubscriptionAggregatorPort.preinitialize(SubscriptionAggregatorPort.java:353)
	at ptolemy.actor.CompositeActor.preinitialize(CompositeActor.java:1769)
	at ptolemy.actor.Manager.preinitializeAndResolveTypes(Manager.java:1040)
	at ptolemy.actor.Manager.initialize(Manager.java:710)
	at ptolemy.actor.Manager.execute(Manager.java:356)
	at ptolemy.actor.Manager.run(Manager.java:1263)
	at ptolemy.actor.Manager$PtolemyRunThread.run(Manager.java:1915)
java.lang.RuntimeException: Execution failed
	at ptolemy.moml.MoMLSimpleApplication$UnloadThread.run(MoMLSimpleApplication.java:402)
Caused by: ptolemy.kernel.util.IllegalActionException: TypeTest actor has no training data.
  in .sizedarray3.TypeTest
	at ptolemy.actor.lib.TypeTest.initialize(TypeTest.java:250)
	at ptolemy.actor.Director.initialize(Director.java:938)
	at ptolemy.actor.Director.initialize(Director.java:907)
	at ptolemy.actor.sched.StaticSchedulingDirector.initialize(StaticSchedulingDirector.java:159)
	at ptolemy.domains.sdf.kernel.SDFDirector.initialize(SDFDirector.java:544)
	at ptolemy.actor.CompositeActor.initialize(CompositeActor.java:935)
	at ptolemy.actor.Manager.initialize(Manager.java:724)
	at ptolemy.actor.Manager.execute(Manager.java:356)
	at ptolemy.actor.Manager.run(Manager.java:1263)
	at ptolemy.actor.Manager$PtolemyRunThread.run(Manager.java:1915)
java.lang.reflect.InvocationTargetException
	at sun.reflect.NativeConstructorAccessorImpl.newInstance0(Native Method)
	at sun.reflect.NativeConstructorAccessorImpl.newInstance(NativeConstructorAccessorImpl.java:62)
	at sun.reflect.DelegatingConstructorAccessorImpl.newInstance(DelegatingConstructorAccessorImpl.java:45)
	at java.lang.reflect.Constructor.newInstance(Constructor.java:423)
	at ptolemy.util.test.junit.AutoKnownFailedTests.RunModel(AutoKnownFailedTests.java:105)
	at sun.reflect.NativeMethodAccessorImpl.invoke0(Native Method)
	at sun.reflect.NativeMethodAccessorImpl.invoke(NativeMethodAccessorImpl.java:62)
	at sun.reflect.DelegatingMethodAccessorImpl.invoke(DelegatingMethodAccessorImpl.java:43)
	at java.lang.reflect.Method.invoke(Method.java:498)
	at org.junit.runners.model.FrameworkMethod$1.runReflectiveCall(FrameworkMethod.java:44)
	at org.junit.internal.runners.model.ReflectiveCallable.run(ReflectiveCallable.java:15)
	at org.junit.runners.model.FrameworkMethod.invokeExplosively(FrameworkMethod.java:41)
	at junitparams.internal.InvokeParameterisedMethod.evaluate(InvokeParameterisedMethod.java:102)
	at org.junit.internal.runners.statements.FailOnTimeout$1.run(FailOnTimeout.java:28)
Caused by: ptolemy.kernel.util.IllegalActionException: TypeTest actor has no training data.
  in .sizedarray3.TypeTest
	at ptolemy.actor.lib.TypeTest.initialize(TypeTest.java:250)
	at ptolemy.actor.Director.initialize(Director.java:938)
	at ptolemy.actor.Director.initialize(Director.java:907)
	at ptolemy.actor.sched.StaticSchedulingDirector.initialize(StaticSchedulingDirector.java:159)
	at ptolemy.domains.sdf.kernel.SDFDirector.initialize(SDFDirector.java:544)
	at ptolemy.actor.CompositeActor.initialize(CompositeActor.java:935)
	at ptolemy.actor.Manager.initialize(Manager.java:724)
	at ptolemy.actor.Manager.execute(Manager.java:356)
	at ptolemy.actor.Manager.run(Manager.java:1263)
	at ptolemy.actor.Manager$PtolemyRunThread.run(Manager.java:1915)
]]></system-err>
</testsuite>
