<?xml version="1.0" encoding="UTF-8" ?>
<testsuite errors="0" failures="0" hostname="travis-job-007efb00-e42f-4ed3-ba07-f1944b591774" name="ptolemy.domains.de.test.junit.JUnitTclTest" skipped="0" tests="101" time="123.225" timestamp="2022-05-11T19:53:52">
  <properties>
    <property name="env.OLDPWD" value="/home/travis/build/icyphy/ptII" />
    <property name="npm.executable" value="npm" />
    <property name="env.TRAVIS_ROOT" value="/" />
    <property name="ptII.mk.exists" value="true" />
    <property name="env.TRAVIS_APP_HOST" value="build.travis-ci.com" />
    <property name="env.rvm_bin_path" value="/home/travis/.rvm/bin" />
    <property name="java.home" value="/usr/local/lib/jvm/openjdk11" />
    <property name="env.TRAVIS_JOB_NUMBER" value="1860.10" />
    <property name="env.TRAVIS_HOME" value="/home/travis" />
    <property name="env.DISPLAY" value=":99.0" />
    <property name="env.TRAVIS_INIT" value="systemd" />
    <property name="env.SSH_TTY" value="/dev/pts/0" />
    <property name="java.net.preferIPv4Stack" value="true" />
    <property name="env.RUN_TESTS" value="true" />
    <property name="timeout.short" value="1000000" />
    <property name="junit.formatter" value="xml" />
    <property name="env.TRAVIS_SUDO" value="true" />
    <property name="env.TRAVIS_JOB_NAME" value="" />
    <property name="env.TRAVIS_STACK_NODE_ATTRIBUTES" value="/.node-attributes.yml" />
    <property name="env.LOGNAME" value="travis" />
    <property name="jsdoc.home" value="node_modules/@terraswarm/jsdoc" />
    <property name="debuglevel" value="source,lines,vars" />
    <property name="checkstyle.formatter" value="xml" />
    <property name="bin.vergil.makeable" value="true" />
    <property name="sun.os.patch.level" value="unknown" />
    <property name="java.vendor.url" value="http://java.oracle.com/" />
    <property name="env.TRAVIS_BUILD_WEB_URL" value="https://app.travis-ci.com/icyphy/ptII/builds/250534553" />
    <property name="java.version" value="11.0.2" />
    <property name="env.TZ" value="UTC" />
    <property name="env.TRAVIS_PULL_REQUEST_SHA" value="" />
    <property name="env.PT_NO_NET" value="true" />
    <property name="env.TRAVIS_SECURE_ENV_VARS" value="true" />
    <property name="java.vendor.url.bug" value="http://bugreport.java.com/bugreport/" />
    <property name="npmjs-org-is-up" value="true" />
    <property name="env.LANGUAGE" value="en_US.UTF-8" />
    <property name="env.SSH_CLIENT" value="10.16.0.16 57064 22" />
    <property name="env.GEM_HOME" value="/home/travis/.rvm/gems/ruby-2.5.3" />
    <property name="env.HAS_ANTARES_THREE_LITTLE_FRONZIES_BADGE" value="true" />
    <property name="java.version.date" value="2019-01-15" />
    <property name="env.PS4" value="+" />
    <property name="ant.project.invoked-targets" value="build,test.core2.xml" />
    <property name="env.TRAVIS_PULL_REQUEST_BRANCH" value="" />
    <property name="env.TRAVIS_REPO_SLUG" value="icyphy/ptII" />
    <property name="env.XDG_DATA_DIRS" value="/usr/local/share:/usr/share:/var/lib/snapd/desktop" />
    <property name="jdk.debug" value="release" />
    <property name="env.TRAVIS_APT_PROXY" value="http://build-cache.travisci.net" />
    <property name="env.TRAVIS_CPU_ARCH" value="amd64" />
    <property name="node.in.path" value="true" />
    <property name="user.name" value="travis" />
    <property name="java.maxmemory" value="1400m" />
    <property name="env.RUBY_VERSION" value="ruby-2.5.3" />
    <property name="env.LANG" value="en_US.UTF-8" />
    <property name="sun.io.unicode.encoding" value="UnicodeLittle" />
    <property name="sun.jnu.encoding" value="UTF-8" />
    <property name="java.runtime.name" value="OpenJDK Runtime Environment" />
    <property name="usefile" value="false" />
    <property name="return.code" value="0" />
    <property name="junit.single.formatter" value="plain" />
    <property name="env.DYLD_LIBRARY_PATH" value="/home/travis/pthla/certi-tools/lib:" />
    <property name="env.DEBIAN_FRONTEND" value="noninteractive" />
    <property name="env.SSH_CONNECTION" value="10.16.0.16 57064 10.30.0.90 22" />
    <property name="env.MYSQL_UNIX_PORT" value="/var/run/mysqld/mysqld.sock" />
    <property name="env.LC_ALL" value="en_US.UTF-8" />
    <property name="env.TRAVIS_ALLOW_FAILURE" value="" />
    <property name="env.TRAVIS_JOB_WEB_URL" value="https://app.travis-ci.com/icyphy/ptII/jobs/569911864" />
    <property name="java.specification.name" value="Java Platform API Specification" />
    <property name="node.works" value="true" />
    <property name="user.timezone" value="" />
    <property name="path.separator" value=":" />
    <property name="env.TRAVIS_ENABLE_INFRA_DETECTION" value="true" />
    <property name="env.PYTHON_CFLAGS" value="-g -fstack-protector --param=ssp-buffer-size=4 -Wformat -Werror=format-security" />
    <property name="timeout.long" value="4000000" />
    <property name="env.CERTI_HOME" value="/home/travis/pthla/certi-tools" />
    <property name="ant.file.ptII" value="/home/travis/build/icyphy/ptII/build.xml" />
    <property name="javadoc.packagenames" value="com.*,diva.*,lbnl.*,org.hlacerti.*,org.json.*,org.ptolemy.*,org.terraswarm.*,ptolemy.*,ptserver.*" />
    <property name="file.encoding" value="UTF-8" />
    <property name="env.TRAVIS_PULL_REQUEST_SLUG" value="" />
    <property name="ant.project.default-target" value="build" />
    <property name="env.GIT_ASKPASS" value="echo" />
    <property name="env.HOME" value="/home/travis" />
    <property name="sun.java.command" value="org.apache.tools.ant.taskdefs.optional.junit.JUnitTestRunner ptolemy.domains.de.test.junit.JUnitTclTest skipNonTests=false filtertrace=true haltOnError=false haltOnFailure=false formatter=org.apache.tools.ant.taskdefs.optional.junit.OutErrSummaryJUnitResultFormatter showoutput=true outputtoformatters=true logfailedtests=true threadid=0 logtestlistenerevents=false formatter=org.apache.tools.ant.taskdefs.optional.junit.XMLJUnitResultFormatter,/home/travis/build/icyphy/ptII/reports/junit/TEST-ptolemy.domains.de.test.junit.JUnitTclTest.xml crashfile=/home/travis/build/icyphy/ptII/junitvmwatcher11373981500126755508.properties propsfile=/home/travis/build/icyphy/ptII/junit6058294823433546606.properties" />
    <property name="env.COMPOSER_NO_INTERACTION" value="1" />
    <property name="env.MANPATH" value="/home/travis/.nvm/versions/node/v7.10.1/share/man:/home/travis/.rvm/rubies/ruby-2.5.3/share/man:/usr/local/cmake-3.12.4/man:/usr/local/clang-7.0.0/share/man:/usr/local/man:/usr/local/share/man:/usr/share/man:/home/travis/.rvm/man" />
    <property name="env.TRAVIS_TIMER_ID" value="09ef3060" />
    <property name="ant.file" value="/home/travis/build/icyphy/ptII/build.xml" />
    <property name="env.TRAVIS_COMMIT_RANGE" value="8058dcf000028a49a5794cb259e756e0eb9196a8...9dcac6a5b6ad53d4f13b7d3c598835ad8186d905" />
    <property name="ptII.classpath.optional.property" value="/home/travis/build/icyphy/ptII/lib/asm-all-5.2.jar:/home/travis/build/icyphy/ptII/lib/nashorn-core-15.3.jar:/home/travis/build/icyphy/ptII/lib/bsh-2.0b4.jar:/home/travis/build/icyphy/ptII/lib/ptCal.jar:/home/travis/build/icyphy/ptII/lib/java_cup.jar:/home/travis/build/icyphy/ptII/lib/saxon8.jar:/home/travis/build/icyphy/ptII/lib/saxon8-dom.jar:/home/travis/build/icyphy/ptII/lib/chic.jar:/home/travis/build/icyphy/ptII/lib/ptcolt.jar:/home/travis/build/icyphy/ptII/vendors/misc/itext/iText.jar:/home/travis/build/icyphy/ptII/lib/g4ltl.jar:/home/travis/build/icyphy/ptII/lib/StructuralCoder.jar:/home/travis/build/icyphy/ptII/lib/jcerti.jar:/home/travis/build/icyphy/ptII/lib/javax.mail.jar:/home/travis/build/icyphy/ptII/vendors/JMF-2.1.1e/lib/jmf.jar:/home/travis/build/icyphy/ptII/lib/jna-4.0.0-variadic.jar:/home/travis/build/icyphy/ptII/vendors/misc/joystick/Joystick.jar:/home/travis/build/icyphy/ptII/lib/ptjacl.jar:/home/travis/build/icyphy/ptII/lib/jsoup-1.14.2.jar:/home/travis/build/icyphy/ptII/lib/junit-4.8.2.jar:/home/travis/build/icyphy/ptII/lib/JUnitParams-0.4.0.jar:/home/travis/build/icyphy/ptII/ptolemy/actor/lib/excel/jxl.jar:/home/travis/build/icyphy/ptII/lib/jython.jar:/home/travis/build/icyphy/ptII/lib/kieler.jar:/home/travis/build/icyphy/ptII/vendors/opencv/share/OpenCV/java/opencv-341.jar:/home/travis/build/icyphy/ptII/lib/oscP5.jar:/home/travis/build/icyphy/ptII/lib/nrjavaserial-3.11.0.devel.jar:/home/travis/build/icyphy/ptII/vendors/j3d/lib/Linux/j3dcore.jar:/home/travis/build/icyphy/ptII/vendors/j3d/lib/Linux/j3dutils.jar:/home/travis/build/icyphy/ptII/vendors/j3d/lib/Linux/vecmath.jar:/home/travis/build/icyphy/ptII/vendors/jogl/lib/Linux/gluegen-rt-natives-linux-amd64.jar:/home/travis/build/icyphy/ptII/vendors/jogl/lib/Linux/gluegen-rt.jar:/home/travis/build/icyphy/ptII/vendors/jogl/lib/Linux/jogl-all-natives-linux-amd64.jar:/home/travis/build/icyphy/ptII/vendors/jogl/lib/Linux/jogl-all.jar:/home/travis/build/icyphy/ptII/ptolemy/distributed/jini/jar/jini-core.jar:/home/travis/build/icyphy/ptII/ptolemy/distributed/jini/jar/jini-ext.jar:/home/travis/build/icyphy/ptII/ptolemy/distributed/jini/jar/sun-util.jar:/home/travis/build/icyphy/ptII/lib/protobuf-java-2.4.1.jar:/home/travis/build/icyphy/ptII/lib/org.eclipse.paho.client.mqttv3.jar:/home/travis/build/icyphy/ptII/lib/mapss.jar:/home/travis/build/icyphy/ptII/ptolemy/actor/ptalon/antlr/antlr.jar:/home/travis/build/icyphy/ptII/lib/JRI.jar:/home/travis/build/icyphy/ptII/lib/commons-lang-2.6.jar:/home/travis/build/icyphy/ptII/lib/commons-logging-1.1.1.jar:/home/travis/build/icyphy/ptII/lib/sootclasses.jar:/home/travis/build/icyphy/ptII/ptolemy/actor/lib/database/mysql-connector-java-8.0.26.jar:/home/travis/build/icyphy/ptII/vendors/misc/sphinx4/sphinx4-data-5prealpha.jar:/home/travis/build/icyphy/ptII/vendors/misc/sphinx4/sphinx4-core-5prealpha.jar:/home/travis/build/icyphy/ptII/lib/PDFRenderer.jar:/home/travis/build/icyphy/ptII/lib/svgSalamander.jar:/home/travis/build/icyphy/ptII/lib/rsyntaxtextarea-2.6.0-SNAPSHOT.jar:/home/travis/build/icyphy/ptII/lib/hazelcast-3.8.2.jar:/home/travis/build/icyphy/ptII/lib/jackson-annotations-2.9.0.jar:/home/travis/build/icyphy/ptII/lib/jackson-core-2.9.3.jar:/home/travis/build/icyphy/ptII/lib/jackson-databind-2.9.3.jar:/home/travis/build/icyphy/ptII/lib/netty-buffer-4.1.19.Final.jar:/home/travis/build/icyphy/ptII/lib/netty-codec-4.1.19.Final.jar:/home/travis/build/icyphy/ptII/lib/netty-codec-dns-4.1.19.Final.jar:/home/travis/build/icyphy/ptII/lib/netty-codec-http-4.1.19.Final.jar:/home/travis/build/icyphy/ptII/lib/netty-codec-http2-4.1.19.Final.jar:/home/travis/build/icyphy/ptII/lib/netty-common-4.1.19.Final.jar:/home/travis/build/icyphy/ptII/lib/netty-handler-4.1.19.Final.jar:/home/travis/build/icyphy/ptII/lib/netty-resolver-4.1.19.Final.jar:/home/travis/build/icyphy/ptII/lib/netty-resolver-dns-4.1.19.Final.jar:/home/travis/build/icyphy/ptII/lib/netty-transport-4.1.19.Final.jar:/home/travis/build/icyphy/ptII/lib/vertx-codegen-3.5.1.jar:/home/travis/build/icyphy/ptII/lib/vertx-core-3.5.2-SNAPSHOT.jar:/home/travis/build/icyphy/ptII/lib/vertx-hazelcast-3.5.1.jar:/home/travis/build/icyphy/ptII/lib/vertx-lang-js-3.5.1.jar:/home/travis/build/icyphy/ptII/lib/vertx-service-proxy-3.5.1.jar:/home/travis/build/icyphy/ptII/lib/vertx-web-3.5.1.jar:/home/travis/build/icyphy/ptII/lib/slf4j-api-1.7.13.jar:/home/travis/build/icyphy/ptII/lib/slf4j-simple-1.7.13.jar:/home/travis/build/icyphy/ptII/lib/webcam-capture-0.3.12.jar:/home/travis/build/icyphy/ptII/lib/bridj-0.7.0.jar:/home/travis/build/icyphy/ptII/lib/xbjlib-1.1.0.nrjavaserial.jar" />
    <property name="timeout" value="2400000" />
    <property name="test.batch" value="**/junit/*.java" />
    <property name="env._" value="/usr/bin/timeout" />
    <property name="java.io.tmpdir" value="/tmp" />
    <property name="user.language" value="en" />
    <property name="env.TRAVIS_INTERNAL_RUBY_REGEX" value="^ruby-(2\.[0-4]\.[0-9]|1\.9\.3)" />
    <property name="env.HISTCONTROL" value="ignoredups:ignorespace" />
    <property name="env.GOROOT" value="/home/travis/.gimme/versions/go1.11.1.linux.amd64" />
    <property name="line.separator" value="&#xa;" />
    <property name="target" value="11" />
    <property name="env.TRAVIS_BUILD_DIR" value="/home/travis/build/icyphy/ptII" />
    <property name="env.ANT_OPTS" value="-Xmx2048m" />
    <property name="ant.file.type" value="file" />
    <property name="ptolemy.ptII.batchMode" value="true" />
    <property name="env.HISTSIZE" value="1000" />
    <property name="env.MERB_ENV" value="test" />
    <property name="java.vm.info" value="mixed mode" />
    <property name="source" value="11" />
    <property name="java.vm.specification.name" value="Java Virtual Machine Specification" />
    <property name="env.TRAVIS_TEST_RESULT" value="0" />
    <property name="jsdoc.command" value="node_modules/@terraswarm/jsdoc/jsdoc.js" />
    <property name="npm.works" value="true" />
    <property name="cobertura.dir" value="/home/travis/build/icyphy/ptII/vendors/cobertura-2.0.3" />
    <property name="env.rvm_path" value="/home/travis/.rvm" />
    <property name="env.GEM_PATH" value="/home/travis/.rvm/gems/ruby-2.5.3:/home/travis/.rvm/gems/ruby-2.5.3@global" />
    <property name="env.LC_CTYPE" value="en_US.UTF-8" />
    <property name="env.TRAVIS_CMD" value="$PTII/bin/ptIITravisBuild.sh $SECONDS" />
    <property name="java.awt.printerjob" value="sun.print.PSPrinterJob" />
    <property name="env.TRAVIS_STACK_NAME" value="sardonyx" />
    <property name="env.TRAVIS_TIMER_START_TIME" value="1652298632435206458" />
    <property name="ant.version" value="Apache Ant(TM) version 1.10.1 compiled on February 2 2017" />
    <property name="ptII.reports" value="/home/travis/build/icyphy/ptII/reports" />
    <property name="env.TRAVIS_STACK_TIMESTAMP" value="2022-03-21 11:29:05 UTC" />
    <property name="ant.file.type.ptII" value="file" />
    <property name="env.RBENV_SHELL" value="bash" />
    <property name="os.name" value="Linux" />
    <property name="java.specification.vendor" value="Oracle Corporation" />
    <property name="env.rvm_version" value="1.29.12 (latest)" />
    <property name="env.TRAVIS_INFRA" value="unknown" />
    <property name="env.TERM" value="xterm" />
    <property name="java.vm.name" value="OpenJDK 64-Bit Server VM" />
    <property name="env.TRAVIS_BUILD_NUMBER" value="1860" />
    <property name="env.CI" value="true" />
    <property name="java.library.path" value="/home/travis/pthla/certi-tools/lib:/usr/lib/jni:/usr/local/share/OpenCV/java/:/usr/share/OpenCV/java::/usr/java/packages/lib:/usr/lib64:/lib64:/lib:/usr/lib" />
    <property name="jdk.module.path" value="/home/travis/build/icyphy/ptII/vendors/javafx/javafx-sdk-11.0.2/lib:" />
    <property name="env.rvm_prefix" value="/home/travis" />
    <property name="env.PATH" value="/home/travis/pthla/certi-tools/share/scripts:/home/travis/.rvm/gems/ruby-2.5.3/bin:/home/travis/.rvm/gems/ruby-2.5.3@global/bin:/home/travis/.rvm/rubies/ruby-2.5.3/bin:/home/travis/.rvm/bin:./node_modules/.bin:/home/travis/build/icyphy/ptII/bin:/home/travis/pthla/certi-tools/bin:/home/travis/bin:/home/travis/.local/bin:/usr/local/lib/jvm/openjdk11/bin:/opt/pyenv/shims:/home/travis/.phpenv/shims:/home/travis/perl5/perlbrew/bin:/home/travis/.nvm/versions/node/v7.10.1/bin:/home/travis/gopath/bin:/home/travis/.gimme/versions/go1.11.1.linux.amd64/bin:/usr/local/maven-3.6.3/bin:/usr/local/cmake-3.12.4/bin:/usr/local/clang-7.0.0/bin:/usr/local/sbin:/usr/local/bin:/usr/sbin:/usr/bin:/sbin:/bin:/snap/bin:/home/travis/.phpenv/bin:/opt/pyenv/bin:/home/travis/.yarn/bin" />
    <property name="env.TRAVIS_OS_NAME" value="linux" />
    <property name="ant.java.version" value="9" />
    <property name="basedir" value="/home/travis/build/icyphy/ptII" />
    <property name="java.class.version" value="55.0" />
    <property name="env.SHLVL" value="3" />
    <property name="env.LD_LIBRARY_PATH" value="/home/travis/pthla/certi-tools/lib:/usr/lib/jni:/usr/local/share/OpenCV/java/:/usr/share/OpenCV/java:" />
    <property name="env.RACK_ENV" value="test" />
    <property name="ant.home" value="/home/travis/build/icyphy/ptII/ant" />
    <property name="env.NVM_DIR" value="/home/travis/.nvm" />
    <property name="env.CERTI_FOM_PATH" value="/home/travis/pthla/certi-tools/share/federations" />
    <property name="env.TRAVIS_BUILD_ID" value="250534553" />
    <property name="env.PYENV_ROOT" value="/opt/pyenv" />
    <property name="env.TRAVIS_UID" value="2000" />
    <property name="prism.verbose" value="true" />
    <property name="env.NVM_BIN" value="/home/travis/.nvm/versions/node/v7.10.1/bin" />
    <property name="env.TRAVIS_COMMIT" value="9dcac6a5b6ad53d4f13b7d3c598835ad8186d905" />
    <property name="node.executable" value="node" />
    <property name="sun.boot.library.path" value="/usr/local/lib/jvm/openjdk11/lib" />
    <property name="sun.management.compiler" value="HotSpot 64-Bit Tiered Compilers" />
    <property name="java.awt.graphicsenv" value="sun.awt.X11GraphicsEnvironment" />
    <property name="env.GOPATH" value="/home/travis/gopath" />
    <property name="ptolemy.ptII.dir" value="/home/travis/build/icyphy/ptII" />
    <property name="env.USER" value="travis" />
    <property name="env.HISTFILESIZE" value="2000" />
    <property name="env.NVM_INC" value="/home/travis/.nvm/versions/node/v7.10.1/include/node" />
    <property name="timeout.longest" value="19000000" />
    <property name="env.PERLBREW_SHELLRC_VERSION" value="0.94" />
    <property name="env.TRAVIS_STACK_FEATURES" value="basic couchdb disabled-ipv6 docker docker-compose elasticsearch firefox go-toolchain google-chrome jdk memcached mongodb mysql nodejs_interpreter perl_interpreter perlbrew phantomjs postgresql python_interpreter redis ruby_interpreter sqlite xserver" />
    <property name="env.TRAVIS_PULL_REQUEST" value="false" />
    <property name="env.PYENV_SHELL" value="bash" />
    <property name="ant.project.name" value="ptII" />
    <property name="env.ANSI_RESET" value="\033[0m" />
    <property name="java.vm.specification.version" value="11" />
    <property name="env.TRAVIS_DIST" value="xenial" />
    <property name="env.CERTI_VERSION" value="4.0.0" />
    <property name="env.CERTI_HOST" value="localhost" />
    <property name="awt.toolkit" value="sun.awt.X11.XToolkit" />
    <property name="env.MY_RUBY_HOME" value="/home/travis/.rvm/rubies/ruby-2.5.3" />
    <property name="sun.cpu.isalist" value="" />
    <property name="env.TRAVIS_TMPDIR" value="/tmp/tmp.xjgviALEgg" />
    <property name="java.vm.compressedOopsMode" value="Zero based" />
    <property name="os.version" value="4.15.0-1098-gcp" />
    <property name="user.home" value="/home/travis" />
    <property name="java.vm.vendor" value="Oracle Corporation" />
    <property name="env.TRAVIS_TAG" value="nightly" />
    <property name="env.ANSI_YELLOW" value="\033[33;1m" />
    <property name="env.TRAVIS_FILTERED" value="redirect_io" />
    <property name="env.ANSI_GREEN" value="\033[32;1m" />
    <property name="env.JAVA_HOME" value="/usr/local/lib/jvm/openjdk11" />
    <property name="javadoc.excludepackagenames" value="adm.cvs2svn.*,build.*,config.*,doc.coding.templates.*,jni.test.jni.meaningOfLife.*,jni.test.jni.testDeux.*,jni.test.jni.testTrois.*,org.terraswarm.accessor.accessors.web.node_modules.*,org.terraswarm.accessor.accessors.web.hosts.cordova.demo.*,org.terraswarm.accessor.accessors.web.hosts.cordova.plugins.*,org.terraswarm.accessor.accessors-svn.*,pt-modules.*,ptolemy.apps.agilent.*,ptolemy.apps.anytimecontrol.*,ptolemy.apps.apes.*,ptolemy.apps.charon.*,ptolemy.apps.crazyboard.*,ptolemy.apps.eclipse.*,ptolemy.apps.etherealSting.*,ptolemy.apps.fullscreen.*,ptolemy.apps.giotto.*,ptolemy.apps.ia.*,ptolemy.apps.interfaces.*,ptolemy.apps.jmf.*,ptolemy.apps.kurt.*,ptolemy.apps.kvm.*,ptolemy.apps.lego.*,ptolemy.apps.lejos.*,ptolemy.apps.midp.*,ptolemy.apps.mobileCoding.*,ptolemy.apps.pendulum.*,ptolemy.apps.rijndael.*,ptolemy.apps.robot.*,ptolemy.apps.security.*,ptolemy.apps.sobel.*,ptolemy.apps.soot.*,ptolemy.apps.throttle.*,ptolemy.apps.tini.*,ptolemy.apps.transmission.*,ptolemy.apps.vergil.*,ptolemy.apps.waba.*,ptolemy.apps.websensor.*,ptolemy.apps.webstart.*,ptolemy.apps.xsl.*,ptolemy.apps.zaurus.*,ptolemy.codegen.c.actor.lib.oldJavaFiles.*,ptolemy.codegen.dsp.lib.*,ptolemy.codegen.kernel.newInterfaces.*,ptolemy.codegen.lib.*,ptolemy.copernicus.kernel.fragment.*,ptolemy.copernicus.shallow.cg.*,ptolemy.domains.giotto.demo.Hierarchy.Hierarchy.*,ptolemy.domains.giotto.demo.Multimode.Multimode.*,ptolemy.domains.giotto.demo.Simple.Simple.*,ptolemy.domains.gr.lib.experimental.*,ptolemy.domains.gro.*,ptolemy.domains.pdf.*,ptolemy.domains.ptinyos.demo.Surge.output.*,ptolemy.moml.test.NoPackageActor.java*,ptolemy.plot.adm.*,ptolemy.plot.servlet.*,reports.*,signed.*,src.*,target.*,vendors.*,ptolemy.copernicus.applet.*,ptolemy.media.viewer.*,ptolemy.actor.corba.*,doc.doclets.*,ptolemy.apps.eclipse.awt.*,ptolemy.backtrack.*,ptolemy.backtrack.ast.*,ptolemy.cg.adapter.generic.program.procedural.c.mbed*,ptolemy.homer.*,ptolemy.actor.lib.jai.*,org.ptolemy.scala.*,diva.util.java2d.svg.*,ptolemy.domains.ptinyos.*,ptolemy.actor.lib.fmi.fmipp.*,,org.terraswarm.accessor.accessors.web.node_modules.*,org.terraswarm.accessor.accessors-svn,ptolemy.apps.*,ptolemy.actor.ptalon.demo.ptinyos.SendAndReceiveCnt.output,ptolemy.actor.ptalon.demo.ptinyos.SenseToLeds.output,ptolemy.domains.ptinyos.demo.CntToLedsAndRfm.output,ptolemy.domains.ptinyos.demo.RfmToLeds.output,ptolemy.domains.ptinyos.demo.SendAndReceiveCnt.output,ptolemy.domains.ptinyos.demo.SenseToLeds.output,ptolemy.actor.lib.jjs.modules.udpSocket.*" />
    <property name="env.PTII" value="/home/travis/build/icyphy/ptII" />
    <property name="env.XDG_SESSION_ID" value="2" />
    <property name="keystore" value="ptKeystore" />
    <property name="env.TRAVIS_COMMIT_MESSAGE" value="Use sudo when trying to remove directories.&#xa;&#xa;This could cause problems when run under Darwin and ant." />
    <property name="junit.output.dir" value="/home/travis/build/icyphy/ptII/reports/junit" />
    <property name="npm.return.code" value="0" />
    <property name="user.dir" value="/home/travis/build/icyphy/ptII/ptolemy/domains/de/test" />
    <property name="env.TRAVIS_NODE_VERSION" value="7" />
    <property name="env.TRAVIS_EVENT_TYPE" value="api" />
    <property name="env.MAIL" value="/var/mail/travis" />
    <property name="env.PERLBREW_ROOT" value="/home/travis/perl5/perlbrew" />
    <property name="env.PWD" value="/home/travis/build/icyphy/ptII" />
    <property name="timeout.npm" value="45000" />
    <property name="env.PT_TRAVIS_TEST_CORE2_XML" value="true" />
    <property name="env.TRAVIS_ARCH" value="amd64" />
    <property name="sun.cpu.endian" value="little" />
    <property name="env.PAGER" value="cat" />
    <property name="env.TRAVIS_BUILD_STAGE_NAME" value="test" />
    <property name="env.PERLBREW_HOME" value="/home/travis/.perlbrew" />
    <property name="java.vm.version" value="11.0.2+9" />
    <property name="env.RAILS_ENV" value="test" />
    <property name="java.class.path" value="/home/travis/build/icyphy/ptII:/home/travis/build/icyphy/ptII/lib/asm-all-5.2.jar:/home/travis/build/icyphy/ptII/lib/nashorn-core-15.3.jar:/home/travis/build/icyphy/ptII/lib/bsh-2.0b4.jar:/home/travis/build/icyphy/ptII/lib/ptCal.jar:/home/travis/build/icyphy/ptII/lib/java_cup.jar:/home/travis/build/icyphy/ptII/lib/saxon8.jar:/home/travis/build/icyphy/ptII/lib/saxon8-dom.jar:/home/travis/build/icyphy/ptII/lib/chic.jar:/home/travis/build/icyphy/ptII/lib/ptcolt.jar:/home/travis/build/icyphy/ptII/vendors/misc/itext/iText.jar:/home/travis/build/icyphy/ptII/lib/g4ltl.jar:/home/travis/build/icyphy/ptII/lib/StructuralCoder.jar:/home/travis/build/icyphy/ptII/lib/jcerti.jar:/home/travis/build/icyphy/ptII/lib/javax.mail.jar:/home/travis/build/icyphy/ptII/vendors/JMF-2.1.1e/lib/jmf.jar:/home/travis/build/icyphy/ptII/lib/jna-4.0.0-variadic.jar:/home/travis/build/icyphy/ptII/vendors/misc/joystick/Joystick.jar:/home/travis/build/icyphy/ptII/lib/ptjacl.jar:/home/travis/build/icyphy/ptII/lib/jsoup-1.14.2.jar:/home/travis/build/icyphy/ptII/lib/junit-4.8.2.jar:/home/travis/build/icyphy/ptII/lib/JUnitParams-0.4.0.jar:/home/travis/build/icyphy/ptII/ptolemy/actor/lib/excel/jxl.jar:/home/travis/build/icyphy/ptII/lib/jython.jar:/home/travis/build/icyphy/ptII/lib/kieler.jar:/home/travis/build/icyphy/ptII/vendors/opencv/share/OpenCV/java/opencv-341.jar:/home/travis/build/icyphy/ptII/lib/oscP5.jar:/home/travis/build/icyphy/ptII/lib/nrjavaserial-3.11.0.devel.jar:/home/travis/build/icyphy/ptII/vendors/j3d/lib/Linux/j3dcore.jar:/home/travis/build/icyphy/ptII/vendors/j3d/lib/Linux/j3dutils.jar:/home/travis/build/icyphy/ptII/vendors/j3d/lib/Linux/vecmath.jar:/home/travis/build/icyphy/ptII/vendors/jogl/lib/Linux/gluegen-rt-natives-linux-amd64.jar:/home/travis/build/icyphy/ptII/vendors/jogl/lib/Linux/gluegen-rt.jar:/home/travis/build/icyphy/ptII/vendors/jogl/lib/Linux/jogl-all-natives-linux-amd64.jar:/home/travis/build/icyphy/ptII/vendors/jogl/lib/Linux/jogl-all.jar:/home/travis/build/icyphy/ptII/ptolemy/distributed/jini/jar/jini-core.jar:/home/travis/build/icyphy/ptII/ptolemy/distributed/jini/jar/jini-ext.jar:/home/travis/build/icyphy/ptII/ptolemy/distributed/jini/jar/sun-util.jar:/home/travis/build/icyphy/ptII/lib/protobuf-java-2.4.1.jar:/home/travis/build/icyphy/ptII/lib/org.eclipse.paho.client.mqttv3.jar:/home/travis/build/icyphy/ptII/lib/mapss.jar:/home/travis/build/icyphy/ptII/ptolemy/actor/ptalon/antlr/antlr.jar:/home/travis/build/icyphy/ptII/lib/JRI.jar:/home/travis/build/icyphy/ptII/lib/commons-lang-2.6.jar:/home/travis/build/icyphy/ptII/lib/commons-logging-1.1.1.jar:/home/travis/build/icyphy/ptII/lib/sootclasses.jar:/home/travis/build/icyphy/ptII/ptolemy/actor/lib/database/mysql-connector-java-8.0.26.jar:/home/travis/build/icyphy/ptII/vendors/misc/sphinx4/sphinx4-data-5prealpha.jar:/home/travis/build/icyphy/ptII/vendors/misc/sphinx4/sphinx4-core-5prealpha.jar:/home/travis/build/icyphy/ptII/lib/PDFRenderer.jar:/home/travis/build/icyphy/ptII/lib/svgSalamander.jar:/home/travis/build/icyphy/ptII/lib/rsyntaxtextarea-2.6.0-SNAPSHOT.jar:/home/travis/build/icyphy/ptII/lib/hazelcast-3.8.2.jar:/home/travis/build/icyphy/ptII/lib/jackson-annotations-2.9.0.jar:/home/travis/build/icyphy/ptII/lib/jackson-core-2.9.3.jar:/home/travis/build/icyphy/ptII/lib/jackson-databind-2.9.3.jar:/home/travis/build/icyphy/ptII/lib/netty-buffer-4.1.19.Final.jar:/home/travis/build/icyphy/ptII/lib/netty-codec-4.1.19.Final.jar:/home/travis/build/icyphy/ptII/lib/netty-codec-dns-4.1.19.Final.jar:/home/travis/build/icyphy/ptII/lib/netty-codec-http-4.1.19.Final.jar:/home/travis/build/icyphy/ptII/lib/netty-codec-http2-4.1.19.Final.jar:/home/travis/build/icyphy/ptII/lib/netty-common-4.1.19.Final.jar:/home/travis/build/icyphy/ptII/lib/netty-handler-4.1.19.Final.jar:/home/travis/build/icyphy/ptII/lib/netty-resolver-4.1.19.Final.jar:/home/travis/build/icyphy/ptII/lib/netty-resolver-dns-4.1.19.Final.jar:/home/travis/build/icyphy/ptII/lib/netty-transport-4.1.19.Final.jar:/home/travis/build/icyphy/ptII/lib/vertx-codegen-3.5.1.jar:/home/travis/build/icyphy/ptII/lib/vertx-core-3.5.2-SNAPSHOT.jar:/home/travis/build/icyphy/ptII/lib/vertx-hazelcast-3.5.1.jar:/home/travis/build/icyphy/ptII/lib/vertx-lang-js-3.5.1.jar:/home/travis/build/icyphy/ptII/lib/vertx-service-proxy-3.5.1.jar:/home/travis/build/icyphy/ptII/lib/vertx-web-3.5.1.jar:/home/travis/build/icyphy/ptII/lib/slf4j-api-1.7.13.jar:/home/travis/build/icyphy/ptII/lib/slf4j-simple-1.7.13.jar:/home/travis/build/icyphy/ptII/lib/webcam-capture-0.3.12.jar:/home/travis/build/icyphy/ptII/lib/bridj-0.7.0.jar:/home/travis/build/icyphy/ptII/lib/xbjlib-1.1.0.nrjavaserial.jar:/home/travis/build/icyphy/ptII/ptolemy/moml/test:/home/travis/build/icyphy/ptII/ant/lib/ant-launcher.jar:/home/travis/build/icyphy/ptII/ant/lib/ant.jar:/home/travis/build/icyphy/ptII/ant/lib/ant-junit.jar:/home/travis/build/icyphy/ptII/ant/lib/ant-junit4.jar" />
    <property name="ant.library.dir" value="/home/travis/build/icyphy/ptII/ant/lib" />
    <property name="os.arch" value="amd64" />
    <property name="env.CONTINUOUS_INTEGRATION" value="true" />
    <property name="env.TRAVIS_LANGUAGE" value="node_js" />
    <property name="env.TRAVIS_STACK_LANGUAGES" value="__sardonyx__ c c++ clojure cplusplus cpp default generic go groovy java node_js php pure_java python ruby scala" />
    <property name="test.name" value="ptolemy.actor.lib.test.junit.JUnitTclTest" />
    <property name="env.APT_KEY_DONT_WARN_ON_DANGEROUS_USAGE" value="1" />
    <property name="sun.java.launcher" value="SUN_STANDARD" />
    <property name="env.PYTHON_CONFIGURE_OPTS" value="--enable-unicode=ucs4 --with-wide-unicode --enable-shared --enable-ipv6 --enable-loadable-sqlite-extensions --with-computed-gotos" />
    <property name="ant.core.lib" value="/home/travis/build/icyphy/ptII/ant/lib/ant.jar" />
    <property name="java.vm.specification.vendor" value="Oracle Corporation" />
    <property name="env.BCVTB_HOME" value="/home/travis/build/icyphy/ptII/lbnl" />
    <property name="file.separator" value="/" />
    <property name="spotbugs.home" value="/home/travis/build/icyphy/ptII/vendors/spotbugs-3.1.1" />
    <property name="java.runtime.version" value="11.0.2+9" />
    <property name="javafx.verbose" value="true" />
    <property name="env.ANSI_CLEAR" value="\033[0K" />
    <property name="env.HAS_JOSH_K_SEAL_OF_APPROVAL" value="true" />
    <property name="env.XDG_RUNTIME_DIR" value="/run/user/2000" />
    <property name="env.TRAVIS_OSX_IMAGE" value="" />
    <property name="env.TRAVIS_JOB_ID" value="569911864" />
    <property name="env.TRAVIS_BRANCH" value="master" />
    <property name="user.country" value="US" />
    <property name="env.CERTI_HOME_TRAVIS" value="/home/travis/pthla/certi-tools" />
    <property name="env.SHELL" value="/bin/bash" />
    <property name="java.maxmemory.large" value="3200m" />
    <property name="model" value="" />
    <property name="env.CASHER_DIR" value="/home/travis/.casher" />
    <property name="env.NVM_CD_FLAGS" value="" />
    <property name="java.vendor.version" value="18.9" />
    <property name="jshint.executable" value="/home/travis/node_modules/jshint/bin/jshint" />
    <property name="env.JRUBY_OPTS" value=" --client -J-XX:+TieredCompilation -J-XX:TieredStopAtLevel=1 -J-Xss2m -Xcompile.invokedynamic=false" />
    <property name="java.vendor" value="Oracle Corporation" />
    <property name="env.TRAVIS_PRE_CHEF_BOOTSTRAP_TIME" value="2022-03-21T11:28:53" />
    <property name="env.TRAVIS_STACK_JOB_BOARD_REGISTER" value="/.job-board-register.yml" />
    <property name="env.ANSI_RED" value="\033[31;1m" />
    <property name="java.specification.version" value="11" />
    <property name="env.IRBRC" value="/home/travis/.rvm/rubies/ruby-2.5.3/.irbrc" />
    <property name="env.TRAVIS" value="true" />
    <property name="sun.arch.data.model" value="64" />
  </properties>
  <testcase classname="ptolemy.util.test.junit.TclTests" name="[0] /home/travis/build/icyphy/ptII/ptolemy/domains/de/test/DependencyLoop.tcl (RunTclFile)" time="0.98" />
  <testcase classname="ptolemy.util.test.junit.TclTests" name="[1] /home/travis/build/icyphy/ptII/ptolemy/domains/de/test/RunDETestsAsQSS.tcl (RunTclFile)" time="82.548" />
  <testcase classname="ptolemy.util.test.junit.AutoKnownFailedTests" name="[0] /home/travis/build/icyphy/ptII/ptolemy/domains/de/test/auto/knownFailedTests/DESDFClockTest.xml (RunModel)" time="2.037" />
  <testcase classname="ptolemy.util.test.junit.AutoKnownFailedTests" name="[1] /home/travis/build/icyphy/ptII/ptolemy/domains/de/test/auto/knownFailedTests/DirectFeedback.xml (RunModel)" time="0.019" />
  <testcase classname="ptolemy.util.test.junit.AutoKnownFailedTests" name="[2] /home/travis/build/icyphy/ptII/ptolemy/domains/de/test/auto/knownFailedTests/FSMSource.xml (RunModel)" time="0.038" />
  <testcase classname="ptolemy.util.test.junit.AutoKnownFailedTests" name="[3] /home/travis/build/icyphy/ptII/ptolemy/domains/de/test/auto/knownFailedTests/HierarchicalModel.xml (RunModel)" time="0.046" />
  <testcase classname="ptolemy.util.test.junit.AutoKnownFailedTests" name="[4] /home/travis/build/icyphy/ptII/ptolemy/domains/de/test/auto/knownFailedTests/dependencyLoop.xml (RunModel)" time="0.039" />
  <testcase classname="ptolemy.util.test.junit.AutoKnownFailedTests" name="[5] /home/travis/build/icyphy/ptII/ptolemy/domains/de/test/auto/knownFailedTests/dependencyLoop2.xml (RunModel)" time="0.046" />
  <testcase classname="ptolemy.util.test.junit.AutoNameArchTests" name="[0] ThereAreNoAutoArchTests (RunModel)" time="0.004" />
  <testcase classname="ptolemy.util.test.junit.AutoTests" name="[0] /home/travis/build/icyphy/ptII/ptolemy/domains/de/test/auto/ActorDepthCalculation_actorWithoutPorts.xml (RunModel)" time="0.014" />
  <testcase classname="ptolemy.util.test.junit.AutoTests" name="[1] /home/travis/build/icyphy/ptII/ptolemy/domains/de/test/auto/AssemblyLine.xml (RunModel)" time="0.026" />
  <testcase classname="ptolemy.util.test.junit.AutoTests" name="[2] /home/travis/build/icyphy/ptII/ptolemy/domains/de/test/auto/CQBug1.xml (RunModel)" time="0.016" />
  <testcase classname="ptolemy.util.test.junit.AutoTests" name="[3] /home/travis/build/icyphy/ptII/ptolemy/domains/de/test/auto/CancelFireAt.xml (RunModel)" time="0.01" />
  <testcase classname="ptolemy.util.test.junit.AutoTests" name="[4] /home/travis/build/icyphy/ptII/ptolemy/domains/de/test/auto/CausalityAndComposabilityAnalysis.xml (RunModel)" time="0.014" />
  <testcase classname="ptolemy.util.test.junit.AutoTests" name="[5] /home/travis/build/icyphy/ptII/ptolemy/domains/de/test/auto/CausalityInterface1.xml (RunModel)" time="0.015" />
  <testcase classname="ptolemy.util.test.junit.AutoTests" name="[6] /home/travis/build/icyphy/ptII/ptolemy/domains/de/test/auto/CausalityInterface15.xml (RunModel)" time="0.012" />
  <testcase classname="ptolemy.util.test.junit.AutoTests" name="[7] /home/travis/build/icyphy/ptII/ptolemy/domains/de/test/auto/CausalityInterface2.xml (RunModel)" time="0.012" />
  <testcase classname="ptolemy.util.test.junit.AutoTests" name="[8] /home/travis/build/icyphy/ptII/ptolemy/domains/de/test/auto/CausalityInterface3.xml (RunModel)" time="0.018" />
  <testcase classname="ptolemy.util.test.junit.AutoTests" name="[9] /home/travis/build/icyphy/ptII/ptolemy/domains/de/test/auto/ClockDrift.xml (RunModel)" time="0.043" />
  <testcase classname="ptolemy.util.test.junit.AutoTests" name="[10] /home/travis/build/icyphy/ptII/ptolemy/domains/de/test/auto/ClockDriftAndValueChange.xml (RunModel)" time="0.03" />
  <testcase classname="ptolemy.util.test.junit.AutoTests" name="[11] /home/travis/build/icyphy/ptII/ptolemy/domains/de/test/auto/ClockDriftChange.xml (RunModel)" time="0.03" />
  <testcase classname="ptolemy.util.test.junit.AutoTests" name="[12] /home/travis/build/icyphy/ptII/ptolemy/domains/de/test/auto/ComposableCausalityAnalysis.xml (RunModel)" time="0.018" />
  <testcase classname="ptolemy.util.test.junit.AutoTests" name="[13] /home/travis/build/icyphy/ptII/ptolemy/domains/de/test/auto/DEFixedPointLimitation.xml (RunModel)" time="0.009" />
  <testcase classname="ptolemy.util.test.junit.AutoTests" name="[14] /home/travis/build/icyphy/ptII/ptolemy/domains/de/test/auto/DEScheduleTest.xml (RunModel)" time="0.017" />
  <testcase classname="ptolemy.util.test.junit.AutoTests" name="[15] /home/travis/build/icyphy/ptII/ptolemy/domains/de/test/auto/DEinDEwithStartTimes.xml (RunModel)" time="0.017" />
  <testcase classname="ptolemy.util.test.junit.AutoTests" name="[16] /home/travis/build/icyphy/ptII/ptolemy/domains/de/test/auto/DEinDEwithStartTimes2.xml (RunModel)" time="0.013" />
  <testcase classname="ptolemy.util.test.junit.AutoTests" name="[17] /home/travis/build/icyphy/ptII/ptolemy/domains/de/test/auto/DateDemo.xml (RunModel)" time="0.032" />
  <testcase classname="ptolemy.util.test.junit.AutoTests" name="[18] /home/travis/build/icyphy/ptII/ptolemy/domains/de/test/auto/DateToEvent.xml (RunModel)" time="2.042" />
  <testcase classname="ptolemy.util.test.junit.AutoTests" name="[19] /home/travis/build/icyphy/ptII/ptolemy/domains/de/test/auto/DepthTest1.xml (RunModel)" time="0.008" />
  <testcase classname="ptolemy.util.test.junit.AutoTests" name="[20] /home/travis/build/icyphy/ptII/ptolemy/domains/de/test/auto/DepthTest2.xml (RunModel)" time="0.018" />
  <testcase classname="ptolemy.util.test.junit.AutoTests" name="[21] /home/travis/build/icyphy/ptII/ptolemy/domains/de/test/auto/DepthTest3.xml (RunModel)" time="0.011" />
  <testcase classname="ptolemy.util.test.junit.AutoTests" name="[22] /home/travis/build/icyphy/ptII/ptolemy/domains/de/test/auto/DepthTest4.xml (RunModel)" time="0.02" />
  <testcase classname="ptolemy.util.test.junit.AutoTests" name="[23] /home/travis/build/icyphy/ptII/ptolemy/domains/de/test/auto/DepthTest5.xml (RunModel)" time="0.018" />
  <testcase classname="ptolemy.util.test.junit.AutoTests" name="[24] /home/travis/build/icyphy/ptII/ptolemy/domains/de/test/auto/DepthTest6.xml (RunModel)" time="0.013" />
  <testcase classname="ptolemy.util.test.junit.AutoTests" name="[25] /home/travis/build/icyphy/ptII/ptolemy/domains/de/test/auto/DepthTest7.xml (RunModel)" time="0.038" />
  <testcase classname="ptolemy.util.test.junit.AutoTests" name="[26] /home/travis/build/icyphy/ptII/ptolemy/domains/de/test/auto/EventToDate.xml (RunModel)" time="3.036" />
  <testcase classname="ptolemy.util.test.junit.AutoTests" name="[27] /home/travis/build/icyphy/ptII/ptolemy/domains/de/test/auto/FSM1.xml (RunModel)" time="0.032" />
  <testcase classname="ptolemy.util.test.junit.AutoTests" name="[28] /home/travis/build/icyphy/ptII/ptolemy/domains/de/test/auto/FSM7.xml (RunModel)" time="0.034" />
  <testcase classname="ptolemy.util.test.junit.AutoTests" name="[29] /home/travis/build/icyphy/ptII/ptolemy/domains/de/test/auto/Inspection.xml (RunModel)" time="0.044" />
  <testcase classname="ptolemy.util.test.junit.AutoTests" name="[30] /home/travis/build/icyphy/ptII/ptolemy/domains/de/test/auto/Iteration.xml (RunModel)" time="0.05" />
  <testcase classname="ptolemy.util.test.junit.AutoTests" name="[31] /home/travis/build/icyphy/ptII/ptolemy/domains/de/test/auto/LineFault.xml (RunModel)" time="0.585" />
  <testcase classname="ptolemy.util.test.junit.AutoTests" name="[32] /home/travis/build/icyphy/ptII/ptolemy/domains/de/test/auto/MergeModel1Add.xml (RunModel)" time="0.037" />
  <testcase classname="ptolemy.util.test.junit.AutoTests" name="[33] /home/travis/build/icyphy/ptII/ptolemy/domains/de/test/auto/MergeModel2Add.xml (RunModel)" time="0.04" />
  <testcase classname="ptolemy.util.test.junit.AutoTests" name="[34] /home/travis/build/icyphy/ptII/ptolemy/domains/de/test/auto/MergeModel3Add.xml (RunModel)" time="0.039" />
  <testcase classname="ptolemy.util.test.junit.AutoTests" name="[35] /home/travis/build/icyphy/ptII/ptolemy/domains/de/test/auto/MergeWithoutDiscard.xml (RunModel)" time="0.009" />
  <testcase classname="ptolemy.util.test.junit.AutoTests" name="[36] /home/travis/build/icyphy/ptII/ptolemy/domains/de/test/auto/Modal1.xml (RunModel)" time="0.023" />
  <testcase classname="ptolemy.util.test.junit.AutoTests" name="[37] /home/travis/build/icyphy/ptII/ptolemy/domains/de/test/auto/Modal2.xml (RunModel)" time="0.029" />
  <testcase classname="ptolemy.util.test.junit.AutoTests" name="[38] /home/travis/build/icyphy/ptII/ptolemy/domains/de/test/auto/Modal3.xml (RunModel)" time="0.027" />
  <testcase classname="ptolemy.util.test.junit.AutoTests" name="[39] /home/travis/build/icyphy/ptII/ptolemy/domains/de/test/auto/Modal4.xml (RunModel)" time="0.025" />
  <testcase classname="ptolemy.util.test.junit.AutoTests" name="[40] /home/travis/build/icyphy/ptII/ptolemy/domains/de/test/auto/Modal5.xml (RunModel)" time="0.03" />
  <testcase classname="ptolemy.util.test.junit.AutoTests" name="[41] /home/travis/build/icyphy/ptII/ptolemy/domains/de/test/auto/Modal6.xml (RunModel)" time="0.028" />
  <testcase classname="ptolemy.util.test.junit.AutoTests" name="[42] /home/travis/build/icyphy/ptII/ptolemy/domains/de/test/auto/Modal7.xml (RunModel)" time="0.033" />
  <testcase classname="ptolemy.util.test.junit.AutoTests" name="[43] /home/travis/build/icyphy/ptII/ptolemy/domains/de/test/auto/ModalModel.xml (RunModel)" time="0.159" />
  <testcase classname="ptolemy.util.test.junit.AutoTests" name="[44] /home/travis/build/icyphy/ptII/ptolemy/domains/de/test/auto/ModalSource.xml (RunModel)" time="0.023" />
  <testcase classname="ptolemy.util.test.junit.AutoTests" name="[45] /home/travis/build/icyphy/ptII/ptolemy/domains/de/test/auto/NonInterruptibleTimerZeroDelay.xml (RunModel)" time="0.008" />
  <testcase classname="ptolemy.util.test.junit.AutoTests" name="[46] /home/travis/build/icyphy/ptII/ptolemy/domains/de/test/auto/OpenQueueingNetwork.xml (RunModel)" time="2.439" />
  <testcase classname="ptolemy.util.test.junit.AutoTests" name="[47] /home/travis/build/icyphy/ptII/ptolemy/domains/de/test/auto/OpenQueuingNetwork.xml (RunModel)" time="0.26" />
  <testcase classname="ptolemy.util.test.junit.AutoTests" name="[48] /home/travis/build/icyphy/ptII/ptolemy/domains/de/test/auto/PeriodicSampler.xml (RunModel)" time="0.008" />
  <testcase classname="ptolemy.util.test.junit.AutoTests" name="[49] /home/travis/build/icyphy/ptII/ptolemy/domains/de/test/auto/PersistentIO.xml (RunModel)" time="0.036" />
  <testcase classname="ptolemy.util.test.junit.AutoTests" name="[50] /home/travis/build/icyphy/ptII/ptolemy/domains/de/test/auto/PortParameterResetOnInitialize.xml (RunModel)" time="0.01" />
  <testcase classname="ptolemy.util.test.junit.AutoTests" name="[51] /home/travis/build/icyphy/ptII/ptolemy/domains/de/test/auto/PortParameterUpdates.xml (RunModel)" time="0.014" />
  <testcase classname="ptolemy.util.test.junit.AutoTests" name="[52] /home/travis/build/icyphy/ptII/ptolemy/domains/de/test/auto/QueueAndServer.xml (RunModel)" time="0.017" />
  <testcase classname="ptolemy.util.test.junit.AutoTests" name="[53] /home/travis/build/icyphy/ptII/ptolemy/domains/de/test/auto/Records.xml (RunModel)" time="0.02" />
  <testcase classname="ptolemy.util.test.junit.AutoTests" name="[54] /home/travis/build/icyphy/ptII/ptolemy/domains/de/test/auto/ResetTransitionWithStartTime1.xml (RunModel)" time="0.016" />
  <testcase classname="ptolemy.util.test.junit.AutoTests" name="[55] /home/travis/build/icyphy/ptII/ptolemy/domains/de/test/auto/ResetTransitionWithStartTime2.xml (RunModel)" time="0.016" />
  <testcase classname="ptolemy.util.test.junit.AutoTests" name="[56] /home/travis/build/icyphy/ptII/ptolemy/domains/de/test/auto/ResetTransitionWithStartTime3.xml (RunModel)" time="0.023" />
  <testcase classname="ptolemy.util.test.junit.AutoTests" name="[57] /home/travis/build/icyphy/ptII/ptolemy/domains/de/test/auto/ResetTransitionWithStartTime4.xml (RunModel)" time="0.018" />
  <testcase classname="ptolemy.util.test.junit.AutoTests" name="[58] /home/travis/build/icyphy/ptII/ptolemy/domains/de/test/auto/ResettableTimer1.xml (RunModel)" time="0.009" />
  <testcase classname="ptolemy.util.test.junit.AutoTests" name="[59] /home/travis/build/icyphy/ptII/ptolemy/domains/de/test/auto/ResettableTimer2.xml (RunModel)" time="0.009" />
  <testcase classname="ptolemy.util.test.junit.AutoTests" name="[60] /home/travis/build/icyphy/ptII/ptolemy/domains/de/test/auto/ResettableTimer3.xml (RunModel)" time="0.008" />
  <testcase classname="ptolemy.util.test.junit.AutoTests" name="[61] /home/travis/build/icyphy/ptII/ptolemy/domains/de/test/auto/ResettableTimer4.xml (RunModel)" time="0.007" />
  <testcase classname="ptolemy.util.test.junit.AutoTests" name="[62] /home/travis/build/icyphy/ptII/ptolemy/domains/de/test/auto/ResettableTimer5.xml (RunModel)" time="0.01" />
  <testcase classname="ptolemy.util.test.junit.AutoTests" name="[63] /home/travis/build/icyphy/ptII/ptolemy/domains/de/test/auto/ResettableTimer6.xml (RunModel)" time="0.015" />
  <testcase classname="ptolemy.util.test.junit.AutoTests" name="[64] /home/travis/build/icyphy/ptII/ptolemy/domains/de/test/auto/ServerZeroDelay.xml (RunModel)" time="0.009" />
  <testcase classname="ptolemy.util.test.junit.AutoTests" name="[65] /home/travis/build/icyphy/ptII/ptolemy/domains/de/test/auto/SmartSender.xml (RunModel)" time="3.009" />
  <testcase classname="ptolemy.util.test.junit.AutoTests" name="[66] /home/travis/build/icyphy/ptII/ptolemy/domains/de/test/auto/ThreadedComposite.xml (RunModel)" time="0.127" />
  <testcase classname="ptolemy.util.test.junit.AutoTests" name="[67] /home/travis/build/icyphy/ptII/ptolemy/domains/de/test/auto/Time.xml (RunModel)" time="0.368" />
  <testcase classname="ptolemy.util.test.junit.AutoTests" name="[68] /home/travis/build/icyphy/ptII/ptolemy/domains/de/test/auto/TimeDelayZeroDelay.xml (RunModel)" time="0.011" />
  <testcase classname="ptolemy.util.test.junit.AutoTests" name="[69] /home/travis/build/icyphy/ptII/ptolemy/domains/de/test/auto/TimerZeroDelay.xml (RunModel)" time="0.011" />
  <testcase classname="ptolemy.util.test.junit.AutoTests" name="[70] /home/travis/build/icyphy/ptII/ptolemy/domains/de/test/auto/TimingParadox.xml (RunModel)" time="0.292" />
  <testcase classname="ptolemy.util.test.junit.AutoTests" name="[71] /home/travis/build/icyphy/ptII/ptolemy/domains/de/test/auto/TransferInputs.xml (RunModel)" time="0.027" />
  <testcase classname="ptolemy.util.test.junit.AutoTests" name="[72] /home/travis/build/icyphy/ptII/ptolemy/domains/de/test/auto/TransferOutputs2.xml (RunModel)" time="0.043" />
  <testcase classname="ptolemy.util.test.junit.AutoTests" name="[73] /home/travis/build/icyphy/ptII/ptolemy/domains/de/test/auto/Trilateration.xml (RunModel)" time="11.375" />
  <testcase classname="ptolemy.util.test.junit.AutoTests" name="[74] /home/travis/build/icyphy/ptII/ptolemy/domains/de/test/auto/TwoSigmaDelta.xml (RunModel)" time="1.844" />
  <testcase classname="ptolemy.util.test.junit.AutoTests" name="[75] /home/travis/build/icyphy/ptII/ptolemy/domains/de/test/auto/VariableDelay.xml (RunModel)" time="0.018" />
  <testcase classname="ptolemy.util.test.junit.AutoTests" name="[76] /home/travis/build/icyphy/ptII/ptolemy/domains/de/test/auto/VariableDelay2.xml (RunModel)" time="0.013" />
  <testcase classname="ptolemy.util.test.junit.AutoTests" name="[77] /home/travis/build/icyphy/ptII/ptolemy/domains/de/test/auto/VariableDelayZeroDelay.xml (RunModel)" time="0.01" />
  <testcase classname="ptolemy.util.test.junit.AutoTests" name="[78] /home/travis/build/icyphy/ptII/ptolemy/domains/de/test/auto/VariableDelayZeroDelay2.xml (RunModel)" time="0.029" />
  <testcase classname="ptolemy.util.test.junit.AutoTests" name="[79] /home/travis/build/icyphy/ptII/ptolemy/domains/de/test/auto/deInCt.xml (RunModel)" time="0.016" />
  <testcase classname="ptolemy.util.test.junit.AutoTests" name="[80] /home/travis/build/icyphy/ptII/ptolemy/domains/de/test/auto/deInCt2.xml (RunModel)" time="0.023" />
  <testcase classname="ptolemy.util.test.junit.AutoTests" name="[81] /home/travis/build/icyphy/ptII/ptolemy/domains/de/test/auto/dynamicCausalityInterface1.xml (RunModel)" time="0.019" />
  <testcase classname="ptolemy.util.test.junit.AutoTests" name="[82] /home/travis/build/icyphy/ptII/ptolemy/domains/de/test/auto/fsm_de_test.xml (RunModel)" time="0.021" />
  <testcase classname="ptolemy.util.test.junit.AutoTests" name="[83] /home/travis/build/icyphy/ptII/ptolemy/domains/de/test/auto/functionDependencyReconstruction.xml (RunModel)" time="0.046" />
  <testcase classname="ptolemy.util.test.junit.AutoTests" name="[84] /home/travis/build/icyphy/ptII/ptolemy/domains/de/test/auto/multirate.xml (RunModel)" time="0.031" />
  <testcase classname="ptolemy.util.test.junit.AutoTests" name="[85] /home/travis/build/icyphy/ptII/ptolemy/domains/de/test/auto/multirate2.xml (RunModel)" time="0.017" />
  <testcase classname="ptolemy.util.test.junit.AutoTests" name="[86] /home/travis/build/icyphy/ptII/ptolemy/domains/de/test/auto/realtime.xml (RunModel)" time="10.015" />
  <testcase classname="ptolemy.util.test.junit.AutoTests" name="[87] /home/travis/build/icyphy/ptII/ptolemy/domains/de/test/auto/relationGroup.xml (RunModel)" time="0.007" />
  <testcase classname="ptolemy.util.test.junit.AutoTests" name="[88] /home/travis/build/icyphy/ptII/ptolemy/domains/de/test/auto/relationGroup2.xml (RunModel)" time="0.01" />
  <testcase classname="ptolemy.util.test.junit.AutoTests" name="[89] /home/travis/build/icyphy/ptII/ptolemy/domains/de/test/auto/sortWithOpaquePorts.xml (RunModel)" time="0.012" />
  <testcase classname="ptolemy.util.test.junit.AutoTests" name="[90] /home/travis/build/icyphy/ptII/ptolemy/domains/de/test/auto/transferInputsandOutputs.xml (RunModel)" time="0.013" />
  <testcase classname="ptolemy.util.test.junit.AutoTests" name="[91] /home/travis/build/icyphy/ptII/ptolemy/domains/de/test/auto/triggerType.xml (RunModel)" time="0.007" />
  <system-out><![CDATA[/home/travis/build/icyphy/ptII/ptolemy/domains/de/test/DependencyLoop.tcl
testDefs.tcl: setting time out to 9000 seconds at Wed May 11 19:53:52 UTC 2022
86 ms. Memory: 129024K Free: 77690K (60%)
25 ms. Memory: 129024K Free: 60282K (47%)
/home/travis/build/icyphy/ptII/ptolemy/domains/de/test/RunDETestsAsQSS.tcl
Run the DE tests using ptolemy.domains.qss.test.QSSDirectorTest, which extends QSSDirector and prints a message in the constructors.
------------------ testing $PTII/ptolemy/domains/de/test/auto/knownFailedTests/dependencyLoop2.xml (Known Failure) 
20 ms. Memory: 129024K Free: 57210K (44%)


==== $PTIIhome/travis/build/icyphy/ptII/ptolemy/domains/de/test/../../../../: Auto Automatic test in file $PTII/ptolemy/domains/de/test/auto/knownFailedTests/dependencyLoop2.xml
==== Contents of test case:

	    # FIXME: we should use $relativeFilename here, but it
	    # might have backslashes under Windows, which causes no end
	    # of trouble.
	    createAndExecute $file
	    list {}
	
.... Test generated KNOWN error:
    while executing
ptolemy.kernel.util.IllegalActionException: Found a zero delay loop containing .dependencyLoop2.original
  in .dependencyLoop2 and .dependencyLoop2.original
	at ptolemy.actor.util.CausalityInterfaceForComposites._computeOutputPortDepth(CausalityInterfaceForComposites.java:759)
	at ptolemy.actor.util.CausalityInterfaceForComposites._computeInputDepth(CausalityInterfaceForComposites.java:696)
	at ptolemy.actor.util.CausalityInterfaceForComposites._computeOutputPortDepth(CausalityInterfaceForComposites.java:765)
	at ptolemy.actor.util.CausalityInterfaceForComposites._computeInputDepth(CausalityInterfaceForComposites.java:696)
	at ptolemy.actor.util.CausalityInterfaceForComposites._computeOutputPortDepth(CausalityInterfaceForComposites.java:765)
	at ptolemy.actor.util.CausalityInterfaceForComposites._computeInputDepth(CausalityInterfaceForComposites.java:696)
	at ptolemy.actor.util.CausalityInterfaceForComposites._computeActorDepth(CausalityInterfaceForComposites.java:532)
	at ptolemy.actor.util.CausalityInterfaceForComposites.checkForCycles(CausalityInterfaceForComposites.java:96)
	at ptolemy.domains.de.kernel.DEDirector.preinitialize(DEDirector.java:1338)
	at ptolemy.actor.CompositeActor.preinitialize(CompositeActor.java:1828)
	at ptolemy.actor.Manager.preinitializeAndResolveTypes(Manager.java:1040)
	at ptolemy.actor.Manager.initialize(Manager.java:710)
	at ptolemy.actor.Manager.execute(Manager.java:356)
	at ptolemy.actor.Manager.run(Manager.java:1263)
	at ptolemy.actor.Manager$PtolemyRunThread.run(Manager.java:1933)

    while executing
ptolemy.kernel.util.IllegalActionException: Found a zero delay loop containing .dependencyLoop2.original
  in .dependencyLoop2 and .dependencyLoop2.original
    while executing
"java::new ptolemy.moml.MoMLSimpleApplication $file
"
    (procedure "createAndExecute" line 2)
    invoked from within
"createAndExecute $file"
    ("uplevel" body line 5)
    invoked from within
"uplevel $contents_of_test"
------------------ testing $PTII/ptolemy/domains/de/test/auto/knownFailedTests/dependencyLoop.xml (Known Failure) 
10 ms. Memory: 129024K Free: 54138K (42%)


==== $PTIIhome/travis/build/icyphy/ptII/ptolemy/domains/de/test/../../../../: Auto Automatic test in file $PTII/ptolemy/domains/de/test/auto/knownFailedTests/dependencyLoop.xml
==== Contents of test case:

	    # FIXME: we should use $relativeFilename here, but it
	    # might have backslashes under Windows, which causes no end
	    # of trouble.
	    createAndExecute $file
	    list {}
	
.... Test generated KNOWN error:
    while executing
ptolemy.kernel.util.IllegalActionException: Found a zero delay loop containing .dependencyLoop.original
  in .dependencyLoop and .dependencyLoop.original
	at ptolemy.actor.util.CausalityInterfaceForComposites._computeOutputPortDepth(CausalityInterfaceForComposites.java:759)
	at ptolemy.actor.util.CausalityInterfaceForComposites._computeInputDepth(CausalityInterfaceForComposites.java:696)
	at ptolemy.actor.util.CausalityInterfaceForComposites._computeOutputPortDepth(CausalityInterfaceForComposites.java:765)
	at ptolemy.actor.util.CausalityInterfaceForComposites._computeInputDepth(CausalityInterfaceForComposites.java:696)
	at ptolemy.actor.util.CausalityInterfaceForComposites._computeOutputPortDepth(CausalityInterfaceForComposites.java:765)
	at ptolemy.actor.util.CausalityInterfaceForComposites._computeInputDepth(CausalityInterfaceForComposites.java:696)
	at ptolemy.actor.util.CausalityInterfaceForComposites._computeActorDepth(CausalityInterfaceForComposites.java:532)
	at ptolemy.actor.util.CausalityInterfaceForComposites.checkForCycles(CausalityInterfaceForComposites.java:96)
	at ptolemy.domains.de.kernel.DEDirector.preinitialize(DEDirector.java:1338)
	at ptolemy.actor.CompositeActor.preinitialize(CompositeActor.java:1828)
	at ptolemy.actor.Manager.preinitializeAndResolveTypes(Manager.java:1040)
	at ptolemy.actor.Manager.initialize(Manager.java:710)
	at ptolemy.actor.Manager.execute(Manager.java:356)
	at ptolemy.actor.Manager.run(Manager.java:1263)
	at ptolemy.actor.Manager$PtolemyRunThread.run(Manager.java:1933)

    while executing
ptolemy.kernel.util.IllegalActionException: Found a zero delay loop containing .dependencyLoop.original
  in .dependencyLoop and .dependencyLoop.original
    while executing
"java::new ptolemy.moml.MoMLSimpleApplication $file
"
    (procedure "createAndExecute" line 2)
    invoked from within
"createAndExecute $file"
    ("uplevel" body line 5)
    invoked from within
"uplevel $contents_of_test"
------------------ testing $PTII/ptolemy/domains/de/test/auto/knownFailedTests/DirectFeedback.xml (Known Failure) 
31 ms. Memory: 129024K Free: 49528K (38%)


==== $PTIIhome/travis/build/icyphy/ptII/ptolemy/domains/de/test/../../../../: Auto Automatic test in file $PTII/ptolemy/domains/de/test/auto/knownFailedTests/DirectFeedback.xml
==== Contents of test case:

	    # FIXME: we should use $relativeFilename here, but it
	    # might have backslashes under Windows, which causes no end
	    # of trouble.
	    createAndExecute $file
	    list {}
	
.... Test generated KNOWN error:
    while executing
ptolemy.kernel.util.IllegalActionException: Test fails in iteration 1.
Value was: 1.0. Should have been: 2.0
  in .DirectFeedback.Test
	at ptolemy.actor.lib.Test.fire(Test.java:268)
	at ptolemy.domains.de.kernel.DEDirector._fire(DEDirector.java:1949)
	at ptolemy.domains.de.kernel.DEDirector.fire(DEDirector.java:502)
	at ptolemy.actor.CompositeActor.fire(CompositeActor.java:455)
	at ptolemy.actor.Manager.iterate(Manager.java:851)
	at ptolemy.actor.Manager.execute(Manager.java:369)
	at ptolemy.actor.Manager.run(Manager.java:1263)
	at ptolemy.actor.Manager$PtolemyRunThread.run(Manager.java:1933)

    while executing
ptolemy.kernel.util.IllegalActionException: Test fails in iteration 1.
Value was: 1.0. Should have been: 2.0
  in .DirectFeedback.Test
    while executing
"java::new ptolemy.moml.MoMLSimpleApplication $file
"
    (procedure "createAndExecute" line 2)
    invoked from within
"createAndExecute $file"
    ("uplevel" body line 5)
    invoked from within
"uplevel $contents_of_test"
------------------ testing $PTII/ptolemy/domains/de/test/auto/knownFailedTests/HierarchicalModel.xml (Known Failure) 
7 ms. Memory: 129024K Free: 97795K (76%)


==== $PTIIhome/travis/build/icyphy/ptII/ptolemy/domains/de/test/../../../../: Auto Automatic test in file $PTII/ptolemy/domains/de/test/auto/knownFailedTests/HierarchicalModel.xml
==== Contents of test case:

	    # FIXME: we should use $relativeFilename here, but it
	    # might have backslashes under Windows, which causes no end
	    # of trouble.
	    createAndExecute $file
	    list {}
	
.... Test generated KNOWN error:
    while executing
ptolemy.kernel.util.IllegalActionException: Found a zero delay loop containing .HierarchicalModel.A
  in .HierarchicalModel and .HierarchicalModel.A
	at ptolemy.actor.util.CausalityInterfaceForComposites._computeOutputPortDepth(CausalityInterfaceForComposites.java:759)
	at ptolemy.actor.util.CausalityInterfaceForComposites._computeInputDepth(CausalityInterfaceForComposites.java:696)
	at ptolemy.actor.util.CausalityInterfaceForComposites._computeOutputPortDepth(CausalityInterfaceForComposites.java:765)
	at ptolemy.actor.util.CausalityInterfaceForComposites._computeInputDepth(CausalityInterfaceForComposites.java:696)
	at ptolemy.actor.util.CausalityInterfaceForComposites._computeOutputPortDepth(CausalityInterfaceForComposites.java:765)
	at ptolemy.actor.util.CausalityInterfaceForComposites._computeInputDepth(CausalityInterfaceForComposites.java:696)
	at ptolemy.actor.util.CausalityInterfaceForComposites._computeActorDepth(CausalityInterfaceForComposites.java:532)
	at ptolemy.actor.util.CausalityInterfaceForComposites.checkForCycles(CausalityInterfaceForComposites.java:96)
	at ptolemy.domains.de.kernel.DEDirector.preinitialize(DEDirector.java:1338)
	at ptolemy.actor.CompositeActor.preinitialize(CompositeActor.java:1828)
	at ptolemy.actor.Manager.preinitializeAndResolveTypes(Manager.java:1040)
	at ptolemy.actor.Manager.initialize(Manager.java:710)
	at ptolemy.actor.Manager.execute(Manager.java:356)
	at ptolemy.actor.Manager.run(Manager.java:1263)
	at ptolemy.actor.Manager$PtolemyRunThread.run(Manager.java:1933)

    while executing
ptolemy.kernel.util.IllegalActionException: Found a zero delay loop containing .HierarchicalModel.A
  in .HierarchicalModel and .HierarchicalModel.A
    while executing
"java::new ptolemy.moml.MoMLSimpleApplication $file
"
    (procedure "createAndExecute" line 2)
    invoked from within
"createAndExecute $file"
    ("uplevel" body line 5)
    invoked from within
"uplevel $contents_of_test"
------------------ testing $PTII/ptolemy/domains/de/test/auto/knownFailedTests/FSMSource.xml (Known Failure) 
52 ms. Memory: 129024K Free: 88579K (69%)
!!!! Auto was marked as failing, but now passes
------------------ testing $PTII/ptolemy/domains/de/test/auto/knownFailedTests/DESDFClockTest.xml (Known Failure) 
2046 ms. Memory: 129024K Free: 76305K (59%)


==== $PTIIhome/travis/build/icyphy/ptII/ptolemy/domains/de/test/../../../../: Auto Automatic test in file $PTII/ptolemy/domains/de/test/auto/knownFailedTests/DESDFClockTest.xml
==== Contents of test case:

	    # FIXME: we should use $relativeFilename here, but it
	    # might have backslashes under Windows, which causes no end
	    # of trouble.
	    createAndExecute $file
	    list {}
	
.... Test generated KNOWN error:
    while executing
ptolemy.kernel.util.IllegalActionException: Actor is not ready to fire.  Perhaps UpSample.prefire() returned false? Try debugging the actor by selecting "Listen to Actor".  Also, for SDF check moml for tokenConsumptionRate on input.
  in .DESDFClockTest.Play Bell.Copy1:SDF Director and .DESDFClockTest.Play Bell.UpSample
	at ptolemy.actor.sched.StaticSchedulingDirector.fire(StaticSchedulingDirector.java:227)
	at ptolemy.domains.sdf.kernel.SDFDirector.fire(SDFDirector.java:500)
	at ptolemy.actor.CompositeActor.fire(CompositeActor.java:455)
	at ptolemy.domains.de.kernel.DEDirector._fire(DEDirector.java:1949)
	at ptolemy.domains.de.kernel.DEDirector.fire(DEDirector.java:502)
	at ptolemy.actor.CompositeActor.fire(CompositeActor.java:455)
	at ptolemy.actor.Manager.iterate(Manager.java:851)
	at ptolemy.actor.Manager.execute(Manager.java:369)
	at ptolemy.actor.Manager.run(Manager.java:1263)
	at ptolemy.actor.Manager$PtolemyRunThread.run(Manager.java:1933)

    while executing
ptolemy.kernel.util.IllegalActionException: Actor is not ready to fire.  Perhaps UpSample.prefire() returned false? Try debugging the actor by selecting "Listen to Actor".  Also, for SDF check moml for tokenConsumptionRate on input.
  in .DESDFClockTest.Play Bell.Copy1:SDF Director and .DESDFClockTest.Play Bell.UpSample
    while executing
"java::new ptolemy.moml.MoMLSimpleApplication $file
"
    (procedure "createAndExecute" line 2)
    invoked from within
"createAndExecute $file"
    ("uplevel" body line 5)
    invoked from within
"uplevel $contents_of_test"
------------------ testing $PTII/ptolemy/domains/de/test/auto/ActorDepthCalculation_actorWithoutPorts.xml
auto.tcl: Setting watchdog for 200 seconds at Wed May 11 19:53:56 UTC 2022
8 ms. Memory: 129024K Free: 68627K (53%)
ptolemy.util.test.WatchDog.cancel(): canceling Wed May 11 19:53:56 UTC 2022
auto.tcl: Setting watchdog for 200 seconds at Wed May 11 19:53:56 UTC 2022
3 ms. Memory: 129024K Free: 67083K (52%)
ptolemy.util.test.WatchDog.cancel(): canceling Wed May 11 19:53:56 UTC 2022
------------------ testing $PTII/ptolemy/domains/de/test/auto/AssemblyLine.xml
auto.tcl: Setting watchdog for 200 seconds at Wed May 11 19:53:56 UTC 2022
15 ms. Memory: 55296K Free: 31601K (57%)
ptolemy.util.test.WatchDog.cancel(): canceling Wed May 11 19:53:56 UTC 2022
auto.tcl: Setting watchdog for 200 seconds at Wed May 11 19:53:56 UTC 2022
6 ms. Memory: 55296K Free: 30623K (55%)
ptolemy.util.test.WatchDog.cancel(): canceling Wed May 11 19:53:56 UTC 2022
------------------ testing $PTII/ptolemy/domains/de/test/auto/CQBug1.xml
auto.tcl: Setting watchdog for 200 seconds at Wed May 11 19:53:56 UTC 2022
3 ms. Memory: 51200K Free: 33019K (64%)
ptolemy.util.test.WatchDog.cancel(): canceling Wed May 11 19:53:56 UTC 2022
auto.tcl: Setting watchdog for 200 seconds at Wed May 11 19:53:56 UTC 2022
2 ms. Memory: 51200K Free: 32566K (64%)
ptolemy.util.test.WatchDog.cancel(): canceling Wed May 11 19:53:56 UTC 2022
------------------ testing $PTII/ptolemy/domains/de/test/auto/CancelFireAt.xml
auto.tcl: Setting watchdog for 200 seconds at Wed May 11 19:53:56 UTC 2022
5 ms. Memory: 51200K Free: 34129K (67%)
ptolemy.util.test.WatchDog.cancel(): canceling Wed May 11 19:53:56 UTC 2022
auto.tcl: Setting watchdog for 200 seconds at Wed May 11 19:53:56 UTC 2022
2 ms. Memory: 51200K Free: 33752K (66%)
ptolemy.util.test.WatchDog.cancel(): canceling Wed May 11 19:53:56 UTC 2022
------------------ testing $PTII/ptolemy/domains/de/test/auto/CausalityAndComposabilityAnalysis.xml
auto.tcl: Setting watchdog for 200 seconds at Wed May 11 19:53:56 UTC 2022
13 ms. Memory: 51200K Free: 32191K (63%)
ptolemy.util.test.WatchDog.cancel(): canceling Wed May 11 19:53:56 UTC 2022
auto.tcl: Setting watchdog for 200 seconds at Wed May 11 19:53:56 UTC 2022
4 ms. Memory: 51200K Free: 31755K (62%)
ptolemy.util.test.WatchDog.cancel(): canceling Wed May 11 19:53:56 UTC 2022
------------------ testing $PTII/ptolemy/domains/de/test/auto/CausalityInterface1.xml
auto.tcl: Setting watchdog for 200 seconds at Wed May 11 19:53:57 UTC 2022
23 ms. Memory: 51200K Free: 31135K (61%)
ptolemy.util.test.WatchDog.cancel(): canceling Wed May 11 19:53:57 UTC 2022
auto.tcl: Setting watchdog for 200 seconds at Wed May 11 19:53:57 UTC 2022
3 ms. Memory: 51200K Free: 30175K (59%)
ptolemy.util.test.WatchDog.cancel(): canceling Wed May 11 19:53:57 UTC 2022
------------------ testing $PTII/ptolemy/domains/de/test/auto/CausalityInterface15.xml
auto.tcl: Setting watchdog for 200 seconds at Wed May 11 19:53:57 UTC 2022
13 ms. Memory: 51200K Free: 30711K (60%)
ptolemy.util.test.WatchDog.cancel(): canceling Wed May 11 19:53:57 UTC 2022
auto.tcl: Setting watchdog for 200 seconds at Wed May 11 19:53:57 UTC 2022
4 ms. Memory: 51200K Free: 30100K (59%)
ptolemy.util.test.WatchDog.cancel(): canceling Wed May 11 19:53:57 UTC 2022
------------------ testing $PTII/ptolemy/domains/de/test/auto/CausalityInterface2.xml
auto.tcl: Setting watchdog for 200 seconds at Wed May 11 19:53:57 UTC 2022
6 ms. Memory: 51200K Free: 31877K (62%)
ptolemy.util.test.WatchDog.cancel(): canceling Wed May 11 19:53:57 UTC 2022
auto.tcl: Setting watchdog for 200 seconds at Wed May 11 19:53:57 UTC 2022
2 ms. Memory: 51200K Free: 31131K (61%)
ptolemy.util.test.WatchDog.cancel(): canceling Wed May 11 19:53:57 UTC 2022
------------------ testing $PTII/ptolemy/domains/de/test/auto/CausalityInterface3.xml
auto.tcl: Setting watchdog for 200 seconds at Wed May 11 19:53:57 UTC 2022
7 ms. Memory: 51200K Free: 31324K (61%)
ptolemy.util.test.WatchDog.cancel(): canceling Wed May 11 19:53:57 UTC 2022
auto.tcl: Setting watchdog for 200 seconds at Wed May 11 19:53:57 UTC 2022
3 ms. Memory: 51200K Free: 30572K (60%)
ptolemy.util.test.WatchDog.cancel(): canceling Wed May 11 19:53:57 UTC 2022
------------------ testing $PTII/ptolemy/domains/de/test/auto/ClockDrift.xml
auto.tcl: Setting watchdog for 200 seconds at Wed May 11 19:53:57 UTC 2022
98 ms. Memory: 51200K Free: 23648K (46%)
ptolemy.util.test.WatchDog.cancel(): canceling Wed May 11 19:53:57 UTC 2022
auto.tcl: Setting watchdog for 200 seconds at Wed May 11 19:53:57 UTC 2022
59 ms. Memory: 51200K Free: 20472K (40%)
ptolemy.util.test.WatchDog.cancel(): canceling Wed May 11 19:53:57 UTC 2022
------------------ testing $PTII/ptolemy/domains/de/test/auto/ClockDriftAndValueChange.xml
auto.tcl: Setting watchdog for 200 seconds at Wed May 11 19:53:57 UTC 2022
27 ms. Memory: 51200K Free: 24264K (47%)
ptolemy.util.test.WatchDog.cancel(): canceling Wed May 11 19:53:57 UTC 2022
auto.tcl: Setting watchdog for 200 seconds at Wed May 11 19:53:57 UTC 2022
22 ms. Memory: 51200K Free: 21192K (41%)
ptolemy.util.test.WatchDog.cancel(): canceling Wed May 11 19:53:57 UTC 2022
------------------ testing $PTII/ptolemy/domains/de/test/auto/ClockDriftChange.xml
auto.tcl: Setting watchdog for 200 seconds at Wed May 11 19:53:57 UTC 2022
23 ms. Memory: 51200K Free: 25775K (50%)
ptolemy.util.test.WatchDog.cancel(): canceling Wed May 11 19:53:57 UTC 2022
auto.tcl: Setting watchdog for 200 seconds at Wed May 11 19:53:57 UTC 2022
23 ms. Memory: 51200K Free: 23407K (46%)
ptolemy.util.test.WatchDog.cancel(): canceling Wed May 11 19:53:57 UTC 2022
------------------ testing $PTII/ptolemy/domains/de/test/auto/ComposableCausalityAnalysis.xml
auto.tcl: Setting watchdog for 200 seconds at Wed May 11 19:53:57 UTC 2022
2 ms. Memory: 51200K Free: 30580K (60%)
ptolemy.util.test.WatchDog.cancel(): canceling Wed May 11 19:53:57 UTC 2022
auto.tcl: Setting watchdog for 200 seconds at Wed May 11 19:53:57 UTC 2022
2 ms. Memory: 51200K Free: 29558K (58%)
ptolemy.util.test.WatchDog.cancel(): canceling Wed May 11 19:53:57 UTC 2022
------------------ testing $PTII/ptolemy/domains/de/test/auto/DEFixedPointLimitation.xml
auto.tcl: Setting watchdog for 200 seconds at Wed May 11 19:53:57 UTC 2022
2 ms. Memory: 51200K Free: 31989K (62%)
ptolemy.util.test.WatchDog.cancel(): canceling Wed May 11 19:53:57 UTC 2022
auto.tcl: Setting watchdog for 200 seconds at Wed May 11 19:53:57 UTC 2022
5 ms. Memory: 51200K Free: 31118K (61%)
ptolemy.util.test.WatchDog.cancel(): canceling Wed May 11 19:53:57 UTC 2022
------------------ testing $PTII/ptolemy/domains/de/test/auto/DEScheduleTest.xml
auto.tcl: Setting watchdog for 200 seconds at Wed May 11 19:53:58 UTC 2022
6 ms. Memory: 51200K Free: 32336K (63%)
ptolemy.util.test.WatchDog.cancel(): canceling Wed May 11 19:53:58 UTC 2022
auto.tcl: Setting watchdog for 200 seconds at Wed May 11 19:53:58 UTC 2022
2 ms. Memory: 51200K Free: 31581K (62%)
ptolemy.util.test.WatchDog.cancel(): canceling Wed May 11 19:53:58 UTC 2022
------------------ testing $PTII/ptolemy/domains/de/test/auto/DEinDEwithStartTimes.xml
auto.tcl: Setting watchdog for 200 seconds at Wed May 11 19:53:58 UTC 2022
4 ms. Memory: 51200K Free: 30526K (60%)
ptolemy.util.test.WatchDog.cancel(): canceling Wed May 11 19:53:58 UTC 2022
auto.tcl: Setting watchdog for 200 seconds at Wed May 11 19:53:58 UTC 2022
5 ms. Memory: 51200K Free: 29502K (58%)
ptolemy.util.test.WatchDog.cancel(): canceling Wed May 11 19:53:58 UTC 2022
------------------ testing $PTII/ptolemy/domains/de/test/auto/DEinDEwithStartTimes2.xml
auto.tcl: Setting watchdog for 200 seconds at Wed May 11 19:53:58 UTC 2022
5 ms. Memory: 51200K Free: 29649K (58%)
ptolemy.util.test.WatchDog.cancel(): canceling Wed May 11 19:53:58 UTC 2022
auto.tcl: Setting watchdog for 200 seconds at Wed May 11 19:53:58 UTC 2022
4 ms. Memory: 51200K Free: 28457K (56%)
ptolemy.util.test.WatchDog.cancel(): canceling Wed May 11 19:53:58 UTC 2022
------------------ testing $PTII/ptolemy/domains/de/test/auto/DateDemo.xml
auto.tcl: Setting watchdog for 200 seconds at Wed May 11 19:53:58 UTC 2022
18 ms. Memory: 51200K Free: 24336K (48%)
ptolemy.util.test.WatchDog.cancel(): canceling Wed May 11 19:53:58 UTC 2022
auto.tcl: Setting watchdog for 200 seconds at Wed May 11 19:53:58 UTC 2022
10 ms. Memory: 51200K Free: 22469K (44%)
ptolemy.util.test.WatchDog.cancel(): canceling Wed May 11 19:53:58 UTC 2022
------------------ testing $PTII/ptolemy/domains/de/test/auto/DateToEvent.xml
auto.tcl: Setting watchdog for 200 seconds at Wed May 11 19:53:58 UTC 2022
2008 ms. Memory: 51200K Free: 19504K (38%)
ptolemy.util.test.WatchDog.cancel(): canceling Wed May 11 19:54:00 UTC 2022
auto.tcl: Setting watchdog for 200 seconds at Wed May 11 19:54:00 UTC 2022
2005 ms. Memory: 51200K Free: 18994K (37%)
ptolemy.util.test.WatchDog.cancel(): canceling Wed May 11 19:54:02 UTC 2022
------------------ testing $PTII/ptolemy/domains/de/test/auto/DepthTest1.xml
auto.tcl: Setting watchdog for 200 seconds at Wed May 11 19:54:02 UTC 2022
4 ms. Memory: 51200K Free: 33140K (65%)
ptolemy.util.test.WatchDog.cancel(): canceling Wed May 11 19:54:02 UTC 2022
auto.tcl: Setting watchdog for 200 seconds at Wed May 11 19:54:02 UTC 2022
1 ms. Memory: 51200K Free: 32662K (64%)
ptolemy.util.test.WatchDog.cancel(): canceling Wed May 11 19:54:02 UTC 2022
------------------ testing $PTII/ptolemy/domains/de/test/auto/DepthTest2.xml
auto.tcl: Setting watchdog for 200 seconds at Wed May 11 19:54:02 UTC 2022
4 ms. Memory: 51200K Free: 29955K (59%)
ptolemy.util.test.WatchDog.cancel(): canceling Wed May 11 19:54:02 UTC 2022
auto.tcl: Setting watchdog for 200 seconds at Wed May 11 19:54:02 UTC 2022
3 ms. Memory: 51200K Free: 29526K (58%)
ptolemy.util.test.WatchDog.cancel(): canceling Wed May 11 19:54:02 UTC 2022
------------------ testing $PTII/ptolemy/domains/de/test/auto/DepthTest3.xml
auto.tcl: Setting watchdog for 200 seconds at Wed May 11 19:54:02 UTC 2022
4 ms. Memory: 51200K Free: 33480K (65%)
ptolemy.util.test.WatchDog.cancel(): canceling Wed May 11 19:54:02 UTC 2022
auto.tcl: Setting watchdog for 200 seconds at Wed May 11 19:54:02 UTC 2022
1 ms. Memory: 51200K Free: 33016K (64%)
ptolemy.util.test.WatchDog.cancel(): canceling Wed May 11 19:54:02 UTC 2022
------------------ testing $PTII/ptolemy/domains/de/test/auto/DepthTest4.xml
auto.tcl: Setting watchdog for 200 seconds at Wed May 11 19:54:02 UTC 2022
3 ms. Memory: 51200K Free: 31486K (61%)
ptolemy.util.test.WatchDog.cancel(): canceling Wed May 11 19:54:02 UTC 2022
auto.tcl: Setting watchdog for 200 seconds at Wed May 11 19:54:02 UTC 2022
2 ms. Memory: 51200K Free: 31057K (61%)
ptolemy.util.test.WatchDog.cancel(): canceling Wed May 11 19:54:02 UTC 2022
------------------ testing $PTII/ptolemy/domains/de/test/auto/DepthTest5.xml
auto.tcl: Setting watchdog for 200 seconds at Wed May 11 19:54:02 UTC 2022
7 ms. Memory: 51200K Free: 30903K (60%)
ptolemy.util.test.WatchDog.cancel(): canceling Wed May 11 19:54:02 UTC 2022
auto.tcl: Setting watchdog for 200 seconds at Wed May 11 19:54:02 UTC 2022
3 ms. Memory: 51200K Free: 30474K (60%)
ptolemy.util.test.WatchDog.cancel(): canceling Wed May 11 19:54:02 UTC 2022
------------------ testing $PTII/ptolemy/domains/de/test/auto/DepthTest6.xml
auto.tcl: Setting watchdog for 200 seconds at Wed May 11 19:54:02 UTC 2022
4 ms. Memory: 51200K Free: 30897K (60%)
ptolemy.util.test.WatchDog.cancel(): canceling Wed May 11 19:54:02 UTC 2022
auto.tcl: Setting watchdog for 200 seconds at Wed May 11 19:54:02 UTC 2022
3 ms. Memory: 51200K Free: 30468K (60%)
ptolemy.util.test.WatchDog.cancel(): canceling Wed May 11 19:54:02 UTC 2022
------------------ testing $PTII/ptolemy/domains/de/test/auto/DepthTest7.xml
auto.tcl: Setting watchdog for 200 seconds at Wed May 11 19:54:02 UTC 2022
2 ms. Memory: 51200K Free: 31142K (61%)
ptolemy.util.test.WatchDog.cancel(): canceling Wed May 11 19:54:02 UTC 2022
auto.tcl: Setting watchdog for 200 seconds at Wed May 11 19:54:02 UTC 2022
2 ms. Memory: 51200K Free: 30712K (60%)
ptolemy.util.test.WatchDog.cancel(): canceling Wed May 11 19:54:02 UTC 2022
------------------ testing $PTII/ptolemy/domains/de/test/auto/EventToDate.xml
auto.tcl: Setting watchdog for 200 seconds at Wed May 11 19:54:02 UTC 2022
3005 ms. Memory: 51200K Free: 22234K (43%)
ptolemy.util.test.WatchDog.cancel(): canceling Wed May 11 19:54:06 UTC 2022
auto.tcl: Setting watchdog for 200 seconds at Wed May 11 19:54:06 UTC 2022
3004 ms. Memory: 51200K Free: 21332K (42%)
ptolemy.util.test.WatchDog.cancel(): canceling Wed May 11 19:54:09 UTC 2022
------------------ testing $PTII/ptolemy/domains/de/test/auto/FSM1.xml
auto.tcl: Setting watchdog for 200 seconds at Wed May 11 19:54:09 UTC 2022
20 ms. Memory: 51200K Free: 23130K (45%)
ptolemy.util.test.WatchDog.cancel(): canceling Wed May 11 19:54:09 UTC 2022
auto.tcl: Setting watchdog for 200 seconds at Wed May 11 19:54:09 UTC 2022
15 ms. Memory: 51200K Free: 19955K (39%)
ptolemy.util.test.WatchDog.cancel(): canceling Wed May 11 19:54:09 UTC 2022
------------------ testing $PTII/ptolemy/domains/de/test/auto/FSM7.xml
auto.tcl: Setting watchdog for 200 seconds at Wed May 11 19:54:09 UTC 2022
21 ms. Memory: 51200K Free: 23361K (46%)
ptolemy.util.test.WatchDog.cancel(): canceling Wed May 11 19:54:09 UTC 2022
auto.tcl: Setting watchdog for 200 seconds at Wed May 11 19:54:09 UTC 2022
21 ms. Memory: 51200K Free: 20075K (39%)
ptolemy.util.test.WatchDog.cancel(): canceling Wed May 11 19:54:09 UTC 2022
------------------ testing $PTII/ptolemy/domains/de/test/auto/Inspection.xml
auto.tcl: Setting watchdog for 200 seconds at Wed May 11 19:54:09 UTC 2022
29 ms. Memory: 51200K Free: 23386K (46%)
ptolemy.util.test.WatchDog.cancel(): canceling Wed May 11 19:54:09 UTC 2022
auto.tcl: Setting watchdog for 200 seconds at Wed May 11 19:54:09 UTC 2022
17 ms. Memory: 51200K Free: 21695K (42%)
ptolemy.util.test.WatchDog.cancel(): canceling Wed May 11 19:54:09 UTC 2022
------------------ testing $PTII/ptolemy/domains/de/test/auto/Iteration.xml
auto.tcl: Setting watchdog for 200 seconds at Wed May 11 19:54:09 UTC 2022
6 ms. Memory: 51200K Free: 28924K (56%)
ptolemy.util.test.WatchDog.cancel(): canceling Wed May 11 19:54:09 UTC 2022
auto.tcl: Setting watchdog for 200 seconds at Wed May 11 19:54:09 UTC 2022
5 ms. Memory: 51200K Free: 27733K (54%)
ptolemy.util.test.WatchDog.cancel(): canceling Wed May 11 19:54:09 UTC 2022
------------------ testing $PTII/ptolemy/domains/de/test/auto/LineFault.xml
auto.tcl: Setting watchdog for 200 seconds at Wed May 11 19:54:09 UTC 2022
671 ms. Memory: 61440K Free: 32548K (53%)
ptolemy.util.test.WatchDog.cancel(): canceling Wed May 11 19:54:10 UTC 2022
auto.tcl: Setting watchdog for 200 seconds at Wed May 11 19:54:10 UTC 2022
613 ms. Memory: 61440K Free: 36676K (60%)
ptolemy.util.test.WatchDog.cancel(): canceling Wed May 11 19:54:11 UTC 2022
------------------ testing $PTII/ptolemy/domains/de/test/auto/MergeModel1Add.xml
auto.tcl: Setting watchdog for 200 seconds at Wed May 11 19:54:11 UTC 2022
19 ms. Memory: 61440K Free: 25369K (41%)
ptolemy.util.test.WatchDog.cancel(): canceling Wed May 11 19:54:11 UTC 2022
auto.tcl: Setting watchdog for 200 seconds at Wed May 11 19:54:11 UTC 2022
11 ms. Memory: 61440K Free: 23668K (39%)
ptolemy.util.test.WatchDog.cancel(): canceling Wed May 11 19:54:11 UTC 2022
------------------ testing $PTII/ptolemy/domains/de/test/auto/MergeModel2Add.xml
auto.tcl: Setting watchdog for 200 seconds at Wed May 11 19:54:11 UTC 2022
8 ms. Memory: 55296K Free: 21239K (38%)
ptolemy.util.test.WatchDog.cancel(): canceling Wed May 11 19:54:11 UTC 2022
auto.tcl: Setting watchdog for 200 seconds at Wed May 11 19:54:11 UTC 2022
7 ms. Memory: 55296K Free: 19875K (36%)
ptolemy.util.test.WatchDog.cancel(): canceling Wed May 11 19:54:11 UTC 2022
------------------ testing $PTII/ptolemy/domains/de/test/auto/MergeModel3Add.xml
auto.tcl: Setting watchdog for 200 seconds at Wed May 11 19:54:11 UTC 2022
8 ms. Memory: 55296K Free: 21000K (38%)
ptolemy.util.test.WatchDog.cancel(): canceling Wed May 11 19:54:11 UTC 2022
auto.tcl: Setting watchdog for 200 seconds at Wed May 11 19:54:11 UTC 2022
8 ms. Memory: 55296K Free: 19318K (35%)
ptolemy.util.test.WatchDog.cancel(): canceling Wed May 11 19:54:11 UTC 2022
------------------ testing $PTII/ptolemy/domains/de/test/auto/MergeWithoutDiscard.xml
auto.tcl: Setting watchdog for 200 seconds at Wed May 11 19:54:11 UTC 2022
2 ms. Memory: 55296K Free: 36195K (65%)
ptolemy.util.test.WatchDog.cancel(): canceling Wed May 11 19:54:11 UTC 2022
auto.tcl: Setting watchdog for 200 seconds at Wed May 11 19:54:11 UTC 2022
1 ms. Memory: 55296K Free: 35699K (65%)
ptolemy.util.test.WatchDog.cancel(): canceling Wed May 11 19:54:11 UTC 2022
------------------ testing $PTII/ptolemy/domains/de/test/auto/Modal1.xml
auto.tcl: Setting watchdog for 200 seconds at Wed May 11 19:54:11 UTC 2022
15 ms. Memory: 55296K Free: 28025K (51%)
ptolemy.util.test.WatchDog.cancel(): canceling Wed May 11 19:54:11 UTC 2022
auto.tcl: Setting watchdog for 200 seconds at Wed May 11 19:54:11 UTC 2022
18 ms. Memory: 55296K Free: 24706K (45%)
ptolemy.util.test.WatchDog.cancel(): canceling Wed May 11 19:54:11 UTC 2022
------------------ testing $PTII/ptolemy/domains/de/test/auto/Modal2.xml
auto.tcl: Setting watchdog for 200 seconds at Wed May 11 19:54:11 UTC 2022
15 ms. Memory: 51200K Free: 23476K (46%)
ptolemy.util.test.WatchDog.cancel(): canceling Wed May 11 19:54:11 UTC 2022
auto.tcl: Setting watchdog for 200 seconds at Wed May 11 19:54:11 UTC 2022
18 ms. Memory: 51200K Free: 20536K (40%)
ptolemy.util.test.WatchDog.cancel(): canceling Wed May 11 19:54:11 UTC 2022
------------------ testing $PTII/ptolemy/domains/de/test/auto/Modal3.xml
auto.tcl: Setting watchdog for 200 seconds at Wed May 11 19:54:11 UTC 2022
13 ms. Memory: 51200K Free: 23527K (46%)
ptolemy.util.test.WatchDog.cancel(): canceling Wed May 11 19:54:11 UTC 2022
auto.tcl: Setting watchdog for 200 seconds at Wed May 11 19:54:11 UTC 2022
15 ms. Memory: 51200K Free: 20587K (40%)
ptolemy.util.test.WatchDog.cancel(): canceling Wed May 11 19:54:11 UTC 2022
------------------ testing $PTII/ptolemy/domains/de/test/auto/Modal4.xml
auto.tcl: Setting watchdog for 200 seconds at Wed May 11 19:54:11 UTC 2022
22 ms. Memory: 51200K Free: 22773K (44%)
ptolemy.util.test.WatchDog.cancel(): canceling Wed May 11 19:54:11 UTC 2022
auto.tcl: Setting watchdog for 200 seconds at Wed May 11 19:54:11 UTC 2022
17 ms. Memory: 51200K Free: 18969K (37%)
ptolemy.util.test.WatchDog.cancel(): canceling Wed May 11 19:54:11 UTC 2022
------------------ testing $PTII/ptolemy/domains/de/test/auto/Modal5.xml
auto.tcl: Setting watchdog for 200 seconds at Wed May 11 19:54:11 UTC 2022
12 ms. Memory: 51200K Free: 22754K (44%)
ptolemy.util.test.WatchDog.cancel(): canceling Wed May 11 19:54:11 UTC 2022
auto.tcl: Setting watchdog for 200 seconds at Wed May 11 19:54:11 UTC 2022
13 ms. Memory: 51200K Free: 18957K (37%)
ptolemy.util.test.WatchDog.cancel(): canceling Wed May 11 19:54:11 UTC 2022
------------------ testing $PTII/ptolemy/domains/de/test/auto/Modal6.xml
auto.tcl: Setting watchdog for 200 seconds at Wed May 11 19:54:12 UTC 2022
11 ms. Memory: 51200K Free: 23495K (46%)
ptolemy.util.test.WatchDog.cancel(): canceling Wed May 11 19:54:12 UTC 2022
auto.tcl: Setting watchdog for 200 seconds at Wed May 11 19:54:12 UTC 2022
13 ms. Memory: 51200K Free: 19560K (38%)
ptolemy.util.test.WatchDog.cancel(): canceling Wed May 11 19:54:12 UTC 2022
------------------ testing $PTII/ptolemy/domains/de/test/auto/Modal7.xml
auto.tcl: Setting watchdog for 200 seconds at Wed May 11 19:54:12 UTC 2022
14 ms. Memory: 51200K Free: 22485K (44%)
ptolemy.util.test.WatchDog.cancel(): canceling Wed May 11 19:54:12 UTC 2022
auto.tcl: Setting watchdog for 200 seconds at Wed May 11 19:54:12 UTC 2022
11 ms. Memory: 51200K Free: 18955K (37%)
ptolemy.util.test.WatchDog.cancel(): canceling Wed May 11 19:54:12 UTC 2022
------------------ testing $PTII/ptolemy/domains/de/test/auto/ModalModel.xml
auto.tcl: Setting watchdog for 200 seconds at Wed May 11 19:54:12 UTC 2022
194 ms. Memory: 51200K Free: 17742K (35%)
ptolemy.util.test.WatchDog.cancel(): canceling Wed May 11 19:54:12 UTC 2022
auto.tcl: Setting watchdog for 200 seconds at Wed May 11 19:54:12 UTC 2022
194 ms. Memory: 61440K Free: 26352K (43%)
ptolemy.util.test.WatchDog.cancel(): canceling Wed May 11 19:54:12 UTC 2022
------------------ testing $PTII/ptolemy/domains/de/test/auto/ModalSource.xml
auto.tcl: Setting watchdog for 200 seconds at Wed May 11 19:54:12 UTC 2022
8 ms. Memory: 55296K Free: 31196K (56%)
ptolemy.util.test.WatchDog.cancel(): canceling Wed May 11 19:54:12 UTC 2022
auto.tcl: Setting watchdog for 200 seconds at Wed May 11 19:54:12 UTC 2022
6 ms. Memory: 55296K Free: 29211K (53%)
ptolemy.util.test.WatchDog.cancel(): canceling Wed May 11 19:54:12 UTC 2022
------------------ testing $PTII/ptolemy/domains/de/test/auto/NonInterruptibleTimerZeroDelay.xml
auto.tcl: Setting watchdog for 200 seconds at Wed May 11 19:54:12 UTC 2022
3 ms. Memory: 55296K Free: 36437K (66%)
ptolemy.util.test.WatchDog.cancel(): canceling Wed May 11 19:54:12 UTC 2022
auto.tcl: Setting watchdog for 200 seconds at Wed May 11 19:54:12 UTC 2022
3 ms. Memory: 55296K Free: 35958K (65%)
ptolemy.util.test.WatchDog.cancel(): canceling Wed May 11 19:54:12 UTC 2022
------------------ testing $PTII/ptolemy/domains/de/test/auto/OpenQueueingNetwork.xml
auto.tcl: Setting watchdog for 200 seconds at Wed May 11 19:54:12 UTC 2022
2786 ms. Memory: 96256K Free: 36849K (38%)
ptolemy.util.test.WatchDog.cancel(): canceling Wed May 11 19:54:15 UTC 2022
auto.tcl: Setting watchdog for 200 seconds at Wed May 11 19:54:15 UTC 2022
2291 ms. Memory: 115712K Free: 85913K (74%)
ptolemy.util.test.WatchDog.cancel(): canceling Wed May 11 19:54:18 UTC 2022
------------------ testing $PTII/ptolemy/domains/de/test/auto/OpenQueuingNetwork.xml
auto.tcl: Setting watchdog for 200 seconds at Wed May 11 19:54:18 UTC 2022
258 ms. Memory: 61440K Free: 37422K (61%)
ptolemy.util.test.WatchDog.cancel(): canceling Wed May 11 19:54:18 UTC 2022
auto.tcl: Setting watchdog for 200 seconds at Wed May 11 19:54:18 UTC 2022
245 ms. Memory: 61440K Free: 21398K (35%)
ptolemy.util.test.WatchDog.cancel(): canceling Wed May 11 19:54:18 UTC 2022
------------------ testing $PTII/ptolemy/domains/de/test/auto/PeriodicSampler.xml
auto.tcl: Setting watchdog for 200 seconds at Wed May 11 19:54:18 UTC 2022
2 ms. Memory: 55296K Free: 35856K (65%)
ptolemy.util.test.WatchDog.cancel(): canceling Wed May 11 19:54:18 UTC 2022
auto.tcl: Setting watchdog for 200 seconds at Wed May 11 19:54:18 UTC 2022
2 ms. Memory: 55296K Free: 35342K (64%)
ptolemy.util.test.WatchDog.cancel(): canceling Wed May 11 19:54:18 UTC 2022
------------------ testing $PTII/ptolemy/domains/de/test/auto/PersistentIO.xml
auto.tcl: Setting watchdog for 200 seconds at Wed May 11 19:54:18 UTC 2022
16 ms. Memory: 55296K Free: 30780K (56%)
ptolemy.util.test.WatchDog.cancel(): canceling Wed May 11 19:54:18 UTC 2022
auto.tcl: Setting watchdog for 200 seconds at Wed May 11 19:54:18 UTC 2022
3 ms. Memory: 55296K Free: 29260K (53%)
ptolemy.util.test.WatchDog.cancel(): canceling Wed May 11 19:54:18 UTC 2022
------------------ testing $PTII/ptolemy/domains/de/test/auto/PortParameterResetOnInitialize.xml
auto.tcl: Setting watchdog for 200 seconds at Wed May 11 19:54:18 UTC 2022
2 ms. Memory: 51200K Free: 31677K (62%)
ptolemy.util.test.WatchDog.cancel(): canceling Wed May 11 19:54:19 UTC 2022
auto.tcl: Setting watchdog for 200 seconds at Wed May 11 19:54:19 UTC 2022
1 ms. Memory: 51200K Free: 31173K (61%)
ptolemy.util.test.WatchDog.cancel(): canceling Wed May 11 19:54:19 UTC 2022
------------------ testing $PTII/ptolemy/domains/de/test/auto/PortParameterUpdates.xml
auto.tcl: Setting watchdog for 200 seconds at Wed May 11 19:54:19 UTC 2022
5 ms. Memory: 51200K Free: 29753K (58%)
ptolemy.util.test.WatchDog.cancel(): canceling Wed May 11 19:54:19 UTC 2022
auto.tcl: Setting watchdog for 200 seconds at Wed May 11 19:54:19 UTC 2022
3 ms. Memory: 51200K Free: 28713K (56%)
ptolemy.util.test.WatchDog.cancel(): canceling Wed May 11 19:54:19 UTC 2022
------------------ testing $PTII/ptolemy/domains/de/test/auto/QueueAndServer.xml
auto.tcl: Setting watchdog for 200 seconds at Wed May 11 19:54:19 UTC 2022
5 ms. Memory: 51200K Free: 28707K (56%)
ptolemy.util.test.WatchDog.cancel(): canceling Wed May 11 19:54:19 UTC 2022
auto.tcl: Setting watchdog for 200 seconds at Wed May 11 19:54:19 UTC 2022
5 ms. Memory: 51200K Free: 27173K (53%)
ptolemy.util.test.WatchDog.cancel(): canceling Wed May 11 19:54:19 UTC 2022
------------------ testing $PTII/ptolemy/domains/de/test/auto/Records.xml
auto.tcl: Setting watchdog for 200 seconds at Wed May 11 19:54:19 UTC 2022
3 ms. Memory: 51200K Free: 30925K (60%)
ptolemy.util.test.WatchDog.cancel(): canceling Wed May 11 19:54:19 UTC 2022
auto.tcl: Setting watchdog for 200 seconds at Wed May 11 19:54:19 UTC 2022
1 ms. Memory: 51200K Free: 30397K (59%)
ptolemy.util.test.WatchDog.cancel(): canceling Wed May 11 19:54:19 UTC 2022
------------------ testing $PTII/ptolemy/domains/de/test/auto/ResetTransitionWithStartTime1.xml
auto.tcl: Setting watchdog for 200 seconds at Wed May 11 19:54:19 UTC 2022
13 ms. Memory: 51200K Free: 28170K (55%)
ptolemy.util.test.WatchDog.cancel(): canceling Wed May 11 19:54:19 UTC 2022
auto.tcl: Setting watchdog for 200 seconds at Wed May 11 19:54:19 UTC 2022
8 ms. Memory: 51200K Free: 26122K (51%)
ptolemy.util.test.WatchDog.cancel(): canceling Wed May 11 19:54:19 UTC 2022
------------------ testing $PTII/ptolemy/domains/de/test/auto/ResetTransitionWithStartTime2.xml
auto.tcl: Setting watchdog for 200 seconds at Wed May 11 19:54:19 UTC 2022
6 ms. Memory: 51200K Free: 28161K (55%)
ptolemy.util.test.WatchDog.cancel(): canceling Wed May 11 19:54:19 UTC 2022
auto.tcl: Setting watchdog for 200 seconds at Wed May 11 19:54:19 UTC 2022
7 ms. Memory: 51200K Free: 26113K (51%)
ptolemy.util.test.WatchDog.cancel(): canceling Wed May 11 19:54:19 UTC 2022
------------------ testing $PTII/ptolemy/domains/de/test/auto/ResetTransitionWithStartTime3.xml
auto.tcl: Setting watchdog for 200 seconds at Wed May 11 19:54:19 UTC 2022
5 ms. Memory: 51200K Free: 28160K (55%)
ptolemy.util.test.WatchDog.cancel(): canceling Wed May 11 19:54:19 UTC 2022
auto.tcl: Setting watchdog for 200 seconds at Wed May 11 19:54:19 UTC 2022
5 ms. Memory: 51200K Free: 26112K (51%)
ptolemy.util.test.WatchDog.cancel(): canceling Wed May 11 19:54:19 UTC 2022
------------------ testing $PTII/ptolemy/domains/de/test/auto/ResetTransitionWithStartTime4.xml
auto.tcl: Setting watchdog for 200 seconds at Wed May 11 19:54:19 UTC 2022
7 ms. Memory: 51200K Free: 28587K (56%)
ptolemy.util.test.WatchDog.cancel(): canceling Wed May 11 19:54:19 UTC 2022
auto.tcl: Setting watchdog for 200 seconds at Wed May 11 19:54:19 UTC 2022
3 ms. Memory: 51200K Free: 27135K (53%)
ptolemy.util.test.WatchDog.cancel(): canceling Wed May 11 19:54:19 UTC 2022
------------------ testing $PTII/ptolemy/domains/de/test/auto/ResettableTimer1.xml
auto.tcl: Setting watchdog for 200 seconds at Wed May 11 19:54:19 UTC 2022
3 ms. Memory: 51200K Free: 32375K (63%)
ptolemy.util.test.WatchDog.cancel(): canceling Wed May 11 19:54:19 UTC 2022
auto.tcl: Setting watchdog for 200 seconds at Wed May 11 19:54:19 UTC 2022
1 ms. Memory: 51200K Free: 31717K (62%)
ptolemy.util.test.WatchDog.cancel(): canceling Wed May 11 19:54:19 UTC 2022
------------------ testing $PTII/ptolemy/domains/de/test/auto/ResettableTimer2.xml
auto.tcl: Setting watchdog for 200 seconds at Wed May 11 19:54:19 UTC 2022
2 ms. Memory: 51200K Free: 32431K (63%)
ptolemy.util.test.WatchDog.cancel(): canceling Wed May 11 19:54:19 UTC 2022
auto.tcl: Setting watchdog for 200 seconds at Wed May 11 19:54:19 UTC 2022
2 ms. Memory: 51200K Free: 31765K (62%)
ptolemy.util.test.WatchDog.cancel(): canceling Wed May 11 19:54:19 UTC 2022
------------------ testing $PTII/ptolemy/domains/de/test/auto/ResettableTimer3.xml
auto.tcl: Setting watchdog for 200 seconds at Wed May 11 19:54:19 UTC 2022
1 ms. Memory: 51200K Free: 32803K (64%)
ptolemy.util.test.WatchDog.cancel(): canceling Wed May 11 19:54:19 UTC 2022
auto.tcl: Setting watchdog for 200 seconds at Wed May 11 19:54:19 UTC 2022
1 ms. Memory: 51200K Free: 32293K (63%)
ptolemy.util.test.WatchDog.cancel(): canceling Wed May 11 19:54:19 UTC 2022
------------------ testing $PTII/ptolemy/domains/de/test/auto/ResettableTimer4.xml
auto.tcl: Setting watchdog for 200 seconds at Wed May 11 19:54:19 UTC 2022
1 ms. Memory: 51200K Free: 32816K (64%)
ptolemy.util.test.WatchDog.cancel(): canceling Wed May 11 19:54:19 UTC 2022
auto.tcl: Setting watchdog for 200 seconds at Wed May 11 19:54:19 UTC 2022
2 ms. Memory: 51200K Free: 32306K (63%)
ptolemy.util.test.WatchDog.cancel(): canceling Wed May 11 19:54:19 UTC 2022
------------------ testing $PTII/ptolemy/domains/de/test/auto/ResettableTimer5.xml
auto.tcl: Setting watchdog for 200 seconds at Wed May 11 19:54:19 UTC 2022
1 ms. Memory: 51200K Free: 32304K (63%)
ptolemy.util.test.WatchDog.cancel(): canceling Wed May 11 19:54:19 UTC 2022
auto.tcl: Setting watchdog for 200 seconds at Wed May 11 19:54:19 UTC 2022
2 ms. Memory: 51200K Free: 31784K (62%)
ptolemy.util.test.WatchDog.cancel(): canceling Wed May 11 19:54:19 UTC 2022
------------------ testing $PTII/ptolemy/domains/de/test/auto/ResettableTimer6.xml
auto.tcl: Setting watchdog for 200 seconds at Wed May 11 19:54:19 UTC 2022
1 ms. Memory: 51200K Free: 31781K (62%)
ptolemy.util.test.WatchDog.cancel(): canceling Wed May 11 19:54:19 UTC 2022
auto.tcl: Setting watchdog for 200 seconds at Wed May 11 19:54:19 UTC 2022
2 ms. Memory: 51200K Free: 31271K (61%)
ptolemy.util.test.WatchDog.cancel(): canceling Wed May 11 19:54:19 UTC 2022
------------------ testing $PTII/ptolemy/domains/de/test/auto/ServerZeroDelay.xml
auto.tcl: Setting watchdog for 200 seconds at Wed May 11 19:54:19 UTC 2022
6 ms. Memory: 51200K Free: 32246K (63%)
ptolemy.util.test.WatchDog.cancel(): canceling Wed May 11 19:54:19 UTC 2022
auto.tcl: Setting watchdog for 200 seconds at Wed May 11 19:54:19 UTC 2022
4 ms. Memory: 51200K Free: 31222K (61%)
ptolemy.util.test.WatchDog.cancel(): canceling Wed May 11 19:54:19 UTC 2022
------------------ testing $PTII/ptolemy/domains/de/test/auto/SmartSender.xml
auto.tcl: Setting watchdog for 200 seconds at Wed May 11 19:54:19 UTC 2022
3002 ms. Memory: 51200K Free: 32240K (63%)
ptolemy.util.test.WatchDog.cancel(): canceling Wed May 11 19:54:22 UTC 2022
auto.tcl: Setting watchdog for 200 seconds at Wed May 11 19:54:22 UTC 2022
3001 ms. Memory: 51200K Free: 31720K (62%)
ptolemy.util.test.WatchDog.cancel(): canceling Wed May 11 19:54:25 UTC 2022
------------------ testing $PTII/ptolemy/domains/de/test/auto/ThreadedComposite.xml
auto.tcl: Setting watchdog for 200 seconds at Wed May 11 19:54:25 UTC 2022
187 ms. Memory: 51200K Free: 12798K (25%)
ptolemy.util.test.WatchDog.cancel(): canceling Wed May 11 19:54:26 UTC 2022
auto.tcl: Setting watchdog for 200 seconds at Wed May 11 19:54:26 UTC 2022
147 ms. Memory: 51200K Free: 27482K (54%)
ptolemy.util.test.WatchDog.cancel(): canceling Wed May 11 19:54:26 UTC 2022
------------------ testing $PTII/ptolemy/domains/de/test/auto/Time.xml
auto.tcl: Setting watchdog for 200 seconds at Wed May 11 19:54:26 UTC 2022
505 ms. Memory: 73728K Free: 28741K (39%)
ptolemy.util.test.WatchDog.cancel(): canceling Wed May 11 19:54:26 UTC 2022
auto.tcl: Setting watchdog for 200 seconds at Wed May 11 19:54:26 UTC 2022
467 ms. Memory: 73728K Free: 16449K (22%)
ptolemy.util.test.WatchDog.cancel(): canceling Wed May 11 19:54:27 UTC 2022
------------------ testing $PTII/ptolemy/domains/de/test/auto/TimeDelayZeroDelay.xml
auto.tcl: Setting watchdog for 200 seconds at Wed May 11 19:54:27 UTC 2022
2 ms. Memory: 51200K Free: 32652K (64%)
ptolemy.util.test.WatchDog.cancel(): canceling Wed May 11 19:54:27 UTC 2022
auto.tcl: Setting watchdog for 200 seconds at Wed May 11 19:54:27 UTC 2022
2 ms. Memory: 51200K Free: 31772K (62%)
ptolemy.util.test.WatchDog.cancel(): canceling Wed May 11 19:54:27 UTC 2022
------------------ testing $PTII/ptolemy/domains/de/test/auto/TimerZeroDelay.xml
auto.tcl: Setting watchdog for 200 seconds at Wed May 11 19:54:27 UTC 2022
2 ms. Memory: 51200K Free: 32603K (64%)
ptolemy.util.test.WatchDog.cancel(): canceling Wed May 11 19:54:27 UTC 2022
auto.tcl: Setting watchdog for 200 seconds at Wed May 11 19:54:27 UTC 2022
2 ms. Memory: 51200K Free: 31806K (62%)
ptolemy.util.test.WatchDog.cancel(): canceling Wed May 11 19:54:27 UTC 2022
------------------ testing $PTII/ptolemy/domains/de/test/auto/TimingParadox.xml
auto.tcl: Setting watchdog for 200 seconds at Wed May 11 19:54:27 UTC 2022
358 ms. Memory: 51200K Free: 18833K (37%)
ptolemy.util.test.WatchDog.cancel(): canceling Wed May 11 19:54:27 UTC 2022
auto.tcl: Setting watchdog for 200 seconds at Wed May 11 19:54:27 UTC 2022
385 ms. Memory: 51200K Free: 34461K (67%)
ptolemy.util.test.WatchDog.cancel(): canceling Wed May 11 19:54:28 UTC 2022
------------------ testing $PTII/ptolemy/domains/de/test/auto/TransferInputs.xml
auto.tcl: Setting watchdog for 200 seconds at Wed May 11 19:54:28 UTC 2022
2 ms. Memory: 51200K Free: 30695K (60%)
ptolemy.util.test.WatchDog.cancel(): canceling Wed May 11 19:54:28 UTC 2022
auto.tcl: Setting watchdog for 200 seconds at Wed May 11 19:54:28 UTC 2022
2 ms. Memory: 51200K Free: 29789K (58%)
ptolemy.util.test.WatchDog.cancel(): canceling Wed May 11 19:54:28 UTC 2022
------------------ testing $PTII/ptolemy/domains/de/test/auto/TransferOutputs2.xml
auto.tcl: Setting watchdog for 200 seconds at Wed May 11 19:54:28 UTC 2022
9 ms. Memory: 51200K Free: 28122K (55%)
ptolemy.util.test.WatchDog.cancel(): canceling Wed May 11 19:54:28 UTC 2022
auto.tcl: Setting watchdog for 200 seconds at Wed May 11 19:54:28 UTC 2022
4 ms. Memory: 51200K Free: 26697K (52%)
ptolemy.util.test.WatchDog.cancel(): canceling Wed May 11 19:54:28 UTC 2022
------------------ testing $PTII/ptolemy/domains/de/test/auto/Trilateration.xml
auto.tcl: Setting watchdog for 200 seconds at Wed May 11 19:54:28 UTC 2022
12285 ms. Memory: 453632K Free: 291058K (64%)
ptolemy.util.test.WatchDog.cancel(): canceling Wed May 11 19:54:41 UTC 2022
auto.tcl: Setting watchdog for 200 seconds at Wed May 11 19:54:41 UTC 2022
8867 ms. Memory: 453632K Free: 344095K (76%)
ptolemy.util.test.WatchDog.cancel(): canceling Wed May 11 19:54:50 UTC 2022
------------------ testing $PTII/ptolemy/domains/de/test/auto/TwoSigmaDelta.xml
auto.tcl: Setting watchdog for 200 seconds at Wed May 11 19:54:50 UTC 2022
2224 ms. Memory: 92160K Free: 42154K (46%)
ptolemy.util.test.WatchDog.cancel(): canceling Wed May 11 19:54:53 UTC 2022
auto.tcl: Setting watchdog for 200 seconds at Wed May 11 19:54:53 UTC 2022
1727 ms. Memory: 92160K Free: 47258K (51%)
ptolemy.util.test.WatchDog.cancel(): canceling Wed May 11 19:54:55 UTC 2022
------------------ testing $PTII/ptolemy/domains/de/test/auto/VariableDelay.xml
auto.tcl: Setting watchdog for 200 seconds at Wed May 11 19:54:55 UTC 2022
3 ms. Memory: 55296K Free: 35268K (64%)
ptolemy.util.test.WatchDog.cancel(): canceling Wed May 11 19:54:55 UTC 2022
auto.tcl: Setting watchdog for 200 seconds at Wed May 11 19:54:55 UTC 2022
2 ms. Memory: 55296K Free: 34772K (63%)
ptolemy.util.test.WatchDog.cancel(): canceling Wed May 11 19:54:55 UTC 2022
------------------ testing $PTII/ptolemy/domains/de/test/auto/VariableDelay2.xml
auto.tcl: Setting watchdog for 200 seconds at Wed May 11 19:54:55 UTC 2022
2 ms. Memory: 51200K Free: 31786K (62%)
ptolemy.util.test.WatchDog.cancel(): canceling Wed May 11 19:54:55 UTC 2022
auto.tcl: Setting watchdog for 200 seconds at Wed May 11 19:54:55 UTC 2022
1 ms. Memory: 51200K Free: 31274K (61%)
ptolemy.util.test.WatchDog.cancel(): canceling Wed May 11 19:54:55 UTC 2022
------------------ testing $PTII/ptolemy/domains/de/test/auto/VariableDelayZeroDelay.xml
auto.tcl: Setting watchdog for 200 seconds at Wed May 11 19:54:55 UTC 2022
2 ms. Memory: 51200K Free: 32098K (63%)
ptolemy.util.test.WatchDog.cancel(): canceling Wed May 11 19:54:55 UTC 2022
auto.tcl: Setting watchdog for 200 seconds at Wed May 11 19:54:55 UTC 2022
2 ms. Memory: 51200K Free: 31567K (62%)
ptolemy.util.test.WatchDog.cancel(): canceling Wed May 11 19:54:55 UTC 2022
------------------ testing $PTII/ptolemy/domains/de/test/auto/VariableDelayZeroDelay2.xml
auto.tcl: Setting watchdog for 200 seconds at Wed May 11 19:54:55 UTC 2022
1 ms. Memory: 51200K Free: 32097K (63%)
ptolemy.util.test.WatchDog.cancel(): canceling Wed May 11 19:54:55 UTC 2022
auto.tcl: Setting watchdog for 200 seconds at Wed May 11 19:54:55 UTC 2022
1 ms. Memory: 51200K Free: 31073K (61%)
ptolemy.util.test.WatchDog.cancel(): canceling Wed May 11 19:54:55 UTC 2022
------------------ testing $PTII/ptolemy/domains/de/test/auto/deInCt.xml
auto.tcl: Setting watchdog for 200 seconds at Wed May 11 19:54:55 UTC 2022
0
1
1
1
0
0
0
0
0
1
1
1
0
0
0
1
1
1
0
0
0
0
1
1
1
1
1
1
0
0
0
1
1
1
1
20 ms. Memory: 51200K Free: 31070K (61%)
ptolemy.util.test.WatchDog.cancel(): canceling Wed May 11 19:54:55 UTC 2022
auto.tcl: Setting watchdog for 200 seconds at Wed May 11 19:54:55 UTC 2022
0
1
1
1
1
0
0
0
1
1
1
0
0
0
0
1
1
1
0
0
0
0
1
1
1
0
0
0
1
1
1
0
0
0
0
0
1
1
0
0
0
0
6 ms. Memory: 51200K Free: 29546K (58%)
ptolemy.util.test.WatchDog.cancel(): canceling Wed May 11 19:54:55 UTC 2022
------------------ testing $PTII/ptolemy/domains/de/test/auto/deInCt2.xml
auto.tcl: Setting watchdog for 200 seconds at Wed May 11 19:54:55 UTC 2022
0
1
1
1
0
0
1
1
1
0
0
1
1
1
0
0
1
1
1
0
0
1
1
1
0
0
1
1
1
0
0
1
1
1
0
0
1
1
1
0
0
0
14 ms. Memory: 51200K Free: 31071K (61%)
ptolemy.util.test.WatchDog.cancel(): canceling Wed May 11 19:54:55 UTC 2022
auto.tcl: Setting watchdog for 200 seconds at Wed May 11 19:54:55 UTC 2022
0
1
1
1
0
0
1
1
1
0
0
1
1
1
0
0
1
1
1
0
0
1
1
1
0
0
1
1
1
0
0
1
1
1
0
0
1
1
1
0
0
0
9 ms. Memory: 51200K Free: 29546K (58%)
ptolemy.util.test.WatchDog.cancel(): canceling Wed May 11 19:54:55 UTC 2022
------------------ testing $PTII/ptolemy/domains/de/test/auto/dynamicCausalityInterface1.xml
auto.tcl: Setting watchdog for 200 seconds at Wed May 11 19:54:55 UTC 2022
1 ms. Memory: 51200K Free: 26386K (52%)
ptolemy.util.test.WatchDog.cancel(): canceling Wed May 11 19:54:55 UTC 2022
auto.tcl: Setting watchdog for 200 seconds at Wed May 11 19:54:55 UTC 2022
0 ms. Memory: 51200K Free: 25945K (51%)
ptolemy.util.test.WatchDog.cancel(): canceling Wed May 11 19:54:55 UTC 2022
------------------ testing $PTII/ptolemy/domains/de/test/auto/fsm_de_test.xml
auto.tcl: Setting watchdog for 200 seconds at Wed May 11 19:54:55 UTC 2022
9 ms. Memory: 51200K Free: 26340K (51%)
ptolemy.util.test.WatchDog.cancel(): canceling Wed May 11 19:54:55 UTC 2022
auto.tcl: Setting watchdog for 200 seconds at Wed May 11 19:54:55 UTC 2022
4 ms. Memory: 51200K Free: 24820K (48%)
ptolemy.util.test.WatchDog.cancel(): canceling Wed May 11 19:54:55 UTC 2022
------------------ testing $PTII/ptolemy/domains/de/test/auto/functionDependencyReconstruction.xml
auto.tcl: Setting watchdog for 200 seconds at Wed May 11 19:54:55 UTC 2022
3 ms. Memory: 51200K Free: 20714K (40%)
ptolemy.util.test.WatchDog.cancel(): canceling Wed May 11 19:54:55 UTC 2022
auto.tcl: Setting watchdog for 200 seconds at Wed May 11 19:54:55 UTC 2022
3 ms. Memory: 51200K Free: 18666K (36%)
ptolemy.util.test.WatchDog.cancel(): canceling Wed May 11 19:54:55 UTC 2022
------------------ testing $PTII/ptolemy/domains/de/test/auto/multirate.xml
auto.tcl: Setting watchdog for 200 seconds at Wed May 11 19:54:55 UTC 2022
4 ms. Memory: 51200K Free: 29492K (58%)
ptolemy.util.test.WatchDog.cancel(): canceling Wed May 11 19:54:55 UTC 2022
auto.tcl: Setting watchdog for 200 seconds at Wed May 11 19:54:55 UTC 2022
3 ms. Memory: 51200K Free: 27782K (54%)
ptolemy.util.test.WatchDog.cancel(): canceling Wed May 11 19:54:55 UTC 2022
------------------ testing $PTII/ptolemy/domains/de/test/auto/multirate2.xml
auto.tcl: Setting watchdog for 200 seconds at Wed May 11 19:54:55 UTC 2022
2 ms. Memory: 51200K Free: 29107K (57%)
ptolemy.util.test.WatchDog.cancel(): canceling Wed May 11 19:54:55 UTC 2022
auto.tcl: Setting watchdog for 200 seconds at Wed May 11 19:54:55 UTC 2022
3 ms. Memory: 51200K Free: 27985K (55%)
ptolemy.util.test.WatchDog.cancel(): canceling Wed May 11 19:54:55 UTC 2022
------------------ testing $PTII/ptolemy/domains/de/test/auto/realtime.xml
auto.tcl: Setting watchdog for 200 seconds at Wed May 11 19:54:55 UTC 2022
10001 ms. Memory: 51200K Free: 31779K (62%)
ptolemy.util.test.WatchDog.cancel(): canceling Wed May 11 19:55:05 UTC 2022
auto.tcl: Setting watchdog for 200 seconds at Wed May 11 19:55:05 UTC 2022
10001 ms. Memory: 51200K Free: 31044K (61%)
ptolemy.util.test.WatchDog.cancel(): canceling Wed May 11 19:55:15 UTC 2022
------------------ testing $PTII/ptolemy/domains/de/test/auto/relationGroup.xml
auto.tcl: Setting watchdog for 200 seconds at Wed May 11 19:55:15 UTC 2022
2 ms. Memory: 51200K Free: 32828K (64%)
ptolemy.util.test.WatchDog.cancel(): canceling Wed May 11 19:55:15 UTC 2022
auto.tcl: Setting watchdog for 200 seconds at Wed May 11 19:55:15 UTC 2022
2 ms. Memory: 51200K Free: 32310K (63%)
ptolemy.util.test.WatchDog.cancel(): canceling Wed May 11 19:55:15 UTC 2022
------------------ testing $PTII/ptolemy/domains/de/test/auto/relationGroup2.xml
auto.tcl: Setting watchdog for 200 seconds at Wed May 11 19:55:15 UTC 2022
1 ms. Memory: 51200K Free: 32854K (64%)
ptolemy.util.test.WatchDog.cancel(): canceling Wed May 11 19:55:15 UTC 2022
auto.tcl: Setting watchdog for 200 seconds at Wed May 11 19:55:15 UTC 2022
2 ms. Memory: 51200K Free: 32344K (63%)
ptolemy.util.test.WatchDog.cancel(): canceling Wed May 11 19:55:15 UTC 2022
------------------ testing $PTII/ptolemy/domains/de/test/auto/sortWithOpaquePorts.xml
auto.tcl: Setting watchdog for 200 seconds at Wed May 11 19:55:15 UTC 2022
2 ms. Memory: 51200K Free: 31592K (62%)
ptolemy.util.test.WatchDog.cancel(): canceling Wed May 11 19:55:15 UTC 2022
auto.tcl: Setting watchdog for 200 seconds at Wed May 11 19:55:15 UTC 2022
2 ms. Memory: 51200K Free: 30594K (60%)
ptolemy.util.test.WatchDog.cancel(): canceling Wed May 11 19:55:15 UTC 2022
------------------ testing $PTII/ptolemy/domains/de/test/auto/transferInputsandOutputs.xml
auto.tcl: Setting watchdog for 200 seconds at Wed May 11 19:55:16 UTC 2022
2 ms. Memory: 51200K Free: 29036K (57%)
ptolemy.util.test.WatchDog.cancel(): canceling Wed May 11 19:55:16 UTC 2022
auto.tcl: Setting watchdog for 200 seconds at Wed May 11 19:55:16 UTC 2022
2 ms. Memory: 51200K Free: 28023K (55%)
ptolemy.util.test.WatchDog.cancel(): canceling Wed May 11 19:55:16 UTC 2022
------------------ testing $PTII/ptolemy/domains/de/test/auto/triggerType.xml
auto.tcl: Setting watchdog for 200 seconds at Wed May 11 19:55:16 UTC 2022
1 ms. Memory: 51200K Free: 32060K (63%)
ptolemy.util.test.WatchDog.cancel(): canceling Wed May 11 19:55:16 UTC 2022
auto.tcl: Setting watchdog for 200 seconds at Wed May 11 19:55:16 UTC 2022
1 ms. Memory: 51200K Free: 31077K (61%)
ptolemy.util.test.WatchDog.cancel(): canceling Wed May 11 19:55:16 UTC 2022
05/11/22 07:55:16
Failed: 0  Total Tests: 192  ((Passed: 187, Newly Passed: 1)  Known Failed: 5) /home/travis/build/icyphy/ptII/ptolemy/domains/de/test
05/11/22 07:55:16
Failed: 0  Total Tests: 192  ((Passed: 187, Newly Passed: 1)  Known Failed: 5) /home/travis/build/icyphy/ptII/ptolemy/domains/de/test
----------------- testing (KnownFailure) /home/travis/build/icyphy/ptII/ptolemy/domains/de/test/auto/knownFailedTests/DESDFClockTest.xml
2011 ms. Memory: 51200K Free: 24945K (49%)
Known Failure: java.lang.reflect.InvocationTargetException
----------------- testing (KnownFailure) /home/travis/build/icyphy/ptII/ptolemy/domains/de/test/auto/knownFailedTests/DirectFeedback.xml
2 ms. Memory: 51200K Free: 21359K (42%)
Known Failure: java.lang.reflect.InvocationTargetException
----------------- testing (KnownFailure) /home/travis/build/icyphy/ptII/ptolemy/domains/de/test/auto/knownFailedTests/FSMSource.xml
12 ms. Memory: 51200K Free: 13153K (26%)
----------------- testing (KnownFailure) /home/travis/build/icyphy/ptII/ptolemy/domains/de/test/auto/knownFailedTests/HierarchicalModel.xml
2 ms. Memory: 51200K Free: 25199K (49%)
Known Failure: java.lang.reflect.InvocationTargetException
----------------- testing (KnownFailure) /home/travis/build/icyphy/ptII/ptolemy/domains/de/test/auto/knownFailedTests/dependencyLoop.xml
3 ms. Memory: 51200K Free: 10236K (20%)
Known Failure: java.lang.reflect.InvocationTargetException
----------------- testing (KnownFailure) /home/travis/build/icyphy/ptII/ptolemy/domains/de/test/auto/knownFailedTests/dependencyLoop2.xml
2 ms. Memory: 51200K Free: 22797K (45%)
Known Failure: java.lang.reflect.InvocationTargetException
No auto/linux-amd64/*.xml tests in /home/travis/build/icyphy/ptII/ptolemy/domains/de/test
AutoTests.java: About to close Vertx.
AutoTests.java: Vertx closed.

===========================================================================================
----------------- testing Wed May 11 19:55:18 UTC 2022 /home/travis/build/icyphy/ptII/ptolemy/domains/de/test/auto/ActorDepthCalculation_actorWithoutPorts.xml
----------------- Instantiating /home/travis/build/icyphy/ptII/ptolemy/domains/de/test/auto/ActorDepthCalculation_actorWithoutPorts.xml
1 ms. Memory: 51200K Free: 15994K (31%)
----------------- Invoking toplevel() on ptolemy.moml.MoMLSimpleApplication@541cd17b
----------------- Done invoking toplevel() on ptolemy.moml.MoMLSimpleApplication@541cd17b
reloadAllAccessors: .ActorDepthCalculation_actorWithoutPorts

===========================================================================================
----------------- testing Wed May 11 19:55:18 UTC 2022 /home/travis/build/icyphy/ptII/ptolemy/domains/de/test/auto/AssemblyLine.xml
----------------- Instantiating /home/travis/build/icyphy/ptII/ptolemy/domains/de/test/auto/AssemblyLine.xml
3 ms. Memory: 51200K Free: 8848K (17%)
----------------- Invoking toplevel() on ptolemy.moml.MoMLSimpleApplication@2326e9b4
----------------- Done invoking toplevel() on ptolemy.moml.MoMLSimpleApplication@2326e9b4
reloadAllAccessors: .AssemblyLine

===========================================================================================
----------------- testing Wed May 11 19:55:18 UTC 2022 /home/travis/build/icyphy/ptII/ptolemy/domains/de/test/auto/CQBug1.xml
----------------- Instantiating /home/travis/build/icyphy/ptII/ptolemy/domains/de/test/auto/CQBug1.xml
2 ms. Memory: 51200K Free: 33863K (66%)
----------------- Invoking toplevel() on ptolemy.moml.MoMLSimpleApplication@663c0936
----------------- Done invoking toplevel() on ptolemy.moml.MoMLSimpleApplication@663c0936
reloadAllAccessors: .CQBug1

===========================================================================================
----------------- testing Wed May 11 19:55:18 UTC 2022 /home/travis/build/icyphy/ptII/ptolemy/domains/de/test/auto/CancelFireAt.xml
----------------- Instantiating /home/travis/build/icyphy/ptII/ptolemy/domains/de/test/auto/CancelFireAt.xml
1 ms. Memory: 51200K Free: 31522K (62%)
----------------- Invoking toplevel() on ptolemy.moml.MoMLSimpleApplication@485efbfc
----------------- Done invoking toplevel() on ptolemy.moml.MoMLSimpleApplication@485efbfc
reloadAllAccessors: .CancelFireAt

===========================================================================================
----------------- testing Wed May 11 19:55:18 UTC 2022 /home/travis/build/icyphy/ptII/ptolemy/domains/de/test/auto/CausalityAndComposabilityAnalysis.xml
----------------- Instantiating /home/travis/build/icyphy/ptII/ptolemy/domains/de/test/auto/CausalityAndComposabilityAnalysis.xml
1 ms. Memory: 51200K Free: 27118K (53%)
----------------- Invoking toplevel() on ptolemy.moml.MoMLSimpleApplication@2f33f175
----------------- Done invoking toplevel() on ptolemy.moml.MoMLSimpleApplication@2f33f175
reloadAllAccessors: .CausalityAndComposabilityAnalysis

===========================================================================================
----------------- testing Wed May 11 19:55:18 UTC 2022 /home/travis/build/icyphy/ptII/ptolemy/domains/de/test/auto/CausalityInterface1.xml
----------------- Instantiating /home/travis/build/icyphy/ptII/ptolemy/domains/de/test/auto/CausalityInterface1.xml
5 ms. Memory: 51200K Free: 22014K (43%)
----------------- Invoking toplevel() on ptolemy.moml.MoMLSimpleApplication@42ed6a7f
----------------- Done invoking toplevel() on ptolemy.moml.MoMLSimpleApplication@42ed6a7f
reloadAllAccessors: .CausalityInterface1

===========================================================================================
----------------- testing Wed May 11 19:55:18 UTC 2022 /home/travis/build/icyphy/ptII/ptolemy/domains/de/test/auto/CausalityInterface15.xml
----------------- Instantiating /home/travis/build/icyphy/ptII/ptolemy/domains/de/test/auto/CausalityInterface15.xml
1 ms. Memory: 51200K Free: 16537K (32%)
----------------- Invoking toplevel() on ptolemy.moml.MoMLSimpleApplication@6d0326d9
----------------- Done invoking toplevel() on ptolemy.moml.MoMLSimpleApplication@6d0326d9
reloadAllAccessors: .CausalityInterface15

===========================================================================================
----------------- testing Wed May 11 19:55:18 UTC 2022 /home/travis/build/icyphy/ptII/ptolemy/domains/de/test/auto/CausalityInterface2.xml
----------------- Instantiating /home/travis/build/icyphy/ptII/ptolemy/domains/de/test/auto/CausalityInterface2.xml
1 ms. Memory: 51200K Free: 12066K (24%)
----------------- Invoking toplevel() on ptolemy.moml.MoMLSimpleApplication@d5b4b19
----------------- Done invoking toplevel() on ptolemy.moml.MoMLSimpleApplication@d5b4b19
reloadAllAccessors: .CausalityInterface2

===========================================================================================
----------------- testing Wed May 11 19:55:18 UTC 2022 /home/travis/build/icyphy/ptII/ptolemy/domains/de/test/auto/CausalityInterface3.xml
----------------- Instantiating /home/travis/build/icyphy/ptII/ptolemy/domains/de/test/auto/CausalityInterface3.xml
1 ms. Memory: 51200K Free: 34525K (67%)
----------------- Invoking toplevel() on ptolemy.moml.MoMLSimpleApplication@24134179
----------------- Done invoking toplevel() on ptolemy.moml.MoMLSimpleApplication@24134179
reloadAllAccessors: .CausalityInterface3

===========================================================================================
----------------- testing Wed May 11 19:55:18 UTC 2022 /home/travis/build/icyphy/ptII/ptolemy/domains/de/test/auto/ClockDrift.xml
----------------- Instantiating /home/travis/build/icyphy/ptII/ptolemy/domains/de/test/auto/ClockDrift.xml
18 ms. Memory: 51200K Free: 22237K (43%)
----------------- Invoking toplevel() on ptolemy.moml.MoMLSimpleApplication@5fcae612
----------------- Done invoking toplevel() on ptolemy.moml.MoMLSimpleApplication@5fcae612
reloadAllAccessors: .ClockDrift

===========================================================================================
----------------- testing Wed May 11 19:55:18 UTC 2022 /home/travis/build/icyphy/ptII/ptolemy/domains/de/test/auto/ClockDriftAndValueChange.xml
----------------- Instantiating /home/travis/build/icyphy/ptII/ptolemy/domains/de/test/auto/ClockDriftAndValueChange.xml
10 ms. Memory: 51200K Free: 10420K (20%)
----------------- Invoking toplevel() on ptolemy.moml.MoMLSimpleApplication@4b8d383e
----------------- Done invoking toplevel() on ptolemy.moml.MoMLSimpleApplication@4b8d383e
reloadAllAccessors: .ClockDriftAndValueChange

===========================================================================================
----------------- testing Wed May 11 19:55:18 UTC 2022 /home/travis/build/icyphy/ptII/ptolemy/domains/de/test/auto/ClockDriftChange.xml
----------------- Instantiating /home/travis/build/icyphy/ptII/ptolemy/domains/de/test/auto/ClockDriftChange.xml
9 ms. Memory: 51200K Free: 28074K (55%)
----------------- Invoking toplevel() on ptolemy.moml.MoMLSimpleApplication@1492ea3c
----------------- Done invoking toplevel() on ptolemy.moml.MoMLSimpleApplication@1492ea3c
reloadAllAccessors: .ClockDriftChange

===========================================================================================
----------------- testing Wed May 11 19:55:18 UTC 2022 /home/travis/build/icyphy/ptII/ptolemy/domains/de/test/auto/ComposableCausalityAnalysis.xml
----------------- Instantiating /home/travis/build/icyphy/ptII/ptolemy/domains/de/test/auto/ComposableCausalityAnalysis.xml
1 ms. Memory: 51200K Free: 22177K (43%)
----------------- Invoking toplevel() on ptolemy.moml.MoMLSimpleApplication@15798920
----------------- Done invoking toplevel() on ptolemy.moml.MoMLSimpleApplication@15798920
reloadAllAccessors: .ComposableCausalityAnalysis

===========================================================================================
----------------- testing Wed May 11 19:55:18 UTC 2022 /home/travis/build/icyphy/ptII/ptolemy/domains/de/test/auto/DEFixedPointLimitation.xml
----------------- Instantiating /home/travis/build/icyphy/ptII/ptolemy/domains/de/test/auto/DEFixedPointLimitation.xml
1 ms. Memory: 51200K Free: 17770K (35%)
----------------- Invoking toplevel() on ptolemy.moml.MoMLSimpleApplication@5bfd17dc
----------------- Done invoking toplevel() on ptolemy.moml.MoMLSimpleApplication@5bfd17dc
reloadAllAccessors: .DEFixedPointLimitation

===========================================================================================
----------------- testing Wed May 11 19:55:18 UTC 2022 /home/travis/build/icyphy/ptII/ptolemy/domains/de/test/auto/DEScheduleTest.xml
----------------- Instantiating /home/travis/build/icyphy/ptII/ptolemy/domains/de/test/auto/DEScheduleTest.xml
1 ms. Memory: 51200K Free: 13405K (26%)
----------------- Invoking toplevel() on ptolemy.moml.MoMLSimpleApplication@33911734
----------------- Done invoking toplevel() on ptolemy.moml.MoMLSimpleApplication@33911734
reloadAllAccessors: .DEScheduleTest

===========================================================================================
----------------- testing Wed May 11 19:55:18 UTC 2022 /home/travis/build/icyphy/ptII/ptolemy/domains/de/test/auto/DEinDEwithStartTimes.xml
----------------- Instantiating /home/travis/build/icyphy/ptII/ptolemy/domains/de/test/auto/DEinDEwithStartTimes.xml
5 ms. Memory: 51200K Free: 35127K (69%)
----------------- Invoking toplevel() on ptolemy.moml.MoMLSimpleApplication@7de08dd1
----------------- Done invoking toplevel() on ptolemy.moml.MoMLSimpleApplication@7de08dd1
reloadAllAccessors: .DEinDEwithStartTimes

===========================================================================================
----------------- testing Wed May 11 19:55:18 UTC 2022 /home/travis/build/icyphy/ptII/ptolemy/domains/de/test/auto/DEinDEwithStartTimes2.xml
----------------- Instantiating /home/travis/build/icyphy/ptII/ptolemy/domains/de/test/auto/DEinDEwithStartTimes2.xml
2 ms. Memory: 51200K Free: 28342K (55%)
----------------- Invoking toplevel() on ptolemy.moml.MoMLSimpleApplication@346feaad
----------------- Done invoking toplevel() on ptolemy.moml.MoMLSimpleApplication@346feaad
reloadAllAccessors: .DEinDEwithStartTimes2

===========================================================================================
----------------- testing Wed May 11 19:55:18 UTC 2022 /home/travis/build/icyphy/ptII/ptolemy/domains/de/test/auto/DateDemo.xml
----------------- Instantiating /home/travis/build/icyphy/ptII/ptolemy/domains/de/test/auto/DateDemo.xml
13 ms. Memory: 51200K Free: 16770K (33%)
----------------- Invoking toplevel() on ptolemy.moml.MoMLSimpleApplication@7e0e4b7e
----------------- Done invoking toplevel() on ptolemy.moml.MoMLSimpleApplication@7e0e4b7e
reloadAllAccessors: .DateDemo

===========================================================================================
----------------- testing Wed May 11 19:55:18 UTC 2022 /home/travis/build/icyphy/ptII/ptolemy/domains/de/test/auto/DateToEvent.xml
----------------- Instantiating /home/travis/build/icyphy/ptII/ptolemy/domains/de/test/auto/DateToEvent.xml
2004 ms. Memory: 51200K Free: 27473K (54%)
----------------- Invoking toplevel() on ptolemy.moml.MoMLSimpleApplication@773b674c
----------------- Done invoking toplevel() on ptolemy.moml.MoMLSimpleApplication@773b674c
reloadAllAccessors: .DateToEvent

===========================================================================================
----------------- testing Wed May 11 19:55:20 UTC 2022 /home/travis/build/icyphy/ptII/ptolemy/domains/de/test/auto/DepthTest1.xml
----------------- Instantiating /home/travis/build/icyphy/ptII/ptolemy/domains/de/test/auto/DepthTest1.xml
1 ms. Memory: 51200K Free: 24802K (48%)
----------------- Invoking toplevel() on ptolemy.moml.MoMLSimpleApplication@6389da44
----------------- Done invoking toplevel() on ptolemy.moml.MoMLSimpleApplication@6389da44
reloadAllAccessors: .DepthTest1

===========================================================================================
----------------- testing Wed May 11 19:55:20 UTC 2022 /home/travis/build/icyphy/ptII/ptolemy/domains/de/test/auto/DepthTest2.xml
----------------- Instantiating /home/travis/build/icyphy/ptII/ptolemy/domains/de/test/auto/DepthTest2.xml
2 ms. Memory: 51200K Free: 18628K (36%)
----------------- Invoking toplevel() on ptolemy.moml.MoMLSimpleApplication@1db38a61
----------------- Done invoking toplevel() on ptolemy.moml.MoMLSimpleApplication@1db38a61
reloadAllAccessors: .DepthTest2

===========================================================================================
----------------- testing Wed May 11 19:55:20 UTC 2022 /home/travis/build/icyphy/ptII/ptolemy/domains/de/test/auto/DepthTest3.xml
----------------- Instantiating /home/travis/build/icyphy/ptII/ptolemy/domains/de/test/auto/DepthTest3.xml
1 ms. Memory: 51200K Free: 15556K (30%)
----------------- Invoking toplevel() on ptolemy.moml.MoMLSimpleApplication@21649294
----------------- Done invoking toplevel() on ptolemy.moml.MoMLSimpleApplication@21649294
reloadAllAccessors: .DepthTest3

===========================================================================================
----------------- testing Wed May 11 19:55:20 UTC 2022 /home/travis/build/icyphy/ptII/ptolemy/domains/de/test/auto/DepthTest4.xml
----------------- Instantiating /home/travis/build/icyphy/ptII/ptolemy/domains/de/test/auto/DepthTest4.xml
10 ms. Memory: 51200K Free: 10651K (21%)
----------------- Invoking toplevel() on ptolemy.moml.MoMLSimpleApplication@4c62d60d
----------------- Done invoking toplevel() on ptolemy.moml.MoMLSimpleApplication@4c62d60d
reloadAllAccessors: .DepthTest4

===========================================================================================
----------------- testing Wed May 11 19:55:20 UTC 2022 /home/travis/build/icyphy/ptII/ptolemy/domains/de/test/auto/DepthTest5.xml
----------------- Instantiating /home/travis/build/icyphy/ptII/ptolemy/domains/de/test/auto/DepthTest5.xml
1 ms. Memory: 51200K Free: 32216K (63%)
----------------- Invoking toplevel() on ptolemy.moml.MoMLSimpleApplication@6bf388b0
----------------- Done invoking toplevel() on ptolemy.moml.MoMLSimpleApplication@6bf388b0
reloadAllAccessors: .DepthTest5

===========================================================================================
----------------- testing Wed May 11 19:55:20 UTC 2022 /home/travis/build/icyphy/ptII/ptolemy/domains/de/test/auto/DepthTest6.xml
----------------- Instantiating /home/travis/build/icyphy/ptII/ptolemy/domains/de/test/auto/DepthTest6.xml
1 ms. Memory: 51200K Free: 26889K (53%)
----------------- Invoking toplevel() on ptolemy.moml.MoMLSimpleApplication@403c25c1
----------------- Done invoking toplevel() on ptolemy.moml.MoMLSimpleApplication@403c25c1
reloadAllAccessors: .DepthTest6

===========================================================================================
----------------- testing Wed May 11 19:55:20 UTC 2022 /home/travis/build/icyphy/ptII/ptolemy/domains/de/test/auto/DepthTest7.xml
----------------- Instantiating /home/travis/build/icyphy/ptII/ptolemy/domains/de/test/auto/DepthTest7.xml
1 ms. Memory: 51200K Free: 21945K (43%)
----------------- Invoking toplevel() on ptolemy.moml.MoMLSimpleApplication@750c3e24
----------------- Done invoking toplevel() on ptolemy.moml.MoMLSimpleApplication@750c3e24
reloadAllAccessors: .DepthTest7

===========================================================================================
----------------- testing Wed May 11 19:55:20 UTC 2022 /home/travis/build/icyphy/ptII/ptolemy/domains/de/test/auto/EventToDate.xml
----------------- Instantiating /home/travis/build/icyphy/ptII/ptolemy/domains/de/test/auto/EventToDate.xml
3010 ms. Memory: 51200K Free: 35184K (69%)
----------------- Invoking toplevel() on ptolemy.moml.MoMLSimpleApplication@7aa19a0a
----------------- Done invoking toplevel() on ptolemy.moml.MoMLSimpleApplication@7aa19a0a
reloadAllAccessors: .EventToDate

===========================================================================================
----------------- testing Wed May 11 19:55:23 UTC 2022 /home/travis/build/icyphy/ptII/ptolemy/domains/de/test/auto/FSM1.xml
----------------- Instantiating /home/travis/build/icyphy/ptII/ptolemy/domains/de/test/auto/FSM1.xml
13 ms. Memory: 51200K Free: 22841K (45%)
----------------- Invoking toplevel() on ptolemy.moml.MoMLSimpleApplication@274b63cd
----------------- Done invoking toplevel() on ptolemy.moml.MoMLSimpleApplication@274b63cd
reloadAllAccessors: .FSM1

===========================================================================================
----------------- testing Wed May 11 19:55:23 UTC 2022 /home/travis/build/icyphy/ptII/ptolemy/domains/de/test/auto/FSM7.xml
----------------- Instantiating /home/travis/build/icyphy/ptII/ptolemy/domains/de/test/auto/FSM7.xml
16 ms. Memory: 51200K Free: 10523K (21%)
----------------- Invoking toplevel() on ptolemy.moml.MoMLSimpleApplication@4974adc3
----------------- Done invoking toplevel() on ptolemy.moml.MoMLSimpleApplication@4974adc3
reloadAllAccessors: .FSM7

===========================================================================================
----------------- testing Wed May 11 19:55:24 UTC 2022 /home/travis/build/icyphy/ptII/ptolemy/domains/de/test/auto/Inspection.xml
----------------- Instantiating /home/travis/build/icyphy/ptII/ptolemy/domains/de/test/auto/Inspection.xml
21 ms. Memory: 51200K Free: 25180K (49%)
----------------- Invoking toplevel() on ptolemy.moml.MoMLSimpleApplication@1e83b25
----------------- Done invoking toplevel() on ptolemy.moml.MoMLSimpleApplication@1e83b25
reloadAllAccessors: .Inspection

===========================================================================================
----------------- testing Wed May 11 19:55:24 UTC 2022 /home/travis/build/icyphy/ptII/ptolemy/domains/de/test/auto/Iteration.xml
----------------- Instantiating /home/travis/build/icyphy/ptII/ptolemy/domains/de/test/auto/Iteration.xml
4 ms. Memory: 51200K Free: 18294K (36%)
----------------- Invoking toplevel() on ptolemy.moml.MoMLSimpleApplication@66e18cc7
----------------- Done invoking toplevel() on ptolemy.moml.MoMLSimpleApplication@66e18cc7
reloadAllAccessors: .Iteration

===========================================================================================
----------------- testing Wed May 11 19:55:24 UTC 2022 /home/travis/build/icyphy/ptII/ptolemy/domains/de/test/auto/LineFault.xml
----------------- Instantiating /home/travis/build/icyphy/ptII/ptolemy/domains/de/test/auto/LineFault.xml
472 ms. Memory: 51200K Free: 33137K (65%)
----------------- Invoking toplevel() on ptolemy.moml.MoMLSimpleApplication@28c502ad
----------------- Done invoking toplevel() on ptolemy.moml.MoMLSimpleApplication@28c502ad
reloadAllAccessors: .LineFault

===========================================================================================
----------------- testing Wed May 11 19:55:24 UTC 2022 /home/travis/build/icyphy/ptII/ptolemy/domains/de/test/auto/MergeModel1Add.xml
----------------- Instantiating /home/travis/build/icyphy/ptII/ptolemy/domains/de/test/auto/MergeModel1Add.xml
6 ms. Memory: 51200K Free: 14212K (28%)
----------------- Invoking toplevel() on ptolemy.moml.MoMLSimpleApplication@7f27070b
----------------- Done invoking toplevel() on ptolemy.moml.MoMLSimpleApplication@7f27070b
reloadAllAccessors: .MergeModel1Add

===========================================================================================
----------------- testing Wed May 11 19:55:24 UTC 2022 /home/travis/build/icyphy/ptII/ptolemy/domains/de/test/auto/MergeModel2Add.xml
----------------- Instantiating /home/travis/build/icyphy/ptII/ptolemy/domains/de/test/auto/MergeModel2Add.xml
6 ms. Memory: 61440K Free: 32749K (53%)
----------------- Invoking toplevel() on ptolemy.moml.MoMLSimpleApplication@4714f986
----------------- Done invoking toplevel() on ptolemy.moml.MoMLSimpleApplication@4714f986
reloadAllAccessors: .MergeModel2Add

===========================================================================================
----------------- testing Wed May 11 19:55:24 UTC 2022 /home/travis/build/icyphy/ptII/ptolemy/domains/de/test/auto/MergeModel3Add.xml
----------------- Instantiating /home/travis/build/icyphy/ptII/ptolemy/domains/de/test/auto/MergeModel3Add.xml
5 ms. Memory: 61440K Free: 42734K (70%)
----------------- Invoking toplevel() on ptolemy.moml.MoMLSimpleApplication@7fdac658
----------------- Done invoking toplevel() on ptolemy.moml.MoMLSimpleApplication@7fdac658
reloadAllAccessors: .MergeModel3Add

===========================================================================================
----------------- testing Wed May 11 19:55:24 UTC 2022 /home/travis/build/icyphy/ptII/ptolemy/domains/de/test/auto/MergeWithoutDiscard.xml
----------------- Instantiating /home/travis/build/icyphy/ptII/ptolemy/domains/de/test/auto/MergeWithoutDiscard.xml
1 ms. Memory: 61440K Free: 38188K (62%)
----------------- Invoking toplevel() on ptolemy.moml.MoMLSimpleApplication@7118ba8e
----------------- Done invoking toplevel() on ptolemy.moml.MoMLSimpleApplication@7118ba8e
reloadAllAccessors: .MergeWithoutDiscard

===========================================================================================
----------------- testing Wed May 11 19:55:24 UTC 2022 /home/travis/build/icyphy/ptII/ptolemy/domains/de/test/auto/Modal1.xml
----------------- Instantiating /home/travis/build/icyphy/ptII/ptolemy/domains/de/test/auto/Modal1.xml
7 ms. Memory: 61440K Free: 26188K (43%)
----------------- Invoking toplevel() on ptolemy.moml.MoMLSimpleApplication@16fa8e7c
----------------- Done invoking toplevel() on ptolemy.moml.MoMLSimpleApplication@16fa8e7c
reloadAllAccessors: .Modal1

===========================================================================================
----------------- testing Wed May 11 19:55:24 UTC 2022 /home/travis/build/icyphy/ptII/ptolemy/domains/de/test/auto/Modal2.xml
----------------- Instantiating /home/travis/build/icyphy/ptII/ptolemy/domains/de/test/auto/Modal2.xml
13 ms. Memory: 61440K Free: 42841K (70%)
----------------- Invoking toplevel() on ptolemy.moml.MoMLSimpleApplication@674566fe
----------------- Done invoking toplevel() on ptolemy.moml.MoMLSimpleApplication@674566fe
reloadAllAccessors: .Modal2

===========================================================================================
----------------- testing Wed May 11 19:55:24 UTC 2022 /home/travis/build/icyphy/ptII/ptolemy/domains/de/test/auto/Modal3.xml
----------------- Instantiating /home/travis/build/icyphy/ptII/ptolemy/domains/de/test/auto/Modal3.xml
9 ms. Memory: 61440K Free: 30323K (49%)
----------------- Invoking toplevel() on ptolemy.moml.MoMLSimpleApplication@27dc36f9
----------------- Done invoking toplevel() on ptolemy.moml.MoMLSimpleApplication@27dc36f9
reloadAllAccessors: .Modal3

===========================================================================================
----------------- testing Wed May 11 19:55:24 UTC 2022 /home/travis/build/icyphy/ptII/ptolemy/domains/de/test/auto/Modal4.xml
----------------- Instantiating /home/travis/build/icyphy/ptII/ptolemy/domains/de/test/auto/Modal4.xml
9 ms. Memory: 61440K Free: 17361K (28%)
----------------- Invoking toplevel() on ptolemy.moml.MoMLSimpleApplication@1d07aa9f
----------------- Done invoking toplevel() on ptolemy.moml.MoMLSimpleApplication@1d07aa9f
reloadAllAccessors: .Modal4

===========================================================================================
----------------- testing Wed May 11 19:55:24 UTC 2022 /home/travis/build/icyphy/ptII/ptolemy/domains/de/test/auto/Modal5.xml
----------------- Instantiating /home/travis/build/icyphy/ptII/ptolemy/domains/de/test/auto/Modal5.xml
10 ms. Memory: 61440K Free: 33937K (55%)
----------------- Invoking toplevel() on ptolemy.moml.MoMLSimpleApplication@3469b3c4
----------------- Done invoking toplevel() on ptolemy.moml.MoMLSimpleApplication@3469b3c4
reloadAllAccessors: .Modal5

===========================================================================================
----------------- testing Wed May 11 19:55:24 UTC 2022 /home/travis/build/icyphy/ptII/ptolemy/domains/de/test/auto/Modal6.xml
----------------- Instantiating /home/travis/build/icyphy/ptII/ptolemy/domains/de/test/auto/Modal6.xml
8 ms. Memory: 61440K Free: 21673K (35%)
----------------- Invoking toplevel() on ptolemy.moml.MoMLSimpleApplication@3c0a2cb4
----------------- Done invoking toplevel() on ptolemy.moml.MoMLSimpleApplication@3c0a2cb4
reloadAllAccessors: .Modal6

===========================================================================================
----------------- testing Wed May 11 19:55:25 UTC 2022 /home/travis/build/icyphy/ptII/ptolemy/domains/de/test/auto/Modal7.xml
----------------- Instantiating /home/travis/build/icyphy/ptII/ptolemy/domains/de/test/auto/Modal7.xml
6 ms. Memory: 61440K Free: 37933K (62%)
----------------- Invoking toplevel() on ptolemy.moml.MoMLSimpleApplication@c546bf0
----------------- Done invoking toplevel() on ptolemy.moml.MoMLSimpleApplication@c546bf0
reloadAllAccessors: .Modal7

===========================================================================================
----------------- testing Wed May 11 19:55:25 UTC 2022 /home/travis/build/icyphy/ptII/ptolemy/domains/de/test/auto/ModalModel.xml
----------------- Instantiating /home/travis/build/icyphy/ptII/ptolemy/domains/de/test/auto/ModalModel.xml
123 ms. Memory: 61440K Free: 31234K (51%)
----------------- Invoking toplevel() on ptolemy.moml.MoMLSimpleApplication@5ae86b3
----------------- Done invoking toplevel() on ptolemy.moml.MoMLSimpleApplication@5ae86b3
reloadAllAccessors: .ModalModel

===========================================================================================
----------------- testing Wed May 11 19:55:25 UTC 2022 /home/travis/build/icyphy/ptII/ptolemy/domains/de/test/auto/ModalSource.xml
----------------- Instantiating /home/travis/build/icyphy/ptII/ptolemy/domains/de/test/auto/ModalSource.xml
4 ms. Memory: 61440K Free: 22409K (36%)
----------------- Invoking toplevel() on ptolemy.moml.MoMLSimpleApplication@250c7d5a
----------------- Done invoking toplevel() on ptolemy.moml.MoMLSimpleApplication@250c7d5a
reloadAllAccessors: .ModalSource

===========================================================================================
----------------- testing Wed May 11 19:55:25 UTC 2022 /home/travis/build/icyphy/ptII/ptolemy/domains/de/test/auto/NonInterruptibleTimerZeroDelay.xml
----------------- Instantiating /home/travis/build/icyphy/ptII/ptolemy/domains/de/test/auto/NonInterruptibleTimerZeroDelay.xml
1 ms. Memory: 61440K Free: 18652K (30%)
----------------- Invoking toplevel() on ptolemy.moml.MoMLSimpleApplication@4c48b607
----------------- Done invoking toplevel() on ptolemy.moml.MoMLSimpleApplication@4c48b607
reloadAllAccessors: .NonInterruptibleTimerZeroDelay

===========================================================================================
----------------- testing Wed May 11 19:55:25 UTC 2022 /home/travis/build/icyphy/ptII/ptolemy/domains/de/test/auto/OpenQueueingNetwork.xml
----------------- Instantiating /home/travis/build/icyphy/ptII/ptolemy/domains/de/test/auto/OpenQueueingNetwork.xml
2336 ms. Memory: 160768K Free: 92972K (58%)
----------------- Invoking toplevel() on ptolemy.moml.MoMLSimpleApplication@64e53321
----------------- Done invoking toplevel() on ptolemy.moml.MoMLSimpleApplication@64e53321
reloadAllAccessors: .OpenQueueingNetwork

===========================================================================================
----------------- testing Wed May 11 19:55:27 UTC 2022 /home/travis/build/icyphy/ptII/ptolemy/domains/de/test/auto/OpenQueuingNetwork.xml
----------------- Instantiating /home/travis/build/icyphy/ptII/ptolemy/domains/de/test/auto/OpenQueuingNetwork.xml
209 ms. Memory: 160768K Free: 96729K (60%)
----------------- Invoking toplevel() on ptolemy.moml.MoMLSimpleApplication@5c31ef7c
----------------- Done invoking toplevel() on ptolemy.moml.MoMLSimpleApplication@5c31ef7c
reloadAllAccessors: .OpenQueuingNetwork

===========================================================================================
----------------- testing Wed May 11 19:55:27 UTC 2022 /home/travis/build/icyphy/ptII/ptolemy/domains/de/test/auto/PeriodicSampler.xml
----------------- Instantiating /home/travis/build/icyphy/ptII/ptolemy/domains/de/test/auto/PeriodicSampler.xml
2 ms. Memory: 160768K Free: 92207K (57%)
----------------- Invoking toplevel() on ptolemy.moml.MoMLSimpleApplication@4e3e1aeb
----------------- Done invoking toplevel() on ptolemy.moml.MoMLSimpleApplication@4e3e1aeb
reloadAllAccessors: .PeriodicSampler

===========================================================================================
----------------- testing Wed May 11 19:55:27 UTC 2022 /home/travis/build/icyphy/ptII/ptolemy/domains/de/test/auto/PersistentIO.xml
----------------- Instantiating /home/travis/build/icyphy/ptII/ptolemy/domains/de/test/auto/PersistentIO.xml
3 ms. Memory: 160768K Free: 82447K (51%)
----------------- Invoking toplevel() on ptolemy.moml.MoMLSimpleApplication@370b1e7e
----------------- Done invoking toplevel() on ptolemy.moml.MoMLSimpleApplication@370b1e7e
reloadAllAccessors: .PersistentIO

===========================================================================================
----------------- testing Wed May 11 19:55:27 UTC 2022 /home/travis/build/icyphy/ptII/ptolemy/domains/de/test/auto/PortParameterResetOnInitialize.xml
----------------- Instantiating /home/travis/build/icyphy/ptII/ptolemy/domains/de/test/auto/PortParameterResetOnInitialize.xml
3 ms. Memory: 160768K Free: 77871K (48%)
----------------- Invoking toplevel() on ptolemy.moml.MoMLSimpleApplication@7aa3cfef
----------------- Done invoking toplevel() on ptolemy.moml.MoMLSimpleApplication@7aa3cfef
reloadAllAccessors: .PortParameterResetOnInitialize

===========================================================================================
----------------- testing Wed May 11 19:55:28 UTC 2022 /home/travis/build/icyphy/ptII/ptolemy/domains/de/test/auto/PortParameterUpdates.xml
----------------- Instantiating /home/travis/build/icyphy/ptII/ptolemy/domains/de/test/auto/PortParameterUpdates.xml
5 ms. Memory: 160768K Free: 71199K (44%)
----------------- Invoking toplevel() on ptolemy.moml.MoMLSimpleApplication@1d31edb9
----------------- Done invoking toplevel() on ptolemy.moml.MoMLSimpleApplication@1d31edb9
reloadAllAccessors: .PortParameterUpdates

===========================================================================================
----------------- testing Wed May 11 19:55:28 UTC 2022 /home/travis/build/icyphy/ptII/ptolemy/domains/de/test/auto/QueueAndServer.xml
----------------- Instantiating /home/travis/build/icyphy/ptII/ptolemy/domains/de/test/auto/QueueAndServer.xml
4 ms. Memory: 160768K Free: 63535K (40%)
----------------- Invoking toplevel() on ptolemy.moml.MoMLSimpleApplication@2fe3a46a
----------------- Done invoking toplevel() on ptolemy.moml.MoMLSimpleApplication@2fe3a46a
reloadAllAccessors: .QueueAndServer

===========================================================================================
----------------- testing Wed May 11 19:55:28 UTC 2022 /home/travis/build/icyphy/ptII/ptolemy/domains/de/test/auto/Records.xml
----------------- Instantiating /home/travis/build/icyphy/ptII/ptolemy/domains/de/test/auto/Records.xml
3 ms. Memory: 160768K Free: 141853K (88%)
----------------- Invoking toplevel() on ptolemy.moml.MoMLSimpleApplication@46427bbe
----------------- Done invoking toplevel() on ptolemy.moml.MoMLSimpleApplication@46427bbe
reloadAllAccessors: .Records

===========================================================================================
----------------- testing Wed May 11 19:55:28 UTC 2022 /home/travis/build/icyphy/ptII/ptolemy/domains/de/test/auto/ResetTransitionWithStartTime1.xml
----------------- Instantiating /home/travis/build/icyphy/ptII/ptolemy/domains/de/test/auto/ResetTransitionWithStartTime1.xml
4 ms. Memory: 160768K Free: 133661K (83%)
----------------- Invoking toplevel() on ptolemy.moml.MoMLSimpleApplication@499be8d6
----------------- Done invoking toplevel() on ptolemy.moml.MoMLSimpleApplication@499be8d6
reloadAllAccessors: .ResetTransitionWithStartTime1

===========================================================================================
----------------- testing Wed May 11 19:55:28 UTC 2022 /home/travis/build/icyphy/ptII/ptolemy/domains/de/test/auto/ResetTransitionWithStartTime2.xml
----------------- Instantiating /home/travis/build/icyphy/ptII/ptolemy/domains/de/test/auto/ResetTransitionWithStartTime2.xml
3 ms. Memory: 160768K Free: 125469K (78%)
----------------- Invoking toplevel() on ptolemy.moml.MoMLSimpleApplication@7fd5b1c3
----------------- Done invoking toplevel() on ptolemy.moml.MoMLSimpleApplication@7fd5b1c3
reloadAllAccessors: .ResetTransitionWithStartTime2

===========================================================================================
----------------- testing Wed May 11 19:55:28 UTC 2022 /home/travis/build/icyphy/ptII/ptolemy/domains/de/test/auto/ResetTransitionWithStartTime3.xml
----------------- Instantiating /home/travis/build/icyphy/ptII/ptolemy/domains/de/test/auto/ResetTransitionWithStartTime3.xml
8 ms. Memory: 160768K Free: 117277K (73%)
----------------- Invoking toplevel() on ptolemy.moml.MoMLSimpleApplication@45aa6e07
----------------- Done invoking toplevel() on ptolemy.moml.MoMLSimpleApplication@45aa6e07
reloadAllAccessors: .ResetTransitionWithStartTime3

===========================================================================================
----------------- testing Wed May 11 19:55:28 UTC 2022 /home/travis/build/icyphy/ptII/ptolemy/domains/de/test/auto/ResetTransitionWithStartTime4.xml
----------------- Instantiating /home/travis/build/icyphy/ptII/ptolemy/domains/de/test/auto/ResetTransitionWithStartTime4.xml
4 ms. Memory: 160768K Free: 109588K (68%)
----------------- Invoking toplevel() on ptolemy.moml.MoMLSimpleApplication@502a5d6c
----------------- Done invoking toplevel() on ptolemy.moml.MoMLSimpleApplication@502a5d6c
reloadAllAccessors: .ResetTransitionWithStartTime4

===========================================================================================
----------------- testing Wed May 11 19:55:28 UTC 2022 /home/travis/build/icyphy/ptII/ptolemy/domains/de/test/auto/ResettableTimer1.xml
----------------- Instantiating /home/travis/build/icyphy/ptII/ptolemy/domains/de/test/auto/ResettableTimer1.xml
1 ms. Memory: 160768K Free: 105484K (66%)
----------------- Invoking toplevel() on ptolemy.moml.MoMLSimpleApplication@3c75a4a3
----------------- Done invoking toplevel() on ptolemy.moml.MoMLSimpleApplication@3c75a4a3
reloadAllAccessors: .ResettableTimer1

===========================================================================================
----------------- testing Wed May 11 19:55:28 UTC 2022 /home/travis/build/icyphy/ptII/ptolemy/domains/de/test/auto/ResettableTimer2.xml
----------------- Instantiating /home/travis/build/icyphy/ptII/ptolemy/domains/de/test/auto/ResettableTimer2.xml
1 ms. Memory: 160768K Free: 101396K (63%)
----------------- Invoking toplevel() on ptolemy.moml.MoMLSimpleApplication@14633a04
----------------- Done invoking toplevel() on ptolemy.moml.MoMLSimpleApplication@14633a04
reloadAllAccessors: .ResettableTimer2

===========================================================================================
----------------- testing Wed May 11 19:55:28 UTC 2022 /home/travis/build/icyphy/ptII/ptolemy/domains/de/test/auto/ResettableTimer3.xml
----------------- Instantiating /home/travis/build/icyphy/ptII/ptolemy/domains/de/test/auto/ResettableTimer3.xml
1 ms. Memory: 160768K Free: 97307K (61%)
----------------- Invoking toplevel() on ptolemy.moml.MoMLSimpleApplication@1b2445a5
----------------- Done invoking toplevel() on ptolemy.moml.MoMLSimpleApplication@1b2445a5
reloadAllAccessors: .ResettableTimer3

===========================================================================================
----------------- testing Wed May 11 19:55:28 UTC 2022 /home/travis/build/icyphy/ptII/ptolemy/domains/de/test/auto/ResettableTimer4.xml
----------------- Instantiating /home/travis/build/icyphy/ptII/ptolemy/domains/de/test/auto/ResettableTimer4.xml
0 ms. Memory: 160768K Free: 93211K (58%)
----------------- Invoking toplevel() on ptolemy.moml.MoMLSimpleApplication@30fb9d4a
----------------- Done invoking toplevel() on ptolemy.moml.MoMLSimpleApplication@30fb9d4a
reloadAllAccessors: .ResettableTimer4

===========================================================================================
----------------- testing Wed May 11 19:55:28 UTC 2022 /home/travis/build/icyphy/ptII/ptolemy/domains/de/test/auto/ResettableTimer5.xml
----------------- Instantiating /home/travis/build/icyphy/ptII/ptolemy/domains/de/test/auto/ResettableTimer5.xml
1 ms. Memory: 160768K Free: 88605K (55%)
----------------- Invoking toplevel() on ptolemy.moml.MoMLSimpleApplication@33736e8a
----------------- Done invoking toplevel() on ptolemy.moml.MoMLSimpleApplication@33736e8a
reloadAllAccessors: .ResettableTimer5

===========================================================================================
----------------- testing Wed May 11 19:55:28 UTC 2022 /home/travis/build/icyphy/ptII/ptolemy/domains/de/test/auto/ResettableTimer6.xml
----------------- Instantiating /home/travis/build/icyphy/ptII/ptolemy/domains/de/test/auto/ResettableTimer6.xml
6 ms. Memory: 160768K Free: 83992K (52%)
----------------- Invoking toplevel() on ptolemy.moml.MoMLSimpleApplication@11c30f1e
----------------- Done invoking toplevel() on ptolemy.moml.MoMLSimpleApplication@11c30f1e
reloadAllAccessors: .ResettableTimer6

===========================================================================================
----------------- testing Wed May 11 19:55:28 UTC 2022 /home/travis/build/icyphy/ptII/ptolemy/domains/de/test/auto/ServerZeroDelay.xml
----------------- Instantiating /home/travis/build/icyphy/ptII/ptolemy/domains/de/test/auto/ServerZeroDelay.xml
2 ms. Memory: 160768K Free: 79868K (50%)
----------------- Invoking toplevel() on ptolemy.moml.MoMLSimpleApplication@7315e82
----------------- Done invoking toplevel() on ptolemy.moml.MoMLSimpleApplication@7315e82
reloadAllAccessors: .ServerZeroDelay

===========================================================================================
----------------- testing Wed May 11 19:55:28 UTC 2022 /home/travis/build/icyphy/ptII/ptolemy/domains/de/test/auto/SmartSender.xml
----------------- Instantiating /home/travis/build/icyphy/ptII/ptolemy/domains/de/test/auto/SmartSender.xml
3002 ms. Memory: 160768K Free: 75803K (47%)
----------------- Invoking toplevel() on ptolemy.moml.MoMLSimpleApplication@359eaa65
----------------- Done invoking toplevel() on ptolemy.moml.MoMLSimpleApplication@359eaa65
reloadAllAccessors: .SmartSender

===========================================================================================
----------------- testing Wed May 11 19:55:31 UTC 2022 /home/travis/build/icyphy/ptII/ptolemy/domains/de/test/auto/ThreadedComposite.xml
----------------- Instantiating /home/travis/build/icyphy/ptII/ptolemy/domains/de/test/auto/ThreadedComposite.xml
107 ms. Memory: 160768K Free: 142487K (89%)
----------------- Invoking toplevel() on ptolemy.moml.MoMLSimpleApplication@1bfaa902
----------------- Done invoking toplevel() on ptolemy.moml.MoMLSimpleApplication@1bfaa902
reloadAllAccessors: .ThreadedComposite

===========================================================================================
----------------- testing Wed May 11 19:55:31 UTC 2022 /home/travis/build/icyphy/ptII/ptolemy/domains/de/test/auto/Time.xml
----------------- Instantiating /home/travis/build/icyphy/ptII/ptolemy/domains/de/test/auto/Time.xml
355 ms. Memory: 160768K Free: 90057K (56%)
----------------- Invoking toplevel() on ptolemy.moml.MoMLSimpleApplication@2109cd64
----------------- Done invoking toplevel() on ptolemy.moml.MoMLSimpleApplication@2109cd64
reloadAllAccessors: .Time

===========================================================================================
----------------- testing Wed May 11 19:55:31 UTC 2022 /home/travis/build/icyphy/ptII/ptolemy/domains/de/test/auto/TimeDelayZeroDelay.xml
----------------- Instantiating /home/travis/build/icyphy/ptII/ptolemy/domains/de/test/auto/TimeDelayZeroDelay.xml
2 ms. Memory: 160768K Free: 85947K (53%)
----------------- Invoking toplevel() on ptolemy.moml.MoMLSimpleApplication@6b656f4c
----------------- Done invoking toplevel() on ptolemy.moml.MoMLSimpleApplication@6b656f4c
reloadAllAccessors: .TimeDelayZeroDelay

===========================================================================================
----------------- testing Wed May 11 19:55:31 UTC 2022 /home/travis/build/icyphy/ptII/ptolemy/domains/de/test/auto/TimerZeroDelay.xml
----------------- Instantiating /home/travis/build/icyphy/ptII/ptolemy/domains/de/test/auto/TimerZeroDelay.xml
1 ms. Memory: 160768K Free: 81851K (51%)
----------------- Invoking toplevel() on ptolemy.moml.MoMLSimpleApplication@2f6a7320
----------------- Done invoking toplevel() on ptolemy.moml.MoMLSimpleApplication@2f6a7320
reloadAllAccessors: .TimerZeroDelay

===========================================================================================
----------------- testing Wed May 11 19:55:31 UTC 2022 /home/travis/build/icyphy/ptII/ptolemy/domains/de/test/auto/TimingParadox.xml
----------------- Instantiating /home/travis/build/icyphy/ptII/ptolemy/domains/de/test/auto/TimingParadox.xml
232 ms. Memory: 160768K Free: 105219K (65%)
----------------- Invoking toplevel() on ptolemy.moml.MoMLSimpleApplication@2d5ca7de
----------------- Done invoking toplevel() on ptolemy.moml.MoMLSimpleApplication@2d5ca7de
reloadAllAccessors: .TimingParadox

===========================================================================================
----------------- testing Wed May 11 19:55:32 UTC 2022 /home/travis/build/icyphy/ptII/ptolemy/domains/de/test/auto/TransferInputs.xml
----------------- Instantiating /home/travis/build/icyphy/ptII/ptolemy/domains/de/test/auto/TransferInputs.xml
0 ms. Memory: 160768K Free: 100595K (63%)
----------------- Invoking toplevel() on ptolemy.moml.MoMLSimpleApplication@1f53fb79
----------------- Done invoking toplevel() on ptolemy.moml.MoMLSimpleApplication@1f53fb79
reloadAllAccessors: .TransferInputs

===========================================================================================
----------------- testing Wed May 11 19:55:32 UTC 2022 /home/travis/build/icyphy/ptII/ptolemy/domains/de/test/auto/TransferOutputs2.xml
----------------- Instantiating /home/travis/build/icyphy/ptII/ptolemy/domains/de/test/auto/TransferOutputs2.xml
2 ms. Memory: 160768K Free: 92417K (57%)
----------------- Invoking toplevel() on ptolemy.moml.MoMLSimpleApplication@4d16c462
----------------- Done invoking toplevel() on ptolemy.moml.MoMLSimpleApplication@4d16c462
reloadAllAccessors: .TransferOutputs2

===========================================================================================
----------------- testing Wed May 11 19:55:32 UTC 2022 /home/travis/build/icyphy/ptII/ptolemy/domains/de/test/auto/Trilateration.xml
----------------- Instantiating /home/travis/build/icyphy/ptII/ptolemy/domains/de/test/auto/Trilateration.xml
10553 ms. Memory: 388096K Free: 259585K (67%)
----------------- Invoking toplevel() on ptolemy.moml.MoMLSimpleApplication@71621bde
----------------- Done invoking toplevel() on ptolemy.moml.MoMLSimpleApplication@71621bde
reloadAllAccessors: .Trilateration

===========================================================================================
----------------- testing Wed May 11 19:55:43 UTC 2022 /home/travis/build/icyphy/ptII/ptolemy/domains/de/test/auto/TwoSigmaDelta.xml
----------------- Instantiating /home/travis/build/icyphy/ptII/ptolemy/domains/de/test/auto/TwoSigmaDelta.xml
1799 ms. Memory: 465920K Free: 367482K (79%)
----------------- Invoking toplevel() on ptolemy.moml.MoMLSimpleApplication@3c323989
----------------- Done invoking toplevel() on ptolemy.moml.MoMLSimpleApplication@3c323989
reloadAllAccessors: .TwoSigmaDelta

===========================================================================================
----------------- testing Wed May 11 19:55:45 UTC 2022 /home/travis/build/icyphy/ptII/ptolemy/domains/de/test/auto/VariableDelay.xml
----------------- Instantiating /home/travis/build/icyphy/ptII/ptolemy/domains/de/test/auto/VariableDelay.xml
2 ms. Memory: 465920K Free: 362356K (78%)
----------------- Invoking toplevel() on ptolemy.moml.MoMLSimpleApplication@19aced98
----------------- Done invoking toplevel() on ptolemy.moml.MoMLSimpleApplication@19aced98
reloadAllAccessors: .VariableDelay

===========================================================================================
----------------- testing Wed May 11 19:55:45 UTC 2022 /home/travis/build/icyphy/ptII/ptolemy/domains/de/test/auto/VariableDelay2.xml
----------------- Instantiating /home/travis/build/icyphy/ptII/ptolemy/domains/de/test/auto/VariableDelay2.xml
2 ms. Memory: 465920K Free: 357756K (77%)
----------------- Invoking toplevel() on ptolemy.moml.MoMLSimpleApplication@58521441
----------------- Done invoking toplevel() on ptolemy.moml.MoMLSimpleApplication@58521441
reloadAllAccessors: .VariableDelay2

===========================================================================================
----------------- testing Wed May 11 19:55:45 UTC 2022 /home/travis/build/icyphy/ptII/ptolemy/domains/de/test/auto/VariableDelayZeroDelay.xml
----------------- Instantiating /home/travis/build/icyphy/ptII/ptolemy/domains/de/test/auto/VariableDelayZeroDelay.xml
4 ms. Memory: 465920K Free: 353660K (76%)
----------------- Invoking toplevel() on ptolemy.moml.MoMLSimpleApplication@27c6855c
----------------- Done invoking toplevel() on ptolemy.moml.MoMLSimpleApplication@27c6855c
reloadAllAccessors: .VariableDelayZeroDelay

===========================================================================================
----------------- testing Wed May 11 19:55:45 UTC 2022 /home/travis/build/icyphy/ptII/ptolemy/domains/de/test/auto/VariableDelayZeroDelay2.xml
----------------- Instantiating /home/travis/build/icyphy/ptII/ptolemy/domains/de/test/auto/VariableDelayZeroDelay2.xml
2 ms. Memory: 465920K Free: 349050K (75%)
----------------- Invoking toplevel() on ptolemy.moml.MoMLSimpleApplication@71689b81
----------------- Done invoking toplevel() on ptolemy.moml.MoMLSimpleApplication@71689b81
reloadAllAccessors: .VariableDelayZeroDelay2

===========================================================================================
----------------- testing Wed May 11 19:55:45 UTC 2022 /home/travis/build/icyphy/ptII/ptolemy/domains/de/test/auto/deInCt.xml
----------------- Instantiating /home/travis/build/icyphy/ptII/ptolemy/domains/de/test/auto/deInCt.xml
0
1
1
0
0
0
0
0
0
1
1
1
0
0
0
0
1
1
1
0
0
0
1
1
1
0
0
0
1
1
1
0
0
0
0
6 ms. Memory: 465920K Free: 343930K (74%)
----------------- Invoking toplevel() on ptolemy.moml.MoMLSimpleApplication@5865af7b
----------------- Done invoking toplevel() on ptolemy.moml.MoMLSimpleApplication@5865af7b
reloadAllAccessors: .deInCt

===========================================================================================
----------------- testing Wed May 11 19:55:45 UTC 2022 /home/travis/build/icyphy/ptII/ptolemy/domains/de/test/auto/deInCt2.xml
----------------- Instantiating /home/travis/build/icyphy/ptII/ptolemy/domains/de/test/auto/deInCt2.xml
0
1
1
1
0
0
1
1
1
0
0
1
1
1
0
0
1
1
1
0
0
1
1
1
0
0
1
1
1
0
0
1
1
1
0
0
1
1
1
0
0
0
9 ms. Memory: 465920K Free: 338804K (73%)
----------------- Invoking toplevel() on ptolemy.moml.MoMLSimpleApplication@7041f6eb
----------------- Done invoking toplevel() on ptolemy.moml.MoMLSimpleApplication@7041f6eb
reloadAllAccessors: .deInCt2

===========================================================================================
----------------- testing Wed May 11 19:55:45 UTC 2022 /home/travis/build/icyphy/ptII/ptolemy/domains/de/test/auto/dynamicCausalityInterface1.xml
----------------- Instantiating /home/travis/build/icyphy/ptII/ptolemy/domains/de/test/auto/dynamicCausalityInterface1.xml
1 ms. Memory: 465920K Free: 329594K (71%)
----------------- Invoking toplevel() on ptolemy.moml.MoMLSimpleApplication@2b179b5a
----------------- Done invoking toplevel() on ptolemy.moml.MoMLSimpleApplication@2b179b5a
reloadAllAccessors: .dynamicCausalityInterface1

===========================================================================================
----------------- testing Wed May 11 19:55:45 UTC 2022 /home/travis/build/icyphy/ptII/ptolemy/domains/de/test/auto/fsm_de_test.xml
----------------- Instantiating /home/travis/build/icyphy/ptII/ptolemy/domains/de/test/auto/fsm_de_test.xml
4 ms. Memory: 465920K Free: 320348K (69%)
----------------- Invoking toplevel() on ptolemy.moml.MoMLSimpleApplication@50dd20a0
----------------- Done invoking toplevel() on ptolemy.moml.MoMLSimpleApplication@50dd20a0
reloadAllAccessors: .fsm_de_test

===========================================================================================
----------------- testing Wed May 11 19:55:45 UTC 2022 /home/travis/build/icyphy/ptII/ptolemy/domains/de/test/auto/functionDependencyReconstruction.xml
----------------- Instantiating /home/travis/build/icyphy/ptII/ptolemy/domains/de/test/auto/functionDependencyReconstruction.xml
2 ms. Memory: 465920K Free: 305532K (66%)
----------------- Invoking toplevel() on ptolemy.moml.MoMLSimpleApplication@2bf12e55
----------------- Done invoking toplevel() on ptolemy.moml.MoMLSimpleApplication@2bf12e55
reloadAllAccessors: .functionDependencyReconstruction

===========================================================================================
----------------- testing Wed May 11 19:55:45 UTC 2022 /home/travis/build/icyphy/ptII/ptolemy/domains/de/test/auto/multirate.xml
----------------- Instantiating /home/travis/build/icyphy/ptII/ptolemy/domains/de/test/auto/multirate.xml
3 ms. Memory: 465920K Free: 298860K (64%)
----------------- Invoking toplevel() on ptolemy.moml.MoMLSimpleApplication@6633b899
----------------- Done invoking toplevel() on ptolemy.moml.MoMLSimpleApplication@6633b899
reloadAllAccessors: .multirate

===========================================================================================
----------------- testing Wed May 11 19:55:45 UTC 2022 /home/travis/build/icyphy/ptII/ptolemy/domains/de/test/auto/multirate2.xml
----------------- Instantiating /home/travis/build/icyphy/ptII/ptolemy/domains/de/test/auto/multirate2.xml
3 ms. Memory: 465920K Free: 292220K (63%)
----------------- Invoking toplevel() on ptolemy.moml.MoMLSimpleApplication@3fc2d83d
----------------- Done invoking toplevel() on ptolemy.moml.MoMLSimpleApplication@3fc2d83d
reloadAllAccessors: .multirate2

===========================================================================================
----------------- testing Wed May 11 19:55:45 UTC 2022 /home/travis/build/icyphy/ptII/ptolemy/domains/de/test/auto/realtime.xml
----------------- Instantiating /home/travis/build/icyphy/ptII/ptolemy/domains/de/test/auto/realtime.xml
10001 ms. Memory: 465920K Free: 287610K (62%)
----------------- Invoking toplevel() on ptolemy.moml.MoMLSimpleApplication@6f0fce8a
----------------- Done invoking toplevel() on ptolemy.moml.MoMLSimpleApplication@6f0fce8a
reloadAllAccessors: .realtime

===========================================================================================
----------------- testing Wed May 11 19:55:55 UTC 2022 /home/travis/build/icyphy/ptII/ptolemy/domains/de/test/auto/relationGroup.xml
----------------- Instantiating /home/travis/build/icyphy/ptII/ptolemy/domains/de/test/auto/relationGroup.xml
2 ms. Memory: 465920K Free: 284028K (61%)
----------------- Invoking toplevel() on ptolemy.moml.MoMLSimpleApplication@2479a926
----------------- Done invoking toplevel() on ptolemy.moml.MoMLSimpleApplication@2479a926
reloadAllAccessors: .relationGroup

===========================================================================================
----------------- testing Wed May 11 19:55:55 UTC 2022 /home/travis/build/icyphy/ptII/ptolemy/domains/de/test/auto/relationGroup2.xml
----------------- Instantiating /home/travis/build/icyphy/ptII/ptolemy/domains/de/test/auto/relationGroup2.xml
1 ms. Memory: 465920K Free: 280442K (60%)
----------------- Invoking toplevel() on ptolemy.moml.MoMLSimpleApplication@38e51801
----------------- Done invoking toplevel() on ptolemy.moml.MoMLSimpleApplication@38e51801
reloadAllAccessors: .relationGroup2

===========================================================================================
----------------- testing Wed May 11 19:55:55 UTC 2022 /home/travis/build/icyphy/ptII/ptolemy/domains/de/test/auto/sortWithOpaquePorts.xml
----------------- Instantiating /home/travis/build/icyphy/ptII/ptolemy/domains/de/test/auto/sortWithOpaquePorts.xml
2 ms. Memory: 465920K Free: 275836K (59%)
----------------- Invoking toplevel() on ptolemy.moml.MoMLSimpleApplication@5c786de3
----------------- Done invoking toplevel() on ptolemy.moml.MoMLSimpleApplication@5c786de3
reloadAllAccessors: .sortWithOpaquePorts

===========================================================================================
----------------- testing Wed May 11 19:55:55 UTC 2022 /home/travis/build/icyphy/ptII/ptolemy/domains/de/test/auto/transferInputsandOutputs.xml
----------------- Instantiating /home/travis/build/icyphy/ptII/ptolemy/domains/de/test/auto/transferInputsandOutputs.xml
1 ms. Memory: 465920K Free: 268668K (58%)
----------------- Invoking toplevel() on ptolemy.moml.MoMLSimpleApplication@47fca8d3
----------------- Done invoking toplevel() on ptolemy.moml.MoMLSimpleApplication@47fca8d3
reloadAllAccessors: .transferInputsandOutputs

===========================================================================================
----------------- testing Wed May 11 19:55:55 UTC 2022 /home/travis/build/icyphy/ptII/ptolemy/domains/de/test/auto/triggerType.xml
----------------- Instantiating /home/travis/build/icyphy/ptII/ptolemy/domains/de/test/auto/triggerType.xml
1 ms. Memory: 465920K Free: 264572K (57%)
----------------- Invoking toplevel() on ptolemy.moml.MoMLSimpleApplication@658f8de1
----------------- Done invoking toplevel() on ptolemy.moml.MoMLSimpleApplication@658f8de1
reloadAllAccessors: .triggerType
AutoTests.java: About to close Vertx.
AutoTests.java: Vertx closed.
]]></system-out>
  <system-err><![CDATA[java.lang.RuntimeException: Execution failed
	at ptolemy.moml.MoMLSimpleApplication$UnloadThread.run(MoMLSimpleApplication.java:402)
Caused by: ptolemy.kernel.util.IllegalActionException: Found a zero delay loop containing .dependencyLoop.original
  in .dependencyLoop and .dependencyLoop.original
	at ptolemy.actor.util.CausalityInterfaceForComposites._computeOutputPortDepth(CausalityInterfaceForComposites.java:759)
	at ptolemy.actor.util.CausalityInterfaceForComposites._computeInputDepth(CausalityInterfaceForComposites.java:696)
	at ptolemy.actor.util.CausalityInterfaceForComposites._computeOutputPortDepth(CausalityInterfaceForComposites.java:765)
	at ptolemy.actor.util.CausalityInterfaceForComposites._computeInputDepth(CausalityInterfaceForComposites.java:696)
	at ptolemy.actor.util.CausalityInterfaceForComposites._computeOutputPortDepth(CausalityInterfaceForComposites.java:765)
	at ptolemy.actor.util.CausalityInterfaceForComposites._computeInputDepth(CausalityInterfaceForComposites.java:696)
	at ptolemy.actor.util.CausalityInterfaceForComposites._computeActorDepth(CausalityInterfaceForComposites.java:532)
	at ptolemy.actor.util.CausalityInterfaceForComposites.checkForCycles(CausalityInterfaceForComposites.java:96)
	at ptolemy.domains.de.kernel.DEDirector.preinitialize(DEDirector.java:1338)
	at ptolemy.actor.CompositeActor.preinitialize(CompositeActor.java:1828)
	at ptolemy.actor.Manager.preinitializeAndResolveTypes(Manager.java:1040)
	at ptolemy.actor.Manager.initialize(Manager.java:710)
	at ptolemy.actor.Manager.execute(Manager.java:356)
	at ptolemy.actor.Manager.run(Manager.java:1263)
	at ptolemy.actor.Manager$PtolemyRunThread.run(Manager.java:1933)
java.lang.RuntimeException: Execution failed
	at ptolemy.moml.MoMLSimpleApplication$UnloadThread.run(MoMLSimpleApplication.java:402)
Caused by: ptolemy.kernel.util.IllegalActionException: Found a zero delay loop containing .dependencyLoop2.original
  in .dependencyLoop2 and .dependencyLoop2.original
	at ptolemy.actor.util.CausalityInterfaceForComposites._computeOutputPortDepth(CausalityInterfaceForComposites.java:759)
	at ptolemy.actor.util.CausalityInterfaceForComposites._computeInputDepth(CausalityInterfaceForComposites.java:696)
	at ptolemy.actor.util.CausalityInterfaceForComposites._computeOutputPortDepth(CausalityInterfaceForComposites.java:765)
	at ptolemy.actor.util.CausalityInterfaceForComposites._computeInputDepth(CausalityInterfaceForComposites.java:696)
	at ptolemy.actor.util.CausalityInterfaceForComposites._computeOutputPortDepth(CausalityInterfaceForComposites.java:765)
	at ptolemy.actor.util.CausalityInterfaceForComposites._computeInputDepth(CausalityInterfaceForComposites.java:696)
	at ptolemy.actor.util.CausalityInterfaceForComposites._computeActorDepth(CausalityInterfaceForComposites.java:532)
	at ptolemy.actor.util.CausalityInterfaceForComposites.checkForCycles(CausalityInterfaceForComposites.java:96)
	at ptolemy.domains.de.kernel.DEDirector.preinitialize(DEDirector.java:1338)
	at ptolemy.actor.CompositeActor.preinitialize(CompositeActor.java:1828)
	at ptolemy.actor.Manager.preinitializeAndResolveTypes(Manager.java:1040)
	at ptolemy.actor.Manager.initialize(Manager.java:710)
	at ptolemy.actor.Manager.execute(Manager.java:356)
	at ptolemy.actor.Manager.run(Manager.java:1263)
	at ptolemy.actor.Manager$PtolemyRunThread.run(Manager.java:1933)
java.lang.RuntimeException: Execution failed
	at ptolemy.moml.MoMLSimpleApplication$UnloadThread.run(MoMLSimpleApplication.java:402)
Caused by: ptolemy.kernel.util.IllegalActionException: Found a zero delay loop containing .dependencyLoop2.original
  in .dependencyLoop2 and .dependencyLoop2.original
	at ptolemy.actor.util.CausalityInterfaceForComposites._computeOutputPortDepth(CausalityInterfaceForComposites.java:759)
	at ptolemy.actor.util.CausalityInterfaceForComposites._computeInputDepth(CausalityInterfaceForComposites.java:696)
	at ptolemy.actor.util.CausalityInterfaceForComposites._computeOutputPortDepth(CausalityInterfaceForComposites.java:765)
	at ptolemy.actor.util.CausalityInterfaceForComposites._computeInputDepth(CausalityInterfaceForComposites.java:696)
	at ptolemy.actor.util.CausalityInterfaceForComposites._computeOutputPortDepth(CausalityInterfaceForComposites.java:765)
	at ptolemy.actor.util.CausalityInterfaceForComposites._computeInputDepth(CausalityInterfaceForComposites.java:696)
	at ptolemy.actor.util.CausalityInterfaceForComposites._computeActorDepth(CausalityInterfaceForComposites.java:532)
	at ptolemy.actor.util.CausalityInterfaceForComposites.checkForCycles(CausalityInterfaceForComposites.java:96)
	at ptolemy.domains.de.kernel.DEDirector.preinitialize(DEDirector.java:1338)
	at ptolemy.actor.CompositeActor.preinitialize(CompositeActor.java:1828)
	at ptolemy.actor.Manager.preinitializeAndResolveTypes(Manager.java:1040)
	at ptolemy.actor.Manager.initialize(Manager.java:710)
	at ptolemy.actor.Manager.execute(Manager.java:356)
	at ptolemy.actor.Manager.run(Manager.java:1263)
	at ptolemy.actor.Manager$PtolemyRunThread.run(Manager.java:1933)
java.lang.RuntimeException: Execution failed
	at ptolemy.moml.MoMLSimpleApplication$UnloadThread.run(MoMLSimpleApplication.java:402)
Caused by: ptolemy.kernel.util.IllegalActionException: Found a zero delay loop containing .dependencyLoop.original
  in .dependencyLoop and .dependencyLoop.original
	at ptolemy.actor.util.CausalityInterfaceForComposites._computeOutputPortDepth(CausalityInterfaceForComposites.java:759)
	at ptolemy.actor.util.CausalityInterfaceForComposites._computeInputDepth(CausalityInterfaceForComposites.java:696)
	at ptolemy.actor.util.CausalityInterfaceForComposites._computeOutputPortDepth(CausalityInterfaceForComposites.java:765)
	at ptolemy.actor.util.CausalityInterfaceForComposites._computeInputDepth(CausalityInterfaceForComposites.java:696)
	at ptolemy.actor.util.CausalityInterfaceForComposites._computeOutputPortDepth(CausalityInterfaceForComposites.java:765)
	at ptolemy.actor.util.CausalityInterfaceForComposites._computeInputDepth(CausalityInterfaceForComposites.java:696)
	at ptolemy.actor.util.CausalityInterfaceForComposites._computeActorDepth(CausalityInterfaceForComposites.java:532)
	at ptolemy.actor.util.CausalityInterfaceForComposites.checkForCycles(CausalityInterfaceForComposites.java:96)
	at ptolemy.domains.de.kernel.DEDirector.preinitialize(DEDirector.java:1338)
	at ptolemy.actor.CompositeActor.preinitialize(CompositeActor.java:1828)
	at ptolemy.actor.Manager.preinitializeAndResolveTypes(Manager.java:1040)
	at ptolemy.actor.Manager.initialize(Manager.java:710)
	at ptolemy.actor.Manager.execute(Manager.java:356)
	at ptolemy.actor.Manager.run(Manager.java:1263)
	at ptolemy.actor.Manager$PtolemyRunThread.run(Manager.java:1933)
java.lang.RuntimeException: Execution failed
	at ptolemy.moml.MoMLSimpleApplication$UnloadThread.run(MoMLSimpleApplication.java:402)
Caused by: ptolemy.kernel.util.IllegalActionException: Test fails in iteration 1.
Value was: 1.0. Should have been: 2.0
  in .DirectFeedback.Test
	at ptolemy.actor.lib.Test.fire(Test.java:268)
	at ptolemy.domains.de.kernel.DEDirector._fire(DEDirector.java:1949)
	at ptolemy.domains.de.kernel.DEDirector.fire(DEDirector.java:502)
	at ptolemy.actor.CompositeActor.fire(CompositeActor.java:455)
	at ptolemy.actor.Manager.iterate(Manager.java:851)
	at ptolemy.actor.Manager.execute(Manager.java:369)
	at ptolemy.actor.Manager.run(Manager.java:1263)
	at ptolemy.actor.Manager$PtolemyRunThread.run(Manager.java:1933)
java.lang.RuntimeException: Execution failed
	at ptolemy.moml.MoMLSimpleApplication$UnloadThread.run(MoMLSimpleApplication.java:402)
Caused by: ptolemy.kernel.util.IllegalActionException: Found a zero delay loop containing .HierarchicalModel.A
  in .HierarchicalModel and .HierarchicalModel.A
	at ptolemy.actor.util.CausalityInterfaceForComposites._computeOutputPortDepth(CausalityInterfaceForComposites.java:759)
	at ptolemy.actor.util.CausalityInterfaceForComposites._computeInputDepth(CausalityInterfaceForComposites.java:696)
	at ptolemy.actor.util.CausalityInterfaceForComposites._computeOutputPortDepth(CausalityInterfaceForComposites.java:765)
	at ptolemy.actor.util.CausalityInterfaceForComposites._computeInputDepth(CausalityInterfaceForComposites.java:696)
	at ptolemy.actor.util.CausalityInterfaceForComposites._computeOutputPortDepth(CausalityInterfaceForComposites.java:765)
	at ptolemy.actor.util.CausalityInterfaceForComposites._computeInputDepth(CausalityInterfaceForComposites.java:696)
	at ptolemy.actor.util.CausalityInterfaceForComposites._computeActorDepth(CausalityInterfaceForComposites.java:532)
	at ptolemy.actor.util.CausalityInterfaceForComposites.checkForCycles(CausalityInterfaceForComposites.java:96)
	at ptolemy.domains.de.kernel.DEDirector.preinitialize(DEDirector.java:1338)
	at ptolemy.actor.CompositeActor.preinitialize(CompositeActor.java:1828)
	at ptolemy.actor.Manager.preinitializeAndResolveTypes(Manager.java:1040)
	at ptolemy.actor.Manager.initialize(Manager.java:710)
	at ptolemy.actor.Manager.execute(Manager.java:356)
	at ptolemy.actor.Manager.run(Manager.java:1263)
	at ptolemy.actor.Manager$PtolemyRunThread.run(Manager.java:1933)
java.lang.RuntimeException: Execution failed
	at ptolemy.moml.MoMLSimpleApplication$UnloadThread.run(MoMLSimpleApplication.java:402)
Caused by: ptolemy.kernel.util.IllegalActionException: Actor is not ready to fire.  Perhaps UpSample.prefire() returned false? Try debugging the actor by selecting "Listen to Actor".  Also, for SDF check moml for tokenConsumptionRate on input.
  in .DESDFClockTest.Play Bell.Copy1:SDF Director and .DESDFClockTest.Play Bell.UpSample
	at ptolemy.actor.sched.StaticSchedulingDirector.fire(StaticSchedulingDirector.java:227)
	at ptolemy.domains.sdf.kernel.SDFDirector.fire(SDFDirector.java:500)
	at ptolemy.actor.CompositeActor.fire(CompositeActor.java:455)
	at ptolemy.domains.de.kernel.DEDirector._fire(DEDirector.java:1949)
	at ptolemy.domains.de.kernel.DEDirector.fire(DEDirector.java:502)
	at ptolemy.actor.CompositeActor.fire(CompositeActor.java:455)
	at ptolemy.actor.Manager.iterate(Manager.java:851)
	at ptolemy.actor.Manager.execute(Manager.java:369)
	at ptolemy.actor.Manager.run(Manager.java:1263)
	at ptolemy.actor.Manager$PtolemyRunThread.run(Manager.java:1933)
java.lang.RuntimeException: Execution failed
	at ptolemy.moml.MoMLSimpleApplication$UnloadThread.run(MoMLSimpleApplication.java:402)
Caused by: ptolemy.kernel.util.IllegalActionException: Actor is not ready to fire.  Perhaps UpSample.prefire() returned false? Try debugging the actor by selecting "Listen to Actor".  Also, for SDF check moml for tokenConsumptionRate on input.
  in .DESDFClockTest.Play Bell.Copy1:SDF Director and .DESDFClockTest.Play Bell.UpSample
	at ptolemy.actor.sched.StaticSchedulingDirector.fire(StaticSchedulingDirector.java:227)
	at ptolemy.domains.sdf.kernel.SDFDirector.fire(SDFDirector.java:500)
	at ptolemy.actor.CompositeActor.fire(CompositeActor.java:455)
	at ptolemy.domains.de.kernel.DEDirector._fire(DEDirector.java:1949)
	at ptolemy.domains.de.kernel.DEDirector.fire(DEDirector.java:502)
	at ptolemy.actor.CompositeActor.fire(CompositeActor.java:455)
	at ptolemy.actor.Manager.iterate(Manager.java:851)
	at ptolemy.actor.Manager.execute(Manager.java:369)
	at ptolemy.actor.Manager.run(Manager.java:1263)
	at ptolemy.actor.Manager$PtolemyRunThread.run(Manager.java:1933)
java.lang.reflect.InvocationTargetException
	at java.base/jdk.internal.reflect.NativeConstructorAccessorImpl.newInstance0(Native Method)
	at java.base/jdk.internal.reflect.NativeConstructorAccessorImpl.newInstance(NativeConstructorAccessorImpl.java:62)
	at java.base/jdk.internal.reflect.DelegatingConstructorAccessorImpl.newInstance(DelegatingConstructorAccessorImpl.java:45)
	at java.base/java.lang.reflect.Constructor.newInstance(Constructor.java:490)
	at ptolemy.util.test.junit.AutoKnownFailedTests.RunModel(AutoKnownFailedTests.java:105)
	at java.base/jdk.internal.reflect.NativeMethodAccessorImpl.invoke0(Native Method)
	at java.base/jdk.internal.reflect.NativeMethodAccessorImpl.invoke(NativeMethodAccessorImpl.java:62)
	at java.base/jdk.internal.reflect.DelegatingMethodAccessorImpl.invoke(DelegatingMethodAccessorImpl.java:43)
	at java.base/java.lang.reflect.Method.invoke(Method.java:566)
	at org.junit.runners.model.FrameworkMethod$1.runReflectiveCall(FrameworkMethod.java:44)
	at org.junit.internal.runners.model.ReflectiveCallable.run(ReflectiveCallable.java:15)
	at org.junit.runners.model.FrameworkMethod.invokeExplosively(FrameworkMethod.java:41)
	at junitparams.internal.InvokeParameterisedMethod.evaluate(InvokeParameterisedMethod.java:102)
	at org.junit.internal.runners.statements.FailOnTimeout$1.run(FailOnTimeout.java:28)
Caused by: ptolemy.kernel.util.IllegalActionException: Actor is not ready to fire.  Perhaps UpSample.prefire() returned false? Try debugging the actor by selecting "Listen to Actor".  Also, for SDF check moml for tokenConsumptionRate on input.
  in .DESDFClockTest.Play Bell.Copy1:SDF Director and .DESDFClockTest.Play Bell.UpSample
	at ptolemy.actor.sched.StaticSchedulingDirector.fire(StaticSchedulingDirector.java:227)
	at ptolemy.domains.sdf.kernel.SDFDirector.fire(SDFDirector.java:500)
	at ptolemy.actor.CompositeActor.fire(CompositeActor.java:455)
	at ptolemy.domains.de.kernel.DEDirector._fire(DEDirector.java:1949)
	at ptolemy.domains.de.kernel.DEDirector.fire(DEDirector.java:502)
	at ptolemy.actor.CompositeActor.fire(CompositeActor.java:455)
	at ptolemy.actor.Manager.iterate(Manager.java:851)
	at ptolemy.actor.Manager.execute(Manager.java:369)
	at ptolemy.actor.Manager.run(Manager.java:1263)
	at ptolemy.actor.Manager$PtolemyRunThread.run(Manager.java:1933)
java.lang.RuntimeException: Execution failed
	at ptolemy.moml.MoMLSimpleApplication$UnloadThread.run(MoMLSimpleApplication.java:402)
Caused by: ptolemy.kernel.util.IllegalActionException: Test fails in iteration 1.
Value was: 1.0. Should have been: 2.0
  in .DirectFeedback.Test
	at ptolemy.actor.lib.Test.fire(Test.java:268)
	at ptolemy.domains.de.kernel.DEDirector._fire(DEDirector.java:1949)
	at ptolemy.domains.de.kernel.DEDirector.fire(DEDirector.java:502)
	at ptolemy.actor.CompositeActor.fire(CompositeActor.java:455)
	at ptolemy.actor.Manager.iterate(Manager.java:851)
	at ptolemy.actor.Manager.execute(Manager.java:369)
	at ptolemy.actor.Manager.run(Manager.java:1263)
	at ptolemy.actor.Manager$PtolemyRunThread.run(Manager.java:1933)
java.lang.reflect.InvocationTargetException
	at java.base/jdk.internal.reflect.NativeConstructorAccessorImpl.newInstance0(Native Method)
	at java.base/jdk.internal.reflect.NativeConstructorAccessorImpl.newInstance(NativeConstructorAccessorImpl.java:62)
	at java.base/jdk.internal.reflect.DelegatingConstructorAccessorImpl.newInstance(DelegatingConstructorAccessorImpl.java:45)
	at java.base/java.lang.reflect.Constructor.newInstance(Constructor.java:490)
	at ptolemy.util.test.junit.AutoKnownFailedTests.RunModel(AutoKnownFailedTests.java:105)
	at java.base/jdk.internal.reflect.NativeMethodAccessorImpl.invoke0(Native Method)
	at java.base/jdk.internal.reflect.NativeMethodAccessorImpl.invoke(NativeMethodAccessorImpl.java:62)
	at java.base/jdk.internal.reflect.DelegatingMethodAccessorImpl.invoke(DelegatingMethodAccessorImpl.java:43)
	at java.base/java.lang.reflect.Method.invoke(Method.java:566)
	at org.junit.runners.model.FrameworkMethod$1.runReflectiveCall(FrameworkMethod.java:44)
	at org.junit.internal.runners.model.ReflectiveCallable.run(ReflectiveCallable.java:15)
	at org.junit.runners.model.FrameworkMethod.invokeExplosively(FrameworkMethod.java:41)
	at junitparams.internal.InvokeParameterisedMethod.evaluate(InvokeParameterisedMethod.java:102)
	at org.junit.internal.runners.statements.FailOnTimeout$1.run(FailOnTimeout.java:28)
Caused by: ptolemy.kernel.util.IllegalActionException: Test fails in iteration 1.
Value was: 1.0. Should have been: 2.0
  in .DirectFeedback.Test
	at ptolemy.actor.lib.Test.fire(Test.java:268)
	at ptolemy.domains.de.kernel.DEDirector._fire(DEDirector.java:1949)
	at ptolemy.domains.de.kernel.DEDirector.fire(DEDirector.java:502)
	at ptolemy.actor.CompositeActor.fire(CompositeActor.java:455)
	at ptolemy.actor.Manager.iterate(Manager.java:851)
	at ptolemy.actor.Manager.execute(Manager.java:369)
	at ptolemy.actor.Manager.run(Manager.java:1263)
	at ptolemy.actor.Manager$PtolemyRunThread.run(Manager.java:1933)
java.lang.RuntimeException: Execution failed
	at ptolemy.moml.MoMLSimpleApplication$UnloadThread.run(MoMLSimpleApplication.java:402)
Caused by: ptolemy.kernel.util.IllegalActionException: Found a zero delay loop containing .HierarchicalModel.A
  in .HierarchicalModel and .HierarchicalModel.A
	at ptolemy.actor.util.CausalityInterfaceForComposites._computeOutputPortDepth(CausalityInterfaceForComposites.java:759)
	at ptolemy.actor.util.CausalityInterfaceForComposites._computeInputDepth(CausalityInterfaceForComposites.java:696)
	at ptolemy.actor.util.CausalityInterfaceForComposites._computeOutputPortDepth(CausalityInterfaceForComposites.java:765)
	at ptolemy.actor.util.CausalityInterfaceForComposites._computeInputDepth(CausalityInterfaceForComposites.java:696)
	at ptolemy.actor.util.CausalityInterfaceForComposites._computeOutputPortDepth(CausalityInterfaceForComposites.java:765)
	at ptolemy.actor.util.CausalityInterfaceForComposites._computeInputDepth(CausalityInterfaceForComposites.java:696)
	at ptolemy.actor.util.CausalityInterfaceForComposites._computeActorDepth(CausalityInterfaceForComposites.java:532)
	at ptolemy.actor.util.CausalityInterfaceForComposites.checkForCycles(CausalityInterfaceForComposites.java:96)
	at ptolemy.domains.de.kernel.DEDirector.preinitialize(DEDirector.java:1338)
	at ptolemy.actor.CompositeActor.preinitialize(CompositeActor.java:1828)
	at ptolemy.actor.Manager.preinitializeAndResolveTypes(Manager.java:1040)
	at ptolemy.actor.Manager.initialize(Manager.java:710)
	at ptolemy.actor.Manager.execute(Manager.java:356)
	at ptolemy.actor.Manager.run(Manager.java:1263)
	at ptolemy.actor.Manager$PtolemyRunThread.run(Manager.java:1933)
java.lang.reflect.InvocationTargetException
	at java.base/jdk.internal.reflect.NativeConstructorAccessorImpl.newInstance0(Native Method)
	at java.base/jdk.internal.reflect.NativeConstructorAccessorImpl.newInstance(NativeConstructorAccessorImpl.java:62)
	at java.base/jdk.internal.reflect.DelegatingConstructorAccessorImpl.newInstance(DelegatingConstructorAccessorImpl.java:45)
	at java.base/java.lang.reflect.Constructor.newInstance(Constructor.java:490)
	at ptolemy.util.test.junit.AutoKnownFailedTests.RunModel(AutoKnownFailedTests.java:105)
	at java.base/jdk.internal.reflect.NativeMethodAccessorImpl.invoke0(Native Method)
	at java.base/jdk.internal.reflect.NativeMethodAccessorImpl.invoke(NativeMethodAccessorImpl.java:62)
	at java.base/jdk.internal.reflect.DelegatingMethodAccessorImpl.invoke(DelegatingMethodAccessorImpl.java:43)
	at java.base/java.lang.reflect.Method.invoke(Method.java:566)
	at org.junit.runners.model.FrameworkMethod$1.runReflectiveCall(FrameworkMethod.java:44)
	at org.junit.internal.runners.model.ReflectiveCallable.run(ReflectiveCallable.java:15)
	at org.junit.runners.model.FrameworkMethod.invokeExplosively(FrameworkMethod.java:41)
	at junitparams.internal.InvokeParameterisedMethod.evaluate(InvokeParameterisedMethod.java:102)
	at org.junit.internal.runners.statements.FailOnTimeout$1.run(FailOnTimeout.java:28)
Caused by: ptolemy.kernel.util.IllegalActionException: Found a zero delay loop containing .HierarchicalModel.A
  in .HierarchicalModel and .HierarchicalModel.A
	at ptolemy.actor.util.CausalityInterfaceForComposites._computeOutputPortDepth(CausalityInterfaceForComposites.java:759)
	at ptolemy.actor.util.CausalityInterfaceForComposites._computeInputDepth(CausalityInterfaceForComposites.java:696)
	at ptolemy.actor.util.CausalityInterfaceForComposites._computeOutputPortDepth(CausalityInterfaceForComposites.java:765)
	at ptolemy.actor.util.CausalityInterfaceForComposites._computeInputDepth(CausalityInterfaceForComposites.java:696)
	at ptolemy.actor.util.CausalityInterfaceForComposites._computeOutputPortDepth(CausalityInterfaceForComposites.java:765)
	at ptolemy.actor.util.CausalityInterfaceForComposites._computeInputDepth(CausalityInterfaceForComposites.java:696)
	at ptolemy.actor.util.CausalityInterfaceForComposites._computeActorDepth(CausalityInterfaceForComposites.java:532)
	at ptolemy.actor.util.CausalityInterfaceForComposites.checkForCycles(CausalityInterfaceForComposites.java:96)
	at ptolemy.domains.de.kernel.DEDirector.preinitialize(DEDirector.java:1338)
	at ptolemy.actor.CompositeActor.preinitialize(CompositeActor.java:1828)
	at ptolemy.actor.Manager.preinitializeAndResolveTypes(Manager.java:1040)
	at ptolemy.actor.Manager.initialize(Manager.java:710)
	at ptolemy.actor.Manager.execute(Manager.java:356)
	at ptolemy.actor.Manager.run(Manager.java:1263)
	at ptolemy.actor.Manager$PtolemyRunThread.run(Manager.java:1933)
java.lang.RuntimeException: Execution failed
	at ptolemy.moml.MoMLSimpleApplication$UnloadThread.run(MoMLSimpleApplication.java:402)
Caused by: ptolemy.kernel.util.IllegalActionException: Found a zero delay loop containing .dependencyLoop.original
  in .dependencyLoop and .dependencyLoop.original
	at ptolemy.actor.util.CausalityInterfaceForComposites._computeOutputPortDepth(CausalityInterfaceForComposites.java:759)
	at ptolemy.actor.util.CausalityInterfaceForComposites._computeInputDepth(CausalityInterfaceForComposites.java:696)
	at ptolemy.actor.util.CausalityInterfaceForComposites._computeOutputPortDepth(CausalityInterfaceForComposites.java:765)
	at ptolemy.actor.util.CausalityInterfaceForComposites._computeInputDepth(CausalityInterfaceForComposites.java:696)
	at ptolemy.actor.util.CausalityInterfaceForComposites._computeOutputPortDepth(CausalityInterfaceForComposites.java:765)
	at ptolemy.actor.util.CausalityInterfaceForComposites._computeInputDepth(CausalityInterfaceForComposites.java:696)
	at ptolemy.actor.util.CausalityInterfaceForComposites._computeActorDepth(CausalityInterfaceForComposites.java:532)
	at ptolemy.actor.util.CausalityInterfaceForComposites.checkForCycles(CausalityInterfaceForComposites.java:96)
	at ptolemy.domains.de.kernel.DEDirector.preinitialize(DEDirector.java:1338)
	at ptolemy.actor.CompositeActor.preinitialize(CompositeActor.java:1828)
	at ptolemy.actor.Manager.preinitializeAndResolveTypes(Manager.java:1040)
	at ptolemy.actor.Manager.initialize(Manager.java:710)
	at ptolemy.actor.Manager.execute(Manager.java:356)
	at ptolemy.actor.Manager.run(Manager.java:1263)
	at ptolemy.actor.Manager$PtolemyRunThread.run(Manager.java:1933)
java.lang.reflect.InvocationTargetException
	at java.base/jdk.internal.reflect.NativeConstructorAccessorImpl.newInstance0(Native Method)
	at java.base/jdk.internal.reflect.NativeConstructorAccessorImpl.newInstance(NativeConstructorAccessorImpl.java:62)
	at java.base/jdk.internal.reflect.DelegatingConstructorAccessorImpl.newInstance(DelegatingConstructorAccessorImpl.java:45)
	at java.base/java.lang.reflect.Constructor.newInstance(Constructor.java:490)
	at ptolemy.util.test.junit.AutoKnownFailedTests.RunModel(AutoKnownFailedTests.java:105)
	at java.base/jdk.internal.reflect.NativeMethodAccessorImpl.invoke0(Native Method)
	at java.base/jdk.internal.reflect.NativeMethodAccessorImpl.invoke(NativeMethodAccessorImpl.java:62)
	at java.base/jdk.internal.reflect.DelegatingMethodAccessorImpl.invoke(DelegatingMethodAccessorImpl.java:43)
	at java.base/java.lang.reflect.Method.invoke(Method.java:566)
	at org.junit.runners.model.FrameworkMethod$1.runReflectiveCall(FrameworkMethod.java:44)
	at org.junit.internal.runners.model.ReflectiveCallable.run(ReflectiveCallable.java:15)
	at org.junit.runners.model.FrameworkMethod.invokeExplosively(FrameworkMethod.java:41)
	at junitparams.internal.InvokeParameterisedMethod.evaluate(InvokeParameterisedMethod.java:102)
	at org.junit.internal.runners.statements.FailOnTimeout$1.run(FailOnTimeout.java:28)
Caused by: ptolemy.kernel.util.IllegalActionException: Found a zero delay loop containing .dependencyLoop.original
  in .dependencyLoop and .dependencyLoop.original
	at ptolemy.actor.util.CausalityInterfaceForComposites._computeOutputPortDepth(CausalityInterfaceForComposites.java:759)
	at ptolemy.actor.util.CausalityInterfaceForComposites._computeInputDepth(CausalityInterfaceForComposites.java:696)
	at ptolemy.actor.util.CausalityInterfaceForComposites._computeOutputPortDepth(CausalityInterfaceForComposites.java:765)
	at ptolemy.actor.util.CausalityInterfaceForComposites._computeInputDepth(CausalityInterfaceForComposites.java:696)
	at ptolemy.actor.util.CausalityInterfaceForComposites._computeOutputPortDepth(CausalityInterfaceForComposites.java:765)
	at ptolemy.actor.util.CausalityInterfaceForComposites._computeInputDepth(CausalityInterfaceForComposites.java:696)
	at ptolemy.actor.util.CausalityInterfaceForComposites._computeActorDepth(CausalityInterfaceForComposites.java:532)
	at ptolemy.actor.util.CausalityInterfaceForComposites.checkForCycles(CausalityInterfaceForComposites.java:96)
	at ptolemy.domains.de.kernel.DEDirector.preinitialize(DEDirector.java:1338)
	at ptolemy.actor.CompositeActor.preinitialize(CompositeActor.java:1828)
	at ptolemy.actor.Manager.preinitializeAndResolveTypes(Manager.java:1040)
	at ptolemy.actor.Manager.initialize(Manager.java:710)
	at ptolemy.actor.Manager.execute(Manager.java:356)
	at ptolemy.actor.Manager.run(Manager.java:1263)
	at ptolemy.actor.Manager$PtolemyRunThread.run(Manager.java:1933)
java.lang.RuntimeException: Execution failed
	at ptolemy.moml.MoMLSimpleApplication$UnloadThread.run(MoMLSimpleApplication.java:402)
Caused by: ptolemy.kernel.util.IllegalActionException: Found a zero delay loop containing .dependencyLoop2.original
  in .dependencyLoop2 and .dependencyLoop2.original
	at ptolemy.actor.util.CausalityInterfaceForComposites._computeOutputPortDepth(CausalityInterfaceForComposites.java:759)
	at ptolemy.actor.util.CausalityInterfaceForComposites._computeInputDepth(CausalityInterfaceForComposites.java:696)
	at ptolemy.actor.util.CausalityInterfaceForComposites._computeOutputPortDepth(CausalityInterfaceForComposites.java:765)
	at ptolemy.actor.util.CausalityInterfaceForComposites._computeInputDepth(CausalityInterfaceForComposites.java:696)
	at ptolemy.actor.util.CausalityInterfaceForComposites._computeOutputPortDepth(CausalityInterfaceForComposites.java:765)
	at ptolemy.actor.util.CausalityInterfaceForComposites._computeInputDepth(CausalityInterfaceForComposites.java:696)
	at ptolemy.actor.util.CausalityInterfaceForComposites._computeActorDepth(CausalityInterfaceForComposites.java:532)
	at ptolemy.actor.util.CausalityInterfaceForComposites.checkForCycles(CausalityInterfaceForComposites.java:96)
	at ptolemy.domains.de.kernel.DEDirector.preinitialize(DEDirector.java:1338)
	at ptolemy.actor.CompositeActor.preinitialize(CompositeActor.java:1828)
	at ptolemy.actor.Manager.preinitializeAndResolveTypes(Manager.java:1040)
	at ptolemy.actor.Manager.initialize(Manager.java:710)
	at ptolemy.actor.Manager.execute(Manager.java:356)
	at ptolemy.actor.Manager.run(Manager.java:1263)
	at ptolemy.actor.Manager$PtolemyRunThread.run(Manager.java:1933)
java.lang.reflect.InvocationTargetException
	at java.base/jdk.internal.reflect.NativeConstructorAccessorImpl.newInstance0(Native Method)
	at java.base/jdk.internal.reflect.NativeConstructorAccessorImpl.newInstance(NativeConstructorAccessorImpl.java:62)
	at java.base/jdk.internal.reflect.DelegatingConstructorAccessorImpl.newInstance(DelegatingConstructorAccessorImpl.java:45)
	at java.base/java.lang.reflect.Constructor.newInstance(Constructor.java:490)
	at ptolemy.util.test.junit.AutoKnownFailedTests.RunModel(AutoKnownFailedTests.java:105)
	at java.base/jdk.internal.reflect.NativeMethodAccessorImpl.invoke0(Native Method)
	at java.base/jdk.internal.reflect.NativeMethodAccessorImpl.invoke(NativeMethodAccessorImpl.java:62)
	at java.base/jdk.internal.reflect.DelegatingMethodAccessorImpl.invoke(DelegatingMethodAccessorImpl.java:43)
	at java.base/java.lang.reflect.Method.invoke(Method.java:566)
	at org.junit.runners.model.FrameworkMethod$1.runReflectiveCall(FrameworkMethod.java:44)
	at org.junit.internal.runners.model.ReflectiveCallable.run(ReflectiveCallable.java:15)
	at org.junit.runners.model.FrameworkMethod.invokeExplosively(FrameworkMethod.java:41)
	at junitparams.internal.InvokeParameterisedMethod.evaluate(InvokeParameterisedMethod.java:102)
	at org.junit.internal.runners.statements.FailOnTimeout$1.run(FailOnTimeout.java:28)
Caused by: ptolemy.kernel.util.IllegalActionException: Found a zero delay loop containing .dependencyLoop2.original
  in .dependencyLoop2 and .dependencyLoop2.original
	at ptolemy.actor.util.CausalityInterfaceForComposites._computeOutputPortDepth(CausalityInterfaceForComposites.java:759)
	at ptolemy.actor.util.CausalityInterfaceForComposites._computeInputDepth(CausalityInterfaceForComposites.java:696)
	at ptolemy.actor.util.CausalityInterfaceForComposites._computeOutputPortDepth(CausalityInterfaceForComposites.java:765)
	at ptolemy.actor.util.CausalityInterfaceForComposites._computeInputDepth(CausalityInterfaceForComposites.java:696)
	at ptolemy.actor.util.CausalityInterfaceForComposites._computeOutputPortDepth(CausalityInterfaceForComposites.java:765)
	at ptolemy.actor.util.CausalityInterfaceForComposites._computeInputDepth(CausalityInterfaceForComposites.java:696)
	at ptolemy.actor.util.CausalityInterfaceForComposites._computeActorDepth(CausalityInterfaceForComposites.java:532)
	at ptolemy.actor.util.CausalityInterfaceForComposites.checkForCycles(CausalityInterfaceForComposites.java:96)
	at ptolemy.domains.de.kernel.DEDirector.preinitialize(DEDirector.java:1338)
	at ptolemy.actor.CompositeActor.preinitialize(CompositeActor.java:1828)
	at ptolemy.actor.Manager.preinitializeAndResolveTypes(Manager.java:1040)
	at ptolemy.actor.Manager.initialize(Manager.java:710)
	at ptolemy.actor.Manager.execute(Manager.java:356)
	at ptolemy.actor.Manager.run(Manager.java:1263)
	at ptolemy.actor.Manager$PtolemyRunThread.run(Manager.java:1933)
]]></system-err>
</testsuite>
