<?xml version="1.0" encoding="UTF-8" ?>
<testsuite errors="0" failures="0" hostname="travis-job-778006c5-135c-4b39-918e-6b15b419c1fa" name="ptolemy.actor.lib.test.junit.JUnitTclTest" skipped="0" tests="517" time="61.802" timestamp="2018-11-24T02:48:23">
  <properties>
    <property name="npm.executable" value="npm" />
    <property name="file.encoding.pkg" value="sun.io" />
    <property name="env.TRAVIS_ROOT" value="/" />
    <property name="ptII.mk.exists" value="true" />
    <property name="env.TRAVIS_APP_HOST" value="build.travis-ci.org" />
    <property name="env.rvm_bin_path" value="/home/travis/.rvm/bin" />
    <property name="java.home" value="/usr/lib/jvm/java-8-oracle/jre" />
    <property name="env.TRAVIS_JOB_NUMBER" value="834.8" />
    <property name="env.TRAVIS_HOME" value="/home/travis" />
    <property name="env.DISPLAY" value=":99.0" />
    <property name="java.net.preferIPv4Stack" value="true" />
    <property name="env.TRAVIS_INIT" value="upstart" />
    <property name="env.SSH_TTY" value="/dev/pts/0" />
    <property name="env.RUN_TESTS" value="false" />
    <property name="timeout.short" value="1000000" />
    <property name="env.TRAVIS_JOB_NAME" value="" />
    <property name="env.TRAVIS_STACK_NODE_ATTRIBUTES" value="/.node-attributes.yml" />
    <property name="junit.formatter" value="xml" />
    <property name="java.endorsed.dirs" value="/usr/lib/jvm/java-8-oracle/jre/lib/endorsed" />
    <property name="env.TRAVIS_SUDO" value="true" />
    <property name="env.LOGNAME" value="travis" />
    <property name="env.PT_TRAVIS_TEST_CORE1_XML" value="true" />
    <property name="jsdoc.home" value="node_modules/@terraswarm/jsdoc" />
    <property name="debuglevel" value="source,lines,vars" />
    <property name="checkstyle.formatter" value="xml" />
    <property name="bin.vergil.makeable" value="true" />
    <property name="env._system_version" value="14.04" />
    <property name="sun.os.patch.level" value="unknown" />
    <property name="java.vendor.url" value="http://java.oracle.com/" />
    <property name="env.TRAVIS_BUILD_WEB_URL" value="https://travis-ci.org/icyphy/ptII/builds/459012170" />
    <property name="java.version" value="1.8.0_151" />
    <property name="env.TZ" value="UTC" />
    <property name="env.PT_NO_NET" value="true" />
    <property name="env.TRAVIS_PULL_REQUEST_SHA" value="" />
    <property name="env.TRAVIS_SECURE_ENV_VARS" value="true" />
    <property name="env._system_type" value="Linux" />
    <property name="java.vendor.url.bug" value="http://bugreport.sun.com/bugreport/" />
    <property name="env.SSH_CLIENT" value="10.10.4.25 39318 22" />
    <property name="npmjs-org-is-up" value="true" />
    <property name="env.GEM_HOME" value="/home/travis/.rvm/gems/ruby-2.4.1" />
    <property name="env.HAS_ANTARES_THREE_LITTLE_FRONZIES_BADGE" value="true" />
    <property name="env.PS4" value="+" />
    <property name="ant.project.invoked-targets" value="build,test.core1.xml" />
    <property name="env.TRAVIS_PULL_REQUEST_BRANCH" value="" />
    <property name="env.TRAVIS_REPO_SLUG" value="icyphy/ptII" />
    <property name="node.in.path" value="true" />
    <property name="java.maxmemory" value="1400m" />
    <property name="env.RUBY_VERSION" value="ruby-2.4.1" />
    <property name="user.name" value="travis" />
    <property name="env.LANG" value="en_US.UTF-8" />
    <property name="sun.io.unicode.encoding" value="UnicodeLittle" />
    <property name="sun.jnu.encoding" value="UTF-8" />
    <property name="java.runtime.name" value="Java(TM) SE Runtime Environment" />
    <property name="usefile" value="false" />
    <property name="return.code" value="0" />
    <property name="junit.single.formatter" value="plain" />
    <property name="env.DYLD_LIBRARY_PATH" value="/home/travis/pthla/certi-tools/lib:" />
    <property name="env.DEBIAN_FRONTEND" value="noninteractive" />
    <property name="env.SSH_CONNECTION" value="10.10.4.25 39318 10.20.0.115 22" />
    <property name="env.MYSQL_UNIX_PORT" value="/var/run/mysqld/mysqld.sock" />
    <property name="env.TRAVIS_ALLOW_FAILURE" value="false" />
    <property name="env.LC_ALL" value="en_US.UTF-8" />
    <property name="env.TRAVIS_JOB_WEB_URL" value="https://travis-ci.org/icyphy/ptII/jobs/459012178" />
    <property name="java.specification.name" value="Java Platform API Specification" />
    <property name="node.works" value="true" />
    <property name="user.timezone" value="" />
    <property name="path.separator" value=":" />
    <property name="env.TRAVIS_ENABLE_INFRA_DETECTION" value="true" />
    <property name="env.PYTHON_CFLAGS" value="-g -fstack-protector --param=ssp-buffer-size=4 -Wformat -Werror=format-security" />
    <property name="timeout.long" value="4000000" />
    <property name="env.CERTI_HOME" value="/home/travis/pthla/certi-tools" />
    <property name="file.encoding" value="UTF-8" />
    <property name="ant.file.ptII" value="/home/travis/build/icyphy/ptII/build.xml" />
    <property name="javadoc.packagenames" value="com.*,diva.*,lbnl.*,org.hlacerti.*,org.json.*,org.ptolemy.*,org.terraswarm.*,ptolemy.*,ptserver.*" />
    <property name="env.TRAVIS_PULL_REQUEST_SLUG" value="" />
    <property name="ant.project.default-target" value="build" />
    <property name="env.GIT_ASKPASS" value="echo" />
    <property name="env.HOME" value="/home/travis" />
    <property name="sun.java.command" value="org.apache.tools.ant.taskdefs.optional.junit.JUnitTestRunner ptolemy.actor.lib.test.junit.JUnitTclTest skipNonTests=false filtertrace=true haltOnError=false haltOnFailure=false formatter=org.apache.tools.ant.taskdefs.optional.junit.OutErrSummaryJUnitResultFormatter showoutput=true outputtoformatters=true logfailedtests=true threadid=0 logtestlistenerevents=false formatter=org.apache.tools.ant.taskdefs.optional.junit.XMLJUnitResultFormatter,/home/travis/build/icyphy/ptII/reports/junit/TEST-ptolemy.actor.lib.test.junit.JUnitTclTest.xml crashfile=/home/travis/build/icyphy/ptII/junitvmwatcher3384278279635349702.properties propsfile=/home/travis/build/icyphy/ptII/junit4439274991130858092.properties" />
    <property name="env.MANPATH" value="/home/travis/.nvm/versions/node/v7.10.1/share/man:/home/travis/.kiex/elixirs/elixir-1.4.5/man:/home/travis/.rvm/rubies/ruby-2.4.1/share/man:/usr/local/man:/usr/local/cmake-3.9.2/man:/usr/local/clang-5.0.0/share/man:/usr/local/share/man:/usr/share/man:/home/travis/.rvm/man" />
    <property name="env.COMPOSER_NO_INTERACTION" value="1" />
    <property name="env.JDK_SWITCHER_DEFAULT" value="oraclejdk8" />
    <property name="env.TRAVIS_TIMER_ID" value="139cf680" />
    <property name="ant.file" value="/home/travis/build/icyphy/ptII/build.xml" />
    <property name="env.TRAVIS_COMMIT_RANGE" value="ca43a41313c420c60aa71b084f73b899fdc18d57...9e9124d16049c67b9a7707c422189ebfdda30f52" />
    <property name="env._system_name" value="Ubuntu" />
    <property name="timeout" value="2400000" />
    <property name="ptII.classpath.optional.property" value="/home/travis/build/icyphy/ptII/lib/bsh-2.0b4.jar:/home/travis/build/icyphy/ptII/lib/ptCal.jar:/home/travis/build/icyphy/ptII/lib/java_cup.jar:/home/travis/build/icyphy/ptII/lib/saxon8.jar:/home/travis/build/icyphy/ptII/lib/saxon8-dom.jar:/home/travis/build/icyphy/ptII/lib/chic.jar:/home/travis/build/icyphy/ptII/lib/ptcolt.jar:/usr/lib/jvm/java-8-oracle/lib/tools.jar:/usr/lib/eclipse/plugins/org.eclipse.jdt.core_3.8.2.dist.jar:/usr/lib/eclipse/plugins/org.eclipse.core.runtime_3.8.0.dist.jar:/usr/lib/eclipse/plugins/org.eclipse.osgi_3.8.1.dist.jar:/usr/lib/eclipse/plugins/org.eclipse.core.resources_3.8.1.dist.jar:/usr/lib/eclipse/plugins/org.eclipse.equinox.common_3.6.100.dist.jar:/usr/lib/eclipse/plugins/org.eclipse.core.jobs_3.5.200.dist.jar:/usr/lib/eclipse/plugins/org.eclipse.core.contenttype_3.4.200.dist.jar:/usr/lib/eclipse/plugins/org.eclipse.equinox.preferences_3.5.0.dist.jar:/usr/lib/eclipse/plugins/org.eclipse.text_3.5.200.dist.jar:/usr/lib/eclipse/plugins/org.eclipse.ui.workbench_3.8.1.dist.jar:/usr/lib/eclipse/plugins/org.eclipse.jface_3.8.0.dist.jar:/usr/lib/eclipse/plugins/org.eclipse.swt_3.8.2.jar:/usr/lib/eclipse/plugins/org.eclipse.jface.text_3.8.1.dist.jar:/usr/lib/eclipse/plugins/org.eclipse.ui.workbench.texteditor_3.8.0.dist.jar:/usr/lib/eclipse/plugins/org.eclipse.ui.editors_3.8.0.dist.jar:/usr/lib/eclipse/plugins/org.eclipse.core.commands_3.6.1.dist.jar:/usr/lib/eclipse/plugins/org.eclipse.equinox.registry_3.5.200.dist.jar:/usr/lib/eclipse/plugins/org.eclipse.ui.console_3.5.100.dist.jar:/usr/lib/eclipse/plugins/org.eclipse.ui.forms_3.5.200.dist.jar:/usr/lib/eclipse/plugins/org.eclipse.ui.ide_3.8.1.dist.jar:/home/travis/build/icyphy/ptII/vendors/oracle/dbxml.jar:/home/travis/build/icyphy/ptII/vendors/oracle/db.jar:/home/travis/build/icyphy/ptII/vendors/misc/itext/iText.jar:/home/travis/build/icyphy/ptII/lib/g4ltl.jar:/home/travis/build/icyphy/ptII/lib/StructuralCoder.jar:/home/travis/build/icyphy/ptII/lib/org-openide-util.jar:/home/travis/build/icyphy/ptII/lib/org-openide-util-lookup.jar:/home/travis/build/icyphy/ptII/lib/org-netbeans-api-visual.jar:/home/travis/build/icyphy/ptII/vendors/jai-1_1_2_01/lib/jai_core.jar:/home/travis/build/icyphy/ptII/vendors/jai-1_1_2_01/lib/jai_codec.jar:/home/travis/build/icyphy/ptII/lib/jcerti.jar:/home/travis/build/icyphy/ptII/lib/smack.jar:/home/travis/build/icyphy/ptII/lib/smackx.jar:/home/travis/build/icyphy/ptII/lib/jetty-all-8.1.5-v20120716.jar:/home/travis/build/icyphy/ptII/lib/javax.servlet-api-3.0.1.jar:/home/travis/build/icyphy/ptII/lib/javax.mail.jar:/home/travis/build/icyphy/ptII/vendors/JMF-2.1.1e/lib/jmf.jar:/home/travis/build/icyphy/ptII/lib/jna-4.0.0-variadic.jar:/home/travis/build/icyphy/ptII/vendors/misc/joystick/Joystick.jar:/home/travis/build/icyphy/ptII/lib/ptjacl.jar:/home/travis/build/icyphy/ptII/lib/jsoup-1.8.2.jar:/home/travis/build/icyphy/ptII/lib/junit-4.8.2.jar:/home/travis/build/icyphy/ptII/lib/JUnitParams-0.4.0.jar:/home/travis/build/icyphy/ptII/ptolemy/actor/lib/excel/jxl.jar:/home/travis/build/icyphy/ptII/lib/jython.jar:/home/travis/build/icyphy/ptII/lib/kieler.jar:/home/travis/build/icyphy/ptII/vendors/opencv/share/OpenCV/java/opencv-341.jar:/home/travis/build/icyphy/ptII/lib/oscP5.jar:/home/travis/build/icyphy/ptII/lib/nrjavaserial-3.11.0.devel.jar:/home/travis/build/icyphy/ptII/vendors/j3d/lib/j3dcore.jar:/home/travis/build/icyphy/ptII/vendors/j3d/lib/j3dutils.jar:/home/travis/build/icyphy/ptII/vendors/j3d/lib/vecmath.jar:/home/travis/build/icyphy/ptII/ptolemy/distributed/jini/jar/jini-core.jar:/home/travis/build/icyphy/ptII/ptolemy/distributed/jini/jar/jini-ext.jar:/home/travis/build/icyphy/ptII/ptolemy/distributed/jini/jar/sun-util.jar:/home/travis/build/icyphy/ptII/lib/protobuf-java-2.4.1.jar:/home/travis/build/icyphy/ptII/lib/org.eclipse.paho.client.mqttv3.jar:/home/travis/build/icyphy/ptII/ptserver/lib/hessian-4.0.7.jar:/home/travis/build/icyphy/ptII/ptserver/lib/wmqtt.jar:/home/travis/build/icyphy/ptII/lib/mapss.jar:/home/travis/build/icyphy/ptII/ptolemy/actor/ptalon/antlr/antlr.jar:/home/travis/build/icyphy/ptII/lib/JRI.jar:/home/travis/build/icyphy/ptII/lib/commons-lang-2.6.jar:/home/travis/build/icyphy/ptII/lib/commons-logging-1.1.1.jar:/home/travis/build/icyphy/ptII/lib/sootclasses.jar:/home/travis/build/icyphy/ptII/ptolemy/actor/lib/database/mysql-connector-java-5.1.6-bin.jar:/home/travis/build/icyphy/ptII/vendors/misc/sphinx4/sphinx4-data-5prealpha.jar:/home/travis/build/icyphy/ptII/vendors/misc/sphinx4/sphinx4-core-5prealpha.jar:/home/travis/build/icyphy/ptII/lib/PDFRenderer.jar:/home/travis/build/icyphy/ptII/lib/svgSalamander.jar:/home/travis/build/icyphy/ptII/lib/rsyntaxtextarea-2.6.0-SNAPSHOT.jar:/home/travis/build/icyphy/ptII/lib/hazelcast-3.8.2.jar:/home/travis/build/icyphy/ptII/lib/jackson-annotations-2.9.0.jar:/home/travis/build/icyphy/ptII/lib/jackson-core-2.9.3.jar:/home/travis/build/icyphy/ptII/lib/jackson-databind-2.9.3.jar:/home/travis/build/icyphy/ptII/lib/netty-buffer-4.1.19.Final.jar:/home/travis/build/icyphy/ptII/lib/netty-codec-4.1.19.Final.jar:/home/travis/build/icyphy/ptII/lib/netty-codec-dns-4.1.19.Final.jar:/home/travis/build/icyphy/ptII/lib/netty-codec-http-4.1.19.Final.jar:/home/travis/build/icyphy/ptII/lib/netty-codec-http2-4.1.19.Final.jar:/home/travis/build/icyphy/ptII/lib/netty-common-4.1.19.Final.jar:/home/travis/build/icyphy/ptII/lib/netty-handler-4.1.19.Final.jar:/home/travis/build/icyphy/ptII/lib/netty-resolver-4.1.19.Final.jar:/home/travis/build/icyphy/ptII/lib/netty-resolver-dns-4.1.19.Final.jar:/home/travis/build/icyphy/ptII/lib/netty-transport-4.1.19.Final.jar:/home/travis/build/icyphy/ptII/lib/vertx-codegen-3.5.1.jar:/home/travis/build/icyphy/ptII/lib/vertx-core-3.5.2-SNAPSHOT.jar:/home/travis/build/icyphy/ptII/lib/vertx-hazelcast-3.5.1.jar:/home/travis/build/icyphy/ptII/lib/vertx-lang-js-3.5.1.jar:/home/travis/build/icyphy/ptII/lib/vertx-service-proxy-3.5.1.jar:/home/travis/build/icyphy/ptII/lib/vertx-web-3.5.1.jar:/home/travis/build/icyphy/ptII/lib/slf4j-api-1.7.13.jar:/home/travis/build/icyphy/ptII/lib/slf4j-simple-1.7.13.jar:/home/travis/build/icyphy/ptII/lib/webcam-capture-0.3.12.jar:/home/travis/build/icyphy/ptII/lib/bridj-0.7.0.jar:/home/travis/build/icyphy/ptII/lib/xbjlib-1.1.0.nrjavaserial.jar" />
    <property name="test.batch" value="**/junit/*.java" />
    <property name="env._" value="/usr/bin/timeout" />
    <property name="java.io.tmpdir" value="/tmp" />
    <property name="env.TRAVIS_INTERNAL_RUBY_REGEX" value="^ruby-(2\.[0-4]\.[0-9]|1\.9\.3)" />
    <property name="user.language" value="en" />
    <property name="env.HISTCONTROL" value="ignoredups:ignorespace" />
    <property name="env.GOROOT" value="/home/travis/.gimme/versions/go1.7.4.linux.amd64" />
    <property name="line.separator" value="&#xa;" />
    <property name="target" value="1.8" />
    <property name="env.TRAVIS_BUILD_DIR" value="/home/travis/build/icyphy/ptII" />
    <property name="env.ANT_OPTS" value="-Xmx2048m" />
    <property name="ant.file.type" value="file" />
    <property name="ptolemy.ptII.batchMode" value="true" />
    <property name="env.HISTSIZE" value="1000" />
    <property name="env.MERB_ENV" value="test" />
    <property name="java.vm.info" value="mixed mode" />
    <property name="source" value="1.8" />
    <property name="java.vm.specification.name" value="Java Virtual Machine Specification" />
    <property name="env.TRAVIS_TEST_RESULT" value="0" />
    <property name="jsdoc.command" value="node_modules/@terraswarm/jsdoc/jsdoc.js" />
    <property name="npm.works" value="true" />
    <property name="cobertura.dir" value="/home/travis/build/icyphy/ptII/vendors/cobertura-2.0.3" />
    <property name="env.rvm_path" value="/home/travis/.rvm" />
    <property name="env.GEM_PATH" value="/home/travis/.rvm/gems/ruby-2.4.1:/home/travis/.rvm/gems/ruby-2.4.1@global" />
    <property name="env.LC_CTYPE" value="en_US.UTF-8" />
    <property name="java.awt.printerjob" value="sun.print.PSPrinterJob" />
    <property name="env.TRAVIS_CMD" value="$PTII/bin/ptIITravisBuild.sh $SECONDS" />
    <property name="env.TRAVIS_STACK_NAME" value="garnet" />
    <property name="env.TRAVIS_TIMER_START_TIME" value="1543027303733584551" />
    <property name="ant.version" value="Apache Ant(TM) version 1.10.1 compiled on February 2 2017" />
    <property name="ptII.reports" value="/home/travis/build/icyphy/ptII/reports" />
    <property name="env.TRAVIS_STACK_TIMESTAMP" value="2017-12-05 19:33:09 UTC" />
    <property name="ant.file.type.ptII" value="file" />
    <property name="env.RBENV_SHELL" value="bash" />
    <property name="os.name" value="Linux" />
    <property name="java.specification.vendor" value="Oracle Corporation" />
    <property name="env.rvm_version" value="1.29.3 (latest)" />
    <property name="env.TRAVIS_INFRA" value="gce" />
    <property name="env.TERM" value="xterm" />
    <property name="java.vm.name" value="Java HotSpot(TM) 64-Bit Server VM" />
    <property name="env.TRAVIS_BUILD_NUMBER" value="834" />
    <property name="env.CI" value="true" />
    <property name="java.library.path" value="/home/travis/pthla/certi-tools/lib:/usr/lib/jni:/usr/local/share/OpenCV/java/:/usr/share/OpenCV/java::/usr/java/packages/lib/amd64:/usr/lib64:/lib64:/lib:/usr/lib" />
    <property name="env.rvm_prefix" value="/home/travis" />
    <property name="env.PATH" value="/home/travis/pthla/certi-tools/share/scripts:/home/travis/.rvm/gems/ruby-2.4.1/bin:/home/travis/.rvm/gems/ruby-2.4.1@global/bin:/home/travis/.rvm/rubies/ruby-2.4.1/bin:/home/travis/.rvm/bin:/home/travis/.nvm/versions/node/v7.10.1/bin:./node_modules/.bin:/home/travis/build/icyphy/ptII/bin:/home/travis/pthla/certi-tools/bin:/home/travis/bin:/home/travis/.local/bin:/opt/pyenv/shims:/home/travis/.phpenv/shims:/home/travis/perl5/perlbrew/bin:/home/travis/.kiex/elixirs/elixir-1.4.5/bin:/home/travis/.kiex/bin:/home/travis/gopath/bin:/home/travis/.gimme/versions/go1.7.4.linux.amd64/bin:/usr/local/phantomjs/bin:/usr/local/phantomjs:/usr/local/neo4j-3.2.7/bin:/usr/local/maven-3.5.2/bin:/usr/local/cmake-3.9.2/bin:/usr/local/clang-5.0.0/bin:/usr/local/sbin:/usr/local/bin:/usr/sbin:/usr/bin:/sbin:/bin:/home/travis/.phpenv/bin:/opt/pyenv/bin:/home/travis/.yarn/bin" />
    <property name="env.TRAVIS_OS_NAME" value="linux" />
    <property name="ant.java.version" value="1.8" />
    <property name="basedir" value="/home/travis/build/icyphy/ptII" />
    <property name="java.class.version" value="52.0" />
    <property name="env.SHLVL" value="3" />
    <property name="env.LD_LIBRARY_PATH" value="/home/travis/pthla/certi-tools/lib:/usr/lib/jni:/usr/local/share/OpenCV/java/:/usr/share/OpenCV/java:" />
    <property name="env.RACK_ENV" value="test" />
    <property name="ant.home" value="/home/travis/build/icyphy/ptII/ant" />
    <property name="env.PERLBREW_BASHRC_VERSION" value="0.80" />
    <property name="env.NVM_DIR" value="/home/travis/.nvm" />
    <property name="env.CERTI_FOM_PATH" value="/home/travis/pthla/certi-tools/share/federations" />
    <property name="env.TRAVIS_BUILD_ID" value="459012170" />
    <property name="env.PYENV_ROOT" value="/opt/pyenv" />
    <property name="env.TRAVIS_UID" value="2000" />
    <property name="env.rvm_pretty_print_flag" value="auto" />
    <property name="env.NVM_BIN" value="/home/travis/.nvm/versions/node/v7.10.1/bin" />
    <property name="env.TRAVIS_COMMIT" value="9e9124d16049c67b9a7707c422189ebfdda30f52" />
    <property name="env._system_arch" value="x86_64" />
    <property name="node.executable" value="node" />
    <property name="sun.boot.library.path" value="/usr/lib/jvm/java-8-oracle/jre/lib/amd64" />
    <property name="sun.management.compiler" value="HotSpot 64-Bit Tiered Compilers" />
    <property name="java.awt.graphicsenv" value="sun.awt.X11GraphicsEnvironment" />
    <property name="env.GOPATH" value="/home/travis/gopath" />
    <property name="ptolemy.ptII.dir" value="/home/travis/build/icyphy/ptII" />
    <property name="env.USER" value="travis" />
    <property name="env.HISTFILESIZE" value="2000" />
    <property name="timeout.longest" value="19000000" />
    <property name="env.TRAVIS_STACK_FEATURES" value="basic cassandra chromium couchdb disabled-ipv6 docker docker-compose elasticsearch firefox go-toolchain google-chrome jdk memcached mongodb mysql neo4j nodejs_interpreter perl_interpreter perlbrew phantomjs postgresql python_interpreter rabbitmq redis riak ruby_interpreter sqlite xserver" />
    <property name="env.TRAVIS_PULL_REQUEST" value="false" />
    <property name="env.PYENV_SHELL" value="bash" />
    <property name="ant.project.name" value="ptII" />
    <property name="java.vm.specification.version" value="1.8" />
    <property name="env.ANSI_RESET" value="\033[0m" />
    <property name="env.TRAVIS_DIST" value="trusty" />
    <property name="env.CERTI_VERSION" value="4.0.0" />
    <property name="env.NLSPATH" value="/usr/dt/lib/nls/msg/%L/%N.cat" />
    <property name="awt.toolkit" value="sun.awt.X11.XToolkit" />
    <property name="env.CERTI_HOST" value="localhost" />
    <property name="env.MY_RUBY_HOME" value="/home/travis/.rvm/rubies/ruby-2.4.1" />
    <property name="sun.cpu.isalist" value="" />
    <property name="env.TRAVIS_TMPDIR" value="/tmp/tmp.4NzFzpjYh9" />
    <property name="java.ext.dirs" value="/usr/lib/jvm/java-8-oracle/jre/lib/ext:/usr/java/packages/lib/ext" />
    <property name="os.version" value="4.4.0-101-generic" />
    <property name="user.home" value="/home/travis" />
    <property name="env.MIX_ARCHIVES" value="/home/travis/.kiex/mix/elixir-1.4.5" />
    <property name="java.vm.vendor" value="Oracle Corporation" />
    <property name="env.TRAVIS_TAG" value="nightly" />
    <property name="env.ANSI_YELLOW" value="\033[33;1m" />
    <property name="env.TRAVIS_FILTERED" value="redirect_io" />
    <property name="env.ANSI_GREEN" value="\033[32;1m" />
    <property name="env.JAVA_HOME" value="/usr/lib/jvm/java-8-oracle" />
    <property name="javadoc.excludepackagenames" value="adm.cvs2svn.*,build.*,config.*,doc.coding.templates.*,jni.test.jni.meaningOfLife.*,jni.test.jni.testDeux.*,jni.test.jni.testTrois.*,org.terraswarm.accessor.accessors.web.node_modules.*,org.terraswarm.accessor.accessors.web.hosts.cordova.demo.*,org.terraswarm.accessor.accessors.web.hosts.cordova.plugins.*,org.terraswarm.accessor.accessors-svn.*,pt-modules.*,ptolemy.apps.agilent.*,ptolemy.apps.anytimecontrol.*,ptolemy.apps.apes.*,ptolemy.apps.charon.*,ptolemy.apps.crazyboard.*,ptolemy.apps.eclipse.*,ptolemy.apps.etherealSting.*,ptolemy.apps.fullscreen.*,ptolemy.apps.giotto.*,ptolemy.apps.ia.*,ptolemy.apps.interfaces.*,ptolemy.apps.jmf.*,ptolemy.apps.kurt.*,ptolemy.apps.kvm.*,ptolemy.apps.lego.*,ptolemy.apps.lejos.*,ptolemy.apps.midp.*,ptolemy.apps.mobileCoding.*,ptolemy.apps.pendulum.*,ptolemy.apps.rijndael.*,ptolemy.apps.robot.*,ptolemy.apps.security.*,ptolemy.apps.sobel.*,ptolemy.apps.soot.*,ptolemy.apps.throttle.*,ptolemy.apps.tini.*,ptolemy.apps.transmission.*,ptolemy.apps.vergil.*,ptolemy.apps.waba.*,ptolemy.apps.websensor.*,ptolemy.apps.webstart.*,ptolemy.apps.xsl.*,ptolemy.apps.zaurus.*,ptolemy.backtrack.eclipse.plugin.*,ptolemy.backtrack.test.*,ptolemy.codegen.c.actor.lib.oldJavaFiles.*,ptolemy.codegen.dsp.lib.*,ptolemy.codegen.kernel.newInterfaces.*,ptolemy.codegen.lib.*,ptolemy.copernicus.kernel.fragment.*,ptolemy.copernicus.shallow.cg.*,ptolemy.domains.giotto.demo.Hierarchy.Hierarchy.*,ptolemy.domains.giotto.demo.Multimode.Multimode.*,ptolemy.domains.giotto.demo.Simple.Simple.*,ptolemy.domains.gr.lib.experimental.*,ptolemy.domains.gro.*,ptolemy.domains.pdf.*,ptolemy.domains.ptinyos.demo.Surge.output.*,ptolemy.moml.test.NoPackageActor.java*,ptolemy.plot.adm.*,ptolemy.plot.servlet.*,reports.*,signed.*,src.*,target.*,vendors.*,ptolemy.cg.adapter.generic.program.procedural.c.mbed*,ptolemy.actor.lib.fmi.fmus.omc*,ptolemy.domains.openmodelica*,ptdb.kernel.bl.save.test.*,ptdb.kernel.bl.load.test.*,ptdb.kernel.bl.search.test.*,ptdb.kernel.bl.migration.test.*,ptdb.kernel.database.test.*,ptdb.test.*,ptdb.gui.test.*,org.ptolemy.scala.*,diva.util.java2d.svg.*,ptolemy.domains.ptinyos.*,ptolemy.actor.lib.fmi.fmipp.*,,org.terraswarm.accessor.accessors.web.node_modules.*,org.terraswarm.accessor.accessors-svn,ptolemy.apps.*,ptolemy.actor.ptalon.demo.ptinyos.SendAndReceiveCnt.output,ptolemy.actor.ptalon.demo.ptinyos.SenseToLeds.output,ptolemy.domains.ptinyos.demo.CntToLedsAndRfm.output,ptolemy.domains.ptinyos.demo.RfmToLeds.output,ptolemy.domains.ptinyos.demo.SendAndReceiveCnt.output,ptolemy.domains.ptinyos.demo.SenseToLeds.output,ptolemy.actor.lib.jjs.modules.udpSocket.*" />
    <property name="env.PTII" value="/home/travis/build/icyphy/ptII" />
    <property name="keystore" value="ptKeystore" />
    <property name="env.XDG_SESSION_ID" value="2" />
    <property name="env.TRAVIS_COMMIT_MESSAGE" value="Adding an Extended FOM with a new federation for explaining Publish, Register, Update, and&#xa;Subscribe, Discover, ReflectAttributeValue." />
    <property name="junit.output.dir" value="/home/travis/build/icyphy/ptII/reports/junit" />
    <property name="npm.return.code" value="0" />
    <property name="user.dir" value="/home/travis/build/icyphy/ptII/ptolemy/actor/lib/test" />
    <property name="env.XFILESEARCHPATH" value="/usr/dt/app-defaults/%L/Dt" />
    <property name="env.TRAVIS_NODE_VERSION" value="7" />
    <property name="env.MAIL" value="/var/mail/travis" />
    <property name="env.TRAVIS_EVENT_TYPE" value="cron" />
    <property name="env.PERLBREW_ROOT" value="/home/travis/perl5/perlbrew" />
    <property name="env.PWD" value="/home/travis/build/icyphy/ptII" />
    <property name="timeout.npm" value="45000" />
    <property name="env.TRAVIS_ARCH" value="amd64" />
    <property name="sun.cpu.endian" value="little" />
    <property name="env.PAGER" value="cat" />
    <property name="env.TRAVIS_BUILD_STAGE_NAME" value="Test" />
    <property name="env.PERLBREW_HOME" value="/home/travis/.perlbrew" />
    <property name="java.vm.version" value="25.151-b12" />
    <property name="env.RAILS_ENV" value="test" />
    <property name="java.class.path" value="/home/travis/.ptolemyII:/home/travis/.ptolemyII/*:/home/travis/build/icyphy/ptII:/home/travis/build/icyphy/ptII/lib/bsh-2.0b4.jar:/home/travis/build/icyphy/ptII/lib/ptCal.jar:/home/travis/build/icyphy/ptII/lib/java_cup.jar:/home/travis/build/icyphy/ptII/lib/saxon8.jar:/home/travis/build/icyphy/ptII/lib/saxon8-dom.jar:/home/travis/build/icyphy/ptII/lib/chic.jar:/home/travis/build/icyphy/ptII/lib/ptcolt.jar:/usr/lib/jvm/java-8-oracle/lib/tools.jar:/usr/lib/eclipse/plugins/org.eclipse.jdt.core_3.8.2.dist.jar:/usr/lib/eclipse/plugins/org.eclipse.core.runtime_3.8.0.dist.jar:/usr/lib/eclipse/plugins/org.eclipse.osgi_3.8.1.dist.jar:/usr/lib/eclipse/plugins/org.eclipse.core.resources_3.8.1.dist.jar:/usr/lib/eclipse/plugins/org.eclipse.equinox.common_3.6.100.dist.jar:/usr/lib/eclipse/plugins/org.eclipse.core.jobs_3.5.200.dist.jar:/usr/lib/eclipse/plugins/org.eclipse.core.contenttype_3.4.200.dist.jar:/usr/lib/eclipse/plugins/org.eclipse.equinox.preferences_3.5.0.dist.jar:/usr/lib/eclipse/plugins/org.eclipse.text_3.5.200.dist.jar:/usr/lib/eclipse/plugins/org.eclipse.ui.workbench_3.8.1.dist.jar:/usr/lib/eclipse/plugins/org.eclipse.jface_3.8.0.dist.jar:/usr/lib/eclipse/plugins/org.eclipse.swt_3.8.2.jar:/usr/lib/eclipse/plugins/org.eclipse.jface.text_3.8.1.dist.jar:/usr/lib/eclipse/plugins/org.eclipse.ui.workbench.texteditor_3.8.0.dist.jar:/usr/lib/eclipse/plugins/org.eclipse.ui.editors_3.8.0.dist.jar:/usr/lib/eclipse/plugins/org.eclipse.core.commands_3.6.1.dist.jar:/usr/lib/eclipse/plugins/org.eclipse.equinox.registry_3.5.200.dist.jar:/usr/lib/eclipse/plugins/org.eclipse.ui.console_3.5.100.dist.jar:/usr/lib/eclipse/plugins/org.eclipse.ui.forms_3.5.200.dist.jar:/usr/lib/eclipse/plugins/org.eclipse.ui.ide_3.8.1.dist.jar:/home/travis/build/icyphy/ptII/vendors/oracle/dbxml.jar:/home/travis/build/icyphy/ptII/vendors/oracle/db.jar:/home/travis/build/icyphy/ptII/vendors/misc/itext/iText.jar:/home/travis/build/icyphy/ptII/lib/g4ltl.jar:/home/travis/build/icyphy/ptII/lib/StructuralCoder.jar:/home/travis/build/icyphy/ptII/lib/org-openide-util.jar:/home/travis/build/icyphy/ptII/lib/org-openide-util-lookup.jar:/home/travis/build/icyphy/ptII/lib/org-netbeans-api-visual.jar:/home/travis/build/icyphy/ptII/vendors/jai-1_1_2_01/lib/jai_core.jar:/home/travis/build/icyphy/ptII/vendors/jai-1_1_2_01/lib/jai_codec.jar:/home/travis/build/icyphy/ptII/lib/jcerti.jar:/home/travis/build/icyphy/ptII/lib/smack.jar:/home/travis/build/icyphy/ptII/lib/smackx.jar:/home/travis/build/icyphy/ptII/lib/jetty-all-8.1.5-v20120716.jar:/home/travis/build/icyphy/ptII/lib/javax.servlet-api-3.0.1.jar:/home/travis/build/icyphy/ptII/lib/javax.mail.jar:/home/travis/build/icyphy/ptII/vendors/JMF-2.1.1e/lib/jmf.jar:/home/travis/build/icyphy/ptII/lib/jna-4.0.0-variadic.jar:/home/travis/build/icyphy/ptII/vendors/misc/joystick/Joystick.jar:/home/travis/build/icyphy/ptII/lib/ptjacl.jar:/home/travis/build/icyphy/ptII/lib/jsoup-1.8.2.jar:/home/travis/build/icyphy/ptII/lib/junit-4.8.2.jar:/home/travis/build/icyphy/ptII/lib/JUnitParams-0.4.0.jar:/home/travis/build/icyphy/ptII/ptolemy/actor/lib/excel/jxl.jar:/home/travis/build/icyphy/ptII/lib/jython.jar:/home/travis/build/icyphy/ptII/lib/kieler.jar:/home/travis/build/icyphy/ptII/vendors/opencv/share/OpenCV/java/opencv-341.jar:/home/travis/build/icyphy/ptII/lib/oscP5.jar:/home/travis/build/icyphy/ptII/lib/nrjavaserial-3.11.0.devel.jar:/home/travis/build/icyphy/ptII/vendors/j3d/lib/j3dcore.jar:/home/travis/build/icyphy/ptII/vendors/j3d/lib/j3dutils.jar:/home/travis/build/icyphy/ptII/vendors/j3d/lib/vecmath.jar:/home/travis/build/icyphy/ptII/ptolemy/distributed/jini/jar/jini-core.jar:/home/travis/build/icyphy/ptII/ptolemy/distributed/jini/jar/jini-ext.jar:/home/travis/build/icyphy/ptII/ptolemy/distributed/jini/jar/sun-util.jar:/home/travis/build/icyphy/ptII/lib/protobuf-java-2.4.1.jar:/home/travis/build/icyphy/ptII/lib/org.eclipse.paho.client.mqttv3.jar:/home/travis/build/icyphy/ptII/ptserver/lib/hessian-4.0.7.jar:/home/travis/build/icyphy/ptII/ptserver/lib/wmqtt.jar:/home/travis/build/icyphy/ptII/lib/mapss.jar:/home/travis/build/icyphy/ptII/ptolemy/actor/ptalon/antlr/antlr.jar:/home/travis/build/icyphy/ptII/lib/JRI.jar:/home/travis/build/icyphy/ptII/lib/commons-lang-2.6.jar:/home/travis/build/icyphy/ptII/lib/commons-logging-1.1.1.jar:/home/travis/build/icyphy/ptII/lib/sootclasses.jar:/home/travis/build/icyphy/ptII/ptolemy/actor/lib/database/mysql-connector-java-5.1.6-bin.jar:/home/travis/build/icyphy/ptII/vendors/misc/sphinx4/sphinx4-data-5prealpha.jar:/home/travis/build/icyphy/ptII/vendors/misc/sphinx4/sphinx4-core-5prealpha.jar:/home/travis/build/icyphy/ptII/lib/PDFRenderer.jar:/home/travis/build/icyphy/ptII/lib/svgSalamander.jar:/home/travis/build/icyphy/ptII/lib/rsyntaxtextarea-2.6.0-SNAPSHOT.jar:/home/travis/build/icyphy/ptII/lib/hazelcast-3.8.2.jar:/home/travis/build/icyphy/ptII/lib/jackson-annotations-2.9.0.jar:/home/travis/build/icyphy/ptII/lib/jackson-core-2.9.3.jar:/home/travis/build/icyphy/ptII/lib/jackson-databind-2.9.3.jar:/home/travis/build/icyphy/ptII/lib/netty-buffer-4.1.19.Final.jar:/home/travis/build/icyphy/ptII/lib/netty-codec-4.1.19.Final.jar:/home/travis/build/icyphy/ptII/lib/netty-codec-dns-4.1.19.Final.jar:/home/travis/build/icyphy/ptII/lib/netty-codec-http-4.1.19.Final.jar:/home/travis/build/icyphy/ptII/lib/netty-codec-http2-4.1.19.Final.jar:/home/travis/build/icyphy/ptII/lib/netty-common-4.1.19.Final.jar:/home/travis/build/icyphy/ptII/lib/netty-handler-4.1.19.Final.jar:/home/travis/build/icyphy/ptII/lib/netty-resolver-4.1.19.Final.jar:/home/travis/build/icyphy/ptII/lib/netty-resolver-dns-4.1.19.Final.jar:/home/travis/build/icyphy/ptII/lib/netty-transport-4.1.19.Final.jar:/home/travis/build/icyphy/ptII/lib/vertx-codegen-3.5.1.jar:/home/travis/build/icyphy/ptII/lib/vertx-core-3.5.2-SNAPSHOT.jar:/home/travis/build/icyphy/ptII/lib/vertx-hazelcast-3.5.1.jar:/home/travis/build/icyphy/ptII/lib/vertx-lang-js-3.5.1.jar:/home/travis/build/icyphy/ptII/lib/vertx-service-proxy-3.5.1.jar:/home/travis/build/icyphy/ptII/lib/vertx-web-3.5.1.jar:/home/travis/build/icyphy/ptII/lib/slf4j-api-1.7.13.jar:/home/travis/build/icyphy/ptII/lib/slf4j-simple-1.7.13.jar:/home/travis/build/icyphy/ptII/lib/webcam-capture-0.3.12.jar:/home/travis/build/icyphy/ptII/lib/bridj-0.7.0.jar:/home/travis/build/icyphy/ptII/lib/xbjlib-1.1.0.nrjavaserial.jar:/home/travis/build/icyphy/ptII/ptolemy/moml/test:/home/travis/build/icyphy/ptII/ant/lib/ant-launcher.jar:/home/travis/build/icyphy/ptII/ant/lib/ant.jar:/home/travis/build/icyphy/ptII/ant/lib/ant-junit.jar:/home/travis/build/icyphy/ptII/ant/lib/ant-junit4.jar" />
    <property name="ant.library.dir" value="/home/travis/build/icyphy/ptII/ant/lib" />
    <property name="os.arch" value="amd64" />
    <property name="env.TRAVIS_LANGUAGE" value="node_js" />
    <property name="env.CONTINUOUS_INTEGRATION" value="true" />
    <property name="env.TRAVIS_STACK_LANGUAGES" value="__garnet__ c c++ clojure cplusplus cpp default go groovy java node_js php pure_java python ruby scala" />
    <property name="test.name" value="ptolemy.actor.lib.test.junit.JUnitTclTest" />
    <property name="sun.java.launcher" value="SUN_STANDARD" />
    <property name="env.PYTHON_CONFIGURE_OPTS" value="--enable-unicode=ucs4 --with-wide-unicode --enable-shared --enable-ipv6 --enable-loadable-sqlite-extensions --with-computed-gotos" />
    <property name="ant.core.lib" value="/home/travis/build/icyphy/ptII/ant/lib/ant.jar" />
    <property name="java.vm.specification.vendor" value="Oracle Corporation" />
    <property name="env.BCVTB_HOME" value="/home/travis/build/icyphy/ptII/lbnl" />
    <property name="file.separator" value="/" />
    <property name="spotbugs.home" value="/home/travis/build/icyphy/ptII/vendors/spotbugs-3.1.1" />
    <property name="java.runtime.version" value="1.8.0_151-b12" />
    <property name="sun.boot.class.path" value="/usr/lib/jvm/java-8-oracle/jre/lib/resources.jar:/usr/lib/jvm/java-8-oracle/jre/lib/rt.jar:/usr/lib/jvm/java-8-oracle/jre/lib/sunrsasign.jar:/usr/lib/jvm/java-8-oracle/jre/lib/jsse.jar:/usr/lib/jvm/java-8-oracle/jre/lib/jce.jar:/usr/lib/jvm/java-8-oracle/jre/lib/charsets.jar:/usr/lib/jvm/java-8-oracle/jre/lib/jfr.jar:/usr/lib/jvm/java-8-oracle/jre/classes" />
    <property name="env.ANSI_CLEAR" value="\033[0K" />
    <property name="env.HAS_JOSH_K_SEAL_OF_APPROVAL" value="true" />
    <property name="env.XDG_RUNTIME_DIR" value="/run/user/2000" />
    <property name="env.TRAVIS_OSX_IMAGE" value="" />
    <property name="env.TRAVIS_JOB_ID" value="459012178" />
    <property name="env.TRAVIS_BRANCH" value="master" />
    <property name="user.country" value="US" />
    <property name="env.CERTI_HOME_TRAVIS" value="/home/travis/pthla/certi-tools" />
    <property name="env.SHELL" value="/bin/bash" />
    <property name="java.maxmemory.large" value="5000m" />
    <property name="model" value="" />
    <property name="env.CASHER_DIR" value="/home/travis/.casher" />
    <property name="env.NVM_CD_FLAGS" value="" />
    <property name="jshint.executable" value="/home/travis/node_modules/jshint/bin/jshint" />
    <property name="java.vendor" value="Oracle Corporation" />
    <property name="env.JRUBY_OPTS" value=" --client -J-XX:+TieredCompilation -J-XX:TieredStopAtLevel=1 -J-Xss2m -Xcompile.invokedynamic=false" />
    <property name="env.TRAVIS_PRE_CHEF_BOOTSTRAP_TIME" value="2017-12-05T19:32:55" />
    <property name="env.TRAVIS_STACK_JOB_BOARD_REGISTER" value="/.job-board-register.yml" />
    <property name="env.ELIXIR_VERSION" value="1.4.5" />
    <property name="env.ANSI_RED" value="\033[31;1m" />
    <property name="java.specification.version" value="1.8" />
    <property name="env.TRAVIS" value="true" />
    <property name="env.IRBRC" value="/home/travis/.rvm/rubies/ruby-2.4.1/.irbrc" />
    <property name="sun.arch.data.model" value="64" />
  </properties>
  <testcase classname="ptolemy.util.test.junit.TclTests" name="[0] /home/travis/build/icyphy/ptII/ptolemy/actor/lib/test/AbsoluteValue.tcl (RunTclFile)" time="0.47" />
  <testcase classname="ptolemy.util.test.junit.TclTests" name="[1] /home/travis/build/icyphy/ptII/ptolemy/actor/lib/test/AddSubtract.tcl (RunTclFile)" time="0.128" />
  <testcase classname="ptolemy.util.test.junit.TclTests" name="[2] /home/travis/build/icyphy/ptII/ptolemy/actor/lib/test/Average.tcl (RunTclFile)" time="0.039" />
  <testcase classname="ptolemy.util.test.junit.TclTests" name="[3] /home/travis/build/icyphy/ptII/ptolemy/actor/lib/test/Bernoulli.tcl (RunTclFile)" time="0.019" />
  <testcase classname="ptolemy.util.test.junit.TclTests" name="[4] /home/travis/build/icyphy/ptII/ptolemy/actor/lib/test/Clock.tcl (RunTclFile)" time="0.071" />
  <testcase classname="ptolemy.util.test.junit.TclTests" name="[5] /home/travis/build/icyphy/ptII/ptolemy/actor/lib/test/Commutator.tcl (RunTclFile)" time="0.156" />
  <testcase classname="ptolemy.util.test.junit.TclTests" name="[6] /home/travis/build/icyphy/ptII/ptolemy/actor/lib/test/Const.tcl (RunTclFile)" time="0.132" />
  <testcase classname="ptolemy.util.test.junit.TclTests" name="[7] /home/travis/build/icyphy/ptII/ptolemy/actor/lib/test/CurrentTime.tcl (RunTclFile)" time="0.027" />
  <testcase classname="ptolemy.util.test.junit.TclTests" name="[8] /home/travis/build/icyphy/ptII/ptolemy/actor/lib/test/DB.tcl (RunTclFile)" time="0.021" />
  <testcase classname="ptolemy.util.test.junit.TclTests" name="[9] /home/travis/build/icyphy/ptII/ptolemy/actor/lib/test/DiscreteRandomSource.tcl (RunTclFile)" time="0.028" />
  <testcase classname="ptolemy.util.test.junit.TclTests" name="[10] /home/travis/build/icyphy/ptII/ptolemy/actor/lib/test/Distributor.tcl (RunTclFile)" time="0.038" />
  <testcase classname="ptolemy.util.test.junit.TclTests" name="[11] /home/travis/build/icyphy/ptII/ptolemy/actor/lib/test/Exit.tcl (RunTclFile)" time="0.066" />
  <testcase classname="ptolemy.util.test.junit.TclTests" name="[12] /home/travis/build/icyphy/ptII/ptolemy/actor/lib/test/Expression.tcl (RunTclFile)" time="0.138" />
  <testcase classname="ptolemy.util.test.junit.TclTests" name="[13] /home/travis/build/icyphy/ptII/ptolemy/actor/lib/test/Gaussian.tcl (RunTclFile)" time="0.074" />
  <testcase classname="ptolemy.util.test.junit.TclTests" name="[14] /home/travis/build/icyphy/ptII/ptolemy/actor/lib/test/IIR.tcl (RunTclFile)" time="0.041" />
  <testcase classname="ptolemy.util.test.junit.TclTests" name="[15] /home/travis/build/icyphy/ptII/ptolemy/actor/lib/test/Interpolator.tcl (RunTclFile)" time="0.088" />
  <testcase classname="ptolemy.util.test.junit.TclTests" name="[16] /home/travis/build/icyphy/ptII/ptolemy/actor/lib/test/MathFunction.tcl (RunTclFile)" time="0.081" />
  <testcase classname="ptolemy.util.test.junit.TclTests" name="[17] /home/travis/build/icyphy/ptII/ptolemy/actor/lib/test/Maximum.tcl (RunTclFile)" time="0.057" />
  <testcase classname="ptolemy.util.test.junit.TclTests" name="[18] /home/travis/build/icyphy/ptII/ptolemy/actor/lib/test/Minimum.tcl (RunTclFile)" time="0.022" />
  <testcase classname="ptolemy.util.test.junit.TclTests" name="[19] /home/travis/build/icyphy/ptII/ptolemy/actor/lib/test/MultiplyDivide.tcl (RunTclFile)" time="0.023" />
  <testcase classname="ptolemy.util.test.junit.TclTests" name="[20] /home/travis/build/icyphy/ptII/ptolemy/actor/lib/test/OrderedMerge.tcl (RunTclFile)" time="0.065" />
  <testcase classname="ptolemy.util.test.junit.TclTests" name="[21] /home/travis/build/icyphy/ptII/ptolemy/actor/lib/test/Publisher.tcl (RunTclFile)" time="0.71" />
  <testcase classname="ptolemy.util.test.junit.TclTests" name="[22] /home/travis/build/icyphy/ptII/ptolemy/actor/lib/test/Pulse.tcl (RunTclFile)" time="0.077" />
  <testcase classname="ptolemy.util.test.junit.TclTests" name="[23] /home/travis/build/icyphy/ptII/ptolemy/actor/lib/test/Ramp.tcl (RunTclFile)" time="2.16" />
  <testcase classname="ptolemy.util.test.junit.TclTests" name="[24] /home/travis/build/icyphy/ptII/ptolemy/actor/lib/test/RampContinuous.tcl (RunTclFile)" time="0.018" />
  <testcase classname="ptolemy.util.test.junit.TclTests" name="[25] /home/travis/build/icyphy/ptII/ptolemy/actor/lib/test/RecordAssembler.tcl (RunTclFile)" time="0.015" />
  <testcase classname="ptolemy.util.test.junit.TclTests" name="[26] /home/travis/build/icyphy/ptII/ptolemy/actor/lib/test/RecordDisassembler.tcl (RunTclFile)" time="0.017" />
  <testcase classname="ptolemy.util.test.junit.TclTests" name="[27] /home/travis/build/icyphy/ptII/ptolemy/actor/lib/test/Scale.tcl (RunTclFile)" time="0.017" />
  <testcase classname="ptolemy.util.test.junit.TclTests" name="[28] /home/travis/build/icyphy/ptII/ptolemy/actor/lib/test/SequentialClock.tcl (RunTclFile)" time="0.012" />
  <testcase classname="ptolemy.util.test.junit.TclTests" name="[29] /home/travis/build/icyphy/ptII/ptolemy/actor/lib/test/SetVariable.tcl (RunTclFile)" time="0.013" />
  <testcase classname="ptolemy.util.test.junit.TclTests" name="[30] /home/travis/build/icyphy/ptII/ptolemy/actor/lib/test/Sinewave.tcl (RunTclFile)" time="0.065" />
  <testcase classname="ptolemy.util.test.junit.TclTests" name="[31] /home/travis/build/icyphy/ptII/ptolemy/actor/lib/test/SubscriptionAggregator.tcl (RunTclFile)" time="2.106" />
  <testcase classname="ptolemy.util.test.junit.TclTests" name="[32] /home/travis/build/icyphy/ptII/ptolemy/actor/lib/test/Test.tcl (RunTclFile)" time="0.113" />
  <testcase classname="ptolemy.util.test.junit.TclTests" name="[33] /home/travis/build/icyphy/ptII/ptolemy/actor/lib/test/TestExceptionHandler.tcl (RunTclFile)" time="0.014" />
  <testcase classname="ptolemy.util.test.junit.TclTests" name="[34] /home/travis/build/icyphy/ptII/ptolemy/actor/lib/test/UnionDisassembler.tcl (RunTclFile)" time="0.078" />
  <testcase classname="ptolemy.util.test.junit.TclTests" name="[35] /home/travis/build/icyphy/ptII/ptolemy/actor/lib/test/VariableClock.tcl (RunTclFile)" time="0.031" />
  <testcase classname="ptolemy.util.test.junit.AutoKnownFailedTests" name="[0] /home/travis/build/icyphy/ptII/ptolemy/actor/lib/test/auto/knownFailedTests/PublisherPortToplevelSubscriber.xml (RunModel)" time="0.019" />
  <testcase classname="ptolemy.util.test.junit.AutoKnownFailedTests" name="[1] /home/travis/build/icyphy/ptII/ptolemy/actor/lib/test/auto/knownFailedTests/PublisherSubscriberPortToplevel.xml (RunModel)" time="0.018" />
  <testcase classname="ptolemy.util.test.junit.AutoKnownFailedTests" name="[2] /home/travis/build/icyphy/ptII/ptolemy/actor/lib/test/auto/knownFailedTests/PublisherSubscriptionAggregatorPort.xml (RunModel)" time="0.023" />
  <testcase classname="ptolemy.util.test.junit.AutoKnownFailedTests" name="[3] /home/travis/build/icyphy/ptII/ptolemy/actor/lib/test/auto/knownFailedTests/sizedarray3.xml (RunModel)" time="0.047" />
  <testcase classname="ptolemy.util.test.junit.AutoNameArchTests" name="[0] ThereAreNoAutoArchTests (RunModel)" time="0.009" />
  <testcase classname="ptolemy.util.test.junit.AutoTests" name="[0] /home/travis/build/icyphy/ptII/ptolemy/actor/lib/test/auto/AbsoluteValue.xml (RunModel)" time="0.089" />
  <testcase classname="ptolemy.util.test.junit.AutoTests" name="[1] /home/travis/build/icyphy/ptII/ptolemy/actor/lib/test/auto/AbsoluteValue2.xml (RunModel)" time="0.074" />
  <testcase classname="ptolemy.util.test.junit.AutoTests" name="[2] /home/travis/build/icyphy/ptII/ptolemy/actor/lib/test/auto/Accumulator.xml (RunModel)" time="0.084" />
  <testcase classname="ptolemy.util.test.junit.AutoTests" name="[3] /home/travis/build/icyphy/ptII/ptolemy/actor/lib/test/auto/Accumulator2.xml (RunModel)" time="0.053" />
  <testcase classname="ptolemy.util.test.junit.AutoTests" name="[4] /home/travis/build/icyphy/ptII/ptolemy/actor/lib/test/auto/Accumulator3.xml (RunModel)" time="0.016" />
  <testcase classname="ptolemy.util.test.junit.AutoTests" name="[5] /home/travis/build/icyphy/ptII/ptolemy/actor/lib/test/auto/ArrayAppend.xml (RunModel)" time="0.029" />
  <testcase classname="ptolemy.util.test.junit.AutoTests" name="[6] /home/travis/build/icyphy/ptII/ptolemy/actor/lib/test/auto/ArrayAppend2.xml (RunModel)" time="0.69" />
  <testcase classname="ptolemy.util.test.junit.AutoTests" name="[7] /home/travis/build/icyphy/ptII/ptolemy/actor/lib/test/auto/ArrayAppend3.xml (RunModel)" time="0.04" />
  <testcase classname="ptolemy.util.test.junit.AutoTests" name="[8] /home/travis/build/icyphy/ptII/ptolemy/actor/lib/test/auto/ArrayAppend4.xml (RunModel)" time="0.028" />
  <testcase classname="ptolemy.util.test.junit.AutoTests" name="[9] /home/travis/build/icyphy/ptII/ptolemy/actor/lib/test/auto/ArrayAppend5.xml (RunModel)" time="0.023" />
  <testcase classname="ptolemy.util.test.junit.AutoTests" name="[10] /home/travis/build/icyphy/ptII/ptolemy/actor/lib/test/auto/ArrayAppend6.xml (RunModel)" time="0.024" />
  <testcase classname="ptolemy.util.test.junit.AutoTests" name="[11] /home/travis/build/icyphy/ptII/ptolemy/actor/lib/test/auto/ArrayAppendPerformanceTest.xml (RunModel)" time="0.062" />
  <testcase classname="ptolemy.util.test.junit.AutoTests" name="[12] /home/travis/build/icyphy/ptII/ptolemy/actor/lib/test/auto/ArrayAppendWithEmptyInput.xml (RunModel)" time="0.076" />
  <testcase classname="ptolemy.util.test.junit.AutoTests" name="[13] /home/travis/build/icyphy/ptII/ptolemy/actor/lib/test/auto/ArrayAverage.xml (RunModel)" time="0.059" />
  <testcase classname="ptolemy.util.test.junit.AutoTests" name="[14] /home/travis/build/icyphy/ptII/ptolemy/actor/lib/test/auto/ArrayContains.xml (RunModel)" time="0.025" />
  <testcase classname="ptolemy.util.test.junit.AutoTests" name="[15] /home/travis/build/icyphy/ptII/ptolemy/actor/lib/test/auto/ArrayElement.xml (RunModel)" time="0.022" />
  <testcase classname="ptolemy.util.test.junit.AutoTests" name="[16] /home/travis/build/icyphy/ptII/ptolemy/actor/lib/test/auto/ArrayElementAsMatrix.xml (RunModel)" time="0.045" />
  <testcase classname="ptolemy.util.test.junit.AutoTests" name="[17] /home/travis/build/icyphy/ptII/ptolemy/actor/lib/test/auto/ArrayElementI.xml (RunModel)" time="0.017" />
  <testcase classname="ptolemy.util.test.junit.AutoTests" name="[18] /home/travis/build/icyphy/ptII/ptolemy/actor/lib/test/auto/ArrayExtract.xml (RunModel)" time="0.029" />
  <testcase classname="ptolemy.util.test.junit.AutoTests" name="[19] /home/travis/build/icyphy/ptII/ptolemy/actor/lib/test/auto/ArrayExtract2.xml (RunModel)" time="0.025" />
  <testcase classname="ptolemy.util.test.junit.AutoTests" name="[20] /home/travis/build/icyphy/ptII/ptolemy/actor/lib/test/auto/ArrayLength.xml (RunModel)" time="0.022" />
  <testcase classname="ptolemy.util.test.junit.AutoTests" name="[21] /home/travis/build/icyphy/ptII/ptolemy/actor/lib/test/auto/ArrayLevelCrossing.xml (RunModel)" time="0.035" />
  <testcase classname="ptolemy.util.test.junit.AutoTests" name="[22] /home/travis/build/icyphy/ptII/ptolemy/actor/lib/test/auto/ArrayLevelCrossing2.xml (RunModel)" time="0.046" />
  <testcase classname="ptolemy.util.test.junit.AutoTests" name="[23] /home/travis/build/icyphy/ptII/ptolemy/actor/lib/test/auto/ArrayPeakSearch.xml (RunModel)" time="0.053" />
  <testcase classname="ptolemy.util.test.junit.AutoTests" name="[24] /home/travis/build/icyphy/ptII/ptolemy/actor/lib/test/auto/ArrayPeakSearch2.xml (RunModel)" time="0.046" />
  <testcase classname="ptolemy.util.test.junit.AutoTests" name="[25] /home/travis/build/icyphy/ptII/ptolemy/actor/lib/test/auto/ArrayPeakSearch3.xml (RunModel)" time="0.04" />
  <testcase classname="ptolemy.util.test.junit.AutoTests" name="[26] /home/travis/build/icyphy/ptII/ptolemy/actor/lib/test/auto/ArrayRemoveElement.xml (RunModel)" time="0.041" />
  <testcase classname="ptolemy.util.test.junit.AutoTests" name="[27] /home/travis/build/icyphy/ptII/ptolemy/actor/lib/test/auto/ArraySort.xml (RunModel)" time="0.04" />
  <testcase classname="ptolemy.util.test.junit.AutoTests" name="[28] /home/travis/build/icyphy/ptII/ptolemy/actor/lib/test/auto/ArraySum.xml (RunModel)" time="0.023" />
  <testcase classname="ptolemy.util.test.junit.AutoTests" name="[29] /home/travis/build/icyphy/ptII/ptolemy/actor/lib/test/auto/ArrayToElements.xml (RunModel)" time="0.039" />
  <testcase classname="ptolemy.util.test.junit.AutoTests" name="[30] /home/travis/build/icyphy/ptII/ptolemy/actor/lib/test/auto/ArrayToMatrix.xml (RunModel)" time="0.064" />
  <testcase classname="ptolemy.util.test.junit.AutoTests" name="[31] /home/travis/build/icyphy/ptII/ptolemy/actor/lib/test/auto/ArrayUpdate1.xml (RunModel)" time="0.023" />
  <testcase classname="ptolemy.util.test.junit.AutoTests" name="[32] /home/travis/build/icyphy/ptII/ptolemy/actor/lib/test/auto/ArrayUpdate2.xml (RunModel)" time="0.019" />
  <testcase classname="ptolemy.util.test.junit.AutoTests" name="[33] /home/travis/build/icyphy/ptII/ptolemy/actor/lib/test/auto/ArrayUpdate3.xml (RunModel)" time="0.02" />
  <testcase classname="ptolemy.util.test.junit.AutoTests" name="[34] /home/travis/build/icyphy/ptII/ptolemy/actor/lib/test/auto/Assert1.xml (RunModel)" time="0.018" />
  <testcase classname="ptolemy.util.test.junit.AutoTests" name="[35] /home/travis/build/icyphy/ptII/ptolemy/actor/lib/test/auto/Assert2.xml (RunModel)" time="0.012" />
  <testcase classname="ptolemy.util.test.junit.AutoTests" name="[36] /home/travis/build/icyphy/ptII/ptolemy/actor/lib/test/auto/BooleanMultiplexor.xml (RunModel)" time="0.015" />
  <testcase classname="ptolemy.util.test.junit.AutoTests" name="[37] /home/travis/build/icyphy/ptII/ptolemy/actor/lib/test/auto/BooleanMultiplexor2.xml (RunModel)" time="0.067" />
  <testcase classname="ptolemy.util.test.junit.AutoTests" name="[38] /home/travis/build/icyphy/ptII/ptolemy/actor/lib/test/auto/BooleanMultiplexor3.xml (RunModel)" time="0.03" />
  <testcase classname="ptolemy.util.test.junit.AutoTests" name="[39] /home/travis/build/icyphy/ptII/ptolemy/actor/lib/test/auto/BooleanSelect.xml (RunModel)" time="0.032" />
  <testcase classname="ptolemy.util.test.junit.AutoTests" name="[40] /home/travis/build/icyphy/ptII/ptolemy/actor/lib/test/auto/BooleanSelect2.xml (RunModel)" time="0.016" />
  <testcase classname="ptolemy.util.test.junit.AutoTests" name="[41] /home/travis/build/icyphy/ptII/ptolemy/actor/lib/test/auto/BooleanSwitch.xml (RunModel)" time="0.021" />
  <testcase classname="ptolemy.util.test.junit.AutoTests" name="[42] /home/travis/build/icyphy/ptII/ptolemy/actor/lib/test/auto/BooleanSwitch2.xml (RunModel)" time="0.016" />
  <testcase classname="ptolemy.util.test.junit.AutoTests" name="[43] /home/travis/build/icyphy/ptII/ptolemy/actor/lib/test/auto/BooleanSwitchCloningBugWithClassRelationGroup.xml (RunModel)" time="0.03" />
  <testcase classname="ptolemy.util.test.junit.AutoTests" name="[44] /home/travis/build/icyphy/ptII/ptolemy/actor/lib/test/auto/BusActors.xml (RunModel)" time="0.043" />
  <testcase classname="ptolemy.util.test.junit.AutoTests" name="[45] /home/travis/build/icyphy/ptII/ptolemy/actor/lib/test/auto/ClassWrapper.xml (RunModel)" time="0.01" />
  <testcase classname="ptolemy.util.test.junit.AutoTests" name="[46] /home/travis/build/icyphy/ptII/ptolemy/actor/lib/test/auto/Clock.xml (RunModel)" time="0.01" />
  <testcase classname="ptolemy.util.test.junit.AutoTests" name="[47] /home/travis/build/icyphy/ptII/ptolemy/actor/lib/test/auto/Clock10.xml (RunModel)" time="0.022" />
  <testcase classname="ptolemy.util.test.junit.AutoTests" name="[48] /home/travis/build/icyphy/ptII/ptolemy/actor/lib/test/auto/Clock11.xml (RunModel)" time="0.021" />
  <testcase classname="ptolemy.util.test.junit.AutoTests" name="[49] /home/travis/build/icyphy/ptII/ptolemy/actor/lib/test/auto/Clock12.xml (RunModel)" time="0.022" />
  <testcase classname="ptolemy.util.test.junit.AutoTests" name="[50] /home/travis/build/icyphy/ptII/ptolemy/actor/lib/test/auto/Clock13.xml (RunModel)" time="0.024" />
  <testcase classname="ptolemy.util.test.junit.AutoTests" name="[51] /home/travis/build/icyphy/ptII/ptolemy/actor/lib/test/auto/Clock14.xml (RunModel)" time="0.023" />
  <testcase classname="ptolemy.util.test.junit.AutoTests" name="[52] /home/travis/build/icyphy/ptII/ptolemy/actor/lib/test/auto/Clock15.xml (RunModel)" time="0.017" />
  <testcase classname="ptolemy.util.test.junit.AutoTests" name="[53] /home/travis/build/icyphy/ptII/ptolemy/actor/lib/test/auto/Clock16.xml (RunModel)" time="0.1" />
  <testcase classname="ptolemy.util.test.junit.AutoTests" name="[54] /home/travis/build/icyphy/ptII/ptolemy/actor/lib/test/auto/Clock17.xml (RunModel)" time="0.082" />
  <testcase classname="ptolemy.util.test.junit.AutoTests" name="[55] /home/travis/build/icyphy/ptII/ptolemy/actor/lib/test/auto/Clock18.xml (RunModel)" time="0.06" />
  <testcase classname="ptolemy.util.test.junit.AutoTests" name="[56] /home/travis/build/icyphy/ptII/ptolemy/actor/lib/test/auto/Clock19.xml (RunModel)" time="0.048" />
  <testcase classname="ptolemy.util.test.junit.AutoTests" name="[57] /home/travis/build/icyphy/ptII/ptolemy/actor/lib/test/auto/Clock2.xml (RunModel)" time="0.016" />
  <testcase classname="ptolemy.util.test.junit.AutoTests" name="[58] /home/travis/build/icyphy/ptII/ptolemy/actor/lib/test/auto/Clock20.xml (RunModel)" time="0.025" />
  <testcase classname="ptolemy.util.test.junit.AutoTests" name="[59] /home/travis/build/icyphy/ptII/ptolemy/actor/lib/test/auto/Clock21.xml (RunModel)" time="0.019" />
  <testcase classname="ptolemy.util.test.junit.AutoTests" name="[60] /home/travis/build/icyphy/ptII/ptolemy/actor/lib/test/auto/Clock22.xml (RunModel)" time="0.02" />
  <testcase classname="ptolemy.util.test.junit.AutoTests" name="[61] /home/travis/build/icyphy/ptII/ptolemy/actor/lib/test/auto/Clock23.xml (RunModel)" time="0.021" />
  <testcase classname="ptolemy.util.test.junit.AutoTests" name="[62] /home/travis/build/icyphy/ptII/ptolemy/actor/lib/test/auto/Clock24.xml (RunModel)" time="0.019" />
  <testcase classname="ptolemy.util.test.junit.AutoTests" name="[63] /home/travis/build/icyphy/ptII/ptolemy/actor/lib/test/auto/Clock4.xml (RunModel)" time="0.016" />
  <testcase classname="ptolemy.util.test.junit.AutoTests" name="[64] /home/travis/build/icyphy/ptII/ptolemy/actor/lib/test/auto/Clock5.xml (RunModel)" time="0.011" />
  <testcase classname="ptolemy.util.test.junit.AutoTests" name="[65] /home/travis/build/icyphy/ptII/ptolemy/actor/lib/test/auto/Clock6.xml (RunModel)" time="0.011" />
  <testcase classname="ptolemy.util.test.junit.AutoTests" name="[66] /home/travis/build/icyphy/ptII/ptolemy/actor/lib/test/auto/Clock7.xml (RunModel)" time="0.012" />
  <testcase classname="ptolemy.util.test.junit.AutoTests" name="[67] /home/travis/build/icyphy/ptII/ptolemy/actor/lib/test/auto/Clock8.xml (RunModel)" time="0.022" />
  <testcase classname="ptolemy.util.test.junit.AutoTests" name="[68] /home/travis/build/icyphy/ptII/ptolemy/actor/lib/test/auto/Clock9.xml (RunModel)" time="0.016" />
  <testcase classname="ptolemy.util.test.junit.AutoTests" name="[69] /home/travis/build/icyphy/ptII/ptolemy/actor/lib/test/auto/CommDistDiscard.xml (RunModel)" time="0.017" />
  <testcase classname="ptolemy.util.test.junit.AutoTests" name="[70] /home/travis/build/icyphy/ptII/ptolemy/actor/lib/test/auto/Commutator.xml (RunModel)" time="0.015" />
  <testcase classname="ptolemy.util.test.junit.AutoTests" name="[71] /home/travis/build/icyphy/ptII/ptolemy/actor/lib/test/auto/Commutator2.xml (RunModel)" time="0.011" />
  <testcase classname="ptolemy.util.test.junit.AutoTests" name="[72] /home/travis/build/icyphy/ptII/ptolemy/actor/lib/test/auto/Commutator3.xml (RunModel)" time="0.012" />
  <testcase classname="ptolemy.util.test.junit.AutoTests" name="[73] /home/travis/build/icyphy/ptII/ptolemy/actor/lib/test/auto/Compare.xml (RunModel)" time="0.017" />
  <testcase classname="ptolemy.util.test.junit.AutoTests" name="[74] /home/travis/build/icyphy/ptII/ptolemy/actor/lib/test/auto/CompareDE.xml (RunModel)" time="0.019" />
  <testcase classname="ptolemy.util.test.junit.AutoTests" name="[75] /home/travis/build/icyphy/ptII/ptolemy/actor/lib/test/auto/ComplexDivide.xml (RunModel)" time="0.01" />
  <testcase classname="ptolemy.util.test.junit.AutoTests" name="[76] /home/travis/build/icyphy/ptII/ptolemy/actor/lib/test/auto/ComputeHistogram.xml (RunModel)" time="0.077" />
  <testcase classname="ptolemy.util.test.junit.AutoTests" name="[77] /home/travis/build/icyphy/ptII/ptolemy/actor/lib/test/auto/ConfigurationSelect.xml (RunModel)" time="0.017" />
  <testcase classname="ptolemy.util.test.junit.AutoTests" name="[78] /home/travis/build/icyphy/ptII/ptolemy/actor/lib/test/auto/ConfigurationSelect2.xml (RunModel)" time="0.014" />
  <testcase classname="ptolemy.util.test.junit.AutoTests" name="[79] /home/travis/build/icyphy/ptII/ptolemy/actor/lib/test/auto/ConfigurationSwitch.xml (RunModel)" time="0.03" />
  <testcase classname="ptolemy.util.test.junit.AutoTests" name="[80] /home/travis/build/icyphy/ptII/ptolemy/actor/lib/test/auto/ConfigurationSwitch2.xml (RunModel)" time="0.014" />
  <testcase classname="ptolemy.util.test.junit.AutoTests" name="[81] /home/travis/build/icyphy/ptII/ptolemy/actor/lib/test/auto/ConfigurationSwitchCloningBugWithClassRelationGroup.xml (RunModel)" time="0.019" />
  <testcase classname="ptolemy.util.test.junit.AutoTests" name="[82] /home/travis/build/icyphy/ptII/ptolemy/actor/lib/test/auto/ConfigurationSwitchSelectSDF.xml (RunModel)" time="0.016" />
  <testcase classname="ptolemy.util.test.junit.AutoTests" name="[83] /home/travis/build/icyphy/ptII/ptolemy/actor/lib/test/auto/ConfigurationSwitchSelectSDF2.xml (RunModel)" time="0.019" />
  <testcase classname="ptolemy.util.test.junit.AutoTests" name="[84] /home/travis/build/icyphy/ptII/ptolemy/actor/lib/test/auto/Const.xml (RunModel)" time="0.008" />
  <testcase classname="ptolemy.util.test.junit.AutoTests" name="[85] /home/travis/build/icyphy/ptII/ptolemy/actor/lib/test/auto/Const2.xml (RunModel)" time="0.011" />
  <testcase classname="ptolemy.util.test.junit.AutoTests" name="[86] /home/travis/build/icyphy/ptII/ptolemy/actor/lib/test/auto/Const3.xml (RunModel)" time="0.007" />
  <testcase classname="ptolemy.util.test.junit.AutoTests" name="[87] /home/travis/build/icyphy/ptII/ptolemy/actor/lib/test/auto/ConstantPublisherPort1.xml (RunModel)" time="0.022" />
  <testcase classname="ptolemy.util.test.junit.AutoTests" name="[88] /home/travis/build/icyphy/ptII/ptolemy/actor/lib/test/auto/ConstantPublisherPort2.xml (RunModel)" time="0.02" />
  <testcase classname="ptolemy.util.test.junit.AutoTests" name="[89] /home/travis/build/icyphy/ptII/ptolemy/actor/lib/test/auto/ConstantPublisherPort3.xml (RunModel)" time="0.019" />
  <testcase classname="ptolemy.util.test.junit.AutoTests" name="[90] /home/travis/build/icyphy/ptII/ptolemy/actor/lib/test/auto/ConstantPublisherPort4.xml (RunModel)" time="0.017" />
  <testcase classname="ptolemy.util.test.junit.AutoTests" name="[91] /home/travis/build/icyphy/ptII/ptolemy/actor/lib/test/auto/ConstantPublisherPort5.xml (RunModel)" time="0.047" />
  <testcase classname="ptolemy.util.test.junit.AutoTests" name="[92] /home/travis/build/icyphy/ptII/ptolemy/actor/lib/test/auto/ConstantPublisherPort6.xml (RunModel)" time="0.028" />
  <testcase classname="ptolemy.util.test.junit.AutoTests" name="[93] /home/travis/build/icyphy/ptII/ptolemy/actor/lib/test/auto/ConstantPublisherPort7.xml (RunModel)" time="0.028" />
  <testcase classname="ptolemy.util.test.junit.AutoTests" name="[94] /home/travis/build/icyphy/ptII/ptolemy/actor/lib/test/auto/ConstraintMonitor1.xml (RunModel)" time="0.039" />
  <testcase classname="ptolemy.util.test.junit.AutoTests" name="[95] /home/travis/build/icyphy/ptII/ptolemy/actor/lib/test/auto/ConstraintMonitor2.xml (RunModel)" time="0.016" />
  <testcase classname="ptolemy.util.test.junit.AutoTests" name="[96] /home/travis/build/icyphy/ptII/ptolemy/actor/lib/test/auto/ConstraintMonitor3.xml (RunModel)" time="0.021" />
  <testcase classname="ptolemy.util.test.junit.AutoTests" name="[97] /home/travis/build/icyphy/ptII/ptolemy/actor/lib/test/auto/ConstraintMonitor4.xml (RunModel)" time="0.019" />
  <testcase classname="ptolemy.util.test.junit.AutoTests" name="[98] /home/travis/build/icyphy/ptII/ptolemy/actor/lib/test/auto/ConstraintMonitor5.xml (RunModel)" time="0.017" />
  <testcase classname="ptolemy.util.test.junit.AutoTests" name="[99] /home/travis/build/icyphy/ptII/ptolemy/actor/lib/test/auto/ConstraintMonitor6.xml (RunModel)" time="0.017" />
  <testcase classname="ptolemy.util.test.junit.AutoTests" name="[100] /home/travis/build/icyphy/ptII/ptolemy/actor/lib/test/auto/ConstraintMonitor7.xml (RunModel)" time="0.021" />
  <testcase classname="ptolemy.util.test.junit.AutoTests" name="[101] /home/travis/build/icyphy/ptII/ptolemy/actor/lib/test/auto/ConstraintMonitor8.xml (RunModel)" time="0.021" />
  <testcase classname="ptolemy.util.test.junit.AutoTests" name="[102] /home/travis/build/icyphy/ptII/ptolemy/actor/lib/test/auto/Counter.xml (RunModel)" time="0.019" />
  <testcase classname="ptolemy.util.test.junit.AutoTests" name="[103] /home/travis/build/icyphy/ptII/ptolemy/actor/lib/test/auto/CurrentTimeSDF.xml (RunModel)" time="0.012" />
  <testcase classname="ptolemy.util.test.junit.AutoTests" name="[104] /home/travis/build/icyphy/ptII/ptolemy/actor/lib/test/auto/DB.xml (RunModel)" time="0.015" />
  <testcase classname="ptolemy.util.test.junit.AutoTests" name="[105] /home/travis/build/icyphy/ptII/ptolemy/actor/lib/test/auto/DBDE.xml (RunModel)" time="0.017" />
  <testcase classname="ptolemy.util.test.junit.AutoTests" name="[106] /home/travis/build/icyphy/ptII/ptolemy/actor/lib/test/auto/DateConstructor.xml (RunModel)" time="0.061" />
  <testcase classname="ptolemy.util.test.junit.AutoTests" name="[107] /home/travis/build/icyphy/ptII/ptolemy/actor/lib/test/auto/DelayTime.xml (RunModel)" time="0.018" />
  <testcase classname="ptolemy.util.test.junit.AutoTests" name="[108] /home/travis/build/icyphy/ptII/ptolemy/actor/lib/test/auto/Dictionary1.xml (RunModel)" time="0.024" />
  <testcase classname="ptolemy.util.test.junit.AutoTests" name="[109] /home/travis/build/icyphy/ptII/ptolemy/actor/lib/test/auto/Dictionary2.xml (RunModel)" time="0.017" />
  <testcase classname="ptolemy.util.test.junit.AutoTests" name="[110] /home/travis/build/icyphy/ptII/ptolemy/actor/lib/test/auto/Dictionary3.xml (RunModel)" time="0.015" />
  <testcase classname="ptolemy.util.test.junit.AutoTests" name="[111] /home/travis/build/icyphy/ptII/ptolemy/actor/lib/test/auto/Dictionary4.xml (RunModel)" time="0.027" />
  <testcase classname="ptolemy.util.test.junit.AutoTests" name="[112] /home/travis/build/icyphy/ptII/ptolemy/actor/lib/test/auto/Differential.xml (RunModel)" time="0.013" />
  <testcase classname="ptolemy.util.test.junit.AutoTests" name="[113] /home/travis/build/icyphy/ptII/ptolemy/actor/lib/test/auto/Director.xml (RunModel)" time="0.013" />
  <testcase classname="ptolemy.util.test.junit.AutoTests" name="[114] /home/travis/build/icyphy/ptII/ptolemy/actor/lib/test/auto/DiscreteClock.xml (RunModel)" time="0.009" />
  <testcase classname="ptolemy.util.test.junit.AutoTests" name="[115] /home/travis/build/icyphy/ptII/ptolemy/actor/lib/test/auto/DiscreteClock10.xml (RunModel)" time="0.013" />
  <testcase classname="ptolemy.util.test.junit.AutoTests" name="[116] /home/travis/build/icyphy/ptII/ptolemy/actor/lib/test/auto/DiscreteClock11.xml (RunModel)" time="0.013" />
  <testcase classname="ptolemy.util.test.junit.AutoTests" name="[117] /home/travis/build/icyphy/ptII/ptolemy/actor/lib/test/auto/DiscreteClock12.xml (RunModel)" time="0.017" />
  <testcase classname="ptolemy.util.test.junit.AutoTests" name="[118] /home/travis/build/icyphy/ptII/ptolemy/actor/lib/test/auto/DiscreteClock13.xml (RunModel)" time="0.018" />
  <testcase classname="ptolemy.util.test.junit.AutoTests" name="[119] /home/travis/build/icyphy/ptII/ptolemy/actor/lib/test/auto/DiscreteClock14.xml (RunModel)" time="0.015" />
  <testcase classname="ptolemy.util.test.junit.AutoTests" name="[120] /home/travis/build/icyphy/ptII/ptolemy/actor/lib/test/auto/DiscreteClock15.xml (RunModel)" time="0.024" />
  <testcase classname="ptolemy.util.test.junit.AutoTests" name="[121] /home/travis/build/icyphy/ptII/ptolemy/actor/lib/test/auto/DiscreteClock16.xml (RunModel)" time="0.049" />
  <testcase classname="ptolemy.util.test.junit.AutoTests" name="[122] /home/travis/build/icyphy/ptII/ptolemy/actor/lib/test/auto/DiscreteClock17.xml (RunModel)" time="0.044" />
  <testcase classname="ptolemy.util.test.junit.AutoTests" name="[123] /home/travis/build/icyphy/ptII/ptolemy/actor/lib/test/auto/DiscreteClock18.xml (RunModel)" time="0.039" />
  <testcase classname="ptolemy.util.test.junit.AutoTests" name="[124] /home/travis/build/icyphy/ptII/ptolemy/actor/lib/test/auto/DiscreteClock19.xml (RunModel)" time="0.525" />
  <testcase classname="ptolemy.util.test.junit.AutoTests" name="[125] /home/travis/build/icyphy/ptII/ptolemy/actor/lib/test/auto/DiscreteClock2.xml (RunModel)" time="0.016" />
  <testcase classname="ptolemy.util.test.junit.AutoTests" name="[126] /home/travis/build/icyphy/ptII/ptolemy/actor/lib/test/auto/DiscreteClock20.xml (RunModel)" time="0.024" />
  <testcase classname="ptolemy.util.test.junit.AutoTests" name="[127] /home/travis/build/icyphy/ptII/ptolemy/actor/lib/test/auto/DiscreteClock21.xml (RunModel)" time="0.03" />
  <testcase classname="ptolemy.util.test.junit.AutoTests" name="[128] /home/travis/build/icyphy/ptII/ptolemy/actor/lib/test/auto/DiscreteClock22.xml (RunModel)" time="0.019" />
  <testcase classname="ptolemy.util.test.junit.AutoTests" name="[129] /home/travis/build/icyphy/ptII/ptolemy/actor/lib/test/auto/DiscreteClock23.xml (RunModel)" time="0.022" />
  <testcase classname="ptolemy.util.test.junit.AutoTests" name="[130] /home/travis/build/icyphy/ptII/ptolemy/actor/lib/test/auto/DiscreteClock24.xml (RunModel)" time="0.02" />
  <testcase classname="ptolemy.util.test.junit.AutoTests" name="[131] /home/travis/build/icyphy/ptII/ptolemy/actor/lib/test/auto/DiscreteClock4.xml (RunModel)" time="0.015" />
  <testcase classname="ptolemy.util.test.junit.AutoTests" name="[132] /home/travis/build/icyphy/ptII/ptolemy/actor/lib/test/auto/DiscreteClock5.xml (RunModel)" time="0.011" />
  <testcase classname="ptolemy.util.test.junit.AutoTests" name="[133] /home/travis/build/icyphy/ptII/ptolemy/actor/lib/test/auto/DiscreteClock6.xml (RunModel)" time="0.009" />
  <testcase classname="ptolemy.util.test.junit.AutoTests" name="[134] /home/travis/build/icyphy/ptII/ptolemy/actor/lib/test/auto/DiscreteClock7.xml (RunModel)" time="0.016" />
  <testcase classname="ptolemy.util.test.junit.AutoTests" name="[135] /home/travis/build/icyphy/ptII/ptolemy/actor/lib/test/auto/DiscreteClock8.xml (RunModel)" time="0.016" />
  <testcase classname="ptolemy.util.test.junit.AutoTests" name="[136] /home/travis/build/icyphy/ptII/ptolemy/actor/lib/test/auto/DiscreteClock9.xml (RunModel)" time="0.012" />
  <testcase classname="ptolemy.util.test.junit.AutoTests" name="[137] /home/travis/build/icyphy/ptII/ptolemy/actor/lib/test/auto/DisplayArray.xml (RunModel)" time="0.008" />
  <testcase classname="ptolemy.util.test.junit.AutoTests" name="[138] /home/travis/build/icyphy/ptII/ptolemy/actor/lib/test/auto/Distributor.xml (RunModel)" time="0.01" />
  <testcase classname="ptolemy.util.test.junit.AutoTests" name="[139] /home/travis/build/icyphy/ptII/ptolemy/actor/lib/test/auto/Distributor2.xml (RunModel)" time="0.011" />
  <testcase classname="ptolemy.util.test.junit.AutoTests" name="[140] /home/travis/build/icyphy/ptII/ptolemy/actor/lib/test/auto/DownSample.xml (RunModel)" time="0.012" />
  <testcase classname="ptolemy.util.test.junit.AutoTests" name="[141] /home/travis/build/icyphy/ptII/ptolemy/actor/lib/test/auto/ElectronicUnitBase1.xml (RunModel)" time="0.066" />
  <testcase classname="ptolemy.util.test.junit.AutoTests" name="[142] /home/travis/build/icyphy/ptII/ptolemy/actor/lib/test/auto/ElementsToArray.xml (RunModel)" time="0.016" />
  <testcase classname="ptolemy.util.test.junit.AutoTests" name="[143] /home/travis/build/icyphy/ptII/ptolemy/actor/lib/test/auto/Equals.xml (RunModel)" time="0.012" />
  <testcase classname="ptolemy.util.test.junit.AutoTests" name="[144] /home/travis/build/icyphy/ptII/ptolemy/actor/lib/test/auto/Exec.xml (RunModel)" time="0.02" />
  <testcase classname="ptolemy.util.test.junit.AutoTests" name="[145] /home/travis/build/icyphy/ptII/ptolemy/actor/lib/test/auto/ExecEnvironment.xml (RunModel)" time="0.042" />
  <testcase classname="ptolemy.util.test.junit.AutoTests" name="[146] /home/travis/build/icyphy/ptII/ptolemy/actor/lib/test/auto/ExecNonZeroReturnOutput.xml (RunModel)" time="0.155" />
  <testcase classname="ptolemy.util.test.junit.AutoTests" name="[147] /home/travis/build/icyphy/ptII/ptolemy/actor/lib/test/auto/ExecRunDemos.xml (RunModel)" time="9.671" />
  <testcase classname="ptolemy.util.test.junit.AutoTests" name="[148] /home/travis/build/icyphy/ptII/ptolemy/actor/lib/test/auto/ExecStop.xml (RunModel)" time="5.024" />
  <testcase classname="ptolemy.util.test.junit.AutoTests" name="[149] /home/travis/build/icyphy/ptII/ptolemy/actor/lib/test/auto/ExecutionTimeSDF.xml (RunModel)" time="6.044" />
  <testcase classname="ptolemy.util.test.junit.AutoTests" name="[150] /home/travis/build/icyphy/ptII/ptolemy/actor/lib/test/auto/Expression1.xml (RunModel)" time="0.009" />
  <testcase classname="ptolemy.util.test.junit.AutoTests" name="[151] /home/travis/build/icyphy/ptII/ptolemy/actor/lib/test/auto/Expression10.xml (RunModel)" time="0.016" />
  <testcase classname="ptolemy.util.test.junit.AutoTests" name="[152] /home/travis/build/icyphy/ptII/ptolemy/actor/lib/test/auto/Expression11.xml (RunModel)" time="0.013" />
  <testcase classname="ptolemy.util.test.junit.AutoTests" name="[153] /home/travis/build/icyphy/ptII/ptolemy/actor/lib/test/auto/Expression12.xml (RunModel)" time="0.014" />
  <testcase classname="ptolemy.util.test.junit.AutoTests" name="[154] /home/travis/build/icyphy/ptII/ptolemy/actor/lib/test/auto/Expression13.xml (RunModel)" time="0.015" />
  <testcase classname="ptolemy.util.test.junit.AutoTests" name="[155] /home/travis/build/icyphy/ptII/ptolemy/actor/lib/test/auto/Expression14.xml (RunModel)" time="0.018" />
  <testcase classname="ptolemy.util.test.junit.AutoTests" name="[156] /home/travis/build/icyphy/ptII/ptolemy/actor/lib/test/auto/Expression15.xml (RunModel)" time="0.008" />
  <testcase classname="ptolemy.util.test.junit.AutoTests" name="[157] /home/travis/build/icyphy/ptII/ptolemy/actor/lib/test/auto/Expression16.xml (RunModel)" time="0.013" />
  <testcase classname="ptolemy.util.test.junit.AutoTests" name="[158] /home/travis/build/icyphy/ptII/ptolemy/actor/lib/test/auto/Expression17.xml (RunModel)" time="0.012" />
  <testcase classname="ptolemy.util.test.junit.AutoTests" name="[159] /home/travis/build/icyphy/ptII/ptolemy/actor/lib/test/auto/Expression18.xml (RunModel)" time="0.018" />
  <testcase classname="ptolemy.util.test.junit.AutoTests" name="[160] /home/travis/build/icyphy/ptII/ptolemy/actor/lib/test/auto/Expression2.xml (RunModel)" time="0.013" />
  <testcase classname="ptolemy.util.test.junit.AutoTests" name="[161] /home/travis/build/icyphy/ptII/ptolemy/actor/lib/test/auto/Expression3.xml (RunModel)" time="0.016" />
  <testcase classname="ptolemy.util.test.junit.AutoTests" name="[162] /home/travis/build/icyphy/ptII/ptolemy/actor/lib/test/auto/Expression4.xml (RunModel)" time="0.021" />
  <testcase classname="ptolemy.util.test.junit.AutoTests" name="[163] /home/travis/build/icyphy/ptII/ptolemy/actor/lib/test/auto/Expression5.xml (RunModel)" time="0.013" />
  <testcase classname="ptolemy.util.test.junit.AutoTests" name="[164] /home/travis/build/icyphy/ptII/ptolemy/actor/lib/test/auto/Expression6.xml (RunModel)" time="0.011" />
  <testcase classname="ptolemy.util.test.junit.AutoTests" name="[165] /home/travis/build/icyphy/ptII/ptolemy/actor/lib/test/auto/Expression7.xml (RunModel)" time="0.017" />
  <testcase classname="ptolemy.util.test.junit.AutoTests" name="[166] /home/travis/build/icyphy/ptII/ptolemy/actor/lib/test/auto/Expression8.xml (RunModel)" time="0.014" />
  <testcase classname="ptolemy.util.test.junit.AutoTests" name="[167] /home/travis/build/icyphy/ptII/ptolemy/actor/lib/test/auto/Expression9.xml (RunModel)" time="0.01" />
  <testcase classname="ptolemy.util.test.junit.AutoTests" name="[168] /home/travis/build/icyphy/ptII/ptolemy/actor/lib/test/auto/ExpressionConcatenateArrayType.xml (RunModel)" time="0.028" />
  <testcase classname="ptolemy.util.test.junit.AutoTests" name="[169] /home/travis/build/icyphy/ptII/ptolemy/actor/lib/test/auto/ExpressionConcatenateArrayType2.xml (RunModel)" time="0.018" />
  <testcase classname="ptolemy.util.test.junit.AutoTests" name="[170] /home/travis/build/icyphy/ptII/ptolemy/actor/lib/test/auto/ExpressionFix.xml (RunModel)" time="0.029" />
  <testcase classname="ptolemy.util.test.junit.AutoTests" name="[171] /home/travis/build/icyphy/ptII/ptolemy/actor/lib/test/auto/ExpressionFix2.xml (RunModel)" time="0.01" />
  <testcase classname="ptolemy.util.test.junit.AutoTests" name="[172] /home/travis/build/icyphy/ptII/ptolemy/actor/lib/test/auto/ExpressionFix3.xml (RunModel)" time="0.011" />
  <testcase classname="ptolemy.util.test.junit.AutoTests" name="[173] /home/travis/build/icyphy/ptII/ptolemy/actor/lib/test/auto/FileWriter1.xml (RunModel)" time="0.01" />
  <testcase classname="ptolemy.util.test.junit.AutoTests" name="[174] /home/travis/build/icyphy/ptII/ptolemy/actor/lib/test/auto/FileWriter2.xml (RunModel)" time="0.014" />
  <testcase classname="ptolemy.util.test.junit.AutoTests" name="[175] /home/travis/build/icyphy/ptII/ptolemy/actor/lib/test/auto/FileWriter3.xml (RunModel)" time="0.018" />
  <testcase classname="ptolemy.util.test.junit.AutoTests" name="[176] /home/travis/build/icyphy/ptII/ptolemy/actor/lib/test/auto/Gaussian.xml (RunModel)" time="0.013" />
  <testcase classname="ptolemy.util.test.junit.AutoTests" name="[177] /home/travis/build/icyphy/ptII/ptolemy/actor/lib/test/auto/Gaussian1.xml (RunModel)" time="0.015" />
  <testcase classname="ptolemy.util.test.junit.AutoTests" name="[178] /home/travis/build/icyphy/ptII/ptolemy/actor/lib/test/auto/Gaussian2.xml (RunModel)" time="0.017" />
  <testcase classname="ptolemy.util.test.junit.AutoTests" name="[179] /home/travis/build/icyphy/ptII/ptolemy/actor/lib/test/auto/GradientAdaptiveLattice.xml (RunModel)" time="0.023" />
  <testcase classname="ptolemy.util.test.junit.AutoTests" name="[180] /home/travis/build/icyphy/ptII/ptolemy/actor/lib/test/auto/IIR.xml (RunModel)" time="0.014" />
  <testcase classname="ptolemy.util.test.junit.AutoTests" name="[181] /home/travis/build/icyphy/ptII/ptolemy/actor/lib/test/auto/InputOutputTransparentPorts.xml (RunModel)" time="0.023" />
  <testcase classname="ptolemy.util.test.junit.AutoTests" name="[182] /home/travis/build/icyphy/ptII/ptolemy/actor/lib/test/auto/Interpolator.xml (RunModel)" time="0.011" />
  <testcase classname="ptolemy.util.test.junit.AutoTests" name="[183] /home/travis/build/icyphy/ptII/ptolemy/actor/lib/test/auto/InterpolatorFiringLimitDE.xml (RunModel)" time="0.014" />
  <testcase classname="ptolemy.util.test.junit.AutoTests" name="[184] /home/travis/build/icyphy/ptII/ptolemy/actor/lib/test/auto/Lattice.xml (RunModel)" time="0.008" />
  <testcase classname="ptolemy.util.test.junit.AutoTests" name="[185] /home/travis/build/icyphy/ptII/ptolemy/actor/lib/test/auto/LazyAOCTestLazy.xml (RunModel)" time="0.021" />
  <testcase classname="ptolemy.util.test.junit.AutoTests" name="[186] /home/travis/build/icyphy/ptII/ptolemy/actor/lib/test/auto/LazyAOCTestNonLazy.xml (RunModel)" time="0.017" />
  <testcase classname="ptolemy.util.test.junit.AutoTests" name="[187] /home/travis/build/icyphy/ptII/ptolemy/actor/lib/test/auto/LazyInnerClass.xml (RunModel)" time="0.047" />
  <testcase classname="ptolemy.util.test.junit.AutoTests" name="[188] /home/travis/build/icyphy/ptII/ptolemy/actor/lib/test/auto/LazyPubSub.xml (RunModel)" time="0.066" />
  <testcase classname="ptolemy.util.test.junit.AutoTests" name="[189] /home/travis/build/icyphy/ptII/ptolemy/actor/lib/test/auto/LazyPubSub2.xml (RunModel)" time="0.052" />
  <testcase classname="ptolemy.util.test.junit.AutoTests" name="[190] /home/travis/build/icyphy/ptII/ptolemy/actor/lib/test/auto/LazyPubSub3.xml (RunModel)" time="0.031" />
  <testcase classname="ptolemy.util.test.junit.AutoTests" name="[191] /home/travis/build/icyphy/ptII/ptolemy/actor/lib/test/auto/LazySubClassModel.xml (RunModel)" time="0.023" />
  <testcase classname="ptolemy.util.test.junit.AutoTests" name="[192] /home/travis/build/icyphy/ptII/ptolemy/actor/lib/test/auto/LevelCrossTest1.xml (RunModel)" time="0.011" />
  <testcase classname="ptolemy.util.test.junit.AutoTests" name="[193] /home/travis/build/icyphy/ptII/ptolemy/actor/lib/test/auto/LevelCrossTest10.xml (RunModel)" time="0.014" />
  <testcase classname="ptolemy.util.test.junit.AutoTests" name="[194] /home/travis/build/icyphy/ptII/ptolemy/actor/lib/test/auto/LevelCrossTest11.xml (RunModel)" time="0.014" />
  <testcase classname="ptolemy.util.test.junit.AutoTests" name="[195] /home/travis/build/icyphy/ptII/ptolemy/actor/lib/test/auto/LevelCrossTest12.xml (RunModel)" time="0.014" />
  <testcase classname="ptolemy.util.test.junit.AutoTests" name="[196] /home/travis/build/icyphy/ptII/ptolemy/actor/lib/test/auto/LevelCrossTest13.xml (RunModel)" time="0.015" />
  <testcase classname="ptolemy.util.test.junit.AutoTests" name="[197] /home/travis/build/icyphy/ptII/ptolemy/actor/lib/test/auto/LevelCrossTest2.xml (RunModel)" time="0.011" />
  <testcase classname="ptolemy.util.test.junit.AutoTests" name="[198] /home/travis/build/icyphy/ptII/ptolemy/actor/lib/test/auto/LevelCrossTest3.xml (RunModel)" time="0.012" />
  <testcase classname="ptolemy.util.test.junit.AutoTests" name="[199] /home/travis/build/icyphy/ptII/ptolemy/actor/lib/test/auto/LevelCrossTest4.xml (RunModel)" time="0.011" />
  <testcase classname="ptolemy.util.test.junit.AutoTests" name="[200] /home/travis/build/icyphy/ptII/ptolemy/actor/lib/test/auto/LevelCrossTest5.xml (RunModel)" time="0.013" />
  <testcase classname="ptolemy.util.test.junit.AutoTests" name="[201] /home/travis/build/icyphy/ptII/ptolemy/actor/lib/test/auto/LevelCrossTest6.xml (RunModel)" time="0.016" />
  <testcase classname="ptolemy.util.test.junit.AutoTests" name="[202] /home/travis/build/icyphy/ptII/ptolemy/actor/lib/test/auto/LevelCrossTest7.xml (RunModel)" time="0.015" />
  <testcase classname="ptolemy.util.test.junit.AutoTests" name="[203] /home/travis/build/icyphy/ptII/ptolemy/actor/lib/test/auto/LevelCrossTest8.xml (RunModel)" time="0.014" />
  <testcase classname="ptolemy.util.test.junit.AutoTests" name="[204] /home/travis/build/icyphy/ptII/ptolemy/actor/lib/test/auto/LevelCrossTest9.xml (RunModel)" time="0.014" />
  <testcase classname="ptolemy.util.test.junit.AutoTests" name="[205] /home/travis/build/icyphy/ptII/ptolemy/actor/lib/test/auto/LevinsonDurbin.xml (RunModel)" time="0.01" />
  <testcase classname="ptolemy.util.test.junit.AutoTests" name="[206] /home/travis/build/icyphy/ptII/ptolemy/actor/lib/test/auto/LevinsonDurbin2.xml (RunModel)" time="0.008" />
  <testcase classname="ptolemy.util.test.junit.AutoTests" name="[207] /home/travis/build/icyphy/ptII/ptolemy/actor/lib/test/auto/LevinsonDurbin3.xml (RunModel)" time="0.008" />
  <testcase classname="ptolemy.util.test.junit.AutoTests" name="[208] /home/travis/build/icyphy/ptII/ptolemy/actor/lib/test/auto/Limiter.xml (RunModel)" time="0.035" />
  <testcase classname="ptolemy.util.test.junit.AutoTests" name="[209] /home/travis/build/icyphy/ptII/ptolemy/actor/lib/test/auto/LinearDifferenceEquationSystem.xml (RunModel)" time="0.031" />
  <testcase classname="ptolemy.util.test.junit.AutoTests" name="[210] /home/travis/build/icyphy/ptII/ptolemy/actor/lib/test/auto/LookupTable.xml (RunModel)" time="0.016" />
  <testcase classname="ptolemy.util.test.junit.AutoTests" name="[211] /home/travis/build/icyphy/ptII/ptolemy/actor/lib/test/auto/MathFunction.xml (RunModel)" time="0.022" />
  <testcase classname="ptolemy.util.test.junit.AutoTests" name="[212] /home/travis/build/icyphy/ptII/ptolemy/actor/lib/test/auto/MathFunction2.xml (RunModel)" time="0.011" />
  <testcase classname="ptolemy.util.test.junit.AutoTests" name="[213] /home/travis/build/icyphy/ptII/ptolemy/actor/lib/test/auto/MathFunction3.xml (RunModel)" time="0.022" />
  <testcase classname="ptolemy.util.test.junit.AutoTests" name="[214] /home/travis/build/icyphy/ptII/ptolemy/actor/lib/test/auto/MatrixCropBoolean.xml (RunModel)" time="0.012" />
  <testcase classname="ptolemy.util.test.junit.AutoTests" name="[215] /home/travis/build/icyphy/ptII/ptolemy/actor/lib/test/auto/MatrixCropComplex.xml (RunModel)" time="0.01" />
  <testcase classname="ptolemy.util.test.junit.AutoTests" name="[216] /home/travis/build/icyphy/ptII/ptolemy/actor/lib/test/auto/MatrixCropDouble.xml (RunModel)" time="0.01" />
  <testcase classname="ptolemy.util.test.junit.AutoTests" name="[217] /home/travis/build/icyphy/ptII/ptolemy/actor/lib/test/auto/MatrixCropFix.xml (RunModel)" time="0.01" />
  <testcase classname="ptolemy.util.test.junit.AutoTests" name="[218] /home/travis/build/icyphy/ptII/ptolemy/actor/lib/test/auto/MatrixCropInt.xml (RunModel)" time="0.01" />
  <testcase classname="ptolemy.util.test.junit.AutoTests" name="[219] /home/travis/build/icyphy/ptII/ptolemy/actor/lib/test/auto/MatrixCropLong.xml (RunModel)" time="0.009" />
  <testcase classname="ptolemy.util.test.junit.AutoTests" name="[220] /home/travis/build/icyphy/ptII/ptolemy/actor/lib/test/auto/MatrixToArray.xml (RunModel)" time="0.043" />
  <testcase classname="ptolemy.util.test.junit.AutoTests" name="[221] /home/travis/build/icyphy/ptII/ptolemy/actor/lib/test/auto/MaxIndex.xml (RunModel)" time="0.013" />
  <testcase classname="ptolemy.util.test.junit.AutoTests" name="[222] /home/travis/build/icyphy/ptII/ptolemy/actor/lib/test/auto/Maximum.xml (RunModel)" time="0.013" />
  <testcase classname="ptolemy.util.test.junit.AutoTests" name="[223] /home/travis/build/icyphy/ptII/ptolemy/actor/lib/test/auto/MaximumComplex.xml (RunModel)" time="0.016" />
  <testcase classname="ptolemy.util.test.junit.AutoTests" name="[224] /home/travis/build/icyphy/ptII/ptolemy/actor/lib/test/auto/MethodCallTest.xml (RunModel)" time="0.02" />
  <testcase classname="ptolemy.util.test.junit.AutoTests" name="[225] /home/travis/build/icyphy/ptII/ptolemy/actor/lib/test/auto/Minimum.xml (RunModel)" time="0.013" />
  <testcase classname="ptolemy.util.test.junit.AutoTests" name="[226] /home/travis/build/icyphy/ptII/ptolemy/actor/lib/test/auto/MinimumComplex.xml (RunModel)" time="0.015" />
  <testcase classname="ptolemy.util.test.junit.AutoTests" name="[227] /home/travis/build/icyphy/ptII/ptolemy/actor/lib/test/auto/MinimumMultiports.xml (RunModel)" time="0.02" />
  <testcase classname="ptolemy.util.test.junit.AutoTests" name="[228] /home/travis/build/icyphy/ptII/ptolemy/actor/lib/test/auto/ModifyDate.xml (RunModel)" time="0.039" />
  <testcase classname="ptolemy.util.test.junit.AutoTests" name="[229] /home/travis/build/icyphy/ptII/ptolemy/actor/lib/test/auto/ModifyDate2.xml (RunModel)" time="0.031" />
  <testcase classname="ptolemy.util.test.junit.AutoTests" name="[230] /home/travis/build/icyphy/ptII/ptolemy/actor/lib/test/auto/MovingAverage.xml (RunModel)" time="0.011" />
  <testcase classname="ptolemy.util.test.junit.AutoTests" name="[231] /home/travis/build/icyphy/ptII/ptolemy/actor/lib/test/auto/MovingMaximum.xml (RunModel)" time="0.013" />
  <testcase classname="ptolemy.util.test.junit.AutoTests" name="[232] /home/travis/build/icyphy/ptII/ptolemy/actor/lib/test/auto/MultipleLinksToSameRelation.xml (RunModel)" time="0.008" />
  <testcase classname="ptolemy.util.test.junit.AutoTests" name="[233] /home/travis/build/icyphy/ptII/ptolemy/actor/lib/test/auto/MultipleLinksToSameRelationDE.xml (RunModel)" time="0.009" />
  <testcase classname="ptolemy.util.test.junit.AutoTests" name="[234] /home/travis/build/icyphy/ptII/ptolemy/actor/lib/test/auto/Multiplexor.xml (RunModel)" time="0.015" />
  <testcase classname="ptolemy.util.test.junit.AutoTests" name="[235] /home/travis/build/icyphy/ptII/ptolemy/actor/lib/test/auto/Multiplexor1.xml (RunModel)" time="0.012" />
  <testcase classname="ptolemy.util.test.junit.AutoTests" name="[236] /home/travis/build/icyphy/ptII/ptolemy/actor/lib/test/auto/Multiplexor2.xml (RunModel)" time="0.016" />
  <testcase classname="ptolemy.util.test.junit.AutoTests" name="[237] /home/travis/build/icyphy/ptII/ptolemy/actor/lib/test/auto/Multiplexor3.xml (RunModel)" time="0.009" />
  <testcase classname="ptolemy.util.test.junit.AutoTests" name="[238] /home/travis/build/icyphy/ptII/ptolemy/actor/lib/test/auto/MultiplexorDE.xml (RunModel)" time="0.018" />
  <testcase classname="ptolemy.util.test.junit.AutoTests" name="[239] /home/travis/build/icyphy/ptII/ptolemy/actor/lib/test/auto/MultiportBroadcastTest.xml (RunModel)" time="0.092" />
  <testcase classname="ptolemy.util.test.junit.AutoTests" name="[240] /home/travis/build/icyphy/ptII/ptolemy/actor/lib/test/auto/MultiportOutHangDuringGetWidth.xml (RunModel)" time="0.036" />
  <testcase classname="ptolemy.util.test.junit.AutoTests" name="[241] /home/travis/build/icyphy/ptII/ptolemy/actor/lib/test/auto/NilToken.xml (RunModel)" time="0.014" />
  <testcase classname="ptolemy.util.test.junit.AutoTests" name="[242] /home/travis/build/icyphy/ptII/ptolemy/actor/lib/test/auto/NilTokenNonStrictTest.xml (RunModel)" time="0.013" />
  <testcase classname="ptolemy.util.test.junit.AutoTests" name="[243] /home/travis/build/icyphy/ptII/ptolemy/actor/lib/test/auto/NilTokenRecord.xml (RunModel)" time="0.021" />
  <testcase classname="ptolemy.util.test.junit.AutoTests" name="[244] /home/travis/build/icyphy/ptII/ptolemy/actor/lib/test/auto/NilTokenTypeTest.xml (RunModel)" time="0.032" />
  <testcase classname="ptolemy.util.test.junit.AutoTests" name="[245] /home/travis/build/icyphy/ptII/ptolemy/actor/lib/test/auto/ObjectToken1.xml (RunModel)" time="0.009" />
  <testcase classname="ptolemy.util.test.junit.AutoTests" name="[246] /home/travis/build/icyphy/ptII/ptolemy/actor/lib/test/auto/OrderedMerge.xml (RunModel)" time="0.026" />
  <testcase classname="ptolemy.util.test.junit.AutoTests" name="[247] /home/travis/build/icyphy/ptII/ptolemy/actor/lib/test/auto/OrderedRecordDisassembler.xml (RunModel)" time="0.023" />
  <testcase classname="ptolemy.util.test.junit.AutoTests" name="[248] /home/travis/build/icyphy/ptII/ptolemy/actor/lib/test/auto/OrderedRecordDisassembler2.xml (RunModel)" time="0.018" />
  <testcase classname="ptolemy.util.test.junit.AutoTests" name="[249] /home/travis/build/icyphy/ptII/ptolemy/actor/lib/test/auto/OrderedRecordUpdater.xml (RunModel)" time="0.009" />
  <testcase classname="ptolemy.util.test.junit.AutoTests" name="[250] /home/travis/build/icyphy/ptII/ptolemy/actor/lib/test/auto/OrderedRecordUpdater2.xml (RunModel)" time="0.01" />
  <testcase classname="ptolemy.util.test.junit.AutoTests" name="[251] /home/travis/build/icyphy/ptII/ptolemy/actor/lib/test/auto/PhaseUnwrap.xml (RunModel)" time="0.011" />
  <testcase classname="ptolemy.util.test.junit.AutoTests" name="[252] /home/travis/build/icyphy/ptII/ptolemy/actor/lib/test/auto/PoissonClock.xml (RunModel)" time="0.01" />
  <testcase classname="ptolemy.util.test.junit.AutoTests" name="[253] /home/travis/build/icyphy/ptII/ptolemy/actor/lib/test/auto/PoissonClock2.xml (RunModel)" time="0.011" />
  <testcase classname="ptolemy.util.test.junit.AutoTests" name="[254] /home/travis/build/icyphy/ptII/ptolemy/actor/lib/test/auto/PoissonClock3.xml (RunModel)" time="0.01" />
  <testcase classname="ptolemy.util.test.junit.AutoTests" name="[255] /home/travis/build/icyphy/ptII/ptolemy/actor/lib/test/auto/PubSubWithInitialTokens.xml (RunModel)" time="0.01" />
  <testcase classname="ptolemy.util.test.junit.AutoTests" name="[256] /home/travis/build/icyphy/ptII/ptolemy/actor/lib/test/auto/PubSubWithInitialTokens2.xml (RunModel)" time="0.011" />
  <testcase classname="ptolemy.util.test.junit.AutoTests" name="[257] /home/travis/build/icyphy/ptII/ptolemy/actor/lib/test/auto/PublisherClassNoParameter.xml (RunModel)" time="0.02" />
  <testcase classname="ptolemy.util.test.junit.AutoTests" name="[258] /home/travis/build/icyphy/ptII/ptolemy/actor/lib/test/auto/PublisherClassParameter.xml (RunModel)" time="0.023" />
  <testcase classname="ptolemy.util.test.junit.AutoTests" name="[259] /home/travis/build/icyphy/ptII/ptolemy/actor/lib/test/auto/PublisherNonStrictTest.xml (RunModel)" time="0.02" />
  <testcase classname="ptolemy.util.test.junit.AutoTests" name="[260] /home/travis/build/icyphy/ptII/ptolemy/actor/lib/test/auto/PublisherPort1.xml (RunModel)" time="0.011" />
  <testcase classname="ptolemy.util.test.junit.AutoTests" name="[261] /home/travis/build/icyphy/ptII/ptolemy/actor/lib/test/auto/PublisherPort2.xml (RunModel)" time="0.012" />
  <testcase classname="ptolemy.util.test.junit.AutoTests" name="[262] /home/travis/build/icyphy/ptII/ptolemy/actor/lib/test/auto/PublisherPort3.xml (RunModel)" time="0.012" />
  <testcase classname="ptolemy.util.test.junit.AutoTests" name="[263] /home/travis/build/icyphy/ptII/ptolemy/actor/lib/test/auto/PublisherPort4.xml (RunModel)" time="0.012" />
  <testcase classname="ptolemy.util.test.junit.AutoTests" name="[264] /home/travis/build/icyphy/ptII/ptolemy/actor/lib/test/auto/PublisherPort5.xml (RunModel)" time="0.023" />
  <testcase classname="ptolemy.util.test.junit.AutoTests" name="[265] /home/travis/build/icyphy/ptII/ptolemy/actor/lib/test/auto/PublisherPort5LookAlike.xml (RunModel)" time="0.015" />
  <testcase classname="ptolemy.util.test.junit.AutoTests" name="[266] /home/travis/build/icyphy/ptII/ptolemy/actor/lib/test/auto/PublisherPort6.xml (RunModel)" time="0.013" />
  <testcase classname="ptolemy.util.test.junit.AutoTests" name="[267] /home/travis/build/icyphy/ptII/ptolemy/actor/lib/test/auto/PublisherPort7.xml (RunModel)" time="0.015" />
  <testcase classname="ptolemy.util.test.junit.AutoTests" name="[268] /home/travis/build/icyphy/ptII/ptolemy/actor/lib/test/auto/PublisherPort8.xml (RunModel)" time="0.017" />
  <testcase classname="ptolemy.util.test.junit.AutoTests" name="[269] /home/travis/build/icyphy/ptII/ptolemy/actor/lib/test/auto/PublisherPortSubscriberChannelVariablesAOC2.xml (RunModel)" time="0.035" />
  <testcase classname="ptolemy.util.test.junit.AutoTests" name="[270] /home/travis/build/icyphy/ptII/ptolemy/actor/lib/test/auto/PublisherPortSubscriberOpaqueWidthInference.xml (RunModel)" time="0.016" />
  <testcase classname="ptolemy.util.test.junit.AutoTests" name="[271] /home/travis/build/icyphy/ptII/ptolemy/actor/lib/test/auto/PublisherPortSubscriberPortAdjacent.xml (RunModel)" time="0.021" />
  <testcase classname="ptolemy.util.test.junit.AutoTests" name="[272] /home/travis/build/icyphy/ptII/ptolemy/actor/lib/test/auto/PublisherPortSubscriberPortExpression.xml (RunModel)" time="0.017" />
  <testcase classname="ptolemy.util.test.junit.AutoTests" name="[273] /home/travis/build/icyphy/ptII/ptolemy/actor/lib/test/auto/PublisherPortSubscriberPortOpaqueD3Reverse.xml (RunModel)" time="0.03" />
  <testcase classname="ptolemy.util.test.junit.AutoTests" name="[274] /home/travis/build/icyphy/ptII/ptolemy/actor/lib/test/auto/PublisherPortSubscriberPortOpaqueWidthInference.xml (RunModel)" time="0.017" />
  <testcase classname="ptolemy.util.test.junit.AutoTests" name="[275] /home/travis/build/icyphy/ptII/ptolemy/actor/lib/test/auto/PublisherPortToplevelSubscriberPortAOC.xml (RunModel)" time="0.011" />
  <testcase classname="ptolemy.util.test.junit.AutoTests" name="[276] /home/travis/build/icyphy/ptII/ptolemy/actor/lib/test/auto/PublisherSubscriber.xml (RunModel)" time="0.014" />
  <testcase classname="ptolemy.util.test.junit.AutoTests" name="[277] /home/travis/build/icyphy/ptII/ptolemy/actor/lib/test/auto/PublisherSubscriber10.xml (RunModel)" time="0.023" />
  <testcase classname="ptolemy.util.test.junit.AutoTests" name="[278] /home/travis/build/icyphy/ptII/ptolemy/actor/lib/test/auto/PublisherSubscriber10InitialOutputs.xml (RunModel)" time="0.03" />
  <testcase classname="ptolemy.util.test.junit.AutoTests" name="[279] /home/travis/build/icyphy/ptII/ptolemy/actor/lib/test/auto/PublisherSubscriber11.xml (RunModel)" time="0.021" />
  <testcase classname="ptolemy.util.test.junit.AutoTests" name="[280] /home/travis/build/icyphy/ptII/ptolemy/actor/lib/test/auto/PublisherSubscriber12.xml (RunModel)" time="0.022" />
  <testcase classname="ptolemy.util.test.junit.AutoTests" name="[281] /home/travis/build/icyphy/ptII/ptolemy/actor/lib/test/auto/PublisherSubscriber13.xml (RunModel)" time="0.021" />
  <testcase classname="ptolemy.util.test.junit.AutoTests" name="[282] /home/travis/build/icyphy/ptII/ptolemy/actor/lib/test/auto/PublisherSubscriber14.xml (RunModel)" time="0.023" />
  <testcase classname="ptolemy.util.test.junit.AutoTests" name="[283] /home/travis/build/icyphy/ptII/ptolemy/actor/lib/test/auto/PublisherSubscriber2.xml (RunModel)" time="0.015" />
  <testcase classname="ptolemy.util.test.junit.AutoTests" name="[284] /home/travis/build/icyphy/ptII/ptolemy/actor/lib/test/auto/PublisherSubscriber3.xml (RunModel)" time="0.011" />
  <testcase classname="ptolemy.util.test.junit.AutoTests" name="[285] /home/travis/build/icyphy/ptII/ptolemy/actor/lib/test/auto/PublisherSubscriber4.xml (RunModel)" time="0.01" />
  <testcase classname="ptolemy.util.test.junit.AutoTests" name="[286] /home/travis/build/icyphy/ptII/ptolemy/actor/lib/test/auto/PublisherSubscriber5.xml (RunModel)" time="0.017" />
  <testcase classname="ptolemy.util.test.junit.AutoTests" name="[287] /home/travis/build/icyphy/ptII/ptolemy/actor/lib/test/auto/PublisherSubscriber6.xml (RunModel)" time="0.018" />
  <testcase classname="ptolemy.util.test.junit.AutoTests" name="[288] /home/travis/build/icyphy/ptII/ptolemy/actor/lib/test/auto/PublisherSubscriber7.xml (RunModel)" time="0.02" />
  <testcase classname="ptolemy.util.test.junit.AutoTests" name="[289] /home/travis/build/icyphy/ptII/ptolemy/actor/lib/test/auto/PublisherSubscriber8.xml (RunModel)" time="0.03" />
  <testcase classname="ptolemy.util.test.junit.AutoTests" name="[290] /home/travis/build/icyphy/ptII/ptolemy/actor/lib/test/auto/PublisherSubscriber9.xml (RunModel)" time="0.019" />
  <testcase classname="ptolemy.util.test.junit.AutoTests" name="[291] /home/travis/build/icyphy/ptII/ptolemy/actor/lib/test/auto/PublisherSubscriberAdjacent.xml (RunModel)" time="0.02" />
  <testcase classname="ptolemy.util.test.junit.AutoTests" name="[292] /home/travis/build/icyphy/ptII/ptolemy/actor/lib/test/auto/PublisherSubscriberChannelVariablesAOC2.xml (RunModel)" time="0.033" />
  <testcase classname="ptolemy.util.test.junit.AutoTests" name="[293] /home/travis/build/icyphy/ptII/ptolemy/actor/lib/test/auto/PublisherSubscriberD3.xml (RunModel)" time="0.015" />
  <testcase classname="ptolemy.util.test.junit.AutoTests" name="[294] /home/travis/build/icyphy/ptII/ptolemy/actor/lib/test/auto/PublisherSubscriberD3Reverse.xml (RunModel)" time="0.013" />
  <testcase classname="ptolemy.util.test.junit.AutoTests" name="[295] /home/travis/build/icyphy/ptII/ptolemy/actor/lib/test/auto/PublisherSubscriberExpression.xml (RunModel)" time="0.019" />
  <testcase classname="ptolemy.util.test.junit.AutoTests" name="[296] /home/travis/build/icyphy/ptII/ptolemy/actor/lib/test/auto/PublisherSubscriberOpaque.xml (RunModel)" time="0.016" />
  <testcase classname="ptolemy.util.test.junit.AutoTests" name="[297] /home/travis/build/icyphy/ptII/ptolemy/actor/lib/test/auto/PublisherSubscriberOpaqueD3.xml (RunModel)" time="0.025" />
  <testcase classname="ptolemy.util.test.junit.AutoTests" name="[298] /home/travis/build/icyphy/ptII/ptolemy/actor/lib/test/auto/PublisherSubscriberOpaqueD3Reverse.xml (RunModel)" time="0.023" />
  <testcase classname="ptolemy.util.test.junit.AutoTests" name="[299] /home/travis/build/icyphy/ptII/ptolemy/actor/lib/test/auto/PublisherSubscriberOpaqueWidthInference.xml (RunModel)" time="0.021" />
  <testcase classname="ptolemy.util.test.junit.AutoTests" name="[300] /home/travis/build/icyphy/ptII/ptolemy/actor/lib/test/auto/PublisherTestSubscriber.xml (RunModel)" time="0.017" />
  <testcase classname="ptolemy.util.test.junit.AutoTests" name="[301] /home/travis/build/icyphy/ptII/ptolemy/actor/lib/test/auto/PublisherToplevelSubscriberPortAOC.xml (RunModel)" time="0.013" />
  <testcase classname="ptolemy.util.test.junit.AutoTests" name="[302] /home/travis/build/icyphy/ptII/ptolemy/actor/lib/test/auto/PulseFiringLimitDE.xml (RunModel)" time="0.016" />
  <testcase classname="ptolemy.util.test.junit.AutoTests" name="[303] /home/travis/build/icyphy/ptII/ptolemy/actor/lib/test/auto/Ramp1.xml (RunModel)" time="0.007" />
  <testcase classname="ptolemy.util.test.junit.AutoTests" name="[304] /home/travis/build/icyphy/ptII/ptolemy/actor/lib/test/auto/RampFiringLimitDE.xml (RunModel)" time="0.011" />
  <testcase classname="ptolemy.util.test.junit.AutoTests" name="[305] /home/travis/build/icyphy/ptII/ptolemy/actor/lib/test/auto/RampFiringLimitSDF.xml (RunModel)" time="0.012" />
  <testcase classname="ptolemy.util.test.junit.AutoTests" name="[306] /home/travis/build/icyphy/ptII/ptolemy/actor/lib/test/auto/RandomInteger.xml (RunModel)" time="0.011" />
  <testcase classname="ptolemy.util.test.junit.AutoTests" name="[307] /home/travis/build/icyphy/ptII/ptolemy/actor/lib/test/auto/ReadFile1.xml (RunModel)" time="0.01" />
  <testcase classname="ptolemy.util.test.junit.AutoTests" name="[308] /home/travis/build/icyphy/ptII/ptolemy/actor/lib/test/auto/ReadFile2.xml (RunModel)" time="0.014" />
  <testcase classname="ptolemy.util.test.junit.AutoTests" name="[309] /home/travis/build/icyphy/ptII/ptolemy/actor/lib/test/auto/Reader.xml (RunModel)" time="0.013" />
  <testcase classname="ptolemy.util.test.junit.AutoTests" name="[310] /home/travis/build/icyphy/ptII/ptolemy/actor/lib/test/auto/RecordAssemblerDisplayNameTest.xml (RunModel)" time="3.796" />
  <testcase classname="ptolemy.util.test.junit.AutoTests" name="[311] /home/travis/build/icyphy/ptII/ptolemy/actor/lib/test/auto/RecordAssemblerTypeError.xml (RunModel)" time="0.031" />
  <testcase classname="ptolemy.util.test.junit.AutoTests" name="[312] /home/travis/build/icyphy/ptII/ptolemy/actor/lib/test/auto/RecordDisassember.xml (RunModel)" time="0.022" />
  <testcase classname="ptolemy.util.test.junit.AutoTests" name="[313] /home/travis/build/icyphy/ptII/ptolemy/actor/lib/test/auto/RecordDisassemberDisplayNameTest.xml (RunModel)" time="0.025" />
  <testcase classname="ptolemy.util.test.junit.AutoTests" name="[314] /home/travis/build/icyphy/ptII/ptolemy/actor/lib/test/auto/RecordDisassembler.xml (RunModel)" time="0.009" />
  <testcase classname="ptolemy.util.test.junit.AutoTests" name="[315] /home/travis/build/icyphy/ptII/ptolemy/actor/lib/test/auto/RecordDisassembler2.xml (RunModel)" time="0.011" />
  <testcase classname="ptolemy.util.test.junit.AutoTests" name="[316] /home/travis/build/icyphy/ptII/ptolemy/actor/lib/test/auto/RecordUpdater.xml (RunModel)" time="0.012" />
  <testcase classname="ptolemy.util.test.junit.AutoTests" name="[317] /home/travis/build/icyphy/ptII/ptolemy/actor/lib/test/auto/RecordUpdater2.xml (RunModel)" time="0.009" />
  <testcase classname="ptolemy.util.test.junit.AutoTests" name="[318] /home/travis/build/icyphy/ptII/ptolemy/actor/lib/test/auto/RecursiveLattice.xml (RunModel)" time="0.009" />
  <testcase classname="ptolemy.util.test.junit.AutoTests" name="[319] /home/travis/build/icyphy/ptII/ptolemy/actor/lib/test/auto/Router.xml (RunModel)" time="3.027" />
  <testcase classname="ptolemy.util.test.junit.AutoTests" name="[320] /home/travis/build/icyphy/ptII/ptolemy/actor/lib/test/auto/Router2.xml (RunModel)" time="3.023" />
  <testcase classname="ptolemy.util.test.junit.AutoTests" name="[321] /home/travis/build/icyphy/ptII/ptolemy/actor/lib/test/auto/RunningMaximum.xml (RunModel)" time="0.029" />
  <testcase classname="ptolemy.util.test.junit.AutoTests" name="[322] /home/travis/build/icyphy/ptII/ptolemy/actor/lib/test/auto/RunningMinimum.xml (RunModel)" time="0.019" />
  <testcase classname="ptolemy.util.test.junit.AutoTests" name="[323] /home/travis/build/icyphy/ptII/ptolemy/actor/lib/test/auto/Scale.xml (RunModel)" time="0.008" />
  <testcase classname="ptolemy.util.test.junit.AutoTests" name="[324] /home/travis/build/icyphy/ptII/ptolemy/actor/lib/test/auto/Scale2.xml (RunModel)" time="0.01" />
  <testcase classname="ptolemy.util.test.junit.AutoTests" name="[325] /home/travis/build/icyphy/ptII/ptolemy/actor/lib/test/auto/Scale3.xml (RunModel)" time="0.014" />
  <testcase classname="ptolemy.util.test.junit.AutoTests" name="[326] /home/travis/build/icyphy/ptII/ptolemy/actor/lib/test/auto/ScaleArray.xml (RunModel)" time="0.008" />
  <testcase classname="ptolemy.util.test.junit.AutoTests" name="[327] /home/travis/build/icyphy/ptII/ptolemy/actor/lib/test/auto/ScaleArray2.xml (RunModel)" time="0.008" />
  <testcase classname="ptolemy.util.test.junit.AutoTests" name="[328] /home/travis/build/icyphy/ptII/ptolemy/actor/lib/test/auto/ScaleMatrix.xml (RunModel)" time="0.104" />
  <testcase classname="ptolemy.util.test.junit.AutoTests" name="[329] /home/travis/build/icyphy/ptII/ptolemy/actor/lib/test/auto/Select.xml (RunModel)" time="0.018" />
  <testcase classname="ptolemy.util.test.junit.AutoTests" name="[330] /home/travis/build/icyphy/ptII/ptolemy/actor/lib/test/auto/Select2.xml (RunModel)" time="0.01" />
  <testcase classname="ptolemy.util.test.junit.AutoTests" name="[331] /home/travis/build/icyphy/ptII/ptolemy/actor/lib/test/auto/SequenceToArray2.xml (RunModel)" time="0.118" />
  <testcase classname="ptolemy.util.test.junit.AutoTests" name="[332] /home/travis/build/icyphy/ptII/ptolemy/actor/lib/test/auto/SequentialClock.xml (RunModel)" time="0.009" />
  <testcase classname="ptolemy.util.test.junit.AutoTests" name="[333] /home/travis/build/icyphy/ptII/ptolemy/actor/lib/test/auto/SetVariable.xml (RunModel)" time="0.012" />
  <testcase classname="ptolemy.util.test.junit.AutoTests" name="[334] /home/travis/build/icyphy/ptII/ptolemy/actor/lib/test/auto/SetVariable2.xml (RunModel)" time="0.011" />
  <testcase classname="ptolemy.util.test.junit.AutoTests" name="[335] /home/travis/build/icyphy/ptII/ptolemy/actor/lib/test/auto/SetVariable3.xml (RunModel)" time="0.016" />
  <testcase classname="ptolemy.util.test.junit.AutoTests" name="[336] /home/travis/build/icyphy/ptII/ptolemy/actor/lib/test/auto/SetVariable4.xml (RunModel)" time="0.032" />
  <testcase classname="ptolemy.util.test.junit.AutoTests" name="[337] /home/travis/build/icyphy/ptII/ptolemy/actor/lib/test/auto/SetVariable5.xml (RunModel)" time="0.03" />
  <testcase classname="ptolemy.util.test.junit.AutoTests" name="[338] /home/travis/build/icyphy/ptII/ptolemy/actor/lib/test/auto/Sinewave.xml (RunModel)" time="0.039" />
  <testcase classname="ptolemy.util.test.junit.AutoTests" name="[339] /home/travis/build/icyphy/ptII/ptolemy/actor/lib/test/auto/Sinewave2.xml (RunModel)" time="0.015" />
  <testcase classname="ptolemy.util.test.junit.AutoTests" name="[340] /home/travis/build/icyphy/ptII/ptolemy/actor/lib/test/auto/Sinewave3.xml (RunModel)" time="0.017" />
  <testcase classname="ptolemy.util.test.junit.AutoTests" name="[341] /home/travis/build/icyphy/ptII/ptolemy/actor/lib/test/auto/SingleEvent.xml (RunModel)" time="0.006" />
  <testcase classname="ptolemy.util.test.junit.AutoTests" name="[342] /home/travis/build/icyphy/ptII/ptolemy/actor/lib/test/auto/Sleep.xml (RunModel)" time="6.014" />
  <testcase classname="ptolemy.util.test.junit.AutoTests" name="[343] /home/travis/build/icyphy/ptII/ptolemy/actor/lib/test/auto/SleepMultipleFire.xml (RunModel)" time="1.02" />
  <testcase classname="ptolemy.util.test.junit.AutoTests" name="[344] /home/travis/build/icyphy/ptII/ptolemy/actor/lib/test/auto/StopDE.xml (RunModel)" time="0.025" />
  <testcase classname="ptolemy.util.test.junit.AutoTests" name="[345] /home/travis/build/icyphy/ptII/ptolemy/actor/lib/test/auto/StopSDF.xml (RunModel)" time="0.013" />
  <testcase classname="ptolemy.util.test.junit.AutoTests" name="[346] /home/travis/build/icyphy/ptII/ptolemy/actor/lib/test/auto/StringConstant.xml (RunModel)" time="0.011" />
  <testcase classname="ptolemy.util.test.junit.AutoTests" name="[347] /home/travis/build/icyphy/ptII/ptolemy/actor/lib/test/auto/SubscriberPortInitialValues1.xml (RunModel)" time="0.019" />
  <testcase classname="ptolemy.util.test.junit.AutoTests" name="[348] /home/travis/build/icyphy/ptII/ptolemy/actor/lib/test/auto/SubscriberPortInitialValues13.xml (RunModel)" time="0.024" />
  <testcase classname="ptolemy.util.test.junit.AutoTests" name="[349] /home/travis/build/icyphy/ptII/ptolemy/actor/lib/test/auto/SubscriberPortInitialValues14.xml (RunModel)" time="0.016" />
  <testcase classname="ptolemy.util.test.junit.AutoTests" name="[350] /home/travis/build/icyphy/ptII/ptolemy/actor/lib/test/auto/SubscriberPortInitialValues2.xml (RunModel)" time="0.015" />
  <testcase classname="ptolemy.util.test.junit.AutoTests" name="[351] /home/travis/build/icyphy/ptII/ptolemy/actor/lib/test/auto/SubscriberPortInitialValues3.xml (RunModel)" time="0.02" />
  <testcase classname="ptolemy.util.test.junit.AutoTests" name="[352] /home/travis/build/icyphy/ptII/ptolemy/actor/lib/test/auto/SubscriptionAggregator.xml (RunModel)" time="0.012" />
  <testcase classname="ptolemy.util.test.junit.AutoTests" name="[353] /home/travis/build/icyphy/ptII/ptolemy/actor/lib/test/auto/SubscriptionAggregator2.xml (RunModel)" time="0.013" />
  <testcase classname="ptolemy.util.test.junit.AutoTests" name="[354] /home/travis/build/icyphy/ptII/ptolemy/actor/lib/test/auto/SubscriptionAggregator3.xml (RunModel)" time="0.016" />
  <testcase classname="ptolemy.util.test.junit.AutoTests" name="[355] /home/travis/build/icyphy/ptII/ptolemy/actor/lib/test/auto/SubscriptionAggregatorMultiply.xml (RunModel)" time="0.016" />
  <testcase classname="ptolemy.util.test.junit.AutoTests" name="[356] /home/travis/build/icyphy/ptII/ptolemy/actor/lib/test/auto/SubscriptionAggregatorPortMultiply1.xml (RunModel)" time="0.014" />
  <testcase classname="ptolemy.util.test.junit.AutoTests" name="[357] /home/travis/build/icyphy/ptII/ptolemy/actor/lib/test/auto/Switch.xml (RunModel)" time="0.014" />
  <testcase classname="ptolemy.util.test.junit.AutoTests" name="[358] /home/travis/build/icyphy/ptII/ptolemy/actor/lib/test/auto/Switch2.xml (RunModel)" time="0.015" />
  <testcase classname="ptolemy.util.test.junit.AutoTests" name="[359] /home/travis/build/icyphy/ptII/ptolemy/actor/lib/test/auto/SwitchDE.xml (RunModel)" time="0.013" />
  <testcase classname="ptolemy.util.test.junit.AutoTests" name="[360] /home/travis/build/icyphy/ptII/ptolemy/actor/lib/test/auto/SynchronizerDE.xml (RunModel)" time="0.02" />
  <testcase classname="ptolemy.util.test.junit.AutoTests" name="[361] /home/travis/build/icyphy/ptII/ptolemy/actor/lib/test/auto/Test.xml (RunModel)" time="0.01" />
  <testcase classname="ptolemy.util.test.junit.AutoTests" name="[362] /home/travis/build/icyphy/ptII/ptolemy/actor/lib/test/auto/TestExceptionAttribute1.xml (RunModel)" time="0.006" />
  <testcase classname="ptolemy.util.test.junit.AutoTests" name="[363] /home/travis/build/icyphy/ptII/ptolemy/actor/lib/test/auto/TestExceptionAttribute2.xml (RunModel)" time="0.006" />
  <testcase classname="ptolemy.util.test.junit.AutoTests" name="[364] /home/travis/build/icyphy/ptII/ptolemy/actor/lib/test/auto/TestExceptionAttribute3.xml (RunModel)" time="0.006" />
  <testcase classname="ptolemy.util.test.junit.AutoTests" name="[365] /home/travis/build/icyphy/ptII/ptolemy/actor/lib/test/auto/TestExceptionAttribute4.xml (RunModel)" time="0.007" />
  <testcase classname="ptolemy.util.test.junit.AutoTests" name="[366] /home/travis/build/icyphy/ptII/ptolemy/actor/lib/test/auto/TestExceptionHandler1.xml (RunModel)" time="0.006" />
  <testcase classname="ptolemy.util.test.junit.AutoTests" name="[367] /home/travis/build/icyphy/ptII/ptolemy/actor/lib/test/auto/TestExceptionHandler2.xml (RunModel)" time="0.006" />
  <testcase classname="ptolemy.util.test.junit.AutoTests" name="[368] /home/travis/build/icyphy/ptII/ptolemy/actor/lib/test/auto/TestExceptionHandler3.xml (RunModel)" time="0.006" />
  <testcase classname="ptolemy.util.test.junit.AutoTests" name="[369] /home/travis/build/icyphy/ptII/ptolemy/actor/lib/test/auto/TestExceptionHandler4.xml (RunModel)" time="0.006" />
  <testcase classname="ptolemy.util.test.junit.AutoTests" name="[370] /home/travis/build/icyphy/ptII/ptolemy/actor/lib/test/auto/TestRequireCorrectOrder.xml (RunModel)" time="0.012" />
  <testcase classname="ptolemy.util.test.junit.AutoTests" name="[371] /home/travis/build/icyphy/ptII/ptolemy/actor/lib/test/auto/TestSimple.xml (RunModel)" time="0.006" />
  <testcase classname="ptolemy.util.test.junit.AutoTests" name="[372] /home/travis/build/icyphy/ptII/ptolemy/actor/lib/test/auto/ThrowModelError.xml (RunModel)" time="0.01" />
  <testcase classname="ptolemy.util.test.junit.AutoTests" name="[373] /home/travis/build/icyphy/ptII/ptolemy/actor/lib/test/auto/TimeDelayMicrosteps.xml (RunModel)" time="0.015" />
  <testcase classname="ptolemy.util.test.junit.AutoTests" name="[374] /home/travis/build/icyphy/ptII/ptolemy/actor/lib/test/auto/TimeDelayMicrosteps2.xml (RunModel)" time="0.016" />
  <testcase classname="ptolemy.util.test.junit.AutoTests" name="[375] /home/travis/build/icyphy/ptII/ptolemy/actor/lib/test/auto/TimeDelayMicrosteps3.xml (RunModel)" time="0.013" />
  <testcase classname="ptolemy.util.test.junit.AutoTests" name="[376] /home/travis/build/icyphy/ptII/ptolemy/actor/lib/test/auto/TimeDelayVariableMicrosteps.xml (RunModel)" time="0.013" />
  <testcase classname="ptolemy.util.test.junit.AutoTests" name="[377] /home/travis/build/icyphy/ptII/ptolemy/actor/lib/test/auto/TimeGap.xml (RunModel)" time="0.014" />
  <testcase classname="ptolemy.util.test.junit.AutoTests" name="[378] /home/travis/build/icyphy/ptII/ptolemy/actor/lib/test/auto/TimeGap2.xml (RunModel)" time="0.014" />
  <testcase classname="ptolemy.util.test.junit.AutoTests" name="[379] /home/travis/build/icyphy/ptII/ptolemy/actor/lib/test/auto/TimedSinewave.xml (RunModel)" time="0.046" />
  <testcase classname="ptolemy.util.test.junit.AutoTests" name="[380] /home/travis/build/icyphy/ptII/ptolemy/actor/lib/test/auto/TimedSinewavePhase.xml (RunModel)" time="0.045" />
  <testcase classname="ptolemy.util.test.junit.AutoTests" name="[381] /home/travis/build/icyphy/ptII/ptolemy/actor/lib/test/auto/Timer.xml (RunModel)" time="0.013" />
  <testcase classname="ptolemy.util.test.junit.AutoTests" name="[382] /home/travis/build/icyphy/ptII/ptolemy/actor/lib/test/auto/TriangularDistTestModel.xml (RunModel)" time="0.025" />
  <testcase classname="ptolemy.util.test.junit.AutoTests" name="[383] /home/travis/build/icyphy/ptII/ptolemy/actor/lib/test/auto/TrigFunction.xml (RunModel)" time="0.009" />
  <testcase classname="ptolemy.util.test.junit.AutoTests" name="[384] /home/travis/build/icyphy/ptII/ptolemy/actor/lib/test/auto/TrigFunctionDE.xml (RunModel)" time="0.012" />
  <testcase classname="ptolemy.util.test.junit.AutoTests" name="[385] /home/travis/build/icyphy/ptII/ptolemy/actor/lib/test/auto/TrigFunctionInverse.xml (RunModel)" time="0.01" />
  <testcase classname="ptolemy.util.test.junit.AutoTests" name="[386] /home/travis/build/icyphy/ptII/ptolemy/actor/lib/test/auto/TrigFunctionTan.xml (RunModel)" time="0.007" />
  <testcase classname="ptolemy.util.test.junit.AutoTests" name="[387] /home/travis/build/icyphy/ptII/ptolemy/actor/lib/test/auto/TriggeredClock.xml (RunModel)" time="0.008" />
  <testcase classname="ptolemy.util.test.junit.AutoTests" name="[388] /home/travis/build/icyphy/ptII/ptolemy/actor/lib/test/auto/URLDirectoryReader.xml (RunModel)" time="0.096" />
  <testcase classname="ptolemy.util.test.junit.AutoTests" name="[389] /home/travis/build/icyphy/ptII/ptolemy/actor/lib/test/auto/URLDirectoryReader3.xml (RunModel)" time="1.422" />
  <testcase classname="ptolemy.util.test.junit.AutoTests" name="[390] /home/travis/build/icyphy/ptII/ptolemy/actor/lib/test/auto/UnaryMathFunction.xml (RunModel)" time="0.054" />
  <testcase classname="ptolemy.util.test.junit.AutoTests" name="[391] /home/travis/build/icyphy/ptII/ptolemy/actor/lib/test/auto/Uniform.xml (RunModel)" time="0.039" />
  <testcase classname="ptolemy.util.test.junit.AutoTests" name="[392] /home/travis/build/icyphy/ptII/ptolemy/actor/lib/test/auto/UnionDisassemblerTest.xml (RunModel)" time="0.026" />
  <testcase classname="ptolemy.util.test.junit.AutoTests" name="[393] /home/travis/build/icyphy/ptII/ptolemy/actor/lib/test/auto/UtilityFunctions.xml (RunModel)" time="0.035" />
  <testcase classname="ptolemy.util.test.junit.AutoTests" name="[394] /home/travis/build/icyphy/ptII/ptolemy/actor/lib/test/auto/VariableSleep.xml (RunModel)" time="0.541" />
  <testcase classname="ptolemy.util.test.junit.AutoTests" name="[395] /home/travis/build/icyphy/ptII/ptolemy/actor/lib/test/auto/VectorAssemblerDisassemblerCT.xml (RunModel)" time="0.11" />
  <testcase classname="ptolemy.util.test.junit.AutoTests" name="[396] /home/travis/build/icyphy/ptII/ptolemy/actor/lib/test/auto/VectorAssemblerDisassemblerDE.xml (RunModel)" time="0.016" />
  <testcase classname="ptolemy.util.test.junit.AutoTests" name="[397] /home/travis/build/icyphy/ptII/ptolemy/actor/lib/test/auto/VectorAssemblerDisassemblerSDF.xml (RunModel)" time="0.015" />
  <testcase classname="ptolemy.util.test.junit.AutoTests" name="[398] /home/travis/build/icyphy/ptII/ptolemy/actor/lib/test/auto/WallClockTime.xml (RunModel)" time="1.017" />
  <testcase classname="ptolemy.util.test.junit.AutoTests" name="[399] /home/travis/build/icyphy/ptII/ptolemy/actor/lib/test/auto/WidthTestWithSubscriberPublisher.xml (RunModel)" time="0.05" />
  <testcase classname="ptolemy.util.test.junit.AutoTests" name="[400] /home/travis/build/icyphy/ptII/ptolemy/actor/lib/test/auto/WidthTestWithSubscriberPublisher2.xml (RunModel)" time="0.022" />
  <testcase classname="ptolemy.util.test.junit.AutoTests" name="[401] /home/travis/build/icyphy/ptII/ptolemy/actor/lib/test/auto/WidthTestWithSubscriberPublisher3.xml (RunModel)" time="0.03" />
  <testcase classname="ptolemy.util.test.junit.AutoTests" name="[402] /home/travis/build/icyphy/ptII/ptolemy/actor/lib/test/auto/Writer.xml (RunModel)" time="0.009" />
  <testcase classname="ptolemy.util.test.junit.AutoTests" name="[403] /home/travis/build/icyphy/ptII/ptolemy/actor/lib/test/auto/array.xml (RunModel)" time="0.011" />
  <testcase classname="ptolemy.util.test.junit.AutoTests" name="[404] /home/travis/build/icyphy/ptII/ptolemy/actor/lib/test/auto/array2.xml (RunModel)" time="0.018" />
  <testcase classname="ptolemy.util.test.junit.AutoTests" name="[405] /home/travis/build/icyphy/ptII/ptolemy/actor/lib/test/auto/arrayType.xml (RunModel)" time="0.012" />
  <testcase classname="ptolemy.util.test.junit.AutoTests" name="[406] /home/travis/build/icyphy/ptII/ptolemy/actor/lib/test/auto/arrayType10.xml (RunModel)" time="0.01" />
  <testcase classname="ptolemy.util.test.junit.AutoTests" name="[407] /home/travis/build/icyphy/ptII/ptolemy/actor/lib/test/auto/arrayType11.xml (RunModel)" time="0.009" />
  <testcase classname="ptolemy.util.test.junit.AutoTests" name="[408] /home/travis/build/icyphy/ptII/ptolemy/actor/lib/test/auto/arrayType12.xml (RunModel)" time="0.011" />
  <testcase classname="ptolemy.util.test.junit.AutoTests" name="[409] /home/travis/build/icyphy/ptII/ptolemy/actor/lib/test/auto/arrayType13.xml (RunModel)" time="0.011" />
  <testcase classname="ptolemy.util.test.junit.AutoTests" name="[410] /home/travis/build/icyphy/ptII/ptolemy/actor/lib/test/auto/arrayType14.xml (RunModel)" time="0.012" />
  <testcase classname="ptolemy.util.test.junit.AutoTests" name="[411] /home/travis/build/icyphy/ptII/ptolemy/actor/lib/test/auto/arrayType15.xml (RunModel)" time="0.01" />
  <testcase classname="ptolemy.util.test.junit.AutoTests" name="[412] /home/travis/build/icyphy/ptII/ptolemy/actor/lib/test/auto/arrayType16.xml (RunModel)" time="0.01" />
  <testcase classname="ptolemy.util.test.junit.AutoTests" name="[413] /home/travis/build/icyphy/ptII/ptolemy/actor/lib/test/auto/arrayType17.xml (RunModel)" time="0.011" />
  <testcase classname="ptolemy.util.test.junit.AutoTests" name="[414] /home/travis/build/icyphy/ptII/ptolemy/actor/lib/test/auto/arrayType18.xml (RunModel)" time="0.009" />
  <testcase classname="ptolemy.util.test.junit.AutoTests" name="[415] /home/travis/build/icyphy/ptII/ptolemy/actor/lib/test/auto/arrayType19.xml (RunModel)" time="0.009" />
  <testcase classname="ptolemy.util.test.junit.AutoTests" name="[416] /home/travis/build/icyphy/ptII/ptolemy/actor/lib/test/auto/arrayType2.xml (RunModel)" time="0.015" />
  <testcase classname="ptolemy.util.test.junit.AutoTests" name="[417] /home/travis/build/icyphy/ptII/ptolemy/actor/lib/test/auto/arrayType20.xml (RunModel)" time="0.011" />
  <testcase classname="ptolemy.util.test.junit.AutoTests" name="[418] /home/travis/build/icyphy/ptII/ptolemy/actor/lib/test/auto/arrayType21.xml (RunModel)" time="0.01" />
  <testcase classname="ptolemy.util.test.junit.AutoTests" name="[419] /home/travis/build/icyphy/ptII/ptolemy/actor/lib/test/auto/arrayType22.xml (RunModel)" time="0.009" />
  <testcase classname="ptolemy.util.test.junit.AutoTests" name="[420] /home/travis/build/icyphy/ptII/ptolemy/actor/lib/test/auto/arrayType23.xml (RunModel)" time="0.012" />
  <testcase classname="ptolemy.util.test.junit.AutoTests" name="[421] /home/travis/build/icyphy/ptII/ptolemy/actor/lib/test/auto/arrayType24.xml (RunModel)" time="0.011" />
  <testcase classname="ptolemy.util.test.junit.AutoTests" name="[422] /home/travis/build/icyphy/ptII/ptolemy/actor/lib/test/auto/arrayType25.xml (RunModel)" time="0.01" />
  <testcase classname="ptolemy.util.test.junit.AutoTests" name="[423] /home/travis/build/icyphy/ptII/ptolemy/actor/lib/test/auto/arrayType26.xml (RunModel)" time="0.012" />
  <testcase classname="ptolemy.util.test.junit.AutoTests" name="[424] /home/travis/build/icyphy/ptII/ptolemy/actor/lib/test/auto/arrayType27.xml (RunModel)" time="0.01" />
  <testcase classname="ptolemy.util.test.junit.AutoTests" name="[425] /home/travis/build/icyphy/ptII/ptolemy/actor/lib/test/auto/arrayType28.xml (RunModel)" time="0.01" />
  <testcase classname="ptolemy.util.test.junit.AutoTests" name="[426] /home/travis/build/icyphy/ptII/ptolemy/actor/lib/test/auto/arrayType3.xml (RunModel)" time="0.01" />
  <testcase classname="ptolemy.util.test.junit.AutoTests" name="[427] /home/travis/build/icyphy/ptII/ptolemy/actor/lib/test/auto/arrayType4.xml (RunModel)" time="0.011" />
  <testcase classname="ptolemy.util.test.junit.AutoTests" name="[428] /home/travis/build/icyphy/ptII/ptolemy/actor/lib/test/auto/arrayType5.xml (RunModel)" time="0.011" />
  <testcase classname="ptolemy.util.test.junit.AutoTests" name="[429] /home/travis/build/icyphy/ptII/ptolemy/actor/lib/test/auto/arrayType6.xml (RunModel)" time="0.009" />
  <testcase classname="ptolemy.util.test.junit.AutoTests" name="[430] /home/travis/build/icyphy/ptII/ptolemy/actor/lib/test/auto/arrayType7.xml (RunModel)" time="0.009" />
  <testcase classname="ptolemy.util.test.junit.AutoTests" name="[431] /home/travis/build/icyphy/ptII/ptolemy/actor/lib/test/auto/arrayType8.xml (RunModel)" time="0.023" />
  <testcase classname="ptolemy.util.test.junit.AutoTests" name="[432] /home/travis/build/icyphy/ptII/ptolemy/actor/lib/test/auto/arrayType9.xml (RunModel)" time="0.01" />
  <testcase classname="ptolemy.util.test.junit.AutoTests" name="[433] /home/travis/build/icyphy/ptII/ptolemy/actor/lib/test/auto/cast.xml (RunModel)" time="0.01" />
  <testcase classname="ptolemy.util.test.junit.AutoTests" name="[434] /home/travis/build/icyphy/ptII/ptolemy/actor/lib/test/auto/compositeMultiPort.xml (RunModel)" time="0.022" />
  <testcase classname="ptolemy.util.test.junit.AutoTests" name="[435] /home/travis/build/icyphy/ptII/ptolemy/actor/lib/test/auto/expressionCastInference.xml (RunModel)" time="0.01" />
  <testcase classname="ptolemy.util.test.junit.AutoTests" name="[436] /home/travis/build/icyphy/ptII/ptolemy/actor/lib/test/auto/expressionCastInference2.xml (RunModel)" time="0.009" />
  <testcase classname="ptolemy.util.test.junit.AutoTests" name="[437] /home/travis/build/icyphy/ptII/ptolemy/actor/lib/test/auto/expressionInference.xml (RunModel)" time="0.008" />
  <testcase classname="ptolemy.util.test.junit.AutoTests" name="[438] /home/travis/build/icyphy/ptII/ptolemy/actor/lib/test/auto/expression_bug.xml (RunModel)" time="0.009" />
  <testcase classname="ptolemy.util.test.junit.AutoTests" name="[439] /home/travis/build/icyphy/ptII/ptolemy/actor/lib/test/auto/factorial.xml (RunModel)" time="0.057" />
  <testcase classname="ptolemy.util.test.junit.AutoTests" name="[440] /home/travis/build/icyphy/ptII/ptolemy/actor/lib/test/auto/filterTest1.xml (RunModel)" time="0.014" />
  <testcase classname="ptolemy.util.test.junit.AutoTests" name="[441] /home/travis/build/icyphy/ptII/ptolemy/actor/lib/test/auto/funcApplyInConst.xml (RunModel)" time="0.008" />
  <testcase classname="ptolemy.util.test.junit.AutoTests" name="[442] /home/travis/build/icyphy/ptII/ptolemy/actor/lib/test/auto/funcApplyInExpr.xml (RunModel)" time="0.006" />
  <testcase classname="ptolemy.util.test.junit.AutoTests" name="[443] /home/travis/build/icyphy/ptII/ptolemy/actor/lib/test/auto/function.xml (RunModel)" time="0.01" />
  <testcase classname="ptolemy.util.test.junit.AutoTests" name="[444] /home/travis/build/icyphy/ptII/ptolemy/actor/lib/test/auto/function2.xml (RunModel)" time="0.011" />
  <testcase classname="ptolemy.util.test.junit.AutoTests" name="[445] /home/travis/build/icyphy/ptII/ptolemy/actor/lib/test/auto/function3.xml (RunModel)" time="0.009" />
  <testcase classname="ptolemy.util.test.junit.AutoTests" name="[446] /home/travis/build/icyphy/ptII/ptolemy/actor/lib/test/auto/functionClosureTest1.xml (RunModel)" time="0.011" />
  <testcase classname="ptolemy.util.test.junit.AutoTests" name="[447] /home/travis/build/icyphy/ptII/ptolemy/actor/lib/test/auto/functionClosureTest2.xml (RunModel)" time="0.008" />
  <testcase classname="ptolemy.util.test.junit.AutoTests" name="[448] /home/travis/build/icyphy/ptII/ptolemy/actor/lib/test/auto/functionClosureTest3.xml (RunModel)" time="0.015" />
  <testcase classname="ptolemy.util.test.junit.AutoTests" name="[449] /home/travis/build/icyphy/ptII/ptolemy/actor/lib/test/auto/functionClosureTest4.xml (RunModel)" time="0.017" />
  <testcase classname="ptolemy.util.test.junit.AutoTests" name="[450] /home/travis/build/icyphy/ptII/ptolemy/actor/lib/test/auto/functionClosureTest5.xml (RunModel)" time="0.013" />
  <testcase classname="ptolemy.util.test.junit.AutoTests" name="[451] /home/travis/build/icyphy/ptII/ptolemy/actor/lib/test/auto/functionClosureTest6.xml (RunModel)" time="0.012" />
  <testcase classname="ptolemy.util.test.junit.AutoTests" name="[452] /home/travis/build/icyphy/ptII/ptolemy/actor/lib/test/auto/functionsOnArcs.xml (RunModel)" time="0.011" />
  <testcase classname="ptolemy.util.test.junit.AutoTests" name="[453] /home/travis/build/icyphy/ptII/ptolemy/actor/lib/test/auto/functionsOnArcsHOF.xml (RunModel)" time="0.014" />
  <testcase classname="ptolemy.util.test.junit.AutoTests" name="[454] /home/travis/build/icyphy/ptII/ptolemy/actor/lib/test/auto/logic.xml (RunModel)" time="0.018" />
  <testcase classname="ptolemy.util.test.junit.AutoTests" name="[455] /home/travis/build/icyphy/ptII/ptolemy/actor/lib/test/auto/matrixType.xml (RunModel)" time="0.011" />
  <testcase classname="ptolemy.util.test.junit.AutoTests" name="[456] /home/travis/build/icyphy/ptII/ptolemy/actor/lib/test/auto/matrixType10.xml (RunModel)" time="0.01" />
  <testcase classname="ptolemy.util.test.junit.AutoTests" name="[457] /home/travis/build/icyphy/ptII/ptolemy/actor/lib/test/auto/matrixType11.xml (RunModel)" time="0.009" />
  <testcase classname="ptolemy.util.test.junit.AutoTests" name="[458] /home/travis/build/icyphy/ptII/ptolemy/actor/lib/test/auto/matrixType12.xml (RunModel)" time="0.011" />
  <testcase classname="ptolemy.util.test.junit.AutoTests" name="[459] /home/travis/build/icyphy/ptII/ptolemy/actor/lib/test/auto/matrixType13.xml (RunModel)" time="0.01" />
  <testcase classname="ptolemy.util.test.junit.AutoTests" name="[460] /home/travis/build/icyphy/ptII/ptolemy/actor/lib/test/auto/matrixType14.xml (RunModel)" time="0.03" />
  <testcase classname="ptolemy.util.test.junit.AutoTests" name="[461] /home/travis/build/icyphy/ptII/ptolemy/actor/lib/test/auto/matrixType2.xml (RunModel)" time="0.01" />
  <testcase classname="ptolemy.util.test.junit.AutoTests" name="[462] /home/travis/build/icyphy/ptII/ptolemy/actor/lib/test/auto/matrixType3.xml (RunModel)" time="0.009" />
  <testcase classname="ptolemy.util.test.junit.AutoTests" name="[463] /home/travis/build/icyphy/ptII/ptolemy/actor/lib/test/auto/matrixType4.xml (RunModel)" time="0.013" />
  <testcase classname="ptolemy.util.test.junit.AutoTests" name="[464] /home/travis/build/icyphy/ptII/ptolemy/actor/lib/test/auto/matrixType5.xml (RunModel)" time="0.012" />
  <testcase classname="ptolemy.util.test.junit.AutoTests" name="[465] /home/travis/build/icyphy/ptII/ptolemy/actor/lib/test/auto/matrixType6.xml (RunModel)" time="0.01" />
  <testcase classname="ptolemy.util.test.junit.AutoTests" name="[466] /home/travis/build/icyphy/ptII/ptolemy/actor/lib/test/auto/matrixType7.xml (RunModel)" time="0.009" />
  <testcase classname="ptolemy.util.test.junit.AutoTests" name="[467] /home/travis/build/icyphy/ptII/ptolemy/actor/lib/test/auto/matrixType8.xml (RunModel)" time="0.01" />
  <testcase classname="ptolemy.util.test.junit.AutoTests" name="[468] /home/travis/build/icyphy/ptII/ptolemy/actor/lib/test/auto/matrixType9.xml (RunModel)" time="0.009" />
  <testcase classname="ptolemy.util.test.junit.AutoTests" name="[469] /home/travis/build/icyphy/ptII/ptolemy/actor/lib/test/auto/paraFunctest.xml (RunModel)" time="0.008" />
  <testcase classname="ptolemy.util.test.junit.AutoTests" name="[470] /home/travis/build/icyphy/ptII/ptolemy/actor/lib/test/auto/paraFunctest2.xml (RunModel)" time="0.009" />
  <testcase classname="ptolemy.util.test.junit.AutoTests" name="[471] /home/travis/build/icyphy/ptII/ptolemy/actor/lib/test/auto/parameterPassing.xml (RunModel)" time="0.009" />
  <testcase classname="ptolemy.util.test.junit.AutoTests" name="[472] /home/travis/build/icyphy/ptII/ptolemy/actor/lib/test/auto/record.xml (RunModel)" time="0.01" />
  <testcase classname="ptolemy.util.test.junit.AutoTests" name="[473] /home/travis/build/icyphy/ptII/ptolemy/actor/lib/test/auto/sizedarray1.xml (RunModel)" time="0.01" />
  <testcase classname="ptolemy.util.test.junit.AutoTests" name="[474] /home/travis/build/icyphy/ptII/ptolemy/actor/lib/test/auto/sizedarray2.xml (RunModel)" time="0.011" />
  <testcase classname="ptolemy.util.test.junit.AutoTests" name="[475] /home/travis/build/icyphy/ptII/ptolemy/actor/lib/test/auto/twoPublishers.xml (RunModel)" time="0.028" />
  <system-out><![CDATA[/home/travis/build/icyphy/ptII/ptolemy/actor/lib/test/AbsoluteValue.tcl
testDefs.tcl: setting time out to 9000 seconds at Sat Nov 24 02:48:23 UTC 2018
76 ms. Memory: 116224K Free: 106213K (91%)
4 ms. Memory: 116224K Free: 105610K (91%)
4 ms. Memory: 116224K Free: 104381K (90%)
5 ms. Memory: 116224K Free: 103778K (89%)
/home/travis/build/icyphy/ptII/ptolemy/actor/lib/test/AddSubtract.tcl
17 ms. Memory: 116224K Free: 101962K (88%)
17 ms. Memory: 116224K Free: 100756K (87%)
14 ms. Memory: 116224K Free: 100162K (86%)
15 ms. Memory: 116224K Free: 99567K (86%)
10 ms. Memory: 116224K Free: 98932K (85%)
9 ms. Memory: 116224K Free: 97727K (84%)
/home/travis/build/icyphy/ptII/ptolemy/actor/lib/test/Average.tcl
9 ms. Memory: 116224K Free: 96537K (83%)
6 ms. Memory: 116224K Free: 94713K (81%)
/home/travis/build/icyphy/ptII/ptolemy/actor/lib/test/Bernoulli.tcl
4 ms. Memory: 116224K Free: 93507K (80%)
2 ms. Memory: 116224K Free: 92889K (80%)
/home/travis/build/icyphy/ptII/ptolemy/actor/lib/test/Clock.tcl
preinitializing
resolving types
initializing
executing number 1
wrapping up
idle
11 ms. Memory: 116224K Free: 90474K (78%)
Completed execution with 5 iterations
preinitializing
resolving types
initializing
executing number 1
wrapping up
idle
4 ms. Memory: 116224K Free: 89855K (77%)
Completed execution with 5 iterations
preinitializing
resolving types
initializing
executing number 1
wrapping up
idle
4 ms. Memory: 116224K Free: 89253K (77%)
Completed execution with 5 iterations
/home/travis/build/icyphy/ptII/ptolemy/actor/lib/test/Commutator.tcl
10 ms. Memory: 116224K Free: 87452K (75%)
16 ms. Memory: 116224K Free: 86255K (74%)
13 ms. Memory: 116224K Free: 81911K (70%)
/home/travis/build/icyphy/ptII/ptolemy/actor/lib/test/Const.tcl
3 ms. Memory: 116224K Free: 109653K (94%)
3 ms. Memory: 116224K Free: 109653K (94%)
8 ms. Memory: 116224K Free: 109055K (94%)
2 ms. Memory: 116224K Free: 108258K (93%)
5 ms. Memory: 116224K Free: 107660K (93%)
25 ms. Memory: 116224K Free: 105855K (91%)
13 ms. Memory: 116224K Free: 104604K (90%)
9 ms. Memory: 116224K Free: 103990K (89%)
/home/travis/build/icyphy/ptII/ptolemy/actor/lib/test/CurrentTime.tcl
preinitializing
resolving types
initializing
executing number 1
wrapping up
idle
8 ms. Memory: 116224K Free: 101559K (87%)
Completed execution with 11 iterations
/home/travis/build/icyphy/ptII/ptolemy/actor/lib/test/DB.tcl
5 ms. Memory: 116224K Free: 100339K (86%)
2 ms. Memory: 116224K Free: 99736K (86%)
2 ms. Memory: 116224K Free: 99122K (85%)
/home/travis/build/icyphy/ptII/ptolemy/actor/lib/test/DiscreteRandomSource.tcl
preinitializing
resolving types
initializing
executing number 1
wrapping up
idle
5 ms. Memory: 116224K Free: 97313K (84%)
Completed execution with 4 iterations
preinitializing
resolving types
initializing
executing number 1
wrapping up
idle
3 ms. Memory: 116224K Free: 97313K (84%)
Completed execution with 4 iterations
preinitializing
resolving types
initializing
executing number 1
wrapping up
idle
3 ms. Memory: 116224K Free: 96699K (83%)
Completed execution with 4 iterations
preinitializing
resolving types
initializing
executing number 1
wrapping up
idle
3 ms. Memory: 116224K Free: 96085K (83%)
Completed execution with 4 iterations
preinitializing
resolving types
initializing
executing number 1
wrapping up
idle
4 ms. Memory: 116224K Free: 95487K (82%)
Completed execution with 4 iterations
/home/travis/build/icyphy/ptII/ptolemy/actor/lib/test/Distributor.tcl
5 ms. Memory: 116224K Free: 94260K (81%)
3 ms. Memory: 116224K Free: 93048K (80%)
StreamChangeRequest.changeExecuted(): <deleteEntity name="rec2"/> succeeded
StreamChangeRequest.changeExecuted(): <deleteRelation name="r2"/> succeeded
StreamChangeRequest.changeExecuted(): Record firings per iteration succeeded
5 ms. Memory: 116224K Free: 90625K (78%)
/home/travis/build/icyphy/ptII/ptolemy/actor/lib/test/Exit.tcl
Exit.tcl: this will print a message about Manager.exitAfterWrapup, which can be ignored.
7 ms. Memory: 116224K Free: 87555K (75%)
/home/travis/build/icyphy/ptII/ptolemy/actor/lib/test/Expression.tcl
12 ms. Memory: 116224K Free: 85086K (73%)
3 ms. Memory: 116224K Free: 84464K (73%)
3 ms. Memory: 116224K Free: 83858K (72%)
preinitializing
resolving types
initializing
executing number 1
wrapping up
idle
5 ms. Memory: 116224K Free: 82039K (71%)
Completed execution with 6 iterations
3 ms. Memory: 116224K Free: 81425K (70%)
23 ms. Memory: 116224K Free: 110734K (95%)
10 ms. Memory: 116224K Free: 109557K (94%)
4 ms. Memory: 116224K Free: 108251K (93%)
6 ms. Memory: 116224K Free: 106487K (92%)
/home/travis/build/icyphy/ptII/ptolemy/actor/lib/test/Gaussian.tcl
9 ms. Memory: 116224K Free: 104691K (90%)
sleeping 1 seconds: .................................................................................................................................................................................................................................................................2 ms. Memory: 116224K Free: 103514K (89%)
10 ms. Memory: 116224K Free: 102338K (88%)
2 ms. Memory: 116224K Free: 101750K (88%)
2 ms. Memory: 116224K Free: 101162K (87%)
2 ms. Memory: 116224K Free: 100574K (87%)
/home/travis/build/icyphy/ptII/ptolemy/actor/lib/test/IIR.tcl
/home/travis/build/icyphy/ptII/ptolemy/actor/lib/test/Interpolator.tcl
3 ms. Memory: 116224K Free: 96441K (83%)
2 ms. Memory: 116224K Free: 95853K (82%)
2 ms. Memory: 116224K Free: 95853K (82%)
1 ms. Memory: 116224K Free: 95265K (82%)
2 ms. Memory: 116224K Free: 94088K (81%)
2 ms. Memory: 116224K Free: 93500K (80%)
3 ms. Memory: 116224K Free: 92324K (79%)
3 ms. Memory: 116224K Free: 91736K (79%)
2 ms. Memory: 116224K Free: 90544K (78%)
7 ms. Memory: 116224K Free: 89956K (77%)
/home/travis/build/icyphy/ptII/ptolemy/actor/lib/test/MathFunction.tcl
7 ms. Memory: 116224K Free: 87603K (75%)
11 ms. Memory: 116224K Free: 86427K (74%)
3 ms. Memory: 116224K Free: 85251K (73%)
4 ms. Memory: 116224K Free: 84663K (73%)
9 ms. Memory: 116224K Free: 83471K (72%)
6 ms. Memory: 116224K Free: 81102K (70%)
/home/travis/build/icyphy/ptII/ptolemy/actor/lib/test/Maximum.tcl
6 ms. Memory: 146944K Free: 140218K (95%)
4 ms. Memory: 146944K Free: 138855K (94%)
3 ms. Memory: 146944K Free: 138855K (94%)
3 ms. Memory: 146944K Free: 137660K (94%)
/home/travis/build/icyphy/ptII/ptolemy/actor/lib/test/Minimum.tcl
4 ms. Memory: 146944K Free: 136464K (93%)
2 ms. Memory: 146944K Free: 135269K (92%)
2 ms. Memory: 146944K Free: 134075K (91%)
3 ms. Memory: 146944K Free: 134075K (91%)
/home/travis/build/icyphy/ptII/ptolemy/actor/lib/test/MultiplyDivide.tcl
4 ms. Memory: 146944K Free: 131685K (90%)
3 ms. Memory: 146944K Free: 131685K (90%)
2 ms. Memory: 146944K Free: 130491K (89%)
2 ms. Memory: 146944K Free: 129296K (88%)
2 ms. Memory: 146944K Free: 129296K (88%)
/home/travis/build/icyphy/ptII/ptolemy/actor/lib/test/OrderedMerge.tcl
Connections changed on port: inputA
Connections changed on port: inputB
Connections changed on port: output
Connections changed on port: output
Connections changed on port: output
Connections changed on port: input
.top. Preinitializing ...
Invoking preinitialize():  .top.OrderedMerge
Called preinitialize()
Invoking preinitialize():  .top.Ramp
Called preinitialize()
Invoking preinitialize():  .top.Ramp2
Called preinitialize()
Invoking preinitialize():  .top.Test
Called preinitialize()
Connections changed on port: inputA
Connections changed on port: output
Connections changed on port: inputB
Connections changed on port: output
Connections changed on port: output
Connections changed on port: input
.top. Finished preinitialize().
Called initialize().
Invoking initialize():  .top.OrderedMerge
Initializing actor: .top.OrderedMerge
Adding a thread: .top.OrderedMerge
Invoking initialize():  .top.Ramp
Initializing actor: .top.Ramp
Adding a thread: .top.Ramp
Invoking initialize():  .top.Ramp2
Initializing actor: .top.Ramp2
Adding a thread: .top.Ramp2
Invoking initialize():  .top.Test
Initializing actor: .top.Test
Adding a thread: .top.Test
-- Starting thread.
Called initialize()
Called prefire()
Called fire()
-- Starting thread.
Called initialize()
Called prefire()
Called fire()
Called postfire()
Called prefire()
Called fire()
-- Starting thread.
Called initialize()
Called prefire()
Called fire()
Called postfire()
Called prefire()
Called fire()
Called fire().
Checking for deadlock:
There are 3 Blocked actors, 0 Stopped actors, and 4 active threads.
Waiting for actors to stop.
-- Starting thread.
Called initialize()
Called prefire()
Called fire()
Checking for deadlock:
There are 2 Blocked actors, 0 Stopped actors, and 4 active threads.
Waiting for actors to stop.
Called postfire()
Called prefire()
Called fire()
Checking for deadlock:
There are 3 Blocked actors, 0 Stopped actors, and 4 active threads.
Waiting for actors to stop.
Read input token from inputA with value 0.0
Next port to read input from is inputB
Called postfire()
Called prefire()
Called fire()
Checking for deadlock:
There are 2 Blocked actors, 0 Stopped actors, and 4 active threads.
Waiting for actors to stop.
Called postfire()
Called prefire()
Called fire()
Checking for deadlock:
There are 3 Blocked actors, 0 Stopped actors, and 4 active threads.
Waiting for actors to stop.
Read input token from inputB with value 0.0
Checking for deadlock:
There are 2 Blocked actors, 0 Stopped actors, and 4 active threads.
Waiting for actors to stop.
-- Read input: 0.0, which is expected to match: 0.0
Called prefire()
Called fire()
Checking for deadlock:
There are 3 Blocked actors, 0 Stopped actors, and 4 active threads.
Waiting for actors to stop.
Sent output token with value 0.0
Next port to read input from is inputA
Called postfire()
Called prefire()
Called fire()
Called postfire()
Called prefire()
Called fire()
Checking for deadlock:
There are 3 Blocked actors, 0 Stopped actors, and 4 active threads.
Waiting for actors to stop.
Read input token from inputA with value 1.0
-- Read input: 0.0, which is expected to match: 0.0
Called prefire()
Called fire()
Checking for deadlock:
There are 2 Blocked actors, 0 Stopped actors, and 4 active threads.
Waiting for actors to stop.
Checking for deadlock:
There are 3 Blocked actors, 0 Stopped actors, and 4 active threads.
Waiting for actors to stop.
Sent output token with value 0.0
Next port to read input from is inputB
Called postfire()
Called prefire()
Called fire()
Called postfire()
Called prefire()
Called fire()
Checking for deadlock:
There are 3 Blocked actors, 0 Stopped actors, and 4 active threads.
Waiting for actors to stop.
Read input token from inputB with value 1.5
-- Read input: 1.0, which is expected to match: 1.0
Called prefire()
Called fire()
Checking for deadlock:
There are 3 Blocked actors, 0 Stopped actors, and 4 active threads.
Waiting for actors to stop.
Sent output token with value 1.0
Next port to read input from is inputA
Called postfire()
Called prefire()
Called fire()
Checking for deadlock:
There are 2 Blocked actors, 0 Stopped actors, and 4 active threads.
Waiting for actors to stop.
Called postfire()
Called prefire()
Called fire()
Checking for deadlock:
There are 3 Blocked actors, 0 Stopped actors, and 4 active threads.
Waiting for actors to stop.
Read input token from inputA with value 2.0
Checking for deadlock:
There are 2 Blocked actors, 0 Stopped actors, and 4 active threads.
Waiting for actors to stop.
-- Read input: 1.5, which is expected to match: 1.5
Called prefire()
Called fire()
Checking for deadlock:
There are 3 Blocked actors, 0 Stopped actors, and 4 active threads.
Waiting for actors to stop.
Sent output token with value 1.5
Next port to read input from is inputB
Called postfire()
Called prefire()
Called fire()
Called postfire()
Called prefire()
Called fire()
Checking for deadlock:
There are 3 Blocked actors, 0 Stopped actors, and 4 active threads.
Waiting for actors to stop.
Read input token from inputB with value 3.0
-- Read input: 2.0, which is expected to match: 2.0
Called prefire()
Called fire()
Checking for deadlock:
There are 3 Blocked actors, 0 Stopped actors, and 4 active threads.
Waiting for actors to stop.
Sent output token with value 2.0
Next port to read input from is inputA
Called postfire()
Called prefire()
Called fire()
Checking for deadlock:
There are 2 Blocked actors, 0 Stopped actors, and 4 active threads.
Waiting for actors to stop.
Called postfire()
Called prefire()
Called fire()
Checking for deadlock:
There are 3 Blocked actors, 0 Stopped actors, and 4 active threads.
Waiting for actors to stop.
Read input token from inputA with value 3.0
Checking for deadlock:
There are 2 Blocked actors, 0 Stopped actors, and 4 active threads.
Waiting for actors to stop.
-- Read input: 3.0, which is expected to match: 3.0
Called prefire()
Called fire()
Checking for deadlock:
There are 3 Blocked actors, 0 Stopped actors, and 4 active threads.
Waiting for actors to stop.
Sent output token with value 3.0
Next port to read input from is inputB
Called postfire()
Called prefire()
Called fire()
Called postfire()
Called prefire()
Called fire()
Checking for deadlock:
There are 3 Blocked actors, 0 Stopped actors, and 4 active threads.
Waiting for actors to stop.
Read input token from inputB with value 4.5
-- Read input: 3.0, which is expected to match: 3.0
Called prefire()
Called fire()
Checking for deadlock:
There are 3 Blocked actors, 0 Stopped actors, and 4 active threads.
Waiting for actors to stop.
Sent output token with value 3.0
Next port to read input from is inputA
Called postfire()
Called prefire()
Called fire()
Checking for deadlock:
There are 2 Blocked actors, 0 Stopped actors, and 4 active threads.
Waiting for actors to stop.
Called postfire()
Called prefire()
Called fire()
Checking for deadlock:
There are 3 Blocked actors, 0 Stopped actors, and 4 active threads.
Waiting for actors to stop.
Read input token from inputA with value 4.0
Checking for deadlock:
There are 2 Blocked actors, 0 Stopped actors, and 4 active threads.
Waiting for actors to stop.
-- Read input: 4.0, which is expected to match: 4.0
Called prefire()
Called fire()
Past the end of training data. Read and discard all inputs.
Checking for deadlock:
There are 3 Blocked actors, 0 Stopped actors, and 4 active threads.
Waiting for actors to stop.
Sent output token with value 4.0
Next port to read input from is inputA
Called postfire()
Called prefire()
Called fire()
Checking for deadlock:
There are 2 Blocked actors, 0 Stopped actors, and 4 active threads.
Waiting for actors to stop.
Called postfire()
Called prefire()
Called fire()
Checking for deadlock:
There are 3 Blocked actors, 0 Stopped actors, and 4 active threads.
Waiting for actors to stop.
Read input token from inputA with value 5.0
Checking for deadlock:
There are 2 Blocked actors, 0 Stopped actors, and 4 active threads.
Waiting for actors to stop.
Called prefire()
Called fire()
Past the end of training data. Read and discard all inputs.
Checking for deadlock:
There are 3 Blocked actors, 0 Stopped actors, and 4 active threads.
Waiting for actors to stop.
Sent output token with value 4.5
Next port to read input from is inputB
Called postfire()
Called prefire()
Called fire()
Called postfire()
Called prefire()
Called fire()
Checking for deadlock:
There are 3 Blocked actors, 0 Stopped actors, and 4 active threads.
Waiting for actors to stop.
Read input token from inputB with value 6.0
Called prefire()
Called fire()
Past the end of training data. Read and discard all inputs.
Checking for deadlock:
There are 3 Blocked actors, 0 Stopped actors, and 4 active threads.
Waiting for actors to stop.
Sent output token with value 5.0
Next port to read input from is inputA
Called postfire()
Called prefire()
Called fire()
Checking for deadlock:
There are 2 Blocked actors, 0 Stopped actors, and 4 active threads.
Waiting for actors to stop.
Called postfire()
Called prefire()
Called fire()
Checking for deadlock:
There are 3 Blocked actors, 0 Stopped actors, and 4 active threads.
Waiting for actors to stop.
Read input token from inputA with value 6.0
Checking for deadlock:
There are 2 Blocked actors, 0 Stopped actors, and 4 active threads.
Waiting for actors to stop.
Called prefire()
Called fire()
Past the end of training data. Read and discard all inputs.
Checking for deadlock:
There are 3 Blocked actors, 0 Stopped actors, and 4 active threads.
Waiting for actors to stop.
Sent output token with value 6.0
Next port to read input from is inputB
Called postfire()
Called prefire()
Called fire()
Called postfire()
Called prefire()
Called fire()
Checking for deadlock:
There are 3 Blocked actors, 0 Stopped actors, and 4 active threads.
Waiting for actors to stop.
Read input token from inputB with value 7.5
Called prefire()
Called fire()
Past the end of training data. Read and discard all inputs.
Checking for deadlock:
There are 3 Blocked actors, 0 Stopped actors, and 4 active threads.
Waiting for actors to stop.
Sent output token with value 6.0
Next port to read input from is inputA
Called postfire()
Called prefire()
Called fire()
Checking for deadlock:
There are 2 Blocked actors, 0 Stopped actors, and 4 active threads.
Waiting for actors to stop.
Called postfire()
Called prefire()
Called fire()
Checking for deadlock:
There are 3 Blocked actors, 0 Stopped actors, and 4 active threads.
Waiting for actors to stop.
Read input token from inputA with value 7.0
Checking for deadlock:
There are 2 Blocked actors, 0 Stopped actors, and 4 active threads.
Waiting for actors to stop.
Called prefire()
Called fire()
Past the end of training data. Read and discard all inputs.
Checking for deadlock:
There are 3 Blocked actors, 0 Stopped actors, and 4 active threads.
Waiting for actors to stop.
Sent output token with value 7.0
Next port to read input from is inputA
Called postfire()
Called prefire()
Called fire()
Checking for deadlock:
There are 2 Blocked actors, 0 Stopped actors, and 4 active threads.
Waiting for actors to stop.
-- Thread wrapup() called.
Called wrapup()
Thread .top.Ramp is exiting.
-- Thread stopped.
Checking for deadlock:
There are 2 Blocked actors, 0 Stopped actors, and 3 active threads.
Waiting for actors to stop.
Read input token from inputA with value 8.0
Checking for deadlock:
There are 1 Blocked actors, 0 Stopped actors, and 3 active threads.
Waiting for actors to stop.
Called prefire()
Called fire()
Past the end of training data. Read and discard all inputs.
Checking for deadlock:
There are 2 Blocked actors, 0 Stopped actors, and 3 active threads.
Waiting for actors to stop.
Sent output token with value 7.5
Next port to read input from is inputB
Called postfire()
Called prefire()
Called fire()
Called postfire()
Called prefire()
Called fire()
Checking for deadlock:
There are 2 Blocked actors, 0 Stopped actors, and 3 active threads.
Waiting for actors to stop.
Read input token from inputB with value 9.0
Called prefire()
Called fire()
Past the end of training data. Read and discard all inputs.
Checking for deadlock:
There are 2 Blocked actors, 0 Stopped actors, and 3 active threads.
Waiting for actors to stop.
Sent output token with value 8.0
Next port to read input from is inputA
Called postfire()
Called prefire()
Called fire()
Read input token from inputA with value 9.0
Checking for deadlock:
There are 1 Blocked actors, 0 Stopped actors, and 3 active threads.
Waiting for actors to stop.
Called prefire()
Called fire()
Past the end of training data. Read and discard all inputs.
Checking for deadlock:
There are 2 Blocked actors, 0 Stopped actors, and 3 active threads.
Waiting for actors to stop.
Sent output token with value 9.0
Next port to read input from is inputB
Called postfire()
Called prefire()
Called fire()
Called postfire()
Called prefire()
Called fire()
Checking for deadlock:
There are 2 Blocked actors, 0 Stopped actors, and 3 active threads.
Waiting for actors to stop.
Read input token from inputB with value 10.5
Called prefire()
Called fire()
Past the end of training data. Read and discard all inputs.
Checking for deadlock:
There are 2 Blocked actors, 0 Stopped actors, and 3 active threads.
Waiting for actors to stop.
Sent output token with value 9.0
Next port to read input from is inputA
Called postfire()
Called prefire()
Called fire()
Checking for deadlock:
There are 3 Blocked actors, 0 Stopped actors, and 3 active threads.
Actors have stopped.
Checking for deadlock:
There are 3 Blocked actors, 0 Stopped actors, and 3 active threads.
Deadlock detected.
Resolving Deadlock
Checking for deadlock:
There are 3 Blocked actors, 0 Stopped actors, and 3 active threads.
Artificial Deadlock - increasing queue capacity.
increasing the capacity of receiver ptolemy.actor.TypedIOPort {.top.OrderedMerge.inputB} to 2
Director: Called postfire().
Called postfire().
_stopRequested = false
_stopFireRequested = false
Returning from postfire(): true
Called fire().
Checking for deadlock:
There are 2 Blocked actors, 0 Stopped actors, and 3 active threads.
Waiting for actors to stop.
-- Thread wrapup() called.
Called wrapup()
Thread .top.Ramp2 is exiting.
-- Thread stopped.
Checking for deadlock:
There are 2 Blocked actors, 0 Stopped actors, and 2 active threads.
Actors have stopped.
Checking for deadlock:
There are 2 Blocked actors, 0 Stopped actors, and 2 active threads.
Deadlock detected.
Resolving Deadlock
Checking for deadlock:
There are 2 Blocked actors, 0 Stopped actors, and 2 active threads.
Deadlock detected: no processes blocked on write, but some are blocked on read.
Called postfire().
_stopRequested = false
_stopFireRequested = false
Returning from postfire(): false
Finished deactivating branches.
Called wrapup().
-- Thread wrapup() called.
Called wrapup()
Thread .top.OrderedMerge is exiting.
-- Thread wrapup() called.
Called wrapup()
Thread .top.Test is exiting.
-- Thread stopped.
-- Blocked Receiver call threw TerminateProcessException.
25 ms. Memory: 146944K Free: 124449K (85%)
.top. Preinitializing ...
Invoking preinitialize():  .top.OrderedMerge
Called preinitialize()
Invoking preinitialize():  .top.Ramp
Called preinitialize()
Invoking preinitialize():  .top.Ramp2
Called preinitialize()
Invoking preinitialize():  .top.Test
Called preinitialize()
.top. Finished preinitialize().
Called initialize().
Invoking initialize():  .top.OrderedMerge
Initializing actor: .top.OrderedMerge
Adding a thread: .top.OrderedMerge
Invoking initialize():  .top.Ramp
Initializing actor: .top.Ramp
Adding a thread: .top.Ramp
Invoking initialize():  .top.Ramp2
Initializing actor: .top.Ramp2
Adding a thread: .top.Ramp2
Invoking initialize():  .top.Test
Initializing actor: .top.Test
Adding a thread: .top.Test
-- Thread stopped.
-- Blocked Receiver call threw TerminateProcessException.
-- Starting thread.
Called initialize()
Called prefire()
Called fire()
-- Starting thread.
Called initialize()
Called prefire()
Called fire()
Called postfire()
Called prefire()
Called fire()
-- Starting thread.
Called initialize()
Called prefire()
Called fire()
Called postfire()
Called prefire()
Called fire()
Called fire().
Checking for deadlock:
There are 3 Blocked actors, 0 Stopped actors, and 4 active threads.
Waiting for actors to stop.
-- Starting thread.
Called initialize()
Called prefire()
Called fire()
Checking for deadlock:
There are 2 Blocked actors, 0 Stopped actors, and 4 active threads.
Waiting for actors to stop.
Called postfire()
Called prefire()
Called fire()
Checking for deadlock:
There are 3 Blocked actors, 0 Stopped actors, and 4 active threads.
Waiting for actors to stop.
Read input token from inputA with value 0.0
Next port to read input from is inputB
Called postfire()
Called prefire()
Called fire()
Checking for deadlock:
There are 2 Blocked actors, 0 Stopped actors, and 4 active threads.
Waiting for actors to stop.
Called postfire()
Called prefire()
Called fire()
Checking for deadlock:
There are 3 Blocked actors, 0 Stopped actors, and 4 active threads.
Waiting for actors to stop.
Read input token from inputB with value 0.0
Checking for deadlock:
There are 2 Blocked actors, 0 Stopped actors, and 4 active threads.
Waiting for actors to stop.
-- Read input: 0.0, which is expected to match: 0.0
Called prefire()
Called fire()
Checking for deadlock:
There are 3 Blocked actors, 0 Stopped actors, and 4 active threads.
Waiting for actors to stop.
Sent output token with value 0.0
Next port to read input from is inputA
Called postfire()
Called prefire()
Called fire()
Checking for deadlock:
There are 2 Blocked actors, 0 Stopped actors, and 4 active threads.
Waiting for actors to stop.
Called postfire()
Called prefire()
Called fire()
Checking for deadlock:
There are 3 Blocked actors, 0 Stopped actors, and 4 active threads.
Waiting for actors to stop.
Read input token from inputA with value 1.0
Checking for deadlock:
There are 2 Blocked actors, 0 Stopped actors, and 4 active threads.
Waiting for actors to stop.
-- Read input: 0.0, which is expected to match: 0.0
Called prefire()
Called fire()
Checking for deadlock:
There are 3 Blocked actors, 0 Stopped actors, and 4 active threads.
Waiting for actors to stop.
Sent output token with value 0.0
Next port to read input from is inputB
Called postfire()
Called prefire()
Called fire()
Checking for deadlock:
There are 2 Blocked actors, 0 Stopped actors, and 4 active threads.
Waiting for actors to stop.
Called postfire()
Called prefire()
Called fire()
Checking for deadlock:
There are 3 Blocked actors, 0 Stopped actors, and 4 active threads.
Waiting for actors to stop.
Read input token from inputB with value 1.5
Checking for deadlock:
There are 2 Blocked actors, 0 Stopped actors, and 4 active threads.
Waiting for actors to stop.
-- Read input: 1.0, which is expected to match: 1.0
Called prefire()
Called fire()
Checking for deadlock:
There are 3 Blocked actors, 0 Stopped actors, and 4 active threads.
Waiting for actors to stop.
Sent output token with value 1.0
Next port to read input from is inputA
Called postfire()
Called prefire()
Called fire()
Checking for deadlock:
There are 2 Blocked actors, 0 Stopped actors, and 4 active threads.
Waiting for actors to stop.
Called postfire()
Called prefire()
Called fire()
Checking for deadlock:
There are 3 Blocked actors, 0 Stopped actors, and 4 active threads.
Waiting for actors to stop.
Read input token from inputA with value 2.0
Checking for deadlock:
There are 2 Blocked actors, 0 Stopped actors, and 4 active threads.
Waiting for actors to stop.
-- Read input: 1.5, which is expected to match: 1.5
Called prefire()
Called fire()
Checking for deadlock:
There are 3 Blocked actors, 0 Stopped actors, and 4 active threads.
Waiting for actors to stop.
Sent output token with value 1.5
Next port to read input from is inputB
Called postfire()
Called prefire()
Called fire()
Checking for deadlock:
There are 2 Blocked actors, 0 Stopped actors, and 4 active threads.
Waiting for actors to stop.
Called postfire()
Called prefire()
Called fire()
Checking for deadlock:
There are 3 Blocked actors, 0 Stopped actors, and 4 active threads.
Waiting for actors to stop.
Read input token from inputB with value 3.0
Checking for deadlock:
There are 2 Blocked actors, 0 Stopped actors, and 4 active threads.
Waiting for actors to stop.
-- Read input: 2.0, which is expected to match: 2.0
Called prefire()
Called fire()
Checking for deadlock:
There are 3 Blocked actors, 0 Stopped actors, and 4 active threads.
Waiting for actors to stop.
Sent output token with value 2.0
Next port to read input from is inputA
Called postfire()
Called prefire()
Called fire()
Checking for deadlock:
There are 2 Blocked actors, 0 Stopped actors, and 4 active threads.
Waiting for actors to stop.
Called postfire()
Called prefire()
Called fire()
Checking for deadlock:
There are 3 Blocked actors, 0 Stopped actors, and 4 active threads.
Waiting for actors to stop.
Read input token from inputA with value 3.0
Checking for deadlock:
There are 2 Blocked actors, 0 Stopped actors, and 4 active threads.
Waiting for actors to stop.
-- Read input: 3.0, which is expected to match: 3.0
Called prefire()
Called fire()
Checking for deadlock:
There are 3 Blocked actors, 0 Stopped actors, and 4 active threads.
Waiting for actors to stop.
Sent output token with value 3.0
Next port to read input from is inputB
Called postfire()
Called prefire()
Called fire()
Checking for deadlock:
There are 2 Blocked actors, 0 Stopped actors, and 4 active threads.
Waiting for actors to stop.
Called postfire()
Called prefire()
Called fire()
Checking for deadlock:
There are 3 Blocked actors, 0 Stopped actors, and 4 active threads.
Waiting for actors to stop.
Read input token from inputB with value 4.5
Checking for deadlock:
There are 2 Blocked actors, 0 Stopped actors, and 4 active threads.
Waiting for actors to stop.
-- Read input: 3.0, which is expected to match: 3.0
Called prefire()
Called fire()
Checking for deadlock:
There are 3 Blocked actors, 0 Stopped actors, and 4 active threads.
Waiting for actors to stop.
Sent output token with value 3.0
Next port to read input from is inputA
Called postfire()
Called prefire()
Called fire()
Checking for deadlock:
There are 2 Blocked actors, 0 Stopped actors, and 4 active threads.
Waiting for actors to stop.
Called postfire()
Called prefire()
Called fire()
Checking for deadlock:
There are 3 Blocked actors, 0 Stopped actors, and 4 active threads.
Waiting for actors to stop.
Read input token from inputA with value 4.0
Checking for deadlock:
There are 2 Blocked actors, 0 Stopped actors, and 4 active threads.
Waiting for actors to stop.
-- Read input: 4.0, which is expected to match: 4.0
Called prefire()
Called fire()
Past the end of training data. Read and discard all inputs.
Checking for deadlock:
There are 3 Blocked actors, 0 Stopped actors, and 4 active threads.
Waiting for actors to stop.
Sent output token with value 4.0
Next port to read input from is inputA
Called postfire()
Called prefire()
Called fire()
Checking for deadlock:
There are 2 Blocked actors, 0 Stopped actors, and 4 active threads.
Waiting for actors to stop.
Called postfire()
Called prefire()
Called fire()
Checking for deadlock:
There are 3 Blocked actors, 0 Stopped actors, and 4 active threads.
Waiting for actors to stop.
Read input token from inputA with value 5.0
Checking for deadlock:
There are 2 Blocked actors, 0 Stopped actors, and 4 active threads.
Waiting for actors to stop.
Called prefire()
Called fire()
Past the end of training data. Read and discard all inputs.
Checking for deadlock:
There are 3 Blocked actors, 0 Stopped actors, and 4 active threads.
Waiting for actors to stop.
Sent output token with value 4.5
Next port to read input from is inputB
Called postfire()
Called prefire()
Called fire()
Checking for deadlock:
There are 2 Blocked actors, 0 Stopped actors, and 4 active threads.
Waiting for actors to stop.
Called postfire()
Called prefire()
Called fire()
Checking for deadlock:
There are 3 Blocked actors, 0 Stopped actors, and 4 active threads.
Waiting for actors to stop.
Read input token from inputB with value 6.0
Checking for deadlock:
There are 2 Blocked actors, 0 Stopped actors, and 4 active threads.
Waiting for actors to stop.
Called prefire()
Called fire()
Past the end of training data. Read and discard all inputs.
Checking for deadlock:
There are 3 Blocked actors, 0 Stopped actors, and 4 active threads.
Waiting for actors to stop.
Sent output token with value 5.0
Next port to read input from is inputA
Called postfire()
Called prefire()
Called fire()
Checking for deadlock:
There are 2 Blocked actors, 0 Stopped actors, and 4 active threads.
Waiting for actors to stop.
Called postfire()
Called prefire()
Called fire()
Checking for deadlock:
There are 3 Blocked actors, 0 Stopped actors, and 4 active threads.
Waiting for actors to stop.
Read input token from inputA with value 6.0
Checking for deadlock:
There are 2 Blocked actors, 0 Stopped actors, and 4 active threads.
Waiting for actors to stop.
Called prefire()
Called fire()
Past the end of training data. Read and discard all inputs.
Checking for deadlock:
There are 3 Blocked actors, 0 Stopped actors, and 4 active threads.
Waiting for actors to stop.
Sent output token with value 6.0
Next port to read input from is inputB
Called postfire()
Called prefire()
Called fire()
Checking for deadlock:
There are 2 Blocked actors, 0 Stopped actors, and 4 active threads.
Waiting for actors to stop.
Called postfire()
Called prefire()
Called fire()
Checking for deadlock:
There are 3 Blocked actors, 0 Stopped actors, and 4 active threads.
Waiting for actors to stop.
Read input token from inputB with value 7.5
Checking for deadlock:
There are 2 Blocked actors, 0 Stopped actors, and 4 active threads.
Waiting for actors to stop.
Called prefire()
Called fire()
Past the end of training data. Read and discard all inputs.
Checking for deadlock:
There are 3 Blocked actors, 0 Stopped actors, and 4 active threads.
Waiting for actors to stop.
Sent output token with value 6.0
Next port to read input from is inputA
Called postfire()
Called prefire()
Called fire()
Checking for deadlock:
There are 2 Blocked actors, 0 Stopped actors, and 4 active threads.
Waiting for actors to stop.
Called postfire()
Called prefire()
Called fire()
Checking for deadlock:
There are 3 Blocked actors, 0 Stopped actors, and 4 active threads.
Waiting for actors to stop.
Read input token from inputA with value 7.0
Checking for deadlock:
There are 2 Blocked actors, 0 Stopped actors, and 4 active threads.
Waiting for actors to stop.
Called prefire()
Called fire()
Past the end of training data. Read and discard all inputs.
Checking for deadlock:
There are 3 Blocked actors, 0 Stopped actors, and 4 active threads.
Waiting for actors to stop.
Sent output token with value 7.0
Next port to read input from is inputA
Called postfire()
Called prefire()
Called fire()
Checking for deadlock:
There are 2 Blocked actors, 0 Stopped actors, and 4 active threads.
Waiting for actors to stop.
-- Thread wrapup() called.
Called wrapup()
Thread .top.Ramp is exiting.
-- Thread stopped.
Checking for deadlock:
There are 2 Blocked actors, 0 Stopped actors, and 3 active threads.
Waiting for actors to stop.
Read input token from inputA with value 8.0
Checking for deadlock:
There are 1 Blocked actors, 0 Stopped actors, and 3 active threads.
Waiting for actors to stop.
Called prefire()
Called fire()
Past the end of training data. Read and discard all inputs.
Checking for deadlock:
There are 2 Blocked actors, 0 Stopped actors, and 3 active threads.
Waiting for actors to stop.
Sent output token with value 7.5
Next port to read input from is inputB
Called postfire()
Called prefire()
Called fire()
Checking for deadlock:
There are 1 Blocked actors, 0 Stopped actors, and 3 active threads.
Waiting for actors to stop.
Called postfire()
Called prefire()
Called fire()
Checking for deadlock:
There are 2 Blocked actors, 0 Stopped actors, and 3 active threads.
Waiting for actors to stop.
Read input token from inputB with value 9.0
Checking for deadlock:
There are 1 Blocked actors, 0 Stopped actors, and 3 active threads.
Waiting for actors to stop.
Called prefire()
Called fire()
Past the end of training data. Read and discard all inputs.
Checking for deadlock:
There are 2 Blocked actors, 0 Stopped actors, and 3 active threads.
Waiting for actors to stop.
Sent output token with value 8.0
Next port to read input from is inputA
Called postfire()
Called prefire()
Called fire()
Read input token from inputA with value 9.0
Checking for deadlock:
There are 1 Blocked actors, 0 Stopped actors, and 3 active threads.
Waiting for actors to stop.
Called prefire()
Called fire()
Past the end of training data. Read and discard all inputs.
Checking for deadlock:
There are 2 Blocked actors, 0 Stopped actors, and 3 active threads.
Waiting for actors to stop.
Sent output token with value 9.0
Next port to read input from is inputB
Called postfire()
Called prefire()
Called fire()
Checking for deadlock:
There are 1 Blocked actors, 0 Stopped actors, and 3 active threads.
Waiting for actors to stop.
Called postfire()
Called prefire()
Called fire()
Checking for deadlock:
There are 2 Blocked actors, 0 Stopped actors, and 3 active threads.
Waiting for actors to stop.
Read input token from inputB with value 10.5
Checking for deadlock:
There are 1 Blocked actors, 0 Stopped actors, and 3 active threads.
Waiting for actors to stop.
Called prefire()
Called fire()
Past the end of training data. Read and discard all inputs.
Checking for deadlock:
There are 2 Blocked actors, 0 Stopped actors, and 3 active threads.
Waiting for actors to stop.
Sent output token with value 9.0
Next port to read input from is inputA
Called postfire()
Called prefire()
Called fire()
Checking for deadlock:
There are 3 Blocked actors, 0 Stopped actors, and 3 active threads.
Actors have stopped.
Checking for deadlock:
There are 3 Blocked actors, 0 Stopped actors, and 3 active threads.
Deadlock detected.
Resolving Deadlock
Checking for deadlock:
There are 3 Blocked actors, 0 Stopped actors, and 3 active threads.
Artificial Deadlock - increasing queue capacity.
increasing the capacity of receiver ptolemy.actor.TypedIOPort {.top.OrderedMerge.inputB} to 2
Director: Called postfire().
Called postfire().
_stopRequested = false
_stopFireRequested = false
Returning from postfire(): true
Called fire().
Checking for deadlock:
There are 2 Blocked actors, 0 Stopped actors, and 3 active threads.
Waiting for actors to stop.
-- Thread wrapup() called.
Called wrapup()
Thread .top.Ramp2 is exiting.
-- Thread stopped.
Checking for deadlock:
There are 2 Blocked actors, 0 Stopped actors, and 2 active threads.
Actors have stopped.
Checking for deadlock:
There are 2 Blocked actors, 0 Stopped actors, and 2 active threads.
Deadlock detected.
Resolving Deadlock
Checking for deadlock:
There are 2 Blocked actors, 0 Stopped actors, and 2 active threads.
Deadlock detected: no processes blocked on write, but some are blocked on read.
Called postfire().
_stopRequested = false
_stopFireRequested = false
Returning from postfire(): false
Finished deactivating branches.
Called wrapup().
-- Thread wrapup() called.
Called wrapup()
Thread .top.Test is exiting.
-- Thread stopped.
-- Blocked Receiver call threw TerminateProcessException.
-- Thread wrapup() called.
Called wrapup()
Thread .top.OrderedMerge is exiting.
20 ms. Memory: 146944K Free: 121991K (83%)
/home/travis/build/icyphy/ptII/ptolemy/actor/lib/test/Publisher.tcl
-- Thread stopped.
-- Blocked Receiver call threw TerminateProcessException.
6 ms. Memory: 146944K Free: 114824K (78%)
5 ms. Memory: 146944K Free: 108851K (74%)
3 ms. Memory: 146944K Free: 105267K (72%)
4 ms. Memory: 146944K Free: 104072K (71%)
11 ms. Memory: 146944K Free: 104072K (71%)
11 ms. Memory: 146944K Free: 102862K (70%)
3 ms. Memory: 146944K Free: 101667K (69%)
11 ms. Memory: 146944K Free: 101667K (69%)
1 ms. Memory: 146944K Free: 92107K (63%)
8 ms. Memory: 146944K Free: 87328K (59%)
4 ms. Memory: 146944K Free: 87328K (59%)
2 ms. Memory: 146944K Free: 84939K (58%)
7 ms. Memory: 146944K Free: 136611K (93%)
6 ms. Memory: 146944K Free: 127179K (87%)
7 ms. Memory: 146944K Free: 115387K (79%)
/home/travis/build/icyphy/ptII/ptolemy/actor/lib/test/Pulse.tcl
5 ms. Memory: 209408K Free: 194359K (93%)
8 ms. Memory: 209408K Free: 194359K (93%)
2 ms. Memory: 209408K Free: 194359K (93%)
1 ms. Memory: 209408K Free: 191976K (92%)
12 ms. Memory: 209408K Free: 191976K (92%)
1 ms. Memory: 209408K Free: 191976K (92%)
3 ms. Memory: 209408K Free: 189593K (91%)
2 ms. Memory: 209408K Free: 189593K (91%)
6 ms. Memory: 209408K Free: 189593K (91%)
/home/travis/build/icyphy/ptII/ptolemy/actor/lib/test/Ramp.tcl
6 ms. Memory: 209408K Free: 187210K (89%)
2 ms. Memory: 209408K Free: 187210K (89%)
2 ms. Memory: 209408K Free: 184827K (88%)
7 ms. Memory: 209408K Free: 184827K (88%)
5 ms. Memory: 209408K Free: 184827K (88%)
7 ms. Memory: 209408K Free: 182444K (87%)
5 ms. Memory: 209408K Free: 182444K (87%)
5 actors
11000 microseconds per iteration to create
5 ms. Memory: 209408K Free: 180061K (86%)
2 ms. Memory: 209408K Free: 177678K (85%)
2 ms. Memory: 209408K Free: 177678K (85%)
2 ms. Memory: 209408K Free: 177678K (85%)
50 actors
34000 microseconds per iteration to create
31 ms. Memory: 209408K Free: 160997K (77%)
5 ms. Memory: 209408K Free: 160997K (77%)
6 ms. Memory: 209408K Free: 160997K (77%)
5 ms. Memory: 209408K Free: 158614K (76%)
500 actors
1577000 microseconds per iteration to create
294 ms. Memory: 209920K Free: 111665K (53%)
39 ms. Memory: 209920K Free: 104441K (50%)
45 ms. Memory: 209920K Free: 99630K (47%)
34 ms. Memory: 209920K Free: 94819K (45%)
/home/travis/build/icyphy/ptII/ptolemy/actor/lib/test/RampContinuous.tcl
8 ms. Memory: 209920K Free: 92397K (44%)
/home/travis/build/icyphy/ptII/ptolemy/actor/lib/test/RecordAssembler.tcl
5 ms. Memory: 209920K Free: 92397K (44%)
3 ms. Memory: 209920K Free: 89976K (43%)
/home/travis/build/icyphy/ptII/ptolemy/actor/lib/test/RecordDisassembler.tcl
4 ms. Memory: 209920K Free: 87554K (42%)
2 ms. Memory: 209920K Free: 87554K (42%)
3 ms. Memory: 209920K Free: 87554K (42%)
/home/travis/build/icyphy/ptII/ptolemy/actor/lib/test/Scale.tcl
3 ms. Memory: 209920K Free: 85149K (41%)
1 ms. Memory: 209920K Free: 85149K (41%)
2 ms. Memory: 209920K Free: 82743K (39%)
2 ms. Memory: 209920K Free: 82743K (39%)
2 ms. Memory: 209920K Free: 80337K (38%)
/home/travis/build/icyphy/ptII/ptolemy/actor/lib/test/SequentialClock.tcl
preinitializing
resolving types
initializing
executing number 1
wrapping up
idle
2 ms. Memory: 209920K Free: 80337K (38%)
Completed execution with 5 iterations
preinitializing
resolving types
initializing
executing number 1
wrapping up
idle
1 ms. Memory: 209920K Free: 80337K (38%)
Completed execution with 5 iterations
preinitializing
resolving types
initializing
executing number 1
wrapping up
idle
1 ms. Memory: 209920K Free: 77932K (37%)
Completed execution with 5 iterations
/home/travis/build/icyphy/ptII/ptolemy/actor/lib/test/SetVariable.tcl
4 ms. Memory: 209920K Free: 77932K (37%)
/home/travis/build/icyphy/ptII/ptolemy/actor/lib/test/Sinewave.tcl
/home/travis/build/icyphy/ptII/ptolemy/actor/lib/test/SubscriptionAggregator.tcl
4 ms. Memory: 333312K Free: 305696K (92%)
2 ms. Memory: 333312K Free: 305696K (92%)
0 ms. Memory: 333312K Free: 305696K (92%)
1 ms. Memory: 333312K Free: 305696K (92%)
1 ms. Memory: 333312K Free: 300871K (90%)
4 ms. Memory: 333312K Free: 300871K (90%)
...............................................................922 ms. Memory: 480768K Free: 319293K (66%)
/home/travis/build/icyphy/ptII/ptolemy/actor/lib/test/Test.tcl
 The next command will produce a warning about training mode,
   which may be ignored.
4 ms. Memory: 480768K Free: 319293K (66%)
2 ms. Memory: 480768K Free: 319293K (66%)
1 ms. Memory: 480768K Free: 319293K (66%)
1 ms. Memory: 480768K Free: 319293K (66%)
2 ms. Memory: 480768K Free: 319293K (66%)
3 ms. Memory: 480768K Free: 319293K (66%)
4 ms. Memory: 480768K Free: 311575K (65%)
 The next command will produce a warning about training mode,
   which may be ignored.
8 ms. Memory: 480768K Free: 311575K (65%)
 The next command will produce a warning about training mode,
   which may be ignored.
2 ms. Memory: 480768K Free: 311575K (65%)
1 ms. Memory: 480768K Free: 311575K (65%)
5 ms. Memory: 480768K Free: 311575K (65%)
5 ms. Memory: 480768K Free: 311575K (65%)
4 ms. Memory: 480768K Free: 311575K (65%)
8 ms. Memory: 480768K Free: 303858K (63%)
/home/travis/build/icyphy/ptII/ptolemy/actor/lib/test/TestExceptionHandler.tcl
 The next command will produce a warning about training mode,
   which may be ignored.
2 ms. Memory: 480768K Free: 303858K (63%)
1 ms. Memory: 480768K Free: 303858K (63%)
1 ms. Memory: 480768K Free: 303858K (63%)
/home/travis/build/icyphy/ptII/ptolemy/actor/lib/test/UnionDisassembler.tcl
24 ms. Memory: 480768K Free: 296132K (62%)
/home/travis/build/icyphy/ptII/ptolemy/actor/lib/test/VariableClock.tcl
preinitializing
resolving types
initializing
executing number 1
wrapping up
idle
10 ms. Memory: 480768K Free: 296132K (62%)
Completed execution with 11 iterations
preinitializing
resolving types
initializing
executing number 1
wrapping up
idle
11 ms. Memory: 480768K Free: 288415K (60%)
Completed execution with 10 iterations
11/24/18 02:48:30
Failed: 0  Total Tests: 234  ((Passed: 234, Newly Passed: 0)  Known Failed: 0) /home/travis/build/icyphy/ptII/ptolemy/actor/lib/test
----------------- testing (KnownFailure) /home/travis/build/icyphy/ptII/ptolemy/actor/lib/test/auto/knownFailedTests/PublisherPortToplevelSubscriber.xml
0 ms. Memory: 480768K Free: 280663K (58%)
Known Failure: java.lang.reflect.InvocationTargetException
----------------- testing (KnownFailure) /home/travis/build/icyphy/ptII/ptolemy/actor/lib/test/auto/knownFailedTests/PublisherSubscriberPortToplevel.xml
0 ms. Memory: 480768K Free: 265159K (55%)
Known Failure: java.lang.reflect.InvocationTargetException
----------------- testing (KnownFailure) /home/travis/build/icyphy/ptII/ptolemy/actor/lib/test/auto/knownFailedTests/PublisherSubscriptionAggregatorPort.xml
3 ms. Memory: 480768K Free: 249656K (52%)
Known Failure: java.lang.reflect.InvocationTargetException
----------------- testing (KnownFailure) /home/travis/build/icyphy/ptII/ptolemy/actor/lib/test/auto/knownFailedTests/sizedarray3.xml
4 ms. Memory: 480768K Free: 234152K (49%)
Known Failure: java.lang.reflect.InvocationTargetException
No auto/linux-amd64/*.xml tests in /home/travis/build/icyphy/ptII/ptolemy/actor/lib/test
AutoTests.java: About to close Vertx.
AutoTests.java: Vertx closed.

===========================================================================================
----------------- testing Sat Nov 24 02:48:31 UTC 2018 /home/travis/build/icyphy/ptII/ptolemy/actor/lib/test/auto/AbsoluteValue.xml
----------------- Instantiating /home/travis/build/icyphy/ptII/ptolemy/actor/lib/test/auto/AbsoluteValue.xml
20 ms. Memory: 480768K Free: 164512K (34%)
----------------- Invoking toplevel() on ptolemy.moml.MoMLSimpleApplication@33799eaa
----------------- Done invoking toplevel() on ptolemy.moml.MoMLSimpleApplication@33799eaa
reloadAllAccessors: .AbsoluteValue

===========================================================================================
----------------- testing Sat Nov 24 02:48:31 UTC 2018 /home/travis/build/icyphy/ptII/ptolemy/actor/lib/test/auto/AbsoluteValue2.xml
----------------- Instantiating /home/travis/build/icyphy/ptII/ptolemy/actor/lib/test/auto/AbsoluteValue2.xml
5 ms. Memory: 480768K Free: 152869K (32%)
----------------- Invoking toplevel() on ptolemy.moml.MoMLSimpleApplication@65a2b364
----------------- Done invoking toplevel() on ptolemy.moml.MoMLSimpleApplication@65a2b364
reloadAllAccessors: .AbsoluteValue2

===========================================================================================
----------------- testing Sat Nov 24 02:48:31 UTC 2018 /home/travis/build/icyphy/ptII/ptolemy/actor/lib/test/auto/Accumulator.xml
----------------- Instantiating /home/travis/build/icyphy/ptII/ptolemy/actor/lib/test/auto/Accumulator.xml
15 ms. Memory: 480768K Free: 133515K (28%)
----------------- Invoking toplevel() on ptolemy.moml.MoMLSimpleApplication@477e430d
----------------- Done invoking toplevel() on ptolemy.moml.MoMLSimpleApplication@477e430d
reloadAllAccessors: .Accumulator

===========================================================================================
----------------- testing Sat Nov 24 02:48:31 UTC 2018 /home/travis/build/icyphy/ptII/ptolemy/actor/lib/test/auto/Accumulator2.xml
----------------- Instantiating /home/travis/build/icyphy/ptII/ptolemy/actor/lib/test/auto/Accumulator2.xml
11 ms. Memory: 480768K Free: 125764K (26%)
----------------- Invoking toplevel() on ptolemy.moml.MoMLSimpleApplication@13a62ca1
----------------- Done invoking toplevel() on ptolemy.moml.MoMLSimpleApplication@13a62ca1
reloadAllAccessors: .Accumulator2

===========================================================================================
----------------- testing Sat Nov 24 02:48:31 UTC 2018 /home/travis/build/icyphy/ptII/ptolemy/actor/lib/test/auto/Accumulator3.xml
----------------- Instantiating /home/travis/build/icyphy/ptII/ptolemy/actor/lib/test/auto/Accumulator3.xml
3 ms. Memory: 480768K Free: 118012K (25%)
----------------- Invoking toplevel() on ptolemy.moml.MoMLSimpleApplication@6ab1e452
----------------- Done invoking toplevel() on ptolemy.moml.MoMLSimpleApplication@6ab1e452
reloadAllAccessors: .Accumulator3

===========================================================================================
----------------- testing Sat Nov 24 02:48:31 UTC 2018 /home/travis/build/icyphy/ptII/ptolemy/actor/lib/test/auto/ArrayAppend.xml
----------------- Instantiating /home/travis/build/icyphy/ptII/ptolemy/actor/lib/test/auto/ArrayAppend.xml
5 ms. Memory: 480768K Free: 98674K (21%)
----------------- Invoking toplevel() on ptolemy.moml.MoMLSimpleApplication@25332c95
----------------- Done invoking toplevel() on ptolemy.moml.MoMLSimpleApplication@25332c95
reloadAllAccessors: .ArrayAppend

===========================================================================================
----------------- testing Sat Nov 24 02:48:31 UTC 2018 /home/travis/build/icyphy/ptII/ptolemy/actor/lib/test/auto/ArrayAppend2.xml
----------------- Instantiating /home/travis/build/icyphy/ptII/ptolemy/actor/lib/test/auto/ArrayAppend2.xml
670 ms. Memory: 484352K Free: 400404K (83%)
----------------- Invoking toplevel() on ptolemy.moml.MoMLSimpleApplication@32751f94
----------------- Done invoking toplevel() on ptolemy.moml.MoMLSimpleApplication@32751f94
reloadAllAccessors: .ArrayAppend2

===========================================================================================
----------------- testing Sat Nov 24 02:48:32 UTC 2018 /home/travis/build/icyphy/ptII/ptolemy/actor/lib/test/auto/ArrayAppend3.xml
----------------- Instantiating /home/travis/build/icyphy/ptII/ptolemy/actor/lib/test/auto/ArrayAppend3.xml
5 ms. Memory: 484352K Free: 384285K (79%)
----------------- Invoking toplevel() on ptolemy.moml.MoMLSimpleApplication@359e773f
----------------- Done invoking toplevel() on ptolemy.moml.MoMLSimpleApplication@359e773f
reloadAllAccessors: .ArrayAppend3

===========================================================================================
----------------- testing Sat Nov 24 02:48:32 UTC 2018 /home/travis/build/icyphy/ptII/ptolemy/actor/lib/test/auto/ArrayAppend4.xml
----------------- Instantiating /home/travis/build/icyphy/ptII/ptolemy/actor/lib/test/auto/ArrayAppend4.xml
7 ms. Memory: 484352K Free: 376517K (78%)
----------------- Invoking toplevel() on ptolemy.moml.MoMLSimpleApplication@5576a211
----------------- Done invoking toplevel() on ptolemy.moml.MoMLSimpleApplication@5576a211
reloadAllAccessors: .ArrayAppend4

===========================================================================================
----------------- testing Sat Nov 24 02:48:32 UTC 2018 /home/travis/build/icyphy/ptII/ptolemy/actor/lib/test/auto/ArrayAppend5.xml
----------------- Instantiating /home/travis/build/icyphy/ptII/ptolemy/actor/lib/test/auto/ArrayAppend5.xml
3 ms. Memory: 484352K Free: 362389K (75%)
----------------- Invoking toplevel() on ptolemy.moml.MoMLSimpleApplication@4ca8086b
----------------- Done invoking toplevel() on ptolemy.moml.MoMLSimpleApplication@4ca8086b
reloadAllAccessors: .ArrayAppend5

===========================================================================================
----------------- testing Sat Nov 24 02:48:32 UTC 2018 /home/travis/build/icyphy/ptII/ptolemy/actor/lib/test/auto/ArrayAppend6.xml
----------------- Instantiating /home/travis/build/icyphy/ptII/ptolemy/actor/lib/test/auto/ArrayAppend6.xml
4 ms. Memory: 484352K Free: 354621K (73%)
----------------- Invoking toplevel() on ptolemy.moml.MoMLSimpleApplication@7d4cf168
----------------- Done invoking toplevel() on ptolemy.moml.MoMLSimpleApplication@7d4cf168
reloadAllAccessors: .ArrayAppend6

===========================================================================================
----------------- testing Sat Nov 24 02:48:32 UTC 2018 /home/travis/build/icyphy/ptII/ptolemy/actor/lib/test/auto/ArrayAppendPerformanceTest.xml
----------------- Instantiating /home/travis/build/icyphy/ptII/ptolemy/actor/lib/test/auto/ArrayAppendPerformanceTest.xml
28 ms. Memory: 484352K Free: 344270K (71%)
----------------- Invoking toplevel() on ptolemy.moml.MoMLSimpleApplication@7878a78a
----------------- Done invoking toplevel() on ptolemy.moml.MoMLSimpleApplication@7878a78a
reloadAllAccessors: .ArrayAppendPerformanceTest

===========================================================================================
----------------- testing Sat Nov 24 02:48:32 UTC 2018 /home/travis/build/icyphy/ptII/ptolemy/actor/lib/test/auto/ArrayAppendWithEmptyInput.xml
----------------- Instantiating /home/travis/build/icyphy/ptII/ptolemy/actor/lib/test/auto/ArrayAppendWithEmptyInput.xml
17 ms. Memory: 484352K Free: 327557K (68%)
----------------- Invoking toplevel() on ptolemy.moml.MoMLSimpleApplication@45692922
----------------- Done invoking toplevel() on ptolemy.moml.MoMLSimpleApplication@45692922
reloadAllAccessors: .ArrayAppendWithEmptyInput

===========================================================================================
----------------- testing Sat Nov 24 02:48:32 UTC 2018 /home/travis/build/icyphy/ptII/ptolemy/actor/lib/test/auto/ArrayAverage.xml
----------------- Instantiating /home/travis/build/icyphy/ptII/ptolemy/actor/lib/test/auto/ArrayAverage.xml
5 ms. Memory: 484352K Free: 317214K (65%)
----------------- Invoking toplevel() on ptolemy.moml.MoMLSimpleApplication@423cc1d3
----------------- Done invoking toplevel() on ptolemy.moml.MoMLSimpleApplication@423cc1d3
reloadAllAccessors: .ArrayAverage

===========================================================================================
----------------- testing Sat Nov 24 02:48:32 UTC 2018 /home/travis/build/icyphy/ptII/ptolemy/actor/lib/test/auto/ArrayContains.xml
----------------- Instantiating /home/travis/build/icyphy/ptII/ptolemy/actor/lib/test/auto/ArrayContains.xml
3 ms. Memory: 484352K Free: 309446K (64%)
----------------- Invoking toplevel() on ptolemy.moml.MoMLSimpleApplication@a053ba0
----------------- Done invoking toplevel() on ptolemy.moml.MoMLSimpleApplication@a053ba0
reloadAllAccessors: .ArrayContains

===========================================================================================
----------------- testing Sat Nov 24 02:48:32 UTC 2018 /home/travis/build/icyphy/ptII/ptolemy/actor/lib/test/auto/ArrayElement.xml
----------------- Instantiating /home/travis/build/icyphy/ptII/ptolemy/actor/lib/test/auto/ArrayElement.xml
3 ms. Memory: 484352K Free: 295318K (61%)
----------------- Invoking toplevel() on ptolemy.moml.MoMLSimpleApplication@7f1e9c13
----------------- Done invoking toplevel() on ptolemy.moml.MoMLSimpleApplication@7f1e9c13
reloadAllAccessors: .ArrayElement

===========================================================================================
----------------- testing Sat Nov 24 02:48:32 UTC 2018 /home/travis/build/icyphy/ptII/ptolemy/actor/lib/test/auto/ArrayElementAsMatrix.xml
----------------- Instantiating /home/travis/build/icyphy/ptII/ptolemy/actor/lib/test/auto/ArrayElementAsMatrix.xml
15 ms. Memory: 484352K Free: 284966K (59%)
----------------- Invoking toplevel() on ptolemy.moml.MoMLSimpleApplication@68797ad7
----------------- Done invoking toplevel() on ptolemy.moml.MoMLSimpleApplication@68797ad7
reloadAllAccessors: .ArrayElementAsMatrix

===========================================================================================
----------------- testing Sat Nov 24 02:48:32 UTC 2018 /home/travis/build/icyphy/ptII/ptolemy/actor/lib/test/auto/ArrayElementI.xml
----------------- Instantiating /home/travis/build/icyphy/ptII/ptolemy/actor/lib/test/auto/ArrayElementI.xml
3 ms. Memory: 484352K Free: 277198K (57%)
----------------- Invoking toplevel() on ptolemy.moml.MoMLSimpleApplication@3f0edcc6
----------------- Done invoking toplevel() on ptolemy.moml.MoMLSimpleApplication@3f0edcc6
reloadAllAccessors: .ArrayElementI

===========================================================================================
----------------- testing Sat Nov 24 02:48:32 UTC 2018 /home/travis/build/icyphy/ptII/ptolemy/actor/lib/test/auto/ArrayExtract.xml
----------------- Instantiating /home/travis/build/icyphy/ptII/ptolemy/actor/lib/test/auto/ArrayExtract.xml
8 ms. Memory: 484352K Free: 263070K (54%)
----------------- Invoking toplevel() on ptolemy.moml.MoMLSimpleApplication@6d3eab8e
----------------- Done invoking toplevel() on ptolemy.moml.MoMLSimpleApplication@6d3eab8e
reloadAllAccessors: .ArrayExtract

===========================================================================================
----------------- testing Sat Nov 24 02:48:32 UTC 2018 /home/travis/build/icyphy/ptII/ptolemy/actor/lib/test/auto/ArrayExtract2.xml
----------------- Instantiating /home/travis/build/icyphy/ptII/ptolemy/actor/lib/test/auto/ArrayExtract2.xml
2 ms. Memory: 484352K Free: 255302K (53%)
----------------- Invoking toplevel() on ptolemy.moml.MoMLSimpleApplication@695bbc22
----------------- Done invoking toplevel() on ptolemy.moml.MoMLSimpleApplication@695bbc22
reloadAllAccessors: .ArrayExtract2

===========================================================================================
----------------- testing Sat Nov 24 02:48:33 UTC 2018 /home/travis/build/icyphy/ptII/ptolemy/actor/lib/test/auto/ArrayLength.xml
----------------- Instantiating /home/travis/build/icyphy/ptII/ptolemy/actor/lib/test/auto/ArrayLength.xml
1 ms. Memory: 484352K Free: 250134K (52%)
----------------- Invoking toplevel() on ptolemy.moml.MoMLSimpleApplication@601c2564
----------------- Done invoking toplevel() on ptolemy.moml.MoMLSimpleApplication@601c2564
reloadAllAccessors: .ArrayLength

===========================================================================================
----------------- testing Sat Nov 24 02:48:33 UTC 2018 /home/travis/build/icyphy/ptII/ptolemy/actor/lib/test/auto/ArrayLevelCrossing.xml
----------------- Instantiating /home/travis/build/icyphy/ptII/ptolemy/actor/lib/test/auto/ArrayLevelCrossing.xml
5 ms. Memory: 484352K Free: 233422K (48%)
----------------- Invoking toplevel() on ptolemy.moml.MoMLSimpleApplication@fac5c01
----------------- Done invoking toplevel() on ptolemy.moml.MoMLSimpleApplication@fac5c01
reloadAllAccessors: .ArrayLevelCrossing

===========================================================================================
----------------- testing Sat Nov 24 02:48:33 UTC 2018 /home/travis/build/icyphy/ptII/ptolemy/actor/lib/test/auto/ArrayLevelCrossing2.xml
----------------- Instantiating /home/travis/build/icyphy/ptII/ptolemy/actor/lib/test/auto/ArrayLevelCrossing2.xml
3 ms. Memory: 484352K Free: 225670K (47%)
----------------- Invoking toplevel() on ptolemy.moml.MoMLSimpleApplication@1417a16e
----------------- Done invoking toplevel() on ptolemy.moml.MoMLSimpleApplication@1417a16e
reloadAllAccessors: .ArrayLevelCrossing2

===========================================================================================
----------------- testing Sat Nov 24 02:48:33 UTC 2018 /home/travis/build/icyphy/ptII/ptolemy/actor/lib/test/auto/ArrayPeakSearch.xml
----------------- Instantiating /home/travis/build/icyphy/ptII/ptolemy/actor/lib/test/auto/ArrayPeakSearch.xml
6 ms. Memory: 484352K Free: 215318K (44%)
----------------- Invoking toplevel() on ptolemy.moml.MoMLSimpleApplication@705d9768
----------------- Done invoking toplevel() on ptolemy.moml.MoMLSimpleApplication@705d9768
reloadAllAccessors: .ArrayPeakSearch

===========================================================================================
----------------- testing Sat Nov 24 02:48:33 UTC 2018 /home/travis/build/icyphy/ptII/ptolemy/actor/lib/test/auto/ArrayPeakSearch2.xml
----------------- Instantiating /home/travis/build/icyphy/ptII/ptolemy/actor/lib/test/auto/ArrayPeakSearch2.xml
7 ms. Memory: 484352K Free: 196014K (40%)
----------------- Invoking toplevel() on ptolemy.moml.MoMLSimpleApplication@1d8132bd
----------------- Done invoking toplevel() on ptolemy.moml.MoMLSimpleApplication@1d8132bd
reloadAllAccessors: .ArrayPeakSearch2

===========================================================================================
----------------- testing Sat Nov 24 02:48:33 UTC 2018 /home/travis/build/icyphy/ptII/ptolemy/actor/lib/test/auto/ArrayPeakSearch3.xml
----------------- Instantiating /home/travis/build/icyphy/ptII/ptolemy/actor/lib/test/auto/ArrayPeakSearch3.xml
9 ms. Memory: 484352K Free: 185663K (38%)
----------------- Invoking toplevel() on ptolemy.moml.MoMLSimpleApplication@790588cd
----------------- Done invoking toplevel() on ptolemy.moml.MoMLSimpleApplication@790588cd
reloadAllAccessors: .ArrayPeakSearch3

===========================================================================================
----------------- testing Sat Nov 24 02:48:33 UTC 2018 /home/travis/build/icyphy/ptII/ptolemy/actor/lib/test/auto/ArrayRemoveElement.xml
----------------- Instantiating /home/travis/build/icyphy/ptII/ptolemy/actor/lib/test/auto/ArrayRemoveElement.xml
3 ms. Memory: 484352K Free: 175311K (36%)
----------------- Invoking toplevel() on ptolemy.moml.MoMLSimpleApplication@28296b51
----------------- Done invoking toplevel() on ptolemy.moml.MoMLSimpleApplication@28296b51
reloadAllAccessors: .ArrayRemoveElement

===========================================================================================
----------------- testing Sat Nov 24 02:48:33 UTC 2018 /home/travis/build/icyphy/ptII/ptolemy/actor/lib/test/auto/ArraySort.xml
----------------- Instantiating /home/travis/build/icyphy/ptII/ptolemy/actor/lib/test/auto/ArraySort.xml
4 ms. Memory: 484352K Free: 158599K (33%)
----------------- Invoking toplevel() on ptolemy.moml.MoMLSimpleApplication@71fd452e
----------------- Done invoking toplevel() on ptolemy.moml.MoMLSimpleApplication@71fd452e
reloadAllAccessors: .ArraySort

===========================================================================================
----------------- testing Sat Nov 24 02:48:33 UTC 2018 /home/travis/build/icyphy/ptII/ptolemy/actor/lib/test/auto/ArraySum.xml
----------------- Instantiating /home/travis/build/icyphy/ptII/ptolemy/actor/lib/test/auto/ArraySum.xml
4 ms. Memory: 484352K Free: 150831K (31%)
----------------- Invoking toplevel() on ptolemy.moml.MoMLSimpleApplication@2d28761c
----------------- Done invoking toplevel() on ptolemy.moml.MoMLSimpleApplication@2d28761c
reloadAllAccessors: .ArraySum

===========================================================================================
----------------- testing Sat Nov 24 02:48:33 UTC 2018 /home/travis/build/icyphy/ptII/ptolemy/actor/lib/test/auto/ArrayToElements.xml
----------------- Instantiating /home/travis/build/icyphy/ptII/ptolemy/actor/lib/test/auto/ArrayToElements.xml
5 ms. Memory: 484352K Free: 143063K (30%)
----------------- Invoking toplevel() on ptolemy.moml.MoMLSimpleApplication@4bdddfcd
----------------- Done invoking toplevel() on ptolemy.moml.MoMLSimpleApplication@4bdddfcd
reloadAllAccessors: .ArrayToElements

===========================================================================================
----------------- testing Sat Nov 24 02:48:33 UTC 2018 /home/travis/build/icyphy/ptII/ptolemy/actor/lib/test/auto/ArrayToMatrix.xml
----------------- Instantiating /home/travis/build/icyphy/ptII/ptolemy/actor/lib/test/auto/ArrayToMatrix.xml
11 ms. Memory: 484352K Free: 118599K (24%)
----------------- Invoking toplevel() on ptolemy.moml.MoMLSimpleApplication@6580b073
----------------- Done invoking toplevel() on ptolemy.moml.MoMLSimpleApplication@6580b073
reloadAllAccessors: .ArrayToMatrix

===========================================================================================
----------------- testing Sat Nov 24 02:48:33 UTC 2018 /home/travis/build/icyphy/ptII/ptolemy/actor/lib/test/auto/ArrayUpdate1.xml
----------------- Instantiating /home/travis/build/icyphy/ptII/ptolemy/actor/lib/test/auto/ArrayUpdate1.xml
2 ms. Memory: 484352K Free: 110831K (23%)
----------------- Invoking toplevel() on ptolemy.moml.MoMLSimpleApplication@22adbef
----------------- Done invoking toplevel() on ptolemy.moml.MoMLSimpleApplication@22adbef
reloadAllAccessors: .ArrayUpdate1

===========================================================================================
----------------- testing Sat Nov 24 02:48:33 UTC 2018 /home/travis/build/icyphy/ptII/ptolemy/actor/lib/test/auto/ArrayUpdate2.xml
----------------- Instantiating /home/travis/build/icyphy/ptII/ptolemy/actor/lib/test/auto/ArrayUpdate2.xml
3 ms. Memory: 484352K Free: 103079K (21%)
----------------- Invoking toplevel() on ptolemy.moml.MoMLSimpleApplication@23c63ff3
----------------- Done invoking toplevel() on ptolemy.moml.MoMLSimpleApplication@23c63ff3
reloadAllAccessors: .ArrayUpdate2

===========================================================================================
----------------- testing Sat Nov 24 02:48:33 UTC 2018 /home/travis/build/icyphy/ptII/ptolemy/actor/lib/test/auto/ArrayUpdate3.xml
----------------- Instantiating /home/travis/build/icyphy/ptII/ptolemy/actor/lib/test/auto/ArrayUpdate3.xml
3 ms. Memory: 484352K Free: 88951K (18%)
----------------- Invoking toplevel() on ptolemy.moml.MoMLSimpleApplication@54afe63d
----------------- Done invoking toplevel() on ptolemy.moml.MoMLSimpleApplication@54afe63d
reloadAllAccessors: .ArrayUpdate3

===========================================================================================
----------------- testing Sat Nov 24 02:48:33 UTC 2018 /home/travis/build/icyphy/ptII/ptolemy/actor/lib/test/auto/Assert1.xml
----------------- Instantiating /home/travis/build/icyphy/ptII/ptolemy/actor/lib/test/auto/Assert1.xml
3 ms. Memory: 484352K Free: 81183K (17%)
----------------- Invoking toplevel() on ptolemy.moml.MoMLSimpleApplication@22639026
----------------- Done invoking toplevel() on ptolemy.moml.MoMLSimpleApplication@22639026
reloadAllAccessors: .Assert1

===========================================================================================
----------------- testing Sat Nov 24 02:48:33 UTC 2018 /home/travis/build/icyphy/ptII/ptolemy/actor/lib/test/auto/Assert2.xml
----------------- Instantiating /home/travis/build/icyphy/ptII/ptolemy/actor/lib/test/auto/Assert2.xml
2 ms. Memory: 484352K Free: 67055K (14%)
----------------- Invoking toplevel() on ptolemy.moml.MoMLSimpleApplication@c2ead71
----------------- Done invoking toplevel() on ptolemy.moml.MoMLSimpleApplication@c2ead71
reloadAllAccessors: .Assert2

===========================================================================================
----------------- testing Sat Nov 24 02:48:33 UTC 2018 /home/travis/build/icyphy/ptII/ptolemy/actor/lib/test/auto/BooleanMultiplexor.xml
----------------- Instantiating /home/travis/build/icyphy/ptII/ptolemy/actor/lib/test/auto/BooleanMultiplexor.xml
2 ms. Memory: 484352K Free: 59287K (12%)
----------------- Invoking toplevel() on ptolemy.moml.MoMLSimpleApplication@404719bf
----------------- Done invoking toplevel() on ptolemy.moml.MoMLSimpleApplication@404719bf
reloadAllAccessors: .BooleanMultiplexor

===========================================================================================
----------------- testing Sat Nov 24 02:48:33 UTC 2018 /home/travis/build/icyphy/ptII/ptolemy/actor/lib/test/auto/BooleanMultiplexor2.xml
----------------- Instantiating /home/travis/build/icyphy/ptII/ptolemy/actor/lib/test/auto/BooleanMultiplexor2.xml
9 ms. Memory: 717824K Free: 671985K (94%)
----------------- Invoking toplevel() on ptolemy.moml.MoMLSimpleApplication@1a9e4a07
----------------- Done invoking toplevel() on ptolemy.moml.MoMLSimpleApplication@1a9e4a07
reloadAllAccessors: .BooleanMultiplexor2

===========================================================================================
----------------- testing Sat Nov 24 02:48:33 UTC 2018 /home/travis/build/icyphy/ptII/ptolemy/actor/lib/test/auto/BooleanMultiplexor3.xml
----------------- Instantiating /home/travis/build/icyphy/ptII/ptolemy/actor/lib/test/auto/BooleanMultiplexor3.xml
4 ms. Memory: 717824K Free: 658434K (92%)
----------------- Invoking toplevel() on ptolemy.moml.MoMLSimpleApplication@4706f365
----------------- Done invoking toplevel() on ptolemy.moml.MoMLSimpleApplication@4706f365
reloadAllAccessors: .BooleanMultiplexor3

===========================================================================================
----------------- testing Sat Nov 24 02:48:33 UTC 2018 /home/travis/build/icyphy/ptII/ptolemy/actor/lib/test/auto/BooleanSelect.xml
----------------- Instantiating /home/travis/build/icyphy/ptII/ptolemy/actor/lib/test/auto/BooleanSelect.xml
9 ms. Memory: 717824K Free: 649117K (90%)
----------------- Invoking toplevel() on ptolemy.moml.MoMLSimpleApplication@389aa8ff
----------------- Done invoking toplevel() on ptolemy.moml.MoMLSimpleApplication@389aa8ff
reloadAllAccessors: .BooleanSelect

===========================================================================================
----------------- testing Sat Nov 24 02:48:33 UTC 2018 /home/travis/build/icyphy/ptII/ptolemy/actor/lib/test/auto/BooleanSelect2.xml
----------------- Instantiating /home/travis/build/icyphy/ptII/ptolemy/actor/lib/test/auto/BooleanSelect2.xml
1 ms. Memory: 717824K Free: 642917K (90%)
----------------- Invoking toplevel() on ptolemy.moml.MoMLSimpleApplication@1d9f7b20
----------------- Done invoking toplevel() on ptolemy.moml.MoMLSimpleApplication@1d9f7b20
reloadAllAccessors: .BooleanSelect2

===========================================================================================
----------------- testing Sat Nov 24 02:48:33 UTC 2018 /home/travis/build/icyphy/ptII/ptolemy/actor/lib/test/auto/BooleanSwitch.xml
----------------- Instantiating /home/travis/build/icyphy/ptII/ptolemy/actor/lib/test/auto/BooleanSwitch.xml
4 ms. Memory: 717824K Free: 626257K (87%)
----------------- Invoking toplevel() on ptolemy.moml.MoMLSimpleApplication@46246412
----------------- Done invoking toplevel() on ptolemy.moml.MoMLSimpleApplication@46246412
reloadAllAccessors: .BooleanSwitch

===========================================================================================
----------------- testing Sat Nov 24 02:48:33 UTC 2018 /home/travis/build/icyphy/ptII/ptolemy/actor/lib/test/auto/BooleanSwitch2.xml
----------------- Instantiating /home/travis/build/icyphy/ptII/ptolemy/actor/lib/test/auto/BooleanSwitch2.xml
1 ms. Memory: 717824K Free: 620057K (86%)
----------------- Invoking toplevel() on ptolemy.moml.MoMLSimpleApplication@15d9ae58
----------------- Done invoking toplevel() on ptolemy.moml.MoMLSimpleApplication@15d9ae58
reloadAllAccessors: .BooleanSwitch2

===========================================================================================
----------------- testing Sat Nov 24 02:48:33 UTC 2018 /home/travis/build/icyphy/ptII/ptolemy/actor/lib/test/auto/BooleanSwitchCloningBugWithClassRelationGroup.xml
----------------- Instantiating /home/travis/build/icyphy/ptII/ptolemy/actor/lib/test/auto/BooleanSwitchCloningBugWithClassRelationGroup.xml
3 ms. Memory: 717824K Free: 610740K (85%)
----------------- Invoking toplevel() on ptolemy.moml.MoMLSimpleApplication@5de4c690
----------------- Done invoking toplevel() on ptolemy.moml.MoMLSimpleApplication@5de4c690
reloadAllAccessors: .BooleanSwitchCloningBugWithClassRelationGroup

===========================================================================================
----------------- testing Sat Nov 24 02:48:33 UTC 2018 /home/travis/build/icyphy/ptII/ptolemy/actor/lib/test/auto/BusActors.xml
----------------- Instantiating /home/travis/build/icyphy/ptII/ptolemy/actor/lib/test/auto/BusActors.xml
3 ms. Memory: 717824K Free: 590957K (82%)
----------------- Invoking toplevel() on ptolemy.moml.MoMLSimpleApplication@4a52b43d
----------------- Done invoking toplevel() on ptolemy.moml.MoMLSimpleApplication@4a52b43d
reloadAllAccessors: .BusActors

===========================================================================================
----------------- testing Sat Nov 24 02:48:33 UTC 2018 /home/travis/build/icyphy/ptII/ptolemy/actor/lib/test/auto/ClassWrapper.xml
----------------- Instantiating /home/travis/build/icyphy/ptII/ptolemy/actor/lib/test/auto/ClassWrapper.xml
2 ms. Memory: 717824K Free: 584756K (81%)
----------------- Invoking toplevel() on ptolemy.moml.MoMLSimpleApplication@444e4658
----------------- Done invoking toplevel() on ptolemy.moml.MoMLSimpleApplication@444e4658
reloadAllAccessors: .ClassWrapper

===========================================================================================
----------------- testing Sat Nov 24 02:48:33 UTC 2018 /home/travis/build/icyphy/ptII/ptolemy/actor/lib/test/auto/Clock.xml
----------------- Instantiating /home/travis/build/icyphy/ptII/ptolemy/actor/lib/test/auto/Clock.xml
2 ms. Memory: 717824K Free: 578556K (81%)
----------------- Invoking toplevel() on ptolemy.moml.MoMLSimpleApplication@dbd8cf5
----------------- Done invoking toplevel() on ptolemy.moml.MoMLSimpleApplication@dbd8cf5
reloadAllAccessors: .Clock

===========================================================================================
----------------- testing Sat Nov 24 02:48:33 UTC 2018 /home/travis/build/icyphy/ptII/ptolemy/actor/lib/test/auto/Clock10.xml
----------------- Instantiating /home/travis/build/icyphy/ptII/ptolemy/actor/lib/test/auto/Clock10.xml
5 ms. Memory: 717824K Free: 561888K (78%)
----------------- Invoking toplevel() on ptolemy.moml.MoMLSimpleApplication@36274496
----------------- Done invoking toplevel() on ptolemy.moml.MoMLSimpleApplication@36274496
reloadAllAccessors: .Clock10

===========================================================================================
----------------- testing Sat Nov 24 02:48:34 UTC 2018 /home/travis/build/icyphy/ptII/ptolemy/actor/lib/test/auto/Clock11.xml
----------------- Instantiating /home/travis/build/icyphy/ptII/ptolemy/actor/lib/test/auto/Clock11.xml
6 ms. Memory: 717824K Free: 552588K (77%)
----------------- Invoking toplevel() on ptolemy.moml.MoMLSimpleApplication@455bfa33
----------------- Done invoking toplevel() on ptolemy.moml.MoMLSimpleApplication@455bfa33
reloadAllAccessors: .Clock11

===========================================================================================
----------------- testing Sat Nov 24 02:48:34 UTC 2018 /home/travis/build/icyphy/ptII/ptolemy/actor/lib/test/auto/Clock12.xml
----------------- Instantiating /home/travis/build/icyphy/ptII/ptolemy/actor/lib/test/auto/Clock12.xml
6 ms. Memory: 717824K Free: 543271K (76%)
----------------- Invoking toplevel() on ptolemy.moml.MoMLSimpleApplication@2e89c40
----------------- Done invoking toplevel() on ptolemy.moml.MoMLSimpleApplication@2e89c40
reloadAllAccessors: .Clock12

===========================================================================================
----------------- testing Sat Nov 24 02:48:34 UTC 2018 /home/travis/build/icyphy/ptII/ptolemy/actor/lib/test/auto/Clock13.xml
----------------- Instantiating /home/travis/build/icyphy/ptII/ptolemy/actor/lib/test/auto/Clock13.xml
9 ms. Memory: 717824K Free: 533955K (74%)
----------------- Invoking toplevel() on ptolemy.moml.MoMLSimpleApplication@298acec1
----------------- Done invoking toplevel() on ptolemy.moml.MoMLSimpleApplication@298acec1
reloadAllAccessors: .Clock13

===========================================================================================
----------------- testing Sat Nov 24 02:48:34 UTC 2018 /home/travis/build/icyphy/ptII/ptolemy/actor/lib/test/auto/Clock14.xml
----------------- Instantiating /home/travis/build/icyphy/ptII/ptolemy/actor/lib/test/auto/Clock14.xml
9 ms. Memory: 717824K Free: 517287K (72%)
----------------- Invoking toplevel() on ptolemy.moml.MoMLSimpleApplication@4eafab11
----------------- Done invoking toplevel() on ptolemy.moml.MoMLSimpleApplication@4eafab11
reloadAllAccessors: .Clock14

===========================================================================================
----------------- testing Sat Nov 24 02:48:34 UTC 2018 /home/travis/build/icyphy/ptII/ptolemy/actor/lib/test/auto/Clock15.xml
----------------- Instantiating /home/travis/build/icyphy/ptII/ptolemy/actor/lib/test/auto/Clock15.xml
3 ms. Memory: 717824K Free: 507987K (71%)
----------------- Invoking toplevel() on ptolemy.moml.MoMLSimpleApplication@2bc53ae5
----------------- Done invoking toplevel() on ptolemy.moml.MoMLSimpleApplication@2bc53ae5
reloadAllAccessors: .Clock15

===========================================================================================
----------------- testing Sat Nov 24 02:48:34 UTC 2018 /home/travis/build/icyphy/ptII/ptolemy/actor/lib/test/auto/Clock16.xml
----------------- Instantiating /home/travis/build/icyphy/ptII/ptolemy/actor/lib/test/auto/Clock16.xml
34 ms. Memory: 717824K Free: 492454K (69%)
----------------- Invoking toplevel() on ptolemy.moml.MoMLSimpleApplication@3e18b738
----------------- Done invoking toplevel() on ptolemy.moml.MoMLSimpleApplication@3e18b738
reloadAllAccessors: .Clock16

===========================================================================================
----------------- testing Sat Nov 24 02:48:34 UTC 2018 /home/travis/build/icyphy/ptII/ptolemy/actor/lib/test/auto/Clock17.xml
----------------- Instantiating /home/travis/build/icyphy/ptII/ptolemy/actor/lib/test/auto/Clock17.xml
27 ms. Memory: 717824K Free: 466469K (65%)
----------------- Invoking toplevel() on ptolemy.moml.MoMLSimpleApplication@33e668b0
----------------- Done invoking toplevel() on ptolemy.moml.MoMLSimpleApplication@33e668b0
reloadAllAccessors: .Clock17

===========================================================================================
----------------- testing Sat Nov 24 02:48:34 UTC 2018 /home/travis/build/icyphy/ptII/ptolemy/actor/lib/test/auto/Clock18.xml
----------------- Instantiating /home/travis/build/icyphy/ptII/ptolemy/actor/lib/test/auto/Clock18.xml
25 ms. Memory: 717824K Free: 450944K (63%)
----------------- Invoking toplevel() on ptolemy.moml.MoMLSimpleApplication@5366863a
----------------- Done invoking toplevel() on ptolemy.moml.MoMLSimpleApplication@5366863a
reloadAllAccessors: .Clock18

===========================================================================================
----------------- testing Sat Nov 24 02:48:34 UTC 2018 /home/travis/build/icyphy/ptII/ptolemy/actor/lib/test/auto/Clock19.xml
----------------- Instantiating /home/travis/build/icyphy/ptII/ptolemy/actor/lib/test/auto/Clock19.xml
15 ms. Memory: 717824K Free: 435411K (61%)
----------------- Invoking toplevel() on ptolemy.moml.MoMLSimpleApplication@4f2a62c9
----------------- Done invoking toplevel() on ptolemy.moml.MoMLSimpleApplication@4f2a62c9
reloadAllAccessors: .Clock19

===========================================================================================
----------------- testing Sat Nov 24 02:48:34 UTC 2018 /home/travis/build/icyphy/ptII/ptolemy/actor/lib/test/auto/Clock2.xml
----------------- Instantiating /home/travis/build/icyphy/ptII/ptolemy/actor/lib/test/auto/Clock2.xml
8 ms. Memory: 717824K Free: 421859K (59%)
----------------- Invoking toplevel() on ptolemy.moml.MoMLSimpleApplication@3cb06d3b
----------------- Done invoking toplevel() on ptolemy.moml.MoMLSimpleApplication@3cb06d3b
reloadAllAccessors: .Clock2

===========================================================================================
----------------- testing Sat Nov 24 02:48:34 UTC 2018 /home/travis/build/icyphy/ptII/ptolemy/actor/lib/test/auto/Clock20.xml
----------------- Instantiating /home/travis/build/icyphy/ptII/ptolemy/actor/lib/test/auto/Clock20.xml
12 ms. Memory: 717824K Free: 412558K (57%)
----------------- Invoking toplevel() on ptolemy.moml.MoMLSimpleApplication@22926862
----------------- Done invoking toplevel() on ptolemy.moml.MoMLSimpleApplication@22926862
reloadAllAccessors: .Clock20

===========================================================================================
----------------- testing Sat Nov 24 02:48:34 UTC 2018 /home/travis/build/icyphy/ptII/ptolemy/actor/lib/test/auto/Clock21.xml
----------------- Instantiating /home/travis/build/icyphy/ptII/ptolemy/actor/lib/test/auto/Clock21.xml
7 ms. Memory: 717824K Free: 403242K (56%)
----------------- Invoking toplevel() on ptolemy.moml.MoMLSimpleApplication@2927093f
----------------- Done invoking toplevel() on ptolemy.moml.MoMLSimpleApplication@2927093f
reloadAllAccessors: .Clock21

===========================================================================================
----------------- testing Sat Nov 24 02:48:34 UTC 2018 /home/travis/build/icyphy/ptII/ptolemy/actor/lib/test/auto/Clock22.xml
----------------- Instantiating /home/travis/build/icyphy/ptII/ptolemy/actor/lib/test/auto/Clock22.xml
9 ms. Memory: 717824K Free: 393925K (55%)
----------------- Invoking toplevel() on ptolemy.moml.MoMLSimpleApplication@3e681297
----------------- Done invoking toplevel() on ptolemy.moml.MoMLSimpleApplication@3e681297
reloadAllAccessors: .Clock22

===========================================================================================
----------------- testing Sat Nov 24 02:48:34 UTC 2018 /home/travis/build/icyphy/ptII/ptolemy/actor/lib/test/auto/Clock23.xml
----------------- Instantiating /home/travis/build/icyphy/ptII/ptolemy/actor/lib/test/auto/Clock23.xml
9 ms. Memory: 717824K Free: 377266K (53%)
----------------- Invoking toplevel() on ptolemy.moml.MoMLSimpleApplication@24b50c42
----------------- Done invoking toplevel() on ptolemy.moml.MoMLSimpleApplication@24b50c42
reloadAllAccessors: .Clock23

===========================================================================================
----------------- testing Sat Nov 24 02:48:34 UTC 2018 /home/travis/build/icyphy/ptII/ptolemy/actor/lib/test/auto/Clock24.xml
----------------- Instantiating /home/travis/build/icyphy/ptII/ptolemy/actor/lib/test/auto/Clock24.xml
7 ms. Memory: 717824K Free: 367949K (51%)
----------------- Invoking toplevel() on ptolemy.moml.MoMLSimpleApplication@530e350
----------------- Done invoking toplevel() on ptolemy.moml.MoMLSimpleApplication@530e350
reloadAllAccessors: .Clock24

===========================================================================================
----------------- testing Sat Nov 24 02:48:34 UTC 2018 /home/travis/build/icyphy/ptII/ptolemy/actor/lib/test/auto/Clock4.xml
----------------- Instantiating /home/travis/build/icyphy/ptII/ptolemy/actor/lib/test/auto/Clock4.xml
6 ms. Memory: 717824K Free: 361749K (50%)
----------------- Invoking toplevel() on ptolemy.moml.MoMLSimpleApplication@1a375a1b
----------------- Done invoking toplevel() on ptolemy.moml.MoMLSimpleApplication@1a375a1b
reloadAllAccessors: .Clock4

===========================================================================================
----------------- testing Sat Nov 24 02:48:34 UTC 2018 /home/travis/build/icyphy/ptII/ptolemy/actor/lib/test/auto/Clock5.xml
----------------- Instantiating /home/travis/build/icyphy/ptII/ptolemy/actor/lib/test/auto/Clock5.xml
2 ms. Memory: 717824K Free: 345081K (48%)
----------------- Invoking toplevel() on ptolemy.moml.MoMLSimpleApplication@565fb6e7
----------------- Done invoking toplevel() on ptolemy.moml.MoMLSimpleApplication@565fb6e7
reloadAllAccessors: .Clock5

===========================================================================================
----------------- testing Sat Nov 24 02:48:34 UTC 2018 /home/travis/build/icyphy/ptII/ptolemy/actor/lib/test/auto/Clock6.xml
----------------- Instantiating /home/travis/build/icyphy/ptII/ptolemy/actor/lib/test/auto/Clock6.xml
1 ms. Memory: 717824K Free: 338881K (47%)
----------------- Invoking toplevel() on ptolemy.moml.MoMLSimpleApplication@69a5c253
----------------- Done invoking toplevel() on ptolemy.moml.MoMLSimpleApplication@69a5c253
reloadAllAccessors: .Clock6

===========================================================================================
----------------- testing Sat Nov 24 02:48:34 UTC 2018 /home/travis/build/icyphy/ptII/ptolemy/actor/lib/test/auto/Clock7.xml
----------------- Instantiating /home/travis/build/icyphy/ptII/ptolemy/actor/lib/test/auto/Clock7.xml
3 ms. Memory: 717824K Free: 332680K (46%)
----------------- Invoking toplevel() on ptolemy.moml.MoMLSimpleApplication@64003ad7
----------------- Done invoking toplevel() on ptolemy.moml.MoMLSimpleApplication@64003ad7
reloadAllAccessors: .Clock7

===========================================================================================
----------------- testing Sat Nov 24 02:48:34 UTC 2018 /home/travis/build/icyphy/ptII/ptolemy/actor/lib/test/auto/Clock8.xml
----------------- Instantiating /home/travis/build/icyphy/ptII/ptolemy/actor/lib/test/auto/Clock8.xml
7 ms. Memory: 717824K Free: 316013K (44%)
----------------- Invoking toplevel() on ptolemy.moml.MoMLSimpleApplication@64c9dc1c
----------------- Done invoking toplevel() on ptolemy.moml.MoMLSimpleApplication@64c9dc1c
reloadAllAccessors: .Clock8

===========================================================================================
----------------- testing Sat Nov 24 02:48:34 UTC 2018 /home/travis/build/icyphy/ptII/ptolemy/actor/lib/test/auto/Clock9.xml
----------------- Instantiating /home/travis/build/icyphy/ptII/ptolemy/actor/lib/test/auto/Clock9.xml
7 ms. Memory: 717824K Free: 306712K (43%)
----------------- Invoking toplevel() on ptolemy.moml.MoMLSimpleApplication@b3c0a84
----------------- Done invoking toplevel() on ptolemy.moml.MoMLSimpleApplication@b3c0a84
reloadAllAccessors: .Clock9

===========================================================================================
----------------- testing Sat Nov 24 02:48:34 UTC 2018 /home/travis/build/icyphy/ptII/ptolemy/actor/lib/test/auto/CommDistDiscard.xml
----------------- Instantiating /home/travis/build/icyphy/ptII/ptolemy/actor/lib/test/auto/CommDistDiscard.xml
2 ms. Memory: 717824K Free: 297412K (41%)
----------------- Invoking toplevel() on ptolemy.moml.MoMLSimpleApplication@7a32b4e3
----------------- Done invoking toplevel() on ptolemy.moml.MoMLSimpleApplication@7a32b4e3
reloadAllAccessors: .CommDistDiscard

===========================================================================================
----------------- testing Sat Nov 24 02:48:34 UTC 2018 /home/travis/build/icyphy/ptII/ptolemy/actor/lib/test/auto/Commutator.xml
----------------- Instantiating /home/travis/build/icyphy/ptII/ptolemy/actor/lib/test/auto/Commutator.xml
2 ms. Memory: 717824K Free: 283860K (40%)
----------------- Invoking toplevel() on ptolemy.moml.MoMLSimpleApplication@36b865e4
----------------- Done invoking toplevel() on ptolemy.moml.MoMLSimpleApplication@36b865e4
reloadAllAccessors: .Commutator

===========================================================================================
----------------- testing Sat Nov 24 02:48:34 UTC 2018 /home/travis/build/icyphy/ptII/ptolemy/actor/lib/test/auto/Commutator2.xml
----------------- Instantiating /home/travis/build/icyphy/ptII/ptolemy/actor/lib/test/auto/Commutator2.xml
2 ms. Memory: 717824K Free: 277660K (39%)
----------------- Invoking toplevel() on ptolemy.moml.MoMLSimpleApplication@17f12d39
----------------- Done invoking toplevel() on ptolemy.moml.MoMLSimpleApplication@17f12d39
reloadAllAccessors: .Commutator2

===========================================================================================
----------------- testing Sat Nov 24 02:48:34 UTC 2018 /home/travis/build/icyphy/ptII/ptolemy/actor/lib/test/auto/Commutator3.xml
----------------- Instantiating /home/travis/build/icyphy/ptII/ptolemy/actor/lib/test/auto/Commutator3.xml
1 ms. Memory: 717824K Free: 271460K (38%)
----------------- Invoking toplevel() on ptolemy.moml.MoMLSimpleApplication@118dffc4
----------------- Done invoking toplevel() on ptolemy.moml.MoMLSimpleApplication@118dffc4
reloadAllAccessors: .Commutator3

===========================================================================================
----------------- testing Sat Nov 24 02:48:34 UTC 2018 /home/travis/build/icyphy/ptII/ptolemy/actor/lib/test/auto/Compare.xml
----------------- Instantiating /home/travis/build/icyphy/ptII/ptolemy/actor/lib/test/auto/Compare.xml
2 ms. Memory: 717824K Free: 262143K (37%)
----------------- Invoking toplevel() on ptolemy.moml.MoMLSimpleApplication@737dd6bd
----------------- Done invoking toplevel() on ptolemy.moml.MoMLSimpleApplication@737dd6bd
reloadAllAccessors: .Compare

===========================================================================================
----------------- testing Sat Nov 24 02:48:34 UTC 2018 /home/travis/build/icyphy/ptII/ptolemy/actor/lib/test/auto/CompareDE.xml
----------------- Instantiating /home/travis/build/icyphy/ptII/ptolemy/actor/lib/test/auto/CompareDE.xml
4 ms. Memory: 717824K Free: 245475K (34%)
----------------- Invoking toplevel() on ptolemy.moml.MoMLSimpleApplication@2380bb98
----------------- Done invoking toplevel() on ptolemy.moml.MoMLSimpleApplication@2380bb98
reloadAllAccessors: .CompareDE

===========================================================================================
----------------- testing Sat Nov 24 02:48:34 UTC 2018 /home/travis/build/icyphy/ptII/ptolemy/actor/lib/test/auto/ComplexDivide.xml
----------------- Instantiating /home/travis/build/icyphy/ptII/ptolemy/actor/lib/test/auto/ComplexDivide.xml
2 ms. Memory: 717824K Free: 239275K (33%)
----------------- Invoking toplevel() on ptolemy.moml.MoMLSimpleApplication@3aeca949
----------------- Done invoking toplevel() on ptolemy.moml.MoMLSimpleApplication@3aeca949
reloadAllAccessors: .ComplexDivide

===========================================================================================
----------------- testing Sat Nov 24 02:48:34 UTC 2018 /home/travis/build/icyphy/ptII/ptolemy/actor/lib/test/auto/ComputeHistogram.xml
----------------- Instantiating /home/travis/build/icyphy/ptII/ptolemy/actor/lib/test/auto/ComputeHistogram.xml
42 ms. Memory: 717824K Free: 223766K (31%)
----------------- Invoking toplevel() on ptolemy.moml.MoMLSimpleApplication@5381a409
----------------- Done invoking toplevel() on ptolemy.moml.MoMLSimpleApplication@5381a409
reloadAllAccessors: .ComputeHistogram

===========================================================================================
----------------- testing Sat Nov 24 02:48:34 UTC 2018 /home/travis/build/icyphy/ptII/ptolemy/actor/lib/test/auto/ConfigurationSelect.xml
----------------- Instantiating /home/travis/build/icyphy/ptII/ptolemy/actor/lib/test/auto/ConfigurationSelect.xml
3 ms. Memory: 717824K Free: 207106K (29%)
----------------- Invoking toplevel() on ptolemy.moml.MoMLSimpleApplication@31387d28
----------------- Done invoking toplevel() on ptolemy.moml.MoMLSimpleApplication@31387d28
reloadAllAccessors: .ConfigurationSelect

===========================================================================================
----------------- testing Sat Nov 24 02:48:35 UTC 2018 /home/travis/build/icyphy/ptII/ptolemy/actor/lib/test/auto/ConfigurationSelect2.xml
----------------- Instantiating /home/travis/build/icyphy/ptII/ptolemy/actor/lib/test/auto/ConfigurationSelect2.xml
2 ms. Memory: 717824K Free: 200906K (28%)
----------------- Invoking toplevel() on ptolemy.moml.MoMLSimpleApplication@1b5ce130
----------------- Done invoking toplevel() on ptolemy.moml.MoMLSimpleApplication@1b5ce130
reloadAllAccessors: .ConfigurationSelect2

===========================================================================================
----------------- testing Sat Nov 24 02:48:35 UTC 2018 /home/travis/build/icyphy/ptII/ptolemy/actor/lib/test/auto/ConfigurationSwitch.xml
----------------- Instantiating /home/travis/build/icyphy/ptII/ptolemy/actor/lib/test/auto/ConfigurationSwitch.xml
9 ms. Memory: 717824K Free: 191590K (27%)
----------------- Invoking toplevel() on ptolemy.moml.MoMLSimpleApplication@53961aea
----------------- Done invoking toplevel() on ptolemy.moml.MoMLSimpleApplication@53961aea
reloadAllAccessors: .ConfigurationSwitch

===========================================================================================
----------------- testing Sat Nov 24 02:48:35 UTC 2018 /home/travis/build/icyphy/ptII/ptolemy/actor/lib/test/auto/ConfigurationSwitch2.xml
----------------- Instantiating /home/travis/build/icyphy/ptII/ptolemy/actor/lib/test/auto/ConfigurationSwitch2.xml
2 ms. Memory: 717824K Free: 174922K (24%)
----------------- Invoking toplevel() on ptolemy.moml.MoMLSimpleApplication@564994eb
----------------- Done invoking toplevel() on ptolemy.moml.MoMLSimpleApplication@564994eb
reloadAllAccessors: .ConfigurationSwitch2

===========================================================================================
----------------- testing Sat Nov 24 02:48:35 UTC 2018 /home/travis/build/icyphy/ptII/ptolemy/actor/lib/test/auto/ConfigurationSwitchCloningBugWithClassRelationGroup.xml
----------------- Instantiating /home/travis/build/icyphy/ptII/ptolemy/actor/lib/test/auto/ConfigurationSwitchCloningBugWithClassRelationGroup.xml
1 ms. Memory: 717824K Free: 165613K (23%)
----------------- Invoking toplevel() on ptolemy.moml.MoMLSimpleApplication@41e2e8bd
----------------- Done invoking toplevel() on ptolemy.moml.MoMLSimpleApplication@41e2e8bd
reloadAllAccessors: .ConfigurationSwitchCloningBugWithClassRelationGroup

===========================================================================================
----------------- testing Sat Nov 24 02:48:35 UTC 2018 /home/travis/build/icyphy/ptII/ptolemy/actor/lib/test/auto/ConfigurationSwitchSelectSDF.xml
----------------- Instantiating /home/travis/build/icyphy/ptII/ptolemy/actor/lib/test/auto/ConfigurationSwitchSelectSDF.xml
3 ms. Memory: 717824K Free: 156305K (22%)
----------------- Invoking toplevel() on ptolemy.moml.MoMLSimpleApplication@2f9205f9
----------------- Done invoking toplevel() on ptolemy.moml.MoMLSimpleApplication@2f9205f9
reloadAllAccessors: .ConfigurationSwitchSelectSDF

===========================================================================================
----------------- testing Sat Nov 24 02:48:35 UTC 2018 /home/travis/build/icyphy/ptII/ptolemy/actor/lib/test/auto/ConfigurationSwitchSelectSDF2.xml
----------------- Instantiating /home/travis/build/icyphy/ptII/ptolemy/actor/lib/test/auto/ConfigurationSwitchSelectSDF2.xml
3 ms. Memory: 717824K Free: 139637K (19%)
----------------- Invoking toplevel() on ptolemy.moml.MoMLSimpleApplication@5858b3b5
----------------- Done invoking toplevel() on ptolemy.moml.MoMLSimpleApplication@5858b3b5
reloadAllAccessors: .ConfigurationSwitchSelectSDF2

===========================================================================================
----------------- testing Sat Nov 24 02:48:35 UTC 2018 /home/travis/build/icyphy/ptII/ptolemy/actor/lib/test/auto/Const.xml
----------------- Instantiating /home/travis/build/icyphy/ptII/ptolemy/actor/lib/test/auto/Const.xml
1 ms. Memory: 717824K Free: 133437K (19%)
----------------- Invoking toplevel() on ptolemy.moml.MoMLSimpleApplication@e6e0644
----------------- Done invoking toplevel() on ptolemy.moml.MoMLSimpleApplication@e6e0644
reloadAllAccessors: .Const

===========================================================================================
----------------- testing Sat Nov 24 02:48:35 UTC 2018 /home/travis/build/icyphy/ptII/ptolemy/actor/lib/test/auto/Const2.xml
----------------- Instantiating /home/travis/build/icyphy/ptII/ptolemy/actor/lib/test/auto/Const2.xml
2 ms. Memory: 717824K Free: 127236K (18%)
----------------- Invoking toplevel() on ptolemy.moml.MoMLSimpleApplication@3bdb9b95
----------------- Done invoking toplevel() on ptolemy.moml.MoMLSimpleApplication@3bdb9b95
reloadAllAccessors: .Const2

===========================================================================================
----------------- testing Sat Nov 24 02:48:35 UTC 2018 /home/travis/build/icyphy/ptII/ptolemy/actor/lib/test/auto/Const3.xml
----------------- Instantiating /home/travis/build/icyphy/ptII/ptolemy/actor/lib/test/auto/Const3.xml
1 ms. Memory: 717824K Free: 121036K (17%)
----------------- Invoking toplevel() on ptolemy.moml.MoMLSimpleApplication@421eb8d
----------------- Done invoking toplevel() on ptolemy.moml.MoMLSimpleApplication@421eb8d
reloadAllAccessors: .Const3

===========================================================================================
----------------- testing Sat Nov 24 02:48:35 UTC 2018 /home/travis/build/icyphy/ptII/ptolemy/actor/lib/test/auto/ConstantPublisherPort1.xml
----------------- Instantiating /home/travis/build/icyphy/ptII/ptolemy/actor/lib/test/auto/ConstantPublisherPort1.xml
5 ms. Memory: 717824K Free: 104384K (15%)
----------------- Invoking toplevel() on ptolemy.moml.MoMLSimpleApplication@31940545
----------------- Done invoking toplevel() on ptolemy.moml.MoMLSimpleApplication@31940545
reloadAllAccessors: .ConstantPublisherPort1

===========================================================================================
----------------- testing Sat Nov 24 02:48:35 UTC 2018 /home/travis/build/icyphy/ptII/ptolemy/actor/lib/test/auto/ConstantPublisherPort2.xml
----------------- Instantiating /home/travis/build/icyphy/ptII/ptolemy/actor/lib/test/auto/ConstantPublisherPort2.xml
4 ms. Memory: 717824K Free: 95068K (13%)
----------------- Invoking toplevel() on ptolemy.moml.MoMLSimpleApplication@5c31d56a
----------------- Done invoking toplevel() on ptolemy.moml.MoMLSimpleApplication@5c31d56a
reloadAllAccessors: .ConstantPublisherPort2

===========================================================================================
----------------- testing Sat Nov 24 02:48:35 UTC 2018 /home/travis/build/icyphy/ptII/ptolemy/actor/lib/test/auto/ConstantPublisherPort3.xml
----------------- Instantiating /home/travis/build/icyphy/ptII/ptolemy/actor/lib/test/auto/ConstantPublisherPort3.xml
4 ms. Memory: 717824K Free: 85759K (12%)
----------------- Invoking toplevel() on ptolemy.moml.MoMLSimpleApplication@371f338a
----------------- Done invoking toplevel() on ptolemy.moml.MoMLSimpleApplication@371f338a
reloadAllAccessors: .ConstantPublisherPort3

===========================================================================================
----------------- testing Sat Nov 24 02:48:35 UTC 2018 /home/travis/build/icyphy/ptII/ptolemy/actor/lib/test/auto/ConstantPublisherPort4.xml
----------------- Instantiating /home/travis/build/icyphy/ptII/ptolemy/actor/lib/test/auto/ConstantPublisherPort4.xml
3 ms. Memory: 717824K Free: 69092K (10%)
----------------- Invoking toplevel() on ptolemy.moml.MoMLSimpleApplication@b928f94
----------------- Done invoking toplevel() on ptolemy.moml.MoMLSimpleApplication@b928f94
reloadAllAccessors: .ConstantPublisherPort4

===========================================================================================
----------------- testing Sat Nov 24 02:48:35 UTC 2018 /home/travis/build/icyphy/ptII/ptolemy/actor/lib/test/auto/ConstantPublisherPort5.xml
----------------- Instantiating /home/travis/build/icyphy/ptII/ptolemy/actor/lib/test/auto/ConstantPublisherPort5.xml
30 ms. Memory: 718336K Free: 671063K (93%)
----------------- Invoking toplevel() on ptolemy.moml.MoMLSimpleApplication@7b790cc8
----------------- Done invoking toplevel() on ptolemy.moml.MoMLSimpleApplication@7b790cc8
reloadAllAccessors: .ConstantPublisherPort5

===========================================================================================
----------------- testing Sat Nov 24 02:48:35 UTC 2018 /home/travis/build/icyphy/ptII/ptolemy/actor/lib/test/auto/ConstantPublisherPort6.xml
----------------- Instantiating /home/travis/build/icyphy/ptII/ptolemy/actor/lib/test/auto/ConstantPublisherPort6.xml
14 ms. Memory: 718336K Free: 645248K (90%)
----------------- Invoking toplevel() on ptolemy.moml.MoMLSimpleApplication@1c4c2752
----------------- Done invoking toplevel() on ptolemy.moml.MoMLSimpleApplication@1c4c2752
reloadAllAccessors: .ConstantPublisherPort6

===========================================================================================
----------------- testing Sat Nov 24 02:48:35 UTC 2018 /home/travis/build/icyphy/ptII/ptolemy/actor/lib/test/auto/ConstantPublisherPort7.xml
----------------- Instantiating /home/travis/build/icyphy/ptII/ptolemy/actor/lib/test/auto/ConstantPublisherPort7.xml
13 ms. Memory: 718336K Free: 626646K (87%)
----------------- Invoking toplevel() on ptolemy.moml.MoMLSimpleApplication@160ccb4
----------------- Done invoking toplevel() on ptolemy.moml.MoMLSimpleApplication@160ccb4
reloadAllAccessors: .ConstantPublisherPort7

===========================================================================================
----------------- testing Sat Nov 24 02:48:35 UTC 2018 /home/travis/build/icyphy/ptII/ptolemy/actor/lib/test/auto/ConstraintMonitor1.xml
----------------- Instantiating /home/travis/build/icyphy/ptII/ptolemy/actor/lib/test/auto/ConstraintMonitor1.xml
6 ms. Memory: 718336K Free: 611697K (85%)
----------------- Invoking toplevel() on ptolemy.moml.MoMLSimpleApplication@6d1aed4a
----------------- Done invoking toplevel() on ptolemy.moml.MoMLSimpleApplication@6d1aed4a
reloadAllAccessors: .ConstraintMonitor1

===========================================================================================
----------------- testing Sat Nov 24 02:48:35 UTC 2018 /home/travis/build/icyphy/ptII/ptolemy/actor/lib/test/auto/ConstraintMonitor2.xml
----------------- Instantiating /home/travis/build/icyphy/ptII/ptolemy/actor/lib/test/auto/ConstraintMonitor2.xml
6 ms. Memory: 718336K Free: 605497K (84%)
----------------- Invoking toplevel() on ptolemy.moml.MoMLSimpleApplication@22fb1904
----------------- Done invoking toplevel() on ptolemy.moml.MoMLSimpleApplication@22fb1904
reloadAllAccessors: .ConstraintMonitor2

===========================================================================================
----------------- testing Sat Nov 24 02:48:35 UTC 2018 /home/travis/build/icyphy/ptII/ptolemy/actor/lib/test/auto/ConstraintMonitor3.xml
----------------- Instantiating /home/travis/build/icyphy/ptII/ptolemy/actor/lib/test/auto/ConstraintMonitor3.xml
5 ms. Memory: 718336K Free: 593664K (83%)
----------------- Invoking toplevel() on ptolemy.moml.MoMLSimpleApplication@4a18a236
----------------- Done invoking toplevel() on ptolemy.moml.MoMLSimpleApplication@4a18a236
reloadAllAccessors: .ConstraintMonitor3

===========================================================================================
----------------- testing Sat Nov 24 02:48:35 UTC 2018 /home/travis/build/icyphy/ptII/ptolemy/actor/lib/test/auto/ConstraintMonitor4.xml
----------------- Instantiating /home/travis/build/icyphy/ptII/ptolemy/actor/lib/test/auto/ConstraintMonitor4.xml
6 ms. Memory: 718336K Free: 584347K (81%)
----------------- Invoking toplevel() on ptolemy.moml.MoMLSimpleApplication@4cb2a9df
----------------- Done invoking toplevel() on ptolemy.moml.MoMLSimpleApplication@4cb2a9df
reloadAllAccessors: .ConstraintMonitor4

===========================================================================================
----------------- testing Sat Nov 24 02:48:35 UTC 2018 /home/travis/build/icyphy/ptII/ptolemy/actor/lib/test/auto/ConstraintMonitor5.xml
----------------- Instantiating /home/travis/build/icyphy/ptII/ptolemy/actor/lib/test/auto/ConstraintMonitor5.xml
6 ms. Memory: 718336K Free: 575039K (80%)
----------------- Invoking toplevel() on ptolemy.moml.MoMLSimpleApplication@c5a6a7f
----------------- Done invoking toplevel() on ptolemy.moml.MoMLSimpleApplication@c5a6a7f
reloadAllAccessors: .ConstraintMonitor5

===========================================================================================
----------------- testing Sat Nov 24 02:48:35 UTC 2018 /home/travis/build/icyphy/ptII/ptolemy/actor/lib/test/auto/ConstraintMonitor6.xml
----------------- Instantiating /home/travis/build/icyphy/ptII/ptolemy/actor/lib/test/auto/ConstraintMonitor6.xml
3 ms. Memory: 718336K Free: 560105K (78%)
----------------- Invoking toplevel() on ptolemy.moml.MoMLSimpleApplication@3a5274aa
----------------- Done invoking toplevel() on ptolemy.moml.MoMLSimpleApplication@3a5274aa
reloadAllAccessors: .ConstraintMonitor6

===========================================================================================
----------------- testing Sat Nov 24 02:48:35 UTC 2018 /home/travis/build/icyphy/ptII/ptolemy/actor/lib/test/auto/ConstraintMonitor7.xml
----------------- Instantiating /home/travis/build/icyphy/ptII/ptolemy/actor/lib/test/auto/ConstraintMonitor7.xml
2 ms. Memory: 718336K Free: 550789K (77%)
----------------- Invoking toplevel() on ptolemy.moml.MoMLSimpleApplication@2055b2f8
----------------- Done invoking toplevel() on ptolemy.moml.MoMLSimpleApplication@2055b2f8
reloadAllAccessors: .ConstraintMonitor7

===========================================================================================
----------------- testing Sat Nov 24 02:48:35 UTC 2018 /home/travis/build/icyphy/ptII/ptolemy/actor/lib/test/auto/ConstraintMonitor8.xml
----------------- Instantiating /home/travis/build/icyphy/ptII/ptolemy/actor/lib/test/auto/ConstraintMonitor8.xml
5 ms. Memory: 718336K Free: 535839K (75%)
----------------- Invoking toplevel() on ptolemy.moml.MoMLSimpleApplication@636ac586
----------------- Done invoking toplevel() on ptolemy.moml.MoMLSimpleApplication@636ac586
reloadAllAccessors: .ConstraintMonitor8

===========================================================================================
----------------- testing Sat Nov 24 02:48:35 UTC 2018 /home/travis/build/icyphy/ptII/ptolemy/actor/lib/test/auto/Counter.xml
----------------- Instantiating /home/travis/build/icyphy/ptII/ptolemy/actor/lib/test/auto/Counter.xml
3 ms. Memory: 718336K Free: 529639K (74%)
----------------- Invoking toplevel() on ptolemy.moml.MoMLSimpleApplication@3b73d461
----------------- Done invoking toplevel() on ptolemy.moml.MoMLSimpleApplication@3b73d461
reloadAllAccessors: .Counter

===========================================================================================
----------------- testing Sat Nov 24 02:48:35 UTC 2018 /home/travis/build/icyphy/ptII/ptolemy/actor/lib/test/auto/CurrentTimeSDF.xml
----------------- Instantiating /home/travis/build/icyphy/ptII/ptolemy/actor/lib/test/auto/CurrentTimeSDF.xml
4 ms. Memory: 718336K Free: 523439K (73%)
----------------- Invoking toplevel() on ptolemy.moml.MoMLSimpleApplication@1b69a141
----------------- Done invoking toplevel() on ptolemy.moml.MoMLSimpleApplication@1b69a141
reloadAllAccessors: .CurrentTimeSDF

===========================================================================================
----------------- testing Sat Nov 24 02:48:35 UTC 2018 /home/travis/build/icyphy/ptII/ptolemy/actor/lib/test/auto/DB.xml
----------------- Instantiating /home/travis/build/icyphy/ptII/ptolemy/actor/lib/test/auto/DB.xml
2 ms. Memory: 718336K Free: 511606K (71%)
----------------- Invoking toplevel() on ptolemy.moml.MoMLSimpleApplication@3d1f54a6
----------------- Done invoking toplevel() on ptolemy.moml.MoMLSimpleApplication@3d1f54a6
reloadAllAccessors: .DB

===========================================================================================
----------------- testing Sat Nov 24 02:48:35 UTC 2018 /home/travis/build/icyphy/ptII/ptolemy/actor/lib/test/auto/DBDE.xml
----------------- Instantiating /home/travis/build/icyphy/ptII/ptolemy/actor/lib/test/auto/DBDE.xml
2 ms. Memory: 718336K Free: 502289K (70%)
----------------- Invoking toplevel() on ptolemy.moml.MoMLSimpleApplication@e32e6
----------------- Done invoking toplevel() on ptolemy.moml.MoMLSimpleApplication@e32e6
reloadAllAccessors: .DBDE

===========================================================================================
----------------- testing Sat Nov 24 02:48:35 UTC 2018 /home/travis/build/icyphy/ptII/ptolemy/actor/lib/test/auto/DateConstructor.xml
----------------- Instantiating /home/travis/build/icyphy/ptII/ptolemy/actor/lib/test/auto/DateConstructor.xml
16 ms. Memory: 718336K Free: 478023K (67%)
----------------- Invoking toplevel() on ptolemy.moml.MoMLSimpleApplication@5508ea31
----------------- Done invoking toplevel() on ptolemy.moml.MoMLSimpleApplication@5508ea31
reloadAllAccessors: .DateConstructor

===========================================================================================
----------------- testing Sat Nov 24 02:48:35 UTC 2018 /home/travis/build/icyphy/ptII/ptolemy/actor/lib/test/auto/DelayTime.xml
----------------- Instantiating /home/travis/build/icyphy/ptII/ptolemy/actor/lib/test/auto/DelayTime.xml
3 ms. Memory: 718336K Free: 468707K (65%)
----------------- Invoking toplevel() on ptolemy.moml.MoMLSimpleApplication@37bb75d5
----------------- Done invoking toplevel() on ptolemy.moml.MoMLSimpleApplication@37bb75d5
reloadAllAccessors: .DelayTime

===========================================================================================
----------------- testing Sat Nov 24 02:48:35 UTC 2018 /home/travis/build/icyphy/ptII/ptolemy/actor/lib/test/auto/Dictionary1.xml
----------------- Instantiating /home/travis/build/icyphy/ptII/ptolemy/actor/lib/test/auto/Dictionary1.xml
1 ms. Memory: 718336K Free: 459406K (64%)
----------------- Invoking toplevel() on ptolemy.moml.MoMLSimpleApplication@5e1c1029
----------------- Done invoking toplevel() on ptolemy.moml.MoMLSimpleApplication@5e1c1029
reloadAllAccessors: .Dictionary1

===========================================================================================
----------------- testing Sat Nov 24 02:48:35 UTC 2018 /home/travis/build/icyphy/ptII/ptolemy/actor/lib/test/auto/Dictionary2.xml
----------------- Instantiating /home/travis/build/icyphy/ptII/ptolemy/actor/lib/test/auto/Dictionary2.xml
4 ms. Memory: 718336K Free: 444457K (62%)
----------------- Invoking toplevel() on ptolemy.moml.MoMLSimpleApplication@3ab5b1c2
----------------- Done invoking toplevel() on ptolemy.moml.MoMLSimpleApplication@3ab5b1c2
reloadAllAccessors: .Dictionary2

===========================================================================================
----------------- testing Sat Nov 24 02:48:35 UTC 2018 /home/travis/build/icyphy/ptII/ptolemy/actor/lib/test/auto/Dictionary3.xml
----------------- Instantiating /home/travis/build/icyphy/ptII/ptolemy/actor/lib/test/auto/Dictionary3.xml
1 ms. Memory: 718336K Free: 435140K (61%)
----------------- Invoking toplevel() on ptolemy.moml.MoMLSimpleApplication@3d772442
----------------- Done invoking toplevel() on ptolemy.moml.MoMLSimpleApplication@3d772442
reloadAllAccessors: .Dictionary3

===========================================================================================
----------------- testing Sat Nov 24 02:48:35 UTC 2018 /home/travis/build/icyphy/ptII/ptolemy/actor/lib/test/auto/Dictionary4.xml
----------------- Instantiating /home/travis/build/icyphy/ptII/ptolemy/actor/lib/test/auto/Dictionary4.xml
5 ms. Memory: 718336K Free: 420199K (58%)
----------------- Invoking toplevel() on ptolemy.moml.MoMLSimpleApplication@46f3af24
----------------- Done invoking toplevel() on ptolemy.moml.MoMLSimpleApplication@46f3af24
reloadAllAccessors: .Dictionary4

===========================================================================================
----------------- testing Sat Nov 24 02:48:35 UTC 2018 /home/travis/build/icyphy/ptII/ptolemy/actor/lib/test/auto/Differential.xml
----------------- Instantiating /home/travis/build/icyphy/ptII/ptolemy/actor/lib/test/auto/Differential.xml
4 ms. Memory: 718336K Free: 413999K (58%)
----------------- Invoking toplevel() on ptolemy.moml.MoMLSimpleApplication@64b9e758
----------------- Done invoking toplevel() on ptolemy.moml.MoMLSimpleApplication@64b9e758
reloadAllAccessors: .Differential

===========================================================================================
----------------- testing Sat Nov 24 02:48:36 UTC 2018 /home/travis/build/icyphy/ptII/ptolemy/actor/lib/test/auto/Director.xml
----------------- Instantiating /home/travis/build/icyphy/ptII/ptolemy/actor/lib/test/auto/Director.xml
4 ms. Memory: 718336K Free: 402166K (56%)
----------------- Invoking toplevel() on ptolemy.moml.MoMLSimpleApplication@43ff6637
----------------- Done invoking toplevel() on ptolemy.moml.MoMLSimpleApplication@43ff6637
reloadAllAccessors: .Director

===========================================================================================
----------------- testing Sat Nov 24 02:48:36 UTC 2018 /home/travis/build/icyphy/ptII/ptolemy/actor/lib/test/auto/DiscreteClock.xml
----------------- Instantiating /home/travis/build/icyphy/ptII/ptolemy/actor/lib/test/auto/DiscreteClock.xml
2 ms. Memory: 718336K Free: 395965K (55%)
----------------- Invoking toplevel() on ptolemy.moml.MoMLSimpleApplication@3460c75f
----------------- Done invoking toplevel() on ptolemy.moml.MoMLSimpleApplication@3460c75f
reloadAllAccessors: .DiscreteClock

===========================================================================================
----------------- testing Sat Nov 24 02:48:36 UTC 2018 /home/travis/build/icyphy/ptII/ptolemy/actor/lib/test/auto/DiscreteClock10.xml
----------------- Instantiating /home/travis/build/icyphy/ptII/ptolemy/actor/lib/test/auto/DiscreteClock10.xml
3 ms. Memory: 718336K Free: 386657K (54%)
----------------- Invoking toplevel() on ptolemy.moml.MoMLSimpleApplication@179179fd
----------------- Done invoking toplevel() on ptolemy.moml.MoMLSimpleApplication@179179fd
reloadAllAccessors: .DiscreteClock10

===========================================================================================
----------------- testing Sat Nov 24 02:48:36 UTC 2018 /home/travis/build/icyphy/ptII/ptolemy/actor/lib/test/auto/DiscreteClock11.xml
----------------- Instantiating /home/travis/build/icyphy/ptII/ptolemy/actor/lib/test/auto/DiscreteClock11.xml
2 ms. Memory: 718336K Free: 371724K (52%)
----------------- Invoking toplevel() on ptolemy.moml.MoMLSimpleApplication@921ddbc
----------------- Done invoking toplevel() on ptolemy.moml.MoMLSimpleApplication@921ddbc
reloadAllAccessors: .DiscreteClock11

===========================================================================================
----------------- testing Sat Nov 24 02:48:36 UTC 2018 /home/travis/build/icyphy/ptII/ptolemy/actor/lib/test/auto/DiscreteClock12.xml
----------------- Instantiating /home/travis/build/icyphy/ptII/ptolemy/actor/lib/test/auto/DiscreteClock12.xml
3 ms. Memory: 718336K Free: 358393K (50%)
----------------- Invoking toplevel() on ptolemy.moml.MoMLSimpleApplication@113ef000
----------------- Done invoking toplevel() on ptolemy.moml.MoMLSimpleApplication@113ef000
reloadAllAccessors: .DiscreteClock12

===========================================================================================
----------------- testing Sat Nov 24 02:48:36 UTC 2018 /home/travis/build/icyphy/ptII/ptolemy/actor/lib/test/auto/DiscreteClock13.xml
----------------- Instantiating /home/travis/build/icyphy/ptII/ptolemy/actor/lib/test/auto/DiscreteClock13.xml
7 ms. Memory: 718336K Free: 343444K (48%)
----------------- Invoking toplevel() on ptolemy.moml.MoMLSimpleApplication@5b47dd0f
----------------- Done invoking toplevel() on ptolemy.moml.MoMLSimpleApplication@5b47dd0f
reloadAllAccessors: .DiscreteClock13

===========================================================================================
----------------- testing Sat Nov 24 02:48:36 UTC 2018 /home/travis/build/icyphy/ptII/ptolemy/actor/lib/test/auto/DiscreteClock14.xml
----------------- Instantiating /home/travis/build/icyphy/ptII/ptolemy/actor/lib/test/auto/DiscreteClock14.xml
4 ms. Memory: 718336K Free: 334127K (47%)
----------------- Invoking toplevel() on ptolemy.moml.MoMLSimpleApplication@37ed0d8c
----------------- Done invoking toplevel() on ptolemy.moml.MoMLSimpleApplication@37ed0d8c
reloadAllAccessors: .DiscreteClock14

===========================================================================================
----------------- testing Sat Nov 24 02:48:36 UTC 2018 /home/travis/build/icyphy/ptII/ptolemy/actor/lib/test/auto/DiscreteClock15.xml
----------------- Instantiating /home/travis/build/icyphy/ptII/ptolemy/actor/lib/test/auto/DiscreteClock15.xml
6 ms. Memory: 718336K Free: 324811K (45%)
----------------- Invoking toplevel() on ptolemy.moml.MoMLSimpleApplication@7d600fcc
----------------- Done invoking toplevel() on ptolemy.moml.MoMLSimpleApplication@7d600fcc
reloadAllAccessors: .DiscreteClock15

===========================================================================================
----------------- testing Sat Nov 24 02:48:36 UTC 2018 /home/travis/build/icyphy/ptII/ptolemy/actor/lib/test/auto/DiscreteClock16.xml
----------------- Instantiating /home/travis/build/icyphy/ptII/ptolemy/actor/lib/test/auto/DiscreteClock16.xml
18 ms. Memory: 718336K Free: 303645K (42%)
----------------- Invoking toplevel() on ptolemy.moml.MoMLSimpleApplication@11dc70a8
----------------- Done invoking toplevel() on ptolemy.moml.MoMLSimpleApplication@11dc70a8
reloadAllAccessors: .DiscreteClock16

===========================================================================================
----------------- testing Sat Nov 24 02:48:36 UTC 2018 /home/travis/build/icyphy/ptII/ptolemy/actor/lib/test/auto/DiscreteClock17.xml
----------------- Instantiating /home/travis/build/icyphy/ptII/ptolemy/actor/lib/test/auto/DiscreteClock17.xml
17 ms. Memory: 718336K Free: 285020K (40%)
----------------- Invoking toplevel() on ptolemy.moml.MoMLSimpleApplication@1a612bff
----------------- Done invoking toplevel() on ptolemy.moml.MoMLSimpleApplication@1a612bff
reloadAllAccessors: .DiscreteClock17

===========================================================================================
----------------- testing Sat Nov 24 02:48:36 UTC 2018 /home/travis/build/icyphy/ptII/ptolemy/actor/lib/test/auto/DiscreteClock18.xml
----------------- Instantiating /home/travis/build/icyphy/ptII/ptolemy/actor/lib/test/auto/DiscreteClock18.xml
13 ms. Memory: 718336K Free: 263852K (37%)
----------------- Invoking toplevel() on ptolemy.moml.MoMLSimpleApplication@66189470
----------------- Done invoking toplevel() on ptolemy.moml.MoMLSimpleApplication@66189470
reloadAllAccessors: .DiscreteClock18

===========================================================================================
----------------- testing Sat Nov 24 02:48:36 UTC 2018 /home/travis/build/icyphy/ptII/ptolemy/actor/lib/test/auto/DiscreteClock19.xml
----------------- Instantiating /home/travis/build/icyphy/ptII/ptolemy/actor/lib/test/auto/DiscreteClock19.xml
17 ms. Memory: 1107456K Free: 1053541K (95%)
----------------- Invoking toplevel() on ptolemy.moml.MoMLSimpleApplication@53752836
----------------- Done invoking toplevel() on ptolemy.moml.MoMLSimpleApplication@53752836
reloadAllAccessors: .DiscreteClock19

===========================================================================================
----------------- testing Sat Nov 24 02:48:36 UTC 2018 /home/travis/build/icyphy/ptII/ptolemy/actor/lib/test/auto/DiscreteClock2.xml
----------------- Instantiating /home/travis/build/icyphy/ptII/ptolemy/actor/lib/test/auto/DiscreteClock2.xml
7 ms. Memory: 1107456K Free: 1036489K (94%)
----------------- Invoking toplevel() on ptolemy.moml.MoMLSimpleApplication@40286aca
----------------- Done invoking toplevel() on ptolemy.moml.MoMLSimpleApplication@40286aca
reloadAllAccessors: .DiscreteClock2

===========================================================================================
----------------- testing Sat Nov 24 02:48:36 UTC 2018 /home/travis/build/icyphy/ptII/ptolemy/actor/lib/test/auto/DiscreteClock20.xml
----------------- Instantiating /home/travis/build/icyphy/ptII/ptolemy/actor/lib/test/auto/DiscreteClock20.xml
9 ms. Memory: 1107456K Free: 1026567K (93%)
----------------- Invoking toplevel() on ptolemy.moml.MoMLSimpleApplication@cbec1f1
----------------- Done invoking toplevel() on ptolemy.moml.MoMLSimpleApplication@cbec1f1
reloadAllAccessors: .DiscreteClock20

===========================================================================================
----------------- testing Sat Nov 24 02:48:36 UTC 2018 /home/travis/build/icyphy/ptII/ptolemy/actor/lib/test/auto/DiscreteClock21.xml
----------------- Instantiating /home/travis/build/icyphy/ptII/ptolemy/actor/lib/test/auto/DiscreteClock21.xml
7 ms. Memory: 1107456K Free: 1016607K (92%)
----------------- Invoking toplevel() on ptolemy.moml.MoMLSimpleApplication@1e019b42
----------------- Done invoking toplevel() on ptolemy.moml.MoMLSimpleApplication@1e019b42
reloadAllAccessors: .DiscreteClock21

===========================================================================================
----------------- testing Sat Nov 24 02:48:36 UTC 2018 /home/travis/build/icyphy/ptII/ptolemy/actor/lib/test/auto/DiscreteClock22.xml
----------------- Instantiating /home/travis/build/icyphy/ptII/ptolemy/actor/lib/test/auto/DiscreteClock22.xml
8 ms. Memory: 1107456K Free: 999555K (90%)
----------------- Invoking toplevel() on ptolemy.moml.MoMLSimpleApplication@789602a7
----------------- Done invoking toplevel() on ptolemy.moml.MoMLSimpleApplication@789602a7
reloadAllAccessors: .DiscreteClock22

===========================================================================================
----------------- testing Sat Nov 24 02:48:37 UTC 2018 /home/travis/build/icyphy/ptII/ptolemy/actor/lib/test/auto/DiscreteClock23.xml
----------------- Instantiating /home/travis/build/icyphy/ptII/ptolemy/actor/lib/test/auto/DiscreteClock23.xml
11 ms. Memory: 1107456K Free: 989633K (89%)
----------------- Invoking toplevel() on ptolemy.moml.MoMLSimpleApplication@70ca8568
----------------- Done invoking toplevel() on ptolemy.moml.MoMLSimpleApplication@70ca8568
reloadAllAccessors: .DiscreteClock23

===========================================================================================
----------------- testing Sat Nov 24 02:48:37 UTC 2018 /home/travis/build/icyphy/ptII/ptolemy/actor/lib/test/auto/DiscreteClock24.xml
----------------- Instantiating /home/travis/build/icyphy/ptII/ptolemy/actor/lib/test/auto/DiscreteClock24.xml
6 ms. Memory: 1107456K Free: 979710K (88%)
----------------- Invoking toplevel() on ptolemy.moml.MoMLSimpleApplication@24e1434e
----------------- Done invoking toplevel() on ptolemy.moml.MoMLSimpleApplication@24e1434e
reloadAllAccessors: .DiscreteClock24

===========================================================================================
----------------- testing Sat Nov 24 02:48:37 UTC 2018 /home/travis/build/icyphy/ptII/ptolemy/actor/lib/test/auto/DiscreteClock4.xml
----------------- Instantiating /home/travis/build/icyphy/ptII/ptolemy/actor/lib/test/auto/DiscreteClock4.xml
5 ms. Memory: 1107456K Free: 962659K (87%)
----------------- Invoking toplevel() on ptolemy.moml.MoMLSimpleApplication@6a46999e
----------------- Done invoking toplevel() on ptolemy.moml.MoMLSimpleApplication@6a46999e
reloadAllAccessors: .DiscreteClock4

===========================================================================================
----------------- testing Sat Nov 24 02:48:37 UTC 2018 /home/travis/build/icyphy/ptII/ptolemy/actor/lib/test/auto/DiscreteClock5.xml
----------------- Instantiating /home/travis/build/icyphy/ptII/ptolemy/actor/lib/test/auto/DiscreteClock5.xml
2 ms. Memory: 1107456K Free: 952736K (86%)
----------------- Invoking toplevel() on ptolemy.moml.MoMLSimpleApplication@39410f7d
----------------- Done invoking toplevel() on ptolemy.moml.MoMLSimpleApplication@39410f7d
reloadAllAccessors: .DiscreteClock5

===========================================================================================
----------------- testing Sat Nov 24 02:48:37 UTC 2018 /home/travis/build/icyphy/ptII/ptolemy/actor/lib/test/auto/DiscreteClock6.xml
----------------- Instantiating /home/travis/build/icyphy/ptII/ptolemy/actor/lib/test/auto/DiscreteClock6.xml
2 ms. Memory: 1107456K Free: 942813K (85%)
----------------- Invoking toplevel() on ptolemy.moml.MoMLSimpleApplication@3b680843
----------------- Done invoking toplevel() on ptolemy.moml.MoMLSimpleApplication@3b680843
reloadAllAccessors: .DiscreteClock6

===========================================================================================
----------------- testing Sat Nov 24 02:48:37 UTC 2018 /home/travis/build/icyphy/ptII/ptolemy/actor/lib/test/auto/DiscreteClock7.xml
----------------- Instantiating /home/travis/build/icyphy/ptII/ptolemy/actor/lib/test/auto/DiscreteClock7.xml
2 ms. Memory: 1107456K Free: 925762K (84%)
----------------- Invoking toplevel() on ptolemy.moml.MoMLSimpleApplication@75081904
----------------- Done invoking toplevel() on ptolemy.moml.MoMLSimpleApplication@75081904
reloadAllAccessors: .DiscreteClock7

===========================================================================================
----------------- testing Sat Nov 24 02:48:37 UTC 2018 /home/travis/build/icyphy/ptII/ptolemy/actor/lib/test/auto/DiscreteClock8.xml
----------------- Instantiating /home/travis/build/icyphy/ptII/ptolemy/actor/lib/test/auto/DiscreteClock8.xml
6 ms. Memory: 1107456K Free: 915839K (83%)
----------------- Invoking toplevel() on ptolemy.moml.MoMLSimpleApplication@3f8d4014
----------------- Done invoking toplevel() on ptolemy.moml.MoMLSimpleApplication@3f8d4014
reloadAllAccessors: .DiscreteClock8

===========================================================================================
----------------- testing Sat Nov 24 02:48:37 UTC 2018 /home/travis/build/icyphy/ptII/ptolemy/actor/lib/test/auto/DiscreteClock9.xml
----------------- Instantiating /home/travis/build/icyphy/ptII/ptolemy/actor/lib/test/auto/DiscreteClock9.xml
2 ms. Memory: 1107456K Free: 905917K (82%)
----------------- Invoking toplevel() on ptolemy.moml.MoMLSimpleApplication@6cb49e7f
----------------- Done invoking toplevel() on ptolemy.moml.MoMLSimpleApplication@6cb49e7f
reloadAllAccessors: .DiscreteClock9

===========================================================================================
----------------- testing Sat Nov 24 02:48:37 UTC 2018 /home/travis/build/icyphy/ptII/ptolemy/actor/lib/test/auto/DisplayArray.xml
----------------- Instantiating /home/travis/build/icyphy/ptII/ptolemy/actor/lib/test/auto/DisplayArray.xml
1 ms. Memory: 1107456K Free: 888865K (80%)
----------------- Invoking toplevel() on ptolemy.moml.MoMLSimpleApplication@2041dbb7
----------------- Done invoking toplevel() on ptolemy.moml.MoMLSimpleApplication@2041dbb7
reloadAllAccessors: .DisplayArray

===========================================================================================
----------------- testing Sat Nov 24 02:48:37 UTC 2018 /home/travis/build/icyphy/ptII/ptolemy/actor/lib/test/auto/Distributor.xml
----------------- Instantiating /home/travis/build/icyphy/ptII/ptolemy/actor/lib/test/auto/Distributor.xml
2 ms. Memory: 1107456K Free: 878942K (79%)
----------------- Invoking toplevel() on ptolemy.moml.MoMLSimpleApplication@2aabd2c8
----------------- Done invoking toplevel() on ptolemy.moml.MoMLSimpleApplication@2aabd2c8
reloadAllAccessors: .Distributor

===========================================================================================
----------------- testing Sat Nov 24 02:48:37 UTC 2018 /home/travis/build/icyphy/ptII/ptolemy/actor/lib/test/auto/Distributor2.xml
----------------- Instantiating /home/travis/build/icyphy/ptII/ptolemy/actor/lib/test/auto/Distributor2.xml
1 ms. Memory: 1107456K Free: 869020K (78%)
----------------- Invoking toplevel() on ptolemy.moml.MoMLSimpleApplication@777abef5
----------------- Done invoking toplevel() on ptolemy.moml.MoMLSimpleApplication@777abef5
reloadAllAccessors: .Distributor2

===========================================================================================
----------------- testing Sat Nov 24 02:48:37 UTC 2018 /home/travis/build/icyphy/ptII/ptolemy/actor/lib/test/auto/DownSample.xml
----------------- Instantiating /home/travis/build/icyphy/ptII/ptolemy/actor/lib/test/auto/DownSample.xml
1 ms. Memory: 1107456K Free: 851969K (77%)
----------------- Invoking toplevel() on ptolemy.moml.MoMLSimpleApplication@2f66da75
----------------- Done invoking toplevel() on ptolemy.moml.MoMLSimpleApplication@2f66da75
reloadAllAccessors: .DownSample

===========================================================================================
----------------- testing Sat Nov 24 02:48:37 UTC 2018 /home/travis/build/icyphy/ptII/ptolemy/actor/lib/test/auto/ElectronicUnitBase1.xml
----------------- Instantiating /home/travis/build/icyphy/ptII/ptolemy/actor/lib/test/auto/ElectronicUnitBase1.xml
23 ms. Memory: 1107456K Free: 832107K (75%)
----------------- Invoking toplevel() on ptolemy.moml.MoMLSimpleApplication@7c4cb0d4
----------------- Done invoking toplevel() on ptolemy.moml.MoMLSimpleApplication@7c4cb0d4
reloadAllAccessors: .ElectronicUnitBase1

===========================================================================================
----------------- testing Sat Nov 24 02:48:37 UTC 2018 /home/travis/build/icyphy/ptII/ptolemy/actor/lib/test/auto/ElementsToArray.xml
----------------- Instantiating /home/travis/build/icyphy/ptII/ptolemy/actor/lib/test/auto/ElementsToArray.xml
2 ms. Memory: 1107456K Free: 822185K (74%)
----------------- Invoking toplevel() on ptolemy.moml.MoMLSimpleApplication@6dd4d25
----------------- Done invoking toplevel() on ptolemy.moml.MoMLSimpleApplication@6dd4d25
reloadAllAccessors: .ElementsToArray

===========================================================================================
----------------- testing Sat Nov 24 02:48:37 UTC 2018 /home/travis/build/icyphy/ptII/ptolemy/actor/lib/test/auto/Equals.xml
----------------- Instantiating /home/travis/build/icyphy/ptII/ptolemy/actor/lib/test/auto/Equals.xml
1 ms. Memory: 1107456K Free: 805133K (73%)
----------------- Invoking toplevel() on ptolemy.moml.MoMLSimpleApplication@52509ea2
----------------- Done invoking toplevel() on ptolemy.moml.MoMLSimpleApplication@52509ea2
reloadAllAccessors: .Equals

===========================================================================================
----------------- testing Sat Nov 24 02:48:37 UTC 2018 /home/travis/build/icyphy/ptII/ptolemy/actor/lib/test/auto/Exec.xml
----------------- Instantiating /home/travis/build/icyphy/ptII/ptolemy/actor/lib/test/auto/Exec.xml
11 ms. Memory: 1107456K Free: 775365K (70%)
----------------- Invoking toplevel() on ptolemy.moml.MoMLSimpleApplication@63aade1d
----------------- Done invoking toplevel() on ptolemy.moml.MoMLSimpleApplication@63aade1d
reloadAllAccessors: .Exec

===========================================================================================
----------------- testing Sat Nov 24 02:48:37 UTC 2018 /home/travis/build/icyphy/ptII/ptolemy/actor/lib/test/auto/ExecEnvironment.xml
----------------- Instantiating /home/travis/build/icyphy/ptII/ptolemy/actor/lib/test/auto/ExecEnvironment.xml
30 ms. Memory: 1107456K Free: 765443K (69%)
----------------- Invoking toplevel() on ptolemy.moml.MoMLSimpleApplication@23bb8da7
----------------- Done invoking toplevel() on ptolemy.moml.MoMLSimpleApplication@23bb8da7
reloadAllAccessors: .ExecEnvironment

===========================================================================================
----------------- testing Sat Nov 24 02:48:37 UTC 2018 /home/travis/build/icyphy/ptII/ptolemy/actor/lib/test/auto/ExecNonZeroReturnOutput.xml
----------------- Instantiating /home/travis/build/icyphy/ptII/ptolemy/actor/lib/test/auto/ExecNonZeroReturnOutput.xml
133 ms. Memory: 1107456K Free: 683894K (62%)
----------------- Invoking toplevel() on ptolemy.moml.MoMLSimpleApplication@2702155f
----------------- Done invoking toplevel() on ptolemy.moml.MoMLSimpleApplication@2702155f
reloadAllAccessors: .ExecNonZeroReturnOutput

===========================================================================================
----------------- testing Sat Nov 24 02:48:37 UTC 2018 /home/travis/build/icyphy/ptII/ptolemy/actor/lib/test/auto/ExecRunDemos.xml
----------------- Instantiating /home/travis/build/icyphy/ptII/ptolemy/actor/lib/test/auto/ExecRunDemos.xml
Finished: 105 ms. Memory: 116224K Free: 100086K (86%)

Finished: 46 ms. Memory: 116224K Free: 96344K (83%)

Finished: 94 ms. Memory: 116224K Free: 96915K (83%)

Finished: 66 ms. Memory: 116224K Free: 98219K (85%)

Finished: 39 ms. Memory: 116224K Free: 99505K (86%)

9636 ms. Memory: 1107456K Free: 614424K (55%)
----------------- Invoking toplevel() on ptolemy.moml.MoMLSimpleApplication@4c3012ef
----------------- Done invoking toplevel() on ptolemy.moml.MoMLSimpleApplication@4c3012ef
reloadAllAccessors: .ExecRunDemos

===========================================================================================
----------------- testing Sat Nov 24 02:48:47 UTC 2018 /home/travis/build/icyphy/ptII/ptolemy/actor/lib/test/auto/ExecStop.xml
----------------- Instantiating /home/travis/build/icyphy/ptII/ptolemy/actor/lib/test/auto/ExecStop.xml
5011 ms. Memory: 1107456K Free: 470546K (42%)
----------------- Invoking toplevel() on ptolemy.moml.MoMLSimpleApplication@e86f00e
----------------- Done invoking toplevel() on ptolemy.moml.MoMLSimpleApplication@e86f00e
reloadAllAccessors: .ExecStop

===========================================================================================
----------------- testing Sat Nov 24 02:48:52 UTC 2018 /home/travis/build/icyphy/ptII/ptolemy/actor/lib/test/auto/ExecutionTimeSDF.xml
----------------- Instantiating /home/travis/build/icyphy/ptII/ptolemy/actor/lib/test/auto/ExecutionTimeSDF.xml
Fired ExecutionTime: -1618167296
Fired ExecutionTime: 872400000
Fired ExecutionTime: -1182967296
6013 ms. Memory: 1107456K Free: 443572K (40%)
----------------- Invoking toplevel() on ptolemy.moml.MoMLSimpleApplication@6534e062
----------------- Done invoking toplevel() on ptolemy.moml.MoMLSimpleApplication@6534e062
reloadAllAccessors: .ExecutionTimeSDF

===========================================================================================
----------------- testing Sat Nov 24 02:48:58 UTC 2018 /home/travis/build/icyphy/ptII/ptolemy/actor/lib/test/auto/Expression1.xml
----------------- Instantiating /home/travis/build/icyphy/ptII/ptolemy/actor/lib/test/auto/Expression1.xml
1 ms. Memory: 1107456K Free: 433649K (39%)
----------------- Invoking toplevel() on ptolemy.moml.MoMLSimpleApplication@3e8652db
----------------- Done invoking toplevel() on ptolemy.moml.MoMLSimpleApplication@3e8652db
reloadAllAccessors: .Expression1

===========================================================================================
----------------- testing Sat Nov 24 02:48:58 UTC 2018 /home/travis/build/icyphy/ptII/ptolemy/actor/lib/test/auto/Expression10.xml
----------------- Instantiating /home/travis/build/icyphy/ptII/ptolemy/actor/lib/test/auto/Expression10.xml
6 ms. Memory: 1107456K Free: 423727K (38%)
----------------- Invoking toplevel() on ptolemy.moml.MoMLSimpleApplication@1c0cd266
----------------- Done invoking toplevel() on ptolemy.moml.MoMLSimpleApplication@1c0cd266
reloadAllAccessors: .Expression10

===========================================================================================
----------------- testing Sat Nov 24 02:48:58 UTC 2018 /home/travis/build/icyphy/ptII/ptolemy/actor/lib/test/auto/Expression11.xml
----------------- Instantiating /home/travis/build/icyphy/ptII/ptolemy/actor/lib/test/auto/Expression11.xml
2 ms. Memory: 1107456K Free: 406675K (37%)
----------------- Invoking toplevel() on ptolemy.moml.MoMLSimpleApplication@77a0ebf0
----------------- Done invoking toplevel() on ptolemy.moml.MoMLSimpleApplication@77a0ebf0
reloadAllAccessors: .Expression11

===========================================================================================
----------------- testing Sat Nov 24 02:48:58 UTC 2018 /home/travis/build/icyphy/ptII/ptolemy/actor/lib/test/auto/Expression12.xml
----------------- Instantiating /home/travis/build/icyphy/ptII/ptolemy/actor/lib/test/auto/Expression12.xml
3 ms. Memory: 1107456K Free: 396753K (36%)
----------------- Invoking toplevel() on ptolemy.moml.MoMLSimpleApplication@71be56c5
----------------- Done invoking toplevel() on ptolemy.moml.MoMLSimpleApplication@71be56c5
reloadAllAccessors: .Expression12

===========================================================================================
----------------- testing Sat Nov 24 02:48:58 UTC 2018 /home/travis/build/icyphy/ptII/ptolemy/actor/lib/test/auto/Expression13.xml
----------------- Instantiating /home/travis/build/icyphy/ptII/ptolemy/actor/lib/test/auto/Expression13.xml
3 ms. Memory: 1107456K Free: 386830K (35%)
----------------- Invoking toplevel() on ptolemy.moml.MoMLSimpleApplication@514e862e
----------------- Done invoking toplevel() on ptolemy.moml.MoMLSimpleApplication@514e862e
reloadAllAccessors: .Expression13

===========================================================================================
----------------- testing Sat Nov 24 02:48:58 UTC 2018 /home/travis/build/icyphy/ptII/ptolemy/actor/lib/test/auto/Expression14.xml
----------------- Instantiating /home/travis/build/icyphy/ptII/ptolemy/actor/lib/test/auto/Expression14.xml
3 ms. Memory: 1107456K Free: 369779K (33%)
----------------- Invoking toplevel() on ptolemy.moml.MoMLSimpleApplication@75386a99
----------------- Done invoking toplevel() on ptolemy.moml.MoMLSimpleApplication@75386a99
reloadAllAccessors: .Expression14

===========================================================================================
----------------- testing Sat Nov 24 02:48:58 UTC 2018 /home/travis/build/icyphy/ptII/ptolemy/actor/lib/test/auto/Expression15.xml
----------------- Instantiating /home/travis/build/icyphy/ptII/ptolemy/actor/lib/test/auto/Expression15.xml
2 ms. Memory: 1107456K Free: 359856K (32%)
----------------- Invoking toplevel() on ptolemy.moml.MoMLSimpleApplication@3a26ec1
----------------- Done invoking toplevel() on ptolemy.moml.MoMLSimpleApplication@3a26ec1
reloadAllAccessors: .Expression15

===========================================================================================
----------------- testing Sat Nov 24 02:48:58 UTC 2018 /home/travis/build/icyphy/ptII/ptolemy/actor/lib/test/auto/Expression16.xml
----------------- Instantiating /home/travis/build/icyphy/ptII/ptolemy/actor/lib/test/auto/Expression16.xml
3 ms. Memory: 1107456K Free: 349934K (32%)
----------------- Invoking toplevel() on ptolemy.moml.MoMLSimpleApplication@661eaa36
----------------- Done invoking toplevel() on ptolemy.moml.MoMLSimpleApplication@661eaa36
reloadAllAccessors: .Expression16

===========================================================================================
----------------- testing Sat Nov 24 02:48:58 UTC 2018 /home/travis/build/icyphy/ptII/ptolemy/actor/lib/test/auto/Expression17.xml
----------------- Instantiating /home/travis/build/icyphy/ptII/ptolemy/actor/lib/test/auto/Expression17.xml
2 ms. Memory: 1107456K Free: 332882K (30%)
----------------- Invoking toplevel() on ptolemy.moml.MoMLSimpleApplication@9149ff6
----------------- Done invoking toplevel() on ptolemy.moml.MoMLSimpleApplication@9149ff6
reloadAllAccessors: .Expression17

===========================================================================================
----------------- testing Sat Nov 24 02:48:58 UTC 2018 /home/travis/build/icyphy/ptII/ptolemy/actor/lib/test/auto/Expression18.xml
----------------- Instantiating /home/travis/build/icyphy/ptII/ptolemy/actor/lib/test/auto/Expression18.xml
2 ms. Memory: 1107456K Free: 322960K (29%)
----------------- Invoking toplevel() on ptolemy.moml.MoMLSimpleApplication@130d69ba
----------------- Done invoking toplevel() on ptolemy.moml.MoMLSimpleApplication@130d69ba
reloadAllAccessors: .Expression18

===========================================================================================
----------------- testing Sat Nov 24 02:48:58 UTC 2018 /home/travis/build/icyphy/ptII/ptolemy/actor/lib/test/auto/Expression2.xml
----------------- Instantiating /home/travis/build/icyphy/ptII/ptolemy/actor/lib/test/auto/Expression2.xml
3 ms. Memory: 1107456K Free: 313037K (28%)
----------------- Invoking toplevel() on ptolemy.moml.MoMLSimpleApplication@7597b8c0
----------------- Done invoking toplevel() on ptolemy.moml.MoMLSimpleApplication@7597b8c0
reloadAllAccessors: .Expression2

===========================================================================================
----------------- testing Sat Nov 24 02:48:58 UTC 2018 /home/travis/build/icyphy/ptII/ptolemy/actor/lib/test/auto/Expression3.xml
----------------- Instantiating /home/travis/build/icyphy/ptII/ptolemy/actor/lib/test/auto/Expression3.xml
3 ms. Memory: 1107456K Free: 295986K (27%)
----------------- Invoking toplevel() on ptolemy.moml.MoMLSimpleApplication@4a981ee8
----------------- Done invoking toplevel() on ptolemy.moml.MoMLSimpleApplication@4a981ee8
reloadAllAccessors: .Expression3

===========================================================================================
----------------- testing Sat Nov 24 02:48:58 UTC 2018 /home/travis/build/icyphy/ptII/ptolemy/actor/lib/test/auto/Expression4.xml
----------------- Instantiating /home/travis/build/icyphy/ptII/ptolemy/actor/lib/test/auto/Expression4.xml
4 ms. Memory: 1107456K Free: 281086K (25%)
----------------- Invoking toplevel() on ptolemy.moml.MoMLSimpleApplication@1845726f
----------------- Done invoking toplevel() on ptolemy.moml.MoMLSimpleApplication@1845726f
reloadAllAccessors: .Expression4

===========================================================================================
----------------- testing Sat Nov 24 02:48:58 UTC 2018 /home/travis/build/icyphy/ptII/ptolemy/actor/lib/test/auto/Expression5.xml
----------------- Instantiating /home/travis/build/icyphy/ptII/ptolemy/actor/lib/test/auto/Expression5.xml
3 ms. Memory: 1107456K Free: 271163K (24%)
----------------- Invoking toplevel() on ptolemy.moml.MoMLSimpleApplication@9301045
----------------- Done invoking toplevel() on ptolemy.moml.MoMLSimpleApplication@9301045
reloadAllAccessors: .Expression5

===========================================================================================
----------------- testing Sat Nov 24 02:48:58 UTC 2018 /home/travis/build/icyphy/ptII/ptolemy/actor/lib/test/auto/Expression6.xml
----------------- Instantiating /home/travis/build/icyphy/ptII/ptolemy/actor/lib/test/auto/Expression6.xml
3 ms. Memory: 1107456K Free: 261241K (24%)
----------------- Invoking toplevel() on ptolemy.moml.MoMLSimpleApplication@4cdd1a6f
----------------- Done invoking toplevel() on ptolemy.moml.MoMLSimpleApplication@4cdd1a6f
reloadAllAccessors: .Expression6

===========================================================================================
----------------- testing Sat Nov 24 02:48:58 UTC 2018 /home/travis/build/icyphy/ptII/ptolemy/actor/lib/test/auto/Expression7.xml
----------------- Instantiating /home/travis/build/icyphy/ptII/ptolemy/actor/lib/test/auto/Expression7.xml
3 ms. Memory: 1107456K Free: 244189K (22%)
----------------- Invoking toplevel() on ptolemy.moml.MoMLSimpleApplication@38652a2
----------------- Done invoking toplevel() on ptolemy.moml.MoMLSimpleApplication@38652a2
reloadAllAccessors: .Expression7

===========================================================================================
----------------- testing Sat Nov 24 02:48:58 UTC 2018 /home/travis/build/icyphy/ptII/ptolemy/actor/lib/test/auto/Expression8.xml
----------------- Instantiating /home/travis/build/icyphy/ptII/ptolemy/actor/lib/test/auto/Expression8.xml
5 ms. Memory: 1107456K Free: 234266K (21%)
----------------- Invoking toplevel() on ptolemy.moml.MoMLSimpleApplication@35b4c0d3
----------------- Done invoking toplevel() on ptolemy.moml.MoMLSimpleApplication@35b4c0d3
reloadAllAccessors: .Expression8

===========================================================================================
----------------- testing Sat Nov 24 02:48:58 UTC 2018 /home/travis/build/icyphy/ptII/ptolemy/actor/lib/test/auto/Expression9.xml
----------------- Instantiating /home/travis/build/icyphy/ptII/ptolemy/actor/lib/test/auto/Expression9.xml
1 ms. Memory: 1107456K Free: 224344K (20%)
----------------- Invoking toplevel() on ptolemy.moml.MoMLSimpleApplication@708a6627
----------------- Done invoking toplevel() on ptolemy.moml.MoMLSimpleApplication@708a6627
reloadAllAccessors: .Expression9

===========================================================================================
----------------- testing Sat Nov 24 02:48:58 UTC 2018 /home/travis/build/icyphy/ptII/ptolemy/actor/lib/test/auto/ExpressionConcatenateArrayType.xml
----------------- Instantiating /home/travis/build/icyphy/ptII/ptolemy/actor/lib/test/auto/ExpressionConcatenateArrayType.xml
3 ms. Memory: 1107456K Free: 202331K (18%)
----------------- Invoking toplevel() on ptolemy.moml.MoMLSimpleApplication@2aa60a5
----------------- Done invoking toplevel() on ptolemy.moml.MoMLSimpleApplication@2aa60a5
reloadAllAccessors: .ExpressionConcatenateArrayType

===========================================================================================
----------------- testing Sat Nov 24 02:48:58 UTC 2018 /home/travis/build/icyphy/ptII/ptolemy/actor/lib/test/auto/ExpressionConcatenateArrayType2.xml
----------------- Instantiating /home/travis/build/icyphy/ptII/ptolemy/actor/lib/test/auto/ExpressionConcatenateArrayType2.xml
2 ms. Memory: 1107456K Free: 187447K (17%)
----------------- Invoking toplevel() on ptolemy.moml.MoMLSimpleApplication@132ac7c6
----------------- Done invoking toplevel() on ptolemy.moml.MoMLSimpleApplication@132ac7c6
reloadAllAccessors: .ExpressionConcatenateArrayType2

===========================================================================================
----------------- testing Sat Nov 24 02:48:58 UTC 2018 /home/travis/build/icyphy/ptII/ptolemy/actor/lib/test/auto/ExpressionFix.xml
----------------- Instantiating /home/travis/build/icyphy/ptII/ptolemy/actor/lib/test/auto/ExpressionFix.xml
9 ms. Memory: 1107456K Free: 177524K (16%)
----------------- Invoking toplevel() on ptolemy.moml.MoMLSimpleApplication@2d241bb0
----------------- Done invoking toplevel() on ptolemy.moml.MoMLSimpleApplication@2d241bb0
reloadAllAccessors: .ExpressionFix

===========================================================================================
----------------- testing Sat Nov 24 02:48:58 UTC 2018 /home/travis/build/icyphy/ptII/ptolemy/actor/lib/test/auto/ExpressionFix2.xml
----------------- Instantiating /home/travis/build/icyphy/ptII/ptolemy/actor/lib/test/auto/ExpressionFix2.xml
2 ms. Memory: 1107456K Free: 160473K (14%)
----------------- Invoking toplevel() on ptolemy.moml.MoMLSimpleApplication@12b19049
----------------- Done invoking toplevel() on ptolemy.moml.MoMLSimpleApplication@12b19049
reloadAllAccessors: .ExpressionFix2

===========================================================================================
----------------- testing Sat Nov 24 02:48:58 UTC 2018 /home/travis/build/icyphy/ptII/ptolemy/actor/lib/test/auto/ExpressionFix3.xml
----------------- Instantiating /home/travis/build/icyphy/ptII/ptolemy/actor/lib/test/auto/ExpressionFix3.xml
2 ms. Memory: 1107456K Free: 150550K (14%)
----------------- Invoking toplevel() on ptolemy.moml.MoMLSimpleApplication@2831368
----------------- Done invoking toplevel() on ptolemy.moml.MoMLSimpleApplication@2831368
reloadAllAccessors: .ExpressionFix3

===========================================================================================
----------------- testing Sat Nov 24 02:48:58 UTC 2018 /home/travis/build/icyphy/ptII/ptolemy/actor/lib/test/auto/FileWriter1.xml
----------------- Instantiating /home/travis/build/icyphy/ptII/ptolemy/actor/lib/test/auto/FileWriter1.xml
3 ms. Memory: 1107456K Free: 140628K (13%)
----------------- Invoking toplevel() on ptolemy.moml.MoMLSimpleApplication@37c97785
----------------- Done invoking toplevel() on ptolemy.moml.MoMLSimpleApplication@37c97785
reloadAllAccessors: .FileWriter1

===========================================================================================
----------------- testing Sat Nov 24 02:48:58 UTC 2018 /home/travis/build/icyphy/ptII/ptolemy/actor/lib/test/auto/FileWriter2.xml
----------------- Instantiating /home/travis/build/icyphy/ptII/ptolemy/actor/lib/test/auto/FileWriter2.xml
2 ms. Memory: 1107456K Free: 123576K (11%)
----------------- Invoking toplevel() on ptolemy.moml.MoMLSimpleApplication@1045b6b5
----------------- Done invoking toplevel() on ptolemy.moml.MoMLSimpleApplication@1045b6b5
reloadAllAccessors: .FileWriter2

===========================================================================================
----------------- testing Sat Nov 24 02:48:58 UTC 2018 /home/travis/build/icyphy/ptII/ptolemy/actor/lib/test/auto/FileWriter3.xml
----------------- Instantiating /home/travis/build/icyphy/ptII/ptolemy/actor/lib/test/auto/FileWriter3.xml
7 ms. Memory: 1107456K Free: 113654K (10%)
----------------- Invoking toplevel() on ptolemy.moml.MoMLSimpleApplication@746424a3
----------------- Done invoking toplevel() on ptolemy.moml.MoMLSimpleApplication@746424a3
reloadAllAccessors: .FileWriter3

===========================================================================================
----------------- testing Sat Nov 24 02:48:58 UTC 2018 /home/travis/build/icyphy/ptII/ptolemy/actor/lib/test/auto/Gaussian.xml
----------------- Instantiating /home/travis/build/icyphy/ptII/ptolemy/actor/lib/test/auto/Gaussian.xml
2 ms. Memory: 1107456K Free: 103731K (9%)
----------------- Invoking toplevel() on ptolemy.moml.MoMLSimpleApplication@762ca1f2
----------------- Done invoking toplevel() on ptolemy.moml.MoMLSimpleApplication@762ca1f2
reloadAllAccessors: .Gaussian

===========================================================================================
----------------- testing Sat Nov 24 02:48:58 UTC 2018 /home/travis/build/icyphy/ptII/ptolemy/actor/lib/test/auto/Gaussian1.xml
----------------- Instantiating /home/travis/build/icyphy/ptII/ptolemy/actor/lib/test/auto/Gaussian1.xml
2 ms. Memory: 1107456K Free: 86679K (8%)
----------------- Invoking toplevel() on ptolemy.moml.MoMLSimpleApplication@4db8cc58
----------------- Done invoking toplevel() on ptolemy.moml.MoMLSimpleApplication@4db8cc58
reloadAllAccessors: .Gaussian1

===========================================================================================
----------------- testing Sat Nov 24 02:48:58 UTC 2018 /home/travis/build/icyphy/ptII/ptolemy/actor/lib/test/auto/Gaussian2.xml
----------------- Instantiating /home/travis/build/icyphy/ptII/ptolemy/actor/lib/test/auto/Gaussian2.xml
2 ms. Memory: 1107456K Free: 77963K (7%)
----------------- Invoking toplevel() on ptolemy.moml.MoMLSimpleApplication@2b5bfe7
----------------- Done invoking toplevel() on ptolemy.moml.MoMLSimpleApplication@2b5bfe7
reloadAllAccessors: .Gaussian2

===========================================================================================
----------------- testing Sat Nov 24 02:48:58 UTC 2018 /home/travis/build/icyphy/ptII/ptolemy/actor/lib/test/auto/GradientAdaptiveLattice.xml
----------------- Instantiating /home/travis/build/icyphy/ptII/ptolemy/actor/lib/test/auto/GradientAdaptiveLattice.xml
2 ms. Memory: 1107456K Free: 1059205K (96%)
----------------- Invoking toplevel() on ptolemy.moml.MoMLSimpleApplication@5c626342
----------------- Done invoking toplevel() on ptolemy.moml.MoMLSimpleApplication@5c626342
reloadAllAccessors: .GradientAdaptiveLattice

===========================================================================================
----------------- testing Sat Nov 24 02:48:58 UTC 2018 /home/travis/build/icyphy/ptII/ptolemy/actor/lib/test/auto/IIR.xml
----------------- Instantiating /home/travis/build/icyphy/ptII/ptolemy/actor/lib/test/auto/IIR.xml
2 ms. Memory: 1107456K Free: 1043800K (94%)
----------------- Invoking toplevel() on ptolemy.moml.MoMLSimpleApplication@444fed96
----------------- Done invoking toplevel() on ptolemy.moml.MoMLSimpleApplication@444fed96
reloadAllAccessors: .IIR

===========================================================================================
----------------- testing Sat Nov 24 02:48:58 UTC 2018 /home/travis/build/icyphy/ptII/ptolemy/actor/lib/test/auto/InputOutputTransparentPorts.xml
----------------- Instantiating /home/travis/build/icyphy/ptII/ptolemy/actor/lib/test/auto/InputOutputTransparentPorts.xml
2 ms. Memory: 1107456K Free: 1028908K (93%)
----------------- Invoking toplevel() on ptolemy.moml.MoMLSimpleApplication@1c8f8799
----------------- Done invoking toplevel() on ptolemy.moml.MoMLSimpleApplication@1c8f8799
reloadAllAccessors: .InputOutputTransparentPorts

===========================================================================================
----------------- testing Sat Nov 24 02:48:59 UTC 2018 /home/travis/build/icyphy/ptII/ptolemy/actor/lib/test/auto/Interpolator.xml
----------------- Instantiating /home/travis/build/icyphy/ptII/ptolemy/actor/lib/test/auto/Interpolator.xml
3 ms. Memory: 1107456K Free: 1013503K (92%)
----------------- Invoking toplevel() on ptolemy.moml.MoMLSimpleApplication@7ea67c46
----------------- Done invoking toplevel() on ptolemy.moml.MoMLSimpleApplication@7ea67c46
reloadAllAccessors: .Interpolator

===========================================================================================
----------------- testing Sat Nov 24 02:48:59 UTC 2018 /home/travis/build/icyphy/ptII/ptolemy/actor/lib/test/auto/InterpolatorFiringLimitDE.xml
----------------- Instantiating /home/travis/build/icyphy/ptII/ptolemy/actor/lib/test/auto/InterpolatorFiringLimitDE.xml
2 ms. Memory: 1107456K Free: 1003581K (91%)
----------------- Invoking toplevel() on ptolemy.moml.MoMLSimpleApplication@133eb8e9
----------------- Done invoking toplevel() on ptolemy.moml.MoMLSimpleApplication@133eb8e9
reloadAllAccessors: .InterpolatorFiringLimitDE

===========================================================================================
----------------- testing Sat Nov 24 02:48:59 UTC 2018 /home/travis/build/icyphy/ptII/ptolemy/actor/lib/test/auto/Lattice.xml
----------------- Instantiating /home/travis/build/icyphy/ptII/ptolemy/actor/lib/test/auto/Lattice.xml
1 ms. Memory: 1107456K Free: 988176K (89%)
----------------- Invoking toplevel() on ptolemy.moml.MoMLSimpleApplication@54ef2949
----------------- Done invoking toplevel() on ptolemy.moml.MoMLSimpleApplication@54ef2949
reloadAllAccessors: .Lattice

===========================================================================================
----------------- testing Sat Nov 24 02:48:59 UTC 2018 /home/travis/build/icyphy/ptII/ptolemy/actor/lib/test/auto/LazyAOCTestLazy.xml
----------------- Instantiating /home/travis/build/icyphy/ptII/ptolemy/actor/lib/test/auto/LazyAOCTestLazy.xml
6 ms. Memory: 1107456K Free: 978253K (88%)
----------------- Invoking toplevel() on ptolemy.moml.MoMLSimpleApplication@72c69da
----------------- Done invoking toplevel() on ptolemy.moml.MoMLSimpleApplication@72c69da
reloadAllAccessors: .LazyAOCTestLazy

===========================================================================================
----------------- testing Sat Nov 24 02:48:59 UTC 2018 /home/travis/build/icyphy/ptII/ptolemy/actor/lib/test/auto/LazyAOCTestNonLazy.xml
----------------- Instantiating /home/travis/build/icyphy/ptII/ptolemy/actor/lib/test/auto/LazyAOCTestNonLazy.xml
2 ms. Memory: 1107456K Free: 963361K (87%)
----------------- Invoking toplevel() on ptolemy.moml.MoMLSimpleApplication@2cda6eca
----------------- Done invoking toplevel() on ptolemy.moml.MoMLSimpleApplication@2cda6eca
reloadAllAccessors: .LazyAOCTestNonLazy

===========================================================================================
----------------- testing Sat Nov 24 02:48:59 UTC 2018 /home/travis/build/icyphy/ptII/ptolemy/actor/lib/test/auto/LazyInnerClass.xml
----------------- Instantiating /home/travis/build/icyphy/ptII/ptolemy/actor/lib/test/auto/LazyInnerClass.xml
27 ms. Memory: 1107456K Free: 947957K (86%)
----------------- Invoking toplevel() on ptolemy.moml.MoMLSimpleApplication@32e4f315
----------------- Done invoking toplevel() on ptolemy.moml.MoMLSimpleApplication@32e4f315
reloadAllAccessors: .LazyInnerClass

===========================================================================================
----------------- testing Sat Nov 24 02:48:59 UTC 2018 /home/travis/build/icyphy/ptII/ptolemy/actor/lib/test/auto/LazyPubSub.xml
----------------- Instantiating /home/travis/build/icyphy/ptII/ptolemy/actor/lib/test/auto/LazyPubSub.xml
29 ms. Memory: 1107456K Free: 933065K (84%)
----------------- Invoking toplevel() on ptolemy.moml.MoMLSimpleApplication@6670d2e9
----------------- Done invoking toplevel() on ptolemy.moml.MoMLSimpleApplication@6670d2e9
reloadAllAccessors: .LazyPubSub

===========================================================================================
----------------- testing Sat Nov 24 02:48:59 UTC 2018 /home/travis/build/icyphy/ptII/ptolemy/actor/lib/test/auto/LazyPubSub2.xml
----------------- Instantiating /home/travis/build/icyphy/ptII/ptolemy/actor/lib/test/auto/LazyPubSub2.xml
18 ms. Memory: 1107456K Free: 912658K (82%)
----------------- Invoking toplevel() on ptolemy.moml.MoMLSimpleApplication@27dbfe52
----------------- Done invoking toplevel() on ptolemy.moml.MoMLSimpleApplication@27dbfe52
reloadAllAccessors: .LazyPubSub2

===========================================================================================
----------------- testing Sat Nov 24 02:48:59 UTC 2018 /home/travis/build/icyphy/ptII/ptolemy/actor/lib/test/auto/LazyPubSub3.xml
----------------- Instantiating /home/travis/build/icyphy/ptII/ptolemy/actor/lib/test/auto/LazyPubSub3.xml
17 ms. Memory: 1107456K Free: 897767K (81%)
----------------- Invoking toplevel() on ptolemy.moml.MoMLSimpleApplication@4a305655
----------------- Done invoking toplevel() on ptolemy.moml.MoMLSimpleApplication@4a305655
reloadAllAccessors: .LazyPubSub3

===========================================================================================
----------------- testing Sat Nov 24 02:48:59 UTC 2018 /home/travis/build/icyphy/ptII/ptolemy/actor/lib/test/auto/LazySubClassModel.xml
----------------- Instantiating /home/travis/build/icyphy/ptII/ptolemy/actor/lib/test/auto/LazySubClassModel.xml
2 ms. Memory: 1107456K Free: 877385K (79%)
----------------- Invoking toplevel() on ptolemy.moml.MoMLSimpleApplication@5e109f5
----------------- Done invoking toplevel() on ptolemy.moml.MoMLSimpleApplication@5e109f5
reloadAllAccessors: .LazySubClassModel

===========================================================================================
----------------- testing Sat Nov 24 02:48:59 UTC 2018 /home/travis/build/icyphy/ptII/ptolemy/actor/lib/test/auto/LevelCrossTest1.xml
----------------- Instantiating /home/travis/build/icyphy/ptII/ptolemy/actor/lib/test/auto/LevelCrossTest1.xml
1 ms. Memory: 1107456K Free: 867462K (78%)
----------------- Invoking toplevel() on ptolemy.moml.MoMLSimpleApplication@2f26e8cb
----------------- Done invoking toplevel() on ptolemy.moml.MoMLSimpleApplication@2f26e8cb
reloadAllAccessors: .broken

===========================================================================================
----------------- testing Sat Nov 24 02:48:59 UTC 2018 /home/travis/build/icyphy/ptII/ptolemy/actor/lib/test/auto/LevelCrossTest10.xml
----------------- Instantiating /home/travis/build/icyphy/ptII/ptolemy/actor/lib/test/auto/LevelCrossTest10.xml
1 ms. Memory: 1107456K Free: 852578K (77%)
----------------- Invoking toplevel() on ptolemy.moml.MoMLSimpleApplication@a7d0ac1
----------------- Done invoking toplevel() on ptolemy.moml.MoMLSimpleApplication@a7d0ac1
reloadAllAccessors: .LevelCrossTest10

===========================================================================================
----------------- testing Sat Nov 24 02:48:59 UTC 2018 /home/travis/build/icyphy/ptII/ptolemy/actor/lib/test/auto/LevelCrossTest11.xml
----------------- Instantiating /home/travis/build/icyphy/ptII/ptolemy/actor/lib/test/auto/LevelCrossTest11.xml
1 ms. Memory: 1107456K Free: 832212K (75%)
----------------- Invoking toplevel() on ptolemy.moml.MoMLSimpleApplication@6a2d5169
----------------- Done invoking toplevel() on ptolemy.moml.MoMLSimpleApplication@6a2d5169
reloadAllAccessors: .LevelCrossTest11

===========================================================================================
----------------- testing Sat Nov 24 02:48:59 UTC 2018 /home/travis/build/icyphy/ptII/ptolemy/actor/lib/test/auto/LevelCrossTest12.xml
----------------- Instantiating /home/travis/build/icyphy/ptII/ptolemy/actor/lib/test/auto/LevelCrossTest12.xml
1 ms. Memory: 1107456K Free: 817312K (74%)
----------------- Invoking toplevel() on ptolemy.moml.MoMLSimpleApplication@201ee9e3
----------------- Done invoking toplevel() on ptolemy.moml.MoMLSimpleApplication@201ee9e3
reloadAllAccessors: .LevelCrossTest12

===========================================================================================
----------------- testing Sat Nov 24 02:48:59 UTC 2018 /home/travis/build/icyphy/ptII/ptolemy/actor/lib/test/auto/LevelCrossTest13.xml
----------------- Instantiating /home/travis/build/icyphy/ptII/ptolemy/actor/lib/test/auto/LevelCrossTest13.xml
1 ms. Memory: 1107456K Free: 796930K (72%)
----------------- Invoking toplevel() on ptolemy.moml.MoMLSimpleApplication@2ecc98b4
----------------- Done invoking toplevel() on ptolemy.moml.MoMLSimpleApplication@2ecc98b4
reloadAllAccessors: .LevelCrossTest13

===========================================================================================
----------------- testing Sat Nov 24 02:48:59 UTC 2018 /home/travis/build/icyphy/ptII/ptolemy/actor/lib/test/auto/LevelCrossTest2.xml
----------------- Instantiating /home/travis/build/icyphy/ptII/ptolemy/actor/lib/test/auto/LevelCrossTest2.xml
1 ms. Memory: 1107456K Free: 787007K (71%)
----------------- Invoking toplevel() on ptolemy.moml.MoMLSimpleApplication@3964e4cf
----------------- Done invoking toplevel() on ptolemy.moml.MoMLSimpleApplication@3964e4cf
reloadAllAccessors: .broken

===========================================================================================
----------------- testing Sat Nov 24 02:48:59 UTC 2018 /home/travis/build/icyphy/ptII/ptolemy/actor/lib/test/auto/LevelCrossTest3.xml
----------------- Instantiating /home/travis/build/icyphy/ptII/ptolemy/actor/lib/test/auto/LevelCrossTest3.xml
1 ms. Memory: 1107456K Free: 777084K (70%)
----------------- Invoking toplevel() on ptolemy.moml.MoMLSimpleApplication@5df76aa2
----------------- Done invoking toplevel() on ptolemy.moml.MoMLSimpleApplication@5df76aa2
reloadAllAccessors: .LevelCrossTest3

===========================================================================================
----------------- testing Sat Nov 24 02:48:59 UTC 2018 /home/travis/build/icyphy/ptII/ptolemy/actor/lib/test/auto/LevelCrossTest4.xml
----------------- Instantiating /home/travis/build/icyphy/ptII/ptolemy/actor/lib/test/auto/LevelCrossTest4.xml
1 ms. Memory: 1107456K Free: 761680K (69%)
----------------- Invoking toplevel() on ptolemy.moml.MoMLSimpleApplication@63b19e78
----------------- Done invoking toplevel() on ptolemy.moml.MoMLSimpleApplication@63b19e78
reloadAllAccessors: .broken

===========================================================================================
----------------- testing Sat Nov 24 02:48:59 UTC 2018 /home/travis/build/icyphy/ptII/ptolemy/actor/lib/test/auto/LevelCrossTest5.xml
----------------- Instantiating /home/travis/build/icyphy/ptII/ptolemy/actor/lib/test/auto/LevelCrossTest5.xml
2 ms. Memory: 1107456K Free: 751757K (68%)
----------------- Invoking toplevel() on ptolemy.moml.MoMLSimpleApplication@48037958
----------------- Done invoking toplevel() on ptolemy.moml.MoMLSimpleApplication@48037958
reloadAllAccessors: .LevelCrossTest5

===========================================================================================
----------------- testing Sat Nov 24 02:48:59 UTC 2018 /home/travis/build/icyphy/ptII/ptolemy/actor/lib/test/auto/LevelCrossTest6.xml
----------------- Instantiating /home/travis/build/icyphy/ptII/ptolemy/actor/lib/test/auto/LevelCrossTest6.xml
1 ms. Memory: 1107456K Free: 736352K (66%)
----------------- Invoking toplevel() on ptolemy.moml.MoMLSimpleApplication@7ddc4251
----------------- Done invoking toplevel() on ptolemy.moml.MoMLSimpleApplication@7ddc4251
reloadAllAccessors: .LevelCrossTest6

===========================================================================================
----------------- testing Sat Nov 24 02:48:59 UTC 2018 /home/travis/build/icyphy/ptII/ptolemy/actor/lib/test/auto/LevelCrossTest7.xml
----------------- Instantiating /home/travis/build/icyphy/ptII/ptolemy/actor/lib/test/auto/LevelCrossTest7.xml
1 ms. Memory: 1107456K Free: 721452K (65%)
----------------- Invoking toplevel() on ptolemy.moml.MoMLSimpleApplication@5e67f57
----------------- Done invoking toplevel() on ptolemy.moml.MoMLSimpleApplication@5e67f57
reloadAllAccessors: .LevelCrossTest7

===========================================================================================
----------------- testing Sat Nov 24 02:48:59 UTC 2018 /home/travis/build/icyphy/ptII/ptolemy/actor/lib/test/auto/LevelCrossTest8.xml
----------------- Instantiating /home/travis/build/icyphy/ptII/ptolemy/actor/lib/test/auto/LevelCrossTest8.xml
1 ms. Memory: 1107456K Free: 701070K (63%)
----------------- Invoking toplevel() on ptolemy.moml.MoMLSimpleApplication@5de42553
----------------- Done invoking toplevel() on ptolemy.moml.MoMLSimpleApplication@5de42553
reloadAllAccessors: .LevelCrossTest8

===========================================================================================
----------------- testing Sat Nov 24 02:48:59 UTC 2018 /home/travis/build/icyphy/ptII/ptolemy/actor/lib/test/auto/LevelCrossTest9.xml
----------------- Instantiating /home/travis/build/icyphy/ptII/ptolemy/actor/lib/test/auto/LevelCrossTest9.xml
1 ms. Memory: 1107456K Free: 686170K (62%)
----------------- Invoking toplevel() on ptolemy.moml.MoMLSimpleApplication@248f3fc0
----------------- Done invoking toplevel() on ptolemy.moml.MoMLSimpleApplication@248f3fc0
reloadAllAccessors: .LevelCrossTest9

===========================================================================================
----------------- testing Sat Nov 24 02:48:59 UTC 2018 /home/travis/build/icyphy/ptII/ptolemy/actor/lib/test/auto/LevinsonDurbin.xml
----------------- Instantiating /home/travis/build/icyphy/ptII/ptolemy/actor/lib/test/auto/LevinsonDurbin.xml
2 ms. Memory: 1107456K Free: 676248K (61%)
----------------- Invoking toplevel() on ptolemy.moml.MoMLSimpleApplication@76b1d6db
----------------- Done invoking toplevel() on ptolemy.moml.MoMLSimpleApplication@76b1d6db
reloadAllAccessors: .LevinsonDurbin

===========================================================================================
----------------- testing Sat Nov 24 02:48:59 UTC 2018 /home/travis/build/icyphy/ptII/ptolemy/actor/lib/test/auto/LevinsonDurbin2.xml
----------------- Instantiating /home/travis/build/icyphy/ptII/ptolemy/actor/lib/test/auto/LevinsonDurbin2.xml
1 ms. Memory: 1107456K Free: 660843K (60%)
----------------- Invoking toplevel() on ptolemy.moml.MoMLSimpleApplication@677b6d7d
----------------- Done invoking toplevel() on ptolemy.moml.MoMLSimpleApplication@677b6d7d
reloadAllAccessors: .LevinsonDurbin2

===========================================================================================
----------------- testing Sat Nov 24 02:48:59 UTC 2018 /home/travis/build/icyphy/ptII/ptolemy/actor/lib/test/auto/LevinsonDurbin3.xml
----------------- Instantiating /home/travis/build/icyphy/ptII/ptolemy/actor/lib/test/auto/LevinsonDurbin3.xml
1 ms. Memory: 1107456K Free: 650920K (59%)
----------------- Invoking toplevel() on ptolemy.moml.MoMLSimpleApplication@42063d30
----------------- Done invoking toplevel() on ptolemy.moml.MoMLSimpleApplication@42063d30
reloadAllAccessors: .LevinsonDurbin3

===========================================================================================
----------------- testing Sat Nov 24 02:48:59 UTC 2018 /home/travis/build/icyphy/ptII/ptolemy/actor/lib/test/auto/Limiter.xml
----------------- Instantiating /home/travis/build/icyphy/ptII/ptolemy/actor/lib/test/auto/Limiter.xml
11 ms. Memory: 1107456K Free: 630538K (57%)
----------------- Invoking toplevel() on ptolemy.moml.MoMLSimpleApplication@7a45c99f
----------------- Done invoking toplevel() on ptolemy.moml.MoMLSimpleApplication@7a45c99f
reloadAllAccessors: .Limiter

===========================================================================================
----------------- testing Sat Nov 24 02:48:59 UTC 2018 /home/travis/build/icyphy/ptII/ptolemy/actor/lib/test/auto/LinearDifferenceEquationSystem.xml
----------------- Instantiating /home/travis/build/icyphy/ptII/ptolemy/actor/lib/test/auto/LinearDifferenceEquationSystem.xml
3 ms. Memory: 1107456K Free: 615654K (56%)
----------------- Invoking toplevel() on ptolemy.moml.MoMLSimpleApplication@49c8cddd
----------------- Done invoking toplevel() on ptolemy.moml.MoMLSimpleApplication@49c8cddd
reloadAllAccessors: .LinearDifferenceEquationSystem

===========================================================================================
----------------- testing Sat Nov 24 02:48:59 UTC 2018 /home/travis/build/icyphy/ptII/ptolemy/actor/lib/test/auto/LookupTable.xml
----------------- Instantiating /home/travis/build/icyphy/ptII/ptolemy/actor/lib/test/auto/LookupTable.xml
4 ms. Memory: 1107456K Free: 600249K (54%)
----------------- Invoking toplevel() on ptolemy.moml.MoMLSimpleApplication@3db56bde
----------------- Done invoking toplevel() on ptolemy.moml.MoMLSimpleApplication@3db56bde
reloadAllAccessors: .LookupTable

===========================================================================================
----------------- testing Sat Nov 24 02:48:59 UTC 2018 /home/travis/build/icyphy/ptII/ptolemy/actor/lib/test/auto/MathFunction.xml
----------------- Instantiating /home/travis/build/icyphy/ptII/ptolemy/actor/lib/test/auto/MathFunction.xml
2 ms. Memory: 1107456K Free: 585365K (53%)
----------------- Invoking toplevel() on ptolemy.moml.MoMLSimpleApplication@bddaa33
----------------- Done invoking toplevel() on ptolemy.moml.MoMLSimpleApplication@bddaa33
reloadAllAccessors: .MathFunction

===========================================================================================
----------------- testing Sat Nov 24 02:48:59 UTC 2018 /home/travis/build/icyphy/ptII/ptolemy/actor/lib/test/auto/MathFunction2.xml
----------------- Instantiating /home/travis/build/icyphy/ptII/ptolemy/actor/lib/test/auto/MathFunction2.xml
1 ms. Memory: 1107456K Free: 575443K (52%)
----------------- Invoking toplevel() on ptolemy.moml.MoMLSimpleApplication@122e8f81
----------------- Done invoking toplevel() on ptolemy.moml.MoMLSimpleApplication@122e8f81
reloadAllAccessors: .MathFunction2

===========================================================================================
----------------- testing Sat Nov 24 02:48:59 UTC 2018 /home/travis/build/icyphy/ptII/ptolemy/actor/lib/test/auto/MathFunction3.xml
----------------- Instantiating /home/travis/build/icyphy/ptII/ptolemy/actor/lib/test/auto/MathFunction3.xml
6 ms. Memory: 1107456K Free: 555061K (50%)
----------------- Invoking toplevel() on ptolemy.moml.MoMLSimpleApplication@6b726d66
----------------- Done invoking toplevel() on ptolemy.moml.MoMLSimpleApplication@6b726d66
reloadAllAccessors: .MathFunction3

===========================================================================================
----------------- testing Sat Nov 24 02:48:59 UTC 2018 /home/travis/build/icyphy/ptII/ptolemy/actor/lib/test/auto/MatrixCropBoolean.xml
----------------- Instantiating /home/travis/build/icyphy/ptII/ptolemy/actor/lib/test/auto/MatrixCropBoolean.xml
2 ms. Memory: 1107456K Free: 545138K (49%)
----------------- Invoking toplevel() on ptolemy.moml.MoMLSimpleApplication@97e27c7
----------------- Done invoking toplevel() on ptolemy.moml.MoMLSimpleApplication@97e27c7
reloadAllAccessors: .MatrixCropBoolean

===========================================================================================
----------------- testing Sat Nov 24 02:48:59 UTC 2018 /home/travis/build/icyphy/ptII/ptolemy/actor/lib/test/auto/MatrixCropComplex.xml
----------------- Instantiating /home/travis/build/icyphy/ptII/ptolemy/actor/lib/test/auto/MatrixCropComplex.xml
1 ms. Memory: 1107456K Free: 529733K (48%)
----------------- Invoking toplevel() on ptolemy.moml.MoMLSimpleApplication@52a9f87b
----------------- Done invoking toplevel() on ptolemy.moml.MoMLSimpleApplication@52a9f87b
reloadAllAccessors: .MatrixCropComplex

===========================================================================================
----------------- testing Sat Nov 24 02:48:59 UTC 2018 /home/travis/build/icyphy/ptII/ptolemy/actor/lib/test/auto/MatrixCropDouble.xml
----------------- Instantiating /home/travis/build/icyphy/ptII/ptolemy/actor/lib/test/auto/MatrixCropDouble.xml
2 ms. Memory: 1107456K Free: 519811K (47%)
----------------- Invoking toplevel() on ptolemy.moml.MoMLSimpleApplication@4c7a3a7c
----------------- Done invoking toplevel() on ptolemy.moml.MoMLSimpleApplication@4c7a3a7c
reloadAllAccessors: .MatrixCropDouble

===========================================================================================
----------------- testing Sat Nov 24 02:48:59 UTC 2018 /home/travis/build/icyphy/ptII/ptolemy/actor/lib/test/auto/MatrixCropFix.xml
----------------- Instantiating /home/travis/build/icyphy/ptII/ptolemy/actor/lib/test/auto/MatrixCropFix.xml
1 ms. Memory: 1107456K Free: 504406K (46%)
----------------- Invoking toplevel() on ptolemy.moml.MoMLSimpleApplication@7b4d4195
----------------- Done invoking toplevel() on ptolemy.moml.MoMLSimpleApplication@7b4d4195
reloadAllAccessors: .MatrixCropFix

===========================================================================================
----------------- testing Sat Nov 24 02:48:59 UTC 2018 /home/travis/build/icyphy/ptII/ptolemy/actor/lib/test/auto/MatrixCropInt.xml
----------------- Instantiating /home/travis/build/icyphy/ptII/ptolemy/actor/lib/test/auto/MatrixCropInt.xml
2 ms. Memory: 1107456K Free: 494483K (45%)
----------------- Invoking toplevel() on ptolemy.moml.MoMLSimpleApplication@31c3101f
----------------- Done invoking toplevel() on ptolemy.moml.MoMLSimpleApplication@31c3101f
reloadAllAccessors: .MatrixCropInt

===========================================================================================
----------------- testing Sat Nov 24 02:48:59 UTC 2018 /home/travis/build/icyphy/ptII/ptolemy/actor/lib/test/auto/MatrixCropLong.xml
----------------- Instantiating /home/travis/build/icyphy/ptII/ptolemy/actor/lib/test/auto/MatrixCropLong.xml
2 ms. Memory: 1107456K Free: 484561K (44%)
----------------- Invoking toplevel() on ptolemy.moml.MoMLSimpleApplication@5d4c73b5
----------------- Done invoking toplevel() on ptolemy.moml.MoMLSimpleApplication@5d4c73b5
reloadAllAccessors: .MatrixCropLong

===========================================================================================
----------------- testing Sat Nov 24 02:48:59 UTC 2018 /home/travis/build/icyphy/ptII/ptolemy/actor/lib/test/auto/MatrixToArray.xml
----------------- Instantiating /home/travis/build/icyphy/ptII/ptolemy/actor/lib/test/auto/MatrixToArray.xml
4 ms. Memory: 1107456K Free: 459217K (41%)
----------------- Invoking toplevel() on ptolemy.moml.MoMLSimpleApplication@219c6d6d
----------------- Done invoking toplevel() on ptolemy.moml.MoMLSimpleApplication@219c6d6d
reloadAllAccessors: .MatrixToArray

===========================================================================================
----------------- testing Sat Nov 24 02:48:59 UTC 2018 /home/travis/build/icyphy/ptII/ptolemy/actor/lib/test/auto/MaxIndex.xml
----------------- Instantiating /home/travis/build/icyphy/ptII/ptolemy/actor/lib/test/auto/MaxIndex.xml
1 ms. Memory: 1107456K Free: 449295K (41%)
----------------- Invoking toplevel() on ptolemy.moml.MoMLSimpleApplication@269b2aad
----------------- Done invoking toplevel() on ptolemy.moml.MoMLSimpleApplication@269b2aad
reloadAllAccessors: .MaxIndex

===========================================================================================
----------------- testing Sat Nov 24 02:48:59 UTC 2018 /home/travis/build/icyphy/ptII/ptolemy/actor/lib/test/auto/Maximum.xml
----------------- Instantiating /home/travis/build/icyphy/ptII/ptolemy/actor/lib/test/auto/Maximum.xml
2 ms. Memory: 1107456K Free: 433890K (39%)
----------------- Invoking toplevel() on ptolemy.moml.MoMLSimpleApplication@5d95b61c
----------------- Done invoking toplevel() on ptolemy.moml.MoMLSimpleApplication@5d95b61c
reloadAllAccessors: .Maximum

===========================================================================================
----------------- testing Sat Nov 24 02:48:59 UTC 2018 /home/travis/build/icyphy/ptII/ptolemy/actor/lib/test/auto/MaximumComplex.xml
----------------- Instantiating /home/travis/build/icyphy/ptII/ptolemy/actor/lib/test/auto/MaximumComplex.xml
3 ms. Memory: 1107456K Free: 423967K (38%)
----------------- Invoking toplevel() on ptolemy.moml.MoMLSimpleApplication@7b91c1a7
----------------- Done invoking toplevel() on ptolemy.moml.MoMLSimpleApplication@7b91c1a7
reloadAllAccessors: .MaximumComplex

===========================================================================================
----------------- testing Sat Nov 24 02:48:59 UTC 2018 /home/travis/build/icyphy/ptII/ptolemy/actor/lib/test/auto/MethodCallTest.xml
----------------- Instantiating /home/travis/build/icyphy/ptII/ptolemy/actor/lib/test/auto/MethodCallTest.xml
2 ms. Memory: 1107456K Free: 409067K (37%)
----------------- Invoking toplevel() on ptolemy.moml.MoMLSimpleApplication@4100adc3
----------------- Done invoking toplevel() on ptolemy.moml.MoMLSimpleApplication@4100adc3
reloadAllAccessors: .MethodCallTest

===========================================================================================
----------------- testing Sat Nov 24 02:48:59 UTC 2018 /home/travis/build/icyphy/ptII/ptolemy/actor/lib/test/auto/Minimum.xml
----------------- Instantiating /home/travis/build/icyphy/ptII/ptolemy/actor/lib/test/auto/Minimum.xml
2 ms. Memory: 1107456K Free: 393663K (36%)
----------------- Invoking toplevel() on ptolemy.moml.MoMLSimpleApplication@26de5edc
----------------- Done invoking toplevel() on ptolemy.moml.MoMLSimpleApplication@26de5edc
reloadAllAccessors: .Minimum

===========================================================================================
----------------- testing Sat Nov 24 02:49:00 UTC 2018 /home/travis/build/icyphy/ptII/ptolemy/actor/lib/test/auto/MinimumComplex.xml
----------------- Instantiating /home/travis/build/icyphy/ptII/ptolemy/actor/lib/test/auto/MinimumComplex.xml
4 ms. Memory: 1107456K Free: 383740K (35%)
----------------- Invoking toplevel() on ptolemy.moml.MoMLSimpleApplication@41634a03
----------------- Done invoking toplevel() on ptolemy.moml.MoMLSimpleApplication@41634a03
reloadAllAccessors: .MinimumComplex

===========================================================================================
----------------- testing Sat Nov 24 02:49:00 UTC 2018 /home/travis/build/icyphy/ptII/ptolemy/actor/lib/test/auto/MinimumMultiports.xml
----------------- Instantiating /home/travis/build/icyphy/ptII/ptolemy/actor/lib/test/auto/MinimumMultiports.xml
3 ms. Memory: 1107456K Free: 363358K (33%)
----------------- Invoking toplevel() on ptolemy.moml.MoMLSimpleApplication@2302e4ea
----------------- Done invoking toplevel() on ptolemy.moml.MoMLSimpleApplication@2302e4ea
reloadAllAccessors: .MinimumMultiports

===========================================================================================
----------------- testing Sat Nov 24 02:49:00 UTC 2018 /home/travis/build/icyphy/ptII/ptolemy/actor/lib/test/auto/ModifyDate.xml
----------------- Instantiating /home/travis/build/icyphy/ptII/ptolemy/actor/lib/test/auto/ModifyDate.xml
4 ms. Memory: 1107456K Free: 343497K (31%)
----------------- Invoking toplevel() on ptolemy.moml.MoMLSimpleApplication@49dae21e
----------------- Done invoking toplevel() on ptolemy.moml.MoMLSimpleApplication@49dae21e
reloadAllAccessors: .ModifyDate

===========================================================================================
----------------- testing Sat Nov 24 02:49:00 UTC 2018 /home/travis/build/icyphy/ptII/ptolemy/actor/lib/test/auto/ModifyDate2.xml
----------------- Instantiating /home/travis/build/icyphy/ptII/ptolemy/actor/lib/test/auto/ModifyDate2.xml
2 ms. Memory: 1107456K Free: 323131K (29%)
----------------- Invoking toplevel() on ptolemy.moml.MoMLSimpleApplication@716cbc93
----------------- Done invoking toplevel() on ptolemy.moml.MoMLSimpleApplication@716cbc93
reloadAllAccessors: .ModifyDate2

===========================================================================================
----------------- testing Sat Nov 24 02:49:00 UTC 2018 /home/travis/build/icyphy/ptII/ptolemy/actor/lib/test/auto/MovingAverage.xml
----------------- Instantiating /home/travis/build/icyphy/ptII/ptolemy/actor/lib/test/auto/MovingAverage.xml
2 ms. Memory: 1107456K Free: 313208K (28%)
----------------- Invoking toplevel() on ptolemy.moml.MoMLSimpleApplication@62b00fa2
----------------- Done invoking toplevel() on ptolemy.moml.MoMLSimpleApplication@62b00fa2
reloadAllAccessors: .MovingAverage

===========================================================================================
----------------- testing Sat Nov 24 02:49:00 UTC 2018 /home/travis/build/icyphy/ptII/ptolemy/actor/lib/test/auto/MovingMaximum.xml
----------------- Instantiating /home/travis/build/icyphy/ptII/ptolemy/actor/lib/test/auto/MovingMaximum.xml
1 ms. Memory: 1107456K Free: 303286K (27%)
----------------- Invoking toplevel() on ptolemy.moml.MoMLSimpleApplication@6e07fe99
----------------- Done invoking toplevel() on ptolemy.moml.MoMLSimpleApplication@6e07fe99
reloadAllAccessors: .MovingMaximum

===========================================================================================
----------------- testing Sat Nov 24 02:49:00 UTC 2018 /home/travis/build/icyphy/ptII/ptolemy/actor/lib/test/auto/MultipleLinksToSameRelation.xml
----------------- Instantiating /home/travis/build/icyphy/ptII/ptolemy/actor/lib/test/auto/MultipleLinksToSameRelation.xml
3 ms. Memory: 1107456K Free: 287881K (26%)
----------------- Invoking toplevel() on ptolemy.moml.MoMLSimpleApplication@6fa42834
----------------- Done invoking toplevel() on ptolemy.moml.MoMLSimpleApplication@6fa42834
reloadAllAccessors: .MultipleLinksToSameRelation

===========================================================================================
----------------- testing Sat Nov 24 02:49:00 UTC 2018 /home/travis/build/icyphy/ptII/ptolemy/actor/lib/test/auto/MultipleLinksToSameRelationDE.xml
----------------- Instantiating /home/travis/build/icyphy/ptII/ptolemy/actor/lib/test/auto/MultipleLinksToSameRelationDE.xml
1 ms. Memory: 1107456K Free: 277959K (25%)
----------------- Invoking toplevel() on ptolemy.moml.MoMLSimpleApplication@64bca2e1
----------------- Done invoking toplevel() on ptolemy.moml.MoMLSimpleApplication@64bca2e1
reloadAllAccessors: .MultipleLinksToSameRelationDE

===========================================================================================
----------------- testing Sat Nov 24 02:49:00 UTC 2018 /home/travis/build/icyphy/ptII/ptolemy/actor/lib/test/auto/Multiplexor.xml
----------------- Instantiating /home/travis/build/icyphy/ptII/ptolemy/actor/lib/test/auto/Multiplexor.xml
2 ms. Memory: 1107456K Free: 262554K (24%)
----------------- Invoking toplevel() on ptolemy.moml.MoMLSimpleApplication@1428a39b
----------------- Done invoking toplevel() on ptolemy.moml.MoMLSimpleApplication@1428a39b
reloadAllAccessors: .Multiplexor

===========================================================================================
----------------- testing Sat Nov 24 02:49:00 UTC 2018 /home/travis/build/icyphy/ptII/ptolemy/actor/lib/test/auto/Multiplexor1.xml
----------------- Instantiating /home/travis/build/icyphy/ptII/ptolemy/actor/lib/test/auto/Multiplexor1.xml
2 ms. Memory: 1107456K Free: 252631K (23%)
----------------- Invoking toplevel() on ptolemy.moml.MoMLSimpleApplication@67189409
----------------- Done invoking toplevel() on ptolemy.moml.MoMLSimpleApplication@67189409
reloadAllAccessors: .Multiplexor1

===========================================================================================
----------------- testing Sat Nov 24 02:49:00 UTC 2018 /home/travis/build/icyphy/ptII/ptolemy/actor/lib/test/auto/Multiplexor2.xml
----------------- Instantiating /home/travis/build/icyphy/ptII/ptolemy/actor/lib/test/auto/Multiplexor2.xml
6 ms. Memory: 1107456K Free: 237227K (21%)
----------------- Invoking toplevel() on ptolemy.moml.MoMLSimpleApplication@4c420607
----------------- Done invoking toplevel() on ptolemy.moml.MoMLSimpleApplication@4c420607
reloadAllAccessors: .Multiplexor2

===========================================================================================
----------------- testing Sat Nov 24 02:49:00 UTC 2018 /home/travis/build/icyphy/ptII/ptolemy/actor/lib/test/auto/Multiplexor3.xml
----------------- Instantiating /home/travis/build/icyphy/ptII/ptolemy/actor/lib/test/auto/Multiplexor3.xml
1 ms. Memory: 1107456K Free: 227304K (21%)
----------------- Invoking toplevel() on ptolemy.moml.MoMLSimpleApplication@6e72cb8
----------------- Done invoking toplevel() on ptolemy.moml.MoMLSimpleApplication@6e72cb8
reloadAllAccessors: .Multiplexor3

===========================================================================================
----------------- testing Sat Nov 24 02:49:00 UTC 2018 /home/travis/build/icyphy/ptII/ptolemy/actor/lib/test/auto/MultiplexorDE.xml
----------------- Instantiating /home/travis/build/icyphy/ptII/ptolemy/actor/lib/test/auto/MultiplexorDE.xml
3 ms. Memory: 1107456K Free: 206930K (19%)
----------------- Invoking toplevel() on ptolemy.moml.MoMLSimpleApplication@3e32dcf2
----------------- Done invoking toplevel() on ptolemy.moml.MoMLSimpleApplication@3e32dcf2
reloadAllAccessors: .MultiplexorDE

===========================================================================================
----------------- testing Sat Nov 24 02:49:00 UTC 2018 /home/travis/build/icyphy/ptII/ptolemy/actor/lib/test/auto/MultiportBroadcastTest.xml
----------------- Instantiating /home/travis/build/icyphy/ptII/ptolemy/actor/lib/test/auto/MultiportBroadcastTest.xml
83 ms. Memory: 1107456K Free: 197008K (18%)
----------------- Invoking toplevel() on ptolemy.moml.MoMLSimpleApplication@76ac90a
----------------- Done invoking toplevel() on ptolemy.moml.MoMLSimpleApplication@76ac90a
reloadAllAccessors: .MultiportBroadcastTest

===========================================================================================
----------------- testing Sat Nov 24 02:49:00 UTC 2018 /home/travis/build/icyphy/ptII/ptolemy/actor/lib/test/auto/MultiportOutHangDuringGetWidth.xml
----------------- Instantiating /home/travis/build/icyphy/ptII/ptolemy/actor/lib/test/auto/MultiportOutHangDuringGetWidth.xml
4 ms. Memory: 1107456K Free: 177146K (16%)
----------------- Invoking toplevel() on ptolemy.moml.MoMLSimpleApplication@5864d290
----------------- Done invoking toplevel() on ptolemy.moml.MoMLSimpleApplication@5864d290
reloadAllAccessors: .MultiportOutHangDuringGetWidth

===========================================================================================
----------------- testing Sat Nov 24 02:49:00 UTC 2018 /home/travis/build/icyphy/ptII/ptolemy/actor/lib/test/auto/NilToken.xml
----------------- Instantiating /home/travis/build/icyphy/ptII/ptolemy/actor/lib/test/auto/NilToken.xml
2 ms. Memory: 1107456K Free: 161742K (15%)
----------------- Invoking toplevel() on ptolemy.moml.MoMLSimpleApplication@6a96f7c8
----------------- Done invoking toplevel() on ptolemy.moml.MoMLSimpleApplication@6a96f7c8
reloadAllAccessors: .NilToken

===========================================================================================
----------------- testing Sat Nov 24 02:49:00 UTC 2018 /home/travis/build/icyphy/ptII/ptolemy/actor/lib/test/auto/NilTokenNonStrictTest.xml
----------------- Instantiating /home/travis/build/icyphy/ptII/ptolemy/actor/lib/test/auto/NilTokenNonStrictTest.xml
3 ms. Memory: 1107456K Free: 151819K (14%)
----------------- Invoking toplevel() on ptolemy.moml.MoMLSimpleApplication@32d0b490
----------------- Done invoking toplevel() on ptolemy.moml.MoMLSimpleApplication@32d0b490
reloadAllAccessors: .NilTokenNonStrictTest

===========================================================================================
----------------- testing Sat Nov 24 02:49:00 UTC 2018 /home/travis/build/icyphy/ptII/ptolemy/actor/lib/test/auto/NilTokenRecord.xml
----------------- Instantiating /home/travis/build/icyphy/ptII/ptolemy/actor/lib/test/auto/NilTokenRecord.xml
4 ms. Memory: 1107456K Free: 136414K (12%)
----------------- Invoking toplevel() on ptolemy.moml.MoMLSimpleApplication@115ba8db
----------------- Done invoking toplevel() on ptolemy.moml.MoMLSimpleApplication@115ba8db
reloadAllAccessors: .NilTokenRecord

===========================================================================================
----------------- testing Sat Nov 24 02:49:00 UTC 2018 /home/travis/build/icyphy/ptII/ptolemy/actor/lib/test/auto/NilTokenTypeTest.xml
----------------- Instantiating /home/travis/build/icyphy/ptII/ptolemy/actor/lib/test/auto/NilTokenTypeTest.xml
8 ms. Memory: 1107456K Free: 121515K (11%)
----------------- Invoking toplevel() on ptolemy.moml.MoMLSimpleApplication@5e17320
----------------- Done invoking toplevel() on ptolemy.moml.MoMLSimpleApplication@5e17320
reloadAllAccessors: .NilTokenTypeTest

===========================================================================================
----------------- testing Sat Nov 24 02:49:00 UTC 2018 /home/travis/build/icyphy/ptII/ptolemy/actor/lib/test/auto/ObjectToken1.xml
----------------- Instantiating /home/travis/build/icyphy/ptII/ptolemy/actor/lib/test/auto/ObjectToken1.xml
2 ms. Memory: 1107456K Free: 106110K (10%)
----------------- Invoking toplevel() on ptolemy.moml.MoMLSimpleApplication@1479afb4
----------------- Done invoking toplevel() on ptolemy.moml.MoMLSimpleApplication@1479afb4
reloadAllAccessors: .ObjectToken1

===========================================================================================
----------------- testing Sat Nov 24 02:49:00 UTC 2018 /home/travis/build/icyphy/ptII/ptolemy/actor/lib/test/auto/OrderedMerge.xml
----------------- Instantiating /home/travis/build/icyphy/ptII/ptolemy/actor/lib/test/auto/OrderedMerge.xml
14 ms. Memory: 1107456K Free: 76871K (7%)
----------------- Invoking toplevel() on ptolemy.moml.MoMLSimpleApplication@40e4a0aa
----------------- Done invoking toplevel() on ptolemy.moml.MoMLSimpleApplication@40e4a0aa
reloadAllAccessors: .OrderedMerge

===========================================================================================
----------------- testing Sat Nov 24 02:49:00 UTC 2018 /home/travis/build/icyphy/ptII/ptolemy/actor/lib/test/auto/OrderedRecordDisassembler.xml
----------------- Instantiating /home/travis/build/icyphy/ptII/ptolemy/actor/lib/test/auto/OrderedRecordDisassembler.xml
3 ms. Memory: 1254400K Free: 1204065K (96%)
----------------- Invoking toplevel() on ptolemy.moml.MoMLSimpleApplication@1e52312
----------------- Done invoking toplevel() on ptolemy.moml.MoMLSimpleApplication@1e52312
reloadAllAccessors: .OrderedRecordDisassembler

===========================================================================================
----------------- testing Sat Nov 24 02:49:00 UTC 2018 /home/travis/build/icyphy/ptII/ptolemy/actor/lib/test/auto/OrderedRecordDisassembler2.xml
----------------- Instantiating /home/travis/build/icyphy/ptII/ptolemy/actor/lib/test/auto/OrderedRecordDisassembler2.xml
3 ms. Memory: 1254400K Free: 1187071K (95%)
----------------- Invoking toplevel() on ptolemy.moml.MoMLSimpleApplication@15aae9ec
----------------- Done invoking toplevel() on ptolemy.moml.MoMLSimpleApplication@15aae9ec
reloadAllAccessors: .OrderedRecordDisassembler2

===========================================================================================
----------------- testing Sat Nov 24 02:49:00 UTC 2018 /home/travis/build/icyphy/ptII/ptolemy/actor/lib/test/auto/OrderedRecordUpdater.xml
----------------- Instantiating /home/travis/build/icyphy/ptII/ptolemy/actor/lib/test/auto/OrderedRecordUpdater.xml
2 ms. Memory: 1254400K Free: 1175502K (94%)
----------------- Invoking toplevel() on ptolemy.moml.MoMLSimpleApplication@49bdd90d
----------------- Done invoking toplevel() on ptolemy.moml.MoMLSimpleApplication@49bdd90d
reloadAllAccessors: .RecordUpdater

===========================================================================================
----------------- testing Sat Nov 24 02:49:00 UTC 2018 /home/travis/build/icyphy/ptII/ptolemy/actor/lib/test/auto/OrderedRecordUpdater2.xml
----------------- Instantiating /home/travis/build/icyphy/ptII/ptolemy/actor/lib/test/auto/OrderedRecordUpdater2.xml
2 ms. Memory: 1254400K Free: 1158509K (92%)
----------------- Invoking toplevel() on ptolemy.moml.MoMLSimpleApplication@4e27831f
----------------- Done invoking toplevel() on ptolemy.moml.MoMLSimpleApplication@4e27831f
reloadAllAccessors: .RecordUpdater2

===========================================================================================
----------------- testing Sat Nov 24 02:49:00 UTC 2018 /home/travis/build/icyphy/ptII/ptolemy/actor/lib/test/auto/PhaseUnwrap.xml
----------------- Instantiating /home/travis/build/icyphy/ptII/ptolemy/actor/lib/test/auto/PhaseUnwrap.xml
1 ms. Memory: 1254400K Free: 1146958K (91%)
----------------- Invoking toplevel() on ptolemy.moml.MoMLSimpleApplication@7f6aa71f
----------------- Done invoking toplevel() on ptolemy.moml.MoMLSimpleApplication@7f6aa71f
reloadAllAccessors: .PhaseUnwrap

===========================================================================================
----------------- testing Sat Nov 24 02:49:00 UTC 2018 /home/travis/build/icyphy/ptII/ptolemy/actor/lib/test/auto/PoissonClock.xml
----------------- Instantiating /home/travis/build/icyphy/ptII/ptolemy/actor/lib/test/auto/PoissonClock.xml
1 ms. Memory: 1254400K Free: 1129965K (90%)
----------------- Invoking toplevel() on ptolemy.moml.MoMLSimpleApplication@368184d4
----------------- Done invoking toplevel() on ptolemy.moml.MoMLSimpleApplication@368184d4
reloadAllAccessors: .PoissonClock

===========================================================================================
----------------- testing Sat Nov 24 02:49:00 UTC 2018 /home/travis/build/icyphy/ptII/ptolemy/actor/lib/test/auto/PoissonClock2.xml
----------------- Instantiating /home/travis/build/icyphy/ptII/ptolemy/actor/lib/test/auto/PoissonClock2.xml
1 ms. Memory: 1254400K Free: 1118414K (89%)
----------------- Invoking toplevel() on ptolemy.moml.MoMLSimpleApplication@a7ef04a
----------------- Done invoking toplevel() on ptolemy.moml.MoMLSimpleApplication@a7ef04a
reloadAllAccessors: .PoissonClock2

===========================================================================================
----------------- testing Sat Nov 24 02:49:00 UTC 2018 /home/travis/build/icyphy/ptII/ptolemy/actor/lib/test/auto/PoissonClock3.xml
----------------- Instantiating /home/travis/build/icyphy/ptII/ptolemy/actor/lib/test/auto/PoissonClock3.xml
1 ms. Memory: 1254400K Free: 1101421K (88%)
----------------- Invoking toplevel() on ptolemy.moml.MoMLSimpleApplication@23c640bf
----------------- Done invoking toplevel() on ptolemy.moml.MoMLSimpleApplication@23c640bf
reloadAllAccessors: .PoissonClock3

===========================================================================================
----------------- testing Sat Nov 24 02:49:00 UTC 2018 /home/travis/build/icyphy/ptII/ptolemy/actor/lib/test/auto/PubSubWithInitialTokens.xml
----------------- Instantiating /home/travis/build/icyphy/ptII/ptolemy/actor/lib/test/auto/PubSubWithInitialTokens.xml
2 ms. Memory: 1254400K Free: 1089870K (87%)
----------------- Invoking toplevel() on ptolemy.moml.MoMLSimpleApplication@1bc2ae3e
----------------- Done invoking toplevel() on ptolemy.moml.MoMLSimpleApplication@1bc2ae3e
reloadAllAccessors: .PubSubWithInitialTokens

===========================================================================================
----------------- testing Sat Nov 24 02:49:00 UTC 2018 /home/travis/build/icyphy/ptII/ptolemy/actor/lib/test/auto/PubSubWithInitialTokens2.xml
----------------- Instantiating /home/travis/build/icyphy/ptII/ptolemy/actor/lib/test/auto/PubSubWithInitialTokens2.xml
2 ms. Memory: 1254400K Free: 1078320K (86%)
----------------- Invoking toplevel() on ptolemy.moml.MoMLSimpleApplication@eb48261
----------------- Done invoking toplevel() on ptolemy.moml.MoMLSimpleApplication@eb48261
reloadAllAccessors: .PubSubWithInitialTokens2

===========================================================================================
----------------- testing Sat Nov 24 02:49:00 UTC 2018 /home/travis/build/icyphy/ptII/ptolemy/actor/lib/test/auto/PublisherClassNoParameter.xml
----------------- Instantiating /home/travis/build/icyphy/ptII/ptolemy/actor/lib/test/auto/PublisherClassNoParameter.xml
2 ms. Memory: 1254400K Free: 1055535K (84%)
----------------- Invoking toplevel() on ptolemy.moml.MoMLSimpleApplication@5ce871ad
----------------- Done invoking toplevel() on ptolemy.moml.MoMLSimpleApplication@5ce871ad
reloadAllAccessors: .PublisherClassNoParameter

===========================================================================================
----------------- testing Sat Nov 24 02:49:00 UTC 2018 /home/travis/build/icyphy/ptII/ptolemy/actor/lib/test/auto/PublisherClassParameter.xml
----------------- Instantiating /home/travis/build/icyphy/ptII/ptolemy/actor/lib/test/auto/PublisherClassParameter.xml
2 ms. Memory: 1254400K Free: 1038193K (83%)
----------------- Invoking toplevel() on ptolemy.moml.MoMLSimpleApplication@78785ec8
----------------- Done invoking toplevel() on ptolemy.moml.MoMLSimpleApplication@78785ec8
reloadAllAccessors: .PublisherClassParameter

===========================================================================================
----------------- testing Sat Nov 24 02:49:00 UTC 2018 /home/travis/build/icyphy/ptII/ptolemy/actor/lib/test/auto/PublisherNonStrictTest.xml
----------------- Instantiating /home/travis/build/icyphy/ptII/ptolemy/actor/lib/test/auto/PublisherNonStrictTest.xml
3 ms. Memory: 1254400K Free: 1021199K (81%)
----------------- Invoking toplevel() on ptolemy.moml.MoMLSimpleApplication@16f662c8
----------------- Done invoking toplevel() on ptolemy.moml.MoMLSimpleApplication@16f662c8
reloadAllAccessors: .PublisherNonStrictTest

===========================================================================================
----------------- testing Sat Nov 24 02:49:00 UTC 2018 /home/travis/build/icyphy/ptII/ptolemy/actor/lib/test/auto/PublisherPort1.xml
----------------- Instantiating /home/travis/build/icyphy/ptII/ptolemy/actor/lib/test/auto/PublisherPort1.xml
2 ms. Memory: 1254400K Free: 1009649K (80%)
----------------- Invoking toplevel() on ptolemy.moml.MoMLSimpleApplication@770d7ed8
----------------- Done invoking toplevel() on ptolemy.moml.MoMLSimpleApplication@770d7ed8
reloadAllAccessors: .PublisherPort1

===========================================================================================
----------------- testing Sat Nov 24 02:49:00 UTC 2018 /home/travis/build/icyphy/ptII/ptolemy/actor/lib/test/auto/PublisherPort2.xml
----------------- Instantiating /home/travis/build/icyphy/ptII/ptolemy/actor/lib/test/auto/PublisherPort2.xml
1 ms. Memory: 1254400K Free: 992655K (79%)
----------------- Invoking toplevel() on ptolemy.moml.MoMLSimpleApplication@4dd32975
----------------- Done invoking toplevel() on ptolemy.moml.MoMLSimpleApplication@4dd32975
reloadAllAccessors: .PublisherPort2

===========================================================================================
----------------- testing Sat Nov 24 02:49:00 UTC 2018 /home/travis/build/icyphy/ptII/ptolemy/actor/lib/test/auto/PublisherPort3.xml
----------------- Instantiating /home/travis/build/icyphy/ptII/ptolemy/actor/lib/test/auto/PublisherPort3.xml
3 ms. Memory: 1254400K Free: 981105K (78%)
----------------- Invoking toplevel() on ptolemy.moml.MoMLSimpleApplication@3e417679
----------------- Done invoking toplevel() on ptolemy.moml.MoMLSimpleApplication@3e417679
reloadAllAccessors: .PublisherPort3

===========================================================================================
----------------- testing Sat Nov 24 02:49:00 UTC 2018 /home/travis/build/icyphy/ptII/ptolemy/actor/lib/test/auto/PublisherPort4.xml
----------------- Instantiating /home/travis/build/icyphy/ptII/ptolemy/actor/lib/test/auto/PublisherPort4.xml
2 ms. Memory: 1254400K Free: 964111K (77%)
----------------- Invoking toplevel() on ptolemy.moml.MoMLSimpleApplication@5ac03957
----------------- Done invoking toplevel() on ptolemy.moml.MoMLSimpleApplication@5ac03957
reloadAllAccessors: .PublisherPort4

===========================================================================================
----------------- testing Sat Nov 24 02:49:00 UTC 2018 /home/travis/build/icyphy/ptII/ptolemy/actor/lib/test/auto/PublisherPort5.xml
----------------- Instantiating /home/travis/build/icyphy/ptII/ptolemy/actor/lib/test/auto/PublisherPort5.xml
4 ms. Memory: 1254400K Free: 952560K (76%)
----------------- Invoking toplevel() on ptolemy.moml.MoMLSimpleApplication@503d14a4
----------------- Done invoking toplevel() on ptolemy.moml.MoMLSimpleApplication@503d14a4
reloadAllAccessors: .PublisherPort5

===========================================================================================
----------------- testing Sat Nov 24 02:49:00 UTC 2018 /home/travis/build/icyphy/ptII/ptolemy/actor/lib/test/auto/PublisherPort5LookAlike.xml
----------------- Instantiating /home/travis/build/icyphy/ptII/ptolemy/actor/lib/test/auto/PublisherPort5LookAlike.xml
3 ms. Memory: 1254400K Free: 941010K (75%)
----------------- Invoking toplevel() on ptolemy.moml.MoMLSimpleApplication@5d1fe38b
----------------- Done invoking toplevel() on ptolemy.moml.MoMLSimpleApplication@5d1fe38b
reloadAllAccessors: .PublisherPort5LookAlike

===========================================================================================
----------------- testing Sat Nov 24 02:49:00 UTC 2018 /home/travis/build/icyphy/ptII/ptolemy/actor/lib/test/auto/PublisherPort6.xml
----------------- Instantiating /home/travis/build/icyphy/ptII/ptolemy/actor/lib/test/auto/PublisherPort6.xml
2 ms. Memory: 1254400K Free: 924017K (74%)
----------------- Invoking toplevel() on ptolemy.moml.MoMLSimpleApplication@448ea204
----------------- Done invoking toplevel() on ptolemy.moml.MoMLSimpleApplication@448ea204
reloadAllAccessors: .PublisherPort6

===========================================================================================
----------------- testing Sat Nov 24 02:49:00 UTC 2018 /home/travis/build/icyphy/ptII/ptolemy/actor/lib/test/auto/PublisherPort7.xml
----------------- Instantiating /home/travis/build/icyphy/ptII/ptolemy/actor/lib/test/auto/PublisherPort7.xml
3 ms. Memory: 1254400K Free: 912466K (73%)
----------------- Invoking toplevel() on ptolemy.moml.MoMLSimpleApplication@66bba2ed
----------------- Done invoking toplevel() on ptolemy.moml.MoMLSimpleApplication@66bba2ed
reloadAllAccessors: .PublisherPort7

===========================================================================================
----------------- testing Sat Nov 24 02:49:00 UTC 2018 /home/travis/build/icyphy/ptII/ptolemy/actor/lib/test/auto/PublisherPort8.xml
----------------- Instantiating /home/travis/build/icyphy/ptII/ptolemy/actor/lib/test/auto/PublisherPort8.xml
3 ms. Memory: 1254400K Free: 895472K (71%)
----------------- Invoking toplevel() on ptolemy.moml.MoMLSimpleApplication@45244d28
----------------- Done invoking toplevel() on ptolemy.moml.MoMLSimpleApplication@45244d28
reloadAllAccessors: .PublisherPort8

===========================================================================================
----------------- testing Sat Nov 24 02:49:00 UTC 2018 /home/travis/build/icyphy/ptII/ptolemy/actor/lib/test/auto/PublisherPortSubscriberChannelVariablesAOC2.xml
----------------- Instantiating /home/travis/build/icyphy/ptII/ptolemy/actor/lib/test/auto/PublisherPortSubscriberChannelVariablesAOC2.xml
3 ms. Memory: 1254400K Free: 872355K (70%)
----------------- Invoking toplevel() on ptolemy.moml.MoMLSimpleApplication@3e8ba2c1
----------------- Done invoking toplevel() on ptolemy.moml.MoMLSimpleApplication@3e8ba2c1
reloadAllAccessors: .PublisherPortSubscriberChannelVariablesAOC2

===========================================================================================
----------------- testing Sat Nov 24 02:49:01 UTC 2018 /home/travis/build/icyphy/ptII/ptolemy/actor/lib/test/auto/PublisherPortSubscriberOpaqueWidthInference.xml
----------------- Instantiating /home/travis/build/icyphy/ptII/ptolemy/actor/lib/test/auto/PublisherPortSubscriberOpaqueWidthInference.xml
3 ms. Memory: 1254400K Free: 855361K (68%)
----------------- Invoking toplevel() on ptolemy.moml.MoMLSimpleApplication@2928a7f4
----------------- Done invoking toplevel() on ptolemy.moml.MoMLSimpleApplication@2928a7f4
reloadAllAccessors: .PublisherPortSubscriberOpaqueWidthInference

===========================================================================================
----------------- testing Sat Nov 24 02:49:01 UTC 2018 /home/travis/build/icyphy/ptII/ptolemy/actor/lib/test/auto/PublisherPortSubscriberPortAdjacent.xml
----------------- Instantiating /home/travis/build/icyphy/ptII/ptolemy/actor/lib/test/auto/PublisherPortSubscriberPortAdjacent.xml
1 ms. Memory: 1254400K Free: 838019K (67%)
----------------- Invoking toplevel() on ptolemy.moml.MoMLSimpleApplication@4a101090
----------------- Done invoking toplevel() on ptolemy.moml.MoMLSimpleApplication@4a101090
reloadAllAccessors: .PublisherPortSubscriberPortAdjacent

===========================================================================================
----------------- testing Sat Nov 24 02:49:01 UTC 2018 /home/travis/build/icyphy/ptII/ptolemy/actor/lib/test/auto/PublisherPortSubscriberPortExpression.xml
----------------- Instantiating /home/travis/build/icyphy/ptII/ptolemy/actor/lib/test/auto/PublisherPortSubscriberPortExpression.xml
3 ms. Memory: 1254400K Free: 826469K (66%)
----------------- Invoking toplevel() on ptolemy.moml.MoMLSimpleApplication@384e8607
----------------- Done invoking toplevel() on ptolemy.moml.MoMLSimpleApplication@384e8607
reloadAllAccessors: .PublisherPortSubscriberPortExpression

===========================================================================================
----------------- testing Sat Nov 24 02:49:01 UTC 2018 /home/travis/build/icyphy/ptII/ptolemy/actor/lib/test/auto/PublisherPortSubscriberPortOpaqueD3Reverse.xml
----------------- Instantiating /home/travis/build/icyphy/ptII/ptolemy/actor/lib/test/auto/PublisherPortSubscriberPortOpaqueD3Reverse.xml
6 ms. Memory: 1254400K Free: 803700K (64%)
----------------- Invoking toplevel() on ptolemy.moml.MoMLSimpleApplication@64cab4cf
----------------- Done invoking toplevel() on ptolemy.moml.MoMLSimpleApplication@64cab4cf
reloadAllAccessors: .PublisherPortSubscriberPortOpaqueD3Reverse

===========================================================================================
----------------- testing Sat Nov 24 02:49:01 UTC 2018 /home/travis/build/icyphy/ptII/ptolemy/actor/lib/test/auto/PublisherPortSubscriberPortOpaqueWidthInference.xml
----------------- Instantiating /home/travis/build/icyphy/ptII/ptolemy/actor/lib/test/auto/PublisherPortSubscriberPortOpaqueWidthInference.xml
4 ms. Memory: 1254400K Free: 792149K (63%)
----------------- Invoking toplevel() on ptolemy.moml.MoMLSimpleApplication@4eb9a518
----------------- Done invoking toplevel() on ptolemy.moml.MoMLSimpleApplication@4eb9a518
reloadAllAccessors: .PublisherPortSubscriberPortOpaqueWidthInference

===========================================================================================
----------------- testing Sat Nov 24 02:49:01 UTC 2018 /home/travis/build/icyphy/ptII/ptolemy/actor/lib/test/auto/PublisherPortToplevelSubscriberPortAOC.xml
----------------- Instantiating /home/travis/build/icyphy/ptII/ptolemy/actor/lib/test/auto/PublisherPortToplevelSubscriberPortAOC.xml
.PublisherPortToplevelSubscriberPortAOC.TestExceptionAttribute: initialize() was not invoked, but wrapup() was.  This is unusual, but not always a problem.  For example, exporting JNLP will do this.
1 ms. Memory: 1254400K Free: 775156K (62%)
----------------- Invoking toplevel() on ptolemy.moml.MoMLSimpleApplication@604e41b2
----------------- Done invoking toplevel() on ptolemy.moml.MoMLSimpleApplication@604e41b2
reloadAllAccessors: .PublisherPortToplevelSubscriberPortAOC

===========================================================================================
----------------- testing Sat Nov 24 02:49:01 UTC 2018 /home/travis/build/icyphy/ptII/ptolemy/actor/lib/test/auto/PublisherSubscriber.xml
----------------- Instantiating /home/travis/build/icyphy/ptII/ptolemy/actor/lib/test/auto/PublisherSubscriber.xml
3 ms. Memory: 1254400K Free: 763605K (61%)
----------------- Invoking toplevel() on ptolemy.moml.MoMLSimpleApplication@4f149776
----------------- Done invoking toplevel() on ptolemy.moml.MoMLSimpleApplication@4f149776
reloadAllAccessors: .PublisherSubscriber

===========================================================================================
----------------- testing Sat Nov 24 02:49:01 UTC 2018 /home/travis/build/icyphy/ptII/ptolemy/actor/lib/test/auto/PublisherSubscriber10.xml
----------------- Instantiating /home/travis/build/icyphy/ptII/ptolemy/actor/lib/test/auto/PublisherSubscriber10.xml
6 ms. Memory: 1254400K Free: 740828K (59%)
----------------- Invoking toplevel() on ptolemy.moml.MoMLSimpleApplication@43f0b34f
----------------- Done invoking toplevel() on ptolemy.moml.MoMLSimpleApplication@43f0b34f
reloadAllAccessors: .PublisherSubscriber10

===========================================================================================
----------------- testing Sat Nov 24 02:49:01 UTC 2018 /home/travis/build/icyphy/ptII/ptolemy/actor/lib/test/auto/PublisherSubscriber10InitialOutputs.xml
----------------- Instantiating /home/travis/build/icyphy/ptII/ptolemy/actor/lib/test/auto/PublisherSubscriber10InitialOutputs.xml
14 ms. Memory: 1254400K Free: 723486K (58%)
----------------- Invoking toplevel() on ptolemy.moml.MoMLSimpleApplication@410f4531
----------------- Done invoking toplevel() on ptolemy.moml.MoMLSimpleApplication@410f4531
reloadAllAccessors: .PublisherSubscriber10InitialOutputs

===========================================================================================
----------------- testing Sat Nov 24 02:49:01 UTC 2018 /home/travis/build/icyphy/ptII/ptolemy/actor/lib/test/auto/PublisherSubscriber11.xml
----------------- Instantiating /home/travis/build/icyphy/ptII/ptolemy/actor/lib/test/auto/PublisherSubscriber11.xml
3 ms. Memory: 1254400K Free: 706493K (56%)
----------------- Invoking toplevel() on ptolemy.moml.MoMLSimpleApplication@3d19aff5
----------------- Done invoking toplevel() on ptolemy.moml.MoMLSimpleApplication@3d19aff5
reloadAllAccessors: .PublisherSubscriber11

===========================================================================================
----------------- testing Sat Nov 24 02:49:01 UTC 2018 /home/travis/build/icyphy/ptII/ptolemy/actor/lib/test/auto/PublisherSubscriber12.xml
----------------- Instantiating /home/travis/build/icyphy/ptII/ptolemy/actor/lib/test/auto/PublisherSubscriber12.xml
5 ms. Memory: 1254400K Free: 694942K (55%)
----------------- Invoking toplevel() on ptolemy.moml.MoMLSimpleApplication@79e3d09c
----------------- Done invoking toplevel() on ptolemy.moml.MoMLSimpleApplication@79e3d09c
reloadAllAccessors: .PublisherSubscriber12

===========================================================================================
----------------- testing Sat Nov 24 02:49:01 UTC 2018 /home/travis/build/icyphy/ptII/ptolemy/actor/lib/test/auto/PublisherSubscriber13.xml
----------------- Instantiating /home/travis/build/icyphy/ptII/ptolemy/actor/lib/test/auto/PublisherSubscriber13.xml
2 ms. Memory: 1254400K Free: 683391K (54%)
----------------- Invoking toplevel() on ptolemy.moml.MoMLSimpleApplication@72c9fdf7
----------------- Done invoking toplevel() on ptolemy.moml.MoMLSimpleApplication@72c9fdf7
reloadAllAccessors: .PublisherSubscriber13

===========================================================================================
----------------- testing Sat Nov 24 02:49:01 UTC 2018 /home/travis/build/icyphy/ptII/ptolemy/actor/lib/test/auto/PublisherSubscriber14.xml
----------------- Instantiating /home/travis/build/icyphy/ptII/ptolemy/actor/lib/test/auto/PublisherSubscriber14.xml
2 ms. Memory: 1254400K Free: 660623K (53%)
----------------- Invoking toplevel() on ptolemy.moml.MoMLSimpleApplication@6550bdb5
----------------- Done invoking toplevel() on ptolemy.moml.MoMLSimpleApplication@6550bdb5
reloadAllAccessors: .PublisherSubscriber14

===========================================================================================
----------------- testing Sat Nov 24 02:49:01 UTC 2018 /home/travis/build/icyphy/ptII/ptolemy/actor/lib/test/auto/PublisherSubscriber2.xml
----------------- Instantiating /home/travis/build/icyphy/ptII/ptolemy/actor/lib/test/auto/PublisherSubscriber2.xml
4 ms. Memory: 1254400K Free: 649072K (52%)
----------------- Invoking toplevel() on ptolemy.moml.MoMLSimpleApplication@4d81e6a4
----------------- Done invoking toplevel() on ptolemy.moml.MoMLSimpleApplication@4d81e6a4
reloadAllAccessors: .PublisherSubscriber2

===========================================================================================
----------------- testing Sat Nov 24 02:49:01 UTC 2018 /home/travis/build/icyphy/ptII/ptolemy/actor/lib/test/auto/PublisherSubscriber3.xml
----------------- Instantiating /home/travis/build/icyphy/ptII/ptolemy/actor/lib/test/auto/PublisherSubscriber3.xml
2 ms. Memory: 1254400K Free: 632079K (50%)
----------------- Invoking toplevel() on ptolemy.moml.MoMLSimpleApplication@2b939abe
----------------- Done invoking toplevel() on ptolemy.moml.MoMLSimpleApplication@2b939abe
reloadAllAccessors: .PublisherSubscriber3

===========================================================================================
----------------- testing Sat Nov 24 02:49:01 UTC 2018 /home/travis/build/icyphy/ptII/ptolemy/actor/lib/test/auto/PublisherSubscriber4.xml
----------------- Instantiating /home/travis/build/icyphy/ptII/ptolemy/actor/lib/test/auto/PublisherSubscriber4.xml
1 ms. Memory: 1254400K Free: 620528K (49%)
----------------- Invoking toplevel() on ptolemy.moml.MoMLSimpleApplication@1fee3d54
----------------- Done invoking toplevel() on ptolemy.moml.MoMLSimpleApplication@1fee3d54
reloadAllAccessors: .PublisherSubscriber4

===========================================================================================
----------------- testing Sat Nov 24 02:49:01 UTC 2018 /home/travis/build/icyphy/ptII/ptolemy/actor/lib/test/auto/PublisherSubscriber5.xml
----------------- Instantiating /home/travis/build/icyphy/ptII/ptolemy/actor/lib/test/auto/PublisherSubscriber5.xml
6 ms. Memory: 1254400K Free: 603534K (48%)
----------------- Invoking toplevel() on ptolemy.moml.MoMLSimpleApplication@2bbbfa6c
----------------- Done invoking toplevel() on ptolemy.moml.MoMLSimpleApplication@2bbbfa6c
reloadAllAccessors: .PublisherSubscriber5

===========================================================================================
----------------- testing Sat Nov 24 02:49:01 UTC 2018 /home/travis/build/icyphy/ptII/ptolemy/actor/lib/test/auto/PublisherSubscriber6.xml
----------------- Instantiating /home/travis/build/icyphy/ptII/ptolemy/actor/lib/test/auto/PublisherSubscriber6.xml
5 ms. Memory: 1254400K Free: 591984K (47%)
----------------- Invoking toplevel() on ptolemy.moml.MoMLSimpleApplication@388f8a91
----------------- Done invoking toplevel() on ptolemy.moml.MoMLSimpleApplication@388f8a91
reloadAllAccessors: .PublisherSubscriber6

===========================================================================================
----------------- testing Sat Nov 24 02:49:01 UTC 2018 /home/travis/build/icyphy/ptII/ptolemy/actor/lib/test/auto/PublisherSubscriber7.xml
----------------- Instantiating /home/travis/build/icyphy/ptII/ptolemy/actor/lib/test/auto/PublisherSubscriber7.xml
5 ms. Memory: 1254400K Free: 574991K (46%)
----------------- Invoking toplevel() on ptolemy.moml.MoMLSimpleApplication@146528f
----------------- Done invoking toplevel() on ptolemy.moml.MoMLSimpleApplication@146528f
reloadAllAccessors: .PublisherSubscriber7

===========================================================================================
----------------- testing Sat Nov 24 02:49:01 UTC 2018 /home/travis/build/icyphy/ptII/ptolemy/actor/lib/test/auto/PublisherSubscriber8.xml
----------------- Instantiating /home/travis/build/icyphy/ptII/ptolemy/actor/lib/test/auto/PublisherSubscriber8.xml
13 ms. Memory: 1254400K Free: 505686K (40%)
----------------- Invoking toplevel() on ptolemy.moml.MoMLSimpleApplication@24e6b642
----------------- Done invoking toplevel() on ptolemy.moml.MoMLSimpleApplication@24e6b642
reloadAllAccessors: .PublisherSubscriber8

===========================================================================================
----------------- testing Sat Nov 24 02:49:01 UTC 2018 /home/travis/build/icyphy/ptII/ptolemy/actor/lib/test/auto/PublisherSubscriber9.xml
----------------- Instantiating /home/travis/build/icyphy/ptII/ptolemy/actor/lib/test/auto/PublisherSubscriber9.xml
3 ms. Memory: 1254400K Free: 488693K (39%)
----------------- Invoking toplevel() on ptolemy.moml.MoMLSimpleApplication@35c2f2b6
----------------- Done invoking toplevel() on ptolemy.moml.MoMLSimpleApplication@35c2f2b6
reloadAllAccessors: .PublisherSubscriber9

===========================================================================================
----------------- testing Sat Nov 24 02:49:01 UTC 2018 /home/travis/build/icyphy/ptII/ptolemy/actor/lib/test/auto/PublisherSubscriberAdjacent.xml
----------------- Instantiating /home/travis/build/icyphy/ptII/ptolemy/actor/lib/test/auto/PublisherSubscriberAdjacent.xml
2 ms. Memory: 1254400K Free: 471350K (38%)
----------------- Invoking toplevel() on ptolemy.moml.MoMLSimpleApplication@71740742
----------------- Done invoking toplevel() on ptolemy.moml.MoMLSimpleApplication@71740742
reloadAllAccessors: .PublisherSubscriberAdjacent

===========================================================================================
----------------- testing Sat Nov 24 02:49:01 UTC 2018 /home/travis/build/icyphy/ptII/ptolemy/actor/lib/test/auto/PublisherSubscriberChannelVariablesAOC2.xml
----------------- Instantiating /home/travis/build/icyphy/ptII/ptolemy/actor/lib/test/auto/PublisherSubscriberChannelVariablesAOC2.xml
2 ms. Memory: 1254400K Free: 448232K (36%)
----------------- Invoking toplevel() on ptolemy.moml.MoMLSimpleApplication@3ce3a359
----------------- Done invoking toplevel() on ptolemy.moml.MoMLSimpleApplication@3ce3a359
reloadAllAccessors: .PublisherSubscriberChannelVariablesAOC2

===========================================================================================
----------------- testing Sat Nov 24 02:49:01 UTC 2018 /home/travis/build/icyphy/ptII/ptolemy/actor/lib/test/auto/PublisherSubscriberD3.xml
----------------- Instantiating /home/travis/build/icyphy/ptII/ptolemy/actor/lib/test/auto/PublisherSubscriberD3.xml
1 ms. Memory: 1254400K Free: 431239K (34%)
----------------- Invoking toplevel() on ptolemy.moml.MoMLSimpleApplication@3559a5a0
----------------- Done invoking toplevel() on ptolemy.moml.MoMLSimpleApplication@3559a5a0
reloadAllAccessors: .PublisherSubscriberD3

===========================================================================================
----------------- testing Sat Nov 24 02:49:01 UTC 2018 /home/travis/build/icyphy/ptII/ptolemy/actor/lib/test/auto/PublisherSubscriberD3Reverse.xml
----------------- Instantiating /home/travis/build/icyphy/ptII/ptolemy/actor/lib/test/auto/PublisherSubscriberD3Reverse.xml
1 ms. Memory: 1254400K Free: 419688K (33%)
----------------- Invoking toplevel() on ptolemy.moml.MoMLSimpleApplication@269bf693
----------------- Done invoking toplevel() on ptolemy.moml.MoMLSimpleApplication@269bf693
reloadAllAccessors: .PublisherSubscriberD3Reverse

===========================================================================================
----------------- testing Sat Nov 24 02:49:01 UTC 2018 /home/travis/build/icyphy/ptII/ptolemy/actor/lib/test/auto/PublisherSubscriberExpression.xml
----------------- Instantiating /home/travis/build/icyphy/ptII/ptolemy/actor/lib/test/auto/PublisherSubscriberExpression.xml
4 ms. Memory: 1254400K Free: 396904K (32%)
----------------- Invoking toplevel() on ptolemy.moml.MoMLSimpleApplication@4d4f495a
----------------- Done invoking toplevel() on ptolemy.moml.MoMLSimpleApplication@4d4f495a
reloadAllAccessors: .PublisherSubscriberExpression

===========================================================================================
----------------- testing Sat Nov 24 02:49:01 UTC 2018 /home/travis/build/icyphy/ptII/ptolemy/actor/lib/test/auto/PublisherSubscriberOpaque.xml
----------------- Instantiating /home/travis/build/icyphy/ptII/ptolemy/actor/lib/test/auto/PublisherSubscriberOpaque.xml
3 ms. Memory: 1254400K Free: 385353K (31%)
----------------- Invoking toplevel() on ptolemy.moml.MoMLSimpleApplication@4ac63be9
----------------- Done invoking toplevel() on ptolemy.moml.MoMLSimpleApplication@4ac63be9
reloadAllAccessors: .PublisherSubscriberOpaque

===========================================================================================
----------------- testing Sat Nov 24 02:49:01 UTC 2018 /home/travis/build/icyphy/ptII/ptolemy/actor/lib/test/auto/PublisherSubscriberOpaqueD3.xml
----------------- Instantiating /home/travis/build/icyphy/ptII/ptolemy/actor/lib/test/auto/PublisherSubscriberOpaqueD3.xml
6 ms. Memory: 1254400K Free: 362568K (29%)
----------------- Invoking toplevel() on ptolemy.moml.MoMLSimpleApplication@55ac5a9f
----------------- Done invoking toplevel() on ptolemy.moml.MoMLSimpleApplication@55ac5a9f
reloadAllAccessors: .PublisherSubscriberOpaqueD3

===========================================================================================
----------------- testing Sat Nov 24 02:49:01 UTC 2018 /home/travis/build/icyphy/ptII/ptolemy/actor/lib/test/auto/PublisherSubscriberOpaqueD3Reverse.xml
----------------- Instantiating /home/travis/build/icyphy/ptII/ptolemy/actor/lib/test/auto/PublisherSubscriberOpaqueD3Reverse.xml
7 ms. Memory: 1254400K Free: 345226K (28%)
----------------- Invoking toplevel() on ptolemy.moml.MoMLSimpleApplication@1019f790
----------------- Done invoking toplevel() on ptolemy.moml.MoMLSimpleApplication@1019f790
reloadAllAccessors: .PublisherSubscriberOpaqueD3Reverse

===========================================================================================
----------------- testing Sat Nov 24 02:49:01 UTC 2018 /home/travis/build/icyphy/ptII/ptolemy/actor/lib/test/auto/PublisherSubscriberOpaqueWidthInference.xml
----------------- Instantiating /home/travis/build/icyphy/ptII/ptolemy/actor/lib/test/auto/PublisherSubscriberOpaqueWidthInference.xml
6 ms. Memory: 1254400K Free: 322458K (26%)
----------------- Invoking toplevel() on ptolemy.moml.MoMLSimpleApplication@5538f10e
----------------- Done invoking toplevel() on ptolemy.moml.MoMLSimpleApplication@5538f10e
reloadAllAccessors: .PublisherSubscriberOpaqueWidthInference

===========================================================================================
----------------- testing Sat Nov 24 02:49:01 UTC 2018 /home/travis/build/icyphy/ptII/ptolemy/actor/lib/test/auto/PublisherTestSubscriber.xml
----------------- Instantiating /home/travis/build/icyphy/ptII/ptolemy/actor/lib/test/auto/PublisherTestSubscriber.xml
3 ms. Memory: 1254400K Free: 310907K (25%)
----------------- Invoking toplevel() on ptolemy.moml.MoMLSimpleApplication@38f88892
----------------- Done invoking toplevel() on ptolemy.moml.MoMLSimpleApplication@38f88892
reloadAllAccessors: .PublisherTestSubscriber

===========================================================================================
----------------- testing Sat Nov 24 02:49:01 UTC 2018 /home/travis/build/icyphy/ptII/ptolemy/actor/lib/test/auto/PublisherToplevelSubscriberPortAOC.xml
----------------- Instantiating /home/travis/build/icyphy/ptII/ptolemy/actor/lib/test/auto/PublisherToplevelSubscriberPortAOC.xml
3 ms. Memory: 1254400K Free: 299356K (24%)
----------------- Invoking toplevel() on ptolemy.moml.MoMLSimpleApplication@6b18f8a7
----------------- Done invoking toplevel() on ptolemy.moml.MoMLSimpleApplication@6b18f8a7
reloadAllAccessors: .PublisherToplevelSubscriberPortAOC

===========================================================================================
----------------- testing Sat Nov 24 02:49:01 UTC 2018 /home/travis/build/icyphy/ptII/ptolemy/actor/lib/test/auto/PulseFiringLimitDE.xml
----------------- Instantiating /home/travis/build/icyphy/ptII/ptolemy/actor/lib/test/auto/PulseFiringLimitDE.xml
2 ms. Memory: 1254400K Free: 282363K (23%)
----------------- Invoking toplevel() on ptolemy.moml.MoMLSimpleApplication@479548d3
----------------- Done invoking toplevel() on ptolemy.moml.MoMLSimpleApplication@479548d3
reloadAllAccessors: .PulseFiringLimitDE

===========================================================================================
----------------- testing Sat Nov 24 02:49:01 UTC 2018 /home/travis/build/icyphy/ptII/ptolemy/actor/lib/test/auto/Ramp1.xml
----------------- Instantiating /home/travis/build/icyphy/ptII/ptolemy/actor/lib/test/auto/Ramp1.xml
2 ms. Memory: 1254400K Free: 270812K (22%)
----------------- Invoking toplevel() on ptolemy.moml.MoMLSimpleApplication@1659bcd0
----------------- Done invoking toplevel() on ptolemy.moml.MoMLSimpleApplication@1659bcd0
reloadAllAccessors: .Ramp1

===========================================================================================
----------------- testing Sat Nov 24 02:49:01 UTC 2018 /home/travis/build/icyphy/ptII/ptolemy/actor/lib/test/auto/RampFiringLimitDE.xml
----------------- Instantiating /home/travis/build/icyphy/ptII/ptolemy/actor/lib/test/auto/RampFiringLimitDE.xml
2 ms. Memory: 1254400K Free: 253819K (20%)
----------------- Invoking toplevel() on ptolemy.moml.MoMLSimpleApplication@51684a87
----------------- Done invoking toplevel() on ptolemy.moml.MoMLSimpleApplication@51684a87
reloadAllAccessors: .RampFiringLimitDE

===========================================================================================
----------------- testing Sat Nov 24 02:49:01 UTC 2018 /home/travis/build/icyphy/ptII/ptolemy/actor/lib/test/auto/RampFiringLimitSDF.xml
----------------- Instantiating /home/travis/build/icyphy/ptII/ptolemy/actor/lib/test/auto/RampFiringLimitSDF.xml
1 ms. Memory: 1254400K Free: 242268K (19%)
----------------- Invoking toplevel() on ptolemy.moml.MoMLSimpleApplication@264de4f4
----------------- Done invoking toplevel() on ptolemy.moml.MoMLSimpleApplication@264de4f4
reloadAllAccessors: .RampFiringLimitSDF

===========================================================================================
----------------- testing Sat Nov 24 02:49:01 UTC 2018 /home/travis/build/icyphy/ptII/ptolemy/actor/lib/test/auto/RandomInteger.xml
----------------- Instantiating /home/travis/build/icyphy/ptII/ptolemy/actor/lib/test/auto/RandomInteger.xml
4 ms. Memory: 1254400K Free: 225275K (18%)
----------------- Invoking toplevel() on ptolemy.moml.MoMLSimpleApplication@270323e
----------------- Done invoking toplevel() on ptolemy.moml.MoMLSimpleApplication@270323e
reloadAllAccessors: .RandomInteger

===========================================================================================
----------------- testing Sat Nov 24 02:49:01 UTC 2018 /home/travis/build/icyphy/ptII/ptolemy/actor/lib/test/auto/ReadFile1.xml
----------------- Instantiating /home/travis/build/icyphy/ptII/ptolemy/actor/lib/test/auto/ReadFile1.xml
2 ms. Memory: 1254400K Free: 213724K (17%)
----------------- Invoking toplevel() on ptolemy.moml.MoMLSimpleApplication@583ee29f
----------------- Done invoking toplevel() on ptolemy.moml.MoMLSimpleApplication@583ee29f
reloadAllAccessors: .ReadFile1

===========================================================================================
----------------- testing Sat Nov 24 02:49:01 UTC 2018 /home/travis/build/icyphy/ptII/ptolemy/actor/lib/test/auto/ReadFile2.xml
----------------- Instantiating /home/travis/build/icyphy/ptII/ptolemy/actor/lib/test/auto/ReadFile2.xml
1 ms. Memory: 1254400K Free: 196731K (16%)
----------------- Invoking toplevel() on ptolemy.moml.MoMLSimpleApplication@65880c23
----------------- Done invoking toplevel() on ptolemy.moml.MoMLSimpleApplication@65880c23
reloadAllAccessors: .ReadFile2

===========================================================================================
----------------- testing Sat Nov 24 02:49:01 UTC 2018 /home/travis/build/icyphy/ptII/ptolemy/actor/lib/test/auto/Reader.xml
----------------- Instantiating /home/travis/build/icyphy/ptII/ptolemy/actor/lib/test/auto/Reader.xml
actor.lib.Reader is obsolete, use actor.lib.io.ExpressionReader instead
3 ms. Memory: 1254400K Free: 185180K (15%)
----------------- Invoking toplevel() on ptolemy.moml.MoMLSimpleApplication@2f2aef70
----------------- Done invoking toplevel() on ptolemy.moml.MoMLSimpleApplication@2f2aef70
reloadAllAccessors: .Reader

===========================================================================================
----------------- testing Sat Nov 24 02:49:01 UTC 2018 /home/travis/build/icyphy/ptII/ptolemy/actor/lib/test/auto/RecordAssemblerDisplayNameTest.xml
----------------- Instantiating /home/travis/build/icyphy/ptII/ptolemy/actor/lib/test/auto/RecordAssemblerDisplayNameTest.xml
3786 ms. Memory: 1284096K Free: 110069K (9%)
----------------- Invoking toplevel() on ptolemy.moml.MoMLSimpleApplication@6444d447
----------------- Done invoking toplevel() on ptolemy.moml.MoMLSimpleApplication@6444d447
reloadAllAccessors: .RecordAssemblerDisplayNameTest

===========================================================================================
----------------- testing Sat Nov 24 02:49:05 UTC 2018 /home/travis/build/icyphy/ptII/ptolemy/actor/lib/test/auto/RecordAssemblerTypeError.xml
----------------- Instantiating /home/travis/build/icyphy/ptII/ptolemy/actor/lib/test/auto/RecordAssemblerTypeError.xml
5 ms. Memory: 1284096K Free: 84947K (7%)
----------------- Invoking toplevel() on ptolemy.moml.MoMLSimpleApplication@b1aae95
----------------- Done invoking toplevel() on ptolemy.moml.MoMLSimpleApplication@b1aae95
reloadAllAccessors: .RecordAssemblerTypeError

===========================================================================================
----------------- testing Sat Nov 24 02:49:05 UTC 2018 /home/travis/build/icyphy/ptII/ptolemy/actor/lib/test/auto/RecordDisassember.xml
----------------- Instantiating /home/travis/build/icyphy/ptII/ptolemy/actor/lib/test/auto/RecordDisassember.xml
13 ms. Memory: 1371136K Free: 1325817K (97%)
----------------- Invoking toplevel() on ptolemy.moml.MoMLSimpleApplication@ba8a02e
----------------- Done invoking toplevel() on ptolemy.moml.MoMLSimpleApplication@ba8a02e
reloadAllAccessors: .RecordDisassember

===========================================================================================
----------------- testing Sat Nov 24 02:49:05 UTC 2018 /home/travis/build/icyphy/ptII/ptolemy/actor/lib/test/auto/RecordDisassemberDisplayNameTest.xml
----------------- Instantiating /home/travis/build/icyphy/ptII/ptolemy/actor/lib/test/auto/RecordDisassemberDisplayNameTest.xml
9 ms. Memory: 1371136K Free: 1306720K (95%)
----------------- Invoking toplevel() on ptolemy.moml.MoMLSimpleApplication@6db7be65
----------------- Done invoking toplevel() on ptolemy.moml.MoMLSimpleApplication@6db7be65
reloadAllAccessors: .RecordDisassemberDisplayNameTest

===========================================================================================
----------------- testing Sat Nov 24 02:49:05 UTC 2018 /home/travis/build/icyphy/ptII/ptolemy/actor/lib/test/auto/RecordDisassembler.xml
----------------- Instantiating /home/travis/build/icyphy/ptII/ptolemy/actor/lib/test/auto/RecordDisassembler.xml
2 ms. Memory: 1371136K Free: 1290775K (94%)
----------------- Invoking toplevel() on ptolemy.moml.MoMLSimpleApplication@3871b7f6
----------------- Done invoking toplevel() on ptolemy.moml.MoMLSimpleApplication@3871b7f6
reloadAllAccessors: .RecordDisassembler

===========================================================================================
----------------- testing Sat Nov 24 02:49:05 UTC 2018 /home/travis/build/icyphy/ptII/ptolemy/actor/lib/test/auto/RecordDisassembler2.xml
----------------- Instantiating /home/travis/build/icyphy/ptII/ptolemy/actor/lib/test/auto/RecordDisassembler2.xml
2 ms. Memory: 1371136K Free: 1274829K (93%)
----------------- Invoking toplevel() on ptolemy.moml.MoMLSimpleApplication@6b4441aa
----------------- Done invoking toplevel() on ptolemy.moml.MoMLSimpleApplication@6b4441aa
reloadAllAccessors: .RecordDisassembler2

===========================================================================================
----------------- testing Sat Nov 24 02:49:05 UTC 2018 /home/travis/build/icyphy/ptII/ptolemy/actor/lib/test/auto/RecordUpdater.xml
----------------- Instantiating /home/travis/build/icyphy/ptII/ptolemy/actor/lib/test/auto/RecordUpdater.xml
2 ms. Memory: 1371136K Free: 1262224K (92%)
----------------- Invoking toplevel() on ptolemy.moml.MoMLSimpleApplication@6c71bbec
----------------- Done invoking toplevel() on ptolemy.moml.MoMLSimpleApplication@6c71bbec
reloadAllAccessors: .RecordUpdater

===========================================================================================
----------------- testing Sat Nov 24 02:49:05 UTC 2018 /home/travis/build/icyphy/ptII/ptolemy/actor/lib/test/auto/RecordUpdater2.xml
----------------- Instantiating /home/travis/build/icyphy/ptII/ptolemy/actor/lib/test/auto/RecordUpdater2.xml
1 ms. Memory: 1371136K Free: 1246279K (91%)
----------------- Invoking toplevel() on ptolemy.moml.MoMLSimpleApplication@1d23f8d8
----------------- Done invoking toplevel() on ptolemy.moml.MoMLSimpleApplication@1d23f8d8
reloadAllAccessors: .RecordUpdater2

===========================================================================================
----------------- testing Sat Nov 24 02:49:05 UTC 2018 /home/travis/build/icyphy/ptII/ptolemy/actor/lib/test/auto/RecursiveLattice.xml
----------------- Instantiating /home/travis/build/icyphy/ptII/ptolemy/actor/lib/test/auto/RecursiveLattice.xml
2 ms. Memory: 1371136K Free: 1230334K (90%)
----------------- Invoking toplevel() on ptolemy.moml.MoMLSimpleApplication@7bdcd538
----------------- Done invoking toplevel() on ptolemy.moml.MoMLSimpleApplication@7bdcd538
reloadAllAccessors: .RecursiveLattice

===========================================================================================
----------------- testing Sat Nov 24 02:49:05 UTC 2018 /home/travis/build/icyphy/ptII/ptolemy/actor/lib/test/auto/Router.xml
----------------- Instantiating /home/travis/build/icyphy/ptII/ptolemy/actor/lib/test/auto/Router.xml
3004 ms. Memory: 1371136K Free: 1214388K (89%)
----------------- Invoking toplevel() on ptolemy.moml.MoMLSimpleApplication@4d6764c9
----------------- Done invoking toplevel() on ptolemy.moml.MoMLSimpleApplication@4d6764c9
reloadAllAccessors: .Router

===========================================================================================
----------------- testing Sat Nov 24 02:49:08 UTC 2018 /home/travis/build/icyphy/ptII/ptolemy/actor/lib/test/auto/Router2.xml
----------------- Instantiating /home/travis/build/icyphy/ptII/ptolemy/actor/lib/test/auto/Router2.xml
3003 ms. Memory: 1371136K Free: 1201783K (88%)
----------------- Invoking toplevel() on ptolemy.moml.MoMLSimpleApplication@118449d1
----------------- Done invoking toplevel() on ptolemy.moml.MoMLSimpleApplication@118449d1
reloadAllAccessors: .Router2

===========================================================================================
----------------- testing Sat Nov 24 02:49:11 UTC 2018 /home/travis/build/icyphy/ptII/ptolemy/actor/lib/test/auto/RunningMaximum.xml
----------------- Instantiating /home/travis/build/icyphy/ptII/ptolemy/actor/lib/test/auto/RunningMaximum.xml
1 ms. Memory: 1371136K Free: 1185838K (86%)
----------------- Invoking toplevel() on ptolemy.moml.MoMLSimpleApplication@1d51d991
----------------- Done invoking toplevel() on ptolemy.moml.MoMLSimpleApplication@1d51d991
reloadAllAccessors: .RunningMaximum

===========================================================================================
----------------- testing Sat Nov 24 02:49:11 UTC 2018 /home/travis/build/icyphy/ptII/ptolemy/actor/lib/test/auto/RunningMinimum.xml
----------------- Instantiating /home/travis/build/icyphy/ptII/ptolemy/actor/lib/test/auto/RunningMinimum.xml
3 ms. Memory: 1371136K Free: 1169892K (85%)
----------------- Invoking toplevel() on ptolemy.moml.MoMLSimpleApplication@47a0b758
----------------- Done invoking toplevel() on ptolemy.moml.MoMLSimpleApplication@47a0b758
reloadAllAccessors: .RunningMinimum

===========================================================================================
----------------- testing Sat Nov 24 02:49:12 UTC 2018 /home/travis/build/icyphy/ptII/ptolemy/actor/lib/test/auto/Scale.xml
----------------- Instantiating /home/travis/build/icyphy/ptII/ptolemy/actor/lib/test/auto/Scale.xml
1 ms. Memory: 1371136K Free: 1157287K (84%)
----------------- Invoking toplevel() on ptolemy.moml.MoMLSimpleApplication@17567845
----------------- Done invoking toplevel() on ptolemy.moml.MoMLSimpleApplication@17567845
reloadAllAccessors: .Scale

===========================================================================================
----------------- testing Sat Nov 24 02:49:12 UTC 2018 /home/travis/build/icyphy/ptII/ptolemy/actor/lib/test/auto/Scale2.xml
----------------- Instantiating /home/travis/build/icyphy/ptII/ptolemy/actor/lib/test/auto/Scale2.xml
1 ms. Memory: 1371136K Free: 1141342K (83%)
----------------- Invoking toplevel() on ptolemy.moml.MoMLSimpleApplication@74be4f98
----------------- Done invoking toplevel() on ptolemy.moml.MoMLSimpleApplication@74be4f98
reloadAllAccessors: .Scale2

===========================================================================================
----------------- testing Sat Nov 24 02:49:12 UTC 2018 /home/travis/build/icyphy/ptII/ptolemy/actor/lib/test/auto/Scale3.xml
----------------- Instantiating /home/travis/build/icyphy/ptII/ptolemy/actor/lib/test/auto/Scale3.xml
3 ms. Memory: 1371136K Free: 1125397K (82%)
----------------- Invoking toplevel() on ptolemy.moml.MoMLSimpleApplication@ffff845
----------------- Done invoking toplevel() on ptolemy.moml.MoMLSimpleApplication@ffff845
reloadAllAccessors: .Scale3

===========================================================================================
----------------- testing Sat Nov 24 02:49:12 UTC 2018 /home/travis/build/icyphy/ptII/ptolemy/actor/lib/test/auto/ScaleArray.xml
----------------- Instantiating /home/travis/build/icyphy/ptII/ptolemy/actor/lib/test/auto/ScaleArray.xml
1 ms. Memory: 1371136K Free: 1109452K (81%)
----------------- Invoking toplevel() on ptolemy.moml.MoMLSimpleApplication@3f957949
----------------- Done invoking toplevel() on ptolemy.moml.MoMLSimpleApplication@3f957949
reloadAllAccessors: .ScaleArray

===========================================================================================
----------------- testing Sat Nov 24 02:49:12 UTC 2018 /home/travis/build/icyphy/ptII/ptolemy/actor/lib/test/auto/ScaleArray2.xml
----------------- Instantiating /home/travis/build/icyphy/ptII/ptolemy/actor/lib/test/auto/ScaleArray2.xml
1 ms. Memory: 1371136K Free: 1096846K (80%)
----------------- Invoking toplevel() on ptolemy.moml.MoMLSimpleApplication@298b9f92
----------------- Done invoking toplevel() on ptolemy.moml.MoMLSimpleApplication@298b9f92
reloadAllAccessors: .ScaleArray2

===========================================================================================
----------------- testing Sat Nov 24 02:49:12 UTC 2018 /home/travis/build/icyphy/ptII/ptolemy/actor/lib/test/auto/ScaleMatrix.xml
----------------- Instantiating /home/travis/build/icyphy/ptII/ptolemy/actor/lib/test/auto/ScaleMatrix.xml
97 ms. Memory: 1371136K Free: 1074589K (78%)
----------------- Invoking toplevel() on ptolemy.moml.MoMLSimpleApplication@1fcded33
----------------- Done invoking toplevel() on ptolemy.moml.MoMLSimpleApplication@1fcded33
reloadAllAccessors: .ScaleMatrix

===========================================================================================
----------------- testing Sat Nov 24 02:49:12 UTC 2018 /home/travis/build/icyphy/ptII/ptolemy/actor/lib/test/auto/Select.xml
----------------- Instantiating /home/travis/build/icyphy/ptII/ptolemy/actor/lib/test/auto/Select.xml
2 ms. Memory: 1371136K Free: 1058644K (77%)
----------------- Invoking toplevel() on ptolemy.moml.MoMLSimpleApplication@3d8e6c25
----------------- Done invoking toplevel() on ptolemy.moml.MoMLSimpleApplication@3d8e6c25
reloadAllAccessors: .Select

===========================================================================================
----------------- testing Sat Nov 24 02:49:12 UTC 2018 /home/travis/build/icyphy/ptII/ptolemy/actor/lib/test/auto/Select2.xml
----------------- Instantiating /home/travis/build/icyphy/ptII/ptolemy/actor/lib/test/auto/Select2.xml
1 ms. Memory: 1371136K Free: 1042699K (76%)
----------------- Invoking toplevel() on ptolemy.moml.MoMLSimpleApplication@59ade78a
----------------- Done invoking toplevel() on ptolemy.moml.MoMLSimpleApplication@59ade78a
reloadAllAccessors: .Select2

===========================================================================================
----------------- testing Sat Nov 24 02:49:12 UTC 2018 /home/travis/build/icyphy/ptII/ptolemy/actor/lib/test/auto/SequenceToArray2.xml
----------------- Instantiating /home/travis/build/icyphy/ptII/ptolemy/actor/lib/test/auto/SequenceToArray2.xml
79 ms. Memory: 1371136K Free: 960747K (70%)
----------------- Invoking toplevel() on ptolemy.moml.MoMLSimpleApplication@1ce6c0f7
----------------- Done invoking toplevel() on ptolemy.moml.MoMLSimpleApplication@1ce6c0f7
reloadAllAccessors: .SequenceToArray2

===========================================================================================
----------------- testing Sat Nov 24 02:49:12 UTC 2018 /home/travis/build/icyphy/ptII/ptolemy/actor/lib/test/auto/SequentialClock.xml
----------------- Instantiating /home/travis/build/icyphy/ptII/ptolemy/actor/lib/test/auto/SequentialClock.xml
1 ms. Memory: 1371136K Free: 944802K (69%)
----------------- Invoking toplevel() on ptolemy.moml.MoMLSimpleApplication@70bce406
----------------- Done invoking toplevel() on ptolemy.moml.MoMLSimpleApplication@70bce406
reloadAllAccessors: .SequentialClock

===========================================================================================
----------------- testing Sat Nov 24 02:49:12 UTC 2018 /home/travis/build/icyphy/ptII/ptolemy/actor/lib/test/auto/SetVariable.xml
----------------- Instantiating /home/travis/build/icyphy/ptII/ptolemy/actor/lib/test/auto/SetVariable.xml
2 ms. Memory: 1371136K Free: 928857K (68%)
----------------- Invoking toplevel() on ptolemy.moml.MoMLSimpleApplication@1133187b
----------------- Done invoking toplevel() on ptolemy.moml.MoMLSimpleApplication@1133187b
reloadAllAccessors: .SetVariable

===========================================================================================
----------------- testing Sat Nov 24 02:49:12 UTC 2018 /home/travis/build/icyphy/ptII/ptolemy/actor/lib/test/auto/SetVariable2.xml
----------------- Instantiating /home/travis/build/icyphy/ptII/ptolemy/actor/lib/test/auto/SetVariable2.xml
2 ms. Memory: 1371136K Free: 916251K (67%)
----------------- Invoking toplevel() on ptolemy.moml.MoMLSimpleApplication@61267858
----------------- Done invoking toplevel() on ptolemy.moml.MoMLSimpleApplication@61267858
reloadAllAccessors: .SetVariable2

===========================================================================================
----------------- testing Sat Nov 24 02:49:12 UTC 2018 /home/travis/build/icyphy/ptII/ptolemy/actor/lib/test/auto/SetVariable3.xml
----------------- Instantiating /home/travis/build/icyphy/ptII/ptolemy/actor/lib/test/auto/SetVariable3.xml
6 ms. Memory: 1371136K Free: 900306K (66%)
----------------- Invoking toplevel() on ptolemy.moml.MoMLSimpleApplication@41c2283d
----------------- Done invoking toplevel() on ptolemy.moml.MoMLSimpleApplication@41c2283d
reloadAllAccessors: .SetVariable3

===========================================================================================
----------------- testing Sat Nov 24 02:49:12 UTC 2018 /home/travis/build/icyphy/ptII/ptolemy/actor/lib/test/auto/SetVariable4.xml
----------------- Instantiating /home/travis/build/icyphy/ptII/ptolemy/actor/lib/test/auto/SetVariable4.xml
18 ms. Memory: 1371136K Free: 840242K (61%)
----------------- Invoking toplevel() on ptolemy.moml.MoMLSimpleApplication@2160c276
----------------- Done invoking toplevel() on ptolemy.moml.MoMLSimpleApplication@2160c276
reloadAllAccessors: .SetVariable4

===========================================================================================
----------------- testing Sat Nov 24 02:49:12 UTC 2018 /home/travis/build/icyphy/ptII/ptolemy/actor/lib/test/auto/SetVariable5.xml
----------------- Instantiating /home/travis/build/icyphy/ptII/ptolemy/actor/lib/test/auto/SetVariable5.xml
8 ms. Memory: 1371136K Free: 817978K (60%)
----------------- Invoking toplevel() on ptolemy.moml.MoMLSimpleApplication@5c522796
----------------- Done invoking toplevel() on ptolemy.moml.MoMLSimpleApplication@5c522796
reloadAllAccessors: .SetVariable5

===========================================================================================
----------------- testing Sat Nov 24 02:49:12 UTC 2018 /home/travis/build/icyphy/ptII/ptolemy/actor/lib/test/auto/Sinewave.xml
----------------- Instantiating /home/travis/build/icyphy/ptII/ptolemy/actor/lib/test/auto/Sinewave.xml
10 ms. Memory: 1371136K Free: 799062K (58%)
----------------- Invoking toplevel() on ptolemy.moml.MoMLSimpleApplication@7abe9797
----------------- Done invoking toplevel() on ptolemy.moml.MoMLSimpleApplication@7abe9797
reloadAllAccessors: .Sinewave

===========================================================================================
----------------- testing Sat Nov 24 02:49:12 UTC 2018 /home/travis/build/icyphy/ptII/ptolemy/actor/lib/test/auto/Sinewave2.xml
----------------- Instantiating /home/travis/build/icyphy/ptII/ptolemy/actor/lib/test/auto/Sinewave2.xml
5 ms. Memory: 1371136K Free: 783116K (57%)
----------------- Invoking toplevel() on ptolemy.moml.MoMLSimpleApplication@3e8a0637
----------------- Done invoking toplevel() on ptolemy.moml.MoMLSimpleApplication@3e8a0637
reloadAllAccessors: .Sinewave2

===========================================================================================
----------------- testing Sat Nov 24 02:49:12 UTC 2018 /home/travis/build/icyphy/ptII/ptolemy/actor/lib/test/auto/Sinewave3.xml
----------------- Instantiating /home/travis/build/icyphy/ptII/ptolemy/actor/lib/test/auto/Sinewave3.xml
5 ms. Memory: 1371136K Free: 767171K (56%)
----------------- Invoking toplevel() on ptolemy.moml.MoMLSimpleApplication@4eebb7bc
----------------- Done invoking toplevel() on ptolemy.moml.MoMLSimpleApplication@4eebb7bc
reloadAllAccessors: .Sinewave3

===========================================================================================
----------------- testing Sat Nov 24 02:49:12 UTC 2018 /home/travis/build/icyphy/ptII/ptolemy/actor/lib/test/auto/SingleEvent.xml
----------------- Instantiating /home/travis/build/icyphy/ptII/ptolemy/actor/lib/test/auto/SingleEvent.xml
1 ms. Memory: 1371136K Free: 751226K (55%)
----------------- Invoking toplevel() on ptolemy.moml.MoMLSimpleApplication@d2c16c
----------------- Done invoking toplevel() on ptolemy.moml.MoMLSimpleApplication@d2c16c
reloadAllAccessors: .SingleEvent

===========================================================================================
----------------- testing Sat Nov 24 02:49:12 UTC 2018 /home/travis/build/icyphy/ptII/ptolemy/actor/lib/test/auto/Sleep.xml
----------------- Instantiating /home/travis/build/icyphy/ptII/ptolemy/actor/lib/test/auto/Sleep.xml
6003 ms. Memory: 1371136K Free: 738621K (54%)
----------------- Invoking toplevel() on ptolemy.moml.MoMLSimpleApplication@1b77fb6e
----------------- Done invoking toplevel() on ptolemy.moml.MoMLSimpleApplication@1b77fb6e
reloadAllAccessors: .Sleep

===========================================================================================
----------------- testing Sat Nov 24 02:49:18 UTC 2018 /home/travis/build/icyphy/ptII/ptolemy/actor/lib/test/auto/SleepMultipleFire.xml
----------------- Instantiating /home/travis/build/icyphy/ptII/ptolemy/actor/lib/test/auto/SleepMultipleFire.xml
1004 ms. Memory: 1371136K Free: 722676K (53%)
----------------- Invoking toplevel() on ptolemy.moml.MoMLSimpleApplication@2d8735e6
----------------- Done invoking toplevel() on ptolemy.moml.MoMLSimpleApplication@2d8735e6
reloadAllAccessors: .SleepMultipleFire

===========================================================================================
----------------- testing Sat Nov 24 02:49:19 UTC 2018 /home/travis/build/icyphy/ptII/ptolemy/actor/lib/test/auto/StopDE.xml
----------------- Instantiating /home/travis/build/icyphy/ptII/ptolemy/actor/lib/test/auto/StopDE.xml
1 ms. Memory: 1371136K Free: 706731K (52%)
----------------- Invoking toplevel() on ptolemy.moml.MoMLSimpleApplication@60de1aae
----------------- Done invoking toplevel() on ptolemy.moml.MoMLSimpleApplication@60de1aae
reloadAllAccessors: .StopDE

===========================================================================================
----------------- testing Sat Nov 24 02:49:19 UTC 2018 /home/travis/build/icyphy/ptII/ptolemy/actor/lib/test/auto/StopSDF.xml
----------------- Instantiating /home/travis/build/icyphy/ptII/ptolemy/actor/lib/test/auto/StopSDF.xml
3 ms. Memory: 1371136K Free: 690785K (50%)
----------------- Invoking toplevel() on ptolemy.moml.MoMLSimpleApplication@1e21161f
----------------- Done invoking toplevel() on ptolemy.moml.MoMLSimpleApplication@1e21161f
reloadAllAccessors: .StopSDF

===========================================================================================
----------------- testing Sat Nov 24 02:49:19 UTC 2018 /home/travis/build/icyphy/ptII/ptolemy/actor/lib/test/auto/StringConstant.xml
----------------- Instantiating /home/travis/build/icyphy/ptII/ptolemy/actor/lib/test/auto/StringConstant.xml
1 ms. Memory: 1371136K Free: 678180K (49%)
----------------- Invoking toplevel() on ptolemy.moml.MoMLSimpleApplication@c4ec3ce
----------------- Done invoking toplevel() on ptolemy.moml.MoMLSimpleApplication@c4ec3ce
reloadAllAccessors: .StringConstant

===========================================================================================
----------------- testing Sat Nov 24 02:49:19 UTC 2018 /home/travis/build/icyphy/ptII/ptolemy/actor/lib/test/auto/SubscriberPortInitialValues1.xml
----------------- Instantiating /home/travis/build/icyphy/ptII/ptolemy/actor/lib/test/auto/SubscriberPortInitialValues1.xml
6 ms. Memory: 1371136K Free: 662235K (48%)
----------------- Invoking toplevel() on ptolemy.moml.MoMLSimpleApplication@741ff780
----------------- Done invoking toplevel() on ptolemy.moml.MoMLSimpleApplication@741ff780
reloadAllAccessors: .SubscriberPortInitialValues1

===========================================================================================
----------------- testing Sat Nov 24 02:49:19 UTC 2018 /home/travis/build/icyphy/ptII/ptolemy/actor/lib/test/auto/SubscriberPortInitialValues13.xml
----------------- Instantiating /home/travis/build/icyphy/ptII/ptolemy/actor/lib/test/auto/SubscriberPortInitialValues13.xml
4 ms. Memory: 1371136K Free: 639986K (47%)
----------------- Invoking toplevel() on ptolemy.moml.MoMLSimpleApplication@63fd6808
----------------- Done invoking toplevel() on ptolemy.moml.MoMLSimpleApplication@63fd6808
reloadAllAccessors: .SubscriberPortInitialValues13

===========================================================================================
----------------- testing Sat Nov 24 02:49:19 UTC 2018 /home/travis/build/icyphy/ptII/ptolemy/actor/lib/test/auto/SubscriberPortInitialValues14.xml
----------------- Instantiating /home/travis/build/icyphy/ptII/ptolemy/actor/lib/test/auto/SubscriberPortInitialValues14.xml
3 ms. Memory: 1371136K Free: 627381K (46%)
----------------- Invoking toplevel() on ptolemy.moml.MoMLSimpleApplication@590c33ab
----------------- Done invoking toplevel() on ptolemy.moml.MoMLSimpleApplication@590c33ab
reloadAllAccessors: .SubscriberPortInitialValues14

===========================================================================================
----------------- testing Sat Nov 24 02:49:19 UTC 2018 /home/travis/build/icyphy/ptII/ptolemy/actor/lib/test/auto/SubscriberPortInitialValues2.xml
----------------- Instantiating /home/travis/build/icyphy/ptII/ptolemy/actor/lib/test/auto/SubscriberPortInitialValues2.xml
3 ms. Memory: 1371136K Free: 611435K (45%)
----------------- Invoking toplevel() on ptolemy.moml.MoMLSimpleApplication@429604ca
----------------- Done invoking toplevel() on ptolemy.moml.MoMLSimpleApplication@429604ca
reloadAllAccessors: .SubscriberPortInitialValues2

===========================================================================================
----------------- testing Sat Nov 24 02:49:19 UTC 2018 /home/travis/build/icyphy/ptII/ptolemy/actor/lib/test/auto/SubscriberPortInitialValues3.xml
----------------- Instantiating /home/travis/build/icyphy/ptII/ptolemy/actor/lib/test/auto/SubscriberPortInitialValues3.xml
3 ms. Memory: 1371136K Free: 589179K (43%)
----------------- Invoking toplevel() on ptolemy.moml.MoMLSimpleApplication@480b9af4
----------------- Done invoking toplevel() on ptolemy.moml.MoMLSimpleApplication@480b9af4
reloadAllAccessors: .SubscriberPortInitialValues3

===========================================================================================
----------------- testing Sat Nov 24 02:49:19 UTC 2018 /home/travis/build/icyphy/ptII/ptolemy/actor/lib/test/auto/SubscriptionAggregator.xml
----------------- Instantiating /home/travis/build/icyphy/ptII/ptolemy/actor/lib/test/auto/SubscriptionAggregator.xml
2 ms. Memory: 1371136K Free: 573234K (42%)
----------------- Invoking toplevel() on ptolemy.moml.MoMLSimpleApplication@135a1d51
----------------- Done invoking toplevel() on ptolemy.moml.MoMLSimpleApplication@135a1d51
reloadAllAccessors: .SubscriptionAggregator

===========================================================================================
----------------- testing Sat Nov 24 02:49:19 UTC 2018 /home/travis/build/icyphy/ptII/ptolemy/actor/lib/test/auto/SubscriptionAggregator2.xml
----------------- Instantiating /home/travis/build/icyphy/ptII/ptolemy/actor/lib/test/auto/SubscriptionAggregator2.xml
3 ms. Memory: 1371136K Free: 560628K (41%)
----------------- Invoking toplevel() on ptolemy.moml.MoMLSimpleApplication@c519d2c
----------------- Done invoking toplevel() on ptolemy.moml.MoMLSimpleApplication@c519d2c
reloadAllAccessors: .SubscriptionAggregator2

===========================================================================================
----------------- testing Sat Nov 24 02:49:19 UTC 2018 /home/travis/build/icyphy/ptII/ptolemy/actor/lib/test/auto/SubscriptionAggregator3.xml
----------------- Instantiating /home/travis/build/icyphy/ptII/ptolemy/actor/lib/test/auto/SubscriptionAggregator3.xml
3 ms. Memory: 1371136K Free: 538364K (39%)
----------------- Invoking toplevel() on ptolemy.moml.MoMLSimpleApplication@6128705
----------------- Done invoking toplevel() on ptolemy.moml.MoMLSimpleApplication@6128705
reloadAllAccessors: .SubscriptionAggregator3

===========================================================================================
----------------- testing Sat Nov 24 02:49:19 UTC 2018 /home/travis/build/icyphy/ptII/ptolemy/actor/lib/test/auto/SubscriptionAggregatorMultiply.xml
----------------- Instantiating /home/travis/build/icyphy/ptII/ptolemy/actor/lib/test/auto/SubscriptionAggregatorMultiply.xml
3 ms. Memory: 1371136K Free: 522419K (38%)
----------------- Invoking toplevel() on ptolemy.moml.MoMLSimpleApplication@597778ef
----------------- Done invoking toplevel() on ptolemy.moml.MoMLSimpleApplication@597778ef
reloadAllAccessors: .SubscriptionAggregatorMultiply

===========================================================================================
----------------- testing Sat Nov 24 02:49:19 UTC 2018 /home/travis/build/icyphy/ptII/ptolemy/actor/lib/test/auto/SubscriptionAggregatorPortMultiply1.xml
----------------- Instantiating /home/travis/build/icyphy/ptII/ptolemy/actor/lib/test/auto/SubscriptionAggregatorPortMultiply1.xml
3 ms. Memory: 1371136K Free: 506474K (37%)
----------------- Invoking toplevel() on ptolemy.moml.MoMLSimpleApplication@53b5aeef
----------------- Done invoking toplevel() on ptolemy.moml.MoMLSimpleApplication@53b5aeef
reloadAllAccessors: .SubscriptionAggregatorPortMultiply1

===========================================================================================
----------------- testing Sat Nov 24 02:49:19 UTC 2018 /home/travis/build/icyphy/ptII/ptolemy/actor/lib/test/auto/Switch.xml
----------------- Instantiating /home/travis/build/icyphy/ptII/ptolemy/actor/lib/test/auto/Switch.xml
3 ms. Memory: 1371136K Free: 456052K (33%)
----------------- Invoking toplevel() on ptolemy.moml.MoMLSimpleApplication@71a3eed1
----------------- Done invoking toplevel() on ptolemy.moml.MoMLSimpleApplication@71a3eed1
reloadAllAccessors: .Switch

===========================================================================================
----------------- testing Sat Nov 24 02:49:19 UTC 2018 /home/travis/build/icyphy/ptII/ptolemy/actor/lib/test/auto/Switch2.xml
----------------- Instantiating /home/travis/build/icyphy/ptII/ptolemy/actor/lib/test/auto/Switch2.xml
1 ms. Memory: 1371136K Free: 440107K (32%)
----------------- Invoking toplevel() on ptolemy.moml.MoMLSimpleApplication@193eb124
----------------- Done invoking toplevel() on ptolemy.moml.MoMLSimpleApplication@193eb124
reloadAllAccessors: .Switch2

===========================================================================================
----------------- testing Sat Nov 24 02:49:19 UTC 2018 /home/travis/build/icyphy/ptII/ptolemy/actor/lib/test/auto/SwitchDE.xml
----------------- Instantiating /home/travis/build/icyphy/ptII/ptolemy/actor/lib/test/auto/SwitchDE.xml
2 ms. Memory: 1371136K Free: 424162K (31%)
----------------- Invoking toplevel() on ptolemy.moml.MoMLSimpleApplication@392e7724
----------------- Done invoking toplevel() on ptolemy.moml.MoMLSimpleApplication@392e7724
reloadAllAccessors: .SwitchDE

===========================================================================================
----------------- testing Sat Nov 24 02:49:19 UTC 2018 /home/travis/build/icyphy/ptII/ptolemy/actor/lib/test/auto/SynchronizerDE.xml
----------------- Instantiating /home/travis/build/icyphy/ptII/ptolemy/actor/lib/test/auto/SynchronizerDE.xml
3 ms. Memory: 1371136K Free: 401898K (29%)
----------------- Invoking toplevel() on ptolemy.moml.MoMLSimpleApplication@56b47d23
----------------- Done invoking toplevel() on ptolemy.moml.MoMLSimpleApplication@56b47d23
reloadAllAccessors: .SynchronizerDE

===========================================================================================
----------------- testing Sat Nov 24 02:49:19 UTC 2018 /home/travis/build/icyphy/ptII/ptolemy/actor/lib/test/auto/Test.xml
----------------- Instantiating /home/travis/build/icyphy/ptII/ptolemy/actor/lib/test/auto/Test.xml
2 ms. Memory: 1371136K Free: 389292K (28%)
----------------- Invoking toplevel() on ptolemy.moml.MoMLSimpleApplication@af071f7
----------------- Done invoking toplevel() on ptolemy.moml.MoMLSimpleApplication@af071f7
reloadAllAccessors: .Test

===========================================================================================
----------------- testing Sat Nov 24 02:49:19 UTC 2018 /home/travis/build/icyphy/ptII/ptolemy/actor/lib/test/auto/TestExceptionAttribute1.xml
----------------- Instantiating /home/travis/build/icyphy/ptII/ptolemy/actor/lib/test/auto/TestExceptionAttribute1.xml
1 ms. Memory: 1371136K Free: 373347K (27%)
----------------- Invoking toplevel() on ptolemy.moml.MoMLSimpleApplication@bd60194
----------------- Done invoking toplevel() on ptolemy.moml.MoMLSimpleApplication@bd60194
reloadAllAccessors: .TestExceptionAttribute1

===========================================================================================
----------------- testing Sat Nov 24 02:49:20 UTC 2018 /home/travis/build/icyphy/ptII/ptolemy/actor/lib/test/auto/TestExceptionAttribute2.xml
----------------- Instantiating /home/travis/build/icyphy/ptII/ptolemy/actor/lib/test/auto/TestExceptionAttribute2.xml
1 ms. Memory: 1371136K Free: 357402K (26%)
----------------- Invoking toplevel() on ptolemy.moml.MoMLSimpleApplication@2db3c270
----------------- Done invoking toplevel() on ptolemy.moml.MoMLSimpleApplication@2db3c270
reloadAllAccessors: .TestExceptionAttribute2

===========================================================================================
----------------- testing Sat Nov 24 02:49:20 UTC 2018 /home/travis/build/icyphy/ptII/ptolemy/actor/lib/test/auto/TestExceptionAttribute3.xml
----------------- Instantiating /home/travis/build/icyphy/ptII/ptolemy/actor/lib/test/auto/TestExceptionAttribute3.xml
.TestExceptionAttribute3.TestExceptionAttribute: initialize() was not invoked, but wrapup() was.  This is unusual, but not always a problem.  For example, exporting JNLP will do this.
0 ms. Memory: 1371136K Free: 341457K (25%)
----------------- Invoking toplevel() on ptolemy.moml.MoMLSimpleApplication@7ecafbc
----------------- Done invoking toplevel() on ptolemy.moml.MoMLSimpleApplication@7ecafbc
reloadAllAccessors: .TestExceptionAttribute3

===========================================================================================
----------------- testing Sat Nov 24 02:49:20 UTC 2018 /home/travis/build/icyphy/ptII/ptolemy/actor/lib/test/auto/TestExceptionAttribute4.xml
----------------- Instantiating /home/travis/build/icyphy/ptII/ptolemy/actor/lib/test/auto/TestExceptionAttribute4.xml
.TestExceptionAttribute4.TestExceptionAttribute: initialize() was not invoked, but wrapup() was.  This is unusual, but not always a problem.  For example, exporting JNLP will do this.
.TestExceptionAttribute4.TestExceptionAttribute2: initialize() was not invoked, but wrapup() was.  This is unusual, but not always a problem.  For example, exporting JNLP will do this.
1 ms. Memory: 1371136K Free: 328851K (24%)
----------------- Invoking toplevel() on ptolemy.moml.MoMLSimpleApplication@7efd11d8
----------------- Done invoking toplevel() on ptolemy.moml.MoMLSimpleApplication@7efd11d8
reloadAllAccessors: .TestExceptionAttribute4

===========================================================================================
----------------- testing Sat Nov 24 02:49:20 UTC 2018 /home/travis/build/icyphy/ptII/ptolemy/actor/lib/test/auto/TestExceptionHandler1.xml
----------------- Instantiating /home/travis/build/icyphy/ptII/ptolemy/actor/lib/test/auto/TestExceptionHandler1.xml
1 ms. Memory: 1371136K Free: 312906K (23%)
----------------- Invoking toplevel() on ptolemy.moml.MoMLSimpleApplication@419af4a
----------------- Done invoking toplevel() on ptolemy.moml.MoMLSimpleApplication@419af4a
reloadAllAccessors: .TestExceptionHandler1

===========================================================================================
----------------- testing Sat Nov 24 02:49:20 UTC 2018 /home/travis/build/icyphy/ptII/ptolemy/actor/lib/test/auto/TestExceptionHandler2.xml
----------------- Instantiating /home/travis/build/icyphy/ptII/ptolemy/actor/lib/test/auto/TestExceptionHandler2.xml
0 ms. Memory: 1371136K Free: 296960K (22%)
----------------- Invoking toplevel() on ptolemy.moml.MoMLSimpleApplication@23867b7b
----------------- Done invoking toplevel() on ptolemy.moml.MoMLSimpleApplication@23867b7b
reloadAllAccessors: .TestExceptionHandler2

===========================================================================================
----------------- testing Sat Nov 24 02:49:20 UTC 2018 /home/travis/build/icyphy/ptII/ptolemy/actor/lib/test/auto/TestExceptionHandler3.xml
----------------- Instantiating /home/travis/build/icyphy/ptII/ptolemy/actor/lib/test/auto/TestExceptionHandler3.xml
1 ms. Memory: 1371136K Free: 284355K (21%)
----------------- Invoking toplevel() on ptolemy.moml.MoMLSimpleApplication@63af829a
----------------- Done invoking toplevel() on ptolemy.moml.MoMLSimpleApplication@63af829a
reloadAllAccessors: .TestExceptionHandler3

===========================================================================================
----------------- testing Sat Nov 24 02:49:20 UTC 2018 /home/travis/build/icyphy/ptII/ptolemy/actor/lib/test/auto/TestExceptionHandler4.xml
----------------- Instantiating /home/travis/build/icyphy/ptII/ptolemy/actor/lib/test/auto/TestExceptionHandler4.xml
1 ms. Memory: 1371136K Free: 268410K (20%)
----------------- Invoking toplevel() on ptolemy.moml.MoMLSimpleApplication@6ea220be
----------------- Done invoking toplevel() on ptolemy.moml.MoMLSimpleApplication@6ea220be
reloadAllAccessors: .TestExceptionHandler4

===========================================================================================
----------------- testing Sat Nov 24 02:49:20 UTC 2018 /home/travis/build/icyphy/ptII/ptolemy/actor/lib/test/auto/TestRequireCorrectOrder.xml
----------------- Instantiating /home/travis/build/icyphy/ptII/ptolemy/actor/lib/test/auto/TestRequireCorrectOrder.xml
2 ms. Memory: 1371136K Free: 252465K (18%)
----------------- Invoking toplevel() on ptolemy.moml.MoMLSimpleApplication@5b9e2fee
----------------- Done invoking toplevel() on ptolemy.moml.MoMLSimpleApplication@5b9e2fee
reloadAllAccessors: .TestRequireCorrectOrder

===========================================================================================
----------------- testing Sat Nov 24 02:49:20 UTC 2018 /home/travis/build/icyphy/ptII/ptolemy/actor/lib/test/auto/TestSimple.xml
----------------- Instantiating /home/travis/build/icyphy/ptII/ptolemy/actor/lib/test/auto/TestSimple.xml
1 ms. Memory: 1371136K Free: 236520K (17%)
----------------- Invoking toplevel() on ptolemy.moml.MoMLSimpleApplication@584ec26f
----------------- Done invoking toplevel() on ptolemy.moml.MoMLSimpleApplication@584ec26f
reloadAllAccessors: .TestSimple

===========================================================================================
----------------- testing Sat Nov 24 02:49:20 UTC 2018 /home/travis/build/icyphy/ptII/ptolemy/actor/lib/test/auto/ThrowModelError.xml
----------------- Instantiating /home/travis/build/icyphy/ptII/ptolemy/actor/lib/test/auto/ThrowModelError.xml
1 ms. Memory: 1371136K Free: 223914K (16%)
----------------- Invoking toplevel() on ptolemy.moml.MoMLSimpleApplication@798e776b
----------------- Done invoking toplevel() on ptolemy.moml.MoMLSimpleApplication@798e776b
reloadAllAccessors: .ThrowModelError

===========================================================================================
----------------- testing Sat Nov 24 02:49:20 UTC 2018 /home/travis/build/icyphy/ptII/ptolemy/actor/lib/test/auto/TimeDelayMicrosteps.xml
----------------- Instantiating /home/travis/build/icyphy/ptII/ptolemy/actor/lib/test/auto/TimeDelayMicrosteps.xml
3 ms. Memory: 1371136K Free: 207969K (15%)
----------------- Invoking toplevel() on ptolemy.moml.MoMLSimpleApplication@34f92aa8
----------------- Done invoking toplevel() on ptolemy.moml.MoMLSimpleApplication@34f92aa8
reloadAllAccessors: .TimeDelayMicrosteps

===========================================================================================
----------------- testing Sat Nov 24 02:49:20 UTC 2018 /home/travis/build/icyphy/ptII/ptolemy/actor/lib/test/auto/TimeDelayMicrosteps2.xml
----------------- Instantiating /home/travis/build/icyphy/ptII/ptolemy/actor/lib/test/auto/TimeDelayMicrosteps2.xml
2 ms. Memory: 1371136K Free: 192024K (14%)
----------------- Invoking toplevel() on ptolemy.moml.MoMLSimpleApplication@12ec1987
----------------- Done invoking toplevel() on ptolemy.moml.MoMLSimpleApplication@12ec1987
reloadAllAccessors: .TimeDelayMicrosteps2

===========================================================================================
----------------- testing Sat Nov 24 02:49:20 UTC 2018 /home/travis/build/icyphy/ptII/ptolemy/actor/lib/test/auto/TimeDelayMicrosteps3.xml
----------------- Instantiating /home/travis/build/icyphy/ptII/ptolemy/actor/lib/test/auto/TimeDelayMicrosteps3.xml
3 ms. Memory: 1371136K Free: 176079K (13%)
----------------- Invoking toplevel() on ptolemy.moml.MoMLSimpleApplication@4659db2
----------------- Done invoking toplevel() on ptolemy.moml.MoMLSimpleApplication@4659db2
reloadAllAccessors: .TimeDelayMicrosteps3

===========================================================================================
----------------- testing Sat Nov 24 02:49:20 UTC 2018 /home/travis/build/icyphy/ptII/ptolemy/actor/lib/test/auto/TimeDelayVariableMicrosteps.xml
----------------- Instantiating /home/travis/build/icyphy/ptII/ptolemy/actor/lib/test/auto/TimeDelayVariableMicrosteps.xml
3 ms. Memory: 1371136K Free: 163473K (12%)
----------------- Invoking toplevel() on ptolemy.moml.MoMLSimpleApplication@1125dd81
----------------- Done invoking toplevel() on ptolemy.moml.MoMLSimpleApplication@1125dd81
reloadAllAccessors: .TimeDelayVariableMicrosteps

===========================================================================================
----------------- testing Sat Nov 24 02:49:20 UTC 2018 /home/travis/build/icyphy/ptII/ptolemy/actor/lib/test/auto/TimeGap.xml
----------------- Instantiating /home/travis/build/icyphy/ptII/ptolemy/actor/lib/test/auto/TimeGap.xml
2 ms. Memory: 1371136K Free: 147528K (11%)
----------------- Invoking toplevel() on ptolemy.moml.MoMLSimpleApplication@41d2c1b
----------------- Done invoking toplevel() on ptolemy.moml.MoMLSimpleApplication@41d2c1b
reloadAllAccessors: .TimeGap

===========================================================================================
----------------- testing Sat Nov 24 02:49:20 UTC 2018 /home/travis/build/icyphy/ptII/ptolemy/actor/lib/test/auto/TimeGap2.xml
----------------- Instantiating /home/travis/build/icyphy/ptII/ptolemy/actor/lib/test/auto/TimeGap2.xml
3 ms. Memory: 1371136K Free: 131583K (10%)
----------------- Invoking toplevel() on ptolemy.moml.MoMLSimpleApplication@1a454d99
----------------- Done invoking toplevel() on ptolemy.moml.MoMLSimpleApplication@1a454d99
reloadAllAccessors: .TimeGap2

===========================================================================================
----------------- testing Sat Nov 24 02:49:20 UTC 2018 /home/travis/build/icyphy/ptII/ptolemy/actor/lib/test/auto/TimedSinewave.xml
----------------- Instantiating /home/travis/build/icyphy/ptII/ptolemy/actor/lib/test/auto/TimedSinewave.xml
14 ms. Memory: 1371136K Free: 109319K (8%)
----------------- Invoking toplevel() on ptolemy.moml.MoMLSimpleApplication@3bf0b65d
----------------- Done invoking toplevel() on ptolemy.moml.MoMLSimpleApplication@3bf0b65d
reloadAllAccessors: .TimedSinewave

===========================================================================================
----------------- testing Sat Nov 24 02:49:20 UTC 2018 /home/travis/build/icyphy/ptII/ptolemy/actor/lib/test/auto/TimedSinewavePhase.xml
----------------- Instantiating /home/travis/build/icyphy/ptII/ptolemy/actor/lib/test/auto/TimedSinewavePhase.xml
12 ms. Memory: 1371136K Free: 90411K (7%)
----------------- Invoking toplevel() on ptolemy.moml.MoMLSimpleApplication@61f13fb3
----------------- Done invoking toplevel() on ptolemy.moml.MoMLSimpleApplication@61f13fb3
reloadAllAccessors: .TimedSinewavePhase

===========================================================================================
----------------- testing Sat Nov 24 02:49:20 UTC 2018 /home/travis/build/icyphy/ptII/ptolemy/actor/lib/test/auto/Timer.xml
----------------- Instantiating /home/travis/build/icyphy/ptII/ptolemy/actor/lib/test/auto/Timer.xml
3 ms. Memory: 1371136K Free: 74465K (5%)
----------------- Invoking toplevel() on ptolemy.moml.MoMLSimpleApplication@6f6a75c1
----------------- Done invoking toplevel() on ptolemy.moml.MoMLSimpleApplication@6f6a75c1
reloadAllAccessors: .Timer

===========================================================================================
----------------- testing Sat Nov 24 02:49:20 UTC 2018 /home/travis/build/icyphy/ptII/ptolemy/actor/lib/test/auto/TriangularDistTestModel.xml
----------------- Instantiating /home/travis/build/icyphy/ptII/ptolemy/actor/lib/test/auto/TriangularDistTestModel.xml
2 ms. Memory: 1374208K Free: 1321974K (96%)
----------------- Invoking toplevel() on ptolemy.moml.MoMLSimpleApplication@d3504b9
----------------- Done invoking toplevel() on ptolemy.moml.MoMLSimpleApplication@d3504b9
reloadAllAccessors: .TriangularDistTestModel

===========================================================================================
----------------- testing Sat Nov 24 02:49:20 UTC 2018 /home/travis/build/icyphy/ptII/ptolemy/actor/lib/test/auto/TrigFunction.xml
----------------- Instantiating /home/travis/build/icyphy/ptII/ptolemy/actor/lib/test/auto/TrigFunction.xml
1 ms. Memory: 1374208K Free: 1306005K (95%)
----------------- Invoking toplevel() on ptolemy.moml.MoMLSimpleApplication@aa2e8f9
----------------- Done invoking toplevel() on ptolemy.moml.MoMLSimpleApplication@aa2e8f9
reloadAllAccessors: .TrigFunction

===========================================================================================
----------------- testing Sat Nov 24 02:49:20 UTC 2018 /home/travis/build/icyphy/ptII/ptolemy/actor/lib/test/auto/TrigFunctionDE.xml
----------------- Instantiating /home/travis/build/icyphy/ptII/ptolemy/actor/lib/test/auto/TrigFunctionDE.xml
2 ms. Memory: 1374208K Free: 1290035K (94%)
----------------- Invoking toplevel() on ptolemy.moml.MoMLSimpleApplication@853a576
----------------- Done invoking toplevel() on ptolemy.moml.MoMLSimpleApplication@853a576
reloadAllAccessors: .TrigFunctionDE

===========================================================================================
----------------- testing Sat Nov 24 02:49:20 UTC 2018 /home/travis/build/icyphy/ptII/ptolemy/actor/lib/test/auto/TrigFunctionInverse.xml
----------------- Instantiating /home/travis/build/icyphy/ptII/ptolemy/actor/lib/test/auto/TrigFunctionInverse.xml
2 ms. Memory: 1374208K Free: 1274065K (93%)
----------------- Invoking toplevel() on ptolemy.moml.MoMLSimpleApplication@5d203c3e
----------------- Done invoking toplevel() on ptolemy.moml.MoMLSimpleApplication@5d203c3e
reloadAllAccessors: .TrigFunctionInverse

===========================================================================================
----------------- testing Sat Nov 24 02:49:20 UTC 2018 /home/travis/build/icyphy/ptII/ptolemy/actor/lib/test/auto/TrigFunctionTan.xml
----------------- Instantiating /home/travis/build/icyphy/ptII/ptolemy/actor/lib/test/auto/TrigFunctionTan.xml
2 ms. Memory: 1374208K Free: 1261460K (92%)
----------------- Invoking toplevel() on ptolemy.moml.MoMLSimpleApplication@d32f6ad
----------------- Done invoking toplevel() on ptolemy.moml.MoMLSimpleApplication@d32f6ad
reloadAllAccessors: .TrigFunctionTan

===========================================================================================
----------------- testing Sat Nov 24 02:49:20 UTC 2018 /home/travis/build/icyphy/ptII/ptolemy/actor/lib/test/auto/TriggeredClock.xml
----------------- Instantiating /home/travis/build/icyphy/ptII/ptolemy/actor/lib/test/auto/TriggeredClock.xml
1 ms. Memory: 1374208K Free: 1245490K (91%)
----------------- Invoking toplevel() on ptolemy.moml.MoMLSimpleApplication@5e76869b
----------------- Done invoking toplevel() on ptolemy.moml.MoMLSimpleApplication@5e76869b
reloadAllAccessors: .TriggeredClock

===========================================================================================
----------------- testing Sat Nov 24 02:49:20 UTC 2018 /home/travis/build/icyphy/ptII/ptolemy/actor/lib/test/auto/URLDirectoryReader.xml
----------------- Instantiating /home/travis/build/icyphy/ptII/ptolemy/actor/lib/test/auto/URLDirectoryReader.xml
30 ms. Memory: 1374208K Free: 1229520K (89%)
----------------- Invoking toplevel() on ptolemy.moml.MoMLSimpleApplication@735ab18a
----------------- Done invoking toplevel() on ptolemy.moml.MoMLSimpleApplication@735ab18a
reloadAllAccessors: .URLDirectoryReader

===========================================================================================
----------------- testing Sat Nov 24 02:49:20 UTC 2018 /home/travis/build/icyphy/ptII/ptolemy/actor/lib/test/auto/URLDirectoryReader3.xml
----------------- Instantiating /home/travis/build/icyphy/ptII/ptolemy/actor/lib/test/auto/URLDirectoryReader3.xml
1211 ms. Memory: 1374208K Free: 1169426K (85%)
----------------- Invoking toplevel() on ptolemy.moml.MoMLSimpleApplication@2ee3409e
----------------- Done invoking toplevel() on ptolemy.moml.MoMLSimpleApplication@2ee3409e
reloadAllAccessors: .URLDirectoryReader3

===========================================================================================
----------------- testing Sat Nov 24 02:49:21 UTC 2018 /home/travis/build/icyphy/ptII/ptolemy/actor/lib/test/auto/UnaryMathFunction.xml
----------------- Instantiating /home/travis/build/icyphy/ptII/ptolemy/actor/lib/test/auto/UnaryMathFunction.xml
2 ms. Memory: 1374208K Free: 1156820K (84%)
----------------- Invoking toplevel() on ptolemy.moml.MoMLSimpleApplication@bb742c6
----------------- Done invoking toplevel() on ptolemy.moml.MoMLSimpleApplication@bb742c6
reloadAllAccessors: .UnaryMathFunction

===========================================================================================
----------------- testing Sat Nov 24 02:49:22 UTC 2018 /home/travis/build/icyphy/ptII/ptolemy/actor/lib/test/auto/Uniform.xml
----------------- Instantiating /home/travis/build/icyphy/ptII/ptolemy/actor/lib/test/auto/Uniform.xml
5 ms. Memory: 1374208K Free: 1140851K (83%)
----------------- Invoking toplevel() on ptolemy.moml.MoMLSimpleApplication@45cfe723
----------------- Done invoking toplevel() on ptolemy.moml.MoMLSimpleApplication@45cfe723
reloadAllAccessors: .Uniform

===========================================================================================
----------------- testing Sat Nov 24 02:49:22 UTC 2018 /home/travis/build/icyphy/ptII/ptolemy/actor/lib/test/auto/UnionDisassemblerTest.xml
----------------- Instantiating /home/travis/build/icyphy/ptII/ptolemy/actor/lib/test/auto/UnionDisassemblerTest.xml
10 ms. Memory: 1374208K Free: 1124881K (82%)
----------------- Invoking toplevel() on ptolemy.moml.MoMLSimpleApplication@5239f633
----------------- Done invoking toplevel() on ptolemy.moml.MoMLSimpleApplication@5239f633
reloadAllAccessors: .UnionDisassemblerTest

===========================================================================================
----------------- testing Sat Nov 24 02:49:22 UTC 2018 /home/travis/build/icyphy/ptII/ptolemy/actor/lib/test/auto/UtilityFunctions.xml
----------------- Instantiating /home/travis/build/icyphy/ptII/ptolemy/actor/lib/test/auto/UtilityFunctions.xml
9 ms. Memory: 1374208K Free: 1108911K (81%)
----------------- Invoking toplevel() on ptolemy.moml.MoMLSimpleApplication@6d33eff2
----------------- Done invoking toplevel() on ptolemy.moml.MoMLSimpleApplication@6d33eff2
reloadAllAccessors: .UtilityFunctions

===========================================================================================
----------------- testing Sat Nov 24 02:49:22 UTC 2018 /home/travis/build/icyphy/ptII/ptolemy/actor/lib/test/auto/VariableSleep.xml
----------------- Instantiating /home/travis/build/icyphy/ptII/ptolemy/actor/lib/test/auto/VariableSleep.xml
513 ms. Memory: 1374208K Free: 1096306K (80%)
----------------- Invoking toplevel() on ptolemy.moml.MoMLSimpleApplication@5e5e9519
----------------- Done invoking toplevel() on ptolemy.moml.MoMLSimpleApplication@5e5e9519
reloadAllAccessors: .VariableSleep

===========================================================================================
----------------- testing Sat Nov 24 02:49:22 UTC 2018 /home/travis/build/icyphy/ptII/ptolemy/actor/lib/test/auto/VectorAssemblerDisassemblerCT.xml
----------------- Instantiating /home/travis/build/icyphy/ptII/ptolemy/actor/lib/test/auto/VectorAssemblerDisassemblerCT.xml
64 ms. Memory: 1374208K Free: 1067701K (78%)
----------------- Invoking toplevel() on ptolemy.moml.MoMLSimpleApplication@52181e6b
----------------- Done invoking toplevel() on ptolemy.moml.MoMLSimpleApplication@52181e6b
reloadAllAccessors: .VectorAssemblerDisassemblerCT

===========================================================================================
----------------- testing Sat Nov 24 02:49:22 UTC 2018 /home/travis/build/icyphy/ptII/ptolemy/actor/lib/test/auto/VectorAssemblerDisassemblerDE.xml
----------------- Instantiating /home/travis/build/icyphy/ptII/ptolemy/actor/lib/test/auto/VectorAssemblerDisassemblerDE.xml
2 ms. Memory: 1374208K Free: 1051731K (77%)
----------------- Invoking toplevel() on ptolemy.moml.MoMLSimpleApplication@119556de
----------------- Done invoking toplevel() on ptolemy.moml.MoMLSimpleApplication@119556de
reloadAllAccessors: .VectorAssemblerDisassemblerDE

===========================================================================================
----------------- testing Sat Nov 24 02:49:22 UTC 2018 /home/travis/build/icyphy/ptII/ptolemy/actor/lib/test/auto/VectorAssemblerDisassemblerSDF.xml
----------------- Instantiating /home/travis/build/icyphy/ptII/ptolemy/actor/lib/test/auto/VectorAssemblerDisassemblerSDF.xml
3 ms. Memory: 1374208K Free: 1035762K (75%)
----------------- Invoking toplevel() on ptolemy.moml.MoMLSimpleApplication@1abfeace
----------------- Done invoking toplevel() on ptolemy.moml.MoMLSimpleApplication@1abfeace
reloadAllAccessors: .VectorAssemblerDisassemblerSDF

===========================================================================================
----------------- testing Sat Nov 24 02:49:22 UTC 2018 /home/travis/build/icyphy/ptII/ptolemy/actor/lib/test/auto/WallClockTime.xml
----------------- Instantiating /home/travis/build/icyphy/ptII/ptolemy/actor/lib/test/auto/WallClockTime.xml
1005 ms. Memory: 1374208K Free: 1023156K (74%)
----------------- Invoking toplevel() on ptolemy.moml.MoMLSimpleApplication@62535189
----------------- Done invoking toplevel() on ptolemy.moml.MoMLSimpleApplication@62535189
reloadAllAccessors: .WallClockTime

===========================================================================================
----------------- testing Sat Nov 24 02:49:23 UTC 2018 /home/travis/build/icyphy/ptII/ptolemy/actor/lib/test/auto/WidthTestWithSubscriberPublisher.xml
----------------- Instantiating /home/travis/build/icyphy/ptII/ptolemy/actor/lib/test/auto/WidthTestWithSubscriberPublisher.xml
6 ms. Memory: 1374208K Free: 994557K (72%)
----------------- Invoking toplevel() on ptolemy.moml.MoMLSimpleApplication@7e5e2396
----------------- Done invoking toplevel() on ptolemy.moml.MoMLSimpleApplication@7e5e2396
reloadAllAccessors: .WidthTestWithSubscriberPublisher

===========================================================================================
----------------- testing Sat Nov 24 02:49:23 UTC 2018 /home/travis/build/icyphy/ptII/ptolemy/actor/lib/test/auto/WidthTestWithSubscriberPublisher2.xml
----------------- Instantiating /home/travis/build/icyphy/ptII/ptolemy/actor/lib/test/auto/WidthTestWithSubscriberPublisher2.xml
2 ms. Memory: 1374208K Free: 978587K (71%)
----------------- Invoking toplevel() on ptolemy.moml.MoMLSimpleApplication@1f293018
----------------- Done invoking toplevel() on ptolemy.moml.MoMLSimpleApplication@1f293018
reloadAllAccessors: .WidthTestWithSubscriberPublisher2

===========================================================================================
----------------- testing Sat Nov 24 02:49:23 UTC 2018 /home/travis/build/icyphy/ptII/ptolemy/actor/lib/test/auto/WidthTestWithSubscriberPublisher3.xml
----------------- Instantiating /home/travis/build/icyphy/ptII/ptolemy/actor/lib/test/auto/WidthTestWithSubscriberPublisher3.xml
1 ms. Memory: 1374208K Free: 962618K (70%)
----------------- Invoking toplevel() on ptolemy.moml.MoMLSimpleApplication@db3e113
----------------- Done invoking toplevel() on ptolemy.moml.MoMLSimpleApplication@db3e113
reloadAllAccessors: .WidthTestWithSubscriberPublisher3

===========================================================================================
----------------- testing Sat Nov 24 02:49:24 UTC 2018 /home/travis/build/icyphy/ptII/ptolemy/actor/lib/test/auto/Writer.xml
----------------- Instantiating /home/travis/build/icyphy/ptII/ptolemy/actor/lib/test/auto/Writer.xml
0
1
2
3
4
1 ms. Memory: 1374208K Free: 950012K (69%)
----------------- Invoking toplevel() on ptolemy.moml.MoMLSimpleApplication@2ae90f30
----------------- Done invoking toplevel() on ptolemy.moml.MoMLSimpleApplication@2ae90f30
reloadAllAccessors: .Writer

===========================================================================================
----------------- testing Sat Nov 24 02:49:24 UTC 2018 /home/travis/build/icyphy/ptII/ptolemy/actor/lib/test/auto/array.xml
----------------- Instantiating /home/travis/build/icyphy/ptII/ptolemy/actor/lib/test/auto/array.xml
2 ms. Memory: 1374208K Free: 934042K (68%)
----------------- Invoking toplevel() on ptolemy.moml.MoMLSimpleApplication@d29f91b
----------------- Done invoking toplevel() on ptolemy.moml.MoMLSimpleApplication@d29f91b
reloadAllAccessors: .array

===========================================================================================
----------------- testing Sat Nov 24 02:49:24 UTC 2018 /home/travis/build/icyphy/ptII/ptolemy/actor/lib/test/auto/array2.xml
----------------- Instantiating /home/travis/build/icyphy/ptII/ptolemy/actor/lib/test/auto/array2.xml
2 ms. Memory: 1374208K Free: 918073K (67%)
----------------- Invoking toplevel() on ptolemy.moml.MoMLSimpleApplication@5a4b38d0
----------------- Done invoking toplevel() on ptolemy.moml.MoMLSimpleApplication@5a4b38d0
reloadAllAccessors: .array2

===========================================================================================
----------------- testing Sat Nov 24 02:49:24 UTC 2018 /home/travis/build/icyphy/ptII/ptolemy/actor/lib/test/auto/arrayType.xml
----------------- Instantiating /home/travis/build/icyphy/ptII/ptolemy/actor/lib/test/auto/arrayType.xml
2 ms. Memory: 1374208K Free: 902103K (66%)
----------------- Invoking toplevel() on ptolemy.moml.MoMLSimpleApplication@7f2e186c
----------------- Done invoking toplevel() on ptolemy.moml.MoMLSimpleApplication@7f2e186c
reloadAllAccessors: .arrayType

===========================================================================================
----------------- testing Sat Nov 24 02:49:24 UTC 2018 /home/travis/build/icyphy/ptII/ptolemy/actor/lib/test/auto/arrayType10.xml
----------------- Instantiating /home/travis/build/icyphy/ptII/ptolemy/actor/lib/test/auto/arrayType10.xml
1 ms. Memory: 1374208K Free: 889498K (65%)
----------------- Invoking toplevel() on ptolemy.moml.MoMLSimpleApplication@55f94cc0
----------------- Done invoking toplevel() on ptolemy.moml.MoMLSimpleApplication@55f94cc0
reloadAllAccessors: .arrayType10

===========================================================================================
----------------- testing Sat Nov 24 02:49:24 UTC 2018 /home/travis/build/icyphy/ptII/ptolemy/actor/lib/test/auto/arrayType11.xml
----------------- Instantiating /home/travis/build/icyphy/ptII/ptolemy/actor/lib/test/auto/arrayType11.xml
1 ms. Memory: 1374208K Free: 873528K (64%)
----------------- Invoking toplevel() on ptolemy.moml.MoMLSimpleApplication@5a7a21a0
----------------- Done invoking toplevel() on ptolemy.moml.MoMLSimpleApplication@5a7a21a0
reloadAllAccessors: .arrayType11

===========================================================================================
----------------- testing Sat Nov 24 02:49:24 UTC 2018 /home/travis/build/icyphy/ptII/ptolemy/actor/lib/test/auto/arrayType12.xml
----------------- Instantiating /home/travis/build/icyphy/ptII/ptolemy/actor/lib/test/auto/arrayType12.xml
1 ms. Memory: 1374208K Free: 857558K (62%)
----------------- Invoking toplevel() on ptolemy.moml.MoMLSimpleApplication@7960fb1b
----------------- Done invoking toplevel() on ptolemy.moml.MoMLSimpleApplication@7960fb1b
reloadAllAccessors: .arrayType12

===========================================================================================
----------------- testing Sat Nov 24 02:49:24 UTC 2018 /home/travis/build/icyphy/ptII/ptolemy/actor/lib/test/auto/arrayType13.xml
----------------- Instantiating /home/travis/build/icyphy/ptII/ptolemy/actor/lib/test/auto/arrayType13.xml
1 ms. Memory: 1374208K Free: 841589K (61%)
----------------- Invoking toplevel() on ptolemy.moml.MoMLSimpleApplication@7426648e
----------------- Done invoking toplevel() on ptolemy.moml.MoMLSimpleApplication@7426648e
reloadAllAccessors: .arrayType13

===========================================================================================
----------------- testing Sat Nov 24 02:49:24 UTC 2018 /home/travis/build/icyphy/ptII/ptolemy/actor/lib/test/auto/arrayType14.xml
----------------- Instantiating /home/travis/build/icyphy/ptII/ptolemy/actor/lib/test/auto/arrayType14.xml
3 ms. Memory: 1374208K Free: 828983K (60%)
----------------- Invoking toplevel() on ptolemy.moml.MoMLSimpleApplication@3c1dd446
----------------- Done invoking toplevel() on ptolemy.moml.MoMLSimpleApplication@3c1dd446
reloadAllAccessors: .arrayType14

===========================================================================================
----------------- testing Sat Nov 24 02:49:24 UTC 2018 /home/travis/build/icyphy/ptII/ptolemy/actor/lib/test/auto/arrayType15.xml
----------------- Instantiating /home/travis/build/icyphy/ptII/ptolemy/actor/lib/test/auto/arrayType15.xml
2 ms. Memory: 1374208K Free: 813013K (59%)
----------------- Invoking toplevel() on ptolemy.moml.MoMLSimpleApplication@318b2606
----------------- Done invoking toplevel() on ptolemy.moml.MoMLSimpleApplication@318b2606
reloadAllAccessors: .arrayType15

===========================================================================================
----------------- testing Sat Nov 24 02:49:24 UTC 2018 /home/travis/build/icyphy/ptII/ptolemy/actor/lib/test/auto/arrayType16.xml
----------------- Instantiating /home/travis/build/icyphy/ptII/ptolemy/actor/lib/test/auto/arrayType16.xml
1 ms. Memory: 1374208K Free: 797043K (58%)
----------------- Invoking toplevel() on ptolemy.moml.MoMLSimpleApplication@5fae4053
----------------- Done invoking toplevel() on ptolemy.moml.MoMLSimpleApplication@5fae4053
reloadAllAccessors: .arrayType16

===========================================================================================
----------------- testing Sat Nov 24 02:49:24 UTC 2018 /home/travis/build/icyphy/ptII/ptolemy/actor/lib/test/auto/arrayType17.xml
----------------- Instantiating /home/travis/build/icyphy/ptII/ptolemy/actor/lib/test/auto/arrayType17.xml
2 ms. Memory: 1374208K Free: 781074K (57%)
----------------- Invoking toplevel() on ptolemy.moml.MoMLSimpleApplication@311efd92
----------------- Done invoking toplevel() on ptolemy.moml.MoMLSimpleApplication@311efd92
reloadAllAccessors: .arrayType17

===========================================================================================
----------------- testing Sat Nov 24 02:49:24 UTC 2018 /home/travis/build/icyphy/ptII/ptolemy/actor/lib/test/auto/arrayType18.xml
----------------- Instantiating /home/travis/build/icyphy/ptII/ptolemy/actor/lib/test/auto/arrayType18.xml
1 ms. Memory: 1374208K Free: 768468K (56%)
----------------- Invoking toplevel() on ptolemy.moml.MoMLSimpleApplication@38cbd9f5
----------------- Done invoking toplevel() on ptolemy.moml.MoMLSimpleApplication@38cbd9f5
reloadAllAccessors: .arrayType18

===========================================================================================
----------------- testing Sat Nov 24 02:49:24 UTC 2018 /home/travis/build/icyphy/ptII/ptolemy/actor/lib/test/auto/arrayType19.xml
----------------- Instantiating /home/travis/build/icyphy/ptII/ptolemy/actor/lib/test/auto/arrayType19.xml
1 ms. Memory: 1374208K Free: 752498K (55%)
----------------- Invoking toplevel() on ptolemy.moml.MoMLSimpleApplication@4f2e636
----------------- Done invoking toplevel() on ptolemy.moml.MoMLSimpleApplication@4f2e636
reloadAllAccessors: .arrayType19

===========================================================================================
----------------- testing Sat Nov 24 02:49:24 UTC 2018 /home/travis/build/icyphy/ptII/ptolemy/actor/lib/test/auto/arrayType2.xml
----------------- Instantiating /home/travis/build/icyphy/ptII/ptolemy/actor/lib/test/auto/arrayType2.xml
2 ms. Memory: 1374208K Free: 736529K (54%)
----------------- Invoking toplevel() on ptolemy.moml.MoMLSimpleApplication@516429ac
----------------- Done invoking toplevel() on ptolemy.moml.MoMLSimpleApplication@516429ac
reloadAllAccessors: .arrayType2

===========================================================================================
----------------- testing Sat Nov 24 02:49:24 UTC 2018 /home/travis/build/icyphy/ptII/ptolemy/actor/lib/test/auto/arrayType20.xml
----------------- Instantiating /home/travis/build/icyphy/ptII/ptolemy/actor/lib/test/auto/arrayType20.xml
2 ms. Memory: 1374208K Free: 720559K (52%)
----------------- Invoking toplevel() on ptolemy.moml.MoMLSimpleApplication@449e433e
----------------- Done invoking toplevel() on ptolemy.moml.MoMLSimpleApplication@449e433e
reloadAllAccessors: .arrayType20

===========================================================================================
----------------- testing Sat Nov 24 02:49:24 UTC 2018 /home/travis/build/icyphy/ptII/ptolemy/actor/lib/test/auto/arrayType21.xml
----------------- Instantiating /home/travis/build/icyphy/ptII/ptolemy/actor/lib/test/auto/arrayType21.xml
1 ms. Memory: 1374208K Free: 704590K (51%)
----------------- Invoking toplevel() on ptolemy.moml.MoMLSimpleApplication@7cf1bf77
----------------- Done invoking toplevel() on ptolemy.moml.MoMLSimpleApplication@7cf1bf77
reloadAllAccessors: .arrayType21

===========================================================================================
----------------- testing Sat Nov 24 02:49:24 UTC 2018 /home/travis/build/icyphy/ptII/ptolemy/actor/lib/test/auto/arrayType22.xml
----------------- Instantiating /home/travis/build/icyphy/ptII/ptolemy/actor/lib/test/auto/arrayType22.xml
1 ms. Memory: 1374208K Free: 691984K (50%)
----------------- Invoking toplevel() on ptolemy.moml.MoMLSimpleApplication@27c96773
----------------- Done invoking toplevel() on ptolemy.moml.MoMLSimpleApplication@27c96773
reloadAllAccessors: .arrayType22

===========================================================================================
----------------- testing Sat Nov 24 02:49:24 UTC 2018 /home/travis/build/icyphy/ptII/ptolemy/actor/lib/test/auto/arrayType23.xml
----------------- Instantiating /home/travis/build/icyphy/ptII/ptolemy/actor/lib/test/auto/arrayType23.xml
4 ms. Memory: 1374208K Free: 676014K (49%)
----------------- Invoking toplevel() on ptolemy.moml.MoMLSimpleApplication@2230c2d8
----------------- Done invoking toplevel() on ptolemy.moml.MoMLSimpleApplication@2230c2d8
reloadAllAccessors: .arrayType23

===========================================================================================
----------------- testing Sat Nov 24 02:49:24 UTC 2018 /home/travis/build/icyphy/ptII/ptolemy/actor/lib/test/auto/arrayType24.xml
----------------- Instantiating /home/travis/build/icyphy/ptII/ptolemy/actor/lib/test/auto/arrayType24.xml
2 ms. Memory: 1374208K Free: 660045K (48%)
----------------- Invoking toplevel() on ptolemy.moml.MoMLSimpleApplication@b20ee8d
----------------- Done invoking toplevel() on ptolemy.moml.MoMLSimpleApplication@b20ee8d
reloadAllAccessors: .arrayType24

===========================================================================================
----------------- testing Sat Nov 24 02:49:24 UTC 2018 /home/travis/build/icyphy/ptII/ptolemy/actor/lib/test/auto/arrayType25.xml
----------------- Instantiating /home/travis/build/icyphy/ptII/ptolemy/actor/lib/test/auto/arrayType25.xml
2 ms. Memory: 1374208K Free: 644075K (47%)
----------------- Invoking toplevel() on ptolemy.moml.MoMLSimpleApplication@3b9733b0
----------------- Done invoking toplevel() on ptolemy.moml.MoMLSimpleApplication@3b9733b0
reloadAllAccessors: .arrayType25

===========================================================================================
----------------- testing Sat Nov 24 02:49:24 UTC 2018 /home/travis/build/icyphy/ptII/ptolemy/actor/lib/test/auto/arrayType26.xml
----------------- Instantiating /home/travis/build/icyphy/ptII/ptolemy/actor/lib/test/auto/arrayType26.xml
2 ms. Memory: 1374208K Free: 631470K (46%)
----------------- Invoking toplevel() on ptolemy.moml.MoMLSimpleApplication@39ba316b
----------------- Done invoking toplevel() on ptolemy.moml.MoMLSimpleApplication@39ba316b
reloadAllAccessors: .arrayType26

===========================================================================================
----------------- testing Sat Nov 24 02:49:24 UTC 2018 /home/travis/build/icyphy/ptII/ptolemy/actor/lib/test/auto/arrayType27.xml
----------------- Instantiating /home/travis/build/icyphy/ptII/ptolemy/actor/lib/test/auto/arrayType27.xml
1 ms. Memory: 1374208K Free: 615500K (45%)
----------------- Invoking toplevel() on ptolemy.moml.MoMLSimpleApplication@2f13269e
----------------- Done invoking toplevel() on ptolemy.moml.MoMLSimpleApplication@2f13269e
reloadAllAccessors: .arrayType27

===========================================================================================
----------------- testing Sat Nov 24 02:49:24 UTC 2018 /home/travis/build/icyphy/ptII/ptolemy/actor/lib/test/auto/arrayType28.xml
----------------- Instantiating /home/travis/build/icyphy/ptII/ptolemy/actor/lib/test/auto/arrayType28.xml
1 ms. Memory: 1374208K Free: 599531K (44%)
----------------- Invoking toplevel() on ptolemy.moml.MoMLSimpleApplication@16aa3692
----------------- Done invoking toplevel() on ptolemy.moml.MoMLSimpleApplication@16aa3692
reloadAllAccessors: .arrayType28

===========================================================================================
----------------- testing Sat Nov 24 02:49:24 UTC 2018 /home/travis/build/icyphy/ptII/ptolemy/actor/lib/test/auto/arrayType3.xml
----------------- Instantiating /home/travis/build/icyphy/ptII/ptolemy/actor/lib/test/auto/arrayType3.xml
1 ms. Memory: 1374208K Free: 583561K (42%)
----------------- Invoking toplevel() on ptolemy.moml.MoMLSimpleApplication@570783b6
----------------- Done invoking toplevel() on ptolemy.moml.MoMLSimpleApplication@570783b6
reloadAllAccessors: .arrayType3

===========================================================================================
----------------- testing Sat Nov 24 02:49:24 UTC 2018 /home/travis/build/icyphy/ptII/ptolemy/actor/lib/test/auto/arrayType4.xml
----------------- Instantiating /home/travis/build/icyphy/ptII/ptolemy/actor/lib/test/auto/arrayType4.xml
1 ms. Memory: 1374208K Free: 570956K (42%)
----------------- Invoking toplevel() on ptolemy.moml.MoMLSimpleApplication@5a44be93
----------------- Done invoking toplevel() on ptolemy.moml.MoMLSimpleApplication@5a44be93
reloadAllAccessors: .arrayType4

===========================================================================================
----------------- testing Sat Nov 24 02:49:24 UTC 2018 /home/travis/build/icyphy/ptII/ptolemy/actor/lib/test/auto/arrayType5.xml
----------------- Instantiating /home/travis/build/icyphy/ptII/ptolemy/actor/lib/test/auto/arrayType5.xml
1 ms. Memory: 1374208K Free: 554986K (40%)
----------------- Invoking toplevel() on ptolemy.moml.MoMLSimpleApplication@2800e818
----------------- Done invoking toplevel() on ptolemy.moml.MoMLSimpleApplication@2800e818
reloadAllAccessors: .arrayType5

===========================================================================================
----------------- testing Sat Nov 24 02:49:24 UTC 2018 /home/travis/build/icyphy/ptII/ptolemy/actor/lib/test/auto/arrayType6.xml
----------------- Instantiating /home/travis/build/icyphy/ptII/ptolemy/actor/lib/test/auto/arrayType6.xml
1 ms. Memory: 1374208K Free: 539016K (39%)
----------------- Invoking toplevel() on ptolemy.moml.MoMLSimpleApplication@260b765e
----------------- Done invoking toplevel() on ptolemy.moml.MoMLSimpleApplication@260b765e
reloadAllAccessors: .arrayType6

===========================================================================================
----------------- testing Sat Nov 24 02:49:24 UTC 2018 /home/travis/build/icyphy/ptII/ptolemy/actor/lib/test/auto/arrayType7.xml
----------------- Instantiating /home/travis/build/icyphy/ptII/ptolemy/actor/lib/test/auto/arrayType7.xml
1 ms. Memory: 1374208K Free: 523046K (38%)
----------------- Invoking toplevel() on ptolemy.moml.MoMLSimpleApplication@711a312
----------------- Done invoking toplevel() on ptolemy.moml.MoMLSimpleApplication@711a312
reloadAllAccessors: .arrayType7

===========================================================================================
----------------- testing Sat Nov 24 02:49:24 UTC 2018 /home/travis/build/icyphy/ptII/ptolemy/actor/lib/test/auto/arrayType8.xml
----------------- Instantiating /home/travis/build/icyphy/ptII/ptolemy/actor/lib/test/auto/arrayType8.xml
1 ms. Memory: 1374208K Free: 510441K (37%)
----------------- Invoking toplevel() on ptolemy.moml.MoMLSimpleApplication@19e4f35a
----------------- Done invoking toplevel() on ptolemy.moml.MoMLSimpleApplication@19e4f35a
reloadAllAccessors: .arrayType8

===========================================================================================
----------------- testing Sat Nov 24 02:49:24 UTC 2018 /home/travis/build/icyphy/ptII/ptolemy/actor/lib/test/auto/arrayType9.xml
----------------- Instantiating /home/travis/build/icyphy/ptII/ptolemy/actor/lib/test/auto/arrayType9.xml
2 ms. Memory: 1374208K Free: 494471K (36%)
----------------- Invoking toplevel() on ptolemy.moml.MoMLSimpleApplication@a8f513f
----------------- Done invoking toplevel() on ptolemy.moml.MoMLSimpleApplication@a8f513f
reloadAllAccessors: .arrayType9

===========================================================================================
----------------- testing Sat Nov 24 02:49:24 UTC 2018 /home/travis/build/icyphy/ptII/ptolemy/actor/lib/test/auto/cast.xml
----------------- Instantiating /home/travis/build/icyphy/ptII/ptolemy/actor/lib/test/auto/cast.xml
2 ms. Memory: 1374208K Free: 478501K (35%)
----------------- Invoking toplevel() on ptolemy.moml.MoMLSimpleApplication@61bd2b5d
----------------- Done invoking toplevel() on ptolemy.moml.MoMLSimpleApplication@61bd2b5d
reloadAllAccessors: .cast

===========================================================================================
----------------- testing Sat Nov 24 02:49:24 UTC 2018 /home/travis/build/icyphy/ptII/ptolemy/actor/lib/test/auto/compositeMultiPort.xml
----------------- Instantiating /home/travis/build/icyphy/ptII/ptolemy/actor/lib/test/auto/compositeMultiPort.xml
3 ms. Memory: 1374208K Free: 462532K (34%)
----------------- Invoking toplevel() on ptolemy.moml.MoMLSimpleApplication@f85bda0
----------------- Done invoking toplevel() on ptolemy.moml.MoMLSimpleApplication@f85bda0
reloadAllAccessors: .compositeMultiPort

===========================================================================================
----------------- testing Sat Nov 24 02:49:24 UTC 2018 /home/travis/build/icyphy/ptII/ptolemy/actor/lib/test/auto/expressionCastInference.xml
----------------- Instantiating /home/travis/build/icyphy/ptII/ptolemy/actor/lib/test/auto/expressionCastInference.xml
4 ms. Memory: 1374208K Free: 449926K (33%)
----------------- Invoking toplevel() on ptolemy.moml.MoMLSimpleApplication@2f49c83d
----------------- Done invoking toplevel() on ptolemy.moml.MoMLSimpleApplication@2f49c83d
reloadAllAccessors: .expressionCastInference

===========================================================================================
----------------- testing Sat Nov 24 02:49:24 UTC 2018 /home/travis/build/icyphy/ptII/ptolemy/actor/lib/test/auto/expressionCastInference2.xml
----------------- Instantiating /home/travis/build/icyphy/ptII/ptolemy/actor/lib/test/auto/expressionCastInference2.xml
2 ms. Memory: 1374208K Free: 433957K (32%)
----------------- Invoking toplevel() on ptolemy.moml.MoMLSimpleApplication@3da212ca
----------------- Done invoking toplevel() on ptolemy.moml.MoMLSimpleApplication@3da212ca
reloadAllAccessors: .expressionCastInference2

===========================================================================================
----------------- testing Sat Nov 24 02:49:24 UTC 2018 /home/travis/build/icyphy/ptII/ptolemy/actor/lib/test/auto/expressionInference.xml
----------------- Instantiating /home/travis/build/icyphy/ptII/ptolemy/actor/lib/test/auto/expressionInference.xml
1 ms. Memory: 1374208K Free: 417987K (30%)
----------------- Invoking toplevel() on ptolemy.moml.MoMLSimpleApplication@3d6c6e02
----------------- Done invoking toplevel() on ptolemy.moml.MoMLSimpleApplication@3d6c6e02
reloadAllAccessors: .expressionInference

===========================================================================================
----------------- testing Sat Nov 24 02:49:24 UTC 2018 /home/travis/build/icyphy/ptII/ptolemy/actor/lib/test/auto/expression_bug.xml
----------------- Instantiating /home/travis/build/icyphy/ptII/ptolemy/actor/lib/test/auto/expression_bug.xml
1 ms. Memory: 1374208K Free: 402018K (29%)
----------------- Invoking toplevel() on ptolemy.moml.MoMLSimpleApplication@5a82c36d
----------------- Done invoking toplevel() on ptolemy.moml.MoMLSimpleApplication@5a82c36d
reloadAllAccessors: .expression_bug

===========================================================================================
----------------- testing Sat Nov 24 02:49:24 UTC 2018 /home/travis/build/icyphy/ptII/ptolemy/actor/lib/test/auto/factorial.xml
----------------- Instantiating /home/travis/build/icyphy/ptII/ptolemy/actor/lib/test/auto/factorial.xml
43 ms. Memory: 1374208K Free: 386048K (28%)
----------------- Invoking toplevel() on ptolemy.moml.MoMLSimpleApplication@127d7ec
----------------- Done invoking toplevel() on ptolemy.moml.MoMLSimpleApplication@127d7ec
reloadAllAccessors: .factorial

===========================================================================================
----------------- testing Sat Nov 24 02:49:24 UTC 2018 /home/travis/build/icyphy/ptII/ptolemy/actor/lib/test/auto/filterTest1.xml
----------------- Instantiating /home/travis/build/icyphy/ptII/ptolemy/actor/lib/test/auto/filterTest1.xml
2 ms. Memory: 1374208K Free: 373442K (27%)
----------------- Invoking toplevel() on ptolemy.moml.MoMLSimpleApplication@7532074a
----------------- Done invoking toplevel() on ptolemy.moml.MoMLSimpleApplication@7532074a
reloadAllAccessors: .filterTest1

===========================================================================================
----------------- testing Sat Nov 24 02:49:24 UTC 2018 /home/travis/build/icyphy/ptII/ptolemy/actor/lib/test/auto/funcApplyInConst.xml
----------------- Instantiating /home/travis/build/icyphy/ptII/ptolemy/actor/lib/test/auto/funcApplyInConst.xml
1 ms. Memory: 1374208K Free: 357473K (26%)
----------------- Invoking toplevel() on ptolemy.moml.MoMLSimpleApplication@ecfea2e
----------------- Done invoking toplevel() on ptolemy.moml.MoMLSimpleApplication@ecfea2e
reloadAllAccessors: .funcApplyInConst

===========================================================================================
----------------- testing Sat Nov 24 02:49:24 UTC 2018 /home/travis/build/icyphy/ptII/ptolemy/actor/lib/test/auto/funcApplyInExpr.xml
----------------- Instantiating /home/travis/build/icyphy/ptII/ptolemy/actor/lib/test/auto/funcApplyInExpr.xml
1 ms. Memory: 1374208K Free: 341503K (25%)
----------------- Invoking toplevel() on ptolemy.moml.MoMLSimpleApplication@641cf0cc
----------------- Done invoking toplevel() on ptolemy.moml.MoMLSimpleApplication@641cf0cc
reloadAllAccessors: .funcApplyInExpr

===========================================================================================
----------------- testing Sat Nov 24 02:49:24 UTC 2018 /home/travis/build/icyphy/ptII/ptolemy/actor/lib/test/auto/function.xml
----------------- Instantiating /home/travis/build/icyphy/ptII/ptolemy/actor/lib/test/auto/function.xml
2 ms. Memory: 1374208K Free: 325533K (24%)
----------------- Invoking toplevel() on ptolemy.moml.MoMLSimpleApplication@49dcf69d
----------------- Done invoking toplevel() on ptolemy.moml.MoMLSimpleApplication@49dcf69d
reloadAllAccessors: .function

===========================================================================================
----------------- testing Sat Nov 24 02:49:24 UTC 2018 /home/travis/build/icyphy/ptII/ptolemy/actor/lib/test/auto/function2.xml
----------------- Instantiating /home/travis/build/icyphy/ptII/ptolemy/actor/lib/test/auto/function2.xml
1 ms. Memory: 1374208K Free: 312928K (23%)
----------------- Invoking toplevel() on ptolemy.moml.MoMLSimpleApplication@1f25ce02
----------------- Done invoking toplevel() on ptolemy.moml.MoMLSimpleApplication@1f25ce02
reloadAllAccessors: .function2

===========================================================================================
----------------- testing Sat Nov 24 02:49:24 UTC 2018 /home/travis/build/icyphy/ptII/ptolemy/actor/lib/test/auto/function3.xml
----------------- Instantiating /home/travis/build/icyphy/ptII/ptolemy/actor/lib/test/auto/function3.xml
1 ms. Memory: 1374208K Free: 296958K (22%)
----------------- Invoking toplevel() on ptolemy.moml.MoMLSimpleApplication@76d61876
----------------- Done invoking toplevel() on ptolemy.moml.MoMLSimpleApplication@76d61876
reloadAllAccessors: .function3

===========================================================================================
----------------- testing Sat Nov 24 02:49:24 UTC 2018 /home/travis/build/icyphy/ptII/ptolemy/actor/lib/test/auto/functionClosureTest1.xml
----------------- Instantiating /home/travis/build/icyphy/ptII/ptolemy/actor/lib/test/auto/functionClosureTest1.xml
1 ms. Memory: 1374208K Free: 280989K (20%)
----------------- Invoking toplevel() on ptolemy.moml.MoMLSimpleApplication@354bf6ab
----------------- Done invoking toplevel() on ptolemy.moml.MoMLSimpleApplication@354bf6ab
reloadAllAccessors: .functionClosureTest1

===========================================================================================
----------------- testing Sat Nov 24 02:49:24 UTC 2018 /home/travis/build/icyphy/ptII/ptolemy/actor/lib/test/auto/functionClosureTest2.xml
----------------- Instantiating /home/travis/build/icyphy/ptII/ptolemy/actor/lib/test/auto/functionClosureTest2.xml
1 ms. Memory: 1374208K Free: 265019K (19%)
----------------- Invoking toplevel() on ptolemy.moml.MoMLSimpleApplication@2719d1e6
----------------- Done invoking toplevel() on ptolemy.moml.MoMLSimpleApplication@2719d1e6
reloadAllAccessors: .functionClosureTest2

===========================================================================================
----------------- testing Sat Nov 24 02:49:24 UTC 2018 /home/travis/build/icyphy/ptII/ptolemy/actor/lib/test/auto/functionClosureTest3.xml
----------------- Instantiating /home/travis/build/icyphy/ptII/ptolemy/actor/lib/test/auto/functionClosureTest3.xml
4 ms. Memory: 1374208K Free: 252414K (18%)
----------------- Invoking toplevel() on ptolemy.moml.MoMLSimpleApplication@2fa2a34b
----------------- Done invoking toplevel() on ptolemy.moml.MoMLSimpleApplication@2fa2a34b
reloadAllAccessors: .functionClosureTest3

===========================================================================================
----------------- testing Sat Nov 24 02:49:24 UTC 2018 /home/travis/build/icyphy/ptII/ptolemy/actor/lib/test/auto/functionClosureTest4.xml
----------------- Instantiating /home/travis/build/icyphy/ptII/ptolemy/actor/lib/test/auto/functionClosureTest4.xml
3 ms. Memory: 1374208K Free: 236444K (17%)
----------------- Invoking toplevel() on ptolemy.moml.MoMLSimpleApplication@57a9d783
----------------- Done invoking toplevel() on ptolemy.moml.MoMLSimpleApplication@57a9d783
reloadAllAccessors: .functionClosureTest4

===========================================================================================
----------------- testing Sat Nov 24 02:49:24 UTC 2018 /home/travis/build/icyphy/ptII/ptolemy/actor/lib/test/auto/functionClosureTest5.xml
----------------- Instantiating /home/travis/build/icyphy/ptII/ptolemy/actor/lib/test/auto/functionClosureTest5.xml
4 ms. Memory: 1374208K Free: 220474K (16%)
----------------- Invoking toplevel() on ptolemy.moml.MoMLSimpleApplication@f4b00d8
----------------- Done invoking toplevel() on ptolemy.moml.MoMLSimpleApplication@f4b00d8
reloadAllAccessors: .functionClosureTest5

===========================================================================================
----------------- testing Sat Nov 24 02:49:24 UTC 2018 /home/travis/build/icyphy/ptII/ptolemy/actor/lib/test/auto/functionClosureTest6.xml
----------------- Instantiating /home/travis/build/icyphy/ptII/ptolemy/actor/lib/test/auto/functionClosureTest6.xml
2 ms. Memory: 1374208K Free: 204505K (15%)
----------------- Invoking toplevel() on ptolemy.moml.MoMLSimpleApplication@61fcf9a0
----------------- Done invoking toplevel() on ptolemy.moml.MoMLSimpleApplication@61fcf9a0
reloadAllAccessors: .functionClosureTest6

===========================================================================================
----------------- testing Sat Nov 24 02:49:24 UTC 2018 /home/travis/build/icyphy/ptII/ptolemy/actor/lib/test/auto/functionsOnArcs.xml
----------------- Instantiating /home/travis/build/icyphy/ptII/ptolemy/actor/lib/test/auto/functionsOnArcs.xml
2 ms. Memory: 1374208K Free: 188535K (14%)
----------------- Invoking toplevel() on ptolemy.moml.MoMLSimpleApplication@231f46aa
----------------- Done invoking toplevel() on ptolemy.moml.MoMLSimpleApplication@231f46aa
reloadAllAccessors: .functionsOnArcs

===========================================================================================
----------------- testing Sat Nov 24 02:49:24 UTC 2018 /home/travis/build/icyphy/ptII/ptolemy/actor/lib/test/auto/functionsOnArcsHOF.xml
----------------- Instantiating /home/travis/build/icyphy/ptII/ptolemy/actor/lib/test/auto/functionsOnArcsHOF.xml
4 ms. Memory: 1374208K Free: 175929K (13%)
----------------- Invoking toplevel() on ptolemy.moml.MoMLSimpleApplication@f8d0462
----------------- Done invoking toplevel() on ptolemy.moml.MoMLSimpleApplication@f8d0462
reloadAllAccessors: .functionsOnArcsHOF

===========================================================================================
----------------- testing Sat Nov 24 02:49:24 UTC 2018 /home/travis/build/icyphy/ptII/ptolemy/actor/lib/test/auto/logic.xml
----------------- Instantiating /home/travis/build/icyphy/ptII/ptolemy/actor/lib/test/auto/logic.xml
2 ms. Memory: 1374208K Free: 159960K (12%)
----------------- Invoking toplevel() on ptolemy.moml.MoMLSimpleApplication@3346b00b
----------------- Done invoking toplevel() on ptolemy.moml.MoMLSimpleApplication@3346b00b
reloadAllAccessors: .logic

===========================================================================================
----------------- testing Sat Nov 24 02:49:24 UTC 2018 /home/travis/build/icyphy/ptII/ptolemy/actor/lib/test/auto/matrixType.xml
----------------- Instantiating /home/travis/build/icyphy/ptII/ptolemy/actor/lib/test/auto/matrixType.xml
1 ms. Memory: 1374208K Free: 143990K (10%)
----------------- Invoking toplevel() on ptolemy.moml.MoMLSimpleApplication@6ea435b4
----------------- Done invoking toplevel() on ptolemy.moml.MoMLSimpleApplication@6ea435b4
reloadAllAccessors: .matrixType

===========================================================================================
----------------- testing Sat Nov 24 02:49:24 UTC 2018 /home/travis/build/icyphy/ptII/ptolemy/actor/lib/test/auto/matrixType10.xml
----------------- Instantiating /home/travis/build/icyphy/ptII/ptolemy/actor/lib/test/auto/matrixType10.xml
1 ms. Memory: 1374208K Free: 128020K (9%)
----------------- Invoking toplevel() on ptolemy.moml.MoMLSimpleApplication@6b05dfd4
----------------- Done invoking toplevel() on ptolemy.moml.MoMLSimpleApplication@6b05dfd4
reloadAllAccessors: .matrixType10

===========================================================================================
----------------- testing Sat Nov 24 02:49:24 UTC 2018 /home/travis/build/icyphy/ptII/ptolemy/actor/lib/test/auto/matrixType11.xml
----------------- Instantiating /home/travis/build/icyphy/ptII/ptolemy/actor/lib/test/auto/matrixType11.xml
1 ms. Memory: 1374208K Free: 115415K (8%)
----------------- Invoking toplevel() on ptolemy.moml.MoMLSimpleApplication@3740dad6
----------------- Done invoking toplevel() on ptolemy.moml.MoMLSimpleApplication@3740dad6
reloadAllAccessors: .matrixType11

===========================================================================================
----------------- testing Sat Nov 24 02:49:24 UTC 2018 /home/travis/build/icyphy/ptII/ptolemy/actor/lib/test/auto/matrixType12.xml
----------------- Instantiating /home/travis/build/icyphy/ptII/ptolemy/actor/lib/test/auto/matrixType12.xml
1 ms. Memory: 1374208K Free: 99445K (7%)
----------------- Invoking toplevel() on ptolemy.moml.MoMLSimpleApplication@2fdb7bb4
----------------- Done invoking toplevel() on ptolemy.moml.MoMLSimpleApplication@2fdb7bb4
reloadAllAccessors: .matrixType12

===========================================================================================
----------------- testing Sat Nov 24 02:49:24 UTC 2018 /home/travis/build/icyphy/ptII/ptolemy/actor/lib/test/auto/matrixType13.xml
----------------- Instantiating /home/travis/build/icyphy/ptII/ptolemy/actor/lib/test/auto/matrixType13.xml
1 ms. Memory: 1374208K Free: 83476K (6%)
----------------- Invoking toplevel() on ptolemy.moml.MoMLSimpleApplication@4b7f77fc
----------------- Done invoking toplevel() on ptolemy.moml.MoMLSimpleApplication@4b7f77fc
reloadAllAccessors: .matrixType13

===========================================================================================
----------------- testing Sat Nov 24 02:49:24 UTC 2018 /home/travis/build/icyphy/ptII/ptolemy/actor/lib/test/auto/matrixType14.xml
----------------- Instantiating /home/travis/build/icyphy/ptII/ptolemy/actor/lib/test/auto/matrixType14.xml
21 ms. Memory: 1438720K Free: 1382316K (96%)
----------------- Invoking toplevel() on ptolemy.moml.MoMLSimpleApplication@34640a4f
----------------- Done invoking toplevel() on ptolemy.moml.MoMLSimpleApplication@34640a4f
reloadAllAccessors: .matrixType14

===========================================================================================
----------------- testing Sat Nov 24 02:49:25 UTC 2018 /home/travis/build/icyphy/ptII/ptolemy/actor/lib/test/auto/matrixType2.xml
----------------- Instantiating /home/travis/build/icyphy/ptII/ptolemy/actor/lib/test/auto/matrixType2.xml
2 ms. Memory: 1438720K Free: 1361865K (95%)
----------------- Invoking toplevel() on ptolemy.moml.MoMLSimpleApplication@473adbb1
----------------- Done invoking toplevel() on ptolemy.moml.MoMLSimpleApplication@473adbb1
reloadAllAccessors: .matrixType2

===========================================================================================
----------------- testing Sat Nov 24 02:49:25 UTC 2018 /home/travis/build/icyphy/ptII/ptolemy/actor/lib/test/auto/matrixType3.xml
----------------- Instantiating /home/travis/build/icyphy/ptII/ptolemy/actor/lib/test/auto/matrixType3.xml
1 ms. Memory: 1438720K Free: 1341085K (93%)
----------------- Invoking toplevel() on ptolemy.moml.MoMLSimpleApplication@3d50b3c1
----------------- Done invoking toplevel() on ptolemy.moml.MoMLSimpleApplication@3d50b3c1
reloadAllAccessors: .matrixType3

===========================================================================================
----------------- testing Sat Nov 24 02:49:25 UTC 2018 /home/travis/build/icyphy/ptII/ptolemy/actor/lib/test/auto/matrixType4.xml
----------------- Instantiating /home/travis/build/icyphy/ptII/ptolemy/actor/lib/test/auto/matrixType4.xml
2 ms. Memory: 1438720K Free: 1323966K (92%)
----------------- Invoking toplevel() on ptolemy.moml.MoMLSimpleApplication@3e5c9c40
----------------- Done invoking toplevel() on ptolemy.moml.MoMLSimpleApplication@3e5c9c40
reloadAllAccessors: .matrixType4

===========================================================================================
----------------- testing Sat Nov 24 02:49:25 UTC 2018 /home/travis/build/icyphy/ptII/ptolemy/actor/lib/test/auto/matrixType5.xml
----------------- Instantiating /home/travis/build/icyphy/ptII/ptolemy/actor/lib/test/auto/matrixType5.xml
1 ms. Memory: 1438720K Free: 1310639K (91%)
----------------- Invoking toplevel() on ptolemy.moml.MoMLSimpleApplication@51f99288
----------------- Done invoking toplevel() on ptolemy.moml.MoMLSimpleApplication@51f99288
reloadAllAccessors: .matrixType5

===========================================================================================
----------------- testing Sat Nov 24 02:49:25 UTC 2018 /home/travis/build/icyphy/ptII/ptolemy/actor/lib/test/auto/matrixType6.xml
----------------- Instantiating /home/travis/build/icyphy/ptII/ptolemy/actor/lib/test/auto/matrixType6.xml
1 ms. Memory: 1438720K Free: 1293520K (90%)
----------------- Invoking toplevel() on ptolemy.moml.MoMLSimpleApplication@5dc37ff
----------------- Done invoking toplevel() on ptolemy.moml.MoMLSimpleApplication@5dc37ff
reloadAllAccessors: .matrixType6

===========================================================================================
----------------- testing Sat Nov 24 02:49:25 UTC 2018 /home/travis/build/icyphy/ptII/ptolemy/actor/lib/test/auto/matrixType7.xml
----------------- Instantiating /home/travis/build/icyphy/ptII/ptolemy/actor/lib/test/auto/matrixType7.xml
2 ms. Memory: 1438720K Free: 1276400K (89%)
----------------- Invoking toplevel() on ptolemy.moml.MoMLSimpleApplication@38017886
----------------- Done invoking toplevel() on ptolemy.moml.MoMLSimpleApplication@38017886
reloadAllAccessors: .matrixType7

===========================================================================================
----------------- testing Sat Nov 24 02:49:25 UTC 2018 /home/travis/build/icyphy/ptII/ptolemy/actor/lib/test/auto/matrixType8.xml
----------------- Instantiating /home/travis/build/icyphy/ptII/ptolemy/actor/lib/test/auto/matrixType8.xml
2 ms. Memory: 1438720K Free: 1263073K (88%)
----------------- Invoking toplevel() on ptolemy.moml.MoMLSimpleApplication@13afd5f7
----------------- Done invoking toplevel() on ptolemy.moml.MoMLSimpleApplication@13afd5f7
reloadAllAccessors: .matrixType8

===========================================================================================
----------------- testing Sat Nov 24 02:49:25 UTC 2018 /home/travis/build/icyphy/ptII/ptolemy/actor/lib/test/auto/matrixType9.xml
----------------- Instantiating /home/travis/build/icyphy/ptII/ptolemy/actor/lib/test/auto/matrixType9.xml
1 ms. Memory: 1438720K Free: 1245954K (87%)
----------------- Invoking toplevel() on ptolemy.moml.MoMLSimpleApplication@431de58d
----------------- Done invoking toplevel() on ptolemy.moml.MoMLSimpleApplication@431de58d
reloadAllAccessors: .matrixType9

===========================================================================================
----------------- testing Sat Nov 24 02:49:25 UTC 2018 /home/travis/build/icyphy/ptII/ptolemy/actor/lib/test/auto/paraFunctest.xml
----------------- Instantiating /home/travis/build/icyphy/ptII/ptolemy/actor/lib/test/auto/paraFunctest.xml
1 ms. Memory: 1438720K Free: 1228835K (85%)
----------------- Invoking toplevel() on ptolemy.moml.MoMLSimpleApplication@1f20e72e
----------------- Done invoking toplevel() on ptolemy.moml.MoMLSimpleApplication@1f20e72e
reloadAllAccessors: .paraFunctest

===========================================================================================
----------------- testing Sat Nov 24 02:49:25 UTC 2018 /home/travis/build/icyphy/ptII/ptolemy/actor/lib/test/auto/paraFunctest2.xml
----------------- Instantiating /home/travis/build/icyphy/ptII/ptolemy/actor/lib/test/auto/paraFunctest2.xml
2 ms. Memory: 1438720K Free: 1215507K (84%)
----------------- Invoking toplevel() on ptolemy.moml.MoMLSimpleApplication@feee7b
----------------- Done invoking toplevel() on ptolemy.moml.MoMLSimpleApplication@feee7b
reloadAllAccessors: .paraFunctest2

===========================================================================================
----------------- testing Sat Nov 24 02:49:25 UTC 2018 /home/travis/build/icyphy/ptII/ptolemy/actor/lib/test/auto/parameterPassing.xml
----------------- Instantiating /home/travis/build/icyphy/ptII/ptolemy/actor/lib/test/auto/parameterPassing.xml
1 ms. Memory: 1438720K Free: 1198388K (83%)
----------------- Invoking toplevel() on ptolemy.moml.MoMLSimpleApplication@47e505c3
----------------- Done invoking toplevel() on ptolemy.moml.MoMLSimpleApplication@47e505c3
reloadAllAccessors: .parameterPassing

===========================================================================================
----------------- testing Sat Nov 24 02:49:25 UTC 2018 /home/travis/build/icyphy/ptII/ptolemy/actor/lib/test/auto/record.xml
----------------- Instantiating /home/travis/build/icyphy/ptII/ptolemy/actor/lib/test/auto/record.xml
2 ms. Memory: 1438720K Free: 1181269K (82%)
----------------- Invoking toplevel() on ptolemy.moml.MoMLSimpleApplication@6b73ca2
----------------- Done invoking toplevel() on ptolemy.moml.MoMLSimpleApplication@6b73ca2
reloadAllAccessors: .record

===========================================================================================
----------------- testing Sat Nov 24 02:49:25 UTC 2018 /home/travis/build/icyphy/ptII/ptolemy/actor/lib/test/auto/sizedarray1.xml
----------------- Instantiating /home/travis/build/icyphy/ptII/ptolemy/actor/lib/test/auto/sizedarray1.xml
1 ms. Memory: 1438720K Free: 1167941K (81%)
----------------- Invoking toplevel() on ptolemy.moml.MoMLSimpleApplication@22f8db09
----------------- Done invoking toplevel() on ptolemy.moml.MoMLSimpleApplication@22f8db09
reloadAllAccessors: .sizedarray1

===========================================================================================
----------------- testing Sat Nov 24 02:49:25 UTC 2018 /home/travis/build/icyphy/ptII/ptolemy/actor/lib/test/auto/sizedarray2.xml
----------------- Instantiating /home/travis/build/icyphy/ptII/ptolemy/actor/lib/test/auto/sizedarray2.xml
3 ms. Memory: 1438720K Free: 1150822K (80%)
----------------- Invoking toplevel() on ptolemy.moml.MoMLSimpleApplication@105c0b94
----------------- Done invoking toplevel() on ptolemy.moml.MoMLSimpleApplication@105c0b94
reloadAllAccessors: .sizedarray2

===========================================================================================
----------------- testing Sat Nov 24 02:49:25 UTC 2018 /home/travis/build/icyphy/ptII/ptolemy/actor/lib/test/auto/twoPublishers.xml
----------------- Instantiating /home/travis/build/icyphy/ptII/ptolemy/actor/lib/test/auto/twoPublishers.xml
4 ms. Memory: 1438720K Free: 1127023K (78%)
----------------- Invoking toplevel() on ptolemy.moml.MoMLSimpleApplication@437fd8af
----------------- Done invoking toplevel() on ptolemy.moml.MoMLSimpleApplication@437fd8af
reloadAllAccessors: .twoPublishers
AutoTests.java: About to close Vertx.
AutoTests.java: Vertx closed.
]]></system-out>
  <system-err><![CDATA[java.lang.RuntimeException: Execution failed
	at ptolemy.moml.MoMLSimpleApplication$UnloadThread.run(MoMLSimpleApplication.java:402)
Caused by: java.lang.RuntimeException: Normally, we would exit here because Manager.exitAfterWrapup() was called.  However, because the ptolemy.ptII.exitAfterWrapup property is set, we throw this exception instead.
	at ptolemy.util.StringUtilities.exit(StringUtilities.java:363)
	at ptolemy.actor.Manager.wrapup(Manager.java:1531)
	at ptolemy.actor.Manager.execute(Manager.java:407)
	at ptolemy.actor.Manager.run(Manager.java:1263)
	at ptolemy.actor.Manager$PtolemyRunThread.run(Manager.java:1915)
Warning: '.top.test' is in training mode, set the trainingMode parameter to false before checking in
Warning: '.top.test' is in training mode, set the trainingMode parameter to false before checking in
Warning: '.top.test' is in training mode, set the trainingMode parameter to false before checking in
Warning: '.BooleanSwitch_RegressionTest_WrongTrainingValues.Test' is in training mode, set the trainingMode parameter to false before checking in
Warning: '.BooleanSwitch_RegressionTest_WrongTrainingValues.Test2' is in training mode, set the trainingMode parameter to false before checking in
Warning: '.BooleanSwitch_RegressionTest_WrongTrainingValues.Test2' The test produced 0 tokens.
Warning: '.top.testExceptionHandler' is in training mode, set the trainingMode parameter to false before checking in
java.lang.RuntimeException: Execution failed
	at ptolemy.moml.MoMLSimpleApplication$UnloadThread.run(MoMLSimpleApplication.java:402)
Caused by: ptolemy.kernel.util.IllegalActionException: PublisherPorts cannot be used at the top level, use a Publisher actor instead.
  in .PublisherPortToplevelSubscriber.PublisherPort
	at ptolemy.actor.PublisherPort.preinitialize(PublisherPort.java:403)
	at ptolemy.actor.CompositeActor.preinitialize(CompositeActor.java:1769)
	at ptolemy.actor.Manager.preinitializeAndResolveTypes(Manager.java:1040)
	at ptolemy.actor.Manager.initialize(Manager.java:710)
	at ptolemy.actor.Manager.execute(Manager.java:356)
	at ptolemy.actor.Manager.run(Manager.java:1263)
	at ptolemy.actor.Manager$PtolemyRunThread.run(Manager.java:1915)
java.lang.reflect.InvocationTargetException
	at sun.reflect.NativeConstructorAccessorImpl.newInstance0(Native Method)
	at sun.reflect.NativeConstructorAccessorImpl.newInstance(NativeConstructorAccessorImpl.java:62)
	at sun.reflect.DelegatingConstructorAccessorImpl.newInstance(DelegatingConstructorAccessorImpl.java:45)
	at java.lang.reflect.Constructor.newInstance(Constructor.java:423)
	at ptolemy.util.test.junit.AutoKnownFailedTests.RunModel(AutoKnownFailedTests.java:105)
	at sun.reflect.NativeMethodAccessorImpl.invoke0(Native Method)
	at sun.reflect.NativeMethodAccessorImpl.invoke(NativeMethodAccessorImpl.java:62)
	at sun.reflect.DelegatingMethodAccessorImpl.invoke(DelegatingMethodAccessorImpl.java:43)
	at java.lang.reflect.Method.invoke(Method.java:498)
	at org.junit.runners.model.FrameworkMethod$1.runReflectiveCall(FrameworkMethod.java:44)
	at org.junit.internal.runners.model.ReflectiveCallable.run(ReflectiveCallable.java:15)
	at org.junit.runners.model.FrameworkMethod.invokeExplosively(FrameworkMethod.java:41)
	at junitparams.internal.InvokeParameterisedMethod.evaluate(InvokeParameterisedMethod.java:102)
	at org.junit.internal.runners.statements.FailOnTimeout$1.run(FailOnTimeout.java:28)
Caused by: ptolemy.kernel.util.IllegalActionException: PublisherPorts cannot be used at the top level, use a Publisher actor instead.
  in .PublisherPortToplevelSubscriber.PublisherPort
	at ptolemy.actor.PublisherPort.preinitialize(PublisherPort.java:403)
	at ptolemy.actor.CompositeActor.preinitialize(CompositeActor.java:1769)
	at ptolemy.actor.Manager.preinitializeAndResolveTypes(Manager.java:1040)
	at ptolemy.actor.Manager.initialize(Manager.java:710)
	at ptolemy.actor.Manager.execute(Manager.java:356)
	at ptolemy.actor.Manager.run(Manager.java:1263)
	at ptolemy.actor.Manager$PtolemyRunThread.run(Manager.java:1915)
java.lang.RuntimeException: Execution failed
	at ptolemy.moml.MoMLSimpleApplication$UnloadThread.run(MoMLSimpleApplication.java:402)
Caused by: ptolemy.kernel.util.IllegalActionException: SubscriberPorts cannot be used at the top level, use a Subscriber actor instead.
  in .PublisherSubscriberPortToplevel.SubscriberPort
	at ptolemy.actor.SubscriberPort.preinitialize(SubscriberPort.java:328)
	at ptolemy.actor.CompositeActor.preinitialize(CompositeActor.java:1769)
	at ptolemy.actor.Manager.preinitializeAndResolveTypes(Manager.java:1040)
	at ptolemy.actor.Manager.initialize(Manager.java:710)
	at ptolemy.actor.Manager.execute(Manager.java:356)
	at ptolemy.actor.Manager.run(Manager.java:1263)
	at ptolemy.actor.Manager$PtolemyRunThread.run(Manager.java:1915)
java.lang.reflect.InvocationTargetException
	at sun.reflect.NativeConstructorAccessorImpl.newInstance0(Native Method)
	at sun.reflect.NativeConstructorAccessorImpl.newInstance(NativeConstructorAccessorImpl.java:62)
	at sun.reflect.DelegatingConstructorAccessorImpl.newInstance(DelegatingConstructorAccessorImpl.java:45)
	at java.lang.reflect.Constructor.newInstance(Constructor.java:423)
	at ptolemy.util.test.junit.AutoKnownFailedTests.RunModel(AutoKnownFailedTests.java:105)
	at sun.reflect.NativeMethodAccessorImpl.invoke0(Native Method)
	at sun.reflect.NativeMethodAccessorImpl.invoke(NativeMethodAccessorImpl.java:62)
	at sun.reflect.DelegatingMethodAccessorImpl.invoke(DelegatingMethodAccessorImpl.java:43)
	at java.lang.reflect.Method.invoke(Method.java:498)
	at org.junit.runners.model.FrameworkMethod$1.runReflectiveCall(FrameworkMethod.java:44)
	at org.junit.internal.runners.model.ReflectiveCallable.run(ReflectiveCallable.java:15)
	at org.junit.runners.model.FrameworkMethod.invokeExplosively(FrameworkMethod.java:41)
	at junitparams.internal.InvokeParameterisedMethod.evaluate(InvokeParameterisedMethod.java:102)
	at org.junit.internal.runners.statements.FailOnTimeout$1.run(FailOnTimeout.java:28)
Caused by: ptolemy.kernel.util.IllegalActionException: SubscriberPorts cannot be used at the top level, use a Subscriber actor instead.
  in .PublisherSubscriberPortToplevel.SubscriberPort
	at ptolemy.actor.SubscriberPort.preinitialize(SubscriberPort.java:328)
	at ptolemy.actor.CompositeActor.preinitialize(CompositeActor.java:1769)
	at ptolemy.actor.Manager.preinitializeAndResolveTypes(Manager.java:1040)
	at ptolemy.actor.Manager.initialize(Manager.java:710)
	at ptolemy.actor.Manager.execute(Manager.java:356)
	at ptolemy.actor.Manager.run(Manager.java:1263)
	at ptolemy.actor.Manager$PtolemyRunThread.run(Manager.java:1915)
java.lang.RuntimeException: Execution failed
	at ptolemy.moml.MoMLSimpleApplication$UnloadThread.run(MoMLSimpleApplication.java:402)
Caused by: ptolemy.kernel.util.IllegalActionException: SubscriptionAggregatorPorts cannot be used at the top level, use a SubscriptionAggregator actor instead.
  in .PublisherSubscriptionAggregatorPort.SubscriptionAggregatorPort
	at ptolemy.actor.SubscriptionAggregatorPort.preinitialize(SubscriptionAggregatorPort.java:353)
	at ptolemy.actor.CompositeActor.preinitialize(CompositeActor.java:1769)
	at ptolemy.actor.Manager.preinitializeAndResolveTypes(Manager.java:1040)
	at ptolemy.actor.Manager.initialize(Manager.java:710)
	at ptolemy.actor.Manager.execute(Manager.java:356)
	at ptolemy.actor.Manager.run(Manager.java:1263)
	at ptolemy.actor.Manager$PtolemyRunThread.run(Manager.java:1915)
java.lang.reflect.InvocationTargetException
	at sun.reflect.NativeConstructorAccessorImpl.newInstance0(Native Method)
	at sun.reflect.NativeConstructorAccessorImpl.newInstance(NativeConstructorAccessorImpl.java:62)
	at sun.reflect.DelegatingConstructorAccessorImpl.newInstance(DelegatingConstructorAccessorImpl.java:45)
	at java.lang.reflect.Constructor.newInstance(Constructor.java:423)
	at ptolemy.util.test.junit.AutoKnownFailedTests.RunModel(AutoKnownFailedTests.java:105)
	at sun.reflect.NativeMethodAccessorImpl.invoke0(Native Method)
	at sun.reflect.NativeMethodAccessorImpl.invoke(NativeMethodAccessorImpl.java:62)
	at sun.reflect.DelegatingMethodAccessorImpl.invoke(DelegatingMethodAccessorImpl.java:43)
	at java.lang.reflect.Method.invoke(Method.java:498)
	at org.junit.runners.model.FrameworkMethod$1.runReflectiveCall(FrameworkMethod.java:44)
	at org.junit.internal.runners.model.ReflectiveCallable.run(ReflectiveCallable.java:15)
	at org.junit.runners.model.FrameworkMethod.invokeExplosively(FrameworkMethod.java:41)
	at junitparams.internal.InvokeParameterisedMethod.evaluate(InvokeParameterisedMethod.java:102)
	at org.junit.internal.runners.statements.FailOnTimeout$1.run(FailOnTimeout.java:28)
Caused by: ptolemy.kernel.util.IllegalActionException: SubscriptionAggregatorPorts cannot be used at the top level, use a SubscriptionAggregator actor instead.
  in .PublisherSubscriptionAggregatorPort.SubscriptionAggregatorPort
	at ptolemy.actor.SubscriptionAggregatorPort.preinitialize(SubscriptionAggregatorPort.java:353)
	at ptolemy.actor.CompositeActor.preinitialize(CompositeActor.java:1769)
	at ptolemy.actor.Manager.preinitializeAndResolveTypes(Manager.java:1040)
	at ptolemy.actor.Manager.initialize(Manager.java:710)
	at ptolemy.actor.Manager.execute(Manager.java:356)
	at ptolemy.actor.Manager.run(Manager.java:1263)
	at ptolemy.actor.Manager$PtolemyRunThread.run(Manager.java:1915)
java.lang.RuntimeException: Execution failed
	at ptolemy.moml.MoMLSimpleApplication$UnloadThread.run(MoMLSimpleApplication.java:402)
Caused by: ptolemy.kernel.util.IllegalActionException: TypeTest actor has no training data.
  in .sizedarray3.TypeTest
	at ptolemy.actor.lib.TypeTest.initialize(TypeTest.java:250)
	at ptolemy.actor.Director.initialize(Director.java:938)
	at ptolemy.actor.Director.initialize(Director.java:907)
	at ptolemy.actor.sched.StaticSchedulingDirector.initialize(StaticSchedulingDirector.java:159)
	at ptolemy.domains.sdf.kernel.SDFDirector.initialize(SDFDirector.java:544)
	at ptolemy.actor.CompositeActor.initialize(CompositeActor.java:935)
	at ptolemy.actor.Manager.initialize(Manager.java:724)
	at ptolemy.actor.Manager.execute(Manager.java:356)
	at ptolemy.actor.Manager.run(Manager.java:1263)
	at ptolemy.actor.Manager$PtolemyRunThread.run(Manager.java:1915)
java.lang.reflect.InvocationTargetException
	at sun.reflect.NativeConstructorAccessorImpl.newInstance0(Native Method)
	at sun.reflect.NativeConstructorAccessorImpl.newInstance(NativeConstructorAccessorImpl.java:62)
	at sun.reflect.DelegatingConstructorAccessorImpl.newInstance(DelegatingConstructorAccessorImpl.java:45)
	at java.lang.reflect.Constructor.newInstance(Constructor.java:423)
	at ptolemy.util.test.junit.AutoKnownFailedTests.RunModel(AutoKnownFailedTests.java:105)
	at sun.reflect.NativeMethodAccessorImpl.invoke0(Native Method)
	at sun.reflect.NativeMethodAccessorImpl.invoke(NativeMethodAccessorImpl.java:62)
	at sun.reflect.DelegatingMethodAccessorImpl.invoke(DelegatingMethodAccessorImpl.java:43)
	at java.lang.reflect.Method.invoke(Method.java:498)
	at org.junit.runners.model.FrameworkMethod$1.runReflectiveCall(FrameworkMethod.java:44)
	at org.junit.internal.runners.model.ReflectiveCallable.run(ReflectiveCallable.java:15)
	at org.junit.runners.model.FrameworkMethod.invokeExplosively(FrameworkMethod.java:41)
	at junitparams.internal.InvokeParameterisedMethod.evaluate(InvokeParameterisedMethod.java:102)
	at org.junit.internal.runners.statements.FailOnTimeout$1.run(FailOnTimeout.java:28)
Caused by: ptolemy.kernel.util.IllegalActionException: TypeTest actor has no training data.
  in .sizedarray3.TypeTest
	at ptolemy.actor.lib.TypeTest.initialize(TypeTest.java:250)
	at ptolemy.actor.Director.initialize(Director.java:938)
	at ptolemy.actor.Director.initialize(Director.java:907)
	at ptolemy.actor.sched.StaticSchedulingDirector.initialize(StaticSchedulingDirector.java:159)
	at ptolemy.domains.sdf.kernel.SDFDirector.initialize(SDFDirector.java:544)
	at ptolemy.actor.CompositeActor.initialize(CompositeActor.java:935)
	at ptolemy.actor.Manager.initialize(Manager.java:724)
	at ptolemy.actor.Manager.execute(Manager.java:356)
	at ptolemy.actor.Manager.run(Manager.java:1263)
	at ptolemy.actor.Manager$PtolemyRunThread.run(Manager.java:1915)
]]></system-err>
</testsuite>
