<?xml version="1.0" encoding="UTF-8" ?>
<testsuite errors="0" failures="0" hostname="travis-job-75e2da14-d73c-44a7-8208-a48ab4ff6a13" name="ptolemy.domains.de.test.junit.JUnitTclTest" skipped="0" tests="101" time="129.838" timestamp="2019-05-03T04:13:00">
  <properties>
    <property name="npm.executable" value="npm" />
    <property name="file.encoding.pkg" value="sun.io" />
    <property name="env.TRAVIS_ROOT" value="/" />
    <property name="ptII.mk.exists" value="true" />
    <property name="env.TRAVIS_APP_HOST" value="build.travis-ci.org" />
    <property name="env.rvm_bin_path" value="/home/travis/.rvm/bin" />
    <property name="java.home" value="/usr/lib/jvm/java-8-oracle/jre" />
    <property name="env.TRAVIS_JOB_NUMBER" value="1116.9" />
    <property name="env.TRAVIS_HOME" value="/home/travis" />
    <property name="env.DISPLAY" value=":99.0" />
    <property name="java.net.preferIPv4Stack" value="true" />
    <property name="env.TRAVIS_INIT" value="upstart" />
    <property name="env.SSH_TTY" value="/dev/pts/0" />
    <property name="env.RUN_TESTS" value="true" />
    <property name="timeout.short" value="1000000" />
    <property name="env.TRAVIS_JOB_NAME" value="" />
    <property name="env.TRAVIS_STACK_NODE_ATTRIBUTES" value="/.node-attributes.yml" />
    <property name="junit.formatter" value="xml" />
    <property name="java.endorsed.dirs" value="/usr/lib/jvm/java-8-oracle/jre/lib/endorsed" />
    <property name="env.TRAVIS_SUDO" value="true" />
    <property name="env.LOGNAME" value="travis" />
    <property name="jsdoc.home" value="node_modules/@terraswarm/jsdoc" />
    <property name="debuglevel" value="source,lines,vars" />
    <property name="checkstyle.formatter" value="xml" />
    <property name="bin.vergil.makeable" value="true" />
    <property name="env._system_version" value="14.04" />
    <property name="sun.os.patch.level" value="unknown" />
    <property name="java.vendor.url" value="http://java.oracle.com/" />
    <property name="env.TRAVIS_BUILD_WEB_URL" value="https://travis-ci.org/icyphy/ptII/builds/527595858" />
    <property name="java.version" value="1.8.0_151" />
    <property name="env.TZ" value="UTC" />
    <property name="env.PT_NO_NET" value="true" />
    <property name="env.TRAVIS_PULL_REQUEST_SHA" value="" />
    <property name="env.TRAVIS_SECURE_ENV_VARS" value="true" />
    <property name="env._system_type" value="Linux" />
    <property name="java.vendor.url.bug" value="http://bugreport.sun.com/bugreport/" />
    <property name="env.SSH_CLIENT" value="10.10.4.72 52354 22" />
    <property name="npmjs-org-is-up" value="true" />
    <property name="env.GEM_HOME" value="/home/travis/.rvm/gems/ruby-2.4.1" />
    <property name="env.HAS_ANTARES_THREE_LITTLE_FRONZIES_BADGE" value="true" />
    <property name="env.PS4" value="+" />
    <property name="ant.project.invoked-targets" value="build,test.core2.xml" />
    <property name="env.TRAVIS_PULL_REQUEST_BRANCH" value="" />
    <property name="env.TRAVIS_REPO_SLUG" value="icyphy/ptII" />
    <property name="env.TRAVIS_APT_PROXY" value="http://build-cache.travisci.net" />
    <property name="node.in.path" value="true" />
    <property name="java.maxmemory" value="1400m" />
    <property name="env.RUBY_VERSION" value="ruby-2.4.1" />
    <property name="user.name" value="travis" />
    <property name="env.LANG" value="en_US.UTF-8" />
    <property name="sun.io.unicode.encoding" value="UnicodeLittle" />
    <property name="sun.jnu.encoding" value="UTF-8" />
    <property name="java.runtime.name" value="Java(TM) SE Runtime Environment" />
    <property name="usefile" value="false" />
    <property name="return.code" value="0" />
    <property name="junit.single.formatter" value="plain" />
    <property name="env.DYLD_LIBRARY_PATH" value="/home/travis/pthla/certi-tools/lib:" />
    <property name="env.DEBIAN_FRONTEND" value="noninteractive" />
    <property name="env.SSH_CONNECTION" value="10.10.4.72 52354 10.20.2.117 22" />
    <property name="env.MYSQL_UNIX_PORT" value="/var/run/mysqld/mysqld.sock" />
    <property name="env.TRAVIS_ALLOW_FAILURE" value="false" />
    <property name="env.LC_ALL" value="en_US.UTF-8" />
    <property name="env.TRAVIS_JOB_WEB_URL" value="https://travis-ci.org/icyphy/ptII/jobs/527595867" />
    <property name="java.specification.name" value="Java Platform API Specification" />
    <property name="node.works" value="true" />
    <property name="user.timezone" value="" />
    <property name="path.separator" value=":" />
    <property name="env.TRAVIS_ENABLE_INFRA_DETECTION" value="true" />
    <property name="env.PYTHON_CFLAGS" value="-g -fstack-protector --param=ssp-buffer-size=4 -Wformat -Werror=format-security" />
    <property name="timeout.long" value="4000000" />
    <property name="env.CERTI_HOME" value="/home/travis/pthla/certi-tools" />
    <property name="file.encoding" value="UTF-8" />
    <property name="ant.file.ptII" value="/home/travis/build/icyphy/ptII/build.xml" />
    <property name="javadoc.packagenames" value="com.*,diva.*,lbnl.*,org.hlacerti.*,org.json.*,org.ptolemy.*,org.terraswarm.*,ptolemy.*,ptserver.*" />
    <property name="env.TRAVIS_PULL_REQUEST_SLUG" value="" />
    <property name="ant.project.default-target" value="build" />
    <property name="env.GIT_ASKPASS" value="echo" />
    <property name="env.HOME" value="/home/travis" />
    <property name="sun.java.command" value="org.apache.tools.ant.taskdefs.optional.junit.JUnitTestRunner ptolemy.domains.de.test.junit.JUnitTclTest skipNonTests=false filtertrace=true haltOnError=false haltOnFailure=false formatter=org.apache.tools.ant.taskdefs.optional.junit.OutErrSummaryJUnitResultFormatter showoutput=true outputtoformatters=true logfailedtests=true threadid=0 logtestlistenerevents=false formatter=org.apache.tools.ant.taskdefs.optional.junit.XMLJUnitResultFormatter,/home/travis/build/icyphy/ptII/reports/junit/TEST-ptolemy.domains.de.test.junit.JUnitTclTest.xml crashfile=/home/travis/build/icyphy/ptII/junitvmwatcher8993949419233479611.properties propsfile=/home/travis/build/icyphy/ptII/junit5558020527120658377.properties" />
    <property name="env.MANPATH" value="/home/travis/.nvm/versions/node/v7.10.1/share/man:/home/travis/.kiex/elixirs/elixir-1.4.5/man:/home/travis/.rvm/rubies/ruby-2.4.1/share/man:/usr/local/man:/usr/local/cmake-3.9.2/man:/usr/local/clang-5.0.0/share/man:/usr/local/share/man:/usr/share/man:/home/travis/.rvm/man" />
    <property name="env.COMPOSER_NO_INTERACTION" value="1" />
    <property name="env.JDK_SWITCHER_DEFAULT" value="oraclejdk8" />
    <property name="env.TRAVIS_TIMER_ID" value="011cd095" />
    <property name="ant.file" value="/home/travis/build/icyphy/ptII/build.xml" />
    <property name="env.TRAVIS_COMMIT_RANGE" value="3f6146babdcb91bb774375c51ba364f99a168539...777fcfefa266871934936e100763859d2479d891" />
    <property name="env._system_name" value="Ubuntu" />
    <property name="timeout" value="2400000" />
    <property name="ptII.classpath.optional.property" value="/home/travis/build/icyphy/ptII/lib/bsh-2.0b4.jar:/home/travis/build/icyphy/ptII/lib/ptCal.jar:/home/travis/build/icyphy/ptII/lib/java_cup.jar:/home/travis/build/icyphy/ptII/lib/saxon8.jar:/home/travis/build/icyphy/ptII/lib/saxon8-dom.jar:/home/travis/build/icyphy/ptII/lib/chic.jar:/home/travis/build/icyphy/ptII/lib/ptcolt.jar:/usr/lib/jvm/java-8-oracle/lib/tools.jar:/home/travis/build/icyphy/ptII/vendors/misc/itext/iText.jar:/home/travis/build/icyphy/ptII/lib/g4ltl.jar:/home/travis/build/icyphy/ptII/lib/StructuralCoder.jar:/home/travis/build/icyphy/ptII/vendors/jai-1_1_2_01/lib/jai_core.jar:/home/travis/build/icyphy/ptII/vendors/jai-1_1_2_01/lib/jai_codec.jar:/home/travis/build/icyphy/ptII/lib/jcerti.jar:/home/travis/build/icyphy/ptII/lib/javax.mail.jar:/home/travis/build/icyphy/ptII/vendors/JMF-2.1.1e/lib/jmf.jar:/home/travis/build/icyphy/ptII/lib/jna-4.0.0-variadic.jar:/home/travis/build/icyphy/ptII/vendors/misc/joystick/Joystick.jar:/home/travis/build/icyphy/ptII/lib/ptjacl.jar:/home/travis/build/icyphy/ptII/lib/jsoup-1.8.2.jar:/home/travis/build/icyphy/ptII/lib/junit-4.8.2.jar:/home/travis/build/icyphy/ptII/lib/JUnitParams-0.4.0.jar:/home/travis/build/icyphy/ptII/ptolemy/actor/lib/excel/jxl.jar:/home/travis/build/icyphy/ptII/lib/jython.jar:/home/travis/build/icyphy/ptII/lib/kieler.jar:/home/travis/build/icyphy/ptII/vendors/opencv/share/OpenCV/java/opencv-341.jar:/home/travis/build/icyphy/ptII/lib/oscP5.jar:/home/travis/build/icyphy/ptII/lib/nrjavaserial-3.11.0.devel.jar:/home/travis/build/icyphy/ptII/vendors/j3d/lib/j3dcore.jar:/home/travis/build/icyphy/ptII/vendors/j3d/lib/j3dutils.jar:/home/travis/build/icyphy/ptII/vendors/j3d/lib/vecmath.jar:/home/travis/build/icyphy/ptII/ptolemy/distributed/jini/jar/jini-core.jar:/home/travis/build/icyphy/ptII/ptolemy/distributed/jini/jar/jini-ext.jar:/home/travis/build/icyphy/ptII/ptolemy/distributed/jini/jar/sun-util.jar:/home/travis/build/icyphy/ptII/lib/protobuf-java-2.4.1.jar:/home/travis/build/icyphy/ptII/lib/org.eclipse.paho.client.mqttv3.jar:/home/travis/build/icyphy/ptII/lib/mapss.jar:/home/travis/build/icyphy/ptII/ptolemy/actor/ptalon/antlr/antlr.jar:/home/travis/build/icyphy/ptII/lib/JRI.jar:/home/travis/build/icyphy/ptII/lib/commons-lang-2.6.jar:/home/travis/build/icyphy/ptII/lib/commons-logging-1.1.1.jar:/home/travis/build/icyphy/ptII/lib/sootclasses.jar:/home/travis/build/icyphy/ptII/ptolemy/actor/lib/database/mysql-connector-java-5.1.6-bin.jar:/home/travis/build/icyphy/ptII/vendors/misc/sphinx4/sphinx4-data-5prealpha.jar:/home/travis/build/icyphy/ptII/vendors/misc/sphinx4/sphinx4-core-5prealpha.jar:/home/travis/build/icyphy/ptII/lib/PDFRenderer.jar:/home/travis/build/icyphy/ptII/lib/svgSalamander.jar:/home/travis/build/icyphy/ptII/lib/rsyntaxtextarea-2.6.0-SNAPSHOT.jar:/home/travis/build/icyphy/ptII/lib/hazelcast-3.8.2.jar:/home/travis/build/icyphy/ptII/lib/jackson-annotations-2.9.0.jar:/home/travis/build/icyphy/ptII/lib/jackson-core-2.9.3.jar:/home/travis/build/icyphy/ptII/lib/jackson-databind-2.9.3.jar:/home/travis/build/icyphy/ptII/lib/netty-buffer-4.1.19.Final.jar:/home/travis/build/icyphy/ptII/lib/netty-codec-4.1.19.Final.jar:/home/travis/build/icyphy/ptII/lib/netty-codec-dns-4.1.19.Final.jar:/home/travis/build/icyphy/ptII/lib/netty-codec-http-4.1.19.Final.jar:/home/travis/build/icyphy/ptII/lib/netty-codec-http2-4.1.19.Final.jar:/home/travis/build/icyphy/ptII/lib/netty-common-4.1.19.Final.jar:/home/travis/build/icyphy/ptII/lib/netty-handler-4.1.19.Final.jar:/home/travis/build/icyphy/ptII/lib/netty-resolver-4.1.19.Final.jar:/home/travis/build/icyphy/ptII/lib/netty-resolver-dns-4.1.19.Final.jar:/home/travis/build/icyphy/ptII/lib/netty-transport-4.1.19.Final.jar:/home/travis/build/icyphy/ptII/lib/vertx-codegen-3.5.1.jar:/home/travis/build/icyphy/ptII/lib/vertx-core-3.5.2-SNAPSHOT.jar:/home/travis/build/icyphy/ptII/lib/vertx-hazelcast-3.5.1.jar:/home/travis/build/icyphy/ptII/lib/vertx-lang-js-3.5.1.jar:/home/travis/build/icyphy/ptII/lib/vertx-service-proxy-3.5.1.jar:/home/travis/build/icyphy/ptII/lib/vertx-web-3.5.1.jar:/home/travis/build/icyphy/ptII/lib/slf4j-api-1.7.13.jar:/home/travis/build/icyphy/ptII/lib/slf4j-simple-1.7.13.jar:/home/travis/build/icyphy/ptII/lib/webcam-capture-0.3.12.jar:/home/travis/build/icyphy/ptII/lib/bridj-0.7.0.jar:/home/travis/build/icyphy/ptII/lib/xbjlib-1.1.0.nrjavaserial.jar" />
    <property name="test.batch" value="**/junit/*.java" />
    <property name="env._" value="/usr/bin/timeout" />
    <property name="java.io.tmpdir" value="/tmp" />
    <property name="env.TRAVIS_INTERNAL_RUBY_REGEX" value="^ruby-(2\.[0-4]\.[0-9]|1\.9\.3)" />
    <property name="user.language" value="en" />
    <property name="env.HISTCONTROL" value="ignoredups:ignorespace" />
    <property name="env.GOROOT" value="/home/travis/.gimme/versions/go1.7.4.linux.amd64" />
    <property name="line.separator" value="&#xa;" />
    <property name="target" value="1.8" />
    <property name="env.TRAVIS_BUILD_DIR" value="/home/travis/build/icyphy/ptII" />
    <property name="env.ANT_OPTS" value="-Xmx2048m" />
    <property name="ant.file.type" value="file" />
    <property name="ptolemy.ptII.batchMode" value="true" />
    <property name="env.HISTSIZE" value="1000" />
    <property name="env.MERB_ENV" value="test" />
    <property name="java.vm.info" value="mixed mode" />
    <property name="source" value="1.8" />
    <property name="java.vm.specification.name" value="Java Virtual Machine Specification" />
    <property name="env.TRAVIS_TEST_RESULT" value="0" />
    <property name="jsdoc.command" value="node_modules/@terraswarm/jsdoc/jsdoc.js" />
    <property name="npm.works" value="true" />
    <property name="cobertura.dir" value="/home/travis/build/icyphy/ptII/vendors/cobertura-2.0.3" />
    <property name="env.rvm_path" value="/home/travis/.rvm" />
    <property name="env.GEM_PATH" value="/home/travis/.rvm/gems/ruby-2.4.1:/home/travis/.rvm/gems/ruby-2.4.1@global" />
    <property name="env.LC_CTYPE" value="en_US.UTF-8" />
    <property name="java.awt.printerjob" value="sun.print.PSPrinterJob" />
    <property name="env.TRAVIS_CMD" value="$PTII/bin/ptIITravisBuild.sh $SECONDS" />
    <property name="env.TRAVIS_STACK_NAME" value="garnet" />
    <property name="env.TRAVIS_TIMER_START_TIME" value="1556856252675242689" />
    <property name="ant.version" value="Apache Ant(TM) version 1.10.1 compiled on February 2 2017" />
    <property name="ptII.reports" value="/home/travis/build/icyphy/ptII/reports" />
    <property name="env.TRAVIS_STACK_TIMESTAMP" value="2017-12-05 19:33:09 UTC" />
    <property name="ant.file.type.ptII" value="file" />
    <property name="env.RBENV_SHELL" value="bash" />
    <property name="os.name" value="Linux" />
    <property name="java.specification.vendor" value="Oracle Corporation" />
    <property name="env.rvm_version" value="1.29.3 (latest)" />
    <property name="env.TRAVIS_INFRA" value="gce" />
    <property name="env.TERM" value="xterm" />
    <property name="java.vm.name" value="Java HotSpot(TM) 64-Bit Server VM" />
    <property name="env.TRAVIS_BUILD_NUMBER" value="1116" />
    <property name="env.CI" value="true" />
    <property name="java.library.path" value="/home/travis/pthla/certi-tools/lib:/usr/lib/jni:/usr/local/share/OpenCV/java/:/usr/share/OpenCV/java::/usr/java/packages/lib/amd64:/usr/lib64:/lib64:/lib:/usr/lib" />
    <property name="env.rvm_prefix" value="/home/travis" />
    <property name="env.PATH" value="/home/travis/pthla/certi-tools/share/scripts:/home/travis/.rvm/gems/ruby-2.4.1/bin:/home/travis/.rvm/gems/ruby-2.4.1@global/bin:/home/travis/.rvm/rubies/ruby-2.4.1/bin:/home/travis/.rvm/bin:/home/travis/.nvm/versions/node/v7.10.1/bin:./node_modules/.bin:/home/travis/build/icyphy/ptII/bin:/home/travis/pthla/certi-tools/bin:/home/travis/bin:/home/travis/.local/bin:/opt/pyenv/shims:/home/travis/.phpenv/shims:/home/travis/perl5/perlbrew/bin:/home/travis/.kiex/elixirs/elixir-1.4.5/bin:/home/travis/.kiex/bin:/home/travis/gopath/bin:/home/travis/.gimme/versions/go1.7.4.linux.amd64/bin:/usr/local/phantomjs/bin:/usr/local/phantomjs:/usr/local/neo4j-3.2.7/bin:/usr/local/maven-3.5.2/bin:/usr/local/cmake-3.9.2/bin:/usr/local/clang-5.0.0/bin:/usr/local/sbin:/usr/local/bin:/usr/sbin:/usr/bin:/sbin:/bin:/home/travis/.phpenv/bin:/opt/pyenv/bin:/home/travis/.yarn/bin" />
    <property name="env.TRAVIS_OS_NAME" value="linux" />
    <property name="ant.java.version" value="1.8" />
    <property name="basedir" value="/home/travis/build/icyphy/ptII" />
    <property name="java.class.version" value="52.0" />
    <property name="env.SHLVL" value="3" />
    <property name="env.LD_LIBRARY_PATH" value="/home/travis/pthla/certi-tools/lib:/usr/lib/jni:/usr/local/share/OpenCV/java/:/usr/share/OpenCV/java:" />
    <property name="env.RACK_ENV" value="test" />
    <property name="ant.home" value="/home/travis/build/icyphy/ptII/ant" />
    <property name="env.PERLBREW_BASHRC_VERSION" value="0.80" />
    <property name="env.NVM_DIR" value="/home/travis/.nvm" />
    <property name="env.TRAVIS_BUILD_ID" value="527595858" />
    <property name="env.CERTI_FOM_PATH" value="/home/travis/pthla/certi-tools/share/federations" />
    <property name="env.PYENV_ROOT" value="/opt/pyenv" />
    <property name="env.TRAVIS_UID" value="2000" />
    <property name="env.rvm_pretty_print_flag" value="auto" />
    <property name="env.NVM_BIN" value="/home/travis/.nvm/versions/node/v7.10.1/bin" />
    <property name="env.TRAVIS_COMMIT" value="777fcfefa266871934936e100763859d2479d891" />
    <property name="env._system_arch" value="x86_64" />
    <property name="node.executable" value="node" />
    <property name="sun.boot.library.path" value="/usr/lib/jvm/java-8-oracle/jre/lib/amd64" />
    <property name="sun.management.compiler" value="HotSpot 64-Bit Tiered Compilers" />
    <property name="env.GOPATH" value="/home/travis/gopath" />
    <property name="java.awt.graphicsenv" value="sun.awt.X11GraphicsEnvironment" />
    <property name="ptolemy.ptII.dir" value="/home/travis/build/icyphy/ptII" />
    <property name="env.USER" value="travis" />
    <property name="env.HISTFILESIZE" value="2000" />
    <property name="timeout.longest" value="19000000" />
    <property name="env.TRAVIS_STACK_FEATURES" value="basic cassandra chromium couchdb disabled-ipv6 docker docker-compose elasticsearch firefox go-toolchain google-chrome jdk memcached mongodb mysql neo4j nodejs_interpreter perl_interpreter perlbrew phantomjs postgresql python_interpreter rabbitmq redis riak ruby_interpreter sqlite xserver" />
    <property name="env.TRAVIS_PULL_REQUEST" value="false" />
    <property name="env.PYENV_SHELL" value="bash" />
    <property name="ant.project.name" value="ptII" />
    <property name="java.vm.specification.version" value="1.8" />
    <property name="env.ANSI_RESET" value="\033[0m" />
    <property name="env.TRAVIS_DIST" value="trusty" />
    <property name="env.CERTI_VERSION" value="4.0.0" />
    <property name="env.NLSPATH" value="/usr/dt/lib/nls/msg/%L/%N.cat" />
    <property name="awt.toolkit" value="sun.awt.X11.XToolkit" />
    <property name="env.CERTI_HOST" value="localhost" />
    <property name="env.MY_RUBY_HOME" value="/home/travis/.rvm/rubies/ruby-2.4.1" />
    <property name="sun.cpu.isalist" value="" />
    <property name="env.TRAVIS_TMPDIR" value="/tmp/tmp.hxO5TnYxRB" />
    <property name="java.ext.dirs" value="/usr/lib/jvm/java-8-oracle/jre/lib/ext:/usr/java/packages/lib/ext" />
    <property name="os.version" value="4.4.0-101-generic" />
    <property name="user.home" value="/home/travis" />
    <property name="env.MIX_ARCHIVES" value="/home/travis/.kiex/mix/elixir-1.4.5" />
    <property name="java.vm.vendor" value="Oracle Corporation" />
    <property name="env.TRAVIS_TAG" value="nightly" />
    <property name="env.ANSI_YELLOW" value="\033[33;1m" />
    <property name="env.TRAVIS_FILTERED" value="redirect_io" />
    <property name="env.ANSI_GREEN" value="\033[32;1m" />
    <property name="env.JAVA_HOME" value="/usr/lib/jvm/java-8-oracle" />
    <property name="env.PTII" value="/home/travis/build/icyphy/ptII" />
    <property name="javadoc.excludepackagenames" value="adm.cvs2svn.*,build.*,config.*,doc.coding.templates.*,jni.test.jni.meaningOfLife.*,jni.test.jni.testDeux.*,jni.test.jni.testTrois.*,org.terraswarm.accessor.accessors.web.node_modules.*,org.terraswarm.accessor.accessors.web.hosts.cordova.demo.*,org.terraswarm.accessor.accessors.web.hosts.cordova.plugins.*,org.terraswarm.accessor.accessors-svn.*,pt-modules.*,ptolemy.apps.agilent.*,ptolemy.apps.anytimecontrol.*,ptolemy.apps.apes.*,ptolemy.apps.charon.*,ptolemy.apps.crazyboard.*,ptolemy.apps.eclipse.*,ptolemy.apps.etherealSting.*,ptolemy.apps.fullscreen.*,ptolemy.apps.giotto.*,ptolemy.apps.ia.*,ptolemy.apps.interfaces.*,ptolemy.apps.jmf.*,ptolemy.apps.kurt.*,ptolemy.apps.kvm.*,ptolemy.apps.lego.*,ptolemy.apps.lejos.*,ptolemy.apps.midp.*,ptolemy.apps.mobileCoding.*,ptolemy.apps.pendulum.*,ptolemy.apps.rijndael.*,ptolemy.apps.robot.*,ptolemy.apps.security.*,ptolemy.apps.sobel.*,ptolemy.apps.soot.*,ptolemy.apps.throttle.*,ptolemy.apps.tini.*,ptolemy.apps.transmission.*,ptolemy.apps.vergil.*,ptolemy.apps.waba.*,ptolemy.apps.websensor.*,ptolemy.apps.webstart.*,ptolemy.apps.xsl.*,ptolemy.apps.zaurus.*,ptolemy.codegen.c.actor.lib.oldJavaFiles.*,ptolemy.codegen.dsp.lib.*,ptolemy.codegen.kernel.newInterfaces.*,ptolemy.codegen.lib.*,ptolemy.copernicus.kernel.fragment.*,ptolemy.copernicus.shallow.cg.*,ptolemy.domains.giotto.demo.Hierarchy.Hierarchy.*,ptolemy.domains.giotto.demo.Multimode.Multimode.*,ptolemy.domains.giotto.demo.Simple.Simple.*,ptolemy.domains.gr.lib.experimental.*,ptolemy.domains.gro.*,ptolemy.domains.pdf.*,ptolemy.domains.ptinyos.demo.Surge.output.*,ptolemy.moml.test.NoPackageActor.java*,ptolemy.plot.adm.*,ptolemy.plot.servlet.*,reports.*,signed.*,src.*,target.*,vendors.*,ptolemy.apps.eclipse.awt.*,ptolemy.backtrack.*,ptolemy.backtrack.ast.*,ptolemy.cg.adapter.generic.program.procedural.c.mbed*,ptolemy.homer.*,org.ptolemy.scala.*,diva.util.java2d.svg.*,ptolemy.domains.ptinyos.*,ptolemy.actor.lib.fmi.fmipp.*,,org.terraswarm.accessor.accessors.web.node_modules.*,org.terraswarm.accessor.accessors-svn,ptolemy.apps.*,ptolemy.actor.ptalon.demo.ptinyos.SendAndReceiveCnt.output,ptolemy.actor.ptalon.demo.ptinyos.SenseToLeds.output,ptolemy.domains.ptinyos.demo.CntToLedsAndRfm.output,ptolemy.domains.ptinyos.demo.RfmToLeds.output,ptolemy.domains.ptinyos.demo.SendAndReceiveCnt.output,ptolemy.domains.ptinyos.demo.SenseToLeds.output,ptolemy.actor.lib.jjs.modules.udpSocket.*" />
    <property name="env.TRAVIS_COMMIT_MESSAGE" value="Fixed labels on plots" />
    <property name="keystore" value="ptKeystore" />
    <property name="env.XDG_SESSION_ID" value="2" />
    <property name="junit.output.dir" value="/home/travis/build/icyphy/ptII/reports/junit" />
    <property name="npm.return.code" value="0" />
    <property name="user.dir" value="/home/travis/build/icyphy/ptII/ptolemy/domains/de/test" />
    <property name="env.TRAVIS_NODE_VERSION" value="7" />
    <property name="env.XFILESEARCHPATH" value="/usr/dt/app-defaults/%L/Dt" />
    <property name="env.TRAVIS_EVENT_TYPE" value="cron" />
    <property name="env.MAIL" value="/var/mail/travis" />
    <property name="env.PWD" value="/home/travis/build/icyphy/ptII" />
    <property name="env.PERLBREW_ROOT" value="/home/travis/perl5/perlbrew" />
    <property name="timeout.npm" value="45000" />
    <property name="env.PT_TRAVIS_TEST_CORE2_XML" value="true" />
    <property name="env.TRAVIS_ARCH" value="amd64" />
    <property name="env.PAGER" value="cat" />
    <property name="sun.cpu.endian" value="little" />
    <property name="env.TRAVIS_BUILD_STAGE_NAME" value="Test" />
    <property name="env.PERLBREW_HOME" value="/home/travis/.perlbrew" />
    <property name="env.RAILS_ENV" value="test" />
    <property name="java.vm.version" value="25.151-b12" />
    <property name="java.class.path" value="/home/travis/build/icyphy/ptII:/home/travis/build/icyphy/ptII/lib/bsh-2.0b4.jar:/home/travis/build/icyphy/ptII/lib/ptCal.jar:/home/travis/build/icyphy/ptII/lib/java_cup.jar:/home/travis/build/icyphy/ptII/lib/saxon8.jar:/home/travis/build/icyphy/ptII/lib/saxon8-dom.jar:/home/travis/build/icyphy/ptII/lib/chic.jar:/home/travis/build/icyphy/ptII/lib/ptcolt.jar:/usr/lib/jvm/java-8-oracle/lib/tools.jar:/home/travis/build/icyphy/ptII/vendors/misc/itext/iText.jar:/home/travis/build/icyphy/ptII/lib/g4ltl.jar:/home/travis/build/icyphy/ptII/lib/StructuralCoder.jar:/home/travis/build/icyphy/ptII/vendors/jai-1_1_2_01/lib/jai_core.jar:/home/travis/build/icyphy/ptII/vendors/jai-1_1_2_01/lib/jai_codec.jar:/home/travis/build/icyphy/ptII/lib/jcerti.jar:/home/travis/build/icyphy/ptII/lib/javax.mail.jar:/home/travis/build/icyphy/ptII/vendors/JMF-2.1.1e/lib/jmf.jar:/home/travis/build/icyphy/ptII/lib/jna-4.0.0-variadic.jar:/home/travis/build/icyphy/ptII/vendors/misc/joystick/Joystick.jar:/home/travis/build/icyphy/ptII/lib/ptjacl.jar:/home/travis/build/icyphy/ptII/lib/jsoup-1.8.2.jar:/home/travis/build/icyphy/ptII/lib/junit-4.8.2.jar:/home/travis/build/icyphy/ptII/lib/JUnitParams-0.4.0.jar:/home/travis/build/icyphy/ptII/ptolemy/actor/lib/excel/jxl.jar:/home/travis/build/icyphy/ptII/lib/jython.jar:/home/travis/build/icyphy/ptII/lib/kieler.jar:/home/travis/build/icyphy/ptII/vendors/opencv/share/OpenCV/java/opencv-341.jar:/home/travis/build/icyphy/ptII/lib/oscP5.jar:/home/travis/build/icyphy/ptII/lib/nrjavaserial-3.11.0.devel.jar:/home/travis/build/icyphy/ptII/vendors/j3d/lib/j3dcore.jar:/home/travis/build/icyphy/ptII/vendors/j3d/lib/j3dutils.jar:/home/travis/build/icyphy/ptII/vendors/j3d/lib/vecmath.jar:/home/travis/build/icyphy/ptII/ptolemy/distributed/jini/jar/jini-core.jar:/home/travis/build/icyphy/ptII/ptolemy/distributed/jini/jar/jini-ext.jar:/home/travis/build/icyphy/ptII/ptolemy/distributed/jini/jar/sun-util.jar:/home/travis/build/icyphy/ptII/lib/protobuf-java-2.4.1.jar:/home/travis/build/icyphy/ptII/lib/org.eclipse.paho.client.mqttv3.jar:/home/travis/build/icyphy/ptII/lib/mapss.jar:/home/travis/build/icyphy/ptII/ptolemy/actor/ptalon/antlr/antlr.jar:/home/travis/build/icyphy/ptII/lib/JRI.jar:/home/travis/build/icyphy/ptII/lib/commons-lang-2.6.jar:/home/travis/build/icyphy/ptII/lib/commons-logging-1.1.1.jar:/home/travis/build/icyphy/ptII/lib/sootclasses.jar:/home/travis/build/icyphy/ptII/ptolemy/actor/lib/database/mysql-connector-java-5.1.6-bin.jar:/home/travis/build/icyphy/ptII/vendors/misc/sphinx4/sphinx4-data-5prealpha.jar:/home/travis/build/icyphy/ptII/vendors/misc/sphinx4/sphinx4-core-5prealpha.jar:/home/travis/build/icyphy/ptII/lib/PDFRenderer.jar:/home/travis/build/icyphy/ptII/lib/svgSalamander.jar:/home/travis/build/icyphy/ptII/lib/rsyntaxtextarea-2.6.0-SNAPSHOT.jar:/home/travis/build/icyphy/ptII/lib/hazelcast-3.8.2.jar:/home/travis/build/icyphy/ptII/lib/jackson-annotations-2.9.0.jar:/home/travis/build/icyphy/ptII/lib/jackson-core-2.9.3.jar:/home/travis/build/icyphy/ptII/lib/jackson-databind-2.9.3.jar:/home/travis/build/icyphy/ptII/lib/netty-buffer-4.1.19.Final.jar:/home/travis/build/icyphy/ptII/lib/netty-codec-4.1.19.Final.jar:/home/travis/build/icyphy/ptII/lib/netty-codec-dns-4.1.19.Final.jar:/home/travis/build/icyphy/ptII/lib/netty-codec-http-4.1.19.Final.jar:/home/travis/build/icyphy/ptII/lib/netty-codec-http2-4.1.19.Final.jar:/home/travis/build/icyphy/ptII/lib/netty-common-4.1.19.Final.jar:/home/travis/build/icyphy/ptII/lib/netty-handler-4.1.19.Final.jar:/home/travis/build/icyphy/ptII/lib/netty-resolver-4.1.19.Final.jar:/home/travis/build/icyphy/ptII/lib/netty-resolver-dns-4.1.19.Final.jar:/home/travis/build/icyphy/ptII/lib/netty-transport-4.1.19.Final.jar:/home/travis/build/icyphy/ptII/lib/vertx-codegen-3.5.1.jar:/home/travis/build/icyphy/ptII/lib/vertx-core-3.5.2-SNAPSHOT.jar:/home/travis/build/icyphy/ptII/lib/vertx-hazelcast-3.5.1.jar:/home/travis/build/icyphy/ptII/lib/vertx-lang-js-3.5.1.jar:/home/travis/build/icyphy/ptII/lib/vertx-service-proxy-3.5.1.jar:/home/travis/build/icyphy/ptII/lib/vertx-web-3.5.1.jar:/home/travis/build/icyphy/ptII/lib/slf4j-api-1.7.13.jar:/home/travis/build/icyphy/ptII/lib/slf4j-simple-1.7.13.jar:/home/travis/build/icyphy/ptII/lib/webcam-capture-0.3.12.jar:/home/travis/build/icyphy/ptII/lib/bridj-0.7.0.jar:/home/travis/build/icyphy/ptII/lib/xbjlib-1.1.0.nrjavaserial.jar:/home/travis/build/icyphy/ptII/ptolemy/moml/test:/home/travis/build/icyphy/ptII/ant/lib/ant-launcher.jar:/home/travis/build/icyphy/ptII/ant/lib/ant.jar:/home/travis/build/icyphy/ptII/ant/lib/ant-junit.jar:/home/travis/build/icyphy/ptII/ant/lib/ant-junit4.jar" />
    <property name="ant.library.dir" value="/home/travis/build/icyphy/ptII/ant/lib" />
    <property name="os.arch" value="amd64" />
    <property name="env.TRAVIS_LANGUAGE" value="node_js" />
    <property name="env.CONTINUOUS_INTEGRATION" value="true" />
    <property name="env.TRAVIS_STACK_LANGUAGES" value="__garnet__ c c++ clojure cplusplus cpp default go groovy java node_js php pure_java python ruby scala" />
    <property name="test.name" value="ptolemy.actor.lib.test.junit.JUnitTclTest" />
    <property name="sun.java.launcher" value="SUN_STANDARD" />
    <property name="env.PYTHON_CONFIGURE_OPTS" value="--enable-unicode=ucs4 --with-wide-unicode --enable-shared --enable-ipv6 --enable-loadable-sqlite-extensions --with-computed-gotos" />
    <property name="ant.core.lib" value="/home/travis/build/icyphy/ptII/ant/lib/ant.jar" />
    <property name="java.vm.specification.vendor" value="Oracle Corporation" />
    <property name="env.BCVTB_HOME" value="/home/travis/build/icyphy/ptII/lbnl" />
    <property name="file.separator" value="/" />
    <property name="spotbugs.home" value="/home/travis/build/icyphy/ptII/vendors/spotbugs-3.1.1" />
    <property name="java.runtime.version" value="1.8.0_151-b12" />
    <property name="sun.boot.class.path" value="/usr/lib/jvm/java-8-oracle/jre/lib/resources.jar:/usr/lib/jvm/java-8-oracle/jre/lib/rt.jar:/usr/lib/jvm/java-8-oracle/jre/lib/sunrsasign.jar:/usr/lib/jvm/java-8-oracle/jre/lib/jsse.jar:/usr/lib/jvm/java-8-oracle/jre/lib/jce.jar:/usr/lib/jvm/java-8-oracle/jre/lib/charsets.jar:/usr/lib/jvm/java-8-oracle/jre/lib/jfr.jar:/usr/lib/jvm/java-8-oracle/jre/classes" />
    <property name="env.ANSI_CLEAR" value="\033[0K" />
    <property name="env.HAS_JOSH_K_SEAL_OF_APPROVAL" value="true" />
    <property name="env.XDG_RUNTIME_DIR" value="/run/user/2000" />
    <property name="env.TRAVIS_OSX_IMAGE" value="" />
    <property name="env.TRAVIS_BRANCH" value="master" />
    <property name="env.TRAVIS_JOB_ID" value="527595867" />
    <property name="user.country" value="US" />
    <property name="env.CERTI_HOME_TRAVIS" value="/home/travis/pthla/certi-tools" />
    <property name="env.SHELL" value="/bin/bash" />
    <property name="java.maxmemory.large" value="5000m" />
    <property name="model" value="" />
    <property name="env.CASHER_DIR" value="/home/travis/.casher" />
    <property name="env.NVM_CD_FLAGS" value="" />
    <property name="jshint.executable" value="/home/travis/node_modules/jshint/bin/jshint" />
    <property name="java.vendor" value="Oracle Corporation" />
    <property name="env.JRUBY_OPTS" value=" --client -J-XX:+TieredCompilation -J-XX:TieredStopAtLevel=1 -J-Xss2m -Xcompile.invokedynamic=false" />
    <property name="env.TRAVIS_PRE_CHEF_BOOTSTRAP_TIME" value="2017-12-05T19:32:55" />
    <property name="env.TRAVIS_STACK_JOB_BOARD_REGISTER" value="/.job-board-register.yml" />
    <property name="env.ELIXIR_VERSION" value="1.4.5" />
    <property name="env.ANSI_RED" value="\033[31;1m" />
    <property name="java.specification.version" value="1.8" />
    <property name="env.TRAVIS" value="true" />
    <property name="env.IRBRC" value="/home/travis/.rvm/rubies/ruby-2.4.1/.irbrc" />
    <property name="sun.arch.data.model" value="64" />
  </properties>
  <testcase classname="ptolemy.util.test.junit.TclTests" name="[0] /home/travis/build/icyphy/ptII/ptolemy/domains/de/test/DependencyLoop.tcl (RunTclFile)" time="0.792" />
  <testcase classname="ptolemy.util.test.junit.TclTests" name="[1] /home/travis/build/icyphy/ptII/ptolemy/domains/de/test/RunDETestsAsQSS.tcl (RunTclFile)" time="89.132" />
  <testcase classname="ptolemy.util.test.junit.AutoKnownFailedTests" name="[0] /home/travis/build/icyphy/ptII/ptolemy/domains/de/test/auto/knownFailedTests/DESDFClockTest.xml (RunModel)" time="2.047" />
  <testcase classname="ptolemy.util.test.junit.AutoKnownFailedTests" name="[1] /home/travis/build/icyphy/ptII/ptolemy/domains/de/test/auto/knownFailedTests/DirectFeedback.xml (RunModel)" time="0.021" />
  <testcase classname="ptolemy.util.test.junit.AutoKnownFailedTests" name="[2] /home/travis/build/icyphy/ptII/ptolemy/domains/de/test/auto/knownFailedTests/FSMSource.xml (RunModel)" time="0.022" />
  <testcase classname="ptolemy.util.test.junit.AutoKnownFailedTests" name="[3] /home/travis/build/icyphy/ptII/ptolemy/domains/de/test/auto/knownFailedTests/HierarchicalModel.xml (RunModel)" time="0.036" />
  <testcase classname="ptolemy.util.test.junit.AutoKnownFailedTests" name="[4] /home/travis/build/icyphy/ptII/ptolemy/domains/de/test/auto/knownFailedTests/dependencyLoop.xml (RunModel)" time="0.034" />
  <testcase classname="ptolemy.util.test.junit.AutoKnownFailedTests" name="[5] /home/travis/build/icyphy/ptII/ptolemy/domains/de/test/auto/knownFailedTests/dependencyLoop2.xml (RunModel)" time="0.039" />
  <testcase classname="ptolemy.util.test.junit.AutoNameArchTests" name="[0] ThereAreNoAutoArchTests (RunModel)" time="0.001" />
  <testcase classname="ptolemy.util.test.junit.AutoTests" name="[0] /home/travis/build/icyphy/ptII/ptolemy/domains/de/test/auto/ActorDepthCalculation_actorWithoutPorts.xml (RunModel)" time="0.017" />
  <testcase classname="ptolemy.util.test.junit.AutoTests" name="[1] /home/travis/build/icyphy/ptII/ptolemy/domains/de/test/auto/AssemblyLine.xml (RunModel)" time="0.023" />
  <testcase classname="ptolemy.util.test.junit.AutoTests" name="[2] /home/travis/build/icyphy/ptII/ptolemy/domains/de/test/auto/CQBug1.xml (RunModel)" time="0.013" />
  <testcase classname="ptolemy.util.test.junit.AutoTests" name="[3] /home/travis/build/icyphy/ptII/ptolemy/domains/de/test/auto/CancelFireAt.xml (RunModel)" time="0.013" />
  <testcase classname="ptolemy.util.test.junit.AutoTests" name="[4] /home/travis/build/icyphy/ptII/ptolemy/domains/de/test/auto/CausalityAndComposabilityAnalysis.xml (RunModel)" time="0.012" />
  <testcase classname="ptolemy.util.test.junit.AutoTests" name="[5] /home/travis/build/icyphy/ptII/ptolemy/domains/de/test/auto/CausalityInterface1.xml (RunModel)" time="0.015" />
  <testcase classname="ptolemy.util.test.junit.AutoTests" name="[6] /home/travis/build/icyphy/ptII/ptolemy/domains/de/test/auto/CausalityInterface15.xml (RunModel)" time="0.019" />
  <testcase classname="ptolemy.util.test.junit.AutoTests" name="[7] /home/travis/build/icyphy/ptII/ptolemy/domains/de/test/auto/CausalityInterface2.xml (RunModel)" time="0.012" />
  <testcase classname="ptolemy.util.test.junit.AutoTests" name="[8] /home/travis/build/icyphy/ptII/ptolemy/domains/de/test/auto/CausalityInterface3.xml (RunModel)" time="0.012" />
  <testcase classname="ptolemy.util.test.junit.AutoTests" name="[9] /home/travis/build/icyphy/ptII/ptolemy/domains/de/test/auto/ClockDrift.xml (RunModel)" time="0.033" />
  <testcase classname="ptolemy.util.test.junit.AutoTests" name="[10] /home/travis/build/icyphy/ptII/ptolemy/domains/de/test/auto/ClockDriftAndValueChange.xml (RunModel)" time="0.03" />
  <testcase classname="ptolemy.util.test.junit.AutoTests" name="[11] /home/travis/build/icyphy/ptII/ptolemy/domains/de/test/auto/ClockDriftChange.xml (RunModel)" time="0.026" />
  <testcase classname="ptolemy.util.test.junit.AutoTests" name="[12] /home/travis/build/icyphy/ptII/ptolemy/domains/de/test/auto/ComposableCausalityAnalysis.xml (RunModel)" time="0.017" />
  <testcase classname="ptolemy.util.test.junit.AutoTests" name="[13] /home/travis/build/icyphy/ptII/ptolemy/domains/de/test/auto/DEFixedPointLimitation.xml (RunModel)" time="0.009" />
  <testcase classname="ptolemy.util.test.junit.AutoTests" name="[14] /home/travis/build/icyphy/ptII/ptolemy/domains/de/test/auto/DEScheduleTest.xml (RunModel)" time="0.01" />
  <testcase classname="ptolemy.util.test.junit.AutoTests" name="[15] /home/travis/build/icyphy/ptII/ptolemy/domains/de/test/auto/DEinDEwithStartTimes.xml (RunModel)" time="0.013" />
  <testcase classname="ptolemy.util.test.junit.AutoTests" name="[16] /home/travis/build/icyphy/ptII/ptolemy/domains/de/test/auto/DEinDEwithStartTimes2.xml (RunModel)" time="0.013" />
  <testcase classname="ptolemy.util.test.junit.AutoTests" name="[17] /home/travis/build/icyphy/ptII/ptolemy/domains/de/test/auto/DateDemo.xml (RunModel)" time="0.026" />
  <testcase classname="ptolemy.util.test.junit.AutoTests" name="[18] /home/travis/build/icyphy/ptII/ptolemy/domains/de/test/auto/DateToEvent.xml (RunModel)" time="2.041" />
  <testcase classname="ptolemy.util.test.junit.AutoTests" name="[19] /home/travis/build/icyphy/ptII/ptolemy/domains/de/test/auto/DepthTest1.xml (RunModel)" time="0.008" />
  <testcase classname="ptolemy.util.test.junit.AutoTests" name="[20] /home/travis/build/icyphy/ptII/ptolemy/domains/de/test/auto/DepthTest2.xml (RunModel)" time="0.017" />
  <testcase classname="ptolemy.util.test.junit.AutoTests" name="[21] /home/travis/build/icyphy/ptII/ptolemy/domains/de/test/auto/DepthTest3.xml (RunModel)" time="0.007" />
  <testcase classname="ptolemy.util.test.junit.AutoTests" name="[22] /home/travis/build/icyphy/ptII/ptolemy/domains/de/test/auto/DepthTest4.xml (RunModel)" time="0.012" />
  <testcase classname="ptolemy.util.test.junit.AutoTests" name="[23] /home/travis/build/icyphy/ptII/ptolemy/domains/de/test/auto/DepthTest5.xml (RunModel)" time="0.014" />
  <testcase classname="ptolemy.util.test.junit.AutoTests" name="[24] /home/travis/build/icyphy/ptII/ptolemy/domains/de/test/auto/DepthTest6.xml (RunModel)" time="0.012" />
  <testcase classname="ptolemy.util.test.junit.AutoTests" name="[25] /home/travis/build/icyphy/ptII/ptolemy/domains/de/test/auto/DepthTest7.xml (RunModel)" time="0.011" />
  <testcase classname="ptolemy.util.test.junit.AutoTests" name="[26] /home/travis/build/icyphy/ptII/ptolemy/domains/de/test/auto/EventToDate.xml (RunModel)" time="3.032" />
  <testcase classname="ptolemy.util.test.junit.AutoTests" name="[27] /home/travis/build/icyphy/ptII/ptolemy/domains/de/test/auto/FSM1.xml (RunModel)" time="0.044" />
  <testcase classname="ptolemy.util.test.junit.AutoTests" name="[28] /home/travis/build/icyphy/ptII/ptolemy/domains/de/test/auto/FSM7.xml (RunModel)" time="0.057" />
  <testcase classname="ptolemy.util.test.junit.AutoTests" name="[29] /home/travis/build/icyphy/ptII/ptolemy/domains/de/test/auto/Inspection.xml (RunModel)" time="0.036" />
  <testcase classname="ptolemy.util.test.junit.AutoTests" name="[30] /home/travis/build/icyphy/ptII/ptolemy/domains/de/test/auto/Iteration.xml (RunModel)" time="0.013" />
  <testcase classname="ptolemy.util.test.junit.AutoTests" name="[31] /home/travis/build/icyphy/ptII/ptolemy/domains/de/test/auto/LineFault.xml (RunModel)" time="0.478" />
  <testcase classname="ptolemy.util.test.junit.AutoTests" name="[32] /home/travis/build/icyphy/ptII/ptolemy/domains/de/test/auto/MergeModel1Add.xml (RunModel)" time="0.04" />
  <testcase classname="ptolemy.util.test.junit.AutoTests" name="[33] /home/travis/build/icyphy/ptII/ptolemy/domains/de/test/auto/MergeModel2Add.xml (RunModel)" time="0.032" />
  <testcase classname="ptolemy.util.test.junit.AutoTests" name="[34] /home/travis/build/icyphy/ptII/ptolemy/domains/de/test/auto/MergeModel3Add.xml (RunModel)" time="0.038" />
  <testcase classname="ptolemy.util.test.junit.AutoTests" name="[35] /home/travis/build/icyphy/ptII/ptolemy/domains/de/test/auto/MergeWithoutDiscard.xml (RunModel)" time="0.009" />
  <testcase classname="ptolemy.util.test.junit.AutoTests" name="[36] /home/travis/build/icyphy/ptII/ptolemy/domains/de/test/auto/Modal1.xml (RunModel)" time="0.025" />
  <testcase classname="ptolemy.util.test.junit.AutoTests" name="[37] /home/travis/build/icyphy/ptII/ptolemy/domains/de/test/auto/Modal2.xml (RunModel)" time="0.025" />
  <testcase classname="ptolemy.util.test.junit.AutoTests" name="[38] /home/travis/build/icyphy/ptII/ptolemy/domains/de/test/auto/Modal3.xml (RunModel)" time="0.027" />
  <testcase classname="ptolemy.util.test.junit.AutoTests" name="[39] /home/travis/build/icyphy/ptII/ptolemy/domains/de/test/auto/Modal4.xml (RunModel)" time="0.031" />
  <testcase classname="ptolemy.util.test.junit.AutoTests" name="[40] /home/travis/build/icyphy/ptII/ptolemy/domains/de/test/auto/Modal5.xml (RunModel)" time="0.028" />
  <testcase classname="ptolemy.util.test.junit.AutoTests" name="[41] /home/travis/build/icyphy/ptII/ptolemy/domains/de/test/auto/Modal6.xml (RunModel)" time="0.029" />
  <testcase classname="ptolemy.util.test.junit.AutoTests" name="[42] /home/travis/build/icyphy/ptII/ptolemy/domains/de/test/auto/Modal7.xml (RunModel)" time="0.027" />
  <testcase classname="ptolemy.util.test.junit.AutoTests" name="[43] /home/travis/build/icyphy/ptII/ptolemy/domains/de/test/auto/ModalModel.xml (RunModel)" time="0.183" />
  <testcase classname="ptolemy.util.test.junit.AutoTests" name="[44] /home/travis/build/icyphy/ptII/ptolemy/domains/de/test/auto/ModalSource.xml (RunModel)" time="0.012" />
  <testcase classname="ptolemy.util.test.junit.AutoTests" name="[45] /home/travis/build/icyphy/ptII/ptolemy/domains/de/test/auto/NonInterruptibleTimerZeroDelay.xml (RunModel)" time="0.007" />
  <testcase classname="ptolemy.util.test.junit.AutoTests" name="[46] /home/travis/build/icyphy/ptII/ptolemy/domains/de/test/auto/OpenQueueingNetwork.xml (RunModel)" time="2.2" />
  <testcase classname="ptolemy.util.test.junit.AutoTests" name="[47] /home/travis/build/icyphy/ptII/ptolemy/domains/de/test/auto/OpenQueuingNetwork.xml (RunModel)" time="0.261" />
  <testcase classname="ptolemy.util.test.junit.AutoTests" name="[48] /home/travis/build/icyphy/ptII/ptolemy/domains/de/test/auto/PeriodicSampler.xml (RunModel)" time="0.007" />
  <testcase classname="ptolemy.util.test.junit.AutoTests" name="[49] /home/travis/build/icyphy/ptII/ptolemy/domains/de/test/auto/PersistentIO.xml (RunModel)" time="0.017" />
  <testcase classname="ptolemy.util.test.junit.AutoTests" name="[50] /home/travis/build/icyphy/ptII/ptolemy/domains/de/test/auto/PortParameterResetOnInitialize.xml (RunModel)" time="0.009" />
  <testcase classname="ptolemy.util.test.junit.AutoTests" name="[51] /home/travis/build/icyphy/ptII/ptolemy/domains/de/test/auto/PortParameterUpdates.xml (RunModel)" time="0.016" />
  <testcase classname="ptolemy.util.test.junit.AutoTests" name="[52] /home/travis/build/icyphy/ptII/ptolemy/domains/de/test/auto/QueueAndServer.xml (RunModel)" time="0.021" />
  <testcase classname="ptolemy.util.test.junit.AutoTests" name="[53] /home/travis/build/icyphy/ptII/ptolemy/domains/de/test/auto/Records.xml (RunModel)" time="0.02" />
  <testcase classname="ptolemy.util.test.junit.AutoTests" name="[54] /home/travis/build/icyphy/ptII/ptolemy/domains/de/test/auto/ResetTransitionWithStartTime1.xml (RunModel)" time="0.025" />
  <testcase classname="ptolemy.util.test.junit.AutoTests" name="[55] /home/travis/build/icyphy/ptII/ptolemy/domains/de/test/auto/ResetTransitionWithStartTime2.xml (RunModel)" time="0.016" />
  <testcase classname="ptolemy.util.test.junit.AutoTests" name="[56] /home/travis/build/icyphy/ptII/ptolemy/domains/de/test/auto/ResetTransitionWithStartTime3.xml (RunModel)" time="0.018" />
  <testcase classname="ptolemy.util.test.junit.AutoTests" name="[57] /home/travis/build/icyphy/ptII/ptolemy/domains/de/test/auto/ResetTransitionWithStartTime4.xml (RunModel)" time="0.021" />
  <testcase classname="ptolemy.util.test.junit.AutoTests" name="[58] /home/travis/build/icyphy/ptII/ptolemy/domains/de/test/auto/ResettableTimer1.xml (RunModel)" time="0.011" />
  <testcase classname="ptolemy.util.test.junit.AutoTests" name="[59] /home/travis/build/icyphy/ptII/ptolemy/domains/de/test/auto/ResettableTimer2.xml (RunModel)" time="0.01" />
  <testcase classname="ptolemy.util.test.junit.AutoTests" name="[60] /home/travis/build/icyphy/ptII/ptolemy/domains/de/test/auto/ResettableTimer3.xml (RunModel)" time="0.012" />
  <testcase classname="ptolemy.util.test.junit.AutoTests" name="[61] /home/travis/build/icyphy/ptII/ptolemy/domains/de/test/auto/ResettableTimer4.xml (RunModel)" time="0.015" />
  <testcase classname="ptolemy.util.test.junit.AutoTests" name="[62] /home/travis/build/icyphy/ptII/ptolemy/domains/de/test/auto/ResettableTimer5.xml (RunModel)" time="0.009" />
  <testcase classname="ptolemy.util.test.junit.AutoTests" name="[63] /home/travis/build/icyphy/ptII/ptolemy/domains/de/test/auto/ResettableTimer6.xml (RunModel)" time="0.025" />
  <testcase classname="ptolemy.util.test.junit.AutoTests" name="[64] /home/travis/build/icyphy/ptII/ptolemy/domains/de/test/auto/ServerZeroDelay.xml (RunModel)" time="0.012" />
  <testcase classname="ptolemy.util.test.junit.AutoTests" name="[65] /home/travis/build/icyphy/ptII/ptolemy/domains/de/test/auto/SmartSender.xml (RunModel)" time="3.009" />
  <testcase classname="ptolemy.util.test.junit.AutoTests" name="[66] /home/travis/build/icyphy/ptII/ptolemy/domains/de/test/auto/ThreadedComposite.xml (RunModel)" time="0.198" />
  <testcase classname="ptolemy.util.test.junit.AutoTests" name="[67] /home/travis/build/icyphy/ptII/ptolemy/domains/de/test/auto/Time.xml (RunModel)" time="0.427" />
  <testcase classname="ptolemy.util.test.junit.AutoTests" name="[68] /home/travis/build/icyphy/ptII/ptolemy/domains/de/test/auto/TimeDelayZeroDelay.xml (RunModel)" time="0.012" />
  <testcase classname="ptolemy.util.test.junit.AutoTests" name="[69] /home/travis/build/icyphy/ptII/ptolemy/domains/de/test/auto/TimerZeroDelay.xml (RunModel)" time="0.01" />
  <testcase classname="ptolemy.util.test.junit.AutoTests" name="[70] /home/travis/build/icyphy/ptII/ptolemy/domains/de/test/auto/TimingParadox.xml (RunModel)" time="0.339" />
  <testcase classname="ptolemy.util.test.junit.AutoTests" name="[71] /home/travis/build/icyphy/ptII/ptolemy/domains/de/test/auto/TransferInputs.xml (RunModel)" time="0.014" />
  <testcase classname="ptolemy.util.test.junit.AutoTests" name="[72] /home/travis/build/icyphy/ptII/ptolemy/domains/de/test/auto/TransferOutputs2.xml (RunModel)" time="0.015" />
  <testcase classname="ptolemy.util.test.junit.AutoTests" name="[73] /home/travis/build/icyphy/ptII/ptolemy/domains/de/test/auto/Trilateration.xml (RunModel)" time="11.695" />
  <testcase classname="ptolemy.util.test.junit.AutoTests" name="[74] /home/travis/build/icyphy/ptII/ptolemy/domains/de/test/auto/TwoSigmaDelta.xml (RunModel)" time="2.119" />
  <testcase classname="ptolemy.util.test.junit.AutoTests" name="[75] /home/travis/build/icyphy/ptII/ptolemy/domains/de/test/auto/VariableDelay.xml (RunModel)" time="0.013" />
  <testcase classname="ptolemy.util.test.junit.AutoTests" name="[76] /home/travis/build/icyphy/ptII/ptolemy/domains/de/test/auto/VariableDelay2.xml (RunModel)" time="0.012" />
  <testcase classname="ptolemy.util.test.junit.AutoTests" name="[77] /home/travis/build/icyphy/ptII/ptolemy/domains/de/test/auto/VariableDelayZeroDelay.xml (RunModel)" time="0.012" />
  <testcase classname="ptolemy.util.test.junit.AutoTests" name="[78] /home/travis/build/icyphy/ptII/ptolemy/domains/de/test/auto/VariableDelayZeroDelay2.xml (RunModel)" time="0.013" />
  <testcase classname="ptolemy.util.test.junit.AutoTests" name="[79] /home/travis/build/icyphy/ptII/ptolemy/domains/de/test/auto/deInCt.xml (RunModel)" time="0.017" />
  <testcase classname="ptolemy.util.test.junit.AutoTests" name="[80] /home/travis/build/icyphy/ptII/ptolemy/domains/de/test/auto/deInCt2.xml (RunModel)" time="0.014" />
  <testcase classname="ptolemy.util.test.junit.AutoTests" name="[81] /home/travis/build/icyphy/ptII/ptolemy/domains/de/test/auto/dynamicCausalityInterface1.xml (RunModel)" time="0.019" />
  <testcase classname="ptolemy.util.test.junit.AutoTests" name="[82] /home/travis/build/icyphy/ptII/ptolemy/domains/de/test/auto/fsm_de_test.xml (RunModel)" time="0.026" />
  <testcase classname="ptolemy.util.test.junit.AutoTests" name="[83] /home/travis/build/icyphy/ptII/ptolemy/domains/de/test/auto/functionDependencyReconstruction.xml (RunModel)" time="0.035" />
  <testcase classname="ptolemy.util.test.junit.AutoTests" name="[84] /home/travis/build/icyphy/ptII/ptolemy/domains/de/test/auto/multirate.xml (RunModel)" time="0.018" />
  <testcase classname="ptolemy.util.test.junit.AutoTests" name="[85] /home/travis/build/icyphy/ptII/ptolemy/domains/de/test/auto/multirate2.xml (RunModel)" time="0.019" />
  <testcase classname="ptolemy.util.test.junit.AutoTests" name="[86] /home/travis/build/icyphy/ptII/ptolemy/domains/de/test/auto/realtime.xml (RunModel)" time="10.012" />
  <testcase classname="ptolemy.util.test.junit.AutoTests" name="[87] /home/travis/build/icyphy/ptII/ptolemy/domains/de/test/auto/relationGroup.xml (RunModel)" time="0.008" />
  <testcase classname="ptolemy.util.test.junit.AutoTests" name="[88] /home/travis/build/icyphy/ptII/ptolemy/domains/de/test/auto/relationGroup2.xml (RunModel)" time="0.01" />
  <testcase classname="ptolemy.util.test.junit.AutoTests" name="[89] /home/travis/build/icyphy/ptII/ptolemy/domains/de/test/auto/sortWithOpaquePorts.xml (RunModel)" time="0.009" />
  <testcase classname="ptolemy.util.test.junit.AutoTests" name="[90] /home/travis/build/icyphy/ptII/ptolemy/domains/de/test/auto/transferInputsandOutputs.xml (RunModel)" time="0.015" />
  <testcase classname="ptolemy.util.test.junit.AutoTests" name="[91] /home/travis/build/icyphy/ptII/ptolemy/domains/de/test/auto/triggerType.xml (RunModel)" time="0.009" />
  <system-out><![CDATA[/home/travis/build/icyphy/ptII/ptolemy/domains/de/test/DependencyLoop.tcl
testDefs.tcl: setting time out to 9000 seconds at Fri May 03 04:13:00 UTC 2019
16 ms. Memory: 116224K Free: 97665K (84%)
18 ms. Memory: 146944K Free: 141192K (96%)
/home/travis/build/icyphy/ptII/ptolemy/domains/de/test/RunDETestsAsQSS.tcl
Run the DE tests using ptolemy.domains.qss.test.QSSDirectorTest, which extends QSSDirector and prints a message in the constructors.
------------------ testing $PTII/ptolemy/domains/de/test/auto/knownFailedTests/dependencyLoop.xml (Known Failure) 
8 ms. Memory: 146944K Free: 136946K (93%)


==== $PTIIhome/travis/build/icyphy/ptII/ptolemy/domains/de/test/../../../../: Auto Automatic test in file $PTII/ptolemy/domains/de/test/auto/knownFailedTests/dependencyLoop.xml
==== Contents of test case:

	    # FIXME: we should use $relativeFilename here, but it
	    # might have backslashes under Windows, which causes no end
	    # of trouble.
	    createAndExecute $file
	    list {}
	
.... Test generated KNOWN error:
    while executing
ptolemy.kernel.util.IllegalActionException: Found a zero delay loop containing .dependencyLoop.original
  in .dependencyLoop and .dependencyLoop.original
	at ptolemy.actor.util.CausalityInterfaceForComposites._computeOutputPortDepth(CausalityInterfaceForComposites.java:759)
	at ptolemy.actor.util.CausalityInterfaceForComposites._computeInputDepth(CausalityInterfaceForComposites.java:696)
	at ptolemy.actor.util.CausalityInterfaceForComposites._computeOutputPortDepth(CausalityInterfaceForComposites.java:765)
	at ptolemy.actor.util.CausalityInterfaceForComposites._computeInputDepth(CausalityInterfaceForComposites.java:696)
	at ptolemy.actor.util.CausalityInterfaceForComposites._computeOutputPortDepth(CausalityInterfaceForComposites.java:765)
	at ptolemy.actor.util.CausalityInterfaceForComposites._computeInputDepth(CausalityInterfaceForComposites.java:696)
	at ptolemy.actor.util.CausalityInterfaceForComposites._computeActorDepth(CausalityInterfaceForComposites.java:532)
	at ptolemy.actor.util.CausalityInterfaceForComposites.checkForCycles(CausalityInterfaceForComposites.java:96)
	at ptolemy.domains.de.kernel.DEDirector.preinitialize(DEDirector.java:1338)
	at ptolemy.actor.CompositeActor.preinitialize(CompositeActor.java:1828)
	at ptolemy.actor.Manager.preinitializeAndResolveTypes(Manager.java:1040)
	at ptolemy.actor.Manager.initialize(Manager.java:710)
	at ptolemy.actor.Manager.execute(Manager.java:356)
	at ptolemy.actor.Manager.run(Manager.java:1263)
	at ptolemy.actor.Manager$PtolemyRunThread.run(Manager.java:1915)

    while executing
ptolemy.kernel.util.IllegalActionException: Found a zero delay loop containing .dependencyLoop.original
  in .dependencyLoop and .dependencyLoop.original
    while executing
"java::new ptolemy.moml.MoMLSimpleApplication $file
"
    (procedure "createAndExecute" line 2)
    invoked from within
"createAndExecute $file"
    ("uplevel" body line 5)
    invoked from within
"uplevel $contents_of_test"
------------------ testing $PTII/ptolemy/domains/de/test/auto/knownFailedTests/DESDFClockTest.xml (Known Failure) 
2073 ms. Memory: 146944K Free: 121360K (83%)


==== $PTIIhome/travis/build/icyphy/ptII/ptolemy/domains/de/test/../../../../: Auto Automatic test in file $PTII/ptolemy/domains/de/test/auto/knownFailedTests/DESDFClockTest.xml
==== Contents of test case:

	    # FIXME: we should use $relativeFilename here, but it
	    # might have backslashes under Windows, which causes no end
	    # of trouble.
	    createAndExecute $file
	    list {}
	
.... Test generated KNOWN error:
    while executing
ptolemy.kernel.util.IllegalActionException: Actor is not ready to fire.  Perhaps UpSample.prefire() returned false? Try debugging the actor by selecting "Listen to Actor".  Also, for SDF check moml for tokenConsumptionRate on input.
  in .DESDFClockTest.Play Bell.Copy1:SDF Director and .DESDFClockTest.Play Bell.UpSample
	at ptolemy.actor.sched.StaticSchedulingDirector.fire(StaticSchedulingDirector.java:227)
	at ptolemy.domains.sdf.kernel.SDFDirector.fire(SDFDirector.java:500)
	at ptolemy.actor.CompositeActor.fire(CompositeActor.java:455)
	at ptolemy.domains.de.kernel.DEDirector._fire(DEDirector.java:1949)
	at ptolemy.domains.de.kernel.DEDirector.fire(DEDirector.java:502)
	at ptolemy.actor.CompositeActor.fire(CompositeActor.java:455)
	at ptolemy.actor.Manager.iterate(Manager.java:851)
	at ptolemy.actor.Manager.execute(Manager.java:369)
	at ptolemy.actor.Manager.run(Manager.java:1263)
	at ptolemy.actor.Manager$PtolemyRunThread.run(Manager.java:1915)

    while executing
ptolemy.kernel.util.IllegalActionException: Actor is not ready to fire.  Perhaps UpSample.prefire() returned false? Try debugging the actor by selecting "Listen to Actor".  Also, for SDF check moml for tokenConsumptionRate on input.
  in .DESDFClockTest.Play Bell.Copy1:SDF Director and .DESDFClockTest.Play Bell.UpSample
    while executing
"java::new ptolemy.moml.MoMLSimpleApplication $file
"
    (procedure "createAndExecute" line 2)
    invoked from within
"createAndExecute $file"
    ("uplevel" body line 5)
    invoked from within
"uplevel $contents_of_test"
------------------ testing $PTII/ptolemy/domains/de/test/auto/knownFailedTests/FSMSource.xml (Known Failure) 
49 ms. Memory: 146944K Free: 112498K (77%)
!!!! Auto was marked as failing, but now passes
------------------ testing $PTII/ptolemy/domains/de/test/auto/knownFailedTests/dependencyLoop2.xml (Known Failure) 
13 ms. Memory: 146944K Free: 110614K (75%)


==== $PTIIhome/travis/build/icyphy/ptII/ptolemy/domains/de/test/../../../../: Auto Automatic test in file $PTII/ptolemy/domains/de/test/auto/knownFailedTests/dependencyLoop2.xml
==== Contents of test case:

	    # FIXME: we should use $relativeFilename here, but it
	    # might have backslashes under Windows, which causes no end
	    # of trouble.
	    createAndExecute $file
	    list {}
	
.... Test generated KNOWN error:
    while executing
ptolemy.kernel.util.IllegalActionException: Found a zero delay loop containing .dependencyLoop2.original
  in .dependencyLoop2 and .dependencyLoop2.original
	at ptolemy.actor.util.CausalityInterfaceForComposites._computeOutputPortDepth(CausalityInterfaceForComposites.java:759)
	at ptolemy.actor.util.CausalityInterfaceForComposites._computeInputDepth(CausalityInterfaceForComposites.java:696)
	at ptolemy.actor.util.CausalityInterfaceForComposites._computeOutputPortDepth(CausalityInterfaceForComposites.java:765)
	at ptolemy.actor.util.CausalityInterfaceForComposites._computeInputDepth(CausalityInterfaceForComposites.java:696)
	at ptolemy.actor.util.CausalityInterfaceForComposites._computeOutputPortDepth(CausalityInterfaceForComposites.java:765)
	at ptolemy.actor.util.CausalityInterfaceForComposites._computeInputDepth(CausalityInterfaceForComposites.java:696)
	at ptolemy.actor.util.CausalityInterfaceForComposites._computeActorDepth(CausalityInterfaceForComposites.java:532)
	at ptolemy.actor.util.CausalityInterfaceForComposites.checkForCycles(CausalityInterfaceForComposites.java:96)
	at ptolemy.domains.de.kernel.DEDirector.preinitialize(DEDirector.java:1338)
	at ptolemy.actor.CompositeActor.preinitialize(CompositeActor.java:1828)
	at ptolemy.actor.Manager.preinitializeAndResolveTypes(Manager.java:1040)
	at ptolemy.actor.Manager.initialize(Manager.java:710)
	at ptolemy.actor.Manager.execute(Manager.java:356)
	at ptolemy.actor.Manager.run(Manager.java:1263)
	at ptolemy.actor.Manager$PtolemyRunThread.run(Manager.java:1915)

    while executing
ptolemy.kernel.util.IllegalActionException: Found a zero delay loop containing .dependencyLoop2.original
  in .dependencyLoop2 and .dependencyLoop2.original
    while executing
"java::new ptolemy.moml.MoMLSimpleApplication $file
"
    (procedure "createAndExecute" line 2)
    invoked from within
"createAndExecute $file"
    ("uplevel" body line 5)
    invoked from within
"uplevel $contents_of_test"
------------------ testing $PTII/ptolemy/domains/de/test/auto/knownFailedTests/HierarchicalModel.xml (Known Failure) 
5 ms. Memory: 146944K Free: 90434K (62%)


==== $PTIIhome/travis/build/icyphy/ptII/ptolemy/domains/de/test/../../../../: Auto Automatic test in file $PTII/ptolemy/domains/de/test/auto/knownFailedTests/HierarchicalModel.xml
==== Contents of test case:

	    # FIXME: we should use $relativeFilename here, but it
	    # might have backslashes under Windows, which causes no end
	    # of trouble.
	    createAndExecute $file
	    list {}
	
.... Test generated KNOWN error:
    while executing
ptolemy.kernel.util.IllegalActionException: Found a zero delay loop containing .HierarchicalModel.A
  in .HierarchicalModel and .HierarchicalModel.A
	at ptolemy.actor.util.CausalityInterfaceForComposites._computeOutputPortDepth(CausalityInterfaceForComposites.java:759)
	at ptolemy.actor.util.CausalityInterfaceForComposites._computeInputDepth(CausalityInterfaceForComposites.java:696)
	at ptolemy.actor.util.CausalityInterfaceForComposites._computeOutputPortDepth(CausalityInterfaceForComposites.java:765)
	at ptolemy.actor.util.CausalityInterfaceForComposites._computeInputDepth(CausalityInterfaceForComposites.java:696)
	at ptolemy.actor.util.CausalityInterfaceForComposites._computeOutputPortDepth(CausalityInterfaceForComposites.java:765)
	at ptolemy.actor.util.CausalityInterfaceForComposites._computeInputDepth(CausalityInterfaceForComposites.java:696)
	at ptolemy.actor.util.CausalityInterfaceForComposites._computeActorDepth(CausalityInterfaceForComposites.java:532)
	at ptolemy.actor.util.CausalityInterfaceForComposites.checkForCycles(CausalityInterfaceForComposites.java:96)
	at ptolemy.domains.de.kernel.DEDirector.preinitialize(DEDirector.java:1338)
	at ptolemy.actor.CompositeActor.preinitialize(CompositeActor.java:1828)
	at ptolemy.actor.Manager.preinitializeAndResolveTypes(Manager.java:1040)
	at ptolemy.actor.Manager.initialize(Manager.java:710)
	at ptolemy.actor.Manager.execute(Manager.java:356)
	at ptolemy.actor.Manager.run(Manager.java:1263)
	at ptolemy.actor.Manager$PtolemyRunThread.run(Manager.java:1915)

    while executing
ptolemy.kernel.util.IllegalActionException: Found a zero delay loop containing .HierarchicalModel.A
  in .HierarchicalModel and .HierarchicalModel.A
    while executing
"java::new ptolemy.moml.MoMLSimpleApplication $file
"
    (procedure "createAndExecute" line 2)
    invoked from within
"createAndExecute $file"
    ("uplevel" body line 5)
    invoked from within
"uplevel $contents_of_test"
------------------ testing $PTII/ptolemy/domains/de/test/auto/knownFailedTests/DirectFeedback.xml (Known Failure) 
4 ms. Memory: 146944K Free: 86322K (59%)


==== $PTIIhome/travis/build/icyphy/ptII/ptolemy/domains/de/test/../../../../: Auto Automatic test in file $PTII/ptolemy/domains/de/test/auto/knownFailedTests/DirectFeedback.xml
==== Contents of test case:

	    # FIXME: we should use $relativeFilename here, but it
	    # might have backslashes under Windows, which causes no end
	    # of trouble.
	    createAndExecute $file
	    list {}
	
.... Test generated KNOWN error:
    while executing
ptolemy.kernel.util.IllegalActionException: Test fails in iteration 1.
Value was: 1.0. Should have been: 2.0
  in .DirectFeedback.Test
	at ptolemy.actor.lib.Test.fire(Test.java:268)
	at ptolemy.domains.de.kernel.DEDirector._fire(DEDirector.java:1949)
	at ptolemy.domains.de.kernel.DEDirector.fire(DEDirector.java:502)
	at ptolemy.actor.CompositeActor.fire(CompositeActor.java:455)
	at ptolemy.actor.Manager.iterate(Manager.java:851)
	at ptolemy.actor.Manager.execute(Manager.java:369)
	at ptolemy.actor.Manager.run(Manager.java:1263)
	at ptolemy.actor.Manager$PtolemyRunThread.run(Manager.java:1915)

    while executing
ptolemy.kernel.util.IllegalActionException: Test fails in iteration 1.
Value was: 1.0. Should have been: 2.0
  in .DirectFeedback.Test
    while executing
"java::new ptolemy.moml.MoMLSimpleApplication $file
"
    (procedure "createAndExecute" line 2)
    invoked from within
"createAndExecute $file"
    ("uplevel" body line 5)
    invoked from within
"uplevel $contents_of_test"
------------------ testing $PTII/ptolemy/domains/de/test/auto/ActorDepthCalculation_actorWithoutPorts.xml
auto.tcl: Setting watchdog for 200 seconds at Fri May 03 04:13:03 UTC 2019
7 ms. Memory: 146944K Free: 138700K (94%)
ptolemy.util.test.WatchDog.cancel(): canceling Fri May 03 04:13:03 UTC 2019
auto.tcl: Setting watchdog for 200 seconds at Fri May 03 04:13:03 UTC 2019
4 ms. Memory: 146944K Free: 137672K (94%)
ptolemy.util.test.WatchDog.cancel(): canceling Fri May 03 04:13:04 UTC 2019
------------------ testing $PTII/ptolemy/domains/de/test/auto/AssemblyLine.xml
auto.tcl: Setting watchdog for 200 seconds at Fri May 03 04:13:04 UTC 2019
18 ms. Memory: 208384K Free: 183340K (88%)
ptolemy.util.test.WatchDog.cancel(): canceling Fri May 03 04:13:04 UTC 2019
auto.tcl: Setting watchdog for 200 seconds at Fri May 03 04:13:04 UTC 2019
11 ms. Memory: 208384K Free: 183340K (88%)
ptolemy.util.test.WatchDog.cancel(): canceling Fri May 03 04:13:04 UTC 2019
------------------ testing $PTII/ptolemy/domains/de/test/auto/CQBug1.xml
auto.tcl: Setting watchdog for 200 seconds at Fri May 03 04:13:04 UTC 2019
22 ms. Memory: 208384K Free: 197876K (95%)
ptolemy.util.test.WatchDog.cancel(): canceling Fri May 03 04:13:04 UTC 2019
auto.tcl: Setting watchdog for 200 seconds at Fri May 03 04:13:04 UTC 2019
2 ms. Memory: 208384K Free: 197876K (95%)
ptolemy.util.test.WatchDog.cancel(): canceling Fri May 03 04:13:04 UTC 2019
------------------ testing $PTII/ptolemy/domains/de/test/auto/CancelFireAt.xml
auto.tcl: Setting watchdog for 200 seconds at Fri May 03 04:13:04 UTC 2019
5 ms. Memory: 208384K Free: 201552K (97%)
ptolemy.util.test.WatchDog.cancel(): canceling Fri May 03 04:13:04 UTC 2019
auto.tcl: Setting watchdog for 200 seconds at Fri May 03 04:13:04 UTC 2019
3 ms. Memory: 208384K Free: 199496K (96%)
ptolemy.util.test.WatchDog.cancel(): canceling Fri May 03 04:13:04 UTC 2019
------------------ testing $PTII/ptolemy/domains/de/test/auto/CausalityAndComposabilityAnalysis.xml
auto.tcl: Setting watchdog for 200 seconds at Fri May 03 04:13:04 UTC 2019
16 ms. Memory: 208384K Free: 198575K (95%)
ptolemy.util.test.WatchDog.cancel(): canceling Fri May 03 04:13:04 UTC 2019
auto.tcl: Setting watchdog for 200 seconds at Fri May 03 04:13:04 UTC 2019
11 ms. Memory: 208384K Free: 196519K (94%)
ptolemy.util.test.WatchDog.cancel(): canceling Fri May 03 04:13:04 UTC 2019
------------------ testing $PTII/ptolemy/domains/de/test/auto/CausalityInterface1.xml
auto.tcl: Setting watchdog for 200 seconds at Fri May 03 04:13:05 UTC 2019
16 ms. Memory: 208384K Free: 198512K (95%)
ptolemy.util.test.WatchDog.cancel(): canceling Fri May 03 04:13:05 UTC 2019
auto.tcl: Setting watchdog for 200 seconds at Fri May 03 04:13:05 UTC 2019
5 ms. Memory: 208384K Free: 196457K (94%)
ptolemy.util.test.WatchDog.cancel(): canceling Fri May 03 04:13:05 UTC 2019
------------------ testing $PTII/ptolemy/domains/de/test/auto/CausalityInterface15.xml
auto.tcl: Setting watchdog for 200 seconds at Fri May 03 04:13:05 UTC 2019
13 ms. Memory: 208384K Free: 196447K (94%)
ptolemy.util.test.WatchDog.cancel(): canceling Fri May 03 04:13:05 UTC 2019
auto.tcl: Setting watchdog for 200 seconds at Fri May 03 04:13:05 UTC 2019
7 ms. Memory: 208384K Free: 196447K (94%)
ptolemy.util.test.WatchDog.cancel(): canceling Fri May 03 04:13:05 UTC 2019
------------------ testing $PTII/ptolemy/domains/de/test/auto/CausalityInterface2.xml
auto.tcl: Setting watchdog for 200 seconds at Fri May 03 04:13:05 UTC 2019
9 ms. Memory: 208384K Free: 196432K (94%)
ptolemy.util.test.WatchDog.cancel(): canceling Fri May 03 04:13:05 UTC 2019
auto.tcl: Setting watchdog for 200 seconds at Fri May 03 04:13:05 UTC 2019
3 ms. Memory: 208384K Free: 196432K (94%)
ptolemy.util.test.WatchDog.cancel(): canceling Fri May 03 04:13:05 UTC 2019
------------------ testing $PTII/ptolemy/domains/de/test/auto/CausalityInterface3.xml
auto.tcl: Setting watchdog for 200 seconds at Fri May 03 04:13:05 UTC 2019
9 ms. Memory: 208384K Free: 196445K (94%)
ptolemy.util.test.WatchDog.cancel(): canceling Fri May 03 04:13:05 UTC 2019
auto.tcl: Setting watchdog for 200 seconds at Fri May 03 04:13:05 UTC 2019
6 ms. Memory: 208384K Free: 196445K (94%)
ptolemy.util.test.WatchDog.cancel(): canceling Fri May 03 04:13:05 UTC 2019
------------------ testing $PTII/ptolemy/domains/de/test/auto/ClockDrift.xml
auto.tcl: Setting watchdog for 200 seconds at Fri May 03 04:13:05 UTC 2019
77 ms. Memory: 208384K Free: 187808K (90%)
ptolemy.util.test.WatchDog.cancel(): canceling Fri May 03 04:13:05 UTC 2019
auto.tcl: Setting watchdog for 200 seconds at Fri May 03 04:13:05 UTC 2019
37 ms. Memory: 208384K Free: 185753K (89%)
ptolemy.util.test.WatchDog.cancel(): canceling Fri May 03 04:13:05 UTC 2019
------------------ testing $PTII/ptolemy/domains/de/test/auto/ClockDriftAndValueChange.xml
auto.tcl: Setting watchdog for 200 seconds at Fri May 03 04:13:05 UTC 2019
51 ms. Memory: 208384K Free: 189701K (91%)
ptolemy.util.test.WatchDog.cancel(): canceling Fri May 03 04:13:05 UTC 2019
auto.tcl: Setting watchdog for 200 seconds at Fri May 03 04:13:05 UTC 2019
46 ms. Memory: 208384K Free: 185589K (89%)
ptolemy.util.test.WatchDog.cancel(): canceling Fri May 03 04:13:05 UTC 2019
------------------ testing $PTII/ptolemy/domains/de/test/auto/ClockDriftChange.xml
auto.tcl: Setting watchdog for 200 seconds at Fri May 03 04:13:05 UTC 2019
35 ms. Memory: 208384K Free: 190921K (92%)
ptolemy.util.test.WatchDog.cancel(): canceling Fri May 03 04:13:06 UTC 2019
auto.tcl: Setting watchdog for 200 seconds at Fri May 03 04:13:06 UTC 2019
36 ms. Memory: 208384K Free: 188866K (91%)
ptolemy.util.test.WatchDog.cancel(): canceling Fri May 03 04:13:06 UTC 2019
------------------ testing $PTII/ptolemy/domains/de/test/auto/ComposableCausalityAnalysis.xml
auto.tcl: Setting watchdog for 200 seconds at Fri May 03 04:13:06 UTC 2019
2 ms. Memory: 208384K Free: 196299K (94%)
ptolemy.util.test.WatchDog.cancel(): canceling Fri May 03 04:13:06 UTC 2019
auto.tcl: Setting watchdog for 200 seconds at Fri May 03 04:13:06 UTC 2019
2 ms. Memory: 208384K Free: 196299K (94%)
ptolemy.util.test.WatchDog.cancel(): canceling Fri May 03 04:13:06 UTC 2019
------------------ testing $PTII/ptolemy/domains/de/test/auto/DEFixedPointLimitation.xml
auto.tcl: Setting watchdog for 200 seconds at Fri May 03 04:13:06 UTC 2019
2 ms. Memory: 208384K Free: 198435K (95%)
ptolemy.util.test.WatchDog.cancel(): canceling Fri May 03 04:13:06 UTC 2019
auto.tcl: Setting watchdog for 200 seconds at Fri May 03 04:13:06 UTC 2019
1 ms. Memory: 208384K Free: 196379K (94%)
ptolemy.util.test.WatchDog.cancel(): canceling Fri May 03 04:13:06 UTC 2019
------------------ testing $PTII/ptolemy/domains/de/test/auto/DEScheduleTest.xml
auto.tcl: Setting watchdog for 200 seconds at Fri May 03 04:13:06 UTC 2019
11 ms. Memory: 208384K Free: 198990K (95%)
ptolemy.util.test.WatchDog.cancel(): canceling Fri May 03 04:13:06 UTC 2019
auto.tcl: Setting watchdog for 200 seconds at Fri May 03 04:13:06 UTC 2019
8 ms. Memory: 208384K Free: 196415K (94%)
ptolemy.util.test.WatchDog.cancel(): canceling Fri May 03 04:13:06 UTC 2019
------------------ testing $PTII/ptolemy/domains/de/test/auto/DEinDEwithStartTimes.xml
auto.tcl: Setting watchdog for 200 seconds at Fri May 03 04:13:06 UTC 2019
7 ms. Memory: 208384K Free: 196904K (94%)
ptolemy.util.test.WatchDog.cancel(): canceling Fri May 03 04:13:06 UTC 2019
auto.tcl: Setting watchdog for 200 seconds at Fri May 03 04:13:06 UTC 2019
5 ms. Memory: 208384K Free: 196904K (94%)
ptolemy.util.test.WatchDog.cancel(): canceling Fri May 03 04:13:06 UTC 2019
------------------ testing $PTII/ptolemy/domains/de/test/auto/DEinDEwithStartTimes2.xml
auto.tcl: Setting watchdog for 200 seconds at Fri May 03 04:13:06 UTC 2019
4 ms. Memory: 208384K Free: 196365K (94%)
ptolemy.util.test.WatchDog.cancel(): canceling Fri May 03 04:13:06 UTC 2019
auto.tcl: Setting watchdog for 200 seconds at Fri May 03 04:13:06 UTC 2019
8 ms. Memory: 208384K Free: 194309K (93%)
ptolemy.util.test.WatchDog.cancel(): canceling Fri May 03 04:13:06 UTC 2019
------------------ testing $PTII/ptolemy/domains/de/test/auto/DateDemo.xml
auto.tcl: Setting watchdog for 200 seconds at Fri May 03 04:13:06 UTC 2019
17 ms. Memory: 208384K Free: 188927K (91%)
ptolemy.util.test.WatchDog.cancel(): canceling Fri May 03 04:13:06 UTC 2019
auto.tcl: Setting watchdog for 200 seconds at Fri May 03 04:13:06 UTC 2019
6 ms. Memory: 208384K Free: 186872K (90%)
ptolemy.util.test.WatchDog.cancel(): canceling Fri May 03 04:13:06 UTC 2019
------------------ testing $PTII/ptolemy/domains/de/test/auto/DateToEvent.xml
auto.tcl: Setting watchdog for 200 seconds at Fri May 03 04:13:06 UTC 2019
2021 ms. Memory: 208384K Free: 183767K (88%)
ptolemy.util.test.WatchDog.cancel(): canceling Fri May 03 04:13:08 UTC 2019
auto.tcl: Setting watchdog for 200 seconds at Fri May 03 04:13:08 UTC 2019
2006 ms. Memory: 208384K Free: 183767K (88%)
ptolemy.util.test.WatchDog.cancel(): canceling Fri May 03 04:13:10 UTC 2019
------------------ testing $PTII/ptolemy/domains/de/test/auto/DepthTest1.xml
auto.tcl: Setting watchdog for 200 seconds at Fri May 03 04:13:10 UTC 2019
2 ms. Memory: 208384K Free: 197999K (95%)
ptolemy.util.test.WatchDog.cancel(): canceling Fri May 03 04:13:10 UTC 2019
auto.tcl: Setting watchdog for 200 seconds at Fri May 03 04:13:10 UTC 2019
2 ms. Memory: 208384K Free: 197999K (95%)
ptolemy.util.test.WatchDog.cancel(): canceling Fri May 03 04:13:10 UTC 2019
------------------ testing $PTII/ptolemy/domains/de/test/auto/DepthTest2.xml
auto.tcl: Setting watchdog for 200 seconds at Fri May 03 04:13:10 UTC 2019
4 ms. Memory: 208384K Free: 194321K (93%)
ptolemy.util.test.WatchDog.cancel(): canceling Fri May 03 04:13:11 UTC 2019
auto.tcl: Setting watchdog for 200 seconds at Fri May 03 04:13:11 UTC 2019
5 ms. Memory: 208384K Free: 194321K (93%)
ptolemy.util.test.WatchDog.cancel(): canceling Fri May 03 04:13:11 UTC 2019
------------------ testing $PTII/ptolemy/domains/de/test/auto/DepthTest3.xml
auto.tcl: Setting watchdog for 200 seconds at Fri May 03 04:13:11 UTC 2019
8 ms. Memory: 208384K Free: 198331K (95%)
ptolemy.util.test.WatchDog.cancel(): canceling Fri May 03 04:13:11 UTC 2019
auto.tcl: Setting watchdog for 200 seconds at Fri May 03 04:13:11 UTC 2019
2 ms. Memory: 208384K Free: 198331K (95%)
ptolemy.util.test.WatchDog.cancel(): canceling Fri May 03 04:13:11 UTC 2019
------------------ testing $PTII/ptolemy/domains/de/test/auto/DepthTest4.xml
auto.tcl: Setting watchdog for 200 seconds at Fri May 03 04:13:11 UTC 2019
5 ms. Memory: 208384K Free: 196363K (94%)
ptolemy.util.test.WatchDog.cancel(): canceling Fri May 03 04:13:11 UTC 2019
auto.tcl: Setting watchdog for 200 seconds at Fri May 03 04:13:11 UTC 2019
3 ms. Memory: 208384K Free: 196363K (94%)
ptolemy.util.test.WatchDog.cancel(): canceling Fri May 03 04:13:11 UTC 2019
------------------ testing $PTII/ptolemy/domains/de/test/auto/DepthTest5.xml
auto.tcl: Setting watchdog for 200 seconds at Fri May 03 04:13:11 UTC 2019
7 ms. Memory: 208384K Free: 196309K (94%)
ptolemy.util.test.WatchDog.cancel(): canceling Fri May 03 04:13:11 UTC 2019
auto.tcl: Setting watchdog for 200 seconds at Fri May 03 04:13:11 UTC 2019
3 ms. Memory: 208384K Free: 196309K (94%)
ptolemy.util.test.WatchDog.cancel(): canceling Fri May 03 04:13:11 UTC 2019
------------------ testing $PTII/ptolemy/domains/de/test/auto/DepthTest6.xml
auto.tcl: Setting watchdog for 200 seconds at Fri May 03 04:13:11 UTC 2019
7 ms. Memory: 208384K Free: 196285K (94%)
ptolemy.util.test.WatchDog.cancel(): canceling Fri May 03 04:13:11 UTC 2019
auto.tcl: Setting watchdog for 200 seconds at Fri May 03 04:13:11 UTC 2019
2 ms. Memory: 208384K Free: 196285K (94%)
ptolemy.util.test.WatchDog.cancel(): canceling Fri May 03 04:13:11 UTC 2019
------------------ testing $PTII/ptolemy/domains/de/test/auto/DepthTest7.xml
auto.tcl: Setting watchdog for 200 seconds at Fri May 03 04:13:11 UTC 2019
2 ms. Memory: 208384K Free: 196267K (94%)
ptolemy.util.test.WatchDog.cancel(): canceling Fri May 03 04:13:11 UTC 2019
auto.tcl: Setting watchdog for 200 seconds at Fri May 03 04:13:11 UTC 2019
2 ms. Memory: 208384K Free: 196267K (94%)
ptolemy.util.test.WatchDog.cancel(): canceling Fri May 03 04:13:11 UTC 2019
------------------ testing $PTII/ptolemy/domains/de/test/auto/EventToDate.xml
auto.tcl: Setting watchdog for 200 seconds at Fri May 03 04:13:11 UTC 2019
3011 ms. Memory: 208384K Free: 188058K (90%)
ptolemy.util.test.WatchDog.cancel(): canceling Fri May 03 04:13:14 UTC 2019
auto.tcl: Setting watchdog for 200 seconds at Fri May 03 04:13:14 UTC 2019
3004 ms. Memory: 208384K Free: 186002K (89%)
ptolemy.util.test.WatchDog.cancel(): canceling Fri May 03 04:13:17 UTC 2019
------------------ testing $PTII/ptolemy/domains/de/test/auto/FSM1.xml
auto.tcl: Setting watchdog for 200 seconds at Fri May 03 04:13:17 UTC 2019
26 ms. Memory: 208384K Free: 189405K (91%)
ptolemy.util.test.WatchDog.cancel(): canceling Fri May 03 04:13:17 UTC 2019
auto.tcl: Setting watchdog for 200 seconds at Fri May 03 04:13:17 UTC 2019
20 ms. Memory: 208384K Free: 185294K (89%)
ptolemy.util.test.WatchDog.cancel(): canceling Fri May 03 04:13:17 UTC 2019
------------------ testing $PTII/ptolemy/domains/de/test/auto/FSM7.xml
auto.tcl: Setting watchdog for 200 seconds at Fri May 03 04:13:17 UTC 2019
16 ms. Memory: 208384K Free: 189610K (91%)
ptolemy.util.test.WatchDog.cancel(): canceling Fri May 03 04:13:17 UTC 2019
auto.tcl: Setting watchdog for 200 seconds at Fri May 03 04:13:17 UTC 2019
18 ms. Memory: 208384K Free: 185499K (89%)
ptolemy.util.test.WatchDog.cancel(): canceling Fri May 03 04:13:17 UTC 2019
------------------ testing $PTII/ptolemy/domains/de/test/auto/Inspection.xml
auto.tcl: Setting watchdog for 200 seconds at Fri May 03 04:13:17 UTC 2019
36 ms. Memory: 208384K Free: 189272K (91%)
ptolemy.util.test.WatchDog.cancel(): canceling Fri May 03 04:13:17 UTC 2019
auto.tcl: Setting watchdog for 200 seconds at Fri May 03 04:13:17 UTC 2019
24 ms. Memory: 208384K Free: 187216K (90%)
ptolemy.util.test.WatchDog.cancel(): canceling Fri May 03 04:13:18 UTC 2019
------------------ testing $PTII/ptolemy/domains/de/test/auto/Iteration.xml
auto.tcl: Setting watchdog for 200 seconds at Fri May 03 04:13:18 UTC 2019
11 ms. Memory: 208384K Free: 196593K (94%)
ptolemy.util.test.WatchDog.cancel(): canceling Fri May 03 04:13:18 UTC 2019
auto.tcl: Setting watchdog for 200 seconds at Fri May 03 04:13:18 UTC 2019
8 ms. Memory: 208384K Free: 194018K (93%)
ptolemy.util.test.WatchDog.cancel(): canceling Fri May 03 04:13:18 UTC 2019
------------------ testing $PTII/ptolemy/domains/de/test/auto/LineFault.xml
auto.tcl: Setting watchdog for 200 seconds at Fri May 03 04:13:18 UTC 2019
767 ms. Memory: 208384K Free: 197319K (95%)
ptolemy.util.test.WatchDog.cancel(): canceling Fri May 03 04:13:19 UTC 2019
auto.tcl: Setting watchdog for 200 seconds at Fri May 03 04:13:19 UTC 2019
565 ms. Memory: 208384K Free: 139847K (67%)
ptolemy.util.test.WatchDog.cancel(): canceling Fri May 03 04:13:19 UTC 2019
------------------ testing $PTII/ptolemy/domains/de/test/auto/MergeModel1Add.xml
auto.tcl: Setting watchdog for 200 seconds at Fri May 03 04:13:19 UTC 2019
32 ms. Memory: 331264K Free: 303019K (91%)
ptolemy.util.test.WatchDog.cancel(): canceling Fri May 03 04:13:19 UTC 2019
auto.tcl: Setting watchdog for 200 seconds at Fri May 03 04:13:19 UTC 2019
14 ms. Memory: 331264K Free: 299130K (90%)
ptolemy.util.test.WatchDog.cancel(): canceling Fri May 03 04:13:19 UTC 2019
------------------ testing $PTII/ptolemy/domains/de/test/auto/MergeModel2Add.xml
auto.tcl: Setting watchdog for 200 seconds at Fri May 03 04:13:20 UTC 2019
9 ms. Memory: 331264K Free: 304358K (92%)
ptolemy.util.test.WatchDog.cancel(): canceling Fri May 03 04:13:20 UTC 2019
auto.tcl: Setting watchdog for 200 seconds at Fri May 03 04:13:20 UTC 2019
13 ms. Memory: 331264K Free: 304358K (92%)
ptolemy.util.test.WatchDog.cancel(): canceling Fri May 03 04:13:20 UTC 2019
------------------ testing $PTII/ptolemy/domains/de/test/auto/MergeModel3Add.xml
auto.tcl: Setting watchdog for 200 seconds at Fri May 03 04:13:20 UTC 2019
17 ms. Memory: 331264K Free: 304367K (92%)
ptolemy.util.test.WatchDog.cancel(): canceling Fri May 03 04:13:20 UTC 2019
auto.tcl: Setting watchdog for 200 seconds at Fri May 03 04:13:20 UTC 2019
10 ms. Memory: 331264K Free: 304367K (92%)
ptolemy.util.test.WatchDog.cancel(): canceling Fri May 03 04:13:20 UTC 2019
------------------ testing $PTII/ptolemy/domains/de/test/auto/MergeWithoutDiscard.xml
auto.tcl: Setting watchdog for 200 seconds at Fri May 03 04:13:20 UTC 2019
4 ms. Memory: 331264K Free: 320362K (97%)
ptolemy.util.test.WatchDog.cancel(): canceling Fri May 03 04:13:20 UTC 2019
auto.tcl: Setting watchdog for 200 seconds at Fri May 03 04:13:20 UTC 2019
2 ms. Memory: 331264K Free: 316472K (96%)
ptolemy.util.test.WatchDog.cancel(): canceling Fri May 03 04:13:20 UTC 2019
------------------ testing $PTII/ptolemy/domains/de/test/auto/Modal1.xml
auto.tcl: Setting watchdog for 200 seconds at Fri May 03 04:13:20 UTC 2019
13 ms. Memory: 331264K Free: 309599K (93%)
ptolemy.util.test.WatchDog.cancel(): canceling Fri May 03 04:13:20 UTC 2019
auto.tcl: Setting watchdog for 200 seconds at Fri May 03 04:13:20 UTC 2019
20 ms. Memory: 331264K Free: 305710K (92%)
ptolemy.util.test.WatchDog.cancel(): canceling Fri May 03 04:13:20 UTC 2019
------------------ testing $PTII/ptolemy/domains/de/test/auto/Modal2.xml
auto.tcl: Setting watchdog for 200 seconds at Fri May 03 04:13:20 UTC 2019
14 ms. Memory: 331264K Free: 309472K (93%)
ptolemy.util.test.WatchDog.cancel(): canceling Fri May 03 04:13:20 UTC 2019
auto.tcl: Setting watchdog for 200 seconds at Fri May 03 04:13:20 UTC 2019
19 ms. Memory: 331264K Free: 303125K (92%)
ptolemy.util.test.WatchDog.cancel(): canceling Fri May 03 04:13:20 UTC 2019
------------------ testing $PTII/ptolemy/domains/de/test/auto/Modal3.xml
auto.tcl: Setting watchdog for 200 seconds at Fri May 03 04:13:20 UTC 2019
11 ms. Memory: 331264K Free: 309471K (93%)
ptolemy.util.test.WatchDog.cancel(): canceling Fri May 03 04:13:20 UTC 2019
auto.tcl: Setting watchdog for 200 seconds at Fri May 03 04:13:20 UTC 2019
11 ms. Memory: 331264K Free: 305581K (92%)
ptolemy.util.test.WatchDog.cancel(): canceling Fri May 03 04:13:20 UTC 2019
------------------ testing $PTII/ptolemy/domains/de/test/auto/Modal4.xml
auto.tcl: Setting watchdog for 200 seconds at Fri May 03 04:13:20 UTC 2019
19 ms. Memory: 331264K Free: 309468K (93%)
ptolemy.util.test.WatchDog.cancel(): canceling Fri May 03 04:13:20 UTC 2019
auto.tcl: Setting watchdog for 200 seconds at Fri May 03 04:13:20 UTC 2019
21 ms. Memory: 331264K Free: 305578K (92%)
ptolemy.util.test.WatchDog.cancel(): canceling Fri May 03 04:13:20 UTC 2019
------------------ testing $PTII/ptolemy/domains/de/test/auto/Modal5.xml
auto.tcl: Setting watchdog for 200 seconds at Fri May 03 04:13:20 UTC 2019
19 ms. Memory: 331264K Free: 309456K (93%)
ptolemy.util.test.WatchDog.cancel(): canceling Fri May 03 04:13:20 UTC 2019
auto.tcl: Setting watchdog for 200 seconds at Fri May 03 04:13:20 UTC 2019
14 ms. Memory: 331264K Free: 305567K (92%)
ptolemy.util.test.WatchDog.cancel(): canceling Fri May 03 04:13:20 UTC 2019
------------------ testing $PTII/ptolemy/domains/de/test/auto/Modal6.xml
auto.tcl: Setting watchdog for 200 seconds at Fri May 03 04:13:21 UTC 2019
19 ms. Memory: 331264K Free: 309453K (93%)
ptolemy.util.test.WatchDog.cancel(): canceling Fri May 03 04:13:21 UTC 2019
auto.tcl: Setting watchdog for 200 seconds at Fri May 03 04:13:21 UTC 2019
20 ms. Memory: 331264K Free: 305563K (92%)
ptolemy.util.test.WatchDog.cancel(): canceling Fri May 03 04:13:21 UTC 2019
------------------ testing $PTII/ptolemy/domains/de/test/auto/Modal7.xml
auto.tcl: Setting watchdog for 200 seconds at Fri May 03 04:13:21 UTC 2019
22 ms. Memory: 331264K Free: 309419K (93%)
ptolemy.util.test.WatchDog.cancel(): canceling Fri May 03 04:13:21 UTC 2019
auto.tcl: Setting watchdog for 200 seconds at Fri May 03 04:13:21 UTC 2019
13 ms. Memory: 331264K Free: 305530K (92%)
ptolemy.util.test.WatchDog.cancel(): canceling Fri May 03 04:13:21 UTC 2019
------------------ testing $PTII/ptolemy/domains/de/test/auto/ModalModel.xml
auto.tcl: Setting watchdog for 200 seconds at Fri May 03 04:13:21 UTC 2019
230 ms. Memory: 331264K Free: 249918K (75%)
ptolemy.util.test.WatchDog.cancel(): canceling Fri May 03 04:13:21 UTC 2019
auto.tcl: Setting watchdog for 200 seconds at Fri May 03 04:13:21 UTC 2019
203 ms. Memory: 331264K Free: 191415K (58%)
ptolemy.util.test.WatchDog.cancel(): canceling Fri May 03 04:13:21 UTC 2019
------------------ testing $PTII/ptolemy/domains/de/test/auto/ModalSource.xml
auto.tcl: Setting watchdog for 200 seconds at Fri May 03 04:13:21 UTC 2019
14 ms. Memory: 331264K Free: 316207K (95%)
ptolemy.util.test.WatchDog.cancel(): canceling Fri May 03 04:13:21 UTC 2019
auto.tcl: Setting watchdog for 200 seconds at Fri May 03 04:13:21 UTC 2019
6 ms. Memory: 331264K Free: 312737K (94%)
ptolemy.util.test.WatchDog.cancel(): canceling Fri May 03 04:13:21 UTC 2019
------------------ testing $PTII/ptolemy/domains/de/test/auto/NonInterruptibleTimerZeroDelay.xml
auto.tcl: Setting watchdog for 200 seconds at Fri May 03 04:13:21 UTC 2019
5 ms. Memory: 331264K Free: 320614K (97%)
ptolemy.util.test.WatchDog.cancel(): canceling Fri May 03 04:13:21 UTC 2019
auto.tcl: Setting watchdog for 200 seconds at Fri May 03 04:13:21 UTC 2019
2 ms. Memory: 331264K Free: 317128K (96%)
ptolemy.util.test.WatchDog.cancel(): canceling Fri May 03 04:13:21 UTC 2019
------------------ testing $PTII/ptolemy/domains/de/test/auto/OpenQueueingNetwork.xml
auto.tcl: Setting watchdog for 200 seconds at Fri May 03 04:13:21 UTC 2019
3121 ms. Memory: 573952K Free: 389500K (68%)
ptolemy.util.test.WatchDog.cancel(): canceling Fri May 03 04:13:25 UTC 2019
auto.tcl: Setting watchdog for 200 seconds at Fri May 03 04:13:25 UTC 2019
2572 ms. Memory: 550912K Free: 267983K (49%)
ptolemy.util.test.WatchDog.cancel(): canceling Fri May 03 04:13:27 UTC 2019
------------------ testing $PTII/ptolemy/domains/de/test/auto/OpenQueuingNetwork.xml
auto.tcl: Setting watchdog for 200 seconds at Fri May 03 04:13:27 UTC 2019
239 ms. Memory: 549888K Free: 444575K (81%)
ptolemy.util.test.WatchDog.cancel(): canceling Fri May 03 04:13:28 UTC 2019
auto.tcl: Setting watchdog for 200 seconds at Fri May 03 04:13:28 UTC 2019
239 ms. Memory: 549888K Free: 385146K (70%)
ptolemy.util.test.WatchDog.cancel(): canceling Fri May 03 04:13:28 UTC 2019
------------------ testing $PTII/ptolemy/domains/de/test/auto/PeriodicSampler.xml
auto.tcl: Setting watchdog for 200 seconds at Fri May 03 04:13:28 UTC 2019
3 ms. Memory: 551936K Free: 534967K (97%)
ptolemy.util.test.WatchDog.cancel(): canceling Fri May 03 04:13:28 UTC 2019
auto.tcl: Setting watchdog for 200 seconds at Fri May 03 04:13:28 UTC 2019
2 ms. Memory: 551936K Free: 534967K (97%)
ptolemy.util.test.WatchDog.cancel(): canceling Fri May 03 04:13:28 UTC 2019
------------------ testing $PTII/ptolemy/domains/de/test/auto/PersistentIO.xml
auto.tcl: Setting watchdog for 200 seconds at Fri May 03 04:13:28 UTC 2019
5 ms. Memory: 549376K Free: 526756K (96%)
ptolemy.util.test.WatchDog.cancel(): canceling Fri May 03 04:13:28 UTC 2019
auto.tcl: Setting watchdog for 200 seconds at Fri May 03 04:13:28 UTC 2019
5 ms. Memory: 549376K Free: 526756K (96%)
ptolemy.util.test.WatchDog.cancel(): canceling Fri May 03 04:13:28 UTC 2019
------------------ testing $PTII/ptolemy/domains/de/test/auto/PortParameterResetOnInitialize.xml
auto.tcl: Setting watchdog for 200 seconds at Fri May 03 04:13:28 UTC 2019
5 ms. Memory: 551424K Free: 530589K (96%)
ptolemy.util.test.WatchDog.cancel(): canceling Fri May 03 04:13:28 UTC 2019
auto.tcl: Setting watchdog for 200 seconds at Fri May 03 04:13:28 UTC 2019
2 ms. Memory: 551424K Free: 530589K (96%)
ptolemy.util.test.WatchDog.cancel(): canceling Fri May 03 04:13:28 UTC 2019
------------------ testing $PTII/ptolemy/domains/de/test/auto/PortParameterUpdates.xml
auto.tcl: Setting watchdog for 200 seconds at Fri May 03 04:13:28 UTC 2019
6 ms. Memory: 549376K Free: 528321K (96%)
ptolemy.util.test.WatchDog.cancel(): canceling Fri May 03 04:13:28 UTC 2019
auto.tcl: Setting watchdog for 200 seconds at Fri May 03 04:13:28 UTC 2019
3 ms. Memory: 549376K Free: 528321K (96%)
ptolemy.util.test.WatchDog.cancel(): canceling Fri May 03 04:13:28 UTC 2019
------------------ testing $PTII/ptolemy/domains/de/test/auto/QueueAndServer.xml
auto.tcl: Setting watchdog for 200 seconds at Fri May 03 04:13:28 UTC 2019
16 ms. Memory: 551424K Free: 535013K (97%)
ptolemy.util.test.WatchDog.cancel(): canceling Fri May 03 04:13:28 UTC 2019
auto.tcl: Setting watchdog for 200 seconds at Fri May 03 04:13:28 UTC 2019
7 ms. Memory: 551424K Free: 528394K (96%)
ptolemy.util.test.WatchDog.cancel(): canceling Fri May 03 04:13:28 UTC 2019
------------------ testing $PTII/ptolemy/domains/de/test/auto/Records.xml
auto.tcl: Setting watchdog for 200 seconds at Fri May 03 04:13:28 UTC 2019
3 ms. Memory: 549376K Free: 532906K (97%)
ptolemy.util.test.WatchDog.cancel(): canceling Fri May 03 04:13:28 UTC 2019
auto.tcl: Setting watchdog for 200 seconds at Fri May 03 04:13:28 UTC 2019
2 ms. Memory: 549376K Free: 532906K (97%)
ptolemy.util.test.WatchDog.cancel(): canceling Fri May 03 04:13:28 UTC 2019
------------------ testing $PTII/ptolemy/domains/de/test/auto/ResetTransitionWithStartTime1.xml
auto.tcl: Setting watchdog for 200 seconds at Fri May 03 04:13:28 UTC 2019
12 ms. Memory: 551424K Free: 534979K (97%)
ptolemy.util.test.WatchDog.cancel(): canceling Fri May 03 04:13:29 UTC 2019
auto.tcl: Setting watchdog for 200 seconds at Fri May 03 04:13:29 UTC 2019
6 ms. Memory: 551424K Free: 528360K (96%)
ptolemy.util.test.WatchDog.cancel(): canceling Fri May 03 04:13:29 UTC 2019
------------------ testing $PTII/ptolemy/domains/de/test/auto/ResetTransitionWithStartTime2.xml
auto.tcl: Setting watchdog for 200 seconds at Fri May 03 04:13:29 UTC 2019
7 ms. Memory: 549376K Free: 533275K (97%)
ptolemy.util.test.WatchDog.cancel(): canceling Fri May 03 04:13:29 UTC 2019
auto.tcl: Setting watchdog for 200 seconds at Fri May 03 04:13:29 UTC 2019
6 ms. Memory: 549376K Free: 526664K (96%)
ptolemy.util.test.WatchDog.cancel(): canceling Fri May 03 04:13:29 UTC 2019
------------------ testing $PTII/ptolemy/domains/de/test/auto/ResetTransitionWithStartTime3.xml
auto.tcl: Setting watchdog for 200 seconds at Fri May 03 04:13:29 UTC 2019
7 ms. Memory: 550912K Free: 534319K (97%)
ptolemy.util.test.WatchDog.cancel(): canceling Fri May 03 04:13:29 UTC 2019
auto.tcl: Setting watchdog for 200 seconds at Fri May 03 04:13:29 UTC 2019
9 ms. Memory: 550912K Free: 527708K (96%)
ptolemy.util.test.WatchDog.cancel(): canceling Fri May 03 04:13:29 UTC 2019
------------------ testing $PTII/ptolemy/domains/de/test/auto/ResetTransitionWithStartTime4.xml
auto.tcl: Setting watchdog for 200 seconds at Fri May 03 04:13:29 UTC 2019
4 ms. Memory: 549376K Free: 532780K (97%)
ptolemy.util.test.WatchDog.cancel(): canceling Fri May 03 04:13:29 UTC 2019
auto.tcl: Setting watchdog for 200 seconds at Fri May 03 04:13:29 UTC 2019
3 ms. Memory: 549376K Free: 526161K (96%)
ptolemy.util.test.WatchDog.cancel(): canceling Fri May 03 04:13:29 UTC 2019
------------------ testing $PTII/ptolemy/domains/de/test/auto/ResettableTimer1.xml
auto.tcl: Setting watchdog for 200 seconds at Fri May 03 04:13:29 UTC 2019
4 ms. Memory: 550912K Free: 534311K (97%)
ptolemy.util.test.WatchDog.cancel(): canceling Fri May 03 04:13:29 UTC 2019
auto.tcl: Setting watchdog for 200 seconds at Fri May 03 04:13:29 UTC 2019
2 ms. Memory: 550912K Free: 534311K (97%)
ptolemy.util.test.WatchDog.cancel(): canceling Fri May 03 04:13:29 UTC 2019
------------------ testing $PTII/ptolemy/domains/de/test/auto/ResettableTimer2.xml
auto.tcl: Setting watchdog for 200 seconds at Fri May 03 04:13:29 UTC 2019
5 ms. Memory: 549376K Free: 533186K (97%)
ptolemy.util.test.WatchDog.cancel(): canceling Fri May 03 04:13:29 UTC 2019
auto.tcl: Setting watchdog for 200 seconds at Fri May 03 04:13:29 UTC 2019
2 ms. Memory: 549376K Free: 533186K (97%)
ptolemy.util.test.WatchDog.cancel(): canceling Fri May 03 04:13:29 UTC 2019
------------------ testing $PTII/ptolemy/domains/de/test/auto/ResettableTimer3.xml
auto.tcl: Setting watchdog for 200 seconds at Fri May 03 04:13:29 UTC 2019
1 ms. Memory: 550912K Free: 534369K (97%)
ptolemy.util.test.WatchDog.cancel(): canceling Fri May 03 04:13:29 UTC 2019
auto.tcl: Setting watchdog for 200 seconds at Fri May 03 04:13:29 UTC 2019
1 ms. Memory: 550912K Free: 534369K (97%)
ptolemy.util.test.WatchDog.cancel(): canceling Fri May 03 04:13:29 UTC 2019
------------------ testing $PTII/ptolemy/domains/de/test/auto/ResettableTimer4.xml
auto.tcl: Setting watchdog for 200 seconds at Fri May 03 04:13:29 UTC 2019
1 ms. Memory: 549376K Free: 533198K (97%)
ptolemy.util.test.WatchDog.cancel(): canceling Fri May 03 04:13:29 UTC 2019
auto.tcl: Setting watchdog for 200 seconds at Fri May 03 04:13:29 UTC 2019
1 ms. Memory: 549376K Free: 533198K (97%)
ptolemy.util.test.WatchDog.cancel(): canceling Fri May 03 04:13:29 UTC 2019
------------------ testing $PTII/ptolemy/domains/de/test/auto/ResettableTimer5.xml
auto.tcl: Setting watchdog for 200 seconds at Fri May 03 04:13:29 UTC 2019
1 ms. Memory: 550400K Free: 529188K (96%)
ptolemy.util.test.WatchDog.cancel(): canceling Fri May 03 04:13:29 UTC 2019
auto.tcl: Setting watchdog for 200 seconds at Fri May 03 04:13:29 UTC 2019
1 ms. Memory: 550400K Free: 529188K (96%)
ptolemy.util.test.WatchDog.cancel(): canceling Fri May 03 04:13:29 UTC 2019
------------------ testing $PTII/ptolemy/domains/de/test/auto/ResettableTimer6.xml
auto.tcl: Setting watchdog for 200 seconds at Fri May 03 04:13:29 UTC 2019
2 ms. Memory: 549376K Free: 532793K (97%)
ptolemy.util.test.WatchDog.cancel(): canceling Fri May 03 04:13:29 UTC 2019
auto.tcl: Setting watchdog for 200 seconds at Fri May 03 04:13:29 UTC 2019
2 ms. Memory: 549376K Free: 532793K (97%)
ptolemy.util.test.WatchDog.cancel(): canceling Fri May 03 04:13:29 UTC 2019
------------------ testing $PTII/ptolemy/domains/de/test/auto/ServerZeroDelay.xml
auto.tcl: Setting watchdog for 200 seconds at Fri May 03 04:13:29 UTC 2019
8 ms. Memory: 550400K Free: 534161K (97%)
ptolemy.util.test.WatchDog.cancel(): canceling Fri May 03 04:13:29 UTC 2019
auto.tcl: Setting watchdog for 200 seconds at Fri May 03 04:13:29 UTC 2019
2 ms. Memory: 550400K Free: 534161K (97%)
ptolemy.util.test.WatchDog.cancel(): canceling Fri May 03 04:13:29 UTC 2019
------------------ testing $PTII/ptolemy/domains/de/test/auto/SmartSender.xml
auto.tcl: Setting watchdog for 200 seconds at Fri May 03 04:13:29 UTC 2019
3001 ms. Memory: 549376K Free: 533131K (97%)
ptolemy.util.test.WatchDog.cancel(): canceling Fri May 03 04:13:32 UTC 2019
auto.tcl: Setting watchdog for 200 seconds at Fri May 03 04:13:32 UTC 2019
3002 ms. Memory: 549376K Free: 533131K (97%)
ptolemy.util.test.WatchDog.cancel(): canceling Fri May 03 04:13:35 UTC 2019
------------------ testing $PTII/ptolemy/domains/de/test/auto/ThreadedComposite.xml
auto.tcl: Setting watchdog for 200 seconds at Fri May 03 04:13:35 UTC 2019
248 ms. Memory: 550400K Free: 513174K (93%)
ptolemy.util.test.WatchDog.cancel(): canceling Fri May 03 04:13:36 UTC 2019
auto.tcl: Setting watchdog for 200 seconds at Fri May 03 04:13:36 UTC 2019
233 ms. Memory: 550400K Free: 492516K (89%)
ptolemy.util.test.WatchDog.cancel(): canceling Fri May 03 04:13:36 UTC 2019
------------------ testing $PTII/ptolemy/domains/de/test/auto/Time.xml
auto.tcl: Setting watchdog for 200 seconds at Fri May 03 04:13:36 UTC 2019
488 ms. Memory: 549376K Free: 481028K (88%)
ptolemy.util.test.WatchDog.cancel(): canceling Fri May 03 04:13:36 UTC 2019
auto.tcl: Setting watchdog for 200 seconds at Fri May 03 04:13:36 UTC 2019
476 ms. Memory: 549376K Free: 428202K (78%)
ptolemy.util.test.WatchDog.cancel(): canceling Fri May 03 04:13:37 UTC 2019
------------------ testing $PTII/ptolemy/domains/de/test/auto/TimeDelayZeroDelay.xml
auto.tcl: Setting watchdog for 200 seconds at Fri May 03 04:13:37 UTC 2019
2 ms. Memory: 550400K Free: 533726K (97%)
ptolemy.util.test.WatchDog.cancel(): canceling Fri May 03 04:13:37 UTC 2019
auto.tcl: Setting watchdog for 200 seconds at Fri May 03 04:13:37 UTC 2019
2 ms. Memory: 550400K Free: 533726K (97%)
ptolemy.util.test.WatchDog.cancel(): canceling Fri May 03 04:13:37 UTC 2019
------------------ testing $PTII/ptolemy/domains/de/test/auto/TimerZeroDelay.xml
auto.tcl: Setting watchdog for 200 seconds at Fri May 03 04:13:37 UTC 2019
3 ms. Memory: 549376K Free: 533099K (97%)
ptolemy.util.test.WatchDog.cancel(): canceling Fri May 03 04:13:37 UTC 2019
auto.tcl: Setting watchdog for 200 seconds at Fri May 03 04:13:37 UTC 2019
2 ms. Memory: 549376K Free: 533099K (97%)
ptolemy.util.test.WatchDog.cancel(): canceling Fri May 03 04:13:37 UTC 2019
------------------ testing $PTII/ptolemy/domains/de/test/auto/TimingParadox.xml
auto.tcl: Setting watchdog for 200 seconds at Fri May 03 04:13:37 UTC 2019
366 ms. Memory: 549888K Free: 467451K (85%)
ptolemy.util.test.WatchDog.cancel(): canceling Fri May 03 04:13:38 UTC 2019
auto.tcl: Setting watchdog for 200 seconds at Fri May 03 04:13:38 UTC 2019
357 ms. Memory: 549888K Free: 434436K (79%)
ptolemy.util.test.WatchDog.cancel(): canceling Fri May 03 04:13:38 UTC 2019
------------------ testing $PTII/ptolemy/domains/de/test/auto/TransferInputs.xml
auto.tcl: Setting watchdog for 200 seconds at Fri May 03 04:13:38 UTC 2019
2 ms. Memory: 549888K Free: 532573K (97%)
ptolemy.util.test.WatchDog.cancel(): canceling Fri May 03 04:13:38 UTC 2019
auto.tcl: Setting watchdog for 200 seconds at Fri May 03 04:13:38 UTC 2019
2 ms. Memory: 549888K Free: 532573K (97%)
ptolemy.util.test.WatchDog.cancel(): canceling Fri May 03 04:13:38 UTC 2019
------------------ testing $PTII/ptolemy/domains/de/test/auto/TransferOutputs2.xml
auto.tcl: Setting watchdog for 200 seconds at Fri May 03 04:13:38 UTC 2019
3 ms. Memory: 549376K Free: 526543K (96%)
ptolemy.util.test.WatchDog.cancel(): canceling Fri May 03 04:13:38 UTC 2019
auto.tcl: Setting watchdog for 200 seconds at Fri May 03 04:13:38 UTC 2019
2 ms. Memory: 549376K Free: 526543K (96%)
ptolemy.util.test.WatchDog.cancel(): canceling Fri May 03 04:13:38 UTC 2019
------------------ testing $PTII/ptolemy/domains/de/test/auto/Trilateration.xml
auto.tcl: Setting watchdog for 200 seconds at Fri May 03 04:13:38 UTC 2019
14025 ms. Memory: 453632K Free: 144867K (32%)
ptolemy.util.test.WatchDog.cancel(): canceling Fri May 03 04:13:53 UTC 2019
auto.tcl: Setting watchdog for 200 seconds at Fri May 03 04:13:53 UTC 2019
10847 ms. Memory: 331264K Free: 250170K (76%)
ptolemy.util.test.WatchDog.cancel(): canceling Fri May 03 04:14:04 UTC 2019
------------------ testing $PTII/ptolemy/domains/de/test/auto/TwoSigmaDelta.xml
auto.tcl: Setting watchdog for 200 seconds at Fri May 03 04:14:04 UTC 2019
2682 ms. Memory: 320000K Free: 266424K (83%)
ptolemy.util.test.WatchDog.cancel(): canceling Fri May 03 04:14:07 UTC 2019
auto.tcl: Setting watchdog for 200 seconds at Fri May 03 04:14:07 UTC 2019
1901 ms. Memory: 307712K Free: 260300K (85%)
ptolemy.util.test.WatchDog.cancel(): canceling Fri May 03 04:14:09 UTC 2019
------------------ testing $PTII/ptolemy/domains/de/test/auto/VariableDelay.xml
auto.tcl: Setting watchdog for 200 seconds at Fri May 03 04:14:09 UTC 2019
2 ms. Memory: 309760K Free: 293126K (95%)
ptolemy.util.test.WatchDog.cancel(): canceling Fri May 03 04:14:09 UTC 2019
auto.tcl: Setting watchdog for 200 seconds at Fri May 03 04:14:09 UTC 2019
2 ms. Memory: 309760K Free: 293126K (95%)
ptolemy.util.test.WatchDog.cancel(): canceling Fri May 03 04:14:09 UTC 2019
------------------ testing $PTII/ptolemy/domains/de/test/auto/VariableDelay2.xml
auto.tcl: Setting watchdog for 200 seconds at Fri May 03 04:14:09 UTC 2019
12 ms. Memory: 307712K Free: 293760K (95%)
ptolemy.util.test.WatchDog.cancel(): canceling Fri May 03 04:14:09 UTC 2019
auto.tcl: Setting watchdog for 200 seconds at Fri May 03 04:14:09 UTC 2019
2 ms. Memory: 307712K Free: 293760K (95%)
ptolemy.util.test.WatchDog.cancel(): canceling Fri May 03 04:14:09 UTC 2019
------------------ testing $PTII/ptolemy/domains/de/test/auto/VariableDelayZeroDelay.xml
auto.tcl: Setting watchdog for 200 seconds at Fri May 03 04:14:09 UTC 2019
3 ms. Memory: 309248K Free: 296346K (96%)
ptolemy.util.test.WatchDog.cancel(): canceling Fri May 03 04:14:09 UTC 2019
auto.tcl: Setting watchdog for 200 seconds at Fri May 03 04:14:09 UTC 2019
2 ms. Memory: 309248K Free: 293017K (95%)
ptolemy.util.test.WatchDog.cancel(): canceling Fri May 03 04:14:09 UTC 2019
------------------ testing $PTII/ptolemy/domains/de/test/auto/VariableDelayZeroDelay2.xml
auto.tcl: Setting watchdog for 200 seconds at Fri May 03 04:14:09 UTC 2019
1 ms. Memory: 307712K Free: 294808K (96%)
ptolemy.util.test.WatchDog.cancel(): canceling Fri May 03 04:14:09 UTC 2019
auto.tcl: Setting watchdog for 200 seconds at Fri May 03 04:14:09 UTC 2019
2 ms. Memory: 307712K Free: 291479K (95%)
ptolemy.util.test.WatchDog.cancel(): canceling Fri May 03 04:14:09 UTC 2019
------------------ testing $PTII/ptolemy/domains/de/test/auto/deInCt.xml
auto.tcl: Setting watchdog for 200 seconds at Fri May 03 04:14:09 UTC 2019
0
1
1
1
1
0
0
0
1
1
0
0
0
0
0
0
0
0
0
1
1
1
1
10 ms. Memory: 309248K Free: 293012K (95%)
ptolemy.util.test.WatchDog.cancel(): canceling Fri May 03 04:14:09 UTC 2019
auto.tcl: Setting watchdog for 200 seconds at Fri May 03 04:14:09 UTC 2019
0
1
1
1
1
0
0
0
0
1
1
1
1
0
0
0
1
1
1
0
0
0
1
1
1
1
0
0
0
0
0
5 ms. Memory: 309248K Free: 293012K (95%)
ptolemy.util.test.WatchDog.cancel(): canceling Fri May 03 04:14:09 UTC 2019
------------------ testing $PTII/ptolemy/domains/de/test/auto/deInCt2.xml
auto.tcl: Setting watchdog for 200 seconds at Fri May 03 04:14:09 UTC 2019
0
1
1
1
0
0
1
1
1
0
0
1
1
1
0
0
1
1
1
0
0
1
1
1
0
0
1
1
1
0
0
1
1
1
0
0
1
1
1
0
0
0
6 ms. Memory: 307712K Free: 291478K (95%)
ptolemy.util.test.WatchDog.cancel(): canceling Fri May 03 04:14:09 UTC 2019
auto.tcl: Setting watchdog for 200 seconds at Fri May 03 04:14:09 UTC 2019
0
1
1
1
0
0
1
1
1
0
0
1
1
1
0
0
1
1
1
0
0
1
1
1
0
0
1
1
1
0
0
1
1
1
0
0
1
1
1
0
0
0
9 ms. Memory: 307712K Free: 291478K (95%)
ptolemy.util.test.WatchDog.cancel(): canceling Fri May 03 04:14:09 UTC 2019
------------------ testing $PTII/ptolemy/domains/de/test/auto/dynamicCausalityInterface1.xml
auto.tcl: Setting watchdog for 200 seconds at Fri May 03 04:14:09 UTC 2019
2 ms. Memory: 308736K Free: 289188K (94%)
ptolemy.util.test.WatchDog.cancel(): canceling Fri May 03 04:14:09 UTC 2019
auto.tcl: Setting watchdog for 200 seconds at Fri May 03 04:14:09 UTC 2019
1 ms. Memory: 308736K Free: 289188K (94%)
ptolemy.util.test.WatchDog.cancel(): canceling Fri May 03 04:14:09 UTC 2019
------------------ testing $PTII/ptolemy/domains/de/test/auto/fsm_de_test.xml
auto.tcl: Setting watchdog for 200 seconds at Fri May 03 04:14:09 UTC 2019
13 ms. Memory: 307712K Free: 288059K (94%)
ptolemy.util.test.WatchDog.cancel(): canceling Fri May 03 04:14:09 UTC 2019
auto.tcl: Setting watchdog for 200 seconds at Fri May 03 04:14:09 UTC 2019
5 ms. Memory: 307712K Free: 288059K (94%)
ptolemy.util.test.WatchDog.cancel(): canceling Fri May 03 04:14:09 UTC 2019
------------------ testing $PTII/ptolemy/domains/de/test/auto/functionDependencyReconstruction.xml
auto.tcl: Setting watchdog for 200 seconds at Fri May 03 04:14:09 UTC 2019
2 ms. Memory: 308736K Free: 282422K (91%)
ptolemy.util.test.WatchDog.cancel(): canceling Fri May 03 04:14:09 UTC 2019
auto.tcl: Setting watchdog for 200 seconds at Fri May 03 04:14:09 UTC 2019
3 ms. Memory: 308736K Free: 282422K (91%)
ptolemy.util.test.WatchDog.cancel(): canceling Fri May 03 04:14:09 UTC 2019
------------------ testing $PTII/ptolemy/domains/de/test/auto/multirate.xml
auto.tcl: Setting watchdog for 200 seconds at Fri May 03 04:14:09 UTC 2019
4 ms. Memory: 307712K Free: 291239K (95%)
ptolemy.util.test.WatchDog.cancel(): canceling Fri May 03 04:14:09 UTC 2019
auto.tcl: Setting watchdog for 200 seconds at Fri May 03 04:14:09 UTC 2019
3 ms. Memory: 307712K Free: 287909K (94%)
ptolemy.util.test.WatchDog.cancel(): canceling Fri May 03 04:14:09 UTC 2019
------------------ testing $PTII/ptolemy/domains/de/test/auto/multirate2.xml
auto.tcl: Setting watchdog for 200 seconds at Fri May 03 04:14:09 UTC 2019
5 ms. Memory: 308736K Free: 292431K (95%)
ptolemy.util.test.WatchDog.cancel(): canceling Fri May 03 04:14:10 UTC 2019
auto.tcl: Setting watchdog for 200 seconds at Fri May 03 04:14:10 UTC 2019
3 ms. Memory: 308736K Free: 289117K (94%)
ptolemy.util.test.WatchDog.cancel(): canceling Fri May 03 04:14:10 UTC 2019
------------------ testing $PTII/ptolemy/domains/de/test/auto/realtime.xml
auto.tcl: Setting watchdog for 200 seconds at Fri May 03 04:14:10 UTC 2019
10003 ms. Memory: 307712K Free: 291404K (95%)
ptolemy.util.test.WatchDog.cancel(): canceling Fri May 03 04:14:20 UTC 2019
auto.tcl: Setting watchdog for 200 seconds at Fri May 03 04:14:20 UTC 2019
10002 ms. Memory: 307712K Free: 291404K (95%)
ptolemy.util.test.WatchDog.cancel(): canceling Fri May 03 04:14:30 UTC 2019
------------------ testing $PTII/ptolemy/domains/de/test/auto/relationGroup.xml
auto.tcl: Setting watchdog for 200 seconds at Fri May 03 04:14:30 UTC 2019
2 ms. Memory: 308224K Free: 297547K (97%)
ptolemy.util.test.WatchDog.cancel(): canceling Fri May 03 04:14:30 UTC 2019
auto.tcl: Setting watchdog for 200 seconds at Fri May 03 04:14:30 UTC 2019
2 ms. Memory: 308224K Free: 297547K (97%)
ptolemy.util.test.WatchDog.cancel(): canceling Fri May 03 04:14:30 UTC 2019
------------------ testing $PTII/ptolemy/domains/de/test/auto/relationGroup2.xml
auto.tcl: Setting watchdog for 200 seconds at Fri May 03 04:14:30 UTC 2019
6 ms. Memory: 307712K Free: 294799K (96%)
ptolemy.util.test.WatchDog.cancel(): canceling Fri May 03 04:14:30 UTC 2019
auto.tcl: Setting watchdog for 200 seconds at Fri May 03 04:14:30 UTC 2019
1 ms. Memory: 307712K Free: 294799K (96%)
ptolemy.util.test.WatchDog.cancel(): canceling Fri May 03 04:14:30 UTC 2019
------------------ testing $PTII/ptolemy/domains/de/test/auto/sortWithOpaquePorts.xml
auto.tcl: Setting watchdog for 200 seconds at Fri May 03 04:14:30 UTC 2019
1 ms. Memory: 308224K Free: 291981K (95%)
ptolemy.util.test.WatchDog.cancel(): canceling Fri May 03 04:14:30 UTC 2019
auto.tcl: Setting watchdog for 200 seconds at Fri May 03 04:14:30 UTC 2019
2 ms. Memory: 308224K Free: 291981K (95%)
ptolemy.util.test.WatchDog.cancel(): canceling Fri May 03 04:14:30 UTC 2019
------------------ testing $PTII/ptolemy/domains/de/test/auto/transferInputsandOutputs.xml
auto.tcl: Setting watchdog for 200 seconds at Fri May 03 04:14:30 UTC 2019
2 ms. Memory: 307712K Free: 291457K (95%)
ptolemy.util.test.WatchDog.cancel(): canceling Fri May 03 04:14:30 UTC 2019
auto.tcl: Setting watchdog for 200 seconds at Fri May 03 04:14:30 UTC 2019
3 ms. Memory: 307712K Free: 288143K (94%)
ptolemy.util.test.WatchDog.cancel(): canceling Fri May 03 04:14:30 UTC 2019
------------------ testing $PTII/ptolemy/domains/de/test/auto/triggerType.xml
auto.tcl: Setting watchdog for 200 seconds at Fri May 03 04:14:30 UTC 2019
1 ms. Memory: 308224K Free: 295249K (96%)
ptolemy.util.test.WatchDog.cancel(): canceling Fri May 03 04:14:30 UTC 2019
auto.tcl: Setting watchdog for 200 seconds at Fri May 03 04:14:30 UTC 2019
2 ms. Memory: 308224K Free: 291919K (95%)
ptolemy.util.test.WatchDog.cancel(): canceling Fri May 03 04:14:30 UTC 2019
05/03/19 04:14:30
Failed: 0  Total Tests: 192  ((Passed: 187, Newly Passed: 1)  Known Failed: 5) /home/travis/build/icyphy/ptII/ptolemy/domains/de/test
05/03/19 04:14:30
Failed: 0  Total Tests: 192  ((Passed: 187, Newly Passed: 1)  Known Failed: 5) /home/travis/build/icyphy/ptII/ptolemy/domains/de/test
----------------- testing (KnownFailure) /home/travis/build/icyphy/ptII/ptolemy/domains/de/test/auto/knownFailedTests/DESDFClockTest.xml
2019 ms. Memory: 307712K Free: 285724K (93%)
Known Failure: java.lang.reflect.InvocationTargetException
----------------- testing (KnownFailure) /home/travis/build/icyphy/ptII/ptolemy/domains/de/test/auto/knownFailedTests/DirectFeedback.xml
2 ms. Memory: 307712K Free: 267620K (87%)
Known Failure: java.lang.reflect.InvocationTargetException
----------------- testing (KnownFailure) /home/travis/build/icyphy/ptII/ptolemy/domains/de/test/auto/knownFailedTests/FSMSource.xml
6 ms. Memory: 307712K Free: 244981K (80%)
----------------- testing (KnownFailure) /home/travis/build/icyphy/ptII/ptolemy/domains/de/test/auto/knownFailedTests/HierarchicalModel.xml
3 ms. Memory: 307712K Free: 222327K (72%)
Known Failure: java.lang.reflect.InvocationTargetException
----------------- testing (KnownFailure) /home/travis/build/icyphy/ptII/ptolemy/domains/de/test/auto/knownFailedTests/dependencyLoop.xml
3 ms. Memory: 307712K Free: 190612K (62%)
Known Failure: java.lang.reflect.InvocationTargetException
----------------- testing (KnownFailure) /home/travis/build/icyphy/ptII/ptolemy/domains/de/test/auto/knownFailedTests/dependencyLoop2.xml
3 ms. Memory: 307712K Free: 158912K (52%)
Known Failure: java.lang.reflect.InvocationTargetException
No auto/linux-amd64/*.xml tests in /home/travis/build/icyphy/ptII/ptolemy/domains/de/test
AutoTests.java: About to close Vertx.
AutoTests.java: Vertx closed.

===========================================================================================
----------------- testing Fri May 03 04:14:32 UTC 2019 /home/travis/build/icyphy/ptII/ptolemy/domains/de/test/auto/ActorDepthCalculation_actorWithoutPorts.xml
----------------- Instantiating /home/travis/build/icyphy/ptII/ptolemy/domains/de/test/auto/ActorDepthCalculation_actorWithoutPorts.xml
2 ms. Memory: 307712K Free: 136282K (44%)
----------------- Invoking toplevel() on ptolemy.moml.MoMLSimpleApplication@2954f4d6
----------------- Done invoking toplevel() on ptolemy.moml.MoMLSimpleApplication@2954f4d6
reloadAllAccessors: .ActorDepthCalculation_actorWithoutPorts

===========================================================================================
----------------- testing Fri May 03 04:14:32 UTC 2019 /home/travis/build/icyphy/ptII/ptolemy/domains/de/test/auto/AssemblyLine.xml
----------------- Instantiating /home/travis/build/icyphy/ptII/ptolemy/domains/de/test/auto/AssemblyLine.xml
2 ms. Memory: 307712K Free: 122695K (40%)
----------------- Invoking toplevel() on ptolemy.moml.MoMLSimpleApplication@755ba935
----------------- Done invoking toplevel() on ptolemy.moml.MoMLSimpleApplication@755ba935
reloadAllAccessors: .AssemblyLine

===========================================================================================
----------------- testing Fri May 03 04:14:32 UTC 2019 /home/travis/build/icyphy/ptII/ptolemy/domains/de/test/auto/CQBug1.xml
----------------- Instantiating /home/travis/build/icyphy/ptII/ptolemy/domains/de/test/auto/CQBug1.xml
1 ms. Memory: 307712K Free: 113643K (37%)
----------------- Invoking toplevel() on ptolemy.moml.MoMLSimpleApplication@4db3075b
----------------- Done invoking toplevel() on ptolemy.moml.MoMLSimpleApplication@4db3075b
reloadAllAccessors: .CQBug1

===========================================================================================
----------------- testing Fri May 03 04:14:32 UTC 2019 /home/travis/build/icyphy/ptII/ptolemy/domains/de/test/auto/CancelFireAt.xml
----------------- Instantiating /home/travis/build/icyphy/ptII/ptolemy/domains/de/test/auto/CancelFireAt.xml
2 ms. Memory: 307712K Free: 104591K (34%)
----------------- Invoking toplevel() on ptolemy.moml.MoMLSimpleApplication@8130f0e
----------------- Done invoking toplevel() on ptolemy.moml.MoMLSimpleApplication@8130f0e
reloadAllAccessors: .CancelFireAt

===========================================================================================
----------------- testing Fri May 03 04:14:32 UTC 2019 /home/travis/build/icyphy/ptII/ptolemy/domains/de/test/auto/CausalityAndComposabilityAnalysis.xml
----------------- Instantiating /home/travis/build/icyphy/ptII/ptolemy/domains/de/test/auto/CausalityAndComposabilityAnalysis.xml
2 ms. Memory: 307712K Free: 95539K (31%)
----------------- Invoking toplevel() on ptolemy.moml.MoMLSimpleApplication@2ca9ed0a
----------------- Done invoking toplevel() on ptolemy.moml.MoMLSimpleApplication@2ca9ed0a
reloadAllAccessors: .CausalityAndComposabilityAnalysis

===========================================================================================
----------------- testing Fri May 03 04:14:32 UTC 2019 /home/travis/build/icyphy/ptII/ptolemy/domains/de/test/auto/CausalityInterface1.xml
----------------- Instantiating /home/travis/build/icyphy/ptII/ptolemy/domains/de/test/auto/CausalityInterface1.xml
6 ms. Memory: 307712K Free: 83173K (27%)
----------------- Invoking toplevel() on ptolemy.moml.MoMLSimpleApplication@5dda638a
----------------- Done invoking toplevel() on ptolemy.moml.MoMLSimpleApplication@5dda638a
reloadAllAccessors: .CausalityInterface1

===========================================================================================
----------------- testing Fri May 03 04:14:32 UTC 2019 /home/travis/build/icyphy/ptII/ptolemy/domains/de/test/auto/CausalityInterface15.xml
----------------- Instantiating /home/travis/build/icyphy/ptII/ptolemy/domains/de/test/auto/CausalityInterface15.xml
5 ms. Memory: 298496K Free: 288721K (97%)
----------------- Invoking toplevel() on ptolemy.moml.MoMLSimpleApplication@6b196f0c
----------------- Done invoking toplevel() on ptolemy.moml.MoMLSimpleApplication@6b196f0c
reloadAllAccessors: .CausalityInterface15

===========================================================================================
----------------- testing Fri May 03 04:14:32 UTC 2019 /home/travis/build/icyphy/ptII/ptolemy/domains/de/test/auto/CausalityInterface2.xml
----------------- Instantiating /home/travis/build/icyphy/ptII/ptolemy/domains/de/test/auto/CausalityInterface2.xml
1 ms. Memory: 298496K Free: 277915K (93%)
----------------- Invoking toplevel() on ptolemy.moml.MoMLSimpleApplication@37d91074
----------------- Done invoking toplevel() on ptolemy.moml.MoMLSimpleApplication@37d91074
reloadAllAccessors: .CausalityInterface2

===========================================================================================
----------------- testing Fri May 03 04:14:32 UTC 2019 /home/travis/build/icyphy/ptII/ptolemy/domains/de/test/auto/CausalityInterface3.xml
----------------- Instantiating /home/travis/build/icyphy/ptII/ptolemy/domains/de/test/auto/CausalityInterface3.xml
1 ms. Memory: 298496K Free: 271418K (91%)
----------------- Invoking toplevel() on ptolemy.moml.MoMLSimpleApplication@76f76610
----------------- Done invoking toplevel() on ptolemy.moml.MoMLSimpleApplication@76f76610
reloadAllAccessors: .CausalityInterface3

===========================================================================================
----------------- testing Fri May 03 04:14:32 UTC 2019 /home/travis/build/icyphy/ptII/ptolemy/domains/de/test/auto/ClockDrift.xml
----------------- Instantiating /home/travis/build/icyphy/ptII/ptolemy/domains/de/test/auto/ClockDrift.xml
12 ms. Memory: 298496K Free: 256225K (86%)
----------------- Invoking toplevel() on ptolemy.moml.MoMLSimpleApplication@4ad64646
----------------- Done invoking toplevel() on ptolemy.moml.MoMLSimpleApplication@4ad64646
reloadAllAccessors: .ClockDrift

===========================================================================================
----------------- testing Fri May 03 04:14:32 UTC 2019 /home/travis/build/icyphy/ptII/ptolemy/domains/de/test/auto/ClockDriftAndValueChange.xml
----------------- Instantiating /home/travis/build/icyphy/ptII/ptolemy/domains/de/test/auto/ClockDriftAndValueChange.xml
11 ms. Memory: 298496K Free: 241041K (81%)
----------------- Invoking toplevel() on ptolemy.moml.MoMLSimpleApplication@1506793d
----------------- Done invoking toplevel() on ptolemy.moml.MoMLSimpleApplication@1506793d
reloadAllAccessors: .ClockDriftAndValueChange

===========================================================================================
----------------- testing Fri May 03 04:14:32 UTC 2019 /home/travis/build/icyphy/ptII/ptolemy/domains/de/test/auto/ClockDriftChange.xml
----------------- Instantiating /home/travis/build/icyphy/ptII/ptolemy/domains/de/test/auto/ClockDriftChange.xml
10 ms. Memory: 298496K Free: 225930K (76%)
----------------- Invoking toplevel() on ptolemy.moml.MoMLSimpleApplication@a96ae6c
----------------- Done invoking toplevel() on ptolemy.moml.MoMLSimpleApplication@a96ae6c
reloadAllAccessors: .ClockDriftChange

===========================================================================================
----------------- testing Fri May 03 04:14:32 UTC 2019 /home/travis/build/icyphy/ptII/ptolemy/domains/de/test/auto/ComposableCausalityAnalysis.xml
----------------- Instantiating /home/travis/build/icyphy/ptII/ptolemy/domains/de/test/auto/ComposableCausalityAnalysis.xml
1 ms. Memory: 298496K Free: 217243K (73%)
----------------- Invoking toplevel() on ptolemy.moml.MoMLSimpleApplication@502e1017
----------------- Done invoking toplevel() on ptolemy.moml.MoMLSimpleApplication@502e1017
reloadAllAccessors: .ComposableCausalityAnalysis

===========================================================================================
----------------- testing Fri May 03 04:14:32 UTC 2019 /home/travis/build/icyphy/ptII/ptolemy/domains/de/test/auto/DEFixedPointLimitation.xml
----------------- Instantiating /home/travis/build/icyphy/ptII/ptolemy/domains/de/test/auto/DEFixedPointLimitation.xml
1 ms. Memory: 298496K Free: 210730K (71%)
----------------- Invoking toplevel() on ptolemy.moml.MoMLSimpleApplication@291652e3
----------------- Done invoking toplevel() on ptolemy.moml.MoMLSimpleApplication@291652e3
reloadAllAccessors: .DEFixedPointLimitation

===========================================================================================
----------------- testing Fri May 03 04:14:32 UTC 2019 /home/travis/build/icyphy/ptII/ptolemy/domains/de/test/auto/DEScheduleTest.xml
----------------- Instantiating /home/travis/build/icyphy/ptII/ptolemy/domains/de/test/auto/DEScheduleTest.xml
2 ms. Memory: 298496K Free: 204216K (68%)
----------------- Invoking toplevel() on ptolemy.moml.MoMLSimpleApplication@282295ab
----------------- Done invoking toplevel() on ptolemy.moml.MoMLSimpleApplication@282295ab
reloadAllAccessors: .DEScheduleTest

===========================================================================================
----------------- testing Fri May 03 04:14:32 UTC 2019 /home/travis/build/icyphy/ptII/ptolemy/domains/de/test/auto/DEinDEwithStartTimes.xml
----------------- Instantiating /home/travis/build/icyphy/ptII/ptolemy/domains/de/test/auto/DEinDEwithStartTimes.xml
1 ms. Memory: 298496K Free: 195529K (66%)
----------------- Invoking toplevel() on ptolemy.moml.MoMLSimpleApplication@558f3bb0
----------------- Done invoking toplevel() on ptolemy.moml.MoMLSimpleApplication@558f3bb0
reloadAllAccessors: .DEinDEwithStartTimes

===========================================================================================
----------------- testing Fri May 03 04:14:32 UTC 2019 /home/travis/build/icyphy/ptII/ptolemy/domains/de/test/auto/DEinDEwithStartTimes2.xml
----------------- Instantiating /home/travis/build/icyphy/ptII/ptolemy/domains/de/test/auto/DEinDEwithStartTimes2.xml
3 ms. Memory: 298496K Free: 184750K (62%)
----------------- Invoking toplevel() on ptolemy.moml.MoMLSimpleApplication@23ff0447
----------------- Done invoking toplevel() on ptolemy.moml.MoMLSimpleApplication@23ff0447
reloadAllAccessors: .DEinDEwithStartTimes2

===========================================================================================
----------------- testing Fri May 03 04:14:33 UTC 2019 /home/travis/build/icyphy/ptII/ptolemy/domains/de/test/auto/DateDemo.xml
----------------- Instantiating /home/travis/build/icyphy/ptII/ptolemy/domains/de/test/auto/DateDemo.xml
5 ms. Memory: 298496K Free: 171716K (58%)
----------------- Invoking toplevel() on ptolemy.moml.MoMLSimpleApplication@47b77caa
----------------- Done invoking toplevel() on ptolemy.moml.MoMLSimpleApplication@47b77caa
reloadAllAccessors: .DateDemo

===========================================================================================
----------------- testing Fri May 03 04:14:33 UTC 2019 /home/travis/build/icyphy/ptII/ptolemy/domains/de/test/auto/DateToEvent.xml
----------------- Instantiating /home/travis/build/icyphy/ptII/ptolemy/domains/de/test/auto/DateToEvent.xml
2005 ms. Memory: 298496K Free: 152176K (51%)
----------------- Invoking toplevel() on ptolemy.moml.MoMLSimpleApplication@cd80514
----------------- Done invoking toplevel() on ptolemy.moml.MoMLSimpleApplication@cd80514
reloadAllAccessors: .DateToEvent

===========================================================================================
----------------- testing Fri May 03 04:14:35 UTC 2019 /home/travis/build/icyphy/ptII/ptolemy/domains/de/test/auto/DepthTest1.xml
----------------- Instantiating /home/travis/build/icyphy/ptII/ptolemy/domains/de/test/auto/DepthTest1.xml
1 ms. Memory: 298496K Free: 147844K (50%)
----------------- Invoking toplevel() on ptolemy.moml.MoMLSimpleApplication@393b20ce
----------------- Done invoking toplevel() on ptolemy.moml.MoMLSimpleApplication@393b20ce
reloadAllAccessors: .DepthTest1

===========================================================================================
----------------- testing Fri May 03 04:14:35 UTC 2019 /home/travis/build/icyphy/ptII/ptolemy/domains/de/test/auto/DepthTest2.xml
----------------- Instantiating /home/travis/build/icyphy/ptII/ptolemy/domains/de/test/auto/DepthTest2.xml
1 ms. Memory: 298496K Free: 137081K (46%)
----------------- Invoking toplevel() on ptolemy.moml.MoMLSimpleApplication@27ae98fb
----------------- Done invoking toplevel() on ptolemy.moml.MoMLSimpleApplication@27ae98fb
reloadAllAccessors: .DepthTest2

===========================================================================================
----------------- testing Fri May 03 04:14:35 UTC 2019 /home/travis/build/icyphy/ptII/ptolemy/domains/de/test/auto/DepthTest3.xml
----------------- Instantiating /home/travis/build/icyphy/ptII/ptolemy/domains/de/test/auto/DepthTest3.xml
1 ms. Memory: 298496K Free: 130568K (44%)
----------------- Invoking toplevel() on ptolemy.moml.MoMLSimpleApplication@ccae22a
----------------- Done invoking toplevel() on ptolemy.moml.MoMLSimpleApplication@ccae22a
reloadAllAccessors: .DepthTest3

===========================================================================================
----------------- testing Fri May 03 04:14:35 UTC 2019 /home/travis/build/icyphy/ptII/ptolemy/domains/de/test/auto/DepthTest4.xml
----------------- Instantiating /home/travis/build/icyphy/ptII/ptolemy/domains/de/test/auto/DepthTest4.xml
2 ms. Memory: 298496K Free: 124055K (42%)
----------------- Invoking toplevel() on ptolemy.moml.MoMLSimpleApplication@6dcdcc83
----------------- Done invoking toplevel() on ptolemy.moml.MoMLSimpleApplication@6dcdcc83
reloadAllAccessors: .DepthTest4

===========================================================================================
----------------- testing Fri May 03 04:14:35 UTC 2019 /home/travis/build/icyphy/ptII/ptolemy/domains/de/test/auto/DepthTest5.xml
----------------- Instantiating /home/travis/build/icyphy/ptII/ptolemy/domains/de/test/auto/DepthTest5.xml
1 ms. Memory: 298496K Free: 115360K (39%)
----------------- Invoking toplevel() on ptolemy.moml.MoMLSimpleApplication@2640dc58
----------------- Done invoking toplevel() on ptolemy.moml.MoMLSimpleApplication@2640dc58
reloadAllAccessors: .DepthTest5

===========================================================================================
----------------- testing Fri May 03 04:14:35 UTC 2019 /home/travis/build/icyphy/ptII/ptolemy/domains/de/test/auto/DepthTest6.xml
----------------- Instantiating /home/travis/build/icyphy/ptII/ptolemy/domains/de/test/auto/DepthTest6.xml
1 ms. Memory: 298496K Free: 106695K (36%)
----------------- Invoking toplevel() on ptolemy.moml.MoMLSimpleApplication@3b03a585
----------------- Done invoking toplevel() on ptolemy.moml.MoMLSimpleApplication@3b03a585
reloadAllAccessors: .DepthTest6

===========================================================================================
----------------- testing Fri May 03 04:14:35 UTC 2019 /home/travis/build/icyphy/ptII/ptolemy/domains/de/test/auto/DepthTest7.xml
----------------- Instantiating /home/travis/build/icyphy/ptII/ptolemy/domains/de/test/auto/DepthTest7.xml
1 ms. Memory: 298496K Free: 98098K (33%)
----------------- Invoking toplevel() on ptolemy.moml.MoMLSimpleApplication@639940d7
----------------- Done invoking toplevel() on ptolemy.moml.MoMLSimpleApplication@639940d7
reloadAllAccessors: .DepthTest7

===========================================================================================
----------------- testing Fri May 03 04:14:35 UTC 2019 /home/travis/build/icyphy/ptII/ptolemy/domains/de/test/auto/EventToDate.xml
----------------- Instantiating /home/travis/build/icyphy/ptII/ptolemy/domains/de/test/auto/EventToDate.xml
3004 ms. Memory: 298496K Free: 80715K (27%)
----------------- Invoking toplevel() on ptolemy.moml.MoMLSimpleApplication@b8c513e
----------------- Done invoking toplevel() on ptolemy.moml.MoMLSimpleApplication@b8c513e
reloadAllAccessors: .EventToDate

===========================================================================================
----------------- testing Fri May 03 04:14:38 UTC 2019 /home/travis/build/icyphy/ptII/ptolemy/domains/de/test/auto/FSM1.xml
----------------- Instantiating /home/travis/build/icyphy/ptII/ptolemy/domains/de/test/auto/FSM1.xml
22 ms. Memory: 289280K Free: 273760K (95%)
----------------- Invoking toplevel() on ptolemy.moml.MoMLSimpleApplication@425c78d9
----------------- Done invoking toplevel() on ptolemy.moml.MoMLSimpleApplication@425c78d9
reloadAllAccessors: .FSM1

===========================================================================================
----------------- testing Fri May 03 04:14:38 UTC 2019 /home/travis/build/icyphy/ptII/ptolemy/domains/de/test/auto/FSM7.xml
----------------- Instantiating /home/travis/build/icyphy/ptII/ptolemy/domains/de/test/auto/FSM7.xml
16 ms. Memory: 289280K Free: 257854K (89%)
----------------- Invoking toplevel() on ptolemy.moml.MoMLSimpleApplication@18c7cbb3
----------------- Done invoking toplevel() on ptolemy.moml.MoMLSimpleApplication@18c7cbb3
reloadAllAccessors: .FSM7

===========================================================================================
----------------- testing Fri May 03 04:14:38 UTC 2019 /home/travis/build/icyphy/ptII/ptolemy/domains/de/test/auto/Inspection.xml
----------------- Instantiating /home/travis/build/icyphy/ptII/ptolemy/domains/de/test/auto/Inspection.xml
12 ms. Memory: 289280K Free: 243291K (84%)
----------------- Invoking toplevel() on ptolemy.moml.MoMLSimpleApplication@4127132e
----------------- Done invoking toplevel() on ptolemy.moml.MoMLSimpleApplication@4127132e
reloadAllAccessors: .Inspection

===========================================================================================
----------------- testing Fri May 03 04:14:38 UTC 2019 /home/travis/build/icyphy/ptII/ptolemy/domains/de/test/auto/Iteration.xml
----------------- Instantiating /home/travis/build/icyphy/ptII/ptolemy/domains/de/test/auto/Iteration.xml
3 ms. Memory: 289280K Free: 233623K (81%)
----------------- Invoking toplevel() on ptolemy.moml.MoMLSimpleApplication@221c93e2
----------------- Done invoking toplevel() on ptolemy.moml.MoMLSimpleApplication@221c93e2
reloadAllAccessors: .Iteration

===========================================================================================
----------------- testing Fri May 03 04:14:38 UTC 2019 /home/travis/build/icyphy/ptII/ptolemy/domains/de/test/auto/LineFault.xml
----------------- Instantiating /home/travis/build/icyphy/ptII/ptolemy/domains/de/test/auto/LineFault.xml
392 ms. Memory: 289280K Free: 117228K (41%)
----------------- Invoking toplevel() on ptolemy.moml.MoMLSimpleApplication@74b1100c
----------------- Done invoking toplevel() on ptolemy.moml.MoMLSimpleApplication@74b1100c
reloadAllAccessors: .LineFault

===========================================================================================
----------------- testing Fri May 03 04:14:38 UTC 2019 /home/travis/build/icyphy/ptII/ptolemy/domains/de/test/auto/MergeModel1Add.xml
----------------- Instantiating /home/travis/build/icyphy/ptII/ptolemy/domains/de/test/auto/MergeModel1Add.xml
6 ms. Memory: 289280K Free: 96411K (33%)
----------------- Invoking toplevel() on ptolemy.moml.MoMLSimpleApplication@539b1c92
----------------- Done invoking toplevel() on ptolemy.moml.MoMLSimpleApplication@539b1c92
reloadAllAccessors: .MergeModel1Add

===========================================================================================
----------------- testing Fri May 03 04:14:38 UTC 2019 /home/travis/build/icyphy/ptII/ptolemy/domains/de/test/auto/MergeModel2Add.xml
----------------- Instantiating /home/travis/build/icyphy/ptII/ptolemy/domains/de/test/auto/MergeModel2Add.xml
5 ms. Memory: 289280K Free: 76335K (26%)
----------------- Invoking toplevel() on ptolemy.moml.MoMLSimpleApplication@2c3134df
----------------- Done invoking toplevel() on ptolemy.moml.MoMLSimpleApplication@2c3134df
reloadAllAccessors: .MergeModel2Add

===========================================================================================
----------------- testing Fri May 03 04:14:38 UTC 2019 /home/travis/build/icyphy/ptII/ptolemy/domains/de/test/auto/MergeModel3Add.xml
----------------- Instantiating /home/travis/build/icyphy/ptII/ptolemy/domains/de/test/auto/MergeModel3Add.xml
5 ms. Memory: 280064K Free: 255032K (91%)
----------------- Invoking toplevel() on ptolemy.moml.MoMLSimpleApplication@3be52967
----------------- Done invoking toplevel() on ptolemy.moml.MoMLSimpleApplication@3be52967
reloadAllAccessors: .MergeModel3Add

===========================================================================================
----------------- testing Fri May 03 04:14:38 UTC 2019 /home/travis/build/icyphy/ptII/ptolemy/domains/de/test/auto/MergeWithoutDiscard.xml
----------------- Instantiating /home/travis/build/icyphy/ptII/ptolemy/domains/de/test/auto/MergeWithoutDiscard.xml
2 ms. Memory: 280064K Free: 248200K (89%)
----------------- Invoking toplevel() on ptolemy.moml.MoMLSimpleApplication@b5c8b01
----------------- Done invoking toplevel() on ptolemy.moml.MoMLSimpleApplication@b5c8b01
reloadAllAccessors: .MergeWithoutDiscard

===========================================================================================
----------------- testing Fri May 03 04:14:38 UTC 2019 /home/travis/build/icyphy/ptII/ptolemy/domains/de/test/auto/Modal1.xml
----------------- Instantiating /home/travis/build/icyphy/ptII/ptolemy/domains/de/test/auto/Modal1.xml
6 ms. Memory: 280064K Free: 233357K (83%)
----------------- Invoking toplevel() on ptolemy.moml.MoMLSimpleApplication@7ff441e
----------------- Done invoking toplevel() on ptolemy.moml.MoMLSimpleApplication@7ff441e
reloadAllAccessors: .Modal1

===========================================================================================
----------------- testing Fri May 03 04:14:38 UTC 2019 /home/travis/build/icyphy/ptII/ptolemy/domains/de/test/auto/Modal2.xml
----------------- Instantiating /home/travis/build/icyphy/ptII/ptolemy/domains/de/test/auto/Modal2.xml
7 ms. Memory: 280064K Free: 219403K (78%)
----------------- Invoking toplevel() on ptolemy.moml.MoMLSimpleApplication@26704397
----------------- Done invoking toplevel() on ptolemy.moml.MoMLSimpleApplication@26704397
reloadAllAccessors: .Modal2

===========================================================================================
----------------- testing Fri May 03 04:14:39 UTC 2019 /home/travis/build/icyphy/ptII/ptolemy/domains/de/test/auto/Modal3.xml
----------------- Instantiating /home/travis/build/icyphy/ptII/ptolemy/domains/de/test/auto/Modal3.xml
8 ms. Memory: 280064K Free: 204592K (73%)
----------------- Invoking toplevel() on ptolemy.moml.MoMLSimpleApplication@4b9c8fce
----------------- Done invoking toplevel() on ptolemy.moml.MoMLSimpleApplication@4b9c8fce
reloadAllAccessors: .Modal3

===========================================================================================
----------------- testing Fri May 03 04:14:39 UTC 2019 /home/travis/build/icyphy/ptII/ptolemy/domains/de/test/auto/Modal4.xml
----------------- Instantiating /home/travis/build/icyphy/ptII/ptolemy/domains/de/test/auto/Modal4.xml
12 ms. Memory: 280064K Free: 190654K (68%)
----------------- Invoking toplevel() on ptolemy.moml.MoMLSimpleApplication@7ff827b6
----------------- Done invoking toplevel() on ptolemy.moml.MoMLSimpleApplication@7ff827b6
reloadAllAccessors: .Modal4

===========================================================================================
----------------- testing Fri May 03 04:14:39 UTC 2019 /home/travis/build/icyphy/ptII/ptolemy/domains/de/test/auto/Modal5.xml
----------------- Instantiating /home/travis/build/icyphy/ptII/ptolemy/domains/de/test/auto/Modal5.xml
8 ms. Memory: 280064K Free: 175842K (63%)
----------------- Invoking toplevel() on ptolemy.moml.MoMLSimpleApplication@28314518
----------------- Done invoking toplevel() on ptolemy.moml.MoMLSimpleApplication@28314518
reloadAllAccessors: .Modal5

===========================================================================================
----------------- testing Fri May 03 04:14:39 UTC 2019 /home/travis/build/icyphy/ptII/ptolemy/domains/de/test/auto/Modal6.xml
----------------- Instantiating /home/travis/build/icyphy/ptII/ptolemy/domains/de/test/auto/Modal6.xml
12 ms. Memory: 280064K Free: 161904K (58%)
----------------- Invoking toplevel() on ptolemy.moml.MoMLSimpleApplication@4784bf89
----------------- Done invoking toplevel() on ptolemy.moml.MoMLSimpleApplication@4784bf89
reloadAllAccessors: .Modal6

===========================================================================================
----------------- testing Fri May 03 04:14:39 UTC 2019 /home/travis/build/icyphy/ptII/ptolemy/domains/de/test/auto/Modal7.xml
----------------- Instantiating /home/travis/build/icyphy/ptII/ptolemy/domains/de/test/auto/Modal7.xml
7 ms. Memory: 280064K Free: 145090K (52%)
----------------- Invoking toplevel() on ptolemy.moml.MoMLSimpleApplication@5a9356a4
----------------- Done invoking toplevel() on ptolemy.moml.MoMLSimpleApplication@5a9356a4
reloadAllAccessors: .Modal7

===========================================================================================
----------------- testing Fri May 03 04:14:39 UTC 2019 /home/travis/build/icyphy/ptII/ptolemy/domains/de/test/auto/ModalModel.xml
----------------- Instantiating /home/travis/build/icyphy/ptII/ptolemy/domains/de/test/auto/ModalModel.xml
138 ms. Memory: 272384K Free: 262083K (96%)
----------------- Invoking toplevel() on ptolemy.moml.MoMLSimpleApplication@71f29217
----------------- Done invoking toplevel() on ptolemy.moml.MoMLSimpleApplication@71f29217
reloadAllAccessors: .ModalModel

===========================================================================================
----------------- testing Fri May 03 04:14:39 UTC 2019 /home/travis/build/icyphy/ptII/ptolemy/domains/de/test/auto/ModalSource.xml
----------------- Instantiating /home/travis/build/icyphy/ptII/ptolemy/domains/de/test/auto/ModalSource.xml
3 ms. Memory: 272384K Free: 251462K (92%)
----------------- Invoking toplevel() on ptolemy.moml.MoMLSimpleApplication@4f6d704b
----------------- Done invoking toplevel() on ptolemy.moml.MoMLSimpleApplication@4f6d704b
reloadAllAccessors: .ModalSource

===========================================================================================
----------------- testing Fri May 03 04:14:39 UTC 2019 /home/travis/build/icyphy/ptII/ptolemy/domains/de/test/auto/NonInterruptibleTimerZeroDelay.xml
----------------- Instantiating /home/travis/build/icyphy/ptII/ptolemy/domains/de/test/auto/NonInterruptibleTimerZeroDelay.xml
1 ms. Memory: 272384K Free: 245789K (90%)
----------------- Invoking toplevel() on ptolemy.moml.MoMLSimpleApplication@5c83c4a9
----------------- Done invoking toplevel() on ptolemy.moml.MoMLSimpleApplication@5c83c4a9
reloadAllAccessors: .NonInterruptibleTimerZeroDelay

===========================================================================================
----------------- testing Fri May 03 04:14:39 UTC 2019 /home/travis/build/icyphy/ptII/ptolemy/domains/de/test/auto/OpenQueueingNetwork.xml
----------------- Instantiating /home/travis/build/icyphy/ptII/ptolemy/domains/de/test/auto/OpenQueueingNetwork.xml
2123 ms. Memory: 318464K Free: 106114K (33%)
----------------- Invoking toplevel() on ptolemy.moml.MoMLSimpleApplication@30a0edba
----------------- Done invoking toplevel() on ptolemy.moml.MoMLSimpleApplication@30a0edba
reloadAllAccessors: .OpenQueueingNetwork

===========================================================================================
----------------- testing Fri May 03 04:14:41 UTC 2019 /home/travis/build/icyphy/ptII/ptolemy/domains/de/test/auto/OpenQueuingNetwork.xml
----------------- Instantiating /home/travis/build/icyphy/ptII/ptolemy/domains/de/test/auto/OpenQueuingNetwork.xml
215 ms. Memory: 310272K Free: 243621K (79%)
----------------- Invoking toplevel() on ptolemy.moml.MoMLSimpleApplication@50187ee3
----------------- Done invoking toplevel() on ptolemy.moml.MoMLSimpleApplication@50187ee3
reloadAllAccessors: .OpenQueuingNetwork

===========================================================================================
----------------- testing Fri May 03 04:14:41 UTC 2019 /home/travis/build/icyphy/ptII/ptolemy/domains/de/test/auto/PeriodicSampler.xml
----------------- Instantiating /home/travis/build/icyphy/ptII/ptolemy/domains/de/test/auto/PeriodicSampler.xml
2 ms. Memory: 310272K Free: 234846K (76%)
----------------- Invoking toplevel() on ptolemy.moml.MoMLSimpleApplication@2351cf45
----------------- Done invoking toplevel() on ptolemy.moml.MoMLSimpleApplication@2351cf45
reloadAllAccessors: .PeriodicSampler

===========================================================================================
----------------- testing Fri May 03 04:14:41 UTC 2019 /home/travis/build/icyphy/ptII/ptolemy/domains/de/test/auto/PersistentIO.xml
----------------- Instantiating /home/travis/build/icyphy/ptII/ptolemy/domains/de/test/auto/PersistentIO.xml
3 ms. Memory: 310272K Free: 222873K (72%)
----------------- Invoking toplevel() on ptolemy.moml.MoMLSimpleApplication@711d6fcd
----------------- Done invoking toplevel() on ptolemy.moml.MoMLSimpleApplication@711d6fcd
reloadAllAccessors: .PersistentIO

===========================================================================================
----------------- testing Fri May 03 04:14:41 UTC 2019 /home/travis/build/icyphy/ptII/ptolemy/domains/de/test/auto/PortParameterResetOnInitialize.xml
----------------- Instantiating /home/travis/build/icyphy/ptII/ptolemy/domains/de/test/auto/PortParameterResetOnInitialize.xml
1 ms. Memory: 310272K Free: 215452K (69%)
----------------- Invoking toplevel() on ptolemy.moml.MoMLSimpleApplication@705a8ae6
----------------- Done invoking toplevel() on ptolemy.moml.MoMLSimpleApplication@705a8ae6
reloadAllAccessors: .PortParameterResetOnInitialize

===========================================================================================
----------------- testing Fri May 03 04:14:41 UTC 2019 /home/travis/build/icyphy/ptII/ptolemy/domains/de/test/auto/PortParameterUpdates.xml
----------------- Instantiating /home/travis/build/icyphy/ptII/ptolemy/domains/de/test/auto/PortParameterUpdates.xml
5 ms. Memory: 310272K Free: 206063K (66%)
----------------- Invoking toplevel() on ptolemy.moml.MoMLSimpleApplication@6e3caad3
----------------- Done invoking toplevel() on ptolemy.moml.MoMLSimpleApplication@6e3caad3
reloadAllAccessors: .PortParameterUpdates

===========================================================================================
----------------- testing Fri May 03 04:14:41 UTC 2019 /home/travis/build/icyphy/ptII/ptolemy/domains/de/test/auto/QueueAndServer.xml
----------------- Instantiating /home/travis/build/icyphy/ptII/ptolemy/domains/de/test/auto/QueueAndServer.xml
5 ms. Memory: 310272K Free: 196385K (63%)
----------------- Invoking toplevel() on ptolemy.moml.MoMLSimpleApplication@734ea683
----------------- Done invoking toplevel() on ptolemy.moml.MoMLSimpleApplication@734ea683
reloadAllAccessors: .QueueAndServer

===========================================================================================
----------------- testing Fri May 03 04:14:41 UTC 2019 /home/travis/build/icyphy/ptII/ptolemy/domains/de/test/auto/Records.xml
----------------- Instantiating /home/travis/build/icyphy/ptII/ptolemy/domains/de/test/auto/Records.xml
7 ms. Memory: 310272K Free: 188964K (61%)
----------------- Invoking toplevel() on ptolemy.moml.MoMLSimpleApplication@25335e09
----------------- Done invoking toplevel() on ptolemy.moml.MoMLSimpleApplication@25335e09
reloadAllAccessors: .Records

===========================================================================================
----------------- testing Fri May 03 04:14:41 UTC 2019 /home/travis/build/icyphy/ptII/ptolemy/domains/de/test/auto/ResetTransitionWithStartTime1.xml
----------------- Instantiating /home/travis/build/icyphy/ptII/ptolemy/domains/de/test/auto/ResetTransitionWithStartTime1.xml
5 ms. Memory: 310272K Free: 179591K (58%)
----------------- Invoking toplevel() on ptolemy.moml.MoMLSimpleApplication@33b523b2
----------------- Done invoking toplevel() on ptolemy.moml.MoMLSimpleApplication@33b523b2
reloadAllAccessors: .ResetTransitionWithStartTime1

===========================================================================================
----------------- testing Fri May 03 04:14:41 UTC 2019 /home/travis/build/icyphy/ptII/ptolemy/domains/de/test/auto/ResetTransitionWithStartTime2.xml
----------------- Instantiating /home/travis/build/icyphy/ptII/ptolemy/domains/de/test/auto/ResetTransitionWithStartTime2.xml
4 ms. Memory: 310272K Free: 169901K (55%)
----------------- Invoking toplevel() on ptolemy.moml.MoMLSimpleApplication@7de50248
----------------- Done invoking toplevel() on ptolemy.moml.MoMLSimpleApplication@7de50248
reloadAllAccessors: .ResetTransitionWithStartTime2

===========================================================================================
----------------- testing Fri May 03 04:14:41 UTC 2019 /home/travis/build/icyphy/ptII/ptolemy/domains/de/test/auto/ResetTransitionWithStartTime3.xml
----------------- Instantiating /home/travis/build/icyphy/ptII/ptolemy/domains/de/test/auto/ResetTransitionWithStartTime3.xml
4 ms. Memory: 310272K Free: 160212K (52%)
----------------- Invoking toplevel() on ptolemy.moml.MoMLSimpleApplication@256a23a2
----------------- Done invoking toplevel() on ptolemy.moml.MoMLSimpleApplication@256a23a2
reloadAllAccessors: .ResetTransitionWithStartTime3

===========================================================================================
----------------- testing Fri May 03 04:14:42 UTC 2019 /home/travis/build/icyphy/ptII/ptolemy/domains/de/test/auto/ResetTransitionWithStartTime4.xml
----------------- Instantiating /home/travis/build/icyphy/ptII/ptolemy/domains/de/test/auto/ResetTransitionWithStartTime4.xml
6 ms. Memory: 310272K Free: 150830K (49%)
----------------- Invoking toplevel() on ptolemy.moml.MoMLSimpleApplication@527a956f
----------------- Done invoking toplevel() on ptolemy.moml.MoMLSimpleApplication@527a956f
reloadAllAccessors: .ResetTransitionWithStartTime4

===========================================================================================
----------------- testing Fri May 03 04:14:42 UTC 2019 /home/travis/build/icyphy/ptII/ptolemy/domains/de/test/auto/ResettableTimer1.xml
----------------- Instantiating /home/travis/build/icyphy/ptII/ptolemy/domains/de/test/auto/ResettableTimer1.xml
1 ms. Memory: 310272K Free: 143409K (46%)
----------------- Invoking toplevel() on ptolemy.moml.MoMLSimpleApplication@3038abba
----------------- Done invoking toplevel() on ptolemy.moml.MoMLSimpleApplication@3038abba
reloadAllAccessors: .ResettableTimer1

===========================================================================================
----------------- testing Fri May 03 04:14:42 UTC 2019 /home/travis/build/icyphy/ptII/ptolemy/domains/de/test/auto/ResettableTimer2.xml
----------------- Instantiating /home/travis/build/icyphy/ptII/ptolemy/domains/de/test/auto/ResettableTimer2.xml
1 ms. Memory: 310272K Free: 135988K (44%)
----------------- Invoking toplevel() on ptolemy.moml.MoMLSimpleApplication@3437fb66
----------------- Done invoking toplevel() on ptolemy.moml.MoMLSimpleApplication@3437fb66
reloadAllAccessors: .ResettableTimer2

===========================================================================================
----------------- testing Fri May 03 04:14:42 UTC 2019 /home/travis/build/icyphy/ptII/ptolemy/domains/de/test/auto/ResettableTimer3.xml
----------------- Instantiating /home/travis/build/icyphy/ptII/ptolemy/domains/de/test/auto/ResettableTimer3.xml
2 ms. Memory: 310272K Free: 128567K (41%)
----------------- Invoking toplevel() on ptolemy.moml.MoMLSimpleApplication@66d3cd49
----------------- Done invoking toplevel() on ptolemy.moml.MoMLSimpleApplication@66d3cd49
reloadAllAccessors: .ResettableTimer3

===========================================================================================
----------------- testing Fri May 03 04:14:42 UTC 2019 /home/travis/build/icyphy/ptII/ptolemy/domains/de/test/auto/ResettableTimer4.xml
----------------- Instantiating /home/travis/build/icyphy/ptII/ptolemy/domains/de/test/auto/ResettableTimer4.xml
1 ms. Memory: 310272K Free: 121446K (39%)
----------------- Invoking toplevel() on ptolemy.moml.MoMLSimpleApplication@4bed5d34
----------------- Done invoking toplevel() on ptolemy.moml.MoMLSimpleApplication@4bed5d34
reloadAllAccessors: .ResettableTimer4

===========================================================================================
----------------- testing Fri May 03 04:14:42 UTC 2019 /home/travis/build/icyphy/ptII/ptolemy/domains/de/test/auto/ResettableTimer5.xml
----------------- Instantiating /home/travis/build/icyphy/ptII/ptolemy/domains/de/test/auto/ResettableTimer5.xml
2 ms. Memory: 310272K Free: 114025K (37%)
----------------- Invoking toplevel() on ptolemy.moml.MoMLSimpleApplication@16bf4412
----------------- Done invoking toplevel() on ptolemy.moml.MoMLSimpleApplication@16bf4412
reloadAllAccessors: .ResettableTimer5

===========================================================================================
----------------- testing Fri May 03 04:14:42 UTC 2019 /home/travis/build/icyphy/ptII/ptolemy/domains/de/test/auto/ResettableTimer6.xml
----------------- Instantiating /home/travis/build/icyphy/ptII/ptolemy/domains/de/test/auto/ResettableTimer6.xml
13 ms. Memory: 310272K Free: 106604K (34%)
----------------- Invoking toplevel() on ptolemy.moml.MoMLSimpleApplication@46315c7c
----------------- Done invoking toplevel() on ptolemy.moml.MoMLSimpleApplication@46315c7c
reloadAllAccessors: .ResettableTimer6

===========================================================================================
----------------- testing Fri May 03 04:14:42 UTC 2019 /home/travis/build/icyphy/ptII/ptolemy/domains/de/test/auto/ServerZeroDelay.xml
----------------- Instantiating /home/travis/build/icyphy/ptII/ptolemy/domains/de/test/auto/ServerZeroDelay.xml
2 ms. Memory: 310272K Free: 99191K (32%)
----------------- Invoking toplevel() on ptolemy.moml.MoMLSimpleApplication@16794f06
----------------- Done invoking toplevel() on ptolemy.moml.MoMLSimpleApplication@16794f06
reloadAllAccessors: .ServerZeroDelay

===========================================================================================
----------------- testing Fri May 03 04:14:42 UTC 2019 /home/travis/build/icyphy/ptII/ptolemy/domains/de/test/auto/SmartSender.xml
----------------- Instantiating /home/travis/build/icyphy/ptII/ptolemy/domains/de/test/auto/SmartSender.xml
3001 ms. Memory: 310272K Free: 92078K (30%)
----------------- Invoking toplevel() on ptolemy.moml.MoMLSimpleApplication@597a8666
----------------- Done invoking toplevel() on ptolemy.moml.MoMLSimpleApplication@597a8666
reloadAllAccessors: .SmartSender

===========================================================================================
----------------- testing Fri May 03 04:14:45 UTC 2019 /home/travis/build/icyphy/ptII/ptolemy/domains/de/test/auto/ThreadedComposite.xml
----------------- Instantiating /home/travis/build/icyphy/ptII/ptolemy/domains/de/test/auto/ThreadedComposite.xml
176 ms. Memory: 298496K Free: 277741K (93%)
----------------- Invoking toplevel() on ptolemy.moml.MoMLSimpleApplication@290fb5ef
----------------- Done invoking toplevel() on ptolemy.moml.MoMLSimpleApplication@290fb5ef
reloadAllAccessors: .ThreadedComposite

===========================================================================================
----------------- testing Fri May 03 04:14:45 UTC 2019 /home/travis/build/icyphy/ptII/ptolemy/domains/de/test/auto/Time.xml
----------------- Instantiating /home/travis/build/icyphy/ptII/ptolemy/domains/de/test/auto/Time.xml
417 ms. Memory: 298496K Free: 220802K (74%)
----------------- Invoking toplevel() on ptolemy.moml.MoMLSimpleApplication@3e07b8b9
----------------- Done invoking toplevel() on ptolemy.moml.MoMLSimpleApplication@3e07b8b9
reloadAllAccessors: .Time

===========================================================================================
----------------- testing Fri May 03 04:14:45 UTC 2019 /home/travis/build/icyphy/ptII/ptolemy/domains/de/test/auto/TimeDelayZeroDelay.xml
----------------- Instantiating /home/travis/build/icyphy/ptII/ptolemy/domains/de/test/auto/TimeDelayZeroDelay.xml
2 ms. Memory: 298496K Free: 215942K (72%)
----------------- Invoking toplevel() on ptolemy.moml.MoMLSimpleApplication@6a77759a
----------------- Done invoking toplevel() on ptolemy.moml.MoMLSimpleApplication@6a77759a
reloadAllAccessors: .TimeDelayZeroDelay

===========================================================================================
----------------- testing Fri May 03 04:14:45 UTC 2019 /home/travis/build/icyphy/ptII/ptolemy/domains/de/test/auto/TimerZeroDelay.xml
----------------- Instantiating /home/travis/build/icyphy/ptII/ptolemy/domains/de/test/auto/TimerZeroDelay.xml
2 ms. Memory: 298496K Free: 211097K (71%)
----------------- Invoking toplevel() on ptolemy.moml.MoMLSimpleApplication@400bcc4c
----------------- Done invoking toplevel() on ptolemy.moml.MoMLSimpleApplication@400bcc4c
reloadAllAccessors: .TimerZeroDelay

===========================================================================================
----------------- testing Fri May 03 04:14:45 UTC 2019 /home/travis/build/icyphy/ptII/ptolemy/domains/de/test/auto/TimingParadox.xml
----------------- Instantiating /home/travis/build/icyphy/ptII/ptolemy/domains/de/test/auto/TimingParadox.xml
279 ms. Memory: 298496K Free: 142412K (48%)
----------------- Invoking toplevel() on ptolemy.moml.MoMLSimpleApplication@79da4b72
----------------- Done invoking toplevel() on ptolemy.moml.MoMLSimpleApplication@79da4b72
reloadAllAccessors: .TimingParadox

===========================================================================================
----------------- testing Fri May 03 04:14:46 UTC 2019 /home/travis/build/icyphy/ptII/ptolemy/domains/de/test/auto/TransferInputs.xml
----------------- Instantiating /home/travis/build/icyphy/ptII/ptolemy/domains/de/test/auto/TransferInputs.xml
2 ms. Memory: 298496K Free: 136088K (46%)
----------------- Invoking toplevel() on ptolemy.moml.MoMLSimpleApplication@75012440
----------------- Done invoking toplevel() on ptolemy.moml.MoMLSimpleApplication@75012440
reloadAllAccessors: .TransferInputs

===========================================================================================
----------------- testing Fri May 03 04:14:46 UTC 2019 /home/travis/build/icyphy/ptII/ptolemy/domains/de/test/auto/TransferOutputs2.xml
----------------- Instantiating /home/travis/build/icyphy/ptII/ptolemy/domains/de/test/auto/TransferOutputs2.xml
3 ms. Memory: 298496K Free: 126861K (43%)
----------------- Invoking toplevel() on ptolemy.moml.MoMLSimpleApplication@61d9f9fa
----------------- Done invoking toplevel() on ptolemy.moml.MoMLSimpleApplication@61d9f9fa
reloadAllAccessors: .TransferOutputs2

===========================================================================================
----------------- testing Fri May 03 04:14:46 UTC 2019 /home/travis/build/icyphy/ptII/ptolemy/domains/de/test/auto/Trilateration.xml
----------------- Instantiating /home/travis/build/icyphy/ptII/ptolemy/domains/de/test/auto/Trilateration.xml
10972 ms. Memory: 692224K Free: 204782K (30%)
----------------- Invoking toplevel() on ptolemy.moml.MoMLSimpleApplication@10c4563d
----------------- Done invoking toplevel() on ptolemy.moml.MoMLSimpleApplication@10c4563d
reloadAllAccessors: .Trilateration

===========================================================================================
----------------- testing Fri May 03 04:14:57 UTC 2019 /home/travis/build/icyphy/ptII/ptolemy/domains/de/test/auto/TwoSigmaDelta.xml
----------------- Instantiating /home/travis/build/icyphy/ptII/ptolemy/domains/de/test/auto/TwoSigmaDelta.xml
2055 ms. Memory: 658944K Free: 483200K (73%)
----------------- Invoking toplevel() on ptolemy.moml.MoMLSimpleApplication@a606a80
----------------- Done invoking toplevel() on ptolemy.moml.MoMLSimpleApplication@a606a80
reloadAllAccessors: .TwoSigmaDelta

===========================================================================================
----------------- testing Fri May 03 04:14:59 UTC 2019 /home/travis/build/icyphy/ptII/ptolemy/domains/de/test/auto/VariableDelay.xml
----------------- Instantiating /home/travis/build/icyphy/ptII/ptolemy/domains/de/test/auto/VariableDelay.xml
3 ms. Memory: 658944K Free: 465113K (71%)
----------------- Invoking toplevel() on ptolemy.moml.MoMLSimpleApplication@32525ff8
----------------- Done invoking toplevel() on ptolemy.moml.MoMLSimpleApplication@32525ff8
reloadAllAccessors: .VariableDelay

===========================================================================================
----------------- testing Fri May 03 04:15:00 UTC 2019 /home/travis/build/icyphy/ptII/ptolemy/domains/de/test/auto/VariableDelay2.xml
----------------- Instantiating /home/travis/build/icyphy/ptII/ptolemy/domains/de/test/auto/VariableDelay2.xml
1 ms. Memory: 658944K Free: 452911K (69%)
----------------- Invoking toplevel() on ptolemy.moml.MoMLSimpleApplication@6bf32c25
----------------- Done invoking toplevel() on ptolemy.moml.MoMLSimpleApplication@6bf32c25
reloadAllAccessors: .VariableDelay2

===========================================================================================
----------------- testing Fri May 03 04:15:00 UTC 2019 /home/travis/build/icyphy/ptII/ptolemy/domains/de/test/auto/VariableDelayZeroDelay.xml
----------------- Instantiating /home/travis/build/icyphy/ptII/ptolemy/domains/de/test/auto/VariableDelayZeroDelay.xml
5 ms. Memory: 658944K Free: 441040K (67%)
----------------- Invoking toplevel() on ptolemy.moml.MoMLSimpleApplication@54cefdda
----------------- Done invoking toplevel() on ptolemy.moml.MoMLSimpleApplication@54cefdda
reloadAllAccessors: .VariableDelayZeroDelay

===========================================================================================
----------------- testing Fri May 03 04:15:00 UTC 2019 /home/travis/build/icyphy/ptII/ptolemy/domains/de/test/auto/VariableDelayZeroDelay2.xml
----------------- Instantiating /home/travis/build/icyphy/ptII/ptolemy/domains/de/test/auto/VariableDelayZeroDelay2.xml
5 ms. Memory: 658944K Free: 428839K (65%)
----------------- Invoking toplevel() on ptolemy.moml.MoMLSimpleApplication@6ef72df9
----------------- Done invoking toplevel() on ptolemy.moml.MoMLSimpleApplication@6ef72df9
reloadAllAccessors: .VariableDelayZeroDelay2

===========================================================================================
----------------- testing Fri May 03 04:15:00 UTC 2019 /home/travis/build/icyphy/ptII/ptolemy/domains/de/test/auto/deInCt.xml
----------------- Instantiating /home/travis/build/icyphy/ptII/ptolemy/domains/de/test/auto/deInCt.xml
0
1
1
1
0
0
0
1
1
1
0
0
0
1
1
1
1
0
0
0
0
1
1
1
0
0
0
1
1
1
1
0
0
0
1
1
1
0
0
0
1
1
1
1
7 ms. Memory: 658944K Free: 416637K (63%)
----------------- Invoking toplevel() on ptolemy.moml.MoMLSimpleApplication@7178f780
----------------- Done invoking toplevel() on ptolemy.moml.MoMLSimpleApplication@7178f780
reloadAllAccessors: .deInCt

===========================================================================================
----------------- testing Fri May 03 04:15:00 UTC 2019 /home/travis/build/icyphy/ptII/ptolemy/domains/de/test/auto/deInCt2.xml
----------------- Instantiating /home/travis/build/icyphy/ptII/ptolemy/domains/de/test/auto/deInCt2.xml
0
1
1
1
0
0
1
1
1
0
0
1
1
1
0
0
1
1
1
0
0
1
1
1
0
0
1
1
1
0
0
1
1
1
0
0
1
1
1
0
0
0
4 ms. Memory: 658944K Free: 404766K (61%)
----------------- Invoking toplevel() on ptolemy.moml.MoMLSimpleApplication@7a069e1a
----------------- Done invoking toplevel() on ptolemy.moml.MoMLSimpleApplication@7a069e1a
reloadAllAccessors: .deInCt2

===========================================================================================
----------------- testing Fri May 03 04:15:00 UTC 2019 /home/travis/build/icyphy/ptII/ptolemy/domains/de/test/auto/dynamicCausalityInterface1.xml
----------------- Instantiating /home/travis/build/icyphy/ptII/ptolemy/domains/de/test/auto/dynamicCausalityInterface1.xml
1 ms. Memory: 658944K Free: 386778K (59%)
----------------- Invoking toplevel() on ptolemy.moml.MoMLSimpleApplication@1ee0d091
----------------- Done invoking toplevel() on ptolemy.moml.MoMLSimpleApplication@1ee0d091
reloadAllAccessors: .dynamicCausalityInterface1

===========================================================================================
----------------- testing Fri May 03 04:15:00 UTC 2019 /home/travis/build/icyphy/ptII/ptolemy/domains/de/test/auto/fsm_de_test.xml
----------------- Instantiating /home/travis/build/icyphy/ptII/ptolemy/domains/de/test/auto/fsm_de_test.xml
5 ms. Memory: 658944K Free: 368787K (56%)
----------------- Invoking toplevel() on ptolemy.moml.MoMLSimpleApplication@2ea372e8
----------------- Done invoking toplevel() on ptolemy.moml.MoMLSimpleApplication@2ea372e8
reloadAllAccessors: .fsm_de_test

===========================================================================================
----------------- testing Fri May 03 04:15:00 UTC 2019 /home/travis/build/icyphy/ptII/ptolemy/domains/de/test/auto/functionDependencyReconstruction.xml
----------------- Instantiating /home/travis/build/icyphy/ptII/ptolemy/domains/de/test/auto/functionDependencyReconstruction.xml
2 ms. Memory: 658944K Free: 345359K (52%)
----------------- Invoking toplevel() on ptolemy.moml.MoMLSimpleApplication@48cf8ed5
----------------- Done invoking toplevel() on ptolemy.moml.MoMLSimpleApplication@48cf8ed5
reloadAllAccessors: .functionDependencyReconstruction

===========================================================================================
----------------- testing Fri May 03 04:15:00 UTC 2019 /home/travis/build/icyphy/ptII/ptolemy/domains/de/test/auto/multirate.xml
----------------- Instantiating /home/travis/build/icyphy/ptII/ptolemy/domains/de/test/auto/multirate.xml
5 ms. Memory: 658944K Free: 333158K (51%)
----------------- Invoking toplevel() on ptolemy.moml.MoMLSimpleApplication@2d930ac9
----------------- Done invoking toplevel() on ptolemy.moml.MoMLSimpleApplication@2d930ac9
reloadAllAccessors: .multirate

===========================================================================================
----------------- testing Fri May 03 04:15:00 UTC 2019 /home/travis/build/icyphy/ptII/ptolemy/domains/de/test/auto/multirate2.xml
----------------- Instantiating /home/travis/build/icyphy/ptII/ptolemy/domains/de/test/auto/multirate2.xml
2 ms. Memory: 658944K Free: 320956K (49%)
----------------- Invoking toplevel() on ptolemy.moml.MoMLSimpleApplication@558b5ea0
----------------- Done invoking toplevel() on ptolemy.moml.MoMLSimpleApplication@558b5ea0
reloadAllAccessors: .multirate2

===========================================================================================
----------------- testing Fri May 03 04:15:00 UTC 2019 /home/travis/build/icyphy/ptII/ptolemy/domains/de/test/auto/realtime.xml
----------------- Instantiating /home/travis/build/icyphy/ptII/ptolemy/domains/de/test/auto/realtime.xml
10003 ms. Memory: 658944K Free: 309085K (47%)
----------------- Invoking toplevel() on ptolemy.moml.MoMLSimpleApplication@57c0d952
----------------- Done invoking toplevel() on ptolemy.moml.MoMLSimpleApplication@57c0d952
reloadAllAccessors: .realtime

===========================================================================================
----------------- testing Fri May 03 04:15:10 UTC 2019 /home/travis/build/icyphy/ptII/ptolemy/domains/de/test/auto/relationGroup.xml
----------------- Instantiating /home/travis/build/icyphy/ptII/ptolemy/domains/de/test/auto/relationGroup.xml
2 ms. Memory: 658944K Free: 296883K (45%)
----------------- Invoking toplevel() on ptolemy.moml.MoMLSimpleApplication@28f70faa
----------------- Done invoking toplevel() on ptolemy.moml.MoMLSimpleApplication@28f70faa
reloadAllAccessors: .relationGroup

===========================================================================================
----------------- testing Fri May 03 04:15:10 UTC 2019 /home/travis/build/icyphy/ptII/ptolemy/domains/de/test/auto/relationGroup2.xml
----------------- Instantiating /home/travis/build/icyphy/ptII/ptolemy/domains/de/test/auto/relationGroup2.xml
2 ms. Memory: 658944K Free: 284682K (43%)
----------------- Invoking toplevel() on ptolemy.moml.MoMLSimpleApplication@381fe0bb
----------------- Done invoking toplevel() on ptolemy.moml.MoMLSimpleApplication@381fe0bb
reloadAllAccessors: .relationGroup2

===========================================================================================
----------------- testing Fri May 03 04:15:10 UTC 2019 /home/travis/build/icyphy/ptII/ptolemy/domains/de/test/auto/sortWithOpaquePorts.xml
----------------- Instantiating /home/travis/build/icyphy/ptII/ptolemy/domains/de/test/auto/sortWithOpaquePorts.xml
2 ms. Memory: 658944K Free: 272811K (41%)
----------------- Invoking toplevel() on ptolemy.moml.MoMLSimpleApplication@213133fb
----------------- Done invoking toplevel() on ptolemy.moml.MoMLSimpleApplication@213133fb
reloadAllAccessors: .sortWithOpaquePorts

===========================================================================================
----------------- testing Fri May 03 04:15:10 UTC 2019 /home/travis/build/icyphy/ptII/ptolemy/domains/de/test/auto/transferInputsandOutputs.xml
----------------- Instantiating /home/travis/build/icyphy/ptII/ptolemy/domains/de/test/auto/transferInputsandOutputs.xml
2 ms. Memory: 658944K Free: 260609K (40%)
----------------- Invoking toplevel() on ptolemy.moml.MoMLSimpleApplication@681a726c
----------------- Done invoking toplevel() on ptolemy.moml.MoMLSimpleApplication@681a726c
reloadAllAccessors: .transferInputsandOutputs

===========================================================================================
----------------- testing Fri May 03 04:15:10 UTC 2019 /home/travis/build/icyphy/ptII/ptolemy/domains/de/test/auto/triggerType.xml
----------------- Instantiating /home/travis/build/icyphy/ptII/ptolemy/domains/de/test/auto/triggerType.xml
1 ms. Memory: 658944K Free: 248407K (38%)
----------------- Invoking toplevel() on ptolemy.moml.MoMLSimpleApplication@59b9bb62
----------------- Done invoking toplevel() on ptolemy.moml.MoMLSimpleApplication@59b9bb62
reloadAllAccessors: .triggerType
AutoTests.java: About to close Vertx.
AutoTests.java: Vertx closed.
]]></system-out>
  <system-err><![CDATA[java.lang.RuntimeException: Execution failed
	at ptolemy.moml.MoMLSimpleApplication$UnloadThread.run(MoMLSimpleApplication.java:402)
Caused by: ptolemy.kernel.util.IllegalActionException: Found a zero delay loop containing .dependencyLoop.original
  in .dependencyLoop and .dependencyLoop.original
	at ptolemy.actor.util.CausalityInterfaceForComposites._computeOutputPortDepth(CausalityInterfaceForComposites.java:759)
	at ptolemy.actor.util.CausalityInterfaceForComposites._computeInputDepth(CausalityInterfaceForComposites.java:696)
	at ptolemy.actor.util.CausalityInterfaceForComposites._computeOutputPortDepth(CausalityInterfaceForComposites.java:765)
	at ptolemy.actor.util.CausalityInterfaceForComposites._computeInputDepth(CausalityInterfaceForComposites.java:696)
	at ptolemy.actor.util.CausalityInterfaceForComposites._computeOutputPortDepth(CausalityInterfaceForComposites.java:765)
	at ptolemy.actor.util.CausalityInterfaceForComposites._computeInputDepth(CausalityInterfaceForComposites.java:696)
	at ptolemy.actor.util.CausalityInterfaceForComposites._computeActorDepth(CausalityInterfaceForComposites.java:532)
	at ptolemy.actor.util.CausalityInterfaceForComposites.checkForCycles(CausalityInterfaceForComposites.java:96)
	at ptolemy.domains.de.kernel.DEDirector.preinitialize(DEDirector.java:1338)
	at ptolemy.actor.CompositeActor.preinitialize(CompositeActor.java:1828)
	at ptolemy.actor.Manager.preinitializeAndResolveTypes(Manager.java:1040)
	at ptolemy.actor.Manager.initialize(Manager.java:710)
	at ptolemy.actor.Manager.execute(Manager.java:356)
	at ptolemy.actor.Manager.run(Manager.java:1263)
	at ptolemy.actor.Manager$PtolemyRunThread.run(Manager.java:1915)
java.lang.RuntimeException: Execution failed
	at ptolemy.moml.MoMLSimpleApplication$UnloadThread.run(MoMLSimpleApplication.java:402)
Caused by: ptolemy.kernel.util.IllegalActionException: Found a zero delay loop containing .dependencyLoop2.original
  in .dependencyLoop2 and .dependencyLoop2.original
	at ptolemy.actor.util.CausalityInterfaceForComposites._computeOutputPortDepth(CausalityInterfaceForComposites.java:759)
	at ptolemy.actor.util.CausalityInterfaceForComposites._computeInputDepth(CausalityInterfaceForComposites.java:696)
	at ptolemy.actor.util.CausalityInterfaceForComposites._computeOutputPortDepth(CausalityInterfaceForComposites.java:765)
	at ptolemy.actor.util.CausalityInterfaceForComposites._computeInputDepth(CausalityInterfaceForComposites.java:696)
	at ptolemy.actor.util.CausalityInterfaceForComposites._computeOutputPortDepth(CausalityInterfaceForComposites.java:765)
	at ptolemy.actor.util.CausalityInterfaceForComposites._computeInputDepth(CausalityInterfaceForComposites.java:696)
	at ptolemy.actor.util.CausalityInterfaceForComposites._computeActorDepth(CausalityInterfaceForComposites.java:532)
	at ptolemy.actor.util.CausalityInterfaceForComposites.checkForCycles(CausalityInterfaceForComposites.java:96)
	at ptolemy.domains.de.kernel.DEDirector.preinitialize(DEDirector.java:1338)
	at ptolemy.actor.CompositeActor.preinitialize(CompositeActor.java:1828)
	at ptolemy.actor.Manager.preinitializeAndResolveTypes(Manager.java:1040)
	at ptolemy.actor.Manager.initialize(Manager.java:710)
	at ptolemy.actor.Manager.execute(Manager.java:356)
	at ptolemy.actor.Manager.run(Manager.java:1263)
	at ptolemy.actor.Manager$PtolemyRunThread.run(Manager.java:1915)
java.lang.RuntimeException: Execution failed
	at ptolemy.moml.MoMLSimpleApplication$UnloadThread.run(MoMLSimpleApplication.java:402)
Caused by: ptolemy.kernel.util.IllegalActionException: Found a zero delay loop containing .dependencyLoop.original
  in .dependencyLoop and .dependencyLoop.original
	at ptolemy.actor.util.CausalityInterfaceForComposites._computeOutputPortDepth(CausalityInterfaceForComposites.java:759)
	at ptolemy.actor.util.CausalityInterfaceForComposites._computeInputDepth(CausalityInterfaceForComposites.java:696)
	at ptolemy.actor.util.CausalityInterfaceForComposites._computeOutputPortDepth(CausalityInterfaceForComposites.java:765)
	at ptolemy.actor.util.CausalityInterfaceForComposites._computeInputDepth(CausalityInterfaceForComposites.java:696)
	at ptolemy.actor.util.CausalityInterfaceForComposites._computeOutputPortDepth(CausalityInterfaceForComposites.java:765)
	at ptolemy.actor.util.CausalityInterfaceForComposites._computeInputDepth(CausalityInterfaceForComposites.java:696)
	at ptolemy.actor.util.CausalityInterfaceForComposites._computeActorDepth(CausalityInterfaceForComposites.java:532)
	at ptolemy.actor.util.CausalityInterfaceForComposites.checkForCycles(CausalityInterfaceForComposites.java:96)
	at ptolemy.domains.de.kernel.DEDirector.preinitialize(DEDirector.java:1338)
	at ptolemy.actor.CompositeActor.preinitialize(CompositeActor.java:1828)
	at ptolemy.actor.Manager.preinitializeAndResolveTypes(Manager.java:1040)
	at ptolemy.actor.Manager.initialize(Manager.java:710)
	at ptolemy.actor.Manager.execute(Manager.java:356)
	at ptolemy.actor.Manager.run(Manager.java:1263)
	at ptolemy.actor.Manager$PtolemyRunThread.run(Manager.java:1915)
java.lang.RuntimeException: Execution failed
	at ptolemy.moml.MoMLSimpleApplication$UnloadThread.run(MoMLSimpleApplication.java:402)
Caused by: ptolemy.kernel.util.IllegalActionException: Actor is not ready to fire.  Perhaps UpSample.prefire() returned false? Try debugging the actor by selecting "Listen to Actor".  Also, for SDF check moml for tokenConsumptionRate on input.
  in .DESDFClockTest.Play Bell.Copy1:SDF Director and .DESDFClockTest.Play Bell.UpSample
	at ptolemy.actor.sched.StaticSchedulingDirector.fire(StaticSchedulingDirector.java:227)
	at ptolemy.domains.sdf.kernel.SDFDirector.fire(SDFDirector.java:500)
	at ptolemy.actor.CompositeActor.fire(CompositeActor.java:455)
	at ptolemy.domains.de.kernel.DEDirector._fire(DEDirector.java:1949)
	at ptolemy.domains.de.kernel.DEDirector.fire(DEDirector.java:502)
	at ptolemy.actor.CompositeActor.fire(CompositeActor.java:455)
	at ptolemy.actor.Manager.iterate(Manager.java:851)
	at ptolemy.actor.Manager.execute(Manager.java:369)
	at ptolemy.actor.Manager.run(Manager.java:1263)
	at ptolemy.actor.Manager$PtolemyRunThread.run(Manager.java:1915)
java.lang.RuntimeException: Execution failed
	at ptolemy.moml.MoMLSimpleApplication$UnloadThread.run(MoMLSimpleApplication.java:402)
Caused by: ptolemy.kernel.util.IllegalActionException: Found a zero delay loop containing .dependencyLoop2.original
  in .dependencyLoop2 and .dependencyLoop2.original
	at ptolemy.actor.util.CausalityInterfaceForComposites._computeOutputPortDepth(CausalityInterfaceForComposites.java:759)
	at ptolemy.actor.util.CausalityInterfaceForComposites._computeInputDepth(CausalityInterfaceForComposites.java:696)
	at ptolemy.actor.util.CausalityInterfaceForComposites._computeOutputPortDepth(CausalityInterfaceForComposites.java:765)
	at ptolemy.actor.util.CausalityInterfaceForComposites._computeInputDepth(CausalityInterfaceForComposites.java:696)
	at ptolemy.actor.util.CausalityInterfaceForComposites._computeOutputPortDepth(CausalityInterfaceForComposites.java:765)
	at ptolemy.actor.util.CausalityInterfaceForComposites._computeInputDepth(CausalityInterfaceForComposites.java:696)
	at ptolemy.actor.util.CausalityInterfaceForComposites._computeActorDepth(CausalityInterfaceForComposites.java:532)
	at ptolemy.actor.util.CausalityInterfaceForComposites.checkForCycles(CausalityInterfaceForComposites.java:96)
	at ptolemy.domains.de.kernel.DEDirector.preinitialize(DEDirector.java:1338)
	at ptolemy.actor.CompositeActor.preinitialize(CompositeActor.java:1828)
	at ptolemy.actor.Manager.preinitializeAndResolveTypes(Manager.java:1040)
	at ptolemy.actor.Manager.initialize(Manager.java:710)
	at ptolemy.actor.Manager.execute(Manager.java:356)
	at ptolemy.actor.Manager.run(Manager.java:1263)
	at ptolemy.actor.Manager$PtolemyRunThread.run(Manager.java:1915)
java.lang.RuntimeException: Execution failed
	at ptolemy.moml.MoMLSimpleApplication$UnloadThread.run(MoMLSimpleApplication.java:402)
Caused by: ptolemy.kernel.util.IllegalActionException: Found a zero delay loop containing .HierarchicalModel.A
  in .HierarchicalModel and .HierarchicalModel.A
	at ptolemy.actor.util.CausalityInterfaceForComposites._computeOutputPortDepth(CausalityInterfaceForComposites.java:759)
	at ptolemy.actor.util.CausalityInterfaceForComposites._computeInputDepth(CausalityInterfaceForComposites.java:696)
	at ptolemy.actor.util.CausalityInterfaceForComposites._computeOutputPortDepth(CausalityInterfaceForComposites.java:765)
	at ptolemy.actor.util.CausalityInterfaceForComposites._computeInputDepth(CausalityInterfaceForComposites.java:696)
	at ptolemy.actor.util.CausalityInterfaceForComposites._computeOutputPortDepth(CausalityInterfaceForComposites.java:765)
	at ptolemy.actor.util.CausalityInterfaceForComposites._computeInputDepth(CausalityInterfaceForComposites.java:696)
	at ptolemy.actor.util.CausalityInterfaceForComposites._computeActorDepth(CausalityInterfaceForComposites.java:532)
	at ptolemy.actor.util.CausalityInterfaceForComposites.checkForCycles(CausalityInterfaceForComposites.java:96)
	at ptolemy.domains.de.kernel.DEDirector.preinitialize(DEDirector.java:1338)
	at ptolemy.actor.CompositeActor.preinitialize(CompositeActor.java:1828)
	at ptolemy.actor.Manager.preinitializeAndResolveTypes(Manager.java:1040)
	at ptolemy.actor.Manager.initialize(Manager.java:710)
	at ptolemy.actor.Manager.execute(Manager.java:356)
	at ptolemy.actor.Manager.run(Manager.java:1263)
	at ptolemy.actor.Manager$PtolemyRunThread.run(Manager.java:1915)
java.lang.RuntimeException: Execution failed
	at ptolemy.moml.MoMLSimpleApplication$UnloadThread.run(MoMLSimpleApplication.java:402)
Caused by: ptolemy.kernel.util.IllegalActionException: Test fails in iteration 1.
Value was: 1.0. Should have been: 2.0
  in .DirectFeedback.Test
	at ptolemy.actor.lib.Test.fire(Test.java:268)
	at ptolemy.domains.de.kernel.DEDirector._fire(DEDirector.java:1949)
	at ptolemy.domains.de.kernel.DEDirector.fire(DEDirector.java:502)
	at ptolemy.actor.CompositeActor.fire(CompositeActor.java:455)
	at ptolemy.actor.Manager.iterate(Manager.java:851)
	at ptolemy.actor.Manager.execute(Manager.java:369)
	at ptolemy.actor.Manager.run(Manager.java:1263)
	at ptolemy.actor.Manager$PtolemyRunThread.run(Manager.java:1915)
java.lang.RuntimeException: Execution failed
	at ptolemy.moml.MoMLSimpleApplication$UnloadThread.run(MoMLSimpleApplication.java:402)
Caused by: ptolemy.kernel.util.IllegalActionException: Actor is not ready to fire.  Perhaps UpSample.prefire() returned false? Try debugging the actor by selecting "Listen to Actor".  Also, for SDF check moml for tokenConsumptionRate on input.
  in .DESDFClockTest.Play Bell.Copy1:SDF Director and .DESDFClockTest.Play Bell.UpSample
	at ptolemy.actor.sched.StaticSchedulingDirector.fire(StaticSchedulingDirector.java:227)
	at ptolemy.domains.sdf.kernel.SDFDirector.fire(SDFDirector.java:500)
	at ptolemy.actor.CompositeActor.fire(CompositeActor.java:455)
	at ptolemy.domains.de.kernel.DEDirector._fire(DEDirector.java:1949)
	at ptolemy.domains.de.kernel.DEDirector.fire(DEDirector.java:502)
	at ptolemy.actor.CompositeActor.fire(CompositeActor.java:455)
	at ptolemy.actor.Manager.iterate(Manager.java:851)
	at ptolemy.actor.Manager.execute(Manager.java:369)
	at ptolemy.actor.Manager.run(Manager.java:1263)
	at ptolemy.actor.Manager$PtolemyRunThread.run(Manager.java:1915)
java.lang.reflect.InvocationTargetException
	at sun.reflect.NativeConstructorAccessorImpl.newInstance0(Native Method)
	at sun.reflect.NativeConstructorAccessorImpl.newInstance(NativeConstructorAccessorImpl.java:62)
	at sun.reflect.DelegatingConstructorAccessorImpl.newInstance(DelegatingConstructorAccessorImpl.java:45)
	at java.lang.reflect.Constructor.newInstance(Constructor.java:423)
	at ptolemy.util.test.junit.AutoKnownFailedTests.RunModel(AutoKnownFailedTests.java:105)
	at sun.reflect.NativeMethodAccessorImpl.invoke0(Native Method)
	at sun.reflect.NativeMethodAccessorImpl.invoke(NativeMethodAccessorImpl.java:62)
	at sun.reflect.DelegatingMethodAccessorImpl.invoke(DelegatingMethodAccessorImpl.java:43)
	at java.lang.reflect.Method.invoke(Method.java:498)
	at org.junit.runners.model.FrameworkMethod$1.runReflectiveCall(FrameworkMethod.java:44)
	at org.junit.internal.runners.model.ReflectiveCallable.run(ReflectiveCallable.java:15)
	at org.junit.runners.model.FrameworkMethod.invokeExplosively(FrameworkMethod.java:41)
	at junitparams.internal.InvokeParameterisedMethod.evaluate(InvokeParameterisedMethod.java:102)
	at org.junit.internal.runners.statements.FailOnTimeout$1.run(FailOnTimeout.java:28)
Caused by: ptolemy.kernel.util.IllegalActionException: Actor is not ready to fire.  Perhaps UpSample.prefire() returned false? Try debugging the actor by selecting "Listen to Actor".  Also, for SDF check moml for tokenConsumptionRate on input.
  in .DESDFClockTest.Play Bell.Copy1:SDF Director and .DESDFClockTest.Play Bell.UpSample
	at ptolemy.actor.sched.StaticSchedulingDirector.fire(StaticSchedulingDirector.java:227)
	at ptolemy.domains.sdf.kernel.SDFDirector.fire(SDFDirector.java:500)
	at ptolemy.actor.CompositeActor.fire(CompositeActor.java:455)
	at ptolemy.domains.de.kernel.DEDirector._fire(DEDirector.java:1949)
	at ptolemy.domains.de.kernel.DEDirector.fire(DEDirector.java:502)
	at ptolemy.actor.CompositeActor.fire(CompositeActor.java:455)
	at ptolemy.actor.Manager.iterate(Manager.java:851)
	at ptolemy.actor.Manager.execute(Manager.java:369)
	at ptolemy.actor.Manager.run(Manager.java:1263)
	at ptolemy.actor.Manager$PtolemyRunThread.run(Manager.java:1915)
java.lang.RuntimeException: Execution failed
	at ptolemy.moml.MoMLSimpleApplication$UnloadThread.run(MoMLSimpleApplication.java:402)
Caused by: ptolemy.kernel.util.IllegalActionException: Test fails in iteration 1.
Value was: 1.0. Should have been: 2.0
  in .DirectFeedback.Test
	at ptolemy.actor.lib.Test.fire(Test.java:268)
	at ptolemy.domains.de.kernel.DEDirector._fire(DEDirector.java:1949)
	at ptolemy.domains.de.kernel.DEDirector.fire(DEDirector.java:502)
	at ptolemy.actor.CompositeActor.fire(CompositeActor.java:455)
	at ptolemy.actor.Manager.iterate(Manager.java:851)
	at ptolemy.actor.Manager.execute(Manager.java:369)
	at ptolemy.actor.Manager.run(Manager.java:1263)
	at ptolemy.actor.Manager$PtolemyRunThread.run(Manager.java:1915)
java.lang.reflect.InvocationTargetException
	at sun.reflect.NativeConstructorAccessorImpl.newInstance0(Native Method)
	at sun.reflect.NativeConstructorAccessorImpl.newInstance(NativeConstructorAccessorImpl.java:62)
	at sun.reflect.DelegatingConstructorAccessorImpl.newInstance(DelegatingConstructorAccessorImpl.java:45)
	at java.lang.reflect.Constructor.newInstance(Constructor.java:423)
	at ptolemy.util.test.junit.AutoKnownFailedTests.RunModel(AutoKnownFailedTests.java:105)
	at sun.reflect.NativeMethodAccessorImpl.invoke0(Native Method)
	at sun.reflect.NativeMethodAccessorImpl.invoke(NativeMethodAccessorImpl.java:62)
	at sun.reflect.DelegatingMethodAccessorImpl.invoke(DelegatingMethodAccessorImpl.java:43)
	at java.lang.reflect.Method.invoke(Method.java:498)
	at org.junit.runners.model.FrameworkMethod$1.runReflectiveCall(FrameworkMethod.java:44)
	at org.junit.internal.runners.model.ReflectiveCallable.run(ReflectiveCallable.java:15)
	at org.junit.runners.model.FrameworkMethod.invokeExplosively(FrameworkMethod.java:41)
	at junitparams.internal.InvokeParameterisedMethod.evaluate(InvokeParameterisedMethod.java:102)
	at org.junit.internal.runners.statements.FailOnTimeout$1.run(FailOnTimeout.java:28)
Caused by: ptolemy.kernel.util.IllegalActionException: Test fails in iteration 1.
Value was: 1.0. Should have been: 2.0
  in .DirectFeedback.Test
	at ptolemy.actor.lib.Test.fire(Test.java:268)
	at ptolemy.domains.de.kernel.DEDirector._fire(DEDirector.java:1949)
	at ptolemy.domains.de.kernel.DEDirector.fire(DEDirector.java:502)
	at ptolemy.actor.CompositeActor.fire(CompositeActor.java:455)
	at ptolemy.actor.Manager.iterate(Manager.java:851)
	at ptolemy.actor.Manager.execute(Manager.java:369)
	at ptolemy.actor.Manager.run(Manager.java:1263)
	at ptolemy.actor.Manager$PtolemyRunThread.run(Manager.java:1915)
java.lang.RuntimeException: Execution failed
	at ptolemy.moml.MoMLSimpleApplication$UnloadThread.run(MoMLSimpleApplication.java:402)
Caused by: ptolemy.kernel.util.IllegalActionException: Found a zero delay loop containing .HierarchicalModel.A
  in .HierarchicalModel and .HierarchicalModel.A
	at ptolemy.actor.util.CausalityInterfaceForComposites._computeOutputPortDepth(CausalityInterfaceForComposites.java:759)
	at ptolemy.actor.util.CausalityInterfaceForComposites._computeInputDepth(CausalityInterfaceForComposites.java:696)
	at ptolemy.actor.util.CausalityInterfaceForComposites._computeOutputPortDepth(CausalityInterfaceForComposites.java:765)
	at ptolemy.actor.util.CausalityInterfaceForComposites._computeInputDepth(CausalityInterfaceForComposites.java:696)
	at ptolemy.actor.util.CausalityInterfaceForComposites._computeOutputPortDepth(CausalityInterfaceForComposites.java:765)
	at ptolemy.actor.util.CausalityInterfaceForComposites._computeInputDepth(CausalityInterfaceForComposites.java:696)
	at ptolemy.actor.util.CausalityInterfaceForComposites._computeActorDepth(CausalityInterfaceForComposites.java:532)
	at ptolemy.actor.util.CausalityInterfaceForComposites.checkForCycles(CausalityInterfaceForComposites.java:96)
	at ptolemy.domains.de.kernel.DEDirector.preinitialize(DEDirector.java:1338)
	at ptolemy.actor.CompositeActor.preinitialize(CompositeActor.java:1828)
	at ptolemy.actor.Manager.preinitializeAndResolveTypes(Manager.java:1040)
	at ptolemy.actor.Manager.initialize(Manager.java:710)
	at ptolemy.actor.Manager.execute(Manager.java:356)
	at ptolemy.actor.Manager.run(Manager.java:1263)
	at ptolemy.actor.Manager$PtolemyRunThread.run(Manager.java:1915)
java.lang.reflect.InvocationTargetException
	at sun.reflect.NativeConstructorAccessorImpl.newInstance0(Native Method)
	at sun.reflect.NativeConstructorAccessorImpl.newInstance(NativeConstructorAccessorImpl.java:62)
	at sun.reflect.DelegatingConstructorAccessorImpl.newInstance(DelegatingConstructorAccessorImpl.java:45)
	at java.lang.reflect.Constructor.newInstance(Constructor.java:423)
	at ptolemy.util.test.junit.AutoKnownFailedTests.RunModel(AutoKnownFailedTests.java:105)
	at sun.reflect.NativeMethodAccessorImpl.invoke0(Native Method)
	at sun.reflect.NativeMethodAccessorImpl.invoke(NativeMethodAccessorImpl.java:62)
	at sun.reflect.DelegatingMethodAccessorImpl.invoke(DelegatingMethodAccessorImpl.java:43)
	at java.lang.reflect.Method.invoke(Method.java:498)
	at org.junit.runners.model.FrameworkMethod$1.runReflectiveCall(FrameworkMethod.java:44)
	at org.junit.internal.runners.model.ReflectiveCallable.run(ReflectiveCallable.java:15)
	at org.junit.runners.model.FrameworkMethod.invokeExplosively(FrameworkMethod.java:41)
	at junitparams.internal.InvokeParameterisedMethod.evaluate(InvokeParameterisedMethod.java:102)
	at org.junit.internal.runners.statements.FailOnTimeout$1.run(FailOnTimeout.java:28)
Caused by: ptolemy.kernel.util.IllegalActionException: Found a zero delay loop containing .HierarchicalModel.A
  in .HierarchicalModel and .HierarchicalModel.A
	at ptolemy.actor.util.CausalityInterfaceForComposites._computeOutputPortDepth(CausalityInterfaceForComposites.java:759)
	at ptolemy.actor.util.CausalityInterfaceForComposites._computeInputDepth(CausalityInterfaceForComposites.java:696)
	at ptolemy.actor.util.CausalityInterfaceForComposites._computeOutputPortDepth(CausalityInterfaceForComposites.java:765)
	at ptolemy.actor.util.CausalityInterfaceForComposites._computeInputDepth(CausalityInterfaceForComposites.java:696)
	at ptolemy.actor.util.CausalityInterfaceForComposites._computeOutputPortDepth(CausalityInterfaceForComposites.java:765)
	at ptolemy.actor.util.CausalityInterfaceForComposites._computeInputDepth(CausalityInterfaceForComposites.java:696)
	at ptolemy.actor.util.CausalityInterfaceForComposites._computeActorDepth(CausalityInterfaceForComposites.java:532)
	at ptolemy.actor.util.CausalityInterfaceForComposites.checkForCycles(CausalityInterfaceForComposites.java:96)
	at ptolemy.domains.de.kernel.DEDirector.preinitialize(DEDirector.java:1338)
	at ptolemy.actor.CompositeActor.preinitialize(CompositeActor.java:1828)
	at ptolemy.actor.Manager.preinitializeAndResolveTypes(Manager.java:1040)
	at ptolemy.actor.Manager.initialize(Manager.java:710)
	at ptolemy.actor.Manager.execute(Manager.java:356)
	at ptolemy.actor.Manager.run(Manager.java:1263)
	at ptolemy.actor.Manager$PtolemyRunThread.run(Manager.java:1915)
java.lang.RuntimeException: Execution failed
	at ptolemy.moml.MoMLSimpleApplication$UnloadThread.run(MoMLSimpleApplication.java:402)
Caused by: ptolemy.kernel.util.IllegalActionException: Found a zero delay loop containing .dependencyLoop.original
  in .dependencyLoop and .dependencyLoop.original
	at ptolemy.actor.util.CausalityInterfaceForComposites._computeOutputPortDepth(CausalityInterfaceForComposites.java:759)
	at ptolemy.actor.util.CausalityInterfaceForComposites._computeInputDepth(CausalityInterfaceForComposites.java:696)
	at ptolemy.actor.util.CausalityInterfaceForComposites._computeOutputPortDepth(CausalityInterfaceForComposites.java:765)
	at ptolemy.actor.util.CausalityInterfaceForComposites._computeInputDepth(CausalityInterfaceForComposites.java:696)
	at ptolemy.actor.util.CausalityInterfaceForComposites._computeOutputPortDepth(CausalityInterfaceForComposites.java:765)
	at ptolemy.actor.util.CausalityInterfaceForComposites._computeInputDepth(CausalityInterfaceForComposites.java:696)
	at ptolemy.actor.util.CausalityInterfaceForComposites._computeActorDepth(CausalityInterfaceForComposites.java:532)
	at ptolemy.actor.util.CausalityInterfaceForComposites.checkForCycles(CausalityInterfaceForComposites.java:96)
	at ptolemy.domains.de.kernel.DEDirector.preinitialize(DEDirector.java:1338)
	at ptolemy.actor.CompositeActor.preinitialize(CompositeActor.java:1828)
	at ptolemy.actor.Manager.preinitializeAndResolveTypes(Manager.java:1040)
	at ptolemy.actor.Manager.initialize(Manager.java:710)
	at ptolemy.actor.Manager.execute(Manager.java:356)
	at ptolemy.actor.Manager.run(Manager.java:1263)
	at ptolemy.actor.Manager$PtolemyRunThread.run(Manager.java:1915)
java.lang.reflect.InvocationTargetException
	at sun.reflect.NativeConstructorAccessorImpl.newInstance0(Native Method)
	at sun.reflect.NativeConstructorAccessorImpl.newInstance(NativeConstructorAccessorImpl.java:62)
	at sun.reflect.DelegatingConstructorAccessorImpl.newInstance(DelegatingConstructorAccessorImpl.java:45)
	at java.lang.reflect.Constructor.newInstance(Constructor.java:423)
	at ptolemy.util.test.junit.AutoKnownFailedTests.RunModel(AutoKnownFailedTests.java:105)
	at sun.reflect.NativeMethodAccessorImpl.invoke0(Native Method)
	at sun.reflect.NativeMethodAccessorImpl.invoke(NativeMethodAccessorImpl.java:62)
	at sun.reflect.DelegatingMethodAccessorImpl.invoke(DelegatingMethodAccessorImpl.java:43)
	at java.lang.reflect.Method.invoke(Method.java:498)
	at org.junit.runners.model.FrameworkMethod$1.runReflectiveCall(FrameworkMethod.java:44)
	at org.junit.internal.runners.model.ReflectiveCallable.run(ReflectiveCallable.java:15)
	at org.junit.runners.model.FrameworkMethod.invokeExplosively(FrameworkMethod.java:41)
	at junitparams.internal.InvokeParameterisedMethod.evaluate(InvokeParameterisedMethod.java:102)
	at org.junit.internal.runners.statements.FailOnTimeout$1.run(FailOnTimeout.java:28)
Caused by: ptolemy.kernel.util.IllegalActionException: Found a zero delay loop containing .dependencyLoop.original
  in .dependencyLoop and .dependencyLoop.original
	at ptolemy.actor.util.CausalityInterfaceForComposites._computeOutputPortDepth(CausalityInterfaceForComposites.java:759)
	at ptolemy.actor.util.CausalityInterfaceForComposites._computeInputDepth(CausalityInterfaceForComposites.java:696)
	at ptolemy.actor.util.CausalityInterfaceForComposites._computeOutputPortDepth(CausalityInterfaceForComposites.java:765)
	at ptolemy.actor.util.CausalityInterfaceForComposites._computeInputDepth(CausalityInterfaceForComposites.java:696)
	at ptolemy.actor.util.CausalityInterfaceForComposites._computeOutputPortDepth(CausalityInterfaceForComposites.java:765)
	at ptolemy.actor.util.CausalityInterfaceForComposites._computeInputDepth(CausalityInterfaceForComposites.java:696)
	at ptolemy.actor.util.CausalityInterfaceForComposites._computeActorDepth(CausalityInterfaceForComposites.java:532)
	at ptolemy.actor.util.CausalityInterfaceForComposites.checkForCycles(CausalityInterfaceForComposites.java:96)
	at ptolemy.domains.de.kernel.DEDirector.preinitialize(DEDirector.java:1338)
	at ptolemy.actor.CompositeActor.preinitialize(CompositeActor.java:1828)
	at ptolemy.actor.Manager.preinitializeAndResolveTypes(Manager.java:1040)
	at ptolemy.actor.Manager.initialize(Manager.java:710)
	at ptolemy.actor.Manager.execute(Manager.java:356)
	at ptolemy.actor.Manager.run(Manager.java:1263)
	at ptolemy.actor.Manager$PtolemyRunThread.run(Manager.java:1915)
java.lang.RuntimeException: Execution failed
	at ptolemy.moml.MoMLSimpleApplication$UnloadThread.run(MoMLSimpleApplication.java:402)
Caused by: ptolemy.kernel.util.IllegalActionException: Found a zero delay loop containing .dependencyLoop2.original
  in .dependencyLoop2 and .dependencyLoop2.original
	at ptolemy.actor.util.CausalityInterfaceForComposites._computeOutputPortDepth(CausalityInterfaceForComposites.java:759)
	at ptolemy.actor.util.CausalityInterfaceForComposites._computeInputDepth(CausalityInterfaceForComposites.java:696)
	at ptolemy.actor.util.CausalityInterfaceForComposites._computeOutputPortDepth(CausalityInterfaceForComposites.java:765)
	at ptolemy.actor.util.CausalityInterfaceForComposites._computeInputDepth(CausalityInterfaceForComposites.java:696)
	at ptolemy.actor.util.CausalityInterfaceForComposites._computeOutputPortDepth(CausalityInterfaceForComposites.java:765)
	at ptolemy.actor.util.CausalityInterfaceForComposites._computeInputDepth(CausalityInterfaceForComposites.java:696)
	at ptolemy.actor.util.CausalityInterfaceForComposites._computeActorDepth(CausalityInterfaceForComposites.java:532)
	at ptolemy.actor.util.CausalityInterfaceForComposites.checkForCycles(CausalityInterfaceForComposites.java:96)
	at ptolemy.domains.de.kernel.DEDirector.preinitialize(DEDirector.java:1338)
	at ptolemy.actor.CompositeActor.preinitialize(CompositeActor.java:1828)
	at ptolemy.actor.Manager.preinitializeAndResolveTypes(Manager.java:1040)
	at ptolemy.actor.Manager.initialize(Manager.java:710)
	at ptolemy.actor.Manager.execute(Manager.java:356)
	at ptolemy.actor.Manager.run(Manager.java:1263)
	at ptolemy.actor.Manager$PtolemyRunThread.run(Manager.java:1915)
java.lang.reflect.InvocationTargetException
	at sun.reflect.NativeConstructorAccessorImpl.newInstance0(Native Method)
	at sun.reflect.NativeConstructorAccessorImpl.newInstance(NativeConstructorAccessorImpl.java:62)
	at sun.reflect.DelegatingConstructorAccessorImpl.newInstance(DelegatingConstructorAccessorImpl.java:45)
	at java.lang.reflect.Constructor.newInstance(Constructor.java:423)
	at ptolemy.util.test.junit.AutoKnownFailedTests.RunModel(AutoKnownFailedTests.java:105)
	at sun.reflect.NativeMethodAccessorImpl.invoke0(Native Method)
	at sun.reflect.NativeMethodAccessorImpl.invoke(NativeMethodAccessorImpl.java:62)
	at sun.reflect.DelegatingMethodAccessorImpl.invoke(DelegatingMethodAccessorImpl.java:43)
	at java.lang.reflect.Method.invoke(Method.java:498)
	at org.junit.runners.model.FrameworkMethod$1.runReflectiveCall(FrameworkMethod.java:44)
	at org.junit.internal.runners.model.ReflectiveCallable.run(ReflectiveCallable.java:15)
	at org.junit.runners.model.FrameworkMethod.invokeExplosively(FrameworkMethod.java:41)
	at junitparams.internal.InvokeParameterisedMethod.evaluate(InvokeParameterisedMethod.java:102)
	at org.junit.internal.runners.statements.FailOnTimeout$1.run(FailOnTimeout.java:28)
Caused by: ptolemy.kernel.util.IllegalActionException: Found a zero delay loop containing .dependencyLoop2.original
  in .dependencyLoop2 and .dependencyLoop2.original
	at ptolemy.actor.util.CausalityInterfaceForComposites._computeOutputPortDepth(CausalityInterfaceForComposites.java:759)
	at ptolemy.actor.util.CausalityInterfaceForComposites._computeInputDepth(CausalityInterfaceForComposites.java:696)
	at ptolemy.actor.util.CausalityInterfaceForComposites._computeOutputPortDepth(CausalityInterfaceForComposites.java:765)
	at ptolemy.actor.util.CausalityInterfaceForComposites._computeInputDepth(CausalityInterfaceForComposites.java:696)
	at ptolemy.actor.util.CausalityInterfaceForComposites._computeOutputPortDepth(CausalityInterfaceForComposites.java:765)
	at ptolemy.actor.util.CausalityInterfaceForComposites._computeInputDepth(CausalityInterfaceForComposites.java:696)
	at ptolemy.actor.util.CausalityInterfaceForComposites._computeActorDepth(CausalityInterfaceForComposites.java:532)
	at ptolemy.actor.util.CausalityInterfaceForComposites.checkForCycles(CausalityInterfaceForComposites.java:96)
	at ptolemy.domains.de.kernel.DEDirector.preinitialize(DEDirector.java:1338)
	at ptolemy.actor.CompositeActor.preinitialize(CompositeActor.java:1828)
	at ptolemy.actor.Manager.preinitializeAndResolveTypes(Manager.java:1040)
	at ptolemy.actor.Manager.initialize(Manager.java:710)
	at ptolemy.actor.Manager.execute(Manager.java:356)
	at ptolemy.actor.Manager.run(Manager.java:1263)
	at ptolemy.actor.Manager$PtolemyRunThread.run(Manager.java:1915)
]]></system-err>
</testsuite>
