<?xml version="1.0" encoding="UTF-8" ?>
<testsuite errors="1" failures="0" hostname="travis-job-851670f2-017f-4012-8649-2c7fe336bfd0" name="ptolemy.actor.lib.test.junit.JUnitTclTest" skipped="0" tests="517" time="61.726" timestamp="2020-01-03T00:44:07">
  <properties>
    <property name="npm.executable" value="npm" />
    <property name="env.TRAVIS_ROOT" value="/" />
    <property name="ptII.mk.exists" value="true" />
    <property name="env.TRAVIS_APP_HOST" value="build.travis-ci.org" />
    <property name="env.rvm_bin_path" value="/home/travis/.rvm/bin" />
    <property name="java.home" value="/usr/local/lib/jvm/openjdk11" />
    <property name="env.TRAVIS_JOB_NUMBER" value="1451.8" />
    <property name="env.TRAVIS_HOME" value="/home/travis" />
    <property name="env.DISPLAY" value=":99.0" />
    <property name="env.TRAVIS_INIT" value="systemd" />
    <property name="env.SSH_TTY" value="/dev/pts/0" />
    <property name="java.net.preferIPv4Stack" value="true" />
    <property name="env.RUN_TESTS" value="true" />
    <property name="timeout.short" value="1000000" />
    <property name="junit.formatter" value="xml" />
    <property name="env.TRAVIS_SUDO" value="true" />
    <property name="env.TRAVIS_JOB_NAME" value="" />
    <property name="env.TRAVIS_STACK_NODE_ATTRIBUTES" value="/.node-attributes.yml" />
    <property name="env.LOGNAME" value="travis" />
    <property name="env.PT_TRAVIS_TEST_CORE1_XML" value="true" />
    <property name="jsdoc.home" value="node_modules/@terraswarm/jsdoc" />
    <property name="debuglevel" value="source,lines,vars" />
    <property name="checkstyle.formatter" value="xml" />
    <property name="env._system_version" value="16.04" />
    <property name="bin.vergil.makeable" value="true" />
    <property name="sun.os.patch.level" value="unknown" />
    <property name="java.vendor.url" value="http://java.oracle.com/" />
    <property name="env.TRAVIS_BUILD_WEB_URL" value="https://travis-ci.org/icyphy/ptII/builds/632093882" />
    <property name="java.version" value="11.0.2" />
    <property name="env.TZ" value="UTC" />
    <property name="env.TRAVIS_PULL_REQUEST_SHA" value="" />
    <property name="env.PT_NO_NET" value="true" />
    <property name="env.TRAVIS_SECURE_ENV_VARS" value="true" />
    <property name="env._system_type" value="Linux" />
    <property name="java.vendor.url.bug" value="http://bugreport.java.com/bugreport/" />
    <property name="npmjs-org-is-up" value="true" />
    <property name="env.LANGUAGE" value="en_US.UTF-8" />
    <property name="env.SSH_CLIENT" value="10.16.1.53 40944 22" />
    <property name="env.GEM_HOME" value="/home/travis/.rvm/gems/ruby-2.5.3" />
    <property name="env.HAS_ANTARES_THREE_LITTLE_FRONZIES_BADGE" value="true" />
    <property name="java.version.date" value="2019-01-15" />
    <property name="env.PS4" value="+" />
    <property name="ant.project.invoked-targets" value="build,test.core1.xml" />
    <property name="env.TRAVIS_PULL_REQUEST_BRANCH" value="" />
    <property name="env.TRAVIS_REPO_SLUG" value="icyphy/ptII" />
    <property name="env.XDG_DATA_DIRS" value="/usr/local/share:/usr/share:/var/lib/snapd/desktop" />
    <property name="jdk.debug" value="release" />
    <property name="env.TRAVIS_APT_PROXY" value="http://build-cache.travisci.net" />
    <property name="env.TRAVIS_CPU_ARCH" value="amd64" />
    <property name="node.in.path" value="true" />
    <property name="user.name" value="travis" />
    <property name="java.maxmemory" value="1400m" />
    <property name="env.RUBY_VERSION" value="ruby-2.5.3" />
    <property name="env.LANG" value="en_US.UTF-8" />
    <property name="sun.io.unicode.encoding" value="UnicodeLittle" />
    <property name="sun.jnu.encoding" value="UTF-8" />
    <property name="java.runtime.name" value="OpenJDK Runtime Environment" />
    <property name="usefile" value="false" />
    <property name="return.code" value="0" />
    <property name="junit.single.formatter" value="plain" />
    <property name="env.DYLD_LIBRARY_PATH" value="/home/travis/pthla/certi-tools/lib:" />
    <property name="env.DEBIAN_FRONTEND" value="noninteractive" />
    <property name="env.SSH_CONNECTION" value="10.16.1.53 40944 10.20.0.129 22" />
    <property name="env.MYSQL_UNIX_PORT" value="/var/run/mysqld/mysqld.sock" />
    <property name="env.LC_ALL" value="en_US.UTF-8" />
    <property name="env.TRAVIS_ALLOW_FAILURE" value="false" />
    <property name="env.TRAVIS_JOB_WEB_URL" value="https://travis-ci.org/icyphy/ptII/jobs/632093890" />
    <property name="java.specification.name" value="Java Platform API Specification" />
    <property name="node.works" value="true" />
    <property name="user.timezone" value="" />
    <property name="path.separator" value=":" />
    <property name="env.TRAVIS_ENABLE_INFRA_DETECTION" value="true" />
    <property name="env.PYTHON_CFLAGS" value="-g -fstack-protector --param=ssp-buffer-size=4 -Wformat -Werror=format-security" />
    <property name="timeout.long" value="4000000" />
    <property name="env.CERTI_HOME" value="/home/travis/pthla/certi-tools" />
    <property name="ant.file.ptII" value="/home/travis/build/icyphy/ptII/build.xml" />
    <property name="javadoc.packagenames" value="com.*,diva.*,lbnl.*,org.hlacerti.*,org.json.*,org.ptolemy.*,org.terraswarm.*,ptolemy.*,ptserver.*" />
    <property name="file.encoding" value="UTF-8" />
    <property name="env.TRAVIS_PULL_REQUEST_SLUG" value="" />
    <property name="ant.project.default-target" value="build" />
    <property name="env.GIT_ASKPASS" value="echo" />
    <property name="env.HOME" value="/home/travis" />
    <property name="sun.java.command" value="org.apache.tools.ant.taskdefs.optional.junit.JUnitTestRunner ptolemy.actor.lib.test.junit.JUnitTclTest skipNonTests=false filtertrace=true haltOnError=false haltOnFailure=false formatter=org.apache.tools.ant.taskdefs.optional.junit.OutErrSummaryJUnitResultFormatter showoutput=true outputtoformatters=true logfailedtests=true threadid=0 logtestlistenerevents=false formatter=org.apache.tools.ant.taskdefs.optional.junit.XMLJUnitResultFormatter,/home/travis/build/icyphy/ptII/reports/junit/TEST-ptolemy.actor.lib.test.junit.JUnitTclTest.xml crashfile=/home/travis/build/icyphy/ptII/junitvmwatcher7457324743686723237.properties propsfile=/home/travis/build/icyphy/ptII/junit16117732277636395051.properties" />
    <property name="env.COMPOSER_NO_INTERACTION" value="1" />
    <property name="env.MANPATH" value="/home/travis/.nvm/versions/node/v7.10.1/share/man:/home/travis/.rvm/rubies/ruby-2.5.3/share/man:/usr/local/cmake-3.12.4/man:/usr/local/clang-7.0.0/share/man:/usr/local/man:/usr/local/share/man:/usr/share/man:/home/travis/.rvm/man" />
    <property name="env.TRAVIS_TIMER_ID" value="0063ebf0" />
    <property name="ant.file" value="/home/travis/build/icyphy/ptII/build.xml" />
    <property name="env.TRAVIS_COMMIT_RANGE" value="1f87987f0e3e...0619398bc940" />
    <property name="env._system_name" value="Ubuntu" />
    <property name="ptII.classpath.optional.property" value="/home/travis/build/icyphy/ptII/lib/bsh-2.0b4.jar:/home/travis/build/icyphy/ptII/lib/ptCal.jar:/home/travis/build/icyphy/ptII/lib/java_cup.jar:/home/travis/build/icyphy/ptII/lib/saxon8.jar:/home/travis/build/icyphy/ptII/lib/saxon8-dom.jar:/home/travis/build/icyphy/ptII/lib/chic.jar:/home/travis/build/icyphy/ptII/lib/ptcolt.jar:/home/travis/build/icyphy/ptII/vendors/misc/itext/iText.jar:/home/travis/build/icyphy/ptII/lib/g4ltl.jar:/home/travis/build/icyphy/ptII/lib/StructuralCoder.jar:/home/travis/build/icyphy/ptII/lib/jcerti.jar:/home/travis/build/icyphy/ptII/lib/javax.mail.jar:/home/travis/build/icyphy/ptII/vendors/JMF-2.1.1e/lib/jmf.jar:/home/travis/build/icyphy/ptII/lib/jna-4.0.0-variadic.jar:/home/travis/build/icyphy/ptII/vendors/misc/joystick/Joystick.jar:/home/travis/build/icyphy/ptII/lib/ptjacl.jar:/home/travis/build/icyphy/ptII/lib/jsoup-1.8.2.jar:/home/travis/build/icyphy/ptII/lib/junit-4.8.2.jar:/home/travis/build/icyphy/ptII/lib/JUnitParams-0.4.0.jar:/home/travis/build/icyphy/ptII/ptolemy/actor/lib/excel/jxl.jar:/home/travis/build/icyphy/ptII/lib/jython.jar:/home/travis/build/icyphy/ptII/lib/kieler.jar:/home/travis/build/icyphy/ptII/vendors/opencv/share/OpenCV/java/opencv-341.jar:/home/travis/build/icyphy/ptII/lib/oscP5.jar:/home/travis/build/icyphy/ptII/lib/nrjavaserial-3.11.0.devel.jar:/home/travis/build/icyphy/ptII/vendors/j3d/lib/Linux/j3dcore.jar:/home/travis/build/icyphy/ptII/vendors/j3d/lib/Linux/j3dutils.jar:/home/travis/build/icyphy/ptII/vendors/j3d/lib/Linux/vecmath.jar:/home/travis/build/icyphy/ptII/vendors/jogl/lib/Linux/gluegen-rt-natives-linux-amd64.jar:/home/travis/build/icyphy/ptII/vendors/jogl/lib/Linux/gluegen-rt.jar:/home/travis/build/icyphy/ptII/vendors/jogl/lib/Linux/jogl-all-natives-linux-amd64.jar:/home/travis/build/icyphy/ptII/vendors/jogl/lib/Linux/jogl-all.jar:/home/travis/build/icyphy/ptII/ptolemy/distributed/jini/jar/jini-core.jar:/home/travis/build/icyphy/ptII/ptolemy/distributed/jini/jar/jini-ext.jar:/home/travis/build/icyphy/ptII/ptolemy/distributed/jini/jar/sun-util.jar:/home/travis/build/icyphy/ptII/lib/protobuf-java-2.4.1.jar:/home/travis/build/icyphy/ptII/lib/org.eclipse.paho.client.mqttv3.jar:/home/travis/build/icyphy/ptII/lib/mapss.jar:/home/travis/build/icyphy/ptII/ptolemy/actor/ptalon/antlr/antlr.jar:/home/travis/build/icyphy/ptII/lib/JRI.jar:/home/travis/build/icyphy/ptII/lib/commons-lang-2.6.jar:/home/travis/build/icyphy/ptII/lib/commons-logging-1.1.1.jar:/home/travis/build/icyphy/ptII/lib/sootclasses.jar:/home/travis/build/icyphy/ptII/ptolemy/actor/lib/database/mysql-connector-java-5.1.6-bin.jar:/home/travis/build/icyphy/ptII/vendors/misc/sphinx4/sphinx4-data-5prealpha.jar:/home/travis/build/icyphy/ptII/vendors/misc/sphinx4/sphinx4-core-5prealpha.jar:/home/travis/build/icyphy/ptII/lib/PDFRenderer.jar:/home/travis/build/icyphy/ptII/lib/svgSalamander.jar:/home/travis/build/icyphy/ptII/lib/rsyntaxtextarea-2.6.0-SNAPSHOT.jar:/home/travis/build/icyphy/ptII/lib/hazelcast-3.8.2.jar:/home/travis/build/icyphy/ptII/lib/jackson-annotations-2.9.0.jar:/home/travis/build/icyphy/ptII/lib/jackson-core-2.9.3.jar:/home/travis/build/icyphy/ptII/lib/jackson-databind-2.9.3.jar:/home/travis/build/icyphy/ptII/lib/netty-buffer-4.1.19.Final.jar:/home/travis/build/icyphy/ptII/lib/netty-codec-4.1.19.Final.jar:/home/travis/build/icyphy/ptII/lib/netty-codec-dns-4.1.19.Final.jar:/home/travis/build/icyphy/ptII/lib/netty-codec-http-4.1.19.Final.jar:/home/travis/build/icyphy/ptII/lib/netty-codec-http2-4.1.19.Final.jar:/home/travis/build/icyphy/ptII/lib/netty-common-4.1.19.Final.jar:/home/travis/build/icyphy/ptII/lib/netty-handler-4.1.19.Final.jar:/home/travis/build/icyphy/ptII/lib/netty-resolver-4.1.19.Final.jar:/home/travis/build/icyphy/ptII/lib/netty-resolver-dns-4.1.19.Final.jar:/home/travis/build/icyphy/ptII/lib/netty-transport-4.1.19.Final.jar:/home/travis/build/icyphy/ptII/lib/vertx-codegen-3.5.1.jar:/home/travis/build/icyphy/ptII/lib/vertx-core-3.5.2-SNAPSHOT.jar:/home/travis/build/icyphy/ptII/lib/vertx-hazelcast-3.5.1.jar:/home/travis/build/icyphy/ptII/lib/vertx-lang-js-3.5.1.jar:/home/travis/build/icyphy/ptII/lib/vertx-service-proxy-3.5.1.jar:/home/travis/build/icyphy/ptII/lib/vertx-web-3.5.1.jar:/home/travis/build/icyphy/ptII/lib/slf4j-api-1.7.13.jar:/home/travis/build/icyphy/ptII/lib/slf4j-simple-1.7.13.jar:/home/travis/build/icyphy/ptII/lib/webcam-capture-0.3.12.jar:/home/travis/build/icyphy/ptII/lib/bridj-0.7.0.jar:/home/travis/build/icyphy/ptII/lib/xbjlib-1.1.0.nrjavaserial.jar" />
    <property name="timeout" value="2400000" />
    <property name="test.batch" value="**/junit/*.java" />
    <property name="env._" value="/usr/bin/timeout" />
    <property name="java.io.tmpdir" value="/tmp" />
    <property name="user.language" value="en" />
    <property name="env.TRAVIS_INTERNAL_RUBY_REGEX" value="^ruby-(2\.[0-4]\.[0-9]|1\.9\.3)" />
    <property name="env.HISTCONTROL" value="ignoredups:ignorespace" />
    <property name="env.GOROOT" value="/home/travis/.gimme/versions/go1.11.1.linux.amd64" />
    <property name="line.separator" value="&#xa;" />
    <property name="target" value="11" />
    <property name="env.TRAVIS_BUILD_DIR" value="/home/travis/build/icyphy/ptII" />
    <property name="env.ANT_OPTS" value="-Xmx2048m" />
    <property name="ant.file.type" value="file" />
    <property name="ptolemy.ptII.batchMode" value="true" />
    <property name="env.HISTSIZE" value="1000" />
    <property name="env.MERB_ENV" value="test" />
    <property name="java.vm.info" value="mixed mode" />
    <property name="source" value="11" />
    <property name="java.vm.specification.name" value="Java Virtual Machine Specification" />
    <property name="env.TRAVIS_TEST_RESULT" value="0" />
    <property name="jsdoc.command" value="node_modules/@terraswarm/jsdoc/jsdoc.js" />
    <property name="npm.works" value="true" />
    <property name="cobertura.dir" value="/home/travis/build/icyphy/ptII/vendors/cobertura-2.0.3" />
    <property name="jsdoc.command.exists" value="true" />
    <property name="env.rvm_path" value="/home/travis/.rvm" />
    <property name="env.GEM_PATH" value="/home/travis/.rvm/gems/ruby-2.5.3:/home/travis/.rvm/gems/ruby-2.5.3@global" />
    <property name="env.LC_CTYPE" value="en_US.UTF-8" />
    <property name="env.TRAVIS_CMD" value="$PTII/bin/ptIITravisBuild.sh $SECONDS" />
    <property name="java.awt.printerjob" value="sun.print.PSPrinterJob" />
    <property name="env.TRAVIS_STACK_NAME" value="sardonyx" />
    <property name="env.TRAVIS_TIMER_START_TIME" value="1578011627004658281" />
    <property name="ant.version" value="Apache Ant(TM) version 1.10.1 compiled on February 2 2017" />
    <property name="ptII.reports" value="/home/travis/build/icyphy/ptII/reports" />
    <property name="env.TRAVIS_STACK_TIMESTAMP" value="2019-03-25 16:16:56 UTC" />
    <property name="ant.file.type.ptII" value="file" />
    <property name="env.RBENV_SHELL" value="bash" />
    <property name="os.name" value="Linux" />
    <property name="java.specification.vendor" value="Oracle Corporation" />
    <property name="env.rvm_version" value="1.29.7 (latest)" />
    <property name="env.TRAVIS_INFRA" value="unknown" />
    <property name="env.TERM" value="xterm" />
    <property name="java.vm.name" value="OpenJDK 64-Bit Server VM" />
    <property name="env.TRAVIS_BUILD_NUMBER" value="1451" />
    <property name="env.CI" value="true" />
    <property name="java.library.path" value="/home/travis/pthla/certi-tools/lib:/usr/lib/jni:/usr/local/share/OpenCV/java/:/usr/share/OpenCV/java::/usr/java/packages/lib:/usr/lib64:/lib64:/lib:/usr/lib" />
    <property name="jdk.module.path" value="/home/travis/build/icyphy/ptII/vendors/javafx/javafx-sdk-11.0.2/lib:" />
    <property name="env.rvm_prefix" value="/home/travis" />
    <property name="env.PATH" value="/home/travis/pthla/certi-tools/share/scripts:/home/travis/.rvm/gems/ruby-2.5.3/bin:/home/travis/.rvm/gems/ruby-2.5.3@global/bin:/home/travis/.rvm/rubies/ruby-2.5.3/bin:/home/travis/.rvm/bin:/home/travis/.nvm/versions/node/v7.10.1/bin:./node_modules/.bin:/home/travis/build/icyphy/ptII/bin:/home/travis/pthla/certi-tools/bin:/home/travis/bin:/home/travis/.local/bin:/usr/local/lib/jvm/openjdk11/bin:/opt/pyenv/shims:/home/travis/.phpenv/shims:/home/travis/perl5/perlbrew/bin:/home/travis/gopath/bin:/home/travis/.gimme/versions/go1.11.1.linux.amd64/bin:/usr/local/maven-3.6.0/bin:/usr/local/cmake-3.12.4/bin:/usr/local/clang-7.0.0/bin:/usr/local/sbin:/usr/local/bin:/usr/sbin:/usr/bin:/sbin:/bin:/snap/bin:/home/travis/.phpenv/bin:/opt/pyenv/bin:/home/travis/.yarn/bin" />
    <property name="env.TRAVIS_OS_NAME" value="linux" />
    <property name="ant.java.version" value="9" />
    <property name="basedir" value="/home/travis/build/icyphy/ptII" />
    <property name="java.class.version" value="55.0" />
    <property name="env.SHLVL" value="3" />
    <property name="env.LD_LIBRARY_PATH" value="/home/travis/pthla/certi-tools/lib:/usr/lib/jni:/usr/local/share/OpenCV/java/:/usr/share/OpenCV/java:" />
    <property name="env.RACK_ENV" value="test" />
    <property name="ant.home" value="/home/travis/build/icyphy/ptII/ant" />
    <property name="env.NVM_DIR" value="/home/travis/.nvm" />
    <property name="env.CERTI_FOM_PATH" value="/home/travis/pthla/certi-tools/share/federations" />
    <property name="env.TRAVIS_BUILD_ID" value="632093882" />
    <property name="env.PYENV_ROOT" value="/opt/pyenv" />
    <property name="env.TRAVIS_UID" value="2000" />
    <property name="prism.verbose" value="true" />
    <property name="env.NVM_BIN" value="/home/travis/.nvm/versions/node/v7.10.1/bin" />
    <property name="env.TRAVIS_COMMIT" value="0619398bc9405e520a52f9d30e925162cd662256" />
    <property name="env._system_arch" value="x86_64" />
    <property name="node.executable" value="node" />
    <property name="sun.boot.library.path" value="/usr/local/lib/jvm/openjdk11/lib" />
    <property name="sun.management.compiler" value="HotSpot 64-Bit Tiered Compilers" />
    <property name="java.awt.graphicsenv" value="sun.awt.X11GraphicsEnvironment" />
    <property name="env.GOPATH" value="/home/travis/gopath" />
    <property name="ptolemy.ptII.dir" value="/home/travis/build/icyphy/ptII" />
    <property name="env.USER" value="travis" />
    <property name="env.HISTFILESIZE" value="2000" />
    <property name="timeout.longest" value="19000000" />
    <property name="env.PERLBREW_SHELLRC_VERSION" value="0.86" />
    <property name="env.TRAVIS_STACK_FEATURES" value="basic couchdb disabled-ipv6 docker docker-compose elasticsearch firefox go-toolchain google-chrome jdk memcached mongodb mysql nodejs_interpreter perl_interpreter perlbrew phantomjs postgresql python_interpreter redis ruby_interpreter sqlite xserver" />
    <property name="env.TRAVIS_PULL_REQUEST" value="false" />
    <property name="env.PYENV_SHELL" value="bash" />
    <property name="ant.project.name" value="ptII" />
    <property name="env.ANSI_RESET" value="\033[0m" />
    <property name="java.vm.specification.version" value="11" />
    <property name="env.TRAVIS_DIST" value="xenial" />
    <property name="env.CERTI_VERSION" value="4.0.0" />
    <property name="env.CERTI_HOST" value="localhost" />
    <property name="awt.toolkit" value="sun.awt.X11.XToolkit" />
    <property name="env.MY_RUBY_HOME" value="/home/travis/.rvm/rubies/ruby-2.5.3" />
    <property name="sun.cpu.isalist" value="" />
    <property name="env.TRAVIS_TMPDIR" value="/tmp/tmp.sZ3NrVfWRx" />
    <property name="java.vm.compressedOopsMode" value="Zero based" />
    <property name="os.version" value="4.15.0-1028-gcp" />
    <property name="user.home" value="/home/travis" />
    <property name="java.vm.vendor" value="Oracle Corporation" />
    <property name="env.TRAVIS_TAG" value="nightly" />
    <property name="env.ANSI_YELLOW" value="\033[33;1m" />
    <property name="env.TRAVIS_FILTERED" value="redirect_io" />
    <property name="env.ANSI_GREEN" value="\033[32;1m" />
    <property name="env.JAVA_HOME" value="/usr/local/lib/jvm/openjdk11" />
    <property name="javadoc.excludepackagenames" value="adm.cvs2svn.*,build.*,config.*,doc.coding.templates.*,jni.test.jni.meaningOfLife.*,jni.test.jni.testDeux.*,jni.test.jni.testTrois.*,org.terraswarm.accessor.accessors.web.node_modules.*,org.terraswarm.accessor.accessors.web.hosts.cordova.demo.*,org.terraswarm.accessor.accessors.web.hosts.cordova.plugins.*,org.terraswarm.accessor.accessors-svn.*,pt-modules.*,ptolemy.apps.agilent.*,ptolemy.apps.anytimecontrol.*,ptolemy.apps.apes.*,ptolemy.apps.charon.*,ptolemy.apps.crazyboard.*,ptolemy.apps.eclipse.*,ptolemy.apps.etherealSting.*,ptolemy.apps.fullscreen.*,ptolemy.apps.giotto.*,ptolemy.apps.ia.*,ptolemy.apps.interfaces.*,ptolemy.apps.jmf.*,ptolemy.apps.kurt.*,ptolemy.apps.kvm.*,ptolemy.apps.lego.*,ptolemy.apps.lejos.*,ptolemy.apps.midp.*,ptolemy.apps.mobileCoding.*,ptolemy.apps.pendulum.*,ptolemy.apps.rijndael.*,ptolemy.apps.robot.*,ptolemy.apps.security.*,ptolemy.apps.sobel.*,ptolemy.apps.soot.*,ptolemy.apps.throttle.*,ptolemy.apps.tini.*,ptolemy.apps.transmission.*,ptolemy.apps.vergil.*,ptolemy.apps.waba.*,ptolemy.apps.websensor.*,ptolemy.apps.webstart.*,ptolemy.apps.xsl.*,ptolemy.apps.zaurus.*,ptolemy.codegen.c.actor.lib.oldJavaFiles.*,ptolemy.codegen.dsp.lib.*,ptolemy.codegen.kernel.newInterfaces.*,ptolemy.codegen.lib.*,ptolemy.copernicus.kernel.fragment.*,ptolemy.copernicus.shallow.cg.*,ptolemy.domains.giotto.demo.Hierarchy.Hierarchy.*,ptolemy.domains.giotto.demo.Multimode.Multimode.*,ptolemy.domains.giotto.demo.Simple.Simple.*,ptolemy.domains.gr.lib.experimental.*,ptolemy.domains.gro.*,ptolemy.domains.pdf.*,ptolemy.domains.ptinyos.demo.Surge.output.*,ptolemy.moml.test.NoPackageActor.java*,ptolemy.plot.adm.*,ptolemy.plot.servlet.*,reports.*,signed.*,src.*,target.*,vendors.*,ptolemy.copernicus.applet.*,ptolemy.media.viewer.*,ptolemy.actor.corba.*,doc.doclets.*,ptolemy.apps.eclipse.awt.*,ptolemy.backtrack.*,ptolemy.backtrack.ast.*,ptolemy.cg.adapter.generic.program.procedural.c.mbed*,ptolemy.homer.*,ptolemy.actor.lib.jai.*,org.ptolemy.scala.*,diva.util.java2d.svg.*,ptolemy.domains.ptinyos.*,ptolemy.actor.lib.fmi.fmipp.*,,org.terraswarm.accessor.accessors.web.node_modules.*,org.terraswarm.accessor.accessors-svn,ptolemy.apps.*,ptolemy.actor.ptalon.demo.ptinyos.SendAndReceiveCnt.output,ptolemy.actor.ptalon.demo.ptinyos.SenseToLeds.output,ptolemy.domains.ptinyos.demo.CntToLedsAndRfm.output,ptolemy.domains.ptinyos.demo.RfmToLeds.output,ptolemy.domains.ptinyos.demo.SendAndReceiveCnt.output,ptolemy.domains.ptinyos.demo.SenseToLeds.output,ptolemy.actor.lib.jjs.modules.udpSocket.*" />
    <property name="env.PTII" value="/home/travis/build/icyphy/ptII" />
    <property name="env.XDG_SESSION_ID" value="2" />
    <property name="keystore" value="ptKeystore" />
    <property name="env.TRAVIS_COMMIT_MESSAGE" value="Name of public MQTT server changed" />
    <property name="junit.output.dir" value="/home/travis/build/icyphy/ptII/reports/junit" />
    <property name="npm.return.code" value="0" />
    <property name="user.dir" value="/home/travis/build/icyphy/ptII/ptolemy/actor/lib/test" />
    <property name="env.TRAVIS_NODE_VERSION" value="7" />
    <property name="env.TRAVIS_EVENT_TYPE" value="push" />
    <property name="env.MAIL" value="/var/mail/travis" />
    <property name="env.PERLBREW_ROOT" value="/home/travis/perl5/perlbrew" />
    <property name="env.PWD" value="/home/travis/build/icyphy/ptII" />
    <property name="timeout.npm" value="45000" />
    <property name="env.TRAVIS_ARCH" value="amd64" />
    <property name="sun.cpu.endian" value="little" />
    <property name="env.PAGER" value="cat" />
    <property name="env.TRAVIS_BUILD_STAGE_NAME" value="Test" />
    <property name="env.PERLBREW_HOME" value="/home/travis/.perlbrew" />
    <property name="java.vm.version" value="11.0.2+9" />
    <property name="env.RAILS_ENV" value="test" />
    <property name="java.class.path" value="/home/travis/.ptolemyII:/home/travis/.ptolemyII/*:/home/travis/build/icyphy/ptII:/home/travis/build/icyphy/ptII/lib/bsh-2.0b4.jar:/home/travis/build/icyphy/ptII/lib/ptCal.jar:/home/travis/build/icyphy/ptII/lib/java_cup.jar:/home/travis/build/icyphy/ptII/lib/saxon8.jar:/home/travis/build/icyphy/ptII/lib/saxon8-dom.jar:/home/travis/build/icyphy/ptII/lib/chic.jar:/home/travis/build/icyphy/ptII/lib/ptcolt.jar:/home/travis/build/icyphy/ptII/vendors/misc/itext/iText.jar:/home/travis/build/icyphy/ptII/lib/g4ltl.jar:/home/travis/build/icyphy/ptII/lib/StructuralCoder.jar:/home/travis/build/icyphy/ptII/lib/jcerti.jar:/home/travis/build/icyphy/ptII/lib/javax.mail.jar:/home/travis/build/icyphy/ptII/vendors/JMF-2.1.1e/lib/jmf.jar:/home/travis/build/icyphy/ptII/lib/jna-4.0.0-variadic.jar:/home/travis/build/icyphy/ptII/vendors/misc/joystick/Joystick.jar:/home/travis/build/icyphy/ptII/lib/ptjacl.jar:/home/travis/build/icyphy/ptII/lib/jsoup-1.8.2.jar:/home/travis/build/icyphy/ptII/lib/junit-4.8.2.jar:/home/travis/build/icyphy/ptII/lib/JUnitParams-0.4.0.jar:/home/travis/build/icyphy/ptII/ptolemy/actor/lib/excel/jxl.jar:/home/travis/build/icyphy/ptII/lib/jython.jar:/home/travis/build/icyphy/ptII/lib/kieler.jar:/home/travis/build/icyphy/ptII/vendors/opencv/share/OpenCV/java/opencv-341.jar:/home/travis/build/icyphy/ptII/lib/oscP5.jar:/home/travis/build/icyphy/ptII/lib/nrjavaserial-3.11.0.devel.jar:/home/travis/build/icyphy/ptII/vendors/j3d/lib/Linux/j3dcore.jar:/home/travis/build/icyphy/ptII/vendors/j3d/lib/Linux/j3dutils.jar:/home/travis/build/icyphy/ptII/vendors/j3d/lib/Linux/vecmath.jar:/home/travis/build/icyphy/ptII/vendors/jogl/lib/Linux/gluegen-rt-natives-linux-amd64.jar:/home/travis/build/icyphy/ptII/vendors/jogl/lib/Linux/gluegen-rt.jar:/home/travis/build/icyphy/ptII/vendors/jogl/lib/Linux/jogl-all-natives-linux-amd64.jar:/home/travis/build/icyphy/ptII/vendors/jogl/lib/Linux/jogl-all.jar:/home/travis/build/icyphy/ptII/ptolemy/distributed/jini/jar/jini-core.jar:/home/travis/build/icyphy/ptII/ptolemy/distributed/jini/jar/jini-ext.jar:/home/travis/build/icyphy/ptII/ptolemy/distributed/jini/jar/sun-util.jar:/home/travis/build/icyphy/ptII/lib/protobuf-java-2.4.1.jar:/home/travis/build/icyphy/ptII/lib/org.eclipse.paho.client.mqttv3.jar:/home/travis/build/icyphy/ptII/lib/mapss.jar:/home/travis/build/icyphy/ptII/ptolemy/actor/ptalon/antlr/antlr.jar:/home/travis/build/icyphy/ptII/lib/JRI.jar:/home/travis/build/icyphy/ptII/lib/commons-lang-2.6.jar:/home/travis/build/icyphy/ptII/lib/commons-logging-1.1.1.jar:/home/travis/build/icyphy/ptII/lib/sootclasses.jar:/home/travis/build/icyphy/ptII/ptolemy/actor/lib/database/mysql-connector-java-5.1.6-bin.jar:/home/travis/build/icyphy/ptII/vendors/misc/sphinx4/sphinx4-data-5prealpha.jar:/home/travis/build/icyphy/ptII/vendors/misc/sphinx4/sphinx4-core-5prealpha.jar:/home/travis/build/icyphy/ptII/lib/PDFRenderer.jar:/home/travis/build/icyphy/ptII/lib/svgSalamander.jar:/home/travis/build/icyphy/ptII/lib/rsyntaxtextarea-2.6.0-SNAPSHOT.jar:/home/travis/build/icyphy/ptII/lib/hazelcast-3.8.2.jar:/home/travis/build/icyphy/ptII/lib/jackson-annotations-2.9.0.jar:/home/travis/build/icyphy/ptII/lib/jackson-core-2.9.3.jar:/home/travis/build/icyphy/ptII/lib/jackson-databind-2.9.3.jar:/home/travis/build/icyphy/ptII/lib/netty-buffer-4.1.19.Final.jar:/home/travis/build/icyphy/ptII/lib/netty-codec-4.1.19.Final.jar:/home/travis/build/icyphy/ptII/lib/netty-codec-dns-4.1.19.Final.jar:/home/travis/build/icyphy/ptII/lib/netty-codec-http-4.1.19.Final.jar:/home/travis/build/icyphy/ptII/lib/netty-codec-http2-4.1.19.Final.jar:/home/travis/build/icyphy/ptII/lib/netty-common-4.1.19.Final.jar:/home/travis/build/icyphy/ptII/lib/netty-handler-4.1.19.Final.jar:/home/travis/build/icyphy/ptII/lib/netty-resolver-4.1.19.Final.jar:/home/travis/build/icyphy/ptII/lib/netty-resolver-dns-4.1.19.Final.jar:/home/travis/build/icyphy/ptII/lib/netty-transport-4.1.19.Final.jar:/home/travis/build/icyphy/ptII/lib/vertx-codegen-3.5.1.jar:/home/travis/build/icyphy/ptII/lib/vertx-core-3.5.2-SNAPSHOT.jar:/home/travis/build/icyphy/ptII/lib/vertx-hazelcast-3.5.1.jar:/home/travis/build/icyphy/ptII/lib/vertx-lang-js-3.5.1.jar:/home/travis/build/icyphy/ptII/lib/vertx-service-proxy-3.5.1.jar:/home/travis/build/icyphy/ptII/lib/vertx-web-3.5.1.jar:/home/travis/build/icyphy/ptII/lib/slf4j-api-1.7.13.jar:/home/travis/build/icyphy/ptII/lib/slf4j-simple-1.7.13.jar:/home/travis/build/icyphy/ptII/lib/webcam-capture-0.3.12.jar:/home/travis/build/icyphy/ptII/lib/bridj-0.7.0.jar:/home/travis/build/icyphy/ptII/lib/xbjlib-1.1.0.nrjavaserial.jar:/home/travis/build/icyphy/ptII/ptolemy/moml/test:/home/travis/build/icyphy/ptII/ant/lib/ant-launcher.jar:/home/travis/build/icyphy/ptII/ant/lib/ant.jar:/home/travis/build/icyphy/ptII/ant/lib/ant-junit.jar:/home/travis/build/icyphy/ptII/ant/lib/ant-junit4.jar" />
    <property name="ant.library.dir" value="/home/travis/build/icyphy/ptII/ant/lib" />
    <property name="os.arch" value="amd64" />
    <property name="env.CONTINUOUS_INTEGRATION" value="true" />
    <property name="env.TRAVIS_LANGUAGE" value="node_js" />
    <property name="env.TRAVIS_STACK_LANGUAGES" value="__sardonyx__ c c++ clojure cplusplus cpp default generic go groovy java node_js php pure_java python ruby scala" />
    <property name="test.name" value="ptolemy.actor.lib.test.junit.JUnitTclTest" />
    <property name="env.APT_KEY_DONT_WARN_ON_DANGEROUS_USAGE" value="1" />
    <property name="sun.java.launcher" value="SUN_STANDARD" />
    <property name="env.PYTHON_CONFIGURE_OPTS" value="--enable-unicode=ucs4 --with-wide-unicode --enable-shared --enable-ipv6 --enable-loadable-sqlite-extensions --with-computed-gotos" />
    <property name="ant.core.lib" value="/home/travis/build/icyphy/ptII/ant/lib/ant.jar" />
    <property name="java.vm.specification.vendor" value="Oracle Corporation" />
    <property name="env.BCVTB_HOME" value="/home/travis/build/icyphy/ptII/lbnl" />
    <property name="file.separator" value="/" />
    <property name="spotbugs.home" value="/home/travis/build/icyphy/ptII/vendors/spotbugs-3.1.1" />
    <property name="java.runtime.version" value="11.0.2+9" />
    <property name="env.ANSI_CLEAR" value="\033[0K" />
    <property name="javafx.verbose" value="true" />
    <property name="env.HAS_JOSH_K_SEAL_OF_APPROVAL" value="true" />
    <property name="env.XDG_RUNTIME_DIR" value="/run/user/2000" />
    <property name="env.TRAVIS_OSX_IMAGE" value="" />
    <property name="env.TRAVIS_JOB_ID" value="632093890" />
    <property name="env.TRAVIS_BRANCH" value="master" />
    <property name="user.country" value="US" />
    <property name="env.CERTI_HOME_TRAVIS" value="/home/travis/pthla/certi-tools" />
    <property name="env.SHELL" value="/bin/bash" />
    <property name="java.maxmemory.large" value="3200m" />
    <property name="model" value="" />
    <property name="env.CASHER_DIR" value="/home/travis/.casher" />
    <property name="env.NVM_CD_FLAGS" value="" />
    <property name="java.vendor.version" value="18.9" />
    <property name="jshint.executable" value="/home/travis/node_modules/jshint/bin/jshint" />
    <property name="env.JRUBY_OPTS" value=" --client -J-XX:+TieredCompilation -J-XX:TieredStopAtLevel=1 -J-Xss2m -Xcompile.invokedynamic=false" />
    <property name="java.vendor" value="Oracle Corporation" />
    <property name="env.TRAVIS_PRE_CHEF_BOOTSTRAP_TIME" value="2019-03-25T16:16:42" />
    <property name="env.TRAVIS_STACK_JOB_BOARD_REGISTER" value="/.job-board-register.yml" />
    <property name="env.ANSI_RED" value="\033[31;1m" />
    <property name="java.specification.version" value="11" />
    <property name="env.IRBRC" value="/home/travis/.rvm/rubies/ruby-2.5.3/.irbrc" />
    <property name="env.TRAVIS" value="true" />
    <property name="sun.arch.data.model" value="64" />
  </properties>
  <testcase classname="ptolemy.util.test.junit.TclTests" name="[0] /home/travis/build/icyphy/ptII/ptolemy/actor/lib/test/AbsoluteValue.tcl (RunTclFile)" time="0.615" />
  <testcase classname="ptolemy.util.test.junit.TclTests" name="[1] /home/travis/build/icyphy/ptII/ptolemy/actor/lib/test/AddSubtract.tcl (RunTclFile)" time="0.21" />
  <testcase classname="ptolemy.util.test.junit.TclTests" name="[2] /home/travis/build/icyphy/ptII/ptolemy/actor/lib/test/Average.tcl (RunTclFile)" time="0.062" />
  <testcase classname="ptolemy.util.test.junit.TclTests" name="[3] /home/travis/build/icyphy/ptII/ptolemy/actor/lib/test/Bernoulli.tcl (RunTclFile)" time="0.027" />
  <testcase classname="ptolemy.util.test.junit.TclTests" name="[4] /home/travis/build/icyphy/ptII/ptolemy/actor/lib/test/Clock.tcl (RunTclFile)" time="0.072" />
  <testcase classname="ptolemy.util.test.junit.TclTests" name="[5] /home/travis/build/icyphy/ptII/ptolemy/actor/lib/test/Commutator.tcl (RunTclFile)" time="0.188" />
  <testcase classname="ptolemy.util.test.junit.TclTests" name="[6] /home/travis/build/icyphy/ptII/ptolemy/actor/lib/test/Const.tcl (RunTclFile)" time="0.15" />
  <testcase classname="ptolemy.util.test.junit.TclTests" name="[7] /home/travis/build/icyphy/ptII/ptolemy/actor/lib/test/CurrentTime.tcl (RunTclFile)" time="0.04" />
  <testcase classname="ptolemy.util.test.junit.TclTests" name="[8] /home/travis/build/icyphy/ptII/ptolemy/actor/lib/test/DB.tcl (RunTclFile)" time="0.046" />
  <testcase classname="ptolemy.util.test.junit.TclTests" name="[9] /home/travis/build/icyphy/ptII/ptolemy/actor/lib/test/DiscreteRandomSource.tcl (RunTclFile)" time="0.061" />
  <testcase classname="ptolemy.util.test.junit.TclTests" name="[10] /home/travis/build/icyphy/ptII/ptolemy/actor/lib/test/Distributor.tcl (RunTclFile)" time="0.106" />
  <testcase classname="ptolemy.util.test.junit.TclTests" name="[11] /home/travis/build/icyphy/ptII/ptolemy/actor/lib/test/Exit.tcl (RunTclFile)" time="0.118" />
  <testcase classname="ptolemy.util.test.junit.TclTests" name="[12] /home/travis/build/icyphy/ptII/ptolemy/actor/lib/test/Expression.tcl (RunTclFile)" time="0.071" />
  <testcase classname="ptolemy.util.test.junit.TclTests" name="[13] /home/travis/build/icyphy/ptII/ptolemy/actor/lib/test/Gaussian.tcl (RunTclFile)" time="0.549" />
  <testcase classname="ptolemy.util.test.junit.TclTests" name="[14] /home/travis/build/icyphy/ptII/ptolemy/actor/lib/test/IIR.tcl (RunTclFile)" time="0.042" />
  <testcase classname="ptolemy.util.test.junit.TclTests" name="[15] /home/travis/build/icyphy/ptII/ptolemy/actor/lib/test/Interpolator.tcl (RunTclFile)" time="0.06" />
  <testcase classname="ptolemy.util.test.junit.TclTests" name="[16] /home/travis/build/icyphy/ptII/ptolemy/actor/lib/test/MathFunction.tcl (RunTclFile)" time="0.048" />
  <testcase classname="ptolemy.util.test.junit.TclTests" name="[17] /home/travis/build/icyphy/ptII/ptolemy/actor/lib/test/Maximum.tcl (RunTclFile)" time="0.025" />
  <testcase classname="ptolemy.util.test.junit.TclTests" name="[18] /home/travis/build/icyphy/ptII/ptolemy/actor/lib/test/Minimum.tcl (RunTclFile)" time="0.03" />
  <testcase classname="ptolemy.util.test.junit.TclTests" name="[19] /home/travis/build/icyphy/ptII/ptolemy/actor/lib/test/MultiplyDivide.tcl (RunTclFile)" time="0.044" />
  <testcase classname="ptolemy.util.test.junit.TclTests" name="[20] /home/travis/build/icyphy/ptII/ptolemy/actor/lib/test/OrderedMerge.tcl (RunTclFile)" time="0.168" />
  <testcase classname="ptolemy.util.test.junit.TclTests" name="[21] /home/travis/build/icyphy/ptII/ptolemy/actor/lib/test/Publisher.tcl (RunTclFile)" time="0.876" />
  <testcase classname="ptolemy.util.test.junit.TclTests" name="[22] /home/travis/build/icyphy/ptII/ptolemy/actor/lib/test/Pulse.tcl (RunTclFile)" time="0.039" />
  <testcase classname="ptolemy.util.test.junit.TclTests" name="[23] /home/travis/build/icyphy/ptII/ptolemy/actor/lib/test/Ramp.tcl (RunTclFile)" time="2.227" />
  <testcase classname="ptolemy.util.test.junit.TclTests" name="[24] /home/travis/build/icyphy/ptII/ptolemy/actor/lib/test/RampContinuous.tcl (RunTclFile)" time="0.021" />
  <testcase classname="ptolemy.util.test.junit.TclTests" name="[25] /home/travis/build/icyphy/ptII/ptolemy/actor/lib/test/RecordAssembler.tcl (RunTclFile)" time="0.026" />
  <testcase classname="ptolemy.util.test.junit.TclTests" name="[26] /home/travis/build/icyphy/ptII/ptolemy/actor/lib/test/RecordDisassembler.tcl (RunTclFile)" time="0.038" />
  <testcase classname="ptolemy.util.test.junit.TclTests" name="[27] /home/travis/build/icyphy/ptII/ptolemy/actor/lib/test/Scale.tcl (RunTclFile)" time="0.029" />
  <testcase classname="ptolemy.util.test.junit.TclTests" name="[28] /home/travis/build/icyphy/ptII/ptolemy/actor/lib/test/SequentialClock.tcl (RunTclFile)" time="0.016" />
  <testcase classname="ptolemy.util.test.junit.TclTests" name="[29] /home/travis/build/icyphy/ptII/ptolemy/actor/lib/test/SetVariable.tcl (RunTclFile)" time="0.016" />
  <testcase classname="ptolemy.util.test.junit.TclTests" name="[30] /home/travis/build/icyphy/ptII/ptolemy/actor/lib/test/Sinewave.tcl (RunTclFile)" time="0.047" />
  <testcase classname="ptolemy.util.test.junit.TclTests" name="[31] /home/travis/build/icyphy/ptII/ptolemy/actor/lib/test/SubscriptionAggregator.tcl (RunTclFile)" time="1.968" />
  <testcase classname="ptolemy.util.test.junit.TclTests" name="[32] /home/travis/build/icyphy/ptII/ptolemy/actor/lib/test/Test.tcl (RunTclFile)" time="0.151" />
  <testcase classname="ptolemy.util.test.junit.TclTests" name="[33] /home/travis/build/icyphy/ptII/ptolemy/actor/lib/test/TestExceptionHandler.tcl (RunTclFile)" time="0.015" />
  <testcase classname="ptolemy.util.test.junit.TclTests" name="[34] /home/travis/build/icyphy/ptII/ptolemy/actor/lib/test/UnionDisassembler.tcl (RunTclFile)" time="0.071" />
  <testcase classname="ptolemy.util.test.junit.TclTests" name="[35] /home/travis/build/icyphy/ptII/ptolemy/actor/lib/test/VariableClock.tcl (RunTclFile)" time="0.034" />
  <testcase classname="ptolemy.util.test.junit.AutoKnownFailedTests" name="[0] /home/travis/build/icyphy/ptII/ptolemy/actor/lib/test/auto/knownFailedTests/PublisherPortToplevelSubscriber.xml (RunModel)" time="0.024" />
  <testcase classname="ptolemy.util.test.junit.AutoKnownFailedTests" name="[1] /home/travis/build/icyphy/ptII/ptolemy/actor/lib/test/auto/knownFailedTests/PublisherSubscriberPortToplevel.xml (RunModel)" time="0.021" />
  <testcase classname="ptolemy.util.test.junit.AutoKnownFailedTests" name="[2] /home/travis/build/icyphy/ptII/ptolemy/actor/lib/test/auto/knownFailedTests/PublisherSubscriptionAggregatorPort.xml (RunModel)" time="0.021" />
  <testcase classname="ptolemy.util.test.junit.AutoKnownFailedTests" name="[3] /home/travis/build/icyphy/ptII/ptolemy/actor/lib/test/auto/knownFailedTests/sizedarray3.xml (RunModel)" time="0.036" />
  <testcase classname="ptolemy.util.test.junit.AutoNameArchTests" name="[0] ThereAreNoAutoArchTests (RunModel)" time="0.001" />
  <testcase classname="ptolemy.util.test.junit.AutoTests" name="[0] /home/travis/build/icyphy/ptII/ptolemy/actor/lib/test/auto/AbsoluteValue.xml (RunModel)" time="0.117" />
  <testcase classname="ptolemy.util.test.junit.AutoTests" name="[1] /home/travis/build/icyphy/ptII/ptolemy/actor/lib/test/auto/AbsoluteValue2.xml (RunModel)" time="0.057" />
  <testcase classname="ptolemy.util.test.junit.AutoTests" name="[2] /home/travis/build/icyphy/ptII/ptolemy/actor/lib/test/auto/Accumulator.xml (RunModel)" time="0.067" />
  <testcase classname="ptolemy.util.test.junit.AutoTests" name="[3] /home/travis/build/icyphy/ptII/ptolemy/actor/lib/test/auto/Accumulator2.xml (RunModel)" time="0.038" />
  <testcase classname="ptolemy.util.test.junit.AutoTests" name="[4] /home/travis/build/icyphy/ptII/ptolemy/actor/lib/test/auto/Accumulator3.xml (RunModel)" time="0.021" />
  <testcase classname="ptolemy.util.test.junit.AutoTests" name="[5] /home/travis/build/icyphy/ptII/ptolemy/actor/lib/test/auto/ArrayAppend.xml (RunModel)" time="0.033" />
  <testcase classname="ptolemy.util.test.junit.AutoTests" name="[6] /home/travis/build/icyphy/ptII/ptolemy/actor/lib/test/auto/ArrayAppend2.xml (RunModel)" time="0.416" />
  <testcase classname="ptolemy.util.test.junit.AutoTests" name="[7] /home/travis/build/icyphy/ptII/ptolemy/actor/lib/test/auto/ArrayAppend3.xml (RunModel)" time="0.028" />
  <testcase classname="ptolemy.util.test.junit.AutoTests" name="[8] /home/travis/build/icyphy/ptII/ptolemy/actor/lib/test/auto/ArrayAppend4.xml (RunModel)" time="0.018" />
  <testcase classname="ptolemy.util.test.junit.AutoTests" name="[9] /home/travis/build/icyphy/ptII/ptolemy/actor/lib/test/auto/ArrayAppend5.xml (RunModel)" time="0.023" />
  <testcase classname="ptolemy.util.test.junit.AutoTests" name="[10] /home/travis/build/icyphy/ptII/ptolemy/actor/lib/test/auto/ArrayAppend6.xml (RunModel)" time="0.019" />
  <testcase classname="ptolemy.util.test.junit.AutoTests" name="[11] /home/travis/build/icyphy/ptII/ptolemy/actor/lib/test/auto/ArrayAppendPerformanceTest.xml (RunModel)" time="0.064" />
  <testcase classname="ptolemy.util.test.junit.AutoTests" name="[12] /home/travis/build/icyphy/ptII/ptolemy/actor/lib/test/auto/ArrayAppendWithEmptyInput.xml (RunModel)" time="0.031" />
  <testcase classname="ptolemy.util.test.junit.AutoTests" name="[13] /home/travis/build/icyphy/ptII/ptolemy/actor/lib/test/auto/ArrayAverage.xml (RunModel)" time="0.033" />
  <testcase classname="ptolemy.util.test.junit.AutoTests" name="[14] /home/travis/build/icyphy/ptII/ptolemy/actor/lib/test/auto/ArrayContains.xml (RunModel)" time="0.034" />
  <testcase classname="ptolemy.util.test.junit.AutoTests" name="[15] /home/travis/build/icyphy/ptII/ptolemy/actor/lib/test/auto/ArrayElement.xml (RunModel)" time="0.02" />
  <testcase classname="ptolemy.util.test.junit.AutoTests" name="[16] /home/travis/build/icyphy/ptII/ptolemy/actor/lib/test/auto/ArrayElementAsMatrix.xml (RunModel)" time="0.05" />
  <testcase classname="ptolemy.util.test.junit.AutoTests" name="[17] /home/travis/build/icyphy/ptII/ptolemy/actor/lib/test/auto/ArrayElementI.xml (RunModel)" time="0.032" />
  <testcase classname="ptolemy.util.test.junit.AutoTests" name="[18] /home/travis/build/icyphy/ptII/ptolemy/actor/lib/test/auto/ArrayExtract.xml (RunModel)" time="0.034" />
  <testcase classname="ptolemy.util.test.junit.AutoTests" name="[19] /home/travis/build/icyphy/ptII/ptolemy/actor/lib/test/auto/ArrayExtract2.xml (RunModel)" time="0.018" />
  <testcase classname="ptolemy.util.test.junit.AutoTests" name="[20] /home/travis/build/icyphy/ptII/ptolemy/actor/lib/test/auto/ArrayLength.xml (RunModel)" time="0.022" />
  <testcase classname="ptolemy.util.test.junit.AutoTests" name="[21] /home/travis/build/icyphy/ptII/ptolemy/actor/lib/test/auto/ArrayLevelCrossing.xml (RunModel)" time="0.036" />
  <testcase classname="ptolemy.util.test.junit.AutoTests" name="[22] /home/travis/build/icyphy/ptII/ptolemy/actor/lib/test/auto/ArrayLevelCrossing2.xml (RunModel)" time="0.022" />
  <testcase classname="ptolemy.util.test.junit.AutoTests" name="[23] /home/travis/build/icyphy/ptII/ptolemy/actor/lib/test/auto/ArrayPeakSearch.xml (RunModel)" time="0.032" />
  <testcase classname="ptolemy.util.test.junit.AutoTests" name="[24] /home/travis/build/icyphy/ptII/ptolemy/actor/lib/test/auto/ArrayPeakSearch2.xml (RunModel)" time="0.029" />
  <testcase classname="ptolemy.util.test.junit.AutoTests" name="[25] /home/travis/build/icyphy/ptII/ptolemy/actor/lib/test/auto/ArrayPeakSearch3.xml (RunModel)" time="0.069" />
  <testcase classname="ptolemy.util.test.junit.AutoTests" name="[26] /home/travis/build/icyphy/ptII/ptolemy/actor/lib/test/auto/ArrayRemoveElement.xml (RunModel)" time="0.03" />
  <testcase classname="ptolemy.util.test.junit.AutoTests" name="[27] /home/travis/build/icyphy/ptII/ptolemy/actor/lib/test/auto/ArraySort.xml (RunModel)" time="0.034" />
  <testcase classname="ptolemy.util.test.junit.AutoTests" name="[28] /home/travis/build/icyphy/ptII/ptolemy/actor/lib/test/auto/ArraySum.xml (RunModel)" time="0.019" />
  <testcase classname="ptolemy.util.test.junit.AutoTests" name="[29] /home/travis/build/icyphy/ptII/ptolemy/actor/lib/test/auto/ArrayToElements.xml (RunModel)" time="0.017" />
  <testcase classname="ptolemy.util.test.junit.AutoTests" name="[30] /home/travis/build/icyphy/ptII/ptolemy/actor/lib/test/auto/ArrayToMatrix.xml (RunModel)" time="0.044" />
  <testcase classname="ptolemy.util.test.junit.AutoTests" name="[31] /home/travis/build/icyphy/ptII/ptolemy/actor/lib/test/auto/ArrayUpdate1.xml (RunModel)" time="0.015" />
  <testcase classname="ptolemy.util.test.junit.AutoTests" name="[32] /home/travis/build/icyphy/ptII/ptolemy/actor/lib/test/auto/ArrayUpdate2.xml (RunModel)" time="0.016" />
  <testcase classname="ptolemy.util.test.junit.AutoTests" name="[33] /home/travis/build/icyphy/ptII/ptolemy/actor/lib/test/auto/ArrayUpdate3.xml (RunModel)" time="0.017" />
  <testcase classname="ptolemy.util.test.junit.AutoTests" name="[34] /home/travis/build/icyphy/ptII/ptolemy/actor/lib/test/auto/Assert1.xml (RunModel)" time="0.019" />
  <testcase classname="ptolemy.util.test.junit.AutoTests" name="[35] /home/travis/build/icyphy/ptII/ptolemy/actor/lib/test/auto/Assert2.xml (RunModel)" time="0.01" />
  <testcase classname="ptolemy.util.test.junit.AutoTests" name="[36] /home/travis/build/icyphy/ptII/ptolemy/actor/lib/test/auto/BooleanMultiplexor.xml (RunModel)" time="0.015" />
  <testcase classname="ptolemy.util.test.junit.AutoTests" name="[37] /home/travis/build/icyphy/ptII/ptolemy/actor/lib/test/auto/BooleanMultiplexor2.xml (RunModel)" time="0.015" />
  <testcase classname="ptolemy.util.test.junit.AutoTests" name="[38] /home/travis/build/icyphy/ptII/ptolemy/actor/lib/test/auto/BooleanMultiplexor3.xml (RunModel)" time="0.013" />
  <testcase classname="ptolemy.util.test.junit.AutoTests" name="[39] /home/travis/build/icyphy/ptII/ptolemy/actor/lib/test/auto/BooleanSelect.xml (RunModel)" time="0.017" />
  <testcase classname="ptolemy.util.test.junit.AutoTests" name="[40] /home/travis/build/icyphy/ptII/ptolemy/actor/lib/test/auto/BooleanSelect2.xml (RunModel)" time="0.016" />
  <testcase classname="ptolemy.util.test.junit.AutoTests" name="[41] /home/travis/build/icyphy/ptII/ptolemy/actor/lib/test/auto/BooleanSwitch.xml (RunModel)" time="0.018" />
  <testcase classname="ptolemy.util.test.junit.AutoTests" name="[42] /home/travis/build/icyphy/ptII/ptolemy/actor/lib/test/auto/BooleanSwitch2.xml (RunModel)" time="0.013" />
  <testcase classname="ptolemy.util.test.junit.AutoTests" name="[43] /home/travis/build/icyphy/ptII/ptolemy/actor/lib/test/auto/BooleanSwitchCloningBugWithClassRelationGroup.xml (RunModel)" time="0.023" />
  <testcase classname="ptolemy.util.test.junit.AutoTests" name="[44] /home/travis/build/icyphy/ptII/ptolemy/actor/lib/test/auto/BusActors.xml (RunModel)" time="0.029" />
  <testcase classname="ptolemy.util.test.junit.AutoTests" name="[45] /home/travis/build/icyphy/ptII/ptolemy/actor/lib/test/auto/ClassWrapper.xml (RunModel)" time="0.013" />
  <testcase classname="ptolemy.util.test.junit.AutoTests" name="[46] /home/travis/build/icyphy/ptII/ptolemy/actor/lib/test/auto/Clock.xml (RunModel)" time="0.011" />
  <testcase classname="ptolemy.util.test.junit.AutoTests" name="[47] /home/travis/build/icyphy/ptII/ptolemy/actor/lib/test/auto/Clock10.xml (RunModel)" time="0.027" />
  <testcase classname="ptolemy.util.test.junit.AutoTests" name="[48] /home/travis/build/icyphy/ptII/ptolemy/actor/lib/test/auto/Clock11.xml (RunModel)" time="0.017" />
  <testcase classname="ptolemy.util.test.junit.AutoTests" name="[49] /home/travis/build/icyphy/ptII/ptolemy/actor/lib/test/auto/Clock12.xml (RunModel)" time="0.024" />
  <testcase classname="ptolemy.util.test.junit.AutoTests" name="[50] /home/travis/build/icyphy/ptII/ptolemy/actor/lib/test/auto/Clock13.xml (RunModel)" time="0.015" />
  <testcase classname="ptolemy.util.test.junit.AutoTests" name="[51] /home/travis/build/icyphy/ptII/ptolemy/actor/lib/test/auto/Clock14.xml (RunModel)" time="0.017" />
  <testcase classname="ptolemy.util.test.junit.AutoTests" name="[52] /home/travis/build/icyphy/ptII/ptolemy/actor/lib/test/auto/Clock15.xml (RunModel)" time="0.014" />
  <testcase classname="ptolemy.util.test.junit.AutoTests" name="[53] /home/travis/build/icyphy/ptII/ptolemy/actor/lib/test/auto/Clock16.xml (RunModel)" time="0.11" />
  <testcase classname="ptolemy.util.test.junit.AutoTests" name="[54] /home/travis/build/icyphy/ptII/ptolemy/actor/lib/test/auto/Clock17.xml (RunModel)" time="0.061" />
  <testcase classname="ptolemy.util.test.junit.AutoTests" name="[55] /home/travis/build/icyphy/ptII/ptolemy/actor/lib/test/auto/Clock18.xml (RunModel)" time="0.039" />
  <testcase classname="ptolemy.util.test.junit.AutoTests" name="[56] /home/travis/build/icyphy/ptII/ptolemy/actor/lib/test/auto/Clock19.xml (RunModel)" time="0.045" />
  <testcase classname="ptolemy.util.test.junit.AutoTests" name="[57] /home/travis/build/icyphy/ptII/ptolemy/actor/lib/test/auto/Clock2.xml (RunModel)" time="0.011" />
  <testcase classname="ptolemy.util.test.junit.AutoTests" name="[58] /home/travis/build/icyphy/ptII/ptolemy/actor/lib/test/auto/Clock20.xml (RunModel)" time="0.023" />
  <testcase classname="ptolemy.util.test.junit.AutoTests" name="[59] /home/travis/build/icyphy/ptII/ptolemy/actor/lib/test/auto/Clock21.xml (RunModel)" time="0.014" />
  <testcase classname="ptolemy.util.test.junit.AutoTests" name="[60] /home/travis/build/icyphy/ptII/ptolemy/actor/lib/test/auto/Clock22.xml (RunModel)" time="0.021" />
  <testcase classname="ptolemy.util.test.junit.AutoTests" name="[61] /home/travis/build/icyphy/ptII/ptolemy/actor/lib/test/auto/Clock23.xml (RunModel)" time="0.015" />
  <testcase classname="ptolemy.util.test.junit.AutoTests" name="[62] /home/travis/build/icyphy/ptII/ptolemy/actor/lib/test/auto/Clock24.xml (RunModel)" time="0.014" />
  <testcase classname="ptolemy.util.test.junit.AutoTests" name="[63] /home/travis/build/icyphy/ptII/ptolemy/actor/lib/test/auto/Clock4.xml (RunModel)" time="0.016" />
  <testcase classname="ptolemy.util.test.junit.AutoTests" name="[64] /home/travis/build/icyphy/ptII/ptolemy/actor/lib/test/auto/Clock5.xml (RunModel)" time="0.017" />
  <testcase classname="ptolemy.util.test.junit.AutoTests" name="[65] /home/travis/build/icyphy/ptII/ptolemy/actor/lib/test/auto/Clock6.xml (RunModel)" time="0.011" />
  <testcase classname="ptolemy.util.test.junit.AutoTests" name="[66] /home/travis/build/icyphy/ptII/ptolemy/actor/lib/test/auto/Clock7.xml (RunModel)" time="0.009" />
  <testcase classname="ptolemy.util.test.junit.AutoTests" name="[67] /home/travis/build/icyphy/ptII/ptolemy/actor/lib/test/auto/Clock8.xml (RunModel)" time="0.012" />
  <testcase classname="ptolemy.util.test.junit.AutoTests" name="[68] /home/travis/build/icyphy/ptII/ptolemy/actor/lib/test/auto/Clock9.xml (RunModel)" time="0.013" />
  <testcase classname="ptolemy.util.test.junit.AutoTests" name="[69] /home/travis/build/icyphy/ptII/ptolemy/actor/lib/test/auto/CommDistDiscard.xml (RunModel)" time="0.028" />
  <testcase classname="ptolemy.util.test.junit.AutoTests" name="[70] /home/travis/build/icyphy/ptII/ptolemy/actor/lib/test/auto/Commutator.xml (RunModel)" time="0.017" />
  <testcase classname="ptolemy.util.test.junit.AutoTests" name="[71] /home/travis/build/icyphy/ptII/ptolemy/actor/lib/test/auto/Commutator2.xml (RunModel)" time="0.011" />
  <testcase classname="ptolemy.util.test.junit.AutoTests" name="[72] /home/travis/build/icyphy/ptII/ptolemy/actor/lib/test/auto/Commutator3.xml (RunModel)" time="0.013" />
  <testcase classname="ptolemy.util.test.junit.AutoTests" name="[73] /home/travis/build/icyphy/ptII/ptolemy/actor/lib/test/auto/Compare.xml (RunModel)" time="0.021" />
  <testcase classname="ptolemy.util.test.junit.AutoTests" name="[74] /home/travis/build/icyphy/ptII/ptolemy/actor/lib/test/auto/CompareDE.xml (RunModel)" time="0.022" />
  <testcase classname="ptolemy.util.test.junit.AutoTests" name="[75] /home/travis/build/icyphy/ptII/ptolemy/actor/lib/test/auto/ComplexDivide.xml (RunModel)" time="0.009" />
  <testcase classname="ptolemy.util.test.junit.AutoTests" name="[76] /home/travis/build/icyphy/ptII/ptolemy/actor/lib/test/auto/ComputeHistogram.xml (RunModel)" time="0.068" />
  <testcase classname="ptolemy.util.test.junit.AutoTests" name="[77] /home/travis/build/icyphy/ptII/ptolemy/actor/lib/test/auto/ConfigurationSelect.xml (RunModel)" time="0.059" />
  <testcase classname="ptolemy.util.test.junit.AutoTests" name="[78] /home/travis/build/icyphy/ptII/ptolemy/actor/lib/test/auto/ConfigurationSelect2.xml (RunModel)" time="0.023" />
  <testcase classname="ptolemy.util.test.junit.AutoTests" name="[79] /home/travis/build/icyphy/ptII/ptolemy/actor/lib/test/auto/ConfigurationSwitch.xml (RunModel)" time="0.031" />
  <testcase classname="ptolemy.util.test.junit.AutoTests" name="[80] /home/travis/build/icyphy/ptII/ptolemy/actor/lib/test/auto/ConfigurationSwitch2.xml (RunModel)" time="0.029" />
  <testcase classname="ptolemy.util.test.junit.AutoTests" name="[81] /home/travis/build/icyphy/ptII/ptolemy/actor/lib/test/auto/ConfigurationSwitchCloningBugWithClassRelationGroup.xml (RunModel)" time="0.026" />
  <testcase classname="ptolemy.util.test.junit.AutoTests" name="[82] /home/travis/build/icyphy/ptII/ptolemy/actor/lib/test/auto/ConfigurationSwitchSelectSDF.xml (RunModel)" time="0.021" />
  <testcase classname="ptolemy.util.test.junit.AutoTests" name="[83] /home/travis/build/icyphy/ptII/ptolemy/actor/lib/test/auto/ConfigurationSwitchSelectSDF2.xml (RunModel)" time="0.019" />
  <testcase classname="ptolemy.util.test.junit.AutoTests" name="[84] /home/travis/build/icyphy/ptII/ptolemy/actor/lib/test/auto/Const.xml (RunModel)" time="0.009" />
  <testcase classname="ptolemy.util.test.junit.AutoTests" name="[85] /home/travis/build/icyphy/ptII/ptolemy/actor/lib/test/auto/Const2.xml (RunModel)" time="0.011" />
  <testcase classname="ptolemy.util.test.junit.AutoTests" name="[86] /home/travis/build/icyphy/ptII/ptolemy/actor/lib/test/auto/Const3.xml (RunModel)" time="0.008" />
  <testcase classname="ptolemy.util.test.junit.AutoTests" name="[87] /home/travis/build/icyphy/ptII/ptolemy/actor/lib/test/auto/ConstantPublisherPort1.xml (RunModel)" time="0.025" />
  <testcase classname="ptolemy.util.test.junit.AutoTests" name="[88] /home/travis/build/icyphy/ptII/ptolemy/actor/lib/test/auto/ConstantPublisherPort2.xml (RunModel)" time="0.028" />
  <testcase classname="ptolemy.util.test.junit.AutoTests" name="[89] /home/travis/build/icyphy/ptII/ptolemy/actor/lib/test/auto/ConstantPublisherPort3.xml (RunModel)" time="0.024" />
  <testcase classname="ptolemy.util.test.junit.AutoTests" name="[90] /home/travis/build/icyphy/ptII/ptolemy/actor/lib/test/auto/ConstantPublisherPort4.xml (RunModel)" time="0.019" />
  <testcase classname="ptolemy.util.test.junit.AutoTests" name="[91] /home/travis/build/icyphy/ptII/ptolemy/actor/lib/test/auto/ConstantPublisherPort5.xml (RunModel)" time="0.046" />
  <testcase classname="ptolemy.util.test.junit.AutoTests" name="[92] /home/travis/build/icyphy/ptII/ptolemy/actor/lib/test/auto/ConstantPublisherPort6.xml (RunModel)" time="0.033" />
  <testcase classname="ptolemy.util.test.junit.AutoTests" name="[93] /home/travis/build/icyphy/ptII/ptolemy/actor/lib/test/auto/ConstantPublisherPort7.xml (RunModel)" time="0.045" />
  <testcase classname="ptolemy.util.test.junit.AutoTests" name="[94] /home/travis/build/icyphy/ptII/ptolemy/actor/lib/test/auto/ConstraintMonitor1.xml (RunModel)" time="0.041" />
  <testcase classname="ptolemy.util.test.junit.AutoTests" name="[95] /home/travis/build/icyphy/ptII/ptolemy/actor/lib/test/auto/ConstraintMonitor2.xml (RunModel)" time="0.016" />
  <testcase classname="ptolemy.util.test.junit.AutoTests" name="[96] /home/travis/build/icyphy/ptII/ptolemy/actor/lib/test/auto/ConstraintMonitor3.xml (RunModel)" time="0.023" />
  <testcase classname="ptolemy.util.test.junit.AutoTests" name="[97] /home/travis/build/icyphy/ptII/ptolemy/actor/lib/test/auto/ConstraintMonitor4.xml (RunModel)" time="0.012" />
  <testcase classname="ptolemy.util.test.junit.AutoTests" name="[98] /home/travis/build/icyphy/ptII/ptolemy/actor/lib/test/auto/ConstraintMonitor5.xml (RunModel)" time="0.017" />
  <testcase classname="ptolemy.util.test.junit.AutoTests" name="[99] /home/travis/build/icyphy/ptII/ptolemy/actor/lib/test/auto/ConstraintMonitor6.xml (RunModel)" time="0.021" />
  <testcase classname="ptolemy.util.test.junit.AutoTests" name="[100] /home/travis/build/icyphy/ptII/ptolemy/actor/lib/test/auto/ConstraintMonitor7.xml (RunModel)" time="0.017" />
  <testcase classname="ptolemy.util.test.junit.AutoTests" name="[101] /home/travis/build/icyphy/ptII/ptolemy/actor/lib/test/auto/ConstraintMonitor8.xml (RunModel)" time="0.017" />
  <testcase classname="ptolemy.util.test.junit.AutoTests" name="[102] /home/travis/build/icyphy/ptII/ptolemy/actor/lib/test/auto/Counter.xml (RunModel)" time="0.013" />
  <testcase classname="ptolemy.util.test.junit.AutoTests" name="[103] /home/travis/build/icyphy/ptII/ptolemy/actor/lib/test/auto/CurrentTimeSDF.xml (RunModel)" time="0.01" />
  <testcase classname="ptolemy.util.test.junit.AutoTests" name="[104] /home/travis/build/icyphy/ptII/ptolemy/actor/lib/test/auto/DB.xml (RunModel)" time="0.012" />
  <testcase classname="ptolemy.util.test.junit.AutoTests" name="[105] /home/travis/build/icyphy/ptII/ptolemy/actor/lib/test/auto/DBDE.xml (RunModel)" time="0.015" />
  <testcase classname="ptolemy.util.test.junit.AutoTests" name="[106] /home/travis/build/icyphy/ptII/ptolemy/actor/lib/test/auto/DateConstructor.xml (RunModel)" time="0.089" />
  <testcase classname="ptolemy.util.test.junit.AutoTests" name="[107] /home/travis/build/icyphy/ptII/ptolemy/actor/lib/test/auto/DelayTime.xml (RunModel)" time="0.017" />
  <testcase classname="ptolemy.util.test.junit.AutoTests" name="[108] /home/travis/build/icyphy/ptII/ptolemy/actor/lib/test/auto/Dictionary1.xml (RunModel)" time="0.02" />
  <testcase classname="ptolemy.util.test.junit.AutoTests" name="[109] /home/travis/build/icyphy/ptII/ptolemy/actor/lib/test/auto/Dictionary2.xml (RunModel)" time="0.016" />
  <testcase classname="ptolemy.util.test.junit.AutoTests" name="[110] /home/travis/build/icyphy/ptII/ptolemy/actor/lib/test/auto/Dictionary3.xml (RunModel)" time="0.014" />
  <testcase classname="ptolemy.util.test.junit.AutoTests" name="[111] /home/travis/build/icyphy/ptII/ptolemy/actor/lib/test/auto/Dictionary4.xml (RunModel)" time="0.022" />
  <testcase classname="ptolemy.util.test.junit.AutoTests" name="[112] /home/travis/build/icyphy/ptII/ptolemy/actor/lib/test/auto/Differential.xml (RunModel)" time="0.012" />
  <testcase classname="ptolemy.util.test.junit.AutoTests" name="[113] /home/travis/build/icyphy/ptII/ptolemy/actor/lib/test/auto/Director.xml (RunModel)" time="0.012" />
  <testcase classname="ptolemy.util.test.junit.AutoTests" name="[114] /home/travis/build/icyphy/ptII/ptolemy/actor/lib/test/auto/DiscreteClock.xml (RunModel)" time="0.008" />
  <testcase classname="ptolemy.util.test.junit.AutoTests" name="[115] /home/travis/build/icyphy/ptII/ptolemy/actor/lib/test/auto/DiscreteClock10.xml (RunModel)" time="0.014" />
  <testcase classname="ptolemy.util.test.junit.AutoTests" name="[116] /home/travis/build/icyphy/ptII/ptolemy/actor/lib/test/auto/DiscreteClock11.xml (RunModel)" time="0.011" />
  <testcase classname="ptolemy.util.test.junit.AutoTests" name="[117] /home/travis/build/icyphy/ptII/ptolemy/actor/lib/test/auto/DiscreteClock12.xml (RunModel)" time="0.015" />
  <testcase classname="ptolemy.util.test.junit.AutoTests" name="[118] /home/travis/build/icyphy/ptII/ptolemy/actor/lib/test/auto/DiscreteClock13.xml (RunModel)" time="0.012" />
  <testcase classname="ptolemy.util.test.junit.AutoTests" name="[119] /home/travis/build/icyphy/ptII/ptolemy/actor/lib/test/auto/DiscreteClock14.xml (RunModel)" time="0.014" />
  <testcase classname="ptolemy.util.test.junit.AutoTests" name="[120] /home/travis/build/icyphy/ptII/ptolemy/actor/lib/test/auto/DiscreteClock15.xml (RunModel)" time="0.053" />
  <testcase classname="ptolemy.util.test.junit.AutoTests" name="[121] /home/travis/build/icyphy/ptII/ptolemy/actor/lib/test/auto/DiscreteClock16.xml (RunModel)" time="0.044" />
  <testcase classname="ptolemy.util.test.junit.AutoTests" name="[122] /home/travis/build/icyphy/ptII/ptolemy/actor/lib/test/auto/DiscreteClock17.xml (RunModel)" time="0.042" />
  <testcase classname="ptolemy.util.test.junit.AutoTests" name="[123] /home/travis/build/icyphy/ptII/ptolemy/actor/lib/test/auto/DiscreteClock18.xml (RunModel)" time="0.052" />
  <testcase classname="ptolemy.util.test.junit.AutoTests" name="[124] /home/travis/build/icyphy/ptII/ptolemy/actor/lib/test/auto/DiscreteClock19.xml (RunModel)" time="0.045" />
  <testcase classname="ptolemy.util.test.junit.AutoTests" name="[125] /home/travis/build/icyphy/ptII/ptolemy/actor/lib/test/auto/DiscreteClock2.xml (RunModel)" time="0.013" />
  <testcase classname="ptolemy.util.test.junit.AutoTests" name="[126] /home/travis/build/icyphy/ptII/ptolemy/actor/lib/test/auto/DiscreteClock20.xml (RunModel)" time="0.022" />
  <testcase classname="ptolemy.util.test.junit.AutoTests" name="[127] /home/travis/build/icyphy/ptII/ptolemy/actor/lib/test/auto/DiscreteClock21.xml (RunModel)" time="0.017" />
  <testcase classname="ptolemy.util.test.junit.AutoTests" name="[128] /home/travis/build/icyphy/ptII/ptolemy/actor/lib/test/auto/DiscreteClock22.xml (RunModel)" time="0.014" />
  <testcase classname="ptolemy.util.test.junit.AutoTests" name="[129] /home/travis/build/icyphy/ptII/ptolemy/actor/lib/test/auto/DiscreteClock23.xml (RunModel)" time="0.022" />
  <testcase classname="ptolemy.util.test.junit.AutoTests" name="[130] /home/travis/build/icyphy/ptII/ptolemy/actor/lib/test/auto/DiscreteClock24.xml (RunModel)" time="0.014" />
  <testcase classname="ptolemy.util.test.junit.AutoTests" name="[131] /home/travis/build/icyphy/ptII/ptolemy/actor/lib/test/auto/DiscreteClock4.xml (RunModel)" time="0.018" />
  <testcase classname="ptolemy.util.test.junit.AutoTests" name="[132] /home/travis/build/icyphy/ptII/ptolemy/actor/lib/test/auto/DiscreteClock5.xml (RunModel)" time="0.011" />
  <testcase classname="ptolemy.util.test.junit.AutoTests" name="[133] /home/travis/build/icyphy/ptII/ptolemy/actor/lib/test/auto/DiscreteClock6.xml (RunModel)" time="0.013" />
  <testcase classname="ptolemy.util.test.junit.AutoTests" name="[134] /home/travis/build/icyphy/ptII/ptolemy/actor/lib/test/auto/DiscreteClock7.xml (RunModel)" time="0.011" />
  <testcase classname="ptolemy.util.test.junit.AutoTests" name="[135] /home/travis/build/icyphy/ptII/ptolemy/actor/lib/test/auto/DiscreteClock8.xml (RunModel)" time="0.017" />
  <testcase classname="ptolemy.util.test.junit.AutoTests" name="[136] /home/travis/build/icyphy/ptII/ptolemy/actor/lib/test/auto/DiscreteClock9.xml (RunModel)" time="0.013" />
  <testcase classname="ptolemy.util.test.junit.AutoTests" name="[137] /home/travis/build/icyphy/ptII/ptolemy/actor/lib/test/auto/DisplayArray.xml (RunModel)" time="0.009" />
  <testcase classname="ptolemy.util.test.junit.AutoTests" name="[138] /home/travis/build/icyphy/ptII/ptolemy/actor/lib/test/auto/Distributor.xml (RunModel)" time="0.01" />
  <testcase classname="ptolemy.util.test.junit.AutoTests" name="[139] /home/travis/build/icyphy/ptII/ptolemy/actor/lib/test/auto/Distributor2.xml (RunModel)" time="0.011" />
  <testcase classname="ptolemy.util.test.junit.AutoTests" name="[140] /home/travis/build/icyphy/ptII/ptolemy/actor/lib/test/auto/DownSample.xml (RunModel)" time="0.01" />
  <testcase classname="ptolemy.util.test.junit.AutoTests" name="[141] /home/travis/build/icyphy/ptII/ptolemy/actor/lib/test/auto/ElectronicUnitBase1.xml (RunModel)" time="0.058" />
  <testcase classname="ptolemy.util.test.junit.AutoTests" name="[142] /home/travis/build/icyphy/ptII/ptolemy/actor/lib/test/auto/ElementsToArray.xml (RunModel)" time="0.01" />
  <testcase classname="ptolemy.util.test.junit.AutoTests" name="[143] /home/travis/build/icyphy/ptII/ptolemy/actor/lib/test/auto/Equals.xml (RunModel)" time="0.015" />
  <testcase classname="ptolemy.util.test.junit.AutoTests" name="[144] /home/travis/build/icyphy/ptII/ptolemy/actor/lib/test/auto/Exec.xml (RunModel)" time="0.029" />
  <testcase classname="ptolemy.util.test.junit.AutoTests" name="[145] /home/travis/build/icyphy/ptII/ptolemy/actor/lib/test/auto/ExecEnvironment.xml (RunModel)" time="0.036" />
  <testcase classname="ptolemy.util.test.junit.AutoTests" name="[146] /home/travis/build/icyphy/ptII/ptolemy/actor/lib/test/auto/ExecNonZeroReturnOutput.xml (RunModel)" time="0.183" />
  <testcase classname="ptolemy.util.test.junit.AutoTests" name="[147] /home/travis/build/icyphy/ptII/ptolemy/actor/lib/test/auto/ExecRunDemos.xml (RunModel)" time="10.547" />
  <testcase classname="ptolemy.util.test.junit.AutoTests" name="[148] /home/travis/build/icyphy/ptII/ptolemy/actor/lib/test/auto/ExecStop.xml (RunModel)" time="5.046" />
  <testcase classname="ptolemy.util.test.junit.AutoTests" name="[149] /home/travis/build/icyphy/ptII/ptolemy/actor/lib/test/auto/ExecutionTimeSDF.xml (RunModel)" time="6.035">
    <error type="java.lang.reflect.InvocationTargetException">java.lang.reflect.InvocationTargetException
	at jdk.internal.reflect.GeneratedConstructorAccessor36.newInstance(Unknown Source)
	at java.base/jdk.internal.reflect.DelegatingConstructorAccessorImpl.newInstance(DelegatingConstructorAccessorImpl.java:45)
	at java.base/java.lang.reflect.Constructor.newInstance(Constructor.java:490)
	at ptolemy.util.test.junit.AutoTests.RunModel(AutoTests.java:193)
	at jdk.internal.reflect.GeneratedMethodAccessor43.invoke(Unknown Source)
	at java.base/jdk.internal.reflect.DelegatingMethodAccessorImpl.invoke(DelegatingMethodAccessorImpl.java:43)
	at junitparams.internal.InvokeParameterisedMethod.evaluate(InvokeParameterisedMethod.java:102)
Caused by: ptolemy.kernel.util.IllegalActionException: Test fails in iteration 0.
Value was: 6001L. Should have been: 6000L
  in .ExecutionTimeSDF.NonStrictTest
	at ptolemy.actor.lib.NonStrictTest.postfire(NonStrictTest.java:328)
	at ptolemy.actor.AtomicActor.iterate(AtomicActor.java:518)
	at ptolemy.actor.sched.StaticSchedulingDirector.fire(StaticSchedulingDirector.java:216)
	at ptolemy.domains.sdf.kernel.SDFDirector.fire(SDFDirector.java:500)
	at ptolemy.actor.CompositeActor.fire(CompositeActor.java:455)
	at ptolemy.actor.Manager.iterate(Manager.java:851)
	at ptolemy.actor.Manager.execute(Manager.java:369)
	at ptolemy.actor.Manager.run(Manager.java:1263)
	at ptolemy.actor.Manager$PtolemyRunThread.run(Manager.java:1933)
</error>
  </testcase>
  <testcase classname="ptolemy.util.test.junit.AutoTests" name="[150] /home/travis/build/icyphy/ptII/ptolemy/actor/lib/test/auto/Expression1.xml (RunModel)" time="0.009" />
  <testcase classname="ptolemy.util.test.junit.AutoTests" name="[151] /home/travis/build/icyphy/ptII/ptolemy/actor/lib/test/auto/Expression10.xml (RunModel)" time="0.017" />
  <testcase classname="ptolemy.util.test.junit.AutoTests" name="[152] /home/travis/build/icyphy/ptII/ptolemy/actor/lib/test/auto/Expression11.xml (RunModel)" time="0.027" />
  <testcase classname="ptolemy.util.test.junit.AutoTests" name="[153] /home/travis/build/icyphy/ptII/ptolemy/actor/lib/test/auto/Expression12.xml (RunModel)" time="0.019" />
  <testcase classname="ptolemy.util.test.junit.AutoTests" name="[154] /home/travis/build/icyphy/ptII/ptolemy/actor/lib/test/auto/Expression13.xml (RunModel)" time="0.016" />
  <testcase classname="ptolemy.util.test.junit.AutoTests" name="[155] /home/travis/build/icyphy/ptII/ptolemy/actor/lib/test/auto/Expression14.xml (RunModel)" time="0.025" />
  <testcase classname="ptolemy.util.test.junit.AutoTests" name="[156] /home/travis/build/icyphy/ptII/ptolemy/actor/lib/test/auto/Expression15.xml (RunModel)" time="0.008" />
  <testcase classname="ptolemy.util.test.junit.AutoTests" name="[157] /home/travis/build/icyphy/ptII/ptolemy/actor/lib/test/auto/Expression16.xml (RunModel)" time="0.013" />
  <testcase classname="ptolemy.util.test.junit.AutoTests" name="[158] /home/travis/build/icyphy/ptII/ptolemy/actor/lib/test/auto/Expression17.xml (RunModel)" time="0.012" />
  <testcase classname="ptolemy.util.test.junit.AutoTests" name="[159] /home/travis/build/icyphy/ptII/ptolemy/actor/lib/test/auto/Expression18.xml (RunModel)" time="0.014" />
  <testcase classname="ptolemy.util.test.junit.AutoTests" name="[160] /home/travis/build/icyphy/ptII/ptolemy/actor/lib/test/auto/Expression2.xml (RunModel)" time="0.013" />
  <testcase classname="ptolemy.util.test.junit.AutoTests" name="[161] /home/travis/build/icyphy/ptII/ptolemy/actor/lib/test/auto/Expression3.xml (RunModel)" time="0.014" />
  <testcase classname="ptolemy.util.test.junit.AutoTests" name="[162] /home/travis/build/icyphy/ptII/ptolemy/actor/lib/test/auto/Expression4.xml (RunModel)" time="0.019" />
  <testcase classname="ptolemy.util.test.junit.AutoTests" name="[163] /home/travis/build/icyphy/ptII/ptolemy/actor/lib/test/auto/Expression5.xml (RunModel)" time="0.014" />
  <testcase classname="ptolemy.util.test.junit.AutoTests" name="[164] /home/travis/build/icyphy/ptII/ptolemy/actor/lib/test/auto/Expression6.xml (RunModel)" time="0.009" />
  <testcase classname="ptolemy.util.test.junit.AutoTests" name="[165] /home/travis/build/icyphy/ptII/ptolemy/actor/lib/test/auto/Expression7.xml (RunModel)" time="0.017" />
  <testcase classname="ptolemy.util.test.junit.AutoTests" name="[166] /home/travis/build/icyphy/ptII/ptolemy/actor/lib/test/auto/Expression8.xml (RunModel)" time="0.016" />
  <testcase classname="ptolemy.util.test.junit.AutoTests" name="[167] /home/travis/build/icyphy/ptII/ptolemy/actor/lib/test/auto/Expression9.xml (RunModel)" time="0.01" />
  <testcase classname="ptolemy.util.test.junit.AutoTests" name="[168] /home/travis/build/icyphy/ptII/ptolemy/actor/lib/test/auto/ExpressionConcatenateArrayType.xml (RunModel)" time="0.027" />
  <testcase classname="ptolemy.util.test.junit.AutoTests" name="[169] /home/travis/build/icyphy/ptII/ptolemy/actor/lib/test/auto/ExpressionConcatenateArrayType2.xml (RunModel)" time="0.022" />
  <testcase classname="ptolemy.util.test.junit.AutoTests" name="[170] /home/travis/build/icyphy/ptII/ptolemy/actor/lib/test/auto/ExpressionFix.xml (RunModel)" time="0.045" />
  <testcase classname="ptolemy.util.test.junit.AutoTests" name="[171] /home/travis/build/icyphy/ptII/ptolemy/actor/lib/test/auto/ExpressionFix2.xml (RunModel)" time="0.019" />
  <testcase classname="ptolemy.util.test.junit.AutoTests" name="[172] /home/travis/build/icyphy/ptII/ptolemy/actor/lib/test/auto/ExpressionFix3.xml (RunModel)" time="0.009" />
  <testcase classname="ptolemy.util.test.junit.AutoTests" name="[173] /home/travis/build/icyphy/ptII/ptolemy/actor/lib/test/auto/FileWriter1.xml (RunModel)" time="0.009" />
  <testcase classname="ptolemy.util.test.junit.AutoTests" name="[174] /home/travis/build/icyphy/ptII/ptolemy/actor/lib/test/auto/FileWriter2.xml (RunModel)" time="0.009" />
  <testcase classname="ptolemy.util.test.junit.AutoTests" name="[175] /home/travis/build/icyphy/ptII/ptolemy/actor/lib/test/auto/FileWriter3.xml (RunModel)" time="0.015" />
  <testcase classname="ptolemy.util.test.junit.AutoTests" name="[176] /home/travis/build/icyphy/ptII/ptolemy/actor/lib/test/auto/Gaussian.xml (RunModel)" time="0.011" />
  <testcase classname="ptolemy.util.test.junit.AutoTests" name="[177] /home/travis/build/icyphy/ptII/ptolemy/actor/lib/test/auto/Gaussian1.xml (RunModel)" time="0.019" />
  <testcase classname="ptolemy.util.test.junit.AutoTests" name="[178] /home/travis/build/icyphy/ptII/ptolemy/actor/lib/test/auto/Gaussian2.xml (RunModel)" time="0.023" />
  <testcase classname="ptolemy.util.test.junit.AutoTests" name="[179] /home/travis/build/icyphy/ptII/ptolemy/actor/lib/test/auto/GradientAdaptiveLattice.xml (RunModel)" time="0.029" />
  <testcase classname="ptolemy.util.test.junit.AutoTests" name="[180] /home/travis/build/icyphy/ptII/ptolemy/actor/lib/test/auto/IIR.xml (RunModel)" time="0.013" />
  <testcase classname="ptolemy.util.test.junit.AutoTests" name="[181] /home/travis/build/icyphy/ptII/ptolemy/actor/lib/test/auto/InputOutputTransparentPorts.xml (RunModel)" time="0.017" />
  <testcase classname="ptolemy.util.test.junit.AutoTests" name="[182] /home/travis/build/icyphy/ptII/ptolemy/actor/lib/test/auto/Interpolator.xml (RunModel)" time="0.011" />
  <testcase classname="ptolemy.util.test.junit.AutoTests" name="[183] /home/travis/build/icyphy/ptII/ptolemy/actor/lib/test/auto/InterpolatorFiringLimitDE.xml (RunModel)" time="0.014" />
  <testcase classname="ptolemy.util.test.junit.AutoTests" name="[184] /home/travis/build/icyphy/ptII/ptolemy/actor/lib/test/auto/Lattice.xml (RunModel)" time="0.008" />
  <testcase classname="ptolemy.util.test.junit.AutoTests" name="[185] /home/travis/build/icyphy/ptII/ptolemy/actor/lib/test/auto/LazyAOCTestLazy.xml (RunModel)" time="0.029" />
  <testcase classname="ptolemy.util.test.junit.AutoTests" name="[186] /home/travis/build/icyphy/ptII/ptolemy/actor/lib/test/auto/LazyAOCTestNonLazy.xml (RunModel)" time="0.042" />
  <testcase classname="ptolemy.util.test.junit.AutoTests" name="[187] /home/travis/build/icyphy/ptII/ptolemy/actor/lib/test/auto/LazyInnerClass.xml (RunModel)" time="0.047" />
  <testcase classname="ptolemy.util.test.junit.AutoTests" name="[188] /home/travis/build/icyphy/ptII/ptolemy/actor/lib/test/auto/LazyPubSub.xml (RunModel)" time="0.115" />
  <testcase classname="ptolemy.util.test.junit.AutoTests" name="[189] /home/travis/build/icyphy/ptII/ptolemy/actor/lib/test/auto/LazyPubSub2.xml (RunModel)" time="0.037" />
  <testcase classname="ptolemy.util.test.junit.AutoTests" name="[190] /home/travis/build/icyphy/ptII/ptolemy/actor/lib/test/auto/LazyPubSub3.xml (RunModel)" time="0.03" />
  <testcase classname="ptolemy.util.test.junit.AutoTests" name="[191] /home/travis/build/icyphy/ptII/ptolemy/actor/lib/test/auto/LazySubClassModel.xml (RunModel)" time="0.024" />
  <testcase classname="ptolemy.util.test.junit.AutoTests" name="[192] /home/travis/build/icyphy/ptII/ptolemy/actor/lib/test/auto/LevelCrossTest1.xml (RunModel)" time="0.011" />
  <testcase classname="ptolemy.util.test.junit.AutoTests" name="[193] /home/travis/build/icyphy/ptII/ptolemy/actor/lib/test/auto/LevelCrossTest10.xml (RunModel)" time="0.015" />
  <testcase classname="ptolemy.util.test.junit.AutoTests" name="[194] /home/travis/build/icyphy/ptII/ptolemy/actor/lib/test/auto/LevelCrossTest11.xml (RunModel)" time="0.018" />
  <testcase classname="ptolemy.util.test.junit.AutoTests" name="[195] /home/travis/build/icyphy/ptII/ptolemy/actor/lib/test/auto/LevelCrossTest12.xml (RunModel)" time="0.02" />
  <testcase classname="ptolemy.util.test.junit.AutoTests" name="[196] /home/travis/build/icyphy/ptII/ptolemy/actor/lib/test/auto/LevelCrossTest13.xml (RunModel)" time="0.014" />
  <testcase classname="ptolemy.util.test.junit.AutoTests" name="[197] /home/travis/build/icyphy/ptII/ptolemy/actor/lib/test/auto/LevelCrossTest2.xml (RunModel)" time="0.011" />
  <testcase classname="ptolemy.util.test.junit.AutoTests" name="[198] /home/travis/build/icyphy/ptII/ptolemy/actor/lib/test/auto/LevelCrossTest3.xml (RunModel)" time="0.015" />
  <testcase classname="ptolemy.util.test.junit.AutoTests" name="[199] /home/travis/build/icyphy/ptII/ptolemy/actor/lib/test/auto/LevelCrossTest4.xml (RunModel)" time="0.011" />
  <testcase classname="ptolemy.util.test.junit.AutoTests" name="[200] /home/travis/build/icyphy/ptII/ptolemy/actor/lib/test/auto/LevelCrossTest5.xml (RunModel)" time="0.012" />
  <testcase classname="ptolemy.util.test.junit.AutoTests" name="[201] /home/travis/build/icyphy/ptII/ptolemy/actor/lib/test/auto/LevelCrossTest6.xml (RunModel)" time="0.015" />
  <testcase classname="ptolemy.util.test.junit.AutoTests" name="[202] /home/travis/build/icyphy/ptII/ptolemy/actor/lib/test/auto/LevelCrossTest7.xml (RunModel)" time="0.021" />
  <testcase classname="ptolemy.util.test.junit.AutoTests" name="[203] /home/travis/build/icyphy/ptII/ptolemy/actor/lib/test/auto/LevelCrossTest8.xml (RunModel)" time="0.014" />
  <testcase classname="ptolemy.util.test.junit.AutoTests" name="[204] /home/travis/build/icyphy/ptII/ptolemy/actor/lib/test/auto/LevelCrossTest9.xml (RunModel)" time="0.025" />
  <testcase classname="ptolemy.util.test.junit.AutoTests" name="[205] /home/travis/build/icyphy/ptII/ptolemy/actor/lib/test/auto/LevinsonDurbin.xml (RunModel)" time="0.015" />
  <testcase classname="ptolemy.util.test.junit.AutoTests" name="[206] /home/travis/build/icyphy/ptII/ptolemy/actor/lib/test/auto/LevinsonDurbin2.xml (RunModel)" time="0.012" />
  <testcase classname="ptolemy.util.test.junit.AutoTests" name="[207] /home/travis/build/icyphy/ptII/ptolemy/actor/lib/test/auto/LevinsonDurbin3.xml (RunModel)" time="0.017" />
  <testcase classname="ptolemy.util.test.junit.AutoTests" name="[208] /home/travis/build/icyphy/ptII/ptolemy/actor/lib/test/auto/Limiter.xml (RunModel)" time="0.038" />
  <testcase classname="ptolemy.util.test.junit.AutoTests" name="[209] /home/travis/build/icyphy/ptII/ptolemy/actor/lib/test/auto/LinearDifferenceEquationSystem.xml (RunModel)" time="0.025" />
  <testcase classname="ptolemy.util.test.junit.AutoTests" name="[210] /home/travis/build/icyphy/ptII/ptolemy/actor/lib/test/auto/LookupTable.xml (RunModel)" time="0.01" />
  <testcase classname="ptolemy.util.test.junit.AutoTests" name="[211] /home/travis/build/icyphy/ptII/ptolemy/actor/lib/test/auto/MathFunction.xml (RunModel)" time="0.021" />
  <testcase classname="ptolemy.util.test.junit.AutoTests" name="[212] /home/travis/build/icyphy/ptII/ptolemy/actor/lib/test/auto/MathFunction2.xml (RunModel)" time="0.011" />
  <testcase classname="ptolemy.util.test.junit.AutoTests" name="[213] /home/travis/build/icyphy/ptII/ptolemy/actor/lib/test/auto/MathFunction3.xml (RunModel)" time="0.016" />
  <testcase classname="ptolemy.util.test.junit.AutoTests" name="[214] /home/travis/build/icyphy/ptII/ptolemy/actor/lib/test/auto/MatrixCropBoolean.xml (RunModel)" time="0.013" />
  <testcase classname="ptolemy.util.test.junit.AutoTests" name="[215] /home/travis/build/icyphy/ptII/ptolemy/actor/lib/test/auto/MatrixCropComplex.xml (RunModel)" time="0.009" />
  <testcase classname="ptolemy.util.test.junit.AutoTests" name="[216] /home/travis/build/icyphy/ptII/ptolemy/actor/lib/test/auto/MatrixCropDouble.xml (RunModel)" time="0.01" />
  <testcase classname="ptolemy.util.test.junit.AutoTests" name="[217] /home/travis/build/icyphy/ptII/ptolemy/actor/lib/test/auto/MatrixCropFix.xml (RunModel)" time="0.014" />
  <testcase classname="ptolemy.util.test.junit.AutoTests" name="[218] /home/travis/build/icyphy/ptII/ptolemy/actor/lib/test/auto/MatrixCropInt.xml (RunModel)" time="0.01" />
  <testcase classname="ptolemy.util.test.junit.AutoTests" name="[219] /home/travis/build/icyphy/ptII/ptolemy/actor/lib/test/auto/MatrixCropLong.xml (RunModel)" time="0.009" />
  <testcase classname="ptolemy.util.test.junit.AutoTests" name="[220] /home/travis/build/icyphy/ptII/ptolemy/actor/lib/test/auto/MatrixToArray.xml (RunModel)" time="0.052" />
  <testcase classname="ptolemy.util.test.junit.AutoTests" name="[221] /home/travis/build/icyphy/ptII/ptolemy/actor/lib/test/auto/MaxIndex.xml (RunModel)" time="0.015" />
  <testcase classname="ptolemy.util.test.junit.AutoTests" name="[222] /home/travis/build/icyphy/ptII/ptolemy/actor/lib/test/auto/Maximum.xml (RunModel)" time="0.013" />
  <testcase classname="ptolemy.util.test.junit.AutoTests" name="[223] /home/travis/build/icyphy/ptII/ptolemy/actor/lib/test/auto/MaximumComplex.xml (RunModel)" time="0.014" />
  <testcase classname="ptolemy.util.test.junit.AutoTests" name="[224] /home/travis/build/icyphy/ptII/ptolemy/actor/lib/test/auto/MethodCallTest.xml (RunModel)" time="0.022" />
  <testcase classname="ptolemy.util.test.junit.AutoTests" name="[225] /home/travis/build/icyphy/ptII/ptolemy/actor/lib/test/auto/Minimum.xml (RunModel)" time="0.016" />
  <testcase classname="ptolemy.util.test.junit.AutoTests" name="[226] /home/travis/build/icyphy/ptII/ptolemy/actor/lib/test/auto/MinimumComplex.xml (RunModel)" time="0.027" />
  <testcase classname="ptolemy.util.test.junit.AutoTests" name="[227] /home/travis/build/icyphy/ptII/ptolemy/actor/lib/test/auto/MinimumMultiports.xml (RunModel)" time="0.016" />
  <testcase classname="ptolemy.util.test.junit.AutoTests" name="[228] /home/travis/build/icyphy/ptII/ptolemy/actor/lib/test/auto/ModifyDate.xml (RunModel)" time="0.047" />
  <testcase classname="ptolemy.util.test.junit.AutoTests" name="[229] /home/travis/build/icyphy/ptII/ptolemy/actor/lib/test/auto/ModifyDate2.xml (RunModel)" time="0.027" />
  <testcase classname="ptolemy.util.test.junit.AutoTests" name="[230] /home/travis/build/icyphy/ptII/ptolemy/actor/lib/test/auto/MovingAverage.xml (RunModel)" time="0.022" />
  <testcase classname="ptolemy.util.test.junit.AutoTests" name="[231] /home/travis/build/icyphy/ptII/ptolemy/actor/lib/test/auto/MovingMaximum.xml (RunModel)" time="0.013" />
  <testcase classname="ptolemy.util.test.junit.AutoTests" name="[232] /home/travis/build/icyphy/ptII/ptolemy/actor/lib/test/auto/MultipleLinksToSameRelation.xml (RunModel)" time="0.014" />
  <testcase classname="ptolemy.util.test.junit.AutoTests" name="[233] /home/travis/build/icyphy/ptII/ptolemy/actor/lib/test/auto/MultipleLinksToSameRelationDE.xml (RunModel)" time="0.01" />
  <testcase classname="ptolemy.util.test.junit.AutoTests" name="[234] /home/travis/build/icyphy/ptII/ptolemy/actor/lib/test/auto/Multiplexor.xml (RunModel)" time="0.016" />
  <testcase classname="ptolemy.util.test.junit.AutoTests" name="[235] /home/travis/build/icyphy/ptII/ptolemy/actor/lib/test/auto/Multiplexor1.xml (RunModel)" time="0.013" />
  <testcase classname="ptolemy.util.test.junit.AutoTests" name="[236] /home/travis/build/icyphy/ptII/ptolemy/actor/lib/test/auto/Multiplexor2.xml (RunModel)" time="0.014" />
  <testcase classname="ptolemy.util.test.junit.AutoTests" name="[237] /home/travis/build/icyphy/ptII/ptolemy/actor/lib/test/auto/Multiplexor3.xml (RunModel)" time="0.011" />
  <testcase classname="ptolemy.util.test.junit.AutoTests" name="[238] /home/travis/build/icyphy/ptII/ptolemy/actor/lib/test/auto/MultiplexorDE.xml (RunModel)" time="0.02" />
  <testcase classname="ptolemy.util.test.junit.AutoTests" name="[239] /home/travis/build/icyphy/ptII/ptolemy/actor/lib/test/auto/MultiportBroadcastTest.xml (RunModel)" time="0.078" />
  <testcase classname="ptolemy.util.test.junit.AutoTests" name="[240] /home/travis/build/icyphy/ptII/ptolemy/actor/lib/test/auto/MultiportOutHangDuringGetWidth.xml (RunModel)" time="0.044" />
  <testcase classname="ptolemy.util.test.junit.AutoTests" name="[241] /home/travis/build/icyphy/ptII/ptolemy/actor/lib/test/auto/NilToken.xml (RunModel)" time="0.013" />
  <testcase classname="ptolemy.util.test.junit.AutoTests" name="[242] /home/travis/build/icyphy/ptII/ptolemy/actor/lib/test/auto/NilTokenNonStrictTest.xml (RunModel)" time="0.011" />
  <testcase classname="ptolemy.util.test.junit.AutoTests" name="[243] /home/travis/build/icyphy/ptII/ptolemy/actor/lib/test/auto/NilTokenRecord.xml (RunModel)" time="0.021" />
  <testcase classname="ptolemy.util.test.junit.AutoTests" name="[244] /home/travis/build/icyphy/ptII/ptolemy/actor/lib/test/auto/NilTokenTypeTest.xml (RunModel)" time="0.026" />
  <testcase classname="ptolemy.util.test.junit.AutoTests" name="[245] /home/travis/build/icyphy/ptII/ptolemy/actor/lib/test/auto/ObjectToken1.xml (RunModel)" time="0.007" />
  <testcase classname="ptolemy.util.test.junit.AutoTests" name="[246] /home/travis/build/icyphy/ptII/ptolemy/actor/lib/test/auto/OrderedMerge.xml (RunModel)" time="0.018" />
  <testcase classname="ptolemy.util.test.junit.AutoTests" name="[247] /home/travis/build/icyphy/ptII/ptolemy/actor/lib/test/auto/OrderedRecordDisassembler.xml (RunModel)" time="0.017" />
  <testcase classname="ptolemy.util.test.junit.AutoTests" name="[248] /home/travis/build/icyphy/ptII/ptolemy/actor/lib/test/auto/OrderedRecordDisassembler2.xml (RunModel)" time="0.017" />
  <testcase classname="ptolemy.util.test.junit.AutoTests" name="[249] /home/travis/build/icyphy/ptII/ptolemy/actor/lib/test/auto/OrderedRecordUpdater.xml (RunModel)" time="0.01" />
  <testcase classname="ptolemy.util.test.junit.AutoTests" name="[250] /home/travis/build/icyphy/ptII/ptolemy/actor/lib/test/auto/OrderedRecordUpdater2.xml (RunModel)" time="0.019" />
  <testcase classname="ptolemy.util.test.junit.AutoTests" name="[251] /home/travis/build/icyphy/ptII/ptolemy/actor/lib/test/auto/PhaseUnwrap.xml (RunModel)" time="0.013" />
  <testcase classname="ptolemy.util.test.junit.AutoTests" name="[252] /home/travis/build/icyphy/ptII/ptolemy/actor/lib/test/auto/PoissonClock.xml (RunModel)" time="0.01" />
  <testcase classname="ptolemy.util.test.junit.AutoTests" name="[253] /home/travis/build/icyphy/ptII/ptolemy/actor/lib/test/auto/PoissonClock2.xml (RunModel)" time="0.007" />
  <testcase classname="ptolemy.util.test.junit.AutoTests" name="[254] /home/travis/build/icyphy/ptII/ptolemy/actor/lib/test/auto/PoissonClock3.xml (RunModel)" time="0.024" />
  <testcase classname="ptolemy.util.test.junit.AutoTests" name="[255] /home/travis/build/icyphy/ptII/ptolemy/actor/lib/test/auto/PubSubWithInitialTokens.xml (RunModel)" time="0.013" />
  <testcase classname="ptolemy.util.test.junit.AutoTests" name="[256] /home/travis/build/icyphy/ptII/ptolemy/actor/lib/test/auto/PubSubWithInitialTokens2.xml (RunModel)" time="0.013" />
  <testcase classname="ptolemy.util.test.junit.AutoTests" name="[257] /home/travis/build/icyphy/ptII/ptolemy/actor/lib/test/auto/PublisherClassNoParameter.xml (RunModel)" time="0.025" />
  <testcase classname="ptolemy.util.test.junit.AutoTests" name="[258] /home/travis/build/icyphy/ptII/ptolemy/actor/lib/test/auto/PublisherClassParameter.xml (RunModel)" time="0.022" />
  <testcase classname="ptolemy.util.test.junit.AutoTests" name="[259] /home/travis/build/icyphy/ptII/ptolemy/actor/lib/test/auto/PublisherNonStrictTest.xml (RunModel)" time="0.016" />
  <testcase classname="ptolemy.util.test.junit.AutoTests" name="[260] /home/travis/build/icyphy/ptII/ptolemy/actor/lib/test/auto/PublisherPort1.xml (RunModel)" time="0.02" />
  <testcase classname="ptolemy.util.test.junit.AutoTests" name="[261] /home/travis/build/icyphy/ptII/ptolemy/actor/lib/test/auto/PublisherPort2.xml (RunModel)" time="0.008" />
  <testcase classname="ptolemy.util.test.junit.AutoTests" name="[262] /home/travis/build/icyphy/ptII/ptolemy/actor/lib/test/auto/PublisherPort3.xml (RunModel)" time="0.012" />
  <testcase classname="ptolemy.util.test.junit.AutoTests" name="[263] /home/travis/build/icyphy/ptII/ptolemy/actor/lib/test/auto/PublisherPort4.xml (RunModel)" time="0.012" />
  <testcase classname="ptolemy.util.test.junit.AutoTests" name="[264] /home/travis/build/icyphy/ptII/ptolemy/actor/lib/test/auto/PublisherPort5.xml (RunModel)" time="0.013" />
  <testcase classname="ptolemy.util.test.junit.AutoTests" name="[265] /home/travis/build/icyphy/ptII/ptolemy/actor/lib/test/auto/PublisherPort5LookAlike.xml (RunModel)" time="0.018" />
  <testcase classname="ptolemy.util.test.junit.AutoTests" name="[266] /home/travis/build/icyphy/ptII/ptolemy/actor/lib/test/auto/PublisherPort6.xml (RunModel)" time="0.011" />
  <testcase classname="ptolemy.util.test.junit.AutoTests" name="[267] /home/travis/build/icyphy/ptII/ptolemy/actor/lib/test/auto/PublisherPort7.xml (RunModel)" time="0.013" />
  <testcase classname="ptolemy.util.test.junit.AutoTests" name="[268] /home/travis/build/icyphy/ptII/ptolemy/actor/lib/test/auto/PublisherPort8.xml (RunModel)" time="0.016" />
  <testcase classname="ptolemy.util.test.junit.AutoTests" name="[269] /home/travis/build/icyphy/ptII/ptolemy/actor/lib/test/auto/PublisherPortSubscriberChannelVariablesAOC2.xml (RunModel)" time="0.03" />
  <testcase classname="ptolemy.util.test.junit.AutoTests" name="[270] /home/travis/build/icyphy/ptII/ptolemy/actor/lib/test/auto/PublisherPortSubscriberOpaqueWidthInference.xml (RunModel)" time="0.013" />
  <testcase classname="ptolemy.util.test.junit.AutoTests" name="[271] /home/travis/build/icyphy/ptII/ptolemy/actor/lib/test/auto/PublisherPortSubscriberPortAdjacent.xml (RunModel)" time="0.015" />
  <testcase classname="ptolemy.util.test.junit.AutoTests" name="[272] /home/travis/build/icyphy/ptII/ptolemy/actor/lib/test/auto/PublisherPortSubscriberPortExpression.xml (RunModel)" time="0.021" />
  <testcase classname="ptolemy.util.test.junit.AutoTests" name="[273] /home/travis/build/icyphy/ptII/ptolemy/actor/lib/test/auto/PublisherPortSubscriberPortOpaqueD3Reverse.xml (RunModel)" time="0.03" />
  <testcase classname="ptolemy.util.test.junit.AutoTests" name="[274] /home/travis/build/icyphy/ptII/ptolemy/actor/lib/test/auto/PublisherPortSubscriberPortOpaqueWidthInference.xml (RunModel)" time="0.04" />
  <testcase classname="ptolemy.util.test.junit.AutoTests" name="[275] /home/travis/build/icyphy/ptII/ptolemy/actor/lib/test/auto/PublisherPortToplevelSubscriberPortAOC.xml (RunModel)" time="0.015" />
  <testcase classname="ptolemy.util.test.junit.AutoTests" name="[276] /home/travis/build/icyphy/ptII/ptolemy/actor/lib/test/auto/PublisherSubscriber.xml (RunModel)" time="0.013" />
  <testcase classname="ptolemy.util.test.junit.AutoTests" name="[277] /home/travis/build/icyphy/ptII/ptolemy/actor/lib/test/auto/PublisherSubscriber10.xml (RunModel)" time="0.019" />
  <testcase classname="ptolemy.util.test.junit.AutoTests" name="[278] /home/travis/build/icyphy/ptII/ptolemy/actor/lib/test/auto/PublisherSubscriber10InitialOutputs.xml (RunModel)" time="0.03" />
  <testcase classname="ptolemy.util.test.junit.AutoTests" name="[279] /home/travis/build/icyphy/ptII/ptolemy/actor/lib/test/auto/PublisherSubscriber11.xml (RunModel)" time="0.013" />
  <testcase classname="ptolemy.util.test.junit.AutoTests" name="[280] /home/travis/build/icyphy/ptII/ptolemy/actor/lib/test/auto/PublisherSubscriber12.xml (RunModel)" time="0.019" />
  <testcase classname="ptolemy.util.test.junit.AutoTests" name="[281] /home/travis/build/icyphy/ptII/ptolemy/actor/lib/test/auto/PublisherSubscriber13.xml (RunModel)" time="0.01" />
  <testcase classname="ptolemy.util.test.junit.AutoTests" name="[282] /home/travis/build/icyphy/ptII/ptolemy/actor/lib/test/auto/PublisherSubscriber14.xml (RunModel)" time="0.017" />
  <testcase classname="ptolemy.util.test.junit.AutoTests" name="[283] /home/travis/build/icyphy/ptII/ptolemy/actor/lib/test/auto/PublisherSubscriber2.xml (RunModel)" time="0.011" />
  <testcase classname="ptolemy.util.test.junit.AutoTests" name="[284] /home/travis/build/icyphy/ptII/ptolemy/actor/lib/test/auto/PublisherSubscriber3.xml (RunModel)" time="0.009" />
  <testcase classname="ptolemy.util.test.junit.AutoTests" name="[285] /home/travis/build/icyphy/ptII/ptolemy/actor/lib/test/auto/PublisherSubscriber4.xml (RunModel)" time="0.007" />
  <testcase classname="ptolemy.util.test.junit.AutoTests" name="[286] /home/travis/build/icyphy/ptII/ptolemy/actor/lib/test/auto/PublisherSubscriber5.xml (RunModel)" time="0.011" />
  <testcase classname="ptolemy.util.test.junit.AutoTests" name="[287] /home/travis/build/icyphy/ptII/ptolemy/actor/lib/test/auto/PublisherSubscriber6.xml (RunModel)" time="0.014" />
  <testcase classname="ptolemy.util.test.junit.AutoTests" name="[288] /home/travis/build/icyphy/ptII/ptolemy/actor/lib/test/auto/PublisherSubscriber7.xml (RunModel)" time="0.017" />
  <testcase classname="ptolemy.util.test.junit.AutoTests" name="[289] /home/travis/build/icyphy/ptII/ptolemy/actor/lib/test/auto/PublisherSubscriber8.xml (RunModel)" time="0.036" />
  <testcase classname="ptolemy.util.test.junit.AutoTests" name="[290] /home/travis/build/icyphy/ptII/ptolemy/actor/lib/test/auto/PublisherSubscriber9.xml (RunModel)" time="0.016" />
  <testcase classname="ptolemy.util.test.junit.AutoTests" name="[291] /home/travis/build/icyphy/ptII/ptolemy/actor/lib/test/auto/PublisherSubscriberAdjacent.xml (RunModel)" time="0.023" />
  <testcase classname="ptolemy.util.test.junit.AutoTests" name="[292] /home/travis/build/icyphy/ptII/ptolemy/actor/lib/test/auto/PublisherSubscriberChannelVariablesAOC2.xml (RunModel)" time="0.024" />
  <testcase classname="ptolemy.util.test.junit.AutoTests" name="[293] /home/travis/build/icyphy/ptII/ptolemy/actor/lib/test/auto/PublisherSubscriberD3.xml (RunModel)" time="0.013" />
  <testcase classname="ptolemy.util.test.junit.AutoTests" name="[294] /home/travis/build/icyphy/ptII/ptolemy/actor/lib/test/auto/PublisherSubscriberD3Reverse.xml (RunModel)" time="0.01" />
  <testcase classname="ptolemy.util.test.junit.AutoTests" name="[295] /home/travis/build/icyphy/ptII/ptolemy/actor/lib/test/auto/PublisherSubscriberExpression.xml (RunModel)" time="0.014" />
  <testcase classname="ptolemy.util.test.junit.AutoTests" name="[296] /home/travis/build/icyphy/ptII/ptolemy/actor/lib/test/auto/PublisherSubscriberOpaque.xml (RunModel)" time="0.013" />
  <testcase classname="ptolemy.util.test.junit.AutoTests" name="[297] /home/travis/build/icyphy/ptII/ptolemy/actor/lib/test/auto/PublisherSubscriberOpaqueD3.xml (RunModel)" time="0.02" />
  <testcase classname="ptolemy.util.test.junit.AutoTests" name="[298] /home/travis/build/icyphy/ptII/ptolemy/actor/lib/test/auto/PublisherSubscriberOpaqueD3Reverse.xml (RunModel)" time="0.021" />
  <testcase classname="ptolemy.util.test.junit.AutoTests" name="[299] /home/travis/build/icyphy/ptII/ptolemy/actor/lib/test/auto/PublisherSubscriberOpaqueWidthInference.xml (RunModel)" time="0.02" />
  <testcase classname="ptolemy.util.test.junit.AutoTests" name="[300] /home/travis/build/icyphy/ptII/ptolemy/actor/lib/test/auto/PublisherTestSubscriber.xml (RunModel)" time="0.017" />
  <testcase classname="ptolemy.util.test.junit.AutoTests" name="[301] /home/travis/build/icyphy/ptII/ptolemy/actor/lib/test/auto/PublisherToplevelSubscriberPortAOC.xml (RunModel)" time="0.012" />
  <testcase classname="ptolemy.util.test.junit.AutoTests" name="[302] /home/travis/build/icyphy/ptII/ptolemy/actor/lib/test/auto/PulseFiringLimitDE.xml (RunModel)" time="0.013" />
  <testcase classname="ptolemy.util.test.junit.AutoTests" name="[303] /home/travis/build/icyphy/ptII/ptolemy/actor/lib/test/auto/Ramp1.xml (RunModel)" time="0.007" />
  <testcase classname="ptolemy.util.test.junit.AutoTests" name="[304] /home/travis/build/icyphy/ptII/ptolemy/actor/lib/test/auto/RampFiringLimitDE.xml (RunModel)" time="0.011" />
  <testcase classname="ptolemy.util.test.junit.AutoTests" name="[305] /home/travis/build/icyphy/ptII/ptolemy/actor/lib/test/auto/RampFiringLimitSDF.xml (RunModel)" time="0.008" />
  <testcase classname="ptolemy.util.test.junit.AutoTests" name="[306] /home/travis/build/icyphy/ptII/ptolemy/actor/lib/test/auto/RandomInteger.xml (RunModel)" time="0.008" />
  <testcase classname="ptolemy.util.test.junit.AutoTests" name="[307] /home/travis/build/icyphy/ptII/ptolemy/actor/lib/test/auto/ReadFile1.xml (RunModel)" time="0.007" />
  <testcase classname="ptolemy.util.test.junit.AutoTests" name="[308] /home/travis/build/icyphy/ptII/ptolemy/actor/lib/test/auto/ReadFile2.xml (RunModel)" time="0.006" />
  <testcase classname="ptolemy.util.test.junit.AutoTests" name="[309] /home/travis/build/icyphy/ptII/ptolemy/actor/lib/test/auto/Reader.xml (RunModel)" time="0.008" />
  <testcase classname="ptolemy.util.test.junit.AutoTests" name="[310] /home/travis/build/icyphy/ptII/ptolemy/actor/lib/test/auto/RecordAssemblerDisplayNameTest.xml (RunModel)" time="3.428" />
  <testcase classname="ptolemy.util.test.junit.AutoTests" name="[311] /home/travis/build/icyphy/ptII/ptolemy/actor/lib/test/auto/RecordAssemblerTypeError.xml (RunModel)" time="0.033" />
  <testcase classname="ptolemy.util.test.junit.AutoTests" name="[312] /home/travis/build/icyphy/ptII/ptolemy/actor/lib/test/auto/RecordDisassember.xml (RunModel)" time="0.019" />
  <testcase classname="ptolemy.util.test.junit.AutoTests" name="[313] /home/travis/build/icyphy/ptII/ptolemy/actor/lib/test/auto/RecordDisassemberDisplayNameTest.xml (RunModel)" time="0.024" />
  <testcase classname="ptolemy.util.test.junit.AutoTests" name="[314] /home/travis/build/icyphy/ptII/ptolemy/actor/lib/test/auto/RecordDisassembler.xml (RunModel)" time="0.009" />
  <testcase classname="ptolemy.util.test.junit.AutoTests" name="[315] /home/travis/build/icyphy/ptII/ptolemy/actor/lib/test/auto/RecordDisassembler2.xml (RunModel)" time="0.011" />
  <testcase classname="ptolemy.util.test.junit.AutoTests" name="[316] /home/travis/build/icyphy/ptII/ptolemy/actor/lib/test/auto/RecordUpdater.xml (RunModel)" time="0.009" />
  <testcase classname="ptolemy.util.test.junit.AutoTests" name="[317] /home/travis/build/icyphy/ptII/ptolemy/actor/lib/test/auto/RecordUpdater2.xml (RunModel)" time="0.009" />
  <testcase classname="ptolemy.util.test.junit.AutoTests" name="[318] /home/travis/build/icyphy/ptII/ptolemy/actor/lib/test/auto/RecursiveLattice.xml (RunModel)" time="0.008" />
  <testcase classname="ptolemy.util.test.junit.AutoTests" name="[319] /home/travis/build/icyphy/ptII/ptolemy/actor/lib/test/auto/Router.xml (RunModel)" time="3.023" />
  <testcase classname="ptolemy.util.test.junit.AutoTests" name="[320] /home/travis/build/icyphy/ptII/ptolemy/actor/lib/test/auto/Router2.xml (RunModel)" time="3.038" />
  <testcase classname="ptolemy.util.test.junit.AutoTests" name="[321] /home/travis/build/icyphy/ptII/ptolemy/actor/lib/test/auto/RunningMaximum.xml (RunModel)" time="0.012" />
  <testcase classname="ptolemy.util.test.junit.AutoTests" name="[322] /home/travis/build/icyphy/ptII/ptolemy/actor/lib/test/auto/RunningMinimum.xml (RunModel)" time="0.014" />
  <testcase classname="ptolemy.util.test.junit.AutoTests" name="[323] /home/travis/build/icyphy/ptII/ptolemy/actor/lib/test/auto/Scale.xml (RunModel)" time="0.02" />
  <testcase classname="ptolemy.util.test.junit.AutoTests" name="[324] /home/travis/build/icyphy/ptII/ptolemy/actor/lib/test/auto/Scale2.xml (RunModel)" time="0.011" />
  <testcase classname="ptolemy.util.test.junit.AutoTests" name="[325] /home/travis/build/icyphy/ptII/ptolemy/actor/lib/test/auto/Scale3.xml (RunModel)" time="0.013" />
  <testcase classname="ptolemy.util.test.junit.AutoTests" name="[326] /home/travis/build/icyphy/ptII/ptolemy/actor/lib/test/auto/ScaleArray.xml (RunModel)" time="0.007" />
  <testcase classname="ptolemy.util.test.junit.AutoTests" name="[327] /home/travis/build/icyphy/ptII/ptolemy/actor/lib/test/auto/ScaleArray2.xml (RunModel)" time="0.009" />
  <testcase classname="ptolemy.util.test.junit.AutoTests" name="[328] /home/travis/build/icyphy/ptII/ptolemy/actor/lib/test/auto/ScaleMatrix.xml (RunModel)" time="0.119" />
  <testcase classname="ptolemy.util.test.junit.AutoTests" name="[329] /home/travis/build/icyphy/ptII/ptolemy/actor/lib/test/auto/Select.xml (RunModel)" time="0.017" />
  <testcase classname="ptolemy.util.test.junit.AutoTests" name="[330] /home/travis/build/icyphy/ptII/ptolemy/actor/lib/test/auto/Select2.xml (RunModel)" time="0.008" />
  <testcase classname="ptolemy.util.test.junit.AutoTests" name="[331] /home/travis/build/icyphy/ptII/ptolemy/actor/lib/test/auto/SequenceToArray2.xml (RunModel)" time="0.115" />
  <testcase classname="ptolemy.util.test.junit.AutoTests" name="[332] /home/travis/build/icyphy/ptII/ptolemy/actor/lib/test/auto/SequentialClock.xml (RunModel)" time="0.008" />
  <testcase classname="ptolemy.util.test.junit.AutoTests" name="[333] /home/travis/build/icyphy/ptII/ptolemy/actor/lib/test/auto/SetVariable.xml (RunModel)" time="0.012" />
  <testcase classname="ptolemy.util.test.junit.AutoTests" name="[334] /home/travis/build/icyphy/ptII/ptolemy/actor/lib/test/auto/SetVariable2.xml (RunModel)" time="0.008" />
  <testcase classname="ptolemy.util.test.junit.AutoTests" name="[335] /home/travis/build/icyphy/ptII/ptolemy/actor/lib/test/auto/SetVariable3.xml (RunModel)" time="0.015" />
  <testcase classname="ptolemy.util.test.junit.AutoTests" name="[336] /home/travis/build/icyphy/ptII/ptolemy/actor/lib/test/auto/SetVariable4.xml (RunModel)" time="0.024" />
  <testcase classname="ptolemy.util.test.junit.AutoTests" name="[337] /home/travis/build/icyphy/ptII/ptolemy/actor/lib/test/auto/SetVariable5.xml (RunModel)" time="0.033" />
  <testcase classname="ptolemy.util.test.junit.AutoTests" name="[338] /home/travis/build/icyphy/ptII/ptolemy/actor/lib/test/auto/Sinewave.xml (RunModel)" time="0.025" />
  <testcase classname="ptolemy.util.test.junit.AutoTests" name="[339] /home/travis/build/icyphy/ptII/ptolemy/actor/lib/test/auto/Sinewave2.xml (RunModel)" time="0.016" />
  <testcase classname="ptolemy.util.test.junit.AutoTests" name="[340] /home/travis/build/icyphy/ptII/ptolemy/actor/lib/test/auto/Sinewave3.xml (RunModel)" time="0.016" />
  <testcase classname="ptolemy.util.test.junit.AutoTests" name="[341] /home/travis/build/icyphy/ptII/ptolemy/actor/lib/test/auto/SingleEvent.xml (RunModel)" time="0.006" />
  <testcase classname="ptolemy.util.test.junit.AutoTests" name="[342] /home/travis/build/icyphy/ptII/ptolemy/actor/lib/test/auto/Sleep.xml (RunModel)" time="6.014" />
  <testcase classname="ptolemy.util.test.junit.AutoTests" name="[343] /home/travis/build/icyphy/ptII/ptolemy/actor/lib/test/auto/SleepMultipleFire.xml (RunModel)" time="1.018" />
  <testcase classname="ptolemy.util.test.junit.AutoTests" name="[344] /home/travis/build/icyphy/ptII/ptolemy/actor/lib/test/auto/StopDE.xml (RunModel)" time="0.015" />
  <testcase classname="ptolemy.util.test.junit.AutoTests" name="[345] /home/travis/build/icyphy/ptII/ptolemy/actor/lib/test/auto/StopSDF.xml (RunModel)" time="0.011" />
  <testcase classname="ptolemy.util.test.junit.AutoTests" name="[346] /home/travis/build/icyphy/ptII/ptolemy/actor/lib/test/auto/StringConstant.xml (RunModel)" time="0.017" />
  <testcase classname="ptolemy.util.test.junit.AutoTests" name="[347] /home/travis/build/icyphy/ptII/ptolemy/actor/lib/test/auto/SubscriberPortInitialValues1.xml (RunModel)" time="0.019" />
  <testcase classname="ptolemy.util.test.junit.AutoTests" name="[348] /home/travis/build/icyphy/ptII/ptolemy/actor/lib/test/auto/SubscriberPortInitialValues13.xml (RunModel)" time="0.029" />
  <testcase classname="ptolemy.util.test.junit.AutoTests" name="[349] /home/travis/build/icyphy/ptII/ptolemy/actor/lib/test/auto/SubscriberPortInitialValues14.xml (RunModel)" time="0.037" />
  <testcase classname="ptolemy.util.test.junit.AutoTests" name="[350] /home/travis/build/icyphy/ptII/ptolemy/actor/lib/test/auto/SubscriberPortInitialValues2.xml (RunModel)" time="0.015" />
  <testcase classname="ptolemy.util.test.junit.AutoTests" name="[351] /home/travis/build/icyphy/ptII/ptolemy/actor/lib/test/auto/SubscriberPortInitialValues3.xml (RunModel)" time="0.018" />
  <testcase classname="ptolemy.util.test.junit.AutoTests" name="[352] /home/travis/build/icyphy/ptII/ptolemy/actor/lib/test/auto/SubscriptionAggregator.xml (RunModel)" time="0.023" />
  <testcase classname="ptolemy.util.test.junit.AutoTests" name="[353] /home/travis/build/icyphy/ptII/ptolemy/actor/lib/test/auto/SubscriptionAggregator2.xml (RunModel)" time="0.016" />
  <testcase classname="ptolemy.util.test.junit.AutoTests" name="[354] /home/travis/build/icyphy/ptII/ptolemy/actor/lib/test/auto/SubscriptionAggregator3.xml (RunModel)" time="0.015" />
  <testcase classname="ptolemy.util.test.junit.AutoTests" name="[355] /home/travis/build/icyphy/ptII/ptolemy/actor/lib/test/auto/SubscriptionAggregatorMultiply.xml (RunModel)" time="0.021" />
  <testcase classname="ptolemy.util.test.junit.AutoTests" name="[356] /home/travis/build/icyphy/ptII/ptolemy/actor/lib/test/auto/SubscriptionAggregatorPortMultiply1.xml (RunModel)" time="0.016" />
  <testcase classname="ptolemy.util.test.junit.AutoTests" name="[357] /home/travis/build/icyphy/ptII/ptolemy/actor/lib/test/auto/Switch.xml (RunModel)" time="0.021" />
  <testcase classname="ptolemy.util.test.junit.AutoTests" name="[358] /home/travis/build/icyphy/ptII/ptolemy/actor/lib/test/auto/Switch2.xml (RunModel)" time="0.012" />
  <testcase classname="ptolemy.util.test.junit.AutoTests" name="[359] /home/travis/build/icyphy/ptII/ptolemy/actor/lib/test/auto/SwitchDE.xml (RunModel)" time="0.013" />
  <testcase classname="ptolemy.util.test.junit.AutoTests" name="[360] /home/travis/build/icyphy/ptII/ptolemy/actor/lib/test/auto/SynchronizerDE.xml (RunModel)" time="0.02" />
  <testcase classname="ptolemy.util.test.junit.AutoTests" name="[361] /home/travis/build/icyphy/ptII/ptolemy/actor/lib/test/auto/Test.xml (RunModel)" time="0.016" />
  <testcase classname="ptolemy.util.test.junit.AutoTests" name="[362] /home/travis/build/icyphy/ptII/ptolemy/actor/lib/test/auto/TestExceptionAttribute1.xml (RunModel)" time="0.007" />
  <testcase classname="ptolemy.util.test.junit.AutoTests" name="[363] /home/travis/build/icyphy/ptII/ptolemy/actor/lib/test/auto/TestExceptionAttribute2.xml (RunModel)" time="0.011" />
  <testcase classname="ptolemy.util.test.junit.AutoTests" name="[364] /home/travis/build/icyphy/ptII/ptolemy/actor/lib/test/auto/TestExceptionAttribute3.xml (RunModel)" time="0.01" />
  <testcase classname="ptolemy.util.test.junit.AutoTests" name="[365] /home/travis/build/icyphy/ptII/ptolemy/actor/lib/test/auto/TestExceptionAttribute4.xml (RunModel)" time="0.008" />
  <testcase classname="ptolemy.util.test.junit.AutoTests" name="[366] /home/travis/build/icyphy/ptII/ptolemy/actor/lib/test/auto/TestExceptionHandler1.xml (RunModel)" time="0.007" />
  <testcase classname="ptolemy.util.test.junit.AutoTests" name="[367] /home/travis/build/icyphy/ptII/ptolemy/actor/lib/test/auto/TestExceptionHandler2.xml (RunModel)" time="0.012" />
  <testcase classname="ptolemy.util.test.junit.AutoTests" name="[368] /home/travis/build/icyphy/ptII/ptolemy/actor/lib/test/auto/TestExceptionHandler3.xml (RunModel)" time="0.006" />
  <testcase classname="ptolemy.util.test.junit.AutoTests" name="[369] /home/travis/build/icyphy/ptII/ptolemy/actor/lib/test/auto/TestExceptionHandler4.xml (RunModel)" time="0.007" />
  <testcase classname="ptolemy.util.test.junit.AutoTests" name="[370] /home/travis/build/icyphy/ptII/ptolemy/actor/lib/test/auto/TestRequireCorrectOrder.xml (RunModel)" time="0.011" />
  <testcase classname="ptolemy.util.test.junit.AutoTests" name="[371] /home/travis/build/icyphy/ptII/ptolemy/actor/lib/test/auto/TestSimple.xml (RunModel)" time="0.006" />
  <testcase classname="ptolemy.util.test.junit.AutoTests" name="[372] /home/travis/build/icyphy/ptII/ptolemy/actor/lib/test/auto/ThrowModelError.xml (RunModel)" time="0.009" />
  <testcase classname="ptolemy.util.test.junit.AutoTests" name="[373] /home/travis/build/icyphy/ptII/ptolemy/actor/lib/test/auto/TimeDelayMicrosteps.xml (RunModel)" time="0.012" />
  <testcase classname="ptolemy.util.test.junit.AutoTests" name="[374] /home/travis/build/icyphy/ptII/ptolemy/actor/lib/test/auto/TimeDelayMicrosteps2.xml (RunModel)" time="0.014" />
  <testcase classname="ptolemy.util.test.junit.AutoTests" name="[375] /home/travis/build/icyphy/ptII/ptolemy/actor/lib/test/auto/TimeDelayMicrosteps3.xml (RunModel)" time="0.012" />
  <testcase classname="ptolemy.util.test.junit.AutoTests" name="[376] /home/travis/build/icyphy/ptII/ptolemy/actor/lib/test/auto/TimeDelayVariableMicrosteps.xml (RunModel)" time="0.012" />
  <testcase classname="ptolemy.util.test.junit.AutoTests" name="[377] /home/travis/build/icyphy/ptII/ptolemy/actor/lib/test/auto/TimeGap.xml (RunModel)" time="0.015" />
  <testcase classname="ptolemy.util.test.junit.AutoTests" name="[378] /home/travis/build/icyphy/ptII/ptolemy/actor/lib/test/auto/TimeGap2.xml (RunModel)" time="0.01" />
  <testcase classname="ptolemy.util.test.junit.AutoTests" name="[379] /home/travis/build/icyphy/ptII/ptolemy/actor/lib/test/auto/TimedSinewave.xml (RunModel)" time="0.048" />
  <testcase classname="ptolemy.util.test.junit.AutoTests" name="[380] /home/travis/build/icyphy/ptII/ptolemy/actor/lib/test/auto/TimedSinewavePhase.xml (RunModel)" time="0.042" />
  <testcase classname="ptolemy.util.test.junit.AutoTests" name="[381] /home/travis/build/icyphy/ptII/ptolemy/actor/lib/test/auto/Timer.xml (RunModel)" time="0.016" />
  <testcase classname="ptolemy.util.test.junit.AutoTests" name="[382] /home/travis/build/icyphy/ptII/ptolemy/actor/lib/test/auto/TriangularDistTestModel.xml (RunModel)" time="0.017" />
  <testcase classname="ptolemy.util.test.junit.AutoTests" name="[383] /home/travis/build/icyphy/ptII/ptolemy/actor/lib/test/auto/TrigFunction.xml (RunModel)" time="0.008" />
  <testcase classname="ptolemy.util.test.junit.AutoTests" name="[384] /home/travis/build/icyphy/ptII/ptolemy/actor/lib/test/auto/TrigFunctionDE.xml (RunModel)" time="0.01" />
  <testcase classname="ptolemy.util.test.junit.AutoTests" name="[385] /home/travis/build/icyphy/ptII/ptolemy/actor/lib/test/auto/TrigFunctionInverse.xml (RunModel)" time="0.01" />
  <testcase classname="ptolemy.util.test.junit.AutoTests" name="[386] /home/travis/build/icyphy/ptII/ptolemy/actor/lib/test/auto/TrigFunctionTan.xml (RunModel)" time="0.007" />
  <testcase classname="ptolemy.util.test.junit.AutoTests" name="[387] /home/travis/build/icyphy/ptII/ptolemy/actor/lib/test/auto/TriggeredClock.xml (RunModel)" time="0.009" />
  <testcase classname="ptolemy.util.test.junit.AutoTests" name="[388] /home/travis/build/icyphy/ptII/ptolemy/actor/lib/test/auto/URLDirectoryReader.xml (RunModel)" time="0.114" />
  <testcase classname="ptolemy.util.test.junit.AutoTests" name="[389] /home/travis/build/icyphy/ptII/ptolemy/actor/lib/test/auto/URLDirectoryReader3.xml (RunModel)" time="1.239" />
  <testcase classname="ptolemy.util.test.junit.AutoTests" name="[390] /home/travis/build/icyphy/ptII/ptolemy/actor/lib/test/auto/UnaryMathFunction.xml (RunModel)" time="0.034" />
  <testcase classname="ptolemy.util.test.junit.AutoTests" name="[391] /home/travis/build/icyphy/ptII/ptolemy/actor/lib/test/auto/Uniform.xml (RunModel)" time="0.011" />
  <testcase classname="ptolemy.util.test.junit.AutoTests" name="[392] /home/travis/build/icyphy/ptII/ptolemy/actor/lib/test/auto/UnionDisassemblerTest.xml (RunModel)" time="0.009" />
  <testcase classname="ptolemy.util.test.junit.AutoTests" name="[393] /home/travis/build/icyphy/ptII/ptolemy/actor/lib/test/auto/UtilityFunctions.xml (RunModel)" time="0.007" />
  <testcase classname="ptolemy.util.test.junit.AutoTests" name="[394] /home/travis/build/icyphy/ptII/ptolemy/actor/lib/test/auto/VariableSleep.xml (RunModel)" time="0.513" />
  <testcase classname="ptolemy.util.test.junit.AutoTests" name="[395] /home/travis/build/icyphy/ptII/ptolemy/actor/lib/test/auto/VectorAssemblerDisassemblerCT.xml (RunModel)" time="0.107" />
  <testcase classname="ptolemy.util.test.junit.AutoTests" name="[396] /home/travis/build/icyphy/ptII/ptolemy/actor/lib/test/auto/VectorAssemblerDisassemblerDE.xml (RunModel)" time="0.012" />
  <testcase classname="ptolemy.util.test.junit.AutoTests" name="[397] /home/travis/build/icyphy/ptII/ptolemy/actor/lib/test/auto/VectorAssemblerDisassemblerSDF.xml (RunModel)" time="0.011" />
  <testcase classname="ptolemy.util.test.junit.AutoTests" name="[398] /home/travis/build/icyphy/ptII/ptolemy/actor/lib/test/auto/WallClockTime.xml (RunModel)" time="1.013" />
  <testcase classname="ptolemy.util.test.junit.AutoTests" name="[399] /home/travis/build/icyphy/ptII/ptolemy/actor/lib/test/auto/WidthTestWithSubscriberPublisher.xml (RunModel)" time="0.039" />
  <testcase classname="ptolemy.util.test.junit.AutoTests" name="[400] /home/travis/build/icyphy/ptII/ptolemy/actor/lib/test/auto/WidthTestWithSubscriberPublisher2.xml (RunModel)" time="0.015" />
  <testcase classname="ptolemy.util.test.junit.AutoTests" name="[401] /home/travis/build/icyphy/ptII/ptolemy/actor/lib/test/auto/WidthTestWithSubscriberPublisher3.xml (RunModel)" time="0.011" />
  <testcase classname="ptolemy.util.test.junit.AutoTests" name="[402] /home/travis/build/icyphy/ptII/ptolemy/actor/lib/test/auto/Writer.xml (RunModel)" time="0.008" />
  <testcase classname="ptolemy.util.test.junit.AutoTests" name="[403] /home/travis/build/icyphy/ptII/ptolemy/actor/lib/test/auto/array.xml (RunModel)" time="0.008" />
  <testcase classname="ptolemy.util.test.junit.AutoTests" name="[404] /home/travis/build/icyphy/ptII/ptolemy/actor/lib/test/auto/array2.xml (RunModel)" time="0.015" />
  <testcase classname="ptolemy.util.test.junit.AutoTests" name="[405] /home/travis/build/icyphy/ptII/ptolemy/actor/lib/test/auto/arrayType.xml (RunModel)" time="0.01" />
  <testcase classname="ptolemy.util.test.junit.AutoTests" name="[406] /home/travis/build/icyphy/ptII/ptolemy/actor/lib/test/auto/arrayType10.xml (RunModel)" time="0.011" />
  <testcase classname="ptolemy.util.test.junit.AutoTests" name="[407] /home/travis/build/icyphy/ptII/ptolemy/actor/lib/test/auto/arrayType11.xml (RunModel)" time="0.009" />
  <testcase classname="ptolemy.util.test.junit.AutoTests" name="[408] /home/travis/build/icyphy/ptII/ptolemy/actor/lib/test/auto/arrayType12.xml (RunModel)" time="0.008" />
  <testcase classname="ptolemy.util.test.junit.AutoTests" name="[409] /home/travis/build/icyphy/ptII/ptolemy/actor/lib/test/auto/arrayType13.xml (RunModel)" time="0.008" />
  <testcase classname="ptolemy.util.test.junit.AutoTests" name="[410] /home/travis/build/icyphy/ptII/ptolemy/actor/lib/test/auto/arrayType14.xml (RunModel)" time="0.008" />
  <testcase classname="ptolemy.util.test.junit.AutoTests" name="[411] /home/travis/build/icyphy/ptII/ptolemy/actor/lib/test/auto/arrayType15.xml (RunModel)" time="0.009" />
  <testcase classname="ptolemy.util.test.junit.AutoTests" name="[412] /home/travis/build/icyphy/ptII/ptolemy/actor/lib/test/auto/arrayType16.xml (RunModel)" time="0.008" />
  <testcase classname="ptolemy.util.test.junit.AutoTests" name="[413] /home/travis/build/icyphy/ptII/ptolemy/actor/lib/test/auto/arrayType17.xml (RunModel)" time="0.008" />
  <testcase classname="ptolemy.util.test.junit.AutoTests" name="[414] /home/travis/build/icyphy/ptII/ptolemy/actor/lib/test/auto/arrayType18.xml (RunModel)" time="0.007" />
  <testcase classname="ptolemy.util.test.junit.AutoTests" name="[415] /home/travis/build/icyphy/ptII/ptolemy/actor/lib/test/auto/arrayType19.xml (RunModel)" time="0.008" />
  <testcase classname="ptolemy.util.test.junit.AutoTests" name="[416] /home/travis/build/icyphy/ptII/ptolemy/actor/lib/test/auto/arrayType2.xml (RunModel)" time="0.009" />
  <testcase classname="ptolemy.util.test.junit.AutoTests" name="[417] /home/travis/build/icyphy/ptII/ptolemy/actor/lib/test/auto/arrayType20.xml (RunModel)" time="0.008" />
  <testcase classname="ptolemy.util.test.junit.AutoTests" name="[418] /home/travis/build/icyphy/ptII/ptolemy/actor/lib/test/auto/arrayType21.xml (RunModel)" time="0.007" />
  <testcase classname="ptolemy.util.test.junit.AutoTests" name="[419] /home/travis/build/icyphy/ptII/ptolemy/actor/lib/test/auto/arrayType22.xml (RunModel)" time="0.007" />
  <testcase classname="ptolemy.util.test.junit.AutoTests" name="[420] /home/travis/build/icyphy/ptII/ptolemy/actor/lib/test/auto/arrayType23.xml (RunModel)" time="0.008" />
  <testcase classname="ptolemy.util.test.junit.AutoTests" name="[421] /home/travis/build/icyphy/ptII/ptolemy/actor/lib/test/auto/arrayType24.xml (RunModel)" time="0.009" />
  <testcase classname="ptolemy.util.test.junit.AutoTests" name="[422] /home/travis/build/icyphy/ptII/ptolemy/actor/lib/test/auto/arrayType25.xml (RunModel)" time="0.008" />
  <testcase classname="ptolemy.util.test.junit.AutoTests" name="[423] /home/travis/build/icyphy/ptII/ptolemy/actor/lib/test/auto/arrayType26.xml (RunModel)" time="0.007" />
  <testcase classname="ptolemy.util.test.junit.AutoTests" name="[424] /home/travis/build/icyphy/ptII/ptolemy/actor/lib/test/auto/arrayType27.xml (RunModel)" time="0.009" />
  <testcase classname="ptolemy.util.test.junit.AutoTests" name="[425] /home/travis/build/icyphy/ptII/ptolemy/actor/lib/test/auto/arrayType28.xml (RunModel)" time="0.009" />
  <testcase classname="ptolemy.util.test.junit.AutoTests" name="[426] /home/travis/build/icyphy/ptII/ptolemy/actor/lib/test/auto/arrayType3.xml (RunModel)" time="0.008" />
  <testcase classname="ptolemy.util.test.junit.AutoTests" name="[427] /home/travis/build/icyphy/ptII/ptolemy/actor/lib/test/auto/arrayType4.xml (RunModel)" time="0.008" />
  <testcase classname="ptolemy.util.test.junit.AutoTests" name="[428] /home/travis/build/icyphy/ptII/ptolemy/actor/lib/test/auto/arrayType5.xml (RunModel)" time="0.013" />
  <testcase classname="ptolemy.util.test.junit.AutoTests" name="[429] /home/travis/build/icyphy/ptII/ptolemy/actor/lib/test/auto/arrayType6.xml (RunModel)" time="0.008" />
  <testcase classname="ptolemy.util.test.junit.AutoTests" name="[430] /home/travis/build/icyphy/ptII/ptolemy/actor/lib/test/auto/arrayType7.xml (RunModel)" time="0.007" />
  <testcase classname="ptolemy.util.test.junit.AutoTests" name="[431] /home/travis/build/icyphy/ptII/ptolemy/actor/lib/test/auto/arrayType8.xml (RunModel)" time="0.009" />
  <testcase classname="ptolemy.util.test.junit.AutoTests" name="[432] /home/travis/build/icyphy/ptII/ptolemy/actor/lib/test/auto/arrayType9.xml (RunModel)" time="0.007" />
  <testcase classname="ptolemy.util.test.junit.AutoTests" name="[433] /home/travis/build/icyphy/ptII/ptolemy/actor/lib/test/auto/cast.xml (RunModel)" time="0.008" />
  <testcase classname="ptolemy.util.test.junit.AutoTests" name="[434] /home/travis/build/icyphy/ptII/ptolemy/actor/lib/test/auto/compositeMultiPort.xml (RunModel)" time="0.017" />
  <testcase classname="ptolemy.util.test.junit.AutoTests" name="[435] /home/travis/build/icyphy/ptII/ptolemy/actor/lib/test/auto/expressionCastInference.xml (RunModel)" time="0.017" />
  <testcase classname="ptolemy.util.test.junit.AutoTests" name="[436] /home/travis/build/icyphy/ptII/ptolemy/actor/lib/test/auto/expressionCastInference2.xml (RunModel)" time="0.013" />
  <testcase classname="ptolemy.util.test.junit.AutoTests" name="[437] /home/travis/build/icyphy/ptII/ptolemy/actor/lib/test/auto/expressionInference.xml (RunModel)" time="0.008" />
  <testcase classname="ptolemy.util.test.junit.AutoTests" name="[438] /home/travis/build/icyphy/ptII/ptolemy/actor/lib/test/auto/expression_bug.xml (RunModel)" time="0.007" />
  <testcase classname="ptolemy.util.test.junit.AutoTests" name="[439] /home/travis/build/icyphy/ptII/ptolemy/actor/lib/test/auto/factorial.xml (RunModel)" time="0.099" />
  <testcase classname="ptolemy.util.test.junit.AutoTests" name="[440] /home/travis/build/icyphy/ptII/ptolemy/actor/lib/test/auto/filterTest1.xml (RunModel)" time="0.016" />
  <testcase classname="ptolemy.util.test.junit.AutoTests" name="[441] /home/travis/build/icyphy/ptII/ptolemy/actor/lib/test/auto/funcApplyInConst.xml (RunModel)" time="0.007" />
  <testcase classname="ptolemy.util.test.junit.AutoTests" name="[442] /home/travis/build/icyphy/ptII/ptolemy/actor/lib/test/auto/funcApplyInExpr.xml (RunModel)" time="0.005" />
  <testcase classname="ptolemy.util.test.junit.AutoTests" name="[443] /home/travis/build/icyphy/ptII/ptolemy/actor/lib/test/auto/function.xml (RunModel)" time="0.01" />
  <testcase classname="ptolemy.util.test.junit.AutoTests" name="[444] /home/travis/build/icyphy/ptII/ptolemy/actor/lib/test/auto/function2.xml (RunModel)" time="0.01" />
  <testcase classname="ptolemy.util.test.junit.AutoTests" name="[445] /home/travis/build/icyphy/ptII/ptolemy/actor/lib/test/auto/function3.xml (RunModel)" time="0.007" />
  <testcase classname="ptolemy.util.test.junit.AutoTests" name="[446] /home/travis/build/icyphy/ptII/ptolemy/actor/lib/test/auto/functionClosureTest1.xml (RunModel)" time="0.01" />
  <testcase classname="ptolemy.util.test.junit.AutoTests" name="[447] /home/travis/build/icyphy/ptII/ptolemy/actor/lib/test/auto/functionClosureTest2.xml (RunModel)" time="0.008" />
  <testcase classname="ptolemy.util.test.junit.AutoTests" name="[448] /home/travis/build/icyphy/ptII/ptolemy/actor/lib/test/auto/functionClosureTest3.xml (RunModel)" time="0.034" />
  <testcase classname="ptolemy.util.test.junit.AutoTests" name="[449] /home/travis/build/icyphy/ptII/ptolemy/actor/lib/test/auto/functionClosureTest4.xml (RunModel)" time="0.069" />
  <testcase classname="ptolemy.util.test.junit.AutoTests" name="[450] /home/travis/build/icyphy/ptII/ptolemy/actor/lib/test/auto/functionClosureTest5.xml (RunModel)" time="0.031" />
  <testcase classname="ptolemy.util.test.junit.AutoTests" name="[451] /home/travis/build/icyphy/ptII/ptolemy/actor/lib/test/auto/functionClosureTest6.xml (RunModel)" time="0.031" />
  <testcase classname="ptolemy.util.test.junit.AutoTests" name="[452] /home/travis/build/icyphy/ptII/ptolemy/actor/lib/test/auto/functionsOnArcs.xml (RunModel)" time="0.009" />
  <testcase classname="ptolemy.util.test.junit.AutoTests" name="[453] /home/travis/build/icyphy/ptII/ptolemy/actor/lib/test/auto/functionsOnArcsHOF.xml (RunModel)" time="0.012" />
  <testcase classname="ptolemy.util.test.junit.AutoTests" name="[454] /home/travis/build/icyphy/ptII/ptolemy/actor/lib/test/auto/logic.xml (RunModel)" time="0.018" />
  <testcase classname="ptolemy.util.test.junit.AutoTests" name="[455] /home/travis/build/icyphy/ptII/ptolemy/actor/lib/test/auto/matrixType.xml (RunModel)" time="0.009" />
  <testcase classname="ptolemy.util.test.junit.AutoTests" name="[456] /home/travis/build/icyphy/ptII/ptolemy/actor/lib/test/auto/matrixType10.xml (RunModel)" time="0.01" />
  <testcase classname="ptolemy.util.test.junit.AutoTests" name="[457] /home/travis/build/icyphy/ptII/ptolemy/actor/lib/test/auto/matrixType11.xml (RunModel)" time="0.008" />
  <testcase classname="ptolemy.util.test.junit.AutoTests" name="[458] /home/travis/build/icyphy/ptII/ptolemy/actor/lib/test/auto/matrixType12.xml (RunModel)" time="0.011" />
  <testcase classname="ptolemy.util.test.junit.AutoTests" name="[459] /home/travis/build/icyphy/ptII/ptolemy/actor/lib/test/auto/matrixType13.xml (RunModel)" time="0.009" />
  <testcase classname="ptolemy.util.test.junit.AutoTests" name="[460] /home/travis/build/icyphy/ptII/ptolemy/actor/lib/test/auto/matrixType14.xml (RunModel)" time="0.01" />
  <testcase classname="ptolemy.util.test.junit.AutoTests" name="[461] /home/travis/build/icyphy/ptII/ptolemy/actor/lib/test/auto/matrixType2.xml (RunModel)" time="0.009" />
  <testcase classname="ptolemy.util.test.junit.AutoTests" name="[462] /home/travis/build/icyphy/ptII/ptolemy/actor/lib/test/auto/matrixType3.xml (RunModel)" time="0.01" />
  <testcase classname="ptolemy.util.test.junit.AutoTests" name="[463] /home/travis/build/icyphy/ptII/ptolemy/actor/lib/test/auto/matrixType4.xml (RunModel)" time="0.008" />
  <testcase classname="ptolemy.util.test.junit.AutoTests" name="[464] /home/travis/build/icyphy/ptII/ptolemy/actor/lib/test/auto/matrixType5.xml (RunModel)" time="0.008" />
  <testcase classname="ptolemy.util.test.junit.AutoTests" name="[465] /home/travis/build/icyphy/ptII/ptolemy/actor/lib/test/auto/matrixType6.xml (RunModel)" time="0.008" />
  <testcase classname="ptolemy.util.test.junit.AutoTests" name="[466] /home/travis/build/icyphy/ptII/ptolemy/actor/lib/test/auto/matrixType7.xml (RunModel)" time="0.009" />
  <testcase classname="ptolemy.util.test.junit.AutoTests" name="[467] /home/travis/build/icyphy/ptII/ptolemy/actor/lib/test/auto/matrixType8.xml (RunModel)" time="0.009" />
  <testcase classname="ptolemy.util.test.junit.AutoTests" name="[468] /home/travis/build/icyphy/ptII/ptolemy/actor/lib/test/auto/matrixType9.xml (RunModel)" time="0.008" />
  <testcase classname="ptolemy.util.test.junit.AutoTests" name="[469] /home/travis/build/icyphy/ptII/ptolemy/actor/lib/test/auto/paraFunctest.xml (RunModel)" time="0.008" />
  <testcase classname="ptolemy.util.test.junit.AutoTests" name="[470] /home/travis/build/icyphy/ptII/ptolemy/actor/lib/test/auto/paraFunctest2.xml (RunModel)" time="0.012" />
  <testcase classname="ptolemy.util.test.junit.AutoTests" name="[471] /home/travis/build/icyphy/ptII/ptolemy/actor/lib/test/auto/parameterPassing.xml (RunModel)" time="0.009" />
  <testcase classname="ptolemy.util.test.junit.AutoTests" name="[472] /home/travis/build/icyphy/ptII/ptolemy/actor/lib/test/auto/record.xml (RunModel)" time="0.009" />
  <testcase classname="ptolemy.util.test.junit.AutoTests" name="[473] /home/travis/build/icyphy/ptII/ptolemy/actor/lib/test/auto/sizedarray1.xml (RunModel)" time="0.01" />
  <testcase classname="ptolemy.util.test.junit.AutoTests" name="[474] /home/travis/build/icyphy/ptII/ptolemy/actor/lib/test/auto/sizedarray2.xml (RunModel)" time="0.01" />
  <testcase classname="ptolemy.util.test.junit.AutoTests" name="[475] /home/travis/build/icyphy/ptII/ptolemy/actor/lib/test/auto/twoPublishers.xml (RunModel)" time="0.024" />
  <system-out><![CDATA[/home/travis/build/icyphy/ptII/ptolemy/actor/lib/test/AbsoluteValue.tcl
testDefs.tcl: setting time out to 9000 seconds at Fri Jan 03 00:44:07 UTC 2020
90 ms. Memory: 129024K Free: 93623K (73%)
15 ms. Memory: 129024K Free: 92104K (71%)
15 ms. Memory: 129024K Free: 91080K (71%)
12 ms. Memory: 129024K Free: 90551K (70%)
/home/travis/build/icyphy/ptII/ptolemy/actor/lib/test/AddSubtract.tcl
19 ms. Memory: 129024K Free: 88503K (69%)
18 ms. Memory: 129024K Free: 87479K (68%)
11 ms. Memory: 129024K Free: 86984K (67%)
12 ms. Memory: 129024K Free: 85960K (67%)
72 ms. Memory: 129024K Free: 83398K (65%)
18 ms. Memory: 129024K Free: 82359K (64%)
/home/travis/build/icyphy/ptII/ptolemy/actor/lib/test/Average.tcl
21 ms. Memory: 129024K Free: 80840K (63%)
6 ms. Memory: 129024K Free: 79295K (61%)
/home/travis/build/icyphy/ptII/ptolemy/actor/lib/test/Bernoulli.tcl
5 ms. Memory: 129024K Free: 77768K (60%)
2 ms. Memory: 129024K Free: 77768K (60%)
/home/travis/build/icyphy/ptII/ptolemy/actor/lib/test/Clock.tcl
preinitializing
resolving types
initializing
executing number 1
wrapping up
idle
26 ms. Memory: 129024K Free: 74696K (58%)
Completed execution with 5 iterations
preinitializing
resolving types
initializing
executing number 1
wrapping up
idle
4 ms. Memory: 129024K Free: 74182K (57%)
Completed execution with 5 iterations
preinitializing
resolving types
initializing
executing number 1
wrapping up
idle
5 ms. Memory: 129024K Free: 73672K (57%)
Completed execution with 5 iterations
/home/travis/build/icyphy/ptII/ptolemy/actor/lib/test/Commutator.tcl
10 ms. Memory: 129024K Free: 71624K (56%)
10 ms. Memory: 129024K Free: 70600K (55%)
15 ms. Memory: 129024K Free: 64966K (50%)
/home/travis/build/icyphy/ptII/ptolemy/actor/lib/test/Const.tcl
14 ms. Memory: 129024K Free: 63432K (49%)
2 ms. Memory: 129024K Free: 62918K (49%)
18 ms. Memory: 129024K Free: 62408K (48%)
8 ms. Memory: 129024K Free: 61384K (48%)
6 ms. Memory: 129024K Free: 60855K (47%)
18 ms. Memory: 129024K Free: 59336K (46%)
5 ms. Memory: 129024K Free: 58312K (45%)
4 ms. Memory: 129024K Free: 57288K (44%)
/home/travis/build/icyphy/ptII/ptolemy/actor/lib/test/CurrentTime.tcl
preinitializing
resolving types
initializing
executing number 1
wrapping up
idle
19 ms. Memory: 129024K Free: 55735K (43%)
Completed execution with 11 iterations
/home/travis/build/icyphy/ptII/ptolemy/actor/lib/test/DB.tcl
10 ms. Memory: 129024K Free: 53687K (42%)
5 ms. Memory: 129024K Free: 53192K (41%)
3 ms. Memory: 129024K Free: 52671K (41%)
/home/travis/build/icyphy/ptII/ptolemy/actor/lib/test/DiscreteRandomSource.tcl
preinitializing
resolving types
initializing
executing number 1
wrapping up
idle
5 ms. Memory: 129024K Free: 51144K (40%)
Completed execution with 4 iterations
preinitializing
resolving types
initializing
executing number 1
wrapping up
idle
5 ms. Memory: 129024K Free: 51144K (40%)
Completed execution with 4 iterations
preinitializing
resolving types
initializing
executing number 1
wrapping up
idle
7 ms. Memory: 129024K Free: 50615K (39%)
Completed execution with 4 iterations
preinitializing
resolving types
initializing
executing number 1
wrapping up
idle
3 ms. Memory: 129024K Free: 50120K (39%)
Completed execution with 4 iterations
preinitializing
resolving types
initializing
executing number 1
wrapping up
idle
16 ms. Memory: 129024K Free: 49591K (38%)
Completed execution with 4 iterations
/home/travis/build/icyphy/ptII/ptolemy/actor/lib/test/Distributor.tcl
35 ms. Memory: 129024K Free: 114866K (89%)
15 ms. Memory: 129024K Free: 113888K (88%)
StreamChangeRequest.changeExecuted(): <deleteEntity name="rec2"/> succeeded
StreamChangeRequest.changeExecuted(): <deleteRelation name="r2"/> succeeded
StreamChangeRequest.changeExecuted(): Record firings per iteration succeeded
14 ms. Memory: 129024K Free: 111229K (86%)
/home/travis/build/icyphy/ptII/ptolemy/actor/lib/test/Exit.tcl
Exit.tcl: this will print a message about Manager.exitAfterWrapup, which can be ignored.
9 ms. Memory: 129024K Free: 108259K (84%)
/home/travis/build/icyphy/ptII/ptolemy/actor/lib/test/Expression.tcl
12 ms. Memory: 129024K Free: 105115K (81%)
3 ms. Memory: 129024K Free: 104536K (81%)
2 ms. Memory: 129024K Free: 103616K (80%)
preinitializing
resolving types
initializing
executing number 1
wrapping up
idle
5 ms. Memory: 129024K Free: 102005K (79%)
Completed execution with 6 iterations
3 ms. Memory: 129024K Free: 101464K (79%)
2 ms. Memory: 129024K Free: 100544K (78%)
4 ms. Memory: 129024K Free: 99538K (77%)
3 ms. Memory: 129024K Free: 97925K (76%)
4 ms. Memory: 129024K Free: 96909K (75%)
/home/travis/build/icyphy/ptII/ptolemy/actor/lib/test/Gaussian.tcl
4 ms. Memory: 129024K Free: 95320K (74%)
sleeping 1 seconds: .............................................................................................................................................................................................................................................................................................................................................................................................................................................................................................................................................................................................................................................................................................................................................................................................................................................................................................................................................................................................................................................................................................................................................................................................................................................................................................................................................................................................................................................................................................................................................................................................................................................................................................................................................................................................................................................................................................................................................................................................................................................................................................................................................................................................................................................................................................................................................................................................................................................................................................................................................................................................................................................................................................................................................................................................................................................................................................................................................................................................................................................................................................................................................................................................................................................................................................................................................................................................................................................................................................................................................................................................................................................................................................................................................................................................................................................................................................................................................................................................................................................................................................................................................................................................................................................................................................................................................................................................................................................................................................................................................................................................................................................................................................................................................................................................................................................................................................................................................................................................................................................................................................................................................................................................................................................................................................................................................................................................................................................................................................................................................................................................................................................................................................................................................................................................................................................................................................................................................................................................................................................................................................................................................................................................................................................................................................................................................................................................................................................................................................................................................................................................................................................................................................................................................................................................................................................................................................................................................................................................................................................................................................................................................................................................................................................................................................................................................................................................................................................................................................................................................................................................................................................................................................................................................................................................................................................................................................................................................................................................................................................................................................................................................................................................................................................................................................................................................................................................................................................................................................................................................................................................................................................................................................................................................................................................................................................................................................................................................................................................................................................................................................................................................................................................................................................................................................................................................................................................................................................................................................................................................................................................................................................................................................................................................................................................................................................................................................................................................................................................................................................................................................................................................................................................................................................................................................................................................................................................................................................................................................................................................................................................................................................................................................................................................................................................................................................................................................................................................................................................................................................................................................................................................................................................................................................................................................................................................................................................................................................................................................................................................................................................................................................................................................................................................................................................................................................................................................................................................................................................................................................................................................................................................................................................................................................................................................................................................................................................................................................................................................................................................................................................................................................................................................................................................................................................................................................................................................................................................................................................................................................................................................................................................................................................................................................................................................................................................................................................................................................................................................................................................................................................................................................................................................................................................................................................................................................................................................................................................................................................................................................................................................................................................................................................................................................................................................................................................................................................................................................................................................................................................................................................................................................................................................................................................................................................................................................................................................................................................................................................................................................................................................................................................................................................................................................................................................................................................................................................................................................................................................................................................................................................................................................................................................................................................................................................................................................................................................................................................................................................................................................................................................................................................................................................................................................................................................................................................................................................................................................................................................................................................................................................................................................................................................................................................................................................................................................................................................................................................................................................................................................................................................................................................................................................................................................................................................................................................................................................................................................................................................................................................................................................................................................................................................................................................................................................................................................................................................................................................................................................................................................................................................................................................................................................................................................................................................................................................................................................................................................................................................................................................................................................................................................................................................................................................................................................................................................................................................................................................................................................................................................................................................................................................................................................................................................................................................................................................................................................................................................................................................................................................................................................................................................................................................................................................................................................................................................................................................................................................................................................................................................................................................................................................................................................................................................................................................................................................................................................................................................................................................................................................................................................................................................................................................................................................................................................................................................................................................................................................................................................................................................................................................................................................................................................................................................................................................................................................................................................................................................................................................................................................................................................................................................................................................................................................................................................................................................................................................................................................................................................................................................................................................................................................................................................................................................................................................................................................................................................................................................................................................................................................................................................................................................................................................................................................................................................................................................................................................................................................................................................................................................................................................................................................................................................................................................................................................................................................................................................................................................................................................................................................................................................................................................................................................................................................................................................................................................................................................................................................................................................................................................................................................................................................................................................................................................................................................................................................................................................................................................................................................................................................................................................................................................................................................................................................................................................................................................................................................................................................................................................................................................................................................................................................................................................................................................................................................................................................................................................................................................................................................................................................................................................................................................................................................................................................................................................................................................................................................................................................................................................................................................................................................................................................................................................................................................................................................................................................................................................................................................................................................................................................................................................................................................................................................................................................................................................................................................................................................................................................................................................................................................................................................................................................................................................................................................................................................................3 ms. Memory: 129024K Free: 93659K (73%)
4 ms. Memory: 129024K Free: 92635K (72%)
2 ms. Memory: 129024K Free: 92091K (71%)
5 ms. Memory: 129024K Free: 91609K (71%)
4 ms. Memory: 129024K Free: 91065K (71%)
/home/travis/build/icyphy/ptII/ptolemy/actor/lib/test/IIR.tcl
/home/travis/build/icyphy/ptII/ptolemy/actor/lib/test/Interpolator.tcl
3 ms. Memory: 129024K Free: 87001K (67%)
2 ms. Memory: 129024K Free: 86491K (67%)
2 ms. Memory: 129024K Free: 85963K (67%)
2 ms. Memory: 129024K Free: 85467K (66%)
3 ms. Memory: 129024K Free: 84443K (65%)
1 ms. Memory: 129024K Free: 83915K (65%)
3 ms. Memory: 129024K Free: 82891K (64%)
2 ms. Memory: 129024K Free: 81875K (63%)
2 ms. Memory: 129024K Free: 80857K (63%)
2 ms. Memory: 129024K Free: 80347K (62%)
/home/travis/build/icyphy/ptII/ptolemy/actor/lib/test/MathFunction.tcl
4 ms. Memory: 129024K Free: 78299K (61%)
2 ms. Memory: 129024K Free: 76731K (59%)
2 ms. Memory: 129024K Free: 75737K (59%)
1 ms. Memory: 129024K Free: 75227K (58%)
3 ms. Memory: 129024K Free: 73689K (57%)
8 ms. Memory: 129024K Free: 71641K (56%)
/home/travis/build/icyphy/ptII/ptolemy/actor/lib/test/Maximum.tcl
4 ms. Memory: 129024K Free: 70107K (54%)
2 ms. Memory: 129024K Free: 69083K (54%)
2 ms. Memory: 129024K Free: 68563K (53%)
3 ms. Memory: 129024K Free: 68057K (53%)
/home/travis/build/icyphy/ptII/ptolemy/actor/lib/test/Minimum.tcl
3 ms. Memory: 129024K Free: 66011K (51%)
3 ms. Memory: 129024K Free: 65497K (51%)
2 ms. Memory: 129024K Free: 64987K (50%)
3 ms. Memory: 129024K Free: 64459K (50%)
/home/travis/build/icyphy/ptII/ptolemy/actor/lib/test/MultiplyDivide.tcl
12 ms. Memory: 129024K Free: 62411K (48%)
2 ms. Memory: 129024K Free: 61401K (48%)
6 ms. Memory: 129024K Free: 60891K (47%)
5 ms. Memory: 129024K Free: 60347K (47%)
4 ms. Memory: 129024K Free: 59353K (46%)
/home/travis/build/icyphy/ptII/ptolemy/actor/lib/test/OrderedMerge.tcl
Connections changed on port: inputA
Connections changed on port: inputB
Connections changed on port: output
Connections changed on port: output
Connections changed on port: output
Connections changed on port: input
.top. Preinitializing ...
Invoking preinitialize():  .top.OrderedMerge
Called preinitialize()
Invoking preinitialize():  .top.Ramp
Called preinitialize()
Invoking preinitialize():  .top.Ramp2
Called preinitialize()
Invoking preinitialize():  .top.Test
Called preinitialize()
Connections changed on port: inputA
Connections changed on port: output
Connections changed on port: output
Connections changed on port: input
Connections changed on port: inputB
Connections changed on port: output
.top. Finished preinitialize().
Called initialize().
Invoking initialize():  .top.OrderedMerge
Initializing actor: .top.OrderedMerge
Adding a thread: .top.OrderedMerge
Invoking initialize():  .top.Ramp
Initializing actor: .top.Ramp
Adding a thread: .top.Ramp
Invoking initialize():  .top.Ramp2
Initializing actor: .top.Ramp2
Adding a thread: .top.Ramp2
Invoking initialize():  .top.Test
Initializing actor: .top.Test
Adding a thread: .top.Test
Called fire().
Checking for deadlock:
-- Starting thread.
-- Starting thread.
Called initialize()
Called prefire()
Called fire()
-- Starting thread.
Called initialize()
Called initialize()
Called prefire()
Called fire()
Called prefire()
Called fire()
-- Starting thread.
Called initialize()
Called prefire()
Called fire()
There are 0 Blocked actors, 0 Stopped actors, and 4 active threads.
Waiting for actors to stop.
Called postfire()
Called prefire()
Called fire()
Called postfire()
Called prefire()
Called fire()
Checking for deadlock:
There are 3 Blocked actors, 0 Stopped actors, and 4 active threads.
Waiting for actors to stop.
Checking for deadlock:
There are 2 Blocked actors, 0 Stopped actors, and 4 active threads.
Waiting for actors to stop.
Called postfire()
Called prefire()
Called fire()
Checking for deadlock:
There are 3 Blocked actors, 0 Stopped actors, and 4 active threads.
Waiting for actors to stop.
Read input token from inputA with value 0.0
Next port to read input from is inputB
Called postfire()
Called prefire()
Called fire()
Checking for deadlock:
There are 2 Blocked actors, 0 Stopped actors, and 4 active threads.
Waiting for actors to stop.
Called postfire()
Called prefire()
Called fire()
Checking for deadlock:
There are 3 Blocked actors, 0 Stopped actors, and 4 active threads.
Waiting for actors to stop.
Read input token from inputB with value 0.0
Sent output token with value 0.0
-- Read input: 0.0, which is expected to match: 0.0
Called prefire()
Called fire()
Checking for deadlock:
There are 3 Blocked actors, 0 Stopped actors, and 4 active threads.
Waiting for actors to stop.
Next port to read input from is inputA
Called postfire()
Called prefire()
Called fire()
Checking for deadlock:
There are 2 Blocked actors, 0 Stopped actors, and 4 active threads.
Waiting for actors to stop.
Called postfire()
Called prefire()
Called fire()
Read input token from inputA with value 1.0
Checking for deadlock:
There are 3 Blocked actors, 0 Stopped actors, and 4 active threads.
Waiting for actors to stop.
Checking for deadlock:
There are 2 Blocked actors, 0 Stopped actors, and 4 active threads.
Waiting for actors to stop.
-- Read input: 0.0, which is expected to match: 0.0
Called prefire()
Called fire()
Checking for deadlock:
Sent output token with value 0.0
There are 3 Blocked actors, 0 Stopped actors, and 4 active threads.
Waiting for actors to stop.
Next port to read input from is inputB
Called postfire()
Called prefire()
Called fire()
Checking for deadlock:
Read input token from inputB with value 1.5
There are 2 Blocked actors, 0 Stopped actors, and 4 active threads.
Waiting for actors to stop.
Called postfire()
Called prefire()
Called fire()
Checking for deadlock:
There are 2 Blocked actors, 0 Stopped actors, and 4 active threads.
Waiting for actors to stop.
Sent output token with value 1.0
-- Read input: 1.0, which is expected to match: 1.0
Called prefire()
Called fire()
Checking for deadlock:
There are 3 Blocked actors, 0 Stopped actors, and 4 active threads.
Next port to read input from is inputA
Called postfire()
Waiting for actors to stop.
Called prefire()
Called fire()
Read input token from inputA with value 2.0
Called postfire()
Called prefire()
Called fire()
Checking for deadlock:
Sent output token with value 1.5
There are 2 Blocked actors, 0 Stopped actors, and 4 active threads.
Waiting for actors to stop.
-- Read input: 1.5, which is expected to match: 1.5
Next port to read input from is inputB
Called postfire()
Called prefire()
Called prefire()
Called fire()
Called fire()
Checking for deadlock:
Read input token from inputB with value 3.0
There are 2 Blocked actors, 0 Stopped actors, and 4 active threads.
Waiting for actors to stop.
Called postfire()
Called prefire()
Called fire()
Checking for deadlock:
There are 3 Blocked actors, 0 Stopped actors, and 4 active threads.
Waiting for actors to stop.
Checking for deadlock:
There are 2 Blocked actors, 0 Stopped actors, and 4 active threads.
Waiting for actors to stop.
Sent output token with value 2.0
-- Read input: 2.0, which is expected to match: 2.0
Called prefire()
Called fire()
Next port to read input from is inputA
Called postfire()
Called prefire()
Called fire()
Checking for deadlock:
There are 3 Blocked actors, 0 Stopped actors, and 4 active threads.
Waiting for actors to stop.
Checking for deadlock:
There are 2 Blocked actors, 0 Stopped actors, and 4 active threads.
Called postfire()
Waiting for actors to stop.
Called prefire()
Called fire()
Checking for deadlock:
There are 3 Blocked actors, 0 Stopped actors, and 4 active threads.
Waiting for actors to stop.
Read input token from inputA with value 3.0
Checking for deadlock:
There are 2 Blocked actors, 0 Stopped actors, and 4 active threads.
Waiting for actors to stop.
Sent output token with value 3.0
-- Read input: 3.0, which is expected to match: 3.0
Called prefire()
Next port to read input from is inputB
Called fire()
Called postfire()
Called prefire()
Called fire()
Checking for deadlock:
There are 3 Blocked actors, 0 Stopped actors, and 4 active threads.
Waiting for actors to stop.
Checking for deadlock:
There are 2 Blocked actors, 0 Stopped actors, and 4 active threads.
Waiting for actors to stop.
Called postfire()
Called prefire()
Called fire()
Checking for deadlock:
Read input token from inputB with value 4.5
There are 3 Blocked actors, 0 Stopped actors, and 4 active threads.
Waiting for actors to stop.
Checking for deadlock:
There are 2 Blocked actors, 0 Stopped actors, and 4 active threads.
Waiting for actors to stop.
Sent output token with value 3.0
-- Read input: 3.0, which is expected to match: 3.0
Called prefire()
Called fire()
Next port to read input from is inputA
Called postfire()
Called prefire()
Called fire()
Checking for deadlock:
There are 3 Blocked actors, 0 Stopped actors, and 4 active threads.
Waiting for actors to stop.
Checking for deadlock:
There are 2 Blocked actors, 0 Stopped actors, and 4 active threads.
Waiting for actors to stop.
Called postfire()
Called prefire()
Called fire()
Checking for deadlock:
Read input token from inputA with value 4.0
There are 3 Blocked actors, 0 Stopped actors, and 4 active threads.
Waiting for actors to stop.
Checking for deadlock:
There are 2 Blocked actors, 0 Stopped actors, and 4 active threads.
Waiting for actors to stop.
-- Read input: 4.0, which is expected to match: 4.0
Called prefire()
Called fire()
Past the end of training data. Read and discard all inputs.
Checking for deadlock:
There are 3 Blocked actors, 0 Stopped actors, and 4 active threads.
Waiting for actors to stop.
Sent output token with value 4.0
Next port to read input from is inputA
Called postfire()
Called prefire()
Called fire()
Checking for deadlock:
There are 2 Blocked actors, 0 Stopped actors, and 4 active threads.
Waiting for actors to stop.
Called postfire()
Called prefire()
Called fire()
Checking for deadlock:
There are 3 Blocked actors, 0 Stopped actors, and 4 active threads.
Waiting for actors to stop.
Read input token from inputA with value 5.0
Checking for deadlock:
There are 2 Blocked actors, 0 Stopped actors, and 4 active threads.
Waiting for actors to stop.
Sent output token with value 4.5
Called prefire()
Called fire()
Past the end of training data. Read and discard all inputs.
Checking for deadlock:
Next port to read input from is inputB
Called postfire()
There are 3 Blocked actors, 0 Stopped actors, and 4 active threads.
Called prefire()
Waiting for actors to stop.
Called fire()
Checking for deadlock:
There are 2 Blocked actors, 0 Stopped actors, and 4 active threads.
Waiting for actors to stop.
Read input token from inputB with value 6.0
Called postfire()
Called prefire()
Called fire()
Checking for deadlock:
There are 3 Blocked actors, 0 Stopped actors, and 4 active threads.
Waiting for actors to stop.
Checking for deadlock:
Sent output token with value 5.0
There are 2 Blocked actors, 0 Stopped actors, and 4 active threads.
Waiting for actors to stop.
Called prefire()
Called fire()
Past the end of training data. Read and discard all inputs.
Checking for deadlock:
There are 3 Blocked actors, 0 Stopped actors, and 4 active threads.
Waiting for actors to stop.
Next port to read input from is inputA
Called postfire()
Called prefire()
Called fire()
Read input token from inputA with value 6.0
Checking for deadlock:
There are 2 Blocked actors, 0 Stopped actors, and 4 active threads.
Waiting for actors to stop.
Called postfire()
Called prefire()
Called fire()
Checking for deadlock:
There are 2 Blocked actors, 0 Stopped actors, and 4 active threads.
Waiting for actors to stop.
Sent output token with value 6.0
Called prefire()
Called fire()
Past the end of training data. Read and discard all inputs.
Next port to read input from is inputB
Called postfire()
Checking for deadlock:
Called prefire()
There are 3 Blocked actors, 0 Stopped actors, and 4 active threads.
Called fire()
Waiting for actors to stop.
Checking for deadlock:
There are 2 Blocked actors, 0 Stopped actors, and 4 active threads.
Waiting for actors to stop.
Called postfire()
Called prefire()
Called fire()
Checking for deadlock:
Read input token from inputB with value 7.5
There are 3 Blocked actors, 0 Stopped actors, and 4 active threads.
Waiting for actors to stop.
Checking for deadlock:
There are 2 Blocked actors, 0 Stopped actors, and 4 active threads.
Waiting for actors to stop.
Called prefire()
Called fire()
Sent output token with value 6.0
Past the end of training data. Read and discard all inputs.
Checking for deadlock:
There are 3 Blocked actors, 0 Stopped actors, and 4 active threads.
Next port to read input from is inputA
Called postfire()
Waiting for actors to stop.
Called prefire()
Called fire()
Called postfire()
Called prefire()
Called fire()
Checking for deadlock:
There are 3 Blocked actors, 0 Stopped actors, and 4 active threads.
Waiting for actors to stop.
Read input token from inputA with value 7.0
Called prefire()
Called fire()
Sent output token with value 7.0
Past the end of training data. Read and discard all inputs.
Next port to read input from is inputA
Called postfire()
Called prefire()
Called fire()
Checking for deadlock:
There are 3 Blocked actors, 0 Stopped actors, and 4 active threads.
Waiting for actors to stop.
Checking for deadlock:
There are 2 Blocked actors, 0 Stopped actors, and 4 active threads.
Waiting for actors to stop.
Read input token from inputA with value 8.0
-- Thread wrapup() called.
Called wrapup()
Thread .top.Ramp is exiting.
-- Thread stopped.
Sent output token with value 7.5
Next port to read input from is inputB
Called postfire()
Called prefire()
Called fire()
Read input token from inputB with value 9.0
Called postfire()
Called prefire()
Called fire()
Checking for deadlock:
Called prefire()
Called fire()
There are 1 Blocked actors, 0 Stopped actors, and 3 active threads.
Past the end of training data. Read and discard all inputs.
Waiting for actors to stop.
Checking for deadlock:
There are 2 Blocked actors, 0 Stopped actors, and 3 active threads.
Waiting for actors to stop.
Checking for deadlock:
There are 1 Blocked actors, 0 Stopped actors, and 3 active threads.
Waiting for actors to stop.
Called prefire()
Called fire()
Past the end of training data. Read and discard all inputs.
Checking for deadlock:
There are 2 Blocked actors, 0 Stopped actors, and 3 active threads.
Waiting for actors to stop.
Sent output token with value 8.0
Next port to read input from is inputA
Called postfire()
Called prefire()
Called fire()
Read input token from inputA with value 9.0
Called prefire()
Called fire()
Past the end of training data. Read and discard all inputs.
Checking for deadlock:
There are 2 Blocked actors, 0 Stopped actors, and 3 active threads.
Waiting for actors to stop.
Sent output token with value 9.0
Next port to read input from is inputB
Called postfire()
Called prefire()
Called fire()
Checking for deadlock:
There are 1 Blocked actors, 0 Stopped actors, and 3 active threads.
Waiting for actors to stop.
Called postfire()
Called prefire()
Called fire()
Checking for deadlock:
There are 2 Blocked actors, 0 Stopped actors, and 3 active threads.
Read input token from inputB with value 10.5
Waiting for actors to stop.
Checking for deadlock:
There are 1 Blocked actors, 0 Stopped actors, and 3 active threads.
Waiting for actors to stop.
Called prefire()
Called fire()
Past the end of training data. Read and discard all inputs.
Checking for deadlock:
Sent output token with value 9.0
There are 2 Blocked actors, 0 Stopped actors, and 3 active threads.
Waiting for actors to stop.
Next port to read input from is inputA
Called postfire()
Called prefire()
Called fire()
Checking for deadlock:
There are 3 Blocked actors, 0 Stopped actors, and 3 active threads.
Actors have stopped.
Checking for deadlock:
There are 3 Blocked actors, 0 Stopped actors, and 3 active threads.
Deadlock detected.
Resolving Deadlock
Checking for deadlock:
There are 3 Blocked actors, 0 Stopped actors, and 3 active threads.
Artificial Deadlock - increasing queue capacity.
increasing the capacity of receiver ptolemy.actor.TypedIOPort {.top.OrderedMerge.inputB} to 2
-- Thread wrapup() called.
Director: Called postfire().
Called postfire().
Called wrapup()
_stopRequested = false
_stopFireRequested = false
Returning from postfire(): true
Thread .top.Ramp2 is exiting.
-- Thread stopped.
Called fire().
Checking for deadlock:
There are 2 Blocked actors, 0 Stopped actors, and 2 active threads.
Actors have stopped.
Checking for deadlock:
There are 2 Blocked actors, 0 Stopped actors, and 2 active threads.
Deadlock detected.
Resolving Deadlock
Checking for deadlock:
There are 2 Blocked actors, 0 Stopped actors, and 2 active threads.
Deadlock detected: no processes blocked on write, but some are blocked on read.
Called postfire().
_stopRequested = false
_stopFireRequested = false
Returning from postfire(): false
Finished deactivating branches.
Called wrapup().
-- Thread wrapup() called.
Called wrapup()
Thread .top.Test is exiting.
-- Thread stopped.
-- Blocked Receiver call threw TerminateProcessException.
-- Thread wrapup() called.
Called wrapup()
Thread .top.OrderedMerge is exiting.
-- Thread stopped.
-- Blocked Receiver call threw TerminateProcessException.
98 ms. Memory: 129024K Free: 54233K (42%)
.top. Preinitializing ...
Invoking preinitialize():  .top.OrderedMerge
Called preinitialize()
Invoking preinitialize():  .top.Ramp
Called preinitialize()
Invoking preinitialize():  .top.Ramp2
Called preinitialize()
Invoking preinitialize():  .top.Test
Called preinitialize()
.top. Finished preinitialize().
Called initialize().
Invoking initialize():  .top.OrderedMerge
Initializing actor: .top.OrderedMerge
Adding a thread: .top.OrderedMerge
Invoking initialize():  .top.Ramp
Initializing actor: .top.Ramp
Adding a thread: .top.Ramp
Invoking initialize():  .top.Ramp2
Initializing actor: .top.Ramp2
Adding a thread: .top.Ramp2
Invoking initialize():  .top.Test
Initializing actor: .top.Test
Adding a thread: .top.Test
-- Starting thread.
Called initialize()
Called prefire()
Called fire()
-- Starting thread.
Called initialize()
Called prefire()
Called fire()
Called postfire()
Called prefire()
Called fire()
-- Starting thread.
Called initialize()
Called prefire()
Called fire()
Called postfire()
Called prefire()
Called fire()
Called fire().
Checking for deadlock:
There are 3 Blocked actors, 0 Stopped actors, and 4 active threads.
Waiting for actors to stop.
-- Starting thread.
Called initialize()
Called prefire()
Called fire()
Checking for deadlock:
There are 2 Blocked actors, 0 Stopped actors, and 4 active threads.
Waiting for actors to stop.
Called postfire()
Called prefire()
Called fire()
Read input token from inputA with value 0.0
Next port to read input from is inputB
Called postfire()
Called prefire()
Called fire()
Read input token from inputB with value 0.0
Sent output token with value 0.0
Next port to read input from is inputA
Called postfire()
Called prefire()
Called fire()
Read input token from inputA with value 1.0
Checking for deadlock:
There are 1 Blocked actors, 0 Stopped actors, and 4 active threads.
Waiting for actors to stop.
Called postfire()
Called prefire()
Called fire()
Called postfire()
Called prefire()
Called fire()
-- Read input: 0.0, which is expected to match: 0.0
Called prefire()
Called fire()
Checking for deadlock:
There are 3 Blocked actors, 0 Stopped actors, and 4 active threads.
Waiting for actors to stop.
Sent output token with value 0.0
Next port to read input from is inputB
Called postfire()
Called prefire()
Called fire()
Read input token from inputB with value 1.5
Called postfire()
-- Read input: 0.0, which is expected to match: 0.0
Called prefire()
Called fire()
Called prefire()
Called fire()
Checking for deadlock:
There are 2 Blocked actors, 0 Stopped actors, and 4 active threads.
Waiting for actors to stop.
Checking for deadlock:
There are 3 Blocked actors, 0 Stopped actors, and 4 active threads.
Waiting for actors to stop.
Checking for deadlock:
There are 2 Blocked actors, 0 Stopped actors, and 4 active threads.
Waiting for actors to stop.
-- Read input: 1.0, which is expected to match: 1.0
Sent output token with value 1.0
Called prefire()
Called fire()
Checking for deadlock:
There are 3 Blocked actors, 0 Stopped actors, and 4 active threads.
Waiting for actors to stop.
Next port to read input from is inputA
Called postfire()
Called prefire()
Called fire()
Checking for deadlock:
There are 2 Blocked actors, 0 Stopped actors, and 4 active threads.
Waiting for actors to stop.
Called postfire()
Called prefire()
Called fire()
Checking for deadlock:
There are 3 Blocked actors, 0 Stopped actors, and 4 active threads.
Waiting for actors to stop.
Read input token from inputA with value 2.0
Checking for deadlock:
There are 2 Blocked actors, 0 Stopped actors, and 4 active threads.
Sent output token with value 1.5
Next port to read input from is inputB
Called postfire()
Called prefire()
Called fire()
Waiting for actors to stop.
-- Read input: 1.5, which is expected to match: 1.5
Called prefire()
Called fire()
Checking for deadlock:
There are 2 Blocked actors, 0 Stopped actors, and 4 active threads.
Waiting for actors to stop.
Called postfire()
Called prefire()
Called fire()
Checking for deadlock:
Read input token from inputB with value 3.0
There are 3 Blocked actors, 0 Stopped actors, and 4 active threads.
Waiting for actors to stop.
Sent output token with value 2.0
-- Read input: 2.0, which is expected to match: 2.0
Called prefire()
Called fire()
Next port to read input from is inputA
Called postfire()
Called prefire()
Checking for deadlock:
Called fire()
There are 3 Blocked actors, 0 Stopped actors, and 4 active threads.
Waiting for actors to stop.
Called postfire()
Called prefire()
Called fire()
Checking for deadlock:
Read input token from inputA with value 3.0
There are 3 Blocked actors, 0 Stopped actors, and 4 active threads.
Waiting for actors to stop.
Sent output token with value 3.0
-- Read input: 3.0, which is expected to match: 3.0
Called prefire()
Called fire()
Next port to read input from is inputB
Called postfire()
Called prefire()
Checking for deadlock:
Called fire()
There are 3 Blocked actors, 0 Stopped actors, and 4 active threads.
Waiting for actors to stop.
Read input token from inputB with value 4.5
Sent output token with value 3.0
Next port to read input from is inputA
Called postfire()
Called prefire()
Called fire()
Read input token from inputA with value 4.0
Called postfire()
Called prefire()
Called fire()
Called postfire()
Called prefire()
Called fire()
Checking for deadlock:
There are 3 Blocked actors, 0 Stopped actors, and 4 active threads.
Waiting for actors to stop.
-- Read input: 3.0, which is expected to match: 3.0
Called prefire()
Called fire()
Checking for deadlock:
There are 3 Blocked actors, 0 Stopped actors, and 4 active threads.
Waiting for actors to stop.
Sent output token with value 4.0
Next port to read input from is inputA
Called postfire()
Called prefire()
Called fire()
Read input token from inputA with value 5.0
Called postfire()
-- Read input: 4.0, which is expected to match: 4.0
Called prefire()
Called fire()
Called prefire()
Checking for deadlock:
Called fire()
There are 1 Blocked actors, 0 Stopped actors, and 4 active threads.
Waiting for actors to stop.
Past the end of training data. Read and discard all inputs.
Checking for deadlock:
There are 3 Blocked actors, 0 Stopped actors, and 4 active threads.
Waiting for actors to stop.
Sent output token with value 4.5
Next port to read input from is inputB
Called postfire()
Called prefire()
Called fire()
Read input token from inputB with value 6.0
Called postfire()
Called prefire()
Called fire()
Checking for deadlock:
There are 3 Blocked actors, 0 Stopped actors, and 4 active threads.
Waiting for actors to stop.
Called prefire()
Called fire()
Past the end of training data. Read and discard all inputs.
Sent output token with value 5.0
Called prefire()
Called fire()
Past the end of training data. Read and discard all inputs.
Next port to read input from is inputA
Called postfire()
Checking for deadlock:
Called prefire()
Called fire()
There are 3 Blocked actors, 0 Stopped actors, and 4 active threads.
Waiting for actors to stop.
Read input token from inputA with value 6.0
Sent output token with value 6.0
Next port to read input from is inputB
Called postfire()
Called prefire()
Called fire()
Read input token from inputB with value 7.5
Called postfire()
Called prefire()
Called fire()
Checking for deadlock:
There are 2 Blocked actors, 0 Stopped actors, and 4 active threads.
Waiting for actors to stop.
Called postfire()
Called prefire()
Called fire()
Called prefire()
Called fire()
Past the end of training data. Read and discard all inputs.
Checking for deadlock:
There are 3 Blocked actors, 0 Stopped actors, and 4 active threads.
Waiting for actors to stop.
Sent output token with value 6.0
Next port to read input from is inputA
Called postfire()
Called prefire()
Called fire()
Read input token from inputA with value 7.0
Called postfire()
Called prefire()
Called fire()
Checking for deadlock:
There are 3 Blocked actors, 0 Stopped actors, and 4 active threads.
Waiting for actors to stop.
Called prefire()
Called fire()
Past the end of training data. Read and discard all inputs.
Called prefire()
Called fire()
Past the end of training data. Read and discard all inputs.
Sent output token with value 7.0
Checking for deadlock:
Next port to read input from is inputA
Called postfire()
Called prefire()
There are 3 Blocked actors, 0 Stopped actors, and 4 active threads.
Waiting for actors to stop.
Called fire()
Read input token from inputA with value 8.0
Checking for deadlock:
There are 2 Blocked actors, 0 Stopped actors, and 4 active threads.
Waiting for actors to stop.
Checking for deadlock:
There are 1 Blocked actors, 0 Stopped actors, and 4 active threads.
Waiting for actors to stop.
-- Thread wrapup() called.
Called wrapup()
Thread .top.Ramp is exiting.
-- Thread stopped.
Called prefire()
Called fire()
Past the end of training data. Read and discard all inputs.
Sent output token with value 7.5
Checking for deadlock:
There are 2 Blocked actors, 0 Stopped actors, and 3 active threads.
Waiting for actors to stop.
Next port to read input from is inputB
Called postfire()
Called prefire()
Called fire()
Checking for deadlock:
There are 1 Blocked actors, 0 Stopped actors, and 3 active threads.
Waiting for actors to stop.
Read input token from inputB with value 9.0
Called postfire()
Called prefire()
Called fire()
Checking for deadlock:
There are 2 Blocked actors, 0 Stopped actors, and 3 active threads.
Waiting for actors to stop.
Checking for deadlock:
There are 1 Blocked actors, 0 Stopped actors, and 3 active threads.
Waiting for actors to stop.
Sent output token with value 8.0
Called prefire()
Called fire()
Past the end of training data. Read and discard all inputs.
Next port to read input from is inputA
Called postfire()
Checking for deadlock:
There are 2 Blocked actors, 0 Stopped actors, and 3 active threads.
Called prefire()
Called fire()
Waiting for actors to stop.
Read input token from inputA with value 9.0
Called prefire()
Called fire()
Past the end of training data. Read and discard all inputs.
Sent output token with value 9.0
Checking for deadlock:
There are 2 Blocked actors, 0 Stopped actors, and 3 active threads.
Waiting for actors to stop.
Next port to read input from is inputB
Called postfire()
Called prefire()
Called fire()
Checking for deadlock:
There are 1 Blocked actors, 0 Stopped actors, and 3 active threads.
Waiting for actors to stop.
Called postfire()
Called prefire()
Called fire()
Read input token from inputB with value 10.5
Checking for deadlock:
There are 2 Blocked actors, 0 Stopped actors, and 3 active threads.
Waiting for actors to stop.
Checking for deadlock:
There are 1 Blocked actors, 0 Stopped actors, and 3 active threads.
Waiting for actors to stop.
Sent output token with value 9.0
Called prefire()
Called fire()
Past the end of training data. Read and discard all inputs.
Next port to read input from is inputA
Called postfire()
Checking for deadlock:
Called prefire()
There are 2 Blocked actors, 0 Stopped actors, and 3 active threads.
Called fire()
Waiting for actors to stop.
Checking for deadlock:
There are 3 Blocked actors, 0 Stopped actors, and 3 active threads.
Actors have stopped.
Checking for deadlock:
There are 3 Blocked actors, 0 Stopped actors, and 3 active threads.
Deadlock detected.
Resolving Deadlock
Checking for deadlock:
There are 3 Blocked actors, 0 Stopped actors, and 3 active threads.
Artificial Deadlock - increasing queue capacity.
increasing the capacity of receiver ptolemy.actor.TypedIOPort {.top.OrderedMerge.inputB} to 2
Director: Called postfire().
Called postfire().
_stopRequested = false
_stopFireRequested = false
Returning from postfire(): true
Called fire().
Checking for deadlock:
There are 2 Blocked actors, 0 Stopped actors, and 3 active threads.
Waiting for actors to stop.
-- Thread wrapup() called.
Called wrapup()
Thread .top.Ramp2 is exiting.
-- Thread stopped.
Checking for deadlock:
There are 2 Blocked actors, 0 Stopped actors, and 2 active threads.
Actors have stopped.
Checking for deadlock:
There are 2 Blocked actors, 0 Stopped actors, and 2 active threads.
Deadlock detected.
Resolving Deadlock
Checking for deadlock:
There are 2 Blocked actors, 0 Stopped actors, and 2 active threads.
Deadlock detected: no processes blocked on write, but some are blocked on read.
Called postfire().
_stopRequested = false
_stopFireRequested = false
Returning from postfire(): false
Finished deactivating branches.
Called wrapup().
-- Thread wrapup() called.
Called wrapup()
-- Thread wrapup() called.
Called wrapup()
Thread .top.OrderedMerge is exiting.
-- Thread stopped.
Thread .top.Test is exiting.
-- Blocked Receiver call threw TerminateProcessException.
-- Thread stopped.
-- Blocked Receiver call threw TerminateProcessException.
53 ms. Memory: 129024K Free: 112309K (87%)
/home/travis/build/icyphy/ptII/ptolemy/actor/lib/test/Publisher.tcl
23 ms. Memory: 129024K Free: 113601K (88%)
8 ms. Memory: 129024K Free: 107969K (84%)
3 ms. Memory: 129024K Free: 104353K (81%)
3 ms. Memory: 129024K Free: 103359K (80%)
3 ms. Memory: 129024K Free: 102849K (80%)
3 ms. Memory: 129024K Free: 101825K (79%)
2 ms. Memory: 129024K Free: 101281K (78%)
4 ms. Memory: 129024K Free: 100287K (78%)
24 ms. Memory: 129024K Free: 90047K (70%)
9 ms. Memory: 129024K Free: 86465K (67%)
2 ms. Memory: 129024K Free: 85441K (66%)
4 ms. Memory: 129024K Free: 83393K (65%)
8 ms. Memory: 129024K Free: 75711K (59%)
6 ms. Memory: 129024K Free: 65985K (51%)
13 ms. Memory: 129024K Free: 111674K (87%)
/home/travis/build/icyphy/ptII/ptolemy/actor/lib/test/Pulse.tcl
2 ms. Memory: 129024K Free: 73800K (57%)
1 ms. Memory: 129024K Free: 73290K (57%)
2 ms. Memory: 129024K Free: 72776K (56%)
2 ms. Memory: 129024K Free: 72266K (56%)
1 ms. Memory: 129024K Free: 71752K (56%)
5 ms. Memory: 129024K Free: 70218K (54%)
3 ms. Memory: 129024K Free: 69690K (54%)
2 ms. Memory: 129024K Free: 68666K (53%)
1 ms. Memory: 129024K Free: 68170K (53%)
/home/travis/build/icyphy/ptII/ptolemy/actor/lib/test/Ramp.tcl
3 ms. Memory: 129024K Free: 66122K (51%)
1 ms. Memory: 129024K Free: 65594K (51%)
1 ms. Memory: 129024K Free: 64570K (50%)
1 ms. Memory: 129024K Free: 64074K (50%)
3 ms. Memory: 129024K Free: 63050K (49%)
4 ms. Memory: 129024K Free: 62026K (48%)
4 ms. Memory: 129024K Free: 61498K (48%)
5 actors
10000 microseconds per iteration to create
11 ms. Memory: 129024K Free: 58440K (45%)
2 ms. Memory: 129024K Free: 57930K (45%)
2 ms. Memory: 129024K Free: 57386K (44%)
5 ms. Memory: 129024K Free: 56906K (44%)
50 actors
48000 microseconds per iteration to create
52 ms. Memory: 155648K Free: 127031K (82%)
22 ms. Memory: 155648K Free: 126007K (81%)
6 ms. Memory: 155648K Free: 124983K (80%)
10 ms. Memory: 155648K Free: 123959K (80%)
500 actors
1606000 microseconds per iteration to create
282 ms. Memory: 155648K Free: 107211K (69%)
41 ms. Memory: 155648K Free: 102106K (66%)
43 ms. Memory: 155648K Free: 96476K (62%)
42 ms. Memory: 155648K Free: 91356K (59%)
/home/travis/build/icyphy/ptII/ptolemy/actor/lib/test/RampContinuous.tcl
10 ms. Memory: 155648K Free: 89803K (58%)
/home/travis/build/icyphy/ptII/ptolemy/actor/lib/test/RecordAssembler.tcl
5 ms. Memory: 155648K Free: 88284K (57%)
3 ms. Memory: 155648K Free: 87260K (56%)
/home/travis/build/icyphy/ptII/ptolemy/actor/lib/test/RecordDisassembler.tcl
14 ms. Memory: 155648K Free: 85722K (55%)
5 ms. Memory: 155648K Free: 85212K (55%)
4 ms. Memory: 155648K Free: 83674K (54%)
/home/travis/build/icyphy/ptII/ptolemy/actor/lib/test/Scale.tcl
2 ms. Memory: 155648K Free: 82140K (53%)
2 ms. Memory: 155648K Free: 81116K (52%)
2 ms. Memory: 155648K Free: 80587K (52%)
2 ms. Memory: 155648K Free: 79571K (51%)
3 ms. Memory: 155648K Free: 78539K (50%)
/home/travis/build/icyphy/ptII/ptolemy/actor/lib/test/SequentialClock.tcl
preinitializing
resolving types
initializing
executing number 1
wrapping up
idle
4 ms. Memory: 155648K Free: 77515K (50%)
Completed execution with 5 iterations
preinitializing
resolving types
initializing
executing number 1
wrapping up
idle
1 ms. Memory: 155648K Free: 77020K (49%)
Completed execution with 5 iterations
preinitializing
resolving types
initializing
executing number 1
wrapping up
idle
1 ms. Memory: 155648K Free: 76506K (49%)
Completed execution with 5 iterations
/home/travis/build/icyphy/ptII/ptolemy/actor/lib/test/SetVariable.tcl
3 ms. Memory: 155648K Free: 74458K (48%)
/home/travis/build/icyphy/ptII/ptolemy/actor/lib/test/Sinewave.tcl
/home/travis/build/icyphy/ptII/ptolemy/actor/lib/test/SubscriptionAggregator.tcl
4 ms. Memory: 155648K Free: 63194K (41%)
8 ms. Memory: 155648K Free: 62684K (40%)
1 ms. Memory: 155648K Free: 62170K (40%)
1 ms. Memory: 155648K Free: 61660K (40%)
1 ms. Memory: 155648K Free: 58059K (37%)
9 ms. Memory: 155648K Free: 56026K (36%)
...............................................................896 ms. Memory: 288768K Free: 216222K (75%)
/home/travis/build/icyphy/ptII/ptolemy/actor/lib/test/Test.tcl
 The next command will produce a warning about training mode,
   which may be ignored.
4 ms. Memory: 288768K Free: 214169K (74%)
8 ms. Memory: 288768K Free: 213145K (74%)
2 ms. Memory: 288768K Free: 212649K (74%)
4 ms. Memory: 288768K Free: 212135K (73%)
10 ms. Memory: 288768K Free: 211623K (73%)
3 ms. Memory: 288768K Free: 210073K (73%)
8 ms. Memory: 288768K Free: 209063K (72%)
 The next command will produce a warning about training mode,
   which may be ignored.
21 ms. Memory: 288768K Free: 206505K (72%)
 The next command will produce a warning about training mode,
   which may be ignored.
3 ms. Memory: 288768K Free: 205481K (71%)
1 ms. Memory: 288768K Free: 204967K (71%)
2 ms. Memory: 288768K Free: 204457K (71%)
2 ms. Memory: 288768K Free: 203943K (71%)
7 ms. Memory: 288768K Free: 202919K (70%)
5 ms. Memory: 288768K Free: 199335K (69%)
/home/travis/build/icyphy/ptII/ptolemy/actor/lib/test/TestExceptionHandler.tcl
 The next command will produce a warning about training mode,
   which may be ignored.
3 ms. Memory: 288768K Free: 197769K (68%)
1 ms. Memory: 288768K Free: 197289K (68%)
1 ms. Memory: 288768K Free: 196761K (68%)
/home/travis/build/icyphy/ptII/ptolemy/actor/lib/test/UnionDisassembler.tcl
25 ms. Memory: 288768K Free: 189601K (66%)
/home/travis/build/icyphy/ptII/ptolemy/actor/lib/test/VariableClock.tcl
preinitializing
resolving types
initializing
executing number 1
wrapping up
idle
9 ms. Memory: 288768K Free: 187553K (65%)
Completed execution with 11 iterations
preinitializing
resolving types
initializing
executing number 1
wrapping up
idle
5 ms. Memory: 288768K Free: 186025K (64%)
Completed execution with 10 iterations
01/03/20 12:44:16
Failed: 0  Total Tests: 233  ((Passed: 233, Newly Passed: 0)  Known Failed: 0) /home/travis/build/icyphy/ptII/ptolemy/actor/lib/test
----------------- testing (KnownFailure) /home/travis/build/icyphy/ptII/ptolemy/actor/lib/test/auto/knownFailedTests/PublisherPortToplevelSubscriber.xml
0 ms. Memory: 288768K Free: 182953K (63%)
Known Failure: java.lang.reflect.InvocationTargetException
----------------- testing (KnownFailure) /home/travis/build/icyphy/ptII/ptolemy/actor/lib/test/auto/knownFailedTests/PublisherSubscriberPortToplevel.xml
0 ms. Memory: 288768K Free: 179367K (62%)
Known Failure: java.lang.reflect.InvocationTargetException
----------------- testing (KnownFailure) /home/travis/build/icyphy/ptII/ptolemy/actor/lib/test/auto/knownFailedTests/PublisherSubscriptionAggregatorPort.xml
1 ms. Memory: 288768K Free: 174761K (61%)
Known Failure: java.lang.reflect.InvocationTargetException
----------------- testing (KnownFailure) /home/travis/build/icyphy/ptII/ptolemy/actor/lib/test/auto/knownFailedTests/sizedarray3.xml
13 ms. Memory: 288768K Free: 170665K (59%)
Known Failure: java.lang.reflect.InvocationTargetException
No auto/linux-amd64/*.xml tests in /home/travis/build/icyphy/ptII/ptolemy/actor/lib/test
AutoTests.java: About to close Vertx.
AutoTests.java: Vertx closed.

===========================================================================================
----------------- testing Fri Jan 03 00:44:16 UTC 2020 /home/travis/build/icyphy/ptII/ptolemy/actor/lib/test/auto/AbsoluteValue.xml
----------------- Instantiating /home/travis/build/icyphy/ptII/ptolemy/actor/lib/test/auto/AbsoluteValue.xml
9 ms. Memory: 288768K Free: 148137K (51%)
----------------- Invoking toplevel() on ptolemy.moml.MoMLSimpleApplication@37e10dbe
----------------- Done invoking toplevel() on ptolemy.moml.MoMLSimpleApplication@37e10dbe
reloadAllAccessors: .AbsoluteValue

===========================================================================================
----------------- testing Fri Jan 03 00:44:16 UTC 2020 /home/travis/build/icyphy/ptII/ptolemy/actor/lib/test/auto/AbsoluteValue2.xml
----------------- Instantiating /home/travis/build/icyphy/ptII/ptolemy/actor/lib/test/auto/AbsoluteValue2.xml
5 ms. Memory: 288768K Free: 141479K (49%)
----------------- Invoking toplevel() on ptolemy.moml.MoMLSimpleApplication@6f4d9c
----------------- Done invoking toplevel() on ptolemy.moml.MoMLSimpleApplication@6f4d9c
reloadAllAccessors: .AbsoluteValue2

===========================================================================================
----------------- testing Fri Jan 03 00:44:16 UTC 2020 /home/travis/build/icyphy/ptII/ptolemy/actor/lib/test/auto/Accumulator.xml
----------------- Instantiating /home/travis/build/icyphy/ptII/ptolemy/actor/lib/test/auto/Accumulator.xml
6 ms. Memory: 288768K Free: 134825K (47%)
----------------- Invoking toplevel() on ptolemy.moml.MoMLSimpleApplication@5fe340c6
----------------- Done invoking toplevel() on ptolemy.moml.MoMLSimpleApplication@5fe340c6
reloadAllAccessors: .Accumulator

===========================================================================================
----------------- testing Fri Jan 03 00:44:16 UTC 2020 /home/travis/build/icyphy/ptII/ptolemy/actor/lib/test/auto/Accumulator2.xml
----------------- Instantiating /home/travis/build/icyphy/ptII/ptolemy/actor/lib/test/auto/Accumulator2.xml
6 ms. Memory: 288768K Free: 129705K (45%)
----------------- Invoking toplevel() on ptolemy.moml.MoMLSimpleApplication@599260b6
----------------- Done invoking toplevel() on ptolemy.moml.MoMLSimpleApplication@599260b6
reloadAllAccessors: .Accumulator2

===========================================================================================
----------------- testing Fri Jan 03 00:44:16 UTC 2020 /home/travis/build/icyphy/ptII/ptolemy/actor/lib/test/auto/Accumulator3.xml
----------------- Instantiating /home/travis/build/icyphy/ptII/ptolemy/actor/lib/test/auto/Accumulator3.xml
2 ms. Memory: 288768K Free: 125095K (43%)
----------------- Invoking toplevel() on ptolemy.moml.MoMLSimpleApplication@319e3824
----------------- Done invoking toplevel() on ptolemy.moml.MoMLSimpleApplication@319e3824
reloadAllAccessors: .Accumulator3

===========================================================================================
----------------- testing Fri Jan 03 00:44:16 UTC 2020 /home/travis/build/icyphy/ptII/ptolemy/actor/lib/test/auto/ArrayAppend.xml
----------------- Instantiating /home/travis/build/icyphy/ptII/ptolemy/actor/lib/test/auto/ArrayAppend.xml
3 ms. Memory: 288768K Free: 119465K (41%)
----------------- Invoking toplevel() on ptolemy.moml.MoMLSimpleApplication@4a868c5a
----------------- Done invoking toplevel() on ptolemy.moml.MoMLSimpleApplication@4a868c5a
reloadAllAccessors: .ArrayAppend

===========================================================================================
----------------- testing Fri Jan 03 00:44:16 UTC 2020 /home/travis/build/icyphy/ptII/ptolemy/actor/lib/test/auto/ArrayAppend2.xml
----------------- Instantiating /home/travis/build/icyphy/ptII/ptolemy/actor/lib/test/auto/ArrayAppend2.xml
378 ms. Memory: 288768K Free: 216323K (75%)
----------------- Invoking toplevel() on ptolemy.moml.MoMLSimpleApplication@4fce2fc3
----------------- Done invoking toplevel() on ptolemy.moml.MoMLSimpleApplication@4fce2fc3
reloadAllAccessors: .ArrayAppend2

===========================================================================================
----------------- testing Fri Jan 03 00:44:17 UTC 2020 /home/travis/build/icyphy/ptII/ptolemy/actor/lib/test/auto/ArrayAppend3.xml
----------------- Instantiating /home/travis/build/icyphy/ptII/ptolemy/actor/lib/test/auto/ArrayAppend3.xml
13 ms. Memory: 288768K Free: 211203K (73%)
----------------- Invoking toplevel() on ptolemy.moml.MoMLSimpleApplication@61b8e7b5
----------------- Done invoking toplevel() on ptolemy.moml.MoMLSimpleApplication@61b8e7b5
reloadAllAccessors: .ArrayAppend3

===========================================================================================
----------------- testing Fri Jan 03 00:44:17 UTC 2020 /home/travis/build/icyphy/ptII/ptolemy/actor/lib/test/auto/ArrayAppend4.xml
----------------- Instantiating /home/travis/build/icyphy/ptII/ptolemy/actor/lib/test/auto/ArrayAppend4.xml
2 ms. Memory: 288768K Free: 205569K (71%)
----------------- Invoking toplevel() on ptolemy.moml.MoMLSimpleApplication@5b67bf5b
----------------- Done invoking toplevel() on ptolemy.moml.MoMLSimpleApplication@5b67bf5b
reloadAllAccessors: .ArrayAppend4

===========================================================================================
----------------- testing Fri Jan 03 00:44:17 UTC 2020 /home/travis/build/icyphy/ptII/ptolemy/actor/lib/test/auto/ArrayAppend5.xml
----------------- Instantiating /home/travis/build/icyphy/ptII/ptolemy/actor/lib/test/auto/ArrayAppend5.xml
3 ms. Memory: 288768K Free: 200449K (69%)
----------------- Invoking toplevel() on ptolemy.moml.MoMLSimpleApplication@450b42cf
----------------- Done invoking toplevel() on ptolemy.moml.MoMLSimpleApplication@450b42cf
reloadAllAccessors: .ArrayAppend5

===========================================================================================
----------------- testing Fri Jan 03 00:44:17 UTC 2020 /home/travis/build/icyphy/ptII/ptolemy/actor/lib/test/auto/ArrayAppend6.xml
----------------- Instantiating /home/travis/build/icyphy/ptII/ptolemy/actor/lib/test/auto/ArrayAppend6.xml
3 ms. Memory: 288768K Free: 195329K (68%)
----------------- Invoking toplevel() on ptolemy.moml.MoMLSimpleApplication@20186250
----------------- Done invoking toplevel() on ptolemy.moml.MoMLSimpleApplication@20186250
reloadAllAccessors: .ArrayAppend6

===========================================================================================
----------------- testing Fri Jan 03 00:44:17 UTC 2020 /home/travis/build/icyphy/ptII/ptolemy/actor/lib/test/auto/ArrayAppendPerformanceTest.xml
----------------- Instantiating /home/travis/build/icyphy/ptII/ptolemy/actor/lib/test/auto/ArrayAppendPerformanceTest.xml
39 ms. Memory: 288768K Free: 185089K (64%)
----------------- Invoking toplevel() on ptolemy.moml.MoMLSimpleApplication@e9dc71c
----------------- Done invoking toplevel() on ptolemy.moml.MoMLSimpleApplication@e9dc71c
reloadAllAccessors: .ArrayAppendPerformanceTest

===========================================================================================
----------------- testing Fri Jan 03 00:44:17 UTC 2020 /home/travis/build/icyphy/ptII/ptolemy/actor/lib/test/auto/ArrayAppendWithEmptyInput.xml
----------------- Instantiating /home/travis/build/icyphy/ptII/ptolemy/actor/lib/test/auto/ArrayAppendWithEmptyInput.xml
9 ms. Memory: 288768K Free: 176897K (61%)
----------------- Invoking toplevel() on ptolemy.moml.MoMLSimpleApplication@8699fbe
----------------- Done invoking toplevel() on ptolemy.moml.MoMLSimpleApplication@8699fbe
reloadAllAccessors: .ArrayAppendWithEmptyInput

===========================================================================================
----------------- testing Fri Jan 03 00:44:17 UTC 2020 /home/travis/build/icyphy/ptII/ptolemy/actor/lib/test/auto/ArrayAverage.xml
----------------- Instantiating /home/travis/build/icyphy/ptII/ptolemy/actor/lib/test/auto/ArrayAverage.xml
5 ms. Memory: 288768K Free: 169219K (59%)
----------------- Invoking toplevel() on ptolemy.moml.MoMLSimpleApplication@40c70e9a
----------------- Done invoking toplevel() on ptolemy.moml.MoMLSimpleApplication@40c70e9a
reloadAllAccessors: .ArrayAverage

===========================================================================================
----------------- testing Fri Jan 03 00:44:17 UTC 2020 /home/travis/build/icyphy/ptII/ptolemy/actor/lib/test/auto/ArrayContains.xml
----------------- Instantiating /home/travis/build/icyphy/ptII/ptolemy/actor/lib/test/auto/ArrayContains.xml
8 ms. Memory: 288768K Free: 163075K (56%)
----------------- Invoking toplevel() on ptolemy.moml.MoMLSimpleApplication@37709366
----------------- Done invoking toplevel() on ptolemy.moml.MoMLSimpleApplication@37709366
reloadAllAccessors: .ArrayContains

===========================================================================================
----------------- testing Fri Jan 03 00:44:17 UTC 2020 /home/travis/build/icyphy/ptII/ptolemy/actor/lib/test/auto/ArrayElement.xml
----------------- Instantiating /home/travis/build/icyphy/ptII/ptolemy/actor/lib/test/auto/ArrayElement.xml
3 ms. Memory: 288768K Free: 157441K (55%)
----------------- Invoking toplevel() on ptolemy.moml.MoMLSimpleApplication@5de1cdab
----------------- Done invoking toplevel() on ptolemy.moml.MoMLSimpleApplication@5de1cdab
reloadAllAccessors: .ArrayElement

===========================================================================================
----------------- testing Fri Jan 03 00:44:17 UTC 2020 /home/travis/build/icyphy/ptII/ptolemy/actor/lib/test/auto/ArrayElementAsMatrix.xml
----------------- Instantiating /home/travis/build/icyphy/ptII/ptolemy/actor/lib/test/auto/ArrayElementAsMatrix.xml
12 ms. Memory: 288768K Free: 147715K (51%)
----------------- Invoking toplevel() on ptolemy.moml.MoMLSimpleApplication@34fa3617
----------------- Done invoking toplevel() on ptolemy.moml.MoMLSimpleApplication@34fa3617
reloadAllAccessors: .ArrayElementAsMatrix

===========================================================================================
----------------- testing Fri Jan 03 00:44:17 UTC 2020 /home/travis/build/icyphy/ptII/ptolemy/actor/lib/test/auto/ArrayElementI.xml
----------------- Instantiating /home/travis/build/icyphy/ptII/ptolemy/actor/lib/test/auto/ArrayElementI.xml
8 ms. Memory: 288768K Free: 142081K (49%)
----------------- Invoking toplevel() on ptolemy.moml.MoMLSimpleApplication@309c7596
----------------- Done invoking toplevel() on ptolemy.moml.MoMLSimpleApplication@309c7596
reloadAllAccessors: .ArrayElementI

===========================================================================================
----------------- testing Fri Jan 03 00:44:17 UTC 2020 /home/travis/build/icyphy/ptII/ptolemy/actor/lib/test/auto/ArrayExtract.xml
----------------- Instantiating /home/travis/build/icyphy/ptII/ptolemy/actor/lib/test/auto/ArrayExtract.xml
9 ms. Memory: 288768K Free: 133889K (46%)
----------------- Invoking toplevel() on ptolemy.moml.MoMLSimpleApplication@5ab6c555
----------------- Done invoking toplevel() on ptolemy.moml.MoMLSimpleApplication@5ab6c555
reloadAllAccessors: .ArrayExtract

===========================================================================================
----------------- testing Fri Jan 03 00:44:17 UTC 2020 /home/travis/build/icyphy/ptII/ptolemy/actor/lib/test/auto/ArrayExtract2.xml
----------------- Instantiating /home/travis/build/icyphy/ptII/ptolemy/actor/lib/test/auto/ArrayExtract2.xml
2 ms. Memory: 288768K Free: 128259K (44%)
----------------- Invoking toplevel() on ptolemy.moml.MoMLSimpleApplication@447f314d
----------------- Done invoking toplevel() on ptolemy.moml.MoMLSimpleApplication@447f314d
reloadAllAccessors: .ArrayExtract2

===========================================================================================
----------------- testing Fri Jan 03 00:44:17 UTC 2020 /home/travis/build/icyphy/ptII/ptolemy/actor/lib/test/auto/ArrayLength.xml
----------------- Instantiating /home/travis/build/icyphy/ptII/ptolemy/actor/lib/test/auto/ArrayLength.xml
1 ms. Memory: 288768K Free: 124673K (43%)
----------------- Invoking toplevel() on ptolemy.moml.MoMLSimpleApplication@597a90bf
----------------- Done invoking toplevel() on ptolemy.moml.MoMLSimpleApplication@597a90bf
reloadAllAccessors: .ArrayLength

===========================================================================================
----------------- testing Fri Jan 03 00:44:17 UTC 2020 /home/travis/build/icyphy/ptII/ptolemy/actor/lib/test/auto/ArrayLevelCrossing.xml
----------------- Instantiating /home/travis/build/icyphy/ptII/ptolemy/actor/lib/test/auto/ArrayLevelCrossing.xml
11 ms. Memory: 288768K Free: 115971K (40%)
----------------- Invoking toplevel() on ptolemy.moml.MoMLSimpleApplication@37b8d8c2
----------------- Done invoking toplevel() on ptolemy.moml.MoMLSimpleApplication@37b8d8c2
reloadAllAccessors: .ArrayLevelCrossing

===========================================================================================
----------------- testing Fri Jan 03 00:44:17 UTC 2020 /home/travis/build/icyphy/ptII/ptolemy/actor/lib/test/auto/ArrayLevelCrossing2.xml
----------------- Instantiating /home/travis/build/icyphy/ptII/ptolemy/actor/lib/test/auto/ArrayLevelCrossing2.xml
3 ms. Memory: 288768K Free: 108803K (38%)
----------------- Invoking toplevel() on ptolemy.moml.MoMLSimpleApplication@7aa31a6b
----------------- Done invoking toplevel() on ptolemy.moml.MoMLSimpleApplication@7aa31a6b
reloadAllAccessors: .ArrayLevelCrossing2

===========================================================================================
----------------- testing Fri Jan 03 00:44:17 UTC 2020 /home/travis/build/icyphy/ptII/ptolemy/actor/lib/test/auto/ArrayPeakSearch.xml
----------------- Instantiating /home/travis/build/icyphy/ptII/ptolemy/actor/lib/test/auto/ArrayPeakSearch.xml
4 ms. Memory: 288768K Free: 99587K (34%)
----------------- Invoking toplevel() on ptolemy.moml.MoMLSimpleApplication@55c90523
----------------- Done invoking toplevel() on ptolemy.moml.MoMLSimpleApplication@55c90523
reloadAllAccessors: .ArrayPeakSearch

===========================================================================================
----------------- testing Fri Jan 03 00:44:17 UTC 2020 /home/travis/build/icyphy/ptII/ptolemy/actor/lib/test/auto/ArrayPeakSearch2.xml
----------------- Instantiating /home/travis/build/icyphy/ptII/ptolemy/actor/lib/test/auto/ArrayPeakSearch2.xml
5 ms. Memory: 288768K Free: 89347K (31%)
----------------- Invoking toplevel() on ptolemy.moml.MoMLSimpleApplication@35b9585b
----------------- Done invoking toplevel() on ptolemy.moml.MoMLSimpleApplication@35b9585b
reloadAllAccessors: .ArrayPeakSearch2

===========================================================================================
----------------- testing Fri Jan 03 00:44:17 UTC 2020 /home/travis/build/icyphy/ptII/ptolemy/actor/lib/test/auto/ArrayPeakSearch3.xml
----------------- Instantiating /home/travis/build/icyphy/ptII/ptolemy/actor/lib/test/auto/ArrayPeakSearch3.xml
43 ms. Memory: 288768K Free: 239458K (83%)
----------------- Invoking toplevel() on ptolemy.moml.MoMLSimpleApplication@5b0a171a
----------------- Done invoking toplevel() on ptolemy.moml.MoMLSimpleApplication@5b0a171a
reloadAllAccessors: .ArrayPeakSearch3

===========================================================================================
----------------- testing Fri Jan 03 00:44:18 UTC 2020 /home/travis/build/icyphy/ptII/ptolemy/actor/lib/test/auto/ArrayRemoveElement.xml
----------------- Instantiating /home/travis/build/icyphy/ptII/ptolemy/actor/lib/test/auto/ArrayRemoveElement.xml
4 ms. Memory: 288768K Free: 230752K (80%)
----------------- Invoking toplevel() on ptolemy.moml.MoMLSimpleApplication@30b881db
----------------- Done invoking toplevel() on ptolemy.moml.MoMLSimpleApplication@30b881db
reloadAllAccessors: .ArrayRemoveElement

===========================================================================================
----------------- testing Fri Jan 03 00:44:18 UTC 2020 /home/travis/build/icyphy/ptII/ptolemy/actor/lib/test/auto/ArraySort.xml
----------------- Instantiating /home/travis/build/icyphy/ptII/ptolemy/actor/lib/test/auto/ArraySort.xml
6 ms. Memory: 288768K Free: 222050K (77%)
----------------- Invoking toplevel() on ptolemy.moml.MoMLSimpleApplication@5fe20b53
----------------- Done invoking toplevel() on ptolemy.moml.MoMLSimpleApplication@5fe20b53
reloadAllAccessors: .ArraySort

===========================================================================================
----------------- testing Fri Jan 03 00:44:18 UTC 2020 /home/travis/build/icyphy/ptII/ptolemy/actor/lib/test/auto/ArraySum.xml
----------------- Instantiating /home/travis/build/icyphy/ptII/ptolemy/actor/lib/test/auto/ArraySum.xml
4 ms. Memory: 288768K Free: 216416K (75%)
----------------- Invoking toplevel() on ptolemy.moml.MoMLSimpleApplication@7ea3a9e5
----------------- Done invoking toplevel() on ptolemy.moml.MoMLSimpleApplication@7ea3a9e5
reloadAllAccessors: .ArraySum

===========================================================================================
----------------- testing Fri Jan 03 00:44:18 UTC 2020 /home/travis/build/icyphy/ptII/ptolemy/actor/lib/test/auto/ArrayToElements.xml
----------------- Instantiating /home/travis/build/icyphy/ptII/ptolemy/actor/lib/test/auto/ArrayToElements.xml
5 ms. Memory: 288768K Free: 211296K (73%)
----------------- Invoking toplevel() on ptolemy.moml.MoMLSimpleApplication@23737b3c
----------------- Done invoking toplevel() on ptolemy.moml.MoMLSimpleApplication@23737b3c
reloadAllAccessors: .ArrayToElements

===========================================================================================
----------------- testing Fri Jan 03 00:44:18 UTC 2020 /home/travis/build/icyphy/ptII/ptolemy/actor/lib/test/auto/ArrayToMatrix.xml
----------------- Instantiating /home/travis/build/icyphy/ptII/ptolemy/actor/lib/test/auto/ArrayToMatrix.xml
8 ms. Memory: 288768K Free: 196960K (68%)
----------------- Invoking toplevel() on ptolemy.moml.MoMLSimpleApplication@71a31f7
----------------- Done invoking toplevel() on ptolemy.moml.MoMLSimpleApplication@71a31f7
reloadAllAccessors: .ArrayToMatrix

===========================================================================================
----------------- testing Fri Jan 03 00:44:18 UTC 2020 /home/travis/build/icyphy/ptII/ptolemy/actor/lib/test/auto/ArrayUpdate1.xml
----------------- Instantiating /home/travis/build/icyphy/ptII/ptolemy/actor/lib/test/auto/ArrayUpdate1.xml
5 ms. Memory: 288768K Free: 192354K (67%)
----------------- Invoking toplevel() on ptolemy.moml.MoMLSimpleApplication@40975c3c
----------------- Done invoking toplevel() on ptolemy.moml.MoMLSimpleApplication@40975c3c
reloadAllAccessors: .ArrayUpdate1

===========================================================================================
----------------- testing Fri Jan 03 00:44:18 UTC 2020 /home/travis/build/icyphy/ptII/ptolemy/actor/lib/test/auto/ArrayUpdate2.xml
----------------- Instantiating /home/travis/build/icyphy/ptII/ptolemy/actor/lib/test/auto/ArrayUpdate2.xml
5 ms. Memory: 288768K Free: 185696K (64%)
----------------- Invoking toplevel() on ptolemy.moml.MoMLSimpleApplication@1d7a281a
----------------- Done invoking toplevel() on ptolemy.moml.MoMLSimpleApplication@1d7a281a
reloadAllAccessors: .ArrayUpdate2

===========================================================================================
----------------- testing Fri Jan 03 00:44:18 UTC 2020 /home/travis/build/icyphy/ptII/ptolemy/actor/lib/test/auto/ArrayUpdate3.xml
----------------- Instantiating /home/travis/build/icyphy/ptII/ptolemy/actor/lib/test/auto/ArrayUpdate3.xml
7 ms. Memory: 288768K Free: 181090K (63%)
----------------- Invoking toplevel() on ptolemy.moml.MoMLSimpleApplication@18b74e36
----------------- Done invoking toplevel() on ptolemy.moml.MoMLSimpleApplication@18b74e36
reloadAllAccessors: .ArrayUpdate3

===========================================================================================
----------------- testing Fri Jan 03 00:44:18 UTC 2020 /home/travis/build/icyphy/ptII/ptolemy/actor/lib/test/auto/Assert1.xml
----------------- Instantiating /home/travis/build/icyphy/ptII/ptolemy/actor/lib/test/auto/Assert1.xml
4 ms. Memory: 288768K Free: 176480K (61%)
----------------- Invoking toplevel() on ptolemy.moml.MoMLSimpleApplication@54ead0ce
----------------- Done invoking toplevel() on ptolemy.moml.MoMLSimpleApplication@54ead0ce
reloadAllAccessors: .Assert1

===========================================================================================
----------------- testing Fri Jan 03 00:44:18 UTC 2020 /home/travis/build/icyphy/ptII/ptolemy/actor/lib/test/auto/Assert2.xml
----------------- Instantiating /home/travis/build/icyphy/ptII/ptolemy/actor/lib/test/auto/Assert2.xml
1 ms. Memory: 288768K Free: 171360K (59%)
----------------- Invoking toplevel() on ptolemy.moml.MoMLSimpleApplication@75bfab3b
----------------- Done invoking toplevel() on ptolemy.moml.MoMLSimpleApplication@75bfab3b
reloadAllAccessors: .Assert2

===========================================================================================
----------------- testing Fri Jan 03 00:44:18 UTC 2020 /home/travis/build/icyphy/ptII/ptolemy/actor/lib/test/auto/BooleanMultiplexor.xml
----------------- Instantiating /home/travis/build/icyphy/ptII/ptolemy/actor/lib/test/auto/BooleanMultiplexor.xml
2 ms. Memory: 288768K Free: 165730K (57%)
----------------- Invoking toplevel() on ptolemy.moml.MoMLSimpleApplication@60914879
----------------- Done invoking toplevel() on ptolemy.moml.MoMLSimpleApplication@60914879
reloadAllAccessors: .BooleanMultiplexor

===========================================================================================
----------------- testing Fri Jan 03 00:44:18 UTC 2020 /home/travis/build/icyphy/ptII/ptolemy/actor/lib/test/auto/BooleanMultiplexor2.xml
----------------- Instantiating /home/travis/build/icyphy/ptII/ptolemy/actor/lib/test/auto/BooleanMultiplexor2.xml
4 ms. Memory: 288768K Free: 159586K (55%)
----------------- Invoking toplevel() on ptolemy.moml.MoMLSimpleApplication@7f558571
----------------- Done invoking toplevel() on ptolemy.moml.MoMLSimpleApplication@7f558571
reloadAllAccessors: .BooleanMultiplexor2

===========================================================================================
----------------- testing Fri Jan 03 00:44:18 UTC 2020 /home/travis/build/icyphy/ptII/ptolemy/actor/lib/test/auto/BooleanMultiplexor3.xml
----------------- Instantiating /home/travis/build/icyphy/ptII/ptolemy/actor/lib/test/auto/BooleanMultiplexor3.xml
1 ms. Memory: 288768K Free: 155490K (54%)
----------------- Invoking toplevel() on ptolemy.moml.MoMLSimpleApplication@61ffae87
----------------- Done invoking toplevel() on ptolemy.moml.MoMLSimpleApplication@61ffae87
reloadAllAccessors: .BooleanMultiplexor3

===========================================================================================
----------------- testing Fri Jan 03 00:44:18 UTC 2020 /home/travis/build/icyphy/ptII/ptolemy/actor/lib/test/auto/BooleanSelect.xml
----------------- Instantiating /home/travis/build/icyphy/ptII/ptolemy/actor/lib/test/auto/BooleanSelect.xml
3 ms. Memory: 288768K Free: 149842K (52%)
----------------- Invoking toplevel() on ptolemy.moml.MoMLSimpleApplication@666801b0
----------------- Done invoking toplevel() on ptolemy.moml.MoMLSimpleApplication@666801b0
reloadAllAccessors: .BooleanSelect

===========================================================================================
----------------- testing Fri Jan 03 00:44:18 UTC 2020 /home/travis/build/icyphy/ptII/ptolemy/actor/lib/test/auto/BooleanSelect2.xml
----------------- Instantiating /home/travis/build/icyphy/ptII/ptolemy/actor/lib/test/auto/BooleanSelect2.xml
2 ms. Memory: 288768K Free: 145250K (50%)
----------------- Invoking toplevel() on ptolemy.moml.MoMLSimpleApplication@1a33c23c
----------------- Done invoking toplevel() on ptolemy.moml.MoMLSimpleApplication@1a33c23c
reloadAllAccessors: .BooleanSelect2

===========================================================================================
----------------- testing Fri Jan 03 00:44:18 UTC 2020 /home/travis/build/icyphy/ptII/ptolemy/actor/lib/test/auto/BooleanSwitch.xml
----------------- Instantiating /home/travis/build/icyphy/ptII/ptolemy/actor/lib/test/auto/BooleanSwitch.xml
5 ms. Memory: 288768K Free: 139616K (48%)
----------------- Invoking toplevel() on ptolemy.moml.MoMLSimpleApplication@328516ae
----------------- Done invoking toplevel() on ptolemy.moml.MoMLSimpleApplication@328516ae
reloadAllAccessors: .BooleanSwitch

===========================================================================================
----------------- testing Fri Jan 03 00:44:18 UTC 2020 /home/travis/build/icyphy/ptII/ptolemy/actor/lib/test/auto/BooleanSwitch2.xml
----------------- Instantiating /home/travis/build/icyphy/ptII/ptolemy/actor/lib/test/auto/BooleanSwitch2.xml
1 ms. Memory: 288768K Free: 135010K (47%)
----------------- Invoking toplevel() on ptolemy.moml.MoMLSimpleApplication@1813d301
----------------- Done invoking toplevel() on ptolemy.moml.MoMLSimpleApplication@1813d301
reloadAllAccessors: .BooleanSwitch2

===========================================================================================
----------------- testing Fri Jan 03 00:44:18 UTC 2020 /home/travis/build/icyphy/ptII/ptolemy/actor/lib/test/auto/BooleanSwitchCloningBugWithClassRelationGroup.xml
----------------- Instantiating /home/travis/build/icyphy/ptII/ptolemy/actor/lib/test/auto/BooleanSwitchCloningBugWithClassRelationGroup.xml
2 ms. Memory: 288768K Free: 128866K (45%)
----------------- Invoking toplevel() on ptolemy.moml.MoMLSimpleApplication@305a6cd7
----------------- Done invoking toplevel() on ptolemy.moml.MoMLSimpleApplication@305a6cd7
reloadAllAccessors: .BooleanSwitchCloningBugWithClassRelationGroup

===========================================================================================
----------------- testing Fri Jan 03 00:44:18 UTC 2020 /home/travis/build/icyphy/ptII/ptolemy/actor/lib/test/auto/BusActors.xml
----------------- Instantiating /home/travis/build/icyphy/ptII/ptolemy/actor/lib/test/auto/BusActors.xml
7 ms. Memory: 288768K Free: 120674K (42%)
----------------- Invoking toplevel() on ptolemy.moml.MoMLSimpleApplication@71c64aeb
----------------- Done invoking toplevel() on ptolemy.moml.MoMLSimpleApplication@71c64aeb
reloadAllAccessors: .BusActors

===========================================================================================
----------------- testing Fri Jan 03 00:44:18 UTC 2020 /home/travis/build/icyphy/ptII/ptolemy/actor/lib/test/auto/ClassWrapper.xml
----------------- Instantiating /home/travis/build/icyphy/ptII/ptolemy/actor/lib/test/auto/ClassWrapper.xml
3 ms. Memory: 288768K Free: 116578K (40%)
----------------- Invoking toplevel() on ptolemy.moml.MoMLSimpleApplication@42df843
----------------- Done invoking toplevel() on ptolemy.moml.MoMLSimpleApplication@42df843
reloadAllAccessors: .ClassWrapper

===========================================================================================
----------------- testing Fri Jan 03 00:44:18 UTC 2020 /home/travis/build/icyphy/ptII/ptolemy/actor/lib/test/auto/Clock.xml
----------------- Instantiating /home/travis/build/icyphy/ptII/ptolemy/actor/lib/test/auto/Clock.xml
1 ms. Memory: 288768K Free: 112482K (39%)
----------------- Invoking toplevel() on ptolemy.moml.MoMLSimpleApplication@7e49ed08
----------------- Done invoking toplevel() on ptolemy.moml.MoMLSimpleApplication@7e49ed08
reloadAllAccessors: .Clock

===========================================================================================
----------------- testing Fri Jan 03 00:44:18 UTC 2020 /home/travis/build/icyphy/ptII/ptolemy/actor/lib/test/auto/Clock10.xml
----------------- Instantiating /home/travis/build/icyphy/ptII/ptolemy/actor/lib/test/auto/Clock10.xml
3 ms. Memory: 288768K Free: 106848K (37%)
----------------- Invoking toplevel() on ptolemy.moml.MoMLSimpleApplication@11b67aca
----------------- Done invoking toplevel() on ptolemy.moml.MoMLSimpleApplication@11b67aca
reloadAllAccessors: .Clock10

===========================================================================================
----------------- testing Fri Jan 03 00:44:18 UTC 2020 /home/travis/build/icyphy/ptII/ptolemy/actor/lib/test/auto/Clock11.xml
----------------- Instantiating /home/travis/build/icyphy/ptII/ptolemy/actor/lib/test/auto/Clock11.xml
2 ms. Memory: 288768K Free: 100704K (35%)
----------------- Invoking toplevel() on ptolemy.moml.MoMLSimpleApplication@f0eedfc
----------------- Done invoking toplevel() on ptolemy.moml.MoMLSimpleApplication@f0eedfc
reloadAllAccessors: .Clock11

===========================================================================================
----------------- testing Fri Jan 03 00:44:18 UTC 2020 /home/travis/build/icyphy/ptII/ptolemy/actor/lib/test/auto/Clock12.xml
----------------- Instantiating /home/travis/build/icyphy/ptII/ptolemy/actor/lib/test/auto/Clock12.xml
5 ms. Memory: 288768K Free: 95074K (33%)
----------------- Invoking toplevel() on ptolemy.moml.MoMLSimpleApplication@48a22976
----------------- Done invoking toplevel() on ptolemy.moml.MoMLSimpleApplication@48a22976
reloadAllAccessors: .Clock12

===========================================================================================
----------------- testing Fri Jan 03 00:44:18 UTC 2020 /home/travis/build/icyphy/ptII/ptolemy/actor/lib/test/auto/Clock13.xml
----------------- Instantiating /home/travis/build/icyphy/ptII/ptolemy/actor/lib/test/auto/Clock13.xml
3 ms. Memory: 288768K Free: 88930K (31%)
----------------- Invoking toplevel() on ptolemy.moml.MoMLSimpleApplication@4fd7a7d2
----------------- Done invoking toplevel() on ptolemy.moml.MoMLSimpleApplication@4fd7a7d2
reloadAllAccessors: .Clock13

===========================================================================================
----------------- testing Fri Jan 03 00:44:18 UTC 2020 /home/travis/build/icyphy/ptII/ptolemy/actor/lib/test/auto/Clock14.xml
----------------- Instantiating /home/travis/build/icyphy/ptII/ptolemy/actor/lib/test/auto/Clock14.xml
4 ms. Memory: 288768K Free: 83266K (29%)
----------------- Invoking toplevel() on ptolemy.moml.MoMLSimpleApplication@3a1c1ed
----------------- Done invoking toplevel() on ptolemy.moml.MoMLSimpleApplication@3a1c1ed
reloadAllAccessors: .Clock14

===========================================================================================
----------------- testing Fri Jan 03 00:44:18 UTC 2020 /home/travis/build/icyphy/ptII/ptolemy/actor/lib/test/auto/Clock15.xml
----------------- Instantiating /home/travis/build/icyphy/ptII/ptolemy/actor/lib/test/auto/Clock15.xml
2 ms. Memory: 288768K Free: 77122K (27%)
----------------- Invoking toplevel() on ptolemy.moml.MoMLSimpleApplication@605d660
----------------- Done invoking toplevel() on ptolemy.moml.MoMLSimpleApplication@605d660
reloadAllAccessors: .Clock15

===========================================================================================
----------------- testing Fri Jan 03 00:44:18 UTC 2020 /home/travis/build/icyphy/ptII/ptolemy/actor/lib/test/auto/Clock16.xml
----------------- Instantiating /home/travis/build/icyphy/ptII/ptolemy/actor/lib/test/auto/Clock16.xml
34 ms. Memory: 288768K Free: 228706K (79%)
----------------- Invoking toplevel() on ptolemy.moml.MoMLSimpleApplication@6fd128ab
----------------- Done invoking toplevel() on ptolemy.moml.MoMLSimpleApplication@6fd128ab
reloadAllAccessors: .Clock16

===========================================================================================
----------------- testing Fri Jan 03 00:44:18 UTC 2020 /home/travis/build/icyphy/ptII/ptolemy/actor/lib/test/auto/Clock17.xml
----------------- Instantiating /home/travis/build/icyphy/ptII/ptolemy/actor/lib/test/auto/Clock17.xml
18 ms. Memory: 288768K Free: 214370K (74%)
----------------- Invoking toplevel() on ptolemy.moml.MoMLSimpleApplication@5b586302
----------------- Done invoking toplevel() on ptolemy.moml.MoMLSimpleApplication@5b586302
reloadAllAccessors: .Clock17

===========================================================================================
----------------- testing Fri Jan 03 00:44:18 UTC 2020 /home/travis/build/icyphy/ptII/ptolemy/actor/lib/test/auto/Clock18.xml
----------------- Instantiating /home/travis/build/icyphy/ptII/ptolemy/actor/lib/test/auto/Clock18.xml
13 ms. Memory: 288768K Free: 200530K (69%)
----------------- Invoking toplevel() on ptolemy.moml.MoMLSimpleApplication@2975eae3
----------------- Done invoking toplevel() on ptolemy.moml.MoMLSimpleApplication@2975eae3
reloadAllAccessors: .Clock18

===========================================================================================
----------------- testing Fri Jan 03 00:44:18 UTC 2020 /home/travis/build/icyphy/ptII/ptolemy/actor/lib/test/auto/Clock19.xml
----------------- Instantiating /home/travis/build/icyphy/ptII/ptolemy/actor/lib/test/auto/Clock19.xml
16 ms. Memory: 288768K Free: 187746K (65%)
----------------- Invoking toplevel() on ptolemy.moml.MoMLSimpleApplication@3e53ee2c
----------------- Done invoking toplevel() on ptolemy.moml.MoMLSimpleApplication@3e53ee2c
reloadAllAccessors: .Clock19

===========================================================================================
----------------- testing Fri Jan 03 00:44:18 UTC 2020 /home/travis/build/icyphy/ptII/ptolemy/actor/lib/test/auto/Clock2.xml
----------------- Instantiating /home/travis/build/icyphy/ptII/ptolemy/actor/lib/test/auto/Clock2.xml
4 ms. Memory: 288768K Free: 182626K (63%)
----------------- Invoking toplevel() on ptolemy.moml.MoMLSimpleApplication@3d2f6847
----------------- Done invoking toplevel() on ptolemy.moml.MoMLSimpleApplication@3d2f6847
reloadAllAccessors: .Clock2

===========================================================================================
----------------- testing Fri Jan 03 00:44:18 UTC 2020 /home/travis/build/icyphy/ptII/ptolemy/actor/lib/test/auto/Clock20.xml
----------------- Instantiating /home/travis/build/icyphy/ptII/ptolemy/actor/lib/test/auto/Clock20.xml
8 ms. Memory: 288768K Free: 177504K (61%)
----------------- Invoking toplevel() on ptolemy.moml.MoMLSimpleApplication@7f598066
----------------- Done invoking toplevel() on ptolemy.moml.MoMLSimpleApplication@7f598066
reloadAllAccessors: .Clock20

===========================================================================================
----------------- testing Fri Jan 03 00:44:19 UTC 2020 /home/travis/build/icyphy/ptII/ptolemy/actor/lib/test/auto/Clock21.xml
----------------- Instantiating /home/travis/build/icyphy/ptII/ptolemy/actor/lib/test/auto/Clock21.xml
3 ms. Memory: 288768K Free: 171872K (60%)
----------------- Invoking toplevel() on ptolemy.moml.MoMLSimpleApplication@2637ca4c
----------------- Done invoking toplevel() on ptolemy.moml.MoMLSimpleApplication@2637ca4c
reloadAllAccessors: .Clock21

===========================================================================================
----------------- testing Fri Jan 03 00:44:19 UTC 2020 /home/travis/build/icyphy/ptII/ptolemy/actor/lib/test/auto/Clock22.xml
----------------- Instantiating /home/travis/build/icyphy/ptII/ptolemy/actor/lib/test/auto/Clock22.xml
5 ms. Memory: 288768K Free: 166752K (58%)
----------------- Invoking toplevel() on ptolemy.moml.MoMLSimpleApplication@6e274d7b
----------------- Done invoking toplevel() on ptolemy.moml.MoMLSimpleApplication@6e274d7b
reloadAllAccessors: .Clock22

===========================================================================================
----------------- testing Fri Jan 03 00:44:19 UTC 2020 /home/travis/build/icyphy/ptII/ptolemy/actor/lib/test/auto/Clock23.xml
----------------- Instantiating /home/travis/build/icyphy/ptII/ptolemy/actor/lib/test/auto/Clock23.xml
3 ms. Memory: 288768K Free: 161122K (56%)
----------------- Invoking toplevel() on ptolemy.moml.MoMLSimpleApplication@4a213b0
----------------- Done invoking toplevel() on ptolemy.moml.MoMLSimpleApplication@4a213b0
reloadAllAccessors: .Clock23

===========================================================================================
----------------- testing Fri Jan 03 00:44:19 UTC 2020 /home/travis/build/icyphy/ptII/ptolemy/actor/lib/test/auto/Clock24.xml
----------------- Instantiating /home/travis/build/icyphy/ptII/ptolemy/actor/lib/test/auto/Clock24.xml
3 ms. Memory: 288768K Free: 155488K (54%)
----------------- Invoking toplevel() on ptolemy.moml.MoMLSimpleApplication@1567ab3f
----------------- Done invoking toplevel() on ptolemy.moml.MoMLSimpleApplication@1567ab3f
reloadAllAccessors: .Clock24

===========================================================================================
----------------- testing Fri Jan 03 00:44:19 UTC 2020 /home/travis/build/icyphy/ptII/ptolemy/actor/lib/test/auto/Clock4.xml
----------------- Instantiating /home/travis/build/icyphy/ptII/ptolemy/actor/lib/test/auto/Clock4.xml
1 ms. Memory: 288768K Free: 150882K (52%)
----------------- Invoking toplevel() on ptolemy.moml.MoMLSimpleApplication@12de3385
----------------- Done invoking toplevel() on ptolemy.moml.MoMLSimpleApplication@12de3385
reloadAllAccessors: .Clock4

===========================================================================================
----------------- testing Fri Jan 03 00:44:19 UTC 2020 /home/travis/build/icyphy/ptII/ptolemy/actor/lib/test/auto/Clock5.xml
----------------- Instantiating /home/travis/build/icyphy/ptII/ptolemy/actor/lib/test/auto/Clock5.xml
3 ms. Memory: 288768K Free: 145242K (50%)
----------------- Invoking toplevel() on ptolemy.moml.MoMLSimpleApplication@1adae874
----------------- Done invoking toplevel() on ptolemy.moml.MoMLSimpleApplication@1adae874
reloadAllAccessors: .Clock5

===========================================================================================
----------------- testing Fri Jan 03 00:44:19 UTC 2020 /home/travis/build/icyphy/ptII/ptolemy/actor/lib/test/auto/Clock6.xml
----------------- Instantiating /home/travis/build/icyphy/ptII/ptolemy/actor/lib/test/auto/Clock6.xml
2 ms. Memory: 288768K Free: 141666K (49%)
----------------- Invoking toplevel() on ptolemy.moml.MoMLSimpleApplication@2bac2c14
----------------- Done invoking toplevel() on ptolemy.moml.MoMLSimpleApplication@2bac2c14
reloadAllAccessors: .Clock6

===========================================================================================
----------------- testing Fri Jan 03 00:44:19 UTC 2020 /home/travis/build/icyphy/ptII/ptolemy/actor/lib/test/auto/Clock7.xml
----------------- Instantiating /home/travis/build/icyphy/ptII/ptolemy/actor/lib/test/auto/Clock7.xml
2 ms. Memory: 288768K Free: 137056K (47%)
----------------- Invoking toplevel() on ptolemy.moml.MoMLSimpleApplication@13ed41bf
----------------- Done invoking toplevel() on ptolemy.moml.MoMLSimpleApplication@13ed41bf
reloadAllAccessors: .Clock7

===========================================================================================
----------------- testing Fri Jan 03 00:44:19 UTC 2020 /home/travis/build/icyphy/ptII/ptolemy/actor/lib/test/auto/Clock8.xml
----------------- Instantiating /home/travis/build/icyphy/ptII/ptolemy/actor/lib/test/auto/Clock8.xml
2 ms. Memory: 288768K Free: 131426K (46%)
----------------- Invoking toplevel() on ptolemy.moml.MoMLSimpleApplication@42da0880
----------------- Done invoking toplevel() on ptolemy.moml.MoMLSimpleApplication@42da0880
reloadAllAccessors: .Clock8

===========================================================================================
----------------- testing Fri Jan 03 00:44:19 UTC 2020 /home/travis/build/icyphy/ptII/ptolemy/actor/lib/test/auto/Clock9.xml
----------------- Instantiating /home/travis/build/icyphy/ptII/ptolemy/actor/lib/test/auto/Clock9.xml
3 ms. Memory: 288768K Free: 126306K (44%)
----------------- Invoking toplevel() on ptolemy.moml.MoMLSimpleApplication@7aad9982
----------------- Done invoking toplevel() on ptolemy.moml.MoMLSimpleApplication@7aad9982
reloadAllAccessors: .Clock9

===========================================================================================
----------------- testing Fri Jan 03 00:44:19 UTC 2020 /home/travis/build/icyphy/ptII/ptolemy/actor/lib/test/auto/CommDistDiscard.xml
----------------- Instantiating /home/travis/build/icyphy/ptII/ptolemy/actor/lib/test/auto/CommDistDiscard.xml
5 ms. Memory: 288768K Free: 120672K (42%)
----------------- Invoking toplevel() on ptolemy.moml.MoMLSimpleApplication@493a1aae
----------------- Done invoking toplevel() on ptolemy.moml.MoMLSimpleApplication@493a1aae
reloadAllAccessors: .CommDistDiscard

===========================================================================================
----------------- testing Fri Jan 03 00:44:19 UTC 2020 /home/travis/build/icyphy/ptII/ptolemy/actor/lib/test/auto/Commutator.xml
----------------- Instantiating /home/travis/build/icyphy/ptII/ptolemy/actor/lib/test/auto/Commutator.xml
2 ms. Memory: 288768K Free: 116576K (40%)
----------------- Invoking toplevel() on ptolemy.moml.MoMLSimpleApplication@66cac7fa
----------------- Done invoking toplevel() on ptolemy.moml.MoMLSimpleApplication@66cac7fa
reloadAllAccessors: .Commutator

===========================================================================================
----------------- testing Fri Jan 03 00:44:19 UTC 2020 /home/travis/build/icyphy/ptII/ptolemy/actor/lib/test/auto/Commutator2.xml
----------------- Instantiating /home/travis/build/icyphy/ptII/ptolemy/actor/lib/test/auto/Commutator2.xml
1 ms. Memory: 288768K Free: 111970K (39%)
----------------- Invoking toplevel() on ptolemy.moml.MoMLSimpleApplication@7a07b5c1
----------------- Done invoking toplevel() on ptolemy.moml.MoMLSimpleApplication@7a07b5c1
reloadAllAccessors: .Commutator2

===========================================================================================
----------------- testing Fri Jan 03 00:44:19 UTC 2020 /home/travis/build/icyphy/ptII/ptolemy/actor/lib/test/auto/Commutator3.xml
----------------- Instantiating /home/travis/build/icyphy/ptII/ptolemy/actor/lib/test/auto/Commutator3.xml
2 ms. Memory: 288768K Free: 107360K (37%)
----------------- Invoking toplevel() on ptolemy.moml.MoMLSimpleApplication@3c4fdcf6
----------------- Done invoking toplevel() on ptolemy.moml.MoMLSimpleApplication@3c4fdcf6
reloadAllAccessors: .Commutator3

===========================================================================================
----------------- testing Fri Jan 03 00:44:19 UTC 2020 /home/travis/build/icyphy/ptII/ptolemy/actor/lib/test/auto/Compare.xml
----------------- Instantiating /home/travis/build/icyphy/ptII/ptolemy/actor/lib/test/auto/Compare.xml
2 ms. Memory: 288768K Free: 101216K (35%)
----------------- Invoking toplevel() on ptolemy.moml.MoMLSimpleApplication@30a05b50
----------------- Done invoking toplevel() on ptolemy.moml.MoMLSimpleApplication@30a05b50
reloadAllAccessors: .Compare

===========================================================================================
----------------- testing Fri Jan 03 00:44:19 UTC 2020 /home/travis/build/icyphy/ptII/ptolemy/actor/lib/test/auto/CompareDE.xml
----------------- Instantiating /home/travis/build/icyphy/ptII/ptolemy/actor/lib/test/auto/CompareDE.xml
6 ms. Memory: 288768K Free: 94048K (33%)
----------------- Invoking toplevel() on ptolemy.moml.MoMLSimpleApplication@19fbdb2b
----------------- Done invoking toplevel() on ptolemy.moml.MoMLSimpleApplication@19fbdb2b
reloadAllAccessors: .CompareDE

===========================================================================================
----------------- testing Fri Jan 03 00:44:19 UTC 2020 /home/travis/build/icyphy/ptII/ptolemy/actor/lib/test/auto/ComplexDivide.xml
----------------- Instantiating /home/travis/build/icyphy/ptII/ptolemy/actor/lib/test/auto/ComplexDivide.xml
1 ms. Memory: 288768K Free: 90466K (31%)
----------------- Invoking toplevel() on ptolemy.moml.MoMLSimpleApplication@646d3b64
----------------- Done invoking toplevel() on ptolemy.moml.MoMLSimpleApplication@646d3b64
reloadAllAccessors: .ComplexDivide

===========================================================================================
----------------- testing Fri Jan 03 00:44:19 UTC 2020 /home/travis/build/icyphy/ptII/ptolemy/actor/lib/test/auto/ComputeHistogram.xml
----------------- Instantiating /home/travis/build/icyphy/ptII/ptolemy/actor/lib/test/auto/ComputeHistogram.xml
30 ms. Memory: 288768K Free: 77664K (27%)
----------------- Invoking toplevel() on ptolemy.moml.MoMLSimpleApplication@608c01
----------------- Done invoking toplevel() on ptolemy.moml.MoMLSimpleApplication@608c01
reloadAllAccessors: .ComputeHistogram

===========================================================================================
----------------- testing Fri Jan 03 00:44:19 UTC 2020 /home/travis/build/icyphy/ptII/ptolemy/actor/lib/test/auto/ConfigurationSelect.xml
----------------- Instantiating /home/travis/build/icyphy/ptII/ptolemy/actor/lib/test/auto/ConfigurationSelect.xml
45 ms. Memory: 495616K Free: 445792K (90%)
----------------- Invoking toplevel() on ptolemy.moml.MoMLSimpleApplication@6b404d6f
----------------- Done invoking toplevel() on ptolemy.moml.MoMLSimpleApplication@6b404d6f
reloadAllAccessors: .ConfigurationSelect

===========================================================================================
----------------- testing Fri Jan 03 00:44:19 UTC 2020 /home/travis/build/icyphy/ptII/ptolemy/actor/lib/test/auto/ConfigurationSelect2.xml
----------------- Instantiating /home/travis/build/icyphy/ptII/ptolemy/actor/lib/test/auto/ConfigurationSelect2.xml
3 ms. Memory: 495616K Free: 440674K (89%)
----------------- Invoking toplevel() on ptolemy.moml.MoMLSimpleApplication@541d6620
----------------- Done invoking toplevel() on ptolemy.moml.MoMLSimpleApplication@541d6620
reloadAllAccessors: .ConfigurationSelect2

===========================================================================================
----------------- testing Fri Jan 03 00:44:19 UTC 2020 /home/travis/build/icyphy/ptII/ptolemy/actor/lib/test/auto/ConfigurationSwitch.xml
----------------- Instantiating /home/travis/build/icyphy/ptII/ptolemy/actor/lib/test/auto/ConfigurationSwitch.xml
9 ms. Memory: 495616K Free: 435040K (88%)
----------------- Invoking toplevel() on ptolemy.moml.MoMLSimpleApplication@6c01d8a9
----------------- Done invoking toplevel() on ptolemy.moml.MoMLSimpleApplication@6c01d8a9
reloadAllAccessors: .ConfigurationSwitch

===========================================================================================
----------------- testing Fri Jan 03 00:44:19 UTC 2020 /home/travis/build/icyphy/ptII/ptolemy/actor/lib/test/auto/ConfigurationSwitch2.xml
----------------- Instantiating /home/travis/build/icyphy/ptII/ptolemy/actor/lib/test/auto/ConfigurationSwitch2.xml
4 ms. Memory: 495616K Free: 429920K (87%)
----------------- Invoking toplevel() on ptolemy.moml.MoMLSimpleApplication@53e0f5a
----------------- Done invoking toplevel() on ptolemy.moml.MoMLSimpleApplication@53e0f5a
reloadAllAccessors: .ConfigurationSwitch2

===========================================================================================
----------------- testing Fri Jan 03 00:44:19 UTC 2020 /home/travis/build/icyphy/ptII/ptolemy/actor/lib/test/auto/ConfigurationSwitchCloningBugWithClassRelationGroup.xml
----------------- Instantiating /home/travis/build/icyphy/ptII/ptolemy/actor/lib/test/auto/ConfigurationSwitchCloningBugWithClassRelationGroup.xml
1 ms. Memory: 495616K Free: 422752K (85%)
----------------- Invoking toplevel() on ptolemy.moml.MoMLSimpleApplication@4957255e
----------------- Done invoking toplevel() on ptolemy.moml.MoMLSimpleApplication@4957255e
reloadAllAccessors: .ConfigurationSwitchCloningBugWithClassRelationGroup

===========================================================================================
----------------- testing Fri Jan 03 00:44:19 UTC 2020 /home/travis/build/icyphy/ptII/ptolemy/actor/lib/test/auto/ConfigurationSwitchSelectSDF.xml
----------------- Instantiating /home/travis/build/icyphy/ptII/ptolemy/actor/lib/test/auto/ConfigurationSwitchSelectSDF.xml
4 ms. Memory: 495616K Free: 417632K (84%)
----------------- Invoking toplevel() on ptolemy.moml.MoMLSimpleApplication@1effb7c4
----------------- Done invoking toplevel() on ptolemy.moml.MoMLSimpleApplication@1effb7c4
reloadAllAccessors: .ConfigurationSwitchSelectSDF

===========================================================================================
----------------- testing Fri Jan 03 00:44:19 UTC 2020 /home/travis/build/icyphy/ptII/ptolemy/actor/lib/test/auto/ConfigurationSwitchSelectSDF2.xml
----------------- Instantiating /home/travis/build/icyphy/ptII/ptolemy/actor/lib/test/auto/ConfigurationSwitchSelectSDF2.xml
3 ms. Memory: 495616K Free: 411488K (83%)
----------------- Invoking toplevel() on ptolemy.moml.MoMLSimpleApplication@7161fb8f
----------------- Done invoking toplevel() on ptolemy.moml.MoMLSimpleApplication@7161fb8f
reloadAllAccessors: .ConfigurationSwitchSelectSDF2

===========================================================================================
----------------- testing Fri Jan 03 00:44:19 UTC 2020 /home/travis/build/icyphy/ptII/ptolemy/actor/lib/test/auto/Const.xml
----------------- Instantiating /home/travis/build/icyphy/ptII/ptolemy/actor/lib/test/auto/Const.xml
2 ms. Memory: 495616K Free: 407906K (82%)
----------------- Invoking toplevel() on ptolemy.moml.MoMLSimpleApplication@6cb0ddf7
----------------- Done invoking toplevel() on ptolemy.moml.MoMLSimpleApplication@6cb0ddf7
reloadAllAccessors: .Const

===========================================================================================
----------------- testing Fri Jan 03 00:44:19 UTC 2020 /home/travis/build/icyphy/ptII/ptolemy/actor/lib/test/auto/Const2.xml
----------------- Instantiating /home/travis/build/icyphy/ptII/ptolemy/actor/lib/test/auto/Const2.xml
1 ms. Memory: 495616K Free: 404320K (82%)
----------------- Invoking toplevel() on ptolemy.moml.MoMLSimpleApplication@ecbc8a0
----------------- Done invoking toplevel() on ptolemy.moml.MoMLSimpleApplication@ecbc8a0
reloadAllAccessors: .Const2

===========================================================================================
----------------- testing Fri Jan 03 00:44:19 UTC 2020 /home/travis/build/icyphy/ptII/ptolemy/actor/lib/test/auto/Const3.xml
----------------- Instantiating /home/travis/build/icyphy/ptII/ptolemy/actor/lib/test/auto/Const3.xml
1 ms. Memory: 495616K Free: 401248K (81%)
----------------- Invoking toplevel() on ptolemy.moml.MoMLSimpleApplication@941c72b
----------------- Done invoking toplevel() on ptolemy.moml.MoMLSimpleApplication@941c72b
reloadAllAccessors: .Const3

===========================================================================================
----------------- testing Fri Jan 03 00:44:19 UTC 2020 /home/travis/build/icyphy/ptII/ptolemy/actor/lib/test/auto/ConstantPublisherPort1.xml
----------------- Instantiating /home/travis/build/icyphy/ptII/ptolemy/actor/lib/test/auto/ConstantPublisherPort1.xml
8 ms. Memory: 495616K Free: 392032K (79%)
----------------- Invoking toplevel() on ptolemy.moml.MoMLSimpleApplication@2196e322
----------------- Done invoking toplevel() on ptolemy.moml.MoMLSimpleApplication@2196e322
reloadAllAccessors: .ConstantPublisherPort1

===========================================================================================
----------------- testing Fri Jan 03 00:44:19 UTC 2020 /home/travis/build/icyphy/ptII/ptolemy/actor/lib/test/auto/ConstantPublisherPort2.xml
----------------- Instantiating /home/travis/build/icyphy/ptII/ptolemy/actor/lib/test/auto/ConstantPublisherPort2.xml
11 ms. Memory: 495616K Free: 384864K (78%)
----------------- Invoking toplevel() on ptolemy.moml.MoMLSimpleApplication@6f4067b
----------------- Done invoking toplevel() on ptolemy.moml.MoMLSimpleApplication@6f4067b
reloadAllAccessors: .ConstantPublisherPort2

===========================================================================================
----------------- testing Fri Jan 03 00:44:19 UTC 2020 /home/travis/build/icyphy/ptII/ptolemy/actor/lib/test/auto/ConstantPublisherPort3.xml
----------------- Instantiating /home/travis/build/icyphy/ptII/ptolemy/actor/lib/test/auto/ConstantPublisherPort3.xml
8 ms. Memory: 495616K Free: 377186K (76%)
----------------- Invoking toplevel() on ptolemy.moml.MoMLSimpleApplication@40d60a65
----------------- Done invoking toplevel() on ptolemy.moml.MoMLSimpleApplication@40d60a65
reloadAllAccessors: .ConstantPublisherPort3

===========================================================================================
----------------- testing Fri Jan 03 00:44:19 UTC 2020 /home/travis/build/icyphy/ptII/ptolemy/actor/lib/test/auto/ConstantPublisherPort4.xml
----------------- Instantiating /home/travis/build/icyphy/ptII/ptolemy/actor/lib/test/auto/ConstantPublisherPort4.xml
3 ms. Memory: 495616K Free: 370018K (75%)
----------------- Invoking toplevel() on ptolemy.moml.MoMLSimpleApplication@1a8183c7
----------------- Done invoking toplevel() on ptolemy.moml.MoMLSimpleApplication@1a8183c7
reloadAllAccessors: .ConstantPublisherPort4

===========================================================================================
----------------- testing Fri Jan 03 00:44:19 UTC 2020 /home/travis/build/icyphy/ptII/ptolemy/actor/lib/test/auto/ConstantPublisherPort5.xml
----------------- Instantiating /home/travis/build/icyphy/ptII/ptolemy/actor/lib/test/auto/ConstantPublisherPort5.xml
27 ms. Memory: 495616K Free: 360802K (73%)
----------------- Invoking toplevel() on ptolemy.moml.MoMLSimpleApplication@3ee1311b
----------------- Done invoking toplevel() on ptolemy.moml.MoMLSimpleApplication@3ee1311b
reloadAllAccessors: .ConstantPublisherPort5

===========================================================================================
----------------- testing Fri Jan 03 00:44:19 UTC 2020 /home/travis/build/icyphy/ptII/ptolemy/actor/lib/test/auto/ConstantPublisherPort6.xml
----------------- Instantiating /home/travis/build/icyphy/ptII/ptolemy/actor/lib/test/auto/ConstantPublisherPort6.xml
17 ms. Memory: 495616K Free: 351586K (71%)
----------------- Invoking toplevel() on ptolemy.moml.MoMLSimpleApplication@769089a4
----------------- Done invoking toplevel() on ptolemy.moml.MoMLSimpleApplication@769089a4
reloadAllAccessors: .ConstantPublisherPort6

===========================================================================================
----------------- testing Fri Jan 03 00:44:19 UTC 2020 /home/travis/build/icyphy/ptII/ptolemy/actor/lib/test/auto/ConstantPublisherPort7.xml
----------------- Instantiating /home/travis/build/icyphy/ptII/ptolemy/actor/lib/test/auto/ConstantPublisherPort7.xml
17 ms. Memory: 495616K Free: 342370K (69%)
----------------- Invoking toplevel() on ptolemy.moml.MoMLSimpleApplication@46948978
----------------- Done invoking toplevel() on ptolemy.moml.MoMLSimpleApplication@46948978
reloadAllAccessors: .ConstantPublisherPort7

===========================================================================================
----------------- testing Fri Jan 03 00:44:19 UTC 2020 /home/travis/build/icyphy/ptII/ptolemy/actor/lib/test/auto/ConstraintMonitor1.xml
----------------- Instantiating /home/travis/build/icyphy/ptII/ptolemy/actor/lib/test/auto/ConstraintMonitor1.xml
6 ms. Memory: 495616K Free: 337760K (68%)
----------------- Invoking toplevel() on ptolemy.moml.MoMLSimpleApplication@2972adf5
----------------- Done invoking toplevel() on ptolemy.moml.MoMLSimpleApplication@2972adf5
reloadAllAccessors: .ConstraintMonitor1

===========================================================================================
----------------- testing Fri Jan 03 00:44:20 UTC 2020 /home/travis/build/icyphy/ptII/ptolemy/actor/lib/test/auto/ConstraintMonitor2.xml
----------------- Instantiating /home/travis/build/icyphy/ptII/ptolemy/actor/lib/test/auto/ConstraintMonitor2.xml
5 ms. Memory: 495616K Free: 333154K (67%)
----------------- Invoking toplevel() on ptolemy.moml.MoMLSimpleApplication@65d0a5b5
----------------- Done invoking toplevel() on ptolemy.moml.MoMLSimpleApplication@65d0a5b5
reloadAllAccessors: .ConstraintMonitor2

===========================================================================================
----------------- testing Fri Jan 03 00:44:20 UTC 2020 /home/travis/build/icyphy/ptII/ptolemy/actor/lib/test/auto/ConstraintMonitor3.xml
----------------- Instantiating /home/travis/build/icyphy/ptII/ptolemy/actor/lib/test/auto/ConstraintMonitor3.xml
3 ms. Memory: 495616K Free: 328034K (66%)
----------------- Invoking toplevel() on ptolemy.moml.MoMLSimpleApplication@7d1028dd
----------------- Done invoking toplevel() on ptolemy.moml.MoMLSimpleApplication@7d1028dd
reloadAllAccessors: .ConstraintMonitor3

===========================================================================================
----------------- testing Fri Jan 03 00:44:20 UTC 2020 /home/travis/build/icyphy/ptII/ptolemy/actor/lib/test/auto/ConstraintMonitor4.xml
----------------- Instantiating /home/travis/build/icyphy/ptII/ptolemy/actor/lib/test/auto/ConstraintMonitor4.xml
1 ms. Memory: 495616K Free: 323424K (65%)
----------------- Invoking toplevel() on ptolemy.moml.MoMLSimpleApplication@1c9752ac
----------------- Done invoking toplevel() on ptolemy.moml.MoMLSimpleApplication@1c9752ac
reloadAllAccessors: .ConstraintMonitor4

===========================================================================================
----------------- testing Fri Jan 03 00:44:20 UTC 2020 /home/travis/build/icyphy/ptII/ptolemy/actor/lib/test/auto/ConstraintMonitor5.xml
----------------- Instantiating /home/travis/build/icyphy/ptII/ptolemy/actor/lib/test/auto/ConstraintMonitor5.xml
6 ms. Memory: 495616K Free: 317794K (64%)
----------------- Invoking toplevel() on ptolemy.moml.MoMLSimpleApplication@e742f0
----------------- Done invoking toplevel() on ptolemy.moml.MoMLSimpleApplication@e742f0
reloadAllAccessors: .ConstraintMonitor5

===========================================================================================
----------------- testing Fri Jan 03 00:44:20 UTC 2020 /home/travis/build/icyphy/ptII/ptolemy/actor/lib/test/auto/ConstraintMonitor6.xml
----------------- Instantiating /home/travis/build/icyphy/ptII/ptolemy/actor/lib/test/auto/ConstraintMonitor6.xml
9 ms. Memory: 495616K Free: 311650K (63%)
----------------- Invoking toplevel() on ptolemy.moml.MoMLSimpleApplication@77b0b49f
----------------- Done invoking toplevel() on ptolemy.moml.MoMLSimpleApplication@77b0b49f
reloadAllAccessors: .ConstraintMonitor6

===========================================================================================
----------------- testing Fri Jan 03 00:44:20 UTC 2020 /home/travis/build/icyphy/ptII/ptolemy/actor/lib/test/auto/ConstraintMonitor7.xml
----------------- Instantiating /home/travis/build/icyphy/ptII/ptolemy/actor/lib/test/auto/ConstraintMonitor7.xml
6 ms. Memory: 495616K Free: 306002K (62%)
----------------- Invoking toplevel() on ptolemy.moml.MoMLSimpleApplication@42fb7747
----------------- Done invoking toplevel() on ptolemy.moml.MoMLSimpleApplication@42fb7747
reloadAllAccessors: .ConstraintMonitor7

===========================================================================================
----------------- testing Fri Jan 03 00:44:20 UTC 2020 /home/travis/build/icyphy/ptII/ptolemy/actor/lib/test/auto/ConstraintMonitor8.xml
----------------- Instantiating /home/travis/build/icyphy/ptII/ptolemy/actor/lib/test/auto/ConstraintMonitor8.xml
4 ms. Memory: 495616K Free: 298338K (60%)
----------------- Invoking toplevel() on ptolemy.moml.MoMLSimpleApplication@6e15dcd8
----------------- Done invoking toplevel() on ptolemy.moml.MoMLSimpleApplication@6e15dcd8
reloadAllAccessors: .ConstraintMonitor8

===========================================================================================
----------------- testing Fri Jan 03 00:44:20 UTC 2020 /home/travis/build/icyphy/ptII/ptolemy/actor/lib/test/auto/Counter.xml
----------------- Instantiating /home/travis/build/icyphy/ptII/ptolemy/actor/lib/test/auto/Counter.xml
2 ms. Memory: 495616K Free: 293728K (59%)
----------------- Invoking toplevel() on ptolemy.moml.MoMLSimpleApplication@b4160a0
----------------- Done invoking toplevel() on ptolemy.moml.MoMLSimpleApplication@b4160a0
reloadAllAccessors: .Counter

===========================================================================================
----------------- testing Fri Jan 03 00:44:20 UTC 2020 /home/travis/build/icyphy/ptII/ptolemy/actor/lib/test/auto/CurrentTimeSDF.xml
----------------- Instantiating /home/travis/build/icyphy/ptII/ptolemy/actor/lib/test/auto/CurrentTimeSDF.xml
2 ms. Memory: 495616K Free: 289632K (58%)
----------------- Invoking toplevel() on ptolemy.moml.MoMLSimpleApplication@1ff75301
----------------- Done invoking toplevel() on ptolemy.moml.MoMLSimpleApplication@1ff75301
reloadAllAccessors: .CurrentTimeSDF

===========================================================================================
----------------- testing Fri Jan 03 00:44:20 UTC 2020 /home/travis/build/icyphy/ptII/ptolemy/actor/lib/test/auto/DB.xml
----------------- Instantiating /home/travis/build/icyphy/ptII/ptolemy/actor/lib/test/auto/DB.xml
2 ms. Memory: 495616K Free: 284002K (57%)
----------------- Invoking toplevel() on ptolemy.moml.MoMLSimpleApplication@a53bf80
----------------- Done invoking toplevel() on ptolemy.moml.MoMLSimpleApplication@a53bf80
reloadAllAccessors: .DB

===========================================================================================
----------------- testing Fri Jan 03 00:44:20 UTC 2020 /home/travis/build/icyphy/ptII/ptolemy/actor/lib/test/auto/DBDE.xml
----------------- Instantiating /home/travis/build/icyphy/ptII/ptolemy/actor/lib/test/auto/DBDE.xml
2 ms. Memory: 495616K Free: 278338K (56%)
----------------- Invoking toplevel() on ptolemy.moml.MoMLSimpleApplication@488f7855
----------------- Done invoking toplevel() on ptolemy.moml.MoMLSimpleApplication@488f7855
reloadAllAccessors: .DBDE

===========================================================================================
----------------- testing Fri Jan 03 00:44:20 UTC 2020 /home/travis/build/icyphy/ptII/ptolemy/actor/lib/test/auto/DateConstructor.xml
----------------- Instantiating /home/travis/build/icyphy/ptII/ptolemy/actor/lib/test/auto/DateConstructor.xml
47 ms. Memory: 495616K Free: 260450K (53%)
----------------- Invoking toplevel() on ptolemy.moml.MoMLSimpleApplication@582b718b
----------------- Done invoking toplevel() on ptolemy.moml.MoMLSimpleApplication@582b718b
reloadAllAccessors: .DateConstructor

===========================================================================================
----------------- testing Fri Jan 03 00:44:20 UTC 2020 /home/travis/build/icyphy/ptII/ptolemy/actor/lib/test/auto/DelayTime.xml
----------------- Instantiating /home/travis/build/icyphy/ptII/ptolemy/actor/lib/test/auto/DelayTime.xml
6 ms. Memory: 495616K Free: 255330K (52%)
----------------- Invoking toplevel() on ptolemy.moml.MoMLSimpleApplication@33dd0815
----------------- Done invoking toplevel() on ptolemy.moml.MoMLSimpleApplication@33dd0815
reloadAllAccessors: .DelayTime

===========================================================================================
----------------- testing Fri Jan 03 00:44:20 UTC 2020 /home/travis/build/icyphy/ptII/ptolemy/actor/lib/test/auto/Dictionary1.xml
----------------- Instantiating /home/travis/build/icyphy/ptII/ptolemy/actor/lib/test/auto/Dictionary1.xml
2 ms. Memory: 495616K Free: 250210K (50%)
----------------- Invoking toplevel() on ptolemy.moml.MoMLSimpleApplication@52c6beaf
----------------- Done invoking toplevel() on ptolemy.moml.MoMLSimpleApplication@52c6beaf
reloadAllAccessors: .Dictionary1

===========================================================================================
----------------- testing Fri Jan 03 00:44:20 UTC 2020 /home/travis/build/icyphy/ptII/ptolemy/actor/lib/test/auto/Dictionary2.xml
----------------- Instantiating /home/travis/build/icyphy/ptII/ptolemy/actor/lib/test/auto/Dictionary2.xml
2 ms. Memory: 495616K Free: 244576K (49%)
----------------- Invoking toplevel() on ptolemy.moml.MoMLSimpleApplication@19b306b1
----------------- Done invoking toplevel() on ptolemy.moml.MoMLSimpleApplication@19b306b1
reloadAllAccessors: .Dictionary2

===========================================================================================
----------------- testing Fri Jan 03 00:44:20 UTC 2020 /home/travis/build/icyphy/ptII/ptolemy/actor/lib/test/auto/Dictionary3.xml
----------------- Instantiating /home/travis/build/icyphy/ptII/ptolemy/actor/lib/test/auto/Dictionary3.xml
1 ms. Memory: 495616K Free: 238946K (48%)
----------------- Invoking toplevel() on ptolemy.moml.MoMLSimpleApplication@37a30b6e
----------------- Done invoking toplevel() on ptolemy.moml.MoMLSimpleApplication@37a30b6e
reloadAllAccessors: .Dictionary3

===========================================================================================
----------------- testing Fri Jan 03 00:44:20 UTC 2020 /home/travis/build/icyphy/ptII/ptolemy/actor/lib/test/auto/Dictionary4.xml
----------------- Instantiating /home/travis/build/icyphy/ptII/ptolemy/actor/lib/test/auto/Dictionary4.xml
4 ms. Memory: 495616K Free: 231778K (47%)
----------------- Invoking toplevel() on ptolemy.moml.MoMLSimpleApplication@2d9b81a2
----------------- Done invoking toplevel() on ptolemy.moml.MoMLSimpleApplication@2d9b81a2
reloadAllAccessors: .Dictionary4

===========================================================================================
----------------- testing Fri Jan 03 00:44:20 UTC 2020 /home/travis/build/icyphy/ptII/ptolemy/actor/lib/test/auto/Differential.xml
----------------- Instantiating /home/travis/build/icyphy/ptII/ptolemy/actor/lib/test/auto/Differential.xml
3 ms. Memory: 495616K Free: 227682K (46%)
----------------- Invoking toplevel() on ptolemy.moml.MoMLSimpleApplication@4e5af868
----------------- Done invoking toplevel() on ptolemy.moml.MoMLSimpleApplication@4e5af868
reloadAllAccessors: .Differential

===========================================================================================
----------------- testing Fri Jan 03 00:44:20 UTC 2020 /home/travis/build/icyphy/ptII/ptolemy/actor/lib/test/auto/Director.xml
----------------- Instantiating /home/travis/build/icyphy/ptII/ptolemy/actor/lib/test/auto/Director.xml
3 ms. Memory: 495616K Free: 224096K (45%)
----------------- Invoking toplevel() on ptolemy.moml.MoMLSimpleApplication@331b5ce9
----------------- Done invoking toplevel() on ptolemy.moml.MoMLSimpleApplication@331b5ce9
reloadAllAccessors: .Director

===========================================================================================
----------------- testing Fri Jan 03 00:44:20 UTC 2020 /home/travis/build/icyphy/ptII/ptolemy/actor/lib/test/auto/DiscreteClock.xml
----------------- Instantiating /home/travis/build/icyphy/ptII/ptolemy/actor/lib/test/auto/DiscreteClock.xml
2 ms. Memory: 495616K Free: 220000K (44%)
----------------- Invoking toplevel() on ptolemy.moml.MoMLSimpleApplication@64156dcc
----------------- Done invoking toplevel() on ptolemy.moml.MoMLSimpleApplication@64156dcc
reloadAllAccessors: .DiscreteClock

===========================================================================================
----------------- testing Fri Jan 03 00:44:20 UTC 2020 /home/travis/build/icyphy/ptII/ptolemy/actor/lib/test/auto/DiscreteClock10.xml
----------------- Instantiating /home/travis/build/icyphy/ptII/ptolemy/actor/lib/test/auto/DiscreteClock10.xml
3 ms. Memory: 495616K Free: 214370K (43%)
----------------- Invoking toplevel() on ptolemy.moml.MoMLSimpleApplication@178ffb77
----------------- Done invoking toplevel() on ptolemy.moml.MoMLSimpleApplication@178ffb77
reloadAllAccessors: .DiscreteClock10

===========================================================================================
----------------- testing Fri Jan 03 00:44:20 UTC 2020 /home/travis/build/icyphy/ptII/ptolemy/actor/lib/test/auto/DiscreteClock11.xml
----------------- Instantiating /home/travis/build/icyphy/ptII/ptolemy/actor/lib/test/auto/DiscreteClock11.xml
2 ms. Memory: 495616K Free: 208226K (42%)
----------------- Invoking toplevel() on ptolemy.moml.MoMLSimpleApplication@39ad79d
----------------- Done invoking toplevel() on ptolemy.moml.MoMLSimpleApplication@39ad79d
reloadAllAccessors: .DiscreteClock11

===========================================================================================
----------------- testing Fri Jan 03 00:44:20 UTC 2020 /home/travis/build/icyphy/ptII/ptolemy/actor/lib/test/auto/DiscreteClock12.xml
----------------- Instantiating /home/travis/build/icyphy/ptII/ptolemy/actor/lib/test/auto/DiscreteClock12.xml
3 ms. Memory: 495616K Free: 202082K (41%)
----------------- Invoking toplevel() on ptolemy.moml.MoMLSimpleApplication@3efc2901
----------------- Done invoking toplevel() on ptolemy.moml.MoMLSimpleApplication@3efc2901
reloadAllAccessors: .DiscreteClock12

===========================================================================================
----------------- testing Fri Jan 03 00:44:20 UTC 2020 /home/travis/build/icyphy/ptII/ptolemy/actor/lib/test/auto/DiscreteClock13.xml
----------------- Instantiating /home/travis/build/icyphy/ptII/ptolemy/actor/lib/test/auto/DiscreteClock13.xml
2 ms. Memory: 495616K Free: 195938K (40%)
----------------- Invoking toplevel() on ptolemy.moml.MoMLSimpleApplication@20e6957f
----------------- Done invoking toplevel() on ptolemy.moml.MoMLSimpleApplication@20e6957f
reloadAllAccessors: .DiscreteClock13

===========================================================================================
----------------- testing Fri Jan 03 00:44:20 UTC 2020 /home/travis/build/icyphy/ptII/ptolemy/actor/lib/test/auto/DiscreteClock14.xml
----------------- Instantiating /home/travis/build/icyphy/ptII/ptolemy/actor/lib/test/auto/DiscreteClock14.xml
3 ms. Memory: 495616K Free: 190274K (38%)
----------------- Invoking toplevel() on ptolemy.moml.MoMLSimpleApplication@3b46cbc4
----------------- Done invoking toplevel() on ptolemy.moml.MoMLSimpleApplication@3b46cbc4
reloadAllAccessors: .DiscreteClock14

===========================================================================================
----------------- testing Fri Jan 03 00:44:20 UTC 2020 /home/travis/build/icyphy/ptII/ptolemy/actor/lib/test/auto/DiscreteClock15.xml
----------------- Instantiating /home/travis/build/icyphy/ptII/ptolemy/actor/lib/test/auto/DiscreteClock15.xml
8 ms. Memory: 495616K Free: 443730K (90%)
----------------- Invoking toplevel() on ptolemy.moml.MoMLSimpleApplication@47ed64f9
----------------- Done invoking toplevel() on ptolemy.moml.MoMLSimpleApplication@47ed64f9
reloadAllAccessors: .DiscreteClock15

===========================================================================================
----------------- testing Fri Jan 03 00:44:20 UTC 2020 /home/travis/build/icyphy/ptII/ptolemy/actor/lib/test/auto/DiscreteClock16.xml
----------------- Instantiating /home/travis/build/icyphy/ptII/ptolemy/actor/lib/test/auto/DiscreteClock16.xml
17 ms. Memory: 495616K Free: 429922K (87%)
----------------- Invoking toplevel() on ptolemy.moml.MoMLSimpleApplication@3b5877b5
----------------- Done invoking toplevel() on ptolemy.moml.MoMLSimpleApplication@3b5877b5
reloadAllAccessors: .DiscreteClock16

===========================================================================================
----------------- testing Fri Jan 03 00:44:20 UTC 2020 /home/travis/build/icyphy/ptII/ptolemy/actor/lib/test/auto/DiscreteClock17.xml
----------------- Instantiating /home/travis/build/icyphy/ptII/ptolemy/actor/lib/test/auto/DiscreteClock17.xml
17 ms. Memory: 495616K Free: 415554K (84%)
----------------- Invoking toplevel() on ptolemy.moml.MoMLSimpleApplication@7e22d7d3
----------------- Done invoking toplevel() on ptolemy.moml.MoMLSimpleApplication@7e22d7d3
reloadAllAccessors: .DiscreteClock17

===========================================================================================
----------------- testing Fri Jan 03 00:44:20 UTC 2020 /home/travis/build/icyphy/ptII/ptolemy/actor/lib/test/auto/DiscreteClock18.xml
----------------- Instantiating /home/travis/build/icyphy/ptII/ptolemy/actor/lib/test/auto/DiscreteClock18.xml
24 ms. Memory: 495616K Free: 401760K (81%)
----------------- Invoking toplevel() on ptolemy.moml.MoMLSimpleApplication@50990e9a
----------------- Done invoking toplevel() on ptolemy.moml.MoMLSimpleApplication@50990e9a
reloadAllAccessors: .DiscreteClock18

===========================================================================================
----------------- testing Fri Jan 03 00:44:20 UTC 2020 /home/travis/build/icyphy/ptII/ptolemy/actor/lib/test/auto/DiscreteClock19.xml
----------------- Instantiating /home/travis/build/icyphy/ptII/ptolemy/actor/lib/test/auto/DiscreteClock19.xml
18 ms. Memory: 495616K Free: 387938K (78%)
----------------- Invoking toplevel() on ptolemy.moml.MoMLSimpleApplication@54e1cd06
----------------- Done invoking toplevel() on ptolemy.moml.MoMLSimpleApplication@54e1cd06
reloadAllAccessors: .DiscreteClock19

===========================================================================================
----------------- testing Fri Jan 03 00:44:20 UTC 2020 /home/travis/build/icyphy/ptII/ptolemy/actor/lib/test/auto/DiscreteClock2.xml
----------------- Instantiating /home/travis/build/icyphy/ptII/ptolemy/actor/lib/test/auto/DiscreteClock2.xml
3 ms. Memory: 495616K Free: 383314K (77%)
----------------- Invoking toplevel() on ptolemy.moml.MoMLSimpleApplication@7649b393
----------------- Done invoking toplevel() on ptolemy.moml.MoMLSimpleApplication@7649b393
reloadAllAccessors: .DiscreteClock2

===========================================================================================
----------------- testing Fri Jan 03 00:44:20 UTC 2020 /home/travis/build/icyphy/ptII/ptolemy/actor/lib/test/auto/DiscreteClock20.xml
----------------- Instantiating /home/travis/build/icyphy/ptII/ptolemy/actor/lib/test/auto/DiscreteClock20.xml
11 ms. Memory: 495616K Free: 377698K (76%)
----------------- Invoking toplevel() on ptolemy.moml.MoMLSimpleApplication@7515bc66
----------------- Done invoking toplevel() on ptolemy.moml.MoMLSimpleApplication@7515bc66
reloadAllAccessors: .DiscreteClock20

===========================================================================================
----------------- testing Fri Jan 03 00:44:20 UTC 2020 /home/travis/build/icyphy/ptII/ptolemy/actor/lib/test/auto/DiscreteClock21.xml
----------------- Instantiating /home/travis/build/icyphy/ptII/ptolemy/actor/lib/test/auto/DiscreteClock21.xml
4 ms. Memory: 495616K Free: 372064K (75%)
----------------- Invoking toplevel() on ptolemy.moml.MoMLSimpleApplication@3490085b
----------------- Done invoking toplevel() on ptolemy.moml.MoMLSimpleApplication@3490085b
reloadAllAccessors: .DiscreteClock21

===========================================================================================
----------------- testing Fri Jan 03 00:44:20 UTC 2020 /home/travis/build/icyphy/ptII/ptolemy/actor/lib/test/auto/DiscreteClock22.xml
----------------- Instantiating /home/travis/build/icyphy/ptII/ptolemy/actor/lib/test/auto/DiscreteClock22.xml
4 ms. Memory: 495616K Free: 366434K (74%)
----------------- Invoking toplevel() on ptolemy.moml.MoMLSimpleApplication@2667806e
----------------- Done invoking toplevel() on ptolemy.moml.MoMLSimpleApplication@2667806e
reloadAllAccessors: .DiscreteClock22

===========================================================================================
----------------- testing Fri Jan 03 00:44:20 UTC 2020 /home/travis/build/icyphy/ptII/ptolemy/actor/lib/test/auto/DiscreteClock23.xml
----------------- Instantiating /home/travis/build/icyphy/ptII/ptolemy/actor/lib/test/auto/DiscreteClock23.xml
9 ms. Memory: 495616K Free: 361314K (73%)
----------------- Invoking toplevel() on ptolemy.moml.MoMLSimpleApplication@58292cc0
----------------- Done invoking toplevel() on ptolemy.moml.MoMLSimpleApplication@58292cc0
reloadAllAccessors: .DiscreteClock23

===========================================================================================
----------------- testing Fri Jan 03 00:44:20 UTC 2020 /home/travis/build/icyphy/ptII/ptolemy/actor/lib/test/auto/DiscreteClock24.xml
----------------- Instantiating /home/travis/build/icyphy/ptII/ptolemy/actor/lib/test/auto/DiscreteClock24.xml
4 ms. Memory: 495616K Free: 355680K (72%)
----------------- Invoking toplevel() on ptolemy.moml.MoMLSimpleApplication@c6b4f47
----------------- Done invoking toplevel() on ptolemy.moml.MoMLSimpleApplication@c6b4f47
reloadAllAccessors: .DiscreteClock24

===========================================================================================
----------------- testing Fri Jan 03 00:44:20 UTC 2020 /home/travis/build/icyphy/ptII/ptolemy/actor/lib/test/auto/DiscreteClock4.xml
----------------- Instantiating /home/travis/build/icyphy/ptII/ptolemy/actor/lib/test/auto/DiscreteClock4.xml
4 ms. Memory: 495616K Free: 350050K (71%)
----------------- Invoking toplevel() on ptolemy.moml.MoMLSimpleApplication@c0f3cb3
----------------- Done invoking toplevel() on ptolemy.moml.MoMLSimpleApplication@c0f3cb3
reloadAllAccessors: .DiscreteClock4

===========================================================================================
----------------- testing Fri Jan 03 00:44:21 UTC 2020 /home/travis/build/icyphy/ptII/ptolemy/actor/lib/test/auto/DiscreteClock5.xml
----------------- Instantiating /home/travis/build/icyphy/ptII/ptolemy/actor/lib/test/auto/DiscreteClock5.xml
2 ms. Memory: 495616K Free: 344402K (69%)
----------------- Invoking toplevel() on ptolemy.moml.MoMLSimpleApplication@3fe3582a
----------------- Done invoking toplevel() on ptolemy.moml.MoMLSimpleApplication@3fe3582a
reloadAllAccessors: .DiscreteClock5

===========================================================================================
----------------- testing Fri Jan 03 00:44:21 UTC 2020 /home/travis/build/icyphy/ptII/ptolemy/actor/lib/test/auto/DiscreteClock6.xml
----------------- Instantiating /home/travis/build/icyphy/ptII/ptolemy/actor/lib/test/auto/DiscreteClock6.xml
1 ms. Memory: 495616K Free: 340834K (69%)
----------------- Invoking toplevel() on ptolemy.moml.MoMLSimpleApplication@10b7a3e4
----------------- Done invoking toplevel() on ptolemy.moml.MoMLSimpleApplication@10b7a3e4
reloadAllAccessors: .DiscreteClock6

===========================================================================================
----------------- testing Fri Jan 03 00:44:21 UTC 2020 /home/travis/build/icyphy/ptII/ptolemy/actor/lib/test/auto/DiscreteClock7.xml
----------------- Instantiating /home/travis/build/icyphy/ptII/ptolemy/actor/lib/test/auto/DiscreteClock7.xml
2 ms. Memory: 495616K Free: 336224K (68%)
----------------- Invoking toplevel() on ptolemy.moml.MoMLSimpleApplication@2cfe4b88
----------------- Done invoking toplevel() on ptolemy.moml.MoMLSimpleApplication@2cfe4b88
reloadAllAccessors: .DiscreteClock7

===========================================================================================
----------------- testing Fri Jan 03 00:44:21 UTC 2020 /home/travis/build/icyphy/ptII/ptolemy/actor/lib/test/auto/DiscreteClock8.xml
----------------- Instantiating /home/travis/build/icyphy/ptII/ptolemy/actor/lib/test/auto/DiscreteClock8.xml
3 ms. Memory: 495616K Free: 330594K (67%)
----------------- Invoking toplevel() on ptolemy.moml.MoMLSimpleApplication@6cf76485
----------------- Done invoking toplevel() on ptolemy.moml.MoMLSimpleApplication@6cf76485
reloadAllAccessors: .DiscreteClock8

===========================================================================================
----------------- testing Fri Jan 03 00:44:21 UTC 2020 /home/travis/build/icyphy/ptII/ptolemy/actor/lib/test/auto/DiscreteClock9.xml
----------------- Instantiating /home/travis/build/icyphy/ptII/ptolemy/actor/lib/test/auto/DiscreteClock9.xml
4 ms. Memory: 495616K Free: 324450K (65%)
----------------- Invoking toplevel() on ptolemy.moml.MoMLSimpleApplication@78c3a96b
----------------- Done invoking toplevel() on ptolemy.moml.MoMLSimpleApplication@78c3a96b
reloadAllAccessors: .DiscreteClock9

===========================================================================================
----------------- testing Fri Jan 03 00:44:21 UTC 2020 /home/travis/build/icyphy/ptII/ptolemy/actor/lib/test/auto/DisplayArray.xml
----------------- Instantiating /home/travis/build/icyphy/ptII/ptolemy/actor/lib/test/auto/DisplayArray.xml
1 ms. Memory: 495616K Free: 320864K (65%)
----------------- Invoking toplevel() on ptolemy.moml.MoMLSimpleApplication@3f07c924
----------------- Done invoking toplevel() on ptolemy.moml.MoMLSimpleApplication@3f07c924
reloadAllAccessors: .DisplayArray

===========================================================================================
----------------- testing Fri Jan 03 00:44:21 UTC 2020 /home/travis/build/icyphy/ptII/ptolemy/actor/lib/test/auto/Distributor.xml
----------------- Instantiating /home/travis/build/icyphy/ptII/ptolemy/actor/lib/test/auto/Distributor.xml
2 ms. Memory: 495616K Free: 316258K (64%)
----------------- Invoking toplevel() on ptolemy.moml.MoMLSimpleApplication@279a91e
----------------- Done invoking toplevel() on ptolemy.moml.MoMLSimpleApplication@279a91e
reloadAllAccessors: .Distributor

===========================================================================================
----------------- testing Fri Jan 03 00:44:21 UTC 2020 /home/travis/build/icyphy/ptII/ptolemy/actor/lib/test/auto/Distributor2.xml
----------------- Instantiating /home/travis/build/icyphy/ptII/ptolemy/actor/lib/test/auto/Distributor2.xml
1 ms. Memory: 495616K Free: 311648K (63%)
----------------- Invoking toplevel() on ptolemy.moml.MoMLSimpleApplication@154f0e50
----------------- Done invoking toplevel() on ptolemy.moml.MoMLSimpleApplication@154f0e50
reloadAllAccessors: .Distributor2

===========================================================================================
----------------- testing Fri Jan 03 00:44:21 UTC 2020 /home/travis/build/icyphy/ptII/ptolemy/actor/lib/test/auto/DownSample.xml
----------------- Instantiating /home/travis/build/icyphy/ptII/ptolemy/actor/lib/test/auto/DownSample.xml
2 ms. Memory: 495616K Free: 307042K (62%)
----------------- Invoking toplevel() on ptolemy.moml.MoMLSimpleApplication@11d3b10c
----------------- Done invoking toplevel() on ptolemy.moml.MoMLSimpleApplication@11d3b10c
reloadAllAccessors: .DownSample

===========================================================================================
----------------- testing Fri Jan 03 00:44:21 UTC 2020 /home/travis/build/icyphy/ptII/ptolemy/actor/lib/test/auto/ElectronicUnitBase1.xml
----------------- Instantiating /home/travis/build/icyphy/ptII/ptolemy/actor/lib/test/auto/ElectronicUnitBase1.xml
16 ms. Memory: 495616K Free: 290658K (59%)
----------------- Invoking toplevel() on ptolemy.moml.MoMLSimpleApplication@273d34a3
----------------- Done invoking toplevel() on ptolemy.moml.MoMLSimpleApplication@273d34a3
reloadAllAccessors: .ElectronicUnitBase1

===========================================================================================
----------------- testing Fri Jan 03 00:44:21 UTC 2020 /home/travis/build/icyphy/ptII/ptolemy/actor/lib/test/auto/ElementsToArray.xml
----------------- Instantiating /home/travis/build/icyphy/ptII/ptolemy/actor/lib/test/auto/ElementsToArray.xml
3 ms. Memory: 495616K Free: 285538K (58%)
----------------- Invoking toplevel() on ptolemy.moml.MoMLSimpleApplication@11e0c3e
----------------- Done invoking toplevel() on ptolemy.moml.MoMLSimpleApplication@11e0c3e
reloadAllAccessors: .ElementsToArray

===========================================================================================
----------------- testing Fri Jan 03 00:44:21 UTC 2020 /home/travis/build/icyphy/ptII/ptolemy/actor/lib/test/auto/Equals.xml
----------------- Instantiating /home/travis/build/icyphy/ptII/ptolemy/actor/lib/test/auto/Equals.xml
3 ms. Memory: 495616K Free: 281442K (57%)
----------------- Invoking toplevel() on ptolemy.moml.MoMLSimpleApplication@17a23cc
----------------- Done invoking toplevel() on ptolemy.moml.MoMLSimpleApplication@17a23cc
reloadAllAccessors: .Equals

===========================================================================================
----------------- testing Fri Jan 03 00:44:21 UTC 2020 /home/travis/build/icyphy/ptII/ptolemy/actor/lib/test/auto/Exec.xml
----------------- Instantiating /home/travis/build/icyphy/ptII/ptolemy/actor/lib/test/auto/Exec.xml
18 ms. Memory: 495616K Free: 275808K (56%)
----------------- Invoking toplevel() on ptolemy.moml.MoMLSimpleApplication@6a3adf88
----------------- Done invoking toplevel() on ptolemy.moml.MoMLSimpleApplication@6a3adf88
reloadAllAccessors: .Exec

===========================================================================================
----------------- testing Fri Jan 03 00:44:21 UTC 2020 /home/travis/build/icyphy/ptII/ptolemy/actor/lib/test/auto/ExecEnvironment.xml
----------------- Instantiating /home/travis/build/icyphy/ptII/ptolemy/actor/lib/test/auto/ExecEnvironment.xml
20 ms. Memory: 495616K Free: 270674K (55%)
----------------- Invoking toplevel() on ptolemy.moml.MoMLSimpleApplication@105023ce
----------------- Done invoking toplevel() on ptolemy.moml.MoMLSimpleApplication@105023ce
reloadAllAccessors: .ExecEnvironment

===========================================================================================
----------------- testing Fri Jan 03 00:44:21 UTC 2020 /home/travis/build/icyphy/ptII/ptolemy/actor/lib/test/auto/ExecNonZeroReturnOutput.xml
----------------- Instantiating /home/travis/build/icyphy/ptII/ptolemy/actor/lib/test/auto/ExecNonZeroReturnOutput.xml
160 ms. Memory: 495616K Free: 259424K (52%)
----------------- Invoking toplevel() on ptolemy.moml.MoMLSimpleApplication@79c21630
----------------- Done invoking toplevel() on ptolemy.moml.MoMLSimpleApplication@79c21630
reloadAllAccessors: .ExecNonZeroReturnOutput

===========================================================================================
----------------- testing Fri Jan 03 00:44:21 UTC 2020 /home/travis/build/icyphy/ptII/ptolemy/actor/lib/test/auto/ExecRunDemos.xml
----------------- Instantiating /home/travis/build/icyphy/ptII/ptolemy/actor/lib/test/auto/ExecRunDemos.xml
Finished: 71 ms. Memory: 129024K Free: 113512K (88%)

Finished: 65 ms. Memory: 129024K Free: 110470K (86%)

Finished: 91 ms. Memory: 129024K Free: 110850K (86%)

Finished: 86 ms. Memory: 129024K Free: 112463K (87%)

Finished: 54 ms. Memory: 129024K Free: 112872K (87%)

10507 ms. Memory: 495616K Free: 238432K (48%)
----------------- Invoking toplevel() on ptolemy.moml.MoMLSimpleApplication@e8abab
----------------- Done invoking toplevel() on ptolemy.moml.MoMLSimpleApplication@e8abab
reloadAllAccessors: .ExecRunDemos

===========================================================================================
----------------- testing Fri Jan 03 00:44:32 UTC 2020 /home/travis/build/icyphy/ptII/ptolemy/actor/lib/test/auto/ExecStop.xml
----------------- Instantiating /home/travis/build/icyphy/ptII/ptolemy/actor/lib/test/auto/ExecStop.xml
5020 ms. Memory: 495616K Free: 373344K (75%)
----------------- Invoking toplevel() on ptolemy.moml.MoMLSimpleApplication@49e72578
----------------- Done invoking toplevel() on ptolemy.moml.MoMLSimpleApplication@49e72578
reloadAllAccessors: .ExecStop

===========================================================================================
----------------- testing Fri Jan 03 00:44:37 UTC 2020 /home/travis/build/icyphy/ptII/ptolemy/actor/lib/test/auto/ExecutionTimeSDF.xml
----------------- Instantiating /home/travis/build/icyphy/ptII/ptolemy/actor/lib/test/auto/ExecutionTimeSDF.xml
Fired ExecutionTime: -510967296
Fired ExecutionTime: 1334400000
Fired ExecutionTime: -164967296
6006 ms. Memory: 495616K Free: 360290K (73%)

===========================================================================================
----------------- testing Fri Jan 03 00:44:43 UTC 2020 /home/travis/build/icyphy/ptII/ptolemy/actor/lib/test/auto/Expression1.xml
----------------- Instantiating /home/travis/build/icyphy/ptII/ptolemy/actor/lib/test/auto/Expression1.xml
1 ms. Memory: 495616K Free: 356194K (72%)
----------------- Invoking toplevel() on ptolemy.moml.MoMLSimpleApplication@517fc40d
----------------- Done invoking toplevel() on ptolemy.moml.MoMLSimpleApplication@517fc40d
reloadAllAccessors: .Expression1

===========================================================================================
----------------- testing Fri Jan 03 00:44:43 UTC 2020 /home/travis/build/icyphy/ptII/ptolemy/actor/lib/test/auto/Expression10.xml
----------------- Instantiating /home/travis/build/icyphy/ptII/ptolemy/actor/lib/test/auto/Expression10.xml
6 ms. Memory: 495616K Free: 350560K (71%)
----------------- Invoking toplevel() on ptolemy.moml.MoMLSimpleApplication@3f2868cd
----------------- Done invoking toplevel() on ptolemy.moml.MoMLSimpleApplication@3f2868cd
reloadAllAccessors: .Expression10

===========================================================================================
----------------- testing Fri Jan 03 00:44:43 UTC 2020 /home/travis/build/icyphy/ptII/ptolemy/actor/lib/test/auto/Expression11.xml
----------------- Instantiating /home/travis/build/icyphy/ptII/ptolemy/actor/lib/test/auto/Expression11.xml
2 ms. Memory: 495616K Free: 346464K (70%)
----------------- Invoking toplevel() on ptolemy.moml.MoMLSimpleApplication@41358d69
----------------- Done invoking toplevel() on ptolemy.moml.MoMLSimpleApplication@41358d69
reloadAllAccessors: .Expression11

===========================================================================================
----------------- testing Fri Jan 03 00:44:43 UTC 2020 /home/travis/build/icyphy/ptII/ptolemy/actor/lib/test/auto/Expression12.xml
----------------- Instantiating /home/travis/build/icyphy/ptII/ptolemy/actor/lib/test/auto/Expression12.xml
3 ms. Memory: 495616K Free: 340834K (69%)
----------------- Invoking toplevel() on ptolemy.moml.MoMLSimpleApplication@310887fd
----------------- Done invoking toplevel() on ptolemy.moml.MoMLSimpleApplication@310887fd
reloadAllAccessors: .Expression12

===========================================================================================
----------------- testing Fri Jan 03 00:44:43 UTC 2020 /home/travis/build/icyphy/ptII/ptolemy/actor/lib/test/auto/Expression13.xml
----------------- Instantiating /home/travis/build/icyphy/ptII/ptolemy/actor/lib/test/auto/Expression13.xml
3 ms. Memory: 495616K Free: 335714K (68%)
----------------- Invoking toplevel() on ptolemy.moml.MoMLSimpleApplication@48d6c4fb
----------------- Done invoking toplevel() on ptolemy.moml.MoMLSimpleApplication@48d6c4fb
reloadAllAccessors: .Expression13

===========================================================================================
----------------- testing Fri Jan 03 00:44:43 UTC 2020 /home/travis/build/icyphy/ptII/ptolemy/actor/lib/test/auto/Expression14.xml
----------------- Instantiating /home/travis/build/icyphy/ptII/ptolemy/actor/lib/test/auto/Expression14.xml
8 ms. Memory: 495616K Free: 330080K (67%)
----------------- Invoking toplevel() on ptolemy.moml.MoMLSimpleApplication@61b01e00
----------------- Done invoking toplevel() on ptolemy.moml.MoMLSimpleApplication@61b01e00
reloadAllAccessors: .Expression14

===========================================================================================
----------------- testing Fri Jan 03 00:44:43 UTC 2020 /home/travis/build/icyphy/ptII/ptolemy/actor/lib/test/auto/Expression15.xml
----------------- Instantiating /home/travis/build/icyphy/ptII/ptolemy/actor/lib/test/auto/Expression15.xml
2 ms. Memory: 495616K Free: 325984K (66%)
----------------- Invoking toplevel() on ptolemy.moml.MoMLSimpleApplication@1f31d2b1
----------------- Done invoking toplevel() on ptolemy.moml.MoMLSimpleApplication@1f31d2b1
reloadAllAccessors: .Expression15

===========================================================================================
----------------- testing Fri Jan 03 00:44:43 UTC 2020 /home/travis/build/icyphy/ptII/ptolemy/actor/lib/test/auto/Expression16.xml
----------------- Instantiating /home/travis/build/icyphy/ptII/ptolemy/actor/lib/test/auto/Expression16.xml
4 ms. Memory: 495616K Free: 321378K (65%)
----------------- Invoking toplevel() on ptolemy.moml.MoMLSimpleApplication@6c6b8ee1
----------------- Done invoking toplevel() on ptolemy.moml.MoMLSimpleApplication@6c6b8ee1
reloadAllAccessors: .Expression16

===========================================================================================
----------------- testing Fri Jan 03 00:44:43 UTC 2020 /home/travis/build/icyphy/ptII/ptolemy/actor/lib/test/auto/Expression17.xml
----------------- Instantiating /home/travis/build/icyphy/ptII/ptolemy/actor/lib/test/auto/Expression17.xml
4 ms. Memory: 495616K Free: 316258K (64%)
----------------- Invoking toplevel() on ptolemy.moml.MoMLSimpleApplication@bf93073
----------------- Done invoking toplevel() on ptolemy.moml.MoMLSimpleApplication@bf93073
reloadAllAccessors: .Expression17

===========================================================================================
----------------- testing Fri Jan 03 00:44:43 UTC 2020 /home/travis/build/icyphy/ptII/ptolemy/actor/lib/test/auto/Expression18.xml
----------------- Instantiating /home/travis/build/icyphy/ptII/ptolemy/actor/lib/test/auto/Expression18.xml
3 ms. Memory: 495616K Free: 311648K (63%)
----------------- Invoking toplevel() on ptolemy.moml.MoMLSimpleApplication@a037ed7
----------------- Done invoking toplevel() on ptolemy.moml.MoMLSimpleApplication@a037ed7
reloadAllAccessors: .Expression18

===========================================================================================
----------------- testing Fri Jan 03 00:44:43 UTC 2020 /home/travis/build/icyphy/ptII/ptolemy/actor/lib/test/auto/Expression2.xml
----------------- Instantiating /home/travis/build/icyphy/ptII/ptolemy/actor/lib/test/auto/Expression2.xml
3 ms. Memory: 495616K Free: 306528K (62%)
----------------- Invoking toplevel() on ptolemy.moml.MoMLSimpleApplication@3dbd1686
----------------- Done invoking toplevel() on ptolemy.moml.MoMLSimpleApplication@3dbd1686
reloadAllAccessors: .Expression2

===========================================================================================
----------------- testing Fri Jan 03 00:44:43 UTC 2020 /home/travis/build/icyphy/ptII/ptolemy/actor/lib/test/auto/Expression3.xml
----------------- Instantiating /home/travis/build/icyphy/ptII/ptolemy/actor/lib/test/auto/Expression3.xml
7 ms. Memory: 495616K Free: 301408K (61%)
----------------- Invoking toplevel() on ptolemy.moml.MoMLSimpleApplication@245878
----------------- Done invoking toplevel() on ptolemy.moml.MoMLSimpleApplication@245878
reloadAllAccessors: .Expression3

===========================================================================================
----------------- testing Fri Jan 03 00:44:43 UTC 2020 /home/travis/build/icyphy/ptII/ptolemy/actor/lib/test/auto/Expression4.xml
----------------- Instantiating /home/travis/build/icyphy/ptII/ptolemy/actor/lib/test/auto/Expression4.xml
5 ms. Memory: 495616K Free: 294240K (59%)
----------------- Invoking toplevel() on ptolemy.moml.MoMLSimpleApplication@34e34331
----------------- Done invoking toplevel() on ptolemy.moml.MoMLSimpleApplication@34e34331
reloadAllAccessors: .Expression4

===========================================================================================
----------------- testing Fri Jan 03 00:44:43 UTC 2020 /home/travis/build/icyphy/ptII/ptolemy/actor/lib/test/auto/Expression5.xml
----------------- Instantiating /home/travis/build/icyphy/ptII/ptolemy/actor/lib/test/auto/Expression5.xml
5 ms. Memory: 495616K Free: 289120K (58%)
----------------- Invoking toplevel() on ptolemy.moml.MoMLSimpleApplication@10481fa9
----------------- Done invoking toplevel() on ptolemy.moml.MoMLSimpleApplication@10481fa9
reloadAllAccessors: .Expression5

===========================================================================================
----------------- testing Fri Jan 03 00:44:43 UTC 2020 /home/travis/build/icyphy/ptII/ptolemy/actor/lib/test/auto/Expression6.xml
----------------- Instantiating /home/travis/build/icyphy/ptII/ptolemy/actor/lib/test/auto/Expression6.xml
2 ms. Memory: 495616K Free: 284514K (57%)
----------------- Invoking toplevel() on ptolemy.moml.MoMLSimpleApplication@2731a365
----------------- Done invoking toplevel() on ptolemy.moml.MoMLSimpleApplication@2731a365
reloadAllAccessors: .Expression6

===========================================================================================
----------------- testing Fri Jan 03 00:44:43 UTC 2020 /home/travis/build/icyphy/ptII/ptolemy/actor/lib/test/auto/Expression7.xml
----------------- Instantiating /home/travis/build/icyphy/ptII/ptolemy/actor/lib/test/auto/Expression7.xml
8 ms. Memory: 495616K Free: 279901K (56%)
----------------- Invoking toplevel() on ptolemy.moml.MoMLSimpleApplication@2d7ec3a1
----------------- Done invoking toplevel() on ptolemy.moml.MoMLSimpleApplication@2d7ec3a1
reloadAllAccessors: .Expression7

===========================================================================================
----------------- testing Fri Jan 03 00:44:43 UTC 2020 /home/travis/build/icyphy/ptII/ptolemy/actor/lib/test/auto/Expression8.xml
----------------- Instantiating /home/travis/build/icyphy/ptII/ptolemy/actor/lib/test/auto/Expression8.xml
7 ms. Memory: 495616K Free: 274784K (55%)
----------------- Invoking toplevel() on ptolemy.moml.MoMLSimpleApplication@17a4686d
----------------- Done invoking toplevel() on ptolemy.moml.MoMLSimpleApplication@17a4686d
reloadAllAccessors: .Expression8

===========================================================================================
----------------- testing Fri Jan 03 00:44:43 UTC 2020 /home/travis/build/icyphy/ptII/ptolemy/actor/lib/test/auto/Expression9.xml
----------------- Instantiating /home/travis/build/icyphy/ptII/ptolemy/actor/lib/test/auto/Expression9.xml
1 ms. Memory: 495616K Free: 271202K (55%)
----------------- Invoking toplevel() on ptolemy.moml.MoMLSimpleApplication@4d79e12b
----------------- Done invoking toplevel() on ptolemy.moml.MoMLSimpleApplication@4d79e12b
reloadAllAccessors: .Expression9

===========================================================================================
----------------- testing Fri Jan 03 00:44:43 UTC 2020 /home/travis/build/icyphy/ptII/ptolemy/actor/lib/test/auto/ExpressionConcatenateArrayType.xml
----------------- Instantiating /home/travis/build/icyphy/ptII/ptolemy/actor/lib/test/auto/ExpressionConcatenateArrayType.xml
3 ms. Memory: 495616K Free: 264544K (53%)
----------------- Invoking toplevel() on ptolemy.moml.MoMLSimpleApplication@2e6d0d33
----------------- Done invoking toplevel() on ptolemy.moml.MoMLSimpleApplication@2e6d0d33
reloadAllAccessors: .ExpressionConcatenateArrayType

===========================================================================================
----------------- testing Fri Jan 03 00:44:43 UTC 2020 /home/travis/build/icyphy/ptII/ptolemy/actor/lib/test/auto/ExpressionConcatenateArrayType2.xml
----------------- Instantiating /home/travis/build/icyphy/ptII/ptolemy/actor/lib/test/auto/ExpressionConcatenateArrayType2.xml
2 ms. Memory: 495616K Free: 258400K (52%)
----------------- Invoking toplevel() on ptolemy.moml.MoMLSimpleApplication@423eeac5
----------------- Done invoking toplevel() on ptolemy.moml.MoMLSimpleApplication@423eeac5
reloadAllAccessors: .ExpressionConcatenateArrayType2

===========================================================================================
----------------- testing Fri Jan 03 00:44:43 UTC 2020 /home/travis/build/icyphy/ptII/ptolemy/actor/lib/test/auto/ExpressionFix.xml
----------------- Instantiating /home/travis/build/icyphy/ptII/ptolemy/actor/lib/test/auto/ExpressionFix.xml
21 ms. Memory: 495616K Free: 252256K (51%)
----------------- Invoking toplevel() on ptolemy.moml.MoMLSimpleApplication@338cf453
----------------- Done invoking toplevel() on ptolemy.moml.MoMLSimpleApplication@338cf453
reloadAllAccessors: .ExpressionFix

===========================================================================================
----------------- testing Fri Jan 03 00:44:43 UTC 2020 /home/travis/build/icyphy/ptII/ptolemy/actor/lib/test/auto/ExpressionFix2.xml
----------------- Instantiating /home/travis/build/icyphy/ptII/ptolemy/actor/lib/test/auto/ExpressionFix2.xml
2 ms. Memory: 495616K Free: 248160K (50%)
----------------- Invoking toplevel() on ptolemy.moml.MoMLSimpleApplication@70e76a68
----------------- Done invoking toplevel() on ptolemy.moml.MoMLSimpleApplication@70e76a68
reloadAllAccessors: .ExpressionFix2

===========================================================================================
----------------- testing Fri Jan 03 00:44:43 UTC 2020 /home/travis/build/icyphy/ptII/ptolemy/actor/lib/test/auto/ExpressionFix3.xml
----------------- Instantiating /home/travis/build/icyphy/ptII/ptolemy/actor/lib/test/auto/ExpressionFix3.xml
2 ms. Memory: 495616K Free: 243554K (49%)
----------------- Invoking toplevel() on ptolemy.moml.MoMLSimpleApplication@3ed2a2fb
----------------- Done invoking toplevel() on ptolemy.moml.MoMLSimpleApplication@3ed2a2fb
reloadAllAccessors: .ExpressionFix3

===========================================================================================
----------------- testing Fri Jan 03 00:44:43 UTC 2020 /home/travis/build/icyphy/ptII/ptolemy/actor/lib/test/auto/FileWriter1.xml
----------------- Instantiating /home/travis/build/icyphy/ptII/ptolemy/actor/lib/test/auto/FileWriter1.xml
3 ms. Memory: 495616K Free: 239968K (48%)
----------------- Invoking toplevel() on ptolemy.moml.MoMLSimpleApplication@52b94b7
----------------- Done invoking toplevel() on ptolemy.moml.MoMLSimpleApplication@52b94b7
reloadAllAccessors: .FileWriter1

===========================================================================================
----------------- testing Fri Jan 03 00:44:43 UTC 2020 /home/travis/build/icyphy/ptII/ptolemy/actor/lib/test/auto/FileWriter2.xml
----------------- Instantiating /home/travis/build/icyphy/ptII/ptolemy/actor/lib/test/auto/FileWriter2.xml
2 ms. Memory: 495616K Free: 235362K (47%)
----------------- Invoking toplevel() on ptolemy.moml.MoMLSimpleApplication@27402fcf
----------------- Done invoking toplevel() on ptolemy.moml.MoMLSimpleApplication@27402fcf
reloadAllAccessors: .FileWriter2

===========================================================================================
----------------- testing Fri Jan 03 00:44:43 UTC 2020 /home/travis/build/icyphy/ptII/ptolemy/actor/lib/test/auto/FileWriter3.xml
----------------- Instantiating /home/travis/build/icyphy/ptII/ptolemy/actor/lib/test/auto/FileWriter3.xml
3 ms. Memory: 495616K Free: 231776K (47%)
----------------- Invoking toplevel() on ptolemy.moml.MoMLSimpleApplication@4e8b112
----------------- Done invoking toplevel() on ptolemy.moml.MoMLSimpleApplication@4e8b112
reloadAllAccessors: .FileWriter3

===========================================================================================
----------------- testing Fri Jan 03 00:44:43 UTC 2020 /home/travis/build/icyphy/ptII/ptolemy/actor/lib/test/auto/Gaussian.xml
----------------- Instantiating /home/travis/build/icyphy/ptII/ptolemy/actor/lib/test/auto/Gaussian.xml
3 ms. Memory: 495616K Free: 227170K (46%)
----------------- Invoking toplevel() on ptolemy.moml.MoMLSimpleApplication@346242bc
----------------- Done invoking toplevel() on ptolemy.moml.MoMLSimpleApplication@346242bc
reloadAllAccessors: .Gaussian

===========================================================================================
----------------- testing Fri Jan 03 00:44:43 UTC 2020 /home/travis/build/icyphy/ptII/ptolemy/actor/lib/test/auto/Gaussian1.xml
----------------- Instantiating /home/travis/build/icyphy/ptII/ptolemy/actor/lib/test/auto/Gaussian1.xml
8 ms. Memory: 495616K Free: 221506K (45%)
----------------- Invoking toplevel() on ptolemy.moml.MoMLSimpleApplication@32b0af0d
----------------- Done invoking toplevel() on ptolemy.moml.MoMLSimpleApplication@32b0af0d
reloadAllAccessors: .Gaussian1

===========================================================================================
----------------- testing Fri Jan 03 00:44:43 UTC 2020 /home/travis/build/icyphy/ptII/ptolemy/actor/lib/test/auto/Gaussian2.xml
----------------- Instantiating /home/travis/build/icyphy/ptII/ptolemy/actor/lib/test/auto/Gaussian2.xml
2 ms. Memory: 495616K Free: 216402K (44%)
----------------- Invoking toplevel() on ptolemy.moml.MoMLSimpleApplication@43dfe019
----------------- Done invoking toplevel() on ptolemy.moml.MoMLSimpleApplication@43dfe019
reloadAllAccessors: .Gaussian2

===========================================================================================
----------------- testing Fri Jan 03 00:44:43 UTC 2020 /home/travis/build/icyphy/ptII/ptolemy/actor/lib/test/auto/GradientAdaptiveLattice.xml
----------------- Instantiating /home/travis/build/icyphy/ptII/ptolemy/actor/lib/test/auto/GradientAdaptiveLattice.xml
17 ms. Memory: 495616K Free: 211296K (43%)
----------------- Invoking toplevel() on ptolemy.moml.MoMLSimpleApplication@b39c81a
----------------- Done invoking toplevel() on ptolemy.moml.MoMLSimpleApplication@b39c81a
reloadAllAccessors: .GradientAdaptiveLattice

===========================================================================================
----------------- testing Fri Jan 03 00:44:43 UTC 2020 /home/travis/build/icyphy/ptII/ptolemy/actor/lib/test/auto/IIR.xml
----------------- Instantiating /home/travis/build/icyphy/ptII/ptolemy/actor/lib/test/auto/IIR.xml
2 ms. Memory: 495616K Free: 206690K (42%)
----------------- Invoking toplevel() on ptolemy.moml.MoMLSimpleApplication@2f3e8beb
----------------- Done invoking toplevel() on ptolemy.moml.MoMLSimpleApplication@2f3e8beb
reloadAllAccessors: .IIR

===========================================================================================
----------------- testing Fri Jan 03 00:44:43 UTC 2020 /home/travis/build/icyphy/ptII/ptolemy/actor/lib/test/auto/InputOutputTransparentPorts.xml
----------------- Instantiating /home/travis/build/icyphy/ptII/ptolemy/actor/lib/test/auto/InputOutputTransparentPorts.xml
2 ms. Memory: 495616K Free: 200032K (40%)
----------------- Invoking toplevel() on ptolemy.moml.MoMLSimpleApplication@3a8fe497
----------------- Done invoking toplevel() on ptolemy.moml.MoMLSimpleApplication@3a8fe497
reloadAllAccessors: .InputOutputTransparentPorts

===========================================================================================
----------------- testing Fri Jan 03 00:44:43 UTC 2020 /home/travis/build/icyphy/ptII/ptolemy/actor/lib/test/auto/Interpolator.xml
----------------- Instantiating /home/travis/build/icyphy/ptII/ptolemy/actor/lib/test/auto/Interpolator.xml
3 ms. Memory: 495616K Free: 195936K (40%)
----------------- Invoking toplevel() on ptolemy.moml.MoMLSimpleApplication@5da157d4
----------------- Done invoking toplevel() on ptolemy.moml.MoMLSimpleApplication@5da157d4
reloadAllAccessors: .Interpolator

===========================================================================================
----------------- testing Fri Jan 03 00:44:43 UTC 2020 /home/travis/build/icyphy/ptII/ptolemy/actor/lib/test/auto/InterpolatorFiringLimitDE.xml
----------------- Instantiating /home/travis/build/icyphy/ptII/ptolemy/actor/lib/test/auto/InterpolatorFiringLimitDE.xml
2 ms. Memory: 495616K Free: 189792K (38%)
----------------- Invoking toplevel() on ptolemy.moml.MoMLSimpleApplication@3ef0efae
----------------- Done invoking toplevel() on ptolemy.moml.MoMLSimpleApplication@3ef0efae
reloadAllAccessors: .InterpolatorFiringLimitDE

===========================================================================================
----------------- testing Fri Jan 03 00:44:43 UTC 2020 /home/travis/build/icyphy/ptII/ptolemy/actor/lib/test/auto/Lattice.xml
----------------- Instantiating /home/travis/build/icyphy/ptII/ptolemy/actor/lib/test/auto/Lattice.xml
1 ms. Memory: 495616K Free: 186210K (38%)
----------------- Invoking toplevel() on ptolemy.moml.MoMLSimpleApplication@6b1d2d84
----------------- Done invoking toplevel() on ptolemy.moml.MoMLSimpleApplication@6b1d2d84
reloadAllAccessors: .Lattice

===========================================================================================
----------------- testing Fri Jan 03 00:44:43 UTC 2020 /home/travis/build/icyphy/ptII/ptolemy/actor/lib/test/auto/LazyAOCTestLazy.xml
----------------- Instantiating /home/travis/build/icyphy/ptII/ptolemy/actor/lib/test/auto/LazyAOCTestLazy.xml
14 ms. Memory: 495616K Free: 180066K (36%)
----------------- Invoking toplevel() on ptolemy.moml.MoMLSimpleApplication@447ed0ba
----------------- Done invoking toplevel() on ptolemy.moml.MoMLSimpleApplication@447ed0ba
reloadAllAccessors: .LazyAOCTestLazy

===========================================================================================
----------------- testing Fri Jan 03 00:44:43 UTC 2020 /home/travis/build/icyphy/ptII/ptolemy/actor/lib/test/auto/LazyAOCTestNonLazy.xml
----------------- Instantiating /home/travis/build/icyphy/ptII/ptolemy/actor/lib/test/auto/LazyAOCTestNonLazy.xml
2 ms. Memory: 495616K Free: 173922K (35%)
----------------- Invoking toplevel() on ptolemy.moml.MoMLSimpleApplication@3d7133b4
----------------- Done invoking toplevel() on ptolemy.moml.MoMLSimpleApplication@3d7133b4
reloadAllAccessors: .LazyAOCTestNonLazy

===========================================================================================
----------------- testing Fri Jan 03 00:44:43 UTC 2020 /home/travis/build/icyphy/ptII/ptolemy/actor/lib/test/auto/LazyInnerClass.xml
----------------- Instantiating /home/travis/build/icyphy/ptII/ptolemy/actor/lib/test/auto/LazyInnerClass.xml
19 ms. Memory: 495616K Free: 165216K (33%)
----------------- Invoking toplevel() on ptolemy.moml.MoMLSimpleApplication@4da560fc
----------------- Done invoking toplevel() on ptolemy.moml.MoMLSimpleApplication@4da560fc
reloadAllAccessors: .LazyInnerClass

===========================================================================================
----------------- testing Fri Jan 03 00:44:44 UTC 2020 /home/travis/build/icyphy/ptII/ptolemy/actor/lib/test/auto/LazyPubSub.xml
----------------- Instantiating /home/travis/build/icyphy/ptII/ptolemy/actor/lib/test/auto/LazyPubSub.xml
63 ms. Memory: 495616K Free: 444715K (90%)
----------------- Invoking toplevel() on ptolemy.moml.MoMLSimpleApplication@542f3a01
----------------- Done invoking toplevel() on ptolemy.moml.MoMLSimpleApplication@542f3a01
reloadAllAccessors: .LazyPubSub

===========================================================================================
----------------- testing Fri Jan 03 00:44:44 UTC 2020 /home/travis/build/icyphy/ptII/ptolemy/actor/lib/test/auto/LazyPubSub2.xml
----------------- Instantiating /home/travis/build/icyphy/ptII/ptolemy/actor/lib/test/auto/LazyPubSub2.xml
14 ms. Memory: 495616K Free: 434244K (88%)
----------------- Invoking toplevel() on ptolemy.moml.MoMLSimpleApplication@4ce236b6
----------------- Done invoking toplevel() on ptolemy.moml.MoMLSimpleApplication@4ce236b6
reloadAllAccessors: .LazyPubSub2

===========================================================================================
----------------- testing Fri Jan 03 00:44:44 UTC 2020 /home/travis/build/icyphy/ptII/ptolemy/actor/lib/test/auto/LazyPubSub3.xml
----------------- Instantiating /home/travis/build/icyphy/ptII/ptolemy/actor/lib/test/auto/LazyPubSub3.xml
15 ms. Memory: 495616K Free: 424004K (86%)
----------------- Invoking toplevel() on ptolemy.moml.MoMLSimpleApplication@37455254
----------------- Done invoking toplevel() on ptolemy.moml.MoMLSimpleApplication@37455254
reloadAllAccessors: .LazyPubSub3

===========================================================================================
----------------- testing Fri Jan 03 00:44:44 UTC 2020 /home/travis/build/icyphy/ptII/ptolemy/actor/lib/test/auto/LazySubClassModel.xml
----------------- Instantiating /home/travis/build/icyphy/ptII/ptolemy/actor/lib/test/auto/LazySubClassModel.xml
4 ms. Memory: 495616K Free: 414788K (84%)
----------------- Invoking toplevel() on ptolemy.moml.MoMLSimpleApplication@331b9b88
----------------- Done invoking toplevel() on ptolemy.moml.MoMLSimpleApplication@331b9b88
reloadAllAccessors: .LazySubClassModel

===========================================================================================
----------------- testing Fri Jan 03 00:44:44 UTC 2020 /home/travis/build/icyphy/ptII/ptolemy/actor/lib/test/auto/LevelCrossTest1.xml
----------------- Instantiating /home/travis/build/icyphy/ptII/ptolemy/actor/lib/test/auto/LevelCrossTest1.xml
1 ms. Memory: 495616K Free: 409668K (83%)
----------------- Invoking toplevel() on ptolemy.moml.MoMLSimpleApplication@24fda203
----------------- Done invoking toplevel() on ptolemy.moml.MoMLSimpleApplication@24fda203
reloadAllAccessors: .broken

===========================================================================================
----------------- testing Fri Jan 03 00:44:44 UTC 2020 /home/travis/build/icyphy/ptII/ptolemy/actor/lib/test/auto/LevelCrossTest10.xml
----------------- Instantiating /home/travis/build/icyphy/ptII/ptolemy/actor/lib/test/auto/LevelCrossTest10.xml
2 ms. Memory: 495616K Free: 402500K (81%)
----------------- Invoking toplevel() on ptolemy.moml.MoMLSimpleApplication@595fafd0
----------------- Done invoking toplevel() on ptolemy.moml.MoMLSimpleApplication@595fafd0
reloadAllAccessors: .LevelCrossTest10

===========================================================================================
----------------- testing Fri Jan 03 00:44:44 UTC 2020 /home/travis/build/icyphy/ptII/ptolemy/actor/lib/test/auto/LevelCrossTest11.xml
----------------- Instantiating /home/travis/build/icyphy/ptII/ptolemy/actor/lib/test/auto/LevelCrossTest11.xml
2 ms. Memory: 495616K Free: 395332K (80%)
----------------- Invoking toplevel() on ptolemy.moml.MoMLSimpleApplication@397c634
----------------- Done invoking toplevel() on ptolemy.moml.MoMLSimpleApplication@397c634
reloadAllAccessors: .LevelCrossTest11

===========================================================================================
----------------- testing Fri Jan 03 00:44:44 UTC 2020 /home/travis/build/icyphy/ptII/ptolemy/actor/lib/test/auto/LevelCrossTest12.xml
----------------- Instantiating /home/travis/build/icyphy/ptII/ptolemy/actor/lib/test/auto/LevelCrossTest12.xml
1 ms. Memory: 495616K Free: 388678K (78%)
----------------- Invoking toplevel() on ptolemy.moml.MoMLSimpleApplication@5291200e
----------------- Done invoking toplevel() on ptolemy.moml.MoMLSimpleApplication@5291200e
reloadAllAccessors: .LevelCrossTest12

===========================================================================================
----------------- testing Fri Jan 03 00:44:44 UTC 2020 /home/travis/build/icyphy/ptII/ptolemy/actor/lib/test/auto/LevelCrossTest13.xml
----------------- Instantiating /home/travis/build/icyphy/ptII/ptolemy/actor/lib/test/auto/LevelCrossTest13.xml
1 ms. Memory: 495616K Free: 380996K (77%)
----------------- Invoking toplevel() on ptolemy.moml.MoMLSimpleApplication@4a32d2cc
----------------- Done invoking toplevel() on ptolemy.moml.MoMLSimpleApplication@4a32d2cc
reloadAllAccessors: .LevelCrossTest13

===========================================================================================
----------------- testing Fri Jan 03 00:44:44 UTC 2020 /home/travis/build/icyphy/ptII/ptolemy/actor/lib/test/auto/LevelCrossTest2.xml
----------------- Instantiating /home/travis/build/icyphy/ptII/ptolemy/actor/lib/test/auto/LevelCrossTest2.xml
1 ms. Memory: 495616K Free: 375366K (76%)
----------------- Invoking toplevel() on ptolemy.moml.MoMLSimpleApplication@5c985402
----------------- Done invoking toplevel() on ptolemy.moml.MoMLSimpleApplication@5c985402
reloadAllAccessors: .broken

===========================================================================================
----------------- testing Fri Jan 03 00:44:44 UTC 2020 /home/travis/build/icyphy/ptII/ptolemy/actor/lib/test/auto/LevelCrossTest3.xml
----------------- Instantiating /home/travis/build/icyphy/ptII/ptolemy/actor/lib/test/auto/LevelCrossTest3.xml
1 ms. Memory: 495616K Free: 369222K (74%)
----------------- Invoking toplevel() on ptolemy.moml.MoMLSimpleApplication@4d01c242
----------------- Done invoking toplevel() on ptolemy.moml.MoMLSimpleApplication@4d01c242
reloadAllAccessors: .LevelCrossTest3

===========================================================================================
----------------- testing Fri Jan 03 00:44:44 UTC 2020 /home/travis/build/icyphy/ptII/ptolemy/actor/lib/test/auto/LevelCrossTest4.xml
----------------- Instantiating /home/travis/build/icyphy/ptII/ptolemy/actor/lib/test/auto/LevelCrossTest4.xml
1 ms. Memory: 495616K Free: 364102K (73%)
----------------- Invoking toplevel() on ptolemy.moml.MoMLSimpleApplication@7a9c0208
----------------- Done invoking toplevel() on ptolemy.moml.MoMLSimpleApplication@7a9c0208
reloadAllAccessors: .broken

===========================================================================================
----------------- testing Fri Jan 03 00:44:44 UTC 2020 /home/travis/build/icyphy/ptII/ptolemy/actor/lib/test/auto/LevelCrossTest5.xml
----------------- Instantiating /home/travis/build/icyphy/ptII/ptolemy/actor/lib/test/auto/LevelCrossTest5.xml
1 ms. Memory: 495616K Free: 356934K (72%)
----------------- Invoking toplevel() on ptolemy.moml.MoMLSimpleApplication@52eba53f
----------------- Done invoking toplevel() on ptolemy.moml.MoMLSimpleApplication@52eba53f
reloadAllAccessors: .LevelCrossTest5

===========================================================================================
----------------- testing Fri Jan 03 00:44:44 UTC 2020 /home/travis/build/icyphy/ptII/ptolemy/actor/lib/test/auto/LevelCrossTest6.xml
----------------- Instantiating /home/travis/build/icyphy/ptII/ptolemy/actor/lib/test/auto/LevelCrossTest6.xml
3 ms. Memory: 495616K Free: 349766K (71%)
----------------- Invoking toplevel() on ptolemy.moml.MoMLSimpleApplication@672b9457
----------------- Done invoking toplevel() on ptolemy.moml.MoMLSimpleApplication@672b9457
reloadAllAccessors: .LevelCrossTest6

===========================================================================================
----------------- testing Fri Jan 03 00:44:44 UTC 2020 /home/travis/build/icyphy/ptII/ptolemy/actor/lib/test/auto/LevelCrossTest7.xml
----------------- Instantiating /home/travis/build/icyphy/ptII/ptolemy/actor/lib/test/auto/LevelCrossTest7.xml
1 ms. Memory: 495616K Free: 342598K (69%)
----------------- Invoking toplevel() on ptolemy.moml.MoMLSimpleApplication@70b7ffc0
----------------- Done invoking toplevel() on ptolemy.moml.MoMLSimpleApplication@70b7ffc0
reloadAllAccessors: .LevelCrossTest7

===========================================================================================
----------------- testing Fri Jan 03 00:44:44 UTC 2020 /home/travis/build/icyphy/ptII/ptolemy/actor/lib/test/auto/LevelCrossTest8.xml
----------------- Instantiating /home/travis/build/icyphy/ptII/ptolemy/actor/lib/test/auto/LevelCrossTest8.xml
1 ms. Memory: 495616K Free: 335430K (68%)
----------------- Invoking toplevel() on ptolemy.moml.MoMLSimpleApplication@738d65ab
----------------- Done invoking toplevel() on ptolemy.moml.MoMLSimpleApplication@738d65ab
reloadAllAccessors: .LevelCrossTest8

===========================================================================================
----------------- testing Fri Jan 03 00:44:44 UTC 2020 /home/travis/build/icyphy/ptII/ptolemy/actor/lib/test/auto/LevelCrossTest9.xml
----------------- Instantiating /home/travis/build/icyphy/ptII/ptolemy/actor/lib/test/auto/LevelCrossTest9.xml
13 ms. Memory: 495616K Free: 328772K (66%)
----------------- Invoking toplevel() on ptolemy.moml.MoMLSimpleApplication@69ed17ba
----------------- Done invoking toplevel() on ptolemy.moml.MoMLSimpleApplication@69ed17ba
reloadAllAccessors: .LevelCrossTest9

===========================================================================================
----------------- testing Fri Jan 03 00:44:44 UTC 2020 /home/travis/build/icyphy/ptII/ptolemy/actor/lib/test/auto/LevinsonDurbin.xml
----------------- Instantiating /home/travis/build/icyphy/ptII/ptolemy/actor/lib/test/auto/LevinsonDurbin.xml
6 ms. Memory: 495616K Free: 324676K (66%)
----------------- Invoking toplevel() on ptolemy.moml.MoMLSimpleApplication@56b77882
----------------- Done invoking toplevel() on ptolemy.moml.MoMLSimpleApplication@56b77882
reloadAllAccessors: .LevinsonDurbin

===========================================================================================
----------------- testing Fri Jan 03 00:44:44 UTC 2020 /home/travis/build/icyphy/ptII/ptolemy/actor/lib/test/auto/LevinsonDurbin2.xml
----------------- Instantiating /home/travis/build/icyphy/ptII/ptolemy/actor/lib/test/auto/LevinsonDurbin2.xml
2 ms. Memory: 495616K Free: 321094K (65%)
----------------- Invoking toplevel() on ptolemy.moml.MoMLSimpleApplication@47a05e9d
----------------- Done invoking toplevel() on ptolemy.moml.MoMLSimpleApplication@47a05e9d
reloadAllAccessors: .LevinsonDurbin2

===========================================================================================
----------------- testing Fri Jan 03 00:44:44 UTC 2020 /home/travis/build/icyphy/ptII/ptolemy/actor/lib/test/auto/LevinsonDurbin3.xml
----------------- Instantiating /home/travis/build/icyphy/ptII/ptolemy/actor/lib/test/auto/LevinsonDurbin3.xml
5 ms. Memory: 495616K Free: 316998K (64%)
----------------- Invoking toplevel() on ptolemy.moml.MoMLSimpleApplication@103be389
----------------- Done invoking toplevel() on ptolemy.moml.MoMLSimpleApplication@103be389
reloadAllAccessors: .LevinsonDurbin3

===========================================================================================
----------------- testing Fri Jan 03 00:44:44 UTC 2020 /home/travis/build/icyphy/ptII/ptolemy/actor/lib/test/auto/Limiter.xml
----------------- Instantiating /home/travis/build/icyphy/ptII/ptolemy/actor/lib/test/auto/Limiter.xml
5 ms. Memory: 495616K Free: 307782K (62%)
----------------- Invoking toplevel() on ptolemy.moml.MoMLSimpleApplication@581ded57
----------------- Done invoking toplevel() on ptolemy.moml.MoMLSimpleApplication@581ded57
reloadAllAccessors: .Limiter

===========================================================================================
----------------- testing Fri Jan 03 00:44:44 UTC 2020 /home/travis/build/icyphy/ptII/ptolemy/actor/lib/test/auto/LinearDifferenceEquationSystem.xml
----------------- Instantiating /home/travis/build/icyphy/ptII/ptolemy/actor/lib/test/auto/LinearDifferenceEquationSystem.xml
8 ms. Memory: 495616K Free: 301124K (61%)
----------------- Invoking toplevel() on ptolemy.moml.MoMLSimpleApplication@1af06bdc
----------------- Done invoking toplevel() on ptolemy.moml.MoMLSimpleApplication@1af06bdc
reloadAllAccessors: .LinearDifferenceEquationSystem

===========================================================================================
----------------- testing Fri Jan 03 00:44:44 UTC 2020 /home/travis/build/icyphy/ptII/ptolemy/actor/lib/test/auto/LookupTable.xml
----------------- Instantiating /home/travis/build/icyphy/ptII/ptolemy/actor/lib/test/auto/LookupTable.xml
1 ms. Memory: 495616K Free: 296004K (60%)
----------------- Invoking toplevel() on ptolemy.moml.MoMLSimpleApplication@6ecbd7da
----------------- Done invoking toplevel() on ptolemy.moml.MoMLSimpleApplication@6ecbd7da
reloadAllAccessors: .LookupTable

===========================================================================================
----------------- testing Fri Jan 03 00:44:44 UTC 2020 /home/travis/build/icyphy/ptII/ptolemy/actor/lib/test/auto/MathFunction.xml
----------------- Instantiating /home/travis/build/icyphy/ptII/ptolemy/actor/lib/test/auto/MathFunction.xml
3 ms. Memory: 495616K Free: 287812K (58%)
----------------- Invoking toplevel() on ptolemy.moml.MoMLSimpleApplication@6967ee3
----------------- Done invoking toplevel() on ptolemy.moml.MoMLSimpleApplication@6967ee3
reloadAllAccessors: .MathFunction

===========================================================================================
----------------- testing Fri Jan 03 00:44:44 UTC 2020 /home/travis/build/icyphy/ptII/ptolemy/actor/lib/test/auto/MathFunction2.xml
----------------- Instantiating /home/travis/build/icyphy/ptII/ptolemy/actor/lib/test/auto/MathFunction2.xml
2 ms. Memory: 495616K Free: 283716K (57%)
----------------- Invoking toplevel() on ptolemy.moml.MoMLSimpleApplication@4dc9e9a1
----------------- Done invoking toplevel() on ptolemy.moml.MoMLSimpleApplication@4dc9e9a1
reloadAllAccessors: .MathFunction2

===========================================================================================
----------------- testing Fri Jan 03 00:44:44 UTC 2020 /home/travis/build/icyphy/ptII/ptolemy/actor/lib/test/auto/MathFunction3.xml
----------------- Instantiating /home/travis/build/icyphy/ptII/ptolemy/actor/lib/test/auto/MathFunction3.xml
1 ms. Memory: 495616K Free: 277062K (56%)
----------------- Invoking toplevel() on ptolemy.moml.MoMLSimpleApplication@443ff4f5
----------------- Done invoking toplevel() on ptolemy.moml.MoMLSimpleApplication@443ff4f5
reloadAllAccessors: .MathFunction3

===========================================================================================
----------------- testing Fri Jan 03 00:44:44 UTC 2020 /home/travis/build/icyphy/ptII/ptolemy/actor/lib/test/auto/MatrixCropBoolean.xml
----------------- Instantiating /home/travis/build/icyphy/ptII/ptolemy/actor/lib/test/auto/MatrixCropBoolean.xml
2 ms. Memory: 495616K Free: 272452K (55%)
----------------- Invoking toplevel() on ptolemy.moml.MoMLSimpleApplication@121c87ef
----------------- Done invoking toplevel() on ptolemy.moml.MoMLSimpleApplication@121c87ef
reloadAllAccessors: .MatrixCropBoolean

===========================================================================================
----------------- testing Fri Jan 03 00:44:44 UTC 2020 /home/travis/build/icyphy/ptII/ptolemy/actor/lib/test/auto/MatrixCropComplex.xml
----------------- Instantiating /home/travis/build/icyphy/ptII/ptolemy/actor/lib/test/auto/MatrixCropComplex.xml
2 ms. Memory: 495616K Free: 267302K (54%)
----------------- Invoking toplevel() on ptolemy.moml.MoMLSimpleApplication@1e324b76
----------------- Done invoking toplevel() on ptolemy.moml.MoMLSimpleApplication@1e324b76
reloadAllAccessors: .MatrixCropComplex

===========================================================================================
----------------- testing Fri Jan 03 00:44:44 UTC 2020 /home/travis/build/icyphy/ptII/ptolemy/actor/lib/test/auto/MatrixCropDouble.xml
----------------- Instantiating /home/travis/build/icyphy/ptII/ptolemy/actor/lib/test/auto/MatrixCropDouble.xml
2 ms. Memory: 495616K Free: 262726K (53%)
----------------- Invoking toplevel() on ptolemy.moml.MoMLSimpleApplication@61a7ae0b
----------------- Done invoking toplevel() on ptolemy.moml.MoMLSimpleApplication@61a7ae0b
reloadAllAccessors: .MatrixCropDouble

===========================================================================================
----------------- testing Fri Jan 03 00:44:44 UTC 2020 /home/travis/build/icyphy/ptII/ptolemy/actor/lib/test/auto/MatrixCropFix.xml
----------------- Instantiating /home/travis/build/icyphy/ptII/ptolemy/actor/lib/test/auto/MatrixCropFix.xml
2 ms. Memory: 495616K Free: 257062K (52%)
----------------- Invoking toplevel() on ptolemy.moml.MoMLSimpleApplication@6395105b
----------------- Done invoking toplevel() on ptolemy.moml.MoMLSimpleApplication@6395105b
reloadAllAccessors: .MatrixCropFix

===========================================================================================
----------------- testing Fri Jan 03 00:44:44 UTC 2020 /home/travis/build/icyphy/ptII/ptolemy/actor/lib/test/auto/MatrixCropInt.xml
----------------- Instantiating /home/travis/build/icyphy/ptII/ptolemy/actor/lib/test/auto/MatrixCropInt.xml
1 ms. Memory: 495616K Free: 252486K (51%)
----------------- Invoking toplevel() on ptolemy.moml.MoMLSimpleApplication@74f5e2c2
----------------- Done invoking toplevel() on ptolemy.moml.MoMLSimpleApplication@74f5e2c2
reloadAllAccessors: .MatrixCropInt

===========================================================================================
----------------- testing Fri Jan 03 00:44:44 UTC 2020 /home/travis/build/icyphy/ptII/ptolemy/actor/lib/test/auto/MatrixCropLong.xml
----------------- Instantiating /home/travis/build/icyphy/ptII/ptolemy/actor/lib/test/auto/MatrixCropLong.xml
1 ms. Memory: 495616K Free: 247366K (50%)
----------------- Invoking toplevel() on ptolemy.moml.MoMLSimpleApplication@122c3615
----------------- Done invoking toplevel() on ptolemy.moml.MoMLSimpleApplication@122c3615
reloadAllAccessors: .MatrixCropLong

===========================================================================================
----------------- testing Fri Jan 03 00:44:44 UTC 2020 /home/travis/build/icyphy/ptII/ptolemy/actor/lib/test/auto/MatrixToArray.xml
----------------- Instantiating /home/travis/build/icyphy/ptII/ptolemy/actor/lib/test/auto/MatrixToArray.xml
11 ms. Memory: 495616K Free: 232006K (47%)
----------------- Invoking toplevel() on ptolemy.moml.MoMLSimpleApplication@149badc2
----------------- Done invoking toplevel() on ptolemy.moml.MoMLSimpleApplication@149badc2
reloadAllAccessors: .MatrixToArray

===========================================================================================
----------------- testing Fri Jan 03 00:44:44 UTC 2020 /home/travis/build/icyphy/ptII/ptolemy/actor/lib/test/auto/MaxIndex.xml
----------------- Instantiating /home/travis/build/icyphy/ptII/ptolemy/actor/lib/test/auto/MaxIndex.xml
2 ms. Memory: 495616K Free: 226886K (46%)
----------------- Invoking toplevel() on ptolemy.moml.MoMLSimpleApplication@3e010c92
----------------- Done invoking toplevel() on ptolemy.moml.MoMLSimpleApplication@3e010c92
reloadAllAccessors: .MaxIndex

===========================================================================================
----------------- testing Fri Jan 03 00:44:44 UTC 2020 /home/travis/build/icyphy/ptII/ptolemy/actor/lib/test/auto/Maximum.xml
----------------- Instantiating /home/travis/build/icyphy/ptII/ptolemy/actor/lib/test/auto/Maximum.xml
3 ms. Memory: 495616K Free: 220742K (45%)
----------------- Invoking toplevel() on ptolemy.moml.MoMLSimpleApplication@2d65d438
----------------- Done invoking toplevel() on ptolemy.moml.MoMLSimpleApplication@2d65d438
reloadAllAccessors: .Maximum

===========================================================================================
----------------- testing Fri Jan 03 00:44:44 UTC 2020 /home/travis/build/icyphy/ptII/ptolemy/actor/lib/test/auto/MaximumComplex.xml
----------------- Instantiating /home/travis/build/icyphy/ptII/ptolemy/actor/lib/test/auto/MaximumComplex.xml
4 ms. Memory: 495616K Free: 214598K (43%)
----------------- Invoking toplevel() on ptolemy.moml.MoMLSimpleApplication@1f993374
----------------- Done invoking toplevel() on ptolemy.moml.MoMLSimpleApplication@1f993374
reloadAllAccessors: .MaximumComplex

===========================================================================================
----------------- testing Fri Jan 03 00:44:44 UTC 2020 /home/travis/build/icyphy/ptII/ptolemy/actor/lib/test/auto/MethodCallTest.xml
----------------- Instantiating /home/travis/build/icyphy/ptII/ptolemy/actor/lib/test/auto/MethodCallTest.xml
3 ms. Memory: 495616K Free: 207940K (42%)
----------------- Invoking toplevel() on ptolemy.moml.MoMLSimpleApplication@3f3456d2
----------------- Done invoking toplevel() on ptolemy.moml.MoMLSimpleApplication@3f3456d2
reloadAllAccessors: .MethodCallTest

===========================================================================================
----------------- testing Fri Jan 03 00:44:44 UTC 2020 /home/travis/build/icyphy/ptII/ptolemy/actor/lib/test/auto/Minimum.xml
----------------- Instantiating /home/travis/build/icyphy/ptII/ptolemy/actor/lib/test/auto/Minimum.xml
3 ms. Memory: 495616K Free: 201286K (41%)
----------------- Invoking toplevel() on ptolemy.moml.MoMLSimpleApplication@2dccfed2
----------------- Done invoking toplevel() on ptolemy.moml.MoMLSimpleApplication@2dccfed2
reloadAllAccessors: .Minimum

===========================================================================================
----------------- testing Fri Jan 03 00:44:44 UTC 2020 /home/travis/build/icyphy/ptII/ptolemy/actor/lib/test/auto/MinimumComplex.xml
----------------- Instantiating /home/travis/build/icyphy/ptII/ptolemy/actor/lib/test/auto/MinimumComplex.xml
4 ms. Memory: 495616K Free: 195142K (39%)
----------------- Invoking toplevel() on ptolemy.moml.MoMLSimpleApplication@1d8bf559
----------------- Done invoking toplevel() on ptolemy.moml.MoMLSimpleApplication@1d8bf559
reloadAllAccessors: .MinimumComplex

===========================================================================================
----------------- testing Fri Jan 03 00:44:44 UTC 2020 /home/travis/build/icyphy/ptII/ptolemy/actor/lib/test/auto/MinimumMultiports.xml
----------------- Instantiating /home/travis/build/icyphy/ptII/ptolemy/actor/lib/test/auto/MinimumMultiports.xml
3 ms. Memory: 495616K Free: 186950K (38%)
----------------- Invoking toplevel() on ptolemy.moml.MoMLSimpleApplication@78c798dd
----------------- Done invoking toplevel() on ptolemy.moml.MoMLSimpleApplication@78c798dd
reloadAllAccessors: .MinimumMultiports

===========================================================================================
----------------- testing Fri Jan 03 00:44:44 UTC 2020 /home/travis/build/icyphy/ptII/ptolemy/actor/lib/test/auto/ModifyDate.xml
----------------- Instantiating /home/travis/build/icyphy/ptII/ptolemy/actor/lib/test/auto/ModifyDate.xml
9 ms. Memory: 495616K Free: 174148K (35%)
----------------- Invoking toplevel() on ptolemy.moml.MoMLSimpleApplication@7dbae4da
----------------- Done invoking toplevel() on ptolemy.moml.MoMLSimpleApplication@7dbae4da
reloadAllAccessors: .ModifyDate

===========================================================================================
----------------- testing Fri Jan 03 00:44:45 UTC 2020 /home/travis/build/icyphy/ptII/ptolemy/actor/lib/test/auto/ModifyDate2.xml
----------------- Instantiating /home/travis/build/icyphy/ptII/ptolemy/actor/lib/test/auto/ModifyDate2.xml
3 ms. Memory: 495616K Free: 165446K (33%)
----------------- Invoking toplevel() on ptolemy.moml.MoMLSimpleApplication@7568ee55
----------------- Done invoking toplevel() on ptolemy.moml.MoMLSimpleApplication@7568ee55
reloadAllAccessors: .ModifyDate2

===========================================================================================
----------------- testing Fri Jan 03 00:44:45 UTC 2020 /home/travis/build/icyphy/ptII/ptolemy/actor/lib/test/auto/MovingAverage.xml
----------------- Instantiating /home/travis/build/icyphy/ptII/ptolemy/actor/lib/test/auto/MovingAverage.xml
2 ms. Memory: 495616K Free: 160326K (32%)
----------------- Invoking toplevel() on ptolemy.moml.MoMLSimpleApplication@40b4ff5d
----------------- Done invoking toplevel() on ptolemy.moml.MoMLSimpleApplication@40b4ff5d
reloadAllAccessors: .MovingAverage

===========================================================================================
----------------- testing Fri Jan 03 00:44:45 UTC 2020 /home/travis/build/icyphy/ptII/ptolemy/actor/lib/test/auto/MovingMaximum.xml
----------------- Instantiating /home/travis/build/icyphy/ptII/ptolemy/actor/lib/test/auto/MovingMaximum.xml
1 ms. Memory: 495616K Free: 156230K (32%)
----------------- Invoking toplevel() on ptolemy.moml.MoMLSimpleApplication@1bd8145e
----------------- Done invoking toplevel() on ptolemy.moml.MoMLSimpleApplication@1bd8145e
reloadAllAccessors: .MovingMaximum

===========================================================================================
----------------- testing Fri Jan 03 00:44:45 UTC 2020 /home/travis/build/icyphy/ptII/ptolemy/actor/lib/test/auto/MultipleLinksToSameRelation.xml
----------------- Instantiating /home/travis/build/icyphy/ptII/ptolemy/actor/lib/test/auto/MultipleLinksToSameRelation.xml
4 ms. Memory: 495616K Free: 441698K (89%)
----------------- Invoking toplevel() on ptolemy.moml.MoMLSimpleApplication@d06751a
----------------- Done invoking toplevel() on ptolemy.moml.MoMLSimpleApplication@d06751a
reloadAllAccessors: .MultipleLinksToSameRelation

===========================================================================================
----------------- testing Fri Jan 03 00:44:45 UTC 2020 /home/travis/build/icyphy/ptII/ptolemy/actor/lib/test/auto/MultipleLinksToSameRelationDE.xml
----------------- Instantiating /home/travis/build/icyphy/ptII/ptolemy/actor/lib/test/auto/MultipleLinksToSameRelationDE.xml
2 ms. Memory: 495616K Free: 437074K (88%)
----------------- Invoking toplevel() on ptolemy.moml.MoMLSimpleApplication@37642b6c
----------------- Done invoking toplevel() on ptolemy.moml.MoMLSimpleApplication@37642b6c
reloadAllAccessors: .MultipleLinksToSameRelationDE

===========================================================================================
----------------- testing Fri Jan 03 00:44:45 UTC 2020 /home/travis/build/icyphy/ptII/ptolemy/actor/lib/test/auto/Multiplexor.xml
----------------- Instantiating /home/travis/build/icyphy/ptII/ptolemy/actor/lib/test/auto/Multiplexor.xml
2 ms. Memory: 495616K Free: 431458K (87%)
----------------- Invoking toplevel() on ptolemy.moml.MoMLSimpleApplication@670f6930
----------------- Done invoking toplevel() on ptolemy.moml.MoMLSimpleApplication@670f6930
reloadAllAccessors: .Multiplexor

===========================================================================================
----------------- testing Fri Jan 03 00:44:45 UTC 2020 /home/travis/build/icyphy/ptII/ptolemy/actor/lib/test/auto/Multiplexor1.xml
----------------- Instantiating /home/travis/build/icyphy/ptII/ptolemy/actor/lib/test/auto/Multiplexor1.xml
2 ms. Memory: 495616K Free: 425794K (86%)
----------------- Invoking toplevel() on ptolemy.moml.MoMLSimpleApplication@42564559
----------------- Done invoking toplevel() on ptolemy.moml.MoMLSimpleApplication@42564559
reloadAllAccessors: .Multiplexor1

===========================================================================================
----------------- testing Fri Jan 03 00:44:45 UTC 2020 /home/travis/build/icyphy/ptII/ptolemy/actor/lib/test/auto/Multiplexor2.xml
----------------- Instantiating /home/travis/build/icyphy/ptII/ptolemy/actor/lib/test/auto/Multiplexor2.xml
3 ms. Memory: 495616K Free: 419170K (85%)
----------------- Invoking toplevel() on ptolemy.moml.MoMLSimpleApplication@592bf25
----------------- Done invoking toplevel() on ptolemy.moml.MoMLSimpleApplication@592bf25
reloadAllAccessors: .Multiplexor2

===========================================================================================
----------------- testing Fri Jan 03 00:44:45 UTC 2020 /home/travis/build/icyphy/ptII/ptolemy/actor/lib/test/auto/Multiplexor3.xml
----------------- Instantiating /home/travis/build/icyphy/ptII/ptolemy/actor/lib/test/auto/Multiplexor3.xml
3 ms. Memory: 495616K Free: 415584K (84%)
----------------- Invoking toplevel() on ptolemy.moml.MoMLSimpleApplication@39f2819a
----------------- Done invoking toplevel() on ptolemy.moml.MoMLSimpleApplication@39f2819a
reloadAllAccessors: .Multiplexor3

===========================================================================================
----------------- testing Fri Jan 03 00:44:45 UTC 2020 /home/travis/build/icyphy/ptII/ptolemy/actor/lib/test/auto/MultiplexorDE.xml
----------------- Instantiating /home/travis/build/icyphy/ptII/ptolemy/actor/lib/test/auto/MultiplexorDE.xml
3 ms. Memory: 495616K Free: 407906K (82%)
----------------- Invoking toplevel() on ptolemy.moml.MoMLSimpleApplication@307cc58a
----------------- Done invoking toplevel() on ptolemy.moml.MoMLSimpleApplication@307cc58a
reloadAllAccessors: .MultiplexorDE

===========================================================================================
----------------- testing Fri Jan 03 00:44:45 UTC 2020 /home/travis/build/icyphy/ptII/ptolemy/actor/lib/test/auto/MultiportBroadcastTest.xml
----------------- Instantiating /home/travis/build/icyphy/ptII/ptolemy/actor/lib/test/auto/MultiportBroadcastTest.xml
68 ms. Memory: 495616K Free: 401762K (81%)
----------------- Invoking toplevel() on ptolemy.moml.MoMLSimpleApplication@29d2c53b
----------------- Done invoking toplevel() on ptolemy.moml.MoMLSimpleApplication@29d2c53b
reloadAllAccessors: .MultiportBroadcastTest

===========================================================================================
----------------- testing Fri Jan 03 00:44:45 UTC 2020 /home/travis/build/icyphy/ptII/ptolemy/actor/lib/test/auto/MultiportOutHangDuringGetWidth.xml
----------------- Instantiating /home/travis/build/icyphy/ptII/ptolemy/actor/lib/test/auto/MultiportOutHangDuringGetWidth.xml
11 ms. Memory: 495616K Free: 389474K (79%)
----------------- Invoking toplevel() on ptolemy.moml.MoMLSimpleApplication@26677366
----------------- Done invoking toplevel() on ptolemy.moml.MoMLSimpleApplication@26677366
reloadAllAccessors: .MultiportOutHangDuringGetWidth

===========================================================================================
----------------- testing Fri Jan 03 00:44:45 UTC 2020 /home/travis/build/icyphy/ptII/ptolemy/actor/lib/test/auto/NilToken.xml
----------------- Instantiating /home/travis/build/icyphy/ptII/ptolemy/actor/lib/test/auto/NilToken.xml
2 ms. Memory: 495616K Free: 385378K (78%)
----------------- Invoking toplevel() on ptolemy.moml.MoMLSimpleApplication@47c9f992
----------------- Done invoking toplevel() on ptolemy.moml.MoMLSimpleApplication@47c9f992
reloadAllAccessors: .NilToken

===========================================================================================
----------------- testing Fri Jan 03 00:44:45 UTC 2020 /home/travis/build/icyphy/ptII/ptolemy/actor/lib/test/auto/NilTokenNonStrictTest.xml
----------------- Instantiating /home/travis/build/icyphy/ptII/ptolemy/actor/lib/test/auto/NilTokenNonStrictTest.xml
2 ms. Memory: 495616K Free: 380768K (77%)
----------------- Invoking toplevel() on ptolemy.moml.MoMLSimpleApplication@78e49b1e
----------------- Done invoking toplevel() on ptolemy.moml.MoMLSimpleApplication@78e49b1e
reloadAllAccessors: .NilTokenNonStrictTest

===========================================================================================
----------------- testing Fri Jan 03 00:44:45 UTC 2020 /home/travis/build/icyphy/ptII/ptolemy/actor/lib/test/auto/NilTokenRecord.xml
----------------- Instantiating /home/travis/build/icyphy/ptII/ptolemy/actor/lib/test/auto/NilTokenRecord.xml
5 ms. Memory: 495616K Free: 374114K (75%)
----------------- Invoking toplevel() on ptolemy.moml.MoMLSimpleApplication@7b7a242e
----------------- Done invoking toplevel() on ptolemy.moml.MoMLSimpleApplication@7b7a242e
reloadAllAccessors: .NilTokenRecord

===========================================================================================
----------------- testing Fri Jan 03 00:44:45 UTC 2020 /home/travis/build/icyphy/ptII/ptolemy/actor/lib/test/auto/NilTokenTypeTest.xml
----------------- Instantiating /home/travis/build/icyphy/ptII/ptolemy/actor/lib/test/auto/NilTokenTypeTest.xml
5 ms. Memory: 495616K Free: 364384K (74%)
----------------- Invoking toplevel() on ptolemy.moml.MoMLSimpleApplication@6b4437af
----------------- Done invoking toplevel() on ptolemy.moml.MoMLSimpleApplication@6b4437af
reloadAllAccessors: .NilTokenTypeTest

===========================================================================================
----------------- testing Fri Jan 03 00:44:45 UTC 2020 /home/travis/build/icyphy/ptII/ptolemy/actor/lib/test/auto/ObjectToken1.xml
----------------- Instantiating /home/travis/build/icyphy/ptII/ptolemy/actor/lib/test/auto/ObjectToken1.xml
1 ms. Memory: 495616K Free: 360288K (73%)
----------------- Invoking toplevel() on ptolemy.moml.MoMLSimpleApplication@8168fc
----------------- Done invoking toplevel() on ptolemy.moml.MoMLSimpleApplication@8168fc
reloadAllAccessors: .ObjectToken1

===========================================================================================
----------------- testing Fri Jan 03 00:44:45 UTC 2020 /home/travis/build/icyphy/ptII/ptolemy/actor/lib/test/auto/OrderedMerge.xml
----------------- Instantiating /home/travis/build/icyphy/ptII/ptolemy/actor/lib/test/auto/OrderedMerge.xml
9 ms. Memory: 495616K Free: 354658K (72%)
----------------- Invoking toplevel() on ptolemy.moml.MoMLSimpleApplication@f7561a7
----------------- Done invoking toplevel() on ptolemy.moml.MoMLSimpleApplication@f7561a7
reloadAllAccessors: .OrderedMerge

===========================================================================================
----------------- testing Fri Jan 03 00:44:45 UTC 2020 /home/travis/build/icyphy/ptII/ptolemy/actor/lib/test/auto/OrderedRecordDisassembler.xml
----------------- Instantiating /home/travis/build/icyphy/ptII/ptolemy/actor/lib/test/auto/OrderedRecordDisassembler.xml
3 ms. Memory: 495616K Free: 349538K (71%)
----------------- Invoking toplevel() on ptolemy.moml.MoMLSimpleApplication@5a53a106
----------------- Done invoking toplevel() on ptolemy.moml.MoMLSimpleApplication@5a53a106
reloadAllAccessors: .OrderedRecordDisassembler

===========================================================================================
----------------- testing Fri Jan 03 00:44:45 UTC 2020 /home/travis/build/icyphy/ptII/ptolemy/actor/lib/test/auto/OrderedRecordDisassembler2.xml
----------------- Instantiating /home/travis/build/icyphy/ptII/ptolemy/actor/lib/test/auto/OrderedRecordDisassembler2.xml
4 ms. Memory: 495616K Free: 341850K (69%)
----------------- Invoking toplevel() on ptolemy.moml.MoMLSimpleApplication@3c49f609
----------------- Done invoking toplevel() on ptolemy.moml.MoMLSimpleApplication@3c49f609
reloadAllAccessors: .OrderedRecordDisassembler2

===========================================================================================
----------------- testing Fri Jan 03 00:44:45 UTC 2020 /home/travis/build/icyphy/ptII/ptolemy/actor/lib/test/auto/OrderedRecordUpdater.xml
----------------- Instantiating /home/travis/build/icyphy/ptII/ptolemy/actor/lib/test/auto/OrderedRecordUpdater.xml
2 ms. Memory: 495616K Free: 337250K (68%)
----------------- Invoking toplevel() on ptolemy.moml.MoMLSimpleApplication@7d68726f
----------------- Done invoking toplevel() on ptolemy.moml.MoMLSimpleApplication@7d68726f
reloadAllAccessors: .RecordUpdater

===========================================================================================
----------------- testing Fri Jan 03 00:44:45 UTC 2020 /home/travis/build/icyphy/ptII/ptolemy/actor/lib/test/auto/OrderedRecordUpdater2.xml
----------------- Instantiating /home/travis/build/icyphy/ptII/ptolemy/actor/lib/test/auto/OrderedRecordUpdater2.xml
2 ms. Memory: 495616K Free: 332130K (67%)
----------------- Invoking toplevel() on ptolemy.moml.MoMLSimpleApplication@6e8f6a6a
----------------- Done invoking toplevel() on ptolemy.moml.MoMLSimpleApplication@6e8f6a6a
reloadAllAccessors: .RecordUpdater2

===========================================================================================
----------------- testing Fri Jan 03 00:44:45 UTC 2020 /home/travis/build/icyphy/ptII/ptolemy/actor/lib/test/auto/PhaseUnwrap.xml
----------------- Instantiating /home/travis/build/icyphy/ptII/ptolemy/actor/lib/test/auto/PhaseUnwrap.xml
2 ms. Memory: 495616K Free: 327520K (66%)
----------------- Invoking toplevel() on ptolemy.moml.MoMLSimpleApplication@59b00e5a
----------------- Done invoking toplevel() on ptolemy.moml.MoMLSimpleApplication@59b00e5a
reloadAllAccessors: .PhaseUnwrap

===========================================================================================
----------------- testing Fri Jan 03 00:44:45 UTC 2020 /home/travis/build/icyphy/ptII/ptolemy/actor/lib/test/auto/PoissonClock.xml
----------------- Instantiating /home/travis/build/icyphy/ptII/ptolemy/actor/lib/test/auto/PoissonClock.xml
1 ms. Memory: 495616K Free: 323424K (65%)
----------------- Invoking toplevel() on ptolemy.moml.MoMLSimpleApplication@59788893
----------------- Done invoking toplevel() on ptolemy.moml.MoMLSimpleApplication@59788893
reloadAllAccessors: .PoissonClock

===========================================================================================
----------------- testing Fri Jan 03 00:44:45 UTC 2020 /home/travis/build/icyphy/ptII/ptolemy/actor/lib/test/auto/PoissonClock2.xml
----------------- Instantiating /home/travis/build/icyphy/ptII/ptolemy/actor/lib/test/auto/PoissonClock2.xml
1 ms. Memory: 495616K Free: 318818K (64%)
----------------- Invoking toplevel() on ptolemy.moml.MoMLSimpleApplication@5cae0e65
----------------- Done invoking toplevel() on ptolemy.moml.MoMLSimpleApplication@5cae0e65
reloadAllAccessors: .PoissonClock2

===========================================================================================
----------------- testing Fri Jan 03 00:44:45 UTC 2020 /home/travis/build/icyphy/ptII/ptolemy/actor/lib/test/auto/PoissonClock3.xml
----------------- Instantiating /home/travis/build/icyphy/ptII/ptolemy/actor/lib/test/auto/PoissonClock3.xml
1 ms. Memory: 495616K Free: 314208K (63%)
----------------- Invoking toplevel() on ptolemy.moml.MoMLSimpleApplication@52d849b3
----------------- Done invoking toplevel() on ptolemy.moml.MoMLSimpleApplication@52d849b3
reloadAllAccessors: .PoissonClock3

===========================================================================================
----------------- testing Fri Jan 03 00:44:45 UTC 2020 /home/travis/build/icyphy/ptII/ptolemy/actor/lib/test/auto/PubSubWithInitialTokens.xml
----------------- Instantiating /home/travis/build/icyphy/ptII/ptolemy/actor/lib/test/auto/PubSubWithInitialTokens.xml
2 ms. Memory: 495616K Free: 309058K (62%)
----------------- Invoking toplevel() on ptolemy.moml.MoMLSimpleApplication@7e90a469
----------------- Done invoking toplevel() on ptolemy.moml.MoMLSimpleApplication@7e90a469
reloadAllAccessors: .PubSubWithInitialTokens

===========================================================================================
----------------- testing Fri Jan 03 00:44:45 UTC 2020 /home/travis/build/icyphy/ptII/ptolemy/actor/lib/test/auto/PubSubWithInitialTokens2.xml
----------------- Instantiating /home/travis/build/icyphy/ptII/ptolemy/actor/lib/test/auto/PubSubWithInitialTokens2.xml
2 ms. Memory: 495616K Free: 302938K (61%)
----------------- Invoking toplevel() on ptolemy.moml.MoMLSimpleApplication@702d8ab
----------------- Done invoking toplevel() on ptolemy.moml.MoMLSimpleApplication@702d8ab
reloadAllAccessors: .PubSubWithInitialTokens2

===========================================================================================
----------------- testing Fri Jan 03 00:44:45 UTC 2020 /home/travis/build/icyphy/ptII/ptolemy/actor/lib/test/auto/PublisherClassNoParameter.xml
----------------- Instantiating /home/travis/build/icyphy/ptII/ptolemy/actor/lib/test/auto/PublisherClassNoParameter.xml
2 ms. Memory: 495616K Free: 292690K (59%)
----------------- Invoking toplevel() on ptolemy.moml.MoMLSimpleApplication@3b1a8b41
----------------- Done invoking toplevel() on ptolemy.moml.MoMLSimpleApplication@3b1a8b41
reloadAllAccessors: .PublisherClassNoParameter

===========================================================================================
----------------- testing Fri Jan 03 00:44:45 UTC 2020 /home/travis/build/icyphy/ptII/ptolemy/actor/lib/test/auto/PublisherClassParameter.xml
----------------- Instantiating /home/travis/build/icyphy/ptII/ptolemy/actor/lib/test/auto/PublisherClassParameter.xml
2 ms. Memory: 495616K Free: 282464K (57%)
----------------- Invoking toplevel() on ptolemy.moml.MoMLSimpleApplication@4fe0e444
----------------- Done invoking toplevel() on ptolemy.moml.MoMLSimpleApplication@4fe0e444
reloadAllAccessors: .PublisherClassParameter

===========================================================================================
----------------- testing Fri Jan 03 00:44:45 UTC 2020 /home/travis/build/icyphy/ptII/ptolemy/actor/lib/test/auto/PublisherNonStrictTest.xml
----------------- Instantiating /home/travis/build/icyphy/ptII/ptolemy/actor/lib/test/auto/PublisherNonStrictTest.xml
3 ms. Memory: 495616K Free: 274786K (55%)
----------------- Invoking toplevel() on ptolemy.moml.MoMLSimpleApplication@64db5bca
----------------- Done invoking toplevel() on ptolemy.moml.MoMLSimpleApplication@64db5bca
reloadAllAccessors: .PublisherNonStrictTest

===========================================================================================
----------------- testing Fri Jan 03 00:44:45 UTC 2020 /home/travis/build/icyphy/ptII/ptolemy/actor/lib/test/auto/PublisherPort1.xml
----------------- Instantiating /home/travis/build/icyphy/ptII/ptolemy/actor/lib/test/auto/PublisherPort1.xml
10 ms. Memory: 495616K Free: 269146K (54%)
----------------- Invoking toplevel() on ptolemy.moml.MoMLSimpleApplication@68ea1fb5
----------------- Done invoking toplevel() on ptolemy.moml.MoMLSimpleApplication@68ea1fb5
reloadAllAccessors: .PublisherPort1

===========================================================================================
----------------- testing Fri Jan 03 00:44:45 UTC 2020 /home/travis/build/icyphy/ptII/ptolemy/actor/lib/test/auto/PublisherPort2.xml
----------------- Instantiating /home/travis/build/icyphy/ptII/ptolemy/actor/lib/test/auto/PublisherPort2.xml
1 ms. Memory: 495616K Free: 264032K (53%)
----------------- Invoking toplevel() on ptolemy.moml.MoMLSimpleApplication@7b393c63
----------------- Done invoking toplevel() on ptolemy.moml.MoMLSimpleApplication@7b393c63
reloadAllAccessors: .PublisherPort2

===========================================================================================
----------------- testing Fri Jan 03 00:44:45 UTC 2020 /home/travis/build/icyphy/ptII/ptolemy/actor/lib/test/auto/PublisherPort3.xml
----------------- Instantiating /home/travis/build/icyphy/ptII/ptolemy/actor/lib/test/auto/PublisherPort3.xml
4 ms. Memory: 495616K Free: 257378K (52%)
----------------- Invoking toplevel() on ptolemy.moml.MoMLSimpleApplication@31606a83
----------------- Done invoking toplevel() on ptolemy.moml.MoMLSimpleApplication@31606a83
reloadAllAccessors: .PublisherPort3

===========================================================================================
----------------- testing Fri Jan 03 00:44:45 UTC 2020 /home/travis/build/icyphy/ptII/ptolemy/actor/lib/test/auto/PublisherPort4.xml
----------------- Instantiating /home/travis/build/icyphy/ptII/ptolemy/actor/lib/test/auto/PublisherPort4.xml
2 ms. Memory: 495616K Free: 251730K (51%)
----------------- Invoking toplevel() on ptolemy.moml.MoMLSimpleApplication@38306709
----------------- Done invoking toplevel() on ptolemy.moml.MoMLSimpleApplication@38306709
reloadAllAccessors: .PublisherPort4

===========================================================================================
----------------- testing Fri Jan 03 00:44:45 UTC 2020 /home/travis/build/icyphy/ptII/ptolemy/actor/lib/test/auto/PublisherPort5.xml
----------------- Instantiating /home/travis/build/icyphy/ptII/ptolemy/actor/lib/test/auto/PublisherPort5.xml
3 ms. Memory: 495616K Free: 244066K (49%)
----------------- Invoking toplevel() on ptolemy.moml.MoMLSimpleApplication@5b4e47d4
----------------- Done invoking toplevel() on ptolemy.moml.MoMLSimpleApplication@5b4e47d4
reloadAllAccessors: .PublisherPort5

===========================================================================================
----------------- testing Fri Jan 03 00:44:45 UTC 2020 /home/travis/build/icyphy/ptII/ptolemy/actor/lib/test/auto/PublisherPort5LookAlike.xml
----------------- Instantiating /home/travis/build/icyphy/ptII/ptolemy/actor/lib/test/auto/PublisherPort5LookAlike.xml
7 ms. Memory: 495616K Free: 236898K (48%)
----------------- Invoking toplevel() on ptolemy.moml.MoMLSimpleApplication@cb426ff
----------------- Done invoking toplevel() on ptolemy.moml.MoMLSimpleApplication@cb426ff
reloadAllAccessors: .PublisherPort5LookAlike

===========================================================================================
----------------- testing Fri Jan 03 00:44:45 UTC 2020 /home/travis/build/icyphy/ptII/ptolemy/actor/lib/test/auto/PublisherPort6.xml
----------------- Instantiating /home/travis/build/icyphy/ptII/ptolemy/actor/lib/test/auto/PublisherPort6.xml
2 ms. Memory: 495616K Free: 230226K (46%)
----------------- Invoking toplevel() on ptolemy.moml.MoMLSimpleApplication@2aaa1a30
----------------- Done invoking toplevel() on ptolemy.moml.MoMLSimpleApplication@2aaa1a30
reloadAllAccessors: .PublisherPort6

===========================================================================================
----------------- testing Fri Jan 03 00:44:45 UTC 2020 /home/travis/build/icyphy/ptII/ptolemy/actor/lib/test/auto/PublisherPort7.xml
----------------- Instantiating /home/travis/build/icyphy/ptII/ptolemy/actor/lib/test/auto/PublisherPort7.xml
3 ms. Memory: 495616K Free: 222562K (45%)
----------------- Invoking toplevel() on ptolemy.moml.MoMLSimpleApplication@34eddd0f
----------------- Done invoking toplevel() on ptolemy.moml.MoMLSimpleApplication@34eddd0f
reloadAllAccessors: .PublisherPort7

===========================================================================================
----------------- testing Fri Jan 03 00:44:45 UTC 2020 /home/travis/build/icyphy/ptII/ptolemy/actor/lib/test/auto/PublisherPort8.xml
----------------- Instantiating /home/travis/build/icyphy/ptII/ptolemy/actor/lib/test/auto/PublisherPort8.xml
4 ms. Memory: 495616K Free: 213856K (43%)
----------------- Invoking toplevel() on ptolemy.moml.MoMLSimpleApplication@62e2739a
----------------- Done invoking toplevel() on ptolemy.moml.MoMLSimpleApplication@62e2739a
reloadAllAccessors: .PublisherPort8

===========================================================================================
----------------- testing Fri Jan 03 00:44:45 UTC 2020 /home/travis/build/icyphy/ptII/ptolemy/actor/lib/test/auto/PublisherPortSubscriberChannelVariablesAOC2.xml
----------------- Instantiating /home/travis/build/icyphy/ptII/ptolemy/actor/lib/test/auto/PublisherPortSubscriberChannelVariablesAOC2.xml
2 ms. Memory: 495616K Free: 195938K (40%)
----------------- Invoking toplevel() on ptolemy.moml.MoMLSimpleApplication@2d12fff9
----------------- Done invoking toplevel() on ptolemy.moml.MoMLSimpleApplication@2d12fff9
reloadAllAccessors: .PublisherPortSubscriberChannelVariablesAOC2

===========================================================================================
----------------- testing Fri Jan 03 00:44:45 UTC 2020 /home/travis/build/icyphy/ptII/ptolemy/actor/lib/test/auto/PublisherPortSubscriberOpaqueWidthInference.xml
----------------- Instantiating /home/travis/build/icyphy/ptII/ptolemy/actor/lib/test/auto/PublisherPortSubscriberOpaqueWidthInference.xml
3 ms. Memory: 495616K Free: 188242K (38%)
----------------- Invoking toplevel() on ptolemy.moml.MoMLSimpleApplication@92932d6
----------------- Done invoking toplevel() on ptolemy.moml.MoMLSimpleApplication@92932d6
reloadAllAccessors: .PublisherPortSubscriberOpaqueWidthInference

===========================================================================================
----------------- testing Fri Jan 03 00:44:45 UTC 2020 /home/travis/build/icyphy/ptII/ptolemy/actor/lib/test/auto/PublisherPortSubscriberPortAdjacent.xml
----------------- Instantiating /home/travis/build/icyphy/ptII/ptolemy/actor/lib/test/auto/PublisherPortSubscriberPortAdjacent.xml
1 ms. Memory: 495616K Free: 180064K (36%)
----------------- Invoking toplevel() on ptolemy.moml.MoMLSimpleApplication@106d7d53
----------------- Done invoking toplevel() on ptolemy.moml.MoMLSimpleApplication@106d7d53
reloadAllAccessors: .PublisherPortSubscriberPortAdjacent

===========================================================================================
----------------- testing Fri Jan 03 00:44:45 UTC 2020 /home/travis/build/icyphy/ptII/ptolemy/actor/lib/test/auto/PublisherPortSubscriberPortExpression.xml
----------------- Instantiating /home/travis/build/icyphy/ptII/ptolemy/actor/lib/test/auto/PublisherPortSubscriberPortExpression.xml
3 ms. Memory: 495616K Free: 172386K (35%)
----------------- Invoking toplevel() on ptolemy.moml.MoMLSimpleApplication@2b7cbba0
----------------- Done invoking toplevel() on ptolemy.moml.MoMLSimpleApplication@2b7cbba0
reloadAllAccessors: .PublisherPortSubscriberPortExpression

===========================================================================================
----------------- testing Fri Jan 03 00:44:45 UTC 2020 /home/travis/build/icyphy/ptII/ptolemy/actor/lib/test/auto/PublisherPortSubscriberPortOpaqueD3Reverse.xml
----------------- Instantiating /home/travis/build/icyphy/ptII/ptolemy/actor/lib/test/auto/PublisherPortSubscriberPortOpaqueD3Reverse.xml
5 ms. Memory: 495616K Free: 162146K (33%)
----------------- Invoking toplevel() on ptolemy.moml.MoMLSimpleApplication@6336cc83
----------------- Done invoking toplevel() on ptolemy.moml.MoMLSimpleApplication@6336cc83
reloadAllAccessors: .PublisherPortSubscriberPortOpaqueD3Reverse

===========================================================================================
----------------- testing Fri Jan 03 00:44:46 UTC 2020 /home/travis/build/icyphy/ptII/ptolemy/actor/lib/test/auto/PublisherPortSubscriberPortOpaqueWidthInference.xml
----------------- Instantiating /home/travis/build/icyphy/ptII/ptolemy/actor/lib/test/auto/PublisherPortSubscriberPortOpaqueWidthInference.xml
28 ms. Memory: 495616K Free: 443730K (90%)
----------------- Invoking toplevel() on ptolemy.moml.MoMLSimpleApplication@306cd39c
----------------- Done invoking toplevel() on ptolemy.moml.MoMLSimpleApplication@306cd39c
reloadAllAccessors: .PublisherPortSubscriberPortOpaqueWidthInference

===========================================================================================
----------------- testing Fri Jan 03 00:44:46 UTC 2020 /home/travis/build/icyphy/ptII/ptolemy/actor/lib/test/auto/PublisherPortToplevelSubscriberPortAOC.xml
----------------- Instantiating /home/travis/build/icyphy/ptII/ptolemy/actor/lib/test/auto/PublisherPortToplevelSubscriberPortAOC.xml
.PublisherPortToplevelSubscriberPortAOC.TestExceptionAttribute: initialize() was not invoked, but wrapup() was.  This is unusual, but not always a problem.  For example, exporting JNLP will do this.
1 ms. Memory: 495616K Free: 437600K (88%)
----------------- Invoking toplevel() on ptolemy.moml.MoMLSimpleApplication@b034120
----------------- Done invoking toplevel() on ptolemy.moml.MoMLSimpleApplication@b034120
reloadAllAccessors: .PublisherPortToplevelSubscriberPortAOC

===========================================================================================
----------------- testing Fri Jan 03 00:44:46 UTC 2020 /home/travis/build/icyphy/ptII/ptolemy/actor/lib/test/auto/PublisherSubscriber.xml
----------------- Instantiating /home/travis/build/icyphy/ptII/ptolemy/actor/lib/test/auto/PublisherSubscriber.xml
2 ms. Memory: 495616K Free: 430402K (87%)
----------------- Invoking toplevel() on ptolemy.moml.MoMLSimpleApplication@60141f67
----------------- Done invoking toplevel() on ptolemy.moml.MoMLSimpleApplication@60141f67
reloadAllAccessors: .PublisherSubscriber

===========================================================================================
----------------- testing Fri Jan 03 00:44:46 UTC 2020 /home/travis/build/icyphy/ptII/ptolemy/actor/lib/test/auto/PublisherSubscriber10.xml
----------------- Instantiating /home/travis/build/icyphy/ptII/ptolemy/actor/lib/test/auto/PublisherSubscriber10.xml
5 ms. Memory: 495616K Free: 420706K (85%)
----------------- Invoking toplevel() on ptolemy.moml.MoMLSimpleApplication@7368733e
----------------- Done invoking toplevel() on ptolemy.moml.MoMLSimpleApplication@7368733e
reloadAllAccessors: .PublisherSubscriber10

===========================================================================================
----------------- testing Fri Jan 03 00:44:46 UTC 2020 /home/travis/build/icyphy/ptII/ptolemy/actor/lib/test/auto/PublisherSubscriber10InitialOutputs.xml
----------------- Instantiating /home/travis/build/icyphy/ptII/ptolemy/actor/lib/test/auto/PublisherSubscriber10InitialOutputs.xml
15 ms. Memory: 495616K Free: 411490K (83%)
----------------- Invoking toplevel() on ptolemy.moml.MoMLSimpleApplication@79229a25
----------------- Done invoking toplevel() on ptolemy.moml.MoMLSimpleApplication@79229a25
reloadAllAccessors: .PublisherSubscriber10InitialOutputs

===========================================================================================
----------------- testing Fri Jan 03 00:44:46 UTC 2020 /home/travis/build/icyphy/ptII/ptolemy/actor/lib/test/auto/PublisherSubscriber11.xml
----------------- Instantiating /home/travis/build/icyphy/ptII/ptolemy/actor/lib/test/auto/PublisherSubscriber11.xml
3 ms. Memory: 495616K Free: 405346K (82%)
----------------- Invoking toplevel() on ptolemy.moml.MoMLSimpleApplication@6f363330
----------------- Done invoking toplevel() on ptolemy.moml.MoMLSimpleApplication@6f363330
reloadAllAccessors: .PublisherSubscriber11

===========================================================================================
----------------- testing Fri Jan 03 00:44:46 UTC 2020 /home/travis/build/icyphy/ptII/ptolemy/actor/lib/test/auto/PublisherSubscriber12.xml
----------------- Instantiating /home/travis/build/icyphy/ptII/ptolemy/actor/lib/test/auto/PublisherSubscriber12.xml
5 ms. Memory: 495616K Free: 398688K (80%)
----------------- Invoking toplevel() on ptolemy.moml.MoMLSimpleApplication@566a94b4
----------------- Done invoking toplevel() on ptolemy.moml.MoMLSimpleApplication@566a94b4
reloadAllAccessors: .PublisherSubscriber12

===========================================================================================
----------------- testing Fri Jan 03 00:44:46 UTC 2020 /home/travis/build/icyphy/ptII/ptolemy/actor/lib/test/auto/PublisherSubscriber13.xml
----------------- Instantiating /home/travis/build/icyphy/ptII/ptolemy/actor/lib/test/auto/PublisherSubscriber13.xml
2 ms. Memory: 495616K Free: 393058K (79%)
----------------- Invoking toplevel() on ptolemy.moml.MoMLSimpleApplication@53919085
----------------- Done invoking toplevel() on ptolemy.moml.MoMLSimpleApplication@53919085
reloadAllAccessors: .PublisherSubscriber13

===========================================================================================
----------------- testing Fri Jan 03 00:44:46 UTC 2020 /home/travis/build/icyphy/ptII/ptolemy/actor/lib/test/auto/PublisherSubscriber14.xml
----------------- Instantiating /home/travis/build/icyphy/ptII/ptolemy/actor/lib/test/auto/PublisherSubscriber14.xml
2 ms. Memory: 495616K Free: 384338K (78%)
----------------- Invoking toplevel() on ptolemy.moml.MoMLSimpleApplication@9861f27
----------------- Done invoking toplevel() on ptolemy.moml.MoMLSimpleApplication@9861f27
reloadAllAccessors: .PublisherSubscriber14

===========================================================================================
----------------- testing Fri Jan 03 00:44:46 UTC 2020 /home/travis/build/icyphy/ptII/ptolemy/actor/lib/test/auto/PublisherSubscriber2.xml
----------------- Instantiating /home/travis/build/icyphy/ptII/ptolemy/actor/lib/test/auto/PublisherSubscriber2.xml
3 ms. Memory: 495616K Free: 378722K (76%)
----------------- Invoking toplevel() on ptolemy.moml.MoMLSimpleApplication@7f7a0fd6
----------------- Done invoking toplevel() on ptolemy.moml.MoMLSimpleApplication@7f7a0fd6
reloadAllAccessors: .PublisherSubscriber2

===========================================================================================
----------------- testing Fri Jan 03 00:44:46 UTC 2020 /home/travis/build/icyphy/ptII/ptolemy/actor/lib/test/auto/PublisherSubscriber3.xml
----------------- Instantiating /home/travis/build/icyphy/ptII/ptolemy/actor/lib/test/auto/PublisherSubscriber3.xml
2 ms. Memory: 495616K Free: 373074K (75%)
----------------- Invoking toplevel() on ptolemy.moml.MoMLSimpleApplication@297b75ca
----------------- Done invoking toplevel() on ptolemy.moml.MoMLSimpleApplication@297b75ca
reloadAllAccessors: .PublisherSubscriber3

===========================================================================================
----------------- testing Fri Jan 03 00:44:46 UTC 2020 /home/travis/build/icyphy/ptII/ptolemy/actor/lib/test/auto/PublisherSubscriber4.xml
----------------- Instantiating /home/travis/build/icyphy/ptII/ptolemy/actor/lib/test/auto/PublisherSubscriber4.xml
2 ms. Memory: 495616K Free: 368482K (74%)
----------------- Invoking toplevel() on ptolemy.moml.MoMLSimpleApplication@38aae09d
----------------- Done invoking toplevel() on ptolemy.moml.MoMLSimpleApplication@38aae09d
reloadAllAccessors: .PublisherSubscriber4

===========================================================================================
----------------- testing Fri Jan 03 00:44:46 UTC 2020 /home/travis/build/icyphy/ptII/ptolemy/actor/lib/test/auto/PublisherSubscriber5.xml
----------------- Instantiating /home/travis/build/icyphy/ptII/ptolemy/actor/lib/test/auto/PublisherSubscriber5.xml
2 ms. Memory: 495616K Free: 361810K (73%)
----------------- Invoking toplevel() on ptolemy.moml.MoMLSimpleApplication@5f1c035f
----------------- Done invoking toplevel() on ptolemy.moml.MoMLSimpleApplication@5f1c035f
reloadAllAccessors: .PublisherSubscriber5

===========================================================================================
----------------- testing Fri Jan 03 00:44:46 UTC 2020 /home/travis/build/icyphy/ptII/ptolemy/actor/lib/test/auto/PublisherSubscriber6.xml
----------------- Instantiating /home/travis/build/icyphy/ptII/ptolemy/actor/lib/test/auto/PublisherSubscriber6.xml
4 ms. Memory: 495616K Free: 355170K (72%)
----------------- Invoking toplevel() on ptolemy.moml.MoMLSimpleApplication@56809139
----------------- Done invoking toplevel() on ptolemy.moml.MoMLSimpleApplication@56809139
reloadAllAccessors: .PublisherSubscriber6

===========================================================================================
----------------- testing Fri Jan 03 00:44:46 UTC 2020 /home/travis/build/icyphy/ptII/ptolemy/actor/lib/test/auto/PublisherSubscriber7.xml
----------------- Instantiating /home/travis/build/icyphy/ptII/ptolemy/actor/lib/test/auto/PublisherSubscriber7.xml
7 ms. Memory: 495616K Free: 348512K (70%)
----------------- Invoking toplevel() on ptolemy.moml.MoMLSimpleApplication@39ac7508
----------------- Done invoking toplevel() on ptolemy.moml.MoMLSimpleApplication@39ac7508
reloadAllAccessors: .PublisherSubscriber7

===========================================================================================
----------------- testing Fri Jan 03 00:44:46 UTC 2020 /home/travis/build/icyphy/ptII/ptolemy/actor/lib/test/auto/PublisherSubscriber8.xml
----------------- Instantiating /home/travis/build/icyphy/ptII/ptolemy/actor/lib/test/auto/PublisherSubscriber8.xml
20 ms. Memory: 495616K Free: 336738K (68%)
----------------- Invoking toplevel() on ptolemy.moml.MoMLSimpleApplication@739b1d34
----------------- Done invoking toplevel() on ptolemy.moml.MoMLSimpleApplication@739b1d34
reloadAllAccessors: .PublisherSubscriber8

===========================================================================================
----------------- testing Fri Jan 03 00:44:46 UTC 2020 /home/travis/build/icyphy/ptII/ptolemy/actor/lib/test/auto/PublisherSubscriber9.xml
----------------- Instantiating /home/travis/build/icyphy/ptII/ptolemy/actor/lib/test/auto/PublisherSubscriber9.xml
2 ms. Memory: 495616K Free: 329570K (66%)
----------------- Invoking toplevel() on ptolemy.moml.MoMLSimpleApplication@303f171f
----------------- Done invoking toplevel() on ptolemy.moml.MoMLSimpleApplication@303f171f
reloadAllAccessors: .PublisherSubscriber9

===========================================================================================
----------------- testing Fri Jan 03 00:44:46 UTC 2020 /home/travis/build/icyphy/ptII/ptolemy/actor/lib/test/auto/PublisherSubscriberAdjacent.xml
----------------- Instantiating /home/travis/build/icyphy/ptII/ptolemy/actor/lib/test/auto/PublisherSubscriberAdjacent.xml
2 ms. Memory: 495616K Free: 321378K (65%)
----------------- Invoking toplevel() on ptolemy.moml.MoMLSimpleApplication@5ebb72ad
----------------- Done invoking toplevel() on ptolemy.moml.MoMLSimpleApplication@5ebb72ad
reloadAllAccessors: .PublisherSubscriberAdjacent

===========================================================================================
----------------- testing Fri Jan 03 00:44:46 UTC 2020 /home/travis/build/icyphy/ptII/ptolemy/actor/lib/test/auto/PublisherSubscriberChannelVariablesAOC2.xml
----------------- Instantiating /home/travis/build/icyphy/ptII/ptolemy/actor/lib/test/auto/PublisherSubscriberChannelVariablesAOC2.xml
2 ms. Memory: 495616K Free: 307042K (62%)
----------------- Invoking toplevel() on ptolemy.moml.MoMLSimpleApplication@4078d1d8
----------------- Done invoking toplevel() on ptolemy.moml.MoMLSimpleApplication@4078d1d8
reloadAllAccessors: .PublisherSubscriberChannelVariablesAOC2

===========================================================================================
----------------- testing Fri Jan 03 00:44:46 UTC 2020 /home/travis/build/icyphy/ptII/ptolemy/actor/lib/test/auto/PublisherSubscriberD3.xml
----------------- Instantiating /home/travis/build/icyphy/ptII/ptolemy/actor/lib/test/auto/PublisherSubscriberD3.xml
2 ms. Memory: 495616K Free: 299874K (61%)
----------------- Invoking toplevel() on ptolemy.moml.MoMLSimpleApplication@7262da0b
----------------- Done invoking toplevel() on ptolemy.moml.MoMLSimpleApplication@7262da0b
reloadAllAccessors: .PublisherSubscriberD3

===========================================================================================
----------------- testing Fri Jan 03 00:44:46 UTC 2020 /home/travis/build/icyphy/ptII/ptolemy/actor/lib/test/auto/PublisherSubscriberD3Reverse.xml
----------------- Instantiating /home/travis/build/icyphy/ptII/ptolemy/actor/lib/test/auto/PublisherSubscriberD3Reverse.xml
2 ms. Memory: 495616K Free: 293730K (59%)
----------------- Invoking toplevel() on ptolemy.moml.MoMLSimpleApplication@1154b1ed
----------------- Done invoking toplevel() on ptolemy.moml.MoMLSimpleApplication@1154b1ed
reloadAllAccessors: .PublisherSubscriberD3Reverse

===========================================================================================
----------------- testing Fri Jan 03 00:44:46 UTC 2020 /home/travis/build/icyphy/ptII/ptolemy/actor/lib/test/auto/PublisherSubscriberExpression.xml
----------------- Instantiating /home/travis/build/icyphy/ptII/ptolemy/actor/lib/test/auto/PublisherSubscriberExpression.xml
3 ms. Memory: 495616K Free: 285538K (58%)
----------------- Invoking toplevel() on ptolemy.moml.MoMLSimpleApplication@305c0021
----------------- Done invoking toplevel() on ptolemy.moml.MoMLSimpleApplication@305c0021
reloadAllAccessors: .PublisherSubscriberExpression

===========================================================================================
----------------- testing Fri Jan 03 00:44:46 UTC 2020 /home/travis/build/icyphy/ptII/ptolemy/actor/lib/test/auto/PublisherSubscriberOpaque.xml
----------------- Instantiating /home/travis/build/icyphy/ptII/ptolemy/actor/lib/test/auto/PublisherSubscriberOpaque.xml
3 ms. Memory: 495616K Free: 277346K (56%)
----------------- Invoking toplevel() on ptolemy.moml.MoMLSimpleApplication@3013ea54
----------------- Done invoking toplevel() on ptolemy.moml.MoMLSimpleApplication@3013ea54
reloadAllAccessors: .PublisherSubscriberOpaque

===========================================================================================
----------------- testing Fri Jan 03 00:44:46 UTC 2020 /home/travis/build/icyphy/ptII/ptolemy/actor/lib/test/auto/PublisherSubscriberOpaqueD3.xml
----------------- Instantiating /home/travis/build/icyphy/ptII/ptolemy/actor/lib/test/auto/PublisherSubscriberOpaqueD3.xml
6 ms. Memory: 495616K Free: 266082K (54%)
----------------- Invoking toplevel() on ptolemy.moml.MoMLSimpleApplication@614c4863
----------------- Done invoking toplevel() on ptolemy.moml.MoMLSimpleApplication@614c4863
reloadAllAccessors: .PublisherSubscriberOpaqueD3

===========================================================================================
----------------- testing Fri Jan 03 00:44:46 UTC 2020 /home/travis/build/icyphy/ptII/ptolemy/actor/lib/test/auto/PublisherSubscriberOpaqueD3Reverse.xml
----------------- Instantiating /home/travis/build/icyphy/ptII/ptolemy/actor/lib/test/auto/PublisherSubscriberOpaqueD3Reverse.xml
9 ms. Memory: 495616K Free: 255328K (52%)
----------------- Invoking toplevel() on ptolemy.moml.MoMLSimpleApplication@675e22a8
----------------- Done invoking toplevel() on ptolemy.moml.MoMLSimpleApplication@675e22a8
reloadAllAccessors: .PublisherSubscriberOpaqueD3Reverse

===========================================================================================
----------------- testing Fri Jan 03 00:44:46 UTC 2020 /home/travis/build/icyphy/ptII/ptolemy/actor/lib/test/auto/PublisherSubscriberOpaqueWidthInference.xml
----------------- Instantiating /home/travis/build/icyphy/ptII/ptolemy/actor/lib/test/auto/PublisherSubscriberOpaqueWidthInference.xml
5 ms. Memory: 495616K Free: 247122K (50%)
----------------- Invoking toplevel() on ptolemy.moml.MoMLSimpleApplication@1fec5ee7
----------------- Done invoking toplevel() on ptolemy.moml.MoMLSimpleApplication@1fec5ee7
reloadAllAccessors: .PublisherSubscriberOpaqueWidthInference

===========================================================================================
----------------- testing Fri Jan 03 00:44:46 UTC 2020 /home/travis/build/icyphy/ptII/ptolemy/actor/lib/test/auto/PublisherTestSubscriber.xml
----------------- Instantiating /home/travis/build/icyphy/ptII/ptolemy/actor/lib/test/auto/PublisherTestSubscriber.xml
5 ms. Memory: 495616K Free: 239458K (48%)
----------------- Invoking toplevel() on ptolemy.moml.MoMLSimpleApplication@5d92281c
----------------- Done invoking toplevel() on ptolemy.moml.MoMLSimpleApplication@5d92281c
reloadAllAccessors: .PublisherTestSubscriber

===========================================================================================
----------------- testing Fri Jan 03 00:44:46 UTC 2020 /home/travis/build/icyphy/ptII/ptolemy/actor/lib/test/auto/PublisherToplevelSubscriberPortAOC.xml
----------------- Instantiating /home/travis/build/icyphy/ptII/ptolemy/actor/lib/test/auto/PublisherToplevelSubscriberPortAOC.xml
2 ms. Memory: 495616K Free: 232794K (47%)
----------------- Invoking toplevel() on ptolemy.moml.MoMLSimpleApplication@6eefa519
----------------- Done invoking toplevel() on ptolemy.moml.MoMLSimpleApplication@6eefa519
reloadAllAccessors: .PublisherToplevelSubscriberPortAOC

===========================================================================================
----------------- testing Fri Jan 03 00:44:46 UTC 2020 /home/travis/build/icyphy/ptII/ptolemy/actor/lib/test/auto/PulseFiringLimitDE.xml
----------------- Instantiating /home/travis/build/icyphy/ptII/ptolemy/actor/lib/test/auto/PulseFiringLimitDE.xml
2 ms. Memory: 495616K Free: 226146K (46%)
----------------- Invoking toplevel() on ptolemy.moml.MoMLSimpleApplication@32d552dc
----------------- Done invoking toplevel() on ptolemy.moml.MoMLSimpleApplication@32d552dc
reloadAllAccessors: .PulseFiringLimitDE

===========================================================================================
----------------- testing Fri Jan 03 00:44:46 UTC 2020 /home/travis/build/icyphy/ptII/ptolemy/actor/lib/test/auto/Ramp1.xml
----------------- Instantiating /home/travis/build/icyphy/ptII/ptolemy/actor/lib/test/auto/Ramp1.xml
1 ms. Memory: 495616K Free: 222050K (45%)
----------------- Invoking toplevel() on ptolemy.moml.MoMLSimpleApplication@79e03e81
----------------- Done invoking toplevel() on ptolemy.moml.MoMLSimpleApplication@79e03e81
reloadAllAccessors: .Ramp1

===========================================================================================
----------------- testing Fri Jan 03 00:44:46 UTC 2020 /home/travis/build/icyphy/ptII/ptolemy/actor/lib/test/auto/RampFiringLimitDE.xml
----------------- Instantiating /home/travis/build/icyphy/ptII/ptolemy/actor/lib/test/auto/RampFiringLimitDE.xml
3 ms. Memory: 495616K Free: 215906K (44%)
----------------- Invoking toplevel() on ptolemy.moml.MoMLSimpleApplication@732cf8fc
----------------- Done invoking toplevel() on ptolemy.moml.MoMLSimpleApplication@732cf8fc
reloadAllAccessors: .RampFiringLimitDE

===========================================================================================
----------------- testing Fri Jan 03 00:44:46 UTC 2020 /home/travis/build/icyphy/ptII/ptolemy/actor/lib/test/auto/RampFiringLimitSDF.xml
----------------- Instantiating /home/travis/build/icyphy/ptII/ptolemy/actor/lib/test/auto/RampFiringLimitSDF.xml
2 ms. Memory: 495616K Free: 210786K (43%)
----------------- Invoking toplevel() on ptolemy.moml.MoMLSimpleApplication@28778118
----------------- Done invoking toplevel() on ptolemy.moml.MoMLSimpleApplication@28778118
reloadAllAccessors: .RampFiringLimitSDF

===========================================================================================
----------------- testing Fri Jan 03 00:44:46 UTC 2020 /home/travis/build/icyphy/ptII/ptolemy/actor/lib/test/auto/RandomInteger.xml
----------------- Instantiating /home/travis/build/icyphy/ptII/ptolemy/actor/lib/test/auto/RandomInteger.xml
1 ms. Memory: 495616K Free: 206176K (42%)
----------------- Invoking toplevel() on ptolemy.moml.MoMLSimpleApplication@71d6e378
----------------- Done invoking toplevel() on ptolemy.moml.MoMLSimpleApplication@71d6e378
reloadAllAccessors: .RandomInteger

===========================================================================================
----------------- testing Fri Jan 03 00:44:46 UTC 2020 /home/travis/build/icyphy/ptII/ptolemy/actor/lib/test/auto/ReadFile1.xml
----------------- Instantiating /home/travis/build/icyphy/ptII/ptolemy/actor/lib/test/auto/ReadFile1.xml
2 ms. Memory: 495616K Free: 201570K (41%)
----------------- Invoking toplevel() on ptolemy.moml.MoMLSimpleApplication@3b6acbcf
----------------- Done invoking toplevel() on ptolemy.moml.MoMLSimpleApplication@3b6acbcf
reloadAllAccessors: .ReadFile1

===========================================================================================
----------------- testing Fri Jan 03 00:44:46 UTC 2020 /home/travis/build/icyphy/ptII/ptolemy/actor/lib/test/auto/ReadFile2.xml
----------------- Instantiating /home/travis/build/icyphy/ptII/ptolemy/actor/lib/test/auto/ReadFile2.xml
1 ms. Memory: 495616K Free: 197474K (40%)
----------------- Invoking toplevel() on ptolemy.moml.MoMLSimpleApplication@1dcb413e
----------------- Done invoking toplevel() on ptolemy.moml.MoMLSimpleApplication@1dcb413e
reloadAllAccessors: .ReadFile2

===========================================================================================
----------------- testing Fri Jan 03 00:44:46 UTC 2020 /home/travis/build/icyphy/ptII/ptolemy/actor/lib/test/auto/Reader.xml
----------------- Instantiating /home/travis/build/icyphy/ptII/ptolemy/actor/lib/test/auto/Reader.xml
actor.lib.Reader is obsolete, use actor.lib.io.ExpressionReader instead
2 ms. Memory: 495616K Free: 193378K (39%)
----------------- Invoking toplevel() on ptolemy.moml.MoMLSimpleApplication@3a31f537
----------------- Done invoking toplevel() on ptolemy.moml.MoMLSimpleApplication@3a31f537
reloadAllAccessors: .Reader

===========================================================================================
----------------- testing Fri Jan 03 00:44:46 UTC 2020 /home/travis/build/icyphy/ptII/ptolemy/actor/lib/test/auto/RecordAssemblerDisplayNameTest.xml
----------------- Instantiating /home/travis/build/icyphy/ptII/ptolemy/actor/lib/test/auto/RecordAssemblerDisplayNameTest.xml
3416 ms. Memory: 495616K Free: 426850K (86%)
----------------- Invoking toplevel() on ptolemy.moml.MoMLSimpleApplication@4a048c6
----------------- Done invoking toplevel() on ptolemy.moml.MoMLSimpleApplication@4a048c6
reloadAllAccessors: .RecordAssemblerDisplayNameTest

===========================================================================================
----------------- testing Fri Jan 03 00:44:50 UTC 2020 /home/travis/build/icyphy/ptII/ptolemy/actor/lib/test/auto/RecordAssemblerTypeError.xml
----------------- Instantiating /home/travis/build/icyphy/ptII/ptolemy/actor/lib/test/auto/RecordAssemblerTypeError.xml
11 ms. Memory: 495616K Free: 417120K (84%)
----------------- Invoking toplevel() on ptolemy.moml.MoMLSimpleApplication@1f57761e
----------------- Done invoking toplevel() on ptolemy.moml.MoMLSimpleApplication@1f57761e
reloadAllAccessors: .RecordAssemblerTypeError

===========================================================================================
----------------- testing Fri Jan 03 00:44:50 UTC 2020 /home/travis/build/icyphy/ptII/ptolemy/actor/lib/test/auto/RecordDisassember.xml
----------------- Instantiating /home/travis/build/icyphy/ptII/ptolemy/actor/lib/test/auto/RecordDisassember.xml
12 ms. Memory: 495616K Free: 412514K (83%)
----------------- Invoking toplevel() on ptolemy.moml.MoMLSimpleApplication@31e8d49d
----------------- Done invoking toplevel() on ptolemy.moml.MoMLSimpleApplication@31e8d49d
reloadAllAccessors: .RecordDisassember

===========================================================================================
----------------- testing Fri Jan 03 00:44:50 UTC 2020 /home/travis/build/icyphy/ptII/ptolemy/actor/lib/test/auto/RecordDisassemberDisplayNameTest.xml
----------------- Instantiating /home/travis/build/icyphy/ptII/ptolemy/actor/lib/test/auto/RecordDisassemberDisplayNameTest.xml
5 ms. Memory: 495616K Free: 404832K (82%)
----------------- Invoking toplevel() on ptolemy.moml.MoMLSimpleApplication@505219f0
----------------- Done invoking toplevel() on ptolemy.moml.MoMLSimpleApplication@505219f0
reloadAllAccessors: .RecordDisassemberDisplayNameTest

===========================================================================================
----------------- testing Fri Jan 03 00:44:50 UTC 2020 /home/travis/build/icyphy/ptII/ptolemy/actor/lib/test/auto/RecordDisassembler.xml
----------------- Instantiating /home/travis/build/icyphy/ptII/ptolemy/actor/lib/test/auto/RecordDisassembler.xml
3 ms. Memory: 495616K Free: 399682K (81%)
----------------- Invoking toplevel() on ptolemy.moml.MoMLSimpleApplication@4553e08b
----------------- Done invoking toplevel() on ptolemy.moml.MoMLSimpleApplication@4553e08b
reloadAllAccessors: .RecordDisassembler

===========================================================================================
----------------- testing Fri Jan 03 00:44:50 UTC 2020 /home/travis/build/icyphy/ptII/ptolemy/actor/lib/test/auto/RecordDisassembler2.xml
----------------- Instantiating /home/travis/build/icyphy/ptII/ptolemy/actor/lib/test/auto/RecordDisassembler2.xml
3 ms. Memory: 495616K Free: 394562K (80%)
----------------- Invoking toplevel() on ptolemy.moml.MoMLSimpleApplication@615e382b
----------------- Done invoking toplevel() on ptolemy.moml.MoMLSimpleApplication@615e382b
reloadAllAccessors: .RecordDisassembler2

===========================================================================================
----------------- testing Fri Jan 03 00:44:50 UTC 2020 /home/travis/build/icyphy/ptII/ptolemy/actor/lib/test/auto/RecordUpdater.xml
----------------- Instantiating /home/travis/build/icyphy/ptII/ptolemy/actor/lib/test/auto/RecordUpdater.xml
2 ms. Memory: 495616K Free: 389986K (79%)
----------------- Invoking toplevel() on ptolemy.moml.MoMLSimpleApplication@282ae8d4
----------------- Done invoking toplevel() on ptolemy.moml.MoMLSimpleApplication@282ae8d4
reloadAllAccessors: .RecordUpdater

===========================================================================================
----------------- testing Fri Jan 03 00:44:50 UTC 2020 /home/travis/build/icyphy/ptII/ptolemy/actor/lib/test/auto/RecordUpdater2.xml
----------------- Instantiating /home/travis/build/icyphy/ptII/ptolemy/actor/lib/test/auto/RecordUpdater2.xml
3 ms. Memory: 495616K Free: 385376K (78%)
----------------- Invoking toplevel() on ptolemy.moml.MoMLSimpleApplication@313413a3
----------------- Done invoking toplevel() on ptolemy.moml.MoMLSimpleApplication@313413a3
reloadAllAccessors: .RecordUpdater2

===========================================================================================
----------------- testing Fri Jan 03 00:44:50 UTC 2020 /home/travis/build/icyphy/ptII/ptolemy/actor/lib/test/auto/RecursiveLattice.xml
----------------- Instantiating /home/travis/build/icyphy/ptII/ptolemy/actor/lib/test/auto/RecursiveLattice.xml
1 ms. Memory: 495616K Free: 381280K (77%)
----------------- Invoking toplevel() on ptolemy.moml.MoMLSimpleApplication@67e50599
----------------- Done invoking toplevel() on ptolemy.moml.MoMLSimpleApplication@67e50599
reloadAllAccessors: .RecursiveLattice

===========================================================================================
----------------- testing Fri Jan 03 00:44:50 UTC 2020 /home/travis/build/icyphy/ptII/ptolemy/actor/lib/test/auto/Router.xml
----------------- Instantiating /home/travis/build/icyphy/ptII/ptolemy/actor/lib/test/auto/Router.xml
3004 ms. Memory: 495616K Free: 370016K (75%)
----------------- Invoking toplevel() on ptolemy.moml.MoMLSimpleApplication@4cc686a7
----------------- Done invoking toplevel() on ptolemy.moml.MoMLSimpleApplication@4cc686a7
reloadAllAccessors: .Router

===========================================================================================
----------------- testing Fri Jan 03 00:44:53 UTC 2020 /home/travis/build/icyphy/ptII/ptolemy/actor/lib/test/auto/Router2.xml
----------------- Instantiating /home/travis/build/icyphy/ptII/ptolemy/actor/lib/test/auto/Router2.xml
3015 ms. Memory: 495616K Free: 358752K (72%)
----------------- Invoking toplevel() on ptolemy.moml.MoMLSimpleApplication@29cdb4a5
----------------- Done invoking toplevel() on ptolemy.moml.MoMLSimpleApplication@29cdb4a5
reloadAllAccessors: .Router2

===========================================================================================
----------------- testing Fri Jan 03 00:44:56 UTC 2020 /home/travis/build/icyphy/ptII/ptolemy/actor/lib/test/auto/RunningMaximum.xml
----------------- Instantiating /home/travis/build/icyphy/ptII/ptolemy/actor/lib/test/auto/RunningMaximum.xml
2 ms. Memory: 495616K Free: 354146K (71%)
----------------- Invoking toplevel() on ptolemy.moml.MoMLSimpleApplication@41f5eacd
----------------- Done invoking toplevel() on ptolemy.moml.MoMLSimpleApplication@41f5eacd
reloadAllAccessors: .RunningMaximum

===========================================================================================
----------------- testing Fri Jan 03 00:44:56 UTC 2020 /home/travis/build/icyphy/ptII/ptolemy/actor/lib/test/auto/RunningMinimum.xml
----------------- Instantiating /home/travis/build/icyphy/ptII/ptolemy/actor/lib/test/auto/RunningMinimum.xml
1 ms. Memory: 495616K Free: 349536K (71%)
----------------- Invoking toplevel() on ptolemy.moml.MoMLSimpleApplication@11ba5795
----------------- Done invoking toplevel() on ptolemy.moml.MoMLSimpleApplication@11ba5795
reloadAllAccessors: .RunningMinimum

===========================================================================================
----------------- testing Fri Jan 03 00:44:56 UTC 2020 /home/travis/build/icyphy/ptII/ptolemy/actor/lib/test/auto/Scale.xml
----------------- Instantiating /home/travis/build/icyphy/ptII/ptolemy/actor/lib/test/auto/Scale.xml
1 ms. Memory: 495616K Free: 344930K (70%)
----------------- Invoking toplevel() on ptolemy.moml.MoMLSimpleApplication@1ed10d68
----------------- Done invoking toplevel() on ptolemy.moml.MoMLSimpleApplication@1ed10d68
reloadAllAccessors: .Scale

===========================================================================================
----------------- testing Fri Jan 03 00:44:56 UTC 2020 /home/travis/build/icyphy/ptII/ptolemy/actor/lib/test/auto/Scale2.xml
----------------- Instantiating /home/travis/build/icyphy/ptII/ptolemy/actor/lib/test/auto/Scale2.xml
2 ms. Memory: 495616K Free: 340320K (69%)
----------------- Invoking toplevel() on ptolemy.moml.MoMLSimpleApplication@5dafae64
----------------- Done invoking toplevel() on ptolemy.moml.MoMLSimpleApplication@5dafae64
reloadAllAccessors: .Scale2

===========================================================================================
----------------- testing Fri Jan 03 00:44:56 UTC 2020 /home/travis/build/icyphy/ptII/ptolemy/actor/lib/test/auto/Scale3.xml
----------------- Instantiating /home/travis/build/icyphy/ptII/ptolemy/actor/lib/test/auto/Scale3.xml
2 ms. Memory: 495616K Free: 334176K (67%)
----------------- Invoking toplevel() on ptolemy.moml.MoMLSimpleApplication@671d23d3
----------------- Done invoking toplevel() on ptolemy.moml.MoMLSimpleApplication@671d23d3
reloadAllAccessors: .Scale3

===========================================================================================
----------------- testing Fri Jan 03 00:44:56 UTC 2020 /home/travis/build/icyphy/ptII/ptolemy/actor/lib/test/auto/ScaleArray.xml
----------------- Instantiating /home/travis/build/icyphy/ptII/ptolemy/actor/lib/test/auto/ScaleArray.xml
1 ms. Memory: 495616K Free: 329570K (66%)
----------------- Invoking toplevel() on ptolemy.moml.MoMLSimpleApplication@7332d933
----------------- Done invoking toplevel() on ptolemy.moml.MoMLSimpleApplication@7332d933
reloadAllAccessors: .ScaleArray

===========================================================================================
----------------- testing Fri Jan 03 00:44:56 UTC 2020 /home/travis/build/icyphy/ptII/ptolemy/actor/lib/test/auto/ScaleArray2.xml
----------------- Instantiating /home/travis/build/icyphy/ptII/ptolemy/actor/lib/test/auto/ScaleArray2.xml
1 ms. Memory: 495616K Free: 324960K (66%)
----------------- Invoking toplevel() on ptolemy.moml.MoMLSimpleApplication@eca7c78
----------------- Done invoking toplevel() on ptolemy.moml.MoMLSimpleApplication@eca7c78
reloadAllAccessors: .ScaleArray2

===========================================================================================
----------------- testing Fri Jan 03 00:44:56 UTC 2020 /home/travis/build/icyphy/ptII/ptolemy/actor/lib/test/auto/ScaleMatrix.xml
----------------- Instantiating /home/travis/build/icyphy/ptII/ptolemy/actor/lib/test/auto/ScaleMatrix.xml
114 ms. Memory: 495616K Free: 313696K (63%)
----------------- Invoking toplevel() on ptolemy.moml.MoMLSimpleApplication@69b6ea4d
----------------- Done invoking toplevel() on ptolemy.moml.MoMLSimpleApplication@69b6ea4d
reloadAllAccessors: .ScaleMatrix

===========================================================================================
----------------- testing Fri Jan 03 00:44:56 UTC 2020 /home/travis/build/icyphy/ptII/ptolemy/actor/lib/test/auto/Select.xml
----------------- Instantiating /home/travis/build/icyphy/ptII/ptolemy/actor/lib/test/auto/Select.xml
2 ms. Memory: 495616K Free: 307522K (62%)
----------------- Invoking toplevel() on ptolemy.moml.MoMLSimpleApplication@353b6833
----------------- Done invoking toplevel() on ptolemy.moml.MoMLSimpleApplication@353b6833
reloadAllAccessors: .Select

===========================================================================================
----------------- testing Fri Jan 03 00:44:56 UTC 2020 /home/travis/build/icyphy/ptII/ptolemy/actor/lib/test/auto/Select2.xml
----------------- Instantiating /home/travis/build/icyphy/ptII/ptolemy/actor/lib/test/auto/Select2.xml
0 ms. Memory: 495616K Free: 302946K (61%)
----------------- Invoking toplevel() on ptolemy.moml.MoMLSimpleApplication@98476ce
----------------- Done invoking toplevel() on ptolemy.moml.MoMLSimpleApplication@98476ce
reloadAllAccessors: .Select2

===========================================================================================
----------------- testing Fri Jan 03 00:44:56 UTC 2020 /home/travis/build/icyphy/ptII/ptolemy/actor/lib/test/auto/SequenceToArray2.xml
----------------- Instantiating /home/travis/build/icyphy/ptII/ptolemy/actor/lib/test/auto/SequenceToArray2.xml
84 ms. Memory: 495616K Free: 278370K (56%)
----------------- Invoking toplevel() on ptolemy.moml.MoMLSimpleApplication@7dd7de21
----------------- Done invoking toplevel() on ptolemy.moml.MoMLSimpleApplication@7dd7de21
reloadAllAccessors: .SequenceToArray2

===========================================================================================
----------------- testing Fri Jan 03 00:44:56 UTC 2020 /home/travis/build/icyphy/ptII/ptolemy/actor/lib/test/auto/SequentialClock.xml
----------------- Instantiating /home/travis/build/icyphy/ptII/ptolemy/actor/lib/test/auto/SequentialClock.xml
1 ms. Memory: 495616K Free: 274274K (55%)
----------------- Invoking toplevel() on ptolemy.moml.MoMLSimpleApplication@69146f2d
----------------- Done invoking toplevel() on ptolemy.moml.MoMLSimpleApplication@69146f2d
reloadAllAccessors: .SequentialClock

===========================================================================================
----------------- testing Fri Jan 03 00:44:56 UTC 2020 /home/travis/build/icyphy/ptII/ptolemy/actor/lib/test/auto/SetVariable.xml
----------------- Instantiating /home/travis/build/icyphy/ptII/ptolemy/actor/lib/test/auto/SetVariable.xml
6 ms. Memory: 495616K Free: 269664K (54%)
----------------- Invoking toplevel() on ptolemy.moml.MoMLSimpleApplication@5de83dc7
----------------- Done invoking toplevel() on ptolemy.moml.MoMLSimpleApplication@5de83dc7
reloadAllAccessors: .SetVariable

===========================================================================================
----------------- testing Fri Jan 03 00:44:56 UTC 2020 /home/travis/build/icyphy/ptII/ptolemy/actor/lib/test/auto/SetVariable2.xml
----------------- Instantiating /home/travis/build/icyphy/ptII/ptolemy/actor/lib/test/auto/SetVariable2.xml
3 ms. Memory: 495616K Free: 264544K (53%)
----------------- Invoking toplevel() on ptolemy.moml.MoMLSimpleApplication@2db21f9c
----------------- Done invoking toplevel() on ptolemy.moml.MoMLSimpleApplication@2db21f9c
reloadAllAccessors: .SetVariable2

===========================================================================================
----------------- testing Fri Jan 03 00:44:56 UTC 2020 /home/travis/build/icyphy/ptII/ptolemy/actor/lib/test/auto/SetVariable3.xml
----------------- Instantiating /home/travis/build/icyphy/ptII/ptolemy/actor/lib/test/auto/SetVariable3.xml
7 ms. Memory: 495616K Free: 258914K (52%)
----------------- Invoking toplevel() on ptolemy.moml.MoMLSimpleApplication@549841d
----------------- Done invoking toplevel() on ptolemy.moml.MoMLSimpleApplication@549841d
reloadAllAccessors: .SetVariable3

===========================================================================================
----------------- testing Fri Jan 03 00:44:56 UTC 2020 /home/travis/build/icyphy/ptII/ptolemy/actor/lib/test/auto/SetVariable4.xml
----------------- Instantiating /home/travis/build/icyphy/ptII/ptolemy/actor/lib/test/auto/SetVariable4.xml
16 ms. Memory: 495616K Free: 248674K (50%)
----------------- Invoking toplevel() on ptolemy.moml.MoMLSimpleApplication@5ff7ce25
----------------- Done invoking toplevel() on ptolemy.moml.MoMLSimpleApplication@5ff7ce25
reloadAllAccessors: .SetVariable4

===========================================================================================
----------------- testing Fri Jan 03 00:44:56 UTC 2020 /home/travis/build/icyphy/ptII/ptolemy/actor/lib/test/auto/SetVariable5.xml
----------------- Instantiating /home/travis/build/icyphy/ptII/ptolemy/actor/lib/test/auto/SetVariable5.xml
17 ms. Memory: 495616K Free: 239458K (48%)
----------------- Invoking toplevel() on ptolemy.moml.MoMLSimpleApplication@6ff71182
----------------- Done invoking toplevel() on ptolemy.moml.MoMLSimpleApplication@6ff71182
reloadAllAccessors: .SetVariable5

===========================================================================================
----------------- testing Fri Jan 03 00:44:56 UTC 2020 /home/travis/build/icyphy/ptII/ptolemy/actor/lib/test/auto/Sinewave.xml
----------------- Instantiating /home/travis/build/icyphy/ptII/ptolemy/actor/lib/test/auto/Sinewave.xml
7 ms. Memory: 495616K Free: 228704K (46%)
----------------- Invoking toplevel() on ptolemy.moml.MoMLSimpleApplication@5e15580a
----------------- Done invoking toplevel() on ptolemy.moml.MoMLSimpleApplication@5e15580a
reloadAllAccessors: .Sinewave

===========================================================================================
----------------- testing Fri Jan 03 00:44:56 UTC 2020 /home/travis/build/icyphy/ptII/ptolemy/actor/lib/test/auto/Sinewave2.xml
----------------- Instantiating /home/travis/build/icyphy/ptII/ptolemy/actor/lib/test/auto/Sinewave2.xml
6 ms. Memory: 495616K Free: 220512K (44%)
----------------- Invoking toplevel() on ptolemy.moml.MoMLSimpleApplication@2154a1b5
----------------- Done invoking toplevel() on ptolemy.moml.MoMLSimpleApplication@2154a1b5
reloadAllAccessors: .Sinewave2

===========================================================================================
----------------- testing Fri Jan 03 00:44:56 UTC 2020 /home/travis/build/icyphy/ptII/ptolemy/actor/lib/test/auto/Sinewave3.xml
----------------- Instantiating /home/travis/build/icyphy/ptII/ptolemy/actor/lib/test/auto/Sinewave3.xml
5 ms. Memory: 495616K Free: 212306K (43%)
----------------- Invoking toplevel() on ptolemy.moml.MoMLSimpleApplication@763d49e1
----------------- Done invoking toplevel() on ptolemy.moml.MoMLSimpleApplication@763d49e1
reloadAllAccessors: .Sinewave3

===========================================================================================
----------------- testing Fri Jan 03 00:44:56 UTC 2020 /home/travis/build/icyphy/ptII/ptolemy/actor/lib/test/auto/SingleEvent.xml
----------------- Instantiating /home/travis/build/icyphy/ptII/ptolemy/actor/lib/test/auto/SingleEvent.xml
1 ms. Memory: 495616K Free: 208224K (42%)
----------------- Invoking toplevel() on ptolemy.moml.MoMLSimpleApplication@18f36754
----------------- Done invoking toplevel() on ptolemy.moml.MoMLSimpleApplication@18f36754
reloadAllAccessors: .SingleEvent

===========================================================================================
----------------- testing Fri Jan 03 00:44:56 UTC 2020 /home/travis/build/icyphy/ptII/ptolemy/actor/lib/test/auto/Sleep.xml
----------------- Instantiating /home/travis/build/icyphy/ptII/ptolemy/actor/lib/test/auto/Sleep.xml
6003 ms. Memory: 495616K Free: 203074K (41%)
----------------- Invoking toplevel() on ptolemy.moml.MoMLSimpleApplication@6251ba1c
----------------- Done invoking toplevel() on ptolemy.moml.MoMLSimpleApplication@6251ba1c
reloadAllAccessors: .Sleep

===========================================================================================
----------------- testing Fri Jan 03 00:45:02 UTC 2020 /home/travis/build/icyphy/ptII/ptolemy/actor/lib/test/auto/SleepMultipleFire.xml
----------------- Instantiating /home/travis/build/icyphy/ptII/ptolemy/actor/lib/test/auto/SleepMultipleFire.xml
1006 ms. Memory: 495616K Free: 197474K (40%)
----------------- Invoking toplevel() on ptolemy.moml.MoMLSimpleApplication@1d99f559
----------------- Done invoking toplevel() on ptolemy.moml.MoMLSimpleApplication@1d99f559
reloadAllAccessors: .SleepMultipleFire

===========================================================================================
----------------- testing Fri Jan 03 00:45:03 UTC 2020 /home/travis/build/icyphy/ptII/ptolemy/actor/lib/test/auto/StopDE.xml
----------------- Instantiating /home/travis/build/icyphy/ptII/ptolemy/actor/lib/test/auto/StopDE.xml
3 ms. Memory: 495616K Free: 191330K (39%)
----------------- Invoking toplevel() on ptolemy.moml.MoMLSimpleApplication@aad7250
----------------- Done invoking toplevel() on ptolemy.moml.MoMLSimpleApplication@aad7250
reloadAllAccessors: .StopDE

===========================================================================================
----------------- testing Fri Jan 03 00:45:03 UTC 2020 /home/travis/build/icyphy/ptII/ptolemy/actor/lib/test/auto/StopSDF.xml
----------------- Instantiating /home/travis/build/icyphy/ptII/ptolemy/actor/lib/test/auto/StopSDF.xml
2 ms. Memory: 495616K Free: 186210K (38%)
----------------- Invoking toplevel() on ptolemy.moml.MoMLSimpleApplication@24b9e77d
----------------- Done invoking toplevel() on ptolemy.moml.MoMLSimpleApplication@24b9e77d
reloadAllAccessors: .StopSDF

===========================================================================================
----------------- testing Fri Jan 03 00:45:04 UTC 2020 /home/travis/build/icyphy/ptII/ptolemy/actor/lib/test/auto/StringConstant.xml
----------------- Instantiating /home/travis/build/icyphy/ptII/ptolemy/actor/lib/test/auto/StringConstant.xml
9 ms. Memory: 495616K Free: 182114K (37%)
----------------- Invoking toplevel() on ptolemy.moml.MoMLSimpleApplication@6dc2d768
----------------- Done invoking toplevel() on ptolemy.moml.MoMLSimpleApplication@6dc2d768
reloadAllAccessors: .StringConstant

===========================================================================================
----------------- testing Fri Jan 03 00:45:04 UTC 2020 /home/travis/build/icyphy/ptII/ptolemy/actor/lib/test/auto/SubscriberPortInitialValues1.xml
----------------- Instantiating /home/travis/build/icyphy/ptII/ptolemy/actor/lib/test/auto/SubscriberPortInitialValues1.xml
8 ms. Memory: 495616K Free: 173408K (35%)
----------------- Invoking toplevel() on ptolemy.moml.MoMLSimpleApplication@23f1a4ce
----------------- Done invoking toplevel() on ptolemy.moml.MoMLSimpleApplication@23f1a4ce
reloadAllAccessors: .SubscriberPortInitialValues1

===========================================================================================
----------------- testing Fri Jan 03 00:45:04 UTC 2020 /home/travis/build/icyphy/ptII/ptolemy/actor/lib/test/auto/SubscriberPortInitialValues13.xml
----------------- Instantiating /home/travis/build/icyphy/ptII/ptolemy/actor/lib/test/auto/SubscriberPortInitialValues13.xml
5 ms. Memory: 495616K Free: 161120K (33%)
----------------- Invoking toplevel() on ptolemy.moml.MoMLSimpleApplication@1eab9ff
----------------- Done invoking toplevel() on ptolemy.moml.MoMLSimpleApplication@1eab9ff
reloadAllAccessors: .SubscriberPortInitialValues13

===========================================================================================
----------------- testing Fri Jan 03 00:45:04 UTC 2020 /home/travis/build/icyphy/ptII/ptolemy/actor/lib/test/auto/SubscriberPortInitialValues14.xml
----------------- Instantiating /home/travis/build/icyphy/ptII/ptolemy/actor/lib/test/auto/SubscriberPortInitialValues14.xml
5 ms. Memory: 495616K Free: 441698K (89%)
----------------- Invoking toplevel() on ptolemy.moml.MoMLSimpleApplication@53f5876b
----------------- Done invoking toplevel() on ptolemy.moml.MoMLSimpleApplication@53f5876b
reloadAllAccessors: .SubscriberPortInitialValues14

===========================================================================================
----------------- testing Fri Jan 03 00:45:04 UTC 2020 /home/travis/build/icyphy/ptII/ptolemy/actor/lib/test/auto/SubscriberPortInitialValues2.xml
----------------- Instantiating /home/travis/build/icyphy/ptII/ptolemy/actor/lib/test/auto/SubscriberPortInitialValues2.xml
4 ms. Memory: 495616K Free: 433506K (87%)
----------------- Invoking toplevel() on ptolemy.moml.MoMLSimpleApplication@5e3931bc
----------------- Done invoking toplevel() on ptolemy.moml.MoMLSimpleApplication@5e3931bc
reloadAllAccessors: .SubscriberPortInitialValues2

===========================================================================================
----------------- testing Fri Jan 03 00:45:04 UTC 2020 /home/travis/build/icyphy/ptII/ptolemy/actor/lib/test/auto/SubscriberPortInitialValues3.xml
----------------- Instantiating /home/travis/build/icyphy/ptII/ptolemy/actor/lib/test/auto/SubscriberPortInitialValues3.xml
5 ms. Memory: 495616K Free: 422752K (85%)
----------------- Invoking toplevel() on ptolemy.moml.MoMLSimpleApplication@6706257
----------------- Done invoking toplevel() on ptolemy.moml.MoMLSimpleApplication@6706257
reloadAllAccessors: .SubscriberPortInitialValues3

===========================================================================================
----------------- testing Fri Jan 03 00:45:04 UTC 2020 /home/travis/build/icyphy/ptII/ptolemy/actor/lib/test/auto/SubscriptionAggregator.xml
----------------- Instantiating /home/travis/build/icyphy/ptII/ptolemy/actor/lib/test/auto/SubscriptionAggregator.xml
16 ms. Memory: 495616K Free: 416098K (84%)
----------------- Invoking toplevel() on ptolemy.moml.MoMLSimpleApplication@2ed229bf
----------------- Done invoking toplevel() on ptolemy.moml.MoMLSimpleApplication@2ed229bf
reloadAllAccessors: .SubscriptionAggregator

===========================================================================================
----------------- testing Fri Jan 03 00:45:04 UTC 2020 /home/travis/build/icyphy/ptII/ptolemy/actor/lib/test/auto/SubscriptionAggregator2.xml
----------------- Instantiating /home/travis/build/icyphy/ptII/ptolemy/actor/lib/test/auto/SubscriptionAggregator2.xml
4 ms. Memory: 495616K Free: 409426K (83%)
----------------- Invoking toplevel() on ptolemy.moml.MoMLSimpleApplication@45c5da1a
----------------- Done invoking toplevel() on ptolemy.moml.MoMLSimpleApplication@45c5da1a
reloadAllAccessors: .SubscriptionAggregator2

===========================================================================================
----------------- testing Fri Jan 03 00:45:04 UTC 2020 /home/travis/build/icyphy/ptII/ptolemy/actor/lib/test/auto/SubscriptionAggregator3.xml
----------------- Instantiating /home/travis/build/icyphy/ptII/ptolemy/actor/lib/test/auto/SubscriptionAggregator3.xml
3 ms. Memory: 495616K Free: 400738K (81%)
----------------- Invoking toplevel() on ptolemy.moml.MoMLSimpleApplication@55d2be20
----------------- Done invoking toplevel() on ptolemy.moml.MoMLSimpleApplication@55d2be20
reloadAllAccessors: .SubscriptionAggregator3

===========================================================================================
----------------- testing Fri Jan 03 00:45:04 UTC 2020 /home/travis/build/icyphy/ptII/ptolemy/actor/lib/test/auto/SubscriptionAggregatorMultiply.xml
----------------- Instantiating /home/travis/build/icyphy/ptII/ptolemy/actor/lib/test/auto/SubscriptionAggregatorMultiply.xml
10 ms. Memory: 495616K Free: 392546K (79%)
----------------- Invoking toplevel() on ptolemy.moml.MoMLSimpleApplication@2ca6e38
----------------- Done invoking toplevel() on ptolemy.moml.MoMLSimpleApplication@2ca6e38
reloadAllAccessors: .SubscriptionAggregatorMultiply

===========================================================================================
----------------- testing Fri Jan 03 00:45:04 UTC 2020 /home/travis/build/icyphy/ptII/ptolemy/actor/lib/test/auto/SubscriptionAggregatorPortMultiply1.xml
----------------- Instantiating /home/travis/build/icyphy/ptII/ptolemy/actor/lib/test/auto/SubscriptionAggregatorPortMultiply1.xml
3 ms. Memory: 495616K Free: 384354K (78%)
----------------- Invoking toplevel() on ptolemy.moml.MoMLSimpleApplication@1a6fcadc
----------------- Done invoking toplevel() on ptolemy.moml.MoMLSimpleApplication@1a6fcadc
reloadAllAccessors: .SubscriptionAggregatorPortMultiply1

===========================================================================================
----------------- testing Fri Jan 03 00:45:04 UTC 2020 /home/travis/build/icyphy/ptII/ptolemy/actor/lib/test/auto/Switch.xml
----------------- Instantiating /home/travis/build/icyphy/ptII/ptolemy/actor/lib/test/auto/Switch.xml
10 ms. Memory: 495616K Free: 376162K (76%)
----------------- Invoking toplevel() on ptolemy.moml.MoMLSimpleApplication@6c1cc283
----------------- Done invoking toplevel() on ptolemy.moml.MoMLSimpleApplication@6c1cc283
reloadAllAccessors: .Switch

===========================================================================================
----------------- testing Fri Jan 03 00:45:04 UTC 2020 /home/travis/build/icyphy/ptII/ptolemy/actor/lib/test/auto/Switch2.xml
----------------- Instantiating /home/travis/build/icyphy/ptII/ptolemy/actor/lib/test/auto/Switch2.xml
1 ms. Memory: 495616K Free: 371552K (75%)
----------------- Invoking toplevel() on ptolemy.moml.MoMLSimpleApplication@52293bc5
----------------- Done invoking toplevel() on ptolemy.moml.MoMLSimpleApplication@52293bc5
reloadAllAccessors: .Switch2

===========================================================================================
----------------- testing Fri Jan 03 00:45:04 UTC 2020 /home/travis/build/icyphy/ptII/ptolemy/actor/lib/test/auto/SwitchDE.xml
----------------- Instantiating /home/travis/build/icyphy/ptII/ptolemy/actor/lib/test/auto/SwitchDE.xml
2 ms. Memory: 495616K Free: 365378K (74%)
----------------- Invoking toplevel() on ptolemy.moml.MoMLSimpleApplication@44944e82
----------------- Done invoking toplevel() on ptolemy.moml.MoMLSimpleApplication@44944e82
reloadAllAccessors: .SwitchDE

===========================================================================================
----------------- testing Fri Jan 03 00:45:04 UTC 2020 /home/travis/build/icyphy/ptII/ptolemy/actor/lib/test/auto/SynchronizerDE.xml
----------------- Instantiating /home/travis/build/icyphy/ptII/ptolemy/actor/lib/test/auto/SynchronizerDE.xml
8 ms. Memory: 495616K Free: 357186K (72%)
----------------- Invoking toplevel() on ptolemy.moml.MoMLSimpleApplication@106ec2bd
----------------- Done invoking toplevel() on ptolemy.moml.MoMLSimpleApplication@106ec2bd
reloadAllAccessors: .SynchronizerDE

===========================================================================================
----------------- testing Fri Jan 03 00:45:04 UTC 2020 /home/travis/build/icyphy/ptII/ptolemy/actor/lib/test/auto/Test.xml
----------------- Instantiating /home/travis/build/icyphy/ptII/ptolemy/actor/lib/test/auto/Test.xml
9 ms. Memory: 495616K Free: 352066K (71%)
----------------- Invoking toplevel() on ptolemy.moml.MoMLSimpleApplication@59c7a462
----------------- Done invoking toplevel() on ptolemy.moml.MoMLSimpleApplication@59c7a462
reloadAllAccessors: .Test

===========================================================================================
----------------- testing Fri Jan 03 00:45:04 UTC 2020 /home/travis/build/icyphy/ptII/ptolemy/actor/lib/test/auto/TestExceptionAttribute1.xml
----------------- Instantiating /home/travis/build/icyphy/ptII/ptolemy/actor/lib/test/auto/TestExceptionAttribute1.xml
2 ms. Memory: 495616K Free: 348000K (70%)
----------------- Invoking toplevel() on ptolemy.moml.MoMLSimpleApplication@3e3ea153
----------------- Done invoking toplevel() on ptolemy.moml.MoMLSimpleApplication@3e3ea153
reloadAllAccessors: .TestExceptionAttribute1

===========================================================================================
----------------- testing Fri Jan 03 00:45:04 UTC 2020 /home/travis/build/icyphy/ptII/ptolemy/actor/lib/test/auto/TestExceptionAttribute2.xml
----------------- Instantiating /home/travis/build/icyphy/ptII/ptolemy/actor/lib/test/auto/TestExceptionAttribute2.xml
2 ms. Memory: 495616K Free: 344418K (69%)
----------------- Invoking toplevel() on ptolemy.moml.MoMLSimpleApplication@49b469e9
----------------- Done invoking toplevel() on ptolemy.moml.MoMLSimpleApplication@49b469e9
reloadAllAccessors: .TestExceptionAttribute2

===========================================================================================
----------------- testing Fri Jan 03 00:45:04 UTC 2020 /home/travis/build/icyphy/ptII/ptolemy/actor/lib/test/auto/TestExceptionAttribute3.xml
----------------- Instantiating /home/travis/build/icyphy/ptII/ptolemy/actor/lib/test/auto/TestExceptionAttribute3.xml
.TestExceptionAttribute3.TestExceptionAttribute: initialize() was not invoked, but wrapup() was.  This is unusual, but not always a problem.  For example, exporting JNLP will do this.
1 ms. Memory: 495616K Free: 340832K (69%)
----------------- Invoking toplevel() on ptolemy.moml.MoMLSimpleApplication@429712dc
----------------- Done invoking toplevel() on ptolemy.moml.MoMLSimpleApplication@429712dc
reloadAllAccessors: .TestExceptionAttribute3

===========================================================================================
----------------- testing Fri Jan 03 00:45:04 UTC 2020 /home/travis/build/icyphy/ptII/ptolemy/actor/lib/test/auto/TestExceptionAttribute4.xml
----------------- Instantiating /home/travis/build/icyphy/ptII/ptolemy/actor/lib/test/auto/TestExceptionAttribute4.xml
.TestExceptionAttribute4.TestExceptionAttribute: initialize() was not invoked, but wrapup() was.  This is unusual, but not always a problem.  For example, exporting JNLP will do this.
.TestExceptionAttribute4.TestExceptionAttribute2: initialize() was not invoked, but wrapup() was.  This is unusual, but not always a problem.  For example, exporting JNLP will do this.
1 ms. Memory: 495616K Free: 336736K (68%)
----------------- Invoking toplevel() on ptolemy.moml.MoMLSimpleApplication@51c0a7c5
----------------- Done invoking toplevel() on ptolemy.moml.MoMLSimpleApplication@51c0a7c5
reloadAllAccessors: .TestExceptionAttribute4

===========================================================================================
----------------- testing Fri Jan 03 00:45:04 UTC 2020 /home/travis/build/icyphy/ptII/ptolemy/actor/lib/test/auto/TestExceptionHandler1.xml
----------------- Instantiating /home/travis/build/icyphy/ptII/ptolemy/actor/lib/test/auto/TestExceptionHandler1.xml
0 ms. Memory: 495616K Free: 333154K (67%)
----------------- Invoking toplevel() on ptolemy.moml.MoMLSimpleApplication@70a8751b
----------------- Done invoking toplevel() on ptolemy.moml.MoMLSimpleApplication@70a8751b
reloadAllAccessors: .TestExceptionHandler1

===========================================================================================
----------------- testing Fri Jan 03 00:45:04 UTC 2020 /home/travis/build/icyphy/ptII/ptolemy/actor/lib/test/auto/TestExceptionHandler2.xml
----------------- Instantiating /home/travis/build/icyphy/ptII/ptolemy/actor/lib/test/auto/TestExceptionHandler2.xml
2 ms. Memory: 495616K Free: 329568K (66%)
----------------- Invoking toplevel() on ptolemy.moml.MoMLSimpleApplication@1b352a59
----------------- Done invoking toplevel() on ptolemy.moml.MoMLSimpleApplication@1b352a59
reloadAllAccessors: .TestExceptionHandler2

===========================================================================================
----------------- testing Fri Jan 03 00:45:04 UTC 2020 /home/travis/build/icyphy/ptII/ptolemy/actor/lib/test/auto/TestExceptionHandler3.xml
----------------- Instantiating /home/travis/build/icyphy/ptII/ptolemy/actor/lib/test/auto/TestExceptionHandler3.xml
0 ms. Memory: 495616K Free: 325986K (66%)
----------------- Invoking toplevel() on ptolemy.moml.MoMLSimpleApplication@690e6f4d
----------------- Done invoking toplevel() on ptolemy.moml.MoMLSimpleApplication@690e6f4d
reloadAllAccessors: .TestExceptionHandler3

===========================================================================================
----------------- testing Fri Jan 03 00:45:04 UTC 2020 /home/travis/build/icyphy/ptII/ptolemy/actor/lib/test/auto/TestExceptionHandler4.xml
----------------- Instantiating /home/travis/build/icyphy/ptII/ptolemy/actor/lib/test/auto/TestExceptionHandler4.xml
1 ms. Memory: 495616K Free: 321890K (65%)
----------------- Invoking toplevel() on ptolemy.moml.MoMLSimpleApplication@24a5e439
----------------- Done invoking toplevel() on ptolemy.moml.MoMLSimpleApplication@24a5e439
reloadAllAccessors: .TestExceptionHandler4

===========================================================================================
----------------- testing Fri Jan 03 00:45:04 UTC 2020 /home/travis/build/icyphy/ptII/ptolemy/actor/lib/test/auto/TestRequireCorrectOrder.xml
----------------- Instantiating /home/travis/build/icyphy/ptII/ptolemy/actor/lib/test/auto/TestRequireCorrectOrder.xml
6 ms. Memory: 495616K Free: 316770K (64%)
----------------- Invoking toplevel() on ptolemy.moml.MoMLSimpleApplication@6cd32d93
----------------- Done invoking toplevel() on ptolemy.moml.MoMLSimpleApplication@6cd32d93
reloadAllAccessors: .TestRequireCorrectOrder

===========================================================================================
----------------- testing Fri Jan 03 00:45:04 UTC 2020 /home/travis/build/icyphy/ptII/ptolemy/actor/lib/test/auto/TestSimple.xml
----------------- Instantiating /home/travis/build/icyphy/ptII/ptolemy/actor/lib/test/auto/TestSimple.xml
1 ms. Memory: 495616K Free: 312160K (63%)
----------------- Invoking toplevel() on ptolemy.moml.MoMLSimpleApplication@6ca1c24
----------------- Done invoking toplevel() on ptolemy.moml.MoMLSimpleApplication@6ca1c24
reloadAllAccessors: .TestSimple

===========================================================================================
----------------- testing Fri Jan 03 00:45:04 UTC 2020 /home/travis/build/icyphy/ptII/ptolemy/actor/lib/test/auto/ThrowModelError.xml
----------------- Instantiating /home/travis/build/icyphy/ptII/ptolemy/actor/lib/test/auto/ThrowModelError.xml
2 ms. Memory: 495616K Free: 307040K (62%)
----------------- Invoking toplevel() on ptolemy.moml.MoMLSimpleApplication@50db1666
----------------- Done invoking toplevel() on ptolemy.moml.MoMLSimpleApplication@50db1666
reloadAllAccessors: .ThrowModelError

===========================================================================================
----------------- testing Fri Jan 03 00:45:04 UTC 2020 /home/travis/build/icyphy/ptII/ptolemy/actor/lib/test/auto/TimeDelayMicrosteps.xml
----------------- Instantiating /home/travis/build/icyphy/ptII/ptolemy/actor/lib/test/auto/TimeDelayMicrosteps.xml
3 ms. Memory: 495616K Free: 300386K (61%)
----------------- Invoking toplevel() on ptolemy.moml.MoMLSimpleApplication@30ccd343
----------------- Done invoking toplevel() on ptolemy.moml.MoMLSimpleApplication@30ccd343
reloadAllAccessors: .TimeDelayMicrosteps

===========================================================================================
----------------- testing Fri Jan 03 00:45:04 UTC 2020 /home/travis/build/icyphy/ptII/ptolemy/actor/lib/test/auto/TimeDelayMicrosteps2.xml
----------------- Instantiating /home/travis/build/icyphy/ptII/ptolemy/actor/lib/test/auto/TimeDelayMicrosteps2.xml
4 ms. Memory: 495616K Free: 292194K (59%)
----------------- Invoking toplevel() on ptolemy.moml.MoMLSimpleApplication@34e7d977
----------------- Done invoking toplevel() on ptolemy.moml.MoMLSimpleApplication@34e7d977
reloadAllAccessors: .TimeDelayMicrosteps2

===========================================================================================
----------------- testing Fri Jan 03 00:45:04 UTC 2020 /home/travis/build/icyphy/ptII/ptolemy/actor/lib/test/auto/TimeDelayMicrosteps3.xml
----------------- Instantiating /home/travis/build/icyphy/ptII/ptolemy/actor/lib/test/auto/TimeDelayMicrosteps3.xml
3 ms. Memory: 495616K Free: 285527K (58%)
----------------- Invoking toplevel() on ptolemy.moml.MoMLSimpleApplication@25414051
----------------- Done invoking toplevel() on ptolemy.moml.MoMLSimpleApplication@25414051
reloadAllAccessors: .TimeDelayMicrosteps3

===========================================================================================
----------------- testing Fri Jan 03 00:45:04 UTC 2020 /home/travis/build/icyphy/ptII/ptolemy/actor/lib/test/auto/TimeDelayVariableMicrosteps.xml
----------------- Instantiating /home/travis/build/icyphy/ptII/ptolemy/actor/lib/test/auto/TimeDelayVariableMicrosteps.xml
2 ms. Memory: 495616K Free: 279392K (56%)
----------------- Invoking toplevel() on ptolemy.moml.MoMLSimpleApplication@55935b6c
----------------- Done invoking toplevel() on ptolemy.moml.MoMLSimpleApplication@55935b6c
reloadAllAccessors: .TimeDelayVariableMicrosteps

===========================================================================================
----------------- testing Fri Jan 03 00:45:04 UTC 2020 /home/travis/build/icyphy/ptII/ptolemy/actor/lib/test/auto/TimeGap.xml
----------------- Instantiating /home/travis/build/icyphy/ptII/ptolemy/actor/lib/test/auto/TimeGap.xml
3 ms. Memory: 495616K Free: 274242K (55%)
----------------- Invoking toplevel() on ptolemy.moml.MoMLSimpleApplication@7a76614e
----------------- Done invoking toplevel() on ptolemy.moml.MoMLSimpleApplication@7a76614e
reloadAllAccessors: .TimeGap

===========================================================================================
----------------- testing Fri Jan 03 00:45:04 UTC 2020 /home/travis/build/icyphy/ptII/ptolemy/actor/lib/test/auto/TimeGap2.xml
----------------- Instantiating /home/travis/build/icyphy/ptII/ptolemy/actor/lib/test/auto/TimeGap2.xml
2 ms. Memory: 495616K Free: 268122K (54%)
----------------- Invoking toplevel() on ptolemy.moml.MoMLSimpleApplication@10da2f6d
----------------- Done invoking toplevel() on ptolemy.moml.MoMLSimpleApplication@10da2f6d
reloadAllAccessors: .TimeGap2

===========================================================================================
----------------- testing Fri Jan 03 00:45:04 UTC 2020 /home/travis/build/icyphy/ptII/ptolemy/actor/lib/test/auto/TimedSinewave.xml
----------------- Instantiating /home/travis/build/icyphy/ptII/ptolemy/actor/lib/test/auto/TimedSinewave.xml
23 ms. Memory: 495616K Free: 254306K (51%)
----------------- Invoking toplevel() on ptolemy.moml.MoMLSimpleApplication@17191006
----------------- Done invoking toplevel() on ptolemy.moml.MoMLSimpleApplication@17191006
reloadAllAccessors: .TimedSinewave

===========================================================================================
----------------- testing Fri Jan 03 00:45:04 UTC 2020 /home/travis/build/icyphy/ptII/ptolemy/actor/lib/test/auto/TimedSinewavePhase.xml
----------------- Instantiating /home/travis/build/icyphy/ptII/ptolemy/actor/lib/test/auto/TimedSinewavePhase.xml
10 ms. Memory: 495616K Free: 244066K (49%)
----------------- Invoking toplevel() on ptolemy.moml.MoMLSimpleApplication@3935795c
----------------- Done invoking toplevel() on ptolemy.moml.MoMLSimpleApplication@3935795c
reloadAllAccessors: .TimedSinewavePhase

===========================================================================================
----------------- testing Fri Jan 03 00:45:04 UTC 2020 /home/travis/build/icyphy/ptII/ptolemy/actor/lib/test/auto/Timer.xml
----------------- Instantiating /home/travis/build/icyphy/ptII/ptolemy/actor/lib/test/auto/Timer.xml
2 ms. Memory: 495616K Free: 238426K (48%)
----------------- Invoking toplevel() on ptolemy.moml.MoMLSimpleApplication@61e29d7f
----------------- Done invoking toplevel() on ptolemy.moml.MoMLSimpleApplication@61e29d7f
reloadAllAccessors: .Timer

===========================================================================================
----------------- testing Fri Jan 03 00:45:04 UTC 2020 /home/travis/build/icyphy/ptII/ptolemy/actor/lib/test/auto/TriangularDistTestModel.xml
----------------- Instantiating /home/travis/build/icyphy/ptII/ptolemy/actor/lib/test/auto/TriangularDistTestModel.xml
2 ms. Memory: 495616K Free: 232802K (47%)
----------------- Invoking toplevel() on ptolemy.moml.MoMLSimpleApplication@617c22b4
----------------- Done invoking toplevel() on ptolemy.moml.MoMLSimpleApplication@617c22b4
reloadAllAccessors: .TriangularDistTestModel

===========================================================================================
----------------- testing Fri Jan 03 00:45:04 UTC 2020 /home/travis/build/icyphy/ptII/ptolemy/actor/lib/test/auto/TrigFunction.xml
----------------- Instantiating /home/travis/build/icyphy/ptII/ptolemy/actor/lib/test/auto/TrigFunction.xml
2 ms. Memory: 495616K Free: 228192K (46%)
----------------- Invoking toplevel() on ptolemy.moml.MoMLSimpleApplication@203b819f
----------------- Done invoking toplevel() on ptolemy.moml.MoMLSimpleApplication@203b819f
reloadAllAccessors: .TrigFunction

===========================================================================================
----------------- testing Fri Jan 03 00:45:04 UTC 2020 /home/travis/build/icyphy/ptII/ptolemy/actor/lib/test/auto/TrigFunctionDE.xml
----------------- Instantiating /home/travis/build/icyphy/ptII/ptolemy/actor/lib/test/auto/TrigFunctionDE.xml
2 ms. Memory: 495616K Free: 222562K (45%)
----------------- Invoking toplevel() on ptolemy.moml.MoMLSimpleApplication@efc469b
----------------- Done invoking toplevel() on ptolemy.moml.MoMLSimpleApplication@efc469b
reloadAllAccessors: .TrigFunctionDE

===========================================================================================
----------------- testing Fri Jan 03 00:45:04 UTC 2020 /home/travis/build/icyphy/ptII/ptolemy/actor/lib/test/auto/TrigFunctionInverse.xml
----------------- Instantiating /home/travis/build/icyphy/ptII/ptolemy/actor/lib/test/auto/TrigFunctionInverse.xml
2 ms. Memory: 495616K Free: 216928K (44%)
----------------- Invoking toplevel() on ptolemy.moml.MoMLSimpleApplication@55d8e7e9
----------------- Done invoking toplevel() on ptolemy.moml.MoMLSimpleApplication@55d8e7e9
reloadAllAccessors: .TrigFunctionInverse

===========================================================================================
----------------- testing Fri Jan 03 00:45:04 UTC 2020 /home/travis/build/icyphy/ptII/ptolemy/actor/lib/test/auto/TrigFunctionTan.xml
----------------- Instantiating /home/travis/build/icyphy/ptII/ptolemy/actor/lib/test/auto/TrigFunctionTan.xml
2 ms. Memory: 495616K Free: 212322K (43%)
----------------- Invoking toplevel() on ptolemy.moml.MoMLSimpleApplication@4b38fe7a
----------------- Done invoking toplevel() on ptolemy.moml.MoMLSimpleApplication@4b38fe7a
reloadAllAccessors: .TrigFunctionTan

===========================================================================================
----------------- testing Fri Jan 03 00:45:04 UTC 2020 /home/travis/build/icyphy/ptII/ptolemy/actor/lib/test/auto/TriggeredClock.xml
----------------- Instantiating /home/travis/build/icyphy/ptII/ptolemy/actor/lib/test/auto/TriggeredClock.xml
1 ms. Memory: 495616K Free: 207202K (42%)
----------------- Invoking toplevel() on ptolemy.moml.MoMLSimpleApplication@2a1dda0e
----------------- Done invoking toplevel() on ptolemy.moml.MoMLSimpleApplication@2a1dda0e
reloadAllAccessors: .TriggeredClock

===========================================================================================
----------------- testing Fri Jan 03 00:45:04 UTC 2020 /home/travis/build/icyphy/ptII/ptolemy/actor/lib/test/auto/URLDirectoryReader.xml
----------------- Instantiating /home/travis/build/icyphy/ptII/ptolemy/actor/lib/test/auto/URLDirectoryReader.xml
28 ms. Memory: 495616K Free: 198496K (40%)
----------------- Invoking toplevel() on ptolemy.moml.MoMLSimpleApplication@4078d82a
----------------- Done invoking toplevel() on ptolemy.moml.MoMLSimpleApplication@4078d82a
reloadAllAccessors: .URLDirectoryReader

===========================================================================================
----------------- testing Fri Jan 03 00:45:04 UTC 2020 /home/travis/build/icyphy/ptII/ptolemy/actor/lib/test/auto/URLDirectoryReader3.xml
----------------- Instantiating /home/travis/build/icyphy/ptII/ptolemy/actor/lib/test/auto/URLDirectoryReader3.xml
1022 ms. Memory: 495616K Free: 435557K (88%)
----------------- Invoking toplevel() on ptolemy.moml.MoMLSimpleApplication@3a135189
----------------- Done invoking toplevel() on ptolemy.moml.MoMLSimpleApplication@3a135189
reloadAllAccessors: .URLDirectoryReader3

===========================================================================================
----------------- testing Fri Jan 03 00:45:06 UTC 2020 /home/travis/build/icyphy/ptII/ptolemy/actor/lib/test/auto/UnaryMathFunction.xml
----------------- Instantiating /home/travis/build/icyphy/ptII/ptolemy/actor/lib/test/auto/UnaryMathFunction.xml
2 ms. Memory: 495616K Free: 427751K (86%)
----------------- Invoking toplevel() on ptolemy.moml.MoMLSimpleApplication@73448998
----------------- Done invoking toplevel() on ptolemy.moml.MoMLSimpleApplication@73448998
reloadAllAccessors: .UnaryMathFunction

===========================================================================================
----------------- testing Fri Jan 03 00:45:06 UTC 2020 /home/travis/build/icyphy/ptII/ptolemy/actor/lib/test/auto/Uniform.xml
----------------- Instantiating /home/travis/build/icyphy/ptII/ptolemy/actor/lib/test/auto/Uniform.xml
1 ms. Memory: 495616K Free: 423141K (85%)
----------------- Invoking toplevel() on ptolemy.moml.MoMLSimpleApplication@46a93008
----------------- Done invoking toplevel() on ptolemy.moml.MoMLSimpleApplication@46a93008
reloadAllAccessors: .Uniform

===========================================================================================
----------------- testing Fri Jan 03 00:45:06 UTC 2020 /home/travis/build/icyphy/ptII/ptolemy/actor/lib/test/auto/UnionDisassemblerTest.xml
----------------- Instantiating /home/travis/build/icyphy/ptII/ptolemy/actor/lib/test/auto/UnionDisassemblerTest.xml
7 ms. Memory: 495616K Free: 419559K (85%)
----------------- Invoking toplevel() on ptolemy.moml.MoMLSimpleApplication@b9f9c2c
----------------- Done invoking toplevel() on ptolemy.moml.MoMLSimpleApplication@b9f9c2c
reloadAllAccessors: .UnionDisassemblerTest

===========================================================================================
----------------- testing Fri Jan 03 00:45:06 UTC 2020 /home/travis/build/icyphy/ptII/ptolemy/actor/lib/test/auto/UtilityFunctions.xml
----------------- Instantiating /home/travis/build/icyphy/ptII/ptolemy/actor/lib/test/auto/UtilityFunctions.xml
1 ms. Memory: 495616K Free: 415463K (84%)
----------------- Invoking toplevel() on ptolemy.moml.MoMLSimpleApplication@248f4085
----------------- Done invoking toplevel() on ptolemy.moml.MoMLSimpleApplication@248f4085
reloadAllAccessors: .UtilityFunctions

===========================================================================================
----------------- testing Fri Jan 03 00:45:06 UTC 2020 /home/travis/build/icyphy/ptII/ptolemy/actor/lib/test/auto/VariableSleep.xml
----------------- Instantiating /home/travis/build/icyphy/ptII/ptolemy/actor/lib/test/auto/VariableSleep.xml
503 ms. Memory: 495616K Free: 409829K (83%)
----------------- Invoking toplevel() on ptolemy.moml.MoMLSimpleApplication@5e086a69
----------------- Done invoking toplevel() on ptolemy.moml.MoMLSimpleApplication@5e086a69
reloadAllAccessors: .VariableSleep

===========================================================================================
----------------- testing Fri Jan 03 00:45:06 UTC 2020 /home/travis/build/icyphy/ptII/ptolemy/actor/lib/test/auto/VectorAssemblerDisassemblerCT.xml
----------------- Instantiating /home/travis/build/icyphy/ptII/ptolemy/actor/lib/test/auto/VectorAssemblerDisassemblerCT.xml
69 ms. Memory: 495616K Free: 389863K (79%)
----------------- Invoking toplevel() on ptolemy.moml.MoMLSimpleApplication@13118d46
----------------- Done invoking toplevel() on ptolemy.moml.MoMLSimpleApplication@13118d46
reloadAllAccessors: .VectorAssemblerDisassemblerCT

===========================================================================================
----------------- testing Fri Jan 03 00:45:06 UTC 2020 /home/travis/build/icyphy/ptII/ptolemy/actor/lib/test/auto/VectorAssemblerDisassemblerDE.xml
----------------- Instantiating /home/travis/build/icyphy/ptII/ptolemy/actor/lib/test/auto/VectorAssemblerDisassemblerDE.xml
3 ms. Memory: 495616K Free: 382695K (77%)
----------------- Invoking toplevel() on ptolemy.moml.MoMLSimpleApplication@295a0ab4
----------------- Done invoking toplevel() on ptolemy.moml.MoMLSimpleApplication@295a0ab4
reloadAllAccessors: .VectorAssemblerDisassemblerDE

===========================================================================================
----------------- testing Fri Jan 03 00:45:06 UTC 2020 /home/travis/build/icyphy/ptII/ptolemy/actor/lib/test/auto/VectorAssemblerDisassemblerSDF.xml
----------------- Instantiating /home/travis/build/icyphy/ptII/ptolemy/actor/lib/test/auto/VectorAssemblerDisassemblerSDF.xml
2 ms. Memory: 495616K Free: 376037K (76%)
----------------- Invoking toplevel() on ptolemy.moml.MoMLSimpleApplication@4e4d49e6
----------------- Done invoking toplevel() on ptolemy.moml.MoMLSimpleApplication@4e4d49e6
reloadAllAccessors: .VectorAssemblerDisassemblerSDF

===========================================================================================
----------------- testing Fri Jan 03 00:45:06 UTC 2020 /home/travis/build/icyphy/ptII/ptolemy/actor/lib/test/auto/WallClockTime.xml
----------------- Instantiating /home/travis/build/icyphy/ptII/ptolemy/actor/lib/test/auto/WallClockTime.xml
1005 ms. Memory: 495616K Free: 370917K (75%)
----------------- Invoking toplevel() on ptolemy.moml.MoMLSimpleApplication@3162a4e0
----------------- Done invoking toplevel() on ptolemy.moml.MoMLSimpleApplication@3162a4e0
reloadAllAccessors: .WallClockTime

===========================================================================================
----------------- testing Fri Jan 03 00:45:07 UTC 2020 /home/travis/build/icyphy/ptII/ptolemy/actor/lib/test/auto/WidthTestWithSubscriberPublisher.xml
----------------- Instantiating /home/travis/build/icyphy/ptII/ptolemy/actor/lib/test/auto/WidthTestWithSubscriberPublisher.xml
11 ms. Memory: 495616K Free: 352485K (71%)
----------------- Invoking toplevel() on ptolemy.moml.MoMLSimpleApplication@c59719
----------------- Done invoking toplevel() on ptolemy.moml.MoMLSimpleApplication@c59719
reloadAllAccessors: .WidthTestWithSubscriberPublisher

===========================================================================================
----------------- testing Fri Jan 03 00:45:07 UTC 2020 /home/travis/build/icyphy/ptII/ptolemy/actor/lib/test/auto/WidthTestWithSubscriberPublisher2.xml
----------------- Instantiating /home/travis/build/icyphy/ptII/ptolemy/actor/lib/test/auto/WidthTestWithSubscriberPublisher2.xml
2 ms. Memory: 495616K Free: 345831K (70%)
----------------- Invoking toplevel() on ptolemy.moml.MoMLSimpleApplication@9cb225a
----------------- Done invoking toplevel() on ptolemy.moml.MoMLSimpleApplication@9cb225a
reloadAllAccessors: .WidthTestWithSubscriberPublisher2

===========================================================================================
----------------- testing Fri Jan 03 00:45:07 UTC 2020 /home/travis/build/icyphy/ptII/ptolemy/actor/lib/test/auto/WidthTestWithSubscriberPublisher3.xml
----------------- Instantiating /home/travis/build/icyphy/ptII/ptolemy/actor/lib/test/auto/WidthTestWithSubscriberPublisher3.xml
1 ms. Memory: 495616K Free: 340197K (69%)
----------------- Invoking toplevel() on ptolemy.moml.MoMLSimpleApplication@7c1ee301
----------------- Done invoking toplevel() on ptolemy.moml.MoMLSimpleApplication@7c1ee301
reloadAllAccessors: .WidthTestWithSubscriberPublisher3

===========================================================================================
----------------- testing Fri Jan 03 00:45:07 UTC 2020 /home/travis/build/icyphy/ptII/ptolemy/actor/lib/test/auto/Writer.xml
----------------- Instantiating /home/travis/build/icyphy/ptII/ptolemy/actor/lib/test/auto/Writer.xml
0
1
2
3
4
1 ms. Memory: 495616K Free: 336087K (68%)
----------------- Invoking toplevel() on ptolemy.moml.MoMLSimpleApplication@50c040ee
----------------- Done invoking toplevel() on ptolemy.moml.MoMLSimpleApplication@50c040ee
reloadAllAccessors: .Writer

===========================================================================================
----------------- testing Fri Jan 03 00:45:08 UTC 2020 /home/travis/build/icyphy/ptII/ptolemy/actor/lib/test/auto/array.xml
----------------- Instantiating /home/travis/build/icyphy/ptII/ptolemy/actor/lib/test/auto/array.xml
2 ms. Memory: 495616K Free: 331495K (67%)
----------------- Invoking toplevel() on ptolemy.moml.MoMLSimpleApplication@7fb4d5d9
----------------- Done invoking toplevel() on ptolemy.moml.MoMLSimpleApplication@7fb4d5d9
reloadAllAccessors: .array

===========================================================================================
----------------- testing Fri Jan 03 00:45:08 UTC 2020 /home/travis/build/icyphy/ptII/ptolemy/actor/lib/test/auto/array2.xml
----------------- Instantiating /home/travis/build/icyphy/ptII/ptolemy/actor/lib/test/auto/array2.xml
9 ms. Memory: 495616K Free: 326375K (66%)
----------------- Invoking toplevel() on ptolemy.moml.MoMLSimpleApplication@fa51d99
----------------- Done invoking toplevel() on ptolemy.moml.MoMLSimpleApplication@fa51d99
reloadAllAccessors: .array2

===========================================================================================
----------------- testing Fri Jan 03 00:45:08 UTC 2020 /home/travis/build/icyphy/ptII/ptolemy/actor/lib/test/auto/arrayType.xml
----------------- Instantiating /home/travis/build/icyphy/ptII/ptolemy/actor/lib/test/auto/arrayType.xml
2 ms. Memory: 495616K Free: 321255K (65%)
----------------- Invoking toplevel() on ptolemy.moml.MoMLSimpleApplication@559d8a2f
----------------- Done invoking toplevel() on ptolemy.moml.MoMLSimpleApplication@559d8a2f
reloadAllAccessors: .arrayType

===========================================================================================
----------------- testing Fri Jan 03 00:45:08 UTC 2020 /home/travis/build/icyphy/ptII/ptolemy/actor/lib/test/auto/arrayType10.xml
----------------- Instantiating /home/travis/build/icyphy/ptII/ptolemy/actor/lib/test/auto/arrayType10.xml
2 ms. Memory: 495616K Free: 316645K (64%)
----------------- Invoking toplevel() on ptolemy.moml.MoMLSimpleApplication@15d23b2c
----------------- Done invoking toplevel() on ptolemy.moml.MoMLSimpleApplication@15d23b2c
reloadAllAccessors: .arrayType10

===========================================================================================
----------------- testing Fri Jan 03 00:45:08 UTC 2020 /home/travis/build/icyphy/ptII/ptolemy/actor/lib/test/auto/arrayType11.xml
----------------- Instantiating /home/travis/build/icyphy/ptII/ptolemy/actor/lib/test/auto/arrayType11.xml
2 ms. Memory: 495616K Free: 312039K (63%)
----------------- Invoking toplevel() on ptolemy.moml.MoMLSimpleApplication@52b05e33
----------------- Done invoking toplevel() on ptolemy.moml.MoMLSimpleApplication@52b05e33
reloadAllAccessors: .arrayType11

===========================================================================================
----------------- testing Fri Jan 03 00:45:08 UTC 2020 /home/travis/build/icyphy/ptII/ptolemy/actor/lib/test/auto/arrayType12.xml
----------------- Instantiating /home/travis/build/icyphy/ptII/ptolemy/actor/lib/test/auto/arrayType12.xml
1 ms. Memory: 495616K Free: 307429K (62%)
----------------- Invoking toplevel() on ptolemy.moml.MoMLSimpleApplication@85e7310
----------------- Done invoking toplevel() on ptolemy.moml.MoMLSimpleApplication@85e7310
reloadAllAccessors: .arrayType12

===========================================================================================
----------------- testing Fri Jan 03 00:45:08 UTC 2020 /home/travis/build/icyphy/ptII/ptolemy/actor/lib/test/auto/arrayType13.xml
----------------- Instantiating /home/travis/build/icyphy/ptII/ptolemy/actor/lib/test/auto/arrayType13.xml
2 ms. Memory: 495616K Free: 301799K (61%)
----------------- Invoking toplevel() on ptolemy.moml.MoMLSimpleApplication@34c370f2
----------------- Done invoking toplevel() on ptolemy.moml.MoMLSimpleApplication@34c370f2
reloadAllAccessors: .arrayType13

===========================================================================================
----------------- testing Fri Jan 03 00:45:08 UTC 2020 /home/travis/build/icyphy/ptII/ptolemy/actor/lib/test/auto/arrayType14.xml
----------------- Instantiating /home/travis/build/icyphy/ptII/ptolemy/actor/lib/test/auto/arrayType14.xml
1 ms. Memory: 495616K Free: 296679K (60%)
----------------- Invoking toplevel() on ptolemy.moml.MoMLSimpleApplication@44cfaa3d
----------------- Done invoking toplevel() on ptolemy.moml.MoMLSimpleApplication@44cfaa3d
reloadAllAccessors: .arrayType14

===========================================================================================
----------------- testing Fri Jan 03 00:45:08 UTC 2020 /home/travis/build/icyphy/ptII/ptolemy/actor/lib/test/auto/arrayType15.xml
----------------- Instantiating /home/travis/build/icyphy/ptII/ptolemy/actor/lib/test/auto/arrayType15.xml
2 ms. Memory: 495616K Free: 291559K (59%)
----------------- Invoking toplevel() on ptolemy.moml.MoMLSimpleApplication@503bc603
----------------- Done invoking toplevel() on ptolemy.moml.MoMLSimpleApplication@503bc603
reloadAllAccessors: .arrayType15

===========================================================================================
----------------- testing Fri Jan 03 00:45:08 UTC 2020 /home/travis/build/icyphy/ptII/ptolemy/actor/lib/test/auto/arrayType16.xml
----------------- Instantiating /home/travis/build/icyphy/ptII/ptolemy/actor/lib/test/auto/arrayType16.xml
2 ms. Memory: 495616K Free: 286439K (58%)
----------------- Invoking toplevel() on ptolemy.moml.MoMLSimpleApplication@112d663e
----------------- Done invoking toplevel() on ptolemy.moml.MoMLSimpleApplication@112d663e
reloadAllAccessors: .arrayType16

===========================================================================================
----------------- testing Fri Jan 03 00:45:08 UTC 2020 /home/travis/build/icyphy/ptII/ptolemy/actor/lib/test/auto/arrayType17.xml
----------------- Instantiating /home/travis/build/icyphy/ptII/ptolemy/actor/lib/test/auto/arrayType17.xml
2 ms. Memory: 495616K Free: 280805K (57%)
----------------- Invoking toplevel() on ptolemy.moml.MoMLSimpleApplication@33d33fe2
----------------- Done invoking toplevel() on ptolemy.moml.MoMLSimpleApplication@33d33fe2
reloadAllAccessors: .arrayType17

===========================================================================================
----------------- testing Fri Jan 03 00:45:08 UTC 2020 /home/travis/build/icyphy/ptII/ptolemy/actor/lib/test/auto/arrayType18.xml
----------------- Instantiating /home/travis/build/icyphy/ptII/ptolemy/actor/lib/test/auto/arrayType18.xml
1 ms. Memory: 495616K Free: 276199K (56%)
----------------- Invoking toplevel() on ptolemy.moml.MoMLSimpleApplication@2009d22e
----------------- Done invoking toplevel() on ptolemy.moml.MoMLSimpleApplication@2009d22e
reloadAllAccessors: .arrayType18

===========================================================================================
----------------- testing Fri Jan 03 00:45:08 UTC 2020 /home/travis/build/icyphy/ptII/ptolemy/actor/lib/test/auto/arrayType19.xml
----------------- Instantiating /home/travis/build/icyphy/ptII/ptolemy/actor/lib/test/auto/arrayType19.xml
1 ms. Memory: 495616K Free: 271589K (55%)
----------------- Invoking toplevel() on ptolemy.moml.MoMLSimpleApplication@576cc691
----------------- Done invoking toplevel() on ptolemy.moml.MoMLSimpleApplication@576cc691
reloadAllAccessors: .arrayType19

===========================================================================================
----------------- testing Fri Jan 03 00:45:08 UTC 2020 /home/travis/build/icyphy/ptII/ptolemy/actor/lib/test/auto/arrayType2.xml
----------------- Instantiating /home/travis/build/icyphy/ptII/ptolemy/actor/lib/test/auto/arrayType2.xml
2 ms. Memory: 495616K Free: 266469K (54%)
----------------- Invoking toplevel() on ptolemy.moml.MoMLSimpleApplication@645fbc6e
----------------- Done invoking toplevel() on ptolemy.moml.MoMLSimpleApplication@645fbc6e
reloadAllAccessors: .arrayType2

===========================================================================================
----------------- testing Fri Jan 03 00:45:08 UTC 2020 /home/travis/build/icyphy/ptII/ptolemy/actor/lib/test/auto/arrayType20.xml
----------------- Instantiating /home/travis/build/icyphy/ptII/ptolemy/actor/lib/test/auto/arrayType20.xml
1 ms. Memory: 495616K Free: 261349K (53%)
----------------- Invoking toplevel() on ptolemy.moml.MoMLSimpleApplication@d2baa0f
----------------- Done invoking toplevel() on ptolemy.moml.MoMLSimpleApplication@d2baa0f
reloadAllAccessors: .arrayType20

===========================================================================================
----------------- testing Fri Jan 03 00:45:08 UTC 2020 /home/travis/build/icyphy/ptII/ptolemy/actor/lib/test/auto/arrayType21.xml
----------------- Instantiating /home/travis/build/icyphy/ptII/ptolemy/actor/lib/test/auto/arrayType21.xml
1 ms. Memory: 495616K Free: 256743K (52%)
----------------- Invoking toplevel() on ptolemy.moml.MoMLSimpleApplication@516b83e3
----------------- Done invoking toplevel() on ptolemy.moml.MoMLSimpleApplication@516b83e3
reloadAllAccessors: .arrayType21

===========================================================================================
----------------- testing Fri Jan 03 00:45:08 UTC 2020 /home/travis/build/icyphy/ptII/ptolemy/actor/lib/test/auto/arrayType22.xml
----------------- Instantiating /home/travis/build/icyphy/ptII/ptolemy/actor/lib/test/auto/arrayType22.xml
1 ms. Memory: 495616K Free: 252133K (51%)
----------------- Invoking toplevel() on ptolemy.moml.MoMLSimpleApplication@6b7f7ba1
----------------- Done invoking toplevel() on ptolemy.moml.MoMLSimpleApplication@6b7f7ba1
reloadAllAccessors: .arrayType22

===========================================================================================
----------------- testing Fri Jan 03 00:45:08 UTC 2020 /home/travis/build/icyphy/ptII/ptolemy/actor/lib/test/auto/arrayType23.xml
----------------- Instantiating /home/travis/build/icyphy/ptII/ptolemy/actor/lib/test/auto/arrayType23.xml
1 ms. Memory: 495616K Free: 247527K (50%)
----------------- Invoking toplevel() on ptolemy.moml.MoMLSimpleApplication@61294f50
----------------- Done invoking toplevel() on ptolemy.moml.MoMLSimpleApplication@61294f50
reloadAllAccessors: .arrayType23

===========================================================================================
----------------- testing Fri Jan 03 00:45:08 UTC 2020 /home/travis/build/icyphy/ptII/ptolemy/actor/lib/test/auto/arrayType24.xml
----------------- Instantiating /home/travis/build/icyphy/ptII/ptolemy/actor/lib/test/auto/arrayType24.xml
2 ms. Memory: 495616K Free: 242407K (49%)
----------------- Invoking toplevel() on ptolemy.moml.MoMLSimpleApplication@23fa875c
----------------- Done invoking toplevel() on ptolemy.moml.MoMLSimpleApplication@23fa875c
reloadAllAccessors: .arrayType24

===========================================================================================
----------------- testing Fri Jan 03 00:45:08 UTC 2020 /home/travis/build/icyphy/ptII/ptolemy/actor/lib/test/auto/arrayType25.xml
----------------- Instantiating /home/travis/build/icyphy/ptII/ptolemy/actor/lib/test/auto/arrayType25.xml
2 ms. Memory: 495616K Free: 237287K (48%)
----------------- Invoking toplevel() on ptolemy.moml.MoMLSimpleApplication@46acd075
----------------- Done invoking toplevel() on ptolemy.moml.MoMLSimpleApplication@46acd075
reloadAllAccessors: .arrayType25

===========================================================================================
----------------- testing Fri Jan 03 00:45:08 UTC 2020 /home/travis/build/icyphy/ptII/ptolemy/actor/lib/test/auto/arrayType26.xml
----------------- Instantiating /home/travis/build/icyphy/ptII/ptolemy/actor/lib/test/auto/arrayType26.xml
1 ms. Memory: 495616K Free: 232167K (47%)
----------------- Invoking toplevel() on ptolemy.moml.MoMLSimpleApplication@137e2daf
----------------- Done invoking toplevel() on ptolemy.moml.MoMLSimpleApplication@137e2daf
reloadAllAccessors: .arrayType26

===========================================================================================
----------------- testing Fri Jan 03 00:45:08 UTC 2020 /home/travis/build/icyphy/ptII/ptolemy/actor/lib/test/auto/arrayType27.xml
----------------- Instantiating /home/travis/build/icyphy/ptII/ptolemy/actor/lib/test/auto/arrayType27.xml
1 ms. Memory: 495616K Free: 227047K (46%)
----------------- Invoking toplevel() on ptolemy.moml.MoMLSimpleApplication@141257c5
----------------- Done invoking toplevel() on ptolemy.moml.MoMLSimpleApplication@141257c5
reloadAllAccessors: .arrayType27

===========================================================================================
----------------- testing Fri Jan 03 00:45:08 UTC 2020 /home/travis/build/icyphy/ptII/ptolemy/actor/lib/test/auto/arrayType28.xml
----------------- Instantiating /home/travis/build/icyphy/ptII/ptolemy/actor/lib/test/auto/arrayType28.xml
2 ms. Memory: 495616K Free: 221413K (45%)
----------------- Invoking toplevel() on ptolemy.moml.MoMLSimpleApplication@4cfcb6f4
----------------- Done invoking toplevel() on ptolemy.moml.MoMLSimpleApplication@4cfcb6f4
reloadAllAccessors: .arrayType28

===========================================================================================
----------------- testing Fri Jan 03 00:45:08 UTC 2020 /home/travis/build/icyphy/ptII/ptolemy/actor/lib/test/auto/arrayType3.xml
----------------- Instantiating /home/travis/build/icyphy/ptII/ptolemy/actor/lib/test/auto/arrayType3.xml
1 ms. Memory: 495616K Free: 216293K (44%)
----------------- Invoking toplevel() on ptolemy.moml.MoMLSimpleApplication@5d4c87c0
----------------- Done invoking toplevel() on ptolemy.moml.MoMLSimpleApplication@5d4c87c0
reloadAllAccessors: .arrayType3

===========================================================================================
----------------- testing Fri Jan 03 00:45:08 UTC 2020 /home/travis/build/icyphy/ptII/ptolemy/actor/lib/test/auto/arrayType4.xml
----------------- Instantiating /home/travis/build/icyphy/ptII/ptolemy/actor/lib/test/auto/arrayType4.xml
2 ms. Memory: 495616K Free: 211173K (43%)
----------------- Invoking toplevel() on ptolemy.moml.MoMLSimpleApplication@6f264dc4
----------------- Done invoking toplevel() on ptolemy.moml.MoMLSimpleApplication@6f264dc4
reloadAllAccessors: .arrayType4

===========================================================================================
----------------- testing Fri Jan 03 00:45:08 UTC 2020 /home/travis/build/icyphy/ptII/ptolemy/actor/lib/test/auto/arrayType5.xml
----------------- Instantiating /home/travis/build/icyphy/ptII/ptolemy/actor/lib/test/auto/arrayType5.xml
6 ms. Memory: 495616K Free: 206053K (42%)
----------------- Invoking toplevel() on ptolemy.moml.MoMLSimpleApplication@173322a1
----------------- Done invoking toplevel() on ptolemy.moml.MoMLSimpleApplication@173322a1
reloadAllAccessors: .arrayType5

===========================================================================================
----------------- testing Fri Jan 03 00:45:08 UTC 2020 /home/travis/build/icyphy/ptII/ptolemy/actor/lib/test/auto/arrayType6.xml
----------------- Instantiating /home/travis/build/icyphy/ptII/ptolemy/actor/lib/test/auto/arrayType6.xml
2 ms. Memory: 495616K Free: 200933K (41%)
----------------- Invoking toplevel() on ptolemy.moml.MoMLSimpleApplication@21f47c59
----------------- Done invoking toplevel() on ptolemy.moml.MoMLSimpleApplication@21f47c59
reloadAllAccessors: .arrayType6

===========================================================================================
----------------- testing Fri Jan 03 00:45:08 UTC 2020 /home/travis/build/icyphy/ptII/ptolemy/actor/lib/test/auto/arrayType7.xml
----------------- Instantiating /home/travis/build/icyphy/ptII/ptolemy/actor/lib/test/auto/arrayType7.xml
1 ms. Memory: 495616K Free: 196327K (40%)
----------------- Invoking toplevel() on ptolemy.moml.MoMLSimpleApplication@c18355d
----------------- Done invoking toplevel() on ptolemy.moml.MoMLSimpleApplication@c18355d
reloadAllAccessors: .arrayType7

===========================================================================================
----------------- testing Fri Jan 03 00:45:08 UTC 2020 /home/travis/build/icyphy/ptII/ptolemy/actor/lib/test/auto/arrayType8.xml
----------------- Instantiating /home/travis/build/icyphy/ptII/ptolemy/actor/lib/test/auto/arrayType8.xml
2 ms. Memory: 495616K Free: 191717K (39%)
----------------- Invoking toplevel() on ptolemy.moml.MoMLSimpleApplication@500db20e
----------------- Done invoking toplevel() on ptolemy.moml.MoMLSimpleApplication@500db20e
reloadAllAccessors: .arrayType8

===========================================================================================
----------------- testing Fri Jan 03 00:45:08 UTC 2020 /home/travis/build/icyphy/ptII/ptolemy/actor/lib/test/auto/arrayType9.xml
----------------- Instantiating /home/travis/build/icyphy/ptII/ptolemy/actor/lib/test/auto/arrayType9.xml
1 ms. Memory: 495616K Free: 186597K (38%)
----------------- Invoking toplevel() on ptolemy.moml.MoMLSimpleApplication@2c3459f1
----------------- Done invoking toplevel() on ptolemy.moml.MoMLSimpleApplication@2c3459f1
reloadAllAccessors: .arrayType9

===========================================================================================
----------------- testing Fri Jan 03 00:45:08 UTC 2020 /home/travis/build/icyphy/ptII/ptolemy/actor/lib/test/auto/cast.xml
----------------- Instantiating /home/travis/build/icyphy/ptII/ptolemy/actor/lib/test/auto/cast.xml
2 ms. Memory: 495616K Free: 181991K (37%)
----------------- Invoking toplevel() on ptolemy.moml.MoMLSimpleApplication@4c54c7ee
----------------- Done invoking toplevel() on ptolemy.moml.MoMLSimpleApplication@4c54c7ee
reloadAllAccessors: .cast

===========================================================================================
----------------- testing Fri Jan 03 00:45:08 UTC 2020 /home/travis/build/icyphy/ptII/ptolemy/actor/lib/test/auto/compositeMultiPort.xml
----------------- Instantiating /home/travis/build/icyphy/ptII/ptolemy/actor/lib/test/auto/compositeMultiPort.xml
3 ms. Memory: 495616K Free: 173279K (35%)
----------------- Invoking toplevel() on ptolemy.moml.MoMLSimpleApplication@188c0f12
----------------- Done invoking toplevel() on ptolemy.moml.MoMLSimpleApplication@188c0f12
reloadAllAccessors: .compositeMultiPort

===========================================================================================
----------------- testing Fri Jan 03 00:45:08 UTC 2020 /home/travis/build/icyphy/ptII/ptolemy/actor/lib/test/auto/expressionCastInference.xml
----------------- Instantiating /home/travis/build/icyphy/ptII/ptolemy/actor/lib/test/auto/expressionCastInference.xml
10 ms. Memory: 495616K Free: 168679K (34%)
----------------- Invoking toplevel() on ptolemy.moml.MoMLSimpleApplication@4fa11c68
----------------- Done invoking toplevel() on ptolemy.moml.MoMLSimpleApplication@4fa11c68
reloadAllAccessors: .expressionCastInference

===========================================================================================
----------------- testing Fri Jan 03 00:45:08 UTC 2020 /home/travis/build/icyphy/ptII/ptolemy/actor/lib/test/auto/expressionCastInference2.xml
----------------- Instantiating /home/travis/build/icyphy/ptII/ptolemy/actor/lib/test/auto/expressionCastInference2.xml
2 ms. Memory: 495616K Free: 163559K (33%)
----------------- Invoking toplevel() on ptolemy.moml.MoMLSimpleApplication@425c2e3c
----------------- Done invoking toplevel() on ptolemy.moml.MoMLSimpleApplication@425c2e3c
reloadAllAccessors: .expressionCastInference2

===========================================================================================
----------------- testing Fri Jan 03 00:45:08 UTC 2020 /home/travis/build/icyphy/ptII/ptolemy/actor/lib/test/auto/expressionInference.xml
----------------- Instantiating /home/travis/build/icyphy/ptII/ptolemy/actor/lib/test/auto/expressionInference.xml
1 ms. Memory: 495616K Free: 159463K (32%)
----------------- Invoking toplevel() on ptolemy.moml.MoMLSimpleApplication@3555994f
----------------- Done invoking toplevel() on ptolemy.moml.MoMLSimpleApplication@3555994f
reloadAllAccessors: .expressionInference

===========================================================================================
----------------- testing Fri Jan 03 00:45:08 UTC 2020 /home/travis/build/icyphy/ptII/ptolemy/actor/lib/test/auto/expression_bug.xml
----------------- Instantiating /home/travis/build/icyphy/ptII/ptolemy/actor/lib/test/auto/expression_bug.xml
1 ms. Memory: 495616K Free: 155367K (31%)
----------------- Invoking toplevel() on ptolemy.moml.MoMLSimpleApplication@33feea03
----------------- Done invoking toplevel() on ptolemy.moml.MoMLSimpleApplication@33feea03
reloadAllAccessors: .expression_bug

===========================================================================================
----------------- testing Fri Jan 03 00:45:08 UTC 2020 /home/travis/build/icyphy/ptII/ptolemy/actor/lib/test/auto/factorial.xml
----------------- Instantiating /home/travis/build/icyphy/ptII/ptolemy/actor/lib/test/auto/factorial.xml
87 ms. Memory: 495616K Free: 437824K (88%)
----------------- Invoking toplevel() on ptolemy.moml.MoMLSimpleApplication@6d707cd3
----------------- Done invoking toplevel() on ptolemy.moml.MoMLSimpleApplication@6d707cd3
reloadAllAccessors: .factorial

===========================================================================================
----------------- testing Fri Jan 03 00:45:08 UTC 2020 /home/travis/build/icyphy/ptII/ptolemy/actor/lib/test/auto/filterTest1.xml
----------------- Instantiating /home/travis/build/icyphy/ptII/ptolemy/actor/lib/test/auto/filterTest1.xml
3 ms. Memory: 495616K Free: 431666K (87%)
----------------- Invoking toplevel() on ptolemy.moml.MoMLSimpleApplication@7cf93dd9
----------------- Done invoking toplevel() on ptolemy.moml.MoMLSimpleApplication@7cf93dd9
reloadAllAccessors: .filterTest1

===========================================================================================
----------------- testing Fri Jan 03 00:45:08 UTC 2020 /home/travis/build/icyphy/ptII/ptolemy/actor/lib/test/auto/funcApplyInConst.xml
----------------- Instantiating /home/travis/build/icyphy/ptII/ptolemy/actor/lib/test/auto/funcApplyInConst.xml
1 ms. Memory: 495616K Free: 427584K (86%)
----------------- Invoking toplevel() on ptolemy.moml.MoMLSimpleApplication@7858b34b
----------------- Done invoking toplevel() on ptolemy.moml.MoMLSimpleApplication@7858b34b
reloadAllAccessors: .funcApplyInConst

===========================================================================================
----------------- testing Fri Jan 03 00:45:08 UTC 2020 /home/travis/build/icyphy/ptII/ptolemy/actor/lib/test/auto/funcApplyInExpr.xml
----------------- Instantiating /home/travis/build/icyphy/ptII/ptolemy/actor/lib/test/auto/funcApplyInExpr.xml
1 ms. Memory: 495616K Free: 424002K (86%)
----------------- Invoking toplevel() on ptolemy.moml.MoMLSimpleApplication@546dbf3
----------------- Done invoking toplevel() on ptolemy.moml.MoMLSimpleApplication@546dbf3
reloadAllAccessors: .funcApplyInExpr

===========================================================================================
----------------- testing Fri Jan 03 00:45:08 UTC 2020 /home/travis/build/icyphy/ptII/ptolemy/actor/lib/test/auto/function.xml
----------------- Instantiating /home/travis/build/icyphy/ptII/ptolemy/actor/lib/test/auto/function.xml
2 ms. Memory: 495616K Free: 419392K (85%)
----------------- Invoking toplevel() on ptolemy.moml.MoMLSimpleApplication@552a79a0
----------------- Done invoking toplevel() on ptolemy.moml.MoMLSimpleApplication@552a79a0
reloadAllAccessors: .function

===========================================================================================
----------------- testing Fri Jan 03 00:45:08 UTC 2020 /home/travis/build/icyphy/ptII/ptolemy/actor/lib/test/auto/function2.xml
----------------- Instantiating /home/travis/build/icyphy/ptII/ptolemy/actor/lib/test/auto/function2.xml
3 ms. Memory: 495616K Free: 414272K (84%)
----------------- Invoking toplevel() on ptolemy.moml.MoMLSimpleApplication@691f5c04
----------------- Done invoking toplevel() on ptolemy.moml.MoMLSimpleApplication@691f5c04
reloadAllAccessors: .function2

===========================================================================================
----------------- testing Fri Jan 03 00:45:08 UTC 2020 /home/travis/build/icyphy/ptII/ptolemy/actor/lib/test/auto/function3.xml
----------------- Instantiating /home/travis/build/icyphy/ptII/ptolemy/actor/lib/test/auto/function3.xml
2 ms. Memory: 495616K Free: 410690K (83%)
----------------- Invoking toplevel() on ptolemy.moml.MoMLSimpleApplication@5072debe
----------------- Done invoking toplevel() on ptolemy.moml.MoMLSimpleApplication@5072debe
reloadAllAccessors: .function3

===========================================================================================
----------------- testing Fri Jan 03 00:45:08 UTC 2020 /home/travis/build/icyphy/ptII/ptolemy/actor/lib/test/auto/functionClosureTest1.xml
----------------- Instantiating /home/travis/build/icyphy/ptII/ptolemy/actor/lib/test/auto/functionClosureTest1.xml
2 ms. Memory: 495616K Free: 405050K (82%)
----------------- Invoking toplevel() on ptolemy.moml.MoMLSimpleApplication@6dac069a
----------------- Done invoking toplevel() on ptolemy.moml.MoMLSimpleApplication@6dac069a
reloadAllAccessors: .functionClosureTest1

===========================================================================================
----------------- testing Fri Jan 03 00:45:08 UTC 2020 /home/travis/build/icyphy/ptII/ptolemy/actor/lib/test/auto/functionClosureTest2.xml
----------------- Instantiating /home/travis/build/icyphy/ptII/ptolemy/actor/lib/test/auto/functionClosureTest2.xml
2 ms. Memory: 495616K Free: 400960K (81%)
----------------- Invoking toplevel() on ptolemy.moml.MoMLSimpleApplication@772ebe9a
----------------- Done invoking toplevel() on ptolemy.moml.MoMLSimpleApplication@772ebe9a
reloadAllAccessors: .functionClosureTest2

===========================================================================================
----------------- testing Fri Jan 03 00:45:08 UTC 2020 /home/travis/build/icyphy/ptII/ptolemy/actor/lib/test/auto/functionClosureTest3.xml
----------------- Instantiating /home/travis/build/icyphy/ptII/ptolemy/actor/lib/test/auto/functionClosureTest3.xml
2 ms. Memory: 495616K Free: 395840K (80%)
----------------- Invoking toplevel() on ptolemy.moml.MoMLSimpleApplication@1c976d17
----------------- Done invoking toplevel() on ptolemy.moml.MoMLSimpleApplication@1c976d17
reloadAllAccessors: .functionClosureTest3

===========================================================================================
----------------- testing Fri Jan 03 00:45:08 UTC 2020 /home/travis/build/icyphy/ptII/ptolemy/actor/lib/test/auto/functionClosureTest4.xml
----------------- Instantiating /home/travis/build/icyphy/ptII/ptolemy/actor/lib/test/auto/functionClosureTest4.xml
3 ms. Memory: 495616K Free: 389696K (79%)
----------------- Invoking toplevel() on ptolemy.moml.MoMLSimpleApplication@48fffda9
----------------- Done invoking toplevel() on ptolemy.moml.MoMLSimpleApplication@48fffda9
reloadAllAccessors: .functionClosureTest4

===========================================================================================
----------------- testing Fri Jan 03 00:45:08 UTC 2020 /home/travis/build/icyphy/ptII/ptolemy/actor/lib/test/auto/functionClosureTest5.xml
----------------- Instantiating /home/travis/build/icyphy/ptII/ptolemy/actor/lib/test/auto/functionClosureTest5.xml
3 ms. Memory: 495616K Free: 384066K (77%)
----------------- Invoking toplevel() on ptolemy.moml.MoMLSimpleApplication@471db40e
----------------- Done invoking toplevel() on ptolemy.moml.MoMLSimpleApplication@471db40e
reloadAllAccessors: .functionClosureTest5

===========================================================================================
----------------- testing Fri Jan 03 00:45:08 UTC 2020 /home/travis/build/icyphy/ptII/ptolemy/actor/lib/test/auto/functionClosureTest6.xml
----------------- Instantiating /home/travis/build/icyphy/ptII/ptolemy/actor/lib/test/auto/functionClosureTest6.xml
2 ms. Memory: 495616K Free: 379442K (77%)
----------------- Invoking toplevel() on ptolemy.moml.MoMLSimpleApplication@fa41ce4
----------------- Done invoking toplevel() on ptolemy.moml.MoMLSimpleApplication@fa41ce4
reloadAllAccessors: .functionClosureTest6

===========================================================================================
----------------- testing Fri Jan 03 00:45:08 UTC 2020 /home/travis/build/icyphy/ptII/ptolemy/actor/lib/test/auto/functionsOnArcs.xml
----------------- Instantiating /home/travis/build/icyphy/ptII/ptolemy/actor/lib/test/auto/functionsOnArcs.xml
2 ms. Memory: 495616K Free: 374336K (76%)
----------------- Invoking toplevel() on ptolemy.moml.MoMLSimpleApplication@1fdfa364
----------------- Done invoking toplevel() on ptolemy.moml.MoMLSimpleApplication@1fdfa364
reloadAllAccessors: .functionsOnArcs

===========================================================================================
----------------- testing Fri Jan 03 00:45:08 UTC 2020 /home/travis/build/icyphy/ptII/ptolemy/actor/lib/test/auto/functionsOnArcsHOF.xml
----------------- Instantiating /home/travis/build/icyphy/ptII/ptolemy/actor/lib/test/auto/functionsOnArcsHOF.xml
4 ms. Memory: 495616K Free: 368192K (74%)
----------------- Invoking toplevel() on ptolemy.moml.MoMLSimpleApplication@241f900e
----------------- Done invoking toplevel() on ptolemy.moml.MoMLSimpleApplication@241f900e
reloadAllAccessors: .functionsOnArcsHOF

===========================================================================================
----------------- testing Fri Jan 03 00:45:08 UTC 2020 /home/travis/build/icyphy/ptII/ptolemy/actor/lib/test/auto/logic.xml
----------------- Instantiating /home/travis/build/icyphy/ptII/ptolemy/actor/lib/test/auto/logic.xml
2 ms. Memory: 495616K Free: 361024K (73%)
----------------- Invoking toplevel() on ptolemy.moml.MoMLSimpleApplication@13912e9f
----------------- Done invoking toplevel() on ptolemy.moml.MoMLSimpleApplication@13912e9f
reloadAllAccessors: .logic

===========================================================================================
----------------- testing Fri Jan 03 00:45:08 UTC 2020 /home/travis/build/icyphy/ptII/ptolemy/actor/lib/test/auto/matrixType.xml
----------------- Instantiating /home/travis/build/icyphy/ptII/ptolemy/actor/lib/test/auto/matrixType.xml
2 ms. Memory: 495616K Free: 355904K (72%)
----------------- Invoking toplevel() on ptolemy.moml.MoMLSimpleApplication@30741d32
----------------- Done invoking toplevel() on ptolemy.moml.MoMLSimpleApplication@30741d32
reloadAllAccessors: .matrixType

===========================================================================================
----------------- testing Fri Jan 03 00:45:08 UTC 2020 /home/travis/build/icyphy/ptII/ptolemy/actor/lib/test/auto/matrixType10.xml
----------------- Instantiating /home/travis/build/icyphy/ptII/ptolemy/actor/lib/test/auto/matrixType10.xml
2 ms. Memory: 495616K Free: 350784K (71%)
----------------- Invoking toplevel() on ptolemy.moml.MoMLSimpleApplication@680b568b
----------------- Done invoking toplevel() on ptolemy.moml.MoMLSimpleApplication@680b568b
reloadAllAccessors: .matrixType10

===========================================================================================
----------------- testing Fri Jan 03 00:45:08 UTC 2020 /home/travis/build/icyphy/ptII/ptolemy/actor/lib/test/auto/matrixType11.xml
----------------- Instantiating /home/travis/build/icyphy/ptII/ptolemy/actor/lib/test/auto/matrixType11.xml
1 ms. Memory: 495616K Free: 346178K (70%)
----------------- Invoking toplevel() on ptolemy.moml.MoMLSimpleApplication@4e4b015c
----------------- Done invoking toplevel() on ptolemy.moml.MoMLSimpleApplication@4e4b015c
reloadAllAccessors: .matrixType11

===========================================================================================
----------------- testing Fri Jan 03 00:45:08 UTC 2020 /home/travis/build/icyphy/ptII/ptolemy/actor/lib/test/auto/matrixType12.xml
----------------- Instantiating /home/travis/build/icyphy/ptII/ptolemy/actor/lib/test/auto/matrixType12.xml
2 ms. Memory: 495616K Free: 341568K (69%)
----------------- Invoking toplevel() on ptolemy.moml.MoMLSimpleApplication@548d339
----------------- Done invoking toplevel() on ptolemy.moml.MoMLSimpleApplication@548d339
reloadAllAccessors: .matrixType12

===========================================================================================
----------------- testing Fri Jan 03 00:45:08 UTC 2020 /home/travis/build/icyphy/ptII/ptolemy/actor/lib/test/auto/matrixType13.xml
----------------- Instantiating /home/travis/build/icyphy/ptII/ptolemy/actor/lib/test/auto/matrixType13.xml
1 ms. Memory: 495616K Free: 336448K (68%)
----------------- Invoking toplevel() on ptolemy.moml.MoMLSimpleApplication@65281f11
----------------- Done invoking toplevel() on ptolemy.moml.MoMLSimpleApplication@65281f11
reloadAllAccessors: .matrixType13

===========================================================================================
----------------- testing Fri Jan 03 00:45:08 UTC 2020 /home/travis/build/icyphy/ptII/ptolemy/actor/lib/test/auto/matrixType14.xml
----------------- Instantiating /home/travis/build/icyphy/ptII/ptolemy/actor/lib/test/auto/matrixType14.xml
2 ms. Memory: 495616K Free: 331328K (67%)
----------------- Invoking toplevel() on ptolemy.moml.MoMLSimpleApplication@4bbbba2b
----------------- Done invoking toplevel() on ptolemy.moml.MoMLSimpleApplication@4bbbba2b
reloadAllAccessors: .matrixType14

===========================================================================================
----------------- testing Fri Jan 03 00:45:08 UTC 2020 /home/travis/build/icyphy/ptII/ptolemy/actor/lib/test/auto/matrixType2.xml
----------------- Instantiating /home/travis/build/icyphy/ptII/ptolemy/actor/lib/test/auto/matrixType2.xml
2 ms. Memory: 495616K Free: 326208K (66%)
----------------- Invoking toplevel() on ptolemy.moml.MoMLSimpleApplication@17852722
----------------- Done invoking toplevel() on ptolemy.moml.MoMLSimpleApplication@17852722
reloadAllAccessors: .matrixType2

===========================================================================================
----------------- testing Fri Jan 03 00:45:09 UTC 2020 /home/travis/build/icyphy/ptII/ptolemy/actor/lib/test/auto/matrixType3.xml
----------------- Instantiating /home/travis/build/icyphy/ptII/ptolemy/actor/lib/test/auto/matrixType3.xml
3 ms. Memory: 495616K Free: 321602K (65%)
----------------- Invoking toplevel() on ptolemy.moml.MoMLSimpleApplication@28c1bda4
----------------- Done invoking toplevel() on ptolemy.moml.MoMLSimpleApplication@28c1bda4
reloadAllAccessors: .matrixType3

===========================================================================================
----------------- testing Fri Jan 03 00:45:09 UTC 2020 /home/travis/build/icyphy/ptII/ptolemy/actor/lib/test/auto/matrixType4.xml
----------------- Instantiating /home/travis/build/icyphy/ptII/ptolemy/actor/lib/test/auto/matrixType4.xml
2 ms. Memory: 495616K Free: 316992K (64%)
----------------- Invoking toplevel() on ptolemy.moml.MoMLSimpleApplication@2580a1d7
----------------- Done invoking toplevel() on ptolemy.moml.MoMLSimpleApplication@2580a1d7
reloadAllAccessors: .matrixType4

===========================================================================================
----------------- testing Fri Jan 03 00:45:09 UTC 2020 /home/travis/build/icyphy/ptII/ptolemy/actor/lib/test/auto/matrixType5.xml
----------------- Instantiating /home/travis/build/icyphy/ptII/ptolemy/actor/lib/test/auto/matrixType5.xml
2 ms. Memory: 495616K Free: 311872K (63%)
----------------- Invoking toplevel() on ptolemy.moml.MoMLSimpleApplication@f346832
----------------- Done invoking toplevel() on ptolemy.moml.MoMLSimpleApplication@f346832
reloadAllAccessors: .matrixType5

===========================================================================================
----------------- testing Fri Jan 03 00:45:09 UTC 2020 /home/travis/build/icyphy/ptII/ptolemy/actor/lib/test/auto/matrixType6.xml
----------------- Instantiating /home/travis/build/icyphy/ptII/ptolemy/actor/lib/test/auto/matrixType6.xml
1 ms. Memory: 495616K Free: 307266K (62%)
----------------- Invoking toplevel() on ptolemy.moml.MoMLSimpleApplication@16a110d0
----------------- Done invoking toplevel() on ptolemy.moml.MoMLSimpleApplication@16a110d0
reloadAllAccessors: .matrixType6

===========================================================================================
----------------- testing Fri Jan 03 00:45:09 UTC 2020 /home/travis/build/icyphy/ptII/ptolemy/actor/lib/test/auto/matrixType7.xml
----------------- Instantiating /home/travis/build/icyphy/ptII/ptolemy/actor/lib/test/auto/matrixType7.xml
2 ms. Memory: 495616K Free: 302656K (61%)
----------------- Invoking toplevel() on ptolemy.moml.MoMLSimpleApplication@225e439
----------------- Done invoking toplevel() on ptolemy.moml.MoMLSimpleApplication@225e439
reloadAllAccessors: .matrixType7

===========================================================================================
----------------- testing Fri Jan 03 00:45:09 UTC 2020 /home/travis/build/icyphy/ptII/ptolemy/actor/lib/test/auto/matrixType8.xml
----------------- Instantiating /home/travis/build/icyphy/ptII/ptolemy/actor/lib/test/auto/matrixType8.xml
1 ms. Memory: 495616K Free: 297536K (60%)
----------------- Invoking toplevel() on ptolemy.moml.MoMLSimpleApplication@3f67fd6b
----------------- Done invoking toplevel() on ptolemy.moml.MoMLSimpleApplication@3f67fd6b
reloadAllAccessors: .matrixType8

===========================================================================================
----------------- testing Fri Jan 03 00:45:09 UTC 2020 /home/travis/build/icyphy/ptII/ptolemy/actor/lib/test/auto/matrixType9.xml
----------------- Instantiating /home/travis/build/icyphy/ptII/ptolemy/actor/lib/test/auto/matrixType9.xml
1 ms. Memory: 495616K Free: 292930K (59%)
----------------- Invoking toplevel() on ptolemy.moml.MoMLSimpleApplication@74eb9132
----------------- Done invoking toplevel() on ptolemy.moml.MoMLSimpleApplication@74eb9132
reloadAllAccessors: .matrixType9

===========================================================================================
----------------- testing Fri Jan 03 00:45:09 UTC 2020 /home/travis/build/icyphy/ptII/ptolemy/actor/lib/test/auto/paraFunctest.xml
----------------- Instantiating /home/travis/build/icyphy/ptII/ptolemy/actor/lib/test/auto/paraFunctest.xml
1 ms. Memory: 495616K Free: 288834K (58%)
----------------- Invoking toplevel() on ptolemy.moml.MoMLSimpleApplication@4e8d6f34
----------------- Done invoking toplevel() on ptolemy.moml.MoMLSimpleApplication@4e8d6f34
reloadAllAccessors: .paraFunctest

===========================================================================================
----------------- testing Fri Jan 03 00:45:09 UTC 2020 /home/travis/build/icyphy/ptII/ptolemy/actor/lib/test/auto/paraFunctest2.xml
----------------- Instantiating /home/travis/build/icyphy/ptII/ptolemy/actor/lib/test/auto/paraFunctest2.xml
1 ms. Memory: 495616K Free: 284224K (57%)
----------------- Invoking toplevel() on ptolemy.moml.MoMLSimpleApplication@748bbc87
----------------- Done invoking toplevel() on ptolemy.moml.MoMLSimpleApplication@748bbc87
reloadAllAccessors: .paraFunctest2

===========================================================================================
----------------- testing Fri Jan 03 00:45:09 UTC 2020 /home/travis/build/icyphy/ptII/ptolemy/actor/lib/test/auto/parameterPassing.xml
----------------- Instantiating /home/travis/build/icyphy/ptII/ptolemy/actor/lib/test/auto/parameterPassing.xml
1 ms. Memory: 495616K Free: 280128K (57%)
----------------- Invoking toplevel() on ptolemy.moml.MoMLSimpleApplication@5af9fbf0
----------------- Done invoking toplevel() on ptolemy.moml.MoMLSimpleApplication@5af9fbf0
reloadAllAccessors: .parameterPassing

===========================================================================================
----------------- testing Fri Jan 03 00:45:09 UTC 2020 /home/travis/build/icyphy/ptII/ptolemy/actor/lib/test/auto/record.xml
----------------- Instantiating /home/travis/build/icyphy/ptII/ptolemy/actor/lib/test/auto/record.xml
2 ms. Memory: 495616K Free: 275008K (55%)
----------------- Invoking toplevel() on ptolemy.moml.MoMLSimpleApplication@2c304b0f
----------------- Done invoking toplevel() on ptolemy.moml.MoMLSimpleApplication@2c304b0f
reloadAllAccessors: .record

===========================================================================================
----------------- testing Fri Jan 03 00:45:09 UTC 2020 /home/travis/build/icyphy/ptII/ptolemy/actor/lib/test/auto/sizedarray1.xml
----------------- Instantiating /home/travis/build/icyphy/ptII/ptolemy/actor/lib/test/auto/sizedarray1.xml
1 ms. Memory: 495616K Free: 269888K (54%)
----------------- Invoking toplevel() on ptolemy.moml.MoMLSimpleApplication@25f472f9
----------------- Done invoking toplevel() on ptolemy.moml.MoMLSimpleApplication@25f472f9
reloadAllAccessors: .sizedarray1

===========================================================================================
----------------- testing Fri Jan 03 00:45:09 UTC 2020 /home/travis/build/icyphy/ptII/ptolemy/actor/lib/test/auto/sizedarray2.xml
----------------- Instantiating /home/travis/build/icyphy/ptII/ptolemy/actor/lib/test/auto/sizedarray2.xml
2 ms. Memory: 495616K Free: 263744K (53%)
----------------- Invoking toplevel() on ptolemy.moml.MoMLSimpleApplication@6b52633b
----------------- Done invoking toplevel() on ptolemy.moml.MoMLSimpleApplication@6b52633b
reloadAllAccessors: .sizedarray2

===========================================================================================
----------------- testing Fri Jan 03 00:45:09 UTC 2020 /home/travis/build/icyphy/ptII/ptolemy/actor/lib/test/auto/twoPublishers.xml
----------------- Instantiating /home/travis/build/icyphy/ptII/ptolemy/actor/lib/test/auto/twoPublishers.xml
6 ms. Memory: 495616K Free: 253504K (51%)
----------------- Invoking toplevel() on ptolemy.moml.MoMLSimpleApplication@27f498b0
----------------- Done invoking toplevel() on ptolemy.moml.MoMLSimpleApplication@27f498b0
reloadAllAccessors: .twoPublishers
AutoTests.java: About to close Vertx.
AutoTests.java: Vertx closed.
]]></system-out>
  <system-err><![CDATA[java.lang.RuntimeException: Execution failed
	at ptolemy.moml.MoMLSimpleApplication$UnloadThread.run(MoMLSimpleApplication.java:402)
Caused by: java.lang.RuntimeException: StringUtilities.exit() was called. Normally, we would exit here because Manager.exitAfterWrapup() was called.  However, because the ptolemy.ptII.exitAfterWrapup property is set, we throw this exception instead.
	at ptolemy.util.StringUtilities.exit(StringUtilities.java:365)
	at ptolemy.actor.Manager.wrapup(Manager.java:1549)
	at ptolemy.actor.Manager.execute(Manager.java:407)
	at ptolemy.actor.Manager.run(Manager.java:1263)
	at ptolemy.actor.Manager$PtolemyRunThread.run(Manager.java:1933)
Warning: '.top.test' is in training mode, set the trainingMode parameter to false before checking in
Warning: '.top.test' is in training mode, set the trainingMode parameter to false before checking in
Warning: '.top.test' is in training mode, set the trainingMode parameter to false before checking in
Warning: '.BooleanSwitch_RegressionTest_WrongTrainingValues.Test' is in training mode, set the trainingMode parameter to false before checking in
Warning: '.BooleanSwitch_RegressionTest_WrongTrainingValues.Test2' is in training mode, set the trainingMode parameter to false before checking in
Warning: '.BooleanSwitch_RegressionTest_WrongTrainingValues.Test2' The test produced 0 tokens.
Warning: '.top.testExceptionHandler' is in training mode, set the trainingMode parameter to false before checking in
java.lang.RuntimeException: Execution failed
	at ptolemy.moml.MoMLSimpleApplication$UnloadThread.run(MoMLSimpleApplication.java:402)
Caused by: ptolemy.kernel.util.IllegalActionException: PublisherPorts cannot be used at the top level, use a Publisher actor instead.
  in .PublisherPortToplevelSubscriber.PublisherPort
	at ptolemy.actor.PublisherPort.preinitialize(PublisherPort.java:403)
	at ptolemy.actor.CompositeActor.preinitialize(CompositeActor.java:1769)
	at ptolemy.actor.Manager.preinitializeAndResolveTypes(Manager.java:1040)
	at ptolemy.actor.Manager.initialize(Manager.java:710)
	at ptolemy.actor.Manager.execute(Manager.java:356)
	at ptolemy.actor.Manager.run(Manager.java:1263)
	at ptolemy.actor.Manager$PtolemyRunThread.run(Manager.java:1933)
java.lang.reflect.InvocationTargetException
	at java.base/jdk.internal.reflect.NativeConstructorAccessorImpl.newInstance0(Native Method)
	at java.base/jdk.internal.reflect.NativeConstructorAccessorImpl.newInstance(NativeConstructorAccessorImpl.java:62)
	at java.base/jdk.internal.reflect.DelegatingConstructorAccessorImpl.newInstance(DelegatingConstructorAccessorImpl.java:45)
	at java.base/java.lang.reflect.Constructor.newInstance(Constructor.java:490)
	at ptolemy.util.test.junit.AutoKnownFailedTests.RunModel(AutoKnownFailedTests.java:105)
	at java.base/jdk.internal.reflect.NativeMethodAccessorImpl.invoke0(Native Method)
	at java.base/jdk.internal.reflect.NativeMethodAccessorImpl.invoke(NativeMethodAccessorImpl.java:62)
	at java.base/jdk.internal.reflect.DelegatingMethodAccessorImpl.invoke(DelegatingMethodAccessorImpl.java:43)
	at java.base/java.lang.reflect.Method.invoke(Method.java:566)
	at org.junit.runners.model.FrameworkMethod$1.runReflectiveCall(FrameworkMethod.java:44)
	at org.junit.internal.runners.model.ReflectiveCallable.run(ReflectiveCallable.java:15)
	at org.junit.runners.model.FrameworkMethod.invokeExplosively(FrameworkMethod.java:41)
	at junitparams.internal.InvokeParameterisedMethod.evaluate(InvokeParameterisedMethod.java:102)
	at org.junit.internal.runners.statements.FailOnTimeout$1.run(FailOnTimeout.java:28)
Caused by: ptolemy.kernel.util.IllegalActionException: PublisherPorts cannot be used at the top level, use a Publisher actor instead.
  in .PublisherPortToplevelSubscriber.PublisherPort
	at ptolemy.actor.PublisherPort.preinitialize(PublisherPort.java:403)
	at ptolemy.actor.CompositeActor.preinitialize(CompositeActor.java:1769)
	at ptolemy.actor.Manager.preinitializeAndResolveTypes(Manager.java:1040)
	at ptolemy.actor.Manager.initialize(Manager.java:710)
	at ptolemy.actor.Manager.execute(Manager.java:356)
	at ptolemy.actor.Manager.run(Manager.java:1263)
	at ptolemy.actor.Manager$PtolemyRunThread.run(Manager.java:1933)
java.lang.RuntimeException: Execution failed
	at ptolemy.moml.MoMLSimpleApplication$UnloadThread.run(MoMLSimpleApplication.java:402)
Caused by: ptolemy.kernel.util.IllegalActionException: SubscriberPorts cannot be used at the top level, use a Subscriber actor instead.
  in .PublisherSubscriberPortToplevel.SubscriberPort
	at ptolemy.actor.SubscriberPort.preinitialize(SubscriberPort.java:328)
	at ptolemy.actor.CompositeActor.preinitialize(CompositeActor.java:1769)
	at ptolemy.actor.Manager.preinitializeAndResolveTypes(Manager.java:1040)
	at ptolemy.actor.Manager.initialize(Manager.java:710)
	at ptolemy.actor.Manager.execute(Manager.java:356)
	at ptolemy.actor.Manager.run(Manager.java:1263)
	at ptolemy.actor.Manager$PtolemyRunThread.run(Manager.java:1933)
java.lang.reflect.InvocationTargetException
	at java.base/jdk.internal.reflect.NativeConstructorAccessorImpl.newInstance0(Native Method)
	at java.base/jdk.internal.reflect.NativeConstructorAccessorImpl.newInstance(NativeConstructorAccessorImpl.java:62)
	at java.base/jdk.internal.reflect.DelegatingConstructorAccessorImpl.newInstance(DelegatingConstructorAccessorImpl.java:45)
	at java.base/java.lang.reflect.Constructor.newInstance(Constructor.java:490)
	at ptolemy.util.test.junit.AutoKnownFailedTests.RunModel(AutoKnownFailedTests.java:105)
	at java.base/jdk.internal.reflect.NativeMethodAccessorImpl.invoke0(Native Method)
	at java.base/jdk.internal.reflect.NativeMethodAccessorImpl.invoke(NativeMethodAccessorImpl.java:62)
	at java.base/jdk.internal.reflect.DelegatingMethodAccessorImpl.invoke(DelegatingMethodAccessorImpl.java:43)
	at java.base/java.lang.reflect.Method.invoke(Method.java:566)
	at org.junit.runners.model.FrameworkMethod$1.runReflectiveCall(FrameworkMethod.java:44)
	at org.junit.internal.runners.model.ReflectiveCallable.run(ReflectiveCallable.java:15)
	at org.junit.runners.model.FrameworkMethod.invokeExplosively(FrameworkMethod.java:41)
	at junitparams.internal.InvokeParameterisedMethod.evaluate(InvokeParameterisedMethod.java:102)
	at org.junit.internal.runners.statements.FailOnTimeout$1.run(FailOnTimeout.java:28)
Caused by: ptolemy.kernel.util.IllegalActionException: SubscriberPorts cannot be used at the top level, use a Subscriber actor instead.
  in .PublisherSubscriberPortToplevel.SubscriberPort
	at ptolemy.actor.SubscriberPort.preinitialize(SubscriberPort.java:328)
	at ptolemy.actor.CompositeActor.preinitialize(CompositeActor.java:1769)
	at ptolemy.actor.Manager.preinitializeAndResolveTypes(Manager.java:1040)
	at ptolemy.actor.Manager.initialize(Manager.java:710)
	at ptolemy.actor.Manager.execute(Manager.java:356)
	at ptolemy.actor.Manager.run(Manager.java:1263)
	at ptolemy.actor.Manager$PtolemyRunThread.run(Manager.java:1933)
java.lang.RuntimeException: Execution failed
	at ptolemy.moml.MoMLSimpleApplication$UnloadThread.run(MoMLSimpleApplication.java:402)
Caused by: ptolemy.kernel.util.IllegalActionException: SubscriptionAggregatorPorts cannot be used at the top level, use a SubscriptionAggregator actor instead.
  in .PublisherSubscriptionAggregatorPort.SubscriptionAggregatorPort
	at ptolemy.actor.SubscriptionAggregatorPort.preinitialize(SubscriptionAggregatorPort.java:353)
	at ptolemy.actor.CompositeActor.preinitialize(CompositeActor.java:1769)
	at ptolemy.actor.Manager.preinitializeAndResolveTypes(Manager.java:1040)
	at ptolemy.actor.Manager.initialize(Manager.java:710)
	at ptolemy.actor.Manager.execute(Manager.java:356)
	at ptolemy.actor.Manager.run(Manager.java:1263)
	at ptolemy.actor.Manager$PtolemyRunThread.run(Manager.java:1933)
java.lang.reflect.InvocationTargetException
	at java.base/jdk.internal.reflect.NativeConstructorAccessorImpl.newInstance0(Native Method)
	at java.base/jdk.internal.reflect.NativeConstructorAccessorImpl.newInstance(NativeConstructorAccessorImpl.java:62)
	at java.base/jdk.internal.reflect.DelegatingConstructorAccessorImpl.newInstance(DelegatingConstructorAccessorImpl.java:45)
	at java.base/java.lang.reflect.Constructor.newInstance(Constructor.java:490)
	at ptolemy.util.test.junit.AutoKnownFailedTests.RunModel(AutoKnownFailedTests.java:105)
	at java.base/jdk.internal.reflect.NativeMethodAccessorImpl.invoke0(Native Method)
	at java.base/jdk.internal.reflect.NativeMethodAccessorImpl.invoke(NativeMethodAccessorImpl.java:62)
	at java.base/jdk.internal.reflect.DelegatingMethodAccessorImpl.invoke(DelegatingMethodAccessorImpl.java:43)
	at java.base/java.lang.reflect.Method.invoke(Method.java:566)
	at org.junit.runners.model.FrameworkMethod$1.runReflectiveCall(FrameworkMethod.java:44)
	at org.junit.internal.runners.model.ReflectiveCallable.run(ReflectiveCallable.java:15)
	at org.junit.runners.model.FrameworkMethod.invokeExplosively(FrameworkMethod.java:41)
	at junitparams.internal.InvokeParameterisedMethod.evaluate(InvokeParameterisedMethod.java:102)
	at org.junit.internal.runners.statements.FailOnTimeout$1.run(FailOnTimeout.java:28)
Caused by: ptolemy.kernel.util.IllegalActionException: SubscriptionAggregatorPorts cannot be used at the top level, use a SubscriptionAggregator actor instead.
  in .PublisherSubscriptionAggregatorPort.SubscriptionAggregatorPort
	at ptolemy.actor.SubscriptionAggregatorPort.preinitialize(SubscriptionAggregatorPort.java:353)
	at ptolemy.actor.CompositeActor.preinitialize(CompositeActor.java:1769)
	at ptolemy.actor.Manager.preinitializeAndResolveTypes(Manager.java:1040)
	at ptolemy.actor.Manager.initialize(Manager.java:710)
	at ptolemy.actor.Manager.execute(Manager.java:356)
	at ptolemy.actor.Manager.run(Manager.java:1263)
	at ptolemy.actor.Manager$PtolemyRunThread.run(Manager.java:1933)
java.lang.RuntimeException: Execution failed
	at ptolemy.moml.MoMLSimpleApplication$UnloadThread.run(MoMLSimpleApplication.java:402)
Caused by: ptolemy.kernel.util.IllegalActionException: TypeTest actor has no training data.
  in .sizedarray3.TypeTest
	at ptolemy.actor.lib.TypeTest.initialize(TypeTest.java:250)
	at ptolemy.actor.Director.initialize(Director.java:938)
	at ptolemy.actor.Director.initialize(Director.java:907)
	at ptolemy.actor.sched.StaticSchedulingDirector.initialize(StaticSchedulingDirector.java:159)
	at ptolemy.domains.sdf.kernel.SDFDirector.initialize(SDFDirector.java:544)
	at ptolemy.actor.CompositeActor.initialize(CompositeActor.java:935)
	at ptolemy.actor.Manager.initialize(Manager.java:724)
	at ptolemy.actor.Manager.execute(Manager.java:356)
	at ptolemy.actor.Manager.run(Manager.java:1263)
	at ptolemy.actor.Manager$PtolemyRunThread.run(Manager.java:1933)
java.lang.reflect.InvocationTargetException
	at java.base/jdk.internal.reflect.NativeConstructorAccessorImpl.newInstance0(Native Method)
	at java.base/jdk.internal.reflect.NativeConstructorAccessorImpl.newInstance(NativeConstructorAccessorImpl.java:62)
	at java.base/jdk.internal.reflect.DelegatingConstructorAccessorImpl.newInstance(DelegatingConstructorAccessorImpl.java:45)
	at java.base/java.lang.reflect.Constructor.newInstance(Constructor.java:490)
	at ptolemy.util.test.junit.AutoKnownFailedTests.RunModel(AutoKnownFailedTests.java:105)
	at java.base/jdk.internal.reflect.NativeMethodAccessorImpl.invoke0(Native Method)
	at java.base/jdk.internal.reflect.NativeMethodAccessorImpl.invoke(NativeMethodAccessorImpl.java:62)
	at java.base/jdk.internal.reflect.DelegatingMethodAccessorImpl.invoke(DelegatingMethodAccessorImpl.java:43)
	at java.base/java.lang.reflect.Method.invoke(Method.java:566)
	at org.junit.runners.model.FrameworkMethod$1.runReflectiveCall(FrameworkMethod.java:44)
	at org.junit.internal.runners.model.ReflectiveCallable.run(ReflectiveCallable.java:15)
	at org.junit.runners.model.FrameworkMethod.invokeExplosively(FrameworkMethod.java:41)
	at junitparams.internal.InvokeParameterisedMethod.evaluate(InvokeParameterisedMethod.java:102)
	at org.junit.internal.runners.statements.FailOnTimeout$1.run(FailOnTimeout.java:28)
Caused by: ptolemy.kernel.util.IllegalActionException: TypeTest actor has no training data.
  in .sizedarray3.TypeTest
	at ptolemy.actor.lib.TypeTest.initialize(TypeTest.java:250)
	at ptolemy.actor.Director.initialize(Director.java:938)
	at ptolemy.actor.Director.initialize(Director.java:907)
	at ptolemy.actor.sched.StaticSchedulingDirector.initialize(StaticSchedulingDirector.java:159)
	at ptolemy.domains.sdf.kernel.SDFDirector.initialize(SDFDirector.java:544)
	at ptolemy.actor.CompositeActor.initialize(CompositeActor.java:935)
	at ptolemy.actor.Manager.initialize(Manager.java:724)
	at ptolemy.actor.Manager.execute(Manager.java:356)
	at ptolemy.actor.Manager.run(Manager.java:1263)
	at ptolemy.actor.Manager$PtolemyRunThread.run(Manager.java:1933)
java.lang.RuntimeException: Execution failed
	at ptolemy.moml.MoMLSimpleApplication$UnloadThread.run(MoMLSimpleApplication.java:402)
Caused by: ptolemy.kernel.util.IllegalActionException: Test fails in iteration 0.
Value was: 6001L. Should have been: 6000L
  in .ExecutionTimeSDF.NonStrictTest
	at ptolemy.actor.lib.NonStrictTest.postfire(NonStrictTest.java:328)
	at ptolemy.actor.AtomicActor.iterate(AtomicActor.java:518)
	at ptolemy.actor.sched.StaticSchedulingDirector.fire(StaticSchedulingDirector.java:216)
	at ptolemy.domains.sdf.kernel.SDFDirector.fire(SDFDirector.java:500)
	at ptolemy.actor.CompositeActor.fire(CompositeActor.java:455)
	at ptolemy.actor.Manager.iterate(Manager.java:851)
	at ptolemy.actor.Manager.execute(Manager.java:369)
	at ptolemy.actor.Manager.run(Manager.java:1263)
	at ptolemy.actor.Manager$PtolemyRunThread.run(Manager.java:1933)
]]></system-err>
</testsuite>
