<?xml version="1.0" encoding="UTF-8" ?>
<testsuite errors="0" failures="0" hostname="travis-job-3301c0f0-917a-4ea7-b402-77cd28195c08" name="ptolemy.actor.lib.test.junit.JUnitTclTest" skipped="0" tests="517" time="60.082" timestamp="2019-04-08T03:54:26">
  <properties>
    <property name="npm.executable" value="npm" />
    <property name="file.encoding.pkg" value="sun.io" />
    <property name="env.TRAVIS_ROOT" value="/" />
    <property name="ptII.mk.exists" value="true" />
    <property name="env.TRAVIS_APP_HOST" value="build.travis-ci.org" />
    <property name="env.rvm_bin_path" value="/home/travis/.rvm/bin" />
    <property name="java.home" value="/usr/lib/jvm/java-8-oracle/jre" />
    <property name="env.TRAVIS_JOB_NUMBER" value="1078.8" />
    <property name="env.TRAVIS_HOME" value="/home/travis" />
    <property name="env.DISPLAY" value=":99.0" />
    <property name="java.net.preferIPv4Stack" value="true" />
    <property name="env.TRAVIS_INIT" value="upstart" />
    <property name="env.SSH_TTY" value="/dev/pts/0" />
    <property name="env.RUN_TESTS" value="true" />
    <property name="timeout.short" value="1000000" />
    <property name="env.TRAVIS_JOB_NAME" value="" />
    <property name="env.TRAVIS_STACK_NODE_ATTRIBUTES" value="/.node-attributes.yml" />
    <property name="junit.formatter" value="xml" />
    <property name="java.endorsed.dirs" value="/usr/lib/jvm/java-8-oracle/jre/lib/endorsed" />
    <property name="env.TRAVIS_SUDO" value="true" />
    <property name="env.LOGNAME" value="travis" />
    <property name="env.PT_TRAVIS_TEST_CORE1_XML" value="true" />
    <property name="jsdoc.home" value="node_modules/@terraswarm/jsdoc" />
    <property name="debuglevel" value="source,lines,vars" />
    <property name="checkstyle.formatter" value="xml" />
    <property name="bin.vergil.makeable" value="true" />
    <property name="env._system_version" value="14.04" />
    <property name="sun.os.patch.level" value="unknown" />
    <property name="java.vendor.url" value="http://java.oracle.com/" />
    <property name="env.TRAVIS_BUILD_WEB_URL" value="https://travis-ci.org/icyphy/ptII/builds/517061900" />
    <property name="java.version" value="1.8.0_151" />
    <property name="env.TZ" value="UTC" />
    <property name="env.PT_NO_NET" value="true" />
    <property name="env.TRAVIS_PULL_REQUEST_SHA" value="" />
    <property name="env.TRAVIS_SECURE_ENV_VARS" value="true" />
    <property name="env._system_type" value="Linux" />
    <property name="java.vendor.url.bug" value="http://bugreport.sun.com/bugreport/" />
    <property name="env.SSH_CLIENT" value="10.10.4.58 60710 22" />
    <property name="npmjs-org-is-up" value="true" />
    <property name="env.GEM_HOME" value="/home/travis/.rvm/gems/ruby-2.4.1" />
    <property name="env.HAS_ANTARES_THREE_LITTLE_FRONZIES_BADGE" value="true" />
    <property name="env.PS4" value="+" />
    <property name="ant.project.invoked-targets" value="build,test.core1.xml" />
    <property name="env.TRAVIS_PULL_REQUEST_BRANCH" value="" />
    <property name="env.TRAVIS_REPO_SLUG" value="icyphy/ptII" />
    <property name="env.TRAVIS_APT_PROXY" value="http://build-cache.travisci.net" />
    <property name="node.in.path" value="true" />
    <property name="java.maxmemory" value="1400m" />
    <property name="env.RUBY_VERSION" value="ruby-2.4.1" />
    <property name="user.name" value="travis" />
    <property name="env.LANG" value="en_US.UTF-8" />
    <property name="sun.io.unicode.encoding" value="UnicodeLittle" />
    <property name="sun.jnu.encoding" value="UTF-8" />
    <property name="java.runtime.name" value="Java(TM) SE Runtime Environment" />
    <property name="usefile" value="false" />
    <property name="return.code" value="0" />
    <property name="junit.single.formatter" value="plain" />
    <property name="env.DYLD_LIBRARY_PATH" value="/home/travis/pthla/certi-tools/lib:" />
    <property name="env.DEBIAN_FRONTEND" value="noninteractive" />
    <property name="env.SSH_CONNECTION" value="10.10.4.58 60710 10.20.0.65 22" />
    <property name="env.MYSQL_UNIX_PORT" value="/var/run/mysqld/mysqld.sock" />
    <property name="env.TRAVIS_ALLOW_FAILURE" value="false" />
    <property name="env.LC_ALL" value="en_US.UTF-8" />
    <property name="env.TRAVIS_JOB_WEB_URL" value="https://travis-ci.org/icyphy/ptII/jobs/517061908" />
    <property name="java.specification.name" value="Java Platform API Specification" />
    <property name="node.works" value="true" />
    <property name="user.timezone" value="" />
    <property name="path.separator" value=":" />
    <property name="env.TRAVIS_ENABLE_INFRA_DETECTION" value="true" />
    <property name="env.PYTHON_CFLAGS" value="-g -fstack-protector --param=ssp-buffer-size=4 -Wformat -Werror=format-security" />
    <property name="timeout.long" value="4000000" />
    <property name="env.CERTI_HOME" value="/home/travis/pthla/certi-tools" />
    <property name="file.encoding" value="UTF-8" />
    <property name="ant.file.ptII" value="/home/travis/build/icyphy/ptII/build.xml" />
    <property name="javadoc.packagenames" value="com.*,diva.*,lbnl.*,org.hlacerti.*,org.json.*,org.ptolemy.*,org.terraswarm.*,ptolemy.*,ptserver.*" />
    <property name="env.TRAVIS_PULL_REQUEST_SLUG" value="" />
    <property name="ant.project.default-target" value="build" />
    <property name="env.GIT_ASKPASS" value="echo" />
    <property name="env.HOME" value="/home/travis" />
    <property name="sun.java.command" value="org.apache.tools.ant.taskdefs.optional.junit.JUnitTestRunner ptolemy.actor.lib.test.junit.JUnitTclTest skipNonTests=false filtertrace=true haltOnError=false haltOnFailure=false formatter=org.apache.tools.ant.taskdefs.optional.junit.OutErrSummaryJUnitResultFormatter showoutput=true outputtoformatters=true logfailedtests=true threadid=0 logtestlistenerevents=false formatter=org.apache.tools.ant.taskdefs.optional.junit.XMLJUnitResultFormatter,/home/travis/build/icyphy/ptII/reports/junit/TEST-ptolemy.actor.lib.test.junit.JUnitTclTest.xml crashfile=/home/travis/build/icyphy/ptII/junitvmwatcher1543388158756049050.properties propsfile=/home/travis/build/icyphy/ptII/junit8571658501866506757.properties" />
    <property name="env.MANPATH" value="/home/travis/.nvm/versions/node/v7.10.1/share/man:/home/travis/.kiex/elixirs/elixir-1.4.5/man:/home/travis/.rvm/rubies/ruby-2.4.1/share/man:/usr/local/man:/usr/local/cmake-3.9.2/man:/usr/local/clang-5.0.0/share/man:/usr/local/share/man:/usr/share/man:/home/travis/.rvm/man" />
    <property name="env.COMPOSER_NO_INTERACTION" value="1" />
    <property name="env.JDK_SWITCHER_DEFAULT" value="oraclejdk8" />
    <property name="env.TRAVIS_TIMER_ID" value="0197fb45" />
    <property name="ant.file" value="/home/travis/build/icyphy/ptII/build.xml" />
    <property name="env.TRAVIS_COMMIT_RANGE" value="a94e6f5c0d85f8cff59956fabbc4c5f60396f7bb...790d4dbe3c16542dde6a78fbb251f4fb7b653315" />
    <property name="env._system_name" value="Ubuntu" />
    <property name="timeout" value="2400000" />
    <property name="ptII.classpath.optional.property" value="/home/travis/build/icyphy/ptII/lib/bsh-2.0b4.jar:/home/travis/build/icyphy/ptII/lib/ptCal.jar:/home/travis/build/icyphy/ptII/lib/java_cup.jar:/home/travis/build/icyphy/ptII/lib/saxon8.jar:/home/travis/build/icyphy/ptII/lib/saxon8-dom.jar:/home/travis/build/icyphy/ptII/lib/chic.jar:/home/travis/build/icyphy/ptII/lib/ptcolt.jar:/usr/lib/jvm/java-8-oracle/lib/tools.jar:/home/travis/build/icyphy/ptII/vendors/misc/itext/iText.jar:/home/travis/build/icyphy/ptII/lib/g4ltl.jar:/home/travis/build/icyphy/ptII/lib/StructuralCoder.jar:/home/travis/build/icyphy/ptII/vendors/jai-1_1_2_01/lib/jai_core.jar:/home/travis/build/icyphy/ptII/vendors/jai-1_1_2_01/lib/jai_codec.jar:/home/travis/build/icyphy/ptII/lib/jcerti.jar:/home/travis/build/icyphy/ptII/lib/javax.mail.jar:/home/travis/build/icyphy/ptII/vendors/JMF-2.1.1e/lib/jmf.jar:/home/travis/build/icyphy/ptII/lib/jna-4.0.0-variadic.jar:/home/travis/build/icyphy/ptII/vendors/misc/joystick/Joystick.jar:/home/travis/build/icyphy/ptII/lib/ptjacl.jar:/home/travis/build/icyphy/ptII/lib/jsoup-1.8.2.jar:/home/travis/build/icyphy/ptII/lib/junit-4.8.2.jar:/home/travis/build/icyphy/ptII/lib/JUnitParams-0.4.0.jar:/home/travis/build/icyphy/ptII/ptolemy/actor/lib/excel/jxl.jar:/home/travis/build/icyphy/ptII/lib/jython.jar:/home/travis/build/icyphy/ptII/lib/kieler.jar:/home/travis/build/icyphy/ptII/vendors/opencv/share/OpenCV/java/opencv-341.jar:/home/travis/build/icyphy/ptII/lib/oscP5.jar:/home/travis/build/icyphy/ptII/lib/nrjavaserial-3.11.0.devel.jar:/home/travis/build/icyphy/ptII/vendors/j3d/lib/j3dcore.jar:/home/travis/build/icyphy/ptII/vendors/j3d/lib/j3dutils.jar:/home/travis/build/icyphy/ptII/vendors/j3d/lib/vecmath.jar:/home/travis/build/icyphy/ptII/ptolemy/distributed/jini/jar/jini-core.jar:/home/travis/build/icyphy/ptII/ptolemy/distributed/jini/jar/jini-ext.jar:/home/travis/build/icyphy/ptII/ptolemy/distributed/jini/jar/sun-util.jar:/home/travis/build/icyphy/ptII/lib/protobuf-java-2.4.1.jar:/home/travis/build/icyphy/ptII/lib/org.eclipse.paho.client.mqttv3.jar:/home/travis/build/icyphy/ptII/lib/mapss.jar:/home/travis/build/icyphy/ptII/ptolemy/actor/ptalon/antlr/antlr.jar:/home/travis/build/icyphy/ptII/lib/JRI.jar:/home/travis/build/icyphy/ptII/lib/commons-lang-2.6.jar:/home/travis/build/icyphy/ptII/lib/commons-logging-1.1.1.jar:/home/travis/build/icyphy/ptII/lib/sootclasses.jar:/home/travis/build/icyphy/ptII/ptolemy/actor/lib/database/mysql-connector-java-5.1.6-bin.jar:/home/travis/build/icyphy/ptII/vendors/misc/sphinx4/sphinx4-data-5prealpha.jar:/home/travis/build/icyphy/ptII/vendors/misc/sphinx4/sphinx4-core-5prealpha.jar:/home/travis/build/icyphy/ptII/lib/PDFRenderer.jar:/home/travis/build/icyphy/ptII/lib/svgSalamander.jar:/home/travis/build/icyphy/ptII/lib/rsyntaxtextarea-2.6.0-SNAPSHOT.jar:/home/travis/build/icyphy/ptII/lib/hazelcast-3.8.2.jar:/home/travis/build/icyphy/ptII/lib/jackson-annotations-2.9.0.jar:/home/travis/build/icyphy/ptII/lib/jackson-core-2.9.3.jar:/home/travis/build/icyphy/ptII/lib/jackson-databind-2.9.3.jar:/home/travis/build/icyphy/ptII/lib/netty-buffer-4.1.19.Final.jar:/home/travis/build/icyphy/ptII/lib/netty-codec-4.1.19.Final.jar:/home/travis/build/icyphy/ptII/lib/netty-codec-dns-4.1.19.Final.jar:/home/travis/build/icyphy/ptII/lib/netty-codec-http-4.1.19.Final.jar:/home/travis/build/icyphy/ptII/lib/netty-codec-http2-4.1.19.Final.jar:/home/travis/build/icyphy/ptII/lib/netty-common-4.1.19.Final.jar:/home/travis/build/icyphy/ptII/lib/netty-handler-4.1.19.Final.jar:/home/travis/build/icyphy/ptII/lib/netty-resolver-4.1.19.Final.jar:/home/travis/build/icyphy/ptII/lib/netty-resolver-dns-4.1.19.Final.jar:/home/travis/build/icyphy/ptII/lib/netty-transport-4.1.19.Final.jar:/home/travis/build/icyphy/ptII/lib/vertx-codegen-3.5.1.jar:/home/travis/build/icyphy/ptII/lib/vertx-core-3.5.2-SNAPSHOT.jar:/home/travis/build/icyphy/ptII/lib/vertx-hazelcast-3.5.1.jar:/home/travis/build/icyphy/ptII/lib/vertx-lang-js-3.5.1.jar:/home/travis/build/icyphy/ptII/lib/vertx-service-proxy-3.5.1.jar:/home/travis/build/icyphy/ptII/lib/vertx-web-3.5.1.jar:/home/travis/build/icyphy/ptII/lib/slf4j-api-1.7.13.jar:/home/travis/build/icyphy/ptII/lib/slf4j-simple-1.7.13.jar:/home/travis/build/icyphy/ptII/lib/webcam-capture-0.3.12.jar:/home/travis/build/icyphy/ptII/lib/bridj-0.7.0.jar:/home/travis/build/icyphy/ptII/lib/xbjlib-1.1.0.nrjavaserial.jar" />
    <property name="test.batch" value="**/junit/*.java" />
    <property name="env._" value="/usr/bin/timeout" />
    <property name="java.io.tmpdir" value="/tmp" />
    <property name="env.TRAVIS_INTERNAL_RUBY_REGEX" value="^ruby-(2\.[0-4]\.[0-9]|1\.9\.3)" />
    <property name="user.language" value="en" />
    <property name="env.HISTCONTROL" value="ignoredups:ignorespace" />
    <property name="env.GOROOT" value="/home/travis/.gimme/versions/go1.7.4.linux.amd64" />
    <property name="line.separator" value="&#xa;" />
    <property name="target" value="1.8" />
    <property name="env.TRAVIS_BUILD_DIR" value="/home/travis/build/icyphy/ptII" />
    <property name="env.ANT_OPTS" value="-Xmx2048m" />
    <property name="ant.file.type" value="file" />
    <property name="ptolemy.ptII.batchMode" value="true" />
    <property name="env.HISTSIZE" value="1000" />
    <property name="env.MERB_ENV" value="test" />
    <property name="java.vm.info" value="mixed mode" />
    <property name="source" value="1.8" />
    <property name="java.vm.specification.name" value="Java Virtual Machine Specification" />
    <property name="env.TRAVIS_TEST_RESULT" value="0" />
    <property name="jsdoc.command" value="node_modules/@terraswarm/jsdoc/jsdoc.js" />
    <property name="npm.works" value="true" />
    <property name="cobertura.dir" value="/home/travis/build/icyphy/ptII/vendors/cobertura-2.0.3" />
    <property name="env.rvm_path" value="/home/travis/.rvm" />
    <property name="env.GEM_PATH" value="/home/travis/.rvm/gems/ruby-2.4.1:/home/travis/.rvm/gems/ruby-2.4.1@global" />
    <property name="env.LC_CTYPE" value="en_US.UTF-8" />
    <property name="java.awt.printerjob" value="sun.print.PSPrinterJob" />
    <property name="env.TRAVIS_CMD" value="$PTII/bin/ptIITravisBuild.sh $SECONDS" />
    <property name="env.TRAVIS_STACK_NAME" value="garnet" />
    <property name="env.TRAVIS_TIMER_START_TIME" value="1554695305631485373" />
    <property name="ant.version" value="Apache Ant(TM) version 1.10.1 compiled on February 2 2017" />
    <property name="ptII.reports" value="/home/travis/build/icyphy/ptII/reports" />
    <property name="env.TRAVIS_STACK_TIMESTAMP" value="2017-12-05 19:33:09 UTC" />
    <property name="ant.file.type.ptII" value="file" />
    <property name="env.RBENV_SHELL" value="bash" />
    <property name="os.name" value="Linux" />
    <property name="java.specification.vendor" value="Oracle Corporation" />
    <property name="env.rvm_version" value="1.29.3 (latest)" />
    <property name="env.TRAVIS_INFRA" value="gce" />
    <property name="env.TERM" value="xterm" />
    <property name="java.vm.name" value="Java HotSpot(TM) 64-Bit Server VM" />
    <property name="env.TRAVIS_BUILD_NUMBER" value="1078" />
    <property name="env.CI" value="true" />
    <property name="java.library.path" value="/home/travis/pthla/certi-tools/lib:/usr/lib/jni:/usr/local/share/OpenCV/java/:/usr/share/OpenCV/java::/usr/java/packages/lib/amd64:/usr/lib64:/lib64:/lib:/usr/lib" />
    <property name="env.rvm_prefix" value="/home/travis" />
    <property name="env.PATH" value="/home/travis/pthla/certi-tools/share/scripts:/home/travis/.rvm/gems/ruby-2.4.1/bin:/home/travis/.rvm/gems/ruby-2.4.1@global/bin:/home/travis/.rvm/rubies/ruby-2.4.1/bin:/home/travis/.rvm/bin:/home/travis/.nvm/versions/node/v7.10.1/bin:./node_modules/.bin:/home/travis/build/icyphy/ptII/bin:/home/travis/pthla/certi-tools/bin:/home/travis/bin:/home/travis/.local/bin:/opt/pyenv/shims:/home/travis/.phpenv/shims:/home/travis/perl5/perlbrew/bin:/home/travis/.kiex/elixirs/elixir-1.4.5/bin:/home/travis/.kiex/bin:/home/travis/gopath/bin:/home/travis/.gimme/versions/go1.7.4.linux.amd64/bin:/usr/local/phantomjs/bin:/usr/local/phantomjs:/usr/local/neo4j-3.2.7/bin:/usr/local/maven-3.5.2/bin:/usr/local/cmake-3.9.2/bin:/usr/local/clang-5.0.0/bin:/usr/local/sbin:/usr/local/bin:/usr/sbin:/usr/bin:/sbin:/bin:/home/travis/.phpenv/bin:/opt/pyenv/bin:/home/travis/.yarn/bin" />
    <property name="env.TRAVIS_OS_NAME" value="linux" />
    <property name="ant.java.version" value="1.8" />
    <property name="basedir" value="/home/travis/build/icyphy/ptII" />
    <property name="java.class.version" value="52.0" />
    <property name="env.SHLVL" value="3" />
    <property name="env.LD_LIBRARY_PATH" value="/home/travis/pthla/certi-tools/lib:/usr/lib/jni:/usr/local/share/OpenCV/java/:/usr/share/OpenCV/java:" />
    <property name="env.RACK_ENV" value="test" />
    <property name="ant.home" value="/home/travis/build/icyphy/ptII/ant" />
    <property name="env.PERLBREW_BASHRC_VERSION" value="0.80" />
    <property name="env.NVM_DIR" value="/home/travis/.nvm" />
    <property name="env.TRAVIS_BUILD_ID" value="517061900" />
    <property name="env.CERTI_FOM_PATH" value="/home/travis/pthla/certi-tools/share/federations" />
    <property name="env.PYENV_ROOT" value="/opt/pyenv" />
    <property name="env.TRAVIS_UID" value="2000" />
    <property name="env.rvm_pretty_print_flag" value="auto" />
    <property name="env.NVM_BIN" value="/home/travis/.nvm/versions/node/v7.10.1/bin" />
    <property name="env.TRAVIS_COMMIT" value="790d4dbe3c16542dde6a78fbb251f4fb7b653315" />
    <property name="env._system_arch" value="x86_64" />
    <property name="node.executable" value="node" />
    <property name="sun.boot.library.path" value="/usr/lib/jvm/java-8-oracle/jre/lib/amd64" />
    <property name="sun.management.compiler" value="HotSpot 64-Bit Tiered Compilers" />
    <property name="env.GOPATH" value="/home/travis/gopath" />
    <property name="java.awt.graphicsenv" value="sun.awt.X11GraphicsEnvironment" />
    <property name="ptolemy.ptII.dir" value="/home/travis/build/icyphy/ptII" />
    <property name="env.USER" value="travis" />
    <property name="env.HISTFILESIZE" value="2000" />
    <property name="timeout.longest" value="19000000" />
    <property name="env.TRAVIS_STACK_FEATURES" value="basic cassandra chromium couchdb disabled-ipv6 docker docker-compose elasticsearch firefox go-toolchain google-chrome jdk memcached mongodb mysql neo4j nodejs_interpreter perl_interpreter perlbrew phantomjs postgresql python_interpreter rabbitmq redis riak ruby_interpreter sqlite xserver" />
    <property name="env.TRAVIS_PULL_REQUEST" value="false" />
    <property name="env.PYENV_SHELL" value="bash" />
    <property name="ant.project.name" value="ptII" />
    <property name="java.vm.specification.version" value="1.8" />
    <property name="env.ANSI_RESET" value="\033[0m" />
    <property name="env.TRAVIS_DIST" value="trusty" />
    <property name="env.CERTI_VERSION" value="4.0.0" />
    <property name="env.NLSPATH" value="/usr/dt/lib/nls/msg/%L/%N.cat" />
    <property name="awt.toolkit" value="sun.awt.X11.XToolkit" />
    <property name="env.CERTI_HOST" value="localhost" />
    <property name="env.MY_RUBY_HOME" value="/home/travis/.rvm/rubies/ruby-2.4.1" />
    <property name="sun.cpu.isalist" value="" />
    <property name="env.TRAVIS_TMPDIR" value="/tmp/tmp.YWUn2UfniA" />
    <property name="java.ext.dirs" value="/usr/lib/jvm/java-8-oracle/jre/lib/ext:/usr/java/packages/lib/ext" />
    <property name="os.version" value="4.4.0-101-generic" />
    <property name="user.home" value="/home/travis" />
    <property name="env.MIX_ARCHIVES" value="/home/travis/.kiex/mix/elixir-1.4.5" />
    <property name="java.vm.vendor" value="Oracle Corporation" />
    <property name="env.TRAVIS_TAG" value="nightly" />
    <property name="env.ANSI_YELLOW" value="\033[33;1m" />
    <property name="env.TRAVIS_FILTERED" value="redirect_io" />
    <property name="env.ANSI_GREEN" value="\033[32;1m" />
    <property name="env.JAVA_HOME" value="/usr/lib/jvm/java-8-oracle" />
    <property name="env.PTII" value="/home/travis/build/icyphy/ptII" />
    <property name="javadoc.excludepackagenames" value="adm.cvs2svn.*,build.*,config.*,doc.coding.templates.*,jni.test.jni.meaningOfLife.*,jni.test.jni.testDeux.*,jni.test.jni.testTrois.*,org.terraswarm.accessor.accessors.web.node_modules.*,org.terraswarm.accessor.accessors.web.hosts.cordova.demo.*,org.terraswarm.accessor.accessors.web.hosts.cordova.plugins.*,org.terraswarm.accessor.accessors-svn.*,pt-modules.*,ptolemy.apps.agilent.*,ptolemy.apps.anytimecontrol.*,ptolemy.apps.apes.*,ptolemy.apps.charon.*,ptolemy.apps.crazyboard.*,ptolemy.apps.eclipse.*,ptolemy.apps.etherealSting.*,ptolemy.apps.fullscreen.*,ptolemy.apps.giotto.*,ptolemy.apps.ia.*,ptolemy.apps.interfaces.*,ptolemy.apps.jmf.*,ptolemy.apps.kurt.*,ptolemy.apps.kvm.*,ptolemy.apps.lego.*,ptolemy.apps.lejos.*,ptolemy.apps.midp.*,ptolemy.apps.mobileCoding.*,ptolemy.apps.pendulum.*,ptolemy.apps.rijndael.*,ptolemy.apps.robot.*,ptolemy.apps.security.*,ptolemy.apps.sobel.*,ptolemy.apps.soot.*,ptolemy.apps.throttle.*,ptolemy.apps.tini.*,ptolemy.apps.transmission.*,ptolemy.apps.vergil.*,ptolemy.apps.waba.*,ptolemy.apps.websensor.*,ptolemy.apps.webstart.*,ptolemy.apps.xsl.*,ptolemy.apps.zaurus.*,ptolemy.codegen.c.actor.lib.oldJavaFiles.*,ptolemy.codegen.dsp.lib.*,ptolemy.codegen.kernel.newInterfaces.*,ptolemy.codegen.lib.*,ptolemy.copernicus.kernel.fragment.*,ptolemy.copernicus.shallow.cg.*,ptolemy.domains.giotto.demo.Hierarchy.Hierarchy.*,ptolemy.domains.giotto.demo.Multimode.Multimode.*,ptolemy.domains.giotto.demo.Simple.Simple.*,ptolemy.domains.gr.lib.experimental.*,ptolemy.domains.gro.*,ptolemy.domains.pdf.*,ptolemy.domains.ptinyos.demo.Surge.output.*,ptolemy.moml.test.NoPackageActor.java*,ptolemy.plot.adm.*,ptolemy.plot.servlet.*,reports.*,signed.*,src.*,target.*,vendors.*,ptolemy.apps.eclipse.awt.*,ptolemy.backtrack.*,ptolemy.backtrack.ast.*,ptolemy.cg.adapter.generic.program.procedural.c.mbed*,ptolemy.homer.*,org.ptolemy.scala.*,diva.util.java2d.svg.*,ptolemy.domains.ptinyos.*,ptolemy.actor.lib.fmi.fmipp.*,,org.terraswarm.accessor.accessors.web.node_modules.*,org.terraswarm.accessor.accessors-svn,ptolemy.apps.*,ptolemy.actor.ptalon.demo.ptinyos.SendAndReceiveCnt.output,ptolemy.actor.ptalon.demo.ptinyos.SenseToLeds.output,ptolemy.domains.ptinyos.demo.CntToLedsAndRfm.output,ptolemy.domains.ptinyos.demo.RfmToLeds.output,ptolemy.domains.ptinyos.demo.SendAndReceiveCnt.output,ptolemy.domains.ptinyos.demo.SenseToLeds.output,ptolemy.actor.lib.jjs.modules.udpSocket.*" />
    <property name="env.TRAVIS_COMMIT_MESSAGE" value="Minor updating in manual-ptii-hla.pdf." />
    <property name="keystore" value="ptKeystore" />
    <property name="env.XDG_SESSION_ID" value="2" />
    <property name="junit.output.dir" value="/home/travis/build/icyphy/ptII/reports/junit" />
    <property name="npm.return.code" value="0" />
    <property name="user.dir" value="/home/travis/build/icyphy/ptII/ptolemy/actor/lib/test" />
    <property name="env.TRAVIS_NODE_VERSION" value="7" />
    <property name="env.XFILESEARCHPATH" value="/usr/dt/app-defaults/%L/Dt" />
    <property name="env.TRAVIS_EVENT_TYPE" value="cron" />
    <property name="env.MAIL" value="/var/mail/travis" />
    <property name="env.PWD" value="/home/travis/build/icyphy/ptII" />
    <property name="env.PERLBREW_ROOT" value="/home/travis/perl5/perlbrew" />
    <property name="timeout.npm" value="45000" />
    <property name="env.TRAVIS_ARCH" value="amd64" />
    <property name="env.PAGER" value="cat" />
    <property name="sun.cpu.endian" value="little" />
    <property name="env.TRAVIS_BUILD_STAGE_NAME" value="Test" />
    <property name="env.PERLBREW_HOME" value="/home/travis/.perlbrew" />
    <property name="env.RAILS_ENV" value="test" />
    <property name="java.vm.version" value="25.151-b12" />
    <property name="java.class.path" value="/home/travis/.ptolemyII:/home/travis/.ptolemyII/*:/home/travis/build/icyphy/ptII:/home/travis/build/icyphy/ptII/lib/bsh-2.0b4.jar:/home/travis/build/icyphy/ptII/lib/ptCal.jar:/home/travis/build/icyphy/ptII/lib/java_cup.jar:/home/travis/build/icyphy/ptII/lib/saxon8.jar:/home/travis/build/icyphy/ptII/lib/saxon8-dom.jar:/home/travis/build/icyphy/ptII/lib/chic.jar:/home/travis/build/icyphy/ptII/lib/ptcolt.jar:/usr/lib/jvm/java-8-oracle/lib/tools.jar:/home/travis/build/icyphy/ptII/vendors/misc/itext/iText.jar:/home/travis/build/icyphy/ptII/lib/g4ltl.jar:/home/travis/build/icyphy/ptII/lib/StructuralCoder.jar:/home/travis/build/icyphy/ptII/vendors/jai-1_1_2_01/lib/jai_core.jar:/home/travis/build/icyphy/ptII/vendors/jai-1_1_2_01/lib/jai_codec.jar:/home/travis/build/icyphy/ptII/lib/jcerti.jar:/home/travis/build/icyphy/ptII/lib/javax.mail.jar:/home/travis/build/icyphy/ptII/vendors/JMF-2.1.1e/lib/jmf.jar:/home/travis/build/icyphy/ptII/lib/jna-4.0.0-variadic.jar:/home/travis/build/icyphy/ptII/vendors/misc/joystick/Joystick.jar:/home/travis/build/icyphy/ptII/lib/ptjacl.jar:/home/travis/build/icyphy/ptII/lib/jsoup-1.8.2.jar:/home/travis/build/icyphy/ptII/lib/junit-4.8.2.jar:/home/travis/build/icyphy/ptII/lib/JUnitParams-0.4.0.jar:/home/travis/build/icyphy/ptII/ptolemy/actor/lib/excel/jxl.jar:/home/travis/build/icyphy/ptII/lib/jython.jar:/home/travis/build/icyphy/ptII/lib/kieler.jar:/home/travis/build/icyphy/ptII/vendors/opencv/share/OpenCV/java/opencv-341.jar:/home/travis/build/icyphy/ptII/lib/oscP5.jar:/home/travis/build/icyphy/ptII/lib/nrjavaserial-3.11.0.devel.jar:/home/travis/build/icyphy/ptII/vendors/j3d/lib/j3dcore.jar:/home/travis/build/icyphy/ptII/vendors/j3d/lib/j3dutils.jar:/home/travis/build/icyphy/ptII/vendors/j3d/lib/vecmath.jar:/home/travis/build/icyphy/ptII/ptolemy/distributed/jini/jar/jini-core.jar:/home/travis/build/icyphy/ptII/ptolemy/distributed/jini/jar/jini-ext.jar:/home/travis/build/icyphy/ptII/ptolemy/distributed/jini/jar/sun-util.jar:/home/travis/build/icyphy/ptII/lib/protobuf-java-2.4.1.jar:/home/travis/build/icyphy/ptII/lib/org.eclipse.paho.client.mqttv3.jar:/home/travis/build/icyphy/ptII/lib/mapss.jar:/home/travis/build/icyphy/ptII/ptolemy/actor/ptalon/antlr/antlr.jar:/home/travis/build/icyphy/ptII/lib/JRI.jar:/home/travis/build/icyphy/ptII/lib/commons-lang-2.6.jar:/home/travis/build/icyphy/ptII/lib/commons-logging-1.1.1.jar:/home/travis/build/icyphy/ptII/lib/sootclasses.jar:/home/travis/build/icyphy/ptII/ptolemy/actor/lib/database/mysql-connector-java-5.1.6-bin.jar:/home/travis/build/icyphy/ptII/vendors/misc/sphinx4/sphinx4-data-5prealpha.jar:/home/travis/build/icyphy/ptII/vendors/misc/sphinx4/sphinx4-core-5prealpha.jar:/home/travis/build/icyphy/ptII/lib/PDFRenderer.jar:/home/travis/build/icyphy/ptII/lib/svgSalamander.jar:/home/travis/build/icyphy/ptII/lib/rsyntaxtextarea-2.6.0-SNAPSHOT.jar:/home/travis/build/icyphy/ptII/lib/hazelcast-3.8.2.jar:/home/travis/build/icyphy/ptII/lib/jackson-annotations-2.9.0.jar:/home/travis/build/icyphy/ptII/lib/jackson-core-2.9.3.jar:/home/travis/build/icyphy/ptII/lib/jackson-databind-2.9.3.jar:/home/travis/build/icyphy/ptII/lib/netty-buffer-4.1.19.Final.jar:/home/travis/build/icyphy/ptII/lib/netty-codec-4.1.19.Final.jar:/home/travis/build/icyphy/ptII/lib/netty-codec-dns-4.1.19.Final.jar:/home/travis/build/icyphy/ptII/lib/netty-codec-http-4.1.19.Final.jar:/home/travis/build/icyphy/ptII/lib/netty-codec-http2-4.1.19.Final.jar:/home/travis/build/icyphy/ptII/lib/netty-common-4.1.19.Final.jar:/home/travis/build/icyphy/ptII/lib/netty-handler-4.1.19.Final.jar:/home/travis/build/icyphy/ptII/lib/netty-resolver-4.1.19.Final.jar:/home/travis/build/icyphy/ptII/lib/netty-resolver-dns-4.1.19.Final.jar:/home/travis/build/icyphy/ptII/lib/netty-transport-4.1.19.Final.jar:/home/travis/build/icyphy/ptII/lib/vertx-codegen-3.5.1.jar:/home/travis/build/icyphy/ptII/lib/vertx-core-3.5.2-SNAPSHOT.jar:/home/travis/build/icyphy/ptII/lib/vertx-hazelcast-3.5.1.jar:/home/travis/build/icyphy/ptII/lib/vertx-lang-js-3.5.1.jar:/home/travis/build/icyphy/ptII/lib/vertx-service-proxy-3.5.1.jar:/home/travis/build/icyphy/ptII/lib/vertx-web-3.5.1.jar:/home/travis/build/icyphy/ptII/lib/slf4j-api-1.7.13.jar:/home/travis/build/icyphy/ptII/lib/slf4j-simple-1.7.13.jar:/home/travis/build/icyphy/ptII/lib/webcam-capture-0.3.12.jar:/home/travis/build/icyphy/ptII/lib/bridj-0.7.0.jar:/home/travis/build/icyphy/ptII/lib/xbjlib-1.1.0.nrjavaserial.jar:/home/travis/build/icyphy/ptII/ptolemy/moml/test:/home/travis/build/icyphy/ptII/ant/lib/ant-launcher.jar:/home/travis/build/icyphy/ptII/ant/lib/ant.jar:/home/travis/build/icyphy/ptII/ant/lib/ant-junit.jar:/home/travis/build/icyphy/ptII/ant/lib/ant-junit4.jar" />
    <property name="ant.library.dir" value="/home/travis/build/icyphy/ptII/ant/lib" />
    <property name="os.arch" value="amd64" />
    <property name="env.TRAVIS_LANGUAGE" value="node_js" />
    <property name="env.CONTINUOUS_INTEGRATION" value="true" />
    <property name="env.TRAVIS_STACK_LANGUAGES" value="__garnet__ c c++ clojure cplusplus cpp default go groovy java node_js php pure_java python ruby scala" />
    <property name="test.name" value="ptolemy.actor.lib.test.junit.JUnitTclTest" />
    <property name="sun.java.launcher" value="SUN_STANDARD" />
    <property name="env.PYTHON_CONFIGURE_OPTS" value="--enable-unicode=ucs4 --with-wide-unicode --enable-shared --enable-ipv6 --enable-loadable-sqlite-extensions --with-computed-gotos" />
    <property name="ant.core.lib" value="/home/travis/build/icyphy/ptII/ant/lib/ant.jar" />
    <property name="java.vm.specification.vendor" value="Oracle Corporation" />
    <property name="env.BCVTB_HOME" value="/home/travis/build/icyphy/ptII/lbnl" />
    <property name="file.separator" value="/" />
    <property name="spotbugs.home" value="/home/travis/build/icyphy/ptII/vendors/spotbugs-3.1.1" />
    <property name="java.runtime.version" value="1.8.0_151-b12" />
    <property name="sun.boot.class.path" value="/usr/lib/jvm/java-8-oracle/jre/lib/resources.jar:/usr/lib/jvm/java-8-oracle/jre/lib/rt.jar:/usr/lib/jvm/java-8-oracle/jre/lib/sunrsasign.jar:/usr/lib/jvm/java-8-oracle/jre/lib/jsse.jar:/usr/lib/jvm/java-8-oracle/jre/lib/jce.jar:/usr/lib/jvm/java-8-oracle/jre/lib/charsets.jar:/usr/lib/jvm/java-8-oracle/jre/lib/jfr.jar:/usr/lib/jvm/java-8-oracle/jre/classes" />
    <property name="env.ANSI_CLEAR" value="\033[0K" />
    <property name="env.HAS_JOSH_K_SEAL_OF_APPROVAL" value="true" />
    <property name="env.XDG_RUNTIME_DIR" value="/run/user/2000" />
    <property name="env.TRAVIS_OSX_IMAGE" value="" />
    <property name="env.TRAVIS_BRANCH" value="master" />
    <property name="env.TRAVIS_JOB_ID" value="517061908" />
    <property name="user.country" value="US" />
    <property name="env.CERTI_HOME_TRAVIS" value="/home/travis/pthla/certi-tools" />
    <property name="env.SHELL" value="/bin/bash" />
    <property name="java.maxmemory.large" value="5000m" />
    <property name="model" value="" />
    <property name="env.CASHER_DIR" value="/home/travis/.casher" />
    <property name="env.NVM_CD_FLAGS" value="" />
    <property name="jshint.executable" value="/home/travis/node_modules/jshint/bin/jshint" />
    <property name="java.vendor" value="Oracle Corporation" />
    <property name="env.JRUBY_OPTS" value=" --client -J-XX:+TieredCompilation -J-XX:TieredStopAtLevel=1 -J-Xss2m -Xcompile.invokedynamic=false" />
    <property name="env.TRAVIS_PRE_CHEF_BOOTSTRAP_TIME" value="2017-12-05T19:32:55" />
    <property name="env.TRAVIS_STACK_JOB_BOARD_REGISTER" value="/.job-board-register.yml" />
    <property name="env.ELIXIR_VERSION" value="1.4.5" />
    <property name="env.ANSI_RED" value="\033[31;1m" />
    <property name="java.specification.version" value="1.8" />
    <property name="env.TRAVIS" value="true" />
    <property name="env.IRBRC" value="/home/travis/.rvm/rubies/ruby-2.4.1/.irbrc" />
    <property name="sun.arch.data.model" value="64" />
  </properties>
  <testcase classname="ptolemy.util.test.junit.TclTests" name="[0] /home/travis/build/icyphy/ptII/ptolemy/actor/lib/test/AbsoluteValue.tcl (RunTclFile)" time="0.468" />
  <testcase classname="ptolemy.util.test.junit.TclTests" name="[1] /home/travis/build/icyphy/ptII/ptolemy/actor/lib/test/AddSubtract.tcl (RunTclFile)" time="0.07" />
  <testcase classname="ptolemy.util.test.junit.TclTests" name="[2] /home/travis/build/icyphy/ptII/ptolemy/actor/lib/test/Average.tcl (RunTclFile)" time="0.029" />
  <testcase classname="ptolemy.util.test.junit.TclTests" name="[3] /home/travis/build/icyphy/ptII/ptolemy/actor/lib/test/Bernoulli.tcl (RunTclFile)" time="0.035" />
  <testcase classname="ptolemy.util.test.junit.TclTests" name="[4] /home/travis/build/icyphy/ptII/ptolemy/actor/lib/test/Clock.tcl (RunTclFile)" time="0.094" />
  <testcase classname="ptolemy.util.test.junit.TclTests" name="[5] /home/travis/build/icyphy/ptII/ptolemy/actor/lib/test/Commutator.tcl (RunTclFile)" time="0.098" />
  <testcase classname="ptolemy.util.test.junit.TclTests" name="[6] /home/travis/build/icyphy/ptII/ptolemy/actor/lib/test/Const.tcl (RunTclFile)" time="0.13" />
  <testcase classname="ptolemy.util.test.junit.TclTests" name="[7] /home/travis/build/icyphy/ptII/ptolemy/actor/lib/test/CurrentTime.tcl (RunTclFile)" time="0.043" />
  <testcase classname="ptolemy.util.test.junit.TclTests" name="[8] /home/travis/build/icyphy/ptII/ptolemy/actor/lib/test/DB.tcl (RunTclFile)" time="0.046" />
  <testcase classname="ptolemy.util.test.junit.TclTests" name="[9] /home/travis/build/icyphy/ptII/ptolemy/actor/lib/test/DiscreteRandomSource.tcl (RunTclFile)" time="0.024" />
  <testcase classname="ptolemy.util.test.junit.TclTests" name="[10] /home/travis/build/icyphy/ptII/ptolemy/actor/lib/test/Distributor.tcl (RunTclFile)" time="0.072" />
  <testcase classname="ptolemy.util.test.junit.TclTests" name="[11] /home/travis/build/icyphy/ptII/ptolemy/actor/lib/test/Exit.tcl (RunTclFile)" time="0.053" />
  <testcase classname="ptolemy.util.test.junit.TclTests" name="[12] /home/travis/build/icyphy/ptII/ptolemy/actor/lib/test/Expression.tcl (RunTclFile)" time="0.084" />
  <testcase classname="ptolemy.util.test.junit.TclTests" name="[13] /home/travis/build/icyphy/ptII/ptolemy/actor/lib/test/Gaussian.tcl (RunTclFile)" time="0.857" />
  <testcase classname="ptolemy.util.test.junit.TclTests" name="[14] /home/travis/build/icyphy/ptII/ptolemy/actor/lib/test/IIR.tcl (RunTclFile)" time="0.038" />
  <testcase classname="ptolemy.util.test.junit.TclTests" name="[15] /home/travis/build/icyphy/ptII/ptolemy/actor/lib/test/Interpolator.tcl (RunTclFile)" time="0.105" />
  <testcase classname="ptolemy.util.test.junit.TclTests" name="[16] /home/travis/build/icyphy/ptII/ptolemy/actor/lib/test/MathFunction.tcl (RunTclFile)" time="0.075" />
  <testcase classname="ptolemy.util.test.junit.TclTests" name="[17] /home/travis/build/icyphy/ptII/ptolemy/actor/lib/test/Maximum.tcl (RunTclFile)" time="0.037" />
  <testcase classname="ptolemy.util.test.junit.TclTests" name="[18] /home/travis/build/icyphy/ptII/ptolemy/actor/lib/test/Minimum.tcl (RunTclFile)" time="0.028" />
  <testcase classname="ptolemy.util.test.junit.TclTests" name="[19] /home/travis/build/icyphy/ptII/ptolemy/actor/lib/test/MultiplyDivide.tcl (RunTclFile)" time="0.021" />
  <testcase classname="ptolemy.util.test.junit.TclTests" name="[20] /home/travis/build/icyphy/ptII/ptolemy/actor/lib/test/OrderedMerge.tcl (RunTclFile)" time="0.087" />
  <testcase classname="ptolemy.util.test.junit.TclTests" name="[21] /home/travis/build/icyphy/ptII/ptolemy/actor/lib/test/Publisher.tcl (RunTclFile)" time="0.738" />
  <testcase classname="ptolemy.util.test.junit.TclTests" name="[22] /home/travis/build/icyphy/ptII/ptolemy/actor/lib/test/Pulse.tcl (RunTclFile)" time="0.033" />
  <testcase classname="ptolemy.util.test.junit.TclTests" name="[23] /home/travis/build/icyphy/ptII/ptolemy/actor/lib/test/Ramp.tcl (RunTclFile)" time="2.024" />
  <testcase classname="ptolemy.util.test.junit.TclTests" name="[24] /home/travis/build/icyphy/ptII/ptolemy/actor/lib/test/RampContinuous.tcl (RunTclFile)" time="0.019" />
  <testcase classname="ptolemy.util.test.junit.TclTests" name="[25] /home/travis/build/icyphy/ptII/ptolemy/actor/lib/test/RecordAssembler.tcl (RunTclFile)" time="0.018" />
  <testcase classname="ptolemy.util.test.junit.TclTests" name="[26] /home/travis/build/icyphy/ptII/ptolemy/actor/lib/test/RecordDisassembler.tcl (RunTclFile)" time="0.026" />
  <testcase classname="ptolemy.util.test.junit.TclTests" name="[27] /home/travis/build/icyphy/ptII/ptolemy/actor/lib/test/Scale.tcl (RunTclFile)" time="0.029" />
  <testcase classname="ptolemy.util.test.junit.TclTests" name="[28] /home/travis/build/icyphy/ptII/ptolemy/actor/lib/test/SequentialClock.tcl (RunTclFile)" time="0.017" />
  <testcase classname="ptolemy.util.test.junit.TclTests" name="[29] /home/travis/build/icyphy/ptII/ptolemy/actor/lib/test/SetVariable.tcl (RunTclFile)" time="0.017" />
  <testcase classname="ptolemy.util.test.junit.TclTests" name="[30] /home/travis/build/icyphy/ptII/ptolemy/actor/lib/test/Sinewave.tcl (RunTclFile)" time="0.028" />
  <testcase classname="ptolemy.util.test.junit.TclTests" name="[31] /home/travis/build/icyphy/ptII/ptolemy/actor/lib/test/SubscriptionAggregator.tcl (RunTclFile)" time="2.013" />
  <testcase classname="ptolemy.util.test.junit.TclTests" name="[32] /home/travis/build/icyphy/ptII/ptolemy/actor/lib/test/Test.tcl (RunTclFile)" time="0.065" />
  <testcase classname="ptolemy.util.test.junit.TclTests" name="[33] /home/travis/build/icyphy/ptII/ptolemy/actor/lib/test/TestExceptionHandler.tcl (RunTclFile)" time="0.01" />
  <testcase classname="ptolemy.util.test.junit.TclTests" name="[34] /home/travis/build/icyphy/ptII/ptolemy/actor/lib/test/UnionDisassembler.tcl (RunTclFile)" time="0.041" />
  <testcase classname="ptolemy.util.test.junit.TclTests" name="[35] /home/travis/build/icyphy/ptII/ptolemy/actor/lib/test/VariableClock.tcl (RunTclFile)" time="0.015" />
  <testcase classname="ptolemy.util.test.junit.AutoKnownFailedTests" name="[0] /home/travis/build/icyphy/ptII/ptolemy/actor/lib/test/auto/knownFailedTests/PublisherPortToplevelSubscriber.xml (RunModel)" time="0.013" />
  <testcase classname="ptolemy.util.test.junit.AutoKnownFailedTests" name="[1] /home/travis/build/icyphy/ptII/ptolemy/actor/lib/test/auto/knownFailedTests/PublisherSubscriberPortToplevel.xml (RunModel)" time="0.069" />
  <testcase classname="ptolemy.util.test.junit.AutoKnownFailedTests" name="[2] /home/travis/build/icyphy/ptII/ptolemy/actor/lib/test/auto/knownFailedTests/PublisherSubscriptionAggregatorPort.xml (RunModel)" time="0.032" />
  <testcase classname="ptolemy.util.test.junit.AutoKnownFailedTests" name="[3] /home/travis/build/icyphy/ptII/ptolemy/actor/lib/test/auto/knownFailedTests/sizedarray3.xml (RunModel)" time="0.031" />
  <testcase classname="ptolemy.util.test.junit.AutoNameArchTests" name="[0] ThereAreNoAutoArchTests (RunModel)" time="0.001" />
  <testcase classname="ptolemy.util.test.junit.AutoTests" name="[0] /home/travis/build/icyphy/ptII/ptolemy/actor/lib/test/auto/AbsoluteValue.xml (RunModel)" time="0.072" />
  <testcase classname="ptolemy.util.test.junit.AutoTests" name="[1] /home/travis/build/icyphy/ptII/ptolemy/actor/lib/test/auto/AbsoluteValue2.xml (RunModel)" time="0.074" />
  <testcase classname="ptolemy.util.test.junit.AutoTests" name="[2] /home/travis/build/icyphy/ptII/ptolemy/actor/lib/test/auto/Accumulator.xml (RunModel)" time="0.058" />
  <testcase classname="ptolemy.util.test.junit.AutoTests" name="[3] /home/travis/build/icyphy/ptII/ptolemy/actor/lib/test/auto/Accumulator2.xml (RunModel)" time="0.044" />
  <testcase classname="ptolemy.util.test.junit.AutoTests" name="[4] /home/travis/build/icyphy/ptII/ptolemy/actor/lib/test/auto/Accumulator3.xml (RunModel)" time="0.037" />
  <testcase classname="ptolemy.util.test.junit.AutoTests" name="[5] /home/travis/build/icyphy/ptII/ptolemy/actor/lib/test/auto/ArrayAppend.xml (RunModel)" time="0.067" />
  <testcase classname="ptolemy.util.test.junit.AutoTests" name="[6] /home/travis/build/icyphy/ptII/ptolemy/actor/lib/test/auto/ArrayAppend2.xml (RunModel)" time="0.472" />
  <testcase classname="ptolemy.util.test.junit.AutoTests" name="[7] /home/travis/build/icyphy/ptII/ptolemy/actor/lib/test/auto/ArrayAppend3.xml (RunModel)" time="0.033" />
  <testcase classname="ptolemy.util.test.junit.AutoTests" name="[8] /home/travis/build/icyphy/ptII/ptolemy/actor/lib/test/auto/ArrayAppend4.xml (RunModel)" time="0.021" />
  <testcase classname="ptolemy.util.test.junit.AutoTests" name="[9] /home/travis/build/icyphy/ptII/ptolemy/actor/lib/test/auto/ArrayAppend5.xml (RunModel)" time="0.03" />
  <testcase classname="ptolemy.util.test.junit.AutoTests" name="[10] /home/travis/build/icyphy/ptII/ptolemy/actor/lib/test/auto/ArrayAppend6.xml (RunModel)" time="0.032" />
  <testcase classname="ptolemy.util.test.junit.AutoTests" name="[11] /home/travis/build/icyphy/ptII/ptolemy/actor/lib/test/auto/ArrayAppendPerformanceTest.xml (RunModel)" time="0.049" />
  <testcase classname="ptolemy.util.test.junit.AutoTests" name="[12] /home/travis/build/icyphy/ptII/ptolemy/actor/lib/test/auto/ArrayAppendWithEmptyInput.xml (RunModel)" time="0.071" />
  <testcase classname="ptolemy.util.test.junit.AutoTests" name="[13] /home/travis/build/icyphy/ptII/ptolemy/actor/lib/test/auto/ArrayAverage.xml (RunModel)" time="0.056" />
  <testcase classname="ptolemy.util.test.junit.AutoTests" name="[14] /home/travis/build/icyphy/ptII/ptolemy/actor/lib/test/auto/ArrayContains.xml (RunModel)" time="0.034" />
  <testcase classname="ptolemy.util.test.junit.AutoTests" name="[15] /home/travis/build/icyphy/ptII/ptolemy/actor/lib/test/auto/ArrayElement.xml (RunModel)" time="0.031" />
  <testcase classname="ptolemy.util.test.junit.AutoTests" name="[16] /home/travis/build/icyphy/ptII/ptolemy/actor/lib/test/auto/ArrayElementAsMatrix.xml (RunModel)" time="0.054" />
  <testcase classname="ptolemy.util.test.junit.AutoTests" name="[17] /home/travis/build/icyphy/ptII/ptolemy/actor/lib/test/auto/ArrayElementI.xml (RunModel)" time="0.017" />
  <testcase classname="ptolemy.util.test.junit.AutoTests" name="[18] /home/travis/build/icyphy/ptII/ptolemy/actor/lib/test/auto/ArrayExtract.xml (RunModel)" time="0.051" />
  <testcase classname="ptolemy.util.test.junit.AutoTests" name="[19] /home/travis/build/icyphy/ptII/ptolemy/actor/lib/test/auto/ArrayExtract2.xml (RunModel)" time="0.026" />
  <testcase classname="ptolemy.util.test.junit.AutoTests" name="[20] /home/travis/build/icyphy/ptII/ptolemy/actor/lib/test/auto/ArrayLength.xml (RunModel)" time="0.02" />
  <testcase classname="ptolemy.util.test.junit.AutoTests" name="[21] /home/travis/build/icyphy/ptII/ptolemy/actor/lib/test/auto/ArrayLevelCrossing.xml (RunModel)" time="0.03" />
  <testcase classname="ptolemy.util.test.junit.AutoTests" name="[22] /home/travis/build/icyphy/ptII/ptolemy/actor/lib/test/auto/ArrayLevelCrossing2.xml (RunModel)" time="0.027" />
  <testcase classname="ptolemy.util.test.junit.AutoTests" name="[23] /home/travis/build/icyphy/ptII/ptolemy/actor/lib/test/auto/ArrayPeakSearch.xml (RunModel)" time="0.103" />
  <testcase classname="ptolemy.util.test.junit.AutoTests" name="[24] /home/travis/build/icyphy/ptII/ptolemy/actor/lib/test/auto/ArrayPeakSearch2.xml (RunModel)" time="0.036" />
  <testcase classname="ptolemy.util.test.junit.AutoTests" name="[25] /home/travis/build/icyphy/ptII/ptolemy/actor/lib/test/auto/ArrayPeakSearch3.xml (RunModel)" time="0.036" />
  <testcase classname="ptolemy.util.test.junit.AutoTests" name="[26] /home/travis/build/icyphy/ptII/ptolemy/actor/lib/test/auto/ArrayRemoveElement.xml (RunModel)" time="0.032" />
  <testcase classname="ptolemy.util.test.junit.AutoTests" name="[27] /home/travis/build/icyphy/ptII/ptolemy/actor/lib/test/auto/ArraySort.xml (RunModel)" time="0.033" />
  <testcase classname="ptolemy.util.test.junit.AutoTests" name="[28] /home/travis/build/icyphy/ptII/ptolemy/actor/lib/test/auto/ArraySum.xml (RunModel)" time="0.013" />
  <testcase classname="ptolemy.util.test.junit.AutoTests" name="[29] /home/travis/build/icyphy/ptII/ptolemy/actor/lib/test/auto/ArrayToElements.xml (RunModel)" time="0.02" />
  <testcase classname="ptolemy.util.test.junit.AutoTests" name="[30] /home/travis/build/icyphy/ptII/ptolemy/actor/lib/test/auto/ArrayToMatrix.xml (RunModel)" time="0.051" />
  <testcase classname="ptolemy.util.test.junit.AutoTests" name="[31] /home/travis/build/icyphy/ptII/ptolemy/actor/lib/test/auto/ArrayUpdate1.xml (RunModel)" time="0.016" />
  <testcase classname="ptolemy.util.test.junit.AutoTests" name="[32] /home/travis/build/icyphy/ptII/ptolemy/actor/lib/test/auto/ArrayUpdate2.xml (RunModel)" time="0.023" />
  <testcase classname="ptolemy.util.test.junit.AutoTests" name="[33] /home/travis/build/icyphy/ptII/ptolemy/actor/lib/test/auto/ArrayUpdate3.xml (RunModel)" time="0.016" />
  <testcase classname="ptolemy.util.test.junit.AutoTests" name="[34] /home/travis/build/icyphy/ptII/ptolemy/actor/lib/test/auto/Assert1.xml (RunModel)" time="0.02" />
  <testcase classname="ptolemy.util.test.junit.AutoTests" name="[35] /home/travis/build/icyphy/ptII/ptolemy/actor/lib/test/auto/Assert2.xml (RunModel)" time="0.016" />
  <testcase classname="ptolemy.util.test.junit.AutoTests" name="[36] /home/travis/build/icyphy/ptII/ptolemy/actor/lib/test/auto/BooleanMultiplexor.xml (RunModel)" time="0.025" />
  <testcase classname="ptolemy.util.test.junit.AutoTests" name="[37] /home/travis/build/icyphy/ptII/ptolemy/actor/lib/test/auto/BooleanMultiplexor2.xml (RunModel)" time="0.044" />
  <testcase classname="ptolemy.util.test.junit.AutoTests" name="[38] /home/travis/build/icyphy/ptII/ptolemy/actor/lib/test/auto/BooleanMultiplexor3.xml (RunModel)" time="0.028" />
  <testcase classname="ptolemy.util.test.junit.AutoTests" name="[39] /home/travis/build/icyphy/ptII/ptolemy/actor/lib/test/auto/BooleanSelect.xml (RunModel)" time="0.025" />
  <testcase classname="ptolemy.util.test.junit.AutoTests" name="[40] /home/travis/build/icyphy/ptII/ptolemy/actor/lib/test/auto/BooleanSelect2.xml (RunModel)" time="0.015" />
  <testcase classname="ptolemy.util.test.junit.AutoTests" name="[41] /home/travis/build/icyphy/ptII/ptolemy/actor/lib/test/auto/BooleanSwitch.xml (RunModel)" time="0.016" />
  <testcase classname="ptolemy.util.test.junit.AutoTests" name="[42] /home/travis/build/icyphy/ptII/ptolemy/actor/lib/test/auto/BooleanSwitch2.xml (RunModel)" time="0.013" />
  <testcase classname="ptolemy.util.test.junit.AutoTests" name="[43] /home/travis/build/icyphy/ptII/ptolemy/actor/lib/test/auto/BooleanSwitchCloningBugWithClassRelationGroup.xml (RunModel)" time="0.033" />
  <testcase classname="ptolemy.util.test.junit.AutoTests" name="[44] /home/travis/build/icyphy/ptII/ptolemy/actor/lib/test/auto/BusActors.xml (RunModel)" time="0.026" />
  <testcase classname="ptolemy.util.test.junit.AutoTests" name="[45] /home/travis/build/icyphy/ptII/ptolemy/actor/lib/test/auto/ClassWrapper.xml (RunModel)" time="0.01" />
  <testcase classname="ptolemy.util.test.junit.AutoTests" name="[46] /home/travis/build/icyphy/ptII/ptolemy/actor/lib/test/auto/Clock.xml (RunModel)" time="0.009" />
  <testcase classname="ptolemy.util.test.junit.AutoTests" name="[47] /home/travis/build/icyphy/ptII/ptolemy/actor/lib/test/auto/Clock10.xml (RunModel)" time="0.013" />
  <testcase classname="ptolemy.util.test.junit.AutoTests" name="[48] /home/travis/build/icyphy/ptII/ptolemy/actor/lib/test/auto/Clock11.xml (RunModel)" time="0.012" />
  <testcase classname="ptolemy.util.test.junit.AutoTests" name="[49] /home/travis/build/icyphy/ptII/ptolemy/actor/lib/test/auto/Clock12.xml (RunModel)" time="0.013" />
  <testcase classname="ptolemy.util.test.junit.AutoTests" name="[50] /home/travis/build/icyphy/ptII/ptolemy/actor/lib/test/auto/Clock13.xml (RunModel)" time="0.014" />
  <testcase classname="ptolemy.util.test.junit.AutoTests" name="[51] /home/travis/build/icyphy/ptII/ptolemy/actor/lib/test/auto/Clock14.xml (RunModel)" time="0.015" />
  <testcase classname="ptolemy.util.test.junit.AutoTests" name="[52] /home/travis/build/icyphy/ptII/ptolemy/actor/lib/test/auto/Clock15.xml (RunModel)" time="0.016" />
  <testcase classname="ptolemy.util.test.junit.AutoTests" name="[53] /home/travis/build/icyphy/ptII/ptolemy/actor/lib/test/auto/Clock16.xml (RunModel)" time="0.076" />
  <testcase classname="ptolemy.util.test.junit.AutoTests" name="[54] /home/travis/build/icyphy/ptII/ptolemy/actor/lib/test/auto/Clock17.xml (RunModel)" time="0.045" />
  <testcase classname="ptolemy.util.test.junit.AutoTests" name="[55] /home/travis/build/icyphy/ptII/ptolemy/actor/lib/test/auto/Clock18.xml (RunModel)" time="0.05" />
  <testcase classname="ptolemy.util.test.junit.AutoTests" name="[56] /home/travis/build/icyphy/ptII/ptolemy/actor/lib/test/auto/Clock19.xml (RunModel)" time="0.038" />
  <testcase classname="ptolemy.util.test.junit.AutoTests" name="[57] /home/travis/build/icyphy/ptII/ptolemy/actor/lib/test/auto/Clock2.xml (RunModel)" time="0.015" />
  <testcase classname="ptolemy.util.test.junit.AutoTests" name="[58] /home/travis/build/icyphy/ptII/ptolemy/actor/lib/test/auto/Clock20.xml (RunModel)" time="0.023" />
  <testcase classname="ptolemy.util.test.junit.AutoTests" name="[59] /home/travis/build/icyphy/ptII/ptolemy/actor/lib/test/auto/Clock21.xml (RunModel)" time="0.02" />
  <testcase classname="ptolemy.util.test.junit.AutoTests" name="[60] /home/travis/build/icyphy/ptII/ptolemy/actor/lib/test/auto/Clock22.xml (RunModel)" time="0.019" />
  <testcase classname="ptolemy.util.test.junit.AutoTests" name="[61] /home/travis/build/icyphy/ptII/ptolemy/actor/lib/test/auto/Clock23.xml (RunModel)" time="0.02" />
  <testcase classname="ptolemy.util.test.junit.AutoTests" name="[62] /home/travis/build/icyphy/ptII/ptolemy/actor/lib/test/auto/Clock24.xml (RunModel)" time="0.017" />
  <testcase classname="ptolemy.util.test.junit.AutoTests" name="[63] /home/travis/build/icyphy/ptII/ptolemy/actor/lib/test/auto/Clock4.xml (RunModel)" time="0.013" />
  <testcase classname="ptolemy.util.test.junit.AutoTests" name="[64] /home/travis/build/icyphy/ptII/ptolemy/actor/lib/test/auto/Clock5.xml (RunModel)" time="0.014" />
  <testcase classname="ptolemy.util.test.junit.AutoTests" name="[65] /home/travis/build/icyphy/ptII/ptolemy/actor/lib/test/auto/Clock6.xml (RunModel)" time="0.01" />
  <testcase classname="ptolemy.util.test.junit.AutoTests" name="[66] /home/travis/build/icyphy/ptII/ptolemy/actor/lib/test/auto/Clock7.xml (RunModel)" time="0.011" />
  <testcase classname="ptolemy.util.test.junit.AutoTests" name="[67] /home/travis/build/icyphy/ptII/ptolemy/actor/lib/test/auto/Clock8.xml (RunModel)" time="0.013" />
  <testcase classname="ptolemy.util.test.junit.AutoTests" name="[68] /home/travis/build/icyphy/ptII/ptolemy/actor/lib/test/auto/Clock9.xml (RunModel)" time="0.013" />
  <testcase classname="ptolemy.util.test.junit.AutoTests" name="[69] /home/travis/build/icyphy/ptII/ptolemy/actor/lib/test/auto/CommDistDiscard.xml (RunModel)" time="0.02" />
  <testcase classname="ptolemy.util.test.junit.AutoTests" name="[70] /home/travis/build/icyphy/ptII/ptolemy/actor/lib/test/auto/Commutator.xml (RunModel)" time="0.014" />
  <testcase classname="ptolemy.util.test.junit.AutoTests" name="[71] /home/travis/build/icyphy/ptII/ptolemy/actor/lib/test/auto/Commutator2.xml (RunModel)" time="0.011" />
  <testcase classname="ptolemy.util.test.junit.AutoTests" name="[72] /home/travis/build/icyphy/ptII/ptolemy/actor/lib/test/auto/Commutator3.xml (RunModel)" time="0.012" />
  <testcase classname="ptolemy.util.test.junit.AutoTests" name="[73] /home/travis/build/icyphy/ptII/ptolemy/actor/lib/test/auto/Compare.xml (RunModel)" time="0.019" />
  <testcase classname="ptolemy.util.test.junit.AutoTests" name="[74] /home/travis/build/icyphy/ptII/ptolemy/actor/lib/test/auto/CompareDE.xml (RunModel)" time="0.019" />
  <testcase classname="ptolemy.util.test.junit.AutoTests" name="[75] /home/travis/build/icyphy/ptII/ptolemy/actor/lib/test/auto/ComplexDivide.xml (RunModel)" time="0.01" />
  <testcase classname="ptolemy.util.test.junit.AutoTests" name="[76] /home/travis/build/icyphy/ptII/ptolemy/actor/lib/test/auto/ComputeHistogram.xml (RunModel)" time="0.078" />
  <testcase classname="ptolemy.util.test.junit.AutoTests" name="[77] /home/travis/build/icyphy/ptII/ptolemy/actor/lib/test/auto/ConfigurationSelect.xml (RunModel)" time="0.021" />
  <testcase classname="ptolemy.util.test.junit.AutoTests" name="[78] /home/travis/build/icyphy/ptII/ptolemy/actor/lib/test/auto/ConfigurationSelect2.xml (RunModel)" time="0.015" />
  <testcase classname="ptolemy.util.test.junit.AutoTests" name="[79] /home/travis/build/icyphy/ptII/ptolemy/actor/lib/test/auto/ConfigurationSwitch.xml (RunModel)" time="0.03" />
  <testcase classname="ptolemy.util.test.junit.AutoTests" name="[80] /home/travis/build/icyphy/ptII/ptolemy/actor/lib/test/auto/ConfigurationSwitch2.xml (RunModel)" time="0.016" />
  <testcase classname="ptolemy.util.test.junit.AutoTests" name="[81] /home/travis/build/icyphy/ptII/ptolemy/actor/lib/test/auto/ConfigurationSwitchCloningBugWithClassRelationGroup.xml (RunModel)" time="0.02" />
  <testcase classname="ptolemy.util.test.junit.AutoTests" name="[82] /home/travis/build/icyphy/ptII/ptolemy/actor/lib/test/auto/ConfigurationSwitchSelectSDF.xml (RunModel)" time="0.016" />
  <testcase classname="ptolemy.util.test.junit.AutoTests" name="[83] /home/travis/build/icyphy/ptII/ptolemy/actor/lib/test/auto/ConfigurationSwitchSelectSDF2.xml (RunModel)" time="0.018" />
  <testcase classname="ptolemy.util.test.junit.AutoTests" name="[84] /home/travis/build/icyphy/ptII/ptolemy/actor/lib/test/auto/Const.xml (RunModel)" time="0.006" />
  <testcase classname="ptolemy.util.test.junit.AutoTests" name="[85] /home/travis/build/icyphy/ptII/ptolemy/actor/lib/test/auto/Const2.xml (RunModel)" time="0.01" />
  <testcase classname="ptolemy.util.test.junit.AutoTests" name="[86] /home/travis/build/icyphy/ptII/ptolemy/actor/lib/test/auto/Const3.xml (RunModel)" time="0.006" />
  <testcase classname="ptolemy.util.test.junit.AutoTests" name="[87] /home/travis/build/icyphy/ptII/ptolemy/actor/lib/test/auto/ConstantPublisherPort1.xml (RunModel)" time="0.024" />
  <testcase classname="ptolemy.util.test.junit.AutoTests" name="[88] /home/travis/build/icyphy/ptII/ptolemy/actor/lib/test/auto/ConstantPublisherPort2.xml (RunModel)" time="0.025" />
  <testcase classname="ptolemy.util.test.junit.AutoTests" name="[89] /home/travis/build/icyphy/ptII/ptolemy/actor/lib/test/auto/ConstantPublisherPort3.xml (RunModel)" time="0.025" />
  <testcase classname="ptolemy.util.test.junit.AutoTests" name="[90] /home/travis/build/icyphy/ptII/ptolemy/actor/lib/test/auto/ConstantPublisherPort4.xml (RunModel)" time="0.019" />
  <testcase classname="ptolemy.util.test.junit.AutoTests" name="[91] /home/travis/build/icyphy/ptII/ptolemy/actor/lib/test/auto/ConstantPublisherPort5.xml (RunModel)" time="0.05" />
  <testcase classname="ptolemy.util.test.junit.AutoTests" name="[92] /home/travis/build/icyphy/ptII/ptolemy/actor/lib/test/auto/ConstantPublisherPort6.xml (RunModel)" time="0.022" />
  <testcase classname="ptolemy.util.test.junit.AutoTests" name="[93] /home/travis/build/icyphy/ptII/ptolemy/actor/lib/test/auto/ConstantPublisherPort7.xml (RunModel)" time="0.029" />
  <testcase classname="ptolemy.util.test.junit.AutoTests" name="[94] /home/travis/build/icyphy/ptII/ptolemy/actor/lib/test/auto/ConstraintMonitor1.xml (RunModel)" time="0.034" />
  <testcase classname="ptolemy.util.test.junit.AutoTests" name="[95] /home/travis/build/icyphy/ptII/ptolemy/actor/lib/test/auto/ConstraintMonitor2.xml (RunModel)" time="0.022" />
  <testcase classname="ptolemy.util.test.junit.AutoTests" name="[96] /home/travis/build/icyphy/ptII/ptolemy/actor/lib/test/auto/ConstraintMonitor3.xml (RunModel)" time="0.009" />
  <testcase classname="ptolemy.util.test.junit.AutoTests" name="[97] /home/travis/build/icyphy/ptII/ptolemy/actor/lib/test/auto/ConstraintMonitor4.xml (RunModel)" time="0.014" />
  <testcase classname="ptolemy.util.test.junit.AutoTests" name="[98] /home/travis/build/icyphy/ptII/ptolemy/actor/lib/test/auto/ConstraintMonitor5.xml (RunModel)" time="0.014" />
  <testcase classname="ptolemy.util.test.junit.AutoTests" name="[99] /home/travis/build/icyphy/ptII/ptolemy/actor/lib/test/auto/ConstraintMonitor6.xml (RunModel)" time="0.021" />
  <testcase classname="ptolemy.util.test.junit.AutoTests" name="[100] /home/travis/build/icyphy/ptII/ptolemy/actor/lib/test/auto/ConstraintMonitor7.xml (RunModel)" time="0.018" />
  <testcase classname="ptolemy.util.test.junit.AutoTests" name="[101] /home/travis/build/icyphy/ptII/ptolemy/actor/lib/test/auto/ConstraintMonitor8.xml (RunModel)" time="0.019" />
  <testcase classname="ptolemy.util.test.junit.AutoTests" name="[102] /home/travis/build/icyphy/ptII/ptolemy/actor/lib/test/auto/Counter.xml (RunModel)" time="0.012" />
  <testcase classname="ptolemy.util.test.junit.AutoTests" name="[103] /home/travis/build/icyphy/ptII/ptolemy/actor/lib/test/auto/CurrentTimeSDF.xml (RunModel)" time="0.009" />
  <testcase classname="ptolemy.util.test.junit.AutoTests" name="[104] /home/travis/build/icyphy/ptII/ptolemy/actor/lib/test/auto/DB.xml (RunModel)" time="0.012" />
  <testcase classname="ptolemy.util.test.junit.AutoTests" name="[105] /home/travis/build/icyphy/ptII/ptolemy/actor/lib/test/auto/DBDE.xml (RunModel)" time="0.015" />
  <testcase classname="ptolemy.util.test.junit.AutoTests" name="[106] /home/travis/build/icyphy/ptII/ptolemy/actor/lib/test/auto/DateConstructor.xml (RunModel)" time="0.043" />
  <testcase classname="ptolemy.util.test.junit.AutoTests" name="[107] /home/travis/build/icyphy/ptII/ptolemy/actor/lib/test/auto/DelayTime.xml (RunModel)" time="0.016" />
  <testcase classname="ptolemy.util.test.junit.AutoTests" name="[108] /home/travis/build/icyphy/ptII/ptolemy/actor/lib/test/auto/Dictionary1.xml (RunModel)" time="0.016" />
  <testcase classname="ptolemy.util.test.junit.AutoTests" name="[109] /home/travis/build/icyphy/ptII/ptolemy/actor/lib/test/auto/Dictionary2.xml (RunModel)" time="0.013" />
  <testcase classname="ptolemy.util.test.junit.AutoTests" name="[110] /home/travis/build/icyphy/ptII/ptolemy/actor/lib/test/auto/Dictionary3.xml (RunModel)" time="0.012" />
  <testcase classname="ptolemy.util.test.junit.AutoTests" name="[111] /home/travis/build/icyphy/ptII/ptolemy/actor/lib/test/auto/Dictionary4.xml (RunModel)" time="0.016" />
  <testcase classname="ptolemy.util.test.junit.AutoTests" name="[112] /home/travis/build/icyphy/ptII/ptolemy/actor/lib/test/auto/Differential.xml (RunModel)" time="0.011" />
  <testcase classname="ptolemy.util.test.junit.AutoTests" name="[113] /home/travis/build/icyphy/ptII/ptolemy/actor/lib/test/auto/Director.xml (RunModel)" time="0.01" />
  <testcase classname="ptolemy.util.test.junit.AutoTests" name="[114] /home/travis/build/icyphy/ptII/ptolemy/actor/lib/test/auto/DiscreteClock.xml (RunModel)" time="0.009" />
  <testcase classname="ptolemy.util.test.junit.AutoTests" name="[115] /home/travis/build/icyphy/ptII/ptolemy/actor/lib/test/auto/DiscreteClock10.xml (RunModel)" time="0.012" />
  <testcase classname="ptolemy.util.test.junit.AutoTests" name="[116] /home/travis/build/icyphy/ptII/ptolemy/actor/lib/test/auto/DiscreteClock11.xml (RunModel)" time="0.013" />
  <testcase classname="ptolemy.util.test.junit.AutoTests" name="[117] /home/travis/build/icyphy/ptII/ptolemy/actor/lib/test/auto/DiscreteClock12.xml (RunModel)" time="0.013" />
  <testcase classname="ptolemy.util.test.junit.AutoTests" name="[118] /home/travis/build/icyphy/ptII/ptolemy/actor/lib/test/auto/DiscreteClock13.xml (RunModel)" time="0.016" />
  <testcase classname="ptolemy.util.test.junit.AutoTests" name="[119] /home/travis/build/icyphy/ptII/ptolemy/actor/lib/test/auto/DiscreteClock14.xml (RunModel)" time="0.016" />
  <testcase classname="ptolemy.util.test.junit.AutoTests" name="[120] /home/travis/build/icyphy/ptII/ptolemy/actor/lib/test/auto/DiscreteClock15.xml (RunModel)" time="0.015" />
  <testcase classname="ptolemy.util.test.junit.AutoTests" name="[121] /home/travis/build/icyphy/ptII/ptolemy/actor/lib/test/auto/DiscreteClock16.xml (RunModel)" time="0.036" />
  <testcase classname="ptolemy.util.test.junit.AutoTests" name="[122] /home/travis/build/icyphy/ptII/ptolemy/actor/lib/test/auto/DiscreteClock17.xml (RunModel)" time="0.04" />
  <testcase classname="ptolemy.util.test.junit.AutoTests" name="[123] /home/travis/build/icyphy/ptII/ptolemy/actor/lib/test/auto/DiscreteClock18.xml (RunModel)" time="0.034" />
  <testcase classname="ptolemy.util.test.junit.AutoTests" name="[124] /home/travis/build/icyphy/ptII/ptolemy/actor/lib/test/auto/DiscreteClock19.xml (RunModel)" time="0.055" />
  <testcase classname="ptolemy.util.test.junit.AutoTests" name="[125] /home/travis/build/icyphy/ptII/ptolemy/actor/lib/test/auto/DiscreteClock2.xml (RunModel)" time="0.013" />
  <testcase classname="ptolemy.util.test.junit.AutoTests" name="[126] /home/travis/build/icyphy/ptII/ptolemy/actor/lib/test/auto/DiscreteClock20.xml (RunModel)" time="0.022" />
  <testcase classname="ptolemy.util.test.junit.AutoTests" name="[127] /home/travis/build/icyphy/ptII/ptolemy/actor/lib/test/auto/DiscreteClock21.xml (RunModel)" time="0.022" />
  <testcase classname="ptolemy.util.test.junit.AutoTests" name="[128] /home/travis/build/icyphy/ptII/ptolemy/actor/lib/test/auto/DiscreteClock22.xml (RunModel)" time="0.015" />
  <testcase classname="ptolemy.util.test.junit.AutoTests" name="[129] /home/travis/build/icyphy/ptII/ptolemy/actor/lib/test/auto/DiscreteClock23.xml (RunModel)" time="0.017" />
  <testcase classname="ptolemy.util.test.junit.AutoTests" name="[130] /home/travis/build/icyphy/ptII/ptolemy/actor/lib/test/auto/DiscreteClock24.xml (RunModel)" time="0.012" />
  <testcase classname="ptolemy.util.test.junit.AutoTests" name="[131] /home/travis/build/icyphy/ptII/ptolemy/actor/lib/test/auto/DiscreteClock4.xml (RunModel)" time="0.011" />
  <testcase classname="ptolemy.util.test.junit.AutoTests" name="[132] /home/travis/build/icyphy/ptII/ptolemy/actor/lib/test/auto/DiscreteClock5.xml (RunModel)" time="0.013" />
  <testcase classname="ptolemy.util.test.junit.AutoTests" name="[133] /home/travis/build/icyphy/ptII/ptolemy/actor/lib/test/auto/DiscreteClock6.xml (RunModel)" time="0.008" />
  <testcase classname="ptolemy.util.test.junit.AutoTests" name="[134] /home/travis/build/icyphy/ptII/ptolemy/actor/lib/test/auto/DiscreteClock7.xml (RunModel)" time="0.009" />
  <testcase classname="ptolemy.util.test.junit.AutoTests" name="[135] /home/travis/build/icyphy/ptII/ptolemy/actor/lib/test/auto/DiscreteClock8.xml (RunModel)" time="0.011" />
  <testcase classname="ptolemy.util.test.junit.AutoTests" name="[136] /home/travis/build/icyphy/ptII/ptolemy/actor/lib/test/auto/DiscreteClock9.xml (RunModel)" time="0.017" />
  <testcase classname="ptolemy.util.test.junit.AutoTests" name="[137] /home/travis/build/icyphy/ptII/ptolemy/actor/lib/test/auto/DisplayArray.xml (RunModel)" time="0.024" />
  <testcase classname="ptolemy.util.test.junit.AutoTests" name="[138] /home/travis/build/icyphy/ptII/ptolemy/actor/lib/test/auto/Distributor.xml (RunModel)" time="0.01" />
  <testcase classname="ptolemy.util.test.junit.AutoTests" name="[139] /home/travis/build/icyphy/ptII/ptolemy/actor/lib/test/auto/Distributor2.xml (RunModel)" time="0.01" />
  <testcase classname="ptolemy.util.test.junit.AutoTests" name="[140] /home/travis/build/icyphy/ptII/ptolemy/actor/lib/test/auto/DownSample.xml (RunModel)" time="0.445" />
  <testcase classname="ptolemy.util.test.junit.AutoTests" name="[141] /home/travis/build/icyphy/ptII/ptolemy/actor/lib/test/auto/ElectronicUnitBase1.xml (RunModel)" time="0.099" />
  <testcase classname="ptolemy.util.test.junit.AutoTests" name="[142] /home/travis/build/icyphy/ptII/ptolemy/actor/lib/test/auto/ElementsToArray.xml (RunModel)" time="0.018" />
  <testcase classname="ptolemy.util.test.junit.AutoTests" name="[143] /home/travis/build/icyphy/ptII/ptolemy/actor/lib/test/auto/Equals.xml (RunModel)" time="0.013" />
  <testcase classname="ptolemy.util.test.junit.AutoTests" name="[144] /home/travis/build/icyphy/ptII/ptolemy/actor/lib/test/auto/Exec.xml (RunModel)" time="0.023" />
  <testcase classname="ptolemy.util.test.junit.AutoTests" name="[145] /home/travis/build/icyphy/ptII/ptolemy/actor/lib/test/auto/ExecEnvironment.xml (RunModel)" time="0.041" />
  <testcase classname="ptolemy.util.test.junit.AutoTests" name="[146] /home/travis/build/icyphy/ptII/ptolemy/actor/lib/test/auto/ExecNonZeroReturnOutput.xml (RunModel)" time="0.143" />
  <testcase classname="ptolemy.util.test.junit.AutoTests" name="[147] /home/travis/build/icyphy/ptII/ptolemy/actor/lib/test/auto/ExecRunDemos.xml (RunModel)" time="9.358" />
  <testcase classname="ptolemy.util.test.junit.AutoTests" name="[148] /home/travis/build/icyphy/ptII/ptolemy/actor/lib/test/auto/ExecStop.xml (RunModel)" time="5.029" />
  <testcase classname="ptolemy.util.test.junit.AutoTests" name="[149] /home/travis/build/icyphy/ptII/ptolemy/actor/lib/test/auto/ExecutionTimeSDF.xml (RunModel)" time="6.05" />
  <testcase classname="ptolemy.util.test.junit.AutoTests" name="[150] /home/travis/build/icyphy/ptII/ptolemy/actor/lib/test/auto/Expression1.xml (RunModel)" time="0.011" />
  <testcase classname="ptolemy.util.test.junit.AutoTests" name="[151] /home/travis/build/icyphy/ptII/ptolemy/actor/lib/test/auto/Expression10.xml (RunModel)" time="0.017" />
  <testcase classname="ptolemy.util.test.junit.AutoTests" name="[152] /home/travis/build/icyphy/ptII/ptolemy/actor/lib/test/auto/Expression11.xml (RunModel)" time="0.012" />
  <testcase classname="ptolemy.util.test.junit.AutoTests" name="[153] /home/travis/build/icyphy/ptII/ptolemy/actor/lib/test/auto/Expression12.xml (RunModel)" time="0.017" />
  <testcase classname="ptolemy.util.test.junit.AutoTests" name="[154] /home/travis/build/icyphy/ptII/ptolemy/actor/lib/test/auto/Expression13.xml (RunModel)" time="0.014" />
  <testcase classname="ptolemy.util.test.junit.AutoTests" name="[155] /home/travis/build/icyphy/ptII/ptolemy/actor/lib/test/auto/Expression14.xml (RunModel)" time="0.021" />
  <testcase classname="ptolemy.util.test.junit.AutoTests" name="[156] /home/travis/build/icyphy/ptII/ptolemy/actor/lib/test/auto/Expression15.xml (RunModel)" time="0.01" />
  <testcase classname="ptolemy.util.test.junit.AutoTests" name="[157] /home/travis/build/icyphy/ptII/ptolemy/actor/lib/test/auto/Expression16.xml (RunModel)" time="0.016" />
  <testcase classname="ptolemy.util.test.junit.AutoTests" name="[158] /home/travis/build/icyphy/ptII/ptolemy/actor/lib/test/auto/Expression17.xml (RunModel)" time="0.015" />
  <testcase classname="ptolemy.util.test.junit.AutoTests" name="[159] /home/travis/build/icyphy/ptII/ptolemy/actor/lib/test/auto/Expression18.xml (RunModel)" time="0.018" />
  <testcase classname="ptolemy.util.test.junit.AutoTests" name="[160] /home/travis/build/icyphy/ptII/ptolemy/actor/lib/test/auto/Expression2.xml (RunModel)" time="0.017" />
  <testcase classname="ptolemy.util.test.junit.AutoTests" name="[161] /home/travis/build/icyphy/ptII/ptolemy/actor/lib/test/auto/Expression3.xml (RunModel)" time="0.024" />
  <testcase classname="ptolemy.util.test.junit.AutoTests" name="[162] /home/travis/build/icyphy/ptII/ptolemy/actor/lib/test/auto/Expression4.xml (RunModel)" time="0.022" />
  <testcase classname="ptolemy.util.test.junit.AutoTests" name="[163] /home/travis/build/icyphy/ptII/ptolemy/actor/lib/test/auto/Expression5.xml (RunModel)" time="0.014" />
  <testcase classname="ptolemy.util.test.junit.AutoTests" name="[164] /home/travis/build/icyphy/ptII/ptolemy/actor/lib/test/auto/Expression6.xml (RunModel)" time="0.011" />
  <testcase classname="ptolemy.util.test.junit.AutoTests" name="[165] /home/travis/build/icyphy/ptII/ptolemy/actor/lib/test/auto/Expression7.xml (RunModel)" time="0.014" />
  <testcase classname="ptolemy.util.test.junit.AutoTests" name="[166] /home/travis/build/icyphy/ptII/ptolemy/actor/lib/test/auto/Expression8.xml (RunModel)" time="0.017" />
  <testcase classname="ptolemy.util.test.junit.AutoTests" name="[167] /home/travis/build/icyphy/ptII/ptolemy/actor/lib/test/auto/Expression9.xml (RunModel)" time="0.011" />
  <testcase classname="ptolemy.util.test.junit.AutoTests" name="[168] /home/travis/build/icyphy/ptII/ptolemy/actor/lib/test/auto/ExpressionConcatenateArrayType.xml (RunModel)" time="0.033" />
  <testcase classname="ptolemy.util.test.junit.AutoTests" name="[169] /home/travis/build/icyphy/ptII/ptolemy/actor/lib/test/auto/ExpressionConcatenateArrayType2.xml (RunModel)" time="0.025" />
  <testcase classname="ptolemy.util.test.junit.AutoTests" name="[170] /home/travis/build/icyphy/ptII/ptolemy/actor/lib/test/auto/ExpressionFix.xml (RunModel)" time="0.045" />
  <testcase classname="ptolemy.util.test.junit.AutoTests" name="[171] /home/travis/build/icyphy/ptII/ptolemy/actor/lib/test/auto/ExpressionFix2.xml (RunModel)" time="0.016" />
  <testcase classname="ptolemy.util.test.junit.AutoTests" name="[172] /home/travis/build/icyphy/ptII/ptolemy/actor/lib/test/auto/ExpressionFix3.xml (RunModel)" time="0.012" />
  <testcase classname="ptolemy.util.test.junit.AutoTests" name="[173] /home/travis/build/icyphy/ptII/ptolemy/actor/lib/test/auto/FileWriter1.xml (RunModel)" time="0.012" />
  <testcase classname="ptolemy.util.test.junit.AutoTests" name="[174] /home/travis/build/icyphy/ptII/ptolemy/actor/lib/test/auto/FileWriter2.xml (RunModel)" time="0.012" />
  <testcase classname="ptolemy.util.test.junit.AutoTests" name="[175] /home/travis/build/icyphy/ptII/ptolemy/actor/lib/test/auto/FileWriter3.xml (RunModel)" time="0.013" />
  <testcase classname="ptolemy.util.test.junit.AutoTests" name="[176] /home/travis/build/icyphy/ptII/ptolemy/actor/lib/test/auto/Gaussian.xml (RunModel)" time="0.013" />
  <testcase classname="ptolemy.util.test.junit.AutoTests" name="[177] /home/travis/build/icyphy/ptII/ptolemy/actor/lib/test/auto/Gaussian1.xml (RunModel)" time="0.016" />
  <testcase classname="ptolemy.util.test.junit.AutoTests" name="[178] /home/travis/build/icyphy/ptII/ptolemy/actor/lib/test/auto/Gaussian2.xml (RunModel)" time="0.024" />
  <testcase classname="ptolemy.util.test.junit.AutoTests" name="[179] /home/travis/build/icyphy/ptII/ptolemy/actor/lib/test/auto/GradientAdaptiveLattice.xml (RunModel)" time="0.019" />
  <testcase classname="ptolemy.util.test.junit.AutoTests" name="[180] /home/travis/build/icyphy/ptII/ptolemy/actor/lib/test/auto/IIR.xml (RunModel)" time="0.016" />
  <testcase classname="ptolemy.util.test.junit.AutoTests" name="[181] /home/travis/build/icyphy/ptII/ptolemy/actor/lib/test/auto/InputOutputTransparentPorts.xml (RunModel)" time="0.02" />
  <testcase classname="ptolemy.util.test.junit.AutoTests" name="[182] /home/travis/build/icyphy/ptII/ptolemy/actor/lib/test/auto/Interpolator.xml (RunModel)" time="0.013" />
  <testcase classname="ptolemy.util.test.junit.AutoTests" name="[183] /home/travis/build/icyphy/ptII/ptolemy/actor/lib/test/auto/InterpolatorFiringLimitDE.xml (RunModel)" time="0.013" />
  <testcase classname="ptolemy.util.test.junit.AutoTests" name="[184] /home/travis/build/icyphy/ptII/ptolemy/actor/lib/test/auto/Lattice.xml (RunModel)" time="0.012" />
  <testcase classname="ptolemy.util.test.junit.AutoTests" name="[185] /home/travis/build/icyphy/ptII/ptolemy/actor/lib/test/auto/LazyAOCTestLazy.xml (RunModel)" time="0.029" />
  <testcase classname="ptolemy.util.test.junit.AutoTests" name="[186] /home/travis/build/icyphy/ptII/ptolemy/actor/lib/test/auto/LazyAOCTestNonLazy.xml (RunModel)" time="0.05" />
  <testcase classname="ptolemy.util.test.junit.AutoTests" name="[187] /home/travis/build/icyphy/ptII/ptolemy/actor/lib/test/auto/LazyInnerClass.xml (RunModel)" time="0.044" />
  <testcase classname="ptolemy.util.test.junit.AutoTests" name="[188] /home/travis/build/icyphy/ptII/ptolemy/actor/lib/test/auto/LazyPubSub.xml (RunModel)" time="0.057" />
  <testcase classname="ptolemy.util.test.junit.AutoTests" name="[189] /home/travis/build/icyphy/ptII/ptolemy/actor/lib/test/auto/LazyPubSub2.xml (RunModel)" time="0.032" />
  <testcase classname="ptolemy.util.test.junit.AutoTests" name="[190] /home/travis/build/icyphy/ptII/ptolemy/actor/lib/test/auto/LazyPubSub3.xml (RunModel)" time="0.053" />
  <testcase classname="ptolemy.util.test.junit.AutoTests" name="[191] /home/travis/build/icyphy/ptII/ptolemy/actor/lib/test/auto/LazySubClassModel.xml (RunModel)" time="0.019" />
  <testcase classname="ptolemy.util.test.junit.AutoTests" name="[192] /home/travis/build/icyphy/ptII/ptolemy/actor/lib/test/auto/LevelCrossTest1.xml (RunModel)" time="0.01" />
  <testcase classname="ptolemy.util.test.junit.AutoTests" name="[193] /home/travis/build/icyphy/ptII/ptolemy/actor/lib/test/auto/LevelCrossTest10.xml (RunModel)" time="0.014" />
  <testcase classname="ptolemy.util.test.junit.AutoTests" name="[194] /home/travis/build/icyphy/ptII/ptolemy/actor/lib/test/auto/LevelCrossTest11.xml (RunModel)" time="0.013" />
  <testcase classname="ptolemy.util.test.junit.AutoTests" name="[195] /home/travis/build/icyphy/ptII/ptolemy/actor/lib/test/auto/LevelCrossTest12.xml (RunModel)" time="0.013" />
  <testcase classname="ptolemy.util.test.junit.AutoTests" name="[196] /home/travis/build/icyphy/ptII/ptolemy/actor/lib/test/auto/LevelCrossTest13.xml (RunModel)" time="0.014" />
  <testcase classname="ptolemy.util.test.junit.AutoTests" name="[197] /home/travis/build/icyphy/ptII/ptolemy/actor/lib/test/auto/LevelCrossTest2.xml (RunModel)" time="0.011" />
  <testcase classname="ptolemy.util.test.junit.AutoTests" name="[198] /home/travis/build/icyphy/ptII/ptolemy/actor/lib/test/auto/LevelCrossTest3.xml (RunModel)" time="0.011" />
  <testcase classname="ptolemy.util.test.junit.AutoTests" name="[199] /home/travis/build/icyphy/ptII/ptolemy/actor/lib/test/auto/LevelCrossTest4.xml (RunModel)" time="0.011" />
  <testcase classname="ptolemy.util.test.junit.AutoTests" name="[200] /home/travis/build/icyphy/ptII/ptolemy/actor/lib/test/auto/LevelCrossTest5.xml (RunModel)" time="0.013" />
  <testcase classname="ptolemy.util.test.junit.AutoTests" name="[201] /home/travis/build/icyphy/ptII/ptolemy/actor/lib/test/auto/LevelCrossTest6.xml (RunModel)" time="0.012" />
  <testcase classname="ptolemy.util.test.junit.AutoTests" name="[202] /home/travis/build/icyphy/ptII/ptolemy/actor/lib/test/auto/LevelCrossTest7.xml (RunModel)" time="0.014" />
  <testcase classname="ptolemy.util.test.junit.AutoTests" name="[203] /home/travis/build/icyphy/ptII/ptolemy/actor/lib/test/auto/LevelCrossTest8.xml (RunModel)" time="0.013" />
  <testcase classname="ptolemy.util.test.junit.AutoTests" name="[204] /home/travis/build/icyphy/ptII/ptolemy/actor/lib/test/auto/LevelCrossTest9.xml (RunModel)" time="0.013" />
  <testcase classname="ptolemy.util.test.junit.AutoTests" name="[205] /home/travis/build/icyphy/ptII/ptolemy/actor/lib/test/auto/LevinsonDurbin.xml (RunModel)" time="0.009" />
  <testcase classname="ptolemy.util.test.junit.AutoTests" name="[206] /home/travis/build/icyphy/ptII/ptolemy/actor/lib/test/auto/LevinsonDurbin2.xml (RunModel)" time="0.012" />
  <testcase classname="ptolemy.util.test.junit.AutoTests" name="[207] /home/travis/build/icyphy/ptII/ptolemy/actor/lib/test/auto/LevinsonDurbin3.xml (RunModel)" time="0.009" />
  <testcase classname="ptolemy.util.test.junit.AutoTests" name="[208] /home/travis/build/icyphy/ptII/ptolemy/actor/lib/test/auto/Limiter.xml (RunModel)" time="0.04" />
  <testcase classname="ptolemy.util.test.junit.AutoTests" name="[209] /home/travis/build/icyphy/ptII/ptolemy/actor/lib/test/auto/LinearDifferenceEquationSystem.xml (RunModel)" time="0.02" />
  <testcase classname="ptolemy.util.test.junit.AutoTests" name="[210] /home/travis/build/icyphy/ptII/ptolemy/actor/lib/test/auto/LookupTable.xml (RunModel)" time="0.01" />
  <testcase classname="ptolemy.util.test.junit.AutoTests" name="[211] /home/travis/build/icyphy/ptII/ptolemy/actor/lib/test/auto/MathFunction.xml (RunModel)" time="0.02" />
  <testcase classname="ptolemy.util.test.junit.AutoTests" name="[212] /home/travis/build/icyphy/ptII/ptolemy/actor/lib/test/auto/MathFunction2.xml (RunModel)" time="0.018" />
  <testcase classname="ptolemy.util.test.junit.AutoTests" name="[213] /home/travis/build/icyphy/ptII/ptolemy/actor/lib/test/auto/MathFunction3.xml (RunModel)" time="0.027" />
  <testcase classname="ptolemy.util.test.junit.AutoTests" name="[214] /home/travis/build/icyphy/ptII/ptolemy/actor/lib/test/auto/MatrixCropBoolean.xml (RunModel)" time="0.012" />
  <testcase classname="ptolemy.util.test.junit.AutoTests" name="[215] /home/travis/build/icyphy/ptII/ptolemy/actor/lib/test/auto/MatrixCropComplex.xml (RunModel)" time="0.01" />
  <testcase classname="ptolemy.util.test.junit.AutoTests" name="[216] /home/travis/build/icyphy/ptII/ptolemy/actor/lib/test/auto/MatrixCropDouble.xml (RunModel)" time="0.009" />
  <testcase classname="ptolemy.util.test.junit.AutoTests" name="[217] /home/travis/build/icyphy/ptII/ptolemy/actor/lib/test/auto/MatrixCropFix.xml (RunModel)" time="0.012" />
  <testcase classname="ptolemy.util.test.junit.AutoTests" name="[218] /home/travis/build/icyphy/ptII/ptolemy/actor/lib/test/auto/MatrixCropInt.xml (RunModel)" time="0.011" />
  <testcase classname="ptolemy.util.test.junit.AutoTests" name="[219] /home/travis/build/icyphy/ptII/ptolemy/actor/lib/test/auto/MatrixCropLong.xml (RunModel)" time="0.01" />
  <testcase classname="ptolemy.util.test.junit.AutoTests" name="[220] /home/travis/build/icyphy/ptII/ptolemy/actor/lib/test/auto/MatrixToArray.xml (RunModel)" time="0.057" />
  <testcase classname="ptolemy.util.test.junit.AutoTests" name="[221] /home/travis/build/icyphy/ptII/ptolemy/actor/lib/test/auto/MaxIndex.xml (RunModel)" time="0.013" />
  <testcase classname="ptolemy.util.test.junit.AutoTests" name="[222] /home/travis/build/icyphy/ptII/ptolemy/actor/lib/test/auto/Maximum.xml (RunModel)" time="0.024" />
  <testcase classname="ptolemy.util.test.junit.AutoTests" name="[223] /home/travis/build/icyphy/ptII/ptolemy/actor/lib/test/auto/MaximumComplex.xml (RunModel)" time="0.015" />
  <testcase classname="ptolemy.util.test.junit.AutoTests" name="[224] /home/travis/build/icyphy/ptII/ptolemy/actor/lib/test/auto/MethodCallTest.xml (RunModel)" time="0.021" />
  <testcase classname="ptolemy.util.test.junit.AutoTests" name="[225] /home/travis/build/icyphy/ptII/ptolemy/actor/lib/test/auto/Minimum.xml (RunModel)" time="0.014" />
  <testcase classname="ptolemy.util.test.junit.AutoTests" name="[226] /home/travis/build/icyphy/ptII/ptolemy/actor/lib/test/auto/MinimumComplex.xml (RunModel)" time="0.016" />
  <testcase classname="ptolemy.util.test.junit.AutoTests" name="[227] /home/travis/build/icyphy/ptII/ptolemy/actor/lib/test/auto/MinimumMultiports.xml (RunModel)" time="0.021" />
  <testcase classname="ptolemy.util.test.junit.AutoTests" name="[228] /home/travis/build/icyphy/ptII/ptolemy/actor/lib/test/auto/ModifyDate.xml (RunModel)" time="0.042" />
  <testcase classname="ptolemy.util.test.junit.AutoTests" name="[229] /home/travis/build/icyphy/ptII/ptolemy/actor/lib/test/auto/ModifyDate2.xml (RunModel)" time="0.032" />
  <testcase classname="ptolemy.util.test.junit.AutoTests" name="[230] /home/travis/build/icyphy/ptII/ptolemy/actor/lib/test/auto/MovingAverage.xml (RunModel)" time="0.025" />
  <testcase classname="ptolemy.util.test.junit.AutoTests" name="[231] /home/travis/build/icyphy/ptII/ptolemy/actor/lib/test/auto/MovingMaximum.xml (RunModel)" time="0.013" />
  <testcase classname="ptolemy.util.test.junit.AutoTests" name="[232] /home/travis/build/icyphy/ptII/ptolemy/actor/lib/test/auto/MultipleLinksToSameRelation.xml (RunModel)" time="0.01" />
  <testcase classname="ptolemy.util.test.junit.AutoTests" name="[233] /home/travis/build/icyphy/ptII/ptolemy/actor/lib/test/auto/MultipleLinksToSameRelationDE.xml (RunModel)" time="0.012" />
  <testcase classname="ptolemy.util.test.junit.AutoTests" name="[234] /home/travis/build/icyphy/ptII/ptolemy/actor/lib/test/auto/Multiplexor.xml (RunModel)" time="0.014" />
  <testcase classname="ptolemy.util.test.junit.AutoTests" name="[235] /home/travis/build/icyphy/ptII/ptolemy/actor/lib/test/auto/Multiplexor1.xml (RunModel)" time="0.014" />
  <testcase classname="ptolemy.util.test.junit.AutoTests" name="[236] /home/travis/build/icyphy/ptII/ptolemy/actor/lib/test/auto/Multiplexor2.xml (RunModel)" time="0.02" />
  <testcase classname="ptolemy.util.test.junit.AutoTests" name="[237] /home/travis/build/icyphy/ptII/ptolemy/actor/lib/test/auto/Multiplexor3.xml (RunModel)" time="0.008" />
  <testcase classname="ptolemy.util.test.junit.AutoTests" name="[238] /home/travis/build/icyphy/ptII/ptolemy/actor/lib/test/auto/MultiplexorDE.xml (RunModel)" time="0.018" />
  <testcase classname="ptolemy.util.test.junit.AutoTests" name="[239] /home/travis/build/icyphy/ptII/ptolemy/actor/lib/test/auto/MultiportBroadcastTest.xml (RunModel)" time="0.102" />
  <testcase classname="ptolemy.util.test.junit.AutoTests" name="[240] /home/travis/build/icyphy/ptII/ptolemy/actor/lib/test/auto/MultiportOutHangDuringGetWidth.xml (RunModel)" time="0.032" />
  <testcase classname="ptolemy.util.test.junit.AutoTests" name="[241] /home/travis/build/icyphy/ptII/ptolemy/actor/lib/test/auto/NilToken.xml (RunModel)" time="0.016" />
  <testcase classname="ptolemy.util.test.junit.AutoTests" name="[242] /home/travis/build/icyphy/ptII/ptolemy/actor/lib/test/auto/NilTokenNonStrictTest.xml (RunModel)" time="0.013" />
  <testcase classname="ptolemy.util.test.junit.AutoTests" name="[243] /home/travis/build/icyphy/ptII/ptolemy/actor/lib/test/auto/NilTokenRecord.xml (RunModel)" time="0.029" />
  <testcase classname="ptolemy.util.test.junit.AutoTests" name="[244] /home/travis/build/icyphy/ptII/ptolemy/actor/lib/test/auto/NilTokenTypeTest.xml (RunModel)" time="0.029" />
  <testcase classname="ptolemy.util.test.junit.AutoTests" name="[245] /home/travis/build/icyphy/ptII/ptolemy/actor/lib/test/auto/ObjectToken1.xml (RunModel)" time="0.009" />
  <testcase classname="ptolemy.util.test.junit.AutoTests" name="[246] /home/travis/build/icyphy/ptII/ptolemy/actor/lib/test/auto/OrderedMerge.xml (RunModel)" time="0.022" />
  <testcase classname="ptolemy.util.test.junit.AutoTests" name="[247] /home/travis/build/icyphy/ptII/ptolemy/actor/lib/test/auto/OrderedRecordDisassembler.xml (RunModel)" time="0.021" />
  <testcase classname="ptolemy.util.test.junit.AutoTests" name="[248] /home/travis/build/icyphy/ptII/ptolemy/actor/lib/test/auto/OrderedRecordDisassembler2.xml (RunModel)" time="0.018" />
  <testcase classname="ptolemy.util.test.junit.AutoTests" name="[249] /home/travis/build/icyphy/ptII/ptolemy/actor/lib/test/auto/OrderedRecordUpdater.xml (RunModel)" time="0.012" />
  <testcase classname="ptolemy.util.test.junit.AutoTests" name="[250] /home/travis/build/icyphy/ptII/ptolemy/actor/lib/test/auto/OrderedRecordUpdater2.xml (RunModel)" time="0.012" />
  <testcase classname="ptolemy.util.test.junit.AutoTests" name="[251] /home/travis/build/icyphy/ptII/ptolemy/actor/lib/test/auto/PhaseUnwrap.xml (RunModel)" time="0.012" />
  <testcase classname="ptolemy.util.test.junit.AutoTests" name="[252] /home/travis/build/icyphy/ptII/ptolemy/actor/lib/test/auto/PoissonClock.xml (RunModel)" time="0.009" />
  <testcase classname="ptolemy.util.test.junit.AutoTests" name="[253] /home/travis/build/icyphy/ptII/ptolemy/actor/lib/test/auto/PoissonClock2.xml (RunModel)" time="0.008" />
  <testcase classname="ptolemy.util.test.junit.AutoTests" name="[254] /home/travis/build/icyphy/ptII/ptolemy/actor/lib/test/auto/PoissonClock3.xml (RunModel)" time="0.01" />
  <testcase classname="ptolemy.util.test.junit.AutoTests" name="[255] /home/travis/build/icyphy/ptII/ptolemy/actor/lib/test/auto/PubSubWithInitialTokens.xml (RunModel)" time="0.013" />
  <testcase classname="ptolemy.util.test.junit.AutoTests" name="[256] /home/travis/build/icyphy/ptII/ptolemy/actor/lib/test/auto/PubSubWithInitialTokens2.xml (RunModel)" time="0.013" />
  <testcase classname="ptolemy.util.test.junit.AutoTests" name="[257] /home/travis/build/icyphy/ptII/ptolemy/actor/lib/test/auto/PublisherClassNoParameter.xml (RunModel)" time="0.027" />
  <testcase classname="ptolemy.util.test.junit.AutoTests" name="[258] /home/travis/build/icyphy/ptII/ptolemy/actor/lib/test/auto/PublisherClassParameter.xml (RunModel)" time="0.021" />
  <testcase classname="ptolemy.util.test.junit.AutoTests" name="[259] /home/travis/build/icyphy/ptII/ptolemy/actor/lib/test/auto/PublisherNonStrictTest.xml (RunModel)" time="0.023" />
  <testcase classname="ptolemy.util.test.junit.AutoTests" name="[260] /home/travis/build/icyphy/ptII/ptolemy/actor/lib/test/auto/PublisherPort1.xml (RunModel)" time="0.011" />
  <testcase classname="ptolemy.util.test.junit.AutoTests" name="[261] /home/travis/build/icyphy/ptII/ptolemy/actor/lib/test/auto/PublisherPort2.xml (RunModel)" time="0.011" />
  <testcase classname="ptolemy.util.test.junit.AutoTests" name="[262] /home/travis/build/icyphy/ptII/ptolemy/actor/lib/test/auto/PublisherPort3.xml (RunModel)" time="0.012" />
  <testcase classname="ptolemy.util.test.junit.AutoTests" name="[263] /home/travis/build/icyphy/ptII/ptolemy/actor/lib/test/auto/PublisherPort4.xml (RunModel)" time="0.01" />
  <testcase classname="ptolemy.util.test.junit.AutoTests" name="[264] /home/travis/build/icyphy/ptII/ptolemy/actor/lib/test/auto/PublisherPort5.xml (RunModel)" time="0.014" />
  <testcase classname="ptolemy.util.test.junit.AutoTests" name="[265] /home/travis/build/icyphy/ptII/ptolemy/actor/lib/test/auto/PublisherPort5LookAlike.xml (RunModel)" time="0.014" />
  <testcase classname="ptolemy.util.test.junit.AutoTests" name="[266] /home/travis/build/icyphy/ptII/ptolemy/actor/lib/test/auto/PublisherPort6.xml (RunModel)" time="0.013" />
  <testcase classname="ptolemy.util.test.junit.AutoTests" name="[267] /home/travis/build/icyphy/ptII/ptolemy/actor/lib/test/auto/PublisherPort7.xml (RunModel)" time="0.015" />
  <testcase classname="ptolemy.util.test.junit.AutoTests" name="[268] /home/travis/build/icyphy/ptII/ptolemy/actor/lib/test/auto/PublisherPort8.xml (RunModel)" time="0.014" />
  <testcase classname="ptolemy.util.test.junit.AutoTests" name="[269] /home/travis/build/icyphy/ptII/ptolemy/actor/lib/test/auto/PublisherPortSubscriberChannelVariablesAOC2.xml (RunModel)" time="0.029" />
  <testcase classname="ptolemy.util.test.junit.AutoTests" name="[270] /home/travis/build/icyphy/ptII/ptolemy/actor/lib/test/auto/PublisherPortSubscriberOpaqueWidthInference.xml (RunModel)" time="0.019" />
  <testcase classname="ptolemy.util.test.junit.AutoTests" name="[271] /home/travis/build/icyphy/ptII/ptolemy/actor/lib/test/auto/PublisherPortSubscriberPortAdjacent.xml (RunModel)" time="0.015" />
  <testcase classname="ptolemy.util.test.junit.AutoTests" name="[272] /home/travis/build/icyphy/ptII/ptolemy/actor/lib/test/auto/PublisherPortSubscriberPortExpression.xml (RunModel)" time="0.016" />
  <testcase classname="ptolemy.util.test.junit.AutoTests" name="[273] /home/travis/build/icyphy/ptII/ptolemy/actor/lib/test/auto/PublisherPortSubscriberPortOpaqueD3Reverse.xml (RunModel)" time="0.02" />
  <testcase classname="ptolemy.util.test.junit.AutoTests" name="[274] /home/travis/build/icyphy/ptII/ptolemy/actor/lib/test/auto/PublisherPortSubscriberPortOpaqueWidthInference.xml (RunModel)" time="0.015" />
  <testcase classname="ptolemy.util.test.junit.AutoTests" name="[275] /home/travis/build/icyphy/ptII/ptolemy/actor/lib/test/auto/PublisherPortToplevelSubscriberPortAOC.xml (RunModel)" time="0.01" />
  <testcase classname="ptolemy.util.test.junit.AutoTests" name="[276] /home/travis/build/icyphy/ptII/ptolemy/actor/lib/test/auto/PublisherSubscriber.xml (RunModel)" time="0.014" />
  <testcase classname="ptolemy.util.test.junit.AutoTests" name="[277] /home/travis/build/icyphy/ptII/ptolemy/actor/lib/test/auto/PublisherSubscriber10.xml (RunModel)" time="0.018" />
  <testcase classname="ptolemy.util.test.junit.AutoTests" name="[278] /home/travis/build/icyphy/ptII/ptolemy/actor/lib/test/auto/PublisherSubscriber10InitialOutputs.xml (RunModel)" time="0.019" />
  <testcase classname="ptolemy.util.test.junit.AutoTests" name="[279] /home/travis/build/icyphy/ptII/ptolemy/actor/lib/test/auto/PublisherSubscriber11.xml (RunModel)" time="0.011" />
  <testcase classname="ptolemy.util.test.junit.AutoTests" name="[280] /home/travis/build/icyphy/ptII/ptolemy/actor/lib/test/auto/PublisherSubscriber12.xml (RunModel)" time="0.012" />
  <testcase classname="ptolemy.util.test.junit.AutoTests" name="[281] /home/travis/build/icyphy/ptII/ptolemy/actor/lib/test/auto/PublisherSubscriber13.xml (RunModel)" time="0.011" />
  <testcase classname="ptolemy.util.test.junit.AutoTests" name="[282] /home/travis/build/icyphy/ptII/ptolemy/actor/lib/test/auto/PublisherSubscriber14.xml (RunModel)" time="0.023" />
  <testcase classname="ptolemy.util.test.junit.AutoTests" name="[283] /home/travis/build/icyphy/ptII/ptolemy/actor/lib/test/auto/PublisherSubscriber2.xml (RunModel)" time="0.011" />
  <testcase classname="ptolemy.util.test.junit.AutoTests" name="[284] /home/travis/build/icyphy/ptII/ptolemy/actor/lib/test/auto/PublisherSubscriber3.xml (RunModel)" time="0.01" />
  <testcase classname="ptolemy.util.test.junit.AutoTests" name="[285] /home/travis/build/icyphy/ptII/ptolemy/actor/lib/test/auto/PublisherSubscriber4.xml (RunModel)" time="0.009" />
  <testcase classname="ptolemy.util.test.junit.AutoTests" name="[286] /home/travis/build/icyphy/ptII/ptolemy/actor/lib/test/auto/PublisherSubscriber5.xml (RunModel)" time="0.012" />
  <testcase classname="ptolemy.util.test.junit.AutoTests" name="[287] /home/travis/build/icyphy/ptII/ptolemy/actor/lib/test/auto/PublisherSubscriber6.xml (RunModel)" time="0.015" />
  <testcase classname="ptolemy.util.test.junit.AutoTests" name="[288] /home/travis/build/icyphy/ptII/ptolemy/actor/lib/test/auto/PublisherSubscriber7.xml (RunModel)" time="0.017" />
  <testcase classname="ptolemy.util.test.junit.AutoTests" name="[289] /home/travis/build/icyphy/ptII/ptolemy/actor/lib/test/auto/PublisherSubscriber8.xml (RunModel)" time="0.026" />
  <testcase classname="ptolemy.util.test.junit.AutoTests" name="[290] /home/travis/build/icyphy/ptII/ptolemy/actor/lib/test/auto/PublisherSubscriber9.xml (RunModel)" time="0.016" />
  <testcase classname="ptolemy.util.test.junit.AutoTests" name="[291] /home/travis/build/icyphy/ptII/ptolemy/actor/lib/test/auto/PublisherSubscriberAdjacent.xml (RunModel)" time="0.015" />
  <testcase classname="ptolemy.util.test.junit.AutoTests" name="[292] /home/travis/build/icyphy/ptII/ptolemy/actor/lib/test/auto/PublisherSubscriberChannelVariablesAOC2.xml (RunModel)" time="0.035" />
  <testcase classname="ptolemy.util.test.junit.AutoTests" name="[293] /home/travis/build/icyphy/ptII/ptolemy/actor/lib/test/auto/PublisherSubscriberD3.xml (RunModel)" time="0.013" />
  <testcase classname="ptolemy.util.test.junit.AutoTests" name="[294] /home/travis/build/icyphy/ptII/ptolemy/actor/lib/test/auto/PublisherSubscriberD3Reverse.xml (RunModel)" time="0.01" />
  <testcase classname="ptolemy.util.test.junit.AutoTests" name="[295] /home/travis/build/icyphy/ptII/ptolemy/actor/lib/test/auto/PublisherSubscriberExpression.xml (RunModel)" time="0.017" />
  <testcase classname="ptolemy.util.test.junit.AutoTests" name="[296] /home/travis/build/icyphy/ptII/ptolemy/actor/lib/test/auto/PublisherSubscriberOpaque.xml (RunModel)" time="0.014" />
  <testcase classname="ptolemy.util.test.junit.AutoTests" name="[297] /home/travis/build/icyphy/ptII/ptolemy/actor/lib/test/auto/PublisherSubscriberOpaqueD3.xml (RunModel)" time="0.022" />
  <testcase classname="ptolemy.util.test.junit.AutoTests" name="[298] /home/travis/build/icyphy/ptII/ptolemy/actor/lib/test/auto/PublisherSubscriberOpaqueD3Reverse.xml (RunModel)" time="0.021" />
  <testcase classname="ptolemy.util.test.junit.AutoTests" name="[299] /home/travis/build/icyphy/ptII/ptolemy/actor/lib/test/auto/PublisherSubscriberOpaqueWidthInference.xml (RunModel)" time="0.015" />
  <testcase classname="ptolemy.util.test.junit.AutoTests" name="[300] /home/travis/build/icyphy/ptII/ptolemy/actor/lib/test/auto/PublisherTestSubscriber.xml (RunModel)" time="0.015" />
  <testcase classname="ptolemy.util.test.junit.AutoTests" name="[301] /home/travis/build/icyphy/ptII/ptolemy/actor/lib/test/auto/PublisherToplevelSubscriberPortAOC.xml (RunModel)" time="0.01" />
  <testcase classname="ptolemy.util.test.junit.AutoTests" name="[302] /home/travis/build/icyphy/ptII/ptolemy/actor/lib/test/auto/PulseFiringLimitDE.xml (RunModel)" time="0.016" />
  <testcase classname="ptolemy.util.test.junit.AutoTests" name="[303] /home/travis/build/icyphy/ptII/ptolemy/actor/lib/test/auto/Ramp1.xml (RunModel)" time="0.007" />
  <testcase classname="ptolemy.util.test.junit.AutoTests" name="[304] /home/travis/build/icyphy/ptII/ptolemy/actor/lib/test/auto/RampFiringLimitDE.xml (RunModel)" time="0.011" />
  <testcase classname="ptolemy.util.test.junit.AutoTests" name="[305] /home/travis/build/icyphy/ptII/ptolemy/actor/lib/test/auto/RampFiringLimitSDF.xml (RunModel)" time="0.011" />
  <testcase classname="ptolemy.util.test.junit.AutoTests" name="[306] /home/travis/build/icyphy/ptII/ptolemy/actor/lib/test/auto/RandomInteger.xml (RunModel)" time="0.009" />
  <testcase classname="ptolemy.util.test.junit.AutoTests" name="[307] /home/travis/build/icyphy/ptII/ptolemy/actor/lib/test/auto/ReadFile1.xml (RunModel)" time="0.009" />
  <testcase classname="ptolemy.util.test.junit.AutoTests" name="[308] /home/travis/build/icyphy/ptII/ptolemy/actor/lib/test/auto/ReadFile2.xml (RunModel)" time="0.008" />
  <testcase classname="ptolemy.util.test.junit.AutoTests" name="[309] /home/travis/build/icyphy/ptII/ptolemy/actor/lib/test/auto/Reader.xml (RunModel)" time="0.012" />
  <testcase classname="ptolemy.util.test.junit.AutoTests" name="[310] /home/travis/build/icyphy/ptII/ptolemy/actor/lib/test/auto/RecordAssemblerDisplayNameTest.xml (RunModel)" time="2.822" />
  <testcase classname="ptolemy.util.test.junit.AutoTests" name="[311] /home/travis/build/icyphy/ptII/ptolemy/actor/lib/test/auto/RecordAssemblerTypeError.xml (RunModel)" time="0.035" />
  <testcase classname="ptolemy.util.test.junit.AutoTests" name="[312] /home/travis/build/icyphy/ptII/ptolemy/actor/lib/test/auto/RecordDisassember.xml (RunModel)" time="0.011" />
  <testcase classname="ptolemy.util.test.junit.AutoTests" name="[313] /home/travis/build/icyphy/ptII/ptolemy/actor/lib/test/auto/RecordDisassemberDisplayNameTest.xml (RunModel)" time="0.02" />
  <testcase classname="ptolemy.util.test.junit.AutoTests" name="[314] /home/travis/build/icyphy/ptII/ptolemy/actor/lib/test/auto/RecordDisassembler.xml (RunModel)" time="0.01" />
  <testcase classname="ptolemy.util.test.junit.AutoTests" name="[315] /home/travis/build/icyphy/ptII/ptolemy/actor/lib/test/auto/RecordDisassembler2.xml (RunModel)" time="0.01" />
  <testcase classname="ptolemy.util.test.junit.AutoTests" name="[316] /home/travis/build/icyphy/ptII/ptolemy/actor/lib/test/auto/RecordUpdater.xml (RunModel)" time="0.012" />
  <testcase classname="ptolemy.util.test.junit.AutoTests" name="[317] /home/travis/build/icyphy/ptII/ptolemy/actor/lib/test/auto/RecordUpdater2.xml (RunModel)" time="0.01" />
  <testcase classname="ptolemy.util.test.junit.AutoTests" name="[318] /home/travis/build/icyphy/ptII/ptolemy/actor/lib/test/auto/RecursiveLattice.xml (RunModel)" time="0.008" />
  <testcase classname="ptolemy.util.test.junit.AutoTests" name="[319] /home/travis/build/icyphy/ptII/ptolemy/actor/lib/test/auto/Router.xml (RunModel)" time="3.023" />
  <testcase classname="ptolemy.util.test.junit.AutoTests" name="[320] /home/travis/build/icyphy/ptII/ptolemy/actor/lib/test/auto/Router2.xml (RunModel)" time="3.044" />
  <testcase classname="ptolemy.util.test.junit.AutoTests" name="[321] /home/travis/build/icyphy/ptII/ptolemy/actor/lib/test/auto/RunningMaximum.xml (RunModel)" time="0.013" />
  <testcase classname="ptolemy.util.test.junit.AutoTests" name="[322] /home/travis/build/icyphy/ptII/ptolemy/actor/lib/test/auto/RunningMinimum.xml (RunModel)" time="0.034" />
  <testcase classname="ptolemy.util.test.junit.AutoTests" name="[323] /home/travis/build/icyphy/ptII/ptolemy/actor/lib/test/auto/Scale.xml (RunModel)" time="0.022" />
  <testcase classname="ptolemy.util.test.junit.AutoTests" name="[324] /home/travis/build/icyphy/ptII/ptolemy/actor/lib/test/auto/Scale2.xml (RunModel)" time="0.009" />
  <testcase classname="ptolemy.util.test.junit.AutoTests" name="[325] /home/travis/build/icyphy/ptII/ptolemy/actor/lib/test/auto/Scale3.xml (RunModel)" time="0.014" />
  <testcase classname="ptolemy.util.test.junit.AutoTests" name="[326] /home/travis/build/icyphy/ptII/ptolemy/actor/lib/test/auto/ScaleArray.xml (RunModel)" time="0.008" />
  <testcase classname="ptolemy.util.test.junit.AutoTests" name="[327] /home/travis/build/icyphy/ptII/ptolemy/actor/lib/test/auto/ScaleArray2.xml (RunModel)" time="0.009" />
  <testcase classname="ptolemy.util.test.junit.AutoTests" name="[328] /home/travis/build/icyphy/ptII/ptolemy/actor/lib/test/auto/ScaleMatrix.xml (RunModel)" time="0.112" />
  <testcase classname="ptolemy.util.test.junit.AutoTests" name="[329] /home/travis/build/icyphy/ptII/ptolemy/actor/lib/test/auto/Select.xml (RunModel)" time="0.014" />
  <testcase classname="ptolemy.util.test.junit.AutoTests" name="[330] /home/travis/build/icyphy/ptII/ptolemy/actor/lib/test/auto/Select2.xml (RunModel)" time="0.008" />
  <testcase classname="ptolemy.util.test.junit.AutoTests" name="[331] /home/travis/build/icyphy/ptII/ptolemy/actor/lib/test/auto/SequenceToArray2.xml (RunModel)" time="0.102" />
  <testcase classname="ptolemy.util.test.junit.AutoTests" name="[332] /home/travis/build/icyphy/ptII/ptolemy/actor/lib/test/auto/SequentialClock.xml (RunModel)" time="0.015" />
  <testcase classname="ptolemy.util.test.junit.AutoTests" name="[333] /home/travis/build/icyphy/ptII/ptolemy/actor/lib/test/auto/SetVariable.xml (RunModel)" time="0.01" />
  <testcase classname="ptolemy.util.test.junit.AutoTests" name="[334] /home/travis/build/icyphy/ptII/ptolemy/actor/lib/test/auto/SetVariable2.xml (RunModel)" time="0.012" />
  <testcase classname="ptolemy.util.test.junit.AutoTests" name="[335] /home/travis/build/icyphy/ptII/ptolemy/actor/lib/test/auto/SetVariable3.xml (RunModel)" time="0.023" />
  <testcase classname="ptolemy.util.test.junit.AutoTests" name="[336] /home/travis/build/icyphy/ptII/ptolemy/actor/lib/test/auto/SetVariable4.xml (RunModel)" time="0.021" />
  <testcase classname="ptolemy.util.test.junit.AutoTests" name="[337] /home/travis/build/icyphy/ptII/ptolemy/actor/lib/test/auto/SetVariable5.xml (RunModel)" time="0.037" />
  <testcase classname="ptolemy.util.test.junit.AutoTests" name="[338] /home/travis/build/icyphy/ptII/ptolemy/actor/lib/test/auto/Sinewave.xml (RunModel)" time="0.025" />
  <testcase classname="ptolemy.util.test.junit.AutoTests" name="[339] /home/travis/build/icyphy/ptII/ptolemy/actor/lib/test/auto/Sinewave2.xml (RunModel)" time="0.015" />
  <testcase classname="ptolemy.util.test.junit.AutoTests" name="[340] /home/travis/build/icyphy/ptII/ptolemy/actor/lib/test/auto/Sinewave3.xml (RunModel)" time="0.017" />
  <testcase classname="ptolemy.util.test.junit.AutoTests" name="[341] /home/travis/build/icyphy/ptII/ptolemy/actor/lib/test/auto/SingleEvent.xml (RunModel)" time="0.007" />
  <testcase classname="ptolemy.util.test.junit.AutoTests" name="[342] /home/travis/build/icyphy/ptII/ptolemy/actor/lib/test/auto/Sleep.xml (RunModel)" time="6.013" />
  <testcase classname="ptolemy.util.test.junit.AutoTests" name="[343] /home/travis/build/icyphy/ptII/ptolemy/actor/lib/test/auto/SleepMultipleFire.xml (RunModel)" time="1.023" />
  <testcase classname="ptolemy.util.test.junit.AutoTests" name="[344] /home/travis/build/icyphy/ptII/ptolemy/actor/lib/test/auto/StopDE.xml (RunModel)" time="0.016" />
  <testcase classname="ptolemy.util.test.junit.AutoTests" name="[345] /home/travis/build/icyphy/ptII/ptolemy/actor/lib/test/auto/StopSDF.xml (RunModel)" time="0.013" />
  <testcase classname="ptolemy.util.test.junit.AutoTests" name="[346] /home/travis/build/icyphy/ptII/ptolemy/actor/lib/test/auto/StringConstant.xml (RunModel)" time="0.01" />
  <testcase classname="ptolemy.util.test.junit.AutoTests" name="[347] /home/travis/build/icyphy/ptII/ptolemy/actor/lib/test/auto/SubscriberPortInitialValues1.xml (RunModel)" time="0.018" />
  <testcase classname="ptolemy.util.test.junit.AutoTests" name="[348] /home/travis/build/icyphy/ptII/ptolemy/actor/lib/test/auto/SubscriberPortInitialValues13.xml (RunModel)" time="0.022" />
  <testcase classname="ptolemy.util.test.junit.AutoTests" name="[349] /home/travis/build/icyphy/ptII/ptolemy/actor/lib/test/auto/SubscriberPortInitialValues14.xml (RunModel)" time="0.014" />
  <testcase classname="ptolemy.util.test.junit.AutoTests" name="[350] /home/travis/build/icyphy/ptII/ptolemy/actor/lib/test/auto/SubscriberPortInitialValues2.xml (RunModel)" time="0.014" />
  <testcase classname="ptolemy.util.test.junit.AutoTests" name="[351] /home/travis/build/icyphy/ptII/ptolemy/actor/lib/test/auto/SubscriberPortInitialValues3.xml (RunModel)" time="0.018" />
  <testcase classname="ptolemy.util.test.junit.AutoTests" name="[352] /home/travis/build/icyphy/ptII/ptolemy/actor/lib/test/auto/SubscriptionAggregator.xml (RunModel)" time="0.012" />
  <testcase classname="ptolemy.util.test.junit.AutoTests" name="[353] /home/travis/build/icyphy/ptII/ptolemy/actor/lib/test/auto/SubscriptionAggregator2.xml (RunModel)" time="0.011" />
  <testcase classname="ptolemy.util.test.junit.AutoTests" name="[354] /home/travis/build/icyphy/ptII/ptolemy/actor/lib/test/auto/SubscriptionAggregator3.xml (RunModel)" time="0.015" />
  <testcase classname="ptolemy.util.test.junit.AutoTests" name="[355] /home/travis/build/icyphy/ptII/ptolemy/actor/lib/test/auto/SubscriptionAggregatorMultiply.xml (RunModel)" time="0.015" />
  <testcase classname="ptolemy.util.test.junit.AutoTests" name="[356] /home/travis/build/icyphy/ptII/ptolemy/actor/lib/test/auto/SubscriptionAggregatorPortMultiply1.xml (RunModel)" time="0.014" />
  <testcase classname="ptolemy.util.test.junit.AutoTests" name="[357] /home/travis/build/icyphy/ptII/ptolemy/actor/lib/test/auto/Switch.xml (RunModel)" time="0.014" />
  <testcase classname="ptolemy.util.test.junit.AutoTests" name="[358] /home/travis/build/icyphy/ptII/ptolemy/actor/lib/test/auto/Switch2.xml (RunModel)" time="0.009" />
  <testcase classname="ptolemy.util.test.junit.AutoTests" name="[359] /home/travis/build/icyphy/ptII/ptolemy/actor/lib/test/auto/SwitchDE.xml (RunModel)" time="0.013" />
  <testcase classname="ptolemy.util.test.junit.AutoTests" name="[360] /home/travis/build/icyphy/ptII/ptolemy/actor/lib/test/auto/SynchronizerDE.xml (RunModel)" time="0.018" />
  <testcase classname="ptolemy.util.test.junit.AutoTests" name="[361] /home/travis/build/icyphy/ptII/ptolemy/actor/lib/test/auto/Test.xml (RunModel)" time="0.01" />
  <testcase classname="ptolemy.util.test.junit.AutoTests" name="[362] /home/travis/build/icyphy/ptII/ptolemy/actor/lib/test/auto/TestExceptionAttribute1.xml (RunModel)" time="0.008" />
  <testcase classname="ptolemy.util.test.junit.AutoTests" name="[363] /home/travis/build/icyphy/ptII/ptolemy/actor/lib/test/auto/TestExceptionAttribute2.xml (RunModel)" time="0.006" />
  <testcase classname="ptolemy.util.test.junit.AutoTests" name="[364] /home/travis/build/icyphy/ptII/ptolemy/actor/lib/test/auto/TestExceptionAttribute3.xml (RunModel)" time="0.006" />
  <testcase classname="ptolemy.util.test.junit.AutoTests" name="[365] /home/travis/build/icyphy/ptII/ptolemy/actor/lib/test/auto/TestExceptionAttribute4.xml (RunModel)" time="0.006" />
  <testcase classname="ptolemy.util.test.junit.AutoTests" name="[366] /home/travis/build/icyphy/ptII/ptolemy/actor/lib/test/auto/TestExceptionHandler1.xml (RunModel)" time="0.006" />
  <testcase classname="ptolemy.util.test.junit.AutoTests" name="[367] /home/travis/build/icyphy/ptII/ptolemy/actor/lib/test/auto/TestExceptionHandler2.xml (RunModel)" time="0.007" />
  <testcase classname="ptolemy.util.test.junit.AutoTests" name="[368] /home/travis/build/icyphy/ptII/ptolemy/actor/lib/test/auto/TestExceptionHandler3.xml (RunModel)" time="0.006" />
  <testcase classname="ptolemy.util.test.junit.AutoTests" name="[369] /home/travis/build/icyphy/ptII/ptolemy/actor/lib/test/auto/TestExceptionHandler4.xml (RunModel)" time="0.007" />
  <testcase classname="ptolemy.util.test.junit.AutoTests" name="[370] /home/travis/build/icyphy/ptII/ptolemy/actor/lib/test/auto/TestRequireCorrectOrder.xml (RunModel)" time="0.011" />
  <testcase classname="ptolemy.util.test.junit.AutoTests" name="[371] /home/travis/build/icyphy/ptII/ptolemy/actor/lib/test/auto/TestSimple.xml (RunModel)" time="0.007" />
  <testcase classname="ptolemy.util.test.junit.AutoTests" name="[372] /home/travis/build/icyphy/ptII/ptolemy/actor/lib/test/auto/ThrowModelError.xml (RunModel)" time="0.011" />
  <testcase classname="ptolemy.util.test.junit.AutoTests" name="[373] /home/travis/build/icyphy/ptII/ptolemy/actor/lib/test/auto/TimeDelayMicrosteps.xml (RunModel)" time="0.012" />
  <testcase classname="ptolemy.util.test.junit.AutoTests" name="[374] /home/travis/build/icyphy/ptII/ptolemy/actor/lib/test/auto/TimeDelayMicrosteps2.xml (RunModel)" time="0.019" />
  <testcase classname="ptolemy.util.test.junit.AutoTests" name="[375] /home/travis/build/icyphy/ptII/ptolemy/actor/lib/test/auto/TimeDelayMicrosteps3.xml (RunModel)" time="0.012" />
  <testcase classname="ptolemy.util.test.junit.AutoTests" name="[376] /home/travis/build/icyphy/ptII/ptolemy/actor/lib/test/auto/TimeDelayVariableMicrosteps.xml (RunModel)" time="0.013" />
  <testcase classname="ptolemy.util.test.junit.AutoTests" name="[377] /home/travis/build/icyphy/ptII/ptolemy/actor/lib/test/auto/TimeGap.xml (RunModel)" time="0.014" />
  <testcase classname="ptolemy.util.test.junit.AutoTests" name="[378] /home/travis/build/icyphy/ptII/ptolemy/actor/lib/test/auto/TimeGap2.xml (RunModel)" time="0.011" />
  <testcase classname="ptolemy.util.test.junit.AutoTests" name="[379] /home/travis/build/icyphy/ptII/ptolemy/actor/lib/test/auto/TimedSinewave.xml (RunModel)" time="0.055" />
  <testcase classname="ptolemy.util.test.junit.AutoTests" name="[380] /home/travis/build/icyphy/ptII/ptolemy/actor/lib/test/auto/TimedSinewavePhase.xml (RunModel)" time="0.033" />
  <testcase classname="ptolemy.util.test.junit.AutoTests" name="[381] /home/travis/build/icyphy/ptII/ptolemy/actor/lib/test/auto/Timer.xml (RunModel)" time="0.016" />
  <testcase classname="ptolemy.util.test.junit.AutoTests" name="[382] /home/travis/build/icyphy/ptII/ptolemy/actor/lib/test/auto/TriangularDistTestModel.xml (RunModel)" time="0.02" />
  <testcase classname="ptolemy.util.test.junit.AutoTests" name="[383] /home/travis/build/icyphy/ptII/ptolemy/actor/lib/test/auto/TrigFunction.xml (RunModel)" time="0.01" />
  <testcase classname="ptolemy.util.test.junit.AutoTests" name="[384] /home/travis/build/icyphy/ptII/ptolemy/actor/lib/test/auto/TrigFunctionDE.xml (RunModel)" time="0.011" />
  <testcase classname="ptolemy.util.test.junit.AutoTests" name="[385] /home/travis/build/icyphy/ptII/ptolemy/actor/lib/test/auto/TrigFunctionInverse.xml (RunModel)" time="0.013" />
  <testcase classname="ptolemy.util.test.junit.AutoTests" name="[386] /home/travis/build/icyphy/ptII/ptolemy/actor/lib/test/auto/TrigFunctionTan.xml (RunModel)" time="0.006" />
  <testcase classname="ptolemy.util.test.junit.AutoTests" name="[387] /home/travis/build/icyphy/ptII/ptolemy/actor/lib/test/auto/TriggeredClock.xml (RunModel)" time="0.008" />
  <testcase classname="ptolemy.util.test.junit.AutoTests" name="[388] /home/travis/build/icyphy/ptII/ptolemy/actor/lib/test/auto/URLDirectoryReader.xml (RunModel)" time="0.077" />
  <testcase classname="ptolemy.util.test.junit.AutoTests" name="[389] /home/travis/build/icyphy/ptII/ptolemy/actor/lib/test/auto/URLDirectoryReader3.xml (RunModel)" time="1.372" />
  <testcase classname="ptolemy.util.test.junit.AutoTests" name="[390] /home/travis/build/icyphy/ptII/ptolemy/actor/lib/test/auto/UnaryMathFunction.xml (RunModel)" time="0.045" />
  <testcase classname="ptolemy.util.test.junit.AutoTests" name="[391] /home/travis/build/icyphy/ptII/ptolemy/actor/lib/test/auto/Uniform.xml (RunModel)" time="0.045" />
  <testcase classname="ptolemy.util.test.junit.AutoTests" name="[392] /home/travis/build/icyphy/ptII/ptolemy/actor/lib/test/auto/UnionDisassemblerTest.xml (RunModel)" time="0.028" />
  <testcase classname="ptolemy.util.test.junit.AutoTests" name="[393] /home/travis/build/icyphy/ptII/ptolemy/actor/lib/test/auto/UtilityFunctions.xml (RunModel)" time="0.038" />
  <testcase classname="ptolemy.util.test.junit.AutoTests" name="[394] /home/travis/build/icyphy/ptII/ptolemy/actor/lib/test/auto/VariableSleep.xml (RunModel)" time="0.545" />
  <testcase classname="ptolemy.util.test.junit.AutoTests" name="[395] /home/travis/build/icyphy/ptII/ptolemy/actor/lib/test/auto/VectorAssemblerDisassemblerCT.xml (RunModel)" time="0.113" />
  <testcase classname="ptolemy.util.test.junit.AutoTests" name="[396] /home/travis/build/icyphy/ptII/ptolemy/actor/lib/test/auto/VectorAssemblerDisassemblerDE.xml (RunModel)" time="0.014" />
  <testcase classname="ptolemy.util.test.junit.AutoTests" name="[397] /home/travis/build/icyphy/ptII/ptolemy/actor/lib/test/auto/VectorAssemblerDisassemblerSDF.xml (RunModel)" time="0.014" />
  <testcase classname="ptolemy.util.test.junit.AutoTests" name="[398] /home/travis/build/icyphy/ptII/ptolemy/actor/lib/test/auto/WallClockTime.xml (RunModel)" time="1.014" />
  <testcase classname="ptolemy.util.test.junit.AutoTests" name="[399] /home/travis/build/icyphy/ptII/ptolemy/actor/lib/test/auto/WidthTestWithSubscriberPublisher.xml (RunModel)" time="0.04" />
  <testcase classname="ptolemy.util.test.junit.AutoTests" name="[400] /home/travis/build/icyphy/ptII/ptolemy/actor/lib/test/auto/WidthTestWithSubscriberPublisher2.xml (RunModel)" time="0.02" />
  <testcase classname="ptolemy.util.test.junit.AutoTests" name="[401] /home/travis/build/icyphy/ptII/ptolemy/actor/lib/test/auto/WidthTestWithSubscriberPublisher3.xml (RunModel)" time="0.026" />
  <testcase classname="ptolemy.util.test.junit.AutoTests" name="[402] /home/travis/build/icyphy/ptII/ptolemy/actor/lib/test/auto/Writer.xml (RunModel)" time="0.01" />
  <testcase classname="ptolemy.util.test.junit.AutoTests" name="[403] /home/travis/build/icyphy/ptII/ptolemy/actor/lib/test/auto/array.xml (RunModel)" time="0.012" />
  <testcase classname="ptolemy.util.test.junit.AutoTests" name="[404] /home/travis/build/icyphy/ptII/ptolemy/actor/lib/test/auto/array2.xml (RunModel)" time="0.014" />
  <testcase classname="ptolemy.util.test.junit.AutoTests" name="[405] /home/travis/build/icyphy/ptII/ptolemy/actor/lib/test/auto/arrayType.xml (RunModel)" time="0.011" />
  <testcase classname="ptolemy.util.test.junit.AutoTests" name="[406] /home/travis/build/icyphy/ptII/ptolemy/actor/lib/test/auto/arrayType10.xml (RunModel)" time="0.01" />
  <testcase classname="ptolemy.util.test.junit.AutoTests" name="[407] /home/travis/build/icyphy/ptII/ptolemy/actor/lib/test/auto/arrayType11.xml (RunModel)" time="0.009" />
  <testcase classname="ptolemy.util.test.junit.AutoTests" name="[408] /home/travis/build/icyphy/ptII/ptolemy/actor/lib/test/auto/arrayType12.xml (RunModel)" time="0.014" />
  <testcase classname="ptolemy.util.test.junit.AutoTests" name="[409] /home/travis/build/icyphy/ptII/ptolemy/actor/lib/test/auto/arrayType13.xml (RunModel)" time="0.01" />
  <testcase classname="ptolemy.util.test.junit.AutoTests" name="[410] /home/travis/build/icyphy/ptII/ptolemy/actor/lib/test/auto/arrayType14.xml (RunModel)" time="0.01" />
  <testcase classname="ptolemy.util.test.junit.AutoTests" name="[411] /home/travis/build/icyphy/ptII/ptolemy/actor/lib/test/auto/arrayType15.xml (RunModel)" time="0.012" />
  <testcase classname="ptolemy.util.test.junit.AutoTests" name="[412] /home/travis/build/icyphy/ptII/ptolemy/actor/lib/test/auto/arrayType16.xml (RunModel)" time="0.01" />
  <testcase classname="ptolemy.util.test.junit.AutoTests" name="[413] /home/travis/build/icyphy/ptII/ptolemy/actor/lib/test/auto/arrayType17.xml (RunModel)" time="0.01" />
  <testcase classname="ptolemy.util.test.junit.AutoTests" name="[414] /home/travis/build/icyphy/ptII/ptolemy/actor/lib/test/auto/arrayType18.xml (RunModel)" time="0.01" />
  <testcase classname="ptolemy.util.test.junit.AutoTests" name="[415] /home/travis/build/icyphy/ptII/ptolemy/actor/lib/test/auto/arrayType19.xml (RunModel)" time="0.015" />
  <testcase classname="ptolemy.util.test.junit.AutoTests" name="[416] /home/travis/build/icyphy/ptII/ptolemy/actor/lib/test/auto/arrayType2.xml (RunModel)" time="0.013" />
  <testcase classname="ptolemy.util.test.junit.AutoTests" name="[417] /home/travis/build/icyphy/ptII/ptolemy/actor/lib/test/auto/arrayType20.xml (RunModel)" time="0.011" />
  <testcase classname="ptolemy.util.test.junit.AutoTests" name="[418] /home/travis/build/icyphy/ptII/ptolemy/actor/lib/test/auto/arrayType21.xml (RunModel)" time="0.01" />
  <testcase classname="ptolemy.util.test.junit.AutoTests" name="[419] /home/travis/build/icyphy/ptII/ptolemy/actor/lib/test/auto/arrayType22.xml (RunModel)" time="0.011" />
  <testcase classname="ptolemy.util.test.junit.AutoTests" name="[420] /home/travis/build/icyphy/ptII/ptolemy/actor/lib/test/auto/arrayType23.xml (RunModel)" time="0.01" />
  <testcase classname="ptolemy.util.test.junit.AutoTests" name="[421] /home/travis/build/icyphy/ptII/ptolemy/actor/lib/test/auto/arrayType24.xml (RunModel)" time="0.01" />
  <testcase classname="ptolemy.util.test.junit.AutoTests" name="[422] /home/travis/build/icyphy/ptII/ptolemy/actor/lib/test/auto/arrayType25.xml (RunModel)" time="0.012" />
  <testcase classname="ptolemy.util.test.junit.AutoTests" name="[423] /home/travis/build/icyphy/ptII/ptolemy/actor/lib/test/auto/arrayType26.xml (RunModel)" time="0.026" />
  <testcase classname="ptolemy.util.test.junit.AutoTests" name="[424] /home/travis/build/icyphy/ptII/ptolemy/actor/lib/test/auto/arrayType27.xml (RunModel)" time="0.014" />
  <testcase classname="ptolemy.util.test.junit.AutoTests" name="[425] /home/travis/build/icyphy/ptII/ptolemy/actor/lib/test/auto/arrayType28.xml (RunModel)" time="0.013" />
  <testcase classname="ptolemy.util.test.junit.AutoTests" name="[426] /home/travis/build/icyphy/ptII/ptolemy/actor/lib/test/auto/arrayType3.xml (RunModel)" time="0.013" />
  <testcase classname="ptolemy.util.test.junit.AutoTests" name="[427] /home/travis/build/icyphy/ptII/ptolemy/actor/lib/test/auto/arrayType4.xml (RunModel)" time="0.01" />
  <testcase classname="ptolemy.util.test.junit.AutoTests" name="[428] /home/travis/build/icyphy/ptII/ptolemy/actor/lib/test/auto/arrayType5.xml (RunModel)" time="0.009" />
  <testcase classname="ptolemy.util.test.junit.AutoTests" name="[429] /home/travis/build/icyphy/ptII/ptolemy/actor/lib/test/auto/arrayType6.xml (RunModel)" time="0.009" />
  <testcase classname="ptolemy.util.test.junit.AutoTests" name="[430] /home/travis/build/icyphy/ptII/ptolemy/actor/lib/test/auto/arrayType7.xml (RunModel)" time="0.011" />
  <testcase classname="ptolemy.util.test.junit.AutoTests" name="[431] /home/travis/build/icyphy/ptII/ptolemy/actor/lib/test/auto/arrayType8.xml (RunModel)" time="0.009" />
  <testcase classname="ptolemy.util.test.junit.AutoTests" name="[432] /home/travis/build/icyphy/ptII/ptolemy/actor/lib/test/auto/arrayType9.xml (RunModel)" time="0.008" />
  <testcase classname="ptolemy.util.test.junit.AutoTests" name="[433] /home/travis/build/icyphy/ptII/ptolemy/actor/lib/test/auto/cast.xml (RunModel)" time="0.009" />
  <testcase classname="ptolemy.util.test.junit.AutoTests" name="[434] /home/travis/build/icyphy/ptII/ptolemy/actor/lib/test/auto/compositeMultiPort.xml (RunModel)" time="0.017" />
  <testcase classname="ptolemy.util.test.junit.AutoTests" name="[435] /home/travis/build/icyphy/ptII/ptolemy/actor/lib/test/auto/expressionCastInference.xml (RunModel)" time="0.01" />
  <testcase classname="ptolemy.util.test.junit.AutoTests" name="[436] /home/travis/build/icyphy/ptII/ptolemy/actor/lib/test/auto/expressionCastInference2.xml (RunModel)" time="0.014" />
  <testcase classname="ptolemy.util.test.junit.AutoTests" name="[437] /home/travis/build/icyphy/ptII/ptolemy/actor/lib/test/auto/expressionInference.xml (RunModel)" time="0.015" />
  <testcase classname="ptolemy.util.test.junit.AutoTests" name="[438] /home/travis/build/icyphy/ptII/ptolemy/actor/lib/test/auto/expression_bug.xml (RunModel)" time="0.008" />
  <testcase classname="ptolemy.util.test.junit.AutoTests" name="[439] /home/travis/build/icyphy/ptII/ptolemy/actor/lib/test/auto/factorial.xml (RunModel)" time="0.06" />
  <testcase classname="ptolemy.util.test.junit.AutoTests" name="[440] /home/travis/build/icyphy/ptII/ptolemy/actor/lib/test/auto/filterTest1.xml (RunModel)" time="0.016" />
  <testcase classname="ptolemy.util.test.junit.AutoTests" name="[441] /home/travis/build/icyphy/ptII/ptolemy/actor/lib/test/auto/funcApplyInConst.xml (RunModel)" time="0.006" />
  <testcase classname="ptolemy.util.test.junit.AutoTests" name="[442] /home/travis/build/icyphy/ptII/ptolemy/actor/lib/test/auto/funcApplyInExpr.xml (RunModel)" time="0.006" />
  <testcase classname="ptolemy.util.test.junit.AutoTests" name="[443] /home/travis/build/icyphy/ptII/ptolemy/actor/lib/test/auto/function.xml (RunModel)" time="0.01" />
  <testcase classname="ptolemy.util.test.junit.AutoTests" name="[444] /home/travis/build/icyphy/ptII/ptolemy/actor/lib/test/auto/function2.xml (RunModel)" time="0.011" />
  <testcase classname="ptolemy.util.test.junit.AutoTests" name="[445] /home/travis/build/icyphy/ptII/ptolemy/actor/lib/test/auto/function3.xml (RunModel)" time="0.007" />
  <testcase classname="ptolemy.util.test.junit.AutoTests" name="[446] /home/travis/build/icyphy/ptII/ptolemy/actor/lib/test/auto/functionClosureTest1.xml (RunModel)" time="0.011" />
  <testcase classname="ptolemy.util.test.junit.AutoTests" name="[447] /home/travis/build/icyphy/ptII/ptolemy/actor/lib/test/auto/functionClosureTest2.xml (RunModel)" time="0.006" />
  <testcase classname="ptolemy.util.test.junit.AutoTests" name="[448] /home/travis/build/icyphy/ptII/ptolemy/actor/lib/test/auto/functionClosureTest3.xml (RunModel)" time="0.009" />
  <testcase classname="ptolemy.util.test.junit.AutoTests" name="[449] /home/travis/build/icyphy/ptII/ptolemy/actor/lib/test/auto/functionClosureTest4.xml (RunModel)" time="0.014" />
  <testcase classname="ptolemy.util.test.junit.AutoTests" name="[450] /home/travis/build/icyphy/ptII/ptolemy/actor/lib/test/auto/functionClosureTest5.xml (RunModel)" time="0.011" />
  <testcase classname="ptolemy.util.test.junit.AutoTests" name="[451] /home/travis/build/icyphy/ptII/ptolemy/actor/lib/test/auto/functionClosureTest6.xml (RunModel)" time="0.01" />
  <testcase classname="ptolemy.util.test.junit.AutoTests" name="[452] /home/travis/build/icyphy/ptII/ptolemy/actor/lib/test/auto/functionsOnArcs.xml (RunModel)" time="0.009" />
  <testcase classname="ptolemy.util.test.junit.AutoTests" name="[453] /home/travis/build/icyphy/ptII/ptolemy/actor/lib/test/auto/functionsOnArcsHOF.xml (RunModel)" time="0.011" />
  <testcase classname="ptolemy.util.test.junit.AutoTests" name="[454] /home/travis/build/icyphy/ptII/ptolemy/actor/lib/test/auto/logic.xml (RunModel)" time="0.018" />
  <testcase classname="ptolemy.util.test.junit.AutoTests" name="[455] /home/travis/build/icyphy/ptII/ptolemy/actor/lib/test/auto/matrixType.xml (RunModel)" time="0.009" />
  <testcase classname="ptolemy.util.test.junit.AutoTests" name="[456] /home/travis/build/icyphy/ptII/ptolemy/actor/lib/test/auto/matrixType10.xml (RunModel)" time="0.009" />
  <testcase classname="ptolemy.util.test.junit.AutoTests" name="[457] /home/travis/build/icyphy/ptII/ptolemy/actor/lib/test/auto/matrixType11.xml (RunModel)" time="0.008" />
  <testcase classname="ptolemy.util.test.junit.AutoTests" name="[458] /home/travis/build/icyphy/ptII/ptolemy/actor/lib/test/auto/matrixType12.xml (RunModel)" time="0.011" />
  <testcase classname="ptolemy.util.test.junit.AutoTests" name="[459] /home/travis/build/icyphy/ptII/ptolemy/actor/lib/test/auto/matrixType13.xml (RunModel)" time="0.008" />
  <testcase classname="ptolemy.util.test.junit.AutoTests" name="[460] /home/travis/build/icyphy/ptII/ptolemy/actor/lib/test/auto/matrixType14.xml (RunModel)" time="0.009" />
  <testcase classname="ptolemy.util.test.junit.AutoTests" name="[461] /home/travis/build/icyphy/ptII/ptolemy/actor/lib/test/auto/matrixType2.xml (RunModel)" time="0.008" />
  <testcase classname="ptolemy.util.test.junit.AutoTests" name="[462] /home/travis/build/icyphy/ptII/ptolemy/actor/lib/test/auto/matrixType3.xml (RunModel)" time="0.01" />
  <testcase classname="ptolemy.util.test.junit.AutoTests" name="[463] /home/travis/build/icyphy/ptII/ptolemy/actor/lib/test/auto/matrixType4.xml (RunModel)" time="0.008" />
  <testcase classname="ptolemy.util.test.junit.AutoTests" name="[464] /home/travis/build/icyphy/ptII/ptolemy/actor/lib/test/auto/matrixType5.xml (RunModel)" time="0.008" />
  <testcase classname="ptolemy.util.test.junit.AutoTests" name="[465] /home/travis/build/icyphy/ptII/ptolemy/actor/lib/test/auto/matrixType6.xml (RunModel)" time="0.007" />
  <testcase classname="ptolemy.util.test.junit.AutoTests" name="[466] /home/travis/build/icyphy/ptII/ptolemy/actor/lib/test/auto/matrixType7.xml (RunModel)" time="0.009" />
  <testcase classname="ptolemy.util.test.junit.AutoTests" name="[467] /home/travis/build/icyphy/ptII/ptolemy/actor/lib/test/auto/matrixType8.xml (RunModel)" time="0.009" />
  <testcase classname="ptolemy.util.test.junit.AutoTests" name="[468] /home/travis/build/icyphy/ptII/ptolemy/actor/lib/test/auto/matrixType9.xml (RunModel)" time="0.007" />
  <testcase classname="ptolemy.util.test.junit.AutoTests" name="[469] /home/travis/build/icyphy/ptII/ptolemy/actor/lib/test/auto/paraFunctest.xml (RunModel)" time="0.007" />
  <testcase classname="ptolemy.util.test.junit.AutoTests" name="[470] /home/travis/build/icyphy/ptII/ptolemy/actor/lib/test/auto/paraFunctest2.xml (RunModel)" time="0.007" />
  <testcase classname="ptolemy.util.test.junit.AutoTests" name="[471] /home/travis/build/icyphy/ptII/ptolemy/actor/lib/test/auto/parameterPassing.xml (RunModel)" time="0.008" />
  <testcase classname="ptolemy.util.test.junit.AutoTests" name="[472] /home/travis/build/icyphy/ptII/ptolemy/actor/lib/test/auto/record.xml (RunModel)" time="0.009" />
  <testcase classname="ptolemy.util.test.junit.AutoTests" name="[473] /home/travis/build/icyphy/ptII/ptolemy/actor/lib/test/auto/sizedarray1.xml (RunModel)" time="0.01" />
  <testcase classname="ptolemy.util.test.junit.AutoTests" name="[474] /home/travis/build/icyphy/ptII/ptolemy/actor/lib/test/auto/sizedarray2.xml (RunModel)" time="0.01" />
  <testcase classname="ptolemy.util.test.junit.AutoTests" name="[475] /home/travis/build/icyphy/ptII/ptolemy/actor/lib/test/auto/twoPublishers.xml (RunModel)" time="0.032" />
  <system-out><![CDATA[/home/travis/build/icyphy/ptII/ptolemy/actor/lib/test/AbsoluteValue.tcl
testDefs.tcl: setting time out to 9000 seconds at Mon Apr 08 03:54:26 UTC 2019
74 ms. Memory: 116224K Free: 109635K (94%)
3 ms. Memory: 116224K Free: 108428K (93%)
4 ms. Memory: 116224K Free: 107825K (93%)
4 ms. Memory: 116224K Free: 106626K (92%)
/home/travis/build/icyphy/ptII/ptolemy/actor/lib/test/AddSubtract.tcl
8 ms. Memory: 116224K Free: 104816K (90%)
6 ms. Memory: 116224K Free: 104212K (90%)
5 ms. Memory: 116224K Free: 103014K (89%)
6 ms. Memory: 116224K Free: 102402K (88%)
5 ms. Memory: 116224K Free: 101790K (88%)
4 ms. Memory: 116224K Free: 101179K (87%)
/home/travis/build/icyphy/ptII/ptolemy/actor/lib/test/Average.tcl
6 ms. Memory: 116224K Free: 99377K (86%)
6 ms. Memory: 116224K Free: 98170K (84%)
/home/travis/build/icyphy/ptII/ptolemy/actor/lib/test/Bernoulli.tcl
16 ms. Memory: 116224K Free: 96344K (83%)
2 ms. Memory: 116224K Free: 95741K (82%)
/home/travis/build/icyphy/ptII/ptolemy/actor/lib/test/Clock.tcl
preinitializing
resolving types
initializing
executing number 1
wrapping up
idle
12 ms. Memory: 116224K Free: 93320K (80%)
Completed execution with 5 iterations
preinitializing
resolving types
initializing
executing number 1
wrapping up
idle
9 ms. Memory: 116224K Free: 92708K (80%)
Completed execution with 5 iterations
preinitializing
resolving types
initializing
executing number 1
wrapping up
idle
3 ms. Memory: 116224K Free: 92073K (79%)
Completed execution with 5 iterations
/home/travis/build/icyphy/ptII/ptolemy/actor/lib/test/Commutator.tcl
13 ms. Memory: 116224K Free: 90255K (78%)
9 ms. Memory: 116224K Free: 89032K (77%)
9 ms. Memory: 116224K Free: 84817K (73%)
/home/travis/build/icyphy/ptII/ptolemy/actor/lib/test/Const.tcl
4 ms. Memory: 116224K Free: 83023K (71%)
3 ms. Memory: 116224K Free: 82427K (71%)
2 ms. Memory: 116224K Free: 81832K (70%)
2 ms. Memory: 116224K Free: 81229K (70%)
18 ms. Memory: 146944K Free: 141647K (96%)
19 ms. Memory: 146944K Free: 140050K (95%)
10 ms. Memory: 146944K Free: 138836K (94%)
10 ms. Memory: 146944K Free: 137622K (94%)
/home/travis/build/icyphy/ptII/ptolemy/actor/lib/test/CurrentTime.tcl
preinitializing
resolving types
initializing
executing number 1
wrapping up
idle
19 ms. Memory: 146944K Free: 136424K (93%)
Completed execution with 11 iterations
/home/travis/build/icyphy/ptII/ptolemy/actor/lib/test/DB.tcl
7 ms. Memory: 146944K Free: 134012K (91%)
12 ms. Memory: 146944K Free: 134012K (91%)
2 ms. Memory: 146944K Free: 132813K (90%)
/home/travis/build/icyphy/ptII/ptolemy/actor/lib/test/DiscreteRandomSource.tcl
preinitializing
resolving types
initializing
executing number 1
wrapping up
idle
3 ms. Memory: 146944K Free: 131616K (90%)
Completed execution with 4 iterations
preinitializing
resolving types
initializing
executing number 1
wrapping up
idle
3 ms. Memory: 146944K Free: 131616K (90%)
Completed execution with 4 iterations
preinitializing
resolving types
initializing
executing number 1
wrapping up
idle
2 ms. Memory: 146944K Free: 130401K (89%)
Completed execution with 4 iterations
preinitializing
resolving types
initializing
executing number 1
wrapping up
idle
3 ms. Memory: 146944K Free: 130401K (89%)
Completed execution with 4 iterations
preinitializing
resolving types
initializing
executing number 1
wrapping up
idle
3 ms. Memory: 146944K Free: 130401K (89%)
Completed execution with 4 iterations
/home/travis/build/icyphy/ptII/ptolemy/actor/lib/test/Distributor.tcl
4 ms. Memory: 146944K Free: 126771K (86%)
4 ms. Memory: 146944K Free: 126771K (86%)
StreamChangeRequest.changeExecuted(): <deleteEntity name="rec2"/> succeeded
StreamChangeRequest.changeExecuted(): <deleteRelation name="r2"/> succeeded
StreamChangeRequest.changeExecuted(): Record firings per iteration succeeded
10 ms. Memory: 146944K Free: 124375K (85%)
/home/travis/build/icyphy/ptII/ptolemy/actor/lib/test/Exit.tcl
Exit.tcl: this will print a message about Manager.exitAfterWrapup, which can be ignored.
4 ms. Memory: 146944K Free: 120167K (82%)
/home/travis/build/icyphy/ptII/ptolemy/actor/lib/test/Expression.tcl
4 ms. Memory: 146944K Free: 117740K (80%)
3 ms. Memory: 146944K Free: 116542K (79%)
3 ms. Memory: 146944K Free: 116542K (79%)
preinitializing
resolving types
initializing
executing number 1
wrapping up
idle
5 ms. Memory: 146944K Free: 115344K (78%)
Completed execution with 6 iterations
3 ms. Memory: 146944K Free: 114146K (78%)
6 ms. Memory: 146944K Free: 112948K (77%)
4 ms. Memory: 146944K Free: 111750K (76%)
4 ms. Memory: 146944K Free: 110552K (75%)
7 ms. Memory: 146944K Free: 109354K (74%)
/home/travis/build/icyphy/ptII/ptolemy/actor/lib/test/Gaussian.tcl
4 ms. Memory: 146944K Free: 108156K (74%)
sleeping 1 seconds: ..............................................................................................................................................................................................................................................................................................................................................................................................................................................................................................................................................................................................................................................................................................................................................................................................................................................................................................................................................................................................................................................................................................................................................................................................................................................................................................................................................................................................................................................................................................................................................................................................................................................................................................................................................................................................................................................................................................................................................................................................................................................................................................................................................................................................................................................................................................................................................................................................................................................................................................................................................................................................................................................................................................................................................................................................................................................................................................................................................................................................................................................................................................................................................................................................................................................................................................................................................................................................................................................................................................................................................................................................................................................................................................................................................................................................................................................................................................................................................................................................................................................................................................................................................................................................................................................................................................................................................................................................................................................................................................................................................................................................................................................................................................................................................................................................................................................................................................................................................................................................................................................................................................................................................................................................................................................................................................................................................................................................................................................................................................................................................................................................................................................................................................................................................................................................................................................................................................................................................................................................................................................................................................................................................................................................................................................................................................................................................................................................................................................................................................................................................................................................................................................................................................................................................................................................................................................................................................................................................................................................................................................................................................................................................................................................................................................................................................................................................................................................................................................................................................................................................................................................................................................................................................................................................................................................................................................................................................................................................................................................................................................................................................................................................................................................................................................................................................................................................................................................................................................................................................................................................................................................................................................................................................................................................................................................................................................................................................................................................................................................................................................................................................................................................................................................................................................................................................................................................................................................................................................................................................................................................................................................................................................................................................................................................................................................................................................................................................................................................................................................................................................................................................................................................................................................................................................................................................................................................................................................................................................................................................................................................................................................................................................................................................................................................................................................................................................................................................................................................................................................................................................................................................................................................................................................................................................................................................................................................................................................................................................................................................................................................................................................................................................................................................................................................................................................................................................................................................................................................................................................................................................................................................................................................................................................................................................................................................................................................................................................................................................................................................................................................................................................................................................................................................................................................................................................................................................................................................................................................................................................................................................................................................................................................................................................................................................................................................................................................................................................................................................................................................................................................................................................................................................................................................................................................................................................................................................................................................................................................................................................................................................................................................................................................................................................................................................................................................................................................................................................................................................................................................................................................................................................................................................................................................................................................................................................................................................................................................................................................................................................................................................................................................................................................................................................................................................................................................................................................................................................................................................................................................................................................................................................................................................................................................................................................................................................................................................................................................................................................................................................................................................................................................................................................................................................................................................................................................................................................................................................................................................................................................................................................................................................................................................................................................................................................................................................................................................................................................................................................................................................................................................................................................................................................................................................................................................................................................................................................................................................................................................................................................................................................................................................................................................................................................................................................................................................................................................................................................................................................................................................................................................................................................................................................................................................................................................................................................................................................................................................................................................................................................................................................................................................................................................................................................................................................................................................................................................................................................................................................................................................................................................................................................................................................................................................................................................................................................................................................................................................................................................................................................................................................................................................................................................................................................................................................................................................................................................................................................................................................................................................................................................................................................................................................................................................................................................................................................................................................................................................................................................................................................................................................................................................................................................................................................................................................................................................................................................................................................................................................................................................................................................................................................................................................................................................................................................................................................................................................................................................................................................................................................................................................................................................................................................................................................................................................................................................................................................................................................................................................................................................................................................................................................................................................................................................................................................................................................................................................................................................................................................................................................................................................................................................................................................................................................................................................................................................................................................................................................................................................................................................................................................................................................................................................................................................................................................................................................................................................................................................................................................................................................................................................................................................................................................................................................................................................................................................................................................................................................................................................................................................................................................................................................................................................................................................................................................................................................................................................................................................................................................................................................................................................................................................................................................................................................................................................................................................................................................................................................................................................................................................................................................................................................................................................................................................................................................................................................................................................................................................................................................................................................................................................................................................................................................................................................................................................................................................................................................................................................................................................................................................................................................................................................................................................................................................................................................................................................................................................................................................................................................................................................................................................................................................................................................................................................................................................................................................................................................................................................................................................................................................................................................................................................................................................................................................................................................................................................................................................................................................................................................................................................................................................................................................................................................................................................................................................................................................................................................................................................................................................................................................................................................................................................................................................................................................................................................................................................................................................................................................................................................................................................................................................................................................................................................................................................................................................................................................................................................................................................................................................................................................................................................................................................................................................................................................................................................................................................................................................................................................................................................................................................................................................................................................................................................................................................................................................................................................................................................................................................................................................................................................................................................................................................................................................................................................................................................................................................................................................................................................................................................................................................................................................................................................................................................................................................................................................................................................................................................................................................................................................................................................................................................................................................................................................................................................................................................................................................................................................................................................................................................................................................................................................................................................................................................................................................................................................................................................................................................................................................................................................................................................................................................................................................................................................................................................................................................................................................................................................................................................................................................................................................................................................................................................................................................................................................................................................................................................................................................................................................................................................................................................................................................................................................................................................................................................................................................................................................................................................................................................................................................................................................................................................................................................................................................................................................................................................................................................................................................................................................................................................................................................................................................................................................................................................................................................................................................................................................................................................................................................................................................................................................................................................................................................................................................................................................................................................................................................................................................................................................................................................................................................................................................................................................................................................................................................................................................................................................................................................................................................................................................................................................................................................................................................................................................................................................................................................................................................................................................................................................................................................................................................................................................................................................................................................................................................................................................................................................................................................................................................................................................................................................................................................................................................................................................................................................................................................................................................................................................................................................................................................................................................................................................................................................................................................................................................................................................................................................................................................................................................................................................................................................................................................................................................................................................................................................................................................................................................................................................................................................................................................................................................................................................................................................................................................................................................................................................................................................................................................................................................................................................................................................................................................................................................................................................................................................................................................................................................................................................................................................................................................................................................................................................................................................................................................................................................................................................................................................................................................................................................................................................................................................................................................................................................................................................................................................................................................................................................................................................................................................................................................................................................................................................................................................................................................................................................................................................................................................................................................................................................................................................................................................................................................................................................................................................................................................................................................................................................................................................................................................................................................................................................................................................................................................................................................................................................................................................................................................................................................................................................................................................................................................................................................................................................................................................................................................................................................................................................................................................................................................................................................................................................................................................................................................................................................................................................................................................................................................................................................................................................................................................................................................................................................................................................................................................................................................................................................................................................................................................................................................................................................................................................................................................................................................................................................................................................................................................................................................................................................................................................................................................................................................................................................................................................................................................................................................................................................................................................................................................................................................................................................................................................................................................................................................................................................................................................................................................................................................................................................................................................................................................................................................................................................................................................................................................................................................................................................................................................................................................................................................................................................................................................................................................................................................................................................................................................................................................................................................................................................................................................................................................................................................................................................................................................................................................................................................................................................................................................................................................................................................................................................................................................................................................................................................................................................................................................................................................................................................................................................................................................................................................................................................................................................................................................................................................................................................................................................................................................................................................................................................................................................................................................................................................................................................................................................................................................................................................................................................................................................................................................................................................................................................................................................................................................................................................................................................................................................................................................................................................................................................................................................................................................................................................................................................................................................................................................................................................................................................................................................................................................................................................................................................................................................................................................................................................................................................................................................................................................................................................................................................................................................................................................................................................................................................................................................................................................................................................................................................................................................................................................................................................................................................................................................................................................................................................................................................................................................................................................................................................................................................................................................................................................................................................................................................................................................................................................................................................................................................................................................................................................................................................................................................................................................................................................................................................................................................................................................................................................................................................................................................................................................................................................................................................................................................................................................................................................................................................................................................................................................................................................................................................................................................................................................................................................................................................................................................................................................................................................................................................................................................................................................................................................................................................................................................................................................................................................................................................................................................................................................................................................................................................................................................................................................................................................................................................................................................................................................................................................................................................................................................................................................................................................................................................................................................................................................................................................................................................................................................................................................................................................................................................................................................................................................................................................................................................................................................................................................................................................................................................................................................................................................................................................................................................................................................................................................................................................................................................................................................................................................................................................................................................................................................................................................................................................................................................................................................................................................................................................................................................................................................................................................................................................................................................................................................................................................................................................................................................................................................................................................................................................................................................................................................................................................................................................................................................................................................................................................................................................................................................................................................................................................................................................................................................................................................................................................................................................................................................................................................................................................................................................................................................................................................................................................................................................................................................................................................................................................................................................................................................................................................................................................................................................................................................................................................................................................................................................................................................................................................................................................................................................................................................................................................................................................................................................................................................................................................................................................................................................................................................................................................................................................................................................................................................................................................................................................................................................................................................................................................................................................................................................................................................................................................................................................................................................................................................................................................................................................................................................................................................4 ms. Memory: 208384K Free: 174216K (84%)
2 ms. Memory: 208384K Free: 171789K (82%)
3 ms. Memory: 208384K Free: 171789K (82%)
1 ms. Memory: 208384K Free: 171789K (82%)
1 ms. Memory: 208384K Free: 169362K (81%)
/home/travis/build/icyphy/ptII/ptolemy/actor/lib/test/IIR.tcl
/home/travis/build/icyphy/ptII/ptolemy/actor/lib/test/Interpolator.tcl
6 ms. Memory: 208384K Free: 166416K (80%)
2 ms. Memory: 208384K Free: 166416K (80%)
5 ms. Memory: 208384K Free: 163989K (79%)
2 ms. Memory: 208384K Free: 163989K (79%)
2 ms. Memory: 208384K Free: 163989K (79%)
3 ms. Memory: 208384K Free: 161562K (78%)
9 ms. Memory: 208384K Free: 161562K (78%)
2 ms. Memory: 208384K Free: 161562K (78%)
8 ms. Memory: 208384K Free: 159135K (76%)
6 ms. Memory: 208384K Free: 159135K (76%)
/home/travis/build/icyphy/ptII/ptolemy/actor/lib/test/MathFunction.tcl
4 ms. Memory: 208384K Free: 156708K (75%)
2 ms. Memory: 208384K Free: 156708K (75%)
9 ms. Memory: 208384K Free: 154282K (74%)
2 ms. Memory: 208384K Free: 154282K (74%)
6 ms. Memory: 208384K Free: 151855K (73%)
6 ms. Memory: 208384K Free: 151855K (73%)
/home/travis/build/icyphy/ptII/ptolemy/actor/lib/test/Maximum.tcl
3 ms. Memory: 208384K Free: 149428K (72%)
7 ms. Memory: 208384K Free: 147001K (71%)
4 ms. Memory: 208384K Free: 147001K (71%)
3 ms. Memory: 208384K Free: 147001K (71%)
/home/travis/build/icyphy/ptII/ptolemy/actor/lib/test/Minimum.tcl
6 ms. Memory: 208384K Free: 144574K (69%)
4 ms. Memory: 208384K Free: 144574K (69%)
2 ms. Memory: 208384K Free: 144574K (69%)
2 ms. Memory: 208384K Free: 142147K (68%)
/home/travis/build/icyphy/ptII/ptolemy/actor/lib/test/MultiplyDivide.tcl
3 ms. Memory: 208384K Free: 139720K (67%)
2 ms. Memory: 208384K Free: 139720K (67%)
2 ms. Memory: 208384K Free: 139720K (67%)
2 ms. Memory: 208384K Free: 139720K (67%)
1 ms. Memory: 208384K Free: 137294K (66%)
/home/travis/build/icyphy/ptII/ptolemy/actor/lib/test/OrderedMerge.tcl
Connections changed on port: inputA
Connections changed on port: inputB
Connections changed on port: output
Connections changed on port: output
Connections changed on port: output
Connections changed on port: input
.top. Preinitializing ...
Invoking preinitialize():  .top.OrderedMerge
Called preinitialize()
Invoking preinitialize():  .top.Ramp
Called preinitialize()
Invoking preinitialize():  .top.Ramp2
Called preinitialize()
Invoking preinitialize():  .top.Test
Called preinitialize()
Connections changed on port: inputA
Connections changed on port: output
Connections changed on port: inputB
Connections changed on port: output
Connections changed on port: output
Connections changed on port: input
.top. Finished preinitialize().
Called initialize().
Invoking initialize():  .top.OrderedMerge
Initializing actor: .top.OrderedMerge
Adding a thread: .top.OrderedMerge
Invoking initialize():  .top.Ramp
Initializing actor: .top.Ramp
Adding a thread: .top.Ramp
Invoking initialize():  .top.Ramp2
Initializing actor: .top.Ramp2
Adding a thread: .top.Ramp2
Invoking initialize():  .top.Test
Initializing actor: .top.Test
Adding a thread: .top.Test
-- Starting thread.
Called initialize()
Called prefire()
Called fire()
-- Starting thread.
Called initialize()
Called prefire()
Called fire()
Called postfire()
Called prefire()
Called fire()
-- Starting thread.
Called initialize()
Called prefire()
Called fire()
Called postfire()
Called prefire()
Called fire()
Called fire().
Checking for deadlock:
There are 3 Blocked actors, 0 Stopped actors, and 4 active threads.
Waiting for actors to stop.
-- Starting thread.
Called initialize()
Called prefire()
Called fire()
Checking for deadlock:
There are 2 Blocked actors, 0 Stopped actors, and 4 active threads.
Waiting for actors to stop.
Called postfire()
Called prefire()
Called fire()
Checking for deadlock:
There are 3 Blocked actors, 0 Stopped actors, and 4 active threads.
Waiting for actors to stop.
Read input token from inputA with value 0.0
Next port to read input from is inputB
Called postfire()
Called prefire()
Called fire()
Checking for deadlock:
There are 2 Blocked actors, 0 Stopped actors, and 4 active threads.
Waiting for actors to stop.
Called postfire()
Called prefire()
Called fire()
Checking for deadlock:
There are 3 Blocked actors, 0 Stopped actors, and 4 active threads.
Waiting for actors to stop.
Read input token from inputB with value 0.0
Checking for deadlock:
There are 2 Blocked actors, 0 Stopped actors, and 4 active threads.
Waiting for actors to stop.
-- Read input: 0.0, which is expected to match: 0.0
Called prefire()
Called fire()
Checking for deadlock:
There are 3 Blocked actors, 0 Stopped actors, and 4 active threads.
Waiting for actors to stop.
Sent output token with value 0.0
Next port to read input from is inputA
Called postfire()
Called prefire()
Called fire()
Checking for deadlock:
There are 2 Blocked actors, 0 Stopped actors, and 4 active threads.
Waiting for actors to stop.
Called postfire()
Called prefire()
Called fire()
Checking for deadlock:
There are 3 Blocked actors, 0 Stopped actors, and 4 active threads.
Waiting for actors to stop.
Read input token from inputA with value 1.0
Checking for deadlock:
There are 2 Blocked actors, 0 Stopped actors, and 4 active threads.
Waiting for actors to stop.
-- Read input: 0.0, which is expected to match: 0.0
Called prefire()
Called fire()
Checking for deadlock:
There are 3 Blocked actors, 0 Stopped actors, and 4 active threads.
Waiting for actors to stop.
Sent output token with value 0.0
Next port to read input from is inputB
Called postfire()
Called prefire()
Called fire()
Checking for deadlock:
There are 2 Blocked actors, 0 Stopped actors, and 4 active threads.
Waiting for actors to stop.
Called postfire()
Called prefire()
Called fire()
Checking for deadlock:
There are 3 Blocked actors, 0 Stopped actors, and 4 active threads.
Waiting for actors to stop.
Read input token from inputB with value 1.5
Checking for deadlock:
There are 2 Blocked actors, 0 Stopped actors, and 4 active threads.
Waiting for actors to stop.
-- Read input: 1.0, which is expected to match: 1.0
Called prefire()
Called fire()
Checking for deadlock:
There are 3 Blocked actors, 0 Stopped actors, and 4 active threads.
Waiting for actors to stop.
Sent output token with value 1.0
Next port to read input from is inputA
Called postfire()
Called prefire()
Called fire()
Checking for deadlock:
There are 2 Blocked actors, 0 Stopped actors, and 4 active threads.
Waiting for actors to stop.
Called postfire()
Called prefire()
Called fire()
Checking for deadlock:
There are 3 Blocked actors, 0 Stopped actors, and 4 active threads.
Waiting for actors to stop.
Read input token from inputA with value 2.0
Checking for deadlock:
There are 2 Blocked actors, 0 Stopped actors, and 4 active threads.
Waiting for actors to stop.
-- Read input: 1.5, which is expected to match: 1.5
Called prefire()
Called fire()
Checking for deadlock:
There are 3 Blocked actors, 0 Stopped actors, and 4 active threads.
Waiting for actors to stop.
Sent output token with value 1.5
Next port to read input from is inputB
Called postfire()
Called prefire()
Called fire()
Checking for deadlock:
There are 2 Blocked actors, 0 Stopped actors, and 4 active threads.
Waiting for actors to stop.
Called postfire()
Called prefire()
Called fire()
Checking for deadlock:
There are 3 Blocked actors, 0 Stopped actors, and 4 active threads.
Waiting for actors to stop.
Read input token from inputB with value 3.0
Checking for deadlock:
There are 2 Blocked actors, 0 Stopped actors, and 4 active threads.
Waiting for actors to stop.
-- Read input: 2.0, which is expected to match: 2.0
Called prefire()
Called fire()
Checking for deadlock:
There are 3 Blocked actors, 0 Stopped actors, and 4 active threads.
Waiting for actors to stop.
Sent output token with value 2.0
Next port to read input from is inputA
Called postfire()
Called prefire()
Called fire()
Checking for deadlock:
There are 2 Blocked actors, 0 Stopped actors, and 4 active threads.
Waiting for actors to stop.
Called postfire()
Called prefire()
Called fire()
Checking for deadlock:
There are 3 Blocked actors, 0 Stopped actors, and 4 active threads.
Waiting for actors to stop.
Read input token from inputA with value 3.0
Checking for deadlock:
There are 2 Blocked actors, 0 Stopped actors, and 4 active threads.
Waiting for actors to stop.
-- Read input: 3.0, which is expected to match: 3.0
Called prefire()
Called fire()
Checking for deadlock:
There are 3 Blocked actors, 0 Stopped actors, and 4 active threads.
Waiting for actors to stop.
Sent output token with value 3.0
Next port to read input from is inputB
Called postfire()
Called prefire()
Called fire()
Checking for deadlock:
There are 2 Blocked actors, 0 Stopped actors, and 4 active threads.
Waiting for actors to stop.
Called postfire()
Called prefire()
Called fire()
Checking for deadlock:
There are 3 Blocked actors, 0 Stopped actors, and 4 active threads.
Waiting for actors to stop.
Read input token from inputB with value 4.5
Checking for deadlock:
There are 2 Blocked actors, 0 Stopped actors, and 4 active threads.
Waiting for actors to stop.
-- Read input: 3.0, which is expected to match: 3.0
Called prefire()
Called fire()
Checking for deadlock:
There are 3 Blocked actors, 0 Stopped actors, and 4 active threads.
Waiting for actors to stop.
Sent output token with value 3.0
Next port to read input from is inputA
Called postfire()
Called prefire()
Called fire()
Checking for deadlock:
There are 2 Blocked actors, 0 Stopped actors, and 4 active threads.
Waiting for actors to stop.
Called postfire()
Called prefire()
Called fire()
Checking for deadlock:
There are 3 Blocked actors, 0 Stopped actors, and 4 active threads.
Waiting for actors to stop.
Read input token from inputA with value 4.0
Checking for deadlock:
There are 2 Blocked actors, 0 Stopped actors, and 4 active threads.
Waiting for actors to stop.
-- Read input: 4.0, which is expected to match: 4.0
Called prefire()
Called fire()
Past the end of training data. Read and discard all inputs.
Checking for deadlock:
There are 3 Blocked actors, 0 Stopped actors, and 4 active threads.
Waiting for actors to stop.
Sent output token with value 4.0
Next port to read input from is inputA
Called postfire()
Called prefire()
Called fire()
Checking for deadlock:
There are 2 Blocked actors, 0 Stopped actors, and 4 active threads.
Waiting for actors to stop.
Called postfire()
Called prefire()
Called fire()
Checking for deadlock:
There are 3 Blocked actors, 0 Stopped actors, and 4 active threads.
Waiting for actors to stop.
Read input token from inputA with value 5.0
Checking for deadlock:
There are 2 Blocked actors, 0 Stopped actors, and 4 active threads.
Waiting for actors to stop.
Called prefire()
Called fire()
Past the end of training data. Read and discard all inputs.
Checking for deadlock:
There are 3 Blocked actors, 0 Stopped actors, and 4 active threads.
Waiting for actors to stop.
Sent output token with value 4.5
Next port to read input from is inputB
Called postfire()
Called prefire()
Called fire()
Checking for deadlock:
There are 2 Blocked actors, 0 Stopped actors, and 4 active threads.
Waiting for actors to stop.
Called postfire()
Called prefire()
Called fire()
Checking for deadlock:
There are 3 Blocked actors, 0 Stopped actors, and 4 active threads.
Waiting for actors to stop.
Read input token from inputB with value 6.0
Checking for deadlock:
There are 2 Blocked actors, 0 Stopped actors, and 4 active threads.
Waiting for actors to stop.
Called prefire()
Called fire()
Past the end of training data. Read and discard all inputs.
Checking for deadlock:
There are 3 Blocked actors, 0 Stopped actors, and 4 active threads.
Waiting for actors to stop.
Sent output token with value 5.0
Next port to read input from is inputA
Called postfire()
Called prefire()
Called fire()
Checking for deadlock:
There are 2 Blocked actors, 0 Stopped actors, and 4 active threads.
Waiting for actors to stop.
Called postfire()
Called prefire()
Called fire()
Checking for deadlock:
There are 3 Blocked actors, 0 Stopped actors, and 4 active threads.
Waiting for actors to stop.
Read input token from inputA with value 6.0
Checking for deadlock:
There are 2 Blocked actors, 0 Stopped actors, and 4 active threads.
Waiting for actors to stop.
Called prefire()
Called fire()
Past the end of training data. Read and discard all inputs.
Checking for deadlock:
There are 3 Blocked actors, 0 Stopped actors, and 4 active threads.
Waiting for actors to stop.
Sent output token with value 6.0
Next port to read input from is inputB
Called postfire()
Called prefire()
Called fire()
Checking for deadlock:
There are 2 Blocked actors, 0 Stopped actors, and 4 active threads.
Waiting for actors to stop.
Called postfire()
Called prefire()
Called fire()
Checking for deadlock:
There are 3 Blocked actors, 0 Stopped actors, and 4 active threads.
Waiting for actors to stop.
Read input token from inputB with value 7.5
Checking for deadlock:
There are 2 Blocked actors, 0 Stopped actors, and 4 active threads.
Waiting for actors to stop.
Called prefire()
Called fire()
Past the end of training data. Read and discard all inputs.
Checking for deadlock:
There are 3 Blocked actors, 0 Stopped actors, and 4 active threads.
Waiting for actors to stop.
Sent output token with value 6.0
Next port to read input from is inputA
Called postfire()
Called prefire()
Called fire()
Checking for deadlock:
There are 2 Blocked actors, 0 Stopped actors, and 4 active threads.
Waiting for actors to stop.
Called postfire()
Called prefire()
Called fire()
Checking for deadlock:
There are 3 Blocked actors, 0 Stopped actors, and 4 active threads.
Waiting for actors to stop.
Read input token from inputA with value 7.0
Checking for deadlock:
There are 2 Blocked actors, 0 Stopped actors, and 4 active threads.
Waiting for actors to stop.
Called prefire()
Called fire()
Past the end of training data. Read and discard all inputs.
Checking for deadlock:
There are 3 Blocked actors, 0 Stopped actors, and 4 active threads.
Waiting for actors to stop.
Sent output token with value 7.0
Next port to read input from is inputA
Called postfire()
Called prefire()
Called fire()
Checking for deadlock:
There are 2 Blocked actors, 0 Stopped actors, and 4 active threads.
Waiting for actors to stop.
-- Thread wrapup() called.
Called wrapup()
Thread .top.Ramp is exiting.
-- Thread stopped.
Checking for deadlock:
There are 2 Blocked actors, 0 Stopped actors, and 3 active threads.
Waiting for actors to stop.
Read input token from inputA with value 8.0
Checking for deadlock:
There are 1 Blocked actors, 0 Stopped actors, and 3 active threads.
Waiting for actors to stop.
Called prefire()
Called fire()
Past the end of training data. Read and discard all inputs.
Checking for deadlock:
There are 2 Blocked actors, 0 Stopped actors, and 3 active threads.
Waiting for actors to stop.
Sent output token with value 7.5
Next port to read input from is inputB
Called postfire()
Called prefire()
Called fire()
Checking for deadlock:
There are 1 Blocked actors, 0 Stopped actors, and 3 active threads.
Waiting for actors to stop.
Called postfire()
Called prefire()
Called fire()
Checking for deadlock:
There are 2 Blocked actors, 0 Stopped actors, and 3 active threads.
Waiting for actors to stop.
Read input token from inputB with value 9.0
Checking for deadlock:
There are 1 Blocked actors, 0 Stopped actors, and 3 active threads.
Waiting for actors to stop.
Called prefire()
Called fire()
Past the end of training data. Read and discard all inputs.
Checking for deadlock:
There are 2 Blocked actors, 0 Stopped actors, and 3 active threads.
Waiting for actors to stop.
Sent output token with value 8.0
Next port to read input from is inputA
Called postfire()
Called prefire()
Called fire()
Read input token from inputA with value 9.0
Checking for deadlock:
There are 1 Blocked actors, 0 Stopped actors, and 3 active threads.
Waiting for actors to stop.
Called prefire()
Called fire()
Past the end of training data. Read and discard all inputs.
Checking for deadlock:
There are 2 Blocked actors, 0 Stopped actors, and 3 active threads.
Waiting for actors to stop.
Sent output token with value 9.0
Next port to read input from is inputB
Called postfire()
Called prefire()
Called fire()
Checking for deadlock:
There are 1 Blocked actors, 0 Stopped actors, and 3 active threads.
Waiting for actors to stop.
Called postfire()
Called prefire()
Called fire()
Checking for deadlock:
There are 2 Blocked actors, 0 Stopped actors, and 3 active threads.
Waiting for actors to stop.
Read input token from inputB with value 10.5
Checking for deadlock:
There are 1 Blocked actors, 0 Stopped actors, and 3 active threads.
Waiting for actors to stop.
Called prefire()
Called fire()
Past the end of training data. Read and discard all inputs.
Checking for deadlock:
There are 2 Blocked actors, 0 Stopped actors, and 3 active threads.
Waiting for actors to stop.
Sent output token with value 9.0
Next port to read input from is inputA
Called postfire()
Called prefire()
Called fire()
Checking for deadlock:
There are 3 Blocked actors, 0 Stopped actors, and 3 active threads.
Actors have stopped.
Checking for deadlock:
There are 3 Blocked actors, 0 Stopped actors, and 3 active threads.
Deadlock detected.
Resolving Deadlock
Checking for deadlock:
There are 3 Blocked actors, 0 Stopped actors, and 3 active threads.
Artificial Deadlock - increasing queue capacity.
increasing the capacity of receiver ptolemy.actor.TypedIOPort {.top.OrderedMerge.inputB} to 2
Director: Called postfire().
Called postfire().
_stopRequested = false
_stopFireRequested = false
Returning from postfire(): true
Called fire().
Checking for deadlock:
There are 2 Blocked actors, 0 Stopped actors, and 3 active threads.
Waiting for actors to stop.
-- Thread wrapup() called.
Called wrapup()
Thread .top.Ramp2 is exiting.
-- Thread stopped.
Checking for deadlock:
There are 2 Blocked actors, 0 Stopped actors, and 2 active threads.
Actors have stopped.
Checking for deadlock:
There are 2 Blocked actors, 0 Stopped actors, and 2 active threads.
Deadlock detected.
Resolving Deadlock
Checking for deadlock:
There are 2 Blocked actors, 0 Stopped actors, and 2 active threads.
Deadlock detected: no processes blocked on write, but some are blocked on read.
Called postfire().
_stopRequested = false
_stopFireRequested = false
Returning from postfire(): false
Finished deactivating branches.
Called wrapup().
-- Thread wrapup() called.
Called wrapup()
Thread .top.Test is exiting.
-- Thread stopped.
-- Blocked Receiver call threw TerminateProcessException.
-- Thread wrapup() called.
Called wrapup()
Thread .top.OrderedMerge is exiting.
36 ms. Memory: 208384K Free: 129951K (62%)
.top. Preinitializing ...
Invoking preinitialize():  .top.OrderedMerge
Called preinitialize()
Invoking preinitialize():  .top.Ramp
Called preinitialize()
Invoking preinitialize():  .top.Ramp2
Called preinitialize()
Invoking preinitialize():  .top.Test
Called preinitialize()
.top. Finished preinitialize().
Called initialize().
Invoking initialize():  .top.OrderedMerge
Initializing actor: .top.OrderedMerge
Adding a thread: .top.OrderedMerge
Invoking initialize():  .top.Ramp
Initializing actor: .top.Ramp
Adding a thread: .top.Ramp
Invoking initialize():  .top.Ramp2
Initializing actor: .top.Ramp2
Adding a thread: .top.Ramp2
Invoking initialize():  .top.Test
Initializing actor: .top.Test
Adding a thread: .top.Test
-- Thread stopped.
-- Blocked Receiver call threw TerminateProcessException.
-- Starting thread.
Called initialize()
Called prefire()
Called fire()
-- Starting thread.
Called initialize()
Called prefire()
Called fire()
Called postfire()
Called prefire()
Called fire()
-- Starting thread.
Called initialize()
Called prefire()
Called fire()
Called postfire()
Called prefire()
Called fire()
Called fire().
Checking for deadlock:
There are 3 Blocked actors, 0 Stopped actors, and 4 active threads.
Waiting for actors to stop.
-- Starting thread.
Called initialize()
Called prefire()
Called fire()
Checking for deadlock:
There are 2 Blocked actors, 0 Stopped actors, and 4 active threads.
Waiting for actors to stop.
Called postfire()
Called prefire()
Called fire()
Checking for deadlock:
There are 3 Blocked actors, 0 Stopped actors, and 4 active threads.
Waiting for actors to stop.
Read input token from inputA with value 0.0
Next port to read input from is inputB
Called postfire()
Called prefire()
Called fire()
Checking for deadlock:
There are 2 Blocked actors, 0 Stopped actors, and 4 active threads.
Waiting for actors to stop.
Called postfire()
Called prefire()
Called fire()
Checking for deadlock:
There are 3 Blocked actors, 0 Stopped actors, and 4 active threads.
Waiting for actors to stop.
Read input token from inputB with value 0.0
Checking for deadlock:
There are 2 Blocked actors, 0 Stopped actors, and 4 active threads.
Waiting for actors to stop.
-- Read input: 0.0, which is expected to match: 0.0
Called prefire()
Called fire()
Checking for deadlock:
There are 3 Blocked actors, 0 Stopped actors, and 4 active threads.
Waiting for actors to stop.
Sent output token with value 0.0
Next port to read input from is inputA
Called postfire()
Called prefire()
Called fire()
Checking for deadlock:
There are 2 Blocked actors, 0 Stopped actors, and 4 active threads.
Waiting for actors to stop.
Called postfire()
Called prefire()
Called fire()
Checking for deadlock:
There are 3 Blocked actors, 0 Stopped actors, and 4 active threads.
Waiting for actors to stop.
Read input token from inputA with value 1.0
Checking for deadlock:
There are 2 Blocked actors, 0 Stopped actors, and 4 active threads.
Waiting for actors to stop.
-- Read input: 0.0, which is expected to match: 0.0
Called prefire()
Called fire()
Checking for deadlock:
There are 3 Blocked actors, 0 Stopped actors, and 4 active threads.
Waiting for actors to stop.
Sent output token with value 0.0
Next port to read input from is inputB
Called postfire()
Called prefire()
Called fire()
Checking for deadlock:
There are 2 Blocked actors, 0 Stopped actors, and 4 active threads.
Waiting for actors to stop.
Called postfire()
Called prefire()
Called fire()
Checking for deadlock:
There are 3 Blocked actors, 0 Stopped actors, and 4 active threads.
Waiting for actors to stop.
Read input token from inputB with value 1.5
Checking for deadlock:
There are 2 Blocked actors, 0 Stopped actors, and 4 active threads.
Waiting for actors to stop.
-- Read input: 1.0, which is expected to match: 1.0
Called prefire()
Called fire()
Checking for deadlock:
There are 3 Blocked actors, 0 Stopped actors, and 4 active threads.
Waiting for actors to stop.
Sent output token with value 1.0
Next port to read input from is inputA
Called postfire()
Called prefire()
Called fire()
Checking for deadlock:
There are 2 Blocked actors, 0 Stopped actors, and 4 active threads.
Waiting for actors to stop.
Called postfire()
Called prefire()
Called fire()
Checking for deadlock:
There are 3 Blocked actors, 0 Stopped actors, and 4 active threads.
Waiting for actors to stop.
Read input token from inputA with value 2.0
Checking for deadlock:
There are 2 Blocked actors, 0 Stopped actors, and 4 active threads.
Waiting for actors to stop.
-- Read input: 1.5, which is expected to match: 1.5
Called prefire()
Called fire()
Checking for deadlock:
There are 3 Blocked actors, 0 Stopped actors, and 4 active threads.
Waiting for actors to stop.
Sent output token with value 1.5
Next port to read input from is inputB
Called postfire()
Called prefire()
Called fire()
Checking for deadlock:
There are 2 Blocked actors, 0 Stopped actors, and 4 active threads.
Waiting for actors to stop.
Called postfire()
Called prefire()
Called fire()
Checking for deadlock:
There are 3 Blocked actors, 0 Stopped actors, and 4 active threads.
Waiting for actors to stop.
Read input token from inputB with value 3.0
Checking for deadlock:
There are 2 Blocked actors, 0 Stopped actors, and 4 active threads.
Waiting for actors to stop.
-- Read input: 2.0, which is expected to match: 2.0
Called prefire()
Called fire()
Checking for deadlock:
There are 3 Blocked actors, 0 Stopped actors, and 4 active threads.
Waiting for actors to stop.
Sent output token with value 2.0
Next port to read input from is inputA
Called postfire()
Called prefire()
Called fire()
Checking for deadlock:
There are 2 Blocked actors, 0 Stopped actors, and 4 active threads.
Waiting for actors to stop.
Called postfire()
Called prefire()
Called fire()
Checking for deadlock:
There are 3 Blocked actors, 0 Stopped actors, and 4 active threads.
Waiting for actors to stop.
Read input token from inputA with value 3.0
Checking for deadlock:
There are 2 Blocked actors, 0 Stopped actors, and 4 active threads.
Waiting for actors to stop.
-- Read input: 3.0, which is expected to match: 3.0
Called prefire()
Called fire()
Checking for deadlock:
There are 3 Blocked actors, 0 Stopped actors, and 4 active threads.
Waiting for actors to stop.
Sent output token with value 3.0
Next port to read input from is inputB
Called postfire()
Called prefire()
Called fire()
Checking for deadlock:
There are 2 Blocked actors, 0 Stopped actors, and 4 active threads.
Waiting for actors to stop.
Called postfire()
Called prefire()
Called fire()
Checking for deadlock:
There are 3 Blocked actors, 0 Stopped actors, and 4 active threads.
Waiting for actors to stop.
Read input token from inputB with value 4.5
Checking for deadlock:
There are 2 Blocked actors, 0 Stopped actors, and 4 active threads.
Waiting for actors to stop.
-- Read input: 3.0, which is expected to match: 3.0
Called prefire()
Called fire()
Checking for deadlock:
There are 3 Blocked actors, 0 Stopped actors, and 4 active threads.
Waiting for actors to stop.
Sent output token with value 3.0
Next port to read input from is inputA
Called postfire()
Called prefire()
Called fire()
Checking for deadlock:
There are 2 Blocked actors, 0 Stopped actors, and 4 active threads.
Waiting for actors to stop.
Called postfire()
Called prefire()
Called fire()
Checking for deadlock:
There are 3 Blocked actors, 0 Stopped actors, and 4 active threads.
Waiting for actors to stop.
Read input token from inputA with value 4.0
Checking for deadlock:
There are 2 Blocked actors, 0 Stopped actors, and 4 active threads.
Waiting for actors to stop.
-- Read input: 4.0, which is expected to match: 4.0
Called prefire()
Called fire()
Past the end of training data. Read and discard all inputs.
Checking for deadlock:
There are 3 Blocked actors, 0 Stopped actors, and 4 active threads.
Waiting for actors to stop.
Sent output token with value 4.0
Next port to read input from is inputA
Called postfire()
Called prefire()
Called fire()
Checking for deadlock:
There are 2 Blocked actors, 0 Stopped actors, and 4 active threads.
Waiting for actors to stop.
Called postfire()
Called prefire()
Called fire()
Checking for deadlock:
There are 3 Blocked actors, 0 Stopped actors, and 4 active threads.
Waiting for actors to stop.
Read input token from inputA with value 5.0
Checking for deadlock:
There are 2 Blocked actors, 0 Stopped actors, and 4 active threads.
Waiting for actors to stop.
Called prefire()
Called fire()
Past the end of training data. Read and discard all inputs.
Checking for deadlock:
There are 3 Blocked actors, 0 Stopped actors, and 4 active threads.
Waiting for actors to stop.
Sent output token with value 4.5
Next port to read input from is inputB
Called postfire()
Called prefire()
Called fire()
Checking for deadlock:
There are 2 Blocked actors, 0 Stopped actors, and 4 active threads.
Waiting for actors to stop.
Called postfire()
Called prefire()
Called fire()
Checking for deadlock:
There are 3 Blocked actors, 0 Stopped actors, and 4 active threads.
Waiting for actors to stop.
Read input token from inputB with value 6.0
Checking for deadlock:
There are 2 Blocked actors, 0 Stopped actors, and 4 active threads.
Waiting for actors to stop.
Called prefire()
Called fire()
Past the end of training data. Read and discard all inputs.
Checking for deadlock:
There are 3 Blocked actors, 0 Stopped actors, and 4 active threads.
Waiting for actors to stop.
Sent output token with value 5.0
Next port to read input from is inputA
Called postfire()
Called prefire()
Called fire()
Checking for deadlock:
There are 2 Blocked actors, 0 Stopped actors, and 4 active threads.
Waiting for actors to stop.
Called postfire()
Called prefire()
Called fire()
Checking for deadlock:
There are 3 Blocked actors, 0 Stopped actors, and 4 active threads.
Waiting for actors to stop.
Read input token from inputA with value 6.0
Checking for deadlock:
There are 2 Blocked actors, 0 Stopped actors, and 4 active threads.
Waiting for actors to stop.
Called prefire()
Called fire()
Past the end of training data. Read and discard all inputs.
Checking for deadlock:
There are 3 Blocked actors, 0 Stopped actors, and 4 active threads.
Waiting for actors to stop.
Sent output token with value 6.0
Next port to read input from is inputB
Called postfire()
Called prefire()
Called fire()
Checking for deadlock:
There are 2 Blocked actors, 0 Stopped actors, and 4 active threads.
Waiting for actors to stop.
Called postfire()
Called prefire()
Called fire()
Checking for deadlock:
There are 3 Blocked actors, 0 Stopped actors, and 4 active threads.
Waiting for actors to stop.
Read input token from inputB with value 7.5
Checking for deadlock:
There are 2 Blocked actors, 0 Stopped actors, and 4 active threads.
Waiting for actors to stop.
Called prefire()
Called fire()
Past the end of training data. Read and discard all inputs.
Checking for deadlock:
There are 3 Blocked actors, 0 Stopped actors, and 4 active threads.
Waiting for actors to stop.
Sent output token with value 6.0
Next port to read input from is inputA
Called postfire()
Called prefire()
Called fire()
Checking for deadlock:
There are 2 Blocked actors, 0 Stopped actors, and 4 active threads.
Waiting for actors to stop.
Called postfire()
Called prefire()
Called fire()
Checking for deadlock:
There are 3 Blocked actors, 0 Stopped actors, and 4 active threads.
Waiting for actors to stop.
Read input token from inputA with value 7.0
Checking for deadlock:
There are 2 Blocked actors, 0 Stopped actors, and 4 active threads.
Waiting for actors to stop.
Called prefire()
Called fire()
Past the end of training data. Read and discard all inputs.
Checking for deadlock:
There are 3 Blocked actors, 0 Stopped actors, and 4 active threads.
Waiting for actors to stop.
Sent output token with value 7.0
Next port to read input from is inputA
Called postfire()
Called prefire()
Called fire()
Checking for deadlock:
There are 2 Blocked actors, 0 Stopped actors, and 4 active threads.
Waiting for actors to stop.
-- Thread wrapup() called.
Called wrapup()
Thread .top.Ramp is exiting.
Checking for deadlock:
There are 2 Blocked actors, 0 Stopped actors, and 3 active threads.
Waiting for actors to stop.
-- Thread stopped.
Read input token from inputA with value 8.0
Checking for deadlock:
There are 1 Blocked actors, 0 Stopped actors, and 3 active threads.
Waiting for actors to stop.
Called prefire()
Called fire()
Past the end of training data. Read and discard all inputs.
Checking for deadlock:
There are 2 Blocked actors, 0 Stopped actors, and 3 active threads.
Waiting for actors to stop.
Sent output token with value 7.5
Next port to read input from is inputB
Called postfire()
Called prefire()
Called fire()
Called postfire()
Called prefire()
Called fire()
Checking for deadlock:
There are 2 Blocked actors, 0 Stopped actors, and 3 active threads.
Waiting for actors to stop.
Read input token from inputB with value 9.0
Called prefire()
Called fire()
Past the end of training data. Read and discard all inputs.
Checking for deadlock:
There are 2 Blocked actors, 0 Stopped actors, and 3 active threads.
Waiting for actors to stop.
Sent output token with value 8.0
Next port to read input from is inputA
Called postfire()
Called prefire()
Called fire()
Read input token from inputA with value 9.0
Checking for deadlock:
There are 1 Blocked actors, 0 Stopped actors, and 3 active threads.
Waiting for actors to stop.
Called prefire()
Called fire()
Past the end of training data. Read and discard all inputs.
Checking for deadlock:
There are 2 Blocked actors, 0 Stopped actors, and 3 active threads.
Waiting for actors to stop.
Sent output token with value 9.0
Next port to read input from is inputB
Called postfire()
Called prefire()
Called fire()
Called postfire()
Called prefire()
Called fire()
Checking for deadlock:
There are 2 Blocked actors, 0 Stopped actors, and 3 active threads.
Waiting for actors to stop.
Read input token from inputB with value 10.5
Called prefire()
Called fire()
Past the end of training data. Read and discard all inputs.
Checking for deadlock:
There are 2 Blocked actors, 0 Stopped actors, and 3 active threads.
Waiting for actors to stop.
Sent output token with value 9.0
Next port to read input from is inputA
Called postfire()
Called prefire()
Called fire()
Checking for deadlock:
There are 3 Blocked actors, 0 Stopped actors, and 3 active threads.
Actors have stopped.
Checking for deadlock:
There are 3 Blocked actors, 0 Stopped actors, and 3 active threads.
Deadlock detected.
Resolving Deadlock
Checking for deadlock:
There are 3 Blocked actors, 0 Stopped actors, and 3 active threads.
Artificial Deadlock - increasing queue capacity.
increasing the capacity of receiver ptolemy.actor.TypedIOPort {.top.OrderedMerge.inputB} to 2
Director: Called postfire().
Called postfire().
_stopRequested = false
_stopFireRequested = false
Returning from postfire(): true
Called fire().
Checking for deadlock:
There are 2 Blocked actors, 0 Stopped actors, and 3 active threads.
Waiting for actors to stop.
-- Thread wrapup() called.
Called wrapup()
Thread .top.Ramp2 is exiting.
-- Thread stopped.
Checking for deadlock:
There are 2 Blocked actors, 0 Stopped actors, and 2 active threads.
Actors have stopped.
Checking for deadlock:
There are 2 Blocked actors, 0 Stopped actors, and 2 active threads.
Deadlock detected.
Resolving Deadlock
Checking for deadlock:
There are 2 Blocked actors, 0 Stopped actors, and 2 active threads.
Deadlock detected: no processes blocked on write, but some are blocked on read.
Called postfire().
_stopRequested = false
_stopFireRequested = false
Returning from postfire(): false
Finished deactivating branches.
Called wrapup().
-- Thread wrapup() called.
Called wrapup()
Thread .top.OrderedMerge is exiting.
-- Thread wrapup() called.
Called wrapup()
Thread .top.Test is exiting.
-- Thread stopped.
-- Blocked Receiver call threw TerminateProcessException.
31 ms. Memory: 208384K Free: 125036K (60%)
/home/travis/build/icyphy/ptII/ptolemy/actor/lib/test/Publisher.tcl
-- Thread stopped.
-- Blocked Receiver call threw TerminateProcessException.
25 ms. Memory: 208384K Free: 120182K (58%)
5 ms. Memory: 208384K Free: 112902K (54%)
5 ms. Memory: 208384K Free: 110475K (53%)
5 ms. Memory: 208384K Free: 108048K (52%)
5 ms. Memory: 208384K Free: 108048K (52%)
9 ms. Memory: 208384K Free: 108048K (52%)
3 ms. Memory: 208384K Free: 105621K (51%)
6 ms. Memory: 208384K Free: 105621K (51%)
1 ms. Memory: 208384K Free: 95914K (46%)
5 ms. Memory: 208384K Free: 93487K (45%)
3 ms. Memory: 208384K Free: 91060K (44%)
1 ms. Memory: 208384K Free: 91060K (44%)
14 ms. Memory: 208384K Free: 81321K (39%)
4 ms. Memory: 330752K Free: 313753K (95%)
6 ms. Memory: 330752K Free: 304335K (92%)
/home/travis/build/icyphy/ptII/ptolemy/actor/lib/test/Pulse.tcl
2 ms. Memory: 330752K Free: 261954K (79%)
1 ms. Memory: 330752K Free: 261954K (79%)
1 ms. Memory: 330752K Free: 261954K (79%)
1 ms. Memory: 330752K Free: 261954K (79%)
1 ms. Memory: 330752K Free: 257245K (78%)
1 ms. Memory: 330752K Free: 257245K (78%)
2 ms. Memory: 330752K Free: 257245K (78%)
1 ms. Memory: 330752K Free: 257245K (78%)
1 ms. Memory: 330752K Free: 257245K (78%)
/home/travis/build/icyphy/ptII/ptolemy/actor/lib/test/Ramp.tcl
2 ms. Memory: 330752K Free: 252536K (76%)
2 ms. Memory: 330752K Free: 252536K (76%)
1 ms. Memory: 330752K Free: 252536K (76%)
2 ms. Memory: 330752K Free: 252536K (76%)
3 ms. Memory: 330752K Free: 252536K (76%)
3 ms. Memory: 330752K Free: 247827K (75%)
4 ms. Memory: 330752K Free: 247827K (75%)
5 actors
5000 microseconds per iteration to create
6 ms. Memory: 330752K Free: 247827K (75%)
2 ms. Memory: 330752K Free: 247827K (75%)
1 ms. Memory: 330752K Free: 243118K (74%)
1 ms. Memory: 330752K Free: 243118K (74%)
50 actors
27000 microseconds per iteration to create
26 ms. Memory: 330752K Free: 228991K (69%)
6 ms. Memory: 330752K Free: 228991K (69%)
5 ms. Memory: 330752K Free: 228991K (69%)
5 ms. Memory: 330752K Free: 224282K (68%)
500 actors
1448000 microseconds per iteration to create
280 ms. Memory: 331776K Free: 295531K (89%)
68 ms. Memory: 331776K Free: 290756K (88%)
44 ms. Memory: 331776K Free: 285982K (86%)
53 ms. Memory: 331776K Free: 281208K (85%)
/home/travis/build/icyphy/ptII/ptolemy/actor/lib/test/RampContinuous.tcl
8 ms. Memory: 331776K Free: 276434K (83%)
/home/travis/build/icyphy/ptII/ptolemy/actor/lib/test/RecordAssembler.tcl
5 ms. Memory: 331776K Free: 276434K (83%)
4 ms. Memory: 331776K Free: 276434K (83%)
/home/travis/build/icyphy/ptII/ptolemy/actor/lib/test/RecordDisassembler.tcl
6 ms. Memory: 331776K Free: 276434K (83%)
4 ms. Memory: 331776K Free: 271660K (82%)
3 ms. Memory: 331776K Free: 271660K (82%)
/home/travis/build/icyphy/ptII/ptolemy/actor/lib/test/Scale.tcl
2 ms. Memory: 331776K Free: 271660K (82%)
2 ms. Memory: 331776K Free: 271660K (82%)
2 ms. Memory: 331776K Free: 266886K (80%)
3 ms. Memory: 331776K Free: 266886K (80%)
2 ms. Memory: 331776K Free: 266886K (80%)
/home/travis/build/icyphy/ptII/ptolemy/actor/lib/test/SequentialClock.tcl
preinitializing
resolving types
initializing
executing number 1
wrapping up
idle
6 ms. Memory: 331776K Free: 266886K (80%)
Completed execution with 5 iterations
preinitializing
resolving types
initializing
executing number 1
wrapping up
idle
2 ms. Memory: 331776K Free: 266886K (80%)
Completed execution with 5 iterations
preinitializing
resolving types
initializing
executing number 1
wrapping up
idle
1 ms. Memory: 331776K Free: 266886K (80%)
Completed execution with 5 iterations
/home/travis/build/icyphy/ptII/ptolemy/actor/lib/test/SetVariable.tcl
5 ms. Memory: 331776K Free: 262112K (79%)
/home/travis/build/icyphy/ptII/ptolemy/actor/lib/test/Sinewave.tcl
/home/travis/build/icyphy/ptII/ptolemy/actor/lib/test/SubscriptionAggregator.tcl
9 ms. Memory: 331776K Free: 247790K (75%)
7 ms. Memory: 331776K Free: 247790K (75%)
1 ms. Memory: 331776K Free: 247790K (75%)
1 ms. Memory: 331776K Free: 247790K (75%)
2 ms. Memory: 331776K Free: 243000K (73%)
4 ms. Memory: 331776K Free: 243000K (73%)
...............................................................959 ms. Memory: 575488K Free: 123870K (22%)
/home/travis/build/icyphy/ptII/ptolemy/actor/lib/test/Test.tcl
 The next command will produce a warning about training mode,
   which may be ignored.
3 ms. Memory: 575488K Free: 123870K (22%)
2 ms. Memory: 575488K Free: 123870K (22%)
1 ms. Memory: 575488K Free: 123870K (22%)
1 ms. Memory: 575488K Free: 123870K (22%)
1 ms. Memory: 575488K Free: 123870K (22%)
3 ms. Memory: 575488K Free: 123870K (22%)
3 ms. Memory: 575488K Free: 114301K (20%)
 The next command will produce a warning about training mode,
   which may be ignored.
3 ms. Memory: 575488K Free: 114301K (20%)
 The next command will produce a warning about training mode,
   which may be ignored.
3 ms. Memory: 575488K Free: 114301K (20%)
1 ms. Memory: 575488K Free: 114301K (20%)
0 ms. Memory: 575488K Free: 114301K (20%)
1 ms. Memory: 575488K Free: 114301K (20%)
2 ms. Memory: 575488K Free: 114301K (20%)
3 ms. Memory: 575488K Free: 104731K (18%)
/home/travis/build/icyphy/ptII/ptolemy/actor/lib/test/TestExceptionHandler.tcl
 The next command will produce a warning about training mode,
   which may be ignored.
1 ms. Memory: 575488K Free: 104731K (18%)
0 ms. Memory: 575488K Free: 104731K (18%)
1 ms. Memory: 575488K Free: 104731K (18%)
/home/travis/build/icyphy/ptII/ptolemy/actor/lib/test/UnionDisassembler.tcl
11 ms. Memory: 575488K Free: 95178K (17%)
/home/travis/build/icyphy/ptII/ptolemy/actor/lib/test/VariableClock.tcl
preinitializing
resolving types
initializing
executing number 1
wrapping up
idle
3 ms. Memory: 575488K Free: 95178K (17%)
Completed execution with 11 iterations
preinitializing
resolving types
initializing
executing number 1
wrapping up
idle
3 ms. Memory: 575488K Free: 95178K (17%)
Completed execution with 10 iterations
04/08/19 03:54:34
Failed: 0  Total Tests: 234  ((Passed: 234, Newly Passed: 0)  Known Failed: 0) /home/travis/build/icyphy/ptII/ptolemy/actor/lib/test
----------------- testing (KnownFailure) /home/travis/build/icyphy/ptII/ptolemy/actor/lib/test/auto/knownFailedTests/PublisherPortToplevelSubscriber.xml
1 ms. Memory: 575488K Free: 85460K (15%)
Known Failure: java.lang.reflect.InvocationTargetException
----------------- testing (KnownFailure) /home/travis/build/icyphy/ptII/ptolemy/actor/lib/test/auto/knownFailedTests/PublisherSubscriberPortToplevel.xml
1 ms. Memory: 575488K Free: 68771K (12%)
Known Failure: java.lang.reflect.InvocationTargetException
----------------- testing (KnownFailure) /home/travis/build/icyphy/ptII/ptolemy/actor/lib/test/auto/knownFailedTests/PublisherSubscriptionAggregatorPort.xml
2 ms. Memory: 579072K Free: 511079K (88%)
Known Failure: java.lang.reflect.InvocationTargetException
----------------- testing (KnownFailure) /home/travis/build/icyphy/ptII/ptolemy/actor/lib/test/auto/knownFailedTests/sizedarray3.xml
8 ms. Memory: 579072K Free: 491644K (85%)
Known Failure: java.lang.reflect.InvocationTargetException
No auto/linux-amd64/*.xml tests in /home/travis/build/icyphy/ptII/ptolemy/actor/lib/test
AutoTests.java: About to close Vertx.
AutoTests.java: Vertx closed.

===========================================================================================
----------------- testing Mon Apr 08 03:54:35 UTC 2019 /home/travis/build/icyphy/ptII/ptolemy/actor/lib/test/auto/AbsoluteValue.xml
----------------- Instantiating /home/travis/build/icyphy/ptII/ptolemy/actor/lib/test/auto/AbsoluteValue.xml
3 ms. Memory: 579072K Free: 414261K (72%)
----------------- Invoking toplevel() on ptolemy.moml.MoMLSimpleApplication@db6718
----------------- Done invoking toplevel() on ptolemy.moml.MoMLSimpleApplication@db6718
reloadAllAccessors: .AbsoluteValue

===========================================================================================
----------------- testing Mon Apr 08 03:54:35 UTC 2019 /home/travis/build/icyphy/ptII/ptolemy/actor/lib/test/auto/AbsoluteValue2.xml
----------------- Instantiating /home/travis/build/icyphy/ptII/ptolemy/actor/lib/test/auto/AbsoluteValue2.xml
9 ms. Memory: 579072K Free: 399669K (69%)
----------------- Invoking toplevel() on ptolemy.moml.MoMLSimpleApplication@23dbe43
----------------- Done invoking toplevel() on ptolemy.moml.MoMLSimpleApplication@23dbe43
reloadAllAccessors: .AbsoluteValue2

===========================================================================================
----------------- testing Mon Apr 08 03:54:35 UTC 2019 /home/travis/build/icyphy/ptII/ptolemy/actor/lib/test/auto/Accumulator.xml
----------------- Instantiating /home/travis/build/icyphy/ptII/ptolemy/actor/lib/test/auto/Accumulator.xml
10 ms. Memory: 579072K Free: 389951K (67%)
----------------- Invoking toplevel() on ptolemy.moml.MoMLSimpleApplication@6cde569d
----------------- Done invoking toplevel() on ptolemy.moml.MoMLSimpleApplication@6cde569d
reloadAllAccessors: .Accumulator

===========================================================================================
----------------- testing Mon Apr 08 03:54:35 UTC 2019 /home/travis/build/icyphy/ptII/ptolemy/actor/lib/test/auto/Accumulator2.xml
----------------- Instantiating /home/travis/build/icyphy/ptII/ptolemy/actor/lib/test/auto/Accumulator2.xml
4 ms. Memory: 579072K Free: 370879K (64%)
----------------- Invoking toplevel() on ptolemy.moml.MoMLSimpleApplication@165e548f
----------------- Done invoking toplevel() on ptolemy.moml.MoMLSimpleApplication@165e548f
reloadAllAccessors: .Accumulator2

===========================================================================================
----------------- testing Mon Apr 08 03:54:35 UTC 2019 /home/travis/build/icyphy/ptII/ptolemy/actor/lib/test/auto/Accumulator3.xml
----------------- Instantiating /home/travis/build/icyphy/ptII/ptolemy/actor/lib/test/auto/Accumulator3.xml
3 ms. Memory: 579072K Free: 361161K (62%)
----------------- Invoking toplevel() on ptolemy.moml.MoMLSimpleApplication@29deef0f
----------------- Done invoking toplevel() on ptolemy.moml.MoMLSimpleApplication@29deef0f
reloadAllAccessors: .Accumulator3

===========================================================================================
----------------- testing Mon Apr 08 03:54:35 UTC 2019 /home/travis/build/icyphy/ptII/ptolemy/actor/lib/test/auto/ArrayAppend.xml
----------------- Instantiating /home/travis/build/icyphy/ptII/ptolemy/actor/lib/test/auto/ArrayAppend.xml
6 ms. Memory: 579072K Free: 351443K (61%)
----------------- Invoking toplevel() on ptolemy.moml.MoMLSimpleApplication@789a0237
----------------- Done invoking toplevel() on ptolemy.moml.MoMLSimpleApplication@789a0237
reloadAllAccessors: .ArrayAppend

===========================================================================================
----------------- testing Mon Apr 08 03:54:35 UTC 2019 /home/travis/build/icyphy/ptII/ptolemy/actor/lib/test/auto/ArrayAppend2.xml
----------------- Instantiating /home/travis/build/icyphy/ptII/ptolemy/actor/lib/test/auto/ArrayAppend2.xml
433 ms. Memory: 579072K Free: 273701K (47%)
----------------- Invoking toplevel() on ptolemy.moml.MoMLSimpleApplication@12496f97
----------------- Done invoking toplevel() on ptolemy.moml.MoMLSimpleApplication@12496f97
reloadAllAccessors: .ArrayAppend2

===========================================================================================
----------------- testing Mon Apr 08 03:54:35 UTC 2019 /home/travis/build/icyphy/ptII/ptolemy/actor/lib/test/auto/ArrayAppend3.xml
----------------- Instantiating /home/travis/build/icyphy/ptII/ptolemy/actor/lib/test/auto/ArrayAppend3.xml
6 ms. Memory: 579072K Free: 254629K (44%)
----------------- Invoking toplevel() on ptolemy.moml.MoMLSimpleApplication@24f9f58e
----------------- Done invoking toplevel() on ptolemy.moml.MoMLSimpleApplication@24f9f58e
reloadAllAccessors: .ArrayAppend3

===========================================================================================
----------------- testing Mon Apr 08 03:54:35 UTC 2019 /home/travis/build/icyphy/ptII/ptolemy/actor/lib/test/auto/ArrayAppend4.xml
----------------- Instantiating /home/travis/build/icyphy/ptII/ptolemy/actor/lib/test/auto/ArrayAppend4.xml
2 ms. Memory: 579072K Free: 244911K (42%)
----------------- Invoking toplevel() on ptolemy.moml.MoMLSimpleApplication@5de412d6
----------------- Done invoking toplevel() on ptolemy.moml.MoMLSimpleApplication@5de412d6
reloadAllAccessors: .ArrayAppend4

===========================================================================================
----------------- testing Mon Apr 08 03:54:35 UTC 2019 /home/travis/build/icyphy/ptII/ptolemy/actor/lib/test/auto/ArrayAppend5.xml
----------------- Instantiating /home/travis/build/icyphy/ptII/ptolemy/actor/lib/test/auto/ArrayAppend5.xml
2 ms. Memory: 579072K Free: 235193K (41%)
----------------- Invoking toplevel() on ptolemy.moml.MoMLSimpleApplication@76fd714
----------------- Done invoking toplevel() on ptolemy.moml.MoMLSimpleApplication@76fd714
reloadAllAccessors: .ArrayAppend5

===========================================================================================
----------------- testing Mon Apr 08 03:54:35 UTC 2019 /home/travis/build/icyphy/ptII/ptolemy/actor/lib/test/auto/ArrayAppend6.xml
----------------- Instantiating /home/travis/build/icyphy/ptII/ptolemy/actor/lib/test/auto/ArrayAppend6.xml
9 ms. Memory: 579072K Free: 225475K (39%)
----------------- Invoking toplevel() on ptolemy.moml.MoMLSimpleApplication@48819f62
----------------- Done invoking toplevel() on ptolemy.moml.MoMLSimpleApplication@48819f62
reloadAllAccessors: .ArrayAppend6

===========================================================================================
----------------- testing Mon Apr 08 03:54:36 UTC 2019 /home/travis/build/icyphy/ptII/ptolemy/actor/lib/test/auto/ArrayAppendPerformanceTest.xml
----------------- Instantiating /home/travis/build/icyphy/ptII/ptolemy/actor/lib/test/auto/ArrayAppendPerformanceTest.xml
25 ms. Memory: 579072K Free: 210883K (36%)
----------------- Invoking toplevel() on ptolemy.moml.MoMLSimpleApplication@71ff1655
----------------- Done invoking toplevel() on ptolemy.moml.MoMLSimpleApplication@71ff1655
reloadAllAccessors: .ArrayAppendPerformanceTest

===========================================================================================
----------------- testing Mon Apr 08 03:54:36 UTC 2019 /home/travis/build/icyphy/ptII/ptolemy/actor/lib/test/auto/ArrayAppendWithEmptyInput.xml
----------------- Instantiating /home/travis/build/icyphy/ptII/ptolemy/actor/lib/test/auto/ArrayAppendWithEmptyInput.xml
17 ms. Memory: 579072K Free: 186944K (32%)
----------------- Invoking toplevel() on ptolemy.moml.MoMLSimpleApplication@74ce282d
----------------- Done invoking toplevel() on ptolemy.moml.MoMLSimpleApplication@74ce282d
reloadAllAccessors: .ArrayAppendWithEmptyInput

===========================================================================================
----------------- testing Mon Apr 08 03:54:36 UTC 2019 /home/travis/build/icyphy/ptII/ptolemy/actor/lib/test/auto/ArrayAverage.xml
----------------- Instantiating /home/travis/build/icyphy/ptII/ptolemy/actor/lib/test/auto/ArrayAverage.xml
9 ms. Memory: 579072K Free: 172351K (30%)
----------------- Invoking toplevel() on ptolemy.moml.MoMLSimpleApplication@1b491a73
----------------- Done invoking toplevel() on ptolemy.moml.MoMLSimpleApplication@1b491a73
reloadAllAccessors: .ArrayAverage

===========================================================================================
----------------- testing Mon Apr 08 03:54:36 UTC 2019 /home/travis/build/icyphy/ptII/ptolemy/actor/lib/test/auto/ArrayContains.xml
----------------- Instantiating /home/travis/build/icyphy/ptII/ptolemy/actor/lib/test/auto/ArrayContains.xml
4 ms. Memory: 579072K Free: 162633K (28%)
----------------- Invoking toplevel() on ptolemy.moml.MoMLSimpleApplication@5f23aa2e
----------------- Done invoking toplevel() on ptolemy.moml.MoMLSimpleApplication@5f23aa2e
reloadAllAccessors: .ArrayContains

===========================================================================================
----------------- testing Mon Apr 08 03:54:36 UTC 2019 /home/travis/build/icyphy/ptII/ptolemy/actor/lib/test/auto/ArrayElement.xml
----------------- Instantiating /home/travis/build/icyphy/ptII/ptolemy/actor/lib/test/auto/ArrayElement.xml
5 ms. Memory: 579072K Free: 152915K (26%)
----------------- Invoking toplevel() on ptolemy.moml.MoMLSimpleApplication@20d3c849
----------------- Done invoking toplevel() on ptolemy.moml.MoMLSimpleApplication@20d3c849
reloadAllAccessors: .ArrayElement

===========================================================================================
----------------- testing Mon Apr 08 03:54:36 UTC 2019 /home/travis/build/icyphy/ptII/ptolemy/actor/lib/test/auto/ArrayElementAsMatrix.xml
----------------- Instantiating /home/travis/build/icyphy/ptII/ptolemy/actor/lib/test/auto/ArrayElementAsMatrix.xml
11 ms. Memory: 579072K Free: 128968K (22%)
----------------- Invoking toplevel() on ptolemy.moml.MoMLSimpleApplication@4608f5e1
----------------- Done invoking toplevel() on ptolemy.moml.MoMLSimpleApplication@4608f5e1
reloadAllAccessors: .ArrayElementAsMatrix

===========================================================================================
----------------- testing Mon Apr 08 03:54:36 UTC 2019 /home/travis/build/icyphy/ptII/ptolemy/actor/lib/test/auto/ArrayElementI.xml
----------------- Instantiating /home/travis/build/icyphy/ptII/ptolemy/actor/lib/test/auto/ArrayElementI.xml
2 ms. Memory: 579072K Free: 119250K (21%)
----------------- Invoking toplevel() on ptolemy.moml.MoMLSimpleApplication@7457b2ea
----------------- Done invoking toplevel() on ptolemy.moml.MoMLSimpleApplication@7457b2ea
reloadAllAccessors: .ArrayElementI

===========================================================================================
----------------- testing Mon Apr 08 03:54:36 UTC 2019 /home/travis/build/icyphy/ptII/ptolemy/actor/lib/test/auto/ArrayExtract.xml
----------------- Instantiating /home/travis/build/icyphy/ptII/ptolemy/actor/lib/test/auto/ArrayExtract.xml
16 ms. Memory: 579072K Free: 109533K (19%)
----------------- Invoking toplevel() on ptolemy.moml.MoMLSimpleApplication@1885ac4b
----------------- Done invoking toplevel() on ptolemy.moml.MoMLSimpleApplication@1885ac4b
reloadAllAccessors: .ArrayExtract

===========================================================================================
----------------- testing Mon Apr 08 03:54:36 UTC 2019 /home/travis/build/icyphy/ptII/ptolemy/actor/lib/test/auto/ArrayExtract2.xml
----------------- Instantiating /home/travis/build/icyphy/ptII/ptolemy/actor/lib/test/auto/ArrayExtract2.xml
6 ms. Memory: 579072K Free: 99815K (17%)
----------------- Invoking toplevel() on ptolemy.moml.MoMLSimpleApplication@16f7589a
----------------- Done invoking toplevel() on ptolemy.moml.MoMLSimpleApplication@16f7589a
reloadAllAccessors: .ArrayExtract2

===========================================================================================
----------------- testing Mon Apr 08 03:54:36 UTC 2019 /home/travis/build/icyphy/ptII/ptolemy/actor/lib/test/auto/ArrayLength.xml
----------------- Instantiating /home/travis/build/icyphy/ptII/ptolemy/actor/lib/test/auto/ArrayLength.xml
3 ms. Memory: 579072K Free: 80743K (14%)
----------------- Invoking toplevel() on ptolemy.moml.MoMLSimpleApplication@70a92363
----------------- Done invoking toplevel() on ptolemy.moml.MoMLSimpleApplication@70a92363
reloadAllAccessors: .ArrayLength

===========================================================================================
----------------- testing Mon Apr 08 03:54:36 UTC 2019 /home/travis/build/icyphy/ptII/ptolemy/actor/lib/test/auto/ArrayLevelCrossing.xml
----------------- Instantiating /home/travis/build/icyphy/ptII/ptolemy/actor/lib/test/auto/ArrayLevelCrossing.xml
8 ms. Memory: 579072K Free: 66166K (11%)
----------------- Invoking toplevel() on ptolemy.moml.MoMLSimpleApplication@daa37f5
----------------- Done invoking toplevel() on ptolemy.moml.MoMLSimpleApplication@daa37f5
reloadAllAccessors: .ArrayLevelCrossing

===========================================================================================
----------------- testing Mon Apr 08 03:54:36 UTC 2019 /home/travis/build/icyphy/ptII/ptolemy/actor/lib/test/auto/ArrayLevelCrossing2.xml
----------------- Instantiating /home/travis/build/icyphy/ptII/ptolemy/actor/lib/test/auto/ArrayLevelCrossing2.xml
3 ms. Memory: 579072K Free: 56448K (10%)
----------------- Invoking toplevel() on ptolemy.moml.MoMLSimpleApplication@18fe804
----------------- Done invoking toplevel() on ptolemy.moml.MoMLSimpleApplication@18fe804
reloadAllAccessors: .ArrayLevelCrossing2

===========================================================================================
----------------- testing Mon Apr 08 03:54:36 UTC 2019 /home/travis/build/icyphy/ptII/ptolemy/actor/lib/test/auto/ArrayPeakSearch.xml
----------------- Instantiating /home/travis/build/icyphy/ptII/ptolemy/actor/lib/test/auto/ArrayPeakSearch.xml
5 ms. Memory: 876544K Free: 808112K (92%)
----------------- Invoking toplevel() on ptolemy.moml.MoMLSimpleApplication@47e22128
----------------- Done invoking toplevel() on ptolemy.moml.MoMLSimpleApplication@47e22128
reloadAllAccessors: .ArrayPeakSearch

===========================================================================================
----------------- testing Mon Apr 08 03:54:36 UTC 2019 /home/travis/build/icyphy/ptII/ptolemy/actor/lib/test/auto/ArrayPeakSearch2.xml
----------------- Instantiating /home/travis/build/icyphy/ptII/ptolemy/actor/lib/test/auto/ArrayPeakSearch2.xml
4 ms. Memory: 876544K Free: 781654K (89%)
----------------- Invoking toplevel() on ptolemy.moml.MoMLSimpleApplication@4062137f
----------------- Done invoking toplevel() on ptolemy.moml.MoMLSimpleApplication@4062137f
reloadAllAccessors: .ArrayPeakSearch2

===========================================================================================
----------------- testing Mon Apr 08 03:54:36 UTC 2019 /home/travis/build/icyphy/ptII/ptolemy/actor/lib/test/auto/ArrayPeakSearch3.xml
----------------- Instantiating /home/travis/build/icyphy/ptII/ptolemy/actor/lib/test/auto/ArrayPeakSearch3.xml
6 ms. Memory: 876544K Free: 766099K (87%)
----------------- Invoking toplevel() on ptolemy.moml.MoMLSimpleApplication@5cf86215
----------------- Done invoking toplevel() on ptolemy.moml.MoMLSimpleApplication@5cf86215
reloadAllAccessors: .ArrayPeakSearch3

===========================================================================================
----------------- testing Mon Apr 08 03:54:36 UTC 2019 /home/travis/build/icyphy/ptII/ptolemy/actor/lib/test/auto/ArrayRemoveElement.xml
----------------- Instantiating /home/travis/build/icyphy/ptII/ptolemy/actor/lib/test/auto/ArrayRemoveElement.xml
7 ms. Memory: 876544K Free: 750529K (86%)
----------------- Invoking toplevel() on ptolemy.moml.MoMLSimpleApplication@62bba5d7
----------------- Done invoking toplevel() on ptolemy.moml.MoMLSimpleApplication@62bba5d7
reloadAllAccessors: .ArrayRemoveElement

===========================================================================================
----------------- testing Mon Apr 08 03:54:36 UTC 2019 /home/travis/build/icyphy/ptII/ptolemy/actor/lib/test/auto/ArraySort.xml
----------------- Instantiating /home/travis/build/icyphy/ptII/ptolemy/actor/lib/test/auto/ArraySort.xml
4 ms. Memory: 876544K Free: 734958K (84%)
----------------- Invoking toplevel() on ptolemy.moml.MoMLSimpleApplication@43341820
----------------- Done invoking toplevel() on ptolemy.moml.MoMLSimpleApplication@43341820
reloadAllAccessors: .ArraySort

===========================================================================================
----------------- testing Mon Apr 08 03:54:36 UTC 2019 /home/travis/build/icyphy/ptII/ptolemy/actor/lib/test/auto/ArraySum.xml
----------------- Instantiating /home/travis/build/icyphy/ptII/ptolemy/actor/lib/test/auto/ArraySum.xml
2 ms. Memory: 876544K Free: 714067K (81%)
----------------- Invoking toplevel() on ptolemy.moml.MoMLSimpleApplication@14fd837a
----------------- Done invoking toplevel() on ptolemy.moml.MoMLSimpleApplication@14fd837a
reloadAllAccessors: .ArraySum

===========================================================================================
----------------- testing Mon Apr 08 03:54:36 UTC 2019 /home/travis/build/icyphy/ptII/ptolemy/actor/lib/test/auto/ArrayToElements.xml
----------------- Instantiating /home/travis/build/icyphy/ptII/ptolemy/actor/lib/test/auto/ArrayToElements.xml
5 ms. Memory: 876544K Free: 703697K (80%)
----------------- Invoking toplevel() on ptolemy.moml.MoMLSimpleApplication@7a77588e
----------------- Done invoking toplevel() on ptolemy.moml.MoMLSimpleApplication@7a77588e
reloadAllAccessors: .ArrayToElements

===========================================================================================
----------------- testing Mon Apr 08 03:54:36 UTC 2019 /home/travis/build/icyphy/ptII/ptolemy/actor/lib/test/auto/ArrayToMatrix.xml
----------------- Instantiating /home/travis/build/icyphy/ptII/ptolemy/actor/lib/test/auto/ArrayToMatrix.xml
9 ms. Memory: 876544K Free: 682941K (78%)
----------------- Invoking toplevel() on ptolemy.moml.MoMLSimpleApplication@6e105490
----------------- Done invoking toplevel() on ptolemy.moml.MoMLSimpleApplication@6e105490
reloadAllAccessors: .ArrayToMatrix

===========================================================================================
----------------- testing Mon Apr 08 03:54:36 UTC 2019 /home/travis/build/icyphy/ptII/ptolemy/actor/lib/test/auto/ArrayUpdate1.xml
----------------- Instantiating /home/travis/build/icyphy/ptII/ptolemy/actor/lib/test/auto/ArrayUpdate1.xml
2 ms. Memory: 876544K Free: 672571K (77%)
----------------- Invoking toplevel() on ptolemy.moml.MoMLSimpleApplication@412a86d0
----------------- Done invoking toplevel() on ptolemy.moml.MoMLSimpleApplication@412a86d0
reloadAllAccessors: .ArrayUpdate1

===========================================================================================
----------------- testing Mon Apr 08 03:54:36 UTC 2019 /home/travis/build/icyphy/ptII/ptolemy/actor/lib/test/auto/ArrayUpdate2.xml
----------------- Instantiating /home/travis/build/icyphy/ptII/ptolemy/actor/lib/test/auto/ArrayUpdate2.xml
5 ms. Memory: 876544K Free: 662201K (76%)
----------------- Invoking toplevel() on ptolemy.moml.MoMLSimpleApplication@23d46c76
----------------- Done invoking toplevel() on ptolemy.moml.MoMLSimpleApplication@23d46c76
reloadAllAccessors: .ArrayUpdate2

===========================================================================================
----------------- testing Mon Apr 08 03:54:36 UTC 2019 /home/travis/build/icyphy/ptII/ptolemy/actor/lib/test/auto/ArrayUpdate3.xml
----------------- Instantiating /home/travis/build/icyphy/ptII/ptolemy/actor/lib/test/auto/ArrayUpdate3.xml
2 ms. Memory: 876544K Free: 641310K (73%)
----------------- Invoking toplevel() on ptolemy.moml.MoMLSimpleApplication@3bdfd9ea
----------------- Done invoking toplevel() on ptolemy.moml.MoMLSimpleApplication@3bdfd9ea
reloadAllAccessors: .ArrayUpdate3

===========================================================================================
----------------- testing Mon Apr 08 03:54:36 UTC 2019 /home/travis/build/icyphy/ptII/ptolemy/actor/lib/test/auto/Assert1.xml
----------------- Instantiating /home/travis/build/icyphy/ptII/ptolemy/actor/lib/test/auto/Assert1.xml
3 ms. Memory: 876544K Free: 630940K (72%)
----------------- Invoking toplevel() on ptolemy.moml.MoMLSimpleApplication@7853193b
----------------- Done invoking toplevel() on ptolemy.moml.MoMLSimpleApplication@7853193b
reloadAllAccessors: .Assert1

===========================================================================================
----------------- testing Mon Apr 08 03:54:37 UTC 2019 /home/travis/build/icyphy/ptII/ptolemy/actor/lib/test/auto/Assert2.xml
----------------- Instantiating /home/travis/build/icyphy/ptII/ptolemy/actor/lib/test/auto/Assert2.xml
2 ms. Memory: 876544K Free: 620570K (71%)
----------------- Invoking toplevel() on ptolemy.moml.MoMLSimpleApplication@4c884780
----------------- Done invoking toplevel() on ptolemy.moml.MoMLSimpleApplication@4c884780
reloadAllAccessors: .Assert2

===========================================================================================
----------------- testing Mon Apr 08 03:54:37 UTC 2019 /home/travis/build/icyphy/ptII/ptolemy/actor/lib/test/auto/BooleanMultiplexor.xml
----------------- Instantiating /home/travis/build/icyphy/ptII/ptolemy/actor/lib/test/auto/BooleanMultiplexor.xml
4 ms. Memory: 876544K Free: 610200K (70%)
----------------- Invoking toplevel() on ptolemy.moml.MoMLSimpleApplication@70004dca
----------------- Done invoking toplevel() on ptolemy.moml.MoMLSimpleApplication@70004dca
reloadAllAccessors: .BooleanMultiplexor

===========================================================================================
----------------- testing Mon Apr 08 03:54:37 UTC 2019 /home/travis/build/icyphy/ptII/ptolemy/actor/lib/test/auto/BooleanMultiplexor2.xml
----------------- Instantiating /home/travis/build/icyphy/ptII/ptolemy/actor/lib/test/auto/BooleanMultiplexor2.xml
15 ms. Memory: 876544K Free: 599831K (68%)
----------------- Invoking toplevel() on ptolemy.moml.MoMLSimpleApplication@2a2aad4c
----------------- Done invoking toplevel() on ptolemy.moml.MoMLSimpleApplication@2a2aad4c
reloadAllAccessors: .BooleanMultiplexor2

===========================================================================================
----------------- testing Mon Apr 08 03:54:37 UTC 2019 /home/travis/build/icyphy/ptII/ptolemy/actor/lib/test/auto/BooleanMultiplexor3.xml
----------------- Instantiating /home/travis/build/icyphy/ptII/ptolemy/actor/lib/test/auto/BooleanMultiplexor3.xml
7 ms. Memory: 876544K Free: 578939K (66%)
----------------- Invoking toplevel() on ptolemy.moml.MoMLSimpleApplication@76f546bc
----------------- Done invoking toplevel() on ptolemy.moml.MoMLSimpleApplication@76f546bc
reloadAllAccessors: .BooleanMultiplexor3

===========================================================================================
----------------- testing Mon Apr 08 03:54:37 UTC 2019 /home/travis/build/icyphy/ptII/ptolemy/actor/lib/test/auto/BooleanSelect.xml
----------------- Instantiating /home/travis/build/icyphy/ptII/ptolemy/actor/lib/test/auto/BooleanSelect.xml
8 ms. Memory: 876544K Free: 568569K (65%)
----------------- Invoking toplevel() on ptolemy.moml.MoMLSimpleApplication@4694827f
----------------- Done invoking toplevel() on ptolemy.moml.MoMLSimpleApplication@4694827f
reloadAllAccessors: .BooleanSelect

===========================================================================================
----------------- testing Mon Apr 08 03:54:37 UTC 2019 /home/travis/build/icyphy/ptII/ptolemy/actor/lib/test/auto/BooleanSelect2.xml
----------------- Instantiating /home/travis/build/icyphy/ptII/ptolemy/actor/lib/test/auto/BooleanSelect2.xml
2 ms. Memory: 876544K Free: 558200K (64%)
----------------- Invoking toplevel() on ptolemy.moml.MoMLSimpleApplication@4c4b2264
----------------- Done invoking toplevel() on ptolemy.moml.MoMLSimpleApplication@4c4b2264
reloadAllAccessors: .BooleanSelect2

===========================================================================================
----------------- testing Mon Apr 08 03:54:37 UTC 2019 /home/travis/build/icyphy/ptII/ptolemy/actor/lib/test/auto/BooleanSwitch.xml
----------------- Instantiating /home/travis/build/icyphy/ptII/ptolemy/actor/lib/test/auto/BooleanSwitch.xml
2 ms. Memory: 876544K Free: 547830K (62%)
----------------- Invoking toplevel() on ptolemy.moml.MoMLSimpleApplication@32448924
----------------- Done invoking toplevel() on ptolemy.moml.MoMLSimpleApplication@32448924
reloadAllAccessors: .BooleanSwitch

===========================================================================================
----------------- testing Mon Apr 08 03:54:37 UTC 2019 /home/travis/build/icyphy/ptII/ptolemy/actor/lib/test/auto/BooleanSwitch2.xml
----------------- Instantiating /home/travis/build/icyphy/ptII/ptolemy/actor/lib/test/auto/BooleanSwitch2.xml
1 ms. Memory: 876544K Free: 526938K (60%)
----------------- Invoking toplevel() on ptolemy.moml.MoMLSimpleApplication@49d27ecd
----------------- Done invoking toplevel() on ptolemy.moml.MoMLSimpleApplication@49d27ecd
reloadAllAccessors: .BooleanSwitch2

===========================================================================================
----------------- testing Mon Apr 08 03:54:37 UTC 2019 /home/travis/build/icyphy/ptII/ptolemy/actor/lib/test/auto/BooleanSwitchCloningBugWithClassRelationGroup.xml
----------------- Instantiating /home/travis/build/icyphy/ptII/ptolemy/actor/lib/test/auto/BooleanSwitchCloningBugWithClassRelationGroup.xml
3 ms. Memory: 876544K Free: 516569K (59%)
----------------- Invoking toplevel() on ptolemy.moml.MoMLSimpleApplication@1409ff4b
----------------- Done invoking toplevel() on ptolemy.moml.MoMLSimpleApplication@1409ff4b
reloadAllAccessors: .BooleanSwitchCloningBugWithClassRelationGroup

===========================================================================================
----------------- testing Mon Apr 08 03:54:37 UTC 2019 /home/travis/build/icyphy/ptII/ptolemy/actor/lib/test/auto/BusActors.xml
----------------- Instantiating /home/travis/build/icyphy/ptII/ptolemy/actor/lib/test/auto/BusActors.xml
4 ms. Memory: 876544K Free: 501006K (57%)
----------------- Invoking toplevel() on ptolemy.moml.MoMLSimpleApplication@76bd9002
----------------- Done invoking toplevel() on ptolemy.moml.MoMLSimpleApplication@76bd9002
reloadAllAccessors: .BusActors

===========================================================================================
----------------- testing Mon Apr 08 03:54:37 UTC 2019 /home/travis/build/icyphy/ptII/ptolemy/actor/lib/test/auto/ClassWrapper.xml
----------------- Instantiating /home/travis/build/icyphy/ptII/ptolemy/actor/lib/test/auto/ClassWrapper.xml
2 ms. Memory: 876544K Free: 490636K (56%)
----------------- Invoking toplevel() on ptolemy.moml.MoMLSimpleApplication@308f3eb6
----------------- Done invoking toplevel() on ptolemy.moml.MoMLSimpleApplication@308f3eb6
reloadAllAccessors: .ClassWrapper

===========================================================================================
----------------- testing Mon Apr 08 03:54:37 UTC 2019 /home/travis/build/icyphy/ptII/ptolemy/actor/lib/test/auto/Clock.xml
----------------- Instantiating /home/travis/build/icyphy/ptII/ptolemy/actor/lib/test/auto/Clock.xml
1 ms. Memory: 876544K Free: 480266K (55%)
----------------- Invoking toplevel() on ptolemy.moml.MoMLSimpleApplication@dcfd486
----------------- Done invoking toplevel() on ptolemy.moml.MoMLSimpleApplication@dcfd486
reloadAllAccessors: .Clock

===========================================================================================
----------------- testing Mon Apr 08 03:54:37 UTC 2019 /home/travis/build/icyphy/ptII/ptolemy/actor/lib/test/auto/Clock10.xml
----------------- Instantiating /home/travis/build/icyphy/ptII/ptolemy/actor/lib/test/auto/Clock10.xml
2 ms. Memory: 876544K Free: 459375K (52%)
----------------- Invoking toplevel() on ptolemy.moml.MoMLSimpleApplication@9edde11
----------------- Done invoking toplevel() on ptolemy.moml.MoMLSimpleApplication@9edde11
reloadAllAccessors: .Clock10

===========================================================================================
----------------- testing Mon Apr 08 03:54:37 UTC 2019 /home/travis/build/icyphy/ptII/ptolemy/actor/lib/test/auto/Clock11.xml
----------------- Instantiating /home/travis/build/icyphy/ptII/ptolemy/actor/lib/test/auto/Clock11.xml
3 ms. Memory: 876544K Free: 449005K (51%)
----------------- Invoking toplevel() on ptolemy.moml.MoMLSimpleApplication@65992c7b
----------------- Done invoking toplevel() on ptolemy.moml.MoMLSimpleApplication@65992c7b
reloadAllAccessors: .Clock11

===========================================================================================
----------------- testing Mon Apr 08 03:54:37 UTC 2019 /home/travis/build/icyphy/ptII/ptolemy/actor/lib/test/auto/Clock12.xml
----------------- Instantiating /home/travis/build/icyphy/ptII/ptolemy/actor/lib/test/auto/Clock12.xml
3 ms. Memory: 876544K Free: 438635K (50%)
----------------- Invoking toplevel() on ptolemy.moml.MoMLSimpleApplication@6d0cdea
----------------- Done invoking toplevel() on ptolemy.moml.MoMLSimpleApplication@6d0cdea
reloadAllAccessors: .Clock12

===========================================================================================
----------------- testing Mon Apr 08 03:54:37 UTC 2019 /home/travis/build/icyphy/ptII/ptolemy/actor/lib/test/auto/Clock13.xml
----------------- Instantiating /home/travis/build/icyphy/ptII/ptolemy/actor/lib/test/auto/Clock13.xml
2 ms. Memory: 876544K Free: 428266K (49%)
----------------- Invoking toplevel() on ptolemy.moml.MoMLSimpleApplication@e779e9
----------------- Done invoking toplevel() on ptolemy.moml.MoMLSimpleApplication@e779e9
reloadAllAccessors: .Clock13

===========================================================================================
----------------- testing Mon Apr 08 03:54:37 UTC 2019 /home/travis/build/icyphy/ptII/ptolemy/actor/lib/test/auto/Clock14.xml
----------------- Instantiating /home/travis/build/icyphy/ptII/ptolemy/actor/lib/test/auto/Clock14.xml
3 ms. Memory: 876544K Free: 417896K (48%)
----------------- Invoking toplevel() on ptolemy.moml.MoMLSimpleApplication@7ea35e71
----------------- Done invoking toplevel() on ptolemy.moml.MoMLSimpleApplication@7ea35e71
reloadAllAccessors: .Clock14

===========================================================================================
----------------- testing Mon Apr 08 03:54:37 UTC 2019 /home/travis/build/icyphy/ptII/ptolemy/actor/lib/test/auto/Clock15.xml
----------------- Instantiating /home/travis/build/icyphy/ptII/ptolemy/actor/lib/test/auto/Clock15.xml
6 ms. Memory: 876544K Free: 397004K (45%)
----------------- Invoking toplevel() on ptolemy.moml.MoMLSimpleApplication@3dc85c58
----------------- Done invoking toplevel() on ptolemy.moml.MoMLSimpleApplication@3dc85c58
reloadAllAccessors: .Clock15

===========================================================================================
----------------- testing Mon Apr 08 03:54:37 UTC 2019 /home/travis/build/icyphy/ptII/ptolemy/actor/lib/test/auto/Clock16.xml
----------------- Instantiating /home/travis/build/icyphy/ptII/ptolemy/actor/lib/test/auto/Clock16.xml
20 ms. Memory: 876544K Free: 376249K (43%)
----------------- Invoking toplevel() on ptolemy.moml.MoMLSimpleApplication@7848d778
----------------- Done invoking toplevel() on ptolemy.moml.MoMLSimpleApplication@7848d778
reloadAllAccessors: .Clock16

===========================================================================================
----------------- testing Mon Apr 08 03:54:37 UTC 2019 /home/travis/build/icyphy/ptII/ptolemy/actor/lib/test/auto/Clock17.xml
----------------- Instantiating /home/travis/build/icyphy/ptII/ptolemy/actor/lib/test/auto/Clock17.xml
12 ms. Memory: 876544K Free: 360678K (41%)
----------------- Invoking toplevel() on ptolemy.moml.MoMLSimpleApplication@119737a2
----------------- Done invoking toplevel() on ptolemy.moml.MoMLSimpleApplication@119737a2
reloadAllAccessors: .Clock17

===========================================================================================
----------------- testing Mon Apr 08 03:54:37 UTC 2019 /home/travis/build/icyphy/ptII/ptolemy/actor/lib/test/auto/Clock18.xml
----------------- Instantiating /home/travis/build/icyphy/ptII/ptolemy/actor/lib/test/auto/Clock18.xml
24 ms. Memory: 876544K Free: 337346K (38%)
----------------- Invoking toplevel() on ptolemy.moml.MoMLSimpleApplication@7f1ff5b9
----------------- Done invoking toplevel() on ptolemy.moml.MoMLSimpleApplication@7f1ff5b9
reloadAllAccessors: .Clock18

===========================================================================================
----------------- testing Mon Apr 08 03:54:37 UTC 2019 /home/travis/build/icyphy/ptII/ptolemy/actor/lib/test/auto/Clock19.xml
----------------- Instantiating /home/travis/build/icyphy/ptII/ptolemy/actor/lib/test/auto/Clock19.xml
8 ms. Memory: 876544K Free: 321775K (37%)
----------------- Invoking toplevel() on ptolemy.moml.MoMLSimpleApplication@479fca8b
----------------- Done invoking toplevel() on ptolemy.moml.MoMLSimpleApplication@479fca8b
reloadAllAccessors: .Clock19

===========================================================================================
----------------- testing Mon Apr 08 03:54:37 UTC 2019 /home/travis/build/icyphy/ptII/ptolemy/actor/lib/test/auto/Clock2.xml
----------------- Instantiating /home/travis/build/icyphy/ptII/ptolemy/actor/lib/test/auto/Clock2.xml
7 ms. Memory: 876544K Free: 300884K (34%)
----------------- Invoking toplevel() on ptolemy.moml.MoMLSimpleApplication@4b942467
----------------- Done invoking toplevel() on ptolemy.moml.MoMLSimpleApplication@4b942467
reloadAllAccessors: .Clock2

===========================================================================================
----------------- testing Mon Apr 08 03:54:37 UTC 2019 /home/travis/build/icyphy/ptII/ptolemy/actor/lib/test/auto/Clock20.xml
----------------- Instantiating /home/travis/build/icyphy/ptII/ptolemy/actor/lib/test/auto/Clock20.xml
9 ms. Memory: 876544K Free: 290514K (33%)
----------------- Invoking toplevel() on ptolemy.moml.MoMLSimpleApplication@3eb2de07
----------------- Done invoking toplevel() on ptolemy.moml.MoMLSimpleApplication@3eb2de07
reloadAllAccessors: .Clock20

===========================================================================================
----------------- testing Mon Apr 08 03:54:37 UTC 2019 /home/travis/build/icyphy/ptII/ptolemy/actor/lib/test/auto/Clock21.xml
----------------- Instantiating /home/travis/build/icyphy/ptII/ptolemy/actor/lib/test/auto/Clock21.xml
7 ms. Memory: 876544K Free: 280144K (32%)
----------------- Invoking toplevel() on ptolemy.moml.MoMLSimpleApplication@2d0529eb
----------------- Done invoking toplevel() on ptolemy.moml.MoMLSimpleApplication@2d0529eb
reloadAllAccessors: .Clock21

===========================================================================================
----------------- testing Mon Apr 08 03:54:37 UTC 2019 /home/travis/build/icyphy/ptII/ptolemy/actor/lib/test/auto/Clock22.xml
----------------- Instantiating /home/travis/build/icyphy/ptII/ptolemy/actor/lib/test/auto/Clock22.xml
4 ms. Memory: 876544K Free: 269775K (31%)
----------------- Invoking toplevel() on ptolemy.moml.MoMLSimpleApplication@6475c01d
----------------- Done invoking toplevel() on ptolemy.moml.MoMLSimpleApplication@6475c01d
reloadAllAccessors: .Clock22

===========================================================================================
----------------- testing Mon Apr 08 03:54:37 UTC 2019 /home/travis/build/icyphy/ptII/ptolemy/actor/lib/test/auto/Clock23.xml
----------------- Instantiating /home/travis/build/icyphy/ptII/ptolemy/actor/lib/test/auto/Clock23.xml
7 ms. Memory: 876544K Free: 248883K (28%)
----------------- Invoking toplevel() on ptolemy.moml.MoMLSimpleApplication@5100e6e5
----------------- Done invoking toplevel() on ptolemy.moml.MoMLSimpleApplication@5100e6e5
reloadAllAccessors: .Clock23

===========================================================================================
----------------- testing Mon Apr 08 03:54:37 UTC 2019 /home/travis/build/icyphy/ptII/ptolemy/actor/lib/test/auto/Clock24.xml
----------------- Instantiating /home/travis/build/icyphy/ptII/ptolemy/actor/lib/test/auto/Clock24.xml
6 ms. Memory: 876544K Free: 238514K (27%)
----------------- Invoking toplevel() on ptolemy.moml.MoMLSimpleApplication@373ec386
----------------- Done invoking toplevel() on ptolemy.moml.MoMLSimpleApplication@373ec386
reloadAllAccessors: .Clock24

===========================================================================================
----------------- testing Mon Apr 08 03:54:37 UTC 2019 /home/travis/build/icyphy/ptII/ptolemy/actor/lib/test/auto/Clock4.xml
----------------- Instantiating /home/travis/build/icyphy/ptII/ptolemy/actor/lib/test/auto/Clock4.xml
2 ms. Memory: 876544K Free: 228144K (26%)
----------------- Invoking toplevel() on ptolemy.moml.MoMLSimpleApplication@234b2181
----------------- Done invoking toplevel() on ptolemy.moml.MoMLSimpleApplication@234b2181
reloadAllAccessors: .Clock4

===========================================================================================
----------------- testing Mon Apr 08 03:54:37 UTC 2019 /home/travis/build/icyphy/ptII/ptolemy/actor/lib/test/auto/Clock5.xml
----------------- Instantiating /home/travis/build/icyphy/ptII/ptolemy/actor/lib/test/auto/Clock5.xml
2 ms. Memory: 876544K Free: 217774K (25%)
----------------- Invoking toplevel() on ptolemy.moml.MoMLSimpleApplication@7829ff2a
----------------- Done invoking toplevel() on ptolemy.moml.MoMLSimpleApplication@7829ff2a
reloadAllAccessors: .Clock5

===========================================================================================
----------------- testing Mon Apr 08 03:54:37 UTC 2019 /home/travis/build/icyphy/ptII/ptolemy/actor/lib/test/auto/Clock6.xml
----------------- Instantiating /home/travis/build/icyphy/ptII/ptolemy/actor/lib/test/auto/Clock6.xml
2 ms. Memory: 876544K Free: 207404K (24%)
----------------- Invoking toplevel() on ptolemy.moml.MoMLSimpleApplication@4f5d3b78
----------------- Done invoking toplevel() on ptolemy.moml.MoMLSimpleApplication@4f5d3b78
reloadAllAccessors: .Clock6

===========================================================================================
----------------- testing Mon Apr 08 03:54:37 UTC 2019 /home/travis/build/icyphy/ptII/ptolemy/actor/lib/test/auto/Clock7.xml
----------------- Instantiating /home/travis/build/icyphy/ptII/ptolemy/actor/lib/test/auto/Clock7.xml
2 ms. Memory: 876544K Free: 186513K (21%)
----------------- Invoking toplevel() on ptolemy.moml.MoMLSimpleApplication@7c64426f
----------------- Done invoking toplevel() on ptolemy.moml.MoMLSimpleApplication@7c64426f
reloadAllAccessors: .Clock7

===========================================================================================
----------------- testing Mon Apr 08 03:54:37 UTC 2019 /home/travis/build/icyphy/ptII/ptolemy/actor/lib/test/auto/Clock8.xml
----------------- Instantiating /home/travis/build/icyphy/ptII/ptolemy/actor/lib/test/auto/Clock8.xml
2 ms. Memory: 876544K Free: 176143K (20%)
----------------- Invoking toplevel() on ptolemy.moml.MoMLSimpleApplication@17b9b3d7
----------------- Done invoking toplevel() on ptolemy.moml.MoMLSimpleApplication@17b9b3d7
reloadAllAccessors: .Clock8

===========================================================================================
----------------- testing Mon Apr 08 03:54:37 UTC 2019 /home/travis/build/icyphy/ptII/ptolemy/actor/lib/test/auto/Clock9.xml
----------------- Instantiating /home/travis/build/icyphy/ptII/ptolemy/actor/lib/test/auto/Clock9.xml
3 ms. Memory: 876544K Free: 165773K (19%)
----------------- Invoking toplevel() on ptolemy.moml.MoMLSimpleApplication@1cbcd42
----------------- Done invoking toplevel() on ptolemy.moml.MoMLSimpleApplication@1cbcd42
reloadAllAccessors: .Clock9

===========================================================================================
----------------- testing Mon Apr 08 03:54:37 UTC 2019 /home/travis/build/icyphy/ptII/ptolemy/actor/lib/test/auto/CommDistDiscard.xml
----------------- Instantiating /home/travis/build/icyphy/ptII/ptolemy/actor/lib/test/auto/CommDistDiscard.xml
3 ms. Memory: 876544K Free: 155404K (18%)
----------------- Invoking toplevel() on ptolemy.moml.MoMLSimpleApplication@6cd3f3f6
----------------- Done invoking toplevel() on ptolemy.moml.MoMLSimpleApplication@6cd3f3f6
reloadAllAccessors: .CommDistDiscard

===========================================================================================
----------------- testing Mon Apr 08 03:54:37 UTC 2019 /home/travis/build/icyphy/ptII/ptolemy/actor/lib/test/auto/Commutator.xml
----------------- Instantiating /home/travis/build/icyphy/ptII/ptolemy/actor/lib/test/auto/Commutator.xml
2 ms. Memory: 876544K Free: 145034K (17%)
----------------- Invoking toplevel() on ptolemy.moml.MoMLSimpleApplication@f0faa70
----------------- Done invoking toplevel() on ptolemy.moml.MoMLSimpleApplication@f0faa70
reloadAllAccessors: .Commutator

===========================================================================================
----------------- testing Mon Apr 08 03:54:38 UTC 2019 /home/travis/build/icyphy/ptII/ptolemy/actor/lib/test/auto/Commutator2.xml
----------------- Instantiating /home/travis/build/icyphy/ptII/ptolemy/actor/lib/test/auto/Commutator2.xml
2 ms. Memory: 876544K Free: 124143K (14%)
----------------- Invoking toplevel() on ptolemy.moml.MoMLSimpleApplication@78ea7ab7
----------------- Done invoking toplevel() on ptolemy.moml.MoMLSimpleApplication@78ea7ab7
reloadAllAccessors: .Commutator2

===========================================================================================
----------------- testing Mon Apr 08 03:54:38 UTC 2019 /home/travis/build/icyphy/ptII/ptolemy/actor/lib/test/auto/Commutator3.xml
----------------- Instantiating /home/travis/build/icyphy/ptII/ptolemy/actor/lib/test/auto/Commutator3.xml
2 ms. Memory: 876544K Free: 113773K (13%)
----------------- Invoking toplevel() on ptolemy.moml.MoMLSimpleApplication@3f3976c1
----------------- Done invoking toplevel() on ptolemy.moml.MoMLSimpleApplication@3f3976c1
reloadAllAccessors: .Commutator3

===========================================================================================
----------------- testing Mon Apr 08 03:54:38 UTC 2019 /home/travis/build/icyphy/ptII/ptolemy/actor/lib/test/auto/Compare.xml
----------------- Instantiating /home/travis/build/icyphy/ptII/ptolemy/actor/lib/test/auto/Compare.xml
2 ms. Memory: 876544K Free: 103403K (12%)
----------------- Invoking toplevel() on ptolemy.moml.MoMLSimpleApplication@603f3e9
----------------- Done invoking toplevel() on ptolemy.moml.MoMLSimpleApplication@603f3e9
reloadAllAccessors: .Compare

===========================================================================================
----------------- testing Mon Apr 08 03:54:38 UTC 2019 /home/travis/build/icyphy/ptII/ptolemy/actor/lib/test/auto/CompareDE.xml
----------------- Instantiating /home/travis/build/icyphy/ptII/ptolemy/actor/lib/test/auto/CompareDE.xml
3 ms. Memory: 876544K Free: 93033K (11%)
----------------- Invoking toplevel() on ptolemy.moml.MoMLSimpleApplication@2fd1d2f
----------------- Done invoking toplevel() on ptolemy.moml.MoMLSimpleApplication@2fd1d2f
reloadAllAccessors: .CompareDE

===========================================================================================
----------------- testing Mon Apr 08 03:54:38 UTC 2019 /home/travis/build/icyphy/ptII/ptolemy/actor/lib/test/auto/ComplexDivide.xml
----------------- Instantiating /home/travis/build/icyphy/ptII/ptolemy/actor/lib/test/auto/ComplexDivide.xml
2 ms. Memory: 876544K Free: 72142K (8%)
----------------- Invoking toplevel() on ptolemy.moml.MoMLSimpleApplication@290320a6
----------------- Done invoking toplevel() on ptolemy.moml.MoMLSimpleApplication@290320a6
reloadAllAccessors: .ComplexDivide

===========================================================================================
----------------- testing Mon Apr 08 03:54:38 UTC 2019 /home/travis/build/icyphy/ptII/ptolemy/actor/lib/test/auto/ComputeHistogram.xml
----------------- Instantiating /home/travis/build/icyphy/ptII/ptolemy/actor/lib/test/auto/ComputeHistogram.xml
50 ms. Memory: 877056K Free: 835120K (95%)
----------------- Invoking toplevel() on ptolemy.moml.MoMLSimpleApplication@15201595
----------------- Done invoking toplevel() on ptolemy.moml.MoMLSimpleApplication@15201595
reloadAllAccessors: .ComputeHistogram

===========================================================================================
----------------- testing Mon Apr 08 03:54:38 UTC 2019 /home/travis/build/icyphy/ptII/ptolemy/actor/lib/test/auto/ConfigurationSelect.xml
----------------- Instantiating /home/travis/build/icyphy/ptII/ptolemy/actor/lib/test/auto/ConfigurationSelect.xml
6 ms. Memory: 877056K Free: 816751K (93%)
----------------- Invoking toplevel() on ptolemy.moml.MoMLSimpleApplication@35a48130
----------------- Done invoking toplevel() on ptolemy.moml.MoMLSimpleApplication@35a48130
reloadAllAccessors: .ConfigurationSelect

===========================================================================================
----------------- testing Mon Apr 08 03:54:38 UTC 2019 /home/travis/build/icyphy/ptII/ptolemy/actor/lib/test/auto/ConfigurationSelect2.xml
----------------- Instantiating /home/travis/build/icyphy/ptII/ptolemy/actor/lib/test/auto/ConfigurationSelect2.xml
1 ms. Memory: 877056K Free: 808974K (92%)
----------------- Invoking toplevel() on ptolemy.moml.MoMLSimpleApplication@54d570b6
----------------- Done invoking toplevel() on ptolemy.moml.MoMLSimpleApplication@54d570b6
reloadAllAccessors: .ConfigurationSelect2

===========================================================================================
----------------- testing Mon Apr 08 03:54:38 UTC 2019 /home/travis/build/icyphy/ptII/ptolemy/actor/lib/test/auto/ConfigurationSwitch.xml
----------------- Instantiating /home/travis/build/icyphy/ptII/ptolemy/actor/lib/test/auto/ConfigurationSwitch.xml
5 ms. Memory: 877056K Free: 801196K (91%)
----------------- Invoking toplevel() on ptolemy.moml.MoMLSimpleApplication@5fe40afd
----------------- Done invoking toplevel() on ptolemy.moml.MoMLSimpleApplication@5fe40afd
reloadAllAccessors: .ConfigurationSwitch

===========================================================================================
----------------- testing Mon Apr 08 03:54:38 UTC 2019 /home/travis/build/icyphy/ptII/ptolemy/actor/lib/test/auto/ConfigurationSwitch2.xml
----------------- Instantiating /home/travis/build/icyphy/ptII/ptolemy/actor/lib/test/auto/ConfigurationSwitch2.xml
3 ms. Memory: 877056K Free: 785720K (90%)
----------------- Invoking toplevel() on ptolemy.moml.MoMLSimpleApplication@708c6726
----------------- Done invoking toplevel() on ptolemy.moml.MoMLSimpleApplication@708c6726
reloadAllAccessors: .ConfigurationSwitch2

===========================================================================================
----------------- testing Mon Apr 08 03:54:38 UTC 2019 /home/travis/build/icyphy/ptII/ptolemy/actor/lib/test/auto/ConfigurationSwitchCloningBugWithClassRelationGroup.xml
----------------- Instantiating /home/travis/build/icyphy/ptII/ptolemy/actor/lib/test/auto/ConfigurationSwitchCloningBugWithClassRelationGroup.xml
1 ms. Memory: 877056K Free: 774038K (88%)
----------------- Invoking toplevel() on ptolemy.moml.MoMLSimpleApplication@bde26e0
----------------- Done invoking toplevel() on ptolemy.moml.MoMLSimpleApplication@bde26e0
reloadAllAccessors: .ConfigurationSwitchCloningBugWithClassRelationGroup

===========================================================================================
----------------- testing Mon Apr 08 03:54:38 UTC 2019 /home/travis/build/icyphy/ptII/ptolemy/actor/lib/test/auto/ConfigurationSwitchSelectSDF.xml
----------------- Instantiating /home/travis/build/icyphy/ptII/ptolemy/actor/lib/test/auto/ConfigurationSwitchSelectSDF.xml
2 ms. Memory: 877056K Free: 766260K (87%)
----------------- Invoking toplevel() on ptolemy.moml.MoMLSimpleApplication@460083c2
----------------- Done invoking toplevel() on ptolemy.moml.MoMLSimpleApplication@460083c2
reloadAllAccessors: .ConfigurationSwitchSelectSDF

===========================================================================================
----------------- testing Mon Apr 08 03:54:38 UTC 2019 /home/travis/build/icyphy/ptII/ptolemy/actor/lib/test/auto/ConfigurationSwitchSelectSDF2.xml
----------------- Instantiating /home/travis/build/icyphy/ptII/ptolemy/actor/lib/test/auto/ConfigurationSwitchSelectSDF2.xml
3 ms. Memory: 877056K Free: 750784K (86%)
----------------- Invoking toplevel() on ptolemy.moml.MoMLSimpleApplication@3d486a09
----------------- Done invoking toplevel() on ptolemy.moml.MoMLSimpleApplication@3d486a09
reloadAllAccessors: .ConfigurationSwitchSelectSDF2

===========================================================================================
----------------- testing Mon Apr 08 03:54:38 UTC 2019 /home/travis/build/icyphy/ptII/ptolemy/actor/lib/test/auto/Const.xml
----------------- Instantiating /home/travis/build/icyphy/ptII/ptolemy/actor/lib/test/auto/Const.xml
1 ms. Memory: 877056K Free: 743006K (85%)
----------------- Invoking toplevel() on ptolemy.moml.MoMLSimpleApplication@52ea9ed8
----------------- Done invoking toplevel() on ptolemy.moml.MoMLSimpleApplication@52ea9ed8
reloadAllAccessors: .Const

===========================================================================================
----------------- testing Mon Apr 08 03:54:38 UTC 2019 /home/travis/build/icyphy/ptII/ptolemy/actor/lib/test/auto/Const2.xml
----------------- Instantiating /home/travis/build/icyphy/ptII/ptolemy/actor/lib/test/auto/Const2.xml
2 ms. Memory: 877056K Free: 735229K (84%)
----------------- Invoking toplevel() on ptolemy.moml.MoMLSimpleApplication@5d1938fb
----------------- Done invoking toplevel() on ptolemy.moml.MoMLSimpleApplication@5d1938fb
reloadAllAccessors: .Const2

===========================================================================================
----------------- testing Mon Apr 08 03:54:38 UTC 2019 /home/travis/build/icyphy/ptII/ptolemy/actor/lib/test/auto/Const3.xml
----------------- Instantiating /home/travis/build/icyphy/ptII/ptolemy/actor/lib/test/auto/Const3.xml
2 ms. Memory: 877056K Free: 727452K (83%)
----------------- Invoking toplevel() on ptolemy.moml.MoMLSimpleApplication@2a3dbded
----------------- Done invoking toplevel() on ptolemy.moml.MoMLSimpleApplication@2a3dbded
reloadAllAccessors: .Const3

===========================================================================================
----------------- testing Mon Apr 08 03:54:38 UTC 2019 /home/travis/build/icyphy/ptII/ptolemy/actor/lib/test/auto/ConstantPublisherPort1.xml
----------------- Instantiating /home/travis/build/icyphy/ptII/ptolemy/actor/lib/test/auto/ConstantPublisherPort1.xml
8 ms. Memory: 877056K Free: 708070K (81%)
----------------- Invoking toplevel() on ptolemy.moml.MoMLSimpleApplication@5a7043b4
----------------- Done invoking toplevel() on ptolemy.moml.MoMLSimpleApplication@5a7043b4
reloadAllAccessors: .ConstantPublisherPort1

===========================================================================================
----------------- testing Mon Apr 08 03:54:38 UTC 2019 /home/travis/build/icyphy/ptII/ptolemy/actor/lib/test/auto/ConstantPublisherPort2.xml
----------------- Instantiating /home/travis/build/icyphy/ptII/ptolemy/actor/lib/test/auto/ConstantPublisherPort2.xml
11 ms. Memory: 877056K Free: 696396K (79%)
----------------- Invoking toplevel() on ptolemy.moml.MoMLSimpleApplication@123fe93
----------------- Done invoking toplevel() on ptolemy.moml.MoMLSimpleApplication@123fe93
reloadAllAccessors: .ConstantPublisherPort2

===========================================================================================
----------------- testing Mon Apr 08 03:54:38 UTC 2019 /home/travis/build/icyphy/ptII/ptolemy/actor/lib/test/auto/ConstantPublisherPort3.xml
----------------- Instantiating /home/travis/build/icyphy/ptII/ptolemy/actor/lib/test/auto/ConstantPublisherPort3.xml
6 ms. Memory: 877056K Free: 684714K (78%)
----------------- Invoking toplevel() on ptolemy.moml.MoMLSimpleApplication@7c41e726
----------------- Done invoking toplevel() on ptolemy.moml.MoMLSimpleApplication@7c41e726
reloadAllAccessors: .ConstantPublisherPort3

===========================================================================================
----------------- testing Mon Apr 08 03:54:38 UTC 2019 /home/travis/build/icyphy/ptII/ptolemy/actor/lib/test/auto/ConstantPublisherPort4.xml
----------------- Instantiating /home/travis/build/icyphy/ptII/ptolemy/actor/lib/test/auto/ConstantPublisherPort4.xml
2 ms. Memory: 877056K Free: 665349K (76%)
----------------- Invoking toplevel() on ptolemy.moml.MoMLSimpleApplication@49c8880a
----------------- Done invoking toplevel() on ptolemy.moml.MoMLSimpleApplication@49c8880a
reloadAllAccessors: .ConstantPublisherPort4

===========================================================================================
----------------- testing Mon Apr 08 03:54:38 UTC 2019 /home/travis/build/icyphy/ptII/ptolemy/actor/lib/test/auto/ConstantPublisherPort5.xml
----------------- Instantiating /home/travis/build/icyphy/ptII/ptolemy/actor/lib/test/auto/ConstantPublisherPort5.xml
36 ms. Memory: 877056K Free: 645890K (74%)
----------------- Invoking toplevel() on ptolemy.moml.MoMLSimpleApplication@4ffdfe8c
----------------- Done invoking toplevel() on ptolemy.moml.MoMLSimpleApplication@4ffdfe8c
reloadAllAccessors: .ConstantPublisherPort5

===========================================================================================
----------------- testing Mon Apr 08 03:54:38 UTC 2019 /home/travis/build/icyphy/ptII/ptolemy/actor/lib/test/auto/ConstantPublisherPort6.xml
----------------- Instantiating /home/travis/build/icyphy/ptII/ptolemy/actor/lib/test/auto/ConstantPublisherPort6.xml
11 ms. Memory: 877056K Free: 622542K (71%)
----------------- Invoking toplevel() on ptolemy.moml.MoMLSimpleApplication@176d3a59
----------------- Done invoking toplevel() on ptolemy.moml.MoMLSimpleApplication@176d3a59
reloadAllAccessors: .ConstantPublisherPort6

===========================================================================================
----------------- testing Mon Apr 08 03:54:38 UTC 2019 /home/travis/build/icyphy/ptII/ptolemy/actor/lib/test/auto/ConstantPublisherPort7.xml
----------------- Instantiating /home/travis/build/icyphy/ptII/ptolemy/actor/lib/test/auto/ConstantPublisherPort7.xml
18 ms. Memory: 877056K Free: 591494K (67%)
----------------- Invoking toplevel() on ptolemy.moml.MoMLSimpleApplication@6d288bfa
----------------- Done invoking toplevel() on ptolemy.moml.MoMLSimpleApplication@6d288bfa
reloadAllAccessors: .ConstantPublisherPort7

===========================================================================================
----------------- testing Mon Apr 08 03:54:38 UTC 2019 /home/travis/build/icyphy/ptII/ptolemy/actor/lib/test/auto/ConstraintMonitor1.xml
----------------- Instantiating /home/travis/build/icyphy/ptII/ptolemy/actor/lib/test/auto/ConstraintMonitor1.xml
3 ms. Memory: 877056K Free: 583717K (67%)
----------------- Invoking toplevel() on ptolemy.moml.MoMLSimpleApplication@25148128
----------------- Done invoking toplevel() on ptolemy.moml.MoMLSimpleApplication@25148128
reloadAllAccessors: .ConstraintMonitor1

===========================================================================================
----------------- testing Mon Apr 08 03:54:38 UTC 2019 /home/travis/build/icyphy/ptII/ptolemy/actor/lib/test/auto/ConstraintMonitor2.xml
----------------- Instantiating /home/travis/build/icyphy/ptII/ptolemy/actor/lib/test/auto/ConstraintMonitor2.xml
6 ms. Memory: 877056K Free: 575940K (66%)
----------------- Invoking toplevel() on ptolemy.moml.MoMLSimpleApplication@571d3d39
----------------- Done invoking toplevel() on ptolemy.moml.MoMLSimpleApplication@571d3d39
reloadAllAccessors: .ConstraintMonitor2

===========================================================================================
----------------- testing Mon Apr 08 03:54:38 UTC 2019 /home/travis/build/icyphy/ptII/ptolemy/actor/lib/test/auto/ConstraintMonitor3.xml
----------------- Instantiating /home/travis/build/icyphy/ptII/ptolemy/actor/lib/test/auto/ConstraintMonitor3.xml
1 ms. Memory: 877056K Free: 568162K (65%)
----------------- Invoking toplevel() on ptolemy.moml.MoMLSimpleApplication@7caacbb9
----------------- Done invoking toplevel() on ptolemy.moml.MoMLSimpleApplication@7caacbb9
reloadAllAccessors: .ConstraintMonitor3

===========================================================================================
----------------- testing Mon Apr 08 03:54:38 UTC 2019 /home/travis/build/icyphy/ptII/ptolemy/actor/lib/test/auto/ConstraintMonitor4.xml
----------------- Instantiating /home/travis/build/icyphy/ptII/ptolemy/actor/lib/test/auto/ConstraintMonitor4.xml
6 ms. Memory: 877056K Free: 552686K (63%)
----------------- Invoking toplevel() on ptolemy.moml.MoMLSimpleApplication@3c6baeb6
----------------- Done invoking toplevel() on ptolemy.moml.MoMLSimpleApplication@3c6baeb6
reloadAllAccessors: .ConstraintMonitor4

===========================================================================================
----------------- testing Mon Apr 08 03:54:38 UTC 2019 /home/travis/build/icyphy/ptII/ptolemy/actor/lib/test/auto/ConstraintMonitor5.xml
----------------- Instantiating /home/travis/build/icyphy/ptII/ptolemy/actor/lib/test/auto/ConstraintMonitor5.xml
6 ms. Memory: 877056K Free: 544908K (62%)
----------------- Invoking toplevel() on ptolemy.moml.MoMLSimpleApplication@929b585
----------------- Done invoking toplevel() on ptolemy.moml.MoMLSimpleApplication@929b585
reloadAllAccessors: .ConstraintMonitor5

===========================================================================================
----------------- testing Mon Apr 08 03:54:38 UTC 2019 /home/travis/build/icyphy/ptII/ptolemy/actor/lib/test/auto/ConstraintMonitor6.xml
----------------- Instantiating /home/travis/build/icyphy/ptII/ptolemy/actor/lib/test/auto/ConstraintMonitor6.xml
2 ms. Memory: 877056K Free: 533234K (61%)
----------------- Invoking toplevel() on ptolemy.moml.MoMLSimpleApplication@2e5ae3a7
----------------- Done invoking toplevel() on ptolemy.moml.MoMLSimpleApplication@2e5ae3a7
reloadAllAccessors: .ConstraintMonitor6

===========================================================================================
----------------- testing Mon Apr 08 03:54:38 UTC 2019 /home/travis/build/icyphy/ptII/ptolemy/actor/lib/test/auto/ConstraintMonitor7.xml
----------------- Instantiating /home/travis/build/icyphy/ptII/ptolemy/actor/lib/test/auto/ConstraintMonitor7.xml
7 ms. Memory: 877056K Free: 513853K (59%)
----------------- Invoking toplevel() on ptolemy.moml.MoMLSimpleApplication@300b1521
----------------- Done invoking toplevel() on ptolemy.moml.MoMLSimpleApplication@300b1521
reloadAllAccessors: .ConstraintMonitor7

===========================================================================================
----------------- testing Mon Apr 08 03:54:38 UTC 2019 /home/travis/build/icyphy/ptII/ptolemy/actor/lib/test/auto/ConstraintMonitor8.xml
----------------- Instantiating /home/travis/build/icyphy/ptII/ptolemy/actor/lib/test/auto/ConstraintMonitor8.xml
8 ms. Memory: 877056K Free: 502179K (57%)
----------------- Invoking toplevel() on ptolemy.moml.MoMLSimpleApplication@a1af5e
----------------- Done invoking toplevel() on ptolemy.moml.MoMLSimpleApplication@a1af5e
reloadAllAccessors: .ConstraintMonitor8

===========================================================================================
----------------- testing Mon Apr 08 03:54:38 UTC 2019 /home/travis/build/icyphy/ptII/ptolemy/actor/lib/test/auto/Counter.xml
----------------- Instantiating /home/travis/build/icyphy/ptII/ptolemy/actor/lib/test/auto/Counter.xml
1 ms. Memory: 877056K Free: 494401K (56%)
----------------- Invoking toplevel() on ptolemy.moml.MoMLSimpleApplication@2afd7bd7
----------------- Done invoking toplevel() on ptolemy.moml.MoMLSimpleApplication@2afd7bd7
reloadAllAccessors: .Counter

===========================================================================================
----------------- testing Mon Apr 08 03:54:38 UTC 2019 /home/travis/build/icyphy/ptII/ptolemy/actor/lib/test/auto/CurrentTimeSDF.xml
----------------- Instantiating /home/travis/build/icyphy/ptII/ptolemy/actor/lib/test/auto/CurrentTimeSDF.xml
2 ms. Memory: 877056K Free: 478925K (55%)
----------------- Invoking toplevel() on ptolemy.moml.MoMLSimpleApplication@4e542c6a
----------------- Done invoking toplevel() on ptolemy.moml.MoMLSimpleApplication@4e542c6a
reloadAllAccessors: .CurrentTimeSDF

===========================================================================================
----------------- testing Mon Apr 08 03:54:38 UTC 2019 /home/travis/build/icyphy/ptII/ptolemy/actor/lib/test/auto/DB.xml
----------------- Instantiating /home/travis/build/icyphy/ptII/ptolemy/actor/lib/test/auto/DB.xml
1 ms. Memory: 877056K Free: 471147K (54%)
----------------- Invoking toplevel() on ptolemy.moml.MoMLSimpleApplication@4a31ec6
----------------- Done invoking toplevel() on ptolemy.moml.MoMLSimpleApplication@4a31ec6
reloadAllAccessors: .DB

===========================================================================================
----------------- testing Mon Apr 08 03:54:38 UTC 2019 /home/travis/build/icyphy/ptII/ptolemy/actor/lib/test/auto/DBDE.xml
----------------- Instantiating /home/travis/build/icyphy/ptII/ptolemy/actor/lib/test/auto/DBDE.xml
2 ms. Memory: 877056K Free: 463370K (53%)
----------------- Invoking toplevel() on ptolemy.moml.MoMLSimpleApplication@2e22ff57
----------------- Done invoking toplevel() on ptolemy.moml.MoMLSimpleApplication@2e22ff57
reloadAllAccessors: .DBDE

===========================================================================================
----------------- testing Mon Apr 08 03:54:38 UTC 2019 /home/travis/build/icyphy/ptII/ptolemy/actor/lib/test/auto/DateConstructor.xml
----------------- Instantiating /home/travis/build/icyphy/ptII/ptolemy/actor/lib/test/auto/DateConstructor.xml
11 ms. Memory: 877056K Free: 443895K (51%)
----------------- Invoking toplevel() on ptolemy.moml.MoMLSimpleApplication@6de9d541
----------------- Done invoking toplevel() on ptolemy.moml.MoMLSimpleApplication@6de9d541
reloadAllAccessors: .DateConstructor

===========================================================================================
----------------- testing Mon Apr 08 03:54:38 UTC 2019 /home/travis/build/icyphy/ptII/ptolemy/actor/lib/test/auto/DelayTime.xml
----------------- Instantiating /home/travis/build/icyphy/ptII/ptolemy/actor/lib/test/auto/DelayTime.xml
3 ms. Memory: 877056K Free: 428418K (49%)
----------------- Invoking toplevel() on ptolemy.moml.MoMLSimpleApplication@73ed1ea7
----------------- Done invoking toplevel() on ptolemy.moml.MoMLSimpleApplication@73ed1ea7
reloadAllAccessors: .DelayTime

===========================================================================================
----------------- testing Mon Apr 08 03:54:38 UTC 2019 /home/travis/build/icyphy/ptII/ptolemy/actor/lib/test/auto/Dictionary1.xml
----------------- Instantiating /home/travis/build/icyphy/ptII/ptolemy/actor/lib/test/auto/Dictionary1.xml
1 ms. Memory: 877056K Free: 420641K (48%)
----------------- Invoking toplevel() on ptolemy.moml.MoMLSimpleApplication@499fca11
----------------- Done invoking toplevel() on ptolemy.moml.MoMLSimpleApplication@499fca11
reloadAllAccessors: .Dictionary1

===========================================================================================
----------------- testing Mon Apr 08 03:54:39 UTC 2019 /home/travis/build/icyphy/ptII/ptolemy/actor/lib/test/auto/Dictionary2.xml
----------------- Instantiating /home/travis/build/icyphy/ptII/ptolemy/actor/lib/test/auto/Dictionary2.xml
2 ms. Memory: 877056K Free: 412863K (47%)
----------------- Invoking toplevel() on ptolemy.moml.MoMLSimpleApplication@64b4ca95
----------------- Done invoking toplevel() on ptolemy.moml.MoMLSimpleApplication@64b4ca95
reloadAllAccessors: .Dictionary2

===========================================================================================
----------------- testing Mon Apr 08 03:54:39 UTC 2019 /home/travis/build/icyphy/ptII/ptolemy/actor/lib/test/auto/Dictionary3.xml
----------------- Instantiating /home/travis/build/icyphy/ptII/ptolemy/actor/lib/test/auto/Dictionary3.xml
2 ms. Memory: 877056K Free: 397387K (45%)
----------------- Invoking toplevel() on ptolemy.moml.MoMLSimpleApplication@4744f287
----------------- Done invoking toplevel() on ptolemy.moml.MoMLSimpleApplication@4744f287
reloadAllAccessors: .Dictionary3

===========================================================================================
----------------- testing Mon Apr 08 03:54:39 UTC 2019 /home/travis/build/icyphy/ptII/ptolemy/actor/lib/test/auto/Dictionary4.xml
----------------- Instantiating /home/travis/build/icyphy/ptII/ptolemy/actor/lib/test/auto/Dictionary4.xml
2 ms. Memory: 877056K Free: 385705K (44%)
----------------- Invoking toplevel() on ptolemy.moml.MoMLSimpleApplication@4777e672
----------------- Done invoking toplevel() on ptolemy.moml.MoMLSimpleApplication@4777e672
reloadAllAccessors: .Dictionary4

===========================================================================================
----------------- testing Mon Apr 08 03:54:39 UTC 2019 /home/travis/build/icyphy/ptII/ptolemy/actor/lib/test/auto/Differential.xml
----------------- Instantiating /home/travis/build/icyphy/ptII/ptolemy/actor/lib/test/auto/Differential.xml
1 ms. Memory: 877056K Free: 377927K (43%)
----------------- Invoking toplevel() on ptolemy.moml.MoMLSimpleApplication@128ccc5
----------------- Done invoking toplevel() on ptolemy.moml.MoMLSimpleApplication@128ccc5
reloadAllAccessors: .Differential

===========================================================================================
----------------- testing Mon Apr 08 03:54:39 UTC 2019 /home/travis/build/icyphy/ptII/ptolemy/actor/lib/test/auto/Director.xml
----------------- Instantiating /home/travis/build/icyphy/ptII/ptolemy/actor/lib/test/auto/Director.xml
1 ms. Memory: 877056K Free: 362451K (41%)
----------------- Invoking toplevel() on ptolemy.moml.MoMLSimpleApplication@32f8d214
----------------- Done invoking toplevel() on ptolemy.moml.MoMLSimpleApplication@32f8d214
reloadAllAccessors: .Director

===========================================================================================
----------------- testing Mon Apr 08 03:54:39 UTC 2019 /home/travis/build/icyphy/ptII/ptolemy/actor/lib/test/auto/DiscreteClock.xml
----------------- Instantiating /home/travis/build/icyphy/ptII/ptolemy/actor/lib/test/auto/DiscreteClock.xml
1 ms. Memory: 877056K Free: 354673K (40%)
----------------- Invoking toplevel() on ptolemy.moml.MoMLSimpleApplication@20db4017
----------------- Done invoking toplevel() on ptolemy.moml.MoMLSimpleApplication@20db4017
reloadAllAccessors: .DiscreteClock

===========================================================================================
----------------- testing Mon Apr 08 03:54:39 UTC 2019 /home/travis/build/icyphy/ptII/ptolemy/actor/lib/test/auto/DiscreteClock10.xml
----------------- Instantiating /home/travis/build/icyphy/ptII/ptolemy/actor/lib/test/auto/DiscreteClock10.xml
2 ms. Memory: 877056K Free: 346896K (40%)
----------------- Invoking toplevel() on ptolemy.moml.MoMLSimpleApplication@524a92fb
----------------- Done invoking toplevel() on ptolemy.moml.MoMLSimpleApplication@524a92fb
reloadAllAccessors: .DiscreteClock10

===========================================================================================
----------------- testing Mon Apr 08 03:54:39 UTC 2019 /home/travis/build/icyphy/ptII/ptolemy/actor/lib/test/auto/DiscreteClock11.xml
----------------- Instantiating /home/travis/build/icyphy/ptII/ptolemy/actor/lib/test/auto/DiscreteClock11.xml
2 ms. Memory: 877056K Free: 339119K (39%)
----------------- Invoking toplevel() on ptolemy.moml.MoMLSimpleApplication@1d4d73cf
----------------- Done invoking toplevel() on ptolemy.moml.MoMLSimpleApplication@1d4d73cf
reloadAllAccessors: .DiscreteClock11

===========================================================================================
----------------- testing Mon Apr 08 03:54:39 UTC 2019 /home/travis/build/icyphy/ptII/ptolemy/actor/lib/test/auto/DiscreteClock12.xml
----------------- Instantiating /home/travis/build/icyphy/ptII/ptolemy/actor/lib/test/auto/DiscreteClock12.xml
2 ms. Memory: 877056K Free: 323642K (37%)
----------------- Invoking toplevel() on ptolemy.moml.MoMLSimpleApplication@309a2d3a
----------------- Done invoking toplevel() on ptolemy.moml.MoMLSimpleApplication@309a2d3a
reloadAllAccessors: .DiscreteClock12

===========================================================================================
----------------- testing Mon Apr 08 03:54:39 UTC 2019 /home/travis/build/icyphy/ptII/ptolemy/actor/lib/test/auto/DiscreteClock13.xml
----------------- Instantiating /home/travis/build/icyphy/ptII/ptolemy/actor/lib/test/auto/DiscreteClock13.xml
6 ms. Memory: 877056K Free: 315865K (36%)
----------------- Invoking toplevel() on ptolemy.moml.MoMLSimpleApplication@2e3181a0
----------------- Done invoking toplevel() on ptolemy.moml.MoMLSimpleApplication@2e3181a0
reloadAllAccessors: .DiscreteClock13

===========================================================================================
----------------- testing Mon Apr 08 03:54:39 UTC 2019 /home/travis/build/icyphy/ptII/ptolemy/actor/lib/test/auto/DiscreteClock14.xml
----------------- Instantiating /home/travis/build/icyphy/ptII/ptolemy/actor/lib/test/auto/DiscreteClock14.xml
6 ms. Memory: 877056K Free: 308087K (35%)
----------------- Invoking toplevel() on ptolemy.moml.MoMLSimpleApplication@2dd716a6
----------------- Done invoking toplevel() on ptolemy.moml.MoMLSimpleApplication@2dd716a6
reloadAllAccessors: .DiscreteClock14

===========================================================================================
----------------- testing Mon Apr 08 03:54:39 UTC 2019 /home/travis/build/icyphy/ptII/ptolemy/actor/lib/test/auto/DiscreteClock15.xml
----------------- Instantiating /home/travis/build/icyphy/ptII/ptolemy/actor/lib/test/auto/DiscreteClock15.xml
6 ms. Memory: 877056K Free: 292611K (33%)
----------------- Invoking toplevel() on ptolemy.moml.MoMLSimpleApplication@7ed5d5ca
----------------- Done invoking toplevel() on ptolemy.moml.MoMLSimpleApplication@7ed5d5ca
reloadAllAccessors: .DiscreteClock15

===========================================================================================
----------------- testing Mon Apr 08 03:54:39 UTC 2019 /home/travis/build/icyphy/ptII/ptolemy/actor/lib/test/auto/DiscreteClock16.xml
----------------- Instantiating /home/travis/build/icyphy/ptII/ptolemy/actor/lib/test/auto/DiscreteClock16.xml
11 ms. Memory: 877056K Free: 277040K (32%)
----------------- Invoking toplevel() on ptolemy.moml.MoMLSimpleApplication@6e478ab
----------------- Done invoking toplevel() on ptolemy.moml.MoMLSimpleApplication@6e478ab
reloadAllAccessors: .DiscreteClock16

===========================================================================================
----------------- testing Mon Apr 08 03:54:39 UTC 2019 /home/travis/build/icyphy/ptII/ptolemy/actor/lib/test/auto/DiscreteClock17.xml
----------------- Instantiating /home/travis/build/icyphy/ptII/ptolemy/actor/lib/test/auto/DiscreteClock17.xml
16 ms. Memory: 877056K Free: 261453K (30%)
----------------- Invoking toplevel() on ptolemy.moml.MoMLSimpleApplication@2e79367a
----------------- Done invoking toplevel() on ptolemy.moml.MoMLSimpleApplication@2e79367a
reloadAllAccessors: .DiscreteClock17

===========================================================================================
----------------- testing Mon Apr 08 03:54:39 UTC 2019 /home/travis/build/icyphy/ptII/ptolemy/actor/lib/test/auto/DiscreteClock18.xml
----------------- Instantiating /home/travis/build/icyphy/ptII/ptolemy/actor/lib/test/auto/DiscreteClock18.xml
9 ms. Memory: 877056K Free: 238183K (27%)
----------------- Invoking toplevel() on ptolemy.moml.MoMLSimpleApplication@79cc2adc
----------------- Done invoking toplevel() on ptolemy.moml.MoMLSimpleApplication@79cc2adc
reloadAllAccessors: .DiscreteClock18

===========================================================================================
----------------- testing Mon Apr 08 03:54:39 UTC 2019 /home/travis/build/icyphy/ptII/ptolemy/actor/lib/test/auto/DiscreteClock19.xml
----------------- Instantiating /home/travis/build/icyphy/ptII/ptolemy/actor/lib/test/auto/DiscreteClock19.xml
22 ms. Memory: 877056K Free: 222597K (25%)
----------------- Invoking toplevel() on ptolemy.moml.MoMLSimpleApplication@1ff445bb
----------------- Done invoking toplevel() on ptolemy.moml.MoMLSimpleApplication@1ff445bb
reloadAllAccessors: .DiscreteClock19

===========================================================================================
----------------- testing Mon Apr 08 03:54:39 UTC 2019 /home/travis/build/icyphy/ptII/ptolemy/actor/lib/test/auto/DiscreteClock2.xml
----------------- Instantiating /home/travis/build/icyphy/ptII/ptolemy/actor/lib/test/auto/DiscreteClock2.xml
3 ms. Memory: 877056K Free: 214819K (24%)
----------------- Invoking toplevel() on ptolemy.moml.MoMLSimpleApplication@572368e2
----------------- Done invoking toplevel() on ptolemy.moml.MoMLSimpleApplication@572368e2
reloadAllAccessors: .DiscreteClock2

===========================================================================================
----------------- testing Mon Apr 08 03:54:39 UTC 2019 /home/travis/build/icyphy/ptII/ptolemy/actor/lib/test/auto/DiscreteClock20.xml
----------------- Instantiating /home/travis/build/icyphy/ptII/ptolemy/actor/lib/test/auto/DiscreteClock20.xml
9 ms. Memory: 877056K Free: 207042K (24%)
----------------- Invoking toplevel() on ptolemy.moml.MoMLSimpleApplication@31ec80b8
----------------- Done invoking toplevel() on ptolemy.moml.MoMLSimpleApplication@31ec80b8
reloadAllAccessors: .DiscreteClock20

===========================================================================================
----------------- testing Mon Apr 08 03:54:39 UTC 2019 /home/travis/build/icyphy/ptII/ptolemy/actor/lib/test/auto/DiscreteClock21.xml
----------------- Instantiating /home/travis/build/icyphy/ptII/ptolemy/actor/lib/test/auto/DiscreteClock21.xml
3 ms. Memory: 877056K Free: 191565K (22%)
----------------- Invoking toplevel() on ptolemy.moml.MoMLSimpleApplication@612d648e
----------------- Done invoking toplevel() on ptolemy.moml.MoMLSimpleApplication@612d648e
reloadAllAccessors: .DiscreteClock21

===========================================================================================
----------------- testing Mon Apr 08 03:54:39 UTC 2019 /home/travis/build/icyphy/ptII/ptolemy/actor/lib/test/auto/DiscreteClock22.xml
----------------- Instantiating /home/travis/build/icyphy/ptII/ptolemy/actor/lib/test/auto/DiscreteClock22.xml
4 ms. Memory: 877056K Free: 183788K (21%)
----------------- Invoking toplevel() on ptolemy.moml.MoMLSimpleApplication@5c2bea42
----------------- Done invoking toplevel() on ptolemy.moml.MoMLSimpleApplication@5c2bea42
reloadAllAccessors: .DiscreteClock22

===========================================================================================
----------------- testing Mon Apr 08 03:54:39 UTC 2019 /home/travis/build/icyphy/ptII/ptolemy/actor/lib/test/auto/DiscreteClock23.xml
----------------- Instantiating /home/travis/build/icyphy/ptII/ptolemy/actor/lib/test/auto/DiscreteClock23.xml
5 ms. Memory: 877056K Free: 176011K (20%)
----------------- Invoking toplevel() on ptolemy.moml.MoMLSimpleApplication@654501e6
----------------- Done invoking toplevel() on ptolemy.moml.MoMLSimpleApplication@654501e6
reloadAllAccessors: .DiscreteClock23

===========================================================================================
----------------- testing Mon Apr 08 03:54:39 UTC 2019 /home/travis/build/icyphy/ptII/ptolemy/actor/lib/test/auto/DiscreteClock24.xml
----------------- Instantiating /home/travis/build/icyphy/ptII/ptolemy/actor/lib/test/auto/DiscreteClock24.xml
2 ms. Memory: 877056K Free: 160533K (18%)
----------------- Invoking toplevel() on ptolemy.moml.MoMLSimpleApplication@6a8f9b7c
----------------- Done invoking toplevel() on ptolemy.moml.MoMLSimpleApplication@6a8f9b7c
reloadAllAccessors: .DiscreteClock24

===========================================================================================
----------------- testing Mon Apr 08 03:54:39 UTC 2019 /home/travis/build/icyphy/ptII/ptolemy/actor/lib/test/auto/DiscreteClock4.xml
----------------- Instantiating /home/travis/build/icyphy/ptII/ptolemy/actor/lib/test/auto/DiscreteClock4.xml
1 ms. Memory: 877056K Free: 152756K (17%)
----------------- Invoking toplevel() on ptolemy.moml.MoMLSimpleApplication@2e1c8e91
----------------- Done invoking toplevel() on ptolemy.moml.MoMLSimpleApplication@2e1c8e91
reloadAllAccessors: .DiscreteClock4

===========================================================================================
----------------- testing Mon Apr 08 03:54:39 UTC 2019 /home/travis/build/icyphy/ptII/ptolemy/actor/lib/test/auto/DiscreteClock5.xml
----------------- Instantiating /home/travis/build/icyphy/ptII/ptolemy/actor/lib/test/auto/DiscreteClock5.xml
2 ms. Memory: 877056K Free: 144979K (17%)
----------------- Invoking toplevel() on ptolemy.moml.MoMLSimpleApplication@673e0605
----------------- Done invoking toplevel() on ptolemy.moml.MoMLSimpleApplication@673e0605
reloadAllAccessors: .DiscreteClock5

===========================================================================================
----------------- testing Mon Apr 08 03:54:39 UTC 2019 /home/travis/build/icyphy/ptII/ptolemy/actor/lib/test/auto/DiscreteClock6.xml
----------------- Instantiating /home/travis/build/icyphy/ptII/ptolemy/actor/lib/test/auto/DiscreteClock6.xml
1 ms. Memory: 877056K Free: 129502K (15%)
----------------- Invoking toplevel() on ptolemy.moml.MoMLSimpleApplication@7f04bab2
----------------- Done invoking toplevel() on ptolemy.moml.MoMLSimpleApplication@7f04bab2
reloadAllAccessors: .DiscreteClock6

===========================================================================================
----------------- testing Mon Apr 08 03:54:39 UTC 2019 /home/travis/build/icyphy/ptII/ptolemy/actor/lib/test/auto/DiscreteClock7.xml
----------------- Instantiating /home/travis/build/icyphy/ptII/ptolemy/actor/lib/test/auto/DiscreteClock7.xml
2 ms. Memory: 877056K Free: 121725K (14%)
----------------- Invoking toplevel() on ptolemy.moml.MoMLSimpleApplication@455ac776
----------------- Done invoking toplevel() on ptolemy.moml.MoMLSimpleApplication@455ac776
reloadAllAccessors: .DiscreteClock7

===========================================================================================
----------------- testing Mon Apr 08 03:54:39 UTC 2019 /home/travis/build/icyphy/ptII/ptolemy/actor/lib/test/auto/DiscreteClock8.xml
----------------- Instantiating /home/travis/build/icyphy/ptII/ptolemy/actor/lib/test/auto/DiscreteClock8.xml
2 ms. Memory: 877056K Free: 113948K (13%)
----------------- Invoking toplevel() on ptolemy.moml.MoMLSimpleApplication@62ee3dd1
----------------- Done invoking toplevel() on ptolemy.moml.MoMLSimpleApplication@62ee3dd1
reloadAllAccessors: .DiscreteClock8

===========================================================================================
----------------- testing Mon Apr 08 03:54:39 UTC 2019 /home/travis/build/icyphy/ptII/ptolemy/actor/lib/test/auto/DiscreteClock9.xml
----------------- Instantiating /home/travis/build/icyphy/ptII/ptolemy/actor/lib/test/auto/DiscreteClock9.xml
6 ms. Memory: 877056K Free: 98471K (11%)
----------------- Invoking toplevel() on ptolemy.moml.MoMLSimpleApplication@97ccc49
----------------- Done invoking toplevel() on ptolemy.moml.MoMLSimpleApplication@97ccc49
reloadAllAccessors: .DiscreteClock9

===========================================================================================
----------------- testing Mon Apr 08 03:54:39 UTC 2019 /home/travis/build/icyphy/ptII/ptolemy/actor/lib/test/auto/DisplayArray.xml
----------------- Instantiating /home/travis/build/icyphy/ptII/ptolemy/actor/lib/test/auto/DisplayArray.xml
2 ms. Memory: 877056K Free: 90694K (10%)
----------------- Invoking toplevel() on ptolemy.moml.MoMLSimpleApplication@5261d990
----------------- Done invoking toplevel() on ptolemy.moml.MoMLSimpleApplication@5261d990
reloadAllAccessors: .DisplayArray

===========================================================================================
----------------- testing Mon Apr 08 03:54:39 UTC 2019 /home/travis/build/icyphy/ptII/ptolemy/actor/lib/test/auto/Distributor.xml
----------------- Instantiating /home/travis/build/icyphy/ptII/ptolemy/actor/lib/test/auto/Distributor.xml
2 ms. Memory: 877056K Free: 82916K (9%)
----------------- Invoking toplevel() on ptolemy.moml.MoMLSimpleApplication@6e1f0567
----------------- Done invoking toplevel() on ptolemy.moml.MoMLSimpleApplication@6e1f0567
reloadAllAccessors: .Distributor

===========================================================================================
----------------- testing Mon Apr 08 03:54:39 UTC 2019 /home/travis/build/icyphy/ptII/ptolemy/actor/lib/test/auto/Distributor2.xml
----------------- Instantiating /home/travis/build/icyphy/ptII/ptolemy/actor/lib/test/auto/Distributor2.xml
1 ms. Memory: 877056K Free: 75139K (9%)
----------------- Invoking toplevel() on ptolemy.moml.MoMLSimpleApplication@4526a6a2
----------------- Done invoking toplevel() on ptolemy.moml.MoMLSimpleApplication@4526a6a2
reloadAllAccessors: .Distributor2

===========================================================================================
----------------- testing Mon Apr 08 03:54:39 UTC 2019 /home/travis/build/icyphy/ptII/ptolemy/actor/lib/test/auto/DownSample.xml
----------------- Instantiating /home/travis/build/icyphy/ptII/ptolemy/actor/lib/test/auto/DownSample.xml
2 ms. Memory: 1361920K Free: 1300621K (95%)
----------------- Invoking toplevel() on ptolemy.moml.MoMLSimpleApplication@50a01e26
----------------- Done invoking toplevel() on ptolemy.moml.MoMLSimpleApplication@50a01e26
reloadAllAccessors: .DownSample

===========================================================================================
----------------- testing Mon Apr 08 03:54:40 UTC 2019 /home/travis/build/icyphy/ptII/ptolemy/actor/lib/test/auto/ElectronicUnitBase1.xml
----------------- Instantiating /home/travis/build/icyphy/ptII/ptolemy/actor/lib/test/auto/ElectronicUnitBase1.xml
33 ms. Memory: 1361920K Free: 1266031K (93%)
----------------- Invoking toplevel() on ptolemy.moml.MoMLSimpleApplication@72886ce0
----------------- Done invoking toplevel() on ptolemy.moml.MoMLSimpleApplication@72886ce0
reloadAllAccessors: .ElectronicUnitBase1

===========================================================================================
----------------- testing Mon Apr 08 03:54:40 UTC 2019 /home/travis/build/icyphy/ptII/ptolemy/actor/lib/test/auto/ElementsToArray.xml
----------------- Instantiating /home/travis/build/icyphy/ptII/ptolemy/actor/lib/test/auto/ElementsToArray.xml
3 ms. Memory: 1361920K Free: 1249435K (92%)
----------------- Invoking toplevel() on ptolemy.moml.MoMLSimpleApplication@75de092d
----------------- Done invoking toplevel() on ptolemy.moml.MoMLSimpleApplication@75de092d
reloadAllAccessors: .ElementsToArray

===========================================================================================
----------------- testing Mon Apr 08 03:54:40 UTC 2019 /home/travis/build/icyphy/ptII/ptolemy/actor/lib/test/auto/Equals.xml
----------------- Instantiating /home/travis/build/icyphy/ptII/ptolemy/actor/lib/test/auto/Equals.xml
3 ms. Memory: 1361920K Free: 1232840K (91%)
----------------- Invoking toplevel() on ptolemy.moml.MoMLSimpleApplication@76feae69
----------------- Done invoking toplevel() on ptolemy.moml.MoMLSimpleApplication@76feae69
reloadAllAccessors: .Equals

===========================================================================================
----------------- testing Mon Apr 08 03:54:40 UTC 2019 /home/travis/build/icyphy/ptII/ptolemy/actor/lib/test/auto/Exec.xml
----------------- Instantiating /home/travis/build/icyphy/ptII/ptolemy/actor/lib/test/auto/Exec.xml
10 ms. Memory: 1361920K Free: 1195499K (88%)
----------------- Invoking toplevel() on ptolemy.moml.MoMLSimpleApplication@2de7b075
----------------- Done invoking toplevel() on ptolemy.moml.MoMLSimpleApplication@2de7b075
reloadAllAccessors: .Exec

===========================================================================================
----------------- testing Mon Apr 08 03:54:40 UTC 2019 /home/travis/build/icyphy/ptII/ptolemy/actor/lib/test/auto/ExecEnvironment.xml
----------------- Instantiating /home/travis/build/icyphy/ptII/ptolemy/actor/lib/test/auto/ExecEnvironment.xml
28 ms. Memory: 1361920K Free: 1144322K (84%)
----------------- Invoking toplevel() on ptolemy.moml.MoMLSimpleApplication@27886293
----------------- Done invoking toplevel() on ptolemy.moml.MoMLSimpleApplication@27886293
reloadAllAccessors: .ExecEnvironment

===========================================================================================
----------------- testing Mon Apr 08 03:54:40 UTC 2019 /home/travis/build/icyphy/ptII/ptolemy/actor/lib/test/auto/ExecNonZeroReturnOutput.xml
----------------- Instantiating /home/travis/build/icyphy/ptII/ptolemy/actor/lib/test/auto/ExecNonZeroReturnOutput.xml
121 ms. Memory: 1361920K Free: 1019854K (75%)
----------------- Invoking toplevel() on ptolemy.moml.MoMLSimpleApplication@7736c30a
----------------- Done invoking toplevel() on ptolemy.moml.MoMLSimpleApplication@7736c30a
reloadAllAccessors: .ExecNonZeroReturnOutput

===========================================================================================
----------------- testing Mon Apr 08 03:54:40 UTC 2019 /home/travis/build/icyphy/ptII/ptolemy/actor/lib/test/auto/ExecRunDemos.xml
----------------- Instantiating /home/travis/build/icyphy/ptII/ptolemy/actor/lib/test/auto/ExecRunDemos.xml
Finished: 56 ms. Memory: 116224K Free: 100559K (87%)

Finished: 47 ms. Memory: 116224K Free: 97676K (84%)

Finished: 42 ms. Memory: 116224K Free: 98219K (85%)

Finished: 62 ms. Memory: 116224K Free: 99544K (86%)

Finished: 44 ms. Memory: 116224K Free: 100658K (87%)

9320 ms. Memory: 1361920K Free: 911706K (67%)
----------------- Invoking toplevel() on ptolemy.moml.MoMLSimpleApplication@6deacc11
----------------- Done invoking toplevel() on ptolemy.moml.MoMLSimpleApplication@6deacc11
reloadAllAccessors: .ExecRunDemos

===========================================================================================
----------------- testing Mon Apr 08 03:54:49 UTC 2019 /home/travis/build/icyphy/ptII/ptolemy/actor/lib/test/auto/ExecStop.xml
----------------- Instantiating /home/travis/build/icyphy/ptII/ptolemy/actor/lib/test/auto/ExecStop.xml
5009 ms. Memory: 1361920K Free: 687664K (50%)
----------------- Invoking toplevel() on ptolemy.moml.MoMLSimpleApplication@4811ecd7
----------------- Done invoking toplevel() on ptolemy.moml.MoMLSimpleApplication@4811ecd7
reloadAllAccessors: .ExecStop

===========================================================================================
----------------- testing Mon Apr 08 03:54:54 UTC 2019 /home/travis/build/icyphy/ptII/ptolemy/actor/lib/test/auto/ExecutionTimeSDF.xml
----------------- Instantiating /home/travis/build/icyphy/ptII/ptolemy/actor/lib/test/auto/ExecutionTimeSDF.xml
Fired ExecutionTime: -2047767296
Fired ExecutionTime: 997200000
Fired ExecutionTime: -1664567296
6007 ms. Memory: 1361920K Free: 653066K (48%)
----------------- Invoking toplevel() on ptolemy.moml.MoMLSimpleApplication@3ceefa87
----------------- Done invoking toplevel() on ptolemy.moml.MoMLSimpleApplication@3ceefa87
reloadAllAccessors: .ExecutionTimeSDF

===========================================================================================
----------------- testing Mon Apr 08 03:55:00 UTC 2019 /home/travis/build/icyphy/ptII/ptolemy/actor/lib/test/auto/Expression1.xml
----------------- Instantiating /home/travis/build/icyphy/ptII/ptolemy/actor/lib/test/auto/Expression1.xml
1 ms. Memory: 1361920K Free: 636470K (47%)
----------------- Invoking toplevel() on ptolemy.moml.MoMLSimpleApplication@207a7cff
----------------- Done invoking toplevel() on ptolemy.moml.MoMLSimpleApplication@207a7cff
reloadAllAccessors: .Expression1

===========================================================================================
----------------- testing Mon Apr 08 03:55:01 UTC 2019 /home/travis/build/icyphy/ptII/ptolemy/actor/lib/test/auto/Expression10.xml
----------------- Instantiating /home/travis/build/icyphy/ptII/ptolemy/actor/lib/test/auto/Expression10.xml
5 ms. Memory: 1361920K Free: 619875K (46%)
----------------- Invoking toplevel() on ptolemy.moml.MoMLSimpleApplication@767687db
----------------- Done invoking toplevel() on ptolemy.moml.MoMLSimpleApplication@767687db
reloadAllAccessors: .Expression10

===========================================================================================
----------------- testing Mon Apr 08 03:55:01 UTC 2019 /home/travis/build/icyphy/ptII/ptolemy/actor/lib/test/auto/Expression11.xml
----------------- Instantiating /home/travis/build/icyphy/ptII/ptolemy/actor/lib/test/auto/Expression11.xml
3 ms. Memory: 1361920K Free: 603279K (44%)
----------------- Invoking toplevel() on ptolemy.moml.MoMLSimpleApplication@7ade63a5
----------------- Done invoking toplevel() on ptolemy.moml.MoMLSimpleApplication@7ade63a5
reloadAllAccessors: .Expression11

===========================================================================================
----------------- testing Mon Apr 08 03:55:01 UTC 2019 /home/travis/build/icyphy/ptII/ptolemy/actor/lib/test/auto/Expression12.xml
----------------- Instantiating /home/travis/build/icyphy/ptII/ptolemy/actor/lib/test/auto/Expression12.xml
3 ms. Memory: 1361920K Free: 576995K (42%)
----------------- Invoking toplevel() on ptolemy.moml.MoMLSimpleApplication@69ed6259
----------------- Done invoking toplevel() on ptolemy.moml.MoMLSimpleApplication@69ed6259
reloadAllAccessors: .Expression12

===========================================================================================
----------------- testing Mon Apr 08 03:55:01 UTC 2019 /home/travis/build/icyphy/ptII/ptolemy/actor/lib/test/auto/Expression13.xml
----------------- Instantiating /home/travis/build/icyphy/ptII/ptolemy/actor/lib/test/auto/Expression13.xml
5 ms. Memory: 1361920K Free: 560399K (41%)
----------------- Invoking toplevel() on ptolemy.moml.MoMLSimpleApplication@63c6f079
----------------- Done invoking toplevel() on ptolemy.moml.MoMLSimpleApplication@63c6f079
reloadAllAccessors: .Expression13

===========================================================================================
----------------- testing Mon Apr 08 03:55:01 UTC 2019 /home/travis/build/icyphy/ptII/ptolemy/actor/lib/test/auto/Expression14.xml
----------------- Instantiating /home/travis/build/icyphy/ptII/ptolemy/actor/lib/test/auto/Expression14.xml
8 ms. Memory: 1361920K Free: 543804K (40%)
----------------- Invoking toplevel() on ptolemy.moml.MoMLSimpleApplication@3c625a28
----------------- Done invoking toplevel() on ptolemy.moml.MoMLSimpleApplication@3c625a28
reloadAllAccessors: .Expression14

===========================================================================================
----------------- testing Mon Apr 08 03:55:01 UTC 2019 /home/travis/build/icyphy/ptII/ptolemy/actor/lib/test/auto/Expression15.xml
----------------- Instantiating /home/travis/build/icyphy/ptII/ptolemy/actor/lib/test/auto/Expression15.xml
3 ms. Memory: 1361920K Free: 527208K (39%)
----------------- Invoking toplevel() on ptolemy.moml.MoMLSimpleApplication@57b3bdbe
----------------- Done invoking toplevel() on ptolemy.moml.MoMLSimpleApplication@57b3bdbe
reloadAllAccessors: .Expression15

===========================================================================================
----------------- testing Mon Apr 08 03:55:01 UTC 2019 /home/travis/build/icyphy/ptII/ptolemy/actor/lib/test/auto/Expression16.xml
----------------- Instantiating /home/travis/build/icyphy/ptII/ptolemy/actor/lib/test/auto/Expression16.xml
5 ms. Memory: 1361920K Free: 500924K (37%)
----------------- Invoking toplevel() on ptolemy.moml.MoMLSimpleApplication@5345d87c
----------------- Done invoking toplevel() on ptolemy.moml.MoMLSimpleApplication@5345d87c
reloadAllAccessors: .Expression16

===========================================================================================
----------------- testing Mon Apr 08 03:55:01 UTC 2019 /home/travis/build/icyphy/ptII/ptolemy/actor/lib/test/auto/Expression17.xml
----------------- Instantiating /home/travis/build/icyphy/ptII/ptolemy/actor/lib/test/auto/Expression17.xml
5 ms. Memory: 1361920K Free: 484328K (36%)
----------------- Invoking toplevel() on ptolemy.moml.MoMLSimpleApplication@779b1ec
----------------- Done invoking toplevel() on ptolemy.moml.MoMLSimpleApplication@779b1ec
reloadAllAccessors: .Expression17

===========================================================================================
----------------- testing Mon Apr 08 03:55:01 UTC 2019 /home/travis/build/icyphy/ptII/ptolemy/actor/lib/test/auto/Expression18.xml
----------------- Instantiating /home/travis/build/icyphy/ptII/ptolemy/actor/lib/test/auto/Expression18.xml
3 ms. Memory: 1361920K Free: 467733K (34%)
----------------- Invoking toplevel() on ptolemy.moml.MoMLSimpleApplication@2c264bdc
----------------- Done invoking toplevel() on ptolemy.moml.MoMLSimpleApplication@2c264bdc
reloadAllAccessors: .Expression18

===========================================================================================
----------------- testing Mon Apr 08 03:55:01 UTC 2019 /home/travis/build/icyphy/ptII/ptolemy/actor/lib/test/auto/Expression2.xml
----------------- Instantiating /home/travis/build/icyphy/ptII/ptolemy/actor/lib/test/auto/Expression2.xml
3 ms. Memory: 1361920K Free: 451137K (33%)
----------------- Invoking toplevel() on ptolemy.moml.MoMLSimpleApplication@12ded3bd
----------------- Done invoking toplevel() on ptolemy.moml.MoMLSimpleApplication@12ded3bd
reloadAllAccessors: .Expression2

===========================================================================================
----------------- testing Mon Apr 08 03:55:01 UTC 2019 /home/travis/build/icyphy/ptII/ptolemy/actor/lib/test/auto/Expression3.xml
----------------- Instantiating /home/travis/build/icyphy/ptII/ptolemy/actor/lib/test/auto/Expression3.xml
6 ms. Memory: 1361920K Free: 434541K (32%)
----------------- Invoking toplevel() on ptolemy.moml.MoMLSimpleApplication@4abf1e55
----------------- Done invoking toplevel() on ptolemy.moml.MoMLSimpleApplication@4abf1e55
reloadAllAccessors: .Expression3

===========================================================================================
----------------- testing Mon Apr 08 03:55:01 UTC 2019 /home/travis/build/icyphy/ptII/ptolemy/actor/lib/test/auto/Expression4.xml
----------------- Instantiating /home/travis/build/icyphy/ptII/ptolemy/actor/lib/test/auto/Expression4.xml
6 ms. Memory: 1361920K Free: 408257K (30%)
----------------- Invoking toplevel() on ptolemy.moml.MoMLSimpleApplication@2b3b05c8
----------------- Done invoking toplevel() on ptolemy.moml.MoMLSimpleApplication@2b3b05c8
reloadAllAccessors: .Expression4

===========================================================================================
----------------- testing Mon Apr 08 03:55:01 UTC 2019 /home/travis/build/icyphy/ptII/ptolemy/actor/lib/test/auto/Expression5.xml
----------------- Instantiating /home/travis/build/icyphy/ptII/ptolemy/actor/lib/test/auto/Expression5.xml
4 ms. Memory: 1361920K Free: 391662K (29%)
----------------- Invoking toplevel() on ptolemy.moml.MoMLSimpleApplication@6ea0a73d
----------------- Done invoking toplevel() on ptolemy.moml.MoMLSimpleApplication@6ea0a73d
reloadAllAccessors: .Expression5

===========================================================================================
----------------- testing Mon Apr 08 03:55:01 UTC 2019 /home/travis/build/icyphy/ptII/ptolemy/actor/lib/test/auto/Expression6.xml
----------------- Instantiating /home/travis/build/icyphy/ptII/ptolemy/actor/lib/test/auto/Expression6.xml
2 ms. Memory: 1361920K Free: 375066K (28%)
----------------- Invoking toplevel() on ptolemy.moml.MoMLSimpleApplication@3f808cf6
----------------- Done invoking toplevel() on ptolemy.moml.MoMLSimpleApplication@3f808cf6
reloadAllAccessors: .Expression6

===========================================================================================
----------------- testing Mon Apr 08 03:55:01 UTC 2019 /home/travis/build/icyphy/ptII/ptolemy/actor/lib/test/auto/Expression7.xml
----------------- Instantiating /home/travis/build/icyphy/ptII/ptolemy/actor/lib/test/auto/Expression7.xml
2 ms. Memory: 1361920K Free: 358470K (26%)
----------------- Invoking toplevel() on ptolemy.moml.MoMLSimpleApplication@3b52601a
----------------- Done invoking toplevel() on ptolemy.moml.MoMLSimpleApplication@3b52601a
reloadAllAccessors: .Expression7

===========================================================================================
----------------- testing Mon Apr 08 03:55:01 UTC 2019 /home/travis/build/icyphy/ptII/ptolemy/actor/lib/test/auto/Expression8.xml
----------------- Instantiating /home/travis/build/icyphy/ptII/ptolemy/actor/lib/test/auto/Expression8.xml
8 ms. Memory: 1361920K Free: 332186K (24%)
----------------- Invoking toplevel() on ptolemy.moml.MoMLSimpleApplication@79cca50e
----------------- Done invoking toplevel() on ptolemy.moml.MoMLSimpleApplication@79cca50e
reloadAllAccessors: .Expression8

===========================================================================================
----------------- testing Mon Apr 08 03:55:01 UTC 2019 /home/travis/build/icyphy/ptII/ptolemy/actor/lib/test/auto/Expression9.xml
----------------- Instantiating /home/travis/build/icyphy/ptII/ptolemy/actor/lib/test/auto/Expression9.xml
2 ms. Memory: 1361920K Free: 315591K (23%)
----------------- Invoking toplevel() on ptolemy.moml.MoMLSimpleApplication@4d76c209
----------------- Done invoking toplevel() on ptolemy.moml.MoMLSimpleApplication@4d76c209
reloadAllAccessors: .Expression9

===========================================================================================
----------------- testing Mon Apr 08 03:55:01 UTC 2019 /home/travis/build/icyphy/ptII/ptolemy/actor/lib/test/auto/ExpressionConcatenateArrayType.xml
----------------- Instantiating /home/travis/build/icyphy/ptII/ptolemy/actor/lib/test/auto/ExpressionConcatenateArrayType.xml
3 ms. Memory: 1361920K Free: 298995K (22%)
----------------- Invoking toplevel() on ptolemy.moml.MoMLSimpleApplication@3244512b
----------------- Done invoking toplevel() on ptolemy.moml.MoMLSimpleApplication@3244512b
reloadAllAccessors: .ExpressionConcatenateArrayType

===========================================================================================
----------------- testing Mon Apr 08 03:55:01 UTC 2019 /home/travis/build/icyphy/ptII/ptolemy/actor/lib/test/auto/ExpressionConcatenateArrayType2.xml
----------------- Instantiating /home/travis/build/icyphy/ptII/ptolemy/actor/lib/test/auto/ExpressionConcatenateArrayType2.xml
2 ms. Memory: 1361920K Free: 282399K (21%)
----------------- Invoking toplevel() on ptolemy.moml.MoMLSimpleApplication@2b868df9
----------------- Done invoking toplevel() on ptolemy.moml.MoMLSimpleApplication@2b868df9
reloadAllAccessors: .ExpressionConcatenateArrayType2

===========================================================================================
----------------- testing Mon Apr 08 03:55:01 UTC 2019 /home/travis/build/icyphy/ptII/ptolemy/actor/lib/test/auto/ExpressionFix.xml
----------------- Instantiating /home/travis/build/icyphy/ptII/ptolemy/actor/lib/test/auto/ExpressionFix.xml
19 ms. Memory: 1361920K Free: 256116K (19%)
----------------- Invoking toplevel() on ptolemy.moml.MoMLSimpleApplication@27344fc3
----------------- Done invoking toplevel() on ptolemy.moml.MoMLSimpleApplication@27344fc3
reloadAllAccessors: .ExpressionFix

===========================================================================================
----------------- testing Mon Apr 08 03:55:01 UTC 2019 /home/travis/build/icyphy/ptII/ptolemy/actor/lib/test/auto/ExpressionFix2.xml
----------------- Instantiating /home/travis/build/icyphy/ptII/ptolemy/actor/lib/test/auto/ExpressionFix2.xml
5 ms. Memory: 1361920K Free: 239520K (18%)
----------------- Invoking toplevel() on ptolemy.moml.MoMLSimpleApplication@1a328c31
----------------- Done invoking toplevel() on ptolemy.moml.MoMLSimpleApplication@1a328c31
reloadAllAccessors: .ExpressionFix2

===========================================================================================
----------------- testing Mon Apr 08 03:55:01 UTC 2019 /home/travis/build/icyphy/ptII/ptolemy/actor/lib/test/auto/ExpressionFix3.xml
----------------- Instantiating /home/travis/build/icyphy/ptII/ptolemy/actor/lib/test/auto/ExpressionFix3.xml
2 ms. Memory: 1361920K Free: 222924K (16%)
----------------- Invoking toplevel() on ptolemy.moml.MoMLSimpleApplication@12dbffdc
----------------- Done invoking toplevel() on ptolemy.moml.MoMLSimpleApplication@12dbffdc
reloadAllAccessors: .ExpressionFix3

===========================================================================================
----------------- testing Mon Apr 08 03:55:01 UTC 2019 /home/travis/build/icyphy/ptII/ptolemy/actor/lib/test/auto/FileWriter1.xml
----------------- Instantiating /home/travis/build/icyphy/ptII/ptolemy/actor/lib/test/auto/FileWriter1.xml
3 ms. Memory: 1361920K Free: 206329K (15%)
----------------- Invoking toplevel() on ptolemy.moml.MoMLSimpleApplication@5e5f798c
----------------- Done invoking toplevel() on ptolemy.moml.MoMLSimpleApplication@5e5f798c
reloadAllAccessors: .FileWriter1

===========================================================================================
----------------- testing Mon Apr 08 03:55:01 UTC 2019 /home/travis/build/icyphy/ptII/ptolemy/actor/lib/test/auto/FileWriter2.xml
----------------- Instantiating /home/travis/build/icyphy/ptII/ptolemy/actor/lib/test/auto/FileWriter2.xml
3 ms. Memory: 1361920K Free: 180045K (13%)
----------------- Invoking toplevel() on ptolemy.moml.MoMLSimpleApplication@56e63f2f
----------------- Done invoking toplevel() on ptolemy.moml.MoMLSimpleApplication@56e63f2f
reloadAllAccessors: .FileWriter2

===========================================================================================
----------------- testing Mon Apr 08 03:55:01 UTC 2019 /home/travis/build/icyphy/ptII/ptolemy/actor/lib/test/auto/FileWriter3.xml
----------------- Instantiating /home/travis/build/icyphy/ptII/ptolemy/actor/lib/test/auto/FileWriter3.xml
3 ms. Memory: 1361920K Free: 163449K (12%)
----------------- Invoking toplevel() on ptolemy.moml.MoMLSimpleApplication@55beb2af
----------------- Done invoking toplevel() on ptolemy.moml.MoMLSimpleApplication@55beb2af
reloadAllAccessors: .FileWriter3

===========================================================================================
----------------- testing Mon Apr 08 03:55:01 UTC 2019 /home/travis/build/icyphy/ptII/ptolemy/actor/lib/test/auto/Gaussian.xml
----------------- Instantiating /home/travis/build/icyphy/ptII/ptolemy/actor/lib/test/auto/Gaussian.xml
2 ms. Memory: 1361920K Free: 146854K (11%)
----------------- Invoking toplevel() on ptolemy.moml.MoMLSimpleApplication@14dd566
----------------- Done invoking toplevel() on ptolemy.moml.MoMLSimpleApplication@14dd566
reloadAllAccessors: .Gaussian

===========================================================================================
----------------- testing Mon Apr 08 03:55:01 UTC 2019 /home/travis/build/icyphy/ptII/ptolemy/actor/lib/test/auto/Gaussian1.xml
----------------- Instantiating /home/travis/build/icyphy/ptII/ptolemy/actor/lib/test/auto/Gaussian1.xml
2 ms. Memory: 1361920K Free: 130258K (10%)
----------------- Invoking toplevel() on ptolemy.moml.MoMLSimpleApplication@776a03d3
----------------- Done invoking toplevel() on ptolemy.moml.MoMLSimpleApplication@776a03d3
reloadAllAccessors: .Gaussian1

===========================================================================================
----------------- testing Mon Apr 08 03:55:01 UTC 2019 /home/travis/build/icyphy/ptII/ptolemy/actor/lib/test/auto/Gaussian2.xml
----------------- Instantiating /home/travis/build/icyphy/ptII/ptolemy/actor/lib/test/auto/Gaussian2.xml
4 ms. Memory: 1361920K Free: 113662K (8%)
----------------- Invoking toplevel() on ptolemy.moml.MoMLSimpleApplication@2dfadeb7
----------------- Done invoking toplevel() on ptolemy.moml.MoMLSimpleApplication@2dfadeb7
reloadAllAccessors: .Gaussian2

===========================================================================================
----------------- testing Mon Apr 08 03:55:01 UTC 2019 /home/travis/build/icyphy/ptII/ptolemy/actor/lib/test/auto/GradientAdaptiveLattice.xml
----------------- Instantiating /home/travis/build/icyphy/ptII/ptolemy/actor/lib/test/auto/GradientAdaptiveLattice.xml
3 ms. Memory: 1361920K Free: 87379K (6%)
----------------- Invoking toplevel() on ptolemy.moml.MoMLSimpleApplication@29e6d195
----------------- Done invoking toplevel() on ptolemy.moml.MoMLSimpleApplication@29e6d195
reloadAllAccessors: .GradientAdaptiveLattice

===========================================================================================
----------------- testing Mon Apr 08 03:55:01 UTC 2019 /home/travis/build/icyphy/ptII/ptolemy/actor/lib/test/auto/IIR.xml
----------------- Instantiating /home/travis/build/icyphy/ptII/ptolemy/actor/lib/test/auto/IIR.xml
6 ms. Memory: 1361920K Free: 1319488K (97%)
----------------- Invoking toplevel() on ptolemy.moml.MoMLSimpleApplication@4d351ab7
----------------- Done invoking toplevel() on ptolemy.moml.MoMLSimpleApplication@4d351ab7
reloadAllAccessors: .IIR

===========================================================================================
----------------- testing Mon Apr 08 03:55:01 UTC 2019 /home/travis/build/icyphy/ptII/ptolemy/actor/lib/test/auto/InputOutputTransparentPorts.xml
----------------- Instantiating /home/travis/build/icyphy/ptII/ptolemy/actor/lib/test/auto/InputOutputTransparentPorts.xml
1 ms. Memory: 1361920K Free: 1295985K (95%)
----------------- Invoking toplevel() on ptolemy.moml.MoMLSimpleApplication@271663e7
----------------- Done invoking toplevel() on ptolemy.moml.MoMLSimpleApplication@271663e7
reloadAllAccessors: .InputOutputTransparentPorts

===========================================================================================
----------------- testing Mon Apr 08 03:55:01 UTC 2019 /home/travis/build/icyphy/ptII/ptolemy/actor/lib/test/auto/Interpolator.xml
----------------- Instantiating /home/travis/build/icyphy/ptII/ptolemy/actor/lib/test/auto/Interpolator.xml
5 ms. Memory: 1361920K Free: 1283538K (94%)
----------------- Invoking toplevel() on ptolemy.moml.MoMLSimpleApplication@5832f805
----------------- Done invoking toplevel() on ptolemy.moml.MoMLSimpleApplication@5832f805
reloadAllAccessors: .Interpolator

===========================================================================================
----------------- testing Mon Apr 08 03:55:01 UTC 2019 /home/travis/build/icyphy/ptII/ptolemy/actor/lib/test/auto/InterpolatorFiringLimitDE.xml
----------------- Instantiating /home/travis/build/icyphy/ptII/ptolemy/actor/lib/test/auto/InterpolatorFiringLimitDE.xml
2 ms. Memory: 1361920K Free: 1271091K (93%)
----------------- Invoking toplevel() on ptolemy.moml.MoMLSimpleApplication@79ab3e09
----------------- Done invoking toplevel() on ptolemy.moml.MoMLSimpleApplication@79ab3e09
reloadAllAccessors: .InterpolatorFiringLimitDE

===========================================================================================
----------------- testing Mon Apr 08 03:55:01 UTC 2019 /home/travis/build/icyphy/ptII/ptolemy/actor/lib/test/auto/Lattice.xml
----------------- Instantiating /home/travis/build/icyphy/ptII/ptolemy/actor/lib/test/auto/Lattice.xml
1 ms. Memory: 1361920K Free: 1251737K (92%)
----------------- Invoking toplevel() on ptolemy.moml.MoMLSimpleApplication@53b2c9da
----------------- Done invoking toplevel() on ptolemy.moml.MoMLSimpleApplication@53b2c9da
reloadAllAccessors: .Lattice

===========================================================================================
----------------- testing Mon Apr 08 03:55:01 UTC 2019 /home/travis/build/icyphy/ptII/ptolemy/actor/lib/test/auto/LazyAOCTestLazy.xml
----------------- Instantiating /home/travis/build/icyphy/ptII/ptolemy/actor/lib/test/auto/LazyAOCTestLazy.xml
15 ms. Memory: 1361920K Free: 1239290K (91%)
----------------- Invoking toplevel() on ptolemy.moml.MoMLSimpleApplication@626cf916
----------------- Done invoking toplevel() on ptolemy.moml.MoMLSimpleApplication@626cf916
reloadAllAccessors: .LazyAOCTestLazy

===========================================================================================
----------------- testing Mon Apr 08 03:55:01 UTC 2019 /home/travis/build/icyphy/ptII/ptolemy/actor/lib/test/auto/LazyAOCTestNonLazy.xml
----------------- Instantiating /home/travis/build/icyphy/ptII/ptolemy/actor/lib/test/auto/LazyAOCTestNonLazy.xml
11 ms. Memory: 1361920K Free: 1226843K (90%)
----------------- Invoking toplevel() on ptolemy.moml.MoMLSimpleApplication@268882b1
----------------- Done invoking toplevel() on ptolemy.moml.MoMLSimpleApplication@268882b1
reloadAllAccessors: .LazyAOCTestNonLazy

===========================================================================================
----------------- testing Mon Apr 08 03:55:01 UTC 2019 /home/travis/build/icyphy/ptII/ptolemy/actor/lib/test/auto/LazyInnerClass.xml
----------------- Instantiating /home/travis/build/icyphy/ptII/ptolemy/actor/lib/test/auto/LazyInnerClass.xml
22 ms. Memory: 1361920K Free: 1207489K (89%)
----------------- Invoking toplevel() on ptolemy.moml.MoMLSimpleApplication@3318eb0d
----------------- Done invoking toplevel() on ptolemy.moml.MoMLSimpleApplication@3318eb0d
reloadAllAccessors: .LazyInnerClass

===========================================================================================
----------------- testing Mon Apr 08 03:55:01 UTC 2019 /home/travis/build/icyphy/ptII/ptolemy/actor/lib/test/auto/LazyPubSub.xml
----------------- Instantiating /home/travis/build/icyphy/ptII/ptolemy/actor/lib/test/auto/LazyPubSub.xml
20 ms. Memory: 1361920K Free: 1195042K (88%)
----------------- Invoking toplevel() on ptolemy.moml.MoMLSimpleApplication@6dc6615e
----------------- Done invoking toplevel() on ptolemy.moml.MoMLSimpleApplication@6dc6615e
reloadAllAccessors: .LazyPubSub

===========================================================================================
----------------- testing Mon Apr 08 03:55:01 UTC 2019 /home/travis/build/icyphy/ptII/ptolemy/actor/lib/test/auto/LazyPubSub2.xml
----------------- Instantiating /home/travis/build/icyphy/ptII/ptolemy/actor/lib/test/auto/LazyPubSub2.xml
17 ms. Memory: 1361920K Free: 1182595K (87%)
----------------- Invoking toplevel() on ptolemy.moml.MoMLSimpleApplication@2cd7a689
----------------- Done invoking toplevel() on ptolemy.moml.MoMLSimpleApplication@2cd7a689
reloadAllAccessors: .LazyPubSub2

===========================================================================================
----------------- testing Mon Apr 08 03:55:01 UTC 2019 /home/travis/build/icyphy/ptII/ptolemy/actor/lib/test/auto/LazyPubSub3.xml
----------------- Instantiating /home/travis/build/icyphy/ptII/ptolemy/actor/lib/test/auto/LazyPubSub3.xml
24 ms. Memory: 1361920K Free: 1163241K (85%)
----------------- Invoking toplevel() on ptolemy.moml.MoMLSimpleApplication@e7ce695
----------------- Done invoking toplevel() on ptolemy.moml.MoMLSimpleApplication@e7ce695
reloadAllAccessors: .LazyPubSub3

===========================================================================================
----------------- testing Mon Apr 08 03:55:02 UTC 2019 /home/travis/build/icyphy/ptII/ptolemy/actor/lib/test/auto/LazySubClassModel.xml
----------------- Instantiating /home/travis/build/icyphy/ptII/ptolemy/actor/lib/test/auto/LazySubClassModel.xml
2 ms. Memory: 1361920K Free: 1144386K (84%)
----------------- Invoking toplevel() on ptolemy.moml.MoMLSimpleApplication@31ac770a
----------------- Done invoking toplevel() on ptolemy.moml.MoMLSimpleApplication@31ac770a
reloadAllAccessors: .LazySubClassModel

===========================================================================================
----------------- testing Mon Apr 08 03:55:02 UTC 2019 /home/travis/build/icyphy/ptII/ptolemy/actor/lib/test/auto/LevelCrossTest1.xml
----------------- Instantiating /home/travis/build/icyphy/ptII/ptolemy/actor/lib/test/auto/LevelCrossTest1.xml
1 ms. Memory: 1361920K Free: 1131940K (83%)
----------------- Invoking toplevel() on ptolemy.moml.MoMLSimpleApplication@68927856
----------------- Done invoking toplevel() on ptolemy.moml.MoMLSimpleApplication@68927856
reloadAllAccessors: .broken

===========================================================================================
----------------- testing Mon Apr 08 03:55:02 UTC 2019 /home/travis/build/icyphy/ptII/ptolemy/actor/lib/test/auto/LevelCrossTest10.xml
----------------- Instantiating /home/travis/build/icyphy/ptII/ptolemy/actor/lib/test/auto/LevelCrossTest10.xml
1 ms. Memory: 1361920K Free: 1112585K (82%)
----------------- Invoking toplevel() on ptolemy.moml.MoMLSimpleApplication@773e919f
----------------- Done invoking toplevel() on ptolemy.moml.MoMLSimpleApplication@773e919f
reloadAllAccessors: .LevelCrossTest10

===========================================================================================
----------------- testing Mon Apr 08 03:55:02 UTC 2019 /home/travis/build/icyphy/ptII/ptolemy/actor/lib/test/auto/LevelCrossTest11.xml
----------------- Instantiating /home/travis/build/icyphy/ptII/ptolemy/actor/lib/test/auto/LevelCrossTest11.xml
2 ms. Memory: 1361920K Free: 1100139K (81%)
----------------- Invoking toplevel() on ptolemy.moml.MoMLSimpleApplication@29e82dc
----------------- Done invoking toplevel() on ptolemy.moml.MoMLSimpleApplication@29e82dc
reloadAllAccessors: .LevelCrossTest11

===========================================================================================
----------------- testing Mon Apr 08 03:55:02 UTC 2019 /home/travis/build/icyphy/ptII/ptolemy/actor/lib/test/auto/LevelCrossTest12.xml
----------------- Instantiating /home/travis/build/icyphy/ptII/ptolemy/actor/lib/test/auto/LevelCrossTest12.xml
1 ms. Memory: 1361920K Free: 1087692K (80%)
----------------- Invoking toplevel() on ptolemy.moml.MoMLSimpleApplication@66f443fa
----------------- Done invoking toplevel() on ptolemy.moml.MoMLSimpleApplication@66f443fa
reloadAllAccessors: .LevelCrossTest12

===========================================================================================
----------------- testing Mon Apr 08 03:55:02 UTC 2019 /home/travis/build/icyphy/ptII/ptolemy/actor/lib/test/auto/LevelCrossTest13.xml
----------------- Instantiating /home/travis/build/icyphy/ptII/ptolemy/actor/lib/test/auto/LevelCrossTest13.xml
1 ms. Memory: 1361920K Free: 1068337K (78%)
----------------- Invoking toplevel() on ptolemy.moml.MoMLSimpleApplication@231b6bb5
----------------- Done invoking toplevel() on ptolemy.moml.MoMLSimpleApplication@231b6bb5
reloadAllAccessors: .LevelCrossTest13

===========================================================================================
----------------- testing Mon Apr 08 03:55:02 UTC 2019 /home/travis/build/icyphy/ptII/ptolemy/actor/lib/test/auto/LevelCrossTest2.xml
----------------- Instantiating /home/travis/build/icyphy/ptII/ptolemy/actor/lib/test/auto/LevelCrossTest2.xml
2 ms. Memory: 1361920K Free: 1055891K (78%)
----------------- Invoking toplevel() on ptolemy.moml.MoMLSimpleApplication@715bb8fd
----------------- Done invoking toplevel() on ptolemy.moml.MoMLSimpleApplication@715bb8fd
reloadAllAccessors: .broken

===========================================================================================
----------------- testing Mon Apr 08 03:55:02 UTC 2019 /home/travis/build/icyphy/ptII/ptolemy/actor/lib/test/auto/LevelCrossTest3.xml
----------------- Instantiating /home/travis/build/icyphy/ptII/ptolemy/actor/lib/test/auto/LevelCrossTest3.xml
2 ms. Memory: 1361920K Free: 1043444K (77%)
----------------- Invoking toplevel() on ptolemy.moml.MoMLSimpleApplication@27b44086
----------------- Done invoking toplevel() on ptolemy.moml.MoMLSimpleApplication@27b44086
reloadAllAccessors: .LevelCrossTest3

===========================================================================================
----------------- testing Mon Apr 08 03:55:02 UTC 2019 /home/travis/build/icyphy/ptII/ptolemy/actor/lib/test/auto/LevelCrossTest4.xml
----------------- Instantiating /home/travis/build/icyphy/ptII/ptolemy/actor/lib/test/auto/LevelCrossTest4.xml
1 ms. Memory: 1361920K Free: 1024089K (75%)
----------------- Invoking toplevel() on ptolemy.moml.MoMLSimpleApplication@151b2e7c
----------------- Done invoking toplevel() on ptolemy.moml.MoMLSimpleApplication@151b2e7c
reloadAllAccessors: .broken

===========================================================================================
----------------- testing Mon Apr 08 03:55:02 UTC 2019 /home/travis/build/icyphy/ptII/ptolemy/actor/lib/test/auto/LevelCrossTest5.xml
----------------- Instantiating /home/travis/build/icyphy/ptII/ptolemy/actor/lib/test/auto/LevelCrossTest5.xml
1 ms. Memory: 1361920K Free: 1011643K (74%)
----------------- Invoking toplevel() on ptolemy.moml.MoMLSimpleApplication@2ac6e13d
----------------- Done invoking toplevel() on ptolemy.moml.MoMLSimpleApplication@2ac6e13d
reloadAllAccessors: .LevelCrossTest5

===========================================================================================
----------------- testing Mon Apr 08 03:55:02 UTC 2019 /home/travis/build/icyphy/ptII/ptolemy/actor/lib/test/auto/LevelCrossTest6.xml
----------------- Instantiating /home/travis/build/icyphy/ptII/ptolemy/actor/lib/test/auto/LevelCrossTest6.xml
2 ms. Memory: 1361920K Free: 999196K (73%)
----------------- Invoking toplevel() on ptolemy.moml.MoMLSimpleApplication@e87324c
----------------- Done invoking toplevel() on ptolemy.moml.MoMLSimpleApplication@e87324c
reloadAllAccessors: .LevelCrossTest6

===========================================================================================
----------------- testing Mon Apr 08 03:55:02 UTC 2019 /home/travis/build/icyphy/ptII/ptolemy/actor/lib/test/auto/LevelCrossTest7.xml
----------------- Instantiating /home/travis/build/icyphy/ptII/ptolemy/actor/lib/test/auto/LevelCrossTest7.xml
2 ms. Memory: 1361920K Free: 979842K (72%)
----------------- Invoking toplevel() on ptolemy.moml.MoMLSimpleApplication@4a3c3931
----------------- Done invoking toplevel() on ptolemy.moml.MoMLSimpleApplication@4a3c3931
reloadAllAccessors: .LevelCrossTest7

===========================================================================================
----------------- testing Mon Apr 08 03:55:02 UTC 2019 /home/travis/build/icyphy/ptII/ptolemy/actor/lib/test/auto/LevelCrossTest8.xml
----------------- Instantiating /home/travis/build/icyphy/ptII/ptolemy/actor/lib/test/auto/LevelCrossTest8.xml
1 ms. Memory: 1361920K Free: 967395K (71%)
----------------- Invoking toplevel() on ptolemy.moml.MoMLSimpleApplication@da36523
----------------- Done invoking toplevel() on ptolemy.moml.MoMLSimpleApplication@da36523
reloadAllAccessors: .LevelCrossTest8

===========================================================================================
----------------- testing Mon Apr 08 03:55:02 UTC 2019 /home/travis/build/icyphy/ptII/ptolemy/actor/lib/test/auto/LevelCrossTest9.xml
----------------- Instantiating /home/travis/build/icyphy/ptII/ptolemy/actor/lib/test/auto/LevelCrossTest9.xml
1 ms. Memory: 1361920K Free: 954948K (70%)
----------------- Invoking toplevel() on ptolemy.moml.MoMLSimpleApplication@445e1de3
----------------- Done invoking toplevel() on ptolemy.moml.MoMLSimpleApplication@445e1de3
reloadAllAccessors: .LevelCrossTest9

===========================================================================================
----------------- testing Mon Apr 08 03:55:02 UTC 2019 /home/travis/build/icyphy/ptII/ptolemy/actor/lib/test/auto/LevinsonDurbin.xml
----------------- Instantiating /home/travis/build/icyphy/ptII/ptolemy/actor/lib/test/auto/LevinsonDurbin.xml
1 ms. Memory: 1361920K Free: 935593K (69%)
----------------- Invoking toplevel() on ptolemy.moml.MoMLSimpleApplication@b17c96f
----------------- Done invoking toplevel() on ptolemy.moml.MoMLSimpleApplication@b17c96f
reloadAllAccessors: .LevinsonDurbin

===========================================================================================
----------------- testing Mon Apr 08 03:55:02 UTC 2019 /home/travis/build/icyphy/ptII/ptolemy/actor/lib/test/auto/LevinsonDurbin2.xml
----------------- Instantiating /home/travis/build/icyphy/ptII/ptolemy/actor/lib/test/auto/LevinsonDurbin2.xml
2 ms. Memory: 1361920K Free: 923147K (68%)
----------------- Invoking toplevel() on ptolemy.moml.MoMLSimpleApplication@72cab562
----------------- Done invoking toplevel() on ptolemy.moml.MoMLSimpleApplication@72cab562
reloadAllAccessors: .LevinsonDurbin2

===========================================================================================
----------------- testing Mon Apr 08 03:55:02 UTC 2019 /home/travis/build/icyphy/ptII/ptolemy/actor/lib/test/auto/LevinsonDurbin3.xml
----------------- Instantiating /home/travis/build/icyphy/ptII/ptolemy/actor/lib/test/auto/LevinsonDurbin3.xml
2 ms. Memory: 1361920K Free: 903792K (66%)
----------------- Invoking toplevel() on ptolemy.moml.MoMLSimpleApplication@bce1b75
----------------- Done invoking toplevel() on ptolemy.moml.MoMLSimpleApplication@bce1b75
reloadAllAccessors: .LevinsonDurbin3

===========================================================================================
----------------- testing Mon Apr 08 03:55:02 UTC 2019 /home/travis/build/icyphy/ptII/ptolemy/actor/lib/test/auto/Limiter.xml
----------------- Instantiating /home/travis/build/icyphy/ptII/ptolemy/actor/lib/test/auto/Limiter.xml
6 ms. Memory: 1361920K Free: 891345K (65%)
----------------- Invoking toplevel() on ptolemy.moml.MoMLSimpleApplication@43f8e1af
----------------- Done invoking toplevel() on ptolemy.moml.MoMLSimpleApplication@43f8e1af
reloadAllAccessors: .Limiter

===========================================================================================
----------------- testing Mon Apr 08 03:55:02 UTC 2019 /home/travis/build/icyphy/ptII/ptolemy/actor/lib/test/auto/LinearDifferenceEquationSystem.xml
----------------- Instantiating /home/travis/build/icyphy/ptII/ptolemy/actor/lib/test/auto/LinearDifferenceEquationSystem.xml
4 ms. Memory: 1361920K Free: 878899K (65%)
----------------- Invoking toplevel() on ptolemy.moml.MoMLSimpleApplication@7f756ca0
----------------- Done invoking toplevel() on ptolemy.moml.MoMLSimpleApplication@7f756ca0
reloadAllAccessors: .LinearDifferenceEquationSystem

===========================================================================================
----------------- testing Mon Apr 08 03:55:02 UTC 2019 /home/travis/build/icyphy/ptII/ptolemy/actor/lib/test/auto/LookupTable.xml
----------------- Instantiating /home/travis/build/icyphy/ptII/ptolemy/actor/lib/test/auto/LookupTable.xml
1 ms. Memory: 1361920K Free: 859544K (63%)
----------------- Invoking toplevel() on ptolemy.moml.MoMLSimpleApplication@183e898c
----------------- Done invoking toplevel() on ptolemy.moml.MoMLSimpleApplication@183e898c
reloadAllAccessors: .LookupTable

===========================================================================================
----------------- testing Mon Apr 08 03:55:02 UTC 2019 /home/travis/build/icyphy/ptII/ptolemy/actor/lib/test/auto/MathFunction.xml
----------------- Instantiating /home/travis/build/icyphy/ptII/ptolemy/actor/lib/test/auto/MathFunction.xml
2 ms. Memory: 1361920K Free: 847098K (62%)
----------------- Invoking toplevel() on ptolemy.moml.MoMLSimpleApplication@3a0cf8e7
----------------- Done invoking toplevel() on ptolemy.moml.MoMLSimpleApplication@3a0cf8e7
reloadAllAccessors: .MathFunction

===========================================================================================
----------------- testing Mon Apr 08 03:55:02 UTC 2019 /home/travis/build/icyphy/ptII/ptolemy/actor/lib/test/auto/MathFunction2.xml
----------------- Instantiating /home/travis/build/icyphy/ptII/ptolemy/actor/lib/test/auto/MathFunction2.xml
8 ms. Memory: 1361920K Free: 834651K (61%)
----------------- Invoking toplevel() on ptolemy.moml.MoMLSimpleApplication@108359ef
----------------- Done invoking toplevel() on ptolemy.moml.MoMLSimpleApplication@108359ef
reloadAllAccessors: .MathFunction2

===========================================================================================
----------------- testing Mon Apr 08 03:55:02 UTC 2019 /home/travis/build/icyphy/ptII/ptolemy/actor/lib/test/auto/MathFunction3.xml
----------------- Instantiating /home/travis/build/icyphy/ptII/ptolemy/actor/lib/test/auto/MathFunction3.xml
2 ms. Memory: 1361920K Free: 815296K (60%)
----------------- Invoking toplevel() on ptolemy.moml.MoMLSimpleApplication@24304c9b
----------------- Done invoking toplevel() on ptolemy.moml.MoMLSimpleApplication@24304c9b
reloadAllAccessors: .MathFunction3

===========================================================================================
----------------- testing Mon Apr 08 03:55:02 UTC 2019 /home/travis/build/icyphy/ptII/ptolemy/actor/lib/test/auto/MatrixCropBoolean.xml
----------------- Instantiating /home/travis/build/icyphy/ptII/ptolemy/actor/lib/test/auto/MatrixCropBoolean.xml
2 ms. Memory: 1361920K Free: 802850K (59%)
----------------- Invoking toplevel() on ptolemy.moml.MoMLSimpleApplication@fec7711
----------------- Done invoking toplevel() on ptolemy.moml.MoMLSimpleApplication@fec7711
reloadAllAccessors: .MatrixCropBoolean

===========================================================================================
----------------- testing Mon Apr 08 03:55:02 UTC 2019 /home/travis/build/icyphy/ptII/ptolemy/actor/lib/test/auto/MatrixCropComplex.xml
----------------- Instantiating /home/travis/build/icyphy/ptII/ptolemy/actor/lib/test/auto/MatrixCropComplex.xml
1 ms. Memory: 1361920K Free: 790403K (58%)
----------------- Invoking toplevel() on ptolemy.moml.MoMLSimpleApplication@3c19300f
----------------- Done invoking toplevel() on ptolemy.moml.MoMLSimpleApplication@3c19300f
reloadAllAccessors: .MatrixCropComplex

===========================================================================================
----------------- testing Mon Apr 08 03:55:02 UTC 2019 /home/travis/build/icyphy/ptII/ptolemy/actor/lib/test/auto/MatrixCropDouble.xml
----------------- Instantiating /home/travis/build/icyphy/ptII/ptolemy/actor/lib/test/auto/MatrixCropDouble.xml
2 ms. Memory: 1361920K Free: 771049K (57%)
----------------- Invoking toplevel() on ptolemy.moml.MoMLSimpleApplication@290247bf
----------------- Done invoking toplevel() on ptolemy.moml.MoMLSimpleApplication@290247bf
reloadAllAccessors: .MatrixCropDouble

===========================================================================================
----------------- testing Mon Apr 08 03:55:02 UTC 2019 /home/travis/build/icyphy/ptII/ptolemy/actor/lib/test/auto/MatrixCropFix.xml
----------------- Instantiating /home/travis/build/icyphy/ptII/ptolemy/actor/lib/test/auto/MatrixCropFix.xml
2 ms. Memory: 1361920K Free: 758602K (56%)
----------------- Invoking toplevel() on ptolemy.moml.MoMLSimpleApplication@60dae00f
----------------- Done invoking toplevel() on ptolemy.moml.MoMLSimpleApplication@60dae00f
reloadAllAccessors: .MatrixCropFix

===========================================================================================
----------------- testing Mon Apr 08 03:55:02 UTC 2019 /home/travis/build/icyphy/ptII/ptolemy/actor/lib/test/auto/MatrixCropInt.xml
----------------- Instantiating /home/travis/build/icyphy/ptII/ptolemy/actor/lib/test/auto/MatrixCropInt.xml
2 ms. Memory: 1361920K Free: 746155K (55%)
----------------- Invoking toplevel() on ptolemy.moml.MoMLSimpleApplication@665e4cbe
----------------- Done invoking toplevel() on ptolemy.moml.MoMLSimpleApplication@665e4cbe
reloadAllAccessors: .MatrixCropInt

===========================================================================================
----------------- testing Mon Apr 08 03:55:02 UTC 2019 /home/travis/build/icyphy/ptII/ptolemy/actor/lib/test/auto/MatrixCropLong.xml
----------------- Instantiating /home/travis/build/icyphy/ptII/ptolemy/actor/lib/test/auto/MatrixCropLong.xml
3 ms. Memory: 1361920K Free: 726801K (53%)
----------------- Invoking toplevel() on ptolemy.moml.MoMLSimpleApplication@f475c13
----------------- Done invoking toplevel() on ptolemy.moml.MoMLSimpleApplication@f475c13
reloadAllAccessors: .MatrixCropLong

===========================================================================================
----------------- testing Mon Apr 08 03:55:02 UTC 2019 /home/travis/build/icyphy/ptII/ptolemy/actor/lib/test/auto/MatrixToArray.xml
----------------- Instantiating /home/travis/build/icyphy/ptII/ptolemy/actor/lib/test/auto/MatrixToArray.xml
10 ms. Memory: 1361920K Free: 701875K (52%)
----------------- Invoking toplevel() on ptolemy.moml.MoMLSimpleApplication@4185eddd
----------------- Done invoking toplevel() on ptolemy.moml.MoMLSimpleApplication@4185eddd
reloadAllAccessors: .MatrixToArray

===========================================================================================
----------------- testing Mon Apr 08 03:55:02 UTC 2019 /home/travis/build/icyphy/ptII/ptolemy/actor/lib/test/auto/MaxIndex.xml
----------------- Instantiating /home/travis/build/icyphy/ptII/ptolemy/actor/lib/test/auto/MaxIndex.xml
2 ms. Memory: 1361920K Free: 689429K (51%)
----------------- Invoking toplevel() on ptolemy.moml.MoMLSimpleApplication@3889e523
----------------- Done invoking toplevel() on ptolemy.moml.MoMLSimpleApplication@3889e523
reloadAllAccessors: .MaxIndex

===========================================================================================
----------------- testing Mon Apr 08 03:55:02 UTC 2019 /home/travis/build/icyphy/ptII/ptolemy/actor/lib/test/auto/Maximum.xml
----------------- Instantiating /home/travis/build/icyphy/ptII/ptolemy/actor/lib/test/auto/Maximum.xml
13 ms. Memory: 1361920K Free: 670074K (49%)
----------------- Invoking toplevel() on ptolemy.moml.MoMLSimpleApplication@586d7f63
----------------- Done invoking toplevel() on ptolemy.moml.MoMLSimpleApplication@586d7f63
reloadAllAccessors: .Maximum

===========================================================================================
----------------- testing Mon Apr 08 03:55:02 UTC 2019 /home/travis/build/icyphy/ptII/ptolemy/actor/lib/test/auto/MaximumComplex.xml
----------------- Instantiating /home/travis/build/icyphy/ptII/ptolemy/actor/lib/test/auto/MaximumComplex.xml
5 ms. Memory: 1361920K Free: 657627K (48%)
----------------- Invoking toplevel() on ptolemy.moml.MoMLSimpleApplication@76e82aca
----------------- Done invoking toplevel() on ptolemy.moml.MoMLSimpleApplication@76e82aca
reloadAllAccessors: .MaximumComplex

===========================================================================================
----------------- testing Mon Apr 08 03:55:02 UTC 2019 /home/travis/build/icyphy/ptII/ptolemy/actor/lib/test/auto/MethodCallTest.xml
----------------- Instantiating /home/travis/build/icyphy/ptII/ptolemy/actor/lib/test/auto/MethodCallTest.xml
2 ms. Memory: 1361920K Free: 645180K (47%)
----------------- Invoking toplevel() on ptolemy.moml.MoMLSimpleApplication@5b8c4d17
----------------- Done invoking toplevel() on ptolemy.moml.MoMLSimpleApplication@5b8c4d17
reloadAllAccessors: .MethodCallTest

===========================================================================================
----------------- testing Mon Apr 08 03:55:02 UTC 2019 /home/travis/build/icyphy/ptII/ptolemy/actor/lib/test/auto/Minimum.xml
----------------- Instantiating /home/travis/build/icyphy/ptII/ptolemy/actor/lib/test/auto/Minimum.xml
2 ms. Memory: 1361920K Free: 625826K (46%)
----------------- Invoking toplevel() on ptolemy.moml.MoMLSimpleApplication@5f7e0599
----------------- Done invoking toplevel() on ptolemy.moml.MoMLSimpleApplication@5f7e0599
reloadAllAccessors: .Minimum

===========================================================================================
----------------- testing Mon Apr 08 03:55:02 UTC 2019 /home/travis/build/icyphy/ptII/ptolemy/actor/lib/test/auto/MinimumComplex.xml
----------------- Instantiating /home/travis/build/icyphy/ptII/ptolemy/actor/lib/test/auto/MinimumComplex.xml
3 ms. Memory: 1361920K Free: 613379K (45%)
----------------- Invoking toplevel() on ptolemy.moml.MoMLSimpleApplication@214e2d0e
----------------- Done invoking toplevel() on ptolemy.moml.MoMLSimpleApplication@214e2d0e
reloadAllAccessors: .MinimumComplex

===========================================================================================
----------------- testing Mon Apr 08 03:55:02 UTC 2019 /home/travis/build/icyphy/ptII/ptolemy/actor/lib/test/auto/MinimumMultiports.xml
----------------- Instantiating /home/travis/build/icyphy/ptII/ptolemy/actor/lib/test/auto/MinimumMultiports.xml
3 ms. Memory: 1361920K Free: 600933K (44%)
----------------- Invoking toplevel() on ptolemy.moml.MoMLSimpleApplication@47198f7b
----------------- Done invoking toplevel() on ptolemy.moml.MoMLSimpleApplication@47198f7b
reloadAllAccessors: .MinimumMultiports

===========================================================================================
----------------- testing Mon Apr 08 03:55:02 UTC 2019 /home/travis/build/icyphy/ptII/ptolemy/actor/lib/test/auto/ModifyDate.xml
----------------- Instantiating /home/travis/build/icyphy/ptII/ptolemy/actor/lib/test/auto/ModifyDate.xml
5 ms. Memory: 1361920K Free: 575339K (42%)
----------------- Invoking toplevel() on ptolemy.moml.MoMLSimpleApplication@3a9894e1
----------------- Done invoking toplevel() on ptolemy.moml.MoMLSimpleApplication@3a9894e1
reloadAllAccessors: .ModifyDate

===========================================================================================
----------------- testing Mon Apr 08 03:55:02 UTC 2019 /home/travis/build/icyphy/ptII/ptolemy/actor/lib/test/auto/ModifyDate2.xml
----------------- Instantiating /home/travis/build/icyphy/ptII/ptolemy/actor/lib/test/auto/ModifyDate2.xml
5 ms. Memory: 1361920K Free: 556653K (41%)
----------------- Invoking toplevel() on ptolemy.moml.MoMLSimpleApplication@6869b057
----------------- Done invoking toplevel() on ptolemy.moml.MoMLSimpleApplication@6869b057
reloadAllAccessors: .ModifyDate2

===========================================================================================
----------------- testing Mon Apr 08 03:55:02 UTC 2019 /home/travis/build/icyphy/ptII/ptolemy/actor/lib/test/auto/MovingAverage.xml
----------------- Instantiating /home/travis/build/icyphy/ptII/ptolemy/actor/lib/test/auto/MovingAverage.xml
2 ms. Memory: 1361920K Free: 544206K (40%)
----------------- Invoking toplevel() on ptolemy.moml.MoMLSimpleApplication@772eed62
----------------- Done invoking toplevel() on ptolemy.moml.MoMLSimpleApplication@772eed62
reloadAllAccessors: .MovingAverage

===========================================================================================
----------------- testing Mon Apr 08 03:55:02 UTC 2019 /home/travis/build/icyphy/ptII/ptolemy/actor/lib/test/auto/MovingMaximum.xml
----------------- Instantiating /home/travis/build/icyphy/ptII/ptolemy/actor/lib/test/auto/MovingMaximum.xml
2 ms. Memory: 1361920K Free: 524852K (39%)
----------------- Invoking toplevel() on ptolemy.moml.MoMLSimpleApplication@1b94adff
----------------- Done invoking toplevel() on ptolemy.moml.MoMLSimpleApplication@1b94adff
reloadAllAccessors: .MovingMaximum

===========================================================================================
----------------- testing Mon Apr 08 03:55:02 UTC 2019 /home/travis/build/icyphy/ptII/ptolemy/actor/lib/test/auto/MultipleLinksToSameRelation.xml
----------------- Instantiating /home/travis/build/icyphy/ptII/ptolemy/actor/lib/test/auto/MultipleLinksToSameRelation.xml
4 ms. Memory: 1361920K Free: 512405K (38%)
----------------- Invoking toplevel() on ptolemy.moml.MoMLSimpleApplication@29e47161
----------------- Done invoking toplevel() on ptolemy.moml.MoMLSimpleApplication@29e47161
reloadAllAccessors: .MultipleLinksToSameRelation

===========================================================================================
----------------- testing Mon Apr 08 03:55:02 UTC 2019 /home/travis/build/icyphy/ptII/ptolemy/actor/lib/test/auto/MultipleLinksToSameRelationDE.xml
----------------- Instantiating /home/travis/build/icyphy/ptII/ptolemy/actor/lib/test/auto/MultipleLinksToSameRelationDE.xml
2 ms. Memory: 1361920K Free: 499959K (37%)
----------------- Invoking toplevel() on ptolemy.moml.MoMLSimpleApplication@7a5ec47c
----------------- Done invoking toplevel() on ptolemy.moml.MoMLSimpleApplication@7a5ec47c
reloadAllAccessors: .MultipleLinksToSameRelationDE

===========================================================================================
----------------- testing Mon Apr 08 03:55:02 UTC 2019 /home/travis/build/icyphy/ptII/ptolemy/actor/lib/test/auto/Multiplexor.xml
----------------- Instantiating /home/travis/build/icyphy/ptII/ptolemy/actor/lib/test/auto/Multiplexor.xml
3 ms. Memory: 1361920K Free: 480604K (35%)
----------------- Invoking toplevel() on ptolemy.moml.MoMLSimpleApplication@47ef4163
----------------- Done invoking toplevel() on ptolemy.moml.MoMLSimpleApplication@47ef4163
reloadAllAccessors: .Multiplexor

===========================================================================================
----------------- testing Mon Apr 08 03:55:02 UTC 2019 /home/travis/build/icyphy/ptII/ptolemy/actor/lib/test/auto/Multiplexor1.xml
----------------- Instantiating /home/travis/build/icyphy/ptII/ptolemy/actor/lib/test/auto/Multiplexor1.xml
2 ms. Memory: 1361920K Free: 468157K (34%)
----------------- Invoking toplevel() on ptolemy.moml.MoMLSimpleApplication@6563686c
----------------- Done invoking toplevel() on ptolemy.moml.MoMLSimpleApplication@6563686c
reloadAllAccessors: .Multiplexor1

===========================================================================================
----------------- testing Mon Apr 08 03:55:03 UTC 2019 /home/travis/build/icyphy/ptII/ptolemy/actor/lib/test/auto/Multiplexor2.xml
----------------- Instantiating /home/travis/build/icyphy/ptII/ptolemy/actor/lib/test/auto/Multiplexor2.xml
7 ms. Memory: 1361920K Free: 455710K (33%)
----------------- Invoking toplevel() on ptolemy.moml.MoMLSimpleApplication@5784a6f
----------------- Done invoking toplevel() on ptolemy.moml.MoMLSimpleApplication@5784a6f
reloadAllAccessors: .Multiplexor2

===========================================================================================
----------------- testing Mon Apr 08 03:55:03 UTC 2019 /home/travis/build/icyphy/ptII/ptolemy/actor/lib/test/auto/Multiplexor3.xml
----------------- Instantiating /home/travis/build/icyphy/ptII/ptolemy/actor/lib/test/auto/Multiplexor3.xml
2 ms. Memory: 1361920K Free: 436356K (32%)
----------------- Invoking toplevel() on ptolemy.moml.MoMLSimpleApplication@e29e2ec
----------------- Done invoking toplevel() on ptolemy.moml.MoMLSimpleApplication@e29e2ec
reloadAllAccessors: .Multiplexor3

===========================================================================================
----------------- testing Mon Apr 08 03:55:03 UTC 2019 /home/travis/build/icyphy/ptII/ptolemy/actor/lib/test/auto/MultiplexorDE.xml
----------------- Instantiating /home/travis/build/icyphy/ptII/ptolemy/actor/lib/test/auto/MultiplexorDE.xml
3 ms. Memory: 1361920K Free: 423909K (31%)
----------------- Invoking toplevel() on ptolemy.moml.MoMLSimpleApplication@601d120c
----------------- Done invoking toplevel() on ptolemy.moml.MoMLSimpleApplication@601d120c
reloadAllAccessors: .MultiplexorDE

===========================================================================================
----------------- testing Mon Apr 08 03:55:03 UTC 2019 /home/travis/build/icyphy/ptII/ptolemy/actor/lib/test/auto/MultiportBroadcastTest.xml
----------------- Instantiating /home/travis/build/icyphy/ptII/ptolemy/actor/lib/test/auto/MultiportBroadcastTest.xml
86 ms. Memory: 1361920K Free: 411462K (30%)
----------------- Invoking toplevel() on ptolemy.moml.MoMLSimpleApplication@270f7b1e
----------------- Done invoking toplevel() on ptolemy.moml.MoMLSimpleApplication@270f7b1e
reloadAllAccessors: .MultiportBroadcastTest

===========================================================================================
----------------- testing Mon Apr 08 03:55:03 UTC 2019 /home/travis/build/icyphy/ptII/ptolemy/actor/lib/test/auto/MultiportOutHangDuringGetWidth.xml
----------------- Instantiating /home/travis/build/icyphy/ptII/ptolemy/actor/lib/test/auto/MultiportOutHangDuringGetWidth.xml
5 ms. Memory: 1361920K Free: 385885K (28%)
----------------- Invoking toplevel() on ptolemy.moml.MoMLSimpleApplication@3ac97bb5
----------------- Done invoking toplevel() on ptolemy.moml.MoMLSimpleApplication@3ac97bb5
reloadAllAccessors: .MultiportOutHangDuringGetWidth

===========================================================================================
----------------- testing Mon Apr 08 03:55:03 UTC 2019 /home/travis/build/icyphy/ptII/ptolemy/actor/lib/test/auto/NilToken.xml
----------------- Instantiating /home/travis/build/icyphy/ptII/ptolemy/actor/lib/test/auto/NilToken.xml
1 ms. Memory: 1361920K Free: 373438K (27%)
----------------- Invoking toplevel() on ptolemy.moml.MoMLSimpleApplication@7120056e
----------------- Done invoking toplevel() on ptolemy.moml.MoMLSimpleApplication@7120056e
reloadAllAccessors: .NilToken

===========================================================================================
----------------- testing Mon Apr 08 03:55:03 UTC 2019 /home/travis/build/icyphy/ptII/ptolemy/actor/lib/test/auto/NilTokenNonStrictTest.xml
----------------- Instantiating /home/travis/build/icyphy/ptII/ptolemy/actor/lib/test/auto/NilTokenNonStrictTest.xml
4 ms. Memory: 1361920K Free: 360991K (27%)
----------------- Invoking toplevel() on ptolemy.moml.MoMLSimpleApplication@2c27017e
----------------- Done invoking toplevel() on ptolemy.moml.MoMLSimpleApplication@2c27017e
reloadAllAccessors: .NilTokenNonStrictTest

===========================================================================================
----------------- testing Mon Apr 08 03:55:03 UTC 2019 /home/travis/build/icyphy/ptII/ptolemy/actor/lib/test/auto/NilTokenRecord.xml
----------------- Instantiating /home/travis/build/icyphy/ptII/ptolemy/actor/lib/test/auto/NilTokenRecord.xml
9 ms. Memory: 1361920K Free: 341637K (25%)
----------------- Invoking toplevel() on ptolemy.moml.MoMLSimpleApplication@26e9666b
----------------- Done invoking toplevel() on ptolemy.moml.MoMLSimpleApplication@26e9666b
reloadAllAccessors: .NilTokenRecord

===========================================================================================
----------------- testing Mon Apr 08 03:55:03 UTC 2019 /home/travis/build/icyphy/ptII/ptolemy/actor/lib/test/auto/NilTokenTypeTest.xml
----------------- Instantiating /home/travis/build/icyphy/ptII/ptolemy/actor/lib/test/auto/NilTokenTypeTest.xml
7 ms. Memory: 1361920K Free: 322951K (24%)
----------------- Invoking toplevel() on ptolemy.moml.MoMLSimpleApplication@5939cf27
----------------- Done invoking toplevel() on ptolemy.moml.MoMLSimpleApplication@5939cf27
reloadAllAccessors: .NilTokenTypeTest

===========================================================================================
----------------- testing Mon Apr 08 03:55:03 UTC 2019 /home/travis/build/icyphy/ptII/ptolemy/actor/lib/test/auto/ObjectToken1.xml
----------------- Instantiating /home/travis/build/icyphy/ptII/ptolemy/actor/lib/test/auto/ObjectToken1.xml
3 ms. Memory: 1361920K Free: 310504K (23%)
----------------- Invoking toplevel() on ptolemy.moml.MoMLSimpleApplication@1251b071
----------------- Done invoking toplevel() on ptolemy.moml.MoMLSimpleApplication@1251b071
reloadAllAccessors: .ObjectToken1

===========================================================================================
----------------- testing Mon Apr 08 03:55:03 UTC 2019 /home/travis/build/icyphy/ptII/ptolemy/actor/lib/test/auto/OrderedMerge.xml
----------------- Instantiating /home/travis/build/icyphy/ptII/ptolemy/actor/lib/test/auto/OrderedMerge.xml
10 ms. Memory: 1361920K Free: 266256K (20%)
----------------- Invoking toplevel() on ptolemy.moml.MoMLSimpleApplication@3bfacb9b
----------------- Done invoking toplevel() on ptolemy.moml.MoMLSimpleApplication@3bfacb9b
reloadAllAccessors: .OrderedMerge

===========================================================================================
----------------- testing Mon Apr 08 03:55:03 UTC 2019 /home/travis/build/icyphy/ptII/ptolemy/actor/lib/test/auto/OrderedRecordDisassembler.xml
----------------- Instantiating /home/travis/build/icyphy/ptII/ptolemy/actor/lib/test/auto/OrderedRecordDisassembler.xml
7 ms. Memory: 1361920K Free: 253810K (19%)
----------------- Invoking toplevel() on ptolemy.moml.MoMLSimpleApplication@115ba8db
----------------- Done invoking toplevel() on ptolemy.moml.MoMLSimpleApplication@115ba8db
reloadAllAccessors: .OrderedRecordDisassembler

===========================================================================================
----------------- testing Mon Apr 08 03:55:03 UTC 2019 /home/travis/build/icyphy/ptII/ptolemy/actor/lib/test/auto/OrderedRecordDisassembler2.xml
----------------- Instantiating /home/travis/build/icyphy/ptII/ptolemy/actor/lib/test/auto/OrderedRecordDisassembler2.xml
4 ms. Memory: 1361920K Free: 241363K (18%)
----------------- Invoking toplevel() on ptolemy.moml.MoMLSimpleApplication@4a4b3d36
----------------- Done invoking toplevel() on ptolemy.moml.MoMLSimpleApplication@4a4b3d36
reloadAllAccessors: .OrderedRecordDisassembler2

===========================================================================================
----------------- testing Mon Apr 08 03:55:03 UTC 2019 /home/travis/build/icyphy/ptII/ptolemy/actor/lib/test/auto/OrderedRecordUpdater.xml
----------------- Instantiating /home/travis/build/icyphy/ptII/ptolemy/actor/lib/test/auto/OrderedRecordUpdater.xml
2 ms. Memory: 1361920K Free: 222009K (16%)
----------------- Invoking toplevel() on ptolemy.moml.MoMLSimpleApplication@cee8d23
----------------- Done invoking toplevel() on ptolemy.moml.MoMLSimpleApplication@cee8d23
reloadAllAccessors: .RecordUpdater

===========================================================================================
----------------- testing Mon Apr 08 03:55:03 UTC 2019 /home/travis/build/icyphy/ptII/ptolemy/actor/lib/test/auto/OrderedRecordUpdater2.xml
----------------- Instantiating /home/travis/build/icyphy/ptII/ptolemy/actor/lib/test/auto/OrderedRecordUpdater2.xml
2 ms. Memory: 1361920K Free: 209562K (15%)
----------------- Invoking toplevel() on ptolemy.moml.MoMLSimpleApplication@56319b79
----------------- Done invoking toplevel() on ptolemy.moml.MoMLSimpleApplication@56319b79
reloadAllAccessors: .RecordUpdater2

===========================================================================================
----------------- testing Mon Apr 08 03:55:03 UTC 2019 /home/travis/build/icyphy/ptII/ptolemy/actor/lib/test/auto/PhaseUnwrap.xml
----------------- Instantiating /home/travis/build/icyphy/ptII/ptolemy/actor/lib/test/auto/PhaseUnwrap.xml
2 ms. Memory: 1361920K Free: 197115K (14%)
----------------- Invoking toplevel() on ptolemy.moml.MoMLSimpleApplication@6a192d9e
----------------- Done invoking toplevel() on ptolemy.moml.MoMLSimpleApplication@6a192d9e
reloadAllAccessors: .PhaseUnwrap

===========================================================================================
----------------- testing Mon Apr 08 03:55:03 UTC 2019 /home/travis/build/icyphy/ptII/ptolemy/actor/lib/test/auto/PoissonClock.xml
----------------- Instantiating /home/travis/build/icyphy/ptII/ptolemy/actor/lib/test/auto/PoissonClock.xml
2 ms. Memory: 1361920K Free: 177761K (13%)
----------------- Invoking toplevel() on ptolemy.moml.MoMLSimpleApplication@6cf3ed6c
----------------- Done invoking toplevel() on ptolemy.moml.MoMLSimpleApplication@6cf3ed6c
reloadAllAccessors: .PoissonClock

===========================================================================================
----------------- testing Mon Apr 08 03:55:03 UTC 2019 /home/travis/build/icyphy/ptII/ptolemy/actor/lib/test/auto/PoissonClock2.xml
----------------- Instantiating /home/travis/build/icyphy/ptII/ptolemy/actor/lib/test/auto/PoissonClock2.xml
1 ms. Memory: 1361920K Free: 165314K (12%)
----------------- Invoking toplevel() on ptolemy.moml.MoMLSimpleApplication@39852d10
----------------- Done invoking toplevel() on ptolemy.moml.MoMLSimpleApplication@39852d10
reloadAllAccessors: .PoissonClock2

===========================================================================================
----------------- testing Mon Apr 08 03:55:03 UTC 2019 /home/travis/build/icyphy/ptII/ptolemy/actor/lib/test/auto/PoissonClock3.xml
----------------- Instantiating /home/travis/build/icyphy/ptII/ptolemy/actor/lib/test/auto/PoissonClock3.xml
2 ms. Memory: 1361920K Free: 145960K (11%)
----------------- Invoking toplevel() on ptolemy.moml.MoMLSimpleApplication@395270e4
----------------- Done invoking toplevel() on ptolemy.moml.MoMLSimpleApplication@395270e4
reloadAllAccessors: .PoissonClock3

===========================================================================================
----------------- testing Mon Apr 08 03:55:03 UTC 2019 /home/travis/build/icyphy/ptII/ptolemy/actor/lib/test/auto/PubSubWithInitialTokens.xml
----------------- Instantiating /home/travis/build/icyphy/ptII/ptolemy/actor/lib/test/auto/PubSubWithInitialTokens.xml
4 ms. Memory: 1361920K Free: 133513K (10%)
----------------- Invoking toplevel() on ptolemy.moml.MoMLSimpleApplication@143e3bed
----------------- Done invoking toplevel() on ptolemy.moml.MoMLSimpleApplication@143e3bed
reloadAllAccessors: .PubSubWithInitialTokens

===========================================================================================
----------------- testing Mon Apr 08 03:55:03 UTC 2019 /home/travis/build/icyphy/ptII/ptolemy/actor/lib/test/auto/PubSubWithInitialTokens2.xml
----------------- Instantiating /home/travis/build/icyphy/ptII/ptolemy/actor/lib/test/auto/PubSubWithInitialTokens2.xml
2 ms. Memory: 1361920K Free: 121067K (9%)
----------------- Invoking toplevel() on ptolemy.moml.MoMLSimpleApplication@706abf1
----------------- Done invoking toplevel() on ptolemy.moml.MoMLSimpleApplication@706abf1
reloadAllAccessors: .PubSubWithInitialTokens2

===========================================================================================
----------------- testing Mon Apr 08 03:55:03 UTC 2019 /home/travis/build/icyphy/ptII/ptolemy/actor/lib/test/auto/PublisherClassNoParameter.xml
----------------- Instantiating /home/travis/build/icyphy/ptII/ptolemy/actor/lib/test/auto/PublisherClassNoParameter.xml
2 ms. Memory: 1361920K Free: 95481K (7%)
----------------- Invoking toplevel() on ptolemy.moml.MoMLSimpleApplication@3dadc3ac
----------------- Done invoking toplevel() on ptolemy.moml.MoMLSimpleApplication@3dadc3ac
reloadAllAccessors: .PublisherClassNoParameter

===========================================================================================
----------------- testing Mon Apr 08 03:55:03 UTC 2019 /home/travis/build/icyphy/ptII/ptolemy/actor/lib/test/auto/PublisherClassParameter.xml
----------------- Instantiating /home/travis/build/icyphy/ptII/ptolemy/actor/lib/test/auto/PublisherClassParameter.xml
3 ms. Memory: 1361920K Free: 78965K (6%)
----------------- Invoking toplevel() on ptolemy.moml.MoMLSimpleApplication@2baadf87
----------------- Done invoking toplevel() on ptolemy.moml.MoMLSimpleApplication@2baadf87
reloadAllAccessors: .PublisherClassParameter

===========================================================================================
----------------- testing Mon Apr 08 03:55:03 UTC 2019 /home/travis/build/icyphy/ptII/ptolemy/actor/lib/test/auto/PublisherNonStrictTest.xml
----------------- Instantiating /home/travis/build/icyphy/ptII/ptolemy/actor/lib/test/auto/PublisherNonStrictTest.xml
3 ms. Memory: 1543168K Free: 1489996K (97%)
----------------- Invoking toplevel() on ptolemy.moml.MoMLSimpleApplication@2e69ffb1
----------------- Done invoking toplevel() on ptolemy.moml.MoMLSimpleApplication@2e69ffb1
reloadAllAccessors: .PublisherNonStrictTest

===========================================================================================
----------------- testing Mon Apr 08 03:55:03 UTC 2019 /home/travis/build/icyphy/ptII/ptolemy/actor/lib/test/auto/PublisherPort1.xml
----------------- Instantiating /home/travis/build/icyphy/ptII/ptolemy/actor/lib/test/auto/PublisherPort1.xml
2 ms. Memory: 1543168K Free: 1468864K (95%)
----------------- Invoking toplevel() on ptolemy.moml.MoMLSimpleApplication@42886e10
----------------- Done invoking toplevel() on ptolemy.moml.MoMLSimpleApplication@42886e10
reloadAllAccessors: .PublisherPort1

===========================================================================================
----------------- testing Mon Apr 08 03:55:03 UTC 2019 /home/travis/build/icyphy/ptII/ptolemy/actor/lib/test/auto/PublisherPort2.xml
----------------- Instantiating /home/travis/build/icyphy/ptII/ptolemy/actor/lib/test/auto/PublisherPort2.xml
2 ms. Memory: 1543168K Free: 1454431K (94%)
----------------- Invoking toplevel() on ptolemy.moml.MoMLSimpleApplication@44cfb2a9
----------------- Done invoking toplevel() on ptolemy.moml.MoMLSimpleApplication@44cfb2a9
reloadAllAccessors: .PublisherPort2

===========================================================================================
----------------- testing Mon Apr 08 03:55:03 UTC 2019 /home/travis/build/icyphy/ptII/ptolemy/actor/lib/test/auto/PublisherPort3.xml
----------------- Instantiating /home/travis/build/icyphy/ptII/ptolemy/actor/lib/test/auto/PublisherPort3.xml
3 ms. Memory: 1543168K Free: 1433298K (93%)
----------------- Invoking toplevel() on ptolemy.moml.MoMLSimpleApplication@460b4ba4
----------------- Done invoking toplevel() on ptolemy.moml.MoMLSimpleApplication@460b4ba4
reloadAllAccessors: .PublisherPort3

===========================================================================================
----------------- testing Mon Apr 08 03:55:03 UTC 2019 /home/travis/build/icyphy/ptII/ptolemy/actor/lib/test/auto/PublisherPort4.xml
----------------- Instantiating /home/travis/build/icyphy/ptII/ptolemy/actor/lib/test/auto/PublisherPort4.xml
1 ms. Memory: 1543168K Free: 1418865K (92%)
----------------- Invoking toplevel() on ptolemy.moml.MoMLSimpleApplication@7fac420c
----------------- Done invoking toplevel() on ptolemy.moml.MoMLSimpleApplication@7fac420c
reloadAllAccessors: .PublisherPort4

===========================================================================================
----------------- testing Mon Apr 08 03:55:03 UTC 2019 /home/travis/build/icyphy/ptII/ptolemy/actor/lib/test/auto/PublisherPort5.xml
----------------- Instantiating /home/travis/build/icyphy/ptII/ptolemy/actor/lib/test/auto/PublisherPort5.xml
4 ms. Memory: 1543168K Free: 1404432K (91%)
----------------- Invoking toplevel() on ptolemy.moml.MoMLSimpleApplication@738df763
----------------- Done invoking toplevel() on ptolemy.moml.MoMLSimpleApplication@738df763
reloadAllAccessors: .PublisherPort5

===========================================================================================
----------------- testing Mon Apr 08 03:55:03 UTC 2019 /home/travis/build/icyphy/ptII/ptolemy/actor/lib/test/auto/PublisherPort5LookAlike.xml
----------------- Instantiating /home/travis/build/icyphy/ptII/ptolemy/actor/lib/test/auto/PublisherPort5LookAlike.xml
3 ms. Memory: 1543168K Free: 1383173K (90%)
----------------- Invoking toplevel() on ptolemy.moml.MoMLSimpleApplication@6b45ae9e
----------------- Done invoking toplevel() on ptolemy.moml.MoMLSimpleApplication@6b45ae9e
reloadAllAccessors: .PublisherPort5LookAlike

===========================================================================================
----------------- testing Mon Apr 08 03:55:03 UTC 2019 /home/travis/build/icyphy/ptII/ptolemy/actor/lib/test/auto/PublisherPort6.xml
----------------- Instantiating /home/travis/build/icyphy/ptII/ptolemy/actor/lib/test/auto/PublisherPort6.xml
3 ms. Memory: 1543168K Free: 1368740K (89%)
----------------- Invoking toplevel() on ptolemy.moml.MoMLSimpleApplication@75c4f228
----------------- Done invoking toplevel() on ptolemy.moml.MoMLSimpleApplication@75c4f228
reloadAllAccessors: .PublisherPort6

===========================================================================================
----------------- testing Mon Apr 08 03:55:03 UTC 2019 /home/travis/build/icyphy/ptII/ptolemy/actor/lib/test/auto/PublisherPort7.xml
----------------- Instantiating /home/travis/build/icyphy/ptII/ptolemy/actor/lib/test/auto/PublisherPort7.xml
3 ms. Memory: 1543168K Free: 1354307K (88%)
----------------- Invoking toplevel() on ptolemy.moml.MoMLSimpleApplication@57359cd8
----------------- Done invoking toplevel() on ptolemy.moml.MoMLSimpleApplication@57359cd8
reloadAllAccessors: .PublisherPort7

===========================================================================================
----------------- testing Mon Apr 08 03:55:03 UTC 2019 /home/travis/build/icyphy/ptII/ptolemy/actor/lib/test/auto/PublisherPort8.xml
----------------- Instantiating /home/travis/build/icyphy/ptII/ptolemy/actor/lib/test/auto/PublisherPort8.xml
3 ms. Memory: 1543168K Free: 1333175K (86%)
----------------- Invoking toplevel() on ptolemy.moml.MoMLSimpleApplication@62222118
----------------- Done invoking toplevel() on ptolemy.moml.MoMLSimpleApplication@62222118
reloadAllAccessors: .PublisherPort8

===========================================================================================
----------------- testing Mon Apr 08 03:55:03 UTC 2019 /home/travis/build/icyphy/ptII/ptolemy/actor/lib/test/auto/PublisherPortSubscriberChannelVariablesAOC2.xml
----------------- Instantiating /home/travis/build/icyphy/ptII/ptolemy/actor/lib/test/auto/PublisherPortSubscriberChannelVariablesAOC2.xml
2 ms. Memory: 1543168K Free: 1304284K (85%)
----------------- Invoking toplevel() on ptolemy.moml.MoMLSimpleApplication@4ea61480
----------------- Done invoking toplevel() on ptolemy.moml.MoMLSimpleApplication@4ea61480
reloadAllAccessors: .PublisherPortSubscriberChannelVariablesAOC2

===========================================================================================
----------------- testing Mon Apr 08 03:55:03 UTC 2019 /home/travis/build/icyphy/ptII/ptolemy/actor/lib/test/auto/PublisherPortSubscriberOpaqueWidthInference.xml
----------------- Instantiating /home/travis/build/icyphy/ptII/ptolemy/actor/lib/test/auto/PublisherPortSubscriberOpaqueWidthInference.xml
3 ms. Memory: 1543168K Free: 1289851K (84%)
----------------- Invoking toplevel() on ptolemy.moml.MoMLSimpleApplication@564276ec
----------------- Done invoking toplevel() on ptolemy.moml.MoMLSimpleApplication@564276ec
reloadAllAccessors: .PublisherPortSubscriberOpaqueWidthInference

===========================================================================================
----------------- testing Mon Apr 08 03:55:03 UTC 2019 /home/travis/build/icyphy/ptII/ptolemy/actor/lib/test/auto/PublisherPortSubscriberPortAdjacent.xml
----------------- Instantiating /home/travis/build/icyphy/ptII/ptolemy/actor/lib/test/auto/PublisherPortSubscriberPortAdjacent.xml
2 ms. Memory: 1543168K Free: 1268719K (82%)
----------------- Invoking toplevel() on ptolemy.moml.MoMLSimpleApplication@f78a0be
----------------- Done invoking toplevel() on ptolemy.moml.MoMLSimpleApplication@f78a0be
reloadAllAccessors: .PublisherPortSubscriberPortAdjacent

===========================================================================================
----------------- testing Mon Apr 08 03:55:03 UTC 2019 /home/travis/build/icyphy/ptII/ptolemy/actor/lib/test/auto/PublisherPortSubscriberPortExpression.xml
----------------- Instantiating /home/travis/build/icyphy/ptII/ptolemy/actor/lib/test/auto/PublisherPortSubscriberPortExpression.xml
3 ms. Memory: 1543168K Free: 1254285K (81%)
----------------- Invoking toplevel() on ptolemy.moml.MoMLSimpleApplication@14fe9871
----------------- Done invoking toplevel() on ptolemy.moml.MoMLSimpleApplication@14fe9871
reloadAllAccessors: .PublisherPortSubscriberPortExpression

===========================================================================================
----------------- testing Mon Apr 08 03:55:03 UTC 2019 /home/travis/build/icyphy/ptII/ptolemy/actor/lib/test/auto/PublisherPortSubscriberPortOpaqueD3Reverse.xml
----------------- Instantiating /home/travis/build/icyphy/ptII/ptolemy/actor/lib/test/auto/PublisherPortSubscriberPortOpaqueD3Reverse.xml
5 ms. Memory: 1543168K Free: 1233153K (80%)
----------------- Invoking toplevel() on ptolemy.moml.MoMLSimpleApplication@3051c635
----------------- Done invoking toplevel() on ptolemy.moml.MoMLSimpleApplication@3051c635
reloadAllAccessors: .PublisherPortSubscriberPortOpaqueD3Reverse

===========================================================================================
----------------- testing Mon Apr 08 03:55:03 UTC 2019 /home/travis/build/icyphy/ptII/ptolemy/actor/lib/test/auto/PublisherPortSubscriberPortOpaqueWidthInference.xml
----------------- Instantiating /home/travis/build/icyphy/ptII/ptolemy/actor/lib/test/auto/PublisherPortSubscriberPortOpaqueWidthInference.xml
3 ms. Memory: 1543168K Free: 1218720K (79%)
----------------- Invoking toplevel() on ptolemy.moml.MoMLSimpleApplication@10d08660
----------------- Done invoking toplevel() on ptolemy.moml.MoMLSimpleApplication@10d08660
reloadAllAccessors: .PublisherPortSubscriberPortOpaqueWidthInference

===========================================================================================
----------------- testing Mon Apr 08 03:55:03 UTC 2019 /home/travis/build/icyphy/ptII/ptolemy/actor/lib/test/auto/PublisherPortToplevelSubscriberPortAOC.xml
----------------- Instantiating /home/travis/build/icyphy/ptII/ptolemy/actor/lib/test/auto/PublisherPortToplevelSubscriberPortAOC.xml
.PublisherPortToplevelSubscriberPortAOC.TestExceptionAttribute: initialize() was not invoked, but wrapup() was.  This is unusual, but not always a problem.  For example, exporting JNLP will do this.
0 ms. Memory: 1543168K Free: 1204287K (78%)
----------------- Invoking toplevel() on ptolemy.moml.MoMLSimpleApplication@713e8c9b
----------------- Done invoking toplevel() on ptolemy.moml.MoMLSimpleApplication@713e8c9b
reloadAllAccessors: .PublisherPortToplevelSubscriberPortAOC

===========================================================================================
----------------- testing Mon Apr 08 03:55:03 UTC 2019 /home/travis/build/icyphy/ptII/ptolemy/actor/lib/test/auto/PublisherSubscriber.xml
----------------- Instantiating /home/travis/build/icyphy/ptII/ptolemy/actor/lib/test/auto/PublisherSubscriber.xml
3 ms. Memory: 1543168K Free: 1183155K (77%)
----------------- Invoking toplevel() on ptolemy.moml.MoMLSimpleApplication@775bf43a
----------------- Done invoking toplevel() on ptolemy.moml.MoMLSimpleApplication@775bf43a
reloadAllAccessors: .PublisherSubscriber

===========================================================================================
----------------- testing Mon Apr 08 03:55:03 UTC 2019 /home/travis/build/icyphy/ptII/ptolemy/actor/lib/test/auto/PublisherSubscriber10.xml
----------------- Instantiating /home/travis/build/icyphy/ptII/ptolemy/actor/lib/test/auto/PublisherSubscriber10.xml
5 ms. Memory: 1543168K Free: 1168722K (76%)
----------------- Invoking toplevel() on ptolemy.moml.MoMLSimpleApplication@664ad4c9
----------------- Done invoking toplevel() on ptolemy.moml.MoMLSimpleApplication@664ad4c9
reloadAllAccessors: .PublisherSubscriber10

===========================================================================================
----------------- testing Mon Apr 08 03:55:03 UTC 2019 /home/travis/build/icyphy/ptII/ptolemy/actor/lib/test/auto/PublisherSubscriber10InitialOutputs.xml
----------------- Instantiating /home/travis/build/icyphy/ptII/ptolemy/actor/lib/test/auto/PublisherSubscriber10InitialOutputs.xml
5 ms. Memory: 1543168K Free: 1154289K (75%)
----------------- Invoking toplevel() on ptolemy.moml.MoMLSimpleApplication@71ca88ba
----------------- Done invoking toplevel() on ptolemy.moml.MoMLSimpleApplication@71ca88ba
reloadAllAccessors: .PublisherSubscriber10InitialOutputs

===========================================================================================
----------------- testing Mon Apr 08 03:55:04 UTC 2019 /home/travis/build/icyphy/ptII/ptolemy/actor/lib/test/auto/PublisherSubscriber11.xml
----------------- Instantiating /home/travis/build/icyphy/ptII/ptolemy/actor/lib/test/auto/PublisherSubscriber11.xml
2 ms. Memory: 1543168K Free: 1133157K (73%)
----------------- Invoking toplevel() on ptolemy.moml.MoMLSimpleApplication@2f7fb3ea
----------------- Done invoking toplevel() on ptolemy.moml.MoMLSimpleApplication@2f7fb3ea
reloadAllAccessors: .PublisherSubscriber11

===========================================================================================
----------------- testing Mon Apr 08 03:55:04 UTC 2019 /home/travis/build/icyphy/ptII/ptolemy/actor/lib/test/auto/PublisherSubscriber12.xml
----------------- Instantiating /home/travis/build/icyphy/ptII/ptolemy/actor/lib/test/auto/PublisherSubscriber12.xml
2 ms. Memory: 1543168K Free: 1118723K (72%)
----------------- Invoking toplevel() on ptolemy.moml.MoMLSimpleApplication@5a13afa9
----------------- Done invoking toplevel() on ptolemy.moml.MoMLSimpleApplication@5a13afa9
reloadAllAccessors: .PublisherSubscriber12

===========================================================================================
----------------- testing Mon Apr 08 03:55:04 UTC 2019 /home/travis/build/icyphy/ptII/ptolemy/actor/lib/test/auto/PublisherSubscriber13.xml
----------------- Instantiating /home/travis/build/icyphy/ptII/ptolemy/actor/lib/test/auto/PublisherSubscriber13.xml
1 ms. Memory: 1543168K Free: 1104290K (72%)
----------------- Invoking toplevel() on ptolemy.moml.MoMLSimpleApplication@12c532c3
----------------- Done invoking toplevel() on ptolemy.moml.MoMLSimpleApplication@12c532c3
reloadAllAccessors: .PublisherSubscriber13

===========================================================================================
----------------- testing Mon Apr 08 03:55:04 UTC 2019 /home/travis/build/icyphy/ptII/ptolemy/actor/lib/test/auto/PublisherSubscriber14.xml
----------------- Instantiating /home/travis/build/icyphy/ptII/ptolemy/actor/lib/test/auto/PublisherSubscriber14.xml
1 ms. Memory: 1543168K Free: 1083158K (70%)
----------------- Invoking toplevel() on ptolemy.moml.MoMLSimpleApplication@70cd69fa
----------------- Done invoking toplevel() on ptolemy.moml.MoMLSimpleApplication@70cd69fa
reloadAllAccessors: .PublisherSubscriber14

===========================================================================================
----------------- testing Mon Apr 08 03:55:04 UTC 2019 /home/travis/build/icyphy/ptII/ptolemy/actor/lib/test/auto/PublisherSubscriber2.xml
----------------- Instantiating /home/travis/build/icyphy/ptII/ptolemy/actor/lib/test/auto/PublisherSubscriber2.xml
4 ms. Memory: 1543168K Free: 1068725K (69%)
----------------- Invoking toplevel() on ptolemy.moml.MoMLSimpleApplication@270d33ff
----------------- Done invoking toplevel() on ptolemy.moml.MoMLSimpleApplication@270d33ff
reloadAllAccessors: .PublisherSubscriber2

===========================================================================================
----------------- testing Mon Apr 08 03:55:04 UTC 2019 /home/travis/build/icyphy/ptII/ptolemy/actor/lib/test/auto/PublisherSubscriber3.xml
----------------- Instantiating /home/travis/build/icyphy/ptII/ptolemy/actor/lib/test/auto/PublisherSubscriber3.xml
2 ms. Memory: 1543168K Free: 1054291K (68%)
----------------- Invoking toplevel() on ptolemy.moml.MoMLSimpleApplication@8a39d86
----------------- Done invoking toplevel() on ptolemy.moml.MoMLSimpleApplication@8a39d86
reloadAllAccessors: .PublisherSubscriber3

===========================================================================================
----------------- testing Mon Apr 08 03:55:04 UTC 2019 /home/travis/build/icyphy/ptII/ptolemy/actor/lib/test/auto/PublisherSubscriber4.xml
----------------- Instantiating /home/travis/build/icyphy/ptII/ptolemy/actor/lib/test/auto/PublisherSubscriber4.xml
2 ms. Memory: 1543168K Free: 1033160K (67%)
----------------- Invoking toplevel() on ptolemy.moml.MoMLSimpleApplication@7a432b90
----------------- Done invoking toplevel() on ptolemy.moml.MoMLSimpleApplication@7a432b90
reloadAllAccessors: .PublisherSubscriber4

===========================================================================================
----------------- testing Mon Apr 08 03:55:04 UTC 2019 /home/travis/build/icyphy/ptII/ptolemy/actor/lib/test/auto/PublisherSubscriber5.xml
----------------- Instantiating /home/travis/build/icyphy/ptII/ptolemy/actor/lib/test/auto/PublisherSubscriber5.xml
3 ms. Memory: 1543168K Free: 1018726K (66%)
----------------- Invoking toplevel() on ptolemy.moml.MoMLSimpleApplication@6325bff3
----------------- Done invoking toplevel() on ptolemy.moml.MoMLSimpleApplication@6325bff3
reloadAllAccessors: .PublisherSubscriber5

===========================================================================================
----------------- testing Mon Apr 08 03:55:04 UTC 2019 /home/travis/build/icyphy/ptII/ptolemy/actor/lib/test/auto/PublisherSubscriber6.xml
----------------- Instantiating /home/travis/build/icyphy/ptII/ptolemy/actor/lib/test/auto/PublisherSubscriber6.xml
3 ms. Memory: 1543168K Free: 997595K (65%)
----------------- Invoking toplevel() on ptolemy.moml.MoMLSimpleApplication@45a8053d
----------------- Done invoking toplevel() on ptolemy.moml.MoMLSimpleApplication@45a8053d
reloadAllAccessors: .PublisherSubscriber6

===========================================================================================
----------------- testing Mon Apr 08 03:55:04 UTC 2019 /home/travis/build/icyphy/ptII/ptolemy/actor/lib/test/auto/PublisherSubscriber7.xml
----------------- Instantiating /home/travis/build/icyphy/ptII/ptolemy/actor/lib/test/auto/PublisherSubscriber7.xml
3 ms. Memory: 1543168K Free: 983161K (64%)
----------------- Invoking toplevel() on ptolemy.moml.MoMLSimpleApplication@5c388f63
----------------- Done invoking toplevel() on ptolemy.moml.MoMLSimpleApplication@5c388f63
reloadAllAccessors: .PublisherSubscriber7

===========================================================================================
----------------- testing Mon Apr 08 03:55:04 UTC 2019 /home/travis/build/icyphy/ptII/ptolemy/actor/lib/test/auto/PublisherSubscriber8.xml
----------------- Instantiating /home/travis/build/icyphy/ptII/ptolemy/actor/lib/test/auto/PublisherSubscriber8.xml
13 ms. Memory: 1543168K Free: 896561K (58%)
----------------- Invoking toplevel() on ptolemy.moml.MoMLSimpleApplication@410f4531
----------------- Done invoking toplevel() on ptolemy.moml.MoMLSimpleApplication@410f4531
reloadAllAccessors: .PublisherSubscriber8

===========================================================================================
----------------- testing Mon Apr 08 03:55:04 UTC 2019 /home/travis/build/icyphy/ptII/ptolemy/actor/lib/test/auto/PublisherSubscriber9.xml
----------------- Instantiating /home/travis/build/icyphy/ptII/ptolemy/actor/lib/test/auto/PublisherSubscriber9.xml
3 ms. Memory: 1543168K Free: 875429K (57%)
----------------- Invoking toplevel() on ptolemy.moml.MoMLSimpleApplication@6820efa2
----------------- Done invoking toplevel() on ptolemy.moml.MoMLSimpleApplication@6820efa2
reloadAllAccessors: .PublisherSubscriber9

===========================================================================================
----------------- testing Mon Apr 08 03:55:04 UTC 2019 /home/travis/build/icyphy/ptII/ptolemy/actor/lib/test/auto/PublisherSubscriberAdjacent.xml
----------------- Instantiating /home/travis/build/icyphy/ptII/ptolemy/actor/lib/test/auto/PublisherSubscriberAdjacent.xml
1 ms. Memory: 1543168K Free: 860996K (56%)
----------------- Invoking toplevel() on ptolemy.moml.MoMLSimpleApplication@558b17e5
----------------- Done invoking toplevel() on ptolemy.moml.MoMLSimpleApplication@558b17e5
reloadAllAccessors: .PublisherSubscriberAdjacent

===========================================================================================
----------------- testing Mon Apr 08 03:55:04 UTC 2019 /home/travis/build/icyphy/ptII/ptolemy/actor/lib/test/auto/PublisherSubscriberChannelVariablesAOC2.xml
----------------- Instantiating /home/travis/build/icyphy/ptII/ptolemy/actor/lib/test/auto/PublisherSubscriberChannelVariablesAOC2.xml
5 ms. Memory: 1543168K Free: 839346K (54%)
----------------- Invoking toplevel() on ptolemy.moml.MoMLSimpleApplication@39f92b19
----------------- Done invoking toplevel() on ptolemy.moml.MoMLSimpleApplication@39f92b19
reloadAllAccessors: .PublisherSubscriberChannelVariablesAOC2

===========================================================================================
----------------- testing Mon Apr 08 03:55:04 UTC 2019 /home/travis/build/icyphy/ptII/ptolemy/actor/lib/test/auto/PublisherSubscriberD3.xml
----------------- Instantiating /home/travis/build/icyphy/ptII/ptolemy/actor/lib/test/auto/PublisherSubscriberD3.xml
2 ms. Memory: 1543168K Free: 818214K (53%)
----------------- Invoking toplevel() on ptolemy.moml.MoMLSimpleApplication@29d1281d
----------------- Done invoking toplevel() on ptolemy.moml.MoMLSimpleApplication@29d1281d
reloadAllAccessors: .PublisherSubscriberD3

===========================================================================================
----------------- testing Mon Apr 08 03:55:04 UTC 2019 /home/travis/build/icyphy/ptII/ptolemy/actor/lib/test/auto/PublisherSubscriberD3Reverse.xml
----------------- Instantiating /home/travis/build/icyphy/ptII/ptolemy/actor/lib/test/auto/PublisherSubscriberD3Reverse.xml
2 ms. Memory: 1543168K Free: 803781K (52%)
----------------- Invoking toplevel() on ptolemy.moml.MoMLSimpleApplication@5d30dc3b
----------------- Done invoking toplevel() on ptolemy.moml.MoMLSimpleApplication@5d30dc3b
reloadAllAccessors: .PublisherSubscriberD3Reverse

===========================================================================================
----------------- testing Mon Apr 08 03:55:04 UTC 2019 /home/travis/build/icyphy/ptII/ptolemy/actor/lib/test/auto/PublisherSubscriberExpression.xml
----------------- Instantiating /home/travis/build/icyphy/ptII/ptolemy/actor/lib/test/auto/PublisherSubscriberExpression.xml
4 ms. Memory: 1543168K Free: 789348K (51%)
----------------- Invoking toplevel() on ptolemy.moml.MoMLSimpleApplication@544591c5
----------------- Done invoking toplevel() on ptolemy.moml.MoMLSimpleApplication@544591c5
reloadAllAccessors: .PublisherSubscriberExpression

===========================================================================================
----------------- testing Mon Apr 08 03:55:04 UTC 2019 /home/travis/build/icyphy/ptII/ptolemy/actor/lib/test/auto/PublisherSubscriberOpaque.xml
----------------- Instantiating /home/travis/build/icyphy/ptII/ptolemy/actor/lib/test/auto/PublisherSubscriberOpaque.xml
3 ms. Memory: 1543168K Free: 768216K (50%)
----------------- Invoking toplevel() on ptolemy.moml.MoMLSimpleApplication@15d1dad
----------------- Done invoking toplevel() on ptolemy.moml.MoMLSimpleApplication@15d1dad
reloadAllAccessors: .PublisherSubscriberOpaque

===========================================================================================
----------------- testing Mon Apr 08 03:55:04 UTC 2019 /home/travis/build/icyphy/ptII/ptolemy/actor/lib/test/auto/PublisherSubscriberOpaqueD3.xml
----------------- Instantiating /home/travis/build/icyphy/ptII/ptolemy/actor/lib/test/auto/PublisherSubscriberOpaqueD3.xml
6 ms. Memory: 1543168K Free: 746550K (48%)
----------------- Invoking toplevel() on ptolemy.moml.MoMLSimpleApplication@562bf0cd
----------------- Done invoking toplevel() on ptolemy.moml.MoMLSimpleApplication@562bf0cd
reloadAllAccessors: .PublisherSubscriberOpaqueD3

===========================================================================================
----------------- testing Mon Apr 08 03:55:04 UTC 2019 /home/travis/build/icyphy/ptII/ptolemy/actor/lib/test/auto/PublisherSubscriberOpaqueD3Reverse.xml
----------------- Instantiating /home/travis/build/icyphy/ptII/ptolemy/actor/lib/test/auto/PublisherSubscriberOpaqueD3Reverse.xml
6 ms. Memory: 1543168K Free: 725418K (47%)
----------------- Invoking toplevel() on ptolemy.moml.MoMLSimpleApplication@53af98e7
----------------- Done invoking toplevel() on ptolemy.moml.MoMLSimpleApplication@53af98e7
reloadAllAccessors: .PublisherSubscriberOpaqueD3Reverse

===========================================================================================
----------------- testing Mon Apr 08 03:55:04 UTC 2019 /home/travis/build/icyphy/ptII/ptolemy/actor/lib/test/auto/PublisherSubscriberOpaqueWidthInference.xml
----------------- Instantiating /home/travis/build/icyphy/ptII/ptolemy/actor/lib/test/auto/PublisherSubscriberOpaqueWidthInference.xml
3 ms. Memory: 1543168K Free: 710984K (46%)
----------------- Invoking toplevel() on ptolemy.moml.MoMLSimpleApplication@3eb74252
----------------- Done invoking toplevel() on ptolemy.moml.MoMLSimpleApplication@3eb74252
reloadAllAccessors: .PublisherSubscriberOpaqueWidthInference

===========================================================================================
----------------- testing Mon Apr 08 03:55:04 UTC 2019 /home/travis/build/icyphy/ptII/ptolemy/actor/lib/test/auto/PublisherTestSubscriber.xml
----------------- Instantiating /home/travis/build/icyphy/ptII/ptolemy/actor/lib/test/auto/PublisherTestSubscriber.xml
3 ms. Memory: 1543168K Free: 696551K (45%)
----------------- Invoking toplevel() on ptolemy.moml.MoMLSimpleApplication@785754aa
----------------- Done invoking toplevel() on ptolemy.moml.MoMLSimpleApplication@785754aa
reloadAllAccessors: .PublisherTestSubscriber

===========================================================================================
----------------- testing Mon Apr 08 03:55:04 UTC 2019 /home/travis/build/icyphy/ptII/ptolemy/actor/lib/test/auto/PublisherToplevelSubscriberPortAOC.xml
----------------- Instantiating /home/travis/build/icyphy/ptII/ptolemy/actor/lib/test/auto/PublisherToplevelSubscriberPortAOC.xml
2 ms. Memory: 1543168K Free: 675419K (44%)
----------------- Invoking toplevel() on ptolemy.moml.MoMLSimpleApplication@469c3d33
----------------- Done invoking toplevel() on ptolemy.moml.MoMLSimpleApplication@469c3d33
reloadAllAccessors: .PublisherToplevelSubscriberPortAOC

===========================================================================================
----------------- testing Mon Apr 08 03:55:04 UTC 2019 /home/travis/build/icyphy/ptII/ptolemy/actor/lib/test/auto/PulseFiringLimitDE.xml
----------------- Instantiating /home/travis/build/icyphy/ptII/ptolemy/actor/lib/test/auto/PulseFiringLimitDE.xml
2 ms. Memory: 1543168K Free: 660986K (43%)
----------------- Invoking toplevel() on ptolemy.moml.MoMLSimpleApplication@542a37d4
----------------- Done invoking toplevel() on ptolemy.moml.MoMLSimpleApplication@542a37d4
reloadAllAccessors: .PulseFiringLimitDE

===========================================================================================
----------------- testing Mon Apr 08 03:55:04 UTC 2019 /home/travis/build/icyphy/ptII/ptolemy/actor/lib/test/auto/Ramp1.xml
----------------- Instantiating /home/travis/build/icyphy/ptII/ptolemy/actor/lib/test/auto/Ramp1.xml
1 ms. Memory: 1543168K Free: 646553K (42%)
----------------- Invoking toplevel() on ptolemy.moml.MoMLSimpleApplication@d3eb415
----------------- Done invoking toplevel() on ptolemy.moml.MoMLSimpleApplication@d3eb415
reloadAllAccessors: .Ramp1

===========================================================================================
----------------- testing Mon Apr 08 03:55:04 UTC 2019 /home/travis/build/icyphy/ptII/ptolemy/actor/lib/test/auto/RampFiringLimitDE.xml
----------------- Instantiating /home/travis/build/icyphy/ptII/ptolemy/actor/lib/test/auto/RampFiringLimitDE.xml
2 ms. Memory: 1543168K Free: 625421K (41%)
----------------- Invoking toplevel() on ptolemy.moml.MoMLSimpleApplication@2b12f87
----------------- Done invoking toplevel() on ptolemy.moml.MoMLSimpleApplication@2b12f87
reloadAllAccessors: .RampFiringLimitDE

===========================================================================================
----------------- testing Mon Apr 08 03:55:04 UTC 2019 /home/travis/build/icyphy/ptII/ptolemy/actor/lib/test/auto/RampFiringLimitSDF.xml
----------------- Instantiating /home/travis/build/icyphy/ptII/ptolemy/actor/lib/test/auto/RampFiringLimitSDF.xml
2 ms. Memory: 1543168K Free: 610988K (40%)
----------------- Invoking toplevel() on ptolemy.moml.MoMLSimpleApplication@31c9928d
----------------- Done invoking toplevel() on ptolemy.moml.MoMLSimpleApplication@31c9928d
reloadAllAccessors: .RampFiringLimitSDF

===========================================================================================
----------------- testing Mon Apr 08 03:55:04 UTC 2019 /home/travis/build/icyphy/ptII/ptolemy/actor/lib/test/auto/RandomInteger.xml
----------------- Instantiating /home/travis/build/icyphy/ptII/ptolemy/actor/lib/test/auto/RandomInteger.xml
1 ms. Memory: 1543168K Free: 589856K (38%)
----------------- Invoking toplevel() on ptolemy.moml.MoMLSimpleApplication@5abd45a7
----------------- Done invoking toplevel() on ptolemy.moml.MoMLSimpleApplication@5abd45a7
reloadAllAccessors: .RandomInteger

===========================================================================================
----------------- testing Mon Apr 08 03:55:04 UTC 2019 /home/travis/build/icyphy/ptII/ptolemy/actor/lib/test/auto/ReadFile1.xml
----------------- Instantiating /home/travis/build/icyphy/ptII/ptolemy/actor/lib/test/auto/ReadFile1.xml
1 ms. Memory: 1543168K Free: 575422K (37%)
----------------- Invoking toplevel() on ptolemy.moml.MoMLSimpleApplication@2532ec3e
----------------- Done invoking toplevel() on ptolemy.moml.MoMLSimpleApplication@2532ec3e
reloadAllAccessors: .ReadFile1

===========================================================================================
----------------- testing Mon Apr 08 03:55:04 UTC 2019 /home/travis/build/icyphy/ptII/ptolemy/actor/lib/test/auto/ReadFile2.xml
----------------- Instantiating /home/travis/build/icyphy/ptII/ptolemy/actor/lib/test/auto/ReadFile2.xml
1 ms. Memory: 1543168K Free: 560989K (36%)
----------------- Invoking toplevel() on ptolemy.moml.MoMLSimpleApplication@14f879fb
----------------- Done invoking toplevel() on ptolemy.moml.MoMLSimpleApplication@14f879fb
reloadAllAccessors: .ReadFile2

===========================================================================================
----------------- testing Mon Apr 08 03:55:04 UTC 2019 /home/travis/build/icyphy/ptII/ptolemy/actor/lib/test/auto/Reader.xml
----------------- Instantiating /home/travis/build/icyphy/ptII/ptolemy/actor/lib/test/auto/Reader.xml
actor.lib.Reader is obsolete, use actor.lib.io.ExpressionReader instead
2 ms. Memory: 1543168K Free: 539857K (35%)
----------------- Invoking toplevel() on ptolemy.moml.MoMLSimpleApplication@36157ce1
----------------- Done invoking toplevel() on ptolemy.moml.MoMLSimpleApplication@36157ce1
reloadAllAccessors: .Reader

===========================================================================================
----------------- testing Mon Apr 08 03:55:04 UTC 2019 /home/travis/build/icyphy/ptII/ptolemy/actor/lib/test/auto/RecordAssemblerDisplayNameTest.xml
----------------- Instantiating /home/travis/build/icyphy/ptII/ptolemy/actor/lib/test/auto/RecordAssemblerDisplayNameTest.xml
2811 ms. Memory: 1577472K Free: 780623K (49%)
----------------- Invoking toplevel() on ptolemy.moml.MoMLSimpleApplication@13c93cec
----------------- Done invoking toplevel() on ptolemy.moml.MoMLSimpleApplication@13c93cec
reloadAllAccessors: .RecordAssemblerDisplayNameTest

===========================================================================================
----------------- testing Mon Apr 08 03:55:07 UTC 2019 /home/travis/build/icyphy/ptII/ptolemy/actor/lib/test/auto/RecordAssemblerTypeError.xml
----------------- Instantiating /home/travis/build/icyphy/ptII/ptolemy/actor/lib/test/auto/RecordAssemblerTypeError.xml
9 ms. Memory: 1577472K Free: 749674K (48%)
----------------- Invoking toplevel() on ptolemy.moml.MoMLSimpleApplication@283bb7e3
----------------- Done invoking toplevel() on ptolemy.moml.MoMLSimpleApplication@283bb7e3
reloadAllAccessors: .RecordAssemblerTypeError

===========================================================================================
----------------- testing Mon Apr 08 03:55:07 UTC 2019 /home/travis/build/icyphy/ptII/ptolemy/actor/lib/test/auto/RecordDisassember.xml
----------------- Instantiating /home/travis/build/icyphy/ptII/ptolemy/actor/lib/test/auto/RecordDisassember.xml
3 ms. Memory: 1577472K Free: 735072K (47%)
----------------- Invoking toplevel() on ptolemy.moml.MoMLSimpleApplication@3c68d445
----------------- Done invoking toplevel() on ptolemy.moml.MoMLSimpleApplication@3c68d445
reloadAllAccessors: .RecordDisassember

===========================================================================================
----------------- testing Mon Apr 08 03:55:07 UTC 2019 /home/travis/build/icyphy/ptII/ptolemy/actor/lib/test/auto/RecordDisassemberDisplayNameTest.xml
----------------- Instantiating /home/travis/build/icyphy/ptII/ptolemy/actor/lib/test/auto/RecordDisassemberDisplayNameTest.xml
7 ms. Memory: 1577472K Free: 715174K (45%)
----------------- Invoking toplevel() on ptolemy.moml.MoMLSimpleApplication@1816630a
----------------- Done invoking toplevel() on ptolemy.moml.MoMLSimpleApplication@1816630a
reloadAllAccessors: .RecordDisassemberDisplayNameTest

===========================================================================================
----------------- testing Mon Apr 08 03:55:07 UTC 2019 /home/travis/build/icyphy/ptII/ptolemy/actor/lib/test/auto/RecordDisassembler.xml
----------------- Instantiating /home/travis/build/icyphy/ptII/ptolemy/actor/lib/test/auto/RecordDisassembler.xml
2 ms. Memory: 1577472K Free: 700572K (44%)
----------------- Invoking toplevel() on ptolemy.moml.MoMLSimpleApplication@453e69fa
----------------- Done invoking toplevel() on ptolemy.moml.MoMLSimpleApplication@453e69fa
reloadAllAccessors: .RecordDisassembler

===========================================================================================
----------------- testing Mon Apr 08 03:55:07 UTC 2019 /home/travis/build/icyphy/ptII/ptolemy/actor/lib/test/auto/RecordDisassembler2.xml
----------------- Instantiating /home/travis/build/icyphy/ptII/ptolemy/actor/lib/test/auto/RecordDisassembler2.xml
2 ms. Memory: 1577472K Free: 680674K (43%)
----------------- Invoking toplevel() on ptolemy.moml.MoMLSimpleApplication@c8e8222
----------------- Done invoking toplevel() on ptolemy.moml.MoMLSimpleApplication@c8e8222
reloadAllAccessors: .RecordDisassembler2

===========================================================================================
----------------- testing Mon Apr 08 03:55:07 UTC 2019 /home/travis/build/icyphy/ptII/ptolemy/actor/lib/test/auto/RecordUpdater.xml
----------------- Instantiating /home/travis/build/icyphy/ptII/ptolemy/actor/lib/test/auto/RecordUpdater.xml
2 ms. Memory: 1577472K Free: 666072K (42%)
----------------- Invoking toplevel() on ptolemy.moml.MoMLSimpleApplication@6e478ca
----------------- Done invoking toplevel() on ptolemy.moml.MoMLSimpleApplication@6e478ca
reloadAllAccessors: .RecordUpdater

===========================================================================================
----------------- testing Mon Apr 08 03:55:07 UTC 2019 /home/travis/build/icyphy/ptII/ptolemy/actor/lib/test/auto/RecordUpdater2.xml
----------------- Instantiating /home/travis/build/icyphy/ptII/ptolemy/actor/lib/test/auto/RecordUpdater2.xml
2 ms. Memory: 1577472K Free: 646174K (41%)
----------------- Invoking toplevel() on ptolemy.moml.MoMLSimpleApplication@59d4cac6
----------------- Done invoking toplevel() on ptolemy.moml.MoMLSimpleApplication@59d4cac6
reloadAllAccessors: .RecordUpdater2

===========================================================================================
----------------- testing Mon Apr 08 03:55:07 UTC 2019 /home/travis/build/icyphy/ptII/ptolemy/actor/lib/test/auto/RecursiveLattice.xml
----------------- Instantiating /home/travis/build/icyphy/ptII/ptolemy/actor/lib/test/auto/RecursiveLattice.xml
1 ms. Memory: 1577472K Free: 631572K (40%)
----------------- Invoking toplevel() on ptolemy.moml.MoMLSimpleApplication@1f3b4c2c
----------------- Done invoking toplevel() on ptolemy.moml.MoMLSimpleApplication@1f3b4c2c
reloadAllAccessors: .RecursiveLattice

===========================================================================================
----------------- testing Mon Apr 08 03:55:07 UTC 2019 /home/travis/build/icyphy/ptII/ptolemy/actor/lib/test/auto/Router.xml
----------------- Instantiating /home/travis/build/icyphy/ptII/ptolemy/actor/lib/test/auto/Router.xml
3003 ms. Memory: 1577472K Free: 611674K (39%)
----------------- Invoking toplevel() on ptolemy.moml.MoMLSimpleApplication@48c2e7ef
----------------- Done invoking toplevel() on ptolemy.moml.MoMLSimpleApplication@48c2e7ef
reloadAllAccessors: .Router

===========================================================================================
----------------- testing Mon Apr 08 03:55:10 UTC 2019 /home/travis/build/icyphy/ptII/ptolemy/actor/lib/test/auto/Router2.xml
----------------- Instantiating /home/travis/build/icyphy/ptII/ptolemy/actor/lib/test/auto/Router2.xml
3004 ms. Memory: 1577472K Free: 597072K (38%)
----------------- Invoking toplevel() on ptolemy.moml.MoMLSimpleApplication@24264c22
----------------- Done invoking toplevel() on ptolemy.moml.MoMLSimpleApplication@24264c22
reloadAllAccessors: .Router2

===========================================================================================
----------------- testing Mon Apr 08 03:55:13 UTC 2019 /home/travis/build/icyphy/ptII/ptolemy/actor/lib/test/auto/RunningMaximum.xml
----------------- Instantiating /home/travis/build/icyphy/ptII/ptolemy/actor/lib/test/auto/RunningMaximum.xml
1 ms. Memory: 1577472K Free: 577175K (37%)
----------------- Invoking toplevel() on ptolemy.moml.MoMLSimpleApplication@4c759d7d
----------------- Done invoking toplevel() on ptolemy.moml.MoMLSimpleApplication@4c759d7d
reloadAllAccessors: .RunningMaximum

===========================================================================================
----------------- testing Mon Apr 08 03:55:13 UTC 2019 /home/travis/build/icyphy/ptII/ptolemy/actor/lib/test/auto/RunningMinimum.xml
----------------- Instantiating /home/travis/build/icyphy/ptII/ptolemy/actor/lib/test/auto/RunningMinimum.xml
14 ms. Memory: 1577472K Free: 562572K (36%)
----------------- Invoking toplevel() on ptolemy.moml.MoMLSimpleApplication@23d77d8c
----------------- Done invoking toplevel() on ptolemy.moml.MoMLSimpleApplication@23d77d8c
reloadAllAccessors: .RunningMinimum

===========================================================================================
----------------- testing Mon Apr 08 03:55:13 UTC 2019 /home/travis/build/icyphy/ptII/ptolemy/actor/lib/test/auto/Scale.xml
----------------- Instantiating /home/travis/build/icyphy/ptII/ptolemy/actor/lib/test/auto/Scale.xml
5 ms. Memory: 1577472K Free: 542674K (34%)
----------------- Invoking toplevel() on ptolemy.moml.MoMLSimpleApplication@146a9e81
----------------- Done invoking toplevel() on ptolemy.moml.MoMLSimpleApplication@146a9e81
reloadAllAccessors: .Scale

===========================================================================================
----------------- testing Mon Apr 08 03:55:13 UTC 2019 /home/travis/build/icyphy/ptII/ptolemy/actor/lib/test/auto/Scale2.xml
----------------- Instantiating /home/travis/build/icyphy/ptII/ptolemy/actor/lib/test/auto/Scale2.xml
1 ms. Memory: 1577472K Free: 528072K (33%)
----------------- Invoking toplevel() on ptolemy.moml.MoMLSimpleApplication@37fefc57
----------------- Done invoking toplevel() on ptolemy.moml.MoMLSimpleApplication@37fefc57
reloadAllAccessors: .Scale2

===========================================================================================
----------------- testing Mon Apr 08 03:55:13 UTC 2019 /home/travis/build/icyphy/ptII/ptolemy/actor/lib/test/auto/Scale3.xml
----------------- Instantiating /home/travis/build/icyphy/ptII/ptolemy/actor/lib/test/auto/Scale3.xml
3 ms. Memory: 1577472K Free: 513470K (33%)
----------------- Invoking toplevel() on ptolemy.moml.MoMLSimpleApplication@69057fc9
----------------- Done invoking toplevel() on ptolemy.moml.MoMLSimpleApplication@69057fc9
reloadAllAccessors: .Scale3

===========================================================================================
----------------- testing Mon Apr 08 03:55:13 UTC 2019 /home/travis/build/icyphy/ptII/ptolemy/actor/lib/test/auto/ScaleArray.xml
----------------- Instantiating /home/travis/build/icyphy/ptII/ptolemy/actor/lib/test/auto/ScaleArray.xml
2 ms. Memory: 1577472K Free: 493572K (31%)
----------------- Invoking toplevel() on ptolemy.moml.MoMLSimpleApplication@6f4a74bf
----------------- Done invoking toplevel() on ptolemy.moml.MoMLSimpleApplication@6f4a74bf
reloadAllAccessors: .ScaleArray

===========================================================================================
----------------- testing Mon Apr 08 03:55:13 UTC 2019 /home/travis/build/icyphy/ptII/ptolemy/actor/lib/test/auto/ScaleArray2.xml
----------------- Instantiating /home/travis/build/icyphy/ptII/ptolemy/actor/lib/test/auto/ScaleArray2.xml
2 ms. Memory: 1577472K Free: 478970K (30%)
----------------- Invoking toplevel() on ptolemy.moml.MoMLSimpleApplication@690a0ce1
----------------- Done invoking toplevel() on ptolemy.moml.MoMLSimpleApplication@690a0ce1
reloadAllAccessors: .ScaleArray2

===========================================================================================
----------------- testing Mon Apr 08 03:55:13 UTC 2019 /home/travis/build/icyphy/ptII/ptolemy/actor/lib/test/auto/ScaleMatrix.xml
----------------- Instantiating /home/travis/build/icyphy/ptII/ptolemy/actor/lib/test/auto/ScaleMatrix.xml
105 ms. Memory: 1577472K Free: 451771K (29%)
----------------- Invoking toplevel() on ptolemy.moml.MoMLSimpleApplication@1f6737c5
----------------- Done invoking toplevel() on ptolemy.moml.MoMLSimpleApplication@1f6737c5
reloadAllAccessors: .ScaleMatrix

===========================================================================================
----------------- testing Mon Apr 08 03:55:13 UTC 2019 /home/travis/build/icyphy/ptII/ptolemy/actor/lib/test/auto/Select.xml
----------------- Instantiating /home/travis/build/icyphy/ptII/ptolemy/actor/lib/test/auto/Select.xml
2 ms. Memory: 1577472K Free: 437168K (28%)
----------------- Invoking toplevel() on ptolemy.moml.MoMLSimpleApplication@3e3337c8
----------------- Done invoking toplevel() on ptolemy.moml.MoMLSimpleApplication@3e3337c8
reloadAllAccessors: .Select

===========================================================================================
----------------- testing Mon Apr 08 03:55:13 UTC 2019 /home/travis/build/icyphy/ptII/ptolemy/actor/lib/test/auto/Select2.xml
----------------- Instantiating /home/travis/build/icyphy/ptII/ptolemy/actor/lib/test/auto/Select2.xml
1 ms. Memory: 1577472K Free: 417271K (26%)
----------------- Invoking toplevel() on ptolemy.moml.MoMLSimpleApplication@1fb3f26e
----------------- Done invoking toplevel() on ptolemy.moml.MoMLSimpleApplication@1fb3f26e
reloadAllAccessors: .Select2

===========================================================================================
----------------- testing Mon Apr 08 03:55:13 UTC 2019 /home/travis/build/icyphy/ptII/ptolemy/actor/lib/test/auto/SequenceToArray2.xml
----------------- Instantiating /home/travis/build/icyphy/ptII/ptolemy/actor/lib/test/auto/SequenceToArray2.xml
64 ms. Memory: 1577472K Free: 329641K (21%)
----------------- Invoking toplevel() on ptolemy.moml.MoMLSimpleApplication@ec680a0
----------------- Done invoking toplevel() on ptolemy.moml.MoMLSimpleApplication@ec680a0
reloadAllAccessors: .SequenceToArray2

===========================================================================================
----------------- testing Mon Apr 08 03:55:14 UTC 2019 /home/travis/build/icyphy/ptII/ptolemy/actor/lib/test/auto/SequentialClock.xml
----------------- Instantiating /home/travis/build/icyphy/ptII/ptolemy/actor/lib/test/auto/SequentialClock.xml
2 ms. Memory: 1577472K Free: 309743K (20%)
----------------- Invoking toplevel() on ptolemy.moml.MoMLSimpleApplication@5486aa3e
----------------- Done invoking toplevel() on ptolemy.moml.MoMLSimpleApplication@5486aa3e
reloadAllAccessors: .SequentialClock

===========================================================================================
----------------- testing Mon Apr 08 03:55:14 UTC 2019 /home/travis/build/icyphy/ptII/ptolemy/actor/lib/test/auto/SetVariable.xml
----------------- Instantiating /home/travis/build/icyphy/ptII/ptolemy/actor/lib/test/auto/SetVariable.xml
2 ms. Memory: 1577472K Free: 295141K (19%)
----------------- Invoking toplevel() on ptolemy.moml.MoMLSimpleApplication@5bce3f4
----------------- Done invoking toplevel() on ptolemy.moml.MoMLSimpleApplication@5bce3f4
reloadAllAccessors: .SetVariable

===========================================================================================
----------------- testing Mon Apr 08 03:55:14 UTC 2019 /home/travis/build/icyphy/ptII/ptolemy/actor/lib/test/auto/SetVariable2.xml
----------------- Instantiating /home/travis/build/icyphy/ptII/ptolemy/actor/lib/test/auto/SetVariable2.xml
3 ms. Memory: 1577472K Free: 275243K (17%)
----------------- Invoking toplevel() on ptolemy.moml.MoMLSimpleApplication@3fc4f10b
----------------- Done invoking toplevel() on ptolemy.moml.MoMLSimpleApplication@3fc4f10b
reloadAllAccessors: .SetVariable2

===========================================================================================
----------------- testing Mon Apr 08 03:55:14 UTC 2019 /home/travis/build/icyphy/ptII/ptolemy/actor/lib/test/auto/SetVariable3.xml
----------------- Instantiating /home/travis/build/icyphy/ptII/ptolemy/actor/lib/test/auto/SetVariable3.xml
12 ms. Memory: 1577472K Free: 260641K (17%)
----------------- Invoking toplevel() on ptolemy.moml.MoMLSimpleApplication@78c06627
----------------- Done invoking toplevel() on ptolemy.moml.MoMLSimpleApplication@78c06627
reloadAllAccessors: .SetVariable3

===========================================================================================
----------------- testing Mon Apr 08 03:55:14 UTC 2019 /home/travis/build/icyphy/ptII/ptolemy/actor/lib/test/auto/SetVariable4.xml
----------------- Instantiating /home/travis/build/icyphy/ptII/ptolemy/actor/lib/test/auto/SetVariable4.xml
10 ms. Memory: 1577472K Free: 189635K (12%)
----------------- Invoking toplevel() on ptolemy.moml.MoMLSimpleApplication@321da437
----------------- Done invoking toplevel() on ptolemy.moml.MoMLSimpleApplication@321da437
reloadAllAccessors: .SetVariable4

===========================================================================================
----------------- testing Mon Apr 08 03:55:14 UTC 2019 /home/travis/build/icyphy/ptII/ptolemy/actor/lib/test/auto/SetVariable5.xml
----------------- Instantiating /home/travis/build/icyphy/ptII/ptolemy/actor/lib/test/auto/SetVariable5.xml
13 ms. Memory: 1577472K Free: 175033K (11%)
----------------- Invoking toplevel() on ptolemy.moml.MoMLSimpleApplication@329a8476
----------------- Done invoking toplevel() on ptolemy.moml.MoMLSimpleApplication@329a8476
reloadAllAccessors: .SetVariable5

===========================================================================================
----------------- testing Mon Apr 08 03:55:14 UTC 2019 /home/travis/build/icyphy/ptII/ptolemy/actor/lib/test/auto/Sinewave.xml
----------------- Instantiating /home/travis/build/icyphy/ptII/ptolemy/actor/lib/test/auto/Sinewave.xml
3 ms. Memory: 1577472K Free: 147826K (9%)
----------------- Invoking toplevel() on ptolemy.moml.MoMLSimpleApplication@35b04551
----------------- Done invoking toplevel() on ptolemy.moml.MoMLSimpleApplication@35b04551
reloadAllAccessors: .Sinewave

===========================================================================================
----------------- testing Mon Apr 08 03:55:14 UTC 2019 /home/travis/build/icyphy/ptII/ptolemy/actor/lib/test/auto/Sinewave2.xml
----------------- Instantiating /home/travis/build/icyphy/ptII/ptolemy/actor/lib/test/auto/Sinewave2.xml
4 ms. Memory: 1577472K Free: 133224K (8%)
----------------- Invoking toplevel() on ptolemy.moml.MoMLSimpleApplication@7d2c5fcc
----------------- Done invoking toplevel() on ptolemy.moml.MoMLSimpleApplication@7d2c5fcc
reloadAllAccessors: .Sinewave2

===========================================================================================
----------------- testing Mon Apr 08 03:55:14 UTC 2019 /home/travis/build/icyphy/ptII/ptolemy/actor/lib/test/auto/Sinewave3.xml
----------------- Instantiating /home/travis/build/icyphy/ptII/ptolemy/actor/lib/test/auto/Sinewave3.xml
5 ms. Memory: 1577472K Free: 113326K (7%)
----------------- Invoking toplevel() on ptolemy.moml.MoMLSimpleApplication@56a9821f
----------------- Done invoking toplevel() on ptolemy.moml.MoMLSimpleApplication@56a9821f
reloadAllAccessors: .Sinewave3

===========================================================================================
----------------- testing Mon Apr 08 03:55:14 UTC 2019 /home/travis/build/icyphy/ptII/ptolemy/actor/lib/test/auto/SingleEvent.xml
----------------- Instantiating /home/travis/build/icyphy/ptII/ptolemy/actor/lib/test/auto/SingleEvent.xml
1 ms. Memory: 1577472K Free: 98724K (6%)
----------------- Invoking toplevel() on ptolemy.moml.MoMLSimpleApplication@38b04854
----------------- Done invoking toplevel() on ptolemy.moml.MoMLSimpleApplication@38b04854
reloadAllAccessors: .SingleEvent

===========================================================================================
----------------- testing Mon Apr 08 03:55:14 UTC 2019 /home/travis/build/icyphy/ptII/ptolemy/actor/lib/test/auto/Sleep.xml
----------------- Instantiating /home/travis/build/icyphy/ptII/ptolemy/actor/lib/test/auto/Sleep.xml
6003 ms. Memory: 1577472K Free: 84122K (5%)
----------------- Invoking toplevel() on ptolemy.moml.MoMLSimpleApplication@6cbea271
----------------- Done invoking toplevel() on ptolemy.moml.MoMLSimpleApplication@6cbea271
reloadAllAccessors: .Sleep

===========================================================================================
----------------- testing Mon Apr 08 03:55:20 UTC 2019 /home/travis/build/icyphy/ptII/ptolemy/actor/lib/test/auto/SleepMultipleFire.xml
----------------- Instantiating /home/travis/build/icyphy/ptII/ptolemy/actor/lib/test/auto/SleepMultipleFire.xml
1006 ms. Memory: 1719296K Free: 1667199K (97%)
----------------- Invoking toplevel() on ptolemy.moml.MoMLSimpleApplication@128f2853
----------------- Done invoking toplevel() on ptolemy.moml.MoMLSimpleApplication@128f2853
reloadAllAccessors: .SleepMultipleFire

===========================================================================================
----------------- testing Mon Apr 08 03:55:21 UTC 2019 /home/travis/build/icyphy/ptII/ptolemy/actor/lib/test/auto/StopDE.xml
----------------- Instantiating /home/travis/build/icyphy/ptII/ptolemy/actor/lib/test/auto/StopDE.xml
2 ms. Memory: 1719296K Free: 1646558K (96%)
----------------- Invoking toplevel() on ptolemy.moml.MoMLSimpleApplication@1217914b
----------------- Done invoking toplevel() on ptolemy.moml.MoMLSimpleApplication@1217914b
reloadAllAccessors: .StopDE

===========================================================================================
----------------- testing Mon Apr 08 03:55:21 UTC 2019 /home/travis/build/icyphy/ptII/ptolemy/actor/lib/test/auto/StopSDF.xml
----------------- Instantiating /home/travis/build/icyphy/ptII/ptolemy/actor/lib/test/auto/StopSDF.xml
2 ms. Memory: 1719296K Free: 1625918K (95%)
----------------- Invoking toplevel() on ptolemy.moml.MoMLSimpleApplication@5cd271f1
----------------- Done invoking toplevel() on ptolemy.moml.MoMLSimpleApplication@5cd271f1
reloadAllAccessors: .StopSDF

===========================================================================================
----------------- testing Mon Apr 08 03:55:21 UTC 2019 /home/travis/build/icyphy/ptII/ptolemy/actor/lib/test/auto/StringConstant.xml
----------------- Instantiating /home/travis/build/icyphy/ptII/ptolemy/actor/lib/test/auto/StringConstant.xml
1 ms. Memory: 1719296K Free: 1609734K (94%)
----------------- Invoking toplevel() on ptolemy.moml.MoMLSimpleApplication@31c065e4
----------------- Done invoking toplevel() on ptolemy.moml.MoMLSimpleApplication@31c065e4
reloadAllAccessors: .StringConstant

===========================================================================================
----------------- testing Mon Apr 08 03:55:21 UTC 2019 /home/travis/build/icyphy/ptII/ptolemy/actor/lib/test/auto/SubscriberPortInitialValues1.xml
----------------- Instantiating /home/travis/build/icyphy/ptII/ptolemy/actor/lib/test/auto/SubscriberPortInitialValues1.xml
5 ms. Memory: 1719296K Free: 1589093K (92%)
----------------- Invoking toplevel() on ptolemy.moml.MoMLSimpleApplication@6508f745
----------------- Done invoking toplevel() on ptolemy.moml.MoMLSimpleApplication@6508f745
reloadAllAccessors: .SubscriberPortInitialValues1

===========================================================================================
----------------- testing Mon Apr 08 03:55:21 UTC 2019 /home/travis/build/icyphy/ptII/ptolemy/actor/lib/test/auto/SubscriberPortInitialValues13.xml
----------------- Instantiating /home/travis/build/icyphy/ptII/ptolemy/actor/lib/test/auto/SubscriberPortInitialValues13.xml
4 ms. Memory: 1719296K Free: 1564809K (91%)
----------------- Invoking toplevel() on ptolemy.moml.MoMLSimpleApplication@1e2227c9
----------------- Done invoking toplevel() on ptolemy.moml.MoMLSimpleApplication@1e2227c9
reloadAllAccessors: .SubscriberPortInitialValues13

===========================================================================================
----------------- testing Mon Apr 08 03:55:21 UTC 2019 /home/travis/build/icyphy/ptII/ptolemy/actor/lib/test/auto/SubscriberPortInitialValues14.xml
----------------- Instantiating /home/travis/build/icyphy/ptII/ptolemy/actor/lib/test/auto/SubscriberPortInitialValues14.xml
4 ms. Memory: 1719296K Free: 1544168K (90%)
----------------- Invoking toplevel() on ptolemy.moml.MoMLSimpleApplication@68607400
----------------- Done invoking toplevel() on ptolemy.moml.MoMLSimpleApplication@68607400
reloadAllAccessors: .SubscriberPortInitialValues14

===========================================================================================
----------------- testing Mon Apr 08 03:55:21 UTC 2019 /home/travis/build/icyphy/ptII/ptolemy/actor/lib/test/auto/SubscriberPortInitialValues2.xml
----------------- Instantiating /home/travis/build/icyphy/ptII/ptolemy/actor/lib/test/auto/SubscriberPortInitialValues2.xml
3 ms. Memory: 1719296K Free: 1527984K (89%)
----------------- Invoking toplevel() on ptolemy.moml.MoMLSimpleApplication@10530116
----------------- Done invoking toplevel() on ptolemy.moml.MoMLSimpleApplication@10530116
reloadAllAccessors: .SubscriberPortInitialValues2

===========================================================================================
----------------- testing Mon Apr 08 03:55:21 UTC 2019 /home/travis/build/icyphy/ptII/ptolemy/actor/lib/test/auto/SubscriberPortInitialValues3.xml
----------------- Instantiating /home/travis/build/icyphy/ptII/ptolemy/actor/lib/test/auto/SubscriberPortInitialValues3.xml
3 ms. Memory: 1719296K Free: 1507344K (88%)
----------------- Invoking toplevel() on ptolemy.moml.MoMLSimpleApplication@784f1942
----------------- Done invoking toplevel() on ptolemy.moml.MoMLSimpleApplication@784f1942
reloadAllAccessors: .SubscriberPortInitialValues3

===========================================================================================
----------------- testing Mon Apr 08 03:55:21 UTC 2019 /home/travis/build/icyphy/ptII/ptolemy/actor/lib/test/auto/SubscriptionAggregator.xml
----------------- Instantiating /home/travis/build/icyphy/ptII/ptolemy/actor/lib/test/auto/SubscriptionAggregator.xml
2 ms. Memory: 1719296K Free: 1486703K (86%)
----------------- Invoking toplevel() on ptolemy.moml.MoMLSimpleApplication@47572834
----------------- Done invoking toplevel() on ptolemy.moml.MoMLSimpleApplication@47572834
reloadAllAccessors: .SubscriptionAggregator

===========================================================================================
----------------- testing Mon Apr 08 03:55:21 UTC 2019 /home/travis/build/icyphy/ptII/ptolemy/actor/lib/test/auto/SubscriptionAggregator2.xml
----------------- Instantiating /home/travis/build/icyphy/ptII/ptolemy/actor/lib/test/auto/SubscriptionAggregator2.xml
3 ms. Memory: 1719296K Free: 1470519K (86%)
----------------- Invoking toplevel() on ptolemy.moml.MoMLSimpleApplication@462c6b44
----------------- Done invoking toplevel() on ptolemy.moml.MoMLSimpleApplication@462c6b44
reloadAllAccessors: .SubscriptionAggregator2

===========================================================================================
----------------- testing Mon Apr 08 03:55:21 UTC 2019 /home/travis/build/icyphy/ptII/ptolemy/actor/lib/test/auto/SubscriptionAggregator3.xml
----------------- Instantiating /home/travis/build/icyphy/ptII/ptolemy/actor/lib/test/auto/SubscriptionAggregator3.xml
2 ms. Memory: 1719296K Free: 1449879K (84%)
----------------- Invoking toplevel() on ptolemy.moml.MoMLSimpleApplication@798d3a90
----------------- Done invoking toplevel() on ptolemy.moml.MoMLSimpleApplication@798d3a90
reloadAllAccessors: .SubscriptionAggregator3

===========================================================================================
----------------- testing Mon Apr 08 03:55:21 UTC 2019 /home/travis/build/icyphy/ptII/ptolemy/actor/lib/test/auto/SubscriptionAggregatorMultiply.xml
----------------- Instantiating /home/travis/build/icyphy/ptII/ptolemy/actor/lib/test/auto/SubscriptionAggregatorMultiply.xml
2 ms. Memory: 1719296K Free: 1433694K (83%)
----------------- Invoking toplevel() on ptolemy.moml.MoMLSimpleApplication@585e5baa
----------------- Done invoking toplevel() on ptolemy.moml.MoMLSimpleApplication@585e5baa
reloadAllAccessors: .SubscriptionAggregatorMultiply

===========================================================================================
----------------- testing Mon Apr 08 03:55:21 UTC 2019 /home/travis/build/icyphy/ptII/ptolemy/actor/lib/test/auto/SubscriptionAggregatorPortMultiply1.xml
----------------- Instantiating /home/travis/build/icyphy/ptII/ptolemy/actor/lib/test/auto/SubscriptionAggregatorPortMultiply1.xml
3 ms. Memory: 1719296K Free: 1413054K (82%)
----------------- Invoking toplevel() on ptolemy.moml.MoMLSimpleApplication@7b0c7af0
----------------- Done invoking toplevel() on ptolemy.moml.MoMLSimpleApplication@7b0c7af0
reloadAllAccessors: .SubscriptionAggregatorPortMultiply1

===========================================================================================
----------------- testing Mon Apr 08 03:55:21 UTC 2019 /home/travis/build/icyphy/ptII/ptolemy/actor/lib/test/auto/Switch.xml
----------------- Instantiating /home/travis/build/icyphy/ptII/ptolemy/actor/lib/test/auto/Switch.xml
3 ms. Memory: 1719296K Free: 1348257K (78%)
----------------- Invoking toplevel() on ptolemy.moml.MoMLSimpleApplication@75376e9c
----------------- Done invoking toplevel() on ptolemy.moml.MoMLSimpleApplication@75376e9c
reloadAllAccessors: .Switch

===========================================================================================
----------------- testing Mon Apr 08 03:55:21 UTC 2019 /home/travis/build/icyphy/ptII/ptolemy/actor/lib/test/auto/Switch2.xml
----------------- Instantiating /home/travis/build/icyphy/ptII/ptolemy/actor/lib/test/auto/Switch2.xml
1 ms. Memory: 1719296K Free: 1327616K (77%)
----------------- Invoking toplevel() on ptolemy.moml.MoMLSimpleApplication@1a5061a8
----------------- Done invoking toplevel() on ptolemy.moml.MoMLSimpleApplication@1a5061a8
reloadAllAccessors: .Switch2

===========================================================================================
----------------- testing Mon Apr 08 03:55:21 UTC 2019 /home/travis/build/icyphy/ptII/ptolemy/actor/lib/test/auto/SwitchDE.xml
----------------- Instantiating /home/travis/build/icyphy/ptII/ptolemy/actor/lib/test/auto/SwitchDE.xml
2 ms. Memory: 1719296K Free: 1306976K (76%)
----------------- Invoking toplevel() on ptolemy.moml.MoMLSimpleApplication@4d440169
----------------- Done invoking toplevel() on ptolemy.moml.MoMLSimpleApplication@4d440169
reloadAllAccessors: .SwitchDE

===========================================================================================
----------------- testing Mon Apr 08 03:55:21 UTC 2019 /home/travis/build/icyphy/ptII/ptolemy/actor/lib/test/auto/SynchronizerDE.xml
----------------- Instantiating /home/travis/build/icyphy/ptII/ptolemy/actor/lib/test/auto/SynchronizerDE.xml
3 ms. Memory: 1719296K Free: 1290792K (75%)
----------------- Invoking toplevel() on ptolemy.moml.MoMLSimpleApplication@21ec024a
----------------- Done invoking toplevel() on ptolemy.moml.MoMLSimpleApplication@21ec024a
reloadAllAccessors: .SynchronizerDE

===========================================================================================
----------------- testing Mon Apr 08 03:55:21 UTC 2019 /home/travis/build/icyphy/ptII/ptolemy/actor/lib/test/auto/Test.xml
----------------- Instantiating /home/travis/build/icyphy/ptII/ptolemy/actor/lib/test/auto/Test.xml
2 ms. Memory: 1719296K Free: 1270151K (74%)
----------------- Invoking toplevel() on ptolemy.moml.MoMLSimpleApplication@6dcc876a
----------------- Done invoking toplevel() on ptolemy.moml.MoMLSimpleApplication@6dcc876a
reloadAllAccessors: .Test

===========================================================================================
----------------- testing Mon Apr 08 03:55:21 UTC 2019 /home/travis/build/icyphy/ptII/ptolemy/actor/lib/test/auto/TestExceptionAttribute1.xml
----------------- Instantiating /home/travis/build/icyphy/ptII/ptolemy/actor/lib/test/auto/TestExceptionAttribute1.xml
1 ms. Memory: 1719296K Free: 1253967K (73%)
----------------- Invoking toplevel() on ptolemy.moml.MoMLSimpleApplication@236aee9c
----------------- Done invoking toplevel() on ptolemy.moml.MoMLSimpleApplication@236aee9c
reloadAllAccessors: .TestExceptionAttribute1

===========================================================================================
----------------- testing Mon Apr 08 03:55:21 UTC 2019 /home/travis/build/icyphy/ptII/ptolemy/actor/lib/test/auto/TestExceptionAttribute2.xml
----------------- Instantiating /home/travis/build/icyphy/ptII/ptolemy/actor/lib/test/auto/TestExceptionAttribute2.xml
1 ms. Memory: 1719296K Free: 1233326K (72%)
----------------- Invoking toplevel() on ptolemy.moml.MoMLSimpleApplication@40425d11
----------------- Done invoking toplevel() on ptolemy.moml.MoMLSimpleApplication@40425d11
reloadAllAccessors: .TestExceptionAttribute2

===========================================================================================
----------------- testing Mon Apr 08 03:55:21 UTC 2019 /home/travis/build/icyphy/ptII/ptolemy/actor/lib/test/auto/TestExceptionAttribute3.xml
----------------- Instantiating /home/travis/build/icyphy/ptII/ptolemy/actor/lib/test/auto/TestExceptionAttribute3.xml
.TestExceptionAttribute3.TestExceptionAttribute: initialize() was not invoked, but wrapup() was.  This is unusual, but not always a problem.  For example, exporting JNLP will do this.
1 ms. Memory: 1719296K Free: 1217142K (71%)
----------------- Invoking toplevel() on ptolemy.moml.MoMLSimpleApplication@4484885e
----------------- Done invoking toplevel() on ptolemy.moml.MoMLSimpleApplication@4484885e
reloadAllAccessors: .TestExceptionAttribute3

===========================================================================================
----------------- testing Mon Apr 08 03:55:21 UTC 2019 /home/travis/build/icyphy/ptII/ptolemy/actor/lib/test/auto/TestExceptionAttribute4.xml
----------------- Instantiating /home/travis/build/icyphy/ptII/ptolemy/actor/lib/test/auto/TestExceptionAttribute4.xml
.TestExceptionAttribute4.TestExceptionAttribute: initialize() was not invoked, but wrapup() was.  This is unusual, but not always a problem.  For example, exporting JNLP will do this.
.TestExceptionAttribute4.TestExceptionAttribute2: initialize() was not invoked, but wrapup() was.  This is unusual, but not always a problem.  For example, exporting JNLP will do this.
1 ms. Memory: 1719296K Free: 1196502K (70%)
----------------- Invoking toplevel() on ptolemy.moml.MoMLSimpleApplication@2a7bfa82
----------------- Done invoking toplevel() on ptolemy.moml.MoMLSimpleApplication@2a7bfa82
reloadAllAccessors: .TestExceptionAttribute4

===========================================================================================
----------------- testing Mon Apr 08 03:55:21 UTC 2019 /home/travis/build/icyphy/ptII/ptolemy/actor/lib/test/auto/TestExceptionHandler1.xml
----------------- Instantiating /home/travis/build/icyphy/ptII/ptolemy/actor/lib/test/auto/TestExceptionHandler1.xml
1 ms. Memory: 1719296K Free: 1175861K (68%)
----------------- Invoking toplevel() on ptolemy.moml.MoMLSimpleApplication@47bac743
----------------- Done invoking toplevel() on ptolemy.moml.MoMLSimpleApplication@47bac743
reloadAllAccessors: .TestExceptionHandler1

===========================================================================================
----------------- testing Mon Apr 08 03:55:21 UTC 2019 /home/travis/build/icyphy/ptII/ptolemy/actor/lib/test/auto/TestExceptionHandler2.xml
----------------- Instantiating /home/travis/build/icyphy/ptII/ptolemy/actor/lib/test/auto/TestExceptionHandler2.xml
1 ms. Memory: 1719296K Free: 1159677K (67%)
----------------- Invoking toplevel() on ptolemy.moml.MoMLSimpleApplication@49281909
----------------- Done invoking toplevel() on ptolemy.moml.MoMLSimpleApplication@49281909
reloadAllAccessors: .TestExceptionHandler2

===========================================================================================
----------------- testing Mon Apr 08 03:55:21 UTC 2019 /home/travis/build/icyphy/ptII/ptolemy/actor/lib/test/auto/TestExceptionHandler3.xml
----------------- Instantiating /home/travis/build/icyphy/ptII/ptolemy/actor/lib/test/auto/TestExceptionHandler3.xml
1 ms. Memory: 1719296K Free: 1139037K (66%)
----------------- Invoking toplevel() on ptolemy.moml.MoMLSimpleApplication@7f6b2601
----------------- Done invoking toplevel() on ptolemy.moml.MoMLSimpleApplication@7f6b2601
reloadAllAccessors: .TestExceptionHandler3

===========================================================================================
----------------- testing Mon Apr 08 03:55:21 UTC 2019 /home/travis/build/icyphy/ptII/ptolemy/actor/lib/test/auto/TestExceptionHandler4.xml
----------------- Instantiating /home/travis/build/icyphy/ptII/ptolemy/actor/lib/test/auto/TestExceptionHandler4.xml
1 ms. Memory: 1719296K Free: 1122852K (65%)
----------------- Invoking toplevel() on ptolemy.moml.MoMLSimpleApplication@6d76fe97
----------------- Done invoking toplevel() on ptolemy.moml.MoMLSimpleApplication@6d76fe97
reloadAllAccessors: .TestExceptionHandler4

===========================================================================================
----------------- testing Mon Apr 08 03:55:21 UTC 2019 /home/travis/build/icyphy/ptII/ptolemy/actor/lib/test/auto/TestRequireCorrectOrder.xml
----------------- Instantiating /home/travis/build/icyphy/ptII/ptolemy/actor/lib/test/auto/TestRequireCorrectOrder.xml
3 ms. Memory: 1719296K Free: 1102212K (64%)
----------------- Invoking toplevel() on ptolemy.moml.MoMLSimpleApplication@1b9c6a8b
----------------- Done invoking toplevel() on ptolemy.moml.MoMLSimpleApplication@1b9c6a8b
reloadAllAccessors: .TestRequireCorrectOrder

===========================================================================================
----------------- testing Mon Apr 08 03:55:21 UTC 2019 /home/travis/build/icyphy/ptII/ptolemy/actor/lib/test/auto/TestSimple.xml
----------------- Instantiating /home/travis/build/icyphy/ptII/ptolemy/actor/lib/test/auto/TestSimple.xml
1 ms. Memory: 1719296K Free: 1086027K (63%)
----------------- Invoking toplevel() on ptolemy.moml.MoMLSimpleApplication@648a5af9
----------------- Done invoking toplevel() on ptolemy.moml.MoMLSimpleApplication@648a5af9
reloadAllAccessors: .TestSimple

===========================================================================================
----------------- testing Mon Apr 08 03:55:21 UTC 2019 /home/travis/build/icyphy/ptII/ptolemy/actor/lib/test/auto/ThrowModelError.xml
----------------- Instantiating /home/travis/build/icyphy/ptII/ptolemy/actor/lib/test/auto/ThrowModelError.xml
2 ms. Memory: 1719296K Free: 1065387K (62%)
----------------- Invoking toplevel() on ptolemy.moml.MoMLSimpleApplication@17bf4b1a
----------------- Done invoking toplevel() on ptolemy.moml.MoMLSimpleApplication@17bf4b1a
reloadAllAccessors: .ThrowModelError

===========================================================================================
----------------- testing Mon Apr 08 03:55:21 UTC 2019 /home/travis/build/icyphy/ptII/ptolemy/actor/lib/test/auto/TimeDelayMicrosteps.xml
----------------- Instantiating /home/travis/build/icyphy/ptII/ptolemy/actor/lib/test/auto/TimeDelayMicrosteps.xml
2 ms. Memory: 1719296K Free: 1049203K (61%)
----------------- Invoking toplevel() on ptolemy.moml.MoMLSimpleApplication@66c4ab74
----------------- Done invoking toplevel() on ptolemy.moml.MoMLSimpleApplication@66c4ab74
reloadAllAccessors: .TimeDelayMicrosteps

===========================================================================================
----------------- testing Mon Apr 08 03:55:21 UTC 2019 /home/travis/build/icyphy/ptII/ptolemy/actor/lib/test/auto/TimeDelayMicrosteps2.xml
----------------- Instantiating /home/travis/build/icyphy/ptII/ptolemy/actor/lib/test/auto/TimeDelayMicrosteps2.xml
2 ms. Memory: 1719296K Free: 1028562K (60%)
----------------- Invoking toplevel() on ptolemy.moml.MoMLSimpleApplication@75f187f3
----------------- Done invoking toplevel() on ptolemy.moml.MoMLSimpleApplication@75f187f3
reloadAllAccessors: .TimeDelayMicrosteps2

===========================================================================================
----------------- testing Mon Apr 08 03:55:21 UTC 2019 /home/travis/build/icyphy/ptII/ptolemy/actor/lib/test/auto/TimeDelayMicrosteps3.xml
----------------- Instantiating /home/travis/build/icyphy/ptII/ptolemy/actor/lib/test/auto/TimeDelayMicrosteps3.xml
2 ms. Memory: 1719296K Free: 1007922K (59%)
----------------- Invoking toplevel() on ptolemy.moml.MoMLSimpleApplication@22d43b26
----------------- Done invoking toplevel() on ptolemy.moml.MoMLSimpleApplication@22d43b26
reloadAllAccessors: .TimeDelayMicrosteps3

===========================================================================================
----------------- testing Mon Apr 08 03:55:21 UTC 2019 /home/travis/build/icyphy/ptII/ptolemy/actor/lib/test/auto/TimeDelayVariableMicrosteps.xml
----------------- Instantiating /home/travis/build/icyphy/ptII/ptolemy/actor/lib/test/auto/TimeDelayVariableMicrosteps.xml
3 ms. Memory: 1719296K Free: 991737K (58%)
----------------- Invoking toplevel() on ptolemy.moml.MoMLSimpleApplication@765ef303
----------------- Done invoking toplevel() on ptolemy.moml.MoMLSimpleApplication@765ef303
reloadAllAccessors: .TimeDelayVariableMicrosteps

===========================================================================================
----------------- testing Mon Apr 08 03:55:21 UTC 2019 /home/travis/build/icyphy/ptII/ptolemy/actor/lib/test/auto/TimeGap.xml
----------------- Instantiating /home/travis/build/icyphy/ptII/ptolemy/actor/lib/test/auto/TimeGap.xml
3 ms. Memory: 1719296K Free: 971097K (56%)
----------------- Invoking toplevel() on ptolemy.moml.MoMLSimpleApplication@37c82134
----------------- Done invoking toplevel() on ptolemy.moml.MoMLSimpleApplication@37c82134
reloadAllAccessors: .TimeGap

===========================================================================================
----------------- testing Mon Apr 08 03:55:21 UTC 2019 /home/travis/build/icyphy/ptII/ptolemy/actor/lib/test/auto/TimeGap2.xml
----------------- Instantiating /home/travis/build/icyphy/ptII/ptolemy/actor/lib/test/auto/TimeGap2.xml
2 ms. Memory: 1719296K Free: 954913K (56%)
----------------- Invoking toplevel() on ptolemy.moml.MoMLSimpleApplication@56a805e8
----------------- Done invoking toplevel() on ptolemy.moml.MoMLSimpleApplication@56a805e8
reloadAllAccessors: .TimeGap2

===========================================================================================
----------------- testing Mon Apr 08 03:55:21 UTC 2019 /home/travis/build/icyphy/ptII/ptolemy/actor/lib/test/auto/TimedSinewave.xml
----------------- Instantiating /home/travis/build/icyphy/ptII/ptolemy/actor/lib/test/auto/TimedSinewave.xml
29 ms. Memory: 1719296K Free: 926164K (54%)
----------------- Invoking toplevel() on ptolemy.moml.MoMLSimpleApplication@333d8fc6
----------------- Done invoking toplevel() on ptolemy.moml.MoMLSimpleApplication@333d8fc6
reloadAllAccessors: .TimedSinewave

===========================================================================================
----------------- testing Mon Apr 08 03:55:22 UTC 2019 /home/travis/build/icyphy/ptII/ptolemy/actor/lib/test/auto/TimedSinewavePhase.xml
----------------- Instantiating /home/travis/build/icyphy/ptII/ptolemy/actor/lib/test/auto/TimedSinewavePhase.xml
9 ms. Memory: 1719296K Free: 909980K (53%)
----------------- Invoking toplevel() on ptolemy.moml.MoMLSimpleApplication@61f11c8d
----------------- Done invoking toplevel() on ptolemy.moml.MoMLSimpleApplication@61f11c8d
reloadAllAccessors: .TimedSinewavePhase

===========================================================================================
----------------- testing Mon Apr 08 03:55:22 UTC 2019 /home/travis/build/icyphy/ptII/ptolemy/actor/lib/test/auto/Timer.xml
----------------- Instantiating /home/travis/build/icyphy/ptII/ptolemy/actor/lib/test/auto/Timer.xml
2 ms. Memory: 1719296K Free: 889339K (52%)
----------------- Invoking toplevel() on ptolemy.moml.MoMLSimpleApplication@4749f75b
----------------- Done invoking toplevel() on ptolemy.moml.MoMLSimpleApplication@4749f75b
reloadAllAccessors: .Timer

===========================================================================================
----------------- testing Mon Apr 08 03:55:22 UTC 2019 /home/travis/build/icyphy/ptII/ptolemy/actor/lib/test/auto/TriangularDistTestModel.xml
----------------- Instantiating /home/travis/build/icyphy/ptII/ptolemy/actor/lib/test/auto/TriangularDistTestModel.xml
2 ms. Memory: 1719296K Free: 868699K (51%)
----------------- Invoking toplevel() on ptolemy.moml.MoMLSimpleApplication@31616f03
----------------- Done invoking toplevel() on ptolemy.moml.MoMLSimpleApplication@31616f03
reloadAllAccessors: .TriangularDistTestModel

===========================================================================================
----------------- testing Mon Apr 08 03:55:22 UTC 2019 /home/travis/build/icyphy/ptII/ptolemy/actor/lib/test/auto/TrigFunction.xml
----------------- Instantiating /home/travis/build/icyphy/ptII/ptolemy/actor/lib/test/auto/TrigFunction.xml
1 ms. Memory: 1719296K Free: 852515K (50%)
----------------- Invoking toplevel() on ptolemy.moml.MoMLSimpleApplication@d7ded
----------------- Done invoking toplevel() on ptolemy.moml.MoMLSimpleApplication@d7ded
reloadAllAccessors: .TrigFunction

===========================================================================================
----------------- testing Mon Apr 08 03:55:22 UTC 2019 /home/travis/build/icyphy/ptII/ptolemy/actor/lib/test/auto/TrigFunctionDE.xml
----------------- Instantiating /home/travis/build/icyphy/ptII/ptolemy/actor/lib/test/auto/TrigFunctionDE.xml
1 ms. Memory: 1719296K Free: 831874K (48%)
----------------- Invoking toplevel() on ptolemy.moml.MoMLSimpleApplication@5f0a0f3
----------------- Done invoking toplevel() on ptolemy.moml.MoMLSimpleApplication@5f0a0f3
reloadAllAccessors: .TrigFunctionDE

===========================================================================================
----------------- testing Mon Apr 08 03:55:22 UTC 2019 /home/travis/build/icyphy/ptII/ptolemy/actor/lib/test/auto/TrigFunctionInverse.xml
----------------- Instantiating /home/travis/build/icyphy/ptII/ptolemy/actor/lib/test/auto/TrigFunctionInverse.xml
2 ms. Memory: 1719296K Free: 815690K (47%)
----------------- Invoking toplevel() on ptolemy.moml.MoMLSimpleApplication@52ab7a46
----------------- Done invoking toplevel() on ptolemy.moml.MoMLSimpleApplication@52ab7a46
reloadAllAccessors: .TrigFunctionInverse

===========================================================================================
----------------- testing Mon Apr 08 03:55:22 UTC 2019 /home/travis/build/icyphy/ptII/ptolemy/actor/lib/test/auto/TrigFunctionTan.xml
----------------- Instantiating /home/travis/build/icyphy/ptII/ptolemy/actor/lib/test/auto/TrigFunctionTan.xml
1 ms. Memory: 1719296K Free: 795049K (46%)
----------------- Invoking toplevel() on ptolemy.moml.MoMLSimpleApplication@73618ddb
----------------- Done invoking toplevel() on ptolemy.moml.MoMLSimpleApplication@73618ddb
reloadAllAccessors: .TrigFunctionTan

===========================================================================================
----------------- testing Mon Apr 08 03:55:22 UTC 2019 /home/travis/build/icyphy/ptII/ptolemy/actor/lib/test/auto/TriggeredClock.xml
----------------- Instantiating /home/travis/build/icyphy/ptII/ptolemy/actor/lib/test/auto/TriggeredClock.xml
1 ms. Memory: 1719296K Free: 778865K (45%)
----------------- Invoking toplevel() on ptolemy.moml.MoMLSimpleApplication@11cf8c9a
----------------- Done invoking toplevel() on ptolemy.moml.MoMLSimpleApplication@11cf8c9a
reloadAllAccessors: .TriggeredClock

===========================================================================================
----------------- testing Mon Apr 08 03:55:22 UTC 2019 /home/travis/build/icyphy/ptII/ptolemy/actor/lib/test/auto/URLDirectoryReader.xml
----------------- Instantiating /home/travis/build/icyphy/ptII/ptolemy/actor/lib/test/auto/URLDirectoryReader.xml
17 ms. Memory: 1719296K Free: 758225K (44%)
----------------- Invoking toplevel() on ptolemy.moml.MoMLSimpleApplication@13a46523
----------------- Done invoking toplevel() on ptolemy.moml.MoMLSimpleApplication@13a46523
reloadAllAccessors: .URLDirectoryReader

===========================================================================================
----------------- testing Mon Apr 08 03:55:22 UTC 2019 /home/travis/build/icyphy/ptII/ptolemy/actor/lib/test/auto/URLDirectoryReader3.xml
----------------- Instantiating /home/travis/build/icyphy/ptII/ptolemy/actor/lib/test/auto/URLDirectoryReader3.xml
1155 ms. Memory: 1719296K Free: 697123K (41%)
----------------- Invoking toplevel() on ptolemy.moml.MoMLSimpleApplication@696f73c6
----------------- Done invoking toplevel() on ptolemy.moml.MoMLSimpleApplication@696f73c6
reloadAllAccessors: .URLDirectoryReader3

===========================================================================================
----------------- testing Mon Apr 08 03:55:23 UTC 2019 /home/travis/build/icyphy/ptII/ptolemy/actor/lib/test/auto/UnaryMathFunction.xml
----------------- Instantiating /home/travis/build/icyphy/ptII/ptolemy/actor/lib/test/auto/UnaryMathFunction.xml
6 ms. Memory: 1719296K Free: 680939K (40%)
----------------- Invoking toplevel() on ptolemy.moml.MoMLSimpleApplication@4e9265fd
----------------- Done invoking toplevel() on ptolemy.moml.MoMLSimpleApplication@4e9265fd
reloadAllAccessors: .UnaryMathFunction

===========================================================================================
----------------- testing Mon Apr 08 03:55:23 UTC 2019 /home/travis/build/icyphy/ptII/ptolemy/actor/lib/test/auto/Uniform.xml
----------------- Instantiating /home/travis/build/icyphy/ptII/ptolemy/actor/lib/test/auto/Uniform.xml
10 ms. Memory: 1719296K Free: 660299K (38%)
----------------- Invoking toplevel() on ptolemy.moml.MoMLSimpleApplication@1e888e6d
----------------- Done invoking toplevel() on ptolemy.moml.MoMLSimpleApplication@1e888e6d
reloadAllAccessors: .Uniform

===========================================================================================
----------------- testing Mon Apr 08 03:55:23 UTC 2019 /home/travis/build/icyphy/ptII/ptolemy/actor/lib/test/auto/UnionDisassemblerTest.xml
----------------- Instantiating /home/travis/build/icyphy/ptII/ptolemy/actor/lib/test/auto/UnionDisassemblerTest.xml
7 ms. Memory: 1719296K Free: 644114K (37%)
----------------- Invoking toplevel() on ptolemy.moml.MoMLSimpleApplication@20cb8607
----------------- Done invoking toplevel() on ptolemy.moml.MoMLSimpleApplication@20cb8607
reloadAllAccessors: .UnionDisassemblerTest

===========================================================================================
----------------- testing Mon Apr 08 03:55:23 UTC 2019 /home/travis/build/icyphy/ptII/ptolemy/actor/lib/test/auto/UtilityFunctions.xml
----------------- Instantiating /home/travis/build/icyphy/ptII/ptolemy/actor/lib/test/auto/UtilityFunctions.xml
5 ms. Memory: 1719296K Free: 623473K (36%)
----------------- Invoking toplevel() on ptolemy.moml.MoMLSimpleApplication@117730d9
----------------- Done invoking toplevel() on ptolemy.moml.MoMLSimpleApplication@117730d9
reloadAllAccessors: .UtilityFunctions

===========================================================================================
----------------- testing Mon Apr 08 03:55:23 UTC 2019 /home/travis/build/icyphy/ptII/ptolemy/actor/lib/test/auto/VariableSleep.xml
----------------- Instantiating /home/travis/build/icyphy/ptII/ptolemy/actor/lib/test/auto/VariableSleep.xml
511 ms. Memory: 1719296K Free: 607289K (35%)
----------------- Invoking toplevel() on ptolemy.moml.MoMLSimpleApplication@4b14579c
----------------- Done invoking toplevel() on ptolemy.moml.MoMLSimpleApplication@4b14579c
reloadAllAccessors: .VariableSleep

===========================================================================================
----------------- testing Mon Apr 08 03:55:24 UTC 2019 /home/travis/build/icyphy/ptII/ptolemy/actor/lib/test/auto/VectorAssemblerDisassemblerCT.xml
----------------- Instantiating /home/travis/build/icyphy/ptII/ptolemy/actor/lib/test/auto/VectorAssemblerDisassemblerCT.xml
49 ms. Memory: 1719296K Free: 578557K (34%)
----------------- Invoking toplevel() on ptolemy.moml.MoMLSimpleApplication@70fe1f89
----------------- Done invoking toplevel() on ptolemy.moml.MoMLSimpleApplication@70fe1f89
reloadAllAccessors: .VectorAssemblerDisassemblerCT

===========================================================================================
----------------- testing Mon Apr 08 03:55:24 UTC 2019 /home/travis/build/icyphy/ptII/ptolemy/actor/lib/test/auto/VectorAssemblerDisassemblerDE.xml
----------------- Instantiating /home/travis/build/icyphy/ptII/ptolemy/actor/lib/test/auto/VectorAssemblerDisassemblerDE.xml
2 ms. Memory: 1719296K Free: 557916K (32%)
----------------- Invoking toplevel() on ptolemy.moml.MoMLSimpleApplication@6e7503d2
----------------- Done invoking toplevel() on ptolemy.moml.MoMLSimpleApplication@6e7503d2
reloadAllAccessors: .VectorAssemblerDisassemblerDE

===========================================================================================
----------------- testing Mon Apr 08 03:55:24 UTC 2019 /home/travis/build/icyphy/ptII/ptolemy/actor/lib/test/auto/VectorAssemblerDisassemblerSDF.xml
----------------- Instantiating /home/travis/build/icyphy/ptII/ptolemy/actor/lib/test/auto/VectorAssemblerDisassemblerSDF.xml
2 ms. Memory: 1719296K Free: 541732K (32%)
----------------- Invoking toplevel() on ptolemy.moml.MoMLSimpleApplication@3cbee2e4
----------------- Done invoking toplevel() on ptolemy.moml.MoMLSimpleApplication@3cbee2e4
reloadAllAccessors: .VectorAssemblerDisassemblerSDF

===========================================================================================
----------------- testing Mon Apr 08 03:55:24 UTC 2019 /home/travis/build/icyphy/ptII/ptolemy/actor/lib/test/auto/WallClockTime.xml
----------------- Instantiating /home/travis/build/icyphy/ptII/ptolemy/actor/lib/test/auto/WallClockTime.xml
1005 ms. Memory: 1719296K Free: 521091K (30%)
----------------- Invoking toplevel() on ptolemy.moml.MoMLSimpleApplication@699d876f
----------------- Done invoking toplevel() on ptolemy.moml.MoMLSimpleApplication@699d876f
reloadAllAccessors: .WallClockTime

===========================================================================================
----------------- testing Mon Apr 08 03:55:25 UTC 2019 /home/travis/build/icyphy/ptII/ptolemy/actor/lib/test/auto/WidthTestWithSubscriberPublisher.xml
----------------- Instantiating /home/travis/build/icyphy/ptII/ptolemy/actor/lib/test/auto/WidthTestWithSubscriberPublisher.xml
6 ms. Memory: 1719296K Free: 496799K (29%)
----------------- Invoking toplevel() on ptolemy.moml.MoMLSimpleApplication@3deb4e2f
----------------- Done invoking toplevel() on ptolemy.moml.MoMLSimpleApplication@3deb4e2f
reloadAllAccessors: .WidthTestWithSubscriberPublisher

===========================================================================================
----------------- testing Mon Apr 08 03:55:25 UTC 2019 /home/travis/build/icyphy/ptII/ptolemy/actor/lib/test/auto/WidthTestWithSubscriberPublisher2.xml
----------------- Instantiating /home/travis/build/icyphy/ptII/ptolemy/actor/lib/test/auto/WidthTestWithSubscriberPublisher2.xml
5 ms. Memory: 1719296K Free: 476159K (28%)
----------------- Invoking toplevel() on ptolemy.moml.MoMLSimpleApplication@78f3f68c
----------------- Done invoking toplevel() on ptolemy.moml.MoMLSimpleApplication@78f3f68c
reloadAllAccessors: .WidthTestWithSubscriberPublisher2

===========================================================================================
----------------- testing Mon Apr 08 03:55:25 UTC 2019 /home/travis/build/icyphy/ptII/ptolemy/actor/lib/test/auto/WidthTestWithSubscriberPublisher3.xml
----------------- Instantiating /home/travis/build/icyphy/ptII/ptolemy/actor/lib/test/auto/WidthTestWithSubscriberPublisher3.xml
2 ms. Memory: 1719296K Free: 459974K (27%)
----------------- Invoking toplevel() on ptolemy.moml.MoMLSimpleApplication@4f2177db
----------------- Done invoking toplevel() on ptolemy.moml.MoMLSimpleApplication@4f2177db
reloadAllAccessors: .WidthTestWithSubscriberPublisher3

===========================================================================================
----------------- testing Mon Apr 08 03:55:25 UTC 2019 /home/travis/build/icyphy/ptII/ptolemy/actor/lib/test/auto/Writer.xml
----------------- Instantiating /home/travis/build/icyphy/ptII/ptolemy/actor/lib/test/auto/Writer.xml
0
1
2
3
4
3 ms. Memory: 1719296K Free: 439334K (26%)
----------------- Invoking toplevel() on ptolemy.moml.MoMLSimpleApplication@63caf31d
----------------- Done invoking toplevel() on ptolemy.moml.MoMLSimpleApplication@63caf31d
reloadAllAccessors: .Writer

===========================================================================================
----------------- testing Mon Apr 08 03:55:25 UTC 2019 /home/travis/build/icyphy/ptII/ptolemy/actor/lib/test/auto/array.xml
----------------- Instantiating /home/travis/build/icyphy/ptII/ptolemy/actor/lib/test/auto/array.xml
2 ms. Memory: 1719296K Free: 418694K (24%)
----------------- Invoking toplevel() on ptolemy.moml.MoMLSimpleApplication@3fff6d5e
----------------- Done invoking toplevel() on ptolemy.moml.MoMLSimpleApplication@3fff6d5e
reloadAllAccessors: .array

===========================================================================================
----------------- testing Mon Apr 08 03:55:25 UTC 2019 /home/travis/build/icyphy/ptII/ptolemy/actor/lib/test/auto/array2.xml
----------------- Instantiating /home/travis/build/icyphy/ptII/ptolemy/actor/lib/test/auto/array2.xml
6 ms. Memory: 1719296K Free: 402509K (23%)
----------------- Invoking toplevel() on ptolemy.moml.MoMLSimpleApplication@77a70d5a
----------------- Done invoking toplevel() on ptolemy.moml.MoMLSimpleApplication@77a70d5a
reloadAllAccessors: .array2

===========================================================================================
----------------- testing Mon Apr 08 03:55:25 UTC 2019 /home/travis/build/icyphy/ptII/ptolemy/actor/lib/test/auto/arrayType.xml
----------------- Instantiating /home/travis/build/icyphy/ptII/ptolemy/actor/lib/test/auto/arrayType.xml
1 ms. Memory: 1719296K Free: 381869K (22%)
----------------- Invoking toplevel() on ptolemy.moml.MoMLSimpleApplication@5be4bea7
----------------- Done invoking toplevel() on ptolemy.moml.MoMLSimpleApplication@5be4bea7
reloadAllAccessors: .arrayType

===========================================================================================
----------------- testing Mon Apr 08 03:55:25 UTC 2019 /home/travis/build/icyphy/ptII/ptolemy/actor/lib/test/auto/arrayType10.xml
----------------- Instantiating /home/travis/build/icyphy/ptII/ptolemy/actor/lib/test/auto/arrayType10.xml
1 ms. Memory: 1719296K Free: 365684K (21%)
----------------- Invoking toplevel() on ptolemy.moml.MoMLSimpleApplication@2cd3467c
----------------- Done invoking toplevel() on ptolemy.moml.MoMLSimpleApplication@2cd3467c
reloadAllAccessors: .arrayType10

===========================================================================================
----------------- testing Mon Apr 08 03:55:25 UTC 2019 /home/travis/build/icyphy/ptII/ptolemy/actor/lib/test/auto/arrayType11.xml
----------------- Instantiating /home/travis/build/icyphy/ptII/ptolemy/actor/lib/test/auto/arrayType11.xml
1 ms. Memory: 1719296K Free: 345044K (20%)
----------------- Invoking toplevel() on ptolemy.moml.MoMLSimpleApplication@7f041748
----------------- Done invoking toplevel() on ptolemy.moml.MoMLSimpleApplication@7f041748
reloadAllAccessors: .arrayType11

===========================================================================================
----------------- testing Mon Apr 08 03:55:25 UTC 2019 /home/travis/build/icyphy/ptII/ptolemy/actor/lib/test/auto/arrayType12.xml
----------------- Instantiating /home/travis/build/icyphy/ptII/ptolemy/actor/lib/test/auto/arrayType12.xml
2 ms. Memory: 1719296K Free: 328860K (19%)
----------------- Invoking toplevel() on ptolemy.moml.MoMLSimpleApplication@5bf61df7
----------------- Done invoking toplevel() on ptolemy.moml.MoMLSimpleApplication@5bf61df7
reloadAllAccessors: .arrayType12

===========================================================================================
----------------- testing Mon Apr 08 03:55:25 UTC 2019 /home/travis/build/icyphy/ptII/ptolemy/actor/lib/test/auto/arrayType13.xml
----------------- Instantiating /home/travis/build/icyphy/ptII/ptolemy/actor/lib/test/auto/arrayType13.xml
1 ms. Memory: 1719296K Free: 308219K (18%)
----------------- Invoking toplevel() on ptolemy.moml.MoMLSimpleApplication@58631a7a
----------------- Done invoking toplevel() on ptolemy.moml.MoMLSimpleApplication@58631a7a
reloadAllAccessors: .arrayType13

===========================================================================================
----------------- testing Mon Apr 08 03:55:25 UTC 2019 /home/travis/build/icyphy/ptII/ptolemy/actor/lib/test/auto/arrayType14.xml
----------------- Instantiating /home/travis/build/icyphy/ptII/ptolemy/actor/lib/test/auto/arrayType14.xml
3 ms. Memory: 1719296K Free: 292035K (17%)
----------------- Invoking toplevel() on ptolemy.moml.MoMLSimpleApplication@596b71b0
----------------- Done invoking toplevel() on ptolemy.moml.MoMLSimpleApplication@596b71b0
reloadAllAccessors: .arrayType14

===========================================================================================
----------------- testing Mon Apr 08 03:55:25 UTC 2019 /home/travis/build/icyphy/ptII/ptolemy/actor/lib/test/auto/arrayType15.xml
----------------- Instantiating /home/travis/build/icyphy/ptII/ptolemy/actor/lib/test/auto/arrayType15.xml
2 ms. Memory: 1719296K Free: 271395K (16%)
----------------- Invoking toplevel() on ptolemy.moml.MoMLSimpleApplication@6c3c6bec
----------------- Done invoking toplevel() on ptolemy.moml.MoMLSimpleApplication@6c3c6bec
reloadAllAccessors: .arrayType15

===========================================================================================
----------------- testing Mon Apr 08 03:55:25 UTC 2019 /home/travis/build/icyphy/ptII/ptolemy/actor/lib/test/auto/arrayType16.xml
----------------- Instantiating /home/travis/build/icyphy/ptII/ptolemy/actor/lib/test/auto/arrayType16.xml
2 ms. Memory: 1719296K Free: 250754K (15%)
----------------- Invoking toplevel() on ptolemy.moml.MoMLSimpleApplication@66024b29
----------------- Done invoking toplevel() on ptolemy.moml.MoMLSimpleApplication@66024b29
reloadAllAccessors: .arrayType16

===========================================================================================
----------------- testing Mon Apr 08 03:55:25 UTC 2019 /home/travis/build/icyphy/ptII/ptolemy/actor/lib/test/auto/arrayType17.xml
----------------- Instantiating /home/travis/build/icyphy/ptII/ptolemy/actor/lib/test/auto/arrayType17.xml
2 ms. Memory: 1719296K Free: 234570K (14%)
----------------- Invoking toplevel() on ptolemy.moml.MoMLSimpleApplication@4ef3cd6a
----------------- Done invoking toplevel() on ptolemy.moml.MoMLSimpleApplication@4ef3cd6a
reloadAllAccessors: .arrayType17

===========================================================================================
----------------- testing Mon Apr 08 03:55:25 UTC 2019 /home/travis/build/icyphy/ptII/ptolemy/actor/lib/test/auto/arrayType18.xml
----------------- Instantiating /home/travis/build/icyphy/ptII/ptolemy/actor/lib/test/auto/arrayType18.xml
2 ms. Memory: 1719296K Free: 213930K (12%)
----------------- Invoking toplevel() on ptolemy.moml.MoMLSimpleApplication@19abb04b
----------------- Done invoking toplevel() on ptolemy.moml.MoMLSimpleApplication@19abb04b
reloadAllAccessors: .arrayType18

===========================================================================================
----------------- testing Mon Apr 08 03:55:25 UTC 2019 /home/travis/build/icyphy/ptII/ptolemy/actor/lib/test/auto/arrayType19.xml
----------------- Instantiating /home/travis/build/icyphy/ptII/ptolemy/actor/lib/test/auto/arrayType19.xml
3 ms. Memory: 1719296K Free: 197745K (12%)
----------------- Invoking toplevel() on ptolemy.moml.MoMLSimpleApplication@49b0abc0
----------------- Done invoking toplevel() on ptolemy.moml.MoMLSimpleApplication@49b0abc0
reloadAllAccessors: .arrayType19

===========================================================================================
----------------- testing Mon Apr 08 03:55:25 UTC 2019 /home/travis/build/icyphy/ptII/ptolemy/actor/lib/test/auto/arrayType2.xml
----------------- Instantiating /home/travis/build/icyphy/ptII/ptolemy/actor/lib/test/auto/arrayType2.xml
2 ms. Memory: 1719296K Free: 177105K (10%)
----------------- Invoking toplevel() on ptolemy.moml.MoMLSimpleApplication@21ec219e
----------------- Done invoking toplevel() on ptolemy.moml.MoMLSimpleApplication@21ec219e
reloadAllAccessors: .arrayType2

===========================================================================================
----------------- testing Mon Apr 08 03:55:25 UTC 2019 /home/travis/build/icyphy/ptII/ptolemy/actor/lib/test/auto/arrayType20.xml
----------------- Instantiating /home/travis/build/icyphy/ptII/ptolemy/actor/lib/test/auto/arrayType20.xml
1 ms. Memory: 1719296K Free: 156464K (9%)
----------------- Invoking toplevel() on ptolemy.moml.MoMLSimpleApplication@3642fbb7
----------------- Done invoking toplevel() on ptolemy.moml.MoMLSimpleApplication@3642fbb7
reloadAllAccessors: .arrayType20

===========================================================================================
----------------- testing Mon Apr 08 03:55:25 UTC 2019 /home/travis/build/icyphy/ptII/ptolemy/actor/lib/test/auto/arrayType21.xml
----------------- Instantiating /home/travis/build/icyphy/ptII/ptolemy/actor/lib/test/auto/arrayType21.xml
2 ms. Memory: 1719296K Free: 140280K (8%)
----------------- Invoking toplevel() on ptolemy.moml.MoMLSimpleApplication@6baab0ee
----------------- Done invoking toplevel() on ptolemy.moml.MoMLSimpleApplication@6baab0ee
reloadAllAccessors: .arrayType21

===========================================================================================
----------------- testing Mon Apr 08 03:55:25 UTC 2019 /home/travis/build/icyphy/ptII/ptolemy/actor/lib/test/auto/arrayType22.xml
----------------- Instantiating /home/travis/build/icyphy/ptII/ptolemy/actor/lib/test/auto/arrayType22.xml
2 ms. Memory: 1719296K Free: 119640K (7%)
----------------- Invoking toplevel() on ptolemy.moml.MoMLSimpleApplication@52b27de7
----------------- Done invoking toplevel() on ptolemy.moml.MoMLSimpleApplication@52b27de7
reloadAllAccessors: .arrayType22

===========================================================================================
----------------- testing Mon Apr 08 03:55:25 UTC 2019 /home/travis/build/icyphy/ptII/ptolemy/actor/lib/test/auto/arrayType23.xml
----------------- Instantiating /home/travis/build/icyphy/ptII/ptolemy/actor/lib/test/auto/arrayType23.xml
2 ms. Memory: 1719296K Free: 103455K (6%)
----------------- Invoking toplevel() on ptolemy.moml.MoMLSimpleApplication@55c6b3b8
----------------- Done invoking toplevel() on ptolemy.moml.MoMLSimpleApplication@55c6b3b8
reloadAllAccessors: .arrayType23

===========================================================================================
----------------- testing Mon Apr 08 03:55:25 UTC 2019 /home/travis/build/icyphy/ptII/ptolemy/actor/lib/test/auto/arrayType24.xml
----------------- Instantiating /home/travis/build/icyphy/ptII/ptolemy/actor/lib/test/auto/arrayType24.xml
2 ms. Memory: 1719296K Free: 82815K (5%)
----------------- Invoking toplevel() on ptolemy.moml.MoMLSimpleApplication@e2a8186
----------------- Done invoking toplevel() on ptolemy.moml.MoMLSimpleApplication@e2a8186
reloadAllAccessors: .arrayType24

===========================================================================================
----------------- testing Mon Apr 08 03:55:25 UTC 2019 /home/travis/build/icyphy/ptII/ptolemy/actor/lib/test/auto/arrayType25.xml
----------------- Instantiating /home/travis/build/icyphy/ptII/ptolemy/actor/lib/test/auto/arrayType25.xml
2 ms. Memory: 1719296K Free: 66630K (4%)
----------------- Invoking toplevel() on ptolemy.moml.MoMLSimpleApplication@321f5fd2
----------------- Done invoking toplevel() on ptolemy.moml.MoMLSimpleApplication@321f5fd2
reloadAllAccessors: .arrayType25

===========================================================================================
----------------- testing Mon Apr 08 03:55:25 UTC 2019 /home/travis/build/icyphy/ptII/ptolemy/actor/lib/test/auto/arrayType26.xml
----------------- Instantiating /home/travis/build/icyphy/ptII/ptolemy/actor/lib/test/auto/arrayType26.xml
4 ms. Memory: 1740288K Free: 1673278K (96%)
----------------- Invoking toplevel() on ptolemy.moml.MoMLSimpleApplication@7f9f7133
----------------- Done invoking toplevel() on ptolemy.moml.MoMLSimpleApplication@7f9f7133
reloadAllAccessors: .arrayType26

===========================================================================================
----------------- testing Mon Apr 08 03:55:25 UTC 2019 /home/travis/build/icyphy/ptII/ptolemy/actor/lib/test/auto/arrayType27.xml
----------------- Instantiating /home/travis/build/icyphy/ptII/ptolemy/actor/lib/test/auto/arrayType27.xml
2 ms. Memory: 1740288K Free: 1652699K (95%)
----------------- Invoking toplevel() on ptolemy.moml.MoMLSimpleApplication@67c963f
----------------- Done invoking toplevel() on ptolemy.moml.MoMLSimpleApplication@67c963f
reloadAllAccessors: .arrayType27

===========================================================================================
----------------- testing Mon Apr 08 03:55:26 UTC 2019 /home/travis/build/icyphy/ptII/ptolemy/actor/lib/test/auto/arrayType28.xml
----------------- Instantiating /home/travis/build/icyphy/ptII/ptolemy/actor/lib/test/auto/arrayType28.xml
4 ms. Memory: 1740288K Free: 1632119K (94%)
----------------- Invoking toplevel() on ptolemy.moml.MoMLSimpleApplication@58423dd7
----------------- Done invoking toplevel() on ptolemy.moml.MoMLSimpleApplication@58423dd7
reloadAllAccessors: .arrayType28

===========================================================================================
----------------- testing Mon Apr 08 03:55:26 UTC 2019 /home/travis/build/icyphy/ptII/ptolemy/actor/lib/test/auto/arrayType3.xml
----------------- Instantiating /home/travis/build/icyphy/ptII/ptolemy/actor/lib/test/auto/arrayType3.xml
1 ms. Memory: 1740288K Free: 1615873K (93%)
----------------- Invoking toplevel() on ptolemy.moml.MoMLSimpleApplication@7f1e6723
----------------- Done invoking toplevel() on ptolemy.moml.MoMLSimpleApplication@7f1e6723
reloadAllAccessors: .arrayType3

===========================================================================================
----------------- testing Mon Apr 08 03:55:26 UTC 2019 /home/travis/build/icyphy/ptII/ptolemy/actor/lib/test/auto/arrayType4.xml
----------------- Instantiating /home/travis/build/icyphy/ptII/ptolemy/actor/lib/test/auto/arrayType4.xml
2 ms. Memory: 1740288K Free: 1595294K (92%)
----------------- Invoking toplevel() on ptolemy.moml.MoMLSimpleApplication@4089529f
----------------- Done invoking toplevel() on ptolemy.moml.MoMLSimpleApplication@4089529f
reloadAllAccessors: .arrayType4

===========================================================================================
----------------- testing Mon Apr 08 03:55:26 UTC 2019 /home/travis/build/icyphy/ptII/ptolemy/actor/lib/test/auto/arrayType5.xml
----------------- Instantiating /home/travis/build/icyphy/ptII/ptolemy/actor/lib/test/auto/arrayType5.xml
2 ms. Memory: 1740288K Free: 1579048K (91%)
----------------- Invoking toplevel() on ptolemy.moml.MoMLSimpleApplication@68eb2de8
----------------- Done invoking toplevel() on ptolemy.moml.MoMLSimpleApplication@68eb2de8
reloadAllAccessors: .arrayType5

===========================================================================================
----------------- testing Mon Apr 08 03:55:26 UTC 2019 /home/travis/build/icyphy/ptII/ptolemy/actor/lib/test/auto/arrayType6.xml
----------------- Instantiating /home/travis/build/icyphy/ptII/ptolemy/actor/lib/test/auto/arrayType6.xml
1 ms. Memory: 1740288K Free: 1558468K (90%)
----------------- Invoking toplevel() on ptolemy.moml.MoMLSimpleApplication@37d825
----------------- Done invoking toplevel() on ptolemy.moml.MoMLSimpleApplication@37d825
reloadAllAccessors: .arrayType6

===========================================================================================
----------------- testing Mon Apr 08 03:55:26 UTC 2019 /home/travis/build/icyphy/ptII/ptolemy/actor/lib/test/auto/arrayType7.xml
----------------- Instantiating /home/travis/build/icyphy/ptII/ptolemy/actor/lib/test/auto/arrayType7.xml
3 ms. Memory: 1740288K Free: 1537888K (88%)
----------------- Invoking toplevel() on ptolemy.moml.MoMLSimpleApplication@4275c974
----------------- Done invoking toplevel() on ptolemy.moml.MoMLSimpleApplication@4275c974
reloadAllAccessors: .arrayType7

===========================================================================================
----------------- testing Mon Apr 08 03:55:26 UTC 2019 /home/travis/build/icyphy/ptII/ptolemy/actor/lib/test/auto/arrayType8.xml
----------------- Instantiating /home/travis/build/icyphy/ptII/ptolemy/actor/lib/test/auto/arrayType8.xml
2 ms. Memory: 1740288K Free: 1521642K (87%)
----------------- Invoking toplevel() on ptolemy.moml.MoMLSimpleApplication@25be6a51
----------------- Done invoking toplevel() on ptolemy.moml.MoMLSimpleApplication@25be6a51
reloadAllAccessors: .arrayType8

===========================================================================================
----------------- testing Mon Apr 08 03:55:26 UTC 2019 /home/travis/build/icyphy/ptII/ptolemy/actor/lib/test/auto/arrayType9.xml
----------------- Instantiating /home/travis/build/icyphy/ptII/ptolemy/actor/lib/test/auto/arrayType9.xml
1 ms. Memory: 1740288K Free: 1501063K (86%)
----------------- Invoking toplevel() on ptolemy.moml.MoMLSimpleApplication@1e14bf5
----------------- Done invoking toplevel() on ptolemy.moml.MoMLSimpleApplication@1e14bf5
reloadAllAccessors: .arrayType9

===========================================================================================
----------------- testing Mon Apr 08 03:55:26 UTC 2019 /home/travis/build/icyphy/ptII/ptolemy/actor/lib/test/auto/cast.xml
----------------- Instantiating /home/travis/build/icyphy/ptII/ptolemy/actor/lib/test/auto/cast.xml
2 ms. Memory: 1740288K Free: 1484817K (85%)
----------------- Invoking toplevel() on ptolemy.moml.MoMLSimpleApplication@45ad282e
----------------- Done invoking toplevel() on ptolemy.moml.MoMLSimpleApplication@45ad282e
reloadAllAccessors: .cast

===========================================================================================
----------------- testing Mon Apr 08 03:55:26 UTC 2019 /home/travis/build/icyphy/ptII/ptolemy/actor/lib/test/auto/compositeMultiPort.xml
----------------- Instantiating /home/travis/build/icyphy/ptII/ptolemy/actor/lib/test/auto/compositeMultiPort.xml
3 ms. Memory: 1740288K Free: 1464237K (84%)
----------------- Invoking toplevel() on ptolemy.moml.MoMLSimpleApplication@2669d11d
----------------- Done invoking toplevel() on ptolemy.moml.MoMLSimpleApplication@2669d11d
reloadAllAccessors: .compositeMultiPort

===========================================================================================
----------------- testing Mon Apr 08 03:55:26 UTC 2019 /home/travis/build/icyphy/ptII/ptolemy/actor/lib/test/auto/expressionCastInference.xml
----------------- Instantiating /home/travis/build/icyphy/ptII/ptolemy/actor/lib/test/auto/expressionCastInference.xml
4 ms. Memory: 1740288K Free: 1443658K (83%)
----------------- Invoking toplevel() on ptolemy.moml.MoMLSimpleApplication@15465107
----------------- Done invoking toplevel() on ptolemy.moml.MoMLSimpleApplication@15465107
reloadAllAccessors: .expressionCastInference

===========================================================================================
----------------- testing Mon Apr 08 03:55:26 UTC 2019 /home/travis/build/icyphy/ptII/ptolemy/actor/lib/test/auto/expressionCastInference2.xml
----------------- Instantiating /home/travis/build/icyphy/ptII/ptolemy/actor/lib/test/auto/expressionCastInference2.xml
7 ms. Memory: 1740288K Free: 1427412K (82%)
----------------- Invoking toplevel() on ptolemy.moml.MoMLSimpleApplication@58fd6f9e
----------------- Done invoking toplevel() on ptolemy.moml.MoMLSimpleApplication@58fd6f9e
reloadAllAccessors: .expressionCastInference2

===========================================================================================
----------------- testing Mon Apr 08 03:55:26 UTC 2019 /home/travis/build/icyphy/ptII/ptolemy/actor/lib/test/auto/expressionInference.xml
----------------- Instantiating /home/travis/build/icyphy/ptII/ptolemy/actor/lib/test/auto/expressionInference.xml
1 ms. Memory: 1740288K Free: 1406832K (81%)
----------------- Invoking toplevel() on ptolemy.moml.MoMLSimpleApplication@1839b3e3
----------------- Done invoking toplevel() on ptolemy.moml.MoMLSimpleApplication@1839b3e3
reloadAllAccessors: .expressionInference

===========================================================================================
----------------- testing Mon Apr 08 03:55:26 UTC 2019 /home/travis/build/icyphy/ptII/ptolemy/actor/lib/test/auto/expression_bug.xml
----------------- Instantiating /home/travis/build/icyphy/ptII/ptolemy/actor/lib/test/auto/expression_bug.xml
1 ms. Memory: 1740288K Free: 1390587K (80%)
----------------- Invoking toplevel() on ptolemy.moml.MoMLSimpleApplication@72d00682
----------------- Done invoking toplevel() on ptolemy.moml.MoMLSimpleApplication@72d00682
reloadAllAccessors: .expression_bug

===========================================================================================
----------------- testing Mon Apr 08 03:55:26 UTC 2019 /home/travis/build/icyphy/ptII/ptolemy/actor/lib/test/auto/factorial.xml
----------------- Instantiating /home/travis/build/icyphy/ptII/ptolemy/actor/lib/test/auto/factorial.xml
47 ms. Memory: 1740288K Free: 1369967K (79%)
----------------- Invoking toplevel() on ptolemy.moml.MoMLSimpleApplication@62896388
----------------- Done invoking toplevel() on ptolemy.moml.MoMLSimpleApplication@62896388
reloadAllAccessors: .factorial

===========================================================================================
----------------- testing Mon Apr 08 03:55:26 UTC 2019 /home/travis/build/icyphy/ptII/ptolemy/actor/lib/test/auto/filterTest1.xml
----------------- Instantiating /home/travis/build/icyphy/ptII/ptolemy/actor/lib/test/auto/filterTest1.xml
3 ms. Memory: 1740288K Free: 1349388K (78%)
----------------- Invoking toplevel() on ptolemy.moml.MoMLSimpleApplication@2cbe7de4
----------------- Done invoking toplevel() on ptolemy.moml.MoMLSimpleApplication@2cbe7de4
reloadAllAccessors: .filterTest1

===========================================================================================
----------------- testing Mon Apr 08 03:55:26 UTC 2019 /home/travis/build/icyphy/ptII/ptolemy/actor/lib/test/auto/funcApplyInConst.xml
----------------- Instantiating /home/travis/build/icyphy/ptII/ptolemy/actor/lib/test/auto/funcApplyInConst.xml
1 ms. Memory: 1740288K Free: 1333142K (77%)
----------------- Invoking toplevel() on ptolemy.moml.MoMLSimpleApplication@1853ce78
----------------- Done invoking toplevel() on ptolemy.moml.MoMLSimpleApplication@1853ce78
reloadAllAccessors: .funcApplyInConst

===========================================================================================
----------------- testing Mon Apr 08 03:55:26 UTC 2019 /home/travis/build/icyphy/ptII/ptolemy/actor/lib/test/auto/funcApplyInExpr.xml
----------------- Instantiating /home/travis/build/icyphy/ptII/ptolemy/actor/lib/test/auto/funcApplyInExpr.xml
1 ms. Memory: 1740288K Free: 1312562K (75%)
----------------- Invoking toplevel() on ptolemy.moml.MoMLSimpleApplication@7f93c17b
----------------- Done invoking toplevel() on ptolemy.moml.MoMLSimpleApplication@7f93c17b
reloadAllAccessors: .funcApplyInExpr

===========================================================================================
----------------- testing Mon Apr 08 03:55:26 UTC 2019 /home/travis/build/icyphy/ptII/ptolemy/actor/lib/test/auto/function.xml
----------------- Instantiating /home/travis/build/icyphy/ptII/ptolemy/actor/lib/test/auto/function.xml
2 ms. Memory: 1740288K Free: 1296316K (74%)
----------------- Invoking toplevel() on ptolemy.moml.MoMLSimpleApplication@238bf54f
----------------- Done invoking toplevel() on ptolemy.moml.MoMLSimpleApplication@238bf54f
reloadAllAccessors: .function

===========================================================================================
----------------- testing Mon Apr 08 03:55:26 UTC 2019 /home/travis/build/icyphy/ptII/ptolemy/actor/lib/test/auto/function2.xml
----------------- Instantiating /home/travis/build/icyphy/ptII/ptolemy/actor/lib/test/auto/function2.xml
2 ms. Memory: 1740288K Free: 1275736K (73%)
----------------- Invoking toplevel() on ptolemy.moml.MoMLSimpleApplication@2c45e108
----------------- Done invoking toplevel() on ptolemy.moml.MoMLSimpleApplication@2c45e108
reloadAllAccessors: .function2

===========================================================================================
----------------- testing Mon Apr 08 03:55:26 UTC 2019 /home/travis/build/icyphy/ptII/ptolemy/actor/lib/test/auto/function3.xml
----------------- Instantiating /home/travis/build/icyphy/ptII/ptolemy/actor/lib/test/auto/function3.xml
2 ms. Memory: 1740288K Free: 1255157K (72%)
----------------- Invoking toplevel() on ptolemy.moml.MoMLSimpleApplication@59618af6
----------------- Done invoking toplevel() on ptolemy.moml.MoMLSimpleApplication@59618af6
reloadAllAccessors: .function3

===========================================================================================
----------------- testing Mon Apr 08 03:55:26 UTC 2019 /home/travis/build/icyphy/ptII/ptolemy/actor/lib/test/auto/functionClosureTest1.xml
----------------- Instantiating /home/travis/build/icyphy/ptII/ptolemy/actor/lib/test/auto/functionClosureTest1.xml
1 ms. Memory: 1740288K Free: 1238911K (71%)
----------------- Invoking toplevel() on ptolemy.moml.MoMLSimpleApplication@30a03468
----------------- Done invoking toplevel() on ptolemy.moml.MoMLSimpleApplication@30a03468
reloadAllAccessors: .functionClosureTest1

===========================================================================================
----------------- testing Mon Apr 08 03:55:26 UTC 2019 /home/travis/build/icyphy/ptII/ptolemy/actor/lib/test/auto/functionClosureTest2.xml
----------------- Instantiating /home/travis/build/icyphy/ptII/ptolemy/actor/lib/test/auto/functionClosureTest2.xml
1 ms. Memory: 1740288K Free: 1218331K (70%)
----------------- Invoking toplevel() on ptolemy.moml.MoMLSimpleApplication@574709ba
----------------- Done invoking toplevel() on ptolemy.moml.MoMLSimpleApplication@574709ba
reloadAllAccessors: .functionClosureTest2

===========================================================================================
----------------- testing Mon Apr 08 03:55:26 UTC 2019 /home/travis/build/icyphy/ptII/ptolemy/actor/lib/test/auto/functionClosureTest3.xml
----------------- Instantiating /home/travis/build/icyphy/ptII/ptolemy/actor/lib/test/auto/functionClosureTest3.xml
2 ms. Memory: 1740288K Free: 1202085K (69%)
----------------- Invoking toplevel() on ptolemy.moml.MoMLSimpleApplication@1f2d2e9b
----------------- Done invoking toplevel() on ptolemy.moml.MoMLSimpleApplication@1f2d2e9b
reloadAllAccessors: .functionClosureTest3

===========================================================================================
----------------- testing Mon Apr 08 03:55:26 UTC 2019 /home/travis/build/icyphy/ptII/ptolemy/actor/lib/test/auto/functionClosureTest4.xml
----------------- Instantiating /home/travis/build/icyphy/ptII/ptolemy/actor/lib/test/auto/functionClosureTest4.xml
3 ms. Memory: 1740288K Free: 1181505K (68%)
----------------- Invoking toplevel() on ptolemy.moml.MoMLSimpleApplication@385b1417
----------------- Done invoking toplevel() on ptolemy.moml.MoMLSimpleApplication@385b1417
reloadAllAccessors: .functionClosureTest4

===========================================================================================
----------------- testing Mon Apr 08 03:55:26 UTC 2019 /home/travis/build/icyphy/ptII/ptolemy/actor/lib/test/auto/functionClosureTest5.xml
----------------- Instantiating /home/travis/build/icyphy/ptII/ptolemy/actor/lib/test/auto/functionClosureTest5.xml
4 ms. Memory: 1740288K Free: 1160926K (67%)
----------------- Invoking toplevel() on ptolemy.moml.MoMLSimpleApplication@7e57c5ac
----------------- Done invoking toplevel() on ptolemy.moml.MoMLSimpleApplication@7e57c5ac
reloadAllAccessors: .functionClosureTest5

===========================================================================================
----------------- testing Mon Apr 08 03:55:26 UTC 2019 /home/travis/build/icyphy/ptII/ptolemy/actor/lib/test/auto/functionClosureTest6.xml
----------------- Instantiating /home/travis/build/icyphy/ptII/ptolemy/actor/lib/test/auto/functionClosureTest6.xml
4 ms. Memory: 1740288K Free: 1144680K (66%)
----------------- Invoking toplevel() on ptolemy.moml.MoMLSimpleApplication@15303561
----------------- Done invoking toplevel() on ptolemy.moml.MoMLSimpleApplication@15303561
reloadAllAccessors: .functionClosureTest6

===========================================================================================
----------------- testing Mon Apr 08 03:55:26 UTC 2019 /home/travis/build/icyphy/ptII/ptolemy/actor/lib/test/auto/functionsOnArcs.xml
----------------- Instantiating /home/travis/build/icyphy/ptII/ptolemy/actor/lib/test/auto/functionsOnArcs.xml
1 ms. Memory: 1740288K Free: 1124100K (65%)
----------------- Invoking toplevel() on ptolemy.moml.MoMLSimpleApplication@4a9b8475
----------------- Done invoking toplevel() on ptolemy.moml.MoMLSimpleApplication@4a9b8475
reloadAllAccessors: .functionsOnArcs

===========================================================================================
----------------- testing Mon Apr 08 03:55:26 UTC 2019 /home/travis/build/icyphy/ptII/ptolemy/actor/lib/test/auto/functionsOnArcsHOF.xml
----------------- Instantiating /home/travis/build/icyphy/ptII/ptolemy/actor/lib/test/auto/functionsOnArcsHOF.xml
3 ms. Memory: 1740288K Free: 1107854K (64%)
----------------- Invoking toplevel() on ptolemy.moml.MoMLSimpleApplication@6374d141
----------------- Done invoking toplevel() on ptolemy.moml.MoMLSimpleApplication@6374d141
reloadAllAccessors: .functionsOnArcsHOF

===========================================================================================
----------------- testing Mon Apr 08 03:55:26 UTC 2019 /home/travis/build/icyphy/ptII/ptolemy/actor/lib/test/auto/logic.xml
----------------- Instantiating /home/travis/build/icyphy/ptII/ptolemy/actor/lib/test/auto/logic.xml
2 ms. Memory: 1740288K Free: 1087275K (62%)
----------------- Invoking toplevel() on ptolemy.moml.MoMLSimpleApplication@76ef6c07
----------------- Done invoking toplevel() on ptolemy.moml.MoMLSimpleApplication@76ef6c07
reloadAllAccessors: .logic

===========================================================================================
----------------- testing Mon Apr 08 03:55:26 UTC 2019 /home/travis/build/icyphy/ptII/ptolemy/actor/lib/test/auto/matrixType.xml
----------------- Instantiating /home/travis/build/icyphy/ptII/ptolemy/actor/lib/test/auto/matrixType.xml
1 ms. Memory: 1740288K Free: 1066695K (61%)
----------------- Invoking toplevel() on ptolemy.moml.MoMLSimpleApplication@6a10790f
----------------- Done invoking toplevel() on ptolemy.moml.MoMLSimpleApplication@6a10790f
reloadAllAccessors: .matrixType

===========================================================================================
----------------- testing Mon Apr 08 03:55:26 UTC 2019 /home/travis/build/icyphy/ptII/ptolemy/actor/lib/test/auto/matrixType10.xml
----------------- Instantiating /home/travis/build/icyphy/ptII/ptolemy/actor/lib/test/auto/matrixType10.xml
1 ms. Memory: 1740288K Free: 1050449K (60%)
----------------- Invoking toplevel() on ptolemy.moml.MoMLSimpleApplication@78637fa8
----------------- Done invoking toplevel() on ptolemy.moml.MoMLSimpleApplication@78637fa8
reloadAllAccessors: .matrixType10

===========================================================================================
----------------- testing Mon Apr 08 03:55:26 UTC 2019 /home/travis/build/icyphy/ptII/ptolemy/actor/lib/test/auto/matrixType11.xml
----------------- Instantiating /home/travis/build/icyphy/ptII/ptolemy/actor/lib/test/auto/matrixType11.xml
1 ms. Memory: 1740288K Free: 1029870K (59%)
----------------- Invoking toplevel() on ptolemy.moml.MoMLSimpleApplication@3b6dc083
----------------- Done invoking toplevel() on ptolemy.moml.MoMLSimpleApplication@3b6dc083
reloadAllAccessors: .matrixType11

===========================================================================================
----------------- testing Mon Apr 08 03:55:26 UTC 2019 /home/travis/build/icyphy/ptII/ptolemy/actor/lib/test/auto/matrixType12.xml
----------------- Instantiating /home/travis/build/icyphy/ptII/ptolemy/actor/lib/test/auto/matrixType12.xml
1 ms. Memory: 1740288K Free: 1013624K (58%)
----------------- Invoking toplevel() on ptolemy.moml.MoMLSimpleApplication@712bc2ab
----------------- Done invoking toplevel() on ptolemy.moml.MoMLSimpleApplication@712bc2ab
reloadAllAccessors: .matrixType12

===========================================================================================
----------------- testing Mon Apr 08 03:55:26 UTC 2019 /home/travis/build/icyphy/ptII/ptolemy/actor/lib/test/auto/matrixType13.xml
----------------- Instantiating /home/travis/build/icyphy/ptII/ptolemy/actor/lib/test/auto/matrixType13.xml
1 ms. Memory: 1740288K Free: 993044K (57%)
----------------- Invoking toplevel() on ptolemy.moml.MoMLSimpleApplication@16e68bfc
----------------- Done invoking toplevel() on ptolemy.moml.MoMLSimpleApplication@16e68bfc
reloadAllAccessors: .matrixType13

===========================================================================================
----------------- testing Mon Apr 08 03:55:26 UTC 2019 /home/travis/build/icyphy/ptII/ptolemy/actor/lib/test/auto/matrixType14.xml
----------------- Instantiating /home/travis/build/icyphy/ptII/ptolemy/actor/lib/test/auto/matrixType14.xml
1 ms. Memory: 1740288K Free: 972464K (56%)
----------------- Invoking toplevel() on ptolemy.moml.MoMLSimpleApplication@63fb0168
----------------- Done invoking toplevel() on ptolemy.moml.MoMLSimpleApplication@63fb0168
reloadAllAccessors: .matrixType14

===========================================================================================
----------------- testing Mon Apr 08 03:55:26 UTC 2019 /home/travis/build/icyphy/ptII/ptolemy/actor/lib/test/auto/matrixType2.xml
----------------- Instantiating /home/travis/build/icyphy/ptII/ptolemy/actor/lib/test/auto/matrixType2.xml
2 ms. Memory: 1740288K Free: 956219K (55%)
----------------- Invoking toplevel() on ptolemy.moml.MoMLSimpleApplication@6d6b1542
----------------- Done invoking toplevel() on ptolemy.moml.MoMLSimpleApplication@6d6b1542
reloadAllAccessors: .matrixType2

===========================================================================================
----------------- testing Mon Apr 08 03:55:26 UTC 2019 /home/travis/build/icyphy/ptII/ptolemy/actor/lib/test/auto/matrixType3.xml
----------------- Instantiating /home/travis/build/icyphy/ptII/ptolemy/actor/lib/test/auto/matrixType3.xml
3 ms. Memory: 1740288K Free: 935639K (54%)
----------------- Invoking toplevel() on ptolemy.moml.MoMLSimpleApplication@4f5e393
----------------- Done invoking toplevel() on ptolemy.moml.MoMLSimpleApplication@4f5e393
reloadAllAccessors: .matrixType3

===========================================================================================
----------------- testing Mon Apr 08 03:55:26 UTC 2019 /home/travis/build/icyphy/ptII/ptolemy/actor/lib/test/auto/matrixType4.xml
----------------- Instantiating /home/travis/build/icyphy/ptII/ptolemy/actor/lib/test/auto/matrixType4.xml
1 ms. Memory: 1740288K Free: 919393K (53%)
----------------- Invoking toplevel() on ptolemy.moml.MoMLSimpleApplication@6bceec04
----------------- Done invoking toplevel() on ptolemy.moml.MoMLSimpleApplication@6bceec04
reloadAllAccessors: .matrixType4

===========================================================================================
----------------- testing Mon Apr 08 03:55:26 UTC 2019 /home/travis/build/icyphy/ptII/ptolemy/actor/lib/test/auto/matrixType5.xml
----------------- Instantiating /home/travis/build/icyphy/ptII/ptolemy/actor/lib/test/auto/matrixType5.xml
1 ms. Memory: 1740288K Free: 898814K (52%)
----------------- Invoking toplevel() on ptolemy.moml.MoMLSimpleApplication@4eba3448
----------------- Done invoking toplevel() on ptolemy.moml.MoMLSimpleApplication@4eba3448
reloadAllAccessors: .matrixType5

===========================================================================================
----------------- testing Mon Apr 08 03:55:26 UTC 2019 /home/travis/build/icyphy/ptII/ptolemy/actor/lib/test/auto/matrixType6.xml
----------------- Instantiating /home/travis/build/icyphy/ptII/ptolemy/actor/lib/test/auto/matrixType6.xml
1 ms. Memory: 1740288K Free: 878234K (50%)
----------------- Invoking toplevel() on ptolemy.moml.MoMLSimpleApplication@762c4f55
----------------- Done invoking toplevel() on ptolemy.moml.MoMLSimpleApplication@762c4f55
reloadAllAccessors: .matrixType6

===========================================================================================
----------------- testing Mon Apr 08 03:55:26 UTC 2019 /home/travis/build/icyphy/ptII/ptolemy/actor/lib/test/auto/matrixType7.xml
----------------- Instantiating /home/travis/build/icyphy/ptII/ptolemy/actor/lib/test/auto/matrixType7.xml
2 ms. Memory: 1740288K Free: 861988K (50%)
----------------- Invoking toplevel() on ptolemy.moml.MoMLSimpleApplication@4dae93c0
----------------- Done invoking toplevel() on ptolemy.moml.MoMLSimpleApplication@4dae93c0
reloadAllAccessors: .matrixType7

===========================================================================================
----------------- testing Mon Apr 08 03:55:26 UTC 2019 /home/travis/build/icyphy/ptII/ptolemy/actor/lib/test/auto/matrixType8.xml
----------------- Instantiating /home/travis/build/icyphy/ptII/ptolemy/actor/lib/test/auto/matrixType8.xml
1 ms. Memory: 1740288K Free: 841408K (48%)
----------------- Invoking toplevel() on ptolemy.moml.MoMLSimpleApplication@1f6018bd
----------------- Done invoking toplevel() on ptolemy.moml.MoMLSimpleApplication@1f6018bd
reloadAllAccessors: .matrixType8

===========================================================================================
----------------- testing Mon Apr 08 03:55:26 UTC 2019 /home/travis/build/icyphy/ptII/ptolemy/actor/lib/test/auto/matrixType9.xml
----------------- Instantiating /home/travis/build/icyphy/ptII/ptolemy/actor/lib/test/auto/matrixType9.xml
1 ms. Memory: 1740288K Free: 825163K (47%)
----------------- Invoking toplevel() on ptolemy.moml.MoMLSimpleApplication@5e2e1ce5
----------------- Done invoking toplevel() on ptolemy.moml.MoMLSimpleApplication@5e2e1ce5
reloadAllAccessors: .matrixType9

===========================================================================================
----------------- testing Mon Apr 08 03:55:26 UTC 2019 /home/travis/build/icyphy/ptII/ptolemy/actor/lib/test/auto/paraFunctest.xml
----------------- Instantiating /home/travis/build/icyphy/ptII/ptolemy/actor/lib/test/auto/paraFunctest.xml
2 ms. Memory: 1740288K Free: 804583K (46%)
----------------- Invoking toplevel() on ptolemy.moml.MoMLSimpleApplication@577a9936
----------------- Done invoking toplevel() on ptolemy.moml.MoMLSimpleApplication@577a9936
reloadAllAccessors: .paraFunctest

===========================================================================================
----------------- testing Mon Apr 08 03:55:26 UTC 2019 /home/travis/build/icyphy/ptII/ptolemy/actor/lib/test/auto/paraFunctest2.xml
----------------- Instantiating /home/travis/build/icyphy/ptII/ptolemy/actor/lib/test/auto/paraFunctest2.xml
1 ms. Memory: 1740288K Free: 784003K (45%)
----------------- Invoking toplevel() on ptolemy.moml.MoMLSimpleApplication@4bb064c1
----------------- Done invoking toplevel() on ptolemy.moml.MoMLSimpleApplication@4bb064c1
reloadAllAccessors: .paraFunctest2

===========================================================================================
----------------- testing Mon Apr 08 03:55:26 UTC 2019 /home/travis/build/icyphy/ptII/ptolemy/actor/lib/test/auto/parameterPassing.xml
----------------- Instantiating /home/travis/build/icyphy/ptII/ptolemy/actor/lib/test/auto/parameterPassing.xml
1 ms. Memory: 1740288K Free: 767757K (44%)
----------------- Invoking toplevel() on ptolemy.moml.MoMLSimpleApplication@68dc1b8f
----------------- Done invoking toplevel() on ptolemy.moml.MoMLSimpleApplication@68dc1b8f
reloadAllAccessors: .parameterPassing

===========================================================================================
----------------- testing Mon Apr 08 03:55:26 UTC 2019 /home/travis/build/icyphy/ptII/ptolemy/actor/lib/test/auto/record.xml
----------------- Instantiating /home/travis/build/icyphy/ptII/ptolemy/actor/lib/test/auto/record.xml
2 ms. Memory: 1740288K Free: 747177K (43%)
----------------- Invoking toplevel() on ptolemy.moml.MoMLSimpleApplication@16e130e
----------------- Done invoking toplevel() on ptolemy.moml.MoMLSimpleApplication@16e130e
reloadAllAccessors: .record

===========================================================================================
----------------- testing Mon Apr 08 03:55:26 UTC 2019 /home/travis/build/icyphy/ptII/ptolemy/actor/lib/test/auto/sizedarray1.xml
----------------- Instantiating /home/travis/build/icyphy/ptII/ptolemy/actor/lib/test/auto/sizedarray1.xml
1 ms. Memory: 1740288K Free: 730932K (42%)
----------------- Invoking toplevel() on ptolemy.moml.MoMLSimpleApplication@7f1f6154
----------------- Done invoking toplevel() on ptolemy.moml.MoMLSimpleApplication@7f1f6154
reloadAllAccessors: .sizedarray1

===========================================================================================
----------------- testing Mon Apr 08 03:55:26 UTC 2019 /home/travis/build/icyphy/ptII/ptolemy/actor/lib/test/auto/sizedarray2.xml
----------------- Instantiating /home/travis/build/icyphy/ptII/ptolemy/actor/lib/test/auto/sizedarray2.xml
3 ms. Memory: 1740288K Free: 710352K (41%)
----------------- Invoking toplevel() on ptolemy.moml.MoMLSimpleApplication@249a490e
----------------- Done invoking toplevel() on ptolemy.moml.MoMLSimpleApplication@249a490e
reloadAllAccessors: .sizedarray2

===========================================================================================
----------------- testing Mon Apr 08 03:55:26 UTC 2019 /home/travis/build/icyphy/ptII/ptolemy/actor/lib/test/auto/twoPublishers.xml
----------------- Instantiating /home/travis/build/icyphy/ptII/ptolemy/actor/lib/test/auto/twoPublishers.xml
5 ms. Memory: 1740288K Free: 689772K (40%)
----------------- Invoking toplevel() on ptolemy.moml.MoMLSimpleApplication@1a660c42
----------------- Done invoking toplevel() on ptolemy.moml.MoMLSimpleApplication@1a660c42
reloadAllAccessors: .twoPublishers
AutoTests.java: About to close Vertx.
AutoTests.java: Vertx closed.
]]></system-out>
  <system-err><![CDATA[java.lang.RuntimeException: Execution failed
	at ptolemy.moml.MoMLSimpleApplication$UnloadThread.run(MoMLSimpleApplication.java:402)
Caused by: java.lang.RuntimeException: StringUtilities.exit() was called. Normally, we would exit here because Manager.exitAfterWrapup() was called.  However, because the ptolemy.ptII.exitAfterWrapup property is set, we throw this exception instead.
	at ptolemy.util.StringUtilities.exit(StringUtilities.java:363)
	at ptolemy.actor.Manager.wrapup(Manager.java:1531)
	at ptolemy.actor.Manager.execute(Manager.java:407)
	at ptolemy.actor.Manager.run(Manager.java:1263)
	at ptolemy.actor.Manager$PtolemyRunThread.run(Manager.java:1915)
Warning: '.top.test' is in training mode, set the trainingMode parameter to false before checking in
Warning: '.top.test' is in training mode, set the trainingMode parameter to false before checking in
Warning: '.top.test' is in training mode, set the trainingMode parameter to false before checking in
Warning: '.BooleanSwitch_RegressionTest_WrongTrainingValues.Test' is in training mode, set the trainingMode parameter to false before checking in
Warning: '.BooleanSwitch_RegressionTest_WrongTrainingValues.Test2' is in training mode, set the trainingMode parameter to false before checking in
Warning: '.BooleanSwitch_RegressionTest_WrongTrainingValues.Test2' The test produced 0 tokens.
Warning: '.top.testExceptionHandler' is in training mode, set the trainingMode parameter to false before checking in
java.lang.RuntimeException: Execution failed
	at ptolemy.moml.MoMLSimpleApplication$UnloadThread.run(MoMLSimpleApplication.java:402)
Caused by: ptolemy.kernel.util.IllegalActionException: PublisherPorts cannot be used at the top level, use a Publisher actor instead.
  in .PublisherPortToplevelSubscriber.PublisherPort
	at ptolemy.actor.PublisherPort.preinitialize(PublisherPort.java:403)
	at ptolemy.actor.CompositeActor.preinitialize(CompositeActor.java:1769)
	at ptolemy.actor.Manager.preinitializeAndResolveTypes(Manager.java:1040)
	at ptolemy.actor.Manager.initialize(Manager.java:710)
	at ptolemy.actor.Manager.execute(Manager.java:356)
	at ptolemy.actor.Manager.run(Manager.java:1263)
	at ptolemy.actor.Manager$PtolemyRunThread.run(Manager.java:1915)
java.lang.reflect.InvocationTargetException
	at sun.reflect.NativeConstructorAccessorImpl.newInstance0(Native Method)
	at sun.reflect.NativeConstructorAccessorImpl.newInstance(NativeConstructorAccessorImpl.java:62)
	at sun.reflect.DelegatingConstructorAccessorImpl.newInstance(DelegatingConstructorAccessorImpl.java:45)
	at java.lang.reflect.Constructor.newInstance(Constructor.java:423)
	at ptolemy.util.test.junit.AutoKnownFailedTests.RunModel(AutoKnownFailedTests.java:105)
	at sun.reflect.NativeMethodAccessorImpl.invoke0(Native Method)
	at sun.reflect.NativeMethodAccessorImpl.invoke(NativeMethodAccessorImpl.java:62)
	at sun.reflect.DelegatingMethodAccessorImpl.invoke(DelegatingMethodAccessorImpl.java:43)
	at java.lang.reflect.Method.invoke(Method.java:498)
	at org.junit.runners.model.FrameworkMethod$1.runReflectiveCall(FrameworkMethod.java:44)
	at org.junit.internal.runners.model.ReflectiveCallable.run(ReflectiveCallable.java:15)
	at org.junit.runners.model.FrameworkMethod.invokeExplosively(FrameworkMethod.java:41)
	at junitparams.internal.InvokeParameterisedMethod.evaluate(InvokeParameterisedMethod.java:102)
	at org.junit.internal.runners.statements.FailOnTimeout$1.run(FailOnTimeout.java:28)
Caused by: ptolemy.kernel.util.IllegalActionException: PublisherPorts cannot be used at the top level, use a Publisher actor instead.
  in .PublisherPortToplevelSubscriber.PublisherPort
	at ptolemy.actor.PublisherPort.preinitialize(PublisherPort.java:403)
	at ptolemy.actor.CompositeActor.preinitialize(CompositeActor.java:1769)
	at ptolemy.actor.Manager.preinitializeAndResolveTypes(Manager.java:1040)
	at ptolemy.actor.Manager.initialize(Manager.java:710)
	at ptolemy.actor.Manager.execute(Manager.java:356)
	at ptolemy.actor.Manager.run(Manager.java:1263)
	at ptolemy.actor.Manager$PtolemyRunThread.run(Manager.java:1915)
java.lang.RuntimeException: Execution failed
	at ptolemy.moml.MoMLSimpleApplication$UnloadThread.run(MoMLSimpleApplication.java:402)
Caused by: ptolemy.kernel.util.IllegalActionException: SubscriberPorts cannot be used at the top level, use a Subscriber actor instead.
  in .PublisherSubscriberPortToplevel.SubscriberPort
	at ptolemy.actor.SubscriberPort.preinitialize(SubscriberPort.java:328)
	at ptolemy.actor.CompositeActor.preinitialize(CompositeActor.java:1769)
	at ptolemy.actor.Manager.preinitializeAndResolveTypes(Manager.java:1040)
	at ptolemy.actor.Manager.initialize(Manager.java:710)
	at ptolemy.actor.Manager.execute(Manager.java:356)
	at ptolemy.actor.Manager.run(Manager.java:1263)
	at ptolemy.actor.Manager$PtolemyRunThread.run(Manager.java:1915)
java.lang.reflect.InvocationTargetException
	at sun.reflect.NativeConstructorAccessorImpl.newInstance0(Native Method)
	at sun.reflect.NativeConstructorAccessorImpl.newInstance(NativeConstructorAccessorImpl.java:62)
	at sun.reflect.DelegatingConstructorAccessorImpl.newInstance(DelegatingConstructorAccessorImpl.java:45)
	at java.lang.reflect.Constructor.newInstance(Constructor.java:423)
	at ptolemy.util.test.junit.AutoKnownFailedTests.RunModel(AutoKnownFailedTests.java:105)
	at sun.reflect.NativeMethodAccessorImpl.invoke0(Native Method)
	at sun.reflect.NativeMethodAccessorImpl.invoke(NativeMethodAccessorImpl.java:62)
	at sun.reflect.DelegatingMethodAccessorImpl.invoke(DelegatingMethodAccessorImpl.java:43)
	at java.lang.reflect.Method.invoke(Method.java:498)
	at org.junit.runners.model.FrameworkMethod$1.runReflectiveCall(FrameworkMethod.java:44)
	at org.junit.internal.runners.model.ReflectiveCallable.run(ReflectiveCallable.java:15)
	at org.junit.runners.model.FrameworkMethod.invokeExplosively(FrameworkMethod.java:41)
	at junitparams.internal.InvokeParameterisedMethod.evaluate(InvokeParameterisedMethod.java:102)
	at org.junit.internal.runners.statements.FailOnTimeout$1.run(FailOnTimeout.java:28)
Caused by: ptolemy.kernel.util.IllegalActionException: SubscriberPorts cannot be used at the top level, use a Subscriber actor instead.
  in .PublisherSubscriberPortToplevel.SubscriberPort
	at ptolemy.actor.SubscriberPort.preinitialize(SubscriberPort.java:328)
	at ptolemy.actor.CompositeActor.preinitialize(CompositeActor.java:1769)
	at ptolemy.actor.Manager.preinitializeAndResolveTypes(Manager.java:1040)
	at ptolemy.actor.Manager.initialize(Manager.java:710)
	at ptolemy.actor.Manager.execute(Manager.java:356)
	at ptolemy.actor.Manager.run(Manager.java:1263)
	at ptolemy.actor.Manager$PtolemyRunThread.run(Manager.java:1915)
java.lang.RuntimeException: Execution failed
	at ptolemy.moml.MoMLSimpleApplication$UnloadThread.run(MoMLSimpleApplication.java:402)
Caused by: ptolemy.kernel.util.IllegalActionException: SubscriptionAggregatorPorts cannot be used at the top level, use a SubscriptionAggregator actor instead.
  in .PublisherSubscriptionAggregatorPort.SubscriptionAggregatorPort
	at ptolemy.actor.SubscriptionAggregatorPort.preinitialize(SubscriptionAggregatorPort.java:353)
	at ptolemy.actor.CompositeActor.preinitialize(CompositeActor.java:1769)
	at ptolemy.actor.Manager.preinitializeAndResolveTypes(Manager.java:1040)
	at ptolemy.actor.Manager.initialize(Manager.java:710)
	at ptolemy.actor.Manager.execute(Manager.java:356)
	at ptolemy.actor.Manager.run(Manager.java:1263)
	at ptolemy.actor.Manager$PtolemyRunThread.run(Manager.java:1915)
java.lang.reflect.InvocationTargetException
	at sun.reflect.NativeConstructorAccessorImpl.newInstance0(Native Method)
	at sun.reflect.NativeConstructorAccessorImpl.newInstance(NativeConstructorAccessorImpl.java:62)
	at sun.reflect.DelegatingConstructorAccessorImpl.newInstance(DelegatingConstructorAccessorImpl.java:45)
	at java.lang.reflect.Constructor.newInstance(Constructor.java:423)
	at ptolemy.util.test.junit.AutoKnownFailedTests.RunModel(AutoKnownFailedTests.java:105)
	at sun.reflect.NativeMethodAccessorImpl.invoke0(Native Method)
	at sun.reflect.NativeMethodAccessorImpl.invoke(NativeMethodAccessorImpl.java:62)
	at sun.reflect.DelegatingMethodAccessorImpl.invoke(DelegatingMethodAccessorImpl.java:43)
	at java.lang.reflect.Method.invoke(Method.java:498)
	at org.junit.runners.model.FrameworkMethod$1.runReflectiveCall(FrameworkMethod.java:44)
	at org.junit.internal.runners.model.ReflectiveCallable.run(ReflectiveCallable.java:15)
	at org.junit.runners.model.FrameworkMethod.invokeExplosively(FrameworkMethod.java:41)
	at junitparams.internal.InvokeParameterisedMethod.evaluate(InvokeParameterisedMethod.java:102)
	at org.junit.internal.runners.statements.FailOnTimeout$1.run(FailOnTimeout.java:28)
Caused by: ptolemy.kernel.util.IllegalActionException: SubscriptionAggregatorPorts cannot be used at the top level, use a SubscriptionAggregator actor instead.
  in .PublisherSubscriptionAggregatorPort.SubscriptionAggregatorPort
	at ptolemy.actor.SubscriptionAggregatorPort.preinitialize(SubscriptionAggregatorPort.java:353)
	at ptolemy.actor.CompositeActor.preinitialize(CompositeActor.java:1769)
	at ptolemy.actor.Manager.preinitializeAndResolveTypes(Manager.java:1040)
	at ptolemy.actor.Manager.initialize(Manager.java:710)
	at ptolemy.actor.Manager.execute(Manager.java:356)
	at ptolemy.actor.Manager.run(Manager.java:1263)
	at ptolemy.actor.Manager$PtolemyRunThread.run(Manager.java:1915)
java.lang.RuntimeException: Execution failed
	at ptolemy.moml.MoMLSimpleApplication$UnloadThread.run(MoMLSimpleApplication.java:402)
Caused by: ptolemy.kernel.util.IllegalActionException: TypeTest actor has no training data.
  in .sizedarray3.TypeTest
	at ptolemy.actor.lib.TypeTest.initialize(TypeTest.java:250)
	at ptolemy.actor.Director.initialize(Director.java:938)
	at ptolemy.actor.Director.initialize(Director.java:907)
	at ptolemy.actor.sched.StaticSchedulingDirector.initialize(StaticSchedulingDirector.java:159)
	at ptolemy.domains.sdf.kernel.SDFDirector.initialize(SDFDirector.java:544)
	at ptolemy.actor.CompositeActor.initialize(CompositeActor.java:935)
	at ptolemy.actor.Manager.initialize(Manager.java:724)
	at ptolemy.actor.Manager.execute(Manager.java:356)
	at ptolemy.actor.Manager.run(Manager.java:1263)
	at ptolemy.actor.Manager$PtolemyRunThread.run(Manager.java:1915)
java.lang.reflect.InvocationTargetException
	at sun.reflect.NativeConstructorAccessorImpl.newInstance0(Native Method)
	at sun.reflect.NativeConstructorAccessorImpl.newInstance(NativeConstructorAccessorImpl.java:62)
	at sun.reflect.DelegatingConstructorAccessorImpl.newInstance(DelegatingConstructorAccessorImpl.java:45)
	at java.lang.reflect.Constructor.newInstance(Constructor.java:423)
	at ptolemy.util.test.junit.AutoKnownFailedTests.RunModel(AutoKnownFailedTests.java:105)
	at sun.reflect.NativeMethodAccessorImpl.invoke0(Native Method)
	at sun.reflect.NativeMethodAccessorImpl.invoke(NativeMethodAccessorImpl.java:62)
	at sun.reflect.DelegatingMethodAccessorImpl.invoke(DelegatingMethodAccessorImpl.java:43)
	at java.lang.reflect.Method.invoke(Method.java:498)
	at org.junit.runners.model.FrameworkMethod$1.runReflectiveCall(FrameworkMethod.java:44)
	at org.junit.internal.runners.model.ReflectiveCallable.run(ReflectiveCallable.java:15)
	at org.junit.runners.model.FrameworkMethod.invokeExplosively(FrameworkMethod.java:41)
	at junitparams.internal.InvokeParameterisedMethod.evaluate(InvokeParameterisedMethod.java:102)
	at org.junit.internal.runners.statements.FailOnTimeout$1.run(FailOnTimeout.java:28)
Caused by: ptolemy.kernel.util.IllegalActionException: TypeTest actor has no training data.
  in .sizedarray3.TypeTest
	at ptolemy.actor.lib.TypeTest.initialize(TypeTest.java:250)
	at ptolemy.actor.Director.initialize(Director.java:938)
	at ptolemy.actor.Director.initialize(Director.java:907)
	at ptolemy.actor.sched.StaticSchedulingDirector.initialize(StaticSchedulingDirector.java:159)
	at ptolemy.domains.sdf.kernel.SDFDirector.initialize(SDFDirector.java:544)
	at ptolemy.actor.CompositeActor.initialize(CompositeActor.java:935)
	at ptolemy.actor.Manager.initialize(Manager.java:724)
	at ptolemy.actor.Manager.execute(Manager.java:356)
	at ptolemy.actor.Manager.run(Manager.java:1263)
	at ptolemy.actor.Manager$PtolemyRunThread.run(Manager.java:1915)
]]></system-err>
</testsuite>
