<?xml version="1.0" encoding="UTF-8" ?>
<testsuite errors="1" failures="2" hostname="travis-job-718cc7f6-9a1d-46c9-abb2-efca69703ea9" name="ptolemy.actor.lib.test.junit.JUnitTclTest" skipped="0" tests="517" time="64.383" timestamp="2019-07-06T04:51:28">
  <properties>
    <property name="npm.executable" value="npm" />
    <property name="env.TRAVIS_ROOT" value="/" />
    <property name="ptII.mk.exists" value="true" />
    <property name="env.TRAVIS_APP_HOST" value="build.travis-ci.org" />
    <property name="env.rvm_bin_path" value="/home/travis/.rvm/bin" />
    <property name="java.home" value="/usr/local/lib/jvm/openjdk11" />
    <property name="env.TRAVIS_JOB_NUMBER" value="1195.8" />
    <property name="env.TRAVIS_HOME" value="/home/travis" />
    <property name="env.DISPLAY" value=":99.0" />
    <property name="env.TRAVIS_INIT" value="systemd" />
    <property name="env.SSH_TTY" value="/dev/pts/0" />
    <property name="java.net.preferIPv4Stack" value="true" />
    <property name="env.RUN_TESTS" value="true" />
    <property name="timeout.short" value="1000000" />
    <property name="junit.formatter" value="xml" />
    <property name="env.TRAVIS_SUDO" value="true" />
    <property name="env.TRAVIS_JOB_NAME" value="" />
    <property name="env.TRAVIS_STACK_NODE_ATTRIBUTES" value="/.node-attributes.yml" />
    <property name="env.LOGNAME" value="travis" />
    <property name="env.PT_TRAVIS_TEST_CORE1_XML" value="true" />
    <property name="jsdoc.home" value="node_modules/@terraswarm/jsdoc" />
    <property name="debuglevel" value="source,lines,vars" />
    <property name="checkstyle.formatter" value="xml" />
    <property name="env._system_version" value="16.04" />
    <property name="bin.vergil.makeable" value="true" />
    <property name="sun.os.patch.level" value="unknown" />
    <property name="java.vendor.url" value="http://java.oracle.com/" />
    <property name="env.TRAVIS_BUILD_WEB_URL" value="https://travis-ci.org/icyphy/ptII/builds/554925123" />
    <property name="java.version" value="11.0.2" />
    <property name="env.TZ" value="UTC" />
    <property name="env.TRAVIS_PULL_REQUEST_SHA" value="" />
    <property name="env.PT_NO_NET" value="true" />
    <property name="env.TRAVIS_SECURE_ENV_VARS" value="true" />
    <property name="env._system_type" value="Linux" />
    <property name="java.vendor.url.bug" value="http://bugreport.java.com/bugreport/" />
    <property name="npmjs-org-is-up" value="true" />
    <property name="env.LANGUAGE" value="en_US.UTF-8" />
    <property name="env.SSH_CLIENT" value="10.10.4.121 50462 22" />
    <property name="env.GEM_HOME" value="/home/travis/.rvm/gems/ruby-2.5.3" />
    <property name="env.HAS_ANTARES_THREE_LITTLE_FRONZIES_BADGE" value="true" />
    <property name="java.version.date" value="2019-01-15" />
    <property name="env.PS4" value="+" />
    <property name="ant.project.invoked-targets" value="build,test.core1.xml" />
    <property name="env.TRAVIS_PULL_REQUEST_BRANCH" value="" />
    <property name="env.TRAVIS_REPO_SLUG" value="icyphy/ptII" />
    <property name="env.XDG_DATA_DIRS" value="/usr/local/share:/usr/share:/var/lib/snapd/desktop" />
    <property name="jdk.debug" value="release" />
    <property name="env.TRAVIS_APT_PROXY" value="http://apt.cache.travis-ci.com" />
    <property name="node.in.path" value="true" />
    <property name="user.name" value="travis" />
    <property name="java.maxmemory" value="1400m" />
    <property name="env.RUBY_VERSION" value="ruby-2.5.3" />
    <property name="env.LANG" value="en_US.UTF-8" />
    <property name="sun.io.unicode.encoding" value="UnicodeLittle" />
    <property name="sun.jnu.encoding" value="UTF-8" />
    <property name="java.runtime.name" value="OpenJDK Runtime Environment" />
    <property name="usefile" value="false" />
    <property name="return.code" value="0" />
    <property name="junit.single.formatter" value="plain" />
    <property name="env.DYLD_LIBRARY_PATH" value="/home/travis/pthla/certi-tools/lib:" />
    <property name="env.DEBIAN_FRONTEND" value="noninteractive" />
    <property name="env.SSH_CONNECTION" value="10.10.4.121 50462 10.20.0.96 22" />
    <property name="env.MYSQL_UNIX_PORT" value="/var/run/mysqld/mysqld.sock" />
    <property name="env.LC_ALL" value="en_US.UTF-8" />
    <property name="env.TRAVIS_ALLOW_FAILURE" value="false" />
    <property name="env.TRAVIS_JOB_WEB_URL" value="https://travis-ci.org/icyphy/ptII/jobs/554925131" />
    <property name="java.specification.name" value="Java Platform API Specification" />
    <property name="node.works" value="true" />
    <property name="user.timezone" value="" />
    <property name="path.separator" value=":" />
    <property name="env.TRAVIS_ENABLE_INFRA_DETECTION" value="true" />
    <property name="env.PYTHON_CFLAGS" value="-g -fstack-protector --param=ssp-buffer-size=4 -Wformat -Werror=format-security" />
    <property name="timeout.long" value="4000000" />
    <property name="env.CERTI_HOME" value="/home/travis/pthla/certi-tools" />
    <property name="ant.file.ptII" value="/home/travis/build/icyphy/ptII/build.xml" />
    <property name="javadoc.packagenames" value="com.*,diva.*,lbnl.*,org.hlacerti.*,org.json.*,org.ptolemy.*,org.terraswarm.*,ptolemy.*,ptserver.*" />
    <property name="file.encoding" value="UTF-8" />
    <property name="env.TRAVIS_PULL_REQUEST_SLUG" value="" />
    <property name="ant.project.default-target" value="build" />
    <property name="env.GIT_ASKPASS" value="echo" />
    <property name="env.HOME" value="/home/travis" />
    <property name="sun.java.command" value="org.apache.tools.ant.taskdefs.optional.junit.JUnitTestRunner ptolemy.actor.lib.test.junit.JUnitTclTest skipNonTests=false filtertrace=true haltOnError=false haltOnFailure=false formatter=org.apache.tools.ant.taskdefs.optional.junit.OutErrSummaryJUnitResultFormatter showoutput=true outputtoformatters=true logfailedtests=true threadid=0 logtestlistenerevents=false formatter=org.apache.tools.ant.taskdefs.optional.junit.XMLJUnitResultFormatter,/home/travis/build/icyphy/ptII/reports/junit/TEST-ptolemy.actor.lib.test.junit.JUnitTclTest.xml crashfile=/home/travis/build/icyphy/ptII/junitvmwatcher12720829578873316121.properties propsfile=/home/travis/build/icyphy/ptII/junit3165225716277200036.properties" />
    <property name="env.COMPOSER_NO_INTERACTION" value="1" />
    <property name="env.MANPATH" value="/home/travis/.nvm/versions/node/v7.10.1/share/man:/home/travis/.rvm/rubies/ruby-2.5.3/share/man:/usr/local/cmake-3.12.4/man:/usr/local/clang-7.0.0/share/man:/usr/local/man:/usr/local/share/man:/usr/share/man:/home/travis/.rvm/man" />
    <property name="env.TRAVIS_TIMER_ID" value="03fc738c" />
    <property name="ant.file" value="/home/travis/build/icyphy/ptII/build.xml" />
    <property name="env.TRAVIS_COMMIT_RANGE" value="b6de4a29689c219dd7cbcef974805eca11f91674...bbbff3adea58fb0643306c381462affccc328551" />
    <property name="env._system_name" value="Ubuntu" />
    <property name="ptII.classpath.optional.property" value="/home/travis/build/icyphy/ptII/lib/bsh-2.0b4.jar:/home/travis/build/icyphy/ptII/lib/ptCal.jar:/home/travis/build/icyphy/ptII/lib/java_cup.jar:/home/travis/build/icyphy/ptII/lib/saxon8.jar:/home/travis/build/icyphy/ptII/lib/saxon8-dom.jar:/home/travis/build/icyphy/ptII/lib/chic.jar:/home/travis/build/icyphy/ptII/lib/ptcolt.jar:/home/travis/build/icyphy/ptII/vendors/misc/itext/iText.jar:/home/travis/build/icyphy/ptII/lib/g4ltl.jar:/home/travis/build/icyphy/ptII/lib/StructuralCoder.jar:/home/travis/build/icyphy/ptII/vendors/jai-1_1_2_01/lib/jai_core.jar:/home/travis/build/icyphy/ptII/vendors/jai-1_1_2_01/lib/jai_codec.jar:/home/travis/build/icyphy/ptII/lib/jcerti.jar:/home/travis/build/icyphy/ptII/lib/javax.mail.jar:/home/travis/build/icyphy/ptII/vendors/JMF-2.1.1e/lib/jmf.jar:/home/travis/build/icyphy/ptII/lib/jna-4.0.0-variadic.jar:/home/travis/build/icyphy/ptII/vendors/misc/joystick/Joystick.jar:/home/travis/build/icyphy/ptII/lib/ptjacl.jar:/home/travis/build/icyphy/ptII/lib/jsoup-1.8.2.jar:/home/travis/build/icyphy/ptII/lib/junit-4.8.2.jar:/home/travis/build/icyphy/ptII/lib/JUnitParams-0.4.0.jar:/home/travis/build/icyphy/ptII/ptolemy/actor/lib/excel/jxl.jar:/home/travis/build/icyphy/ptII/lib/jython.jar:/home/travis/build/icyphy/ptII/lib/kieler.jar:/home/travis/build/icyphy/ptII/vendors/opencv/share/OpenCV/java/opencv-341.jar:/home/travis/build/icyphy/ptII/lib/oscP5.jar:/home/travis/build/icyphy/ptII/lib/nrjavaserial-3.11.0.devel.jar:/home/travis/build/icyphy/ptII/vendors/j3d/lib/j3dcore.jar:/home/travis/build/icyphy/ptII/vendors/j3d/lib/j3dutils.jar:/home/travis/build/icyphy/ptII/vendors/j3d/lib/vecmath.jar:/home/travis/build/icyphy/ptII/ptolemy/distributed/jini/jar/jini-core.jar:/home/travis/build/icyphy/ptII/ptolemy/distributed/jini/jar/jini-ext.jar:/home/travis/build/icyphy/ptII/ptolemy/distributed/jini/jar/sun-util.jar:/home/travis/build/icyphy/ptII/lib/protobuf-java-2.4.1.jar:/home/travis/build/icyphy/ptII/lib/org.eclipse.paho.client.mqttv3.jar:/home/travis/build/icyphy/ptII/lib/mapss.jar:/home/travis/build/icyphy/ptII/ptolemy/actor/ptalon/antlr/antlr.jar:/home/travis/build/icyphy/ptII/lib/JRI.jar:/home/travis/build/icyphy/ptII/lib/commons-lang-2.6.jar:/home/travis/build/icyphy/ptII/lib/commons-logging-1.1.1.jar:/home/travis/build/icyphy/ptII/lib/sootclasses.jar:/home/travis/build/icyphy/ptII/ptolemy/actor/lib/database/mysql-connector-java-5.1.6-bin.jar:/home/travis/build/icyphy/ptII/vendors/misc/sphinx4/sphinx4-data-5prealpha.jar:/home/travis/build/icyphy/ptII/vendors/misc/sphinx4/sphinx4-core-5prealpha.jar:/home/travis/build/icyphy/ptII/lib/PDFRenderer.jar:/home/travis/build/icyphy/ptII/lib/svgSalamander.jar:/home/travis/build/icyphy/ptII/lib/rsyntaxtextarea-2.6.0-SNAPSHOT.jar:/home/travis/build/icyphy/ptII/lib/hazelcast-3.8.2.jar:/home/travis/build/icyphy/ptII/lib/jackson-annotations-2.9.0.jar:/home/travis/build/icyphy/ptII/lib/jackson-core-2.9.3.jar:/home/travis/build/icyphy/ptII/lib/jackson-databind-2.9.3.jar:/home/travis/build/icyphy/ptII/lib/netty-buffer-4.1.19.Final.jar:/home/travis/build/icyphy/ptII/lib/netty-codec-4.1.19.Final.jar:/home/travis/build/icyphy/ptII/lib/netty-codec-dns-4.1.19.Final.jar:/home/travis/build/icyphy/ptII/lib/netty-codec-http-4.1.19.Final.jar:/home/travis/build/icyphy/ptII/lib/netty-codec-http2-4.1.19.Final.jar:/home/travis/build/icyphy/ptII/lib/netty-common-4.1.19.Final.jar:/home/travis/build/icyphy/ptII/lib/netty-handler-4.1.19.Final.jar:/home/travis/build/icyphy/ptII/lib/netty-resolver-4.1.19.Final.jar:/home/travis/build/icyphy/ptII/lib/netty-resolver-dns-4.1.19.Final.jar:/home/travis/build/icyphy/ptII/lib/netty-transport-4.1.19.Final.jar:/home/travis/build/icyphy/ptII/lib/vertx-codegen-3.5.1.jar:/home/travis/build/icyphy/ptII/lib/vertx-core-3.5.2-SNAPSHOT.jar:/home/travis/build/icyphy/ptII/lib/vertx-hazelcast-3.5.1.jar:/home/travis/build/icyphy/ptII/lib/vertx-lang-js-3.5.1.jar:/home/travis/build/icyphy/ptII/lib/vertx-service-proxy-3.5.1.jar:/home/travis/build/icyphy/ptII/lib/vertx-web-3.5.1.jar:/home/travis/build/icyphy/ptII/lib/slf4j-api-1.7.13.jar:/home/travis/build/icyphy/ptII/lib/slf4j-simple-1.7.13.jar:/home/travis/build/icyphy/ptII/lib/webcam-capture-0.3.12.jar:/home/travis/build/icyphy/ptII/lib/bridj-0.7.0.jar:/home/travis/build/icyphy/ptII/lib/xbjlib-1.1.0.nrjavaserial.jar" />
    <property name="timeout" value="2400000" />
    <property name="test.batch" value="**/junit/*.java" />
    <property name="env._" value="/usr/bin/timeout" />
    <property name="java.io.tmpdir" value="/tmp" />
    <property name="user.language" value="en" />
    <property name="env.TRAVIS_INTERNAL_RUBY_REGEX" value="^ruby-(2\.[0-4]\.[0-9]|1\.9\.3)" />
    <property name="env.HISTCONTROL" value="ignoredups:ignorespace" />
    <property name="env.GOROOT" value="/home/travis/.gimme/versions/go1.11.1.linux.amd64" />
    <property name="line.separator" value="&#xa;" />
    <property name="target" value="11" />
    <property name="env.TRAVIS_BUILD_DIR" value="/home/travis/build/icyphy/ptII" />
    <property name="env.ANT_OPTS" value="-Xmx2048m" />
    <property name="ant.file.type" value="file" />
    <property name="ptolemy.ptII.batchMode" value="true" />
    <property name="env.HISTSIZE" value="1000" />
    <property name="env.MERB_ENV" value="test" />
    <property name="java.vm.info" value="mixed mode" />
    <property name="source" value="11" />
    <property name="java.vm.specification.name" value="Java Virtual Machine Specification" />
    <property name="env.TRAVIS_TEST_RESULT" value="0" />
    <property name="jsdoc.command" value="node_modules/@terraswarm/jsdoc/jsdoc.js" />
    <property name="npm.works" value="true" />
    <property name="cobertura.dir" value="/home/travis/build/icyphy/ptII/vendors/cobertura-2.0.3" />
    <property name="env.rvm_path" value="/home/travis/.rvm" />
    <property name="env.GEM_PATH" value="/home/travis/.rvm/gems/ruby-2.5.3:/home/travis/.rvm/gems/ruby-2.5.3@global" />
    <property name="env.LC_CTYPE" value="en_US.UTF-8" />
    <property name="env.TRAVIS_CMD" value="$PTII/bin/ptIITravisBuild.sh $SECONDS" />
    <property name="java.awt.printerjob" value="sun.print.PSPrinterJob" />
    <property name="env.TRAVIS_STACK_NAME" value="sardonyx" />
    <property name="env.TRAVIS_TIMER_START_TIME" value="1562388022946564220" />
    <property name="ant.version" value="Apache Ant(TM) version 1.10.1 compiled on February 2 2017" />
    <property name="ptII.reports" value="/home/travis/build/icyphy/ptII/reports" />
    <property name="env.TRAVIS_STACK_TIMESTAMP" value="2019-03-25 16:16:56 UTC" />
    <property name="ant.file.type.ptII" value="file" />
    <property name="env.RBENV_SHELL" value="bash" />
    <property name="os.name" value="Linux" />
    <property name="java.specification.vendor" value="Oracle Corporation" />
    <property name="env.rvm_version" value="1.29.7 (latest)" />
    <property name="env.TRAVIS_INFRA" value="gce" />
    <property name="env.TERM" value="xterm" />
    <property name="java.vm.name" value="OpenJDK 64-Bit Server VM" />
    <property name="env.TRAVIS_BUILD_NUMBER" value="1195" />
    <property name="env.CI" value="true" />
    <property name="java.library.path" value="/home/travis/pthla/certi-tools/lib:/usr/lib/jni:/usr/local/share/OpenCV/java/:/usr/share/OpenCV/java::/usr/java/packages/lib:/usr/lib64:/lib64:/lib:/usr/lib" />
    <property name="env.rvm_prefix" value="/home/travis" />
    <property name="env.PATH" value="/home/travis/pthla/certi-tools/share/scripts:/home/travis/.rvm/gems/ruby-2.5.3/bin:/home/travis/.rvm/gems/ruby-2.5.3@global/bin:/home/travis/.rvm/rubies/ruby-2.5.3/bin:/home/travis/.rvm/bin:/home/travis/.nvm/versions/node/v7.10.1/bin:./node_modules/.bin:/home/travis/build/icyphy/ptII/bin:/home/travis/pthla/certi-tools/bin:/home/travis/bin:/home/travis/.local/bin:/usr/local/lib/jvm/openjdk11/bin:/opt/pyenv/shims:/home/travis/.phpenv/shims:/home/travis/perl5/perlbrew/bin:/home/travis/gopath/bin:/home/travis/.gimme/versions/go1.11.1.linux.amd64/bin:/usr/local/maven-3.6.0/bin:/usr/local/cmake-3.12.4/bin:/usr/local/clang-7.0.0/bin:/usr/local/sbin:/usr/local/bin:/usr/sbin:/usr/bin:/sbin:/bin:/snap/bin:/home/travis/.phpenv/bin:/opt/pyenv/bin:/home/travis/.yarn/bin" />
    <property name="env.TRAVIS_OS_NAME" value="linux" />
    <property name="ant.java.version" value="9" />
    <property name="basedir" value="/home/travis/build/icyphy/ptII" />
    <property name="java.class.version" value="55.0" />
    <property name="env.SHLVL" value="3" />
    <property name="env.LD_LIBRARY_PATH" value="/home/travis/pthla/certi-tools/lib:/usr/lib/jni:/usr/local/share/OpenCV/java/:/usr/share/OpenCV/java:" />
    <property name="env.RACK_ENV" value="test" />
    <property name="ant.home" value="/home/travis/build/icyphy/ptII/ant" />
    <property name="env.NVM_DIR" value="/home/travis/.nvm" />
    <property name="env.CERTI_FOM_PATH" value="/home/travis/pthla/certi-tools/share/federations" />
    <property name="env.TRAVIS_BUILD_ID" value="554925123" />
    <property name="env.PYENV_ROOT" value="/opt/pyenv" />
    <property name="env.TRAVIS_UID" value="2000" />
    <property name="env.NVM_BIN" value="/home/travis/.nvm/versions/node/v7.10.1/bin" />
    <property name="env.TRAVIS_COMMIT" value="bbbff3adea58fb0643306c381462affccc328551" />
    <property name="env._system_arch" value="x86_64" />
    <property name="node.executable" value="node" />
    <property name="sun.boot.library.path" value="/usr/local/lib/jvm/openjdk11/lib" />
    <property name="sun.management.compiler" value="HotSpot 64-Bit Tiered Compilers" />
    <property name="java.awt.graphicsenv" value="sun.awt.X11GraphicsEnvironment" />
    <property name="env.GOPATH" value="/home/travis/gopath" />
    <property name="ptolemy.ptII.dir" value="/home/travis/build/icyphy/ptII" />
    <property name="env.USER" value="travis" />
    <property name="env.HISTFILESIZE" value="2000" />
    <property name="timeout.longest" value="19000000" />
    <property name="env.PERLBREW_SHELLRC_VERSION" value="0.86" />
    <property name="env.TRAVIS_STACK_FEATURES" value="basic couchdb disabled-ipv6 docker docker-compose elasticsearch firefox go-toolchain google-chrome jdk memcached mongodb mysql nodejs_interpreter perl_interpreter perlbrew phantomjs postgresql python_interpreter redis ruby_interpreter sqlite xserver" />
    <property name="env.TRAVIS_PULL_REQUEST" value="false" />
    <property name="env.PYENV_SHELL" value="bash" />
    <property name="ant.project.name" value="ptII" />
    <property name="env.ANSI_RESET" value="\033[0m" />
    <property name="java.vm.specification.version" value="11" />
    <property name="env.TRAVIS_DIST" value="xenial" />
    <property name="env.CERTI_VERSION" value="4.0.0" />
    <property name="env.CERTI_HOST" value="localhost" />
    <property name="awt.toolkit" value="sun.awt.X11.XToolkit" />
    <property name="env.MY_RUBY_HOME" value="/home/travis/.rvm/rubies/ruby-2.5.3" />
    <property name="sun.cpu.isalist" value="" />
    <property name="env.TRAVIS_TMPDIR" value="/tmp/tmp.EQpsYN3mUi" />
    <property name="java.vm.compressedOopsMode" value="Zero based" />
    <property name="os.version" value="4.15.0-1028-gcp" />
    <property name="user.home" value="/home/travis" />
    <property name="java.vm.vendor" value="Oracle Corporation" />
    <property name="env.TRAVIS_TAG" value="nightly" />
    <property name="env.ANSI_YELLOW" value="\033[33;1m" />
    <property name="env.TRAVIS_FILTERED" value="redirect_io" />
    <property name="env.ANSI_GREEN" value="\033[32;1m" />
    <property name="env.JAVA_HOME" value="/usr/local/lib/jvm/openjdk11" />
    <property name="javadoc.excludepackagenames" value="adm.cvs2svn.*,build.*,config.*,doc.coding.templates.*,jni.test.jni.meaningOfLife.*,jni.test.jni.testDeux.*,jni.test.jni.testTrois.*,org.terraswarm.accessor.accessors.web.node_modules.*,org.terraswarm.accessor.accessors.web.hosts.cordova.demo.*,org.terraswarm.accessor.accessors.web.hosts.cordova.plugins.*,org.terraswarm.accessor.accessors-svn.*,pt-modules.*,ptolemy.apps.agilent.*,ptolemy.apps.anytimecontrol.*,ptolemy.apps.apes.*,ptolemy.apps.charon.*,ptolemy.apps.crazyboard.*,ptolemy.apps.eclipse.*,ptolemy.apps.etherealSting.*,ptolemy.apps.fullscreen.*,ptolemy.apps.giotto.*,ptolemy.apps.ia.*,ptolemy.apps.interfaces.*,ptolemy.apps.jmf.*,ptolemy.apps.kurt.*,ptolemy.apps.kvm.*,ptolemy.apps.lego.*,ptolemy.apps.lejos.*,ptolemy.apps.midp.*,ptolemy.apps.mobileCoding.*,ptolemy.apps.pendulum.*,ptolemy.apps.rijndael.*,ptolemy.apps.robot.*,ptolemy.apps.security.*,ptolemy.apps.sobel.*,ptolemy.apps.soot.*,ptolemy.apps.throttle.*,ptolemy.apps.tini.*,ptolemy.apps.transmission.*,ptolemy.apps.vergil.*,ptolemy.apps.waba.*,ptolemy.apps.websensor.*,ptolemy.apps.webstart.*,ptolemy.apps.xsl.*,ptolemy.apps.zaurus.*,ptolemy.codegen.c.actor.lib.oldJavaFiles.*,ptolemy.codegen.dsp.lib.*,ptolemy.codegen.kernel.newInterfaces.*,ptolemy.codegen.lib.*,ptolemy.copernicus.kernel.fragment.*,ptolemy.copernicus.shallow.cg.*,ptolemy.domains.giotto.demo.Hierarchy.Hierarchy.*,ptolemy.domains.giotto.demo.Multimode.Multimode.*,ptolemy.domains.giotto.demo.Simple.Simple.*,ptolemy.domains.gr.lib.experimental.*,ptolemy.domains.gro.*,ptolemy.domains.pdf.*,ptolemy.domains.ptinyos.demo.Surge.output.*,ptolemy.moml.test.NoPackageActor.java*,ptolemy.plot.adm.*,ptolemy.plot.servlet.*,reports.*,signed.*,src.*,target.*,vendors.*,ptolemy.copernicus.applet.*,ptolemy.media.viewer.*,ptolemy.actor.corba.*,doc.doclets.*,ptolemy.apps.eclipse.awt.*,ptolemy.backtrack.*,ptolemy.backtrack.ast.*,ptolemy.cg.adapter.generic.program.procedural.c.mbed*,ptolemy.homer.*,ptolemy.actor.lib.jjs.modules.audio.*,org.ptolemy.scala.*,diva.util.java2d.svg.*,ptolemy.domains.ptinyos.*,ptolemy.actor.lib.fmi.fmipp.*,,org.terraswarm.accessor.accessors.web.node_modules.*,org.terraswarm.accessor.accessors-svn,ptolemy.apps.*,ptolemy.actor.ptalon.demo.ptinyos.SendAndReceiveCnt.output,ptolemy.actor.ptalon.demo.ptinyos.SenseToLeds.output,ptolemy.domains.ptinyos.demo.CntToLedsAndRfm.output,ptolemy.domains.ptinyos.demo.RfmToLeds.output,ptolemy.domains.ptinyos.demo.SendAndReceiveCnt.output,ptolemy.domains.ptinyos.demo.SenseToLeds.output,ptolemy.actor.lib.jjs.modules.udpSocket.*" />
    <property name="env.PTII" value="/home/travis/build/icyphy/ptII" />
    <property name="env.XDG_SESSION_ID" value="2" />
    <property name="keystore" value="ptKeystore" />
    <property name="env.TRAVIS_COMMIT_MESSAGE" value="Attempt to force xenial distribution, hoping this will make xvfb work." />
    <property name="junit.output.dir" value="/home/travis/build/icyphy/ptII/reports/junit" />
    <property name="npm.return.code" value="0" />
    <property name="user.dir" value="/home/travis/build/icyphy/ptII/ptolemy/actor/lib/test" />
    <property name="env.TRAVIS_NODE_VERSION" value="7" />
    <property name="env.TRAVIS_EVENT_TYPE" value="cron" />
    <property name="env.MAIL" value="/var/mail/travis" />
    <property name="env.PERLBREW_ROOT" value="/home/travis/perl5/perlbrew" />
    <property name="env.PWD" value="/home/travis/build/icyphy/ptII" />
    <property name="timeout.npm" value="45000" />
    <property name="env.TRAVIS_ARCH" value="amd64" />
    <property name="sun.cpu.endian" value="little" />
    <property name="env.PAGER" value="cat" />
    <property name="env.TRAVIS_BUILD_STAGE_NAME" value="Test" />
    <property name="env.PERLBREW_HOME" value="/home/travis/.perlbrew" />
    <property name="java.vm.version" value="11.0.2+9" />
    <property name="env.RAILS_ENV" value="test" />
    <property name="java.class.path" value="/home/travis/.ptolemyII:/home/travis/.ptolemyII/*:/home/travis/build/icyphy/ptII:/home/travis/build/icyphy/ptII/lib/bsh-2.0b4.jar:/home/travis/build/icyphy/ptII/lib/ptCal.jar:/home/travis/build/icyphy/ptII/lib/java_cup.jar:/home/travis/build/icyphy/ptII/lib/saxon8.jar:/home/travis/build/icyphy/ptII/lib/saxon8-dom.jar:/home/travis/build/icyphy/ptII/lib/chic.jar:/home/travis/build/icyphy/ptII/lib/ptcolt.jar:/home/travis/build/icyphy/ptII/vendors/misc/itext/iText.jar:/home/travis/build/icyphy/ptII/lib/g4ltl.jar:/home/travis/build/icyphy/ptII/lib/StructuralCoder.jar:/home/travis/build/icyphy/ptII/vendors/jai-1_1_2_01/lib/jai_core.jar:/home/travis/build/icyphy/ptII/vendors/jai-1_1_2_01/lib/jai_codec.jar:/home/travis/build/icyphy/ptII/lib/jcerti.jar:/home/travis/build/icyphy/ptII/lib/javax.mail.jar:/home/travis/build/icyphy/ptII/vendors/JMF-2.1.1e/lib/jmf.jar:/home/travis/build/icyphy/ptII/lib/jna-4.0.0-variadic.jar:/home/travis/build/icyphy/ptII/vendors/misc/joystick/Joystick.jar:/home/travis/build/icyphy/ptII/lib/ptjacl.jar:/home/travis/build/icyphy/ptII/lib/jsoup-1.8.2.jar:/home/travis/build/icyphy/ptII/lib/junit-4.8.2.jar:/home/travis/build/icyphy/ptII/lib/JUnitParams-0.4.0.jar:/home/travis/build/icyphy/ptII/ptolemy/actor/lib/excel/jxl.jar:/home/travis/build/icyphy/ptII/lib/jython.jar:/home/travis/build/icyphy/ptII/lib/kieler.jar:/home/travis/build/icyphy/ptII/vendors/opencv/share/OpenCV/java/opencv-341.jar:/home/travis/build/icyphy/ptII/lib/oscP5.jar:/home/travis/build/icyphy/ptII/lib/nrjavaserial-3.11.0.devel.jar:/home/travis/build/icyphy/ptII/vendors/j3d/lib/j3dcore.jar:/home/travis/build/icyphy/ptII/vendors/j3d/lib/j3dutils.jar:/home/travis/build/icyphy/ptII/vendors/j3d/lib/vecmath.jar:/home/travis/build/icyphy/ptII/ptolemy/distributed/jini/jar/jini-core.jar:/home/travis/build/icyphy/ptII/ptolemy/distributed/jini/jar/jini-ext.jar:/home/travis/build/icyphy/ptII/ptolemy/distributed/jini/jar/sun-util.jar:/home/travis/build/icyphy/ptII/lib/protobuf-java-2.4.1.jar:/home/travis/build/icyphy/ptII/lib/org.eclipse.paho.client.mqttv3.jar:/home/travis/build/icyphy/ptII/lib/mapss.jar:/home/travis/build/icyphy/ptII/ptolemy/actor/ptalon/antlr/antlr.jar:/home/travis/build/icyphy/ptII/lib/JRI.jar:/home/travis/build/icyphy/ptII/lib/commons-lang-2.6.jar:/home/travis/build/icyphy/ptII/lib/commons-logging-1.1.1.jar:/home/travis/build/icyphy/ptII/lib/sootclasses.jar:/home/travis/build/icyphy/ptII/ptolemy/actor/lib/database/mysql-connector-java-5.1.6-bin.jar:/home/travis/build/icyphy/ptII/vendors/misc/sphinx4/sphinx4-data-5prealpha.jar:/home/travis/build/icyphy/ptII/vendors/misc/sphinx4/sphinx4-core-5prealpha.jar:/home/travis/build/icyphy/ptII/lib/PDFRenderer.jar:/home/travis/build/icyphy/ptII/lib/svgSalamander.jar:/home/travis/build/icyphy/ptII/lib/rsyntaxtextarea-2.6.0-SNAPSHOT.jar:/home/travis/build/icyphy/ptII/lib/hazelcast-3.8.2.jar:/home/travis/build/icyphy/ptII/lib/jackson-annotations-2.9.0.jar:/home/travis/build/icyphy/ptII/lib/jackson-core-2.9.3.jar:/home/travis/build/icyphy/ptII/lib/jackson-databind-2.9.3.jar:/home/travis/build/icyphy/ptII/lib/netty-buffer-4.1.19.Final.jar:/home/travis/build/icyphy/ptII/lib/netty-codec-4.1.19.Final.jar:/home/travis/build/icyphy/ptII/lib/netty-codec-dns-4.1.19.Final.jar:/home/travis/build/icyphy/ptII/lib/netty-codec-http-4.1.19.Final.jar:/home/travis/build/icyphy/ptII/lib/netty-codec-http2-4.1.19.Final.jar:/home/travis/build/icyphy/ptII/lib/netty-common-4.1.19.Final.jar:/home/travis/build/icyphy/ptII/lib/netty-handler-4.1.19.Final.jar:/home/travis/build/icyphy/ptII/lib/netty-resolver-4.1.19.Final.jar:/home/travis/build/icyphy/ptII/lib/netty-resolver-dns-4.1.19.Final.jar:/home/travis/build/icyphy/ptII/lib/netty-transport-4.1.19.Final.jar:/home/travis/build/icyphy/ptII/lib/vertx-codegen-3.5.1.jar:/home/travis/build/icyphy/ptII/lib/vertx-core-3.5.2-SNAPSHOT.jar:/home/travis/build/icyphy/ptII/lib/vertx-hazelcast-3.5.1.jar:/home/travis/build/icyphy/ptII/lib/vertx-lang-js-3.5.1.jar:/home/travis/build/icyphy/ptII/lib/vertx-service-proxy-3.5.1.jar:/home/travis/build/icyphy/ptII/lib/vertx-web-3.5.1.jar:/home/travis/build/icyphy/ptII/lib/slf4j-api-1.7.13.jar:/home/travis/build/icyphy/ptII/lib/slf4j-simple-1.7.13.jar:/home/travis/build/icyphy/ptII/lib/webcam-capture-0.3.12.jar:/home/travis/build/icyphy/ptII/lib/bridj-0.7.0.jar:/home/travis/build/icyphy/ptII/lib/xbjlib-1.1.0.nrjavaserial.jar:/home/travis/build/icyphy/ptII/ptolemy/moml/test:/home/travis/build/icyphy/ptII/ant/lib/ant-launcher.jar:/home/travis/build/icyphy/ptII/ant/lib/ant.jar:/home/travis/build/icyphy/ptII/ant/lib/ant-junit.jar:/home/travis/build/icyphy/ptII/ant/lib/ant-junit4.jar" />
    <property name="ant.library.dir" value="/home/travis/build/icyphy/ptII/ant/lib" />
    <property name="os.arch" value="amd64" />
    <property name="env.CONTINUOUS_INTEGRATION" value="true" />
    <property name="env.TRAVIS_LANGUAGE" value="node_js" />
    <property name="env.TRAVIS_STACK_LANGUAGES" value="__sardonyx__ c c++ clojure cplusplus cpp default generic go groovy java node_js php pure_java python ruby scala" />
    <property name="test.name" value="ptolemy.actor.lib.test.junit.JUnitTclTest" />
    <property name="env.APT_KEY_DONT_WARN_ON_DANGEROUS_USAGE" value="1" />
    <property name="sun.java.launcher" value="SUN_STANDARD" />
    <property name="env.PYTHON_CONFIGURE_OPTS" value="--enable-unicode=ucs4 --with-wide-unicode --enable-shared --enable-ipv6 --enable-loadable-sqlite-extensions --with-computed-gotos" />
    <property name="ant.core.lib" value="/home/travis/build/icyphy/ptII/ant/lib/ant.jar" />
    <property name="java.vm.specification.vendor" value="Oracle Corporation" />
    <property name="env.BCVTB_HOME" value="/home/travis/build/icyphy/ptII/lbnl" />
    <property name="file.separator" value="/" />
    <property name="spotbugs.home" value="/home/travis/build/icyphy/ptII/vendors/spotbugs-3.1.1" />
    <property name="java.runtime.version" value="11.0.2+9" />
    <property name="env.ANSI_CLEAR" value="\033[0K" />
    <property name="env.HAS_JOSH_K_SEAL_OF_APPROVAL" value="true" />
    <property name="env.XDG_RUNTIME_DIR" value="/run/user/2000" />
    <property name="env.TRAVIS_OSX_IMAGE" value="" />
    <property name="env.TRAVIS_JOB_ID" value="554925131" />
    <property name="env.TRAVIS_BRANCH" value="master" />
    <property name="user.country" value="US" />
    <property name="env.CERTI_HOME_TRAVIS" value="/home/travis/pthla/certi-tools" />
    <property name="env.SHELL" value="/bin/bash" />
    <property name="java.maxmemory.large" value="5000m" />
    <property name="model" value="" />
    <property name="env.CASHER_DIR" value="/home/travis/.casher" />
    <property name="env.NVM_CD_FLAGS" value="" />
    <property name="java.vendor.version" value="18.9" />
    <property name="jshint.executable" value="/home/travis/node_modules/jshint/bin/jshint" />
    <property name="env.JRUBY_OPTS" value=" --client -J-XX:+TieredCompilation -J-XX:TieredStopAtLevel=1 -J-Xss2m -Xcompile.invokedynamic=false" />
    <property name="java.vendor" value="Oracle Corporation" />
    <property name="env.TRAVIS_PRE_CHEF_BOOTSTRAP_TIME" value="2019-03-25T16:16:42" />
    <property name="env.TRAVIS_STACK_JOB_BOARD_REGISTER" value="/.job-board-register.yml" />
    <property name="env.ANSI_RED" value="\033[31;1m" />
    <property name="java.specification.version" value="11" />
    <property name="env.IRBRC" value="/home/travis/.rvm/rubies/ruby-2.5.3/.irbrc" />
    <property name="env.TRAVIS" value="true" />
    <property name="sun.arch.data.model" value="64" />
  </properties>
  <testcase classname="ptolemy.util.test.junit.TclTests" name="[0] /home/travis/build/icyphy/ptII/ptolemy/actor/lib/test/AbsoluteValue.tcl (RunTclFile)" time="0.586" />
  <testcase classname="ptolemy.util.test.junit.TclTests" name="[1] /home/travis/build/icyphy/ptII/ptolemy/actor/lib/test/AddSubtract.tcl (RunTclFile)" time="0.187" />
  <testcase classname="ptolemy.util.test.junit.TclTests" name="[2] /home/travis/build/icyphy/ptII/ptolemy/actor/lib/test/Average.tcl (RunTclFile)" time="0.055" />
  <testcase classname="ptolemy.util.test.junit.TclTests" name="[3] /home/travis/build/icyphy/ptII/ptolemy/actor/lib/test/Bernoulli.tcl (RunTclFile)" time="0.05" />
  <testcase classname="ptolemy.util.test.junit.TclTests" name="[4] /home/travis/build/icyphy/ptII/ptolemy/actor/lib/test/Clock.tcl (RunTclFile)" time="0.065" />
  <testcase classname="ptolemy.util.test.junit.TclTests" name="[5] /home/travis/build/icyphy/ptII/ptolemy/actor/lib/test/Commutator.tcl (RunTclFile)" time="0.198">
    <failure message="Number of failed tests is has increased. expected:&lt;0&gt; but was:&lt;1&gt;" type="junit.framework.AssertionFailedError">junit.framework.AssertionFailedError: Number of failed tests is has increased. expected:&lt;0&gt; but was:&lt;1&gt;
	at ptolemy.util.test.junit.TclTests.RunTclFile(TclTests.java:286)
	at java.base/jdk.internal.reflect.NativeMethodAccessorImpl.invoke0(Native Method)
	at java.base/jdk.internal.reflect.NativeMethodAccessorImpl.invoke(NativeMethodAccessorImpl.java:62)
	at java.base/jdk.internal.reflect.DelegatingMethodAccessorImpl.invoke(DelegatingMethodAccessorImpl.java:43)
	at junitparams.internal.InvokeParameterisedMethod.evaluate(InvokeParameterisedMethod.java:102)
	at junitparams.internal.ParameterisedTestMethodRunner.runMethodInvoker(ParameterisedTestMethodRunner.java:47)
	at junitparams.internal.ParameterisedTestMethodRunner.runTestMethod(ParameterisedTestMethodRunner.java:41)
	at junitparams.internal.ParameterisedTestClassRunner.runParameterisedTest(ParameterisedTestClassRunner.java:143)
	at junitparams.JUnitParamsRunner.runChild(JUnitParamsRunner.java:237)
	at junitparams.JUnitParamsRunner.runChild(JUnitParamsRunner.java:215)
</failure>
  </testcase>
  <testcase classname="ptolemy.util.test.junit.TclTests" name="[6] /home/travis/build/icyphy/ptII/ptolemy/actor/lib/test/Const.tcl (RunTclFile)" time="0.166" />
  <testcase classname="ptolemy.util.test.junit.TclTests" name="[7] /home/travis/build/icyphy/ptII/ptolemy/actor/lib/test/CurrentTime.tcl (RunTclFile)" time="0.033" />
  <testcase classname="ptolemy.util.test.junit.TclTests" name="[8] /home/travis/build/icyphy/ptII/ptolemy/actor/lib/test/DB.tcl (RunTclFile)" time="0.026" />
  <testcase classname="ptolemy.util.test.junit.TclTests" name="[9] /home/travis/build/icyphy/ptII/ptolemy/actor/lib/test/DiscreteRandomSource.tcl (RunTclFile)" time="0.027" />
  <testcase classname="ptolemy.util.test.junit.TclTests" name="[10] /home/travis/build/icyphy/ptII/ptolemy/actor/lib/test/Distributor.tcl (RunTclFile)" time="0.078" />
  <testcase classname="ptolemy.util.test.junit.TclTests" name="[11] /home/travis/build/icyphy/ptII/ptolemy/actor/lib/test/Exit.tcl (RunTclFile)" time="0.093" />
  <testcase classname="ptolemy.util.test.junit.TclTests" name="[12] /home/travis/build/icyphy/ptII/ptolemy/actor/lib/test/Expression.tcl (RunTclFile)" time="0.15" />
  <testcase classname="ptolemy.util.test.junit.TclTests" name="[13] /home/travis/build/icyphy/ptII/ptolemy/actor/lib/test/Gaussian.tcl (RunTclFile)" time="0.615" />
  <testcase classname="ptolemy.util.test.junit.TclTests" name="[14] /home/travis/build/icyphy/ptII/ptolemy/actor/lib/test/IIR.tcl (RunTclFile)" time="0.039" />
  <testcase classname="ptolemy.util.test.junit.TclTests" name="[15] /home/travis/build/icyphy/ptII/ptolemy/actor/lib/test/Interpolator.tcl (RunTclFile)" time="0.119" />
  <testcase classname="ptolemy.util.test.junit.TclTests" name="[16] /home/travis/build/icyphy/ptII/ptolemy/actor/lib/test/MathFunction.tcl (RunTclFile)" time="0.084" />
  <testcase classname="ptolemy.util.test.junit.TclTests" name="[17] /home/travis/build/icyphy/ptII/ptolemy/actor/lib/test/Maximum.tcl (RunTclFile)" time="0.067" />
  <testcase classname="ptolemy.util.test.junit.TclTests" name="[18] /home/travis/build/icyphy/ptII/ptolemy/actor/lib/test/Minimum.tcl (RunTclFile)" time="0.032" />
  <testcase classname="ptolemy.util.test.junit.TclTests" name="[19] /home/travis/build/icyphy/ptII/ptolemy/actor/lib/test/MultiplyDivide.tcl (RunTclFile)" time="0.047" />
  <testcase classname="ptolemy.util.test.junit.TclTests" name="[20] /home/travis/build/icyphy/ptII/ptolemy/actor/lib/test/OrderedMerge.tcl (RunTclFile)" time="0.134" />
  <testcase classname="ptolemy.util.test.junit.TclTests" name="[21] /home/travis/build/icyphy/ptII/ptolemy/actor/lib/test/Publisher.tcl (RunTclFile)" time="1.024" />
  <testcase classname="ptolemy.util.test.junit.TclTests" name="[22] /home/travis/build/icyphy/ptII/ptolemy/actor/lib/test/Pulse.tcl (RunTclFile)" time="0.069" />
  <testcase classname="ptolemy.util.test.junit.TclTests" name="[23] /home/travis/build/icyphy/ptII/ptolemy/actor/lib/test/Ramp.tcl (RunTclFile)" time="2.095" />
  <testcase classname="ptolemy.util.test.junit.TclTests" name="[24] /home/travis/build/icyphy/ptII/ptolemy/actor/lib/test/RampContinuous.tcl (RunTclFile)" time="0.018" />
  <testcase classname="ptolemy.util.test.junit.TclTests" name="[25] /home/travis/build/icyphy/ptII/ptolemy/actor/lib/test/RecordAssembler.tcl (RunTclFile)" time="0.015" />
  <testcase classname="ptolemy.util.test.junit.TclTests" name="[26] /home/travis/build/icyphy/ptII/ptolemy/actor/lib/test/RecordDisassembler.tcl (RunTclFile)" time="0.019" />
  <testcase classname="ptolemy.util.test.junit.TclTests" name="[27] /home/travis/build/icyphy/ptII/ptolemy/actor/lib/test/Scale.tcl (RunTclFile)" time="0.016" />
  <testcase classname="ptolemy.util.test.junit.TclTests" name="[28] /home/travis/build/icyphy/ptII/ptolemy/actor/lib/test/SequentialClock.tcl (RunTclFile)" time="0.012" />
  <testcase classname="ptolemy.util.test.junit.TclTests" name="[29] /home/travis/build/icyphy/ptII/ptolemy/actor/lib/test/SetVariable.tcl (RunTclFile)" time="0.017">
    <failure message="Number of failed tests is has increased. expected:&lt;1&gt; but was:&lt;2&gt;" type="junit.framework.AssertionFailedError">junit.framework.AssertionFailedError: Number of failed tests is has increased. expected:&lt;1&gt; but was:&lt;2&gt;
	at ptolemy.util.test.junit.TclTests.RunTclFile(TclTests.java:286)
	at jdk.internal.reflect.GeneratedMethodAccessor19.invoke(Unknown Source)
	at java.base/jdk.internal.reflect.DelegatingMethodAccessorImpl.invoke(DelegatingMethodAccessorImpl.java:43)
	at junitparams.internal.InvokeParameterisedMethod.evaluate(InvokeParameterisedMethod.java:102)
	at junitparams.internal.ParameterisedTestMethodRunner.runMethodInvoker(ParameterisedTestMethodRunner.java:47)
	at junitparams.internal.ParameterisedTestMethodRunner.runTestMethod(ParameterisedTestMethodRunner.java:41)
	at junitparams.internal.ParameterisedTestClassRunner.runParameterisedTest(ParameterisedTestClassRunner.java:143)
	at junitparams.JUnitParamsRunner.runChild(JUnitParamsRunner.java:237)
	at junitparams.JUnitParamsRunner.runChild(JUnitParamsRunner.java:215)
</failure>
  </testcase>
  <testcase classname="ptolemy.util.test.junit.TclTests" name="[30] /home/travis/build/icyphy/ptII/ptolemy/actor/lib/test/Sinewave.tcl (RunTclFile)" time="0.027" />
  <testcase classname="ptolemy.util.test.junit.TclTests" name="[31] /home/travis/build/icyphy/ptII/ptolemy/actor/lib/test/SubscriptionAggregator.tcl (RunTclFile)" time="2.324" />
  <testcase classname="ptolemy.util.test.junit.TclTests" name="[32] /home/travis/build/icyphy/ptII/ptolemy/actor/lib/test/Test.tcl (RunTclFile)" time="0.143" />
  <testcase classname="ptolemy.util.test.junit.TclTests" name="[33] /home/travis/build/icyphy/ptII/ptolemy/actor/lib/test/TestExceptionHandler.tcl (RunTclFile)" time="0.013" />
  <testcase classname="ptolemy.util.test.junit.TclTests" name="[34] /home/travis/build/icyphy/ptII/ptolemy/actor/lib/test/UnionDisassembler.tcl (RunTclFile)" time="0.079" />
  <testcase classname="ptolemy.util.test.junit.TclTests" name="[35] /home/travis/build/icyphy/ptII/ptolemy/actor/lib/test/VariableClock.tcl (RunTclFile)" time="0.029" />
  <testcase classname="ptolemy.util.test.junit.AutoKnownFailedTests" name="[0] /home/travis/build/icyphy/ptII/ptolemy/actor/lib/test/auto/knownFailedTests/PublisherPortToplevelSubscriber.xml (RunModel)" time="0.033" />
  <testcase classname="ptolemy.util.test.junit.AutoKnownFailedTests" name="[1] /home/travis/build/icyphy/ptII/ptolemy/actor/lib/test/auto/knownFailedTests/PublisherSubscriberPortToplevel.xml (RunModel)" time="0.019" />
  <testcase classname="ptolemy.util.test.junit.AutoKnownFailedTests" name="[2] /home/travis/build/icyphy/ptII/ptolemy/actor/lib/test/auto/knownFailedTests/PublisherSubscriptionAggregatorPort.xml (RunModel)" time="0.021" />
  <testcase classname="ptolemy.util.test.junit.AutoKnownFailedTests" name="[3] /home/travis/build/icyphy/ptII/ptolemy/actor/lib/test/auto/knownFailedTests/sizedarray3.xml (RunModel)" time="0.031" />
  <testcase classname="ptolemy.util.test.junit.AutoNameArchTests" name="[0] ThereAreNoAutoArchTests (RunModel)" time="0.005" />
  <testcase classname="ptolemy.util.test.junit.AutoTests" name="[0] /home/travis/build/icyphy/ptII/ptolemy/actor/lib/test/auto/AbsoluteValue.xml (RunModel)" time="0.12" />
  <testcase classname="ptolemy.util.test.junit.AutoTests" name="[1] /home/travis/build/icyphy/ptII/ptolemy/actor/lib/test/auto/AbsoluteValue2.xml (RunModel)" time="0.033" />
  <testcase classname="ptolemy.util.test.junit.AutoTests" name="[2] /home/travis/build/icyphy/ptII/ptolemy/actor/lib/test/auto/Accumulator.xml (RunModel)" time="0.072" />
  <testcase classname="ptolemy.util.test.junit.AutoTests" name="[3] /home/travis/build/icyphy/ptII/ptolemy/actor/lib/test/auto/Accumulator2.xml (RunModel)" time="0.056" />
  <testcase classname="ptolemy.util.test.junit.AutoTests" name="[4] /home/travis/build/icyphy/ptII/ptolemy/actor/lib/test/auto/Accumulator3.xml (RunModel)" time="0.015" />
  <testcase classname="ptolemy.util.test.junit.AutoTests" name="[5] /home/travis/build/icyphy/ptII/ptolemy/actor/lib/test/auto/ArrayAppend.xml (RunModel)" time="0.046" />
  <testcase classname="ptolemy.util.test.junit.AutoTests" name="[6] /home/travis/build/icyphy/ptII/ptolemy/actor/lib/test/auto/ArrayAppend2.xml (RunModel)" time="0.471" />
  <testcase classname="ptolemy.util.test.junit.AutoTests" name="[7] /home/travis/build/icyphy/ptII/ptolemy/actor/lib/test/auto/ArrayAppend3.xml (RunModel)" time="0.027" />
  <testcase classname="ptolemy.util.test.junit.AutoTests" name="[8] /home/travis/build/icyphy/ptII/ptolemy/actor/lib/test/auto/ArrayAppend4.xml (RunModel)" time="0.023" />
  <testcase classname="ptolemy.util.test.junit.AutoTests" name="[9] /home/travis/build/icyphy/ptII/ptolemy/actor/lib/test/auto/ArrayAppend5.xml (RunModel)" time="0.016" />
  <testcase classname="ptolemy.util.test.junit.AutoTests" name="[10] /home/travis/build/icyphy/ptII/ptolemy/actor/lib/test/auto/ArrayAppend6.xml (RunModel)" time="0.019" />
  <testcase classname="ptolemy.util.test.junit.AutoTests" name="[11] /home/travis/build/icyphy/ptII/ptolemy/actor/lib/test/auto/ArrayAppendPerformanceTest.xml (RunModel)" time="0.065" />
  <testcase classname="ptolemy.util.test.junit.AutoTests" name="[12] /home/travis/build/icyphy/ptII/ptolemy/actor/lib/test/auto/ArrayAppendWithEmptyInput.xml (RunModel)" time="0.056" />
  <testcase classname="ptolemy.util.test.junit.AutoTests" name="[13] /home/travis/build/icyphy/ptII/ptolemy/actor/lib/test/auto/ArrayAverage.xml (RunModel)" time="0.051" />
  <testcase classname="ptolemy.util.test.junit.AutoTests" name="[14] /home/travis/build/icyphy/ptII/ptolemy/actor/lib/test/auto/ArrayContains.xml (RunModel)" time="0.034" />
  <testcase classname="ptolemy.util.test.junit.AutoTests" name="[15] /home/travis/build/icyphy/ptII/ptolemy/actor/lib/test/auto/ArrayElement.xml (RunModel)" time="0.025" />
  <testcase classname="ptolemy.util.test.junit.AutoTests" name="[16] /home/travis/build/icyphy/ptII/ptolemy/actor/lib/test/auto/ArrayElementAsMatrix.xml (RunModel)" time="0.057" />
  <testcase classname="ptolemy.util.test.junit.AutoTests" name="[17] /home/travis/build/icyphy/ptII/ptolemy/actor/lib/test/auto/ArrayElementI.xml (RunModel)" time="0.025" />
  <testcase classname="ptolemy.util.test.junit.AutoTests" name="[18] /home/travis/build/icyphy/ptII/ptolemy/actor/lib/test/auto/ArrayExtract.xml (RunModel)" time="0.037" />
  <testcase classname="ptolemy.util.test.junit.AutoTests" name="[19] /home/travis/build/icyphy/ptII/ptolemy/actor/lib/test/auto/ArrayExtract2.xml (RunModel)" time="0.027" />
  <testcase classname="ptolemy.util.test.junit.AutoTests" name="[20] /home/travis/build/icyphy/ptII/ptolemy/actor/lib/test/auto/ArrayLength.xml (RunModel)" time="0.016" />
  <testcase classname="ptolemy.util.test.junit.AutoTests" name="[21] /home/travis/build/icyphy/ptII/ptolemy/actor/lib/test/auto/ArrayLevelCrossing.xml (RunModel)" time="0.035" />
  <testcase classname="ptolemy.util.test.junit.AutoTests" name="[22] /home/travis/build/icyphy/ptII/ptolemy/actor/lib/test/auto/ArrayLevelCrossing2.xml (RunModel)" time="0.029" />
  <testcase classname="ptolemy.util.test.junit.AutoTests" name="[23] /home/travis/build/icyphy/ptII/ptolemy/actor/lib/test/auto/ArrayPeakSearch.xml (RunModel)" time="0.044" />
  <testcase classname="ptolemy.util.test.junit.AutoTests" name="[24] /home/travis/build/icyphy/ptII/ptolemy/actor/lib/test/auto/ArrayPeakSearch2.xml (RunModel)" time="0.072" />
  <testcase classname="ptolemy.util.test.junit.AutoTests" name="[25] /home/travis/build/icyphy/ptII/ptolemy/actor/lib/test/auto/ArrayPeakSearch3.xml (RunModel)" time="0.034" />
  <testcase classname="ptolemy.util.test.junit.AutoTests" name="[26] /home/travis/build/icyphy/ptII/ptolemy/actor/lib/test/auto/ArrayRemoveElement.xml (RunModel)" time="0.032" />
  <testcase classname="ptolemy.util.test.junit.AutoTests" name="[27] /home/travis/build/icyphy/ptII/ptolemy/actor/lib/test/auto/ArraySort.xml (RunModel)" time="0.053" />
  <testcase classname="ptolemy.util.test.junit.AutoTests" name="[28] /home/travis/build/icyphy/ptII/ptolemy/actor/lib/test/auto/ArraySum.xml (RunModel)" time="0.021" />
  <testcase classname="ptolemy.util.test.junit.AutoTests" name="[29] /home/travis/build/icyphy/ptII/ptolemy/actor/lib/test/auto/ArrayToElements.xml (RunModel)" time="0.022" />
  <testcase classname="ptolemy.util.test.junit.AutoTests" name="[30] /home/travis/build/icyphy/ptII/ptolemy/actor/lib/test/auto/ArrayToMatrix.xml (RunModel)" time="0.058" />
  <testcase classname="ptolemy.util.test.junit.AutoTests" name="[31] /home/travis/build/icyphy/ptII/ptolemy/actor/lib/test/auto/ArrayUpdate1.xml (RunModel)" time="0.018" />
  <testcase classname="ptolemy.util.test.junit.AutoTests" name="[32] /home/travis/build/icyphy/ptII/ptolemy/actor/lib/test/auto/ArrayUpdate2.xml (RunModel)" time="0.032" />
  <testcase classname="ptolemy.util.test.junit.AutoTests" name="[33] /home/travis/build/icyphy/ptII/ptolemy/actor/lib/test/auto/ArrayUpdate3.xml (RunModel)" time="0.029" />
  <testcase classname="ptolemy.util.test.junit.AutoTests" name="[34] /home/travis/build/icyphy/ptII/ptolemy/actor/lib/test/auto/Assert1.xml (RunModel)" time="0.025" />
  <testcase classname="ptolemy.util.test.junit.AutoTests" name="[35] /home/travis/build/icyphy/ptII/ptolemy/actor/lib/test/auto/Assert2.xml (RunModel)" time="0.015" />
  <testcase classname="ptolemy.util.test.junit.AutoTests" name="[36] /home/travis/build/icyphy/ptII/ptolemy/actor/lib/test/auto/BooleanMultiplexor.xml (RunModel)" time="0.017" />
  <testcase classname="ptolemy.util.test.junit.AutoTests" name="[37] /home/travis/build/icyphy/ptII/ptolemy/actor/lib/test/auto/BooleanMultiplexor2.xml (RunModel)" time="0.027" />
  <testcase classname="ptolemy.util.test.junit.AutoTests" name="[38] /home/travis/build/icyphy/ptII/ptolemy/actor/lib/test/auto/BooleanMultiplexor3.xml (RunModel)" time="0.021" />
  <testcase classname="ptolemy.util.test.junit.AutoTests" name="[39] /home/travis/build/icyphy/ptII/ptolemy/actor/lib/test/auto/BooleanSelect.xml (RunModel)" time="0.032" />
  <testcase classname="ptolemy.util.test.junit.AutoTests" name="[40] /home/travis/build/icyphy/ptII/ptolemy/actor/lib/test/auto/BooleanSelect2.xml (RunModel)" time="0.017" />
  <testcase classname="ptolemy.util.test.junit.AutoTests" name="[41] /home/travis/build/icyphy/ptII/ptolemy/actor/lib/test/auto/BooleanSwitch.xml (RunModel)" time="0.025" />
  <testcase classname="ptolemy.util.test.junit.AutoTests" name="[42] /home/travis/build/icyphy/ptII/ptolemy/actor/lib/test/auto/BooleanSwitch2.xml (RunModel)" time="0.015" />
  <testcase classname="ptolemy.util.test.junit.AutoTests" name="[43] /home/travis/build/icyphy/ptII/ptolemy/actor/lib/test/auto/BooleanSwitchCloningBugWithClassRelationGroup.xml (RunModel)" time="0.038" />
  <testcase classname="ptolemy.util.test.junit.AutoTests" name="[44] /home/travis/build/icyphy/ptII/ptolemy/actor/lib/test/auto/BusActors.xml (RunModel)" time="0.032" />
  <testcase classname="ptolemy.util.test.junit.AutoTests" name="[45] /home/travis/build/icyphy/ptII/ptolemy/actor/lib/test/auto/ClassWrapper.xml (RunModel)" time="0.024" />
  <testcase classname="ptolemy.util.test.junit.AutoTests" name="[46] /home/travis/build/icyphy/ptII/ptolemy/actor/lib/test/auto/Clock.xml (RunModel)" time="0.023" />
  <testcase classname="ptolemy.util.test.junit.AutoTests" name="[47] /home/travis/build/icyphy/ptII/ptolemy/actor/lib/test/auto/Clock10.xml (RunModel)" time="0.021" />
  <testcase classname="ptolemy.util.test.junit.AutoTests" name="[48] /home/travis/build/icyphy/ptII/ptolemy/actor/lib/test/auto/Clock11.xml (RunModel)" time="0.029" />
  <testcase classname="ptolemy.util.test.junit.AutoTests" name="[49] /home/travis/build/icyphy/ptII/ptolemy/actor/lib/test/auto/Clock12.xml (RunModel)" time="0.022" />
  <testcase classname="ptolemy.util.test.junit.AutoTests" name="[50] /home/travis/build/icyphy/ptII/ptolemy/actor/lib/test/auto/Clock13.xml (RunModel)" time="0.022" />
  <testcase classname="ptolemy.util.test.junit.AutoTests" name="[51] /home/travis/build/icyphy/ptII/ptolemy/actor/lib/test/auto/Clock14.xml (RunModel)" time="0.025" />
  <testcase classname="ptolemy.util.test.junit.AutoTests" name="[52] /home/travis/build/icyphy/ptII/ptolemy/actor/lib/test/auto/Clock15.xml (RunModel)" time="0.015" />
  <testcase classname="ptolemy.util.test.junit.AutoTests" name="[53] /home/travis/build/icyphy/ptII/ptolemy/actor/lib/test/auto/Clock16.xml (RunModel)" time="0.109" />
  <testcase classname="ptolemy.util.test.junit.AutoTests" name="[54] /home/travis/build/icyphy/ptII/ptolemy/actor/lib/test/auto/Clock17.xml (RunModel)" time="0.07" />
  <testcase classname="ptolemy.util.test.junit.AutoTests" name="[55] /home/travis/build/icyphy/ptII/ptolemy/actor/lib/test/auto/Clock18.xml (RunModel)" time="0.079" />
  <testcase classname="ptolemy.util.test.junit.AutoTests" name="[56] /home/travis/build/icyphy/ptII/ptolemy/actor/lib/test/auto/Clock19.xml (RunModel)" time="0.037" />
  <testcase classname="ptolemy.util.test.junit.AutoTests" name="[57] /home/travis/build/icyphy/ptII/ptolemy/actor/lib/test/auto/Clock2.xml (RunModel)" time="0.012" />
  <testcase classname="ptolemy.util.test.junit.AutoTests" name="[58] /home/travis/build/icyphy/ptII/ptolemy/actor/lib/test/auto/Clock20.xml (RunModel)" time="0.02" />
  <testcase classname="ptolemy.util.test.junit.AutoTests" name="[59] /home/travis/build/icyphy/ptII/ptolemy/actor/lib/test/auto/Clock21.xml (RunModel)" time="0.023" />
  <testcase classname="ptolemy.util.test.junit.AutoTests" name="[60] /home/travis/build/icyphy/ptII/ptolemy/actor/lib/test/auto/Clock22.xml (RunModel)" time="0.015" />
  <testcase classname="ptolemy.util.test.junit.AutoTests" name="[61] /home/travis/build/icyphy/ptII/ptolemy/actor/lib/test/auto/Clock23.xml (RunModel)" time="0.018" />
  <testcase classname="ptolemy.util.test.junit.AutoTests" name="[62] /home/travis/build/icyphy/ptII/ptolemy/actor/lib/test/auto/Clock24.xml (RunModel)" time="0.017" />
  <testcase classname="ptolemy.util.test.junit.AutoTests" name="[63] /home/travis/build/icyphy/ptII/ptolemy/actor/lib/test/auto/Clock4.xml (RunModel)" time="0.014" />
  <testcase classname="ptolemy.util.test.junit.AutoTests" name="[64] /home/travis/build/icyphy/ptII/ptolemy/actor/lib/test/auto/Clock5.xml (RunModel)" time="0.014" />
  <testcase classname="ptolemy.util.test.junit.AutoTests" name="[65] /home/travis/build/icyphy/ptII/ptolemy/actor/lib/test/auto/Clock6.xml (RunModel)" time="0.017" />
  <testcase classname="ptolemy.util.test.junit.AutoTests" name="[66] /home/travis/build/icyphy/ptII/ptolemy/actor/lib/test/auto/Clock7.xml (RunModel)" time="0.01" />
  <testcase classname="ptolemy.util.test.junit.AutoTests" name="[67] /home/travis/build/icyphy/ptII/ptolemy/actor/lib/test/auto/Clock8.xml (RunModel)" time="0.017" />
  <testcase classname="ptolemy.util.test.junit.AutoTests" name="[68] /home/travis/build/icyphy/ptII/ptolemy/actor/lib/test/auto/Clock9.xml (RunModel)" time="0.015" />
  <testcase classname="ptolemy.util.test.junit.AutoTests" name="[69] /home/travis/build/icyphy/ptII/ptolemy/actor/lib/test/auto/CommDistDiscard.xml (RunModel)" time="0.024" />
  <testcase classname="ptolemy.util.test.junit.AutoTests" name="[70] /home/travis/build/icyphy/ptII/ptolemy/actor/lib/test/auto/Commutator.xml (RunModel)" time="0.019" />
  <testcase classname="ptolemy.util.test.junit.AutoTests" name="[71] /home/travis/build/icyphy/ptII/ptolemy/actor/lib/test/auto/Commutator2.xml (RunModel)" time="0.01" />
  <testcase classname="ptolemy.util.test.junit.AutoTests" name="[72] /home/travis/build/icyphy/ptII/ptolemy/actor/lib/test/auto/Commutator3.xml (RunModel)" time="0.013" />
  <testcase classname="ptolemy.util.test.junit.AutoTests" name="[73] /home/travis/build/icyphy/ptII/ptolemy/actor/lib/test/auto/Compare.xml (RunModel)" time="0.02" />
  <testcase classname="ptolemy.util.test.junit.AutoTests" name="[74] /home/travis/build/icyphy/ptII/ptolemy/actor/lib/test/auto/CompareDE.xml (RunModel)" time="0.019" />
  <testcase classname="ptolemy.util.test.junit.AutoTests" name="[75] /home/travis/build/icyphy/ptII/ptolemy/actor/lib/test/auto/ComplexDivide.xml (RunModel)" time="0.01" />
  <testcase classname="ptolemy.util.test.junit.AutoTests" name="[76] /home/travis/build/icyphy/ptII/ptolemy/actor/lib/test/auto/ComputeHistogram.xml (RunModel)" time="0.073" />
  <testcase classname="ptolemy.util.test.junit.AutoTests" name="[77] /home/travis/build/icyphy/ptII/ptolemy/actor/lib/test/auto/ConfigurationSelect.xml (RunModel)" time="0.021" />
  <testcase classname="ptolemy.util.test.junit.AutoTests" name="[78] /home/travis/build/icyphy/ptII/ptolemy/actor/lib/test/auto/ConfigurationSelect2.xml (RunModel)" time="0.015" />
  <testcase classname="ptolemy.util.test.junit.AutoTests" name="[79] /home/travis/build/icyphy/ptII/ptolemy/actor/lib/test/auto/ConfigurationSwitch.xml (RunModel)" time="0.027" />
  <testcase classname="ptolemy.util.test.junit.AutoTests" name="[80] /home/travis/build/icyphy/ptII/ptolemy/actor/lib/test/auto/ConfigurationSwitch2.xml (RunModel)" time="0.03" />
  <testcase classname="ptolemy.util.test.junit.AutoTests" name="[81] /home/travis/build/icyphy/ptII/ptolemy/actor/lib/test/auto/ConfigurationSwitchCloningBugWithClassRelationGroup.xml (RunModel)" time="0.022" />
  <testcase classname="ptolemy.util.test.junit.AutoTests" name="[82] /home/travis/build/icyphy/ptII/ptolemy/actor/lib/test/auto/ConfigurationSwitchSelectSDF.xml (RunModel)" time="0.017" />
  <testcase classname="ptolemy.util.test.junit.AutoTests" name="[83] /home/travis/build/icyphy/ptII/ptolemy/actor/lib/test/auto/ConfigurationSwitchSelectSDF2.xml (RunModel)" time="0.017" />
  <testcase classname="ptolemy.util.test.junit.AutoTests" name="[84] /home/travis/build/icyphy/ptII/ptolemy/actor/lib/test/auto/Const.xml (RunModel)" time="0.008" />
  <testcase classname="ptolemy.util.test.junit.AutoTests" name="[85] /home/travis/build/icyphy/ptII/ptolemy/actor/lib/test/auto/Const2.xml (RunModel)" time="0.012" />
  <testcase classname="ptolemy.util.test.junit.AutoTests" name="[86] /home/travis/build/icyphy/ptII/ptolemy/actor/lib/test/auto/Const3.xml (RunModel)" time="0.006" />
  <testcase classname="ptolemy.util.test.junit.AutoTests" name="[87] /home/travis/build/icyphy/ptII/ptolemy/actor/lib/test/auto/ConstantPublisherPort1.xml (RunModel)" time="0.034" />
  <testcase classname="ptolemy.util.test.junit.AutoTests" name="[88] /home/travis/build/icyphy/ptII/ptolemy/actor/lib/test/auto/ConstantPublisherPort2.xml (RunModel)" time="0.028" />
  <testcase classname="ptolemy.util.test.junit.AutoTests" name="[89] /home/travis/build/icyphy/ptII/ptolemy/actor/lib/test/auto/ConstantPublisherPort3.xml (RunModel)" time="0.027" />
  <testcase classname="ptolemy.util.test.junit.AutoTests" name="[90] /home/travis/build/icyphy/ptII/ptolemy/actor/lib/test/auto/ConstantPublisherPort4.xml (RunModel)" time="0.02" />
  <testcase classname="ptolemy.util.test.junit.AutoTests" name="[91] /home/travis/build/icyphy/ptII/ptolemy/actor/lib/test/auto/ConstantPublisherPort5.xml (RunModel)" time="0.05" />
  <testcase classname="ptolemy.util.test.junit.AutoTests" name="[92] /home/travis/build/icyphy/ptII/ptolemy/actor/lib/test/auto/ConstantPublisherPort6.xml (RunModel)" time="0.039" />
  <testcase classname="ptolemy.util.test.junit.AutoTests" name="[93] /home/travis/build/icyphy/ptII/ptolemy/actor/lib/test/auto/ConstantPublisherPort7.xml (RunModel)" time="0.036" />
  <testcase classname="ptolemy.util.test.junit.AutoTests" name="[94] /home/travis/build/icyphy/ptII/ptolemy/actor/lib/test/auto/ConstraintMonitor1.xml (RunModel)" time="0.041" />
  <testcase classname="ptolemy.util.test.junit.AutoTests" name="[95] /home/travis/build/icyphy/ptII/ptolemy/actor/lib/test/auto/ConstraintMonitor2.xml (RunModel)" time="0.012" />
  <testcase classname="ptolemy.util.test.junit.AutoTests" name="[96] /home/travis/build/icyphy/ptII/ptolemy/actor/lib/test/auto/ConstraintMonitor3.xml (RunModel)" time="0.018" />
  <testcase classname="ptolemy.util.test.junit.AutoTests" name="[97] /home/travis/build/icyphy/ptII/ptolemy/actor/lib/test/auto/ConstraintMonitor4.xml (RunModel)" time="0.015" />
  <testcase classname="ptolemy.util.test.junit.AutoTests" name="[98] /home/travis/build/icyphy/ptII/ptolemy/actor/lib/test/auto/ConstraintMonitor5.xml (RunModel)" time="0.012" />
  <testcase classname="ptolemy.util.test.junit.AutoTests" name="[99] /home/travis/build/icyphy/ptII/ptolemy/actor/lib/test/auto/ConstraintMonitor6.xml (RunModel)" time="0.012" />
  <testcase classname="ptolemy.util.test.junit.AutoTests" name="[100] /home/travis/build/icyphy/ptII/ptolemy/actor/lib/test/auto/ConstraintMonitor7.xml (RunModel)" time="0.019" />
  <testcase classname="ptolemy.util.test.junit.AutoTests" name="[101] /home/travis/build/icyphy/ptII/ptolemy/actor/lib/test/auto/ConstraintMonitor8.xml (RunModel)" time="0.017" />
  <testcase classname="ptolemy.util.test.junit.AutoTests" name="[102] /home/travis/build/icyphy/ptII/ptolemy/actor/lib/test/auto/Counter.xml (RunModel)" time="0.012" />
  <testcase classname="ptolemy.util.test.junit.AutoTests" name="[103] /home/travis/build/icyphy/ptII/ptolemy/actor/lib/test/auto/CurrentTimeSDF.xml (RunModel)" time="0.008" />
  <testcase classname="ptolemy.util.test.junit.AutoTests" name="[104] /home/travis/build/icyphy/ptII/ptolemy/actor/lib/test/auto/DB.xml (RunModel)" time="0.011" />
  <testcase classname="ptolemy.util.test.junit.AutoTests" name="[105] /home/travis/build/icyphy/ptII/ptolemy/actor/lib/test/auto/DBDE.xml (RunModel)" time="0.015" />
  <testcase classname="ptolemy.util.test.junit.AutoTests" name="[106] /home/travis/build/icyphy/ptII/ptolemy/actor/lib/test/auto/DateConstructor.xml (RunModel)" time="0.079" />
  <testcase classname="ptolemy.util.test.junit.AutoTests" name="[107] /home/travis/build/icyphy/ptII/ptolemy/actor/lib/test/auto/DelayTime.xml (RunModel)" time="0.018" />
  <testcase classname="ptolemy.util.test.junit.AutoTests" name="[108] /home/travis/build/icyphy/ptII/ptolemy/actor/lib/test/auto/Dictionary1.xml (RunModel)" time="0.023" />
  <testcase classname="ptolemy.util.test.junit.AutoTests" name="[109] /home/travis/build/icyphy/ptII/ptolemy/actor/lib/test/auto/Dictionary2.xml (RunModel)" time="0.014" />
  <testcase classname="ptolemy.util.test.junit.AutoTests" name="[110] /home/travis/build/icyphy/ptII/ptolemy/actor/lib/test/auto/Dictionary3.xml (RunModel)" time="0.012" />
  <testcase classname="ptolemy.util.test.junit.AutoTests" name="[111] /home/travis/build/icyphy/ptII/ptolemy/actor/lib/test/auto/Dictionary4.xml (RunModel)" time="0.015" />
  <testcase classname="ptolemy.util.test.junit.AutoTests" name="[112] /home/travis/build/icyphy/ptII/ptolemy/actor/lib/test/auto/Differential.xml (RunModel)" time="0.012" />
  <testcase classname="ptolemy.util.test.junit.AutoTests" name="[113] /home/travis/build/icyphy/ptII/ptolemy/actor/lib/test/auto/Director.xml (RunModel)" time="0.012" />
  <testcase classname="ptolemy.util.test.junit.AutoTests" name="[114] /home/travis/build/icyphy/ptII/ptolemy/actor/lib/test/auto/DiscreteClock.xml (RunModel)" time="0.009" />
  <testcase classname="ptolemy.util.test.junit.AutoTests" name="[115] /home/travis/build/icyphy/ptII/ptolemy/actor/lib/test/auto/DiscreteClock10.xml (RunModel)" time="0.016" />
  <testcase classname="ptolemy.util.test.junit.AutoTests" name="[116] /home/travis/build/icyphy/ptII/ptolemy/actor/lib/test/auto/DiscreteClock11.xml (RunModel)" time="0.012" />
  <testcase classname="ptolemy.util.test.junit.AutoTests" name="[117] /home/travis/build/icyphy/ptII/ptolemy/actor/lib/test/auto/DiscreteClock12.xml (RunModel)" time="0.016" />
  <testcase classname="ptolemy.util.test.junit.AutoTests" name="[118] /home/travis/build/icyphy/ptII/ptolemy/actor/lib/test/auto/DiscreteClock13.xml (RunModel)" time="0.017" />
  <testcase classname="ptolemy.util.test.junit.AutoTests" name="[119] /home/travis/build/icyphy/ptII/ptolemy/actor/lib/test/auto/DiscreteClock14.xml (RunModel)" time="0.015" />
  <testcase classname="ptolemy.util.test.junit.AutoTests" name="[120] /home/travis/build/icyphy/ptII/ptolemy/actor/lib/test/auto/DiscreteClock15.xml (RunModel)" time="0.015" />
  <testcase classname="ptolemy.util.test.junit.AutoTests" name="[121] /home/travis/build/icyphy/ptII/ptolemy/actor/lib/test/auto/DiscreteClock16.xml (RunModel)" time="0.068" />
  <testcase classname="ptolemy.util.test.junit.AutoTests" name="[122] /home/travis/build/icyphy/ptII/ptolemy/actor/lib/test/auto/DiscreteClock17.xml (RunModel)" time="0.042" />
  <testcase classname="ptolemy.util.test.junit.AutoTests" name="[123] /home/travis/build/icyphy/ptII/ptolemy/actor/lib/test/auto/DiscreteClock18.xml (RunModel)" time="0.05" />
  <testcase classname="ptolemy.util.test.junit.AutoTests" name="[124] /home/travis/build/icyphy/ptII/ptolemy/actor/lib/test/auto/DiscreteClock19.xml (RunModel)" time="0.048" />
  <testcase classname="ptolemy.util.test.junit.AutoTests" name="[125] /home/travis/build/icyphy/ptII/ptolemy/actor/lib/test/auto/DiscreteClock2.xml (RunModel)" time="0.011" />
  <testcase classname="ptolemy.util.test.junit.AutoTests" name="[126] /home/travis/build/icyphy/ptII/ptolemy/actor/lib/test/auto/DiscreteClock20.xml (RunModel)" time="0.022" />
  <testcase classname="ptolemy.util.test.junit.AutoTests" name="[127] /home/travis/build/icyphy/ptII/ptolemy/actor/lib/test/auto/DiscreteClock21.xml (RunModel)" time="0.018" />
  <testcase classname="ptolemy.util.test.junit.AutoTests" name="[128] /home/travis/build/icyphy/ptII/ptolemy/actor/lib/test/auto/DiscreteClock22.xml (RunModel)" time="0.017" />
  <testcase classname="ptolemy.util.test.junit.AutoTests" name="[129] /home/travis/build/icyphy/ptII/ptolemy/actor/lib/test/auto/DiscreteClock23.xml (RunModel)" time="0.024" />
  <testcase classname="ptolemy.util.test.junit.AutoTests" name="[130] /home/travis/build/icyphy/ptII/ptolemy/actor/lib/test/auto/DiscreteClock24.xml (RunModel)" time="0.015" />
  <testcase classname="ptolemy.util.test.junit.AutoTests" name="[131] /home/travis/build/icyphy/ptII/ptolemy/actor/lib/test/auto/DiscreteClock4.xml (RunModel)" time="0.012" />
  <testcase classname="ptolemy.util.test.junit.AutoTests" name="[132] /home/travis/build/icyphy/ptII/ptolemy/actor/lib/test/auto/DiscreteClock5.xml (RunModel)" time="0.013" />
  <testcase classname="ptolemy.util.test.junit.AutoTests" name="[133] /home/travis/build/icyphy/ptII/ptolemy/actor/lib/test/auto/DiscreteClock6.xml (RunModel)" time="0.015" />
  <testcase classname="ptolemy.util.test.junit.AutoTests" name="[134] /home/travis/build/icyphy/ptII/ptolemy/actor/lib/test/auto/DiscreteClock7.xml (RunModel)" time="0.012" />
  <testcase classname="ptolemy.util.test.junit.AutoTests" name="[135] /home/travis/build/icyphy/ptII/ptolemy/actor/lib/test/auto/DiscreteClock8.xml (RunModel)" time="0.028" />
  <testcase classname="ptolemy.util.test.junit.AutoTests" name="[136] /home/travis/build/icyphy/ptII/ptolemy/actor/lib/test/auto/DiscreteClock9.xml (RunModel)" time="0.017" />
  <testcase classname="ptolemy.util.test.junit.AutoTests" name="[137] /home/travis/build/icyphy/ptII/ptolemy/actor/lib/test/auto/DisplayArray.xml (RunModel)" time="0.009" />
  <testcase classname="ptolemy.util.test.junit.AutoTests" name="[138] /home/travis/build/icyphy/ptII/ptolemy/actor/lib/test/auto/Distributor.xml (RunModel)" time="0.01" />
  <testcase classname="ptolemy.util.test.junit.AutoTests" name="[139] /home/travis/build/icyphy/ptII/ptolemy/actor/lib/test/auto/Distributor2.xml (RunModel)" time="0.017" />
  <testcase classname="ptolemy.util.test.junit.AutoTests" name="[140] /home/travis/build/icyphy/ptII/ptolemy/actor/lib/test/auto/DownSample.xml (RunModel)" time="0.011" />
  <testcase classname="ptolemy.util.test.junit.AutoTests" name="[141] /home/travis/build/icyphy/ptII/ptolemy/actor/lib/test/auto/ElectronicUnitBase1.xml (RunModel)" time="0.068" />
  <testcase classname="ptolemy.util.test.junit.AutoTests" name="[142] /home/travis/build/icyphy/ptII/ptolemy/actor/lib/test/auto/ElementsToArray.xml (RunModel)" time="0.014" />
  <testcase classname="ptolemy.util.test.junit.AutoTests" name="[143] /home/travis/build/icyphy/ptII/ptolemy/actor/lib/test/auto/Equals.xml (RunModel)" time="0.016" />
  <testcase classname="ptolemy.util.test.junit.AutoTests" name="[144] /home/travis/build/icyphy/ptII/ptolemy/actor/lib/test/auto/Exec.xml (RunModel)" time="0.033" />
  <testcase classname="ptolemy.util.test.junit.AutoTests" name="[145] /home/travis/build/icyphy/ptII/ptolemy/actor/lib/test/auto/ExecEnvironment.xml (RunModel)" time="0.045" />
  <testcase classname="ptolemy.util.test.junit.AutoTests" name="[146] /home/travis/build/icyphy/ptII/ptolemy/actor/lib/test/auto/ExecNonZeroReturnOutput.xml (RunModel)" time="0.201" />
  <testcase classname="ptolemy.util.test.junit.AutoTests" name="[147] /home/travis/build/icyphy/ptII/ptolemy/actor/lib/test/auto/ExecRunDemos.xml (RunModel)" time="11.21">
    <error type="java.lang.reflect.InvocationTargetException">java.lang.reflect.InvocationTargetException
	at jdk.internal.reflect.GeneratedConstructorAccessor36.newInstance(Unknown Source)
	at java.base/jdk.internal.reflect.DelegatingConstructorAccessorImpl.newInstance(DelegatingConstructorAccessorImpl.java:45)
	at java.base/java.lang.reflect.Constructor.newInstance(Constructor.java:490)
	at ptolemy.util.test.junit.AutoTests.RunModel(AutoTests.java:193)
	at jdk.internal.reflect.GeneratedMethodAccessor43.invoke(Unknown Source)
	at java.base/jdk.internal.reflect.DelegatingMethodAccessorImpl.invoke(DelegatingMethodAccessorImpl.java:43)
	at junitparams.internal.InvokeParameterisedMethod.evaluate(InvokeParameterisedMethod.java:102)
Caused by: ptolemy.kernel.util.IllegalActionException: Test fails in iteration 0.
Value was: &quot;WARNING: An illegal reflective access operation has occurred\nWARNING: Illegal reflective access by io.netty.util.internal.ReflectionUtil (file:/home/travis/build/icyphy/ptII/lib/netty-common-4.1.19.Final.jar) to constructor java.nio.DirectByteBuffer(long,int)\nWARNING: Please consider reporting this to the maintainers of io.netty.util.internal.ReflectionUtil\nWARNING: Use --illegal-access=warn to enable warnings of further illegal reflective access operations\nWARNING: All illegal access operations will be denied in a future release\n&quot;. Should have been: &quot;&quot;
  in .ExecRunDemos.Test
	at ptolemy.actor.lib.Test.fire(Test.java:268)
	at ptolemy.actor.AtomicActor.iterate(AtomicActor.java:512)
	at ptolemy.actor.sched.StaticSchedulingDirector.fire(StaticSchedulingDirector.java:216)
	at ptolemy.domains.sdf.kernel.SDFDirector.fire(SDFDirector.java:500)
	at ptolemy.actor.CompositeActor.fire(CompositeActor.java:455)
	at ptolemy.actor.Manager.iterate(Manager.java:851)
	at ptolemy.actor.Manager.execute(Manager.java:369)
	at ptolemy.actor.Manager.run(Manager.java:1263)
	at ptolemy.actor.Manager$PtolemyRunThread.run(Manager.java:1915)
</error>
  </testcase>
  <testcase classname="ptolemy.util.test.junit.AutoTests" name="[148] /home/travis/build/icyphy/ptII/ptolemy/actor/lib/test/auto/ExecStop.xml (RunModel)" time="5.047" />
  <testcase classname="ptolemy.util.test.junit.AutoTests" name="[149] /home/travis/build/icyphy/ptII/ptolemy/actor/lib/test/auto/ExecutionTimeSDF.xml (RunModel)" time="6.035" />
  <testcase classname="ptolemy.util.test.junit.AutoTests" name="[150] /home/travis/build/icyphy/ptII/ptolemy/actor/lib/test/auto/Expression1.xml (RunModel)" time="0.009" />
  <testcase classname="ptolemy.util.test.junit.AutoTests" name="[151] /home/travis/build/icyphy/ptII/ptolemy/actor/lib/test/auto/Expression10.xml (RunModel)" time="0.015" />
  <testcase classname="ptolemy.util.test.junit.AutoTests" name="[152] /home/travis/build/icyphy/ptII/ptolemy/actor/lib/test/auto/Expression11.xml (RunModel)" time="0.011" />
  <testcase classname="ptolemy.util.test.junit.AutoTests" name="[153] /home/travis/build/icyphy/ptII/ptolemy/actor/lib/test/auto/Expression12.xml (RunModel)" time="0.013" />
  <testcase classname="ptolemy.util.test.junit.AutoTests" name="[154] /home/travis/build/icyphy/ptII/ptolemy/actor/lib/test/auto/Expression13.xml (RunModel)" time="0.013" />
  <testcase classname="ptolemy.util.test.junit.AutoTests" name="[155] /home/travis/build/icyphy/ptII/ptolemy/actor/lib/test/auto/Expression14.xml (RunModel)" time="0.02" />
  <testcase classname="ptolemy.util.test.junit.AutoTests" name="[156] /home/travis/build/icyphy/ptII/ptolemy/actor/lib/test/auto/Expression15.xml (RunModel)" time="0.01" />
  <testcase classname="ptolemy.util.test.junit.AutoTests" name="[157] /home/travis/build/icyphy/ptII/ptolemy/actor/lib/test/auto/Expression16.xml (RunModel)" time="0.017" />
  <testcase classname="ptolemy.util.test.junit.AutoTests" name="[158] /home/travis/build/icyphy/ptII/ptolemy/actor/lib/test/auto/Expression17.xml (RunModel)" time="0.014" />
  <testcase classname="ptolemy.util.test.junit.AutoTests" name="[159] /home/travis/build/icyphy/ptII/ptolemy/actor/lib/test/auto/Expression18.xml (RunModel)" time="0.016" />
  <testcase classname="ptolemy.util.test.junit.AutoTests" name="[160] /home/travis/build/icyphy/ptII/ptolemy/actor/lib/test/auto/Expression2.xml (RunModel)" time="0.015" />
  <testcase classname="ptolemy.util.test.junit.AutoTests" name="[161] /home/travis/build/icyphy/ptII/ptolemy/actor/lib/test/auto/Expression3.xml (RunModel)" time="0.017" />
  <testcase classname="ptolemy.util.test.junit.AutoTests" name="[162] /home/travis/build/icyphy/ptII/ptolemy/actor/lib/test/auto/Expression4.xml (RunModel)" time="0.019" />
  <testcase classname="ptolemy.util.test.junit.AutoTests" name="[163] /home/travis/build/icyphy/ptII/ptolemy/actor/lib/test/auto/Expression5.xml (RunModel)" time="0.013" />
  <testcase classname="ptolemy.util.test.junit.AutoTests" name="[164] /home/travis/build/icyphy/ptII/ptolemy/actor/lib/test/auto/Expression6.xml (RunModel)" time="0.01" />
  <testcase classname="ptolemy.util.test.junit.AutoTests" name="[165] /home/travis/build/icyphy/ptII/ptolemy/actor/lib/test/auto/Expression7.xml (RunModel)" time="0.015" />
  <testcase classname="ptolemy.util.test.junit.AutoTests" name="[166] /home/travis/build/icyphy/ptII/ptolemy/actor/lib/test/auto/Expression8.xml (RunModel)" time="0.016" />
  <testcase classname="ptolemy.util.test.junit.AutoTests" name="[167] /home/travis/build/icyphy/ptII/ptolemy/actor/lib/test/auto/Expression9.xml (RunModel)" time="0.009" />
  <testcase classname="ptolemy.util.test.junit.AutoTests" name="[168] /home/travis/build/icyphy/ptII/ptolemy/actor/lib/test/auto/ExpressionConcatenateArrayType.xml (RunModel)" time="0.048" />
  <testcase classname="ptolemy.util.test.junit.AutoTests" name="[169] /home/travis/build/icyphy/ptII/ptolemy/actor/lib/test/auto/ExpressionConcatenateArrayType2.xml (RunModel)" time="0.042" />
  <testcase classname="ptolemy.util.test.junit.AutoTests" name="[170] /home/travis/build/icyphy/ptII/ptolemy/actor/lib/test/auto/ExpressionFix.xml (RunModel)" time="0.068" />
  <testcase classname="ptolemy.util.test.junit.AutoTests" name="[171] /home/travis/build/icyphy/ptII/ptolemy/actor/lib/test/auto/ExpressionFix2.xml (RunModel)" time="0.031" />
  <testcase classname="ptolemy.util.test.junit.AutoTests" name="[172] /home/travis/build/icyphy/ptII/ptolemy/actor/lib/test/auto/ExpressionFix3.xml (RunModel)" time="0.015" />
  <testcase classname="ptolemy.util.test.junit.AutoTests" name="[173] /home/travis/build/icyphy/ptII/ptolemy/actor/lib/test/auto/FileWriter1.xml (RunModel)" time="0.011" />
  <testcase classname="ptolemy.util.test.junit.AutoTests" name="[174] /home/travis/build/icyphy/ptII/ptolemy/actor/lib/test/auto/FileWriter2.xml (RunModel)" time="0.012" />
  <testcase classname="ptolemy.util.test.junit.AutoTests" name="[175] /home/travis/build/icyphy/ptII/ptolemy/actor/lib/test/auto/FileWriter3.xml (RunModel)" time="0.014" />
  <testcase classname="ptolemy.util.test.junit.AutoTests" name="[176] /home/travis/build/icyphy/ptII/ptolemy/actor/lib/test/auto/Gaussian.xml (RunModel)" time="0.014" />
  <testcase classname="ptolemy.util.test.junit.AutoTests" name="[177] /home/travis/build/icyphy/ptII/ptolemy/actor/lib/test/auto/Gaussian1.xml (RunModel)" time="0.025" />
  <testcase classname="ptolemy.util.test.junit.AutoTests" name="[178] /home/travis/build/icyphy/ptII/ptolemy/actor/lib/test/auto/Gaussian2.xml (RunModel)" time="0.018" />
  <testcase classname="ptolemy.util.test.junit.AutoTests" name="[179] /home/travis/build/icyphy/ptII/ptolemy/actor/lib/test/auto/GradientAdaptiveLattice.xml (RunModel)" time="0.016" />
  <testcase classname="ptolemy.util.test.junit.AutoTests" name="[180] /home/travis/build/icyphy/ptII/ptolemy/actor/lib/test/auto/IIR.xml (RunModel)" time="0.011" />
  <testcase classname="ptolemy.util.test.junit.AutoTests" name="[181] /home/travis/build/icyphy/ptII/ptolemy/actor/lib/test/auto/InputOutputTransparentPorts.xml (RunModel)" time="0.026" />
  <testcase classname="ptolemy.util.test.junit.AutoTests" name="[182] /home/travis/build/icyphy/ptII/ptolemy/actor/lib/test/auto/Interpolator.xml (RunModel)" time="0.013" />
  <testcase classname="ptolemy.util.test.junit.AutoTests" name="[183] /home/travis/build/icyphy/ptII/ptolemy/actor/lib/test/auto/InterpolatorFiringLimitDE.xml (RunModel)" time="0.016" />
  <testcase classname="ptolemy.util.test.junit.AutoTests" name="[184] /home/travis/build/icyphy/ptII/ptolemy/actor/lib/test/auto/Lattice.xml (RunModel)" time="0.009" />
  <testcase classname="ptolemy.util.test.junit.AutoTests" name="[185] /home/travis/build/icyphy/ptII/ptolemy/actor/lib/test/auto/LazyAOCTestLazy.xml (RunModel)" time="0.027" />
  <testcase classname="ptolemy.util.test.junit.AutoTests" name="[186] /home/travis/build/icyphy/ptII/ptolemy/actor/lib/test/auto/LazyAOCTestNonLazy.xml (RunModel)" time="0.044" />
  <testcase classname="ptolemy.util.test.junit.AutoTests" name="[187] /home/travis/build/icyphy/ptII/ptolemy/actor/lib/test/auto/LazyInnerClass.xml (RunModel)" time="0.051" />
  <testcase classname="ptolemy.util.test.junit.AutoTests" name="[188] /home/travis/build/icyphy/ptII/ptolemy/actor/lib/test/auto/LazyPubSub.xml (RunModel)" time="0.069" />
  <testcase classname="ptolemy.util.test.junit.AutoTests" name="[189] /home/travis/build/icyphy/ptII/ptolemy/actor/lib/test/auto/LazyPubSub2.xml (RunModel)" time="0.033" />
  <testcase classname="ptolemy.util.test.junit.AutoTests" name="[190] /home/travis/build/icyphy/ptII/ptolemy/actor/lib/test/auto/LazyPubSub3.xml (RunModel)" time="0.028" />
  <testcase classname="ptolemy.util.test.junit.AutoTests" name="[191] /home/travis/build/icyphy/ptII/ptolemy/actor/lib/test/auto/LazySubClassModel.xml (RunModel)" time="0.026" />
  <testcase classname="ptolemy.util.test.junit.AutoTests" name="[192] /home/travis/build/icyphy/ptII/ptolemy/actor/lib/test/auto/LevelCrossTest1.xml (RunModel)" time="0.01" />
  <testcase classname="ptolemy.util.test.junit.AutoTests" name="[193] /home/travis/build/icyphy/ptII/ptolemy/actor/lib/test/auto/LevelCrossTest10.xml (RunModel)" time="0.016" />
  <testcase classname="ptolemy.util.test.junit.AutoTests" name="[194] /home/travis/build/icyphy/ptII/ptolemy/actor/lib/test/auto/LevelCrossTest11.xml (RunModel)" time="0.016" />
  <testcase classname="ptolemy.util.test.junit.AutoTests" name="[195] /home/travis/build/icyphy/ptII/ptolemy/actor/lib/test/auto/LevelCrossTest12.xml (RunModel)" time="0.038" />
  <testcase classname="ptolemy.util.test.junit.AutoTests" name="[196] /home/travis/build/icyphy/ptII/ptolemy/actor/lib/test/auto/LevelCrossTest13.xml (RunModel)" time="0.022" />
  <testcase classname="ptolemy.util.test.junit.AutoTests" name="[197] /home/travis/build/icyphy/ptII/ptolemy/actor/lib/test/auto/LevelCrossTest2.xml (RunModel)" time="0.011" />
  <testcase classname="ptolemy.util.test.junit.AutoTests" name="[198] /home/travis/build/icyphy/ptII/ptolemy/actor/lib/test/auto/LevelCrossTest3.xml (RunModel)" time="0.013" />
  <testcase classname="ptolemy.util.test.junit.AutoTests" name="[199] /home/travis/build/icyphy/ptII/ptolemy/actor/lib/test/auto/LevelCrossTest4.xml (RunModel)" time="0.012" />
  <testcase classname="ptolemy.util.test.junit.AutoTests" name="[200] /home/travis/build/icyphy/ptII/ptolemy/actor/lib/test/auto/LevelCrossTest5.xml (RunModel)" time="0.012" />
  <testcase classname="ptolemy.util.test.junit.AutoTests" name="[201] /home/travis/build/icyphy/ptII/ptolemy/actor/lib/test/auto/LevelCrossTest6.xml (RunModel)" time="0.018" />
  <testcase classname="ptolemy.util.test.junit.AutoTests" name="[202] /home/travis/build/icyphy/ptII/ptolemy/actor/lib/test/auto/LevelCrossTest7.xml (RunModel)" time="0.02" />
  <testcase classname="ptolemy.util.test.junit.AutoTests" name="[203] /home/travis/build/icyphy/ptII/ptolemy/actor/lib/test/auto/LevelCrossTest8.xml (RunModel)" time="0.013" />
  <testcase classname="ptolemy.util.test.junit.AutoTests" name="[204] /home/travis/build/icyphy/ptII/ptolemy/actor/lib/test/auto/LevelCrossTest9.xml (RunModel)" time="0.015" />
  <testcase classname="ptolemy.util.test.junit.AutoTests" name="[205] /home/travis/build/icyphy/ptII/ptolemy/actor/lib/test/auto/LevinsonDurbin.xml (RunModel)" time="0.01" />
  <testcase classname="ptolemy.util.test.junit.AutoTests" name="[206] /home/travis/build/icyphy/ptII/ptolemy/actor/lib/test/auto/LevinsonDurbin2.xml (RunModel)" time="0.009" />
  <testcase classname="ptolemy.util.test.junit.AutoTests" name="[207] /home/travis/build/icyphy/ptII/ptolemy/actor/lib/test/auto/LevinsonDurbin3.xml (RunModel)" time="0.01" />
  <testcase classname="ptolemy.util.test.junit.AutoTests" name="[208] /home/travis/build/icyphy/ptII/ptolemy/actor/lib/test/auto/Limiter.xml (RunModel)" time="0.04" />
  <testcase classname="ptolemy.util.test.junit.AutoTests" name="[209] /home/travis/build/icyphy/ptII/ptolemy/actor/lib/test/auto/LinearDifferenceEquationSystem.xml (RunModel)" time="0.02" />
  <testcase classname="ptolemy.util.test.junit.AutoTests" name="[210] /home/travis/build/icyphy/ptII/ptolemy/actor/lib/test/auto/LookupTable.xml (RunModel)" time="0.01" />
  <testcase classname="ptolemy.util.test.junit.AutoTests" name="[211] /home/travis/build/icyphy/ptII/ptolemy/actor/lib/test/auto/MathFunction.xml (RunModel)" time="0.021" />
  <testcase classname="ptolemy.util.test.junit.AutoTests" name="[212] /home/travis/build/icyphy/ptII/ptolemy/actor/lib/test/auto/MathFunction2.xml (RunModel)" time="0.023" />
  <testcase classname="ptolemy.util.test.junit.AutoTests" name="[213] /home/travis/build/icyphy/ptII/ptolemy/actor/lib/test/auto/MathFunction3.xml (RunModel)" time="0.032" />
  <testcase classname="ptolemy.util.test.junit.AutoTests" name="[214] /home/travis/build/icyphy/ptII/ptolemy/actor/lib/test/auto/MatrixCropBoolean.xml (RunModel)" time="0.015" />
  <testcase classname="ptolemy.util.test.junit.AutoTests" name="[215] /home/travis/build/icyphy/ptII/ptolemy/actor/lib/test/auto/MatrixCropComplex.xml (RunModel)" time="0.014" />
  <testcase classname="ptolemy.util.test.junit.AutoTests" name="[216] /home/travis/build/icyphy/ptII/ptolemy/actor/lib/test/auto/MatrixCropDouble.xml (RunModel)" time="0.01" />
  <testcase classname="ptolemy.util.test.junit.AutoTests" name="[217] /home/travis/build/icyphy/ptII/ptolemy/actor/lib/test/auto/MatrixCropFix.xml (RunModel)" time="0.016" />
  <testcase classname="ptolemy.util.test.junit.AutoTests" name="[218] /home/travis/build/icyphy/ptII/ptolemy/actor/lib/test/auto/MatrixCropInt.xml (RunModel)" time="0.01" />
  <testcase classname="ptolemy.util.test.junit.AutoTests" name="[219] /home/travis/build/icyphy/ptII/ptolemy/actor/lib/test/auto/MatrixCropLong.xml (RunModel)" time="0.009" />
  <testcase classname="ptolemy.util.test.junit.AutoTests" name="[220] /home/travis/build/icyphy/ptII/ptolemy/actor/lib/test/auto/MatrixToArray.xml (RunModel)" time="0.052" />
  <testcase classname="ptolemy.util.test.junit.AutoTests" name="[221] /home/travis/build/icyphy/ptII/ptolemy/actor/lib/test/auto/MaxIndex.xml (RunModel)" time="0.013" />
  <testcase classname="ptolemy.util.test.junit.AutoTests" name="[222] /home/travis/build/icyphy/ptII/ptolemy/actor/lib/test/auto/Maximum.xml (RunModel)" time="0.014" />
  <testcase classname="ptolemy.util.test.junit.AutoTests" name="[223] /home/travis/build/icyphy/ptII/ptolemy/actor/lib/test/auto/MaximumComplex.xml (RunModel)" time="0.015" />
  <testcase classname="ptolemy.util.test.junit.AutoTests" name="[224] /home/travis/build/icyphy/ptII/ptolemy/actor/lib/test/auto/MethodCallTest.xml (RunModel)" time="0.021" />
  <testcase classname="ptolemy.util.test.junit.AutoTests" name="[225] /home/travis/build/icyphy/ptII/ptolemy/actor/lib/test/auto/Minimum.xml (RunModel)" time="0.013" />
  <testcase classname="ptolemy.util.test.junit.AutoTests" name="[226] /home/travis/build/icyphy/ptII/ptolemy/actor/lib/test/auto/MinimumComplex.xml (RunModel)" time="0.024" />
  <testcase classname="ptolemy.util.test.junit.AutoTests" name="[227] /home/travis/build/icyphy/ptII/ptolemy/actor/lib/test/auto/MinimumMultiports.xml (RunModel)" time="0.02" />
  <testcase classname="ptolemy.util.test.junit.AutoTests" name="[228] /home/travis/build/icyphy/ptII/ptolemy/actor/lib/test/auto/ModifyDate.xml (RunModel)" time="0.041" />
  <testcase classname="ptolemy.util.test.junit.AutoTests" name="[229] /home/travis/build/icyphy/ptII/ptolemy/actor/lib/test/auto/ModifyDate2.xml (RunModel)" time="0.029" />
  <testcase classname="ptolemy.util.test.junit.AutoTests" name="[230] /home/travis/build/icyphy/ptII/ptolemy/actor/lib/test/auto/MovingAverage.xml (RunModel)" time="0.01" />
  <testcase classname="ptolemy.util.test.junit.AutoTests" name="[231] /home/travis/build/icyphy/ptII/ptolemy/actor/lib/test/auto/MovingMaximum.xml (RunModel)" time="0.015" />
  <testcase classname="ptolemy.util.test.junit.AutoTests" name="[232] /home/travis/build/icyphy/ptII/ptolemy/actor/lib/test/auto/MultipleLinksToSameRelation.xml (RunModel)" time="0.009" />
  <testcase classname="ptolemy.util.test.junit.AutoTests" name="[233] /home/travis/build/icyphy/ptII/ptolemy/actor/lib/test/auto/MultipleLinksToSameRelationDE.xml (RunModel)" time="0.01" />
  <testcase classname="ptolemy.util.test.junit.AutoTests" name="[234] /home/travis/build/icyphy/ptII/ptolemy/actor/lib/test/auto/Multiplexor.xml (RunModel)" time="0.011" />
  <testcase classname="ptolemy.util.test.junit.AutoTests" name="[235] /home/travis/build/icyphy/ptII/ptolemy/actor/lib/test/auto/Multiplexor1.xml (RunModel)" time="0.012" />
  <testcase classname="ptolemy.util.test.junit.AutoTests" name="[236] /home/travis/build/icyphy/ptII/ptolemy/actor/lib/test/auto/Multiplexor2.xml (RunModel)" time="0.015" />
  <testcase classname="ptolemy.util.test.junit.AutoTests" name="[237] /home/travis/build/icyphy/ptII/ptolemy/actor/lib/test/auto/Multiplexor3.xml (RunModel)" time="0.009" />
  <testcase classname="ptolemy.util.test.junit.AutoTests" name="[238] /home/travis/build/icyphy/ptII/ptolemy/actor/lib/test/auto/MultiplexorDE.xml (RunModel)" time="0.017" />
  <testcase classname="ptolemy.util.test.junit.AutoTests" name="[239] /home/travis/build/icyphy/ptII/ptolemy/actor/lib/test/auto/MultiportBroadcastTest.xml (RunModel)" time="0.099" />
  <testcase classname="ptolemy.util.test.junit.AutoTests" name="[240] /home/travis/build/icyphy/ptII/ptolemy/actor/lib/test/auto/MultiportOutHangDuringGetWidth.xml (RunModel)" time="0.034" />
  <testcase classname="ptolemy.util.test.junit.AutoTests" name="[241] /home/travis/build/icyphy/ptII/ptolemy/actor/lib/test/auto/NilToken.xml (RunModel)" time="0.008" />
  <testcase classname="ptolemy.util.test.junit.AutoTests" name="[242] /home/travis/build/icyphy/ptII/ptolemy/actor/lib/test/auto/NilTokenNonStrictTest.xml (RunModel)" time="0.011" />
  <testcase classname="ptolemy.util.test.junit.AutoTests" name="[243] /home/travis/build/icyphy/ptII/ptolemy/actor/lib/test/auto/NilTokenRecord.xml (RunModel)" time="0.02" />
  <testcase classname="ptolemy.util.test.junit.AutoTests" name="[244] /home/travis/build/icyphy/ptII/ptolemy/actor/lib/test/auto/NilTokenTypeTest.xml (RunModel)" time="0.024" />
  <testcase classname="ptolemy.util.test.junit.AutoTests" name="[245] /home/travis/build/icyphy/ptII/ptolemy/actor/lib/test/auto/ObjectToken1.xml (RunModel)" time="0.008" />
  <testcase classname="ptolemy.util.test.junit.AutoTests" name="[246] /home/travis/build/icyphy/ptII/ptolemy/actor/lib/test/auto/OrderedMerge.xml (RunModel)" time="0.014" />
  <testcase classname="ptolemy.util.test.junit.AutoTests" name="[247] /home/travis/build/icyphy/ptII/ptolemy/actor/lib/test/auto/OrderedRecordDisassembler.xml (RunModel)" time="0.025" />
  <testcase classname="ptolemy.util.test.junit.AutoTests" name="[248] /home/travis/build/icyphy/ptII/ptolemy/actor/lib/test/auto/OrderedRecordDisassembler2.xml (RunModel)" time="0.026" />
  <testcase classname="ptolemy.util.test.junit.AutoTests" name="[249] /home/travis/build/icyphy/ptII/ptolemy/actor/lib/test/auto/OrderedRecordUpdater.xml (RunModel)" time="0.012" />
  <testcase classname="ptolemy.util.test.junit.AutoTests" name="[250] /home/travis/build/icyphy/ptII/ptolemy/actor/lib/test/auto/OrderedRecordUpdater2.xml (RunModel)" time="0.021" />
  <testcase classname="ptolemy.util.test.junit.AutoTests" name="[251] /home/travis/build/icyphy/ptII/ptolemy/actor/lib/test/auto/PhaseUnwrap.xml (RunModel)" time="0.013" />
  <testcase classname="ptolemy.util.test.junit.AutoTests" name="[252] /home/travis/build/icyphy/ptII/ptolemy/actor/lib/test/auto/PoissonClock.xml (RunModel)" time="0.011" />
  <testcase classname="ptolemy.util.test.junit.AutoTests" name="[253] /home/travis/build/icyphy/ptII/ptolemy/actor/lib/test/auto/PoissonClock2.xml (RunModel)" time="0.008" />
  <testcase classname="ptolemy.util.test.junit.AutoTests" name="[254] /home/travis/build/icyphy/ptII/ptolemy/actor/lib/test/auto/PoissonClock3.xml (RunModel)" time="0.025" />
  <testcase classname="ptolemy.util.test.junit.AutoTests" name="[255] /home/travis/build/icyphy/ptII/ptolemy/actor/lib/test/auto/PubSubWithInitialTokens.xml (RunModel)" time="0.01" />
  <testcase classname="ptolemy.util.test.junit.AutoTests" name="[256] /home/travis/build/icyphy/ptII/ptolemy/actor/lib/test/auto/PubSubWithInitialTokens2.xml (RunModel)" time="0.014" />
  <testcase classname="ptolemy.util.test.junit.AutoTests" name="[257] /home/travis/build/icyphy/ptII/ptolemy/actor/lib/test/auto/PublisherClassNoParameter.xml (RunModel)" time="0.028" />
  <testcase classname="ptolemy.util.test.junit.AutoTests" name="[258] /home/travis/build/icyphy/ptII/ptolemy/actor/lib/test/auto/PublisherClassParameter.xml (RunModel)" time="0.021" />
  <testcase classname="ptolemy.util.test.junit.AutoTests" name="[259] /home/travis/build/icyphy/ptII/ptolemy/actor/lib/test/auto/PublisherNonStrictTest.xml (RunModel)" time="0.016" />
  <testcase classname="ptolemy.util.test.junit.AutoTests" name="[260] /home/travis/build/icyphy/ptII/ptolemy/actor/lib/test/auto/PublisherPort1.xml (RunModel)" time="0.023" />
  <testcase classname="ptolemy.util.test.junit.AutoTests" name="[261] /home/travis/build/icyphy/ptII/ptolemy/actor/lib/test/auto/PublisherPort2.xml (RunModel)" time="0.01" />
  <testcase classname="ptolemy.util.test.junit.AutoTests" name="[262] /home/travis/build/icyphy/ptII/ptolemy/actor/lib/test/auto/PublisherPort3.xml (RunModel)" time="0.024" />
  <testcase classname="ptolemy.util.test.junit.AutoTests" name="[263] /home/travis/build/icyphy/ptII/ptolemy/actor/lib/test/auto/PublisherPort4.xml (RunModel)" time="0.015" />
  <testcase classname="ptolemy.util.test.junit.AutoTests" name="[264] /home/travis/build/icyphy/ptII/ptolemy/actor/lib/test/auto/PublisherPort5.xml (RunModel)" time="0.014" />
  <testcase classname="ptolemy.util.test.junit.AutoTests" name="[265] /home/travis/build/icyphy/ptII/ptolemy/actor/lib/test/auto/PublisherPort5LookAlike.xml (RunModel)" time="0.019" />
  <testcase classname="ptolemy.util.test.junit.AutoTests" name="[266] /home/travis/build/icyphy/ptII/ptolemy/actor/lib/test/auto/PublisherPort6.xml (RunModel)" time="0.012" />
  <testcase classname="ptolemy.util.test.junit.AutoTests" name="[267] /home/travis/build/icyphy/ptII/ptolemy/actor/lib/test/auto/PublisherPort7.xml (RunModel)" time="0.014" />
  <testcase classname="ptolemy.util.test.junit.AutoTests" name="[268] /home/travis/build/icyphy/ptII/ptolemy/actor/lib/test/auto/PublisherPort8.xml (RunModel)" time="0.017" />
  <testcase classname="ptolemy.util.test.junit.AutoTests" name="[269] /home/travis/build/icyphy/ptII/ptolemy/actor/lib/test/auto/PublisherPortSubscriberChannelVariablesAOC2.xml (RunModel)" time="0.045" />
  <testcase classname="ptolemy.util.test.junit.AutoTests" name="[270] /home/travis/build/icyphy/ptII/ptolemy/actor/lib/test/auto/PublisherPortSubscriberOpaqueWidthInference.xml (RunModel)" time="0.017" />
  <testcase classname="ptolemy.util.test.junit.AutoTests" name="[271] /home/travis/build/icyphy/ptII/ptolemy/actor/lib/test/auto/PublisherPortSubscriberPortAdjacent.xml (RunModel)" time="0.02" />
  <testcase classname="ptolemy.util.test.junit.AutoTests" name="[272] /home/travis/build/icyphy/ptII/ptolemy/actor/lib/test/auto/PublisherPortSubscriberPortExpression.xml (RunModel)" time="0.018" />
  <testcase classname="ptolemy.util.test.junit.AutoTests" name="[273] /home/travis/build/icyphy/ptII/ptolemy/actor/lib/test/auto/PublisherPortSubscriberPortOpaqueD3Reverse.xml (RunModel)" time="0.024" />
  <testcase classname="ptolemy.util.test.junit.AutoTests" name="[274] /home/travis/build/icyphy/ptII/ptolemy/actor/lib/test/auto/PublisherPortSubscriberPortOpaqueWidthInference.xml (RunModel)" time="0.019" />
  <testcase classname="ptolemy.util.test.junit.AutoTests" name="[275] /home/travis/build/icyphy/ptII/ptolemy/actor/lib/test/auto/PublisherPortToplevelSubscriberPortAOC.xml (RunModel)" time="0.013" />
  <testcase classname="ptolemy.util.test.junit.AutoTests" name="[276] /home/travis/build/icyphy/ptII/ptolemy/actor/lib/test/auto/PublisherSubscriber.xml (RunModel)" time="0.014" />
  <testcase classname="ptolemy.util.test.junit.AutoTests" name="[277] /home/travis/build/icyphy/ptII/ptolemy/actor/lib/test/auto/PublisherSubscriber10.xml (RunModel)" time="0.021" />
  <testcase classname="ptolemy.util.test.junit.AutoTests" name="[278] /home/travis/build/icyphy/ptII/ptolemy/actor/lib/test/auto/PublisherSubscriber10InitialOutputs.xml (RunModel)" time="0.027" />
  <testcase classname="ptolemy.util.test.junit.AutoTests" name="[279] /home/travis/build/icyphy/ptII/ptolemy/actor/lib/test/auto/PublisherSubscriber11.xml (RunModel)" time="0.019" />
  <testcase classname="ptolemy.util.test.junit.AutoTests" name="[280] /home/travis/build/icyphy/ptII/ptolemy/actor/lib/test/auto/PublisherSubscriber12.xml (RunModel)" time="0.015" />
  <testcase classname="ptolemy.util.test.junit.AutoTests" name="[281] /home/travis/build/icyphy/ptII/ptolemy/actor/lib/test/auto/PublisherSubscriber13.xml (RunModel)" time="0.013" />
  <testcase classname="ptolemy.util.test.junit.AutoTests" name="[282] /home/travis/build/icyphy/ptII/ptolemy/actor/lib/test/auto/PublisherSubscriber14.xml (RunModel)" time="0.018" />
  <testcase classname="ptolemy.util.test.junit.AutoTests" name="[283] /home/travis/build/icyphy/ptII/ptolemy/actor/lib/test/auto/PublisherSubscriber2.xml (RunModel)" time="0.021" />
  <testcase classname="ptolemy.util.test.junit.AutoTests" name="[284] /home/travis/build/icyphy/ptII/ptolemy/actor/lib/test/auto/PublisherSubscriber3.xml (RunModel)" time="0.015" />
  <testcase classname="ptolemy.util.test.junit.AutoTests" name="[285] /home/travis/build/icyphy/ptII/ptolemy/actor/lib/test/auto/PublisherSubscriber4.xml (RunModel)" time="0.01" />
  <testcase classname="ptolemy.util.test.junit.AutoTests" name="[286] /home/travis/build/icyphy/ptII/ptolemy/actor/lib/test/auto/PublisherSubscriber5.xml (RunModel)" time="0.015" />
  <testcase classname="ptolemy.util.test.junit.AutoTests" name="[287] /home/travis/build/icyphy/ptII/ptolemy/actor/lib/test/auto/PublisherSubscriber6.xml (RunModel)" time="0.016" />
  <testcase classname="ptolemy.util.test.junit.AutoTests" name="[288] /home/travis/build/icyphy/ptII/ptolemy/actor/lib/test/auto/PublisherSubscriber7.xml (RunModel)" time="0.019" />
  <testcase classname="ptolemy.util.test.junit.AutoTests" name="[289] /home/travis/build/icyphy/ptII/ptolemy/actor/lib/test/auto/PublisherSubscriber8.xml (RunModel)" time="0.037" />
  <testcase classname="ptolemy.util.test.junit.AutoTests" name="[290] /home/travis/build/icyphy/ptII/ptolemy/actor/lib/test/auto/PublisherSubscriber9.xml (RunModel)" time="0.021" />
  <testcase classname="ptolemy.util.test.junit.AutoTests" name="[291] /home/travis/build/icyphy/ptII/ptolemy/actor/lib/test/auto/PublisherSubscriberAdjacent.xml (RunModel)" time="0.016" />
  <testcase classname="ptolemy.util.test.junit.AutoTests" name="[292] /home/travis/build/icyphy/ptII/ptolemy/actor/lib/test/auto/PublisherSubscriberChannelVariablesAOC2.xml (RunModel)" time="0.065" />
  <testcase classname="ptolemy.util.test.junit.AutoTests" name="[293] /home/travis/build/icyphy/ptII/ptolemy/actor/lib/test/auto/PublisherSubscriberD3.xml (RunModel)" time="0.016" />
  <testcase classname="ptolemy.util.test.junit.AutoTests" name="[294] /home/travis/build/icyphy/ptII/ptolemy/actor/lib/test/auto/PublisherSubscriberD3Reverse.xml (RunModel)" time="0.012" />
  <testcase classname="ptolemy.util.test.junit.AutoTests" name="[295] /home/travis/build/icyphy/ptII/ptolemy/actor/lib/test/auto/PublisherSubscriberExpression.xml (RunModel)" time="0.017" />
  <testcase classname="ptolemy.util.test.junit.AutoTests" name="[296] /home/travis/build/icyphy/ptII/ptolemy/actor/lib/test/auto/PublisherSubscriberOpaque.xml (RunModel)" time="0.015" />
  <testcase classname="ptolemy.util.test.junit.AutoTests" name="[297] /home/travis/build/icyphy/ptII/ptolemy/actor/lib/test/auto/PublisherSubscriberOpaqueD3.xml (RunModel)" time="0.024" />
  <testcase classname="ptolemy.util.test.junit.AutoTests" name="[298] /home/travis/build/icyphy/ptII/ptolemy/actor/lib/test/auto/PublisherSubscriberOpaqueD3Reverse.xml (RunModel)" time="0.022" />
  <testcase classname="ptolemy.util.test.junit.AutoTests" name="[299] /home/travis/build/icyphy/ptII/ptolemy/actor/lib/test/auto/PublisherSubscriberOpaqueWidthInference.xml (RunModel)" time="0.019" />
  <testcase classname="ptolemy.util.test.junit.AutoTests" name="[300] /home/travis/build/icyphy/ptII/ptolemy/actor/lib/test/auto/PublisherTestSubscriber.xml (RunModel)" time="0.016" />
  <testcase classname="ptolemy.util.test.junit.AutoTests" name="[301] /home/travis/build/icyphy/ptII/ptolemy/actor/lib/test/auto/PublisherToplevelSubscriberPortAOC.xml (RunModel)" time="0.011" />
  <testcase classname="ptolemy.util.test.junit.AutoTests" name="[302] /home/travis/build/icyphy/ptII/ptolemy/actor/lib/test/auto/PulseFiringLimitDE.xml (RunModel)" time="0.015" />
  <testcase classname="ptolemy.util.test.junit.AutoTests" name="[303] /home/travis/build/icyphy/ptII/ptolemy/actor/lib/test/auto/Ramp1.xml (RunModel)" time="0.007" />
  <testcase classname="ptolemy.util.test.junit.AutoTests" name="[304] /home/travis/build/icyphy/ptII/ptolemy/actor/lib/test/auto/RampFiringLimitDE.xml (RunModel)" time="0.012" />
  <testcase classname="ptolemy.util.test.junit.AutoTests" name="[305] /home/travis/build/icyphy/ptII/ptolemy/actor/lib/test/auto/RampFiringLimitSDF.xml (RunModel)" time="0.01" />
  <testcase classname="ptolemy.util.test.junit.AutoTests" name="[306] /home/travis/build/icyphy/ptII/ptolemy/actor/lib/test/auto/RandomInteger.xml (RunModel)" time="0.008" />
  <testcase classname="ptolemy.util.test.junit.AutoTests" name="[307] /home/travis/build/icyphy/ptII/ptolemy/actor/lib/test/auto/ReadFile1.xml (RunModel)" time="0.008" />
  <testcase classname="ptolemy.util.test.junit.AutoTests" name="[308] /home/travis/build/icyphy/ptII/ptolemy/actor/lib/test/auto/ReadFile2.xml (RunModel)" time="0.008" />
  <testcase classname="ptolemy.util.test.junit.AutoTests" name="[309] /home/travis/build/icyphy/ptII/ptolemy/actor/lib/test/auto/Reader.xml (RunModel)" time="0.015" />
  <testcase classname="ptolemy.util.test.junit.AutoTests" name="[310] /home/travis/build/icyphy/ptII/ptolemy/actor/lib/test/auto/RecordAssemblerDisplayNameTest.xml (RunModel)" time="3.53" />
  <testcase classname="ptolemy.util.test.junit.AutoTests" name="[311] /home/travis/build/icyphy/ptII/ptolemy/actor/lib/test/auto/RecordAssemblerTypeError.xml (RunModel)" time="0.065" />
  <testcase classname="ptolemy.util.test.junit.AutoTests" name="[312] /home/travis/build/icyphy/ptII/ptolemy/actor/lib/test/auto/RecordDisassember.xml (RunModel)" time="0.01" />
  <testcase classname="ptolemy.util.test.junit.AutoTests" name="[313] /home/travis/build/icyphy/ptII/ptolemy/actor/lib/test/auto/RecordDisassemberDisplayNameTest.xml (RunModel)" time="0.021" />
  <testcase classname="ptolemy.util.test.junit.AutoTests" name="[314] /home/travis/build/icyphy/ptII/ptolemy/actor/lib/test/auto/RecordDisassembler.xml (RunModel)" time="0.011" />
  <testcase classname="ptolemy.util.test.junit.AutoTests" name="[315] /home/travis/build/icyphy/ptII/ptolemy/actor/lib/test/auto/RecordDisassembler2.xml (RunModel)" time="0.01" />
  <testcase classname="ptolemy.util.test.junit.AutoTests" name="[316] /home/travis/build/icyphy/ptII/ptolemy/actor/lib/test/auto/RecordUpdater.xml (RunModel)" time="0.009" />
  <testcase classname="ptolemy.util.test.junit.AutoTests" name="[317] /home/travis/build/icyphy/ptII/ptolemy/actor/lib/test/auto/RecordUpdater2.xml (RunModel)" time="0.009" />
  <testcase classname="ptolemy.util.test.junit.AutoTests" name="[318] /home/travis/build/icyphy/ptII/ptolemy/actor/lib/test/auto/RecursiveLattice.xml (RunModel)" time="0.009" />
  <testcase classname="ptolemy.util.test.junit.AutoTests" name="[319] /home/travis/build/icyphy/ptII/ptolemy/actor/lib/test/auto/Router.xml (RunModel)" time="3.029" />
  <testcase classname="ptolemy.util.test.junit.AutoTests" name="[320] /home/travis/build/icyphy/ptII/ptolemy/actor/lib/test/auto/Router2.xml (RunModel)" time="3.028" />
  <testcase classname="ptolemy.util.test.junit.AutoTests" name="[321] /home/travis/build/icyphy/ptII/ptolemy/actor/lib/test/auto/RunningMaximum.xml (RunModel)" time="0.015" />
  <testcase classname="ptolemy.util.test.junit.AutoTests" name="[322] /home/travis/build/icyphy/ptII/ptolemy/actor/lib/test/auto/RunningMinimum.xml (RunModel)" time="0.018" />
  <testcase classname="ptolemy.util.test.junit.AutoTests" name="[323] /home/travis/build/icyphy/ptII/ptolemy/actor/lib/test/auto/Scale.xml (RunModel)" time="0.009" />
  <testcase classname="ptolemy.util.test.junit.AutoTests" name="[324] /home/travis/build/icyphy/ptII/ptolemy/actor/lib/test/auto/Scale2.xml (RunModel)" time="0.009" />
  <testcase classname="ptolemy.util.test.junit.AutoTests" name="[325] /home/travis/build/icyphy/ptII/ptolemy/actor/lib/test/auto/Scale3.xml (RunModel)" time="0.013" />
  <testcase classname="ptolemy.util.test.junit.AutoTests" name="[326] /home/travis/build/icyphy/ptII/ptolemy/actor/lib/test/auto/ScaleArray.xml (RunModel)" time="0.007" />
  <testcase classname="ptolemy.util.test.junit.AutoTests" name="[327] /home/travis/build/icyphy/ptII/ptolemy/actor/lib/test/auto/ScaleArray2.xml (RunModel)" time="0.007" />
  <testcase classname="ptolemy.util.test.junit.AutoTests" name="[328] /home/travis/build/icyphy/ptII/ptolemy/actor/lib/test/auto/ScaleMatrix.xml (RunModel)" time="0.126" />
  <testcase classname="ptolemy.util.test.junit.AutoTests" name="[329] /home/travis/build/icyphy/ptII/ptolemy/actor/lib/test/auto/Select.xml (RunModel)" time="0.013" />
  <testcase classname="ptolemy.util.test.junit.AutoTests" name="[330] /home/travis/build/icyphy/ptII/ptolemy/actor/lib/test/auto/Select2.xml (RunModel)" time="0.007" />
  <testcase classname="ptolemy.util.test.junit.AutoTests" name="[331] /home/travis/build/icyphy/ptII/ptolemy/actor/lib/test/auto/SequenceToArray2.xml (RunModel)" time="0.134" />
  <testcase classname="ptolemy.util.test.junit.AutoTests" name="[332] /home/travis/build/icyphy/ptII/ptolemy/actor/lib/test/auto/SequentialClock.xml (RunModel)" time="0.015" />
  <testcase classname="ptolemy.util.test.junit.AutoTests" name="[333] /home/travis/build/icyphy/ptII/ptolemy/actor/lib/test/auto/SetVariable.xml (RunModel)" time="0.008" />
  <testcase classname="ptolemy.util.test.junit.AutoTests" name="[334] /home/travis/build/icyphy/ptII/ptolemy/actor/lib/test/auto/SetVariable2.xml (RunModel)" time="0.011" />
  <testcase classname="ptolemy.util.test.junit.AutoTests" name="[335] /home/travis/build/icyphy/ptII/ptolemy/actor/lib/test/auto/SetVariable3.xml (RunModel)" time="0.014" />
  <testcase classname="ptolemy.util.test.junit.AutoTests" name="[336] /home/travis/build/icyphy/ptII/ptolemy/actor/lib/test/auto/SetVariable4.xml (RunModel)" time="0.021" />
  <testcase classname="ptolemy.util.test.junit.AutoTests" name="[337] /home/travis/build/icyphy/ptII/ptolemy/actor/lib/test/auto/SetVariable5.xml (RunModel)" time="0.038" />
  <testcase classname="ptolemy.util.test.junit.AutoTests" name="[338] /home/travis/build/icyphy/ptII/ptolemy/actor/lib/test/auto/Sinewave.xml (RunModel)" time="0.042" />
  <testcase classname="ptolemy.util.test.junit.AutoTests" name="[339] /home/travis/build/icyphy/ptII/ptolemy/actor/lib/test/auto/Sinewave2.xml (RunModel)" time="0.018" />
  <testcase classname="ptolemy.util.test.junit.AutoTests" name="[340] /home/travis/build/icyphy/ptII/ptolemy/actor/lib/test/auto/Sinewave3.xml (RunModel)" time="0.019" />
  <testcase classname="ptolemy.util.test.junit.AutoTests" name="[341] /home/travis/build/icyphy/ptII/ptolemy/actor/lib/test/auto/SingleEvent.xml (RunModel)" time="0.007" />
  <testcase classname="ptolemy.util.test.junit.AutoTests" name="[342] /home/travis/build/icyphy/ptII/ptolemy/actor/lib/test/auto/Sleep.xml (RunModel)" time="6.013" />
  <testcase classname="ptolemy.util.test.junit.AutoTests" name="[343] /home/travis/build/icyphy/ptII/ptolemy/actor/lib/test/auto/SleepMultipleFire.xml (RunModel)" time="1.023" />
  <testcase classname="ptolemy.util.test.junit.AutoTests" name="[344] /home/travis/build/icyphy/ptII/ptolemy/actor/lib/test/auto/StopDE.xml (RunModel)" time="0.02" />
  <testcase classname="ptolemy.util.test.junit.AutoTests" name="[345] /home/travis/build/icyphy/ptII/ptolemy/actor/lib/test/auto/StopSDF.xml (RunModel)" time="0.013" />
  <testcase classname="ptolemy.util.test.junit.AutoTests" name="[346] /home/travis/build/icyphy/ptII/ptolemy/actor/lib/test/auto/StringConstant.xml (RunModel)" time="0.019" />
  <testcase classname="ptolemy.util.test.junit.AutoTests" name="[347] /home/travis/build/icyphy/ptII/ptolemy/actor/lib/test/auto/SubscriberPortInitialValues1.xml (RunModel)" time="0.033" />
  <testcase classname="ptolemy.util.test.junit.AutoTests" name="[348] /home/travis/build/icyphy/ptII/ptolemy/actor/lib/test/auto/SubscriberPortInitialValues13.xml (RunModel)" time="0.026" />
  <testcase classname="ptolemy.util.test.junit.AutoTests" name="[349] /home/travis/build/icyphy/ptII/ptolemy/actor/lib/test/auto/SubscriberPortInitialValues14.xml (RunModel)" time="0.016" />
  <testcase classname="ptolemy.util.test.junit.AutoTests" name="[350] /home/travis/build/icyphy/ptII/ptolemy/actor/lib/test/auto/SubscriberPortInitialValues2.xml (RunModel)" time="0.017" />
  <testcase classname="ptolemy.util.test.junit.AutoTests" name="[351] /home/travis/build/icyphy/ptII/ptolemy/actor/lib/test/auto/SubscriberPortInitialValues3.xml (RunModel)" time="0.021" />
  <testcase classname="ptolemy.util.test.junit.AutoTests" name="[352] /home/travis/build/icyphy/ptII/ptolemy/actor/lib/test/auto/SubscriptionAggregator.xml (RunModel)" time="0.011" />
  <testcase classname="ptolemy.util.test.junit.AutoTests" name="[353] /home/travis/build/icyphy/ptII/ptolemy/actor/lib/test/auto/SubscriptionAggregator2.xml (RunModel)" time="0.011" />
  <testcase classname="ptolemy.util.test.junit.AutoTests" name="[354] /home/travis/build/icyphy/ptII/ptolemy/actor/lib/test/auto/SubscriptionAggregator3.xml (RunModel)" time="0.015" />
  <testcase classname="ptolemy.util.test.junit.AutoTests" name="[355] /home/travis/build/icyphy/ptII/ptolemy/actor/lib/test/auto/SubscriptionAggregatorMultiply.xml (RunModel)" time="0.024" />
  <testcase classname="ptolemy.util.test.junit.AutoTests" name="[356] /home/travis/build/icyphy/ptII/ptolemy/actor/lib/test/auto/SubscriptionAggregatorPortMultiply1.xml (RunModel)" time="0.061" />
  <testcase classname="ptolemy.util.test.junit.AutoTests" name="[357] /home/travis/build/icyphy/ptII/ptolemy/actor/lib/test/auto/Switch.xml (RunModel)" time="0.023" />
  <testcase classname="ptolemy.util.test.junit.AutoTests" name="[358] /home/travis/build/icyphy/ptII/ptolemy/actor/lib/test/auto/Switch2.xml (RunModel)" time="0.008" />
  <testcase classname="ptolemy.util.test.junit.AutoTests" name="[359] /home/travis/build/icyphy/ptII/ptolemy/actor/lib/test/auto/SwitchDE.xml (RunModel)" time="0.014" />
  <testcase classname="ptolemy.util.test.junit.AutoTests" name="[360] /home/travis/build/icyphy/ptII/ptolemy/actor/lib/test/auto/SynchronizerDE.xml (RunModel)" time="0.023" />
  <testcase classname="ptolemy.util.test.junit.AutoTests" name="[361] /home/travis/build/icyphy/ptII/ptolemy/actor/lib/test/auto/Test.xml (RunModel)" time="0.018" />
  <testcase classname="ptolemy.util.test.junit.AutoTests" name="[362] /home/travis/build/icyphy/ptII/ptolemy/actor/lib/test/auto/TestExceptionAttribute1.xml (RunModel)" time="0.006" />
  <testcase classname="ptolemy.util.test.junit.AutoTests" name="[363] /home/travis/build/icyphy/ptII/ptolemy/actor/lib/test/auto/TestExceptionAttribute2.xml (RunModel)" time="0.008" />
  <testcase classname="ptolemy.util.test.junit.AutoTests" name="[364] /home/travis/build/icyphy/ptII/ptolemy/actor/lib/test/auto/TestExceptionAttribute3.xml (RunModel)" time="0.006" />
  <testcase classname="ptolemy.util.test.junit.AutoTests" name="[365] /home/travis/build/icyphy/ptII/ptolemy/actor/lib/test/auto/TestExceptionAttribute4.xml (RunModel)" time="0.007" />
  <testcase classname="ptolemy.util.test.junit.AutoTests" name="[366] /home/travis/build/icyphy/ptII/ptolemy/actor/lib/test/auto/TestExceptionHandler1.xml (RunModel)" time="0.008" />
  <testcase classname="ptolemy.util.test.junit.AutoTests" name="[367] /home/travis/build/icyphy/ptII/ptolemy/actor/lib/test/auto/TestExceptionHandler2.xml (RunModel)" time="0.009" />
  <testcase classname="ptolemy.util.test.junit.AutoTests" name="[368] /home/travis/build/icyphy/ptII/ptolemy/actor/lib/test/auto/TestExceptionHandler3.xml (RunModel)" time="0.008" />
  <testcase classname="ptolemy.util.test.junit.AutoTests" name="[369] /home/travis/build/icyphy/ptII/ptolemy/actor/lib/test/auto/TestExceptionHandler4.xml (RunModel)" time="0.006" />
  <testcase classname="ptolemy.util.test.junit.AutoTests" name="[370] /home/travis/build/icyphy/ptII/ptolemy/actor/lib/test/auto/TestRequireCorrectOrder.xml (RunModel)" time="0.013" />
  <testcase classname="ptolemy.util.test.junit.AutoTests" name="[371] /home/travis/build/icyphy/ptII/ptolemy/actor/lib/test/auto/TestSimple.xml (RunModel)" time="0.006" />
  <testcase classname="ptolemy.util.test.junit.AutoTests" name="[372] /home/travis/build/icyphy/ptII/ptolemy/actor/lib/test/auto/ThrowModelError.xml (RunModel)" time="0.01" />
  <testcase classname="ptolemy.util.test.junit.AutoTests" name="[373] /home/travis/build/icyphy/ptII/ptolemy/actor/lib/test/auto/TimeDelayMicrosteps.xml (RunModel)" time="0.013" />
  <testcase classname="ptolemy.util.test.junit.AutoTests" name="[374] /home/travis/build/icyphy/ptII/ptolemy/actor/lib/test/auto/TimeDelayMicrosteps2.xml (RunModel)" time="0.016" />
  <testcase classname="ptolemy.util.test.junit.AutoTests" name="[375] /home/travis/build/icyphy/ptII/ptolemy/actor/lib/test/auto/TimeDelayMicrosteps3.xml (RunModel)" time="0.014" />
  <testcase classname="ptolemy.util.test.junit.AutoTests" name="[376] /home/travis/build/icyphy/ptII/ptolemy/actor/lib/test/auto/TimeDelayVariableMicrosteps.xml (RunModel)" time="0.012" />
  <testcase classname="ptolemy.util.test.junit.AutoTests" name="[377] /home/travis/build/icyphy/ptII/ptolemy/actor/lib/test/auto/TimeGap.xml (RunModel)" time="0.014" />
  <testcase classname="ptolemy.util.test.junit.AutoTests" name="[378] /home/travis/build/icyphy/ptII/ptolemy/actor/lib/test/auto/TimeGap2.xml (RunModel)" time="0.01" />
  <testcase classname="ptolemy.util.test.junit.AutoTests" name="[379] /home/travis/build/icyphy/ptII/ptolemy/actor/lib/test/auto/TimedSinewave.xml (RunModel)" time="0.056" />
  <testcase classname="ptolemy.util.test.junit.AutoTests" name="[380] /home/travis/build/icyphy/ptII/ptolemy/actor/lib/test/auto/TimedSinewavePhase.xml (RunModel)" time="0.031" />
  <testcase classname="ptolemy.util.test.junit.AutoTests" name="[381] /home/travis/build/icyphy/ptII/ptolemy/actor/lib/test/auto/Timer.xml (RunModel)" time="0.013" />
  <testcase classname="ptolemy.util.test.junit.AutoTests" name="[382] /home/travis/build/icyphy/ptII/ptolemy/actor/lib/test/auto/TriangularDistTestModel.xml (RunModel)" time="0.015" />
  <testcase classname="ptolemy.util.test.junit.AutoTests" name="[383] /home/travis/build/icyphy/ptII/ptolemy/actor/lib/test/auto/TrigFunction.xml (RunModel)" time="0.008" />
  <testcase classname="ptolemy.util.test.junit.AutoTests" name="[384] /home/travis/build/icyphy/ptII/ptolemy/actor/lib/test/auto/TrigFunctionDE.xml (RunModel)" time="0.01" />
  <testcase classname="ptolemy.util.test.junit.AutoTests" name="[385] /home/travis/build/icyphy/ptII/ptolemy/actor/lib/test/auto/TrigFunctionInverse.xml (RunModel)" time="0.009" />
  <testcase classname="ptolemy.util.test.junit.AutoTests" name="[386] /home/travis/build/icyphy/ptII/ptolemy/actor/lib/test/auto/TrigFunctionTan.xml (RunModel)" time="0.007" />
  <testcase classname="ptolemy.util.test.junit.AutoTests" name="[387] /home/travis/build/icyphy/ptII/ptolemy/actor/lib/test/auto/TriggeredClock.xml (RunModel)" time="0.007" />
  <testcase classname="ptolemy.util.test.junit.AutoTests" name="[388] /home/travis/build/icyphy/ptII/ptolemy/actor/lib/test/auto/URLDirectoryReader.xml (RunModel)" time="0.131" />
  <testcase classname="ptolemy.util.test.junit.AutoTests" name="[389] /home/travis/build/icyphy/ptII/ptolemy/actor/lib/test/auto/URLDirectoryReader3.xml (RunModel)" time="1.388" />
  <testcase classname="ptolemy.util.test.junit.AutoTests" name="[390] /home/travis/build/icyphy/ptII/ptolemy/actor/lib/test/auto/UnaryMathFunction.xml (RunModel)" time="0.026" />
  <testcase classname="ptolemy.util.test.junit.AutoTests" name="[391] /home/travis/build/icyphy/ptII/ptolemy/actor/lib/test/auto/Uniform.xml (RunModel)" time="0.014" />
  <testcase classname="ptolemy.util.test.junit.AutoTests" name="[392] /home/travis/build/icyphy/ptII/ptolemy/actor/lib/test/auto/UnionDisassemblerTest.xml (RunModel)" time="0.019" />
  <testcase classname="ptolemy.util.test.junit.AutoTests" name="[393] /home/travis/build/icyphy/ptII/ptolemy/actor/lib/test/auto/UtilityFunctions.xml (RunModel)" time="0.007" />
  <testcase classname="ptolemy.util.test.junit.AutoTests" name="[394] /home/travis/build/icyphy/ptII/ptolemy/actor/lib/test/auto/VariableSleep.xml (RunModel)" time="0.511" />
  <testcase classname="ptolemy.util.test.junit.AutoTests" name="[395] /home/travis/build/icyphy/ptII/ptolemy/actor/lib/test/auto/VectorAssemblerDisassemblerCT.xml (RunModel)" time="0.136" />
  <testcase classname="ptolemy.util.test.junit.AutoTests" name="[396] /home/travis/build/icyphy/ptII/ptolemy/actor/lib/test/auto/VectorAssemblerDisassemblerDE.xml (RunModel)" time="0.015" />
  <testcase classname="ptolemy.util.test.junit.AutoTests" name="[397] /home/travis/build/icyphy/ptII/ptolemy/actor/lib/test/auto/VectorAssemblerDisassemblerSDF.xml (RunModel)" time="0.012" />
  <testcase classname="ptolemy.util.test.junit.AutoTests" name="[398] /home/travis/build/icyphy/ptII/ptolemy/actor/lib/test/auto/WallClockTime.xml (RunModel)" time="1.014" />
  <testcase classname="ptolemy.util.test.junit.AutoTests" name="[399] /home/travis/build/icyphy/ptII/ptolemy/actor/lib/test/auto/WidthTestWithSubscriberPublisher.xml (RunModel)" time="0.04" />
  <testcase classname="ptolemy.util.test.junit.AutoTests" name="[400] /home/travis/build/icyphy/ptII/ptolemy/actor/lib/test/auto/WidthTestWithSubscriberPublisher2.xml (RunModel)" time="0.013" />
  <testcase classname="ptolemy.util.test.junit.AutoTests" name="[401] /home/travis/build/icyphy/ptII/ptolemy/actor/lib/test/auto/WidthTestWithSubscriberPublisher3.xml (RunModel)" time="0.015" />
  <testcase classname="ptolemy.util.test.junit.AutoTests" name="[402] /home/travis/build/icyphy/ptII/ptolemy/actor/lib/test/auto/Writer.xml (RunModel)" time="0.008" />
  <testcase classname="ptolemy.util.test.junit.AutoTests" name="[403] /home/travis/build/icyphy/ptII/ptolemy/actor/lib/test/auto/array.xml (RunModel)" time="0.009" />
  <testcase classname="ptolemy.util.test.junit.AutoTests" name="[404] /home/travis/build/icyphy/ptII/ptolemy/actor/lib/test/auto/array2.xml (RunModel)" time="0.008" />
  <testcase classname="ptolemy.util.test.junit.AutoTests" name="[405] /home/travis/build/icyphy/ptII/ptolemy/actor/lib/test/auto/arrayType.xml (RunModel)" time="0.01" />
  <testcase classname="ptolemy.util.test.junit.AutoTests" name="[406] /home/travis/build/icyphy/ptII/ptolemy/actor/lib/test/auto/arrayType10.xml (RunModel)" time="0.009" />
  <testcase classname="ptolemy.util.test.junit.AutoTests" name="[407] /home/travis/build/icyphy/ptII/ptolemy/actor/lib/test/auto/arrayType11.xml (RunModel)" time="0.008" />
  <testcase classname="ptolemy.util.test.junit.AutoTests" name="[408] /home/travis/build/icyphy/ptII/ptolemy/actor/lib/test/auto/arrayType12.xml (RunModel)" time="0.011" />
  <testcase classname="ptolemy.util.test.junit.AutoTests" name="[409] /home/travis/build/icyphy/ptII/ptolemy/actor/lib/test/auto/arrayType13.xml (RunModel)" time="0.008" />
  <testcase classname="ptolemy.util.test.junit.AutoTests" name="[410] /home/travis/build/icyphy/ptII/ptolemy/actor/lib/test/auto/arrayType14.xml (RunModel)" time="0.01" />
  <testcase classname="ptolemy.util.test.junit.AutoTests" name="[411] /home/travis/build/icyphy/ptII/ptolemy/actor/lib/test/auto/arrayType15.xml (RunModel)" time="0.012" />
  <testcase classname="ptolemy.util.test.junit.AutoTests" name="[412] /home/travis/build/icyphy/ptII/ptolemy/actor/lib/test/auto/arrayType16.xml (RunModel)" time="0.008" />
  <testcase classname="ptolemy.util.test.junit.AutoTests" name="[413] /home/travis/build/icyphy/ptII/ptolemy/actor/lib/test/auto/arrayType17.xml (RunModel)" time="0.009" />
  <testcase classname="ptolemy.util.test.junit.AutoTests" name="[414] /home/travis/build/icyphy/ptII/ptolemy/actor/lib/test/auto/arrayType18.xml (RunModel)" time="0.007" />
  <testcase classname="ptolemy.util.test.junit.AutoTests" name="[415] /home/travis/build/icyphy/ptII/ptolemy/actor/lib/test/auto/arrayType19.xml (RunModel)" time="0.009" />
  <testcase classname="ptolemy.util.test.junit.AutoTests" name="[416] /home/travis/build/icyphy/ptII/ptolemy/actor/lib/test/auto/arrayType2.xml (RunModel)" time="0.009" />
  <testcase classname="ptolemy.util.test.junit.AutoTests" name="[417] /home/travis/build/icyphy/ptII/ptolemy/actor/lib/test/auto/arrayType20.xml (RunModel)" time="0.008" />
  <testcase classname="ptolemy.util.test.junit.AutoTests" name="[418] /home/travis/build/icyphy/ptII/ptolemy/actor/lib/test/auto/arrayType21.xml (RunModel)" time="0.007" />
  <testcase classname="ptolemy.util.test.junit.AutoTests" name="[419] /home/travis/build/icyphy/ptII/ptolemy/actor/lib/test/auto/arrayType22.xml (RunModel)" time="0.007" />
  <testcase classname="ptolemy.util.test.junit.AutoTests" name="[420] /home/travis/build/icyphy/ptII/ptolemy/actor/lib/test/auto/arrayType23.xml (RunModel)" time="0.007" />
  <testcase classname="ptolemy.util.test.junit.AutoTests" name="[421] /home/travis/build/icyphy/ptII/ptolemy/actor/lib/test/auto/arrayType24.xml (RunModel)" time="0.008" />
  <testcase classname="ptolemy.util.test.junit.AutoTests" name="[422] /home/travis/build/icyphy/ptII/ptolemy/actor/lib/test/auto/arrayType25.xml (RunModel)" time="0.01" />
  <testcase classname="ptolemy.util.test.junit.AutoTests" name="[423] /home/travis/build/icyphy/ptII/ptolemy/actor/lib/test/auto/arrayType26.xml (RunModel)" time="0.008" />
  <testcase classname="ptolemy.util.test.junit.AutoTests" name="[424] /home/travis/build/icyphy/ptII/ptolemy/actor/lib/test/auto/arrayType27.xml (RunModel)" time="0.013" />
  <testcase classname="ptolemy.util.test.junit.AutoTests" name="[425] /home/travis/build/icyphy/ptII/ptolemy/actor/lib/test/auto/arrayType28.xml (RunModel)" time="0.01" />
  <testcase classname="ptolemy.util.test.junit.AutoTests" name="[426] /home/travis/build/icyphy/ptII/ptolemy/actor/lib/test/auto/arrayType3.xml (RunModel)" time="0.009" />
  <testcase classname="ptolemy.util.test.junit.AutoTests" name="[427] /home/travis/build/icyphy/ptII/ptolemy/actor/lib/test/auto/arrayType4.xml (RunModel)" time="0.008" />
  <testcase classname="ptolemy.util.test.junit.AutoTests" name="[428] /home/travis/build/icyphy/ptII/ptolemy/actor/lib/test/auto/arrayType5.xml (RunModel)" time="0.008" />
  <testcase classname="ptolemy.util.test.junit.AutoTests" name="[429] /home/travis/build/icyphy/ptII/ptolemy/actor/lib/test/auto/arrayType6.xml (RunModel)" time="0.008" />
  <testcase classname="ptolemy.util.test.junit.AutoTests" name="[430] /home/travis/build/icyphy/ptII/ptolemy/actor/lib/test/auto/arrayType7.xml (RunModel)" time="0.01" />
  <testcase classname="ptolemy.util.test.junit.AutoTests" name="[431] /home/travis/build/icyphy/ptII/ptolemy/actor/lib/test/auto/arrayType8.xml (RunModel)" time="0.014" />
  <testcase classname="ptolemy.util.test.junit.AutoTests" name="[432] /home/travis/build/icyphy/ptII/ptolemy/actor/lib/test/auto/arrayType9.xml (RunModel)" time="0.008" />
  <testcase classname="ptolemy.util.test.junit.AutoTests" name="[433] /home/travis/build/icyphy/ptII/ptolemy/actor/lib/test/auto/cast.xml (RunModel)" time="0.008" />
  <testcase classname="ptolemy.util.test.junit.AutoTests" name="[434] /home/travis/build/icyphy/ptII/ptolemy/actor/lib/test/auto/compositeMultiPort.xml (RunModel)" time="0.018" />
  <testcase classname="ptolemy.util.test.junit.AutoTests" name="[435] /home/travis/build/icyphy/ptII/ptolemy/actor/lib/test/auto/expressionCastInference.xml (RunModel)" time="0.019" />
  <testcase classname="ptolemy.util.test.junit.AutoTests" name="[436] /home/travis/build/icyphy/ptII/ptolemy/actor/lib/test/auto/expressionCastInference2.xml (RunModel)" time="0.01" />
  <testcase classname="ptolemy.util.test.junit.AutoTests" name="[437] /home/travis/build/icyphy/ptII/ptolemy/actor/lib/test/auto/expressionInference.xml (RunModel)" time="0.006" />
  <testcase classname="ptolemy.util.test.junit.AutoTests" name="[438] /home/travis/build/icyphy/ptII/ptolemy/actor/lib/test/auto/expression_bug.xml (RunModel)" time="0.006" />
  <testcase classname="ptolemy.util.test.junit.AutoTests" name="[439] /home/travis/build/icyphy/ptII/ptolemy/actor/lib/test/auto/factorial.xml (RunModel)" time="0.05" />
  <testcase classname="ptolemy.util.test.junit.AutoTests" name="[440] /home/travis/build/icyphy/ptII/ptolemy/actor/lib/test/auto/filterTest1.xml (RunModel)" time="0.016" />
  <testcase classname="ptolemy.util.test.junit.AutoTests" name="[441] /home/travis/build/icyphy/ptII/ptolemy/actor/lib/test/auto/funcApplyInConst.xml (RunModel)" time="0.005" />
  <testcase classname="ptolemy.util.test.junit.AutoTests" name="[442] /home/travis/build/icyphy/ptII/ptolemy/actor/lib/test/auto/funcApplyInExpr.xml (RunModel)" time="0.005" />
  <testcase classname="ptolemy.util.test.junit.AutoTests" name="[443] /home/travis/build/icyphy/ptII/ptolemy/actor/lib/test/auto/function.xml (RunModel)" time="0.013" />
  <testcase classname="ptolemy.util.test.junit.AutoTests" name="[444] /home/travis/build/icyphy/ptII/ptolemy/actor/lib/test/auto/function2.xml (RunModel)" time="0.008" />
  <testcase classname="ptolemy.util.test.junit.AutoTests" name="[445] /home/travis/build/icyphy/ptII/ptolemy/actor/lib/test/auto/function3.xml (RunModel)" time="0.007" />
  <testcase classname="ptolemy.util.test.junit.AutoTests" name="[446] /home/travis/build/icyphy/ptII/ptolemy/actor/lib/test/auto/functionClosureTest1.xml (RunModel)" time="0.015" />
  <testcase classname="ptolemy.util.test.junit.AutoTests" name="[447] /home/travis/build/icyphy/ptII/ptolemy/actor/lib/test/auto/functionClosureTest2.xml (RunModel)" time="0.007" />
  <testcase classname="ptolemy.util.test.junit.AutoTests" name="[448] /home/travis/build/icyphy/ptII/ptolemy/actor/lib/test/auto/functionClosureTest3.xml (RunModel)" time="0.008" />
  <testcase classname="ptolemy.util.test.junit.AutoTests" name="[449] /home/travis/build/icyphy/ptII/ptolemy/actor/lib/test/auto/functionClosureTest4.xml (RunModel)" time="0.015" />
  <testcase classname="ptolemy.util.test.junit.AutoTests" name="[450] /home/travis/build/icyphy/ptII/ptolemy/actor/lib/test/auto/functionClosureTest5.xml (RunModel)" time="0.038" />
  <testcase classname="ptolemy.util.test.junit.AutoTests" name="[451] /home/travis/build/icyphy/ptII/ptolemy/actor/lib/test/auto/functionClosureTest6.xml (RunModel)" time="0.025" />
  <testcase classname="ptolemy.util.test.junit.AutoTests" name="[452] /home/travis/build/icyphy/ptII/ptolemy/actor/lib/test/auto/functionsOnArcs.xml (RunModel)" time="0.05" />
  <testcase classname="ptolemy.util.test.junit.AutoTests" name="[453] /home/travis/build/icyphy/ptII/ptolemy/actor/lib/test/auto/functionsOnArcsHOF.xml (RunModel)" time="0.013" />
  <testcase classname="ptolemy.util.test.junit.AutoTests" name="[454] /home/travis/build/icyphy/ptII/ptolemy/actor/lib/test/auto/logic.xml (RunModel)" time="0.016" />
  <testcase classname="ptolemy.util.test.junit.AutoTests" name="[455] /home/travis/build/icyphy/ptII/ptolemy/actor/lib/test/auto/matrixType.xml (RunModel)" time="0.008" />
  <testcase classname="ptolemy.util.test.junit.AutoTests" name="[456] /home/travis/build/icyphy/ptII/ptolemy/actor/lib/test/auto/matrixType10.xml (RunModel)" time="0.009" />
  <testcase classname="ptolemy.util.test.junit.AutoTests" name="[457] /home/travis/build/icyphy/ptII/ptolemy/actor/lib/test/auto/matrixType11.xml (RunModel)" time="0.007" />
  <testcase classname="ptolemy.util.test.junit.AutoTests" name="[458] /home/travis/build/icyphy/ptII/ptolemy/actor/lib/test/auto/matrixType12.xml (RunModel)" time="0.011" />
  <testcase classname="ptolemy.util.test.junit.AutoTests" name="[459] /home/travis/build/icyphy/ptII/ptolemy/actor/lib/test/auto/matrixType13.xml (RunModel)" time="0.009" />
  <testcase classname="ptolemy.util.test.junit.AutoTests" name="[460] /home/travis/build/icyphy/ptII/ptolemy/actor/lib/test/auto/matrixType14.xml (RunModel)" time="0.02" />
  <testcase classname="ptolemy.util.test.junit.AutoTests" name="[461] /home/travis/build/icyphy/ptII/ptolemy/actor/lib/test/auto/matrixType2.xml (RunModel)" time="0.014" />
  <testcase classname="ptolemy.util.test.junit.AutoTests" name="[462] /home/travis/build/icyphy/ptII/ptolemy/actor/lib/test/auto/matrixType3.xml (RunModel)" time="0.01" />
  <testcase classname="ptolemy.util.test.junit.AutoTests" name="[463] /home/travis/build/icyphy/ptII/ptolemy/actor/lib/test/auto/matrixType4.xml (RunModel)" time="0.009" />
  <testcase classname="ptolemy.util.test.junit.AutoTests" name="[464] /home/travis/build/icyphy/ptII/ptolemy/actor/lib/test/auto/matrixType5.xml (RunModel)" time="0.011" />
  <testcase classname="ptolemy.util.test.junit.AutoTests" name="[465] /home/travis/build/icyphy/ptII/ptolemy/actor/lib/test/auto/matrixType6.xml (RunModel)" time="0.011" />
  <testcase classname="ptolemy.util.test.junit.AutoTests" name="[466] /home/travis/build/icyphy/ptII/ptolemy/actor/lib/test/auto/matrixType7.xml (RunModel)" time="0.009" />
  <testcase classname="ptolemy.util.test.junit.AutoTests" name="[467] /home/travis/build/icyphy/ptII/ptolemy/actor/lib/test/auto/matrixType8.xml (RunModel)" time="0.009" />
  <testcase classname="ptolemy.util.test.junit.AutoTests" name="[468] /home/travis/build/icyphy/ptII/ptolemy/actor/lib/test/auto/matrixType9.xml (RunModel)" time="0.008" />
  <testcase classname="ptolemy.util.test.junit.AutoTests" name="[469] /home/travis/build/icyphy/ptII/ptolemy/actor/lib/test/auto/paraFunctest.xml (RunModel)" time="0.007" />
  <testcase classname="ptolemy.util.test.junit.AutoTests" name="[470] /home/travis/build/icyphy/ptII/ptolemy/actor/lib/test/auto/paraFunctest2.xml (RunModel)" time="0.009" />
  <testcase classname="ptolemy.util.test.junit.AutoTests" name="[471] /home/travis/build/icyphy/ptII/ptolemy/actor/lib/test/auto/parameterPassing.xml (RunModel)" time="0.007" />
  <testcase classname="ptolemy.util.test.junit.AutoTests" name="[472] /home/travis/build/icyphy/ptII/ptolemy/actor/lib/test/auto/record.xml (RunModel)" time="0.009" />
  <testcase classname="ptolemy.util.test.junit.AutoTests" name="[473] /home/travis/build/icyphy/ptII/ptolemy/actor/lib/test/auto/sizedarray1.xml (RunModel)" time="0.009" />
  <testcase classname="ptolemy.util.test.junit.AutoTests" name="[474] /home/travis/build/icyphy/ptII/ptolemy/actor/lib/test/auto/sizedarray2.xml (RunModel)" time="0.011" />
  <testcase classname="ptolemy.util.test.junit.AutoTests" name="[475] /home/travis/build/icyphy/ptII/ptolemy/actor/lib/test/auto/twoPublishers.xml (RunModel)" time="0.021" />
  <system-out><![CDATA[/home/travis/build/icyphy/ptII/ptolemy/actor/lib/test/AbsoluteValue.tcl
testDefs.tcl: setting time out to 9000 seconds at Sat Jul 06 04:51:28 UTC 2019
84 ms. Memory: 120832K Free: 100523K (83%)
5 ms. Memory: 120832K Free: 98603K (82%)
5 ms. Memory: 120832K Free: 97864K (81%)
4 ms. Memory: 120832K Free: 97142K (80%)
/home/travis/build/icyphy/ptII/ptolemy/actor/lib/test/AddSubtract.tcl
10 ms. Memory: 120832K Free: 107827K (89%)
13 ms. Memory: 120832K Free: 106803K (88%)
15 ms. Memory: 120832K Free: 106364K (88%)
17 ms. Memory: 120832K Free: 105342K (87%)
70 ms. Memory: 120832K Free: 102707K (85%)
5 ms. Memory: 120832K Free: 101652K (84%)
/home/travis/build/icyphy/ptII/ptolemy/actor/lib/test/Average.tcl
12 ms. Memory: 120832K Free: 100174K (83%)
7 ms. Memory: 120832K Free: 99035K (82%)
/home/travis/build/icyphy/ptII/ptolemy/actor/lib/test/Bernoulli.tcl
4 ms. Memory: 120832K Free: 97148K (80%)
9 ms. Memory: 120832K Free: 96987K (80%)
/home/travis/build/icyphy/ptII/ptolemy/actor/lib/test/Clock.tcl
preinitializing
resolving types
initializing
executing number 1
wrapping up
idle
19 ms. Memory: 120832K Free: 94092K (78%)
Completed execution with 5 iterations
preinitializing
resolving types
initializing
executing number 1
wrapping up
idle
4 ms. Memory: 120832K Free: 93453K (77%)
Completed execution with 5 iterations
preinitializing
resolving types
initializing
executing number 1
wrapping up
idle
3 ms. Memory: 120832K Free: 92891K (77%)
Completed execution with 5 iterations
/home/travis/build/icyphy/ptII/ptolemy/actor/lib/test/Commutator.tcl
9 ms. Memory: 120832K Free: 91020K (75%)
11 ms. Memory: 120832K Free: 89819K (74%)


==== $PTII/ptolemy/actor/lib/test/Commutator.tcl: Commutator-4.1 run with mutations
==== Contents of test case:

    # Grab stdout and put it into results
    jdkCapture {
	$m addChangeListener  [java::new ptolemy.kernel.util.StreamChangeListener]

	set dir [$e0 getDirector]
	#	$dir addDebugListener  #		[java::new ptolemy.kernel.util.StreamListener]
	$m initialize
	$m iterate
	set c1 [java::new ptolemy.moml.MoMLChangeRequest $e0 $e0  {<deleteEntity name="ramp1"/>}]
	set c2 [java::new ptolemy.moml.MoMLChangeRequest $e0 $e0  {<deleteRelation name="r1"/>}]
	$e0 requestChange $c1
	$e0 requestChange $c2
	$m iterate
	$m wrapup
    } results
    # The MoML within <group> ...</group> comes 
    # from SDFScheduler._setBufferSize
    list $results  [enumToTokenValues [$rec getRecord 0]]

==== Result was:
{} {0 0 1}
---- Result should have been:
{StreamChangeRequest.changeExecuted(): <deleteEntity name="ramp1"/> succeeded
StreamChangeRequest.changeExecuted(): <deleteRelation name="r1"/> succeeded
StreamChangeRequest.changeExecuted(): Record firings per iteration succeeded
} {0 0 1}
---- Commutator-4.1 FAILED
10 ms. Memory: 161792K Free: 145270K (90%)
/home/travis/build/icyphy/ptII/ptolemy/actor/lib/test/Const.tcl
4 ms. Memory: 161792K Free: 143718K (89%)
17 ms. Memory: 161792K Free: 143222K (89%)
3 ms. Memory: 161792K Free: 142708K (88%)
2 ms. Memory: 161792K Free: 142198K (88%)
5 ms. Memory: 161792K Free: 141174K (87%)
22 ms. Memory: 161792K Free: 139636K (86%)
9 ms. Memory: 161792K Free: 138598K (86%)
15 ms. Memory: 161792K Free: 137574K (85%)
/home/travis/build/icyphy/ptII/ptolemy/actor/lib/test/CurrentTime.tcl
preinitializing
resolving types
initializing
executing number 1
wrapping up
idle
7 ms. Memory: 161792K Free: 136054K (84%)
Completed execution with 11 iterations
/home/travis/build/icyphy/ptII/ptolemy/actor/lib/test/DB.tcl
7 ms. Memory: 161792K Free: 134006K (83%)
2 ms. Memory: 161792K Free: 133478K (82%)
4 ms. Memory: 161792K Free: 132982K (82%)
/home/travis/build/icyphy/ptII/ptolemy/actor/lib/test/DiscreteRandomSource.tcl
preinitializing
resolving types
initializing
executing number 1
wrapping up
idle
5 ms. Memory: 161792K Free: 131958K (82%)
Completed execution with 4 iterations
preinitializing
resolving types
initializing
executing number 1
wrapping up
idle
2 ms. Memory: 161792K Free: 131444K (81%)
Completed execution with 4 iterations
preinitializing
resolving types
initializing
executing number 1
wrapping up
idle
2 ms. Memory: 161792K Free: 130934K (81%)
Completed execution with 4 iterations
preinitializing
resolving types
initializing
executing number 1
wrapping up
idle
3 ms. Memory: 161792K Free: 130406K (81%)
Completed execution with 4 iterations
preinitializing
resolving types
initializing
executing number 1
wrapping up
idle
5 ms. Memory: 161792K Free: 129366K (80%)
Completed execution with 4 iterations
/home/travis/build/icyphy/ptII/ptolemy/actor/lib/test/Distributor.tcl
9 ms. Memory: 161792K Free: 127862K (79%)
15 ms. Memory: 161792K Free: 127348K (79%)
StreamChangeRequest.changeExecuted(): <deleteEntity name="rec2"/> succeeded
StreamChangeRequest.changeExecuted(): <deleteRelation name="r2"/> succeeded
StreamChangeRequest.changeExecuted(): Record firings per iteration succeeded
5 ms. Memory: 161792K Free: 124790K (77%)
/home/travis/build/icyphy/ptII/ptolemy/actor/lib/test/Exit.tcl
Exit.tcl: this will print a message about Manager.exitAfterWrapup, which can be ignored.
7 ms. Memory: 161792K Free: 121718K (75%)
/home/travis/build/icyphy/ptII/ptolemy/actor/lib/test/Expression.tcl
27 ms. Memory: 161792K Free: 118132K (73%)
4 ms. Memory: 161792K Free: 117622K (73%)
9 ms. Memory: 161792K Free: 116598K (72%)
preinitializing
resolving types
initializing
executing number 1
wrapping up
idle
15 ms. Memory: 161792K Free: 115046K (71%)
Completed execution with 6 iterations
13 ms. Memory: 161792K Free: 114550K (71%)
26 ms. Memory: 161792K Free: 147344K (91%)
4 ms. Memory: 161792K Free: 146320K (90%)
3 ms. Memory: 161792K Free: 144776K (89%)
7 ms. Memory: 161792K Free: 143744K (89%)
/home/travis/build/icyphy/ptII/ptolemy/actor/lib/test/Gaussian.tcl
10 ms. Memory: 161792K Free: 142224K (88%)
sleeping 1 seconds: .........................................................................................................................................................................................................................................................................................................................................................................................................................................................................................................................................................................................................................................................................................................................................................................................................................................................................................................................................................................................................................................................................................................................................................................................................................................................................................................................................................................................................................................................................................................................................................................................................................................................................................................................................................................................................................................................................................................................................................................................................................................................................................................................................................................................................................................................................................................................................................................................................................................................................................................................................................................................................................................................................................................................................................................................................................................................................................................................................................................................................................................................................................................................................................................................................................................................................................................................................................................................................................................................................................................................................................................................................................................................................................................................................................................................................................................................................................................................................................................................................................................................................................................................................................................................................................................................................................................................................................................................................................................................................................................................................................................................................................................................................................................................................................................................................................................................................................................................................................................................................................................................................................................................................................................................................................................................................................................................................................................................................................................................................................................................................................................................................................................................................................................................................................................................................................................................................................................................................................................................................................................................................................................................................................................................................................................................................................................................................................................................................................................................................................................................................................................................................................................................................................................................................................................................................................................................................................................................................................................................................................................................................................................................................................................................................................................................................................................................................................................................................................................................................................................................................................................................................................................................................................................................................................................................................................................................................................................................................................................................................................................................................................................................................................................................................................................................................................................................................................................................................................................................................................................................................................................................................................................................................................................................................................................................................................................................................................................................................................................................................................................................................................................................................................................................................................................................................................................................................................................................................................................................................................................................................................................................................................................................................................................................................................................................................................................................................................................................................................................................................................................................................................................................................................................................................................................................................................................................................................................................................................................................................................................................................................................................................................................................................................................................................................................................................................................................................................................................................................................................................................................................................................................................................................................................................................................................................................................................................................................................................................................................................................................................................................................................................................................................................................................................................................................................................................................................................................................................................................................................................................................................................................................................................................................................................................................................................................................................................................................................................................................................................................................................................................................................................................................................................................................................................................................................................................................................................................................................................................................................................................................................................................................................................................................................................................................................................................................................................................................................................................................................................................................................................................................................................................................................................................................................................................................................................................................................................................................................................................................................................................................................................................................................................................................................................................................................................................................................................................................................................................................................................................................................................................................................................................................................................................................................................................................................................................................................................................................................................................................................................................................................................................................................................................................................................................................................................................................................................................................................................................................................................................................................................................................................................................................................................................................................................................................................................................................................................................................................................................................................................................................................................................................................................................................................................................................................................................................................................................................................................................................................................................................................................................................................................................................................................................................................................................................................................................................................................................................................................................................................................................................................................................................................................................................................................................................................................................................................................................................................................................................................................................................................................................................................................................................................................................................................................................................................................................................................................................................................................................................................................................................................................................................................................................................................................................................................................................................................................................................................................................................................................................................................................................................................................................................................................................................................................................................................................................................................................................................................................................................................................................................................................................................................................................................................................................................................................................................................................................................................................................................................................................................................................................................................................................................................................................................................................................................................................................................................................................................................................................................................................................................................................................................................................................................................................................................................................................................................................................................................................................................................................................................................................................................................................................................................................................................................................................................................................................................................................................................................................................................................................................................................................................................................................................................................................................................................................................................................................................................................................................................................................................................................................................................................................................................................................................................................................................................................................................................................................................................................................................................................................................................................................................................................................................................................................................................................................................................................................................................................................................................................................................................................................................................................................................................................................................................................................................................................................................................................................................................................................................................................................................................................................................................................................................................................................................................................................................................................................................................................................................................................................................................................................................................................................................................................................................................................................................................................................................................................................................................................................................................................................................................................................................................................................................................................................................................................................................................................................................................................................................................................................................................................................................................................................................................................................................................................................................................................................................................................................................................................................................................................................................................................................................................................................................................................................................................................................................................................................................................................................................................................................................................................................................................................................................................................................................................................................................................................................................................................................................................................................................................................................................................................................................................................................................................................................................................................................................................................................................................................................................................................................................................................................................................................................................................................................................................................................................................................................................................................................................................................................................................................................................................................................................................................................................................................................................................................................................................................................................................................................................................................................................................................................................................................................................................................................................................................................................................................................................................................................................................................................................................................................................................................................................................................................................................................................................................................................................................................................................................................................................................................................................................................................................................................................................................................................................................................................................................................................................................................................................................................................................................................................................................................................................................................................................................................................................................................................................................................................................................................................................................................................................................................................................................................................................................................................................................................................................................................................................................................................................................................................................................................................................................................................................................................................................................................................................................................................................................2 ms. Memory: 161792K Free: 84867K (52%)
2 ms. Memory: 161792K Free: 84371K (52%)
3 ms. Memory: 161792K Free: 83752K (52%)
3 ms. Memory: 161792K Free: 82819K (51%)
4 ms. Memory: 161792K Free: 82323K (51%)
/home/travis/build/icyphy/ptII/ptolemy/actor/lib/test/IIR.tcl
/home/travis/build/icyphy/ptII/ptolemy/actor/lib/test/Interpolator.tcl
5 ms. Memory: 161792K Free: 78723K (49%)
2 ms. Memory: 161792K Free: 77681K (48%)
2 ms. Memory: 161792K Free: 77203K (48%)
2 ms. Memory: 161792K Free: 76675K (47%)
5 ms. Memory: 161792K Free: 75665K (47%)
2 ms. Memory: 161792K Free: 75155K (46%)
7 ms. Memory: 161792K Free: 74131K (46%)
2 ms. Memory: 161792K Free: 73107K (45%)
3 ms. Memory: 161792K Free: 72579K (45%)
3 ms. Memory: 161792K Free: 71555K (44%)
/home/travis/build/icyphy/ptII/ptolemy/actor/lib/test/MathFunction.tcl
8 ms. Memory: 161792K Free: 69507K (43%)
4 ms. Memory: 161792K Free: 68483K (42%)
2 ms. Memory: 161792K Free: 67443K (42%)
6 ms. Memory: 161792K Free: 66449K (41%)
8 ms. Memory: 161792K Free: 65395K (40%)
8 ms. Memory: 161792K Free: 63377K (39%)
/home/travis/build/icyphy/ptII/ptolemy/actor/lib/test/Maximum.tcl
7 ms. Memory: 161792K Free: 61315K (38%)
7 ms. Memory: 161792K Free: 60819K (38%)
7 ms. Memory: 161792K Free: 59795K (37%)
26 ms. Memory: 161792K Free: 146888K (91%)
/home/travis/build/icyphy/ptII/ptolemy/actor/lib/test/Minimum.tcl
10 ms. Memory: 161792K Free: 145358K (90%)
4 ms. Memory: 161792K Free: 144846K (90%)
2 ms. Memory: 161792K Free: 143822K (89%)
2 ms. Memory: 161792K Free: 143312K (89%)
/home/travis/build/icyphy/ptII/ptolemy/actor/lib/test/MultiplyDivide.tcl
11 ms. Memory: 161792K Free: 141264K (87%)
10 ms. Memory: 161792K Free: 140736K (87%)
4 ms. Memory: 161792K Free: 139681K (86%)
6 ms. Memory: 161792K Free: 139216K (86%)
4 ms. Memory: 161792K Free: 138192K (85%)
/home/travis/build/icyphy/ptII/ptolemy/actor/lib/test/OrderedMerge.tcl
Connections changed on port: inputA
Connections changed on port: inputB
Connections changed on port: output
Connections changed on port: output
Connections changed on port: output
Connections changed on port: input
.top. Preinitializing ...
Invoking preinitialize():  .top.OrderedMerge
Called preinitialize()
Invoking preinitialize():  .top.Ramp
Called preinitialize()
Invoking preinitialize():  .top.Ramp2
Called preinitialize()
Invoking preinitialize():  .top.Test
Called preinitialize()
Connections changed on port: inputA
Connections changed on port: output
Connections changed on port: output
Connections changed on port: input
Connections changed on port: inputB
Connections changed on port: output
.top. Finished preinitialize().
Called initialize().
Invoking initialize():  .top.OrderedMerge
Initializing actor: .top.OrderedMerge
Adding a thread: .top.OrderedMerge
Invoking initialize():  .top.Ramp
Initializing actor: .top.Ramp
Adding a thread: .top.Ramp
Invoking initialize():  .top.Ramp2
Initializing actor: .top.Ramp2
Adding a thread: .top.Ramp2
Invoking initialize():  .top.Test
Initializing actor: .top.Test
Adding a thread: .top.Test
Called fire().
Checking for deadlock:
-- Starting thread.
Called initialize()
Called prefire()
Called fire()
-- Starting thread.
Called initialize()
Called prefire()
Called fire()
-- Starting thread.
Called initialize()
Called prefire()
Called fire()
-- Starting thread.
Called initialize()
Called prefire()
Called fire()
There are 0 Blocked actors, 0 Stopped actors, and 4 active threads.
Waiting for actors to stop.
Called postfire()
Called prefire()
Called fire()
Called postfire()
Called prefire()
Called fire()
Checking for deadlock:
There are 1 Blocked actors, 0 Stopped actors, and 4 active threads.
Waiting for actors to stop.
Called postfire()
Called prefire()
Called fire()
Checking for deadlock:
There are 3 Blocked actors, 0 Stopped actors, and 4 active threads.
Waiting for actors to stop.
Read input token from inputA with value 0.0
Next port to read input from is inputB
Called postfire()
Called prefire()
Called fire()
Read input token from inputB with value 0.0
Sent output token with value 0.0
Called postfire()
Next port to read input from is inputA
Called postfire()
Called prefire()
Called fire()
Read input token from inputA with value 1.0
Sent output token with value 0.0
Next port to read input from is inputB
-- Read input: 0.0, which is expected to match: 0.0
Called prefire()
Called fire()
-- Read input: 0.0, which is expected to match: 0.0
Called prefire()
Called fire()
Called prefire()
Called fire()
Checking for deadlock:
There are 2 Blocked actors, 0 Stopped actors, and 4 active threads.
Waiting for actors to stop.
Called postfire()
Called prefire()
Called fire()
Checking for deadlock:
There are 3 Blocked actors, 0 Stopped actors, and 4 active threads.
Waiting for actors to stop.
Called postfire()
Called prefire()
Called fire()
Read input token from inputB with value 1.5
Sent output token with value 1.0
Next port to read input from is inputA
Called postfire()
Called prefire()
Called fire()
Read input token from inputA with value 2.0
Checking for deadlock:
There are 1 Blocked actors, 0 Stopped actors, and 4 active threads.
Waiting for actors to stop.
-- Read input: 1.0, which is expected to match: 1.0
Called prefire()
Called fire()
Called postfire()
Called prefire()
Called fire()
Checking for deadlock:
There are 2 Blocked actors, 0 Stopped actors, and 4 active threads.
Waiting for actors to stop.
Called postfire()
Called prefire()
Called fire()
Sent output token with value 1.5
Next port to read input from is inputB
Called postfire()
Called prefire()
Called fire()
Read input token from inputB with value 3.0
Checking for deadlock:
There are 2 Blocked actors, 0 Stopped actors, and 4 active threads.
Waiting for actors to stop.
Called postfire()
Called prefire()
Called fire()
-- Read input: 1.5, which is expected to match: 1.5
Called prefire()
Called fire()
Checking for deadlock:
There are 3 Blocked actors, 0 Stopped actors, and 4 active threads.
Waiting for actors to stop.
-- Read input: 2.0, which is expected to match: 2.0
Called prefire()
Called fire()
Sent output token with value 2.0
Next port to read input from is inputA
Called postfire()
Called prefire()
Called fire()
Read input token from inputA with value 3.0
Sent output token with value 3.0
Next port to read input from is inputB
Called postfire()
Called prefire()
Called fire()
Read input token from inputB with value 4.5
Checking for deadlock:
There are 1 Blocked actors, 0 Stopped actors, and 4 active threads.
Waiting for actors to stop.
Called postfire()
Called prefire()
Called fire()
Called postfire()
Called prefire()
Called fire()
Checking for deadlock:
There are 3 Blocked actors, 0 Stopped actors, and 4 active threads.
Waiting for actors to stop.
-- Read input: 3.0, which is expected to match: 3.0
Called prefire()
Called fire()
Sent output token with value 3.0
Next port to read input from is inputA
Called postfire()
Called prefire()
Called fire()
Read input token from inputA with value 4.0
Checking for deadlock:
There are 2 Blocked actors, 0 Stopped actors, and 4 active threads.
Waiting for actors to stop.
Called postfire()
Called prefire()
Called fire()
-- Read input: 3.0, which is expected to match: 3.0
Called prefire()
Called fire()
Checking for deadlock:
There are 3 Blocked actors, 0 Stopped actors, and 4 active threads.
Waiting for actors to stop.
-- Read input: 4.0, which is expected to match: 4.0
Called prefire()
Called fire()
Past the end of training data. Read and discard all inputs.
Sent output token with value 4.0
Next port to read input from is inputA
Called postfire()
Called prefire()
Called fire()
Checking for deadlock:
There are 3 Blocked actors, 0 Stopped actors, and 4 active threads.
Waiting for actors to stop.
Checking for deadlock:
There are 2 Blocked actors, 0 Stopped actors, and 4 active threads.
Waiting for actors to stop.
Called postfire()
Called prefire()
Called fire()
Read input token from inputA with value 5.0
Sent output token with value 4.5
Next port to read input from is inputB
Called postfire()
Called prefire()
Called fire()
Read input token from inputB with value 6.0
Checking for deadlock:
There are 2 Blocked actors, 0 Stopped actors, and 4 active threads.
Waiting for actors to stop.
Called postfire()
Called prefire()
Called fire()
Called prefire()
Called fire()
Past the end of training data. Read and discard all inputs.
Checking for deadlock:
There are 3 Blocked actors, 0 Stopped actors, and 4 active threads.
Waiting for actors to stop.
Called prefire()
Called fire()
Past the end of training data. Read and discard all inputs.
Checking for deadlock:
There are 3 Blocked actors, 0 Stopped actors, and 4 active threads.
Waiting for actors to stop.
Sent output token with value 5.0
Next port to read input from is inputA
Called postfire()
Called prefire()
Called fire()
Called postfire()
Called prefire()
Called fire()
Checking for deadlock:
There are 3 Blocked actors, 0 Stopped actors, and 4 active threads.
Waiting for actors to stop.
Read input token from inputA with value 6.0
Called prefire()
Called fire()
Past the end of training data. Read and discard all inputs.
Checking for deadlock:
There are 3 Blocked actors, 0 Stopped actors, and 4 active threads.
Waiting for actors to stop.
Sent output token with value 6.0
Next port to read input from is inputB
Called postfire()
Called prefire()
Called fire()
Called postfire()
Called prefire()
Called fire()
Checking for deadlock:
There are 3 Blocked actors, 0 Stopped actors, and 4 active threads.
Waiting for actors to stop.
Read input token from inputB with value 7.5
Called prefire()
Called fire()
Past the end of training data. Read and discard all inputs.
Checking for deadlock:
There are 3 Blocked actors, 0 Stopped actors, and 4 active threads.
Waiting for actors to stop.
Sent output token with value 6.0
Next port to read input from is inputA
Called postfire()
Called prefire()
Called fire()
Checking for deadlock:
There are 2 Blocked actors, 0 Stopped actors, and 4 active threads.
Waiting for actors to stop.
Called postfire()
Called prefire()
Called fire()
Checking for deadlock:
There are 3 Blocked actors, 0 Stopped actors, and 4 active threads.
Waiting for actors to stop.
Read input token from inputA with value 7.0
Checking for deadlock:
There are 2 Blocked actors, 0 Stopped actors, and 4 active threads.
Waiting for actors to stop.
Called prefire()
Called fire()
Past the end of training data. Read and discard all inputs.
Checking for deadlock:
There are 3 Blocked actors, 0 Stopped actors, and 4 active threads.
Waiting for actors to stop.
Sent output token with value 7.0
Next port to read input from is inputA
Called postfire()
Called prefire()
Called fire()
Checking for deadlock:
There are 2 Blocked actors, 0 Stopped actors, and 4 active threads.
Waiting for actors to stop.
-- Thread wrapup() called.
Called wrapup()
Thread .top.Ramp is exiting.
-- Thread stopped.
Read input token from inputA with value 8.0
Sent output token with value 7.5
Next port to read input from is inputB
Called postfire()
Called prefire()
Called fire()
Read input token from inputB with value 9.0
Checking for deadlock:
There are 1 Blocked actors, 0 Stopped actors, and 3 active threads.
Waiting for actors to stop.
Called postfire()
Called prefire()
Called fire()
Called prefire()
Called fire()
Past the end of training data. Read and discard all inputs.
Checking for deadlock:
There are 2 Blocked actors, 0 Stopped actors, and 3 active threads.
Waiting for actors to stop.
Called prefire()
Called fire()
Past the end of training data. Read and discard all inputs.
Checking for deadlock:
There are 2 Blocked actors, 0 Stopped actors, and 3 active threads.
Waiting for actors to stop.
Sent output token with value 8.0
Next port to read input from is inputA
Called postfire()
Called prefire()
Called fire()
Read input token from inputA with value 9.0
Called prefire()
Called fire()
Past the end of training data. Read and discard all inputs.
Checking for deadlock:
There are 2 Blocked actors, 0 Stopped actors, and 3 active threads.
Waiting for actors to stop.
Sent output token with value 9.0
Next port to read input from is inputB
Called postfire()
Called prefire()
Called fire()
Called postfire()
Called prefire()
Called fire()
Checking for deadlock:
There are 2 Blocked actors, 0 Stopped actors, and 3 active threads.
Waiting for actors to stop.
Read input token from inputB with value 10.5
Called prefire()
Called fire()
Past the end of training data. Read and discard all inputs.
Checking for deadlock:
There are 2 Blocked actors, 0 Stopped actors, and 3 active threads.
Waiting for actors to stop.
Sent output token with value 9.0
Next port to read input from is inputA
Called postfire()
Called prefire()
Called fire()
Checking for deadlock:
There are 3 Blocked actors, 0 Stopped actors, and 3 active threads.
Actors have stopped.
Checking for deadlock:
There are 3 Blocked actors, 0 Stopped actors, and 3 active threads.
Deadlock detected.
Resolving Deadlock
Checking for deadlock:
There are 3 Blocked actors, 0 Stopped actors, and 3 active threads.
Artificial Deadlock - increasing queue capacity.
increasing the capacity of receiver ptolemy.actor.TypedIOPort {.top.OrderedMerge.inputB} to 2
Director: Called postfire().
Called postfire().
_stopRequested = false
_stopFireRequested = false
Returning from postfire(): true
Called fire().
Checking for deadlock:
There are 2 Blocked actors, 0 Stopped actors, and 3 active threads.
Waiting for actors to stop.
-- Thread wrapup() called.
Called wrapup()
Thread .top.Ramp2 is exiting.
-- Thread stopped.
Checking for deadlock:
There are 2 Blocked actors, 0 Stopped actors, and 2 active threads.
Actors have stopped.
Checking for deadlock:
There are 2 Blocked actors, 0 Stopped actors, and 2 active threads.
Deadlock detected.
Resolving Deadlock
Checking for deadlock:
There are 2 Blocked actors, 0 Stopped actors, and 2 active threads.
Deadlock detected: no processes blocked on write, but some are blocked on read.
Called postfire().
_stopRequested = false
_stopFireRequested = false
Returning from postfire(): false
Finished deactivating branches.
Called wrapup().
-- Thread wrapup() called.
Called wrapup()
-- Thread wrapup() called.
Called wrapup()
Thread .top.OrderedMerge is exiting.
-- Thread stopped.
-- Blocked Receiver call threw TerminateProcessException.
Thread .top.Test is exiting.
-- Thread stopped.
-- Blocked Receiver call threw TerminateProcessException.
78 ms. Memory: 161792K Free: 133582K (83%)
.top. Preinitializing ...
Invoking preinitialize():  .top.OrderedMerge
Called preinitialize()
Invoking preinitialize():  .top.Ramp
Called preinitialize()
Invoking preinitialize():  .top.Ramp2
Called preinitialize()
Invoking preinitialize():  .top.Test
Called preinitialize()
.top. Finished preinitialize().
Called initialize().
Invoking initialize():  .top.OrderedMerge
Initializing actor: .top.OrderedMerge
Adding a thread: .top.OrderedMerge
Invoking initialize():  .top.Ramp
Initializing actor: .top.Ramp
Adding a thread: .top.Ramp
Invoking initialize():  .top.Ramp2
Initializing actor: .top.Ramp2
Adding a thread: .top.Ramp2
Invoking initialize():  .top.Test
Initializing actor: .top.Test
Adding a thread: .top.Test
-- Starting thread.
Called initialize()
-- Starting thread.
Called initialize()
Called prefire()
Called fire()
Called prefire()
Called fire()
Called postfire()
Called prefire()
Called fire()
-- Starting thread.
Called initialize()
Called prefire()
Called fire()
Called postfire()
Called prefire()
Called fire()
Called fire().
Checking for deadlock:
There are 3 Blocked actors, 0 Stopped actors, and 4 active threads.
Waiting for actors to stop.
-- Starting thread.
Called initialize()
Called prefire()
Called fire()
Checking for deadlock:
There are 2 Blocked actors, 0 Stopped actors, and 4 active threads.
Waiting for actors to stop.
Called postfire()
Called prefire()
Called fire()
Checking for deadlock:
There are 3 Blocked actors, 0 Stopped actors, and 4 active threads.
Waiting for actors to stop.
Read input token from inputA with value 0.0
Next port to read input from is inputB
Called postfire()
Called prefire()
Called fire()
Called postfire()
Called prefire()
Called fire()
Checking for deadlock:
Read input token from inputB with value 0.0
There are 3 Blocked actors, 0 Stopped actors, and 4 active threads.
Waiting for actors to stop.
Sent output token with value 0.0
Next port to read input from is inputA
Called postfire()
Called prefire()
Called fire()
Read input token from inputA with value 1.0
Called postfire()
Called prefire()
Called fire()
Checking for deadlock:
There are 2 Blocked actors, 0 Stopped actors, and 4 active threads.
Waiting for actors to stop.
-- Read input: 0.0, which is expected to match: 0.0
Called prefire()
Called fire()
Checking for deadlock:
There are 2 Blocked actors, 0 Stopped actors, and 4 active threads.
Sent output token with value 0.0
Waiting for actors to stop.
-- Read input: 0.0, which is expected to match: 0.0
Called prefire()
Called fire()
Next port to read input from is inputB
Called postfire()
Called prefire()
Called fire()
Read input token from inputB with value 1.5
Sent output token with value 1.0
Next port to read input from is inputA
Called postfire()
Called prefire()
Called fire()
Read input token from inputA with value 2.0
Checking for deadlock:
There are 1 Blocked actors, 0 Stopped actors, and 4 active threads.
Waiting for actors to stop.
Called postfire()
Called postfire()
Called prefire()
Called prefire()
Called fire()
-- Read input: 1.0, which is expected to match: 1.0
Called prefire()
Called fire()
Called fire()
Sent output token with value 1.5
Next port to read input from is inputB
Called postfire()
Called prefire()
Called fire()
Read input token from inputB with value 3.0
Called postfire()
Called prefire()
Called fire()
Checking for deadlock:
There are 3 Blocked actors, 0 Stopped actors, and 4 active threads.
Waiting for actors to stop.
-- Read input: 1.5, which is expected to match: 1.5
Called prefire()
Called fire()
Checking for deadlock:
There are 3 Blocked actors, 0 Stopped actors, and 4 active threads.
Waiting for actors to stop.
Sent output token with value 2.0
Next port to read input from is inputA
Called postfire()
Called prefire()
Called fire()
Read input token from inputA with value 3.0
Checking for deadlock:
-- Read input: 2.0, which is expected to match: 2.0
There are 1 Blocked actors, 0 Stopped actors, and 4 active threads.
Waiting for actors to stop.
Called prefire()
Called fire()
Checking for deadlock:
There are 2 Blocked actors, 0 Stopped actors, and 4 active threads.
Waiting for actors to stop.
Sent output token with value 3.0
Next port to read input from is inputB
Called postfire()
Called prefire()
Called fire()
Read input token from inputB with value 4.5
Called postfire()
Called postfire()
Called prefire()
Called prefire()
Called fire()
Called fire()
Checking for deadlock:
There are 3 Blocked actors, 0 Stopped actors, and 4 active threads.
Waiting for actors to stop.
-- Read input: 3.0, which is expected to match: 3.0
Called prefire()
Called fire()
Checking for deadlock:
There are 3 Blocked actors, 0 Stopped actors, and 4 active threads.
Waiting for actors to stop.
Sent output token with value 3.0
Next port to read input from is inputA
Called postfire()
Called prefire()
Called fire()
Read input token from inputA with value 4.0
Checking for deadlock:
-- Read input: 3.0, which is expected to match: 3.0
There are 1 Blocked actors, 0 Stopped actors, and 4 active threads.
Waiting for actors to stop.
Called prefire()
Called fire()
Checking for deadlock:
There are 2 Blocked actors, 0 Stopped actors, and 4 active threads.
Waiting for actors to stop.
Called postfire()
Called prefire()
Called fire()
Sent output token with value 4.0
Next port to read input from is inputA
Called postfire()
Called prefire()
Called fire()
Read input token from inputA with value 5.0
Called postfire()
Checking for deadlock:
Called prefire()
There are 2 Blocked actors, 0 Stopped actors, and 4 active threads.
Called fire()
Waiting for actors to stop.
Checking for deadlock:
There are 2 Blocked actors, 0 Stopped actors, and 4 active threads.
Waiting for actors to stop.
-- Read input: 4.0, which is expected to match: 4.0
Called prefire()
Called fire()
Past the end of training data. Read and discard all inputs.
Checking for deadlock:
There are 2 Blocked actors, 0 Stopped actors, and 4 active threads.
Sent output token with value 4.5
Waiting for actors to stop.
Next port to read input from is inputB
Called postfire()
Called prefire()
Called fire()
Read input token from inputB with value 6.0
Checking for deadlock:
There are 2 Blocked actors, 0 Stopped actors, and 4 active threads.
Waiting for actors to stop.
Called postfire()
Called prefire()
Called prefire()
Checking for deadlock:
There are 1 Blocked actors, 0 Stopped actors, and 4 active threads.
Waiting for actors to stop.
Called fire()
Sent output token with value 5.0
Next port to read input from is inputA
Called postfire()
Called prefire()
Called fire()
Read input token from inputA with value 6.0
Checking for deadlock:
Called fire()
There are 2 Blocked actors, 0 Stopped actors, and 4 active threads.
Past the end of training data. Read and discard all inputs.
Called postfire()
Waiting for actors to stop.
Called prefire()
Called fire()
Called prefire()
Called fire()
Past the end of training data. Read and discard all inputs.
Checking for deadlock:
There are 3 Blocked actors, 0 Stopped actors, and 4 active threads.
Waiting for actors to stop.
Sent output token with value 6.0
Next port to read input from is inputB
Called postfire()
Called prefire()
Called fire()
Read input token from inputB with value 7.5
Called prefire()
Called postfire()
Called fire()
Called prefire()
Past the end of training data. Read and discard all inputs.
Called fire()
Checking for deadlock:
There are 3 Blocked actors, 0 Stopped actors, and 4 active threads.
Waiting for actors to stop.
Sent output token with value 6.0
Next port to read input from is inputA
Called postfire()
Called prefire()
Called fire()
Read input token from inputA with value 7.0
Called prefire()
Called fire()
Past the end of training data. Read and discard all inputs.
Checking for deadlock:
There are 2 Blocked actors, 0 Stopped actors, and 4 active threads.
Waiting for actors to stop.
Called postfire()
Called prefire()
Called fire()
Checking for deadlock:
There are 2 Blocked actors, 0 Stopped actors, and 4 active threads.
Waiting for actors to stop.
Sent output token with value 7.0
Next port to read input from is inputA
Called postfire()
Called prefire()
Called fire()
Read input token from inputA with value 8.0
Checking for deadlock:
Called prefire()
There are 1 Blocked actors, 0 Stopped actors, and 4 active threads.
Waiting for actors to stop.
Called fire()
Past the end of training data. Read and discard all inputs.
Checking for deadlock:
-- Thread wrapup() called.
There are 2 Blocked actors, 0 Stopped actors, and 4 active threads.
Called wrapup()
Waiting for actors to stop.
Thread .top.Ramp is exiting.
-- Thread stopped.
Checking for deadlock:
There are 2 Blocked actors, 0 Stopped actors, and 3 active threads.
Waiting for actors to stop.
Checking for deadlock:
There are 1 Blocked actors, 0 Stopped actors, and 3 active threads.
Waiting for actors to stop.
Called prefire()
Called fire()
Past the end of training data. Read and discard all inputs.
Checking for deadlock:
Sent output token with value 7.5
There are 2 Blocked actors, 0 Stopped actors, and 3 active threads.
Waiting for actors to stop.
Next port to read input from is inputB
Called postfire()
Called prefire()
Called fire()
Called postfire()
Read input token from inputB with value 9.0
Called prefire()
Called fire()
Checking for deadlock:
There are 2 Blocked actors, 0 Stopped actors, and 3 active threads.
Waiting for actors to stop.
Checking for deadlock:
There are 1 Blocked actors, 0 Stopped actors, and 3 active threads.
Called prefire()
Called fire()
Waiting for actors to stop.
Past the end of training data. Read and discard all inputs.
Checking for deadlock:
There are 2 Blocked actors, 0 Stopped actors, and 3 active threads.
Sent output token with value 8.0
Waiting for actors to stop.
Next port to read input from is inputA
Called postfire()
Called prefire()
Called fire()
Read input token from inputA with value 9.0
Checking for deadlock:
Called prefire()
There are 1 Blocked actors, 0 Stopped actors, and 3 active threads.
Waiting for actors to stop.
Called fire()
Past the end of training data. Read and discard all inputs.
Checking for deadlock:
Sent output token with value 9.0
There are 2 Blocked actors, 0 Stopped actors, and 3 active threads.
Waiting for actors to stop.
Next port to read input from is inputB
Called postfire()
Called prefire()
Called fire()
Called postfire()
Read input token from inputB with value 10.5
Called prefire()
Called fire()
Sent output token with value 9.0
Checking for deadlock:
There are 1 Blocked actors, 0 Stopped actors, and 3 active threads.
Waiting for actors to stop.
Next port to read input from is inputA
Called prefire()
Called fire()
Past the end of training data. Read and discard all inputs.
Called postfire()
Called prefire()
Called fire()
Checking for deadlock:
There are 2 Blocked actors, 0 Stopped actors, and 3 active threads.
Waiting for actors to stop.
Checking for deadlock:
There are 3 Blocked actors, 0 Stopped actors, and 3 active threads.
Actors have stopped.
Checking for deadlock:
There are 3 Blocked actors, 0 Stopped actors, and 3 active threads.
Deadlock detected.
Resolving Deadlock
Checking for deadlock:
There are 3 Blocked actors, 0 Stopped actors, and 3 active threads.
Artificial Deadlock - increasing queue capacity.
increasing the capacity of receiver ptolemy.actor.TypedIOPort {.top.OrderedMerge.inputB} to 2
Director: Called postfire().
Called postfire().
_stopRequested = false
_stopFireRequested = false
Returning from postfire(): true
Called fire().
Checking for deadlock:
There are 2 Blocked actors, 0 Stopped actors, and 3 active threads.
Waiting for actors to stop.
-- Thread wrapup() called.
Called wrapup()
Thread .top.Ramp2 is exiting.
-- Thread stopped.
Checking for deadlock:
There are 2 Blocked actors, 0 Stopped actors, and 2 active threads.
Actors have stopped.
Checking for deadlock:
There are 2 Blocked actors, 0 Stopped actors, and 2 active threads.
Deadlock detected.
Resolving Deadlock
Checking for deadlock:
There are 2 Blocked actors, 0 Stopped actors, and 2 active threads.
Deadlock detected: no processes blocked on write, but some are blocked on read.
Called postfire().
_stopRequested = false
_stopFireRequested = false
Returning from postfire(): false
Finished deactivating branches.
Called wrapup().
-- Thread wrapup() called.
Called wrapup()
Thread .top.Test is exiting.
-- Thread stopped.
-- Blocked Receiver call threw TerminateProcessException.
-- Thread wrapup() called.
Called wrapup()
Thread .top.OrderedMerge is exiting.
-- Thread stopped.
-- Blocked Receiver call threw TerminateProcessException.
39 ms. Memory: 161792K Free: 131024K (81%)
/home/travis/build/icyphy/ptII/ptolemy/actor/lib/test/Publisher.tcl
15 ms. Memory: 161792K Free: 124880K (77%)
22 ms. Memory: 161792K Free: 119240K (74%)
11 ms. Memory: 161792K Free: 115664K (71%)
4 ms. Memory: 161792K Free: 114640K (71%)
11 ms. Memory: 161792K Free: 114120K (71%)
3 ms. Memory: 161792K Free: 113102K (70%)
11 ms. Memory: 161792K Free: 112592K (70%)
3 ms. Memory: 161792K Free: 111568K (69%)
19 ms. Memory: 161792K Free: 101838K (63%)
3 ms. Memory: 161792K Free: 97736K (60%)
3 ms. Memory: 161792K Free: 97232K (60%)
12 ms. Memory: 161792K Free: 94656K (59%)
6 ms. Memory: 161792K Free: 86992K (54%)
13 ms. Memory: 215040K Free: 191483K (89%)
13 ms. Memory: 215040K Free: 180763K (84%)
/home/travis/build/icyphy/ptII/ptolemy/actor/lib/test/Pulse.tcl
5 ms. Memory: 215040K Free: 143355K (67%)
9 ms. Memory: 215040K Free: 142875K (66%)
2 ms. Memory: 215040K Free: 142361K (66%)
2 ms. Memory: 215040K Free: 141851K (66%)
4 ms. Memory: 215040K Free: 141337K (66%)
8 ms. Memory: 215040K Free: 139803K (65%)
8 ms. Memory: 215040K Free: 138779K (65%)
4 ms. Memory: 215040K Free: 138251K (64%)
2 ms. Memory: 215040K Free: 137755K (64%)
/home/travis/build/icyphy/ptII/ptolemy/actor/lib/test/Ramp.tcl
2 ms. Memory: 215040K Free: 135707K (63%)
4 ms. Memory: 215040K Free: 134683K (63%)
2 ms. Memory: 215040K Free: 134169K (62%)
8 ms. Memory: 215040K Free: 133145K (62%)
5 ms. Memory: 215040K Free: 132635K (62%)
9 ms. Memory: 215040K Free: 131611K (61%)
10 ms. Memory: 215040K Free: 130587K (61%)
5 actors
5000 microseconds per iteration to create
10 ms. Memory: 215040K Free: 128025K (60%)
2 ms. Memory: 215040K Free: 127515K (59%)
1 ms. Memory: 215040K Free: 126995K (59%)
2 ms. Memory: 215040K Free: 126491K (59%)
50 actors
36000 microseconds per iteration to create
29 ms. Memory: 215040K Free: 110617K (51%)
4 ms. Memory: 215040K Free: 109593K (51%)
5 ms. Memory: 215040K Free: 108569K (50%)
5 ms. Memory: 215040K Free: 107545K (50%)
500 actors
1556000 microseconds per iteration to create
242 ms. Memory: 215040K Free: 187834K (87%)
36 ms. Memory: 215040K Free: 182200K (85%)
37 ms. Memory: 215040K Free: 177080K (82%)
33 ms. Memory: 215040K Free: 171960K (80%)
/home/travis/build/icyphy/ptII/ptolemy/actor/lib/test/RampContinuous.tcl
7 ms. Memory: 215040K Free: 170426K (79%)
/home/travis/build/icyphy/ptII/ptolemy/actor/lib/test/RecordAssembler.tcl
4 ms. Memory: 215040K Free: 168888K (79%)
3 ms. Memory: 215040K Free: 167849K (78%)
/home/travis/build/icyphy/ptII/ptolemy/actor/lib/test/RecordDisassembler.tcl
5 ms. Memory: 215040K Free: 166330K (77%)
2 ms. Memory: 215040K Free: 165306K (77%)
3 ms. Memory: 215040K Free: 164282K (76%)
/home/travis/build/icyphy/ptII/ptolemy/actor/lib/test/Scale.tcl
3 ms. Memory: 215040K Free: 162234K (75%)
2 ms. Memory: 215040K Free: 161713K (75%)
1 ms. Memory: 215040K Free: 160681K (75%)
2 ms. Memory: 215040K Free: 160186K (74%)
2 ms. Memory: 215040K Free: 159162K (74%)
/home/travis/build/icyphy/ptII/ptolemy/actor/lib/test/SequentialClock.tcl
preinitializing
resolving types
initializing
executing number 1
wrapping up
idle
2 ms. Memory: 215040K Free: 158138K (74%)
Completed execution with 5 iterations
preinitializing
resolving types
initializing
executing number 1
wrapping up
idle
1 ms. Memory: 215040K Free: 157624K (73%)
Completed execution with 5 iterations
preinitializing
resolving types
initializing
executing number 1
wrapping up
idle
1 ms. Memory: 215040K Free: 157114K (73%)
Completed execution with 5 iterations
/home/travis/build/icyphy/ptII/ptolemy/actor/lib/test/SetVariable.tcl
4 ms. Memory: 215040K Free: 155066K (72%)


==== $PTII/ptolemy/actor/lib/test/SetVariable.tcl: SetVariable-3.1 changeFailed
==== Contents of test case:

    #Uses 2.1 above
    jdkCaptureErr {
        # This test was failing if we ran Exit.tcl and then this test.
        # MessageHandler.error() now actually throws the Exception.
	catch {$setVariable changeFailed [java::null]  [java::new Exception {Test exception for SetVariable.changeFailed()}]} errMsg
    } results
    list [string range $results 0 89] "\n" $errMsg

==== Result was:
{java.lang.Exception: Test exception for SetVariable.changeFailed()
	at java.base/jdk.inter} {
} {java.lang.RuntimeException: java.lang.Exception: Test exception for SetVariable.changeFailed()}
---- Result should have been:
{java.lang.Exception: Test exception for SetVariable.changeFailed()
	at sun.reflect.NativeC} {
} {java.lang.RuntimeException: java.lang.Exception: Test exception for SetVariable.changeFailed()}
---- SetVariable-3.1 FAILED
/home/travis/build/icyphy/ptII/ptolemy/actor/lib/test/Sinewave.tcl
/home/travis/build/icyphy/ptII/ptolemy/actor/lib/test/SubscriptionAggregator.tcl
4 ms. Memory: 215040K Free: 143288K (67%)
4 ms. Memory: 215040K Free: 142778K (66%)
0 ms. Memory: 215040K Free: 142264K (66%)
1 ms. Memory: 215040K Free: 141754K (66%)
2 ms. Memory: 215040K Free: 138153K (64%)
10 ms. Memory: 215040K Free: 136120K (63%)
...............................................................1089 ms. Memory: 288768K Free: 226918K (79%)
/home/travis/build/icyphy/ptII/ptolemy/actor/lib/test/Test.tcl
 The next command will produce a warning about training mode,
   which may be ignored.
5 ms. Memory: 288768K Free: 224872K (78%)
9 ms. Memory: 288768K Free: 223848K (78%)
1 ms. Memory: 288768K Free: 223319K (77%)
5 ms. Memory: 288768K Free: 222824K (77%)
3 ms. Memory: 288768K Free: 222303K (77%)
3 ms. Memory: 288768K Free: 220776K (76%)
3 ms. Memory: 288768K Free: 219752K (76%)
 The next command will produce a warning about training mode,
   which may be ignored.
11 ms. Memory: 288768K Free: 217190K (75%)
 The next command will produce a warning about training mode,
   which may be ignored.
2 ms. Memory: 288768K Free: 216166K (75%)
1 ms. Memory: 288768K Free: 215656K (75%)
6 ms. Memory: 288768K Free: 215127K (74%)
1 ms. Memory: 288768K Free: 214632K (74%)
8 ms. Memory: 288768K Free: 213608K (74%)
4 ms. Memory: 288768K Free: 210007K (73%)
/home/travis/build/icyphy/ptII/ptolemy/actor/lib/test/TestExceptionHandler.tcl
 The next command will produce a warning about training mode,
   which may be ignored.
2 ms. Memory: 288768K Free: 208488K (72%)
1 ms. Memory: 288768K Free: 207974K (72%)
0 ms. Memory: 288768K Free: 207464K (72%)
/home/travis/build/icyphy/ptII/ptolemy/actor/lib/test/UnionDisassembler.tcl
33 ms. Memory: 288768K Free: 200296K (69%)
/home/travis/build/icyphy/ptII/ptolemy/actor/lib/test/VariableClock.tcl
preinitializing
resolving types
initializing
executing number 1
wrapping up
idle
12 ms. Memory: 288768K Free: 198248K (69%)
Completed execution with 11 iterations
preinitializing
resolving types
initializing
executing number 1
wrapping up
idle
4 ms. Memory: 288768K Free: 196710K (68%)
Completed execution with 10 iterations
07/06/19 04:51:37
Failed: 2  Total Tests: 234  ((Passed: 232, Newly Passed: 0)  Known Failed: 0) /home/travis/build/icyphy/ptII/ptolemy/actor/lib/test
----------------- testing (KnownFailure) /home/travis/build/icyphy/ptII/ptolemy/actor/lib/test/auto/knownFailedTests/PublisherPortToplevelSubscriber.xml
0 ms. Memory: 288768K Free: 193638K (67%)
Known Failure: java.lang.reflect.InvocationTargetException
----------------- testing (KnownFailure) /home/travis/build/icyphy/ptII/ptolemy/actor/lib/test/auto/knownFailedTests/PublisherSubscriberPortToplevel.xml
1 ms. Memory: 288768K Free: 189542K (66%)
Known Failure: java.lang.reflect.InvocationTargetException
----------------- testing (KnownFailure) /home/travis/build/icyphy/ptII/ptolemy/actor/lib/test/auto/knownFailedTests/PublisherSubscriptionAggregatorPort.xml
1 ms. Memory: 288768K Free: 184936K (64%)
Known Failure: java.lang.reflect.InvocationTargetException
----------------- testing (KnownFailure) /home/travis/build/icyphy/ptII/ptolemy/actor/lib/test/auto/knownFailedTests/sizedarray3.xml
4 ms. Memory: 288768K Free: 180840K (63%)
Known Failure: java.lang.reflect.InvocationTargetException
No auto/linux-amd64/*.xml tests in /home/travis/build/icyphy/ptII/ptolemy/actor/lib/test
AutoTests.java: About to close Vertx.
AutoTests.java: Vertx closed.

===========================================================================================
----------------- testing Sat Jul 06 04:51:37 UTC 2019 /home/travis/build/icyphy/ptII/ptolemy/actor/lib/test/auto/AbsoluteValue.xml
----------------- Instantiating /home/travis/build/icyphy/ptII/ptolemy/actor/lib/test/auto/AbsoluteValue.xml
3 ms. Memory: 288768K Free: 157798K (55%)
----------------- Invoking toplevel() on ptolemy.moml.MoMLSimpleApplication@6b9891cf
----------------- Done invoking toplevel() on ptolemy.moml.MoMLSimpleApplication@6b9891cf
reloadAllAccessors: .AbsoluteValue

===========================================================================================
----------------- testing Sat Jul 06 04:51:38 UTC 2019 /home/travis/build/icyphy/ptII/ptolemy/actor/lib/test/auto/AbsoluteValue2.xml
----------------- Instantiating /home/travis/build/icyphy/ptII/ptolemy/actor/lib/test/auto/AbsoluteValue2.xml
8 ms. Memory: 288768K Free: 151144K (52%)
----------------- Invoking toplevel() on ptolemy.moml.MoMLSimpleApplication@2098c8e6
----------------- Done invoking toplevel() on ptolemy.moml.MoMLSimpleApplication@2098c8e6
reloadAllAccessors: .AbsoluteValue2

===========================================================================================
----------------- testing Sat Jul 06 04:51:38 UTC 2019 /home/travis/build/icyphy/ptII/ptolemy/actor/lib/test/auto/Accumulator.xml
----------------- Instantiating /home/travis/build/icyphy/ptII/ptolemy/actor/lib/test/auto/Accumulator.xml
6 ms. Memory: 288768K Free: 144486K (50%)
----------------- Invoking toplevel() on ptolemy.moml.MoMLSimpleApplication@46498c6c
----------------- Done invoking toplevel() on ptolemy.moml.MoMLSimpleApplication@46498c6c
reloadAllAccessors: .Accumulator

===========================================================================================
----------------- testing Sat Jul 06 04:51:38 UTC 2019 /home/travis/build/icyphy/ptII/ptolemy/actor/lib/test/auto/Accumulator2.xml
----------------- Instantiating /home/travis/build/icyphy/ptII/ptolemy/actor/lib/test/auto/Accumulator2.xml
11 ms. Memory: 288768K Free: 139366K (48%)
----------------- Invoking toplevel() on ptolemy.moml.MoMLSimpleApplication@36a5eec3
----------------- Done invoking toplevel() on ptolemy.moml.MoMLSimpleApplication@36a5eec3
reloadAllAccessors: .Accumulator2

===========================================================================================
----------------- testing Sat Jul 06 04:51:38 UTC 2019 /home/travis/build/icyphy/ptII/ptolemy/actor/lib/test/auto/Accumulator3.xml
----------------- Instantiating /home/travis/build/icyphy/ptII/ptolemy/actor/lib/test/auto/Accumulator3.xml
2 ms. Memory: 288768K Free: 134760K (47%)
----------------- Invoking toplevel() on ptolemy.moml.MoMLSimpleApplication@4fcd587a
----------------- Done invoking toplevel() on ptolemy.moml.MoMLSimpleApplication@4fcd587a
reloadAllAccessors: .Accumulator3

===========================================================================================
----------------- testing Sat Jul 06 04:51:38 UTC 2019 /home/travis/build/icyphy/ptII/ptolemy/actor/lib/test/auto/ArrayAppend.xml
----------------- Instantiating /home/travis/build/icyphy/ptII/ptolemy/actor/lib/test/auto/ArrayAppend.xml
7 ms. Memory: 288768K Free: 128071K (44%)
----------------- Invoking toplevel() on ptolemy.moml.MoMLSimpleApplication@71b217a1
----------------- Done invoking toplevel() on ptolemy.moml.MoMLSimpleApplication@71b217a1
reloadAllAccessors: .ArrayAppend

===========================================================================================
----------------- testing Sat Jul 06 04:51:38 UTC 2019 /home/travis/build/icyphy/ptII/ptolemy/actor/lib/test/auto/ArrayAppend2.xml
----------------- Instantiating /home/travis/build/icyphy/ptII/ptolemy/actor/lib/test/auto/ArrayAppend2.xml
437 ms. Memory: 288768K Free: 194884K (67%)
----------------- Invoking toplevel() on ptolemy.moml.MoMLSimpleApplication@7ca595c7
----------------- Done invoking toplevel() on ptolemy.moml.MoMLSimpleApplication@7ca595c7
reloadAllAccessors: .ArrayAppend2

===========================================================================================
----------------- testing Sat Jul 06 04:51:38 UTC 2019 /home/travis/build/icyphy/ptII/ptolemy/actor/lib/test/auto/ArrayAppend3.xml
----------------- Instantiating /home/travis/build/icyphy/ptII/ptolemy/actor/lib/test/auto/ArrayAppend3.xml
3 ms. Memory: 288768K Free: 188740K (65%)
----------------- Invoking toplevel() on ptolemy.moml.MoMLSimpleApplication@507f78d2
----------------- Done invoking toplevel() on ptolemy.moml.MoMLSimpleApplication@507f78d2
reloadAllAccessors: .ArrayAppend3

===========================================================================================
----------------- testing Sat Jul 06 04:51:38 UTC 2019 /home/travis/build/icyphy/ptII/ptolemy/actor/lib/test/auto/ArrayAppend4.xml
----------------- Instantiating /home/travis/build/icyphy/ptII/ptolemy/actor/lib/test/auto/ArrayAppend4.xml
3 ms. Memory: 288768K Free: 184130K (64%)
----------------- Invoking toplevel() on ptolemy.moml.MoMLSimpleApplication@50267c47
----------------- Done invoking toplevel() on ptolemy.moml.MoMLSimpleApplication@50267c47
reloadAllAccessors: .ArrayAppend4

===========================================================================================
----------------- testing Sat Jul 06 04:51:38 UTC 2019 /home/travis/build/icyphy/ptII/ptolemy/actor/lib/test/auto/ArrayAppend5.xml
----------------- Instantiating /home/travis/build/icyphy/ptII/ptolemy/actor/lib/test/auto/ArrayAppend5.xml
2 ms. Memory: 288768K Free: 179010K (62%)
----------------- Invoking toplevel() on ptolemy.moml.MoMLSimpleApplication@57bd6b7e
----------------- Done invoking toplevel() on ptolemy.moml.MoMLSimpleApplication@57bd6b7e
reloadAllAccessors: .ArrayAppend5

===========================================================================================
----------------- testing Sat Jul 06 04:51:38 UTC 2019 /home/travis/build/icyphy/ptII/ptolemy/actor/lib/test/auto/ArrayAppend6.xml
----------------- Instantiating /home/travis/build/icyphy/ptII/ptolemy/actor/lib/test/auto/ArrayAppend6.xml
3 ms. Memory: 288768K Free: 173890K (60%)
----------------- Invoking toplevel() on ptolemy.moml.MoMLSimpleApplication@4dda48fa
----------------- Done invoking toplevel() on ptolemy.moml.MoMLSimpleApplication@4dda48fa
reloadAllAccessors: .ArrayAppend6

===========================================================================================
----------------- testing Sat Jul 06 04:51:38 UTC 2019 /home/travis/build/icyphy/ptII/ptolemy/actor/lib/test/auto/ArrayAppendPerformanceTest.xml
----------------- Instantiating /home/travis/build/icyphy/ptII/ptolemy/actor/lib/test/auto/ArrayAppendPerformanceTest.xml
29 ms. Memory: 288768K Free: 163140K (56%)
----------------- Invoking toplevel() on ptolemy.moml.MoMLSimpleApplication@7e79fbdf
----------------- Done invoking toplevel() on ptolemy.moml.MoMLSimpleApplication@7e79fbdf
reloadAllAccessors: .ArrayAppendPerformanceTest

===========================================================================================
----------------- testing Sat Jul 06 04:51:38 UTC 2019 /home/travis/build/icyphy/ptII/ptolemy/actor/lib/test/auto/ArrayAppendWithEmptyInput.xml
----------------- Instantiating /home/travis/build/icyphy/ptII/ptolemy/actor/lib/test/auto/ArrayAppendWithEmptyInput.xml
17 ms. Memory: 288768K Free: 154948K (54%)
----------------- Invoking toplevel() on ptolemy.moml.MoMLSimpleApplication@50da213e
----------------- Done invoking toplevel() on ptolemy.moml.MoMLSimpleApplication@50da213e
reloadAllAccessors: .ArrayAppendWithEmptyInput

===========================================================================================
----------------- testing Sat Jul 06 04:51:39 UTC 2019 /home/travis/build/icyphy/ptII/ptolemy/actor/lib/test/auto/ArrayAverage.xml
----------------- Instantiating /home/travis/build/icyphy/ptII/ptolemy/actor/lib/test/auto/ArrayAverage.xml
13 ms. Memory: 288768K Free: 147266K (51%)
----------------- Invoking toplevel() on ptolemy.moml.MoMLSimpleApplication@616304eb
----------------- Done invoking toplevel() on ptolemy.moml.MoMLSimpleApplication@616304eb
reloadAllAccessors: .ArrayAverage

===========================================================================================
----------------- testing Sat Jul 06 04:51:39 UTC 2019 /home/travis/build/icyphy/ptII/ptolemy/actor/lib/test/auto/ArrayContains.xml
----------------- Instantiating /home/travis/build/icyphy/ptII/ptolemy/actor/lib/test/auto/ArrayContains.xml
9 ms. Memory: 288768K Free: 141122K (49%)
----------------- Invoking toplevel() on ptolemy.moml.MoMLSimpleApplication@be5cc93
----------------- Done invoking toplevel() on ptolemy.moml.MoMLSimpleApplication@be5cc93
reloadAllAccessors: .ArrayContains

===========================================================================================
----------------- testing Sat Jul 06 04:51:39 UTC 2019 /home/travis/build/icyphy/ptII/ptolemy/actor/lib/test/auto/ArrayElement.xml
----------------- Instantiating /home/travis/build/icyphy/ptII/ptolemy/actor/lib/test/auto/ArrayElement.xml
5 ms. Memory: 288768K Free: 135492K (47%)
----------------- Invoking toplevel() on ptolemy.moml.MoMLSimpleApplication@15e7ad34
----------------- Done invoking toplevel() on ptolemy.moml.MoMLSimpleApplication@15e7ad34
reloadAllAccessors: .ArrayElement

===========================================================================================
----------------- testing Sat Jul 06 04:51:39 UTC 2019 /home/travis/build/icyphy/ptII/ptolemy/actor/lib/test/auto/ArrayElementAsMatrix.xml
----------------- Instantiating /home/travis/build/icyphy/ptII/ptolemy/actor/lib/test/auto/ArrayElementAsMatrix.xml
12 ms. Memory: 288768K Free: 125762K (44%)
----------------- Invoking toplevel() on ptolemy.moml.MoMLSimpleApplication@9dad86d
----------------- Done invoking toplevel() on ptolemy.moml.MoMLSimpleApplication@9dad86d
reloadAllAccessors: .ArrayElementAsMatrix

===========================================================================================
----------------- testing Sat Jul 06 04:51:39 UTC 2019 /home/travis/build/icyphy/ptII/ptolemy/actor/lib/test/auto/ArrayElementI.xml
----------------- Instantiating /home/travis/build/icyphy/ptII/ptolemy/actor/lib/test/auto/ArrayElementI.xml
2 ms. Memory: 288768K Free: 120132K (42%)
----------------- Invoking toplevel() on ptolemy.moml.MoMLSimpleApplication@2ebc865f
----------------- Done invoking toplevel() on ptolemy.moml.MoMLSimpleApplication@2ebc865f
reloadAllAccessors: .ArrayElementI

===========================================================================================
----------------- testing Sat Jul 06 04:51:39 UTC 2019 /home/travis/build/icyphy/ptII/ptolemy/actor/lib/test/auto/ArrayExtract.xml
----------------- Instantiating /home/travis/build/icyphy/ptII/ptolemy/actor/lib/test/auto/ArrayExtract.xml
5 ms. Memory: 288768K Free: 111940K (39%)
----------------- Invoking toplevel() on ptolemy.moml.MoMLSimpleApplication@28f81b7c
----------------- Done invoking toplevel() on ptolemy.moml.MoMLSimpleApplication@28f81b7c
reloadAllAccessors: .ArrayExtract

===========================================================================================
----------------- testing Sat Jul 06 04:51:39 UTC 2019 /home/travis/build/icyphy/ptII/ptolemy/actor/lib/test/auto/ArrayExtract2.xml
----------------- Instantiating /home/travis/build/icyphy/ptII/ptolemy/actor/lib/test/auto/ArrayExtract2.xml
2 ms. Memory: 288768K Free: 106276K (37%)
----------------- Invoking toplevel() on ptolemy.moml.MoMLSimpleApplication@2dcd9cea
----------------- Done invoking toplevel() on ptolemy.moml.MoMLSimpleApplication@2dcd9cea
reloadAllAccessors: .ArrayExtract2

===========================================================================================
----------------- testing Sat Jul 06 04:51:39 UTC 2019 /home/travis/build/icyphy/ptII/ptolemy/actor/lib/test/auto/ArrayLength.xml
----------------- Instantiating /home/travis/build/icyphy/ptII/ptolemy/actor/lib/test/auto/ArrayLength.xml
2 ms. Memory: 288768K Free: 102724K (36%)
----------------- Invoking toplevel() on ptolemy.moml.MoMLSimpleApplication@f202027
----------------- Done invoking toplevel() on ptolemy.moml.MoMLSimpleApplication@f202027
reloadAllAccessors: .ArrayLength

===========================================================================================
----------------- testing Sat Jul 06 04:51:39 UTC 2019 /home/travis/build/icyphy/ptII/ptolemy/actor/lib/test/auto/ArrayLevelCrossing.xml
----------------- Instantiating /home/travis/build/icyphy/ptII/ptolemy/actor/lib/test/auto/ArrayLevelCrossing.xml
3 ms. Memory: 288768K Free: 94532K (33%)
----------------- Invoking toplevel() on ptolemy.moml.MoMLSimpleApplication@5eaf8396
----------------- Done invoking toplevel() on ptolemy.moml.MoMLSimpleApplication@5eaf8396
reloadAllAccessors: .ArrayLevelCrossing

===========================================================================================
----------------- testing Sat Jul 06 04:51:39 UTC 2019 /home/travis/build/icyphy/ptII/ptolemy/actor/lib/test/auto/ArrayLevelCrossing2.xml
----------------- Instantiating /home/travis/build/icyphy/ptII/ptolemy/actor/lib/test/auto/ArrayLevelCrossing2.xml
3 ms. Memory: 288768K Free: 87364K (30%)
----------------- Invoking toplevel() on ptolemy.moml.MoMLSimpleApplication@5e7a1574
----------------- Done invoking toplevel() on ptolemy.moml.MoMLSimpleApplication@5e7a1574
reloadAllAccessors: .ArrayLevelCrossing2

===========================================================================================
----------------- testing Sat Jul 06 04:51:39 UTC 2019 /home/travis/build/icyphy/ptII/ptolemy/actor/lib/test/auto/ArrayPeakSearch.xml
----------------- Instantiating /home/travis/build/icyphy/ptII/ptolemy/actor/lib/test/auto/ArrayPeakSearch.xml
8 ms. Memory: 288768K Free: 78148K (27%)
----------------- Invoking toplevel() on ptolemy.moml.MoMLSimpleApplication@464869a3
----------------- Done invoking toplevel() on ptolemy.moml.MoMLSimpleApplication@464869a3
reloadAllAccessors: .ArrayPeakSearch

===========================================================================================
----------------- testing Sat Jul 06 04:51:39 UTC 2019 /home/travis/build/icyphy/ptII/ptolemy/actor/lib/test/auto/ArrayPeakSearch2.xml
----------------- Instantiating /home/travis/build/icyphy/ptII/ptolemy/actor/lib/test/auto/ArrayPeakSearch2.xml
5 ms. Memory: 560128K Free: 507716K (91%)
----------------- Invoking toplevel() on ptolemy.moml.MoMLSimpleApplication@6c76866a
----------------- Done invoking toplevel() on ptolemy.moml.MoMLSimpleApplication@6c76866a
reloadAllAccessors: .ArrayPeakSearch2

===========================================================================================
----------------- testing Sat Jul 06 04:51:39 UTC 2019 /home/travis/build/icyphy/ptII/ptolemy/actor/lib/test/auto/ArrayPeakSearch3.xml
----------------- Instantiating /home/travis/build/icyphy/ptII/ptolemy/actor/lib/test/auto/ArrayPeakSearch3.xml
5 ms. Memory: 560128K Free: 498500K (89%)
----------------- Invoking toplevel() on ptolemy.moml.MoMLSimpleApplication@2c60ec3
----------------- Done invoking toplevel() on ptolemy.moml.MoMLSimpleApplication@2c60ec3
reloadAllAccessors: .ArrayPeakSearch3

===========================================================================================
----------------- testing Sat Jul 06 04:51:39 UTC 2019 /home/travis/build/icyphy/ptII/ptolemy/actor/lib/test/auto/ArrayRemoveElement.xml
----------------- Instantiating /home/travis/build/icyphy/ptII/ptolemy/actor/lib/test/auto/ArrayRemoveElement.xml
4 ms. Memory: 560128K Free: 490818K (88%)
----------------- Invoking toplevel() on ptolemy.moml.MoMLSimpleApplication@29280791
----------------- Done invoking toplevel() on ptolemy.moml.MoMLSimpleApplication@29280791
reloadAllAccessors: .ArrayRemoveElement

===========================================================================================
----------------- testing Sat Jul 06 04:51:39 UTC 2019 /home/travis/build/icyphy/ptII/ptolemy/actor/lib/test/auto/ArraySort.xml
----------------- Instantiating /home/travis/build/icyphy/ptII/ptolemy/actor/lib/test/auto/ArraySort.xml
11 ms. Memory: 560128K Free: 481602K (86%)
----------------- Invoking toplevel() on ptolemy.moml.MoMLSimpleApplication@af9526e
----------------- Done invoking toplevel() on ptolemy.moml.MoMLSimpleApplication@af9526e
reloadAllAccessors: .ArraySort

===========================================================================================
----------------- testing Sat Jul 06 04:51:39 UTC 2019 /home/travis/build/icyphy/ptII/ptolemy/actor/lib/test/auto/ArraySum.xml
----------------- Instantiating /home/travis/build/icyphy/ptII/ptolemy/actor/lib/test/auto/ArraySum.xml
6 ms. Memory: 560128K Free: 476482K (85%)
----------------- Invoking toplevel() on ptolemy.moml.MoMLSimpleApplication@40c423ef
----------------- Done invoking toplevel() on ptolemy.moml.MoMLSimpleApplication@40c423ef
reloadAllAccessors: .ArraySum

===========================================================================================
----------------- testing Sat Jul 06 04:51:39 UTC 2019 /home/travis/build/icyphy/ptII/ptolemy/actor/lib/test/auto/ArrayToElements.xml
----------------- Instantiating /home/travis/build/icyphy/ptII/ptolemy/actor/lib/test/auto/ArrayToElements.xml
7 ms. Memory: 560128K Free: 470852K (84%)
----------------- Invoking toplevel() on ptolemy.moml.MoMLSimpleApplication@7e1a713b
----------------- Done invoking toplevel() on ptolemy.moml.MoMLSimpleApplication@7e1a713b
reloadAllAccessors: .ArrayToElements

===========================================================================================
----------------- testing Sat Jul 06 04:51:39 UTC 2019 /home/travis/build/icyphy/ptII/ptolemy/actor/lib/test/auto/ArrayToMatrix.xml
----------------- Instantiating /home/travis/build/icyphy/ptII/ptolemy/actor/lib/test/auto/ArrayToMatrix.xml
10 ms. Memory: 560128K Free: 457026K (82%)
----------------- Invoking toplevel() on ptolemy.moml.MoMLSimpleApplication@56d4f732
----------------- Done invoking toplevel() on ptolemy.moml.MoMLSimpleApplication@56d4f732
reloadAllAccessors: .ArrayToMatrix

===========================================================================================
----------------- testing Sat Jul 06 04:51:39 UTC 2019 /home/travis/build/icyphy/ptII/ptolemy/actor/lib/test/auto/ArrayUpdate1.xml
----------------- Instantiating /home/travis/build/icyphy/ptII/ptolemy/actor/lib/test/auto/ArrayUpdate1.xml
5 ms. Memory: 560128K Free: 451906K (81%)
----------------- Invoking toplevel() on ptolemy.moml.MoMLSimpleApplication@63bcb437
----------------- Done invoking toplevel() on ptolemy.moml.MoMLSimpleApplication@63bcb437
reloadAllAccessors: .ArrayUpdate1

===========================================================================================
----------------- testing Sat Jul 06 04:51:39 UTC 2019 /home/travis/build/icyphy/ptII/ptolemy/actor/lib/test/auto/ArrayUpdate2.xml
----------------- Instantiating /home/travis/build/icyphy/ptII/ptolemy/actor/lib/test/auto/ArrayUpdate2.xml
12 ms. Memory: 560128K Free: 445762K (80%)
----------------- Invoking toplevel() on ptolemy.moml.MoMLSimpleApplication@a672b24
----------------- Done invoking toplevel() on ptolemy.moml.MoMLSimpleApplication@a672b24
reloadAllAccessors: .ArrayUpdate2

===========================================================================================
----------------- testing Sat Jul 06 04:51:39 UTC 2019 /home/travis/build/icyphy/ptII/ptolemy/actor/lib/test/auto/ArrayUpdate3.xml
----------------- Instantiating /home/travis/build/icyphy/ptII/ptolemy/actor/lib/test/auto/ArrayUpdate3.xml
7 ms. Memory: 560128K Free: 440642K (79%)
----------------- Invoking toplevel() on ptolemy.moml.MoMLSimpleApplication@50763db
----------------- Done invoking toplevel() on ptolemy.moml.MoMLSimpleApplication@50763db
reloadAllAccessors: .ArrayUpdate3

===========================================================================================
----------------- testing Sat Jul 06 04:51:39 UTC 2019 /home/travis/build/icyphy/ptII/ptolemy/actor/lib/test/auto/Assert1.xml
----------------- Instantiating /home/travis/build/icyphy/ptII/ptolemy/actor/lib/test/auto/Assert1.xml
7 ms. Memory: 560128K Free: 436546K (78%)
----------------- Invoking toplevel() on ptolemy.moml.MoMLSimpleApplication@60e54a1b
----------------- Done invoking toplevel() on ptolemy.moml.MoMLSimpleApplication@60e54a1b
reloadAllAccessors: .Assert1

===========================================================================================
----------------- testing Sat Jul 06 04:51:39 UTC 2019 /home/travis/build/icyphy/ptII/ptolemy/actor/lib/test/auto/Assert2.xml
----------------- Instantiating /home/travis/build/icyphy/ptII/ptolemy/actor/lib/test/auto/Assert2.xml
2 ms. Memory: 560128K Free: 431426K (77%)
----------------- Invoking toplevel() on ptolemy.moml.MoMLSimpleApplication@7a63aeb2
----------------- Done invoking toplevel() on ptolemy.moml.MoMLSimpleApplication@7a63aeb2
reloadAllAccessors: .Assert2

===========================================================================================
----------------- testing Sat Jul 06 04:51:39 UTC 2019 /home/travis/build/icyphy/ptII/ptolemy/actor/lib/test/auto/BooleanMultiplexor.xml
----------------- Instantiating /home/travis/build/icyphy/ptII/ptolemy/actor/lib/test/auto/BooleanMultiplexor.xml
2 ms. Memory: 560128K Free: 426292K (76%)
----------------- Invoking toplevel() on ptolemy.moml.MoMLSimpleApplication@ac15a41
----------------- Done invoking toplevel() on ptolemy.moml.MoMLSimpleApplication@ac15a41
reloadAllAccessors: .BooleanMultiplexor

===========================================================================================
----------------- testing Sat Jul 06 04:51:40 UTC 2019 /home/travis/build/icyphy/ptII/ptolemy/actor/lib/test/auto/BooleanMultiplexor2.xml
----------------- Instantiating /home/travis/build/icyphy/ptII/ptolemy/actor/lib/test/auto/BooleanMultiplexor2.xml
13 ms. Memory: 560128K Free: 419652K (75%)
----------------- Invoking toplevel() on ptolemy.moml.MoMLSimpleApplication@266541dd
----------------- Done invoking toplevel() on ptolemy.moml.MoMLSimpleApplication@266541dd
reloadAllAccessors: .BooleanMultiplexor2

===========================================================================================
----------------- testing Sat Jul 06 04:51:40 UTC 2019 /home/travis/build/icyphy/ptII/ptolemy/actor/lib/test/auto/BooleanMultiplexor3.xml
----------------- Instantiating /home/travis/build/icyphy/ptII/ptolemy/actor/lib/test/auto/BooleanMultiplexor3.xml
4 ms. Memory: 560128K Free: 416066K (74%)
----------------- Invoking toplevel() on ptolemy.moml.MoMLSimpleApplication@76854181
----------------- Done invoking toplevel() on ptolemy.moml.MoMLSimpleApplication@76854181
reloadAllAccessors: .BooleanMultiplexor3

===========================================================================================
----------------- testing Sat Jul 06 04:51:40 UTC 2019 /home/travis/build/icyphy/ptII/ptolemy/actor/lib/test/auto/BooleanSelect.xml
----------------- Instantiating /home/travis/build/icyphy/ptII/ptolemy/actor/lib/test/auto/BooleanSelect.xml
8 ms. Memory: 560128K Free: 409908K (73%)
----------------- Invoking toplevel() on ptolemy.moml.MoMLSimpleApplication@621d83e3
----------------- Done invoking toplevel() on ptolemy.moml.MoMLSimpleApplication@621d83e3
reloadAllAccessors: .BooleanSelect

===========================================================================================
----------------- testing Sat Jul 06 04:51:40 UTC 2019 /home/travis/build/icyphy/ptII/ptolemy/actor/lib/test/auto/BooleanSelect2.xml
----------------- Instantiating /home/travis/build/icyphy/ptII/ptolemy/actor/lib/test/auto/BooleanSelect2.xml
2 ms. Memory: 560128K Free: 405826K (72%)
----------------- Invoking toplevel() on ptolemy.moml.MoMLSimpleApplication@5fc6a75b
----------------- Done invoking toplevel() on ptolemy.moml.MoMLSimpleApplication@5fc6a75b
reloadAllAccessors: .BooleanSelect2

===========================================================================================
----------------- testing Sat Jul 06 04:51:40 UTC 2019 /home/travis/build/icyphy/ptII/ptolemy/actor/lib/test/auto/BooleanSwitch.xml
----------------- Instantiating /home/travis/build/icyphy/ptII/ptolemy/actor/lib/test/auto/BooleanSwitch.xml
9 ms. Memory: 560128K Free: 399682K (71%)
----------------- Invoking toplevel() on ptolemy.moml.MoMLSimpleApplication@60b81cbd
----------------- Done invoking toplevel() on ptolemy.moml.MoMLSimpleApplication@60b81cbd
reloadAllAccessors: .BooleanSwitch

===========================================================================================
----------------- testing Sat Jul 06 04:51:40 UTC 2019 /home/travis/build/icyphy/ptII/ptolemy/actor/lib/test/auto/BooleanSwitch2.xml
----------------- Instantiating /home/travis/build/icyphy/ptII/ptolemy/actor/lib/test/auto/BooleanSwitch2.xml
1 ms. Memory: 560128K Free: 395076K (71%)
----------------- Invoking toplevel() on ptolemy.moml.MoMLSimpleApplication@349cf8d5
----------------- Done invoking toplevel() on ptolemy.moml.MoMLSimpleApplication@349cf8d5
reloadAllAccessors: .BooleanSwitch2

===========================================================================================
----------------- testing Sat Jul 06 04:51:40 UTC 2019 /home/travis/build/icyphy/ptII/ptolemy/actor/lib/test/auto/BooleanSwitchCloningBugWithClassRelationGroup.xml
----------------- Instantiating /home/travis/build/icyphy/ptII/ptolemy/actor/lib/test/auto/BooleanSwitchCloningBugWithClassRelationGroup.xml
3 ms. Memory: 560128K Free: 388932K (69%)
----------------- Invoking toplevel() on ptolemy.moml.MoMLSimpleApplication@2a69782d
----------------- Done invoking toplevel() on ptolemy.moml.MoMLSimpleApplication@2a69782d
reloadAllAccessors: .BooleanSwitchCloningBugWithClassRelationGroup

===========================================================================================
----------------- testing Sat Jul 06 04:51:40 UTC 2019 /home/travis/build/icyphy/ptII/ptolemy/actor/lib/test/auto/BusActors.xml
----------------- Instantiating /home/travis/build/icyphy/ptII/ptolemy/actor/lib/test/auto/BusActors.xml
4 ms. Memory: 560128K Free: 380740K (68%)
----------------- Invoking toplevel() on ptolemy.moml.MoMLSimpleApplication@6a9d09b1
----------------- Done invoking toplevel() on ptolemy.moml.MoMLSimpleApplication@6a9d09b1
reloadAllAccessors: .BusActors

===========================================================================================
----------------- testing Sat Jul 06 04:51:40 UTC 2019 /home/travis/build/icyphy/ptII/ptolemy/actor/lib/test/auto/ClassWrapper.xml
----------------- Instantiating /home/travis/build/icyphy/ptII/ptolemy/actor/lib/test/auto/ClassWrapper.xml
5 ms. Memory: 560128K Free: 376644K (67%)
----------------- Invoking toplevel() on ptolemy.moml.MoMLSimpleApplication@4aaa09b0
----------------- Done invoking toplevel() on ptolemy.moml.MoMLSimpleApplication@4aaa09b0
reloadAllAccessors: .ClassWrapper

===========================================================================================
----------------- testing Sat Jul 06 04:51:40 UTC 2019 /home/travis/build/icyphy/ptII/ptolemy/actor/lib/test/auto/Clock.xml
----------------- Instantiating /home/travis/build/icyphy/ptII/ptolemy/actor/lib/test/auto/Clock.xml
3 ms. Memory: 560128K Free: 372548K (67%)
----------------- Invoking toplevel() on ptolemy.moml.MoMLSimpleApplication@ea78cb0
----------------- Done invoking toplevel() on ptolemy.moml.MoMLSimpleApplication@ea78cb0
reloadAllAccessors: .Clock

===========================================================================================
----------------- testing Sat Jul 06 04:51:40 UTC 2019 /home/travis/build/icyphy/ptII/ptolemy/actor/lib/test/auto/Clock10.xml
----------------- Instantiating /home/travis/build/icyphy/ptII/ptolemy/actor/lib/test/auto/Clock10.xml
3 ms. Memory: 560128K Free: 366914K (66%)
----------------- Invoking toplevel() on ptolemy.moml.MoMLSimpleApplication@16046868
----------------- Done invoking toplevel() on ptolemy.moml.MoMLSimpleApplication@16046868
reloadAllAccessors: .Clock10

===========================================================================================
----------------- testing Sat Jul 06 04:51:40 UTC 2019 /home/travis/build/icyphy/ptII/ptolemy/actor/lib/test/auto/Clock11.xml
----------------- Instantiating /home/travis/build/icyphy/ptII/ptolemy/actor/lib/test/auto/Clock11.xml
5 ms. Memory: 560128K Free: 360770K (64%)
----------------- Invoking toplevel() on ptolemy.moml.MoMLSimpleApplication@73cf4f5f
----------------- Done invoking toplevel() on ptolemy.moml.MoMLSimpleApplication@73cf4f5f
reloadAllAccessors: .Clock11

===========================================================================================
----------------- testing Sat Jul 06 04:51:40 UTC 2019 /home/travis/build/icyphy/ptII/ptolemy/actor/lib/test/auto/Clock12.xml
----------------- Instantiating /home/travis/build/icyphy/ptII/ptolemy/actor/lib/test/auto/Clock12.xml
5 ms. Memory: 560128K Free: 355140K (63%)
----------------- Invoking toplevel() on ptolemy.moml.MoMLSimpleApplication@4833458b
----------------- Done invoking toplevel() on ptolemy.moml.MoMLSimpleApplication@4833458b
reloadAllAccessors: .Clock12

===========================================================================================
----------------- testing Sat Jul 06 04:51:40 UTC 2019 /home/travis/build/icyphy/ptII/ptolemy/actor/lib/test/auto/Clock13.xml
----------------- Instantiating /home/travis/build/icyphy/ptII/ptolemy/actor/lib/test/auto/Clock13.xml
4 ms. Memory: 560128K Free: 348996K (62%)
----------------- Invoking toplevel() on ptolemy.moml.MoMLSimpleApplication@36d54926
----------------- Done invoking toplevel() on ptolemy.moml.MoMLSimpleApplication@36d54926
reloadAllAccessors: .Clock13

===========================================================================================
----------------- testing Sat Jul 06 04:51:40 UTC 2019 /home/travis/build/icyphy/ptII/ptolemy/actor/lib/test/auto/Clock14.xml
----------------- Instantiating /home/travis/build/icyphy/ptII/ptolemy/actor/lib/test/auto/Clock14.xml
6 ms. Memory: 560128K Free: 343332K (61%)
----------------- Invoking toplevel() on ptolemy.moml.MoMLSimpleApplication@1475857f
----------------- Done invoking toplevel() on ptolemy.moml.MoMLSimpleApplication@1475857f
reloadAllAccessors: .Clock14

===========================================================================================
----------------- testing Sat Jul 06 04:51:40 UTC 2019 /home/travis/build/icyphy/ptII/ptolemy/actor/lib/test/auto/Clock15.xml
----------------- Instantiating /home/travis/build/icyphy/ptII/ptolemy/actor/lib/test/auto/Clock15.xml
2 ms. Memory: 560128K Free: 337212K (60%)
----------------- Invoking toplevel() on ptolemy.moml.MoMLSimpleApplication@79b2d076
----------------- Done invoking toplevel() on ptolemy.moml.MoMLSimpleApplication@79b2d076
reloadAllAccessors: .Clock15

===========================================================================================
----------------- testing Sat Jul 06 04:51:40 UTC 2019 /home/travis/build/icyphy/ptII/ptolemy/actor/lib/test/auto/Clock16.xml
----------------- Instantiating /home/travis/build/icyphy/ptII/ptolemy/actor/lib/test/auto/Clock16.xml
40 ms. Memory: 560128K Free: 322876K (58%)
----------------- Invoking toplevel() on ptolemy.moml.MoMLSimpleApplication@f4a386c
----------------- Done invoking toplevel() on ptolemy.moml.MoMLSimpleApplication@f4a386c
reloadAllAccessors: .Clock16

===========================================================================================
----------------- testing Sat Jul 06 04:51:40 UTC 2019 /home/travis/build/icyphy/ptII/ptolemy/actor/lib/test/auto/Clock17.xml
----------------- Instantiating /home/travis/build/icyphy/ptII/ptolemy/actor/lib/test/auto/Clock17.xml
20 ms. Memory: 560128K Free: 308532K (55%)
----------------- Invoking toplevel() on ptolemy.moml.MoMLSimpleApplication@62b9a0e3
----------------- Done invoking toplevel() on ptolemy.moml.MoMLSimpleApplication@62b9a0e3
reloadAllAccessors: .Clock17

===========================================================================================
----------------- testing Sat Jul 06 04:51:40 UTC 2019 /home/travis/build/icyphy/ptII/ptolemy/actor/lib/test/auto/Clock18.xml
----------------- Instantiating /home/travis/build/icyphy/ptII/ptolemy/actor/lib/test/auto/Clock18.xml
17 ms. Memory: 560128K Free: 501593K (90%)
----------------- Invoking toplevel() on ptolemy.moml.MoMLSimpleApplication@6cb33bb
----------------- Done invoking toplevel() on ptolemy.moml.MoMLSimpleApplication@6cb33bb
reloadAllAccessors: .Clock18

===========================================================================================
----------------- testing Sat Jul 06 04:51:40 UTC 2019 /home/travis/build/icyphy/ptII/ptolemy/actor/lib/test/auto/Clock19.xml
----------------- Instantiating /home/travis/build/icyphy/ptII/ptolemy/actor/lib/test/auto/Clock19.xml
12 ms. Memory: 560128K Free: 488281K (87%)
----------------- Invoking toplevel() on ptolemy.moml.MoMLSimpleApplication@3d143b16
----------------- Done invoking toplevel() on ptolemy.moml.MoMLSimpleApplication@3d143b16
reloadAllAccessors: .Clock19

===========================================================================================
----------------- testing Sat Jul 06 04:51:40 UTC 2019 /home/travis/build/icyphy/ptII/ptolemy/actor/lib/test/auto/Clock2.xml
----------------- Instantiating /home/travis/build/icyphy/ptII/ptolemy/actor/lib/test/auto/Clock2.xml
5 ms. Memory: 560128K Free: 483641K (86%)
----------------- Invoking toplevel() on ptolemy.moml.MoMLSimpleApplication@58ee90e0
----------------- Done invoking toplevel() on ptolemy.moml.MoMLSimpleApplication@58ee90e0
reloadAllAccessors: .Clock2

===========================================================================================
----------------- testing Sat Jul 06 04:51:40 UTC 2019 /home/travis/build/icyphy/ptII/ptolemy/actor/lib/test/auto/Clock20.xml
----------------- Instantiating /home/travis/build/icyphy/ptII/ptolemy/actor/lib/test/auto/Clock20.xml
7 ms. Memory: 560128K Free: 478551K (85%)
----------------- Invoking toplevel() on ptolemy.moml.MoMLSimpleApplication@39d23e09
----------------- Done invoking toplevel() on ptolemy.moml.MoMLSimpleApplication@39d23e09
reloadAllAccessors: .Clock20

===========================================================================================
----------------- testing Sat Jul 06 04:51:40 UTC 2019 /home/travis/build/icyphy/ptII/ptolemy/actor/lib/test/auto/Clock21.xml
----------------- Instantiating /home/travis/build/icyphy/ptII/ptolemy/actor/lib/test/auto/Clock21.xml
8 ms. Memory: 560128K Free: 472921K (84%)
----------------- Invoking toplevel() on ptolemy.moml.MoMLSimpleApplication@11258ba6
----------------- Done invoking toplevel() on ptolemy.moml.MoMLSimpleApplication@11258ba6
reloadAllAccessors: .Clock21

===========================================================================================
----------------- testing Sat Jul 06 04:51:40 UTC 2019 /home/travis/build/icyphy/ptII/ptolemy/actor/lib/test/auto/Clock22.xml
----------------- Instantiating /home/travis/build/icyphy/ptII/ptolemy/actor/lib/test/auto/Clock22.xml
5 ms. Memory: 560128K Free: 467801K (84%)
----------------- Invoking toplevel() on ptolemy.moml.MoMLSimpleApplication@26e8e800
----------------- Done invoking toplevel() on ptolemy.moml.MoMLSimpleApplication@26e8e800
reloadAllAccessors: .Clock22

===========================================================================================
----------------- testing Sat Jul 06 04:51:40 UTC 2019 /home/travis/build/icyphy/ptII/ptolemy/actor/lib/test/auto/Clock23.xml
----------------- Instantiating /home/travis/build/icyphy/ptII/ptolemy/actor/lib/test/auto/Clock23.xml
7 ms. Memory: 560128K Free: 462167K (83%)
----------------- Invoking toplevel() on ptolemy.moml.MoMLSimpleApplication@7b85783a
----------------- Done invoking toplevel() on ptolemy.moml.MoMLSimpleApplication@7b85783a
reloadAllAccessors: .Clock23

===========================================================================================
----------------- testing Sat Jul 06 04:51:40 UTC 2019 /home/travis/build/icyphy/ptII/ptolemy/actor/lib/test/auto/Clock24.xml
----------------- Instantiating /home/travis/build/icyphy/ptII/ptolemy/actor/lib/test/auto/Clock24.xml
5 ms. Memory: 560128K Free: 456537K (82%)
----------------- Invoking toplevel() on ptolemy.moml.MoMLSimpleApplication@215f779a
----------------- Done invoking toplevel() on ptolemy.moml.MoMLSimpleApplication@215f779a
reloadAllAccessors: .Clock24

===========================================================================================
----------------- testing Sat Jul 06 04:51:40 UTC 2019 /home/travis/build/icyphy/ptII/ptolemy/actor/lib/test/auto/Clock4.xml
----------------- Instantiating /home/travis/build/icyphy/ptII/ptolemy/actor/lib/test/auto/Clock4.xml
1 ms. Memory: 560128K Free: 451897K (81%)
----------------- Invoking toplevel() on ptolemy.moml.MoMLSimpleApplication@167e1c8f
----------------- Done invoking toplevel() on ptolemy.moml.MoMLSimpleApplication@167e1c8f
reloadAllAccessors: .Clock4

===========================================================================================
----------------- testing Sat Jul 06 04:51:40 UTC 2019 /home/travis/build/icyphy/ptII/ptolemy/actor/lib/test/auto/Clock5.xml
----------------- Instantiating /home/travis/build/icyphy/ptII/ptolemy/actor/lib/test/auto/Clock5.xml
4 ms. Memory: 560128K Free: 446297K (80%)
----------------- Invoking toplevel() on ptolemy.moml.MoMLSimpleApplication@52ada01e
----------------- Done invoking toplevel() on ptolemy.moml.MoMLSimpleApplication@52ada01e
reloadAllAccessors: .Clock5

===========================================================================================
----------------- testing Sat Jul 06 04:51:41 UTC 2019 /home/travis/build/icyphy/ptII/ptolemy/actor/lib/test/auto/Clock6.xml
----------------- Instantiating /home/travis/build/icyphy/ptII/ptolemy/actor/lib/test/auto/Clock6.xml
5 ms. Memory: 560128K Free: 442201K (79%)
----------------- Invoking toplevel() on ptolemy.moml.MoMLSimpleApplication@5d084046
----------------- Done invoking toplevel() on ptolemy.moml.MoMLSimpleApplication@5d084046
reloadAllAccessors: .Clock6

===========================================================================================
----------------- testing Sat Jul 06 04:51:41 UTC 2019 /home/travis/build/icyphy/ptII/ptolemy/actor/lib/test/auto/Clock7.xml
----------------- Instantiating /home/travis/build/icyphy/ptII/ptolemy/actor/lib/test/auto/Clock7.xml
2 ms. Memory: 560128K Free: 437591K (78%)
----------------- Invoking toplevel() on ptolemy.moml.MoMLSimpleApplication@1128893d
----------------- Done invoking toplevel() on ptolemy.moml.MoMLSimpleApplication@1128893d
reloadAllAccessors: .Clock7

===========================================================================================
----------------- testing Sat Jul 06 04:51:41 UTC 2019 /home/travis/build/icyphy/ptII/ptolemy/actor/lib/test/auto/Clock8.xml
----------------- Instantiating /home/travis/build/icyphy/ptII/ptolemy/actor/lib/test/auto/Clock8.xml
6 ms. Memory: 560128K Free: 432465K (77%)
----------------- Invoking toplevel() on ptolemy.moml.MoMLSimpleApplication@6afafffa
----------------- Done invoking toplevel() on ptolemy.moml.MoMLSimpleApplication@6afafffa
reloadAllAccessors: .Clock8

===========================================================================================
----------------- testing Sat Jul 06 04:51:41 UTC 2019 /home/travis/build/icyphy/ptII/ptolemy/actor/lib/test/auto/Clock9.xml
----------------- Instantiating /home/travis/build/icyphy/ptII/ptolemy/actor/lib/test/auto/Clock9.xml
6 ms. Memory: 560128K Free: 426841K (76%)
----------------- Invoking toplevel() on ptolemy.moml.MoMLSimpleApplication@32ec8d56
----------------- Done invoking toplevel() on ptolemy.moml.MoMLSimpleApplication@32ec8d56
reloadAllAccessors: .Clock9

===========================================================================================
----------------- testing Sat Jul 06 04:51:41 UTC 2019 /home/travis/build/icyphy/ptII/ptolemy/actor/lib/test/auto/CommDistDiscard.xml
----------------- Instantiating /home/travis/build/icyphy/ptII/ptolemy/actor/lib/test/auto/CommDistDiscard.xml
4 ms. Memory: 560128K Free: 421207K (75%)
----------------- Invoking toplevel() on ptolemy.moml.MoMLSimpleApplication@2eaa8d11
----------------- Done invoking toplevel() on ptolemy.moml.MoMLSimpleApplication@2eaa8d11
reloadAllAccessors: .CommDistDiscard

===========================================================================================
----------------- testing Sat Jul 06 04:51:41 UTC 2019 /home/travis/build/icyphy/ptII/ptolemy/actor/lib/test/auto/Commutator.xml
----------------- Instantiating /home/travis/build/icyphy/ptII/ptolemy/actor/lib/test/auto/Commutator.xml
4 ms. Memory: 560128K Free: 417111K (74%)
----------------- Invoking toplevel() on ptolemy.moml.MoMLSimpleApplication@30e2914a
----------------- Done invoking toplevel() on ptolemy.moml.MoMLSimpleApplication@30e2914a
reloadAllAccessors: .Commutator

===========================================================================================
----------------- testing Sat Jul 06 04:51:41 UTC 2019 /home/travis/build/icyphy/ptII/ptolemy/actor/lib/test/auto/Commutator2.xml
----------------- Instantiating /home/travis/build/icyphy/ptII/ptolemy/actor/lib/test/auto/Commutator2.xml
2 ms. Memory: 560128K Free: 412505K (74%)
----------------- Invoking toplevel() on ptolemy.moml.MoMLSimpleApplication@332bda7
----------------- Done invoking toplevel() on ptolemy.moml.MoMLSimpleApplication@332bda7
reloadAllAccessors: .Commutator2

===========================================================================================
----------------- testing Sat Jul 06 04:51:41 UTC 2019 /home/travis/build/icyphy/ptII/ptolemy/actor/lib/test/auto/Commutator3.xml
----------------- Instantiating /home/travis/build/icyphy/ptII/ptolemy/actor/lib/test/auto/Commutator3.xml
2 ms. Memory: 560128K Free: 408409K (73%)
----------------- Invoking toplevel() on ptolemy.moml.MoMLSimpleApplication@50729ebb
----------------- Done invoking toplevel() on ptolemy.moml.MoMLSimpleApplication@50729ebb
reloadAllAccessors: .Commutator3

===========================================================================================
----------------- testing Sat Jul 06 04:51:41 UTC 2019 /home/travis/build/icyphy/ptII/ptolemy/actor/lib/test/auto/Compare.xml
----------------- Instantiating /home/travis/build/icyphy/ptII/ptolemy/actor/lib/test/auto/Compare.xml
2 ms. Memory: 560128K Free: 401751K (72%)
----------------- Invoking toplevel() on ptolemy.moml.MoMLSimpleApplication@2e9f76fe
----------------- Done invoking toplevel() on ptolemy.moml.MoMLSimpleApplication@2e9f76fe
reloadAllAccessors: .Compare

===========================================================================================
----------------- testing Sat Jul 06 04:51:41 UTC 2019 /home/travis/build/icyphy/ptII/ptolemy/actor/lib/test/auto/CompareDE.xml
----------------- Instantiating /home/travis/build/icyphy/ptII/ptolemy/actor/lib/test/auto/CompareDE.xml
5 ms. Memory: 560128K Free: 394569K (70%)
----------------- Invoking toplevel() on ptolemy.moml.MoMLSimpleApplication@b47296d
----------------- Done invoking toplevel() on ptolemy.moml.MoMLSimpleApplication@b47296d
reloadAllAccessors: .CompareDE

===========================================================================================
----------------- testing Sat Jul 06 04:51:41 UTC 2019 /home/travis/build/icyphy/ptII/ptolemy/actor/lib/test/auto/ComplexDivide.xml
----------------- Instantiating /home/travis/build/icyphy/ptII/ptolemy/actor/lib/test/auto/ComplexDivide.xml
1 ms. Memory: 560128K Free: 391001K (70%)
----------------- Invoking toplevel() on ptolemy.moml.MoMLSimpleApplication@525f36a9
----------------- Done invoking toplevel() on ptolemy.moml.MoMLSimpleApplication@525f36a9
reloadAllAccessors: .ComplexDivide

===========================================================================================
----------------- testing Sat Jul 06 04:51:41 UTC 2019 /home/travis/build/icyphy/ptII/ptolemy/actor/lib/test/auto/ComputeHistogram.xml
----------------- Instantiating /home/travis/build/icyphy/ptII/ptolemy/actor/lib/test/auto/ComputeHistogram.xml
34 ms. Memory: 560128K Free: 378199K (68%)
----------------- Invoking toplevel() on ptolemy.moml.MoMLSimpleApplication@63ccbfb3
----------------- Done invoking toplevel() on ptolemy.moml.MoMLSimpleApplication@63ccbfb3
reloadAllAccessors: .ComputeHistogram

===========================================================================================
----------------- testing Sat Jul 06 04:51:41 UTC 2019 /home/travis/build/icyphy/ptII/ptolemy/actor/lib/test/auto/ConfigurationSelect.xml
----------------- Instantiating /home/travis/build/icyphy/ptII/ptolemy/actor/lib/test/auto/ConfigurationSelect.xml
9 ms. Memory: 560128K Free: 372569K (67%)
----------------- Invoking toplevel() on ptolemy.moml.MoMLSimpleApplication@6897c7c8
----------------- Done invoking toplevel() on ptolemy.moml.MoMLSimpleApplication@6897c7c8
reloadAllAccessors: .ConfigurationSelect

===========================================================================================
----------------- testing Sat Jul 06 04:51:41 UTC 2019 /home/travis/build/icyphy/ptII/ptolemy/actor/lib/test/auto/ConfigurationSelect2.xml
----------------- Instantiating /home/travis/build/icyphy/ptII/ptolemy/actor/lib/test/auto/ConfigurationSelect2.xml
2 ms. Memory: 560128K Free: 368473K (66%)
----------------- Invoking toplevel() on ptolemy.moml.MoMLSimpleApplication@25b1c14
----------------- Done invoking toplevel() on ptolemy.moml.MoMLSimpleApplication@25b1c14
reloadAllAccessors: .ConfigurationSelect2

===========================================================================================
----------------- testing Sat Jul 06 04:51:41 UTC 2019 /home/travis/build/icyphy/ptII/ptolemy/actor/lib/test/auto/ConfigurationSwitch.xml
----------------- Instantiating /home/travis/build/icyphy/ptII/ptolemy/actor/lib/test/auto/ConfigurationSwitch.xml
1 ms. Memory: 560128K Free: 362839K (65%)
----------------- Invoking toplevel() on ptolemy.moml.MoMLSimpleApplication@67c96150
----------------- Done invoking toplevel() on ptolemy.moml.MoMLSimpleApplication@67c96150
reloadAllAccessors: .ConfigurationSwitch

===========================================================================================
----------------- testing Sat Jul 06 04:51:41 UTC 2019 /home/travis/build/icyphy/ptII/ptolemy/actor/lib/test/auto/ConfigurationSwitch2.xml
----------------- Instantiating /home/travis/build/icyphy/ptII/ptolemy/actor/lib/test/auto/ConfigurationSwitch2.xml
3 ms. Memory: 560128K Free: 357719K (64%)
----------------- Invoking toplevel() on ptolemy.moml.MoMLSimpleApplication@260813e7
----------------- Done invoking toplevel() on ptolemy.moml.MoMLSimpleApplication@260813e7
reloadAllAccessors: .ConfigurationSwitch2

===========================================================================================
----------------- testing Sat Jul 06 04:51:41 UTC 2019 /home/travis/build/icyphy/ptII/ptolemy/actor/lib/test/auto/ConfigurationSwitchCloningBugWithClassRelationGroup.xml
----------------- Instantiating /home/travis/build/icyphy/ptII/ptolemy/actor/lib/test/auto/ConfigurationSwitchCloningBugWithClassRelationGroup.xml
1 ms. Memory: 560128K Free: 350551K (63%)
----------------- Invoking toplevel() on ptolemy.moml.MoMLSimpleApplication@6580c2a5
----------------- Done invoking toplevel() on ptolemy.moml.MoMLSimpleApplication@6580c2a5
reloadAllAccessors: .ConfigurationSwitchCloningBugWithClassRelationGroup

===========================================================================================
----------------- testing Sat Jul 06 04:51:41 UTC 2019 /home/travis/build/icyphy/ptII/ptolemy/actor/lib/test/auto/ConfigurationSwitchSelectSDF.xml
----------------- Instantiating /home/travis/build/icyphy/ptII/ptolemy/actor/lib/test/auto/ConfigurationSwitchSelectSDF.xml
3 ms. Memory: 560128K Free: 344921K (62%)
----------------- Invoking toplevel() on ptolemy.moml.MoMLSimpleApplication@43d109d7
----------------- Done invoking toplevel() on ptolemy.moml.MoMLSimpleApplication@43d109d7
reloadAllAccessors: .ConfigurationSwitchSelectSDF

===========================================================================================
----------------- testing Sat Jul 06 04:51:41 UTC 2019 /home/travis/build/icyphy/ptII/ptolemy/actor/lib/test/auto/ConfigurationSwitchSelectSDF2.xml
----------------- Instantiating /home/travis/build/icyphy/ptII/ptolemy/actor/lib/test/auto/ConfigurationSwitchSelectSDF2.xml
2 ms. Memory: 560128K Free: 339287K (61%)
----------------- Invoking toplevel() on ptolemy.moml.MoMLSimpleApplication@2eca5ba6
----------------- Done invoking toplevel() on ptolemy.moml.MoMLSimpleApplication@2eca5ba6
reloadAllAccessors: .ConfigurationSwitchSelectSDF2

===========================================================================================
----------------- testing Sat Jul 06 04:51:41 UTC 2019 /home/travis/build/icyphy/ptII/ptolemy/actor/lib/test/auto/Const.xml
----------------- Instantiating /home/travis/build/icyphy/ptII/ptolemy/actor/lib/test/auto/Const.xml
1 ms. Memory: 560128K Free: 335705K (60%)
----------------- Invoking toplevel() on ptolemy.moml.MoMLSimpleApplication@41c7a9a0
----------------- Done invoking toplevel() on ptolemy.moml.MoMLSimpleApplication@41c7a9a0
reloadAllAccessors: .Const

===========================================================================================
----------------- testing Sat Jul 06 04:51:41 UTC 2019 /home/travis/build/icyphy/ptII/ptolemy/actor/lib/test/auto/Const2.xml
----------------- Instantiating /home/travis/build/icyphy/ptII/ptolemy/actor/lib/test/auto/Const2.xml
1 ms. Memory: 560128K Free: 331609K (59%)
----------------- Invoking toplevel() on ptolemy.moml.MoMLSimpleApplication@23f0cf7a
----------------- Done invoking toplevel() on ptolemy.moml.MoMLSimpleApplication@23f0cf7a
reloadAllAccessors: .Const2

===========================================================================================
----------------- testing Sat Jul 06 04:51:41 UTC 2019 /home/travis/build/icyphy/ptII/ptolemy/actor/lib/test/auto/Const3.xml
----------------- Instantiating /home/travis/build/icyphy/ptII/ptolemy/actor/lib/test/auto/Const3.xml
1 ms. Memory: 560128K Free: 329047K (59%)
----------------- Invoking toplevel() on ptolemy.moml.MoMLSimpleApplication@4f541def
----------------- Done invoking toplevel() on ptolemy.moml.MoMLSimpleApplication@4f541def
reloadAllAccessors: .Const3

===========================================================================================
----------------- testing Sat Jul 06 04:51:41 UTC 2019 /home/travis/build/icyphy/ptII/ptolemy/actor/lib/test/auto/ConstantPublisherPort1.xml
----------------- Instantiating /home/travis/build/icyphy/ptII/ptolemy/actor/lib/test/auto/ConstantPublisherPort1.xml
7 ms. Memory: 560128K Free: 320345K (57%)
----------------- Invoking toplevel() on ptolemy.moml.MoMLSimpleApplication@35f38b0d
----------------- Done invoking toplevel() on ptolemy.moml.MoMLSimpleApplication@35f38b0d
reloadAllAccessors: .ConstantPublisherPort1

===========================================================================================
----------------- testing Sat Jul 06 04:51:41 UTC 2019 /home/travis/build/icyphy/ptII/ptolemy/actor/lib/test/auto/ConstantPublisherPort2.xml
----------------- Instantiating /home/travis/build/icyphy/ptII/ptolemy/actor/lib/test/auto/ConstantPublisherPort2.xml
13 ms. Memory: 560128K Free: 312153K (56%)
----------------- Invoking toplevel() on ptolemy.moml.MoMLSimpleApplication@11925e9f
----------------- Done invoking toplevel() on ptolemy.moml.MoMLSimpleApplication@11925e9f
reloadAllAccessors: .ConstantPublisherPort2

===========================================================================================
----------------- testing Sat Jul 06 04:51:41 UTC 2019 /home/travis/build/icyphy/ptII/ptolemy/actor/lib/test/auto/ConstantPublisherPort3.xml
----------------- Instantiating /home/travis/build/icyphy/ptII/ptolemy/actor/lib/test/auto/ConstantPublisherPort3.xml
8 ms. Memory: 560128K Free: 304985K (54%)
----------------- Invoking toplevel() on ptolemy.moml.MoMLSimpleApplication@6cf6c373
----------------- Done invoking toplevel() on ptolemy.moml.MoMLSimpleApplication@6cf6c373
reloadAllAccessors: .ConstantPublisherPort3

===========================================================================================
----------------- testing Sat Jul 06 04:51:41 UTC 2019 /home/travis/build/icyphy/ptII/ptolemy/actor/lib/test/auto/ConstantPublisherPort4.xml
----------------- Instantiating /home/travis/build/icyphy/ptII/ptolemy/actor/lib/test/auto/ConstantPublisherPort4.xml
3 ms. Memory: 560128K Free: 297817K (53%)
----------------- Invoking toplevel() on ptolemy.moml.MoMLSimpleApplication@18f9e58
----------------- Done invoking toplevel() on ptolemy.moml.MoMLSimpleApplication@18f9e58
reloadAllAccessors: .ConstantPublisherPort4

===========================================================================================
----------------- testing Sat Jul 06 04:51:41 UTC 2019 /home/travis/build/icyphy/ptII/ptolemy/actor/lib/test/auto/ConstantPublisherPort5.xml
----------------- Instantiating /home/travis/build/icyphy/ptII/ptolemy/actor/lib/test/auto/ConstantPublisherPort5.xml
32 ms. Memory: 560128K Free: 288087K (51%)
----------------- Invoking toplevel() on ptolemy.moml.MoMLSimpleApplication@6f623f56
----------------- Done invoking toplevel() on ptolemy.moml.MoMLSimpleApplication@6f623f56
reloadAllAccessors: .ConstantPublisherPort5

===========================================================================================
----------------- testing Sat Jul 06 04:51:41 UTC 2019 /home/travis/build/icyphy/ptII/ptolemy/actor/lib/test/auto/ConstantPublisherPort6.xml
----------------- Instantiating /home/travis/build/icyphy/ptII/ptolemy/actor/lib/test/auto/ConstantPublisherPort6.xml
21 ms. Memory: 560128K Free: 278871K (50%)
----------------- Invoking toplevel() on ptolemy.moml.MoMLSimpleApplication@6b66c508
----------------- Done invoking toplevel() on ptolemy.moml.MoMLSimpleApplication@6b66c508
reloadAllAccessors: .ConstantPublisherPort6

===========================================================================================
----------------- testing Sat Jul 06 04:51:41 UTC 2019 /home/travis/build/icyphy/ptII/ptolemy/actor/lib/test/auto/ConstantPublisherPort7.xml
----------------- Instantiating /home/travis/build/icyphy/ptII/ptolemy/actor/lib/test/auto/ConstantPublisherPort7.xml
18 ms. Memory: 560128K Free: 269655K (48%)
----------------- Invoking toplevel() on ptolemy.moml.MoMLSimpleApplication@18c6337e
----------------- Done invoking toplevel() on ptolemy.moml.MoMLSimpleApplication@18c6337e
reloadAllAccessors: .ConstantPublisherPort7

===========================================================================================
----------------- testing Sat Jul 06 04:51:41 UTC 2019 /home/travis/build/icyphy/ptII/ptolemy/actor/lib/test/auto/ConstraintMonitor1.xml
----------------- Instantiating /home/travis/build/icyphy/ptII/ptolemy/actor/lib/test/auto/ConstraintMonitor1.xml
6 ms. Memory: 560128K Free: 264531K (47%)
----------------- Invoking toplevel() on ptolemy.moml.MoMLSimpleApplication@70334eec
----------------- Done invoking toplevel() on ptolemy.moml.MoMLSimpleApplication@70334eec
reloadAllAccessors: .ConstraintMonitor1

===========================================================================================
----------------- testing Sat Jul 06 04:51:41 UTC 2019 /home/travis/build/icyphy/ptII/ptolemy/actor/lib/test/auto/ConstraintMonitor2.xml
----------------- Instantiating /home/travis/build/icyphy/ptII/ptolemy/actor/lib/test/auto/ConstraintMonitor2.xml
2 ms. Memory: 560128K Free: 260439K (46%)
----------------- Invoking toplevel() on ptolemy.moml.MoMLSimpleApplication@3565594a
----------------- Done invoking toplevel() on ptolemy.moml.MoMLSimpleApplication@3565594a
reloadAllAccessors: .ConstraintMonitor2

===========================================================================================
----------------- testing Sat Jul 06 04:51:41 UTC 2019 /home/travis/build/icyphy/ptII/ptolemy/actor/lib/test/auto/ConstraintMonitor3.xml
----------------- Instantiating /home/travis/build/icyphy/ptII/ptolemy/actor/lib/test/auto/ConstraintMonitor3.xml
5 ms. Memory: 560128K Free: 255833K (46%)
----------------- Invoking toplevel() on ptolemy.moml.MoMLSimpleApplication@7ea10c05
----------------- Done invoking toplevel() on ptolemy.moml.MoMLSimpleApplication@7ea10c05
reloadAllAccessors: .ConstraintMonitor3

===========================================================================================
----------------- testing Sat Jul 06 04:51:41 UTC 2019 /home/travis/build/icyphy/ptII/ptolemy/actor/lib/test/auto/ConstraintMonitor4.xml
----------------- Instantiating /home/travis/build/icyphy/ptII/ptolemy/actor/lib/test/auto/ConstraintMonitor4.xml
4 ms. Memory: 560128K Free: 250713K (45%)
----------------- Invoking toplevel() on ptolemy.moml.MoMLSimpleApplication@2f6418da
----------------- Done invoking toplevel() on ptolemy.moml.MoMLSimpleApplication@2f6418da
reloadAllAccessors: .ConstraintMonitor4

===========================================================================================
----------------- testing Sat Jul 06 04:51:41 UTC 2019 /home/travis/build/icyphy/ptII/ptolemy/actor/lib/test/auto/ConstraintMonitor5.xml
----------------- Instantiating /home/travis/build/icyphy/ptII/ptolemy/actor/lib/test/auto/ConstraintMonitor5.xml
1 ms. Memory: 560128K Free: 246103K (44%)
----------------- Invoking toplevel() on ptolemy.moml.MoMLSimpleApplication@ccccf18
----------------- Done invoking toplevel() on ptolemy.moml.MoMLSimpleApplication@ccccf18
reloadAllAccessors: .ConstraintMonitor5

===========================================================================================
----------------- testing Sat Jul 06 04:51:41 UTC 2019 /home/travis/build/icyphy/ptII/ptolemy/actor/lib/test/auto/ConstraintMonitor6.xml
----------------- Instantiating /home/travis/build/icyphy/ptII/ptolemy/actor/lib/test/auto/ConstraintMonitor6.xml
2 ms. Memory: 560128K Free: 239953K (43%)
----------------- Invoking toplevel() on ptolemy.moml.MoMLSimpleApplication@7664c622
----------------- Done invoking toplevel() on ptolemy.moml.MoMLSimpleApplication@7664c622
reloadAllAccessors: .ConstraintMonitor6

===========================================================================================
----------------- testing Sat Jul 06 04:51:41 UTC 2019 /home/travis/build/icyphy/ptII/ptolemy/actor/lib/test/auto/ConstraintMonitor7.xml
----------------- Instantiating /home/travis/build/icyphy/ptII/ptolemy/actor/lib/test/auto/ConstraintMonitor7.xml
9 ms. Memory: 560128K Free: 233305K (42%)
----------------- Invoking toplevel() on ptolemy.moml.MoMLSimpleApplication@22525e02
----------------- Done invoking toplevel() on ptolemy.moml.MoMLSimpleApplication@22525e02
reloadAllAccessors: .ConstraintMonitor7

===========================================================================================
----------------- testing Sat Jul 06 04:51:42 UTC 2019 /home/travis/build/icyphy/ptII/ptolemy/actor/lib/test/auto/ConstraintMonitor8.xml
----------------- Instantiating /home/travis/build/icyphy/ptII/ptolemy/actor/lib/test/auto/ConstraintMonitor8.xml
6 ms. Memory: 560128K Free: 226137K (40%)
----------------- Invoking toplevel() on ptolemy.moml.MoMLSimpleApplication@5c53b077
----------------- Done invoking toplevel() on ptolemy.moml.MoMLSimpleApplication@5c53b077
reloadAllAccessors: .ConstraintMonitor8

===========================================================================================
----------------- testing Sat Jul 06 04:51:42 UTC 2019 /home/travis/build/icyphy/ptII/ptolemy/actor/lib/test/auto/Counter.xml
----------------- Instantiating /home/travis/build/icyphy/ptII/ptolemy/actor/lib/test/auto/Counter.xml
2 ms. Memory: 560128K Free: 220503K (39%)
----------------- Invoking toplevel() on ptolemy.moml.MoMLSimpleApplication@694daf67
----------------- Done invoking toplevel() on ptolemy.moml.MoMLSimpleApplication@694daf67
reloadAllAccessors: .Counter

===========================================================================================
----------------- testing Sat Jul 06 04:51:42 UTC 2019 /home/travis/build/icyphy/ptII/ptolemy/actor/lib/test/auto/CurrentTimeSDF.xml
----------------- Instantiating /home/travis/build/icyphy/ptII/ptolemy/actor/lib/test/auto/CurrentTimeSDF.xml
2 ms. Memory: 560128K Free: 216407K (39%)
----------------- Invoking toplevel() on ptolemy.moml.MoMLSimpleApplication@5d62a378
----------------- Done invoking toplevel() on ptolemy.moml.MoMLSimpleApplication@5d62a378
reloadAllAccessors: .CurrentTimeSDF

===========================================================================================
----------------- testing Sat Jul 06 04:51:42 UTC 2019 /home/travis/build/icyphy/ptII/ptolemy/actor/lib/test/auto/DB.xml
----------------- Instantiating /home/travis/build/icyphy/ptII/ptolemy/actor/lib/test/auto/DB.xml
2 ms. Memory: 560128K Free: 211801K (38%)
----------------- Invoking toplevel() on ptolemy.moml.MoMLSimpleApplication@2ab76b8a
----------------- Done invoking toplevel() on ptolemy.moml.MoMLSimpleApplication@2ab76b8a
reloadAllAccessors: .DB

===========================================================================================
----------------- testing Sat Jul 06 04:51:42 UTC 2019 /home/travis/build/icyphy/ptII/ptolemy/actor/lib/test/auto/DBDE.xml
----------------- Instantiating /home/travis/build/icyphy/ptII/ptolemy/actor/lib/test/auto/DBDE.xml
2 ms. Memory: 560128K Free: 205657K (37%)
----------------- Invoking toplevel() on ptolemy.moml.MoMLSimpleApplication@2b4043a9
----------------- Done invoking toplevel() on ptolemy.moml.MoMLSimpleApplication@2b4043a9
reloadAllAccessors: .DBDE

===========================================================================================
----------------- testing Sat Jul 06 04:51:42 UTC 2019 /home/travis/build/icyphy/ptII/ptolemy/actor/lib/test/auto/DateConstructor.xml
----------------- Instantiating /home/travis/build/icyphy/ptII/ptolemy/actor/lib/test/auto/DateConstructor.xml
35 ms. Memory: 560128K Free: 187735K (34%)
----------------- Invoking toplevel() on ptolemy.moml.MoMLSimpleApplication@6465f917
----------------- Done invoking toplevel() on ptolemy.moml.MoMLSimpleApplication@6465f917
reloadAllAccessors: .DateConstructor

===========================================================================================
----------------- testing Sat Jul 06 04:51:42 UTC 2019 /home/travis/build/icyphy/ptII/ptolemy/actor/lib/test/auto/DelayTime.xml
----------------- Instantiating /home/travis/build/icyphy/ptII/ptolemy/actor/lib/test/auto/DelayTime.xml
6 ms. Memory: 560128K Free: 183129K (33%)
----------------- Invoking toplevel() on ptolemy.moml.MoMLSimpleApplication@f8ffd5f
----------------- Done invoking toplevel() on ptolemy.moml.MoMLSimpleApplication@f8ffd5f
reloadAllAccessors: .DelayTime

===========================================================================================
----------------- testing Sat Jul 06 04:51:42 UTC 2019 /home/travis/build/icyphy/ptII/ptolemy/actor/lib/test/auto/Dictionary1.xml
----------------- Instantiating /home/travis/build/icyphy/ptII/ptolemy/actor/lib/test/auto/Dictionary1.xml
1 ms. Memory: 560128K Free: 507871K (91%)
----------------- Invoking toplevel() on ptolemy.moml.MoMLSimpleApplication@678481ca
----------------- Done invoking toplevel() on ptolemy.moml.MoMLSimpleApplication@678481ca
reloadAllAccessors: .Dictionary1

===========================================================================================
----------------- testing Sat Jul 06 04:51:42 UTC 2019 /home/travis/build/icyphy/ptII/ptolemy/actor/lib/test/auto/Dictionary2.xml
----------------- Instantiating /home/travis/build/icyphy/ptII/ptolemy/actor/lib/test/auto/Dictionary2.xml
1 ms. Memory: 560128K Free: 502241K (90%)
----------------- Invoking toplevel() on ptolemy.moml.MoMLSimpleApplication@7c7fabd3
----------------- Done invoking toplevel() on ptolemy.moml.MoMLSimpleApplication@7c7fabd3
reloadAllAccessors: .Dictionary2

===========================================================================================
----------------- testing Sat Jul 06 04:51:42 UTC 2019 /home/travis/build/icyphy/ptII/ptolemy/actor/lib/test/auto/Dictionary3.xml
----------------- Instantiating /home/travis/build/icyphy/ptII/ptolemy/actor/lib/test/auto/Dictionary3.xml
2 ms. Memory: 560128K Free: 496607K (89%)
----------------- Invoking toplevel() on ptolemy.moml.MoMLSimpleApplication@647e8fbc
----------------- Done invoking toplevel() on ptolemy.moml.MoMLSimpleApplication@647e8fbc
reloadAllAccessors: .Dictionary3

===========================================================================================
----------------- testing Sat Jul 06 04:51:42 UTC 2019 /home/travis/build/icyphy/ptII/ptolemy/actor/lib/test/auto/Dictionary4.xml
----------------- Instantiating /home/travis/build/icyphy/ptII/ptolemy/actor/lib/test/auto/Dictionary4.xml
3 ms. Memory: 560128K Free: 489953K (87%)
----------------- Invoking toplevel() on ptolemy.moml.MoMLSimpleApplication@4f506ea0
----------------- Done invoking toplevel() on ptolemy.moml.MoMLSimpleApplication@4f506ea0
reloadAllAccessors: .Dictionary4

===========================================================================================
----------------- testing Sat Jul 06 04:51:42 UTC 2019 /home/travis/build/icyphy/ptII/ptolemy/actor/lib/test/auto/Differential.xml
----------------- Instantiating /home/travis/build/icyphy/ptII/ptolemy/actor/lib/test/auto/Differential.xml
1 ms. Memory: 560128K Free: 485343K (87%)
----------------- Invoking toplevel() on ptolemy.moml.MoMLSimpleApplication@4b017c54
----------------- Done invoking toplevel() on ptolemy.moml.MoMLSimpleApplication@4b017c54
reloadAllAccessors: .Differential

===========================================================================================
----------------- testing Sat Jul 06 04:51:42 UTC 2019 /home/travis/build/icyphy/ptII/ptolemy/actor/lib/test/auto/Director.xml
----------------- Instantiating /home/travis/build/icyphy/ptII/ptolemy/actor/lib/test/auto/Director.xml
1 ms. Memory: 560128K Free: 481761K (86%)
----------------- Invoking toplevel() on ptolemy.moml.MoMLSimpleApplication@79caa333
----------------- Done invoking toplevel() on ptolemy.moml.MoMLSimpleApplication@79caa333
reloadAllAccessors: .Director

===========================================================================================
----------------- testing Sat Jul 06 04:51:42 UTC 2019 /home/travis/build/icyphy/ptII/ptolemy/actor/lib/test/auto/DiscreteClock.xml
----------------- Instantiating /home/travis/build/icyphy/ptII/ptolemy/actor/lib/test/auto/DiscreteClock.xml
1 ms. Memory: 560128K Free: 478175K (85%)
----------------- Invoking toplevel() on ptolemy.moml.MoMLSimpleApplication@1a8edc60
----------------- Done invoking toplevel() on ptolemy.moml.MoMLSimpleApplication@1a8edc60
reloadAllAccessors: .DiscreteClock

===========================================================================================
----------------- testing Sat Jul 06 04:51:42 UTC 2019 /home/travis/build/icyphy/ptII/ptolemy/actor/lib/test/auto/DiscreteClock10.xml
----------------- Instantiating /home/travis/build/icyphy/ptII/ptolemy/actor/lib/test/auto/DiscreteClock10.xml
5 ms. Memory: 560128K Free: 472031K (84%)
----------------- Invoking toplevel() on ptolemy.moml.MoMLSimpleApplication@7f63533
----------------- Done invoking toplevel() on ptolemy.moml.MoMLSimpleApplication@7f63533
reloadAllAccessors: .DiscreteClock10

===========================================================================================
----------------- testing Sat Jul 06 04:51:42 UTC 2019 /home/travis/build/icyphy/ptII/ptolemy/actor/lib/test/auto/DiscreteClock11.xml
----------------- Instantiating /home/travis/build/icyphy/ptII/ptolemy/actor/lib/test/auto/DiscreteClock11.xml
3 ms. Memory: 560128K Free: 465887K (83%)
----------------- Invoking toplevel() on ptolemy.moml.MoMLSimpleApplication@3f0848f4
----------------- Done invoking toplevel() on ptolemy.moml.MoMLSimpleApplication@3f0848f4
reloadAllAccessors: .DiscreteClock11

===========================================================================================
----------------- testing Sat Jul 06 04:51:42 UTC 2019 /home/travis/build/icyphy/ptII/ptolemy/actor/lib/test/auto/DiscreteClock12.xml
----------------- Instantiating /home/travis/build/icyphy/ptII/ptolemy/actor/lib/test/auto/DiscreteClock12.xml
3 ms. Memory: 560128K Free: 459743K (82%)
----------------- Invoking toplevel() on ptolemy.moml.MoMLSimpleApplication@3ca015b5
----------------- Done invoking toplevel() on ptolemy.moml.MoMLSimpleApplication@3ca015b5
reloadAllAccessors: .DiscreteClock12

===========================================================================================
----------------- testing Sat Jul 06 04:51:42 UTC 2019 /home/travis/build/icyphy/ptII/ptolemy/actor/lib/test/auto/DiscreteClock13.xml
----------------- Instantiating /home/travis/build/icyphy/ptII/ptolemy/actor/lib/test/auto/DiscreteClock13.xml
6 ms. Memory: 560128K Free: 454113K (81%)
----------------- Invoking toplevel() on ptolemy.moml.MoMLSimpleApplication@1756f3c9
----------------- Done invoking toplevel() on ptolemy.moml.MoMLSimpleApplication@1756f3c9
reloadAllAccessors: .DiscreteClock13

===========================================================================================
----------------- testing Sat Jul 06 04:51:42 UTC 2019 /home/travis/build/icyphy/ptII/ptolemy/actor/lib/test/auto/DiscreteClock14.xml
----------------- Instantiating /home/travis/build/icyphy/ptII/ptolemy/actor/lib/test/auto/DiscreteClock14.xml
6 ms. Memory: 560128K Free: 447969K (80%)
----------------- Invoking toplevel() on ptolemy.moml.MoMLSimpleApplication@5f77b60f
----------------- Done invoking toplevel() on ptolemy.moml.MoMLSimpleApplication@5f77b60f
reloadAllAccessors: .DiscreteClock14

===========================================================================================
----------------- testing Sat Jul 06 04:51:42 UTC 2019 /home/travis/build/icyphy/ptII/ptolemy/actor/lib/test/auto/DiscreteClock15.xml
----------------- Instantiating /home/travis/build/icyphy/ptII/ptolemy/actor/lib/test/auto/DiscreteClock15.xml
5 ms. Memory: 560128K Free: 441825K (79%)
----------------- Invoking toplevel() on ptolemy.moml.MoMLSimpleApplication@74eaed47
----------------- Done invoking toplevel() on ptolemy.moml.MoMLSimpleApplication@74eaed47
reloadAllAccessors: .DiscreteClock15

===========================================================================================
----------------- testing Sat Jul 06 04:51:42 UTC 2019 /home/travis/build/icyphy/ptII/ptolemy/actor/lib/test/auto/DiscreteClock16.xml
----------------- Instantiating /home/travis/build/icyphy/ptII/ptolemy/actor/lib/test/auto/DiscreteClock16.xml
18 ms. Memory: 560128K Free: 427985K (76%)
----------------- Invoking toplevel() on ptolemy.moml.MoMLSimpleApplication@3572c699
----------------- Done invoking toplevel() on ptolemy.moml.MoMLSimpleApplication@3572c699
reloadAllAccessors: .DiscreteClock16

===========================================================================================
----------------- testing Sat Jul 06 04:51:42 UTC 2019 /home/travis/build/icyphy/ptII/ptolemy/actor/lib/test/auto/DiscreteClock17.xml
----------------- Instantiating /home/travis/build/icyphy/ptII/ptolemy/actor/lib/test/auto/DiscreteClock17.xml
16 ms. Memory: 560128K Free: 413633K (74%)
----------------- Invoking toplevel() on ptolemy.moml.MoMLSimpleApplication@723fb758
----------------- Done invoking toplevel() on ptolemy.moml.MoMLSimpleApplication@723fb758
reloadAllAccessors: .DiscreteClock17

===========================================================================================
----------------- testing Sat Jul 06 04:51:42 UTC 2019 /home/travis/build/icyphy/ptII/ptolemy/actor/lib/test/auto/DiscreteClock18.xml
----------------- Instantiating /home/travis/build/icyphy/ptII/ptolemy/actor/lib/test/auto/DiscreteClock18.xml
27 ms. Memory: 560128K Free: 399841K (71%)
----------------- Invoking toplevel() on ptolemy.moml.MoMLSimpleApplication@65c64725
----------------- Done invoking toplevel() on ptolemy.moml.MoMLSimpleApplication@65c64725
reloadAllAccessors: .DiscreteClock18

===========================================================================================
----------------- testing Sat Jul 06 04:51:42 UTC 2019 /home/travis/build/icyphy/ptII/ptolemy/actor/lib/test/auto/DiscreteClock19.xml
----------------- Instantiating /home/travis/build/icyphy/ptII/ptolemy/actor/lib/test/auto/DiscreteClock19.xml
20 ms. Memory: 560128K Free: 386015K (69%)
----------------- Invoking toplevel() on ptolemy.moml.MoMLSimpleApplication@15af321a
----------------- Done invoking toplevel() on ptolemy.moml.MoMLSimpleApplication@15af321a
reloadAllAccessors: .DiscreteClock19

===========================================================================================
----------------- testing Sat Jul 06 04:51:42 UTC 2019 /home/travis/build/icyphy/ptII/ptolemy/actor/lib/test/auto/DiscreteClock2.xml
----------------- Instantiating /home/travis/build/icyphy/ptII/ptolemy/actor/lib/test/auto/DiscreteClock2.xml
4 ms. Memory: 560128K Free: 380865K (68%)
----------------- Invoking toplevel() on ptolemy.moml.MoMLSimpleApplication@3113da1f
----------------- Done invoking toplevel() on ptolemy.moml.MoMLSimpleApplication@3113da1f
reloadAllAccessors: .DiscreteClock2

===========================================================================================
----------------- testing Sat Jul 06 04:51:42 UTC 2019 /home/travis/build/icyphy/ptII/ptolemy/actor/lib/test/auto/DiscreteClock20.xml
----------------- Instantiating /home/travis/build/icyphy/ptII/ptolemy/actor/lib/test/auto/DiscreteClock20.xml
8 ms. Memory: 560128K Free: 375775K (67%)
----------------- Invoking toplevel() on ptolemy.moml.MoMLSimpleApplication@210f9895
----------------- Done invoking toplevel() on ptolemy.moml.MoMLSimpleApplication@210f9895
reloadAllAccessors: .DiscreteClock20

===========================================================================================
----------------- testing Sat Jul 06 04:51:42 UTC 2019 /home/travis/build/icyphy/ptII/ptolemy/actor/lib/test/auto/DiscreteClock21.xml
----------------- Instantiating /home/travis/build/icyphy/ptII/ptolemy/actor/lib/test/auto/DiscreteClock21.xml
3 ms. Memory: 560128K Free: 370145K (66%)
----------------- Invoking toplevel() on ptolemy.moml.MoMLSimpleApplication@e7c78d6
----------------- Done invoking toplevel() on ptolemy.moml.MoMLSimpleApplication@e7c78d6
reloadAllAccessors: .DiscreteClock21

===========================================================================================
----------------- testing Sat Jul 06 04:51:42 UTC 2019 /home/travis/build/icyphy/ptII/ptolemy/actor/lib/test/auto/DiscreteClock22.xml
----------------- Instantiating /home/travis/build/icyphy/ptII/ptolemy/actor/lib/test/auto/DiscreteClock22.xml
6 ms. Memory: 560128K Free: 364001K (65%)
----------------- Invoking toplevel() on ptolemy.moml.MoMLSimpleApplication@729a98a9
----------------- Done invoking toplevel() on ptolemy.moml.MoMLSimpleApplication@729a98a9
reloadAllAccessors: .DiscreteClock22

===========================================================================================
----------------- testing Sat Jul 06 04:51:42 UTC 2019 /home/travis/build/icyphy/ptII/ptolemy/actor/lib/test/auto/DiscreteClock23.xml
----------------- Instantiating /home/travis/build/icyphy/ptII/ptolemy/actor/lib/test/auto/DiscreteClock23.xml
11 ms. Memory: 560128K Free: 358367K (64%)
----------------- Invoking toplevel() on ptolemy.moml.MoMLSimpleApplication@b95433b
----------------- Done invoking toplevel() on ptolemy.moml.MoMLSimpleApplication@b95433b
reloadAllAccessors: .DiscreteClock23

===========================================================================================
----------------- testing Sat Jul 06 04:51:42 UTC 2019 /home/travis/build/icyphy/ptII/ptolemy/actor/lib/test/auto/DiscreteClock24.xml
----------------- Instantiating /home/travis/build/icyphy/ptII/ptolemy/actor/lib/test/auto/DiscreteClock24.xml
5 ms. Memory: 560128K Free: 353247K (63%)
----------------- Invoking toplevel() on ptolemy.moml.MoMLSimpleApplication@6a35b35a
----------------- Done invoking toplevel() on ptolemy.moml.MoMLSimpleApplication@6a35b35a
reloadAllAccessors: .DiscreteClock24

===========================================================================================
----------------- testing Sat Jul 06 04:51:42 UTC 2019 /home/travis/build/icyphy/ptII/ptolemy/actor/lib/test/auto/DiscreteClock4.xml
----------------- Instantiating /home/travis/build/icyphy/ptII/ptolemy/actor/lib/test/auto/DiscreteClock4.xml
2 ms. Memory: 560128K Free: 347617K (62%)
----------------- Invoking toplevel() on ptolemy.moml.MoMLSimpleApplication@4d99be9b
----------------- Done invoking toplevel() on ptolemy.moml.MoMLSimpleApplication@4d99be9b
reloadAllAccessors: .DiscreteClock4

===========================================================================================
----------------- testing Sat Jul 06 04:51:42 UTC 2019 /home/travis/build/icyphy/ptII/ptolemy/actor/lib/test/auto/DiscreteClock5.xml
----------------- Instantiating /home/travis/build/icyphy/ptII/ptolemy/actor/lib/test/auto/DiscreteClock5.xml
1 ms. Memory: 560128K Free: 341969K (61%)
----------------- Invoking toplevel() on ptolemy.moml.MoMLSimpleApplication@599e1d98
----------------- Done invoking toplevel() on ptolemy.moml.MoMLSimpleApplication@599e1d98
reloadAllAccessors: .DiscreteClock5

===========================================================================================
----------------- testing Sat Jul 06 04:51:43 UTC 2019 /home/travis/build/icyphy/ptII/ptolemy/actor/lib/test/auto/DiscreteClock6.xml
----------------- Instantiating /home/travis/build/icyphy/ptII/ptolemy/actor/lib/test/auto/DiscreteClock6.xml
5 ms. Memory: 560128K Free: 337377K (60%)
----------------- Invoking toplevel() on ptolemy.moml.MoMLSimpleApplication@4e2d662b
----------------- Done invoking toplevel() on ptolemy.moml.MoMLSimpleApplication@4e2d662b
reloadAllAccessors: .DiscreteClock6

===========================================================================================
----------------- testing Sat Jul 06 04:51:43 UTC 2019 /home/travis/build/icyphy/ptII/ptolemy/actor/lib/test/auto/DiscreteClock7.xml
----------------- Instantiating /home/travis/build/icyphy/ptII/ptolemy/actor/lib/test/auto/DiscreteClock7.xml
1 ms. Memory: 560128K Free: 332767K (59%)
----------------- Invoking toplevel() on ptolemy.moml.MoMLSimpleApplication@6533d69
----------------- Done invoking toplevel() on ptolemy.moml.MoMLSimpleApplication@6533d69
reloadAllAccessors: .DiscreteClock7

===========================================================================================
----------------- testing Sat Jul 06 04:51:43 UTC 2019 /home/travis/build/icyphy/ptII/ptolemy/actor/lib/test/auto/DiscreteClock8.xml
----------------- Instantiating /home/travis/build/icyphy/ptII/ptolemy/actor/lib/test/auto/DiscreteClock8.xml
2 ms. Memory: 560128K Free: 327617K (58%)
----------------- Invoking toplevel() on ptolemy.moml.MoMLSimpleApplication@61d08d48
----------------- Done invoking toplevel() on ptolemy.moml.MoMLSimpleApplication@61d08d48
reloadAllAccessors: .DiscreteClock8

===========================================================================================
----------------- testing Sat Jul 06 04:51:43 UTC 2019 /home/travis/build/icyphy/ptII/ptolemy/actor/lib/test/auto/DiscreteClock9.xml
----------------- Instantiating /home/travis/build/icyphy/ptII/ptolemy/actor/lib/test/auto/DiscreteClock9.xml
5 ms. Memory: 560128K Free: 321489K (57%)
----------------- Invoking toplevel() on ptolemy.moml.MoMLSimpleApplication@76c9ff3d
----------------- Done invoking toplevel() on ptolemy.moml.MoMLSimpleApplication@76c9ff3d
reloadAllAccessors: .DiscreteClock9

===========================================================================================
----------------- testing Sat Jul 06 04:51:43 UTC 2019 /home/travis/build/icyphy/ptII/ptolemy/actor/lib/test/auto/DisplayArray.xml
----------------- Instantiating /home/travis/build/icyphy/ptII/ptolemy/actor/lib/test/auto/DisplayArray.xml
1 ms. Memory: 560128K Free: 317921K (57%)
----------------- Invoking toplevel() on ptolemy.moml.MoMLSimpleApplication@71565358
----------------- Done invoking toplevel() on ptolemy.moml.MoMLSimpleApplication@71565358
reloadAllAccessors: .DisplayArray

===========================================================================================
----------------- testing Sat Jul 06 04:51:43 UTC 2019 /home/travis/build/icyphy/ptII/ptolemy/actor/lib/test/auto/Distributor.xml
----------------- Instantiating /home/travis/build/icyphy/ptII/ptolemy/actor/lib/test/auto/Distributor.xml
1 ms. Memory: 560128K Free: 312801K (56%)
----------------- Invoking toplevel() on ptolemy.moml.MoMLSimpleApplication@48e94a54
----------------- Done invoking toplevel() on ptolemy.moml.MoMLSimpleApplication@48e94a54
reloadAllAccessors: .Distributor

===========================================================================================
----------------- testing Sat Jul 06 04:51:43 UTC 2019 /home/travis/build/icyphy/ptII/ptolemy/actor/lib/test/auto/Distributor2.xml
----------------- Instantiating /home/travis/build/icyphy/ptII/ptolemy/actor/lib/test/auto/Distributor2.xml
6 ms. Memory: 560128K Free: 307681K (55%)
----------------- Invoking toplevel() on ptolemy.moml.MoMLSimpleApplication@3a69b4b9
----------------- Done invoking toplevel() on ptolemy.moml.MoMLSimpleApplication@3a69b4b9
reloadAllAccessors: .Distributor2

===========================================================================================
----------------- testing Sat Jul 06 04:51:43 UTC 2019 /home/travis/build/icyphy/ptII/ptolemy/actor/lib/test/auto/DownSample.xml
----------------- Instantiating /home/travis/build/icyphy/ptII/ptolemy/actor/lib/test/auto/DownSample.xml
1 ms. Memory: 560128K Free: 303585K (54%)
----------------- Invoking toplevel() on ptolemy.moml.MoMLSimpleApplication@23c09460
----------------- Done invoking toplevel() on ptolemy.moml.MoMLSimpleApplication@23c09460
reloadAllAccessors: .DownSample

===========================================================================================
----------------- testing Sat Jul 06 04:51:43 UTC 2019 /home/travis/build/icyphy/ptII/ptolemy/actor/lib/test/auto/ElectronicUnitBase1.xml
----------------- Instantiating /home/travis/build/icyphy/ptII/ptolemy/actor/lib/test/auto/ElectronicUnitBase1.xml
19 ms. Memory: 560128K Free: 287201K (51%)
----------------- Invoking toplevel() on ptolemy.moml.MoMLSimpleApplication@68d97c9c
----------------- Done invoking toplevel() on ptolemy.moml.MoMLSimpleApplication@68d97c9c
reloadAllAccessors: .ElectronicUnitBase1

===========================================================================================
----------------- testing Sat Jul 06 04:51:43 UTC 2019 /home/travis/build/icyphy/ptII/ptolemy/actor/lib/test/auto/ElementsToArray.xml
----------------- Instantiating /home/travis/build/icyphy/ptII/ptolemy/actor/lib/test/auto/ElementsToArray.xml
3 ms. Memory: 560128K Free: 282081K (50%)
----------------- Invoking toplevel() on ptolemy.moml.MoMLSimpleApplication@7f98f892
----------------- Done invoking toplevel() on ptolemy.moml.MoMLSimpleApplication@7f98f892
reloadAllAccessors: .ElementsToArray

===========================================================================================
----------------- testing Sat Jul 06 04:51:43 UTC 2019 /home/travis/build/icyphy/ptII/ptolemy/actor/lib/test/auto/Equals.xml
----------------- Instantiating /home/travis/build/icyphy/ptII/ptolemy/actor/lib/test/auto/Equals.xml
3 ms. Memory: 560128K Free: 277471K (50%)
----------------- Invoking toplevel() on ptolemy.moml.MoMLSimpleApplication@784bde1c
----------------- Done invoking toplevel() on ptolemy.moml.MoMLSimpleApplication@784bde1c
reloadAllAccessors: .Equals

===========================================================================================
----------------- testing Sat Jul 06 04:51:43 UTC 2019 /home/travis/build/icyphy/ptII/ptolemy/actor/lib/test/auto/Exec.xml
----------------- Instantiating /home/travis/build/icyphy/ptII/ptolemy/actor/lib/test/auto/Exec.xml
20 ms. Memory: 560128K Free: 271327K (48%)
----------------- Invoking toplevel() on ptolemy.moml.MoMLSimpleApplication@14d9d5b9
----------------- Done invoking toplevel() on ptolemy.moml.MoMLSimpleApplication@14d9d5b9
reloadAllAccessors: .Exec

===========================================================================================
----------------- testing Sat Jul 06 04:51:43 UTC 2019 /home/travis/build/icyphy/ptII/ptolemy/actor/lib/test/auto/ExecEnvironment.xml
----------------- Instantiating /home/travis/build/icyphy/ptII/ptolemy/actor/lib/test/auto/ExecEnvironment.xml
33 ms. Memory: 560128K Free: 266193K (48%)
----------------- Invoking toplevel() on ptolemy.moml.MoMLSimpleApplication@136118c3
----------------- Done invoking toplevel() on ptolemy.moml.MoMLSimpleApplication@136118c3
reloadAllAccessors: .ExecEnvironment

===========================================================================================
----------------- testing Sat Jul 06 04:51:43 UTC 2019 /home/travis/build/icyphy/ptII/ptolemy/actor/lib/test/auto/ExecNonZeroReturnOutput.xml
----------------- Instantiating /home/travis/build/icyphy/ptII/ptolemy/actor/lib/test/auto/ExecNonZeroReturnOutput.xml
176 ms. Memory: 560128K Free: 254943K (46%)
----------------- Invoking toplevel() on ptolemy.moml.MoMLSimpleApplication@69c57bd5
----------------- Done invoking toplevel() on ptolemy.moml.MoMLSimpleApplication@69c57bd5
reloadAllAccessors: .ExecNonZeroReturnOutput

===========================================================================================
----------------- testing Sat Jul 06 04:51:43 UTC 2019 /home/travis/build/icyphy/ptII/ptolemy/actor/lib/test/auto/ExecRunDemos.xml
----------------- Instantiating /home/travis/build/icyphy/ptII/ptolemy/actor/lib/test/auto/ExecRunDemos.xml
11174 ms. Memory: 560128K Free: 234977K (42%)

===========================================================================================
----------------- testing Sat Jul 06 04:51:54 UTC 2019 /home/travis/build/icyphy/ptII/ptolemy/actor/lib/test/auto/ExecStop.xml
----------------- Instantiating /home/travis/build/icyphy/ptII/ptolemy/actor/lib/test/auto/ExecStop.xml
5031 ms. Memory: 560128K Free: 457120K (82%)
----------------- Invoking toplevel() on ptolemy.moml.MoMLSimpleApplication@4ce3cf7a
----------------- Done invoking toplevel() on ptolemy.moml.MoMLSimpleApplication@4ce3cf7a
reloadAllAccessors: .ExecStop

===========================================================================================
----------------- testing Sat Jul 06 04:51:59 UTC 2019 /home/travis/build/icyphy/ptII/ptolemy/actor/lib/test/auto/ExecutionTimeSDF.xml
----------------- Instantiating /home/travis/build/icyphy/ptII/ptolemy/actor/lib/test/auto/ExecutionTimeSDF.xml
Fired ExecutionTime: -2002567296
Fired ExecutionTime: 1050000000
Fired ExecutionTime: 1088000000
6008 ms. Memory: 560128K Free: 444320K (79%)
----------------- Invoking toplevel() on ptolemy.moml.MoMLSimpleApplication@5422d6f5
----------------- Done invoking toplevel() on ptolemy.moml.MoMLSimpleApplication@5422d6f5
reloadAllAccessors: .ExecutionTimeSDF

===========================================================================================
----------------- testing Sat Jul 06 04:52:05 UTC 2019 /home/travis/build/icyphy/ptII/ptolemy/actor/lib/test/auto/Expression1.xml
----------------- Instantiating /home/travis/build/icyphy/ptII/ptolemy/actor/lib/test/auto/Expression1.xml
1 ms. Memory: 560128K Free: 440734K (79%)
----------------- Invoking toplevel() on ptolemy.moml.MoMLSimpleApplication@e0d57d1
----------------- Done invoking toplevel() on ptolemy.moml.MoMLSimpleApplication@e0d57d1
reloadAllAccessors: .Expression1

===========================================================================================
----------------- testing Sat Jul 06 04:52:05 UTC 2019 /home/travis/build/icyphy/ptII/ptolemy/actor/lib/test/auto/Expression10.xml
----------------- Instantiating /home/travis/build/icyphy/ptII/ptolemy/actor/lib/test/auto/Expression10.xml
5 ms. Memory: 560128K Free: 435614K (78%)
----------------- Invoking toplevel() on ptolemy.moml.MoMLSimpleApplication@7bc197f6
----------------- Done invoking toplevel() on ptolemy.moml.MoMLSimpleApplication@7bc197f6
reloadAllAccessors: .Expression10

===========================================================================================
----------------- testing Sat Jul 06 04:52:05 UTC 2019 /home/travis/build/icyphy/ptII/ptolemy/actor/lib/test/auto/Expression11.xml
----------------- Instantiating /home/travis/build/icyphy/ptII/ptolemy/actor/lib/test/auto/Expression11.xml
2 ms. Memory: 560128K Free: 431006K (77%)
----------------- Invoking toplevel() on ptolemy.moml.MoMLSimpleApplication@3c822072
----------------- Done invoking toplevel() on ptolemy.moml.MoMLSimpleApplication@3c822072
reloadAllAccessors: .Expression11

===========================================================================================
----------------- testing Sat Jul 06 04:52:06 UTC 2019 /home/travis/build/icyphy/ptII/ptolemy/actor/lib/test/auto/Expression12.xml
----------------- Instantiating /home/travis/build/icyphy/ptII/ptolemy/actor/lib/test/auto/Expression12.xml
2 ms. Memory: 560128K Free: 425374K (76%)
----------------- Invoking toplevel() on ptolemy.moml.MoMLSimpleApplication@7ea23a5a
----------------- Done invoking toplevel() on ptolemy.moml.MoMLSimpleApplication@7ea23a5a
reloadAllAccessors: .Expression12

===========================================================================================
----------------- testing Sat Jul 06 04:52:06 UTC 2019 /home/travis/build/icyphy/ptII/ptolemy/actor/lib/test/auto/Expression13.xml
----------------- Instantiating /home/travis/build/icyphy/ptII/ptolemy/actor/lib/test/auto/Expression13.xml
3 ms. Memory: 560128K Free: 420254K (75%)
----------------- Invoking toplevel() on ptolemy.moml.MoMLSimpleApplication@37c41bca
----------------- Done invoking toplevel() on ptolemy.moml.MoMLSimpleApplication@37c41bca
reloadAllAccessors: .Expression13

===========================================================================================
----------------- testing Sat Jul 06 04:52:06 UTC 2019 /home/travis/build/icyphy/ptII/ptolemy/actor/lib/test/auto/Expression14.xml
----------------- Instantiating /home/travis/build/icyphy/ptII/ptolemy/actor/lib/test/auto/Expression14.xml
7 ms. Memory: 560128K Free: 414624K (74%)
----------------- Invoking toplevel() on ptolemy.moml.MoMLSimpleApplication@bb9910c
----------------- Done invoking toplevel() on ptolemy.moml.MoMLSimpleApplication@bb9910c
reloadAllAccessors: .Expression14

===========================================================================================
----------------- testing Sat Jul 06 04:52:06 UTC 2019 /home/travis/build/icyphy/ptII/ptolemy/actor/lib/test/auto/Expression15.xml
----------------- Instantiating /home/travis/build/icyphy/ptII/ptolemy/actor/lib/test/auto/Expression15.xml
2 ms. Memory: 560128K Free: 411024K (73%)
----------------- Invoking toplevel() on ptolemy.moml.MoMLSimpleApplication@10ace849
----------------- Done invoking toplevel() on ptolemy.moml.MoMLSimpleApplication@10ace849
reloadAllAccessors: .Expression15

===========================================================================================
----------------- testing Sat Jul 06 04:52:06 UTC 2019 /home/travis/build/icyphy/ptII/ptolemy/actor/lib/test/auto/Expression16.xml
----------------- Instantiating /home/travis/build/icyphy/ptII/ptolemy/actor/lib/test/auto/Expression16.xml
4 ms. Memory: 560128K Free: 405918K (72%)
----------------- Invoking toplevel() on ptolemy.moml.MoMLSimpleApplication@21ee215e
----------------- Done invoking toplevel() on ptolemy.moml.MoMLSimpleApplication@21ee215e
reloadAllAccessors: .Expression16

===========================================================================================
----------------- testing Sat Jul 06 04:52:06 UTC 2019 /home/travis/build/icyphy/ptII/ptolemy/actor/lib/test/auto/Expression17.xml
----------------- Instantiating /home/travis/build/icyphy/ptII/ptolemy/actor/lib/test/auto/Expression17.xml
4 ms. Memory: 560128K Free: 400798K (72%)
----------------- Invoking toplevel() on ptolemy.moml.MoMLSimpleApplication@4e983f29
----------------- Done invoking toplevel() on ptolemy.moml.MoMLSimpleApplication@4e983f29
reloadAllAccessors: .Expression17

===========================================================================================
----------------- testing Sat Jul 06 04:52:06 UTC 2019 /home/travis/build/icyphy/ptII/ptolemy/actor/lib/test/auto/Expression18.xml
----------------- Instantiating /home/travis/build/icyphy/ptII/ptolemy/actor/lib/test/auto/Expression18.xml
3 ms. Memory: 560128K Free: 395678K (71%)
----------------- Invoking toplevel() on ptolemy.moml.MoMLSimpleApplication@75cadcd4
----------------- Done invoking toplevel() on ptolemy.moml.MoMLSimpleApplication@75cadcd4
reloadAllAccessors: .Expression18

===========================================================================================
----------------- testing Sat Jul 06 04:52:06 UTC 2019 /home/travis/build/icyphy/ptII/ptolemy/actor/lib/test/auto/Expression2.xml
----------------- Instantiating /home/travis/build/icyphy/ptII/ptolemy/actor/lib/test/auto/Expression2.xml
3 ms. Memory: 560128K Free: 391072K (70%)
----------------- Invoking toplevel() on ptolemy.moml.MoMLSimpleApplication@56a4707d
----------------- Done invoking toplevel() on ptolemy.moml.MoMLSimpleApplication@56a4707d
reloadAllAccessors: .Expression2

===========================================================================================
----------------- testing Sat Jul 06 04:52:06 UTC 2019 /home/travis/build/icyphy/ptII/ptolemy/actor/lib/test/auto/Expression3.xml
----------------- Instantiating /home/travis/build/icyphy/ptII/ptolemy/actor/lib/test/auto/Expression3.xml
8 ms. Memory: 560128K Free: 385952K (69%)
----------------- Invoking toplevel() on ptolemy.moml.MoMLSimpleApplication@455d267e
----------------- Done invoking toplevel() on ptolemy.moml.MoMLSimpleApplication@455d267e
reloadAllAccessors: .Expression3

===========================================================================================
----------------- testing Sat Jul 06 04:52:06 UTC 2019 /home/travis/build/icyphy/ptII/ptolemy/actor/lib/test/auto/Expression4.xml
----------------- Instantiating /home/travis/build/icyphy/ptII/ptolemy/actor/lib/test/auto/Expression4.xml
5 ms. Memory: 560128K Free: 378256K (68%)
----------------- Invoking toplevel() on ptolemy.moml.MoMLSimpleApplication@6c644314
----------------- Done invoking toplevel() on ptolemy.moml.MoMLSimpleApplication@6c644314
reloadAllAccessors: .Expression4

===========================================================================================
----------------- testing Sat Jul 06 04:52:06 UTC 2019 /home/travis/build/icyphy/ptII/ptolemy/actor/lib/test/auto/Expression5.xml
----------------- Instantiating /home/travis/build/icyphy/ptII/ptolemy/actor/lib/test/auto/Expression5.xml
6 ms. Memory: 560128K Free: 373150K (67%)
----------------- Invoking toplevel() on ptolemy.moml.MoMLSimpleApplication@5ffef23
----------------- Done invoking toplevel() on ptolemy.moml.MoMLSimpleApplication@5ffef23
reloadAllAccessors: .Expression5

===========================================================================================
----------------- testing Sat Jul 06 04:52:06 UTC 2019 /home/travis/build/icyphy/ptII/ptolemy/actor/lib/test/auto/Expression6.xml
----------------- Instantiating /home/travis/build/icyphy/ptII/ptolemy/actor/lib/test/auto/Expression6.xml
2 ms. Memory: 560128K Free: 368544K (66%)
----------------- Invoking toplevel() on ptolemy.moml.MoMLSimpleApplication@29537e2a
----------------- Done invoking toplevel() on ptolemy.moml.MoMLSimpleApplication@29537e2a
reloadAllAccessors: .Expression6

===========================================================================================
----------------- testing Sat Jul 06 04:52:06 UTC 2019 /home/travis/build/icyphy/ptII/ptolemy/actor/lib/test/auto/Expression7.xml
----------------- Instantiating /home/travis/build/icyphy/ptII/ptolemy/actor/lib/test/auto/Expression7.xml
4 ms. Memory: 560128K Free: 363934K (65%)
----------------- Invoking toplevel() on ptolemy.moml.MoMLSimpleApplication@9560acd
----------------- Done invoking toplevel() on ptolemy.moml.MoMLSimpleApplication@9560acd
reloadAllAccessors: .Expression7

===========================================================================================
----------------- testing Sat Jul 06 04:52:06 UTC 2019 /home/travis/build/icyphy/ptII/ptolemy/actor/lib/test/auto/Expression8.xml
----------------- Instantiating /home/travis/build/icyphy/ptII/ptolemy/actor/lib/test/auto/Expression8.xml
9 ms. Memory: 560128K Free: 358814K (64%)
----------------- Invoking toplevel() on ptolemy.moml.MoMLSimpleApplication@509bb0c9
----------------- Done invoking toplevel() on ptolemy.moml.MoMLSimpleApplication@509bb0c9
reloadAllAccessors: .Expression8

===========================================================================================
----------------- testing Sat Jul 06 04:52:06 UTC 2019 /home/travis/build/icyphy/ptII/ptolemy/actor/lib/test/auto/Expression9.xml
----------------- Instantiating /home/travis/build/icyphy/ptII/ptolemy/actor/lib/test/auto/Expression9.xml
1 ms. Memory: 560128K Free: 354718K (63%)
----------------- Invoking toplevel() on ptolemy.moml.MoMLSimpleApplication@7ca37b9b
----------------- Done invoking toplevel() on ptolemy.moml.MoMLSimpleApplication@7ca37b9b
reloadAllAccessors: .Expression9

===========================================================================================
----------------- testing Sat Jul 06 04:52:06 UTC 2019 /home/travis/build/icyphy/ptII/ptolemy/actor/lib/test/auto/ExpressionConcatenateArrayType.xml
----------------- Instantiating /home/travis/build/icyphy/ptII/ptolemy/actor/lib/test/auto/ExpressionConcatenateArrayType.xml
4 ms. Memory: 560128K Free: 348064K (62%)
----------------- Invoking toplevel() on ptolemy.moml.MoMLSimpleApplication@10d6433c
----------------- Done invoking toplevel() on ptolemy.moml.MoMLSimpleApplication@10d6433c
reloadAllAccessors: .ExpressionConcatenateArrayType

===========================================================================================
----------------- testing Sat Jul 06 04:52:06 UTC 2019 /home/travis/build/icyphy/ptII/ptolemy/actor/lib/test/auto/ExpressionConcatenateArrayType2.xml
----------------- Instantiating /home/travis/build/icyphy/ptII/ptolemy/actor/lib/test/auto/ExpressionConcatenateArrayType2.xml
2 ms. Memory: 560128K Free: 342430K (61%)
----------------- Invoking toplevel() on ptolemy.moml.MoMLSimpleApplication@6fd9e3ca
----------------- Done invoking toplevel() on ptolemy.moml.MoMLSimpleApplication@6fd9e3ca
reloadAllAccessors: .ExpressionConcatenateArrayType2

===========================================================================================
----------------- testing Sat Jul 06 04:52:06 UTC 2019 /home/travis/build/icyphy/ptII/ptolemy/actor/lib/test/auto/ExpressionFix.xml
----------------- Instantiating /home/travis/build/icyphy/ptII/ptolemy/actor/lib/test/auto/ExpressionFix.xml
25 ms. Memory: 560128K Free: 336284K (60%)
----------------- Invoking toplevel() on ptolemy.moml.MoMLSimpleApplication@550743ac
----------------- Done invoking toplevel() on ptolemy.moml.MoMLSimpleApplication@550743ac
reloadAllAccessors: .ExpressionFix

===========================================================================================
----------------- testing Sat Jul 06 04:52:06 UTC 2019 /home/travis/build/icyphy/ptII/ptolemy/actor/lib/test/auto/ExpressionFix2.xml
----------------- Instantiating /home/travis/build/icyphy/ptII/ptolemy/actor/lib/test/auto/ExpressionFix2.xml
2 ms. Memory: 560128K Free: 332190K (59%)
----------------- Invoking toplevel() on ptolemy.moml.MoMLSimpleApplication@e80b2b2
----------------- Done invoking toplevel() on ptolemy.moml.MoMLSimpleApplication@e80b2b2
reloadAllAccessors: .ExpressionFix2

===========================================================================================
----------------- testing Sat Jul 06 04:52:06 UTC 2019 /home/travis/build/icyphy/ptII/ptolemy/actor/lib/test/auto/ExpressionFix3.xml
----------------- Instantiating /home/travis/build/icyphy/ptII/ptolemy/actor/lib/test/auto/ExpressionFix3.xml
3 ms. Memory: 560128K Free: 327584K (58%)
----------------- Invoking toplevel() on ptolemy.moml.MoMLSimpleApplication@3a936340
----------------- Done invoking toplevel() on ptolemy.moml.MoMLSimpleApplication@3a936340
reloadAllAccessors: .ExpressionFix3

===========================================================================================
----------------- testing Sat Jul 06 04:52:06 UTC 2019 /home/travis/build/icyphy/ptII/ptolemy/actor/lib/test/auto/FileWriter1.xml
----------------- Instantiating /home/travis/build/icyphy/ptII/ptolemy/actor/lib/test/auto/FileWriter1.xml
2 ms. Memory: 560128K Free: 323488K (58%)
----------------- Invoking toplevel() on ptolemy.moml.MoMLSimpleApplication@6bb46564
----------------- Done invoking toplevel() on ptolemy.moml.MoMLSimpleApplication@6bb46564
reloadAllAccessors: .FileWriter1

===========================================================================================
----------------- testing Sat Jul 06 04:52:06 UTC 2019 /home/travis/build/icyphy/ptII/ptolemy/actor/lib/test/auto/FileWriter2.xml
----------------- Instantiating /home/travis/build/icyphy/ptII/ptolemy/actor/lib/test/auto/FileWriter2.xml
2 ms. Memory: 560128K Free: 318878K (57%)
----------------- Invoking toplevel() on ptolemy.moml.MoMLSimpleApplication@436b0628
----------------- Done invoking toplevel() on ptolemy.moml.MoMLSimpleApplication@436b0628
reloadAllAccessors: .FileWriter2

===========================================================================================
----------------- testing Sat Jul 06 04:52:06 UTC 2019 /home/travis/build/icyphy/ptII/ptolemy/actor/lib/test/auto/FileWriter3.xml
----------------- Instantiating /home/travis/build/icyphy/ptII/ptolemy/actor/lib/test/auto/FileWriter3.xml
5 ms. Memory: 560128K Free: 314782K (56%)
----------------- Invoking toplevel() on ptolemy.moml.MoMLSimpleApplication@496a5751
----------------- Done invoking toplevel() on ptolemy.moml.MoMLSimpleApplication@496a5751
reloadAllAccessors: .FileWriter3

===========================================================================================
----------------- testing Sat Jul 06 04:52:06 UTC 2019 /home/travis/build/icyphy/ptII/ptolemy/actor/lib/test/auto/Gaussian.xml
----------------- Instantiating /home/travis/build/icyphy/ptII/ptolemy/actor/lib/test/auto/Gaussian.xml
4 ms. Memory: 560128K Free: 310686K (55%)
----------------- Invoking toplevel() on ptolemy.moml.MoMLSimpleApplication@578d774
----------------- Done invoking toplevel() on ptolemy.moml.MoMLSimpleApplication@578d774
reloadAllAccessors: .Gaussian

===========================================================================================
----------------- testing Sat Jul 06 04:52:06 UTC 2019 /home/travis/build/icyphy/ptII/ptolemy/actor/lib/test/auto/Gaussian1.xml
----------------- Instantiating /home/travis/build/icyphy/ptII/ptolemy/actor/lib/test/auto/Gaussian1.xml
13 ms. Memory: 560128K Free: 305056K (54%)
----------------- Invoking toplevel() on ptolemy.moml.MoMLSimpleApplication@40f57a28
----------------- Done invoking toplevel() on ptolemy.moml.MoMLSimpleApplication@40f57a28
reloadAllAccessors: .Gaussian1

===========================================================================================
----------------- testing Sat Jul 06 04:52:06 UTC 2019 /home/travis/build/icyphy/ptII/ptolemy/actor/lib/test/auto/Gaussian2.xml
----------------- Instantiating /home/travis/build/icyphy/ptII/ptolemy/actor/lib/test/auto/Gaussian2.xml
3 ms. Memory: 560128K Free: 299392K (53%)
----------------- Invoking toplevel() on ptolemy.moml.MoMLSimpleApplication@5f5c2ec2
----------------- Done invoking toplevel() on ptolemy.moml.MoMLSimpleApplication@5f5c2ec2
reloadAllAccessors: .Gaussian2

===========================================================================================
----------------- testing Sat Jul 06 04:52:06 UTC 2019 /home/travis/build/icyphy/ptII/ptolemy/actor/lib/test/auto/GradientAdaptiveLattice.xml
----------------- Instantiating /home/travis/build/icyphy/ptII/ptolemy/actor/lib/test/auto/GradientAdaptiveLattice.xml
3 ms. Memory: 560128K Free: 294302K (53%)
----------------- Invoking toplevel() on ptolemy.moml.MoMLSimpleApplication@5f85be51
----------------- Done invoking toplevel() on ptolemy.moml.MoMLSimpleApplication@5f85be51
reloadAllAccessors: .GradientAdaptiveLattice

===========================================================================================
----------------- testing Sat Jul 06 04:52:06 UTC 2019 /home/travis/build/icyphy/ptII/ptolemy/actor/lib/test/auto/IIR.xml
----------------- Instantiating /home/travis/build/icyphy/ptII/ptolemy/actor/lib/test/auto/IIR.xml
1 ms. Memory: 560128K Free: 289696K (52%)
----------------- Invoking toplevel() on ptolemy.moml.MoMLSimpleApplication@590c6044
----------------- Done invoking toplevel() on ptolemy.moml.MoMLSimpleApplication@590c6044
reloadAllAccessors: .IIR

===========================================================================================
----------------- testing Sat Jul 06 04:52:06 UTC 2019 /home/travis/build/icyphy/ptII/ptolemy/actor/lib/test/auto/InputOutputTransparentPorts.xml
----------------- Instantiating /home/travis/build/icyphy/ptII/ptolemy/actor/lib/test/auto/InputOutputTransparentPorts.xml
4 ms. Memory: 560128K Free: 282528K (50%)
----------------- Invoking toplevel() on ptolemy.moml.MoMLSimpleApplication@44d513c5
----------------- Done invoking toplevel() on ptolemy.moml.MoMLSimpleApplication@44d513c5
reloadAllAccessors: .InputOutputTransparentPorts

===========================================================================================
----------------- testing Sat Jul 06 04:52:06 UTC 2019 /home/travis/build/icyphy/ptII/ptolemy/actor/lib/test/auto/Interpolator.xml
----------------- Instantiating /home/travis/build/icyphy/ptII/ptolemy/actor/lib/test/auto/Interpolator.xml
4 ms. Memory: 560128K Free: 277918K (50%)
----------------- Invoking toplevel() on ptolemy.moml.MoMLSimpleApplication@1361f7
----------------- Done invoking toplevel() on ptolemy.moml.MoMLSimpleApplication@1361f7
reloadAllAccessors: .Interpolator

===========================================================================================
----------------- testing Sat Jul 06 04:52:06 UTC 2019 /home/travis/build/icyphy/ptII/ptolemy/actor/lib/test/auto/InterpolatorFiringLimitDE.xml
----------------- Instantiating /home/travis/build/icyphy/ptII/ptolemy/actor/lib/test/auto/InterpolatorFiringLimitDE.xml
2 ms. Memory: 560128K Free: 272288K (49%)
----------------- Invoking toplevel() on ptolemy.moml.MoMLSimpleApplication@6086cd2e
----------------- Done invoking toplevel() on ptolemy.moml.MoMLSimpleApplication@6086cd2e
reloadAllAccessors: .InterpolatorFiringLimitDE

===========================================================================================
----------------- testing Sat Jul 06 04:52:06 UTC 2019 /home/travis/build/icyphy/ptII/ptolemy/actor/lib/test/auto/Lattice.xml
----------------- Instantiating /home/travis/build/icyphy/ptII/ptolemy/actor/lib/test/auto/Lattice.xml
1 ms. Memory: 560128K Free: 268192K (48%)
----------------- Invoking toplevel() on ptolemy.moml.MoMLSimpleApplication@60d7127b
----------------- Done invoking toplevel() on ptolemy.moml.MoMLSimpleApplication@60d7127b
reloadAllAccessors: .Lattice

===========================================================================================
----------------- testing Sat Jul 06 04:52:06 UTC 2019 /home/travis/build/icyphy/ptII/ptolemy/actor/lib/test/auto/LazyAOCTestLazy.xml
----------------- Instantiating /home/travis/build/icyphy/ptII/ptolemy/actor/lib/test/auto/LazyAOCTestLazy.xml
11 ms. Memory: 560128K Free: 262048K (47%)
----------------- Invoking toplevel() on ptolemy.moml.MoMLSimpleApplication@233d7a4d
----------------- Done invoking toplevel() on ptolemy.moml.MoMLSimpleApplication@233d7a4d
reloadAllAccessors: .LazyAOCTestLazy

===========================================================================================
----------------- testing Sat Jul 06 04:52:06 UTC 2019 /home/travis/build/icyphy/ptII/ptolemy/actor/lib/test/auto/LazyAOCTestNonLazy.xml
----------------- Instantiating /home/travis/build/icyphy/ptII/ptolemy/actor/lib/test/auto/LazyAOCTestNonLazy.xml
2 ms. Memory: 560128K Free: 255390K (46%)
----------------- Invoking toplevel() on ptolemy.moml.MoMLSimpleApplication@13519a39
----------------- Done invoking toplevel() on ptolemy.moml.MoMLSimpleApplication@13519a39
reloadAllAccessors: .LazyAOCTestNonLazy

===========================================================================================
----------------- testing Sat Jul 06 04:52:06 UTC 2019 /home/travis/build/icyphy/ptII/ptolemy/actor/lib/test/auto/LazyInnerClass.xml
----------------- Instantiating /home/travis/build/icyphy/ptII/ptolemy/actor/lib/test/auto/LazyInnerClass.xml
19 ms. Memory: 560128K Free: 246688K (44%)
----------------- Invoking toplevel() on ptolemy.moml.MoMLSimpleApplication@486ea60a
----------------- Done invoking toplevel() on ptolemy.moml.MoMLSimpleApplication@486ea60a
reloadAllAccessors: .LazyInnerClass

===========================================================================================
----------------- testing Sat Jul 06 04:52:06 UTC 2019 /home/travis/build/icyphy/ptII/ptolemy/actor/lib/test/auto/LazyPubSub.xml
----------------- Instantiating /home/travis/build/icyphy/ptII/ptolemy/actor/lib/test/auto/LazyPubSub.xml
27 ms. Memory: 560128K Free: 236448K (42%)
----------------- Invoking toplevel() on ptolemy.moml.MoMLSimpleApplication@274fa03
----------------- Done invoking toplevel() on ptolemy.moml.MoMLSimpleApplication@274fa03
reloadAllAccessors: .LazyPubSub

===========================================================================================
----------------- testing Sat Jul 06 04:52:06 UTC 2019 /home/travis/build/icyphy/ptII/ptolemy/actor/lib/test/auto/LazyPubSub2.xml
----------------- Instantiating /home/travis/build/icyphy/ptII/ptolemy/actor/lib/test/auto/LazyPubSub2.xml
16 ms. Memory: 560128K Free: 226208K (40%)
----------------- Invoking toplevel() on ptolemy.moml.MoMLSimpleApplication@62524309
----------------- Done invoking toplevel() on ptolemy.moml.MoMLSimpleApplication@62524309
reloadAllAccessors: .LazyPubSub2

===========================================================================================
----------------- testing Sat Jul 06 04:52:06 UTC 2019 /home/travis/build/icyphy/ptII/ptolemy/actor/lib/test/auto/LazyPubSub3.xml
----------------- Instantiating /home/travis/build/icyphy/ptII/ptolemy/actor/lib/test/auto/LazyPubSub3.xml
14 ms. Memory: 560128K Free: 216478K (39%)
----------------- Invoking toplevel() on ptolemy.moml.MoMLSimpleApplication@7c6871d8
----------------- Done invoking toplevel() on ptolemy.moml.MoMLSimpleApplication@7c6871d8
reloadAllAccessors: .LazyPubSub3

===========================================================================================
----------------- testing Sat Jul 06 04:52:07 UTC 2019 /home/travis/build/icyphy/ptII/ptolemy/actor/lib/test/auto/LazySubClassModel.xml
----------------- Instantiating /home/travis/build/icyphy/ptII/ptolemy/actor/lib/test/auto/LazySubClassModel.xml
1 ms. Memory: 560128K Free: 207262K (37%)
----------------- Invoking toplevel() on ptolemy.moml.MoMLSimpleApplication@6940443c
----------------- Done invoking toplevel() on ptolemy.moml.MoMLSimpleApplication@6940443c
reloadAllAccessors: .LazySubClassModel

===========================================================================================
----------------- testing Sat Jul 06 04:52:07 UTC 2019 /home/travis/build/icyphy/ptII/ptolemy/actor/lib/test/auto/LevelCrossTest1.xml
----------------- Instantiating /home/travis/build/icyphy/ptII/ptolemy/actor/lib/test/auto/LevelCrossTest1.xml
1 ms. Memory: 560128K Free: 201632K (36%)
----------------- Invoking toplevel() on ptolemy.moml.MoMLSimpleApplication@221c9b8
----------------- Done invoking toplevel() on ptolemy.moml.MoMLSimpleApplication@221c9b8
reloadAllAccessors: .broken

===========================================================================================
----------------- testing Sat Jul 06 04:52:07 UTC 2019 /home/travis/build/icyphy/ptII/ptolemy/actor/lib/test/auto/LevelCrossTest10.xml
----------------- Instantiating /home/travis/build/icyphy/ptII/ptolemy/actor/lib/test/auto/LevelCrossTest10.xml
1 ms. Memory: 560128K Free: 194464K (35%)
----------------- Invoking toplevel() on ptolemy.moml.MoMLSimpleApplication@1a3c94ef
----------------- Done invoking toplevel() on ptolemy.moml.MoMLSimpleApplication@1a3c94ef
reloadAllAccessors: .LevelCrossTest10

===========================================================================================
----------------- testing Sat Jul 06 04:52:07 UTC 2019 /home/travis/build/icyphy/ptII/ptolemy/actor/lib/test/auto/LevelCrossTest11.xml
----------------- Instantiating /home/travis/build/icyphy/ptII/ptolemy/actor/lib/test/auto/LevelCrossTest11.xml
1 ms. Memory: 560128K Free: 186782K (33%)
----------------- Invoking toplevel() on ptolemy.moml.MoMLSimpleApplication@11805954
----------------- Done invoking toplevel() on ptolemy.moml.MoMLSimpleApplication@11805954
reloadAllAccessors: .LevelCrossTest11

===========================================================================================
----------------- testing Sat Jul 06 04:52:07 UTC 2019 /home/travis/build/icyphy/ptII/ptolemy/actor/lib/test/auto/LevelCrossTest12.xml
----------------- Instantiating /home/travis/build/icyphy/ptII/ptolemy/actor/lib/test/auto/LevelCrossTest12.xml
1 ms. Memory: 560128K Free: 508516K (91%)
----------------- Invoking toplevel() on ptolemy.moml.MoMLSimpleApplication@14bb7f3
----------------- Done invoking toplevel() on ptolemy.moml.MoMLSimpleApplication@14bb7f3
reloadAllAccessors: .LevelCrossTest12

===========================================================================================
----------------- testing Sat Jul 06 04:52:07 UTC 2019 /home/travis/build/icyphy/ptII/ptolemy/actor/lib/test/auto/LevelCrossTest13.xml
----------------- Instantiating /home/travis/build/icyphy/ptII/ptolemy/actor/lib/test/auto/LevelCrossTest13.xml
1 ms. Memory: 560128K Free: 500131K (89%)
----------------- Invoking toplevel() on ptolemy.moml.MoMLSimpleApplication@71f82cda
----------------- Done invoking toplevel() on ptolemy.moml.MoMLSimpleApplication@71f82cda
reloadAllAccessors: .LevelCrossTest13

===========================================================================================
----------------- testing Sat Jul 06 04:52:07 UTC 2019 /home/travis/build/icyphy/ptII/ptolemy/actor/lib/test/auto/LevelCrossTest2.xml
----------------- Instantiating /home/travis/build/icyphy/ptII/ptolemy/actor/lib/test/auto/LevelCrossTest2.xml
1 ms. Memory: 560128K Free: 494497K (88%)
----------------- Invoking toplevel() on ptolemy.moml.MoMLSimpleApplication@4a790832
----------------- Done invoking toplevel() on ptolemy.moml.MoMLSimpleApplication@4a790832
reloadAllAccessors: .broken

===========================================================================================
----------------- testing Sat Jul 06 04:52:07 UTC 2019 /home/travis/build/icyphy/ptII/ptolemy/actor/lib/test/auto/LevelCrossTest3.xml
----------------- Instantiating /home/travis/build/icyphy/ptII/ptolemy/actor/lib/test/auto/LevelCrossTest3.xml
1 ms. Memory: 560128K Free: 487843K (87%)
----------------- Invoking toplevel() on ptolemy.moml.MoMLSimpleApplication@c5a4d6c
----------------- Done invoking toplevel() on ptolemy.moml.MoMLSimpleApplication@c5a4d6c
reloadAllAccessors: .LevelCrossTest3

===========================================================================================
----------------- testing Sat Jul 06 04:52:07 UTC 2019 /home/travis/build/icyphy/ptII/ptolemy/actor/lib/test/auto/LevelCrossTest4.xml
----------------- Instantiating /home/travis/build/icyphy/ptII/ptolemy/actor/lib/test/auto/LevelCrossTest4.xml
2 ms. Memory: 560128K Free: 482209K (86%)
----------------- Invoking toplevel() on ptolemy.moml.MoMLSimpleApplication@5d880552
----------------- Done invoking toplevel() on ptolemy.moml.MoMLSimpleApplication@5d880552
reloadAllAccessors: .broken

===========================================================================================
----------------- testing Sat Jul 06 04:52:07 UTC 2019 /home/travis/build/icyphy/ptII/ptolemy/actor/lib/test/auto/LevelCrossTest5.xml
----------------- Instantiating /home/travis/build/icyphy/ptII/ptolemy/actor/lib/test/auto/LevelCrossTest5.xml
2 ms. Memory: 560128K Free: 475041K (85%)
----------------- Invoking toplevel() on ptolemy.moml.MoMLSimpleApplication@1c3dea02
----------------- Done invoking toplevel() on ptolemy.moml.MoMLSimpleApplication@1c3dea02
reloadAllAccessors: .LevelCrossTest5

===========================================================================================
----------------- testing Sat Jul 06 04:52:07 UTC 2019 /home/travis/build/icyphy/ptII/ptolemy/actor/lib/test/auto/LevelCrossTest6.xml
----------------- Instantiating /home/travis/build/icyphy/ptII/ptolemy/actor/lib/test/auto/LevelCrossTest6.xml
4 ms. Memory: 560128K Free: 468897K (84%)
----------------- Invoking toplevel() on ptolemy.moml.MoMLSimpleApplication@7fb0345d
----------------- Done invoking toplevel() on ptolemy.moml.MoMLSimpleApplication@7fb0345d
reloadAllAccessors: .LevelCrossTest6

===========================================================================================
----------------- testing Sat Jul 06 04:52:07 UTC 2019 /home/travis/build/icyphy/ptII/ptolemy/actor/lib/test/auto/LevelCrossTest7.xml
----------------- Instantiating /home/travis/build/icyphy/ptII/ptolemy/actor/lib/test/auto/LevelCrossTest7.xml
1 ms. Memory: 560128K Free: 461729K (82%)
----------------- Invoking toplevel() on ptolemy.moml.MoMLSimpleApplication@426a242d
----------------- Done invoking toplevel() on ptolemy.moml.MoMLSimpleApplication@426a242d
reloadAllAccessors: .LevelCrossTest7

===========================================================================================
----------------- testing Sat Jul 06 04:52:07 UTC 2019 /home/travis/build/icyphy/ptII/ptolemy/actor/lib/test/auto/LevelCrossTest8.xml
----------------- Instantiating /home/travis/build/icyphy/ptII/ptolemy/actor/lib/test/auto/LevelCrossTest8.xml
2 ms. Memory: 560128K Free: 454561K (81%)
----------------- Invoking toplevel() on ptolemy.moml.MoMLSimpleApplication@339860c9
----------------- Done invoking toplevel() on ptolemy.moml.MoMLSimpleApplication@339860c9
reloadAllAccessors: .LevelCrossTest8

===========================================================================================
----------------- testing Sat Jul 06 04:52:07 UTC 2019 /home/travis/build/icyphy/ptII/ptolemy/actor/lib/test/auto/LevelCrossTest9.xml
----------------- Instantiating /home/travis/build/icyphy/ptII/ptolemy/actor/lib/test/auto/LevelCrossTest9.xml
1 ms. Memory: 560128K Free: 447907K (80%)
----------------- Invoking toplevel() on ptolemy.moml.MoMLSimpleApplication@4faed5e8
----------------- Done invoking toplevel() on ptolemy.moml.MoMLSimpleApplication@4faed5e8
reloadAllAccessors: .LevelCrossTest9

===========================================================================================
----------------- testing Sat Jul 06 04:52:07 UTC 2019 /home/travis/build/icyphy/ptII/ptolemy/actor/lib/test/auto/LevinsonDurbin.xml
----------------- Instantiating /home/travis/build/icyphy/ptII/ptolemy/actor/lib/test/auto/LevinsonDurbin.xml
1 ms. Memory: 560128K Free: 443811K (79%)
----------------- Invoking toplevel() on ptolemy.moml.MoMLSimpleApplication@421ff55b
----------------- Done invoking toplevel() on ptolemy.moml.MoMLSimpleApplication@421ff55b
reloadAllAccessors: .LevinsonDurbin

===========================================================================================
----------------- testing Sat Jul 06 04:52:07 UTC 2019 /home/travis/build/icyphy/ptII/ptolemy/actor/lib/test/auto/LevinsonDurbin2.xml
----------------- Instantiating /home/travis/build/icyphy/ptII/ptolemy/actor/lib/test/auto/LevinsonDurbin2.xml
2 ms. Memory: 560128K Free: 439715K (79%)
----------------- Invoking toplevel() on ptolemy.moml.MoMLSimpleApplication@5b233c06
----------------- Done invoking toplevel() on ptolemy.moml.MoMLSimpleApplication@5b233c06
reloadAllAccessors: .LevinsonDurbin2

===========================================================================================
----------------- testing Sat Jul 06 04:52:07 UTC 2019 /home/travis/build/icyphy/ptII/ptolemy/actor/lib/test/auto/LevinsonDurbin3.xml
----------------- Instantiating /home/travis/build/icyphy/ptII/ptolemy/actor/lib/test/auto/LevinsonDurbin3.xml
2 ms. Memory: 560128K Free: 435619K (78%)
----------------- Invoking toplevel() on ptolemy.moml.MoMLSimpleApplication@38fe73fc
----------------- Done invoking toplevel() on ptolemy.moml.MoMLSimpleApplication@38fe73fc
reloadAllAccessors: .LevinsonDurbin3

===========================================================================================
----------------- testing Sat Jul 06 04:52:07 UTC 2019 /home/travis/build/icyphy/ptII/ptolemy/actor/lib/test/auto/Limiter.xml
----------------- Instantiating /home/travis/build/icyphy/ptII/ptolemy/actor/lib/test/auto/Limiter.xml
4 ms. Memory: 560128K Free: 426403K (76%)
----------------- Invoking toplevel() on ptolemy.moml.MoMLSimpleApplication@3bb258a4
----------------- Done invoking toplevel() on ptolemy.moml.MoMLSimpleApplication@3bb258a4
reloadAllAccessors: .Limiter

===========================================================================================
----------------- testing Sat Jul 06 04:52:07 UTC 2019 /home/travis/build/icyphy/ptII/ptolemy/actor/lib/test/auto/LinearDifferenceEquationSystem.xml
----------------- Instantiating /home/travis/build/icyphy/ptII/ptolemy/actor/lib/test/auto/LinearDifferenceEquationSystem.xml
4 ms. Memory: 560128K Free: 419235K (75%)
----------------- Invoking toplevel() on ptolemy.moml.MoMLSimpleApplication@357d4eeb
----------------- Done invoking toplevel() on ptolemy.moml.MoMLSimpleApplication@357d4eeb
reloadAllAccessors: .LinearDifferenceEquationSystem

===========================================================================================
----------------- testing Sat Jul 06 04:52:07 UTC 2019 /home/travis/build/icyphy/ptII/ptolemy/actor/lib/test/auto/LookupTable.xml
----------------- Instantiating /home/travis/build/icyphy/ptII/ptolemy/actor/lib/test/auto/LookupTable.xml
1 ms. Memory: 560128K Free: 414625K (74%)
----------------- Invoking toplevel() on ptolemy.moml.MoMLSimpleApplication@e502c04
----------------- Done invoking toplevel() on ptolemy.moml.MoMLSimpleApplication@e502c04
reloadAllAccessors: .LookupTable

===========================================================================================
----------------- testing Sat Jul 06 04:52:07 UTC 2019 /home/travis/build/icyphy/ptII/ptolemy/actor/lib/test/auto/MathFunction.xml
----------------- Instantiating /home/travis/build/icyphy/ptII/ptolemy/actor/lib/test/auto/MathFunction.xml
2 ms. Memory: 560128K Free: 406433K (73%)
----------------- Invoking toplevel() on ptolemy.moml.MoMLSimpleApplication@2261973b
----------------- Done invoking toplevel() on ptolemy.moml.MoMLSimpleApplication@2261973b
reloadAllAccessors: .MathFunction

===========================================================================================
----------------- testing Sat Jul 06 04:52:07 UTC 2019 /home/travis/build/icyphy/ptII/ptolemy/actor/lib/test/auto/MathFunction2.xml
----------------- Instantiating /home/travis/build/icyphy/ptII/ptolemy/actor/lib/test/auto/MathFunction2.xml
11 ms. Memory: 560128K Free: 402337K (72%)
----------------- Invoking toplevel() on ptolemy.moml.MoMLSimpleApplication@7c40e51e
----------------- Done invoking toplevel() on ptolemy.moml.MoMLSimpleApplication@7c40e51e
reloadAllAccessors: .MathFunction2

===========================================================================================
----------------- testing Sat Jul 06 04:52:07 UTC 2019 /home/travis/build/icyphy/ptII/ptolemy/actor/lib/test/auto/MathFunction3.xml
----------------- Instantiating /home/travis/build/icyphy/ptII/ptolemy/actor/lib/test/auto/MathFunction3.xml
6 ms. Memory: 560128K Free: 395683K (71%)
----------------- Invoking toplevel() on ptolemy.moml.MoMLSimpleApplication@4f5ea3cf
----------------- Done invoking toplevel() on ptolemy.moml.MoMLSimpleApplication@4f5ea3cf
reloadAllAccessors: .MathFunction3

===========================================================================================
----------------- testing Sat Jul 06 04:52:07 UTC 2019 /home/travis/build/icyphy/ptII/ptolemy/actor/lib/test/auto/MatrixCropBoolean.xml
----------------- Instantiating /home/travis/build/icyphy/ptII/ptolemy/actor/lib/test/auto/MatrixCropBoolean.xml
2 ms. Memory: 560128K Free: 390563K (70%)
----------------- Invoking toplevel() on ptolemy.moml.MoMLSimpleApplication@700bab60
----------------- Done invoking toplevel() on ptolemy.moml.MoMLSimpleApplication@700bab60
reloadAllAccessors: .MatrixCropBoolean

===========================================================================================
----------------- testing Sat Jul 06 04:52:07 UTC 2019 /home/travis/build/icyphy/ptII/ptolemy/actor/lib/test/auto/MatrixCropComplex.xml
----------------- Instantiating /home/travis/build/icyphy/ptII/ptolemy/actor/lib/test/auto/MatrixCropComplex.xml
2 ms. Memory: 560128K Free: 385947K (69%)
----------------- Invoking toplevel() on ptolemy.moml.MoMLSimpleApplication@5fe43225
----------------- Done invoking toplevel() on ptolemy.moml.MoMLSimpleApplication@5fe43225
reloadAllAccessors: .MatrixCropComplex

===========================================================================================
----------------- testing Sat Jul 06 04:52:07 UTC 2019 /home/travis/build/icyphy/ptII/ptolemy/actor/lib/test/auto/MatrixCropDouble.xml
----------------- Instantiating /home/travis/build/icyphy/ptII/ptolemy/actor/lib/test/auto/MatrixCropDouble.xml
2 ms. Memory: 560128K Free: 380819K (68%)
----------------- Invoking toplevel() on ptolemy.moml.MoMLSimpleApplication@3fe75cf8
----------------- Done invoking toplevel() on ptolemy.moml.MoMLSimpleApplication@3fe75cf8
reloadAllAccessors: .MatrixCropDouble

===========================================================================================
----------------- testing Sat Jul 06 04:52:07 UTC 2019 /home/travis/build/icyphy/ptII/ptolemy/actor/lib/test/auto/MatrixCropFix.xml
----------------- Instantiating /home/travis/build/icyphy/ptII/ptolemy/actor/lib/test/auto/MatrixCropFix.xml
2 ms. Memory: 560128K Free: 375707K (67%)
----------------- Invoking toplevel() on ptolemy.moml.MoMLSimpleApplication@6a6c8a0d
----------------- Done invoking toplevel() on ptolemy.moml.MoMLSimpleApplication@6a6c8a0d
reloadAllAccessors: .MatrixCropFix

===========================================================================================
----------------- testing Sat Jul 06 04:52:07 UTC 2019 /home/travis/build/icyphy/ptII/ptolemy/actor/lib/test/auto/MatrixCropInt.xml
----------------- Instantiating /home/travis/build/icyphy/ptII/ptolemy/actor/lib/test/auto/MatrixCropInt.xml
2 ms. Memory: 560128K Free: 370579K (66%)
----------------- Invoking toplevel() on ptolemy.moml.MoMLSimpleApplication@5fee0958
----------------- Done invoking toplevel() on ptolemy.moml.MoMLSimpleApplication@5fee0958
reloadAllAccessors: .MatrixCropInt

===========================================================================================
----------------- testing Sat Jul 06 04:52:07 UTC 2019 /home/travis/build/icyphy/ptII/ptolemy/actor/lib/test/auto/MatrixCropLong.xml
----------------- Instantiating /home/travis/build/icyphy/ptII/ptolemy/actor/lib/test/auto/MatrixCropLong.xml
1 ms. Memory: 560128K Free: 365459K (65%)
----------------- Invoking toplevel() on ptolemy.moml.MoMLSimpleApplication@2beb93a6
----------------- Done invoking toplevel() on ptolemy.moml.MoMLSimpleApplication@2beb93a6
reloadAllAccessors: .MatrixCropLong

===========================================================================================
----------------- testing Sat Jul 06 04:52:07 UTC 2019 /home/travis/build/icyphy/ptII/ptolemy/actor/lib/test/auto/MatrixToArray.xml
----------------- Instantiating /home/travis/build/icyphy/ptII/ptolemy/actor/lib/test/auto/MatrixToArray.xml
6 ms. Memory: 560128K Free: 350627K (63%)
----------------- Invoking toplevel() on ptolemy.moml.MoMLSimpleApplication@240beda4
----------------- Done invoking toplevel() on ptolemy.moml.MoMLSimpleApplication@240beda4
reloadAllAccessors: .MatrixToArray

===========================================================================================
----------------- testing Sat Jul 06 04:52:07 UTC 2019 /home/travis/build/icyphy/ptII/ptolemy/actor/lib/test/auto/MaxIndex.xml
----------------- Instantiating /home/travis/build/icyphy/ptII/ptolemy/actor/lib/test/auto/MaxIndex.xml
2 ms. Memory: 560128K Free: 345507K (62%)
----------------- Invoking toplevel() on ptolemy.moml.MoMLSimpleApplication@68b9f62e
----------------- Done invoking toplevel() on ptolemy.moml.MoMLSimpleApplication@68b9f62e
reloadAllAccessors: .MaxIndex

===========================================================================================
----------------- testing Sat Jul 06 04:52:07 UTC 2019 /home/travis/build/icyphy/ptII/ptolemy/actor/lib/test/auto/Maximum.xml
----------------- Instantiating /home/travis/build/icyphy/ptII/ptolemy/actor/lib/test/auto/Maximum.xml
3 ms. Memory: 560128K Free: 338819K (60%)
----------------- Invoking toplevel() on ptolemy.moml.MoMLSimpleApplication@66baad5e
----------------- Done invoking toplevel() on ptolemy.moml.MoMLSimpleApplication@66baad5e
reloadAllAccessors: .Maximum

===========================================================================================
----------------- testing Sat Jul 06 04:52:07 UTC 2019 /home/travis/build/icyphy/ptII/ptolemy/actor/lib/test/auto/MaximumComplex.xml
----------------- Instantiating /home/travis/build/icyphy/ptII/ptolemy/actor/lib/test/auto/MaximumComplex.xml
4 ms. Memory: 560128K Free: 332691K (59%)
----------------- Invoking toplevel() on ptolemy.moml.MoMLSimpleApplication@41c873c5
----------------- Done invoking toplevel() on ptolemy.moml.MoMLSimpleApplication@41c873c5
reloadAllAccessors: .MaximumComplex

===========================================================================================
----------------- testing Sat Jul 06 04:52:07 UTC 2019 /home/travis/build/icyphy/ptII/ptolemy/actor/lib/test/auto/MethodCallTest.xml
----------------- Instantiating /home/travis/build/icyphy/ptII/ptolemy/actor/lib/test/auto/MethodCallTest.xml
1 ms. Memory: 560128K Free: 326051K (58%)
----------------- Invoking toplevel() on ptolemy.moml.MoMLSimpleApplication@70cb4dce
----------------- Done invoking toplevel() on ptolemy.moml.MoMLSimpleApplication@70cb4dce
reloadAllAccessors: .MethodCallTest

===========================================================================================
----------------- testing Sat Jul 06 04:52:07 UTC 2019 /home/travis/build/icyphy/ptII/ptolemy/actor/lib/test/auto/Minimum.xml
----------------- Instantiating /home/travis/build/icyphy/ptII/ptolemy/actor/lib/test/auto/Minimum.xml
2 ms. Memory: 560128K Free: 319379K (57%)
----------------- Invoking toplevel() on ptolemy.moml.MoMLSimpleApplication@640886b5
----------------- Done invoking toplevel() on ptolemy.moml.MoMLSimpleApplication@640886b5
reloadAllAccessors: .Minimum

===========================================================================================
----------------- testing Sat Jul 06 04:52:07 UTC 2019 /home/travis/build/icyphy/ptII/ptolemy/actor/lib/test/auto/MinimumComplex.xml
----------------- Instantiating /home/travis/build/icyphy/ptII/ptolemy/actor/lib/test/auto/MinimumComplex.xml
3 ms. Memory: 560128K Free: 313235K (56%)
----------------- Invoking toplevel() on ptolemy.moml.MoMLSimpleApplication@43e1b068
----------------- Done invoking toplevel() on ptolemy.moml.MoMLSimpleApplication@43e1b068
reloadAllAccessors: .MinimumComplex

===========================================================================================
----------------- testing Sat Jul 06 04:52:07 UTC 2019 /home/travis/build/icyphy/ptII/ptolemy/actor/lib/test/auto/MinimumMultiports.xml
----------------- Instantiating /home/travis/build/icyphy/ptII/ptolemy/actor/lib/test/auto/MinimumMultiports.xml
4 ms. Memory: 560128K Free: 304547K (54%)
----------------- Invoking toplevel() on ptolemy.moml.MoMLSimpleApplication@161376b3
----------------- Done invoking toplevel() on ptolemy.moml.MoMLSimpleApplication@161376b3
reloadAllAccessors: .MinimumMultiports

===========================================================================================
----------------- testing Sat Jul 06 04:52:07 UTC 2019 /home/travis/build/icyphy/ptII/ptolemy/actor/lib/test/auto/ModifyDate.xml
----------------- Instantiating /home/travis/build/icyphy/ptII/ptolemy/actor/lib/test/auto/ModifyDate.xml
9 ms. Memory: 560128K Free: 291745K (52%)
----------------- Invoking toplevel() on ptolemy.moml.MoMLSimpleApplication@b09c224
----------------- Done invoking toplevel() on ptolemy.moml.MoMLSimpleApplication@b09c224
reloadAllAccessors: .ModifyDate

===========================================================================================
----------------- testing Sat Jul 06 04:52:07 UTC 2019 /home/travis/build/icyphy/ptII/ptolemy/actor/lib/test/auto/ModifyDate2.xml
----------------- Instantiating /home/travis/build/icyphy/ptII/ptolemy/actor/lib/test/auto/ModifyDate2.xml
3 ms. Memory: 560128K Free: 283043K (51%)
----------------- Invoking toplevel() on ptolemy.moml.MoMLSimpleApplication@393a7e04
----------------- Done invoking toplevel() on ptolemy.moml.MoMLSimpleApplication@393a7e04
reloadAllAccessors: .ModifyDate2

===========================================================================================
----------------- testing Sat Jul 06 04:52:07 UTC 2019 /home/travis/build/icyphy/ptII/ptolemy/actor/lib/test/auto/MovingAverage.xml
----------------- Instantiating /home/travis/build/icyphy/ptII/ptolemy/actor/lib/test/auto/MovingAverage.xml
2 ms. Memory: 560128K Free: 277923K (50%)
----------------- Invoking toplevel() on ptolemy.moml.MoMLSimpleApplication@40e62983
----------------- Done invoking toplevel() on ptolemy.moml.MoMLSimpleApplication@40e62983
reloadAllAccessors: .MovingAverage

===========================================================================================
----------------- testing Sat Jul 06 04:52:07 UTC 2019 /home/travis/build/icyphy/ptII/ptolemy/actor/lib/test/auto/MovingMaximum.xml
----------------- Instantiating /home/travis/build/icyphy/ptII/ptolemy/actor/lib/test/auto/MovingMaximum.xml
8 ms. Memory: 560128K Free: 273313K (49%)
----------------- Invoking toplevel() on ptolemy.moml.MoMLSimpleApplication@105ddff8
----------------- Done invoking toplevel() on ptolemy.moml.MoMLSimpleApplication@105ddff8
reloadAllAccessors: .MovingMaximum

===========================================================================================
----------------- testing Sat Jul 06 04:52:07 UTC 2019 /home/travis/build/icyphy/ptII/ptolemy/actor/lib/test/auto/MultipleLinksToSameRelation.xml
----------------- Instantiating /home/travis/build/icyphy/ptII/ptolemy/actor/lib/test/auto/MultipleLinksToSameRelation.xml
2 ms. Memory: 560128K Free: 269217K (48%)
----------------- Invoking toplevel() on ptolemy.moml.MoMLSimpleApplication@473544fe
----------------- Done invoking toplevel() on ptolemy.moml.MoMLSimpleApplication@473544fe
reloadAllAccessors: .MultipleLinksToSameRelation

===========================================================================================
----------------- testing Sat Jul 06 04:52:07 UTC 2019 /home/travis/build/icyphy/ptII/ptolemy/actor/lib/test/auto/MultipleLinksToSameRelationDE.xml
----------------- Instantiating /home/travis/build/icyphy/ptII/ptolemy/actor/lib/test/auto/MultipleLinksToSameRelationDE.xml
4 ms. Memory: 560128K Free: 264611K (47%)
----------------- Invoking toplevel() on ptolemy.moml.MoMLSimpleApplication@61ce261f
----------------- Done invoking toplevel() on ptolemy.moml.MoMLSimpleApplication@61ce261f
reloadAllAccessors: .MultipleLinksToSameRelationDE

===========================================================================================
----------------- testing Sat Jul 06 04:52:07 UTC 2019 /home/travis/build/icyphy/ptII/ptolemy/actor/lib/test/auto/Multiplexor.xml
----------------- Instantiating /home/travis/build/icyphy/ptII/ptolemy/actor/lib/test/auto/Multiplexor.xml
2 ms. Memory: 560128K Free: 258977K (46%)
----------------- Invoking toplevel() on ptolemy.moml.MoMLSimpleApplication@c6f4a1e
----------------- Done invoking toplevel() on ptolemy.moml.MoMLSimpleApplication@c6f4a1e
reloadAllAccessors: .Multiplexor

===========================================================================================
----------------- testing Sat Jul 06 04:52:07 UTC 2019 /home/travis/build/icyphy/ptII/ptolemy/actor/lib/test/auto/Multiplexor1.xml
----------------- Instantiating /home/travis/build/icyphy/ptII/ptolemy/actor/lib/test/auto/Multiplexor1.xml
2 ms. Memory: 560128K Free: 253347K (45%)
----------------- Invoking toplevel() on ptolemy.moml.MoMLSimpleApplication@22c19013
----------------- Done invoking toplevel() on ptolemy.moml.MoMLSimpleApplication@22c19013
reloadAllAccessors: .Multiplexor1

===========================================================================================
----------------- testing Sat Jul 06 04:52:07 UTC 2019 /home/travis/build/icyphy/ptII/ptolemy/actor/lib/test/auto/Multiplexor2.xml
----------------- Instantiating /home/travis/build/icyphy/ptII/ptolemy/actor/lib/test/auto/Multiplexor2.xml
4 ms. Memory: 560128K Free: 246689K (44%)
----------------- Invoking toplevel() on ptolemy.moml.MoMLSimpleApplication@fb15f89
----------------- Done invoking toplevel() on ptolemy.moml.MoMLSimpleApplication@fb15f89
reloadAllAccessors: .Multiplexor2

===========================================================================================
----------------- testing Sat Jul 06 04:52:08 UTC 2019 /home/travis/build/icyphy/ptII/ptolemy/actor/lib/test/auto/Multiplexor3.xml
----------------- Instantiating /home/travis/build/icyphy/ptII/ptolemy/actor/lib/test/auto/Multiplexor3.xml
2 ms. Memory: 560128K Free: 242593K (43%)
----------------- Invoking toplevel() on ptolemy.moml.MoMLSimpleApplication@1ebcf775
----------------- Done invoking toplevel() on ptolemy.moml.MoMLSimpleApplication@1ebcf775
reloadAllAccessors: .Multiplexor3

===========================================================================================
----------------- testing Sat Jul 06 04:52:08 UTC 2019 /home/travis/build/icyphy/ptII/ptolemy/actor/lib/test/auto/MultiplexorDE.xml
----------------- Instantiating /home/travis/build/icyphy/ptII/ptolemy/actor/lib/test/auto/MultiplexorDE.xml
3 ms. Memory: 560128K Free: 234915K (42%)
----------------- Invoking toplevel() on ptolemy.moml.MoMLSimpleApplication@42748a2e
----------------- Done invoking toplevel() on ptolemy.moml.MoMLSimpleApplication@42748a2e
reloadAllAccessors: .MultiplexorDE

===========================================================================================
----------------- testing Sat Jul 06 04:52:08 UTC 2019 /home/travis/build/icyphy/ptII/ptolemy/actor/lib/test/auto/MultiportBroadcastTest.xml
----------------- Instantiating /home/travis/build/icyphy/ptII/ptolemy/actor/lib/test/auto/MultiportBroadcastTest.xml
88 ms. Memory: 560128K Free: 228771K (41%)
----------------- Invoking toplevel() on ptolemy.moml.MoMLSimpleApplication@f4b9598
----------------- Done invoking toplevel() on ptolemy.moml.MoMLSimpleApplication@f4b9598
reloadAllAccessors: .MultiportBroadcastTest

===========================================================================================
----------------- testing Sat Jul 06 04:52:08 UTC 2019 /home/travis/build/icyphy/ptII/ptolemy/actor/lib/test/auto/MultiportOutHangDuringGetWidth.xml
----------------- Instantiating /home/travis/build/icyphy/ptII/ptolemy/actor/lib/test/auto/MultiportOutHangDuringGetWidth.xml
5 ms. Memory: 560128K Free: 216963K (39%)
----------------- Invoking toplevel() on ptolemy.moml.MoMLSimpleApplication@5eed26c1
----------------- Done invoking toplevel() on ptolemy.moml.MoMLSimpleApplication@5eed26c1
reloadAllAccessors: .MultiportOutHangDuringGetWidth

===========================================================================================
----------------- testing Sat Jul 06 04:52:08 UTC 2019 /home/travis/build/icyphy/ptII/ptolemy/actor/lib/test/auto/NilToken.xml
----------------- Instantiating /home/travis/build/icyphy/ptII/ptolemy/actor/lib/test/auto/NilToken.xml
1 ms. Memory: 560128K Free: 212897K (38%)
----------------- Invoking toplevel() on ptolemy.moml.MoMLSimpleApplication@5f81a338
----------------- Done invoking toplevel() on ptolemy.moml.MoMLSimpleApplication@5f81a338
reloadAllAccessors: .NilToken

===========================================================================================
----------------- testing Sat Jul 06 04:52:08 UTC 2019 /home/travis/build/icyphy/ptII/ptolemy/actor/lib/test/auto/NilTokenNonStrictTest.xml
----------------- Instantiating /home/travis/build/icyphy/ptII/ptolemy/actor/lib/test/auto/NilTokenNonStrictTest.xml
2 ms. Memory: 560128K Free: 207777K (37%)
----------------- Invoking toplevel() on ptolemy.moml.MoMLSimpleApplication@3c15db24
----------------- Done invoking toplevel() on ptolemy.moml.MoMLSimpleApplication@3c15db24
reloadAllAccessors: .NilTokenNonStrictTest

===========================================================================================
----------------- testing Sat Jul 06 04:52:08 UTC 2019 /home/travis/build/icyphy/ptII/ptolemy/actor/lib/test/auto/NilTokenRecord.xml
----------------- Instantiating /home/travis/build/icyphy/ptII/ptolemy/actor/lib/test/auto/NilTokenRecord.xml
5 ms. Memory: 560128K Free: 201123K (36%)
----------------- Invoking toplevel() on ptolemy.moml.MoMLSimpleApplication@45ca5f59
----------------- Done invoking toplevel() on ptolemy.moml.MoMLSimpleApplication@45ca5f59
reloadAllAccessors: .NilTokenRecord

===========================================================================================
----------------- testing Sat Jul 06 04:52:08 UTC 2019 /home/travis/build/icyphy/ptII/ptolemy/actor/lib/test/auto/NilTokenTypeTest.xml
----------------- Instantiating /home/travis/build/icyphy/ptII/ptolemy/actor/lib/test/auto/NilTokenTypeTest.xml
4 ms. Memory: 560128K Free: 191393K (34%)
----------------- Invoking toplevel() on ptolemy.moml.MoMLSimpleApplication@196c864
----------------- Done invoking toplevel() on ptolemy.moml.MoMLSimpleApplication@196c864
reloadAllAccessors: .NilTokenTypeTest

===========================================================================================
----------------- testing Sat Jul 06 04:52:08 UTC 2019 /home/travis/build/icyphy/ptII/ptolemy/actor/lib/test/auto/ObjectToken1.xml
----------------- Instantiating /home/travis/build/icyphy/ptII/ptolemy/actor/lib/test/auto/ObjectToken1.xml
1 ms. Memory: 560128K Free: 187297K (33%)
----------------- Invoking toplevel() on ptolemy.moml.MoMLSimpleApplication@57cfe8ed
----------------- Done invoking toplevel() on ptolemy.moml.MoMLSimpleApplication@57cfe8ed
reloadAllAccessors: .ObjectToken1

===========================================================================================
----------------- testing Sat Jul 06 04:52:08 UTC 2019 /home/travis/build/icyphy/ptII/ptolemy/actor/lib/test/auto/OrderedMerge.xml
----------------- Instantiating /home/travis/build/icyphy/ptII/ptolemy/actor/lib/test/auto/OrderedMerge.xml
7 ms. Memory: 560128K Free: 181667K (32%)
----------------- Invoking toplevel() on ptolemy.moml.MoMLSimpleApplication@597b4069
----------------- Done invoking toplevel() on ptolemy.moml.MoMLSimpleApplication@597b4069
reloadAllAccessors: .OrderedMerge

===========================================================================================
----------------- testing Sat Jul 06 04:52:08 UTC 2019 /home/travis/build/icyphy/ptII/ptolemy/actor/lib/test/auto/OrderedRecordDisassembler.xml
----------------- Instantiating /home/travis/build/icyphy/ptII/ptolemy/actor/lib/test/auto/OrderedRecordDisassembler.xml
3 ms. Memory: 560128K Free: 506173K (90%)
----------------- Invoking toplevel() on ptolemy.moml.MoMLSimpleApplication@27ac850
----------------- Done invoking toplevel() on ptolemy.moml.MoMLSimpleApplication@27ac850
reloadAllAccessors: .OrderedRecordDisassembler

===========================================================================================
----------------- testing Sat Jul 06 04:52:08 UTC 2019 /home/travis/build/icyphy/ptII/ptolemy/actor/lib/test/auto/OrderedRecordDisassembler2.xml
----------------- Instantiating /home/travis/build/icyphy/ptII/ptolemy/actor/lib/test/auto/OrderedRecordDisassembler2.xml
5 ms. Memory: 560128K Free: 498509K (89%)
----------------- Invoking toplevel() on ptolemy.moml.MoMLSimpleApplication@44e663cf
----------------- Done invoking toplevel() on ptolemy.moml.MoMLSimpleApplication@44e663cf
reloadAllAccessors: .OrderedRecordDisassembler2

===========================================================================================
----------------- testing Sat Jul 06 04:52:08 UTC 2019 /home/travis/build/icyphy/ptII/ptolemy/actor/lib/test/auto/OrderedRecordUpdater.xml
----------------- Instantiating /home/travis/build/icyphy/ptII/ptolemy/actor/lib/test/auto/OrderedRecordUpdater.xml
2 ms. Memory: 560128K Free: 493389K (88%)
----------------- Invoking toplevel() on ptolemy.moml.MoMLSimpleApplication@4f04f8a6
----------------- Done invoking toplevel() on ptolemy.moml.MoMLSimpleApplication@4f04f8a6
reloadAllAccessors: .RecordUpdater

===========================================================================================
----------------- testing Sat Jul 06 04:52:08 UTC 2019 /home/travis/build/icyphy/ptII/ptolemy/actor/lib/test/auto/OrderedRecordUpdater2.xml
----------------- Instantiating /home/travis/build/icyphy/ptII/ptolemy/actor/lib/test/auto/OrderedRecordUpdater2.xml
3 ms. Memory: 560128K Free: 488779K (87%)
----------------- Invoking toplevel() on ptolemy.moml.MoMLSimpleApplication@568a69a0
----------------- Done invoking toplevel() on ptolemy.moml.MoMLSimpleApplication@568a69a0
reloadAllAccessors: .RecordUpdater2

===========================================================================================
----------------- testing Sat Jul 06 04:52:08 UTC 2019 /home/travis/build/icyphy/ptII/ptolemy/actor/lib/test/auto/PhaseUnwrap.xml
----------------- Instantiating /home/travis/build/icyphy/ptII/ptolemy/actor/lib/test/auto/PhaseUnwrap.xml
1 ms. Memory: 560128K Free: 484173K (86%)
----------------- Invoking toplevel() on ptolemy.moml.MoMLSimpleApplication@6703ffe3
----------------- Done invoking toplevel() on ptolemy.moml.MoMLSimpleApplication@6703ffe3
reloadAllAccessors: .PhaseUnwrap

===========================================================================================
----------------- testing Sat Jul 06 04:52:08 UTC 2019 /home/travis/build/icyphy/ptII/ptolemy/actor/lib/test/auto/PoissonClock.xml
----------------- Instantiating /home/travis/build/icyphy/ptII/ptolemy/actor/lib/test/auto/PoissonClock.xml
2 ms. Memory: 560128K Free: 480077K (86%)
----------------- Invoking toplevel() on ptolemy.moml.MoMLSimpleApplication@2035b49e
----------------- Done invoking toplevel() on ptolemy.moml.MoMLSimpleApplication@2035b49e
reloadAllAccessors: .PoissonClock

===========================================================================================
----------------- testing Sat Jul 06 04:52:08 UTC 2019 /home/travis/build/icyphy/ptII/ptolemy/actor/lib/test/auto/PoissonClock2.xml
----------------- Instantiating /home/travis/build/icyphy/ptII/ptolemy/actor/lib/test/auto/PoissonClock2.xml
1 ms. Memory: 560128K Free: 475981K (85%)
----------------- Invoking toplevel() on ptolemy.moml.MoMLSimpleApplication@adf6bac
----------------- Done invoking toplevel() on ptolemy.moml.MoMLSimpleApplication@adf6bac
reloadAllAccessors: .PoissonClock2

===========================================================================================
----------------- testing Sat Jul 06 04:52:08 UTC 2019 /home/travis/build/icyphy/ptII/ptolemy/actor/lib/test/auto/PoissonClock3.xml
----------------- Instantiating /home/travis/build/icyphy/ptII/ptolemy/actor/lib/test/auto/PoissonClock3.xml
1 ms. Memory: 560128K Free: 471371K (84%)
----------------- Invoking toplevel() on ptolemy.moml.MoMLSimpleApplication@6eb88d30
----------------- Done invoking toplevel() on ptolemy.moml.MoMLSimpleApplication@6eb88d30
reloadAllAccessors: .PoissonClock3

===========================================================================================
----------------- testing Sat Jul 06 04:52:08 UTC 2019 /home/travis/build/icyphy/ptII/ptolemy/actor/lib/test/auto/PubSubWithInitialTokens.xml
----------------- Instantiating /home/travis/build/icyphy/ptII/ptolemy/actor/lib/test/auto/PubSubWithInitialTokens.xml
2 ms. Memory: 560128K Free: 465741K (83%)
----------------- Invoking toplevel() on ptolemy.moml.MoMLSimpleApplication@4f99eaeb
----------------- Done invoking toplevel() on ptolemy.moml.MoMLSimpleApplication@4f99eaeb
reloadAllAccessors: .PubSubWithInitialTokens

===========================================================================================
----------------- testing Sat Jul 06 04:52:08 UTC 2019 /home/travis/build/icyphy/ptII/ptolemy/actor/lib/test/auto/PubSubWithInitialTokens2.xml
----------------- Instantiating /home/travis/build/icyphy/ptII/ptolemy/actor/lib/test/auto/PubSubWithInitialTokens2.xml
2 ms. Memory: 560128K Free: 459597K (82%)
----------------- Invoking toplevel() on ptolemy.moml.MoMLSimpleApplication@4cb498de
----------------- Done invoking toplevel() on ptolemy.moml.MoMLSimpleApplication@4cb498de
reloadAllAccessors: .PubSubWithInitialTokens2

===========================================================================================
----------------- testing Sat Jul 06 04:52:08 UTC 2019 /home/travis/build/icyphy/ptII/ptolemy/actor/lib/test/auto/PublisherClassNoParameter.xml
----------------- Instantiating /home/travis/build/icyphy/ptII/ptolemy/actor/lib/test/auto/PublisherClassNoParameter.xml
5 ms. Memory: 560128K Free: 449357K (80%)
----------------- Invoking toplevel() on ptolemy.moml.MoMLSimpleApplication@47c9f561
----------------- Done invoking toplevel() on ptolemy.moml.MoMLSimpleApplication@47c9f561
reloadAllAccessors: .PublisherClassNoParameter

===========================================================================================
----------------- testing Sat Jul 06 04:52:08 UTC 2019 /home/travis/build/icyphy/ptII/ptolemy/actor/lib/test/auto/PublisherClassParameter.xml
----------------- Instantiating /home/travis/build/icyphy/ptII/ptolemy/actor/lib/test/auto/PublisherClassParameter.xml
2 ms. Memory: 560128K Free: 438589K (78%)
----------------- Invoking toplevel() on ptolemy.moml.MoMLSimpleApplication@76be45a1
----------------- Done invoking toplevel() on ptolemy.moml.MoMLSimpleApplication@76be45a1
reloadAllAccessors: .PublisherClassParameter

===========================================================================================
----------------- testing Sat Jul 06 04:52:08 UTC 2019 /home/travis/build/icyphy/ptII/ptolemy/actor/lib/test/auto/PublisherNonStrictTest.xml
----------------- Instantiating /home/travis/build/icyphy/ptII/ptolemy/actor/lib/test/auto/PublisherNonStrictTest.xml
3 ms. Memory: 560128K Free: 430925K (77%)
----------------- Invoking toplevel() on ptolemy.moml.MoMLSimpleApplication@704f7829
----------------- Done invoking toplevel() on ptolemy.moml.MoMLSimpleApplication@704f7829
reloadAllAccessors: .PublisherNonStrictTest

===========================================================================================
----------------- testing Sat Jul 06 04:52:08 UTC 2019 /home/travis/build/icyphy/ptII/ptolemy/actor/lib/test/auto/PublisherPort1.xml
----------------- Instantiating /home/travis/build/icyphy/ptII/ptolemy/actor/lib/test/auto/PublisherPort1.xml
3 ms. Memory: 560128K Free: 425261K (76%)
----------------- Invoking toplevel() on ptolemy.moml.MoMLSimpleApplication@4273922b
----------------- Done invoking toplevel() on ptolemy.moml.MoMLSimpleApplication@4273922b
reloadAllAccessors: .PublisherPort1

===========================================================================================
----------------- testing Sat Jul 06 04:52:08 UTC 2019 /home/travis/build/icyphy/ptII/ptolemy/actor/lib/test/auto/PublisherPort2.xml
----------------- Instantiating /home/travis/build/icyphy/ptII/ptolemy/actor/lib/test/auto/PublisherPort2.xml
2 ms. Memory: 560128K Free: 420171K (75%)
----------------- Invoking toplevel() on ptolemy.moml.MoMLSimpleApplication@6b9e683f
----------------- Done invoking toplevel() on ptolemy.moml.MoMLSimpleApplication@6b9e683f
reloadAllAccessors: .PublisherPort2

===========================================================================================
----------------- testing Sat Jul 06 04:52:08 UTC 2019 /home/travis/build/icyphy/ptII/ptolemy/actor/lib/test/auto/PublisherPort3.xml
----------------- Instantiating /home/travis/build/icyphy/ptII/ptolemy/actor/lib/test/auto/PublisherPort3.xml
15 ms. Memory: 560128K Free: 413517K (74%)
----------------- Invoking toplevel() on ptolemy.moml.MoMLSimpleApplication@32900f60
----------------- Done invoking toplevel() on ptolemy.moml.MoMLSimpleApplication@32900f60
reloadAllAccessors: .PublisherPort3

===========================================================================================
----------------- testing Sat Jul 06 04:52:08 UTC 2019 /home/travis/build/icyphy/ptII/ptolemy/actor/lib/test/auto/PublisherPort4.xml
----------------- Instantiating /home/travis/build/icyphy/ptII/ptolemy/actor/lib/test/auto/PublisherPort4.xml
2 ms. Memory: 560128K Free: 407877K (73%)
----------------- Invoking toplevel() on ptolemy.moml.MoMLSimpleApplication@221b3fbb
----------------- Done invoking toplevel() on ptolemy.moml.MoMLSimpleApplication@221b3fbb
reloadAllAccessors: .PublisherPort4

===========================================================================================
----------------- testing Sat Jul 06 04:52:08 UTC 2019 /home/travis/build/icyphy/ptII/ptolemy/actor/lib/test/auto/PublisherPort5.xml
----------------- Instantiating /home/travis/build/icyphy/ptII/ptolemy/actor/lib/test/auto/PublisherPort5.xml
3 ms. Memory: 560128K Free: 400205K (71%)
----------------- Invoking toplevel() on ptolemy.moml.MoMLSimpleApplication@511ec7cc
----------------- Done invoking toplevel() on ptolemy.moml.MoMLSimpleApplication@511ec7cc
reloadAllAccessors: .PublisherPort5

===========================================================================================
----------------- testing Sat Jul 06 04:52:08 UTC 2019 /home/travis/build/icyphy/ptII/ptolemy/actor/lib/test/auto/PublisherPort5LookAlike.xml
----------------- Instantiating /home/travis/build/icyphy/ptII/ptolemy/actor/lib/test/auto/PublisherPort5LookAlike.xml
8 ms. Memory: 560128K Free: 392523K (70%)
----------------- Invoking toplevel() on ptolemy.moml.MoMLSimpleApplication@13da6cd8
----------------- Done invoking toplevel() on ptolemy.moml.MoMLSimpleApplication@13da6cd8
reloadAllAccessors: .PublisherPort5LookAlike

===========================================================================================
----------------- testing Sat Jul 06 04:52:08 UTC 2019 /home/travis/build/icyphy/ptII/ptolemy/actor/lib/test/auto/PublisherPort6.xml
----------------- Instantiating /home/travis/build/icyphy/ptII/ptolemy/actor/lib/test/auto/PublisherPort6.xml
2 ms. Memory: 560128K Free: 385869K (69%)
----------------- Invoking toplevel() on ptolemy.moml.MoMLSimpleApplication@375935f8
----------------- Done invoking toplevel() on ptolemy.moml.MoMLSimpleApplication@375935f8
reloadAllAccessors: .PublisherPort6

===========================================================================================
----------------- testing Sat Jul 06 04:52:08 UTC 2019 /home/travis/build/icyphy/ptII/ptolemy/actor/lib/test/auto/PublisherPort7.xml
----------------- Instantiating /home/travis/build/icyphy/ptII/ptolemy/actor/lib/test/auto/PublisherPort7.xml
4 ms. Memory: 560128K Free: 378187K (68%)
----------------- Invoking toplevel() on ptolemy.moml.MoMLSimpleApplication@163032f6
----------------- Done invoking toplevel() on ptolemy.moml.MoMLSimpleApplication@163032f6
reloadAllAccessors: .PublisherPort7

===========================================================================================
----------------- testing Sat Jul 06 04:52:08 UTC 2019 /home/travis/build/icyphy/ptII/ptolemy/actor/lib/test/auto/PublisherPort8.xml
----------------- Instantiating /home/travis/build/icyphy/ptII/ptolemy/actor/lib/test/auto/PublisherPort8.xml
4 ms. Memory: 560128K Free: 369485K (66%)
----------------- Invoking toplevel() on ptolemy.moml.MoMLSimpleApplication@18047fd7
----------------- Done invoking toplevel() on ptolemy.moml.MoMLSimpleApplication@18047fd7
reloadAllAccessors: .PublisherPort8

===========================================================================================
----------------- testing Sat Jul 06 04:52:08 UTC 2019 /home/travis/build/icyphy/ptII/ptolemy/actor/lib/test/auto/PublisherPortSubscriberChannelVariablesAOC2.xml
----------------- Instantiating /home/travis/build/icyphy/ptII/ptolemy/actor/lib/test/auto/PublisherPortSubscriberChannelVariablesAOC2.xml
3 ms. Memory: 560128K Free: 352077K (63%)
----------------- Invoking toplevel() on ptolemy.moml.MoMLSimpleApplication@729516fb
----------------- Done invoking toplevel() on ptolemy.moml.MoMLSimpleApplication@729516fb
reloadAllAccessors: .PublisherPortSubscriberChannelVariablesAOC2

===========================================================================================
----------------- testing Sat Jul 06 04:52:08 UTC 2019 /home/travis/build/icyphy/ptII/ptolemy/actor/lib/test/auto/PublisherPortSubscriberOpaqueWidthInference.xml
----------------- Instantiating /home/travis/build/icyphy/ptII/ptolemy/actor/lib/test/auto/PublisherPortSubscriberOpaqueWidthInference.xml
4 ms. Memory: 560128K Free: 343885K (61%)
----------------- Invoking toplevel() on ptolemy.moml.MoMLSimpleApplication@3bc117ae
----------------- Done invoking toplevel() on ptolemy.moml.MoMLSimpleApplication@3bc117ae
reloadAllAccessors: .PublisherPortSubscriberOpaqueWidthInference

===========================================================================================
----------------- testing Sat Jul 06 04:52:08 UTC 2019 /home/travis/build/icyphy/ptII/ptolemy/actor/lib/test/auto/PublisherPortSubscriberPortAdjacent.xml
----------------- Instantiating /home/travis/build/icyphy/ptII/ptolemy/actor/lib/test/auto/PublisherPortSubscriberPortAdjacent.xml
1 ms. Memory: 560128K Free: 336203K (60%)
----------------- Invoking toplevel() on ptolemy.moml.MoMLSimpleApplication@595f9cca
----------------- Done invoking toplevel() on ptolemy.moml.MoMLSimpleApplication@595f9cca
reloadAllAccessors: .PublisherPortSubscriberPortAdjacent

===========================================================================================
----------------- testing Sat Jul 06 04:52:08 UTC 2019 /home/travis/build/icyphy/ptII/ptolemy/actor/lib/test/auto/PublisherPortSubscriberPortExpression.xml
----------------- Instantiating /home/travis/build/icyphy/ptII/ptolemy/actor/lib/test/auto/PublisherPortSubscriberPortExpression.xml
4 ms. Memory: 560128K Free: 328525K (59%)
----------------- Invoking toplevel() on ptolemy.moml.MoMLSimpleApplication@10b57919
----------------- Done invoking toplevel() on ptolemy.moml.MoMLSimpleApplication@10b57919
reloadAllAccessors: .PublisherPortSubscriberPortExpression

===========================================================================================
----------------- testing Sat Jul 06 04:52:08 UTC 2019 /home/travis/build/icyphy/ptII/ptolemy/actor/lib/test/auto/PublisherPortSubscriberPortOpaqueD3Reverse.xml
----------------- Instantiating /home/travis/build/icyphy/ptII/ptolemy/actor/lib/test/auto/PublisherPortSubscriberPortOpaqueD3Reverse.xml
6 ms. Memory: 560128K Free: 318285K (57%)
----------------- Invoking toplevel() on ptolemy.moml.MoMLSimpleApplication@2d6d4216
----------------- Done invoking toplevel() on ptolemy.moml.MoMLSimpleApplication@2d6d4216
reloadAllAccessors: .PublisherPortSubscriberPortOpaqueD3Reverse

===========================================================================================
----------------- testing Sat Jul 06 04:52:08 UTC 2019 /home/travis/build/icyphy/ptII/ptolemy/actor/lib/test/auto/PublisherPortSubscriberPortOpaqueWidthInference.xml
----------------- Instantiating /home/travis/build/icyphy/ptII/ptolemy/actor/lib/test/auto/PublisherPortSubscriberPortOpaqueWidthInference.xml
4 ms. Memory: 560128K Free: 310589K (55%)
----------------- Invoking toplevel() on ptolemy.moml.MoMLSimpleApplication@118d373
----------------- Done invoking toplevel() on ptolemy.moml.MoMLSimpleApplication@118d373
reloadAllAccessors: .PublisherPortSubscriberPortOpaqueWidthInference

===========================================================================================
----------------- testing Sat Jul 06 04:52:08 UTC 2019 /home/travis/build/icyphy/ptII/ptolemy/actor/lib/test/auto/PublisherPortToplevelSubscriberPortAOC.xml
----------------- Instantiating /home/travis/build/icyphy/ptII/ptolemy/actor/lib/test/auto/PublisherPortToplevelSubscriberPortAOC.xml
.PublisherPortToplevelSubscriberPortAOC.TestExceptionAttribute: initialize() was not invoked, but wrapup() was.  This is unusual, but not always a problem.  For example, exporting JNLP will do this.
3 ms. Memory: 560128K Free: 304973K (54%)
----------------- Invoking toplevel() on ptolemy.moml.MoMLSimpleApplication@587479a2
----------------- Done invoking toplevel() on ptolemy.moml.MoMLSimpleApplication@587479a2
reloadAllAccessors: .PublisherPortToplevelSubscriberPortAOC

===========================================================================================
----------------- testing Sat Jul 06 04:52:08 UTC 2019 /home/travis/build/icyphy/ptII/ptolemy/actor/lib/test/auto/PublisherSubscriber.xml
----------------- Instantiating /home/travis/build/icyphy/ptII/ptolemy/actor/lib/test/auto/PublisherSubscriber.xml
3 ms. Memory: 560128K Free: 297805K (53%)
----------------- Invoking toplevel() on ptolemy.moml.MoMLSimpleApplication@77a2d570
----------------- Done invoking toplevel() on ptolemy.moml.MoMLSimpleApplication@77a2d570
reloadAllAccessors: .PublisherSubscriber

===========================================================================================
----------------- testing Sat Jul 06 04:52:09 UTC 2019 /home/travis/build/icyphy/ptII/ptolemy/actor/lib/test/auto/PublisherSubscriber10.xml
----------------- Instantiating /home/travis/build/icyphy/ptII/ptolemy/actor/lib/test/auto/PublisherSubscriber10.xml
6 ms. Memory: 560128K Free: 288075K (51%)
----------------- Invoking toplevel() on ptolemy.moml.MoMLSimpleApplication@7d64ea3f
----------------- Done invoking toplevel() on ptolemy.moml.MoMLSimpleApplication@7d64ea3f
reloadAllAccessors: .PublisherSubscriber10

===========================================================================================
----------------- testing Sat Jul 06 04:52:09 UTC 2019 /home/travis/build/icyphy/ptII/ptolemy/actor/lib/test/auto/PublisherSubscriber10InitialOutputs.xml
----------------- Instantiating /home/travis/build/icyphy/ptII/ptolemy/actor/lib/test/auto/PublisherSubscriber10InitialOutputs.xml
13 ms. Memory: 560128K Free: 278859K (50%)
----------------- Invoking toplevel() on ptolemy.moml.MoMLSimpleApplication@759d3afe
----------------- Done invoking toplevel() on ptolemy.moml.MoMLSimpleApplication@759d3afe
reloadAllAccessors: .PublisherSubscriber10InitialOutputs

===========================================================================================
----------------- testing Sat Jul 06 04:52:09 UTC 2019 /home/travis/build/icyphy/ptII/ptolemy/actor/lib/test/auto/PublisherSubscriber11.xml
----------------- Instantiating /home/travis/build/icyphy/ptII/ptolemy/actor/lib/test/auto/PublisherSubscriber11.xml
3 ms. Memory: 560128K Free: 272205K (49%)
----------------- Invoking toplevel() on ptolemy.moml.MoMLSimpleApplication@481d2aec
----------------- Done invoking toplevel() on ptolemy.moml.MoMLSimpleApplication@481d2aec
reloadAllAccessors: .PublisherSubscriber11

===========================================================================================
----------------- testing Sat Jul 06 04:52:09 UTC 2019 /home/travis/build/icyphy/ptII/ptolemy/actor/lib/test/auto/PublisherSubscriber12.xml
----------------- Instantiating /home/travis/build/icyphy/ptII/ptolemy/actor/lib/test/auto/PublisherSubscriber12.xml
5 ms. Memory: 560128K Free: 265037K (47%)
----------------- Invoking toplevel() on ptolemy.moml.MoMLSimpleApplication@a907db1
----------------- Done invoking toplevel() on ptolemy.moml.MoMLSimpleApplication@a907db1
reloadAllAccessors: .PublisherSubscriber12

===========================================================================================
----------------- testing Sat Jul 06 04:52:09 UTC 2019 /home/travis/build/icyphy/ptII/ptolemy/actor/lib/test/auto/PublisherSubscriber13.xml
----------------- Instantiating /home/travis/build/icyphy/ptII/ptolemy/actor/lib/test/auto/PublisherSubscriber13.xml
2 ms. Memory: 560128K Free: 259403K (46%)
----------------- Invoking toplevel() on ptolemy.moml.MoMLSimpleApplication@1d306b64
----------------- Done invoking toplevel() on ptolemy.moml.MoMLSimpleApplication@1d306b64
reloadAllAccessors: .PublisherSubscriber13

===========================================================================================
----------------- testing Sat Jul 06 04:52:09 UTC 2019 /home/travis/build/icyphy/ptII/ptolemy/actor/lib/test/auto/PublisherSubscriber14.xml
----------------- Instantiating /home/travis/build/icyphy/ptII/ptolemy/actor/lib/test/auto/PublisherSubscriber14.xml
2 ms. Memory: 560128K Free: 250701K (45%)
----------------- Invoking toplevel() on ptolemy.moml.MoMLSimpleApplication@480e9c0
----------------- Done invoking toplevel() on ptolemy.moml.MoMLSimpleApplication@480e9c0
reloadAllAccessors: .PublisherSubscriber14

===========================================================================================
----------------- testing Sat Jul 06 04:52:09 UTC 2019 /home/travis/build/icyphy/ptII/ptolemy/actor/lib/test/auto/PublisherSubscriber2.xml
----------------- Instantiating /home/travis/build/icyphy/ptII/ptolemy/actor/lib/test/auto/PublisherSubscriber2.xml
3 ms. Memory: 560128K Free: 245053K (44%)
----------------- Invoking toplevel() on ptolemy.moml.MoMLSimpleApplication@6cf50ec8
----------------- Done invoking toplevel() on ptolemy.moml.MoMLSimpleApplication@6cf50ec8
reloadAllAccessors: .PublisherSubscriber2

===========================================================================================
----------------- testing Sat Jul 06 04:52:09 UTC 2019 /home/travis/build/icyphy/ptII/ptolemy/actor/lib/test/auto/PublisherSubscriber3.xml
----------------- Instantiating /home/travis/build/icyphy/ptII/ptolemy/actor/lib/test/auto/PublisherSubscriber3.xml
5 ms. Memory: 560128K Free: 239437K (43%)
----------------- Invoking toplevel() on ptolemy.moml.MoMLSimpleApplication@4988b193
----------------- Done invoking toplevel() on ptolemy.moml.MoMLSimpleApplication@4988b193
reloadAllAccessors: .PublisherSubscriber3

===========================================================================================
----------------- testing Sat Jul 06 04:52:09 UTC 2019 /home/travis/build/icyphy/ptII/ptolemy/actor/lib/test/auto/PublisherSubscriber4.xml
----------------- Instantiating /home/travis/build/icyphy/ptII/ptolemy/actor/lib/test/auto/PublisherSubscriber4.xml
2 ms. Memory: 560128K Free: 234317K (42%)
----------------- Invoking toplevel() on ptolemy.moml.MoMLSimpleApplication@409819fe
----------------- Done invoking toplevel() on ptolemy.moml.MoMLSimpleApplication@409819fe
reloadAllAccessors: .PublisherSubscriber4

===========================================================================================
----------------- testing Sat Jul 06 04:52:09 UTC 2019 /home/travis/build/icyphy/ptII/ptolemy/actor/lib/test/auto/PublisherSubscriber5.xml
----------------- Instantiating /home/travis/build/icyphy/ptII/ptolemy/actor/lib/test/auto/PublisherSubscriber5.xml
3 ms. Memory: 560128K Free: 227645K (41%)
----------------- Invoking toplevel() on ptolemy.moml.MoMLSimpleApplication@5160b7c3
----------------- Done invoking toplevel() on ptolemy.moml.MoMLSimpleApplication@5160b7c3
reloadAllAccessors: .PublisherSubscriber5

===========================================================================================
----------------- testing Sat Jul 06 04:52:09 UTC 2019 /home/travis/build/icyphy/ptII/ptolemy/actor/lib/test/auto/PublisherSubscriber6.xml
----------------- Instantiating /home/travis/build/icyphy/ptII/ptolemy/actor/lib/test/auto/PublisherSubscriber6.xml
4 ms. Memory: 560128K Free: 220485K (39%)
----------------- Invoking toplevel() on ptolemy.moml.MoMLSimpleApplication@56a8ce2f
----------------- Done invoking toplevel() on ptolemy.moml.MoMLSimpleApplication@56a8ce2f
reloadAllAccessors: .PublisherSubscriber6

===========================================================================================
----------------- testing Sat Jul 06 04:52:09 UTC 2019 /home/travis/build/icyphy/ptII/ptolemy/actor/lib/test/auto/PublisherSubscriber7.xml
----------------- Instantiating /home/travis/build/icyphy/ptII/ptolemy/actor/lib/test/auto/PublisherSubscriber7.xml
8 ms. Memory: 560128K Free: 213837K (38%)
----------------- Invoking toplevel() on ptolemy.moml.MoMLSimpleApplication@72c75b35
----------------- Done invoking toplevel() on ptolemy.moml.MoMLSimpleApplication@72c75b35
reloadAllAccessors: .PublisherSubscriber7

===========================================================================================
----------------- testing Sat Jul 06 04:52:09 UTC 2019 /home/travis/build/icyphy/ptII/ptolemy/actor/lib/test/auto/PublisherSubscriber8.xml
----------------- Instantiating /home/travis/build/icyphy/ptII/ptolemy/actor/lib/test/auto/PublisherSubscriber8.xml
24 ms. Memory: 560128K Free: 202059K (36%)
----------------- Invoking toplevel() on ptolemy.moml.MoMLSimpleApplication@240b33b8
----------------- Done invoking toplevel() on ptolemy.moml.MoMLSimpleApplication@240b33b8
reloadAllAccessors: .PublisherSubscriber8

===========================================================================================
----------------- testing Sat Jul 06 04:52:09 UTC 2019 /home/travis/build/icyphy/ptII/ptolemy/actor/lib/test/auto/PublisherSubscriber9.xml
----------------- Instantiating /home/travis/build/icyphy/ptII/ptolemy/actor/lib/test/auto/PublisherSubscriber9.xml
4 ms. Memory: 560128K Free: 194877K (35%)
----------------- Invoking toplevel() on ptolemy.moml.MoMLSimpleApplication@61b7152f
----------------- Done invoking toplevel() on ptolemy.moml.MoMLSimpleApplication@61b7152f
reloadAllAccessors: .PublisherSubscriber9

===========================================================================================
----------------- testing Sat Jul 06 04:52:09 UTC 2019 /home/travis/build/icyphy/ptII/ptolemy/actor/lib/test/auto/PublisherSubscriberAdjacent.xml
----------------- Instantiating /home/travis/build/icyphy/ptII/ptolemy/actor/lib/test/auto/PublisherSubscriberAdjacent.xml
2 ms. Memory: 560128K Free: 186699K (33%)
----------------- Invoking toplevel() on ptolemy.moml.MoMLSimpleApplication@31e08b33
----------------- Done invoking toplevel() on ptolemy.moml.MoMLSimpleApplication@31e08b33
reloadAllAccessors: .PublisherSubscriberAdjacent

===========================================================================================
----------------- testing Sat Jul 06 04:52:09 UTC 2019 /home/travis/build/icyphy/ptII/ptolemy/actor/lib/test/auto/PublisherSubscriberChannelVariablesAOC2.xml
----------------- Instantiating /home/travis/build/icyphy/ptII/ptolemy/actor/lib/test/auto/PublisherSubscriberChannelVariablesAOC2.xml
8 ms. Memory: 560128K Free: 500550K (89%)
----------------- Invoking toplevel() on ptolemy.moml.MoMLSimpleApplication@67b250bf
----------------- Done invoking toplevel() on ptolemy.moml.MoMLSimpleApplication@67b250bf
reloadAllAccessors: .PublisherSubscriberChannelVariablesAOC2

===========================================================================================
----------------- testing Sat Jul 06 04:52:09 UTC 2019 /home/travis/build/icyphy/ptII/ptolemy/actor/lib/test/auto/PublisherSubscriberD3.xml
----------------- Instantiating /home/travis/build/icyphy/ptII/ptolemy/actor/lib/test/auto/PublisherSubscriberD3.xml
1 ms. Memory: 560128K Free: 492886K (88%)
----------------- Invoking toplevel() on ptolemy.moml.MoMLSimpleApplication@412c8bd2
----------------- Done invoking toplevel() on ptolemy.moml.MoMLSimpleApplication@412c8bd2
reloadAllAccessors: .PublisherSubscriberD3

===========================================================================================
----------------- testing Sat Jul 06 04:52:09 UTC 2019 /home/travis/build/icyphy/ptII/ptolemy/actor/lib/test/auto/PublisherSubscriberD3Reverse.xml
----------------- Instantiating /home/travis/build/icyphy/ptII/ptolemy/actor/lib/test/auto/PublisherSubscriberD3Reverse.xml
2 ms. Memory: 560128K Free: 486742K (87%)
----------------- Invoking toplevel() on ptolemy.moml.MoMLSimpleApplication@b99ca9f
----------------- Done invoking toplevel() on ptolemy.moml.MoMLSimpleApplication@b99ca9f
reloadAllAccessors: .PublisherSubscriberD3Reverse

===========================================================================================
----------------- testing Sat Jul 06 04:52:09 UTC 2019 /home/travis/build/icyphy/ptII/ptolemy/actor/lib/test/auto/PublisherSubscriberExpression.xml
----------------- Instantiating /home/travis/build/icyphy/ptII/ptolemy/actor/lib/test/auto/PublisherSubscriberExpression.xml
3 ms. Memory: 560128K Free: 478550K (85%)
----------------- Invoking toplevel() on ptolemy.moml.MoMLSimpleApplication@2d75925
----------------- Done invoking toplevel() on ptolemy.moml.MoMLSimpleApplication@2d75925
reloadAllAccessors: .PublisherSubscriberExpression

===========================================================================================
----------------- testing Sat Jul 06 04:52:09 UTC 2019 /home/travis/build/icyphy/ptII/ptolemy/actor/lib/test/auto/PublisherSubscriberOpaque.xml
----------------- Instantiating /home/travis/build/icyphy/ptII/ptolemy/actor/lib/test/auto/PublisherSubscriberOpaque.xml
4 ms. Memory: 560128K Free: 470358K (84%)
----------------- Invoking toplevel() on ptolemy.moml.MoMLSimpleApplication@162f6cd0
----------------- Done invoking toplevel() on ptolemy.moml.MoMLSimpleApplication@162f6cd0
reloadAllAccessors: .PublisherSubscriberOpaque

===========================================================================================
----------------- testing Sat Jul 06 04:52:09 UTC 2019 /home/travis/build/icyphy/ptII/ptolemy/actor/lib/test/auto/PublisherSubscriberOpaqueD3.xml
----------------- Instantiating /home/travis/build/icyphy/ptII/ptolemy/actor/lib/test/auto/PublisherSubscriberOpaqueD3.xml
5 ms. Memory: 560128K Free: 459094K (82%)
----------------- Invoking toplevel() on ptolemy.moml.MoMLSimpleApplication@75f0c147
----------------- Done invoking toplevel() on ptolemy.moml.MoMLSimpleApplication@75f0c147
reloadAllAccessors: .PublisherSubscriberOpaqueD3

===========================================================================================
----------------- testing Sat Jul 06 04:52:09 UTC 2019 /home/travis/build/icyphy/ptII/ptolemy/actor/lib/test/auto/PublisherSubscriberOpaqueD3Reverse.xml
----------------- Instantiating /home/travis/build/icyphy/ptII/ptolemy/actor/lib/test/auto/PublisherSubscriberOpaqueD3Reverse.xml
7 ms. Memory: 560128K Free: 448340K (80%)
----------------- Invoking toplevel() on ptolemy.moml.MoMLSimpleApplication@65b92c15
----------------- Done invoking toplevel() on ptolemy.moml.MoMLSimpleApplication@65b92c15
reloadAllAccessors: .PublisherSubscriberOpaqueD3Reverse

===========================================================================================
----------------- testing Sat Jul 06 04:52:09 UTC 2019 /home/travis/build/icyphy/ptII/ptolemy/actor/lib/test/auto/PublisherSubscriberOpaqueWidthInference.xml
----------------- Instantiating /home/travis/build/icyphy/ptII/ptolemy/actor/lib/test/auto/PublisherSubscriberOpaqueWidthInference.xml
5 ms. Memory: 560128K Free: 439638K (78%)
----------------- Invoking toplevel() on ptolemy.moml.MoMLSimpleApplication@dbc49b8
----------------- Done invoking toplevel() on ptolemy.moml.MoMLSimpleApplication@dbc49b8
reloadAllAccessors: .PublisherSubscriberOpaqueWidthInference

===========================================================================================
----------------- testing Sat Jul 06 04:52:09 UTC 2019 /home/travis/build/icyphy/ptII/ptolemy/actor/lib/test/auto/PublisherTestSubscriber.xml
----------------- Instantiating /home/travis/build/icyphy/ptII/ptolemy/actor/lib/test/auto/PublisherTestSubscriber.xml
3 ms. Memory: 560128K Free: 431950K (77%)
----------------- Invoking toplevel() on ptolemy.moml.MoMLSimpleApplication@5ffb040a
----------------- Done invoking toplevel() on ptolemy.moml.MoMLSimpleApplication@5ffb040a
reloadAllAccessors: .PublisherTestSubscriber

===========================================================================================
----------------- testing Sat Jul 06 04:52:09 UTC 2019 /home/travis/build/icyphy/ptII/ptolemy/actor/lib/test/auto/PublisherToplevelSubscriberPortAOC.xml
----------------- Instantiating /home/travis/build/icyphy/ptII/ptolemy/actor/lib/test/auto/PublisherToplevelSubscriberPortAOC.xml
1 ms. Memory: 560128K Free: 425302K (76%)
----------------- Invoking toplevel() on ptolemy.moml.MoMLSimpleApplication@b011e4b
----------------- Done invoking toplevel() on ptolemy.moml.MoMLSimpleApplication@b011e4b
reloadAllAccessors: .PublisherToplevelSubscriberPortAOC

===========================================================================================
----------------- testing Sat Jul 06 04:52:09 UTC 2019 /home/travis/build/icyphy/ptII/ptolemy/actor/lib/test/auto/PulseFiringLimitDE.xml
----------------- Instantiating /home/travis/build/icyphy/ptII/ptolemy/actor/lib/test/auto/PulseFiringLimitDE.xml
2 ms. Memory: 560128K Free: 419158K (75%)
----------------- Invoking toplevel() on ptolemy.moml.MoMLSimpleApplication@49c98b50
----------------- Done invoking toplevel() on ptolemy.moml.MoMLSimpleApplication@49c98b50
reloadAllAccessors: .PulseFiringLimitDE

===========================================================================================
----------------- testing Sat Jul 06 04:52:09 UTC 2019 /home/travis/build/icyphy/ptII/ptolemy/actor/lib/test/auto/Ramp1.xml
----------------- Instantiating /home/travis/build/icyphy/ptII/ptolemy/actor/lib/test/auto/Ramp1.xml
1 ms. Memory: 560128K Free: 415062K (74%)
----------------- Invoking toplevel() on ptolemy.moml.MoMLSimpleApplication@3ea7c605
----------------- Done invoking toplevel() on ptolemy.moml.MoMLSimpleApplication@3ea7c605
reloadAllAccessors: .Ramp1

===========================================================================================
----------------- testing Sat Jul 06 04:52:09 UTC 2019 /home/travis/build/icyphy/ptII/ptolemy/actor/lib/test/auto/RampFiringLimitDE.xml
----------------- Instantiating /home/travis/build/icyphy/ptII/ptolemy/actor/lib/test/auto/RampFiringLimitDE.xml
2 ms. Memory: 560128K Free: 408390K (73%)
----------------- Invoking toplevel() on ptolemy.moml.MoMLSimpleApplication@70757049
----------------- Done invoking toplevel() on ptolemy.moml.MoMLSimpleApplication@70757049
reloadAllAccessors: .RampFiringLimitDE

===========================================================================================
----------------- testing Sat Jul 06 04:52:09 UTC 2019 /home/travis/build/icyphy/ptII/ptolemy/actor/lib/test/auto/RampFiringLimitSDF.xml
----------------- Instantiating /home/travis/build/icyphy/ptII/ptolemy/actor/lib/test/auto/RampFiringLimitSDF.xml
2 ms. Memory: 560128K Free: 403278K (72%)
----------------- Invoking toplevel() on ptolemy.moml.MoMLSimpleApplication@453a6979
----------------- Done invoking toplevel() on ptolemy.moml.MoMLSimpleApplication@453a6979
reloadAllAccessors: .RampFiringLimitSDF

===========================================================================================
----------------- testing Sat Jul 06 04:52:09 UTC 2019 /home/travis/build/icyphy/ptII/ptolemy/actor/lib/test/auto/RandomInteger.xml
----------------- Instantiating /home/travis/build/icyphy/ptII/ptolemy/actor/lib/test/auto/RandomInteger.xml
1 ms. Memory: 560128K Free: 399188K (71%)
----------------- Invoking toplevel() on ptolemy.moml.MoMLSimpleApplication@2497da15
----------------- Done invoking toplevel() on ptolemy.moml.MoMLSimpleApplication@2497da15
reloadAllAccessors: .RandomInteger

===========================================================================================
----------------- testing Sat Jul 06 04:52:09 UTC 2019 /home/travis/build/icyphy/ptII/ptolemy/actor/lib/test/auto/ReadFile1.xml
----------------- Instantiating /home/travis/build/icyphy/ptII/ptolemy/actor/lib/test/auto/ReadFile1.xml
1 ms. Memory: 560128K Free: 394582K (70%)
----------------- Invoking toplevel() on ptolemy.moml.MoMLSimpleApplication@1864502b
----------------- Done invoking toplevel() on ptolemy.moml.MoMLSimpleApplication@1864502b
reloadAllAccessors: .ReadFile1

===========================================================================================
----------------- testing Sat Jul 06 04:52:09 UTC 2019 /home/travis/build/icyphy/ptII/ptolemy/actor/lib/test/auto/ReadFile2.xml
----------------- Instantiating /home/travis/build/icyphy/ptII/ptolemy/actor/lib/test/auto/ReadFile2.xml
1 ms. Memory: 560128K Free: 390486K (70%)
----------------- Invoking toplevel() on ptolemy.moml.MoMLSimpleApplication@17eb0af6
----------------- Done invoking toplevel() on ptolemy.moml.MoMLSimpleApplication@17eb0af6
reloadAllAccessors: .ReadFile2

===========================================================================================
----------------- testing Sat Jul 06 04:52:09 UTC 2019 /home/travis/build/icyphy/ptII/ptolemy/actor/lib/test/auto/Reader.xml
----------------- Instantiating /home/travis/build/icyphy/ptII/ptolemy/actor/lib/test/auto/Reader.xml
actor.lib.Reader is obsolete, use actor.lib.io.ExpressionReader instead
4 ms. Memory: 560128K Free: 385876K (69%)
----------------- Invoking toplevel() on ptolemy.moml.MoMLSimpleApplication@6a8ef7dc
----------------- Done invoking toplevel() on ptolemy.moml.MoMLSimpleApplication@6a8ef7dc
reloadAllAccessors: .Reader

===========================================================================================
----------------- testing Sat Jul 06 04:52:09 UTC 2019 /home/travis/build/icyphy/ptII/ptolemy/actor/lib/test/auto/RecordAssemblerDisplayNameTest.xml
----------------- Instantiating /home/travis/build/icyphy/ptII/ptolemy/actor/lib/test/auto/RecordAssemblerDisplayNameTest.xml
3517 ms. Memory: 560128K Free: 188226K (34%)
----------------- Invoking toplevel() on ptolemy.moml.MoMLSimpleApplication@36e7beb1
----------------- Done invoking toplevel() on ptolemy.moml.MoMLSimpleApplication@36e7beb1
reloadAllAccessors: .RecordAssemblerDisplayNameTest

===========================================================================================
----------------- testing Sat Jul 06 04:52:13 UTC 2019 /home/travis/build/icyphy/ptII/ptolemy/actor/lib/test/auto/RecordAssemblerTypeError.xml
----------------- Instantiating /home/travis/build/icyphy/ptII/ptolemy/actor/lib/test/auto/RecordAssemblerTypeError.xml
17 ms. Memory: 560128K Free: 508228K (91%)
----------------- Invoking toplevel() on ptolemy.moml.MoMLSimpleApplication@78069d52
----------------- Done invoking toplevel() on ptolemy.moml.MoMLSimpleApplication@78069d52
reloadAllAccessors: .RecordAssemblerTypeError

===========================================================================================
----------------- testing Sat Jul 06 04:52:13 UTC 2019 /home/travis/build/icyphy/ptII/ptolemy/actor/lib/test/auto/RecordDisassember.xml
----------------- Instantiating /home/travis/build/icyphy/ptII/ptolemy/actor/lib/test/auto/RecordDisassember.xml
2 ms. Memory: 560128K Free: 503108K (90%)
----------------- Invoking toplevel() on ptolemy.moml.MoMLSimpleApplication@350fca32
----------------- Done invoking toplevel() on ptolemy.moml.MoMLSimpleApplication@350fca32
reloadAllAccessors: .RecordDisassember

===========================================================================================
----------------- testing Sat Jul 06 04:52:13 UTC 2019 /home/travis/build/icyphy/ptII/ptolemy/actor/lib/test/auto/RecordDisassemberDisplayNameTest.xml
----------------- Instantiating /home/travis/build/icyphy/ptII/ptolemy/actor/lib/test/auto/RecordDisassemberDisplayNameTest.xml
5 ms. Memory: 560128K Free: 495426K (88%)
----------------- Invoking toplevel() on ptolemy.moml.MoMLSimpleApplication@1426293f
----------------- Done invoking toplevel() on ptolemy.moml.MoMLSimpleApplication@1426293f
reloadAllAccessors: .RecordDisassemberDisplayNameTest

===========================================================================================
----------------- testing Sat Jul 06 04:52:13 UTC 2019 /home/travis/build/icyphy/ptII/ptolemy/actor/lib/test/auto/RecordDisassembler.xml
----------------- Instantiating /home/travis/build/icyphy/ptII/ptolemy/actor/lib/test/auto/RecordDisassembler.xml
3 ms. Memory: 560128K Free: 490276K (88%)
----------------- Invoking toplevel() on ptolemy.moml.MoMLSimpleApplication@622b32e3
----------------- Done invoking toplevel() on ptolemy.moml.MoMLSimpleApplication@622b32e3
reloadAllAccessors: .RecordDisassembler

===========================================================================================
----------------- testing Sat Jul 06 04:52:13 UTC 2019 /home/travis/build/icyphy/ptII/ptolemy/actor/lib/test/auto/RecordDisassembler2.xml
----------------- Instantiating /home/travis/build/icyphy/ptII/ptolemy/actor/lib/test/auto/RecordDisassembler2.xml
2 ms. Memory: 560128K Free: 485172K (87%)
----------------- Invoking toplevel() on ptolemy.moml.MoMLSimpleApplication@6f5ec4f8
----------------- Done invoking toplevel() on ptolemy.moml.MoMLSimpleApplication@6f5ec4f8
reloadAllAccessors: .RecordDisassembler2

===========================================================================================
----------------- testing Sat Jul 06 04:52:13 UTC 2019 /home/travis/build/icyphy/ptII/ptolemy/actor/lib/test/auto/RecordUpdater.xml
----------------- Instantiating /home/travis/build/icyphy/ptII/ptolemy/actor/lib/test/auto/RecordUpdater.xml
1 ms. Memory: 560128K Free: 480066K (86%)
----------------- Invoking toplevel() on ptolemy.moml.MoMLSimpleApplication@765ee3fe
----------------- Done invoking toplevel() on ptolemy.moml.MoMLSimpleApplication@765ee3fe
reloadAllAccessors: .RecordUpdater

===========================================================================================
----------------- testing Sat Jul 06 04:52:13 UTC 2019 /home/travis/build/icyphy/ptII/ptolemy/actor/lib/test/auto/RecordUpdater2.xml
----------------- Instantiating /home/travis/build/icyphy/ptII/ptolemy/actor/lib/test/auto/RecordUpdater2.xml
2 ms. Memory: 560128K Free: 474946K (85%)
----------------- Invoking toplevel() on ptolemy.moml.MoMLSimpleApplication@1ed1728d
----------------- Done invoking toplevel() on ptolemy.moml.MoMLSimpleApplication@1ed1728d
reloadAllAccessors: .RecordUpdater2

===========================================================================================
----------------- testing Sat Jul 06 04:52:13 UTC 2019 /home/travis/build/icyphy/ptII/ptolemy/actor/lib/test/auto/RecursiveLattice.xml
----------------- Instantiating /home/travis/build/icyphy/ptII/ptolemy/actor/lib/test/auto/RecursiveLattice.xml
2 ms. Memory: 560128K Free: 470340K (84%)
----------------- Invoking toplevel() on ptolemy.moml.MoMLSimpleApplication@64aa0680
----------------- Done invoking toplevel() on ptolemy.moml.MoMLSimpleApplication@64aa0680
reloadAllAccessors: .RecursiveLattice

===========================================================================================
----------------- testing Sat Jul 06 04:52:13 UTC 2019 /home/travis/build/icyphy/ptII/ptolemy/actor/lib/test/auto/Router.xml
----------------- Instantiating /home/travis/build/icyphy/ptII/ptolemy/actor/lib/test/auto/Router.xml
3003 ms. Memory: 560128K Free: 459076K (82%)
----------------- Invoking toplevel() on ptolemy.moml.MoMLSimpleApplication@3dd014b4
----------------- Done invoking toplevel() on ptolemy.moml.MoMLSimpleApplication@3dd014b4
reloadAllAccessors: .Router

===========================================================================================
----------------- testing Sat Jul 06 04:52:16 UTC 2019 /home/travis/build/icyphy/ptII/ptolemy/actor/lib/test/auto/Router2.xml
----------------- Instantiating /home/travis/build/icyphy/ptII/ptolemy/actor/lib/test/auto/Router2.xml
3004 ms. Memory: 560128K Free: 448322K (80%)
----------------- Invoking toplevel() on ptolemy.moml.MoMLSimpleApplication@6f8119d4
----------------- Done invoking toplevel() on ptolemy.moml.MoMLSimpleApplication@6f8119d4
reloadAllAccessors: .Router2

===========================================================================================
----------------- testing Sat Jul 06 04:52:19 UTC 2019 /home/travis/build/icyphy/ptII/ptolemy/actor/lib/test/auto/RunningMaximum.xml
----------------- Instantiating /home/travis/build/icyphy/ptII/ptolemy/actor/lib/test/auto/RunningMaximum.xml
1 ms. Memory: 560128K Free: 443716K (79%)
----------------- Invoking toplevel() on ptolemy.moml.MoMLSimpleApplication@9721c3d
----------------- Done invoking toplevel() on ptolemy.moml.MoMLSimpleApplication@9721c3d
reloadAllAccessors: .RunningMaximum

===========================================================================================
----------------- testing Sat Jul 06 04:52:19 UTC 2019 /home/travis/build/icyphy/ptII/ptolemy/actor/lib/test/auto/RunningMinimum.xml
----------------- Instantiating /home/travis/build/icyphy/ptII/ptolemy/actor/lib/test/auto/RunningMinimum.xml
9 ms. Memory: 560128K Free: 439106K (78%)
----------------- Invoking toplevel() on ptolemy.moml.MoMLSimpleApplication@442f5ea9
----------------- Done invoking toplevel() on ptolemy.moml.MoMLSimpleApplication@442f5ea9
reloadAllAccessors: .RunningMinimum

===========================================================================================
----------------- testing Sat Jul 06 04:52:19 UTC 2019 /home/travis/build/icyphy/ptII/ptolemy/actor/lib/test/auto/Scale.xml
----------------- Instantiating /home/travis/build/icyphy/ptII/ptolemy/actor/lib/test/auto/Scale.xml
1 ms. Memory: 560128K Free: 434500K (78%)
----------------- Invoking toplevel() on ptolemy.moml.MoMLSimpleApplication@208bfd86
----------------- Done invoking toplevel() on ptolemy.moml.MoMLSimpleApplication@208bfd86
reloadAllAccessors: .Scale

===========================================================================================
----------------- testing Sat Jul 06 04:52:19 UTC 2019 /home/travis/build/icyphy/ptII/ptolemy/actor/lib/test/auto/Scale2.xml
----------------- Instantiating /home/travis/build/icyphy/ptII/ptolemy/actor/lib/test/auto/Scale2.xml
2 ms. Memory: 560128K Free: 429890K (77%)
----------------- Invoking toplevel() on ptolemy.moml.MoMLSimpleApplication@7828836d
----------------- Done invoking toplevel() on ptolemy.moml.MoMLSimpleApplication@7828836d
reloadAllAccessors: .Scale2

===========================================================================================
----------------- testing Sat Jul 06 04:52:19 UTC 2019 /home/travis/build/icyphy/ptII/ptolemy/actor/lib/test/auto/Scale3.xml
----------------- Instantiating /home/travis/build/icyphy/ptII/ptolemy/actor/lib/test/auto/Scale3.xml
3 ms. Memory: 560128K Free: 423236K (76%)
----------------- Invoking toplevel() on ptolemy.moml.MoMLSimpleApplication@799df1f1
----------------- Done invoking toplevel() on ptolemy.moml.MoMLSimpleApplication@799df1f1
reloadAllAccessors: .Scale3

===========================================================================================
----------------- testing Sat Jul 06 04:52:19 UTC 2019 /home/travis/build/icyphy/ptII/ptolemy/actor/lib/test/auto/ScaleArray.xml
----------------- Instantiating /home/travis/build/icyphy/ptII/ptolemy/actor/lib/test/auto/ScaleArray.xml
2 ms. Memory: 560128K Free: 418626K (75%)
----------------- Invoking toplevel() on ptolemy.moml.MoMLSimpleApplication@4482671b
----------------- Done invoking toplevel() on ptolemy.moml.MoMLSimpleApplication@4482671b
reloadAllAccessors: .ScaleArray

===========================================================================================
----------------- testing Sat Jul 06 04:52:19 UTC 2019 /home/travis/build/icyphy/ptII/ptolemy/actor/lib/test/auto/ScaleArray2.xml
----------------- Instantiating /home/travis/build/icyphy/ptII/ptolemy/actor/lib/test/auto/ScaleArray2.xml
2 ms. Memory: 560128K Free: 414020K (74%)
----------------- Invoking toplevel() on ptolemy.moml.MoMLSimpleApplication@633557b4
----------------- Done invoking toplevel() on ptolemy.moml.MoMLSimpleApplication@633557b4
reloadAllAccessors: .ScaleArray2

===========================================================================================
----------------- testing Sat Jul 06 04:52:19 UTC 2019 /home/travis/build/icyphy/ptII/ptolemy/actor/lib/test/auto/ScaleMatrix.xml
----------------- Instantiating /home/travis/build/icyphy/ptII/ptolemy/actor/lib/test/auto/ScaleMatrix.xml
120 ms. Memory: 560128K Free: 398146K (71%)
----------------- Invoking toplevel() on ptolemy.moml.MoMLSimpleApplication@56ffb2b3
----------------- Done invoking toplevel() on ptolemy.moml.MoMLSimpleApplication@56ffb2b3
reloadAllAccessors: .ScaleMatrix

===========================================================================================
----------------- testing Sat Jul 06 04:52:19 UTC 2019 /home/travis/build/icyphy/ptII/ptolemy/actor/lib/test/auto/Select.xml
----------------- Instantiating /home/travis/build/icyphy/ptII/ptolemy/actor/lib/test/auto/Select.xml
2 ms. Memory: 560128K Free: 391996K (70%)
----------------- Invoking toplevel() on ptolemy.moml.MoMLSimpleApplication@7873e60f
----------------- Done invoking toplevel() on ptolemy.moml.MoMLSimpleApplication@7873e60f
reloadAllAccessors: .Select

===========================================================================================
----------------- testing Sat Jul 06 04:52:19 UTC 2019 /home/travis/build/icyphy/ptII/ptolemy/actor/lib/test/auto/Select2.xml
----------------- Instantiating /home/travis/build/icyphy/ptII/ptolemy/actor/lib/test/auto/Select2.xml
1 ms. Memory: 560128K Free: 387396K (69%)
----------------- Invoking toplevel() on ptolemy.moml.MoMLSimpleApplication@7c540fb6
----------------- Done invoking toplevel() on ptolemy.moml.MoMLSimpleApplication@7c540fb6
reloadAllAccessors: .Select2

===========================================================================================
----------------- testing Sat Jul 06 04:52:19 UTC 2019 /home/travis/build/icyphy/ptII/ptolemy/actor/lib/test/auto/SequenceToArray2.xml
----------------- Instantiating /home/travis/build/icyphy/ptII/ptolemy/actor/lib/test/auto/SequenceToArray2.xml
100 ms. Memory: 560128K Free: 362276K (65%)
----------------- Invoking toplevel() on ptolemy.moml.MoMLSimpleApplication@536b863c
----------------- Done invoking toplevel() on ptolemy.moml.MoMLSimpleApplication@536b863c
reloadAllAccessors: .SequenceToArray2

===========================================================================================
----------------- testing Sat Jul 06 04:52:19 UTC 2019 /home/travis/build/icyphy/ptII/ptolemy/actor/lib/test/auto/SequentialClock.xml
----------------- Instantiating /home/travis/build/icyphy/ptII/ptolemy/actor/lib/test/auto/SequentialClock.xml
1 ms. Memory: 560128K Free: 358724K (64%)
----------------- Invoking toplevel() on ptolemy.moml.MoMLSimpleApplication@19fd551
----------------- Done invoking toplevel() on ptolemy.moml.MoMLSimpleApplication@19fd551
reloadAllAccessors: .SequentialClock

===========================================================================================
----------------- testing Sat Jul 06 04:52:19 UTC 2019 /home/travis/build/icyphy/ptII/ptolemy/actor/lib/test/auto/SetVariable.xml
----------------- Instantiating /home/travis/build/icyphy/ptII/ptolemy/actor/lib/test/auto/SetVariable.xml
2 ms. Memory: 560128K Free: 354114K (63%)
----------------- Invoking toplevel() on ptolemy.moml.MoMLSimpleApplication@65254301
----------------- Done invoking toplevel() on ptolemy.moml.MoMLSimpleApplication@65254301
reloadAllAccessors: .SetVariable

===========================================================================================
----------------- testing Sat Jul 06 04:52:19 UTC 2019 /home/travis/build/icyphy/ptII/ptolemy/actor/lib/test/auto/SetVariable2.xml
----------------- Instantiating /home/travis/build/icyphy/ptII/ptolemy/actor/lib/test/auto/SetVariable2.xml
4 ms. Memory: 560128K Free: 348994K (62%)
----------------- Invoking toplevel() on ptolemy.moml.MoMLSimpleApplication@67a2d18a
----------------- Done invoking toplevel() on ptolemy.moml.MoMLSimpleApplication@67a2d18a
reloadAllAccessors: .SetVariable2

===========================================================================================
----------------- testing Sat Jul 06 04:52:19 UTC 2019 /home/travis/build/icyphy/ptII/ptolemy/actor/lib/test/auto/SetVariable3.xml
----------------- Instantiating /home/travis/build/icyphy/ptII/ptolemy/actor/lib/test/auto/SetVariable3.xml
6 ms. Memory: 560128K Free: 343874K (61%)
----------------- Invoking toplevel() on ptolemy.moml.MoMLSimpleApplication@6315753b
----------------- Done invoking toplevel() on ptolemy.moml.MoMLSimpleApplication@6315753b
reloadAllAccessors: .SetVariable3

===========================================================================================
----------------- testing Sat Jul 06 04:52:19 UTC 2019 /home/travis/build/icyphy/ptII/ptolemy/actor/lib/test/auto/SetVariable4.xml
----------------- Instantiating /home/travis/build/icyphy/ptII/ptolemy/actor/lib/test/auto/SetVariable4.xml
12 ms. Memory: 560128K Free: 334148K (60%)
----------------- Invoking toplevel() on ptolemy.moml.MoMLSimpleApplication@1d015120
----------------- Done invoking toplevel() on ptolemy.moml.MoMLSimpleApplication@1d015120
reloadAllAccessors: .SetVariable4

===========================================================================================
----------------- testing Sat Jul 06 04:52:20 UTC 2019 /home/travis/build/icyphy/ptII/ptolemy/actor/lib/test/auto/SetVariable5.xml
----------------- Instantiating /home/travis/build/icyphy/ptII/ptolemy/actor/lib/test/auto/SetVariable5.xml
18 ms. Memory: 560128K Free: 324932K (58%)
----------------- Invoking toplevel() on ptolemy.moml.MoMLSimpleApplication@560ad0b5
----------------- Done invoking toplevel() on ptolemy.moml.MoMLSimpleApplication@560ad0b5
reloadAllAccessors: .SetVariable5

===========================================================================================
----------------- testing Sat Jul 06 04:52:20 UTC 2019 /home/travis/build/icyphy/ptII/ptolemy/actor/lib/test/auto/Sinewave.xml
----------------- Instantiating /home/travis/build/icyphy/ptII/ptolemy/actor/lib/test/auto/Sinewave.xml
4 ms. Memory: 560128K Free: 314692K (56%)
----------------- Invoking toplevel() on ptolemy.moml.MoMLSimpleApplication@7ee5eca9
----------------- Done invoking toplevel() on ptolemy.moml.MoMLSimpleApplication@7ee5eca9
reloadAllAccessors: .Sinewave

===========================================================================================
----------------- testing Sat Jul 06 04:52:20 UTC 2019 /home/travis/build/icyphy/ptII/ptolemy/actor/lib/test/auto/Sinewave2.xml
----------------- Instantiating /home/travis/build/icyphy/ptII/ptolemy/actor/lib/test/auto/Sinewave2.xml
7 ms. Memory: 560128K Free: 307010K (55%)
----------------- Invoking toplevel() on ptolemy.moml.MoMLSimpleApplication@1b2376e
----------------- Done invoking toplevel() on ptolemy.moml.MoMLSimpleApplication@1b2376e
reloadAllAccessors: .Sinewave2

===========================================================================================
----------------- testing Sat Jul 06 04:52:20 UTC 2019 /home/travis/build/icyphy/ptII/ptolemy/actor/lib/test/auto/Sinewave3.xml
----------------- Instantiating /home/travis/build/icyphy/ptII/ptolemy/actor/lib/test/auto/Sinewave3.xml
6 ms. Memory: 560128K Free: 298308K (53%)
----------------- Invoking toplevel() on ptolemy.moml.MoMLSimpleApplication@354f2e3d
----------------- Done invoking toplevel() on ptolemy.moml.MoMLSimpleApplication@354f2e3d
reloadAllAccessors: .Sinewave3

===========================================================================================
----------------- testing Sat Jul 06 04:52:20 UTC 2019 /home/travis/build/icyphy/ptII/ptolemy/actor/lib/test/auto/SingleEvent.xml
----------------- Instantiating /home/travis/build/icyphy/ptII/ptolemy/actor/lib/test/auto/SingleEvent.xml
1 ms. Memory: 560128K Free: 294212K (53%)
----------------- Invoking toplevel() on ptolemy.moml.MoMLSimpleApplication@202148c6
----------------- Done invoking toplevel() on ptolemy.moml.MoMLSimpleApplication@202148c6
reloadAllAccessors: .SingleEvent

===========================================================================================
----------------- testing Sat Jul 06 04:52:20 UTC 2019 /home/travis/build/icyphy/ptII/ptolemy/actor/lib/test/auto/Sleep.xml
----------------- Instantiating /home/travis/build/icyphy/ptII/ptolemy/actor/lib/test/auto/Sleep.xml
6004 ms. Memory: 560128K Free: 288540K (52%)
----------------- Invoking toplevel() on ptolemy.moml.MoMLSimpleApplication@26071094
----------------- Done invoking toplevel() on ptolemy.moml.MoMLSimpleApplication@26071094
reloadAllAccessors: .Sleep

===========================================================================================
----------------- testing Sat Jul 06 04:52:26 UTC 2019 /home/travis/build/icyphy/ptII/ptolemy/actor/lib/test/auto/SleepMultipleFire.xml
----------------- Instantiating /home/travis/build/icyphy/ptII/ptolemy/actor/lib/test/auto/SleepMultipleFire.xml
1006 ms. Memory: 560128K Free: 282948K (51%)
----------------- Invoking toplevel() on ptolemy.moml.MoMLSimpleApplication@3ec71007
----------------- Done invoking toplevel() on ptolemy.moml.MoMLSimpleApplication@3ec71007
reloadAllAccessors: .SleepMultipleFire

===========================================================================================
----------------- testing Sat Jul 06 04:52:27 UTC 2019 /home/travis/build/icyphy/ptII/ptolemy/actor/lib/test/auto/StopDE.xml
----------------- Instantiating /home/travis/build/icyphy/ptII/ptolemy/actor/lib/test/auto/StopDE.xml
4 ms. Memory: 560128K Free: 277314K (50%)
----------------- Invoking toplevel() on ptolemy.moml.MoMLSimpleApplication@55d85957
----------------- Done invoking toplevel() on ptolemy.moml.MoMLSimpleApplication@55d85957
reloadAllAccessors: .StopDE

===========================================================================================
----------------- testing Sat Jul 06 04:52:27 UTC 2019 /home/travis/build/icyphy/ptII/ptolemy/actor/lib/test/auto/StopSDF.xml
----------------- Instantiating /home/travis/build/icyphy/ptII/ptolemy/actor/lib/test/auto/StopSDF.xml
3 ms. Memory: 560128K Free: 272194K (49%)
----------------- Invoking toplevel() on ptolemy.moml.MoMLSimpleApplication@1a0ab83c
----------------- Done invoking toplevel() on ptolemy.moml.MoMLSimpleApplication@1a0ab83c
reloadAllAccessors: .StopSDF

===========================================================================================
----------------- testing Sat Jul 06 04:52:27 UTC 2019 /home/travis/build/icyphy/ptII/ptolemy/actor/lib/test/auto/StringConstant.xml
----------------- Instantiating /home/travis/build/icyphy/ptII/ptolemy/actor/lib/test/auto/StringConstant.xml
6 ms. Memory: 560128K Free: 267074K (48%)
----------------- Invoking toplevel() on ptolemy.moml.MoMLSimpleApplication@526ca4c9
----------------- Done invoking toplevel() on ptolemy.moml.MoMLSimpleApplication@526ca4c9
reloadAllAccessors: .StringConstant

===========================================================================================
----------------- testing Sat Jul 06 04:52:27 UTC 2019 /home/travis/build/icyphy/ptII/ptolemy/actor/lib/test/auto/SubscriberPortInitialValues1.xml
----------------- Instantiating /home/travis/build/icyphy/ptII/ptolemy/actor/lib/test/auto/SubscriberPortInitialValues1.xml
9 ms. Memory: 560128K Free: 258372K (46%)
----------------- Invoking toplevel() on ptolemy.moml.MoMLSimpleApplication@1d1f16e0
----------------- Done invoking toplevel() on ptolemy.moml.MoMLSimpleApplication@1d1f16e0
reloadAllAccessors: .SubscriberPortInitialValues1

===========================================================================================
----------------- testing Sat Jul 06 04:52:27 UTC 2019 /home/travis/build/icyphy/ptII/ptolemy/actor/lib/test/auto/SubscriberPortInitialValues13.xml
----------------- Instantiating /home/travis/build/icyphy/ptII/ptolemy/actor/lib/test/auto/SubscriberPortInitialValues13.xml
6 ms. Memory: 560128K Free: 245570K (44%)
----------------- Invoking toplevel() on ptolemy.moml.MoMLSimpleApplication@3cc8c053
----------------- Done invoking toplevel() on ptolemy.moml.MoMLSimpleApplication@3cc8c053
reloadAllAccessors: .SubscriberPortInitialValues13

===========================================================================================
----------------- testing Sat Jul 06 04:52:27 UTC 2019 /home/travis/build/icyphy/ptII/ptolemy/actor/lib/test/auto/SubscriberPortInitialValues14.xml
----------------- Instantiating /home/travis/build/icyphy/ptII/ptolemy/actor/lib/test/auto/SubscriberPortInitialValues14.xml
4 ms. Memory: 560128K Free: 237892K (42%)
----------------- Invoking toplevel() on ptolemy.moml.MoMLSimpleApplication@768afc99
----------------- Done invoking toplevel() on ptolemy.moml.MoMLSimpleApplication@768afc99
reloadAllAccessors: .SubscriberPortInitialValues14

===========================================================================================
----------------- testing Sat Jul 06 04:52:27 UTC 2019 /home/travis/build/icyphy/ptII/ptolemy/actor/lib/test/auto/SubscriberPortInitialValues2.xml
----------------- Instantiating /home/travis/build/icyphy/ptII/ptolemy/actor/lib/test/auto/SubscriberPortInitialValues2.xml
4 ms. Memory: 560128K Free: 229700K (41%)
----------------- Invoking toplevel() on ptolemy.moml.MoMLSimpleApplication@68d5eca2
----------------- Done invoking toplevel() on ptolemy.moml.MoMLSimpleApplication@68d5eca2
reloadAllAccessors: .SubscriberPortInitialValues2

===========================================================================================
----------------- testing Sat Jul 06 04:52:27 UTC 2019 /home/travis/build/icyphy/ptII/ptolemy/actor/lib/test/auto/SubscriberPortInitialValues3.xml
----------------- Instantiating /home/travis/build/icyphy/ptII/ptolemy/actor/lib/test/auto/SubscriberPortInitialValues3.xml
4 ms. Memory: 560128K Free: 218946K (39%)
----------------- Invoking toplevel() on ptolemy.moml.MoMLSimpleApplication@e4c2c2b
----------------- Done invoking toplevel() on ptolemy.moml.MoMLSimpleApplication@e4c2c2b
reloadAllAccessors: .SubscriberPortInitialValues3

===========================================================================================
----------------- testing Sat Jul 06 04:52:27 UTC 2019 /home/travis/build/icyphy/ptII/ptolemy/actor/lib/test/auto/SubscriptionAggregator.xml
----------------- Instantiating /home/travis/build/icyphy/ptII/ptolemy/actor/lib/test/auto/SubscriptionAggregator.xml
2 ms. Memory: 560128K Free: 212292K (38%)
----------------- Invoking toplevel() on ptolemy.moml.MoMLSimpleApplication@44dcef5b
----------------- Done invoking toplevel() on ptolemy.moml.MoMLSimpleApplication@44dcef5b
reloadAllAccessors: .SubscriptionAggregator

===========================================================================================
----------------- testing Sat Jul 06 04:52:27 UTC 2019 /home/travis/build/icyphy/ptII/ptolemy/actor/lib/test/auto/SubscriptionAggregator2.xml
----------------- Instantiating /home/travis/build/icyphy/ptII/ptolemy/actor/lib/test/auto/SubscriptionAggregator2.xml
2 ms. Memory: 560128K Free: 205628K (37%)
----------------- Invoking toplevel() on ptolemy.moml.MoMLSimpleApplication@2a788720
----------------- Done invoking toplevel() on ptolemy.moml.MoMLSimpleApplication@2a788720
reloadAllAccessors: .SubscriptionAggregator2

===========================================================================================
----------------- testing Sat Jul 06 04:52:27 UTC 2019 /home/travis/build/icyphy/ptII/ptolemy/actor/lib/test/auto/SubscriptionAggregator3.xml
----------------- Instantiating /home/travis/build/icyphy/ptII/ptolemy/actor/lib/test/auto/SubscriptionAggregator3.xml
4 ms. Memory: 560128K Free: 196932K (35%)
----------------- Invoking toplevel() on ptolemy.moml.MoMLSimpleApplication@209fb082
----------------- Done invoking toplevel() on ptolemy.moml.MoMLSimpleApplication@209fb082
reloadAllAccessors: .SubscriptionAggregator3

===========================================================================================
----------------- testing Sat Jul 06 04:52:27 UTC 2019 /home/travis/build/icyphy/ptII/ptolemy/actor/lib/test/auto/SubscriptionAggregatorMultiply.xml
----------------- Instantiating /home/travis/build/icyphy/ptII/ptolemy/actor/lib/test/auto/SubscriptionAggregatorMultiply.xml
13 ms. Memory: 560128K Free: 188226K (34%)
----------------- Invoking toplevel() on ptolemy.moml.MoMLSimpleApplication@15c458b6
----------------- Done invoking toplevel() on ptolemy.moml.MoMLSimpleApplication@15c458b6
reloadAllAccessors: .SubscriptionAggregatorMultiply

===========================================================================================
----------------- testing Sat Jul 06 04:52:27 UTC 2019 /home/travis/build/icyphy/ptII/ptolemy/actor/lib/test/auto/SubscriptionAggregatorPortMultiply1.xml
----------------- Instantiating /home/travis/build/icyphy/ptII/ptolemy/actor/lib/test/auto/SubscriptionAggregatorPortMultiply1.xml
48 ms. Memory: 560128K Free: 509502K (91%)
----------------- Invoking toplevel() on ptolemy.moml.MoMLSimpleApplication@1ee7d6ff
----------------- Done invoking toplevel() on ptolemy.moml.MoMLSimpleApplication@1ee7d6ff
reloadAllAccessors: .SubscriptionAggregatorPortMultiply1

===========================================================================================
----------------- testing Sat Jul 06 04:52:27 UTC 2019 /home/travis/build/icyphy/ptII/ptolemy/actor/lib/test/auto/Switch.xml
----------------- Instantiating /home/travis/build/icyphy/ptII/ptolemy/actor/lib/test/auto/Switch.xml
9 ms. Memory: 560128K Free: 500548K (89%)
----------------- Invoking toplevel() on ptolemy.moml.MoMLSimpleApplication@5ac5a234
----------------- Done invoking toplevel() on ptolemy.moml.MoMLSimpleApplication@5ac5a234
reloadAllAccessors: .Switch

===========================================================================================
----------------- testing Sat Jul 06 04:52:27 UTC 2019 /home/travis/build/icyphy/ptII/ptolemy/actor/lib/test/auto/Switch2.xml
----------------- Instantiating /home/travis/build/icyphy/ptII/ptolemy/actor/lib/test/auto/Switch2.xml
1 ms. Memory: 560128K Free: 495938K (89%)
----------------- Invoking toplevel() on ptolemy.moml.MoMLSimpleApplication@3b97cbd1
----------------- Done invoking toplevel() on ptolemy.moml.MoMLSimpleApplication@3b97cbd1
reloadAllAccessors: .Switch2

===========================================================================================
----------------- testing Sat Jul 06 04:52:27 UTC 2019 /home/travis/build/icyphy/ptII/ptolemy/actor/lib/test/auto/SwitchDE.xml
----------------- Instantiating /home/travis/build/icyphy/ptII/ptolemy/actor/lib/test/auto/SwitchDE.xml
3 ms. Memory: 560128K Free: 489780K (87%)
----------------- Invoking toplevel() on ptolemy.moml.MoMLSimpleApplication@6eb62c84
----------------- Done invoking toplevel() on ptolemy.moml.MoMLSimpleApplication@6eb62c84
reloadAllAccessors: .SwitchDE

===========================================================================================
----------------- testing Sat Jul 06 04:52:27 UTC 2019 /home/travis/build/icyphy/ptII/ptolemy/actor/lib/test/auto/SynchronizerDE.xml
----------------- Instantiating /home/travis/build/icyphy/ptII/ptolemy/actor/lib/test/auto/SynchronizerDE.xml
8 ms. Memory: 560128K Free: 481092K (86%)
----------------- Invoking toplevel() on ptolemy.moml.MoMLSimpleApplication@5d85cadb
----------------- Done invoking toplevel() on ptolemy.moml.MoMLSimpleApplication@5d85cadb
reloadAllAccessors: .SynchronizerDE

===========================================================================================
----------------- testing Sat Jul 06 04:52:27 UTC 2019 /home/travis/build/icyphy/ptII/ptolemy/actor/lib/test/auto/Test.xml
----------------- Instantiating /home/travis/build/icyphy/ptII/ptolemy/actor/lib/test/auto/Test.xml
11 ms. Memory: 560128K Free: 475972K (85%)
----------------- Invoking toplevel() on ptolemy.moml.MoMLSimpleApplication@4eb00574
----------------- Done invoking toplevel() on ptolemy.moml.MoMLSimpleApplication@4eb00574
reloadAllAccessors: .Test

===========================================================================================
----------------- testing Sat Jul 06 04:52:27 UTC 2019 /home/travis/build/icyphy/ptII/ptolemy/actor/lib/test/auto/TestExceptionAttribute1.xml
----------------- Instantiating /home/travis/build/icyphy/ptII/ptolemy/actor/lib/test/auto/TestExceptionAttribute1.xml
1 ms. Memory: 560128K Free: 472386K (84%)
----------------- Invoking toplevel() on ptolemy.moml.MoMLSimpleApplication@64345415
----------------- Done invoking toplevel() on ptolemy.moml.MoMLSimpleApplication@64345415
reloadAllAccessors: .TestExceptionAttribute1

===========================================================================================
----------------- testing Sat Jul 06 04:52:27 UTC 2019 /home/travis/build/icyphy/ptII/ptolemy/actor/lib/test/auto/TestExceptionAttribute2.xml
----------------- Instantiating /home/travis/build/icyphy/ptII/ptolemy/actor/lib/test/auto/TestExceptionAttribute2.xml
2 ms. Memory: 560128K Free: 468804K (84%)
----------------- Invoking toplevel() on ptolemy.moml.MoMLSimpleApplication@115e1479
----------------- Done invoking toplevel() on ptolemy.moml.MoMLSimpleApplication@115e1479
reloadAllAccessors: .TestExceptionAttribute2

===========================================================================================
----------------- testing Sat Jul 06 04:52:27 UTC 2019 /home/travis/build/icyphy/ptII/ptolemy/actor/lib/test/auto/TestExceptionAttribute3.xml
----------------- Instantiating /home/travis/build/icyphy/ptII/ptolemy/actor/lib/test/auto/TestExceptionAttribute3.xml
.TestExceptionAttribute3.TestExceptionAttribute: initialize() was not invoked, but wrapup() was.  This is unusual, but not always a problem.  For example, exporting JNLP will do this.
1 ms. Memory: 560128K Free: 464708K (83%)
----------------- Invoking toplevel() on ptolemy.moml.MoMLSimpleApplication@5781577c
----------------- Done invoking toplevel() on ptolemy.moml.MoMLSimpleApplication@5781577c
reloadAllAccessors: .TestExceptionAttribute3

===========================================================================================
----------------- testing Sat Jul 06 04:52:27 UTC 2019 /home/travis/build/icyphy/ptII/ptolemy/actor/lib/test/auto/TestExceptionAttribute4.xml
----------------- Instantiating /home/travis/build/icyphy/ptII/ptolemy/actor/lib/test/auto/TestExceptionAttribute4.xml
.TestExceptionAttribute4.TestExceptionAttribute: initialize() was not invoked, but wrapup() was.  This is unusual, but not always a problem.  For example, exporting JNLP will do this.
.TestExceptionAttribute4.TestExceptionAttribute2: initialize() was not invoked, but wrapup() was.  This is unusual, but not always a problem.  For example, exporting JNLP will do this.
1 ms. Memory: 560128K Free: 460612K (82%)
----------------- Invoking toplevel() on ptolemy.moml.MoMLSimpleApplication@6adfcb81
----------------- Done invoking toplevel() on ptolemy.moml.MoMLSimpleApplication@6adfcb81
reloadAllAccessors: .TestExceptionAttribute4

===========================================================================================
----------------- testing Sat Jul 06 04:52:27 UTC 2019 /home/travis/build/icyphy/ptII/ptolemy/actor/lib/test/auto/TestExceptionHandler1.xml
----------------- Instantiating /home/travis/build/icyphy/ptII/ptolemy/actor/lib/test/auto/TestExceptionHandler1.xml
0 ms. Memory: 560128K Free: 457026K (82%)
----------------- Invoking toplevel() on ptolemy.moml.MoMLSimpleApplication@765cdf3f
----------------- Done invoking toplevel() on ptolemy.moml.MoMLSimpleApplication@765cdf3f
reloadAllAccessors: .TestExceptionHandler1

===========================================================================================
----------------- testing Sat Jul 06 04:52:27 UTC 2019 /home/travis/build/icyphy/ptII/ptolemy/actor/lib/test/auto/TestExceptionHandler2.xml
----------------- Instantiating /home/travis/build/icyphy/ptII/ptolemy/actor/lib/test/auto/TestExceptionHandler2.xml
1 ms. Memory: 560128K Free: 453444K (81%)
----------------- Invoking toplevel() on ptolemy.moml.MoMLSimpleApplication@206a8950
----------------- Done invoking toplevel() on ptolemy.moml.MoMLSimpleApplication@206a8950
reloadAllAccessors: .TestExceptionHandler2

===========================================================================================
----------------- testing Sat Jul 06 04:52:27 UTC 2019 /home/travis/build/icyphy/ptII/ptolemy/actor/lib/test/auto/TestExceptionHandler3.xml
----------------- Instantiating /home/travis/build/icyphy/ptII/ptolemy/actor/lib/test/auto/TestExceptionHandler3.xml
1 ms. Memory: 560128K Free: 449348K (80%)
----------------- Invoking toplevel() on ptolemy.moml.MoMLSimpleApplication@7b358374
----------------- Done invoking toplevel() on ptolemy.moml.MoMLSimpleApplication@7b358374
reloadAllAccessors: .TestExceptionHandler3

===========================================================================================
----------------- testing Sat Jul 06 04:52:27 UTC 2019 /home/travis/build/icyphy/ptII/ptolemy/actor/lib/test/auto/TestExceptionHandler4.xml
----------------- Instantiating /home/travis/build/icyphy/ptII/ptolemy/actor/lib/test/auto/TestExceptionHandler4.xml
1 ms. Memory: 560128K Free: 445252K (79%)
----------------- Invoking toplevel() on ptolemy.moml.MoMLSimpleApplication@5f9d753a
----------------- Done invoking toplevel() on ptolemy.moml.MoMLSimpleApplication@5f9d753a
reloadAllAccessors: .TestExceptionHandler4

===========================================================================================
----------------- testing Sat Jul 06 04:52:27 UTC 2019 /home/travis/build/icyphy/ptII/ptolemy/actor/lib/test/auto/TestRequireCorrectOrder.xml
----------------- Instantiating /home/travis/build/icyphy/ptII/ptolemy/actor/lib/test/auto/TestRequireCorrectOrder.xml
6 ms. Memory: 560128K Free: 440132K (79%)
----------------- Invoking toplevel() on ptolemy.moml.MoMLSimpleApplication@15c2fa35
----------------- Done invoking toplevel() on ptolemy.moml.MoMLSimpleApplication@15c2fa35
reloadAllAccessors: .TestRequireCorrectOrder

===========================================================================================
----------------- testing Sat Jul 06 04:52:27 UTC 2019 /home/travis/build/icyphy/ptII/ptolemy/actor/lib/test/auto/TestSimple.xml
----------------- Instantiating /home/travis/build/icyphy/ptII/ptolemy/actor/lib/test/auto/TestSimple.xml
1 ms. Memory: 560128K Free: 434498K (78%)
----------------- Invoking toplevel() on ptolemy.moml.MoMLSimpleApplication@389bd4b3
----------------- Done invoking toplevel() on ptolemy.moml.MoMLSimpleApplication@389bd4b3
reloadAllAccessors: .TestSimple

===========================================================================================
----------------- testing Sat Jul 06 04:52:27 UTC 2019 /home/travis/build/icyphy/ptII/ptolemy/actor/lib/test/auto/ThrowModelError.xml
----------------- Instantiating /home/travis/build/icyphy/ptII/ptolemy/actor/lib/test/auto/ThrowModelError.xml
1 ms. Memory: 560128K Free: 429892K (77%)
----------------- Invoking toplevel() on ptolemy.moml.MoMLSimpleApplication@1f6bf7f9
----------------- Done invoking toplevel() on ptolemy.moml.MoMLSimpleApplication@1f6bf7f9
reloadAllAccessors: .ThrowModelError

===========================================================================================
----------------- testing Sat Jul 06 04:52:27 UTC 2019 /home/travis/build/icyphy/ptII/ptolemy/actor/lib/test/auto/TimeDelayMicrosteps.xml
----------------- Instantiating /home/travis/build/icyphy/ptII/ptolemy/actor/lib/test/auto/TimeDelayMicrosteps.xml
3 ms. Memory: 560128K Free: 423228K (76%)
----------------- Invoking toplevel() on ptolemy.moml.MoMLSimpleApplication@72529438
----------------- Done invoking toplevel() on ptolemy.moml.MoMLSimpleApplication@72529438
reloadAllAccessors: .TimeDelayMicrosteps

===========================================================================================
----------------- testing Sat Jul 06 04:52:27 UTC 2019 /home/travis/build/icyphy/ptII/ptolemy/actor/lib/test/auto/TimeDelayMicrosteps2.xml
----------------- Instantiating /home/travis/build/icyphy/ptII/ptolemy/actor/lib/test/auto/TimeDelayMicrosteps2.xml
3 ms. Memory: 560128K Free: 416060K (74%)
----------------- Invoking toplevel() on ptolemy.moml.MoMLSimpleApplication@396a7396
----------------- Done invoking toplevel() on ptolemy.moml.MoMLSimpleApplication@396a7396
reloadAllAccessors: .TimeDelayMicrosteps2

===========================================================================================
----------------- testing Sat Jul 06 04:52:27 UTC 2019 /home/travis/build/icyphy/ptII/ptolemy/actor/lib/test/auto/TimeDelayMicrosteps3.xml
----------------- Instantiating /home/travis/build/icyphy/ptII/ptolemy/actor/lib/test/auto/TimeDelayMicrosteps3.xml
2 ms. Memory: 560128K Free: 408884K (73%)
----------------- Invoking toplevel() on ptolemy.moml.MoMLSimpleApplication@2ff0f41f
----------------- Done invoking toplevel() on ptolemy.moml.MoMLSimpleApplication@2ff0f41f
reloadAllAccessors: .TimeDelayMicrosteps3

===========================================================================================
----------------- testing Sat Jul 06 04:52:27 UTC 2019 /home/travis/build/icyphy/ptII/ptolemy/actor/lib/test/auto/TimeDelayVariableMicrosteps.xml
----------------- Instantiating /home/travis/build/icyphy/ptII/ptolemy/actor/lib/test/auto/TimeDelayVariableMicrosteps.xml
3 ms. Memory: 560128K Free: 402754K (72%)
----------------- Invoking toplevel() on ptolemy.moml.MoMLSimpleApplication@4b43c2ff
----------------- Done invoking toplevel() on ptolemy.moml.MoMLSimpleApplication@4b43c2ff
reloadAllAccessors: .TimeDelayVariableMicrosteps

===========================================================================================
----------------- testing Sat Jul 06 04:52:27 UTC 2019 /home/travis/build/icyphy/ptII/ptolemy/actor/lib/test/auto/TimeGap.xml
----------------- Instantiating /home/travis/build/icyphy/ptII/ptolemy/actor/lib/test/auto/TimeGap.xml
3 ms. Memory: 560128K Free: 397628K (71%)
----------------- Invoking toplevel() on ptolemy.moml.MoMLSimpleApplication@150ee352
----------------- Done invoking toplevel() on ptolemy.moml.MoMLSimpleApplication@150ee352
reloadAllAccessors: .TimeGap

===========================================================================================
----------------- testing Sat Jul 06 04:52:27 UTC 2019 /home/travis/build/icyphy/ptII/ptolemy/actor/lib/test/auto/TimeGap2.xml
----------------- Instantiating /home/travis/build/icyphy/ptII/ptolemy/actor/lib/test/auto/TimeGap2.xml
2 ms. Memory: 560128K Free: 391484K (70%)
----------------- Invoking toplevel() on ptolemy.moml.MoMLSimpleApplication@1b7219b1
----------------- Done invoking toplevel() on ptolemy.moml.MoMLSimpleApplication@1b7219b1
reloadAllAccessors: .TimeGap2

===========================================================================================
----------------- testing Sat Jul 06 04:52:27 UTC 2019 /home/travis/build/icyphy/ptII/ptolemy/actor/lib/test/auto/TimedSinewave.xml
----------------- Instantiating /home/travis/build/icyphy/ptII/ptolemy/actor/lib/test/auto/TimedSinewave.xml
25 ms. Memory: 560128K Free: 377154K (67%)
----------------- Invoking toplevel() on ptolemy.moml.MoMLSimpleApplication@5e93024d
----------------- Done invoking toplevel() on ptolemy.moml.MoMLSimpleApplication@5e93024d
reloadAllAccessors: .TimedSinewave

===========================================================================================
----------------- testing Sat Jul 06 04:52:27 UTC 2019 /home/travis/build/icyphy/ptII/ptolemy/actor/lib/test/auto/TimedSinewavePhase.xml
----------------- Instantiating /home/travis/build/icyphy/ptII/ptolemy/actor/lib/test/auto/TimedSinewavePhase.xml
9 ms. Memory: 560128K Free: 367428K (66%)
----------------- Invoking toplevel() on ptolemy.moml.MoMLSimpleApplication@36307cc4
----------------- Done invoking toplevel() on ptolemy.moml.MoMLSimpleApplication@36307cc4
reloadAllAccessors: .TimedSinewavePhase

===========================================================================================
----------------- testing Sat Jul 06 04:52:27 UTC 2019 /home/travis/build/icyphy/ptII/ptolemy/actor/lib/test/auto/Timer.xml
----------------- Instantiating /home/travis/build/icyphy/ptII/ptolemy/actor/lib/test/auto/Timer.xml
2 ms. Memory: 560128K Free: 361284K (65%)
----------------- Invoking toplevel() on ptolemy.moml.MoMLSimpleApplication@128e7a3f
----------------- Done invoking toplevel() on ptolemy.moml.MoMLSimpleApplication@128e7a3f
reloadAllAccessors: .Timer

===========================================================================================
----------------- testing Sat Jul 06 04:52:28 UTC 2019 /home/travis/build/icyphy/ptII/ptolemy/actor/lib/test/auto/TriangularDistTestModel.xml
----------------- Instantiating /home/travis/build/icyphy/ptII/ptolemy/actor/lib/test/auto/TriangularDistTestModel.xml
2 ms. Memory: 560128K Free: 355636K (63%)
----------------- Invoking toplevel() on ptolemy.moml.MoMLSimpleApplication@6cab5e27
----------------- Done invoking toplevel() on ptolemy.moml.MoMLSimpleApplication@6cab5e27
reloadAllAccessors: .TriangularDistTestModel

===========================================================================================
----------------- testing Sat Jul 06 04:52:28 UTC 2019 /home/travis/build/icyphy/ptII/ptolemy/actor/lib/test/auto/TrigFunction.xml
----------------- Instantiating /home/travis/build/icyphy/ptII/ptolemy/actor/lib/test/auto/TrigFunction.xml
2 ms. Memory: 560128K Free: 351044K (63%)
----------------- Invoking toplevel() on ptolemy.moml.MoMLSimpleApplication@58ff6068
----------------- Done invoking toplevel() on ptolemy.moml.MoMLSimpleApplication@58ff6068
reloadAllAccessors: .TrigFunction

===========================================================================================
----------------- testing Sat Jul 06 04:52:28 UTC 2019 /home/travis/build/icyphy/ptII/ptolemy/actor/lib/test/auto/TrigFunctionDE.xml
----------------- Instantiating /home/travis/build/icyphy/ptII/ptolemy/actor/lib/test/auto/TrigFunctionDE.xml
2 ms. Memory: 560128K Free: 344900K (62%)
----------------- Invoking toplevel() on ptolemy.moml.MoMLSimpleApplication@324ed149
----------------- Done invoking toplevel() on ptolemy.moml.MoMLSimpleApplication@324ed149
reloadAllAccessors: .TrigFunctionDE

===========================================================================================
----------------- testing Sat Jul 06 04:52:28 UTC 2019 /home/travis/build/icyphy/ptII/ptolemy/actor/lib/test/auto/TrigFunctionInverse.xml
----------------- Instantiating /home/travis/build/icyphy/ptII/ptolemy/actor/lib/test/auto/TrigFunctionInverse.xml
2 ms. Memory: 560128K Free: 339780K (61%)
----------------- Invoking toplevel() on ptolemy.moml.MoMLSimpleApplication@21a95341
----------------- Done invoking toplevel() on ptolemy.moml.MoMLSimpleApplication@21a95341
reloadAllAccessors: .TrigFunctionInverse

===========================================================================================
----------------- testing Sat Jul 06 04:52:28 UTC 2019 /home/travis/build/icyphy/ptII/ptolemy/actor/lib/test/auto/TrigFunctionTan.xml
----------------- Instantiating /home/travis/build/icyphy/ptII/ptolemy/actor/lib/test/auto/TrigFunctionTan.xml
2 ms. Memory: 560128K Free: 335684K (60%)
----------------- Invoking toplevel() on ptolemy.moml.MoMLSimpleApplication@e796b8e
----------------- Done invoking toplevel() on ptolemy.moml.MoMLSimpleApplication@e796b8e
reloadAllAccessors: .TrigFunctionTan

===========================================================================================
----------------- testing Sat Jul 06 04:52:28 UTC 2019 /home/travis/build/icyphy/ptII/ptolemy/actor/lib/test/auto/TriggeredClock.xml
----------------- Instantiating /home/travis/build/icyphy/ptII/ptolemy/actor/lib/test/auto/TriggeredClock.xml
1 ms. Memory: 560128K Free: 330532K (59%)
----------------- Invoking toplevel() on ptolemy.moml.MoMLSimpleApplication@5bc0625c
----------------- Done invoking toplevel() on ptolemy.moml.MoMLSimpleApplication@5bc0625c
reloadAllAccessors: .TriggeredClock

===========================================================================================
----------------- testing Sat Jul 06 04:52:28 UTC 2019 /home/travis/build/icyphy/ptII/ptolemy/actor/lib/test/auto/URLDirectoryReader.xml
----------------- Instantiating /home/travis/build/icyphy/ptII/ptolemy/actor/lib/test/auto/URLDirectoryReader.xml
44 ms. Memory: 560128K Free: 320834K (57%)
----------------- Invoking toplevel() on ptolemy.moml.MoMLSimpleApplication@73195f2b
----------------- Done invoking toplevel() on ptolemy.moml.MoMLSimpleApplication@73195f2b
reloadAllAccessors: .URLDirectoryReader

===========================================================================================
----------------- testing Sat Jul 06 04:52:28 UTC 2019 /home/travis/build/icyphy/ptII/ptolemy/actor/lib/test/auto/URLDirectoryReader3.xml
----------------- Instantiating /home/travis/build/icyphy/ptII/ptolemy/actor/lib/test/auto/URLDirectoryReader3.xml
1159 ms. Memory: 560128K Free: 501572K (90%)
----------------- Invoking toplevel() on ptolemy.moml.MoMLSimpleApplication@6863f040
----------------- Done invoking toplevel() on ptolemy.moml.MoMLSimpleApplication@6863f040
reloadAllAccessors: .URLDirectoryReader3

===========================================================================================
----------------- testing Sat Jul 06 04:52:29 UTC 2019 /home/travis/build/icyphy/ptII/ptolemy/actor/lib/test/auto/UnaryMathFunction.xml
----------------- Instantiating /home/travis/build/icyphy/ptII/ptolemy/actor/lib/test/auto/UnaryMathFunction.xml
3 ms. Memory: 560128K Free: 493890K (88%)
----------------- Invoking toplevel() on ptolemy.moml.MoMLSimpleApplication@56892d66
----------------- Done invoking toplevel() on ptolemy.moml.MoMLSimpleApplication@56892d66
reloadAllAccessors: .UnaryMathFunction

===========================================================================================
----------------- testing Sat Jul 06 04:52:29 UTC 2019 /home/travis/build/icyphy/ptII/ptolemy/actor/lib/test/auto/Uniform.xml
----------------- Instantiating /home/travis/build/icyphy/ptII/ptolemy/actor/lib/test/auto/Uniform.xml
5 ms. Memory: 560128K Free: 488770K (87%)
----------------- Invoking toplevel() on ptolemy.moml.MoMLSimpleApplication@3abad5a5
----------------- Done invoking toplevel() on ptolemy.moml.MoMLSimpleApplication@3abad5a5
reloadAllAccessors: .Uniform

===========================================================================================
----------------- testing Sat Jul 06 04:52:29 UTC 2019 /home/travis/build/icyphy/ptII/ptolemy/actor/lib/test/auto/UnionDisassemblerTest.xml
----------------- Instantiating /home/travis/build/icyphy/ptII/ptolemy/actor/lib/test/auto/UnionDisassemblerTest.xml
17 ms. Memory: 560128K Free: 485188K (87%)
----------------- Invoking toplevel() on ptolemy.moml.MoMLSimpleApplication@3c3ba2f5
----------------- Done invoking toplevel() on ptolemy.moml.MoMLSimpleApplication@3c3ba2f5
reloadAllAccessors: .UnionDisassemblerTest

===========================================================================================
----------------- testing Sat Jul 06 04:52:29 UTC 2019 /home/travis/build/icyphy/ptII/ptolemy/actor/lib/test/auto/UtilityFunctions.xml
----------------- Instantiating /home/travis/build/icyphy/ptII/ptolemy/actor/lib/test/auto/UtilityFunctions.xml
1 ms. Memory: 560128K Free: 480578K (86%)
----------------- Invoking toplevel() on ptolemy.moml.MoMLSimpleApplication@382753a9
----------------- Done invoking toplevel() on ptolemy.moml.MoMLSimpleApplication@382753a9
reloadAllAccessors: .UtilityFunctions

===========================================================================================
----------------- testing Sat Jul 06 04:52:29 UTC 2019 /home/travis/build/icyphy/ptII/ptolemy/actor/lib/test/auto/VariableSleep.xml
----------------- Instantiating /home/travis/build/icyphy/ptII/ptolemy/actor/lib/test/auto/VariableSleep.xml
503 ms. Memory: 560128K Free: 475458K (85%)
----------------- Invoking toplevel() on ptolemy.moml.MoMLSimpleApplication@1221dd15
----------------- Done invoking toplevel() on ptolemy.moml.MoMLSimpleApplication@1221dd15
reloadAllAccessors: .VariableSleep

===========================================================================================
----------------- testing Sat Jul 06 04:52:30 UTC 2019 /home/travis/build/icyphy/ptII/ptolemy/actor/lib/test/auto/VectorAssemblerDisassemblerCT.xml
----------------- Instantiating /home/travis/build/icyphy/ptII/ptolemy/actor/lib/test/auto/VectorAssemblerDisassemblerCT.xml
83 ms. Memory: 560128K Free: 454978K (81%)
----------------- Invoking toplevel() on ptolemy.moml.MoMLSimpleApplication@2bf7e60e
----------------- Done invoking toplevel() on ptolemy.moml.MoMLSimpleApplication@2bf7e60e
reloadAllAccessors: .VectorAssemblerDisassemblerCT

===========================================================================================
----------------- testing Sat Jul 06 04:52:30 UTC 2019 /home/travis/build/icyphy/ptII/ptolemy/actor/lib/test/auto/VectorAssemblerDisassemblerDE.xml
----------------- Instantiating /home/travis/build/icyphy/ptII/ptolemy/actor/lib/test/auto/VectorAssemblerDisassemblerDE.xml
3 ms. Memory: 560128K Free: 447300K (80%)
----------------- Invoking toplevel() on ptolemy.moml.MoMLSimpleApplication@72bf785f
----------------- Done invoking toplevel() on ptolemy.moml.MoMLSimpleApplication@72bf785f
reloadAllAccessors: .VectorAssemblerDisassemblerDE

===========================================================================================
----------------- testing Sat Jul 06 04:52:30 UTC 2019 /home/travis/build/icyphy/ptII/ptolemy/actor/lib/test/auto/VectorAssemblerDisassemblerSDF.xml
----------------- Instantiating /home/travis/build/icyphy/ptII/ptolemy/actor/lib/test/auto/VectorAssemblerDisassemblerSDF.xml
2 ms. Memory: 560128K Free: 441156K (79%)
----------------- Invoking toplevel() on ptolemy.moml.MoMLSimpleApplication@5a907c25
----------------- Done invoking toplevel() on ptolemy.moml.MoMLSimpleApplication@5a907c25
reloadAllAccessors: .VectorAssemblerDisassemblerSDF

===========================================================================================
----------------- testing Sat Jul 06 04:52:30 UTC 2019 /home/travis/build/icyphy/ptII/ptolemy/actor/lib/test/auto/WallClockTime.xml
----------------- Instantiating /home/travis/build/icyphy/ptII/ptolemy/actor/lib/test/auto/WallClockTime.xml
1006 ms. Memory: 560128K Free: 436036K (78%)
----------------- Invoking toplevel() on ptolemy.moml.MoMLSimpleApplication@6727bac8
----------------- Done invoking toplevel() on ptolemy.moml.MoMLSimpleApplication@6727bac8
reloadAllAccessors: .WallClockTime

===========================================================================================
----------------- testing Sat Jul 06 04:52:31 UTC 2019 /home/travis/build/icyphy/ptII/ptolemy/actor/lib/test/auto/WidthTestWithSubscriberPublisher.xml
----------------- Instantiating /home/travis/build/icyphy/ptII/ptolemy/actor/lib/test/auto/WidthTestWithSubscriberPublisher.xml
8 ms. Memory: 560128K Free: 418114K (75%)
----------------- Invoking toplevel() on ptolemy.moml.MoMLSimpleApplication@58681795
----------------- Done invoking toplevel() on ptolemy.moml.MoMLSimpleApplication@58681795
reloadAllAccessors: .WidthTestWithSubscriberPublisher

===========================================================================================
----------------- testing Sat Jul 06 04:52:31 UTC 2019 /home/travis/build/icyphy/ptII/ptolemy/actor/lib/test/auto/WidthTestWithSubscriberPublisher2.xml
----------------- Instantiating /home/travis/build/icyphy/ptII/ptolemy/actor/lib/test/auto/WidthTestWithSubscriberPublisher2.xml
2 ms. Memory: 560128K Free: 411460K (73%)
----------------- Invoking toplevel() on ptolemy.moml.MoMLSimpleApplication@5c1bf44b
----------------- Done invoking toplevel() on ptolemy.moml.MoMLSimpleApplication@5c1bf44b
reloadAllAccessors: .WidthTestWithSubscriberPublisher2

===========================================================================================
----------------- testing Sat Jul 06 04:52:31 UTC 2019 /home/travis/build/icyphy/ptII/ptolemy/actor/lib/test/auto/WidthTestWithSubscriberPublisher3.xml
----------------- Instantiating /home/travis/build/icyphy/ptII/ptolemy/actor/lib/test/auto/WidthTestWithSubscriberPublisher3.xml
2 ms. Memory: 560128K Free: 405826K (72%)
----------------- Invoking toplevel() on ptolemy.moml.MoMLSimpleApplication@7f233642
----------------- Done invoking toplevel() on ptolemy.moml.MoMLSimpleApplication@7f233642
reloadAllAccessors: .WidthTestWithSubscriberPublisher3

===========================================================================================
----------------- testing Sat Jul 06 04:52:31 UTC 2019 /home/travis/build/icyphy/ptII/ptolemy/actor/lib/test/auto/Writer.xml
----------------- Instantiating /home/travis/build/icyphy/ptII/ptolemy/actor/lib/test/auto/Writer.xml
0
1
2
3
4
1 ms. Memory: 560128K Free: 401716K (72%)
----------------- Invoking toplevel() on ptolemy.moml.MoMLSimpleApplication@6a444ae
----------------- Done invoking toplevel() on ptolemy.moml.MoMLSimpleApplication@6a444ae
reloadAllAccessors: .Writer

===========================================================================================
----------------- testing Sat Jul 06 04:52:31 UTC 2019 /home/travis/build/icyphy/ptII/ptolemy/actor/lib/test/auto/array.xml
----------------- Instantiating /home/travis/build/icyphy/ptII/ptolemy/actor/lib/test/auto/array.xml
2 ms. Memory: 560128K Free: 396610K (71%)
----------------- Invoking toplevel() on ptolemy.moml.MoMLSimpleApplication@7754f6b9
----------------- Done invoking toplevel() on ptolemy.moml.MoMLSimpleApplication@7754f6b9
reloadAllAccessors: .array

===========================================================================================
----------------- testing Sat Jul 06 04:52:31 UTC 2019 /home/travis/build/icyphy/ptII/ptolemy/actor/lib/test/auto/array2.xml
----------------- Instantiating /home/travis/build/icyphy/ptII/ptolemy/actor/lib/test/auto/array2.xml
2 ms. Memory: 560128K Free: 391476K (70%)
----------------- Invoking toplevel() on ptolemy.moml.MoMLSimpleApplication@3d1d4413
----------------- Done invoking toplevel() on ptolemy.moml.MoMLSimpleApplication@3d1d4413
reloadAllAccessors: .array2

===========================================================================================
----------------- testing Sat Jul 06 04:52:31 UTC 2019 /home/travis/build/icyphy/ptII/ptolemy/actor/lib/test/auto/arrayType.xml
----------------- Instantiating /home/travis/build/icyphy/ptII/ptolemy/actor/lib/test/auto/arrayType.xml
1 ms. Memory: 560128K Free: 386370K (69%)
----------------- Invoking toplevel() on ptolemy.moml.MoMLSimpleApplication@3d2bf636
----------------- Done invoking toplevel() on ptolemy.moml.MoMLSimpleApplication@3d2bf636
reloadAllAccessors: .arrayType

===========================================================================================
----------------- testing Sat Jul 06 04:52:31 UTC 2019 /home/travis/build/icyphy/ptII/ptolemy/actor/lib/test/auto/arrayType10.xml
----------------- Instantiating /home/travis/build/icyphy/ptII/ptolemy/actor/lib/test/auto/arrayType10.xml
1 ms. Memory: 560128K Free: 381250K (68%)
----------------- Invoking toplevel() on ptolemy.moml.MoMLSimpleApplication@42dcaba1
----------------- Done invoking toplevel() on ptolemy.moml.MoMLSimpleApplication@42dcaba1
reloadAllAccessors: .arrayType10

===========================================================================================
----------------- testing Sat Jul 06 04:52:31 UTC 2019 /home/travis/build/icyphy/ptII/ptolemy/actor/lib/test/auto/arrayType11.xml
----------------- Instantiating /home/travis/build/icyphy/ptII/ptolemy/actor/lib/test/auto/arrayType11.xml
1 ms. Memory: 560128K Free: 376644K (67%)
----------------- Invoking toplevel() on ptolemy.moml.MoMLSimpleApplication@9b0a821
----------------- Done invoking toplevel() on ptolemy.moml.MoMLSimpleApplication@9b0a821
reloadAllAccessors: .arrayType11

===========================================================================================
----------------- testing Sat Jul 06 04:52:31 UTC 2019 /home/travis/build/icyphy/ptII/ptolemy/actor/lib/test/auto/arrayType12.xml
----------------- Instantiating /home/travis/build/icyphy/ptII/ptolemy/actor/lib/test/auto/arrayType12.xml
3 ms. Memory: 560128K Free: 372034K (66%)
----------------- Invoking toplevel() on ptolemy.moml.MoMLSimpleApplication@64cfcbac
----------------- Done invoking toplevel() on ptolemy.moml.MoMLSimpleApplication@64cfcbac
reloadAllAccessors: .arrayType12

===========================================================================================
----------------- testing Sat Jul 06 04:52:31 UTC 2019 /home/travis/build/icyphy/ptII/ptolemy/actor/lib/test/auto/arrayType13.xml
----------------- Instantiating /home/travis/build/icyphy/ptII/ptolemy/actor/lib/test/auto/arrayType13.xml
2 ms. Memory: 560128K Free: 366404K (65%)
----------------- Invoking toplevel() on ptolemy.moml.MoMLSimpleApplication@65fc72a0
----------------- Done invoking toplevel() on ptolemy.moml.MoMLSimpleApplication@65fc72a0
reloadAllAccessors: .arrayType13

===========================================================================================
----------------- testing Sat Jul 06 04:52:31 UTC 2019 /home/travis/build/icyphy/ptII/ptolemy/actor/lib/test/auto/arrayType14.xml
----------------- Instantiating /home/travis/build/icyphy/ptII/ptolemy/actor/lib/test/auto/arrayType14.xml
2 ms. Memory: 560128K Free: 361284K (65%)
----------------- Invoking toplevel() on ptolemy.moml.MoMLSimpleApplication@1cbc8a44
----------------- Done invoking toplevel() on ptolemy.moml.MoMLSimpleApplication@1cbc8a44
reloadAllAccessors: .arrayType14

===========================================================================================
----------------- testing Sat Jul 06 04:52:31 UTC 2019 /home/travis/build/icyphy/ptII/ptolemy/actor/lib/test/auto/arrayType15.xml
----------------- Instantiating /home/travis/build/icyphy/ptII/ptolemy/actor/lib/test/auto/arrayType15.xml
6 ms. Memory: 560128K Free: 356164K (64%)
----------------- Invoking toplevel() on ptolemy.moml.MoMLSimpleApplication@449319f3
----------------- Done invoking toplevel() on ptolemy.moml.MoMLSimpleApplication@449319f3
reloadAllAccessors: .arrayType15

===========================================================================================
----------------- testing Sat Jul 06 04:52:31 UTC 2019 /home/travis/build/icyphy/ptII/ptolemy/actor/lib/test/auto/arrayType16.xml
----------------- Instantiating /home/travis/build/icyphy/ptII/ptolemy/actor/lib/test/auto/arrayType16.xml
2 ms. Memory: 560128K Free: 350530K (63%)
----------------- Invoking toplevel() on ptolemy.moml.MoMLSimpleApplication@1b11f506
----------------- Done invoking toplevel() on ptolemy.moml.MoMLSimpleApplication@1b11f506
reloadAllAccessors: .arrayType16

===========================================================================================
----------------- testing Sat Jul 06 04:52:31 UTC 2019 /home/travis/build/icyphy/ptII/ptolemy/actor/lib/test/auto/arrayType17.xml
----------------- Instantiating /home/travis/build/icyphy/ptII/ptolemy/actor/lib/test/auto/arrayType17.xml
2 ms. Memory: 560128K Free: 345410K (62%)
----------------- Invoking toplevel() on ptolemy.moml.MoMLSimpleApplication@232b3e5b
----------------- Done invoking toplevel() on ptolemy.moml.MoMLSimpleApplication@232b3e5b
reloadAllAccessors: .arrayType17

===========================================================================================
----------------- testing Sat Jul 06 04:52:31 UTC 2019 /home/travis/build/icyphy/ptII/ptolemy/actor/lib/test/auto/arrayType18.xml
----------------- Instantiating /home/travis/build/icyphy/ptII/ptolemy/actor/lib/test/auto/arrayType18.xml
1 ms. Memory: 560128K Free: 340804K (61%)
----------------- Invoking toplevel() on ptolemy.moml.MoMLSimpleApplication@11cf09e7
----------------- Done invoking toplevel() on ptolemy.moml.MoMLSimpleApplication@11cf09e7
reloadAllAccessors: .arrayType18

===========================================================================================
----------------- testing Sat Jul 06 04:52:31 UTC 2019 /home/travis/build/icyphy/ptII/ptolemy/actor/lib/test/auto/arrayType19.xml
----------------- Instantiating /home/travis/build/icyphy/ptII/ptolemy/actor/lib/test/auto/arrayType19.xml
2 ms. Memory: 560128K Free: 335684K (60%)
----------------- Invoking toplevel() on ptolemy.moml.MoMLSimpleApplication@7942e758
----------------- Done invoking toplevel() on ptolemy.moml.MoMLSimpleApplication@7942e758
reloadAllAccessors: .arrayType19

===========================================================================================
----------------- testing Sat Jul 06 04:52:31 UTC 2019 /home/travis/build/icyphy/ptII/ptolemy/actor/lib/test/auto/arrayType2.xml
----------------- Instantiating /home/travis/build/icyphy/ptII/ptolemy/actor/lib/test/auto/arrayType2.xml
1 ms. Memory: 560128K Free: 330564K (59%)
----------------- Invoking toplevel() on ptolemy.moml.MoMLSimpleApplication@3a5e67b7
----------------- Done invoking toplevel() on ptolemy.moml.MoMLSimpleApplication@3a5e67b7
reloadAllAccessors: .arrayType2

===========================================================================================
----------------- testing Sat Jul 06 04:52:31 UTC 2019 /home/travis/build/icyphy/ptII/ptolemy/actor/lib/test/auto/arrayType20.xml
----------------- Instantiating /home/travis/build/icyphy/ptII/ptolemy/actor/lib/test/auto/arrayType20.xml
2 ms. Memory: 560128K Free: 325444K (58%)
----------------- Invoking toplevel() on ptolemy.moml.MoMLSimpleApplication@6c8dc74b
----------------- Done invoking toplevel() on ptolemy.moml.MoMLSimpleApplication@6c8dc74b
reloadAllAccessors: .arrayType20

===========================================================================================
----------------- testing Sat Jul 06 04:52:31 UTC 2019 /home/travis/build/icyphy/ptII/ptolemy/actor/lib/test/auto/arrayType21.xml
----------------- Instantiating /home/travis/build/icyphy/ptII/ptolemy/actor/lib/test/auto/arrayType21.xml
1 ms. Memory: 560128K Free: 320834K (57%)
----------------- Invoking toplevel() on ptolemy.moml.MoMLSimpleApplication@636fc04f
----------------- Done invoking toplevel() on ptolemy.moml.MoMLSimpleApplication@636fc04f
reloadAllAccessors: .arrayType21

===========================================================================================
----------------- testing Sat Jul 06 04:52:31 UTC 2019 /home/travis/build/icyphy/ptII/ptolemy/actor/lib/test/auto/arrayType22.xml
----------------- Instantiating /home/travis/build/icyphy/ptII/ptolemy/actor/lib/test/auto/arrayType22.xml
2 ms. Memory: 560128K Free: 316228K (56%)
----------------- Invoking toplevel() on ptolemy.moml.MoMLSimpleApplication@1d624af
----------------- Done invoking toplevel() on ptolemy.moml.MoMLSimpleApplication@1d624af
reloadAllAccessors: .arrayType22

===========================================================================================
----------------- testing Sat Jul 06 04:52:31 UTC 2019 /home/travis/build/icyphy/ptII/ptolemy/actor/lib/test/auto/arrayType23.xml
----------------- Instantiating /home/travis/build/icyphy/ptII/ptolemy/actor/lib/test/auto/arrayType23.xml
1 ms. Memory: 560128K Free: 311108K (56%)
----------------- Invoking toplevel() on ptolemy.moml.MoMLSimpleApplication@57e43726
----------------- Done invoking toplevel() on ptolemy.moml.MoMLSimpleApplication@57e43726
reloadAllAccessors: .arrayType23

===========================================================================================
----------------- testing Sat Jul 06 04:52:31 UTC 2019 /home/travis/build/icyphy/ptII/ptolemy/actor/lib/test/auto/arrayType24.xml
----------------- Instantiating /home/travis/build/icyphy/ptII/ptolemy/actor/lib/test/auto/arrayType24.xml
1 ms. Memory: 560128K Free: 306498K (55%)
----------------- Invoking toplevel() on ptolemy.moml.MoMLSimpleApplication@69458d10
----------------- Done invoking toplevel() on ptolemy.moml.MoMLSimpleApplication@69458d10
reloadAllAccessors: .arrayType24

===========================================================================================
----------------- testing Sat Jul 06 04:52:31 UTC 2019 /home/travis/build/icyphy/ptII/ptolemy/actor/lib/test/auto/arrayType25.xml
----------------- Instantiating /home/travis/build/icyphy/ptII/ptolemy/actor/lib/test/auto/arrayType25.xml
2 ms. Memory: 560128K Free: 301364K (54%)
----------------- Invoking toplevel() on ptolemy.moml.MoMLSimpleApplication@2c0a73a6
----------------- Done invoking toplevel() on ptolemy.moml.MoMLSimpleApplication@2c0a73a6
reloadAllAccessors: .arrayType25

===========================================================================================
----------------- testing Sat Jul 06 04:52:31 UTC 2019 /home/travis/build/icyphy/ptII/ptolemy/actor/lib/test/auto/arrayType26.xml
----------------- Instantiating /home/travis/build/icyphy/ptII/ptolemy/actor/lib/test/auto/arrayType26.xml
2 ms. Memory: 560128K Free: 295748K (53%)
----------------- Invoking toplevel() on ptolemy.moml.MoMLSimpleApplication@3851e206
----------------- Done invoking toplevel() on ptolemy.moml.MoMLSimpleApplication@3851e206
reloadAllAccessors: .arrayType26

===========================================================================================
----------------- testing Sat Jul 06 04:52:31 UTC 2019 /home/travis/build/icyphy/ptII/ptolemy/actor/lib/test/auto/arrayType27.xml
----------------- Instantiating /home/travis/build/icyphy/ptII/ptolemy/actor/lib/test/auto/arrayType27.xml
2 ms. Memory: 560128K Free: 290628K (52%)
----------------- Invoking toplevel() on ptolemy.moml.MoMLSimpleApplication@758b7e5e
----------------- Done invoking toplevel() on ptolemy.moml.MoMLSimpleApplication@758b7e5e
reloadAllAccessors: .arrayType27

===========================================================================================
----------------- testing Sat Jul 06 04:52:31 UTC 2019 /home/travis/build/icyphy/ptII/ptolemy/actor/lib/test/auto/arrayType28.xml
----------------- Instantiating /home/travis/build/icyphy/ptII/ptolemy/actor/lib/test/auto/arrayType28.xml
1 ms. Memory: 560128K Free: 284994K (51%)
----------------- Invoking toplevel() on ptolemy.moml.MoMLSimpleApplication@492b31e6
----------------- Done invoking toplevel() on ptolemy.moml.MoMLSimpleApplication@492b31e6
reloadAllAccessors: .arrayType28

===========================================================================================
----------------- testing Sat Jul 06 04:52:31 UTC 2019 /home/travis/build/icyphy/ptII/ptolemy/actor/lib/test/auto/arrayType3.xml
----------------- Instantiating /home/travis/build/icyphy/ptII/ptolemy/actor/lib/test/auto/arrayType3.xml
1 ms. Memory: 560128K Free: 279874K (50%)
----------------- Invoking toplevel() on ptolemy.moml.MoMLSimpleApplication@1f3493c4
----------------- Done invoking toplevel() on ptolemy.moml.MoMLSimpleApplication@1f3493c4
reloadAllAccessors: .arrayType3

===========================================================================================
----------------- testing Sat Jul 06 04:52:31 UTC 2019 /home/travis/build/icyphy/ptII/ptolemy/actor/lib/test/auto/arrayType4.xml
----------------- Instantiating /home/travis/build/icyphy/ptII/ptolemy/actor/lib/test/auto/arrayType4.xml
2 ms. Memory: 560128K Free: 274740K (49%)
----------------- Invoking toplevel() on ptolemy.moml.MoMLSimpleApplication@7f6c6bb8
----------------- Done invoking toplevel() on ptolemy.moml.MoMLSimpleApplication@7f6c6bb8
reloadAllAccessors: .arrayType4

===========================================================================================
----------------- testing Sat Jul 06 04:52:31 UTC 2019 /home/travis/build/icyphy/ptII/ptolemy/actor/lib/test/auto/arrayType5.xml
----------------- Instantiating /home/travis/build/icyphy/ptII/ptolemy/actor/lib/test/auto/arrayType5.xml
1 ms. Memory: 560128K Free: 269124K (48%)
----------------- Invoking toplevel() on ptolemy.moml.MoMLSimpleApplication@61162c7e
----------------- Done invoking toplevel() on ptolemy.moml.MoMLSimpleApplication@61162c7e
reloadAllAccessors: .arrayType5

===========================================================================================
----------------- testing Sat Jul 06 04:52:31 UTC 2019 /home/travis/build/icyphy/ptII/ptolemy/actor/lib/test/auto/arrayType6.xml
----------------- Instantiating /home/travis/build/icyphy/ptII/ptolemy/actor/lib/test/auto/arrayType6.xml
1 ms. Memory: 560128K Free: 264514K (47%)
----------------- Invoking toplevel() on ptolemy.moml.MoMLSimpleApplication@3b2ca611
----------------- Done invoking toplevel() on ptolemy.moml.MoMLSimpleApplication@3b2ca611
reloadAllAccessors: .arrayType6

===========================================================================================
----------------- testing Sat Jul 06 04:52:31 UTC 2019 /home/travis/build/icyphy/ptII/ptolemy/actor/lib/test/auto/arrayType7.xml
----------------- Instantiating /home/travis/build/icyphy/ptII/ptolemy/actor/lib/test/auto/arrayType7.xml
1 ms. Memory: 560128K Free: 259394K (46%)
----------------- Invoking toplevel() on ptolemy.moml.MoMLSimpleApplication@5cc9bcff
----------------- Done invoking toplevel() on ptolemy.moml.MoMLSimpleApplication@5cc9bcff
reloadAllAccessors: .arrayType7

===========================================================================================
----------------- testing Sat Jul 06 04:52:31 UTC 2019 /home/travis/build/icyphy/ptII/ptolemy/actor/lib/test/auto/arrayType8.xml
----------------- Instantiating /home/travis/build/icyphy/ptII/ptolemy/actor/lib/test/auto/arrayType8.xml
7 ms. Memory: 560128K Free: 254788K (45%)
----------------- Invoking toplevel() on ptolemy.moml.MoMLSimpleApplication@15b0d9a5
----------------- Done invoking toplevel() on ptolemy.moml.MoMLSimpleApplication@15b0d9a5
reloadAllAccessors: .arrayType8

===========================================================================================
----------------- testing Sat Jul 06 04:52:31 UTC 2019 /home/travis/build/icyphy/ptII/ptolemy/actor/lib/test/auto/arrayType9.xml
----------------- Instantiating /home/travis/build/icyphy/ptII/ptolemy/actor/lib/test/auto/arrayType9.xml
2 ms. Memory: 560128K Free: 250178K (45%)
----------------- Invoking toplevel() on ptolemy.moml.MoMLSimpleApplication@1676cc21
----------------- Done invoking toplevel() on ptolemy.moml.MoMLSimpleApplication@1676cc21
reloadAllAccessors: .arrayType9

===========================================================================================
----------------- testing Sat Jul 06 04:52:31 UTC 2019 /home/travis/build/icyphy/ptII/ptolemy/actor/lib/test/auto/cast.xml
----------------- Instantiating /home/travis/build/icyphy/ptII/ptolemy/actor/lib/test/auto/cast.xml
2 ms. Memory: 560128K Free: 245058K (44%)
----------------- Invoking toplevel() on ptolemy.moml.MoMLSimpleApplication@78a0dd04
----------------- Done invoking toplevel() on ptolemy.moml.MoMLSimpleApplication@78a0dd04
reloadAllAccessors: .cast

===========================================================================================
----------------- testing Sat Jul 06 04:52:31 UTC 2019 /home/travis/build/icyphy/ptII/ptolemy/actor/lib/test/auto/compositeMultiPort.xml
----------------- Instantiating /home/travis/build/icyphy/ptII/ptolemy/actor/lib/test/auto/compositeMultiPort.xml
3 ms. Memory: 560128K Free: 236356K (42%)
----------------- Invoking toplevel() on ptolemy.moml.MoMLSimpleApplication@4390829c
----------------- Done invoking toplevel() on ptolemy.moml.MoMLSimpleApplication@4390829c
reloadAllAccessors: .compositeMultiPort

===========================================================================================
----------------- testing Sat Jul 06 04:52:31 UTC 2019 /home/travis/build/icyphy/ptII/ptolemy/actor/lib/test/auto/expressionCastInference.xml
----------------- Instantiating /home/travis/build/icyphy/ptII/ptolemy/actor/lib/test/auto/expressionCastInference.xml
14 ms. Memory: 560128K Free: 231236K (41%)
----------------- Invoking toplevel() on ptolemy.moml.MoMLSimpleApplication@338a6827
----------------- Done invoking toplevel() on ptolemy.moml.MoMLSimpleApplication@338a6827
reloadAllAccessors: .expressionCastInference

===========================================================================================
----------------- testing Sat Jul 06 04:52:31 UTC 2019 /home/travis/build/icyphy/ptII/ptolemy/actor/lib/test/auto/expressionCastInference2.xml
----------------- Instantiating /home/travis/build/icyphy/ptII/ptolemy/actor/lib/test/auto/expressionCastInference2.xml
2 ms. Memory: 560128K Free: 226626K (40%)
----------------- Invoking toplevel() on ptolemy.moml.MoMLSimpleApplication@19f870f7
----------------- Done invoking toplevel() on ptolemy.moml.MoMLSimpleApplication@19f870f7
reloadAllAccessors: .expressionCastInference2

===========================================================================================
----------------- testing Sat Jul 06 04:52:32 UTC 2019 /home/travis/build/icyphy/ptII/ptolemy/actor/lib/test/auto/expressionInference.xml
----------------- Instantiating /home/travis/build/icyphy/ptII/ptolemy/actor/lib/test/auto/expressionInference.xml
1 ms. Memory: 560128K Free: 222530K (40%)
----------------- Invoking toplevel() on ptolemy.moml.MoMLSimpleApplication@4c1ecac4
----------------- Done invoking toplevel() on ptolemy.moml.MoMLSimpleApplication@4c1ecac4
reloadAllAccessors: .expressionInference

===========================================================================================
----------------- testing Sat Jul 06 04:52:32 UTC 2019 /home/travis/build/icyphy/ptII/ptolemy/actor/lib/test/auto/expression_bug.xml
----------------- Instantiating /home/travis/build/icyphy/ptII/ptolemy/actor/lib/test/auto/expression_bug.xml
1 ms. Memory: 560128K Free: 217410K (39%)
----------------- Invoking toplevel() on ptolemy.moml.MoMLSimpleApplication@3d14812a
----------------- Done invoking toplevel() on ptolemy.moml.MoMLSimpleApplication@3d14812a
reloadAllAccessors: .expression_bug

===========================================================================================
----------------- testing Sat Jul 06 04:52:32 UTC 2019 /home/travis/build/icyphy/ptII/ptolemy/actor/lib/test/auto/factorial.xml
----------------- Instantiating /home/travis/build/icyphy/ptII/ptolemy/actor/lib/test/auto/factorial.xml
32 ms. Memory: 560128K Free: 208708K (37%)
----------------- Invoking toplevel() on ptolemy.moml.MoMLSimpleApplication@204a59a1
----------------- Done invoking toplevel() on ptolemy.moml.MoMLSimpleApplication@204a59a1
reloadAllAccessors: .factorial

===========================================================================================
----------------- testing Sat Jul 06 04:52:32 UTC 2019 /home/travis/build/icyphy/ptII/ptolemy/actor/lib/test/auto/filterTest1.xml
----------------- Instantiating /home/travis/build/icyphy/ptII/ptolemy/actor/lib/test/auto/filterTest1.xml
3 ms. Memory: 560128K Free: 202564K (36%)
----------------- Invoking toplevel() on ptolemy.moml.MoMLSimpleApplication@6e54716c
----------------- Done invoking toplevel() on ptolemy.moml.MoMLSimpleApplication@6e54716c
reloadAllAccessors: .filterTest1

===========================================================================================
----------------- testing Sat Jul 06 04:52:32 UTC 2019 /home/travis/build/icyphy/ptII/ptolemy/actor/lib/test/auto/funcApplyInConst.xml
----------------- Instantiating /home/travis/build/icyphy/ptII/ptolemy/actor/lib/test/auto/funcApplyInConst.xml
1 ms. Memory: 560128K Free: 198978K (36%)
----------------- Invoking toplevel() on ptolemy.moml.MoMLSimpleApplication@6625a99e
----------------- Done invoking toplevel() on ptolemy.moml.MoMLSimpleApplication@6625a99e
reloadAllAccessors: .funcApplyInConst

===========================================================================================
----------------- testing Sat Jul 06 04:52:32 UTC 2019 /home/travis/build/icyphy/ptII/ptolemy/actor/lib/test/auto/funcApplyInExpr.xml
----------------- Instantiating /home/travis/build/icyphy/ptII/ptolemy/actor/lib/test/auto/funcApplyInExpr.xml
1 ms. Memory: 560128K Free: 194882K (35%)
----------------- Invoking toplevel() on ptolemy.moml.MoMLSimpleApplication@47a30394
----------------- Done invoking toplevel() on ptolemy.moml.MoMLSimpleApplication@47a30394
reloadAllAccessors: .funcApplyInExpr

===========================================================================================
----------------- testing Sat Jul 06 04:52:32 UTC 2019 /home/travis/build/icyphy/ptII/ptolemy/actor/lib/test/auto/function.xml
----------------- Instantiating /home/travis/build/icyphy/ptII/ptolemy/actor/lib/test/auto/function.xml
2 ms. Memory: 560128K Free: 190276K (34%)
----------------- Invoking toplevel() on ptolemy.moml.MoMLSimpleApplication@2ce0f7ad
----------------- Done invoking toplevel() on ptolemy.moml.MoMLSimpleApplication@2ce0f7ad
reloadAllAccessors: .function

===========================================================================================
----------------- testing Sat Jul 06 04:52:32 UTC 2019 /home/travis/build/icyphy/ptII/ptolemy/actor/lib/test/auto/function2.xml
----------------- Instantiating /home/travis/build/icyphy/ptII/ptolemy/actor/lib/test/auto/function2.xml
1 ms. Memory: 560128K Free: 185666K (33%)
----------------- Invoking toplevel() on ptolemy.moml.MoMLSimpleApplication@ad14c6
----------------- Done invoking toplevel() on ptolemy.moml.MoMLSimpleApplication@ad14c6
reloadAllAccessors: .function2

===========================================================================================
----------------- testing Sat Jul 06 04:52:32 UTC 2019 /home/travis/build/icyphy/ptII/ptolemy/actor/lib/test/auto/function3.xml
----------------- Instantiating /home/travis/build/icyphy/ptII/ptolemy/actor/lib/test/auto/function3.xml
1 ms. Memory: 560128K Free: 181570K (32%)
----------------- Invoking toplevel() on ptolemy.moml.MoMLSimpleApplication@4558e1f5
----------------- Done invoking toplevel() on ptolemy.moml.MoMLSimpleApplication@4558e1f5
reloadAllAccessors: .function3

===========================================================================================
----------------- testing Sat Jul 06 04:52:32 UTC 2019 /home/travis/build/icyphy/ptII/ptolemy/actor/lib/test/auto/functionClosureTest1.xml
----------------- Instantiating /home/travis/build/icyphy/ptII/ptolemy/actor/lib/test/auto/functionClosureTest1.xml
2 ms. Memory: 560128K Free: 502052K (90%)
----------------- Invoking toplevel() on ptolemy.moml.MoMLSimpleApplication@47d1249c
----------------- Done invoking toplevel() on ptolemy.moml.MoMLSimpleApplication@47d1249c
reloadAllAccessors: .functionClosureTest1

===========================================================================================
----------------- testing Sat Jul 06 04:52:32 UTC 2019 /home/travis/build/icyphy/ptII/ptolemy/actor/lib/test/auto/functionClosureTest2.xml
----------------- Instantiating /home/travis/build/icyphy/ptII/ptolemy/actor/lib/test/auto/functionClosureTest2.xml
1 ms. Memory: 560128K Free: 497986K (89%)
----------------- Invoking toplevel() on ptolemy.moml.MoMLSimpleApplication@1d9a371
----------------- Done invoking toplevel() on ptolemy.moml.MoMLSimpleApplication@1d9a371
reloadAllAccessors: .functionClosureTest2

===========================================================================================
----------------- testing Sat Jul 06 04:52:32 UTC 2019 /home/travis/build/icyphy/ptII/ptolemy/actor/lib/test/auto/functionClosureTest3.xml
----------------- Instantiating /home/travis/build/icyphy/ptII/ptolemy/actor/lib/test/auto/functionClosureTest3.xml
2 ms. Memory: 560128K Free: 492866K (88%)
----------------- Invoking toplevel() on ptolemy.moml.MoMLSimpleApplication@4e20d354
----------------- Done invoking toplevel() on ptolemy.moml.MoMLSimpleApplication@4e20d354
reloadAllAccessors: .functionClosureTest3

===========================================================================================
----------------- testing Sat Jul 06 04:52:32 UTC 2019 /home/travis/build/icyphy/ptII/ptolemy/actor/lib/test/auto/functionClosureTest4.xml
----------------- Instantiating /home/travis/build/icyphy/ptII/ptolemy/actor/lib/test/auto/functionClosureTest4.xml
4 ms. Memory: 560128K Free: 486212K (87%)
----------------- Invoking toplevel() on ptolemy.moml.MoMLSimpleApplication@2c673403
----------------- Done invoking toplevel() on ptolemy.moml.MoMLSimpleApplication@2c673403
reloadAllAccessors: .functionClosureTest4

===========================================================================================
----------------- testing Sat Jul 06 04:52:32 UTC 2019 /home/travis/build/icyphy/ptII/ptolemy/actor/lib/test/auto/functionClosureTest5.xml
----------------- Instantiating /home/travis/build/icyphy/ptII/ptolemy/actor/lib/test/auto/functionClosureTest5.xml
3 ms. Memory: 560128K Free: 481092K (86%)
----------------- Invoking toplevel() on ptolemy.moml.MoMLSimpleApplication@5b4b7d5
----------------- Done invoking toplevel() on ptolemy.moml.MoMLSimpleApplication@5b4b7d5
reloadAllAccessors: .functionClosureTest5

===========================================================================================
----------------- testing Sat Jul 06 04:52:32 UTC 2019 /home/travis/build/icyphy/ptII/ptolemy/actor/lib/test/auto/functionClosureTest6.xml
----------------- Instantiating /home/travis/build/icyphy/ptII/ptolemy/actor/lib/test/auto/functionClosureTest6.xml
2 ms. Memory: 560128K Free: 475972K (85%)
----------------- Invoking toplevel() on ptolemy.moml.MoMLSimpleApplication@2be95802
----------------- Done invoking toplevel() on ptolemy.moml.MoMLSimpleApplication@2be95802
reloadAllAccessors: .functionClosureTest6

===========================================================================================
----------------- testing Sat Jul 06 04:52:32 UTC 2019 /home/travis/build/icyphy/ptII/ptolemy/actor/lib/test/auto/functionsOnArcs.xml
----------------- Instantiating /home/travis/build/icyphy/ptII/ptolemy/actor/lib/test/auto/functionsOnArcs.xml
2 ms. Memory: 560128K Free: 470852K (84%)
----------------- Invoking toplevel() on ptolemy.moml.MoMLSimpleApplication@11b645a
----------------- Done invoking toplevel() on ptolemy.moml.MoMLSimpleApplication@11b645a
reloadAllAccessors: .functionsOnArcs

===========================================================================================
----------------- testing Sat Jul 06 04:52:32 UTC 2019 /home/travis/build/icyphy/ptII/ptolemy/actor/lib/test/auto/functionsOnArcsHOF.xml
----------------- Instantiating /home/travis/build/icyphy/ptII/ptolemy/actor/lib/test/auto/functionsOnArcsHOF.xml
3 ms. Memory: 560128K Free: 464708K (83%)
----------------- Invoking toplevel() on ptolemy.moml.MoMLSimpleApplication@2bf52bda
----------------- Done invoking toplevel() on ptolemy.moml.MoMLSimpleApplication@2bf52bda
reloadAllAccessors: .functionsOnArcsHOF

===========================================================================================
----------------- testing Sat Jul 06 04:52:32 UTC 2019 /home/travis/build/icyphy/ptII/ptolemy/actor/lib/test/auto/logic.xml
----------------- Instantiating /home/travis/build/icyphy/ptII/ptolemy/actor/lib/test/auto/logic.xml
2 ms. Memory: 560128K Free: 457540K (82%)
----------------- Invoking toplevel() on ptolemy.moml.MoMLSimpleApplication@65e448ef
----------------- Done invoking toplevel() on ptolemy.moml.MoMLSimpleApplication@65e448ef
reloadAllAccessors: .logic

===========================================================================================
----------------- testing Sat Jul 06 04:52:32 UTC 2019 /home/travis/build/icyphy/ptII/ptolemy/actor/lib/test/auto/matrixType.xml
----------------- Instantiating /home/travis/build/icyphy/ptII/ptolemy/actor/lib/test/auto/matrixType.xml
1 ms. Memory: 560128K Free: 452930K (81%)
----------------- Invoking toplevel() on ptolemy.moml.MoMLSimpleApplication@54f15468
----------------- Done invoking toplevel() on ptolemy.moml.MoMLSimpleApplication@54f15468
reloadAllAccessors: .matrixType

===========================================================================================
----------------- testing Sat Jul 06 04:52:32 UTC 2019 /home/travis/build/icyphy/ptII/ptolemy/actor/lib/test/auto/matrixType10.xml
----------------- Instantiating /home/travis/build/icyphy/ptII/ptolemy/actor/lib/test/auto/matrixType10.xml
2 ms. Memory: 560128K Free: 447810K (80%)
----------------- Invoking toplevel() on ptolemy.moml.MoMLSimpleApplication@1e988bb8
----------------- Done invoking toplevel() on ptolemy.moml.MoMLSimpleApplication@1e988bb8
reloadAllAccessors: .matrixType10

===========================================================================================
----------------- testing Sat Jul 06 04:52:32 UTC 2019 /home/travis/build/icyphy/ptII/ptolemy/actor/lib/test/auto/matrixType11.xml
----------------- Instantiating /home/travis/build/icyphy/ptII/ptolemy/actor/lib/test/auto/matrixType11.xml
2 ms. Memory: 560128K Free: 443204K (79%)
----------------- Invoking toplevel() on ptolemy.moml.MoMLSimpleApplication@26e25ec9
----------------- Done invoking toplevel() on ptolemy.moml.MoMLSimpleApplication@26e25ec9
reloadAllAccessors: .matrixType11

===========================================================================================
----------------- testing Sat Jul 06 04:52:32 UTC 2019 /home/travis/build/icyphy/ptII/ptolemy/actor/lib/test/auto/matrixType12.xml
----------------- Instantiating /home/travis/build/icyphy/ptII/ptolemy/actor/lib/test/auto/matrixType12.xml
1 ms. Memory: 560128K Free: 438084K (78%)
----------------- Invoking toplevel() on ptolemy.moml.MoMLSimpleApplication@64096bd2
----------------- Done invoking toplevel() on ptolemy.moml.MoMLSimpleApplication@64096bd2
reloadAllAccessors: .matrixType12

===========================================================================================
----------------- testing Sat Jul 06 04:52:32 UTC 2019 /home/travis/build/icyphy/ptII/ptolemy/actor/lib/test/auto/matrixType13.xml
----------------- Instantiating /home/travis/build/icyphy/ptII/ptolemy/actor/lib/test/auto/matrixType13.xml
1 ms. Memory: 560128K Free: 433474K (77%)
----------------- Invoking toplevel() on ptolemy.moml.MoMLSimpleApplication@29586669
----------------- Done invoking toplevel() on ptolemy.moml.MoMLSimpleApplication@29586669
reloadAllAccessors: .matrixType13

===========================================================================================
----------------- testing Sat Jul 06 04:52:32 UTC 2019 /home/travis/build/icyphy/ptII/ptolemy/actor/lib/test/auto/matrixType14.xml
----------------- Instantiating /home/travis/build/icyphy/ptII/ptolemy/actor/lib/test/auto/matrixType14.xml
1 ms. Memory: 560128K Free: 428354K (76%)
----------------- Invoking toplevel() on ptolemy.moml.MoMLSimpleApplication@4d9eca38
----------------- Done invoking toplevel() on ptolemy.moml.MoMLSimpleApplication@4d9eca38
reloadAllAccessors: .matrixType14

===========================================================================================
----------------- testing Sat Jul 06 04:52:32 UTC 2019 /home/travis/build/icyphy/ptII/ptolemy/actor/lib/test/auto/matrixType2.xml
----------------- Instantiating /home/travis/build/icyphy/ptII/ptolemy/actor/lib/test/auto/matrixType2.xml
1 ms. Memory: 560128K Free: 423234K (76%)
----------------- Invoking toplevel() on ptolemy.moml.MoMLSimpleApplication@4ea93db6
----------------- Done invoking toplevel() on ptolemy.moml.MoMLSimpleApplication@4ea93db6
reloadAllAccessors: .matrixType2

===========================================================================================
----------------- testing Sat Jul 06 04:52:32 UTC 2019 /home/travis/build/icyphy/ptII/ptolemy/actor/lib/test/auto/matrixType3.xml
----------------- Instantiating /home/travis/build/icyphy/ptII/ptolemy/actor/lib/test/auto/matrixType3.xml
2 ms. Memory: 560128K Free: 418114K (75%)
----------------- Invoking toplevel() on ptolemy.moml.MoMLSimpleApplication@15792f01
----------------- Done invoking toplevel() on ptolemy.moml.MoMLSimpleApplication@15792f01
reloadAllAccessors: .matrixType3

===========================================================================================
----------------- testing Sat Jul 06 04:52:32 UTC 2019 /home/travis/build/icyphy/ptII/ptolemy/actor/lib/test/auto/matrixType4.xml
----------------- Instantiating /home/travis/build/icyphy/ptII/ptolemy/actor/lib/test/auto/matrixType4.xml
1 ms. Memory: 560128K Free: 413508K (74%)
----------------- Invoking toplevel() on ptolemy.moml.MoMLSimpleApplication@699605de
----------------- Done invoking toplevel() on ptolemy.moml.MoMLSimpleApplication@699605de
reloadAllAccessors: .matrixType4

===========================================================================================
----------------- testing Sat Jul 06 04:52:32 UTC 2019 /home/travis/build/icyphy/ptII/ptolemy/actor/lib/test/auto/matrixType5.xml
----------------- Instantiating /home/travis/build/icyphy/ptII/ptolemy/actor/lib/test/auto/matrixType5.xml
1 ms. Memory: 560128K Free: 408388K (73%)
----------------- Invoking toplevel() on ptolemy.moml.MoMLSimpleApplication@59d95e75
----------------- Done invoking toplevel() on ptolemy.moml.MoMLSimpleApplication@59d95e75
reloadAllAccessors: .matrixType5

===========================================================================================
----------------- testing Sat Jul 06 04:52:32 UTC 2019 /home/travis/build/icyphy/ptII/ptolemy/actor/lib/test/auto/matrixType6.xml
----------------- Instantiating /home/travis/build/icyphy/ptII/ptolemy/actor/lib/test/auto/matrixType6.xml
1 ms. Memory: 560128K Free: 403778K (72%)
----------------- Invoking toplevel() on ptolemy.moml.MoMLSimpleApplication@7ee715e
----------------- Done invoking toplevel() on ptolemy.moml.MoMLSimpleApplication@7ee715e
reloadAllAccessors: .matrixType6

===========================================================================================
----------------- testing Sat Jul 06 04:52:32 UTC 2019 /home/travis/build/icyphy/ptII/ptolemy/actor/lib/test/auto/matrixType7.xml
----------------- Instantiating /home/travis/build/icyphy/ptII/ptolemy/actor/lib/test/auto/matrixType7.xml
2 ms. Memory: 560128K Free: 398658K (71%)
----------------- Invoking toplevel() on ptolemy.moml.MoMLSimpleApplication@6ae7c88b
----------------- Done invoking toplevel() on ptolemy.moml.MoMLSimpleApplication@6ae7c88b
reloadAllAccessors: .matrixType7

===========================================================================================
----------------- testing Sat Jul 06 04:52:32 UTC 2019 /home/travis/build/icyphy/ptII/ptolemy/actor/lib/test/auto/matrixType8.xml
----------------- Instantiating /home/travis/build/icyphy/ptII/ptolemy/actor/lib/test/auto/matrixType8.xml
1 ms. Memory: 560128K Free: 394052K (70%)
----------------- Invoking toplevel() on ptolemy.moml.MoMLSimpleApplication@56ff86f4
----------------- Done invoking toplevel() on ptolemy.moml.MoMLSimpleApplication@56ff86f4
reloadAllAccessors: .matrixType8

===========================================================================================
----------------- testing Sat Jul 06 04:52:32 UTC 2019 /home/travis/build/icyphy/ptII/ptolemy/actor/lib/test/auto/matrixType9.xml
----------------- Instantiating /home/travis/build/icyphy/ptII/ptolemy/actor/lib/test/auto/matrixType9.xml
2 ms. Memory: 560128K Free: 388932K (69%)
----------------- Invoking toplevel() on ptolemy.moml.MoMLSimpleApplication@67380e3e
----------------- Done invoking toplevel() on ptolemy.moml.MoMLSimpleApplication@67380e3e
reloadAllAccessors: .matrixType9

===========================================================================================
----------------- testing Sat Jul 06 04:52:32 UTC 2019 /home/travis/build/icyphy/ptII/ptolemy/actor/lib/test/auto/paraFunctest.xml
----------------- Instantiating /home/travis/build/icyphy/ptII/ptolemy/actor/lib/test/auto/paraFunctest.xml
2 ms. Memory: 560128K Free: 385316K (69%)
----------------- Invoking toplevel() on ptolemy.moml.MoMLSimpleApplication@3f0910a7
----------------- Done invoking toplevel() on ptolemy.moml.MoMLSimpleApplication@3f0910a7
reloadAllAccessors: .paraFunctest

===========================================================================================
----------------- testing Sat Jul 06 04:52:32 UTC 2019 /home/travis/build/icyphy/ptII/ptolemy/actor/lib/test/auto/paraFunctest2.xml
----------------- Instantiating /home/travis/build/icyphy/ptII/ptolemy/actor/lib/test/auto/paraFunctest2.xml
1 ms. Memory: 560128K Free: 380226K (68%)
----------------- Invoking toplevel() on ptolemy.moml.MoMLSimpleApplication@5360cac1
----------------- Done invoking toplevel() on ptolemy.moml.MoMLSimpleApplication@5360cac1
reloadAllAccessors: .paraFunctest2

===========================================================================================
----------------- testing Sat Jul 06 04:52:32 UTC 2019 /home/travis/build/icyphy/ptII/ptolemy/actor/lib/test/auto/parameterPassing.xml
----------------- Instantiating /home/travis/build/icyphy/ptII/ptolemy/actor/lib/test/auto/parameterPassing.xml
1 ms. Memory: 560128K Free: 376130K (67%)
----------------- Invoking toplevel() on ptolemy.moml.MoMLSimpleApplication@4ecaa5b1
----------------- Done invoking toplevel() on ptolemy.moml.MoMLSimpleApplication@4ecaa5b1
reloadAllAccessors: .parameterPassing

===========================================================================================
----------------- testing Sat Jul 06 04:52:32 UTC 2019 /home/travis/build/icyphy/ptII/ptolemy/actor/lib/test/auto/record.xml
----------------- Instantiating /home/travis/build/icyphy/ptII/ptolemy/actor/lib/test/auto/record.xml
2 ms. Memory: 560128K Free: 371010K (66%)
----------------- Invoking toplevel() on ptolemy.moml.MoMLSimpleApplication@1d02118b
----------------- Done invoking toplevel() on ptolemy.moml.MoMLSimpleApplication@1d02118b
reloadAllAccessors: .record

===========================================================================================
----------------- testing Sat Jul 06 04:52:32 UTC 2019 /home/travis/build/icyphy/ptII/ptolemy/actor/lib/test/auto/sizedarray1.xml
----------------- Instantiating /home/travis/build/icyphy/ptII/ptolemy/actor/lib/test/auto/sizedarray1.xml
1 ms. Memory: 560128K Free: 365890K (65%)
----------------- Invoking toplevel() on ptolemy.moml.MoMLSimpleApplication@32b03f01
----------------- Done invoking toplevel() on ptolemy.moml.MoMLSimpleApplication@32b03f01
reloadAllAccessors: .sizedarray1

===========================================================================================
----------------- testing Sat Jul 06 04:52:32 UTC 2019 /home/travis/build/icyphy/ptII/ptolemy/actor/lib/test/auto/sizedarray2.xml
----------------- Instantiating /home/travis/build/icyphy/ptII/ptolemy/actor/lib/test/auto/sizedarray2.xml
2 ms. Memory: 560128K Free: 360260K (64%)
----------------- Invoking toplevel() on ptolemy.moml.MoMLSimpleApplication@1aa2b6fb
----------------- Done invoking toplevel() on ptolemy.moml.MoMLSimpleApplication@1aa2b6fb
reloadAllAccessors: .sizedarray2

===========================================================================================
----------------- testing Sat Jul 06 04:52:32 UTC 2019 /home/travis/build/icyphy/ptII/ptolemy/actor/lib/test/auto/twoPublishers.xml
----------------- Instantiating /home/travis/build/icyphy/ptII/ptolemy/actor/lib/test/auto/twoPublishers.xml
7 ms. Memory: 560128K Free: 350020K (62%)
----------------- Invoking toplevel() on ptolemy.moml.MoMLSimpleApplication@750ed31b
----------------- Done invoking toplevel() on ptolemy.moml.MoMLSimpleApplication@750ed31b
reloadAllAccessors: .twoPublishers
AutoTests.java: About to close Vertx.
AutoTests.java: Vertx closed.
]]></system-out>
  <system-err><![CDATA[java.lang.RuntimeException: Execution failed
	at ptolemy.moml.MoMLSimpleApplication$UnloadThread.run(MoMLSimpleApplication.java:402)
Caused by: java.lang.RuntimeException: StringUtilities.exit() was called. Normally, we would exit here because Manager.exitAfterWrapup() was called.  However, because the ptolemy.ptII.exitAfterWrapup property is set, we throw this exception instead.
	at ptolemy.util.StringUtilities.exit(StringUtilities.java:363)
	at ptolemy.actor.Manager.wrapup(Manager.java:1531)
	at ptolemy.actor.Manager.execute(Manager.java:407)
	at ptolemy.actor.Manager.run(Manager.java:1263)
	at ptolemy.actor.Manager$PtolemyRunThread.run(Manager.java:1915)
Warning: '.top.test' is in training mode, set the trainingMode parameter to false before checking in
Warning: '.top.test' is in training mode, set the trainingMode parameter to false before checking in
Warning: '.top.test' is in training mode, set the trainingMode parameter to false before checking in
Warning: '.BooleanSwitch_RegressionTest_WrongTrainingValues.Test' is in training mode, set the trainingMode parameter to false before checking in
Warning: '.BooleanSwitch_RegressionTest_WrongTrainingValues.Test2' is in training mode, set the trainingMode parameter to false before checking in
Warning: '.BooleanSwitch_RegressionTest_WrongTrainingValues.Test2' The test produced 0 tokens.
Warning: '.top.testExceptionHandler' is in training mode, set the trainingMode parameter to false before checking in
java.lang.RuntimeException: Execution failed
	at ptolemy.moml.MoMLSimpleApplication$UnloadThread.run(MoMLSimpleApplication.java:402)
Caused by: ptolemy.kernel.util.IllegalActionException: PublisherPorts cannot be used at the top level, use a Publisher actor instead.
  in .PublisherPortToplevelSubscriber.PublisherPort
	at ptolemy.actor.PublisherPort.preinitialize(PublisherPort.java:403)
	at ptolemy.actor.CompositeActor.preinitialize(CompositeActor.java:1769)
	at ptolemy.actor.Manager.preinitializeAndResolveTypes(Manager.java:1040)
	at ptolemy.actor.Manager.initialize(Manager.java:710)
	at ptolemy.actor.Manager.execute(Manager.java:356)
	at ptolemy.actor.Manager.run(Manager.java:1263)
	at ptolemy.actor.Manager$PtolemyRunThread.run(Manager.java:1915)
java.lang.reflect.InvocationTargetException
	at java.base/jdk.internal.reflect.NativeConstructorAccessorImpl.newInstance0(Native Method)
	at java.base/jdk.internal.reflect.NativeConstructorAccessorImpl.newInstance(NativeConstructorAccessorImpl.java:62)
	at java.base/jdk.internal.reflect.DelegatingConstructorAccessorImpl.newInstance(DelegatingConstructorAccessorImpl.java:45)
	at java.base/java.lang.reflect.Constructor.newInstance(Constructor.java:490)
	at ptolemy.util.test.junit.AutoKnownFailedTests.RunModel(AutoKnownFailedTests.java:105)
	at java.base/jdk.internal.reflect.NativeMethodAccessorImpl.invoke0(Native Method)
	at java.base/jdk.internal.reflect.NativeMethodAccessorImpl.invoke(NativeMethodAccessorImpl.java:62)
	at java.base/jdk.internal.reflect.DelegatingMethodAccessorImpl.invoke(DelegatingMethodAccessorImpl.java:43)
	at java.base/java.lang.reflect.Method.invoke(Method.java:566)
	at org.junit.runners.model.FrameworkMethod$1.runReflectiveCall(FrameworkMethod.java:44)
	at org.junit.internal.runners.model.ReflectiveCallable.run(ReflectiveCallable.java:15)
	at org.junit.runners.model.FrameworkMethod.invokeExplosively(FrameworkMethod.java:41)
	at junitparams.internal.InvokeParameterisedMethod.evaluate(InvokeParameterisedMethod.java:102)
	at org.junit.internal.runners.statements.FailOnTimeout$1.run(FailOnTimeout.java:28)
Caused by: ptolemy.kernel.util.IllegalActionException: PublisherPorts cannot be used at the top level, use a Publisher actor instead.
  in .PublisherPortToplevelSubscriber.PublisherPort
	at ptolemy.actor.PublisherPort.preinitialize(PublisherPort.java:403)
	at ptolemy.actor.CompositeActor.preinitialize(CompositeActor.java:1769)
	at ptolemy.actor.Manager.preinitializeAndResolveTypes(Manager.java:1040)
	at ptolemy.actor.Manager.initialize(Manager.java:710)
	at ptolemy.actor.Manager.execute(Manager.java:356)
	at ptolemy.actor.Manager.run(Manager.java:1263)
	at ptolemy.actor.Manager$PtolemyRunThread.run(Manager.java:1915)
java.lang.RuntimeException: Execution failed
	at ptolemy.moml.MoMLSimpleApplication$UnloadThread.run(MoMLSimpleApplication.java:402)
Caused by: ptolemy.kernel.util.IllegalActionException: SubscriberPorts cannot be used at the top level, use a Subscriber actor instead.
  in .PublisherSubscriberPortToplevel.SubscriberPort
	at ptolemy.actor.SubscriberPort.preinitialize(SubscriberPort.java:328)
	at ptolemy.actor.CompositeActor.preinitialize(CompositeActor.java:1769)
	at ptolemy.actor.Manager.preinitializeAndResolveTypes(Manager.java:1040)
	at ptolemy.actor.Manager.initialize(Manager.java:710)
	at ptolemy.actor.Manager.execute(Manager.java:356)
	at ptolemy.actor.Manager.run(Manager.java:1263)
	at ptolemy.actor.Manager$PtolemyRunThread.run(Manager.java:1915)
java.lang.reflect.InvocationTargetException
	at java.base/jdk.internal.reflect.NativeConstructorAccessorImpl.newInstance0(Native Method)
	at java.base/jdk.internal.reflect.NativeConstructorAccessorImpl.newInstance(NativeConstructorAccessorImpl.java:62)
	at java.base/jdk.internal.reflect.DelegatingConstructorAccessorImpl.newInstance(DelegatingConstructorAccessorImpl.java:45)
	at java.base/java.lang.reflect.Constructor.newInstance(Constructor.java:490)
	at ptolemy.util.test.junit.AutoKnownFailedTests.RunModel(AutoKnownFailedTests.java:105)
	at java.base/jdk.internal.reflect.NativeMethodAccessorImpl.invoke0(Native Method)
	at java.base/jdk.internal.reflect.NativeMethodAccessorImpl.invoke(NativeMethodAccessorImpl.java:62)
	at java.base/jdk.internal.reflect.DelegatingMethodAccessorImpl.invoke(DelegatingMethodAccessorImpl.java:43)
	at java.base/java.lang.reflect.Method.invoke(Method.java:566)
	at org.junit.runners.model.FrameworkMethod$1.runReflectiveCall(FrameworkMethod.java:44)
	at org.junit.internal.runners.model.ReflectiveCallable.run(ReflectiveCallable.java:15)
	at org.junit.runners.model.FrameworkMethod.invokeExplosively(FrameworkMethod.java:41)
	at junitparams.internal.InvokeParameterisedMethod.evaluate(InvokeParameterisedMethod.java:102)
	at org.junit.internal.runners.statements.FailOnTimeout$1.run(FailOnTimeout.java:28)
Caused by: ptolemy.kernel.util.IllegalActionException: SubscriberPorts cannot be used at the top level, use a Subscriber actor instead.
  in .PublisherSubscriberPortToplevel.SubscriberPort
	at ptolemy.actor.SubscriberPort.preinitialize(SubscriberPort.java:328)
	at ptolemy.actor.CompositeActor.preinitialize(CompositeActor.java:1769)
	at ptolemy.actor.Manager.preinitializeAndResolveTypes(Manager.java:1040)
	at ptolemy.actor.Manager.initialize(Manager.java:710)
	at ptolemy.actor.Manager.execute(Manager.java:356)
	at ptolemy.actor.Manager.run(Manager.java:1263)
	at ptolemy.actor.Manager$PtolemyRunThread.run(Manager.java:1915)
java.lang.RuntimeException: Execution failed
	at ptolemy.moml.MoMLSimpleApplication$UnloadThread.run(MoMLSimpleApplication.java:402)
Caused by: ptolemy.kernel.util.IllegalActionException: SubscriptionAggregatorPorts cannot be used at the top level, use a SubscriptionAggregator actor instead.
  in .PublisherSubscriptionAggregatorPort.SubscriptionAggregatorPort
	at ptolemy.actor.SubscriptionAggregatorPort.preinitialize(SubscriptionAggregatorPort.java:353)
	at ptolemy.actor.CompositeActor.preinitialize(CompositeActor.java:1769)
	at ptolemy.actor.Manager.preinitializeAndResolveTypes(Manager.java:1040)
	at ptolemy.actor.Manager.initialize(Manager.java:710)
	at ptolemy.actor.Manager.execute(Manager.java:356)
	at ptolemy.actor.Manager.run(Manager.java:1263)
	at ptolemy.actor.Manager$PtolemyRunThread.run(Manager.java:1915)
java.lang.reflect.InvocationTargetException
	at java.base/jdk.internal.reflect.NativeConstructorAccessorImpl.newInstance0(Native Method)
	at java.base/jdk.internal.reflect.NativeConstructorAccessorImpl.newInstance(NativeConstructorAccessorImpl.java:62)
	at java.base/jdk.internal.reflect.DelegatingConstructorAccessorImpl.newInstance(DelegatingConstructorAccessorImpl.java:45)
	at java.base/java.lang.reflect.Constructor.newInstance(Constructor.java:490)
	at ptolemy.util.test.junit.AutoKnownFailedTests.RunModel(AutoKnownFailedTests.java:105)
	at java.base/jdk.internal.reflect.NativeMethodAccessorImpl.invoke0(Native Method)
	at java.base/jdk.internal.reflect.NativeMethodAccessorImpl.invoke(NativeMethodAccessorImpl.java:62)
	at java.base/jdk.internal.reflect.DelegatingMethodAccessorImpl.invoke(DelegatingMethodAccessorImpl.java:43)
	at java.base/java.lang.reflect.Method.invoke(Method.java:566)
	at org.junit.runners.model.FrameworkMethod$1.runReflectiveCall(FrameworkMethod.java:44)
	at org.junit.internal.runners.model.ReflectiveCallable.run(ReflectiveCallable.java:15)
	at org.junit.runners.model.FrameworkMethod.invokeExplosively(FrameworkMethod.java:41)
	at junitparams.internal.InvokeParameterisedMethod.evaluate(InvokeParameterisedMethod.java:102)
	at org.junit.internal.runners.statements.FailOnTimeout$1.run(FailOnTimeout.java:28)
Caused by: ptolemy.kernel.util.IllegalActionException: SubscriptionAggregatorPorts cannot be used at the top level, use a SubscriptionAggregator actor instead.
  in .PublisherSubscriptionAggregatorPort.SubscriptionAggregatorPort
	at ptolemy.actor.SubscriptionAggregatorPort.preinitialize(SubscriptionAggregatorPort.java:353)
	at ptolemy.actor.CompositeActor.preinitialize(CompositeActor.java:1769)
	at ptolemy.actor.Manager.preinitializeAndResolveTypes(Manager.java:1040)
	at ptolemy.actor.Manager.initialize(Manager.java:710)
	at ptolemy.actor.Manager.execute(Manager.java:356)
	at ptolemy.actor.Manager.run(Manager.java:1263)
	at ptolemy.actor.Manager$PtolemyRunThread.run(Manager.java:1915)
java.lang.RuntimeException: Execution failed
	at ptolemy.moml.MoMLSimpleApplication$UnloadThread.run(MoMLSimpleApplication.java:402)
Caused by: ptolemy.kernel.util.IllegalActionException: TypeTest actor has no training data.
  in .sizedarray3.TypeTest
	at ptolemy.actor.lib.TypeTest.initialize(TypeTest.java:250)
	at ptolemy.actor.Director.initialize(Director.java:938)
	at ptolemy.actor.Director.initialize(Director.java:907)
	at ptolemy.actor.sched.StaticSchedulingDirector.initialize(StaticSchedulingDirector.java:159)
	at ptolemy.domains.sdf.kernel.SDFDirector.initialize(SDFDirector.java:544)
	at ptolemy.actor.CompositeActor.initialize(CompositeActor.java:935)
	at ptolemy.actor.Manager.initialize(Manager.java:724)
	at ptolemy.actor.Manager.execute(Manager.java:356)
	at ptolemy.actor.Manager.run(Manager.java:1263)
	at ptolemy.actor.Manager$PtolemyRunThread.run(Manager.java:1915)
java.lang.reflect.InvocationTargetException
	at java.base/jdk.internal.reflect.NativeConstructorAccessorImpl.newInstance0(Native Method)
	at java.base/jdk.internal.reflect.NativeConstructorAccessorImpl.newInstance(NativeConstructorAccessorImpl.java:62)
	at java.base/jdk.internal.reflect.DelegatingConstructorAccessorImpl.newInstance(DelegatingConstructorAccessorImpl.java:45)
	at java.base/java.lang.reflect.Constructor.newInstance(Constructor.java:490)
	at ptolemy.util.test.junit.AutoKnownFailedTests.RunModel(AutoKnownFailedTests.java:105)
	at java.base/jdk.internal.reflect.NativeMethodAccessorImpl.invoke0(Native Method)
	at java.base/jdk.internal.reflect.NativeMethodAccessorImpl.invoke(NativeMethodAccessorImpl.java:62)
	at java.base/jdk.internal.reflect.DelegatingMethodAccessorImpl.invoke(DelegatingMethodAccessorImpl.java:43)
	at java.base/java.lang.reflect.Method.invoke(Method.java:566)
	at org.junit.runners.model.FrameworkMethod$1.runReflectiveCall(FrameworkMethod.java:44)
	at org.junit.internal.runners.model.ReflectiveCallable.run(ReflectiveCallable.java:15)
	at org.junit.runners.model.FrameworkMethod.invokeExplosively(FrameworkMethod.java:41)
	at junitparams.internal.InvokeParameterisedMethod.evaluate(InvokeParameterisedMethod.java:102)
	at org.junit.internal.runners.statements.FailOnTimeout$1.run(FailOnTimeout.java:28)
Caused by: ptolemy.kernel.util.IllegalActionException: TypeTest actor has no training data.
  in .sizedarray3.TypeTest
	at ptolemy.actor.lib.TypeTest.initialize(TypeTest.java:250)
	at ptolemy.actor.Director.initialize(Director.java:938)
	at ptolemy.actor.Director.initialize(Director.java:907)
	at ptolemy.actor.sched.StaticSchedulingDirector.initialize(StaticSchedulingDirector.java:159)
	at ptolemy.domains.sdf.kernel.SDFDirector.initialize(SDFDirector.java:544)
	at ptolemy.actor.CompositeActor.initialize(CompositeActor.java:935)
	at ptolemy.actor.Manager.initialize(Manager.java:724)
	at ptolemy.actor.Manager.execute(Manager.java:356)
	at ptolemy.actor.Manager.run(Manager.java:1263)
	at ptolemy.actor.Manager$PtolemyRunThread.run(Manager.java:1915)
java.lang.RuntimeException: Execution failed
	at ptolemy.moml.MoMLSimpleApplication$UnloadThread.run(MoMLSimpleApplication.java:402)
Caused by: ptolemy.kernel.util.IllegalActionException: Test fails in iteration 0.
Value was: "WARNING: An illegal reflective access operation has occurred\nWARNING: Illegal reflective access by io.netty.util.internal.ReflectionUtil (file:/home/travis/build/icyphy/ptII/lib/netty-common-4.1.19.Final.jar) to constructor java.nio.DirectByteBuffer(long,int)\nWARNING: Please consider reporting this to the maintainers of io.netty.util.internal.ReflectionUtil\nWARNING: Use --illegal-access=warn to enable warnings of further illegal reflective access operations\nWARNING: All illegal access operations will be denied in a future release\n". Should have been: ""
  in .ExecRunDemos.Test
	at ptolemy.actor.lib.Test.fire(Test.java:268)
	at ptolemy.actor.AtomicActor.iterate(AtomicActor.java:512)
	at ptolemy.actor.sched.StaticSchedulingDirector.fire(StaticSchedulingDirector.java:216)
	at ptolemy.domains.sdf.kernel.SDFDirector.fire(SDFDirector.java:500)
	at ptolemy.actor.CompositeActor.fire(CompositeActor.java:455)
	at ptolemy.actor.Manager.iterate(Manager.java:851)
	at ptolemy.actor.Manager.execute(Manager.java:369)
	at ptolemy.actor.Manager.run(Manager.java:1263)
	at ptolemy.actor.Manager$PtolemyRunThread.run(Manager.java:1915)
]]></system-err>
</testsuite>
