<?xml version="1.0" encoding="UTF-8" ?>
<testsuite errors="0" failures="0" hostname="travis-job-faab0f7b-0cb0-400b-84da-474cdf1375f4" name="ptolemy.domains.de.test.junit.JUnitTclTest" skipped="0" tests="101" time="123.348" timestamp="2019-12-28T06:31:25">
  <properties>
    <property name="npm.executable" value="npm" />
    <property name="env.TRAVIS_ROOT" value="/" />
    <property name="ptII.mk.exists" value="true" />
    <property name="env.TRAVIS_APP_HOST" value="build.travis-ci.org" />
    <property name="env.rvm_bin_path" value="/home/travis/.rvm/bin" />
    <property name="java.home" value="/usr/local/lib/jvm/openjdk11" />
    <property name="env.TRAVIS_JOB_NUMBER" value="1445.9" />
    <property name="env.TRAVIS_HOME" value="/home/travis" />
    <property name="env.DISPLAY" value=":99.0" />
    <property name="env.TRAVIS_INIT" value="systemd" />
    <property name="env.SSH_TTY" value="/dev/pts/0" />
    <property name="java.net.preferIPv4Stack" value="true" />
    <property name="env.RUN_TESTS" value="true" />
    <property name="timeout.short" value="1000000" />
    <property name="junit.formatter" value="xml" />
    <property name="env.TRAVIS_SUDO" value="true" />
    <property name="env.TRAVIS_JOB_NAME" value="" />
    <property name="env.TRAVIS_STACK_NODE_ATTRIBUTES" value="/.node-attributes.yml" />
    <property name="env.LOGNAME" value="travis" />
    <property name="jsdoc.home" value="node_modules/@terraswarm/jsdoc" />
    <property name="debuglevel" value="source,lines,vars" />
    <property name="checkstyle.formatter" value="xml" />
    <property name="env._system_version" value="16.04" />
    <property name="bin.vergil.makeable" value="true" />
    <property name="sun.os.patch.level" value="unknown" />
    <property name="java.vendor.url" value="http://java.oracle.com/" />
    <property name="env.TRAVIS_BUILD_WEB_URL" value="https://travis-ci.org/icyphy/ptII/builds/630235444" />
    <property name="java.version" value="11.0.2" />
    <property name="env.TZ" value="UTC" />
    <property name="env.TRAVIS_PULL_REQUEST_SHA" value="" />
    <property name="env.PT_NO_NET" value="true" />
    <property name="env.TRAVIS_SECURE_ENV_VARS" value="true" />
    <property name="env._system_type" value="Linux" />
    <property name="java.vendor.url.bug" value="http://bugreport.java.com/bugreport/" />
    <property name="npmjs-org-is-up" value="true" />
    <property name="env.LANGUAGE" value="en_US.UTF-8" />
    <property name="env.SSH_CLIENT" value="10.24.1.44 35930 22" />
    <property name="env.GEM_HOME" value="/home/travis/.rvm/gems/ruby-2.5.3" />
    <property name="env.HAS_ANTARES_THREE_LITTLE_FRONZIES_BADGE" value="true" />
    <property name="java.version.date" value="2019-01-15" />
    <property name="env.PS4" value="+" />
    <property name="ant.project.invoked-targets" value="build,test.core2.xml" />
    <property name="env.TRAVIS_PULL_REQUEST_BRANCH" value="" />
    <property name="env.TRAVIS_REPO_SLUG" value="icyphy/ptII" />
    <property name="env.XDG_DATA_DIRS" value="/usr/local/share:/usr/share:/var/lib/snapd/desktop" />
    <property name="jdk.debug" value="release" />
    <property name="env.TRAVIS_APT_PROXY" value="http://build-cache.travisci.net" />
    <property name="env.TRAVIS_CPU_ARCH" value="amd64" />
    <property name="node.in.path" value="true" />
    <property name="user.name" value="travis" />
    <property name="java.maxmemory" value="1400m" />
    <property name="env.RUBY_VERSION" value="ruby-2.5.3" />
    <property name="env.LANG" value="en_US.UTF-8" />
    <property name="sun.io.unicode.encoding" value="UnicodeLittle" />
    <property name="sun.jnu.encoding" value="UTF-8" />
    <property name="java.runtime.name" value="OpenJDK Runtime Environment" />
    <property name="usefile" value="false" />
    <property name="return.code" value="0" />
    <property name="junit.single.formatter" value="plain" />
    <property name="env.DYLD_LIBRARY_PATH" value="/home/travis/pthla/certi-tools/lib:" />
    <property name="env.DEBIAN_FRONTEND" value="noninteractive" />
    <property name="env.SSH_CONNECTION" value="10.24.1.44 35930 10.20.0.77 22" />
    <property name="env.MYSQL_UNIX_PORT" value="/var/run/mysqld/mysqld.sock" />
    <property name="env.LC_ALL" value="en_US.UTF-8" />
    <property name="env.TRAVIS_ALLOW_FAILURE" value="false" />
    <property name="env.TRAVIS_JOB_WEB_URL" value="https://travis-ci.org/icyphy/ptII/jobs/630235453" />
    <property name="java.specification.name" value="Java Platform API Specification" />
    <property name="node.works" value="true" />
    <property name="user.timezone" value="" />
    <property name="path.separator" value=":" />
    <property name="env.TRAVIS_ENABLE_INFRA_DETECTION" value="true" />
    <property name="env.PYTHON_CFLAGS" value="-g -fstack-protector --param=ssp-buffer-size=4 -Wformat -Werror=format-security" />
    <property name="timeout.long" value="4000000" />
    <property name="env.CERTI_HOME" value="/home/travis/pthla/certi-tools" />
    <property name="ant.file.ptII" value="/home/travis/build/icyphy/ptII/build.xml" />
    <property name="javadoc.packagenames" value="com.*,diva.*,lbnl.*,org.hlacerti.*,org.json.*,org.ptolemy.*,org.terraswarm.*,ptolemy.*,ptserver.*" />
    <property name="file.encoding" value="UTF-8" />
    <property name="env.TRAVIS_PULL_REQUEST_SLUG" value="" />
    <property name="ant.project.default-target" value="build" />
    <property name="env.GIT_ASKPASS" value="echo" />
    <property name="env.HOME" value="/home/travis" />
    <property name="sun.java.command" value="org.apache.tools.ant.taskdefs.optional.junit.JUnitTestRunner ptolemy.domains.de.test.junit.JUnitTclTest skipNonTests=false filtertrace=true haltOnError=false haltOnFailure=false formatter=org.apache.tools.ant.taskdefs.optional.junit.OutErrSummaryJUnitResultFormatter showoutput=true outputtoformatters=true logfailedtests=true threadid=0 logtestlistenerevents=false formatter=org.apache.tools.ant.taskdefs.optional.junit.XMLJUnitResultFormatter,/home/travis/build/icyphy/ptII/reports/junit/TEST-ptolemy.domains.de.test.junit.JUnitTclTest.xml crashfile=/home/travis/build/icyphy/ptII/junitvmwatcher3744872658148644141.properties propsfile=/home/travis/build/icyphy/ptII/junit13643468106773398429.properties" />
    <property name="env.COMPOSER_NO_INTERACTION" value="1" />
    <property name="env.MANPATH" value="/home/travis/.nvm/versions/node/v7.10.1/share/man:/home/travis/.rvm/rubies/ruby-2.5.3/share/man:/usr/local/cmake-3.12.4/man:/usr/local/clang-7.0.0/share/man:/usr/local/man:/usr/local/share/man:/usr/share/man:/home/travis/.rvm/man" />
    <property name="env.TRAVIS_TIMER_ID" value="1778f61c" />
    <property name="ant.file" value="/home/travis/build/icyphy/ptII/build.xml" />
    <property name="env.TRAVIS_COMMIT_RANGE" value="ec90a3f30cbca97c6668975b0dc5d1ff1f4b614e...1f87987f0e3e7c0b3e4c2c438cef4d3742e50cee" />
    <property name="env._system_name" value="Ubuntu" />
    <property name="ptII.classpath.optional.property" value="/home/travis/build/icyphy/ptII/lib/bsh-2.0b4.jar:/home/travis/build/icyphy/ptII/lib/ptCal.jar:/home/travis/build/icyphy/ptII/lib/java_cup.jar:/home/travis/build/icyphy/ptII/lib/saxon8.jar:/home/travis/build/icyphy/ptII/lib/saxon8-dom.jar:/home/travis/build/icyphy/ptII/lib/chic.jar:/home/travis/build/icyphy/ptII/lib/ptcolt.jar:/home/travis/build/icyphy/ptII/vendors/misc/itext/iText.jar:/home/travis/build/icyphy/ptII/lib/g4ltl.jar:/home/travis/build/icyphy/ptII/lib/StructuralCoder.jar:/home/travis/build/icyphy/ptII/lib/jcerti.jar:/home/travis/build/icyphy/ptII/lib/javax.mail.jar:/home/travis/build/icyphy/ptII/vendors/JMF-2.1.1e/lib/jmf.jar:/home/travis/build/icyphy/ptII/lib/jna-4.0.0-variadic.jar:/home/travis/build/icyphy/ptII/vendors/misc/joystick/Joystick.jar:/home/travis/build/icyphy/ptII/lib/ptjacl.jar:/home/travis/build/icyphy/ptII/lib/jsoup-1.8.2.jar:/home/travis/build/icyphy/ptII/lib/junit-4.8.2.jar:/home/travis/build/icyphy/ptII/lib/JUnitParams-0.4.0.jar:/home/travis/build/icyphy/ptII/ptolemy/actor/lib/excel/jxl.jar:/home/travis/build/icyphy/ptII/lib/jython.jar:/home/travis/build/icyphy/ptII/lib/kieler.jar:/home/travis/build/icyphy/ptII/vendors/opencv/share/OpenCV/java/opencv-341.jar:/home/travis/build/icyphy/ptII/lib/oscP5.jar:/home/travis/build/icyphy/ptII/lib/nrjavaserial-3.11.0.devel.jar:/home/travis/build/icyphy/ptII/vendors/j3d/lib/Linux/j3dcore.jar:/home/travis/build/icyphy/ptII/vendors/j3d/lib/Linux/j3dutils.jar:/home/travis/build/icyphy/ptII/vendors/j3d/lib/Linux/vecmath.jar:/home/travis/build/icyphy/ptII/vendors/jogl/lib/Linux/gluegen-rt-natives-linux-amd64.jar:/home/travis/build/icyphy/ptII/vendors/jogl/lib/Linux/gluegen-rt.jar:/home/travis/build/icyphy/ptII/vendors/jogl/lib/Linux/jogl-all-natives-linux-amd64.jar:/home/travis/build/icyphy/ptII/vendors/jogl/lib/Linux/jogl-all.jar:/home/travis/build/icyphy/ptII/ptolemy/distributed/jini/jar/jini-core.jar:/home/travis/build/icyphy/ptII/ptolemy/distributed/jini/jar/jini-ext.jar:/home/travis/build/icyphy/ptII/ptolemy/distributed/jini/jar/sun-util.jar:/home/travis/build/icyphy/ptII/lib/protobuf-java-2.4.1.jar:/home/travis/build/icyphy/ptII/lib/org.eclipse.paho.client.mqttv3.jar:/home/travis/build/icyphy/ptII/lib/mapss.jar:/home/travis/build/icyphy/ptII/ptolemy/actor/ptalon/antlr/antlr.jar:/home/travis/build/icyphy/ptII/lib/JRI.jar:/home/travis/build/icyphy/ptII/lib/commons-lang-2.6.jar:/home/travis/build/icyphy/ptII/lib/commons-logging-1.1.1.jar:/home/travis/build/icyphy/ptII/lib/sootclasses.jar:/home/travis/build/icyphy/ptII/ptolemy/actor/lib/database/mysql-connector-java-5.1.6-bin.jar:/home/travis/build/icyphy/ptII/vendors/misc/sphinx4/sphinx4-data-5prealpha.jar:/home/travis/build/icyphy/ptII/vendors/misc/sphinx4/sphinx4-core-5prealpha.jar:/home/travis/build/icyphy/ptII/lib/PDFRenderer.jar:/home/travis/build/icyphy/ptII/lib/svgSalamander.jar:/home/travis/build/icyphy/ptII/lib/rsyntaxtextarea-2.6.0-SNAPSHOT.jar:/home/travis/build/icyphy/ptII/lib/hazelcast-3.8.2.jar:/home/travis/build/icyphy/ptII/lib/jackson-annotations-2.9.0.jar:/home/travis/build/icyphy/ptII/lib/jackson-core-2.9.3.jar:/home/travis/build/icyphy/ptII/lib/jackson-databind-2.9.3.jar:/home/travis/build/icyphy/ptII/lib/netty-buffer-4.1.19.Final.jar:/home/travis/build/icyphy/ptII/lib/netty-codec-4.1.19.Final.jar:/home/travis/build/icyphy/ptII/lib/netty-codec-dns-4.1.19.Final.jar:/home/travis/build/icyphy/ptII/lib/netty-codec-http-4.1.19.Final.jar:/home/travis/build/icyphy/ptII/lib/netty-codec-http2-4.1.19.Final.jar:/home/travis/build/icyphy/ptII/lib/netty-common-4.1.19.Final.jar:/home/travis/build/icyphy/ptII/lib/netty-handler-4.1.19.Final.jar:/home/travis/build/icyphy/ptII/lib/netty-resolver-4.1.19.Final.jar:/home/travis/build/icyphy/ptII/lib/netty-resolver-dns-4.1.19.Final.jar:/home/travis/build/icyphy/ptII/lib/netty-transport-4.1.19.Final.jar:/home/travis/build/icyphy/ptII/lib/vertx-codegen-3.5.1.jar:/home/travis/build/icyphy/ptII/lib/vertx-core-3.5.2-SNAPSHOT.jar:/home/travis/build/icyphy/ptII/lib/vertx-hazelcast-3.5.1.jar:/home/travis/build/icyphy/ptII/lib/vertx-lang-js-3.5.1.jar:/home/travis/build/icyphy/ptII/lib/vertx-service-proxy-3.5.1.jar:/home/travis/build/icyphy/ptII/lib/vertx-web-3.5.1.jar:/home/travis/build/icyphy/ptII/lib/slf4j-api-1.7.13.jar:/home/travis/build/icyphy/ptII/lib/slf4j-simple-1.7.13.jar:/home/travis/build/icyphy/ptII/lib/webcam-capture-0.3.12.jar:/home/travis/build/icyphy/ptII/lib/bridj-0.7.0.jar:/home/travis/build/icyphy/ptII/lib/xbjlib-1.1.0.nrjavaserial.jar" />
    <property name="timeout" value="2400000" />
    <property name="test.batch" value="**/junit/*.java" />
    <property name="env._" value="/usr/bin/timeout" />
    <property name="java.io.tmpdir" value="/tmp" />
    <property name="user.language" value="en" />
    <property name="env.TRAVIS_INTERNAL_RUBY_REGEX" value="^ruby-(2\.[0-4]\.[0-9]|1\.9\.3)" />
    <property name="env.HISTCONTROL" value="ignoredups:ignorespace" />
    <property name="env.GOROOT" value="/home/travis/.gimme/versions/go1.11.1.linux.amd64" />
    <property name="line.separator" value="&#xa;" />
    <property name="target" value="11" />
    <property name="env.TRAVIS_BUILD_DIR" value="/home/travis/build/icyphy/ptII" />
    <property name="env.ANT_OPTS" value="-Xmx2048m" />
    <property name="ant.file.type" value="file" />
    <property name="ptolemy.ptII.batchMode" value="true" />
    <property name="env.HISTSIZE" value="1000" />
    <property name="env.MERB_ENV" value="test" />
    <property name="java.vm.info" value="mixed mode" />
    <property name="source" value="11" />
    <property name="java.vm.specification.name" value="Java Virtual Machine Specification" />
    <property name="env.TRAVIS_TEST_RESULT" value="0" />
    <property name="jsdoc.command" value="node_modules/@terraswarm/jsdoc/jsdoc.js" />
    <property name="npm.works" value="true" />
    <property name="cobertura.dir" value="/home/travis/build/icyphy/ptII/vendors/cobertura-2.0.3" />
    <property name="jsdoc.command.exists" value="true" />
    <property name="env.rvm_path" value="/home/travis/.rvm" />
    <property name="env.GEM_PATH" value="/home/travis/.rvm/gems/ruby-2.5.3:/home/travis/.rvm/gems/ruby-2.5.3@global" />
    <property name="env.LC_CTYPE" value="en_US.UTF-8" />
    <property name="env.TRAVIS_CMD" value="$PTII/bin/ptIITravisBuild.sh $SECONDS" />
    <property name="java.awt.printerjob" value="sun.print.PSPrinterJob" />
    <property name="env.TRAVIS_STACK_NAME" value="sardonyx" />
    <property name="env.TRAVIS_TIMER_START_TIME" value="1577514482384320762" />
    <property name="ant.version" value="Apache Ant(TM) version 1.10.1 compiled on February 2 2017" />
    <property name="ptII.reports" value="/home/travis/build/icyphy/ptII/reports" />
    <property name="env.TRAVIS_STACK_TIMESTAMP" value="2019-03-25 16:16:56 UTC" />
    <property name="ant.file.type.ptII" value="file" />
    <property name="env.RBENV_SHELL" value="bash" />
    <property name="os.name" value="Linux" />
    <property name="java.specification.vendor" value="Oracle Corporation" />
    <property name="env.rvm_version" value="1.29.7 (latest)" />
    <property name="env.TRAVIS_INFRA" value="gce" />
    <property name="env.TERM" value="xterm" />
    <property name="java.vm.name" value="OpenJDK 64-Bit Server VM" />
    <property name="env.TRAVIS_BUILD_NUMBER" value="1445" />
    <property name="env.CI" value="true" />
    <property name="java.library.path" value="/home/travis/pthla/certi-tools/lib:/usr/lib/jni:/usr/local/share/OpenCV/java/:/usr/share/OpenCV/java::/usr/java/packages/lib:/usr/lib64:/lib64:/lib:/usr/lib" />
    <property name="jdk.module.path" value="/home/travis/build/icyphy/ptII/vendors/javafx/javafx-sdk-11.0.2/lib:" />
    <property name="env.rvm_prefix" value="/home/travis" />
    <property name="env.PATH" value="/home/travis/pthla/certi-tools/share/scripts:/home/travis/.rvm/gems/ruby-2.5.3/bin:/home/travis/.rvm/gems/ruby-2.5.3@global/bin:/home/travis/.rvm/rubies/ruby-2.5.3/bin:/home/travis/.rvm/bin:/home/travis/.nvm/versions/node/v7.10.1/bin:./node_modules/.bin:/home/travis/build/icyphy/ptII/bin:/home/travis/pthla/certi-tools/bin:/home/travis/bin:/home/travis/.local/bin:/usr/local/lib/jvm/openjdk11/bin:/opt/pyenv/shims:/home/travis/.phpenv/shims:/home/travis/perl5/perlbrew/bin:/home/travis/gopath/bin:/home/travis/.gimme/versions/go1.11.1.linux.amd64/bin:/usr/local/maven-3.6.0/bin:/usr/local/cmake-3.12.4/bin:/usr/local/clang-7.0.0/bin:/usr/local/sbin:/usr/local/bin:/usr/sbin:/usr/bin:/sbin:/bin:/snap/bin:/home/travis/.phpenv/bin:/opt/pyenv/bin:/home/travis/.yarn/bin" />
    <property name="env.TRAVIS_OS_NAME" value="linux" />
    <property name="ant.java.version" value="9" />
    <property name="basedir" value="/home/travis/build/icyphy/ptII" />
    <property name="java.class.version" value="55.0" />
    <property name="env.SHLVL" value="3" />
    <property name="env.LD_LIBRARY_PATH" value="/home/travis/pthla/certi-tools/lib:/usr/lib/jni:/usr/local/share/OpenCV/java/:/usr/share/OpenCV/java:" />
    <property name="env.RACK_ENV" value="test" />
    <property name="ant.home" value="/home/travis/build/icyphy/ptII/ant" />
    <property name="env.NVM_DIR" value="/home/travis/.nvm" />
    <property name="env.CERTI_FOM_PATH" value="/home/travis/pthla/certi-tools/share/federations" />
    <property name="env.TRAVIS_BUILD_ID" value="630235444" />
    <property name="env.PYENV_ROOT" value="/opt/pyenv" />
    <property name="env.TRAVIS_UID" value="2000" />
    <property name="prism.verbose" value="true" />
    <property name="env.NVM_BIN" value="/home/travis/.nvm/versions/node/v7.10.1/bin" />
    <property name="env.TRAVIS_COMMIT" value="1f87987f0e3e7c0b3e4c2c438cef4d3742e50cee" />
    <property name="env._system_arch" value="x86_64" />
    <property name="node.executable" value="node" />
    <property name="sun.boot.library.path" value="/usr/local/lib/jvm/openjdk11/lib" />
    <property name="sun.management.compiler" value="HotSpot 64-Bit Tiered Compilers" />
    <property name="java.awt.graphicsenv" value="sun.awt.X11GraphicsEnvironment" />
    <property name="env.GOPATH" value="/home/travis/gopath" />
    <property name="ptolemy.ptII.dir" value="/home/travis/build/icyphy/ptII" />
    <property name="env.USER" value="travis" />
    <property name="env.HISTFILESIZE" value="2000" />
    <property name="timeout.longest" value="19000000" />
    <property name="env.PERLBREW_SHELLRC_VERSION" value="0.86" />
    <property name="env.TRAVIS_STACK_FEATURES" value="basic couchdb disabled-ipv6 docker docker-compose elasticsearch firefox go-toolchain google-chrome jdk memcached mongodb mysql nodejs_interpreter perl_interpreter perlbrew phantomjs postgresql python_interpreter redis ruby_interpreter sqlite xserver" />
    <property name="env.TRAVIS_PULL_REQUEST" value="false" />
    <property name="env.PYENV_SHELL" value="bash" />
    <property name="ant.project.name" value="ptII" />
    <property name="env.ANSI_RESET" value="\033[0m" />
    <property name="java.vm.specification.version" value="11" />
    <property name="env.TRAVIS_DIST" value="xenial" />
    <property name="env.CERTI_VERSION" value="4.0.0" />
    <property name="env.CERTI_HOST" value="localhost" />
    <property name="awt.toolkit" value="sun.awt.X11.XToolkit" />
    <property name="env.MY_RUBY_HOME" value="/home/travis/.rvm/rubies/ruby-2.5.3" />
    <property name="sun.cpu.isalist" value="" />
    <property name="env.TRAVIS_TMPDIR" value="/tmp/tmp.dONpTm3Wm3" />
    <property name="java.vm.compressedOopsMode" value="Zero based" />
    <property name="os.version" value="4.15.0-1028-gcp" />
    <property name="user.home" value="/home/travis" />
    <property name="java.vm.vendor" value="Oracle Corporation" />
    <property name="env.TRAVIS_TAG" value="nightly" />
    <property name="env.ANSI_YELLOW" value="\033[33;1m" />
    <property name="env.TRAVIS_FILTERED" value="redirect_io" />
    <property name="env.ANSI_GREEN" value="\033[32;1m" />
    <property name="env.JAVA_HOME" value="/usr/local/lib/jvm/openjdk11" />
    <property name="javadoc.excludepackagenames" value="adm.cvs2svn.*,build.*,config.*,doc.coding.templates.*,jni.test.jni.meaningOfLife.*,jni.test.jni.testDeux.*,jni.test.jni.testTrois.*,org.terraswarm.accessor.accessors.web.node_modules.*,org.terraswarm.accessor.accessors.web.hosts.cordova.demo.*,org.terraswarm.accessor.accessors.web.hosts.cordova.plugins.*,org.terraswarm.accessor.accessors-svn.*,pt-modules.*,ptolemy.apps.agilent.*,ptolemy.apps.anytimecontrol.*,ptolemy.apps.apes.*,ptolemy.apps.charon.*,ptolemy.apps.crazyboard.*,ptolemy.apps.eclipse.*,ptolemy.apps.etherealSting.*,ptolemy.apps.fullscreen.*,ptolemy.apps.giotto.*,ptolemy.apps.ia.*,ptolemy.apps.interfaces.*,ptolemy.apps.jmf.*,ptolemy.apps.kurt.*,ptolemy.apps.kvm.*,ptolemy.apps.lego.*,ptolemy.apps.lejos.*,ptolemy.apps.midp.*,ptolemy.apps.mobileCoding.*,ptolemy.apps.pendulum.*,ptolemy.apps.rijndael.*,ptolemy.apps.robot.*,ptolemy.apps.security.*,ptolemy.apps.sobel.*,ptolemy.apps.soot.*,ptolemy.apps.throttle.*,ptolemy.apps.tini.*,ptolemy.apps.transmission.*,ptolemy.apps.vergil.*,ptolemy.apps.waba.*,ptolemy.apps.websensor.*,ptolemy.apps.webstart.*,ptolemy.apps.xsl.*,ptolemy.apps.zaurus.*,ptolemy.codegen.c.actor.lib.oldJavaFiles.*,ptolemy.codegen.dsp.lib.*,ptolemy.codegen.kernel.newInterfaces.*,ptolemy.codegen.lib.*,ptolemy.copernicus.kernel.fragment.*,ptolemy.copernicus.shallow.cg.*,ptolemy.domains.giotto.demo.Hierarchy.Hierarchy.*,ptolemy.domains.giotto.demo.Multimode.Multimode.*,ptolemy.domains.giotto.demo.Simple.Simple.*,ptolemy.domains.gr.lib.experimental.*,ptolemy.domains.gro.*,ptolemy.domains.pdf.*,ptolemy.domains.ptinyos.demo.Surge.output.*,ptolemy.moml.test.NoPackageActor.java*,ptolemy.plot.adm.*,ptolemy.plot.servlet.*,reports.*,signed.*,src.*,target.*,vendors.*,ptolemy.copernicus.applet.*,ptolemy.media.viewer.*,ptolemy.actor.corba.*,doc.doclets.*,ptolemy.apps.eclipse.awt.*,ptolemy.backtrack.*,ptolemy.backtrack.ast.*,ptolemy.cg.adapter.generic.program.procedural.c.mbed*,ptolemy.homer.*,ptolemy.actor.lib.jai.*,org.ptolemy.scala.*,diva.util.java2d.svg.*,ptolemy.domains.ptinyos.*,ptolemy.actor.lib.fmi.fmipp.*,,org.terraswarm.accessor.accessors.web.node_modules.*,org.terraswarm.accessor.accessors-svn,ptolemy.apps.*,ptolemy.actor.ptalon.demo.ptinyos.SendAndReceiveCnt.output,ptolemy.actor.ptalon.demo.ptinyos.SenseToLeds.output,ptolemy.domains.ptinyos.demo.CntToLedsAndRfm.output,ptolemy.domains.ptinyos.demo.RfmToLeds.output,ptolemy.domains.ptinyos.demo.SendAndReceiveCnt.output,ptolemy.domains.ptinyos.demo.SenseToLeds.output,ptolemy.actor.lib.jjs.modules.udpSocket.*" />
    <property name="env.PTII" value="/home/travis/build/icyphy/ptII" />
    <property name="env.XDG_SESSION_ID" value="2" />
    <property name="keystore" value="ptKeystore" />
    <property name="env.TRAVIS_COMMIT_MESSAGE" value="Restored ptolemy/domains/space/test/auto directory now that we have timeout mechanism. Hopefully, we will now just see test failures when the database is down instead of total failure of the tests." />
    <property name="junit.output.dir" value="/home/travis/build/icyphy/ptII/reports/junit" />
    <property name="npm.return.code" value="0" />
    <property name="user.dir" value="/home/travis/build/icyphy/ptII/ptolemy/domains/de/test" />
    <property name="env.TRAVIS_NODE_VERSION" value="7" />
    <property name="env.TRAVIS_EVENT_TYPE" value="cron" />
    <property name="env.MAIL" value="/var/mail/travis" />
    <property name="env.PERLBREW_ROOT" value="/home/travis/perl5/perlbrew" />
    <property name="env.PWD" value="/home/travis/build/icyphy/ptII" />
    <property name="timeout.npm" value="45000" />
    <property name="env.PT_TRAVIS_TEST_CORE2_XML" value="true" />
    <property name="env.TRAVIS_ARCH" value="amd64" />
    <property name="sun.cpu.endian" value="little" />
    <property name="env.PAGER" value="cat" />
    <property name="env.TRAVIS_BUILD_STAGE_NAME" value="Test" />
    <property name="env.PERLBREW_HOME" value="/home/travis/.perlbrew" />
    <property name="java.vm.version" value="11.0.2+9" />
    <property name="env.RAILS_ENV" value="test" />
    <property name="java.class.path" value="/home/travis/build/icyphy/ptII:/home/travis/build/icyphy/ptII/lib/bsh-2.0b4.jar:/home/travis/build/icyphy/ptII/lib/ptCal.jar:/home/travis/build/icyphy/ptII/lib/java_cup.jar:/home/travis/build/icyphy/ptII/lib/saxon8.jar:/home/travis/build/icyphy/ptII/lib/saxon8-dom.jar:/home/travis/build/icyphy/ptII/lib/chic.jar:/home/travis/build/icyphy/ptII/lib/ptcolt.jar:/home/travis/build/icyphy/ptII/vendors/misc/itext/iText.jar:/home/travis/build/icyphy/ptII/lib/g4ltl.jar:/home/travis/build/icyphy/ptII/lib/StructuralCoder.jar:/home/travis/build/icyphy/ptII/lib/jcerti.jar:/home/travis/build/icyphy/ptII/lib/javax.mail.jar:/home/travis/build/icyphy/ptII/vendors/JMF-2.1.1e/lib/jmf.jar:/home/travis/build/icyphy/ptII/lib/jna-4.0.0-variadic.jar:/home/travis/build/icyphy/ptII/vendors/misc/joystick/Joystick.jar:/home/travis/build/icyphy/ptII/lib/ptjacl.jar:/home/travis/build/icyphy/ptII/lib/jsoup-1.8.2.jar:/home/travis/build/icyphy/ptII/lib/junit-4.8.2.jar:/home/travis/build/icyphy/ptII/lib/JUnitParams-0.4.0.jar:/home/travis/build/icyphy/ptII/ptolemy/actor/lib/excel/jxl.jar:/home/travis/build/icyphy/ptII/lib/jython.jar:/home/travis/build/icyphy/ptII/lib/kieler.jar:/home/travis/build/icyphy/ptII/vendors/opencv/share/OpenCV/java/opencv-341.jar:/home/travis/build/icyphy/ptII/lib/oscP5.jar:/home/travis/build/icyphy/ptII/lib/nrjavaserial-3.11.0.devel.jar:/home/travis/build/icyphy/ptII/vendors/j3d/lib/Linux/j3dcore.jar:/home/travis/build/icyphy/ptII/vendors/j3d/lib/Linux/j3dutils.jar:/home/travis/build/icyphy/ptII/vendors/j3d/lib/Linux/vecmath.jar:/home/travis/build/icyphy/ptII/vendors/jogl/lib/Linux/gluegen-rt-natives-linux-amd64.jar:/home/travis/build/icyphy/ptII/vendors/jogl/lib/Linux/gluegen-rt.jar:/home/travis/build/icyphy/ptII/vendors/jogl/lib/Linux/jogl-all-natives-linux-amd64.jar:/home/travis/build/icyphy/ptII/vendors/jogl/lib/Linux/jogl-all.jar:/home/travis/build/icyphy/ptII/ptolemy/distributed/jini/jar/jini-core.jar:/home/travis/build/icyphy/ptII/ptolemy/distributed/jini/jar/jini-ext.jar:/home/travis/build/icyphy/ptII/ptolemy/distributed/jini/jar/sun-util.jar:/home/travis/build/icyphy/ptII/lib/protobuf-java-2.4.1.jar:/home/travis/build/icyphy/ptII/lib/org.eclipse.paho.client.mqttv3.jar:/home/travis/build/icyphy/ptII/lib/mapss.jar:/home/travis/build/icyphy/ptII/ptolemy/actor/ptalon/antlr/antlr.jar:/home/travis/build/icyphy/ptII/lib/JRI.jar:/home/travis/build/icyphy/ptII/lib/commons-lang-2.6.jar:/home/travis/build/icyphy/ptII/lib/commons-logging-1.1.1.jar:/home/travis/build/icyphy/ptII/lib/sootclasses.jar:/home/travis/build/icyphy/ptII/ptolemy/actor/lib/database/mysql-connector-java-5.1.6-bin.jar:/home/travis/build/icyphy/ptII/vendors/misc/sphinx4/sphinx4-data-5prealpha.jar:/home/travis/build/icyphy/ptII/vendors/misc/sphinx4/sphinx4-core-5prealpha.jar:/home/travis/build/icyphy/ptII/lib/PDFRenderer.jar:/home/travis/build/icyphy/ptII/lib/svgSalamander.jar:/home/travis/build/icyphy/ptII/lib/rsyntaxtextarea-2.6.0-SNAPSHOT.jar:/home/travis/build/icyphy/ptII/lib/hazelcast-3.8.2.jar:/home/travis/build/icyphy/ptII/lib/jackson-annotations-2.9.0.jar:/home/travis/build/icyphy/ptII/lib/jackson-core-2.9.3.jar:/home/travis/build/icyphy/ptII/lib/jackson-databind-2.9.3.jar:/home/travis/build/icyphy/ptII/lib/netty-buffer-4.1.19.Final.jar:/home/travis/build/icyphy/ptII/lib/netty-codec-4.1.19.Final.jar:/home/travis/build/icyphy/ptII/lib/netty-codec-dns-4.1.19.Final.jar:/home/travis/build/icyphy/ptII/lib/netty-codec-http-4.1.19.Final.jar:/home/travis/build/icyphy/ptII/lib/netty-codec-http2-4.1.19.Final.jar:/home/travis/build/icyphy/ptII/lib/netty-common-4.1.19.Final.jar:/home/travis/build/icyphy/ptII/lib/netty-handler-4.1.19.Final.jar:/home/travis/build/icyphy/ptII/lib/netty-resolver-4.1.19.Final.jar:/home/travis/build/icyphy/ptII/lib/netty-resolver-dns-4.1.19.Final.jar:/home/travis/build/icyphy/ptII/lib/netty-transport-4.1.19.Final.jar:/home/travis/build/icyphy/ptII/lib/vertx-codegen-3.5.1.jar:/home/travis/build/icyphy/ptII/lib/vertx-core-3.5.2-SNAPSHOT.jar:/home/travis/build/icyphy/ptII/lib/vertx-hazelcast-3.5.1.jar:/home/travis/build/icyphy/ptII/lib/vertx-lang-js-3.5.1.jar:/home/travis/build/icyphy/ptII/lib/vertx-service-proxy-3.5.1.jar:/home/travis/build/icyphy/ptII/lib/vertx-web-3.5.1.jar:/home/travis/build/icyphy/ptII/lib/slf4j-api-1.7.13.jar:/home/travis/build/icyphy/ptII/lib/slf4j-simple-1.7.13.jar:/home/travis/build/icyphy/ptII/lib/webcam-capture-0.3.12.jar:/home/travis/build/icyphy/ptII/lib/bridj-0.7.0.jar:/home/travis/build/icyphy/ptII/lib/xbjlib-1.1.0.nrjavaserial.jar:/home/travis/build/icyphy/ptII/ptolemy/moml/test:/home/travis/build/icyphy/ptII/ant/lib/ant-launcher.jar:/home/travis/build/icyphy/ptII/ant/lib/ant.jar:/home/travis/build/icyphy/ptII/ant/lib/ant-junit.jar:/home/travis/build/icyphy/ptII/ant/lib/ant-junit4.jar" />
    <property name="ant.library.dir" value="/home/travis/build/icyphy/ptII/ant/lib" />
    <property name="os.arch" value="amd64" />
    <property name="env.CONTINUOUS_INTEGRATION" value="true" />
    <property name="env.TRAVIS_LANGUAGE" value="node_js" />
    <property name="env.TRAVIS_STACK_LANGUAGES" value="__sardonyx__ c c++ clojure cplusplus cpp default generic go groovy java node_js php pure_java python ruby scala" />
    <property name="test.name" value="ptolemy.actor.lib.test.junit.JUnitTclTest" />
    <property name="env.APT_KEY_DONT_WARN_ON_DANGEROUS_USAGE" value="1" />
    <property name="sun.java.launcher" value="SUN_STANDARD" />
    <property name="env.PYTHON_CONFIGURE_OPTS" value="--enable-unicode=ucs4 --with-wide-unicode --enable-shared --enable-ipv6 --enable-loadable-sqlite-extensions --with-computed-gotos" />
    <property name="ant.core.lib" value="/home/travis/build/icyphy/ptII/ant/lib/ant.jar" />
    <property name="java.vm.specification.vendor" value="Oracle Corporation" />
    <property name="env.BCVTB_HOME" value="/home/travis/build/icyphy/ptII/lbnl" />
    <property name="file.separator" value="/" />
    <property name="spotbugs.home" value="/home/travis/build/icyphy/ptII/vendors/spotbugs-3.1.1" />
    <property name="java.runtime.version" value="11.0.2+9" />
    <property name="env.ANSI_CLEAR" value="\033[0K" />
    <property name="javafx.verbose" value="true" />
    <property name="env.HAS_JOSH_K_SEAL_OF_APPROVAL" value="true" />
    <property name="env.XDG_RUNTIME_DIR" value="/run/user/2000" />
    <property name="env.TRAVIS_OSX_IMAGE" value="" />
    <property name="env.TRAVIS_JOB_ID" value="630235453" />
    <property name="env.TRAVIS_BRANCH" value="master" />
    <property name="user.country" value="US" />
    <property name="env.CERTI_HOME_TRAVIS" value="/home/travis/pthla/certi-tools" />
    <property name="env.SHELL" value="/bin/bash" />
    <property name="java.maxmemory.large" value="3200m" />
    <property name="model" value="" />
    <property name="env.CASHER_DIR" value="/home/travis/.casher" />
    <property name="env.NVM_CD_FLAGS" value="" />
    <property name="java.vendor.version" value="18.9" />
    <property name="jshint.executable" value="/home/travis/node_modules/jshint/bin/jshint" />
    <property name="env.JRUBY_OPTS" value=" --client -J-XX:+TieredCompilation -J-XX:TieredStopAtLevel=1 -J-Xss2m -Xcompile.invokedynamic=false" />
    <property name="java.vendor" value="Oracle Corporation" />
    <property name="env.TRAVIS_PRE_CHEF_BOOTSTRAP_TIME" value="2019-03-25T16:16:42" />
    <property name="env.TRAVIS_STACK_JOB_BOARD_REGISTER" value="/.job-board-register.yml" />
    <property name="env.ANSI_RED" value="\033[31;1m" />
    <property name="java.specification.version" value="11" />
    <property name="env.IRBRC" value="/home/travis/.rvm/rubies/ruby-2.5.3/.irbrc" />
    <property name="env.TRAVIS" value="true" />
    <property name="sun.arch.data.model" value="64" />
  </properties>
  <testcase classname="ptolemy.util.test.junit.TclTests" name="[0] /home/travis/build/icyphy/ptII/ptolemy/domains/de/test/DependencyLoop.tcl (RunTclFile)" time="1.124" />
  <testcase classname="ptolemy.util.test.junit.TclTests" name="[1] /home/travis/build/icyphy/ptII/ptolemy/domains/de/test/RunDETestsAsQSS.tcl (RunTclFile)" time="83.432" />
  <testcase classname="ptolemy.util.test.junit.AutoKnownFailedTests" name="[0] /home/travis/build/icyphy/ptII/ptolemy/domains/de/test/auto/knownFailedTests/DESDFClockTest.xml (RunModel)" time="2.052" />
  <testcase classname="ptolemy.util.test.junit.AutoKnownFailedTests" name="[1] /home/travis/build/icyphy/ptII/ptolemy/domains/de/test/auto/knownFailedTests/DirectFeedback.xml (RunModel)" time="0.024" />
  <testcase classname="ptolemy.util.test.junit.AutoKnownFailedTests" name="[2] /home/travis/build/icyphy/ptII/ptolemy/domains/de/test/auto/knownFailedTests/FSMSource.xml (RunModel)" time="0.028" />
  <testcase classname="ptolemy.util.test.junit.AutoKnownFailedTests" name="[3] /home/travis/build/icyphy/ptII/ptolemy/domains/de/test/auto/knownFailedTests/HierarchicalModel.xml (RunModel)" time="0.046" />
  <testcase classname="ptolemy.util.test.junit.AutoKnownFailedTests" name="[4] /home/travis/build/icyphy/ptII/ptolemy/domains/de/test/auto/knownFailedTests/dependencyLoop.xml (RunModel)" time="0.063" />
  <testcase classname="ptolemy.util.test.junit.AutoKnownFailedTests" name="[5] /home/travis/build/icyphy/ptII/ptolemy/domains/de/test/auto/knownFailedTests/dependencyLoop2.xml (RunModel)" time="0.041" />
  <testcase classname="ptolemy.util.test.junit.AutoNameArchTests" name="[0] ThereAreNoAutoArchTests (RunModel)" time="0.001" />
  <testcase classname="ptolemy.util.test.junit.AutoTests" name="[0] /home/travis/build/icyphy/ptII/ptolemy/domains/de/test/auto/ActorDepthCalculation_actorWithoutPorts.xml (RunModel)" time="0.018" />
  <testcase classname="ptolemy.util.test.junit.AutoTests" name="[1] /home/travis/build/icyphy/ptII/ptolemy/domains/de/test/auto/AssemblyLine.xml (RunModel)" time="0.029" />
  <testcase classname="ptolemy.util.test.junit.AutoTests" name="[2] /home/travis/build/icyphy/ptII/ptolemy/domains/de/test/auto/CQBug1.xml (RunModel)" time="0.011" />
  <testcase classname="ptolemy.util.test.junit.AutoTests" name="[3] /home/travis/build/icyphy/ptII/ptolemy/domains/de/test/auto/CancelFireAt.xml (RunModel)" time="0.01" />
  <testcase classname="ptolemy.util.test.junit.AutoTests" name="[4] /home/travis/build/icyphy/ptII/ptolemy/domains/de/test/auto/CausalityAndComposabilityAnalysis.xml (RunModel)" time="0.011" />
  <testcase classname="ptolemy.util.test.junit.AutoTests" name="[5] /home/travis/build/icyphy/ptII/ptolemy/domains/de/test/auto/CausalityInterface1.xml (RunModel)" time="0.019" />
  <testcase classname="ptolemy.util.test.junit.AutoTests" name="[6] /home/travis/build/icyphy/ptII/ptolemy/domains/de/test/auto/CausalityInterface15.xml (RunModel)" time="0.019" />
  <testcase classname="ptolemy.util.test.junit.AutoTests" name="[7] /home/travis/build/icyphy/ptII/ptolemy/domains/de/test/auto/CausalityInterface2.xml (RunModel)" time="0.018" />
  <testcase classname="ptolemy.util.test.junit.AutoTests" name="[8] /home/travis/build/icyphy/ptII/ptolemy/domains/de/test/auto/CausalityInterface3.xml (RunModel)" time="0.014" />
  <testcase classname="ptolemy.util.test.junit.AutoTests" name="[9] /home/travis/build/icyphy/ptII/ptolemy/domains/de/test/auto/ClockDrift.xml (RunModel)" time="0.036" />
  <testcase classname="ptolemy.util.test.junit.AutoTests" name="[10] /home/travis/build/icyphy/ptII/ptolemy/domains/de/test/auto/ClockDriftAndValueChange.xml (RunModel)" time="0.033" />
  <testcase classname="ptolemy.util.test.junit.AutoTests" name="[11] /home/travis/build/icyphy/ptII/ptolemy/domains/de/test/auto/ClockDriftChange.xml (RunModel)" time="0.028" />
  <testcase classname="ptolemy.util.test.junit.AutoTests" name="[12] /home/travis/build/icyphy/ptII/ptolemy/domains/de/test/auto/ComposableCausalityAnalysis.xml (RunModel)" time="0.014" />
  <testcase classname="ptolemy.util.test.junit.AutoTests" name="[13] /home/travis/build/icyphy/ptII/ptolemy/domains/de/test/auto/DEFixedPointLimitation.xml (RunModel)" time="0.011" />
  <testcase classname="ptolemy.util.test.junit.AutoTests" name="[14] /home/travis/build/icyphy/ptII/ptolemy/domains/de/test/auto/DEScheduleTest.xml (RunModel)" time="0.016" />
  <testcase classname="ptolemy.util.test.junit.AutoTests" name="[15] /home/travis/build/icyphy/ptII/ptolemy/domains/de/test/auto/DEinDEwithStartTimes.xml (RunModel)" time="0.013" />
  <testcase classname="ptolemy.util.test.junit.AutoTests" name="[16] /home/travis/build/icyphy/ptII/ptolemy/domains/de/test/auto/DEinDEwithStartTimes2.xml (RunModel)" time="0.015" />
  <testcase classname="ptolemy.util.test.junit.AutoTests" name="[17] /home/travis/build/icyphy/ptII/ptolemy/domains/de/test/auto/DateDemo.xml (RunModel)" time="0.032" />
  <testcase classname="ptolemy.util.test.junit.AutoTests" name="[18] /home/travis/build/icyphy/ptII/ptolemy/domains/de/test/auto/DateToEvent.xml (RunModel)" time="2.038" />
  <testcase classname="ptolemy.util.test.junit.AutoTests" name="[19] /home/travis/build/icyphy/ptII/ptolemy/domains/de/test/auto/DepthTest1.xml (RunModel)" time="0.009" />
  <testcase classname="ptolemy.util.test.junit.AutoTests" name="[20] /home/travis/build/icyphy/ptII/ptolemy/domains/de/test/auto/DepthTest2.xml (RunModel)" time="0.024" />
  <testcase classname="ptolemy.util.test.junit.AutoTests" name="[21] /home/travis/build/icyphy/ptII/ptolemy/domains/de/test/auto/DepthTest3.xml (RunModel)" time="0.009" />
  <testcase classname="ptolemy.util.test.junit.AutoTests" name="[22] /home/travis/build/icyphy/ptII/ptolemy/domains/de/test/auto/DepthTest4.xml (RunModel)" time="0.027" />
  <testcase classname="ptolemy.util.test.junit.AutoTests" name="[23] /home/travis/build/icyphy/ptII/ptolemy/domains/de/test/auto/DepthTest5.xml (RunModel)" time="0.016" />
  <testcase classname="ptolemy.util.test.junit.AutoTests" name="[24] /home/travis/build/icyphy/ptII/ptolemy/domains/de/test/auto/DepthTest6.xml (RunModel)" time="0.013" />
  <testcase classname="ptolemy.util.test.junit.AutoTests" name="[25] /home/travis/build/icyphy/ptII/ptolemy/domains/de/test/auto/DepthTest7.xml (RunModel)" time="0.016" />
  <testcase classname="ptolemy.util.test.junit.AutoTests" name="[26] /home/travis/build/icyphy/ptII/ptolemy/domains/de/test/auto/EventToDate.xml (RunModel)" time="3.05" />
  <testcase classname="ptolemy.util.test.junit.AutoTests" name="[27] /home/travis/build/icyphy/ptII/ptolemy/domains/de/test/auto/FSM1.xml (RunModel)" time="0.036" />
  <testcase classname="ptolemy.util.test.junit.AutoTests" name="[28] /home/travis/build/icyphy/ptII/ptolemy/domains/de/test/auto/FSM7.xml (RunModel)" time="0.041" />
  <testcase classname="ptolemy.util.test.junit.AutoTests" name="[29] /home/travis/build/icyphy/ptII/ptolemy/domains/de/test/auto/Inspection.xml (RunModel)" time="0.041" />
  <testcase classname="ptolemy.util.test.junit.AutoTests" name="[30] /home/travis/build/icyphy/ptII/ptolemy/domains/de/test/auto/Iteration.xml (RunModel)" time="0.022" />
  <testcase classname="ptolemy.util.test.junit.AutoTests" name="[31] /home/travis/build/icyphy/ptII/ptolemy/domains/de/test/auto/LineFault.xml (RunModel)" time="0.502" />
  <testcase classname="ptolemy.util.test.junit.AutoTests" name="[32] /home/travis/build/icyphy/ptII/ptolemy/domains/de/test/auto/MergeModel1Add.xml (RunModel)" time="0.052" />
  <testcase classname="ptolemy.util.test.junit.AutoTests" name="[33] /home/travis/build/icyphy/ptII/ptolemy/domains/de/test/auto/MergeModel2Add.xml (RunModel)" time="0.032" />
  <testcase classname="ptolemy.util.test.junit.AutoTests" name="[34] /home/travis/build/icyphy/ptII/ptolemy/domains/de/test/auto/MergeModel3Add.xml (RunModel)" time="0.041" />
  <testcase classname="ptolemy.util.test.junit.AutoTests" name="[35] /home/travis/build/icyphy/ptII/ptolemy/domains/de/test/auto/MergeWithoutDiscard.xml (RunModel)" time="0.011" />
  <testcase classname="ptolemy.util.test.junit.AutoTests" name="[36] /home/travis/build/icyphy/ptII/ptolemy/domains/de/test/auto/Modal1.xml (RunModel)" time="0.03" />
  <testcase classname="ptolemy.util.test.junit.AutoTests" name="[37] /home/travis/build/icyphy/ptII/ptolemy/domains/de/test/auto/Modal2.xml (RunModel)" time="0.033" />
  <testcase classname="ptolemy.util.test.junit.AutoTests" name="[38] /home/travis/build/icyphy/ptII/ptolemy/domains/de/test/auto/Modal3.xml (RunModel)" time="0.026" />
  <testcase classname="ptolemy.util.test.junit.AutoTests" name="[39] /home/travis/build/icyphy/ptII/ptolemy/domains/de/test/auto/Modal4.xml (RunModel)" time="0.032" />
  <testcase classname="ptolemy.util.test.junit.AutoTests" name="[40] /home/travis/build/icyphy/ptII/ptolemy/domains/de/test/auto/Modal5.xml (RunModel)" time="0.028" />
  <testcase classname="ptolemy.util.test.junit.AutoTests" name="[41] /home/travis/build/icyphy/ptII/ptolemy/domains/de/test/auto/Modal6.xml (RunModel)" time="0.03" />
  <testcase classname="ptolemy.util.test.junit.AutoTests" name="[42] /home/travis/build/icyphy/ptII/ptolemy/domains/de/test/auto/Modal7.xml (RunModel)" time="0.032" />
  <testcase classname="ptolemy.util.test.junit.AutoTests" name="[43] /home/travis/build/icyphy/ptII/ptolemy/domains/de/test/auto/ModalModel.xml (RunModel)" time="0.184" />
  <testcase classname="ptolemy.util.test.junit.AutoTests" name="[44] /home/travis/build/icyphy/ptII/ptolemy/domains/de/test/auto/ModalSource.xml (RunModel)" time="0.024" />
  <testcase classname="ptolemy.util.test.junit.AutoTests" name="[45] /home/travis/build/icyphy/ptII/ptolemy/domains/de/test/auto/NonInterruptibleTimerZeroDelay.xml (RunModel)" time="0.012" />
  <testcase classname="ptolemy.util.test.junit.AutoTests" name="[46] /home/travis/build/icyphy/ptII/ptolemy/domains/de/test/auto/OpenQueueingNetwork.xml (RunModel)" time="2.305" />
  <testcase classname="ptolemy.util.test.junit.AutoTests" name="[47] /home/travis/build/icyphy/ptII/ptolemy/domains/de/test/auto/OpenQueuingNetwork.xml (RunModel)" time="0.254" />
  <testcase classname="ptolemy.util.test.junit.AutoTests" name="[48] /home/travis/build/icyphy/ptII/ptolemy/domains/de/test/auto/PeriodicSampler.xml (RunModel)" time="0.009" />
  <testcase classname="ptolemy.util.test.junit.AutoTests" name="[49] /home/travis/build/icyphy/ptII/ptolemy/domains/de/test/auto/PersistentIO.xml (RunModel)" time="0.021" />
  <testcase classname="ptolemy.util.test.junit.AutoTests" name="[50] /home/travis/build/icyphy/ptII/ptolemy/domains/de/test/auto/PortParameterResetOnInitialize.xml (RunModel)" time="0.009" />
  <testcase classname="ptolemy.util.test.junit.AutoTests" name="[51] /home/travis/build/icyphy/ptII/ptolemy/domains/de/test/auto/PortParameterUpdates.xml (RunModel)" time="0.014" />
  <testcase classname="ptolemy.util.test.junit.AutoTests" name="[52] /home/travis/build/icyphy/ptII/ptolemy/domains/de/test/auto/QueueAndServer.xml (RunModel)" time="0.022" />
  <testcase classname="ptolemy.util.test.junit.AutoTests" name="[53] /home/travis/build/icyphy/ptII/ptolemy/domains/de/test/auto/Records.xml (RunModel)" time="0.017" />
  <testcase classname="ptolemy.util.test.junit.AutoTests" name="[54] /home/travis/build/icyphy/ptII/ptolemy/domains/de/test/auto/ResetTransitionWithStartTime1.xml (RunModel)" time="0.032" />
  <testcase classname="ptolemy.util.test.junit.AutoTests" name="[55] /home/travis/build/icyphy/ptII/ptolemy/domains/de/test/auto/ResetTransitionWithStartTime2.xml (RunModel)" time="0.025" />
  <testcase classname="ptolemy.util.test.junit.AutoTests" name="[56] /home/travis/build/icyphy/ptII/ptolemy/domains/de/test/auto/ResetTransitionWithStartTime3.xml (RunModel)" time="0.022" />
  <testcase classname="ptolemy.util.test.junit.AutoTests" name="[57] /home/travis/build/icyphy/ptII/ptolemy/domains/de/test/auto/ResetTransitionWithStartTime4.xml (RunModel)" time="0.019" />
  <testcase classname="ptolemy.util.test.junit.AutoTests" name="[58] /home/travis/build/icyphy/ptII/ptolemy/domains/de/test/auto/ResettableTimer1.xml (RunModel)" time="0.01" />
  <testcase classname="ptolemy.util.test.junit.AutoTests" name="[59] /home/travis/build/icyphy/ptII/ptolemy/domains/de/test/auto/ResettableTimer2.xml (RunModel)" time="0.01" />
  <testcase classname="ptolemy.util.test.junit.AutoTests" name="[60] /home/travis/build/icyphy/ptII/ptolemy/domains/de/test/auto/ResettableTimer3.xml (RunModel)" time="0.009" />
  <testcase classname="ptolemy.util.test.junit.AutoTests" name="[61] /home/travis/build/icyphy/ptII/ptolemy/domains/de/test/auto/ResettableTimer4.xml (RunModel)" time="0.01" />
  <testcase classname="ptolemy.util.test.junit.AutoTests" name="[62] /home/travis/build/icyphy/ptII/ptolemy/domains/de/test/auto/ResettableTimer5.xml (RunModel)" time="0.011" />
  <testcase classname="ptolemy.util.test.junit.AutoTests" name="[63] /home/travis/build/icyphy/ptII/ptolemy/domains/de/test/auto/ResettableTimer6.xml (RunModel)" time="0.016" />
  <testcase classname="ptolemy.util.test.junit.AutoTests" name="[64] /home/travis/build/icyphy/ptII/ptolemy/domains/de/test/auto/ServerZeroDelay.xml (RunModel)" time="0.009" />
  <testcase classname="ptolemy.util.test.junit.AutoTests" name="[65] /home/travis/build/icyphy/ptII/ptolemy/domains/de/test/auto/SmartSender.xml (RunModel)" time="3.008" />
  <testcase classname="ptolemy.util.test.junit.AutoTests" name="[66] /home/travis/build/icyphy/ptII/ptolemy/domains/de/test/auto/ThreadedComposite.xml (RunModel)" time="0.134" />
  <testcase classname="ptolemy.util.test.junit.AutoTests" name="[67] /home/travis/build/icyphy/ptII/ptolemy/domains/de/test/auto/Time.xml (RunModel)" time="0.384" />
  <testcase classname="ptolemy.util.test.junit.AutoTests" name="[68] /home/travis/build/icyphy/ptII/ptolemy/domains/de/test/auto/TimeDelayZeroDelay.xml (RunModel)" time="0.012" />
  <testcase classname="ptolemy.util.test.junit.AutoTests" name="[69] /home/travis/build/icyphy/ptII/ptolemy/domains/de/test/auto/TimerZeroDelay.xml (RunModel)" time="0.014" />
  <testcase classname="ptolemy.util.test.junit.AutoTests" name="[70] /home/travis/build/icyphy/ptII/ptolemy/domains/de/test/auto/TimingParadox.xml (RunModel)" time="0.283" />
  <testcase classname="ptolemy.util.test.junit.AutoTests" name="[71] /home/travis/build/icyphy/ptII/ptolemy/domains/de/test/auto/TransferInputs.xml (RunModel)" time="0.008" />
  <testcase classname="ptolemy.util.test.junit.AutoTests" name="[72] /home/travis/build/icyphy/ptII/ptolemy/domains/de/test/auto/TransferOutputs2.xml (RunModel)" time="0.014" />
  <testcase classname="ptolemy.util.test.junit.AutoTests" name="[73] /home/travis/build/icyphy/ptII/ptolemy/domains/de/test/auto/Trilateration.xml (RunModel)" time="10.683" />
  <testcase classname="ptolemy.util.test.junit.AutoTests" name="[74] /home/travis/build/icyphy/ptII/ptolemy/domains/de/test/auto/TwoSigmaDelta.xml (RunModel)" time="1.784" />
  <testcase classname="ptolemy.util.test.junit.AutoTests" name="[75] /home/travis/build/icyphy/ptII/ptolemy/domains/de/test/auto/VariableDelay.xml (RunModel)" time="0.014" />
  <testcase classname="ptolemy.util.test.junit.AutoTests" name="[76] /home/travis/build/icyphy/ptII/ptolemy/domains/de/test/auto/VariableDelay2.xml (RunModel)" time="0.009" />
  <testcase classname="ptolemy.util.test.junit.AutoTests" name="[77] /home/travis/build/icyphy/ptII/ptolemy/domains/de/test/auto/VariableDelayZeroDelay.xml (RunModel)" time="0.009" />
  <testcase classname="ptolemy.util.test.junit.AutoTests" name="[78] /home/travis/build/icyphy/ptII/ptolemy/domains/de/test/auto/VariableDelayZeroDelay2.xml (RunModel)" time="0.012" />
  <testcase classname="ptolemy.util.test.junit.AutoTests" name="[79] /home/travis/build/icyphy/ptII/ptolemy/domains/de/test/auto/deInCt.xml (RunModel)" time="0.016" />
  <testcase classname="ptolemy.util.test.junit.AutoTests" name="[80] /home/travis/build/icyphy/ptII/ptolemy/domains/de/test/auto/deInCt2.xml (RunModel)" time="0.016" />
  <testcase classname="ptolemy.util.test.junit.AutoTests" name="[81] /home/travis/build/icyphy/ptII/ptolemy/domains/de/test/auto/dynamicCausalityInterface1.xml (RunModel)" time="0.022" />
  <testcase classname="ptolemy.util.test.junit.AutoTests" name="[82] /home/travis/build/icyphy/ptII/ptolemy/domains/de/test/auto/fsm_de_test.xml (RunModel)" time="0.024" />
  <testcase classname="ptolemy.util.test.junit.AutoTests" name="[83] /home/travis/build/icyphy/ptII/ptolemy/domains/de/test/auto/functionDependencyReconstruction.xml (RunModel)" time="0.048" />
  <testcase classname="ptolemy.util.test.junit.AutoTests" name="[84] /home/travis/build/icyphy/ptII/ptolemy/domains/de/test/auto/multirate.xml (RunModel)" time="0.018" />
  <testcase classname="ptolemy.util.test.junit.AutoTests" name="[85] /home/travis/build/icyphy/ptII/ptolemy/domains/de/test/auto/multirate2.xml (RunModel)" time="0.017" />
  <testcase classname="ptolemy.util.test.junit.AutoTests" name="[86] /home/travis/build/icyphy/ptII/ptolemy/domains/de/test/auto/realtime.xml (RunModel)" time="10.009" />
  <testcase classname="ptolemy.util.test.junit.AutoTests" name="[87] /home/travis/build/icyphy/ptII/ptolemy/domains/de/test/auto/relationGroup.xml (RunModel)" time="0.009" />
  <testcase classname="ptolemy.util.test.junit.AutoTests" name="[88] /home/travis/build/icyphy/ptII/ptolemy/domains/de/test/auto/relationGroup2.xml (RunModel)" time="0.009" />
  <testcase classname="ptolemy.util.test.junit.AutoTests" name="[89] /home/travis/build/icyphy/ptII/ptolemy/domains/de/test/auto/sortWithOpaquePorts.xml (RunModel)" time="0.013" />
  <testcase classname="ptolemy.util.test.junit.AutoTests" name="[90] /home/travis/build/icyphy/ptII/ptolemy/domains/de/test/auto/transferInputsandOutputs.xml (RunModel)" time="0.013" />
  <testcase classname="ptolemy.util.test.junit.AutoTests" name="[91] /home/travis/build/icyphy/ptII/ptolemy/domains/de/test/auto/triggerType.xml (RunModel)" time="0.008" />
  <system-out><![CDATA[/home/travis/build/icyphy/ptII/ptolemy/domains/de/test/DependencyLoop.tcl
testDefs.tcl: setting time out to 9000 seconds at Sat Dec 28 06:31:25 UTC 2019
90 ms. Memory: 129024K Free: 80325K (62%)
35 ms. Memory: 129024K Free: 62407K (48%)
/home/travis/build/icyphy/ptII/ptolemy/domains/de/test/RunDETestsAsQSS.tcl
Run the DE tests using ptolemy.domains.qss.test.QSSDirectorTest, which extends QSSDirector and prints a message in the constructors.
------------------ testing $PTII/ptolemy/domains/de/test/auto/knownFailedTests/DirectFeedback.xml (Known Failure) 
52 ms. Memory: 129024K Free: 57287K (44%)


==== $PTIIhome/travis/build/icyphy/ptII/ptolemy/domains/de/test/../../../../: Auto Automatic test in file $PTII/ptolemy/domains/de/test/auto/knownFailedTests/DirectFeedback.xml
==== Contents of test case:

	    # FIXME: we should use $relativeFilename here, but it
	    # might have backslashes under Windows, which causes no end
	    # of trouble.
	    createAndExecute $file
	    list {}
	
.... Test generated KNOWN error:
    while executing
ptolemy.kernel.util.IllegalActionException: Test fails in iteration 1.
Value was: 1.0. Should have been: 2.0
  in .DirectFeedback.Test
	at ptolemy.actor.lib.Test.fire(Test.java:268)
	at ptolemy.domains.de.kernel.DEDirector._fire(DEDirector.java:1949)
	at ptolemy.domains.de.kernel.DEDirector.fire(DEDirector.java:502)
	at ptolemy.actor.CompositeActor.fire(CompositeActor.java:455)
	at ptolemy.actor.Manager.iterate(Manager.java:851)
	at ptolemy.actor.Manager.execute(Manager.java:369)
	at ptolemy.actor.Manager.run(Manager.java:1263)
	at ptolemy.actor.Manager$PtolemyRunThread.run(Manager.java:1933)

    while executing
ptolemy.kernel.util.IllegalActionException: Test fails in iteration 1.
Value was: 1.0. Should have been: 2.0
  in .DirectFeedback.Test
    while executing
"java::new ptolemy.moml.MoMLSimpleApplication $file
"
    (procedure "createAndExecute" line 2)
    invoked from within
"createAndExecute $file"
    ("uplevel" body line 5)
    invoked from within
"uplevel $contents_of_test"
------------------ testing $PTII/ptolemy/domains/de/test/auto/knownFailedTests/dependencyLoop.xml (Known Failure) 
17 ms. Memory: 129024K Free: 54215K (42%)


==== $PTIIhome/travis/build/icyphy/ptII/ptolemy/domains/de/test/../../../../: Auto Automatic test in file $PTII/ptolemy/domains/de/test/auto/knownFailedTests/dependencyLoop.xml
==== Contents of test case:

	    # FIXME: we should use $relativeFilename here, but it
	    # might have backslashes under Windows, which causes no end
	    # of trouble.
	    createAndExecute $file
	    list {}
	
.... Test generated KNOWN error:
    while executing
ptolemy.kernel.util.IllegalActionException: Found a zero delay loop containing .dependencyLoop.original
  in .dependencyLoop and .dependencyLoop.original
	at ptolemy.actor.util.CausalityInterfaceForComposites._computeOutputPortDepth(CausalityInterfaceForComposites.java:759)
	at ptolemy.actor.util.CausalityInterfaceForComposites._computeInputDepth(CausalityInterfaceForComposites.java:696)
	at ptolemy.actor.util.CausalityInterfaceForComposites._computeOutputPortDepth(CausalityInterfaceForComposites.java:765)
	at ptolemy.actor.util.CausalityInterfaceForComposites._computeInputDepth(CausalityInterfaceForComposites.java:696)
	at ptolemy.actor.util.CausalityInterfaceForComposites._computeOutputPortDepth(CausalityInterfaceForComposites.java:765)
	at ptolemy.actor.util.CausalityInterfaceForComposites._computeInputDepth(CausalityInterfaceForComposites.java:696)
	at ptolemy.actor.util.CausalityInterfaceForComposites._computeActorDepth(CausalityInterfaceForComposites.java:532)
	at ptolemy.actor.util.CausalityInterfaceForComposites.checkForCycles(CausalityInterfaceForComposites.java:96)
	at ptolemy.domains.de.kernel.DEDirector.preinitialize(DEDirector.java:1338)
	at ptolemy.actor.CompositeActor.preinitialize(CompositeActor.java:1828)
	at ptolemy.actor.Manager.preinitializeAndResolveTypes(Manager.java:1040)
	at ptolemy.actor.Manager.initialize(Manager.java:710)
	at ptolemy.actor.Manager.execute(Manager.java:356)
	at ptolemy.actor.Manager.run(Manager.java:1263)
	at ptolemy.actor.Manager$PtolemyRunThread.run(Manager.java:1933)

    while executing
ptolemy.kernel.util.IllegalActionException: Found a zero delay loop containing .dependencyLoop.original
  in .dependencyLoop and .dependencyLoop.original
    while executing
"java::new ptolemy.moml.MoMLSimpleApplication $file
"
    (procedure "createAndExecute" line 2)
    invoked from within
"createAndExecute $file"
    ("uplevel" body line 5)
    invoked from within
"uplevel $contents_of_test"
------------------ testing $PTII/ptolemy/domains/de/test/auto/knownFailedTests/FSMSource.xml (Known Failure) 
46 ms. Memory: 129024K Free: 112858K (87%)
!!!! Auto was marked as failing, but now passes
------------------ testing $PTII/ptolemy/domains/de/test/auto/knownFailedTests/HierarchicalModel.xml (Known Failure) 
11 ms. Memory: 129024K Free: 95466K (74%)


==== $PTIIhome/travis/build/icyphy/ptII/ptolemy/domains/de/test/../../../../: Auto Automatic test in file $PTII/ptolemy/domains/de/test/auto/knownFailedTests/HierarchicalModel.xml
==== Contents of test case:

	    # FIXME: we should use $relativeFilename here, but it
	    # might have backslashes under Windows, which causes no end
	    # of trouble.
	    createAndExecute $file
	    list {}
	
.... Test generated KNOWN error:
    while executing
ptolemy.kernel.util.IllegalActionException: Found a zero delay loop containing .HierarchicalModel.A
  in .HierarchicalModel and .HierarchicalModel.A
	at ptolemy.actor.util.CausalityInterfaceForComposites._computeOutputPortDepth(CausalityInterfaceForComposites.java:759)
	at ptolemy.actor.util.CausalityInterfaceForComposites._computeInputDepth(CausalityInterfaceForComposites.java:696)
	at ptolemy.actor.util.CausalityInterfaceForComposites._computeOutputPortDepth(CausalityInterfaceForComposites.java:765)
	at ptolemy.actor.util.CausalityInterfaceForComposites._computeInputDepth(CausalityInterfaceForComposites.java:696)
	at ptolemy.actor.util.CausalityInterfaceForComposites._computeOutputPortDepth(CausalityInterfaceForComposites.java:765)
	at ptolemy.actor.util.CausalityInterfaceForComposites._computeInputDepth(CausalityInterfaceForComposites.java:696)
	at ptolemy.actor.util.CausalityInterfaceForComposites._computeActorDepth(CausalityInterfaceForComposites.java:532)
	at ptolemy.actor.util.CausalityInterfaceForComposites.checkForCycles(CausalityInterfaceForComposites.java:96)
	at ptolemy.domains.de.kernel.DEDirector.preinitialize(DEDirector.java:1338)
	at ptolemy.actor.CompositeActor.preinitialize(CompositeActor.java:1828)
	at ptolemy.actor.Manager.preinitializeAndResolveTypes(Manager.java:1040)
	at ptolemy.actor.Manager.initialize(Manager.java:710)
	at ptolemy.actor.Manager.execute(Manager.java:356)
	at ptolemy.actor.Manager.run(Manager.java:1263)
	at ptolemy.actor.Manager$PtolemyRunThread.run(Manager.java:1933)

    while executing
ptolemy.kernel.util.IllegalActionException: Found a zero delay loop containing .HierarchicalModel.A
  in .HierarchicalModel and .HierarchicalModel.A
    while executing
"java::new ptolemy.moml.MoMLSimpleApplication $file
"
    (procedure "createAndExecute" line 2)
    invoked from within
"createAndExecute $file"
    ("uplevel" body line 5)
    invoked from within
"uplevel $contents_of_test"
------------------ testing $PTII/ptolemy/domains/de/test/auto/knownFailedTests/dependencyLoop2.xml (Known Failure) 
4 ms. Memory: 129024K Free: 79811K (62%)


==== $PTIIhome/travis/build/icyphy/ptII/ptolemy/domains/de/test/../../../../: Auto Automatic test in file $PTII/ptolemy/domains/de/test/auto/knownFailedTests/dependencyLoop2.xml
==== Contents of test case:

	    # FIXME: we should use $relativeFilename here, but it
	    # might have backslashes under Windows, which causes no end
	    # of trouble.
	    createAndExecute $file
	    list {}
	
.... Test generated KNOWN error:
    while executing
ptolemy.kernel.util.IllegalActionException: Found a zero delay loop containing .dependencyLoop2.original
  in .dependencyLoop2 and .dependencyLoop2.original
	at ptolemy.actor.util.CausalityInterfaceForComposites._computeOutputPortDepth(CausalityInterfaceForComposites.java:759)
	at ptolemy.actor.util.CausalityInterfaceForComposites._computeInputDepth(CausalityInterfaceForComposites.java:696)
	at ptolemy.actor.util.CausalityInterfaceForComposites._computeOutputPortDepth(CausalityInterfaceForComposites.java:765)
	at ptolemy.actor.util.CausalityInterfaceForComposites._computeInputDepth(CausalityInterfaceForComposites.java:696)
	at ptolemy.actor.util.CausalityInterfaceForComposites._computeOutputPortDepth(CausalityInterfaceForComposites.java:765)
	at ptolemy.actor.util.CausalityInterfaceForComposites._computeInputDepth(CausalityInterfaceForComposites.java:696)
	at ptolemy.actor.util.CausalityInterfaceForComposites._computeActorDepth(CausalityInterfaceForComposites.java:532)
	at ptolemy.actor.util.CausalityInterfaceForComposites.checkForCycles(CausalityInterfaceForComposites.java:96)
	at ptolemy.domains.de.kernel.DEDirector.preinitialize(DEDirector.java:1338)
	at ptolemy.actor.CompositeActor.preinitialize(CompositeActor.java:1828)
	at ptolemy.actor.Manager.preinitializeAndResolveTypes(Manager.java:1040)
	at ptolemy.actor.Manager.initialize(Manager.java:710)
	at ptolemy.actor.Manager.execute(Manager.java:356)
	at ptolemy.actor.Manager.run(Manager.java:1263)
	at ptolemy.actor.Manager$PtolemyRunThread.run(Manager.java:1933)

    while executing
ptolemy.kernel.util.IllegalActionException: Found a zero delay loop containing .dependencyLoop2.original
  in .dependencyLoop2 and .dependencyLoop2.original
    while executing
"java::new ptolemy.moml.MoMLSimpleApplication $file
"
    (procedure "createAndExecute" line 2)
    invoked from within
"createAndExecute $file"
    ("uplevel" body line 5)
    invoked from within
"uplevel $contents_of_test"
------------------ testing $PTII/ptolemy/domains/de/test/auto/knownFailedTests/DESDFClockTest.xml (Known Failure) 
2039 ms. Memory: 129024K Free: 110653K (86%)


==== $PTIIhome/travis/build/icyphy/ptII/ptolemy/domains/de/test/../../../../: Auto Automatic test in file $PTII/ptolemy/domains/de/test/auto/knownFailedTests/DESDFClockTest.xml
==== Contents of test case:

	    # FIXME: we should use $relativeFilename here, but it
	    # might have backslashes under Windows, which causes no end
	    # of trouble.
	    createAndExecute $file
	    list {}
	
.... Test generated KNOWN error:
    while executing
ptolemy.kernel.util.IllegalActionException: Actor is not ready to fire.  Perhaps UpSample.prefire() returned false? Try debugging the actor by selecting "Listen to Actor".  Also, for SDF check moml for tokenConsumptionRate on input.
  in .DESDFClockTest.Play Bell.Copy1:SDF Director and .DESDFClockTest.Play Bell.UpSample
	at ptolemy.actor.sched.StaticSchedulingDirector.fire(StaticSchedulingDirector.java:227)
	at ptolemy.domains.sdf.kernel.SDFDirector.fire(SDFDirector.java:500)
	at ptolemy.actor.CompositeActor.fire(CompositeActor.java:455)
	at ptolemy.domains.de.kernel.DEDirector._fire(DEDirector.java:1949)
	at ptolemy.domains.de.kernel.DEDirector.fire(DEDirector.java:502)
	at ptolemy.actor.CompositeActor.fire(CompositeActor.java:455)
	at ptolemy.actor.Manager.iterate(Manager.java:851)
	at ptolemy.actor.Manager.execute(Manager.java:369)
	at ptolemy.actor.Manager.run(Manager.java:1263)
	at ptolemy.actor.Manager$PtolemyRunThread.run(Manager.java:1933)

    while executing
ptolemy.kernel.util.IllegalActionException: Actor is not ready to fire.  Perhaps UpSample.prefire() returned false? Try debugging the actor by selecting "Listen to Actor".  Also, for SDF check moml for tokenConsumptionRate on input.
  in .DESDFClockTest.Play Bell.Copy1:SDF Director and .DESDFClockTest.Play Bell.UpSample
    while executing
"java::new ptolemy.moml.MoMLSimpleApplication $file
"
    (procedure "createAndExecute" line 2)
    invoked from within
"createAndExecute $file"
    ("uplevel" body line 5)
    invoked from within
"uplevel $contents_of_test"
------------------ testing $PTII/ptolemy/domains/de/test/auto/ActorDepthCalculation_actorWithoutPorts.xml
auto.tcl: Setting watchdog for 200 seconds at Sat Dec 28 06:31:29 UTC 2019
4 ms. Memory: 129024K Free: 102975K (80%)
ptolemy.util.test.WatchDog.cancel(): canceling Sat Dec 28 06:31:29 UTC 2019
auto.tcl: Setting watchdog for 200 seconds at Sat Dec 28 06:31:29 UTC 2019
12 ms. Memory: 129024K Free: 101431K (79%)
ptolemy.util.test.WatchDog.cancel(): canceling Sat Dec 28 06:31:29 UTC 2019
------------------ testing $PTII/ptolemy/domains/de/test/auto/AssemblyLine.xml
auto.tcl: Setting watchdog for 200 seconds at Sat Dec 28 06:31:30 UTC 2019
12 ms. Memory: 48128K Free: 25488K (53%)
ptolemy.util.test.WatchDog.cancel(): canceling Sat Dec 28 06:31:30 UTC 2019
auto.tcl: Setting watchdog for 200 seconds at Sat Dec 28 06:31:30 UTC 2019
13 ms. Memory: 48128K Free: 25021K (52%)
ptolemy.util.test.WatchDog.cancel(): canceling Sat Dec 28 06:31:30 UTC 2019
------------------ testing $PTII/ptolemy/domains/de/test/auto/CQBug1.xml
auto.tcl: Setting watchdog for 200 seconds at Sat Dec 28 06:31:30 UTC 2019
6 ms. Memory: 48128K Free: 31579K (66%)
ptolemy.util.test.WatchDog.cancel(): canceling Sat Dec 28 06:31:30 UTC 2019
auto.tcl: Setting watchdog for 200 seconds at Sat Dec 28 06:31:30 UTC 2019
2 ms. Memory: 48128K Free: 31008K (64%)
ptolemy.util.test.WatchDog.cancel(): canceling Sat Dec 28 06:31:30 UTC 2019
------------------ testing $PTII/ptolemy/domains/de/test/auto/CancelFireAt.xml
auto.tcl: Setting watchdog for 200 seconds at Sat Dec 28 06:31:30 UTC 2019
2 ms. Memory: 45056K Free: 29788K (66%)
ptolemy.util.test.WatchDog.cancel(): canceling Sat Dec 28 06:31:30 UTC 2019
auto.tcl: Setting watchdog for 200 seconds at Sat Dec 28 06:31:30 UTC 2019
2 ms. Memory: 45056K Free: 29279K (65%)
ptolemy.util.test.WatchDog.cancel(): canceling Sat Dec 28 06:31:30 UTC 2019
------------------ testing $PTII/ptolemy/domains/de/test/auto/CausalityAndComposabilityAnalysis.xml
auto.tcl: Setting watchdog for 200 seconds at Sat Dec 28 06:31:30 UTC 2019
6 ms. Memory: 45056K Free: 27447K (61%)
ptolemy.util.test.WatchDog.cancel(): canceling Sat Dec 28 06:31:30 UTC 2019
auto.tcl: Setting watchdog for 200 seconds at Sat Dec 28 06:31:30 UTC 2019
7 ms. Memory: 45056K Free: 27009K (60%)
ptolemy.util.test.WatchDog.cancel(): canceling Sat Dec 28 06:31:30 UTC 2019
------------------ testing $PTII/ptolemy/domains/de/test/auto/CausalityInterface1.xml
auto.tcl: Setting watchdog for 200 seconds at Sat Dec 28 06:31:30 UTC 2019
37 ms. Memory: 45056K Free: 26382K (59%)
ptolemy.util.test.WatchDog.cancel(): canceling Sat Dec 28 06:31:30 UTC 2019
auto.tcl: Setting watchdog for 200 seconds at Sat Dec 28 06:31:30 UTC 2019
4 ms. Memory: 45056K Free: 25397K (56%)
ptolemy.util.test.WatchDog.cancel(): canceling Sat Dec 28 06:31:30 UTC 2019
------------------ testing $PTII/ptolemy/domains/de/test/auto/CausalityInterface15.xml
auto.tcl: Setting watchdog for 200 seconds at Sat Dec 28 06:31:30 UTC 2019
9 ms. Memory: 45056K Free: 26435K (59%)
ptolemy.util.test.WatchDog.cancel(): canceling Sat Dec 28 06:31:30 UTC 2019
auto.tcl: Setting watchdog for 200 seconds at Sat Dec 28 06:31:30 UTC 2019
6 ms. Memory: 45056K Free: 25337K (56%)
ptolemy.util.test.WatchDog.cancel(): canceling Sat Dec 28 06:31:30 UTC 2019
------------------ testing $PTII/ptolemy/domains/de/test/auto/CausalityInterface2.xml
auto.tcl: Setting watchdog for 200 seconds at Sat Dec 28 06:31:30 UTC 2019
5 ms. Memory: 45056K Free: 26993K (60%)
ptolemy.util.test.WatchDog.cancel(): canceling Sat Dec 28 06:31:30 UTC 2019
auto.tcl: Setting watchdog for 200 seconds at Sat Dec 28 06:31:30 UTC 2019
8 ms. Memory: 45056K Free: 26249K (58%)
ptolemy.util.test.WatchDog.cancel(): canceling Sat Dec 28 06:31:30 UTC 2019
------------------ testing $PTII/ptolemy/domains/de/test/auto/CausalityInterface3.xml
auto.tcl: Setting watchdog for 200 seconds at Sat Dec 28 06:31:31 UTC 2019
6 ms. Memory: 45056K Free: 26454K (59%)
ptolemy.util.test.WatchDog.cancel(): canceling Sat Dec 28 06:31:31 UTC 2019
auto.tcl: Setting watchdog for 200 seconds at Sat Dec 28 06:31:31 UTC 2019
6 ms. Memory: 45056K Free: 26040K (58%)
ptolemy.util.test.WatchDog.cancel(): canceling Sat Dec 28 06:31:31 UTC 2019
------------------ testing $PTII/ptolemy/domains/de/test/auto/ClockDrift.xml
auto.tcl: Setting watchdog for 200 seconds at Sat Dec 28 06:31:31 UTC 2019
83 ms. Memory: 45056K Free: 19070K (42%)
ptolemy.util.test.WatchDog.cancel(): canceling Sat Dec 28 06:31:31 UTC 2019
auto.tcl: Setting watchdog for 200 seconds at Sat Dec 28 06:31:31 UTC 2019
52 ms. Memory: 45056K Free: 15667K (35%)
ptolemy.util.test.WatchDog.cancel(): canceling Sat Dec 28 06:31:31 UTC 2019
------------------ testing $PTII/ptolemy/domains/de/test/auto/ClockDriftAndValueChange.xml
auto.tcl: Setting watchdog for 200 seconds at Sat Dec 28 06:31:31 UTC 2019
37 ms. Memory: 45056K Free: 19142K (42%)
ptolemy.util.test.WatchDog.cancel(): canceling Sat Dec 28 06:31:31 UTC 2019
auto.tcl: Setting watchdog for 200 seconds at Sat Dec 28 06:31:31 UTC 2019
28 ms. Memory: 45056K Free: 16277K (36%)
ptolemy.util.test.WatchDog.cancel(): canceling Sat Dec 28 06:31:31 UTC 2019
------------------ testing $PTII/ptolemy/domains/de/test/auto/ClockDriftChange.xml
auto.tcl: Setting watchdog for 200 seconds at Sat Dec 28 06:31:31 UTC 2019
17 ms. Memory: 45056K Free: 21180K (47%)
ptolemy.util.test.WatchDog.cancel(): canceling Sat Dec 28 06:31:31 UTC 2019
auto.tcl: Setting watchdog for 200 seconds at Sat Dec 28 06:31:31 UTC 2019
17 ms. Memory: 45056K Free: 18647K (41%)
ptolemy.util.test.WatchDog.cancel(): canceling Sat Dec 28 06:31:31 UTC 2019
------------------ testing $PTII/ptolemy/domains/de/test/auto/ComposableCausalityAnalysis.xml
auto.tcl: Setting watchdog for 200 seconds at Sat Dec 28 06:31:31 UTC 2019
5 ms. Memory: 45056K Free: 25767K (57%)
ptolemy.util.test.WatchDog.cancel(): canceling Sat Dec 28 06:31:31 UTC 2019
auto.tcl: Setting watchdog for 200 seconds at Sat Dec 28 06:31:31 UTC 2019
2 ms. Memory: 45056K Free: 24508K (54%)
ptolemy.util.test.WatchDog.cancel(): canceling Sat Dec 28 06:31:31 UTC 2019
------------------ testing $PTII/ptolemy/domains/de/test/auto/DEFixedPointLimitation.xml
auto.tcl: Setting watchdog for 200 seconds at Sat Dec 28 06:31:31 UTC 2019
2 ms. Memory: 45056K Free: 27149K (60%)
ptolemy.util.test.WatchDog.cancel(): canceling Sat Dec 28 06:31:31 UTC 2019
auto.tcl: Setting watchdog for 200 seconds at Sat Dec 28 06:31:31 UTC 2019
1 ms. Memory: 45056K Free: 26288K (58%)
ptolemy.util.test.WatchDog.cancel(): canceling Sat Dec 28 06:31:31 UTC 2019
------------------ testing $PTII/ptolemy/domains/de/test/auto/DEScheduleTest.xml
auto.tcl: Setting watchdog for 200 seconds at Sat Dec 28 06:31:31 UTC 2019
2 ms. Memory: 45056K Free: 27407K (61%)
ptolemy.util.test.WatchDog.cancel(): canceling Sat Dec 28 06:31:31 UTC 2019
auto.tcl: Setting watchdog for 200 seconds at Sat Dec 28 06:31:31 UTC 2019
3 ms. Memory: 45056K Free: 26694K (59%)
ptolemy.util.test.WatchDog.cancel(): canceling Sat Dec 28 06:31:31 UTC 2019
------------------ testing $PTII/ptolemy/domains/de/test/auto/DEinDEwithStartTimes.xml
auto.tcl: Setting watchdog for 200 seconds at Sat Dec 28 06:31:31 UTC 2019
5 ms. Memory: 45056K Free: 25609K (57%)
ptolemy.util.test.WatchDog.cancel(): canceling Sat Dec 28 06:31:31 UTC 2019
auto.tcl: Setting watchdog for 200 seconds at Sat Dec 28 06:31:31 UTC 2019
4 ms. Memory: 45056K Free: 24574K (55%)
ptolemy.util.test.WatchDog.cancel(): canceling Sat Dec 28 06:31:31 UTC 2019
------------------ testing $PTII/ptolemy/domains/de/test/auto/DEinDEwithStartTimes2.xml
auto.tcl: Setting watchdog for 200 seconds at Sat Dec 28 06:31:31 UTC 2019
3 ms. Memory: 45056K Free: 24891K (55%)
ptolemy.util.test.WatchDog.cancel(): canceling Sat Dec 28 06:31:31 UTC 2019
auto.tcl: Setting watchdog for 200 seconds at Sat Dec 28 06:31:31 UTC 2019
3 ms. Memory: 45056K Free: 23529K (52%)
ptolemy.util.test.WatchDog.cancel(): canceling Sat Dec 28 06:31:31 UTC 2019
------------------ testing $PTII/ptolemy/domains/de/test/auto/DateDemo.xml
auto.tcl: Setting watchdog for 200 seconds at Sat Dec 28 06:31:31 UTC 2019
22 ms. Memory: 45056K Free: 19532K (43%)
ptolemy.util.test.WatchDog.cancel(): canceling Sat Dec 28 06:31:32 UTC 2019
auto.tcl: Setting watchdog for 200 seconds at Sat Dec 28 06:31:32 UTC 2019
8 ms. Memory: 45056K Free: 17633K (39%)
ptolemy.util.test.WatchDog.cancel(): canceling Sat Dec 28 06:31:32 UTC 2019
------------------ testing $PTII/ptolemy/domains/de/test/auto/DateToEvent.xml
auto.tcl: Setting watchdog for 200 seconds at Sat Dec 28 06:31:32 UTC 2019
2011 ms. Memory: 45056K Free: 15087K (33%)
ptolemy.util.test.WatchDog.cancel(): canceling Sat Dec 28 06:31:34 UTC 2019
auto.tcl: Setting watchdog for 200 seconds at Sat Dec 28 06:31:34 UTC 2019
2004 ms. Memory: 45056K Free: 14405K (32%)
ptolemy.util.test.WatchDog.cancel(): canceling Sat Dec 28 06:31:36 UTC 2019
------------------ testing $PTII/ptolemy/domains/de/test/auto/DepthTest1.xml
auto.tcl: Setting watchdog for 200 seconds at Sat Dec 28 06:31:36 UTC 2019
4 ms. Memory: 45056K Free: 28234K (63%)
ptolemy.util.test.WatchDog.cancel(): canceling Sat Dec 28 06:31:36 UTC 2019
auto.tcl: Setting watchdog for 200 seconds at Sat Dec 28 06:31:36 UTC 2019
2 ms. Memory: 45056K Free: 27869K (62%)
ptolemy.util.test.WatchDog.cancel(): canceling Sat Dec 28 06:31:36 UTC 2019
------------------ testing $PTII/ptolemy/domains/de/test/auto/DepthTest2.xml
auto.tcl: Setting watchdog for 200 seconds at Sat Dec 28 06:31:36 UTC 2019
5 ms. Memory: 45056K Free: 25129K (56%)
ptolemy.util.test.WatchDog.cancel(): canceling Sat Dec 28 06:31:36 UTC 2019
auto.tcl: Setting watchdog for 200 seconds at Sat Dec 28 06:31:36 UTC 2019
3 ms. Memory: 45056K Free: 24562K (55%)
ptolemy.util.test.WatchDog.cancel(): canceling Sat Dec 28 06:31:36 UTC 2019
------------------ testing $PTII/ptolemy/domains/de/test/auto/DepthTest3.xml
auto.tcl: Setting watchdog for 200 seconds at Sat Dec 28 06:31:36 UTC 2019
1 ms. Memory: 45056K Free: 28708K (64%)
ptolemy.util.test.WatchDog.cancel(): canceling Sat Dec 28 06:31:36 UTC 2019
auto.tcl: Setting watchdog for 200 seconds at Sat Dec 28 06:31:36 UTC 2019
1 ms. Memory: 45056K Free: 28180K (63%)
ptolemy.util.test.WatchDog.cancel(): canceling Sat Dec 28 06:31:36 UTC 2019
------------------ testing $PTII/ptolemy/domains/de/test/auto/DepthTest4.xml
auto.tcl: Setting watchdog for 200 seconds at Sat Dec 28 06:31:36 UTC 2019
8 ms. Memory: 45056K Free: 26928K (60%)
ptolemy.util.test.WatchDog.cancel(): canceling Sat Dec 28 06:31:36 UTC 2019
auto.tcl: Setting watchdog for 200 seconds at Sat Dec 28 06:31:36 UTC 2019
1 ms. Memory: 45056K Free: 26229K (58%)
ptolemy.util.test.WatchDog.cancel(): canceling Sat Dec 28 06:31:36 UTC 2019
------------------ testing $PTII/ptolemy/domains/de/test/auto/DepthTest5.xml
auto.tcl: Setting watchdog for 200 seconds at Sat Dec 28 06:31:36 UTC 2019
4 ms. Memory: 45056K Free: 26055K (58%)
ptolemy.util.test.WatchDog.cancel(): canceling Sat Dec 28 06:31:36 UTC 2019
auto.tcl: Setting watchdog for 200 seconds at Sat Dec 28 06:31:36 UTC 2019
2 ms. Memory: 45056K Free: 25687K (57%)
ptolemy.util.test.WatchDog.cancel(): canceling Sat Dec 28 06:31:36 UTC 2019
------------------ testing $PTII/ptolemy/domains/de/test/auto/DepthTest6.xml
auto.tcl: Setting watchdog for 200 seconds at Sat Dec 28 06:31:36 UTC 2019
9 ms. Memory: 45056K Free: 26048K (58%)
ptolemy.util.test.WatchDog.cancel(): canceling Sat Dec 28 06:31:36 UTC 2019
auto.tcl: Setting watchdog for 200 seconds at Sat Dec 28 06:31:36 UTC 2019
2 ms. Memory: 45056K Free: 25502K (57%)
ptolemy.util.test.WatchDog.cancel(): canceling Sat Dec 28 06:31:36 UTC 2019
------------------ testing $PTII/ptolemy/domains/de/test/auto/DepthTest7.xml
auto.tcl: Setting watchdog for 200 seconds at Sat Dec 28 06:31:36 UTC 2019
5 ms. Memory: 45056K Free: 26898K (60%)
ptolemy.util.test.WatchDog.cancel(): canceling Sat Dec 28 06:31:36 UTC 2019
auto.tcl: Setting watchdog for 200 seconds at Sat Dec 28 06:31:36 UTC 2019
2 ms. Memory: 45056K Free: 26141K (58%)
ptolemy.util.test.WatchDog.cancel(): canceling Sat Dec 28 06:31:36 UTC 2019
------------------ testing $PTII/ptolemy/domains/de/test/auto/EventToDate.xml
auto.tcl: Setting watchdog for 200 seconds at Sat Dec 28 06:31:36 UTC 2019
3011 ms. Memory: 45056K Free: 17650K (39%)
ptolemy.util.test.WatchDog.cancel(): canceling Sat Dec 28 06:31:39 UTC 2019
auto.tcl: Setting watchdog for 200 seconds at Sat Dec 28 06:31:39 UTC 2019
3005 ms. Memory: 45056K Free: 16958K (38%)
ptolemy.util.test.WatchDog.cancel(): canceling Sat Dec 28 06:31:42 UTC 2019
------------------ testing $PTII/ptolemy/domains/de/test/auto/FSM1.xml
auto.tcl: Setting watchdog for 200 seconds at Sat Dec 28 06:31:42 UTC 2019
20 ms. Memory: 45056K Free: 18593K (41%)
ptolemy.util.test.WatchDog.cancel(): canceling Sat Dec 28 06:31:42 UTC 2019
auto.tcl: Setting watchdog for 200 seconds at Sat Dec 28 06:31:42 UTC 2019
26 ms. Memory: 45056K Free: 15230K (34%)
ptolemy.util.test.WatchDog.cancel(): canceling Sat Dec 28 06:31:42 UTC 2019
------------------ testing $PTII/ptolemy/domains/de/test/auto/FSM7.xml
auto.tcl: Setting watchdog for 200 seconds at Sat Dec 28 06:31:42 UTC 2019
21 ms. Memory: 45056K Free: 18767K (42%)
ptolemy.util.test.WatchDog.cancel(): canceling Sat Dec 28 06:31:43 UTC 2019
auto.tcl: Setting watchdog for 200 seconds at Sat Dec 28 06:31:43 UTC 2019
23 ms. Memory: 45056K Free: 15481K (34%)
ptolemy.util.test.WatchDog.cancel(): canceling Sat Dec 28 06:31:43 UTC 2019
------------------ testing $PTII/ptolemy/domains/de/test/auto/Inspection.xml
auto.tcl: Setting watchdog for 200 seconds at Sat Dec 28 06:31:43 UTC 2019
32 ms. Memory: 45056K Free: 18639K (41%)
ptolemy.util.test.WatchDog.cancel(): canceling Sat Dec 28 06:31:43 UTC 2019
auto.tcl: Setting watchdog for 200 seconds at Sat Dec 28 06:31:43 UTC 2019
15 ms. Memory: 45056K Free: 16873K (37%)
ptolemy.util.test.WatchDog.cancel(): canceling Sat Dec 28 06:31:43 UTC 2019
------------------ testing $PTII/ptolemy/domains/de/test/auto/Iteration.xml
auto.tcl: Setting watchdog for 200 seconds at Sat Dec 28 06:31:43 UTC 2019
8 ms. Memory: 45056K Free: 24406K (54%)
ptolemy.util.test.WatchDog.cancel(): canceling Sat Dec 28 06:31:43 UTC 2019
auto.tcl: Setting watchdog for 200 seconds at Sat Dec 28 06:31:43 UTC 2019
5 ms. Memory: 45056K Free: 23266K (52%)
ptolemy.util.test.WatchDog.cancel(): canceling Sat Dec 28 06:31:43 UTC 2019
------------------ testing $PTII/ptolemy/domains/de/test/auto/LineFault.xml
auto.tcl: Setting watchdog for 200 seconds at Sat Dec 28 06:31:43 UTC 2019
502 ms. Memory: 45056K Free: 24687K (55%)
ptolemy.util.test.WatchDog.cancel(): canceling Sat Dec 28 06:31:44 UTC 2019
auto.tcl: Setting watchdog for 200 seconds at Sat Dec 28 06:31:44 UTC 2019
537 ms. Memory: 54272K Free: 16818K (31%)
ptolemy.util.test.WatchDog.cancel(): canceling Sat Dec 28 06:31:44 UTC 2019
------------------ testing $PTII/ptolemy/domains/de/test/auto/MergeModel1Add.xml
auto.tcl: Setting watchdog for 200 seconds at Sat Dec 28 06:31:44 UTC 2019
30 ms. Memory: 54272K Free: 19214K (35%)
ptolemy.util.test.WatchDog.cancel(): canceling Sat Dec 28 06:31:44 UTC 2019
auto.tcl: Setting watchdog for 200 seconds at Sat Dec 28 06:31:44 UTC 2019
10 ms. Memory: 54272K Free: 17615K (32%)
ptolemy.util.test.WatchDog.cancel(): canceling Sat Dec 28 06:31:44 UTC 2019
------------------ testing $PTII/ptolemy/domains/de/test/auto/MergeModel2Add.xml
auto.tcl: Setting watchdog for 200 seconds at Sat Dec 28 06:31:44 UTC 2019
10 ms. Memory: 51200K Free: 17997K (35%)
ptolemy.util.test.WatchDog.cancel(): canceling Sat Dec 28 06:31:44 UTC 2019
auto.tcl: Setting watchdog for 200 seconds at Sat Dec 28 06:31:44 UTC 2019
9 ms. Memory: 51200K Free: 16254K (32%)
ptolemy.util.test.WatchDog.cancel(): canceling Sat Dec 28 06:31:44 UTC 2019
------------------ testing $PTII/ptolemy/domains/de/test/auto/MergeModel3Add.xml
auto.tcl: Setting watchdog for 200 seconds at Sat Dec 28 06:31:44 UTC 2019
8 ms. Memory: 51200K Free: 18201K (36%)
ptolemy.util.test.WatchDog.cancel(): canceling Sat Dec 28 06:31:44 UTC 2019
auto.tcl: Setting watchdog for 200 seconds at Sat Dec 28 06:31:44 UTC 2019
8 ms. Memory: 51200K Free: 16660K (33%)
ptolemy.util.test.WatchDog.cancel(): canceling Sat Dec 28 06:31:44 UTC 2019
------------------ testing $PTII/ptolemy/domains/de/test/auto/MergeWithoutDiscard.xml
auto.tcl: Setting watchdog for 200 seconds at Sat Dec 28 06:31:45 UTC 2019
2 ms. Memory: 48128K Free: 29707K (62%)
ptolemy.util.test.WatchDog.cancel(): canceling Sat Dec 28 06:31:45 UTC 2019
auto.tcl: Setting watchdog for 200 seconds at Sat Dec 28 06:31:45 UTC 2019
1 ms. Memory: 48128K Free: 29329K (61%)
ptolemy.util.test.WatchDog.cancel(): canceling Sat Dec 28 06:31:45 UTC 2019
------------------ testing $PTII/ptolemy/domains/de/test/auto/Modal1.xml
auto.tcl: Setting watchdog for 200 seconds at Sat Dec 28 06:31:45 UTC 2019
16 ms. Memory: 48128K Free: 21641K (45%)
ptolemy.util.test.WatchDog.cancel(): canceling Sat Dec 28 06:31:45 UTC 2019
auto.tcl: Setting watchdog for 200 seconds at Sat Dec 28 06:31:45 UTC 2019
21 ms. Memory: 48128K Free: 18212K (38%)
ptolemy.util.test.WatchDog.cancel(): canceling Sat Dec 28 06:31:45 UTC 2019
------------------ testing $PTII/ptolemy/domains/de/test/auto/Modal2.xml
auto.tcl: Setting watchdog for 200 seconds at Sat Dec 28 06:31:45 UTC 2019
18 ms. Memory: 48128K Free: 21748K (45%)
ptolemy.util.test.WatchDog.cancel(): canceling Sat Dec 28 06:31:45 UTC 2019
auto.tcl: Setting watchdog for 200 seconds at Sat Dec 28 06:31:45 UTC 2019
16 ms. Memory: 48128K Free: 18516K (38%)
ptolemy.util.test.WatchDog.cancel(): canceling Sat Dec 28 06:31:45 UTC 2019
------------------ testing $PTII/ptolemy/domains/de/test/auto/Modal3.xml
auto.tcl: Setting watchdog for 200 seconds at Sat Dec 28 06:31:45 UTC 2019
13 ms. Memory: 48128K Free: 21746K (45%)
ptolemy.util.test.WatchDog.cancel(): canceling Sat Dec 28 06:31:45 UTC 2019
auto.tcl: Setting watchdog for 200 seconds at Sat Dec 28 06:31:45 UTC 2019
13 ms. Memory: 48128K Free: 18521K (38%)
ptolemy.util.test.WatchDog.cancel(): canceling Sat Dec 28 06:31:45 UTC 2019
------------------ testing $PTII/ptolemy/domains/de/test/auto/Modal4.xml
auto.tcl: Setting watchdog for 200 seconds at Sat Dec 28 06:31:45 UTC 2019
23 ms. Memory: 48128K Free: 20490K (43%)
ptolemy.util.test.WatchDog.cancel(): canceling Sat Dec 28 06:31:45 UTC 2019
auto.tcl: Setting watchdog for 200 seconds at Sat Dec 28 06:31:45 UTC 2019
16 ms. Memory: 48128K Free: 16496K (34%)
ptolemy.util.test.WatchDog.cancel(): canceling Sat Dec 28 06:31:45 UTC 2019
------------------ testing $PTII/ptolemy/domains/de/test/auto/Modal5.xml
auto.tcl: Setting watchdog for 200 seconds at Sat Dec 28 06:31:45 UTC 2019
13 ms. Memory: 48128K Free: 20675K (43%)
ptolemy.util.test.WatchDog.cancel(): canceling Sat Dec 28 06:31:45 UTC 2019
auto.tcl: Setting watchdog for 200 seconds at Sat Dec 28 06:31:45 UTC 2019
14 ms. Memory: 48128K Free: 16857K (35%)
ptolemy.util.test.WatchDog.cancel(): canceling Sat Dec 28 06:31:45 UTC 2019
------------------ testing $PTII/ptolemy/domains/de/test/auto/Modal6.xml
auto.tcl: Setting watchdog for 200 seconds at Sat Dec 28 06:31:45 UTC 2019
12 ms. Memory: 48128K Free: 21513K (45%)
ptolemy.util.test.WatchDog.cancel(): canceling Sat Dec 28 06:31:45 UTC 2019
auto.tcl: Setting watchdog for 200 seconds at Sat Dec 28 06:31:45 UTC 2019
16 ms. Memory: 48128K Free: 17847K (37%)
ptolemy.util.test.WatchDog.cancel(): canceling Sat Dec 28 06:31:45 UTC 2019
------------------ testing $PTII/ptolemy/domains/de/test/auto/Modal7.xml
auto.tcl: Setting watchdog for 200 seconds at Sat Dec 28 06:31:45 UTC 2019
16 ms. Memory: 48128K Free: 20460K (43%)
ptolemy.util.test.WatchDog.cancel(): canceling Sat Dec 28 06:31:45 UTC 2019
auto.tcl: Setting watchdog for 200 seconds at Sat Dec 28 06:31:45 UTC 2019
12 ms. Memory: 48128K Free: 16860K (35%)
ptolemy.util.test.WatchDog.cancel(): canceling Sat Dec 28 06:31:45 UTC 2019
------------------ testing $PTII/ptolemy/domains/de/test/auto/ModalModel.xml
auto.tcl: Setting watchdog for 200 seconds at Sat Dec 28 06:31:45 UTC 2019
208 ms. Memory: 58368K Free: 38449K (66%)
ptolemy.util.test.WatchDog.cancel(): canceling Sat Dec 28 06:31:46 UTC 2019
auto.tcl: Setting watchdog for 200 seconds at Sat Dec 28 06:31:46 UTC 2019
203 ms. Memory: 58368K Free: 31792K (54%)
ptolemy.util.test.WatchDog.cancel(): canceling Sat Dec 28 06:31:46 UTC 2019
------------------ testing $PTII/ptolemy/domains/de/test/auto/ModalSource.xml
auto.tcl: Setting watchdog for 200 seconds at Sat Dec 28 06:31:46 UTC 2019
5 ms. Memory: 51200K Free: 28572K (56%)
ptolemy.util.test.WatchDog.cancel(): canceling Sat Dec 28 06:31:46 UTC 2019
auto.tcl: Setting watchdog for 200 seconds at Sat Dec 28 06:31:46 UTC 2019
6 ms. Memory: 51200K Free: 26676K (52%)
ptolemy.util.test.WatchDog.cancel(): canceling Sat Dec 28 06:31:46 UTC 2019
------------------ testing $PTII/ptolemy/domains/de/test/auto/NonInterruptibleTimerZeroDelay.xml
auto.tcl: Setting watchdog for 200 seconds at Sat Dec 28 06:31:46 UTC 2019
3 ms. Memory: 51200K Free: 33530K (65%)
ptolemy.util.test.WatchDog.cancel(): canceling Sat Dec 28 06:31:46 UTC 2019
auto.tcl: Setting watchdog for 200 seconds at Sat Dec 28 06:31:46 UTC 2019
2 ms. Memory: 51200K Free: 32824K (64%)
ptolemy.util.test.WatchDog.cancel(): canceling Sat Dec 28 06:31:46 UTC 2019
------------------ testing $PTII/ptolemy/domains/de/test/auto/OpenQueueingNetwork.xml
auto.tcl: Setting watchdog for 200 seconds at Sat Dec 28 06:31:46 UTC 2019
2714 ms. Memory: 110592K Free: 83782K (76%)
ptolemy.util.test.WatchDog.cancel(): canceling Sat Dec 28 06:31:49 UTC 2019
auto.tcl: Setting watchdog for 200 seconds at Sat Dec 28 06:31:49 UTC 2019
2373 ms. Memory: 110592K Free: 61242K (55%)
ptolemy.util.test.WatchDog.cancel(): canceling Sat Dec 28 06:31:51 UTC 2019
------------------ testing $PTII/ptolemy/domains/de/test/auto/OpenQueuingNetwork.xml
auto.tcl: Setting watchdog for 200 seconds at Sat Dec 28 06:31:51 UTC 2019
224 ms. Memory: 51200K Free: 18767K (37%)
ptolemy.util.test.WatchDog.cancel(): canceling Sat Dec 28 06:31:52 UTC 2019
auto.tcl: Setting watchdog for 200 seconds at Sat Dec 28 06:31:52 UTC 2019
217 ms. Memory: 61440K Free: 35171K (57%)
ptolemy.util.test.WatchDog.cancel(): canceling Sat Dec 28 06:31:52 UTC 2019
------------------ testing $PTII/ptolemy/domains/de/test/auto/PeriodicSampler.xml
auto.tcl: Setting watchdog for 200 seconds at Sat Dec 28 06:31:52 UTC 2019
2 ms. Memory: 51200K Free: 32704K (64%)
ptolemy.util.test.WatchDog.cancel(): canceling Sat Dec 28 06:31:52 UTC 2019
auto.tcl: Setting watchdog for 200 seconds at Sat Dec 28 06:31:52 UTC 2019
2 ms. Memory: 51200K Free: 32239K (63%)
ptolemy.util.test.WatchDog.cancel(): canceling Sat Dec 28 06:31:52 UTC 2019
------------------ testing $PTII/ptolemy/domains/de/test/auto/PersistentIO.xml
auto.tcl: Setting watchdog for 200 seconds at Sat Dec 28 06:31:52 UTC 2019
5 ms. Memory: 51200K Free: 27628K (54%)
ptolemy.util.test.WatchDog.cancel(): canceling Sat Dec 28 06:31:52 UTC 2019
auto.tcl: Setting watchdog for 200 seconds at Sat Dec 28 06:31:52 UTC 2019
4 ms. Memory: 51200K Free: 26182K (51%)
ptolemy.util.test.WatchDog.cancel(): canceling Sat Dec 28 06:31:52 UTC 2019
------------------ testing $PTII/ptolemy/domains/de/test/auto/PortParameterResetOnInitialize.xml
auto.tcl: Setting watchdog for 200 seconds at Sat Dec 28 06:31:52 UTC 2019
4 ms. Memory: 51200K Free: 32609K (64%)
ptolemy.util.test.WatchDog.cancel(): canceling Sat Dec 28 06:31:52 UTC 2019
auto.tcl: Setting watchdog for 200 seconds at Sat Dec 28 06:31:52 UTC 2019
2 ms. Memory: 51200K Free: 32131K (63%)
ptolemy.util.test.WatchDog.cancel(): canceling Sat Dec 28 06:31:52 UTC 2019
------------------ testing $PTII/ptolemy/domains/de/test/auto/PortParameterUpdates.xml
auto.tcl: Setting watchdog for 200 seconds at Sat Dec 28 06:31:52 UTC 2019
4 ms. Memory: 48128K Free: 27868K (58%)
ptolemy.util.test.WatchDog.cancel(): canceling Sat Dec 28 06:31:52 UTC 2019
auto.tcl: Setting watchdog for 200 seconds at Sat Dec 28 06:31:52 UTC 2019
4 ms. Memory: 48128K Free: 26649K (55%)
ptolemy.util.test.WatchDog.cancel(): canceling Sat Dec 28 06:31:52 UTC 2019
------------------ testing $PTII/ptolemy/domains/de/test/auto/QueueAndServer.xml
auto.tcl: Setting watchdog for 200 seconds at Sat Dec 28 06:31:52 UTC 2019
5 ms. Memory: 48128K Free: 26556K (55%)
ptolemy.util.test.WatchDog.cancel(): canceling Sat Dec 28 06:31:52 UTC 2019
auto.tcl: Setting watchdog for 200 seconds at Sat Dec 28 06:31:52 UTC 2019
5 ms. Memory: 48128K Free: 25144K (52%)
ptolemy.util.test.WatchDog.cancel(): canceling Sat Dec 28 06:31:52 UTC 2019
------------------ testing $PTII/ptolemy/domains/de/test/auto/Records.xml
auto.tcl: Setting watchdog for 200 seconds at Sat Dec 28 06:31:52 UTC 2019
3 ms. Memory: 48128K Free: 29081K (60%)
ptolemy.util.test.WatchDog.cancel(): canceling Sat Dec 28 06:31:52 UTC 2019
auto.tcl: Setting watchdog for 200 seconds at Sat Dec 28 06:31:52 UTC 2019
2 ms. Memory: 48128K Free: 28618K (59%)
ptolemy.util.test.WatchDog.cancel(): canceling Sat Dec 28 06:31:52 UTC 2019
------------------ testing $PTII/ptolemy/domains/de/test/auto/ResetTransitionWithStartTime1.xml
auto.tcl: Setting watchdog for 200 seconds at Sat Dec 28 06:31:52 UTC 2019
7 ms. Memory: 48128K Free: 26038K (54%)
ptolemy.util.test.WatchDog.cancel(): canceling Sat Dec 28 06:31:52 UTC 2019
auto.tcl: Setting watchdog for 200 seconds at Sat Dec 28 06:31:52 UTC 2019
6 ms. Memory: 48128K Free: 23990K (50%)
ptolemy.util.test.WatchDog.cancel(): canceling Sat Dec 28 06:31:52 UTC 2019
------------------ testing $PTII/ptolemy/domains/de/test/auto/ResetTransitionWithStartTime2.xml
auto.tcl: Setting watchdog for 200 seconds at Sat Dec 28 06:31:52 UTC 2019
5 ms. Memory: 48128K Free: 25993K (54%)
ptolemy.util.test.WatchDog.cancel(): canceling Sat Dec 28 06:31:52 UTC 2019
auto.tcl: Setting watchdog for 200 seconds at Sat Dec 28 06:31:52 UTC 2019
4 ms. Memory: 48128K Free: 23483K (49%)
ptolemy.util.test.WatchDog.cancel(): canceling Sat Dec 28 06:31:52 UTC 2019
------------------ testing $PTII/ptolemy/domains/de/test/auto/ResetTransitionWithStartTime3.xml
auto.tcl: Setting watchdog for 200 seconds at Sat Dec 28 06:31:52 UTC 2019
10 ms. Memory: 48128K Free: 25992K (54%)
ptolemy.util.test.WatchDog.cancel(): canceling Sat Dec 28 06:31:53 UTC 2019
auto.tcl: Setting watchdog for 200 seconds at Sat Dec 28 06:31:53 UTC 2019
8 ms. Memory: 48128K Free: 23944K (50%)
ptolemy.util.test.WatchDog.cancel(): canceling Sat Dec 28 06:31:53 UTC 2019
------------------ testing $PTII/ptolemy/domains/de/test/auto/ResetTransitionWithStartTime4.xml
auto.tcl: Setting watchdog for 200 seconds at Sat Dec 28 06:31:53 UTC 2019
10 ms. Memory: 48128K Free: 26732K (56%)
ptolemy.util.test.WatchDog.cancel(): canceling Sat Dec 28 06:31:53 UTC 2019
auto.tcl: Setting watchdog for 200 seconds at Sat Dec 28 06:31:53 UTC 2019
4 ms. Memory: 48128K Free: 25098K (52%)
ptolemy.util.test.WatchDog.cancel(): canceling Sat Dec 28 06:31:53 UTC 2019
------------------ testing $PTII/ptolemy/domains/de/test/auto/ResettableTimer1.xml
auto.tcl: Setting watchdog for 200 seconds at Sat Dec 28 06:31:53 UTC 2019
6 ms. Memory: 48128K Free: 30478K (63%)
ptolemy.util.test.WatchDog.cancel(): canceling Sat Dec 28 06:31:53 UTC 2019
auto.tcl: Setting watchdog for 200 seconds at Sat Dec 28 06:31:53 UTC 2019
2 ms. Memory: 48128K Free: 29590K (61%)
ptolemy.util.test.WatchDog.cancel(): canceling Sat Dec 28 06:31:53 UTC 2019
------------------ testing $PTII/ptolemy/domains/de/test/auto/ResettableTimer2.xml
auto.tcl: Setting watchdog for 200 seconds at Sat Dec 28 06:31:53 UTC 2019
4 ms. Memory: 48128K Free: 30553K (63%)
ptolemy.util.test.WatchDog.cancel(): canceling Sat Dec 28 06:31:53 UTC 2019
auto.tcl: Setting watchdog for 200 seconds at Sat Dec 28 06:31:53 UTC 2019
2 ms. Memory: 48128K Free: 29640K (62%)
ptolemy.util.test.WatchDog.cancel(): canceling Sat Dec 28 06:31:53 UTC 2019
------------------ testing $PTII/ptolemy/domains/de/test/auto/ResettableTimer3.xml
auto.tcl: Setting watchdog for 200 seconds at Sat Dec 28 06:31:53 UTC 2019
1 ms. Memory: 48128K Free: 30153K (63%)
ptolemy.util.test.WatchDog.cancel(): canceling Sat Dec 28 06:31:53 UTC 2019
auto.tcl: Setting watchdog for 200 seconds at Sat Dec 28 06:31:53 UTC 2019
1 ms. Memory: 48128K Free: 29678K (62%)
ptolemy.util.test.WatchDog.cancel(): canceling Sat Dec 28 06:31:53 UTC 2019
------------------ testing $PTII/ptolemy/domains/de/test/auto/ResettableTimer4.xml
auto.tcl: Setting watchdog for 200 seconds at Sat Dec 28 06:31:53 UTC 2019
1 ms. Memory: 48128K Free: 30203K (63%)
ptolemy.util.test.WatchDog.cancel(): canceling Sat Dec 28 06:31:53 UTC 2019
auto.tcl: Setting watchdog for 200 seconds at Sat Dec 28 06:31:53 UTC 2019
2 ms. Memory: 48128K Free: 29691K (62%)
ptolemy.util.test.WatchDog.cancel(): canceling Sat Dec 28 06:31:53 UTC 2019
------------------ testing $PTII/ptolemy/domains/de/test/auto/ResettableTimer5.xml
auto.tcl: Setting watchdog for 200 seconds at Sat Dec 28 06:31:53 UTC 2019
2 ms. Memory: 48128K Free: 29622K (62%)
ptolemy.util.test.WatchDog.cancel(): canceling Sat Dec 28 06:31:53 UTC 2019
auto.tcl: Setting watchdog for 200 seconds at Sat Dec 28 06:31:53 UTC 2019
1 ms. Memory: 48128K Free: 29161K (61%)
ptolemy.util.test.WatchDog.cancel(): canceling Sat Dec 28 06:31:53 UTC 2019
------------------ testing $PTII/ptolemy/domains/de/test/auto/ResettableTimer6.xml
auto.tcl: Setting watchdog for 200 seconds at Sat Dec 28 06:31:53 UTC 2019
1 ms. Memory: 48128K Free: 29606K (62%)
ptolemy.util.test.WatchDog.cancel(): canceling Sat Dec 28 06:31:53 UTC 2019
auto.tcl: Setting watchdog for 200 seconds at Sat Dec 28 06:31:53 UTC 2019
1 ms. Memory: 48128K Free: 29102K (60%)
ptolemy.util.test.WatchDog.cancel(): canceling Sat Dec 28 06:31:53 UTC 2019
------------------ testing $PTII/ptolemy/domains/de/test/auto/ServerZeroDelay.xml
auto.tcl: Setting watchdog for 200 seconds at Sat Dec 28 06:31:53 UTC 2019
4 ms. Memory: 48128K Free: 30117K (63%)
ptolemy.util.test.WatchDog.cancel(): canceling Sat Dec 28 06:31:53 UTC 2019
auto.tcl: Setting watchdog for 200 seconds at Sat Dec 28 06:31:53 UTC 2019
3 ms. Memory: 48128K Free: 29187K (61%)
ptolemy.util.test.WatchDog.cancel(): canceling Sat Dec 28 06:31:53 UTC 2019
------------------ testing $PTII/ptolemy/domains/de/test/auto/SmartSender.xml
auto.tcl: Setting watchdog for 200 seconds at Sat Dec 28 06:31:53 UTC 2019
3001 ms. Memory: 48128K Free: 30162K (63%)
ptolemy.util.test.WatchDog.cancel(): canceling Sat Dec 28 06:31:56 UTC 2019
auto.tcl: Setting watchdog for 200 seconds at Sat Dec 28 06:31:56 UTC 2019
3001 ms. Memory: 48128K Free: 29642K (62%)
ptolemy.util.test.WatchDog.cancel(): canceling Sat Dec 28 06:31:59 UTC 2019
------------------ testing $PTII/ptolemy/domains/de/test/auto/ThreadedComposite.xml
auto.tcl: Setting watchdog for 200 seconds at Sat Dec 28 06:31:59 UTC 2019
200 ms. Memory: 48128K Free: 11694K (24%)
ptolemy.util.test.WatchDog.cancel(): canceling Sat Dec 28 06:31:59 UTC 2019
auto.tcl: Setting watchdog for 200 seconds at Sat Dec 28 06:31:59 UTC 2019
114 ms. Memory: 48128K Free: 24672K (51%)
ptolemy.util.test.WatchDog.cancel(): canceling Sat Dec 28 06:31:59 UTC 2019
------------------ testing $PTII/ptolemy/domains/de/test/auto/Time.xml
auto.tcl: Setting watchdog for 200 seconds at Sat Dec 28 06:32:00 UTC 2019
521 ms. Memory: 48128K Free: 30884K (64%)
ptolemy.util.test.WatchDog.cancel(): canceling Sat Dec 28 06:32:00 UTC 2019
auto.tcl: Setting watchdog for 200 seconds at Sat Dec 28 06:32:00 UTC 2019
482 ms. Memory: 48128K Free: 31951K (66%)
ptolemy.util.test.WatchDog.cancel(): canceling Sat Dec 28 06:32:01 UTC 2019
------------------ testing $PTII/ptolemy/domains/de/test/auto/TimeDelayZeroDelay.xml
auto.tcl: Setting watchdog for 200 seconds at Sat Dec 28 06:32:01 UTC 2019
3 ms. Memory: 48128K Free: 30041K (62%)
ptolemy.util.test.WatchDog.cancel(): canceling Sat Dec 28 06:32:01 UTC 2019
auto.tcl: Setting watchdog for 200 seconds at Sat Dec 28 06:32:01 UTC 2019
2 ms. Memory: 48128K Free: 29198K (61%)
ptolemy.util.test.WatchDog.cancel(): canceling Sat Dec 28 06:32:01 UTC 2019
------------------ testing $PTII/ptolemy/domains/de/test/auto/TimerZeroDelay.xml
auto.tcl: Setting watchdog for 200 seconds at Sat Dec 28 06:32:01 UTC 2019
3 ms. Memory: 48128K Free: 30564K (64%)
ptolemy.util.test.WatchDog.cancel(): canceling Sat Dec 28 06:32:01 UTC 2019
auto.tcl: Setting watchdog for 200 seconds at Sat Dec 28 06:32:01 UTC 2019
2 ms. Memory: 48128K Free: 30139K (63%)
ptolemy.util.test.WatchDog.cancel(): canceling Sat Dec 28 06:32:01 UTC 2019
------------------ testing $PTII/ptolemy/domains/de/test/auto/TimingParadox.xml
auto.tcl: Setting watchdog for 200 seconds at Sat Dec 28 06:32:01 UTC 2019
311 ms. Memory: 48128K Free: 14571K (30%)
ptolemy.util.test.WatchDog.cancel(): canceling Sat Dec 28 06:32:01 UTC 2019
auto.tcl: Setting watchdog for 200 seconds at Sat Dec 28 06:32:01 UTC 2019
307 ms. Memory: 48128K Free: 26863K (56%)
ptolemy.util.test.WatchDog.cancel(): canceling Sat Dec 28 06:32:01 UTC 2019
------------------ testing $PTII/ptolemy/domains/de/test/auto/TransferInputs.xml
auto.tcl: Setting watchdog for 200 seconds at Sat Dec 28 06:32:01 UTC 2019
1 ms. Memory: 48128K Free: 28536K (59%)
ptolemy.util.test.WatchDog.cancel(): canceling Sat Dec 28 06:32:02 UTC 2019
auto.tcl: Setting watchdog for 200 seconds at Sat Dec 28 06:32:02 UTC 2019
2 ms. Memory: 48128K Free: 27707K (58%)
ptolemy.util.test.WatchDog.cancel(): canceling Sat Dec 28 06:32:02 UTC 2019
------------------ testing $PTII/ptolemy/domains/de/test/auto/TransferOutputs2.xml
auto.tcl: Setting watchdog for 200 seconds at Sat Dec 28 06:32:02 UTC 2019
2 ms. Memory: 48128K Free: 25994K (54%)
ptolemy.util.test.WatchDog.cancel(): canceling Sat Dec 28 06:32:02 UTC 2019
auto.tcl: Setting watchdog for 200 seconds at Sat Dec 28 06:32:02 UTC 2019
2 ms. Memory: 48128K Free: 24608K (51%)
ptolemy.util.test.WatchDog.cancel(): canceling Sat Dec 28 06:32:02 UTC 2019
------------------ testing $PTII/ptolemy/domains/de/test/auto/Trilateration.xml
auto.tcl: Setting watchdog for 200 seconds at Sat Dec 28 06:32:02 UTC 2019
12836 ms. Memory: 491520K Free: 319628K (65%)
ptolemy.util.test.WatchDog.cancel(): canceling Sat Dec 28 06:32:16 UTC 2019
auto.tcl: Setting watchdog for 200 seconds at Sat Dec 28 06:32:16 UTC 2019
8984 ms. Memory: 491520K Free: 317740K (65%)
ptolemy.util.test.WatchDog.cancel(): canceling Sat Dec 28 06:32:24 UTC 2019
------------------ testing $PTII/ptolemy/domains/de/test/auto/TwoSigmaDelta.xml
auto.tcl: Setting watchdog for 200 seconds at Sat Dec 28 06:32:25 UTC 2019
2335 ms. Memory: 86016K Free: 18530K (22%)
ptolemy.util.test.WatchDog.cancel(): canceling Sat Dec 28 06:32:27 UTC 2019
auto.tcl: Setting watchdog for 200 seconds at Sat Dec 28 06:32:27 UTC 2019
1725 ms. Memory: 86016K Free: 11856K (14%)
ptolemy.util.test.WatchDog.cancel(): canceling Sat Dec 28 06:32:29 UTC 2019
------------------ testing $PTII/ptolemy/domains/de/test/auto/VariableDelay.xml
auto.tcl: Setting watchdog for 200 seconds at Sat Dec 28 06:32:29 UTC 2019
3 ms. Memory: 55296K Free: 36200K (65%)
ptolemy.util.test.WatchDog.cancel(): canceling Sat Dec 28 06:32:29 UTC 2019
auto.tcl: Setting watchdog for 200 seconds at Sat Dec 28 06:32:29 UTC 2019
2 ms. Memory: 55296K Free: 35176K (64%)
ptolemy.util.test.WatchDog.cancel(): canceling Sat Dec 28 06:32:29 UTC 2019
------------------ testing $PTII/ptolemy/domains/de/test/auto/VariableDelay2.xml
auto.tcl: Setting watchdog for 200 seconds at Sat Dec 28 06:32:29 UTC 2019
2 ms. Memory: 51200K Free: 32525K (64%)
ptolemy.util.test.WatchDog.cancel(): canceling Sat Dec 28 06:32:29 UTC 2019
auto.tcl: Setting watchdog for 200 seconds at Sat Dec 28 06:32:29 UTC 2019
1 ms. Memory: 51200K Free: 32021K (63%)
ptolemy.util.test.WatchDog.cancel(): canceling Sat Dec 28 06:32:29 UTC 2019
------------------ testing $PTII/ptolemy/domains/de/test/auto/VariableDelayZeroDelay.xml
auto.tcl: Setting watchdog for 200 seconds at Sat Dec 28 06:32:29 UTC 2019
2 ms. Memory: 51200K Free: 33045K (65%)
ptolemy.util.test.WatchDog.cancel(): canceling Sat Dec 28 06:32:29 UTC 2019
auto.tcl: Setting watchdog for 200 seconds at Sat Dec 28 06:32:29 UTC 2019
1 ms. Memory: 51200K Free: 32531K (64%)
ptolemy.util.test.WatchDog.cancel(): canceling Sat Dec 28 06:32:29 UTC 2019
------------------ testing $PTII/ptolemy/domains/de/test/auto/VariableDelayZeroDelay2.xml
auto.tcl: Setting watchdog for 200 seconds at Sat Dec 28 06:32:29 UTC 2019
4 ms. Memory: 51200K Free: 33044K (65%)
ptolemy.util.test.WatchDog.cancel(): canceling Sat Dec 28 06:32:29 UTC 2019
auto.tcl: Setting watchdog for 200 seconds at Sat Dec 28 06:32:29 UTC 2019
4 ms. Memory: 51200K Free: 32020K (63%)
ptolemy.util.test.WatchDog.cancel(): canceling Sat Dec 28 06:32:29 UTC 2019
------------------ testing $PTII/ptolemy/domains/de/test/auto/deInCt.xml
auto.tcl: Setting watchdog for 200 seconds at Sat Dec 28 06:32:29 UTC 2019
0
1
1
1
0
0
0
1
1
1
0
0
0
1
1
1
0
0
0
1
1
1
0
0
0
1
1
1
0
0
0
1
1
1
1
0
0
0
1
1
1
0
0
0
1
1
1
1
1
1
22 ms. Memory: 51200K Free: 32017K (63%)
ptolemy.util.test.WatchDog.cancel(): canceling Sat Dec 28 06:32:29 UTC 2019
auto.tcl: Setting watchdog for 200 seconds at Sat Dec 28 06:32:29 UTC 2019
0
1
1
1
1
1
0
0
0
0
1
1
1
0
0
1
1
1
1
0
0
0
1
1
1
0
0
0
0
1
1
0
0
0
0
8 ms. Memory: 51200K Free: 30479K (60%)
ptolemy.util.test.WatchDog.cancel(): canceling Sat Dec 28 06:32:29 UTC 2019
------------------ testing $PTII/ptolemy/domains/de/test/auto/deInCt2.xml
auto.tcl: Setting watchdog for 200 seconds at Sat Dec 28 06:32:29 UTC 2019
0
1
1
1
0
0
1
1
1
0
0
1
1
1
0
0
1
1
1
0
0
1
1
1
0
0
1
1
1
0
0
1
1
1
0
0
1
1
1
0
0
0
14 ms. Memory: 51200K Free: 32017K (63%)
ptolemy.util.test.WatchDog.cancel(): canceling Sat Dec 28 06:32:29 UTC 2019
auto.tcl: Setting watchdog for 200 seconds at Sat Dec 28 06:32:29 UTC 2019
0
1
1
1
0
0
1
1
1
0
0
1
1
1
0
0
1
1
1
0
0
1
1
1
0
0
1
1
1
0
0
1
1
1
0
0
1
1
1
0
0
0
8 ms. Memory: 51200K Free: 30479K (60%)
ptolemy.util.test.WatchDog.cancel(): canceling Sat Dec 28 06:32:29 UTC 2019
------------------ testing $PTII/ptolemy/domains/de/test/auto/dynamicCausalityInterface1.xml
auto.tcl: Setting watchdog for 200 seconds at Sat Dec 28 06:32:29 UTC 2019
1 ms. Memory: 51200K Free: 27916K (55%)
ptolemy.util.test.WatchDog.cancel(): canceling Sat Dec 28 06:32:29 UTC 2019
auto.tcl: Setting watchdog for 200 seconds at Sat Dec 28 06:32:29 UTC 2019
1 ms. Memory: 51200K Free: 27402K (54%)
ptolemy.util.test.WatchDog.cancel(): canceling Sat Dec 28 06:32:29 UTC 2019
------------------ testing $PTII/ptolemy/domains/de/test/auto/fsm_de_test.xml
auto.tcl: Setting watchdog for 200 seconds at Sat Dec 28 06:32:29 UTC 2019
13 ms. Memory: 51200K Free: 27814K (54%)
ptolemy.util.test.WatchDog.cancel(): canceling Sat Dec 28 06:32:29 UTC 2019
auto.tcl: Setting watchdog for 200 seconds at Sat Dec 28 06:32:29 UTC 2019
5 ms. Memory: 51200K Free: 25766K (50%)
ptolemy.util.test.WatchDog.cancel(): canceling Sat Dec 28 06:32:29 UTC 2019
------------------ testing $PTII/ptolemy/domains/de/test/auto/functionDependencyReconstruction.xml
auto.tcl: Setting watchdog for 200 seconds at Sat Dec 28 06:32:29 UTC 2019
3 ms. Memory: 51200K Free: 21782K (43%)
ptolemy.util.test.WatchDog.cancel(): canceling Sat Dec 28 06:32:29 UTC 2019
auto.tcl: Setting watchdog for 200 seconds at Sat Dec 28 06:32:29 UTC 2019
2 ms. Memory: 51200K Free: 19612K (38%)
ptolemy.util.test.WatchDog.cancel(): canceling Sat Dec 28 06:32:29 UTC 2019
------------------ testing $PTII/ptolemy/domains/de/test/auto/multirate.xml
auto.tcl: Setting watchdog for 200 seconds at Sat Dec 28 06:32:29 UTC 2019
3 ms. Memory: 48128K Free: 27393K (57%)
ptolemy.util.test.WatchDog.cancel(): canceling Sat Dec 28 06:32:29 UTC 2019
auto.tcl: Setting watchdog for 200 seconds at Sat Dec 28 06:32:29 UTC 2019
3 ms. Memory: 48128K Free: 25658K (53%)
ptolemy.util.test.WatchDog.cancel(): canceling Sat Dec 28 06:32:29 UTC 2019
------------------ testing $PTII/ptolemy/domains/de/test/auto/multirate2.xml
auto.tcl: Setting watchdog for 200 seconds at Sat Dec 28 06:32:30 UTC 2019
6 ms. Memory: 48128K Free: 27584K (57%)
ptolemy.util.test.WatchDog.cancel(): canceling Sat Dec 28 06:32:30 UTC 2019
auto.tcl: Setting watchdog for 200 seconds at Sat Dec 28 06:32:30 UTC 2019
3 ms. Memory: 48128K Free: 25891K (54%)
ptolemy.util.test.WatchDog.cancel(): canceling Sat Dec 28 06:32:30 UTC 2019
------------------ testing $PTII/ptolemy/domains/de/test/auto/realtime.xml
auto.tcl: Setting watchdog for 200 seconds at Sat Dec 28 06:32:30 UTC 2019
10002 ms. Memory: 48128K Free: 29615K (62%)
ptolemy.util.test.WatchDog.cancel(): canceling Sat Dec 28 06:32:40 UTC 2019
auto.tcl: Setting watchdog for 200 seconds at Sat Dec 28 06:32:40 UTC 2019
10002 ms. Memory: 48128K Free: 28889K (60%)
ptolemy.util.test.WatchDog.cancel(): canceling Sat Dec 28 06:32:50 UTC 2019
------------------ testing $PTII/ptolemy/domains/de/test/auto/relationGroup.xml
auto.tcl: Setting watchdog for 200 seconds at Sat Dec 28 06:32:50 UTC 2019
1 ms. Memory: 48128K Free: 30702K (64%)
ptolemy.util.test.WatchDog.cancel(): canceling Sat Dec 28 06:32:50 UTC 2019
auto.tcl: Setting watchdog for 200 seconds at Sat Dec 28 06:32:50 UTC 2019
2 ms. Memory: 48128K Free: 29969K (62%)
ptolemy.util.test.WatchDog.cancel(): canceling Sat Dec 28 06:32:50 UTC 2019
------------------ testing $PTII/ptolemy/domains/de/test/auto/relationGroup2.xml
auto.tcl: Setting watchdog for 200 seconds at Sat Dec 28 06:32:50 UTC 2019
1 ms. Memory: 48128K Free: 30474K (63%)
ptolemy.util.test.WatchDog.cancel(): canceling Sat Dec 28 06:32:50 UTC 2019
auto.tcl: Setting watchdog for 200 seconds at Sat Dec 28 06:32:50 UTC 2019
1 ms. Memory: 48128K Free: 29524K (61%)
ptolemy.util.test.WatchDog.cancel(): canceling Sat Dec 28 06:32:50 UTC 2019
------------------ testing $PTII/ptolemy/domains/de/test/auto/sortWithOpaquePorts.xml
auto.tcl: Setting watchdog for 200 seconds at Sat Dec 28 06:32:50 UTC 2019
1 ms. Memory: 48128K Free: 29995K (62%)
ptolemy.util.test.WatchDog.cancel(): canceling Sat Dec 28 06:32:50 UTC 2019
auto.tcl: Setting watchdog for 200 seconds at Sat Dec 28 06:32:50 UTC 2019
2 ms. Memory: 48128K Free: 28483K (59%)
ptolemy.util.test.WatchDog.cancel(): canceling Sat Dec 28 06:32:50 UTC 2019
------------------ testing $PTII/ptolemy/domains/de/test/auto/transferInputsandOutputs.xml
auto.tcl: Setting watchdog for 200 seconds at Sat Dec 28 06:32:50 UTC 2019
4 ms. Memory: 48128K Free: 26911K (56%)
ptolemy.util.test.WatchDog.cancel(): canceling Sat Dec 28 06:32:50 UTC 2019
auto.tcl: Setting watchdog for 200 seconds at Sat Dec 28 06:32:50 UTC 2019
2 ms. Memory: 48128K Free: 25935K (54%)
ptolemy.util.test.WatchDog.cancel(): canceling Sat Dec 28 06:32:50 UTC 2019
------------------ testing $PTII/ptolemy/domains/de/test/auto/triggerType.xml
auto.tcl: Setting watchdog for 200 seconds at Sat Dec 28 06:32:50 UTC 2019
2 ms. Memory: 48128K Free: 29936K (62%)
ptolemy.util.test.WatchDog.cancel(): canceling Sat Dec 28 06:32:50 UTC 2019
auto.tcl: Setting watchdog for 200 seconds at Sat Dec 28 06:32:50 UTC 2019
1 ms. Memory: 48128K Free: 28954K (60%)
ptolemy.util.test.WatchDog.cancel(): canceling Sat Dec 28 06:32:50 UTC 2019
12/28/19 06:32:50
Failed: 0  Total Tests: 192  ((Passed: 187, Newly Passed: 1)  Known Failed: 5) /home/travis/build/icyphy/ptII/ptolemy/domains/de/test
12/28/19 06:32:50
Failed: 0  Total Tests: 192  ((Passed: 187, Newly Passed: 1)  Known Failed: 5) /home/travis/build/icyphy/ptII/ptolemy/domains/de/test
----------------- testing (KnownFailure) /home/travis/build/icyphy/ptII/ptolemy/domains/de/test/auto/knownFailedTests/DESDFClockTest.xml
2011 ms. Memory: 48128K Free: 22821K (47%)
Known Failure: java.lang.reflect.InvocationTargetException
----------------- testing (KnownFailure) /home/travis/build/icyphy/ptII/ptolemy/domains/de/test/auto/knownFailedTests/DirectFeedback.xml
2 ms. Memory: 48128K Free: 19235K (40%)
Known Failure: java.lang.reflect.InvocationTargetException
----------------- testing (KnownFailure) /home/travis/build/icyphy/ptII/ptolemy/domains/de/test/auto/knownFailedTests/FSMSource.xml
18 ms. Memory: 48128K Free: 11557K (24%)
----------------- testing (KnownFailure) /home/travis/build/icyphy/ptII/ptolemy/domains/de/test/auto/knownFailedTests/HierarchicalModel.xml
4 ms. Memory: 48128K Free: 21664K (45%)
Known Failure: java.lang.reflect.InvocationTargetException
----------------- testing (KnownFailure) /home/travis/build/icyphy/ptII/ptolemy/domains/de/test/auto/knownFailedTests/dependencyLoop.xml
8 ms. Memory: 48128K Free: 32151K (67%)
Known Failure: java.lang.reflect.InvocationTargetException
----------------- testing (KnownFailure) /home/travis/build/icyphy/ptII/ptolemy/domains/de/test/auto/knownFailedTests/dependencyLoop2.xml
6 ms. Memory: 48128K Free: 17100K (36%)
Known Failure: java.lang.reflect.InvocationTargetException
No auto/linux-amd64/*.xml tests in /home/travis/build/icyphy/ptII/ptolemy/domains/de/test
AutoTests.java: About to close Vertx.
AutoTests.java: Vertx closed.

===========================================================================================
----------------- testing Sat Dec 28 06:32:52 UTC 2019 /home/travis/build/icyphy/ptII/ptolemy/domains/de/test/auto/ActorDepthCalculation_actorWithoutPorts.xml
----------------- Instantiating /home/travis/build/icyphy/ptII/ptolemy/domains/de/test/auto/ActorDepthCalculation_actorWithoutPorts.xml
1 ms. Memory: 48128K Free: 10926K (23%)
----------------- Invoking toplevel() on ptolemy.moml.MoMLSimpleApplication@656bbdfd
----------------- Done invoking toplevel() on ptolemy.moml.MoMLSimpleApplication@656bbdfd
reloadAllAccessors: .ActorDepthCalculation_actorWithoutPorts

===========================================================================================
----------------- testing Sat Dec 28 06:32:52 UTC 2019 /home/travis/build/icyphy/ptII/ptolemy/domains/de/test/auto/AssemblyLine.xml
----------------- Instantiating /home/travis/build/icyphy/ptII/ptolemy/domains/de/test/auto/AssemblyLine.xml
3 ms. Memory: 48128K Free: 29599K (62%)
----------------- Invoking toplevel() on ptolemy.moml.MoMLSimpleApplication@3fbb987c
----------------- Done invoking toplevel() on ptolemy.moml.MoMLSimpleApplication@3fbb987c
reloadAllAccessors: .AssemblyLine

===========================================================================================
----------------- testing Sat Dec 28 06:32:52 UTC 2019 /home/travis/build/icyphy/ptII/ptolemy/domains/de/test/auto/CQBug1.xml
----------------- Instantiating /home/travis/build/icyphy/ptII/ptolemy/domains/de/test/auto/CQBug1.xml
1 ms. Memory: 48128K Free: 26656K (55%)
----------------- Invoking toplevel() on ptolemy.moml.MoMLSimpleApplication@62b9d33d
----------------- Done invoking toplevel() on ptolemy.moml.MoMLSimpleApplication@62b9d33d
reloadAllAccessors: .CQBug1

===========================================================================================
----------------- testing Sat Dec 28 06:32:52 UTC 2019 /home/travis/build/icyphy/ptII/ptolemy/domains/de/test/auto/CancelFireAt.xml
----------------- Instantiating /home/travis/build/icyphy/ptII/ptolemy/domains/de/test/auto/CancelFireAt.xml
1 ms. Memory: 48128K Free: 24277K (50%)
----------------- Invoking toplevel() on ptolemy.moml.MoMLSimpleApplication@78a636dd
----------------- Done invoking toplevel() on ptolemy.moml.MoMLSimpleApplication@78a636dd
reloadAllAccessors: .CancelFireAt

===========================================================================================
----------------- testing Sat Dec 28 06:32:52 UTC 2019 /home/travis/build/icyphy/ptII/ptolemy/domains/de/test/auto/CausalityAndComposabilityAnalysis.xml
----------------- Instantiating /home/travis/build/icyphy/ptII/ptolemy/domains/de/test/auto/CausalityAndComposabilityAnalysis.xml
2 ms. Memory: 48128K Free: 20040K (42%)
----------------- Invoking toplevel() on ptolemy.moml.MoMLSimpleApplication@43db1585
----------------- Done invoking toplevel() on ptolemy.moml.MoMLSimpleApplication@43db1585
reloadAllAccessors: .CausalityAndComposabilityAnalysis

===========================================================================================
----------------- testing Sat Dec 28 06:32:52 UTC 2019 /home/travis/build/icyphy/ptII/ptolemy/domains/de/test/auto/CausalityInterface1.xml
----------------- Instantiating /home/travis/build/icyphy/ptII/ptolemy/domains/de/test/auto/CausalityInterface1.xml
5 ms. Memory: 48128K Free: 15091K (31%)
----------------- Invoking toplevel() on ptolemy.moml.MoMLSimpleApplication@602800bf
----------------- Done invoking toplevel() on ptolemy.moml.MoMLSimpleApplication@602800bf
reloadAllAccessors: .CausalityInterface1

===========================================================================================
----------------- testing Sat Dec 28 06:32:52 UTC 2019 /home/travis/build/icyphy/ptII/ptolemy/domains/de/test/auto/CausalityInterface15.xml
----------------- Instantiating /home/travis/build/icyphy/ptII/ptolemy/domains/de/test/auto/CausalityInterface15.xml
2 ms. Memory: 48128K Free: 9784K (20%)
----------------- Invoking toplevel() on ptolemy.moml.MoMLSimpleApplication@5575b98e
----------------- Done invoking toplevel() on ptolemy.moml.MoMLSimpleApplication@5575b98e
reloadAllAccessors: .CausalityInterface15

===========================================================================================
----------------- testing Sat Dec 28 06:32:52 UTC 2019 /home/travis/build/icyphy/ptII/ptolemy/domains/de/test/auto/CausalityInterface2.xml
----------------- Instantiating /home/travis/build/icyphy/ptII/ptolemy/domains/de/test/auto/CausalityInterface2.xml
1 ms. Memory: 48128K Free: 30927K (64%)
----------------- Invoking toplevel() on ptolemy.moml.MoMLSimpleApplication@3afbc17c
----------------- Done invoking toplevel() on ptolemy.moml.MoMLSimpleApplication@3afbc17c
reloadAllAccessors: .CausalityInterface2

===========================================================================================
----------------- testing Sat Dec 28 06:32:52 UTC 2019 /home/travis/build/icyphy/ptII/ptolemy/domains/de/test/auto/CausalityInterface3.xml
----------------- Instantiating /home/travis/build/icyphy/ptII/ptolemy/domains/de/test/auto/CausalityInterface3.xml
3 ms. Memory: 48128K Free: 26004K (54%)
----------------- Invoking toplevel() on ptolemy.moml.MoMLSimpleApplication@2609ab4b
----------------- Done invoking toplevel() on ptolemy.moml.MoMLSimpleApplication@2609ab4b
reloadAllAccessors: .CausalityInterface3

===========================================================================================
----------------- testing Sat Dec 28 06:32:52 UTC 2019 /home/travis/build/icyphy/ptII/ptolemy/domains/de/test/auto/ClockDrift.xml
----------------- Instantiating /home/travis/build/icyphy/ptII/ptolemy/domains/de/test/auto/ClockDrift.xml
14 ms. Memory: 48128K Free: 14292K (30%)
----------------- Invoking toplevel() on ptolemy.moml.MoMLSimpleApplication@4e52d340
----------------- Done invoking toplevel() on ptolemy.moml.MoMLSimpleApplication@4e52d340
reloadAllAccessors: .ClockDrift

===========================================================================================
----------------- testing Sat Dec 28 06:32:52 UTC 2019 /home/travis/build/icyphy/ptII/ptolemy/domains/de/test/auto/ClockDriftAndValueChange.xml
----------------- Instantiating /home/travis/build/icyphy/ptII/ptolemy/domains/de/test/auto/ClockDriftAndValueChange.xml
10 ms. Memory: 48128K Free: 28181K (59%)
----------------- Invoking toplevel() on ptolemy.moml.MoMLSimpleApplication@7d7241b0
----------------- Done invoking toplevel() on ptolemy.moml.MoMLSimpleApplication@7d7241b0
reloadAllAccessors: .ClockDriftAndValueChange

===========================================================================================
----------------- testing Sat Dec 28 06:32:52 UTC 2019 /home/travis/build/icyphy/ptII/ptolemy/domains/de/test/auto/ClockDriftChange.xml
----------------- Instantiating /home/travis/build/icyphy/ptII/ptolemy/domains/de/test/auto/ClockDriftChange.xml
8 ms. Memory: 48128K Free: 18296K (38%)
----------------- Invoking toplevel() on ptolemy.moml.MoMLSimpleApplication@426b4177
----------------- Done invoking toplevel() on ptolemy.moml.MoMLSimpleApplication@426b4177
reloadAllAccessors: .ClockDriftChange

===========================================================================================
----------------- testing Sat Dec 28 06:32:53 UTC 2019 /home/travis/build/icyphy/ptII/ptolemy/domains/de/test/auto/ComposableCausalityAnalysis.xml
----------------- Instantiating /home/travis/build/icyphy/ptII/ptolemy/domains/de/test/auto/ComposableCausalityAnalysis.xml
1 ms. Memory: 48128K Free: 12571K (26%)
----------------- Invoking toplevel() on ptolemy.moml.MoMLSimpleApplication@57d6cb9f
----------------- Done invoking toplevel() on ptolemy.moml.MoMLSimpleApplication@57d6cb9f
reloadAllAccessors: .ComposableCausalityAnalysis

===========================================================================================
----------------- testing Sat Dec 28 06:32:53 UTC 2019 /home/travis/build/icyphy/ptII/ptolemy/domains/de/test/auto/DEFixedPointLimitation.xml
----------------- Instantiating /home/travis/build/icyphy/ptII/ptolemy/domains/de/test/auto/DEFixedPointLimitation.xml
1 ms. Memory: 48128K Free: 32759K (68%)
----------------- Invoking toplevel() on ptolemy.moml.MoMLSimpleApplication@30dab976
----------------- Done invoking toplevel() on ptolemy.moml.MoMLSimpleApplication@30dab976
reloadAllAccessors: .DEFixedPointLimitation

===========================================================================================
----------------- testing Sat Dec 28 06:32:53 UTC 2019 /home/travis/build/icyphy/ptII/ptolemy/domains/de/test/auto/DEScheduleTest.xml
----------------- Instantiating /home/travis/build/icyphy/ptII/ptolemy/domains/de/test/auto/DEScheduleTest.xml
2 ms. Memory: 48128K Free: 28625K (59%)
----------------- Invoking toplevel() on ptolemy.moml.MoMLSimpleApplication@1b6d8583
----------------- Done invoking toplevel() on ptolemy.moml.MoMLSimpleApplication@1b6d8583
reloadAllAccessors: .DEScheduleTest

===========================================================================================
----------------- testing Sat Dec 28 06:32:53 UTC 2019 /home/travis/build/icyphy/ptII/ptolemy/domains/de/test/auto/DEinDEwithStartTimes.xml
----------------- Instantiating /home/travis/build/icyphy/ptII/ptolemy/domains/de/test/auto/DEinDEwithStartTimes.xml
1 ms. Memory: 48128K Free: 22853K (47%)
----------------- Invoking toplevel() on ptolemy.moml.MoMLSimpleApplication@61e84099
----------------- Done invoking toplevel() on ptolemy.moml.MoMLSimpleApplication@61e84099
reloadAllAccessors: .DEinDEwithStartTimes

===========================================================================================
----------------- testing Sat Dec 28 06:32:53 UTC 2019 /home/travis/build/icyphy/ptII/ptolemy/domains/de/test/auto/DEinDEwithStartTimes2.xml
----------------- Instantiating /home/travis/build/icyphy/ptII/ptolemy/domains/de/test/auto/DEinDEwithStartTimes2.xml
2 ms. Memory: 48128K Free: 16446K (34%)
----------------- Invoking toplevel() on ptolemy.moml.MoMLSimpleApplication@57d2fb58
----------------- Done invoking toplevel() on ptolemy.moml.MoMLSimpleApplication@57d2fb58
reloadAllAccessors: .DEinDEwithStartTimes2

===========================================================================================
----------------- testing Sat Dec 28 06:32:53 UTC 2019 /home/travis/build/icyphy/ptII/ptolemy/domains/de/test/auto/DateDemo.xml
----------------- Instantiating /home/travis/build/icyphy/ptII/ptolemy/domains/de/test/auto/DateDemo.xml
7 ms. Memory: 48128K Free: 29733K (62%)
----------------- Invoking toplevel() on ptolemy.moml.MoMLSimpleApplication@7df2a660
----------------- Done invoking toplevel() on ptolemy.moml.MoMLSimpleApplication@7df2a660
reloadAllAccessors: .DateDemo

===========================================================================================
----------------- testing Sat Dec 28 06:32:53 UTC 2019 /home/travis/build/icyphy/ptII/ptolemy/domains/de/test/auto/DateToEvent.xml
----------------- Instantiating /home/travis/build/icyphy/ptII/ptolemy/domains/de/test/auto/DateToEvent.xml
2004 ms. Memory: 48128K Free: 14273K (30%)
----------------- Invoking toplevel() on ptolemy.moml.MoMLSimpleApplication@5ef14623
----------------- Done invoking toplevel() on ptolemy.moml.MoMLSimpleApplication@5ef14623
reloadAllAccessors: .DateToEvent

===========================================================================================
----------------- testing Sat Dec 28 06:32:55 UTC 2019 /home/travis/build/icyphy/ptII/ptolemy/domains/de/test/auto/DepthTest1.xml
----------------- Instantiating /home/travis/build/icyphy/ptII/ptolemy/domains/de/test/auto/DepthTest1.xml
1 ms. Memory: 48128K Free: 11373K (24%)
----------------- Invoking toplevel() on ptolemy.moml.MoMLSimpleApplication@e28f6c1
----------------- Done invoking toplevel() on ptolemy.moml.MoMLSimpleApplication@e28f6c1
reloadAllAccessors: .DepthTest1

===========================================================================================
----------------- testing Sat Dec 28 06:32:55 UTC 2019 /home/travis/build/icyphy/ptII/ptolemy/domains/de/test/auto/DepthTest2.xml
----------------- Instantiating /home/travis/build/icyphy/ptII/ptolemy/domains/de/test/auto/DepthTest2.xml
2 ms. Memory: 48128K Free: 29685K (62%)
----------------- Invoking toplevel() on ptolemy.moml.MoMLSimpleApplication@2b6ad46f
----------------- Done invoking toplevel() on ptolemy.moml.MoMLSimpleApplication@2b6ad46f
reloadAllAccessors: .DepthTest2

===========================================================================================
----------------- testing Sat Dec 28 06:32:55 UTC 2019 /home/travis/build/icyphy/ptII/ptolemy/domains/de/test/auto/DepthTest3.xml
----------------- Instantiating /home/travis/build/icyphy/ptII/ptolemy/domains/de/test/auto/DepthTest3.xml
1 ms. Memory: 48128K Free: 26806K (56%)
----------------- Invoking toplevel() on ptolemy.moml.MoMLSimpleApplication@42b6cacf
----------------- Done invoking toplevel() on ptolemy.moml.MoMLSimpleApplication@42b6cacf
reloadAllAccessors: .DepthTest3

===========================================================================================
----------------- testing Sat Dec 28 06:32:55 UTC 2019 /home/travis/build/icyphy/ptII/ptolemy/domains/de/test/auto/DepthTest4.xml
----------------- Instantiating /home/travis/build/icyphy/ptII/ptolemy/domains/de/test/auto/DepthTest4.xml
10 ms. Memory: 48128K Free: 21923K (46%)
----------------- Invoking toplevel() on ptolemy.moml.MoMLSimpleApplication@3bdcf3d6
----------------- Done invoking toplevel() on ptolemy.moml.MoMLSimpleApplication@3bdcf3d6
reloadAllAccessors: .DepthTest4

===========================================================================================
----------------- testing Sat Dec 28 06:32:55 UTC 2019 /home/travis/build/icyphy/ptII/ptolemy/domains/de/test/auto/DepthTest5.xml
----------------- Instantiating /home/travis/build/icyphy/ptII/ptolemy/domains/de/test/auto/DepthTest5.xml
2 ms. Memory: 48128K Free: 16600K (34%)
----------------- Invoking toplevel() on ptolemy.moml.MoMLSimpleApplication@609dcf94
----------------- Done invoking toplevel() on ptolemy.moml.MoMLSimpleApplication@609dcf94
reloadAllAccessors: .DepthTest5

===========================================================================================
----------------- testing Sat Dec 28 06:32:55 UTC 2019 /home/travis/build/icyphy/ptII/ptolemy/domains/de/test/auto/DepthTest6.xml
----------------- Instantiating /home/travis/build/icyphy/ptII/ptolemy/domains/de/test/auto/DepthTest6.xml
3 ms. Memory: 48128K Free: 11457K (24%)
----------------- Invoking toplevel() on ptolemy.moml.MoMLSimpleApplication@1ebfb293
----------------- Done invoking toplevel() on ptolemy.moml.MoMLSimpleApplication@1ebfb293
reloadAllAccessors: .DepthTest6

===========================================================================================
----------------- testing Sat Dec 28 06:32:55 UTC 2019 /home/travis/build/icyphy/ptII/ptolemy/domains/de/test/auto/DepthTest7.xml
----------------- Instantiating /home/travis/build/icyphy/ptII/ptolemy/domains/de/test/auto/DepthTest7.xml
1 ms. Memory: 48128K Free: 31319K (65%)
----------------- Invoking toplevel() on ptolemy.moml.MoMLSimpleApplication@37ee4c41
----------------- Done invoking toplevel() on ptolemy.moml.MoMLSimpleApplication@37ee4c41
reloadAllAccessors: .DepthTest7

===========================================================================================
----------------- testing Sat Dec 28 06:32:55 UTC 2019 /home/travis/build/icyphy/ptII/ptolemy/domains/de/test/auto/EventToDate.xml
----------------- Instantiating /home/travis/build/icyphy/ptII/ptolemy/domains/de/test/auto/EventToDate.xml
3014 ms. Memory: 48128K Free: 18303K (38%)
----------------- Invoking toplevel() on ptolemy.moml.MoMLSimpleApplication@527be51e
----------------- Done invoking toplevel() on ptolemy.moml.MoMLSimpleApplication@527be51e
reloadAllAccessors: .EventToDate

===========================================================================================
----------------- testing Sat Dec 28 06:32:58 UTC 2019 /home/travis/build/icyphy/ptII/ptolemy/domains/de/test/auto/FSM1.xml
----------------- Instantiating /home/travis/build/icyphy/ptII/ptolemy/domains/de/test/auto/FSM1.xml
17 ms. Memory: 48128K Free: 30799K (64%)
----------------- Invoking toplevel() on ptolemy.moml.MoMLSimpleApplication@1a6e75d7
----------------- Done invoking toplevel() on ptolemy.moml.MoMLSimpleApplication@1a6e75d7
reloadAllAccessors: .FSM1

===========================================================================================
----------------- testing Sat Dec 28 06:32:58 UTC 2019 /home/travis/build/icyphy/ptII/ptolemy/domains/de/test/auto/FSM7.xml
----------------- Instantiating /home/travis/build/icyphy/ptII/ptolemy/domains/de/test/auto/FSM7.xml
19 ms. Memory: 48128K Free: 18521K (38%)
----------------- Invoking toplevel() on ptolemy.moml.MoMLSimpleApplication@54567caf
----------------- Done invoking toplevel() on ptolemy.moml.MoMLSimpleApplication@54567caf
reloadAllAccessors: .FSM7

===========================================================================================
----------------- testing Sat Dec 28 06:32:58 UTC 2019 /home/travis/build/icyphy/ptII/ptolemy/domains/de/test/auto/Inspection.xml
----------------- Instantiating /home/travis/build/icyphy/ptII/ptolemy/domains/de/test/auto/Inspection.xml
11 ms. Memory: 48128K Free: 30651K (64%)
----------------- Invoking toplevel() on ptolemy.moml.MoMLSimpleApplication@1e4250d1
----------------- Done invoking toplevel() on ptolemy.moml.MoMLSimpleApplication@1e4250d1
reloadAllAccessors: .Inspection

===========================================================================================
----------------- testing Sat Dec 28 06:32:58 UTC 2019 /home/travis/build/icyphy/ptII/ptolemy/domains/de/test/auto/Iteration.xml
----------------- Instantiating /home/travis/build/icyphy/ptII/ptolemy/domains/de/test/auto/Iteration.xml
8 ms. Memory: 48128K Free: 23756K (49%)
----------------- Invoking toplevel() on ptolemy.moml.MoMLSimpleApplication@5b10b07
----------------- Done invoking toplevel() on ptolemy.moml.MoMLSimpleApplication@5b10b07
reloadAllAccessors: .Iteration

===========================================================================================
----------------- testing Sat Dec 28 06:32:58 UTC 2019 /home/travis/build/icyphy/ptII/ptolemy/domains/de/test/auto/LineFault.xml
----------------- Instantiating /home/travis/build/icyphy/ptII/ptolemy/domains/de/test/auto/LineFault.xml
383 ms. Memory: 48128K Free: 26624K (55%)
----------------- Invoking toplevel() on ptolemy.moml.MoMLSimpleApplication@63fc75ff
----------------- Done invoking toplevel() on ptolemy.moml.MoMLSimpleApplication@63fc75ff
reloadAllAccessors: .LineFault

===========================================================================================
----------------- testing Sat Dec 28 06:32:59 UTC 2019 /home/travis/build/icyphy/ptII/ptolemy/domains/de/test/auto/MergeModel1Add.xml
----------------- Instantiating /home/travis/build/icyphy/ptII/ptolemy/domains/de/test/auto/MergeModel1Add.xml
5 ms. Memory: 48128K Free: 29148K (61%)
----------------- Invoking toplevel() on ptolemy.moml.MoMLSimpleApplication@79f38674
----------------- Done invoking toplevel() on ptolemy.moml.MoMLSimpleApplication@79f38674
reloadAllAccessors: .MergeModel1Add

===========================================================================================
----------------- testing Sat Dec 28 06:32:59 UTC 2019 /home/travis/build/icyphy/ptII/ptolemy/domains/de/test/auto/MergeModel2Add.xml
----------------- Instantiating /home/travis/build/icyphy/ptII/ptolemy/domains/de/test/auto/MergeModel2Add.xml
7 ms. Memory: 48128K Free: 11926K (25%)
----------------- Invoking toplevel() on ptolemy.moml.MoMLSimpleApplication@7dad3f00
----------------- Done invoking toplevel() on ptolemy.moml.MoMLSimpleApplication@7dad3f00
reloadAllAccessors: .MergeModel2Add

===========================================================================================
----------------- testing Sat Dec 28 06:32:59 UTC 2019 /home/travis/build/icyphy/ptII/ptolemy/domains/de/test/auto/MergeModel3Add.xml
----------------- Instantiating /home/travis/build/icyphy/ptII/ptolemy/domains/de/test/auto/MergeModel3Add.xml
5 ms. Memory: 48128K Free: 14874K (31%)
----------------- Invoking toplevel() on ptolemy.moml.MoMLSimpleApplication@6a12c84a
----------------- Done invoking toplevel() on ptolemy.moml.MoMLSimpleApplication@6a12c84a
reloadAllAccessors: .MergeModel3Add

===========================================================================================
----------------- testing Sat Dec 28 06:32:59 UTC 2019 /home/travis/build/icyphy/ptII/ptolemy/domains/de/test/auto/MergeWithoutDiscard.xml
----------------- Instantiating /home/travis/build/icyphy/ptII/ptolemy/domains/de/test/auto/MergeWithoutDiscard.xml
1 ms. Memory: 48128K Free: 10756K (22%)
----------------- Invoking toplevel() on ptolemy.moml.MoMLSimpleApplication@6653e2c1
----------------- Done invoking toplevel() on ptolemy.moml.MoMLSimpleApplication@6653e2c1
reloadAllAccessors: .MergeWithoutDiscard

===========================================================================================
----------------- testing Sat Dec 28 06:32:59 UTC 2019 /home/travis/build/icyphy/ptII/ptolemy/domains/de/test/auto/Modal1.xml
----------------- Instantiating /home/travis/build/icyphy/ptII/ptolemy/domains/de/test/auto/Modal1.xml
8 ms. Memory: 48128K Free: 20345K (42%)
----------------- Invoking toplevel() on ptolemy.moml.MoMLSimpleApplication@43bebcea
----------------- Done invoking toplevel() on ptolemy.moml.MoMLSimpleApplication@43bebcea
reloadAllAccessors: .Modal1

===========================================================================================
----------------- testing Sat Dec 28 06:32:59 UTC 2019 /home/travis/build/icyphy/ptII/ptolemy/domains/de/test/auto/Modal2.xml
----------------- Instantiating /home/travis/build/icyphy/ptII/ptolemy/domains/de/test/auto/Modal2.xml
18 ms. Memory: 48128K Free: 29863K (62%)
----------------- Invoking toplevel() on ptolemy.moml.MoMLSimpleApplication@40ed3107
----------------- Done invoking toplevel() on ptolemy.moml.MoMLSimpleApplication@40ed3107
reloadAllAccessors: .Modal2

===========================================================================================
----------------- testing Sat Dec 28 06:32:59 UTC 2019 /home/travis/build/icyphy/ptII/ptolemy/domains/de/test/auto/Modal3.xml
----------------- Instantiating /home/travis/build/icyphy/ptII/ptolemy/domains/de/test/auto/Modal3.xml
6 ms. Memory: 48128K Free: 17389K (36%)
----------------- Invoking toplevel() on ptolemy.moml.MoMLSimpleApplication@6905eb1b
----------------- Done invoking toplevel() on ptolemy.moml.MoMLSimpleApplication@6905eb1b
reloadAllAccessors: .Modal3

===========================================================================================
----------------- testing Sat Dec 28 06:32:59 UTC 2019 /home/travis/build/icyphy/ptII/ptolemy/domains/de/test/auto/Modal4.xml
----------------- Instantiating /home/travis/build/icyphy/ptII/ptolemy/domains/de/test/auto/Modal4.xml
9 ms. Memory: 48128K Free: 26006K (54%)
----------------- Invoking toplevel() on ptolemy.moml.MoMLSimpleApplication@4974adc3
----------------- Done invoking toplevel() on ptolemy.moml.MoMLSimpleApplication@4974adc3
reloadAllAccessors: .Modal4

===========================================================================================
----------------- testing Sat Dec 28 06:32:59 UTC 2019 /home/travis/build/icyphy/ptII/ptolemy/domains/de/test/auto/Modal5.xml
----------------- Instantiating /home/travis/build/icyphy/ptII/ptolemy/domains/de/test/auto/Modal5.xml
8 ms. Memory: 48128K Free: 12985K (27%)
----------------- Invoking toplevel() on ptolemy.moml.MoMLSimpleApplication@4b30d7e8
----------------- Done invoking toplevel() on ptolemy.moml.MoMLSimpleApplication@4b30d7e8
reloadAllAccessors: .Modal5

===========================================================================================
----------------- testing Sat Dec 28 06:32:59 UTC 2019 /home/travis/build/icyphy/ptII/ptolemy/domains/de/test/auto/Modal6.xml
----------------- Instantiating /home/travis/build/icyphy/ptII/ptolemy/domains/de/test/auto/Modal6.xml
11 ms. Memory: 48128K Free: 22252K (46%)
----------------- Invoking toplevel() on ptolemy.moml.MoMLSimpleApplication@36df9870
----------------- Done invoking toplevel() on ptolemy.moml.MoMLSimpleApplication@36df9870
reloadAllAccessors: .Modal6

===========================================================================================
----------------- testing Sat Dec 28 06:32:59 UTC 2019 /home/travis/build/icyphy/ptII/ptolemy/domains/de/test/auto/Modal7.xml
----------------- Instantiating /home/travis/build/icyphy/ptII/ptolemy/domains/de/test/auto/Modal7.xml
13 ms. Memory: 48128K Free: 30618K (64%)
----------------- Invoking toplevel() on ptolemy.moml.MoMLSimpleApplication@22f3d2fb
----------------- Done invoking toplevel() on ptolemy.moml.MoMLSimpleApplication@22f3d2fb
reloadAllAccessors: .Modal7

===========================================================================================
----------------- testing Sat Dec 28 06:32:59 UTC 2019 /home/travis/build/icyphy/ptII/ptolemy/domains/de/test/auto/ModalModel.xml
----------------- Instantiating /home/travis/build/icyphy/ptII/ptolemy/domains/de/test/auto/ModalModel.xml
135 ms. Memory: 64512K Free: 26785K (42%)
----------------- Invoking toplevel() on ptolemy.moml.MoMLSimpleApplication@4aa577e
----------------- Done invoking toplevel() on ptolemy.moml.MoMLSimpleApplication@4aa577e
reloadAllAccessors: .ModalModel

===========================================================================================
----------------- testing Sat Dec 28 06:32:59 UTC 2019 /home/travis/build/icyphy/ptII/ptolemy/domains/de/test/auto/ModalSource.xml
----------------- Instantiating /home/travis/build/icyphy/ptII/ptolemy/domains/de/test/auto/ModalSource.xml
10 ms. Memory: 64512K Free: 47142K (73%)
----------------- Invoking toplevel() on ptolemy.moml.MoMLSimpleApplication@47632f91
----------------- Done invoking toplevel() on ptolemy.moml.MoMLSimpleApplication@47632f91
reloadAllAccessors: .ModalSource

===========================================================================================
----------------- testing Sat Dec 28 06:32:59 UTC 2019 /home/travis/build/icyphy/ptII/ptolemy/domains/de/test/auto/NonInterruptibleTimerZeroDelay.xml
----------------- Instantiating /home/travis/build/icyphy/ptII/ptolemy/domains/de/test/auto/NonInterruptibleTimerZeroDelay.xml
2 ms. Memory: 64512K Free: 43202K (67%)
----------------- Invoking toplevel() on ptolemy.moml.MoMLSimpleApplication@7063456b
----------------- Done invoking toplevel() on ptolemy.moml.MoMLSimpleApplication@7063456b
reloadAllAccessors: .NonInterruptibleTimerZeroDelay

===========================================================================================
----------------- testing Sat Dec 28 06:32:59 UTC 2019 /home/travis/build/icyphy/ptII/ptolemy/domains/de/test/auto/OpenQueueingNetwork.xml
----------------- Instantiating /home/travis/build/icyphy/ptII/ptolemy/domains/de/test/auto/OpenQueueingNetwork.xml
2211 ms. Memory: 174080K Free: 79657K (46%)
----------------- Invoking toplevel() on ptolemy.moml.MoMLSimpleApplication@71e5b5e7
----------------- Done invoking toplevel() on ptolemy.moml.MoMLSimpleApplication@71e5b5e7
reloadAllAccessors: .OpenQueueingNetwork

===========================================================================================
----------------- testing Sat Dec 28 06:33:01 UTC 2019 /home/travis/build/icyphy/ptII/ptolemy/domains/de/test/auto/OpenQueuingNetwork.xml
----------------- Instantiating /home/travis/build/icyphy/ptII/ptolemy/domains/de/test/auto/OpenQueuingNetwork.xml
201 ms. Memory: 174080K Free: 96475K (55%)
----------------- Invoking toplevel() on ptolemy.moml.MoMLSimpleApplication@e53bd2a
----------------- Done invoking toplevel() on ptolemy.moml.MoMLSimpleApplication@e53bd2a
reloadAllAccessors: .OpenQueuingNetwork

===========================================================================================
----------------- testing Sat Dec 28 06:33:02 UTC 2019 /home/travis/build/icyphy/ptII/ptolemy/domains/de/test/auto/PeriodicSampler.xml
----------------- Instantiating /home/travis/build/icyphy/ptII/ptolemy/domains/de/test/auto/PeriodicSampler.xml
1 ms. Memory: 174080K Free: 92379K (53%)
----------------- Invoking toplevel() on ptolemy.moml.MoMLSimpleApplication@137542de
----------------- Done invoking toplevel() on ptolemy.moml.MoMLSimpleApplication@137542de
reloadAllAccessors: .PeriodicSampler

===========================================================================================
----------------- testing Sat Dec 28 06:33:02 UTC 2019 /home/travis/build/icyphy/ptII/ptolemy/domains/de/test/auto/PersistentIO.xml
----------------- Instantiating /home/travis/build/icyphy/ptII/ptolemy/domains/de/test/auto/PersistentIO.xml
6 ms. Memory: 174080K Free: 83163K (48%)
----------------- Invoking toplevel() on ptolemy.moml.MoMLSimpleApplication@4c01d7ad
----------------- Done invoking toplevel() on ptolemy.moml.MoMLSimpleApplication@4c01d7ad
reloadAllAccessors: .PersistentIO

===========================================================================================
----------------- testing Sat Dec 28 06:33:02 UTC 2019 /home/travis/build/icyphy/ptII/ptolemy/domains/de/test/auto/PortParameterResetOnInitialize.xml
----------------- Instantiating /home/travis/build/icyphy/ptII/ptolemy/domains/de/test/auto/PortParameterResetOnInitialize.xml
2 ms. Memory: 174080K Free: 78553K (45%)
----------------- Invoking toplevel() on ptolemy.moml.MoMLSimpleApplication@52b6f4e9
----------------- Done invoking toplevel() on ptolemy.moml.MoMLSimpleApplication@52b6f4e9
reloadAllAccessors: .PortParameterResetOnInitialize

===========================================================================================
----------------- testing Sat Dec 28 06:33:02 UTC 2019 /home/travis/build/icyphy/ptII/ptolemy/domains/de/test/auto/PortParameterUpdates.xml
----------------- Instantiating /home/travis/build/icyphy/ptII/ptolemy/domains/de/test/auto/PortParameterUpdates.xml
2 ms. Memory: 174080K Free: 71899K (41%)
----------------- Invoking toplevel() on ptolemy.moml.MoMLSimpleApplication@41f00499
----------------- Done invoking toplevel() on ptolemy.moml.MoMLSimpleApplication@41f00499
reloadAllAccessors: .PortParameterUpdates

===========================================================================================
----------------- testing Sat Dec 28 06:33:02 UTC 2019 /home/travis/build/icyphy/ptII/ptolemy/domains/de/test/auto/QueueAndServer.xml
----------------- Instantiating /home/travis/build/icyphy/ptII/ptolemy/domains/de/test/auto/QueueAndServer.xml
5 ms. Memory: 174080K Free: 64217K (37%)
----------------- Invoking toplevel() on ptolemy.moml.MoMLSimpleApplication@5fefe256
----------------- Done invoking toplevel() on ptolemy.moml.MoMLSimpleApplication@5fefe256
reloadAllAccessors: .QueueAndServer

===========================================================================================
----------------- testing Sat Dec 28 06:33:02 UTC 2019 /home/travis/build/icyphy/ptII/ptolemy/domains/de/test/auto/Records.xml
----------------- Instantiating /home/travis/build/icyphy/ptII/ptolemy/domains/de/test/auto/Records.xml
5 ms. Memory: 208896K Free: 190046K (91%)
----------------- Invoking toplevel() on ptolemy.moml.MoMLSimpleApplication@71a0fc6c
----------------- Done invoking toplevel() on ptolemy.moml.MoMLSimpleApplication@71a0fc6c
reloadAllAccessors: .Records

===========================================================================================
----------------- testing Sat Dec 28 06:33:02 UTC 2019 /home/travis/build/icyphy/ptII/ptolemy/domains/de/test/auto/ResetTransitionWithStartTime1.xml
----------------- Instantiating /home/travis/build/icyphy/ptII/ptolemy/domains/de/test/auto/ResetTransitionWithStartTime1.xml
13 ms. Memory: 208896K Free: 181854K (87%)
----------------- Invoking toplevel() on ptolemy.moml.MoMLSimpleApplication@49476ab
----------------- Done invoking toplevel() on ptolemy.moml.MoMLSimpleApplication@49476ab
reloadAllAccessors: .ResetTransitionWithStartTime1

===========================================================================================
----------------- testing Sat Dec 28 06:33:02 UTC 2019 /home/travis/build/icyphy/ptII/ptolemy/domains/de/test/auto/ResetTransitionWithStartTime2.xml
----------------- Instantiating /home/travis/build/icyphy/ptII/ptolemy/domains/de/test/auto/ResetTransitionWithStartTime2.xml
6 ms. Memory: 208896K Free: 173662K (83%)
----------------- Invoking toplevel() on ptolemy.moml.MoMLSimpleApplication@5015c56c
----------------- Done invoking toplevel() on ptolemy.moml.MoMLSimpleApplication@5015c56c
reloadAllAccessors: .ResetTransitionWithStartTime2

===========================================================================================
----------------- testing Sat Dec 28 06:33:02 UTC 2019 /home/travis/build/icyphy/ptII/ptolemy/domains/de/test/auto/ResetTransitionWithStartTime3.xml
----------------- Instantiating /home/travis/build/icyphy/ptII/ptolemy/domains/de/test/auto/ResetTransitionWithStartTime3.xml
5 ms. Memory: 208896K Free: 165470K (79%)
----------------- Invoking toplevel() on ptolemy.moml.MoMLSimpleApplication@66aa4ff2
----------------- Done invoking toplevel() on ptolemy.moml.MoMLSimpleApplication@66aa4ff2
reloadAllAccessors: .ResetTransitionWithStartTime3

===========================================================================================
----------------- testing Sat Dec 28 06:33:02 UTC 2019 /home/travis/build/icyphy/ptII/ptolemy/domains/de/test/auto/ResetTransitionWithStartTime4.xml
----------------- Instantiating /home/travis/build/icyphy/ptII/ptolemy/domains/de/test/auto/ResetTransitionWithStartTime4.xml
3 ms. Memory: 208896K Free: 157782K (76%)
----------------- Invoking toplevel() on ptolemy.moml.MoMLSimpleApplication@8f85f55
----------------- Done invoking toplevel() on ptolemy.moml.MoMLSimpleApplication@8f85f55
reloadAllAccessors: .ResetTransitionWithStartTime4

===========================================================================================
----------------- testing Sat Dec 28 06:33:02 UTC 2019 /home/travis/build/icyphy/ptII/ptolemy/domains/de/test/auto/ResettableTimer1.xml
----------------- Instantiating /home/travis/build/icyphy/ptII/ptolemy/domains/de/test/auto/ResettableTimer1.xml
2 ms. Memory: 208896K Free: 153686K (74%)
----------------- Invoking toplevel() on ptolemy.moml.MoMLSimpleApplication@32830ee4
----------------- Done invoking toplevel() on ptolemy.moml.MoMLSimpleApplication@32830ee4
reloadAllAccessors: .ResettableTimer1

===========================================================================================
----------------- testing Sat Dec 28 06:33:02 UTC 2019 /home/travis/build/icyphy/ptII/ptolemy/domains/de/test/auto/ResettableTimer2.xml
----------------- Instantiating /home/travis/build/icyphy/ptII/ptolemy/domains/de/test/auto/ResettableTimer2.xml
1 ms. Memory: 208896K Free: 149566K (72%)
----------------- Invoking toplevel() on ptolemy.moml.MoMLSimpleApplication@2abac3b0
----------------- Done invoking toplevel() on ptolemy.moml.MoMLSimpleApplication@2abac3b0
reloadAllAccessors: .ResettableTimer2

===========================================================================================
----------------- testing Sat Dec 28 06:33:02 UTC 2019 /home/travis/build/icyphy/ptII/ptolemy/domains/de/test/auto/ResettableTimer3.xml
----------------- Instantiating /home/travis/build/icyphy/ptII/ptolemy/domains/de/test/auto/ResettableTimer3.xml
2 ms. Memory: 208896K Free: 146014K (70%)
----------------- Invoking toplevel() on ptolemy.moml.MoMLSimpleApplication@aa8f1eb
----------------- Done invoking toplevel() on ptolemy.moml.MoMLSimpleApplication@aa8f1eb
reloadAllAccessors: .ResettableTimer3

===========================================================================================
----------------- testing Sat Dec 28 06:33:02 UTC 2019 /home/travis/build/icyphy/ptII/ptolemy/domains/de/test/auto/ResettableTimer4.xml
----------------- Instantiating /home/travis/build/icyphy/ptII/ptolemy/domains/de/test/auto/ResettableTimer4.xml
1 ms. Memory: 208896K Free: 141404K (68%)
----------------- Invoking toplevel() on ptolemy.moml.MoMLSimpleApplication@14d87136
----------------- Done invoking toplevel() on ptolemy.moml.MoMLSimpleApplication@14d87136
reloadAllAccessors: .ResettableTimer4

===========================================================================================
----------------- testing Sat Dec 28 06:33:02 UTC 2019 /home/travis/build/icyphy/ptII/ptolemy/domains/de/test/auto/ResettableTimer5.xml
----------------- Instantiating /home/travis/build/icyphy/ptII/ptolemy/domains/de/test/auto/ResettableTimer5.xml
1 ms. Memory: 208896K Free: 137308K (66%)
----------------- Invoking toplevel() on ptolemy.moml.MoMLSimpleApplication@38f4bd80
----------------- Done invoking toplevel() on ptolemy.moml.MoMLSimpleApplication@38f4bd80
reloadAllAccessors: .ResettableTimer5

===========================================================================================
----------------- testing Sat Dec 28 06:33:02 UTC 2019 /home/travis/build/icyphy/ptII/ptolemy/domains/de/test/auto/ResettableTimer6.xml
----------------- Instantiating /home/travis/build/icyphy/ptII/ptolemy/domains/de/test/auto/ResettableTimer6.xml
7 ms. Memory: 208896K Free: 132186K (63%)
----------------- Invoking toplevel() on ptolemy.moml.MoMLSimpleApplication@70eda2d5
----------------- Done invoking toplevel() on ptolemy.moml.MoMLSimpleApplication@70eda2d5
reloadAllAccessors: .ResettableTimer6

===========================================================================================
----------------- testing Sat Dec 28 06:33:02 UTC 2019 /home/travis/build/icyphy/ptII/ptolemy/domains/de/test/auto/ServerZeroDelay.xml
----------------- Instantiating /home/travis/build/icyphy/ptII/ptolemy/domains/de/test/auto/ServerZeroDelay.xml
1 ms. Memory: 208896K Free: 128078K (61%)
----------------- Invoking toplevel() on ptolemy.moml.MoMLSimpleApplication@663a44b1
----------------- Done invoking toplevel() on ptolemy.moml.MoMLSimpleApplication@663a44b1
reloadAllAccessors: .ServerZeroDelay

===========================================================================================
----------------- testing Sat Dec 28 06:33:02 UTC 2019 /home/travis/build/icyphy/ptII/ptolemy/domains/de/test/auto/SmartSender.xml
----------------- Instantiating /home/travis/build/icyphy/ptII/ptolemy/domains/de/test/auto/SmartSender.xml
3002 ms. Memory: 208896K Free: 123996K (59%)
----------------- Invoking toplevel() on ptolemy.moml.MoMLSimpleApplication@548d0348
----------------- Done invoking toplevel() on ptolemy.moml.MoMLSimpleApplication@548d0348
reloadAllAccessors: .SmartSender

===========================================================================================
----------------- testing Sat Dec 28 06:33:05 UTC 2019 /home/travis/build/icyphy/ptII/ptolemy/domains/de/test/auto/ThreadedComposite.xml
----------------- Instantiating /home/travis/build/icyphy/ptII/ptolemy/domains/de/test/auto/ThreadedComposite.xml
113 ms. Memory: 208896K Free: 105054K (50%)
----------------- Invoking toplevel() on ptolemy.moml.MoMLSimpleApplication@6f8da5cf
----------------- Done invoking toplevel() on ptolemy.moml.MoMLSimpleApplication@6f8da5cf
reloadAllAccessors: .ThreadedComposite

===========================================================================================
----------------- testing Sat Dec 28 06:33:05 UTC 2019 /home/travis/build/icyphy/ptII/ptolemy/domains/de/test/auto/Time.xml
----------------- Instantiating /home/travis/build/icyphy/ptII/ptolemy/domains/de/test/auto/Time.xml
371 ms. Memory: 208896K Free: 170701K (82%)
----------------- Invoking toplevel() on ptolemy.moml.MoMLSimpleApplication@6d9d3051
----------------- Done invoking toplevel() on ptolemy.moml.MoMLSimpleApplication@6d9d3051
reloadAllAccessors: .Time

===========================================================================================
----------------- testing Sat Dec 28 06:33:05 UTC 2019 /home/travis/build/icyphy/ptII/ptolemy/domains/de/test/auto/TimeDelayZeroDelay.xml
----------------- Instantiating /home/travis/build/icyphy/ptII/ptolemy/domains/de/test/auto/TimeDelayZeroDelay.xml
2 ms. Memory: 208896K Free: 166605K (80%)
----------------- Invoking toplevel() on ptolemy.moml.MoMLSimpleApplication@1c8ec07d
----------------- Done invoking toplevel() on ptolemy.moml.MoMLSimpleApplication@1c8ec07d
reloadAllAccessors: .TimeDelayZeroDelay

===========================================================================================
----------------- testing Sat Dec 28 06:33:05 UTC 2019 /home/travis/build/icyphy/ptII/ptolemy/domains/de/test/auto/TimerZeroDelay.xml
----------------- Instantiating /home/travis/build/icyphy/ptII/ptolemy/domains/de/test/auto/TimerZeroDelay.xml
3 ms. Memory: 208896K Free: 162509K (78%)
----------------- Invoking toplevel() on ptolemy.moml.MoMLSimpleApplication@4e19f2f1
----------------- Done invoking toplevel() on ptolemy.moml.MoMLSimpleApplication@4e19f2f1
reloadAllAccessors: .TimerZeroDelay

===========================================================================================
----------------- testing Sat Dec 28 06:33:06 UTC 2019 /home/travis/build/icyphy/ptII/ptolemy/domains/de/test/auto/TimingParadox.xml
----------------- Instantiating /home/travis/build/icyphy/ptII/ptolemy/domains/de/test/auto/TimingParadox.xml
225 ms. Memory: 208896K Free: 96459K (46%)
----------------- Invoking toplevel() on ptolemy.moml.MoMLSimpleApplication@7816d153
----------------- Done invoking toplevel() on ptolemy.moml.MoMLSimpleApplication@7816d153
reloadAllAccessors: .TimingParadox

===========================================================================================
----------------- testing Sat Dec 28 06:33:06 UTC 2019 /home/travis/build/icyphy/ptII/ptolemy/domains/de/test/auto/TransferInputs.xml
----------------- Instantiating /home/travis/build/icyphy/ptII/ptolemy/domains/de/test/auto/TransferInputs.xml
2 ms. Memory: 208896K Free: 91853K (44%)
----------------- Invoking toplevel() on ptolemy.moml.MoMLSimpleApplication@12010c93
----------------- Done invoking toplevel() on ptolemy.moml.MoMLSimpleApplication@12010c93
reloadAllAccessors: .TransferInputs

===========================================================================================
----------------- testing Sat Dec 28 06:33:06 UTC 2019 /home/travis/build/icyphy/ptII/ptolemy/domains/de/test/auto/TransferOutputs2.xml
----------------- Instantiating /home/travis/build/icyphy/ptII/ptolemy/domains/de/test/auto/TransferOutputs2.xml
3 ms. Memory: 208896K Free: 83661K (40%)
----------------- Invoking toplevel() on ptolemy.moml.MoMLSimpleApplication@31d05707
----------------- Done invoking toplevel() on ptolemy.moml.MoMLSimpleApplication@31d05707
reloadAllAccessors: .TransferOutputs2

===========================================================================================
----------------- testing Sat Dec 28 06:33:06 UTC 2019 /home/travis/build/icyphy/ptII/ptolemy/domains/de/test/auto/Trilateration.xml
----------------- Instantiating /home/travis/build/icyphy/ptII/ptolemy/domains/de/test/auto/Trilateration.xml
10024 ms. Memory: 386048K Free: 164244K (43%)
----------------- Invoking toplevel() on ptolemy.moml.MoMLSimpleApplication@5ff50704
----------------- Done invoking toplevel() on ptolemy.moml.MoMLSimpleApplication@5ff50704
reloadAllAccessors: .Trilateration

===========================================================================================
----------------- testing Sat Dec 28 06:33:17 UTC 2019 /home/travis/build/icyphy/ptII/ptolemy/domains/de/test/auto/TwoSigmaDelta.xml
----------------- Instantiating /home/travis/build/icyphy/ptII/ptolemy/domains/de/test/auto/TwoSigmaDelta.xml
1716 ms. Memory: 386048K Free: 189145K (49%)
----------------- Invoking toplevel() on ptolemy.moml.MoMLSimpleApplication@7d178b74
----------------- Done invoking toplevel() on ptolemy.moml.MoMLSimpleApplication@7d178b74
reloadAllAccessors: .TwoSigmaDelta

===========================================================================================
----------------- testing Sat Dec 28 06:33:18 UTC 2019 /home/travis/build/icyphy/ptII/ptolemy/domains/de/test/auto/VariableDelay.xml
----------------- Instantiating /home/travis/build/icyphy/ptII/ptolemy/domains/de/test/auto/VariableDelay.xml
1 ms. Memory: 386048K Free: 184298K (48%)
----------------- Invoking toplevel() on ptolemy.moml.MoMLSimpleApplication@62f141c9
----------------- Done invoking toplevel() on ptolemy.moml.MoMLSimpleApplication@62f141c9
reloadAllAccessors: .VariableDelay

===========================================================================================
----------------- testing Sat Dec 28 06:33:18 UTC 2019 /home/travis/build/icyphy/ptII/ptolemy/domains/de/test/auto/VariableDelay2.xml
----------------- Instantiating /home/travis/build/icyphy/ptII/ptolemy/domains/de/test/auto/VariableDelay2.xml
1 ms. Memory: 386048K Free: 179706K (47%)
----------------- Invoking toplevel() on ptolemy.moml.MoMLSimpleApplication@7768b8b0
----------------- Done invoking toplevel() on ptolemy.moml.MoMLSimpleApplication@7768b8b0
reloadAllAccessors: .VariableDelay2

===========================================================================================
----------------- testing Sat Dec 28 06:33:18 UTC 2019 /home/travis/build/icyphy/ptII/ptolemy/domains/de/test/auto/VariableDelayZeroDelay.xml
----------------- Instantiating /home/travis/build/icyphy/ptII/ptolemy/domains/de/test/auto/VariableDelayZeroDelay.xml
2 ms. Memory: 386048K Free: 175610K (45%)
----------------- Invoking toplevel() on ptolemy.moml.MoMLSimpleApplication@3052c3f9
----------------- Done invoking toplevel() on ptolemy.moml.MoMLSimpleApplication@3052c3f9
reloadAllAccessors: .VariableDelayZeroDelay

===========================================================================================
----------------- testing Sat Dec 28 06:33:18 UTC 2019 /home/travis/build/icyphy/ptII/ptolemy/domains/de/test/auto/VariableDelayZeroDelay2.xml
----------------- Instantiating /home/travis/build/icyphy/ptII/ptolemy/domains/de/test/auto/VariableDelayZeroDelay2.xml
2 ms. Memory: 386048K Free: 171514K (44%)
----------------- Invoking toplevel() on ptolemy.moml.MoMLSimpleApplication@7c6555e4
----------------- Done invoking toplevel() on ptolemy.moml.MoMLSimpleApplication@7c6555e4
reloadAllAccessors: .VariableDelayZeroDelay2

===========================================================================================
----------------- testing Sat Dec 28 06:33:18 UTC 2019 /home/travis/build/icyphy/ptII/ptolemy/domains/de/test/auto/deInCt.xml
----------------- Instantiating /home/travis/build/icyphy/ptII/ptolemy/domains/de/test/auto/deInCt.xml
0
1
1
1
0
0
0
1
1
1
0
0
0
0
0
0
1
1
0
0
1
1
1
0
0
0
0
0
1
1
1
0
0
0
0
0
4 ms. Memory: 386048K Free: 166394K (43%)
----------------- Invoking toplevel() on ptolemy.moml.MoMLSimpleApplication@29b75d07
----------------- Done invoking toplevel() on ptolemy.moml.MoMLSimpleApplication@29b75d07
reloadAllAccessors: .deInCt

===========================================================================================
----------------- testing Sat Dec 28 06:33:18 UTC 2019 /home/travis/build/icyphy/ptII/ptolemy/domains/de/test/auto/deInCt2.xml
----------------- Instantiating /home/travis/build/icyphy/ptII/ptolemy/domains/de/test/auto/deInCt2.xml
0
1
1
1
0
0
1
1
1
0
0
1
1
1
0
0
1
1
1
0
0
1
1
1
0
0
1
1
1
0
0
1
1
1
0
0
1
1
1
0
0
0
9 ms. Memory: 386048K Free: 161274K (42%)
----------------- Invoking toplevel() on ptolemy.moml.MoMLSimpleApplication@62beb0dd
----------------- Done invoking toplevel() on ptolemy.moml.MoMLSimpleApplication@62beb0dd
reloadAllAccessors: .deInCt2

===========================================================================================
----------------- testing Sat Dec 28 06:33:18 UTC 2019 /home/travis/build/icyphy/ptII/ptolemy/domains/de/test/auto/dynamicCausalityInterface1.xml
----------------- Instantiating /home/travis/build/icyphy/ptII/ptolemy/domains/de/test/auto/dynamicCausalityInterface1.xml
1 ms. Memory: 386048K Free: 152058K (39%)
----------------- Invoking toplevel() on ptolemy.moml.MoMLSimpleApplication@2f0afa36
----------------- Done invoking toplevel() on ptolemy.moml.MoMLSimpleApplication@2f0afa36
reloadAllAccessors: .dynamicCausalityInterface1

===========================================================================================
----------------- testing Sat Dec 28 06:33:18 UTC 2019 /home/travis/build/icyphy/ptII/ptolemy/domains/de/test/auto/fsm_de_test.xml
----------------- Instantiating /home/travis/build/icyphy/ptII/ptolemy/domains/de/test/auto/fsm_de_test.xml
5 ms. Memory: 386048K Free: 142842K (37%)
----------------- Invoking toplevel() on ptolemy.moml.MoMLSimpleApplication@628508c0
----------------- Done invoking toplevel() on ptolemy.moml.MoMLSimpleApplication@628508c0
reloadAllAccessors: .fsm_de_test

===========================================================================================
----------------- testing Sat Dec 28 06:33:18 UTC 2019 /home/travis/build/icyphy/ptII/ptolemy/domains/de/test/auto/functionDependencyReconstruction.xml
----------------- Instantiating /home/travis/build/icyphy/ptII/ptolemy/domains/de/test/auto/functionDependencyReconstruction.xml
16 ms. Memory: 386048K Free: 356559K (92%)
----------------- Invoking toplevel() on ptolemy.moml.MoMLSimpleApplication@f323dd2
----------------- Done invoking toplevel() on ptolemy.moml.MoMLSimpleApplication@f323dd2
reloadAllAccessors: .functionDependencyReconstruction

===========================================================================================
----------------- testing Sat Dec 28 06:33:18 UTC 2019 /home/travis/build/icyphy/ptII/ptolemy/domains/de/test/auto/multirate.xml
----------------- Instantiating /home/travis/build/icyphy/ptII/ptolemy/domains/de/test/auto/multirate.xml
2 ms. Memory: 386048K Free: 349161K (90%)
----------------- Invoking toplevel() on ptolemy.moml.MoMLSimpleApplication@627c74db
----------------- Done invoking toplevel() on ptolemy.moml.MoMLSimpleApplication@627c74db
reloadAllAccessors: .multirate

===========================================================================================
----------------- testing Sat Dec 28 06:33:18 UTC 2019 /home/travis/build/icyphy/ptII/ptolemy/domains/de/test/auto/multirate2.xml
----------------- Instantiating /home/travis/build/icyphy/ptII/ptolemy/domains/de/test/auto/multirate2.xml
2 ms. Memory: 386048K Free: 342521K (89%)
----------------- Invoking toplevel() on ptolemy.moml.MoMLSimpleApplication@161055d7
----------------- Done invoking toplevel() on ptolemy.moml.MoMLSimpleApplication@161055d7
reloadAllAccessors: .multirate2

===========================================================================================
----------------- testing Sat Dec 28 06:33:19 UTC 2019 /home/travis/build/icyphy/ptII/ptolemy/domains/de/test/auto/realtime.xml
----------------- Instantiating /home/travis/build/icyphy/ptII/ptolemy/domains/de/test/auto/realtime.xml
10001 ms. Memory: 386048K Free: 337911K (88%)
----------------- Invoking toplevel() on ptolemy.moml.MoMLSimpleApplication@63cc07dc
----------------- Done invoking toplevel() on ptolemy.moml.MoMLSimpleApplication@63cc07dc
reloadAllAccessors: .realtime

===========================================================================================
----------------- testing Sat Dec 28 06:33:29 UTC 2019 /home/travis/build/icyphy/ptII/ptolemy/domains/de/test/auto/relationGroup.xml
----------------- Instantiating /home/travis/build/icyphy/ptII/ptolemy/domains/de/test/auto/relationGroup.xml
2 ms. Memory: 386048K Free: 334329K (87%)
----------------- Invoking toplevel() on ptolemy.moml.MoMLSimpleApplication@172f5e50
----------------- Done invoking toplevel() on ptolemy.moml.MoMLSimpleApplication@172f5e50
reloadAllAccessors: .relationGroup

===========================================================================================
----------------- testing Sat Dec 28 06:33:29 UTC 2019 /home/travis/build/icyphy/ptII/ptolemy/domains/de/test/auto/relationGroup2.xml
----------------- Instantiating /home/travis/build/icyphy/ptII/ptolemy/domains/de/test/auto/relationGroup2.xml
1 ms. Memory: 386048K Free: 330743K (86%)
----------------- Invoking toplevel() on ptolemy.moml.MoMLSimpleApplication@54c1995d
----------------- Done invoking toplevel() on ptolemy.moml.MoMLSimpleApplication@54c1995d
reloadAllAccessors: .relationGroup2

===========================================================================================
----------------- testing Sat Dec 28 06:33:29 UTC 2019 /home/travis/build/icyphy/ptII/ptolemy/domains/de/test/auto/sortWithOpaquePorts.xml
----------------- Instantiating /home/travis/build/icyphy/ptII/ptolemy/domains/de/test/auto/sortWithOpaquePorts.xml
1 ms. Memory: 386048K Free: 326137K (84%)
----------------- Invoking toplevel() on ptolemy.moml.MoMLSimpleApplication@7e6e1b5b
----------------- Done invoking toplevel() on ptolemy.moml.MoMLSimpleApplication@7e6e1b5b
reloadAllAccessors: .sortWithOpaquePorts

===========================================================================================
----------------- testing Sat Dec 28 06:33:29 UTC 2019 /home/travis/build/icyphy/ptII/ptolemy/domains/de/test/auto/transferInputsandOutputs.xml
----------------- Instantiating /home/travis/build/icyphy/ptII/ptolemy/domains/de/test/auto/transferInputsandOutputs.xml
2 ms. Memory: 386048K Free: 318969K (83%)
----------------- Invoking toplevel() on ptolemy.moml.MoMLSimpleApplication@85ea481
----------------- Done invoking toplevel() on ptolemy.moml.MoMLSimpleApplication@85ea481
reloadAllAccessors: .transferInputsandOutputs

===========================================================================================
----------------- testing Sat Dec 28 06:33:29 UTC 2019 /home/travis/build/icyphy/ptII/ptolemy/domains/de/test/auto/triggerType.xml
----------------- Instantiating /home/travis/build/icyphy/ptII/ptolemy/domains/de/test/auto/triggerType.xml
1 ms. Memory: 386048K Free: 314873K (82%)
----------------- Invoking toplevel() on ptolemy.moml.MoMLSimpleApplication@58e49dbb
----------------- Done invoking toplevel() on ptolemy.moml.MoMLSimpleApplication@58e49dbb
reloadAllAccessors: .triggerType
AutoTests.java: About to close Vertx.
AutoTests.java: Vertx closed.
]]></system-out>
  <system-err><![CDATA[java.lang.RuntimeException: Execution failed
	at ptolemy.moml.MoMLSimpleApplication$UnloadThread.run(MoMLSimpleApplication.java:402)
Caused by: ptolemy.kernel.util.IllegalActionException: Found a zero delay loop containing .dependencyLoop.original
  in .dependencyLoop and .dependencyLoop.original
	at ptolemy.actor.util.CausalityInterfaceForComposites._computeOutputPortDepth(CausalityInterfaceForComposites.java:759)
	at ptolemy.actor.util.CausalityInterfaceForComposites._computeInputDepth(CausalityInterfaceForComposites.java:696)
	at ptolemy.actor.util.CausalityInterfaceForComposites._computeOutputPortDepth(CausalityInterfaceForComposites.java:765)
	at ptolemy.actor.util.CausalityInterfaceForComposites._computeInputDepth(CausalityInterfaceForComposites.java:696)
	at ptolemy.actor.util.CausalityInterfaceForComposites._computeOutputPortDepth(CausalityInterfaceForComposites.java:765)
	at ptolemy.actor.util.CausalityInterfaceForComposites._computeInputDepth(CausalityInterfaceForComposites.java:696)
	at ptolemy.actor.util.CausalityInterfaceForComposites._computeActorDepth(CausalityInterfaceForComposites.java:532)
	at ptolemy.actor.util.CausalityInterfaceForComposites.checkForCycles(CausalityInterfaceForComposites.java:96)
	at ptolemy.domains.de.kernel.DEDirector.preinitialize(DEDirector.java:1338)
	at ptolemy.actor.CompositeActor.preinitialize(CompositeActor.java:1828)
	at ptolemy.actor.Manager.preinitializeAndResolveTypes(Manager.java:1040)
	at ptolemy.actor.Manager.initialize(Manager.java:710)
	at ptolemy.actor.Manager.execute(Manager.java:356)
	at ptolemy.actor.Manager.run(Manager.java:1263)
	at ptolemy.actor.Manager$PtolemyRunThread.run(Manager.java:1933)
java.lang.RuntimeException: Execution failed
	at ptolemy.moml.MoMLSimpleApplication$UnloadThread.run(MoMLSimpleApplication.java:402)
Caused by: ptolemy.kernel.util.IllegalActionException: Found a zero delay loop containing .dependencyLoop2.original
  in .dependencyLoop2 and .dependencyLoop2.original
	at ptolemy.actor.util.CausalityInterfaceForComposites._computeOutputPortDepth(CausalityInterfaceForComposites.java:759)
	at ptolemy.actor.util.CausalityInterfaceForComposites._computeInputDepth(CausalityInterfaceForComposites.java:696)
	at ptolemy.actor.util.CausalityInterfaceForComposites._computeOutputPortDepth(CausalityInterfaceForComposites.java:765)
	at ptolemy.actor.util.CausalityInterfaceForComposites._computeInputDepth(CausalityInterfaceForComposites.java:696)
	at ptolemy.actor.util.CausalityInterfaceForComposites._computeOutputPortDepth(CausalityInterfaceForComposites.java:765)
	at ptolemy.actor.util.CausalityInterfaceForComposites._computeInputDepth(CausalityInterfaceForComposites.java:696)
	at ptolemy.actor.util.CausalityInterfaceForComposites._computeActorDepth(CausalityInterfaceForComposites.java:532)
	at ptolemy.actor.util.CausalityInterfaceForComposites.checkForCycles(CausalityInterfaceForComposites.java:96)
	at ptolemy.domains.de.kernel.DEDirector.preinitialize(DEDirector.java:1338)
	at ptolemy.actor.CompositeActor.preinitialize(CompositeActor.java:1828)
	at ptolemy.actor.Manager.preinitializeAndResolveTypes(Manager.java:1040)
	at ptolemy.actor.Manager.initialize(Manager.java:710)
	at ptolemy.actor.Manager.execute(Manager.java:356)
	at ptolemy.actor.Manager.run(Manager.java:1263)
	at ptolemy.actor.Manager$PtolemyRunThread.run(Manager.java:1933)
java.lang.RuntimeException: Execution failed
	at ptolemy.moml.MoMLSimpleApplication$UnloadThread.run(MoMLSimpleApplication.java:402)
Caused by: ptolemy.kernel.util.IllegalActionException: Test fails in iteration 1.
Value was: 1.0. Should have been: 2.0
  in .DirectFeedback.Test
	at ptolemy.actor.lib.Test.fire(Test.java:268)
	at ptolemy.domains.de.kernel.DEDirector._fire(DEDirector.java:1949)
	at ptolemy.domains.de.kernel.DEDirector.fire(DEDirector.java:502)
	at ptolemy.actor.CompositeActor.fire(CompositeActor.java:455)
	at ptolemy.actor.Manager.iterate(Manager.java:851)
	at ptolemy.actor.Manager.execute(Manager.java:369)
	at ptolemy.actor.Manager.run(Manager.java:1263)
	at ptolemy.actor.Manager$PtolemyRunThread.run(Manager.java:1933)
java.lang.RuntimeException: Execution failed
	at ptolemy.moml.MoMLSimpleApplication$UnloadThread.run(MoMLSimpleApplication.java:402)
Caused by: ptolemy.kernel.util.IllegalActionException: Found a zero delay loop containing .dependencyLoop.original
  in .dependencyLoop and .dependencyLoop.original
	at ptolemy.actor.util.CausalityInterfaceForComposites._computeOutputPortDepth(CausalityInterfaceForComposites.java:759)
	at ptolemy.actor.util.CausalityInterfaceForComposites._computeInputDepth(CausalityInterfaceForComposites.java:696)
	at ptolemy.actor.util.CausalityInterfaceForComposites._computeOutputPortDepth(CausalityInterfaceForComposites.java:765)
	at ptolemy.actor.util.CausalityInterfaceForComposites._computeInputDepth(CausalityInterfaceForComposites.java:696)
	at ptolemy.actor.util.CausalityInterfaceForComposites._computeOutputPortDepth(CausalityInterfaceForComposites.java:765)
	at ptolemy.actor.util.CausalityInterfaceForComposites._computeInputDepth(CausalityInterfaceForComposites.java:696)
	at ptolemy.actor.util.CausalityInterfaceForComposites._computeActorDepth(CausalityInterfaceForComposites.java:532)
	at ptolemy.actor.util.CausalityInterfaceForComposites.checkForCycles(CausalityInterfaceForComposites.java:96)
	at ptolemy.domains.de.kernel.DEDirector.preinitialize(DEDirector.java:1338)
	at ptolemy.actor.CompositeActor.preinitialize(CompositeActor.java:1828)
	at ptolemy.actor.Manager.preinitializeAndResolveTypes(Manager.java:1040)
	at ptolemy.actor.Manager.initialize(Manager.java:710)
	at ptolemy.actor.Manager.execute(Manager.java:356)
	at ptolemy.actor.Manager.run(Manager.java:1263)
	at ptolemy.actor.Manager$PtolemyRunThread.run(Manager.java:1933)
java.lang.RuntimeException: Execution failed
	at ptolemy.moml.MoMLSimpleApplication$UnloadThread.run(MoMLSimpleApplication.java:402)
Caused by: ptolemy.kernel.util.IllegalActionException: Found a zero delay loop containing .HierarchicalModel.A
  in .HierarchicalModel and .HierarchicalModel.A
	at ptolemy.actor.util.CausalityInterfaceForComposites._computeOutputPortDepth(CausalityInterfaceForComposites.java:759)
	at ptolemy.actor.util.CausalityInterfaceForComposites._computeInputDepth(CausalityInterfaceForComposites.java:696)
	at ptolemy.actor.util.CausalityInterfaceForComposites._computeOutputPortDepth(CausalityInterfaceForComposites.java:765)
	at ptolemy.actor.util.CausalityInterfaceForComposites._computeInputDepth(CausalityInterfaceForComposites.java:696)
	at ptolemy.actor.util.CausalityInterfaceForComposites._computeOutputPortDepth(CausalityInterfaceForComposites.java:765)
	at ptolemy.actor.util.CausalityInterfaceForComposites._computeInputDepth(CausalityInterfaceForComposites.java:696)
	at ptolemy.actor.util.CausalityInterfaceForComposites._computeActorDepth(CausalityInterfaceForComposites.java:532)
	at ptolemy.actor.util.CausalityInterfaceForComposites.checkForCycles(CausalityInterfaceForComposites.java:96)
	at ptolemy.domains.de.kernel.DEDirector.preinitialize(DEDirector.java:1338)
	at ptolemy.actor.CompositeActor.preinitialize(CompositeActor.java:1828)
	at ptolemy.actor.Manager.preinitializeAndResolveTypes(Manager.java:1040)
	at ptolemy.actor.Manager.initialize(Manager.java:710)
	at ptolemy.actor.Manager.execute(Manager.java:356)
	at ptolemy.actor.Manager.run(Manager.java:1263)
	at ptolemy.actor.Manager$PtolemyRunThread.run(Manager.java:1933)
java.lang.RuntimeException: Execution failed
	at ptolemy.moml.MoMLSimpleApplication$UnloadThread.run(MoMLSimpleApplication.java:402)
Caused by: ptolemy.kernel.util.IllegalActionException: Found a zero delay loop containing .dependencyLoop2.original
  in .dependencyLoop2 and .dependencyLoop2.original
	at ptolemy.actor.util.CausalityInterfaceForComposites._computeOutputPortDepth(CausalityInterfaceForComposites.java:759)
	at ptolemy.actor.util.CausalityInterfaceForComposites._computeInputDepth(CausalityInterfaceForComposites.java:696)
	at ptolemy.actor.util.CausalityInterfaceForComposites._computeOutputPortDepth(CausalityInterfaceForComposites.java:765)
	at ptolemy.actor.util.CausalityInterfaceForComposites._computeInputDepth(CausalityInterfaceForComposites.java:696)
	at ptolemy.actor.util.CausalityInterfaceForComposites._computeOutputPortDepth(CausalityInterfaceForComposites.java:765)
	at ptolemy.actor.util.CausalityInterfaceForComposites._computeInputDepth(CausalityInterfaceForComposites.java:696)
	at ptolemy.actor.util.CausalityInterfaceForComposites._computeActorDepth(CausalityInterfaceForComposites.java:532)
	at ptolemy.actor.util.CausalityInterfaceForComposites.checkForCycles(CausalityInterfaceForComposites.java:96)
	at ptolemy.domains.de.kernel.DEDirector.preinitialize(DEDirector.java:1338)
	at ptolemy.actor.CompositeActor.preinitialize(CompositeActor.java:1828)
	at ptolemy.actor.Manager.preinitializeAndResolveTypes(Manager.java:1040)
	at ptolemy.actor.Manager.initialize(Manager.java:710)
	at ptolemy.actor.Manager.execute(Manager.java:356)
	at ptolemy.actor.Manager.run(Manager.java:1263)
	at ptolemy.actor.Manager$PtolemyRunThread.run(Manager.java:1933)
java.lang.RuntimeException: Execution failed
	at ptolemy.moml.MoMLSimpleApplication$UnloadThread.run(MoMLSimpleApplication.java:402)
Caused by: ptolemy.kernel.util.IllegalActionException: Actor is not ready to fire.  Perhaps UpSample.prefire() returned false? Try debugging the actor by selecting "Listen to Actor".  Also, for SDF check moml for tokenConsumptionRate on input.
  in .DESDFClockTest.Play Bell.Copy1:SDF Director and .DESDFClockTest.Play Bell.UpSample
	at ptolemy.actor.sched.StaticSchedulingDirector.fire(StaticSchedulingDirector.java:227)
	at ptolemy.domains.sdf.kernel.SDFDirector.fire(SDFDirector.java:500)
	at ptolemy.actor.CompositeActor.fire(CompositeActor.java:455)
	at ptolemy.domains.de.kernel.DEDirector._fire(DEDirector.java:1949)
	at ptolemy.domains.de.kernel.DEDirector.fire(DEDirector.java:502)
	at ptolemy.actor.CompositeActor.fire(CompositeActor.java:455)
	at ptolemy.actor.Manager.iterate(Manager.java:851)
	at ptolemy.actor.Manager.execute(Manager.java:369)
	at ptolemy.actor.Manager.run(Manager.java:1263)
	at ptolemy.actor.Manager$PtolemyRunThread.run(Manager.java:1933)
java.lang.RuntimeException: Execution failed
	at ptolemy.moml.MoMLSimpleApplication$UnloadThread.run(MoMLSimpleApplication.java:402)
Caused by: ptolemy.kernel.util.IllegalActionException: Actor is not ready to fire.  Perhaps UpSample.prefire() returned false? Try debugging the actor by selecting "Listen to Actor".  Also, for SDF check moml for tokenConsumptionRate on input.
  in .DESDFClockTest.Play Bell.Copy1:SDF Director and .DESDFClockTest.Play Bell.UpSample
	at ptolemy.actor.sched.StaticSchedulingDirector.fire(StaticSchedulingDirector.java:227)
	at ptolemy.domains.sdf.kernel.SDFDirector.fire(SDFDirector.java:500)
	at ptolemy.actor.CompositeActor.fire(CompositeActor.java:455)
	at ptolemy.domains.de.kernel.DEDirector._fire(DEDirector.java:1949)
	at ptolemy.domains.de.kernel.DEDirector.fire(DEDirector.java:502)
	at ptolemy.actor.CompositeActor.fire(CompositeActor.java:455)
	at ptolemy.actor.Manager.iterate(Manager.java:851)
	at ptolemy.actor.Manager.execute(Manager.java:369)
	at ptolemy.actor.Manager.run(Manager.java:1263)
	at ptolemy.actor.Manager$PtolemyRunThread.run(Manager.java:1933)
java.lang.reflect.InvocationTargetException
	at java.base/jdk.internal.reflect.NativeConstructorAccessorImpl.newInstance0(Native Method)
	at java.base/jdk.internal.reflect.NativeConstructorAccessorImpl.newInstance(NativeConstructorAccessorImpl.java:62)
	at java.base/jdk.internal.reflect.DelegatingConstructorAccessorImpl.newInstance(DelegatingConstructorAccessorImpl.java:45)
	at java.base/java.lang.reflect.Constructor.newInstance(Constructor.java:490)
	at ptolemy.util.test.junit.AutoKnownFailedTests.RunModel(AutoKnownFailedTests.java:105)
	at java.base/jdk.internal.reflect.NativeMethodAccessorImpl.invoke0(Native Method)
	at java.base/jdk.internal.reflect.NativeMethodAccessorImpl.invoke(NativeMethodAccessorImpl.java:62)
	at java.base/jdk.internal.reflect.DelegatingMethodAccessorImpl.invoke(DelegatingMethodAccessorImpl.java:43)
	at java.base/java.lang.reflect.Method.invoke(Method.java:566)
	at org.junit.runners.model.FrameworkMethod$1.runReflectiveCall(FrameworkMethod.java:44)
	at org.junit.internal.runners.model.ReflectiveCallable.run(ReflectiveCallable.java:15)
	at org.junit.runners.model.FrameworkMethod.invokeExplosively(FrameworkMethod.java:41)
	at junitparams.internal.InvokeParameterisedMethod.evaluate(InvokeParameterisedMethod.java:102)
	at org.junit.internal.runners.statements.FailOnTimeout$1.run(FailOnTimeout.java:28)
Caused by: ptolemy.kernel.util.IllegalActionException: Actor is not ready to fire.  Perhaps UpSample.prefire() returned false? Try debugging the actor by selecting "Listen to Actor".  Also, for SDF check moml for tokenConsumptionRate on input.
  in .DESDFClockTest.Play Bell.Copy1:SDF Director and .DESDFClockTest.Play Bell.UpSample
	at ptolemy.actor.sched.StaticSchedulingDirector.fire(StaticSchedulingDirector.java:227)
	at ptolemy.domains.sdf.kernel.SDFDirector.fire(SDFDirector.java:500)
	at ptolemy.actor.CompositeActor.fire(CompositeActor.java:455)
	at ptolemy.domains.de.kernel.DEDirector._fire(DEDirector.java:1949)
	at ptolemy.domains.de.kernel.DEDirector.fire(DEDirector.java:502)
	at ptolemy.actor.CompositeActor.fire(CompositeActor.java:455)
	at ptolemy.actor.Manager.iterate(Manager.java:851)
	at ptolemy.actor.Manager.execute(Manager.java:369)
	at ptolemy.actor.Manager.run(Manager.java:1263)
	at ptolemy.actor.Manager$PtolemyRunThread.run(Manager.java:1933)
java.lang.RuntimeException: Execution failed
	at ptolemy.moml.MoMLSimpleApplication$UnloadThread.run(MoMLSimpleApplication.java:402)
Caused by: ptolemy.kernel.util.IllegalActionException: Test fails in iteration 1.
Value was: 1.0. Should have been: 2.0
  in .DirectFeedback.Test
	at ptolemy.actor.lib.Test.fire(Test.java:268)
	at ptolemy.domains.de.kernel.DEDirector._fire(DEDirector.java:1949)
	at ptolemy.domains.de.kernel.DEDirector.fire(DEDirector.java:502)
	at ptolemy.actor.CompositeActor.fire(CompositeActor.java:455)
	at ptolemy.actor.Manager.iterate(Manager.java:851)
	at ptolemy.actor.Manager.execute(Manager.java:369)
	at ptolemy.actor.Manager.run(Manager.java:1263)
	at ptolemy.actor.Manager$PtolemyRunThread.run(Manager.java:1933)
java.lang.reflect.InvocationTargetException
	at java.base/jdk.internal.reflect.NativeConstructorAccessorImpl.newInstance0(Native Method)
	at java.base/jdk.internal.reflect.NativeConstructorAccessorImpl.newInstance(NativeConstructorAccessorImpl.java:62)
	at java.base/jdk.internal.reflect.DelegatingConstructorAccessorImpl.newInstance(DelegatingConstructorAccessorImpl.java:45)
	at java.base/java.lang.reflect.Constructor.newInstance(Constructor.java:490)
	at ptolemy.util.test.junit.AutoKnownFailedTests.RunModel(AutoKnownFailedTests.java:105)
	at java.base/jdk.internal.reflect.NativeMethodAccessorImpl.invoke0(Native Method)
	at java.base/jdk.internal.reflect.NativeMethodAccessorImpl.invoke(NativeMethodAccessorImpl.java:62)
	at java.base/jdk.internal.reflect.DelegatingMethodAccessorImpl.invoke(DelegatingMethodAccessorImpl.java:43)
	at java.base/java.lang.reflect.Method.invoke(Method.java:566)
	at org.junit.runners.model.FrameworkMethod$1.runReflectiveCall(FrameworkMethod.java:44)
	at org.junit.internal.runners.model.ReflectiveCallable.run(ReflectiveCallable.java:15)
	at org.junit.runners.model.FrameworkMethod.invokeExplosively(FrameworkMethod.java:41)
	at junitparams.internal.InvokeParameterisedMethod.evaluate(InvokeParameterisedMethod.java:102)
	at org.junit.internal.runners.statements.FailOnTimeout$1.run(FailOnTimeout.java:28)
Caused by: ptolemy.kernel.util.IllegalActionException: Test fails in iteration 1.
Value was: 1.0. Should have been: 2.0
  in .DirectFeedback.Test
	at ptolemy.actor.lib.Test.fire(Test.java:268)
	at ptolemy.domains.de.kernel.DEDirector._fire(DEDirector.java:1949)
	at ptolemy.domains.de.kernel.DEDirector.fire(DEDirector.java:502)
	at ptolemy.actor.CompositeActor.fire(CompositeActor.java:455)
	at ptolemy.actor.Manager.iterate(Manager.java:851)
	at ptolemy.actor.Manager.execute(Manager.java:369)
	at ptolemy.actor.Manager.run(Manager.java:1263)
	at ptolemy.actor.Manager$PtolemyRunThread.run(Manager.java:1933)
java.lang.RuntimeException: Execution failed
	at ptolemy.moml.MoMLSimpleApplication$UnloadThread.run(MoMLSimpleApplication.java:402)
Caused by: ptolemy.kernel.util.IllegalActionException: Found a zero delay loop containing .HierarchicalModel.A
  in .HierarchicalModel and .HierarchicalModel.A
	at ptolemy.actor.util.CausalityInterfaceForComposites._computeOutputPortDepth(CausalityInterfaceForComposites.java:759)
	at ptolemy.actor.util.CausalityInterfaceForComposites._computeInputDepth(CausalityInterfaceForComposites.java:696)
	at ptolemy.actor.util.CausalityInterfaceForComposites._computeOutputPortDepth(CausalityInterfaceForComposites.java:765)
	at ptolemy.actor.util.CausalityInterfaceForComposites._computeInputDepth(CausalityInterfaceForComposites.java:696)
	at ptolemy.actor.util.CausalityInterfaceForComposites._computeOutputPortDepth(CausalityInterfaceForComposites.java:765)
	at ptolemy.actor.util.CausalityInterfaceForComposites._computeInputDepth(CausalityInterfaceForComposites.java:696)
	at ptolemy.actor.util.CausalityInterfaceForComposites._computeActorDepth(CausalityInterfaceForComposites.java:532)
	at ptolemy.actor.util.CausalityInterfaceForComposites.checkForCycles(CausalityInterfaceForComposites.java:96)
	at ptolemy.domains.de.kernel.DEDirector.preinitialize(DEDirector.java:1338)
	at ptolemy.actor.CompositeActor.preinitialize(CompositeActor.java:1828)
	at ptolemy.actor.Manager.preinitializeAndResolveTypes(Manager.java:1040)
	at ptolemy.actor.Manager.initialize(Manager.java:710)
	at ptolemy.actor.Manager.execute(Manager.java:356)
	at ptolemy.actor.Manager.run(Manager.java:1263)
	at ptolemy.actor.Manager$PtolemyRunThread.run(Manager.java:1933)
java.lang.reflect.InvocationTargetException
	at java.base/jdk.internal.reflect.NativeConstructorAccessorImpl.newInstance0(Native Method)
	at java.base/jdk.internal.reflect.NativeConstructorAccessorImpl.newInstance(NativeConstructorAccessorImpl.java:62)
	at java.base/jdk.internal.reflect.DelegatingConstructorAccessorImpl.newInstance(DelegatingConstructorAccessorImpl.java:45)
	at java.base/java.lang.reflect.Constructor.newInstance(Constructor.java:490)
	at ptolemy.util.test.junit.AutoKnownFailedTests.RunModel(AutoKnownFailedTests.java:105)
	at java.base/jdk.internal.reflect.NativeMethodAccessorImpl.invoke0(Native Method)
	at java.base/jdk.internal.reflect.NativeMethodAccessorImpl.invoke(NativeMethodAccessorImpl.java:62)
	at java.base/jdk.internal.reflect.DelegatingMethodAccessorImpl.invoke(DelegatingMethodAccessorImpl.java:43)
	at java.base/java.lang.reflect.Method.invoke(Method.java:566)
	at org.junit.runners.model.FrameworkMethod$1.runReflectiveCall(FrameworkMethod.java:44)
	at org.junit.internal.runners.model.ReflectiveCallable.run(ReflectiveCallable.java:15)
	at org.junit.runners.model.FrameworkMethod.invokeExplosively(FrameworkMethod.java:41)
	at junitparams.internal.InvokeParameterisedMethod.evaluate(InvokeParameterisedMethod.java:102)
	at org.junit.internal.runners.statements.FailOnTimeout$1.run(FailOnTimeout.java:28)
Caused by: ptolemy.kernel.util.IllegalActionException: Found a zero delay loop containing .HierarchicalModel.A
  in .HierarchicalModel and .HierarchicalModel.A
	at ptolemy.actor.util.CausalityInterfaceForComposites._computeOutputPortDepth(CausalityInterfaceForComposites.java:759)
	at ptolemy.actor.util.CausalityInterfaceForComposites._computeInputDepth(CausalityInterfaceForComposites.java:696)
	at ptolemy.actor.util.CausalityInterfaceForComposites._computeOutputPortDepth(CausalityInterfaceForComposites.java:765)
	at ptolemy.actor.util.CausalityInterfaceForComposites._computeInputDepth(CausalityInterfaceForComposites.java:696)
	at ptolemy.actor.util.CausalityInterfaceForComposites._computeOutputPortDepth(CausalityInterfaceForComposites.java:765)
	at ptolemy.actor.util.CausalityInterfaceForComposites._computeInputDepth(CausalityInterfaceForComposites.java:696)
	at ptolemy.actor.util.CausalityInterfaceForComposites._computeActorDepth(CausalityInterfaceForComposites.java:532)
	at ptolemy.actor.util.CausalityInterfaceForComposites.checkForCycles(CausalityInterfaceForComposites.java:96)
	at ptolemy.domains.de.kernel.DEDirector.preinitialize(DEDirector.java:1338)
	at ptolemy.actor.CompositeActor.preinitialize(CompositeActor.java:1828)
	at ptolemy.actor.Manager.preinitializeAndResolveTypes(Manager.java:1040)
	at ptolemy.actor.Manager.initialize(Manager.java:710)
	at ptolemy.actor.Manager.execute(Manager.java:356)
	at ptolemy.actor.Manager.run(Manager.java:1263)
	at ptolemy.actor.Manager$PtolemyRunThread.run(Manager.java:1933)
java.lang.RuntimeException: Execution failed
	at ptolemy.moml.MoMLSimpleApplication$UnloadThread.run(MoMLSimpleApplication.java:402)
Caused by: ptolemy.kernel.util.IllegalActionException: Found a zero delay loop containing .dependencyLoop.original
  in .dependencyLoop and .dependencyLoop.original
	at ptolemy.actor.util.CausalityInterfaceForComposites._computeOutputPortDepth(CausalityInterfaceForComposites.java:759)
	at ptolemy.actor.util.CausalityInterfaceForComposites._computeInputDepth(CausalityInterfaceForComposites.java:696)
	at ptolemy.actor.util.CausalityInterfaceForComposites._computeOutputPortDepth(CausalityInterfaceForComposites.java:765)
	at ptolemy.actor.util.CausalityInterfaceForComposites._computeInputDepth(CausalityInterfaceForComposites.java:696)
	at ptolemy.actor.util.CausalityInterfaceForComposites._computeOutputPortDepth(CausalityInterfaceForComposites.java:765)
	at ptolemy.actor.util.CausalityInterfaceForComposites._computeInputDepth(CausalityInterfaceForComposites.java:696)
	at ptolemy.actor.util.CausalityInterfaceForComposites._computeActorDepth(CausalityInterfaceForComposites.java:532)
	at ptolemy.actor.util.CausalityInterfaceForComposites.checkForCycles(CausalityInterfaceForComposites.java:96)
	at ptolemy.domains.de.kernel.DEDirector.preinitialize(DEDirector.java:1338)
	at ptolemy.actor.CompositeActor.preinitialize(CompositeActor.java:1828)
	at ptolemy.actor.Manager.preinitializeAndResolveTypes(Manager.java:1040)
	at ptolemy.actor.Manager.initialize(Manager.java:710)
	at ptolemy.actor.Manager.execute(Manager.java:356)
	at ptolemy.actor.Manager.run(Manager.java:1263)
	at ptolemy.actor.Manager$PtolemyRunThread.run(Manager.java:1933)
java.lang.reflect.InvocationTargetException
	at java.base/jdk.internal.reflect.NativeConstructorAccessorImpl.newInstance0(Native Method)
	at java.base/jdk.internal.reflect.NativeConstructorAccessorImpl.newInstance(NativeConstructorAccessorImpl.java:62)
	at java.base/jdk.internal.reflect.DelegatingConstructorAccessorImpl.newInstance(DelegatingConstructorAccessorImpl.java:45)
	at java.base/java.lang.reflect.Constructor.newInstance(Constructor.java:490)
	at ptolemy.util.test.junit.AutoKnownFailedTests.RunModel(AutoKnownFailedTests.java:105)
	at java.base/jdk.internal.reflect.NativeMethodAccessorImpl.invoke0(Native Method)
	at java.base/jdk.internal.reflect.NativeMethodAccessorImpl.invoke(NativeMethodAccessorImpl.java:62)
	at java.base/jdk.internal.reflect.DelegatingMethodAccessorImpl.invoke(DelegatingMethodAccessorImpl.java:43)
	at java.base/java.lang.reflect.Method.invoke(Method.java:566)
	at org.junit.runners.model.FrameworkMethod$1.runReflectiveCall(FrameworkMethod.java:44)
	at org.junit.internal.runners.model.ReflectiveCallable.run(ReflectiveCallable.java:15)
	at org.junit.runners.model.FrameworkMethod.invokeExplosively(FrameworkMethod.java:41)
	at junitparams.internal.InvokeParameterisedMethod.evaluate(InvokeParameterisedMethod.java:102)
	at org.junit.internal.runners.statements.FailOnTimeout$1.run(FailOnTimeout.java:28)
Caused by: ptolemy.kernel.util.IllegalActionException: Found a zero delay loop containing .dependencyLoop.original
  in .dependencyLoop and .dependencyLoop.original
	at ptolemy.actor.util.CausalityInterfaceForComposites._computeOutputPortDepth(CausalityInterfaceForComposites.java:759)
	at ptolemy.actor.util.CausalityInterfaceForComposites._computeInputDepth(CausalityInterfaceForComposites.java:696)
	at ptolemy.actor.util.CausalityInterfaceForComposites._computeOutputPortDepth(CausalityInterfaceForComposites.java:765)
	at ptolemy.actor.util.CausalityInterfaceForComposites._computeInputDepth(CausalityInterfaceForComposites.java:696)
	at ptolemy.actor.util.CausalityInterfaceForComposites._computeOutputPortDepth(CausalityInterfaceForComposites.java:765)
	at ptolemy.actor.util.CausalityInterfaceForComposites._computeInputDepth(CausalityInterfaceForComposites.java:696)
	at ptolemy.actor.util.CausalityInterfaceForComposites._computeActorDepth(CausalityInterfaceForComposites.java:532)
	at ptolemy.actor.util.CausalityInterfaceForComposites.checkForCycles(CausalityInterfaceForComposites.java:96)
	at ptolemy.domains.de.kernel.DEDirector.preinitialize(DEDirector.java:1338)
	at ptolemy.actor.CompositeActor.preinitialize(CompositeActor.java:1828)
	at ptolemy.actor.Manager.preinitializeAndResolveTypes(Manager.java:1040)
	at ptolemy.actor.Manager.initialize(Manager.java:710)
	at ptolemy.actor.Manager.execute(Manager.java:356)
	at ptolemy.actor.Manager.run(Manager.java:1263)
	at ptolemy.actor.Manager$PtolemyRunThread.run(Manager.java:1933)
java.lang.RuntimeException: Execution failed
	at ptolemy.moml.MoMLSimpleApplication$UnloadThread.run(MoMLSimpleApplication.java:402)
Caused by: ptolemy.kernel.util.IllegalActionException: Found a zero delay loop containing .dependencyLoop2.original
  in .dependencyLoop2 and .dependencyLoop2.original
	at ptolemy.actor.util.CausalityInterfaceForComposites._computeOutputPortDepth(CausalityInterfaceForComposites.java:759)
	at ptolemy.actor.util.CausalityInterfaceForComposites._computeInputDepth(CausalityInterfaceForComposites.java:696)
	at ptolemy.actor.util.CausalityInterfaceForComposites._computeOutputPortDepth(CausalityInterfaceForComposites.java:765)
	at ptolemy.actor.util.CausalityInterfaceForComposites._computeInputDepth(CausalityInterfaceForComposites.java:696)
	at ptolemy.actor.util.CausalityInterfaceForComposites._computeOutputPortDepth(CausalityInterfaceForComposites.java:765)
	at ptolemy.actor.util.CausalityInterfaceForComposites._computeInputDepth(CausalityInterfaceForComposites.java:696)
	at ptolemy.actor.util.CausalityInterfaceForComposites._computeActorDepth(CausalityInterfaceForComposites.java:532)
	at ptolemy.actor.util.CausalityInterfaceForComposites.checkForCycles(CausalityInterfaceForComposites.java:96)
	at ptolemy.domains.de.kernel.DEDirector.preinitialize(DEDirector.java:1338)
	at ptolemy.actor.CompositeActor.preinitialize(CompositeActor.java:1828)
	at ptolemy.actor.Manager.preinitializeAndResolveTypes(Manager.java:1040)
	at ptolemy.actor.Manager.initialize(Manager.java:710)
	at ptolemy.actor.Manager.execute(Manager.java:356)
	at ptolemy.actor.Manager.run(Manager.java:1263)
	at ptolemy.actor.Manager$PtolemyRunThread.run(Manager.java:1933)
java.lang.reflect.InvocationTargetException
	at java.base/jdk.internal.reflect.NativeConstructorAccessorImpl.newInstance0(Native Method)
	at java.base/jdk.internal.reflect.NativeConstructorAccessorImpl.newInstance(NativeConstructorAccessorImpl.java:62)
	at java.base/jdk.internal.reflect.DelegatingConstructorAccessorImpl.newInstance(DelegatingConstructorAccessorImpl.java:45)
	at java.base/java.lang.reflect.Constructor.newInstance(Constructor.java:490)
	at ptolemy.util.test.junit.AutoKnownFailedTests.RunModel(AutoKnownFailedTests.java:105)
	at java.base/jdk.internal.reflect.NativeMethodAccessorImpl.invoke0(Native Method)
	at java.base/jdk.internal.reflect.NativeMethodAccessorImpl.invoke(NativeMethodAccessorImpl.java:62)
	at java.base/jdk.internal.reflect.DelegatingMethodAccessorImpl.invoke(DelegatingMethodAccessorImpl.java:43)
	at java.base/java.lang.reflect.Method.invoke(Method.java:566)
	at org.junit.runners.model.FrameworkMethod$1.runReflectiveCall(FrameworkMethod.java:44)
	at org.junit.internal.runners.model.ReflectiveCallable.run(ReflectiveCallable.java:15)
	at org.junit.runners.model.FrameworkMethod.invokeExplosively(FrameworkMethod.java:41)
	at junitparams.internal.InvokeParameterisedMethod.evaluate(InvokeParameterisedMethod.java:102)
	at org.junit.internal.runners.statements.FailOnTimeout$1.run(FailOnTimeout.java:28)
Caused by: ptolemy.kernel.util.IllegalActionException: Found a zero delay loop containing .dependencyLoop2.original
  in .dependencyLoop2 and .dependencyLoop2.original
	at ptolemy.actor.util.CausalityInterfaceForComposites._computeOutputPortDepth(CausalityInterfaceForComposites.java:759)
	at ptolemy.actor.util.CausalityInterfaceForComposites._computeInputDepth(CausalityInterfaceForComposites.java:696)
	at ptolemy.actor.util.CausalityInterfaceForComposites._computeOutputPortDepth(CausalityInterfaceForComposites.java:765)
	at ptolemy.actor.util.CausalityInterfaceForComposites._computeInputDepth(CausalityInterfaceForComposites.java:696)
	at ptolemy.actor.util.CausalityInterfaceForComposites._computeOutputPortDepth(CausalityInterfaceForComposites.java:765)
	at ptolemy.actor.util.CausalityInterfaceForComposites._computeInputDepth(CausalityInterfaceForComposites.java:696)
	at ptolemy.actor.util.CausalityInterfaceForComposites._computeActorDepth(CausalityInterfaceForComposites.java:532)
	at ptolemy.actor.util.CausalityInterfaceForComposites.checkForCycles(CausalityInterfaceForComposites.java:96)
	at ptolemy.domains.de.kernel.DEDirector.preinitialize(DEDirector.java:1338)
	at ptolemy.actor.CompositeActor.preinitialize(CompositeActor.java:1828)
	at ptolemy.actor.Manager.preinitializeAndResolveTypes(Manager.java:1040)
	at ptolemy.actor.Manager.initialize(Manager.java:710)
	at ptolemy.actor.Manager.execute(Manager.java:356)
	at ptolemy.actor.Manager.run(Manager.java:1263)
	at ptolemy.actor.Manager$PtolemyRunThread.run(Manager.java:1933)
]]></system-err>
</testsuite>
