<?xml version="1.0" encoding="UTF-8" ?>
<testsuite errors="0" failures="0" hostname="travis-job-98f00233-6dfd-4dcd-b043-716e420cf29e" name="ptolemy.actor.lib.test.junit.JUnitTclTest" skipped="0" tests="517" time="59.021" timestamp="2018-09-25T02:12:42">
  <properties>
    <property name="npm.executable" value="npm" />
    <property name="file.encoding.pkg" value="sun.io" />
    <property name="env.TRAVIS_ROOT" value="/" />
    <property name="ptII.mk.exists" value="true" />
    <property name="env.TRAVIS_APP_HOST" value="build.travis-ci.org" />
    <property name="env.rvm_bin_path" value="/home/travis/.rvm/bin" />
    <property name="java.home" value="/usr/lib/jvm/java-8-oracle/jre" />
    <property name="env.TRAVIS_JOB_NUMBER" value="742.8" />
    <property name="env.TRAVIS_HOME" value="/home/travis" />
    <property name="env.DISPLAY" value=":99.0" />
    <property name="java.net.preferIPv4Stack" value="true" />
    <property name="env.TRAVIS_INIT" value="upstart" />
    <property name="env.SSH_TTY" value="/dev/pts/0" />
    <property name="env.RUN_TESTS" value="false" />
    <property name="timeout.short" value="1000000" />
    <property name="env.TRAVIS_STACK_NODE_ATTRIBUTES" value="/.node-attributes.yml" />
    <property name="junit.formatter" value="xml" />
    <property name="java.endorsed.dirs" value="/usr/lib/jvm/java-8-oracle/jre/lib/endorsed" />
    <property name="env.TRAVIS_SUDO" value="true" />
    <property name="env.LOGNAME" value="travis" />
    <property name="env.PT_TRAVIS_TEST_CORE1_XML" value="true" />
    <property name="jsdoc.home" value="node_modules/@terraswarm/jsdoc" />
    <property name="debuglevel" value="source,lines,vars" />
    <property name="checkstyle.formatter" value="xml" />
    <property name="bin.vergil.makeable" value="true" />
    <property name="env._system_version" value="14.04" />
    <property name="sun.os.patch.level" value="unknown" />
    <property name="java.vendor.url" value="http://java.oracle.com/" />
    <property name="java.version" value="1.8.0_151" />
    <property name="env.TZ" value="UTC" />
    <property name="env.PT_NO_NET" value="true" />
    <property name="env.TRAVIS_PULL_REQUEST_SHA" value="" />
    <property name="env.TRAVIS_SECURE_ENV_VARS" value="true" />
    <property name="env._system_type" value="Linux" />
    <property name="java.vendor.url.bug" value="http://bugreport.sun.com/bugreport/" />
    <property name="env.SSH_CLIENT" value="10.10.16.29 57148 22" />
    <property name="npmjs-org-is-up" value="true" />
    <property name="env.GEM_HOME" value="/home/travis/.rvm/gems/ruby-2.4.1" />
    <property name="env.HAS_ANTARES_THREE_LITTLE_FRONZIES_BADGE" value="true" />
    <property name="env.PS4" value="+" />
    <property name="ant.project.invoked-targets" value="build,test.core1.xml" />
    <property name="env.TRAVIS_PULL_REQUEST_BRANCH" value="" />
    <property name="env.TRAVIS_REPO_SLUG" value="icyphy/ptII" />
    <property name="node.in.path" value="true" />
    <property name="java.maxmemory" value="1400m" />
    <property name="env.RUBY_VERSION" value="ruby-2.4.1" />
    <property name="user.name" value="travis" />
    <property name="env.LANG" value="en_US.UTF-8" />
    <property name="sun.io.unicode.encoding" value="UnicodeLittle" />
    <property name="sun.jnu.encoding" value="UTF-8" />
    <property name="java.runtime.name" value="Java(TM) SE Runtime Environment" />
    <property name="usefile" value="false" />
    <property name="return.code" value="0" />
    <property name="junit.single.formatter" value="plain" />
    <property name="env.DYLD_LIBRARY_PATH" value="/home/travis/pthla/certi-tools/lib:" />
    <property name="env.DEBIAN_FRONTEND" value="noninteractive" />
    <property name="env.SSH_CONNECTION" value="10.10.16.29 57148 10.20.0.204 22" />
    <property name="env.MYSQL_UNIX_PORT" value="/var/run/mysqld/mysqld.sock" />
    <property name="env.TRAVIS_ALLOW_FAILURE" value="false" />
    <property name="env.LC_ALL" value="en_US.UTF-8" />
    <property name="java.specification.name" value="Java Platform API Specification" />
    <property name="node.works" value="true" />
    <property name="user.timezone" value="" />
    <property name="path.separator" value=":" />
    <property name="env.TRAVIS_ENABLE_INFRA_DETECTION" value="true" />
    <property name="env.PYTHON_CFLAGS" value="-g -fstack-protector --param=ssp-buffer-size=4 -Wformat -Werror=format-security" />
    <property name="timeout.long" value="4000000" />
    <property name="env.CERTI_HOME" value="/home/travis/pthla/certi-tools" />
    <property name="file.encoding" value="UTF-8" />
    <property name="ant.file.ptII" value="/home/travis/build/icyphy/ptII/build.xml" />
    <property name="javadoc.packagenames" value="com.*,diva.*,lbnl.*,org.hlacerti.*,org.json.*,org.ptolemy.*,org.terraswarm.*,ptolemy.*,ptserver.*" />
    <property name="env.TRAVIS_PULL_REQUEST_SLUG" value="" />
    <property name="ant.project.default-target" value="build" />
    <property name="env.GIT_ASKPASS" value="echo" />
    <property name="env.HOME" value="/home/travis" />
    <property name="sun.java.command" value="org.apache.tools.ant.taskdefs.optional.junit.JUnitTestRunner ptolemy.actor.lib.test.junit.JUnitTclTest skipNonTests=false filtertrace=true haltOnError=false haltOnFailure=false formatter=org.apache.tools.ant.taskdefs.optional.junit.OutErrSummaryJUnitResultFormatter showoutput=true outputtoformatters=true logfailedtests=true threadid=0 logtestlistenerevents=false formatter=org.apache.tools.ant.taskdefs.optional.junit.XMLJUnitResultFormatter,/home/travis/build/icyphy/ptII/reports/junit/TEST-ptolemy.actor.lib.test.junit.JUnitTclTest.xml crashfile=/home/travis/build/icyphy/ptII/junitvmwatcher3752423903546982844.properties propsfile=/home/travis/build/icyphy/ptII/junit5036127639563869047.properties" />
    <property name="env.MANPATH" value="/home/travis/.nvm/versions/node/v7.10.1/share/man:/home/travis/.kiex/elixirs/elixir-1.4.5/man:/home/travis/.rvm/rubies/ruby-2.4.1/share/man:/usr/local/man:/usr/local/cmake-3.9.2/man:/usr/local/clang-5.0.0/share/man:/usr/local/share/man:/usr/share/man:/home/travis/.rvm/man" />
    <property name="env.COMPOSER_NO_INTERACTION" value="1" />
    <property name="env.JDK_SWITCHER_DEFAULT" value="oraclejdk8" />
    <property name="env.TRAVIS_TIMER_ID" value="0586d0df" />
    <property name="ant.file" value="/home/travis/build/icyphy/ptII/build.xml" />
    <property name="env.TRAVIS_COMMIT_RANGE" value="174d25ae00a8222af5053fded25af12a98e456d7...1249563af6184b9dca3f37daf1208c27ba2ef8f6" />
    <property name="env._system_name" value="Ubuntu" />
    <property name="timeout" value="2400000" />
    <property name="ptII.classpath.optional.property" value="/home/travis/build/icyphy/ptII/lib/bsh-2.0b4.jar:/home/travis/build/icyphy/ptII/lib/ptCal.jar:/home/travis/build/icyphy/ptII/lib/java_cup.jar:/home/travis/build/icyphy/ptII/lib/saxon8.jar:/home/travis/build/icyphy/ptII/lib/saxon8-dom.jar:/home/travis/build/icyphy/ptII/lib/chic.jar:/home/travis/build/icyphy/ptII/lib/ptcolt.jar:/usr/lib/jvm/java-8-oracle/lib/tools.jar:/usr/lib/eclipse/plugins/org.eclipse.jdt.core_3.8.2.dist.jar:/usr/lib/eclipse/plugins/org.eclipse.core.runtime_3.8.0.dist.jar:/usr/lib/eclipse/plugins/org.eclipse.osgi_3.8.1.dist.jar:/usr/lib/eclipse/plugins/org.eclipse.core.resources_3.8.1.dist.jar:/usr/lib/eclipse/plugins/org.eclipse.equinox.common_3.6.100.dist.jar:/usr/lib/eclipse/plugins/org.eclipse.core.jobs_3.5.200.dist.jar:/usr/lib/eclipse/plugins/org.eclipse.core.contenttype_3.4.200.dist.jar:/usr/lib/eclipse/plugins/org.eclipse.equinox.preferences_3.5.0.dist.jar:/usr/lib/eclipse/plugins/org.eclipse.text_3.5.200.dist.jar:/usr/lib/eclipse/plugins/org.eclipse.ui.workbench_3.8.1.dist.jar:/usr/lib/eclipse/plugins/org.eclipse.jface_3.8.0.dist.jar:/usr/lib/eclipse/plugins/org.eclipse.swt_3.8.2.jar:/usr/lib/eclipse/plugins/org.eclipse.jface.text_3.8.1.dist.jar:/usr/lib/eclipse/plugins/org.eclipse.ui.workbench.texteditor_3.8.0.dist.jar:/usr/lib/eclipse/plugins/org.eclipse.ui.editors_3.8.0.dist.jar:/usr/lib/eclipse/plugins/org.eclipse.core.commands_3.6.1.dist.jar:/usr/lib/eclipse/plugins/org.eclipse.equinox.registry_3.5.200.dist.jar:/usr/lib/eclipse/plugins/org.eclipse.ui.console_3.5.100.dist.jar:/usr/lib/eclipse/plugins/org.eclipse.ui.forms_3.5.200.dist.jar:/usr/lib/eclipse/plugins/org.eclipse.ui.ide_3.8.1.dist.jar:/home/travis/build/icyphy/ptII/vendors/oracle/dbxml.jar:/home/travis/build/icyphy/ptII/vendors/oracle/db.jar:/home/travis/build/icyphy/ptII/vendors/misc/itext/iText.jar:/home/travis/build/icyphy/ptII/lib/g4ltl.jar:/home/travis/build/icyphy/ptII/lib/StructuralCoder.jar:/home/travis/build/icyphy/ptII/lib/org-openide-util.jar:/home/travis/build/icyphy/ptII/lib/org-openide-util-lookup.jar:/home/travis/build/icyphy/ptII/lib/org-netbeans-api-visual.jar:/home/travis/build/icyphy/ptII/vendors/jai-1_1_2_01/lib/jai_core.jar:/home/travis/build/icyphy/ptII/vendors/jai-1_1_2_01/lib/jai_codec.jar:/home/travis/build/icyphy/ptII/lib/jcerti.jar:/home/travis/build/icyphy/ptII/lib/smack.jar:/home/travis/build/icyphy/ptII/lib/smackx.jar:/home/travis/build/icyphy/ptII/lib/jetty-all-8.1.5-v20120716.jar:/home/travis/build/icyphy/ptII/lib/javax.servlet-api-3.0.1.jar:/home/travis/build/icyphy/ptII/lib/javax.mail.jar:/home/travis/build/icyphy/ptII/vendors/JMF-2.1.1e/lib/jmf.jar:/home/travis/build/icyphy/ptII/lib/jna-4.0.0-variadic.jar:/home/travis/build/icyphy/ptII/vendors/misc/joystick/Joystick.jar:/home/travis/build/icyphy/ptII/lib/ptjacl.jar:/home/travis/build/icyphy/ptII/lib/jsoup-1.8.2.jar:/home/travis/build/icyphy/ptII/lib/junit-4.8.2.jar:/home/travis/build/icyphy/ptII/lib/JUnitParams-0.4.0.jar:/home/travis/build/icyphy/ptII/ptolemy/actor/lib/excel/jxl.jar:/home/travis/build/icyphy/ptII/lib/jython.jar:/home/travis/build/icyphy/ptII/lib/kieler.jar:/home/travis/build/icyphy/ptII/vendors/opencv/share/OpenCV/java/opencv-341.jar:/home/travis/build/icyphy/ptII/lib/oscP5.jar:/home/travis/build/icyphy/ptII/lib/nrjavaserial-3.11.0.devel.jar:/home/travis/build/icyphy/ptII/vendors/j3d/lib/j3dcore.jar:/home/travis/build/icyphy/ptII/vendors/j3d/lib/j3dutils.jar:/home/travis/build/icyphy/ptII/vendors/j3d/lib/vecmath.jar:/home/travis/build/icyphy/ptII/ptolemy/distributed/jini/jar/jini-core.jar:/home/travis/build/icyphy/ptII/ptolemy/distributed/jini/jar/jini-ext.jar:/home/travis/build/icyphy/ptII/ptolemy/distributed/jini/jar/sun-util.jar:/home/travis/build/icyphy/ptII/lib/protobuf-java-2.4.1.jar:/home/travis/build/icyphy/ptII/lib/org.eclipse.paho.client.mqttv3.jar:/home/travis/build/icyphy/ptII/ptserver/lib/hessian-4.0.7.jar:/home/travis/build/icyphy/ptII/ptserver/lib/wmqtt.jar:/home/travis/build/icyphy/ptII/lib/mapss.jar:/home/travis/build/icyphy/ptII/ptolemy/actor/ptalon/antlr/antlr.jar:/home/travis/build/icyphy/ptII/lib/JRI.jar:/home/travis/build/icyphy/ptII/lib/commons-lang-2.6.jar:/home/travis/build/icyphy/ptII/lib/commons-logging-1.1.1.jar:/home/travis/build/icyphy/ptII/lib/sootclasses.jar:/home/travis/build/icyphy/ptII/ptolemy/actor/lib/database/mysql-connector-java-5.1.6-bin.jar:/home/travis/build/icyphy/ptII/vendors/misc/sphinx4/sphinx4-data-5prealpha.jar:/home/travis/build/icyphy/ptII/vendors/misc/sphinx4/sphinx4-core-5prealpha.jar:/home/travis/build/icyphy/ptII/lib/PDFRenderer.jar:/home/travis/build/icyphy/ptII/lib/svgSalamander.jar:/home/travis/build/icyphy/ptII/lib/rsyntaxtextarea-2.6.0-SNAPSHOT.jar:/home/travis/build/icyphy/ptII/lib/hazelcast-3.8.2.jar:/home/travis/build/icyphy/ptII/lib/jackson-annotations-2.9.0.jar:/home/travis/build/icyphy/ptII/lib/jackson-core-2.9.3.jar:/home/travis/build/icyphy/ptII/lib/jackson-databind-2.9.3.jar:/home/travis/build/icyphy/ptII/lib/netty-buffer-4.1.19.Final.jar:/home/travis/build/icyphy/ptII/lib/netty-codec-4.1.19.Final.jar:/home/travis/build/icyphy/ptII/lib/netty-codec-dns-4.1.19.Final.jar:/home/travis/build/icyphy/ptII/lib/netty-codec-http-4.1.19.Final.jar:/home/travis/build/icyphy/ptII/lib/netty-codec-http2-4.1.19.Final.jar:/home/travis/build/icyphy/ptII/lib/netty-common-4.1.19.Final.jar:/home/travis/build/icyphy/ptII/lib/netty-handler-4.1.19.Final.jar:/home/travis/build/icyphy/ptII/lib/netty-resolver-4.1.19.Final.jar:/home/travis/build/icyphy/ptII/lib/netty-resolver-dns-4.1.19.Final.jar:/home/travis/build/icyphy/ptII/lib/netty-transport-4.1.19.Final.jar:/home/travis/build/icyphy/ptII/lib/vertx-codegen-3.5.1.jar:/home/travis/build/icyphy/ptII/lib/vertx-core-3.5.2-SNAPSHOT.jar:/home/travis/build/icyphy/ptII/lib/vertx-hazelcast-3.5.1.jar:/home/travis/build/icyphy/ptII/lib/vertx-lang-js-3.5.1.jar:/home/travis/build/icyphy/ptII/lib/vertx-service-proxy-3.5.1.jar:/home/travis/build/icyphy/ptII/lib/vertx-web-3.5.1.jar:/home/travis/build/icyphy/ptII/lib/slf4j-api-1.7.13.jar:/home/travis/build/icyphy/ptII/lib/slf4j-simple-1.7.13.jar:/home/travis/build/icyphy/ptII/lib/webcam-capture-0.3.12.jar:/home/travis/build/icyphy/ptII/lib/bridj-0.7.0.jar:/home/travis/build/icyphy/ptII/lib/xbjlib-1.1.0.nrjavaserial.jar" />
    <property name="test.batch" value="**/junit/*.java" />
    <property name="env._" value="/usr/bin/timeout" />
    <property name="java.io.tmpdir" value="/tmp" />
    <property name="env.TRAVIS_INTERNAL_RUBY_REGEX" value="^ruby-(2\.[0-2]\.[0-9]|1\.9\.3)" />
    <property name="user.language" value="en" />
    <property name="env.HISTCONTROL" value="ignoredups:ignorespace" />
    <property name="env.GOROOT" value="/home/travis/.gimme/versions/go1.7.4.linux.amd64" />
    <property name="line.separator" value="&#xa;" />
    <property name="target" value="1.8" />
    <property name="env.TRAVIS_BUILD_DIR" value="/home/travis/build/icyphy/ptII" />
    <property name="env.ANT_OPTS" value="-Xmx2048m" />
    <property name="ant.file.type" value="file" />
    <property name="ptolemy.ptII.batchMode" value="true" />
    <property name="env.HISTSIZE" value="1000" />
    <property name="env.MERB_ENV" value="test" />
    <property name="java.vm.info" value="mixed mode" />
    <property name="source" value="1.8" />
    <property name="java.vm.specification.name" value="Java Virtual Machine Specification" />
    <property name="env.TRAVIS_TEST_RESULT" value="0" />
    <property name="jsdoc.command" value="node_modules/@terraswarm/jsdoc/jsdoc.js" />
    <property name="npm.works" value="true" />
    <property name="cobertura.dir" value="/home/travis/build/icyphy/ptII/vendors/cobertura-2.0.3" />
    <property name="env.rvm_path" value="/home/travis/.rvm" />
    <property name="env.GEM_PATH" value="/home/travis/.rvm/gems/ruby-2.4.1:/home/travis/.rvm/gems/ruby-2.4.1@global" />
    <property name="env.LC_CTYPE" value="en_US.UTF-8" />
    <property name="java.awt.printerjob" value="sun.print.PSPrinterJob" />
    <property name="env.TRAVIS_CMD" value="$PTII/bin/ptIITravisBuild.sh $SECONDS" />
    <property name="env.TRAVIS_STACK_NAME" value="garnet" />
    <property name="env.TRAVIS_TIMER_START_TIME" value="1537841191604093549" />
    <property name="ant.version" value="Apache Ant(TM) version 1.10.1 compiled on February 2 2017" />
    <property name="ptII.reports" value="/home/travis/build/icyphy/ptII/reports" />
    <property name="env.TRAVIS_STACK_TIMESTAMP" value="2017-12-05 19:33:09 UTC" />
    <property name="ant.file.type.ptII" value="file" />
    <property name="env.RBENV_SHELL" value="bash" />
    <property name="os.name" value="Linux" />
    <property name="java.specification.vendor" value="Oracle Corporation" />
    <property name="env.rvm_version" value="1.29.3 (latest)" />
    <property name="env.TRAVIS_INFRA" value="gce" />
    <property name="env.TERM" value="xterm" />
    <property name="java.vm.name" value="Java HotSpot(TM) 64-Bit Server VM" />
    <property name="env.TRAVIS_BUILD_NUMBER" value="742" />
    <property name="env.CI" value="true" />
    <property name="java.library.path" value="/home/travis/pthla/certi-tools/lib:/usr/lib/jni:/usr/local/share/OpenCV/java/:/usr/share/OpenCV/java::/usr/java/packages/lib/amd64:/usr/lib64:/lib64:/lib:/usr/lib" />
    <property name="env.rvm_prefix" value="/home/travis" />
    <property name="env.PATH" value="/home/travis/pthla/certi-tools/share/scripts:/home/travis/.rvm/gems/ruby-2.4.1/bin:/home/travis/.rvm/gems/ruby-2.4.1@global/bin:/home/travis/.rvm/rubies/ruby-2.4.1/bin:/home/travis/.rvm/bin:/home/travis/.nvm/versions/node/v7.10.1/bin:./node_modules/.bin:/home/travis/build/icyphy/ptII/bin:/home/travis/pthla/certi-tools/bin:/home/travis/bin:/home/travis/.local/bin:/opt/pyenv/shims:/home/travis/.phpenv/shims:/home/travis/perl5/perlbrew/bin:/home/travis/.kiex/elixirs/elixir-1.4.5/bin:/home/travis/.kiex/bin:/home/travis/gopath/bin:/home/travis/.gimme/versions/go1.7.4.linux.amd64/bin:/usr/local/phantomjs/bin:/usr/local/phantomjs:/usr/local/neo4j-3.2.7/bin:/usr/local/maven-3.5.2/bin:/usr/local/cmake-3.9.2/bin:/usr/local/clang-5.0.0/bin:/usr/local/sbin:/usr/local/bin:/usr/sbin:/usr/bin:/sbin:/bin:/home/travis/.phpenv/bin:/opt/pyenv/bin:/home/travis/.yarn/bin" />
    <property name="env.TRAVIS_OS_NAME" value="linux" />
    <property name="ant.java.version" value="1.8" />
    <property name="basedir" value="/home/travis/build/icyphy/ptII" />
    <property name="java.class.version" value="52.0" />
    <property name="env.SHLVL" value="3" />
    <property name="env.LD_LIBRARY_PATH" value="/home/travis/pthla/certi-tools/lib:/usr/lib/jni:/usr/local/share/OpenCV/java/:/usr/share/OpenCV/java:" />
    <property name="env.RACK_ENV" value="test" />
    <property name="ant.home" value="/home/travis/build/icyphy/ptII/ant" />
    <property name="env.NVM_DIR" value="/home/travis/.nvm" />
    <property name="env.PERLBREW_BASHRC_VERSION" value="0.80" />
    <property name="env.CERTI_FOM_PATH" value="/home/travis/pthla/certi-tools/share/federations" />
    <property name="env.TRAVIS_BUILD_ID" value="432750821" />
    <property name="env.PYENV_ROOT" value="/opt/pyenv" />
    <property name="env.TRAVIS_UID" value="2000" />
    <property name="env.rvm_pretty_print_flag" value="auto" />
    <property name="env.NVM_BIN" value="/home/travis/.nvm/versions/node/v7.10.1/bin" />
    <property name="env.TRAVIS_COMMIT" value="1249563af6184b9dca3f37daf1208c27ba2ef8f6" />
    <property name="env._system_arch" value="x86_64" />
    <property name="node.executable" value="node" />
    <property name="sun.boot.library.path" value="/usr/lib/jvm/java-8-oracle/jre/lib/amd64" />
    <property name="sun.management.compiler" value="HotSpot 64-Bit Tiered Compilers" />
    <property name="env.GOPATH" value="/home/travis/gopath" />
    <property name="java.awt.graphicsenv" value="sun.awt.X11GraphicsEnvironment" />
    <property name="ptolemy.ptII.dir" value="/home/travis/build/icyphy/ptII" />
    <property name="env.USER" value="travis" />
    <property name="env.HISTFILESIZE" value="2000" />
    <property name="timeout.longest" value="19000000" />
    <property name="env.TRAVIS_STACK_FEATURES" value="basic cassandra chromium couchdb disabled-ipv6 docker docker-compose elasticsearch firefox go-toolchain google-chrome jdk memcached mongodb mysql neo4j nodejs_interpreter perl_interpreter perlbrew phantomjs postgresql python_interpreter rabbitmq redis riak ruby_interpreter sqlite xserver" />
    <property name="env.TRAVIS_PULL_REQUEST" value="false" />
    <property name="env.PYENV_SHELL" value="bash" />
    <property name="ant.project.name" value="ptII" />
    <property name="env.ANSI_RESET" value="\033[0m" />
    <property name="java.vm.specification.version" value="1.8" />
    <property name="env.TRAVIS_DIST" value="trusty" />
    <property name="env.CERTI_VERSION" value="4.0.0" />
    <property name="env.NLSPATH" value="/usr/dt/lib/nls/msg/%L/%N.cat" />
    <property name="env.CERTI_HOST" value="localhost" />
    <property name="awt.toolkit" value="sun.awt.X11.XToolkit" />
    <property name="env.MY_RUBY_HOME" value="/home/travis/.rvm/rubies/ruby-2.4.1" />
    <property name="sun.cpu.isalist" value="" />
    <property name="env.TRAVIS_TMPDIR" value="/tmp/tmp.O6Yp2sKKnq" />
    <property name="java.ext.dirs" value="/usr/lib/jvm/java-8-oracle/jre/lib/ext:/usr/java/packages/lib/ext" />
    <property name="os.version" value="4.4.0-101-generic" />
    <property name="user.home" value="/home/travis" />
    <property name="env.MIX_ARCHIVES" value="/home/travis/.kiex/mix/elixir-1.4.5" />
    <property name="java.vm.vendor" value="Oracle Corporation" />
    <property name="env.TRAVIS_TAG" value="nightly" />
    <property name="env.ANSI_YELLOW" value="\033[33;1m" />
    <property name="env.TRAVIS_FILTERED" value="redirect_io" />
    <property name="env.ANSI_GREEN" value="\033[32;1m" />
    <property name="env.PTII" value="/home/travis/build/icyphy/ptII" />
    <property name="env.JAVA_HOME" value="/usr/lib/jvm/java-8-oracle" />
    <property name="javadoc.excludepackagenames" value="adm.cvs2svn.*,build.*,config.*,doc.coding.templates.*,jni.test.jni.meaningOfLife.*,jni.test.jni.testDeux.*,jni.test.jni.testTrois.*,org.terraswarm.accessor.accessors.web.node_modules.*,org.terraswarm.accessor.accessors.web.hosts.cordova.demo.*,org.terraswarm.accessor.accessors.web.hosts.cordova.plugins.*,org.terraswarm.accessor.accessors-svn.*,pt-modules.*,ptolemy.apps.agilent.*,ptolemy.apps.anytimecontrol.*,ptolemy.apps.apes.*,ptolemy.apps.charon.*,ptolemy.apps.crazyboard.*,ptolemy.apps.eclipse.*,ptolemy.apps.etherealSting.*,ptolemy.apps.fullscreen.*,ptolemy.apps.giotto.*,ptolemy.apps.ia.*,ptolemy.apps.interfaces.*,ptolemy.apps.jmf.*,ptolemy.apps.kurt.*,ptolemy.apps.kvm.*,ptolemy.apps.lego.*,ptolemy.apps.lejos.*,ptolemy.apps.midp.*,ptolemy.apps.mobileCoding.*,ptolemy.apps.pendulum.*,ptolemy.apps.rijndael.*,ptolemy.apps.robot.*,ptolemy.apps.security.*,ptolemy.apps.sobel.*,ptolemy.apps.soot.*,ptolemy.apps.throttle.*,ptolemy.apps.tini.*,ptolemy.apps.transmission.*,ptolemy.apps.vergil.*,ptolemy.apps.waba.*,ptolemy.apps.websensor.*,ptolemy.apps.webstart.*,ptolemy.apps.xsl.*,ptolemy.apps.zaurus.*,ptolemy.backtrack.eclipse.plugin.*,ptolemy.backtrack.test.*,ptolemy.codegen.c.actor.lib.oldJavaFiles.*,ptolemy.codegen.dsp.lib.*,ptolemy.codegen.kernel.newInterfaces.*,ptolemy.codegen.lib.*,ptolemy.copernicus.kernel.fragment.*,ptolemy.copernicus.shallow.cg.*,ptolemy.domains.giotto.demo.Hierarchy.Hierarchy.*,ptolemy.domains.giotto.demo.Multimode.Multimode.*,ptolemy.domains.giotto.demo.Simple.Simple.*,ptolemy.domains.gr.lib.experimental.*,ptolemy.domains.gro.*,ptolemy.domains.pdf.*,ptolemy.domains.ptinyos.demo.Surge.output.*,ptolemy.moml.test.NoPackageActor.java*,ptolemy.plot.adm.*,ptolemy.plot.servlet.*,reports.*,signed.*,src.*,target.*,vendors.*,ptolemy.cg.adapter.generic.program.procedural.c.mbed*,ptolemy.actor.lib.fmi.fmus.omc*,ptolemy.domains.openmodelica*,ptdb.kernel.bl.save.test.*,ptdb.kernel.bl.load.test.*,ptdb.kernel.bl.search.test.*,ptdb.kernel.bl.migration.test.*,ptdb.kernel.database.test.*,ptdb.test.*,ptdb.gui.test.*,org.ptolemy.scala.*,diva.util.java2d.svg.*,ptolemy.domains.ptinyos.*,ptolemy.actor.lib.fmi.fmipp.*,,org.terraswarm.accessor.accessors.web.node_modules.*,org.terraswarm.accessor.accessors-svn,ptolemy.apps.*,ptolemy.actor.ptalon.demo.ptinyos.SendAndReceiveCnt.output,ptolemy.actor.ptalon.demo.ptinyos.SenseToLeds.output,ptolemy.domains.ptinyos.demo.CntToLedsAndRfm.output,ptolemy.domains.ptinyos.demo.RfmToLeds.output,ptolemy.domains.ptinyos.demo.SendAndReceiveCnt.output,ptolemy.domains.ptinyos.demo.SenseToLeds.output,ptolemy.actor.lib.jjs.modules.udpSocket.*" />
    <property name="env.TRAVIS_COMMIT_MESSAGE" value="UPdates to seating chart" />
    <property name="keystore" value="ptKeystore" />
    <property name="env.XDG_SESSION_ID" value="2" />
    <property name="junit.output.dir" value="/home/travis/build/icyphy/ptII/reports/junit" />
    <property name="npm.return.code" value="0" />
    <property name="user.dir" value="/home/travis/build/icyphy/ptII/ptolemy/actor/lib/test" />
    <property name="env.TRAVIS_NODE_VERSION" value="7" />
    <property name="env.XFILESEARCHPATH" value="/usr/dt/app-defaults/%L/Dt" />
    <property name="env.TRAVIS_EVENT_TYPE" value="cron" />
    <property name="env.MAIL" value="/var/mail/travis" />
    <property name="env.PWD" value="/home/travis/build/icyphy/ptII" />
    <property name="env.PERLBREW_ROOT" value="/home/travis/perl5/perlbrew" />
    <property name="timeout.npm" value="45000" />
    <property name="env.TRAVIS_ARCH" value="amd64" />
    <property name="env.PAGER" value="cat" />
    <property name="sun.cpu.endian" value="little" />
    <property name="env.TRAVIS_BUILD_STAGE_NAME" value="Test" />
    <property name="env.PERLBREW_HOME" value="/home/travis/.perlbrew" />
    <property name="java.vm.version" value="25.151-b12" />
    <property name="env.RAILS_ENV" value="test" />
    <property name="java.class.path" value="/home/travis/.ptolemyII:/home/travis/.ptolemyII/*:/home/travis/build/icyphy/ptII:/home/travis/build/icyphy/ptII/lib/bsh-2.0b4.jar:/home/travis/build/icyphy/ptII/lib/ptCal.jar:/home/travis/build/icyphy/ptII/lib/java_cup.jar:/home/travis/build/icyphy/ptII/lib/saxon8.jar:/home/travis/build/icyphy/ptII/lib/saxon8-dom.jar:/home/travis/build/icyphy/ptII/lib/chic.jar:/home/travis/build/icyphy/ptII/lib/ptcolt.jar:/usr/lib/jvm/java-8-oracle/lib/tools.jar:/usr/lib/eclipse/plugins/org.eclipse.jdt.core_3.8.2.dist.jar:/usr/lib/eclipse/plugins/org.eclipse.core.runtime_3.8.0.dist.jar:/usr/lib/eclipse/plugins/org.eclipse.osgi_3.8.1.dist.jar:/usr/lib/eclipse/plugins/org.eclipse.core.resources_3.8.1.dist.jar:/usr/lib/eclipse/plugins/org.eclipse.equinox.common_3.6.100.dist.jar:/usr/lib/eclipse/plugins/org.eclipse.core.jobs_3.5.200.dist.jar:/usr/lib/eclipse/plugins/org.eclipse.core.contenttype_3.4.200.dist.jar:/usr/lib/eclipse/plugins/org.eclipse.equinox.preferences_3.5.0.dist.jar:/usr/lib/eclipse/plugins/org.eclipse.text_3.5.200.dist.jar:/usr/lib/eclipse/plugins/org.eclipse.ui.workbench_3.8.1.dist.jar:/usr/lib/eclipse/plugins/org.eclipse.jface_3.8.0.dist.jar:/usr/lib/eclipse/plugins/org.eclipse.swt_3.8.2.jar:/usr/lib/eclipse/plugins/org.eclipse.jface.text_3.8.1.dist.jar:/usr/lib/eclipse/plugins/org.eclipse.ui.workbench.texteditor_3.8.0.dist.jar:/usr/lib/eclipse/plugins/org.eclipse.ui.editors_3.8.0.dist.jar:/usr/lib/eclipse/plugins/org.eclipse.core.commands_3.6.1.dist.jar:/usr/lib/eclipse/plugins/org.eclipse.equinox.registry_3.5.200.dist.jar:/usr/lib/eclipse/plugins/org.eclipse.ui.console_3.5.100.dist.jar:/usr/lib/eclipse/plugins/org.eclipse.ui.forms_3.5.200.dist.jar:/usr/lib/eclipse/plugins/org.eclipse.ui.ide_3.8.1.dist.jar:/home/travis/build/icyphy/ptII/vendors/oracle/dbxml.jar:/home/travis/build/icyphy/ptII/vendors/oracle/db.jar:/home/travis/build/icyphy/ptII/vendors/misc/itext/iText.jar:/home/travis/build/icyphy/ptII/lib/g4ltl.jar:/home/travis/build/icyphy/ptII/lib/StructuralCoder.jar:/home/travis/build/icyphy/ptII/lib/org-openide-util.jar:/home/travis/build/icyphy/ptII/lib/org-openide-util-lookup.jar:/home/travis/build/icyphy/ptII/lib/org-netbeans-api-visual.jar:/home/travis/build/icyphy/ptII/vendors/jai-1_1_2_01/lib/jai_core.jar:/home/travis/build/icyphy/ptII/vendors/jai-1_1_2_01/lib/jai_codec.jar:/home/travis/build/icyphy/ptII/lib/jcerti.jar:/home/travis/build/icyphy/ptII/lib/smack.jar:/home/travis/build/icyphy/ptII/lib/smackx.jar:/home/travis/build/icyphy/ptII/lib/jetty-all-8.1.5-v20120716.jar:/home/travis/build/icyphy/ptII/lib/javax.servlet-api-3.0.1.jar:/home/travis/build/icyphy/ptII/lib/javax.mail.jar:/home/travis/build/icyphy/ptII/vendors/JMF-2.1.1e/lib/jmf.jar:/home/travis/build/icyphy/ptII/lib/jna-4.0.0-variadic.jar:/home/travis/build/icyphy/ptII/vendors/misc/joystick/Joystick.jar:/home/travis/build/icyphy/ptII/lib/ptjacl.jar:/home/travis/build/icyphy/ptII/lib/jsoup-1.8.2.jar:/home/travis/build/icyphy/ptII/lib/junit-4.8.2.jar:/home/travis/build/icyphy/ptII/lib/JUnitParams-0.4.0.jar:/home/travis/build/icyphy/ptII/ptolemy/actor/lib/excel/jxl.jar:/home/travis/build/icyphy/ptII/lib/jython.jar:/home/travis/build/icyphy/ptII/lib/kieler.jar:/home/travis/build/icyphy/ptII/vendors/opencv/share/OpenCV/java/opencv-341.jar:/home/travis/build/icyphy/ptII/lib/oscP5.jar:/home/travis/build/icyphy/ptII/lib/nrjavaserial-3.11.0.devel.jar:/home/travis/build/icyphy/ptII/vendors/j3d/lib/j3dcore.jar:/home/travis/build/icyphy/ptII/vendors/j3d/lib/j3dutils.jar:/home/travis/build/icyphy/ptII/vendors/j3d/lib/vecmath.jar:/home/travis/build/icyphy/ptII/ptolemy/distributed/jini/jar/jini-core.jar:/home/travis/build/icyphy/ptII/ptolemy/distributed/jini/jar/jini-ext.jar:/home/travis/build/icyphy/ptII/ptolemy/distributed/jini/jar/sun-util.jar:/home/travis/build/icyphy/ptII/lib/protobuf-java-2.4.1.jar:/home/travis/build/icyphy/ptII/lib/org.eclipse.paho.client.mqttv3.jar:/home/travis/build/icyphy/ptII/ptserver/lib/hessian-4.0.7.jar:/home/travis/build/icyphy/ptII/ptserver/lib/wmqtt.jar:/home/travis/build/icyphy/ptII/lib/mapss.jar:/home/travis/build/icyphy/ptII/ptolemy/actor/ptalon/antlr/antlr.jar:/home/travis/build/icyphy/ptII/lib/JRI.jar:/home/travis/build/icyphy/ptII/lib/commons-lang-2.6.jar:/home/travis/build/icyphy/ptII/lib/commons-logging-1.1.1.jar:/home/travis/build/icyphy/ptII/lib/sootclasses.jar:/home/travis/build/icyphy/ptII/ptolemy/actor/lib/database/mysql-connector-java-5.1.6-bin.jar:/home/travis/build/icyphy/ptII/vendors/misc/sphinx4/sphinx4-data-5prealpha.jar:/home/travis/build/icyphy/ptII/vendors/misc/sphinx4/sphinx4-core-5prealpha.jar:/home/travis/build/icyphy/ptII/lib/PDFRenderer.jar:/home/travis/build/icyphy/ptII/lib/svgSalamander.jar:/home/travis/build/icyphy/ptII/lib/rsyntaxtextarea-2.6.0-SNAPSHOT.jar:/home/travis/build/icyphy/ptII/lib/hazelcast-3.8.2.jar:/home/travis/build/icyphy/ptII/lib/jackson-annotations-2.9.0.jar:/home/travis/build/icyphy/ptII/lib/jackson-core-2.9.3.jar:/home/travis/build/icyphy/ptII/lib/jackson-databind-2.9.3.jar:/home/travis/build/icyphy/ptII/lib/netty-buffer-4.1.19.Final.jar:/home/travis/build/icyphy/ptII/lib/netty-codec-4.1.19.Final.jar:/home/travis/build/icyphy/ptII/lib/netty-codec-dns-4.1.19.Final.jar:/home/travis/build/icyphy/ptII/lib/netty-codec-http-4.1.19.Final.jar:/home/travis/build/icyphy/ptII/lib/netty-codec-http2-4.1.19.Final.jar:/home/travis/build/icyphy/ptII/lib/netty-common-4.1.19.Final.jar:/home/travis/build/icyphy/ptII/lib/netty-handler-4.1.19.Final.jar:/home/travis/build/icyphy/ptII/lib/netty-resolver-4.1.19.Final.jar:/home/travis/build/icyphy/ptII/lib/netty-resolver-dns-4.1.19.Final.jar:/home/travis/build/icyphy/ptII/lib/netty-transport-4.1.19.Final.jar:/home/travis/build/icyphy/ptII/lib/vertx-codegen-3.5.1.jar:/home/travis/build/icyphy/ptII/lib/vertx-core-3.5.2-SNAPSHOT.jar:/home/travis/build/icyphy/ptII/lib/vertx-hazelcast-3.5.1.jar:/home/travis/build/icyphy/ptII/lib/vertx-lang-js-3.5.1.jar:/home/travis/build/icyphy/ptII/lib/vertx-service-proxy-3.5.1.jar:/home/travis/build/icyphy/ptII/lib/vertx-web-3.5.1.jar:/home/travis/build/icyphy/ptII/lib/slf4j-api-1.7.13.jar:/home/travis/build/icyphy/ptII/lib/slf4j-simple-1.7.13.jar:/home/travis/build/icyphy/ptII/lib/webcam-capture-0.3.12.jar:/home/travis/build/icyphy/ptII/lib/bridj-0.7.0.jar:/home/travis/build/icyphy/ptII/lib/xbjlib-1.1.0.nrjavaserial.jar:/home/travis/build/icyphy/ptII/ptolemy/moml/test:/home/travis/build/icyphy/ptII/ant/lib/ant-launcher.jar:/home/travis/build/icyphy/ptII/ant/lib/ant.jar:/home/travis/build/icyphy/ptII/ant/lib/ant-junit.jar:/home/travis/build/icyphy/ptII/ant/lib/ant-junit4.jar" />
    <property name="ant.library.dir" value="/home/travis/build/icyphy/ptII/ant/lib" />
    <property name="os.arch" value="amd64" />
    <property name="env.TRAVIS_LANGUAGE" value="node_js" />
    <property name="env.CONTINUOUS_INTEGRATION" value="true" />
    <property name="env.TRAVIS_STACK_LANGUAGES" value="__garnet__ c c++ clojure cplusplus cpp default go groovy java node_js php pure_java python ruby scala" />
    <property name="test.name" value="ptolemy.actor.lib.test.junit.JUnitTclTest" />
    <property name="sun.java.launcher" value="SUN_STANDARD" />
    <property name="env.PYTHON_CONFIGURE_OPTS" value="--enable-unicode=ucs4 --with-wide-unicode --enable-shared --enable-ipv6 --enable-loadable-sqlite-extensions --with-computed-gotos" />
    <property name="ant.core.lib" value="/home/travis/build/icyphy/ptII/ant/lib/ant.jar" />
    <property name="java.vm.specification.vendor" value="Oracle Corporation" />
    <property name="env.BCVTB_HOME" value="/home/travis/build/icyphy/ptII/lbnl" />
    <property name="file.separator" value="/" />
    <property name="java.runtime.version" value="1.8.0_151-b12" />
    <property name="spotbugs.home" value="/home/travis/build/icyphy/ptII/vendors/spotbugs-3.1.1" />
    <property name="sun.boot.class.path" value="/usr/lib/jvm/java-8-oracle/jre/lib/resources.jar:/usr/lib/jvm/java-8-oracle/jre/lib/rt.jar:/usr/lib/jvm/java-8-oracle/jre/lib/sunrsasign.jar:/usr/lib/jvm/java-8-oracle/jre/lib/jsse.jar:/usr/lib/jvm/java-8-oracle/jre/lib/jce.jar:/usr/lib/jvm/java-8-oracle/jre/lib/charsets.jar:/usr/lib/jvm/java-8-oracle/jre/lib/jfr.jar:/usr/lib/jvm/java-8-oracle/jre/classes" />
    <property name="env.ANSI_CLEAR" value="\033[0K" />
    <property name="env.HAS_JOSH_K_SEAL_OF_APPROVAL" value="true" />
    <property name="env.TRAVIS_OSX_IMAGE" value="" />
    <property name="env.XDG_RUNTIME_DIR" value="/run/user/2000" />
    <property name="env.TRAVIS_JOB_ID" value="432750829" />
    <property name="env.TRAVIS_BRANCH" value="master" />
    <property name="user.country" value="US" />
    <property name="env.CERTI_HOME_TRAVIS" value="/home/travis/pthla/certi-tools" />
    <property name="env.SHELL" value="/bin/bash" />
    <property name="model" value="" />
    <property name="java.maxmemory.large" value="5000m" />
    <property name="env.CASHER_DIR" value="/home/travis/.casher" />
    <property name="env.NVM_CD_FLAGS" value="" />
    <property name="jshint.executable" value="/home/travis/node_modules/jshint/bin/jshint" />
    <property name="env.JRUBY_OPTS" value=" --client -J-XX:+TieredCompilation -J-XX:TieredStopAtLevel=1 -J-Xss2m -Xcompile.invokedynamic=false" />
    <property name="java.vendor" value="Oracle Corporation" />
    <property name="env.TRAVIS_PRE_CHEF_BOOTSTRAP_TIME" value="2017-12-05T19:32:55" />
    <property name="env.TRAVIS_STACK_JOB_BOARD_REGISTER" value="/.job-board-register.yml" />
    <property name="env.ELIXIR_VERSION" value="1.4.5" />
    <property name="env.ANSI_RED" value="\033[31;1m" />
    <property name="java.specification.version" value="1.8" />
    <property name="env.TRAVIS" value="true" />
    <property name="env.IRBRC" value="/home/travis/.rvm/rubies/ruby-2.4.1/.irbrc" />
    <property name="sun.arch.data.model" value="64" />
  </properties>
  <testcase classname="ptolemy.util.test.junit.TclTests" name="[0] /home/travis/build/icyphy/ptII/ptolemy/actor/lib/test/AbsoluteValue.tcl (RunTclFile)" time="0.452" />
  <testcase classname="ptolemy.util.test.junit.TclTests" name="[1] /home/travis/build/icyphy/ptII/ptolemy/actor/lib/test/AddSubtract.tcl (RunTclFile)" time="0.058" />
  <testcase classname="ptolemy.util.test.junit.TclTests" name="[2] /home/travis/build/icyphy/ptII/ptolemy/actor/lib/test/Average.tcl (RunTclFile)" time="0.038" />
  <testcase classname="ptolemy.util.test.junit.TclTests" name="[3] /home/travis/build/icyphy/ptII/ptolemy/actor/lib/test/Bernoulli.tcl (RunTclFile)" time="0.035" />
  <testcase classname="ptolemy.util.test.junit.TclTests" name="[4] /home/travis/build/icyphy/ptII/ptolemy/actor/lib/test/Clock.tcl (RunTclFile)" time="0.07" />
  <testcase classname="ptolemy.util.test.junit.TclTests" name="[5] /home/travis/build/icyphy/ptII/ptolemy/actor/lib/test/Commutator.tcl (RunTclFile)" time="0.084" />
  <testcase classname="ptolemy.util.test.junit.TclTests" name="[6] /home/travis/build/icyphy/ptII/ptolemy/actor/lib/test/Const.tcl (RunTclFile)" time="0.146" />
  <testcase classname="ptolemy.util.test.junit.TclTests" name="[7] /home/travis/build/icyphy/ptII/ptolemy/actor/lib/test/CurrentTime.tcl (RunTclFile)" time="0.025" />
  <testcase classname="ptolemy.util.test.junit.TclTests" name="[8] /home/travis/build/icyphy/ptII/ptolemy/actor/lib/test/DB.tcl (RunTclFile)" time="0.02" />
  <testcase classname="ptolemy.util.test.junit.TclTests" name="[9] /home/travis/build/icyphy/ptII/ptolemy/actor/lib/test/DiscreteRandomSource.tcl (RunTclFile)" time="0.023" />
  <testcase classname="ptolemy.util.test.junit.TclTests" name="[10] /home/travis/build/icyphy/ptII/ptolemy/actor/lib/test/Distributor.tcl (RunTclFile)" time="0.035" />
  <testcase classname="ptolemy.util.test.junit.TclTests" name="[11] /home/travis/build/icyphy/ptII/ptolemy/actor/lib/test/Exit.tcl (RunTclFile)" time="0.068" />
  <testcase classname="ptolemy.util.test.junit.TclTests" name="[12] /home/travis/build/icyphy/ptII/ptolemy/actor/lib/test/Expression.tcl (RunTclFile)" time="0.122" />
  <testcase classname="ptolemy.util.test.junit.TclTests" name="[13] /home/travis/build/icyphy/ptII/ptolemy/actor/lib/test/Gaussian.tcl (RunTclFile)" time="0.738" />
  <testcase classname="ptolemy.util.test.junit.TclTests" name="[14] /home/travis/build/icyphy/ptII/ptolemy/actor/lib/test/IIR.tcl (RunTclFile)" time="0.024" />
  <testcase classname="ptolemy.util.test.junit.TclTests" name="[15] /home/travis/build/icyphy/ptII/ptolemy/actor/lib/test/Interpolator.tcl (RunTclFile)" time="0.07" />
  <testcase classname="ptolemy.util.test.junit.TclTests" name="[16] /home/travis/build/icyphy/ptII/ptolemy/actor/lib/test/MathFunction.tcl (RunTclFile)" time="0.05" />
  <testcase classname="ptolemy.util.test.junit.TclTests" name="[17] /home/travis/build/icyphy/ptII/ptolemy/actor/lib/test/Maximum.tcl (RunTclFile)" time="0.043" />
  <testcase classname="ptolemy.util.test.junit.TclTests" name="[18] /home/travis/build/icyphy/ptII/ptolemy/actor/lib/test/Minimum.tcl (RunTclFile)" time="0.02" />
  <testcase classname="ptolemy.util.test.junit.TclTests" name="[19] /home/travis/build/icyphy/ptII/ptolemy/actor/lib/test/MultiplyDivide.tcl (RunTclFile)" time="0.042" />
  <testcase classname="ptolemy.util.test.junit.TclTests" name="[20] /home/travis/build/icyphy/ptII/ptolemy/actor/lib/test/OrderedMerge.tcl (RunTclFile)" time="0.068" />
  <testcase classname="ptolemy.util.test.junit.TclTests" name="[21] /home/travis/build/icyphy/ptII/ptolemy/actor/lib/test/Publisher.tcl (RunTclFile)" time="0.658" />
  <testcase classname="ptolemy.util.test.junit.TclTests" name="[22] /home/travis/build/icyphy/ptII/ptolemy/actor/lib/test/Pulse.tcl (RunTclFile)" time="0.03" />
  <testcase classname="ptolemy.util.test.junit.TclTests" name="[23] /home/travis/build/icyphy/ptII/ptolemy/actor/lib/test/Ramp.tcl (RunTclFile)" time="2.004" />
  <testcase classname="ptolemy.util.test.junit.TclTests" name="[24] /home/travis/build/icyphy/ptII/ptolemy/actor/lib/test/RampContinuous.tcl (RunTclFile)" time="0.017" />
  <testcase classname="ptolemy.util.test.junit.TclTests" name="[25] /home/travis/build/icyphy/ptII/ptolemy/actor/lib/test/RecordAssembler.tcl (RunTclFile)" time="0.018" />
  <testcase classname="ptolemy.util.test.junit.TclTests" name="[26] /home/travis/build/icyphy/ptII/ptolemy/actor/lib/test/RecordDisassembler.tcl (RunTclFile)" time="0.027" />
  <testcase classname="ptolemy.util.test.junit.TclTests" name="[27] /home/travis/build/icyphy/ptII/ptolemy/actor/lib/test/Scale.tcl (RunTclFile)" time="0.034" />
  <testcase classname="ptolemy.util.test.junit.TclTests" name="[28] /home/travis/build/icyphy/ptII/ptolemy/actor/lib/test/SequentialClock.tcl (RunTclFile)" time="0.02" />
  <testcase classname="ptolemy.util.test.junit.TclTests" name="[29] /home/travis/build/icyphy/ptII/ptolemy/actor/lib/test/SetVariable.tcl (RunTclFile)" time="0.03" />
  <testcase classname="ptolemy.util.test.junit.TclTests" name="[30] /home/travis/build/icyphy/ptII/ptolemy/actor/lib/test/Sinewave.tcl (RunTclFile)" time="0.026" />
  <testcase classname="ptolemy.util.test.junit.TclTests" name="[31] /home/travis/build/icyphy/ptII/ptolemy/actor/lib/test/SubscriptionAggregator.tcl (RunTclFile)" time="1.742" />
  <testcase classname="ptolemy.util.test.junit.TclTests" name="[32] /home/travis/build/icyphy/ptII/ptolemy/actor/lib/test/Test.tcl (RunTclFile)" time="0.109" />
  <testcase classname="ptolemy.util.test.junit.TclTests" name="[33] /home/travis/build/icyphy/ptII/ptolemy/actor/lib/test/TestExceptionHandler.tcl (RunTclFile)" time="0.012" />
  <testcase classname="ptolemy.util.test.junit.TclTests" name="[34] /home/travis/build/icyphy/ptII/ptolemy/actor/lib/test/UnionDisassembler.tcl (RunTclFile)" time="0.063" />
  <testcase classname="ptolemy.util.test.junit.TclTests" name="[35] /home/travis/build/icyphy/ptII/ptolemy/actor/lib/test/VariableClock.tcl (RunTclFile)" time="0.035" />
  <testcase classname="ptolemy.util.test.junit.AutoKnownFailedTests" name="[0] /home/travis/build/icyphy/ptII/ptolemy/actor/lib/test/auto/knownFailedTests/PublisherPortToplevelSubscriber.xml (RunModel)" time="0.017" />
  <testcase classname="ptolemy.util.test.junit.AutoKnownFailedTests" name="[1] /home/travis/build/icyphy/ptII/ptolemy/actor/lib/test/auto/knownFailedTests/PublisherSubscriberPortToplevel.xml (RunModel)" time="0.03" />
  <testcase classname="ptolemy.util.test.junit.AutoKnownFailedTests" name="[2] /home/travis/build/icyphy/ptII/ptolemy/actor/lib/test/auto/knownFailedTests/PublisherSubscriptionAggregatorPort.xml (RunModel)" time="0.022" />
  <testcase classname="ptolemy.util.test.junit.AutoKnownFailedTests" name="[3] /home/travis/build/icyphy/ptII/ptolemy/actor/lib/test/auto/knownFailedTests/sizedarray3.xml (RunModel)" time="0.028" />
  <testcase classname="ptolemy.util.test.junit.AutoNameArchTests" name="[0] ThereAreNoAutoArchTests (RunModel)" time="0.081" />
  <testcase classname="ptolemy.util.test.junit.AutoTests" name="[0] /home/travis/build/icyphy/ptII/ptolemy/actor/lib/test/auto/AbsoluteValue.xml (RunModel)" time="0.076" />
  <testcase classname="ptolemy.util.test.junit.AutoTests" name="[1] /home/travis/build/icyphy/ptII/ptolemy/actor/lib/test/auto/AbsoluteValue2.xml (RunModel)" time="0.072" />
  <testcase classname="ptolemy.util.test.junit.AutoTests" name="[2] /home/travis/build/icyphy/ptII/ptolemy/actor/lib/test/auto/Accumulator.xml (RunModel)" time="0.07" />
  <testcase classname="ptolemy.util.test.junit.AutoTests" name="[3] /home/travis/build/icyphy/ptII/ptolemy/actor/lib/test/auto/Accumulator2.xml (RunModel)" time="0.034" />
  <testcase classname="ptolemy.util.test.junit.AutoTests" name="[4] /home/travis/build/icyphy/ptII/ptolemy/actor/lib/test/auto/Accumulator3.xml (RunModel)" time="0.024" />
  <testcase classname="ptolemy.util.test.junit.AutoTests" name="[5] /home/travis/build/icyphy/ptII/ptolemy/actor/lib/test/auto/ArrayAppend.xml (RunModel)" time="0.027" />
  <testcase classname="ptolemy.util.test.junit.AutoTests" name="[6] /home/travis/build/icyphy/ptII/ptolemy/actor/lib/test/auto/ArrayAppend2.xml (RunModel)" time="0.524" />
  <testcase classname="ptolemy.util.test.junit.AutoTests" name="[7] /home/travis/build/icyphy/ptII/ptolemy/actor/lib/test/auto/ArrayAppend3.xml (RunModel)" time="0.031" />
  <testcase classname="ptolemy.util.test.junit.AutoTests" name="[8] /home/travis/build/icyphy/ptII/ptolemy/actor/lib/test/auto/ArrayAppend4.xml (RunModel)" time="0.038" />
  <testcase classname="ptolemy.util.test.junit.AutoTests" name="[9] /home/travis/build/icyphy/ptII/ptolemy/actor/lib/test/auto/ArrayAppend5.xml (RunModel)" time="0.037" />
  <testcase classname="ptolemy.util.test.junit.AutoTests" name="[10] /home/travis/build/icyphy/ptII/ptolemy/actor/lib/test/auto/ArrayAppend6.xml (RunModel)" time="0.023" />
  <testcase classname="ptolemy.util.test.junit.AutoTests" name="[11] /home/travis/build/icyphy/ptII/ptolemy/actor/lib/test/auto/ArrayAppendPerformanceTest.xml (RunModel)" time="0.045" />
  <testcase classname="ptolemy.util.test.junit.AutoTests" name="[12] /home/travis/build/icyphy/ptII/ptolemy/actor/lib/test/auto/ArrayAppendWithEmptyInput.xml (RunModel)" time="0.061" />
  <testcase classname="ptolemy.util.test.junit.AutoTests" name="[13] /home/travis/build/icyphy/ptII/ptolemy/actor/lib/test/auto/ArrayAverage.xml (RunModel)" time="0.04" />
  <testcase classname="ptolemy.util.test.junit.AutoTests" name="[14] /home/travis/build/icyphy/ptII/ptolemy/actor/lib/test/auto/ArrayContains.xml (RunModel)" time="0.037" />
  <testcase classname="ptolemy.util.test.junit.AutoTests" name="[15] /home/travis/build/icyphy/ptII/ptolemy/actor/lib/test/auto/ArrayElement.xml (RunModel)" time="0.032" />
  <testcase classname="ptolemy.util.test.junit.AutoTests" name="[16] /home/travis/build/icyphy/ptII/ptolemy/actor/lib/test/auto/ArrayElementAsMatrix.xml (RunModel)" time="0.06" />
  <testcase classname="ptolemy.util.test.junit.AutoTests" name="[17] /home/travis/build/icyphy/ptII/ptolemy/actor/lib/test/auto/ArrayElementI.xml (RunModel)" time="0.021" />
  <testcase classname="ptolemy.util.test.junit.AutoTests" name="[18] /home/travis/build/icyphy/ptII/ptolemy/actor/lib/test/auto/ArrayExtract.xml (RunModel)" time="0.029" />
  <testcase classname="ptolemy.util.test.junit.AutoTests" name="[19] /home/travis/build/icyphy/ptII/ptolemy/actor/lib/test/auto/ArrayExtract2.xml (RunModel)" time="0.028" />
  <testcase classname="ptolemy.util.test.junit.AutoTests" name="[20] /home/travis/build/icyphy/ptII/ptolemy/actor/lib/test/auto/ArrayLength.xml (RunModel)" time="0.022" />
  <testcase classname="ptolemy.util.test.junit.AutoTests" name="[21] /home/travis/build/icyphy/ptII/ptolemy/actor/lib/test/auto/ArrayLevelCrossing.xml (RunModel)" time="0.035" />
  <testcase classname="ptolemy.util.test.junit.AutoTests" name="[22] /home/travis/build/icyphy/ptII/ptolemy/actor/lib/test/auto/ArrayLevelCrossing2.xml (RunModel)" time="0.026" />
  <testcase classname="ptolemy.util.test.junit.AutoTests" name="[23] /home/travis/build/icyphy/ptII/ptolemy/actor/lib/test/auto/ArrayPeakSearch.xml (RunModel)" time="0.047" />
  <testcase classname="ptolemy.util.test.junit.AutoTests" name="[24] /home/travis/build/icyphy/ptII/ptolemy/actor/lib/test/auto/ArrayPeakSearch2.xml (RunModel)" time="0.035" />
  <testcase classname="ptolemy.util.test.junit.AutoTests" name="[25] /home/travis/build/icyphy/ptII/ptolemy/actor/lib/test/auto/ArrayPeakSearch3.xml (RunModel)" time="0.027" />
  <testcase classname="ptolemy.util.test.junit.AutoTests" name="[26] /home/travis/build/icyphy/ptII/ptolemy/actor/lib/test/auto/ArrayRemoveElement.xml (RunModel)" time="0.029" />
  <testcase classname="ptolemy.util.test.junit.AutoTests" name="[27] /home/travis/build/icyphy/ptII/ptolemy/actor/lib/test/auto/ArraySort.xml (RunModel)" time="0.039" />
  <testcase classname="ptolemy.util.test.junit.AutoTests" name="[28] /home/travis/build/icyphy/ptII/ptolemy/actor/lib/test/auto/ArraySum.xml (RunModel)" time="0.021" />
  <testcase classname="ptolemy.util.test.junit.AutoTests" name="[29] /home/travis/build/icyphy/ptII/ptolemy/actor/lib/test/auto/ArrayToElements.xml (RunModel)" time="0.024" />
  <testcase classname="ptolemy.util.test.junit.AutoTests" name="[30] /home/travis/build/icyphy/ptII/ptolemy/actor/lib/test/auto/ArrayToMatrix.xml (RunModel)" time="0.101" />
  <testcase classname="ptolemy.util.test.junit.AutoTests" name="[31] /home/travis/build/icyphy/ptII/ptolemy/actor/lib/test/auto/ArrayUpdate1.xml (RunModel)" time="0.023" />
  <testcase classname="ptolemy.util.test.junit.AutoTests" name="[32] /home/travis/build/icyphy/ptII/ptolemy/actor/lib/test/auto/ArrayUpdate2.xml (RunModel)" time="0.026" />
  <testcase classname="ptolemy.util.test.junit.AutoTests" name="[33] /home/travis/build/icyphy/ptII/ptolemy/actor/lib/test/auto/ArrayUpdate3.xml (RunModel)" time="0.023" />
  <testcase classname="ptolemy.util.test.junit.AutoTests" name="[34] /home/travis/build/icyphy/ptII/ptolemy/actor/lib/test/auto/Assert1.xml (RunModel)" time="0.028" />
  <testcase classname="ptolemy.util.test.junit.AutoTests" name="[35] /home/travis/build/icyphy/ptII/ptolemy/actor/lib/test/auto/Assert2.xml (RunModel)" time="0.016" />
  <testcase classname="ptolemy.util.test.junit.AutoTests" name="[36] /home/travis/build/icyphy/ptII/ptolemy/actor/lib/test/auto/BooleanMultiplexor.xml (RunModel)" time="0.015" />
  <testcase classname="ptolemy.util.test.junit.AutoTests" name="[37] /home/travis/build/icyphy/ptII/ptolemy/actor/lib/test/auto/BooleanMultiplexor2.xml (RunModel)" time="0.028" />
  <testcase classname="ptolemy.util.test.junit.AutoTests" name="[38] /home/travis/build/icyphy/ptII/ptolemy/actor/lib/test/auto/BooleanMultiplexor3.xml (RunModel)" time="0.02" />
  <testcase classname="ptolemy.util.test.junit.AutoTests" name="[39] /home/travis/build/icyphy/ptII/ptolemy/actor/lib/test/auto/BooleanSelect.xml (RunModel)" time="0.033" />
  <testcase classname="ptolemy.util.test.junit.AutoTests" name="[40] /home/travis/build/icyphy/ptII/ptolemy/actor/lib/test/auto/BooleanSelect2.xml (RunModel)" time="0.017" />
  <testcase classname="ptolemy.util.test.junit.AutoTests" name="[41] /home/travis/build/icyphy/ptII/ptolemy/actor/lib/test/auto/BooleanSwitch.xml (RunModel)" time="0.021" />
  <testcase classname="ptolemy.util.test.junit.AutoTests" name="[42] /home/travis/build/icyphy/ptII/ptolemy/actor/lib/test/auto/BooleanSwitch2.xml (RunModel)" time="0.014" />
  <testcase classname="ptolemy.util.test.junit.AutoTests" name="[43] /home/travis/build/icyphy/ptII/ptolemy/actor/lib/test/auto/BooleanSwitchCloningBugWithClassRelationGroup.xml (RunModel)" time="0.033" />
  <testcase classname="ptolemy.util.test.junit.AutoTests" name="[44] /home/travis/build/icyphy/ptII/ptolemy/actor/lib/test/auto/BusActors.xml (RunModel)" time="0.047" />
  <testcase classname="ptolemy.util.test.junit.AutoTests" name="[45] /home/travis/build/icyphy/ptII/ptolemy/actor/lib/test/auto/ClassWrapper.xml (RunModel)" time="0.009" />
  <testcase classname="ptolemy.util.test.junit.AutoTests" name="[46] /home/travis/build/icyphy/ptII/ptolemy/actor/lib/test/auto/Clock.xml (RunModel)" time="0.009" />
  <testcase classname="ptolemy.util.test.junit.AutoTests" name="[47] /home/travis/build/icyphy/ptII/ptolemy/actor/lib/test/auto/Clock10.xml (RunModel)" time="0.02" />
  <testcase classname="ptolemy.util.test.junit.AutoTests" name="[48] /home/travis/build/icyphy/ptII/ptolemy/actor/lib/test/auto/Clock11.xml (RunModel)" time="0.018" />
  <testcase classname="ptolemy.util.test.junit.AutoTests" name="[49] /home/travis/build/icyphy/ptII/ptolemy/actor/lib/test/auto/Clock12.xml (RunModel)" time="0.016" />
  <testcase classname="ptolemy.util.test.junit.AutoTests" name="[50] /home/travis/build/icyphy/ptII/ptolemy/actor/lib/test/auto/Clock13.xml (RunModel)" time="0.02" />
  <testcase classname="ptolemy.util.test.junit.AutoTests" name="[51] /home/travis/build/icyphy/ptII/ptolemy/actor/lib/test/auto/Clock14.xml (RunModel)" time="0.02" />
  <testcase classname="ptolemy.util.test.junit.AutoTests" name="[52] /home/travis/build/icyphy/ptII/ptolemy/actor/lib/test/auto/Clock15.xml (RunModel)" time="0.012" />
  <testcase classname="ptolemy.util.test.junit.AutoTests" name="[53] /home/travis/build/icyphy/ptII/ptolemy/actor/lib/test/auto/Clock16.xml (RunModel)" time="0.068" />
  <testcase classname="ptolemy.util.test.junit.AutoTests" name="[54] /home/travis/build/icyphy/ptII/ptolemy/actor/lib/test/auto/Clock17.xml (RunModel)" time="0.04" />
  <testcase classname="ptolemy.util.test.junit.AutoTests" name="[55] /home/travis/build/icyphy/ptII/ptolemy/actor/lib/test/auto/Clock18.xml (RunModel)" time="0.04" />
  <testcase classname="ptolemy.util.test.junit.AutoTests" name="[56] /home/travis/build/icyphy/ptII/ptolemy/actor/lib/test/auto/Clock19.xml (RunModel)" time="0.048" />
  <testcase classname="ptolemy.util.test.junit.AutoTests" name="[57] /home/travis/build/icyphy/ptII/ptolemy/actor/lib/test/auto/Clock2.xml (RunModel)" time="0.016" />
  <testcase classname="ptolemy.util.test.junit.AutoTests" name="[58] /home/travis/build/icyphy/ptII/ptolemy/actor/lib/test/auto/Clock20.xml (RunModel)" time="0.025" />
  <testcase classname="ptolemy.util.test.junit.AutoTests" name="[59] /home/travis/build/icyphy/ptII/ptolemy/actor/lib/test/auto/Clock21.xml (RunModel)" time="0.029" />
  <testcase classname="ptolemy.util.test.junit.AutoTests" name="[60] /home/travis/build/icyphy/ptII/ptolemy/actor/lib/test/auto/Clock22.xml (RunModel)" time="0.014" />
  <testcase classname="ptolemy.util.test.junit.AutoTests" name="[61] /home/travis/build/icyphy/ptII/ptolemy/actor/lib/test/auto/Clock23.xml (RunModel)" time="0.014" />
  <testcase classname="ptolemy.util.test.junit.AutoTests" name="[62] /home/travis/build/icyphy/ptII/ptolemy/actor/lib/test/auto/Clock24.xml (RunModel)" time="0.014" />
  <testcase classname="ptolemy.util.test.junit.AutoTests" name="[63] /home/travis/build/icyphy/ptII/ptolemy/actor/lib/test/auto/Clock4.xml (RunModel)" time="0.013" />
  <testcase classname="ptolemy.util.test.junit.AutoTests" name="[64] /home/travis/build/icyphy/ptII/ptolemy/actor/lib/test/auto/Clock5.xml (RunModel)" time="0.018" />
  <testcase classname="ptolemy.util.test.junit.AutoTests" name="[65] /home/travis/build/icyphy/ptII/ptolemy/actor/lib/test/auto/Clock6.xml (RunModel)" time="0.011" />
  <testcase classname="ptolemy.util.test.junit.AutoTests" name="[66] /home/travis/build/icyphy/ptII/ptolemy/actor/lib/test/auto/Clock7.xml (RunModel)" time="0.011" />
  <testcase classname="ptolemy.util.test.junit.AutoTests" name="[67] /home/travis/build/icyphy/ptII/ptolemy/actor/lib/test/auto/Clock8.xml (RunModel)" time="0.014" />
  <testcase classname="ptolemy.util.test.junit.AutoTests" name="[68] /home/travis/build/icyphy/ptII/ptolemy/actor/lib/test/auto/Clock9.xml (RunModel)" time="0.012" />
  <testcase classname="ptolemy.util.test.junit.AutoTests" name="[69] /home/travis/build/icyphy/ptII/ptolemy/actor/lib/test/auto/CommDistDiscard.xml (RunModel)" time="0.026" />
  <testcase classname="ptolemy.util.test.junit.AutoTests" name="[70] /home/travis/build/icyphy/ptII/ptolemy/actor/lib/test/auto/Commutator.xml (RunModel)" time="0.016" />
  <testcase classname="ptolemy.util.test.junit.AutoTests" name="[71] /home/travis/build/icyphy/ptII/ptolemy/actor/lib/test/auto/Commutator2.xml (RunModel)" time="0.013" />
  <testcase classname="ptolemy.util.test.junit.AutoTests" name="[72] /home/travis/build/icyphy/ptII/ptolemy/actor/lib/test/auto/Commutator3.xml (RunModel)" time="0.016" />
  <testcase classname="ptolemy.util.test.junit.AutoTests" name="[73] /home/travis/build/icyphy/ptII/ptolemy/actor/lib/test/auto/Compare.xml (RunModel)" time="0.024" />
  <testcase classname="ptolemy.util.test.junit.AutoTests" name="[74] /home/travis/build/icyphy/ptII/ptolemy/actor/lib/test/auto/CompareDE.xml (RunModel)" time="0.018" />
  <testcase classname="ptolemy.util.test.junit.AutoTests" name="[75] /home/travis/build/icyphy/ptII/ptolemy/actor/lib/test/auto/ComplexDivide.xml (RunModel)" time="0.01" />
  <testcase classname="ptolemy.util.test.junit.AutoTests" name="[76] /home/travis/build/icyphy/ptII/ptolemy/actor/lib/test/auto/ComputeHistogram.xml (RunModel)" time="0.053" />
  <testcase classname="ptolemy.util.test.junit.AutoTests" name="[77] /home/travis/build/icyphy/ptII/ptolemy/actor/lib/test/auto/ConfigurationSelect.xml (RunModel)" time="0.015" />
  <testcase classname="ptolemy.util.test.junit.AutoTests" name="[78] /home/travis/build/icyphy/ptII/ptolemy/actor/lib/test/auto/ConfigurationSelect2.xml (RunModel)" time="0.013" />
  <testcase classname="ptolemy.util.test.junit.AutoTests" name="[79] /home/travis/build/icyphy/ptII/ptolemy/actor/lib/test/auto/ConfigurationSwitch.xml (RunModel)" time="0.015" />
  <testcase classname="ptolemy.util.test.junit.AutoTests" name="[80] /home/travis/build/icyphy/ptII/ptolemy/actor/lib/test/auto/ConfigurationSwitch2.xml (RunModel)" time="0.014" />
  <testcase classname="ptolemy.util.test.junit.AutoTests" name="[81] /home/travis/build/icyphy/ptII/ptolemy/actor/lib/test/auto/ConfigurationSwitchCloningBugWithClassRelationGroup.xml (RunModel)" time="0.017" />
  <testcase classname="ptolemy.util.test.junit.AutoTests" name="[82] /home/travis/build/icyphy/ptII/ptolemy/actor/lib/test/auto/ConfigurationSwitchSelectSDF.xml (RunModel)" time="0.014" />
  <testcase classname="ptolemy.util.test.junit.AutoTests" name="[83] /home/travis/build/icyphy/ptII/ptolemy/actor/lib/test/auto/ConfigurationSwitchSelectSDF2.xml (RunModel)" time="0.017" />
  <testcase classname="ptolemy.util.test.junit.AutoTests" name="[84] /home/travis/build/icyphy/ptII/ptolemy/actor/lib/test/auto/Const.xml (RunModel)" time="0.008" />
  <testcase classname="ptolemy.util.test.junit.AutoTests" name="[85] /home/travis/build/icyphy/ptII/ptolemy/actor/lib/test/auto/Const2.xml (RunModel)" time="0.012" />
  <testcase classname="ptolemy.util.test.junit.AutoTests" name="[86] /home/travis/build/icyphy/ptII/ptolemy/actor/lib/test/auto/Const3.xml (RunModel)" time="0.007" />
  <testcase classname="ptolemy.util.test.junit.AutoTests" name="[87] /home/travis/build/icyphy/ptII/ptolemy/actor/lib/test/auto/ConstantPublisherPort1.xml (RunModel)" time="0.046" />
  <testcase classname="ptolemy.util.test.junit.AutoTests" name="[88] /home/travis/build/icyphy/ptII/ptolemy/actor/lib/test/auto/ConstantPublisherPort2.xml (RunModel)" time="0.018" />
  <testcase classname="ptolemy.util.test.junit.AutoTests" name="[89] /home/travis/build/icyphy/ptII/ptolemy/actor/lib/test/auto/ConstantPublisherPort3.xml (RunModel)" time="0.017" />
  <testcase classname="ptolemy.util.test.junit.AutoTests" name="[90] /home/travis/build/icyphy/ptII/ptolemy/actor/lib/test/auto/ConstantPublisherPort4.xml (RunModel)" time="0.016" />
  <testcase classname="ptolemy.util.test.junit.AutoTests" name="[91] /home/travis/build/icyphy/ptII/ptolemy/actor/lib/test/auto/ConstantPublisherPort5.xml (RunModel)" time="0.031" />
  <testcase classname="ptolemy.util.test.junit.AutoTests" name="[92] /home/travis/build/icyphy/ptII/ptolemy/actor/lib/test/auto/ConstantPublisherPort6.xml (RunModel)" time="0.03" />
  <testcase classname="ptolemy.util.test.junit.AutoTests" name="[93] /home/travis/build/icyphy/ptII/ptolemy/actor/lib/test/auto/ConstantPublisherPort7.xml (RunModel)" time="0.029" />
  <testcase classname="ptolemy.util.test.junit.AutoTests" name="[94] /home/travis/build/icyphy/ptII/ptolemy/actor/lib/test/auto/ConstraintMonitor1.xml (RunModel)" time="0.032" />
  <testcase classname="ptolemy.util.test.junit.AutoTests" name="[95] /home/travis/build/icyphy/ptII/ptolemy/actor/lib/test/auto/ConstraintMonitor2.xml (RunModel)" time="0.01" />
  <testcase classname="ptolemy.util.test.junit.AutoTests" name="[96] /home/travis/build/icyphy/ptII/ptolemy/actor/lib/test/auto/ConstraintMonitor3.xml (RunModel)" time="0.009" />
  <testcase classname="ptolemy.util.test.junit.AutoTests" name="[97] /home/travis/build/icyphy/ptII/ptolemy/actor/lib/test/auto/ConstraintMonitor4.xml (RunModel)" time="0.014" />
  <testcase classname="ptolemy.util.test.junit.AutoTests" name="[98] /home/travis/build/icyphy/ptII/ptolemy/actor/lib/test/auto/ConstraintMonitor5.xml (RunModel)" time="0.015" />
  <testcase classname="ptolemy.util.test.junit.AutoTests" name="[99] /home/travis/build/icyphy/ptII/ptolemy/actor/lib/test/auto/ConstraintMonitor6.xml (RunModel)" time="0.02" />
  <testcase classname="ptolemy.util.test.junit.AutoTests" name="[100] /home/travis/build/icyphy/ptII/ptolemy/actor/lib/test/auto/ConstraintMonitor7.xml (RunModel)" time="0.013" />
  <testcase classname="ptolemy.util.test.junit.AutoTests" name="[101] /home/travis/build/icyphy/ptII/ptolemy/actor/lib/test/auto/ConstraintMonitor8.xml (RunModel)" time="0.017" />
  <testcase classname="ptolemy.util.test.junit.AutoTests" name="[102] /home/travis/build/icyphy/ptII/ptolemy/actor/lib/test/auto/Counter.xml (RunModel)" time="0.014" />
  <testcase classname="ptolemy.util.test.junit.AutoTests" name="[103] /home/travis/build/icyphy/ptII/ptolemy/actor/lib/test/auto/CurrentTimeSDF.xml (RunModel)" time="0.01" />
  <testcase classname="ptolemy.util.test.junit.AutoTests" name="[104] /home/travis/build/icyphy/ptII/ptolemy/actor/lib/test/auto/DB.xml (RunModel)" time="0.011" />
  <testcase classname="ptolemy.util.test.junit.AutoTests" name="[105] /home/travis/build/icyphy/ptII/ptolemy/actor/lib/test/auto/DBDE.xml (RunModel)" time="0.014" />
  <testcase classname="ptolemy.util.test.junit.AutoTests" name="[106] /home/travis/build/icyphy/ptII/ptolemy/actor/lib/test/auto/DateConstructor.xml (RunModel)" time="0.042" />
  <testcase classname="ptolemy.util.test.junit.AutoTests" name="[107] /home/travis/build/icyphy/ptII/ptolemy/actor/lib/test/auto/DelayTime.xml (RunModel)" time="0.011" />
  <testcase classname="ptolemy.util.test.junit.AutoTests" name="[108] /home/travis/build/icyphy/ptII/ptolemy/actor/lib/test/auto/Dictionary1.xml (RunModel)" time="0.014" />
  <testcase classname="ptolemy.util.test.junit.AutoTests" name="[109] /home/travis/build/icyphy/ptII/ptolemy/actor/lib/test/auto/Dictionary2.xml (RunModel)" time="0.013" />
  <testcase classname="ptolemy.util.test.junit.AutoTests" name="[110] /home/travis/build/icyphy/ptII/ptolemy/actor/lib/test/auto/Dictionary3.xml (RunModel)" time="0.011" />
  <testcase classname="ptolemy.util.test.junit.AutoTests" name="[111] /home/travis/build/icyphy/ptII/ptolemy/actor/lib/test/auto/Dictionary4.xml (RunModel)" time="0.021" />
  <testcase classname="ptolemy.util.test.junit.AutoTests" name="[112] /home/travis/build/icyphy/ptII/ptolemy/actor/lib/test/auto/Differential.xml (RunModel)" time="0.011" />
  <testcase classname="ptolemy.util.test.junit.AutoTests" name="[113] /home/travis/build/icyphy/ptII/ptolemy/actor/lib/test/auto/Director.xml (RunModel)" time="0.008" />
  <testcase classname="ptolemy.util.test.junit.AutoTests" name="[114] /home/travis/build/icyphy/ptII/ptolemy/actor/lib/test/auto/DiscreteClock.xml (RunModel)" time="0.007" />
  <testcase classname="ptolemy.util.test.junit.AutoTests" name="[115] /home/travis/build/icyphy/ptII/ptolemy/actor/lib/test/auto/DiscreteClock10.xml (RunModel)" time="0.011" />
  <testcase classname="ptolemy.util.test.junit.AutoTests" name="[116] /home/travis/build/icyphy/ptII/ptolemy/actor/lib/test/auto/DiscreteClock11.xml (RunModel)" time="0.012" />
  <testcase classname="ptolemy.util.test.junit.AutoTests" name="[117] /home/travis/build/icyphy/ptII/ptolemy/actor/lib/test/auto/DiscreteClock12.xml (RunModel)" time="0.013" />
  <testcase classname="ptolemy.util.test.junit.AutoTests" name="[118] /home/travis/build/icyphy/ptII/ptolemy/actor/lib/test/auto/DiscreteClock13.xml (RunModel)" time="0.015" />
  <testcase classname="ptolemy.util.test.junit.AutoTests" name="[119] /home/travis/build/icyphy/ptII/ptolemy/actor/lib/test/auto/DiscreteClock14.xml (RunModel)" time="0.014" />
  <testcase classname="ptolemy.util.test.junit.AutoTests" name="[120] /home/travis/build/icyphy/ptII/ptolemy/actor/lib/test/auto/DiscreteClock15.xml (RunModel)" time="0.016" />
  <testcase classname="ptolemy.util.test.junit.AutoTests" name="[121] /home/travis/build/icyphy/ptII/ptolemy/actor/lib/test/auto/DiscreteClock16.xml (RunModel)" time="0.037" />
  <testcase classname="ptolemy.util.test.junit.AutoTests" name="[122] /home/travis/build/icyphy/ptII/ptolemy/actor/lib/test/auto/DiscreteClock17.xml (RunModel)" time="0.039" />
  <testcase classname="ptolemy.util.test.junit.AutoTests" name="[123] /home/travis/build/icyphy/ptII/ptolemy/actor/lib/test/auto/DiscreteClock18.xml (RunModel)" time="0.034" />
  <testcase classname="ptolemy.util.test.junit.AutoTests" name="[124] /home/travis/build/icyphy/ptII/ptolemy/actor/lib/test/auto/DiscreteClock19.xml (RunModel)" time="0.04" />
  <testcase classname="ptolemy.util.test.junit.AutoTests" name="[125] /home/travis/build/icyphy/ptII/ptolemy/actor/lib/test/auto/DiscreteClock2.xml (RunModel)" time="0.015" />
  <testcase classname="ptolemy.util.test.junit.AutoTests" name="[126] /home/travis/build/icyphy/ptII/ptolemy/actor/lib/test/auto/DiscreteClock20.xml (RunModel)" time="0.019" />
  <testcase classname="ptolemy.util.test.junit.AutoTests" name="[127] /home/travis/build/icyphy/ptII/ptolemy/actor/lib/test/auto/DiscreteClock21.xml (RunModel)" time="0.016" />
  <testcase classname="ptolemy.util.test.junit.AutoTests" name="[128] /home/travis/build/icyphy/ptII/ptolemy/actor/lib/test/auto/DiscreteClock22.xml (RunModel)" time="0.015" />
  <testcase classname="ptolemy.util.test.junit.AutoTests" name="[129] /home/travis/build/icyphy/ptII/ptolemy/actor/lib/test/auto/DiscreteClock23.xml (RunModel)" time="0.017" />
  <testcase classname="ptolemy.util.test.junit.AutoTests" name="[130] /home/travis/build/icyphy/ptII/ptolemy/actor/lib/test/auto/DiscreteClock24.xml (RunModel)" time="0.014" />
  <testcase classname="ptolemy.util.test.junit.AutoTests" name="[131] /home/travis/build/icyphy/ptII/ptolemy/actor/lib/test/auto/DiscreteClock4.xml (RunModel)" time="0.016" />
  <testcase classname="ptolemy.util.test.junit.AutoTests" name="[132] /home/travis/build/icyphy/ptII/ptolemy/actor/lib/test/auto/DiscreteClock5.xml (RunModel)" time="0.01" />
  <testcase classname="ptolemy.util.test.junit.AutoTests" name="[133] /home/travis/build/icyphy/ptII/ptolemy/actor/lib/test/auto/DiscreteClock6.xml (RunModel)" time="0.008" />
  <testcase classname="ptolemy.util.test.junit.AutoTests" name="[134] /home/travis/build/icyphy/ptII/ptolemy/actor/lib/test/auto/DiscreteClock7.xml (RunModel)" time="0.009" />
  <testcase classname="ptolemy.util.test.junit.AutoTests" name="[135] /home/travis/build/icyphy/ptII/ptolemy/actor/lib/test/auto/DiscreteClock8.xml (RunModel)" time="0.014" />
  <testcase classname="ptolemy.util.test.junit.AutoTests" name="[136] /home/travis/build/icyphy/ptII/ptolemy/actor/lib/test/auto/DiscreteClock9.xml (RunModel)" time="0.014" />
  <testcase classname="ptolemy.util.test.junit.AutoTests" name="[137] /home/travis/build/icyphy/ptII/ptolemy/actor/lib/test/auto/DisplayArray.xml (RunModel)" time="0.009" />
  <testcase classname="ptolemy.util.test.junit.AutoTests" name="[138] /home/travis/build/icyphy/ptII/ptolemy/actor/lib/test/auto/Distributor.xml (RunModel)" time="0.009" />
  <testcase classname="ptolemy.util.test.junit.AutoTests" name="[139] /home/travis/build/icyphy/ptII/ptolemy/actor/lib/test/auto/Distributor2.xml (RunModel)" time="0.012" />
  <testcase classname="ptolemy.util.test.junit.AutoTests" name="[140] /home/travis/build/icyphy/ptII/ptolemy/actor/lib/test/auto/DownSample.xml (RunModel)" time="0.01" />
  <testcase classname="ptolemy.util.test.junit.AutoTests" name="[141] /home/travis/build/icyphy/ptII/ptolemy/actor/lib/test/auto/ElectronicUnitBase1.xml (RunModel)" time="0.059" />
  <testcase classname="ptolemy.util.test.junit.AutoTests" name="[142] /home/travis/build/icyphy/ptII/ptolemy/actor/lib/test/auto/ElementsToArray.xml (RunModel)" time="0.009" />
  <testcase classname="ptolemy.util.test.junit.AutoTests" name="[143] /home/travis/build/icyphy/ptII/ptolemy/actor/lib/test/auto/Equals.xml (RunModel)" time="0.011" />
  <testcase classname="ptolemy.util.test.junit.AutoTests" name="[144] /home/travis/build/icyphy/ptII/ptolemy/actor/lib/test/auto/Exec.xml (RunModel)" time="0.526" />
  <testcase classname="ptolemy.util.test.junit.AutoTests" name="[145] /home/travis/build/icyphy/ptII/ptolemy/actor/lib/test/auto/ExecEnvironment.xml (RunModel)" time="0.037" />
  <testcase classname="ptolemy.util.test.junit.AutoTests" name="[146] /home/travis/build/icyphy/ptII/ptolemy/actor/lib/test/auto/ExecNonZeroReturnOutput.xml (RunModel)" time="0.143" />
  <testcase classname="ptolemy.util.test.junit.AutoTests" name="[147] /home/travis/build/icyphy/ptII/ptolemy/actor/lib/test/auto/ExecRunDemos.xml (RunModel)" time="9.492" />
  <testcase classname="ptolemy.util.test.junit.AutoTests" name="[148] /home/travis/build/icyphy/ptII/ptolemy/actor/lib/test/auto/ExecStop.xml (RunModel)" time="5.028" />
  <testcase classname="ptolemy.util.test.junit.AutoTests" name="[149] /home/travis/build/icyphy/ptII/ptolemy/actor/lib/test/auto/ExecutionTimeSDF.xml (RunModel)" time="6.025" />
  <testcase classname="ptolemy.util.test.junit.AutoTests" name="[150] /home/travis/build/icyphy/ptII/ptolemy/actor/lib/test/auto/Expression1.xml (RunModel)" time="0.014" />
  <testcase classname="ptolemy.util.test.junit.AutoTests" name="[151] /home/travis/build/icyphy/ptII/ptolemy/actor/lib/test/auto/Expression10.xml (RunModel)" time="0.013" />
  <testcase classname="ptolemy.util.test.junit.AutoTests" name="[152] /home/travis/build/icyphy/ptII/ptolemy/actor/lib/test/auto/Expression11.xml (RunModel)" time="0.01" />
  <testcase classname="ptolemy.util.test.junit.AutoTests" name="[153] /home/travis/build/icyphy/ptII/ptolemy/actor/lib/test/auto/Expression12.xml (RunModel)" time="0.018" />
  <testcase classname="ptolemy.util.test.junit.AutoTests" name="[154] /home/travis/build/icyphy/ptII/ptolemy/actor/lib/test/auto/Expression13.xml (RunModel)" time="0.011" />
  <testcase classname="ptolemy.util.test.junit.AutoTests" name="[155] /home/travis/build/icyphy/ptII/ptolemy/actor/lib/test/auto/Expression14.xml (RunModel)" time="0.014" />
  <testcase classname="ptolemy.util.test.junit.AutoTests" name="[156] /home/travis/build/icyphy/ptII/ptolemy/actor/lib/test/auto/Expression15.xml (RunModel)" time="0.007" />
  <testcase classname="ptolemy.util.test.junit.AutoTests" name="[157] /home/travis/build/icyphy/ptII/ptolemy/actor/lib/test/auto/Expression16.xml (RunModel)" time="0.012" />
  <testcase classname="ptolemy.util.test.junit.AutoTests" name="[158] /home/travis/build/icyphy/ptII/ptolemy/actor/lib/test/auto/Expression17.xml (RunModel)" time="0.011" />
  <testcase classname="ptolemy.util.test.junit.AutoTests" name="[159] /home/travis/build/icyphy/ptII/ptolemy/actor/lib/test/auto/Expression18.xml (RunModel)" time="0.015" />
  <testcase classname="ptolemy.util.test.junit.AutoTests" name="[160] /home/travis/build/icyphy/ptII/ptolemy/actor/lib/test/auto/Expression2.xml (RunModel)" time="0.012" />
  <testcase classname="ptolemy.util.test.junit.AutoTests" name="[161] /home/travis/build/icyphy/ptII/ptolemy/actor/lib/test/auto/Expression3.xml (RunModel)" time="0.011" />
  <testcase classname="ptolemy.util.test.junit.AutoTests" name="[162] /home/travis/build/icyphy/ptII/ptolemy/actor/lib/test/auto/Expression4.xml (RunModel)" time="0.019" />
  <testcase classname="ptolemy.util.test.junit.AutoTests" name="[163] /home/travis/build/icyphy/ptII/ptolemy/actor/lib/test/auto/Expression5.xml (RunModel)" time="0.013" />
  <testcase classname="ptolemy.util.test.junit.AutoTests" name="[164] /home/travis/build/icyphy/ptII/ptolemy/actor/lib/test/auto/Expression6.xml (RunModel)" time="0.011" />
  <testcase classname="ptolemy.util.test.junit.AutoTests" name="[165] /home/travis/build/icyphy/ptII/ptolemy/actor/lib/test/auto/Expression7.xml (RunModel)" time="0.013" />
  <testcase classname="ptolemy.util.test.junit.AutoTests" name="[166] /home/travis/build/icyphy/ptII/ptolemy/actor/lib/test/auto/Expression8.xml (RunModel)" time="0.012" />
  <testcase classname="ptolemy.util.test.junit.AutoTests" name="[167] /home/travis/build/icyphy/ptII/ptolemy/actor/lib/test/auto/Expression9.xml (RunModel)" time="0.01" />
  <testcase classname="ptolemy.util.test.junit.AutoTests" name="[168] /home/travis/build/icyphy/ptII/ptolemy/actor/lib/test/auto/ExpressionConcatenateArrayType.xml (RunModel)" time="0.025" />
  <testcase classname="ptolemy.util.test.junit.AutoTests" name="[169] /home/travis/build/icyphy/ptII/ptolemy/actor/lib/test/auto/ExpressionConcatenateArrayType2.xml (RunModel)" time="0.016" />
  <testcase classname="ptolemy.util.test.junit.AutoTests" name="[170] /home/travis/build/icyphy/ptII/ptolemy/actor/lib/test/auto/ExpressionFix.xml (RunModel)" time="0.025" />
  <testcase classname="ptolemy.util.test.junit.AutoTests" name="[171] /home/travis/build/icyphy/ptII/ptolemy/actor/lib/test/auto/ExpressionFix2.xml (RunModel)" time="0.01" />
  <testcase classname="ptolemy.util.test.junit.AutoTests" name="[172] /home/travis/build/icyphy/ptII/ptolemy/actor/lib/test/auto/ExpressionFix3.xml (RunModel)" time="0.01" />
  <testcase classname="ptolemy.util.test.junit.AutoTests" name="[173] /home/travis/build/icyphy/ptII/ptolemy/actor/lib/test/auto/FileWriter1.xml (RunModel)" time="0.01" />
  <testcase classname="ptolemy.util.test.junit.AutoTests" name="[174] /home/travis/build/icyphy/ptII/ptolemy/actor/lib/test/auto/FileWriter2.xml (RunModel)" time="0.01" />
  <testcase classname="ptolemy.util.test.junit.AutoTests" name="[175] /home/travis/build/icyphy/ptII/ptolemy/actor/lib/test/auto/FileWriter3.xml (RunModel)" time="0.018" />
  <testcase classname="ptolemy.util.test.junit.AutoTests" name="[176] /home/travis/build/icyphy/ptII/ptolemy/actor/lib/test/auto/Gaussian.xml (RunModel)" time="0.012" />
  <testcase classname="ptolemy.util.test.junit.AutoTests" name="[177] /home/travis/build/icyphy/ptII/ptolemy/actor/lib/test/auto/Gaussian1.xml (RunModel)" time="0.013" />
  <testcase classname="ptolemy.util.test.junit.AutoTests" name="[178] /home/travis/build/icyphy/ptII/ptolemy/actor/lib/test/auto/Gaussian2.xml (RunModel)" time="0.023" />
  <testcase classname="ptolemy.util.test.junit.AutoTests" name="[179] /home/travis/build/icyphy/ptII/ptolemy/actor/lib/test/auto/GradientAdaptiveLattice.xml (RunModel)" time="0.016" />
  <testcase classname="ptolemy.util.test.junit.AutoTests" name="[180] /home/travis/build/icyphy/ptII/ptolemy/actor/lib/test/auto/IIR.xml (RunModel)" time="0.014" />
  <testcase classname="ptolemy.util.test.junit.AutoTests" name="[181] /home/travis/build/icyphy/ptII/ptolemy/actor/lib/test/auto/InputOutputTransparentPorts.xml (RunModel)" time="0.024" />
  <testcase classname="ptolemy.util.test.junit.AutoTests" name="[182] /home/travis/build/icyphy/ptII/ptolemy/actor/lib/test/auto/Interpolator.xml (RunModel)" time="0.018" />
  <testcase classname="ptolemy.util.test.junit.AutoTests" name="[183] /home/travis/build/icyphy/ptII/ptolemy/actor/lib/test/auto/InterpolatorFiringLimitDE.xml (RunModel)" time="0.015" />
  <testcase classname="ptolemy.util.test.junit.AutoTests" name="[184] /home/travis/build/icyphy/ptII/ptolemy/actor/lib/test/auto/Lattice.xml (RunModel)" time="0.018" />
  <testcase classname="ptolemy.util.test.junit.AutoTests" name="[185] /home/travis/build/icyphy/ptII/ptolemy/actor/lib/test/auto/LazyAOCTestLazy.xml (RunModel)" time="0.022" />
  <testcase classname="ptolemy.util.test.junit.AutoTests" name="[186] /home/travis/build/icyphy/ptII/ptolemy/actor/lib/test/auto/LazyAOCTestNonLazy.xml (RunModel)" time="0.031" />
  <testcase classname="ptolemy.util.test.junit.AutoTests" name="[187] /home/travis/build/icyphy/ptII/ptolemy/actor/lib/test/auto/LazyInnerClass.xml (RunModel)" time="0.059" />
  <testcase classname="ptolemy.util.test.junit.AutoTests" name="[188] /home/travis/build/icyphy/ptII/ptolemy/actor/lib/test/auto/LazyPubSub.xml (RunModel)" time="0.069" />
  <testcase classname="ptolemy.util.test.junit.AutoTests" name="[189] /home/travis/build/icyphy/ptII/ptolemy/actor/lib/test/auto/LazyPubSub2.xml (RunModel)" time="0.052" />
  <testcase classname="ptolemy.util.test.junit.AutoTests" name="[190] /home/travis/build/icyphy/ptII/ptolemy/actor/lib/test/auto/LazyPubSub3.xml (RunModel)" time="0.034" />
  <testcase classname="ptolemy.util.test.junit.AutoTests" name="[191] /home/travis/build/icyphy/ptII/ptolemy/actor/lib/test/auto/LazySubClassModel.xml (RunModel)" time="0.022" />
  <testcase classname="ptolemy.util.test.junit.AutoTests" name="[192] /home/travis/build/icyphy/ptII/ptolemy/actor/lib/test/auto/LevelCrossTest1.xml (RunModel)" time="0.011" />
  <testcase classname="ptolemy.util.test.junit.AutoTests" name="[193] /home/travis/build/icyphy/ptII/ptolemy/actor/lib/test/auto/LevelCrossTest10.xml (RunModel)" time="0.018" />
  <testcase classname="ptolemy.util.test.junit.AutoTests" name="[194] /home/travis/build/icyphy/ptII/ptolemy/actor/lib/test/auto/LevelCrossTest11.xml (RunModel)" time="0.012" />
  <testcase classname="ptolemy.util.test.junit.AutoTests" name="[195] /home/travis/build/icyphy/ptII/ptolemy/actor/lib/test/auto/LevelCrossTest12.xml (RunModel)" time="0.017" />
  <testcase classname="ptolemy.util.test.junit.AutoTests" name="[196] /home/travis/build/icyphy/ptII/ptolemy/actor/lib/test/auto/LevelCrossTest13.xml (RunModel)" time="0.012" />
  <testcase classname="ptolemy.util.test.junit.AutoTests" name="[197] /home/travis/build/icyphy/ptII/ptolemy/actor/lib/test/auto/LevelCrossTest2.xml (RunModel)" time="0.01" />
  <testcase classname="ptolemy.util.test.junit.AutoTests" name="[198] /home/travis/build/icyphy/ptII/ptolemy/actor/lib/test/auto/LevelCrossTest3.xml (RunModel)" time="0.014" />
  <testcase classname="ptolemy.util.test.junit.AutoTests" name="[199] /home/travis/build/icyphy/ptII/ptolemy/actor/lib/test/auto/LevelCrossTest4.xml (RunModel)" time="0.01" />
  <testcase classname="ptolemy.util.test.junit.AutoTests" name="[200] /home/travis/build/icyphy/ptII/ptolemy/actor/lib/test/auto/LevelCrossTest5.xml (RunModel)" time="0.013" />
  <testcase classname="ptolemy.util.test.junit.AutoTests" name="[201] /home/travis/build/icyphy/ptII/ptolemy/actor/lib/test/auto/LevelCrossTest6.xml (RunModel)" time="0.019" />
  <testcase classname="ptolemy.util.test.junit.AutoTests" name="[202] /home/travis/build/icyphy/ptII/ptolemy/actor/lib/test/auto/LevelCrossTest7.xml (RunModel)" time="0.018" />
  <testcase classname="ptolemy.util.test.junit.AutoTests" name="[203] /home/travis/build/icyphy/ptII/ptolemy/actor/lib/test/auto/LevelCrossTest8.xml (RunModel)" time="0.013" />
  <testcase classname="ptolemy.util.test.junit.AutoTests" name="[204] /home/travis/build/icyphy/ptII/ptolemy/actor/lib/test/auto/LevelCrossTest9.xml (RunModel)" time="0.012" />
  <testcase classname="ptolemy.util.test.junit.AutoTests" name="[205] /home/travis/build/icyphy/ptII/ptolemy/actor/lib/test/auto/LevinsonDurbin.xml (RunModel)" time="0.013" />
  <testcase classname="ptolemy.util.test.junit.AutoTests" name="[206] /home/travis/build/icyphy/ptII/ptolemy/actor/lib/test/auto/LevinsonDurbin2.xml (RunModel)" time="0.007" />
  <testcase classname="ptolemy.util.test.junit.AutoTests" name="[207] /home/travis/build/icyphy/ptII/ptolemy/actor/lib/test/auto/LevinsonDurbin3.xml (RunModel)" time="0.013" />
  <testcase classname="ptolemy.util.test.junit.AutoTests" name="[208] /home/travis/build/icyphy/ptII/ptolemy/actor/lib/test/auto/Limiter.xml (RunModel)" time="0.032" />
  <testcase classname="ptolemy.util.test.junit.AutoTests" name="[209] /home/travis/build/icyphy/ptII/ptolemy/actor/lib/test/auto/LinearDifferenceEquationSystem.xml (RunModel)" time="0.024" />
  <testcase classname="ptolemy.util.test.junit.AutoTests" name="[210] /home/travis/build/icyphy/ptII/ptolemy/actor/lib/test/auto/LookupTable.xml (RunModel)" time="0.01" />
  <testcase classname="ptolemy.util.test.junit.AutoTests" name="[211] /home/travis/build/icyphy/ptII/ptolemy/actor/lib/test/auto/MathFunction.xml (RunModel)" time="0.027" />
  <testcase classname="ptolemy.util.test.junit.AutoTests" name="[212] /home/travis/build/icyphy/ptII/ptolemy/actor/lib/test/auto/MathFunction2.xml (RunModel)" time="0.02" />
  <testcase classname="ptolemy.util.test.junit.AutoTests" name="[213] /home/travis/build/icyphy/ptII/ptolemy/actor/lib/test/auto/MathFunction3.xml (RunModel)" time="0.022" />
  <testcase classname="ptolemy.util.test.junit.AutoTests" name="[214] /home/travis/build/icyphy/ptII/ptolemy/actor/lib/test/auto/MatrixCropBoolean.xml (RunModel)" time="0.01" />
  <testcase classname="ptolemy.util.test.junit.AutoTests" name="[215] /home/travis/build/icyphy/ptII/ptolemy/actor/lib/test/auto/MatrixCropComplex.xml (RunModel)" time="0.009" />
  <testcase classname="ptolemy.util.test.junit.AutoTests" name="[216] /home/travis/build/icyphy/ptII/ptolemy/actor/lib/test/auto/MatrixCropDouble.xml (RunModel)" time="0.009" />
  <testcase classname="ptolemy.util.test.junit.AutoTests" name="[217] /home/travis/build/icyphy/ptII/ptolemy/actor/lib/test/auto/MatrixCropFix.xml (RunModel)" time="0.009" />
  <testcase classname="ptolemy.util.test.junit.AutoTests" name="[218] /home/travis/build/icyphy/ptII/ptolemy/actor/lib/test/auto/MatrixCropInt.xml (RunModel)" time="0.012" />
  <testcase classname="ptolemy.util.test.junit.AutoTests" name="[219] /home/travis/build/icyphy/ptII/ptolemy/actor/lib/test/auto/MatrixCropLong.xml (RunModel)" time="0.008" />
  <testcase classname="ptolemy.util.test.junit.AutoTests" name="[220] /home/travis/build/icyphy/ptII/ptolemy/actor/lib/test/auto/MatrixToArray.xml (RunModel)" time="0.038" />
  <testcase classname="ptolemy.util.test.junit.AutoTests" name="[221] /home/travis/build/icyphy/ptII/ptolemy/actor/lib/test/auto/MaxIndex.xml (RunModel)" time="0.01" />
  <testcase classname="ptolemy.util.test.junit.AutoTests" name="[222] /home/travis/build/icyphy/ptII/ptolemy/actor/lib/test/auto/Maximum.xml (RunModel)" time="0.012" />
  <testcase classname="ptolemy.util.test.junit.AutoTests" name="[223] /home/travis/build/icyphy/ptII/ptolemy/actor/lib/test/auto/MaximumComplex.xml (RunModel)" time="0.015" />
  <testcase classname="ptolemy.util.test.junit.AutoTests" name="[224] /home/travis/build/icyphy/ptII/ptolemy/actor/lib/test/auto/MethodCallTest.xml (RunModel)" time="0.017" />
  <testcase classname="ptolemy.util.test.junit.AutoTests" name="[225] /home/travis/build/icyphy/ptII/ptolemy/actor/lib/test/auto/Minimum.xml (RunModel)" time="0.01" />
  <testcase classname="ptolemy.util.test.junit.AutoTests" name="[226] /home/travis/build/icyphy/ptII/ptolemy/actor/lib/test/auto/MinimumComplex.xml (RunModel)" time="0.012" />
  <testcase classname="ptolemy.util.test.junit.AutoTests" name="[227] /home/travis/build/icyphy/ptII/ptolemy/actor/lib/test/auto/MinimumMultiports.xml (RunModel)" time="0.022" />
  <testcase classname="ptolemy.util.test.junit.AutoTests" name="[228] /home/travis/build/icyphy/ptII/ptolemy/actor/lib/test/auto/ModifyDate.xml (RunModel)" time="0.034" />
  <testcase classname="ptolemy.util.test.junit.AutoTests" name="[229] /home/travis/build/icyphy/ptII/ptolemy/actor/lib/test/auto/ModifyDate2.xml (RunModel)" time="0.03" />
  <testcase classname="ptolemy.util.test.junit.AutoTests" name="[230] /home/travis/build/icyphy/ptII/ptolemy/actor/lib/test/auto/MovingAverage.xml (RunModel)" time="0.011" />
  <testcase classname="ptolemy.util.test.junit.AutoTests" name="[231] /home/travis/build/icyphy/ptII/ptolemy/actor/lib/test/auto/MovingMaximum.xml (RunModel)" time="0.009" />
  <testcase classname="ptolemy.util.test.junit.AutoTests" name="[232] /home/travis/build/icyphy/ptII/ptolemy/actor/lib/test/auto/MultipleLinksToSameRelation.xml (RunModel)" time="0.011" />
  <testcase classname="ptolemy.util.test.junit.AutoTests" name="[233] /home/travis/build/icyphy/ptII/ptolemy/actor/lib/test/auto/MultipleLinksToSameRelationDE.xml (RunModel)" time="0.008" />
  <testcase classname="ptolemy.util.test.junit.AutoTests" name="[234] /home/travis/build/icyphy/ptII/ptolemy/actor/lib/test/auto/Multiplexor.xml (RunModel)" time="0.012" />
  <testcase classname="ptolemy.util.test.junit.AutoTests" name="[235] /home/travis/build/icyphy/ptII/ptolemy/actor/lib/test/auto/Multiplexor1.xml (RunModel)" time="0.012" />
  <testcase classname="ptolemy.util.test.junit.AutoTests" name="[236] /home/travis/build/icyphy/ptII/ptolemy/actor/lib/test/auto/Multiplexor2.xml (RunModel)" time="0.012" />
  <testcase classname="ptolemy.util.test.junit.AutoTests" name="[237] /home/travis/build/icyphy/ptII/ptolemy/actor/lib/test/auto/Multiplexor3.xml (RunModel)" time="0.008" />
  <testcase classname="ptolemy.util.test.junit.AutoTests" name="[238] /home/travis/build/icyphy/ptII/ptolemy/actor/lib/test/auto/MultiplexorDE.xml (RunModel)" time="0.016" />
  <testcase classname="ptolemy.util.test.junit.AutoTests" name="[239] /home/travis/build/icyphy/ptII/ptolemy/actor/lib/test/auto/MultiportBroadcastTest.xml (RunModel)" time="0.088" />
  <testcase classname="ptolemy.util.test.junit.AutoTests" name="[240] /home/travis/build/icyphy/ptII/ptolemy/actor/lib/test/auto/MultiportOutHangDuringGetWidth.xml (RunModel)" time="0.038" />
  <testcase classname="ptolemy.util.test.junit.AutoTests" name="[241] /home/travis/build/icyphy/ptII/ptolemy/actor/lib/test/auto/NilToken.xml (RunModel)" time="0.014" />
  <testcase classname="ptolemy.util.test.junit.AutoTests" name="[242] /home/travis/build/icyphy/ptII/ptolemy/actor/lib/test/auto/NilTokenNonStrictTest.xml (RunModel)" time="0.012" />
  <testcase classname="ptolemy.util.test.junit.AutoTests" name="[243] /home/travis/build/icyphy/ptII/ptolemy/actor/lib/test/auto/NilTokenRecord.xml (RunModel)" time="0.023" />
  <testcase classname="ptolemy.util.test.junit.AutoTests" name="[244] /home/travis/build/icyphy/ptII/ptolemy/actor/lib/test/auto/NilTokenTypeTest.xml (RunModel)" time="0.034" />
  <testcase classname="ptolemy.util.test.junit.AutoTests" name="[245] /home/travis/build/icyphy/ptII/ptolemy/actor/lib/test/auto/ObjectToken1.xml (RunModel)" time="0.008" />
  <testcase classname="ptolemy.util.test.junit.AutoTests" name="[246] /home/travis/build/icyphy/ptII/ptolemy/actor/lib/test/auto/OrderedMerge.xml (RunModel)" time="0.02" />
  <testcase classname="ptolemy.util.test.junit.AutoTests" name="[247] /home/travis/build/icyphy/ptII/ptolemy/actor/lib/test/auto/OrderedRecordDisassembler.xml (RunModel)" time="0.016" />
  <testcase classname="ptolemy.util.test.junit.AutoTests" name="[248] /home/travis/build/icyphy/ptII/ptolemy/actor/lib/test/auto/OrderedRecordDisassembler2.xml (RunModel)" time="0.019" />
  <testcase classname="ptolemy.util.test.junit.AutoTests" name="[249] /home/travis/build/icyphy/ptII/ptolemy/actor/lib/test/auto/OrderedRecordUpdater.xml (RunModel)" time="0.013" />
  <testcase classname="ptolemy.util.test.junit.AutoTests" name="[250] /home/travis/build/icyphy/ptII/ptolemy/actor/lib/test/auto/OrderedRecordUpdater2.xml (RunModel)" time="0.018" />
  <testcase classname="ptolemy.util.test.junit.AutoTests" name="[251] /home/travis/build/icyphy/ptII/ptolemy/actor/lib/test/auto/PhaseUnwrap.xml (RunModel)" time="0.011" />
  <testcase classname="ptolemy.util.test.junit.AutoTests" name="[252] /home/travis/build/icyphy/ptII/ptolemy/actor/lib/test/auto/PoissonClock.xml (RunModel)" time="0.009" />
  <testcase classname="ptolemy.util.test.junit.AutoTests" name="[253] /home/travis/build/icyphy/ptII/ptolemy/actor/lib/test/auto/PoissonClock2.xml (RunModel)" time="0.008" />
  <testcase classname="ptolemy.util.test.junit.AutoTests" name="[254] /home/travis/build/icyphy/ptII/ptolemy/actor/lib/test/auto/PoissonClock3.xml (RunModel)" time="0.015" />
  <testcase classname="ptolemy.util.test.junit.AutoTests" name="[255] /home/travis/build/icyphy/ptII/ptolemy/actor/lib/test/auto/PubSubWithInitialTokens.xml (RunModel)" time="0.016" />
  <testcase classname="ptolemy.util.test.junit.AutoTests" name="[256] /home/travis/build/icyphy/ptII/ptolemy/actor/lib/test/auto/PubSubWithInitialTokens2.xml (RunModel)" time="0.012" />
  <testcase classname="ptolemy.util.test.junit.AutoTests" name="[257] /home/travis/build/icyphy/ptII/ptolemy/actor/lib/test/auto/PublisherClassNoParameter.xml (RunModel)" time="0.023" />
  <testcase classname="ptolemy.util.test.junit.AutoTests" name="[258] /home/travis/build/icyphy/ptII/ptolemy/actor/lib/test/auto/PublisherClassParameter.xml (RunModel)" time="0.023" />
  <testcase classname="ptolemy.util.test.junit.AutoTests" name="[259] /home/travis/build/icyphy/ptII/ptolemy/actor/lib/test/auto/PublisherNonStrictTest.xml (RunModel)" time="0.018" />
  <testcase classname="ptolemy.util.test.junit.AutoTests" name="[260] /home/travis/build/icyphy/ptII/ptolemy/actor/lib/test/auto/PublisherPort1.xml (RunModel)" time="0.012" />
  <testcase classname="ptolemy.util.test.junit.AutoTests" name="[261] /home/travis/build/icyphy/ptII/ptolemy/actor/lib/test/auto/PublisherPort2.xml (RunModel)" time="0.009" />
  <testcase classname="ptolemy.util.test.junit.AutoTests" name="[262] /home/travis/build/icyphy/ptII/ptolemy/actor/lib/test/auto/PublisherPort3.xml (RunModel)" time="0.023" />
  <testcase classname="ptolemy.util.test.junit.AutoTests" name="[263] /home/travis/build/icyphy/ptII/ptolemy/actor/lib/test/auto/PublisherPort4.xml (RunModel)" time="0.022" />
  <testcase classname="ptolemy.util.test.junit.AutoTests" name="[264] /home/travis/build/icyphy/ptII/ptolemy/actor/lib/test/auto/PublisherPort5.xml (RunModel)" time="0.021" />
  <testcase classname="ptolemy.util.test.junit.AutoTests" name="[265] /home/travis/build/icyphy/ptII/ptolemy/actor/lib/test/auto/PublisherPort5LookAlike.xml (RunModel)" time="0.027" />
  <testcase classname="ptolemy.util.test.junit.AutoTests" name="[266] /home/travis/build/icyphy/ptII/ptolemy/actor/lib/test/auto/PublisherPort6.xml (RunModel)" time="0.014" />
  <testcase classname="ptolemy.util.test.junit.AutoTests" name="[267] /home/travis/build/icyphy/ptII/ptolemy/actor/lib/test/auto/PublisherPort7.xml (RunModel)" time="0.014" />
  <testcase classname="ptolemy.util.test.junit.AutoTests" name="[268] /home/travis/build/icyphy/ptII/ptolemy/actor/lib/test/auto/PublisherPort8.xml (RunModel)" time="0.016" />
  <testcase classname="ptolemy.util.test.junit.AutoTests" name="[269] /home/travis/build/icyphy/ptII/ptolemy/actor/lib/test/auto/PublisherPortSubscriberChannelVariablesAOC2.xml (RunModel)" time="0.032" />
  <testcase classname="ptolemy.util.test.junit.AutoTests" name="[270] /home/travis/build/icyphy/ptII/ptolemy/actor/lib/test/auto/PublisherPortSubscriberOpaqueWidthInference.xml (RunModel)" time="0.015" />
  <testcase classname="ptolemy.util.test.junit.AutoTests" name="[271] /home/travis/build/icyphy/ptII/ptolemy/actor/lib/test/auto/PublisherPortSubscriberPortAdjacent.xml (RunModel)" time="0.019" />
  <testcase classname="ptolemy.util.test.junit.AutoTests" name="[272] /home/travis/build/icyphy/ptII/ptolemy/actor/lib/test/auto/PublisherPortSubscriberPortExpression.xml (RunModel)" time="0.016" />
  <testcase classname="ptolemy.util.test.junit.AutoTests" name="[273] /home/travis/build/icyphy/ptII/ptolemy/actor/lib/test/auto/PublisherPortSubscriberPortOpaqueD3Reverse.xml (RunModel)" time="0.018" />
  <testcase classname="ptolemy.util.test.junit.AutoTests" name="[274] /home/travis/build/icyphy/ptII/ptolemy/actor/lib/test/auto/PublisherPortSubscriberPortOpaqueWidthInference.xml (RunModel)" time="0.019" />
  <testcase classname="ptolemy.util.test.junit.AutoTests" name="[275] /home/travis/build/icyphy/ptII/ptolemy/actor/lib/test/auto/PublisherPortToplevelSubscriberPortAOC.xml (RunModel)" time="0.01" />
  <testcase classname="ptolemy.util.test.junit.AutoTests" name="[276] /home/travis/build/icyphy/ptII/ptolemy/actor/lib/test/auto/PublisherSubscriber.xml (RunModel)" time="0.011" />
  <testcase classname="ptolemy.util.test.junit.AutoTests" name="[277] /home/travis/build/icyphy/ptII/ptolemy/actor/lib/test/auto/PublisherSubscriber10.xml (RunModel)" time="0.021" />
  <testcase classname="ptolemy.util.test.junit.AutoTests" name="[278] /home/travis/build/icyphy/ptII/ptolemy/actor/lib/test/auto/PublisherSubscriber10InitialOutputs.xml (RunModel)" time="0.03" />
  <testcase classname="ptolemy.util.test.junit.AutoTests" name="[279] /home/travis/build/icyphy/ptII/ptolemy/actor/lib/test/auto/PublisherSubscriber11.xml (RunModel)" time="0.017" />
  <testcase classname="ptolemy.util.test.junit.AutoTests" name="[280] /home/travis/build/icyphy/ptII/ptolemy/actor/lib/test/auto/PublisherSubscriber12.xml (RunModel)" time="0.013" />
  <testcase classname="ptolemy.util.test.junit.AutoTests" name="[281] /home/travis/build/icyphy/ptII/ptolemy/actor/lib/test/auto/PublisherSubscriber13.xml (RunModel)" time="0.01" />
  <testcase classname="ptolemy.util.test.junit.AutoTests" name="[282] /home/travis/build/icyphy/ptII/ptolemy/actor/lib/test/auto/PublisherSubscriber14.xml (RunModel)" time="0.017" />
  <testcase classname="ptolemy.util.test.junit.AutoTests" name="[283] /home/travis/build/icyphy/ptII/ptolemy/actor/lib/test/auto/PublisherSubscriber2.xml (RunModel)" time="0.008" />
  <testcase classname="ptolemy.util.test.junit.AutoTests" name="[284] /home/travis/build/icyphy/ptII/ptolemy/actor/lib/test/auto/PublisherSubscriber3.xml (RunModel)" time="0.009" />
  <testcase classname="ptolemy.util.test.junit.AutoTests" name="[285] /home/travis/build/icyphy/ptII/ptolemy/actor/lib/test/auto/PublisherSubscriber4.xml (RunModel)" time="0.008" />
  <testcase classname="ptolemy.util.test.junit.AutoTests" name="[286] /home/travis/build/icyphy/ptII/ptolemy/actor/lib/test/auto/PublisherSubscriber5.xml (RunModel)" time="0.01" />
  <testcase classname="ptolemy.util.test.junit.AutoTests" name="[287] /home/travis/build/icyphy/ptII/ptolemy/actor/lib/test/auto/PublisherSubscriber6.xml (RunModel)" time="0.011" />
  <testcase classname="ptolemy.util.test.junit.AutoTests" name="[288] /home/travis/build/icyphy/ptII/ptolemy/actor/lib/test/auto/PublisherSubscriber7.xml (RunModel)" time="0.013" />
  <testcase classname="ptolemy.util.test.junit.AutoTests" name="[289] /home/travis/build/icyphy/ptII/ptolemy/actor/lib/test/auto/PublisherSubscriber8.xml (RunModel)" time="0.024" />
  <testcase classname="ptolemy.util.test.junit.AutoTests" name="[290] /home/travis/build/icyphy/ptII/ptolemy/actor/lib/test/auto/PublisherSubscriber9.xml (RunModel)" time="0.014" />
  <testcase classname="ptolemy.util.test.junit.AutoTests" name="[291] /home/travis/build/icyphy/ptII/ptolemy/actor/lib/test/auto/PublisherSubscriberAdjacent.xml (RunModel)" time="0.016" />
  <testcase classname="ptolemy.util.test.junit.AutoTests" name="[292] /home/travis/build/icyphy/ptII/ptolemy/actor/lib/test/auto/PublisherSubscriberChannelVariablesAOC2.xml (RunModel)" time="0.026" />
  <testcase classname="ptolemy.util.test.junit.AutoTests" name="[293] /home/travis/build/icyphy/ptII/ptolemy/actor/lib/test/auto/PublisherSubscriberD3.xml (RunModel)" time="0.013" />
  <testcase classname="ptolemy.util.test.junit.AutoTests" name="[294] /home/travis/build/icyphy/ptII/ptolemy/actor/lib/test/auto/PublisherSubscriberD3Reverse.xml (RunModel)" time="0.011" />
  <testcase classname="ptolemy.util.test.junit.AutoTests" name="[295] /home/travis/build/icyphy/ptII/ptolemy/actor/lib/test/auto/PublisherSubscriberExpression.xml (RunModel)" time="0.017" />
  <testcase classname="ptolemy.util.test.junit.AutoTests" name="[296] /home/travis/build/icyphy/ptII/ptolemy/actor/lib/test/auto/PublisherSubscriberOpaque.xml (RunModel)" time="0.015" />
  <testcase classname="ptolemy.util.test.junit.AutoTests" name="[297] /home/travis/build/icyphy/ptII/ptolemy/actor/lib/test/auto/PublisherSubscriberOpaqueD3.xml (RunModel)" time="0.021" />
  <testcase classname="ptolemy.util.test.junit.AutoTests" name="[298] /home/travis/build/icyphy/ptII/ptolemy/actor/lib/test/auto/PublisherSubscriberOpaqueD3Reverse.xml (RunModel)" time="0.018" />
  <testcase classname="ptolemy.util.test.junit.AutoTests" name="[299] /home/travis/build/icyphy/ptII/ptolemy/actor/lib/test/auto/PublisherSubscriberOpaqueWidthInference.xml (RunModel)" time="0.015" />
  <testcase classname="ptolemy.util.test.junit.AutoTests" name="[300] /home/travis/build/icyphy/ptII/ptolemy/actor/lib/test/auto/PublisherTestSubscriber.xml (RunModel)" time="0.015" />
  <testcase classname="ptolemy.util.test.junit.AutoTests" name="[301] /home/travis/build/icyphy/ptII/ptolemy/actor/lib/test/auto/PublisherToplevelSubscriberPortAOC.xml (RunModel)" time="0.01" />
  <testcase classname="ptolemy.util.test.junit.AutoTests" name="[302] /home/travis/build/icyphy/ptII/ptolemy/actor/lib/test/auto/PulseFiringLimitDE.xml (RunModel)" time="0.012" />
  <testcase classname="ptolemy.util.test.junit.AutoTests" name="[303] /home/travis/build/icyphy/ptII/ptolemy/actor/lib/test/auto/Ramp1.xml (RunModel)" time="0.006" />
  <testcase classname="ptolemy.util.test.junit.AutoTests" name="[304] /home/travis/build/icyphy/ptII/ptolemy/actor/lib/test/auto/RampFiringLimitDE.xml (RunModel)" time="0.009" />
  <testcase classname="ptolemy.util.test.junit.AutoTests" name="[305] /home/travis/build/icyphy/ptII/ptolemy/actor/lib/test/auto/RampFiringLimitSDF.xml (RunModel)" time="0.01" />
  <testcase classname="ptolemy.util.test.junit.AutoTests" name="[306] /home/travis/build/icyphy/ptII/ptolemy/actor/lib/test/auto/RandomInteger.xml (RunModel)" time="0.008" />
  <testcase classname="ptolemy.util.test.junit.AutoTests" name="[307] /home/travis/build/icyphy/ptII/ptolemy/actor/lib/test/auto/ReadFile1.xml (RunModel)" time="0.008" />
  <testcase classname="ptolemy.util.test.junit.AutoTests" name="[308] /home/travis/build/icyphy/ptII/ptolemy/actor/lib/test/auto/ReadFile2.xml (RunModel)" time="0.008" />
  <testcase classname="ptolemy.util.test.junit.AutoTests" name="[309] /home/travis/build/icyphy/ptII/ptolemy/actor/lib/test/auto/Reader.xml (RunModel)" time="0.01" />
  <testcase classname="ptolemy.util.test.junit.AutoTests" name="[310] /home/travis/build/icyphy/ptII/ptolemy/actor/lib/test/auto/RecordAssemblerDisplayNameTest.xml (RunModel)" time="2.909" />
  <testcase classname="ptolemy.util.test.junit.AutoTests" name="[311] /home/travis/build/icyphy/ptII/ptolemy/actor/lib/test/auto/RecordAssemblerTypeError.xml (RunModel)" time="0.043" />
  <testcase classname="ptolemy.util.test.junit.AutoTests" name="[312] /home/travis/build/icyphy/ptII/ptolemy/actor/lib/test/auto/RecordDisassember.xml (RunModel)" time="0.008" />
  <testcase classname="ptolemy.util.test.junit.AutoTests" name="[313] /home/travis/build/icyphy/ptII/ptolemy/actor/lib/test/auto/RecordDisassemberDisplayNameTest.xml (RunModel)" time="0.023" />
  <testcase classname="ptolemy.util.test.junit.AutoTests" name="[314] /home/travis/build/icyphy/ptII/ptolemy/actor/lib/test/auto/RecordDisassembler.xml (RunModel)" time="0.011" />
  <testcase classname="ptolemy.util.test.junit.AutoTests" name="[315] /home/travis/build/icyphy/ptII/ptolemy/actor/lib/test/auto/RecordDisassembler2.xml (RunModel)" time="0.01" />
  <testcase classname="ptolemy.util.test.junit.AutoTests" name="[316] /home/travis/build/icyphy/ptII/ptolemy/actor/lib/test/auto/RecordUpdater.xml (RunModel)" time="0.008" />
  <testcase classname="ptolemy.util.test.junit.AutoTests" name="[317] /home/travis/build/icyphy/ptII/ptolemy/actor/lib/test/auto/RecordUpdater2.xml (RunModel)" time="0.008" />
  <testcase classname="ptolemy.util.test.junit.AutoTests" name="[318] /home/travis/build/icyphy/ptII/ptolemy/actor/lib/test/auto/RecursiveLattice.xml (RunModel)" time="0.007" />
  <testcase classname="ptolemy.util.test.junit.AutoTests" name="[319] /home/travis/build/icyphy/ptII/ptolemy/actor/lib/test/auto/Router.xml (RunModel)" time="3.029" />
  <testcase classname="ptolemy.util.test.junit.AutoTests" name="[320] /home/travis/build/icyphy/ptII/ptolemy/actor/lib/test/auto/Router2.xml (RunModel)" time="3.021" />
  <testcase classname="ptolemy.util.test.junit.AutoTests" name="[321] /home/travis/build/icyphy/ptII/ptolemy/actor/lib/test/auto/RunningMaximum.xml (RunModel)" time="0.011" />
  <testcase classname="ptolemy.util.test.junit.AutoTests" name="[322] /home/travis/build/icyphy/ptII/ptolemy/actor/lib/test/auto/RunningMinimum.xml (RunModel)" time="0.009" />
  <testcase classname="ptolemy.util.test.junit.AutoTests" name="[323] /home/travis/build/icyphy/ptII/ptolemy/actor/lib/test/auto/Scale.xml (RunModel)" time="0.008" />
  <testcase classname="ptolemy.util.test.junit.AutoTests" name="[324] /home/travis/build/icyphy/ptII/ptolemy/actor/lib/test/auto/Scale2.xml (RunModel)" time="0.008" />
  <testcase classname="ptolemy.util.test.junit.AutoTests" name="[325] /home/travis/build/icyphy/ptII/ptolemy/actor/lib/test/auto/Scale3.xml (RunModel)" time="0.012" />
  <testcase classname="ptolemy.util.test.junit.AutoTests" name="[326] /home/travis/build/icyphy/ptII/ptolemy/actor/lib/test/auto/ScaleArray.xml (RunModel)" time="0.008" />
  <testcase classname="ptolemy.util.test.junit.AutoTests" name="[327] /home/travis/build/icyphy/ptII/ptolemy/actor/lib/test/auto/ScaleArray2.xml (RunModel)" time="0.008" />
  <testcase classname="ptolemy.util.test.junit.AutoTests" name="[328] /home/travis/build/icyphy/ptII/ptolemy/actor/lib/test/auto/ScaleMatrix.xml (RunModel)" time="0.101" />
  <testcase classname="ptolemy.util.test.junit.AutoTests" name="[329] /home/travis/build/icyphy/ptII/ptolemy/actor/lib/test/auto/Select.xml (RunModel)" time="0.013" />
  <testcase classname="ptolemy.util.test.junit.AutoTests" name="[330] /home/travis/build/icyphy/ptII/ptolemy/actor/lib/test/auto/Select2.xml (RunModel)" time="0.007" />
  <testcase classname="ptolemy.util.test.junit.AutoTests" name="[331] /home/travis/build/icyphy/ptII/ptolemy/actor/lib/test/auto/SequenceToArray2.xml (RunModel)" time="0.118" />
  <testcase classname="ptolemy.util.test.junit.AutoTests" name="[332] /home/travis/build/icyphy/ptII/ptolemy/actor/lib/test/auto/SequentialClock.xml (RunModel)" time="0.008" />
  <testcase classname="ptolemy.util.test.junit.AutoTests" name="[333] /home/travis/build/icyphy/ptII/ptolemy/actor/lib/test/auto/SetVariable.xml (RunModel)" time="0.012" />
  <testcase classname="ptolemy.util.test.junit.AutoTests" name="[334] /home/travis/build/icyphy/ptII/ptolemy/actor/lib/test/auto/SetVariable2.xml (RunModel)" time="0.011" />
  <testcase classname="ptolemy.util.test.junit.AutoTests" name="[335] /home/travis/build/icyphy/ptII/ptolemy/actor/lib/test/auto/SetVariable3.xml (RunModel)" time="0.015" />
  <testcase classname="ptolemy.util.test.junit.AutoTests" name="[336] /home/travis/build/icyphy/ptII/ptolemy/actor/lib/test/auto/SetVariable4.xml (RunModel)" time="0.025" />
  <testcase classname="ptolemy.util.test.junit.AutoTests" name="[337] /home/travis/build/icyphy/ptII/ptolemy/actor/lib/test/auto/SetVariable5.xml (RunModel)" time="0.031" />
  <testcase classname="ptolemy.util.test.junit.AutoTests" name="[338] /home/travis/build/icyphy/ptII/ptolemy/actor/lib/test/auto/Sinewave.xml (RunModel)" time="0.042" />
  <testcase classname="ptolemy.util.test.junit.AutoTests" name="[339] /home/travis/build/icyphy/ptII/ptolemy/actor/lib/test/auto/Sinewave2.xml (RunModel)" time="0.014" />
  <testcase classname="ptolemy.util.test.junit.AutoTests" name="[340] /home/travis/build/icyphy/ptII/ptolemy/actor/lib/test/auto/Sinewave3.xml (RunModel)" time="0.014" />
  <testcase classname="ptolemy.util.test.junit.AutoTests" name="[341] /home/travis/build/icyphy/ptII/ptolemy/actor/lib/test/auto/SingleEvent.xml (RunModel)" time="0.007" />
  <testcase classname="ptolemy.util.test.junit.AutoTests" name="[342] /home/travis/build/icyphy/ptII/ptolemy/actor/lib/test/auto/Sleep.xml (RunModel)" time="6.012" />
  <testcase classname="ptolemy.util.test.junit.AutoTests" name="[343] /home/travis/build/icyphy/ptII/ptolemy/actor/lib/test/auto/SleepMultipleFire.xml (RunModel)" time="1.024" />
  <testcase classname="ptolemy.util.test.junit.AutoTests" name="[344] /home/travis/build/icyphy/ptII/ptolemy/actor/lib/test/auto/StopDE.xml (RunModel)" time="0.014" />
  <testcase classname="ptolemy.util.test.junit.AutoTests" name="[345] /home/travis/build/icyphy/ptII/ptolemy/actor/lib/test/auto/StopSDF.xml (RunModel)" time="0.011" />
  <testcase classname="ptolemy.util.test.junit.AutoTests" name="[346] /home/travis/build/icyphy/ptII/ptolemy/actor/lib/test/auto/StringConstant.xml (RunModel)" time="0.009" />
  <testcase classname="ptolemy.util.test.junit.AutoTests" name="[347] /home/travis/build/icyphy/ptII/ptolemy/actor/lib/test/auto/SubscriberPortInitialValues1.xml (RunModel)" time="0.016" />
  <testcase classname="ptolemy.util.test.junit.AutoTests" name="[348] /home/travis/build/icyphy/ptII/ptolemy/actor/lib/test/auto/SubscriberPortInitialValues13.xml (RunModel)" time="0.022" />
  <testcase classname="ptolemy.util.test.junit.AutoTests" name="[349] /home/travis/build/icyphy/ptII/ptolemy/actor/lib/test/auto/SubscriberPortInitialValues14.xml (RunModel)" time="0.01" />
  <testcase classname="ptolemy.util.test.junit.AutoTests" name="[350] /home/travis/build/icyphy/ptII/ptolemy/actor/lib/test/auto/SubscriberPortInitialValues2.xml (RunModel)" time="0.01" />
  <testcase classname="ptolemy.util.test.junit.AutoTests" name="[351] /home/travis/build/icyphy/ptII/ptolemy/actor/lib/test/auto/SubscriberPortInitialValues3.xml (RunModel)" time="0.012" />
  <testcase classname="ptolemy.util.test.junit.AutoTests" name="[352] /home/travis/build/icyphy/ptII/ptolemy/actor/lib/test/auto/SubscriptionAggregator.xml (RunModel)" time="0.007" />
  <testcase classname="ptolemy.util.test.junit.AutoTests" name="[353] /home/travis/build/icyphy/ptII/ptolemy/actor/lib/test/auto/SubscriptionAggregator2.xml (RunModel)" time="0.008" />
  <testcase classname="ptolemy.util.test.junit.AutoTests" name="[354] /home/travis/build/icyphy/ptII/ptolemy/actor/lib/test/auto/SubscriptionAggregator3.xml (RunModel)" time="0.01" />
  <testcase classname="ptolemy.util.test.junit.AutoTests" name="[355] /home/travis/build/icyphy/ptII/ptolemy/actor/lib/test/auto/SubscriptionAggregatorMultiply.xml (RunModel)" time="0.009" />
  <testcase classname="ptolemy.util.test.junit.AutoTests" name="[356] /home/travis/build/icyphy/ptII/ptolemy/actor/lib/test/auto/SubscriptionAggregatorPortMultiply1.xml (RunModel)" time="0.009" />
  <testcase classname="ptolemy.util.test.junit.AutoTests" name="[357] /home/travis/build/icyphy/ptII/ptolemy/actor/lib/test/auto/Switch.xml (RunModel)" time="0.009" />
  <testcase classname="ptolemy.util.test.junit.AutoTests" name="[358] /home/travis/build/icyphy/ptII/ptolemy/actor/lib/test/auto/Switch2.xml (RunModel)" time="0.01" />
  <testcase classname="ptolemy.util.test.junit.AutoTests" name="[359] /home/travis/build/icyphy/ptII/ptolemy/actor/lib/test/auto/SwitchDE.xml (RunModel)" time="0.009" />
  <testcase classname="ptolemy.util.test.junit.AutoTests" name="[360] /home/travis/build/icyphy/ptII/ptolemy/actor/lib/test/auto/SynchronizerDE.xml (RunModel)" time="0.012" />
  <testcase classname="ptolemy.util.test.junit.AutoTests" name="[361] /home/travis/build/icyphy/ptII/ptolemy/actor/lib/test/auto/Test.xml (RunModel)" time="0.006" />
  <testcase classname="ptolemy.util.test.junit.AutoTests" name="[362] /home/travis/build/icyphy/ptII/ptolemy/actor/lib/test/auto/TestExceptionAttribute1.xml (RunModel)" time="0.004" />
  <testcase classname="ptolemy.util.test.junit.AutoTests" name="[363] /home/travis/build/icyphy/ptII/ptolemy/actor/lib/test/auto/TestExceptionAttribute2.xml (RunModel)" time="0.004" />
  <testcase classname="ptolemy.util.test.junit.AutoTests" name="[364] /home/travis/build/icyphy/ptII/ptolemy/actor/lib/test/auto/TestExceptionAttribute3.xml (RunModel)" time="0.004" />
  <testcase classname="ptolemy.util.test.junit.AutoTests" name="[365] /home/travis/build/icyphy/ptII/ptolemy/actor/lib/test/auto/TestExceptionAttribute4.xml (RunModel)" time="0.004" />
  <testcase classname="ptolemy.util.test.junit.AutoTests" name="[366] /home/travis/build/icyphy/ptII/ptolemy/actor/lib/test/auto/TestExceptionHandler1.xml (RunModel)" time="0.005" />
  <testcase classname="ptolemy.util.test.junit.AutoTests" name="[367] /home/travis/build/icyphy/ptII/ptolemy/actor/lib/test/auto/TestExceptionHandler2.xml (RunModel)" time="0.009" />
  <testcase classname="ptolemy.util.test.junit.AutoTests" name="[368] /home/travis/build/icyphy/ptII/ptolemy/actor/lib/test/auto/TestExceptionHandler3.xml (RunModel)" time="0.009" />
  <testcase classname="ptolemy.util.test.junit.AutoTests" name="[369] /home/travis/build/icyphy/ptII/ptolemy/actor/lib/test/auto/TestExceptionHandler4.xml (RunModel)" time="0.006" />
  <testcase classname="ptolemy.util.test.junit.AutoTests" name="[370] /home/travis/build/icyphy/ptII/ptolemy/actor/lib/test/auto/TestRequireCorrectOrder.xml (RunModel)" time="0.013" />
  <testcase classname="ptolemy.util.test.junit.AutoTests" name="[371] /home/travis/build/icyphy/ptII/ptolemy/actor/lib/test/auto/TestSimple.xml (RunModel)" time="0.004" />
  <testcase classname="ptolemy.util.test.junit.AutoTests" name="[372] /home/travis/build/icyphy/ptII/ptolemy/actor/lib/test/auto/ThrowModelError.xml (RunModel)" time="0.007" />
  <testcase classname="ptolemy.util.test.junit.AutoTests" name="[373] /home/travis/build/icyphy/ptII/ptolemy/actor/lib/test/auto/TimeDelayMicrosteps.xml (RunModel)" time="0.009" />
  <testcase classname="ptolemy.util.test.junit.AutoTests" name="[374] /home/travis/build/icyphy/ptII/ptolemy/actor/lib/test/auto/TimeDelayMicrosteps2.xml (RunModel)" time="0.01" />
  <testcase classname="ptolemy.util.test.junit.AutoTests" name="[375] /home/travis/build/icyphy/ptII/ptolemy/actor/lib/test/auto/TimeDelayMicrosteps3.xml (RunModel)" time="0.008" />
  <testcase classname="ptolemy.util.test.junit.AutoTests" name="[376] /home/travis/build/icyphy/ptII/ptolemy/actor/lib/test/auto/TimeDelayVariableMicrosteps.xml (RunModel)" time="0.008" />
  <testcase classname="ptolemy.util.test.junit.AutoTests" name="[377] /home/travis/build/icyphy/ptII/ptolemy/actor/lib/test/auto/TimeGap.xml (RunModel)" time="0.01" />
  <testcase classname="ptolemy.util.test.junit.AutoTests" name="[378] /home/travis/build/icyphy/ptII/ptolemy/actor/lib/test/auto/TimeGap2.xml (RunModel)" time="0.007" />
  <testcase classname="ptolemy.util.test.junit.AutoTests" name="[379] /home/travis/build/icyphy/ptII/ptolemy/actor/lib/test/auto/TimedSinewave.xml (RunModel)" time="0.049" />
  <testcase classname="ptolemy.util.test.junit.AutoTests" name="[380] /home/travis/build/icyphy/ptII/ptolemy/actor/lib/test/auto/TimedSinewavePhase.xml (RunModel)" time="0.024" />
  <testcase classname="ptolemy.util.test.junit.AutoTests" name="[381] /home/travis/build/icyphy/ptII/ptolemy/actor/lib/test/auto/Timer.xml (RunModel)" time="0.01" />
  <testcase classname="ptolemy.util.test.junit.AutoTests" name="[382] /home/travis/build/icyphy/ptII/ptolemy/actor/lib/test/auto/TriangularDistTestModel.xml (RunModel)" time="0.011" />
  <testcase classname="ptolemy.util.test.junit.AutoTests" name="[383] /home/travis/build/icyphy/ptII/ptolemy/actor/lib/test/auto/TrigFunction.xml (RunModel)" time="0.006" />
  <testcase classname="ptolemy.util.test.junit.AutoTests" name="[384] /home/travis/build/icyphy/ptII/ptolemy/actor/lib/test/auto/TrigFunctionDE.xml (RunModel)" time="0.008" />
  <testcase classname="ptolemy.util.test.junit.AutoTests" name="[385] /home/travis/build/icyphy/ptII/ptolemy/actor/lib/test/auto/TrigFunctionInverse.xml (RunModel)" time="0.008" />
  <testcase classname="ptolemy.util.test.junit.AutoTests" name="[386] /home/travis/build/icyphy/ptII/ptolemy/actor/lib/test/auto/TrigFunctionTan.xml (RunModel)" time="0.006" />
  <testcase classname="ptolemy.util.test.junit.AutoTests" name="[387] /home/travis/build/icyphy/ptII/ptolemy/actor/lib/test/auto/TriggeredClock.xml (RunModel)" time="0.006" />
  <testcase classname="ptolemy.util.test.junit.AutoTests" name="[388] /home/travis/build/icyphy/ptII/ptolemy/actor/lib/test/auto/URLDirectoryReader.xml (RunModel)" time="0.061" />
  <testcase classname="ptolemy.util.test.junit.AutoTests" name="[389] /home/travis/build/icyphy/ptII/ptolemy/actor/lib/test/auto/URLDirectoryReader3.xml (RunModel)" time="1.2" />
  <testcase classname="ptolemy.util.test.junit.AutoTests" name="[390] /home/travis/build/icyphy/ptII/ptolemy/actor/lib/test/auto/UnaryMathFunction.xml (RunModel)" time="0.051" />
  <testcase classname="ptolemy.util.test.junit.AutoTests" name="[391] /home/travis/build/icyphy/ptII/ptolemy/actor/lib/test/auto/Uniform.xml (RunModel)" time="0.034" />
  <testcase classname="ptolemy.util.test.junit.AutoTests" name="[392] /home/travis/build/icyphy/ptII/ptolemy/actor/lib/test/auto/UnionDisassemblerTest.xml (RunModel)" time="0.024" />
  <testcase classname="ptolemy.util.test.junit.AutoTests" name="[393] /home/travis/build/icyphy/ptII/ptolemy/actor/lib/test/auto/UtilityFunctions.xml (RunModel)" time="0.029" />
  <testcase classname="ptolemy.util.test.junit.AutoTests" name="[394] /home/travis/build/icyphy/ptII/ptolemy/actor/lib/test/auto/VariableSleep.xml (RunModel)" time="0.537" />
  <testcase classname="ptolemy.util.test.junit.AutoTests" name="[395] /home/travis/build/icyphy/ptII/ptolemy/actor/lib/test/auto/VectorAssemblerDisassemblerCT.xml (RunModel)" time="0.106" />
  <testcase classname="ptolemy.util.test.junit.AutoTests" name="[396] /home/travis/build/icyphy/ptII/ptolemy/actor/lib/test/auto/VectorAssemblerDisassemblerDE.xml (RunModel)" time="0.017" />
  <testcase classname="ptolemy.util.test.junit.AutoTests" name="[397] /home/travis/build/icyphy/ptII/ptolemy/actor/lib/test/auto/VectorAssemblerDisassemblerSDF.xml (RunModel)" time="0.015" />
  <testcase classname="ptolemy.util.test.junit.AutoTests" name="[398] /home/travis/build/icyphy/ptII/ptolemy/actor/lib/test/auto/WallClockTime.xml (RunModel)" time="1.014" />
  <testcase classname="ptolemy.util.test.junit.AutoTests" name="[399] /home/travis/build/icyphy/ptII/ptolemy/actor/lib/test/auto/WidthTestWithSubscriberPublisher.xml (RunModel)" time="0.047" />
  <testcase classname="ptolemy.util.test.junit.AutoTests" name="[400] /home/travis/build/icyphy/ptII/ptolemy/actor/lib/test/auto/WidthTestWithSubscriberPublisher2.xml (RunModel)" time="0.013" />
  <testcase classname="ptolemy.util.test.junit.AutoTests" name="[401] /home/travis/build/icyphy/ptII/ptolemy/actor/lib/test/auto/WidthTestWithSubscriberPublisher3.xml (RunModel)" time="0.026" />
  <testcase classname="ptolemy.util.test.junit.AutoTests" name="[402] /home/travis/build/icyphy/ptII/ptolemy/actor/lib/test/auto/Writer.xml (RunModel)" time="0.007" />
  <testcase classname="ptolemy.util.test.junit.AutoTests" name="[403] /home/travis/build/icyphy/ptII/ptolemy/actor/lib/test/auto/array.xml (RunModel)" time="0.008" />
  <testcase classname="ptolemy.util.test.junit.AutoTests" name="[404] /home/travis/build/icyphy/ptII/ptolemy/actor/lib/test/auto/array2.xml (RunModel)" time="0.011" />
  <testcase classname="ptolemy.util.test.junit.AutoTests" name="[405] /home/travis/build/icyphy/ptII/ptolemy/actor/lib/test/auto/arrayType.xml (RunModel)" time="0.011" />
  <testcase classname="ptolemy.util.test.junit.AutoTests" name="[406] /home/travis/build/icyphy/ptII/ptolemy/actor/lib/test/auto/arrayType10.xml (RunModel)" time="0.008" />
  <testcase classname="ptolemy.util.test.junit.AutoTests" name="[407] /home/travis/build/icyphy/ptII/ptolemy/actor/lib/test/auto/arrayType11.xml (RunModel)" time="0.007" />
  <testcase classname="ptolemy.util.test.junit.AutoTests" name="[408] /home/travis/build/icyphy/ptII/ptolemy/actor/lib/test/auto/arrayType12.xml (RunModel)" time="0.008" />
  <testcase classname="ptolemy.util.test.junit.AutoTests" name="[409] /home/travis/build/icyphy/ptII/ptolemy/actor/lib/test/auto/arrayType13.xml (RunModel)" time="0.009" />
  <testcase classname="ptolemy.util.test.junit.AutoTests" name="[410] /home/travis/build/icyphy/ptII/ptolemy/actor/lib/test/auto/arrayType14.xml (RunModel)" time="0.01" />
  <testcase classname="ptolemy.util.test.junit.AutoTests" name="[411] /home/travis/build/icyphy/ptII/ptolemy/actor/lib/test/auto/arrayType15.xml (RunModel)" time="0.009" />
  <testcase classname="ptolemy.util.test.junit.AutoTests" name="[412] /home/travis/build/icyphy/ptII/ptolemy/actor/lib/test/auto/arrayType16.xml (RunModel)" time="0.01" />
  <testcase classname="ptolemy.util.test.junit.AutoTests" name="[413] /home/travis/build/icyphy/ptII/ptolemy/actor/lib/test/auto/arrayType17.xml (RunModel)" time="0.01" />
  <testcase classname="ptolemy.util.test.junit.AutoTests" name="[414] /home/travis/build/icyphy/ptII/ptolemy/actor/lib/test/auto/arrayType18.xml (RunModel)" time="0.008" />
  <testcase classname="ptolemy.util.test.junit.AutoTests" name="[415] /home/travis/build/icyphy/ptII/ptolemy/actor/lib/test/auto/arrayType19.xml (RunModel)" time="0.01" />
  <testcase classname="ptolemy.util.test.junit.AutoTests" name="[416] /home/travis/build/icyphy/ptII/ptolemy/actor/lib/test/auto/arrayType2.xml (RunModel)" time="0.014" />
  <testcase classname="ptolemy.util.test.junit.AutoTests" name="[417] /home/travis/build/icyphy/ptII/ptolemy/actor/lib/test/auto/arrayType20.xml (RunModel)" time="0.009" />
  <testcase classname="ptolemy.util.test.junit.AutoTests" name="[418] /home/travis/build/icyphy/ptII/ptolemy/actor/lib/test/auto/arrayType21.xml (RunModel)" time="0.008" />
  <testcase classname="ptolemy.util.test.junit.AutoTests" name="[419] /home/travis/build/icyphy/ptII/ptolemy/actor/lib/test/auto/arrayType22.xml (RunModel)" time="0.009" />
  <testcase classname="ptolemy.util.test.junit.AutoTests" name="[420] /home/travis/build/icyphy/ptII/ptolemy/actor/lib/test/auto/arrayType23.xml (RunModel)" time="0.008" />
  <testcase classname="ptolemy.util.test.junit.AutoTests" name="[421] /home/travis/build/icyphy/ptII/ptolemy/actor/lib/test/auto/arrayType24.xml (RunModel)" time="0.008" />
  <testcase classname="ptolemy.util.test.junit.AutoTests" name="[422] /home/travis/build/icyphy/ptII/ptolemy/actor/lib/test/auto/arrayType25.xml (RunModel)" time="0.01" />
  <testcase classname="ptolemy.util.test.junit.AutoTests" name="[423] /home/travis/build/icyphy/ptII/ptolemy/actor/lib/test/auto/arrayType26.xml (RunModel)" time="0.026" />
  <testcase classname="ptolemy.util.test.junit.AutoTests" name="[424] /home/travis/build/icyphy/ptII/ptolemy/actor/lib/test/auto/arrayType27.xml (RunModel)" time="0.013" />
  <testcase classname="ptolemy.util.test.junit.AutoTests" name="[425] /home/travis/build/icyphy/ptII/ptolemy/actor/lib/test/auto/arrayType28.xml (RunModel)" time="0.011" />
  <testcase classname="ptolemy.util.test.junit.AutoTests" name="[426] /home/travis/build/icyphy/ptII/ptolemy/actor/lib/test/auto/arrayType3.xml (RunModel)" time="0.009" />
  <testcase classname="ptolemy.util.test.junit.AutoTests" name="[427] /home/travis/build/icyphy/ptII/ptolemy/actor/lib/test/auto/arrayType4.xml (RunModel)" time="0.008" />
  <testcase classname="ptolemy.util.test.junit.AutoTests" name="[428] /home/travis/build/icyphy/ptII/ptolemy/actor/lib/test/auto/arrayType5.xml (RunModel)" time="0.008" />
  <testcase classname="ptolemy.util.test.junit.AutoTests" name="[429] /home/travis/build/icyphy/ptII/ptolemy/actor/lib/test/auto/arrayType6.xml (RunModel)" time="0.008" />
  <testcase classname="ptolemy.util.test.junit.AutoTests" name="[430] /home/travis/build/icyphy/ptII/ptolemy/actor/lib/test/auto/arrayType7.xml (RunModel)" time="0.007" />
  <testcase classname="ptolemy.util.test.junit.AutoTests" name="[431] /home/travis/build/icyphy/ptII/ptolemy/actor/lib/test/auto/arrayType8.xml (RunModel)" time="0.009" />
  <testcase classname="ptolemy.util.test.junit.AutoTests" name="[432] /home/travis/build/icyphy/ptII/ptolemy/actor/lib/test/auto/arrayType9.xml (RunModel)" time="0.01" />
  <testcase classname="ptolemy.util.test.junit.AutoTests" name="[433] /home/travis/build/icyphy/ptII/ptolemy/actor/lib/test/auto/cast.xml (RunModel)" time="0.009" />
  <testcase classname="ptolemy.util.test.junit.AutoTests" name="[434] /home/travis/build/icyphy/ptII/ptolemy/actor/lib/test/auto/compositeMultiPort.xml (RunModel)" time="0.017" />
  <testcase classname="ptolemy.util.test.junit.AutoTests" name="[435] /home/travis/build/icyphy/ptII/ptolemy/actor/lib/test/auto/expressionCastInference.xml (RunModel)" time="0.016" />
  <testcase classname="ptolemy.util.test.junit.AutoTests" name="[436] /home/travis/build/icyphy/ptII/ptolemy/actor/lib/test/auto/expressionCastInference2.xml (RunModel)" time="0.015" />
  <testcase classname="ptolemy.util.test.junit.AutoTests" name="[437] /home/travis/build/icyphy/ptII/ptolemy/actor/lib/test/auto/expressionInference.xml (RunModel)" time="0.007" />
  <testcase classname="ptolemy.util.test.junit.AutoTests" name="[438] /home/travis/build/icyphy/ptII/ptolemy/actor/lib/test/auto/expression_bug.xml (RunModel)" time="0.007" />
  <testcase classname="ptolemy.util.test.junit.AutoTests" name="[439] /home/travis/build/icyphy/ptII/ptolemy/actor/lib/test/auto/factorial.xml (RunModel)" time="0.043" />
  <testcase classname="ptolemy.util.test.junit.AutoTests" name="[440] /home/travis/build/icyphy/ptII/ptolemy/actor/lib/test/auto/filterTest1.xml (RunModel)" time="0.012" />
  <testcase classname="ptolemy.util.test.junit.AutoTests" name="[441] /home/travis/build/icyphy/ptII/ptolemy/actor/lib/test/auto/funcApplyInConst.xml (RunModel)" time="0.006" />
  <testcase classname="ptolemy.util.test.junit.AutoTests" name="[442] /home/travis/build/icyphy/ptII/ptolemy/actor/lib/test/auto/funcApplyInExpr.xml (RunModel)" time="0.006" />
  <testcase classname="ptolemy.util.test.junit.AutoTests" name="[443] /home/travis/build/icyphy/ptII/ptolemy/actor/lib/test/auto/function.xml (RunModel)" time="0.009" />
  <testcase classname="ptolemy.util.test.junit.AutoTests" name="[444] /home/travis/build/icyphy/ptII/ptolemy/actor/lib/test/auto/function2.xml (RunModel)" time="0.009" />
  <testcase classname="ptolemy.util.test.junit.AutoTests" name="[445] /home/travis/build/icyphy/ptII/ptolemy/actor/lib/test/auto/function3.xml (RunModel)" time="0.007" />
  <testcase classname="ptolemy.util.test.junit.AutoTests" name="[446] /home/travis/build/icyphy/ptII/ptolemy/actor/lib/test/auto/functionClosureTest1.xml (RunModel)" time="0.01" />
  <testcase classname="ptolemy.util.test.junit.AutoTests" name="[447] /home/travis/build/icyphy/ptII/ptolemy/actor/lib/test/auto/functionClosureTest2.xml (RunModel)" time="0.007" />
  <testcase classname="ptolemy.util.test.junit.AutoTests" name="[448] /home/travis/build/icyphy/ptII/ptolemy/actor/lib/test/auto/functionClosureTest3.xml (RunModel)" time="0.009" />
  <testcase classname="ptolemy.util.test.junit.AutoTests" name="[449] /home/travis/build/icyphy/ptII/ptolemy/actor/lib/test/auto/functionClosureTest4.xml (RunModel)" time="0.012" />
  <testcase classname="ptolemy.util.test.junit.AutoTests" name="[450] /home/travis/build/icyphy/ptII/ptolemy/actor/lib/test/auto/functionClosureTest5.xml (RunModel)" time="0.011" />
  <testcase classname="ptolemy.util.test.junit.AutoTests" name="[451] /home/travis/build/icyphy/ptII/ptolemy/actor/lib/test/auto/functionClosureTest6.xml (RunModel)" time="0.009" />
  <testcase classname="ptolemy.util.test.junit.AutoTests" name="[452] /home/travis/build/icyphy/ptII/ptolemy/actor/lib/test/auto/functionsOnArcs.xml (RunModel)" time="0.009" />
  <testcase classname="ptolemy.util.test.junit.AutoTests" name="[453] /home/travis/build/icyphy/ptII/ptolemy/actor/lib/test/auto/functionsOnArcsHOF.xml (RunModel)" time="0.01" />
  <testcase classname="ptolemy.util.test.junit.AutoTests" name="[454] /home/travis/build/icyphy/ptII/ptolemy/actor/lib/test/auto/logic.xml (RunModel)" time="0.016" />
  <testcase classname="ptolemy.util.test.junit.AutoTests" name="[455] /home/travis/build/icyphy/ptII/ptolemy/actor/lib/test/auto/matrixType.xml (RunModel)" time="0.009" />
  <testcase classname="ptolemy.util.test.junit.AutoTests" name="[456] /home/travis/build/icyphy/ptII/ptolemy/actor/lib/test/auto/matrixType10.xml (RunModel)" time="0.008" />
  <testcase classname="ptolemy.util.test.junit.AutoTests" name="[457] /home/travis/build/icyphy/ptII/ptolemy/actor/lib/test/auto/matrixType11.xml (RunModel)" time="0.008" />
  <testcase classname="ptolemy.util.test.junit.AutoTests" name="[458] /home/travis/build/icyphy/ptII/ptolemy/actor/lib/test/auto/matrixType12.xml (RunModel)" time="0.009" />
  <testcase classname="ptolemy.util.test.junit.AutoTests" name="[459] /home/travis/build/icyphy/ptII/ptolemy/actor/lib/test/auto/matrixType13.xml (RunModel)" time="0.008" />
  <testcase classname="ptolemy.util.test.junit.AutoTests" name="[460] /home/travis/build/icyphy/ptII/ptolemy/actor/lib/test/auto/matrixType14.xml (RunModel)" time="0.009" />
  <testcase classname="ptolemy.util.test.junit.AutoTests" name="[461] /home/travis/build/icyphy/ptII/ptolemy/actor/lib/test/auto/matrixType2.xml (RunModel)" time="0.009" />
  <testcase classname="ptolemy.util.test.junit.AutoTests" name="[462] /home/travis/build/icyphy/ptII/ptolemy/actor/lib/test/auto/matrixType3.xml (RunModel)" time="0.008" />
  <testcase classname="ptolemy.util.test.junit.AutoTests" name="[463] /home/travis/build/icyphy/ptII/ptolemy/actor/lib/test/auto/matrixType4.xml (RunModel)" time="0.008" />
  <testcase classname="ptolemy.util.test.junit.AutoTests" name="[464] /home/travis/build/icyphy/ptII/ptolemy/actor/lib/test/auto/matrixType5.xml (RunModel)" time="0.007" />
  <testcase classname="ptolemy.util.test.junit.AutoTests" name="[465] /home/travis/build/icyphy/ptII/ptolemy/actor/lib/test/auto/matrixType6.xml (RunModel)" time="0.007" />
  <testcase classname="ptolemy.util.test.junit.AutoTests" name="[466] /home/travis/build/icyphy/ptII/ptolemy/actor/lib/test/auto/matrixType7.xml (RunModel)" time="0.009" />
  <testcase classname="ptolemy.util.test.junit.AutoTests" name="[467] /home/travis/build/icyphy/ptII/ptolemy/actor/lib/test/auto/matrixType8.xml (RunModel)" time="0.008" />
  <testcase classname="ptolemy.util.test.junit.AutoTests" name="[468] /home/travis/build/icyphy/ptII/ptolemy/actor/lib/test/auto/matrixType9.xml (RunModel)" time="0.007" />
  <testcase classname="ptolemy.util.test.junit.AutoTests" name="[469] /home/travis/build/icyphy/ptII/ptolemy/actor/lib/test/auto/paraFunctest.xml (RunModel)" time="0.006" />
  <testcase classname="ptolemy.util.test.junit.AutoTests" name="[470] /home/travis/build/icyphy/ptII/ptolemy/actor/lib/test/auto/paraFunctest2.xml (RunModel)" time="0.007" />
  <testcase classname="ptolemy.util.test.junit.AutoTests" name="[471] /home/travis/build/icyphy/ptII/ptolemy/actor/lib/test/auto/parameterPassing.xml (RunModel)" time="0.007" />
  <testcase classname="ptolemy.util.test.junit.AutoTests" name="[472] /home/travis/build/icyphy/ptII/ptolemy/actor/lib/test/auto/record.xml (RunModel)" time="0.007" />
  <testcase classname="ptolemy.util.test.junit.AutoTests" name="[473] /home/travis/build/icyphy/ptII/ptolemy/actor/lib/test/auto/sizedarray1.xml (RunModel)" time="0.008" />
  <testcase classname="ptolemy.util.test.junit.AutoTests" name="[474] /home/travis/build/icyphy/ptII/ptolemy/actor/lib/test/auto/sizedarray2.xml (RunModel)" time="0.009" />
  <testcase classname="ptolemy.util.test.junit.AutoTests" name="[475] /home/travis/build/icyphy/ptII/ptolemy/actor/lib/test/auto/twoPublishers.xml (RunModel)" time="0.017" />
  <system-out><![CDATA[/home/travis/build/icyphy/ptII/ptolemy/actor/lib/test/AbsoluteValue.tcl
testDefs.tcl: setting time out to 9000 seconds at Tue Sep 25 02:12:42 UTC 2018
73 ms. Memory: 116224K Free: 106778K (92%)
4 ms. Memory: 116224K Free: 105536K (91%)
4 ms. Memory: 116224K Free: 104919K (90%)
4 ms. Memory: 116224K Free: 103709K (89%)
/home/travis/build/icyphy/ptII/ptolemy/actor/lib/test/AddSubtract.tcl
7 ms. Memory: 116224K Free: 101872K (88%)
6 ms. Memory: 116224K Free: 101247K (87%)
4 ms. Memory: 116224K Free: 100630K (87%)
6 ms. Memory: 116224K Free: 99428K (86%)
5 ms. Memory: 116224K Free: 98826K (85%)
3 ms. Memory: 116224K Free: 98209K (84%)
/home/travis/build/icyphy/ptII/ptolemy/actor/lib/test/Average.tcl
6 ms. Memory: 116224K Free: 96398K (83%)
8 ms. Memory: 116224K Free: 95195K (82%)
/home/travis/build/icyphy/ptII/ptolemy/actor/lib/test/Bernoulli.tcl
4 ms. Memory: 116224K Free: 93367K (80%)
6 ms. Memory: 116224K Free: 92750K (80%)
/home/travis/build/icyphy/ptII/ptolemy/actor/lib/test/Clock.tcl
preinitializing
resolving types
initializing
executing number 1
wrapping up
idle
10 ms. Memory: 116224K Free: 90946K (78%)
Completed execution with 5 iterations
preinitializing
resolving types
initializing
executing number 1
wrapping up
idle
3 ms. Memory: 116224K Free: 89736K (77%)
Completed execution with 5 iterations
preinitializing
resolving types
initializing
executing number 1
wrapping up
idle
3 ms. Memory: 116224K Free: 89127K (77%)
Completed execution with 5 iterations
/home/travis/build/icyphy/ptII/ptolemy/actor/lib/test/Commutator.tcl
6 ms. Memory: 116224K Free: 87292K (75%)
5 ms. Memory: 116224K Free: 86089K (74%)
7 ms. Memory: 116224K Free: 81841K (70%)
/home/travis/build/icyphy/ptII/ptolemy/actor/lib/test/Const.tcl
3 ms. Memory: 146944K Free: 140362K (96%)
11 ms. Memory: 146944K Free: 138741K (94%)
10 ms. Memory: 146944K Free: 138741K (94%)
2 ms. Memory: 146944K Free: 137519K (94%)
2 ms. Memory: 146944K Free: 137519K (94%)
24 ms. Memory: 146944K Free: 135107K (92%)
8 ms. Memory: 146944K Free: 135107K (92%)
7 ms. Memory: 146944K Free: 133901K (91%)
/home/travis/build/icyphy/ptII/ptolemy/actor/lib/test/CurrentTime.tcl
preinitializing
resolving types
initializing
executing number 1
wrapping up
idle
6 ms. Memory: 146944K Free: 131473K (89%)
Completed execution with 11 iterations
/home/travis/build/icyphy/ptII/ptolemy/actor/lib/test/DB.tcl
4 ms. Memory: 146944K Free: 129038K (88%)
1 ms. Memory: 146944K Free: 127832K (87%)
2 ms. Memory: 146944K Free: 127832K (87%)
/home/travis/build/icyphy/ptII/ptolemy/actor/lib/test/DiscreteRandomSource.tcl
preinitializing
resolving types
initializing
executing number 1
wrapping up
idle
3 ms. Memory: 146944K Free: 126626K (86%)
Completed execution with 4 iterations
preinitializing
resolving types
initializing
executing number 1
wrapping up
idle
2 ms. Memory: 146944K Free: 125404K (85%)
Completed execution with 4 iterations
preinitializing
resolving types
initializing
executing number 1
wrapping up
idle
2 ms. Memory: 146944K Free: 125404K (85%)
Completed execution with 4 iterations
preinitializing
resolving types
initializing
executing number 1
wrapping up
idle
3 ms. Memory: 146944K Free: 124198K (85%)
Completed execution with 4 iterations
preinitializing
resolving types
initializing
executing number 1
wrapping up
idle
4 ms. Memory: 146944K Free: 124198K (85%)
Completed execution with 4 iterations
/home/travis/build/icyphy/ptII/ptolemy/actor/lib/test/Distributor.tcl
4 ms. Memory: 146944K Free: 122992K (84%)
3 ms. Memory: 146944K Free: 121770K (83%)
StreamChangeRequest.changeExecuted(): <deleteEntity name="rec2"/> succeeded
StreamChangeRequest.changeExecuted(): <deleteRelation name="r2"/> succeeded
StreamChangeRequest.changeExecuted(): Record firings per iteration succeeded
4 ms. Memory: 146944K Free: 119326K (81%)
/home/travis/build/icyphy/ptII/ptolemy/actor/lib/test/Exit.tcl
Exit.tcl: this will print a message about Manager.exitAfterWrapup, which can be ignored.
8 ms. Memory: 146944K Free: 116300K (79%)
/home/travis/build/icyphy/ptII/ptolemy/actor/lib/test/Expression.tcl
4 ms. Memory: 146944K Free: 112659K (77%)
7 ms. Memory: 146944K Free: 112659K (77%)
3 ms. Memory: 146944K Free: 111437K (76%)
preinitializing
resolving types
initializing
executing number 1
wrapping up
idle
5 ms. Memory: 146944K Free: 110231K (75%)
Completed execution with 6 iterations
4 ms. Memory: 146944K Free: 109025K (74%)
9 ms. Memory: 146944K Free: 109025K (74%)
4 ms. Memory: 146944K Free: 107819K (73%)
6 ms. Memory: 146944K Free: 106613K (73%)
7 ms. Memory: 146944K Free: 105407K (72%)
/home/travis/build/icyphy/ptII/ptolemy/actor/lib/test/Gaussian.tcl
6 ms. Memory: 146944K Free: 102979K (70%)
sleeping 1 seconds: ..................................................................................................................................................................................................................................................................................................................................................................................................................................................................................................................................................................................................................................................................................................................................................................................................................................................................................................................................................................................................................................................................................................................................................................................................................................................................................................................................................................................................................................................................................................................................................................................................................................................................................................................................................................................................................................................................................................................................................................................................................................................................................................................................................................................................................................................................................................................................................................................................................................................................................................................................................................................................................................................................................................................................................................................................................................................................................................................................................................................................................................................................................................................................................................................................................................................................................................................................................................................................................................................................................................................................................................................................................................................................................................................................................................................................................................................................................................................................................................................................................................................................................................................................................................................................................................................................................................................................................................................................................................................................................................................................................................................................................................................................................................................................................................................................................................................................................................................................................................................................................................................................................................................................................................................................................................................................................................................................................................................................................................................................................................................................................................................................................................................................................................................................................................................................................................................................................................................................................................................................................................................................................................................................................................................................................................................................................................................................................................................................................................................................................................................................................................................................................................................................................................................................................................................................................................................................................................................................................................................................................................................................................................................................................................................................................................................................................................................................................................................................................................................................................................................................................................................................................................................................................................................................................................................................................................................................................................................................................................................................................................................................................................................................................................................................................................................................................................................................................................................................................................................................................................................................................................................................................................................................................................................................................................................................................................................................................................................................................................................................................................................................................................................................................................................................................................................................................................................................................................................................................................................................................................................................................................................................................................................................................................................................................................................................................................................................................................................................................................................................................................................................................................................................................................................................................................................................................................................................................................................................................................................................................................................................................................................................................................................................................................................................................................................................................................................................................................................................................................................................................................................................................................................................................................................................................................................................................................................................................................................................................................................................................................................................................................................................................................................................................................................................................................................................................................................................................................................................................................................................................................................................................................................................................................................................................................................................................................................................................................................................................................................................................................................................................................................................................................................................................................................................................................................................................................................................................................................................................................................................................................................................................................................................................................................................................................................................................................................................................................................................................................................................................................................................................................................................................................................................................................................................................................................................................................................................................................................................................................................................................................................................................................................................................................................................................................................................................................................................................................................................................................................................................................................................................................................................................................................................................................................................................................................................................................................................................................................................................................................................................................................................................................................................................................................................................................................................................................................................................................................................................................................................................................................................................................................................................................................................................................................................................................................................................................................................................................................................................................................................................................................................................................................................................................................................................................................................................................................................................................................................................................................................................................................................................................................................................................................................................................................................................................................................................................................................................................................................................................................................................................................................................................................................................................................................................................................................................................................................................................................................................................................................................................................................................................................................................................................................................................................................................................................................................................................................................................................................................................................................................................................................................................................................................................................................................................................................................................................................................................................................................................................................................................................................................................................................................................................................................................................................................................................................................................................................................................................................................................................................................................................................................................................................................................................................................................................................................................................................................................................................................................................................................................................................................................................................................................................................................................................................................................................................................................................................................................................................................................................................................................................................................................................................................................................................................................................................................................................................................................................................................................................................................................................................................................................................................................................................................................................................................................................................................................................................................................................................................................................................................................................................................................................................................................................................................................................................................................................................................................................................................................................................................................................................................................................................................................................................................................................................................................................................................................................................................................................................................................................................................................................................................................................................................................................................................................................................................................................................................................................................................................................................................................................................................................................................................................................................................................................................................................................................................................................................................................................................................................................................................................................................................................................................................................................................................................................................................................................................................................................................................................................................................................................................................................................................................................................................................................................................................................................................................................................................................................................................................................................................................................................................................................................................................................................................................................................................................................................................................................................................................................................................................................................................................................................................................................................................................................................................................................................................................................................................................................................................................................................................................................................................................................................................................................................................................................................................................................................................................................................................................................................................................................................................................................................................................................................................................................................................................................................................................................................................................................................................................................................................................................................................................................................................................................................................................................................................................................................................................................................................................................................................................................................................................................................................................................................................................................................................................................................................................................................................................................................................................................................................................................................................................................................................................................................................................................................................................................................................................................................................................................................................................................................................................................................................................................................................................................................................................................................................................................................................................................................................................................................................................................................................................................................................................................................................................................................................................................................................................................................................................................................................................................................................................................................................................................................................................................................................................................................................................................................................................................................................................................................................................................................................................................................................................................................................................................................................................................................................................................................................................................................................................................................................................................................................................................................................................................................................................................................................................................................................................................................................................................................................................................................................................................................................................................................................................................................................................................................................................................................................................................................................................................................................................................................................................................................................................................................................................................................................................................................................................................................................................................................................................................................................................................................................................................................................................................................................................................................................................................................................................................................................................................................................................................................................................................................................................................................................................................................................................................................................................................................................................................................................................................................................................................................................................................................................................................................................................................................................................................................................................................................................................................................................................................................................................................................................................................................................................................................................................................................................................................................................................................................................................................................................................................................................................................................................................................................................................................................................................................................................................................................................................................................................................................................................................................................................................................................................................................................................................................................................................................................................................................................................................................................................................................................................................................................................................................................................................................................................................................................................................................................................................................................................................................................................................................................................................................................................................................................................................................................................................................................................................................................................................................................................................................................................................................................................................................................................................................................................................................................................................................................................................................................................................................................................................................................................................................................................................................................................................................................................................................................................................................................................................................................................................................................................................................................................................................................................................................................................................................................................................................................................................................................................................................................................................................................................................................................................................................................................................................................................................................................................................................................................................................................................................................................................................................................................................................................................................................................................................................................................................................................................................................................................................................................................................................................................................................................................................................................................................................................................................................................................................................................................................................................................................................................................................................................................................................................................................................................................................................................................................................................................................................................................................................................................................................................................................................................................................................................................................................................................................................................................................................................................................................................................................................................................................................................................................................................................................................................................................................................................................................................................................................................................................................................................................................................................................................................................................................................................................................................................................................................................................................................................................................................................................................................................................................................................................................................................................................................................................................................................................................................................................................................................................................................................................................................................................................................................................................................................................................................................................................................................................................................................................................................................................................................................................................................................................................................................................................................................................................................................................................................................................................................................................................................................................................................................................................................................................................................................................................................................................................................................................................................................................................................................................................................................................................................................................................................................................................................................................................................................................................................................................................................................................................................................................................................................................................................................................................................................................................................................................................................................................................................................................................................................................................................................................................................................................................................................................................................................................................................................................................................................................................................................................................................................................................................................................................................................................................................................................................................................................................................................................................................................................................................................................................................................................................................................................................................................................................................................................................................................................................................................................................................................................................................................................................................................................................................................................................................................................................................................................................................................................................................................................................................................................................................................................................................................................................................................................................................................................................................................................................................................................................................................................................................................................................................................................................................................................................................................................................................................................................................................................................................................................................................................................................................................................................................................................................................................................................................................................................................................................................................................................................................................................................................................................................................................................................................................................................................................................................................................................................................................................................................................................................................................................................................................................................................................................................................................................................................................................................................................................................................................................................................................................................................................................................................................................................................................................................................................................................................................................................................................................................................................................................................................................................................................................................................................................................................................................................................................................................................................................................................................................................................................................................................................................................................................................................................................................................................................................................................................................................................................................................................................................................................................................................................................................................................................................................................................................................................................................................................................................................................................................................................................................................................................................................................................................................................................................................................................................................................................................................................................................................................................................................................................................................................................................................................................................................................................................................................................................................................................................................................................................................................................................................................................................................................................................................................................................................................................................................................................................................................................................................................................................................................................................................................................................................................................................................................................................................................................................................................................................................................................................................................................................................................................................................................................................................................................................................................................................................................................................................................................................................................................................................................................................................................................................................................................................................................................................................................................................................................................................................................................................................................................................................................................................................................................................................................................................................................................................................................................................................................................................................................................................................................................................................................................................................................................................................................................................................................................................................................................................................................................................................................................................................................................................................................................................................................................................................................................................................................................................................................................................................................................................................................................................................................................................................................................................................................................................................................................................................................................................................................................................................................................................................................................................................................................................................................................................................................................................................................................................................................................................................................................................................................................................................................................................................................................................................................................................................................................................................................................................................................................................................................................................................................................................................................................................................................................................................................................................................................................................................................................................................................................................................................................................................................................................................................................................................................................................................................................................................................................................................................................................................................................................................................................................................................................................................................................................................................................................................................................................................................................................................................................................................................................................................................................................................................................................................................................................................................................................................................................................................................................................................................................................................................................................................................................................................................................................................................................................................................................................................................................................................................................................................................................................................................................................................................................................................................................................................................................................................................................................................................................................................................................................................................................................................................................................................................................................................................................................................................................................................................................................................................................................................................................................................................................................................................................................................................................................................................................................................................................................................................................................................................................................................................................................................................................................................................................................................................................................................................................................................................................................................................................................................................................................................................................................................................................................................................................................................................................................................................................................................................................................................................................................................................................................................................................................................................................................................................................................................................................................................................................................................................................................................................................................................................................................................................................................................................................................................................................................................................................................................................................................................................................................................................................................................................................................................................................................................................................................................................................................................................................................................................................................................................................................................................................................................................................................................................................................................................................................................................................................................................................................................................................................................................................................................................................................................................................................................................................................................................................................................................................................................................................................................................................................................................................................................................................................................................................................................................................................................................................................................................................2 ms. Memory: 208384K Free: 154254K (74%)
7 ms. Memory: 208384K Free: 154254K (74%)
2 ms. Memory: 208384K Free: 154254K (74%)
1 ms. Memory: 208384K Free: 154254K (74%)
9 ms. Memory: 208384K Free: 151814K (73%)
/home/travis/build/icyphy/ptII/ptolemy/actor/lib/test/IIR.tcl
/home/travis/build/icyphy/ptII/ptolemy/actor/lib/test/Interpolator.tcl
2 ms. Memory: 208384K Free: 149390K (72%)
1 ms. Memory: 208384K Free: 146966K (71%)
2 ms. Memory: 208384K Free: 146966K (71%)
1 ms. Memory: 208384K Free: 146966K (71%)
8 ms. Memory: 208384K Free: 146966K (71%)
2 ms. Memory: 208384K Free: 144542K (69%)
2 ms. Memory: 208384K Free: 144542K (69%)
2 ms. Memory: 208384K Free: 144542K (69%)
2 ms. Memory: 208384K Free: 142118K (68%)
2 ms. Memory: 208384K Free: 142118K (68%)
/home/travis/build/icyphy/ptII/ptolemy/actor/lib/test/MathFunction.tcl
5 ms. Memory: 208384K Free: 139694K (67%)
2 ms. Memory: 208384K Free: 139694K (67%)
2 ms. Memory: 208384K Free: 137271K (66%)
2 ms. Memory: 208384K Free: 137271K (66%)
3 ms. Memory: 208384K Free: 134847K (65%)
5 ms. Memory: 208384K Free: 132423K (64%)
/home/travis/build/icyphy/ptII/ptolemy/actor/lib/test/Maximum.tcl
8 ms. Memory: 208384K Free: 132423K (64%)
9 ms. Memory: 208384K Free: 129999K (62%)
2 ms. Memory: 208384K Free: 129999K (62%)
2 ms. Memory: 208384K Free: 129999K (62%)
/home/travis/build/icyphy/ptII/ptolemy/actor/lib/test/Minimum.tcl
3 ms. Memory: 208384K Free: 127575K (61%)
2 ms. Memory: 208384K Free: 127575K (61%)
1 ms. Memory: 208384K Free: 125151K (60%)
2 ms. Memory: 208384K Free: 125151K (60%)
/home/travis/build/icyphy/ptII/ptolemy/actor/lib/test/MultiplyDivide.tcl
8 ms. Memory: 208384K Free: 122727K (59%)
6 ms. Memory: 208384K Free: 122727K (59%)
5 ms. Memory: 208384K Free: 122727K (59%)
3 ms. Memory: 208384K Free: 120303K (58%)
2 ms. Memory: 208384K Free: 120303K (58%)
/home/travis/build/icyphy/ptII/ptolemy/actor/lib/test/OrderedMerge.tcl
Connections changed on port: inputA
Connections changed on port: inputB
Connections changed on port: output
Connections changed on port: output
Connections changed on port: output
Connections changed on port: input
.top. Preinitializing ...
Invoking preinitialize():  .top.OrderedMerge
Called preinitialize()
Invoking preinitialize():  .top.Ramp
Called preinitialize()
Invoking preinitialize():  .top.Ramp2
Called preinitialize()
Invoking preinitialize():  .top.Test
Called preinitialize()
Connections changed on port: inputA
Connections changed on port: output
Connections changed on port: inputB
Connections changed on port: output
Connections changed on port: output
Connections changed on port: input
.top. Finished preinitialize().
Called initialize().
Invoking initialize():  .top.OrderedMerge
Initializing actor: .top.OrderedMerge
Adding a thread: .top.OrderedMerge
Invoking initialize():  .top.Ramp
Initializing actor: .top.Ramp
Adding a thread: .top.Ramp
Invoking initialize():  .top.Ramp2
Initializing actor: .top.Ramp2
Adding a thread: .top.Ramp2
Invoking initialize():  .top.Test
Initializing actor: .top.Test
Adding a thread: .top.Test
-- Starting thread.
Called initialize()
Called prefire()
Called fire()
-- Starting thread.
Called initialize()
Called prefire()
Called fire()
Called postfire()
Called prefire()
Called fire()
-- Starting thread.
Called initialize()
Called prefire()
Called fire()
Called postfire()
Called prefire()
Called fire()
Called fire().
Checking for deadlock:
There are 3 Blocked actors, 0 Stopped actors, and 4 active threads.
Waiting for actors to stop.
-- Starting thread.
Called initialize()
Called prefire()
Called fire()
Checking for deadlock:
There are 2 Blocked actors, 0 Stopped actors, and 4 active threads.
Waiting for actors to stop.
Called postfire()
Called prefire()
Called fire()
Checking for deadlock:
There are 3 Blocked actors, 0 Stopped actors, and 4 active threads.
Waiting for actors to stop.
Read input token from inputA with value 0.0
Next port to read input from is inputB
Called postfire()
Called prefire()
Called fire()
Checking for deadlock:
There are 2 Blocked actors, 0 Stopped actors, and 4 active threads.
Waiting for actors to stop.
Called postfire()
Called prefire()
Called fire()
Checking for deadlock:
There are 3 Blocked actors, 0 Stopped actors, and 4 active threads.
Waiting for actors to stop.
Read input token from inputB with value 0.0
Checking for deadlock:
There are 2 Blocked actors, 0 Stopped actors, and 4 active threads.
Waiting for actors to stop.
-- Read input: 0.0, which is expected to match: 0.0
Called prefire()
Called fire()
Checking for deadlock:
There are 3 Blocked actors, 0 Stopped actors, and 4 active threads.
Waiting for actors to stop.
Sent output token with value 0.0
Next port to read input from is inputA
Called postfire()
Called prefire()
Called fire()
Checking for deadlock:
There are 2 Blocked actors, 0 Stopped actors, and 4 active threads.
Waiting for actors to stop.
Called postfire()
Called prefire()
Called fire()
Checking for deadlock:
There are 3 Blocked actors, 0 Stopped actors, and 4 active threads.
Waiting for actors to stop.
Read input token from inputA with value 1.0
Checking for deadlock:
There are 2 Blocked actors, 0 Stopped actors, and 4 active threads.
Waiting for actors to stop.
-- Read input: 0.0, which is expected to match: 0.0
Called prefire()
Called fire()
Checking for deadlock:
There are 3 Blocked actors, 0 Stopped actors, and 4 active threads.
Waiting for actors to stop.
Sent output token with value 0.0
Next port to read input from is inputB
Called postfire()
Called prefire()
Called fire()
Checking for deadlock:
There are 2 Blocked actors, 0 Stopped actors, and 4 active threads.
Waiting for actors to stop.
Called postfire()
Called prefire()
Called fire()
Checking for deadlock:
There are 3 Blocked actors, 0 Stopped actors, and 4 active threads.
Waiting for actors to stop.
Read input token from inputB with value 1.5
Checking for deadlock:
There are 2 Blocked actors, 0 Stopped actors, and 4 active threads.
Waiting for actors to stop.
-- Read input: 1.0, which is expected to match: 1.0
Called prefire()
Called fire()
Checking for deadlock:
There are 3 Blocked actors, 0 Stopped actors, and 4 active threads.
Waiting for actors to stop.
Sent output token with value 1.0
Next port to read input from is inputA
Called postfire()
Called prefire()
Called fire()
Checking for deadlock:
There are 2 Blocked actors, 0 Stopped actors, and 4 active threads.
Waiting for actors to stop.
Called postfire()
Called prefire()
Called fire()
Checking for deadlock:
There are 3 Blocked actors, 0 Stopped actors, and 4 active threads.
Waiting for actors to stop.
Read input token from inputA with value 2.0
Checking for deadlock:
There are 2 Blocked actors, 0 Stopped actors, and 4 active threads.
Waiting for actors to stop.
-- Read input: 1.5, which is expected to match: 1.5
Called prefire()
Called fire()
Checking for deadlock:
There are 3 Blocked actors, 0 Stopped actors, and 4 active threads.
Waiting for actors to stop.
Sent output token with value 1.5
Next port to read input from is inputB
Called postfire()
Called prefire()
Called fire()
Checking for deadlock:
There are 2 Blocked actors, 0 Stopped actors, and 4 active threads.
Waiting for actors to stop.
Called postfire()
Called prefire()
Called fire()
Checking for deadlock:
There are 3 Blocked actors, 0 Stopped actors, and 4 active threads.
Waiting for actors to stop.
Read input token from inputB with value 3.0
Checking for deadlock:
There are 2 Blocked actors, 0 Stopped actors, and 4 active threads.
Waiting for actors to stop.
-- Read input: 2.0, which is expected to match: 2.0
Called prefire()
Called fire()
Checking for deadlock:
There are 3 Blocked actors, 0 Stopped actors, and 4 active threads.
Waiting for actors to stop.
Sent output token with value 2.0
Next port to read input from is inputA
Called postfire()
Called prefire()
Called fire()
Checking for deadlock:
There are 2 Blocked actors, 0 Stopped actors, and 4 active threads.
Waiting for actors to stop.
Called postfire()
Called prefire()
Called fire()
Checking for deadlock:
There are 3 Blocked actors, 0 Stopped actors, and 4 active threads.
Waiting for actors to stop.
Read input token from inputA with value 3.0
Checking for deadlock:
There are 2 Blocked actors, 0 Stopped actors, and 4 active threads.
Waiting for actors to stop.
-- Read input: 3.0, which is expected to match: 3.0
Called prefire()
Called fire()
Checking for deadlock:
There are 3 Blocked actors, 0 Stopped actors, and 4 active threads.
Waiting for actors to stop.
Sent output token with value 3.0
Next port to read input from is inputB
Called postfire()
Called prefire()
Called fire()
Checking for deadlock:
There are 2 Blocked actors, 0 Stopped actors, and 4 active threads.
Waiting for actors to stop.
Called postfire()
Called prefire()
Called fire()
Checking for deadlock:
There are 3 Blocked actors, 0 Stopped actors, and 4 active threads.
Waiting for actors to stop.
Read input token from inputB with value 4.5
Checking for deadlock:
There are 2 Blocked actors, 0 Stopped actors, and 4 active threads.
Waiting for actors to stop.
-- Read input: 3.0, which is expected to match: 3.0
Called prefire()
Called fire()
Checking for deadlock:
There are 3 Blocked actors, 0 Stopped actors, and 4 active threads.
Waiting for actors to stop.
Sent output token with value 3.0
Next port to read input from is inputA
Called postfire()
Called prefire()
Called fire()
Checking for deadlock:
There are 2 Blocked actors, 0 Stopped actors, and 4 active threads.
Waiting for actors to stop.
Called postfire()
Called prefire()
Called fire()
Checking for deadlock:
There are 3 Blocked actors, 0 Stopped actors, and 4 active threads.
Waiting for actors to stop.
Read input token from inputA with value 4.0
Checking for deadlock:
There are 2 Blocked actors, 0 Stopped actors, and 4 active threads.
Waiting for actors to stop.
-- Read input: 4.0, which is expected to match: 4.0
Called prefire()
Called fire()
Past the end of training data. Read and discard all inputs.
Checking for deadlock:
There are 3 Blocked actors, 0 Stopped actors, and 4 active threads.
Waiting for actors to stop.
Sent output token with value 4.0
Next port to read input from is inputA
Called postfire()
Called prefire()
Called fire()
Checking for deadlock:
There are 2 Blocked actors, 0 Stopped actors, and 4 active threads.
Waiting for actors to stop.
Called postfire()
Called prefire()
Called fire()
Checking for deadlock:
There are 3 Blocked actors, 0 Stopped actors, and 4 active threads.
Waiting for actors to stop.
Read input token from inputA with value 5.0
Checking for deadlock:
There are 2 Blocked actors, 0 Stopped actors, and 4 active threads.
Waiting for actors to stop.
Called prefire()
Called fire()
Past the end of training data. Read and discard all inputs.
Checking for deadlock:
There are 3 Blocked actors, 0 Stopped actors, and 4 active threads.
Waiting for actors to stop.
Sent output token with value 4.5
Next port to read input from is inputB
Called postfire()
Called prefire()
Called fire()
Checking for deadlock:
There are 2 Blocked actors, 0 Stopped actors, and 4 active threads.
Waiting for actors to stop.
Called postfire()
Called prefire()
Called fire()
Checking for deadlock:
There are 3 Blocked actors, 0 Stopped actors, and 4 active threads.
Waiting for actors to stop.
Read input token from inputB with value 6.0
Checking for deadlock:
There are 2 Blocked actors, 0 Stopped actors, and 4 active threads.
Waiting for actors to stop.
Called prefire()
Called fire()
Past the end of training data. Read and discard all inputs.
Checking for deadlock:
There are 3 Blocked actors, 0 Stopped actors, and 4 active threads.
Waiting for actors to stop.
Sent output token with value 5.0
Next port to read input from is inputA
Called postfire()
Called prefire()
Called fire()
Checking for deadlock:
There are 2 Blocked actors, 0 Stopped actors, and 4 active threads.
Waiting for actors to stop.
Called postfire()
Called prefire()
Called fire()
Checking for deadlock:
There are 3 Blocked actors, 0 Stopped actors, and 4 active threads.
Waiting for actors to stop.
Read input token from inputA with value 6.0
Checking for deadlock:
There are 2 Blocked actors, 0 Stopped actors, and 4 active threads.
Waiting for actors to stop.
Called prefire()
Called fire()
Past the end of training data. Read and discard all inputs.
Checking for deadlock:
There are 3 Blocked actors, 0 Stopped actors, and 4 active threads.
Waiting for actors to stop.
Sent output token with value 6.0
Next port to read input from is inputB
Called postfire()
Called prefire()
Called fire()
Checking for deadlock:
There are 2 Blocked actors, 0 Stopped actors, and 4 active threads.
Waiting for actors to stop.
Called postfire()
Called prefire()
Called fire()
Checking for deadlock:
There are 3 Blocked actors, 0 Stopped actors, and 4 active threads.
Waiting for actors to stop.
Read input token from inputB with value 7.5
Checking for deadlock:
There are 2 Blocked actors, 0 Stopped actors, and 4 active threads.
Waiting for actors to stop.
Called prefire()
Called fire()
Past the end of training data. Read and discard all inputs.
Checking for deadlock:
There are 3 Blocked actors, 0 Stopped actors, and 4 active threads.
Waiting for actors to stop.
Sent output token with value 6.0
Next port to read input from is inputA
Called postfire()
Called prefire()
Called fire()
Checking for deadlock:
There are 2 Blocked actors, 0 Stopped actors, and 4 active threads.
Waiting for actors to stop.
Called postfire()
Called prefire()
Called fire()
Checking for deadlock:
There are 3 Blocked actors, 0 Stopped actors, and 4 active threads.
Waiting for actors to stop.
Read input token from inputA with value 7.0
Checking for deadlock:
There are 2 Blocked actors, 0 Stopped actors, and 4 active threads.
Waiting for actors to stop.
Called prefire()
Called fire()
Past the end of training data. Read and discard all inputs.
Checking for deadlock:
There are 3 Blocked actors, 0 Stopped actors, and 4 active threads.
Waiting for actors to stop.
Sent output token with value 7.0
Next port to read input from is inputA
Called postfire()
Called prefire()
Called fire()
Checking for deadlock:
There are 2 Blocked actors, 0 Stopped actors, and 4 active threads.
Waiting for actors to stop.
-- Thread wrapup() called.
Called wrapup()
Thread .top.Ramp is exiting.
-- Thread stopped.
Checking for deadlock:
There are 2 Blocked actors, 0 Stopped actors, and 3 active threads.
Waiting for actors to stop.
Read input token from inputA with value 8.0
Checking for deadlock:
There are 1 Blocked actors, 0 Stopped actors, and 3 active threads.
Waiting for actors to stop.
Called prefire()
Called fire()
Past the end of training data. Read and discard all inputs.
Checking for deadlock:
There are 2 Blocked actors, 0 Stopped actors, and 3 active threads.
Waiting for actors to stop.
Sent output token with value 7.5
Next port to read input from is inputB
Called postfire()
Called prefire()
Called fire()
Checking for deadlock:
There are 1 Blocked actors, 0 Stopped actors, and 3 active threads.
Waiting for actors to stop.
Called postfire()
Called prefire()
Called fire()
Checking for deadlock:
There are 2 Blocked actors, 0 Stopped actors, and 3 active threads.
Waiting for actors to stop.
Read input token from inputB with value 9.0
Checking for deadlock:
There are 1 Blocked actors, 0 Stopped actors, and 3 active threads.
Waiting for actors to stop.
Called prefire()
Called fire()
Past the end of training data. Read and discard all inputs.
Checking for deadlock:
There are 2 Blocked actors, 0 Stopped actors, and 3 active threads.
Waiting for actors to stop.
Sent output token with value 8.0
Next port to read input from is inputA
Called postfire()
Called prefire()
Called fire()
Read input token from inputA with value 9.0
Checking for deadlock:
There are 1 Blocked actors, 0 Stopped actors, and 3 active threads.
Waiting for actors to stop.
Called prefire()
Called fire()
Past the end of training data. Read and discard all inputs.
Checking for deadlock:
There are 2 Blocked actors, 0 Stopped actors, and 3 active threads.
Waiting for actors to stop.
Sent output token with value 9.0
Next port to read input from is inputB
Called postfire()
Called prefire()
Called fire()
Checking for deadlock:
There are 1 Blocked actors, 0 Stopped actors, and 3 active threads.
Waiting for actors to stop.
Called postfire()
Called prefire()
Called fire()
Checking for deadlock:
There are 2 Blocked actors, 0 Stopped actors, and 3 active threads.
Waiting for actors to stop.
Read input token from inputB with value 10.5
Checking for deadlock:
There are 1 Blocked actors, 0 Stopped actors, and 3 active threads.
Waiting for actors to stop.
Called prefire()
Called fire()
Past the end of training data. Read and discard all inputs.
Checking for deadlock:
There are 2 Blocked actors, 0 Stopped actors, and 3 active threads.
Waiting for actors to stop.
Sent output token with value 9.0
Next port to read input from is inputA
Called postfire()
Called prefire()
Called fire()
Checking for deadlock:
There are 3 Blocked actors, 0 Stopped actors, and 3 active threads.
Actors have stopped.
Checking for deadlock:
There are 3 Blocked actors, 0 Stopped actors, and 3 active threads.
Deadlock detected.
Resolving Deadlock
Checking for deadlock:
There are 3 Blocked actors, 0 Stopped actors, and 3 active threads.
Artificial Deadlock - increasing queue capacity.
increasing the capacity of receiver ptolemy.actor.TypedIOPort {.top.OrderedMerge.inputB} to 2
Director: Called postfire().
Called postfire().
_stopRequested = false
_stopFireRequested = false
Returning from postfire(): true
Called fire().
Checking for deadlock:
There are 2 Blocked actors, 0 Stopped actors, and 3 active threads.
Waiting for actors to stop.
-- Thread wrapup() called.
Called wrapup()
Thread .top.Ramp2 is exiting.
-- Thread stopped.
Checking for deadlock:
There are 2 Blocked actors, 0 Stopped actors, and 2 active threads.
Actors have stopped.
Checking for deadlock:
There are 2 Blocked actors, 0 Stopped actors, and 2 active threads.
Deadlock detected.
Resolving Deadlock
Checking for deadlock:
There are 2 Blocked actors, 0 Stopped actors, and 2 active threads.
Deadlock detected: no processes blocked on write, but some are blocked on read.
Called postfire().
_stopRequested = false
_stopFireRequested = false
Returning from postfire(): false
Finished deactivating branches.
Called wrapup().
-- Thread wrapup() called.
Called wrapup()
Thread .top.Test is exiting.
-- Thread stopped.
-- Blocked Receiver call threw TerminateProcessException.
-- Thread wrapup() called.
Called wrapup()
Thread .top.OrderedMerge is exiting.
20 ms. Memory: 208384K Free: 112964K (54%)
.top. Preinitializing ...
Invoking preinitialize():  .top.OrderedMerge
Called preinitialize()
Invoking preinitialize():  .top.Ramp
Called preinitialize()
Invoking preinitialize():  .top.Ramp2
Called preinitialize()
Invoking preinitialize():  .top.Test
Called preinitialize()
.top. Finished preinitialize().
Called initialize().
Invoking initialize():  .top.OrderedMerge
Initializing actor: .top.OrderedMerge
Adding a thread: .top.OrderedMerge
Invoking initialize():  .top.Ramp
Initializing actor: .top.Ramp
Adding a thread: .top.Ramp
Invoking initialize():  .top.Ramp2
Initializing actor: .top.Ramp2
Adding a thread: .top.Ramp2
Invoking initialize():  .top.Test
Initializing actor: .top.Test
Adding a thread: .top.Test
-- Thread stopped.
-- Blocked Receiver call threw TerminateProcessException.
-- Starting thread.
Called initialize()
Called prefire()
Called fire()
-- Starting thread.
Called initialize()
Called prefire()
Called fire()
Called postfire()
Called prefire()
Called fire()
-- Starting thread.
Called initialize()
Called prefire()
Called fire()
Called postfire()
Called prefire()
Called fire()
Called fire().
Checking for deadlock:
There are 3 Blocked actors, 0 Stopped actors, and 4 active threads.
Waiting for actors to stop.
-- Starting thread.
Called initialize()
Called prefire()
Called fire()
Checking for deadlock:
There are 2 Blocked actors, 0 Stopped actors, and 4 active threads.
Waiting for actors to stop.
Called postfire()
Called prefire()
Called fire()
Checking for deadlock:
There are 3 Blocked actors, 0 Stopped actors, and 4 active threads.
Waiting for actors to stop.
Read input token from inputA with value 0.0
Next port to read input from is inputB
Called postfire()
Called prefire()
Called fire()
Checking for deadlock:
There are 2 Blocked actors, 0 Stopped actors, and 4 active threads.
Waiting for actors to stop.
Called postfire()
Called prefire()
Called fire()
Checking for deadlock:
There are 3 Blocked actors, 0 Stopped actors, and 4 active threads.
Waiting for actors to stop.
Read input token from inputB with value 0.0
Checking for deadlock:
There are 2 Blocked actors, 0 Stopped actors, and 4 active threads.
Waiting for actors to stop.
-- Read input: 0.0, which is expected to match: 0.0
Called prefire()
Called fire()
Checking for deadlock:
There are 3 Blocked actors, 0 Stopped actors, and 4 active threads.
Waiting for actors to stop.
Sent output token with value 0.0
Next port to read input from is inputA
Called postfire()
Called prefire()
Called fire()
Checking for deadlock:
There are 2 Blocked actors, 0 Stopped actors, and 4 active threads.
Waiting for actors to stop.
Called postfire()
Called prefire()
Called fire()
Checking for deadlock:
There are 3 Blocked actors, 0 Stopped actors, and 4 active threads.
Waiting for actors to stop.
Read input token from inputA with value 1.0
Checking for deadlock:
There are 2 Blocked actors, 0 Stopped actors, and 4 active threads.
Waiting for actors to stop.
-- Read input: 0.0, which is expected to match: 0.0
Called prefire()
Called fire()
Checking for deadlock:
There are 3 Blocked actors, 0 Stopped actors, and 4 active threads.
Waiting for actors to stop.
Sent output token with value 0.0
Next port to read input from is inputB
Called postfire()
Called prefire()
Called fire()
Checking for deadlock:
There are 2 Blocked actors, 0 Stopped actors, and 4 active threads.
Waiting for actors to stop.
Called postfire()
Called prefire()
Called fire()
Checking for deadlock:
There are 3 Blocked actors, 0 Stopped actors, and 4 active threads.
Waiting for actors to stop.
Read input token from inputB with value 1.5
Checking for deadlock:
There are 2 Blocked actors, 0 Stopped actors, and 4 active threads.
Waiting for actors to stop.
-- Read input: 1.0, which is expected to match: 1.0
Called prefire()
Called fire()
Checking for deadlock:
There are 3 Blocked actors, 0 Stopped actors, and 4 active threads.
Waiting for actors to stop.
Sent output token with value 1.0
Next port to read input from is inputA
Called postfire()
Called prefire()
Called fire()
Checking for deadlock:
There are 2 Blocked actors, 0 Stopped actors, and 4 active threads.
Waiting for actors to stop.
Called postfire()
Called prefire()
Called fire()
Checking for deadlock:
There are 3 Blocked actors, 0 Stopped actors, and 4 active threads.
Waiting for actors to stop.
Read input token from inputA with value 2.0
Checking for deadlock:
There are 2 Blocked actors, 0 Stopped actors, and 4 active threads.
Waiting for actors to stop.
-- Read input: 1.5, which is expected to match: 1.5
Called prefire()
Called fire()
Checking for deadlock:
There are 3 Blocked actors, 0 Stopped actors, and 4 active threads.
Waiting for actors to stop.
Sent output token with value 1.5
Next port to read input from is inputB
Called postfire()
Called prefire()
Called fire()
Checking for deadlock:
There are 2 Blocked actors, 0 Stopped actors, and 4 active threads.
Waiting for actors to stop.
Called postfire()
Called prefire()
Called fire()
Checking for deadlock:
There are 3 Blocked actors, 0 Stopped actors, and 4 active threads.
Waiting for actors to stop.
Read input token from inputB with value 3.0
Checking for deadlock:
There are 2 Blocked actors, 0 Stopped actors, and 4 active threads.
Waiting for actors to stop.
-- Read input: 2.0, which is expected to match: 2.0
Called prefire()
Called fire()
Checking for deadlock:
There are 3 Blocked actors, 0 Stopped actors, and 4 active threads.
Waiting for actors to stop.
Sent output token with value 2.0
Next port to read input from is inputA
Called postfire()
Called prefire()
Called fire()
Checking for deadlock:
There are 2 Blocked actors, 0 Stopped actors, and 4 active threads.
Waiting for actors to stop.
Called postfire()
Called prefire()
Called fire()
Checking for deadlock:
There are 3 Blocked actors, 0 Stopped actors, and 4 active threads.
Waiting for actors to stop.
Read input token from inputA with value 3.0
Checking for deadlock:
There are 2 Blocked actors, 0 Stopped actors, and 4 active threads.
Waiting for actors to stop.
-- Read input: 3.0, which is expected to match: 3.0
Called prefire()
Called fire()
Checking for deadlock:
There are 3 Blocked actors, 0 Stopped actors, and 4 active threads.
Waiting for actors to stop.
Sent output token with value 3.0
Next port to read input from is inputB
Called postfire()
Called prefire()
Called fire()
Checking for deadlock:
There are 2 Blocked actors, 0 Stopped actors, and 4 active threads.
Waiting for actors to stop.
Called postfire()
Called prefire()
Called fire()
Checking for deadlock:
There are 3 Blocked actors, 0 Stopped actors, and 4 active threads.
Waiting for actors to stop.
Read input token from inputB with value 4.5
Checking for deadlock:
There are 2 Blocked actors, 0 Stopped actors, and 4 active threads.
Waiting for actors to stop.
-- Read input: 3.0, which is expected to match: 3.0
Called prefire()
Called fire()
Checking for deadlock:
There are 3 Blocked actors, 0 Stopped actors, and 4 active threads.
Waiting for actors to stop.
Sent output token with value 3.0
Next port to read input from is inputA
Called postfire()
Called prefire()
Called fire()
Checking for deadlock:
There are 2 Blocked actors, 0 Stopped actors, and 4 active threads.
Waiting for actors to stop.
Called postfire()
Called prefire()
Called fire()
Checking for deadlock:
There are 3 Blocked actors, 0 Stopped actors, and 4 active threads.
Waiting for actors to stop.
Read input token from inputA with value 4.0
Checking for deadlock:
There are 2 Blocked actors, 0 Stopped actors, and 4 active threads.
Waiting for actors to stop.
-- Read input: 4.0, which is expected to match: 4.0
Called prefire()
Called fire()
Past the end of training data. Read and discard all inputs.
Checking for deadlock:
There are 3 Blocked actors, 0 Stopped actors, and 4 active threads.
Waiting for actors to stop.
Sent output token with value 4.0
Next port to read input from is inputA
Called postfire()
Called prefire()
Called fire()
Checking for deadlock:
There are 2 Blocked actors, 0 Stopped actors, and 4 active threads.
Waiting for actors to stop.
Called postfire()
Called prefire()
Called fire()
Checking for deadlock:
There are 3 Blocked actors, 0 Stopped actors, and 4 active threads.
Waiting for actors to stop.
Read input token from inputA with value 5.0
Checking for deadlock:
There are 2 Blocked actors, 0 Stopped actors, and 4 active threads.
Waiting for actors to stop.
Called prefire()
Called fire()
Past the end of training data. Read and discard all inputs.
Checking for deadlock:
There are 3 Blocked actors, 0 Stopped actors, and 4 active threads.
Waiting for actors to stop.
Sent output token with value 4.5
Next port to read input from is inputB
Called postfire()
Called prefire()
Called fire()
Checking for deadlock:
There are 2 Blocked actors, 0 Stopped actors, and 4 active threads.
Waiting for actors to stop.
Called postfire()
Called prefire()
Called fire()
Checking for deadlock:
There are 3 Blocked actors, 0 Stopped actors, and 4 active threads.
Waiting for actors to stop.
Read input token from inputB with value 6.0
Checking for deadlock:
There are 2 Blocked actors, 0 Stopped actors, and 4 active threads.
Waiting for actors to stop.
Called prefire()
Called fire()
Past the end of training data. Read and discard all inputs.
Checking for deadlock:
There are 3 Blocked actors, 0 Stopped actors, and 4 active threads.
Waiting for actors to stop.
Sent output token with value 5.0
Next port to read input from is inputA
Called postfire()
Called prefire()
Called fire()
Checking for deadlock:
There are 2 Blocked actors, 0 Stopped actors, and 4 active threads.
Waiting for actors to stop.
Called postfire()
Called prefire()
Called fire()
Checking for deadlock:
There are 3 Blocked actors, 0 Stopped actors, and 4 active threads.
Waiting for actors to stop.
Read input token from inputA with value 6.0
Checking for deadlock:
There are 2 Blocked actors, 0 Stopped actors, and 4 active threads.
Waiting for actors to stop.
Called prefire()
Called fire()
Past the end of training data. Read and discard all inputs.
Checking for deadlock:
There are 3 Blocked actors, 0 Stopped actors, and 4 active threads.
Waiting for actors to stop.
Sent output token with value 6.0
Next port to read input from is inputB
Called postfire()
Called prefire()
Called fire()
Checking for deadlock:
There are 2 Blocked actors, 0 Stopped actors, and 4 active threads.
Waiting for actors to stop.
Called postfire()
Called prefire()
Called fire()
Checking for deadlock:
There are 3 Blocked actors, 0 Stopped actors, and 4 active threads.
Waiting for actors to stop.
Read input token from inputB with value 7.5
Checking for deadlock:
There are 2 Blocked actors, 0 Stopped actors, and 4 active threads.
Waiting for actors to stop.
Called prefire()
Called fire()
Past the end of training data. Read and discard all inputs.
Checking for deadlock:
There are 3 Blocked actors, 0 Stopped actors, and 4 active threads.
Waiting for actors to stop.
Sent output token with value 6.0
Next port to read input from is inputA
Called postfire()
Called prefire()
Called fire()
Checking for deadlock:
There are 2 Blocked actors, 0 Stopped actors, and 4 active threads.
Waiting for actors to stop.
Called postfire()
Called prefire()
Called fire()
Checking for deadlock:
There are 3 Blocked actors, 0 Stopped actors, and 4 active threads.
Waiting for actors to stop.
Read input token from inputA with value 7.0
Checking for deadlock:
There are 2 Blocked actors, 0 Stopped actors, and 4 active threads.
Waiting for actors to stop.
Called prefire()
Called fire()
Past the end of training data. Read and discard all inputs.
Checking for deadlock:
There are 3 Blocked actors, 0 Stopped actors, and 4 active threads.
Waiting for actors to stop.
Sent output token with value 7.0
Next port to read input from is inputA
Called postfire()
Called prefire()
Called fire()
Checking for deadlock:
There are 2 Blocked actors, 0 Stopped actors, and 4 active threads.
Waiting for actors to stop.
-- Thread wrapup() called.
Called wrapup()
Thread .top.Ramp is exiting.
Checking for deadlock:
There are 2 Blocked actors, 0 Stopped actors, and 3 active threads.
Waiting for actors to stop.
-- Thread stopped.
Read input token from inputA with value 8.0
Checking for deadlock:
There are 1 Blocked actors, 0 Stopped actors, and 3 active threads.
Waiting for actors to stop.
Called prefire()
Called fire()
Past the end of training data. Read and discard all inputs.
Checking for deadlock:
There are 2 Blocked actors, 0 Stopped actors, and 3 active threads.
Waiting for actors to stop.
Sent output token with value 7.5
Next port to read input from is inputB
Called postfire()
Called prefire()
Called fire()
Checking for deadlock:
There are 1 Blocked actors, 0 Stopped actors, and 3 active threads.
Waiting for actors to stop.
Called postfire()
Called prefire()
Called fire()
Checking for deadlock:
There are 2 Blocked actors, 0 Stopped actors, and 3 active threads.
Waiting for actors to stop.
Read input token from inputB with value 9.0
Checking for deadlock:
There are 1 Blocked actors, 0 Stopped actors, and 3 active threads.
Waiting for actors to stop.
Called prefire()
Called fire()
Past the end of training data. Read and discard all inputs.
Checking for deadlock:
There are 2 Blocked actors, 0 Stopped actors, and 3 active threads.
Waiting for actors to stop.
Sent output token with value 8.0
Next port to read input from is inputA
Called postfire()
Called prefire()
Called fire()
Read input token from inputA with value 9.0
Checking for deadlock:
There are 1 Blocked actors, 0 Stopped actors, and 3 active threads.
Waiting for actors to stop.
Called prefire()
Called fire()
Past the end of training data. Read and discard all inputs.
Checking for deadlock:
There are 2 Blocked actors, 0 Stopped actors, and 3 active threads.
Waiting for actors to stop.
Sent output token with value 9.0
Next port to read input from is inputB
Called postfire()
Called prefire()
Called fire()
Checking for deadlock:
There are 1 Blocked actors, 0 Stopped actors, and 3 active threads.
Waiting for actors to stop.
Called postfire()
Called prefire()
Called fire()
Checking for deadlock:
There are 2 Blocked actors, 0 Stopped actors, and 3 active threads.
Waiting for actors to stop.
Read input token from inputB with value 10.5
Checking for deadlock:
There are 1 Blocked actors, 0 Stopped actors, and 3 active threads.
Waiting for actors to stop.
Called prefire()
Called fire()
Past the end of training data. Read and discard all inputs.
Checking for deadlock:
There are 2 Blocked actors, 0 Stopped actors, and 3 active threads.
Waiting for actors to stop.
Sent output token with value 9.0
Next port to read input from is inputA
Called postfire()
Called prefire()
Called fire()
Checking for deadlock:
There are 3 Blocked actors, 0 Stopped actors, and 3 active threads.
Actors have stopped.
Checking for deadlock:
There are 3 Blocked actors, 0 Stopped actors, and 3 active threads.
Deadlock detected.
Resolving Deadlock
Checking for deadlock:
There are 3 Blocked actors, 0 Stopped actors, and 3 active threads.
Artificial Deadlock - increasing queue capacity.
increasing the capacity of receiver ptolemy.actor.TypedIOPort {.top.OrderedMerge.inputB} to 2
Director: Called postfire().
Called postfire().
_stopRequested = false
_stopFireRequested = false
Returning from postfire(): true
Called fire().
Checking for deadlock:
There are 2 Blocked actors, 0 Stopped actors, and 3 active threads.
Waiting for actors to stop.
-- Thread wrapup() called.
Called wrapup()
Thread .top.Ramp2 is exiting.
-- Thread stopped.
Checking for deadlock:
There are 2 Blocked actors, 0 Stopped actors, and 2 active threads.
Actors have stopped.
Checking for deadlock:
There are 2 Blocked actors, 0 Stopped actors, and 2 active threads.
Deadlock detected.
Resolving Deadlock
Checking for deadlock:
There are 2 Blocked actors, 0 Stopped actors, and 2 active threads.
Deadlock detected: no processes blocked on write, but some are blocked on read.
Called postfire().
_stopRequested = false
_stopFireRequested = false
Returning from postfire(): false
Finished deactivating branches.
Called wrapup().
-- Thread wrapup() called.
Called wrapup()
Thread .top.Test is exiting.
-- Thread stopped.
-- Blocked Receiver call threw TerminateProcessException.
-- Thread wrapup() called.
Called wrapup()
Thread .top.OrderedMerge is exiting.
-- Thread stopped.
-- Blocked Receiver call threw TerminateProcessException.
24 ms. Memory: 208384K Free: 108049K (52%)
/home/travis/build/icyphy/ptII/ptolemy/actor/lib/test/Publisher.tcl
7 ms. Memory: 208384K Free: 100777K (48%)
24 ms. Memory: 208384K Free: 95930K (46%)
12 ms. Memory: 208384K Free: 91082K (44%)
8 ms. Memory: 208384K Free: 91082K (44%)
3 ms. Memory: 208384K Free: 91082K (44%)
13 ms. Memory: 208384K Free: 88658K (43%)
2 ms. Memory: 208384K Free: 88658K (43%)
3 ms. Memory: 208384K Free: 88658K (43%)
16 ms. Memory: 330752K Free: 319660K (97%)
12 ms. Memory: 330752K Free: 318988K (96%)
14 ms. Memory: 330752K Free: 314268K (95%)
1 ms. Memory: 330752K Free: 314268K (95%)
6 ms. Memory: 330752K Free: 304830K (92%)
10 ms. Memory: 330752K Free: 295392K (89%)
6 ms. Memory: 330752K Free: 285954K (86%)
/home/travis/build/icyphy/ptII/ptolemy/actor/lib/test/Pulse.tcl
2 ms. Memory: 330752K Free: 243481K (74%)
2 ms. Memory: 330752K Free: 238762K (72%)
1 ms. Memory: 330752K Free: 238762K (72%)
1 ms. Memory: 330752K Free: 238762K (72%)
1 ms. Memory: 330752K Free: 238762K (72%)
2 ms. Memory: 330752K Free: 238762K (72%)
1 ms. Memory: 330752K Free: 238762K (72%)
1 ms. Memory: 330752K Free: 238762K (72%)
1 ms. Memory: 330752K Free: 234043K (71%)
/home/travis/build/icyphy/ptII/ptolemy/actor/lib/test/Ramp.tcl
2 ms. Memory: 330752K Free: 234043K (71%)
2 ms. Memory: 330752K Free: 234043K (71%)
1 ms. Memory: 330752K Free: 234043K (71%)
1 ms. Memory: 330752K Free: 229308K (69%)
2 ms. Memory: 330752K Free: 229308K (69%)
3 ms. Memory: 330752K Free: 229308K (69%)
4 ms. Memory: 330752K Free: 229308K (69%)
5 actors
5000 microseconds per iteration to create
5 ms. Memory: 330752K Free: 224573K (68%)
6 ms. Memory: 330752K Free: 224573K (68%)
2 ms. Memory: 330752K Free: 224573K (68%)
4 ms. Memory: 330752K Free: 224573K (68%)
50 actors
41000 microseconds per iteration to create
50 ms. Memory: 330752K Free: 210391K (64%)
5 ms. Memory: 330752K Free: 205672K (62%)
15 ms. Memory: 330752K Free: 205672K (62%)
7 ms. Memory: 330752K Free: 205672K (62%)
500 actors
1408000 microseconds per iteration to create
294 ms. Memory: 331776K Free: 272045K (82%)
39 ms. Memory: 331776K Free: 267270K (81%)
37 ms. Memory: 331776K Free: 262496K (79%)
35 ms. Memory: 331776K Free: 257722K (78%)
/home/travis/build/icyphy/ptII/ptolemy/actor/lib/test/RampContinuous.tcl
6 ms. Memory: 331776K Free: 252947K (76%)
/home/travis/build/icyphy/ptII/ptolemy/actor/lib/test/RecordAssembler.tcl
6 ms. Memory: 331776K Free: 252947K (76%)
3 ms. Memory: 331776K Free: 252947K (76%)
/home/travis/build/icyphy/ptII/ptolemy/actor/lib/test/RecordDisassembler.tcl
6 ms. Memory: 331776K Free: 252947K (76%)
5 ms. Memory: 331776K Free: 248173K (75%)
6 ms. Memory: 331776K Free: 248173K (75%)
/home/travis/build/icyphy/ptII/ptolemy/actor/lib/test/Scale.tcl
3 ms. Memory: 331776K Free: 248173K (75%)
2 ms. Memory: 331776K Free: 248173K (75%)
1 ms. Memory: 331776K Free: 243391K (73%)
14 ms. Memory: 331776K Free: 243391K (73%)
2 ms. Memory: 331776K Free: 243391K (73%)
/home/travis/build/icyphy/ptII/ptolemy/actor/lib/test/SequentialClock.tcl
preinitializing
resolving types
initializing
executing number 1
wrapping up
idle
6 ms. Memory: 331776K Free: 243391K (73%)
Completed execution with 5 iterations
preinitializing
resolving types
initializing
executing number 1
wrapping up
idle
1 ms. Memory: 331776K Free: 243391K (73%)
Completed execution with 5 iterations
preinitializing
resolving types
initializing
executing number 1
wrapping up
idle
6 ms. Memory: 331776K Free: 243391K (73%)
Completed execution with 5 iterations
/home/travis/build/icyphy/ptII/ptolemy/actor/lib/test/SetVariable.tcl
8 ms. Memory: 331776K Free: 238616K (72%)
/home/travis/build/icyphy/ptII/ptolemy/actor/lib/test/Sinewave.tcl
/home/travis/build/icyphy/ptII/ptolemy/actor/lib/test/SubscriptionAggregator.tcl
4 ms. Memory: 331776K Free: 224277K (68%)
2 ms. Memory: 331776K Free: 224277K (68%)
0 ms. Memory: 331776K Free: 224277K (68%)
0 ms. Memory: 331776K Free: 224277K (68%)
2 ms. Memory: 331776K Free: 219486K (66%)
3 ms. Memory: 331776K Free: 219486K (66%)
...............................................................809 ms. Memory: 575488K Free: 181501K (32%)
/home/travis/build/icyphy/ptII/ptolemy/actor/lib/test/Test.tcl
 The next command will produce a warning about training mode,
   which may be ignored.
4 ms. Memory: 575488K Free: 171946K (30%)
2 ms. Memory: 575488K Free: 171946K (30%)
1 ms. Memory: 575488K Free: 171946K (30%)
1 ms. Memory: 575488K Free: 171946K (30%)
3 ms. Memory: 575488K Free: 171946K (30%)
2 ms. Memory: 575488K Free: 171946K (30%)
3 ms. Memory: 575488K Free: 171946K (30%)
 The next command will produce a warning about training mode,
   which may be ignored.
4 ms. Memory: 575488K Free: 171946K (30%)
 The next command will produce a warning about training mode,
   which may be ignored.
3 ms. Memory: 575488K Free: 162392K (28%)
1 ms. Memory: 575488K Free: 162392K (28%)
0 ms. Memory: 575488K Free: 162392K (28%)
3 ms. Memory: 575488K Free: 162392K (28%)
3 ms. Memory: 575488K Free: 162392K (28%)
5 ms. Memory: 575488K Free: 162392K (28%)
/home/travis/build/icyphy/ptII/ptolemy/actor/lib/test/TestExceptionHandler.tcl
 The next command will produce a warning about training mode,
   which may be ignored.
2 ms. Memory: 575488K Free: 162392K (28%)
0 ms. Memory: 575488K Free: 162392K (28%)
1 ms. Memory: 575488K Free: 152837K (27%)
/home/travis/build/icyphy/ptII/ptolemy/actor/lib/test/UnionDisassembler.tcl
22 ms. Memory: 575488K Free: 152837K (27%)
/home/travis/build/icyphy/ptII/ptolemy/actor/lib/test/VariableClock.tcl
preinitializing
resolving types
initializing
executing number 1
wrapping up
idle
9 ms. Memory: 575488K Free: 143266K (25%)
Completed execution with 11 iterations
preinitializing
resolving types
initializing
executing number 1
wrapping up
idle
3 ms. Memory: 575488K Free: 143266K (25%)
Completed execution with 10 iterations
09/25/18 02:12:49
Failed: 0  Total Tests: 234  ((Passed: 234, Newly Passed: 0)  Known Failed: 0) /home/travis/build/icyphy/ptII/ptolemy/actor/lib/test
----------------- testing (KnownFailure) /home/travis/build/icyphy/ptII/ptolemy/actor/lib/test/auto/knownFailedTests/PublisherPortToplevelSubscriber.xml
1 ms. Memory: 575488K Free: 133548K (23%)
Known Failure: java.lang.reflect.InvocationTargetException
----------------- testing (KnownFailure) /home/travis/build/icyphy/ptII/ptolemy/actor/lib/test/auto/knownFailedTests/PublisherSubscriberPortToplevel.xml
1 ms. Memory: 575488K Free: 114113K (20%)
Known Failure: java.lang.reflect.InvocationTargetException
----------------- testing (KnownFailure) /home/travis/build/icyphy/ptII/ptolemy/actor/lib/test/auto/knownFailedTests/PublisherSubscriptionAggregatorPort.xml
1 ms. Memory: 575488K Free: 94677K (16%)
Known Failure: java.lang.reflect.InvocationTargetException
----------------- testing (KnownFailure) /home/travis/build/icyphy/ptII/ptolemy/actor/lib/test/auto/knownFailedTests/sizedarray3.xml
4 ms. Memory: 575488K Free: 75241K (13%)
Known Failure: java.lang.reflect.InvocationTargetException
No auto/linux-amd64/*.xml tests in /home/travis/build/icyphy/ptII/ptolemy/actor/lib/test
AutoTests.java: About to close Vertx.
AutoTests.java: Vertx closed.

===========================================================================================
----------------- testing Tue Sep 25 02:12:49 UTC 2018 /home/travis/build/icyphy/ptII/ptolemy/actor/lib/test/auto/AbsoluteValue.xml
----------------- Instantiating /home/travis/build/icyphy/ptII/ptolemy/actor/lib/test/auto/AbsoluteValue.xml
5 ms. Memory: 579072K Free: 480771K (83%)
----------------- Invoking toplevel() on ptolemy.moml.MoMLSimpleApplication@7197f412
----------------- Done invoking toplevel() on ptolemy.moml.MoMLSimpleApplication@7197f412
reloadAllAccessors: .AbsoluteValue

===========================================================================================
----------------- testing Tue Sep 25 02:12:49 UTC 2018 /home/travis/build/icyphy/ptII/ptolemy/actor/lib/test/auto/AbsoluteValue2.xml
----------------- Instantiating /home/travis/build/icyphy/ptII/ptolemy/actor/lib/test/auto/AbsoluteValue2.xml
4 ms. Memory: 579072K Free: 462017K (80%)
----------------- Invoking toplevel() on ptolemy.moml.MoMLSimpleApplication@36cb0d8c
----------------- Done invoking toplevel() on ptolemy.moml.MoMLSimpleApplication@36cb0d8c
reloadAllAccessors: .AbsoluteValue2

===========================================================================================
----------------- testing Tue Sep 25 02:12:49 UTC 2018 /home/travis/build/icyphy/ptII/ptolemy/actor/lib/test/auto/Accumulator.xml
----------------- Instantiating /home/travis/build/icyphy/ptII/ptolemy/actor/lib/test/auto/Accumulator.xml
15 ms. Memory: 579072K Free: 452283K (78%)
----------------- Invoking toplevel() on ptolemy.moml.MoMLSimpleApplication@58541e5e
----------------- Done invoking toplevel() on ptolemy.moml.MoMLSimpleApplication@58541e5e
reloadAllAccessors: .Accumulator

===========================================================================================
----------------- testing Tue Sep 25 02:12:49 UTC 2018 /home/travis/build/icyphy/ptII/ptolemy/actor/lib/test/auto/Accumulator2.xml
----------------- Instantiating /home/travis/build/icyphy/ptII/ptolemy/actor/lib/test/auto/Accumulator2.xml
3 ms. Memory: 579072K Free: 445804K (77%)
----------------- Invoking toplevel() on ptolemy.moml.MoMLSimpleApplication@5d7efe8e
----------------- Done invoking toplevel() on ptolemy.moml.MoMLSimpleApplication@5d7efe8e
reloadAllAccessors: .Accumulator2

===========================================================================================
----------------- testing Tue Sep 25 02:12:50 UTC 2018 /home/travis/build/icyphy/ptII/ptolemy/actor/lib/test/auto/Accumulator3.xml
----------------- Instantiating /home/travis/build/icyphy/ptII/ptolemy/actor/lib/test/auto/Accumulator3.xml
9 ms. Memory: 579072K Free: 439326K (76%)
----------------- Invoking toplevel() on ptolemy.moml.MoMLSimpleApplication@33575a3b
----------------- Done invoking toplevel() on ptolemy.moml.MoMLSimpleApplication@33575a3b
reloadAllAccessors: .Accumulator3

===========================================================================================
----------------- testing Tue Sep 25 02:12:50 UTC 2018 /home/travis/build/icyphy/ptII/ptolemy/actor/lib/test/auto/ArrayAppend.xml
----------------- Instantiating /home/travis/build/icyphy/ptII/ptolemy/actor/lib/test/auto/ArrayAppend.xml
9 ms. Memory: 579072K Free: 420572K (73%)
----------------- Invoking toplevel() on ptolemy.moml.MoMLSimpleApplication@76607e3b
----------------- Done invoking toplevel() on ptolemy.moml.MoMLSimpleApplication@76607e3b
reloadAllAccessors: .ArrayAppend

===========================================================================================
----------------- testing Tue Sep 25 02:12:50 UTC 2018 /home/travis/build/icyphy/ptII/ptolemy/actor/lib/test/auto/ArrayAppend2.xml
----------------- Instantiating /home/travis/build/icyphy/ptII/ptolemy/actor/lib/test/auto/ArrayAppend2.xml
501 ms. Memory: 579072K Free: 333111K (58%)
----------------- Invoking toplevel() on ptolemy.moml.MoMLSimpleApplication@2fa80639
----------------- Done invoking toplevel() on ptolemy.moml.MoMLSimpleApplication@2fa80639
reloadAllAccessors: .ArrayAppend2

===========================================================================================
----------------- testing Tue Sep 25 02:12:50 UTC 2018 /home/travis/build/icyphy/ptII/ptolemy/actor/lib/test/auto/ArrayAppend3.xml
----------------- Instantiating /home/travis/build/icyphy/ptII/ptolemy/actor/lib/test/auto/ArrayAppend3.xml
4 ms. Memory: 579072K Free: 326633K (56%)
----------------- Invoking toplevel() on ptolemy.moml.MoMLSimpleApplication@6f58d957
----------------- Done invoking toplevel() on ptolemy.moml.MoMLSimpleApplication@6f58d957
reloadAllAccessors: .ArrayAppend3

===========================================================================================
----------------- testing Tue Sep 25 02:12:50 UTC 2018 /home/travis/build/icyphy/ptII/ptolemy/actor/lib/test/auto/ArrayAppend4.xml
----------------- Instantiating /home/travis/build/icyphy/ptII/ptolemy/actor/lib/test/auto/ArrayAppend4.xml
13 ms. Memory: 579072K Free: 320154K (55%)
----------------- Invoking toplevel() on ptolemy.moml.MoMLSimpleApplication@75abe6b6
----------------- Done invoking toplevel() on ptolemy.moml.MoMLSimpleApplication@75abe6b6
reloadAllAccessors: .ArrayAppend4

===========================================================================================
----------------- testing Tue Sep 25 02:12:50 UTC 2018 /home/travis/build/icyphy/ptII/ptolemy/actor/lib/test/auto/ArrayAppend5.xml
----------------- Instantiating /home/travis/build/icyphy/ptII/ptolemy/actor/lib/test/auto/ArrayAppend5.xml
5 ms. Memory: 579072K Free: 304655K (53%)
----------------- Invoking toplevel() on ptolemy.moml.MoMLSimpleApplication@359e773f
----------------- Done invoking toplevel() on ptolemy.moml.MoMLSimpleApplication@359e773f
reloadAllAccessors: .ArrayAppend5

===========================================================================================
----------------- testing Tue Sep 25 02:12:50 UTC 2018 /home/travis/build/icyphy/ptII/ptolemy/actor/lib/test/auto/ArrayAppend6.xml
----------------- Instantiating /home/travis/build/icyphy/ptII/ptolemy/actor/lib/test/auto/ArrayAppend6.xml
3 ms. Memory: 579072K Free: 298176K (51%)
----------------- Invoking toplevel() on ptolemy.moml.MoMLSimpleApplication@698e5c32
----------------- Done invoking toplevel() on ptolemy.moml.MoMLSimpleApplication@698e5c32
reloadAllAccessors: .ArrayAppend6

===========================================================================================
----------------- testing Tue Sep 25 02:12:50 UTC 2018 /home/travis/build/icyphy/ptII/ptolemy/actor/lib/test/auto/ArrayAppendPerformanceTest.xml
----------------- Instantiating /home/travis/build/icyphy/ptII/ptolemy/actor/lib/test/auto/ArrayAppendPerformanceTest.xml
20 ms. Memory: 579072K Free: 285195K (49%)
----------------- Invoking toplevel() on ptolemy.moml.MoMLSimpleApplication@1980a7af
----------------- Done invoking toplevel() on ptolemy.moml.MoMLSimpleApplication@1980a7af
reloadAllAccessors: .ArrayAppendPerformanceTest

===========================================================================================
----------------- testing Tue Sep 25 02:12:50 UTC 2018 /home/travis/build/icyphy/ptII/ptolemy/actor/lib/test/auto/ArrayAppendWithEmptyInput.xml
----------------- Instantiating /home/travis/build/icyphy/ptII/ptolemy/actor/lib/test/auto/ArrayAppendWithEmptyInput.xml
15 ms. Memory: 579072K Free: 275469K (48%)
----------------- Invoking toplevel() on ptolemy.moml.MoMLSimpleApplication@73d60404
----------------- Done invoking toplevel() on ptolemy.moml.MoMLSimpleApplication@73d60404
reloadAllAccessors: .ArrayAppendWithEmptyInput

===========================================================================================
----------------- testing Tue Sep 25 02:12:50 UTC 2018 /home/travis/build/icyphy/ptII/ptolemy/actor/lib/test/auto/ArrayAverage.xml
----------------- Instantiating /home/travis/build/icyphy/ptII/ptolemy/actor/lib/test/auto/ArrayAverage.xml
4 ms. Memory: 579072K Free: 256715K (44%)
----------------- Invoking toplevel() on ptolemy.moml.MoMLSimpleApplication@20bca4ea
----------------- Done invoking toplevel() on ptolemy.moml.MoMLSimpleApplication@20bca4ea
reloadAllAccessors: .ArrayAverage

===========================================================================================
----------------- testing Tue Sep 25 02:12:50 UTC 2018 /home/travis/build/icyphy/ptII/ptolemy/actor/lib/test/auto/ArrayContains.xml
----------------- Instantiating /home/travis/build/icyphy/ptII/ptolemy/actor/lib/test/auto/ArrayContains.xml
5 ms. Memory: 579072K Free: 246989K (43%)
----------------- Invoking toplevel() on ptolemy.moml.MoMLSimpleApplication@4787e2cc
----------------- Done invoking toplevel() on ptolemy.moml.MoMLSimpleApplication@4787e2cc
reloadAllAccessors: .ArrayContains

===========================================================================================
----------------- testing Tue Sep 25 02:12:50 UTC 2018 /home/travis/build/icyphy/ptII/ptolemy/actor/lib/test/auto/ArrayElement.xml
----------------- Instantiating /home/travis/build/icyphy/ptII/ptolemy/actor/lib/test/auto/ArrayElement.xml
5 ms. Memory: 579072K Free: 240511K (42%)
----------------- Invoking toplevel() on ptolemy.moml.MoMLSimpleApplication@3168d83d
----------------- Done invoking toplevel() on ptolemy.moml.MoMLSimpleApplication@3168d83d
reloadAllAccessors: .ArrayElement

===========================================================================================
----------------- testing Tue Sep 25 02:12:51 UTC 2018 /home/travis/build/icyphy/ptII/ptolemy/actor/lib/test/auto/ArrayElementAsMatrix.xml
----------------- Instantiating /home/travis/build/icyphy/ptII/ptolemy/actor/lib/test/auto/ArrayElementAsMatrix.xml
18 ms. Memory: 579072K Free: 227522K (39%)
----------------- Invoking toplevel() on ptolemy.moml.MoMLSimpleApplication@7d407e64
----------------- Done invoking toplevel() on ptolemy.moml.MoMLSimpleApplication@7d407e64
reloadAllAccessors: .ArrayElementAsMatrix

===========================================================================================
----------------- testing Tue Sep 25 02:12:51 UTC 2018 /home/travis/build/icyphy/ptII/ptolemy/actor/lib/test/auto/ArrayElementI.xml
----------------- Instantiating /home/travis/build/icyphy/ptII/ptolemy/actor/lib/test/auto/ArrayElementI.xml
4 ms. Memory: 579072K Free: 212022K (37%)
----------------- Invoking toplevel() on ptolemy.moml.MoMLSimpleApplication@4fcd025a
----------------- Done invoking toplevel() on ptolemy.moml.MoMLSimpleApplication@4fcd025a
reloadAllAccessors: .ArrayElementI

===========================================================================================
----------------- testing Tue Sep 25 02:12:51 UTC 2018 /home/travis/build/icyphy/ptII/ptolemy/actor/lib/test/auto/ArrayExtract.xml
----------------- Instantiating /home/travis/build/icyphy/ptII/ptolemy/actor/lib/test/auto/ArrayExtract.xml
3 ms. Memory: 579072K Free: 202288K (35%)
----------------- Invoking toplevel() on ptolemy.moml.MoMLSimpleApplication@1885ac4b
----------------- Done invoking toplevel() on ptolemy.moml.MoMLSimpleApplication@1885ac4b
reloadAllAccessors: .ArrayExtract

===========================================================================================
----------------- testing Tue Sep 25 02:12:51 UTC 2018 /home/travis/build/icyphy/ptII/ptolemy/actor/lib/test/auto/ArrayExtract2.xml
----------------- Instantiating /home/travis/build/icyphy/ptII/ptolemy/actor/lib/test/auto/ArrayExtract2.xml
1 ms. Memory: 579072K Free: 195810K (34%)
----------------- Invoking toplevel() on ptolemy.moml.MoMLSimpleApplication@4e3c42c0
----------------- Done invoking toplevel() on ptolemy.moml.MoMLSimpleApplication@4e3c42c0
reloadAllAccessors: .ArrayExtract2

===========================================================================================
----------------- testing Tue Sep 25 02:12:51 UTC 2018 /home/travis/build/icyphy/ptII/ptolemy/actor/lib/test/auto/ArrayLength.xml
----------------- Instantiating /home/travis/build/icyphy/ptII/ptolemy/actor/lib/test/auto/ArrayLength.xml
1 ms. Memory: 579072K Free: 189331K (33%)
----------------- Invoking toplevel() on ptolemy.moml.MoMLSimpleApplication@3da1895e
----------------- Done invoking toplevel() on ptolemy.moml.MoMLSimpleApplication@3da1895e
reloadAllAccessors: .ArrayLength

===========================================================================================
----------------- testing Tue Sep 25 02:12:51 UTC 2018 /home/travis/build/icyphy/ptII/ptolemy/actor/lib/test/auto/ArrayLevelCrossing.xml
----------------- Instantiating /home/travis/build/icyphy/ptII/ptolemy/actor/lib/test/auto/ArrayLevelCrossing.xml
7 ms. Memory: 579072K Free: 179597K (31%)
----------------- Invoking toplevel() on ptolemy.moml.MoMLSimpleApplication@439ca559
----------------- Done invoking toplevel() on ptolemy.moml.MoMLSimpleApplication@439ca559
reloadAllAccessors: .ArrayLevelCrossing

===========================================================================================
----------------- testing Tue Sep 25 02:12:51 UTC 2018 /home/travis/build/icyphy/ptII/ptolemy/actor/lib/test/auto/ArrayLevelCrossing2.xml
----------------- Instantiating /home/travis/build/icyphy/ptII/ptolemy/actor/lib/test/auto/ArrayLevelCrossing2.xml
3 ms. Memory: 579072K Free: 160843K (28%)
----------------- Invoking toplevel() on ptolemy.moml.MoMLSimpleApplication@38565290
----------------- Done invoking toplevel() on ptolemy.moml.MoMLSimpleApplication@38565290
reloadAllAccessors: .ArrayLevelCrossing2

===========================================================================================
----------------- testing Tue Sep 25 02:12:51 UTC 2018 /home/travis/build/icyphy/ptII/ptolemy/actor/lib/test/auto/ArrayPeakSearch.xml
----------------- Instantiating /home/travis/build/icyphy/ptII/ptolemy/actor/lib/test/auto/ArrayPeakSearch.xml
4 ms. Memory: 579072K Free: 147870K (26%)
----------------- Invoking toplevel() on ptolemy.moml.MoMLSimpleApplication@91d7ff7
----------------- Done invoking toplevel() on ptolemy.moml.MoMLSimpleApplication@91d7ff7
reloadAllAccessors: .ArrayPeakSearch

===========================================================================================
----------------- testing Tue Sep 25 02:12:51 UTC 2018 /home/travis/build/icyphy/ptII/ptolemy/actor/lib/test/auto/ArrayPeakSearch2.xml
----------------- Instantiating /home/travis/build/icyphy/ptII/ptolemy/actor/lib/test/auto/ArrayPeakSearch2.xml
3 ms. Memory: 579072K Free: 134865K (23%)
----------------- Invoking toplevel() on ptolemy.moml.MoMLSimpleApplication@7b42dd4e
----------------- Done invoking toplevel() on ptolemy.moml.MoMLSimpleApplication@7b42dd4e
reloadAllAccessors: .ArrayPeakSearch2

===========================================================================================
----------------- testing Tue Sep 25 02:12:51 UTC 2018 /home/travis/build/icyphy/ptII/ptolemy/actor/lib/test/auto/ArrayPeakSearch3.xml
----------------- Instantiating /home/travis/build/icyphy/ptII/ptolemy/actor/lib/test/auto/ArrayPeakSearch3.xml
3 ms. Memory: 579072K Free: 121891K (21%)
----------------- Invoking toplevel() on ptolemy.moml.MoMLSimpleApplication@5d6a3dec
----------------- Done invoking toplevel() on ptolemy.moml.MoMLSimpleApplication@5d6a3dec
reloadAllAccessors: .ArrayPeakSearch3

===========================================================================================
----------------- testing Tue Sep 25 02:12:51 UTC 2018 /home/travis/build/icyphy/ptII/ptolemy/actor/lib/test/auto/ArrayRemoveElement.xml
----------------- Instantiating /home/travis/build/icyphy/ptII/ptolemy/actor/lib/test/auto/ArrayRemoveElement.xml
4 ms. Memory: 579072K Free: 103145K (18%)
----------------- Invoking toplevel() on ptolemy.moml.MoMLSimpleApplication@30753493
----------------- Done invoking toplevel() on ptolemy.moml.MoMLSimpleApplication@30753493
reloadAllAccessors: .ArrayRemoveElement

===========================================================================================
----------------- testing Tue Sep 25 02:12:51 UTC 2018 /home/travis/build/icyphy/ptII/ptolemy/actor/lib/test/auto/ArraySort.xml
----------------- Instantiating /home/travis/build/icyphy/ptII/ptolemy/actor/lib/test/auto/ArraySort.xml
4 ms. Memory: 579072K Free: 90172K (16%)
----------------- Invoking toplevel() on ptolemy.moml.MoMLSimpleApplication@2489577
----------------- Done invoking toplevel() on ptolemy.moml.MoMLSimpleApplication@2489577
reloadAllAccessors: .ArraySort

===========================================================================================
----------------- testing Tue Sep 25 02:12:51 UTC 2018 /home/travis/build/icyphy/ptII/ptolemy/actor/lib/test/auto/ArraySum.xml
----------------- Instantiating /home/travis/build/icyphy/ptII/ptolemy/actor/lib/test/auto/ArraySum.xml
7 ms. Memory: 579072K Free: 80438K (14%)
----------------- Invoking toplevel() on ptolemy.moml.MoMLSimpleApplication@461c8acd
----------------- Done invoking toplevel() on ptolemy.moml.MoMLSimpleApplication@461c8acd
reloadAllAccessors: .ArraySum

===========================================================================================
----------------- testing Tue Sep 25 02:12:51 UTC 2018 /home/travis/build/icyphy/ptII/ptolemy/actor/lib/test/auto/ArrayToElements.xml
----------------- Instantiating /home/travis/build/icyphy/ptII/ptolemy/actor/lib/test/auto/ArrayToElements.xml
6 ms. Memory: 579072K Free: 70704K (12%)
----------------- Invoking toplevel() on ptolemy.moml.MoMLSimpleApplication@ce3cdf4
----------------- Done invoking toplevel() on ptolemy.moml.MoMLSimpleApplication@ce3cdf4
reloadAllAccessors: .ArrayToElements

===========================================================================================
----------------- testing Tue Sep 25 02:12:51 UTC 2018 /home/travis/build/icyphy/ptII/ptolemy/actor/lib/test/auto/ArrayToMatrix.xml
----------------- Instantiating /home/travis/build/icyphy/ptII/ptolemy/actor/lib/test/auto/ArrayToMatrix.xml
5 ms. Memory: 877056K Free: 815606K (93%)
----------------- Invoking toplevel() on ptolemy.moml.MoMLSimpleApplication@44f10a14
----------------- Done invoking toplevel() on ptolemy.moml.MoMLSimpleApplication@44f10a14
reloadAllAccessors: .ArrayToMatrix

===========================================================================================
----------------- testing Tue Sep 25 02:12:51 UTC 2018 /home/travis/build/icyphy/ptII/ptolemy/actor/lib/test/auto/ArrayUpdate1.xml
----------------- Instantiating /home/travis/build/icyphy/ptII/ptolemy/actor/lib/test/auto/ArrayUpdate1.xml
7 ms. Memory: 877056K Free: 794429K (91%)
----------------- Invoking toplevel() on ptolemy.moml.MoMLSimpleApplication@8a150f5
----------------- Done invoking toplevel() on ptolemy.moml.MoMLSimpleApplication@8a150f5
reloadAllAccessors: .ArrayUpdate1

===========================================================================================
----------------- testing Tue Sep 25 02:12:51 UTC 2018 /home/travis/build/icyphy/ptII/ptolemy/actor/lib/test/auto/ArrayUpdate2.xml
----------------- Instantiating /home/travis/build/icyphy/ptII/ptolemy/actor/lib/test/auto/ArrayUpdate2.xml
4 ms. Memory: 877056K Free: 784059K (89%)
----------------- Invoking toplevel() on ptolemy.moml.MoMLSimpleApplication@41f98230
----------------- Done invoking toplevel() on ptolemy.moml.MoMLSimpleApplication@41f98230
reloadAllAccessors: .ArrayUpdate2

===========================================================================================
----------------- testing Tue Sep 25 02:12:51 UTC 2018 /home/travis/build/icyphy/ptII/ptolemy/actor/lib/test/auto/ArrayUpdate3.xml
----------------- Instantiating /home/travis/build/icyphy/ptII/ptolemy/actor/lib/test/auto/ArrayUpdate3.xml
6 ms. Memory: 877056K Free: 773689K (88%)
----------------- Invoking toplevel() on ptolemy.moml.MoMLSimpleApplication@1c659bd4
----------------- Done invoking toplevel() on ptolemy.moml.MoMLSimpleApplication@1c659bd4
reloadAllAccessors: .ArrayUpdate3

===========================================================================================
----------------- testing Tue Sep 25 02:12:51 UTC 2018 /home/travis/build/icyphy/ptII/ptolemy/actor/lib/test/auto/Assert1.xml
----------------- Instantiating /home/travis/build/icyphy/ptII/ptolemy/actor/lib/test/auto/Assert1.xml
4 ms. Memory: 877056K Free: 763319K (87%)
----------------- Invoking toplevel() on ptolemy.moml.MoMLSimpleApplication@6894535e
----------------- Done invoking toplevel() on ptolemy.moml.MoMLSimpleApplication@6894535e
reloadAllAccessors: .Assert1

===========================================================================================
----------------- testing Tue Sep 25 02:12:51 UTC 2018 /home/travis/build/icyphy/ptII/ptolemy/actor/lib/test/auto/Assert2.xml
----------------- Instantiating /home/travis/build/icyphy/ptII/ptolemy/actor/lib/test/auto/Assert2.xml
6 ms. Memory: 877056K Free: 742524K (85%)
----------------- Invoking toplevel() on ptolemy.moml.MoMLSimpleApplication@18f16694
----------------- Done invoking toplevel() on ptolemy.moml.MoMLSimpleApplication@18f16694
reloadAllAccessors: .Assert2

===========================================================================================
----------------- testing Tue Sep 25 02:12:51 UTC 2018 /home/travis/build/icyphy/ptII/ptolemy/actor/lib/test/auto/BooleanMultiplexor.xml
----------------- Instantiating /home/travis/build/icyphy/ptII/ptolemy/actor/lib/test/auto/BooleanMultiplexor.xml
2 ms. Memory: 877056K Free: 732154K (83%)
----------------- Invoking toplevel() on ptolemy.moml.MoMLSimpleApplication@42e6204
----------------- Done invoking toplevel() on ptolemy.moml.MoMLSimpleApplication@42e6204
reloadAllAccessors: .BooleanMultiplexor

===========================================================================================
----------------- testing Tue Sep 25 02:12:51 UTC 2018 /home/travis/build/icyphy/ptII/ptolemy/actor/lib/test/auto/BooleanMultiplexor2.xml
----------------- Instantiating /home/travis/build/icyphy/ptII/ptolemy/actor/lib/test/auto/BooleanMultiplexor2.xml
11 ms. Memory: 877056K Free: 721785K (82%)
----------------- Invoking toplevel() on ptolemy.moml.MoMLSimpleApplication@13a08c0a
----------------- Done invoking toplevel() on ptolemy.moml.MoMLSimpleApplication@13a08c0a
reloadAllAccessors: .BooleanMultiplexor2

===========================================================================================
----------------- testing Tue Sep 25 02:12:51 UTC 2018 /home/travis/build/icyphy/ptII/ptolemy/actor/lib/test/auto/BooleanMultiplexor3.xml
----------------- Instantiating /home/travis/build/icyphy/ptII/ptolemy/actor/lib/test/auto/BooleanMultiplexor3.xml
3 ms. Memory: 877056K Free: 711415K (81%)
----------------- Invoking toplevel() on ptolemy.moml.MoMLSimpleApplication@332aa4bd
----------------- Done invoking toplevel() on ptolemy.moml.MoMLSimpleApplication@332aa4bd
reloadAllAccessors: .BooleanMultiplexor3

===========================================================================================
----------------- testing Tue Sep 25 02:12:51 UTC 2018 /home/travis/build/icyphy/ptII/ptolemy/actor/lib/test/auto/BooleanSelect.xml
----------------- Instantiating /home/travis/build/icyphy/ptII/ptolemy/actor/lib/test/auto/BooleanSelect.xml
12 ms. Memory: 877056K Free: 701045K (80%)
----------------- Invoking toplevel() on ptolemy.moml.MoMLSimpleApplication@a793a48
----------------- Done invoking toplevel() on ptolemy.moml.MoMLSimpleApplication@a793a48
reloadAllAccessors: .BooleanSelect

===========================================================================================
----------------- testing Tue Sep 25 02:12:51 UTC 2018 /home/travis/build/icyphy/ptII/ptolemy/actor/lib/test/auto/BooleanSelect2.xml
----------------- Instantiating /home/travis/build/icyphy/ptII/ptolemy/actor/lib/test/auto/BooleanSelect2.xml
1 ms. Memory: 877056K Free: 680250K (78%)
----------------- Invoking toplevel() on ptolemy.moml.MoMLSimpleApplication@6d890a71
----------------- Done invoking toplevel() on ptolemy.moml.MoMLSimpleApplication@6d890a71
reloadAllAccessors: .BooleanSelect2

===========================================================================================
----------------- testing Tue Sep 25 02:12:51 UTC 2018 /home/travis/build/icyphy/ptII/ptolemy/actor/lib/test/auto/BooleanSwitch.xml
----------------- Instantiating /home/travis/build/icyphy/ptII/ptolemy/actor/lib/test/auto/BooleanSwitch.xml
4 ms. Memory: 877056K Free: 669880K (76%)
----------------- Invoking toplevel() on ptolemy.moml.MoMLSimpleApplication@2b6838bb
----------------- Done invoking toplevel() on ptolemy.moml.MoMLSimpleApplication@2b6838bb
reloadAllAccessors: .BooleanSwitch

===========================================================================================
----------------- testing Tue Sep 25 02:12:51 UTC 2018 /home/travis/build/icyphy/ptII/ptolemy/actor/lib/test/auto/BooleanSwitch2.xml
----------------- Instantiating /home/travis/build/icyphy/ptII/ptolemy/actor/lib/test/auto/BooleanSwitch2.xml
1 ms. Memory: 877056K Free: 659510K (75%)
----------------- Invoking toplevel() on ptolemy.moml.MoMLSimpleApplication@8cb127a
----------------- Done invoking toplevel() on ptolemy.moml.MoMLSimpleApplication@8cb127a
reloadAllAccessors: .BooleanSwitch2

===========================================================================================
----------------- testing Tue Sep 25 02:12:51 UTC 2018 /home/travis/build/icyphy/ptII/ptolemy/actor/lib/test/auto/BooleanSwitchCloningBugWithClassRelationGroup.xml
----------------- Instantiating /home/travis/build/icyphy/ptII/ptolemy/actor/lib/test/auto/BooleanSwitchCloningBugWithClassRelationGroup.xml
4 ms. Memory: 877056K Free: 649141K (74%)
----------------- Invoking toplevel() on ptolemy.moml.MoMLSimpleApplication@1c3d34a7
----------------- Done invoking toplevel() on ptolemy.moml.MoMLSimpleApplication@1c3d34a7
reloadAllAccessors: .BooleanSwitchCloningBugWithClassRelationGroup

===========================================================================================
----------------- testing Tue Sep 25 02:12:52 UTC 2018 /home/travis/build/icyphy/ptII/ptolemy/actor/lib/test/auto/BusActors.xml
----------------- Instantiating /home/travis/build/icyphy/ptII/ptolemy/actor/lib/test/auto/BusActors.xml
3 ms. Memory: 877056K Free: 633570K (72%)
----------------- Invoking toplevel() on ptolemy.moml.MoMLSimpleApplication@66d56333
----------------- Done invoking toplevel() on ptolemy.moml.MoMLSimpleApplication@66d56333
reloadAllAccessors: .BusActors

===========================================================================================
----------------- testing Tue Sep 25 02:12:52 UTC 2018 /home/travis/build/icyphy/ptII/ptolemy/actor/lib/test/auto/ClassWrapper.xml
----------------- Instantiating /home/travis/build/icyphy/ptII/ptolemy/actor/lib/test/auto/ClassWrapper.xml
2 ms. Memory: 877056K Free: 612774K (70%)
----------------- Invoking toplevel() on ptolemy.moml.MoMLSimpleApplication@4ec3848c
----------------- Done invoking toplevel() on ptolemy.moml.MoMLSimpleApplication@4ec3848c
reloadAllAccessors: .ClassWrapper

===========================================================================================
----------------- testing Tue Sep 25 02:12:52 UTC 2018 /home/travis/build/icyphy/ptII/ptolemy/actor/lib/test/auto/Clock.xml
----------------- Instantiating /home/travis/build/icyphy/ptII/ptolemy/actor/lib/test/auto/Clock.xml
1 ms. Memory: 877056K Free: 602405K (69%)
----------------- Invoking toplevel() on ptolemy.moml.MoMLSimpleApplication@5e2b6965
----------------- Done invoking toplevel() on ptolemy.moml.MoMLSimpleApplication@5e2b6965
reloadAllAccessors: .Clock

===========================================================================================
----------------- testing Tue Sep 25 02:12:52 UTC 2018 /home/travis/build/icyphy/ptII/ptolemy/actor/lib/test/auto/Clock10.xml
----------------- Instantiating /home/travis/build/icyphy/ptII/ptolemy/actor/lib/test/auto/Clock10.xml
5 ms. Memory: 877056K Free: 592035K (68%)
----------------- Invoking toplevel() on ptolemy.moml.MoMLSimpleApplication@57a39ca5
----------------- Done invoking toplevel() on ptolemy.moml.MoMLSimpleApplication@57a39ca5
reloadAllAccessors: .Clock10

===========================================================================================
----------------- testing Tue Sep 25 02:12:52 UTC 2018 /home/travis/build/icyphy/ptII/ptolemy/actor/lib/test/auto/Clock11.xml
----------------- Instantiating /home/travis/build/icyphy/ptII/ptolemy/actor/lib/test/auto/Clock11.xml
5 ms. Memory: 877056K Free: 581665K (66%)
----------------- Invoking toplevel() on ptolemy.moml.MoMLSimpleApplication@2d5e91ad
----------------- Done invoking toplevel() on ptolemy.moml.MoMLSimpleApplication@2d5e91ad
reloadAllAccessors: .Clock11

===========================================================================================
----------------- testing Tue Sep 25 02:12:52 UTC 2018 /home/travis/build/icyphy/ptII/ptolemy/actor/lib/test/auto/Clock12.xml
----------------- Instantiating /home/travis/build/icyphy/ptII/ptolemy/actor/lib/test/auto/Clock12.xml
4 ms. Memory: 877056K Free: 560870K (64%)
----------------- Invoking toplevel() on ptolemy.moml.MoMLSimpleApplication@3ed6f476
----------------- Done invoking toplevel() on ptolemy.moml.MoMLSimpleApplication@3ed6f476
reloadAllAccessors: .Clock12

===========================================================================================
----------------- testing Tue Sep 25 02:12:52 UTC 2018 /home/travis/build/icyphy/ptII/ptolemy/actor/lib/test/auto/Clock13.xml
----------------- Instantiating /home/travis/build/icyphy/ptII/ptolemy/actor/lib/test/auto/Clock13.xml
6 ms. Memory: 877056K Free: 550500K (63%)
----------------- Invoking toplevel() on ptolemy.moml.MoMLSimpleApplication@6ed2fe98
----------------- Done invoking toplevel() on ptolemy.moml.MoMLSimpleApplication@6ed2fe98
reloadAllAccessors: .Clock13

===========================================================================================
----------------- testing Tue Sep 25 02:12:52 UTC 2018 /home/travis/build/icyphy/ptII/ptolemy/actor/lib/test/auto/Clock14.xml
----------------- Instantiating /home/travis/build/icyphy/ptII/ptolemy/actor/lib/test/auto/Clock14.xml
11 ms. Memory: 877056K Free: 540130K (62%)
----------------- Invoking toplevel() on ptolemy.moml.MoMLSimpleApplication@15f4ca5e
----------------- Done invoking toplevel() on ptolemy.moml.MoMLSimpleApplication@15f4ca5e
reloadAllAccessors: .Clock14

===========================================================================================
----------------- testing Tue Sep 25 02:12:52 UTC 2018 /home/travis/build/icyphy/ptII/ptolemy/actor/lib/test/auto/Clock15.xml
----------------- Instantiating /home/travis/build/icyphy/ptII/ptolemy/actor/lib/test/auto/Clock15.xml
1 ms. Memory: 877056K Free: 529761K (60%)
----------------- Invoking toplevel() on ptolemy.moml.MoMLSimpleApplication@3e9b7a2b
----------------- Done invoking toplevel() on ptolemy.moml.MoMLSimpleApplication@3e9b7a2b
reloadAllAccessors: .Clock15

===========================================================================================
----------------- testing Tue Sep 25 02:12:52 UTC 2018 /home/travis/build/icyphy/ptII/ptolemy/actor/lib/test/auto/Clock16.xml
----------------- Instantiating /home/travis/build/icyphy/ptII/ptolemy/actor/lib/test/auto/Clock16.xml
18 ms. Memory: 877056K Free: 508997K (58%)
----------------- Invoking toplevel() on ptolemy.moml.MoMLSimpleApplication@61c63813
----------------- Done invoking toplevel() on ptolemy.moml.MoMLSimpleApplication@61c63813
reloadAllAccessors: .Clock16

===========================================================================================
----------------- testing Tue Sep 25 02:12:52 UTC 2018 /home/travis/build/icyphy/ptII/ptolemy/actor/lib/test/auto/Clock17.xml
----------------- Instantiating /home/travis/build/icyphy/ptII/ptolemy/actor/lib/test/auto/Clock17.xml
15 ms. Memory: 877056K Free: 483001K (55%)
----------------- Invoking toplevel() on ptolemy.moml.MoMLSimpleApplication@138408ec
----------------- Done invoking toplevel() on ptolemy.moml.MoMLSimpleApplication@138408ec
reloadAllAccessors: .Clock17

===========================================================================================
----------------- testing Tue Sep 25 02:12:52 UTC 2018 /home/travis/build/icyphy/ptII/ptolemy/actor/lib/test/auto/Clock18.xml
----------------- Instantiating /home/travis/build/icyphy/ptII/ptolemy/actor/lib/test/auto/Clock18.xml
14 ms. Memory: 877056K Free: 467446K (53%)
----------------- Invoking toplevel() on ptolemy.moml.MoMLSimpleApplication@2456835
----------------- Done invoking toplevel() on ptolemy.moml.MoMLSimpleApplication@2456835
reloadAllAccessors: .Clock18

===========================================================================================
----------------- testing Tue Sep 25 02:12:52 UTC 2018 /home/travis/build/icyphy/ptII/ptolemy/actor/lib/test/auto/Clock19.xml
----------------- Instantiating /home/travis/build/icyphy/ptII/ptolemy/actor/lib/test/auto/Clock19.xml
15 ms. Memory: 877056K Free: 451876K (52%)
----------------- Invoking toplevel() on ptolemy.moml.MoMLSimpleApplication@da3b997
----------------- Done invoking toplevel() on ptolemy.moml.MoMLSimpleApplication@da3b997
reloadAllAccessors: .Clock19

===========================================================================================
----------------- testing Tue Sep 25 02:12:52 UTC 2018 /home/travis/build/icyphy/ptII/ptolemy/actor/lib/test/auto/Clock2.xml
----------------- Instantiating /home/travis/build/icyphy/ptII/ptolemy/actor/lib/test/auto/Clock2.xml
7 ms. Memory: 877056K Free: 441506K (50%)
----------------- Invoking toplevel() on ptolemy.moml.MoMLSimpleApplication@42e8c63a
----------------- Done invoking toplevel() on ptolemy.moml.MoMLSimpleApplication@42e8c63a
reloadAllAccessors: .Clock2

===========================================================================================
----------------- testing Tue Sep 25 02:12:52 UTC 2018 /home/travis/build/icyphy/ptII/ptolemy/actor/lib/test/auto/Clock20.xml
----------------- Instantiating /home/travis/build/icyphy/ptII/ptolemy/actor/lib/test/auto/Clock20.xml
11 ms. Memory: 877056K Free: 431136K (49%)
----------------- Invoking toplevel() on ptolemy.moml.MoMLSimpleApplication@11704686
----------------- Done invoking toplevel() on ptolemy.moml.MoMLSimpleApplication@11704686
reloadAllAccessors: .Clock20

===========================================================================================
----------------- testing Tue Sep 25 02:12:52 UTC 2018 /home/travis/build/icyphy/ptII/ptolemy/actor/lib/test/auto/Clock21.xml
----------------- Instantiating /home/travis/build/icyphy/ptII/ptolemy/actor/lib/test/auto/Clock21.xml
2 ms. Memory: 877056K Free: 402564K (46%)
----------------- Invoking toplevel() on ptolemy.moml.MoMLSimpleApplication@31293bf2
----------------- Done invoking toplevel() on ptolemy.moml.MoMLSimpleApplication@31293bf2
reloadAllAccessors: .Clock21

===========================================================================================
----------------- testing Tue Sep 25 02:12:52 UTC 2018 /home/travis/build/icyphy/ptII/ptolemy/actor/lib/test/auto/Clock22.xml
----------------- Instantiating /home/travis/build/icyphy/ptII/ptolemy/actor/lib/test/auto/Clock22.xml
2 ms. Memory: 877056K Free: 392194K (45%)
----------------- Invoking toplevel() on ptolemy.moml.MoMLSimpleApplication@1fa044b2
----------------- Done invoking toplevel() on ptolemy.moml.MoMLSimpleApplication@1fa044b2
reloadAllAccessors: .Clock22

===========================================================================================
----------------- testing Tue Sep 25 02:12:52 UTC 2018 /home/travis/build/icyphy/ptII/ptolemy/actor/lib/test/auto/Clock23.xml
----------------- Instantiating /home/travis/build/icyphy/ptII/ptolemy/actor/lib/test/auto/Clock23.xml
2 ms. Memory: 877056K Free: 381824K (44%)
----------------- Invoking toplevel() on ptolemy.moml.MoMLSimpleApplication@d0d8995
----------------- Done invoking toplevel() on ptolemy.moml.MoMLSimpleApplication@d0d8995
reloadAllAccessors: .Clock23

===========================================================================================
----------------- testing Tue Sep 25 02:12:52 UTC 2018 /home/travis/build/icyphy/ptII/ptolemy/actor/lib/test/auto/Clock24.xml
----------------- Instantiating /home/travis/build/icyphy/ptII/ptolemy/actor/lib/test/auto/Clock24.xml
2 ms. Memory: 877056K Free: 371454K (42%)
----------------- Invoking toplevel() on ptolemy.moml.MoMLSimpleApplication@2ce67ee5
----------------- Done invoking toplevel() on ptolemy.moml.MoMLSimpleApplication@2ce67ee5
reloadAllAccessors: .Clock24

===========================================================================================
----------------- testing Tue Sep 25 02:12:52 UTC 2018 /home/travis/build/icyphy/ptII/ptolemy/actor/lib/test/auto/Clock4.xml
----------------- Instantiating /home/travis/build/icyphy/ptII/ptolemy/actor/lib/test/auto/Clock4.xml
1 ms. Memory: 877056K Free: 350659K (40%)
----------------- Invoking toplevel() on ptolemy.moml.MoMLSimpleApplication@1fe58368
----------------- Done invoking toplevel() on ptolemy.moml.MoMLSimpleApplication@1fe58368
reloadAllAccessors: .Clock4

===========================================================================================
----------------- testing Tue Sep 25 02:12:52 UTC 2018 /home/travis/build/icyphy/ptII/ptolemy/actor/lib/test/auto/Clock5.xml
----------------- Instantiating /home/travis/build/icyphy/ptII/ptolemy/actor/lib/test/auto/Clock5.xml
6 ms. Memory: 877056K Free: 340289K (39%)
----------------- Invoking toplevel() on ptolemy.moml.MoMLSimpleApplication@6c57892a
----------------- Done invoking toplevel() on ptolemy.moml.MoMLSimpleApplication@6c57892a
reloadAllAccessors: .Clock5

===========================================================================================
----------------- testing Tue Sep 25 02:12:52 UTC 2018 /home/travis/build/icyphy/ptII/ptolemy/actor/lib/test/auto/Clock6.xml
----------------- Instantiating /home/travis/build/icyphy/ptII/ptolemy/actor/lib/test/auto/Clock6.xml
1 ms. Memory: 877056K Free: 329919K (38%)
----------------- Invoking toplevel() on ptolemy.moml.MoMLSimpleApplication@6f25f104
----------------- Done invoking toplevel() on ptolemy.moml.MoMLSimpleApplication@6f25f104
reloadAllAccessors: .Clock6

===========================================================================================
----------------- testing Tue Sep 25 02:12:52 UTC 2018 /home/travis/build/icyphy/ptII/ptolemy/actor/lib/test/auto/Clock7.xml
----------------- Instantiating /home/travis/build/icyphy/ptII/ptolemy/actor/lib/test/auto/Clock7.xml
3 ms. Memory: 877056K Free: 319550K (36%)
----------------- Invoking toplevel() on ptolemy.moml.MoMLSimpleApplication@15f1629e
----------------- Done invoking toplevel() on ptolemy.moml.MoMLSimpleApplication@15f1629e
reloadAllAccessors: .Clock7

===========================================================================================
----------------- testing Tue Sep 25 02:12:52 UTC 2018 /home/travis/build/icyphy/ptII/ptolemy/actor/lib/test/auto/Clock8.xml
----------------- Instantiating /home/travis/build/icyphy/ptII/ptolemy/actor/lib/test/auto/Clock8.xml
3 ms. Memory: 877056K Free: 309180K (35%)
----------------- Invoking toplevel() on ptolemy.moml.MoMLSimpleApplication@7188fb6
----------------- Done invoking toplevel() on ptolemy.moml.MoMLSimpleApplication@7188fb6
reloadAllAccessors: .Clock8

===========================================================================================
----------------- testing Tue Sep 25 02:12:52 UTC 2018 /home/travis/build/icyphy/ptII/ptolemy/actor/lib/test/auto/Clock9.xml
----------------- Instantiating /home/travis/build/icyphy/ptII/ptolemy/actor/lib/test/auto/Clock9.xml
3 ms. Memory: 877056K Free: 288384K (33%)
----------------- Invoking toplevel() on ptolemy.moml.MoMLSimpleApplication@738a669e
----------------- Done invoking toplevel() on ptolemy.moml.MoMLSimpleApplication@738a669e
reloadAllAccessors: .Clock9

===========================================================================================
----------------- testing Tue Sep 25 02:12:52 UTC 2018 /home/travis/build/icyphy/ptII/ptolemy/actor/lib/test/auto/CommDistDiscard.xml
----------------- Instantiating /home/travis/build/icyphy/ptII/ptolemy/actor/lib/test/auto/CommDistDiscard.xml
4 ms. Memory: 877056K Free: 278015K (32%)
----------------- Invoking toplevel() on ptolemy.moml.MoMLSimpleApplication@21dadf44
----------------- Done invoking toplevel() on ptolemy.moml.MoMLSimpleApplication@21dadf44
reloadAllAccessors: .CommDistDiscard

===========================================================================================
----------------- testing Tue Sep 25 02:12:52 UTC 2018 /home/travis/build/icyphy/ptII/ptolemy/actor/lib/test/auto/Commutator.xml
----------------- Instantiating /home/travis/build/icyphy/ptII/ptolemy/actor/lib/test/auto/Commutator.xml
4 ms. Memory: 877056K Free: 267645K (31%)
----------------- Invoking toplevel() on ptolemy.moml.MoMLSimpleApplication@2353e536
----------------- Done invoking toplevel() on ptolemy.moml.MoMLSimpleApplication@2353e536
reloadAllAccessors: .Commutator

===========================================================================================
----------------- testing Tue Sep 25 02:12:52 UTC 2018 /home/travis/build/icyphy/ptII/ptolemy/actor/lib/test/auto/Commutator2.xml
----------------- Instantiating /home/travis/build/icyphy/ptII/ptolemy/actor/lib/test/auto/Commutator2.xml
3 ms. Memory: 877056K Free: 257275K (29%)
----------------- Invoking toplevel() on ptolemy.moml.MoMLSimpleApplication@390988a9
----------------- Done invoking toplevel() on ptolemy.moml.MoMLSimpleApplication@390988a9
reloadAllAccessors: .Commutator2

===========================================================================================
----------------- testing Tue Sep 25 02:12:52 UTC 2018 /home/travis/build/icyphy/ptII/ptolemy/actor/lib/test/auto/Commutator3.xml
----------------- Instantiating /home/travis/build/icyphy/ptII/ptolemy/actor/lib/test/auto/Commutator3.xml
1 ms. Memory: 877056K Free: 236480K (27%)
----------------- Invoking toplevel() on ptolemy.moml.MoMLSimpleApplication@36cd34d
----------------- Done invoking toplevel() on ptolemy.moml.MoMLSimpleApplication@36cd34d
reloadAllAccessors: .Commutator3

===========================================================================================
----------------- testing Tue Sep 25 02:12:52 UTC 2018 /home/travis/build/icyphy/ptII/ptolemy/actor/lib/test/auto/Compare.xml
----------------- Instantiating /home/travis/build/icyphy/ptII/ptolemy/actor/lib/test/auto/Compare.xml
5 ms. Memory: 877056K Free: 226110K (26%)
----------------- Invoking toplevel() on ptolemy.moml.MoMLSimpleApplication@1f38e030
----------------- Done invoking toplevel() on ptolemy.moml.MoMLSimpleApplication@1f38e030
reloadAllAccessors: .Compare

===========================================================================================
----------------- testing Tue Sep 25 02:12:52 UTC 2018 /home/travis/build/icyphy/ptII/ptolemy/actor/lib/test/auto/CompareDE.xml
----------------- Instantiating /home/travis/build/icyphy/ptII/ptolemy/actor/lib/test/auto/CompareDE.xml
3 ms. Memory: 877056K Free: 215740K (25%)
----------------- Invoking toplevel() on ptolemy.moml.MoMLSimpleApplication@4ba23136
----------------- Done invoking toplevel() on ptolemy.moml.MoMLSimpleApplication@4ba23136
reloadAllAccessors: .CompareDE

===========================================================================================
----------------- testing Tue Sep 25 02:12:52 UTC 2018 /home/travis/build/icyphy/ptII/ptolemy/actor/lib/test/auto/ComplexDivide.xml
----------------- Instantiating /home/travis/build/icyphy/ptII/ptolemy/actor/lib/test/auto/ComplexDivide.xml
2 ms. Memory: 877056K Free: 205370K (23%)
----------------- Invoking toplevel() on ptolemy.moml.MoMLSimpleApplication@70fb8184
----------------- Done invoking toplevel() on ptolemy.moml.MoMLSimpleApplication@70fb8184
reloadAllAccessors: .ComplexDivide

===========================================================================================
----------------- testing Tue Sep 25 02:12:52 UTC 2018 /home/travis/build/icyphy/ptII/ptolemy/actor/lib/test/auto/ComputeHistogram.xml
----------------- Instantiating /home/travis/build/icyphy/ptII/ptolemy/actor/lib/test/auto/ComputeHistogram.xml
24 ms. Memory: 877056K Free: 189816K (22%)
----------------- Invoking toplevel() on ptolemy.moml.MoMLSimpleApplication@458d6827
----------------- Done invoking toplevel() on ptolemy.moml.MoMLSimpleApplication@458d6827
reloadAllAccessors: .ComputeHistogram

===========================================================================================
----------------- testing Tue Sep 25 02:12:52 UTC 2018 /home/travis/build/icyphy/ptII/ptolemy/actor/lib/test/auto/ConfigurationSelect.xml
----------------- Instantiating /home/travis/build/icyphy/ptII/ptolemy/actor/lib/test/auto/ConfigurationSelect.xml
3 ms. Memory: 877056K Free: 169021K (19%)
----------------- Invoking toplevel() on ptolemy.moml.MoMLSimpleApplication@69c68b77
----------------- Done invoking toplevel() on ptolemy.moml.MoMLSimpleApplication@69c68b77
reloadAllAccessors: .ConfigurationSelect

===========================================================================================
----------------- testing Tue Sep 25 02:12:52 UTC 2018 /home/travis/build/icyphy/ptII/ptolemy/actor/lib/test/auto/ConfigurationSelect2.xml
----------------- Instantiating /home/travis/build/icyphy/ptII/ptolemy/actor/lib/test/auto/ConfigurationSelect2.xml
1 ms. Memory: 877056K Free: 158651K (18%)
----------------- Invoking toplevel() on ptolemy.moml.MoMLSimpleApplication@6c92f748
----------------- Done invoking toplevel() on ptolemy.moml.MoMLSimpleApplication@6c92f748
reloadAllAccessors: .ConfigurationSelect2

===========================================================================================
----------------- testing Tue Sep 25 02:12:53 UTC 2018 /home/travis/build/icyphy/ptII/ptolemy/actor/lib/test/auto/ConfigurationSwitch.xml
----------------- Instantiating /home/travis/build/icyphy/ptII/ptolemy/actor/lib/test/auto/ConfigurationSwitch.xml
2 ms. Memory: 877056K Free: 148281K (17%)
----------------- Invoking toplevel() on ptolemy.moml.MoMLSimpleApplication@57fc9eea
----------------- Done invoking toplevel() on ptolemy.moml.MoMLSimpleApplication@57fc9eea
reloadAllAccessors: .ConfigurationSwitch

===========================================================================================
----------------- testing Tue Sep 25 02:12:53 UTC 2018 /home/travis/build/icyphy/ptII/ptolemy/actor/lib/test/auto/ConfigurationSwitch2.xml
----------------- Instantiating /home/travis/build/icyphy/ptII/ptolemy/actor/lib/test/auto/ConfigurationSwitch2.xml
2 ms. Memory: 877056K Free: 137911K (16%)
----------------- Invoking toplevel() on ptolemy.moml.MoMLSimpleApplication@3f12cd7f
----------------- Done invoking toplevel() on ptolemy.moml.MoMLSimpleApplication@3f12cd7f
reloadAllAccessors: .ConfigurationSwitch2

===========================================================================================
----------------- testing Tue Sep 25 02:12:53 UTC 2018 /home/travis/build/icyphy/ptII/ptolemy/actor/lib/test/auto/ConfigurationSwitchCloningBugWithClassRelationGroup.xml
----------------- Instantiating /home/travis/build/icyphy/ptII/ptolemy/actor/lib/test/auto/ConfigurationSwitchCloningBugWithClassRelationGroup.xml
1 ms. Memory: 877056K Free: 127542K (15%)
----------------- Invoking toplevel() on ptolemy.moml.MoMLSimpleApplication@7bb33d67
----------------- Done invoking toplevel() on ptolemy.moml.MoMLSimpleApplication@7bb33d67
reloadAllAccessors: .ConfigurationSwitchCloningBugWithClassRelationGroup

===========================================================================================
----------------- testing Tue Sep 25 02:12:53 UTC 2018 /home/travis/build/icyphy/ptII/ptolemy/actor/lib/test/auto/ConfigurationSwitchSelectSDF.xml
----------------- Instantiating /home/travis/build/icyphy/ptII/ptolemy/actor/lib/test/auto/ConfigurationSwitchSelectSDF.xml
3 ms. Memory: 877056K Free: 106746K (12%)
----------------- Invoking toplevel() on ptolemy.moml.MoMLSimpleApplication@7b9b4b42
----------------- Done invoking toplevel() on ptolemy.moml.MoMLSimpleApplication@7b9b4b42
reloadAllAccessors: .ConfigurationSwitchSelectSDF

===========================================================================================
----------------- testing Tue Sep 25 02:12:53 UTC 2018 /home/travis/build/icyphy/ptII/ptolemy/actor/lib/test/auto/ConfigurationSwitchSelectSDF2.xml
----------------- Instantiating /home/travis/build/icyphy/ptII/ptolemy/actor/lib/test/auto/ConfigurationSwitchSelectSDF2.xml
3 ms. Memory: 877056K Free: 96377K (11%)
----------------- Invoking toplevel() on ptolemy.moml.MoMLSimpleApplication@5182a7bc
----------------- Done invoking toplevel() on ptolemy.moml.MoMLSimpleApplication@5182a7bc
reloadAllAccessors: .ConfigurationSwitchSelectSDF2

===========================================================================================
----------------- testing Tue Sep 25 02:12:53 UTC 2018 /home/travis/build/icyphy/ptII/ptolemy/actor/lib/test/auto/Const.xml
----------------- Instantiating /home/travis/build/icyphy/ptII/ptolemy/actor/lib/test/auto/Const.xml
2 ms. Memory: 877056K Free: 86007K (10%)
----------------- Invoking toplevel() on ptolemy.moml.MoMLSimpleApplication@7aba4680
----------------- Done invoking toplevel() on ptolemy.moml.MoMLSimpleApplication@7aba4680
reloadAllAccessors: .Const

===========================================================================================
----------------- testing Tue Sep 25 02:12:53 UTC 2018 /home/travis/build/icyphy/ptII/ptolemy/actor/lib/test/auto/Const2.xml
----------------- Instantiating /home/travis/build/icyphy/ptII/ptolemy/actor/lib/test/auto/Const2.xml
3 ms. Memory: 877056K Free: 75637K (9%)
----------------- Invoking toplevel() on ptolemy.moml.MoMLSimpleApplication@315146fc
----------------- Done invoking toplevel() on ptolemy.moml.MoMLSimpleApplication@315146fc
reloadAllAccessors: .Const2

===========================================================================================
----------------- testing Tue Sep 25 02:12:53 UTC 2018 /home/travis/build/icyphy/ptII/ptolemy/actor/lib/test/auto/Const3.xml
----------------- Instantiating /home/travis/build/icyphy/ptII/ptolemy/actor/lib/test/auto/Const3.xml
2 ms. Memory: 877056K Free: 58915K (7%)
----------------- Invoking toplevel() on ptolemy.moml.MoMLSimpleApplication@6f61d64c
----------------- Done invoking toplevel() on ptolemy.moml.MoMLSimpleApplication@6f61d64c
reloadAllAccessors: .Const3

===========================================================================================
----------------- testing Tue Sep 25 02:12:53 UTC 2018 /home/travis/build/icyphy/ptII/ptolemy/actor/lib/test/auto/ConstantPublisherPort1.xml
----------------- Instantiating /home/travis/build/icyphy/ptII/ptolemy/actor/lib/test/auto/ConstantPublisherPort1.xml
4 ms. Memory: 877568K Free: 822254K (94%)
----------------- Invoking toplevel() on ptolemy.moml.MoMLSimpleApplication@5a606e2b
----------------- Done invoking toplevel() on ptolemy.moml.MoMLSimpleApplication@5a606e2b
reloadAllAccessors: .ConstantPublisherPort1

===========================================================================================
----------------- testing Tue Sep 25 02:12:53 UTC 2018 /home/travis/build/icyphy/ptII/ptolemy/actor/lib/test/auto/ConstantPublisherPort2.xml
----------------- Instantiating /home/travis/build/icyphy/ptII/ptolemy/actor/lib/test/auto/ConstantPublisherPort2.xml
3 ms. Memory: 877568K Free: 799018K (91%)
----------------- Invoking toplevel() on ptolemy.moml.MoMLSimpleApplication@575b77c1
----------------- Done invoking toplevel() on ptolemy.moml.MoMLSimpleApplication@575b77c1
reloadAllAccessors: .ConstantPublisherPort2

===========================================================================================
----------------- testing Tue Sep 25 02:12:53 UTC 2018 /home/travis/build/icyphy/ptII/ptolemy/actor/lib/test/auto/ConstantPublisherPort3.xml
----------------- Instantiating /home/travis/build/icyphy/ptII/ptolemy/actor/lib/test/auto/ConstantPublisherPort3.xml
4 ms. Memory: 877568K Free: 788648K (90%)
----------------- Invoking toplevel() on ptolemy.moml.MoMLSimpleApplication@123fe93
----------------- Done invoking toplevel() on ptolemy.moml.MoMLSimpleApplication@123fe93
reloadAllAccessors: .ConstantPublisherPort3

===========================================================================================
----------------- testing Tue Sep 25 02:12:53 UTC 2018 /home/travis/build/icyphy/ptII/ptolemy/actor/lib/test/auto/ConstantPublisherPort4.xml
----------------- Instantiating /home/travis/build/icyphy/ptII/ptolemy/actor/lib/test/auto/ConstantPublisherPort4.xml
2 ms. Memory: 877568K Free: 778279K (89%)
----------------- Invoking toplevel() on ptolemy.moml.MoMLSimpleApplication@f4e0381
----------------- Done invoking toplevel() on ptolemy.moml.MoMLSimpleApplication@f4e0381
reloadAllAccessors: .ConstantPublisherPort4

===========================================================================================
----------------- testing Tue Sep 25 02:12:53 UTC 2018 /home/travis/build/icyphy/ptII/ptolemy/actor/lib/test/auto/ConstantPublisherPort5.xml
----------------- Instantiating /home/travis/build/icyphy/ptII/ptolemy/actor/lib/test/auto/ConstantPublisherPort5.xml
16 ms. Memory: 877568K Free: 744673K (85%)
----------------- Invoking toplevel() on ptolemy.moml.MoMLSimpleApplication@2b2b98b4
----------------- Done invoking toplevel() on ptolemy.moml.MoMLSimpleApplication@2b2b98b4
reloadAllAccessors: .ConstantPublisherPort5

===========================================================================================
----------------- testing Tue Sep 25 02:12:53 UTC 2018 /home/travis/build/icyphy/ptII/ptolemy/actor/lib/test/auto/ConstantPublisherPort6.xml
----------------- Instantiating /home/travis/build/icyphy/ptII/ptolemy/actor/lib/test/auto/ConstantPublisherPort6.xml
12 ms. Memory: 877568K Free: 718749K (82%)
----------------- Invoking toplevel() on ptolemy.moml.MoMLSimpleApplication@3cfab472
----------------- Done invoking toplevel() on ptolemy.moml.MoMLSimpleApplication@3cfab472
reloadAllAccessors: .ConstantPublisherPort6

===========================================================================================
----------------- testing Tue Sep 25 02:12:53 UTC 2018 /home/travis/build/icyphy/ptII/ptolemy/actor/lib/test/auto/ConstantPublisherPort7.xml
----------------- Instantiating /home/travis/build/icyphy/ptII/ptolemy/actor/lib/test/auto/ConstantPublisherPort7.xml
11 ms. Memory: 877568K Free: 692824K (79%)
----------------- Invoking toplevel() on ptolemy.moml.MoMLSimpleApplication@4355fb42
----------------- Done invoking toplevel() on ptolemy.moml.MoMLSimpleApplication@4355fb42
reloadAllAccessors: .ConstantPublisherPort7

===========================================================================================
----------------- testing Tue Sep 25 02:12:53 UTC 2018 /home/travis/build/icyphy/ptII/ptolemy/actor/lib/test/auto/ConstraintMonitor1.xml
----------------- Instantiating /home/travis/build/icyphy/ptII/ptolemy/actor/lib/test/auto/ConstraintMonitor1.xml
2 ms. Memory: 877568K Free: 674789K (77%)
----------------- Invoking toplevel() on ptolemy.moml.MoMLSimpleApplication@1716d631
----------------- Done invoking toplevel() on ptolemy.moml.MoMLSimpleApplication@1716d631
reloadAllAccessors: .ConstraintMonitor1

===========================================================================================
----------------- testing Tue Sep 25 02:12:53 UTC 2018 /home/travis/build/icyphy/ptII/ptolemy/actor/lib/test/auto/ConstraintMonitor2.xml
----------------- Instantiating /home/travis/build/icyphy/ptII/ptolemy/actor/lib/test/auto/ConstraintMonitor2.xml
2 ms. Memory: 877568K Free: 664420K (76%)
----------------- Invoking toplevel() on ptolemy.moml.MoMLSimpleApplication@169ea821
----------------- Done invoking toplevel() on ptolemy.moml.MoMLSimpleApplication@169ea821
reloadAllAccessors: .ConstraintMonitor2

===========================================================================================
----------------- testing Tue Sep 25 02:12:53 UTC 2018 /home/travis/build/icyphy/ptII/ptolemy/actor/lib/test/auto/ConstraintMonitor3.xml
----------------- Instantiating /home/travis/build/icyphy/ptII/ptolemy/actor/lib/test/auto/ConstraintMonitor3.xml
1 ms. Memory: 877568K Free: 654050K (75%)
----------------- Invoking toplevel() on ptolemy.moml.MoMLSimpleApplication@79443d6e
----------------- Done invoking toplevel() on ptolemy.moml.MoMLSimpleApplication@79443d6e
reloadAllAccessors: .ConstraintMonitor3

===========================================================================================
----------------- testing Tue Sep 25 02:12:53 UTC 2018 /home/travis/build/icyphy/ptII/ptolemy/actor/lib/test/auto/ConstraintMonitor4.xml
----------------- Instantiating /home/travis/build/icyphy/ptII/ptolemy/actor/lib/test/auto/ConstraintMonitor4.xml
5 ms. Memory: 877568K Free: 643680K (73%)
----------------- Invoking toplevel() on ptolemy.moml.MoMLSimpleApplication@5e238dd7
----------------- Done invoking toplevel() on ptolemy.moml.MoMLSimpleApplication@5e238dd7
reloadAllAccessors: .ConstraintMonitor4

===========================================================================================
----------------- testing Tue Sep 25 02:12:53 UTC 2018 /home/travis/build/icyphy/ptII/ptolemy/actor/lib/test/auto/ConstraintMonitor5.xml
----------------- Instantiating /home/travis/build/icyphy/ptII/ptolemy/actor/lib/test/auto/ConstraintMonitor5.xml
6 ms. Memory: 877568K Free: 625645K (71%)
----------------- Invoking toplevel() on ptolemy.moml.MoMLSimpleApplication@5d92fd08
----------------- Done invoking toplevel() on ptolemy.moml.MoMLSimpleApplication@5d92fd08
reloadAllAccessors: .ConstraintMonitor5

===========================================================================================
----------------- testing Tue Sep 25 02:12:53 UTC 2018 /home/travis/build/icyphy/ptII/ptolemy/actor/lib/test/auto/ConstraintMonitor6.xml
----------------- Instantiating /home/travis/build/icyphy/ptII/ptolemy/actor/lib/test/auto/ConstraintMonitor6.xml
6 ms. Memory: 877568K Free: 615276K (70%)
----------------- Invoking toplevel() on ptolemy.moml.MoMLSimpleApplication@2c1f2fc2
----------------- Done invoking toplevel() on ptolemy.moml.MoMLSimpleApplication@2c1f2fc2
reloadAllAccessors: .ConstraintMonitor6

===========================================================================================
----------------- testing Tue Sep 25 02:12:53 UTC 2018 /home/travis/build/icyphy/ptII/ptolemy/actor/lib/test/auto/ConstraintMonitor7.xml
----------------- Instantiating /home/travis/build/icyphy/ptII/ptolemy/actor/lib/test/auto/ConstraintMonitor7.xml
2 ms. Memory: 877568K Free: 604906K (69%)
----------------- Invoking toplevel() on ptolemy.moml.MoMLSimpleApplication@6f866f2a
----------------- Done invoking toplevel() on ptolemy.moml.MoMLSimpleApplication@6f866f2a
reloadAllAccessors: .ConstraintMonitor7

===========================================================================================
----------------- testing Tue Sep 25 02:12:53 UTC 2018 /home/travis/build/icyphy/ptII/ptolemy/actor/lib/test/auto/ConstraintMonitor8.xml
----------------- Instantiating /home/travis/build/icyphy/ptII/ptolemy/actor/lib/test/auto/ConstraintMonitor8.xml
2 ms. Memory: 877568K Free: 586871K (67%)
----------------- Invoking toplevel() on ptolemy.moml.MoMLSimpleApplication@9638e9e
----------------- Done invoking toplevel() on ptolemy.moml.MoMLSimpleApplication@9638e9e
reloadAllAccessors: .ConstraintMonitor8

===========================================================================================
----------------- testing Tue Sep 25 02:12:53 UTC 2018 /home/travis/build/icyphy/ptII/ptolemy/actor/lib/test/auto/Counter.xml
----------------- Instantiating /home/travis/build/icyphy/ptII/ptolemy/actor/lib/test/auto/Counter.xml
2 ms. Memory: 877568K Free: 576501K (66%)
----------------- Invoking toplevel() on ptolemy.moml.MoMLSimpleApplication@50510ec2
----------------- Done invoking toplevel() on ptolemy.moml.MoMLSimpleApplication@50510ec2
reloadAllAccessors: .Counter

===========================================================================================
----------------- testing Tue Sep 25 02:12:53 UTC 2018 /home/travis/build/icyphy/ptII/ptolemy/actor/lib/test/auto/CurrentTimeSDF.xml
----------------- Instantiating /home/travis/build/icyphy/ptII/ptolemy/actor/lib/test/auto/CurrentTimeSDF.xml
2 ms. Memory: 877568K Free: 566132K (65%)
----------------- Invoking toplevel() on ptolemy.moml.MoMLSimpleApplication@2e90302f
----------------- Done invoking toplevel() on ptolemy.moml.MoMLSimpleApplication@2e90302f
reloadAllAccessors: .CurrentTimeSDF

===========================================================================================
----------------- testing Tue Sep 25 02:12:53 UTC 2018 /home/travis/build/icyphy/ptII/ptolemy/actor/lib/test/auto/DB.xml
----------------- Instantiating /home/travis/build/icyphy/ptII/ptolemy/actor/lib/test/auto/DB.xml
1 ms. Memory: 877568K Free: 548097K (62%)
----------------- Invoking toplevel() on ptolemy.moml.MoMLSimpleApplication@dfb7ef1
----------------- Done invoking toplevel() on ptolemy.moml.MoMLSimpleApplication@dfb7ef1
reloadAllAccessors: .DB

===========================================================================================
----------------- testing Tue Sep 25 02:12:53 UTC 2018 /home/travis/build/icyphy/ptII/ptolemy/actor/lib/test/auto/DBDE.xml
----------------- Instantiating /home/travis/build/icyphy/ptII/ptolemy/actor/lib/test/auto/DBDE.xml
2 ms. Memory: 877568K Free: 537727K (61%)
----------------- Invoking toplevel() on ptolemy.moml.MoMLSimpleApplication@2bb36c6e
----------------- Done invoking toplevel() on ptolemy.moml.MoMLSimpleApplication@2bb36c6e
reloadAllAccessors: .DBDE

===========================================================================================
----------------- testing Tue Sep 25 02:12:53 UTC 2018 /home/travis/build/icyphy/ptII/ptolemy/actor/lib/test/auto/DateConstructor.xml
----------------- Instantiating /home/travis/build/icyphy/ptII/ptolemy/actor/lib/test/auto/DateConstructor.xml
9 ms. Memory: 877568K Free: 516971K (59%)
----------------- Invoking toplevel() on ptolemy.moml.MoMLSimpleApplication@23ebfa75
----------------- Done invoking toplevel() on ptolemy.moml.MoMLSimpleApplication@23ebfa75
reloadAllAccessors: .DateConstructor

===========================================================================================
----------------- testing Tue Sep 25 02:12:53 UTC 2018 /home/travis/build/icyphy/ptII/ptolemy/actor/lib/test/auto/DelayTime.xml
----------------- Instantiating /home/travis/build/icyphy/ptII/ptolemy/actor/lib/test/auto/DelayTime.xml
2 ms. Memory: 877568K Free: 498937K (57%)
----------------- Invoking toplevel() on ptolemy.moml.MoMLSimpleApplication@642552d3
----------------- Done invoking toplevel() on ptolemy.moml.MoMLSimpleApplication@642552d3
reloadAllAccessors: .DelayTime

===========================================================================================
----------------- testing Tue Sep 25 02:12:53 UTC 2018 /home/travis/build/icyphy/ptII/ptolemy/actor/lib/test/auto/Dictionary1.xml
----------------- Instantiating /home/travis/build/icyphy/ptII/ptolemy/actor/lib/test/auto/Dictionary1.xml
1 ms. Memory: 877568K Free: 488567K (56%)
----------------- Invoking toplevel() on ptolemy.moml.MoMLSimpleApplication@3591278e
----------------- Done invoking toplevel() on ptolemy.moml.MoMLSimpleApplication@3591278e
reloadAllAccessors: .Dictionary1

===========================================================================================
----------------- testing Tue Sep 25 02:12:53 UTC 2018 /home/travis/build/icyphy/ptII/ptolemy/actor/lib/test/auto/Dictionary2.xml
----------------- Instantiating /home/travis/build/icyphy/ptII/ptolemy/actor/lib/test/auto/Dictionary2.xml
1 ms. Memory: 877568K Free: 478197K (54%)
----------------- Invoking toplevel() on ptolemy.moml.MoMLSimpleApplication@35043deb
----------------- Done invoking toplevel() on ptolemy.moml.MoMLSimpleApplication@35043deb
reloadAllAccessors: .Dictionary2

===========================================================================================
----------------- testing Tue Sep 25 02:12:53 UTC 2018 /home/travis/build/icyphy/ptII/ptolemy/actor/lib/test/auto/Dictionary3.xml
----------------- Instantiating /home/travis/build/icyphy/ptII/ptolemy/actor/lib/test/auto/Dictionary3.xml
1 ms. Memory: 877568K Free: 467827K (53%)
----------------- Invoking toplevel() on ptolemy.moml.MoMLSimpleApplication@7f170482
----------------- Done invoking toplevel() on ptolemy.moml.MoMLSimpleApplication@7f170482
reloadAllAccessors: .Dictionary3

===========================================================================================
----------------- testing Tue Sep 25 02:12:53 UTC 2018 /home/travis/build/icyphy/ptII/ptolemy/actor/lib/test/auto/Dictionary4.xml
----------------- Instantiating /home/travis/build/icyphy/ptII/ptolemy/actor/lib/test/auto/Dictionary4.xml
3 ms. Memory: 877568K Free: 449792K (51%)
----------------- Invoking toplevel() on ptolemy.moml.MoMLSimpleApplication@418f6421
----------------- Done invoking toplevel() on ptolemy.moml.MoMLSimpleApplication@418f6421
reloadAllAccessors: .Dictionary4

===========================================================================================
----------------- testing Tue Sep 25 02:12:53 UTC 2018 /home/travis/build/icyphy/ptII/ptolemy/actor/lib/test/auto/Differential.xml
----------------- Instantiating /home/travis/build/icyphy/ptII/ptolemy/actor/lib/test/auto/Differential.xml
1 ms. Memory: 877568K Free: 439422K (50%)
----------------- Invoking toplevel() on ptolemy.moml.MoMLSimpleApplication@11282842
----------------- Done invoking toplevel() on ptolemy.moml.MoMLSimpleApplication@11282842
reloadAllAccessors: .Differential

===========================================================================================
----------------- testing Tue Sep 25 02:12:53 UTC 2018 /home/travis/build/icyphy/ptII/ptolemy/actor/lib/test/auto/Director.xml
----------------- Instantiating /home/travis/build/icyphy/ptII/ptolemy/actor/lib/test/auto/Director.xml
1 ms. Memory: 877568K Free: 429053K (49%)
----------------- Invoking toplevel() on ptolemy.moml.MoMLSimpleApplication@41ca6ced
----------------- Done invoking toplevel() on ptolemy.moml.MoMLSimpleApplication@41ca6ced
reloadAllAccessors: .Director

===========================================================================================
----------------- testing Tue Sep 25 02:12:53 UTC 2018 /home/travis/build/icyphy/ptII/ptolemy/actor/lib/test/auto/DiscreteClock.xml
----------------- Instantiating /home/travis/build/icyphy/ptII/ptolemy/actor/lib/test/auto/DiscreteClock.xml
1 ms. Memory: 877568K Free: 411018K (47%)
----------------- Invoking toplevel() on ptolemy.moml.MoMLSimpleApplication@58015401
----------------- Done invoking toplevel() on ptolemy.moml.MoMLSimpleApplication@58015401
reloadAllAccessors: .DiscreteClock

===========================================================================================
----------------- testing Tue Sep 25 02:12:53 UTC 2018 /home/travis/build/icyphy/ptII/ptolemy/actor/lib/test/auto/DiscreteClock10.xml
----------------- Instantiating /home/travis/build/icyphy/ptII/ptolemy/actor/lib/test/auto/DiscreteClock10.xml
2 ms. Memory: 877568K Free: 400648K (46%)
----------------- Invoking toplevel() on ptolemy.moml.MoMLSimpleApplication@59bbc0f
----------------- Done invoking toplevel() on ptolemy.moml.MoMLSimpleApplication@59bbc0f
reloadAllAccessors: .DiscreteClock10

===========================================================================================
----------------- testing Tue Sep 25 02:12:53 UTC 2018 /home/travis/build/icyphy/ptII/ptolemy/actor/lib/test/auto/DiscreteClock11.xml
----------------- Instantiating /home/travis/build/icyphy/ptII/ptolemy/actor/lib/test/auto/DiscreteClock11.xml
2 ms. Memory: 877568K Free: 390279K (44%)
----------------- Invoking toplevel() on ptolemy.moml.MoMLSimpleApplication@ac38b10
----------------- Done invoking toplevel() on ptolemy.moml.MoMLSimpleApplication@ac38b10
reloadAllAccessors: .DiscreteClock11

===========================================================================================
----------------- testing Tue Sep 25 02:12:53 UTC 2018 /home/travis/build/icyphy/ptII/ptolemy/actor/lib/test/auto/DiscreteClock12.xml
----------------- Instantiating /home/travis/build/icyphy/ptII/ptolemy/actor/lib/test/auto/DiscreteClock12.xml
2 ms. Memory: 877568K Free: 372244K (42%)
----------------- Invoking toplevel() on ptolemy.moml.MoMLSimpleApplication@15ccb9f9
----------------- Done invoking toplevel() on ptolemy.moml.MoMLSimpleApplication@15ccb9f9
reloadAllAccessors: .DiscreteClock12

===========================================================================================
----------------- testing Tue Sep 25 02:12:53 UTC 2018 /home/travis/build/icyphy/ptII/ptolemy/actor/lib/test/auto/DiscreteClock13.xml
----------------- Instantiating /home/travis/build/icyphy/ptII/ptolemy/actor/lib/test/auto/DiscreteClock13.xml
6 ms. Memory: 877568K Free: 361874K (41%)
----------------- Invoking toplevel() on ptolemy.moml.MoMLSimpleApplication@3857b532
----------------- Done invoking toplevel() on ptolemy.moml.MoMLSimpleApplication@3857b532
reloadAllAccessors: .DiscreteClock13

===========================================================================================
----------------- testing Tue Sep 25 02:12:53 UTC 2018 /home/travis/build/icyphy/ptII/ptolemy/actor/lib/test/auto/DiscreteClock14.xml
----------------- Instantiating /home/travis/build/icyphy/ptII/ptolemy/actor/lib/test/auto/DiscreteClock14.xml
6 ms. Memory: 877568K Free: 351504K (40%)
----------------- Invoking toplevel() on ptolemy.moml.MoMLSimpleApplication@1e3167a1
----------------- Done invoking toplevel() on ptolemy.moml.MoMLSimpleApplication@1e3167a1
reloadAllAccessors: .DiscreteClock14

===========================================================================================
----------------- testing Tue Sep 25 02:12:53 UTC 2018 /home/travis/build/icyphy/ptII/ptolemy/actor/lib/test/auto/DiscreteClock15.xml
----------------- Instantiating /home/travis/build/icyphy/ptII/ptolemy/actor/lib/test/auto/DiscreteClock15.xml
6 ms. Memory: 877568K Free: 341135K (39%)
----------------- Invoking toplevel() on ptolemy.moml.MoMLSimpleApplication@2dd716a6
----------------- Done invoking toplevel() on ptolemy.moml.MoMLSimpleApplication@2dd716a6
reloadAllAccessors: .DiscreteClock15

===========================================================================================
----------------- testing Tue Sep 25 02:12:53 UTC 2018 /home/travis/build/icyphy/ptII/ptolemy/actor/lib/test/auto/DiscreteClock16.xml
----------------- Instantiating /home/travis/build/icyphy/ptII/ptolemy/actor/lib/test/auto/DiscreteClock16.xml
14 ms. Memory: 877568K Free: 317899K (36%)
----------------- Invoking toplevel() on ptolemy.moml.MoMLSimpleApplication@109d60d4
----------------- Done invoking toplevel() on ptolemy.moml.MoMLSimpleApplication@109d60d4
reloadAllAccessors: .DiscreteClock16

===========================================================================================
----------------- testing Tue Sep 25 02:12:54 UTC 2018 /home/travis/build/icyphy/ptII/ptolemy/actor/lib/test/auto/DiscreteClock17.xml
----------------- Instantiating /home/travis/build/icyphy/ptII/ptolemy/actor/lib/test/auto/DiscreteClock17.xml
14 ms. Memory: 877568K Free: 302328K (34%)
----------------- Invoking toplevel() on ptolemy.moml.MoMLSimpleApplication@62e36163
----------------- Done invoking toplevel() on ptolemy.moml.MoMLSimpleApplication@62e36163
reloadAllAccessors: .DiscreteClock17

===========================================================================================
----------------- testing Tue Sep 25 02:12:54 UTC 2018 /home/travis/build/icyphy/ptII/ptolemy/actor/lib/test/auto/DiscreteClock18.xml
----------------- Instantiating /home/travis/build/icyphy/ptII/ptolemy/actor/lib/test/auto/DiscreteClock18.xml
11 ms. Memory: 877568K Free: 286766K (33%)
----------------- Invoking toplevel() on ptolemy.moml.MoMLSimpleApplication@18d935a0
----------------- Done invoking toplevel() on ptolemy.moml.MoMLSimpleApplication@18d935a0
reloadAllAccessors: .DiscreteClock18

===========================================================================================
----------------- testing Tue Sep 25 02:12:54 UTC 2018 /home/travis/build/icyphy/ptII/ptolemy/actor/lib/test/auto/DiscreteClock19.xml
----------------- Instantiating /home/travis/build/icyphy/ptII/ptolemy/actor/lib/test/auto/DiscreteClock19.xml
8 ms. Memory: 877568K Free: 263530K (30%)
----------------- Invoking toplevel() on ptolemy.moml.MoMLSimpleApplication@3209bcd4
----------------- Done invoking toplevel() on ptolemy.moml.MoMLSimpleApplication@3209bcd4
reloadAllAccessors: .DiscreteClock19

===========================================================================================
----------------- testing Tue Sep 25 02:12:54 UTC 2018 /home/travis/build/icyphy/ptII/ptolemy/actor/lib/test/auto/DiscreteClock2.xml
----------------- Instantiating /home/travis/build/icyphy/ptII/ptolemy/actor/lib/test/auto/DiscreteClock2.xml
5 ms. Memory: 877568K Free: 253160K (29%)
----------------- Invoking toplevel() on ptolemy.moml.MoMLSimpleApplication@4a91c73d
----------------- Done invoking toplevel() on ptolemy.moml.MoMLSimpleApplication@4a91c73d
reloadAllAccessors: .DiscreteClock2

===========================================================================================
----------------- testing Tue Sep 25 02:12:54 UTC 2018 /home/travis/build/icyphy/ptII/ptolemy/actor/lib/test/auto/DiscreteClock20.xml
----------------- Instantiating /home/travis/build/icyphy/ptII/ptolemy/actor/lib/test/auto/DiscreteClock20.xml
6 ms. Memory: 877568K Free: 242791K (28%)
----------------- Invoking toplevel() on ptolemy.moml.MoMLSimpleApplication@700e1653
----------------- Done invoking toplevel() on ptolemy.moml.MoMLSimpleApplication@700e1653
reloadAllAccessors: .DiscreteClock20

===========================================================================================
----------------- testing Tue Sep 25 02:12:54 UTC 2018 /home/travis/build/icyphy/ptII/ptolemy/actor/lib/test/auto/DiscreteClock21.xml
----------------- Instantiating /home/travis/build/icyphy/ptII/ptolemy/actor/lib/test/auto/DiscreteClock21.xml
7 ms. Memory: 877568K Free: 224755K (26%)
----------------- Invoking toplevel() on ptolemy.moml.MoMLSimpleApplication@16ac6504
----------------- Done invoking toplevel() on ptolemy.moml.MoMLSimpleApplication@16ac6504
reloadAllAccessors: .DiscreteClock21

===========================================================================================
----------------- testing Tue Sep 25 02:12:54 UTC 2018 /home/travis/build/icyphy/ptII/ptolemy/actor/lib/test/auto/DiscreteClock22.xml
----------------- Instantiating /home/travis/build/icyphy/ptII/ptolemy/actor/lib/test/auto/DiscreteClock22.xml
7 ms. Memory: 877568K Free: 214386K (24%)
----------------- Invoking toplevel() on ptolemy.moml.MoMLSimpleApplication@121c7bdb
----------------- Done invoking toplevel() on ptolemy.moml.MoMLSimpleApplication@121c7bdb
reloadAllAccessors: .DiscreteClock22

===========================================================================================
----------------- testing Tue Sep 25 02:12:54 UTC 2018 /home/travis/build/icyphy/ptII/ptolemy/actor/lib/test/auto/DiscreteClock23.xml
----------------- Instantiating /home/travis/build/icyphy/ptII/ptolemy/actor/lib/test/auto/DiscreteClock23.xml
6 ms. Memory: 877568K Free: 204016K (23%)
----------------- Invoking toplevel() on ptolemy.moml.MoMLSimpleApplication@62eef561
----------------- Done invoking toplevel() on ptolemy.moml.MoMLSimpleApplication@62eef561
reloadAllAccessors: .DiscreteClock23

===========================================================================================
----------------- testing Tue Sep 25 02:12:54 UTC 2018 /home/travis/build/icyphy/ptII/ptolemy/actor/lib/test/auto/DiscreteClock24.xml
----------------- Instantiating /home/travis/build/icyphy/ptII/ptolemy/actor/lib/test/auto/DiscreteClock24.xml
6 ms. Memory: 877568K Free: 193646K (22%)
----------------- Invoking toplevel() on ptolemy.moml.MoMLSimpleApplication@c4ec072
----------------- Done invoking toplevel() on ptolemy.moml.MoMLSimpleApplication@c4ec072
reloadAllAccessors: .DiscreteClock24

===========================================================================================
----------------- testing Tue Sep 25 02:12:54 UTC 2018 /home/travis/build/icyphy/ptII/ptolemy/actor/lib/test/auto/DiscreteClock4.xml
----------------- Instantiating /home/travis/build/icyphy/ptII/ptolemy/actor/lib/test/auto/DiscreteClock4.xml
2 ms. Memory: 877568K Free: 175611K (20%)
----------------- Invoking toplevel() on ptolemy.moml.MoMLSimpleApplication@65cfa4c7
----------------- Done invoking toplevel() on ptolemy.moml.MoMLSimpleApplication@65cfa4c7
reloadAllAccessors: .DiscreteClock4

===========================================================================================
----------------- testing Tue Sep 25 02:12:54 UTC 2018 /home/travis/build/icyphy/ptII/ptolemy/actor/lib/test/auto/DiscreteClock5.xml
----------------- Instantiating /home/travis/build/icyphy/ptII/ptolemy/actor/lib/test/auto/DiscreteClock5.xml
2 ms. Memory: 877568K Free: 165242K (19%)
----------------- Invoking toplevel() on ptolemy.moml.MoMLSimpleApplication@2e1c8e91
----------------- Done invoking toplevel() on ptolemy.moml.MoMLSimpleApplication@2e1c8e91
reloadAllAccessors: .DiscreteClock5

===========================================================================================
----------------- testing Tue Sep 25 02:12:54 UTC 2018 /home/travis/build/icyphy/ptII/ptolemy/actor/lib/test/auto/DiscreteClock6.xml
----------------- Instantiating /home/travis/build/icyphy/ptII/ptolemy/actor/lib/test/auto/DiscreteClock6.xml
1 ms. Memory: 877568K Free: 154872K (18%)
----------------- Invoking toplevel() on ptolemy.moml.MoMLSimpleApplication@dd0c6c3
----------------- Done invoking toplevel() on ptolemy.moml.MoMLSimpleApplication@dd0c6c3
reloadAllAccessors: .DiscreteClock6

===========================================================================================
----------------- testing Tue Sep 25 02:12:54 UTC 2018 /home/travis/build/icyphy/ptII/ptolemy/actor/lib/test/auto/DiscreteClock7.xml
----------------- Instantiating /home/travis/build/icyphy/ptII/ptolemy/actor/lib/test/auto/DiscreteClock7.xml
1 ms. Memory: 877568K Free: 136837K (16%)
----------------- Invoking toplevel() on ptolemy.moml.MoMLSimpleApplication@14c6ca3e
----------------- Done invoking toplevel() on ptolemy.moml.MoMLSimpleApplication@14c6ca3e
reloadAllAccessors: .DiscreteClock7

===========================================================================================
----------------- testing Tue Sep 25 02:12:54 UTC 2018 /home/travis/build/icyphy/ptII/ptolemy/actor/lib/test/auto/DiscreteClock8.xml
----------------- Instantiating /home/travis/build/icyphy/ptII/ptolemy/actor/lib/test/auto/DiscreteClock8.xml
6 ms. Memory: 877568K Free: 126467K (14%)
----------------- Invoking toplevel() on ptolemy.moml.MoMLSimpleApplication@430fdf1f
----------------- Done invoking toplevel() on ptolemy.moml.MoMLSimpleApplication@430fdf1f
reloadAllAccessors: .DiscreteClock8

===========================================================================================
----------------- testing Tue Sep 25 02:12:54 UTC 2018 /home/travis/build/icyphy/ptII/ptolemy/actor/lib/test/auto/DiscreteClock9.xml
----------------- Instantiating /home/travis/build/icyphy/ptII/ptolemy/actor/lib/test/auto/DiscreteClock9.xml
6 ms. Memory: 877568K Free: 116097K (13%)
----------------- Invoking toplevel() on ptolemy.moml.MoMLSimpleApplication@2c001898
----------------- Done invoking toplevel() on ptolemy.moml.MoMLSimpleApplication@2c001898
reloadAllAccessors: .DiscreteClock9

===========================================================================================
----------------- testing Tue Sep 25 02:12:54 UTC 2018 /home/travis/build/icyphy/ptII/ptolemy/actor/lib/test/auto/DisplayArray.xml
----------------- Instantiating /home/travis/build/icyphy/ptII/ptolemy/actor/lib/test/auto/DisplayArray.xml
1 ms. Memory: 877568K Free: 98063K (11%)
----------------- Invoking toplevel() on ptolemy.moml.MoMLSimpleApplication@93d7eab
----------------- Done invoking toplevel() on ptolemy.moml.MoMLSimpleApplication@93d7eab
reloadAllAccessors: .DisplayArray

===========================================================================================
----------------- testing Tue Sep 25 02:12:54 UTC 2018 /home/travis/build/icyphy/ptII/ptolemy/actor/lib/test/auto/Distributor.xml
----------------- Instantiating /home/travis/build/icyphy/ptII/ptolemy/actor/lib/test/auto/Distributor.xml
1 ms. Memory: 877568K Free: 87693K (10%)
----------------- Invoking toplevel() on ptolemy.moml.MoMLSimpleApplication@1e86dd44
----------------- Done invoking toplevel() on ptolemy.moml.MoMLSimpleApplication@1e86dd44
reloadAllAccessors: .Distributor

===========================================================================================
----------------- testing Tue Sep 25 02:12:54 UTC 2018 /home/travis/build/icyphy/ptII/ptolemy/actor/lib/test/auto/Distributor2.xml
----------------- Instantiating /home/travis/build/icyphy/ptII/ptolemy/actor/lib/test/auto/Distributor2.xml
5 ms. Memory: 877568K Free: 77323K (9%)
----------------- Invoking toplevel() on ptolemy.moml.MoMLSimpleApplication@5e9f7187
----------------- Done invoking toplevel() on ptolemy.moml.MoMLSimpleApplication@5e9f7187
reloadAllAccessors: .Distributor2

===========================================================================================
----------------- testing Tue Sep 25 02:12:54 UTC 2018 /home/travis/build/icyphy/ptII/ptolemy/actor/lib/test/auto/DownSample.xml
----------------- Instantiating /home/travis/build/icyphy/ptII/ptolemy/actor/lib/test/auto/DownSample.xml
2 ms. Memory: 877568K Free: 60329K (7%)
----------------- Invoking toplevel() on ptolemy.moml.MoMLSimpleApplication@4224b5bd
----------------- Done invoking toplevel() on ptolemy.moml.MoMLSimpleApplication@4224b5bd
reloadAllAccessors: .DownSample

===========================================================================================
----------------- testing Tue Sep 25 02:12:54 UTC 2018 /home/travis/build/icyphy/ptII/ptolemy/actor/lib/test/auto/ElectronicUnitBase1.xml
----------------- Instantiating /home/travis/build/icyphy/ptII/ptolemy/actor/lib/test/auto/ElectronicUnitBase1.xml
16 ms. Memory: 1345024K Free: 1272313K (95%)
----------------- Invoking toplevel() on ptolemy.moml.MoMLSimpleApplication@52a0ac87
----------------- Done invoking toplevel() on ptolemy.moml.MoMLSimpleApplication@52a0ac87
reloadAllAccessors: .ElectronicUnitBase1

===========================================================================================
----------------- testing Tue Sep 25 02:12:54 UTC 2018 /home/travis/build/icyphy/ptII/ptolemy/actor/lib/test/auto/ElementsToArray.xml
----------------- Instantiating /home/travis/build/icyphy/ptII/ptolemy/actor/lib/test/auto/ElementsToArray.xml
2 ms. Memory: 1345024K Free: 1246334K (93%)
----------------- Invoking toplevel() on ptolemy.moml.MoMLSimpleApplication@6fbf2f9d
----------------- Done invoking toplevel() on ptolemy.moml.MoMLSimpleApplication@6fbf2f9d
reloadAllAccessors: .ElementsToArray

===========================================================================================
----------------- testing Tue Sep 25 02:12:54 UTC 2018 /home/travis/build/icyphy/ptII/ptolemy/actor/lib/test/auto/Equals.xml
----------------- Instantiating /home/travis/build/icyphy/ptII/ptolemy/actor/lib/test/auto/Equals.xml
1 ms. Memory: 1345024K Free: 1229739K (91%)
----------------- Invoking toplevel() on ptolemy.moml.MoMLSimpleApplication@5a4c98c5
----------------- Done invoking toplevel() on ptolemy.moml.MoMLSimpleApplication@5a4c98c5
reloadAllAccessors: .Equals

===========================================================================================
----------------- testing Tue Sep 25 02:12:54 UTC 2018 /home/travis/build/icyphy/ptII/ptolemy/actor/lib/test/auto/Exec.xml
----------------- Instantiating /home/travis/build/icyphy/ptII/ptolemy/actor/lib/test/auto/Exec.xml
17 ms. Memory: 1361408K Free: 1278532K (94%)
----------------- Invoking toplevel() on ptolemy.moml.MoMLSimpleApplication@3bab00d5
----------------- Done invoking toplevel() on ptolemy.moml.MoMLSimpleApplication@3bab00d5
reloadAllAccessors: .Exec

===========================================================================================
----------------- testing Tue Sep 25 02:12:55 UTC 2018 /home/travis/build/icyphy/ptII/ptolemy/actor/lib/test/auto/ExecEnvironment.xml
----------------- Instantiating /home/travis/build/icyphy/ptII/ptolemy/actor/lib/test/auto/ExecEnvironment.xml
26 ms. Memory: 1361408K Free: 1219362K (90%)
----------------- Invoking toplevel() on ptolemy.moml.MoMLSimpleApplication@79d1c598
----------------- Done invoking toplevel() on ptolemy.moml.MoMLSimpleApplication@79d1c598
reloadAllAccessors: .ExecEnvironment

===========================================================================================
----------------- testing Tue Sep 25 02:12:55 UTC 2018 /home/travis/build/icyphy/ptII/ptolemy/actor/lib/test/auto/ExecNonZeroReturnOutput.xml
----------------- Instantiating /home/travis/build/icyphy/ptII/ptolemy/actor/lib/test/auto/ExecNonZeroReturnOutput.xml
125 ms. Memory: 1361408K Free: 1094894K (80%)
----------------- Invoking toplevel() on ptolemy.moml.MoMLSimpleApplication@58ab3ed
----------------- Done invoking toplevel() on ptolemy.moml.MoMLSimpleApplication@58ab3ed
reloadAllAccessors: .ExecNonZeroReturnOutput

===========================================================================================
----------------- testing Tue Sep 25 02:12:55 UTC 2018 /home/travis/build/icyphy/ptII/ptolemy/actor/lib/test/auto/ExecRunDemos.xml
----------------- Instantiating /home/travis/build/icyphy/ptII/ptolemy/actor/lib/test/auto/ExecRunDemos.xml
Finished: 99 ms. Memory: 116224K Free: 100087K (86%)

Finished: 51 ms. Memory: 116224K Free: 96359K (83%)

Finished: 64 ms. Memory: 116224K Free: 96939K (83%)

Finished: 60 ms. Memory: 116224K Free: 98268K (85%)

Finished: 54 ms. Memory: 116224K Free: 99505K (86%)

9449 ms. Memory: 1361408K Free: 986762K (72%)
----------------- Invoking toplevel() on ptolemy.moml.MoMLSimpleApplication@6b9a1adb
----------------- Done invoking toplevel() on ptolemy.moml.MoMLSimpleApplication@6b9a1adb
reloadAllAccessors: .ExecRunDemos

===========================================================================================
----------------- testing Tue Sep 25 02:13:04 UTC 2018 /home/travis/build/icyphy/ptII/ptolemy/actor/lib/test/auto/ExecStop.xml
----------------- Instantiating /home/travis/build/icyphy/ptII/ptolemy/actor/lib/test/auto/ExecStop.xml
5008 ms. Memory: 1361408K Free: 753337K (55%)
----------------- Invoking toplevel() on ptolemy.moml.MoMLSimpleApplication@5ebd679
----------------- Done invoking toplevel() on ptolemy.moml.MoMLSimpleApplication@5ebd679
reloadAllAccessors: .ExecStop

===========================================================================================
----------------- testing Tue Sep 25 02:13:09 UTC 2018 /home/travis/build/icyphy/ptII/ptolemy/actor/lib/test/auto/ExecutionTimeSDF.xml
----------------- Instantiating /home/travis/build/icyphy/ptII/ptolemy/actor/lib/test/auto/ExecutionTimeSDF.xml
Fired ExecutionTime: -2110167296
Fired ExecutionTime: 970800000
Fired ExecutionTime: -1662967296
6004 ms. Memory: 1361408K Free: 728436K (54%)
----------------- Invoking toplevel() on ptolemy.moml.MoMLSimpleApplication@131800e3
----------------- Done invoking toplevel() on ptolemy.moml.MoMLSimpleApplication@131800e3
reloadAllAccessors: .ExecutionTimeSDF

===========================================================================================
----------------- testing Tue Sep 25 02:13:15 UTC 2018 /home/travis/build/icyphy/ptII/ptolemy/actor/lib/test/auto/Expression1.xml
----------------- Instantiating /home/travis/build/icyphy/ptII/ptolemy/actor/lib/test/auto/Expression1.xml
1 ms. Memory: 1361408K Free: 711840K (52%)
----------------- Invoking toplevel() on ptolemy.moml.MoMLSimpleApplication@10c3a900
----------------- Done invoking toplevel() on ptolemy.moml.MoMLSimpleApplication@10c3a900
reloadAllAccessors: .Expression1

===========================================================================================
----------------- testing Tue Sep 25 02:13:15 UTC 2018 /home/travis/build/icyphy/ptII/ptolemy/actor/lib/test/auto/Expression10.xml
----------------- Instantiating /home/travis/build/icyphy/ptII/ptolemy/actor/lib/test/auto/Expression10.xml
5 ms. Memory: 1361408K Free: 695244K (51%)
----------------- Invoking toplevel() on ptolemy.moml.MoMLSimpleApplication@27c7b688
----------------- Done invoking toplevel() on ptolemy.moml.MoMLSimpleApplication@27c7b688
reloadAllAccessors: .Expression10

===========================================================================================
----------------- testing Tue Sep 25 02:13:15 UTC 2018 /home/travis/build/icyphy/ptII/ptolemy/actor/lib/test/auto/Expression11.xml
----------------- Instantiating /home/travis/build/icyphy/ptII/ptolemy/actor/lib/test/auto/Expression11.xml
1 ms. Memory: 1361408K Free: 669266K (49%)
----------------- Invoking toplevel() on ptolemy.moml.MoMLSimpleApplication@7b6286d2
----------------- Done invoking toplevel() on ptolemy.moml.MoMLSimpleApplication@7b6286d2
reloadAllAccessors: .Expression11

===========================================================================================
----------------- testing Tue Sep 25 02:13:15 UTC 2018 /home/travis/build/icyphy/ptII/ptolemy/actor/lib/test/auto/Expression12.xml
----------------- Instantiating /home/travis/build/icyphy/ptII/ptolemy/actor/lib/test/auto/Expression12.xml
2 ms. Memory: 1361408K Free: 652670K (48%)
----------------- Invoking toplevel() on ptolemy.moml.MoMLSimpleApplication@676dccf1
----------------- Done invoking toplevel() on ptolemy.moml.MoMLSimpleApplication@676dccf1
reloadAllAccessors: .Expression12

===========================================================================================
----------------- testing Tue Sep 25 02:13:15 UTC 2018 /home/travis/build/icyphy/ptII/ptolemy/actor/lib/test/auto/Expression13.xml
----------------- Instantiating /home/travis/build/icyphy/ptII/ptolemy/actor/lib/test/auto/Expression13.xml
3 ms. Memory: 1361408K Free: 636074K (47%)
----------------- Invoking toplevel() on ptolemy.moml.MoMLSimpleApplication@63c6f079
----------------- Done invoking toplevel() on ptolemy.moml.MoMLSimpleApplication@63c6f079
reloadAllAccessors: .Expression13

===========================================================================================
----------------- testing Tue Sep 25 02:13:15 UTC 2018 /home/travis/build/icyphy/ptII/ptolemy/actor/lib/test/auto/Expression14.xml
----------------- Instantiating /home/travis/build/icyphy/ptII/ptolemy/actor/lib/test/auto/Expression14.xml
4 ms. Memory: 1361408K Free: 619479K (46%)
----------------- Invoking toplevel() on ptolemy.moml.MoMLSimpleApplication@63e9b17b
----------------- Done invoking toplevel() on ptolemy.moml.MoMLSimpleApplication@63e9b17b
reloadAllAccessors: .Expression14

===========================================================================================
----------------- testing Tue Sep 25 02:13:15 UTC 2018 /home/travis/build/icyphy/ptII/ptolemy/actor/lib/test/auto/Expression15.xml
----------------- Instantiating /home/travis/build/icyphy/ptII/ptolemy/actor/lib/test/auto/Expression15.xml
2 ms. Memory: 1361408K Free: 593500K (44%)
----------------- Invoking toplevel() on ptolemy.moml.MoMLSimpleApplication@6d15a4dc
----------------- Done invoking toplevel() on ptolemy.moml.MoMLSimpleApplication@6d15a4dc
reloadAllAccessors: .Expression15

===========================================================================================
----------------- testing Tue Sep 25 02:13:15 UTC 2018 /home/travis/build/icyphy/ptII/ptolemy/actor/lib/test/auto/Expression16.xml
----------------- Instantiating /home/travis/build/icyphy/ptII/ptolemy/actor/lib/test/auto/Expression16.xml
2 ms. Memory: 1361408K Free: 576905K (42%)
----------------- Invoking toplevel() on ptolemy.moml.MoMLSimpleApplication@bcd36be
----------------- Done invoking toplevel() on ptolemy.moml.MoMLSimpleApplication@bcd36be
reloadAllAccessors: .Expression16

===========================================================================================
----------------- testing Tue Sep 25 02:13:15 UTC 2018 /home/travis/build/icyphy/ptII/ptolemy/actor/lib/test/auto/Expression17.xml
----------------- Instantiating /home/travis/build/icyphy/ptII/ptolemy/actor/lib/test/auto/Expression17.xml
2 ms. Memory: 1361408K Free: 560309K (41%)
----------------- Invoking toplevel() on ptolemy.moml.MoMLSimpleApplication@3a2dc179
----------------- Done invoking toplevel() on ptolemy.moml.MoMLSimpleApplication@3a2dc179
reloadAllAccessors: .Expression17

===========================================================================================
----------------- testing Tue Sep 25 02:13:15 UTC 2018 /home/travis/build/icyphy/ptII/ptolemy/actor/lib/test/auto/Expression18.xml
----------------- Instantiating /home/travis/build/icyphy/ptII/ptolemy/actor/lib/test/auto/Expression18.xml
3 ms. Memory: 1361408K Free: 543713K (40%)
----------------- Invoking toplevel() on ptolemy.moml.MoMLSimpleApplication@6a28435c
----------------- Done invoking toplevel() on ptolemy.moml.MoMLSimpleApplication@6a28435c
reloadAllAccessors: .Expression18

===========================================================================================
----------------- testing Tue Sep 25 02:13:16 UTC 2018 /home/travis/build/icyphy/ptII/ptolemy/actor/lib/test/auto/Expression2.xml
----------------- Instantiating /home/travis/build/icyphy/ptII/ptolemy/actor/lib/test/auto/Expression2.xml
3 ms. Memory: 1361408K Free: 517735K (38%)
----------------- Invoking toplevel() on ptolemy.moml.MoMLSimpleApplication@2dbf21a9
----------------- Done invoking toplevel() on ptolemy.moml.MoMLSimpleApplication@2dbf21a9
reloadAllAccessors: .Expression2

===========================================================================================
----------------- testing Tue Sep 25 02:13:16 UTC 2018 /home/travis/build/icyphy/ptII/ptolemy/actor/lib/test/auto/Expression3.xml
----------------- Instantiating /home/travis/build/icyphy/ptII/ptolemy/actor/lib/test/auto/Expression3.xml
2 ms. Memory: 1361408K Free: 501139K (37%)
----------------- Invoking toplevel() on ptolemy.moml.MoMLSimpleApplication@27d9d06d
----------------- Done invoking toplevel() on ptolemy.moml.MoMLSimpleApplication@27d9d06d
reloadAllAccessors: .Expression3

===========================================================================================
----------------- testing Tue Sep 25 02:13:16 UTC 2018 /home/travis/build/icyphy/ptII/ptolemy/actor/lib/test/auto/Expression4.xml
----------------- Instantiating /home/travis/build/icyphy/ptII/ptolemy/actor/lib/test/auto/Expression4.xml
3 ms. Memory: 1361408K Free: 484543K (36%)
----------------- Invoking toplevel() on ptolemy.moml.MoMLSimpleApplication@61118e61
----------------- Done invoking toplevel() on ptolemy.moml.MoMLSimpleApplication@61118e61
reloadAllAccessors: .Expression4

===========================================================================================
----------------- testing Tue Sep 25 02:13:16 UTC 2018 /home/travis/build/icyphy/ptII/ptolemy/actor/lib/test/auto/Expression5.xml
----------------- Instantiating /home/travis/build/icyphy/ptII/ptolemy/actor/lib/test/auto/Expression5.xml
3 ms. Memory: 1361408K Free: 467948K (34%)
----------------- Invoking toplevel() on ptolemy.moml.MoMLSimpleApplication@3d7d775a
----------------- Done invoking toplevel() on ptolemy.moml.MoMLSimpleApplication@3d7d775a
reloadAllAccessors: .Expression5

===========================================================================================
----------------- testing Tue Sep 25 02:13:16 UTC 2018 /home/travis/build/icyphy/ptII/ptolemy/actor/lib/test/auto/Expression6.xml
----------------- Instantiating /home/travis/build/icyphy/ptII/ptolemy/actor/lib/test/auto/Expression6.xml
2 ms. Memory: 1361408K Free: 441969K (32%)
----------------- Invoking toplevel() on ptolemy.moml.MoMLSimpleApplication@5c7431ff
----------------- Done invoking toplevel() on ptolemy.moml.MoMLSimpleApplication@5c7431ff
reloadAllAccessors: .Expression6

===========================================================================================
----------------- testing Tue Sep 25 02:13:16 UTC 2018 /home/travis/build/icyphy/ptII/ptolemy/actor/lib/test/auto/Expression7.xml
----------------- Instantiating /home/travis/build/icyphy/ptII/ptolemy/actor/lib/test/auto/Expression7.xml
2 ms. Memory: 1361408K Free: 425373K (31%)
----------------- Invoking toplevel() on ptolemy.moml.MoMLSimpleApplication@78cf3bfc
----------------- Done invoking toplevel() on ptolemy.moml.MoMLSimpleApplication@78cf3bfc
reloadAllAccessors: .Expression7

===========================================================================================
----------------- testing Tue Sep 25 02:13:16 UTC 2018 /home/travis/build/icyphy/ptII/ptolemy/actor/lib/test/auto/Expression8.xml
----------------- Instantiating /home/travis/build/icyphy/ptII/ptolemy/actor/lib/test/auto/Expression8.xml
4 ms. Memory: 1361408K Free: 408778K (30%)
----------------- Invoking toplevel() on ptolemy.moml.MoMLSimpleApplication@65adb8df
----------------- Done invoking toplevel() on ptolemy.moml.MoMLSimpleApplication@65adb8df
reloadAllAccessors: .Expression8

===========================================================================================
----------------- testing Tue Sep 25 02:13:16 UTC 2018 /home/travis/build/icyphy/ptII/ptolemy/actor/lib/test/auto/Expression9.xml
----------------- Instantiating /home/travis/build/icyphy/ptII/ptolemy/actor/lib/test/auto/Expression9.xml
1 ms. Memory: 1361408K Free: 392182K (29%)
----------------- Invoking toplevel() on ptolemy.moml.MoMLSimpleApplication@2411538
----------------- Done invoking toplevel() on ptolemy.moml.MoMLSimpleApplication@2411538
reloadAllAccessors: .Expression9

===========================================================================================
----------------- testing Tue Sep 25 02:13:16 UTC 2018 /home/travis/build/icyphy/ptII/ptolemy/actor/lib/test/auto/ExpressionConcatenateArrayType.xml
----------------- Instantiating /home/travis/build/icyphy/ptII/ptolemy/actor/lib/test/auto/ExpressionConcatenateArrayType.xml
2 ms. Memory: 1361408K Free: 366204K (27%)
----------------- Invoking toplevel() on ptolemy.moml.MoMLSimpleApplication@2a6f9a8c
----------------- Done invoking toplevel() on ptolemy.moml.MoMLSimpleApplication@2a6f9a8c
reloadAllAccessors: .ExpressionConcatenateArrayType

===========================================================================================
----------------- testing Tue Sep 25 02:13:16 UTC 2018 /home/travis/build/icyphy/ptII/ptolemy/actor/lib/test/auto/ExpressionConcatenateArrayType2.xml
----------------- Instantiating /home/travis/build/icyphy/ptII/ptolemy/actor/lib/test/auto/ExpressionConcatenateArrayType2.xml
2 ms. Memory: 1361408K Free: 349608K (26%)
----------------- Invoking toplevel() on ptolemy.moml.MoMLSimpleApplication@2387f7c5
----------------- Done invoking toplevel() on ptolemy.moml.MoMLSimpleApplication@2387f7c5
reloadAllAccessors: .ExpressionConcatenateArrayType2

===========================================================================================
----------------- testing Tue Sep 25 02:13:16 UTC 2018 /home/travis/build/icyphy/ptII/ptolemy/actor/lib/test/auto/ExpressionFix.xml
----------------- Instantiating /home/travis/build/icyphy/ptII/ptolemy/actor/lib/test/auto/ExpressionFix.xml
8 ms. Memory: 1361408K Free: 333012K (24%)
----------------- Invoking toplevel() on ptolemy.moml.MoMLSimpleApplication@3a870533
----------------- Done invoking toplevel() on ptolemy.moml.MoMLSimpleApplication@3a870533
reloadAllAccessors: .ExpressionFix

===========================================================================================
----------------- testing Tue Sep 25 02:13:16 UTC 2018 /home/travis/build/icyphy/ptII/ptolemy/actor/lib/test/auto/ExpressionFix2.xml
----------------- Instantiating /home/travis/build/icyphy/ptII/ptolemy/actor/lib/test/auto/ExpressionFix2.xml
2 ms. Memory: 1361408K Free: 316417K (23%)
----------------- Invoking toplevel() on ptolemy.moml.MoMLSimpleApplication@c5092ad
----------------- Done invoking toplevel() on ptolemy.moml.MoMLSimpleApplication@c5092ad
reloadAllAccessors: .ExpressionFix2

===========================================================================================
----------------- testing Tue Sep 25 02:13:16 UTC 2018 /home/travis/build/icyphy/ptII/ptolemy/actor/lib/test/auto/ExpressionFix3.xml
----------------- Instantiating /home/travis/build/icyphy/ptII/ptolemy/actor/lib/test/auto/ExpressionFix3.xml
2 ms. Memory: 1361408K Free: 290438K (21%)
----------------- Invoking toplevel() on ptolemy.moml.MoMLSimpleApplication@88569ef
----------------- Done invoking toplevel() on ptolemy.moml.MoMLSimpleApplication@88569ef
reloadAllAccessors: .ExpressionFix3

===========================================================================================
----------------- testing Tue Sep 25 02:13:16 UTC 2018 /home/travis/build/icyphy/ptII/ptolemy/actor/lib/test/auto/FileWriter1.xml
----------------- Instantiating /home/travis/build/icyphy/ptII/ptolemy/actor/lib/test/auto/FileWriter1.xml
3 ms. Memory: 1361408K Free: 273843K (20%)
----------------- Invoking toplevel() on ptolemy.moml.MoMLSimpleApplication@10ac533
----------------- Done invoking toplevel() on ptolemy.moml.MoMLSimpleApplication@10ac533
reloadAllAccessors: .FileWriter1

===========================================================================================
----------------- testing Tue Sep 25 02:13:16 UTC 2018 /home/travis/build/icyphy/ptII/ptolemy/actor/lib/test/auto/FileWriter2.xml
----------------- Instantiating /home/travis/build/icyphy/ptII/ptolemy/actor/lib/test/auto/FileWriter2.xml
3 ms. Memory: 1361408K Free: 257247K (19%)
----------------- Invoking toplevel() on ptolemy.moml.MoMLSimpleApplication@7402637e
----------------- Done invoking toplevel() on ptolemy.moml.MoMLSimpleApplication@7402637e
reloadAllAccessors: .FileWriter2

===========================================================================================
----------------- testing Tue Sep 25 02:13:16 UTC 2018 /home/travis/build/icyphy/ptII/ptolemy/actor/lib/test/auto/FileWriter3.xml
----------------- Instantiating /home/travis/build/icyphy/ptII/ptolemy/actor/lib/test/auto/FileWriter3.xml
6 ms. Memory: 1361408K Free: 240651K (18%)
----------------- Invoking toplevel() on ptolemy.moml.MoMLSimpleApplication@48671559
----------------- Done invoking toplevel() on ptolemy.moml.MoMLSimpleApplication@48671559
reloadAllAccessors: .FileWriter3

===========================================================================================
----------------- testing Tue Sep 25 02:13:16 UTC 2018 /home/travis/build/icyphy/ptII/ptolemy/actor/lib/test/auto/Gaussian.xml
----------------- Instantiating /home/travis/build/icyphy/ptII/ptolemy/actor/lib/test/auto/Gaussian.xml
2 ms. Memory: 1361408K Free: 214673K (16%)
----------------- Invoking toplevel() on ptolemy.moml.MoMLSimpleApplication@70dcf3ae
----------------- Done invoking toplevel() on ptolemy.moml.MoMLSimpleApplication@70dcf3ae
reloadAllAccessors: .Gaussian

===========================================================================================
----------------- testing Tue Sep 25 02:13:16 UTC 2018 /home/travis/build/icyphy/ptII/ptolemy/actor/lib/test/auto/Gaussian1.xml
----------------- Instantiating /home/travis/build/icyphy/ptII/ptolemy/actor/lib/test/auto/Gaussian1.xml
2 ms. Memory: 1361408K Free: 198077K (15%)
----------------- Invoking toplevel() on ptolemy.moml.MoMLSimpleApplication@388ff27
----------------- Done invoking toplevel() on ptolemy.moml.MoMLSimpleApplication@388ff27
reloadAllAccessors: .Gaussian1

===========================================================================================
----------------- testing Tue Sep 25 02:13:16 UTC 2018 /home/travis/build/icyphy/ptII/ptolemy/actor/lib/test/auto/Gaussian2.xml
----------------- Instantiating /home/travis/build/icyphy/ptII/ptolemy/actor/lib/test/auto/Gaussian2.xml
4 ms. Memory: 1361408K Free: 181481K (13%)
----------------- Invoking toplevel() on ptolemy.moml.MoMLSimpleApplication@6842ab92
----------------- Done invoking toplevel() on ptolemy.moml.MoMLSimpleApplication@6842ab92
reloadAllAccessors: .Gaussian2

===========================================================================================
----------------- testing Tue Sep 25 02:13:16 UTC 2018 /home/travis/build/icyphy/ptII/ptolemy/actor/lib/test/auto/GradientAdaptiveLattice.xml
----------------- Instantiating /home/travis/build/icyphy/ptII/ptolemy/actor/lib/test/auto/GradientAdaptiveLattice.xml
2 ms. Memory: 1361408K Free: 164885K (12%)
----------------- Invoking toplevel() on ptolemy.moml.MoMLSimpleApplication@5bbee9b
----------------- Done invoking toplevel() on ptolemy.moml.MoMLSimpleApplication@5bbee9b
reloadAllAccessors: .GradientAdaptiveLattice

===========================================================================================
----------------- testing Tue Sep 25 02:13:16 UTC 2018 /home/travis/build/icyphy/ptII/ptolemy/actor/lib/test/auto/IIR.xml
----------------- Instantiating /home/travis/build/icyphy/ptII/ptolemy/actor/lib/test/auto/IIR.xml
3 ms. Memory: 1361408K Free: 138907K (10%)
----------------- Invoking toplevel() on ptolemy.moml.MoMLSimpleApplication@647c0df2
----------------- Done invoking toplevel() on ptolemy.moml.MoMLSimpleApplication@647c0df2
reloadAllAccessors: .IIR

===========================================================================================
----------------- testing Tue Sep 25 02:13:16 UTC 2018 /home/travis/build/icyphy/ptII/ptolemy/actor/lib/test/auto/InputOutputTransparentPorts.xml
----------------- Instantiating /home/travis/build/icyphy/ptII/ptolemy/actor/lib/test/auto/InputOutputTransparentPorts.xml
2 ms. Memory: 1361408K Free: 122311K (9%)
----------------- Invoking toplevel() on ptolemy.moml.MoMLSimpleApplication@4a0ddf74
----------------- Done invoking toplevel() on ptolemy.moml.MoMLSimpleApplication@4a0ddf74
reloadAllAccessors: .InputOutputTransparentPorts

===========================================================================================
----------------- testing Tue Sep 25 02:13:16 UTC 2018 /home/travis/build/icyphy/ptII/ptolemy/actor/lib/test/auto/Interpolator.xml
----------------- Instantiating /home/travis/build/icyphy/ptII/ptolemy/actor/lib/test/auto/Interpolator.xml
5 ms. Memory: 1361408K Free: 105716K (8%)
----------------- Invoking toplevel() on ptolemy.moml.MoMLSimpleApplication@6e180e8a
----------------- Done invoking toplevel() on ptolemy.moml.MoMLSimpleApplication@6e180e8a
reloadAllAccessors: .Interpolator

===========================================================================================
----------------- testing Tue Sep 25 02:13:16 UTC 2018 /home/travis/build/icyphy/ptII/ptolemy/actor/lib/test/auto/InterpolatorFiringLimitDE.xml
----------------- Instantiating /home/travis/build/icyphy/ptII/ptolemy/actor/lib/test/auto/InterpolatorFiringLimitDE.xml
2 ms. Memory: 1361408K Free: 89120K (7%)
----------------- Invoking toplevel() on ptolemy.moml.MoMLSimpleApplication@5e65bf77
----------------- Done invoking toplevel() on ptolemy.moml.MoMLSimpleApplication@5e65bf77
reloadAllAccessors: .InterpolatorFiringLimitDE

===========================================================================================
----------------- testing Tue Sep 25 02:13:16 UTC 2018 /home/travis/build/icyphy/ptII/ptolemy/actor/lib/test/auto/Lattice.xml
----------------- Instantiating /home/travis/build/icyphy/ptII/ptolemy/actor/lib/test/auto/Lattice.xml
1 ms. Memory: 1602560K Free: 1551590K (97%)
----------------- Invoking toplevel() on ptolemy.moml.MoMLSimpleApplication@71254b9a
----------------- Done invoking toplevel() on ptolemy.moml.MoMLSimpleApplication@71254b9a
reloadAllAccessors: .Lattice

===========================================================================================
----------------- testing Tue Sep 25 02:13:16 UTC 2018 /home/travis/build/icyphy/ptII/ptolemy/actor/lib/test/auto/LazyAOCTestLazy.xml
----------------- Instantiating /home/travis/build/icyphy/ptII/ptolemy/actor/lib/test/auto/LazyAOCTestLazy.xml
8 ms. Memory: 1602560K Free: 1528383K (95%)
----------------- Invoking toplevel() on ptolemy.moml.MoMLSimpleApplication@626cf916
----------------- Done invoking toplevel() on ptolemy.moml.MoMLSimpleApplication@626cf916
reloadAllAccessors: .LazyAOCTestLazy

===========================================================================================
----------------- testing Tue Sep 25 02:13:16 UTC 2018 /home/travis/build/icyphy/ptII/ptolemy/actor/lib/test/auto/LazyAOCTestNonLazy.xml
----------------- Instantiating /home/travis/build/icyphy/ptII/ptolemy/actor/lib/test/auto/LazyAOCTestNonLazy.xml
2 ms. Memory: 1602560K Free: 1513340K (94%)
----------------- Invoking toplevel() on ptolemy.moml.MoMLSimpleApplication@418adfb8
----------------- Done invoking toplevel() on ptolemy.moml.MoMLSimpleApplication@418adfb8
reloadAllAccessors: .LazyAOCTestNonLazy

===========================================================================================
----------------- testing Tue Sep 25 02:13:16 UTC 2018 /home/travis/build/icyphy/ptII/ptolemy/actor/lib/test/auto/LazyInnerClass.xml
----------------- Instantiating /home/travis/build/icyphy/ptII/ptolemy/actor/lib/test/auto/LazyInnerClass.xml
26 ms. Memory: 1602560K Free: 1498297K (93%)
----------------- Invoking toplevel() on ptolemy.moml.MoMLSimpleApplication@671b2608
----------------- Done invoking toplevel() on ptolemy.moml.MoMLSimpleApplication@671b2608
reloadAllAccessors: .LazyInnerClass

===========================================================================================
----------------- testing Tue Sep 25 02:13:16 UTC 2018 /home/travis/build/icyphy/ptII/ptolemy/actor/lib/test/auto/LazyPubSub.xml
----------------- Instantiating /home/travis/build/icyphy/ptII/ptolemy/actor/lib/test/auto/LazyPubSub.xml
31 ms. Memory: 1602560K Free: 1475090K (92%)
----------------- Invoking toplevel() on ptolemy.moml.MoMLSimpleApplication@2f85f61b
----------------- Done invoking toplevel() on ptolemy.moml.MoMLSimpleApplication@2f85f61b
reloadAllAccessors: .LazyPubSub

===========================================================================================
----------------- testing Tue Sep 25 02:13:16 UTC 2018 /home/travis/build/icyphy/ptII/ptolemy/actor/lib/test/auto/LazyPubSub2.xml
----------------- Instantiating /home/travis/build/icyphy/ptII/ptolemy/actor/lib/test/auto/LazyPubSub2.xml
15 ms. Memory: 1602560K Free: 1459845K (91%)
----------------- Invoking toplevel() on ptolemy.moml.MoMLSimpleApplication@382c4825
----------------- Done invoking toplevel() on ptolemy.moml.MoMLSimpleApplication@382c4825
reloadAllAccessors: .LazyPubSub2

===========================================================================================
----------------- testing Tue Sep 25 02:13:16 UTC 2018 /home/travis/build/icyphy/ptII/ptolemy/actor/lib/test/auto/LazyPubSub3.xml
----------------- Instantiating /home/travis/build/icyphy/ptII/ptolemy/actor/lib/test/auto/LazyPubSub3.xml
16 ms. Memory: 1602560K Free: 1444802K (90%)
----------------- Invoking toplevel() on ptolemy.moml.MoMLSimpleApplication@5789f2e1
----------------- Done invoking toplevel() on ptolemy.moml.MoMLSimpleApplication@5789f2e1
reloadAllAccessors: .LazyPubSub3

===========================================================================================
----------------- testing Tue Sep 25 02:13:16 UTC 2018 /home/travis/build/icyphy/ptII/ptolemy/actor/lib/test/auto/LazySubClassModel.xml
----------------- Instantiating /home/travis/build/icyphy/ptII/ptolemy/actor/lib/test/auto/LazySubClassModel.xml
2 ms. Memory: 1602560K Free: 1421595K (89%)
----------------- Invoking toplevel() on ptolemy.moml.MoMLSimpleApplication@2404080d
----------------- Done invoking toplevel() on ptolemy.moml.MoMLSimpleApplication@2404080d
reloadAllAccessors: .LazySubClassModel

===========================================================================================
----------------- testing Tue Sep 25 02:13:16 UTC 2018 /home/travis/build/icyphy/ptII/ptolemy/actor/lib/test/auto/LevelCrossTest1.xml
----------------- Instantiating /home/travis/build/icyphy/ptII/ptolemy/actor/lib/test/auto/LevelCrossTest1.xml
1 ms. Memory: 1602560K Free: 1406553K (88%)
----------------- Invoking toplevel() on ptolemy.moml.MoMLSimpleApplication@52a5444f
----------------- Done invoking toplevel() on ptolemy.moml.MoMLSimpleApplication@52a5444f
reloadAllAccessors: .broken

===========================================================================================
----------------- testing Tue Sep 25 02:13:16 UTC 2018 /home/travis/build/icyphy/ptII/ptolemy/actor/lib/test/auto/LevelCrossTest10.xml
----------------- Instantiating /home/travis/build/icyphy/ptII/ptolemy/actor/lib/test/auto/LevelCrossTest10.xml
1 ms. Memory: 1602560K Free: 1391510K (87%)
----------------- Invoking toplevel() on ptolemy.moml.MoMLSimpleApplication@33f1fe5d
----------------- Done invoking toplevel() on ptolemy.moml.MoMLSimpleApplication@33f1fe5d
reloadAllAccessors: .LevelCrossTest10

===========================================================================================
----------------- testing Tue Sep 25 02:13:16 UTC 2018 /home/travis/build/icyphy/ptII/ptolemy/actor/lib/test/auto/LevelCrossTest11.xml
----------------- Instantiating /home/travis/build/icyphy/ptII/ptolemy/actor/lib/test/auto/LevelCrossTest11.xml
1 ms. Memory: 1602560K Free: 1376467K (86%)
----------------- Invoking toplevel() on ptolemy.moml.MoMLSimpleApplication@66f443fa
----------------- Done invoking toplevel() on ptolemy.moml.MoMLSimpleApplication@66f443fa
reloadAllAccessors: .LevelCrossTest11

===========================================================================================
----------------- testing Tue Sep 25 02:13:16 UTC 2018 /home/travis/build/icyphy/ptII/ptolemy/actor/lib/test/auto/LevelCrossTest12.xml
----------------- Instantiating /home/travis/build/icyphy/ptII/ptolemy/actor/lib/test/auto/LevelCrossTest12.xml
1 ms. Memory: 1602560K Free: 1353260K (84%)
----------------- Invoking toplevel() on ptolemy.moml.MoMLSimpleApplication@152410f6
----------------- Done invoking toplevel() on ptolemy.moml.MoMLSimpleApplication@152410f6
reloadAllAccessors: .LevelCrossTest12

===========================================================================================
----------------- testing Tue Sep 25 02:13:16 UTC 2018 /home/travis/build/icyphy/ptII/ptolemy/actor/lib/test/auto/LevelCrossTest13.xml
----------------- Instantiating /home/travis/build/icyphy/ptII/ptolemy/actor/lib/test/auto/LevelCrossTest13.xml
1 ms. Memory: 1602560K Free: 1338217K (84%)
----------------- Invoking toplevel() on ptolemy.moml.MoMLSimpleApplication@6a383252
----------------- Done invoking toplevel() on ptolemy.moml.MoMLSimpleApplication@6a383252
reloadAllAccessors: .LevelCrossTest13

===========================================================================================
----------------- testing Tue Sep 25 02:13:16 UTC 2018 /home/travis/build/icyphy/ptII/ptolemy/actor/lib/test/auto/LevelCrossTest2.xml
----------------- Instantiating /home/travis/build/icyphy/ptII/ptolemy/actor/lib/test/auto/LevelCrossTest2.xml
1 ms. Memory: 1602560K Free: 1323175K (83%)
----------------- Invoking toplevel() on ptolemy.moml.MoMLSimpleApplication@6b172f7f
----------------- Done invoking toplevel() on ptolemy.moml.MoMLSimpleApplication@6b172f7f
reloadAllAccessors: .broken

===========================================================================================
----------------- testing Tue Sep 25 02:13:16 UTC 2018 /home/travis/build/icyphy/ptII/ptolemy/actor/lib/test/auto/LevelCrossTest3.xml
----------------- Instantiating /home/travis/build/icyphy/ptII/ptolemy/actor/lib/test/auto/LevelCrossTest3.xml
1 ms. Memory: 1602560K Free: 1299968K (81%)
----------------- Invoking toplevel() on ptolemy.moml.MoMLSimpleApplication@a72fd4
----------------- Done invoking toplevel() on ptolemy.moml.MoMLSimpleApplication@a72fd4
reloadAllAccessors: .LevelCrossTest3

===========================================================================================
----------------- testing Tue Sep 25 02:13:16 UTC 2018 /home/travis/build/icyphy/ptII/ptolemy/actor/lib/test/auto/LevelCrossTest4.xml
----------------- Instantiating /home/travis/build/icyphy/ptII/ptolemy/actor/lib/test/auto/LevelCrossTest4.xml
1 ms. Memory: 1602560K Free: 1284925K (80%)
----------------- Invoking toplevel() on ptolemy.moml.MoMLSimpleApplication@491d14e9
----------------- Done invoking toplevel() on ptolemy.moml.MoMLSimpleApplication@491d14e9
reloadAllAccessors: .broken

===========================================================================================
----------------- testing Tue Sep 25 02:13:16 UTC 2018 /home/travis/build/icyphy/ptII/ptolemy/actor/lib/test/auto/LevelCrossTest5.xml
----------------- Instantiating /home/travis/build/icyphy/ptII/ptolemy/actor/lib/test/auto/LevelCrossTest5.xml
1 ms. Memory: 1602560K Free: 1269883K (79%)
----------------- Invoking toplevel() on ptolemy.moml.MoMLSimpleApplication@60570d3
----------------- Done invoking toplevel() on ptolemy.moml.MoMLSimpleApplication@60570d3
reloadAllAccessors: .LevelCrossTest5

===========================================================================================
----------------- testing Tue Sep 25 02:13:16 UTC 2018 /home/travis/build/icyphy/ptII/ptolemy/actor/lib/test/auto/LevelCrossTest6.xml
----------------- Instantiating /home/travis/build/icyphy/ptII/ptolemy/actor/lib/test/auto/LevelCrossTest6.xml
1 ms. Memory: 1602560K Free: 1246676K (78%)
----------------- Invoking toplevel() on ptolemy.moml.MoMLSimpleApplication@318bec83
----------------- Done invoking toplevel() on ptolemy.moml.MoMLSimpleApplication@318bec83
reloadAllAccessors: .LevelCrossTest6

===========================================================================================
----------------- testing Tue Sep 25 02:13:17 UTC 2018 /home/travis/build/icyphy/ptII/ptolemy/actor/lib/test/auto/LevelCrossTest7.xml
----------------- Instantiating /home/travis/build/icyphy/ptII/ptolemy/actor/lib/test/auto/LevelCrossTest7.xml
3 ms. Memory: 1602560K Free: 1231633K (77%)
----------------- Invoking toplevel() on ptolemy.moml.MoMLSimpleApplication@1a6f9bd8
----------------- Done invoking toplevel() on ptolemy.moml.MoMLSimpleApplication@1a6f9bd8
reloadAllAccessors: .LevelCrossTest7

===========================================================================================
----------------- testing Tue Sep 25 02:13:17 UTC 2018 /home/travis/build/icyphy/ptII/ptolemy/actor/lib/test/auto/LevelCrossTest8.xml
----------------- Instantiating /home/travis/build/icyphy/ptII/ptolemy/actor/lib/test/auto/LevelCrossTest8.xml
1 ms. Memory: 1602560K Free: 1216590K (76%)
----------------- Invoking toplevel() on ptolemy.moml.MoMLSimpleApplication@16496aef
----------------- Done invoking toplevel() on ptolemy.moml.MoMLSimpleApplication@16496aef
reloadAllAccessors: .LevelCrossTest8

===========================================================================================
----------------- testing Tue Sep 25 02:13:17 UTC 2018 /home/travis/build/icyphy/ptII/ptolemy/actor/lib/test/auto/LevelCrossTest9.xml
----------------- Instantiating /home/travis/build/icyphy/ptII/ptolemy/actor/lib/test/auto/LevelCrossTest9.xml
1 ms. Memory: 1602560K Free: 1201548K (75%)
----------------- Invoking toplevel() on ptolemy.moml.MoMLSimpleApplication@43fb2edf
----------------- Done invoking toplevel() on ptolemy.moml.MoMLSimpleApplication@43fb2edf
reloadAllAccessors: .LevelCrossTest9

===========================================================================================
----------------- testing Tue Sep 25 02:13:17 UTC 2018 /home/travis/build/icyphy/ptII/ptolemy/actor/lib/test/auto/LevinsonDurbin.xml
----------------- Instantiating /home/travis/build/icyphy/ptII/ptolemy/actor/lib/test/auto/LevinsonDurbin.xml
4 ms. Memory: 1602560K Free: 1178341K (74%)
----------------- Invoking toplevel() on ptolemy.moml.MoMLSimpleApplication@6e6a4610
----------------- Done invoking toplevel() on ptolemy.moml.MoMLSimpleApplication@6e6a4610
reloadAllAccessors: .LevinsonDurbin

===========================================================================================
----------------- testing Tue Sep 25 02:13:17 UTC 2018 /home/travis/build/icyphy/ptII/ptolemy/actor/lib/test/auto/LevinsonDurbin2.xml
----------------- Instantiating /home/travis/build/icyphy/ptII/ptolemy/actor/lib/test/auto/LevinsonDurbin2.xml
1 ms. Memory: 1602560K Free: 1163298K (73%)
----------------- Invoking toplevel() on ptolemy.moml.MoMLSimpleApplication@15ee8d31
----------------- Done invoking toplevel() on ptolemy.moml.MoMLSimpleApplication@15ee8d31
reloadAllAccessors: .LevinsonDurbin2

===========================================================================================
----------------- testing Tue Sep 25 02:13:17 UTC 2018 /home/travis/build/icyphy/ptII/ptolemy/actor/lib/test/auto/LevinsonDurbin3.xml
----------------- Instantiating /home/travis/build/icyphy/ptII/ptolemy/actor/lib/test/auto/LevinsonDurbin3.xml
2 ms. Memory: 1602560K Free: 1148256K (72%)
----------------- Invoking toplevel() on ptolemy.moml.MoMLSimpleApplication@2d87dd48
----------------- Done invoking toplevel() on ptolemy.moml.MoMLSimpleApplication@2d87dd48
reloadAllAccessors: .LevinsonDurbin3

===========================================================================================
----------------- testing Tue Sep 25 02:13:17 UTC 2018 /home/travis/build/icyphy/ptII/ptolemy/actor/lib/test/auto/Limiter.xml
----------------- Instantiating /home/travis/build/icyphy/ptII/ptolemy/actor/lib/test/auto/Limiter.xml
3 ms. Memory: 1602560K Free: 1125048K (70%)
----------------- Invoking toplevel() on ptolemy.moml.MoMLSimpleApplication@838fc9a
----------------- Done invoking toplevel() on ptolemy.moml.MoMLSimpleApplication@838fc9a
reloadAllAccessors: .Limiter

===========================================================================================
----------------- testing Tue Sep 25 02:13:17 UTC 2018 /home/travis/build/icyphy/ptII/ptolemy/actor/lib/test/auto/LinearDifferenceEquationSystem.xml
----------------- Instantiating /home/travis/build/icyphy/ptII/ptolemy/actor/lib/test/auto/LinearDifferenceEquationSystem.xml
4 ms. Memory: 1602560K Free: 1110006K (69%)
----------------- Invoking toplevel() on ptolemy.moml.MoMLSimpleApplication@2469c62b
----------------- Done invoking toplevel() on ptolemy.moml.MoMLSimpleApplication@2469c62b
reloadAllAccessors: .LinearDifferenceEquationSystem

===========================================================================================
----------------- testing Tue Sep 25 02:13:17 UTC 2018 /home/travis/build/icyphy/ptII/ptolemy/actor/lib/test/auto/LookupTable.xml
----------------- Instantiating /home/travis/build/icyphy/ptII/ptolemy/actor/lib/test/auto/LookupTable.xml
1 ms. Memory: 1602560K Free: 1094963K (68%)
----------------- Invoking toplevel() on ptolemy.moml.MoMLSimpleApplication@5a11f0ef
----------------- Done invoking toplevel() on ptolemy.moml.MoMLSimpleApplication@5a11f0ef
reloadAllAccessors: .LookupTable

===========================================================================================
----------------- testing Tue Sep 25 02:13:17 UTC 2018 /home/travis/build/icyphy/ptII/ptolemy/actor/lib/test/auto/MathFunction.xml
----------------- Instantiating /home/travis/build/icyphy/ptII/ptolemy/actor/lib/test/auto/MathFunction.xml
8 ms. Memory: 1602560K Free: 1071756K (67%)
----------------- Invoking toplevel() on ptolemy.moml.MoMLSimpleApplication@38537cbd
----------------- Done invoking toplevel() on ptolemy.moml.MoMLSimpleApplication@38537cbd
reloadAllAccessors: .MathFunction

===========================================================================================
----------------- testing Tue Sep 25 02:13:17 UTC 2018 /home/travis/build/icyphy/ptII/ptolemy/actor/lib/test/auto/MathFunction2.xml
----------------- Instantiating /home/travis/build/icyphy/ptII/ptolemy/actor/lib/test/auto/MathFunction2.xml
3 ms. Memory: 1602560K Free: 1056713K (66%)
----------------- Invoking toplevel() on ptolemy.moml.MoMLSimpleApplication@2456872e
----------------- Done invoking toplevel() on ptolemy.moml.MoMLSimpleApplication@2456872e
reloadAllAccessors: .MathFunction2

===========================================================================================
----------------- testing Tue Sep 25 02:13:17 UTC 2018 /home/travis/build/icyphy/ptII/ptolemy/actor/lib/test/auto/MathFunction3.xml
----------------- Instantiating /home/travis/build/icyphy/ptII/ptolemy/actor/lib/test/auto/MathFunction3.xml
2 ms. Memory: 1602560K Free: 1041671K (65%)
----------------- Invoking toplevel() on ptolemy.moml.MoMLSimpleApplication@48fda878
----------------- Done invoking toplevel() on ptolemy.moml.MoMLSimpleApplication@48fda878
reloadAllAccessors: .MathFunction3

===========================================================================================
----------------- testing Tue Sep 25 02:13:17 UTC 2018 /home/travis/build/icyphy/ptII/ptolemy/actor/lib/test/auto/MatrixCropBoolean.xml
----------------- Instantiating /home/travis/build/icyphy/ptII/ptolemy/actor/lib/test/auto/MatrixCropBoolean.xml
2 ms. Memory: 1602560K Free: 1026628K (64%)
----------------- Invoking toplevel() on ptolemy.moml.MoMLSimpleApplication@28b5db03
----------------- Done invoking toplevel() on ptolemy.moml.MoMLSimpleApplication@28b5db03
reloadAllAccessors: .MatrixCropBoolean

===========================================================================================
----------------- testing Tue Sep 25 02:13:17 UTC 2018 /home/travis/build/icyphy/ptII/ptolemy/actor/lib/test/auto/MatrixCropComplex.xml
----------------- Instantiating /home/travis/build/icyphy/ptII/ptolemy/actor/lib/test/auto/MatrixCropComplex.xml
1 ms. Memory: 1602560K Free: 1003421K (63%)
----------------- Invoking toplevel() on ptolemy.moml.MoMLSimpleApplication@33b316f3
----------------- Done invoking toplevel() on ptolemy.moml.MoMLSimpleApplication@33b316f3
reloadAllAccessors: .MatrixCropComplex

===========================================================================================
----------------- testing Tue Sep 25 02:13:17 UTC 2018 /home/travis/build/icyphy/ptII/ptolemy/actor/lib/test/auto/MatrixCropDouble.xml
----------------- Instantiating /home/travis/build/icyphy/ptII/ptolemy/actor/lib/test/auto/MatrixCropDouble.xml
1 ms. Memory: 1602560K Free: 988378K (62%)
----------------- Invoking toplevel() on ptolemy.moml.MoMLSimpleApplication@7278a199
----------------- Done invoking toplevel() on ptolemy.moml.MoMLSimpleApplication@7278a199
reloadAllAccessors: .MatrixCropDouble

===========================================================================================
----------------- testing Tue Sep 25 02:13:17 UTC 2018 /home/travis/build/icyphy/ptII/ptolemy/actor/lib/test/auto/MatrixCropFix.xml
----------------- Instantiating /home/travis/build/icyphy/ptII/ptolemy/actor/lib/test/auto/MatrixCropFix.xml
1 ms. Memory: 1602560K Free: 973336K (61%)
----------------- Invoking toplevel() on ptolemy.moml.MoMLSimpleApplication@1cf96e54
----------------- Done invoking toplevel() on ptolemy.moml.MoMLSimpleApplication@1cf96e54
reloadAllAccessors: .MatrixCropFix

===========================================================================================
----------------- testing Tue Sep 25 02:13:17 UTC 2018 /home/travis/build/icyphy/ptII/ptolemy/actor/lib/test/auto/MatrixCropInt.xml
----------------- Instantiating /home/travis/build/icyphy/ptII/ptolemy/actor/lib/test/auto/MatrixCropInt.xml
2 ms. Memory: 1602560K Free: 950129K (59%)
----------------- Invoking toplevel() on ptolemy.moml.MoMLSimpleApplication@5dca9166
----------------- Done invoking toplevel() on ptolemy.moml.MoMLSimpleApplication@5dca9166
reloadAllAccessors: .MatrixCropInt

===========================================================================================
----------------- testing Tue Sep 25 02:13:17 UTC 2018 /home/travis/build/icyphy/ptII/ptolemy/actor/lib/test/auto/MatrixCropLong.xml
----------------- Instantiating /home/travis/build/icyphy/ptII/ptolemy/actor/lib/test/auto/MatrixCropLong.xml
2 ms. Memory: 1602560K Free: 935086K (58%)
----------------- Invoking toplevel() on ptolemy.moml.MoMLSimpleApplication@5778fd33
----------------- Done invoking toplevel() on ptolemy.moml.MoMLSimpleApplication@5778fd33
reloadAllAccessors: .MatrixCropLong

===========================================================================================
----------------- testing Tue Sep 25 02:13:17 UTC 2018 /home/travis/build/icyphy/ptII/ptolemy/actor/lib/test/auto/MatrixToArray.xml
----------------- Instantiating /home/travis/build/icyphy/ptII/ptolemy/actor/lib/test/auto/MatrixToArray.xml
5 ms. Memory: 1602560K Free: 912522K (57%)
----------------- Invoking toplevel() on ptolemy.moml.MoMLSimpleApplication@44f0f728
----------------- Done invoking toplevel() on ptolemy.moml.MoMLSimpleApplication@44f0f728
reloadAllAccessors: .MatrixToArray

===========================================================================================
----------------- testing Tue Sep 25 02:13:17 UTC 2018 /home/travis/build/icyphy/ptII/ptolemy/actor/lib/test/auto/MaxIndex.xml
----------------- Instantiating /home/travis/build/icyphy/ptII/ptolemy/actor/lib/test/auto/MaxIndex.xml
2 ms. Memory: 1602560K Free: 889316K (55%)
----------------- Invoking toplevel() on ptolemy.moml.MoMLSimpleApplication@4c860ada
----------------- Done invoking toplevel() on ptolemy.moml.MoMLSimpleApplication@4c860ada
reloadAllAccessors: .MaxIndex

===========================================================================================
----------------- testing Tue Sep 25 02:13:17 UTC 2018 /home/travis/build/icyphy/ptII/ptolemy/actor/lib/test/auto/Maximum.xml
----------------- Instantiating /home/travis/build/icyphy/ptII/ptolemy/actor/lib/test/auto/Maximum.xml
2 ms. Memory: 1602560K Free: 874273K (55%)
----------------- Invoking toplevel() on ptolemy.moml.MoMLSimpleApplication@10c09106
----------------- Done invoking toplevel() on ptolemy.moml.MoMLSimpleApplication@10c09106
reloadAllAccessors: .Maximum

===========================================================================================
----------------- testing Tue Sep 25 02:13:17 UTC 2018 /home/travis/build/icyphy/ptII/ptolemy/actor/lib/test/auto/MaximumComplex.xml
----------------- Instantiating /home/travis/build/icyphy/ptII/ptolemy/actor/lib/test/auto/MaximumComplex.xml
2 ms. Memory: 1602560K Free: 859230K (54%)
----------------- Invoking toplevel() on ptolemy.moml.MoMLSimpleApplication@be8a9a7
----------------- Done invoking toplevel() on ptolemy.moml.MoMLSimpleApplication@be8a9a7
reloadAllAccessors: .MaximumComplex

===========================================================================================
----------------- testing Tue Sep 25 02:13:17 UTC 2018 /home/travis/build/icyphy/ptII/ptolemy/actor/lib/test/auto/MethodCallTest.xml
----------------- Instantiating /home/travis/build/icyphy/ptII/ptolemy/actor/lib/test/auto/MethodCallTest.xml
1 ms. Memory: 1602560K Free: 844188K (53%)
----------------- Invoking toplevel() on ptolemy.moml.MoMLSimpleApplication@29182a95
----------------- Done invoking toplevel() on ptolemy.moml.MoMLSimpleApplication@29182a95
reloadAllAccessors: .MethodCallTest

===========================================================================================
----------------- testing Tue Sep 25 02:13:17 UTC 2018 /home/travis/build/icyphy/ptII/ptolemy/actor/lib/test/auto/Minimum.xml
----------------- Instantiating /home/travis/build/icyphy/ptII/ptolemy/actor/lib/test/auto/Minimum.xml
2 ms. Memory: 1602560K Free: 820981K (51%)
----------------- Invoking toplevel() on ptolemy.moml.MoMLSimpleApplication@626f5be8
----------------- Done invoking toplevel() on ptolemy.moml.MoMLSimpleApplication@626f5be8
reloadAllAccessors: .Minimum

===========================================================================================
----------------- testing Tue Sep 25 02:13:17 UTC 2018 /home/travis/build/icyphy/ptII/ptolemy/actor/lib/test/auto/MinimumComplex.xml
----------------- Instantiating /home/travis/build/icyphy/ptII/ptolemy/actor/lib/test/auto/MinimumComplex.xml
3 ms. Memory: 1602560K Free: 805938K (50%)
----------------- Invoking toplevel() on ptolemy.moml.MoMLSimpleApplication@2d4c8ce1
----------------- Done invoking toplevel() on ptolemy.moml.MoMLSimpleApplication@2d4c8ce1
reloadAllAccessors: .MinimumComplex

===========================================================================================
----------------- testing Tue Sep 25 02:13:17 UTC 2018 /home/travis/build/icyphy/ptII/ptolemy/actor/lib/test/auto/MinimumMultiports.xml
----------------- Instantiating /home/travis/build/icyphy/ptII/ptolemy/actor/lib/test/auto/MinimumMultiports.xml
5 ms. Memory: 1602560K Free: 790896K (49%)
----------------- Invoking toplevel() on ptolemy.moml.MoMLSimpleApplication@4e97c285
----------------- Done invoking toplevel() on ptolemy.moml.MoMLSimpleApplication@4e97c285
reloadAllAccessors: .MinimumMultiports

===========================================================================================
----------------- testing Tue Sep 25 02:13:17 UTC 2018 /home/travis/build/icyphy/ptII/ptolemy/actor/lib/test/auto/ModifyDate.xml
----------------- Instantiating /home/travis/build/icyphy/ptII/ptolemy/actor/lib/test/auto/ModifyDate.xml
5 ms. Memory: 1602560K Free: 760151K (47%)
----------------- Invoking toplevel() on ptolemy.moml.MoMLSimpleApplication@2df53018
----------------- Done invoking toplevel() on ptolemy.moml.MoMLSimpleApplication@2df53018
reloadAllAccessors: .ModifyDate

===========================================================================================
----------------- testing Tue Sep 25 02:13:17 UTC 2018 /home/travis/build/icyphy/ptII/ptolemy/actor/lib/test/auto/ModifyDate2.xml
----------------- Instantiating /home/travis/build/icyphy/ptII/ptolemy/actor/lib/test/auto/ModifyDate2.xml
2 ms. Memory: 1602560K Free: 737571K (46%)
----------------- Invoking toplevel() on ptolemy.moml.MoMLSimpleApplication@1584c78a
----------------- Done invoking toplevel() on ptolemy.moml.MoMLSimpleApplication@1584c78a
reloadAllAccessors: .ModifyDate2

===========================================================================================
----------------- testing Tue Sep 25 02:13:17 UTC 2018 /home/travis/build/icyphy/ptII/ptolemy/actor/lib/test/auto/MovingAverage.xml
----------------- Instantiating /home/travis/build/icyphy/ptII/ptolemy/actor/lib/test/auto/MovingAverage.xml
2 ms. Memory: 1602560K Free: 722529K (45%)
----------------- Invoking toplevel() on ptolemy.moml.MoMLSimpleApplication@1b139bec
----------------- Done invoking toplevel() on ptolemy.moml.MoMLSimpleApplication@1b139bec
reloadAllAccessors: .MovingAverage

===========================================================================================
----------------- testing Tue Sep 25 02:13:17 UTC 2018 /home/travis/build/icyphy/ptII/ptolemy/actor/lib/test/auto/MovingMaximum.xml
----------------- Instantiating /home/travis/build/icyphy/ptII/ptolemy/actor/lib/test/auto/MovingMaximum.xml
1 ms. Memory: 1602560K Free: 699322K (44%)
----------------- Invoking toplevel() on ptolemy.moml.MoMLSimpleApplication@37b9f233
----------------- Done invoking toplevel() on ptolemy.moml.MoMLSimpleApplication@37b9f233
reloadAllAccessors: .MovingMaximum

===========================================================================================
----------------- testing Tue Sep 25 02:13:17 UTC 2018 /home/travis/build/icyphy/ptII/ptolemy/actor/lib/test/auto/MultipleLinksToSameRelation.xml
----------------- Instantiating /home/travis/build/icyphy/ptII/ptolemy/actor/lib/test/auto/MultipleLinksToSameRelation.xml
2 ms. Memory: 1602560K Free: 684279K (43%)
----------------- Invoking toplevel() on ptolemy.moml.MoMLSimpleApplication@541d29e0
----------------- Done invoking toplevel() on ptolemy.moml.MoMLSimpleApplication@541d29e0
reloadAllAccessors: .MultipleLinksToSameRelation

===========================================================================================
----------------- testing Tue Sep 25 02:13:17 UTC 2018 /home/travis/build/icyphy/ptII/ptolemy/actor/lib/test/auto/MultipleLinksToSameRelationDE.xml
----------------- Instantiating /home/travis/build/icyphy/ptII/ptolemy/actor/lib/test/auto/MultipleLinksToSameRelationDE.xml
2 ms. Memory: 1602560K Free: 669237K (42%)
----------------- Invoking toplevel() on ptolemy.moml.MoMLSimpleApplication@9f49a65
----------------- Done invoking toplevel() on ptolemy.moml.MoMLSimpleApplication@9f49a65
reloadAllAccessors: .MultipleLinksToSameRelationDE

===========================================================================================
----------------- testing Tue Sep 25 02:13:17 UTC 2018 /home/travis/build/icyphy/ptII/ptolemy/actor/lib/test/auto/Multiplexor.xml
----------------- Instantiating /home/travis/build/icyphy/ptII/ptolemy/actor/lib/test/auto/Multiplexor.xml
2 ms. Memory: 1602560K Free: 654194K (41%)
----------------- Invoking toplevel() on ptolemy.moml.MoMLSimpleApplication@3944a736
----------------- Done invoking toplevel() on ptolemy.moml.MoMLSimpleApplication@3944a736
reloadAllAccessors: .Multiplexor

===========================================================================================
----------------- testing Tue Sep 25 02:13:17 UTC 2018 /home/travis/build/icyphy/ptII/ptolemy/actor/lib/test/auto/Multiplexor1.xml
----------------- Instantiating /home/travis/build/icyphy/ptII/ptolemy/actor/lib/test/auto/Multiplexor1.xml
3 ms. Memory: 1602560K Free: 630987K (39%)
----------------- Invoking toplevel() on ptolemy.moml.MoMLSimpleApplication@572902ac
----------------- Done invoking toplevel() on ptolemy.moml.MoMLSimpleApplication@572902ac
reloadAllAccessors: .Multiplexor1

===========================================================================================
----------------- testing Tue Sep 25 02:13:17 UTC 2018 /home/travis/build/icyphy/ptII/ptolemy/actor/lib/test/auto/Multiplexor2.xml
----------------- Instantiating /home/travis/build/icyphy/ptII/ptolemy/actor/lib/test/auto/Multiplexor2.xml
2 ms. Memory: 1602560K Free: 615945K (38%)
----------------- Invoking toplevel() on ptolemy.moml.MoMLSimpleApplication@721179ff
----------------- Done invoking toplevel() on ptolemy.moml.MoMLSimpleApplication@721179ff
reloadAllAccessors: .Multiplexor2

===========================================================================================
----------------- testing Tue Sep 25 02:13:17 UTC 2018 /home/travis/build/icyphy/ptII/ptolemy/actor/lib/test/auto/Multiplexor3.xml
----------------- Instantiating /home/travis/build/icyphy/ptII/ptolemy/actor/lib/test/auto/Multiplexor3.xml
2 ms. Memory: 1602560K Free: 600902K (37%)
----------------- Invoking toplevel() on ptolemy.moml.MoMLSimpleApplication@2341449c
----------------- Done invoking toplevel() on ptolemy.moml.MoMLSimpleApplication@2341449c
reloadAllAccessors: .Multiplexor3

===========================================================================================
----------------- testing Tue Sep 25 02:13:17 UTC 2018 /home/travis/build/icyphy/ptII/ptolemy/actor/lib/test/auto/MultiplexorDE.xml
----------------- Instantiating /home/travis/build/icyphy/ptII/ptolemy/actor/lib/test/auto/MultiplexorDE.xml
2 ms. Memory: 1602560K Free: 577695K (36%)
----------------- Invoking toplevel() on ptolemy.moml.MoMLSimpleApplication@6762a293
----------------- Done invoking toplevel() on ptolemy.moml.MoMLSimpleApplication@6762a293
reloadAllAccessors: .MultiplexorDE

===========================================================================================
----------------- testing Tue Sep 25 02:13:17 UTC 2018 /home/travis/build/icyphy/ptII/ptolemy/actor/lib/test/auto/MultiportBroadcastTest.xml
----------------- Instantiating /home/travis/build/icyphy/ptII/ptolemy/actor/lib/test/auto/MultiportBroadcastTest.xml
79 ms. Memory: 1602560K Free: 562652K (35%)
----------------- Invoking toplevel() on ptolemy.moml.MoMLSimpleApplication@585a2a85
----------------- Done invoking toplevel() on ptolemy.moml.MoMLSimpleApplication@585a2a85
reloadAllAccessors: .MultiportBroadcastTest

===========================================================================================
----------------- testing Tue Sep 25 02:13:17 UTC 2018 /home/travis/build/icyphy/ptII/ptolemy/actor/lib/test/auto/MultiportOutHangDuringGetWidth.xml
----------------- Instantiating /home/travis/build/icyphy/ptII/ptolemy/actor/lib/test/auto/MultiportOutHangDuringGetWidth.xml
5 ms. Memory: 1602560K Free: 540073K (34%)
----------------- Invoking toplevel() on ptolemy.moml.MoMLSimpleApplication@5c0139d0
----------------- Done invoking toplevel() on ptolemy.moml.MoMLSimpleApplication@5c0139d0
reloadAllAccessors: .MultiportOutHangDuringGetWidth

===========================================================================================
----------------- testing Tue Sep 25 02:13:17 UTC 2018 /home/travis/build/icyphy/ptII/ptolemy/actor/lib/test/auto/NilToken.xml
----------------- Instantiating /home/travis/build/icyphy/ptII/ptolemy/actor/lib/test/auto/NilToken.xml
1 ms. Memory: 1602560K Free: 516866K (32%)
----------------- Invoking toplevel() on ptolemy.moml.MoMLSimpleApplication@796840bd
----------------- Done invoking toplevel() on ptolemy.moml.MoMLSimpleApplication@796840bd
reloadAllAccessors: .NilToken

===========================================================================================
----------------- testing Tue Sep 25 02:13:17 UTC 2018 /home/travis/build/icyphy/ptII/ptolemy/actor/lib/test/auto/NilTokenNonStrictTest.xml
----------------- Instantiating /home/travis/build/icyphy/ptII/ptolemy/actor/lib/test/auto/NilTokenNonStrictTest.xml
2 ms. Memory: 1602560K Free: 501823K (31%)
----------------- Invoking toplevel() on ptolemy.moml.MoMLSimpleApplication@6a6fe19b
----------------- Done invoking toplevel() on ptolemy.moml.MoMLSimpleApplication@6a6fe19b
reloadAllAccessors: .NilTokenNonStrictTest

===========================================================================================
----------------- testing Tue Sep 25 02:13:17 UTC 2018 /home/travis/build/icyphy/ptII/ptolemy/actor/lib/test/auto/NilTokenRecord.xml
----------------- Instantiating /home/travis/build/icyphy/ptII/ptolemy/actor/lib/test/auto/NilTokenRecord.xml
7 ms. Memory: 1602560K Free: 486781K (30%)
----------------- Invoking toplevel() on ptolemy.moml.MoMLSimpleApplication@73894e50
----------------- Done invoking toplevel() on ptolemy.moml.MoMLSimpleApplication@73894e50
reloadAllAccessors: .NilTokenRecord

===========================================================================================
----------------- testing Tue Sep 25 02:13:17 UTC 2018 /home/travis/build/icyphy/ptII/ptolemy/actor/lib/test/auto/NilTokenTypeTest.xml
----------------- Instantiating /home/travis/build/icyphy/ptII/ptolemy/actor/lib/test/auto/NilTokenTypeTest.xml
10 ms. Memory: 1602560K Free: 464201K (29%)
----------------- Invoking toplevel() on ptolemy.moml.MoMLSimpleApplication@a99ef97
----------------- Done invoking toplevel() on ptolemy.moml.MoMLSimpleApplication@a99ef97
reloadAllAccessors: .NilTokenTypeTest

===========================================================================================
----------------- testing Tue Sep 25 02:13:18 UTC 2018 /home/travis/build/icyphy/ptII/ptolemy/actor/lib/test/auto/ObjectToken1.xml
----------------- Instantiating /home/travis/build/icyphy/ptII/ptolemy/actor/lib/test/auto/ObjectToken1.xml
2 ms. Memory: 1602560K Free: 440994K (28%)
----------------- Invoking toplevel() on ptolemy.moml.MoMLSimpleApplication@534ce2a6
----------------- Done invoking toplevel() on ptolemy.moml.MoMLSimpleApplication@534ce2a6
reloadAllAccessors: .ObjectToken1

===========================================================================================
----------------- testing Tue Sep 25 02:13:18 UTC 2018 /home/travis/build/icyphy/ptII/ptolemy/actor/lib/test/auto/OrderedMerge.xml
----------------- Instantiating /home/travis/build/icyphy/ptII/ptolemy/actor/lib/test/auto/OrderedMerge.xml
8 ms. Memory: 1602560K Free: 395866K (25%)
----------------- Invoking toplevel() on ptolemy.moml.MoMLSimpleApplication@9ba3cac
----------------- Done invoking toplevel() on ptolemy.moml.MoMLSimpleApplication@9ba3cac
reloadAllAccessors: .OrderedMerge

===========================================================================================
----------------- testing Tue Sep 25 02:13:18 UTC 2018 /home/travis/build/icyphy/ptII/ptolemy/actor/lib/test/auto/OrderedRecordDisassembler.xml
----------------- Instantiating /home/travis/build/icyphy/ptII/ptolemy/actor/lib/test/auto/OrderedRecordDisassembler.xml
4 ms. Memory: 1602560K Free: 380824K (24%)
----------------- Invoking toplevel() on ptolemy.moml.MoMLSimpleApplication@6dfb39ac
----------------- Done invoking toplevel() on ptolemy.moml.MoMLSimpleApplication@6dfb39ac
reloadAllAccessors: .OrderedRecordDisassembler

===========================================================================================
----------------- testing Tue Sep 25 02:13:18 UTC 2018 /home/travis/build/icyphy/ptII/ptolemy/actor/lib/test/auto/OrderedRecordDisassembler2.xml
----------------- Instantiating /home/travis/build/icyphy/ptII/ptolemy/actor/lib/test/auto/OrderedRecordDisassembler2.xml
4 ms. Memory: 1602560K Free: 357616K (22%)
----------------- Invoking toplevel() on ptolemy.moml.MoMLSimpleApplication@26fb295b
----------------- Done invoking toplevel() on ptolemy.moml.MoMLSimpleApplication@26fb295b
reloadAllAccessors: .OrderedRecordDisassembler2

===========================================================================================
----------------- testing Tue Sep 25 02:13:18 UTC 2018 /home/travis/build/icyphy/ptII/ptolemy/actor/lib/test/auto/OrderedRecordUpdater.xml
----------------- Instantiating /home/travis/build/icyphy/ptII/ptolemy/actor/lib/test/auto/OrderedRecordUpdater.xml
2 ms. Memory: 1602560K Free: 342574K (21%)
----------------- Invoking toplevel() on ptolemy.moml.MoMLSimpleApplication@6e65a919
----------------- Done invoking toplevel() on ptolemy.moml.MoMLSimpleApplication@6e65a919
reloadAllAccessors: .RecordUpdater

===========================================================================================
----------------- testing Tue Sep 25 02:13:18 UTC 2018 /home/travis/build/icyphy/ptII/ptolemy/actor/lib/test/auto/OrderedRecordUpdater2.xml
----------------- Instantiating /home/travis/build/icyphy/ptII/ptolemy/actor/lib/test/auto/OrderedRecordUpdater2.xml
3 ms. Memory: 1602560K Free: 327531K (20%)
----------------- Invoking toplevel() on ptolemy.moml.MoMLSimpleApplication@76d90844
----------------- Done invoking toplevel() on ptolemy.moml.MoMLSimpleApplication@76d90844
reloadAllAccessors: .RecordUpdater2

===========================================================================================
----------------- testing Tue Sep 25 02:13:18 UTC 2018 /home/travis/build/icyphy/ptII/ptolemy/actor/lib/test/auto/PhaseUnwrap.xml
----------------- Instantiating /home/travis/build/icyphy/ptII/ptolemy/actor/lib/test/auto/PhaseUnwrap.xml
2 ms. Memory: 1602560K Free: 304324K (19%)
----------------- Invoking toplevel() on ptolemy.moml.MoMLSimpleApplication@6b9c3853
----------------- Done invoking toplevel() on ptolemy.moml.MoMLSimpleApplication@6b9c3853
reloadAllAccessors: .PhaseUnwrap

===========================================================================================
----------------- testing Tue Sep 25 02:13:18 UTC 2018 /home/travis/build/icyphy/ptII/ptolemy/actor/lib/test/auto/PoissonClock.xml
----------------- Instantiating /home/travis/build/icyphy/ptII/ptolemy/actor/lib/test/auto/PoissonClock.xml
2 ms. Memory: 1602560K Free: 289282K (18%)
----------------- Invoking toplevel() on ptolemy.moml.MoMLSimpleApplication@25bda598
----------------- Done invoking toplevel() on ptolemy.moml.MoMLSimpleApplication@25bda598
reloadAllAccessors: .PoissonClock

===========================================================================================
----------------- testing Tue Sep 25 02:13:18 UTC 2018 /home/travis/build/icyphy/ptII/ptolemy/actor/lib/test/auto/PoissonClock2.xml
----------------- Instantiating /home/travis/build/icyphy/ptII/ptolemy/actor/lib/test/auto/PoissonClock2.xml
2 ms. Memory: 1602560K Free: 274239K (17%)
----------------- Invoking toplevel() on ptolemy.moml.MoMLSimpleApplication@2665a90b
----------------- Done invoking toplevel() on ptolemy.moml.MoMLSimpleApplication@2665a90b
reloadAllAccessors: .PoissonClock2

===========================================================================================
----------------- testing Tue Sep 25 02:13:18 UTC 2018 /home/travis/build/icyphy/ptII/ptolemy/actor/lib/test/auto/PoissonClock3.xml
----------------- Instantiating /home/travis/build/icyphy/ptII/ptolemy/actor/lib/test/auto/PoissonClock3.xml
1 ms. Memory: 1602560K Free: 251032K (16%)
----------------- Invoking toplevel() on ptolemy.moml.MoMLSimpleApplication@6b5d11fc
----------------- Done invoking toplevel() on ptolemy.moml.MoMLSimpleApplication@6b5d11fc
reloadAllAccessors: .PoissonClock3

===========================================================================================
----------------- testing Tue Sep 25 02:13:18 UTC 2018 /home/travis/build/icyphy/ptII/ptolemy/actor/lib/test/auto/PubSubWithInitialTokens.xml
----------------- Instantiating /home/travis/build/icyphy/ptII/ptolemy/actor/lib/test/auto/PubSubWithInitialTokens.xml
5 ms. Memory: 1602560K Free: 235990K (15%)
----------------- Invoking toplevel() on ptolemy.moml.MoMLSimpleApplication@2d8819dc
----------------- Done invoking toplevel() on ptolemy.moml.MoMLSimpleApplication@2d8819dc
reloadAllAccessors: .PubSubWithInitialTokens

===========================================================================================
----------------- testing Tue Sep 25 02:13:18 UTC 2018 /home/travis/build/icyphy/ptII/ptolemy/actor/lib/test/auto/PubSubWithInitialTokens2.xml
----------------- Instantiating /home/travis/build/icyphy/ptII/ptolemy/actor/lib/test/auto/PubSubWithInitialTokens2.xml
3 ms. Memory: 1602560K Free: 220947K (14%)
----------------- Invoking toplevel() on ptolemy.moml.MoMLSimpleApplication@5187762d
----------------- Done invoking toplevel() on ptolemy.moml.MoMLSimpleApplication@5187762d
reloadAllAccessors: .PubSubWithInitialTokens2

===========================================================================================
----------------- testing Tue Sep 25 02:13:18 UTC 2018 /home/travis/build/icyphy/ptII/ptolemy/actor/lib/test/auto/PublisherClassNoParameter.xml
----------------- Instantiating /home/travis/build/icyphy/ptII/ptolemy/actor/lib/test/auto/PublisherClassNoParameter.xml
2 ms. Memory: 1602560K Free: 198367K (12%)
----------------- Invoking toplevel() on ptolemy.moml.MoMLSimpleApplication@1c07a51e
----------------- Done invoking toplevel() on ptolemy.moml.MoMLSimpleApplication@1c07a51e
reloadAllAccessors: .PublisherClassNoParameter

===========================================================================================
----------------- testing Tue Sep 25 02:13:18 UTC 2018 /home/travis/build/icyphy/ptII/ptolemy/actor/lib/test/auto/PublisherClassParameter.xml
----------------- Instantiating /home/travis/build/icyphy/ptII/ptolemy/actor/lib/test/auto/PublisherClassParameter.xml
3 ms. Memory: 1602560K Free: 167639K (10%)
----------------- Invoking toplevel() on ptolemy.moml.MoMLSimpleApplication@59a8d771
----------------- Done invoking toplevel() on ptolemy.moml.MoMLSimpleApplication@59a8d771
reloadAllAccessors: .PublisherClassParameter

===========================================================================================
----------------- testing Tue Sep 25 02:13:18 UTC 2018 /home/travis/build/icyphy/ptII/ptolemy/actor/lib/test/auto/PublisherNonStrictTest.xml
----------------- Instantiating /home/travis/build/icyphy/ptII/ptolemy/actor/lib/test/auto/PublisherNonStrictTest.xml
4 ms. Memory: 1602560K Free: 152596K (10%)
----------------- Invoking toplevel() on ptolemy.moml.MoMLSimpleApplication@15759508
----------------- Done invoking toplevel() on ptolemy.moml.MoMLSimpleApplication@15759508
reloadAllAccessors: .PublisherNonStrictTest

===========================================================================================
----------------- testing Tue Sep 25 02:13:18 UTC 2018 /home/travis/build/icyphy/ptII/ptolemy/actor/lib/test/auto/PublisherPort1.xml
----------------- Instantiating /home/travis/build/icyphy/ptII/ptolemy/actor/lib/test/auto/PublisherPort1.xml
3 ms. Memory: 1602560K Free: 137554K (9%)
----------------- Invoking toplevel() on ptolemy.moml.MoMLSimpleApplication@63e96459
----------------- Done invoking toplevel() on ptolemy.moml.MoMLSimpleApplication@63e96459
reloadAllAccessors: .PublisherPort1

===========================================================================================
----------------- testing Tue Sep 25 02:13:18 UTC 2018 /home/travis/build/icyphy/ptII/ptolemy/actor/lib/test/auto/PublisherPort2.xml
----------------- Instantiating /home/travis/build/icyphy/ptII/ptolemy/actor/lib/test/auto/PublisherPort2.xml
2 ms. Memory: 1602560K Free: 114347K (7%)
----------------- Invoking toplevel() on ptolemy.moml.MoMLSimpleApplication@14f4f020
----------------- Done invoking toplevel() on ptolemy.moml.MoMLSimpleApplication@14f4f020
reloadAllAccessors: .PublisherPort2

===========================================================================================
----------------- testing Tue Sep 25 02:13:18 UTC 2018 /home/travis/build/icyphy/ptII/ptolemy/actor/lib/test/auto/PublisherPort3.xml
----------------- Instantiating /home/travis/build/icyphy/ptII/ptolemy/actor/lib/test/auto/PublisherPort3.xml
8 ms. Memory: 1602560K Free: 99304K (6%)
----------------- Invoking toplevel() on ptolemy.moml.MoMLSimpleApplication@1c39d40
----------------- Done invoking toplevel() on ptolemy.moml.MoMLSimpleApplication@1c39d40
reloadAllAccessors: .PublisherPort3

===========================================================================================
----------------- testing Tue Sep 25 02:13:18 UTC 2018 /home/travis/build/icyphy/ptII/ptolemy/actor/lib/test/auto/PublisherPort4.xml
----------------- Instantiating /home/travis/build/icyphy/ptII/ptolemy/actor/lib/test/auto/PublisherPort4.xml
3 ms. Memory: 1602560K Free: 84262K (5%)
----------------- Invoking toplevel() on ptolemy.moml.MoMLSimpleApplication@73483e98
----------------- Done invoking toplevel() on ptolemy.moml.MoMLSimpleApplication@73483e98
reloadAllAccessors: .PublisherPort4

===========================================================================================
----------------- testing Tue Sep 25 02:13:18 UTC 2018 /home/travis/build/icyphy/ptII/ptolemy/actor/lib/test/auto/PublisherPort5.xml
----------------- Instantiating /home/travis/build/icyphy/ptII/ptolemy/actor/lib/test/auto/PublisherPort5.xml
7 ms. Memory: 1602560K Free: 61055K (4%)
----------------- Invoking toplevel() on ptolemy.moml.MoMLSimpleApplication@5628ac05
----------------- Done invoking toplevel() on ptolemy.moml.MoMLSimpleApplication@5628ac05
reloadAllAccessors: .PublisherPort5

===========================================================================================
----------------- testing Tue Sep 25 02:13:18 UTC 2018 /home/travis/build/icyphy/ptII/ptolemy/actor/lib/test/auto/PublisherPort5LookAlike.xml
----------------- Instantiating /home/travis/build/icyphy/ptII/ptolemy/actor/lib/test/auto/PublisherPort5LookAlike.xml
4 ms. Memory: 1765888K Free: 1711632K (97%)
----------------- Invoking toplevel() on ptolemy.moml.MoMLSimpleApplication@f0e890b
----------------- Done invoking toplevel() on ptolemy.moml.MoMLSimpleApplication@f0e890b
reloadAllAccessors: .PublisherPort5LookAlike

===========================================================================================
----------------- testing Tue Sep 25 02:13:18 UTC 2018 /home/travis/build/icyphy/ptII/ptolemy/actor/lib/test/auto/PublisherPort6.xml
----------------- Instantiating /home/travis/build/icyphy/ptII/ptolemy/actor/lib/test/auto/PublisherPort6.xml
2 ms. Memory: 1765888K Free: 1682310K (95%)
----------------- Invoking toplevel() on ptolemy.moml.MoMLSimpleApplication@23efa916
----------------- Done invoking toplevel() on ptolemy.moml.MoMLSimpleApplication@23efa916
reloadAllAccessors: .PublisherPort6

===========================================================================================
----------------- testing Tue Sep 25 02:13:18 UTC 2018 /home/travis/build/icyphy/ptII/ptolemy/actor/lib/test/auto/PublisherPort7.xml
----------------- Instantiating /home/travis/build/icyphy/ptII/ptolemy/actor/lib/test/auto/PublisherPort7.xml
3 ms. Memory: 1765888K Free: 1660322K (94%)
----------------- Invoking toplevel() on ptolemy.moml.MoMLSimpleApplication@5e3fa395
----------------- Done invoking toplevel() on ptolemy.moml.MoMLSimpleApplication@5e3fa395
reloadAllAccessors: .PublisherPort7

===========================================================================================
----------------- testing Tue Sep 25 02:13:18 UTC 2018 /home/travis/build/icyphy/ptII/ptolemy/actor/lib/test/auto/PublisherPort8.xml
----------------- Instantiating /home/travis/build/icyphy/ptII/ptolemy/actor/lib/test/auto/PublisherPort8.xml
4 ms. Memory: 1765888K Free: 1631000K (92%)
----------------- Invoking toplevel() on ptolemy.moml.MoMLSimpleApplication@756f070a
----------------- Done invoking toplevel() on ptolemy.moml.MoMLSimpleApplication@756f070a
reloadAllAccessors: .PublisherPort8

===========================================================================================
----------------- testing Tue Sep 25 02:13:18 UTC 2018 /home/travis/build/icyphy/ptII/ptolemy/actor/lib/test/auto/PublisherPortSubscriberChannelVariablesAOC2.xml
----------------- Instantiating /home/travis/build/icyphy/ptII/ptolemy/actor/lib/test/auto/PublisherPortSubscriberChannelVariablesAOC2.xml
3 ms. Memory: 1765888K Free: 1598001K (90%)
----------------- Invoking toplevel() on ptolemy.moml.MoMLSimpleApplication@34afb6a8
----------------- Done invoking toplevel() on ptolemy.moml.MoMLSimpleApplication@34afb6a8
reloadAllAccessors: .PublisherPortSubscriberChannelVariablesAOC2

===========================================================================================
----------------- testing Tue Sep 25 02:13:18 UTC 2018 /home/travis/build/icyphy/ptII/ptolemy/actor/lib/test/auto/PublisherPortSubscriberOpaqueWidthInference.xml
----------------- Instantiating /home/travis/build/icyphy/ptII/ptolemy/actor/lib/test/auto/PublisherPortSubscriberOpaqueWidthInference.xml
3 ms. Memory: 1765888K Free: 1576012K (89%)
----------------- Invoking toplevel() on ptolemy.moml.MoMLSimpleApplication@c9e6359
----------------- Done invoking toplevel() on ptolemy.moml.MoMLSimpleApplication@c9e6359
reloadAllAccessors: .PublisherPortSubscriberOpaqueWidthInference

===========================================================================================
----------------- testing Tue Sep 25 02:13:18 UTC 2018 /home/travis/build/icyphy/ptII/ptolemy/actor/lib/test/auto/PublisherPortSubscriberPortAdjacent.xml
----------------- Instantiating /home/travis/build/icyphy/ptII/ptolemy/actor/lib/test/auto/PublisherPortSubscriberPortAdjacent.xml
1 ms. Memory: 1765888K Free: 1546691K (88%)
----------------- Invoking toplevel() on ptolemy.moml.MoMLSimpleApplication@142aefb3
----------------- Done invoking toplevel() on ptolemy.moml.MoMLSimpleApplication@142aefb3
reloadAllAccessors: .PublisherPortSubscriberPortAdjacent

===========================================================================================
----------------- testing Tue Sep 25 02:13:18 UTC 2018 /home/travis/build/icyphy/ptII/ptolemy/actor/lib/test/auto/PublisherPortSubscriberPortExpression.xml
----------------- Instantiating /home/travis/build/icyphy/ptII/ptolemy/actor/lib/test/auto/PublisherPortSubscriberPortExpression.xml
4 ms. Memory: 1765888K Free: 1524702K (86%)
----------------- Invoking toplevel() on ptolemy.moml.MoMLSimpleApplication@6ef1f0c4
----------------- Done invoking toplevel() on ptolemy.moml.MoMLSimpleApplication@6ef1f0c4
reloadAllAccessors: .PublisherPortSubscriberPortExpression

===========================================================================================
----------------- testing Tue Sep 25 02:13:18 UTC 2018 /home/travis/build/icyphy/ptII/ptolemy/actor/lib/test/auto/PublisherPortSubscriberPortOpaqueD3Reverse.xml
----------------- Instantiating /home/travis/build/icyphy/ptII/ptolemy/actor/lib/test/auto/PublisherPortSubscriberPortOpaqueD3Reverse.xml
4 ms. Memory: 1765888K Free: 1502713K (85%)
----------------- Invoking toplevel() on ptolemy.moml.MoMLSimpleApplication@7f9ba8bf
----------------- Done invoking toplevel() on ptolemy.moml.MoMLSimpleApplication@7f9ba8bf
reloadAllAccessors: .PublisherPortSubscriberPortOpaqueD3Reverse

===========================================================================================
----------------- testing Tue Sep 25 02:13:18 UTC 2018 /home/travis/build/icyphy/ptII/ptolemy/actor/lib/test/auto/PublisherPortSubscriberPortOpaqueWidthInference.xml
----------------- Instantiating /home/travis/build/icyphy/ptII/ptolemy/actor/lib/test/auto/PublisherPortSubscriberPortOpaqueWidthInference.xml
3 ms. Memory: 1765888K Free: 1473392K (83%)
----------------- Invoking toplevel() on ptolemy.moml.MoMLSimpleApplication@555c8ce7
----------------- Done invoking toplevel() on ptolemy.moml.MoMLSimpleApplication@555c8ce7
reloadAllAccessors: .PublisherPortSubscriberPortOpaqueWidthInference

===========================================================================================
----------------- testing Tue Sep 25 02:13:18 UTC 2018 /home/travis/build/icyphy/ptII/ptolemy/actor/lib/test/auto/PublisherPortToplevelSubscriberPortAOC.xml
----------------- Instantiating /home/travis/build/icyphy/ptII/ptolemy/actor/lib/test/auto/PublisherPortToplevelSubscriberPortAOC.xml
.PublisherPortToplevelSubscriberPortAOC.TestExceptionAttribute: initialize() was not invoked, but wrapup() was.  This is unusual, but not always a problem.  For example, exporting JNLP will do this.
0 ms. Memory: 1765888K Free: 1451403K (82%)
----------------- Invoking toplevel() on ptolemy.moml.MoMLSimpleApplication@2db91490
----------------- Done invoking toplevel() on ptolemy.moml.MoMLSimpleApplication@2db91490
reloadAllAccessors: .PublisherPortToplevelSubscriberPortAOC

===========================================================================================
----------------- testing Tue Sep 25 02:13:18 UTC 2018 /home/travis/build/icyphy/ptII/ptolemy/actor/lib/test/auto/PublisherSubscriber.xml
----------------- Instantiating /home/travis/build/icyphy/ptII/ptolemy/actor/lib/test/auto/PublisherSubscriber.xml
2 ms. Memory: 1765888K Free: 1429414K (81%)
----------------- Invoking toplevel() on ptolemy.moml.MoMLSimpleApplication@dfea16c
----------------- Done invoking toplevel() on ptolemy.moml.MoMLSimpleApplication@dfea16c
reloadAllAccessors: .PublisherSubscriber

===========================================================================================
----------------- testing Tue Sep 25 02:13:18 UTC 2018 /home/travis/build/icyphy/ptII/ptolemy/actor/lib/test/auto/PublisherSubscriber10.xml
----------------- Instantiating /home/travis/build/icyphy/ptII/ptolemy/actor/lib/test/auto/PublisherSubscriber10.xml
6 ms. Memory: 1765888K Free: 1400093K (79%)
----------------- Invoking toplevel() on ptolemy.moml.MoMLSimpleApplication@47f68b9
----------------- Done invoking toplevel() on ptolemy.moml.MoMLSimpleApplication@47f68b9
reloadAllAccessors: .PublisherSubscriber10

===========================================================================================
----------------- testing Tue Sep 25 02:13:18 UTC 2018 /home/travis/build/icyphy/ptII/ptolemy/actor/lib/test/auto/PublisherSubscriber10InitialOutputs.xml
----------------- Instantiating /home/travis/build/icyphy/ptII/ptolemy/actor/lib/test/auto/PublisherSubscriber10InitialOutputs.xml
13 ms. Memory: 1765888K Free: 1378104K (78%)
----------------- Invoking toplevel() on ptolemy.moml.MoMLSimpleApplication@62656f37
----------------- Done invoking toplevel() on ptolemy.moml.MoMLSimpleApplication@62656f37
reloadAllAccessors: .PublisherSubscriber10InitialOutputs

===========================================================================================
----------------- testing Tue Sep 25 02:13:18 UTC 2018 /home/travis/build/icyphy/ptII/ptolemy/actor/lib/test/auto/PublisherSubscriber11.xml
----------------- Instantiating /home/travis/build/icyphy/ptII/ptolemy/actor/lib/test/auto/PublisherSubscriber11.xml
2 ms. Memory: 1765888K Free: 1356116K (77%)
----------------- Invoking toplevel() on ptolemy.moml.MoMLSimpleApplication@1221cd8a
----------------- Done invoking toplevel() on ptolemy.moml.MoMLSimpleApplication@1221cd8a
reloadAllAccessors: .PublisherSubscriber11

===========================================================================================
----------------- testing Tue Sep 25 02:13:18 UTC 2018 /home/travis/build/icyphy/ptII/ptolemy/actor/lib/test/auto/PublisherSubscriber12.xml
----------------- Instantiating /home/travis/build/icyphy/ptII/ptolemy/actor/lib/test/auto/PublisherSubscriber12.xml
2 ms. Memory: 1765888K Free: 1326794K (75%)
----------------- Invoking toplevel() on ptolemy.moml.MoMLSimpleApplication@4ce171a9
----------------- Done invoking toplevel() on ptolemy.moml.MoMLSimpleApplication@4ce171a9
reloadAllAccessors: .PublisherSubscriber12

===========================================================================================
----------------- testing Tue Sep 25 02:13:18 UTC 2018 /home/travis/build/icyphy/ptII/ptolemy/actor/lib/test/auto/PublisherSubscriber13.xml
----------------- Instantiating /home/travis/build/icyphy/ptII/ptolemy/actor/lib/test/auto/PublisherSubscriber13.xml
2 ms. Memory: 1765888K Free: 1304805K (74%)
----------------- Invoking toplevel() on ptolemy.moml.MoMLSimpleApplication@7d6cf272
----------------- Done invoking toplevel() on ptolemy.moml.MoMLSimpleApplication@7d6cf272
reloadAllAccessors: .PublisherSubscriber13

===========================================================================================
----------------- testing Tue Sep 25 02:13:18 UTC 2018 /home/travis/build/icyphy/ptII/ptolemy/actor/lib/test/auto/PublisherSubscriber14.xml
----------------- Instantiating /home/travis/build/icyphy/ptII/ptolemy/actor/lib/test/auto/PublisherSubscriber14.xml
2 ms. Memory: 1765888K Free: 1282817K (73%)
----------------- Invoking toplevel() on ptolemy.moml.MoMLSimpleApplication@796b96c
----------------- Done invoking toplevel() on ptolemy.moml.MoMLSimpleApplication@796b96c
reloadAllAccessors: .PublisherSubscriber14

===========================================================================================
----------------- testing Tue Sep 25 02:13:18 UTC 2018 /home/travis/build/icyphy/ptII/ptolemy/actor/lib/test/auto/PublisherSubscriber2.xml
----------------- Instantiating /home/travis/build/icyphy/ptII/ptolemy/actor/lib/test/auto/PublisherSubscriber2.xml
2 ms. Memory: 1765888K Free: 1253495K (71%)
----------------- Invoking toplevel() on ptolemy.moml.MoMLSimpleApplication@7def631c
----------------- Done invoking toplevel() on ptolemy.moml.MoMLSimpleApplication@7def631c
reloadAllAccessors: .PublisherSubscriber2

===========================================================================================
----------------- testing Tue Sep 25 02:13:18 UTC 2018 /home/travis/build/icyphy/ptII/ptolemy/actor/lib/test/auto/PublisherSubscriber3.xml
----------------- Instantiating /home/travis/build/icyphy/ptII/ptolemy/actor/lib/test/auto/PublisherSubscriber3.xml
1 ms. Memory: 1765888K Free: 1231506K (70%)
----------------- Invoking toplevel() on ptolemy.moml.MoMLSimpleApplication@72e3cee1
----------------- Done invoking toplevel() on ptolemy.moml.MoMLSimpleApplication@72e3cee1
reloadAllAccessors: .PublisherSubscriber3

===========================================================================================
----------------- testing Tue Sep 25 02:13:18 UTC 2018 /home/travis/build/icyphy/ptII/ptolemy/actor/lib/test/auto/PublisherSubscriber4.xml
----------------- Instantiating /home/travis/build/icyphy/ptII/ptolemy/actor/lib/test/auto/PublisherSubscriber4.xml
1 ms. Memory: 1765888K Free: 1209518K (68%)
----------------- Invoking toplevel() on ptolemy.moml.MoMLSimpleApplication@13a3b1b9
----------------- Done invoking toplevel() on ptolemy.moml.MoMLSimpleApplication@13a3b1b9
reloadAllAccessors: .PublisherSubscriber4

===========================================================================================
----------------- testing Tue Sep 25 02:13:18 UTC 2018 /home/travis/build/icyphy/ptII/ptolemy/actor/lib/test/auto/PublisherSubscriber5.xml
----------------- Instantiating /home/travis/build/icyphy/ptII/ptolemy/actor/lib/test/auto/PublisherSubscriber5.xml
2 ms. Memory: 1765888K Free: 1180196K (67%)
----------------- Invoking toplevel() on ptolemy.moml.MoMLSimpleApplication@2c948eac
----------------- Done invoking toplevel() on ptolemy.moml.MoMLSimpleApplication@2c948eac
reloadAllAccessors: .PublisherSubscriber5

===========================================================================================
----------------- testing Tue Sep 25 02:13:18 UTC 2018 /home/travis/build/icyphy/ptII/ptolemy/actor/lib/test/auto/PublisherSubscriber6.xml
----------------- Instantiating /home/travis/build/icyphy/ptII/ptolemy/actor/lib/test/auto/PublisherSubscriber6.xml
2 ms. Memory: 1765888K Free: 1158208K (66%)
----------------- Invoking toplevel() on ptolemy.moml.MoMLSimpleApplication@2059e292
----------------- Done invoking toplevel() on ptolemy.moml.MoMLSimpleApplication@2059e292
reloadAllAccessors: .PublisherSubscriber6

===========================================================================================
----------------- testing Tue Sep 25 02:13:18 UTC 2018 /home/travis/build/icyphy/ptII/ptolemy/actor/lib/test/auto/PublisherSubscriber7.xml
----------------- Instantiating /home/travis/build/icyphy/ptII/ptolemy/actor/lib/test/auto/PublisherSubscriber7.xml
2 ms. Memory: 1765888K Free: 1136219K (64%)
----------------- Invoking toplevel() on ptolemy.moml.MoMLSimpleApplication@6e0fdcdb
----------------- Done invoking toplevel() on ptolemy.moml.MoMLSimpleApplication@6e0fdcdb
reloadAllAccessors: .PublisherSubscriber7

===========================================================================================
----------------- testing Tue Sep 25 02:13:18 UTC 2018 /home/travis/build/icyphy/ptII/ptolemy/actor/lib/test/auto/PublisherSubscriber8.xml
----------------- Instantiating /home/travis/build/icyphy/ptII/ptolemy/actor/lib/test/auto/PublisherSubscriber8.xml
11 ms. Memory: 1765888K Free: 996953K (56%)
----------------- Invoking toplevel() on ptolemy.moml.MoMLSimpleApplication@54a6b61b
----------------- Done invoking toplevel() on ptolemy.moml.MoMLSimpleApplication@54a6b61b
reloadAllAccessors: .PublisherSubscriber8

===========================================================================================
----------------- testing Tue Sep 25 02:13:18 UTC 2018 /home/travis/build/icyphy/ptII/ptolemy/actor/lib/test/auto/PublisherSubscriber9.xml
----------------- Instantiating /home/travis/build/icyphy/ptII/ptolemy/actor/lib/test/auto/PublisherSubscriber9.xml
3 ms. Memory: 1765888K Free: 974965K (55%)
----------------- Invoking toplevel() on ptolemy.moml.MoMLSimpleApplication@4d78353d
----------------- Done invoking toplevel() on ptolemy.moml.MoMLSimpleApplication@4d78353d
reloadAllAccessors: .PublisherSubscriber9

===========================================================================================
----------------- testing Tue Sep 25 02:13:18 UTC 2018 /home/travis/build/icyphy/ptII/ptolemy/actor/lib/test/auto/PublisherSubscriberAdjacent.xml
----------------- Instantiating /home/travis/build/icyphy/ptII/ptolemy/actor/lib/test/auto/PublisherSubscriberAdjacent.xml
1 ms. Memory: 1765888K Free: 952976K (54%)
----------------- Invoking toplevel() on ptolemy.moml.MoMLSimpleApplication@27ea143
----------------- Done invoking toplevel() on ptolemy.moml.MoMLSimpleApplication@27ea143
reloadAllAccessors: .PublisherSubscriberAdjacent

===========================================================================================
----------------- testing Tue Sep 25 02:13:19 UTC 2018 /home/travis/build/icyphy/ptII/ptolemy/actor/lib/test/auto/PublisherSubscriberChannelVariablesAOC2.xml
----------------- Instantiating /home/travis/build/icyphy/ptII/ptolemy/actor/lib/test/auto/PublisherSubscriberChannelVariablesAOC2.xml
2 ms. Memory: 1765888K Free: 912644K (52%)
----------------- Invoking toplevel() on ptolemy.moml.MoMLSimpleApplication@405691f4
----------------- Done invoking toplevel() on ptolemy.moml.MoMLSimpleApplication@405691f4
reloadAllAccessors: .PublisherSubscriberChannelVariablesAOC2

===========================================================================================
----------------- testing Tue Sep 25 02:13:19 UTC 2018 /home/travis/build/icyphy/ptII/ptolemy/actor/lib/test/auto/PublisherSubscriberD3.xml
----------------- Instantiating /home/travis/build/icyphy/ptII/ptolemy/actor/lib/test/auto/PublisherSubscriberD3.xml
2 ms. Memory: 1765888K Free: 890655K (50%)
----------------- Invoking toplevel() on ptolemy.moml.MoMLSimpleApplication@7a6da94d
----------------- Done invoking toplevel() on ptolemy.moml.MoMLSimpleApplication@7a6da94d
reloadAllAccessors: .PublisherSubscriberD3

===========================================================================================
----------------- testing Tue Sep 25 02:13:19 UTC 2018 /home/travis/build/icyphy/ptII/ptolemy/actor/lib/test/auto/PublisherSubscriberD3Reverse.xml
----------------- Instantiating /home/travis/build/icyphy/ptII/ptolemy/actor/lib/test/auto/PublisherSubscriberD3Reverse.xml
1 ms. Memory: 1765888K Free: 861334K (49%)
----------------- Invoking toplevel() on ptolemy.moml.MoMLSimpleApplication@65547804
----------------- Done invoking toplevel() on ptolemy.moml.MoMLSimpleApplication@65547804
reloadAllAccessors: .PublisherSubscriberD3Reverse

===========================================================================================
----------------- testing Tue Sep 25 02:13:19 UTC 2018 /home/travis/build/icyphy/ptII/ptolemy/actor/lib/test/auto/PublisherSubscriberExpression.xml
----------------- Instantiating /home/travis/build/icyphy/ptII/ptolemy/actor/lib/test/auto/PublisherSubscriberExpression.xml
3 ms. Memory: 1765888K Free: 839345K (48%)
----------------- Invoking toplevel() on ptolemy.moml.MoMLSimpleApplication@550228e9
----------------- Done invoking toplevel() on ptolemy.moml.MoMLSimpleApplication@550228e9
reloadAllAccessors: .PublisherSubscriberExpression

===========================================================================================
----------------- testing Tue Sep 25 02:13:19 UTC 2018 /home/travis/build/icyphy/ptII/ptolemy/actor/lib/test/auto/PublisherSubscriberOpaque.xml
----------------- Instantiating /home/travis/build/icyphy/ptII/ptolemy/actor/lib/test/auto/PublisherSubscriberOpaque.xml
3 ms. Memory: 1765888K Free: 817357K (46%)
----------------- Invoking toplevel() on ptolemy.moml.MoMLSimpleApplication@7775fdfd
----------------- Done invoking toplevel() on ptolemy.moml.MoMLSimpleApplication@7775fdfd
reloadAllAccessors: .PublisherSubscriberOpaque

===========================================================================================
----------------- testing Tue Sep 25 02:13:19 UTC 2018 /home/travis/build/icyphy/ptII/ptolemy/actor/lib/test/auto/PublisherSubscriberOpaqueD3.xml
----------------- Instantiating /home/travis/build/icyphy/ptII/ptolemy/actor/lib/test/auto/PublisherSubscriberOpaqueD3.xml
5 ms. Memory: 1765888K Free: 788035K (45%)
----------------- Invoking toplevel() on ptolemy.moml.MoMLSimpleApplication@46ec2392
----------------- Done invoking toplevel() on ptolemy.moml.MoMLSimpleApplication@46ec2392
reloadAllAccessors: .PublisherSubscriberOpaqueD3

===========================================================================================
----------------- testing Tue Sep 25 02:13:19 UTC 2018 /home/travis/build/icyphy/ptII/ptolemy/actor/lib/test/auto/PublisherSubscriberOpaqueD3Reverse.xml
----------------- Instantiating /home/travis/build/icyphy/ptII/ptolemy/actor/lib/test/auto/PublisherSubscriberOpaqueD3Reverse.xml
5 ms. Memory: 1765888K Free: 766046K (43%)
----------------- Invoking toplevel() on ptolemy.moml.MoMLSimpleApplication@47a1e2bf
----------------- Done invoking toplevel() on ptolemy.moml.MoMLSimpleApplication@47a1e2bf
reloadAllAccessors: .PublisherSubscriberOpaqueD3Reverse

===========================================================================================
----------------- testing Tue Sep 25 02:13:19 UTC 2018 /home/travis/build/icyphy/ptII/ptolemy/actor/lib/test/auto/PublisherSubscriberOpaqueWidthInference.xml
----------------- Instantiating /home/travis/build/icyphy/ptII/ptolemy/actor/lib/test/auto/PublisherSubscriberOpaqueWidthInference.xml
4 ms. Memory: 1765888K Free: 744058K (42%)
----------------- Invoking toplevel() on ptolemy.moml.MoMLSimpleApplication@1d8a4ab3
----------------- Done invoking toplevel() on ptolemy.moml.MoMLSimpleApplication@1d8a4ab3
reloadAllAccessors: .PublisherSubscriberOpaqueWidthInference

===========================================================================================
----------------- testing Tue Sep 25 02:13:19 UTC 2018 /home/travis/build/icyphy/ptII/ptolemy/actor/lib/test/auto/PublisherTestSubscriber.xml
----------------- Instantiating /home/travis/build/icyphy/ptII/ptolemy/actor/lib/test/auto/PublisherTestSubscriber.xml
2 ms. Memory: 1765888K Free: 714736K (40%)
----------------- Invoking toplevel() on ptolemy.moml.MoMLSimpleApplication@567ef2da
----------------- Done invoking toplevel() on ptolemy.moml.MoMLSimpleApplication@567ef2da
reloadAllAccessors: .PublisherTestSubscriber

===========================================================================================
----------------- testing Tue Sep 25 02:13:19 UTC 2018 /home/travis/build/icyphy/ptII/ptolemy/actor/lib/test/auto/PublisherToplevelSubscriberPortAOC.xml
----------------- Instantiating /home/travis/build/icyphy/ptII/ptolemy/actor/lib/test/auto/PublisherToplevelSubscriberPortAOC.xml
1 ms. Memory: 1765888K Free: 692748K (39%)
----------------- Invoking toplevel() on ptolemy.moml.MoMLSimpleApplication@441c2f67
----------------- Done invoking toplevel() on ptolemy.moml.MoMLSimpleApplication@441c2f67
reloadAllAccessors: .PublisherToplevelSubscriberPortAOC

===========================================================================================
----------------- testing Tue Sep 25 02:13:19 UTC 2018 /home/travis/build/icyphy/ptII/ptolemy/actor/lib/test/auto/PulseFiringLimitDE.xml
----------------- Instantiating /home/travis/build/icyphy/ptII/ptolemy/actor/lib/test/auto/PulseFiringLimitDE.xml
2 ms. Memory: 1765888K Free: 670759K (38%)
----------------- Invoking toplevel() on ptolemy.moml.MoMLSimpleApplication@6c6e7872
----------------- Done invoking toplevel() on ptolemy.moml.MoMLSimpleApplication@6c6e7872
reloadAllAccessors: .PulseFiringLimitDE

===========================================================================================
----------------- testing Tue Sep 25 02:13:19 UTC 2018 /home/travis/build/icyphy/ptII/ptolemy/actor/lib/test/auto/Ramp1.xml
----------------- Instantiating /home/travis/build/icyphy/ptII/ptolemy/actor/lib/test/auto/Ramp1.xml
1 ms. Memory: 1765888K Free: 641437K (36%)
----------------- Invoking toplevel() on ptolemy.moml.MoMLSimpleApplication@17607305
----------------- Done invoking toplevel() on ptolemy.moml.MoMLSimpleApplication@17607305
reloadAllAccessors: .Ramp1

===========================================================================================
----------------- testing Tue Sep 25 02:13:19 UTC 2018 /home/travis/build/icyphy/ptII/ptolemy/actor/lib/test/auto/RampFiringLimitDE.xml
----------------- Instantiating /home/travis/build/icyphy/ptII/ptolemy/actor/lib/test/auto/RampFiringLimitDE.xml
2 ms. Memory: 1765888K Free: 619449K (35%)
----------------- Invoking toplevel() on ptolemy.moml.MoMLSimpleApplication@6a2e5f2d
----------------- Done invoking toplevel() on ptolemy.moml.MoMLSimpleApplication@6a2e5f2d
reloadAllAccessors: .RampFiringLimitDE

===========================================================================================
----------------- testing Tue Sep 25 02:13:19 UTC 2018 /home/travis/build/icyphy/ptII/ptolemy/actor/lib/test/auto/RampFiringLimitSDF.xml
----------------- Instantiating /home/travis/build/icyphy/ptII/ptolemy/actor/lib/test/auto/RampFiringLimitSDF.xml
2 ms. Memory: 1765888K Free: 597460K (34%)
----------------- Invoking toplevel() on ptolemy.moml.MoMLSimpleApplication@43d28826
----------------- Done invoking toplevel() on ptolemy.moml.MoMLSimpleApplication@43d28826
reloadAllAccessors: .RampFiringLimitSDF

===========================================================================================
----------------- testing Tue Sep 25 02:13:19 UTC 2018 /home/travis/build/icyphy/ptII/ptolemy/actor/lib/test/auto/RandomInteger.xml
----------------- Instantiating /home/travis/build/icyphy/ptII/ptolemy/actor/lib/test/auto/RandomInteger.xml
2 ms. Memory: 1765888K Free: 568138K (32%)
----------------- Invoking toplevel() on ptolemy.moml.MoMLSimpleApplication@3fe634bc
----------------- Done invoking toplevel() on ptolemy.moml.MoMLSimpleApplication@3fe634bc
reloadAllAccessors: .RandomInteger

===========================================================================================
----------------- testing Tue Sep 25 02:13:19 UTC 2018 /home/travis/build/icyphy/ptII/ptolemy/actor/lib/test/auto/ReadFile1.xml
----------------- Instantiating /home/travis/build/icyphy/ptII/ptolemy/actor/lib/test/auto/ReadFile1.xml
1 ms. Memory: 1765888K Free: 546150K (31%)
----------------- Invoking toplevel() on ptolemy.moml.MoMLSimpleApplication@21916c1b
----------------- Done invoking toplevel() on ptolemy.moml.MoMLSimpleApplication@21916c1b
reloadAllAccessors: .ReadFile1

===========================================================================================
----------------- testing Tue Sep 25 02:13:19 UTC 2018 /home/travis/build/icyphy/ptII/ptolemy/actor/lib/test/auto/ReadFile2.xml
----------------- Instantiating /home/travis/build/icyphy/ptII/ptolemy/actor/lib/test/auto/ReadFile2.xml
0 ms. Memory: 1765888K Free: 524161K (30%)
----------------- Invoking toplevel() on ptolemy.moml.MoMLSimpleApplication@5fcef69c
----------------- Done invoking toplevel() on ptolemy.moml.MoMLSimpleApplication@5fcef69c
reloadAllAccessors: .ReadFile2

===========================================================================================
----------------- testing Tue Sep 25 02:13:19 UTC 2018 /home/travis/build/icyphy/ptII/ptolemy/actor/lib/test/auto/Reader.xml
----------------- Instantiating /home/travis/build/icyphy/ptII/ptolemy/actor/lib/test/auto/Reader.xml
actor.lib.Reader is obsolete, use actor.lib.io.ExpressionReader instead
2 ms. Memory: 1765888K Free: 494839K (28%)
----------------- Invoking toplevel() on ptolemy.moml.MoMLSimpleApplication@62e81c88
----------------- Done invoking toplevel() on ptolemy.moml.MoMLSimpleApplication@62e81c88
reloadAllAccessors: .Reader

===========================================================================================
----------------- testing Tue Sep 25 02:13:19 UTC 2018 /home/travis/build/icyphy/ptII/ptolemy/actor/lib/test/auto/RecordAssemblerDisplayNameTest.xml
----------------- Instantiating /home/travis/build/icyphy/ptII/ptolemy/actor/lib/test/auto/RecordAssemblerDisplayNameTest.xml
2898 ms. Memory: 1781760K Free: 870897K (49%)
----------------- Invoking toplevel() on ptolemy.moml.MoMLSimpleApplication@3c05ef5b
----------------- Done invoking toplevel() on ptolemy.moml.MoMLSimpleApplication@3c05ef5b
reloadAllAccessors: .RecordAssemblerDisplayNameTest

===========================================================================================
----------------- testing Tue Sep 25 02:13:22 UTC 2018 /home/travis/build/icyphy/ptII/ptolemy/actor/lib/test/auto/RecordAssemblerTypeError.xml
----------------- Instantiating /home/travis/build/icyphy/ptII/ptolemy/actor/lib/test/auto/RecordAssemblerTypeError.xml
7 ms. Memory: 1781760K Free: 834683K (47%)
----------------- Invoking toplevel() on ptolemy.moml.MoMLSimpleApplication@6f4c39eb
----------------- Done invoking toplevel() on ptolemy.moml.MoMLSimpleApplication@6f4c39eb
reloadAllAccessors: .RecordAssemblerTypeError

===========================================================================================
----------------- testing Tue Sep 25 02:13:22 UTC 2018 /home/travis/build/icyphy/ptII/ptolemy/actor/lib/test/auto/RecordDisassember.xml
----------------- Instantiating /home/travis/build/icyphy/ptII/ptolemy/actor/lib/test/auto/RecordDisassember.xml
2 ms. Memory: 1781760K Free: 817907K (46%)
----------------- Invoking toplevel() on ptolemy.moml.MoMLSimpleApplication@14b66cee
----------------- Done invoking toplevel() on ptolemy.moml.MoMLSimpleApplication@14b66cee
reloadAllAccessors: .RecordDisassember

===========================================================================================
----------------- testing Tue Sep 25 02:13:22 UTC 2018 /home/travis/build/icyphy/ptII/ptolemy/actor/lib/test/auto/RecordDisassemberDisplayNameTest.xml
----------------- Instantiating /home/travis/build/icyphy/ptII/ptolemy/actor/lib/test/auto/RecordDisassemberDisplayNameTest.xml
7 ms. Memory: 1781760K Free: 795602K (45%)
----------------- Invoking toplevel() on ptolemy.moml.MoMLSimpleApplication@756862d8
----------------- Done invoking toplevel() on ptolemy.moml.MoMLSimpleApplication@756862d8
reloadAllAccessors: .RecordDisassemberDisplayNameTest

===========================================================================================
----------------- testing Tue Sep 25 02:13:22 UTC 2018 /home/travis/build/icyphy/ptII/ptolemy/actor/lib/test/auto/RecordDisassembler.xml
----------------- Instantiating /home/travis/build/icyphy/ptII/ptolemy/actor/lib/test/auto/RecordDisassembler.xml
3 ms. Memory: 1781760K Free: 778921K (44%)
----------------- Invoking toplevel() on ptolemy.moml.MoMLSimpleApplication@41e8de5
----------------- Done invoking toplevel() on ptolemy.moml.MoMLSimpleApplication@41e8de5
reloadAllAccessors: .RecordDisassembler

===========================================================================================
----------------- testing Tue Sep 25 02:13:22 UTC 2018 /home/travis/build/icyphy/ptII/ptolemy/actor/lib/test/auto/RecordDisassembler2.xml
----------------- Instantiating /home/travis/build/icyphy/ptII/ptolemy/actor/lib/test/auto/RecordDisassembler2.xml
2 ms. Memory: 1781760K Free: 756616K (42%)
----------------- Invoking toplevel() on ptolemy.moml.MoMLSimpleApplication@64074afb
----------------- Done invoking toplevel() on ptolemy.moml.MoMLSimpleApplication@64074afb
reloadAllAccessors: .RecordDisassembler2

===========================================================================================
----------------- testing Tue Sep 25 02:13:22 UTC 2018 /home/travis/build/icyphy/ptII/ptolemy/actor/lib/test/auto/RecordUpdater.xml
----------------- Instantiating /home/travis/build/icyphy/ptII/ptolemy/actor/lib/test/auto/RecordUpdater.xml
2 ms. Memory: 1781760K Free: 739936K (42%)
----------------- Invoking toplevel() on ptolemy.moml.MoMLSimpleApplication@5103f776
----------------- Done invoking toplevel() on ptolemy.moml.MoMLSimpleApplication@5103f776
reloadAllAccessors: .RecordUpdater

===========================================================================================
----------------- testing Tue Sep 25 02:13:22 UTC 2018 /home/travis/build/icyphy/ptII/ptolemy/actor/lib/test/auto/RecordUpdater2.xml
----------------- Instantiating /home/travis/build/icyphy/ptII/ptolemy/actor/lib/test/auto/RecordUpdater2.xml
1 ms. Memory: 1781760K Free: 717631K (40%)
----------------- Invoking toplevel() on ptolemy.moml.MoMLSimpleApplication@7a2188e1
----------------- Done invoking toplevel() on ptolemy.moml.MoMLSimpleApplication@7a2188e1
reloadAllAccessors: .RecordUpdater2

===========================================================================================
----------------- testing Tue Sep 25 02:13:22 UTC 2018 /home/travis/build/icyphy/ptII/ptolemy/actor/lib/test/auto/RecursiveLattice.xml
----------------- Instantiating /home/travis/build/icyphy/ptII/ptolemy/actor/lib/test/auto/RecursiveLattice.xml
1 ms. Memory: 1781760K Free: 700950K (39%)
----------------- Invoking toplevel() on ptolemy.moml.MoMLSimpleApplication@44c99db
----------------- Done invoking toplevel() on ptolemy.moml.MoMLSimpleApplication@44c99db
reloadAllAccessors: .RecursiveLattice

===========================================================================================
----------------- testing Tue Sep 25 02:13:22 UTC 2018 /home/travis/build/icyphy/ptII/ptolemy/actor/lib/test/auto/Router.xml
----------------- Instantiating /home/travis/build/icyphy/ptII/ptolemy/actor/lib/test/auto/Router.xml
3011 ms. Memory: 1781760K Free: 678645K (38%)
----------------- Invoking toplevel() on ptolemy.moml.MoMLSimpleApplication@1976f4f7
----------------- Done invoking toplevel() on ptolemy.moml.MoMLSimpleApplication@1976f4f7
reloadAllAccessors: .Router

===========================================================================================
----------------- testing Tue Sep 25 02:13:25 UTC 2018 /home/travis/build/icyphy/ptII/ptolemy/actor/lib/test/auto/Router2.xml
----------------- Instantiating /home/travis/build/icyphy/ptII/ptolemy/actor/lib/test/auto/Router2.xml
3003 ms. Memory: 1781760K Free: 661964K (37%)
----------------- Invoking toplevel() on ptolemy.moml.MoMLSimpleApplication@4cc08c69
----------------- Done invoking toplevel() on ptolemy.moml.MoMLSimpleApplication@4cc08c69
reloadAllAccessors: .Router2

===========================================================================================
----------------- testing Tue Sep 25 02:13:28 UTC 2018 /home/travis/build/icyphy/ptII/ptolemy/actor/lib/test/auto/RunningMaximum.xml
----------------- Instantiating /home/travis/build/icyphy/ptII/ptolemy/actor/lib/test/auto/RunningMaximum.xml
2 ms. Memory: 1781760K Free: 639659K (36%)
----------------- Invoking toplevel() on ptolemy.moml.MoMLSimpleApplication@3b72a122
----------------- Done invoking toplevel() on ptolemy.moml.MoMLSimpleApplication@3b72a122
reloadAllAccessors: .RunningMaximum

===========================================================================================
----------------- testing Tue Sep 25 02:13:28 UTC 2018 /home/travis/build/icyphy/ptII/ptolemy/actor/lib/test/auto/RunningMinimum.xml
----------------- Instantiating /home/travis/build/icyphy/ptII/ptolemy/actor/lib/test/auto/RunningMinimum.xml
2 ms. Memory: 1781760K Free: 622978K (35%)
----------------- Invoking toplevel() on ptolemy.moml.MoMLSimpleApplication@59ddfe81
----------------- Done invoking toplevel() on ptolemy.moml.MoMLSimpleApplication@59ddfe81
reloadAllAccessors: .RunningMinimum

===========================================================================================
----------------- testing Tue Sep 25 02:13:28 UTC 2018 /home/travis/build/icyphy/ptII/ptolemy/actor/lib/test/auto/Scale.xml
----------------- Instantiating /home/travis/build/icyphy/ptII/ptolemy/actor/lib/test/auto/Scale.xml
2 ms. Memory: 1781760K Free: 606297K (34%)
----------------- Invoking toplevel() on ptolemy.moml.MoMLSimpleApplication@3ec37dd1
----------------- Done invoking toplevel() on ptolemy.moml.MoMLSimpleApplication@3ec37dd1
reloadAllAccessors: .Scale

===========================================================================================
----------------- testing Tue Sep 25 02:13:28 UTC 2018 /home/travis/build/icyphy/ptII/ptolemy/actor/lib/test/auto/Scale2.xml
----------------- Instantiating /home/travis/build/icyphy/ptII/ptolemy/actor/lib/test/auto/Scale2.xml
2 ms. Memory: 1781760K Free: 583993K (33%)
----------------- Invoking toplevel() on ptolemy.moml.MoMLSimpleApplication@5cda37f
----------------- Done invoking toplevel() on ptolemy.moml.MoMLSimpleApplication@5cda37f
reloadAllAccessors: .Scale2

===========================================================================================
----------------- testing Tue Sep 25 02:13:28 UTC 2018 /home/travis/build/icyphy/ptII/ptolemy/actor/lib/test/auto/Scale3.xml
----------------- Instantiating /home/travis/build/icyphy/ptII/ptolemy/actor/lib/test/auto/Scale3.xml
3 ms. Memory: 1781760K Free: 567312K (32%)
----------------- Invoking toplevel() on ptolemy.moml.MoMLSimpleApplication@4829295c
----------------- Done invoking toplevel() on ptolemy.moml.MoMLSimpleApplication@4829295c
reloadAllAccessors: .Scale3

===========================================================================================
----------------- testing Tue Sep 25 02:13:28 UTC 2018 /home/travis/build/icyphy/ptII/ptolemy/actor/lib/test/auto/ScaleArray.xml
----------------- Instantiating /home/travis/build/icyphy/ptII/ptolemy/actor/lib/test/auto/ScaleArray.xml
2 ms. Memory: 1781760K Free: 545007K (31%)
----------------- Invoking toplevel() on ptolemy.moml.MoMLSimpleApplication@6c073d6b
----------------- Done invoking toplevel() on ptolemy.moml.MoMLSimpleApplication@6c073d6b
reloadAllAccessors: .ScaleArray

===========================================================================================
----------------- testing Tue Sep 25 02:13:28 UTC 2018 /home/travis/build/icyphy/ptII/ptolemy/actor/lib/test/auto/ScaleArray2.xml
----------------- Instantiating /home/travis/build/icyphy/ptII/ptolemy/actor/lib/test/auto/ScaleArray2.xml
1 ms. Memory: 1781760K Free: 528326K (30%)
----------------- Invoking toplevel() on ptolemy.moml.MoMLSimpleApplication@3fd4658b
----------------- Done invoking toplevel() on ptolemy.moml.MoMLSimpleApplication@3fd4658b
reloadAllAccessors: .ScaleArray2

===========================================================================================
----------------- testing Tue Sep 25 02:13:28 UTC 2018 /home/travis/build/icyphy/ptII/ptolemy/actor/lib/test/auto/ScaleMatrix.xml
----------------- Instantiating /home/travis/build/icyphy/ptII/ptolemy/actor/lib/test/auto/ScaleMatrix.xml
95 ms. Memory: 1781760K Free: 497681K (28%)
----------------- Invoking toplevel() on ptolemy.moml.MoMLSimpleApplication@55365425
----------------- Done invoking toplevel() on ptolemy.moml.MoMLSimpleApplication@55365425
reloadAllAccessors: .ScaleMatrix

===========================================================================================
----------------- testing Tue Sep 25 02:13:28 UTC 2018 /home/travis/build/icyphy/ptII/ptolemy/actor/lib/test/auto/Select.xml
----------------- Instantiating /home/travis/build/icyphy/ptII/ptolemy/actor/lib/test/auto/Select.xml
2 ms. Memory: 1781760K Free: 481000K (27%)
----------------- Invoking toplevel() on ptolemy.moml.MoMLSimpleApplication@b7b09b1
----------------- Done invoking toplevel() on ptolemy.moml.MoMLSimpleApplication@b7b09b1
reloadAllAccessors: .Select

===========================================================================================
----------------- testing Tue Sep 25 02:13:28 UTC 2018 /home/travis/build/icyphy/ptII/ptolemy/actor/lib/test/auto/Select2.xml
----------------- Instantiating /home/travis/build/icyphy/ptII/ptolemy/actor/lib/test/auto/Select2.xml
1 ms. Memory: 1781760K Free: 458695K (26%)
----------------- Invoking toplevel() on ptolemy.moml.MoMLSimpleApplication@7ba40239
----------------- Done invoking toplevel() on ptolemy.moml.MoMLSimpleApplication@7ba40239
reloadAllAccessors: .Select2

===========================================================================================
----------------- testing Tue Sep 25 02:13:28 UTC 2018 /home/travis/build/icyphy/ptII/ptolemy/actor/lib/test/auto/SequenceToArray2.xml
----------------- Instantiating /home/travis/build/icyphy/ptII/ptolemy/actor/lib/test/auto/SequenceToArray2.xml
85 ms. Memory: 1781760K Free: 358601K (20%)
----------------- Invoking toplevel() on ptolemy.moml.MoMLSimpleApplication@7c6a059
----------------- Done invoking toplevel() on ptolemy.moml.MoMLSimpleApplication@7c6a059
reloadAllAccessors: .SequenceToArray2

===========================================================================================
----------------- testing Tue Sep 25 02:13:28 UTC 2018 /home/travis/build/icyphy/ptII/ptolemy/actor/lib/test/auto/SequentialClock.xml
----------------- Instantiating /home/travis/build/icyphy/ptII/ptolemy/actor/lib/test/auto/SequentialClock.xml
1 ms. Memory: 1781760K Free: 336296K (19%)
----------------- Invoking toplevel() on ptolemy.moml.MoMLSimpleApplication@1f128d69
----------------- Done invoking toplevel() on ptolemy.moml.MoMLSimpleApplication@1f128d69
reloadAllAccessors: .SequentialClock

===========================================================================================
----------------- testing Tue Sep 25 02:13:28 UTC 2018 /home/travis/build/icyphy/ptII/ptolemy/actor/lib/test/auto/SetVariable.xml
----------------- Instantiating /home/travis/build/icyphy/ptII/ptolemy/actor/lib/test/auto/SetVariable.xml
3 ms. Memory: 1781760K Free: 319615K (18%)
----------------- Invoking toplevel() on ptolemy.moml.MoMLSimpleApplication@6219f198
----------------- Done invoking toplevel() on ptolemy.moml.MoMLSimpleApplication@6219f198
reloadAllAccessors: .SetVariable

===========================================================================================
----------------- testing Tue Sep 25 02:13:28 UTC 2018 /home/travis/build/icyphy/ptII/ptolemy/actor/lib/test/auto/SetVariable2.xml
----------------- Instantiating /home/travis/build/icyphy/ptII/ptolemy/actor/lib/test/auto/SetVariable2.xml
4 ms. Memory: 1781760K Free: 302934K (17%)
----------------- Invoking toplevel() on ptolemy.moml.MoMLSimpleApplication@7d109792
----------------- Done invoking toplevel() on ptolemy.moml.MoMLSimpleApplication@7d109792
reloadAllAccessors: .SetVariable2

===========================================================================================
----------------- testing Tue Sep 25 02:13:28 UTC 2018 /home/travis/build/icyphy/ptII/ptolemy/actor/lib/test/auto/SetVariable3.xml
----------------- Instantiating /home/travis/build/icyphy/ptII/ptolemy/actor/lib/test/auto/SetVariable3.xml
8 ms. Memory: 1781760K Free: 280630K (16%)
----------------- Invoking toplevel() on ptolemy.moml.MoMLSimpleApplication@320c8181
----------------- Done invoking toplevel() on ptolemy.moml.MoMLSimpleApplication@320c8181
reloadAllAccessors: .SetVariable3

===========================================================================================
----------------- testing Tue Sep 25 02:13:28 UTC 2018 /home/travis/build/icyphy/ptII/ptolemy/actor/lib/test/auto/SetVariable4.xml
----------------- Instantiating /home/travis/build/icyphy/ptII/ptolemy/actor/lib/test/auto/SetVariable4.xml
13 ms. Memory: 1781760K Free: 205565K (12%)
----------------- Invoking toplevel() on ptolemy.moml.MoMLSimpleApplication@1bb4af37
----------------- Done invoking toplevel() on ptolemy.moml.MoMLSimpleApplication@1bb4af37
reloadAllAccessors: .SetVariable4

===========================================================================================
----------------- testing Tue Sep 25 02:13:28 UTC 2018 /home/travis/build/icyphy/ptII/ptolemy/actor/lib/test/auto/SetVariable5.xml
----------------- Instantiating /home/travis/build/icyphy/ptII/ptolemy/actor/lib/test/auto/SetVariable5.xml
14 ms. Memory: 1781760K Free: 183260K (10%)
----------------- Invoking toplevel() on ptolemy.moml.MoMLSimpleApplication@b94ee18
----------------- Done invoking toplevel() on ptolemy.moml.MoMLSimpleApplication@b94ee18
reloadAllAccessors: .SetVariable5

===========================================================================================
----------------- testing Tue Sep 25 02:13:28 UTC 2018 /home/travis/build/icyphy/ptII/ptolemy/actor/lib/test/auto/Sinewave.xml
----------------- Instantiating /home/travis/build/icyphy/ptII/ptolemy/actor/lib/test/auto/Sinewave.xml
8 ms. Memory: 1781760K Free: 158223K (9%)
----------------- Invoking toplevel() on ptolemy.moml.MoMLSimpleApplication@5548c8b6
----------------- Done invoking toplevel() on ptolemy.moml.MoMLSimpleApplication@5548c8b6
reloadAllAccessors: .Sinewave

===========================================================================================
----------------- testing Tue Sep 25 02:13:28 UTC 2018 /home/travis/build/icyphy/ptII/ptolemy/actor/lib/test/auto/Sinewave2.xml
----------------- Instantiating /home/travis/build/icyphy/ptII/ptolemy/actor/lib/test/auto/Sinewave2.xml
4 ms. Memory: 1781760K Free: 135918K (8%)
----------------- Invoking toplevel() on ptolemy.moml.MoMLSimpleApplication@3e6d200a
----------------- Done invoking toplevel() on ptolemy.moml.MoMLSimpleApplication@3e6d200a
reloadAllAccessors: .Sinewave2

===========================================================================================
----------------- testing Tue Sep 25 02:13:29 UTC 2018 /home/travis/build/icyphy/ptII/ptolemy/actor/lib/test/auto/Sinewave3.xml
----------------- Instantiating /home/travis/build/icyphy/ptII/ptolemy/actor/lib/test/auto/Sinewave3.xml
5 ms. Memory: 1781760K Free: 119237K (7%)
----------------- Invoking toplevel() on ptolemy.moml.MoMLSimpleApplication@3a65739e
----------------- Done invoking toplevel() on ptolemy.moml.MoMLSimpleApplication@3a65739e
reloadAllAccessors: .Sinewave3

===========================================================================================
----------------- testing Tue Sep 25 02:13:29 UTC 2018 /home/travis/build/icyphy/ptII/ptolemy/actor/lib/test/auto/SingleEvent.xml
----------------- Instantiating /home/travis/build/icyphy/ptII/ptolemy/actor/lib/test/auto/SingleEvent.xml
1 ms. Memory: 1781760K Free: 96932K (5%)
----------------- Invoking toplevel() on ptolemy.moml.MoMLSimpleApplication@7f3b38f0
----------------- Done invoking toplevel() on ptolemy.moml.MoMLSimpleApplication@7f3b38f0
reloadAllAccessors: .SingleEvent

===========================================================================================
----------------- testing Tue Sep 25 02:13:29 UTC 2018 /home/travis/build/icyphy/ptII/ptolemy/actor/lib/test/auto/Sleep.xml
----------------- Instantiating /home/travis/build/icyphy/ptII/ptolemy/actor/lib/test/auto/Sleep.xml
6004 ms. Memory: 1781760K Free: 80252K (5%)
----------------- Invoking toplevel() on ptolemy.moml.MoMLSimpleApplication@64c6921f
----------------- Done invoking toplevel() on ptolemy.moml.MoMLSimpleApplication@64c6921f
reloadAllAccessors: .Sleep

===========================================================================================
----------------- testing Tue Sep 25 02:13:35 UTC 2018 /home/travis/build/icyphy/ptII/ptolemy/actor/lib/test/auto/SleepMultipleFire.xml
----------------- Instantiating /home/travis/build/icyphy/ptII/ptolemy/actor/lib/test/auto/SleepMultipleFire.xml
1005 ms. Memory: 1783296K Free: 1730745K (97%)
----------------- Invoking toplevel() on ptolemy.moml.MoMLSimpleApplication@75f776ca
----------------- Done invoking toplevel() on ptolemy.moml.MoMLSimpleApplication@75f776ca
reloadAllAccessors: .SleepMultipleFire

===========================================================================================
----------------- testing Tue Sep 25 02:13:36 UTC 2018 /home/travis/build/icyphy/ptII/ptolemy/actor/lib/test/auto/StopDE.xml
----------------- Instantiating /home/travis/build/icyphy/ptII/ptolemy/actor/lib/test/auto/StopDE.xml
1 ms. Memory: 1783296K Free: 1709786K (96%)
----------------- Invoking toplevel() on ptolemy.moml.MoMLSimpleApplication@1dcc6294
----------------- Done invoking toplevel() on ptolemy.moml.MoMLSimpleApplication@1dcc6294
reloadAllAccessors: .StopDE

===========================================================================================
----------------- testing Tue Sep 25 02:13:36 UTC 2018 /home/travis/build/icyphy/ptII/ptolemy/actor/lib/test/auto/StopSDF.xml
----------------- Instantiating /home/travis/build/icyphy/ptII/ptolemy/actor/lib/test/auto/StopSDF.xml
2 ms. Memory: 1783296K Free: 1688826K (95%)
----------------- Invoking toplevel() on ptolemy.moml.MoMLSimpleApplication@9b244ff
----------------- Done invoking toplevel() on ptolemy.moml.MoMLSimpleApplication@9b244ff
reloadAllAccessors: .StopSDF

===========================================================================================
----------------- testing Tue Sep 25 02:13:36 UTC 2018 /home/travis/build/icyphy/ptII/ptolemy/actor/lib/test/auto/StringConstant.xml
----------------- Instantiating /home/travis/build/icyphy/ptII/ptolemy/actor/lib/test/auto/StringConstant.xml
1 ms. Memory: 1783296K Free: 1672145K (94%)
----------------- Invoking toplevel() on ptolemy.moml.MoMLSimpleApplication@5e52c6b9
----------------- Done invoking toplevel() on ptolemy.moml.MoMLSimpleApplication@5e52c6b9
reloadAllAccessors: .StringConstant

===========================================================================================
----------------- testing Tue Sep 25 02:13:36 UTC 2018 /home/travis/build/icyphy/ptII/ptolemy/actor/lib/test/auto/SubscriberPortInitialValues1.xml
----------------- Instantiating /home/travis/build/icyphy/ptII/ptolemy/actor/lib/test/auto/SubscriberPortInitialValues1.xml
5 ms. Memory: 1783296K Free: 1651186K (93%)
----------------- Invoking toplevel() on ptolemy.moml.MoMLSimpleApplication@4bde67e5
----------------- Done invoking toplevel() on ptolemy.moml.MoMLSimpleApplication@4bde67e5
reloadAllAccessors: .SubscriberPortInitialValues1

===========================================================================================
----------------- testing Tue Sep 25 02:13:36 UTC 2018 /home/travis/build/icyphy/ptII/ptolemy/actor/lib/test/auto/SubscriberPortInitialValues13.xml
----------------- Instantiating /home/travis/build/icyphy/ptII/ptolemy/actor/lib/test/auto/SubscriberPortInitialValues13.xml
4 ms. Memory: 1783296K Free: 1621809K (91%)
----------------- Invoking toplevel() on ptolemy.moml.MoMLSimpleApplication@64110bf6
----------------- Done invoking toplevel() on ptolemy.moml.MoMLSimpleApplication@64110bf6
reloadAllAccessors: .SubscriberPortInitialValues13

===========================================================================================
----------------- testing Tue Sep 25 02:13:36 UTC 2018 /home/travis/build/icyphy/ptII/ptolemy/actor/lib/test/auto/SubscriberPortInitialValues14.xml
----------------- Instantiating /home/travis/build/icyphy/ptII/ptolemy/actor/lib/test/auto/SubscriberPortInitialValues14.xml
3 ms. Memory: 1783296K Free: 1605128K (90%)
----------------- Invoking toplevel() on ptolemy.moml.MoMLSimpleApplication@6d34ca86
----------------- Done invoking toplevel() on ptolemy.moml.MoMLSimpleApplication@6d34ca86
reloadAllAccessors: .SubscriberPortInitialValues14

===========================================================================================
----------------- testing Tue Sep 25 02:13:36 UTC 2018 /home/travis/build/icyphy/ptII/ptolemy/actor/lib/test/auto/SubscriberPortInitialValues2.xml
----------------- Instantiating /home/travis/build/icyphy/ptII/ptolemy/actor/lib/test/auto/SubscriberPortInitialValues2.xml
3 ms. Memory: 1783296K Free: 1584169K (89%)
----------------- Invoking toplevel() on ptolemy.moml.MoMLSimpleApplication@1c447338
----------------- Done invoking toplevel() on ptolemy.moml.MoMLSimpleApplication@1c447338
reloadAllAccessors: .SubscriberPortInitialValues2

===========================================================================================
----------------- testing Tue Sep 25 02:13:36 UTC 2018 /home/travis/build/icyphy/ptII/ptolemy/actor/lib/test/auto/SubscriberPortInitialValues3.xml
----------------- Instantiating /home/travis/build/icyphy/ptII/ptolemy/actor/lib/test/auto/SubscriberPortInitialValues3.xml
2 ms. Memory: 1783296K Free: 1567488K (88%)
----------------- Invoking toplevel() on ptolemy.moml.MoMLSimpleApplication@1a7b899b
----------------- Done invoking toplevel() on ptolemy.moml.MoMLSimpleApplication@1a7b899b
reloadAllAccessors: .SubscriberPortInitialValues3

===========================================================================================
----------------- testing Tue Sep 25 02:13:36 UTC 2018 /home/travis/build/icyphy/ptII/ptolemy/actor/lib/test/auto/SubscriptionAggregator.xml
----------------- Instantiating /home/travis/build/icyphy/ptII/ptolemy/actor/lib/test/auto/SubscriptionAggregator.xml
2 ms. Memory: 1783296K Free: 1546529K (87%)
----------------- Invoking toplevel() on ptolemy.moml.MoMLSimpleApplication@6d2ea71f
----------------- Done invoking toplevel() on ptolemy.moml.MoMLSimpleApplication@6d2ea71f
reloadAllAccessors: .SubscriptionAggregator

===========================================================================================
----------------- testing Tue Sep 25 02:13:36 UTC 2018 /home/travis/build/icyphy/ptII/ptolemy/actor/lib/test/auto/SubscriptionAggregator2.xml
----------------- Instantiating /home/travis/build/icyphy/ptII/ptolemy/actor/lib/test/auto/SubscriptionAggregator2.xml
1 ms. Memory: 1783296K Free: 1525570K (86%)
----------------- Invoking toplevel() on ptolemy.moml.MoMLSimpleApplication@54bc1843
----------------- Done invoking toplevel() on ptolemy.moml.MoMLSimpleApplication@54bc1843
reloadAllAccessors: .SubscriptionAggregator2

===========================================================================================
----------------- testing Tue Sep 25 02:13:36 UTC 2018 /home/travis/build/icyphy/ptII/ptolemy/actor/lib/test/auto/SubscriptionAggregator3.xml
----------------- Instantiating /home/travis/build/icyphy/ptII/ptolemy/actor/lib/test/auto/SubscriptionAggregator3.xml
1 ms. Memory: 1783296K Free: 1508889K (85%)
----------------- Invoking toplevel() on ptolemy.moml.MoMLSimpleApplication@79e4ed9b
----------------- Done invoking toplevel() on ptolemy.moml.MoMLSimpleApplication@79e4ed9b
reloadAllAccessors: .SubscriptionAggregator3

===========================================================================================
----------------- testing Tue Sep 25 02:13:36 UTC 2018 /home/travis/build/icyphy/ptII/ptolemy/actor/lib/test/auto/SubscriptionAggregatorMultiply.xml
----------------- Instantiating /home/travis/build/icyphy/ptII/ptolemy/actor/lib/test/auto/SubscriptionAggregatorMultiply.xml
2 ms. Memory: 1783296K Free: 1487930K (83%)
----------------- Invoking toplevel() on ptolemy.moml.MoMLSimpleApplication@20194362
----------------- Done invoking toplevel() on ptolemy.moml.MoMLSimpleApplication@20194362
reloadAllAccessors: .SubscriptionAggregatorMultiply

===========================================================================================
----------------- testing Tue Sep 25 02:13:36 UTC 2018 /home/travis/build/icyphy/ptII/ptolemy/actor/lib/test/auto/SubscriptionAggregatorPortMultiply1.xml
----------------- Instantiating /home/travis/build/icyphy/ptII/ptolemy/actor/lib/test/auto/SubscriptionAggregatorPortMultiply1.xml
2 ms. Memory: 1783296K Free: 1471249K (83%)
----------------- Invoking toplevel() on ptolemy.moml.MoMLSimpleApplication@5caa734e
----------------- Done invoking toplevel() on ptolemy.moml.MoMLSimpleApplication@5caa734e
reloadAllAccessors: .SubscriptionAggregatorPortMultiply1

===========================================================================================
----------------- testing Tue Sep 25 02:13:36 UTC 2018 /home/travis/build/icyphy/ptII/ptolemy/actor/lib/test/auto/Switch.xml
----------------- Instantiating /home/travis/build/icyphy/ptII/ptolemy/actor/lib/test/auto/Switch.xml
2 ms. Memory: 1783296K Free: 1400247K (79%)
----------------- Invoking toplevel() on ptolemy.moml.MoMLSimpleApplication@3863b9fd
----------------- Done invoking toplevel() on ptolemy.moml.MoMLSimpleApplication@3863b9fd
reloadAllAccessors: .Switch

===========================================================================================
----------------- testing Tue Sep 25 02:13:36 UTC 2018 /home/travis/build/icyphy/ptII/ptolemy/actor/lib/test/auto/Switch2.xml
----------------- Instantiating /home/travis/build/icyphy/ptII/ptolemy/actor/lib/test/auto/Switch2.xml
1 ms. Memory: 1783296K Free: 1379288K (77%)
----------------- Invoking toplevel() on ptolemy.moml.MoMLSimpleApplication@f88e2af
----------------- Done invoking toplevel() on ptolemy.moml.MoMLSimpleApplication@f88e2af
reloadAllAccessors: .Switch2

===========================================================================================
----------------- testing Tue Sep 25 02:13:36 UTC 2018 /home/travis/build/icyphy/ptII/ptolemy/actor/lib/test/auto/SwitchDE.xml
----------------- Instantiating /home/travis/build/icyphy/ptII/ptolemy/actor/lib/test/auto/SwitchDE.xml
1 ms. Memory: 1783296K Free: 1362607K (76%)
----------------- Invoking toplevel() on ptolemy.moml.MoMLSimpleApplication@2672f7b7
----------------- Done invoking toplevel() on ptolemy.moml.MoMLSimpleApplication@2672f7b7
reloadAllAccessors: .SwitchDE

===========================================================================================
----------------- testing Tue Sep 25 02:13:36 UTC 2018 /home/travis/build/icyphy/ptII/ptolemy/actor/lib/test/auto/SynchronizerDE.xml
----------------- Instantiating /home/travis/build/icyphy/ptII/ptolemy/actor/lib/test/auto/SynchronizerDE.xml
2 ms. Memory: 1783296K Free: 1341648K (75%)
----------------- Invoking toplevel() on ptolemy.moml.MoMLSimpleApplication@354fd7ba
----------------- Done invoking toplevel() on ptolemy.moml.MoMLSimpleApplication@354fd7ba
reloadAllAccessors: .SynchronizerDE

===========================================================================================
----------------- testing Tue Sep 25 02:13:36 UTC 2018 /home/travis/build/icyphy/ptII/ptolemy/actor/lib/test/auto/Test.xml
----------------- Instantiating /home/travis/build/icyphy/ptII/ptolemy/actor/lib/test/auto/Test.xml
1 ms. Memory: 1783296K Free: 1324967K (74%)
----------------- Invoking toplevel() on ptolemy.moml.MoMLSimpleApplication@66cecd5c
----------------- Done invoking toplevel() on ptolemy.moml.MoMLSimpleApplication@66cecd5c
reloadAllAccessors: .Test

===========================================================================================
----------------- testing Tue Sep 25 02:13:36 UTC 2018 /home/travis/build/icyphy/ptII/ptolemy/actor/lib/test/auto/TestExceptionAttribute1.xml
----------------- Instantiating /home/travis/build/icyphy/ptII/ptolemy/actor/lib/test/auto/TestExceptionAttribute1.xml
0 ms. Memory: 1783296K Free: 1304008K (73%)
----------------- Invoking toplevel() on ptolemy.moml.MoMLSimpleApplication@4119aefa
----------------- Done invoking toplevel() on ptolemy.moml.MoMLSimpleApplication@4119aefa
reloadAllAccessors: .TestExceptionAttribute1

===========================================================================================
----------------- testing Tue Sep 25 02:13:36 UTC 2018 /home/travis/build/icyphy/ptII/ptolemy/actor/lib/test/auto/TestExceptionAttribute2.xml
----------------- Instantiating /home/travis/build/icyphy/ptII/ptolemy/actor/lib/test/auto/TestExceptionAttribute2.xml
1 ms. Memory: 1783296K Free: 1283048K (72%)
----------------- Invoking toplevel() on ptolemy.moml.MoMLSimpleApplication@1b53382a
----------------- Done invoking toplevel() on ptolemy.moml.MoMLSimpleApplication@1b53382a
reloadAllAccessors: .TestExceptionAttribute2

===========================================================================================
----------------- testing Tue Sep 25 02:13:36 UTC 2018 /home/travis/build/icyphy/ptII/ptolemy/actor/lib/test/auto/TestExceptionAttribute3.xml
----------------- Instantiating /home/travis/build/icyphy/ptII/ptolemy/actor/lib/test/auto/TestExceptionAttribute3.xml
.TestExceptionAttribute3.TestExceptionAttribute: initialize() was not invoked, but wrapup() was.  This is unusual, but not always a problem.  For example, exporting JNLP will do this.
1 ms. Memory: 1783296K Free: 1266367K (71%)
----------------- Invoking toplevel() on ptolemy.moml.MoMLSimpleApplication@3073c7cf
----------------- Done invoking toplevel() on ptolemy.moml.MoMLSimpleApplication@3073c7cf
reloadAllAccessors: .TestExceptionAttribute3

===========================================================================================
----------------- testing Tue Sep 25 02:13:36 UTC 2018 /home/travis/build/icyphy/ptII/ptolemy/actor/lib/test/auto/TestExceptionAttribute4.xml
----------------- Instantiating /home/travis/build/icyphy/ptII/ptolemy/actor/lib/test/auto/TestExceptionAttribute4.xml
.TestExceptionAttribute4.TestExceptionAttribute: initialize() was not invoked, but wrapup() was.  This is unusual, but not always a problem.  For example, exporting JNLP will do this.
.TestExceptionAttribute4.TestExceptionAttribute2: initialize() was not invoked, but wrapup() was.  This is unusual, but not always a problem.  For example, exporting JNLP will do this.
0 ms. Memory: 1783296K Free: 1245408K (70%)
----------------- Invoking toplevel() on ptolemy.moml.MoMLSimpleApplication@1a9762c9
----------------- Done invoking toplevel() on ptolemy.moml.MoMLSimpleApplication@1a9762c9
reloadAllAccessors: .TestExceptionAttribute4

===========================================================================================
----------------- testing Tue Sep 25 02:13:36 UTC 2018 /home/travis/build/icyphy/ptII/ptolemy/actor/lib/test/auto/TestExceptionHandler1.xml
----------------- Instantiating /home/travis/build/icyphy/ptII/ptolemy/actor/lib/test/auto/TestExceptionHandler1.xml
1 ms. Memory: 1783296K Free: 1228727K (69%)
----------------- Invoking toplevel() on ptolemy.moml.MoMLSimpleApplication@2f456695
----------------- Done invoking toplevel() on ptolemy.moml.MoMLSimpleApplication@2f456695
reloadAllAccessors: .TestExceptionHandler1

===========================================================================================
----------------- testing Tue Sep 25 02:13:36 UTC 2018 /home/travis/build/icyphy/ptII/ptolemy/actor/lib/test/auto/TestExceptionHandler2.xml
----------------- Instantiating /home/travis/build/icyphy/ptII/ptolemy/actor/lib/test/auto/TestExceptionHandler2.xml
1 ms. Memory: 1783296K Free: 1207768K (68%)
----------------- Invoking toplevel() on ptolemy.moml.MoMLSimpleApplication@7a5ef56d
----------------- Done invoking toplevel() on ptolemy.moml.MoMLSimpleApplication@7a5ef56d
reloadAllAccessors: .TestExceptionHandler2

===========================================================================================
----------------- testing Tue Sep 25 02:13:36 UTC 2018 /home/travis/build/icyphy/ptII/ptolemy/actor/lib/test/auto/TestExceptionHandler3.xml
----------------- Instantiating /home/travis/build/icyphy/ptII/ptolemy/actor/lib/test/auto/TestExceptionHandler3.xml
1 ms. Memory: 1783296K Free: 1186809K (67%)
----------------- Invoking toplevel() on ptolemy.moml.MoMLSimpleApplication@303c394d
----------------- Done invoking toplevel() on ptolemy.moml.MoMLSimpleApplication@303c394d
reloadAllAccessors: .TestExceptionHandler3

===========================================================================================
----------------- testing Tue Sep 25 02:13:36 UTC 2018 /home/travis/build/icyphy/ptII/ptolemy/actor/lib/test/auto/TestExceptionHandler4.xml
----------------- Instantiating /home/travis/build/icyphy/ptII/ptolemy/actor/lib/test/auto/TestExceptionHandler4.xml
1 ms. Memory: 1783296K Free: 1170128K (66%)
----------------- Invoking toplevel() on ptolemy.moml.MoMLSimpleApplication@67485cf6
----------------- Done invoking toplevel() on ptolemy.moml.MoMLSimpleApplication@67485cf6
reloadAllAccessors: .TestExceptionHandler4

===========================================================================================
----------------- testing Tue Sep 25 02:13:36 UTC 2018 /home/travis/build/icyphy/ptII/ptolemy/actor/lib/test/auto/TestRequireCorrectOrder.xml
----------------- Instantiating /home/travis/build/icyphy/ptII/ptolemy/actor/lib/test/auto/TestRequireCorrectOrder.xml
3 ms. Memory: 1783296K Free: 1149169K (64%)
----------------- Invoking toplevel() on ptolemy.moml.MoMLSimpleApplication@594cb210
----------------- Done invoking toplevel() on ptolemy.moml.MoMLSimpleApplication@594cb210
reloadAllAccessors: .TestRequireCorrectOrder

===========================================================================================
----------------- testing Tue Sep 25 02:13:36 UTC 2018 /home/travis/build/icyphy/ptII/ptolemy/actor/lib/test/auto/TestSimple.xml
----------------- Instantiating /home/travis/build/icyphy/ptII/ptolemy/actor/lib/test/auto/TestSimple.xml
1 ms. Memory: 1783296K Free: 1132488K (64%)
----------------- Invoking toplevel() on ptolemy.moml.MoMLSimpleApplication@4df17d0b
----------------- Done invoking toplevel() on ptolemy.moml.MoMLSimpleApplication@4df17d0b
reloadAllAccessors: .TestSimple

===========================================================================================
----------------- testing Tue Sep 25 02:13:36 UTC 2018 /home/travis/build/icyphy/ptII/ptolemy/actor/lib/test/auto/ThrowModelError.xml
----------------- Instantiating /home/travis/build/icyphy/ptII/ptolemy/actor/lib/test/auto/ThrowModelError.xml
1 ms. Memory: 1783296K Free: 1111529K (62%)
----------------- Invoking toplevel() on ptolemy.moml.MoMLSimpleApplication@2f2d5958
----------------- Done invoking toplevel() on ptolemy.moml.MoMLSimpleApplication@2f2d5958
reloadAllAccessors: .ThrowModelError

===========================================================================================
----------------- testing Tue Sep 25 02:13:36 UTC 2018 /home/travis/build/icyphy/ptII/ptolemy/actor/lib/test/auto/TimeDelayMicrosteps.xml
----------------- Instantiating /home/travis/build/icyphy/ptII/ptolemy/actor/lib/test/auto/TimeDelayMicrosteps.xml
2 ms. Memory: 1783296K Free: 1090570K (61%)
----------------- Invoking toplevel() on ptolemy.moml.MoMLSimpleApplication@571c9ed0
----------------- Done invoking toplevel() on ptolemy.moml.MoMLSimpleApplication@571c9ed0
reloadAllAccessors: .TimeDelayMicrosteps

===========================================================================================
----------------- testing Tue Sep 25 02:13:36 UTC 2018 /home/travis/build/icyphy/ptII/ptolemy/actor/lib/test/auto/TimeDelayMicrosteps2.xml
----------------- Instantiating /home/travis/build/icyphy/ptII/ptolemy/actor/lib/test/auto/TimeDelayMicrosteps2.xml
2 ms. Memory: 1783296K Free: 1073889K (60%)
----------------- Invoking toplevel() on ptolemy.moml.MoMLSimpleApplication@247968cf
----------------- Done invoking toplevel() on ptolemy.moml.MoMLSimpleApplication@247968cf
reloadAllAccessors: .TimeDelayMicrosteps2

===========================================================================================
----------------- testing Tue Sep 25 02:13:36 UTC 2018 /home/travis/build/icyphy/ptII/ptolemy/actor/lib/test/auto/TimeDelayMicrosteps3.xml
----------------- Instantiating /home/travis/build/icyphy/ptII/ptolemy/actor/lib/test/auto/TimeDelayMicrosteps3.xml
2 ms. Memory: 1783296K Free: 1052930K (59%)
----------------- Invoking toplevel() on ptolemy.moml.MoMLSimpleApplication@51dba2d9
----------------- Done invoking toplevel() on ptolemy.moml.MoMLSimpleApplication@51dba2d9
reloadAllAccessors: .TimeDelayMicrosteps3

===========================================================================================
----------------- testing Tue Sep 25 02:13:36 UTC 2018 /home/travis/build/icyphy/ptII/ptolemy/actor/lib/test/auto/TimeDelayVariableMicrosteps.xml
----------------- Instantiating /home/travis/build/icyphy/ptII/ptolemy/actor/lib/test/auto/TimeDelayVariableMicrosteps.xml
2 ms. Memory: 1783296K Free: 1036249K (58%)
----------------- Invoking toplevel() on ptolemy.moml.MoMLSimpleApplication@33469dae
----------------- Done invoking toplevel() on ptolemy.moml.MoMLSimpleApplication@33469dae
reloadAllAccessors: .TimeDelayVariableMicrosteps

===========================================================================================
----------------- testing Tue Sep 25 02:13:36 UTC 2018 /home/travis/build/icyphy/ptII/ptolemy/actor/lib/test/auto/TimeGap.xml
----------------- Instantiating /home/travis/build/icyphy/ptII/ptolemy/actor/lib/test/auto/TimeGap.xml
3 ms. Memory: 1783296K Free: 1015290K (57%)
----------------- Invoking toplevel() on ptolemy.moml.MoMLSimpleApplication@26ac2e46
----------------- Done invoking toplevel() on ptolemy.moml.MoMLSimpleApplication@26ac2e46
reloadAllAccessors: .TimeGap

===========================================================================================
----------------- testing Tue Sep 25 02:13:36 UTC 2018 /home/travis/build/icyphy/ptII/ptolemy/actor/lib/test/auto/TimeGap2.xml
----------------- Instantiating /home/travis/build/icyphy/ptII/ptolemy/actor/lib/test/auto/TimeGap2.xml
1 ms. Memory: 1783296K Free: 994331K (56%)
----------------- Invoking toplevel() on ptolemy.moml.MoMLSimpleApplication@76ccb559
----------------- Done invoking toplevel() on ptolemy.moml.MoMLSimpleApplication@76ccb559
reloadAllAccessors: .TimeGap2

===========================================================================================
----------------- testing Tue Sep 25 02:13:36 UTC 2018 /home/travis/build/icyphy/ptII/ptolemy/actor/lib/test/auto/TimedSinewave.xml
----------------- Instantiating /home/travis/build/icyphy/ptII/ptolemy/actor/lib/test/auto/TimedSinewave.xml
19 ms. Memory: 1783296K Free: 969293K (54%)
----------------- Invoking toplevel() on ptolemy.moml.MoMLSimpleApplication@27521e48
----------------- Done invoking toplevel() on ptolemy.moml.MoMLSimpleApplication@27521e48
reloadAllAccessors: .TimedSinewave

===========================================================================================
----------------- testing Tue Sep 25 02:13:36 UTC 2018 /home/travis/build/icyphy/ptII/ptolemy/actor/lib/test/auto/TimedSinewavePhase.xml
----------------- Instantiating /home/travis/build/icyphy/ptII/ptolemy/actor/lib/test/auto/TimedSinewavePhase.xml
10 ms. Memory: 1783296K Free: 948334K (53%)
----------------- Invoking toplevel() on ptolemy.moml.MoMLSimpleApplication@6c02a45d
----------------- Done invoking toplevel() on ptolemy.moml.MoMLSimpleApplication@6c02a45d
reloadAllAccessors: .TimedSinewavePhase

===========================================================================================
----------------- testing Tue Sep 25 02:13:36 UTC 2018 /home/travis/build/icyphy/ptII/ptolemy/actor/lib/test/auto/Timer.xml
----------------- Instantiating /home/travis/build/icyphy/ptII/ptolemy/actor/lib/test/auto/Timer.xml
1 ms. Memory: 1783296K Free: 927375K (52%)
----------------- Invoking toplevel() on ptolemy.moml.MoMLSimpleApplication@117540ba
----------------- Done invoking toplevel() on ptolemy.moml.MoMLSimpleApplication@117540ba
reloadAllAccessors: .Timer

===========================================================================================
----------------- testing Tue Sep 25 02:13:36 UTC 2018 /home/travis/build/icyphy/ptII/ptolemy/actor/lib/test/auto/TriangularDistTestModel.xml
----------------- Instantiating /home/travis/build/icyphy/ptII/ptolemy/actor/lib/test/auto/TriangularDistTestModel.xml
2 ms. Memory: 1783296K Free: 910694K (51%)
----------------- Invoking toplevel() on ptolemy.moml.MoMLSimpleApplication@f93e193
----------------- Done invoking toplevel() on ptolemy.moml.MoMLSimpleApplication@f93e193
reloadAllAccessors: .TriangularDistTestModel

===========================================================================================
----------------- testing Tue Sep 25 02:13:36 UTC 2018 /home/travis/build/icyphy/ptII/ptolemy/actor/lib/test/auto/TrigFunction.xml
----------------- Instantiating /home/travis/build/icyphy/ptII/ptolemy/actor/lib/test/auto/TrigFunction.xml
1 ms. Memory: 1783296K Free: 889735K (50%)
----------------- Invoking toplevel() on ptolemy.moml.MoMLSimpleApplication@1ce73c58
----------------- Done invoking toplevel() on ptolemy.moml.MoMLSimpleApplication@1ce73c58
reloadAllAccessors: .TrigFunction

===========================================================================================
----------------- testing Tue Sep 25 02:13:36 UTC 2018 /home/travis/build/icyphy/ptII/ptolemy/actor/lib/test/auto/TrigFunctionDE.xml
----------------- Instantiating /home/travis/build/icyphy/ptII/ptolemy/actor/lib/test/auto/TrigFunctionDE.xml
1 ms. Memory: 1783296K Free: 873054K (49%)
----------------- Invoking toplevel() on ptolemy.moml.MoMLSimpleApplication@eace5ac
----------------- Done invoking toplevel() on ptolemy.moml.MoMLSimpleApplication@eace5ac
reloadAllAccessors: .TrigFunctionDE

===========================================================================================
----------------- testing Tue Sep 25 02:13:36 UTC 2018 /home/travis/build/icyphy/ptII/ptolemy/actor/lib/test/auto/TrigFunctionInverse.xml
----------------- Instantiating /home/travis/build/icyphy/ptII/ptolemy/actor/lib/test/auto/TrigFunctionInverse.xml
2 ms. Memory: 1783296K Free: 852095K (48%)
----------------- Invoking toplevel() on ptolemy.moml.MoMLSimpleApplication@366a532c
----------------- Done invoking toplevel() on ptolemy.moml.MoMLSimpleApplication@366a532c
reloadAllAccessors: .TrigFunctionInverse

===========================================================================================
----------------- testing Tue Sep 25 02:13:36 UTC 2018 /home/travis/build/icyphy/ptII/ptolemy/actor/lib/test/auto/TrigFunctionTan.xml
----------------- Instantiating /home/travis/build/icyphy/ptII/ptolemy/actor/lib/test/auto/TrigFunctionTan.xml
1 ms. Memory: 1783296K Free: 831136K (47%)
----------------- Invoking toplevel() on ptolemy.moml.MoMLSimpleApplication@21c4a107
----------------- Done invoking toplevel() on ptolemy.moml.MoMLSimpleApplication@21c4a107
reloadAllAccessors: .TrigFunctionTan

===========================================================================================
----------------- testing Tue Sep 25 02:13:36 UTC 2018 /home/travis/build/icyphy/ptII/ptolemy/actor/lib/test/auto/TriggeredClock.xml
----------------- Instantiating /home/travis/build/icyphy/ptII/ptolemy/actor/lib/test/auto/TriggeredClock.xml
1 ms. Memory: 1783296K Free: 814455K (46%)
----------------- Invoking toplevel() on ptolemy.moml.MoMLSimpleApplication@5196e3eb
----------------- Done invoking toplevel() on ptolemy.moml.MoMLSimpleApplication@5196e3eb
reloadAllAccessors: .TriggeredClock

===========================================================================================
----------------- testing Tue Sep 25 02:13:36 UTC 2018 /home/travis/build/icyphy/ptII/ptolemy/actor/lib/test/auto/URLDirectoryReader.xml
----------------- Instantiating /home/travis/build/icyphy/ptII/ptolemy/actor/lib/test/auto/URLDirectoryReader.xml
16 ms. Memory: 1783296K Free: 793496K (44%)
----------------- Invoking toplevel() on ptolemy.moml.MoMLSimpleApplication@5d665d5f
----------------- Done invoking toplevel() on ptolemy.moml.MoMLSimpleApplication@5d665d5f
reloadAllAccessors: .URLDirectoryReader

===========================================================================================
----------------- testing Tue Sep 25 02:13:36 UTC 2018 /home/travis/build/icyphy/ptII/ptolemy/actor/lib/test/auto/URLDirectoryReader3.xml
----------------- Instantiating /home/travis/build/icyphy/ptII/ptolemy/actor/lib/test/auto/URLDirectoryReader3.xml
988 ms. Memory: 1783296K Free: 735113K (41%)
----------------- Invoking toplevel() on ptolemy.moml.MoMLSimpleApplication@cc3b9d9
----------------- Done invoking toplevel() on ptolemy.moml.MoMLSimpleApplication@cc3b9d9
reloadAllAccessors: .URLDirectoryReader3

===========================================================================================
----------------- testing Tue Sep 25 02:13:37 UTC 2018 /home/travis/build/icyphy/ptII/ptolemy/actor/lib/test/auto/UnaryMathFunction.xml
----------------- Instantiating /home/travis/build/icyphy/ptII/ptolemy/actor/lib/test/auto/UnaryMathFunction.xml
6 ms. Memory: 1783296K Free: 714153K (40%)
----------------- Invoking toplevel() on ptolemy.moml.MoMLSimpleApplication@5505a85f
----------------- Done invoking toplevel() on ptolemy.moml.MoMLSimpleApplication@5505a85f
reloadAllAccessors: .UnaryMathFunction

===========================================================================================
----------------- testing Tue Sep 25 02:13:38 UTC 2018 /home/travis/build/icyphy/ptII/ptolemy/actor/lib/test/auto/Uniform.xml
----------------- Instantiating /home/travis/build/icyphy/ptII/ptolemy/actor/lib/test/auto/Uniform.xml
1 ms. Memory: 1783296K Free: 693194K (39%)
----------------- Invoking toplevel() on ptolemy.moml.MoMLSimpleApplication@7bd11d86
----------------- Done invoking toplevel() on ptolemy.moml.MoMLSimpleApplication@7bd11d86
reloadAllAccessors: .Uniform

===========================================================================================
----------------- testing Tue Sep 25 02:13:38 UTC 2018 /home/travis/build/icyphy/ptII/ptolemy/actor/lib/test/auto/UnionDisassemblerTest.xml
----------------- Instantiating /home/travis/build/icyphy/ptII/ptolemy/actor/lib/test/auto/UnionDisassemblerTest.xml
15 ms. Memory: 1783296K Free: 676513K (38%)
----------------- Invoking toplevel() on ptolemy.moml.MoMLSimpleApplication@ed25b2
----------------- Done invoking toplevel() on ptolemy.moml.MoMLSimpleApplication@ed25b2
reloadAllAccessors: .UnionDisassemblerTest

===========================================================================================
----------------- testing Tue Sep 25 02:13:38 UTC 2018 /home/travis/build/icyphy/ptII/ptolemy/actor/lib/test/auto/UtilityFunctions.xml
----------------- Instantiating /home/travis/build/icyphy/ptII/ptolemy/actor/lib/test/auto/UtilityFunctions.xml
6 ms. Memory: 1783296K Free: 655554K (37%)
----------------- Invoking toplevel() on ptolemy.moml.MoMLSimpleApplication@732a4e25
----------------- Done invoking toplevel() on ptolemy.moml.MoMLSimpleApplication@732a4e25
reloadAllAccessors: .UtilityFunctions

===========================================================================================
----------------- testing Tue Sep 25 02:13:38 UTC 2018 /home/travis/build/icyphy/ptII/ptolemy/actor/lib/test/auto/VariableSleep.xml
----------------- Instantiating /home/travis/build/icyphy/ptII/ptolemy/actor/lib/test/auto/VariableSleep.xml
511 ms. Memory: 1783296K Free: 638873K (36%)
----------------- Invoking toplevel() on ptolemy.moml.MoMLSimpleApplication@34da206b
----------------- Done invoking toplevel() on ptolemy.moml.MoMLSimpleApplication@34da206b
reloadAllAccessors: .VariableSleep

===========================================================================================
----------------- testing Tue Sep 25 02:13:38 UTC 2018 /home/travis/build/icyphy/ptII/ptolemy/actor/lib/test/auto/VectorAssemblerDisassemblerCT.xml
----------------- Instantiating /home/travis/build/icyphy/ptII/ptolemy/actor/lib/test/auto/VectorAssemblerDisassemblerCT.xml
63 ms. Memory: 1783296K Free: 601225K (34%)
----------------- Invoking toplevel() on ptolemy.moml.MoMLSimpleApplication@5cfaa9f8
----------------- Done invoking toplevel() on ptolemy.moml.MoMLSimpleApplication@5cfaa9f8
reloadAllAccessors: .VectorAssemblerDisassemblerCT

===========================================================================================
----------------- testing Tue Sep 25 02:13:38 UTC 2018 /home/travis/build/icyphy/ptII/ptolemy/actor/lib/test/auto/VectorAssemblerDisassemblerDE.xml
----------------- Instantiating /home/travis/build/icyphy/ptII/ptolemy/actor/lib/test/auto/VectorAssemblerDisassemblerDE.xml
5 ms. Memory: 1783296K Free: 580266K (33%)
----------------- Invoking toplevel() on ptolemy.moml.MoMLSimpleApplication@1436afd5
----------------- Done invoking toplevel() on ptolemy.moml.MoMLSimpleApplication@1436afd5
reloadAllAccessors: .VectorAssemblerDisassemblerDE

===========================================================================================
----------------- testing Tue Sep 25 02:13:38 UTC 2018 /home/travis/build/icyphy/ptII/ptolemy/actor/lib/test/auto/VectorAssemblerDisassemblerSDF.xml
----------------- Instantiating /home/travis/build/icyphy/ptII/ptolemy/actor/lib/test/auto/VectorAssemblerDisassemblerSDF.xml
4 ms. Memory: 1783296K Free: 563585K (32%)
----------------- Invoking toplevel() on ptolemy.moml.MoMLSimpleApplication@779459f3
----------------- Done invoking toplevel() on ptolemy.moml.MoMLSimpleApplication@779459f3
reloadAllAccessors: .VectorAssemblerDisassemblerSDF

===========================================================================================
----------------- testing Tue Sep 25 02:13:38 UTC 2018 /home/travis/build/icyphy/ptII/ptolemy/actor/lib/test/auto/WallClockTime.xml
----------------- Instantiating /home/travis/build/icyphy/ptII/ptolemy/actor/lib/test/auto/WallClockTime.xml
1004 ms. Memory: 1783296K Free: 542625K (30%)
----------------- Invoking toplevel() on ptolemy.moml.MoMLSimpleApplication@621292ab
----------------- Done invoking toplevel() on ptolemy.moml.MoMLSimpleApplication@621292ab
reloadAllAccessors: .WallClockTime

===========================================================================================
----------------- testing Tue Sep 25 02:13:39 UTC 2018 /home/travis/build/icyphy/ptII/ptolemy/actor/lib/test/auto/WidthTestWithSubscriberPublisher.xml
----------------- Instantiating /home/travis/build/icyphy/ptII/ptolemy/actor/lib/test/auto/WidthTestWithSubscriberPublisher.xml
6 ms. Memory: 1783296K Free: 513310K (29%)
----------------- Invoking toplevel() on ptolemy.moml.MoMLSimpleApplication@2fe961a0
----------------- Done invoking toplevel() on ptolemy.moml.MoMLSimpleApplication@2fe961a0
reloadAllAccessors: .WidthTestWithSubscriberPublisher

===========================================================================================
----------------- testing Tue Sep 25 02:13:39 UTC 2018 /home/travis/build/icyphy/ptII/ptolemy/actor/lib/test/auto/WidthTestWithSubscriberPublisher2.xml
----------------- Instantiating /home/travis/build/icyphy/ptII/ptolemy/actor/lib/test/auto/WidthTestWithSubscriberPublisher2.xml
2 ms. Memory: 1783296K Free: 496629K (28%)
----------------- Invoking toplevel() on ptolemy.moml.MoMLSimpleApplication@62924a3f
----------------- Done invoking toplevel() on ptolemy.moml.MoMLSimpleApplication@62924a3f
reloadAllAccessors: .WidthTestWithSubscriberPublisher2

===========================================================================================
----------------- testing Tue Sep 25 02:13:39 UTC 2018 /home/travis/build/icyphy/ptII/ptolemy/actor/lib/test/auto/WidthTestWithSubscriberPublisher3.xml
----------------- Instantiating /home/travis/build/icyphy/ptII/ptolemy/actor/lib/test/auto/WidthTestWithSubscriberPublisher3.xml
2 ms. Memory: 1783296K Free: 475669K (27%)
----------------- Invoking toplevel() on ptolemy.moml.MoMLSimpleApplication@2b39c36c
----------------- Done invoking toplevel() on ptolemy.moml.MoMLSimpleApplication@2b39c36c
reloadAllAccessors: .WidthTestWithSubscriberPublisher3

===========================================================================================
----------------- testing Tue Sep 25 02:13:39 UTC 2018 /home/travis/build/icyphy/ptII/ptolemy/actor/lib/test/auto/Writer.xml
----------------- Instantiating /home/travis/build/icyphy/ptII/ptolemy/actor/lib/test/auto/Writer.xml
0
1
2
3
4
2 ms. Memory: 1783296K Free: 458988K (26%)
----------------- Invoking toplevel() on ptolemy.moml.MoMLSimpleApplication@2509b29
----------------- Done invoking toplevel() on ptolemy.moml.MoMLSimpleApplication@2509b29
reloadAllAccessors: .Writer

===========================================================================================
----------------- testing Tue Sep 25 02:13:39 UTC 2018 /home/travis/build/icyphy/ptII/ptolemy/actor/lib/test/auto/array.xml
----------------- Instantiating /home/travis/build/icyphy/ptII/ptolemy/actor/lib/test/auto/array.xml
2 ms. Memory: 1783296K Free: 438029K (25%)
----------------- Invoking toplevel() on ptolemy.moml.MoMLSimpleApplication@7d0eea21
----------------- Done invoking toplevel() on ptolemy.moml.MoMLSimpleApplication@7d0eea21
reloadAllAccessors: .array

===========================================================================================
----------------- testing Tue Sep 25 02:13:39 UTC 2018 /home/travis/build/icyphy/ptII/ptolemy/actor/lib/test/auto/array2.xml
----------------- Instantiating /home/travis/build/icyphy/ptII/ptolemy/actor/lib/test/auto/array2.xml
4 ms. Memory: 1783296K Free: 417070K (23%)
----------------- Invoking toplevel() on ptolemy.moml.MoMLSimpleApplication@6b2af590
----------------- Done invoking toplevel() on ptolemy.moml.MoMLSimpleApplication@6b2af590
reloadAllAccessors: .array2

===========================================================================================
----------------- testing Tue Sep 25 02:13:39 UTC 2018 /home/travis/build/icyphy/ptII/ptolemy/actor/lib/test/auto/arrayType.xml
----------------- Instantiating /home/travis/build/icyphy/ptII/ptolemy/actor/lib/test/auto/arrayType.xml
1 ms. Memory: 1783296K Free: 400389K (22%)
----------------- Invoking toplevel() on ptolemy.moml.MoMLSimpleApplication@484baf40
----------------- Done invoking toplevel() on ptolemy.moml.MoMLSimpleApplication@484baf40
reloadAllAccessors: .arrayType

===========================================================================================
----------------- testing Tue Sep 25 02:13:39 UTC 2018 /home/travis/build/icyphy/ptII/ptolemy/actor/lib/test/auto/arrayType10.xml
----------------- Instantiating /home/travis/build/icyphy/ptII/ptolemy/actor/lib/test/auto/arrayType10.xml
1 ms. Memory: 1783296K Free: 379430K (21%)
----------------- Invoking toplevel() on ptolemy.moml.MoMLSimpleApplication@72c70d8c
----------------- Done invoking toplevel() on ptolemy.moml.MoMLSimpleApplication@72c70d8c
reloadAllAccessors: .arrayType10

===========================================================================================
----------------- testing Tue Sep 25 02:13:39 UTC 2018 /home/travis/build/icyphy/ptII/ptolemy/actor/lib/test/auto/arrayType11.xml
----------------- Instantiating /home/travis/build/icyphy/ptII/ptolemy/actor/lib/test/auto/arrayType11.xml
1 ms. Memory: 1783296K Free: 358471K (20%)
----------------- Invoking toplevel() on ptolemy.moml.MoMLSimpleApplication@2919dd3a
----------------- Done invoking toplevel() on ptolemy.moml.MoMLSimpleApplication@2919dd3a
reloadAllAccessors: .arrayType11

===========================================================================================
----------------- testing Tue Sep 25 02:13:40 UTC 2018 /home/travis/build/icyphy/ptII/ptolemy/actor/lib/test/auto/arrayType12.xml
----------------- Instantiating /home/travis/build/icyphy/ptII/ptolemy/actor/lib/test/auto/arrayType12.xml
1 ms. Memory: 1783296K Free: 341790K (19%)
----------------- Invoking toplevel() on ptolemy.moml.MoMLSimpleApplication@13fa1b24
----------------- Done invoking toplevel() on ptolemy.moml.MoMLSimpleApplication@13fa1b24
reloadAllAccessors: .arrayType12

===========================================================================================
----------------- testing Tue Sep 25 02:13:40 UTC 2018 /home/travis/build/icyphy/ptII/ptolemy/actor/lib/test/auto/arrayType13.xml
----------------- Instantiating /home/travis/build/icyphy/ptII/ptolemy/actor/lib/test/auto/arrayType13.xml
1 ms. Memory: 1783296K Free: 320831K (18%)
----------------- Invoking toplevel() on ptolemy.moml.MoMLSimpleApplication@66f2d67b
----------------- Done invoking toplevel() on ptolemy.moml.MoMLSimpleApplication@66f2d67b
reloadAllAccessors: .arrayType13

===========================================================================================
----------------- testing Tue Sep 25 02:13:40 UTC 2018 /home/travis/build/icyphy/ptII/ptolemy/actor/lib/test/auto/arrayType14.xml
----------------- Instantiating /home/travis/build/icyphy/ptII/ptolemy/actor/lib/test/auto/arrayType14.xml
2 ms. Memory: 1783296K Free: 304150K (17%)
----------------- Invoking toplevel() on ptolemy.moml.MoMLSimpleApplication@4e8db1a9
----------------- Done invoking toplevel() on ptolemy.moml.MoMLSimpleApplication@4e8db1a9
reloadAllAccessors: .arrayType14

===========================================================================================
----------------- testing Tue Sep 25 02:13:40 UTC 2018 /home/travis/build/icyphy/ptII/ptolemy/actor/lib/test/auto/arrayType15.xml
----------------- Instantiating /home/travis/build/icyphy/ptII/ptolemy/actor/lib/test/auto/arrayType15.xml
2 ms. Memory: 1783296K Free: 283190K (16%)
----------------- Invoking toplevel() on ptolemy.moml.MoMLSimpleApplication@437af1cb
----------------- Done invoking toplevel() on ptolemy.moml.MoMLSimpleApplication@437af1cb
reloadAllAccessors: .arrayType15

===========================================================================================
----------------- testing Tue Sep 25 02:13:40 UTC 2018 /home/travis/build/icyphy/ptII/ptolemy/actor/lib/test/auto/arrayType16.xml
----------------- Instantiating /home/travis/build/icyphy/ptII/ptolemy/actor/lib/test/auto/arrayType16.xml
1 ms. Memory: 1783296K Free: 262231K (15%)
----------------- Invoking toplevel() on ptolemy.moml.MoMLSimpleApplication@382bec11
----------------- Done invoking toplevel() on ptolemy.moml.MoMLSimpleApplication@382bec11
reloadAllAccessors: .arrayType16

===========================================================================================
----------------- testing Tue Sep 25 02:13:40 UTC 2018 /home/travis/build/icyphy/ptII/ptolemy/actor/lib/test/auto/arrayType17.xml
----------------- Instantiating /home/travis/build/icyphy/ptII/ptolemy/actor/lib/test/auto/arrayType17.xml
3 ms. Memory: 1783296K Free: 245550K (14%)
----------------- Invoking toplevel() on ptolemy.moml.MoMLSimpleApplication@5c7780bc
----------------- Done invoking toplevel() on ptolemy.moml.MoMLSimpleApplication@5c7780bc
reloadAllAccessors: .arrayType17

===========================================================================================
----------------- testing Tue Sep 25 02:13:40 UTC 2018 /home/travis/build/icyphy/ptII/ptolemy/actor/lib/test/auto/arrayType18.xml
----------------- Instantiating /home/travis/build/icyphy/ptII/ptolemy/actor/lib/test/auto/arrayType18.xml
1 ms. Memory: 1783296K Free: 224591K (13%)
----------------- Invoking toplevel() on ptolemy.moml.MoMLSimpleApplication@71108cb5
----------------- Done invoking toplevel() on ptolemy.moml.MoMLSimpleApplication@71108cb5
reloadAllAccessors: .arrayType18

===========================================================================================
----------------- testing Tue Sep 25 02:13:40 UTC 2018 /home/travis/build/icyphy/ptII/ptolemy/actor/lib/test/auto/arrayType19.xml
----------------- Instantiating /home/travis/build/icyphy/ptII/ptolemy/actor/lib/test/auto/arrayType19.xml
2 ms. Memory: 1783296K Free: 207910K (12%)
----------------- Invoking toplevel() on ptolemy.moml.MoMLSimpleApplication@5924ea25
----------------- Done invoking toplevel() on ptolemy.moml.MoMLSimpleApplication@5924ea25
reloadAllAccessors: .arrayType19

===========================================================================================
----------------- testing Tue Sep 25 02:13:40 UTC 2018 /home/travis/build/icyphy/ptII/ptolemy/actor/lib/test/auto/arrayType2.xml
----------------- Instantiating /home/travis/build/icyphy/ptII/ptolemy/actor/lib/test/auto/arrayType2.xml
3 ms. Memory: 1783296K Free: 186951K (10%)
----------------- Invoking toplevel() on ptolemy.moml.MoMLSimpleApplication@108ee544
----------------- Done invoking toplevel() on ptolemy.moml.MoMLSimpleApplication@108ee544
reloadAllAccessors: .arrayType2

===========================================================================================
----------------- testing Tue Sep 25 02:13:40 UTC 2018 /home/travis/build/icyphy/ptII/ptolemy/actor/lib/test/auto/arrayType20.xml
----------------- Instantiating /home/travis/build/icyphy/ptII/ptolemy/actor/lib/test/auto/arrayType20.xml
1 ms. Memory: 1783296K Free: 165991K (9%)
----------------- Invoking toplevel() on ptolemy.moml.MoMLSimpleApplication@7bd900f9
----------------- Done invoking toplevel() on ptolemy.moml.MoMLSimpleApplication@7bd900f9
reloadAllAccessors: .arrayType20

===========================================================================================
----------------- testing Tue Sep 25 02:13:40 UTC 2018 /home/travis/build/icyphy/ptII/ptolemy/actor/lib/test/auto/arrayType21.xml
----------------- Instantiating /home/travis/build/icyphy/ptII/ptolemy/actor/lib/test/auto/arrayType21.xml
1 ms. Memory: 1783296K Free: 149310K (8%)
----------------- Invoking toplevel() on ptolemy.moml.MoMLSimpleApplication@303c8f09
----------------- Done invoking toplevel() on ptolemy.moml.MoMLSimpleApplication@303c8f09
reloadAllAccessors: .arrayType21

===========================================================================================
----------------- testing Tue Sep 25 02:13:40 UTC 2018 /home/travis/build/icyphy/ptII/ptolemy/actor/lib/test/auto/arrayType22.xml
----------------- Instantiating /home/travis/build/icyphy/ptII/ptolemy/actor/lib/test/auto/arrayType22.xml
2 ms. Memory: 1783296K Free: 128351K (7%)
----------------- Invoking toplevel() on ptolemy.moml.MoMLSimpleApplication@79a630bc
----------------- Done invoking toplevel() on ptolemy.moml.MoMLSimpleApplication@79a630bc
reloadAllAccessors: .arrayType22

===========================================================================================
----------------- testing Tue Sep 25 02:13:40 UTC 2018 /home/travis/build/icyphy/ptII/ptolemy/actor/lib/test/auto/arrayType23.xml
----------------- Instantiating /home/travis/build/icyphy/ptII/ptolemy/actor/lib/test/auto/arrayType23.xml
1 ms. Memory: 1783296K Free: 107392K (6%)
----------------- Invoking toplevel() on ptolemy.moml.MoMLSimpleApplication@6d045df2
----------------- Done invoking toplevel() on ptolemy.moml.MoMLSimpleApplication@6d045df2
reloadAllAccessors: .arrayType23

===========================================================================================
----------------- testing Tue Sep 25 02:13:40 UTC 2018 /home/travis/build/icyphy/ptII/ptolemy/actor/lib/test/auto/arrayType24.xml
----------------- Instantiating /home/travis/build/icyphy/ptII/ptolemy/actor/lib/test/auto/arrayType24.xml
2 ms. Memory: 1783296K Free: 90711K (5%)
----------------- Invoking toplevel() on ptolemy.moml.MoMLSimpleApplication@4d69e006
----------------- Done invoking toplevel() on ptolemy.moml.MoMLSimpleApplication@4d69e006
reloadAllAccessors: .arrayType24

===========================================================================================
----------------- testing Tue Sep 25 02:13:40 UTC 2018 /home/travis/build/icyphy/ptII/ptolemy/actor/lib/test/auto/arrayType25.xml
----------------- Instantiating /home/travis/build/icyphy/ptII/ptolemy/actor/lib/test/auto/arrayType25.xml
1 ms. Memory: 1783296K Free: 75165K (4%)
----------------- Invoking toplevel() on ptolemy.moml.MoMLSimpleApplication@5fae4053
----------------- Done invoking toplevel() on ptolemy.moml.MoMLSimpleApplication@5fae4053
reloadAllAccessors: .arrayType25

===========================================================================================
----------------- testing Tue Sep 25 02:13:40 UTC 2018 /home/travis/build/icyphy/ptII/ptolemy/actor/lib/test/auto/arrayType26.xml
----------------- Instantiating /home/travis/build/icyphy/ptII/ptolemy/actor/lib/test/auto/arrayType26.xml
1 ms. Memory: 1784320K Free: 1720673K (96%)
----------------- Invoking toplevel() on ptolemy.moml.MoMLSimpleApplication@311efd92
----------------- Done invoking toplevel() on ptolemy.moml.MoMLSimpleApplication@311efd92
reloadAllAccessors: .arrayType26

===========================================================================================
----------------- testing Tue Sep 25 02:13:40 UTC 2018 /home/travis/build/icyphy/ptII/ptolemy/actor/lib/test/auto/arrayType27.xml
----------------- Instantiating /home/travis/build/icyphy/ptII/ptolemy/actor/lib/test/auto/arrayType27.xml
1 ms. Memory: 1784320K Free: 1699735K (95%)
----------------- Invoking toplevel() on ptolemy.moml.MoMLSimpleApplication@5869c7ac
----------------- Done invoking toplevel() on ptolemy.moml.MoMLSimpleApplication@5869c7ac
reloadAllAccessors: .arrayType27

===========================================================================================
----------------- testing Tue Sep 25 02:13:40 UTC 2018 /home/travis/build/icyphy/ptII/ptolemy/actor/lib/test/auto/arrayType28.xml
----------------- Instantiating /home/travis/build/icyphy/ptII/ptolemy/actor/lib/test/auto/arrayType28.xml
1 ms. Memory: 1784320K Free: 1678797K (94%)
----------------- Invoking toplevel() on ptolemy.moml.MoMLSimpleApplication@42f98c82
----------------- Done invoking toplevel() on ptolemy.moml.MoMLSimpleApplication@42f98c82
reloadAllAccessors: .arrayType28

===========================================================================================
----------------- testing Tue Sep 25 02:13:40 UTC 2018 /home/travis/build/icyphy/ptII/ptolemy/actor/lib/test/auto/arrayType3.xml
----------------- Instantiating /home/travis/build/icyphy/ptII/ptolemy/actor/lib/test/auto/arrayType3.xml
1 ms. Memory: 1784320K Free: 1662085K (93%)
----------------- Invoking toplevel() on ptolemy.moml.MoMLSimpleApplication@27b4186a
----------------- Done invoking toplevel() on ptolemy.moml.MoMLSimpleApplication@27b4186a
reloadAllAccessors: .arrayType3

===========================================================================================
----------------- testing Tue Sep 25 02:13:40 UTC 2018 /home/travis/build/icyphy/ptII/ptolemy/actor/lib/test/auto/arrayType4.xml
----------------- Instantiating /home/travis/build/icyphy/ptII/ptolemy/actor/lib/test/auto/arrayType4.xml
1 ms. Memory: 1784320K Free: 1641147K (92%)
----------------- Invoking toplevel() on ptolemy.moml.MoMLSimpleApplication@5d13fe41
----------------- Done invoking toplevel() on ptolemy.moml.MoMLSimpleApplication@5d13fe41
reloadAllAccessors: .arrayType4

===========================================================================================
----------------- testing Tue Sep 25 02:13:40 UTC 2018 /home/travis/build/icyphy/ptII/ptolemy/actor/lib/test/auto/arrayType5.xml
----------------- Instantiating /home/travis/build/icyphy/ptII/ptolemy/actor/lib/test/auto/arrayType5.xml
1 ms. Memory: 1784320K Free: 1620209K (91%)
----------------- Invoking toplevel() on ptolemy.moml.MoMLSimpleApplication@37f911b1
----------------- Done invoking toplevel() on ptolemy.moml.MoMLSimpleApplication@37f911b1
reloadAllAccessors: .arrayType5

===========================================================================================
----------------- testing Tue Sep 25 02:13:40 UTC 2018 /home/travis/build/icyphy/ptII/ptolemy/actor/lib/test/auto/arrayType6.xml
----------------- Instantiating /home/travis/build/icyphy/ptII/ptolemy/actor/lib/test/auto/arrayType6.xml
1 ms. Memory: 1784320K Free: 1603497K (90%)
----------------- Invoking toplevel() on ptolemy.moml.MoMLSimpleApplication@7e699921
----------------- Done invoking toplevel() on ptolemy.moml.MoMLSimpleApplication@7e699921
reloadAllAccessors: .arrayType6

===========================================================================================
----------------- testing Tue Sep 25 02:13:40 UTC 2018 /home/travis/build/icyphy/ptII/ptolemy/actor/lib/test/auto/arrayType7.xml
----------------- Instantiating /home/travis/build/icyphy/ptII/ptolemy/actor/lib/test/auto/arrayType7.xml
1 ms. Memory: 1784320K Free: 1582559K (89%)
----------------- Invoking toplevel() on ptolemy.moml.MoMLSimpleApplication@5752327d
----------------- Done invoking toplevel() on ptolemy.moml.MoMLSimpleApplication@5752327d
reloadAllAccessors: .arrayType7

===========================================================================================
----------------- testing Tue Sep 25 02:13:40 UTC 2018 /home/travis/build/icyphy/ptII/ptolemy/actor/lib/test/auto/arrayType8.xml
----------------- Instantiating /home/travis/build/icyphy/ptII/ptolemy/actor/lib/test/auto/arrayType8.xml
1 ms. Memory: 1784320K Free: 1561621K (88%)
----------------- Invoking toplevel() on ptolemy.moml.MoMLSimpleApplication@37e05d29
----------------- Done invoking toplevel() on ptolemy.moml.MoMLSimpleApplication@37e05d29
reloadAllAccessors: .arrayType8

===========================================================================================
----------------- testing Tue Sep 25 02:13:40 UTC 2018 /home/travis/build/icyphy/ptII/ptolemy/actor/lib/test/auto/arrayType9.xml
----------------- Instantiating /home/travis/build/icyphy/ptII/ptolemy/actor/lib/test/auto/arrayType9.xml
3 ms. Memory: 1784320K Free: 1544909K (87%)
----------------- Invoking toplevel() on ptolemy.moml.MoMLSimpleApplication@6d5b3d72
----------------- Done invoking toplevel() on ptolemy.moml.MoMLSimpleApplication@6d5b3d72
reloadAllAccessors: .arrayType9

===========================================================================================
----------------- testing Tue Sep 25 02:13:40 UTC 2018 /home/travis/build/icyphy/ptII/ptolemy/actor/lib/test/auto/cast.xml
----------------- Instantiating /home/travis/build/icyphy/ptII/ptolemy/actor/lib/test/auto/cast.xml
2 ms. Memory: 1784320K Free: 1523971K (85%)
----------------- Invoking toplevel() on ptolemy.moml.MoMLSimpleApplication@46f0565
----------------- Done invoking toplevel() on ptolemy.moml.MoMLSimpleApplication@46f0565
reloadAllAccessors: .cast

===========================================================================================
----------------- testing Tue Sep 25 02:13:40 UTC 2018 /home/travis/build/icyphy/ptII/ptolemy/actor/lib/test/auto/compositeMultiPort.xml
----------------- Instantiating /home/travis/build/icyphy/ptII/ptolemy/actor/lib/test/auto/compositeMultiPort.xml
2 ms. Memory: 1784320K Free: 1507260K (84%)
----------------- Invoking toplevel() on ptolemy.moml.MoMLSimpleApplication@481d49d0
----------------- Done invoking toplevel() on ptolemy.moml.MoMLSimpleApplication@481d49d0
reloadAllAccessors: .compositeMultiPort

===========================================================================================
----------------- testing Tue Sep 25 02:13:40 UTC 2018 /home/travis/build/icyphy/ptII/ptolemy/actor/lib/test/auto/expressionCastInference.xml
----------------- Instantiating /home/travis/build/icyphy/ptII/ptolemy/actor/lib/test/auto/expressionCastInference.xml
6 ms. Memory: 1784320K Free: 1486322K (83%)
----------------- Invoking toplevel() on ptolemy.moml.MoMLSimpleApplication@2700331e
----------------- Done invoking toplevel() on ptolemy.moml.MoMLSimpleApplication@2700331e
reloadAllAccessors: .expressionCastInference

===========================================================================================
----------------- testing Tue Sep 25 02:13:40 UTC 2018 /home/travis/build/icyphy/ptII/ptolemy/actor/lib/test/auto/expressionCastInference2.xml
----------------- Instantiating /home/travis/build/icyphy/ptII/ptolemy/actor/lib/test/auto/expressionCastInference2.xml
2 ms. Memory: 1784320K Free: 1465384K (82%)
----------------- Invoking toplevel() on ptolemy.moml.MoMLSimpleApplication@70e235fb
----------------- Done invoking toplevel() on ptolemy.moml.MoMLSimpleApplication@70e235fb
reloadAllAccessors: .expressionCastInference2

===========================================================================================
----------------- testing Tue Sep 25 02:13:40 UTC 2018 /home/travis/build/icyphy/ptII/ptolemy/actor/lib/test/auto/expressionInference.xml
----------------- Instantiating /home/travis/build/icyphy/ptII/ptolemy/actor/lib/test/auto/expressionInference.xml
1 ms. Memory: 1784320K Free: 1448672K (81%)
----------------- Invoking toplevel() on ptolemy.moml.MoMLSimpleApplication@b15024
----------------- Done invoking toplevel() on ptolemy.moml.MoMLSimpleApplication@b15024
reloadAllAccessors: .expressionInference

===========================================================================================
----------------- testing Tue Sep 25 02:13:40 UTC 2018 /home/travis/build/icyphy/ptII/ptolemy/actor/lib/test/auto/expression_bug.xml
----------------- Instantiating /home/travis/build/icyphy/ptII/ptolemy/actor/lib/test/auto/expression_bug.xml
1 ms. Memory: 1784320K Free: 1427734K (80%)
----------------- Invoking toplevel() on ptolemy.moml.MoMLSimpleApplication@cabbf3b
----------------- Done invoking toplevel() on ptolemy.moml.MoMLSimpleApplication@cabbf3b
reloadAllAccessors: .expression_bug

===========================================================================================
----------------- testing Tue Sep 25 02:13:40 UTC 2018 /home/travis/build/icyphy/ptII/ptolemy/actor/lib/test/auto/factorial.xml
----------------- Instantiating /home/travis/build/icyphy/ptII/ptolemy/actor/lib/test/auto/factorial.xml
21 ms. Memory: 1784320K Free: 1406796K (79%)
----------------- Invoking toplevel() on ptolemy.moml.MoMLSimpleApplication@1aceaa02
----------------- Done invoking toplevel() on ptolemy.moml.MoMLSimpleApplication@1aceaa02
reloadAllAccessors: .factorial

===========================================================================================
----------------- testing Tue Sep 25 02:13:40 UTC 2018 /home/travis/build/icyphy/ptII/ptolemy/actor/lib/test/auto/filterTest1.xml
----------------- Instantiating /home/travis/build/icyphy/ptII/ptolemy/actor/lib/test/auto/filterTest1.xml
3 ms. Memory: 1784320K Free: 1390084K (78%)
----------------- Invoking toplevel() on ptolemy.moml.MoMLSimpleApplication@e7cb379
----------------- Done invoking toplevel() on ptolemy.moml.MoMLSimpleApplication@e7cb379
reloadAllAccessors: .filterTest1

===========================================================================================
----------------- testing Tue Sep 25 02:13:40 UTC 2018 /home/travis/build/icyphy/ptII/ptolemy/actor/lib/test/auto/funcApplyInConst.xml
----------------- Instantiating /home/travis/build/icyphy/ptII/ptolemy/actor/lib/test/auto/funcApplyInConst.xml
1 ms. Memory: 1784320K Free: 1369147K (77%)
----------------- Invoking toplevel() on ptolemy.moml.MoMLSimpleApplication@28ca122a
----------------- Done invoking toplevel() on ptolemy.moml.MoMLSimpleApplication@28ca122a
reloadAllAccessors: .funcApplyInConst

===========================================================================================
----------------- testing Tue Sep 25 02:13:40 UTC 2018 /home/travis/build/icyphy/ptII/ptolemy/actor/lib/test/auto/funcApplyInExpr.xml
----------------- Instantiating /home/travis/build/icyphy/ptII/ptolemy/actor/lib/test/auto/funcApplyInExpr.xml
1 ms. Memory: 1784320K Free: 1348209K (76%)
----------------- Invoking toplevel() on ptolemy.moml.MoMLSimpleApplication@289f8128
----------------- Done invoking toplevel() on ptolemy.moml.MoMLSimpleApplication@289f8128
reloadAllAccessors: .funcApplyInExpr

===========================================================================================
----------------- testing Tue Sep 25 02:13:40 UTC 2018 /home/travis/build/icyphy/ptII/ptolemy/actor/lib/test/auto/function.xml
----------------- Instantiating /home/travis/build/icyphy/ptII/ptolemy/actor/lib/test/auto/function.xml
2 ms. Memory: 1784320K Free: 1331497K (75%)
----------------- Invoking toplevel() on ptolemy.moml.MoMLSimpleApplication@27336937
----------------- Done invoking toplevel() on ptolemy.moml.MoMLSimpleApplication@27336937
reloadAllAccessors: .function

===========================================================================================
----------------- testing Tue Sep 25 02:13:40 UTC 2018 /home/travis/build/icyphy/ptII/ptolemy/actor/lib/test/auto/function2.xml
----------------- Instantiating /home/travis/build/icyphy/ptII/ptolemy/actor/lib/test/auto/function2.xml
1 ms. Memory: 1784320K Free: 1310559K (73%)
----------------- Invoking toplevel() on ptolemy.moml.MoMLSimpleApplication@6170675b
----------------- Done invoking toplevel() on ptolemy.moml.MoMLSimpleApplication@6170675b
reloadAllAccessors: .function2

===========================================================================================
----------------- testing Tue Sep 25 02:13:40 UTC 2018 /home/travis/build/icyphy/ptII/ptolemy/actor/lib/test/auto/function3.xml
----------------- Instantiating /home/travis/build/icyphy/ptII/ptolemy/actor/lib/test/auto/function3.xml
1 ms. Memory: 1784320K Free: 1293847K (73%)
----------------- Invoking toplevel() on ptolemy.moml.MoMLSimpleApplication@2ad2644
----------------- Done invoking toplevel() on ptolemy.moml.MoMLSimpleApplication@2ad2644
reloadAllAccessors: .function3

===========================================================================================
----------------- testing Tue Sep 25 02:13:40 UTC 2018 /home/travis/build/icyphy/ptII/ptolemy/actor/lib/test/auto/functionClosureTest1.xml
----------------- Instantiating /home/travis/build/icyphy/ptII/ptolemy/actor/lib/test/auto/functionClosureTest1.xml
2 ms. Memory: 1784320K Free: 1272909K (71%)
----------------- Invoking toplevel() on ptolemy.moml.MoMLSimpleApplication@6449d0ce
----------------- Done invoking toplevel() on ptolemy.moml.MoMLSimpleApplication@6449d0ce
reloadAllAccessors: .functionClosureTest1

===========================================================================================
----------------- testing Tue Sep 25 02:13:40 UTC 2018 /home/travis/build/icyphy/ptII/ptolemy/actor/lib/test/auto/functionClosureTest2.xml
----------------- Instantiating /home/travis/build/icyphy/ptII/ptolemy/actor/lib/test/auto/functionClosureTest2.xml
1 ms. Memory: 1784320K Free: 1251971K (70%)
----------------- Invoking toplevel() on ptolemy.moml.MoMLSimpleApplication@62e1b29e
----------------- Done invoking toplevel() on ptolemy.moml.MoMLSimpleApplication@62e1b29e
reloadAllAccessors: .functionClosureTest2

===========================================================================================
----------------- testing Tue Sep 25 02:13:40 UTC 2018 /home/travis/build/icyphy/ptII/ptolemy/actor/lib/test/auto/functionClosureTest3.xml
----------------- Instantiating /home/travis/build/icyphy/ptII/ptolemy/actor/lib/test/auto/functionClosureTest3.xml
1 ms. Memory: 1784320K Free: 1235260K (69%)
----------------- Invoking toplevel() on ptolemy.moml.MoMLSimpleApplication@3d1dc0e8
----------------- Done invoking toplevel() on ptolemy.moml.MoMLSimpleApplication@3d1dc0e8
reloadAllAccessors: .functionClosureTest3

===========================================================================================
----------------- testing Tue Sep 25 02:13:40 UTC 2018 /home/travis/build/icyphy/ptII/ptolemy/actor/lib/test/auto/functionClosureTest4.xml
----------------- Instantiating /home/travis/build/icyphy/ptII/ptolemy/actor/lib/test/auto/functionClosureTest4.xml
2 ms. Memory: 1784320K Free: 1214322K (68%)
----------------- Invoking toplevel() on ptolemy.moml.MoMLSimpleApplication@77fb88b
----------------- Done invoking toplevel() on ptolemy.moml.MoMLSimpleApplication@77fb88b
reloadAllAccessors: .functionClosureTest4

===========================================================================================
----------------- testing Tue Sep 25 02:13:40 UTC 2018 /home/travis/build/icyphy/ptII/ptolemy/actor/lib/test/auto/functionClosureTest5.xml
----------------- Instantiating /home/travis/build/icyphy/ptII/ptolemy/actor/lib/test/auto/functionClosureTest5.xml
2 ms. Memory: 1784320K Free: 1193384K (67%)
----------------- Invoking toplevel() on ptolemy.moml.MoMLSimpleApplication@4cc6c88c
----------------- Done invoking toplevel() on ptolemy.moml.MoMLSimpleApplication@4cc6c88c
reloadAllAccessors: .functionClosureTest5

===========================================================================================
----------------- testing Tue Sep 25 02:13:40 UTC 2018 /home/travis/build/icyphy/ptII/ptolemy/actor/lib/test/auto/functionClosureTest6.xml
----------------- Instantiating /home/travis/build/icyphy/ptII/ptolemy/actor/lib/test/auto/functionClosureTest6.xml
2 ms. Memory: 1784320K Free: 1176672K (66%)
----------------- Invoking toplevel() on ptolemy.moml.MoMLSimpleApplication@41d439a2
----------------- Done invoking toplevel() on ptolemy.moml.MoMLSimpleApplication@41d439a2
reloadAllAccessors: .functionClosureTest6

===========================================================================================
----------------- testing Tue Sep 25 02:13:40 UTC 2018 /home/travis/build/icyphy/ptII/ptolemy/actor/lib/test/auto/functionsOnArcs.xml
----------------- Instantiating /home/travis/build/icyphy/ptII/ptolemy/actor/lib/test/auto/functionsOnArcs.xml
2 ms. Memory: 1784320K Free: 1155734K (65%)
----------------- Invoking toplevel() on ptolemy.moml.MoMLSimpleApplication@1f9e6f52
----------------- Done invoking toplevel() on ptolemy.moml.MoMLSimpleApplication@1f9e6f52
reloadAllAccessors: .functionsOnArcs

===========================================================================================
----------------- testing Tue Sep 25 02:13:40 UTC 2018 /home/travis/build/icyphy/ptII/ptolemy/actor/lib/test/auto/functionsOnArcsHOF.xml
----------------- Instantiating /home/travis/build/icyphy/ptII/ptolemy/actor/lib/test/auto/functionsOnArcsHOF.xml
2 ms. Memory: 1784320K Free: 1134796K (64%)
----------------- Invoking toplevel() on ptolemy.moml.MoMLSimpleApplication@424179d1
----------------- Done invoking toplevel() on ptolemy.moml.MoMLSimpleApplication@424179d1
reloadAllAccessors: .functionsOnArcsHOF

===========================================================================================
----------------- testing Tue Sep 25 02:13:40 UTC 2018 /home/travis/build/icyphy/ptII/ptolemy/actor/lib/test/auto/logic.xml
----------------- Instantiating /home/travis/build/icyphy/ptII/ptolemy/actor/lib/test/auto/logic.xml
2 ms. Memory: 1784320K Free: 1118084K (63%)
----------------- Invoking toplevel() on ptolemy.moml.MoMLSimpleApplication@5381bc8
----------------- Done invoking toplevel() on ptolemy.moml.MoMLSimpleApplication@5381bc8
reloadAllAccessors: .logic

===========================================================================================
----------------- testing Tue Sep 25 02:13:40 UTC 2018 /home/travis/build/icyphy/ptII/ptolemy/actor/lib/test/auto/matrixType.xml
----------------- Instantiating /home/travis/build/icyphy/ptII/ptolemy/actor/lib/test/auto/matrixType.xml
2 ms. Memory: 1784320K Free: 1097146K (61%)
----------------- Invoking toplevel() on ptolemy.moml.MoMLSimpleApplication@7eea7441
----------------- Done invoking toplevel() on ptolemy.moml.MoMLSimpleApplication@7eea7441
reloadAllAccessors: .matrixType

===========================================================================================
----------------- testing Tue Sep 25 02:13:40 UTC 2018 /home/travis/build/icyphy/ptII/ptolemy/actor/lib/test/auto/matrixType10.xml
----------------- Instantiating /home/travis/build/icyphy/ptII/ptolemy/actor/lib/test/auto/matrixType10.xml
2 ms. Memory: 1784320K Free: 1076208K (60%)
----------------- Invoking toplevel() on ptolemy.moml.MoMLSimpleApplication@2fd8b0e4
----------------- Done invoking toplevel() on ptolemy.moml.MoMLSimpleApplication@2fd8b0e4
reloadAllAccessors: .matrixType10

===========================================================================================
----------------- testing Tue Sep 25 02:13:40 UTC 2018 /home/travis/build/icyphy/ptII/ptolemy/actor/lib/test/auto/matrixType11.xml
----------------- Instantiating /home/travis/build/icyphy/ptII/ptolemy/actor/lib/test/auto/matrixType11.xml
1 ms. Memory: 1784320K Free: 1059497K (59%)
----------------- Invoking toplevel() on ptolemy.moml.MoMLSimpleApplication@46c09561
----------------- Done invoking toplevel() on ptolemy.moml.MoMLSimpleApplication@46c09561
reloadAllAccessors: .matrixType11

===========================================================================================
----------------- testing Tue Sep 25 02:13:40 UTC 2018 /home/travis/build/icyphy/ptII/ptolemy/actor/lib/test/auto/matrixType12.xml
----------------- Instantiating /home/travis/build/icyphy/ptII/ptolemy/actor/lib/test/auto/matrixType12.xml
1 ms. Memory: 1784320K Free: 1038518K (58%)
----------------- Invoking toplevel() on ptolemy.moml.MoMLSimpleApplication@4bdc9631
----------------- Done invoking toplevel() on ptolemy.moml.MoMLSimpleApplication@4bdc9631
reloadAllAccessors: .matrixType12

===========================================================================================
----------------- testing Tue Sep 25 02:13:40 UTC 2018 /home/travis/build/icyphy/ptII/ptolemy/actor/lib/test/auto/matrixType13.xml
----------------- Instantiating /home/travis/build/icyphy/ptII/ptolemy/actor/lib/test/auto/matrixType13.xml
1 ms. Memory: 1784320K Free: 1021806K (57%)
----------------- Invoking toplevel() on ptolemy.moml.MoMLSimpleApplication@14cf4c33
----------------- Done invoking toplevel() on ptolemy.moml.MoMLSimpleApplication@14cf4c33
reloadAllAccessors: .matrixType13

===========================================================================================
----------------- testing Tue Sep 25 02:13:40 UTC 2018 /home/travis/build/icyphy/ptII/ptolemy/actor/lib/test/auto/matrixType14.xml
----------------- Instantiating /home/travis/build/icyphy/ptII/ptolemy/actor/lib/test/auto/matrixType14.xml
1 ms. Memory: 1784320K Free: 1000868K (56%)
----------------- Invoking toplevel() on ptolemy.moml.MoMLSimpleApplication@417656c7
----------------- Done invoking toplevel() on ptolemy.moml.MoMLSimpleApplication@417656c7
reloadAllAccessors: .matrixType14

===========================================================================================
----------------- testing Tue Sep 25 02:13:40 UTC 2018 /home/travis/build/icyphy/ptII/ptolemy/actor/lib/test/auto/matrixType2.xml
----------------- Instantiating /home/travis/build/icyphy/ptII/ptolemy/actor/lib/test/auto/matrixType2.xml
2 ms. Memory: 1784320K Free: 979930K (55%)
----------------- Invoking toplevel() on ptolemy.moml.MoMLSimpleApplication@1622e1e7
----------------- Done invoking toplevel() on ptolemy.moml.MoMLSimpleApplication@1622e1e7
reloadAllAccessors: .matrixType2

===========================================================================================
----------------- testing Tue Sep 25 02:13:40 UTC 2018 /home/travis/build/icyphy/ptII/ptolemy/actor/lib/test/auto/matrixType3.xml
----------------- Instantiating /home/travis/build/icyphy/ptII/ptolemy/actor/lib/test/auto/matrixType3.xml
1 ms. Memory: 1784320K Free: 963219K (54%)
----------------- Invoking toplevel() on ptolemy.moml.MoMLSimpleApplication@6e5a3e71
----------------- Done invoking toplevel() on ptolemy.moml.MoMLSimpleApplication@6e5a3e71
reloadAllAccessors: .matrixType3

===========================================================================================
----------------- testing Tue Sep 25 02:13:40 UTC 2018 /home/travis/build/icyphy/ptII/ptolemy/actor/lib/test/auto/matrixType4.xml
----------------- Instantiating /home/travis/build/icyphy/ptII/ptolemy/actor/lib/test/auto/matrixType4.xml
1 ms. Memory: 1784320K Free: 942281K (53%)
----------------- Invoking toplevel() on ptolemy.moml.MoMLSimpleApplication@6b05dfd4
----------------- Done invoking toplevel() on ptolemy.moml.MoMLSimpleApplication@6b05dfd4
reloadAllAccessors: .matrixType4

===========================================================================================
----------------- testing Tue Sep 25 02:13:40 UTC 2018 /home/travis/build/icyphy/ptII/ptolemy/actor/lib/test/auto/matrixType5.xml
----------------- Instantiating /home/travis/build/icyphy/ptII/ptolemy/actor/lib/test/auto/matrixType5.xml
1 ms. Memory: 1784320K Free: 921343K (52%)
----------------- Invoking toplevel() on ptolemy.moml.MoMLSimpleApplication@3740dad6
----------------- Done invoking toplevel() on ptolemy.moml.MoMLSimpleApplication@3740dad6
reloadAllAccessors: .matrixType5

===========================================================================================
----------------- testing Tue Sep 25 02:13:40 UTC 2018 /home/travis/build/icyphy/ptII/ptolemy/actor/lib/test/auto/matrixType6.xml
----------------- Instantiating /home/travis/build/icyphy/ptII/ptolemy/actor/lib/test/auto/matrixType6.xml
1 ms. Memory: 1784320K Free: 904631K (51%)
----------------- Invoking toplevel() on ptolemy.moml.MoMLSimpleApplication@95c853b
----------------- Done invoking toplevel() on ptolemy.moml.MoMLSimpleApplication@95c853b
reloadAllAccessors: .matrixType6

===========================================================================================
----------------- testing Tue Sep 25 02:13:40 UTC 2018 /home/travis/build/icyphy/ptII/ptolemy/actor/lib/test/auto/matrixType7.xml
----------------- Instantiating /home/travis/build/icyphy/ptII/ptolemy/actor/lib/test/auto/matrixType7.xml
2 ms. Memory: 1784320K Free: 883693K (50%)
----------------- Invoking toplevel() on ptolemy.moml.MoMLSimpleApplication@74d07f08
----------------- Done invoking toplevel() on ptolemy.moml.MoMLSimpleApplication@74d07f08
reloadAllAccessors: .matrixType7

===========================================================================================
----------------- testing Tue Sep 25 02:13:40 UTC 2018 /home/travis/build/icyphy/ptII/ptolemy/actor/lib/test/auto/matrixType8.xml
----------------- Instantiating /home/travis/build/icyphy/ptII/ptolemy/actor/lib/test/auto/matrixType8.xml
1 ms. Memory: 1784320K Free: 862755K (48%)
----------------- Invoking toplevel() on ptolemy.moml.MoMLSimpleApplication@31ee0b8f
----------------- Done invoking toplevel() on ptolemy.moml.MoMLSimpleApplication@31ee0b8f
reloadAllAccessors: .matrixType8

===========================================================================================
----------------- testing Tue Sep 25 02:13:40 UTC 2018 /home/travis/build/icyphy/ptII/ptolemy/actor/lib/test/auto/matrixType9.xml
----------------- Instantiating /home/travis/build/icyphy/ptII/ptolemy/actor/lib/test/auto/matrixType9.xml
1 ms. Memory: 1784320K Free: 846044K (47%)
----------------- Invoking toplevel() on ptolemy.moml.MoMLSimpleApplication@2ac54fba
----------------- Done invoking toplevel() on ptolemy.moml.MoMLSimpleApplication@2ac54fba
reloadAllAccessors: .matrixType9

===========================================================================================
----------------- testing Tue Sep 25 02:13:40 UTC 2018 /home/travis/build/icyphy/ptII/ptolemy/actor/lib/test/auto/paraFunctest.xml
----------------- Instantiating /home/travis/build/icyphy/ptII/ptolemy/actor/lib/test/auto/paraFunctest.xml
1 ms. Memory: 1784320K Free: 825106K (46%)
----------------- Invoking toplevel() on ptolemy.moml.MoMLSimpleApplication@7fa6de5d
----------------- Done invoking toplevel() on ptolemy.moml.MoMLSimpleApplication@7fa6de5d
reloadAllAccessors: .paraFunctest

===========================================================================================
----------------- testing Tue Sep 25 02:13:40 UTC 2018 /home/travis/build/icyphy/ptII/ptolemy/actor/lib/test/auto/paraFunctest2.xml
----------------- Instantiating /home/travis/build/icyphy/ptII/ptolemy/actor/lib/test/auto/paraFunctest2.xml
1 ms. Memory: 1784320K Free: 804168K (45%)
----------------- Invoking toplevel() on ptolemy.moml.MoMLSimpleApplication@6b393fe2
----------------- Done invoking toplevel() on ptolemy.moml.MoMLSimpleApplication@6b393fe2
reloadAllAccessors: .paraFunctest2

===========================================================================================
----------------- testing Tue Sep 25 02:13:40 UTC 2018 /home/travis/build/icyphy/ptII/ptolemy/actor/lib/test/auto/parameterPassing.xml
----------------- Instantiating /home/travis/build/icyphy/ptII/ptolemy/actor/lib/test/auto/parameterPassing.xml
1 ms. Memory: 1784320K Free: 787456K (44%)
----------------- Invoking toplevel() on ptolemy.moml.MoMLSimpleApplication@3ebebbc7
----------------- Done invoking toplevel() on ptolemy.moml.MoMLSimpleApplication@3ebebbc7
reloadAllAccessors: .parameterPassing

===========================================================================================
----------------- testing Tue Sep 25 02:13:40 UTC 2018 /home/travis/build/icyphy/ptII/ptolemy/actor/lib/test/auto/record.xml
----------------- Instantiating /home/travis/build/icyphy/ptII/ptolemy/actor/lib/test/auto/record.xml
2 ms. Memory: 1784320K Free: 766518K (43%)
----------------- Invoking toplevel() on ptolemy.moml.MoMLSimpleApplication@22154319
----------------- Done invoking toplevel() on ptolemy.moml.MoMLSimpleApplication@22154319
reloadAllAccessors: .record

===========================================================================================
----------------- testing Tue Sep 25 02:13:40 UTC 2018 /home/travis/build/icyphy/ptII/ptolemy/actor/lib/test/auto/sizedarray1.xml
----------------- Instantiating /home/travis/build/icyphy/ptII/ptolemy/actor/lib/test/auto/sizedarray1.xml
2 ms. Memory: 1784320K Free: 749807K (42%)
----------------- Invoking toplevel() on ptolemy.moml.MoMLSimpleApplication@75f7d221
----------------- Done invoking toplevel() on ptolemy.moml.MoMLSimpleApplication@75f7d221
reloadAllAccessors: .sizedarray1

===========================================================================================
----------------- testing Tue Sep 25 02:13:40 UTC 2018 /home/travis/build/icyphy/ptII/ptolemy/actor/lib/test/auto/sizedarray2.xml
----------------- Instantiating /home/travis/build/icyphy/ptII/ptolemy/actor/lib/test/auto/sizedarray2.xml
1 ms. Memory: 1784320K Free: 728868K (41%)
----------------- Invoking toplevel() on ptolemy.moml.MoMLSimpleApplication@25740626
----------------- Done invoking toplevel() on ptolemy.moml.MoMLSimpleApplication@25740626
reloadAllAccessors: .sizedarray2

===========================================================================================
----------------- testing Tue Sep 25 02:13:40 UTC 2018 /home/travis/build/icyphy/ptII/ptolemy/actor/lib/test/auto/twoPublishers.xml
----------------- Instantiating /home/travis/build/icyphy/ptII/ptolemy/actor/lib/test/auto/twoPublishers.xml
1 ms. Memory: 1784320K Free: 699559K (39%)
----------------- Invoking toplevel() on ptolemy.moml.MoMLSimpleApplication@6f545d0b
----------------- Done invoking toplevel() on ptolemy.moml.MoMLSimpleApplication@6f545d0b
reloadAllAccessors: .twoPublishers
AutoTests.java: About to close Vertx.
AutoTests.java: Vertx closed.
]]></system-out>
  <system-err><![CDATA[java.lang.RuntimeException: Execution failed
	at ptolemy.moml.MoMLSimpleApplication$UnloadThread.run(MoMLSimpleApplication.java:402)
Caused by: java.lang.RuntimeException: Normally, we would exit here because Manager.exitAfterWrapup() was called.  However, because the ptolemy.ptII.exitAfterWrapup property is set, we throw this exception instead.
	at ptolemy.util.StringUtilities.exit(StringUtilities.java:363)
	at ptolemy.actor.Manager.wrapup(Manager.java:1531)
	at ptolemy.actor.Manager.execute(Manager.java:407)
	at ptolemy.actor.Manager.run(Manager.java:1263)
	at ptolemy.actor.Manager$PtolemyRunThread.run(Manager.java:1915)
Warning: '.top.test' is in training mode, set the trainingMode parameter to false before checking in
Warning: '.top.test' is in training mode, set the trainingMode parameter to false before checking in
Warning: '.top.test' is in training mode, set the trainingMode parameter to false before checking in
Warning: '.BooleanSwitch_RegressionTest_WrongTrainingValues.Test' is in training mode, set the trainingMode parameter to false before checking in
Warning: '.BooleanSwitch_RegressionTest_WrongTrainingValues.Test2' is in training mode, set the trainingMode parameter to false before checking in
Warning: '.BooleanSwitch_RegressionTest_WrongTrainingValues.Test2' The test produced 0 tokens.
Warning: '.top.testExceptionHandler' is in training mode, set the trainingMode parameter to false before checking in
java.lang.RuntimeException: Execution failed
	at ptolemy.moml.MoMLSimpleApplication$UnloadThread.run(MoMLSimpleApplication.java:402)
Caused by: ptolemy.kernel.util.IllegalActionException: PublisherPorts cannot be used at the top level, use a Publisher actor instead.
  in .PublisherPortToplevelSubscriber.PublisherPort
	at ptolemy.actor.PublisherPort.preinitialize(PublisherPort.java:403)
	at ptolemy.actor.CompositeActor.preinitialize(CompositeActor.java:1769)
	at ptolemy.actor.Manager.preinitializeAndResolveTypes(Manager.java:1040)
	at ptolemy.actor.Manager.initialize(Manager.java:710)
	at ptolemy.actor.Manager.execute(Manager.java:356)
	at ptolemy.actor.Manager.run(Manager.java:1263)
	at ptolemy.actor.Manager$PtolemyRunThread.run(Manager.java:1915)
java.lang.reflect.InvocationTargetException
	at sun.reflect.NativeConstructorAccessorImpl.newInstance0(Native Method)
	at sun.reflect.NativeConstructorAccessorImpl.newInstance(NativeConstructorAccessorImpl.java:62)
	at sun.reflect.DelegatingConstructorAccessorImpl.newInstance(DelegatingConstructorAccessorImpl.java:45)
	at java.lang.reflect.Constructor.newInstance(Constructor.java:423)
	at ptolemy.util.test.junit.AutoKnownFailedTests.RunModel(AutoKnownFailedTests.java:107)
	at sun.reflect.NativeMethodAccessorImpl.invoke0(Native Method)
	at sun.reflect.NativeMethodAccessorImpl.invoke(NativeMethodAccessorImpl.java:62)
	at sun.reflect.DelegatingMethodAccessorImpl.invoke(DelegatingMethodAccessorImpl.java:43)
	at java.lang.reflect.Method.invoke(Method.java:498)
	at org.junit.runners.model.FrameworkMethod$1.runReflectiveCall(FrameworkMethod.java:44)
	at org.junit.internal.runners.model.ReflectiveCallable.run(ReflectiveCallable.java:15)
	at org.junit.runners.model.FrameworkMethod.invokeExplosively(FrameworkMethod.java:41)
	at junitparams.internal.InvokeParameterisedMethod.evaluate(InvokeParameterisedMethod.java:102)
	at org.junit.internal.runners.statements.FailOnTimeout$1.run(FailOnTimeout.java:28)
Caused by: ptolemy.kernel.util.IllegalActionException: PublisherPorts cannot be used at the top level, use a Publisher actor instead.
  in .PublisherPortToplevelSubscriber.PublisherPort
	at ptolemy.actor.PublisherPort.preinitialize(PublisherPort.java:403)
	at ptolemy.actor.CompositeActor.preinitialize(CompositeActor.java:1769)
	at ptolemy.actor.Manager.preinitializeAndResolveTypes(Manager.java:1040)
	at ptolemy.actor.Manager.initialize(Manager.java:710)
	at ptolemy.actor.Manager.execute(Manager.java:356)
	at ptolemy.actor.Manager.run(Manager.java:1263)
	at ptolemy.actor.Manager$PtolemyRunThread.run(Manager.java:1915)
java.lang.RuntimeException: Execution failed
	at ptolemy.moml.MoMLSimpleApplication$UnloadThread.run(MoMLSimpleApplication.java:402)
Caused by: ptolemy.kernel.util.IllegalActionException: SubscriberPorts cannot be used at the top level, use a Subscriber actor instead.
  in .PublisherSubscriberPortToplevel.SubscriberPort
	at ptolemy.actor.SubscriberPort.preinitialize(SubscriberPort.java:328)
	at ptolemy.actor.CompositeActor.preinitialize(CompositeActor.java:1769)
	at ptolemy.actor.Manager.preinitializeAndResolveTypes(Manager.java:1040)
	at ptolemy.actor.Manager.initialize(Manager.java:710)
	at ptolemy.actor.Manager.execute(Manager.java:356)
	at ptolemy.actor.Manager.run(Manager.java:1263)
	at ptolemy.actor.Manager$PtolemyRunThread.run(Manager.java:1915)
java.lang.reflect.InvocationTargetException
	at sun.reflect.NativeConstructorAccessorImpl.newInstance0(Native Method)
	at sun.reflect.NativeConstructorAccessorImpl.newInstance(NativeConstructorAccessorImpl.java:62)
	at sun.reflect.DelegatingConstructorAccessorImpl.newInstance(DelegatingConstructorAccessorImpl.java:45)
	at java.lang.reflect.Constructor.newInstance(Constructor.java:423)
	at ptolemy.util.test.junit.AutoKnownFailedTests.RunModel(AutoKnownFailedTests.java:107)
	at sun.reflect.NativeMethodAccessorImpl.invoke0(Native Method)
	at sun.reflect.NativeMethodAccessorImpl.invoke(NativeMethodAccessorImpl.java:62)
	at sun.reflect.DelegatingMethodAccessorImpl.invoke(DelegatingMethodAccessorImpl.java:43)
	at java.lang.reflect.Method.invoke(Method.java:498)
	at org.junit.runners.model.FrameworkMethod$1.runReflectiveCall(FrameworkMethod.java:44)
	at org.junit.internal.runners.model.ReflectiveCallable.run(ReflectiveCallable.java:15)
	at org.junit.runners.model.FrameworkMethod.invokeExplosively(FrameworkMethod.java:41)
	at junitparams.internal.InvokeParameterisedMethod.evaluate(InvokeParameterisedMethod.java:102)
	at org.junit.internal.runners.statements.FailOnTimeout$1.run(FailOnTimeout.java:28)
Caused by: ptolemy.kernel.util.IllegalActionException: SubscriberPorts cannot be used at the top level, use a Subscriber actor instead.
  in .PublisherSubscriberPortToplevel.SubscriberPort
	at ptolemy.actor.SubscriberPort.preinitialize(SubscriberPort.java:328)
	at ptolemy.actor.CompositeActor.preinitialize(CompositeActor.java:1769)
	at ptolemy.actor.Manager.preinitializeAndResolveTypes(Manager.java:1040)
	at ptolemy.actor.Manager.initialize(Manager.java:710)
	at ptolemy.actor.Manager.execute(Manager.java:356)
	at ptolemy.actor.Manager.run(Manager.java:1263)
	at ptolemy.actor.Manager$PtolemyRunThread.run(Manager.java:1915)
java.lang.RuntimeException: Execution failed
	at ptolemy.moml.MoMLSimpleApplication$UnloadThread.run(MoMLSimpleApplication.java:402)
Caused by: ptolemy.kernel.util.IllegalActionException: SubscriptionAggregatorPorts cannot be used at the top level, use a SubscriptionAggregator actor instead.
  in .PublisherSubscriptionAggregatorPort.SubscriptionAggregatorPort
	at ptolemy.actor.SubscriptionAggregatorPort.preinitialize(SubscriptionAggregatorPort.java:353)
	at ptolemy.actor.CompositeActor.preinitialize(CompositeActor.java:1769)
	at ptolemy.actor.Manager.preinitializeAndResolveTypes(Manager.java:1040)
	at ptolemy.actor.Manager.initialize(Manager.java:710)
	at ptolemy.actor.Manager.execute(Manager.java:356)
	at ptolemy.actor.Manager.run(Manager.java:1263)
	at ptolemy.actor.Manager$PtolemyRunThread.run(Manager.java:1915)
java.lang.reflect.InvocationTargetException
	at sun.reflect.NativeConstructorAccessorImpl.newInstance0(Native Method)
	at sun.reflect.NativeConstructorAccessorImpl.newInstance(NativeConstructorAccessorImpl.java:62)
	at sun.reflect.DelegatingConstructorAccessorImpl.newInstance(DelegatingConstructorAccessorImpl.java:45)
	at java.lang.reflect.Constructor.newInstance(Constructor.java:423)
	at ptolemy.util.test.junit.AutoKnownFailedTests.RunModel(AutoKnownFailedTests.java:107)
	at sun.reflect.NativeMethodAccessorImpl.invoke0(Native Method)
	at sun.reflect.NativeMethodAccessorImpl.invoke(NativeMethodAccessorImpl.java:62)
	at sun.reflect.DelegatingMethodAccessorImpl.invoke(DelegatingMethodAccessorImpl.java:43)
	at java.lang.reflect.Method.invoke(Method.java:498)
	at org.junit.runners.model.FrameworkMethod$1.runReflectiveCall(FrameworkMethod.java:44)
	at org.junit.internal.runners.model.ReflectiveCallable.run(ReflectiveCallable.java:15)
	at org.junit.runners.model.FrameworkMethod.invokeExplosively(FrameworkMethod.java:41)
	at junitparams.internal.InvokeParameterisedMethod.evaluate(InvokeParameterisedMethod.java:102)
	at org.junit.internal.runners.statements.FailOnTimeout$1.run(FailOnTimeout.java:28)
Caused by: ptolemy.kernel.util.IllegalActionException: SubscriptionAggregatorPorts cannot be used at the top level, use a SubscriptionAggregator actor instead.
  in .PublisherSubscriptionAggregatorPort.SubscriptionAggregatorPort
	at ptolemy.actor.SubscriptionAggregatorPort.preinitialize(SubscriptionAggregatorPort.java:353)
	at ptolemy.actor.CompositeActor.preinitialize(CompositeActor.java:1769)
	at ptolemy.actor.Manager.preinitializeAndResolveTypes(Manager.java:1040)
	at ptolemy.actor.Manager.initialize(Manager.java:710)
	at ptolemy.actor.Manager.execute(Manager.java:356)
	at ptolemy.actor.Manager.run(Manager.java:1263)
	at ptolemy.actor.Manager$PtolemyRunThread.run(Manager.java:1915)
java.lang.RuntimeException: Execution failed
	at ptolemy.moml.MoMLSimpleApplication$UnloadThread.run(MoMLSimpleApplication.java:402)
Caused by: ptolemy.kernel.util.IllegalActionException: TypeTest actor has no training data.
  in .sizedarray3.TypeTest
	at ptolemy.actor.lib.TypeTest.initialize(TypeTest.java:250)
	at ptolemy.actor.Director.initialize(Director.java:938)
	at ptolemy.actor.Director.initialize(Director.java:907)
	at ptolemy.actor.sched.StaticSchedulingDirector.initialize(StaticSchedulingDirector.java:159)
	at ptolemy.domains.sdf.kernel.SDFDirector.initialize(SDFDirector.java:544)
	at ptolemy.actor.CompositeActor.initialize(CompositeActor.java:935)
	at ptolemy.actor.Manager.initialize(Manager.java:724)
	at ptolemy.actor.Manager.execute(Manager.java:356)
	at ptolemy.actor.Manager.run(Manager.java:1263)
	at ptolemy.actor.Manager$PtolemyRunThread.run(Manager.java:1915)
java.lang.reflect.InvocationTargetException
	at sun.reflect.NativeConstructorAccessorImpl.newInstance0(Native Method)
	at sun.reflect.NativeConstructorAccessorImpl.newInstance(NativeConstructorAccessorImpl.java:62)
	at sun.reflect.DelegatingConstructorAccessorImpl.newInstance(DelegatingConstructorAccessorImpl.java:45)
	at java.lang.reflect.Constructor.newInstance(Constructor.java:423)
	at ptolemy.util.test.junit.AutoKnownFailedTests.RunModel(AutoKnownFailedTests.java:107)
	at sun.reflect.NativeMethodAccessorImpl.invoke0(Native Method)
	at sun.reflect.NativeMethodAccessorImpl.invoke(NativeMethodAccessorImpl.java:62)
	at sun.reflect.DelegatingMethodAccessorImpl.invoke(DelegatingMethodAccessorImpl.java:43)
	at java.lang.reflect.Method.invoke(Method.java:498)
	at org.junit.runners.model.FrameworkMethod$1.runReflectiveCall(FrameworkMethod.java:44)
	at org.junit.internal.runners.model.ReflectiveCallable.run(ReflectiveCallable.java:15)
	at org.junit.runners.model.FrameworkMethod.invokeExplosively(FrameworkMethod.java:41)
	at junitparams.internal.InvokeParameterisedMethod.evaluate(InvokeParameterisedMethod.java:102)
	at org.junit.internal.runners.statements.FailOnTimeout$1.run(FailOnTimeout.java:28)
Caused by: ptolemy.kernel.util.IllegalActionException: TypeTest actor has no training data.
  in .sizedarray3.TypeTest
	at ptolemy.actor.lib.TypeTest.initialize(TypeTest.java:250)
	at ptolemy.actor.Director.initialize(Director.java:938)
	at ptolemy.actor.Director.initialize(Director.java:907)
	at ptolemy.actor.sched.StaticSchedulingDirector.initialize(StaticSchedulingDirector.java:159)
	at ptolemy.domains.sdf.kernel.SDFDirector.initialize(SDFDirector.java:544)
	at ptolemy.actor.CompositeActor.initialize(CompositeActor.java:935)
	at ptolemy.actor.Manager.initialize(Manager.java:724)
	at ptolemy.actor.Manager.execute(Manager.java:356)
	at ptolemy.actor.Manager.run(Manager.java:1263)
	at ptolemy.actor.Manager$PtolemyRunThread.run(Manager.java:1915)
ptolemy.kernel.util.InternalErrorException: Exec Stdout Gobbler-4: Failed while reading from java.lang.UNIXProcess$ProcessPipeInputStream@79a0ca6c. To avoid this, try setting the ignoreIOExceptionReadErrors parameter to true.null
  in .ExecEnvironment.Exec
Because:
Stream closed
	at ptolemy.actor.lib.Exec$_StreamReaderThread._read(Exec.java:762)
	at ptolemy.actor.lib.Exec$_StreamReaderThread.run(Exec.java:706)
Caused by: java.io.IOException: Stream closed
	at sun.nio.cs.StreamDecoder.ensureOpen(StreamDecoder.java:46)
	at sun.nio.cs.StreamDecoder.read(StreamDecoder.java:148)
	at java.io.InputStreamReader.read(InputStreamReader.java:184)
	at ptolemy.actor.lib.Exec$_StreamReaderThread._read(Exec.java:724)
	... 1 more
Caused by: java.io.IOException: Stream closed
	at sun.nio.cs.StreamDecoder.ensureOpen(StreamDecoder.java:46)
	at sun.nio.cs.StreamDecoder.read(StreamDecoder.java:148)
	at java.io.InputStreamReader.read(InputStreamReader.java:184)
	at ptolemy.actor.lib.Exec$_StreamReaderThread._read(Exec.java:724)
	at ptolemy.actor.lib.Exec$_StreamReaderThread.run(Exec.java:706)
]]></system-err>
</testsuite>
