<?xml version="1.0" encoding="UTF-8" ?>
<testsuite errors="0" failures="0" hostname="travis-job-8f4dfdba-8f27-4c6a-a886-520d858a9647" name="ptolemy.domains.de.test.junit.JUnitTclTest" skipped="0" tests="101" time="127.864" timestamp="2019-01-28T03:21:09">
  <properties>
    <property name="npm.executable" value="npm" />
    <property name="file.encoding.pkg" value="sun.io" />
    <property name="env.TRAVIS_ROOT" value="/" />
    <property name="ptII.mk.exists" value="true" />
    <property name="env.TRAVIS_APP_HOST" value="build.travis-ci.org" />
    <property name="env.rvm_bin_path" value="/home/travis/.rvm/bin" />
    <property name="java.home" value="/usr/lib/jvm/java-8-oracle/jre" />
    <property name="env.TRAVIS_JOB_NUMBER" value="974.9" />
    <property name="env.TRAVIS_HOME" value="/home/travis" />
    <property name="env.DISPLAY" value=":99.0" />
    <property name="java.net.preferIPv4Stack" value="true" />
    <property name="env.TRAVIS_INIT" value="upstart" />
    <property name="env.SSH_TTY" value="/dev/pts/0" />
    <property name="env.RUN_TESTS" value="false" />
    <property name="timeout.short" value="1000000" />
    <property name="env.TRAVIS_JOB_NAME" value="" />
    <property name="env.TRAVIS_STACK_NODE_ATTRIBUTES" value="/.node-attributes.yml" />
    <property name="junit.formatter" value="xml" />
    <property name="java.endorsed.dirs" value="/usr/lib/jvm/java-8-oracle/jre/lib/endorsed" />
    <property name="env.TRAVIS_SUDO" value="true" />
    <property name="env.LOGNAME" value="travis" />
    <property name="jsdoc.home" value="node_modules/@terraswarm/jsdoc" />
    <property name="debuglevel" value="source,lines,vars" />
    <property name="checkstyle.formatter" value="xml" />
    <property name="bin.vergil.makeable" value="true" />
    <property name="env._system_version" value="14.04" />
    <property name="sun.os.patch.level" value="unknown" />
    <property name="java.vendor.url" value="http://java.oracle.com/" />
    <property name="env.TRAVIS_BUILD_WEB_URL" value="https://travis-ci.org/icyphy/ptII/builds/485213485" />
    <property name="java.version" value="1.8.0_151" />
    <property name="env.TZ" value="UTC" />
    <property name="env.PT_NO_NET" value="true" />
    <property name="env.TRAVIS_PULL_REQUEST_SHA" value="" />
    <property name="env.TRAVIS_SECURE_ENV_VARS" value="true" />
    <property name="env._system_type" value="Linux" />
    <property name="java.vendor.url.bug" value="http://bugreport.sun.com/bugreport/" />
    <property name="env.SSH_CLIENT" value="10.10.4.114 49394 22" />
    <property name="npmjs-org-is-up" value="true" />
    <property name="env.GEM_HOME" value="/home/travis/.rvm/gems/ruby-2.4.1" />
    <property name="env.HAS_ANTARES_THREE_LITTLE_FRONZIES_BADGE" value="true" />
    <property name="env.PS4" value="+" />
    <property name="ant.project.invoked-targets" value="build,test.core2.xml" />
    <property name="env.TRAVIS_PULL_REQUEST_BRANCH" value="" />
    <property name="env.TRAVIS_REPO_SLUG" value="icyphy/ptII" />
    <property name="env.TRAVIS_APT_PROXY" value="http://build-cache.travisci.net" />
    <property name="node.in.path" value="true" />
    <property name="java.maxmemory" value="1400m" />
    <property name="env.RUBY_VERSION" value="ruby-2.4.1" />
    <property name="user.name" value="travis" />
    <property name="env.LANG" value="en_US.UTF-8" />
    <property name="sun.io.unicode.encoding" value="UnicodeLittle" />
    <property name="sun.jnu.encoding" value="UTF-8" />
    <property name="java.runtime.name" value="Java(TM) SE Runtime Environment" />
    <property name="usefile" value="false" />
    <property name="return.code" value="0" />
    <property name="junit.single.formatter" value="plain" />
    <property name="env.DYLD_LIBRARY_PATH" value="/home/travis/pthla/certi-tools/lib:" />
    <property name="env.DEBIAN_FRONTEND" value="noninteractive" />
    <property name="env.SSH_CONNECTION" value="10.10.4.114 49394 10.20.1.37 22" />
    <property name="env.MYSQL_UNIX_PORT" value="/var/run/mysqld/mysqld.sock" />
    <property name="env.TRAVIS_ALLOW_FAILURE" value="false" />
    <property name="env.LC_ALL" value="en_US.UTF-8" />
    <property name="env.TRAVIS_JOB_WEB_URL" value="https://travis-ci.org/icyphy/ptII/jobs/485213494" />
    <property name="java.specification.name" value="Java Platform API Specification" />
    <property name="node.works" value="true" />
    <property name="user.timezone" value="" />
    <property name="path.separator" value=":" />
    <property name="env.TRAVIS_ENABLE_INFRA_DETECTION" value="true" />
    <property name="env.PYTHON_CFLAGS" value="-g -fstack-protector --param=ssp-buffer-size=4 -Wformat -Werror=format-security" />
    <property name="timeout.long" value="4000000" />
    <property name="env.CERTI_HOME" value="/home/travis/pthla/certi-tools" />
    <property name="file.encoding" value="UTF-8" />
    <property name="ant.file.ptII" value="/home/travis/build/icyphy/ptII/build.xml" />
    <property name="javadoc.packagenames" value="com.*,diva.*,lbnl.*,org.hlacerti.*,org.json.*,org.ptolemy.*,org.terraswarm.*,ptolemy.*,ptserver.*" />
    <property name="env.TRAVIS_PULL_REQUEST_SLUG" value="" />
    <property name="ant.project.default-target" value="build" />
    <property name="env.GIT_ASKPASS" value="echo" />
    <property name="env.HOME" value="/home/travis" />
    <property name="sun.java.command" value="org.apache.tools.ant.taskdefs.optional.junit.JUnitTestRunner ptolemy.domains.de.test.junit.JUnitTclTest skipNonTests=false filtertrace=true haltOnError=false haltOnFailure=false formatter=org.apache.tools.ant.taskdefs.optional.junit.OutErrSummaryJUnitResultFormatter showoutput=true outputtoformatters=true logfailedtests=true threadid=0 logtestlistenerevents=false formatter=org.apache.tools.ant.taskdefs.optional.junit.XMLJUnitResultFormatter,/home/travis/build/icyphy/ptII/reports/junit/TEST-ptolemy.domains.de.test.junit.JUnitTclTest.xml crashfile=/home/travis/build/icyphy/ptII/junitvmwatcher2774641665918689970.properties propsfile=/home/travis/build/icyphy/ptII/junit8185358511112742331.properties" />
    <property name="env.MANPATH" value="/home/travis/.nvm/versions/node/v7.10.1/share/man:/home/travis/.kiex/elixirs/elixir-1.4.5/man:/home/travis/.rvm/rubies/ruby-2.4.1/share/man:/usr/local/man:/usr/local/cmake-3.9.2/man:/usr/local/clang-5.0.0/share/man:/usr/local/share/man:/usr/share/man:/home/travis/.rvm/man" />
    <property name="env.COMPOSER_NO_INTERACTION" value="1" />
    <property name="env.JDK_SWITCHER_DEFAULT" value="oraclejdk8" />
    <property name="env.TRAVIS_TIMER_ID" value="0282c80f" />
    <property name="ant.file" value="/home/travis/build/icyphy/ptII/build.xml" />
    <property name="env.TRAVIS_COMMIT_RANGE" value="264bb9462771105fc8444c5b02eb6da2e880a9e5...ebf84cbfd252356f5beedda040af463b9af0745b" />
    <property name="env._system_name" value="Ubuntu" />
    <property name="timeout" value="2400000" />
    <property name="ptII.classpath.optional.property" value="/home/travis/build/icyphy/ptII/lib/bsh-2.0b4.jar:/home/travis/build/icyphy/ptII/lib/ptCal.jar:/home/travis/build/icyphy/ptII/lib/java_cup.jar:/home/travis/build/icyphy/ptII/lib/saxon8.jar:/home/travis/build/icyphy/ptII/lib/saxon8-dom.jar:/home/travis/build/icyphy/ptII/lib/chic.jar:/home/travis/build/icyphy/ptII/lib/ptcolt.jar:/usr/lib/jvm/java-8-oracle/lib/tools.jar:/home/travis/build/icyphy/ptII/vendors/misc/itext/iText.jar:/home/travis/build/icyphy/ptII/lib/g4ltl.jar:/home/travis/build/icyphy/ptII/lib/StructuralCoder.jar:/home/travis/build/icyphy/ptII/vendors/jai-1_1_2_01/lib/jai_core.jar:/home/travis/build/icyphy/ptII/vendors/jai-1_1_2_01/lib/jai_codec.jar:/home/travis/build/icyphy/ptII/lib/jcerti.jar:/home/travis/build/icyphy/ptII/lib/javax.mail.jar:/home/travis/build/icyphy/ptII/vendors/JMF-2.1.1e/lib/jmf.jar:/home/travis/build/icyphy/ptII/lib/jna-4.0.0-variadic.jar:/home/travis/build/icyphy/ptII/vendors/misc/joystick/Joystick.jar:/home/travis/build/icyphy/ptII/lib/ptjacl.jar:/home/travis/build/icyphy/ptII/lib/jsoup-1.8.2.jar:/home/travis/build/icyphy/ptII/lib/junit-4.8.2.jar:/home/travis/build/icyphy/ptII/lib/JUnitParams-0.4.0.jar:/home/travis/build/icyphy/ptII/ptolemy/actor/lib/excel/jxl.jar:/home/travis/build/icyphy/ptII/lib/jython.jar:/home/travis/build/icyphy/ptII/lib/kieler.jar:/home/travis/build/icyphy/ptII/vendors/opencv/share/OpenCV/java/opencv-341.jar:/home/travis/build/icyphy/ptII/lib/oscP5.jar:/home/travis/build/icyphy/ptII/lib/nrjavaserial-3.11.0.devel.jar:/home/travis/build/icyphy/ptII/vendors/j3d/lib/j3dcore.jar:/home/travis/build/icyphy/ptII/vendors/j3d/lib/j3dutils.jar:/home/travis/build/icyphy/ptII/vendors/j3d/lib/vecmath.jar:/home/travis/build/icyphy/ptII/ptolemy/distributed/jini/jar/jini-core.jar:/home/travis/build/icyphy/ptII/ptolemy/distributed/jini/jar/jini-ext.jar:/home/travis/build/icyphy/ptII/ptolemy/distributed/jini/jar/sun-util.jar:/home/travis/build/icyphy/ptII/lib/protobuf-java-2.4.1.jar:/home/travis/build/icyphy/ptII/lib/org.eclipse.paho.client.mqttv3.jar:/home/travis/build/icyphy/ptII/lib/mapss.jar:/home/travis/build/icyphy/ptII/ptolemy/actor/ptalon/antlr/antlr.jar:/home/travis/build/icyphy/ptII/lib/JRI.jar:/home/travis/build/icyphy/ptII/lib/commons-lang-2.6.jar:/home/travis/build/icyphy/ptII/lib/commons-logging-1.1.1.jar:/home/travis/build/icyphy/ptII/lib/sootclasses.jar:/home/travis/build/icyphy/ptII/ptolemy/actor/lib/database/mysql-connector-java-5.1.6-bin.jar:/home/travis/build/icyphy/ptII/vendors/misc/sphinx4/sphinx4-data-5prealpha.jar:/home/travis/build/icyphy/ptII/vendors/misc/sphinx4/sphinx4-core-5prealpha.jar:/home/travis/build/icyphy/ptII/lib/PDFRenderer.jar:/home/travis/build/icyphy/ptII/lib/svgSalamander.jar:/home/travis/build/icyphy/ptII/lib/rsyntaxtextarea-2.6.0-SNAPSHOT.jar:/home/travis/build/icyphy/ptII/lib/hazelcast-3.8.2.jar:/home/travis/build/icyphy/ptII/lib/jackson-annotations-2.9.0.jar:/home/travis/build/icyphy/ptII/lib/jackson-core-2.9.3.jar:/home/travis/build/icyphy/ptII/lib/jackson-databind-2.9.3.jar:/home/travis/build/icyphy/ptII/lib/netty-buffer-4.1.19.Final.jar:/home/travis/build/icyphy/ptII/lib/netty-codec-4.1.19.Final.jar:/home/travis/build/icyphy/ptII/lib/netty-codec-dns-4.1.19.Final.jar:/home/travis/build/icyphy/ptII/lib/netty-codec-http-4.1.19.Final.jar:/home/travis/build/icyphy/ptII/lib/netty-codec-http2-4.1.19.Final.jar:/home/travis/build/icyphy/ptII/lib/netty-common-4.1.19.Final.jar:/home/travis/build/icyphy/ptII/lib/netty-handler-4.1.19.Final.jar:/home/travis/build/icyphy/ptII/lib/netty-resolver-4.1.19.Final.jar:/home/travis/build/icyphy/ptII/lib/netty-resolver-dns-4.1.19.Final.jar:/home/travis/build/icyphy/ptII/lib/netty-transport-4.1.19.Final.jar:/home/travis/build/icyphy/ptII/lib/vertx-codegen-3.5.1.jar:/home/travis/build/icyphy/ptII/lib/vertx-core-3.5.2-SNAPSHOT.jar:/home/travis/build/icyphy/ptII/lib/vertx-hazelcast-3.5.1.jar:/home/travis/build/icyphy/ptII/lib/vertx-lang-js-3.5.1.jar:/home/travis/build/icyphy/ptII/lib/vertx-service-proxy-3.5.1.jar:/home/travis/build/icyphy/ptII/lib/vertx-web-3.5.1.jar:/home/travis/build/icyphy/ptII/lib/slf4j-api-1.7.13.jar:/home/travis/build/icyphy/ptII/lib/slf4j-simple-1.7.13.jar:/home/travis/build/icyphy/ptII/lib/webcam-capture-0.3.12.jar:/home/travis/build/icyphy/ptII/lib/bridj-0.7.0.jar:/home/travis/build/icyphy/ptII/lib/xbjlib-1.1.0.nrjavaserial.jar" />
    <property name="test.batch" value="**/junit/*.java" />
    <property name="env._" value="/usr/bin/timeout" />
    <property name="java.io.tmpdir" value="/tmp" />
    <property name="env.TRAVIS_INTERNAL_RUBY_REGEX" value="^ruby-(2\.[0-4]\.[0-9]|1\.9\.3)" />
    <property name="user.language" value="en" />
    <property name="env.HISTCONTROL" value="ignoredups:ignorespace" />
    <property name="env.GOROOT" value="/home/travis/.gimme/versions/go1.7.4.linux.amd64" />
    <property name="line.separator" value="&#xa;" />
    <property name="target" value="1.8" />
    <property name="env.TRAVIS_BUILD_DIR" value="/home/travis/build/icyphy/ptII" />
    <property name="env.ANT_OPTS" value="-Xmx2048m" />
    <property name="ant.file.type" value="file" />
    <property name="ptolemy.ptII.batchMode" value="true" />
    <property name="env.HISTSIZE" value="1000" />
    <property name="env.MERB_ENV" value="test" />
    <property name="java.vm.info" value="mixed mode" />
    <property name="source" value="1.8" />
    <property name="java.vm.specification.name" value="Java Virtual Machine Specification" />
    <property name="env.TRAVIS_TEST_RESULT" value="0" />
    <property name="jsdoc.command" value="node_modules/@terraswarm/jsdoc/jsdoc.js" />
    <property name="npm.works" value="true" />
    <property name="cobertura.dir" value="/home/travis/build/icyphy/ptII/vendors/cobertura-2.0.3" />
    <property name="env.rvm_path" value="/home/travis/.rvm" />
    <property name="env.GEM_PATH" value="/home/travis/.rvm/gems/ruby-2.4.1:/home/travis/.rvm/gems/ruby-2.4.1@global" />
    <property name="env.LC_CTYPE" value="en_US.UTF-8" />
    <property name="java.awt.printerjob" value="sun.print.PSPrinterJob" />
    <property name="env.TRAVIS_CMD" value="$PTII/bin/ptIITravisBuild.sh $SECONDS" />
    <property name="env.TRAVIS_STACK_NAME" value="garnet" />
    <property name="env.TRAVIS_TIMER_START_TIME" value="1548645321812384660" />
    <property name="ant.version" value="Apache Ant(TM) version 1.10.1 compiled on February 2 2017" />
    <property name="ptII.reports" value="/home/travis/build/icyphy/ptII/reports" />
    <property name="env.TRAVIS_STACK_TIMESTAMP" value="2017-12-05 19:33:09 UTC" />
    <property name="ant.file.type.ptII" value="file" />
    <property name="env.RBENV_SHELL" value="bash" />
    <property name="os.name" value="Linux" />
    <property name="java.specification.vendor" value="Oracle Corporation" />
    <property name="env.rvm_version" value="1.29.3 (latest)" />
    <property name="env.TRAVIS_INFRA" value="gce" />
    <property name="env.TERM" value="xterm" />
    <property name="java.vm.name" value="Java HotSpot(TM) 64-Bit Server VM" />
    <property name="env.TRAVIS_BUILD_NUMBER" value="974" />
    <property name="env.CI" value="true" />
    <property name="java.library.path" value="/home/travis/pthla/certi-tools/lib:/usr/lib/jni:/usr/local/share/OpenCV/java/:/usr/share/OpenCV/java::/usr/java/packages/lib/amd64:/usr/lib64:/lib64:/lib:/usr/lib" />
    <property name="env.rvm_prefix" value="/home/travis" />
    <property name="env.PATH" value="/home/travis/pthla/certi-tools/share/scripts:/home/travis/.rvm/gems/ruby-2.4.1/bin:/home/travis/.rvm/gems/ruby-2.4.1@global/bin:/home/travis/.rvm/rubies/ruby-2.4.1/bin:/home/travis/.rvm/bin:/home/travis/.nvm/versions/node/v7.10.1/bin:./node_modules/.bin:/home/travis/build/icyphy/ptII/bin:/home/travis/pthla/certi-tools/bin:/home/travis/bin:/home/travis/.local/bin:/opt/pyenv/shims:/home/travis/.phpenv/shims:/home/travis/perl5/perlbrew/bin:/home/travis/.kiex/elixirs/elixir-1.4.5/bin:/home/travis/.kiex/bin:/home/travis/gopath/bin:/home/travis/.gimme/versions/go1.7.4.linux.amd64/bin:/usr/local/phantomjs/bin:/usr/local/phantomjs:/usr/local/neo4j-3.2.7/bin:/usr/local/maven-3.5.2/bin:/usr/local/cmake-3.9.2/bin:/usr/local/clang-5.0.0/bin:/usr/local/sbin:/usr/local/bin:/usr/sbin:/usr/bin:/sbin:/bin:/home/travis/.phpenv/bin:/opt/pyenv/bin:/home/travis/.yarn/bin" />
    <property name="env.TRAVIS_OS_NAME" value="linux" />
    <property name="ant.java.version" value="1.8" />
    <property name="basedir" value="/home/travis/build/icyphy/ptII" />
    <property name="java.class.version" value="52.0" />
    <property name="env.SHLVL" value="3" />
    <property name="env.LD_LIBRARY_PATH" value="/home/travis/pthla/certi-tools/lib:/usr/lib/jni:/usr/local/share/OpenCV/java/:/usr/share/OpenCV/java:" />
    <property name="env.RACK_ENV" value="test" />
    <property name="ant.home" value="/home/travis/build/icyphy/ptII/ant" />
    <property name="env.PERLBREW_BASHRC_VERSION" value="0.80" />
    <property name="env.NVM_DIR" value="/home/travis/.nvm" />
    <property name="env.TRAVIS_BUILD_ID" value="485213485" />
    <property name="env.CERTI_FOM_PATH" value="/home/travis/pthla/certi-tools/share/federations" />
    <property name="env.PYENV_ROOT" value="/opt/pyenv" />
    <property name="env.TRAVIS_UID" value="2000" />
    <property name="env.rvm_pretty_print_flag" value="auto" />
    <property name="env.NVM_BIN" value="/home/travis/.nvm/versions/node/v7.10.1/bin" />
    <property name="env.TRAVIS_COMMIT" value="ebf84cbfd252356f5beedda040af463b9af0745b" />
    <property name="env._system_arch" value="x86_64" />
    <property name="node.executable" value="node" />
    <property name="sun.boot.library.path" value="/usr/lib/jvm/java-8-oracle/jre/lib/amd64" />
    <property name="sun.management.compiler" value="HotSpot 64-Bit Tiered Compilers" />
    <property name="env.GOPATH" value="/home/travis/gopath" />
    <property name="java.awt.graphicsenv" value="sun.awt.X11GraphicsEnvironment" />
    <property name="ptolemy.ptII.dir" value="/home/travis/build/icyphy/ptII" />
    <property name="env.USER" value="travis" />
    <property name="env.HISTFILESIZE" value="2000" />
    <property name="timeout.longest" value="19000000" />
    <property name="env.TRAVIS_STACK_FEATURES" value="basic cassandra chromium couchdb disabled-ipv6 docker docker-compose elasticsearch firefox go-toolchain google-chrome jdk memcached mongodb mysql neo4j nodejs_interpreter perl_interpreter perlbrew phantomjs postgresql python_interpreter rabbitmq redis riak ruby_interpreter sqlite xserver" />
    <property name="env.TRAVIS_PULL_REQUEST" value="false" />
    <property name="env.PYENV_SHELL" value="bash" />
    <property name="ant.project.name" value="ptII" />
    <property name="java.vm.specification.version" value="1.8" />
    <property name="env.ANSI_RESET" value="\033[0m" />
    <property name="env.TRAVIS_DIST" value="trusty" />
    <property name="env.CERTI_VERSION" value="4.0.0" />
    <property name="env.NLSPATH" value="/usr/dt/lib/nls/msg/%L/%N.cat" />
    <property name="awt.toolkit" value="sun.awt.X11.XToolkit" />
    <property name="env.CERTI_HOST" value="localhost" />
    <property name="env.MY_RUBY_HOME" value="/home/travis/.rvm/rubies/ruby-2.4.1" />
    <property name="sun.cpu.isalist" value="" />
    <property name="env.TRAVIS_TMPDIR" value="/tmp/tmp.ncmInMzhIt" />
    <property name="java.ext.dirs" value="/usr/lib/jvm/java-8-oracle/jre/lib/ext:/usr/java/packages/lib/ext" />
    <property name="os.version" value="4.4.0-101-generic" />
    <property name="user.home" value="/home/travis" />
    <property name="env.MIX_ARCHIVES" value="/home/travis/.kiex/mix/elixir-1.4.5" />
    <property name="java.vm.vendor" value="Oracle Corporation" />
    <property name="env.TRAVIS_TAG" value="nightly" />
    <property name="env.ANSI_YELLOW" value="\033[33;1m" />
    <property name="env.TRAVIS_FILTERED" value="redirect_io" />
    <property name="env.ANSI_GREEN" value="\033[32;1m" />
    <property name="env.JAVA_HOME" value="/usr/lib/jvm/java-8-oracle" />
    <property name="env.PTII" value="/home/travis/build/icyphy/ptII" />
    <property name="javadoc.excludepackagenames" value="adm.cvs2svn.*,build.*,config.*,doc.coding.templates.*,jni.test.jni.meaningOfLife.*,jni.test.jni.testDeux.*,jni.test.jni.testTrois.*,org.terraswarm.accessor.accessors.web.node_modules.*,org.terraswarm.accessor.accessors.web.hosts.cordova.demo.*,org.terraswarm.accessor.accessors.web.hosts.cordova.plugins.*,org.terraswarm.accessor.accessors-svn.*,pt-modules.*,ptolemy.apps.agilent.*,ptolemy.apps.anytimecontrol.*,ptolemy.apps.apes.*,ptolemy.apps.charon.*,ptolemy.apps.crazyboard.*,ptolemy.apps.eclipse.*,ptolemy.apps.etherealSting.*,ptolemy.apps.fullscreen.*,ptolemy.apps.giotto.*,ptolemy.apps.ia.*,ptolemy.apps.interfaces.*,ptolemy.apps.jmf.*,ptolemy.apps.kurt.*,ptolemy.apps.kvm.*,ptolemy.apps.lego.*,ptolemy.apps.lejos.*,ptolemy.apps.midp.*,ptolemy.apps.mobileCoding.*,ptolemy.apps.pendulum.*,ptolemy.apps.rijndael.*,ptolemy.apps.robot.*,ptolemy.apps.security.*,ptolemy.apps.sobel.*,ptolemy.apps.soot.*,ptolemy.apps.throttle.*,ptolemy.apps.tini.*,ptolemy.apps.transmission.*,ptolemy.apps.vergil.*,ptolemy.apps.waba.*,ptolemy.apps.websensor.*,ptolemy.apps.webstart.*,ptolemy.apps.xsl.*,ptolemy.apps.zaurus.*,ptolemy.codegen.c.actor.lib.oldJavaFiles.*,ptolemy.codegen.dsp.lib.*,ptolemy.codegen.kernel.newInterfaces.*,ptolemy.codegen.lib.*,ptolemy.copernicus.kernel.fragment.*,ptolemy.copernicus.shallow.cg.*,ptolemy.domains.giotto.demo.Hierarchy.Hierarchy.*,ptolemy.domains.giotto.demo.Multimode.Multimode.*,ptolemy.domains.giotto.demo.Simple.Simple.*,ptolemy.domains.gr.lib.experimental.*,ptolemy.domains.gro.*,ptolemy.domains.pdf.*,ptolemy.domains.ptinyos.demo.Surge.output.*,ptolemy.moml.test.NoPackageActor.java*,ptolemy.plot.adm.*,ptolemy.plot.servlet.*,reports.*,signed.*,src.*,target.*,vendors.*,ptolemy.apps.eclipse.awt.*,ptolemy.backtrack.*,ptolemy.backtrack.ast.*,ptdb.kernel.database.*,ptolemy.cg.adapter.generic.program.procedural.c.mbed*,ptolemy.homer.*,org.ptolemy.scala.*,diva.util.java2d.svg.*,ptolemy.domains.ptinyos.*,ptolemy.actor.lib.fmi.fmipp.*,,org.terraswarm.accessor.accessors.web.node_modules.*,org.terraswarm.accessor.accessors-svn,ptolemy.apps.*,ptolemy.actor.ptalon.demo.ptinyos.SendAndReceiveCnt.output,ptolemy.actor.ptalon.demo.ptinyos.SenseToLeds.output,ptolemy.domains.ptinyos.demo.CntToLedsAndRfm.output,ptolemy.domains.ptinyos.demo.RfmToLeds.output,ptolemy.domains.ptinyos.demo.SendAndReceiveCnt.output,ptolemy.domains.ptinyos.demo.SenseToLeds.output,ptolemy.actor.lib.jjs.modules.udpSocket.*" />
    <property name="env.TRAVIS_COMMIT_MESSAGE" value="Adding a separate 2Billes2FedCpp demo for interacting with Billard demo shipped with CERTI4.0.0." />
    <property name="keystore" value="ptKeystore" />
    <property name="env.XDG_SESSION_ID" value="2" />
    <property name="junit.output.dir" value="/home/travis/build/icyphy/ptII/reports/junit" />
    <property name="npm.return.code" value="0" />
    <property name="user.dir" value="/home/travis/build/icyphy/ptII/ptolemy/domains/de/test" />
    <property name="env.TRAVIS_NODE_VERSION" value="7" />
    <property name="env.XFILESEARCHPATH" value="/usr/dt/app-defaults/%L/Dt" />
    <property name="env.TRAVIS_EVENT_TYPE" value="cron" />
    <property name="env.MAIL" value="/var/mail/travis" />
    <property name="env.PWD" value="/home/travis/build/icyphy/ptII" />
    <property name="env.PERLBREW_ROOT" value="/home/travis/perl5/perlbrew" />
    <property name="timeout.npm" value="45000" />
    <property name="env.PT_TRAVIS_TEST_CORE2_XML" value="true" />
    <property name="env.TRAVIS_ARCH" value="amd64" />
    <property name="env.PAGER" value="cat" />
    <property name="sun.cpu.endian" value="little" />
    <property name="env.TRAVIS_BUILD_STAGE_NAME" value="Test" />
    <property name="env.PERLBREW_HOME" value="/home/travis/.perlbrew" />
    <property name="env.RAILS_ENV" value="test" />
    <property name="java.vm.version" value="25.151-b12" />
    <property name="java.class.path" value="/home/travis/build/icyphy/ptII:/home/travis/build/icyphy/ptII/lib/bsh-2.0b4.jar:/home/travis/build/icyphy/ptII/lib/ptCal.jar:/home/travis/build/icyphy/ptII/lib/java_cup.jar:/home/travis/build/icyphy/ptII/lib/saxon8.jar:/home/travis/build/icyphy/ptII/lib/saxon8-dom.jar:/home/travis/build/icyphy/ptII/lib/chic.jar:/home/travis/build/icyphy/ptII/lib/ptcolt.jar:/usr/lib/jvm/java-8-oracle/lib/tools.jar:/home/travis/build/icyphy/ptII/vendors/misc/itext/iText.jar:/home/travis/build/icyphy/ptII/lib/g4ltl.jar:/home/travis/build/icyphy/ptII/lib/StructuralCoder.jar:/home/travis/build/icyphy/ptII/vendors/jai-1_1_2_01/lib/jai_core.jar:/home/travis/build/icyphy/ptII/vendors/jai-1_1_2_01/lib/jai_codec.jar:/home/travis/build/icyphy/ptII/lib/jcerti.jar:/home/travis/build/icyphy/ptII/lib/javax.mail.jar:/home/travis/build/icyphy/ptII/vendors/JMF-2.1.1e/lib/jmf.jar:/home/travis/build/icyphy/ptII/lib/jna-4.0.0-variadic.jar:/home/travis/build/icyphy/ptII/vendors/misc/joystick/Joystick.jar:/home/travis/build/icyphy/ptII/lib/ptjacl.jar:/home/travis/build/icyphy/ptII/lib/jsoup-1.8.2.jar:/home/travis/build/icyphy/ptII/lib/junit-4.8.2.jar:/home/travis/build/icyphy/ptII/lib/JUnitParams-0.4.0.jar:/home/travis/build/icyphy/ptII/ptolemy/actor/lib/excel/jxl.jar:/home/travis/build/icyphy/ptII/lib/jython.jar:/home/travis/build/icyphy/ptII/lib/kieler.jar:/home/travis/build/icyphy/ptII/vendors/opencv/share/OpenCV/java/opencv-341.jar:/home/travis/build/icyphy/ptII/lib/oscP5.jar:/home/travis/build/icyphy/ptII/lib/nrjavaserial-3.11.0.devel.jar:/home/travis/build/icyphy/ptII/vendors/j3d/lib/j3dcore.jar:/home/travis/build/icyphy/ptII/vendors/j3d/lib/j3dutils.jar:/home/travis/build/icyphy/ptII/vendors/j3d/lib/vecmath.jar:/home/travis/build/icyphy/ptII/ptolemy/distributed/jini/jar/jini-core.jar:/home/travis/build/icyphy/ptII/ptolemy/distributed/jini/jar/jini-ext.jar:/home/travis/build/icyphy/ptII/ptolemy/distributed/jini/jar/sun-util.jar:/home/travis/build/icyphy/ptII/lib/protobuf-java-2.4.1.jar:/home/travis/build/icyphy/ptII/lib/org.eclipse.paho.client.mqttv3.jar:/home/travis/build/icyphy/ptII/lib/mapss.jar:/home/travis/build/icyphy/ptII/ptolemy/actor/ptalon/antlr/antlr.jar:/home/travis/build/icyphy/ptII/lib/JRI.jar:/home/travis/build/icyphy/ptII/lib/commons-lang-2.6.jar:/home/travis/build/icyphy/ptII/lib/commons-logging-1.1.1.jar:/home/travis/build/icyphy/ptII/lib/sootclasses.jar:/home/travis/build/icyphy/ptII/ptolemy/actor/lib/database/mysql-connector-java-5.1.6-bin.jar:/home/travis/build/icyphy/ptII/vendors/misc/sphinx4/sphinx4-data-5prealpha.jar:/home/travis/build/icyphy/ptII/vendors/misc/sphinx4/sphinx4-core-5prealpha.jar:/home/travis/build/icyphy/ptII/lib/PDFRenderer.jar:/home/travis/build/icyphy/ptII/lib/svgSalamander.jar:/home/travis/build/icyphy/ptII/lib/rsyntaxtextarea-2.6.0-SNAPSHOT.jar:/home/travis/build/icyphy/ptII/lib/hazelcast-3.8.2.jar:/home/travis/build/icyphy/ptII/lib/jackson-annotations-2.9.0.jar:/home/travis/build/icyphy/ptII/lib/jackson-core-2.9.3.jar:/home/travis/build/icyphy/ptII/lib/jackson-databind-2.9.3.jar:/home/travis/build/icyphy/ptII/lib/netty-buffer-4.1.19.Final.jar:/home/travis/build/icyphy/ptII/lib/netty-codec-4.1.19.Final.jar:/home/travis/build/icyphy/ptII/lib/netty-codec-dns-4.1.19.Final.jar:/home/travis/build/icyphy/ptII/lib/netty-codec-http-4.1.19.Final.jar:/home/travis/build/icyphy/ptII/lib/netty-codec-http2-4.1.19.Final.jar:/home/travis/build/icyphy/ptII/lib/netty-common-4.1.19.Final.jar:/home/travis/build/icyphy/ptII/lib/netty-handler-4.1.19.Final.jar:/home/travis/build/icyphy/ptII/lib/netty-resolver-4.1.19.Final.jar:/home/travis/build/icyphy/ptII/lib/netty-resolver-dns-4.1.19.Final.jar:/home/travis/build/icyphy/ptII/lib/netty-transport-4.1.19.Final.jar:/home/travis/build/icyphy/ptII/lib/vertx-codegen-3.5.1.jar:/home/travis/build/icyphy/ptII/lib/vertx-core-3.5.2-SNAPSHOT.jar:/home/travis/build/icyphy/ptII/lib/vertx-hazelcast-3.5.1.jar:/home/travis/build/icyphy/ptII/lib/vertx-lang-js-3.5.1.jar:/home/travis/build/icyphy/ptII/lib/vertx-service-proxy-3.5.1.jar:/home/travis/build/icyphy/ptII/lib/vertx-web-3.5.1.jar:/home/travis/build/icyphy/ptII/lib/slf4j-api-1.7.13.jar:/home/travis/build/icyphy/ptII/lib/slf4j-simple-1.7.13.jar:/home/travis/build/icyphy/ptII/lib/webcam-capture-0.3.12.jar:/home/travis/build/icyphy/ptII/lib/bridj-0.7.0.jar:/home/travis/build/icyphy/ptII/lib/xbjlib-1.1.0.nrjavaserial.jar:/home/travis/build/icyphy/ptII/ptolemy/moml/test:/home/travis/build/icyphy/ptII/ant/lib/ant-launcher.jar:/home/travis/build/icyphy/ptII/ant/lib/ant.jar:/home/travis/build/icyphy/ptII/ant/lib/ant-junit.jar:/home/travis/build/icyphy/ptII/ant/lib/ant-junit4.jar" />
    <property name="ant.library.dir" value="/home/travis/build/icyphy/ptII/ant/lib" />
    <property name="os.arch" value="amd64" />
    <property name="env.TRAVIS_LANGUAGE" value="node_js" />
    <property name="env.CONTINUOUS_INTEGRATION" value="true" />
    <property name="env.TRAVIS_STACK_LANGUAGES" value="__garnet__ c c++ clojure cplusplus cpp default go groovy java node_js php pure_java python ruby scala" />
    <property name="test.name" value="ptolemy.actor.lib.test.junit.JUnitTclTest" />
    <property name="sun.java.launcher" value="SUN_STANDARD" />
    <property name="env.PYTHON_CONFIGURE_OPTS" value="--enable-unicode=ucs4 --with-wide-unicode --enable-shared --enable-ipv6 --enable-loadable-sqlite-extensions --with-computed-gotos" />
    <property name="ant.core.lib" value="/home/travis/build/icyphy/ptII/ant/lib/ant.jar" />
    <property name="java.vm.specification.vendor" value="Oracle Corporation" />
    <property name="env.BCVTB_HOME" value="/home/travis/build/icyphy/ptII/lbnl" />
    <property name="file.separator" value="/" />
    <property name="spotbugs.home" value="/home/travis/build/icyphy/ptII/vendors/spotbugs-3.1.1" />
    <property name="java.runtime.version" value="1.8.0_151-b12" />
    <property name="sun.boot.class.path" value="/usr/lib/jvm/java-8-oracle/jre/lib/resources.jar:/usr/lib/jvm/java-8-oracle/jre/lib/rt.jar:/usr/lib/jvm/java-8-oracle/jre/lib/sunrsasign.jar:/usr/lib/jvm/java-8-oracle/jre/lib/jsse.jar:/usr/lib/jvm/java-8-oracle/jre/lib/jce.jar:/usr/lib/jvm/java-8-oracle/jre/lib/charsets.jar:/usr/lib/jvm/java-8-oracle/jre/lib/jfr.jar:/usr/lib/jvm/java-8-oracle/jre/classes" />
    <property name="env.ANSI_CLEAR" value="\033[0K" />
    <property name="env.HAS_JOSH_K_SEAL_OF_APPROVAL" value="true" />
    <property name="env.XDG_RUNTIME_DIR" value="/run/user/2000" />
    <property name="env.TRAVIS_OSX_IMAGE" value="" />
    <property name="env.TRAVIS_BRANCH" value="master" />
    <property name="env.TRAVIS_JOB_ID" value="485213494" />
    <property name="user.country" value="US" />
    <property name="env.CERTI_HOME_TRAVIS" value="/home/travis/pthla/certi-tools" />
    <property name="env.SHELL" value="/bin/bash" />
    <property name="java.maxmemory.large" value="5000m" />
    <property name="model" value="" />
    <property name="env.CASHER_DIR" value="/home/travis/.casher" />
    <property name="env.NVM_CD_FLAGS" value="" />
    <property name="jshint.executable" value="/home/travis/node_modules/jshint/bin/jshint" />
    <property name="java.vendor" value="Oracle Corporation" />
    <property name="env.JRUBY_OPTS" value=" --client -J-XX:+TieredCompilation -J-XX:TieredStopAtLevel=1 -J-Xss2m -Xcompile.invokedynamic=false" />
    <property name="env.TRAVIS_PRE_CHEF_BOOTSTRAP_TIME" value="2017-12-05T19:32:55" />
    <property name="env.TRAVIS_STACK_JOB_BOARD_REGISTER" value="/.job-board-register.yml" />
    <property name="env.ELIXIR_VERSION" value="1.4.5" />
    <property name="env.ANSI_RED" value="\033[31;1m" />
    <property name="java.specification.version" value="1.8" />
    <property name="env.TRAVIS" value="true" />
    <property name="env.IRBRC" value="/home/travis/.rvm/rubies/ruby-2.4.1/.irbrc" />
    <property name="sun.arch.data.model" value="64" />
  </properties>
  <testcase classname="ptolemy.util.test.junit.TclTests" name="[0] /home/travis/build/icyphy/ptII/ptolemy/domains/de/test/DependencyLoop.tcl (RunTclFile)" time="0.692" />
  <testcase classname="ptolemy.util.test.junit.TclTests" name="[1] /home/travis/build/icyphy/ptII/ptolemy/domains/de/test/RunDETestsAsQSS.tcl (RunTclFile)" time="87.968" />
  <testcase classname="ptolemy.util.test.junit.AutoKnownFailedTests" name="[0] /home/travis/build/icyphy/ptII/ptolemy/domains/de/test/auto/knownFailedTests/DESDFClockTest.xml (RunModel)" time="2.03" />
  <testcase classname="ptolemy.util.test.junit.AutoKnownFailedTests" name="[1] /home/travis/build/icyphy/ptII/ptolemy/domains/de/test/auto/knownFailedTests/DirectFeedback.xml (RunModel)" time="0.015" />
  <testcase classname="ptolemy.util.test.junit.AutoKnownFailedTests" name="[2] /home/travis/build/icyphy/ptII/ptolemy/domains/de/test/auto/knownFailedTests/FSMSource.xml (RunModel)" time="0.025" />
  <testcase classname="ptolemy.util.test.junit.AutoKnownFailedTests" name="[3] /home/travis/build/icyphy/ptII/ptolemy/domains/de/test/auto/knownFailedTests/HierarchicalModel.xml (RunModel)" time="0.035" />
  <testcase classname="ptolemy.util.test.junit.AutoKnownFailedTests" name="[4] /home/travis/build/icyphy/ptII/ptolemy/domains/de/test/auto/knownFailedTests/dependencyLoop.xml (RunModel)" time="0.026" />
  <testcase classname="ptolemy.util.test.junit.AutoKnownFailedTests" name="[5] /home/travis/build/icyphy/ptII/ptolemy/domains/de/test/auto/knownFailedTests/dependencyLoop2.xml (RunModel)" time="0.03" />
  <testcase classname="ptolemy.util.test.junit.AutoNameArchTests" name="[0] ThereAreNoAutoArchTests (RunModel)" time="0.0" />
  <testcase classname="ptolemy.util.test.junit.AutoTests" name="[0] /home/travis/build/icyphy/ptII/ptolemy/domains/de/test/auto/ActorDepthCalculation_actorWithoutPorts.xml (RunModel)" time="0.013" />
  <testcase classname="ptolemy.util.test.junit.AutoTests" name="[1] /home/travis/build/icyphy/ptII/ptolemy/domains/de/test/auto/AssemblyLine.xml (RunModel)" time="0.012" />
  <testcase classname="ptolemy.util.test.junit.AutoTests" name="[2] /home/travis/build/icyphy/ptII/ptolemy/domains/de/test/auto/CQBug1.xml (RunModel)" time="0.005" />
  <testcase classname="ptolemy.util.test.junit.AutoTests" name="[3] /home/travis/build/icyphy/ptII/ptolemy/domains/de/test/auto/CancelFireAt.xml (RunModel)" time="0.004" />
  <testcase classname="ptolemy.util.test.junit.AutoTests" name="[4] /home/travis/build/icyphy/ptII/ptolemy/domains/de/test/auto/CausalityAndComposabilityAnalysis.xml (RunModel)" time="0.008" />
  <testcase classname="ptolemy.util.test.junit.AutoTests" name="[5] /home/travis/build/icyphy/ptII/ptolemy/domains/de/test/auto/CausalityInterface1.xml (RunModel)" time="0.009" />
  <testcase classname="ptolemy.util.test.junit.AutoTests" name="[6] /home/travis/build/icyphy/ptII/ptolemy/domains/de/test/auto/CausalityInterface15.xml (RunModel)" time="0.009" />
  <testcase classname="ptolemy.util.test.junit.AutoTests" name="[7] /home/travis/build/icyphy/ptII/ptolemy/domains/de/test/auto/CausalityInterface2.xml (RunModel)" time="0.008" />
  <testcase classname="ptolemy.util.test.junit.AutoTests" name="[8] /home/travis/build/icyphy/ptII/ptolemy/domains/de/test/auto/CausalityInterface3.xml (RunModel)" time="0.008" />
  <testcase classname="ptolemy.util.test.junit.AutoTests" name="[9] /home/travis/build/icyphy/ptII/ptolemy/domains/de/test/auto/ClockDrift.xml (RunModel)" time="0.024" />
  <testcase classname="ptolemy.util.test.junit.AutoTests" name="[10] /home/travis/build/icyphy/ptII/ptolemy/domains/de/test/auto/ClockDriftAndValueChange.xml (RunModel)" time="0.022" />
  <testcase classname="ptolemy.util.test.junit.AutoTests" name="[11] /home/travis/build/icyphy/ptII/ptolemy/domains/de/test/auto/ClockDriftChange.xml (RunModel)" time="0.02" />
  <testcase classname="ptolemy.util.test.junit.AutoTests" name="[12] /home/travis/build/icyphy/ptII/ptolemy/domains/de/test/auto/ComposableCausalityAnalysis.xml (RunModel)" time="0.016" />
  <testcase classname="ptolemy.util.test.junit.AutoTests" name="[13] /home/travis/build/icyphy/ptII/ptolemy/domains/de/test/auto/DEFixedPointLimitation.xml (RunModel)" time="0.007" />
  <testcase classname="ptolemy.util.test.junit.AutoTests" name="[14] /home/travis/build/icyphy/ptII/ptolemy/domains/de/test/auto/DEScheduleTest.xml (RunModel)" time="0.008" />
  <testcase classname="ptolemy.util.test.junit.AutoTests" name="[15] /home/travis/build/icyphy/ptII/ptolemy/domains/de/test/auto/DEinDEwithStartTimes.xml (RunModel)" time="0.01" />
  <testcase classname="ptolemy.util.test.junit.AutoTests" name="[16] /home/travis/build/icyphy/ptII/ptolemy/domains/de/test/auto/DEinDEwithStartTimes2.xml (RunModel)" time="0.01" />
  <testcase classname="ptolemy.util.test.junit.AutoTests" name="[17] /home/travis/build/icyphy/ptII/ptolemy/domains/de/test/auto/DateDemo.xml (RunModel)" time="0.02" />
  <testcase classname="ptolemy.util.test.junit.AutoTests" name="[18] /home/travis/build/icyphy/ptII/ptolemy/domains/de/test/auto/DateToEvent.xml (RunModel)" time="2.031" />
  <testcase classname="ptolemy.util.test.junit.AutoTests" name="[19] /home/travis/build/icyphy/ptII/ptolemy/domains/de/test/auto/DepthTest1.xml (RunModel)" time="0.012" />
  <testcase classname="ptolemy.util.test.junit.AutoTests" name="[20] /home/travis/build/icyphy/ptII/ptolemy/domains/de/test/auto/DepthTest2.xml (RunModel)" time="0.019" />
  <testcase classname="ptolemy.util.test.junit.AutoTests" name="[21] /home/travis/build/icyphy/ptII/ptolemy/domains/de/test/auto/DepthTest3.xml (RunModel)" time="0.008" />
  <testcase classname="ptolemy.util.test.junit.AutoTests" name="[22] /home/travis/build/icyphy/ptII/ptolemy/domains/de/test/auto/DepthTest4.xml (RunModel)" time="0.019" />
  <testcase classname="ptolemy.util.test.junit.AutoTests" name="[23] /home/travis/build/icyphy/ptII/ptolemy/domains/de/test/auto/DepthTest5.xml (RunModel)" time="0.018" />
  <testcase classname="ptolemy.util.test.junit.AutoTests" name="[24] /home/travis/build/icyphy/ptII/ptolemy/domains/de/test/auto/DepthTest6.xml (RunModel)" time="0.011" />
  <testcase classname="ptolemy.util.test.junit.AutoTests" name="[25] /home/travis/build/icyphy/ptII/ptolemy/domains/de/test/auto/DepthTest7.xml (RunModel)" time="0.01" />
  <testcase classname="ptolemy.util.test.junit.AutoTests" name="[26] /home/travis/build/icyphy/ptII/ptolemy/domains/de/test/auto/EventToDate.xml (RunModel)" time="3.031" />
  <testcase classname="ptolemy.util.test.junit.AutoTests" name="[27] /home/travis/build/icyphy/ptII/ptolemy/domains/de/test/auto/FSM1.xml (RunModel)" time="0.03" />
  <testcase classname="ptolemy.util.test.junit.AutoTests" name="[28] /home/travis/build/icyphy/ptII/ptolemy/domains/de/test/auto/FSM7.xml (RunModel)" time="0.039" />
  <testcase classname="ptolemy.util.test.junit.AutoTests" name="[29] /home/travis/build/icyphy/ptII/ptolemy/domains/de/test/auto/Inspection.xml (RunModel)" time="0.047" />
  <testcase classname="ptolemy.util.test.junit.AutoTests" name="[30] /home/travis/build/icyphy/ptII/ptolemy/domains/de/test/auto/Iteration.xml (RunModel)" time="0.025" />
  <testcase classname="ptolemy.util.test.junit.AutoTests" name="[31] /home/travis/build/icyphy/ptII/ptolemy/domains/de/test/auto/LineFault.xml (RunModel)" time="0.552" />
  <testcase classname="ptolemy.util.test.junit.AutoTests" name="[32] /home/travis/build/icyphy/ptII/ptolemy/domains/de/test/auto/MergeModel1Add.xml (RunModel)" time="0.043" />
  <testcase classname="ptolemy.util.test.junit.AutoTests" name="[33] /home/travis/build/icyphy/ptII/ptolemy/domains/de/test/auto/MergeModel2Add.xml (RunModel)" time="0.036" />
  <testcase classname="ptolemy.util.test.junit.AutoTests" name="[34] /home/travis/build/icyphy/ptII/ptolemy/domains/de/test/auto/MergeModel3Add.xml (RunModel)" time="0.042" />
  <testcase classname="ptolemy.util.test.junit.AutoTests" name="[35] /home/travis/build/icyphy/ptII/ptolemy/domains/de/test/auto/MergeWithoutDiscard.xml (RunModel)" time="0.011" />
  <testcase classname="ptolemy.util.test.junit.AutoTests" name="[36] /home/travis/build/icyphy/ptII/ptolemy/domains/de/test/auto/Modal1.xml (RunModel)" time="0.029" />
  <testcase classname="ptolemy.util.test.junit.AutoTests" name="[37] /home/travis/build/icyphy/ptII/ptolemy/domains/de/test/auto/Modal2.xml (RunModel)" time="0.03" />
  <testcase classname="ptolemy.util.test.junit.AutoTests" name="[38] /home/travis/build/icyphy/ptII/ptolemy/domains/de/test/auto/Modal3.xml (RunModel)" time="0.029" />
  <testcase classname="ptolemy.util.test.junit.AutoTests" name="[39] /home/travis/build/icyphy/ptII/ptolemy/domains/de/test/auto/Modal4.xml (RunModel)" time="0.03" />
  <testcase classname="ptolemy.util.test.junit.AutoTests" name="[40] /home/travis/build/icyphy/ptII/ptolemy/domains/de/test/auto/Modal5.xml (RunModel)" time="0.026" />
  <testcase classname="ptolemy.util.test.junit.AutoTests" name="[41] /home/travis/build/icyphy/ptII/ptolemy/domains/de/test/auto/Modal6.xml (RunModel)" time="0.027" />
  <testcase classname="ptolemy.util.test.junit.AutoTests" name="[42] /home/travis/build/icyphy/ptII/ptolemy/domains/de/test/auto/Modal7.xml (RunModel)" time="0.028" />
  <testcase classname="ptolemy.util.test.junit.AutoTests" name="[43] /home/travis/build/icyphy/ptII/ptolemy/domains/de/test/auto/ModalModel.xml (RunModel)" time="0.151" />
  <testcase classname="ptolemy.util.test.junit.AutoTests" name="[44] /home/travis/build/icyphy/ptII/ptolemy/domains/de/test/auto/ModalSource.xml (RunModel)" time="0.019" />
  <testcase classname="ptolemy.util.test.junit.AutoTests" name="[45] /home/travis/build/icyphy/ptII/ptolemy/domains/de/test/auto/NonInterruptibleTimerZeroDelay.xml (RunModel)" time="0.008" />
  <testcase classname="ptolemy.util.test.junit.AutoTests" name="[46] /home/travis/build/icyphy/ptII/ptolemy/domains/de/test/auto/OpenQueueingNetwork.xml (RunModel)" time="2.326" />
  <testcase classname="ptolemy.util.test.junit.AutoTests" name="[47] /home/travis/build/icyphy/ptII/ptolemy/domains/de/test/auto/OpenQueuingNetwork.xml (RunModel)" time="0.281" />
  <testcase classname="ptolemy.util.test.junit.AutoTests" name="[48] /home/travis/build/icyphy/ptII/ptolemy/domains/de/test/auto/PeriodicSampler.xml (RunModel)" time="0.007" />
  <testcase classname="ptolemy.util.test.junit.AutoTests" name="[49] /home/travis/build/icyphy/ptII/ptolemy/domains/de/test/auto/PersistentIO.xml (RunModel)" time="0.019" />
  <testcase classname="ptolemy.util.test.junit.AutoTests" name="[50] /home/travis/build/icyphy/ptII/ptolemy/domains/de/test/auto/PortParameterResetOnInitialize.xml (RunModel)" time="0.007" />
  <testcase classname="ptolemy.util.test.junit.AutoTests" name="[51] /home/travis/build/icyphy/ptII/ptolemy/domains/de/test/auto/PortParameterUpdates.xml (RunModel)" time="0.011" />
  <testcase classname="ptolemy.util.test.junit.AutoTests" name="[52] /home/travis/build/icyphy/ptII/ptolemy/domains/de/test/auto/QueueAndServer.xml (RunModel)" time="0.018" />
  <testcase classname="ptolemy.util.test.junit.AutoTests" name="[53] /home/travis/build/icyphy/ptII/ptolemy/domains/de/test/auto/Records.xml (RunModel)" time="0.016" />
  <testcase classname="ptolemy.util.test.junit.AutoTests" name="[54] /home/travis/build/icyphy/ptII/ptolemy/domains/de/test/auto/ResetTransitionWithStartTime1.xml (RunModel)" time="0.016" />
  <testcase classname="ptolemy.util.test.junit.AutoTests" name="[55] /home/travis/build/icyphy/ptII/ptolemy/domains/de/test/auto/ResetTransitionWithStartTime2.xml (RunModel)" time="0.017" />
  <testcase classname="ptolemy.util.test.junit.AutoTests" name="[56] /home/travis/build/icyphy/ptII/ptolemy/domains/de/test/auto/ResetTransitionWithStartTime3.xml (RunModel)" time="0.019" />
  <testcase classname="ptolemy.util.test.junit.AutoTests" name="[57] /home/travis/build/icyphy/ptII/ptolemy/domains/de/test/auto/ResetTransitionWithStartTime4.xml (RunModel)" time="0.016" />
  <testcase classname="ptolemy.util.test.junit.AutoTests" name="[58] /home/travis/build/icyphy/ptII/ptolemy/domains/de/test/auto/ResettableTimer1.xml (RunModel)" time="0.009" />
  <testcase classname="ptolemy.util.test.junit.AutoTests" name="[59] /home/travis/build/icyphy/ptII/ptolemy/domains/de/test/auto/ResettableTimer2.xml (RunModel)" time="0.008" />
  <testcase classname="ptolemy.util.test.junit.AutoTests" name="[60] /home/travis/build/icyphy/ptII/ptolemy/domains/de/test/auto/ResettableTimer3.xml (RunModel)" time="0.008" />
  <testcase classname="ptolemy.util.test.junit.AutoTests" name="[61] /home/travis/build/icyphy/ptII/ptolemy/domains/de/test/auto/ResettableTimer4.xml (RunModel)" time="0.009" />
  <testcase classname="ptolemy.util.test.junit.AutoTests" name="[62] /home/travis/build/icyphy/ptII/ptolemy/domains/de/test/auto/ResettableTimer5.xml (RunModel)" time="0.008" />
  <testcase classname="ptolemy.util.test.junit.AutoTests" name="[63] /home/travis/build/icyphy/ptII/ptolemy/domains/de/test/auto/ResettableTimer6.xml (RunModel)" time="0.017" />
  <testcase classname="ptolemy.util.test.junit.AutoTests" name="[64] /home/travis/build/icyphy/ptII/ptolemy/domains/de/test/auto/ServerZeroDelay.xml (RunModel)" time="0.01" />
  <testcase classname="ptolemy.util.test.junit.AutoTests" name="[65] /home/travis/build/icyphy/ptII/ptolemy/domains/de/test/auto/SmartSender.xml (RunModel)" time="3.007" />
  <testcase classname="ptolemy.util.test.junit.AutoTests" name="[66] /home/travis/build/icyphy/ptII/ptolemy/domains/de/test/auto/ThreadedComposite.xml (RunModel)" time="0.105" />
  <testcase classname="ptolemy.util.test.junit.AutoTests" name="[67] /home/travis/build/icyphy/ptII/ptolemy/domains/de/test/auto/Time.xml (RunModel)" time="0.434" />
  <testcase classname="ptolemy.util.test.junit.AutoTests" name="[68] /home/travis/build/icyphy/ptII/ptolemy/domains/de/test/auto/TimeDelayZeroDelay.xml (RunModel)" time="0.012" />
  <testcase classname="ptolemy.util.test.junit.AutoTests" name="[69] /home/travis/build/icyphy/ptII/ptolemy/domains/de/test/auto/TimerZeroDelay.xml (RunModel)" time="0.012" />
  <testcase classname="ptolemy.util.test.junit.AutoTests" name="[70] /home/travis/build/icyphy/ptII/ptolemy/domains/de/test/auto/TimingParadox.xml (RunModel)" time="0.342" />
  <testcase classname="ptolemy.util.test.junit.AutoTests" name="[71] /home/travis/build/icyphy/ptII/ptolemy/domains/de/test/auto/TransferInputs.xml (RunModel)" time="0.013" />
  <testcase classname="ptolemy.util.test.junit.AutoTests" name="[72] /home/travis/build/icyphy/ptII/ptolemy/domains/de/test/auto/TransferOutputs2.xml (RunModel)" time="0.015" />
  <testcase classname="ptolemy.util.test.junit.AutoTests" name="[73] /home/travis/build/icyphy/ptII/ptolemy/domains/de/test/auto/Trilateration.xml (RunModel)" time="11.273" />
  <testcase classname="ptolemy.util.test.junit.AutoTests" name="[74] /home/travis/build/icyphy/ptII/ptolemy/domains/de/test/auto/TwoSigmaDelta.xml (RunModel)" time="1.972" />
  <testcase classname="ptolemy.util.test.junit.AutoTests" name="[75] /home/travis/build/icyphy/ptII/ptolemy/domains/de/test/auto/VariableDelay.xml (RunModel)" time="0.015" />
  <testcase classname="ptolemy.util.test.junit.AutoTests" name="[76] /home/travis/build/icyphy/ptII/ptolemy/domains/de/test/auto/VariableDelay2.xml (RunModel)" time="0.01" />
  <testcase classname="ptolemy.util.test.junit.AutoTests" name="[77] /home/travis/build/icyphy/ptII/ptolemy/domains/de/test/auto/VariableDelayZeroDelay.xml (RunModel)" time="0.011" />
  <testcase classname="ptolemy.util.test.junit.AutoTests" name="[78] /home/travis/build/icyphy/ptII/ptolemy/domains/de/test/auto/VariableDelayZeroDelay2.xml (RunModel)" time="0.008" />
  <testcase classname="ptolemy.util.test.junit.AutoTests" name="[79] /home/travis/build/icyphy/ptII/ptolemy/domains/de/test/auto/deInCt.xml (RunModel)" time="0.016" />
  <testcase classname="ptolemy.util.test.junit.AutoTests" name="[80] /home/travis/build/icyphy/ptII/ptolemy/domains/de/test/auto/deInCt2.xml (RunModel)" time="0.018" />
  <testcase classname="ptolemy.util.test.junit.AutoTests" name="[81] /home/travis/build/icyphy/ptII/ptolemy/domains/de/test/auto/dynamicCausalityInterface1.xml (RunModel)" time="0.023" />
  <testcase classname="ptolemy.util.test.junit.AutoTests" name="[82] /home/travis/build/icyphy/ptII/ptolemy/domains/de/test/auto/fsm_de_test.xml (RunModel)" time="0.021" />
  <testcase classname="ptolemy.util.test.junit.AutoTests" name="[83] /home/travis/build/icyphy/ptII/ptolemy/domains/de/test/auto/functionDependencyReconstruction.xml (RunModel)" time="0.026" />
  <testcase classname="ptolemy.util.test.junit.AutoTests" name="[84] /home/travis/build/icyphy/ptII/ptolemy/domains/de/test/auto/multirate.xml (RunModel)" time="0.015" />
  <testcase classname="ptolemy.util.test.junit.AutoTests" name="[85] /home/travis/build/icyphy/ptII/ptolemy/domains/de/test/auto/multirate2.xml (RunModel)" time="0.013" />
  <testcase classname="ptolemy.util.test.junit.AutoTests" name="[86] /home/travis/build/icyphy/ptII/ptolemy/domains/de/test/auto/realtime.xml (RunModel)" time="10.01" />
  <testcase classname="ptolemy.util.test.junit.AutoTests" name="[87] /home/travis/build/icyphy/ptII/ptolemy/domains/de/test/auto/relationGroup.xml (RunModel)" time="0.006" />
  <testcase classname="ptolemy.util.test.junit.AutoTests" name="[88] /home/travis/build/icyphy/ptII/ptolemy/domains/de/test/auto/relationGroup2.xml (RunModel)" time="0.005" />
  <testcase classname="ptolemy.util.test.junit.AutoTests" name="[89] /home/travis/build/icyphy/ptII/ptolemy/domains/de/test/auto/sortWithOpaquePorts.xml (RunModel)" time="0.007" />
  <testcase classname="ptolemy.util.test.junit.AutoTests" name="[90] /home/travis/build/icyphy/ptII/ptolemy/domains/de/test/auto/transferInputsandOutputs.xml (RunModel)" time="0.012" />
  <testcase classname="ptolemy.util.test.junit.AutoTests" name="[91] /home/travis/build/icyphy/ptII/ptolemy/domains/de/test/auto/triggerType.xml (RunModel)" time="0.007" />
  <system-out><![CDATA[/home/travis/build/icyphy/ptII/ptolemy/domains/de/test/DependencyLoop.tcl
testDefs.tcl: setting time out to 9000 seconds at Mon Jan 28 03:21:09 UTC 2019
14 ms. Memory: 116224K Free: 97626K (84%)
18 ms. Memory: 146944K Free: 141190K (96%)
/home/travis/build/icyphy/ptII/ptolemy/domains/de/test/RunDETestsAsQSS.tcl
Run the DE tests using ptolemy.domains.qss.test.QSSDirectorTest, which extends QSSDirector and prints a message in the constructors.
------------------ testing $PTII/ptolemy/domains/de/test/auto/knownFailedTests/dependencyLoop.xml (Known Failure) 
14 ms. Memory: 146944K Free: 136543K (93%)


==== $PTIIhome/travis/build/icyphy/ptII/ptolemy/domains/de/test/../../../../: Auto Automatic test in file $PTII/ptolemy/domains/de/test/auto/knownFailedTests/dependencyLoop.xml
==== Contents of test case:

	    # FIXME: we should use $relativeFilename here, but it
	    # might have backslashes under Windows, which causes no end
	    # of trouble.
	    createAndExecute $file
	    list {}
	
.... Test generated KNOWN error:
    while executing
ptolemy.kernel.util.IllegalActionException: Found a zero delay loop containing .dependencyLoop.original
  in .dependencyLoop and .dependencyLoop.original
	at ptolemy.actor.util.CausalityInterfaceForComposites._computeOutputPortDepth(CausalityInterfaceForComposites.java:759)
	at ptolemy.actor.util.CausalityInterfaceForComposites._computeInputDepth(CausalityInterfaceForComposites.java:696)
	at ptolemy.actor.util.CausalityInterfaceForComposites._computeOutputPortDepth(CausalityInterfaceForComposites.java:765)
	at ptolemy.actor.util.CausalityInterfaceForComposites._computeInputDepth(CausalityInterfaceForComposites.java:696)
	at ptolemy.actor.util.CausalityInterfaceForComposites._computeOutputPortDepth(CausalityInterfaceForComposites.java:765)
	at ptolemy.actor.util.CausalityInterfaceForComposites._computeInputDepth(CausalityInterfaceForComposites.java:696)
	at ptolemy.actor.util.CausalityInterfaceForComposites._computeActorDepth(CausalityInterfaceForComposites.java:532)
	at ptolemy.actor.util.CausalityInterfaceForComposites.checkForCycles(CausalityInterfaceForComposites.java:96)
	at ptolemy.domains.de.kernel.DEDirector.preinitialize(DEDirector.java:1338)
	at ptolemy.actor.CompositeActor.preinitialize(CompositeActor.java:1828)
	at ptolemy.actor.Manager.preinitializeAndResolveTypes(Manager.java:1040)
	at ptolemy.actor.Manager.initialize(Manager.java:710)
	at ptolemy.actor.Manager.execute(Manager.java:356)
	at ptolemy.actor.Manager.run(Manager.java:1263)
	at ptolemy.actor.Manager$PtolemyRunThread.run(Manager.java:1915)

    while executing
ptolemy.kernel.util.IllegalActionException: Found a zero delay loop containing .dependencyLoop.original
  in .dependencyLoop and .dependencyLoop.original
    while executing
"java::new ptolemy.moml.MoMLSimpleApplication $file
"
    (procedure "createAndExecute" line 2)
    invoked from within
"createAndExecute $file"
    ("uplevel" body line 5)
    invoked from within
"uplevel $contents_of_test"
------------------ testing $PTII/ptolemy/domains/de/test/auto/knownFailedTests/DESDFClockTest.xml (Known Failure) 
2046 ms. Memory: 146944K Free: 121350K (83%)


==== $PTIIhome/travis/build/icyphy/ptII/ptolemy/domains/de/test/../../../../: Auto Automatic test in file $PTII/ptolemy/domains/de/test/auto/knownFailedTests/DESDFClockTest.xml
==== Contents of test case:

	    # FIXME: we should use $relativeFilename here, but it
	    # might have backslashes under Windows, which causes no end
	    # of trouble.
	    createAndExecute $file
	    list {}
	
.... Test generated KNOWN error:
    while executing
ptolemy.kernel.util.IllegalActionException: Actor is not ready to fire.  Perhaps UpSample.prefire() returned false? Try debugging the actor by selecting "Listen to Actor".  Also, for SDF check moml for tokenConsumptionRate on input.
  in .DESDFClockTest.Play Bell.Copy1:SDF Director and .DESDFClockTest.Play Bell.UpSample
	at ptolemy.actor.sched.StaticSchedulingDirector.fire(StaticSchedulingDirector.java:227)
	at ptolemy.domains.sdf.kernel.SDFDirector.fire(SDFDirector.java:500)
	at ptolemy.actor.CompositeActor.fire(CompositeActor.java:455)
	at ptolemy.domains.de.kernel.DEDirector._fire(DEDirector.java:1949)
	at ptolemy.domains.de.kernel.DEDirector.fire(DEDirector.java:502)
	at ptolemy.actor.CompositeActor.fire(CompositeActor.java:455)
	at ptolemy.actor.Manager.iterate(Manager.java:851)
	at ptolemy.actor.Manager.execute(Manager.java:369)
	at ptolemy.actor.Manager.run(Manager.java:1263)
	at ptolemy.actor.Manager$PtolemyRunThread.run(Manager.java:1915)

    while executing
ptolemy.kernel.util.IllegalActionException: Actor is not ready to fire.  Perhaps UpSample.prefire() returned false? Try debugging the actor by selecting "Listen to Actor".  Also, for SDF check moml for tokenConsumptionRate on input.
  in .DESDFClockTest.Play Bell.Copy1:SDF Director and .DESDFClockTest.Play Bell.UpSample
    while executing
"java::new ptolemy.moml.MoMLSimpleApplication $file
"
    (procedure "createAndExecute" line 2)
    invoked from within
"createAndExecute $file"
    ("uplevel" body line 5)
    invoked from within
"uplevel $contents_of_test"
------------------ testing $PTII/ptolemy/domains/de/test/auto/knownFailedTests/FSMSource.xml (Known Failure) 
25 ms. Memory: 146944K Free: 112476K (77%)
!!!! Auto was marked as failing, but now passes
------------------ testing $PTII/ptolemy/domains/de/test/auto/knownFailedTests/dependencyLoop2.xml (Known Failure) 
9 ms. Memory: 146944K Free: 110593K (75%)


==== $PTIIhome/travis/build/icyphy/ptII/ptolemy/domains/de/test/../../../../: Auto Automatic test in file $PTII/ptolemy/domains/de/test/auto/knownFailedTests/dependencyLoop2.xml
==== Contents of test case:

	    # FIXME: we should use $relativeFilename here, but it
	    # might have backslashes under Windows, which causes no end
	    # of trouble.
	    createAndExecute $file
	    list {}
	
.... Test generated KNOWN error:
    while executing
ptolemy.kernel.util.IllegalActionException: Found a zero delay loop containing .dependencyLoop2.original
  in .dependencyLoop2 and .dependencyLoop2.original
	at ptolemy.actor.util.CausalityInterfaceForComposites._computeOutputPortDepth(CausalityInterfaceForComposites.java:759)
	at ptolemy.actor.util.CausalityInterfaceForComposites._computeInputDepth(CausalityInterfaceForComposites.java:696)
	at ptolemy.actor.util.CausalityInterfaceForComposites._computeOutputPortDepth(CausalityInterfaceForComposites.java:765)
	at ptolemy.actor.util.CausalityInterfaceForComposites._computeInputDepth(CausalityInterfaceForComposites.java:696)
	at ptolemy.actor.util.CausalityInterfaceForComposites._computeOutputPortDepth(CausalityInterfaceForComposites.java:765)
	at ptolemy.actor.util.CausalityInterfaceForComposites._computeInputDepth(CausalityInterfaceForComposites.java:696)
	at ptolemy.actor.util.CausalityInterfaceForComposites._computeActorDepth(CausalityInterfaceForComposites.java:532)
	at ptolemy.actor.util.CausalityInterfaceForComposites.checkForCycles(CausalityInterfaceForComposites.java:96)
	at ptolemy.domains.de.kernel.DEDirector.preinitialize(DEDirector.java:1338)
	at ptolemy.actor.CompositeActor.preinitialize(CompositeActor.java:1828)
	at ptolemy.actor.Manager.preinitializeAndResolveTypes(Manager.java:1040)
	at ptolemy.actor.Manager.initialize(Manager.java:710)
	at ptolemy.actor.Manager.execute(Manager.java:356)
	at ptolemy.actor.Manager.run(Manager.java:1263)
	at ptolemy.actor.Manager$PtolemyRunThread.run(Manager.java:1915)

    while executing
ptolemy.kernel.util.IllegalActionException: Found a zero delay loop containing .dependencyLoop2.original
  in .dependencyLoop2 and .dependencyLoop2.original
    while executing
"java::new ptolemy.moml.MoMLSimpleApplication $file
"
    (procedure "createAndExecute" line 2)
    invoked from within
"createAndExecute $file"
    ("uplevel" body line 5)
    invoked from within
"uplevel $contents_of_test"
------------------ testing $PTII/ptolemy/domains/de/test/auto/knownFailedTests/HierarchicalModel.xml (Known Failure) 
10 ms. Memory: 146944K Free: 90402K (62%)


==== $PTIIhome/travis/build/icyphy/ptII/ptolemy/domains/de/test/../../../../: Auto Automatic test in file $PTII/ptolemy/domains/de/test/auto/knownFailedTests/HierarchicalModel.xml
==== Contents of test case:

	    # FIXME: we should use $relativeFilename here, but it
	    # might have backslashes under Windows, which causes no end
	    # of trouble.
	    createAndExecute $file
	    list {}
	
.... Test generated KNOWN error:
    while executing
ptolemy.kernel.util.IllegalActionException: Found a zero delay loop containing .HierarchicalModel.A
  in .HierarchicalModel and .HierarchicalModel.A
	at ptolemy.actor.util.CausalityInterfaceForComposites._computeOutputPortDepth(CausalityInterfaceForComposites.java:759)
	at ptolemy.actor.util.CausalityInterfaceForComposites._computeInputDepth(CausalityInterfaceForComposites.java:696)
	at ptolemy.actor.util.CausalityInterfaceForComposites._computeOutputPortDepth(CausalityInterfaceForComposites.java:765)
	at ptolemy.actor.util.CausalityInterfaceForComposites._computeInputDepth(CausalityInterfaceForComposites.java:696)
	at ptolemy.actor.util.CausalityInterfaceForComposites._computeOutputPortDepth(CausalityInterfaceForComposites.java:765)
	at ptolemy.actor.util.CausalityInterfaceForComposites._computeInputDepth(CausalityInterfaceForComposites.java:696)
	at ptolemy.actor.util.CausalityInterfaceForComposites._computeActorDepth(CausalityInterfaceForComposites.java:532)
	at ptolemy.actor.util.CausalityInterfaceForComposites.checkForCycles(CausalityInterfaceForComposites.java:96)
	at ptolemy.domains.de.kernel.DEDirector.preinitialize(DEDirector.java:1338)
	at ptolemy.actor.CompositeActor.preinitialize(CompositeActor.java:1828)
	at ptolemy.actor.Manager.preinitializeAndResolveTypes(Manager.java:1040)
	at ptolemy.actor.Manager.initialize(Manager.java:710)
	at ptolemy.actor.Manager.execute(Manager.java:356)
	at ptolemy.actor.Manager.run(Manager.java:1263)
	at ptolemy.actor.Manager$PtolemyRunThread.run(Manager.java:1915)

    while executing
ptolemy.kernel.util.IllegalActionException: Found a zero delay loop containing .HierarchicalModel.A
  in .HierarchicalModel and .HierarchicalModel.A
    while executing
"java::new ptolemy.moml.MoMLSimpleApplication $file
"
    (procedure "createAndExecute" line 2)
    invoked from within
"createAndExecute $file"
    ("uplevel" body line 5)
    invoked from within
"uplevel $contents_of_test"
------------------ testing $PTII/ptolemy/domains/de/test/auto/knownFailedTests/DirectFeedback.xml (Known Failure) 
3 ms. Memory: 146944K Free: 86289K (59%)


==== $PTIIhome/travis/build/icyphy/ptII/ptolemy/domains/de/test/../../../../: Auto Automatic test in file $PTII/ptolemy/domains/de/test/auto/knownFailedTests/DirectFeedback.xml
==== Contents of test case:

	    # FIXME: we should use $relativeFilename here, but it
	    # might have backslashes under Windows, which causes no end
	    # of trouble.
	    createAndExecute $file
	    list {}
	
.... Test generated KNOWN error:
    while executing
ptolemy.kernel.util.IllegalActionException: Test fails in iteration 1.
Value was: 1.0. Should have been: 2.0
  in .DirectFeedback.Test
	at ptolemy.actor.lib.Test.fire(Test.java:268)
	at ptolemy.domains.de.kernel.DEDirector._fire(DEDirector.java:1949)
	at ptolemy.domains.de.kernel.DEDirector.fire(DEDirector.java:502)
	at ptolemy.actor.CompositeActor.fire(CompositeActor.java:455)
	at ptolemy.actor.Manager.iterate(Manager.java:851)
	at ptolemy.actor.Manager.execute(Manager.java:369)
	at ptolemy.actor.Manager.run(Manager.java:1263)
	at ptolemy.actor.Manager$PtolemyRunThread.run(Manager.java:1915)

    while executing
ptolemy.kernel.util.IllegalActionException: Test fails in iteration 1.
Value was: 1.0. Should have been: 2.0
  in .DirectFeedback.Test
    while executing
"java::new ptolemy.moml.MoMLSimpleApplication $file
"
    (procedure "createAndExecute" line 2)
    invoked from within
"createAndExecute $file"
    ("uplevel" body line 5)
    invoked from within
"uplevel $contents_of_test"
------------------ testing $PTII/ptolemy/domains/de/test/auto/ActorDepthCalculation_actorWithoutPorts.xml
auto.tcl: Setting watchdog for 200 seconds at Mon Jan 28 03:21:12 UTC 2019
4 ms. Memory: 146944K Free: 138692K (94%)
ptolemy.util.test.WatchDog.cancel(): canceling Mon Jan 28 03:21:12 UTC 2019
auto.tcl: Setting watchdog for 200 seconds at Mon Jan 28 03:21:12 UTC 2019
4 ms. Memory: 146944K Free: 137672K (94%)
ptolemy.util.test.WatchDog.cancel(): canceling Mon Jan 28 03:21:12 UTC 2019
------------------ testing $PTII/ptolemy/domains/de/test/auto/AssemblyLine.xml
auto.tcl: Setting watchdog for 200 seconds at Mon Jan 28 03:21:13 UTC 2019
17 ms. Memory: 208384K Free: 183406K (88%)
ptolemy.util.test.WatchDog.cancel(): canceling Mon Jan 28 03:21:13 UTC 2019
auto.tcl: Setting watchdog for 200 seconds at Mon Jan 28 03:21:13 UTC 2019
7 ms. Memory: 208384K Free: 183406K (88%)
ptolemy.util.test.WatchDog.cancel(): canceling Mon Jan 28 03:21:13 UTC 2019
------------------ testing $PTII/ptolemy/domains/de/test/auto/CQBug1.xml
auto.tcl: Setting watchdog for 200 seconds at Mon Jan 28 03:21:13 UTC 2019
10 ms. Memory: 208384K Free: 197908K (95%)
ptolemy.util.test.WatchDog.cancel(): canceling Mon Jan 28 03:21:13 UTC 2019
auto.tcl: Setting watchdog for 200 seconds at Mon Jan 28 03:21:13 UTC 2019
2 ms. Memory: 208384K Free: 197908K (95%)
ptolemy.util.test.WatchDog.cancel(): canceling Mon Jan 28 03:21:13 UTC 2019
------------------ testing $PTII/ptolemy/domains/de/test/auto/CancelFireAt.xml
auto.tcl: Setting watchdog for 200 seconds at Mon Jan 28 03:21:13 UTC 2019
4 ms. Memory: 208384K Free: 201568K (97%)
ptolemy.util.test.WatchDog.cancel(): canceling Mon Jan 28 03:21:13 UTC 2019
auto.tcl: Setting watchdog for 200 seconds at Mon Jan 28 03:21:13 UTC 2019
5 ms. Memory: 208384K Free: 199529K (96%)
ptolemy.util.test.WatchDog.cancel(): canceling Mon Jan 28 03:21:13 UTC 2019
------------------ testing $PTII/ptolemy/domains/de/test/auto/CausalityAndComposabilityAnalysis.xml
auto.tcl: Setting watchdog for 200 seconds at Mon Jan 28 03:21:13 UTC 2019
16 ms. Memory: 208384K Free: 198607K (95%)
ptolemy.util.test.WatchDog.cancel(): canceling Mon Jan 28 03:21:13 UTC 2019
auto.tcl: Setting watchdog for 200 seconds at Mon Jan 28 03:21:13 UTC 2019
10 ms. Memory: 208384K Free: 196568K (94%)
ptolemy.util.test.WatchDog.cancel(): canceling Mon Jan 28 03:21:13 UTC 2019
------------------ testing $PTII/ptolemy/domains/de/test/auto/CausalityInterface1.xml
auto.tcl: Setting watchdog for 200 seconds at Mon Jan 28 03:21:13 UTC 2019
17 ms. Memory: 208384K Free: 196502K (94%)
ptolemy.util.test.WatchDog.cancel(): canceling Mon Jan 28 03:21:13 UTC 2019
auto.tcl: Setting watchdog for 200 seconds at Mon Jan 28 03:21:13 UTC 2019
9 ms. Memory: 208384K Free: 196502K (94%)
ptolemy.util.test.WatchDog.cancel(): canceling Mon Jan 28 03:21:13 UTC 2019
------------------ testing $PTII/ptolemy/domains/de/test/auto/CausalityInterface15.xml
auto.tcl: Setting watchdog for 200 seconds at Mon Jan 28 03:21:13 UTC 2019
13 ms. Memory: 208384K Free: 196461K (94%)
ptolemy.util.test.WatchDog.cancel(): canceling Mon Jan 28 03:21:14 UTC 2019
auto.tcl: Setting watchdog for 200 seconds at Mon Jan 28 03:21:14 UTC 2019
3 ms. Memory: 208384K Free: 196461K (94%)
ptolemy.util.test.WatchDog.cancel(): canceling Mon Jan 28 03:21:14 UTC 2019
------------------ testing $PTII/ptolemy/domains/de/test/auto/CausalityInterface2.xml
auto.tcl: Setting watchdog for 200 seconds at Mon Jan 28 03:21:14 UTC 2019
7 ms. Memory: 208384K Free: 196476K (94%)
ptolemy.util.test.WatchDog.cancel(): canceling Mon Jan 28 03:21:14 UTC 2019
auto.tcl: Setting watchdog for 200 seconds at Mon Jan 28 03:21:14 UTC 2019
7 ms. Memory: 208384K Free: 196476K (94%)
ptolemy.util.test.WatchDog.cancel(): canceling Mon Jan 28 03:21:14 UTC 2019
------------------ testing $PTII/ptolemy/domains/de/test/auto/CausalityInterface3.xml
auto.tcl: Setting watchdog for 200 seconds at Mon Jan 28 03:21:14 UTC 2019
5 ms. Memory: 208384K Free: 196488K (94%)
ptolemy.util.test.WatchDog.cancel(): canceling Mon Jan 28 03:21:14 UTC 2019
auto.tcl: Setting watchdog for 200 seconds at Mon Jan 28 03:21:14 UTC 2019
9 ms. Memory: 208384K Free: 196488K (94%)
ptolemy.util.test.WatchDog.cancel(): canceling Mon Jan 28 03:21:14 UTC 2019
------------------ testing $PTII/ptolemy/domains/de/test/auto/ClockDrift.xml
auto.tcl: Setting watchdog for 200 seconds at Mon Jan 28 03:21:14 UTC 2019
89 ms. Memory: 208384K Free: 187805K (90%)
ptolemy.util.test.WatchDog.cancel(): canceling Mon Jan 28 03:21:14 UTC 2019
auto.tcl: Setting watchdog for 200 seconds at Mon Jan 28 03:21:14 UTC 2019
58 ms. Memory: 208384K Free: 185766K (89%)
ptolemy.util.test.WatchDog.cancel(): canceling Mon Jan 28 03:21:14 UTC 2019
------------------ testing $PTII/ptolemy/domains/de/test/auto/ClockDriftAndValueChange.xml
auto.tcl: Setting watchdog for 200 seconds at Mon Jan 28 03:21:14 UTC 2019
31 ms. Memory: 208384K Free: 187639K (90%)
ptolemy.util.test.WatchDog.cancel(): canceling Mon Jan 28 03:21:14 UTC 2019
auto.tcl: Setting watchdog for 200 seconds at Mon Jan 28 03:21:14 UTC 2019
30 ms. Memory: 208384K Free: 185600K (89%)
ptolemy.util.test.WatchDog.cancel(): canceling Mon Jan 28 03:21:14 UTC 2019
------------------ testing $PTII/ptolemy/domains/de/test/auto/ClockDriftChange.xml
auto.tcl: Setting watchdog for 200 seconds at Mon Jan 28 03:21:14 UTC 2019
20 ms. Memory: 208384K Free: 190901K (92%)
ptolemy.util.test.WatchDog.cancel(): canceling Mon Jan 28 03:21:14 UTC 2019
auto.tcl: Setting watchdog for 200 seconds at Mon Jan 28 03:21:14 UTC 2019
23 ms. Memory: 208384K Free: 188861K (91%)
ptolemy.util.test.WatchDog.cancel(): canceling Mon Jan 28 03:21:14 UTC 2019
------------------ testing $PTII/ptolemy/domains/de/test/auto/ComposableCausalityAnalysis.xml
auto.tcl: Setting watchdog for 200 seconds at Mon Jan 28 03:21:14 UTC 2019
1 ms. Memory: 208384K Free: 196767K (94%)
ptolemy.util.test.WatchDog.cancel(): canceling Mon Jan 28 03:21:14 UTC 2019
auto.tcl: Setting watchdog for 200 seconds at Mon Jan 28 03:21:14 UTC 2019
2 ms. Memory: 208384K Free: 194727K (93%)
ptolemy.util.test.WatchDog.cancel(): canceling Mon Jan 28 03:21:14 UTC 2019
------------------ testing $PTII/ptolemy/domains/de/test/auto/DEFixedPointLimitation.xml
auto.tcl: Setting watchdog for 200 seconds at Mon Jan 28 03:21:14 UTC 2019
1 ms. Memory: 208384K Free: 198368K (95%)
ptolemy.util.test.WatchDog.cancel(): canceling Mon Jan 28 03:21:14 UTC 2019
auto.tcl: Setting watchdog for 200 seconds at Mon Jan 28 03:21:14 UTC 2019
1 ms. Memory: 208384K Free: 196328K (94%)
ptolemy.util.test.WatchDog.cancel(): canceling Mon Jan 28 03:21:14 UTC 2019
------------------ testing $PTII/ptolemy/domains/de/test/auto/DEScheduleTest.xml
auto.tcl: Setting watchdog for 200 seconds at Mon Jan 28 03:21:14 UTC 2019
3 ms. Memory: 208384K Free: 198404K (95%)
ptolemy.util.test.WatchDog.cancel(): canceling Mon Jan 28 03:21:14 UTC 2019
auto.tcl: Setting watchdog for 200 seconds at Mon Jan 28 03:21:14 UTC 2019
16 ms. Memory: 208384K Free: 196364K (94%)
ptolemy.util.test.WatchDog.cancel(): canceling Mon Jan 28 03:21:15 UTC 2019
------------------ testing $PTII/ptolemy/domains/de/test/auto/DEinDEwithStartTimes.xml
auto.tcl: Setting watchdog for 200 seconds at Mon Jan 28 03:21:15 UTC 2019
3 ms. Memory: 208384K Free: 196333K (94%)
ptolemy.util.test.WatchDog.cancel(): canceling Mon Jan 28 03:21:15 UTC 2019
auto.tcl: Setting watchdog for 200 seconds at Mon Jan 28 03:21:15 UTC 2019
3 ms. Memory: 208384K Free: 194294K (93%)
ptolemy.util.test.WatchDog.cancel(): canceling Mon Jan 28 03:21:15 UTC 2019
------------------ testing $PTII/ptolemy/domains/de/test/auto/DEinDEwithStartTimes2.xml
auto.tcl: Setting watchdog for 200 seconds at Mon Jan 28 03:21:15 UTC 2019
8 ms. Memory: 208384K Free: 196313K (94%)
ptolemy.util.test.WatchDog.cancel(): canceling Mon Jan 28 03:21:15 UTC 2019
auto.tcl: Setting watchdog for 200 seconds at Mon Jan 28 03:21:15 UTC 2019
2 ms. Memory: 208384K Free: 194273K (93%)
ptolemy.util.test.WatchDog.cancel(): canceling Mon Jan 28 03:21:15 UTC 2019
------------------ testing $PTII/ptolemy/domains/de/test/auto/DateDemo.xml
auto.tcl: Setting watchdog for 200 seconds at Mon Jan 28 03:21:15 UTC 2019
8 ms. Memory: 208384K Free: 188923K (91%)
ptolemy.util.test.WatchDog.cancel(): canceling Mon Jan 28 03:21:15 UTC 2019
auto.tcl: Setting watchdog for 200 seconds at Mon Jan 28 03:21:15 UTC 2019
5 ms. Memory: 208384K Free: 186884K (90%)
ptolemy.util.test.WatchDog.cancel(): canceling Mon Jan 28 03:21:15 UTC 2019
------------------ testing $PTII/ptolemy/domains/de/test/auto/DateToEvent.xml
auto.tcl: Setting watchdog for 200 seconds at Mon Jan 28 03:21:15 UTC 2019
2009 ms. Memory: 208384K Free: 183811K (88%)
ptolemy.util.test.WatchDog.cancel(): canceling Mon Jan 28 03:21:17 UTC 2019
auto.tcl: Setting watchdog for 200 seconds at Mon Jan 28 03:21:17 UTC 2019
2005 ms. Memory: 208384K Free: 183811K (88%)
ptolemy.util.test.WatchDog.cancel(): canceling Mon Jan 28 03:21:19 UTC 2019
------------------ testing $PTII/ptolemy/domains/de/test/auto/DepthTest1.xml
auto.tcl: Setting watchdog for 200 seconds at Mon Jan 28 03:21:19 UTC 2019
4 ms. Memory: 208384K Free: 197931K (95%)
ptolemy.util.test.WatchDog.cancel(): canceling Mon Jan 28 03:21:19 UTC 2019
auto.tcl: Setting watchdog for 200 seconds at Mon Jan 28 03:21:19 UTC 2019
2 ms. Memory: 208384K Free: 197931K (95%)
ptolemy.util.test.WatchDog.cancel(): canceling Mon Jan 28 03:21:19 UTC 2019
------------------ testing $PTII/ptolemy/domains/de/test/auto/DepthTest2.xml
auto.tcl: Setting watchdog for 200 seconds at Mon Jan 28 03:21:19 UTC 2019
3 ms. Memory: 208384K Free: 194805K (93%)
ptolemy.util.test.WatchDog.cancel(): canceling Mon Jan 28 03:21:19 UTC 2019
auto.tcl: Setting watchdog for 200 seconds at Mon Jan 28 03:21:19 UTC 2019
2 ms. Memory: 208384K Free: 194805K (93%)
ptolemy.util.test.WatchDog.cancel(): canceling Mon Jan 28 03:21:19 UTC 2019
------------------ testing $PTII/ptolemy/domains/de/test/auto/DepthTest3.xml
auto.tcl: Setting watchdog for 200 seconds at Mon Jan 28 03:21:19 UTC 2019
2 ms. Memory: 208384K Free: 198786K (95%)
ptolemy.util.test.WatchDog.cancel(): canceling Mon Jan 28 03:21:19 UTC 2019
auto.tcl: Setting watchdog for 200 seconds at Mon Jan 28 03:21:19 UTC 2019
4 ms. Memory: 208384K Free: 198267K (95%)
ptolemy.util.test.WatchDog.cancel(): canceling Mon Jan 28 03:21:19 UTC 2019
------------------ testing $PTII/ptolemy/domains/de/test/auto/DepthTest4.xml
auto.tcl: Setting watchdog for 200 seconds at Mon Jan 28 03:21:19 UTC 2019
5 ms. Memory: 208384K Free: 196315K (94%)
ptolemy.util.test.WatchDog.cancel(): canceling Mon Jan 28 03:21:19 UTC 2019
auto.tcl: Setting watchdog for 200 seconds at Mon Jan 28 03:21:19 UTC 2019
2 ms. Memory: 208384K Free: 196315K (94%)
ptolemy.util.test.WatchDog.cancel(): canceling Mon Jan 28 03:21:19 UTC 2019
------------------ testing $PTII/ptolemy/domains/de/test/auto/DepthTest5.xml
auto.tcl: Setting watchdog for 200 seconds at Mon Jan 28 03:21:19 UTC 2019
2 ms. Memory: 208384K Free: 196781K (94%)
ptolemy.util.test.WatchDog.cancel(): canceling Mon Jan 28 03:21:19 UTC 2019
auto.tcl: Setting watchdog for 200 seconds at Mon Jan 28 03:21:19 UTC 2019
3 ms. Memory: 208384K Free: 196781K (94%)
ptolemy.util.test.WatchDog.cancel(): canceling Mon Jan 28 03:21:19 UTC 2019
------------------ testing $PTII/ptolemy/domains/de/test/auto/DepthTest6.xml
auto.tcl: Setting watchdog for 200 seconds at Mon Jan 28 03:21:19 UTC 2019
5 ms. Memory: 208384K Free: 196237K (94%)
ptolemy.util.test.WatchDog.cancel(): canceling Mon Jan 28 03:21:19 UTC 2019
auto.tcl: Setting watchdog for 200 seconds at Mon Jan 28 03:21:19 UTC 2019
2 ms. Memory: 208384K Free: 196237K (94%)
ptolemy.util.test.WatchDog.cancel(): canceling Mon Jan 28 03:21:19 UTC 2019
------------------ testing $PTII/ptolemy/domains/de/test/auto/DepthTest7.xml
auto.tcl: Setting watchdog for 200 seconds at Mon Jan 28 03:21:19 UTC 2019
3 ms. Memory: 208384K Free: 196219K (94%)
ptolemy.util.test.WatchDog.cancel(): canceling Mon Jan 28 03:21:19 UTC 2019
auto.tcl: Setting watchdog for 200 seconds at Mon Jan 28 03:21:19 UTC 2019
2 ms. Memory: 208384K Free: 196219K (94%)
ptolemy.util.test.WatchDog.cancel(): canceling Mon Jan 28 03:21:19 UTC 2019
------------------ testing $PTII/ptolemy/domains/de/test/auto/EventToDate.xml
auto.tcl: Setting watchdog for 200 seconds at Mon Jan 28 03:21:19 UTC 2019
3009 ms. Memory: 208384K Free: 186035K (89%)
ptolemy.util.test.WatchDog.cancel(): canceling Mon Jan 28 03:21:22 UTC 2019
auto.tcl: Setting watchdog for 200 seconds at Mon Jan 28 03:21:22 UTC 2019
3005 ms. Memory: 208384K Free: 186035K (89%)
ptolemy.util.test.WatchDog.cancel(): canceling Mon Jan 28 03:21:25 UTC 2019
------------------ testing $PTII/ptolemy/domains/de/test/auto/FSM1.xml
auto.tcl: Setting watchdog for 200 seconds at Mon Jan 28 03:21:25 UTC 2019
34 ms. Memory: 208384K Free: 189392K (91%)
ptolemy.util.test.WatchDog.cancel(): canceling Mon Jan 28 03:21:26 UTC 2019
auto.tcl: Setting watchdog for 200 seconds at Mon Jan 28 03:21:26 UTC 2019
21 ms. Memory: 208384K Free: 185313K (89%)
ptolemy.util.test.WatchDog.cancel(): canceling Mon Jan 28 03:21:26 UTC 2019
------------------ testing $PTII/ptolemy/domains/de/test/auto/FSM7.xml
auto.tcl: Setting watchdog for 200 seconds at Mon Jan 28 03:21:26 UTC 2019
28 ms. Memory: 208384K Free: 189595K (91%)
ptolemy.util.test.WatchDog.cancel(): canceling Mon Jan 28 03:21:26 UTC 2019
auto.tcl: Setting watchdog for 200 seconds at Mon Jan 28 03:21:26 UTC 2019
20 ms. Memory: 208384K Free: 185515K (89%)
ptolemy.util.test.WatchDog.cancel(): canceling Mon Jan 28 03:21:26 UTC 2019
------------------ testing $PTII/ptolemy/domains/de/test/auto/Inspection.xml
auto.tcl: Setting watchdog for 200 seconds at Mon Jan 28 03:21:26 UTC 2019
27 ms. Memory: 208384K Free: 188767K (91%)
ptolemy.util.test.WatchDog.cancel(): canceling Mon Jan 28 03:21:26 UTC 2019
auto.tcl: Setting watchdog for 200 seconds at Mon Jan 28 03:21:26 UTC 2019
23 ms. Memory: 208384K Free: 186728K (90%)
ptolemy.util.test.WatchDog.cancel(): canceling Mon Jan 28 03:21:26 UTC 2019
------------------ testing $PTII/ptolemy/domains/de/test/auto/Iteration.xml
auto.tcl: Setting watchdog for 200 seconds at Mon Jan 28 03:21:26 UTC 2019
8 ms. Memory: 208384K Free: 196542K (94%)
ptolemy.util.test.WatchDog.cancel(): canceling Mon Jan 28 03:21:26 UTC 2019
auto.tcl: Setting watchdog for 200 seconds at Mon Jan 28 03:21:26 UTC 2019
6 ms. Memory: 208384K Free: 193983K (93%)
ptolemy.util.test.WatchDog.cancel(): canceling Mon Jan 28 03:21:26 UTC 2019
------------------ testing $PTII/ptolemy/domains/de/test/auto/LineFault.xml
auto.tcl: Setting watchdog for 200 seconds at Mon Jan 28 03:21:26 UTC 2019
649 ms. Memory: 208384K Free: 199739K (96%)
ptolemy.util.test.WatchDog.cancel(): canceling Mon Jan 28 03:21:27 UTC 2019
auto.tcl: Setting watchdog for 200 seconds at Mon Jan 28 03:21:27 UTC 2019
586 ms. Memory: 208384K Free: 142382K (68%)
ptolemy.util.test.WatchDog.cancel(): canceling Mon Jan 28 03:21:27 UTC 2019
------------------ testing $PTII/ptolemy/domains/de/test/auto/MergeModel1Add.xml
auto.tcl: Setting watchdog for 200 seconds at Mon Jan 28 03:21:27 UTC 2019
24 ms. Memory: 331264K Free: 300737K (91%)
ptolemy.util.test.WatchDog.cancel(): canceling Mon Jan 28 03:21:28 UTC 2019
auto.tcl: Setting watchdog for 200 seconds at Mon Jan 28 03:21:28 UTC 2019
9 ms. Memory: 331264K Free: 300737K (91%)
ptolemy.util.test.WatchDog.cancel(): canceling Mon Jan 28 03:21:28 UTC 2019
------------------ testing $PTII/ptolemy/domains/de/test/auto/MergeModel2Add.xml
auto.tcl: Setting watchdog for 200 seconds at Mon Jan 28 03:21:28 UTC 2019
16 ms. Memory: 331264K Free: 305655K (92%)
ptolemy.util.test.WatchDog.cancel(): canceling Mon Jan 28 03:21:28 UTC 2019
auto.tcl: Setting watchdog for 200 seconds at Mon Jan 28 03:21:28 UTC 2019
8 ms. Memory: 331264K Free: 302092K (91%)
ptolemy.util.test.WatchDog.cancel(): canceling Mon Jan 28 03:21:28 UTC 2019
------------------ testing $PTII/ptolemy/domains/de/test/auto/MergeModel3Add.xml
auto.tcl: Setting watchdog for 200 seconds at Mon Jan 28 03:21:28 UTC 2019
8 ms. Memory: 331264K Free: 305633K (92%)
ptolemy.util.test.WatchDog.cancel(): canceling Mon Jan 28 03:21:28 UTC 2019
auto.tcl: Setting watchdog for 200 seconds at Mon Jan 28 03:21:28 UTC 2019
7 ms. Memory: 331264K Free: 302070K (91%)
ptolemy.util.test.WatchDog.cancel(): canceling Mon Jan 28 03:21:28 UTC 2019
------------------ testing $PTII/ptolemy/domains/de/test/auto/MergeWithoutDiscard.xml
auto.tcl: Setting watchdog for 200 seconds at Mon Jan 28 03:21:28 UTC 2019
2 ms. Memory: 331264K Free: 316353K (95%)
ptolemy.util.test.WatchDog.cancel(): canceling Mon Jan 28 03:21:28 UTC 2019
auto.tcl: Setting watchdog for 200 seconds at Mon Jan 28 03:21:28 UTC 2019
1 ms. Memory: 331264K Free: 316353K (95%)
ptolemy.util.test.WatchDog.cancel(): canceling Mon Jan 28 03:21:28 UTC 2019
------------------ testing $PTII/ptolemy/domains/de/test/auto/Modal1.xml
auto.tcl: Setting watchdog for 200 seconds at Mon Jan 28 03:21:28 UTC 2019
11 ms. Memory: 331264K Free: 310629K (94%)
ptolemy.util.test.WatchDog.cancel(): canceling Mon Jan 28 03:21:28 UTC 2019
auto.tcl: Setting watchdog for 200 seconds at Mon Jan 28 03:21:28 UTC 2019
17 ms. Memory: 331264K Free: 307066K (93%)
ptolemy.util.test.WatchDog.cancel(): canceling Mon Jan 28 03:21:28 UTC 2019
------------------ testing $PTII/ptolemy/domains/de/test/auto/Modal2.xml
auto.tcl: Setting watchdog for 200 seconds at Mon Jan 28 03:21:28 UTC 2019
14 ms. Memory: 331264K Free: 310504K (94%)
ptolemy.util.test.WatchDog.cancel(): canceling Mon Jan 28 03:21:28 UTC 2019
auto.tcl: Setting watchdog for 200 seconds at Mon Jan 28 03:21:28 UTC 2019
18 ms. Memory: 331264K Free: 306940K (93%)
ptolemy.util.test.WatchDog.cancel(): canceling Mon Jan 28 03:21:28 UTC 2019
------------------ testing $PTII/ptolemy/domains/de/test/auto/Modal3.xml
auto.tcl: Setting watchdog for 200 seconds at Mon Jan 28 03:21:28 UTC 2019
15 ms. Memory: 331264K Free: 311177K (94%)
ptolemy.util.test.WatchDog.cancel(): canceling Mon Jan 28 03:21:28 UTC 2019
auto.tcl: Setting watchdog for 200 seconds at Mon Jan 28 03:21:28 UTC 2019
18 ms. Memory: 331264K Free: 306938K (93%)
ptolemy.util.test.WatchDog.cancel(): canceling Mon Jan 28 03:21:28 UTC 2019
------------------ testing $PTII/ptolemy/domains/de/test/auto/Modal4.xml
auto.tcl: Setting watchdog for 200 seconds at Mon Jan 28 03:21:28 UTC 2019
23 ms. Memory: 331264K Free: 310515K (94%)
ptolemy.util.test.WatchDog.cancel(): canceling Mon Jan 28 03:21:28 UTC 2019
auto.tcl: Setting watchdog for 200 seconds at Mon Jan 28 03:21:28 UTC 2019
21 ms. Memory: 331264K Free: 306951K (93%)
ptolemy.util.test.WatchDog.cancel(): canceling Mon Jan 28 03:21:28 UTC 2019
------------------ testing $PTII/ptolemy/domains/de/test/auto/Modal5.xml
auto.tcl: Setting watchdog for 200 seconds at Mon Jan 28 03:21:28 UTC 2019
19 ms. Memory: 331264K Free: 305586K (92%)
ptolemy.util.test.WatchDog.cancel(): canceling Mon Jan 28 03:21:28 UTC 2019
auto.tcl: Setting watchdog for 200 seconds at Mon Jan 28 03:21:28 UTC 2019
13 ms. Memory: 331264K Free: 302022K (91%)
ptolemy.util.test.WatchDog.cancel(): canceling Mon Jan 28 03:21:28 UTC 2019
------------------ testing $PTII/ptolemy/domains/de/test/auto/Modal6.xml
auto.tcl: Setting watchdog for 200 seconds at Mon Jan 28 03:21:29 UTC 2019
11 ms. Memory: 331264K Free: 310499K (94%)
ptolemy.util.test.WatchDog.cancel(): canceling Mon Jan 28 03:21:29 UTC 2019
auto.tcl: Setting watchdog for 200 seconds at Mon Jan 28 03:21:29 UTC 2019
15 ms. Memory: 331264K Free: 306935K (93%)
ptolemy.util.test.WatchDog.cancel(): canceling Mon Jan 28 03:21:29 UTC 2019
------------------ testing $PTII/ptolemy/domains/de/test/auto/Modal7.xml
auto.tcl: Setting watchdog for 200 seconds at Mon Jan 28 03:21:29 UTC 2019
16 ms. Memory: 331264K Free: 306936K (93%)
ptolemy.util.test.WatchDog.cancel(): canceling Mon Jan 28 03:21:29 UTC 2019
auto.tcl: Setting watchdog for 200 seconds at Mon Jan 28 03:21:29 UTC 2019
12 ms. Memory: 331264K Free: 303372K (92%)
ptolemy.util.test.WatchDog.cancel(): canceling Mon Jan 28 03:21:29 UTC 2019
------------------ testing $PTII/ptolemy/domains/de/test/auto/ModalModel.xml
auto.tcl: Setting watchdog for 200 seconds at Mon Jan 28 03:21:29 UTC 2019
194 ms. Memory: 331264K Free: 248167K (75%)
ptolemy.util.test.WatchDog.cancel(): canceling Mon Jan 28 03:21:29 UTC 2019
auto.tcl: Setting watchdog for 200 seconds at Mon Jan 28 03:21:29 UTC 2019
183 ms. Memory: 331264K Free: 191148K (58%)
ptolemy.util.test.WatchDog.cancel(): canceling Mon Jan 28 03:21:29 UTC 2019
------------------ testing $PTII/ptolemy/domains/de/test/auto/ModalSource.xml
auto.tcl: Setting watchdog for 200 seconds at Mon Jan 28 03:21:29 UTC 2019
6 ms. Memory: 331264K Free: 316772K (96%)
ptolemy.util.test.WatchDog.cancel(): canceling Mon Jan 28 03:21:29 UTC 2019
auto.tcl: Setting watchdog for 200 seconds at Mon Jan 28 03:21:29 UTC 2019
6 ms. Memory: 331264K Free: 313507K (95%)
ptolemy.util.test.WatchDog.cancel(): canceling Mon Jan 28 03:21:29 UTC 2019
------------------ testing $PTII/ptolemy/domains/de/test/auto/NonInterruptibleTimerZeroDelay.xml
auto.tcl: Setting watchdog for 200 seconds at Mon Jan 28 03:21:29 UTC 2019
3 ms. Memory: 331264K Free: 321128K (97%)
ptolemy.util.test.WatchDog.cancel(): canceling Mon Jan 28 03:21:29 UTC 2019
auto.tcl: Setting watchdog for 200 seconds at Mon Jan 28 03:21:29 UTC 2019
3 ms. Memory: 331264K Free: 317863K (96%)
ptolemy.util.test.WatchDog.cancel(): canceling Mon Jan 28 03:21:29 UTC 2019
------------------ testing $PTII/ptolemy/domains/de/test/auto/OpenQueueingNetwork.xml
auto.tcl: Setting watchdog for 200 seconds at Mon Jan 28 03:21:29 UTC 2019
2986 ms. Memory: 307712K Free: 122036K (40%)
ptolemy.util.test.WatchDog.cancel(): canceling Mon Jan 28 03:21:32 UTC 2019
auto.tcl: Setting watchdog for 200 seconds at Mon Jan 28 03:21:32 UTC 2019
2494 ms. Memory: 278528K Free: 158300K (57%)
ptolemy.util.test.WatchDog.cancel(): canceling Mon Jan 28 03:21:35 UTC 2019
------------------ testing $PTII/ptolemy/domains/de/test/auto/OpenQueuingNetwork.xml
auto.tcl: Setting watchdog for 200 seconds at Mon Jan 28 03:21:35 UTC 2019
256 ms. Memory: 278528K Free: 179947K (65%)
ptolemy.util.test.WatchDog.cancel(): canceling Mon Jan 28 03:21:35 UTC 2019
auto.tcl: Setting watchdog for 200 seconds at Mon Jan 28 03:21:35 UTC 2019
246 ms. Memory: 278528K Free: 115069K (41%)
ptolemy.util.test.WatchDog.cancel(): canceling Mon Jan 28 03:21:36 UTC 2019
------------------ testing $PTII/ptolemy/domains/de/test/auto/PeriodicSampler.xml
auto.tcl: Setting watchdog for 200 seconds at Mon Jan 28 03:21:36 UTC 2019
2 ms. Memory: 281088K Free: 269222K (96%)
ptolemy.util.test.WatchDog.cancel(): canceling Mon Jan 28 03:21:36 UTC 2019
auto.tcl: Setting watchdog for 200 seconds at Mon Jan 28 03:21:36 UTC 2019
1 ms. Memory: 281088K Free: 266317K (95%)
ptolemy.util.test.WatchDog.cancel(): canceling Mon Jan 28 03:21:36 UTC 2019
------------------ testing $PTII/ptolemy/domains/de/test/auto/PersistentIO.xml
auto.tcl: Setting watchdog for 200 seconds at Mon Jan 28 03:21:36 UTC 2019
4 ms. Memory: 278528K Free: 261450K (94%)
ptolemy.util.test.WatchDog.cancel(): canceling Mon Jan 28 03:21:36 UTC 2019
auto.tcl: Setting watchdog for 200 seconds at Mon Jan 28 03:21:36 UTC 2019
3 ms. Memory: 278528K Free: 258546K (93%)
ptolemy.util.test.WatchDog.cancel(): canceling Mon Jan 28 03:21:36 UTC 2019
------------------ testing $PTII/ptolemy/domains/de/test/auto/PortParameterResetOnInitialize.xml
auto.tcl: Setting watchdog for 200 seconds at Mon Jan 28 03:21:36 UTC 2019
2 ms. Memory: 280576K Free: 266267K (95%)
ptolemy.util.test.WatchDog.cancel(): canceling Mon Jan 28 03:21:36 UTC 2019
auto.tcl: Setting watchdog for 200 seconds at Mon Jan 28 03:21:36 UTC 2019
2 ms. Memory: 280576K Free: 266267K (95%)
ptolemy.util.test.WatchDog.cancel(): canceling Mon Jan 28 03:21:36 UTC 2019
------------------ testing $PTII/ptolemy/domains/de/test/auto/PortParameterUpdates.xml
auto.tcl: Setting watchdog for 200 seconds at Mon Jan 28 03:21:36 UTC 2019
4 ms. Memory: 278528K Free: 264203K (95%)
ptolemy.util.test.WatchDog.cancel(): canceling Mon Jan 28 03:21:36 UTC 2019
auto.tcl: Setting watchdog for 200 seconds at Mon Jan 28 03:21:36 UTC 2019
4 ms. Memory: 278528K Free: 261299K (94%)
ptolemy.util.test.WatchDog.cancel(): canceling Mon Jan 28 03:21:36 UTC 2019
------------------ testing $PTII/ptolemy/domains/de/test/auto/QueueAndServer.xml
auto.tcl: Setting watchdog for 200 seconds at Mon Jan 28 03:21:36 UTC 2019
7 ms. Memory: 280576K Free: 263311K (94%)
ptolemy.util.test.WatchDog.cancel(): canceling Mon Jan 28 03:21:36 UTC 2019
auto.tcl: Setting watchdog for 200 seconds at Mon Jan 28 03:21:36 UTC 2019
6 ms. Memory: 280576K Free: 263311K (94%)
ptolemy.util.test.WatchDog.cancel(): canceling Mon Jan 28 03:21:36 UTC 2019
------------------ testing $PTII/ptolemy/domains/de/test/auto/Records.xml
auto.tcl: Setting watchdog for 200 seconds at Mon Jan 28 03:21:36 UTC 2019
11 ms. Memory: 278528K Free: 266081K (96%)
ptolemy.util.test.WatchDog.cancel(): canceling Mon Jan 28 03:21:36 UTC 2019
auto.tcl: Setting watchdog for 200 seconds at Mon Jan 28 03:21:36 UTC 2019
1 ms. Memory: 278528K Free: 266081K (96%)
ptolemy.util.test.WatchDog.cancel(): canceling Mon Jan 28 03:21:36 UTC 2019
------------------ testing $PTII/ptolemy/domains/de/test/auto/ResetTransitionWithStartTime1.xml
auto.tcl: Setting watchdog for 200 seconds at Mon Jan 28 03:21:36 UTC 2019
16 ms. Memory: 280064K Free: 262915K (94%)
ptolemy.util.test.WatchDog.cancel(): canceling Mon Jan 28 03:21:36 UTC 2019
auto.tcl: Setting watchdog for 200 seconds at Mon Jan 28 03:21:36 UTC 2019
5 ms. Memory: 280064K Free: 262915K (94%)
ptolemy.util.test.WatchDog.cancel(): canceling Mon Jan 28 03:21:36 UTC 2019
------------------ testing $PTII/ptolemy/domains/de/test/auto/ResetTransitionWithStartTime2.xml
auto.tcl: Setting watchdog for 200 seconds at Mon Jan 28 03:21:36 UTC 2019
6 ms. Memory: 278528K Free: 261222K (94%)
ptolemy.util.test.WatchDog.cancel(): canceling Mon Jan 28 03:21:36 UTC 2019
auto.tcl: Setting watchdog for 200 seconds at Mon Jan 28 03:21:36 UTC 2019
5 ms. Memory: 278528K Free: 261222K (94%)
ptolemy.util.test.WatchDog.cancel(): canceling Mon Jan 28 03:21:36 UTC 2019
------------------ testing $PTII/ptolemy/domains/de/test/auto/ResetTransitionWithStartTime3.xml
auto.tcl: Setting watchdog for 200 seconds at Mon Jan 28 03:21:36 UTC 2019
4 ms. Memory: 280064K Free: 262757K (94%)
ptolemy.util.test.WatchDog.cancel(): canceling Mon Jan 28 03:21:36 UTC 2019
auto.tcl: Setting watchdog for 200 seconds at Mon Jan 28 03:21:36 UTC 2019
6 ms. Memory: 280064K Free: 262757K (94%)
ptolemy.util.test.WatchDog.cancel(): canceling Mon Jan 28 03:21:36 UTC 2019
------------------ testing $PTII/ptolemy/domains/de/test/auto/ResetTransitionWithStartTime4.xml
auto.tcl: Setting watchdog for 200 seconds at Mon Jan 28 03:21:36 UTC 2019
4 ms. Memory: 278528K Free: 263190K (94%)
ptolemy.util.test.WatchDog.cancel(): canceling Mon Jan 28 03:21:36 UTC 2019
auto.tcl: Setting watchdog for 200 seconds at Mon Jan 28 03:21:36 UTC 2019
4 ms. Memory: 278528K Free: 263190K (94%)
ptolemy.util.test.WatchDog.cancel(): canceling Mon Jan 28 03:21:36 UTC 2019
------------------ testing $PTII/ptolemy/domains/de/test/auto/ResettableTimer1.xml
auto.tcl: Setting watchdog for 200 seconds at Mon Jan 28 03:21:36 UTC 2019
2 ms. Memory: 280064K Free: 267626K (96%)
ptolemy.util.test.WatchDog.cancel(): canceling Mon Jan 28 03:21:36 UTC 2019
auto.tcl: Setting watchdog for 200 seconds at Mon Jan 28 03:21:36 UTC 2019
2 ms. Memory: 280064K Free: 267626K (96%)
ptolemy.util.test.WatchDog.cancel(): canceling Mon Jan 28 03:21:36 UTC 2019
------------------ testing $PTII/ptolemy/domains/de/test/auto/ResettableTimer2.xml
auto.tcl: Setting watchdog for 200 seconds at Mon Jan 28 03:21:36 UTC 2019
2 ms. Memory: 278528K Free: 266296K (96%)
ptolemy.util.test.WatchDog.cancel(): canceling Mon Jan 28 03:21:36 UTC 2019
auto.tcl: Setting watchdog for 200 seconds at Mon Jan 28 03:21:36 UTC 2019
3 ms. Memory: 278528K Free: 266296K (96%)
ptolemy.util.test.WatchDog.cancel(): canceling Mon Jan 28 03:21:36 UTC 2019
------------------ testing $PTII/ptolemy/domains/de/test/auto/ResettableTimer3.xml
auto.tcl: Setting watchdog for 200 seconds at Mon Jan 28 03:21:36 UTC 2019
1 ms. Memory: 279552K Free: 267171K (96%)
ptolemy.util.test.WatchDog.cancel(): canceling Mon Jan 28 03:21:36 UTC 2019
auto.tcl: Setting watchdog for 200 seconds at Mon Jan 28 03:21:36 UTC 2019
1 ms. Memory: 279552K Free: 267171K (96%)
ptolemy.util.test.WatchDog.cancel(): canceling Mon Jan 28 03:21:36 UTC 2019
------------------ testing $PTII/ptolemy/domains/de/test/auto/ResettableTimer4.xml
auto.tcl: Setting watchdog for 200 seconds at Mon Jan 28 03:21:36 UTC 2019
1 ms. Memory: 278528K Free: 266309K (96%)
ptolemy.util.test.WatchDog.cancel(): canceling Mon Jan 28 03:21:36 UTC 2019
auto.tcl: Setting watchdog for 200 seconds at Mon Jan 28 03:21:36 UTC 2019
1 ms. Memory: 278528K Free: 266309K (96%)
ptolemy.util.test.WatchDog.cancel(): canceling Mon Jan 28 03:21:36 UTC 2019
------------------ testing $PTII/ptolemy/domains/de/test/auto/ResettableTimer5.xml
auto.tcl: Setting watchdog for 200 seconds at Mon Jan 28 03:21:37 UTC 2019
1 ms. Memory: 279552K Free: 265360K (95%)
ptolemy.util.test.WatchDog.cancel(): canceling Mon Jan 28 03:21:37 UTC 2019
auto.tcl: Setting watchdog for 200 seconds at Mon Jan 28 03:21:37 UTC 2019
1 ms. Memory: 279552K Free: 265360K (95%)
ptolemy.util.test.WatchDog.cancel(): canceling Mon Jan 28 03:21:37 UTC 2019
------------------ testing $PTII/ptolemy/domains/de/test/auto/ResettableTimer6.xml
auto.tcl: Setting watchdog for 200 seconds at Mon Jan 28 03:21:37 UTC 2019
2 ms. Memory: 278528K Free: 264136K (95%)
ptolemy.util.test.WatchDog.cancel(): canceling Mon Jan 28 03:21:37 UTC 2019
auto.tcl: Setting watchdog for 200 seconds at Mon Jan 28 03:21:37 UTC 2019
2 ms. Memory: 278528K Free: 264136K (95%)
ptolemy.util.test.WatchDog.cancel(): canceling Mon Jan 28 03:21:37 UTC 2019
------------------ testing $PTII/ptolemy/domains/de/test/auto/ServerZeroDelay.xml
auto.tcl: Setting watchdog for 200 seconds at Mon Jan 28 03:21:37 UTC 2019
3 ms. Memory: 279552K Free: 267271K (96%)
ptolemy.util.test.WatchDog.cancel(): canceling Mon Jan 28 03:21:37 UTC 2019
auto.tcl: Setting watchdog for 200 seconds at Mon Jan 28 03:21:37 UTC 2019
2 ms. Memory: 279552K Free: 267271K (96%)
ptolemy.util.test.WatchDog.cancel(): canceling Mon Jan 28 03:21:37 UTC 2019
------------------ testing $PTII/ptolemy/domains/de/test/auto/SmartSender.xml
auto.tcl: Setting watchdog for 200 seconds at Mon Jan 28 03:21:37 UTC 2019
3001 ms. Memory: 278528K Free: 264271K (95%)
ptolemy.util.test.WatchDog.cancel(): canceling Mon Jan 28 03:21:40 UTC 2019
auto.tcl: Setting watchdog for 200 seconds at Mon Jan 28 03:21:40 UTC 2019
3004 ms. Memory: 278528K Free: 264271K (95%)
ptolemy.util.test.WatchDog.cancel(): canceling Mon Jan 28 03:21:43 UTC 2019
------------------ testing $PTII/ptolemy/domains/de/test/auto/ThreadedComposite.xml
auto.tcl: Setting watchdog for 200 seconds at Mon Jan 28 03:21:43 UTC 2019
194 ms. Memory: 279552K Free: 240644K (86%)
ptolemy.util.test.WatchDog.cancel(): canceling Mon Jan 28 03:21:43 UTC 2019
auto.tcl: Setting watchdog for 200 seconds at Mon Jan 28 03:21:43 UTC 2019
196 ms. Memory: 279552K Free: 223008K (80%)
ptolemy.util.test.WatchDog.cancel(): canceling Mon Jan 28 03:21:43 UTC 2019
------------------ testing $PTII/ptolemy/domains/de/test/auto/Time.xml
auto.tcl: Setting watchdog for 200 seconds at Mon Jan 28 03:21:43 UTC 2019
530 ms. Memory: 278528K Free: 204694K (73%)
ptolemy.util.test.WatchDog.cancel(): canceling Mon Jan 28 03:21:44 UTC 2019
auto.tcl: Setting watchdog for 200 seconds at Mon Jan 28 03:21:44 UTC 2019
469 ms. Memory: 278528K Free: 146601K (53%)
ptolemy.util.test.WatchDog.cancel(): canceling Mon Jan 28 03:21:44 UTC 2019
------------------ testing $PTII/ptolemy/domains/de/test/auto/TimeDelayZeroDelay.xml
auto.tcl: Setting watchdog for 200 seconds at Mon Jan 28 03:21:44 UTC 2019
2 ms. Memory: 279040K Free: 267271K (96%)
ptolemy.util.test.WatchDog.cancel(): canceling Mon Jan 28 03:21:44 UTC 2019
auto.tcl: Setting watchdog for 200 seconds at Mon Jan 28 03:21:44 UTC 2019
2 ms. Memory: 279040K Free: 267271K (96%)
ptolemy.util.test.WatchDog.cancel(): canceling Mon Jan 28 03:21:44 UTC 2019
------------------ testing $PTII/ptolemy/domains/de/test/auto/TimerZeroDelay.xml
auto.tcl: Setting watchdog for 200 seconds at Mon Jan 28 03:21:44 UTC 2019
3 ms. Memory: 278528K Free: 266899K (96%)
ptolemy.util.test.WatchDog.cancel(): canceling Mon Jan 28 03:21:44 UTC 2019
auto.tcl: Setting watchdog for 200 seconds at Mon Jan 28 03:21:44 UTC 2019
2 ms. Memory: 278528K Free: 266899K (96%)
ptolemy.util.test.WatchDog.cancel(): canceling Mon Jan 28 03:21:44 UTC 2019
------------------ testing $PTII/ptolemy/domains/de/test/auto/TimingParadox.xml
auto.tcl: Setting watchdog for 200 seconds at Mon Jan 28 03:21:44 UTC 2019
347 ms. Memory: 279040K Free: 199172K (71%)
ptolemy.util.test.WatchDog.cancel(): canceling Mon Jan 28 03:21:45 UTC 2019
auto.tcl: Setting watchdog for 200 seconds at Mon Jan 28 03:21:45 UTC 2019
315 ms. Memory: 279040K Free: 160920K (58%)
ptolemy.util.test.WatchDog.cancel(): canceling Mon Jan 28 03:21:45 UTC 2019
------------------ testing $PTII/ptolemy/domains/de/test/auto/TransferInputs.xml
auto.tcl: Setting watchdog for 200 seconds at Mon Jan 28 03:21:45 UTC 2019
1 ms. Memory: 279040K Free: 266421K (95%)
ptolemy.util.test.WatchDog.cancel(): canceling Mon Jan 28 03:21:45 UTC 2019
auto.tcl: Setting watchdog for 200 seconds at Mon Jan 28 03:21:45 UTC 2019
2 ms. Memory: 279040K Free: 266421K (95%)
ptolemy.util.test.WatchDog.cancel(): canceling Mon Jan 28 03:21:45 UTC 2019
------------------ testing $PTII/ptolemy/domains/de/test/auto/TransferOutputs2.xml
auto.tcl: Setting watchdog for 200 seconds at Mon Jan 28 03:21:45 UTC 2019
2 ms. Memory: 278528K Free: 264485K (95%)
ptolemy.util.test.WatchDog.cancel(): canceling Mon Jan 28 03:21:45 UTC 2019
auto.tcl: Setting watchdog for 200 seconds at Mon Jan 28 03:21:45 UTC 2019
3 ms. Memory: 278528K Free: 261944K (94%)
ptolemy.util.test.WatchDog.cancel(): canceling Mon Jan 28 03:21:45 UTC 2019
------------------ testing $PTII/ptolemy/domains/de/test/auto/Trilateration.xml
auto.tcl: Setting watchdog for 200 seconds at Mon Jan 28 03:21:45 UTC 2019
14317 ms. Memory: 846848K Free: 660024K (78%)
ptolemy.util.test.WatchDog.cancel(): canceling Mon Jan 28 03:22:01 UTC 2019
auto.tcl: Setting watchdog for 200 seconds at Mon Jan 28 03:22:01 UTC 2019
11175 ms. Memory: 742912K Free: 160859K (22%)
ptolemy.util.test.WatchDog.cancel(): canceling Mon Jan 28 03:22:12 UTC 2019
------------------ testing $PTII/ptolemy/domains/de/test/auto/TwoSigmaDelta.xml
auto.tcl: Setting watchdog for 200 seconds at Mon Jan 28 03:22:12 UTC 2019
2612 ms. Memory: 746496K Free: 427415K (57%)
ptolemy.util.test.WatchDog.cancel(): canceling Mon Jan 28 03:22:15 UTC 2019
auto.tcl: Setting watchdog for 200 seconds at Mon Jan 28 03:22:15 UTC 2019
2178 ms. Memory: 746496K Free: 193024K (26%)
ptolemy.util.test.WatchDog.cancel(): canceling Mon Jan 28 03:22:17 UTC 2019
------------------ testing $PTII/ptolemy/domains/de/test/auto/VariableDelay.xml
auto.tcl: Setting watchdog for 200 seconds at Mon Jan 28 03:22:17 UTC 2019
2 ms. Memory: 743424K Free: 721618K (97%)
ptolemy.util.test.WatchDog.cancel(): canceling Mon Jan 28 03:22:17 UTC 2019
auto.tcl: Setting watchdog for 200 seconds at Mon Jan 28 03:22:17 UTC 2019
1 ms. Memory: 743424K Free: 721618K (97%)
ptolemy.util.test.WatchDog.cancel(): canceling Mon Jan 28 03:22:17 UTC 2019
------------------ testing $PTII/ptolemy/domains/de/test/auto/VariableDelay2.xml
auto.tcl: Setting watchdog for 200 seconds at Mon Jan 28 03:22:17 UTC 2019
2 ms. Memory: 742912K Free: 721536K (97%)
ptolemy.util.test.WatchDog.cancel(): canceling Mon Jan 28 03:22:17 UTC 2019
auto.tcl: Setting watchdog for 200 seconds at Mon Jan 28 03:22:17 UTC 2019
1 ms. Memory: 742912K Free: 721536K (97%)
ptolemy.util.test.WatchDog.cancel(): canceling Mon Jan 28 03:22:17 UTC 2019
------------------ testing $PTII/ptolemy/domains/de/test/auto/VariableDelayZeroDelay.xml
auto.tcl: Setting watchdog for 200 seconds at Mon Jan 28 03:22:17 UTC 2019
2 ms. Memory: 742912K Free: 714919K (96%)
ptolemy.util.test.WatchDog.cancel(): canceling Mon Jan 28 03:22:17 UTC 2019
auto.tcl: Setting watchdog for 200 seconds at Mon Jan 28 03:22:17 UTC 2019
2 ms. Memory: 742912K Free: 714919K (96%)
ptolemy.util.test.WatchDog.cancel(): canceling Mon Jan 28 03:22:17 UTC 2019
------------------ testing $PTII/ptolemy/domains/de/test/auto/VariableDelayZeroDelay2.xml
auto.tcl: Setting watchdog for 200 seconds at Mon Jan 28 03:22:17 UTC 2019
2 ms. Memory: 745472K Free: 717477K (96%)
ptolemy.util.test.WatchDog.cancel(): canceling Mon Jan 28 03:22:17 UTC 2019
auto.tcl: Setting watchdog for 200 seconds at Mon Jan 28 03:22:17 UTC 2019
4 ms. Memory: 745472K Free: 717477K (96%)
ptolemy.util.test.WatchDog.cancel(): canceling Mon Jan 28 03:22:17 UTC 2019
------------------ testing $PTII/ptolemy/domains/de/test/auto/deInCt.xml
auto.tcl: Setting watchdog for 200 seconds at Mon Jan 28 03:22:17 UTC 2019
0
1
1
1
0
0
0
1
1
0
0
0
1
1
1
0
0
0
1
1
1
1
0
0
0
1
1
1
0
0
0
1
1
1
1
1
1
0
0
0
1
1
1
0
0
0
0
21 ms. Memory: 742912K Free: 714898K (96%)
ptolemy.util.test.WatchDog.cancel(): canceling Mon Jan 28 03:22:17 UTC 2019
auto.tcl: Setting watchdog for 200 seconds at Mon Jan 28 03:22:17 UTC 2019
0
1
1
1
1
0
0
0
1
1
1
0
0
0
1
1
1
0
0
0
1
1
0
0
0
0
0
1
1
0
0
0
0
1
1
1
0
0
0
1
1
1
1
10 ms. Memory: 742912K Free: 714898K (96%)
ptolemy.util.test.WatchDog.cancel(): canceling Mon Jan 28 03:22:17 UTC 2019
------------------ testing $PTII/ptolemy/domains/de/test/auto/deInCt2.xml
auto.tcl: Setting watchdog for 200 seconds at Mon Jan 28 03:22:17 UTC 2019
0
1
1
1
0
0
1
1
1
0
0
1
1
1
0
0
1
1
1
0
0
1
1
1
0
0
1
1
1
0
0
1
1
1
0
0
1
1
1
0
0
0
5 ms. Memory: 745472K Free: 717458K (96%)
ptolemy.util.test.WatchDog.cancel(): canceling Mon Jan 28 03:22:17 UTC 2019
auto.tcl: Setting watchdog for 200 seconds at Mon Jan 28 03:22:17 UTC 2019
0
1
1
1
0
0
1
1
1
0
0
1
1
1
0
0
1
1
1
0
0
1
1
1
0
0
1
1
1
0
0
1
1
1
0
0
1
1
1
0
0
0
4 ms. Memory: 745472K Free: 717458K (96%)
ptolemy.util.test.WatchDog.cancel(): canceling Mon Jan 28 03:22:17 UTC 2019
------------------ testing $PTII/ptolemy/domains/de/test/auto/dynamicCausalityInterface1.xml
auto.tcl: Setting watchdog for 200 seconds at Mon Jan 28 03:22:17 UTC 2019
1 ms. Memory: 742912K Free: 721524K (97%)
ptolemy.util.test.WatchDog.cancel(): canceling Mon Jan 28 03:22:17 UTC 2019
auto.tcl: Setting watchdog for 200 seconds at Mon Jan 28 03:22:17 UTC 2019
1 ms. Memory: 742912K Free: 721524K (97%)
ptolemy.util.test.WatchDog.cancel(): canceling Mon Jan 28 03:22:17 UTC 2019
------------------ testing $PTII/ptolemy/domains/de/test/auto/fsm_de_test.xml
auto.tcl: Setting watchdog for 200 seconds at Mon Jan 28 03:22:17 UTC 2019
6 ms. Memory: 744960K Free: 716852K (96%)
ptolemy.util.test.WatchDog.cancel(): canceling Mon Jan 28 03:22:17 UTC 2019
auto.tcl: Setting watchdog for 200 seconds at Mon Jan 28 03:22:17 UTC 2019
5 ms. Memory: 744960K Free: 716852K (96%)
ptolemy.util.test.WatchDog.cancel(): canceling Mon Jan 28 03:22:17 UTC 2019
------------------ testing $PTII/ptolemy/domains/de/test/auto/functionDependencyReconstruction.xml
auto.tcl: Setting watchdog for 200 seconds at Mon Jan 28 03:22:17 UTC 2019
2 ms. Memory: 742912K Free: 704632K (95%)
ptolemy.util.test.WatchDog.cancel(): canceling Mon Jan 28 03:22:17 UTC 2019
auto.tcl: Setting watchdog for 200 seconds at Mon Jan 28 03:22:17 UTC 2019
3 ms. Memory: 742912K Free: 704632K (95%)
ptolemy.util.test.WatchDog.cancel(): canceling Mon Jan 28 03:22:17 UTC 2019
------------------ testing $PTII/ptolemy/domains/de/test/auto/multirate.xml
auto.tcl: Setting watchdog for 200 seconds at Mon Jan 28 03:22:18 UTC 2019
3 ms. Memory: 744960K Free: 723318K (97%)
ptolemy.util.test.WatchDog.cancel(): canceling Mon Jan 28 03:22:18 UTC 2019
auto.tcl: Setting watchdog for 200 seconds at Mon Jan 28 03:22:18 UTC 2019
2 ms. Memory: 744960K Free: 723318K (97%)
ptolemy.util.test.WatchDog.cancel(): canceling Mon Jan 28 03:22:18 UTC 2019
------------------ testing $PTII/ptolemy/domains/de/test/auto/multirate2.xml
auto.tcl: Setting watchdog for 200 seconds at Mon Jan 28 03:22:18 UTC 2019
2 ms. Memory: 742912K Free: 721473K (97%)
ptolemy.util.test.WatchDog.cancel(): canceling Mon Jan 28 03:22:18 UTC 2019
auto.tcl: Setting watchdog for 200 seconds at Mon Jan 28 03:22:18 UTC 2019
2 ms. Memory: 742912K Free: 721473K (97%)
ptolemy.util.test.WatchDog.cancel(): canceling Mon Jan 28 03:22:18 UTC 2019
------------------ testing $PTII/ptolemy/domains/de/test/auto/realtime.xml
auto.tcl: Setting watchdog for 200 seconds at Mon Jan 28 03:22:18 UTC 2019
10002 ms. Memory: 744448K Free: 716376K (96%)
ptolemy.util.test.WatchDog.cancel(): canceling Mon Jan 28 03:22:28 UTC 2019
auto.tcl: Setting watchdog for 200 seconds at Mon Jan 28 03:22:28 UTC 2019
10002 ms. Memory: 744448K Free: 716376K (96%)
ptolemy.util.test.WatchDog.cancel(): canceling Mon Jan 28 03:22:38 UTC 2019
------------------ testing $PTII/ptolemy/domains/de/test/auto/relationGroup.xml
auto.tcl: Setting watchdog for 200 seconds at Mon Jan 28 03:22:38 UTC 2019
3 ms. Memory: 742912K Free: 721496K (97%)
ptolemy.util.test.WatchDog.cancel(): canceling Mon Jan 28 03:22:38 UTC 2019
auto.tcl: Setting watchdog for 200 seconds at Mon Jan 28 03:22:38 UTC 2019
1 ms. Memory: 742912K Free: 721496K (97%)
ptolemy.util.test.WatchDog.cancel(): canceling Mon Jan 28 03:22:38 UTC 2019
------------------ testing $PTII/ptolemy/domains/de/test/auto/relationGroup2.xml
auto.tcl: Setting watchdog for 200 seconds at Mon Jan 28 03:22:38 UTC 2019
2 ms. Memory: 744448K Free: 716441K (96%)
ptolemy.util.test.WatchDog.cancel(): canceling Mon Jan 28 03:22:38 UTC 2019
auto.tcl: Setting watchdog for 200 seconds at Mon Jan 28 03:22:38 UTC 2019
1 ms. Memory: 744448K Free: 716441K (96%)
ptolemy.util.test.WatchDog.cancel(): canceling Mon Jan 28 03:22:38 UTC 2019
------------------ testing $PTII/ptolemy/domains/de/test/auto/sortWithOpaquePorts.xml
auto.tcl: Setting watchdog for 200 seconds at Mon Jan 28 03:22:38 UTC 2019
1 ms. Memory: 742912K Free: 714906K (96%)
ptolemy.util.test.WatchDog.cancel(): canceling Mon Jan 28 03:22:38 UTC 2019
auto.tcl: Setting watchdog for 200 seconds at Mon Jan 28 03:22:38 UTC 2019
1 ms. Memory: 742912K Free: 714906K (96%)
ptolemy.util.test.WatchDog.cancel(): canceling Mon Jan 28 03:22:38 UTC 2019
------------------ testing $PTII/ptolemy/domains/de/test/auto/transferInputsandOutputs.xml
auto.tcl: Setting watchdog for 200 seconds at Mon Jan 28 03:22:38 UTC 2019
1 ms. Memory: 743936K Free: 715917K (96%)
ptolemy.util.test.WatchDog.cancel(): canceling Mon Jan 28 03:22:38 UTC 2019
auto.tcl: Setting watchdog for 200 seconds at Mon Jan 28 03:22:38 UTC 2019
1 ms. Memory: 743936K Free: 715917K (96%)
ptolemy.util.test.WatchDog.cancel(): canceling Mon Jan 28 03:22:38 UTC 2019
------------------ testing $PTII/ptolemy/domains/de/test/auto/triggerType.xml
auto.tcl: Setting watchdog for 200 seconds at Mon Jan 28 03:22:38 UTC 2019
1 ms. Memory: 742912K Free: 714843K (96%)
ptolemy.util.test.WatchDog.cancel(): canceling Mon Jan 28 03:22:38 UTC 2019
auto.tcl: Setting watchdog for 200 seconds at Mon Jan 28 03:22:38 UTC 2019
1 ms. Memory: 742912K Free: 714843K (96%)
ptolemy.util.test.WatchDog.cancel(): canceling Mon Jan 28 03:22:38 UTC 2019
01/28/19 03:22:38
Failed: 0  Total Tests: 192  ((Passed: 187, Newly Passed: 1)  Known Failed: 5) /home/travis/build/icyphy/ptII/ptolemy/domains/de/test
01/28/19 03:22:38
Failed: 0  Total Tests: 192  ((Passed: 187, Newly Passed: 1)  Known Failed: 5) /home/travis/build/icyphy/ptII/ptolemy/domains/de/test
----------------- testing (KnownFailure) /home/travis/build/icyphy/ptII/ptolemy/domains/de/test/auto/knownFailedTests/DESDFClockTest.xml
2007 ms. Memory: 743936K Free: 702690K (94%)
Known Failure: java.lang.reflect.InvocationTargetException
----------------- testing (KnownFailure) /home/travis/build/icyphy/ptII/ptolemy/domains/de/test/auto/knownFailedTests/DirectFeedback.xml
1 ms. Memory: 743936K Free: 649754K (87%)
Known Failure: java.lang.reflect.InvocationTargetException
----------------- testing (KnownFailure) /home/travis/build/icyphy/ptII/ptolemy/domains/de/test/auto/knownFailedTests/FSMSource.xml
8 ms. Memory: 743936K Free: 596833K (80%)
----------------- testing (KnownFailure) /home/travis/build/icyphy/ptII/ptolemy/domains/de/test/auto/knownFailedTests/HierarchicalModel.xml
2 ms. Memory: 743936K Free: 557127K (75%)
Known Failure: java.lang.reflect.InvocationTargetException
----------------- testing (KnownFailure) /home/travis/build/icyphy/ptII/ptolemy/domains/de/test/auto/knownFailedTests/dependencyLoop.xml
1 ms. Memory: 743936K Free: 490960K (66%)
Known Failure: java.lang.reflect.InvocationTargetException
----------------- testing (KnownFailure) /home/travis/build/icyphy/ptII/ptolemy/domains/de/test/auto/knownFailedTests/dependencyLoop2.xml
4 ms. Memory: 743936K Free: 424794K (57%)
Known Failure: java.lang.reflect.InvocationTargetException
No auto/linux-amd64/*.xml tests in /home/travis/build/icyphy/ptII/ptolemy/domains/de/test
AutoTests.java: About to close Vertx.
AutoTests.java: Vertx closed.

===========================================================================================
----------------- testing Mon Jan 28 03:22:40 UTC 2019 /home/travis/build/icyphy/ptII/ptolemy/domains/de/test/auto/ActorDepthCalculation_actorWithoutPorts.xml
----------------- Instantiating /home/travis/build/icyphy/ptII/ptolemy/domains/de/test/auto/ActorDepthCalculation_actorWithoutPorts.xml
1 ms. Memory: 743936K Free: 358643K (48%)
----------------- Invoking toplevel() on ptolemy.moml.MoMLSimpleApplication@769942c5
----------------- Done invoking toplevel() on ptolemy.moml.MoMLSimpleApplication@769942c5
reloadAllAccessors: .ActorDepthCalculation_actorWithoutPorts

===========================================================================================
----------------- testing Mon Jan 28 03:22:40 UTC 2019 /home/travis/build/icyphy/ptII/ptolemy/domains/de/test/auto/AssemblyLine.xml
----------------- Instantiating /home/travis/build/icyphy/ptII/ptolemy/domains/de/test/auto/AssemblyLine.xml
1 ms. Memory: 743936K Free: 332183K (45%)
----------------- Invoking toplevel() on ptolemy.moml.MoMLSimpleApplication@5c7cc40c
----------------- Done invoking toplevel() on ptolemy.moml.MoMLSimpleApplication@5c7cc40c
reloadAllAccessors: .AssemblyLine

===========================================================================================
----------------- testing Mon Jan 28 03:22:40 UTC 2019 /home/travis/build/icyphy/ptII/ptolemy/domains/de/test/auto/CQBug1.xml
----------------- Instantiating /home/travis/build/icyphy/ptII/ptolemy/domains/de/test/auto/CQBug1.xml
1 ms. Memory: 743936K Free: 305723K (41%)
----------------- Invoking toplevel() on ptolemy.moml.MoMLSimpleApplication@7b42c024
----------------- Done invoking toplevel() on ptolemy.moml.MoMLSimpleApplication@7b42c024
reloadAllAccessors: .CQBug1

===========================================================================================
----------------- testing Mon Jan 28 03:22:40 UTC 2019 /home/travis/build/icyphy/ptII/ptolemy/domains/de/test/auto/CancelFireAt.xml
----------------- Instantiating /home/travis/build/icyphy/ptII/ptolemy/domains/de/test/auto/CancelFireAt.xml
0 ms. Memory: 743936K Free: 279262K (38%)
----------------- Invoking toplevel() on ptolemy.moml.MoMLSimpleApplication@62c0694a
----------------- Done invoking toplevel() on ptolemy.moml.MoMLSimpleApplication@62c0694a
reloadAllAccessors: .CancelFireAt

===========================================================================================
----------------- testing Mon Jan 28 03:22:40 UTC 2019 /home/travis/build/icyphy/ptII/ptolemy/domains/de/test/auto/CausalityAndComposabilityAnalysis.xml
----------------- Instantiating /home/travis/build/icyphy/ptII/ptolemy/domains/de/test/auto/CausalityAndComposabilityAnalysis.xml
1 ms. Memory: 743936K Free: 252802K (34%)
----------------- Invoking toplevel() on ptolemy.moml.MoMLSimpleApplication@abf2f5e
----------------- Done invoking toplevel() on ptolemy.moml.MoMLSimpleApplication@abf2f5e
reloadAllAccessors: .CausalityAndComposabilityAnalysis

===========================================================================================
----------------- testing Mon Jan 28 03:22:40 UTC 2019 /home/travis/build/icyphy/ptII/ptolemy/domains/de/test/auto/CausalityInterface1.xml
----------------- Instantiating /home/travis/build/icyphy/ptII/ptolemy/domains/de/test/auto/CausalityInterface1.xml
3 ms. Memory: 743936K Free: 226342K (30%)
----------------- Invoking toplevel() on ptolemy.moml.MoMLSimpleApplication@60c37845
----------------- Done invoking toplevel() on ptolemy.moml.MoMLSimpleApplication@60c37845
reloadAllAccessors: .CausalityInterface1

===========================================================================================
----------------- testing Mon Jan 28 03:22:40 UTC 2019 /home/travis/build/icyphy/ptII/ptolemy/domains/de/test/auto/CausalityInterface15.xml
----------------- Instantiating /home/travis/build/icyphy/ptII/ptolemy/domains/de/test/auto/CausalityInterface15.xml
1 ms. Memory: 743936K Free: 199882K (27%)
----------------- Invoking toplevel() on ptolemy.moml.MoMLSimpleApplication@69c30746
----------------- Done invoking toplevel() on ptolemy.moml.MoMLSimpleApplication@69c30746
reloadAllAccessors: .CausalityInterface15

===========================================================================================
----------------- testing Mon Jan 28 03:22:40 UTC 2019 /home/travis/build/icyphy/ptII/ptolemy/domains/de/test/auto/CausalityInterface2.xml
----------------- Instantiating /home/travis/build/icyphy/ptII/ptolemy/domains/de/test/auto/CausalityInterface2.xml
1 ms. Memory: 743936K Free: 173422K (23%)
----------------- Invoking toplevel() on ptolemy.moml.MoMLSimpleApplication@6a41d29b
----------------- Done invoking toplevel() on ptolemy.moml.MoMLSimpleApplication@6a41d29b
reloadAllAccessors: .CausalityInterface2

===========================================================================================
----------------- testing Mon Jan 28 03:22:40 UTC 2019 /home/travis/build/icyphy/ptII/ptolemy/domains/de/test/auto/CausalityInterface3.xml
----------------- Instantiating /home/travis/build/icyphy/ptII/ptolemy/domains/de/test/auto/CausalityInterface3.xml
1 ms. Memory: 743936K Free: 146961K (20%)
----------------- Invoking toplevel() on ptolemy.moml.MoMLSimpleApplication@5a0cca9e
----------------- Done invoking toplevel() on ptolemy.moml.MoMLSimpleApplication@5a0cca9e
reloadAllAccessors: .CausalityInterface3

===========================================================================================
----------------- testing Mon Jan 28 03:22:40 UTC 2019 /home/travis/build/icyphy/ptII/ptolemy/domains/de/test/auto/ClockDrift.xml
----------------- Instantiating /home/travis/build/icyphy/ptII/ptolemy/domains/de/test/auto/ClockDrift.xml
9 ms. Memory: 743936K Free: 120501K (16%)
----------------- Invoking toplevel() on ptolemy.moml.MoMLSimpleApplication@1a7cb46e
----------------- Done invoking toplevel() on ptolemy.moml.MoMLSimpleApplication@1a7cb46e
reloadAllAccessors: .ClockDrift

===========================================================================================
----------------- testing Mon Jan 28 03:22:40 UTC 2019 /home/travis/build/icyphy/ptII/ptolemy/domains/de/test/auto/ClockDriftAndValueChange.xml
----------------- Instantiating /home/travis/build/icyphy/ptII/ptolemy/domains/de/test/auto/ClockDriftAndValueChange.xml
8 ms. Memory: 743936K Free: 94041K (13%)
----------------- Invoking toplevel() on ptolemy.moml.MoMLSimpleApplication@14a32d66
----------------- Done invoking toplevel() on ptolemy.moml.MoMLSimpleApplication@14a32d66
reloadAllAccessors: .ClockDriftAndValueChange

===========================================================================================
----------------- testing Mon Jan 28 03:22:40 UTC 2019 /home/travis/build/icyphy/ptII/ptolemy/domains/de/test/auto/ClockDriftChange.xml
----------------- Instantiating /home/travis/build/icyphy/ptII/ptolemy/domains/de/test/auto/ClockDriftChange.xml
7 ms. Memory: 743936K Free: 77793K (10%)
----------------- Invoking toplevel() on ptolemy.moml.MoMLSimpleApplication@2d889b87
----------------- Done invoking toplevel() on ptolemy.moml.MoMLSimpleApplication@2d889b87
reloadAllAccessors: .ClockDriftChange

===========================================================================================
----------------- testing Mon Jan 28 03:22:40 UTC 2019 /home/travis/build/icyphy/ptII/ptolemy/domains/de/test/auto/ComposableCausalityAnalysis.xml
----------------- Instantiating /home/travis/build/icyphy/ptII/ptolemy/domains/de/test/auto/ComposableCausalityAnalysis.xml
1 ms. Memory: 711680K Free: 681573K (96%)
----------------- Invoking toplevel() on ptolemy.moml.MoMLSimpleApplication@62952558
----------------- Done invoking toplevel() on ptolemy.moml.MoMLSimpleApplication@62952558
reloadAllAccessors: .ComposableCausalityAnalysis

===========================================================================================
----------------- testing Mon Jan 28 03:22:40 UTC 2019 /home/travis/build/icyphy/ptII/ptolemy/domains/de/test/auto/DEFixedPointLimitation.xml
----------------- Instantiating /home/travis/build/icyphy/ptII/ptolemy/domains/de/test/auto/DEFixedPointLimitation.xml
1 ms. Memory: 711680K Free: 650078K (91%)
----------------- Invoking toplevel() on ptolemy.moml.MoMLSimpleApplication@5ea38ef2
----------------- Done invoking toplevel() on ptolemy.moml.MoMLSimpleApplication@5ea38ef2
reloadAllAccessors: .DEFixedPointLimitation

===========================================================================================
----------------- testing Mon Jan 28 03:22:40 UTC 2019 /home/travis/build/icyphy/ptII/ptolemy/domains/de/test/auto/DEScheduleTest.xml
----------------- Instantiating /home/travis/build/icyphy/ptII/ptolemy/domains/de/test/auto/DEScheduleTest.xml
1 ms. Memory: 711680K Free: 624868K (88%)
----------------- Invoking toplevel() on ptolemy.moml.MoMLSimpleApplication@40177cab
----------------- Done invoking toplevel() on ptolemy.moml.MoMLSimpleApplication@40177cab
reloadAllAccessors: .DEScheduleTest

===========================================================================================
----------------- testing Mon Jan 28 03:22:40 UTC 2019 /home/travis/build/icyphy/ptII/ptolemy/domains/de/test/auto/DEinDEwithStartTimes.xml
----------------- Instantiating /home/travis/build/icyphy/ptII/ptolemy/domains/de/test/auto/DEinDEwithStartTimes.xml
2 ms. Memory: 711680K Free: 599656K (84%)
----------------- Invoking toplevel() on ptolemy.moml.MoMLSimpleApplication@21dc52fc
----------------- Done invoking toplevel() on ptolemy.moml.MoMLSimpleApplication@21dc52fc
reloadAllAccessors: .DEinDEwithStartTimes

===========================================================================================
----------------- testing Mon Jan 28 03:22:40 UTC 2019 /home/travis/build/icyphy/ptII/ptolemy/domains/de/test/auto/DEinDEwithStartTimes2.xml
----------------- Instantiating /home/travis/build/icyphy/ptII/ptolemy/domains/de/test/auto/DEinDEwithStartTimes2.xml
2 ms. Memory: 711680K Free: 574446K (81%)
----------------- Invoking toplevel() on ptolemy.moml.MoMLSimpleApplication@f0c4ec
----------------- Done invoking toplevel() on ptolemy.moml.MoMLSimpleApplication@f0c4ec
reloadAllAccessors: .DEinDEwithStartTimes2

===========================================================================================
----------------- testing Mon Jan 28 03:22:40 UTC 2019 /home/travis/build/icyphy/ptII/ptolemy/domains/de/test/auto/DateDemo.xml
----------------- Instantiating /home/travis/build/icyphy/ptII/ptolemy/domains/de/test/auto/DateDemo.xml
4 ms. Memory: 711680K Free: 549225K (77%)
----------------- Invoking toplevel() on ptolemy.moml.MoMLSimpleApplication@530fa4ee
----------------- Done invoking toplevel() on ptolemy.moml.MoMLSimpleApplication@530fa4ee
reloadAllAccessors: .DateDemo

===========================================================================================
----------------- testing Mon Jan 28 03:22:40 UTC 2019 /home/travis/build/icyphy/ptII/ptolemy/domains/de/test/auto/DateToEvent.xml
----------------- Instantiating /home/travis/build/icyphy/ptII/ptolemy/domains/de/test/auto/DateToEvent.xml
2005 ms. Memory: 711680K Free: 511392K (72%)
----------------- Invoking toplevel() on ptolemy.moml.MoMLSimpleApplication@537b410
----------------- Done invoking toplevel() on ptolemy.moml.MoMLSimpleApplication@537b410
reloadAllAccessors: .DateToEvent

===========================================================================================
----------------- testing Mon Jan 28 03:22:42 UTC 2019 /home/travis/build/icyphy/ptII/ptolemy/domains/de/test/auto/DepthTest1.xml
----------------- Instantiating /home/travis/build/icyphy/ptII/ptolemy/domains/de/test/auto/DepthTest1.xml
2 ms. Memory: 711680K Free: 486181K (68%)
----------------- Invoking toplevel() on ptolemy.moml.MoMLSimpleApplication@63bd6cf
----------------- Done invoking toplevel() on ptolemy.moml.MoMLSimpleApplication@63bd6cf
reloadAllAccessors: .DepthTest1

===========================================================================================
----------------- testing Mon Jan 28 03:22:42 UTC 2019 /home/travis/build/icyphy/ptII/ptolemy/domains/de/test/auto/DepthTest2.xml
----------------- Instantiating /home/travis/build/icyphy/ptII/ptolemy/domains/de/test/auto/DepthTest2.xml
4 ms. Memory: 711680K Free: 460971K (65%)
----------------- Invoking toplevel() on ptolemy.moml.MoMLSimpleApplication@1f7ef08d
----------------- Done invoking toplevel() on ptolemy.moml.MoMLSimpleApplication@1f7ef08d
reloadAllAccessors: .DepthTest2

===========================================================================================
----------------- testing Mon Jan 28 03:22:42 UTC 2019 /home/travis/build/icyphy/ptII/ptolemy/domains/de/test/auto/DepthTest3.xml
----------------- Instantiating /home/travis/build/icyphy/ptII/ptolemy/domains/de/test/auto/DepthTest3.xml
1 ms. Memory: 711680K Free: 435760K (61%)
----------------- Invoking toplevel() on ptolemy.moml.MoMLSimpleApplication@316f56ff
----------------- Done invoking toplevel() on ptolemy.moml.MoMLSimpleApplication@316f56ff
reloadAllAccessors: .DepthTest3

===========================================================================================
----------------- testing Mon Jan 28 03:22:42 UTC 2019 /home/travis/build/icyphy/ptII/ptolemy/domains/de/test/auto/DepthTest4.xml
----------------- Instantiating /home/travis/build/icyphy/ptII/ptolemy/domains/de/test/auto/DepthTest4.xml
2 ms. Memory: 711680K Free: 410549K (58%)
----------------- Invoking toplevel() on ptolemy.moml.MoMLSimpleApplication@508a7541
----------------- Done invoking toplevel() on ptolemy.moml.MoMLSimpleApplication@508a7541
reloadAllAccessors: .DepthTest4

===========================================================================================
----------------- testing Mon Jan 28 03:22:42 UTC 2019 /home/travis/build/icyphy/ptII/ptolemy/domains/de/test/auto/DepthTest5.xml
----------------- Instantiating /home/travis/build/icyphy/ptII/ptolemy/domains/de/test/auto/DepthTest5.xml
2 ms. Memory: 711680K Free: 385338K (54%)
----------------- Invoking toplevel() on ptolemy.moml.MoMLSimpleApplication@3d02cb9c
----------------- Done invoking toplevel() on ptolemy.moml.MoMLSimpleApplication@3d02cb9c
reloadAllAccessors: .DepthTest5

===========================================================================================
----------------- testing Mon Jan 28 03:22:42 UTC 2019 /home/travis/build/icyphy/ptII/ptolemy/domains/de/test/auto/DepthTest6.xml
----------------- Instantiating /home/travis/build/icyphy/ptII/ptolemy/domains/de/test/auto/DepthTest6.xml
2 ms. Memory: 711680K Free: 360127K (51%)
----------------- Invoking toplevel() on ptolemy.moml.MoMLSimpleApplication@3c0f8e16
----------------- Done invoking toplevel() on ptolemy.moml.MoMLSimpleApplication@3c0f8e16
reloadAllAccessors: .DepthTest6

===========================================================================================
----------------- testing Mon Jan 28 03:22:42 UTC 2019 /home/travis/build/icyphy/ptII/ptolemy/domains/de/test/auto/DepthTest7.xml
----------------- Instantiating /home/travis/build/icyphy/ptII/ptolemy/domains/de/test/auto/DepthTest7.xml
1 ms. Memory: 711680K Free: 334916K (47%)
----------------- Invoking toplevel() on ptolemy.moml.MoMLSimpleApplication@5480e068
----------------- Done invoking toplevel() on ptolemy.moml.MoMLSimpleApplication@5480e068
reloadAllAccessors: .DepthTest7

===========================================================================================
----------------- testing Mon Jan 28 03:22:42 UTC 2019 /home/travis/build/icyphy/ptII/ptolemy/domains/de/test/auto/EventToDate.xml
----------------- Instantiating /home/travis/build/icyphy/ptII/ptolemy/domains/de/test/auto/EventToDate.xml
3004 ms. Memory: 711680K Free: 290800K (41%)
----------------- Invoking toplevel() on ptolemy.moml.MoMLSimpleApplication@4e832d2d
----------------- Done invoking toplevel() on ptolemy.moml.MoMLSimpleApplication@4e832d2d
reloadAllAccessors: .EventToDate

===========================================================================================
----------------- testing Mon Jan 28 03:22:46 UTC 2019 /home/travis/build/icyphy/ptII/ptolemy/domains/de/test/auto/FSM1.xml
----------------- Instantiating /home/travis/build/icyphy/ptII/ptolemy/domains/de/test/auto/FSM1.xml
12 ms. Memory: 711680K Free: 265589K (37%)
----------------- Invoking toplevel() on ptolemy.moml.MoMLSimpleApplication@4923aa67
----------------- Done invoking toplevel() on ptolemy.moml.MoMLSimpleApplication@4923aa67
reloadAllAccessors: .FSM1

===========================================================================================
----------------- testing Mon Jan 28 03:22:46 UTC 2019 /home/travis/build/icyphy/ptII/ptolemy/domains/de/test/auto/FSM7.xml
----------------- Instantiating /home/travis/build/icyphy/ptII/ptolemy/domains/de/test/auto/FSM7.xml
8 ms. Memory: 711680K Free: 240378K (34%)
----------------- Invoking toplevel() on ptolemy.moml.MoMLSimpleApplication@6bbceea7
----------------- Done invoking toplevel() on ptolemy.moml.MoMLSimpleApplication@6bbceea7
reloadAllAccessors: .FSM7

===========================================================================================
----------------- testing Mon Jan 28 03:22:46 UTC 2019 /home/travis/build/icyphy/ptII/ptolemy/domains/de/test/auto/Inspection.xml
----------------- Instantiating /home/travis/build/icyphy/ptII/ptolemy/domains/de/test/auto/Inspection.xml
22 ms. Memory: 711680K Free: 215167K (30%)
----------------- Invoking toplevel() on ptolemy.moml.MoMLSimpleApplication@623fe269
----------------- Done invoking toplevel() on ptolemy.moml.MoMLSimpleApplication@623fe269
reloadAllAccessors: .Inspection

===========================================================================================
----------------- testing Mon Jan 28 03:22:46 UTC 2019 /home/travis/build/icyphy/ptII/ptolemy/domains/de/test/auto/Iteration.xml
----------------- Instantiating /home/travis/build/icyphy/ptII/ptolemy/domains/de/test/auto/Iteration.xml
5 ms. Memory: 711680K Free: 189956K (27%)
----------------- Invoking toplevel() on ptolemy.moml.MoMLSimpleApplication@7fd9a90b
----------------- Done invoking toplevel() on ptolemy.moml.MoMLSimpleApplication@7fd9a90b
reloadAllAccessors: .Iteration

===========================================================================================
----------------- testing Mon Jan 28 03:22:46 UTC 2019 /home/travis/build/icyphy/ptII/ptolemy/domains/de/test/auto/LineFault.xml
----------------- Instantiating /home/travis/build/icyphy/ptII/ptolemy/domains/de/test/auto/LineFault.xml
435 ms. Memory: 683008K Free: 657111K (96%)
----------------- Invoking toplevel() on ptolemy.moml.MoMLSimpleApplication@3656dcf5
----------------- Done invoking toplevel() on ptolemy.moml.MoMLSimpleApplication@3656dcf5
reloadAllAccessors: .LineFault

===========================================================================================
----------------- testing Mon Jan 28 03:22:46 UTC 2019 /home/travis/build/icyphy/ptII/ptolemy/domains/de/test/auto/MergeModel1Add.xml
----------------- Instantiating /home/travis/build/icyphy/ptII/ptolemy/domains/de/test/auto/MergeModel1Add.xml
6 ms. Memory: 683008K Free: 622502K (91%)
----------------- Invoking toplevel() on ptolemy.moml.MoMLSimpleApplication@6586dc8e
----------------- Done invoking toplevel() on ptolemy.moml.MoMLSimpleApplication@6586dc8e
reloadAllAccessors: .MergeModel1Add

===========================================================================================
----------------- testing Mon Jan 28 03:22:46 UTC 2019 /home/travis/build/icyphy/ptII/ptolemy/domains/de/test/auto/MergeModel2Add.xml
----------------- Instantiating /home/travis/build/icyphy/ptII/ptolemy/domains/de/test/auto/MergeModel2Add.xml
5 ms. Memory: 683008K Free: 598463K (88%)
----------------- Invoking toplevel() on ptolemy.moml.MoMLSimpleApplication@7f71bf17
----------------- Done invoking toplevel() on ptolemy.moml.MoMLSimpleApplication@7f71bf17
reloadAllAccessors: .MergeModel2Add

===========================================================================================
----------------- testing Mon Jan 28 03:22:46 UTC 2019 /home/travis/build/icyphy/ptII/ptolemy/domains/de/test/auto/MergeModel3Add.xml
----------------- Instantiating /home/travis/build/icyphy/ptII/ptolemy/domains/de/test/auto/MergeModel3Add.xml
6 ms. Memory: 683008K Free: 574418K (84%)
----------------- Invoking toplevel() on ptolemy.moml.MoMLSimpleApplication@567b3abb
----------------- Done invoking toplevel() on ptolemy.moml.MoMLSimpleApplication@567b3abb
reloadAllAccessors: .MergeModel3Add

===========================================================================================
----------------- testing Mon Jan 28 03:22:46 UTC 2019 /home/travis/build/icyphy/ptII/ptolemy/domains/de/test/auto/MergeWithoutDiscard.xml
----------------- Instantiating /home/travis/build/icyphy/ptII/ptolemy/domains/de/test/auto/MergeWithoutDiscard.xml
1 ms. Memory: 683008K Free: 562407K (82%)
----------------- Invoking toplevel() on ptolemy.moml.MoMLSimpleApplication@5a29c3bd
----------------- Done invoking toplevel() on ptolemy.moml.MoMLSimpleApplication@5a29c3bd
reloadAllAccessors: .MergeWithoutDiscard

===========================================================================================
----------------- testing Mon Jan 28 03:22:46 UTC 2019 /home/travis/build/icyphy/ptII/ptolemy/domains/de/test/auto/Modal1.xml
----------------- Instantiating /home/travis/build/icyphy/ptII/ptolemy/domains/de/test/auto/Modal1.xml
11 ms. Memory: 683008K Free: 544373K (80%)
----------------- Invoking toplevel() on ptolemy.moml.MoMLSimpleApplication@1115ec6e
----------------- Done invoking toplevel() on ptolemy.moml.MoMLSimpleApplication@1115ec6e
reloadAllAccessors: .Modal1

===========================================================================================
----------------- testing Mon Jan 28 03:22:46 UTC 2019 /home/travis/build/icyphy/ptII/ptolemy/domains/de/test/auto/Modal2.xml
----------------- Instantiating /home/travis/build/icyphy/ptII/ptolemy/domains/de/test/auto/Modal2.xml
8 ms. Memory: 683008K Free: 526340K (77%)
----------------- Invoking toplevel() on ptolemy.moml.MoMLSimpleApplication@31038c75
----------------- Done invoking toplevel() on ptolemy.moml.MoMLSimpleApplication@31038c75
reloadAllAccessors: .Modal2

===========================================================================================
----------------- testing Mon Jan 28 03:22:46 UTC 2019 /home/travis/build/icyphy/ptII/ptolemy/domains/de/test/auto/Modal3.xml
----------------- Instantiating /home/travis/build/icyphy/ptII/ptolemy/domains/de/test/auto/Modal3.xml
6 ms. Memory: 683008K Free: 508314K (74%)
----------------- Invoking toplevel() on ptolemy.moml.MoMLSimpleApplication@174df29
----------------- Done invoking toplevel() on ptolemy.moml.MoMLSimpleApplication@174df29
reloadAllAccessors: .Modal3

===========================================================================================
----------------- testing Mon Jan 28 03:22:46 UTC 2019 /home/travis/build/icyphy/ptII/ptolemy/domains/de/test/auto/Modal4.xml
----------------- Instantiating /home/travis/build/icyphy/ptII/ptolemy/domains/de/test/auto/Modal4.xml
10 ms. Memory: 683008K Free: 490289K (72%)
----------------- Invoking toplevel() on ptolemy.moml.MoMLSimpleApplication@4a91e0ea
----------------- Done invoking toplevel() on ptolemy.moml.MoMLSimpleApplication@4a91e0ea
reloadAllAccessors: .Modal4

===========================================================================================
----------------- testing Mon Jan 28 03:22:46 UTC 2019 /home/travis/build/icyphy/ptII/ptolemy/domains/de/test/auto/Modal5.xml
----------------- Instantiating /home/travis/build/icyphy/ptII/ptolemy/domains/de/test/auto/Modal5.xml
6 ms. Memory: 683008K Free: 468277K (69%)
----------------- Invoking toplevel() on ptolemy.moml.MoMLSimpleApplication@29a70a8b
----------------- Done invoking toplevel() on ptolemy.moml.MoMLSimpleApplication@29a70a8b
reloadAllAccessors: .Modal5

===========================================================================================
----------------- testing Mon Jan 28 03:22:47 UTC 2019 /home/travis/build/icyphy/ptII/ptolemy/domains/de/test/auto/Modal6.xml
----------------- Instantiating /home/travis/build/icyphy/ptII/ptolemy/domains/de/test/auto/Modal6.xml
9 ms. Memory: 683008K Free: 450252K (66%)
----------------- Invoking toplevel() on ptolemy.moml.MoMLSimpleApplication@3e69f4a3
----------------- Done invoking toplevel() on ptolemy.moml.MoMLSimpleApplication@3e69f4a3
reloadAllAccessors: .Modal6

===========================================================================================
----------------- testing Mon Jan 28 03:22:47 UTC 2019 /home/travis/build/icyphy/ptII/ptolemy/domains/de/test/auto/Modal7.xml
----------------- Instantiating /home/travis/build/icyphy/ptII/ptolemy/domains/de/test/auto/Modal7.xml
7 ms. Memory: 683008K Free: 432218K (63%)
----------------- Invoking toplevel() on ptolemy.moml.MoMLSimpleApplication@31def17f
----------------- Done invoking toplevel() on ptolemy.moml.MoMLSimpleApplication@31def17f
reloadAllAccessors: .Modal7

===========================================================================================
----------------- testing Mon Jan 28 03:22:47 UTC 2019 /home/travis/build/icyphy/ptII/ptolemy/domains/de/test/auto/ModalModel.xml
----------------- Instantiating /home/travis/build/icyphy/ptII/ptolemy/domains/de/test/auto/ModalModel.xml
112 ms. Memory: 683008K Free: 354087K (52%)
----------------- Invoking toplevel() on ptolemy.moml.MoMLSimpleApplication@30e6b6b
----------------- Done invoking toplevel() on ptolemy.moml.MoMLSimpleApplication@30e6b6b
reloadAllAccessors: .ModalModel

===========================================================================================
----------------- testing Mon Jan 28 03:22:47 UTC 2019 /home/travis/build/icyphy/ptII/ptolemy/domains/de/test/auto/ModalSource.xml
----------------- Instantiating /home/travis/build/icyphy/ptII/ptolemy/domains/de/test/auto/ModalSource.xml
4 ms. Memory: 683008K Free: 342075K (50%)
----------------- Invoking toplevel() on ptolemy.moml.MoMLSimpleApplication@622b10f9
----------------- Done invoking toplevel() on ptolemy.moml.MoMLSimpleApplication@622b10f9
reloadAllAccessors: .ModalSource

===========================================================================================
----------------- testing Mon Jan 28 03:22:47 UTC 2019 /home/travis/build/icyphy/ptII/ptolemy/domains/de/test/auto/NonInterruptibleTimerZeroDelay.xml
----------------- Instantiating /home/travis/build/icyphy/ptII/ptolemy/domains/de/test/auto/NonInterruptibleTimerZeroDelay.xml
1 ms. Memory: 683008K Free: 330064K (48%)
----------------- Invoking toplevel() on ptolemy.moml.MoMLSimpleApplication@29e5fad4
----------------- Done invoking toplevel() on ptolemy.moml.MoMLSimpleApplication@29e5fad4
reloadAllAccessors: .NonInterruptibleTimerZeroDelay

===========================================================================================
----------------- testing Mon Jan 28 03:22:47 UTC 2019 /home/travis/build/icyphy/ptII/ptolemy/domains/de/test/auto/OpenQueueingNetwork.xml
----------------- Instantiating /home/travis/build/icyphy/ptII/ptolemy/domains/de/test/auto/OpenQueueingNetwork.xml
2243 ms. Memory: 654848K Free: 261160K (40%)
----------------- Invoking toplevel() on ptolemy.moml.MoMLSimpleApplication@2fa2b65f
----------------- Done invoking toplevel() on ptolemy.moml.MoMLSimpleApplication@2fa2b65f
reloadAllAccessors: .OpenQueueingNetwork

===========================================================================================
----------------- testing Mon Jan 28 03:22:49 UTC 2019 /home/travis/build/icyphy/ptII/ptolemy/domains/de/test/auto/OpenQueuingNetwork.xml
----------------- Instantiating /home/travis/build/icyphy/ptII/ptolemy/domains/de/test/auto/OpenQueuingNetwork.xml
222 ms. Memory: 654848K Free: 167624K (26%)
----------------- Invoking toplevel() on ptolemy.moml.MoMLSimpleApplication@31707dca
----------------- Done invoking toplevel() on ptolemy.moml.MoMLSimpleApplication@31707dca
reloadAllAccessors: .OpenQueuingNetwork

===========================================================================================
----------------- testing Mon Jan 28 03:22:49 UTC 2019 /home/travis/build/icyphy/ptII/ptolemy/domains/de/test/auto/PeriodicSampler.xml
----------------- Instantiating /home/travis/build/icyphy/ptII/ptolemy/domains/de/test/auto/PeriodicSampler.xml
2 ms. Memory: 654848K Free: 159992K (24%)
----------------- Invoking toplevel() on ptolemy.moml.MoMLSimpleApplication@103d6544
----------------- Done invoking toplevel() on ptolemy.moml.MoMLSimpleApplication@103d6544
reloadAllAccessors: .PeriodicSampler

===========================================================================================
----------------- testing Mon Jan 28 03:22:49 UTC 2019 /home/travis/build/icyphy/ptII/ptolemy/domains/de/test/auto/PersistentIO.xml
----------------- Instantiating /home/travis/build/icyphy/ptII/ptolemy/domains/de/test/auto/PersistentIO.xml
7 ms. Memory: 654848K Free: 144703K (22%)
----------------- Invoking toplevel() on ptolemy.moml.MoMLSimpleApplication@6b229d7d
----------------- Done invoking toplevel() on ptolemy.moml.MoMLSimpleApplication@6b229d7d
reloadAllAccessors: .PersistentIO

===========================================================================================
----------------- testing Mon Jan 28 03:22:49 UTC 2019 /home/travis/build/icyphy/ptII/ptolemy/domains/de/test/auto/PortParameterResetOnInitialize.xml
----------------- Instantiating /home/travis/build/icyphy/ptII/ptolemy/domains/de/test/auto/PortParameterResetOnInitialize.xml
1 ms. Memory: 654848K Free: 137071K (21%)
----------------- Invoking toplevel() on ptolemy.moml.MoMLSimpleApplication@3b90dc4d
----------------- Done invoking toplevel() on ptolemy.moml.MoMLSimpleApplication@3b90dc4d
reloadAllAccessors: .PortParameterResetOnInitialize

===========================================================================================
----------------- testing Mon Jan 28 03:22:49 UTC 2019 /home/travis/build/icyphy/ptII/ptolemy/domains/de/test/auto/PortParameterUpdates.xml
----------------- Instantiating /home/travis/build/icyphy/ptII/ptolemy/domains/de/test/auto/PortParameterUpdates.xml
2 ms. Memory: 654848K Free: 123113K (19%)
----------------- Invoking toplevel() on ptolemy.moml.MoMLSimpleApplication@13416efe
----------------- Done invoking toplevel() on ptolemy.moml.MoMLSimpleApplication@13416efe
reloadAllAccessors: .PortParameterUpdates

===========================================================================================
----------------- testing Mon Jan 28 03:22:49 UTC 2019 /home/travis/build/icyphy/ptII/ptolemy/domains/de/test/auto/QueueAndServer.xml
----------------- Instantiating /home/travis/build/icyphy/ptII/ptolemy/domains/de/test/auto/QueueAndServer.xml
5 ms. Memory: 654848K Free: 111645K (17%)
----------------- Invoking toplevel() on ptolemy.moml.MoMLSimpleApplication@6a030b09
----------------- Done invoking toplevel() on ptolemy.moml.MoMLSimpleApplication@6a030b09
reloadAllAccessors: .QueueAndServer

===========================================================================================
----------------- testing Mon Jan 28 03:22:49 UTC 2019 /home/travis/build/icyphy/ptII/ptolemy/domains/de/test/auto/Records.xml
----------------- Instantiating /home/travis/build/icyphy/ptII/ptolemy/domains/de/test/auto/Records.xml
3 ms. Memory: 654848K Free: 100180K (15%)
----------------- Invoking toplevel() on ptolemy.moml.MoMLSimpleApplication@4670fbc6
----------------- Done invoking toplevel() on ptolemy.moml.MoMLSimpleApplication@4670fbc6
reloadAllAccessors: .Records

===========================================================================================
----------------- testing Mon Jan 28 03:22:49 UTC 2019 /home/travis/build/icyphy/ptII/ptolemy/domains/de/test/auto/ResetTransitionWithStartTime1.xml
----------------- Instantiating /home/travis/build/icyphy/ptII/ptolemy/domains/de/test/auto/ResetTransitionWithStartTime1.xml
3 ms. Memory: 654848K Free: 88716K (14%)
----------------- Invoking toplevel() on ptolemy.moml.MoMLSimpleApplication@695d40bc
----------------- Done invoking toplevel() on ptolemy.moml.MoMLSimpleApplication@695d40bc
reloadAllAccessors: .ResetTransitionWithStartTime1

===========================================================================================
----------------- testing Mon Jan 28 03:22:49 UTC 2019 /home/travis/build/icyphy/ptII/ptolemy/domains/de/test/auto/ResetTransitionWithStartTime2.xml
----------------- Instantiating /home/travis/build/icyphy/ptII/ptolemy/domains/de/test/auto/ResetTransitionWithStartTime2.xml
6 ms. Memory: 654848K Free: 77260K (12%)
----------------- Invoking toplevel() on ptolemy.moml.MoMLSimpleApplication@60b085f8
----------------- Done invoking toplevel() on ptolemy.moml.MoMLSimpleApplication@60b085f8
reloadAllAccessors: .ResetTransitionWithStartTime2

===========================================================================================
----------------- testing Mon Jan 28 03:22:49 UTC 2019 /home/travis/build/icyphy/ptII/ptolemy/domains/de/test/auto/ResetTransitionWithStartTime3.xml
----------------- Instantiating /home/travis/build/icyphy/ptII/ptolemy/domains/de/test/auto/ResetTransitionWithStartTime3.xml
3 ms. Memory: 626688K Free: 608021K (97%)
----------------- Invoking toplevel() on ptolemy.moml.MoMLSimpleApplication@77291d82
----------------- Done invoking toplevel() on ptolemy.moml.MoMLSimpleApplication@77291d82
reloadAllAccessors: .ResetTransitionWithStartTime3

===========================================================================================
----------------- testing Mon Jan 28 03:22:50 UTC 2019 /home/travis/build/icyphy/ptII/ptolemy/domains/de/test/auto/ResetTransitionWithStartTime4.xml
----------------- Instantiating /home/travis/build/icyphy/ptII/ptolemy/domains/de/test/auto/ResetTransitionWithStartTime4.xml
3 ms. Memory: 626688K Free: 595498K (95%)
----------------- Invoking toplevel() on ptolemy.moml.MoMLSimpleApplication@545c195a
----------------- Done invoking toplevel() on ptolemy.moml.MoMLSimpleApplication@545c195a
reloadAllAccessors: .ResetTransitionWithStartTime4

===========================================================================================
----------------- testing Mon Jan 28 03:22:50 UTC 2019 /home/travis/build/icyphy/ptII/ptolemy/domains/de/test/auto/ResettableTimer1.xml
----------------- Instantiating /home/travis/build/icyphy/ptII/ptolemy/domains/de/test/auto/ResettableTimer1.xml
2 ms. Memory: 626688K Free: 588225K (94%)
----------------- Invoking toplevel() on ptolemy.moml.MoMLSimpleApplication@697f6bb6
----------------- Done invoking toplevel() on ptolemy.moml.MoMLSimpleApplication@697f6bb6
reloadAllAccessors: .ResettableTimer1

===========================================================================================
----------------- testing Mon Jan 28 03:22:50 UTC 2019 /home/travis/build/icyphy/ptII/ptolemy/domains/de/test/auto/ResettableTimer2.xml
----------------- Instantiating /home/travis/build/icyphy/ptII/ptolemy/domains/de/test/auto/ResettableTimer2.xml
2 ms. Memory: 626688K Free: 580954K (93%)
----------------- Invoking toplevel() on ptolemy.moml.MoMLSimpleApplication@76f8e501
----------------- Done invoking toplevel() on ptolemy.moml.MoMLSimpleApplication@76f8e501
reloadAllAccessors: .ResettableTimer2

===========================================================================================
----------------- testing Mon Jan 28 03:22:50 UTC 2019 /home/travis/build/icyphy/ptII/ptolemy/domains/de/test/auto/ResettableTimer3.xml
----------------- Instantiating /home/travis/build/icyphy/ptII/ptolemy/domains/de/test/auto/ResettableTimer3.xml
1 ms. Memory: 626688K Free: 572074K (91%)
----------------- Invoking toplevel() on ptolemy.moml.MoMLSimpleApplication@6e0c0334
----------------- Done invoking toplevel() on ptolemy.moml.MoMLSimpleApplication@6e0c0334
reloadAllAccessors: .ResettableTimer3

===========================================================================================
----------------- testing Mon Jan 28 03:22:50 UTC 2019 /home/travis/build/icyphy/ptII/ptolemy/domains/de/test/auto/ResettableTimer4.xml
----------------- Instantiating /home/travis/build/icyphy/ptII/ptolemy/domains/de/test/auto/ResettableTimer4.xml
1 ms. Memory: 626688K Free: 564804K (90%)
----------------- Invoking toplevel() on ptolemy.moml.MoMLSimpleApplication@1df7179c
----------------- Done invoking toplevel() on ptolemy.moml.MoMLSimpleApplication@1df7179c
reloadAllAccessors: .ResettableTimer4

===========================================================================================
----------------- testing Mon Jan 28 03:22:50 UTC 2019 /home/travis/build/icyphy/ptII/ptolemy/domains/de/test/auto/ResettableTimer5.xml
----------------- Instantiating /home/travis/build/icyphy/ptII/ptolemy/domains/de/test/auto/ResettableTimer5.xml
1 ms. Memory: 626688K Free: 557533K (89%)
----------------- Invoking toplevel() on ptolemy.moml.MoMLSimpleApplication@3d1db7f4
----------------- Done invoking toplevel() on ptolemy.moml.MoMLSimpleApplication@3d1db7f4
reloadAllAccessors: .ResettableTimer5

===========================================================================================
----------------- testing Mon Jan 28 03:22:50 UTC 2019 /home/travis/build/icyphy/ptII/ptolemy/domains/de/test/auto/ResettableTimer6.xml
----------------- Instantiating /home/travis/build/icyphy/ptII/ptolemy/domains/de/test/auto/ResettableTimer6.xml
8 ms. Memory: 626688K Free: 545002K (87%)
----------------- Invoking toplevel() on ptolemy.moml.MoMLSimpleApplication@6d69b597
----------------- Done invoking toplevel() on ptolemy.moml.MoMLSimpleApplication@6d69b597
reloadAllAccessors: .ResettableTimer6

===========================================================================================
----------------- testing Mon Jan 28 03:22:50 UTC 2019 /home/travis/build/icyphy/ptII/ptolemy/domains/de/test/auto/ServerZeroDelay.xml
----------------- Instantiating /home/travis/build/icyphy/ptII/ptolemy/domains/de/test/auto/ServerZeroDelay.xml
3 ms. Memory: 626688K Free: 537732K (86%)
----------------- Invoking toplevel() on ptolemy.moml.MoMLSimpleApplication@307ef207
----------------- Done invoking toplevel() on ptolemy.moml.MoMLSimpleApplication@307ef207
reloadAllAccessors: .ServerZeroDelay

===========================================================================================
----------------- testing Mon Jan 28 03:22:50 UTC 2019 /home/travis/build/icyphy/ptII/ptolemy/domains/de/test/auto/SmartSender.xml
----------------- Instantiating /home/travis/build/icyphy/ptII/ptolemy/domains/de/test/auto/SmartSender.xml
3001 ms. Memory: 626688K Free: 530461K (85%)
----------------- Invoking toplevel() on ptolemy.moml.MoMLSimpleApplication@7a21fc89
----------------- Done invoking toplevel() on ptolemy.moml.MoMLSimpleApplication@7a21fc89
reloadAllAccessors: .SmartSender

===========================================================================================
----------------- testing Mon Jan 28 03:22:53 UTC 2019 /home/travis/build/icyphy/ptII/ptolemy/domains/de/test/auto/ThreadedComposite.xml
----------------- Instantiating /home/travis/build/icyphy/ptII/ptolemy/domains/de/test/auto/ThreadedComposite.xml
84 ms. Memory: 626688K Free: 503388K (80%)
----------------- Invoking toplevel() on ptolemy.moml.MoMLSimpleApplication@7fb14388
----------------- Done invoking toplevel() on ptolemy.moml.MoMLSimpleApplication@7fb14388
reloadAllAccessors: .ThreadedComposite

===========================================================================================
----------------- testing Mon Jan 28 03:22:53 UTC 2019 /home/travis/build/icyphy/ptII/ptolemy/domains/de/test/auto/Time.xml
----------------- Instantiating /home/travis/build/icyphy/ptII/ptolemy/domains/de/test/auto/Time.xml
421 ms. Memory: 626688K Free: 445209K (71%)
----------------- Invoking toplevel() on ptolemy.moml.MoMLSimpleApplication@1d8d545f
----------------- Done invoking toplevel() on ptolemy.moml.MoMLSimpleApplication@1d8d545f
reloadAllAccessors: .Time

===========================================================================================
----------------- testing Mon Jan 28 03:22:53 UTC 2019 /home/travis/build/icyphy/ptII/ptolemy/domains/de/test/auto/TimeDelayZeroDelay.xml
----------------- Instantiating /home/travis/build/icyphy/ptII/ptolemy/domains/de/test/auto/TimeDelayZeroDelay.xml
2 ms. Memory: 626688K Free: 437938K (70%)
----------------- Invoking toplevel() on ptolemy.moml.MoMLSimpleApplication@4d38fd5a
----------------- Done invoking toplevel() on ptolemy.moml.MoMLSimpleApplication@4d38fd5a
reloadAllAccessors: .TimeDelayZeroDelay

===========================================================================================
----------------- testing Mon Jan 28 03:22:53 UTC 2019 /home/travis/build/icyphy/ptII/ptolemy/domains/de/test/auto/TimerZeroDelay.xml
----------------- Instantiating /home/travis/build/icyphy/ptII/ptolemy/domains/de/test/auto/TimerZeroDelay.xml
2 ms. Memory: 626688K Free: 429058K (68%)
----------------- Invoking toplevel() on ptolemy.moml.MoMLSimpleApplication@3324f6eb
----------------- Done invoking toplevel() on ptolemy.moml.MoMLSimpleApplication@3324f6eb
reloadAllAccessors: .TimerZeroDelay

===========================================================================================
----------------- testing Mon Jan 28 03:22:53 UTC 2019 /home/travis/build/icyphy/ptII/ptolemy/domains/de/test/auto/TimingParadox.xml
----------------- Instantiating /home/travis/build/icyphy/ptII/ptolemy/domains/de/test/auto/TimingParadox.xml
283 ms. Memory: 626688K Free: 356313K (57%)
----------------- Invoking toplevel() on ptolemy.moml.MoMLSimpleApplication@4af43699
----------------- Done invoking toplevel() on ptolemy.moml.MoMLSimpleApplication@4af43699
reloadAllAccessors: .TimingParadox

===========================================================================================
----------------- testing Mon Jan 28 03:22:54 UTC 2019 /home/travis/build/icyphy/ptII/ptolemy/domains/de/test/auto/TransferInputs.xml
----------------- Instantiating /home/travis/build/icyphy/ptII/ptolemy/domains/de/test/auto/TransferInputs.xml
1 ms. Memory: 626688K Free: 349043K (56%)
----------------- Invoking toplevel() on ptolemy.moml.MoMLSimpleApplication@4a7b80c
----------------- Done invoking toplevel() on ptolemy.moml.MoMLSimpleApplication@4a7b80c
reloadAllAccessors: .TransferInputs

===========================================================================================
----------------- testing Mon Jan 28 03:22:54 UTC 2019 /home/travis/build/icyphy/ptII/ptolemy/domains/de/test/auto/TransferOutputs2.xml
----------------- Instantiating /home/travis/build/icyphy/ptII/ptolemy/domains/de/test/auto/TransferOutputs2.xml
3 ms. Memory: 626688K Free: 336512K (54%)
----------------- Invoking toplevel() on ptolemy.moml.MoMLSimpleApplication@530c08fe
----------------- Done invoking toplevel() on ptolemy.moml.MoMLSimpleApplication@530c08fe
reloadAllAccessors: .TransferOutputs2

===========================================================================================
----------------- testing Mon Jan 28 03:22:54 UTC 2019 /home/travis/build/icyphy/ptII/ptolemy/domains/de/test/auto/Trilateration.xml
----------------- Instantiating /home/travis/build/icyphy/ptII/ptolemy/domains/de/test/auto/Trilateration.xml
10581 ms. Memory: 497152K Free: 251712K (51%)
----------------- Invoking toplevel() on ptolemy.moml.MoMLSimpleApplication@1479b541
----------------- Done invoking toplevel() on ptolemy.moml.MoMLSimpleApplication@1479b541
reloadAllAccessors: .Trilateration

===========================================================================================
----------------- testing Mon Jan 28 03:23:05 UTC 2019 /home/travis/build/icyphy/ptII/ptolemy/domains/de/test/auto/TwoSigmaDelta.xml
----------------- Instantiating /home/travis/build/icyphy/ptII/ptolemy/domains/de/test/auto/TwoSigmaDelta.xml
1923 ms. Memory: 472576K Free: 342846K (73%)
----------------- Invoking toplevel() on ptolemy.moml.MoMLSimpleApplication@70831eec
----------------- Done invoking toplevel() on ptolemy.moml.MoMLSimpleApplication@70831eec
reloadAllAccessors: .TwoSigmaDelta

===========================================================================================
----------------- testing Mon Jan 28 03:23:07 UTC 2019 /home/travis/build/icyphy/ptII/ptolemy/domains/de/test/auto/VariableDelay.xml
----------------- Instantiating /home/travis/build/icyphy/ptII/ptolemy/domains/de/test/auto/VariableDelay.xml
2 ms. Memory: 472576K Free: 329943K (70%)
----------------- Invoking toplevel() on ptolemy.moml.MoMLSimpleApplication@6e21beaf
----------------- Done invoking toplevel() on ptolemy.moml.MoMLSimpleApplication@6e21beaf
reloadAllAccessors: .VariableDelay

===========================================================================================
----------------- testing Mon Jan 28 03:23:07 UTC 2019 /home/travis/build/icyphy/ptII/ptolemy/domains/de/test/auto/VariableDelay2.xml
----------------- Instantiating /home/travis/build/icyphy/ptII/ptolemy/domains/de/test/auto/VariableDelay2.xml
4 ms. Memory: 472576K Free: 321616K (68%)
----------------- Invoking toplevel() on ptolemy.moml.MoMLSimpleApplication@ee61db6
----------------- Done invoking toplevel() on ptolemy.moml.MoMLSimpleApplication@ee61db6
reloadAllAccessors: .VariableDelay2

===========================================================================================
----------------- testing Mon Jan 28 03:23:07 UTC 2019 /home/travis/build/icyphy/ptII/ptolemy/domains/de/test/auto/VariableDelayZeroDelay.xml
----------------- Instantiating /home/travis/build/icyphy/ptII/ptolemy/domains/de/test/auto/VariableDelayZeroDelay.xml
4 ms. Memory: 472576K Free: 313289K (66%)
----------------- Invoking toplevel() on ptolemy.moml.MoMLSimpleApplication@64d1e654
----------------- Done invoking toplevel() on ptolemy.moml.MoMLSimpleApplication@64d1e654
reloadAllAccessors: .VariableDelayZeroDelay

===========================================================================================
----------------- testing Mon Jan 28 03:23:07 UTC 2019 /home/travis/build/icyphy/ptII/ptolemy/domains/de/test/auto/VariableDelayZeroDelay2.xml
----------------- Instantiating /home/travis/build/icyphy/ptII/ptolemy/domains/de/test/auto/VariableDelayZeroDelay2.xml
2 ms. Memory: 472576K Free: 304962K (65%)
----------------- Invoking toplevel() on ptolemy.moml.MoMLSimpleApplication@6e4a3012
----------------- Done invoking toplevel() on ptolemy.moml.MoMLSimpleApplication@6e4a3012
reloadAllAccessors: .VariableDelayZeroDelay2

===========================================================================================
----------------- testing Mon Jan 28 03:23:07 UTC 2019 /home/travis/build/icyphy/ptII/ptolemy/domains/de/test/auto/deInCt.xml
----------------- Instantiating /home/travis/build/icyphy/ptII/ptolemy/domains/de/test/auto/deInCt.xml
0
1
1
1
1
1
1
0
0
0
0
1
1
1
0
0
1
1
1
1
0
0
1
1
1
1
0
0
0
0
0
8 ms. Memory: 472576K Free: 296635K (63%)
----------------- Invoking toplevel() on ptolemy.moml.MoMLSimpleApplication@687cf62d
----------------- Done invoking toplevel() on ptolemy.moml.MoMLSimpleApplication@687cf62d
reloadAllAccessors: .deInCt

===========================================================================================
----------------- testing Mon Jan 28 03:23:07 UTC 2019 /home/travis/build/icyphy/ptII/ptolemy/domains/de/test/auto/deInCt2.xml
----------------- Instantiating /home/travis/build/icyphy/ptII/ptolemy/domains/de/test/auto/deInCt2.xml
0
1
1
1
0
0
1
1
1
0
0
1
1
1
0
0
1
1
1
0
0
1
1
1
0
0
1
1
1
0
0
1
1
1
0
0
1
1
1
0
0
0
9 ms. Memory: 472576K Free: 288306K (61%)
----------------- Invoking toplevel() on ptolemy.moml.MoMLSimpleApplication@2fe1d21a
----------------- Done invoking toplevel() on ptolemy.moml.MoMLSimpleApplication@2fe1d21a
reloadAllAccessors: .deInCt2

===========================================================================================
----------------- testing Mon Jan 28 03:23:07 UTC 2019 /home/travis/build/icyphy/ptII/ptolemy/domains/de/test/auto/dynamicCausalityInterface1.xml
----------------- Instantiating /home/travis/build/icyphy/ptII/ptolemy/domains/de/test/auto/dynamicCausalityInterface1.xml
5 ms. Memory: 472576K Free: 272134K (58%)
----------------- Invoking toplevel() on ptolemy.moml.MoMLSimpleApplication@945c4a
----------------- Done invoking toplevel() on ptolemy.moml.MoMLSimpleApplication@945c4a
reloadAllAccessors: .dynamicCausalityInterface1

===========================================================================================
----------------- testing Mon Jan 28 03:23:07 UTC 2019 /home/travis/build/icyphy/ptII/ptolemy/domains/de/test/auto/fsm_de_test.xml
----------------- Instantiating /home/travis/build/icyphy/ptII/ptolemy/domains/de/test/auto/fsm_de_test.xml
4 ms. Memory: 472576K Free: 259884K (55%)
----------------- Invoking toplevel() on ptolemy.moml.MoMLSimpleApplication@141e24a7
----------------- Done invoking toplevel() on ptolemy.moml.MoMLSimpleApplication@141e24a7
reloadAllAccessors: .fsm_de_test

===========================================================================================
----------------- testing Mon Jan 28 03:23:07 UTC 2019 /home/travis/build/icyphy/ptII/ptolemy/domains/de/test/auto/functionDependencyReconstruction.xml
----------------- Instantiating /home/travis/build/icyphy/ptII/ptolemy/domains/de/test/auto/functionDependencyReconstruction.xml
2 ms. Memory: 472576K Free: 239805K (51%)
----------------- Invoking toplevel() on ptolemy.moml.MoMLSimpleApplication@13e08637
----------------- Done invoking toplevel() on ptolemy.moml.MoMLSimpleApplication@13e08637
reloadAllAccessors: .functionDependencyReconstruction

===========================================================================================
----------------- testing Mon Jan 28 03:23:07 UTC 2019 /home/travis/build/icyphy/ptII/ptolemy/domains/de/test/auto/multirate.xml
----------------- Instantiating /home/travis/build/icyphy/ptII/ptolemy/domains/de/test/auto/multirate.xml
3 ms. Memory: 472576K Free: 227564K (48%)
----------------- Invoking toplevel() on ptolemy.moml.MoMLSimpleApplication@3b428447
----------------- Done invoking toplevel() on ptolemy.moml.MoMLSimpleApplication@3b428447
reloadAllAccessors: .multirate

===========================================================================================
----------------- testing Mon Jan 28 03:23:07 UTC 2019 /home/travis/build/icyphy/ptII/ptolemy/domains/de/test/auto/multirate2.xml
----------------- Instantiating /home/travis/build/icyphy/ptII/ptolemy/domains/de/test/auto/multirate2.xml
2 ms. Memory: 472576K Free: 215314K (46%)
----------------- Invoking toplevel() on ptolemy.moml.MoMLSimpleApplication@1904255a
----------------- Done invoking toplevel() on ptolemy.moml.MoMLSimpleApplication@1904255a
reloadAllAccessors: .multirate2

===========================================================================================
----------------- testing Mon Jan 28 03:23:07 UTC 2019 /home/travis/build/icyphy/ptII/ptolemy/domains/de/test/auto/realtime.xml
----------------- Instantiating /home/travis/build/icyphy/ptII/ptolemy/domains/de/test/auto/realtime.xml
10001 ms. Memory: 472576K Free: 206987K (44%)
----------------- Invoking toplevel() on ptolemy.moml.MoMLSimpleApplication@17f0c12a
----------------- Done invoking toplevel() on ptolemy.moml.MoMLSimpleApplication@17f0c12a
reloadAllAccessors: .realtime

===========================================================================================
----------------- testing Mon Jan 28 03:23:17 UTC 2019 /home/travis/build/icyphy/ptII/ptolemy/domains/de/test/auto/relationGroup.xml
----------------- Instantiating /home/travis/build/icyphy/ptII/ptolemy/domains/de/test/auto/relationGroup.xml
1 ms. Memory: 472576K Free: 198660K (42%)
----------------- Invoking toplevel() on ptolemy.moml.MoMLSimpleApplication@3165f951
----------------- Done invoking toplevel() on ptolemy.moml.MoMLSimpleApplication@3165f951
reloadAllAccessors: .relationGroup

===========================================================================================
----------------- testing Mon Jan 28 03:23:17 UTC 2019 /home/travis/build/icyphy/ptII/ptolemy/domains/de/test/auto/relationGroup2.xml
----------------- Instantiating /home/travis/build/icyphy/ptII/ptolemy/domains/de/test/auto/relationGroup2.xml
1 ms. Memory: 472576K Free: 190333K (40%)
----------------- Invoking toplevel() on ptolemy.moml.MoMLSimpleApplication@441db8d1
----------------- Done invoking toplevel() on ptolemy.moml.MoMLSimpleApplication@441db8d1
reloadAllAccessors: .relationGroup2

===========================================================================================
----------------- testing Mon Jan 28 03:23:17 UTC 2019 /home/travis/build/icyphy/ptII/ptolemy/domains/de/test/auto/sortWithOpaquePorts.xml
----------------- Instantiating /home/travis/build/icyphy/ptII/ptolemy/domains/de/test/auto/sortWithOpaquePorts.xml
1 ms. Memory: 472576K Free: 181493K (38%)
----------------- Invoking toplevel() on ptolemy.moml.MoMLSimpleApplication@14635079
----------------- Done invoking toplevel() on ptolemy.moml.MoMLSimpleApplication@14635079
reloadAllAccessors: .sortWithOpaquePorts

===========================================================================================
----------------- testing Mon Jan 28 03:23:17 UTC 2019 /home/travis/build/icyphy/ptII/ptolemy/domains/de/test/auto/transferInputsandOutputs.xml
----------------- Instantiating /home/travis/build/icyphy/ptII/ptolemy/domains/de/test/auto/transferInputsandOutputs.xml
2 ms. Memory: 472576K Free: 169244K (36%)
----------------- Invoking toplevel() on ptolemy.moml.MoMLSimpleApplication@7576e059
----------------- Done invoking toplevel() on ptolemy.moml.MoMLSimpleApplication@7576e059
reloadAllAccessors: .transferInputsandOutputs

===========================================================================================
----------------- testing Mon Jan 28 03:23:17 UTC 2019 /home/travis/build/icyphy/ptII/ptolemy/domains/de/test/auto/triggerType.xml
----------------- Instantiating /home/travis/build/icyphy/ptII/ptolemy/domains/de/test/auto/triggerType.xml
1 ms. Memory: 472576K Free: 160917K (34%)
----------------- Invoking toplevel() on ptolemy.moml.MoMLSimpleApplication@7c9e60b1
----------------- Done invoking toplevel() on ptolemy.moml.MoMLSimpleApplication@7c9e60b1
reloadAllAccessors: .triggerType
AutoTests.java: About to close Vertx.
AutoTests.java: Vertx closed.
]]></system-out>
  <system-err><![CDATA[java.lang.RuntimeException: Execution failed
	at ptolemy.moml.MoMLSimpleApplication$UnloadThread.run(MoMLSimpleApplication.java:402)
Caused by: ptolemy.kernel.util.IllegalActionException: Found a zero delay loop containing .dependencyLoop.original
  in .dependencyLoop and .dependencyLoop.original
	at ptolemy.actor.util.CausalityInterfaceForComposites._computeOutputPortDepth(CausalityInterfaceForComposites.java:759)
	at ptolemy.actor.util.CausalityInterfaceForComposites._computeInputDepth(CausalityInterfaceForComposites.java:696)
	at ptolemy.actor.util.CausalityInterfaceForComposites._computeOutputPortDepth(CausalityInterfaceForComposites.java:765)
	at ptolemy.actor.util.CausalityInterfaceForComposites._computeInputDepth(CausalityInterfaceForComposites.java:696)
	at ptolemy.actor.util.CausalityInterfaceForComposites._computeOutputPortDepth(CausalityInterfaceForComposites.java:765)
	at ptolemy.actor.util.CausalityInterfaceForComposites._computeInputDepth(CausalityInterfaceForComposites.java:696)
	at ptolemy.actor.util.CausalityInterfaceForComposites._computeActorDepth(CausalityInterfaceForComposites.java:532)
	at ptolemy.actor.util.CausalityInterfaceForComposites.checkForCycles(CausalityInterfaceForComposites.java:96)
	at ptolemy.domains.de.kernel.DEDirector.preinitialize(DEDirector.java:1338)
	at ptolemy.actor.CompositeActor.preinitialize(CompositeActor.java:1828)
	at ptolemy.actor.Manager.preinitializeAndResolveTypes(Manager.java:1040)
	at ptolemy.actor.Manager.initialize(Manager.java:710)
	at ptolemy.actor.Manager.execute(Manager.java:356)
	at ptolemy.actor.Manager.run(Manager.java:1263)
	at ptolemy.actor.Manager$PtolemyRunThread.run(Manager.java:1915)
java.lang.RuntimeException: Execution failed
	at ptolemy.moml.MoMLSimpleApplication$UnloadThread.run(MoMLSimpleApplication.java:402)
Caused by: ptolemy.kernel.util.IllegalActionException: Found a zero delay loop containing .dependencyLoop2.original
  in .dependencyLoop2 and .dependencyLoop2.original
	at ptolemy.actor.util.CausalityInterfaceForComposites._computeOutputPortDepth(CausalityInterfaceForComposites.java:759)
	at ptolemy.actor.util.CausalityInterfaceForComposites._computeInputDepth(CausalityInterfaceForComposites.java:696)
	at ptolemy.actor.util.CausalityInterfaceForComposites._computeOutputPortDepth(CausalityInterfaceForComposites.java:765)
	at ptolemy.actor.util.CausalityInterfaceForComposites._computeInputDepth(CausalityInterfaceForComposites.java:696)
	at ptolemy.actor.util.CausalityInterfaceForComposites._computeOutputPortDepth(CausalityInterfaceForComposites.java:765)
	at ptolemy.actor.util.CausalityInterfaceForComposites._computeInputDepth(CausalityInterfaceForComposites.java:696)
	at ptolemy.actor.util.CausalityInterfaceForComposites._computeActorDepth(CausalityInterfaceForComposites.java:532)
	at ptolemy.actor.util.CausalityInterfaceForComposites.checkForCycles(CausalityInterfaceForComposites.java:96)
	at ptolemy.domains.de.kernel.DEDirector.preinitialize(DEDirector.java:1338)
	at ptolemy.actor.CompositeActor.preinitialize(CompositeActor.java:1828)
	at ptolemy.actor.Manager.preinitializeAndResolveTypes(Manager.java:1040)
	at ptolemy.actor.Manager.initialize(Manager.java:710)
	at ptolemy.actor.Manager.execute(Manager.java:356)
	at ptolemy.actor.Manager.run(Manager.java:1263)
	at ptolemy.actor.Manager$PtolemyRunThread.run(Manager.java:1915)
java.lang.RuntimeException: Execution failed
	at ptolemy.moml.MoMLSimpleApplication$UnloadThread.run(MoMLSimpleApplication.java:402)
Caused by: ptolemy.kernel.util.IllegalActionException: Found a zero delay loop containing .dependencyLoop.original
  in .dependencyLoop and .dependencyLoop.original
	at ptolemy.actor.util.CausalityInterfaceForComposites._computeOutputPortDepth(CausalityInterfaceForComposites.java:759)
	at ptolemy.actor.util.CausalityInterfaceForComposites._computeInputDepth(CausalityInterfaceForComposites.java:696)
	at ptolemy.actor.util.CausalityInterfaceForComposites._computeOutputPortDepth(CausalityInterfaceForComposites.java:765)
	at ptolemy.actor.util.CausalityInterfaceForComposites._computeInputDepth(CausalityInterfaceForComposites.java:696)
	at ptolemy.actor.util.CausalityInterfaceForComposites._computeOutputPortDepth(CausalityInterfaceForComposites.java:765)
	at ptolemy.actor.util.CausalityInterfaceForComposites._computeInputDepth(CausalityInterfaceForComposites.java:696)
	at ptolemy.actor.util.CausalityInterfaceForComposites._computeActorDepth(CausalityInterfaceForComposites.java:532)
	at ptolemy.actor.util.CausalityInterfaceForComposites.checkForCycles(CausalityInterfaceForComposites.java:96)
	at ptolemy.domains.de.kernel.DEDirector.preinitialize(DEDirector.java:1338)
	at ptolemy.actor.CompositeActor.preinitialize(CompositeActor.java:1828)
	at ptolemy.actor.Manager.preinitializeAndResolveTypes(Manager.java:1040)
	at ptolemy.actor.Manager.initialize(Manager.java:710)
	at ptolemy.actor.Manager.execute(Manager.java:356)
	at ptolemy.actor.Manager.run(Manager.java:1263)
	at ptolemy.actor.Manager$PtolemyRunThread.run(Manager.java:1915)
java.lang.RuntimeException: Execution failed
	at ptolemy.moml.MoMLSimpleApplication$UnloadThread.run(MoMLSimpleApplication.java:402)
Caused by: ptolemy.kernel.util.IllegalActionException: Actor is not ready to fire.  Perhaps UpSample.prefire() returned false? Try debugging the actor by selecting "Listen to Actor".  Also, for SDF check moml for tokenConsumptionRate on input.
  in .DESDFClockTest.Play Bell.Copy1:SDF Director and .DESDFClockTest.Play Bell.UpSample
	at ptolemy.actor.sched.StaticSchedulingDirector.fire(StaticSchedulingDirector.java:227)
	at ptolemy.domains.sdf.kernel.SDFDirector.fire(SDFDirector.java:500)
	at ptolemy.actor.CompositeActor.fire(CompositeActor.java:455)
	at ptolemy.domains.de.kernel.DEDirector._fire(DEDirector.java:1949)
	at ptolemy.domains.de.kernel.DEDirector.fire(DEDirector.java:502)
	at ptolemy.actor.CompositeActor.fire(CompositeActor.java:455)
	at ptolemy.actor.Manager.iterate(Manager.java:851)
	at ptolemy.actor.Manager.execute(Manager.java:369)
	at ptolemy.actor.Manager.run(Manager.java:1263)
	at ptolemy.actor.Manager$PtolemyRunThread.run(Manager.java:1915)
java.lang.RuntimeException: Execution failed
	at ptolemy.moml.MoMLSimpleApplication$UnloadThread.run(MoMLSimpleApplication.java:402)
Caused by: ptolemy.kernel.util.IllegalActionException: Found a zero delay loop containing .dependencyLoop2.original
  in .dependencyLoop2 and .dependencyLoop2.original
	at ptolemy.actor.util.CausalityInterfaceForComposites._computeOutputPortDepth(CausalityInterfaceForComposites.java:759)
	at ptolemy.actor.util.CausalityInterfaceForComposites._computeInputDepth(CausalityInterfaceForComposites.java:696)
	at ptolemy.actor.util.CausalityInterfaceForComposites._computeOutputPortDepth(CausalityInterfaceForComposites.java:765)
	at ptolemy.actor.util.CausalityInterfaceForComposites._computeInputDepth(CausalityInterfaceForComposites.java:696)
	at ptolemy.actor.util.CausalityInterfaceForComposites._computeOutputPortDepth(CausalityInterfaceForComposites.java:765)
	at ptolemy.actor.util.CausalityInterfaceForComposites._computeInputDepth(CausalityInterfaceForComposites.java:696)
	at ptolemy.actor.util.CausalityInterfaceForComposites._computeActorDepth(CausalityInterfaceForComposites.java:532)
	at ptolemy.actor.util.CausalityInterfaceForComposites.checkForCycles(CausalityInterfaceForComposites.java:96)
	at ptolemy.domains.de.kernel.DEDirector.preinitialize(DEDirector.java:1338)
	at ptolemy.actor.CompositeActor.preinitialize(CompositeActor.java:1828)
	at ptolemy.actor.Manager.preinitializeAndResolveTypes(Manager.java:1040)
	at ptolemy.actor.Manager.initialize(Manager.java:710)
	at ptolemy.actor.Manager.execute(Manager.java:356)
	at ptolemy.actor.Manager.run(Manager.java:1263)
	at ptolemy.actor.Manager$PtolemyRunThread.run(Manager.java:1915)
java.lang.RuntimeException: Execution failed
	at ptolemy.moml.MoMLSimpleApplication$UnloadThread.run(MoMLSimpleApplication.java:402)
Caused by: ptolemy.kernel.util.IllegalActionException: Found a zero delay loop containing .HierarchicalModel.A
  in .HierarchicalModel and .HierarchicalModel.A
	at ptolemy.actor.util.CausalityInterfaceForComposites._computeOutputPortDepth(CausalityInterfaceForComposites.java:759)
	at ptolemy.actor.util.CausalityInterfaceForComposites._computeInputDepth(CausalityInterfaceForComposites.java:696)
	at ptolemy.actor.util.CausalityInterfaceForComposites._computeOutputPortDepth(CausalityInterfaceForComposites.java:765)
	at ptolemy.actor.util.CausalityInterfaceForComposites._computeInputDepth(CausalityInterfaceForComposites.java:696)
	at ptolemy.actor.util.CausalityInterfaceForComposites._computeOutputPortDepth(CausalityInterfaceForComposites.java:765)
	at ptolemy.actor.util.CausalityInterfaceForComposites._computeInputDepth(CausalityInterfaceForComposites.java:696)
	at ptolemy.actor.util.CausalityInterfaceForComposites._computeActorDepth(CausalityInterfaceForComposites.java:532)
	at ptolemy.actor.util.CausalityInterfaceForComposites.checkForCycles(CausalityInterfaceForComposites.java:96)
	at ptolemy.domains.de.kernel.DEDirector.preinitialize(DEDirector.java:1338)
	at ptolemy.actor.CompositeActor.preinitialize(CompositeActor.java:1828)
	at ptolemy.actor.Manager.preinitializeAndResolveTypes(Manager.java:1040)
	at ptolemy.actor.Manager.initialize(Manager.java:710)
	at ptolemy.actor.Manager.execute(Manager.java:356)
	at ptolemy.actor.Manager.run(Manager.java:1263)
	at ptolemy.actor.Manager$PtolemyRunThread.run(Manager.java:1915)
java.lang.RuntimeException: Execution failed
	at ptolemy.moml.MoMLSimpleApplication$UnloadThread.run(MoMLSimpleApplication.java:402)
Caused by: ptolemy.kernel.util.IllegalActionException: Test fails in iteration 1.
Value was: 1.0. Should have been: 2.0
  in .DirectFeedback.Test
	at ptolemy.actor.lib.Test.fire(Test.java:268)
	at ptolemy.domains.de.kernel.DEDirector._fire(DEDirector.java:1949)
	at ptolemy.domains.de.kernel.DEDirector.fire(DEDirector.java:502)
	at ptolemy.actor.CompositeActor.fire(CompositeActor.java:455)
	at ptolemy.actor.Manager.iterate(Manager.java:851)
	at ptolemy.actor.Manager.execute(Manager.java:369)
	at ptolemy.actor.Manager.run(Manager.java:1263)
	at ptolemy.actor.Manager$PtolemyRunThread.run(Manager.java:1915)
java.lang.RuntimeException: Execution failed
	at ptolemy.moml.MoMLSimpleApplication$UnloadThread.run(MoMLSimpleApplication.java:402)
Caused by: ptolemy.kernel.util.IllegalActionException: Actor is not ready to fire.  Perhaps UpSample.prefire() returned false? Try debugging the actor by selecting "Listen to Actor".  Also, for SDF check moml for tokenConsumptionRate on input.
  in .DESDFClockTest.Play Bell.Copy1:SDF Director and .DESDFClockTest.Play Bell.UpSample
	at ptolemy.actor.sched.StaticSchedulingDirector.fire(StaticSchedulingDirector.java:227)
	at ptolemy.domains.sdf.kernel.SDFDirector.fire(SDFDirector.java:500)
	at ptolemy.actor.CompositeActor.fire(CompositeActor.java:455)
	at ptolemy.domains.de.kernel.DEDirector._fire(DEDirector.java:1949)
	at ptolemy.domains.de.kernel.DEDirector.fire(DEDirector.java:502)
	at ptolemy.actor.CompositeActor.fire(CompositeActor.java:455)
	at ptolemy.actor.Manager.iterate(Manager.java:851)
	at ptolemy.actor.Manager.execute(Manager.java:369)
	at ptolemy.actor.Manager.run(Manager.java:1263)
	at ptolemy.actor.Manager$PtolemyRunThread.run(Manager.java:1915)
java.lang.reflect.InvocationTargetException
	at sun.reflect.NativeConstructorAccessorImpl.newInstance0(Native Method)
	at sun.reflect.NativeConstructorAccessorImpl.newInstance(NativeConstructorAccessorImpl.java:62)
	at sun.reflect.DelegatingConstructorAccessorImpl.newInstance(DelegatingConstructorAccessorImpl.java:45)
	at java.lang.reflect.Constructor.newInstance(Constructor.java:423)
	at ptolemy.util.test.junit.AutoKnownFailedTests.RunModel(AutoKnownFailedTests.java:105)
	at sun.reflect.NativeMethodAccessorImpl.invoke0(Native Method)
	at sun.reflect.NativeMethodAccessorImpl.invoke(NativeMethodAccessorImpl.java:62)
	at sun.reflect.DelegatingMethodAccessorImpl.invoke(DelegatingMethodAccessorImpl.java:43)
	at java.lang.reflect.Method.invoke(Method.java:498)
	at org.junit.runners.model.FrameworkMethod$1.runReflectiveCall(FrameworkMethod.java:44)
	at org.junit.internal.runners.model.ReflectiveCallable.run(ReflectiveCallable.java:15)
	at org.junit.runners.model.FrameworkMethod.invokeExplosively(FrameworkMethod.java:41)
	at junitparams.internal.InvokeParameterisedMethod.evaluate(InvokeParameterisedMethod.java:102)
	at org.junit.internal.runners.statements.FailOnTimeout$1.run(FailOnTimeout.java:28)
Caused by: ptolemy.kernel.util.IllegalActionException: Actor is not ready to fire.  Perhaps UpSample.prefire() returned false? Try debugging the actor by selecting "Listen to Actor".  Also, for SDF check moml for tokenConsumptionRate on input.
  in .DESDFClockTest.Play Bell.Copy1:SDF Director and .DESDFClockTest.Play Bell.UpSample
	at ptolemy.actor.sched.StaticSchedulingDirector.fire(StaticSchedulingDirector.java:227)
	at ptolemy.domains.sdf.kernel.SDFDirector.fire(SDFDirector.java:500)
	at ptolemy.actor.CompositeActor.fire(CompositeActor.java:455)
	at ptolemy.domains.de.kernel.DEDirector._fire(DEDirector.java:1949)
	at ptolemy.domains.de.kernel.DEDirector.fire(DEDirector.java:502)
	at ptolemy.actor.CompositeActor.fire(CompositeActor.java:455)
	at ptolemy.actor.Manager.iterate(Manager.java:851)
	at ptolemy.actor.Manager.execute(Manager.java:369)
	at ptolemy.actor.Manager.run(Manager.java:1263)
	at ptolemy.actor.Manager$PtolemyRunThread.run(Manager.java:1915)
java.lang.RuntimeException: Execution failed
	at ptolemy.moml.MoMLSimpleApplication$UnloadThread.run(MoMLSimpleApplication.java:402)
Caused by: ptolemy.kernel.util.IllegalActionException: Test fails in iteration 1.
Value was: 1.0. Should have been: 2.0
  in .DirectFeedback.Test
	at ptolemy.actor.lib.Test.fire(Test.java:268)
	at ptolemy.domains.de.kernel.DEDirector._fire(DEDirector.java:1949)
	at ptolemy.domains.de.kernel.DEDirector.fire(DEDirector.java:502)
	at ptolemy.actor.CompositeActor.fire(CompositeActor.java:455)
	at ptolemy.actor.Manager.iterate(Manager.java:851)
	at ptolemy.actor.Manager.execute(Manager.java:369)
	at ptolemy.actor.Manager.run(Manager.java:1263)
	at ptolemy.actor.Manager$PtolemyRunThread.run(Manager.java:1915)
java.lang.reflect.InvocationTargetException
	at sun.reflect.NativeConstructorAccessorImpl.newInstance0(Native Method)
	at sun.reflect.NativeConstructorAccessorImpl.newInstance(NativeConstructorAccessorImpl.java:62)
	at sun.reflect.DelegatingConstructorAccessorImpl.newInstance(DelegatingConstructorAccessorImpl.java:45)
	at java.lang.reflect.Constructor.newInstance(Constructor.java:423)
	at ptolemy.util.test.junit.AutoKnownFailedTests.RunModel(AutoKnownFailedTests.java:105)
	at sun.reflect.NativeMethodAccessorImpl.invoke0(Native Method)
	at sun.reflect.NativeMethodAccessorImpl.invoke(NativeMethodAccessorImpl.java:62)
	at sun.reflect.DelegatingMethodAccessorImpl.invoke(DelegatingMethodAccessorImpl.java:43)
	at java.lang.reflect.Method.invoke(Method.java:498)
	at org.junit.runners.model.FrameworkMethod$1.runReflectiveCall(FrameworkMethod.java:44)
	at org.junit.internal.runners.model.ReflectiveCallable.run(ReflectiveCallable.java:15)
	at org.junit.runners.model.FrameworkMethod.invokeExplosively(FrameworkMethod.java:41)
	at junitparams.internal.InvokeParameterisedMethod.evaluate(InvokeParameterisedMethod.java:102)
	at org.junit.internal.runners.statements.FailOnTimeout$1.run(FailOnTimeout.java:28)
Caused by: ptolemy.kernel.util.IllegalActionException: Test fails in iteration 1.
Value was: 1.0. Should have been: 2.0
  in .DirectFeedback.Test
	at ptolemy.actor.lib.Test.fire(Test.java:268)
	at ptolemy.domains.de.kernel.DEDirector._fire(DEDirector.java:1949)
	at ptolemy.domains.de.kernel.DEDirector.fire(DEDirector.java:502)
	at ptolemy.actor.CompositeActor.fire(CompositeActor.java:455)
	at ptolemy.actor.Manager.iterate(Manager.java:851)
	at ptolemy.actor.Manager.execute(Manager.java:369)
	at ptolemy.actor.Manager.run(Manager.java:1263)
	at ptolemy.actor.Manager$PtolemyRunThread.run(Manager.java:1915)
java.lang.RuntimeException: Execution failed
	at ptolemy.moml.MoMLSimpleApplication$UnloadThread.run(MoMLSimpleApplication.java:402)
Caused by: ptolemy.kernel.util.IllegalActionException: Found a zero delay loop containing .HierarchicalModel.A
  in .HierarchicalModel and .HierarchicalModel.A
	at ptolemy.actor.util.CausalityInterfaceForComposites._computeOutputPortDepth(CausalityInterfaceForComposites.java:759)
	at ptolemy.actor.util.CausalityInterfaceForComposites._computeInputDepth(CausalityInterfaceForComposites.java:696)
	at ptolemy.actor.util.CausalityInterfaceForComposites._computeOutputPortDepth(CausalityInterfaceForComposites.java:765)
	at ptolemy.actor.util.CausalityInterfaceForComposites._computeInputDepth(CausalityInterfaceForComposites.java:696)
	at ptolemy.actor.util.CausalityInterfaceForComposites._computeOutputPortDepth(CausalityInterfaceForComposites.java:765)
	at ptolemy.actor.util.CausalityInterfaceForComposites._computeInputDepth(CausalityInterfaceForComposites.java:696)
	at ptolemy.actor.util.CausalityInterfaceForComposites._computeActorDepth(CausalityInterfaceForComposites.java:532)
	at ptolemy.actor.util.CausalityInterfaceForComposites.checkForCycles(CausalityInterfaceForComposites.java:96)
	at ptolemy.domains.de.kernel.DEDirector.preinitialize(DEDirector.java:1338)
	at ptolemy.actor.CompositeActor.preinitialize(CompositeActor.java:1828)
	at ptolemy.actor.Manager.preinitializeAndResolveTypes(Manager.java:1040)
	at ptolemy.actor.Manager.initialize(Manager.java:710)
	at ptolemy.actor.Manager.execute(Manager.java:356)
	at ptolemy.actor.Manager.run(Manager.java:1263)
	at ptolemy.actor.Manager$PtolemyRunThread.run(Manager.java:1915)
java.lang.reflect.InvocationTargetException
	at sun.reflect.NativeConstructorAccessorImpl.newInstance0(Native Method)
	at sun.reflect.NativeConstructorAccessorImpl.newInstance(NativeConstructorAccessorImpl.java:62)
	at sun.reflect.DelegatingConstructorAccessorImpl.newInstance(DelegatingConstructorAccessorImpl.java:45)
	at java.lang.reflect.Constructor.newInstance(Constructor.java:423)
	at ptolemy.util.test.junit.AutoKnownFailedTests.RunModel(AutoKnownFailedTests.java:105)
	at sun.reflect.NativeMethodAccessorImpl.invoke0(Native Method)
	at sun.reflect.NativeMethodAccessorImpl.invoke(NativeMethodAccessorImpl.java:62)
	at sun.reflect.DelegatingMethodAccessorImpl.invoke(DelegatingMethodAccessorImpl.java:43)
	at java.lang.reflect.Method.invoke(Method.java:498)
	at org.junit.runners.model.FrameworkMethod$1.runReflectiveCall(FrameworkMethod.java:44)
	at org.junit.internal.runners.model.ReflectiveCallable.run(ReflectiveCallable.java:15)
	at org.junit.runners.model.FrameworkMethod.invokeExplosively(FrameworkMethod.java:41)
	at junitparams.internal.InvokeParameterisedMethod.evaluate(InvokeParameterisedMethod.java:102)
	at org.junit.internal.runners.statements.FailOnTimeout$1.run(FailOnTimeout.java:28)
Caused by: ptolemy.kernel.util.IllegalActionException: Found a zero delay loop containing .HierarchicalModel.A
  in .HierarchicalModel and .HierarchicalModel.A
	at ptolemy.actor.util.CausalityInterfaceForComposites._computeOutputPortDepth(CausalityInterfaceForComposites.java:759)
	at ptolemy.actor.util.CausalityInterfaceForComposites._computeInputDepth(CausalityInterfaceForComposites.java:696)
	at ptolemy.actor.util.CausalityInterfaceForComposites._computeOutputPortDepth(CausalityInterfaceForComposites.java:765)
	at ptolemy.actor.util.CausalityInterfaceForComposites._computeInputDepth(CausalityInterfaceForComposites.java:696)
	at ptolemy.actor.util.CausalityInterfaceForComposites._computeOutputPortDepth(CausalityInterfaceForComposites.java:765)
	at ptolemy.actor.util.CausalityInterfaceForComposites._computeInputDepth(CausalityInterfaceForComposites.java:696)
	at ptolemy.actor.util.CausalityInterfaceForComposites._computeActorDepth(CausalityInterfaceForComposites.java:532)
	at ptolemy.actor.util.CausalityInterfaceForComposites.checkForCycles(CausalityInterfaceForComposites.java:96)
	at ptolemy.domains.de.kernel.DEDirector.preinitialize(DEDirector.java:1338)
	at ptolemy.actor.CompositeActor.preinitialize(CompositeActor.java:1828)
	at ptolemy.actor.Manager.preinitializeAndResolveTypes(Manager.java:1040)
	at ptolemy.actor.Manager.initialize(Manager.java:710)
	at ptolemy.actor.Manager.execute(Manager.java:356)
	at ptolemy.actor.Manager.run(Manager.java:1263)
	at ptolemy.actor.Manager$PtolemyRunThread.run(Manager.java:1915)
java.lang.RuntimeException: Execution failed
	at ptolemy.moml.MoMLSimpleApplication$UnloadThread.run(MoMLSimpleApplication.java:402)
Caused by: ptolemy.kernel.util.IllegalActionException: Found a zero delay loop containing .dependencyLoop.original
  in .dependencyLoop and .dependencyLoop.original
	at ptolemy.actor.util.CausalityInterfaceForComposites._computeOutputPortDepth(CausalityInterfaceForComposites.java:759)
	at ptolemy.actor.util.CausalityInterfaceForComposites._computeInputDepth(CausalityInterfaceForComposites.java:696)
	at ptolemy.actor.util.CausalityInterfaceForComposites._computeOutputPortDepth(CausalityInterfaceForComposites.java:765)
	at ptolemy.actor.util.CausalityInterfaceForComposites._computeInputDepth(CausalityInterfaceForComposites.java:696)
	at ptolemy.actor.util.CausalityInterfaceForComposites._computeOutputPortDepth(CausalityInterfaceForComposites.java:765)
	at ptolemy.actor.util.CausalityInterfaceForComposites._computeInputDepth(CausalityInterfaceForComposites.java:696)
	at ptolemy.actor.util.CausalityInterfaceForComposites._computeActorDepth(CausalityInterfaceForComposites.java:532)
	at ptolemy.actor.util.CausalityInterfaceForComposites.checkForCycles(CausalityInterfaceForComposites.java:96)
	at ptolemy.domains.de.kernel.DEDirector.preinitialize(DEDirector.java:1338)
	at ptolemy.actor.CompositeActor.preinitialize(CompositeActor.java:1828)
	at ptolemy.actor.Manager.preinitializeAndResolveTypes(Manager.java:1040)
	at ptolemy.actor.Manager.initialize(Manager.java:710)
	at ptolemy.actor.Manager.execute(Manager.java:356)
	at ptolemy.actor.Manager.run(Manager.java:1263)
	at ptolemy.actor.Manager$PtolemyRunThread.run(Manager.java:1915)
java.lang.reflect.InvocationTargetException
	at sun.reflect.NativeConstructorAccessorImpl.newInstance0(Native Method)
	at sun.reflect.NativeConstructorAccessorImpl.newInstance(NativeConstructorAccessorImpl.java:62)
	at sun.reflect.DelegatingConstructorAccessorImpl.newInstance(DelegatingConstructorAccessorImpl.java:45)
	at java.lang.reflect.Constructor.newInstance(Constructor.java:423)
	at ptolemy.util.test.junit.AutoKnownFailedTests.RunModel(AutoKnownFailedTests.java:105)
	at sun.reflect.NativeMethodAccessorImpl.invoke0(Native Method)
	at sun.reflect.NativeMethodAccessorImpl.invoke(NativeMethodAccessorImpl.java:62)
	at sun.reflect.DelegatingMethodAccessorImpl.invoke(DelegatingMethodAccessorImpl.java:43)
	at java.lang.reflect.Method.invoke(Method.java:498)
	at org.junit.runners.model.FrameworkMethod$1.runReflectiveCall(FrameworkMethod.java:44)
	at org.junit.internal.runners.model.ReflectiveCallable.run(ReflectiveCallable.java:15)
	at org.junit.runners.model.FrameworkMethod.invokeExplosively(FrameworkMethod.java:41)
	at junitparams.internal.InvokeParameterisedMethod.evaluate(InvokeParameterisedMethod.java:102)
	at org.junit.internal.runners.statements.FailOnTimeout$1.run(FailOnTimeout.java:28)
Caused by: ptolemy.kernel.util.IllegalActionException: Found a zero delay loop containing .dependencyLoop.original
  in .dependencyLoop and .dependencyLoop.original
	at ptolemy.actor.util.CausalityInterfaceForComposites._computeOutputPortDepth(CausalityInterfaceForComposites.java:759)
	at ptolemy.actor.util.CausalityInterfaceForComposites._computeInputDepth(CausalityInterfaceForComposites.java:696)
	at ptolemy.actor.util.CausalityInterfaceForComposites._computeOutputPortDepth(CausalityInterfaceForComposites.java:765)
	at ptolemy.actor.util.CausalityInterfaceForComposites._computeInputDepth(CausalityInterfaceForComposites.java:696)
	at ptolemy.actor.util.CausalityInterfaceForComposites._computeOutputPortDepth(CausalityInterfaceForComposites.java:765)
	at ptolemy.actor.util.CausalityInterfaceForComposites._computeInputDepth(CausalityInterfaceForComposites.java:696)
	at ptolemy.actor.util.CausalityInterfaceForComposites._computeActorDepth(CausalityInterfaceForComposites.java:532)
	at ptolemy.actor.util.CausalityInterfaceForComposites.checkForCycles(CausalityInterfaceForComposites.java:96)
	at ptolemy.domains.de.kernel.DEDirector.preinitialize(DEDirector.java:1338)
	at ptolemy.actor.CompositeActor.preinitialize(CompositeActor.java:1828)
	at ptolemy.actor.Manager.preinitializeAndResolveTypes(Manager.java:1040)
	at ptolemy.actor.Manager.initialize(Manager.java:710)
	at ptolemy.actor.Manager.execute(Manager.java:356)
	at ptolemy.actor.Manager.run(Manager.java:1263)
	at ptolemy.actor.Manager$PtolemyRunThread.run(Manager.java:1915)
java.lang.RuntimeException: Execution failed
	at ptolemy.moml.MoMLSimpleApplication$UnloadThread.run(MoMLSimpleApplication.java:402)
Caused by: ptolemy.kernel.util.IllegalActionException: Found a zero delay loop containing .dependencyLoop2.original
  in .dependencyLoop2 and .dependencyLoop2.original
	at ptolemy.actor.util.CausalityInterfaceForComposites._computeOutputPortDepth(CausalityInterfaceForComposites.java:759)
	at ptolemy.actor.util.CausalityInterfaceForComposites._computeInputDepth(CausalityInterfaceForComposites.java:696)
	at ptolemy.actor.util.CausalityInterfaceForComposites._computeOutputPortDepth(CausalityInterfaceForComposites.java:765)
	at ptolemy.actor.util.CausalityInterfaceForComposites._computeInputDepth(CausalityInterfaceForComposites.java:696)
	at ptolemy.actor.util.CausalityInterfaceForComposites._computeOutputPortDepth(CausalityInterfaceForComposites.java:765)
	at ptolemy.actor.util.CausalityInterfaceForComposites._computeInputDepth(CausalityInterfaceForComposites.java:696)
	at ptolemy.actor.util.CausalityInterfaceForComposites._computeActorDepth(CausalityInterfaceForComposites.java:532)
	at ptolemy.actor.util.CausalityInterfaceForComposites.checkForCycles(CausalityInterfaceForComposites.java:96)
	at ptolemy.domains.de.kernel.DEDirector.preinitialize(DEDirector.java:1338)
	at ptolemy.actor.CompositeActor.preinitialize(CompositeActor.java:1828)
	at ptolemy.actor.Manager.preinitializeAndResolveTypes(Manager.java:1040)
	at ptolemy.actor.Manager.initialize(Manager.java:710)
	at ptolemy.actor.Manager.execute(Manager.java:356)
	at ptolemy.actor.Manager.run(Manager.java:1263)
	at ptolemy.actor.Manager$PtolemyRunThread.run(Manager.java:1915)
java.lang.reflect.InvocationTargetException
	at sun.reflect.NativeConstructorAccessorImpl.newInstance0(Native Method)
	at sun.reflect.NativeConstructorAccessorImpl.newInstance(NativeConstructorAccessorImpl.java:62)
	at sun.reflect.DelegatingConstructorAccessorImpl.newInstance(DelegatingConstructorAccessorImpl.java:45)
	at java.lang.reflect.Constructor.newInstance(Constructor.java:423)
	at ptolemy.util.test.junit.AutoKnownFailedTests.RunModel(AutoKnownFailedTests.java:105)
	at sun.reflect.NativeMethodAccessorImpl.invoke0(Native Method)
	at sun.reflect.NativeMethodAccessorImpl.invoke(NativeMethodAccessorImpl.java:62)
	at sun.reflect.DelegatingMethodAccessorImpl.invoke(DelegatingMethodAccessorImpl.java:43)
	at java.lang.reflect.Method.invoke(Method.java:498)
	at org.junit.runners.model.FrameworkMethod$1.runReflectiveCall(FrameworkMethod.java:44)
	at org.junit.internal.runners.model.ReflectiveCallable.run(ReflectiveCallable.java:15)
	at org.junit.runners.model.FrameworkMethod.invokeExplosively(FrameworkMethod.java:41)
	at junitparams.internal.InvokeParameterisedMethod.evaluate(InvokeParameterisedMethod.java:102)
	at org.junit.internal.runners.statements.FailOnTimeout$1.run(FailOnTimeout.java:28)
Caused by: ptolemy.kernel.util.IllegalActionException: Found a zero delay loop containing .dependencyLoop2.original
  in .dependencyLoop2 and .dependencyLoop2.original
	at ptolemy.actor.util.CausalityInterfaceForComposites._computeOutputPortDepth(CausalityInterfaceForComposites.java:759)
	at ptolemy.actor.util.CausalityInterfaceForComposites._computeInputDepth(CausalityInterfaceForComposites.java:696)
	at ptolemy.actor.util.CausalityInterfaceForComposites._computeOutputPortDepth(CausalityInterfaceForComposites.java:765)
	at ptolemy.actor.util.CausalityInterfaceForComposites._computeInputDepth(CausalityInterfaceForComposites.java:696)
	at ptolemy.actor.util.CausalityInterfaceForComposites._computeOutputPortDepth(CausalityInterfaceForComposites.java:765)
	at ptolemy.actor.util.CausalityInterfaceForComposites._computeInputDepth(CausalityInterfaceForComposites.java:696)
	at ptolemy.actor.util.CausalityInterfaceForComposites._computeActorDepth(CausalityInterfaceForComposites.java:532)
	at ptolemy.actor.util.CausalityInterfaceForComposites.checkForCycles(CausalityInterfaceForComposites.java:96)
	at ptolemy.domains.de.kernel.DEDirector.preinitialize(DEDirector.java:1338)
	at ptolemy.actor.CompositeActor.preinitialize(CompositeActor.java:1828)
	at ptolemy.actor.Manager.preinitializeAndResolveTypes(Manager.java:1040)
	at ptolemy.actor.Manager.initialize(Manager.java:710)
	at ptolemy.actor.Manager.execute(Manager.java:356)
	at ptolemy.actor.Manager.run(Manager.java:1263)
	at ptolemy.actor.Manager$PtolemyRunThread.run(Manager.java:1915)
]]></system-err>
</testsuite>
