<?xml version="1.0" encoding="UTF-8" ?>
<testsuite errors="0" failures="0" hostname="travis-job-203259b7-2935-471f-9850-f3f42140903b" name="ptolemy.domains.de.test.junit.JUnitTclTest" skipped="0" tests="101" time="135.69" timestamp="2019-06-30T04:43:07">
  <properties>
    <property name="npm.executable" value="npm" />
    <property name="env.TRAVIS_ROOT" value="/" />
    <property name="ptII.mk.exists" value="true" />
    <property name="env.TRAVIS_APP_HOST" value="build.travis-ci.org" />
    <property name="env.rvm_bin_path" value="/home/travis/.rvm/bin" />
    <property name="java.home" value="/usr/local/lib/jvm/openjdk11" />
    <property name="env.TRAVIS_JOB_NUMBER" value="1189.9" />
    <property name="env.TRAVIS_HOME" value="/home/travis" />
    <property name="env.DISPLAY" value=":99.0" />
    <property name="env.TRAVIS_INIT" value="systemd" />
    <property name="env.SSH_TTY" value="/dev/pts/0" />
    <property name="java.net.preferIPv4Stack" value="true" />
    <property name="env.RUN_TESTS" value="true" />
    <property name="timeout.short" value="1000000" />
    <property name="junit.formatter" value="xml" />
    <property name="env.TRAVIS_SUDO" value="true" />
    <property name="env.TRAVIS_JOB_NAME" value="" />
    <property name="env.TRAVIS_STACK_NODE_ATTRIBUTES" value="/.node-attributes.yml" />
    <property name="env.LOGNAME" value="travis" />
    <property name="jsdoc.home" value="node_modules/@terraswarm/jsdoc" />
    <property name="debuglevel" value="source,lines,vars" />
    <property name="checkstyle.formatter" value="xml" />
    <property name="env._system_version" value="16.04" />
    <property name="bin.vergil.makeable" value="true" />
    <property name="sun.os.patch.level" value="unknown" />
    <property name="java.vendor.url" value="http://java.oracle.com/" />
    <property name="env.TRAVIS_BUILD_WEB_URL" value="https://travis-ci.org/icyphy/ptII/builds/552321447" />
    <property name="java.version" value="11.0.2" />
    <property name="env.TZ" value="UTC" />
    <property name="env.PT_NO_NET" value="true" />
    <property name="env.TRAVIS_PULL_REQUEST_SHA" value="" />
    <property name="env.TRAVIS_SECURE_ENV_VARS" value="true" />
    <property name="env._system_type" value="Linux" />
    <property name="java.vendor.url.bug" value="http://bugreport.java.com/bugreport/" />
    <property name="npmjs-org-is-up" value="true" />
    <property name="env.LANGUAGE" value="en_US.UTF-8" />
    <property name="env.SSH_CLIENT" value="10.10.19.229 48078 22" />
    <property name="env.GEM_HOME" value="/home/travis/.rvm/gems/ruby-2.5.3" />
    <property name="env.HAS_ANTARES_THREE_LITTLE_FRONZIES_BADGE" value="true" />
    <property name="java.version.date" value="2019-01-15" />
    <property name="env.PS4" value="+" />
    <property name="ant.project.invoked-targets" value="build,test.core2.xml" />
    <property name="env.TRAVIS_PULL_REQUEST_BRANCH" value="" />
    <property name="env.TRAVIS_REPO_SLUG" value="icyphy/ptII" />
    <property name="env.XDG_DATA_DIRS" value="/usr/local/share:/usr/share:/var/lib/snapd/desktop" />
    <property name="jdk.debug" value="release" />
    <property name="env.TRAVIS_APT_PROXY" value="http://apt.cache.travis-ci.com" />
    <property name="node.in.path" value="true" />
    <property name="user.name" value="travis" />
    <property name="java.maxmemory" value="1400m" />
    <property name="env.RUBY_VERSION" value="ruby-2.5.3" />
    <property name="env.LANG" value="en_US.UTF-8" />
    <property name="sun.io.unicode.encoding" value="UnicodeLittle" />
    <property name="sun.jnu.encoding" value="UTF-8" />
    <property name="java.runtime.name" value="OpenJDK Runtime Environment" />
    <property name="usefile" value="false" />
    <property name="return.code" value="0" />
    <property name="junit.single.formatter" value="plain" />
    <property name="env.DYLD_LIBRARY_PATH" value="/home/travis/pthla/certi-tools/lib:" />
    <property name="env.DEBIAN_FRONTEND" value="noninteractive" />
    <property name="env.SSH_CONNECTION" value="10.10.19.229 48078 10.20.0.229 22" />
    <property name="env.MYSQL_UNIX_PORT" value="/var/run/mysqld/mysqld.sock" />
    <property name="env.LC_ALL" value="en_US.UTF-8" />
    <property name="env.TRAVIS_ALLOW_FAILURE" value="false" />
    <property name="env.TRAVIS_JOB_WEB_URL" value="https://travis-ci.org/icyphy/ptII/jobs/552321456" />
    <property name="java.specification.name" value="Java Platform API Specification" />
    <property name="node.works" value="true" />
    <property name="user.timezone" value="" />
    <property name="path.separator" value=":" />
    <property name="env.TRAVIS_ENABLE_INFRA_DETECTION" value="true" />
    <property name="env.PYTHON_CFLAGS" value="-g -fstack-protector --param=ssp-buffer-size=4 -Wformat -Werror=format-security" />
    <property name="timeout.long" value="4000000" />
    <property name="env.CERTI_HOME" value="/home/travis/pthla/certi-tools" />
    <property name="ant.file.ptII" value="/home/travis/build/icyphy/ptII/build.xml" />
    <property name="javadoc.packagenames" value="com.*,diva.*,lbnl.*,org.hlacerti.*,org.json.*,org.ptolemy.*,org.terraswarm.*,ptolemy.*,ptserver.*" />
    <property name="file.encoding" value="UTF-8" />
    <property name="env.TRAVIS_PULL_REQUEST_SLUG" value="" />
    <property name="ant.project.default-target" value="build" />
    <property name="env.GIT_ASKPASS" value="echo" />
    <property name="env.HOME" value="/home/travis" />
    <property name="sun.java.command" value="org.apache.tools.ant.taskdefs.optional.junit.JUnitTestRunner ptolemy.domains.de.test.junit.JUnitTclTest skipNonTests=false filtertrace=true haltOnError=false haltOnFailure=false formatter=org.apache.tools.ant.taskdefs.optional.junit.OutErrSummaryJUnitResultFormatter showoutput=true outputtoformatters=true logfailedtests=true threadid=0 logtestlistenerevents=false formatter=org.apache.tools.ant.taskdefs.optional.junit.XMLJUnitResultFormatter,/home/travis/build/icyphy/ptII/reports/junit/TEST-ptolemy.domains.de.test.junit.JUnitTclTest.xml crashfile=/home/travis/build/icyphy/ptII/junitvmwatcher7984972867773379010.properties propsfile=/home/travis/build/icyphy/ptII/junit6686531142015357852.properties" />
    <property name="env.COMPOSER_NO_INTERACTION" value="1" />
    <property name="env.MANPATH" value="/home/travis/.nvm/versions/node/v7.10.1/share/man:/home/travis/.rvm/rubies/ruby-2.5.3/share/man:/usr/local/cmake-3.12.4/man:/usr/local/clang-7.0.0/share/man:/usr/local/man:/usr/local/share/man:/usr/share/man:/home/travis/.rvm/man" />
    <property name="env.TRAVIS_TIMER_ID" value="13a1a425" />
    <property name="ant.file" value="/home/travis/build/icyphy/ptII/build.xml" />
    <property name="env.TRAVIS_COMMIT_RANGE" value="b6de4a29689c219dd7cbcef974805eca11f91674...bbbff3adea58fb0643306c381462affccc328551" />
    <property name="env._system_name" value="Ubuntu" />
    <property name="ptII.classpath.optional.property" value="/home/travis/build/icyphy/ptII/lib/bsh-2.0b4.jar:/home/travis/build/icyphy/ptII/lib/ptCal.jar:/home/travis/build/icyphy/ptII/lib/java_cup.jar:/home/travis/build/icyphy/ptII/lib/saxon8.jar:/home/travis/build/icyphy/ptII/lib/saxon8-dom.jar:/home/travis/build/icyphy/ptII/lib/chic.jar:/home/travis/build/icyphy/ptII/lib/ptcolt.jar:/home/travis/build/icyphy/ptII/vendors/misc/itext/iText.jar:/home/travis/build/icyphy/ptII/lib/g4ltl.jar:/home/travis/build/icyphy/ptII/lib/StructuralCoder.jar:/home/travis/build/icyphy/ptII/vendors/jai-1_1_2_01/lib/jai_core.jar:/home/travis/build/icyphy/ptII/vendors/jai-1_1_2_01/lib/jai_codec.jar:/home/travis/build/icyphy/ptII/lib/jcerti.jar:/home/travis/build/icyphy/ptII/lib/javax.mail.jar:/home/travis/build/icyphy/ptII/vendors/JMF-2.1.1e/lib/jmf.jar:/home/travis/build/icyphy/ptII/lib/jna-4.0.0-variadic.jar:/home/travis/build/icyphy/ptII/vendors/misc/joystick/Joystick.jar:/home/travis/build/icyphy/ptII/lib/ptjacl.jar:/home/travis/build/icyphy/ptII/lib/jsoup-1.8.2.jar:/home/travis/build/icyphy/ptII/lib/junit-4.8.2.jar:/home/travis/build/icyphy/ptII/lib/JUnitParams-0.4.0.jar:/home/travis/build/icyphy/ptII/ptolemy/actor/lib/excel/jxl.jar:/home/travis/build/icyphy/ptII/lib/jython.jar:/home/travis/build/icyphy/ptII/lib/kieler.jar:/home/travis/build/icyphy/ptII/vendors/opencv/share/OpenCV/java/opencv-341.jar:/home/travis/build/icyphy/ptII/lib/oscP5.jar:/home/travis/build/icyphy/ptII/lib/nrjavaserial-3.11.0.devel.jar:/home/travis/build/icyphy/ptII/vendors/j3d/lib/j3dcore.jar:/home/travis/build/icyphy/ptII/vendors/j3d/lib/j3dutils.jar:/home/travis/build/icyphy/ptII/vendors/j3d/lib/vecmath.jar:/home/travis/build/icyphy/ptII/ptolemy/distributed/jini/jar/jini-core.jar:/home/travis/build/icyphy/ptII/ptolemy/distributed/jini/jar/jini-ext.jar:/home/travis/build/icyphy/ptII/ptolemy/distributed/jini/jar/sun-util.jar:/home/travis/build/icyphy/ptII/lib/protobuf-java-2.4.1.jar:/home/travis/build/icyphy/ptII/lib/org.eclipse.paho.client.mqttv3.jar:/home/travis/build/icyphy/ptII/lib/mapss.jar:/home/travis/build/icyphy/ptII/ptolemy/actor/ptalon/antlr/antlr.jar:/home/travis/build/icyphy/ptII/lib/JRI.jar:/home/travis/build/icyphy/ptII/lib/commons-lang-2.6.jar:/home/travis/build/icyphy/ptII/lib/commons-logging-1.1.1.jar:/home/travis/build/icyphy/ptII/lib/sootclasses.jar:/home/travis/build/icyphy/ptII/ptolemy/actor/lib/database/mysql-connector-java-5.1.6-bin.jar:/home/travis/build/icyphy/ptII/vendors/misc/sphinx4/sphinx4-data-5prealpha.jar:/home/travis/build/icyphy/ptII/vendors/misc/sphinx4/sphinx4-core-5prealpha.jar:/home/travis/build/icyphy/ptII/lib/PDFRenderer.jar:/home/travis/build/icyphy/ptII/lib/svgSalamander.jar:/home/travis/build/icyphy/ptII/lib/rsyntaxtextarea-2.6.0-SNAPSHOT.jar:/home/travis/build/icyphy/ptII/lib/hazelcast-3.8.2.jar:/home/travis/build/icyphy/ptII/lib/jackson-annotations-2.9.0.jar:/home/travis/build/icyphy/ptII/lib/jackson-core-2.9.3.jar:/home/travis/build/icyphy/ptII/lib/jackson-databind-2.9.3.jar:/home/travis/build/icyphy/ptII/lib/netty-buffer-4.1.19.Final.jar:/home/travis/build/icyphy/ptII/lib/netty-codec-4.1.19.Final.jar:/home/travis/build/icyphy/ptII/lib/netty-codec-dns-4.1.19.Final.jar:/home/travis/build/icyphy/ptII/lib/netty-codec-http-4.1.19.Final.jar:/home/travis/build/icyphy/ptII/lib/netty-codec-http2-4.1.19.Final.jar:/home/travis/build/icyphy/ptII/lib/netty-common-4.1.19.Final.jar:/home/travis/build/icyphy/ptII/lib/netty-handler-4.1.19.Final.jar:/home/travis/build/icyphy/ptII/lib/netty-resolver-4.1.19.Final.jar:/home/travis/build/icyphy/ptII/lib/netty-resolver-dns-4.1.19.Final.jar:/home/travis/build/icyphy/ptII/lib/netty-transport-4.1.19.Final.jar:/home/travis/build/icyphy/ptII/lib/vertx-codegen-3.5.1.jar:/home/travis/build/icyphy/ptII/lib/vertx-core-3.5.2-SNAPSHOT.jar:/home/travis/build/icyphy/ptII/lib/vertx-hazelcast-3.5.1.jar:/home/travis/build/icyphy/ptII/lib/vertx-lang-js-3.5.1.jar:/home/travis/build/icyphy/ptII/lib/vertx-service-proxy-3.5.1.jar:/home/travis/build/icyphy/ptII/lib/vertx-web-3.5.1.jar:/home/travis/build/icyphy/ptII/lib/slf4j-api-1.7.13.jar:/home/travis/build/icyphy/ptII/lib/slf4j-simple-1.7.13.jar:/home/travis/build/icyphy/ptII/lib/webcam-capture-0.3.12.jar:/home/travis/build/icyphy/ptII/lib/bridj-0.7.0.jar:/home/travis/build/icyphy/ptII/lib/xbjlib-1.1.0.nrjavaserial.jar" />
    <property name="timeout" value="2400000" />
    <property name="test.batch" value="**/junit/*.java" />
    <property name="env._" value="/usr/bin/timeout" />
    <property name="java.io.tmpdir" value="/tmp" />
    <property name="user.language" value="en" />
    <property name="env.TRAVIS_INTERNAL_RUBY_REGEX" value="^ruby-(2\.[0-4]\.[0-9]|1\.9\.3)" />
    <property name="env.HISTCONTROL" value="ignoredups:ignorespace" />
    <property name="env.GOROOT" value="/home/travis/.gimme/versions/go1.11.1.linux.amd64" />
    <property name="line.separator" value="&#xa;" />
    <property name="target" value="11" />
    <property name="env.TRAVIS_BUILD_DIR" value="/home/travis/build/icyphy/ptII" />
    <property name="env.ANT_OPTS" value="-Xmx2048m" />
    <property name="ant.file.type" value="file" />
    <property name="ptolemy.ptII.batchMode" value="true" />
    <property name="env.HISTSIZE" value="1000" />
    <property name="env.MERB_ENV" value="test" />
    <property name="java.vm.info" value="mixed mode" />
    <property name="source" value="11" />
    <property name="java.vm.specification.name" value="Java Virtual Machine Specification" />
    <property name="env.TRAVIS_TEST_RESULT" value="0" />
    <property name="jsdoc.command" value="node_modules/@terraswarm/jsdoc/jsdoc.js" />
    <property name="npm.works" value="true" />
    <property name="cobertura.dir" value="/home/travis/build/icyphy/ptII/vendors/cobertura-2.0.3" />
    <property name="env.rvm_path" value="/home/travis/.rvm" />
    <property name="env.GEM_PATH" value="/home/travis/.rvm/gems/ruby-2.5.3:/home/travis/.rvm/gems/ruby-2.5.3@global" />
    <property name="env.LC_CTYPE" value="en_US.UTF-8" />
    <property name="env.TRAVIS_CMD" value="$PTII/bin/ptIITravisBuild.sh $SECONDS" />
    <property name="java.awt.printerjob" value="sun.print.PSPrinterJob" />
    <property name="env.TRAVIS_STACK_NAME" value="sardonyx" />
    <property name="env.TRAVIS_TIMER_START_TIME" value="1561869556496416153" />
    <property name="ant.version" value="Apache Ant(TM) version 1.10.1 compiled on February 2 2017" />
    <property name="ptII.reports" value="/home/travis/build/icyphy/ptII/reports" />
    <property name="env.TRAVIS_STACK_TIMESTAMP" value="2019-03-25 16:16:56 UTC" />
    <property name="ant.file.type.ptII" value="file" />
    <property name="env.RBENV_SHELL" value="bash" />
    <property name="os.name" value="Linux" />
    <property name="java.specification.vendor" value="Oracle Corporation" />
    <property name="env.rvm_version" value="1.29.7 (latest)" />
    <property name="env.TRAVIS_INFRA" value="unknown" />
    <property name="env.TERM" value="xterm" />
    <property name="java.vm.name" value="OpenJDK 64-Bit Server VM" />
    <property name="env.TRAVIS_BUILD_NUMBER" value="1189" />
    <property name="env.CI" value="true" />
    <property name="java.library.path" value="/home/travis/pthla/certi-tools/lib:/usr/lib/jni:/usr/local/share/OpenCV/java/:/usr/share/OpenCV/java::/usr/java/packages/lib:/usr/lib64:/lib64:/lib:/usr/lib" />
    <property name="env.rvm_prefix" value="/home/travis" />
    <property name="env.PATH" value="/home/travis/pthla/certi-tools/share/scripts:/home/travis/.rvm/gems/ruby-2.5.3/bin:/home/travis/.rvm/gems/ruby-2.5.3@global/bin:/home/travis/.rvm/rubies/ruby-2.5.3/bin:/home/travis/.rvm/bin:/home/travis/.nvm/versions/node/v7.10.1/bin:./node_modules/.bin:/home/travis/build/icyphy/ptII/bin:/home/travis/pthla/certi-tools/bin:/home/travis/bin:/home/travis/.local/bin:/usr/local/lib/jvm/openjdk11/bin:/opt/pyenv/shims:/home/travis/.phpenv/shims:/home/travis/perl5/perlbrew/bin:/home/travis/gopath/bin:/home/travis/.gimme/versions/go1.11.1.linux.amd64/bin:/usr/local/maven-3.6.0/bin:/usr/local/cmake-3.12.4/bin:/usr/local/clang-7.0.0/bin:/usr/local/sbin:/usr/local/bin:/usr/sbin:/usr/bin:/sbin:/bin:/snap/bin:/home/travis/.phpenv/bin:/opt/pyenv/bin:/home/travis/.yarn/bin" />
    <property name="env.TRAVIS_OS_NAME" value="linux" />
    <property name="ant.java.version" value="9" />
    <property name="basedir" value="/home/travis/build/icyphy/ptII" />
    <property name="java.class.version" value="55.0" />
    <property name="env.SHLVL" value="3" />
    <property name="env.LD_LIBRARY_PATH" value="/home/travis/pthla/certi-tools/lib:/usr/lib/jni:/usr/local/share/OpenCV/java/:/usr/share/OpenCV/java:" />
    <property name="env.RACK_ENV" value="test" />
    <property name="ant.home" value="/home/travis/build/icyphy/ptII/ant" />
    <property name="env.NVM_DIR" value="/home/travis/.nvm" />
    <property name="env.CERTI_FOM_PATH" value="/home/travis/pthla/certi-tools/share/federations" />
    <property name="env.TRAVIS_BUILD_ID" value="552321447" />
    <property name="env.PYENV_ROOT" value="/opt/pyenv" />
    <property name="env.TRAVIS_UID" value="2000" />
    <property name="env.NVM_BIN" value="/home/travis/.nvm/versions/node/v7.10.1/bin" />
    <property name="env.TRAVIS_COMMIT" value="bbbff3adea58fb0643306c381462affccc328551" />
    <property name="env._system_arch" value="x86_64" />
    <property name="node.executable" value="node" />
    <property name="sun.boot.library.path" value="/usr/local/lib/jvm/openjdk11/lib" />
    <property name="sun.management.compiler" value="HotSpot 64-Bit Tiered Compilers" />
    <property name="java.awt.graphicsenv" value="sun.awt.X11GraphicsEnvironment" />
    <property name="env.GOPATH" value="/home/travis/gopath" />
    <property name="ptolemy.ptII.dir" value="/home/travis/build/icyphy/ptII" />
    <property name="env.USER" value="travis" />
    <property name="env.HISTFILESIZE" value="2000" />
    <property name="timeout.longest" value="19000000" />
    <property name="env.PERLBREW_SHELLRC_VERSION" value="0.86" />
    <property name="env.TRAVIS_STACK_FEATURES" value="basic couchdb disabled-ipv6 docker docker-compose elasticsearch firefox go-toolchain google-chrome jdk memcached mongodb mysql nodejs_interpreter perl_interpreter perlbrew phantomjs postgresql python_interpreter redis ruby_interpreter sqlite xserver" />
    <property name="env.TRAVIS_PULL_REQUEST" value="false" />
    <property name="env.PYENV_SHELL" value="bash" />
    <property name="ant.project.name" value="ptII" />
    <property name="env.ANSI_RESET" value="\033[0m" />
    <property name="java.vm.specification.version" value="11" />
    <property name="env.TRAVIS_DIST" value="xenial" />
    <property name="env.CERTI_VERSION" value="4.0.0" />
    <property name="env.CERTI_HOST" value="localhost" />
    <property name="awt.toolkit" value="sun.awt.X11.XToolkit" />
    <property name="env.MY_RUBY_HOME" value="/home/travis/.rvm/rubies/ruby-2.5.3" />
    <property name="sun.cpu.isalist" value="" />
    <property name="env.TRAVIS_TMPDIR" value="/tmp/tmp.2r6fs1Qms2" />
    <property name="java.vm.compressedOopsMode" value="Zero based" />
    <property name="os.version" value="4.15.0-1028-gcp" />
    <property name="user.home" value="/home/travis" />
    <property name="java.vm.vendor" value="Oracle Corporation" />
    <property name="env.TRAVIS_TAG" value="nightly" />
    <property name="env.ANSI_YELLOW" value="\033[33;1m" />
    <property name="env.TRAVIS_FILTERED" value="redirect_io" />
    <property name="env.ANSI_GREEN" value="\033[32;1m" />
    <property name="env.JAVA_HOME" value="/usr/local/lib/jvm/openjdk11" />
    <property name="javadoc.excludepackagenames" value="adm.cvs2svn.*,build.*,config.*,doc.coding.templates.*,jni.test.jni.meaningOfLife.*,jni.test.jni.testDeux.*,jni.test.jni.testTrois.*,org.terraswarm.accessor.accessors.web.node_modules.*,org.terraswarm.accessor.accessors.web.hosts.cordova.demo.*,org.terraswarm.accessor.accessors.web.hosts.cordova.plugins.*,org.terraswarm.accessor.accessors-svn.*,pt-modules.*,ptolemy.apps.agilent.*,ptolemy.apps.anytimecontrol.*,ptolemy.apps.apes.*,ptolemy.apps.charon.*,ptolemy.apps.crazyboard.*,ptolemy.apps.eclipse.*,ptolemy.apps.etherealSting.*,ptolemy.apps.fullscreen.*,ptolemy.apps.giotto.*,ptolemy.apps.ia.*,ptolemy.apps.interfaces.*,ptolemy.apps.jmf.*,ptolemy.apps.kurt.*,ptolemy.apps.kvm.*,ptolemy.apps.lego.*,ptolemy.apps.lejos.*,ptolemy.apps.midp.*,ptolemy.apps.mobileCoding.*,ptolemy.apps.pendulum.*,ptolemy.apps.rijndael.*,ptolemy.apps.robot.*,ptolemy.apps.security.*,ptolemy.apps.sobel.*,ptolemy.apps.soot.*,ptolemy.apps.throttle.*,ptolemy.apps.tini.*,ptolemy.apps.transmission.*,ptolemy.apps.vergil.*,ptolemy.apps.waba.*,ptolemy.apps.websensor.*,ptolemy.apps.webstart.*,ptolemy.apps.xsl.*,ptolemy.apps.zaurus.*,ptolemy.codegen.c.actor.lib.oldJavaFiles.*,ptolemy.codegen.dsp.lib.*,ptolemy.codegen.kernel.newInterfaces.*,ptolemy.codegen.lib.*,ptolemy.copernicus.kernel.fragment.*,ptolemy.copernicus.shallow.cg.*,ptolemy.domains.giotto.demo.Hierarchy.Hierarchy.*,ptolemy.domains.giotto.demo.Multimode.Multimode.*,ptolemy.domains.giotto.demo.Simple.Simple.*,ptolemy.domains.gr.lib.experimental.*,ptolemy.domains.gro.*,ptolemy.domains.pdf.*,ptolemy.domains.ptinyos.demo.Surge.output.*,ptolemy.moml.test.NoPackageActor.java*,ptolemy.plot.adm.*,ptolemy.plot.servlet.*,reports.*,signed.*,src.*,target.*,vendors.*,ptolemy.copernicus.applet.*,ptolemy.media.viewer.*,ptolemy.actor.corba.*,doc.doclets.*,ptolemy.apps.eclipse.awt.*,ptolemy.backtrack.*,ptolemy.backtrack.ast.*,ptolemy.cg.adapter.generic.program.procedural.c.mbed*,ptolemy.homer.*,ptolemy.actor.lib.jjs.modules.audio.*,org.ptolemy.scala.*,diva.util.java2d.svg.*,ptolemy.domains.ptinyos.*,ptolemy.actor.lib.fmi.fmipp.*,,org.terraswarm.accessor.accessors.web.node_modules.*,org.terraswarm.accessor.accessors-svn,ptolemy.apps.*,ptolemy.actor.ptalon.demo.ptinyos.SendAndReceiveCnt.output,ptolemy.actor.ptalon.demo.ptinyos.SenseToLeds.output,ptolemy.domains.ptinyos.demo.CntToLedsAndRfm.output,ptolemy.domains.ptinyos.demo.RfmToLeds.output,ptolemy.domains.ptinyos.demo.SendAndReceiveCnt.output,ptolemy.domains.ptinyos.demo.SenseToLeds.output,ptolemy.actor.lib.jjs.modules.udpSocket.*" />
    <property name="env.PTII" value="/home/travis/build/icyphy/ptII" />
    <property name="env.XDG_SESSION_ID" value="2" />
    <property name="keystore" value="ptKeystore" />
    <property name="env.TRAVIS_COMMIT_MESSAGE" value="Attempt to force xenial distribution, hoping this will make xvfb work." />
    <property name="junit.output.dir" value="/home/travis/build/icyphy/ptII/reports/junit" />
    <property name="npm.return.code" value="0" />
    <property name="user.dir" value="/home/travis/build/icyphy/ptII/ptolemy/domains/de/test" />
    <property name="env.TRAVIS_NODE_VERSION" value="7" />
    <property name="env.TRAVIS_EVENT_TYPE" value="cron" />
    <property name="env.MAIL" value="/var/mail/travis" />
    <property name="env.PERLBREW_ROOT" value="/home/travis/perl5/perlbrew" />
    <property name="env.PWD" value="/home/travis/build/icyphy/ptII" />
    <property name="timeout.npm" value="45000" />
    <property name="env.PT_TRAVIS_TEST_CORE2_XML" value="true" />
    <property name="env.TRAVIS_ARCH" value="amd64" />
    <property name="sun.cpu.endian" value="little" />
    <property name="env.PAGER" value="cat" />
    <property name="env.TRAVIS_BUILD_STAGE_NAME" value="Test" />
    <property name="env.PERLBREW_HOME" value="/home/travis/.perlbrew" />
    <property name="java.vm.version" value="11.0.2+9" />
    <property name="env.RAILS_ENV" value="test" />
    <property name="java.class.path" value="/home/travis/build/icyphy/ptII:/home/travis/build/icyphy/ptII/lib/bsh-2.0b4.jar:/home/travis/build/icyphy/ptII/lib/ptCal.jar:/home/travis/build/icyphy/ptII/lib/java_cup.jar:/home/travis/build/icyphy/ptII/lib/saxon8.jar:/home/travis/build/icyphy/ptII/lib/saxon8-dom.jar:/home/travis/build/icyphy/ptII/lib/chic.jar:/home/travis/build/icyphy/ptII/lib/ptcolt.jar:/home/travis/build/icyphy/ptII/vendors/misc/itext/iText.jar:/home/travis/build/icyphy/ptII/lib/g4ltl.jar:/home/travis/build/icyphy/ptII/lib/StructuralCoder.jar:/home/travis/build/icyphy/ptII/vendors/jai-1_1_2_01/lib/jai_core.jar:/home/travis/build/icyphy/ptII/vendors/jai-1_1_2_01/lib/jai_codec.jar:/home/travis/build/icyphy/ptII/lib/jcerti.jar:/home/travis/build/icyphy/ptII/lib/javax.mail.jar:/home/travis/build/icyphy/ptII/vendors/JMF-2.1.1e/lib/jmf.jar:/home/travis/build/icyphy/ptII/lib/jna-4.0.0-variadic.jar:/home/travis/build/icyphy/ptII/vendors/misc/joystick/Joystick.jar:/home/travis/build/icyphy/ptII/lib/ptjacl.jar:/home/travis/build/icyphy/ptII/lib/jsoup-1.8.2.jar:/home/travis/build/icyphy/ptII/lib/junit-4.8.2.jar:/home/travis/build/icyphy/ptII/lib/JUnitParams-0.4.0.jar:/home/travis/build/icyphy/ptII/ptolemy/actor/lib/excel/jxl.jar:/home/travis/build/icyphy/ptII/lib/jython.jar:/home/travis/build/icyphy/ptII/lib/kieler.jar:/home/travis/build/icyphy/ptII/vendors/opencv/share/OpenCV/java/opencv-341.jar:/home/travis/build/icyphy/ptII/lib/oscP5.jar:/home/travis/build/icyphy/ptII/lib/nrjavaserial-3.11.0.devel.jar:/home/travis/build/icyphy/ptII/vendors/j3d/lib/j3dcore.jar:/home/travis/build/icyphy/ptII/vendors/j3d/lib/j3dutils.jar:/home/travis/build/icyphy/ptII/vendors/j3d/lib/vecmath.jar:/home/travis/build/icyphy/ptII/ptolemy/distributed/jini/jar/jini-core.jar:/home/travis/build/icyphy/ptII/ptolemy/distributed/jini/jar/jini-ext.jar:/home/travis/build/icyphy/ptII/ptolemy/distributed/jini/jar/sun-util.jar:/home/travis/build/icyphy/ptII/lib/protobuf-java-2.4.1.jar:/home/travis/build/icyphy/ptII/lib/org.eclipse.paho.client.mqttv3.jar:/home/travis/build/icyphy/ptII/lib/mapss.jar:/home/travis/build/icyphy/ptII/ptolemy/actor/ptalon/antlr/antlr.jar:/home/travis/build/icyphy/ptII/lib/JRI.jar:/home/travis/build/icyphy/ptII/lib/commons-lang-2.6.jar:/home/travis/build/icyphy/ptII/lib/commons-logging-1.1.1.jar:/home/travis/build/icyphy/ptII/lib/sootclasses.jar:/home/travis/build/icyphy/ptII/ptolemy/actor/lib/database/mysql-connector-java-5.1.6-bin.jar:/home/travis/build/icyphy/ptII/vendors/misc/sphinx4/sphinx4-data-5prealpha.jar:/home/travis/build/icyphy/ptII/vendors/misc/sphinx4/sphinx4-core-5prealpha.jar:/home/travis/build/icyphy/ptII/lib/PDFRenderer.jar:/home/travis/build/icyphy/ptII/lib/svgSalamander.jar:/home/travis/build/icyphy/ptII/lib/rsyntaxtextarea-2.6.0-SNAPSHOT.jar:/home/travis/build/icyphy/ptII/lib/hazelcast-3.8.2.jar:/home/travis/build/icyphy/ptII/lib/jackson-annotations-2.9.0.jar:/home/travis/build/icyphy/ptII/lib/jackson-core-2.9.3.jar:/home/travis/build/icyphy/ptII/lib/jackson-databind-2.9.3.jar:/home/travis/build/icyphy/ptII/lib/netty-buffer-4.1.19.Final.jar:/home/travis/build/icyphy/ptII/lib/netty-codec-4.1.19.Final.jar:/home/travis/build/icyphy/ptII/lib/netty-codec-dns-4.1.19.Final.jar:/home/travis/build/icyphy/ptII/lib/netty-codec-http-4.1.19.Final.jar:/home/travis/build/icyphy/ptII/lib/netty-codec-http2-4.1.19.Final.jar:/home/travis/build/icyphy/ptII/lib/netty-common-4.1.19.Final.jar:/home/travis/build/icyphy/ptII/lib/netty-handler-4.1.19.Final.jar:/home/travis/build/icyphy/ptII/lib/netty-resolver-4.1.19.Final.jar:/home/travis/build/icyphy/ptII/lib/netty-resolver-dns-4.1.19.Final.jar:/home/travis/build/icyphy/ptII/lib/netty-transport-4.1.19.Final.jar:/home/travis/build/icyphy/ptII/lib/vertx-codegen-3.5.1.jar:/home/travis/build/icyphy/ptII/lib/vertx-core-3.5.2-SNAPSHOT.jar:/home/travis/build/icyphy/ptII/lib/vertx-hazelcast-3.5.1.jar:/home/travis/build/icyphy/ptII/lib/vertx-lang-js-3.5.1.jar:/home/travis/build/icyphy/ptII/lib/vertx-service-proxy-3.5.1.jar:/home/travis/build/icyphy/ptII/lib/vertx-web-3.5.1.jar:/home/travis/build/icyphy/ptII/lib/slf4j-api-1.7.13.jar:/home/travis/build/icyphy/ptII/lib/slf4j-simple-1.7.13.jar:/home/travis/build/icyphy/ptII/lib/webcam-capture-0.3.12.jar:/home/travis/build/icyphy/ptII/lib/bridj-0.7.0.jar:/home/travis/build/icyphy/ptII/lib/xbjlib-1.1.0.nrjavaserial.jar:/home/travis/build/icyphy/ptII/ptolemy/moml/test:/home/travis/build/icyphy/ptII/ant/lib/ant-launcher.jar:/home/travis/build/icyphy/ptII/ant/lib/ant.jar:/home/travis/build/icyphy/ptII/ant/lib/ant-junit.jar:/home/travis/build/icyphy/ptII/ant/lib/ant-junit4.jar" />
    <property name="ant.library.dir" value="/home/travis/build/icyphy/ptII/ant/lib" />
    <property name="os.arch" value="amd64" />
    <property name="env.CONTINUOUS_INTEGRATION" value="true" />
    <property name="env.TRAVIS_LANGUAGE" value="node_js" />
    <property name="env.TRAVIS_STACK_LANGUAGES" value="__sardonyx__ c c++ clojure cplusplus cpp default generic go groovy java node_js php pure_java python ruby scala" />
    <property name="test.name" value="ptolemy.actor.lib.test.junit.JUnitTclTest" />
    <property name="env.APT_KEY_DONT_WARN_ON_DANGEROUS_USAGE" value="1" />
    <property name="sun.java.launcher" value="SUN_STANDARD" />
    <property name="env.PYTHON_CONFIGURE_OPTS" value="--enable-unicode=ucs4 --with-wide-unicode --enable-shared --enable-ipv6 --enable-loadable-sqlite-extensions --with-computed-gotos" />
    <property name="ant.core.lib" value="/home/travis/build/icyphy/ptII/ant/lib/ant.jar" />
    <property name="java.vm.specification.vendor" value="Oracle Corporation" />
    <property name="env.BCVTB_HOME" value="/home/travis/build/icyphy/ptII/lbnl" />
    <property name="file.separator" value="/" />
    <property name="spotbugs.home" value="/home/travis/build/icyphy/ptII/vendors/spotbugs-3.1.1" />
    <property name="java.runtime.version" value="11.0.2+9" />
    <property name="env.ANSI_CLEAR" value="\033[0K" />
    <property name="env.HAS_JOSH_K_SEAL_OF_APPROVAL" value="true" />
    <property name="env.XDG_RUNTIME_DIR" value="/run/user/2000" />
    <property name="env.TRAVIS_OSX_IMAGE" value="" />
    <property name="env.TRAVIS_JOB_ID" value="552321456" />
    <property name="env.TRAVIS_BRANCH" value="master" />
    <property name="user.country" value="US" />
    <property name="env.CERTI_HOME_TRAVIS" value="/home/travis/pthla/certi-tools" />
    <property name="env.SHELL" value="/bin/bash" />
    <property name="java.maxmemory.large" value="5000m" />
    <property name="model" value="" />
    <property name="env.CASHER_DIR" value="/home/travis/.casher" />
    <property name="env.NVM_CD_FLAGS" value="" />
    <property name="java.vendor.version" value="18.9" />
    <property name="jshint.executable" value="/home/travis/node_modules/jshint/bin/jshint" />
    <property name="env.JRUBY_OPTS" value=" --client -J-XX:+TieredCompilation -J-XX:TieredStopAtLevel=1 -J-Xss2m -Xcompile.invokedynamic=false" />
    <property name="java.vendor" value="Oracle Corporation" />
    <property name="env.TRAVIS_PRE_CHEF_BOOTSTRAP_TIME" value="2019-03-25T16:16:42" />
    <property name="env.TRAVIS_STACK_JOB_BOARD_REGISTER" value="/.job-board-register.yml" />
    <property name="env.ANSI_RED" value="\033[31;1m" />
    <property name="java.specification.version" value="11" />
    <property name="env.IRBRC" value="/home/travis/.rvm/rubies/ruby-2.5.3/.irbrc" />
    <property name="env.TRAVIS" value="true" />
    <property name="sun.arch.data.model" value="64" />
  </properties>
  <testcase classname="ptolemy.util.test.junit.TclTests" name="[0] /home/travis/build/icyphy/ptII/ptolemy/domains/de/test/DependencyLoop.tcl (RunTclFile)" time="1.093" />
  <testcase classname="ptolemy.util.test.junit.TclTests" name="[1] /home/travis/build/icyphy/ptII/ptolemy/domains/de/test/RunDETestsAsQSS.tcl (RunTclFile)" time="92.043" />
  <testcase classname="ptolemy.util.test.junit.AutoKnownFailedTests" name="[0] /home/travis/build/icyphy/ptII/ptolemy/domains/de/test/auto/knownFailedTests/DESDFClockTest.xml (RunModel)" time="2.037" />
  <testcase classname="ptolemy.util.test.junit.AutoKnownFailedTests" name="[1] /home/travis/build/icyphy/ptII/ptolemy/domains/de/test/auto/knownFailedTests/DirectFeedback.xml (RunModel)" time="0.024" />
  <testcase classname="ptolemy.util.test.junit.AutoKnownFailedTests" name="[2] /home/travis/build/icyphy/ptII/ptolemy/domains/de/test/auto/knownFailedTests/FSMSource.xml (RunModel)" time="0.021" />
  <testcase classname="ptolemy.util.test.junit.AutoKnownFailedTests" name="[3] /home/travis/build/icyphy/ptII/ptolemy/domains/de/test/auto/knownFailedTests/HierarchicalModel.xml (RunModel)" time="0.055" />
  <testcase classname="ptolemy.util.test.junit.AutoKnownFailedTests" name="[4] /home/travis/build/icyphy/ptII/ptolemy/domains/de/test/auto/knownFailedTests/dependencyLoop.xml (RunModel)" time="0.048" />
  <testcase classname="ptolemy.util.test.junit.AutoKnownFailedTests" name="[5] /home/travis/build/icyphy/ptII/ptolemy/domains/de/test/auto/knownFailedTests/dependencyLoop2.xml (RunModel)" time="0.052" />
  <testcase classname="ptolemy.util.test.junit.AutoNameArchTests" name="[0] ThereAreNoAutoArchTests (RunModel)" time="0.004" />
  <testcase classname="ptolemy.util.test.junit.AutoTests" name="[0] /home/travis/build/icyphy/ptII/ptolemy/domains/de/test/auto/ActorDepthCalculation_actorWithoutPorts.xml (RunModel)" time="0.029" />
  <testcase classname="ptolemy.util.test.junit.AutoTests" name="[1] /home/travis/build/icyphy/ptII/ptolemy/domains/de/test/auto/AssemblyLine.xml (RunModel)" time="0.023" />
  <testcase classname="ptolemy.util.test.junit.AutoTests" name="[2] /home/travis/build/icyphy/ptII/ptolemy/domains/de/test/auto/CQBug1.xml (RunModel)" time="0.009" />
  <testcase classname="ptolemy.util.test.junit.AutoTests" name="[3] /home/travis/build/icyphy/ptII/ptolemy/domains/de/test/auto/CancelFireAt.xml (RunModel)" time="0.007" />
  <testcase classname="ptolemy.util.test.junit.AutoTests" name="[4] /home/travis/build/icyphy/ptII/ptolemy/domains/de/test/auto/CausalityAndComposabilityAnalysis.xml (RunModel)" time="0.013" />
  <testcase classname="ptolemy.util.test.junit.AutoTests" name="[5] /home/travis/build/icyphy/ptII/ptolemy/domains/de/test/auto/CausalityInterface1.xml (RunModel)" time="0.014" />
  <testcase classname="ptolemy.util.test.junit.AutoTests" name="[6] /home/travis/build/icyphy/ptII/ptolemy/domains/de/test/auto/CausalityInterface15.xml (RunModel)" time="0.026" />
  <testcase classname="ptolemy.util.test.junit.AutoTests" name="[7] /home/travis/build/icyphy/ptII/ptolemy/domains/de/test/auto/CausalityInterface2.xml (RunModel)" time="0.012" />
  <testcase classname="ptolemy.util.test.junit.AutoTests" name="[8] /home/travis/build/icyphy/ptII/ptolemy/domains/de/test/auto/CausalityInterface3.xml (RunModel)" time="0.015" />
  <testcase classname="ptolemy.util.test.junit.AutoTests" name="[9] /home/travis/build/icyphy/ptII/ptolemy/domains/de/test/auto/ClockDrift.xml (RunModel)" time="0.04" />
  <testcase classname="ptolemy.util.test.junit.AutoTests" name="[10] /home/travis/build/icyphy/ptII/ptolemy/domains/de/test/auto/ClockDriftAndValueChange.xml (RunModel)" time="0.042" />
  <testcase classname="ptolemy.util.test.junit.AutoTests" name="[11] /home/travis/build/icyphy/ptII/ptolemy/domains/de/test/auto/ClockDriftChange.xml (RunModel)" time="0.032" />
  <testcase classname="ptolemy.util.test.junit.AutoTests" name="[12] /home/travis/build/icyphy/ptII/ptolemy/domains/de/test/auto/ComposableCausalityAnalysis.xml (RunModel)" time="0.019" />
  <testcase classname="ptolemy.util.test.junit.AutoTests" name="[13] /home/travis/build/icyphy/ptII/ptolemy/domains/de/test/auto/DEFixedPointLimitation.xml (RunModel)" time="0.011" />
  <testcase classname="ptolemy.util.test.junit.AutoTests" name="[14] /home/travis/build/icyphy/ptII/ptolemy/domains/de/test/auto/DEScheduleTest.xml (RunModel)" time="0.015" />
  <testcase classname="ptolemy.util.test.junit.AutoTests" name="[15] /home/travis/build/icyphy/ptII/ptolemy/domains/de/test/auto/DEinDEwithStartTimes.xml (RunModel)" time="0.024" />
  <testcase classname="ptolemy.util.test.junit.AutoTests" name="[16] /home/travis/build/icyphy/ptII/ptolemy/domains/de/test/auto/DEinDEwithStartTimes2.xml (RunModel)" time="0.016" />
  <testcase classname="ptolemy.util.test.junit.AutoTests" name="[17] /home/travis/build/icyphy/ptII/ptolemy/domains/de/test/auto/DateDemo.xml (RunModel)" time="0.039" />
  <testcase classname="ptolemy.util.test.junit.AutoTests" name="[18] /home/travis/build/icyphy/ptII/ptolemy/domains/de/test/auto/DateToEvent.xml (RunModel)" time="2.051" />
  <testcase classname="ptolemy.util.test.junit.AutoTests" name="[19] /home/travis/build/icyphy/ptII/ptolemy/domains/de/test/auto/DepthTest1.xml (RunModel)" time="0.011" />
  <testcase classname="ptolemy.util.test.junit.AutoTests" name="[20] /home/travis/build/icyphy/ptII/ptolemy/domains/de/test/auto/DepthTest2.xml (RunModel)" time="0.025" />
  <testcase classname="ptolemy.util.test.junit.AutoTests" name="[21] /home/travis/build/icyphy/ptII/ptolemy/domains/de/test/auto/DepthTest3.xml (RunModel)" time="0.008" />
  <testcase classname="ptolemy.util.test.junit.AutoTests" name="[22] /home/travis/build/icyphy/ptII/ptolemy/domains/de/test/auto/DepthTest4.xml (RunModel)" time="0.022" />
  <testcase classname="ptolemy.util.test.junit.AutoTests" name="[23] /home/travis/build/icyphy/ptII/ptolemy/domains/de/test/auto/DepthTest5.xml (RunModel)" time="0.019" />
  <testcase classname="ptolemy.util.test.junit.AutoTests" name="[24] /home/travis/build/icyphy/ptII/ptolemy/domains/de/test/auto/DepthTest6.xml (RunModel)" time="0.016" />
  <testcase classname="ptolemy.util.test.junit.AutoTests" name="[25] /home/travis/build/icyphy/ptII/ptolemy/domains/de/test/auto/DepthTest7.xml (RunModel)" time="0.014" />
  <testcase classname="ptolemy.util.test.junit.AutoTests" name="[26] /home/travis/build/icyphy/ptII/ptolemy/domains/de/test/auto/EventToDate.xml (RunModel)" time="3.037" />
  <testcase classname="ptolemy.util.test.junit.AutoTests" name="[27] /home/travis/build/icyphy/ptII/ptolemy/domains/de/test/auto/FSM1.xml (RunModel)" time="0.048" />
  <testcase classname="ptolemy.util.test.junit.AutoTests" name="[28] /home/travis/build/icyphy/ptII/ptolemy/domains/de/test/auto/FSM7.xml (RunModel)" time="0.05" />
  <testcase classname="ptolemy.util.test.junit.AutoTests" name="[29] /home/travis/build/icyphy/ptII/ptolemy/domains/de/test/auto/Inspection.xml (RunModel)" time="0.039" />
  <testcase classname="ptolemy.util.test.junit.AutoTests" name="[30] /home/travis/build/icyphy/ptII/ptolemy/domains/de/test/auto/Iteration.xml (RunModel)" time="0.029" />
  <testcase classname="ptolemy.util.test.junit.AutoTests" name="[31] /home/travis/build/icyphy/ptII/ptolemy/domains/de/test/auto/LineFault.xml (RunModel)" time="0.64" />
  <testcase classname="ptolemy.util.test.junit.AutoTests" name="[32] /home/travis/build/icyphy/ptII/ptolemy/domains/de/test/auto/MergeModel1Add.xml (RunModel)" time="0.055" />
  <testcase classname="ptolemy.util.test.junit.AutoTests" name="[33] /home/travis/build/icyphy/ptII/ptolemy/domains/de/test/auto/MergeModel2Add.xml (RunModel)" time="0.039" />
  <testcase classname="ptolemy.util.test.junit.AutoTests" name="[34] /home/travis/build/icyphy/ptII/ptolemy/domains/de/test/auto/MergeModel3Add.xml (RunModel)" time="0.055" />
  <testcase classname="ptolemy.util.test.junit.AutoTests" name="[35] /home/travis/build/icyphy/ptII/ptolemy/domains/de/test/auto/MergeWithoutDiscard.xml (RunModel)" time="0.012" />
  <testcase classname="ptolemy.util.test.junit.AutoTests" name="[36] /home/travis/build/icyphy/ptII/ptolemy/domains/de/test/auto/Modal1.xml (RunModel)" time="0.037" />
  <testcase classname="ptolemy.util.test.junit.AutoTests" name="[37] /home/travis/build/icyphy/ptII/ptolemy/domains/de/test/auto/Modal2.xml (RunModel)" time="0.03" />
  <testcase classname="ptolemy.util.test.junit.AutoTests" name="[38] /home/travis/build/icyphy/ptII/ptolemy/domains/de/test/auto/Modal3.xml (RunModel)" time="0.038" />
  <testcase classname="ptolemy.util.test.junit.AutoTests" name="[39] /home/travis/build/icyphy/ptII/ptolemy/domains/de/test/auto/Modal4.xml (RunModel)" time="0.034" />
  <testcase classname="ptolemy.util.test.junit.AutoTests" name="[40] /home/travis/build/icyphy/ptII/ptolemy/domains/de/test/auto/Modal5.xml (RunModel)" time="0.035" />
  <testcase classname="ptolemy.util.test.junit.AutoTests" name="[41] /home/travis/build/icyphy/ptII/ptolemy/domains/de/test/auto/Modal6.xml (RunModel)" time="0.031" />
  <testcase classname="ptolemy.util.test.junit.AutoTests" name="[42] /home/travis/build/icyphy/ptII/ptolemy/domains/de/test/auto/Modal7.xml (RunModel)" time="0.034" />
  <testcase classname="ptolemy.util.test.junit.AutoTests" name="[43] /home/travis/build/icyphy/ptII/ptolemy/domains/de/test/auto/ModalModel.xml (RunModel)" time="0.196" />
  <testcase classname="ptolemy.util.test.junit.AutoTests" name="[44] /home/travis/build/icyphy/ptII/ptolemy/domains/de/test/auto/ModalSource.xml (RunModel)" time="0.022" />
  <testcase classname="ptolemy.util.test.junit.AutoTests" name="[45] /home/travis/build/icyphy/ptII/ptolemy/domains/de/test/auto/NonInterruptibleTimerZeroDelay.xml (RunModel)" time="0.012" />
  <testcase classname="ptolemy.util.test.junit.AutoTests" name="[46] /home/travis/build/icyphy/ptII/ptolemy/domains/de/test/auto/OpenQueueingNetwork.xml (RunModel)" time="2.458" />
  <testcase classname="ptolemy.util.test.junit.AutoTests" name="[47] /home/travis/build/icyphy/ptII/ptolemy/domains/de/test/auto/OpenQueuingNetwork.xml (RunModel)" time="0.334" />
  <testcase classname="ptolemy.util.test.junit.AutoTests" name="[48] /home/travis/build/icyphy/ptII/ptolemy/domains/de/test/auto/PeriodicSampler.xml (RunModel)" time="0.009" />
  <testcase classname="ptolemy.util.test.junit.AutoTests" name="[49] /home/travis/build/icyphy/ptII/ptolemy/domains/de/test/auto/PersistentIO.xml (RunModel)" time="0.024" />
  <testcase classname="ptolemy.util.test.junit.AutoTests" name="[50] /home/travis/build/icyphy/ptII/ptolemy/domains/de/test/auto/PortParameterResetOnInitialize.xml (RunModel)" time="0.017" />
  <testcase classname="ptolemy.util.test.junit.AutoTests" name="[51] /home/travis/build/icyphy/ptII/ptolemy/domains/de/test/auto/PortParameterUpdates.xml (RunModel)" time="0.016" />
  <testcase classname="ptolemy.util.test.junit.AutoTests" name="[52] /home/travis/build/icyphy/ptII/ptolemy/domains/de/test/auto/QueueAndServer.xml (RunModel)" time="0.027" />
  <testcase classname="ptolemy.util.test.junit.AutoTests" name="[53] /home/travis/build/icyphy/ptII/ptolemy/domains/de/test/auto/Records.xml (RunModel)" time="0.022" />
  <testcase classname="ptolemy.util.test.junit.AutoTests" name="[54] /home/travis/build/icyphy/ptII/ptolemy/domains/de/test/auto/ResetTransitionWithStartTime1.xml (RunModel)" time="0.022" />
  <testcase classname="ptolemy.util.test.junit.AutoTests" name="[55] /home/travis/build/icyphy/ptII/ptolemy/domains/de/test/auto/ResetTransitionWithStartTime2.xml (RunModel)" time="0.024" />
  <testcase classname="ptolemy.util.test.junit.AutoTests" name="[56] /home/travis/build/icyphy/ptII/ptolemy/domains/de/test/auto/ResetTransitionWithStartTime3.xml (RunModel)" time="0.023" />
  <testcase classname="ptolemy.util.test.junit.AutoTests" name="[57] /home/travis/build/icyphy/ptII/ptolemy/domains/de/test/auto/ResetTransitionWithStartTime4.xml (RunModel)" time="0.02" />
  <testcase classname="ptolemy.util.test.junit.AutoTests" name="[58] /home/travis/build/icyphy/ptII/ptolemy/domains/de/test/auto/ResettableTimer1.xml (RunModel)" time="0.012" />
  <testcase classname="ptolemy.util.test.junit.AutoTests" name="[59] /home/travis/build/icyphy/ptII/ptolemy/domains/de/test/auto/ResettableTimer2.xml (RunModel)" time="0.011" />
  <testcase classname="ptolemy.util.test.junit.AutoTests" name="[60] /home/travis/build/icyphy/ptII/ptolemy/domains/de/test/auto/ResettableTimer3.xml (RunModel)" time="0.009" />
  <testcase classname="ptolemy.util.test.junit.AutoTests" name="[61] /home/travis/build/icyphy/ptII/ptolemy/domains/de/test/auto/ResettableTimer4.xml (RunModel)" time="0.012" />
  <testcase classname="ptolemy.util.test.junit.AutoTests" name="[62] /home/travis/build/icyphy/ptII/ptolemy/domains/de/test/auto/ResettableTimer5.xml (RunModel)" time="0.011" />
  <testcase classname="ptolemy.util.test.junit.AutoTests" name="[63] /home/travis/build/icyphy/ptII/ptolemy/domains/de/test/auto/ResettableTimer6.xml (RunModel)" time="0.019" />
  <testcase classname="ptolemy.util.test.junit.AutoTests" name="[64] /home/travis/build/icyphy/ptII/ptolemy/domains/de/test/auto/ServerZeroDelay.xml (RunModel)" time="0.012" />
  <testcase classname="ptolemy.util.test.junit.AutoTests" name="[65] /home/travis/build/icyphy/ptII/ptolemy/domains/de/test/auto/SmartSender.xml (RunModel)" time="3.009" />
  <testcase classname="ptolemy.util.test.junit.AutoTests" name="[66] /home/travis/build/icyphy/ptII/ptolemy/domains/de/test/auto/ThreadedComposite.xml (RunModel)" time="0.23" />
  <testcase classname="ptolemy.util.test.junit.AutoTests" name="[67] /home/travis/build/icyphy/ptII/ptolemy/domains/de/test/auto/Time.xml (RunModel)" time="0.443" />
  <testcase classname="ptolemy.util.test.junit.AutoTests" name="[68] /home/travis/build/icyphy/ptII/ptolemy/domains/de/test/auto/TimeDelayZeroDelay.xml (RunModel)" time="0.013" />
  <testcase classname="ptolemy.util.test.junit.AutoTests" name="[69] /home/travis/build/icyphy/ptII/ptolemy/domains/de/test/auto/TimerZeroDelay.xml (RunModel)" time="0.012" />
  <testcase classname="ptolemy.util.test.junit.AutoTests" name="[70] /home/travis/build/icyphy/ptII/ptolemy/domains/de/test/auto/TimingParadox.xml (RunModel)" time="0.359" />
  <testcase classname="ptolemy.util.test.junit.AutoTests" name="[71] /home/travis/build/icyphy/ptII/ptolemy/domains/de/test/auto/TransferInputs.xml (RunModel)" time="0.02" />
  <testcase classname="ptolemy.util.test.junit.AutoTests" name="[72] /home/travis/build/icyphy/ptII/ptolemy/domains/de/test/auto/TransferOutputs2.xml (RunModel)" time="0.016" />
  <testcase classname="ptolemy.util.test.junit.AutoTests" name="[73] /home/travis/build/icyphy/ptII/ptolemy/domains/de/test/auto/Trilateration.xml (RunModel)" time="13.182" />
  <testcase classname="ptolemy.util.test.junit.AutoTests" name="[74] /home/travis/build/icyphy/ptII/ptolemy/domains/de/test/auto/TwoSigmaDelta.xml (RunModel)" time="2.241" />
  <testcase classname="ptolemy.util.test.junit.AutoTests" name="[75] /home/travis/build/icyphy/ptII/ptolemy/domains/de/test/auto/VariableDelay.xml (RunModel)" time="0.018" />
  <testcase classname="ptolemy.util.test.junit.AutoTests" name="[76] /home/travis/build/icyphy/ptII/ptolemy/domains/de/test/auto/VariableDelay2.xml (RunModel)" time="0.019" />
  <testcase classname="ptolemy.util.test.junit.AutoTests" name="[77] /home/travis/build/icyphy/ptII/ptolemy/domains/de/test/auto/VariableDelayZeroDelay.xml (RunModel)" time="0.019" />
  <testcase classname="ptolemy.util.test.junit.AutoTests" name="[78] /home/travis/build/icyphy/ptII/ptolemy/domains/de/test/auto/VariableDelayZeroDelay2.xml (RunModel)" time="0.011" />
  <testcase classname="ptolemy.util.test.junit.AutoTests" name="[79] /home/travis/build/icyphy/ptII/ptolemy/domains/de/test/auto/deInCt.xml (RunModel)" time="0.022" />
  <testcase classname="ptolemy.util.test.junit.AutoTests" name="[80] /home/travis/build/icyphy/ptII/ptolemy/domains/de/test/auto/deInCt2.xml (RunModel)" time="0.02" />
  <testcase classname="ptolemy.util.test.junit.AutoTests" name="[81] /home/travis/build/icyphy/ptII/ptolemy/domains/de/test/auto/dynamicCausalityInterface1.xml (RunModel)" time="0.023" />
  <testcase classname="ptolemy.util.test.junit.AutoTests" name="[82] /home/travis/build/icyphy/ptII/ptolemy/domains/de/test/auto/fsm_de_test.xml (RunModel)" time="0.029" />
  <testcase classname="ptolemy.util.test.junit.AutoTests" name="[83] /home/travis/build/icyphy/ptII/ptolemy/domains/de/test/auto/functionDependencyReconstruction.xml (RunModel)" time="0.033" />
  <testcase classname="ptolemy.util.test.junit.AutoTests" name="[84] /home/travis/build/icyphy/ptII/ptolemy/domains/de/test/auto/multirate.xml (RunModel)" time="0.018" />
  <testcase classname="ptolemy.util.test.junit.AutoTests" name="[85] /home/travis/build/icyphy/ptII/ptolemy/domains/de/test/auto/multirate2.xml (RunModel)" time="0.018" />
  <testcase classname="ptolemy.util.test.junit.AutoTests" name="[86] /home/travis/build/icyphy/ptII/ptolemy/domains/de/test/auto/realtime.xml (RunModel)" time="10.014" />
  <testcase classname="ptolemy.util.test.junit.AutoTests" name="[87] /home/travis/build/icyphy/ptII/ptolemy/domains/de/test/auto/relationGroup.xml (RunModel)" time="0.015" />
  <testcase classname="ptolemy.util.test.junit.AutoTests" name="[88] /home/travis/build/icyphy/ptII/ptolemy/domains/de/test/auto/relationGroup2.xml (RunModel)" time="0.008" />
  <testcase classname="ptolemy.util.test.junit.AutoTests" name="[89] /home/travis/build/icyphy/ptII/ptolemy/domains/de/test/auto/sortWithOpaquePorts.xml (RunModel)" time="0.011" />
  <testcase classname="ptolemy.util.test.junit.AutoTests" name="[90] /home/travis/build/icyphy/ptII/ptolemy/domains/de/test/auto/transferInputsandOutputs.xml (RunModel)" time="0.016" />
  <testcase classname="ptolemy.util.test.junit.AutoTests" name="[91] /home/travis/build/icyphy/ptII/ptolemy/domains/de/test/auto/triggerType.xml (RunModel)" time="0.013" />
  <system-out><![CDATA[/home/travis/build/icyphy/ptII/ptolemy/domains/de/test/DependencyLoop.tcl
testDefs.tcl: setting time out to 9000 seconds at Sun Jun 30 04:43:07 UTC 2019
116 ms. Memory: 120832K Free: 99491K (82%)
32 ms. Memory: 163840K Free: 146393K (89%)
/home/travis/build/icyphy/ptII/ptolemy/domains/de/test/RunDETestsAsQSS.tcl
Run the DE tests using ptolemy.domains.qss.test.QSSDirectorTest, which extends QSSDirector and prints a message in the constructors.
------------------ testing $PTII/ptolemy/domains/de/test/auto/knownFailedTests/DirectFeedback.xml (Known Failure) 
66 ms. Memory: 163840K Free: 141343K (86%)


==== $PTIIhome/travis/build/icyphy/ptII/ptolemy/domains/de/test/../../../../: Auto Automatic test in file $PTII/ptolemy/domains/de/test/auto/knownFailedTests/DirectFeedback.xml
==== Contents of test case:

	    # FIXME: we should use $relativeFilename here, but it
	    # might have backslashes under Windows, which causes no end
	    # of trouble.
	    createAndExecute $file
	    list {}
	
.... Test generated KNOWN error:
    while executing
ptolemy.kernel.util.IllegalActionException: Test fails in iteration 1.
Value was: 1.0. Should have been: 2.0
  in .DirectFeedback.Test
	at ptolemy.actor.lib.Test.fire(Test.java:268)
	at ptolemy.domains.de.kernel.DEDirector._fire(DEDirector.java:1949)
	at ptolemy.domains.de.kernel.DEDirector.fire(DEDirector.java:502)
	at ptolemy.actor.CompositeActor.fire(CompositeActor.java:455)
	at ptolemy.actor.Manager.iterate(Manager.java:851)
	at ptolemy.actor.Manager.execute(Manager.java:369)
	at ptolemy.actor.Manager.run(Manager.java:1263)
	at ptolemy.actor.Manager$PtolemyRunThread.run(Manager.java:1915)

    while executing
ptolemy.kernel.util.IllegalActionException: Test fails in iteration 1.
Value was: 1.0. Should have been: 2.0
  in .DirectFeedback.Test
    while executing
"java::new ptolemy.moml.MoMLSimpleApplication $file
"
    (procedure "createAndExecute" line 2)
    invoked from within
"createAndExecute $file"
    ("uplevel" body line 5)
    invoked from within
"uplevel $contents_of_test"
------------------ testing $PTII/ptolemy/domains/de/test/auto/knownFailedTests/dependencyLoop.xml (Known Failure) 
20 ms. Memory: 163840K Free: 138644K (85%)


==== $PTIIhome/travis/build/icyphy/ptII/ptolemy/domains/de/test/../../../../: Auto Automatic test in file $PTII/ptolemy/domains/de/test/auto/knownFailedTests/dependencyLoop.xml
==== Contents of test case:

	    # FIXME: we should use $relativeFilename here, but it
	    # might have backslashes under Windows, which causes no end
	    # of trouble.
	    createAndExecute $file
	    list {}
	
.... Test generated KNOWN error:
    while executing
ptolemy.kernel.util.IllegalActionException: Found a zero delay loop containing .dependencyLoop.original
  in .dependencyLoop and .dependencyLoop.original
	at ptolemy.actor.util.CausalityInterfaceForComposites._computeOutputPortDepth(CausalityInterfaceForComposites.java:759)
	at ptolemy.actor.util.CausalityInterfaceForComposites._computeInputDepth(CausalityInterfaceForComposites.java:696)
	at ptolemy.actor.util.CausalityInterfaceForComposites._computeOutputPortDepth(CausalityInterfaceForComposites.java:765)
	at ptolemy.actor.util.CausalityInterfaceForComposites._computeInputDepth(CausalityInterfaceForComposites.java:696)
	at ptolemy.actor.util.CausalityInterfaceForComposites._computeOutputPortDepth(CausalityInterfaceForComposites.java:765)
	at ptolemy.actor.util.CausalityInterfaceForComposites._computeInputDepth(CausalityInterfaceForComposites.java:696)
	at ptolemy.actor.util.CausalityInterfaceForComposites._computeActorDepth(CausalityInterfaceForComposites.java:532)
	at ptolemy.actor.util.CausalityInterfaceForComposites.checkForCycles(CausalityInterfaceForComposites.java:96)
	at ptolemy.domains.de.kernel.DEDirector.preinitialize(DEDirector.java:1338)
	at ptolemy.actor.CompositeActor.preinitialize(CompositeActor.java:1828)
	at ptolemy.actor.Manager.preinitializeAndResolveTypes(Manager.java:1040)
	at ptolemy.actor.Manager.initialize(Manager.java:710)
	at ptolemy.actor.Manager.execute(Manager.java:356)
	at ptolemy.actor.Manager.run(Manager.java:1263)
	at ptolemy.actor.Manager$PtolemyRunThread.run(Manager.java:1915)

    while executing
ptolemy.kernel.util.IllegalActionException: Found a zero delay loop containing .dependencyLoop.original
  in .dependencyLoop and .dependencyLoop.original
    while executing
"java::new ptolemy.moml.MoMLSimpleApplication $file
"
    (procedure "createAndExecute" line 2)
    invoked from within
"createAndExecute $file"
    ("uplevel" body line 5)
    invoked from within
"uplevel $contents_of_test"
------------------ testing $PTII/ptolemy/domains/de/test/auto/knownFailedTests/FSMSource.xml (Known Failure) 
77 ms. Memory: 163840K Free: 130065K (79%)
!!!! Auto was marked as failing, but now passes
------------------ testing $PTII/ptolemy/domains/de/test/auto/knownFailedTests/HierarchicalModel.xml (Known Failure) 
13 ms. Memory: 163840K Free: 143733K (88%)


==== $PTIIhome/travis/build/icyphy/ptII/ptolemy/domains/de/test/../../../../: Auto Automatic test in file $PTII/ptolemy/domains/de/test/auto/knownFailedTests/HierarchicalModel.xml
==== Contents of test case:

	    # FIXME: we should use $relativeFilename here, but it
	    # might have backslashes under Windows, which causes no end
	    # of trouble.
	    createAndExecute $file
	    list {}
	
.... Test generated KNOWN error:
    while executing
ptolemy.kernel.util.IllegalActionException: Found a zero delay loop containing .HierarchicalModel.A
  in .HierarchicalModel and .HierarchicalModel.A
	at ptolemy.actor.util.CausalityInterfaceForComposites._computeOutputPortDepth(CausalityInterfaceForComposites.java:759)
	at ptolemy.actor.util.CausalityInterfaceForComposites._computeInputDepth(CausalityInterfaceForComposites.java:696)
	at ptolemy.actor.util.CausalityInterfaceForComposites._computeOutputPortDepth(CausalityInterfaceForComposites.java:765)
	at ptolemy.actor.util.CausalityInterfaceForComposites._computeInputDepth(CausalityInterfaceForComposites.java:696)
	at ptolemy.actor.util.CausalityInterfaceForComposites._computeOutputPortDepth(CausalityInterfaceForComposites.java:765)
	at ptolemy.actor.util.CausalityInterfaceForComposites._computeInputDepth(CausalityInterfaceForComposites.java:696)
	at ptolemy.actor.util.CausalityInterfaceForComposites._computeActorDepth(CausalityInterfaceForComposites.java:532)
	at ptolemy.actor.util.CausalityInterfaceForComposites.checkForCycles(CausalityInterfaceForComposites.java:96)
	at ptolemy.domains.de.kernel.DEDirector.preinitialize(DEDirector.java:1338)
	at ptolemy.actor.CompositeActor.preinitialize(CompositeActor.java:1828)
	at ptolemy.actor.Manager.preinitializeAndResolveTypes(Manager.java:1040)
	at ptolemy.actor.Manager.initialize(Manager.java:710)
	at ptolemy.actor.Manager.execute(Manager.java:356)
	at ptolemy.actor.Manager.run(Manager.java:1263)
	at ptolemy.actor.Manager$PtolemyRunThread.run(Manager.java:1915)

    while executing
ptolemy.kernel.util.IllegalActionException: Found a zero delay loop containing .HierarchicalModel.A
  in .HierarchicalModel and .HierarchicalModel.A
    while executing
"java::new ptolemy.moml.MoMLSimpleApplication $file
"
    (procedure "createAndExecute" line 2)
    invoked from within
"createAndExecute $file"
    ("uplevel" body line 5)
    invoked from within
"uplevel $contents_of_test"
------------------ testing $PTII/ptolemy/domains/de/test/auto/knownFailedTests/dependencyLoop2.xml (Known Failure) 
13 ms. Memory: 163840K Free: 127322K (78%)


==== $PTIIhome/travis/build/icyphy/ptII/ptolemy/domains/de/test/../../../../: Auto Automatic test in file $PTII/ptolemy/domains/de/test/auto/knownFailedTests/dependencyLoop2.xml
==== Contents of test case:

	    # FIXME: we should use $relativeFilename here, but it
	    # might have backslashes under Windows, which causes no end
	    # of trouble.
	    createAndExecute $file
	    list {}
	
.... Test generated KNOWN error:
    while executing
ptolemy.kernel.util.IllegalActionException: Found a zero delay loop containing .dependencyLoop2.original
  in .dependencyLoop2 and .dependencyLoop2.original
	at ptolemy.actor.util.CausalityInterfaceForComposites._computeOutputPortDepth(CausalityInterfaceForComposites.java:759)
	at ptolemy.actor.util.CausalityInterfaceForComposites._computeInputDepth(CausalityInterfaceForComposites.java:696)
	at ptolemy.actor.util.CausalityInterfaceForComposites._computeOutputPortDepth(CausalityInterfaceForComposites.java:765)
	at ptolemy.actor.util.CausalityInterfaceForComposites._computeInputDepth(CausalityInterfaceForComposites.java:696)
	at ptolemy.actor.util.CausalityInterfaceForComposites._computeOutputPortDepth(CausalityInterfaceForComposites.java:765)
	at ptolemy.actor.util.CausalityInterfaceForComposites._computeInputDepth(CausalityInterfaceForComposites.java:696)
	at ptolemy.actor.util.CausalityInterfaceForComposites._computeActorDepth(CausalityInterfaceForComposites.java:532)
	at ptolemy.actor.util.CausalityInterfaceForComposites.checkForCycles(CausalityInterfaceForComposites.java:96)
	at ptolemy.domains.de.kernel.DEDirector.preinitialize(DEDirector.java:1338)
	at ptolemy.actor.CompositeActor.preinitialize(CompositeActor.java:1828)
	at ptolemy.actor.Manager.preinitializeAndResolveTypes(Manager.java:1040)
	at ptolemy.actor.Manager.initialize(Manager.java:710)
	at ptolemy.actor.Manager.execute(Manager.java:356)
	at ptolemy.actor.Manager.run(Manager.java:1263)
	at ptolemy.actor.Manager$PtolemyRunThread.run(Manager.java:1915)

    while executing
ptolemy.kernel.util.IllegalActionException: Found a zero delay loop containing .dependencyLoop2.original
  in .dependencyLoop2 and .dependencyLoop2.original
    while executing
"java::new ptolemy.moml.MoMLSimpleApplication $file
"
    (procedure "createAndExecute" line 2)
    invoked from within
"createAndExecute $file"
    ("uplevel" body line 5)
    invoked from within
"uplevel $contents_of_test"
------------------ testing $PTII/ptolemy/domains/de/test/auto/knownFailedTests/DESDFClockTest.xml (Known Failure) 
2054 ms. Memory: 163840K Free: 114600K (70%)


==== $PTIIhome/travis/build/icyphy/ptII/ptolemy/domains/de/test/../../../../: Auto Automatic test in file $PTII/ptolemy/domains/de/test/auto/knownFailedTests/DESDFClockTest.xml
==== Contents of test case:

	    # FIXME: we should use $relativeFilename here, but it
	    # might have backslashes under Windows, which causes no end
	    # of trouble.
	    createAndExecute $file
	    list {}
	
.... Test generated KNOWN error:
    while executing
ptolemy.kernel.util.IllegalActionException: Actor is not ready to fire.  Perhaps UpSample.prefire() returned false? Try debugging the actor by selecting "Listen to Actor".  Also, for SDF check moml for tokenConsumptionRate on input.
  in .DESDFClockTest.Play Bell.Copy1:SDF Director and .DESDFClockTest.Play Bell.UpSample
	at ptolemy.actor.sched.StaticSchedulingDirector.fire(StaticSchedulingDirector.java:227)
	at ptolemy.domains.sdf.kernel.SDFDirector.fire(SDFDirector.java:500)
	at ptolemy.actor.CompositeActor.fire(CompositeActor.java:455)
	at ptolemy.domains.de.kernel.DEDirector._fire(DEDirector.java:1949)
	at ptolemy.domains.de.kernel.DEDirector.fire(DEDirector.java:502)
	at ptolemy.actor.CompositeActor.fire(CompositeActor.java:455)
	at ptolemy.actor.Manager.iterate(Manager.java:851)
	at ptolemy.actor.Manager.execute(Manager.java:369)
	at ptolemy.actor.Manager.run(Manager.java:1263)
	at ptolemy.actor.Manager$PtolemyRunThread.run(Manager.java:1915)

    while executing
ptolemy.kernel.util.IllegalActionException: Actor is not ready to fire.  Perhaps UpSample.prefire() returned false? Try debugging the actor by selecting "Listen to Actor".  Also, for SDF check moml for tokenConsumptionRate on input.
  in .DESDFClockTest.Play Bell.Copy1:SDF Director and .DESDFClockTest.Play Bell.UpSample
    while executing
"java::new ptolemy.moml.MoMLSimpleApplication $file
"
    (procedure "createAndExecute" line 2)
    invoked from within
"createAndExecute $file"
    ("uplevel" body line 5)
    invoked from within
"uplevel $contents_of_test"
------------------ testing $PTII/ptolemy/domains/de/test/auto/ActorDepthCalculation_actorWithoutPorts.xml
auto.tcl: Setting watchdog for 200 seconds at Sun Jun 30 04:43:11 UTC 2019
5 ms. Memory: 163840K Free: 107863K (66%)
ptolemy.util.test.WatchDog.cancel(): canceling Sun Jun 30 04:43:11 UTC 2019
auto.tcl: Setting watchdog for 200 seconds at Sun Jun 30 04:43:11 UTC 2019
9 ms. Memory: 163840K Free: 106308K (65%)
ptolemy.util.test.WatchDog.cancel(): canceling Sun Jun 30 04:43:11 UTC 2019
------------------ testing $PTII/ptolemy/domains/de/test/auto/AssemblyLine.xml
auto.tcl: Setting watchdog for 200 seconds at Sun Jun 30 04:43:12 UTC 2019
9 ms. Memory: 48128K Free: 26519K (55%)
ptolemy.util.test.WatchDog.cancel(): canceling Sun Jun 30 04:43:12 UTC 2019
auto.tcl: Setting watchdog for 200 seconds at Sun Jun 30 04:43:12 UTC 2019
11 ms. Memory: 48128K Free: 25976K (54%)
ptolemy.util.test.WatchDog.cancel(): canceling Sun Jun 30 04:43:12 UTC 2019
------------------ testing $PTII/ptolemy/domains/de/test/auto/CQBug1.xml
auto.tcl: Setting watchdog for 200 seconds at Sun Jun 30 04:43:12 UTC 2019
2 ms. Memory: 48128K Free: 32323K (67%)
ptolemy.util.test.WatchDog.cancel(): canceling Sun Jun 30 04:43:12 UTC 2019
auto.tcl: Setting watchdog for 200 seconds at Sun Jun 30 04:43:12 UTC 2019
2 ms. Memory: 48128K Free: 31781K (66%)
ptolemy.util.test.WatchDog.cancel(): canceling Sun Jun 30 04:43:12 UTC 2019
------------------ testing $PTII/ptolemy/domains/de/test/auto/CancelFireAt.xml
auto.tcl: Setting watchdog for 200 seconds at Sun Jun 30 04:43:12 UTC 2019
3 ms. Memory: 45056K Free: 30216K (67%)
ptolemy.util.test.WatchDog.cancel(): canceling Sun Jun 30 04:43:12 UTC 2019
auto.tcl: Setting watchdog for 200 seconds at Sun Jun 30 04:43:12 UTC 2019
2 ms. Memory: 45056K Free: 29676K (66%)
ptolemy.util.test.WatchDog.cancel(): canceling Sun Jun 30 04:43:12 UTC 2019
------------------ testing $PTII/ptolemy/domains/de/test/auto/CausalityAndComposabilityAnalysis.xml
auto.tcl: Setting watchdog for 200 seconds at Sun Jun 30 04:43:12 UTC 2019
18 ms. Memory: 45056K Free: 28237K (63%)
ptolemy.util.test.WatchDog.cancel(): canceling Sun Jun 30 04:43:12 UTC 2019
auto.tcl: Setting watchdog for 200 seconds at Sun Jun 30 04:43:12 UTC 2019
14 ms. Memory: 45056K Free: 27697K (61%)
ptolemy.util.test.WatchDog.cancel(): canceling Sun Jun 30 04:43:12 UTC 2019
------------------ testing $PTII/ptolemy/domains/de/test/auto/CausalityInterface1.xml
auto.tcl: Setting watchdog for 200 seconds at Sun Jun 30 04:43:12 UTC 2019
30 ms. Memory: 45056K Free: 26997K (60%)
ptolemy.util.test.WatchDog.cancel(): canceling Sun Jun 30 04:43:12 UTC 2019
auto.tcl: Setting watchdog for 200 seconds at Sun Jun 30 04:43:12 UTC 2019
5 ms. Memory: 45056K Free: 26016K (58%)
ptolemy.util.test.WatchDog.cancel(): canceling Sun Jun 30 04:43:12 UTC 2019
------------------ testing $PTII/ptolemy/domains/de/test/auto/CausalityInterface15.xml
auto.tcl: Setting watchdog for 200 seconds at Sun Jun 30 04:43:12 UTC 2019
7 ms. Memory: 45056K Free: 26892K (60%)
ptolemy.util.test.WatchDog.cancel(): canceling Sun Jun 30 04:43:12 UTC 2019
auto.tcl: Setting watchdog for 200 seconds at Sun Jun 30 04:43:12 UTC 2019
4 ms. Memory: 45056K Free: 25982K (58%)
ptolemy.util.test.WatchDog.cancel(): canceling Sun Jun 30 04:43:12 UTC 2019
------------------ testing $PTII/ptolemy/domains/de/test/auto/CausalityInterface2.xml
auto.tcl: Setting watchdog for 200 seconds at Sun Jun 30 04:43:12 UTC 2019
9 ms. Memory: 45056K Free: 27558K (61%)
ptolemy.util.test.WatchDog.cancel(): canceling Sun Jun 30 04:43:12 UTC 2019
auto.tcl: Setting watchdog for 200 seconds at Sun Jun 30 04:43:12 UTC 2019
4 ms. Memory: 45056K Free: 26968K (60%)
ptolemy.util.test.WatchDog.cancel(): canceling Sun Jun 30 04:43:13 UTC 2019
------------------ testing $PTII/ptolemy/domains/de/test/auto/CausalityInterface3.xml
auto.tcl: Setting watchdog for 200 seconds at Sun Jun 30 04:43:13 UTC 2019
7 ms. Memory: 45056K Free: 27547K (61%)
ptolemy.util.test.WatchDog.cancel(): canceling Sun Jun 30 04:43:13 UTC 2019
auto.tcl: Setting watchdog for 200 seconds at Sun Jun 30 04:43:13 UTC 2019
7 ms. Memory: 45056K Free: 26773K (59%)
ptolemy.util.test.WatchDog.cancel(): canceling Sun Jun 30 04:43:13 UTC 2019
------------------ testing $PTII/ptolemy/domains/de/test/auto/ClockDrift.xml
auto.tcl: Setting watchdog for 200 seconds at Sun Jun 30 04:43:13 UTC 2019
115 ms. Memory: 45056K Free: 19783K (44%)
ptolemy.util.test.WatchDog.cancel(): canceling Sun Jun 30 04:43:13 UTC 2019
auto.tcl: Setting watchdog for 200 seconds at Sun Jun 30 04:43:13 UTC 2019
74 ms. Memory: 54272K Free: 40759K (75%)
ptolemy.util.test.WatchDog.cancel(): canceling Sun Jun 30 04:43:13 UTC 2019
------------------ testing $PTII/ptolemy/domains/de/test/auto/ClockDriftAndValueChange.xml
auto.tcl: Setting watchdog for 200 seconds at Sun Jun 30 04:43:13 UTC 2019
46 ms. Memory: 48128K Free: 23054K (48%)
ptolemy.util.test.WatchDog.cancel(): canceling Sun Jun 30 04:43:13 UTC 2019
auto.tcl: Setting watchdog for 200 seconds at Sun Jun 30 04:43:13 UTC 2019
28 ms. Memory: 48128K Free: 20040K (42%)
ptolemy.util.test.WatchDog.cancel(): canceling Sun Jun 30 04:43:13 UTC 2019
------------------ testing $PTII/ptolemy/domains/de/test/auto/ClockDriftChange.xml
auto.tcl: Setting watchdog for 200 seconds at Sun Jun 30 04:43:13 UTC 2019
25 ms. Memory: 48128K Free: 24856K (52%)
ptolemy.util.test.WatchDog.cancel(): canceling Sun Jun 30 04:43:13 UTC 2019
auto.tcl: Setting watchdog for 200 seconds at Sun Jun 30 04:43:13 UTC 2019
23 ms. Memory: 48128K Free: 22078K (46%)
ptolemy.util.test.WatchDog.cancel(): canceling Sun Jun 30 04:43:13 UTC 2019
------------------ testing $PTII/ptolemy/domains/de/test/auto/ComposableCausalityAnalysis.xml
auto.tcl: Setting watchdog for 200 seconds at Sun Jun 30 04:43:13 UTC 2019
6 ms. Memory: 48128K Free: 29360K (61%)
ptolemy.util.test.WatchDog.cancel(): canceling Sun Jun 30 04:43:13 UTC 2019
auto.tcl: Setting watchdog for 200 seconds at Sun Jun 30 04:43:13 UTC 2019
5 ms. Memory: 48128K Free: 28544K (59%)
ptolemy.util.test.WatchDog.cancel(): canceling Sun Jun 30 04:43:13 UTC 2019
------------------ testing $PTII/ptolemy/domains/de/test/auto/DEFixedPointLimitation.xml
auto.tcl: Setting watchdog for 200 seconds at Sun Jun 30 04:43:13 UTC 2019
2 ms. Memory: 45056K Free: 27663K (61%)
ptolemy.util.test.WatchDog.cancel(): canceling Sun Jun 30 04:43:13 UTC 2019
auto.tcl: Setting watchdog for 200 seconds at Sun Jun 30 04:43:13 UTC 2019
2 ms. Memory: 45056K Free: 26913K (60%)
ptolemy.util.test.WatchDog.cancel(): canceling Sun Jun 30 04:43:13 UTC 2019
------------------ testing $PTII/ptolemy/domains/de/test/auto/DEScheduleTest.xml
auto.tcl: Setting watchdog for 200 seconds at Sun Jun 30 04:43:13 UTC 2019
4 ms. Memory: 45056K Free: 28092K (62%)
ptolemy.util.test.WatchDog.cancel(): canceling Sun Jun 30 04:43:13 UTC 2019
auto.tcl: Setting watchdog for 200 seconds at Sun Jun 30 04:43:13 UTC 2019
4 ms. Memory: 45056K Free: 27253K (60%)
ptolemy.util.test.WatchDog.cancel(): canceling Sun Jun 30 04:43:13 UTC 2019
------------------ testing $PTII/ptolemy/domains/de/test/auto/DEinDEwithStartTimes.xml
auto.tcl: Setting watchdog for 200 seconds at Sun Jun 30 04:43:14 UTC 2019
7 ms. Memory: 45056K Free: 26435K (59%)
ptolemy.util.test.WatchDog.cancel(): canceling Sun Jun 30 04:43:14 UTC 2019
auto.tcl: Setting watchdog for 200 seconds at Sun Jun 30 04:43:14 UTC 2019
3 ms. Memory: 45056K Free: 25156K (56%)
ptolemy.util.test.WatchDog.cancel(): canceling Sun Jun 30 04:43:14 UTC 2019
------------------ testing $PTII/ptolemy/domains/de/test/auto/DEinDEwithStartTimes2.xml
auto.tcl: Setting watchdog for 200 seconds at Sun Jun 30 04:43:14 UTC 2019
13 ms. Memory: 45056K Free: 25548K (57%)
ptolemy.util.test.WatchDog.cancel(): canceling Sun Jun 30 04:43:14 UTC 2019
auto.tcl: Setting watchdog for 200 seconds at Sun Jun 30 04:43:14 UTC 2019
4 ms. Memory: 45056K Free: 24283K (54%)
ptolemy.util.test.WatchDog.cancel(): canceling Sun Jun 30 04:43:14 UTC 2019
------------------ testing $PTII/ptolemy/domains/de/test/auto/DateDemo.xml
auto.tcl: Setting watchdog for 200 seconds at Sun Jun 30 04:43:14 UTC 2019
15 ms. Memory: 45056K Free: 20285K (45%)
ptolemy.util.test.WatchDog.cancel(): canceling Sun Jun 30 04:43:14 UTC 2019
auto.tcl: Setting watchdog for 200 seconds at Sun Jun 30 04:43:14 UTC 2019
13 ms. Memory: 45056K Free: 18669K (41%)
ptolemy.util.test.WatchDog.cancel(): canceling Sun Jun 30 04:43:14 UTC 2019
------------------ testing $PTII/ptolemy/domains/de/test/auto/DateToEvent.xml
auto.tcl: Setting watchdog for 200 seconds at Sun Jun 30 04:43:14 UTC 2019
2012 ms. Memory: 45056K Free: 15675K (35%)
ptolemy.util.test.WatchDog.cancel(): canceling Sun Jun 30 04:43:16 UTC 2019
auto.tcl: Setting watchdog for 200 seconds at Sun Jun 30 04:43:16 UTC 2019
2010 ms. Memory: 45056K Free: 14821K (33%)
ptolemy.util.test.WatchDog.cancel(): canceling Sun Jun 30 04:43:18 UTC 2019
------------------ testing $PTII/ptolemy/domains/de/test/auto/DepthTest1.xml
auto.tcl: Setting watchdog for 200 seconds at Sun Jun 30 04:43:18 UTC 2019
6 ms. Memory: 45056K Free: 28899K (64%)
ptolemy.util.test.WatchDog.cancel(): canceling Sun Jun 30 04:43:18 UTC 2019
auto.tcl: Setting watchdog for 200 seconds at Sun Jun 30 04:43:18 UTC 2019
2 ms. Memory: 45056K Free: 28509K (63%)
ptolemy.util.test.WatchDog.cancel(): canceling Sun Jun 30 04:43:18 UTC 2019
------------------ testing $PTII/ptolemy/domains/de/test/auto/DepthTest2.xml
auto.tcl: Setting watchdog for 200 seconds at Sun Jun 30 04:43:18 UTC 2019
3 ms. Memory: 45056K Free: 25757K (57%)
ptolemy.util.test.WatchDog.cancel(): canceling Sun Jun 30 04:43:18 UTC 2019
auto.tcl: Setting watchdog for 200 seconds at Sun Jun 30 04:43:18 UTC 2019
3 ms. Memory: 45056K Free: 25150K (56%)
ptolemy.util.test.WatchDog.cancel(): canceling Sun Jun 30 04:43:18 UTC 2019
------------------ testing $PTII/ptolemy/domains/de/test/auto/DepthTest3.xml
auto.tcl: Setting watchdog for 200 seconds at Sun Jun 30 04:43:18 UTC 2019
3 ms. Memory: 45056K Free: 29252K (65%)
ptolemy.util.test.WatchDog.cancel(): canceling Sun Jun 30 04:43:18 UTC 2019
auto.tcl: Setting watchdog for 200 seconds at Sun Jun 30 04:43:18 UTC 2019
1 ms. Memory: 45056K Free: 28820K (64%)
ptolemy.util.test.WatchDog.cancel(): canceling Sun Jun 30 04:43:18 UTC 2019
------------------ testing $PTII/ptolemy/domains/de/test/auto/DepthTest4.xml
auto.tcl: Setting watchdog for 200 seconds at Sun Jun 30 04:43:18 UTC 2019
7 ms. Memory: 45056K Free: 27407K (61%)
ptolemy.util.test.WatchDog.cancel(): canceling Sun Jun 30 04:43:18 UTC 2019
auto.tcl: Setting watchdog for 200 seconds at Sun Jun 30 04:43:18 UTC 2019
3 ms. Memory: 45056K Free: 26524K (59%)
ptolemy.util.test.WatchDog.cancel(): canceling Sun Jun 30 04:43:18 UTC 2019
------------------ testing $PTII/ptolemy/domains/de/test/auto/DepthTest5.xml
auto.tcl: Setting watchdog for 200 seconds at Sun Jun 30 04:43:18 UTC 2019
3 ms. Memory: 45056K Free: 26735K (59%)
ptolemy.util.test.WatchDog.cancel(): canceling Sun Jun 30 04:43:18 UTC 2019
auto.tcl: Setting watchdog for 200 seconds at Sun Jun 30 04:43:18 UTC 2019
3 ms. Memory: 45056K Free: 26114K (58%)
ptolemy.util.test.WatchDog.cancel(): canceling Sun Jun 30 04:43:18 UTC 2019
------------------ testing $PTII/ptolemy/domains/de/test/auto/DepthTest6.xml
auto.tcl: Setting watchdog for 200 seconds at Sun Jun 30 04:43:18 UTC 2019
4 ms. Memory: 45056K Free: 26699K (59%)
ptolemy.util.test.WatchDog.cancel(): canceling Sun Jun 30 04:43:18 UTC 2019
auto.tcl: Setting watchdog for 200 seconds at Sun Jun 30 04:43:18 UTC 2019
3 ms. Memory: 45056K Free: 26092K (58%)
ptolemy.util.test.WatchDog.cancel(): canceling Sun Jun 30 04:43:18 UTC 2019
------------------ testing $PTII/ptolemy/domains/de/test/auto/DepthTest7.xml
auto.tcl: Setting watchdog for 200 seconds at Sun Jun 30 04:43:18 UTC 2019
3 ms. Memory: 45056K Free: 27517K (61%)
ptolemy.util.test.WatchDog.cancel(): canceling Sun Jun 30 04:43:18 UTC 2019
auto.tcl: Setting watchdog for 200 seconds at Sun Jun 30 04:43:18 UTC 2019
2 ms. Memory: 45056K Free: 26759K (59%)
ptolemy.util.test.WatchDog.cancel(): canceling Sun Jun 30 04:43:18 UTC 2019
------------------ testing $PTII/ptolemy/domains/de/test/auto/EventToDate.xml
auto.tcl: Setting watchdog for 200 seconds at Sun Jun 30 04:43:19 UTC 2019
3007 ms. Memory: 45056K Free: 18202K (40%)
ptolemy.util.test.WatchDog.cancel(): canceling Sun Jun 30 04:43:22 UTC 2019
auto.tcl: Setting watchdog for 200 seconds at Sun Jun 30 04:43:22 UTC 2019
3004 ms. Memory: 45056K Free: 17588K (39%)
ptolemy.util.test.WatchDog.cancel(): canceling Sun Jun 30 04:43:25 UTC 2019
------------------ testing $PTII/ptolemy/domains/de/test/auto/FSM1.xml
auto.tcl: Setting watchdog for 200 seconds at Sun Jun 30 04:43:25 UTC 2019
42 ms. Memory: 45056K Free: 19470K (43%)
ptolemy.util.test.WatchDog.cancel(): canceling Sun Jun 30 04:43:25 UTC 2019
auto.tcl: Setting watchdog for 200 seconds at Sun Jun 30 04:43:25 UTC 2019
18 ms. Memory: 45056K Free: 16233K (36%)
ptolemy.util.test.WatchDog.cancel(): canceling Sun Jun 30 04:43:25 UTC 2019
------------------ testing $PTII/ptolemy/domains/de/test/auto/FSM7.xml
auto.tcl: Setting watchdog for 200 seconds at Sun Jun 30 04:43:25 UTC 2019
15 ms. Memory: 45056K Free: 19290K (43%)
ptolemy.util.test.WatchDog.cancel(): canceling Sun Jun 30 04:43:25 UTC 2019
auto.tcl: Setting watchdog for 200 seconds at Sun Jun 30 04:43:25 UTC 2019
16 ms. Memory: 45056K Free: 16117K (36%)
ptolemy.util.test.WatchDog.cancel(): canceling Sun Jun 30 04:43:25 UTC 2019
------------------ testing $PTII/ptolemy/domains/de/test/auto/Inspection.xml
auto.tcl: Setting watchdog for 200 seconds at Sun Jun 30 04:43:25 UTC 2019
26 ms. Memory: 45056K Free: 19260K (43%)
ptolemy.util.test.WatchDog.cancel(): canceling Sun Jun 30 04:43:25 UTC 2019
auto.tcl: Setting watchdog for 200 seconds at Sun Jun 30 04:43:25 UTC 2019
19 ms. Memory: 45056K Free: 17482K (39%)
ptolemy.util.test.WatchDog.cancel(): canceling Sun Jun 30 04:43:25 UTC 2019
------------------ testing $PTII/ptolemy/domains/de/test/auto/Iteration.xml
auto.tcl: Setting watchdog for 200 seconds at Sun Jun 30 04:43:25 UTC 2019
7 ms. Memory: 45056K Free: 25054K (56%)
ptolemy.util.test.WatchDog.cancel(): canceling Sun Jun 30 04:43:25 UTC 2019
auto.tcl: Setting watchdog for 200 seconds at Sun Jun 30 04:43:25 UTC 2019
6 ms. Memory: 45056K Free: 23925K (53%)
ptolemy.util.test.WatchDog.cancel(): canceling Sun Jun 30 04:43:25 UTC 2019
------------------ testing $PTII/ptolemy/domains/de/test/auto/LineFault.xml
auto.tcl: Setting watchdog for 200 seconds at Sun Jun 30 04:43:25 UTC 2019
756 ms. Memory: 45056K Free: 25581K (57%)
ptolemy.util.test.WatchDog.cancel(): canceling Sun Jun 30 04:43:26 UTC 2019
auto.tcl: Setting watchdog for 200 seconds at Sun Jun 30 04:43:26 UTC 2019
662 ms. Memory: 54272K Free: 18645K (34%)
ptolemy.util.test.WatchDog.cancel(): canceling Sun Jun 30 04:43:27 UTC 2019
------------------ testing $PTII/ptolemy/domains/de/test/auto/MergeModel1Add.xml
auto.tcl: Setting watchdog for 200 seconds at Sun Jun 30 04:43:27 UTC 2019
22 ms. Memory: 51200K Free: 17599K (34%)
ptolemy.util.test.WatchDog.cancel(): canceling Sun Jun 30 04:43:27 UTC 2019
auto.tcl: Setting watchdog for 200 seconds at Sun Jun 30 04:43:27 UTC 2019
17 ms. Memory: 51200K Free: 15858K (31%)
ptolemy.util.test.WatchDog.cancel(): canceling Sun Jun 30 04:43:27 UTC 2019
------------------ testing $PTII/ptolemy/domains/de/test/auto/MergeModel2Add.xml
auto.tcl: Setting watchdog for 200 seconds at Sun Jun 30 04:43:27 UTC 2019
10 ms. Memory: 48128K Free: 16516K (34%)
ptolemy.util.test.WatchDog.cancel(): canceling Sun Jun 30 04:43:27 UTC 2019
auto.tcl: Setting watchdog for 200 seconds at Sun Jun 30 04:43:27 UTC 2019
11 ms. Memory: 48128K Free: 15117K (31%)
ptolemy.util.test.WatchDog.cancel(): canceling Sun Jun 30 04:43:27 UTC 2019
------------------ testing $PTII/ptolemy/domains/de/test/auto/MergeModel3Add.xml
auto.tcl: Setting watchdog for 200 seconds at Sun Jun 30 04:43:27 UTC 2019
11 ms. Memory: 48128K Free: 16078K (33%)
ptolemy.util.test.WatchDog.cancel(): canceling Sun Jun 30 04:43:27 UTC 2019
auto.tcl: Setting watchdog for 200 seconds at Sun Jun 30 04:43:27 UTC 2019
12 ms. Memory: 48128K Free: 14747K (31%)
ptolemy.util.test.WatchDog.cancel(): canceling Sun Jun 30 04:43:27 UTC 2019
------------------ testing $PTII/ptolemy/domains/de/test/auto/MergeWithoutDiscard.xml
auto.tcl: Setting watchdog for 200 seconds at Sun Jun 30 04:43:27 UTC 2019
4 ms. Memory: 48128K Free: 30604K (64%)
ptolemy.util.test.WatchDog.cancel(): canceling Sun Jun 30 04:43:27 UTC 2019
auto.tcl: Setting watchdog for 200 seconds at Sun Jun 30 04:43:27 UTC 2019
2 ms. Memory: 48128K Free: 30214K (63%)
ptolemy.util.test.WatchDog.cancel(): canceling Sun Jun 30 04:43:27 UTC 2019
------------------ testing $PTII/ptolemy/domains/de/test/auto/Modal1.xml
auto.tcl: Setting watchdog for 200 seconds at Sun Jun 30 04:43:27 UTC 2019
18 ms. Memory: 48128K Free: 22705K (47%)
ptolemy.util.test.WatchDog.cancel(): canceling Sun Jun 30 04:43:27 UTC 2019
auto.tcl: Setting watchdog for 200 seconds at Sun Jun 30 04:43:27 UTC 2019
28 ms. Memory: 48128K Free: 19499K (41%)
ptolemy.util.test.WatchDog.cancel(): canceling Sun Jun 30 04:43:27 UTC 2019
------------------ testing $PTII/ptolemy/domains/de/test/auto/Modal2.xml
auto.tcl: Setting watchdog for 200 seconds at Sun Jun 30 04:43:28 UTC 2019
11 ms. Memory: 45056K Free: 19575K (43%)
ptolemy.util.test.WatchDog.cancel(): canceling Sun Jun 30 04:43:28 UTC 2019
auto.tcl: Setting watchdog for 200 seconds at Sun Jun 30 04:43:28 UTC 2019
13 ms. Memory: 45056K Free: 16342K (36%)
ptolemy.util.test.WatchDog.cancel(): canceling Sun Jun 30 04:43:28 UTC 2019
------------------ testing $PTII/ptolemy/domains/de/test/auto/Modal3.xml
auto.tcl: Setting watchdog for 200 seconds at Sun Jun 30 04:43:28 UTC 2019
21 ms. Memory: 45056K Free: 19331K (43%)
ptolemy.util.test.WatchDog.cancel(): canceling Sun Jun 30 04:43:28 UTC 2019
auto.tcl: Setting watchdog for 200 seconds at Sun Jun 30 04:43:28 UTC 2019
14 ms. Memory: 45056K Free: 16371K (36%)
ptolemy.util.test.WatchDog.cancel(): canceling Sun Jun 30 04:43:28 UTC 2019
------------------ testing $PTII/ptolemy/domains/de/test/auto/Modal4.xml
auto.tcl: Setting watchdog for 200 seconds at Sun Jun 30 04:43:28 UTC 2019
33 ms. Memory: 45056K Free: 18516K (41%)
ptolemy.util.test.WatchDog.cancel(): canceling Sun Jun 30 04:43:28 UTC 2019
auto.tcl: Setting watchdog for 200 seconds at Sun Jun 30 04:43:28 UTC 2019
20 ms. Memory: 45056K Free: 14657K (33%)
ptolemy.util.test.WatchDog.cancel(): canceling Sun Jun 30 04:43:28 UTC 2019
------------------ testing $PTII/ptolemy/domains/de/test/auto/Modal5.xml
auto.tcl: Setting watchdog for 200 seconds at Sun Jun 30 04:43:28 UTC 2019
17 ms. Memory: 45056K Free: 18519K (41%)
ptolemy.util.test.WatchDog.cancel(): canceling Sun Jun 30 04:43:28 UTC 2019
auto.tcl: Setting watchdog for 200 seconds at Sun Jun 30 04:43:28 UTC 2019
18 ms. Memory: 45056K Free: 14644K (33%)
ptolemy.util.test.WatchDog.cancel(): canceling Sun Jun 30 04:43:28 UTC 2019
------------------ testing $PTII/ptolemy/domains/de/test/auto/Modal6.xml
auto.tcl: Setting watchdog for 200 seconds at Sun Jun 30 04:43:28 UTC 2019
13 ms. Memory: 45056K Free: 19318K (43%)
ptolemy.util.test.WatchDog.cancel(): canceling Sun Jun 30 04:43:28 UTC 2019
auto.tcl: Setting watchdog for 200 seconds at Sun Jun 30 04:43:28 UTC 2019
16 ms. Memory: 45056K Free: 15666K (35%)
ptolemy.util.test.WatchDog.cancel(): canceling Sun Jun 30 04:43:28 UTC 2019
------------------ testing $PTII/ptolemy/domains/de/test/auto/Modal7.xml
auto.tcl: Setting watchdog for 200 seconds at Sun Jun 30 04:43:28 UTC 2019
10 ms. Memory: 45056K Free: 18313K (41%)
ptolemy.util.test.WatchDog.cancel(): canceling Sun Jun 30 04:43:28 UTC 2019
auto.tcl: Setting watchdog for 200 seconds at Sun Jun 30 04:43:28 UTC 2019
11 ms. Memory: 45056K Free: 14987K (33%)
ptolemy.util.test.WatchDog.cancel(): canceling Sun Jun 30 04:43:28 UTC 2019
------------------ testing $PTII/ptolemy/domains/de/test/auto/ModalModel.xml
auto.tcl: Setting watchdog for 200 seconds at Sun Jun 30 04:43:28 UTC 2019
251 ms. Memory: 57344K Free: 34888K (61%)
ptolemy.util.test.WatchDog.cancel(): canceling Sun Jun 30 04:43:29 UTC 2019
auto.tcl: Setting watchdog for 200 seconds at Sun Jun 30 04:43:29 UTC 2019
229 ms. Memory: 57344K Free: 29733K (52%)
ptolemy.util.test.WatchDog.cancel(): canceling Sun Jun 30 04:43:29 UTC 2019
------------------ testing $PTII/ptolemy/domains/de/test/auto/ModalSource.xml
auto.tcl: Setting watchdog for 200 seconds at Sun Jun 30 04:43:29 UTC 2019
8 ms. Memory: 48128K Free: 26389K (55%)
ptolemy.util.test.WatchDog.cancel(): canceling Sun Jun 30 04:43:29 UTC 2019
auto.tcl: Setting watchdog for 200 seconds at Sun Jun 30 04:43:29 UTC 2019
9 ms. Memory: 48128K Free: 24341K (51%)
ptolemy.util.test.WatchDog.cancel(): canceling Sun Jun 30 04:43:29 UTC 2019
------------------ testing $PTII/ptolemy/domains/de/test/auto/NonInterruptibleTimerZeroDelay.xml
auto.tcl: Setting watchdog for 200 seconds at Sun Jun 30 04:43:29 UTC 2019
4 ms. Memory: 45056K Free: 28338K (63%)
ptolemy.util.test.WatchDog.cancel(): canceling Sun Jun 30 04:43:29 UTC 2019
auto.tcl: Setting watchdog for 200 seconds at Sun Jun 30 04:43:29 UTC 2019
3 ms. Memory: 45056K Free: 27603K (61%)
ptolemy.util.test.WatchDog.cancel(): canceling Sun Jun 30 04:43:29 UTC 2019
------------------ testing $PTII/ptolemy/domains/de/test/auto/OpenQueueingNetwork.xml
auto.tcl: Setting watchdog for 200 seconds at Sun Jun 30 04:43:29 UTC 2019
3098 ms. Memory: 110592K Free: 88742K (80%)
ptolemy.util.test.WatchDog.cancel(): canceling Sun Jun 30 04:43:32 UTC 2019
auto.tcl: Setting watchdog for 200 seconds at Sun Jun 30 04:43:32 UTC 2019
2542 ms. Memory: 133120K Free: 100466K (75%)
ptolemy.util.test.WatchDog.cancel(): canceling Sun Jun 30 04:43:35 UTC 2019
------------------ testing $PTII/ptolemy/domains/de/test/auto/OpenQueuingNetwork.xml
auto.tcl: Setting watchdog for 200 seconds at Sun Jun 30 04:43:35 UTC 2019
251 ms. Memory: 66560K Free: 37188K (56%)
ptolemy.util.test.WatchDog.cancel(): canceling Sun Jun 30 04:43:35 UTC 2019
auto.tcl: Setting watchdog for 200 seconds at Sun Jun 30 04:43:35 UTC 2019
225 ms. Memory: 66560K Free: 22718K (34%)
ptolemy.util.test.WatchDog.cancel(): canceling Sun Jun 30 04:43:36 UTC 2019
------------------ testing $PTII/ptolemy/domains/de/test/auto/PeriodicSampler.xml
auto.tcl: Setting watchdog for 200 seconds at Sun Jun 30 04:43:36 UTC 2019
4 ms. Memory: 48128K Free: 30522K (63%)
ptolemy.util.test.WatchDog.cancel(): canceling Sun Jun 30 04:43:36 UTC 2019
auto.tcl: Setting watchdog for 200 seconds at Sun Jun 30 04:43:36 UTC 2019
2 ms. Memory: 48128K Free: 30015K (62%)
ptolemy.util.test.WatchDog.cancel(): canceling Sun Jun 30 04:43:36 UTC 2019
------------------ testing $PTII/ptolemy/domains/de/test/auto/PersistentIO.xml
auto.tcl: Setting watchdog for 200 seconds at Sun Jun 30 04:43:36 UTC 2019
11 ms. Memory: 48128K Free: 25446K (53%)
ptolemy.util.test.WatchDog.cancel(): canceling Sun Jun 30 04:43:36 UTC 2019
auto.tcl: Setting watchdog for 200 seconds at Sun Jun 30 04:43:36 UTC 2019
7 ms. Memory: 48128K Free: 23967K (50%)
ptolemy.util.test.WatchDog.cancel(): canceling Sun Jun 30 04:43:36 UTC 2019
------------------ testing $PTII/ptolemy/domains/de/test/auto/PortParameterResetOnInitialize.xml
auto.tcl: Setting watchdog for 200 seconds at Sun Jun 30 04:43:36 UTC 2019
2 ms. Memory: 48128K Free: 30414K (63%)
ptolemy.util.test.WatchDog.cancel(): canceling Sun Jun 30 04:43:36 UTC 2019
auto.tcl: Setting watchdog for 200 seconds at Sun Jun 30 04:43:36 UTC 2019
2 ms. Memory: 48128K Free: 29934K (62%)
ptolemy.util.test.WatchDog.cancel(): canceling Sun Jun 30 04:43:36 UTC 2019
------------------ testing $PTII/ptolemy/domains/de/test/auto/PortParameterUpdates.xml
auto.tcl: Setting watchdog for 200 seconds at Sun Jun 30 04:43:36 UTC 2019
4 ms. Memory: 45056K Free: 25457K (57%)
ptolemy.util.test.WatchDog.cancel(): canceling Sun Jun 30 04:43:36 UTC 2019
auto.tcl: Setting watchdog for 200 seconds at Sun Jun 30 04:43:36 UTC 2019
4 ms. Memory: 45056K Free: 24030K (53%)
ptolemy.util.test.WatchDog.cancel(): canceling Sun Jun 30 04:43:36 UTC 2019
------------------ testing $PTII/ptolemy/domains/de/test/auto/QueueAndServer.xml
auto.tcl: Setting watchdog for 200 seconds at Sun Jun 30 04:43:36 UTC 2019
20 ms. Memory: 45056K Free: 24653K (55%)
ptolemy.util.test.WatchDog.cancel(): canceling Sun Jun 30 04:43:36 UTC 2019
auto.tcl: Setting watchdog for 200 seconds at Sun Jun 30 04:43:36 UTC 2019
7 ms. Memory: 45056K Free: 22978K (51%)
ptolemy.util.test.WatchDog.cancel(): canceling Sun Jun 30 04:43:36 UTC 2019
------------------ testing $PTII/ptolemy/domains/de/test/auto/Records.xml
auto.tcl: Setting watchdog for 200 seconds at Sun Jun 30 04:43:36 UTC 2019
5 ms. Memory: 45056K Free: 26900K (60%)
ptolemy.util.test.WatchDog.cancel(): canceling Sun Jun 30 04:43:36 UTC 2019
auto.tcl: Setting watchdog for 200 seconds at Sun Jun 30 04:43:36 UTC 2019
2 ms. Memory: 45056K Free: 26455K (59%)
ptolemy.util.test.WatchDog.cancel(): canceling Sun Jun 30 04:43:36 UTC 2019
------------------ testing $PTII/ptolemy/domains/de/test/auto/ResetTransitionWithStartTime1.xml
auto.tcl: Setting watchdog for 200 seconds at Sun Jun 30 04:43:36 UTC 2019
6 ms. Memory: 45056K Free: 23870K (53%)
ptolemy.util.test.WatchDog.cancel(): canceling Sun Jun 30 04:43:36 UTC 2019
auto.tcl: Setting watchdog for 200 seconds at Sun Jun 30 04:43:36 UTC 2019
6 ms. Memory: 45056K Free: 21202K (47%)
ptolemy.util.test.WatchDog.cancel(): canceling Sun Jun 30 04:43:36 UTC 2019
------------------ testing $PTII/ptolemy/domains/de/test/auto/ResetTransitionWithStartTime2.xml
auto.tcl: Setting watchdog for 200 seconds at Sun Jun 30 04:43:36 UTC 2019
6 ms. Memory: 45056K Free: 23848K (53%)
ptolemy.util.test.WatchDog.cancel(): canceling Sun Jun 30 04:43:36 UTC 2019
auto.tcl: Setting watchdog for 200 seconds at Sun Jun 30 04:43:36 UTC 2019
6 ms. Memory: 45056K Free: 21752K (48%)
ptolemy.util.test.WatchDog.cancel(): canceling Sun Jun 30 04:43:36 UTC 2019
------------------ testing $PTII/ptolemy/domains/de/test/auto/ResetTransitionWithStartTime3.xml
auto.tcl: Setting watchdog for 200 seconds at Sun Jun 30 04:43:36 UTC 2019
10 ms. Memory: 45056K Free: 23649K (52%)
ptolemy.util.test.WatchDog.cancel(): canceling Sun Jun 30 04:43:36 UTC 2019
auto.tcl: Setting watchdog for 200 seconds at Sun Jun 30 04:43:36 UTC 2019
4 ms. Memory: 45056K Free: 21170K (47%)
ptolemy.util.test.WatchDog.cancel(): canceling Sun Jun 30 04:43:36 UTC 2019
------------------ testing $PTII/ptolemy/domains/de/test/auto/ResetTransitionWithStartTime4.xml
auto.tcl: Setting watchdog for 200 seconds at Sun Jun 30 04:43:36 UTC 2019
10 ms. Memory: 45056K Free: 24178K (54%)
ptolemy.util.test.WatchDog.cancel(): canceling Sun Jun 30 04:43:36 UTC 2019
auto.tcl: Setting watchdog for 200 seconds at Sun Jun 30 04:43:36 UTC 2019
3 ms. Memory: 45056K Free: 22788K (51%)
ptolemy.util.test.WatchDog.cancel(): canceling Sun Jun 30 04:43:36 UTC 2019
------------------ testing $PTII/ptolemy/domains/de/test/auto/ResettableTimer1.xml
auto.tcl: Setting watchdog for 200 seconds at Sun Jun 30 04:43:36 UTC 2019
3 ms. Memory: 45056K Free: 27956K (62%)
ptolemy.util.test.WatchDog.cancel(): canceling Sun Jun 30 04:43:37 UTC 2019
auto.tcl: Setting watchdog for 200 seconds at Sun Jun 30 04:43:37 UTC 2019
2 ms. Memory: 45056K Free: 27273K (61%)
ptolemy.util.test.WatchDog.cancel(): canceling Sun Jun 30 04:43:37 UTC 2019
------------------ testing $PTII/ptolemy/domains/de/test/auto/ResettableTimer2.xml
auto.tcl: Setting watchdog for 200 seconds at Sun Jun 30 04:43:37 UTC 2019
3 ms. Memory: 45056K Free: 28019K (62%)
ptolemy.util.test.WatchDog.cancel(): canceling Sun Jun 30 04:43:37 UTC 2019
auto.tcl: Setting watchdog for 200 seconds at Sun Jun 30 04:43:37 UTC 2019
2 ms. Memory: 45056K Free: 27321K (61%)
ptolemy.util.test.WatchDog.cancel(): canceling Sun Jun 30 04:43:37 UTC 2019
------------------ testing $PTII/ptolemy/domains/de/test/auto/ResettableTimer3.xml
auto.tcl: Setting watchdog for 200 seconds at Sun Jun 30 04:43:37 UTC 2019
2 ms. Memory: 45056K Free: 28311K (63%)
ptolemy.util.test.WatchDog.cancel(): canceling Sun Jun 30 04:43:37 UTC 2019
auto.tcl: Setting watchdog for 200 seconds at Sun Jun 30 04:43:37 UTC 2019
2 ms. Memory: 45056K Free: 27883K (62%)
ptolemy.util.test.WatchDog.cancel(): canceling Sun Jun 30 04:43:37 UTC 2019
------------------ testing $PTII/ptolemy/domains/de/test/auto/ResettableTimer4.xml
auto.tcl: Setting watchdog for 200 seconds at Sun Jun 30 04:43:37 UTC 2019
2 ms. Memory: 45056K Free: 28277K (63%)
ptolemy.util.test.WatchDog.cancel(): canceling Sun Jun 30 04:43:37 UTC 2019
auto.tcl: Setting watchdog for 200 seconds at Sun Jun 30 04:43:37 UTC 2019
2 ms. Memory: 45056K Free: 27849K (62%)
ptolemy.util.test.WatchDog.cancel(): canceling Sun Jun 30 04:43:37 UTC 2019
------------------ testing $PTII/ptolemy/domains/de/test/auto/ResettableTimer5.xml
auto.tcl: Setting watchdog for 200 seconds at Sun Jun 30 04:43:37 UTC 2019
2 ms. Memory: 45056K Free: 27864K (62%)
ptolemy.util.test.WatchDog.cancel(): canceling Sun Jun 30 04:43:37 UTC 2019
auto.tcl: Setting watchdog for 200 seconds at Sun Jun 30 04:43:37 UTC 2019
1 ms. Memory: 45056K Free: 27332K (61%)
ptolemy.util.test.WatchDog.cancel(): canceling Sun Jun 30 04:43:37 UTC 2019
------------------ testing $PTII/ptolemy/domains/de/test/auto/ResettableTimer6.xml
auto.tcl: Setting watchdog for 200 seconds at Sun Jun 30 04:43:37 UTC 2019
2 ms. Memory: 45056K Free: 27290K (61%)
ptolemy.util.test.WatchDog.cancel(): canceling Sun Jun 30 04:43:37 UTC 2019
auto.tcl: Setting watchdog for 200 seconds at Sun Jun 30 04:43:37 UTC 2019
2 ms. Memory: 45056K Free: 26861K (60%)
ptolemy.util.test.WatchDog.cancel(): canceling Sun Jun 30 04:43:37 UTC 2019
------------------ testing $PTII/ptolemy/domains/de/test/auto/ServerZeroDelay.xml
auto.tcl: Setting watchdog for 200 seconds at Sun Jun 30 04:43:37 UTC 2019
4 ms. Memory: 45056K Free: 27916K (62%)
ptolemy.util.test.WatchDog.cancel(): canceling Sun Jun 30 04:43:37 UTC 2019
auto.tcl: Setting watchdog for 200 seconds at Sun Jun 30 04:43:37 UTC 2019
2 ms. Memory: 45056K Free: 26877K (60%)
ptolemy.util.test.WatchDog.cancel(): canceling Sun Jun 30 04:43:37 UTC 2019
------------------ testing $PTII/ptolemy/domains/de/test/auto/SmartSender.xml
auto.tcl: Setting watchdog for 200 seconds at Sun Jun 30 04:43:37 UTC 2019
3002 ms. Memory: 45056K Free: 27769K (62%)
ptolemy.util.test.WatchDog.cancel(): canceling Sun Jun 30 04:43:40 UTC 2019
auto.tcl: Setting watchdog for 200 seconds at Sun Jun 30 04:43:40 UTC 2019
3002 ms. Memory: 45056K Free: 27338K (61%)
ptolemy.util.test.WatchDog.cancel(): canceling Sun Jun 30 04:43:43 UTC 2019
------------------ testing $PTII/ptolemy/domains/de/test/auto/ThreadedComposite.xml
auto.tcl: Setting watchdog for 200 seconds at Sun Jun 30 04:43:43 UTC 2019
218 ms. Memory: 45056K Free: 8366K (19%)
ptolemy.util.test.WatchDog.cancel(): canceling Sun Jun 30 04:43:43 UTC 2019
auto.tcl: Setting watchdog for 200 seconds at Sun Jun 30 04:43:43 UTC 2019
198 ms. Memory: 45056K Free: 15579K (35%)
ptolemy.util.test.WatchDog.cancel(): canceling Sun Jun 30 04:43:44 UTC 2019
------------------ testing $PTII/ptolemy/domains/de/test/auto/Time.xml
auto.tcl: Setting watchdog for 200 seconds at Sun Jun 30 04:43:44 UTC 2019
547 ms. Memory: 45056K Free: 20845K (46%)
ptolemy.util.test.WatchDog.cancel(): canceling Sun Jun 30 04:43:44 UTC 2019
auto.tcl: Setting watchdog for 200 seconds at Sun Jun 30 04:43:44 UTC 2019
494 ms. Memory: 45056K Free: 13404K (30%)
ptolemy.util.test.WatchDog.cancel(): canceling Sun Jun 30 04:43:45 UTC 2019
------------------ testing $PTII/ptolemy/domains/de/test/auto/TimeDelayZeroDelay.xml
auto.tcl: Setting watchdog for 200 seconds at Sun Jun 30 04:43:45 UTC 2019
3 ms. Memory: 45056K Free: 28191K (63%)
ptolemy.util.test.WatchDog.cancel(): canceling Sun Jun 30 04:43:45 UTC 2019
auto.tcl: Setting watchdog for 200 seconds at Sun Jun 30 04:43:45 UTC 2019
2 ms. Memory: 45056K Free: 27320K (61%)
ptolemy.util.test.WatchDog.cancel(): canceling Sun Jun 30 04:43:45 UTC 2019
------------------ testing $PTII/ptolemy/domains/de/test/auto/TimerZeroDelay.xml
auto.tcl: Setting watchdog for 200 seconds at Sun Jun 30 04:43:45 UTC 2019
4 ms. Memory: 45056K Free: 28194K (63%)
ptolemy.util.test.WatchDog.cancel(): canceling Sun Jun 30 04:43:45 UTC 2019
auto.tcl: Setting watchdog for 200 seconds at Sun Jun 30 04:43:45 UTC 2019
3 ms. Memory: 45056K Free: 27349K (61%)
ptolemy.util.test.WatchDog.cancel(): canceling Sun Jun 30 04:43:45 UTC 2019
------------------ testing $PTII/ptolemy/domains/de/test/auto/TimingParadox.xml
auto.tcl: Setting watchdog for 200 seconds at Sun Jun 30 04:43:45 UTC 2019
398 ms. Memory: 54272K Free: 32204K (59%)
ptolemy.util.test.WatchDog.cancel(): canceling Sun Jun 30 04:43:45 UTC 2019
auto.tcl: Setting watchdog for 200 seconds at Sun Jun 30 04:43:45 UTC 2019
349 ms. Memory: 54272K Free: 22589K (42%)
ptolemy.util.test.WatchDog.cancel(): canceling Sun Jun 30 04:43:46 UTC 2019
------------------ testing $PTII/ptolemy/domains/de/test/auto/TransferInputs.xml
auto.tcl: Setting watchdog for 200 seconds at Sun Jun 30 04:43:46 UTC 2019
2 ms. Memory: 51200K Free: 32335K (63%)
ptolemy.util.test.WatchDog.cancel(): canceling Sun Jun 30 04:43:46 UTC 2019
auto.tcl: Setting watchdog for 200 seconds at Sun Jun 30 04:43:46 UTC 2019
2 ms. Memory: 51200K Free: 31361K (61%)
ptolemy.util.test.WatchDog.cancel(): canceling Sun Jun 30 04:43:46 UTC 2019
------------------ testing $PTII/ptolemy/domains/de/test/auto/TransferOutputs2.xml
auto.tcl: Setting watchdog for 200 seconds at Sun Jun 30 04:43:46 UTC 2019
3 ms. Memory: 48128K Free: 26722K (56%)
ptolemy.util.test.WatchDog.cancel(): canceling Sun Jun 30 04:43:46 UTC 2019
auto.tcl: Setting watchdog for 200 seconds at Sun Jun 30 04:43:46 UTC 2019
3 ms. Memory: 48128K Free: 25253K (52%)
ptolemy.util.test.WatchDog.cancel(): canceling Sun Jun 30 04:43:46 UTC 2019
------------------ testing $PTII/ptolemy/domains/de/test/auto/Trilateration.xml
auto.tcl: Setting watchdog for 200 seconds at Sun Jun 30 04:43:46 UTC 2019
14138 ms. Memory: 575488K Free: 509493K (89%)
ptolemy.util.test.WatchDog.cancel(): canceling Sun Jun 30 04:44:01 UTC 2019
auto.tcl: Setting watchdog for 200 seconds at Sun Jun 30 04:44:01 UTC 2019
11301 ms. Memory: 575488K Free: 257287K (45%)
ptolemy.util.test.WatchDog.cancel(): canceling Sun Jun 30 04:44:13 UTC 2019
------------------ testing $PTII/ptolemy/domains/de/test/auto/TwoSigmaDelta.xml
auto.tcl: Setting watchdog for 200 seconds at Sun Jun 30 04:44:13 UTC 2019
3446 ms. Memory: 86016K Free: 36666K (43%)
ptolemy.util.test.WatchDog.cancel(): canceling Sun Jun 30 04:44:16 UTC 2019
auto.tcl: Setting watchdog for 200 seconds at Sun Jun 30 04:44:16 UTC 2019
2502 ms. Memory: 86016K Free: 13619K (16%)
ptolemy.util.test.WatchDog.cancel(): canceling Sun Jun 30 04:44:19 UTC 2019
------------------ testing $PTII/ptolemy/domains/de/test/auto/VariableDelay.xml
auto.tcl: Setting watchdog for 200 seconds at Sun Jun 30 04:44:19 UTC 2019
4 ms. Memory: 48128K Free: 29781K (62%)
ptolemy.util.test.WatchDog.cancel(): canceling Sun Jun 30 04:44:19 UTC 2019
auto.tcl: Setting watchdog for 200 seconds at Sun Jun 30 04:44:19 UTC 2019
2 ms. Memory: 48128K Free: 28783K (60%)
ptolemy.util.test.WatchDog.cancel(): canceling Sun Jun 30 04:44:19 UTC 2019
------------------ testing $PTII/ptolemy/domains/de/test/auto/VariableDelay2.xml
auto.tcl: Setting watchdog for 200 seconds at Sun Jun 30 04:44:19 UTC 2019
8 ms. Memory: 48128K Free: 30179K (63%)
ptolemy.util.test.WatchDog.cancel(): canceling Sun Jun 30 04:44:19 UTC 2019
auto.tcl: Setting watchdog for 200 seconds at Sun Jun 30 04:44:19 UTC 2019
3 ms. Memory: 48128K Free: 29167K (61%)
ptolemy.util.test.WatchDog.cancel(): canceling Sun Jun 30 04:44:19 UTC 2019
------------------ testing $PTII/ptolemy/domains/de/test/auto/VariableDelayZeroDelay.xml
auto.tcl: Setting watchdog for 200 seconds at Sun Jun 30 04:44:19 UTC 2019
2 ms. Memory: 48128K Free: 30827K (64%)
ptolemy.util.test.WatchDog.cancel(): canceling Sun Jun 30 04:44:19 UTC 2019
auto.tcl: Setting watchdog for 200 seconds at Sun Jun 30 04:44:19 UTC 2019
3 ms. Memory: 48128K Free: 30178K (63%)
ptolemy.util.test.WatchDog.cancel(): canceling Sun Jun 30 04:44:19 UTC 2019
------------------ testing $PTII/ptolemy/domains/de/test/auto/VariableDelayZeroDelay2.xml
auto.tcl: Setting watchdog for 200 seconds at Sun Jun 30 04:44:19 UTC 2019
3 ms. Memory: 48128K Free: 30706K (64%)
ptolemy.util.test.WatchDog.cancel(): canceling Sun Jun 30 04:44:19 UTC 2019
auto.tcl: Setting watchdog for 200 seconds at Sun Jun 30 04:44:19 UTC 2019
2 ms. Memory: 48128K Free: 29696K (62%)
ptolemy.util.test.WatchDog.cancel(): canceling Sun Jun 30 04:44:19 UTC 2019
------------------ testing $PTII/ptolemy/domains/de/test/auto/deInCt.xml
auto.tcl: Setting watchdog for 200 seconds at Sun Jun 30 04:44:19 UTC 2019
0
1
1
1
0
0
0
1
1
1
1
0
0
1
1
1
0
0
0
1
1
0
0
0
1
1
1
0
0
0
0
0
0
1
1
1
0
0
0
0
15 ms. Memory: 48128K Free: 29679K (62%)
ptolemy.util.test.WatchDog.cancel(): canceling Sun Jun 30 04:44:19 UTC 2019
auto.tcl: Setting watchdog for 200 seconds at Sun Jun 30 04:44:19 UTC 2019
0
1
1
1
1
0
0
0
1
1
1
0
0
0
0
0
1
1
1
0
0
0
0
0
1
1
1
0
0
0
0
1
1
0
0
0
1
1
1
1
10 ms. Memory: 48128K Free: 28153K (58%)
ptolemy.util.test.WatchDog.cancel(): canceling Sun Jun 30 04:44:19 UTC 2019
------------------ testing $PTII/ptolemy/domains/de/test/auto/deInCt2.xml
auto.tcl: Setting watchdog for 200 seconds at Sun Jun 30 04:44:19 UTC 2019
0
1
1
1
0
0
1
1
1
0
0
1
1
1
0
0
1
1
1
0
0
1
1
1
0
0
1
1
1
0
0
1
1
1
0
0
1
1
1
0
0
0
8 ms. Memory: 48128K Free: 29681K (62%)
ptolemy.util.test.WatchDog.cancel(): canceling Sun Jun 30 04:44:19 UTC 2019
auto.tcl: Setting watchdog for 200 seconds at Sun Jun 30 04:44:19 UTC 2019
0
1
1
1
0
0
1
1
1
0
0
1
1
1
0
0
1
1
1
0
0
1
1
1
0
0
1
1
1
0
0
1
1
1
0
0
1
1
1
0
0
0
5 ms. Memory: 48128K Free: 28142K (58%)
ptolemy.util.test.WatchDog.cancel(): canceling Sun Jun 30 04:44:19 UTC 2019
------------------ testing $PTII/ptolemy/domains/de/test/auto/dynamicCausalityInterface1.xml
auto.tcl: Setting watchdog for 200 seconds at Sun Jun 30 04:44:19 UTC 2019
1 ms. Memory: 48128K Free: 25580K (53%)
ptolemy.util.test.WatchDog.cancel(): canceling Sun Jun 30 04:44:19 UTC 2019
auto.tcl: Setting watchdog for 200 seconds at Sun Jun 30 04:44:19 UTC 2019
1 ms. Memory: 48128K Free: 25048K (52%)
ptolemy.util.test.WatchDog.cancel(): canceling Sun Jun 30 04:44:19 UTC 2019
------------------ testing $PTII/ptolemy/domains/de/test/auto/fsm_de_test.xml
auto.tcl: Setting watchdog for 200 seconds at Sun Jun 30 04:44:19 UTC 2019
8 ms. Memory: 48128K Free: 25479K (53%)
ptolemy.util.test.WatchDog.cancel(): canceling Sun Jun 30 04:44:19 UTC 2019
auto.tcl: Setting watchdog for 200 seconds at Sun Jun 30 04:44:19 UTC 2019
6 ms. Memory: 48128K Free: 23431K (49%)
ptolemy.util.test.WatchDog.cancel(): canceling Sun Jun 30 04:44:19 UTC 2019
------------------ testing $PTII/ptolemy/domains/de/test/auto/functionDependencyReconstruction.xml
auto.tcl: Setting watchdog for 200 seconds at Sun Jun 30 04:44:20 UTC 2019
3 ms. Memory: 48128K Free: 19324K (40%)
ptolemy.util.test.WatchDog.cancel(): canceling Sun Jun 30 04:44:20 UTC 2019
auto.tcl: Setting watchdog for 200 seconds at Sun Jun 30 04:44:20 UTC 2019
4 ms. Memory: 48128K Free: 17276K (36%)
ptolemy.util.test.WatchDog.cancel(): canceling Sun Jun 30 04:44:20 UTC 2019
------------------ testing $PTII/ptolemy/domains/de/test/auto/multirate.xml
auto.tcl: Setting watchdog for 200 seconds at Sun Jun 30 04:44:20 UTC 2019
3 ms. Memory: 48128K Free: 27894K (58%)
ptolemy.util.test.WatchDog.cancel(): canceling Sun Jun 30 04:44:20 UTC 2019
auto.tcl: Setting watchdog for 200 seconds at Sun Jun 30 04:44:20 UTC 2019
3 ms. Memory: 48128K Free: 26422K (55%)
ptolemy.util.test.WatchDog.cancel(): canceling Sun Jun 30 04:44:20 UTC 2019
------------------ testing $PTII/ptolemy/domains/de/test/auto/multirate2.xml
auto.tcl: Setting watchdog for 200 seconds at Sun Jun 30 04:44:20 UTC 2019
3 ms. Memory: 48128K Free: 28314K (59%)
ptolemy.util.test.WatchDog.cancel(): canceling Sun Jun 30 04:44:20 UTC 2019
auto.tcl: Setting watchdog for 200 seconds at Sun Jun 30 04:44:20 UTC 2019
4 ms. Memory: 48128K Free: 27080K (56%)
ptolemy.util.test.WatchDog.cancel(): canceling Sun Jun 30 04:44:20 UTC 2019
------------------ testing $PTII/ptolemy/domains/de/test/auto/realtime.xml
auto.tcl: Setting watchdog for 200 seconds at Sun Jun 30 04:44:20 UTC 2019
10001 ms. Memory: 48128K Free: 30372K (63%)
ptolemy.util.test.WatchDog.cancel(): canceling Sun Jun 30 04:44:30 UTC 2019
auto.tcl: Setting watchdog for 200 seconds at Sun Jun 30 04:44:30 UTC 2019
10001 ms. Memory: 48128K Free: 29626K (62%)
ptolemy.util.test.WatchDog.cancel(): canceling Sun Jun 30 04:44:40 UTC 2019
------------------ testing $PTII/ptolemy/domains/de/test/auto/relationGroup.xml
auto.tcl: Setting watchdog for 200 seconds at Sun Jun 30 04:44:40 UTC 2019
3 ms. Memory: 48128K Free: 31421K (65%)
ptolemy.util.test.WatchDog.cancel(): canceling Sun Jun 30 04:44:40 UTC 2019
auto.tcl: Setting watchdog for 200 seconds at Sun Jun 30 04:44:40 UTC 2019
1 ms. Memory: 48128K Free: 30675K (64%)
ptolemy.util.test.WatchDog.cancel(): canceling Sun Jun 30 04:44:40 UTC 2019
------------------ testing $PTII/ptolemy/domains/de/test/auto/relationGroup2.xml
auto.tcl: Setting watchdog for 200 seconds at Sun Jun 30 04:44:40 UTC 2019
2 ms. Memory: 48128K Free: 31478K (65%)
ptolemy.util.test.WatchDog.cancel(): canceling Sun Jun 30 04:44:40 UTC 2019
auto.tcl: Setting watchdog for 200 seconds at Sun Jun 30 04:44:40 UTC 2019
2 ms. Memory: 48128K Free: 30732K (64%)
ptolemy.util.test.WatchDog.cancel(): canceling Sun Jun 30 04:44:40 UTC 2019
------------------ testing $PTII/ptolemy/domains/de/test/auto/sortWithOpaquePorts.xml
auto.tcl: Setting watchdog for 200 seconds at Sun Jun 30 04:44:40 UTC 2019
2 ms. Memory: 48128K Free: 30189K (63%)
ptolemy.util.test.WatchDog.cancel(): canceling Sun Jun 30 04:44:40 UTC 2019
auto.tcl: Setting watchdog for 200 seconds at Sun Jun 30 04:44:40 UTC 2019
2 ms. Memory: 48128K Free: 29205K (61%)
ptolemy.util.test.WatchDog.cancel(): canceling Sun Jun 30 04:44:40 UTC 2019
------------------ testing $PTII/ptolemy/domains/de/test/auto/transferInputsandOutputs.xml
auto.tcl: Setting watchdog for 200 seconds at Sun Jun 30 04:44:40 UTC 2019
3 ms. Memory: 48128K Free: 27648K (57%)
ptolemy.util.test.WatchDog.cancel(): canceling Sun Jun 30 04:44:40 UTC 2019
auto.tcl: Setting watchdog for 200 seconds at Sun Jun 30 04:44:40 UTC 2019
3 ms. Memory: 48128K Free: 26624K (55%)
ptolemy.util.test.WatchDog.cancel(): canceling Sun Jun 30 04:44:40 UTC 2019
------------------ testing $PTII/ptolemy/domains/de/test/auto/triggerType.xml
auto.tcl: Setting watchdog for 200 seconds at Sun Jun 30 04:44:40 UTC 2019
2 ms. Memory: 48128K Free: 30673K (64%)
ptolemy.util.test.WatchDog.cancel(): canceling Sun Jun 30 04:44:40 UTC 2019
auto.tcl: Setting watchdog for 200 seconds at Sun Jun 30 04:44:40 UTC 2019
2 ms. Memory: 48128K Free: 29649K (62%)
ptolemy.util.test.WatchDog.cancel(): canceling Sun Jun 30 04:44:40 UTC 2019
06/30/19 04:44:40
Failed: 0  Total Tests: 192  ((Passed: 187, Newly Passed: 1)  Known Failed: 5) /home/travis/build/icyphy/ptII/ptolemy/domains/de/test
06/30/19 04:44:40
Failed: 0  Total Tests: 192  ((Passed: 187, Newly Passed: 1)  Known Failed: 5) /home/travis/build/icyphy/ptII/ptolemy/domains/de/test
----------------- testing (KnownFailure) /home/travis/build/icyphy/ptII/ptolemy/domains/de/test/auto/knownFailedTests/DESDFClockTest.xml
2012 ms. Memory: 48128K Free: 24068K (50%)
Known Failure: java.lang.reflect.InvocationTargetException
----------------- testing (KnownFailure) /home/travis/build/icyphy/ptII/ptolemy/domains/de/test/auto/knownFailedTests/DirectFeedback.xml
2 ms. Memory: 48128K Free: 19972K (41%)
Known Failure: java.lang.reflect.InvocationTargetException
----------------- testing (KnownFailure) /home/travis/build/icyphy/ptII/ptolemy/domains/de/test/auto/knownFailedTests/FSMSource.xml
7 ms. Memory: 48128K Free: 12294K (26%)
----------------- testing (KnownFailure) /home/travis/build/icyphy/ptII/ptolemy/domains/de/test/auto/knownFailedTests/HierarchicalModel.xml
10 ms. Memory: 48128K Free: 23419K (49%)
Known Failure: java.lang.reflect.InvocationTargetException
----------------- testing (KnownFailure) /home/travis/build/icyphy/ptII/ptolemy/domains/de/test/auto/knownFailedTests/dependencyLoop.xml
2 ms. Memory: 48128K Free: 8349K (17%)
Known Failure: java.lang.reflect.InvocationTargetException
----------------- testing (KnownFailure) /home/travis/build/icyphy/ptII/ptolemy/domains/de/test/auto/knownFailedTests/dependencyLoop2.xml
4 ms. Memory: 48128K Free: 20742K (43%)
Known Failure: java.lang.reflect.InvocationTargetException
No auto/linux-amd64/*.xml tests in /home/travis/build/icyphy/ptII/ptolemy/domains/de/test
AutoTests.java: About to close Vertx.
AutoTests.java: Vertx closed.

===========================================================================================
----------------- testing Sun Jun 30 04:44:42 UTC 2019 /home/travis/build/icyphy/ptII/ptolemy/domains/de/test/auto/ActorDepthCalculation_actorWithoutPorts.xml
----------------- Instantiating /home/travis/build/icyphy/ptII/ptolemy/domains/de/test/auto/ActorDepthCalculation_actorWithoutPorts.xml
3 ms. Memory: 48128K Free: 13841K (29%)
----------------- Invoking toplevel() on ptolemy.moml.MoMLSimpleApplication@3cd981ec
----------------- Done invoking toplevel() on ptolemy.moml.MoMLSimpleApplication@3cd981ec
reloadAllAccessors: .ActorDepthCalculation_actorWithoutPorts

===========================================================================================
----------------- testing Sun Jun 30 04:44:42 UTC 2019 /home/travis/build/icyphy/ptII/ptolemy/domains/de/test/auto/AssemblyLine.xml
----------------- Instantiating /home/travis/build/icyphy/ptII/ptolemy/domains/de/test/auto/AssemblyLine.xml
3 ms. Memory: 48128K Free: 33131K (69%)
----------------- Invoking toplevel() on ptolemy.moml.MoMLSimpleApplication@73eb18ab
----------------- Done invoking toplevel() on ptolemy.moml.MoMLSimpleApplication@73eb18ab
reloadAllAccessors: .AssemblyLine

===========================================================================================
----------------- testing Sun Jun 30 04:44:42 UTC 2019 /home/travis/build/icyphy/ptII/ptolemy/domains/de/test/auto/CQBug1.xml
----------------- Instantiating /home/travis/build/icyphy/ptII/ptolemy/domains/de/test/auto/CQBug1.xml
1 ms. Memory: 48128K Free: 30073K (62%)
----------------- Invoking toplevel() on ptolemy.moml.MoMLSimpleApplication@4e0e0db7
----------------- Done invoking toplevel() on ptolemy.moml.MoMLSimpleApplication@4e0e0db7
reloadAllAccessors: .CQBug1

===========================================================================================
----------------- testing Sun Jun 30 04:44:42 UTC 2019 /home/travis/build/icyphy/ptII/ptolemy/domains/de/test/auto/CancelFireAt.xml
----------------- Instantiating /home/travis/build/icyphy/ptII/ptolemy/domains/de/test/auto/CancelFireAt.xml
1 ms. Memory: 48128K Free: 27438K (57%)
----------------- Invoking toplevel() on ptolemy.moml.MoMLSimpleApplication@2fcf0281
----------------- Done invoking toplevel() on ptolemy.moml.MoMLSimpleApplication@2fcf0281
reloadAllAccessors: .CancelFireAt

===========================================================================================
----------------- testing Sun Jun 30 04:44:43 UTC 2019 /home/travis/build/icyphy/ptII/ptolemy/domains/de/test/auto/CausalityAndComposabilityAnalysis.xml
----------------- Instantiating /home/travis/build/icyphy/ptII/ptolemy/domains/de/test/auto/CausalityAndComposabilityAnalysis.xml
2 ms. Memory: 48128K Free: 23173K (48%)
----------------- Invoking toplevel() on ptolemy.moml.MoMLSimpleApplication@4756b5e9
----------------- Done invoking toplevel() on ptolemy.moml.MoMLSimpleApplication@4756b5e9
reloadAllAccessors: .CausalityAndComposabilityAnalysis

===========================================================================================
----------------- testing Sun Jun 30 04:44:43 UTC 2019 /home/travis/build/icyphy/ptII/ptolemy/domains/de/test/auto/CausalityInterface1.xml
----------------- Instantiating /home/travis/build/icyphy/ptII/ptolemy/domains/de/test/auto/CausalityInterface1.xml
4 ms. Memory: 48128K Free: 18246K (38%)
----------------- Invoking toplevel() on ptolemy.moml.MoMLSimpleApplication@4dcdc6fd
----------------- Done invoking toplevel() on ptolemy.moml.MoMLSimpleApplication@4dcdc6fd
reloadAllAccessors: .CausalityInterface1

===========================================================================================
----------------- testing Sun Jun 30 04:44:43 UTC 2019 /home/travis/build/icyphy/ptII/ptolemy/domains/de/test/auto/CausalityInterface15.xml
----------------- Instantiating /home/travis/build/icyphy/ptII/ptolemy/domains/de/test/auto/CausalityInterface15.xml
2 ms. Memory: 48128K Free: 13100K (27%)
----------------- Invoking toplevel() on ptolemy.moml.MoMLSimpleApplication@33c0dbcb
----------------- Done invoking toplevel() on ptolemy.moml.MoMLSimpleApplication@33c0dbcb
reloadAllAccessors: .CausalityInterface15

===========================================================================================
----------------- testing Sun Jun 30 04:44:43 UTC 2019 /home/travis/build/icyphy/ptII/ptolemy/domains/de/test/auto/CausalityInterface2.xml
----------------- Instantiating /home/travis/build/icyphy/ptII/ptolemy/domains/de/test/auto/CausalityInterface2.xml
1 ms. Memory: 48128K Free: 8569K (18%)
----------------- Invoking toplevel() on ptolemy.moml.MoMLSimpleApplication@73be0b06
----------------- Done invoking toplevel() on ptolemy.moml.MoMLSimpleApplication@73be0b06
reloadAllAccessors: .CausalityInterface2

===========================================================================================
----------------- testing Sun Jun 30 04:44:43 UTC 2019 /home/travis/build/icyphy/ptII/ptolemy/domains/de/test/auto/CausalityInterface3.xml
----------------- Instantiating /home/travis/build/icyphy/ptII/ptolemy/domains/de/test/auto/CausalityInterface3.xml
1 ms. Memory: 48128K Free: 30467K (63%)
----------------- Invoking toplevel() on ptolemy.moml.MoMLSimpleApplication@4fe081b8
----------------- Done invoking toplevel() on ptolemy.moml.MoMLSimpleApplication@4fe081b8
reloadAllAccessors: .CausalityInterface3

===========================================================================================
----------------- testing Sun Jun 30 04:44:43 UTC 2019 /home/travis/build/icyphy/ptII/ptolemy/domains/de/test/auto/ClockDrift.xml
----------------- Instantiating /home/travis/build/icyphy/ptII/ptolemy/domains/de/test/auto/ClockDrift.xml
16 ms. Memory: 48128K Free: 18595K (39%)
----------------- Invoking toplevel() on ptolemy.moml.MoMLSimpleApplication@1401d796
----------------- Done invoking toplevel() on ptolemy.moml.MoMLSimpleApplication@1401d796
reloadAllAccessors: .ClockDrift

===========================================================================================
----------------- testing Sun Jun 30 04:44:43 UTC 2019 /home/travis/build/icyphy/ptII/ptolemy/domains/de/test/auto/ClockDriftAndValueChange.xml
----------------- Instantiating /home/travis/build/icyphy/ptII/ptolemy/domains/de/test/auto/ClockDriftAndValueChange.xml
16 ms. Memory: 48128K Free: 33772K (70%)
----------------- Invoking toplevel() on ptolemy.moml.MoMLSimpleApplication@64ba291c
----------------- Done invoking toplevel() on ptolemy.moml.MoMLSimpleApplication@64ba291c
reloadAllAccessors: .ClockDriftAndValueChange

===========================================================================================
----------------- testing Sun Jun 30 04:44:43 UTC 2019 /home/travis/build/icyphy/ptII/ptolemy/domains/de/test/auto/ClockDriftChange.xml
----------------- Instantiating /home/travis/build/icyphy/ptII/ptolemy/domains/de/test/auto/ClockDriftChange.xml
11 ms. Memory: 48128K Free: 23659K (49%)
----------------- Invoking toplevel() on ptolemy.moml.MoMLSimpleApplication@203d45d2
----------------- Done invoking toplevel() on ptolemy.moml.MoMLSimpleApplication@203d45d2
reloadAllAccessors: .ClockDriftChange

===========================================================================================
----------------- testing Sun Jun 30 04:44:43 UTC 2019 /home/travis/build/icyphy/ptII/ptolemy/domains/de/test/auto/ComposableCausalityAnalysis.xml
----------------- Instantiating /home/travis/build/icyphy/ptII/ptolemy/domains/de/test/auto/ComposableCausalityAnalysis.xml
1 ms. Memory: 48128K Free: 17870K (37%)
----------------- Invoking toplevel() on ptolemy.moml.MoMLSimpleApplication@e5aef00
----------------- Done invoking toplevel() on ptolemy.moml.MoMLSimpleApplication@e5aef00
reloadAllAccessors: .ComposableCausalityAnalysis

===========================================================================================
----------------- testing Sun Jun 30 04:44:43 UTC 2019 /home/travis/build/icyphy/ptII/ptolemy/domains/de/test/auto/DEFixedPointLimitation.xml
----------------- Instantiating /home/travis/build/icyphy/ptII/ptolemy/domains/de/test/auto/DEFixedPointLimitation.xml
1 ms. Memory: 48128K Free: 13253K (28%)
----------------- Invoking toplevel() on ptolemy.moml.MoMLSimpleApplication@37ab4441
----------------- Done invoking toplevel() on ptolemy.moml.MoMLSimpleApplication@37ab4441
reloadAllAccessors: .DEFixedPointLimitation

===========================================================================================
----------------- testing Sun Jun 30 04:44:43 UTC 2019 /home/travis/build/icyphy/ptII/ptolemy/domains/de/test/auto/DEScheduleTest.xml
----------------- Instantiating /home/travis/build/icyphy/ptII/ptolemy/domains/de/test/auto/DEScheduleTest.xml
2 ms. Memory: 48128K Free: 9068K (19%)
----------------- Invoking toplevel() on ptolemy.moml.MoMLSimpleApplication@58b03484
----------------- Done invoking toplevel() on ptolemy.moml.MoMLSimpleApplication@58b03484
reloadAllAccessors: .DEScheduleTest

===========================================================================================
----------------- testing Sun Jun 30 04:44:43 UTC 2019 /home/travis/build/icyphy/ptII/ptolemy/domains/de/test/auto/DEinDEwithStartTimes.xml
----------------- Instantiating /home/travis/build/icyphy/ptII/ptolemy/domains/de/test/auto/DEinDEwithStartTimes.xml
2 ms. Memory: 48128K Free: 29833K (62%)
----------------- Invoking toplevel() on ptolemy.moml.MoMLSimpleApplication@74b71d30
----------------- Done invoking toplevel() on ptolemy.moml.MoMLSimpleApplication@74b71d30
reloadAllAccessors: .DEinDEwithStartTimes

===========================================================================================
----------------- testing Sun Jun 30 04:44:43 UTC 2019 /home/travis/build/icyphy/ptII/ptolemy/domains/de/test/auto/DEinDEwithStartTimes2.xml
----------------- Instantiating /home/travis/build/icyphy/ptII/ptolemy/domains/de/test/auto/DEinDEwithStartTimes2.xml
3 ms. Memory: 48128K Free: 23488K (49%)
----------------- Invoking toplevel() on ptolemy.moml.MoMLSimpleApplication@8844705
----------------- Done invoking toplevel() on ptolemy.moml.MoMLSimpleApplication@8844705
reloadAllAccessors: .DEinDEwithStartTimes2

===========================================================================================
----------------- testing Sun Jun 30 04:44:43 UTC 2019 /home/travis/build/icyphy/ptII/ptolemy/domains/de/test/auto/DateDemo.xml
----------------- Instantiating /home/travis/build/icyphy/ptII/ptolemy/domains/de/test/auto/DateDemo.xml
10 ms. Memory: 48128K Free: 12448K (26%)
----------------- Invoking toplevel() on ptolemy.moml.MoMLSimpleApplication@164235bf
----------------- Done invoking toplevel() on ptolemy.moml.MoMLSimpleApplication@164235bf
reloadAllAccessors: .DateDemo

===========================================================================================
----------------- testing Sun Jun 30 04:44:43 UTC 2019 /home/travis/build/icyphy/ptII/ptolemy/domains/de/test/auto/DateToEvent.xml
----------------- Instantiating /home/travis/build/icyphy/ptII/ptolemy/domains/de/test/auto/DateToEvent.xml
2004 ms. Memory: 48128K Free: 22316K (46%)
----------------- Invoking toplevel() on ptolemy.moml.MoMLSimpleApplication@7ead52e8
----------------- Done invoking toplevel() on ptolemy.moml.MoMLSimpleApplication@7ead52e8
reloadAllAccessors: .DateToEvent

===========================================================================================
----------------- testing Sun Jun 30 04:44:45 UTC 2019 /home/travis/build/icyphy/ptII/ptolemy/domains/de/test/auto/DepthTest1.xml
----------------- Instantiating /home/travis/build/icyphy/ptII/ptolemy/domains/de/test/auto/DepthTest1.xml
2 ms. Memory: 48128K Free: 19622K (41%)
----------------- Invoking toplevel() on ptolemy.moml.MoMLSimpleApplication@48a24977
----------------- Done invoking toplevel() on ptolemy.moml.MoMLSimpleApplication@48a24977
reloadAllAccessors: .DepthTest1

===========================================================================================
----------------- testing Sun Jun 30 04:44:45 UTC 2019 /home/travis/build/icyphy/ptII/ptolemy/domains/de/test/auto/DepthTest2.xml
----------------- Instantiating /home/travis/build/icyphy/ptII/ptolemy/domains/de/test/auto/DepthTest2.xml
1 ms. Memory: 48128K Free: 13271K (28%)
----------------- Invoking toplevel() on ptolemy.moml.MoMLSimpleApplication@7f8d938f
----------------- Done invoking toplevel() on ptolemy.moml.MoMLSimpleApplication@7f8d938f
reloadAllAccessors: .DepthTest2

===========================================================================================
----------------- testing Sun Jun 30 04:44:45 UTC 2019 /home/travis/build/icyphy/ptII/ptolemy/domains/de/test/auto/DepthTest3.xml
----------------- Instantiating /home/travis/build/icyphy/ptII/ptolemy/domains/de/test/auto/DepthTest3.xml
1 ms. Memory: 48128K Free: 10414K (22%)
----------------- Invoking toplevel() on ptolemy.moml.MoMLSimpleApplication@11a27016
----------------- Done invoking toplevel() on ptolemy.moml.MoMLSimpleApplication@11a27016
reloadAllAccessors: .DepthTest3

===========================================================================================
----------------- testing Sun Jun 30 04:44:45 UTC 2019 /home/travis/build/icyphy/ptII/ptolemy/domains/de/test/auto/DepthTest4.xml
----------------- Instantiating /home/travis/build/icyphy/ptII/ptolemy/domains/de/test/auto/DepthTest4.xml
2 ms. Memory: 48128K Free: 31516K (65%)
----------------- Invoking toplevel() on ptolemy.moml.MoMLSimpleApplication@4d1bd424
----------------- Done invoking toplevel() on ptolemy.moml.MoMLSimpleApplication@4d1bd424
reloadAllAccessors: .DepthTest4

===========================================================================================
----------------- testing Sun Jun 30 04:44:45 UTC 2019 /home/travis/build/icyphy/ptII/ptolemy/domains/de/test/auto/DepthTest5.xml
----------------- Instantiating /home/travis/build/icyphy/ptII/ptolemy/domains/de/test/auto/DepthTest5.xml
2 ms. Memory: 48128K Free: 26184K (54%)
----------------- Invoking toplevel() on ptolemy.moml.MoMLSimpleApplication@7cfd30c6
----------------- Done invoking toplevel() on ptolemy.moml.MoMLSimpleApplication@7cfd30c6
reloadAllAccessors: .DepthTest5

===========================================================================================
----------------- testing Sun Jun 30 04:44:45 UTC 2019 /home/travis/build/icyphy/ptII/ptolemy/domains/de/test/auto/DepthTest6.xml
----------------- Instantiating /home/travis/build/icyphy/ptII/ptolemy/domains/de/test/auto/DepthTest6.xml
2 ms. Memory: 48128K Free: 20994K (44%)
----------------- Invoking toplevel() on ptolemy.moml.MoMLSimpleApplication@73426f39
----------------- Done invoking toplevel() on ptolemy.moml.MoMLSimpleApplication@73426f39
reloadAllAccessors: .DepthTest6

===========================================================================================
----------------- testing Sun Jun 30 04:44:45 UTC 2019 /home/travis/build/icyphy/ptII/ptolemy/domains/de/test/auto/DepthTest7.xml
----------------- Instantiating /home/travis/build/icyphy/ptII/ptolemy/domains/de/test/auto/DepthTest7.xml
2 ms. Memory: 48128K Free: 16114K (33%)
----------------- Invoking toplevel() on ptolemy.moml.MoMLSimpleApplication@10e6268f
----------------- Done invoking toplevel() on ptolemy.moml.MoMLSimpleApplication@10e6268f
reloadAllAccessors: .DepthTest7

===========================================================================================
----------------- testing Sun Jun 30 04:44:45 UTC 2019 /home/travis/build/icyphy/ptII/ptolemy/domains/de/test/auto/EventToDate.xml
----------------- Instantiating /home/travis/build/icyphy/ptII/ptolemy/domains/de/test/auto/EventToDate.xml
3004 ms. Memory: 48128K Free: 28429K (59%)
----------------- Invoking toplevel() on ptolemy.moml.MoMLSimpleApplication@4d679713
----------------- Done invoking toplevel() on ptolemy.moml.MoMLSimpleApplication@4d679713
reloadAllAccessors: .EventToDate

===========================================================================================
----------------- testing Sun Jun 30 04:44:48 UTC 2019 /home/travis/build/icyphy/ptII/ptolemy/domains/de/test/auto/FSM1.xml
----------------- Instantiating /home/travis/build/icyphy/ptII/ptolemy/domains/de/test/auto/FSM1.xml
25 ms. Memory: 48128K Free: 16113K (33%)
----------------- Invoking toplevel() on ptolemy.moml.MoMLSimpleApplication@5250aef8
----------------- Done invoking toplevel() on ptolemy.moml.MoMLSimpleApplication@5250aef8
reloadAllAccessors: .FSM1

===========================================================================================
----------------- testing Sun Jun 30 04:44:48 UTC 2019 /home/travis/build/icyphy/ptII/ptolemy/domains/de/test/auto/FSM7.xml
----------------- Instantiating /home/travis/build/icyphy/ptII/ptolemy/domains/de/test/auto/FSM7.xml
23 ms. Memory: 48128K Free: 29537K (61%)
----------------- Invoking toplevel() on ptolemy.moml.MoMLSimpleApplication@40a02e3f
----------------- Done invoking toplevel() on ptolemy.moml.MoMLSimpleApplication@40a02e3f
reloadAllAccessors: .FSM7

===========================================================================================
----------------- testing Sun Jun 30 04:44:48 UTC 2019 /home/travis/build/icyphy/ptII/ptolemy/domains/de/test/auto/Inspection.xml
----------------- Instantiating /home/travis/build/icyphy/ptII/ptolemy/domains/de/test/auto/Inspection.xml
12 ms. Memory: 48128K Free: 17465K (36%)
----------------- Invoking toplevel() on ptolemy.moml.MoMLSimpleApplication@78491134
----------------- Done invoking toplevel() on ptolemy.moml.MoMLSimpleApplication@78491134
reloadAllAccessors: .Inspection

===========================================================================================
----------------- testing Sun Jun 30 04:44:48 UTC 2019 /home/travis/build/icyphy/ptII/ptolemy/domains/de/test/auto/Iteration.xml
----------------- Instantiating /home/travis/build/icyphy/ptII/ptolemy/domains/de/test/auto/Iteration.xml
14 ms. Memory: 48128K Free: 10651K (22%)
----------------- Invoking toplevel() on ptolemy.moml.MoMLSimpleApplication@3b1962e9
----------------- Done invoking toplevel() on ptolemy.moml.MoMLSimpleApplication@3b1962e9
reloadAllAccessors: .Iteration

===========================================================================================
----------------- testing Sun Jun 30 04:44:48 UTC 2019 /home/travis/build/icyphy/ptII/ptolemy/domains/de/test/auto/LineFault.xml
----------------- Instantiating /home/travis/build/icyphy/ptII/ptolemy/domains/de/test/auto/LineFault.xml
497 ms. Memory: 48128K Free: 23031K (48%)
----------------- Invoking toplevel() on ptolemy.moml.MoMLSimpleApplication@41b32773
----------------- Done invoking toplevel() on ptolemy.moml.MoMLSimpleApplication@41b32773
reloadAllAccessors: .LineFault

===========================================================================================
----------------- testing Sun Jun 30 04:44:49 UTC 2019 /home/travis/build/icyphy/ptII/ptolemy/domains/de/test/auto/MergeModel1Add.xml
----------------- Instantiating /home/travis/build/icyphy/ptII/ptolemy/domains/de/test/auto/MergeModel1Add.xml
7 ms. Memory: 58368K Free: 36532K (63%)
----------------- Invoking toplevel() on ptolemy.moml.MoMLSimpleApplication@1130483d
----------------- Done invoking toplevel() on ptolemy.moml.MoMLSimpleApplication@1130483d
reloadAllAccessors: .MergeModel1Add

===========================================================================================
----------------- testing Sun Jun 30 04:44:49 UTC 2019 /home/travis/build/icyphy/ptII/ptolemy/domains/de/test/auto/MergeModel2Add.xml
----------------- Instantiating /home/travis/build/icyphy/ptII/ptolemy/domains/de/test/auto/MergeModel2Add.xml
6 ms. Memory: 58368K Free: 18614K (32%)
----------------- Invoking toplevel() on ptolemy.moml.MoMLSimpleApplication@3265343
----------------- Done invoking toplevel() on ptolemy.moml.MoMLSimpleApplication@3265343
reloadAllAccessors: .MergeModel2Add

===========================================================================================
----------------- testing Sun Jun 30 04:44:49 UTC 2019 /home/travis/build/icyphy/ptII/ptolemy/domains/de/test/auto/MergeModel3Add.xml
----------------- Instantiating /home/travis/build/icyphy/ptII/ptolemy/domains/de/test/auto/MergeModel3Add.xml
6 ms. Memory: 58368K Free: 26499K (45%)
----------------- Invoking toplevel() on ptolemy.moml.MoMLSimpleApplication@1ace495e
----------------- Done invoking toplevel() on ptolemy.moml.MoMLSimpleApplication@1ace495e
reloadAllAccessors: .MergeModel3Add

===========================================================================================
----------------- testing Sun Jun 30 04:44:49 UTC 2019 /home/travis/build/icyphy/ptII/ptolemy/domains/de/test/auto/MergeWithoutDiscard.xml
----------------- Instantiating /home/travis/build/icyphy/ptII/ptolemy/domains/de/test/auto/MergeWithoutDiscard.xml
1 ms. Memory: 58368K Free: 22387K (38%)
----------------- Invoking toplevel() on ptolemy.moml.MoMLSimpleApplication@567e795b
----------------- Done invoking toplevel() on ptolemy.moml.MoMLSimpleApplication@567e795b
reloadAllAccessors: .MergeWithoutDiscard

===========================================================================================
----------------- testing Sun Jun 30 04:44:49 UTC 2019 /home/travis/build/icyphy/ptII/ptolemy/domains/de/test/auto/Modal1.xml
----------------- Instantiating /home/travis/build/icyphy/ptII/ptolemy/domains/de/test/auto/Modal1.xml
7 ms. Memory: 58368K Free: 36931K (63%)
----------------- Invoking toplevel() on ptolemy.moml.MoMLSimpleApplication@12e6916c
----------------- Done invoking toplevel() on ptolemy.moml.MoMLSimpleApplication@12e6916c
reloadAllAccessors: .Modal1

===========================================================================================
----------------- testing Sun Jun 30 04:44:49 UTC 2019 /home/travis/build/icyphy/ptII/ptolemy/domains/de/test/auto/Modal2.xml
----------------- Instantiating /home/travis/build/icyphy/ptII/ptolemy/domains/de/test/auto/Modal2.xml
10 ms. Memory: 58368K Free: 24659K (42%)
----------------- Invoking toplevel() on ptolemy.moml.MoMLSimpleApplication@1da3a740
----------------- Done invoking toplevel() on ptolemy.moml.MoMLSimpleApplication@1da3a740
reloadAllAccessors: .Modal2

===========================================================================================
----------------- testing Sun Jun 30 04:44:49 UTC 2019 /home/travis/build/icyphy/ptII/ptolemy/domains/de/test/auto/Modal3.xml
----------------- Instantiating /home/travis/build/icyphy/ptII/ptolemy/domains/de/test/auto/Modal3.xml
15 ms. Memory: 58368K Free: 40413K (69%)
----------------- Invoking toplevel() on ptolemy.moml.MoMLSimpleApplication@58e565c6
----------------- Done invoking toplevel() on ptolemy.moml.MoMLSimpleApplication@58e565c6
reloadAllAccessors: .Modal3

===========================================================================================
----------------- testing Sun Jun 30 04:44:49 UTC 2019 /home/travis/build/icyphy/ptII/ptolemy/domains/de/test/auto/Modal4.xml
----------------- Instantiating /home/travis/build/icyphy/ptII/ptolemy/domains/de/test/auto/Modal4.xml
11 ms. Memory: 58368K Free: 27532K (47%)
----------------- Invoking toplevel() on ptolemy.moml.MoMLSimpleApplication@63b2631b
----------------- Done invoking toplevel() on ptolemy.moml.MoMLSimpleApplication@63b2631b
reloadAllAccessors: .Modal4

===========================================================================================
----------------- testing Sun Jun 30 04:44:49 UTC 2019 /home/travis/build/icyphy/ptII/ptolemy/domains/de/test/auto/Modal5.xml
----------------- Instantiating /home/travis/build/icyphy/ptII/ptolemy/domains/de/test/auto/Modal5.xml
13 ms. Memory: 58368K Free: 42229K (72%)
----------------- Invoking toplevel() on ptolemy.moml.MoMLSimpleApplication@55b9fab1
----------------- Done invoking toplevel() on ptolemy.moml.MoMLSimpleApplication@55b9fab1
reloadAllAccessors: .Modal5

===========================================================================================
----------------- testing Sun Jun 30 04:44:49 UTC 2019 /home/travis/build/icyphy/ptII/ptolemy/domains/de/test/auto/Modal6.xml
----------------- Instantiating /home/travis/build/icyphy/ptII/ptolemy/domains/de/test/auto/Modal6.xml
10 ms. Memory: 58368K Free: 29885K (51%)
----------------- Invoking toplevel() on ptolemy.moml.MoMLSimpleApplication@460e3ab4
----------------- Done invoking toplevel() on ptolemy.moml.MoMLSimpleApplication@460e3ab4
reloadAllAccessors: .Modal6

===========================================================================================
----------------- testing Sun Jun 30 04:44:49 UTC 2019 /home/travis/build/icyphy/ptII/ptolemy/domains/de/test/auto/Modal7.xml
----------------- Instantiating /home/travis/build/icyphy/ptII/ptolemy/domains/de/test/auto/Modal7.xml
10 ms. Memory: 58368K Free: 16760K (29%)
----------------- Invoking toplevel() on ptolemy.moml.MoMLSimpleApplication@269ecc51
----------------- Done invoking toplevel() on ptolemy.moml.MoMLSimpleApplication@269ecc51
reloadAllAccessors: .Modal7

===========================================================================================
----------------- testing Sun Jun 30 04:44:49 UTC 2019 /home/travis/build/icyphy/ptII/ptolemy/domains/de/test/auto/ModalModel.xml
----------------- Instantiating /home/travis/build/icyphy/ptII/ptolemy/domains/de/test/auto/ModalModel.xml
135 ms. Memory: 70656K Free: 21324K (30%)
----------------- Invoking toplevel() on ptolemy.moml.MoMLSimpleApplication@58cd17c7
----------------- Done invoking toplevel() on ptolemy.moml.MoMLSimpleApplication@58cd17c7
reloadAllAccessors: .ModalModel

===========================================================================================
----------------- testing Sun Jun 30 04:44:50 UTC 2019 /home/travis/build/icyphy/ptII/ptolemy/domains/de/test/auto/ModalSource.xml
----------------- Instantiating /home/travis/build/icyphy/ptII/ptolemy/domains/de/test/auto/ModalSource.xml
6 ms. Memory: 70656K Free: 46011K (65%)
----------------- Invoking toplevel() on ptolemy.moml.MoMLSimpleApplication@24d22d51
----------------- Done invoking toplevel() on ptolemy.moml.MoMLSimpleApplication@24d22d51
reloadAllAccessors: .ModalSource

===========================================================================================
----------------- testing Sun Jun 30 04:44:50 UTC 2019 /home/travis/build/icyphy/ptII/ptolemy/domains/de/test/auto/NonInterruptibleTimerZeroDelay.xml
----------------- Instantiating /home/travis/build/icyphy/ptII/ptolemy/domains/de/test/auto/NonInterruptibleTimerZeroDelay.xml
2 ms. Memory: 70656K Free: 42261K (60%)
----------------- Invoking toplevel() on ptolemy.moml.MoMLSimpleApplication@557f449
----------------- Done invoking toplevel() on ptolemy.moml.MoMLSimpleApplication@557f449
reloadAllAccessors: .NonInterruptibleTimerZeroDelay

===========================================================================================
----------------- testing Sun Jun 30 04:44:50 UTC 2019 /home/travis/build/icyphy/ptII/ptolemy/domains/de/test/auto/OpenQueueingNetwork.xml
----------------- Instantiating /home/travis/build/icyphy/ptII/ptolemy/domains/de/test/auto/OpenQueueingNetwork.xml
2337 ms. Memory: 238592K Free: 161936K (68%)
----------------- Invoking toplevel() on ptolemy.moml.MoMLSimpleApplication@5fe27d5
----------------- Done invoking toplevel() on ptolemy.moml.MoMLSimpleApplication@5fe27d5
reloadAllAccessors: .OpenQueueingNetwork

===========================================================================================
----------------- testing Sun Jun 30 04:44:52 UTC 2019 /home/travis/build/icyphy/ptII/ptolemy/domains/de/test/auto/OpenQueuingNetwork.xml
----------------- Instantiating /home/travis/build/icyphy/ptII/ptolemy/domains/de/test/auto/OpenQueuingNetwork.xml
276 ms. Memory: 238592K Free: 211948K (89%)
----------------- Invoking toplevel() on ptolemy.moml.MoMLSimpleApplication@135c500e
----------------- Done invoking toplevel() on ptolemy.moml.MoMLSimpleApplication@135c500e
reloadAllAccessors: .OpenQueuingNetwork

===========================================================================================
----------------- testing Sun Jun 30 04:44:52 UTC 2019 /home/travis/build/icyphy/ptII/ptolemy/domains/de/test/auto/PeriodicSampler.xml
----------------- Instantiating /home/travis/build/icyphy/ptII/ptolemy/domains/de/test/auto/PeriodicSampler.xml
2 ms. Memory: 238592K Free: 207338K (87%)
----------------- Invoking toplevel() on ptolemy.moml.MoMLSimpleApplication@41bb30d
----------------- Done invoking toplevel() on ptolemy.moml.MoMLSimpleApplication@41bb30d
reloadAllAccessors: .PeriodicSampler

===========================================================================================
----------------- testing Sun Jun 30 04:44:52 UTC 2019 /home/travis/build/icyphy/ptII/ptolemy/domains/de/test/auto/PersistentIO.xml
----------------- Instantiating /home/travis/build/icyphy/ptII/ptolemy/domains/de/test/auto/PersistentIO.xml
8 ms. Memory: 238592K Free: 198092K (83%)
----------------- Invoking toplevel() on ptolemy.moml.MoMLSimpleApplication@7133e08d
----------------- Done invoking toplevel() on ptolemy.moml.MoMLSimpleApplication@7133e08d
reloadAllAccessors: .PersistentIO

===========================================================================================
----------------- testing Sun Jun 30 04:44:52 UTC 2019 /home/travis/build/icyphy/ptII/ptolemy/domains/de/test/auto/PortParameterResetOnInitialize.xml
----------------- Instantiating /home/travis/build/icyphy/ptII/ptolemy/domains/de/test/auto/PortParameterResetOnInitialize.xml
5 ms. Memory: 238592K Free: 193516K (81%)
----------------- Invoking toplevel() on ptolemy.moml.MoMLSimpleApplication@246656e
----------------- Done invoking toplevel() on ptolemy.moml.MoMLSimpleApplication@246656e
reloadAllAccessors: .PortParameterResetOnInitialize

===========================================================================================
----------------- testing Sun Jun 30 04:44:52 UTC 2019 /home/travis/build/icyphy/ptII/ptolemy/domains/de/test/auto/PortParameterUpdates.xml
----------------- Instantiating /home/travis/build/icyphy/ptII/ptolemy/domains/de/test/auto/PortParameterUpdates.xml
4 ms. Memory: 238592K Free: 186844K (78%)
----------------- Invoking toplevel() on ptolemy.moml.MoMLSimpleApplication@4f115fc
----------------- Done invoking toplevel() on ptolemy.moml.MoMLSimpleApplication@4f115fc
reloadAllAccessors: .PortParameterUpdates

===========================================================================================
----------------- testing Sun Jun 30 04:44:52 UTC 2019 /home/travis/build/icyphy/ptII/ptolemy/domains/de/test/auto/QueueAndServer.xml
----------------- Instantiating /home/travis/build/icyphy/ptII/ptolemy/domains/de/test/auto/QueueAndServer.xml
5 ms. Memory: 238592K Free: 179180K (75%)
----------------- Invoking toplevel() on ptolemy.moml.MoMLSimpleApplication@4d703b12
----------------- Done invoking toplevel() on ptolemy.moml.MoMLSimpleApplication@4d703b12
reloadAllAccessors: .QueueAndServer

===========================================================================================
----------------- testing Sun Jun 30 04:44:52 UTC 2019 /home/travis/build/icyphy/ptII/ptolemy/domains/de/test/auto/Records.xml
----------------- Instantiating /home/travis/build/icyphy/ptII/ptolemy/domains/de/test/auto/Records.xml
9 ms. Memory: 238592K Free: 173546K (73%)
----------------- Invoking toplevel() on ptolemy.moml.MoMLSimpleApplication@3e7a627c
----------------- Done invoking toplevel() on ptolemy.moml.MoMLSimpleApplication@3e7a627c
reloadAllAccessors: .Records

===========================================================================================
----------------- testing Sun Jun 30 04:44:52 UTC 2019 /home/travis/build/icyphy/ptII/ptolemy/domains/de/test/auto/ResetTransitionWithStartTime1.xml
----------------- Instantiating /home/travis/build/icyphy/ptII/ptolemy/domains/de/test/auto/ResetTransitionWithStartTime1.xml
9 ms. Memory: 238592K Free: 165324K (69%)
----------------- Invoking toplevel() on ptolemy.moml.MoMLSimpleApplication@790ea159
----------------- Done invoking toplevel() on ptolemy.moml.MoMLSimpleApplication@790ea159
reloadAllAccessors: .ResetTransitionWithStartTime1

===========================================================================================
----------------- testing Sun Jun 30 04:44:52 UTC 2019 /home/travis/build/icyphy/ptII/ptolemy/domains/de/test/auto/ResetTransitionWithStartTime2.xml
----------------- Instantiating /home/travis/build/icyphy/ptII/ptolemy/domains/de/test/auto/ResetTransitionWithStartTime2.xml
8 ms. Memory: 238592K Free: 157148K (66%)
----------------- Invoking toplevel() on ptolemy.moml.MoMLSimpleApplication@5b453ff9
----------------- Done invoking toplevel() on ptolemy.moml.MoMLSimpleApplication@5b453ff9
reloadAllAccessors: .ResetTransitionWithStartTime2

===========================================================================================
----------------- testing Sun Jun 30 04:44:53 UTC 2019 /home/travis/build/icyphy/ptII/ptolemy/domains/de/test/auto/ResetTransitionWithStartTime3.xml
----------------- Instantiating /home/travis/build/icyphy/ptII/ptolemy/domains/de/test/auto/ResetTransitionWithStartTime3.xml
5 ms. Memory: 238592K Free: 148940K (62%)
----------------- Invoking toplevel() on ptolemy.moml.MoMLSimpleApplication@28cade63
----------------- Done invoking toplevel() on ptolemy.moml.MoMLSimpleApplication@28cade63
reloadAllAccessors: .ResetTransitionWithStartTime3

===========================================================================================
----------------- testing Sun Jun 30 04:44:53 UTC 2019 /home/travis/build/icyphy/ptII/ptolemy/domains/de/test/auto/ResetTransitionWithStartTime4.xml
----------------- Instantiating /home/travis/build/icyphy/ptII/ptolemy/domains/de/test/auto/ResetTransitionWithStartTime4.xml
3 ms. Memory: 238592K Free: 141292K (59%)
----------------- Invoking toplevel() on ptolemy.moml.MoMLSimpleApplication@b3e6d1c
----------------- Done invoking toplevel() on ptolemy.moml.MoMLSimpleApplication@b3e6d1c
reloadAllAccessors: .ResetTransitionWithStartTime4

===========================================================================================
----------------- testing Sun Jun 30 04:44:53 UTC 2019 /home/travis/build/icyphy/ptII/ptolemy/domains/de/test/auto/ResettableTimer1.xml
----------------- Instantiating /home/travis/build/icyphy/ptII/ptolemy/domains/de/test/auto/ResettableTimer1.xml
2 ms. Memory: 238592K Free: 137196K (58%)
----------------- Invoking toplevel() on ptolemy.moml.MoMLSimpleApplication@25cf03da
----------------- Done invoking toplevel() on ptolemy.moml.MoMLSimpleApplication@25cf03da
reloadAllAccessors: .ResettableTimer1

===========================================================================================
----------------- testing Sun Jun 30 04:44:53 UTC 2019 /home/travis/build/icyphy/ptII/ptolemy/domains/de/test/auto/ResettableTimer2.xml
----------------- Instantiating /home/travis/build/icyphy/ptII/ptolemy/domains/de/test/auto/ResettableTimer2.xml
2 ms. Memory: 238592K Free: 133100K (56%)
----------------- Invoking toplevel() on ptolemy.moml.MoMLSimpleApplication@2d427fa2
----------------- Done invoking toplevel() on ptolemy.moml.MoMLSimpleApplication@2d427fa2
reloadAllAccessors: .ResettableTimer2

===========================================================================================
----------------- testing Sun Jun 30 04:44:53 UTC 2019 /home/travis/build/icyphy/ptII/ptolemy/domains/de/test/auto/ResettableTimer3.xml
----------------- Instantiating /home/travis/build/icyphy/ptII/ptolemy/domains/de/test/auto/ResettableTimer3.xml
1 ms. Memory: 238592K Free: 129004K (54%)
----------------- Invoking toplevel() on ptolemy.moml.MoMLSimpleApplication@1f487fda
----------------- Done invoking toplevel() on ptolemy.moml.MoMLSimpleApplication@1f487fda
reloadAllAccessors: .ResettableTimer3

===========================================================================================
----------------- testing Sun Jun 30 04:44:53 UTC 2019 /home/travis/build/icyphy/ptII/ptolemy/domains/de/test/auto/ResettableTimer4.xml
----------------- Instantiating /home/travis/build/icyphy/ptII/ptolemy/domains/de/test/auto/ResettableTimer4.xml
1 ms. Memory: 238592K Free: 124908K (52%)
----------------- Invoking toplevel() on ptolemy.moml.MoMLSimpleApplication@5e01b764
----------------- Done invoking toplevel() on ptolemy.moml.MoMLSimpleApplication@5e01b764
reloadAllAccessors: .ResettableTimer4

===========================================================================================
----------------- testing Sun Jun 30 04:44:53 UTC 2019 /home/travis/build/icyphy/ptII/ptolemy/domains/de/test/auto/ResettableTimer5.xml
----------------- Instantiating /home/travis/build/icyphy/ptII/ptolemy/domains/de/test/auto/ResettableTimer5.xml
1 ms. Memory: 238592K Free: 120812K (51%)
----------------- Invoking toplevel() on ptolemy.moml.MoMLSimpleApplication@3bc96cc8
----------------- Done invoking toplevel() on ptolemy.moml.MoMLSimpleApplication@3bc96cc8
reloadAllAccessors: .ResettableTimer5

===========================================================================================
----------------- testing Sun Jun 30 04:44:53 UTC 2019 /home/travis/build/icyphy/ptII/ptolemy/domains/de/test/auto/ResettableTimer6.xml
----------------- Instantiating /home/travis/build/icyphy/ptII/ptolemy/domains/de/test/auto/ResettableTimer6.xml
8 ms. Memory: 238592K Free: 116199K (49%)
----------------- Invoking toplevel() on ptolemy.moml.MoMLSimpleApplication@6a69a605
----------------- Done invoking toplevel() on ptolemy.moml.MoMLSimpleApplication@6a69a605
reloadAllAccessors: .ResettableTimer6

===========================================================================================
----------------- testing Sun Jun 30 04:44:53 UTC 2019 /home/travis/build/icyphy/ptII/ptolemy/domains/de/test/auto/ServerZeroDelay.xml
----------------- Instantiating /home/travis/build/icyphy/ptII/ptolemy/domains/de/test/auto/ServerZeroDelay.xml
2 ms. Memory: 238592K Free: 112092K (47%)
----------------- Invoking toplevel() on ptolemy.moml.MoMLSimpleApplication@5397e07e
----------------- Done invoking toplevel() on ptolemy.moml.MoMLSimpleApplication@5397e07e
reloadAllAccessors: .ServerZeroDelay

===========================================================================================
----------------- testing Sun Jun 30 04:44:53 UTC 2019 /home/travis/build/icyphy/ptII/ptolemy/domains/de/test/auto/SmartSender.xml
----------------- Instantiating /home/travis/build/icyphy/ptII/ptolemy/domains/de/test/auto/SmartSender.xml
3002 ms. Memory: 238592K Free: 108010K (45%)
----------------- Invoking toplevel() on ptolemy.moml.MoMLSimpleApplication@6df6a4b8
----------------- Done invoking toplevel() on ptolemy.moml.MoMLSimpleApplication@6df6a4b8
reloadAllAccessors: .SmartSender

===========================================================================================
----------------- testing Sun Jun 30 04:44:56 UTC 2019 /home/travis/build/icyphy/ptII/ptolemy/domains/de/test/auto/ThreadedComposite.xml
----------------- Instantiating /home/travis/build/icyphy/ptII/ptolemy/domains/de/test/auto/ThreadedComposite.xml
201 ms. Memory: 238592K Free: 213797K (90%)
----------------- Invoking toplevel() on ptolemy.moml.MoMLSimpleApplication@610dd230
----------------- Done invoking toplevel() on ptolemy.moml.MoMLSimpleApplication@610dd230
reloadAllAccessors: .ThreadedComposite

===========================================================================================
----------------- testing Sun Jun 30 04:44:56 UTC 2019 /home/travis/build/icyphy/ptII/ptolemy/domains/de/test/auto/Time.xml
----------------- Instantiating /home/travis/build/icyphy/ptII/ptolemy/domains/de/test/auto/Time.xml
429 ms. Memory: 238592K Free: 161182K (68%)
----------------- Invoking toplevel() on ptolemy.moml.MoMLSimpleApplication@2a6a5bbf
----------------- Done invoking toplevel() on ptolemy.moml.MoMLSimpleApplication@2a6a5bbf
reloadAllAccessors: .Time

===========================================================================================
----------------- testing Sun Jun 30 04:44:56 UTC 2019 /home/travis/build/icyphy/ptII/ptolemy/domains/de/test/auto/TimeDelayZeroDelay.xml
----------------- Instantiating /home/travis/build/icyphy/ptII/ptolemy/domains/de/test/auto/TimeDelayZeroDelay.xml
4 ms. Memory: 238592K Free: 157086K (66%)
----------------- Invoking toplevel() on ptolemy.moml.MoMLSimpleApplication@37b9af45
----------------- Done invoking toplevel() on ptolemy.moml.MoMLSimpleApplication@37b9af45
reloadAllAccessors: .TimeDelayZeroDelay

===========================================================================================
----------------- testing Sun Jun 30 04:44:56 UTC 2019 /home/travis/build/icyphy/ptII/ptolemy/domains/de/test/auto/TimerZeroDelay.xml
----------------- Instantiating /home/travis/build/icyphy/ptII/ptolemy/domains/de/test/auto/TimerZeroDelay.xml
2 ms. Memory: 238592K Free: 152990K (64%)
----------------- Invoking toplevel() on ptolemy.moml.MoMLSimpleApplication@163c9a44
----------------- Done invoking toplevel() on ptolemy.moml.MoMLSimpleApplication@163c9a44
reloadAllAccessors: .TimerZeroDelay

===========================================================================================
----------------- testing Sun Jun 30 04:44:56 UTC 2019 /home/travis/build/icyphy/ptII/ptolemy/domains/de/test/auto/TimingParadox.xml
----------------- Instantiating /home/travis/build/icyphy/ptII/ptolemy/domains/de/test/auto/TimingParadox.xml
291 ms. Memory: 238592K Free: 86430K (36%)
----------------- Invoking toplevel() on ptolemy.moml.MoMLSimpleApplication@4a3fe7de
----------------- Done invoking toplevel() on ptolemy.moml.MoMLSimpleApplication@4a3fe7de
reloadAllAccessors: .TimingParadox

===========================================================================================
----------------- testing Sun Jun 30 04:44:57 UTC 2019 /home/travis/build/icyphy/ptII/ptolemy/domains/de/test/auto/TransferInputs.xml
----------------- Instantiating /home/travis/build/icyphy/ptII/ptolemy/domains/de/test/auto/TransferInputs.xml
9 ms. Memory: 238592K Free: 222572K (93%)
----------------- Invoking toplevel() on ptolemy.moml.MoMLSimpleApplication@4dc22b7f
----------------- Done invoking toplevel() on ptolemy.moml.MoMLSimpleApplication@4dc22b7f
reloadAllAccessors: .TransferInputs

===========================================================================================
----------------- testing Sun Jun 30 04:44:57 UTC 2019 /home/travis/build/icyphy/ptII/ptolemy/domains/de/test/auto/TransferOutputs2.xml
----------------- Instantiating /home/travis/build/icyphy/ptII/ptolemy/domains/de/test/auto/TransferOutputs2.xml
3 ms. Memory: 238592K Free: 214145K (90%)
----------------- Invoking toplevel() on ptolemy.moml.MoMLSimpleApplication@6e3dfd0e
----------------- Done invoking toplevel() on ptolemy.moml.MoMLSimpleApplication@6e3dfd0e
reloadAllAccessors: .TransferOutputs2

===========================================================================================
----------------- testing Sun Jun 30 04:44:57 UTC 2019 /home/travis/build/icyphy/ptII/ptolemy/domains/de/test/auto/Trilateration.xml
----------------- Instantiating /home/travis/build/icyphy/ptII/ptolemy/domains/de/test/auto/Trilateration.xml
12443 ms. Memory: 435200K Free: 229159K (53%)
----------------- Invoking toplevel() on ptolemy.moml.MoMLSimpleApplication@2e6e0a46
----------------- Done invoking toplevel() on ptolemy.moml.MoMLSimpleApplication@2e6e0a46
reloadAllAccessors: .Trilateration

===========================================================================================
----------------- testing Sun Jun 30 04:45:10 UTC 2019 /home/travis/build/icyphy/ptII/ptolemy/domains/de/test/auto/TwoSigmaDelta.xml
----------------- Instantiating /home/travis/build/icyphy/ptII/ptolemy/domains/de/test/auto/TwoSigmaDelta.xml
2154 ms. Memory: 522240K Free: 367942K (70%)
----------------- Invoking toplevel() on ptolemy.moml.MoMLSimpleApplication@7a38f288
----------------- Done invoking toplevel() on ptolemy.moml.MoMLSimpleApplication@7a38f288
reloadAllAccessors: .TwoSigmaDelta

===========================================================================================
----------------- testing Sun Jun 30 04:45:12 UTC 2019 /home/travis/build/icyphy/ptII/ptolemy/domains/de/test/auto/VariableDelay.xml
----------------- Instantiating /home/travis/build/icyphy/ptII/ptolemy/domains/de/test/auto/VariableDelay.xml
7 ms. Memory: 522240K Free: 362822K (69%)
----------------- Invoking toplevel() on ptolemy.moml.MoMLSimpleApplication@3934919f
----------------- Done invoking toplevel() on ptolemy.moml.MoMLSimpleApplication@3934919f
reloadAllAccessors: .VariableDelay

===========================================================================================
----------------- testing Sun Jun 30 04:45:12 UTC 2019 /home/travis/build/icyphy/ptII/ptolemy/domains/de/test/auto/VariableDelay2.xml
----------------- Instantiating /home/travis/build/icyphy/ptII/ptolemy/domains/de/test/auto/VariableDelay2.xml
2 ms. Memory: 522240K Free: 358198K (69%)
----------------- Invoking toplevel() on ptolemy.moml.MoMLSimpleApplication@38b9c75a
----------------- Done invoking toplevel() on ptolemy.moml.MoMLSimpleApplication@38b9c75a
reloadAllAccessors: .VariableDelay2

===========================================================================================
----------------- testing Sun Jun 30 04:45:12 UTC 2019 /home/travis/build/icyphy/ptII/ptolemy/domains/de/test/auto/VariableDelayZeroDelay.xml
----------------- Instantiating /home/travis/build/icyphy/ptII/ptolemy/domains/de/test/auto/VariableDelayZeroDelay.xml
7 ms. Memory: 522240K Free: 354116K (68%)
----------------- Invoking toplevel() on ptolemy.moml.MoMLSimpleApplication@49257a7b
----------------- Done invoking toplevel() on ptolemy.moml.MoMLSimpleApplication@49257a7b
reloadAllAccessors: .VariableDelayZeroDelay

===========================================================================================
----------------- testing Sun Jun 30 04:45:12 UTC 2019 /home/travis/build/icyphy/ptII/ptolemy/domains/de/test/auto/VariableDelayZeroDelay2.xml
----------------- Instantiating /home/travis/build/icyphy/ptII/ptolemy/domains/de/test/auto/VariableDelayZeroDelay2.xml
2 ms. Memory: 522240K Free: 350020K (67%)
----------------- Invoking toplevel() on ptolemy.moml.MoMLSimpleApplication@167096a1
----------------- Done invoking toplevel() on ptolemy.moml.MoMLSimpleApplication@167096a1
reloadAllAccessors: .VariableDelayZeroDelay2

===========================================================================================
----------------- testing Sun Jun 30 04:45:12 UTC 2019 /home/travis/build/icyphy/ptII/ptolemy/domains/de/test/auto/deInCt.xml
----------------- Instantiating /home/travis/build/icyphy/ptII/ptolemy/domains/de/test/auto/deInCt.xml
0
1
1
1
0
0
0
0
0
0
0
1
1
1
0
0
0
1
1
1
0
0
1
1
0
0
0
0
1
1
0
0
0
1
1
1
1
11 ms. Memory: 522240K Free: 344900K (66%)
----------------- Invoking toplevel() on ptolemy.moml.MoMLSimpleApplication@38eb6d68
----------------- Done invoking toplevel() on ptolemy.moml.MoMLSimpleApplication@38eb6d68
reloadAllAccessors: .deInCt

===========================================================================================
----------------- testing Sun Jun 30 04:45:12 UTC 2019 /home/travis/build/icyphy/ptII/ptolemy/domains/de/test/auto/deInCt2.xml
----------------- Instantiating /home/travis/build/icyphy/ptII/ptolemy/domains/de/test/auto/deInCt2.xml
0
1
1
1
0
0
1
1
1
0
0
1
1
1
0
0
1
1
1
0
0
1
1
1
0
0
1
1
1
0
0
1
1
1
0
0
1
1
1
0
0
0
9 ms. Memory: 522240K Free: 339774K (65%)
----------------- Invoking toplevel() on ptolemy.moml.MoMLSimpleApplication@24435e45
----------------- Done invoking toplevel() on ptolemy.moml.MoMLSimpleApplication@24435e45
reloadAllAccessors: .deInCt2

===========================================================================================
----------------- testing Sun Jun 30 04:45:12 UTC 2019 /home/travis/build/icyphy/ptII/ptolemy/domains/de/test/auto/dynamicCausalityInterface1.xml
----------------- Instantiating /home/travis/build/icyphy/ptII/ptolemy/domains/de/test/auto/dynamicCausalityInterface1.xml
5 ms. Memory: 522240K Free: 330564K (63%)
----------------- Invoking toplevel() on ptolemy.moml.MoMLSimpleApplication@75069674
----------------- Done invoking toplevel() on ptolemy.moml.MoMLSimpleApplication@75069674
reloadAllAccessors: .dynamicCausalityInterface1

===========================================================================================
----------------- testing Sun Jun 30 04:45:12 UTC 2019 /home/travis/build/icyphy/ptII/ptolemy/domains/de/test/auto/fsm_de_test.xml
----------------- Instantiating /home/travis/build/icyphy/ptII/ptolemy/domains/de/test/auto/fsm_de_test.xml
6 ms. Memory: 522240K Free: 321334K (62%)
----------------- Invoking toplevel() on ptolemy.moml.MoMLSimpleApplication@58d57e7f
----------------- Done invoking toplevel() on ptolemy.moml.MoMLSimpleApplication@58d57e7f
reloadAllAccessors: .fsm_de_test

===========================================================================================
----------------- testing Sun Jun 30 04:45:12 UTC 2019 /home/travis/build/icyphy/ptII/ptolemy/domains/de/test/auto/functionDependencyReconstruction.xml
----------------- Instantiating /home/travis/build/icyphy/ptII/ptolemy/domains/de/test/auto/functionDependencyReconstruction.xml
2 ms. Memory: 522240K Free: 306502K (59%)
----------------- Invoking toplevel() on ptolemy.moml.MoMLSimpleApplication@4a143723
----------------- Done invoking toplevel() on ptolemy.moml.MoMLSimpleApplication@4a143723
reloadAllAccessors: .functionDependencyReconstruction

===========================================================================================
----------------- testing Sun Jun 30 04:45:12 UTC 2019 /home/travis/build/icyphy/ptII/ptolemy/domains/de/test/auto/multirate.xml
----------------- Instantiating /home/travis/build/icyphy/ptII/ptolemy/domains/de/test/auto/multirate.xml
4 ms. Memory: 522240K Free: 299830K (57%)
----------------- Invoking toplevel() on ptolemy.moml.MoMLSimpleApplication@589626c1
----------------- Done invoking toplevel() on ptolemy.moml.MoMLSimpleApplication@589626c1
reloadAllAccessors: .multirate

===========================================================================================
----------------- testing Sun Jun 30 04:45:12 UTC 2019 /home/travis/build/icyphy/ptII/ptolemy/domains/de/test/auto/multirate2.xml
----------------- Instantiating /home/travis/build/icyphy/ptII/ptolemy/domains/de/test/auto/multirate2.xml
5 ms. Memory: 522240K Free: 293190K (56%)
----------------- Invoking toplevel() on ptolemy.moml.MoMLSimpleApplication@1aaf0e3b
----------------- Done invoking toplevel() on ptolemy.moml.MoMLSimpleApplication@1aaf0e3b
reloadAllAccessors: .multirate2

===========================================================================================
----------------- testing Sun Jun 30 04:45:12 UTC 2019 /home/travis/build/icyphy/ptII/ptolemy/domains/de/test/auto/realtime.xml
----------------- Instantiating /home/travis/build/icyphy/ptII/ptolemy/domains/de/test/auto/realtime.xml
10002 ms. Memory: 522240K Free: 288574K (55%)
----------------- Invoking toplevel() on ptolemy.moml.MoMLSimpleApplication@5eed00c4
----------------- Done invoking toplevel() on ptolemy.moml.MoMLSimpleApplication@5eed00c4
reloadAllAccessors: .realtime

===========================================================================================
----------------- testing Sun Jun 30 04:45:22 UTC 2019 /home/travis/build/icyphy/ptII/ptolemy/domains/de/test/auto/relationGroup.xml
----------------- Instantiating /home/travis/build/icyphy/ptII/ptolemy/domains/de/test/auto/relationGroup.xml
3 ms. Memory: 522240K Free: 284998K (55%)
----------------- Invoking toplevel() on ptolemy.moml.MoMLSimpleApplication@c0dff25
----------------- Done invoking toplevel() on ptolemy.moml.MoMLSimpleApplication@c0dff25
reloadAllAccessors: .relationGroup

===========================================================================================
----------------- testing Sun Jun 30 04:45:22 UTC 2019 /home/travis/build/icyphy/ptII/ptolemy/domains/de/test/auto/relationGroup2.xml
----------------- Instantiating /home/travis/build/icyphy/ptII/ptolemy/domains/de/test/auto/relationGroup2.xml
1 ms. Memory: 522240K Free: 281412K (54%)
----------------- Invoking toplevel() on ptolemy.moml.MoMLSimpleApplication@23120579
----------------- Done invoking toplevel() on ptolemy.moml.MoMLSimpleApplication@23120579
reloadAllAccessors: .relationGroup2

===========================================================================================
----------------- testing Sun Jun 30 04:45:23 UTC 2019 /home/travis/build/icyphy/ptII/ptolemy/domains/de/test/auto/sortWithOpaquePorts.xml
----------------- Instantiating /home/travis/build/icyphy/ptII/ptolemy/domains/de/test/auto/sortWithOpaquePorts.xml
2 ms. Memory: 522240K Free: 276806K (53%)
----------------- Invoking toplevel() on ptolemy.moml.MoMLSimpleApplication@5cd9b135
----------------- Done invoking toplevel() on ptolemy.moml.MoMLSimpleApplication@5cd9b135
reloadAllAccessors: .sortWithOpaquePorts

===========================================================================================
----------------- testing Sun Jun 30 04:45:23 UTC 2019 /home/travis/build/icyphy/ptII/ptolemy/domains/de/test/auto/transferInputsandOutputs.xml
----------------- Instantiating /home/travis/build/icyphy/ptII/ptolemy/domains/de/test/auto/transferInputsandOutputs.xml
3 ms. Memory: 522240K Free: 269638K (52%)
----------------- Invoking toplevel() on ptolemy.moml.MoMLSimpleApplication@7faccb23
----------------- Done invoking toplevel() on ptolemy.moml.MoMLSimpleApplication@7faccb23
reloadAllAccessors: .transferInputsandOutputs

===========================================================================================
----------------- testing Sun Jun 30 04:45:23 UTC 2019 /home/travis/build/icyphy/ptII/ptolemy/domains/de/test/auto/triggerType.xml
----------------- Instantiating /home/travis/build/icyphy/ptII/ptolemy/domains/de/test/auto/triggerType.xml
1 ms. Memory: 522240K Free: 265542K (51%)
----------------- Invoking toplevel() on ptolemy.moml.MoMLSimpleApplication@6ddfdc3c
----------------- Done invoking toplevel() on ptolemy.moml.MoMLSimpleApplication@6ddfdc3c
reloadAllAccessors: .triggerType
AutoTests.java: About to close Vertx.
AutoTests.java: Vertx closed.
]]></system-out>
  <system-err><![CDATA[java.lang.RuntimeException: Execution failed
	at ptolemy.moml.MoMLSimpleApplication$UnloadThread.run(MoMLSimpleApplication.java:402)
Caused by: ptolemy.kernel.util.IllegalActionException: Found a zero delay loop containing .dependencyLoop.original
  in .dependencyLoop and .dependencyLoop.original
	at ptolemy.actor.util.CausalityInterfaceForComposites._computeOutputPortDepth(CausalityInterfaceForComposites.java:759)
	at ptolemy.actor.util.CausalityInterfaceForComposites._computeInputDepth(CausalityInterfaceForComposites.java:696)
	at ptolemy.actor.util.CausalityInterfaceForComposites._computeOutputPortDepth(CausalityInterfaceForComposites.java:765)
	at ptolemy.actor.util.CausalityInterfaceForComposites._computeInputDepth(CausalityInterfaceForComposites.java:696)
	at ptolemy.actor.util.CausalityInterfaceForComposites._computeOutputPortDepth(CausalityInterfaceForComposites.java:765)
	at ptolemy.actor.util.CausalityInterfaceForComposites._computeInputDepth(CausalityInterfaceForComposites.java:696)
	at ptolemy.actor.util.CausalityInterfaceForComposites._computeActorDepth(CausalityInterfaceForComposites.java:532)
	at ptolemy.actor.util.CausalityInterfaceForComposites.checkForCycles(CausalityInterfaceForComposites.java:96)
	at ptolemy.domains.de.kernel.DEDirector.preinitialize(DEDirector.java:1338)
	at ptolemy.actor.CompositeActor.preinitialize(CompositeActor.java:1828)
	at ptolemy.actor.Manager.preinitializeAndResolveTypes(Manager.java:1040)
	at ptolemy.actor.Manager.initialize(Manager.java:710)
	at ptolemy.actor.Manager.execute(Manager.java:356)
	at ptolemy.actor.Manager.run(Manager.java:1263)
	at ptolemy.actor.Manager$PtolemyRunThread.run(Manager.java:1915)
java.lang.RuntimeException: Execution failed
	at ptolemy.moml.MoMLSimpleApplication$UnloadThread.run(MoMLSimpleApplication.java:402)
Caused by: ptolemy.kernel.util.IllegalActionException: Found a zero delay loop containing .dependencyLoop2.original
  in .dependencyLoop2 and .dependencyLoop2.original
	at ptolemy.actor.util.CausalityInterfaceForComposites._computeOutputPortDepth(CausalityInterfaceForComposites.java:759)
	at ptolemy.actor.util.CausalityInterfaceForComposites._computeInputDepth(CausalityInterfaceForComposites.java:696)
	at ptolemy.actor.util.CausalityInterfaceForComposites._computeOutputPortDepth(CausalityInterfaceForComposites.java:765)
	at ptolemy.actor.util.CausalityInterfaceForComposites._computeInputDepth(CausalityInterfaceForComposites.java:696)
	at ptolemy.actor.util.CausalityInterfaceForComposites._computeOutputPortDepth(CausalityInterfaceForComposites.java:765)
	at ptolemy.actor.util.CausalityInterfaceForComposites._computeInputDepth(CausalityInterfaceForComposites.java:696)
	at ptolemy.actor.util.CausalityInterfaceForComposites._computeActorDepth(CausalityInterfaceForComposites.java:532)
	at ptolemy.actor.util.CausalityInterfaceForComposites.checkForCycles(CausalityInterfaceForComposites.java:96)
	at ptolemy.domains.de.kernel.DEDirector.preinitialize(DEDirector.java:1338)
	at ptolemy.actor.CompositeActor.preinitialize(CompositeActor.java:1828)
	at ptolemy.actor.Manager.preinitializeAndResolveTypes(Manager.java:1040)
	at ptolemy.actor.Manager.initialize(Manager.java:710)
	at ptolemy.actor.Manager.execute(Manager.java:356)
	at ptolemy.actor.Manager.run(Manager.java:1263)
	at ptolemy.actor.Manager$PtolemyRunThread.run(Manager.java:1915)
java.lang.RuntimeException: Execution failed
	at ptolemy.moml.MoMLSimpleApplication$UnloadThread.run(MoMLSimpleApplication.java:402)
Caused by: ptolemy.kernel.util.IllegalActionException: Test fails in iteration 1.
Value was: 1.0. Should have been: 2.0
  in .DirectFeedback.Test
	at ptolemy.actor.lib.Test.fire(Test.java:268)
	at ptolemy.domains.de.kernel.DEDirector._fire(DEDirector.java:1949)
	at ptolemy.domains.de.kernel.DEDirector.fire(DEDirector.java:502)
	at ptolemy.actor.CompositeActor.fire(CompositeActor.java:455)
	at ptolemy.actor.Manager.iterate(Manager.java:851)
	at ptolemy.actor.Manager.execute(Manager.java:369)
	at ptolemy.actor.Manager.run(Manager.java:1263)
	at ptolemy.actor.Manager$PtolemyRunThread.run(Manager.java:1915)
java.lang.RuntimeException: Execution failed
	at ptolemy.moml.MoMLSimpleApplication$UnloadThread.run(MoMLSimpleApplication.java:402)
Caused by: ptolemy.kernel.util.IllegalActionException: Found a zero delay loop containing .dependencyLoop.original
  in .dependencyLoop and .dependencyLoop.original
	at ptolemy.actor.util.CausalityInterfaceForComposites._computeOutputPortDepth(CausalityInterfaceForComposites.java:759)
	at ptolemy.actor.util.CausalityInterfaceForComposites._computeInputDepth(CausalityInterfaceForComposites.java:696)
	at ptolemy.actor.util.CausalityInterfaceForComposites._computeOutputPortDepth(CausalityInterfaceForComposites.java:765)
	at ptolemy.actor.util.CausalityInterfaceForComposites._computeInputDepth(CausalityInterfaceForComposites.java:696)
	at ptolemy.actor.util.CausalityInterfaceForComposites._computeOutputPortDepth(CausalityInterfaceForComposites.java:765)
	at ptolemy.actor.util.CausalityInterfaceForComposites._computeInputDepth(CausalityInterfaceForComposites.java:696)
	at ptolemy.actor.util.CausalityInterfaceForComposites._computeActorDepth(CausalityInterfaceForComposites.java:532)
	at ptolemy.actor.util.CausalityInterfaceForComposites.checkForCycles(CausalityInterfaceForComposites.java:96)
	at ptolemy.domains.de.kernel.DEDirector.preinitialize(DEDirector.java:1338)
	at ptolemy.actor.CompositeActor.preinitialize(CompositeActor.java:1828)
	at ptolemy.actor.Manager.preinitializeAndResolveTypes(Manager.java:1040)
	at ptolemy.actor.Manager.initialize(Manager.java:710)
	at ptolemy.actor.Manager.execute(Manager.java:356)
	at ptolemy.actor.Manager.run(Manager.java:1263)
	at ptolemy.actor.Manager$PtolemyRunThread.run(Manager.java:1915)
java.lang.RuntimeException: Execution failed
	at ptolemy.moml.MoMLSimpleApplication$UnloadThread.run(MoMLSimpleApplication.java:402)
Caused by: ptolemy.kernel.util.IllegalActionException: Found a zero delay loop containing .HierarchicalModel.A
  in .HierarchicalModel and .HierarchicalModel.A
	at ptolemy.actor.util.CausalityInterfaceForComposites._computeOutputPortDepth(CausalityInterfaceForComposites.java:759)
	at ptolemy.actor.util.CausalityInterfaceForComposites._computeInputDepth(CausalityInterfaceForComposites.java:696)
	at ptolemy.actor.util.CausalityInterfaceForComposites._computeOutputPortDepth(CausalityInterfaceForComposites.java:765)
	at ptolemy.actor.util.CausalityInterfaceForComposites._computeInputDepth(CausalityInterfaceForComposites.java:696)
	at ptolemy.actor.util.CausalityInterfaceForComposites._computeOutputPortDepth(CausalityInterfaceForComposites.java:765)
	at ptolemy.actor.util.CausalityInterfaceForComposites._computeInputDepth(CausalityInterfaceForComposites.java:696)
	at ptolemy.actor.util.CausalityInterfaceForComposites._computeActorDepth(CausalityInterfaceForComposites.java:532)
	at ptolemy.actor.util.CausalityInterfaceForComposites.checkForCycles(CausalityInterfaceForComposites.java:96)
	at ptolemy.domains.de.kernel.DEDirector.preinitialize(DEDirector.java:1338)
	at ptolemy.actor.CompositeActor.preinitialize(CompositeActor.java:1828)
	at ptolemy.actor.Manager.preinitializeAndResolveTypes(Manager.java:1040)
	at ptolemy.actor.Manager.initialize(Manager.java:710)
	at ptolemy.actor.Manager.execute(Manager.java:356)
	at ptolemy.actor.Manager.run(Manager.java:1263)
	at ptolemy.actor.Manager$PtolemyRunThread.run(Manager.java:1915)
java.lang.RuntimeException: Execution failed
	at ptolemy.moml.MoMLSimpleApplication$UnloadThread.run(MoMLSimpleApplication.java:402)
Caused by: ptolemy.kernel.util.IllegalActionException: Found a zero delay loop containing .dependencyLoop2.original
  in .dependencyLoop2 and .dependencyLoop2.original
	at ptolemy.actor.util.CausalityInterfaceForComposites._computeOutputPortDepth(CausalityInterfaceForComposites.java:759)
	at ptolemy.actor.util.CausalityInterfaceForComposites._computeInputDepth(CausalityInterfaceForComposites.java:696)
	at ptolemy.actor.util.CausalityInterfaceForComposites._computeOutputPortDepth(CausalityInterfaceForComposites.java:765)
	at ptolemy.actor.util.CausalityInterfaceForComposites._computeInputDepth(CausalityInterfaceForComposites.java:696)
	at ptolemy.actor.util.CausalityInterfaceForComposites._computeOutputPortDepth(CausalityInterfaceForComposites.java:765)
	at ptolemy.actor.util.CausalityInterfaceForComposites._computeInputDepth(CausalityInterfaceForComposites.java:696)
	at ptolemy.actor.util.CausalityInterfaceForComposites._computeActorDepth(CausalityInterfaceForComposites.java:532)
	at ptolemy.actor.util.CausalityInterfaceForComposites.checkForCycles(CausalityInterfaceForComposites.java:96)
	at ptolemy.domains.de.kernel.DEDirector.preinitialize(DEDirector.java:1338)
	at ptolemy.actor.CompositeActor.preinitialize(CompositeActor.java:1828)
	at ptolemy.actor.Manager.preinitializeAndResolveTypes(Manager.java:1040)
	at ptolemy.actor.Manager.initialize(Manager.java:710)
	at ptolemy.actor.Manager.execute(Manager.java:356)
	at ptolemy.actor.Manager.run(Manager.java:1263)
	at ptolemy.actor.Manager$PtolemyRunThread.run(Manager.java:1915)
java.lang.RuntimeException: Execution failed
	at ptolemy.moml.MoMLSimpleApplication$UnloadThread.run(MoMLSimpleApplication.java:402)
Caused by: ptolemy.kernel.util.IllegalActionException: Actor is not ready to fire.  Perhaps UpSample.prefire() returned false? Try debugging the actor by selecting "Listen to Actor".  Also, for SDF check moml for tokenConsumptionRate on input.
  in .DESDFClockTest.Play Bell.Copy1:SDF Director and .DESDFClockTest.Play Bell.UpSample
	at ptolemy.actor.sched.StaticSchedulingDirector.fire(StaticSchedulingDirector.java:227)
	at ptolemy.domains.sdf.kernel.SDFDirector.fire(SDFDirector.java:500)
	at ptolemy.actor.CompositeActor.fire(CompositeActor.java:455)
	at ptolemy.domains.de.kernel.DEDirector._fire(DEDirector.java:1949)
	at ptolemy.domains.de.kernel.DEDirector.fire(DEDirector.java:502)
	at ptolemy.actor.CompositeActor.fire(CompositeActor.java:455)
	at ptolemy.actor.Manager.iterate(Manager.java:851)
	at ptolemy.actor.Manager.execute(Manager.java:369)
	at ptolemy.actor.Manager.run(Manager.java:1263)
	at ptolemy.actor.Manager$PtolemyRunThread.run(Manager.java:1915)
java.lang.RuntimeException: Execution failed
	at ptolemy.moml.MoMLSimpleApplication$UnloadThread.run(MoMLSimpleApplication.java:402)
Caused by: ptolemy.kernel.util.IllegalActionException: Actor is not ready to fire.  Perhaps UpSample.prefire() returned false? Try debugging the actor by selecting "Listen to Actor".  Also, for SDF check moml for tokenConsumptionRate on input.
  in .DESDFClockTest.Play Bell.Copy1:SDF Director and .DESDFClockTest.Play Bell.UpSample
	at ptolemy.actor.sched.StaticSchedulingDirector.fire(StaticSchedulingDirector.java:227)
	at ptolemy.domains.sdf.kernel.SDFDirector.fire(SDFDirector.java:500)
	at ptolemy.actor.CompositeActor.fire(CompositeActor.java:455)
	at ptolemy.domains.de.kernel.DEDirector._fire(DEDirector.java:1949)
	at ptolemy.domains.de.kernel.DEDirector.fire(DEDirector.java:502)
	at ptolemy.actor.CompositeActor.fire(CompositeActor.java:455)
	at ptolemy.actor.Manager.iterate(Manager.java:851)
	at ptolemy.actor.Manager.execute(Manager.java:369)
	at ptolemy.actor.Manager.run(Manager.java:1263)
	at ptolemy.actor.Manager$PtolemyRunThread.run(Manager.java:1915)
java.lang.reflect.InvocationTargetException
	at java.base/jdk.internal.reflect.NativeConstructorAccessorImpl.newInstance0(Native Method)
	at java.base/jdk.internal.reflect.NativeConstructorAccessorImpl.newInstance(NativeConstructorAccessorImpl.java:62)
	at java.base/jdk.internal.reflect.DelegatingConstructorAccessorImpl.newInstance(DelegatingConstructorAccessorImpl.java:45)
	at java.base/java.lang.reflect.Constructor.newInstance(Constructor.java:490)
	at ptolemy.util.test.junit.AutoKnownFailedTests.RunModel(AutoKnownFailedTests.java:105)
	at java.base/jdk.internal.reflect.NativeMethodAccessorImpl.invoke0(Native Method)
	at java.base/jdk.internal.reflect.NativeMethodAccessorImpl.invoke(NativeMethodAccessorImpl.java:62)
	at java.base/jdk.internal.reflect.DelegatingMethodAccessorImpl.invoke(DelegatingMethodAccessorImpl.java:43)
	at java.base/java.lang.reflect.Method.invoke(Method.java:566)
	at org.junit.runners.model.FrameworkMethod$1.runReflectiveCall(FrameworkMethod.java:44)
	at org.junit.internal.runners.model.ReflectiveCallable.run(ReflectiveCallable.java:15)
	at org.junit.runners.model.FrameworkMethod.invokeExplosively(FrameworkMethod.java:41)
	at junitparams.internal.InvokeParameterisedMethod.evaluate(InvokeParameterisedMethod.java:102)
	at org.junit.internal.runners.statements.FailOnTimeout$1.run(FailOnTimeout.java:28)
Caused by: ptolemy.kernel.util.IllegalActionException: Actor is not ready to fire.  Perhaps UpSample.prefire() returned false? Try debugging the actor by selecting "Listen to Actor".  Also, for SDF check moml for tokenConsumptionRate on input.
  in .DESDFClockTest.Play Bell.Copy1:SDF Director and .DESDFClockTest.Play Bell.UpSample
	at ptolemy.actor.sched.StaticSchedulingDirector.fire(StaticSchedulingDirector.java:227)
	at ptolemy.domains.sdf.kernel.SDFDirector.fire(SDFDirector.java:500)
	at ptolemy.actor.CompositeActor.fire(CompositeActor.java:455)
	at ptolemy.domains.de.kernel.DEDirector._fire(DEDirector.java:1949)
	at ptolemy.domains.de.kernel.DEDirector.fire(DEDirector.java:502)
	at ptolemy.actor.CompositeActor.fire(CompositeActor.java:455)
	at ptolemy.actor.Manager.iterate(Manager.java:851)
	at ptolemy.actor.Manager.execute(Manager.java:369)
	at ptolemy.actor.Manager.run(Manager.java:1263)
	at ptolemy.actor.Manager$PtolemyRunThread.run(Manager.java:1915)
java.lang.RuntimeException: Execution failed
	at ptolemy.moml.MoMLSimpleApplication$UnloadThread.run(MoMLSimpleApplication.java:402)
Caused by: ptolemy.kernel.util.IllegalActionException: Test fails in iteration 1.
Value was: 1.0. Should have been: 2.0
  in .DirectFeedback.Test
	at ptolemy.actor.lib.Test.fire(Test.java:268)
	at ptolemy.domains.de.kernel.DEDirector._fire(DEDirector.java:1949)
	at ptolemy.domains.de.kernel.DEDirector.fire(DEDirector.java:502)
	at ptolemy.actor.CompositeActor.fire(CompositeActor.java:455)
	at ptolemy.actor.Manager.iterate(Manager.java:851)
	at ptolemy.actor.Manager.execute(Manager.java:369)
	at ptolemy.actor.Manager.run(Manager.java:1263)
	at ptolemy.actor.Manager$PtolemyRunThread.run(Manager.java:1915)
java.lang.reflect.InvocationTargetException
	at java.base/jdk.internal.reflect.NativeConstructorAccessorImpl.newInstance0(Native Method)
	at java.base/jdk.internal.reflect.NativeConstructorAccessorImpl.newInstance(NativeConstructorAccessorImpl.java:62)
	at java.base/jdk.internal.reflect.DelegatingConstructorAccessorImpl.newInstance(DelegatingConstructorAccessorImpl.java:45)
	at java.base/java.lang.reflect.Constructor.newInstance(Constructor.java:490)
	at ptolemy.util.test.junit.AutoKnownFailedTests.RunModel(AutoKnownFailedTests.java:105)
	at java.base/jdk.internal.reflect.NativeMethodAccessorImpl.invoke0(Native Method)
	at java.base/jdk.internal.reflect.NativeMethodAccessorImpl.invoke(NativeMethodAccessorImpl.java:62)
	at java.base/jdk.internal.reflect.DelegatingMethodAccessorImpl.invoke(DelegatingMethodAccessorImpl.java:43)
	at java.base/java.lang.reflect.Method.invoke(Method.java:566)
	at org.junit.runners.model.FrameworkMethod$1.runReflectiveCall(FrameworkMethod.java:44)
	at org.junit.internal.runners.model.ReflectiveCallable.run(ReflectiveCallable.java:15)
	at org.junit.runners.model.FrameworkMethod.invokeExplosively(FrameworkMethod.java:41)
	at junitparams.internal.InvokeParameterisedMethod.evaluate(InvokeParameterisedMethod.java:102)
	at org.junit.internal.runners.statements.FailOnTimeout$1.run(FailOnTimeout.java:28)
Caused by: ptolemy.kernel.util.IllegalActionException: Test fails in iteration 1.
Value was: 1.0. Should have been: 2.0
  in .DirectFeedback.Test
	at ptolemy.actor.lib.Test.fire(Test.java:268)
	at ptolemy.domains.de.kernel.DEDirector._fire(DEDirector.java:1949)
	at ptolemy.domains.de.kernel.DEDirector.fire(DEDirector.java:502)
	at ptolemy.actor.CompositeActor.fire(CompositeActor.java:455)
	at ptolemy.actor.Manager.iterate(Manager.java:851)
	at ptolemy.actor.Manager.execute(Manager.java:369)
	at ptolemy.actor.Manager.run(Manager.java:1263)
	at ptolemy.actor.Manager$PtolemyRunThread.run(Manager.java:1915)
java.lang.RuntimeException: Execution failed
	at ptolemy.moml.MoMLSimpleApplication$UnloadThread.run(MoMLSimpleApplication.java:402)
Caused by: ptolemy.kernel.util.IllegalActionException: Found a zero delay loop containing .HierarchicalModel.A
  in .HierarchicalModel and .HierarchicalModel.A
	at ptolemy.actor.util.CausalityInterfaceForComposites._computeOutputPortDepth(CausalityInterfaceForComposites.java:759)
	at ptolemy.actor.util.CausalityInterfaceForComposites._computeInputDepth(CausalityInterfaceForComposites.java:696)
	at ptolemy.actor.util.CausalityInterfaceForComposites._computeOutputPortDepth(CausalityInterfaceForComposites.java:765)
	at ptolemy.actor.util.CausalityInterfaceForComposites._computeInputDepth(CausalityInterfaceForComposites.java:696)
	at ptolemy.actor.util.CausalityInterfaceForComposites._computeOutputPortDepth(CausalityInterfaceForComposites.java:765)
	at ptolemy.actor.util.CausalityInterfaceForComposites._computeInputDepth(CausalityInterfaceForComposites.java:696)
	at ptolemy.actor.util.CausalityInterfaceForComposites._computeActorDepth(CausalityInterfaceForComposites.java:532)
	at ptolemy.actor.util.CausalityInterfaceForComposites.checkForCycles(CausalityInterfaceForComposites.java:96)
	at ptolemy.domains.de.kernel.DEDirector.preinitialize(DEDirector.java:1338)
	at ptolemy.actor.CompositeActor.preinitialize(CompositeActor.java:1828)
	at ptolemy.actor.Manager.preinitializeAndResolveTypes(Manager.java:1040)
	at ptolemy.actor.Manager.initialize(Manager.java:710)
	at ptolemy.actor.Manager.execute(Manager.java:356)
	at ptolemy.actor.Manager.run(Manager.java:1263)
	at ptolemy.actor.Manager$PtolemyRunThread.run(Manager.java:1915)
java.lang.reflect.InvocationTargetException
	at java.base/jdk.internal.reflect.NativeConstructorAccessorImpl.newInstance0(Native Method)
	at java.base/jdk.internal.reflect.NativeConstructorAccessorImpl.newInstance(NativeConstructorAccessorImpl.java:62)
	at java.base/jdk.internal.reflect.DelegatingConstructorAccessorImpl.newInstance(DelegatingConstructorAccessorImpl.java:45)
	at java.base/java.lang.reflect.Constructor.newInstance(Constructor.java:490)
	at ptolemy.util.test.junit.AutoKnownFailedTests.RunModel(AutoKnownFailedTests.java:105)
	at java.base/jdk.internal.reflect.NativeMethodAccessorImpl.invoke0(Native Method)
	at java.base/jdk.internal.reflect.NativeMethodAccessorImpl.invoke(NativeMethodAccessorImpl.java:62)
	at java.base/jdk.internal.reflect.DelegatingMethodAccessorImpl.invoke(DelegatingMethodAccessorImpl.java:43)
	at java.base/java.lang.reflect.Method.invoke(Method.java:566)
	at org.junit.runners.model.FrameworkMethod$1.runReflectiveCall(FrameworkMethod.java:44)
	at org.junit.internal.runners.model.ReflectiveCallable.run(ReflectiveCallable.java:15)
	at org.junit.runners.model.FrameworkMethod.invokeExplosively(FrameworkMethod.java:41)
	at junitparams.internal.InvokeParameterisedMethod.evaluate(InvokeParameterisedMethod.java:102)
	at org.junit.internal.runners.statements.FailOnTimeout$1.run(FailOnTimeout.java:28)
Caused by: ptolemy.kernel.util.IllegalActionException: Found a zero delay loop containing .HierarchicalModel.A
  in .HierarchicalModel and .HierarchicalModel.A
	at ptolemy.actor.util.CausalityInterfaceForComposites._computeOutputPortDepth(CausalityInterfaceForComposites.java:759)
	at ptolemy.actor.util.CausalityInterfaceForComposites._computeInputDepth(CausalityInterfaceForComposites.java:696)
	at ptolemy.actor.util.CausalityInterfaceForComposites._computeOutputPortDepth(CausalityInterfaceForComposites.java:765)
	at ptolemy.actor.util.CausalityInterfaceForComposites._computeInputDepth(CausalityInterfaceForComposites.java:696)
	at ptolemy.actor.util.CausalityInterfaceForComposites._computeOutputPortDepth(CausalityInterfaceForComposites.java:765)
	at ptolemy.actor.util.CausalityInterfaceForComposites._computeInputDepth(CausalityInterfaceForComposites.java:696)
	at ptolemy.actor.util.CausalityInterfaceForComposites._computeActorDepth(CausalityInterfaceForComposites.java:532)
	at ptolemy.actor.util.CausalityInterfaceForComposites.checkForCycles(CausalityInterfaceForComposites.java:96)
	at ptolemy.domains.de.kernel.DEDirector.preinitialize(DEDirector.java:1338)
	at ptolemy.actor.CompositeActor.preinitialize(CompositeActor.java:1828)
	at ptolemy.actor.Manager.preinitializeAndResolveTypes(Manager.java:1040)
	at ptolemy.actor.Manager.initialize(Manager.java:710)
	at ptolemy.actor.Manager.execute(Manager.java:356)
	at ptolemy.actor.Manager.run(Manager.java:1263)
	at ptolemy.actor.Manager$PtolemyRunThread.run(Manager.java:1915)
java.lang.RuntimeException: Execution failed
	at ptolemy.moml.MoMLSimpleApplication$UnloadThread.run(MoMLSimpleApplication.java:402)
Caused by: ptolemy.kernel.util.IllegalActionException: Found a zero delay loop containing .dependencyLoop.original
  in .dependencyLoop and .dependencyLoop.original
	at ptolemy.actor.util.CausalityInterfaceForComposites._computeOutputPortDepth(CausalityInterfaceForComposites.java:759)
	at ptolemy.actor.util.CausalityInterfaceForComposites._computeInputDepth(CausalityInterfaceForComposites.java:696)
	at ptolemy.actor.util.CausalityInterfaceForComposites._computeOutputPortDepth(CausalityInterfaceForComposites.java:765)
	at ptolemy.actor.util.CausalityInterfaceForComposites._computeInputDepth(CausalityInterfaceForComposites.java:696)
	at ptolemy.actor.util.CausalityInterfaceForComposites._computeOutputPortDepth(CausalityInterfaceForComposites.java:765)
	at ptolemy.actor.util.CausalityInterfaceForComposites._computeInputDepth(CausalityInterfaceForComposites.java:696)
	at ptolemy.actor.util.CausalityInterfaceForComposites._computeActorDepth(CausalityInterfaceForComposites.java:532)
	at ptolemy.actor.util.CausalityInterfaceForComposites.checkForCycles(CausalityInterfaceForComposites.java:96)
	at ptolemy.domains.de.kernel.DEDirector.preinitialize(DEDirector.java:1338)
	at ptolemy.actor.CompositeActor.preinitialize(CompositeActor.java:1828)
	at ptolemy.actor.Manager.preinitializeAndResolveTypes(Manager.java:1040)
	at ptolemy.actor.Manager.initialize(Manager.java:710)
	at ptolemy.actor.Manager.execute(Manager.java:356)
	at ptolemy.actor.Manager.run(Manager.java:1263)
	at ptolemy.actor.Manager$PtolemyRunThread.run(Manager.java:1915)
java.lang.reflect.InvocationTargetException
	at java.base/jdk.internal.reflect.NativeConstructorAccessorImpl.newInstance0(Native Method)
	at java.base/jdk.internal.reflect.NativeConstructorAccessorImpl.newInstance(NativeConstructorAccessorImpl.java:62)
	at java.base/jdk.internal.reflect.DelegatingConstructorAccessorImpl.newInstance(DelegatingConstructorAccessorImpl.java:45)
	at java.base/java.lang.reflect.Constructor.newInstance(Constructor.java:490)
	at ptolemy.util.test.junit.AutoKnownFailedTests.RunModel(AutoKnownFailedTests.java:105)
	at java.base/jdk.internal.reflect.NativeMethodAccessorImpl.invoke0(Native Method)
	at java.base/jdk.internal.reflect.NativeMethodAccessorImpl.invoke(NativeMethodAccessorImpl.java:62)
	at java.base/jdk.internal.reflect.DelegatingMethodAccessorImpl.invoke(DelegatingMethodAccessorImpl.java:43)
	at java.base/java.lang.reflect.Method.invoke(Method.java:566)
	at org.junit.runners.model.FrameworkMethod$1.runReflectiveCall(FrameworkMethod.java:44)
	at org.junit.internal.runners.model.ReflectiveCallable.run(ReflectiveCallable.java:15)
	at org.junit.runners.model.FrameworkMethod.invokeExplosively(FrameworkMethod.java:41)
	at junitparams.internal.InvokeParameterisedMethod.evaluate(InvokeParameterisedMethod.java:102)
	at org.junit.internal.runners.statements.FailOnTimeout$1.run(FailOnTimeout.java:28)
Caused by: ptolemy.kernel.util.IllegalActionException: Found a zero delay loop containing .dependencyLoop.original
  in .dependencyLoop and .dependencyLoop.original
	at ptolemy.actor.util.CausalityInterfaceForComposites._computeOutputPortDepth(CausalityInterfaceForComposites.java:759)
	at ptolemy.actor.util.CausalityInterfaceForComposites._computeInputDepth(CausalityInterfaceForComposites.java:696)
	at ptolemy.actor.util.CausalityInterfaceForComposites._computeOutputPortDepth(CausalityInterfaceForComposites.java:765)
	at ptolemy.actor.util.CausalityInterfaceForComposites._computeInputDepth(CausalityInterfaceForComposites.java:696)
	at ptolemy.actor.util.CausalityInterfaceForComposites._computeOutputPortDepth(CausalityInterfaceForComposites.java:765)
	at ptolemy.actor.util.CausalityInterfaceForComposites._computeInputDepth(CausalityInterfaceForComposites.java:696)
	at ptolemy.actor.util.CausalityInterfaceForComposites._computeActorDepth(CausalityInterfaceForComposites.java:532)
	at ptolemy.actor.util.CausalityInterfaceForComposites.checkForCycles(CausalityInterfaceForComposites.java:96)
	at ptolemy.domains.de.kernel.DEDirector.preinitialize(DEDirector.java:1338)
	at ptolemy.actor.CompositeActor.preinitialize(CompositeActor.java:1828)
	at ptolemy.actor.Manager.preinitializeAndResolveTypes(Manager.java:1040)
	at ptolemy.actor.Manager.initialize(Manager.java:710)
	at ptolemy.actor.Manager.execute(Manager.java:356)
	at ptolemy.actor.Manager.run(Manager.java:1263)
	at ptolemy.actor.Manager$PtolemyRunThread.run(Manager.java:1915)
java.lang.RuntimeException: Execution failed
	at ptolemy.moml.MoMLSimpleApplication$UnloadThread.run(MoMLSimpleApplication.java:402)
Caused by: ptolemy.kernel.util.IllegalActionException: Found a zero delay loop containing .dependencyLoop2.original
  in .dependencyLoop2 and .dependencyLoop2.original
	at ptolemy.actor.util.CausalityInterfaceForComposites._computeOutputPortDepth(CausalityInterfaceForComposites.java:759)
	at ptolemy.actor.util.CausalityInterfaceForComposites._computeInputDepth(CausalityInterfaceForComposites.java:696)
	at ptolemy.actor.util.CausalityInterfaceForComposites._computeOutputPortDepth(CausalityInterfaceForComposites.java:765)
	at ptolemy.actor.util.CausalityInterfaceForComposites._computeInputDepth(CausalityInterfaceForComposites.java:696)
	at ptolemy.actor.util.CausalityInterfaceForComposites._computeOutputPortDepth(CausalityInterfaceForComposites.java:765)
	at ptolemy.actor.util.CausalityInterfaceForComposites._computeInputDepth(CausalityInterfaceForComposites.java:696)
	at ptolemy.actor.util.CausalityInterfaceForComposites._computeActorDepth(CausalityInterfaceForComposites.java:532)
	at ptolemy.actor.util.CausalityInterfaceForComposites.checkForCycles(CausalityInterfaceForComposites.java:96)
	at ptolemy.domains.de.kernel.DEDirector.preinitialize(DEDirector.java:1338)
	at ptolemy.actor.CompositeActor.preinitialize(CompositeActor.java:1828)
	at ptolemy.actor.Manager.preinitializeAndResolveTypes(Manager.java:1040)
	at ptolemy.actor.Manager.initialize(Manager.java:710)
	at ptolemy.actor.Manager.execute(Manager.java:356)
	at ptolemy.actor.Manager.run(Manager.java:1263)
	at ptolemy.actor.Manager$PtolemyRunThread.run(Manager.java:1915)
java.lang.reflect.InvocationTargetException
	at java.base/jdk.internal.reflect.NativeConstructorAccessorImpl.newInstance0(Native Method)
	at java.base/jdk.internal.reflect.NativeConstructorAccessorImpl.newInstance(NativeConstructorAccessorImpl.java:62)
	at java.base/jdk.internal.reflect.DelegatingConstructorAccessorImpl.newInstance(DelegatingConstructorAccessorImpl.java:45)
	at java.base/java.lang.reflect.Constructor.newInstance(Constructor.java:490)
	at ptolemy.util.test.junit.AutoKnownFailedTests.RunModel(AutoKnownFailedTests.java:105)
	at java.base/jdk.internal.reflect.NativeMethodAccessorImpl.invoke0(Native Method)
	at java.base/jdk.internal.reflect.NativeMethodAccessorImpl.invoke(NativeMethodAccessorImpl.java:62)
	at java.base/jdk.internal.reflect.DelegatingMethodAccessorImpl.invoke(DelegatingMethodAccessorImpl.java:43)
	at java.base/java.lang.reflect.Method.invoke(Method.java:566)
	at org.junit.runners.model.FrameworkMethod$1.runReflectiveCall(FrameworkMethod.java:44)
	at org.junit.internal.runners.model.ReflectiveCallable.run(ReflectiveCallable.java:15)
	at org.junit.runners.model.FrameworkMethod.invokeExplosively(FrameworkMethod.java:41)
	at junitparams.internal.InvokeParameterisedMethod.evaluate(InvokeParameterisedMethod.java:102)
	at org.junit.internal.runners.statements.FailOnTimeout$1.run(FailOnTimeout.java:28)
Caused by: ptolemy.kernel.util.IllegalActionException: Found a zero delay loop containing .dependencyLoop2.original
  in .dependencyLoop2 and .dependencyLoop2.original
	at ptolemy.actor.util.CausalityInterfaceForComposites._computeOutputPortDepth(CausalityInterfaceForComposites.java:759)
	at ptolemy.actor.util.CausalityInterfaceForComposites._computeInputDepth(CausalityInterfaceForComposites.java:696)
	at ptolemy.actor.util.CausalityInterfaceForComposites._computeOutputPortDepth(CausalityInterfaceForComposites.java:765)
	at ptolemy.actor.util.CausalityInterfaceForComposites._computeInputDepth(CausalityInterfaceForComposites.java:696)
	at ptolemy.actor.util.CausalityInterfaceForComposites._computeOutputPortDepth(CausalityInterfaceForComposites.java:765)
	at ptolemy.actor.util.CausalityInterfaceForComposites._computeInputDepth(CausalityInterfaceForComposites.java:696)
	at ptolemy.actor.util.CausalityInterfaceForComposites._computeActorDepth(CausalityInterfaceForComposites.java:532)
	at ptolemy.actor.util.CausalityInterfaceForComposites.checkForCycles(CausalityInterfaceForComposites.java:96)
	at ptolemy.domains.de.kernel.DEDirector.preinitialize(DEDirector.java:1338)
	at ptolemy.actor.CompositeActor.preinitialize(CompositeActor.java:1828)
	at ptolemy.actor.Manager.preinitializeAndResolveTypes(Manager.java:1040)
	at ptolemy.actor.Manager.initialize(Manager.java:710)
	at ptolemy.actor.Manager.execute(Manager.java:356)
	at ptolemy.actor.Manager.run(Manager.java:1263)
	at ptolemy.actor.Manager$PtolemyRunThread.run(Manager.java:1915)
]]></system-err>
</testsuite>
