<?xml version="1.0" encoding="UTF-8" ?>
<testsuite errors="0" failures="0" hostname="travis-job-1536f687-7931-4b3a-951f-fbc25ee2566d" name="ptolemy.actor.lib.test.junit.JUnitTclTest" skipped="0" tests="517" time="62.145" timestamp="2020-03-05T07:14:12">
  <properties>
    <property name="npm.executable" value="npm" />
    <property name="env.TRAVIS_ROOT" value="/" />
    <property name="ptII.mk.exists" value="true" />
    <property name="env.TRAVIS_APP_HOST" value="build.travis-ci.org" />
    <property name="env.rvm_bin_path" value="/home/travis/.rvm/bin" />
    <property name="java.home" value="/usr/local/lib/jvm/openjdk11" />
    <property name="env.TRAVIS_JOB_NUMBER" value="1550.8" />
    <property name="env.TRAVIS_HOME" value="/home/travis" />
    <property name="env.DISPLAY" value=":99.0" />
    <property name="env.TRAVIS_INIT" value="systemd" />
    <property name="env.SSH_TTY" value="/dev/pts/0" />
    <property name="java.net.preferIPv4Stack" value="true" />
    <property name="env.RUN_TESTS" value="true" />
    <property name="timeout.short" value="1000000" />
    <property name="junit.formatter" value="xml" />
    <property name="env.TRAVIS_SUDO" value="true" />
    <property name="env.TRAVIS_JOB_NAME" value="" />
    <property name="env.TRAVIS_STACK_NODE_ATTRIBUTES" value="/.node-attributes.yml" />
    <property name="env.LOGNAME" value="travis" />
    <property name="env.PT_TRAVIS_TEST_CORE1_XML" value="true" />
    <property name="jsdoc.home" value="node_modules/@terraswarm/jsdoc" />
    <property name="debuglevel" value="source,lines,vars" />
    <property name="checkstyle.formatter" value="xml" />
    <property name="env._system_version" value="16.04" />
    <property name="bin.vergil.makeable" value="true" />
    <property name="sun.os.patch.level" value="unknown" />
    <property name="java.vendor.url" value="http://java.oracle.com/" />
    <property name="env.TRAVIS_BUILD_WEB_URL" value="https://travis-ci.org/icyphy/ptII/builds/658554058" />
    <property name="java.version" value="11.0.2" />
    <property name="env.TZ" value="UTC" />
    <property name="env.TRAVIS_PULL_REQUEST_SHA" value="" />
    <property name="env.PT_NO_NET" value="true" />
    <property name="env.TRAVIS_SECURE_ENV_VARS" value="true" />
    <property name="env._system_type" value="Linux" />
    <property name="java.vendor.url.bug" value="http://bugreport.java.com/bugreport/" />
    <property name="npmjs-org-is-up" value="true" />
    <property name="env.LANGUAGE" value="en_US.UTF-8" />
    <property name="env.SSH_CLIENT" value="10.44.0.80 51012 22" />
    <property name="env.GEM_HOME" value="/home/travis/.rvm/gems/ruby-2.5.3" />
    <property name="env.HAS_ANTARES_THREE_LITTLE_FRONZIES_BADGE" value="true" />
    <property name="java.version.date" value="2019-01-15" />
    <property name="env.PS4" value="+" />
    <property name="ant.project.invoked-targets" value="build,test.core1.xml" />
    <property name="env.TRAVIS_PULL_REQUEST_BRANCH" value="" />
    <property name="env.TRAVIS_REPO_SLUG" value="icyphy/ptII" />
    <property name="env.XDG_DATA_DIRS" value="/usr/local/share:/usr/share:/var/lib/snapd/desktop" />
    <property name="jdk.debug" value="release" />
    <property name="env.TRAVIS_APT_PROXY" value="http://build-cache.travisci.net" />
    <property name="env.TRAVIS_CPU_ARCH" value="amd64" />
    <property name="node.in.path" value="true" />
    <property name="user.name" value="travis" />
    <property name="java.maxmemory" value="1400m" />
    <property name="env.RUBY_VERSION" value="ruby-2.5.3" />
    <property name="env.LANG" value="en_US.UTF-8" />
    <property name="sun.io.unicode.encoding" value="UnicodeLittle" />
    <property name="sun.jnu.encoding" value="UTF-8" />
    <property name="java.runtime.name" value="OpenJDK Runtime Environment" />
    <property name="usefile" value="false" />
    <property name="return.code" value="0" />
    <property name="junit.single.formatter" value="plain" />
    <property name="env.DYLD_LIBRARY_PATH" value="/home/travis/pthla/certi-tools/lib:" />
    <property name="env.DEBIAN_FRONTEND" value="noninteractive" />
    <property name="env.SSH_CONNECTION" value="10.44.0.80 51012 10.20.0.113 22" />
    <property name="env.MYSQL_UNIX_PORT" value="/var/run/mysqld/mysqld.sock" />
    <property name="env.LC_ALL" value="en_US.UTF-8" />
    <property name="env.TRAVIS_ALLOW_FAILURE" value="false" />
    <property name="env.TRAVIS_JOB_WEB_URL" value="https://travis-ci.org/icyphy/ptII/jobs/658554066" />
    <property name="java.specification.name" value="Java Platform API Specification" />
    <property name="node.works" value="true" />
    <property name="user.timezone" value="" />
    <property name="path.separator" value=":" />
    <property name="env.TRAVIS_ENABLE_INFRA_DETECTION" value="true" />
    <property name="env.PYTHON_CFLAGS" value="-g -fstack-protector --param=ssp-buffer-size=4 -Wformat -Werror=format-security" />
    <property name="timeout.long" value="4000000" />
    <property name="env.CERTI_HOME" value="/home/travis/pthla/certi-tools" />
    <property name="ant.file.ptII" value="/home/travis/build/icyphy/ptII/build.xml" />
    <property name="javadoc.packagenames" value="com.*,diva.*,lbnl.*,org.hlacerti.*,org.json.*,org.ptolemy.*,org.terraswarm.*,ptolemy.*,ptserver.*" />
    <property name="file.encoding" value="UTF-8" />
    <property name="env.TRAVIS_PULL_REQUEST_SLUG" value="" />
    <property name="ant.project.default-target" value="build" />
    <property name="env.GIT_ASKPASS" value="echo" />
    <property name="env.HOME" value="/home/travis" />
    <property name="sun.java.command" value="org.apache.tools.ant.taskdefs.optional.junit.JUnitTestRunner ptolemy.actor.lib.test.junit.JUnitTclTest skipNonTests=false filtertrace=true haltOnError=false haltOnFailure=false formatter=org.apache.tools.ant.taskdefs.optional.junit.OutErrSummaryJUnitResultFormatter showoutput=true outputtoformatters=true logfailedtests=true threadid=0 logtestlistenerevents=false formatter=org.apache.tools.ant.taskdefs.optional.junit.XMLJUnitResultFormatter,/home/travis/build/icyphy/ptII/reports/junit/TEST-ptolemy.actor.lib.test.junit.JUnitTclTest.xml crashfile=/home/travis/build/icyphy/ptII/junitvmwatcher11294238779781179860.properties propsfile=/home/travis/build/icyphy/ptII/junit6501522791564979179.properties" />
    <property name="env.COMPOSER_NO_INTERACTION" value="1" />
    <property name="env.MANPATH" value="/home/travis/.nvm/versions/node/v7.10.1/share/man:/home/travis/.rvm/rubies/ruby-2.5.3/share/man:/usr/local/cmake-3.12.4/man:/usr/local/clang-7.0.0/share/man:/usr/local/man:/usr/local/share/man:/usr/share/man:/home/travis/.rvm/man" />
    <property name="env.TRAVIS_TIMER_ID" value="0fcf229c" />
    <property name="ant.file" value="/home/travis/build/icyphy/ptII/build.xml" />
    <property name="env.TRAVIS_COMMIT_RANGE" value="7917ffb2e2edf0e85ff8febd289009b01b7eb716...761b4e11958f915a1d9b130ecb709fd2ae6f843c" />
    <property name="env._system_name" value="Ubuntu" />
    <property name="ptII.classpath.optional.property" value="/home/travis/build/icyphy/ptII/lib/bsh-2.0b4.jar:/home/travis/build/icyphy/ptII/lib/ptCal.jar:/home/travis/build/icyphy/ptII/lib/java_cup.jar:/home/travis/build/icyphy/ptII/lib/saxon8.jar:/home/travis/build/icyphy/ptII/lib/saxon8-dom.jar:/home/travis/build/icyphy/ptII/lib/chic.jar:/home/travis/build/icyphy/ptII/lib/ptcolt.jar:/home/travis/build/icyphy/ptII/vendors/misc/itext/iText.jar:/home/travis/build/icyphy/ptII/lib/g4ltl.jar:/home/travis/build/icyphy/ptII/lib/StructuralCoder.jar:/home/travis/build/icyphy/ptII/lib/jcerti.jar:/home/travis/build/icyphy/ptII/lib/javax.mail.jar:/home/travis/build/icyphy/ptII/vendors/JMF-2.1.1e/lib/jmf.jar:/home/travis/build/icyphy/ptII/lib/jna-4.0.0-variadic.jar:/home/travis/build/icyphy/ptII/vendors/misc/joystick/Joystick.jar:/home/travis/build/icyphy/ptII/lib/ptjacl.jar:/home/travis/build/icyphy/ptII/lib/jsoup-1.8.2.jar:/home/travis/build/icyphy/ptII/lib/junit-4.8.2.jar:/home/travis/build/icyphy/ptII/lib/JUnitParams-0.4.0.jar:/home/travis/build/icyphy/ptII/ptolemy/actor/lib/excel/jxl.jar:/home/travis/build/icyphy/ptII/lib/jython.jar:/home/travis/build/icyphy/ptII/lib/kieler.jar:/home/travis/build/icyphy/ptII/vendors/opencv/share/OpenCV/java/opencv-341.jar:/home/travis/build/icyphy/ptII/lib/oscP5.jar:/home/travis/build/icyphy/ptII/lib/nrjavaserial-3.11.0.devel.jar:/home/travis/build/icyphy/ptII/vendors/j3d/lib/Linux/j3dcore.jar:/home/travis/build/icyphy/ptII/vendors/j3d/lib/Linux/j3dutils.jar:/home/travis/build/icyphy/ptII/vendors/j3d/lib/Linux/vecmath.jar:/home/travis/build/icyphy/ptII/vendors/jogl/lib/Linux/gluegen-rt-natives-linux-amd64.jar:/home/travis/build/icyphy/ptII/vendors/jogl/lib/Linux/gluegen-rt.jar:/home/travis/build/icyphy/ptII/vendors/jogl/lib/Linux/jogl-all-natives-linux-amd64.jar:/home/travis/build/icyphy/ptII/vendors/jogl/lib/Linux/jogl-all.jar:/home/travis/build/icyphy/ptII/ptolemy/distributed/jini/jar/jini-core.jar:/home/travis/build/icyphy/ptII/ptolemy/distributed/jini/jar/jini-ext.jar:/home/travis/build/icyphy/ptII/ptolemy/distributed/jini/jar/sun-util.jar:/home/travis/build/icyphy/ptII/lib/protobuf-java-2.4.1.jar:/home/travis/build/icyphy/ptII/lib/org.eclipse.paho.client.mqttv3.jar:/home/travis/build/icyphy/ptII/lib/mapss.jar:/home/travis/build/icyphy/ptII/ptolemy/actor/ptalon/antlr/antlr.jar:/home/travis/build/icyphy/ptII/lib/JRI.jar:/home/travis/build/icyphy/ptII/lib/commons-lang-2.6.jar:/home/travis/build/icyphy/ptII/lib/commons-logging-1.1.1.jar:/home/travis/build/icyphy/ptII/lib/sootclasses.jar:/home/travis/build/icyphy/ptII/ptolemy/actor/lib/database/mysql-connector-java-5.1.6-bin.jar:/home/travis/build/icyphy/ptII/vendors/misc/sphinx4/sphinx4-data-5prealpha.jar:/home/travis/build/icyphy/ptII/vendors/misc/sphinx4/sphinx4-core-5prealpha.jar:/home/travis/build/icyphy/ptII/lib/PDFRenderer.jar:/home/travis/build/icyphy/ptII/lib/svgSalamander.jar:/home/travis/build/icyphy/ptII/lib/rsyntaxtextarea-2.6.0-SNAPSHOT.jar:/home/travis/build/icyphy/ptII/lib/hazelcast-3.8.2.jar:/home/travis/build/icyphy/ptII/lib/jackson-annotations-2.9.0.jar:/home/travis/build/icyphy/ptII/lib/jackson-core-2.9.3.jar:/home/travis/build/icyphy/ptII/lib/jackson-databind-2.9.3.jar:/home/travis/build/icyphy/ptII/lib/netty-buffer-4.1.19.Final.jar:/home/travis/build/icyphy/ptII/lib/netty-codec-4.1.19.Final.jar:/home/travis/build/icyphy/ptII/lib/netty-codec-dns-4.1.19.Final.jar:/home/travis/build/icyphy/ptII/lib/netty-codec-http-4.1.19.Final.jar:/home/travis/build/icyphy/ptII/lib/netty-codec-http2-4.1.19.Final.jar:/home/travis/build/icyphy/ptII/lib/netty-common-4.1.19.Final.jar:/home/travis/build/icyphy/ptII/lib/netty-handler-4.1.19.Final.jar:/home/travis/build/icyphy/ptII/lib/netty-resolver-4.1.19.Final.jar:/home/travis/build/icyphy/ptII/lib/netty-resolver-dns-4.1.19.Final.jar:/home/travis/build/icyphy/ptII/lib/netty-transport-4.1.19.Final.jar:/home/travis/build/icyphy/ptII/lib/vertx-codegen-3.5.1.jar:/home/travis/build/icyphy/ptII/lib/vertx-core-3.5.2-SNAPSHOT.jar:/home/travis/build/icyphy/ptII/lib/vertx-hazelcast-3.5.1.jar:/home/travis/build/icyphy/ptII/lib/vertx-lang-js-3.5.1.jar:/home/travis/build/icyphy/ptII/lib/vertx-service-proxy-3.5.1.jar:/home/travis/build/icyphy/ptII/lib/vertx-web-3.5.1.jar:/home/travis/build/icyphy/ptII/lib/slf4j-api-1.7.13.jar:/home/travis/build/icyphy/ptII/lib/slf4j-simple-1.7.13.jar:/home/travis/build/icyphy/ptII/lib/webcam-capture-0.3.12.jar:/home/travis/build/icyphy/ptII/lib/bridj-0.7.0.jar:/home/travis/build/icyphy/ptII/lib/xbjlib-1.1.0.nrjavaserial.jar" />
    <property name="timeout" value="2400000" />
    <property name="test.batch" value="**/junit/*.java" />
    <property name="env._" value="/usr/bin/timeout" />
    <property name="java.io.tmpdir" value="/tmp" />
    <property name="user.language" value="en" />
    <property name="env.TRAVIS_INTERNAL_RUBY_REGEX" value="^ruby-(2\.[0-4]\.[0-9]|1\.9\.3)" />
    <property name="env.HISTCONTROL" value="ignoredups:ignorespace" />
    <property name="env.GOROOT" value="/home/travis/.gimme/versions/go1.11.1.linux.amd64" />
    <property name="line.separator" value="&#xa;" />
    <property name="target" value="11" />
    <property name="env.TRAVIS_BUILD_DIR" value="/home/travis/build/icyphy/ptII" />
    <property name="env.ANT_OPTS" value="-Xmx2048m" />
    <property name="ant.file.type" value="file" />
    <property name="ptolemy.ptII.batchMode" value="true" />
    <property name="env.HISTSIZE" value="1000" />
    <property name="env.MERB_ENV" value="test" />
    <property name="java.vm.info" value="mixed mode" />
    <property name="source" value="11" />
    <property name="java.vm.specification.name" value="Java Virtual Machine Specification" />
    <property name="env.TRAVIS_TEST_RESULT" value="0" />
    <property name="jsdoc.command" value="node_modules/@terraswarm/jsdoc/jsdoc.js" />
    <property name="npm.works" value="true" />
    <property name="cobertura.dir" value="/home/travis/build/icyphy/ptII/vendors/cobertura-2.0.3" />
    <property name="jsdoc.command.exists" value="true" />
    <property name="env.rvm_path" value="/home/travis/.rvm" />
    <property name="env.GEM_PATH" value="/home/travis/.rvm/gems/ruby-2.5.3:/home/travis/.rvm/gems/ruby-2.5.3@global" />
    <property name="env.LC_CTYPE" value="en_US.UTF-8" />
    <property name="env.TRAVIS_CMD" value="$PTII/bin/ptIITravisBuild.sh $SECONDS" />
    <property name="java.awt.printerjob" value="sun.print.PSPrinterJob" />
    <property name="env.TRAVIS_STACK_NAME" value="sardonyx" />
    <property name="env.TRAVIS_TIMER_START_TIME" value="1583391765330420081" />
    <property name="ant.version" value="Apache Ant(TM) version 1.10.1 compiled on February 2 2017" />
    <property name="ptII.reports" value="/home/travis/build/icyphy/ptII/reports" />
    <property name="env.TRAVIS_STACK_TIMESTAMP" value="2019-03-25 16:16:56 UTC" />
    <property name="ant.file.type.ptII" value="file" />
    <property name="env.RBENV_SHELL" value="bash" />
    <property name="os.name" value="Linux" />
    <property name="java.specification.vendor" value="Oracle Corporation" />
    <property name="env.rvm_version" value="1.29.7 (latest)" />
    <property name="env.TRAVIS_INFRA" value="unknown" />
    <property name="env.TERM" value="xterm" />
    <property name="java.vm.name" value="OpenJDK 64-Bit Server VM" />
    <property name="env.TRAVIS_BUILD_NUMBER" value="1550" />
    <property name="env.CI" value="true" />
    <property name="java.library.path" value="/home/travis/pthla/certi-tools/lib:/usr/lib/jni:/usr/local/share/OpenCV/java/:/usr/share/OpenCV/java::/usr/java/packages/lib:/usr/lib64:/lib64:/lib:/usr/lib" />
    <property name="jdk.module.path" value="/home/travis/build/icyphy/ptII/vendors/javafx/javafx-sdk-11.0.2/lib:" />
    <property name="env.rvm_prefix" value="/home/travis" />
    <property name="env.PATH" value="/home/travis/pthla/certi-tools/share/scripts:/home/travis/.rvm/gems/ruby-2.5.3/bin:/home/travis/.rvm/gems/ruby-2.5.3@global/bin:/home/travis/.rvm/rubies/ruby-2.5.3/bin:/home/travis/.rvm/bin:/home/travis/.nvm/versions/node/v7.10.1/bin:./node_modules/.bin:/home/travis/build/icyphy/ptII/bin:/home/travis/pthla/certi-tools/bin:/home/travis/bin:/home/travis/.local/bin:/usr/local/lib/jvm/openjdk11/bin:/opt/pyenv/shims:/home/travis/.phpenv/shims:/home/travis/perl5/perlbrew/bin:/home/travis/gopath/bin:/home/travis/.gimme/versions/go1.11.1.linux.amd64/bin:/usr/local/maven-3.6.0/bin:/usr/local/cmake-3.12.4/bin:/usr/local/clang-7.0.0/bin:/usr/local/sbin:/usr/local/bin:/usr/sbin:/usr/bin:/sbin:/bin:/snap/bin:/home/travis/.phpenv/bin:/opt/pyenv/bin:/home/travis/.yarn/bin" />
    <property name="env.TRAVIS_OS_NAME" value="linux" />
    <property name="ant.java.version" value="9" />
    <property name="basedir" value="/home/travis/build/icyphy/ptII" />
    <property name="java.class.version" value="55.0" />
    <property name="env.SHLVL" value="3" />
    <property name="env.LD_LIBRARY_PATH" value="/home/travis/pthla/certi-tools/lib:/usr/lib/jni:/usr/local/share/OpenCV/java/:/usr/share/OpenCV/java:" />
    <property name="env.RACK_ENV" value="test" />
    <property name="ant.home" value="/home/travis/build/icyphy/ptII/ant" />
    <property name="env.NVM_DIR" value="/home/travis/.nvm" />
    <property name="env.CERTI_FOM_PATH" value="/home/travis/pthla/certi-tools/share/federations" />
    <property name="env.TRAVIS_BUILD_ID" value="658554058" />
    <property name="env.PYENV_ROOT" value="/opt/pyenv" />
    <property name="env.TRAVIS_UID" value="2000" />
    <property name="prism.verbose" value="true" />
    <property name="env.NVM_BIN" value="/home/travis/.nvm/versions/node/v7.10.1/bin" />
    <property name="env.TRAVIS_COMMIT" value="761b4e11958f915a1d9b130ecb709fd2ae6f843c" />
    <property name="env._system_arch" value="x86_64" />
    <property name="node.executable" value="node" />
    <property name="sun.boot.library.path" value="/usr/local/lib/jvm/openjdk11/lib" />
    <property name="sun.management.compiler" value="HotSpot 64-Bit Tiered Compilers" />
    <property name="java.awt.graphicsenv" value="sun.awt.X11GraphicsEnvironment" />
    <property name="env.GOPATH" value="/home/travis/gopath" />
    <property name="ptolemy.ptII.dir" value="/home/travis/build/icyphy/ptII" />
    <property name="env.USER" value="travis" />
    <property name="env.HISTFILESIZE" value="2000" />
    <property name="timeout.longest" value="19000000" />
    <property name="env.PERLBREW_SHELLRC_VERSION" value="0.86" />
    <property name="env.TRAVIS_STACK_FEATURES" value="basic couchdb disabled-ipv6 docker docker-compose elasticsearch firefox go-toolchain google-chrome jdk memcached mongodb mysql nodejs_interpreter perl_interpreter perlbrew phantomjs postgresql python_interpreter redis ruby_interpreter sqlite xserver" />
    <property name="env.TRAVIS_PULL_REQUEST" value="false" />
    <property name="env.PYENV_SHELL" value="bash" />
    <property name="ant.project.name" value="ptII" />
    <property name="env.ANSI_RESET" value="\033[0m" />
    <property name="java.vm.specification.version" value="11" />
    <property name="env.TRAVIS_DIST" value="xenial" />
    <property name="env.CERTI_VERSION" value="4.0.0" />
    <property name="env.CERTI_HOST" value="localhost" />
    <property name="awt.toolkit" value="sun.awt.X11.XToolkit" />
    <property name="env.MY_RUBY_HOME" value="/home/travis/.rvm/rubies/ruby-2.5.3" />
    <property name="sun.cpu.isalist" value="" />
    <property name="env.TRAVIS_TMPDIR" value="/tmp/tmp.KJf87OcWlL" />
    <property name="java.vm.compressedOopsMode" value="Zero based" />
    <property name="os.version" value="4.15.0-1028-gcp" />
    <property name="user.home" value="/home/travis" />
    <property name="java.vm.vendor" value="Oracle Corporation" />
    <property name="env.TRAVIS_TAG" value="nightly" />
    <property name="env.ANSI_YELLOW" value="\033[33;1m" />
    <property name="env.TRAVIS_FILTERED" value="redirect_io" />
    <property name="env.ANSI_GREEN" value="\033[32;1m" />
    <property name="env.JAVA_HOME" value="/usr/local/lib/jvm/openjdk11" />
    <property name="javadoc.excludepackagenames" value="adm.cvs2svn.*,build.*,config.*,doc.coding.templates.*,jni.test.jni.meaningOfLife.*,jni.test.jni.testDeux.*,jni.test.jni.testTrois.*,org.terraswarm.accessor.accessors.web.node_modules.*,org.terraswarm.accessor.accessors.web.hosts.cordova.demo.*,org.terraswarm.accessor.accessors.web.hosts.cordova.plugins.*,org.terraswarm.accessor.accessors-svn.*,pt-modules.*,ptolemy.apps.agilent.*,ptolemy.apps.anytimecontrol.*,ptolemy.apps.apes.*,ptolemy.apps.charon.*,ptolemy.apps.crazyboard.*,ptolemy.apps.eclipse.*,ptolemy.apps.etherealSting.*,ptolemy.apps.fullscreen.*,ptolemy.apps.giotto.*,ptolemy.apps.ia.*,ptolemy.apps.interfaces.*,ptolemy.apps.jmf.*,ptolemy.apps.kurt.*,ptolemy.apps.kvm.*,ptolemy.apps.lego.*,ptolemy.apps.lejos.*,ptolemy.apps.midp.*,ptolemy.apps.mobileCoding.*,ptolemy.apps.pendulum.*,ptolemy.apps.rijndael.*,ptolemy.apps.robot.*,ptolemy.apps.security.*,ptolemy.apps.sobel.*,ptolemy.apps.soot.*,ptolemy.apps.throttle.*,ptolemy.apps.tini.*,ptolemy.apps.transmission.*,ptolemy.apps.vergil.*,ptolemy.apps.waba.*,ptolemy.apps.websensor.*,ptolemy.apps.webstart.*,ptolemy.apps.xsl.*,ptolemy.apps.zaurus.*,ptolemy.codegen.c.actor.lib.oldJavaFiles.*,ptolemy.codegen.dsp.lib.*,ptolemy.codegen.kernel.newInterfaces.*,ptolemy.codegen.lib.*,ptolemy.copernicus.kernel.fragment.*,ptolemy.copernicus.shallow.cg.*,ptolemy.domains.giotto.demo.Hierarchy.Hierarchy.*,ptolemy.domains.giotto.demo.Multimode.Multimode.*,ptolemy.domains.giotto.demo.Simple.Simple.*,ptolemy.domains.gr.lib.experimental.*,ptolemy.domains.gro.*,ptolemy.domains.pdf.*,ptolemy.domains.ptinyos.demo.Surge.output.*,ptolemy.moml.test.NoPackageActor.java*,ptolemy.plot.adm.*,ptolemy.plot.servlet.*,reports.*,signed.*,src.*,target.*,vendors.*,ptolemy.copernicus.applet.*,ptolemy.media.viewer.*,ptolemy.actor.corba.*,doc.doclets.*,ptolemy.apps.eclipse.awt.*,ptolemy.backtrack.*,ptolemy.backtrack.ast.*,ptolemy.cg.adapter.generic.program.procedural.c.mbed*,ptolemy.homer.*,ptolemy.actor.lib.jai.*,org.ptolemy.scala.*,diva.util.java2d.svg.*,ptolemy.domains.ptinyos.*,ptolemy.actor.lib.fmi.fmipp.*,,org.terraswarm.accessor.accessors.web.node_modules.*,org.terraswarm.accessor.accessors-svn,ptolemy.apps.*,ptolemy.actor.ptalon.demo.ptinyos.SendAndReceiveCnt.output,ptolemy.actor.ptalon.demo.ptinyos.SenseToLeds.output,ptolemy.domains.ptinyos.demo.CntToLedsAndRfm.output,ptolemy.domains.ptinyos.demo.RfmToLeds.output,ptolemy.domains.ptinyos.demo.SendAndReceiveCnt.output,ptolemy.domains.ptinyos.demo.SenseToLeds.output,ptolemy.actor.lib.jjs.modules.udpSocket.*" />
    <property name="env.PTII" value="/home/travis/build/icyphy/ptII" />
    <property name="env.XDG_SESSION_ID" value="2" />
    <property name="keystore" value="ptKeystore" />
    <property name="env.TRAVIS_COMMIT_MESSAGE" value="Adding model FixedArray_fixedSize." />
    <property name="junit.output.dir" value="/home/travis/build/icyphy/ptII/reports/junit" />
    <property name="npm.return.code" value="0" />
    <property name="user.dir" value="/home/travis/build/icyphy/ptII/ptolemy/actor/lib/test" />
    <property name="env.TRAVIS_NODE_VERSION" value="7" />
    <property name="env.TRAVIS_EVENT_TYPE" value="cron" />
    <property name="env.MAIL" value="/var/mail/travis" />
    <property name="env.PERLBREW_ROOT" value="/home/travis/perl5/perlbrew" />
    <property name="env.PWD" value="/home/travis/build/icyphy/ptII" />
    <property name="timeout.npm" value="45000" />
    <property name="env.TRAVIS_ARCH" value="amd64" />
    <property name="sun.cpu.endian" value="little" />
    <property name="env.PAGER" value="cat" />
    <property name="env.TRAVIS_BUILD_STAGE_NAME" value="Test" />
    <property name="env.PERLBREW_HOME" value="/home/travis/.perlbrew" />
    <property name="java.vm.version" value="11.0.2+9" />
    <property name="env.RAILS_ENV" value="test" />
    <property name="java.class.path" value="/home/travis/.ptolemyII:/home/travis/.ptolemyII/*:/home/travis/build/icyphy/ptII:/home/travis/build/icyphy/ptII/lib/bsh-2.0b4.jar:/home/travis/build/icyphy/ptII/lib/ptCal.jar:/home/travis/build/icyphy/ptII/lib/java_cup.jar:/home/travis/build/icyphy/ptII/lib/saxon8.jar:/home/travis/build/icyphy/ptII/lib/saxon8-dom.jar:/home/travis/build/icyphy/ptII/lib/chic.jar:/home/travis/build/icyphy/ptII/lib/ptcolt.jar:/home/travis/build/icyphy/ptII/vendors/misc/itext/iText.jar:/home/travis/build/icyphy/ptII/lib/g4ltl.jar:/home/travis/build/icyphy/ptII/lib/StructuralCoder.jar:/home/travis/build/icyphy/ptII/lib/jcerti.jar:/home/travis/build/icyphy/ptII/lib/javax.mail.jar:/home/travis/build/icyphy/ptII/vendors/JMF-2.1.1e/lib/jmf.jar:/home/travis/build/icyphy/ptII/lib/jna-4.0.0-variadic.jar:/home/travis/build/icyphy/ptII/vendors/misc/joystick/Joystick.jar:/home/travis/build/icyphy/ptII/lib/ptjacl.jar:/home/travis/build/icyphy/ptII/lib/jsoup-1.8.2.jar:/home/travis/build/icyphy/ptII/lib/junit-4.8.2.jar:/home/travis/build/icyphy/ptII/lib/JUnitParams-0.4.0.jar:/home/travis/build/icyphy/ptII/ptolemy/actor/lib/excel/jxl.jar:/home/travis/build/icyphy/ptII/lib/jython.jar:/home/travis/build/icyphy/ptII/lib/kieler.jar:/home/travis/build/icyphy/ptII/vendors/opencv/share/OpenCV/java/opencv-341.jar:/home/travis/build/icyphy/ptII/lib/oscP5.jar:/home/travis/build/icyphy/ptII/lib/nrjavaserial-3.11.0.devel.jar:/home/travis/build/icyphy/ptII/vendors/j3d/lib/Linux/j3dcore.jar:/home/travis/build/icyphy/ptII/vendors/j3d/lib/Linux/j3dutils.jar:/home/travis/build/icyphy/ptII/vendors/j3d/lib/Linux/vecmath.jar:/home/travis/build/icyphy/ptII/vendors/jogl/lib/Linux/gluegen-rt-natives-linux-amd64.jar:/home/travis/build/icyphy/ptII/vendors/jogl/lib/Linux/gluegen-rt.jar:/home/travis/build/icyphy/ptII/vendors/jogl/lib/Linux/jogl-all-natives-linux-amd64.jar:/home/travis/build/icyphy/ptII/vendors/jogl/lib/Linux/jogl-all.jar:/home/travis/build/icyphy/ptII/ptolemy/distributed/jini/jar/jini-core.jar:/home/travis/build/icyphy/ptII/ptolemy/distributed/jini/jar/jini-ext.jar:/home/travis/build/icyphy/ptII/ptolemy/distributed/jini/jar/sun-util.jar:/home/travis/build/icyphy/ptII/lib/protobuf-java-2.4.1.jar:/home/travis/build/icyphy/ptII/lib/org.eclipse.paho.client.mqttv3.jar:/home/travis/build/icyphy/ptII/lib/mapss.jar:/home/travis/build/icyphy/ptII/ptolemy/actor/ptalon/antlr/antlr.jar:/home/travis/build/icyphy/ptII/lib/JRI.jar:/home/travis/build/icyphy/ptII/lib/commons-lang-2.6.jar:/home/travis/build/icyphy/ptII/lib/commons-logging-1.1.1.jar:/home/travis/build/icyphy/ptII/lib/sootclasses.jar:/home/travis/build/icyphy/ptII/ptolemy/actor/lib/database/mysql-connector-java-5.1.6-bin.jar:/home/travis/build/icyphy/ptII/vendors/misc/sphinx4/sphinx4-data-5prealpha.jar:/home/travis/build/icyphy/ptII/vendors/misc/sphinx4/sphinx4-core-5prealpha.jar:/home/travis/build/icyphy/ptII/lib/PDFRenderer.jar:/home/travis/build/icyphy/ptII/lib/svgSalamander.jar:/home/travis/build/icyphy/ptII/lib/rsyntaxtextarea-2.6.0-SNAPSHOT.jar:/home/travis/build/icyphy/ptII/lib/hazelcast-3.8.2.jar:/home/travis/build/icyphy/ptII/lib/jackson-annotations-2.9.0.jar:/home/travis/build/icyphy/ptII/lib/jackson-core-2.9.3.jar:/home/travis/build/icyphy/ptII/lib/jackson-databind-2.9.3.jar:/home/travis/build/icyphy/ptII/lib/netty-buffer-4.1.19.Final.jar:/home/travis/build/icyphy/ptII/lib/netty-codec-4.1.19.Final.jar:/home/travis/build/icyphy/ptII/lib/netty-codec-dns-4.1.19.Final.jar:/home/travis/build/icyphy/ptII/lib/netty-codec-http-4.1.19.Final.jar:/home/travis/build/icyphy/ptII/lib/netty-codec-http2-4.1.19.Final.jar:/home/travis/build/icyphy/ptII/lib/netty-common-4.1.19.Final.jar:/home/travis/build/icyphy/ptII/lib/netty-handler-4.1.19.Final.jar:/home/travis/build/icyphy/ptII/lib/netty-resolver-4.1.19.Final.jar:/home/travis/build/icyphy/ptII/lib/netty-resolver-dns-4.1.19.Final.jar:/home/travis/build/icyphy/ptII/lib/netty-transport-4.1.19.Final.jar:/home/travis/build/icyphy/ptII/lib/vertx-codegen-3.5.1.jar:/home/travis/build/icyphy/ptII/lib/vertx-core-3.5.2-SNAPSHOT.jar:/home/travis/build/icyphy/ptII/lib/vertx-hazelcast-3.5.1.jar:/home/travis/build/icyphy/ptII/lib/vertx-lang-js-3.5.1.jar:/home/travis/build/icyphy/ptII/lib/vertx-service-proxy-3.5.1.jar:/home/travis/build/icyphy/ptII/lib/vertx-web-3.5.1.jar:/home/travis/build/icyphy/ptII/lib/slf4j-api-1.7.13.jar:/home/travis/build/icyphy/ptII/lib/slf4j-simple-1.7.13.jar:/home/travis/build/icyphy/ptII/lib/webcam-capture-0.3.12.jar:/home/travis/build/icyphy/ptII/lib/bridj-0.7.0.jar:/home/travis/build/icyphy/ptII/lib/xbjlib-1.1.0.nrjavaserial.jar:/home/travis/build/icyphy/ptII/ptolemy/moml/test:/home/travis/build/icyphy/ptII/ant/lib/ant-launcher.jar:/home/travis/build/icyphy/ptII/ant/lib/ant.jar:/home/travis/build/icyphy/ptII/ant/lib/ant-junit.jar:/home/travis/build/icyphy/ptII/ant/lib/ant-junit4.jar" />
    <property name="ant.library.dir" value="/home/travis/build/icyphy/ptII/ant/lib" />
    <property name="os.arch" value="amd64" />
    <property name="env.CONTINUOUS_INTEGRATION" value="true" />
    <property name="env.TRAVIS_LANGUAGE" value="node_js" />
    <property name="env.TRAVIS_STACK_LANGUAGES" value="__sardonyx__ c c++ clojure cplusplus cpp default generic go groovy java node_js php pure_java python ruby scala" />
    <property name="test.name" value="ptolemy.actor.lib.test.junit.JUnitTclTest" />
    <property name="env.APT_KEY_DONT_WARN_ON_DANGEROUS_USAGE" value="1" />
    <property name="sun.java.launcher" value="SUN_STANDARD" />
    <property name="env.PYTHON_CONFIGURE_OPTS" value="--enable-unicode=ucs4 --with-wide-unicode --enable-shared --enable-ipv6 --enable-loadable-sqlite-extensions --with-computed-gotos" />
    <property name="ant.core.lib" value="/home/travis/build/icyphy/ptII/ant/lib/ant.jar" />
    <property name="java.vm.specification.vendor" value="Oracle Corporation" />
    <property name="env.BCVTB_HOME" value="/home/travis/build/icyphy/ptII/lbnl" />
    <property name="file.separator" value="/" />
    <property name="spotbugs.home" value="/home/travis/build/icyphy/ptII/vendors/spotbugs-3.1.1" />
    <property name="java.runtime.version" value="11.0.2+9" />
    <property name="env.ANSI_CLEAR" value="\033[0K" />
    <property name="javafx.verbose" value="true" />
    <property name="env.HAS_JOSH_K_SEAL_OF_APPROVAL" value="true" />
    <property name="env.XDG_RUNTIME_DIR" value="/run/user/2000" />
    <property name="env.TRAVIS_OSX_IMAGE" value="" />
    <property name="env.TRAVIS_JOB_ID" value="658554066" />
    <property name="env.TRAVIS_BRANCH" value="master" />
    <property name="user.country" value="US" />
    <property name="env.CERTI_HOME_TRAVIS" value="/home/travis/pthla/certi-tools" />
    <property name="env.SHELL" value="/bin/bash" />
    <property name="java.maxmemory.large" value="3200m" />
    <property name="model" value="" />
    <property name="env.CASHER_DIR" value="/home/travis/.casher" />
    <property name="env.NVM_CD_FLAGS" value="" />
    <property name="java.vendor.version" value="18.9" />
    <property name="jshint.executable" value="/home/travis/node_modules/jshint/bin/jshint" />
    <property name="env.JRUBY_OPTS" value=" --client -J-XX:+TieredCompilation -J-XX:TieredStopAtLevel=1 -J-Xss2m -Xcompile.invokedynamic=false" />
    <property name="java.vendor" value="Oracle Corporation" />
    <property name="env.TRAVIS_PRE_CHEF_BOOTSTRAP_TIME" value="2019-03-25T16:16:42" />
    <property name="env.TRAVIS_STACK_JOB_BOARD_REGISTER" value="/.job-board-register.yml" />
    <property name="env.ANSI_RED" value="\033[31;1m" />
    <property name="java.specification.version" value="11" />
    <property name="env.IRBRC" value="/home/travis/.rvm/rubies/ruby-2.5.3/.irbrc" />
    <property name="env.TRAVIS" value="true" />
    <property name="sun.arch.data.model" value="64" />
  </properties>
  <testcase classname="ptolemy.util.test.junit.TclTests" name="[0] /home/travis/build/icyphy/ptII/ptolemy/actor/lib/test/AbsoluteValue.tcl (RunTclFile)" time="0.549" />
  <testcase classname="ptolemy.util.test.junit.TclTests" name="[1] /home/travis/build/icyphy/ptII/ptolemy/actor/lib/test/AddSubtract.tcl (RunTclFile)" time="0.158" />
  <testcase classname="ptolemy.util.test.junit.TclTests" name="[2] /home/travis/build/icyphy/ptII/ptolemy/actor/lib/test/Average.tcl (RunTclFile)" time="0.071" />
  <testcase classname="ptolemy.util.test.junit.TclTests" name="[3] /home/travis/build/icyphy/ptII/ptolemy/actor/lib/test/Bernoulli.tcl (RunTclFile)" time="0.04" />
  <testcase classname="ptolemy.util.test.junit.TclTests" name="[4] /home/travis/build/icyphy/ptII/ptolemy/actor/lib/test/Clock.tcl (RunTclFile)" time="0.126" />
  <testcase classname="ptolemy.util.test.junit.TclTests" name="[5] /home/travis/build/icyphy/ptII/ptolemy/actor/lib/test/Commutator.tcl (RunTclFile)" time="0.16" />
  <testcase classname="ptolemy.util.test.junit.TclTests" name="[6] /home/travis/build/icyphy/ptII/ptolemy/actor/lib/test/Const.tcl (RunTclFile)" time="0.109" />
  <testcase classname="ptolemy.util.test.junit.TclTests" name="[7] /home/travis/build/icyphy/ptII/ptolemy/actor/lib/test/CurrentTime.tcl (RunTclFile)" time="0.021" />
  <testcase classname="ptolemy.util.test.junit.TclTests" name="[8] /home/travis/build/icyphy/ptII/ptolemy/actor/lib/test/DB.tcl (RunTclFile)" time="0.038" />
  <testcase classname="ptolemy.util.test.junit.TclTests" name="[9] /home/travis/build/icyphy/ptII/ptolemy/actor/lib/test/DiscreteRandomSource.tcl (RunTclFile)" time="0.038" />
  <testcase classname="ptolemy.util.test.junit.TclTests" name="[10] /home/travis/build/icyphy/ptII/ptolemy/actor/lib/test/Distributor.tcl (RunTclFile)" time="0.087" />
  <testcase classname="ptolemy.util.test.junit.TclTests" name="[11] /home/travis/build/icyphy/ptII/ptolemy/actor/lib/test/Exit.tcl (RunTclFile)" time="0.08" />
  <testcase classname="ptolemy.util.test.junit.TclTests" name="[12] /home/travis/build/icyphy/ptII/ptolemy/actor/lib/test/Expression.tcl (RunTclFile)" time="0.112" />
  <testcase classname="ptolemy.util.test.junit.TclTests" name="[13] /home/travis/build/icyphy/ptII/ptolemy/actor/lib/test/Gaussian.tcl (RunTclFile)" time="0.398" />
  <testcase classname="ptolemy.util.test.junit.TclTests" name="[14] /home/travis/build/icyphy/ptII/ptolemy/actor/lib/test/IIR.tcl (RunTclFile)" time="0.028" />
  <testcase classname="ptolemy.util.test.junit.TclTests" name="[15] /home/travis/build/icyphy/ptII/ptolemy/actor/lib/test/Interpolator.tcl (RunTclFile)" time="0.053" />
  <testcase classname="ptolemy.util.test.junit.TclTests" name="[16] /home/travis/build/icyphy/ptII/ptolemy/actor/lib/test/MathFunction.tcl (RunTclFile)" time="0.048" />
  <testcase classname="ptolemy.util.test.junit.TclTests" name="[17] /home/travis/build/icyphy/ptII/ptolemy/actor/lib/test/Maximum.tcl (RunTclFile)" time="0.027" />
  <testcase classname="ptolemy.util.test.junit.TclTests" name="[18] /home/travis/build/icyphy/ptII/ptolemy/actor/lib/test/Minimum.tcl (RunTclFile)" time="0.02" />
  <testcase classname="ptolemy.util.test.junit.TclTests" name="[19] /home/travis/build/icyphy/ptII/ptolemy/actor/lib/test/MultiplyDivide.tcl (RunTclFile)" time="0.024" />
  <testcase classname="ptolemy.util.test.junit.TclTests" name="[20] /home/travis/build/icyphy/ptII/ptolemy/actor/lib/test/OrderedMerge.tcl (RunTclFile)" time="0.123" />
  <testcase classname="ptolemy.util.test.junit.TclTests" name="[21] /home/travis/build/icyphy/ptII/ptolemy/actor/lib/test/Publisher.tcl (RunTclFile)" time="0.916" />
  <testcase classname="ptolemy.util.test.junit.TclTests" name="[22] /home/travis/build/icyphy/ptII/ptolemy/actor/lib/test/Pulse.tcl (RunTclFile)" time="0.081" />
  <testcase classname="ptolemy.util.test.junit.TclTests" name="[23] /home/travis/build/icyphy/ptII/ptolemy/actor/lib/test/Ramp.tcl (RunTclFile)" time="1.98" />
  <testcase classname="ptolemy.util.test.junit.TclTests" name="[24] /home/travis/build/icyphy/ptII/ptolemy/actor/lib/test/RampContinuous.tcl (RunTclFile)" time="0.017" />
  <testcase classname="ptolemy.util.test.junit.TclTests" name="[25] /home/travis/build/icyphy/ptII/ptolemy/actor/lib/test/RecordAssembler.tcl (RunTclFile)" time="0.015" />
  <testcase classname="ptolemy.util.test.junit.TclTests" name="[26] /home/travis/build/icyphy/ptII/ptolemy/actor/lib/test/RecordDisassembler.tcl (RunTclFile)" time="0.018" />
  <testcase classname="ptolemy.util.test.junit.TclTests" name="[27] /home/travis/build/icyphy/ptII/ptolemy/actor/lib/test/Scale.tcl (RunTclFile)" time="0.016" />
  <testcase classname="ptolemy.util.test.junit.TclTests" name="[28] /home/travis/build/icyphy/ptII/ptolemy/actor/lib/test/SequentialClock.tcl (RunTclFile)" time="0.012" />
  <testcase classname="ptolemy.util.test.junit.TclTests" name="[29] /home/travis/build/icyphy/ptII/ptolemy/actor/lib/test/SetVariable.tcl (RunTclFile)" time="0.01" />
  <testcase classname="ptolemy.util.test.junit.TclTests" name="[30] /home/travis/build/icyphy/ptII/ptolemy/actor/lib/test/Sinewave.tcl (RunTclFile)" time="0.043" />
  <testcase classname="ptolemy.util.test.junit.TclTests" name="[31] /home/travis/build/icyphy/ptII/ptolemy/actor/lib/test/SubscriptionAggregator.tcl (RunTclFile)" time="2.094" />
  <testcase classname="ptolemy.util.test.junit.TclTests" name="[32] /home/travis/build/icyphy/ptII/ptolemy/actor/lib/test/Test.tcl (RunTclFile)" time="0.104" />
  <testcase classname="ptolemy.util.test.junit.TclTests" name="[33] /home/travis/build/icyphy/ptII/ptolemy/actor/lib/test/TestExceptionHandler.tcl (RunTclFile)" time="0.012" />
  <testcase classname="ptolemy.util.test.junit.TclTests" name="[34] /home/travis/build/icyphy/ptII/ptolemy/actor/lib/test/UnionDisassembler.tcl (RunTclFile)" time="0.063" />
  <testcase classname="ptolemy.util.test.junit.TclTests" name="[35] /home/travis/build/icyphy/ptII/ptolemy/actor/lib/test/VariableClock.tcl (RunTclFile)" time="0.029" />
  <testcase classname="ptolemy.util.test.junit.AutoKnownFailedTests" name="[0] /home/travis/build/icyphy/ptII/ptolemy/actor/lib/test/auto/knownFailedTests/PublisherPortToplevelSubscriber.xml (RunModel)" time="0.026" />
  <testcase classname="ptolemy.util.test.junit.AutoKnownFailedTests" name="[1] /home/travis/build/icyphy/ptII/ptolemy/actor/lib/test/auto/knownFailedTests/PublisherSubscriberPortToplevel.xml (RunModel)" time="0.091" />
  <testcase classname="ptolemy.util.test.junit.AutoKnownFailedTests" name="[2] /home/travis/build/icyphy/ptII/ptolemy/actor/lib/test/auto/knownFailedTests/PublisherSubscriptionAggregatorPort.xml (RunModel)" time="0.02" />
  <testcase classname="ptolemy.util.test.junit.AutoKnownFailedTests" name="[3] /home/travis/build/icyphy/ptII/ptolemy/actor/lib/test/auto/knownFailedTests/sizedarray3.xml (RunModel)" time="0.029" />
  <testcase classname="ptolemy.util.test.junit.AutoNameArchTests" name="[0] ThereAreNoAutoArchTests (RunModel)" time="0.002" />
  <testcase classname="ptolemy.util.test.junit.AutoTests" name="[0] /home/travis/build/icyphy/ptII/ptolemy/actor/lib/test/auto/AbsoluteValue.xml (RunModel)" time="0.079" />
  <testcase classname="ptolemy.util.test.junit.AutoTests" name="[1] /home/travis/build/icyphy/ptII/ptolemy/actor/lib/test/auto/AbsoluteValue2.xml (RunModel)" time="0.073" />
  <testcase classname="ptolemy.util.test.junit.AutoTests" name="[2] /home/travis/build/icyphy/ptII/ptolemy/actor/lib/test/auto/Accumulator.xml (RunModel)" time="0.066" />
  <testcase classname="ptolemy.util.test.junit.AutoTests" name="[3] /home/travis/build/icyphy/ptII/ptolemy/actor/lib/test/auto/Accumulator2.xml (RunModel)" time="0.048" />
  <testcase classname="ptolemy.util.test.junit.AutoTests" name="[4] /home/travis/build/icyphy/ptII/ptolemy/actor/lib/test/auto/Accumulator3.xml (RunModel)" time="0.04" />
  <testcase classname="ptolemy.util.test.junit.AutoTests" name="[5] /home/travis/build/icyphy/ptII/ptolemy/actor/lib/test/auto/ArrayAppend.xml (RunModel)" time="0.041" />
  <testcase classname="ptolemy.util.test.junit.AutoTests" name="[6] /home/travis/build/icyphy/ptII/ptolemy/actor/lib/test/auto/ArrayAppend2.xml (RunModel)" time="0.295" />
  <testcase classname="ptolemy.util.test.junit.AutoTests" name="[7] /home/travis/build/icyphy/ptII/ptolemy/actor/lib/test/auto/ArrayAppend3.xml (RunModel)" time="0.014" />
  <testcase classname="ptolemy.util.test.junit.AutoTests" name="[8] /home/travis/build/icyphy/ptII/ptolemy/actor/lib/test/auto/ArrayAppend4.xml (RunModel)" time="0.012" />
  <testcase classname="ptolemy.util.test.junit.AutoTests" name="[9] /home/travis/build/icyphy/ptII/ptolemy/actor/lib/test/auto/ArrayAppend5.xml (RunModel)" time="0.018" />
  <testcase classname="ptolemy.util.test.junit.AutoTests" name="[10] /home/travis/build/icyphy/ptII/ptolemy/actor/lib/test/auto/ArrayAppend6.xml (RunModel)" time="0.013" />
  <testcase classname="ptolemy.util.test.junit.AutoTests" name="[11] /home/travis/build/icyphy/ptII/ptolemy/actor/lib/test/auto/ArrayAppendPerformanceTest.xml (RunModel)" time="0.145" />
  <testcase classname="ptolemy.util.test.junit.AutoTests" name="[12] /home/travis/build/icyphy/ptII/ptolemy/actor/lib/test/auto/ArrayAppendWithEmptyInput.xml (RunModel)" time="0.033" />
  <testcase classname="ptolemy.util.test.junit.AutoTests" name="[13] /home/travis/build/icyphy/ptII/ptolemy/actor/lib/test/auto/ArrayAverage.xml (RunModel)" time="0.031" />
  <testcase classname="ptolemy.util.test.junit.AutoTests" name="[14] /home/travis/build/icyphy/ptII/ptolemy/actor/lib/test/auto/ArrayContains.xml (RunModel)" time="0.015" />
  <testcase classname="ptolemy.util.test.junit.AutoTests" name="[15] /home/travis/build/icyphy/ptII/ptolemy/actor/lib/test/auto/ArrayElement.xml (RunModel)" time="0.017" />
  <testcase classname="ptolemy.util.test.junit.AutoTests" name="[16] /home/travis/build/icyphy/ptII/ptolemy/actor/lib/test/auto/ArrayElementAsMatrix.xml (RunModel)" time="0.049" />
  <testcase classname="ptolemy.util.test.junit.AutoTests" name="[17] /home/travis/build/icyphy/ptII/ptolemy/actor/lib/test/auto/ArrayElementI.xml (RunModel)" time="0.027" />
  <testcase classname="ptolemy.util.test.junit.AutoTests" name="[18] /home/travis/build/icyphy/ptII/ptolemy/actor/lib/test/auto/ArrayExtract.xml (RunModel)" time="0.032" />
  <testcase classname="ptolemy.util.test.junit.AutoTests" name="[19] /home/travis/build/icyphy/ptII/ptolemy/actor/lib/test/auto/ArrayExtract2.xml (RunModel)" time="0.021" />
  <testcase classname="ptolemy.util.test.junit.AutoTests" name="[20] /home/travis/build/icyphy/ptII/ptolemy/actor/lib/test/auto/ArrayLength.xml (RunModel)" time="0.019" />
  <testcase classname="ptolemy.util.test.junit.AutoTests" name="[21] /home/travis/build/icyphy/ptII/ptolemy/actor/lib/test/auto/ArrayLevelCrossing.xml (RunModel)" time="0.034" />
  <testcase classname="ptolemy.util.test.junit.AutoTests" name="[22] /home/travis/build/icyphy/ptII/ptolemy/actor/lib/test/auto/ArrayLevelCrossing2.xml (RunModel)" time="0.03" />
  <testcase classname="ptolemy.util.test.junit.AutoTests" name="[23] /home/travis/build/icyphy/ptII/ptolemy/actor/lib/test/auto/ArrayPeakSearch.xml (RunModel)" time="0.049" />
  <testcase classname="ptolemy.util.test.junit.AutoTests" name="[24] /home/travis/build/icyphy/ptII/ptolemy/actor/lib/test/auto/ArrayPeakSearch2.xml (RunModel)" time="0.042" />
  <testcase classname="ptolemy.util.test.junit.AutoTests" name="[25] /home/travis/build/icyphy/ptII/ptolemy/actor/lib/test/auto/ArrayPeakSearch3.xml (RunModel)" time="0.036" />
  <testcase classname="ptolemy.util.test.junit.AutoTests" name="[26] /home/travis/build/icyphy/ptII/ptolemy/actor/lib/test/auto/ArrayRemoveElement.xml (RunModel)" time="0.03" />
  <testcase classname="ptolemy.util.test.junit.AutoTests" name="[27] /home/travis/build/icyphy/ptII/ptolemy/actor/lib/test/auto/ArraySort.xml (RunModel)" time="0.034" />
  <testcase classname="ptolemy.util.test.junit.AutoTests" name="[28] /home/travis/build/icyphy/ptII/ptolemy/actor/lib/test/auto/ArraySum.xml (RunModel)" time="0.019" />
  <testcase classname="ptolemy.util.test.junit.AutoTests" name="[29] /home/travis/build/icyphy/ptII/ptolemy/actor/lib/test/auto/ArrayToElements.xml (RunModel)" time="0.018" />
  <testcase classname="ptolemy.util.test.junit.AutoTests" name="[30] /home/travis/build/icyphy/ptII/ptolemy/actor/lib/test/auto/ArrayToMatrix.xml (RunModel)" time="0.046" />
  <testcase classname="ptolemy.util.test.junit.AutoTests" name="[31] /home/travis/build/icyphy/ptII/ptolemy/actor/lib/test/auto/ArrayUpdate1.xml (RunModel)" time="0.014" />
  <testcase classname="ptolemy.util.test.junit.AutoTests" name="[32] /home/travis/build/icyphy/ptII/ptolemy/actor/lib/test/auto/ArrayUpdate2.xml (RunModel)" time="0.028" />
  <testcase classname="ptolemy.util.test.junit.AutoTests" name="[33] /home/travis/build/icyphy/ptII/ptolemy/actor/lib/test/auto/ArrayUpdate3.xml (RunModel)" time="0.038" />
  <testcase classname="ptolemy.util.test.junit.AutoTests" name="[34] /home/travis/build/icyphy/ptII/ptolemy/actor/lib/test/auto/Assert1.xml (RunModel)" time="0.023" />
  <testcase classname="ptolemy.util.test.junit.AutoTests" name="[35] /home/travis/build/icyphy/ptII/ptolemy/actor/lib/test/auto/Assert2.xml (RunModel)" time="0.013" />
  <testcase classname="ptolemy.util.test.junit.AutoTests" name="[36] /home/travis/build/icyphy/ptII/ptolemy/actor/lib/test/auto/BooleanMultiplexor.xml (RunModel)" time="0.016" />
  <testcase classname="ptolemy.util.test.junit.AutoTests" name="[37] /home/travis/build/icyphy/ptII/ptolemy/actor/lib/test/auto/BooleanMultiplexor2.xml (RunModel)" time="0.025" />
  <testcase classname="ptolemy.util.test.junit.AutoTests" name="[38] /home/travis/build/icyphy/ptII/ptolemy/actor/lib/test/auto/BooleanMultiplexor3.xml (RunModel)" time="0.023" />
  <testcase classname="ptolemy.util.test.junit.AutoTests" name="[39] /home/travis/build/icyphy/ptII/ptolemy/actor/lib/test/auto/BooleanSelect.xml (RunModel)" time="0.025" />
  <testcase classname="ptolemy.util.test.junit.AutoTests" name="[40] /home/travis/build/icyphy/ptII/ptolemy/actor/lib/test/auto/BooleanSelect2.xml (RunModel)" time="0.016" />
  <testcase classname="ptolemy.util.test.junit.AutoTests" name="[41] /home/travis/build/icyphy/ptII/ptolemy/actor/lib/test/auto/BooleanSwitch.xml (RunModel)" time="0.022" />
  <testcase classname="ptolemy.util.test.junit.AutoTests" name="[42] /home/travis/build/icyphy/ptII/ptolemy/actor/lib/test/auto/BooleanSwitch2.xml (RunModel)" time="0.016" />
  <testcase classname="ptolemy.util.test.junit.AutoTests" name="[43] /home/travis/build/icyphy/ptII/ptolemy/actor/lib/test/auto/BooleanSwitchCloningBugWithClassRelationGroup.xml (RunModel)" time="0.03" />
  <testcase classname="ptolemy.util.test.junit.AutoTests" name="[44] /home/travis/build/icyphy/ptII/ptolemy/actor/lib/test/auto/BusActors.xml (RunModel)" time="0.041" />
  <testcase classname="ptolemy.util.test.junit.AutoTests" name="[45] /home/travis/build/icyphy/ptII/ptolemy/actor/lib/test/auto/ClassWrapper.xml (RunModel)" time="0.022" />
  <testcase classname="ptolemy.util.test.junit.AutoTests" name="[46] /home/travis/build/icyphy/ptII/ptolemy/actor/lib/test/auto/Clock.xml (RunModel)" time="0.021" />
  <testcase classname="ptolemy.util.test.junit.AutoTests" name="[47] /home/travis/build/icyphy/ptII/ptolemy/actor/lib/test/auto/Clock10.xml (RunModel)" time="0.017" />
  <testcase classname="ptolemy.util.test.junit.AutoTests" name="[48] /home/travis/build/icyphy/ptII/ptolemy/actor/lib/test/auto/Clock11.xml (RunModel)" time="0.014" />
  <testcase classname="ptolemy.util.test.junit.AutoTests" name="[49] /home/travis/build/icyphy/ptII/ptolemy/actor/lib/test/auto/Clock12.xml (RunModel)" time="0.014" />
  <testcase classname="ptolemy.util.test.junit.AutoTests" name="[50] /home/travis/build/icyphy/ptII/ptolemy/actor/lib/test/auto/Clock13.xml (RunModel)" time="0.014" />
  <testcase classname="ptolemy.util.test.junit.AutoTests" name="[51] /home/travis/build/icyphy/ptII/ptolemy/actor/lib/test/auto/Clock14.xml (RunModel)" time="0.012" />
  <testcase classname="ptolemy.util.test.junit.AutoTests" name="[52] /home/travis/build/icyphy/ptII/ptolemy/actor/lib/test/auto/Clock15.xml (RunModel)" time="0.014" />
  <testcase classname="ptolemy.util.test.junit.AutoTests" name="[53] /home/travis/build/icyphy/ptII/ptolemy/actor/lib/test/auto/Clock16.xml (RunModel)" time="0.089" />
  <testcase classname="ptolemy.util.test.junit.AutoTests" name="[54] /home/travis/build/icyphy/ptII/ptolemy/actor/lib/test/auto/Clock17.xml (RunModel)" time="0.071" />
  <testcase classname="ptolemy.util.test.junit.AutoTests" name="[55] /home/travis/build/icyphy/ptII/ptolemy/actor/lib/test/auto/Clock18.xml (RunModel)" time="0.053" />
  <testcase classname="ptolemy.util.test.junit.AutoTests" name="[56] /home/travis/build/icyphy/ptII/ptolemy/actor/lib/test/auto/Clock19.xml (RunModel)" time="0.04" />
  <testcase classname="ptolemy.util.test.junit.AutoTests" name="[57] /home/travis/build/icyphy/ptII/ptolemy/actor/lib/test/auto/Clock2.xml (RunModel)" time="0.023" />
  <testcase classname="ptolemy.util.test.junit.AutoTests" name="[58] /home/travis/build/icyphy/ptII/ptolemy/actor/lib/test/auto/Clock20.xml (RunModel)" time="0.02" />
  <testcase classname="ptolemy.util.test.junit.AutoTests" name="[59] /home/travis/build/icyphy/ptII/ptolemy/actor/lib/test/auto/Clock21.xml (RunModel)" time="0.013" />
  <testcase classname="ptolemy.util.test.junit.AutoTests" name="[60] /home/travis/build/icyphy/ptII/ptolemy/actor/lib/test/auto/Clock22.xml (RunModel)" time="0.017" />
  <testcase classname="ptolemy.util.test.junit.AutoTests" name="[61] /home/travis/build/icyphy/ptII/ptolemy/actor/lib/test/auto/Clock23.xml (RunModel)" time="0.02" />
  <testcase classname="ptolemy.util.test.junit.AutoTests" name="[62] /home/travis/build/icyphy/ptII/ptolemy/actor/lib/test/auto/Clock24.xml (RunModel)" time="0.018" />
  <testcase classname="ptolemy.util.test.junit.AutoTests" name="[63] /home/travis/build/icyphy/ptII/ptolemy/actor/lib/test/auto/Clock4.xml (RunModel)" time="0.012" />
  <testcase classname="ptolemy.util.test.junit.AutoTests" name="[64] /home/travis/build/icyphy/ptII/ptolemy/actor/lib/test/auto/Clock5.xml (RunModel)" time="0.017" />
  <testcase classname="ptolemy.util.test.junit.AutoTests" name="[65] /home/travis/build/icyphy/ptII/ptolemy/actor/lib/test/auto/Clock6.xml (RunModel)" time="0.01" />
  <testcase classname="ptolemy.util.test.junit.AutoTests" name="[66] /home/travis/build/icyphy/ptII/ptolemy/actor/lib/test/auto/Clock7.xml (RunModel)" time="0.01" />
  <testcase classname="ptolemy.util.test.junit.AutoTests" name="[67] /home/travis/build/icyphy/ptII/ptolemy/actor/lib/test/auto/Clock8.xml (RunModel)" time="0.015" />
  <testcase classname="ptolemy.util.test.junit.AutoTests" name="[68] /home/travis/build/icyphy/ptII/ptolemy/actor/lib/test/auto/Clock9.xml (RunModel)" time="0.016" />
  <testcase classname="ptolemy.util.test.junit.AutoTests" name="[69] /home/travis/build/icyphy/ptII/ptolemy/actor/lib/test/auto/CommDistDiscard.xml (RunModel)" time="0.025" />
  <testcase classname="ptolemy.util.test.junit.AutoTests" name="[70] /home/travis/build/icyphy/ptII/ptolemy/actor/lib/test/auto/Commutator.xml (RunModel)" time="0.015" />
  <testcase classname="ptolemy.util.test.junit.AutoTests" name="[71] /home/travis/build/icyphy/ptII/ptolemy/actor/lib/test/auto/Commutator2.xml (RunModel)" time="0.011" />
  <testcase classname="ptolemy.util.test.junit.AutoTests" name="[72] /home/travis/build/icyphy/ptII/ptolemy/actor/lib/test/auto/Commutator3.xml (RunModel)" time="0.013" />
  <testcase classname="ptolemy.util.test.junit.AutoTests" name="[73] /home/travis/build/icyphy/ptII/ptolemy/actor/lib/test/auto/Compare.xml (RunModel)" time="0.021" />
  <testcase classname="ptolemy.util.test.junit.AutoTests" name="[74] /home/travis/build/icyphy/ptII/ptolemy/actor/lib/test/auto/CompareDE.xml (RunModel)" time="0.019" />
  <testcase classname="ptolemy.util.test.junit.AutoTests" name="[75] /home/travis/build/icyphy/ptII/ptolemy/actor/lib/test/auto/ComplexDivide.xml (RunModel)" time="0.008" />
  <testcase classname="ptolemy.util.test.junit.AutoTests" name="[76] /home/travis/build/icyphy/ptII/ptolemy/actor/lib/test/auto/ComputeHistogram.xml (RunModel)" time="0.068" />
  <testcase classname="ptolemy.util.test.junit.AutoTests" name="[77] /home/travis/build/icyphy/ptII/ptolemy/actor/lib/test/auto/ConfigurationSelect.xml (RunModel)" time="0.023" />
  <testcase classname="ptolemy.util.test.junit.AutoTests" name="[78] /home/travis/build/icyphy/ptII/ptolemy/actor/lib/test/auto/ConfigurationSelect2.xml (RunModel)" time="0.017" />
  <testcase classname="ptolemy.util.test.junit.AutoTests" name="[79] /home/travis/build/icyphy/ptII/ptolemy/actor/lib/test/auto/ConfigurationSwitch.xml (RunModel)" time="0.021" />
  <testcase classname="ptolemy.util.test.junit.AutoTests" name="[80] /home/travis/build/icyphy/ptII/ptolemy/actor/lib/test/auto/ConfigurationSwitch2.xml (RunModel)" time="0.032" />
  <testcase classname="ptolemy.util.test.junit.AutoTests" name="[81] /home/travis/build/icyphy/ptII/ptolemy/actor/lib/test/auto/ConfigurationSwitchCloningBugWithClassRelationGroup.xml (RunModel)" time="0.023" />
  <testcase classname="ptolemy.util.test.junit.AutoTests" name="[82] /home/travis/build/icyphy/ptII/ptolemy/actor/lib/test/auto/ConfigurationSwitchSelectSDF.xml (RunModel)" time="0.016" />
  <testcase classname="ptolemy.util.test.junit.AutoTests" name="[83] /home/travis/build/icyphy/ptII/ptolemy/actor/lib/test/auto/ConfigurationSwitchSelectSDF2.xml (RunModel)" time="0.02" />
  <testcase classname="ptolemy.util.test.junit.AutoTests" name="[84] /home/travis/build/icyphy/ptII/ptolemy/actor/lib/test/auto/Const.xml (RunModel)" time="0.007" />
  <testcase classname="ptolemy.util.test.junit.AutoTests" name="[85] /home/travis/build/icyphy/ptII/ptolemy/actor/lib/test/auto/Const2.xml (RunModel)" time="0.012" />
  <testcase classname="ptolemy.util.test.junit.AutoTests" name="[86] /home/travis/build/icyphy/ptII/ptolemy/actor/lib/test/auto/Const3.xml (RunModel)" time="0.012" />
  <testcase classname="ptolemy.util.test.junit.AutoTests" name="[87] /home/travis/build/icyphy/ptII/ptolemy/actor/lib/test/auto/ConstantPublisherPort1.xml (RunModel)" time="0.034" />
  <testcase classname="ptolemy.util.test.junit.AutoTests" name="[88] /home/travis/build/icyphy/ptII/ptolemy/actor/lib/test/auto/ConstantPublisherPort2.xml (RunModel)" time="0.03" />
  <testcase classname="ptolemy.util.test.junit.AutoTests" name="[89] /home/travis/build/icyphy/ptII/ptolemy/actor/lib/test/auto/ConstantPublisherPort3.xml (RunModel)" time="0.021" />
  <testcase classname="ptolemy.util.test.junit.AutoTests" name="[90] /home/travis/build/icyphy/ptII/ptolemy/actor/lib/test/auto/ConstantPublisherPort4.xml (RunModel)" time="0.018" />
  <testcase classname="ptolemy.util.test.junit.AutoTests" name="[91] /home/travis/build/icyphy/ptII/ptolemy/actor/lib/test/auto/ConstantPublisherPort5.xml (RunModel)" time="0.05" />
  <testcase classname="ptolemy.util.test.junit.AutoTests" name="[92] /home/travis/build/icyphy/ptII/ptolemy/actor/lib/test/auto/ConstantPublisherPort6.xml (RunModel)" time="0.037" />
  <testcase classname="ptolemy.util.test.junit.AutoTests" name="[93] /home/travis/build/icyphy/ptII/ptolemy/actor/lib/test/auto/ConstantPublisherPort7.xml (RunModel)" time="0.033" />
  <testcase classname="ptolemy.util.test.junit.AutoTests" name="[94] /home/travis/build/icyphy/ptII/ptolemy/actor/lib/test/auto/ConstraintMonitor1.xml (RunModel)" time="0.042" />
  <testcase classname="ptolemy.util.test.junit.AutoTests" name="[95] /home/travis/build/icyphy/ptII/ptolemy/actor/lib/test/auto/ConstraintMonitor2.xml (RunModel)" time="0.017" />
  <testcase classname="ptolemy.util.test.junit.AutoTests" name="[96] /home/travis/build/icyphy/ptII/ptolemy/actor/lib/test/auto/ConstraintMonitor3.xml (RunModel)" time="0.017" />
  <testcase classname="ptolemy.util.test.junit.AutoTests" name="[97] /home/travis/build/icyphy/ptII/ptolemy/actor/lib/test/auto/ConstraintMonitor4.xml (RunModel)" time="0.015" />
  <testcase classname="ptolemy.util.test.junit.AutoTests" name="[98] /home/travis/build/icyphy/ptII/ptolemy/actor/lib/test/auto/ConstraintMonitor5.xml (RunModel)" time="0.02" />
  <testcase classname="ptolemy.util.test.junit.AutoTests" name="[99] /home/travis/build/icyphy/ptII/ptolemy/actor/lib/test/auto/ConstraintMonitor6.xml (RunModel)" time="0.015" />
  <testcase classname="ptolemy.util.test.junit.AutoTests" name="[100] /home/travis/build/icyphy/ptII/ptolemy/actor/lib/test/auto/ConstraintMonitor7.xml (RunModel)" time="0.016" />
  <testcase classname="ptolemy.util.test.junit.AutoTests" name="[101] /home/travis/build/icyphy/ptII/ptolemy/actor/lib/test/auto/ConstraintMonitor8.xml (RunModel)" time="0.017" />
  <testcase classname="ptolemy.util.test.junit.AutoTests" name="[102] /home/travis/build/icyphy/ptII/ptolemy/actor/lib/test/auto/Counter.xml (RunModel)" time="0.014" />
  <testcase classname="ptolemy.util.test.junit.AutoTests" name="[103] /home/travis/build/icyphy/ptII/ptolemy/actor/lib/test/auto/CurrentTimeSDF.xml (RunModel)" time="0.01" />
  <testcase classname="ptolemy.util.test.junit.AutoTests" name="[104] /home/travis/build/icyphy/ptII/ptolemy/actor/lib/test/auto/DB.xml (RunModel)" time="0.014" />
  <testcase classname="ptolemy.util.test.junit.AutoTests" name="[105] /home/travis/build/icyphy/ptII/ptolemy/actor/lib/test/auto/DBDE.xml (RunModel)" time="0.015" />
  <testcase classname="ptolemy.util.test.junit.AutoTests" name="[106] /home/travis/build/icyphy/ptII/ptolemy/actor/lib/test/auto/DateConstructor.xml (RunModel)" time="0.075" />
  <testcase classname="ptolemy.util.test.junit.AutoTests" name="[107] /home/travis/build/icyphy/ptII/ptolemy/actor/lib/test/auto/DelayTime.xml (RunModel)" time="0.021" />
  <testcase classname="ptolemy.util.test.junit.AutoTests" name="[108] /home/travis/build/icyphy/ptII/ptolemy/actor/lib/test/auto/Dictionary1.xml (RunModel)" time="0.022" />
  <testcase classname="ptolemy.util.test.junit.AutoTests" name="[109] /home/travis/build/icyphy/ptII/ptolemy/actor/lib/test/auto/Dictionary2.xml (RunModel)" time="0.018" />
  <testcase classname="ptolemy.util.test.junit.AutoTests" name="[110] /home/travis/build/icyphy/ptII/ptolemy/actor/lib/test/auto/Dictionary3.xml (RunModel)" time="0.015" />
  <testcase classname="ptolemy.util.test.junit.AutoTests" name="[111] /home/travis/build/icyphy/ptII/ptolemy/actor/lib/test/auto/Dictionary4.xml (RunModel)" time="0.019" />
  <testcase classname="ptolemy.util.test.junit.AutoTests" name="[112] /home/travis/build/icyphy/ptII/ptolemy/actor/lib/test/auto/Differential.xml (RunModel)" time="0.013" />
  <testcase classname="ptolemy.util.test.junit.AutoTests" name="[113] /home/travis/build/icyphy/ptII/ptolemy/actor/lib/test/auto/Director.xml (RunModel)" time="0.012" />
  <testcase classname="ptolemy.util.test.junit.AutoTests" name="[114] /home/travis/build/icyphy/ptII/ptolemy/actor/lib/test/auto/DiscreteClock.xml (RunModel)" time="0.009" />
  <testcase classname="ptolemy.util.test.junit.AutoTests" name="[115] /home/travis/build/icyphy/ptII/ptolemy/actor/lib/test/auto/DiscreteClock10.xml (RunModel)" time="0.018" />
  <testcase classname="ptolemy.util.test.junit.AutoTests" name="[116] /home/travis/build/icyphy/ptII/ptolemy/actor/lib/test/auto/DiscreteClock11.xml (RunModel)" time="0.014" />
  <testcase classname="ptolemy.util.test.junit.AutoTests" name="[117] /home/travis/build/icyphy/ptII/ptolemy/actor/lib/test/auto/DiscreteClock12.xml (RunModel)" time="0.013" />
  <testcase classname="ptolemy.util.test.junit.AutoTests" name="[118] /home/travis/build/icyphy/ptII/ptolemy/actor/lib/test/auto/DiscreteClock13.xml (RunModel)" time="0.016" />
  <testcase classname="ptolemy.util.test.junit.AutoTests" name="[119] /home/travis/build/icyphy/ptII/ptolemy/actor/lib/test/auto/DiscreteClock14.xml (RunModel)" time="0.015" />
  <testcase classname="ptolemy.util.test.junit.AutoTests" name="[120] /home/travis/build/icyphy/ptII/ptolemy/actor/lib/test/auto/DiscreteClock15.xml (RunModel)" time="0.014" />
  <testcase classname="ptolemy.util.test.junit.AutoTests" name="[121] /home/travis/build/icyphy/ptII/ptolemy/actor/lib/test/auto/DiscreteClock16.xml (RunModel)" time="0.04" />
  <testcase classname="ptolemy.util.test.junit.AutoTests" name="[122] /home/travis/build/icyphy/ptII/ptolemy/actor/lib/test/auto/DiscreteClock17.xml (RunModel)" time="0.045" />
  <testcase classname="ptolemy.util.test.junit.AutoTests" name="[123] /home/travis/build/icyphy/ptII/ptolemy/actor/lib/test/auto/DiscreteClock18.xml (RunModel)" time="0.039" />
  <testcase classname="ptolemy.util.test.junit.AutoTests" name="[124] /home/travis/build/icyphy/ptII/ptolemy/actor/lib/test/auto/DiscreteClock19.xml (RunModel)" time="0.068" />
  <testcase classname="ptolemy.util.test.junit.AutoTests" name="[125] /home/travis/build/icyphy/ptII/ptolemy/actor/lib/test/auto/DiscreteClock2.xml (RunModel)" time="0.015" />
  <testcase classname="ptolemy.util.test.junit.AutoTests" name="[126] /home/travis/build/icyphy/ptII/ptolemy/actor/lib/test/auto/DiscreteClock20.xml (RunModel)" time="0.032" />
  <testcase classname="ptolemy.util.test.junit.AutoTests" name="[127] /home/travis/build/icyphy/ptII/ptolemy/actor/lib/test/auto/DiscreteClock21.xml (RunModel)" time="0.021" />
  <testcase classname="ptolemy.util.test.junit.AutoTests" name="[128] /home/travis/build/icyphy/ptII/ptolemy/actor/lib/test/auto/DiscreteClock22.xml (RunModel)" time="0.016" />
  <testcase classname="ptolemy.util.test.junit.AutoTests" name="[129] /home/travis/build/icyphy/ptII/ptolemy/actor/lib/test/auto/DiscreteClock23.xml (RunModel)" time="0.021" />
  <testcase classname="ptolemy.util.test.junit.AutoTests" name="[130] /home/travis/build/icyphy/ptII/ptolemy/actor/lib/test/auto/DiscreteClock24.xml (RunModel)" time="0.014" />
  <testcase classname="ptolemy.util.test.junit.AutoTests" name="[131] /home/travis/build/icyphy/ptII/ptolemy/actor/lib/test/auto/DiscreteClock4.xml (RunModel)" time="0.013" />
  <testcase classname="ptolemy.util.test.junit.AutoTests" name="[132] /home/travis/build/icyphy/ptII/ptolemy/actor/lib/test/auto/DiscreteClock5.xml (RunModel)" time="0.01" />
  <testcase classname="ptolemy.util.test.junit.AutoTests" name="[133] /home/travis/build/icyphy/ptII/ptolemy/actor/lib/test/auto/DiscreteClock6.xml (RunModel)" time="0.01" />
  <testcase classname="ptolemy.util.test.junit.AutoTests" name="[134] /home/travis/build/icyphy/ptII/ptolemy/actor/lib/test/auto/DiscreteClock7.xml (RunModel)" time="0.01" />
  <testcase classname="ptolemy.util.test.junit.AutoTests" name="[135] /home/travis/build/icyphy/ptII/ptolemy/actor/lib/test/auto/DiscreteClock8.xml (RunModel)" time="0.02" />
  <testcase classname="ptolemy.util.test.junit.AutoTests" name="[136] /home/travis/build/icyphy/ptII/ptolemy/actor/lib/test/auto/DiscreteClock9.xml (RunModel)" time="0.012" />
  <testcase classname="ptolemy.util.test.junit.AutoTests" name="[137] /home/travis/build/icyphy/ptII/ptolemy/actor/lib/test/auto/DisplayArray.xml (RunModel)" time="0.009" />
  <testcase classname="ptolemy.util.test.junit.AutoTests" name="[138] /home/travis/build/icyphy/ptII/ptolemy/actor/lib/test/auto/Distributor.xml (RunModel)" time="0.01" />
  <testcase classname="ptolemy.util.test.junit.AutoTests" name="[139] /home/travis/build/icyphy/ptII/ptolemy/actor/lib/test/auto/Distributor2.xml (RunModel)" time="0.011" />
  <testcase classname="ptolemy.util.test.junit.AutoTests" name="[140] /home/travis/build/icyphy/ptII/ptolemy/actor/lib/test/auto/DownSample.xml (RunModel)" time="0.011" />
  <testcase classname="ptolemy.util.test.junit.AutoTests" name="[141] /home/travis/build/icyphy/ptII/ptolemy/actor/lib/test/auto/ElectronicUnitBase1.xml (RunModel)" time="0.053" />
  <testcase classname="ptolemy.util.test.junit.AutoTests" name="[142] /home/travis/build/icyphy/ptII/ptolemy/actor/lib/test/auto/ElementsToArray.xml (RunModel)" time="0.012" />
  <testcase classname="ptolemy.util.test.junit.AutoTests" name="[143] /home/travis/build/icyphy/ptII/ptolemy/actor/lib/test/auto/Equals.xml (RunModel)" time="0.016" />
  <testcase classname="ptolemy.util.test.junit.AutoTests" name="[144] /home/travis/build/icyphy/ptII/ptolemy/actor/lib/test/auto/Exec.xml (RunModel)" time="0.027" />
  <testcase classname="ptolemy.util.test.junit.AutoTests" name="[145] /home/travis/build/icyphy/ptII/ptolemy/actor/lib/test/auto/ExecEnvironment.xml (RunModel)" time="0.033" />
  <testcase classname="ptolemy.util.test.junit.AutoTests" name="[146] /home/travis/build/icyphy/ptII/ptolemy/actor/lib/test/auto/ExecNonZeroReturnOutput.xml (RunModel)" time="0.187" />
  <testcase classname="ptolemy.util.test.junit.AutoTests" name="[147] /home/travis/build/icyphy/ptII/ptolemy/actor/lib/test/auto/ExecRunDemos.xml (RunModel)" time="10.942" />
  <testcase classname="ptolemy.util.test.junit.AutoTests" name="[148] /home/travis/build/icyphy/ptII/ptolemy/actor/lib/test/auto/ExecStop.xml (RunModel)" time="5.034" />
  <testcase classname="ptolemy.util.test.junit.AutoTests" name="[149] /home/travis/build/icyphy/ptII/ptolemy/actor/lib/test/auto/ExecutionTimeSDF.xml (RunModel)" time="6.034" />
  <testcase classname="ptolemy.util.test.junit.AutoTests" name="[150] /home/travis/build/icyphy/ptII/ptolemy/actor/lib/test/auto/Expression1.xml (RunModel)" time="0.015" />
  <testcase classname="ptolemy.util.test.junit.AutoTests" name="[151] /home/travis/build/icyphy/ptII/ptolemy/actor/lib/test/auto/Expression10.xml (RunModel)" time="0.024" />
  <testcase classname="ptolemy.util.test.junit.AutoTests" name="[152] /home/travis/build/icyphy/ptII/ptolemy/actor/lib/test/auto/Expression11.xml (RunModel)" time="0.031" />
  <testcase classname="ptolemy.util.test.junit.AutoTests" name="[153] /home/travis/build/icyphy/ptII/ptolemy/actor/lib/test/auto/Expression12.xml (RunModel)" time="0.015" />
  <testcase classname="ptolemy.util.test.junit.AutoTests" name="[154] /home/travis/build/icyphy/ptII/ptolemy/actor/lib/test/auto/Expression13.xml (RunModel)" time="0.015" />
  <testcase classname="ptolemy.util.test.junit.AutoTests" name="[155] /home/travis/build/icyphy/ptII/ptolemy/actor/lib/test/auto/Expression14.xml (RunModel)" time="0.019" />
  <testcase classname="ptolemy.util.test.junit.AutoTests" name="[156] /home/travis/build/icyphy/ptII/ptolemy/actor/lib/test/auto/Expression15.xml (RunModel)" time="0.008" />
  <testcase classname="ptolemy.util.test.junit.AutoTests" name="[157] /home/travis/build/icyphy/ptII/ptolemy/actor/lib/test/auto/Expression16.xml (RunModel)" time="0.023" />
  <testcase classname="ptolemy.util.test.junit.AutoTests" name="[158] /home/travis/build/icyphy/ptII/ptolemy/actor/lib/test/auto/Expression17.xml (RunModel)" time="0.012" />
  <testcase classname="ptolemy.util.test.junit.AutoTests" name="[159] /home/travis/build/icyphy/ptII/ptolemy/actor/lib/test/auto/Expression18.xml (RunModel)" time="0.016" />
  <testcase classname="ptolemy.util.test.junit.AutoTests" name="[160] /home/travis/build/icyphy/ptII/ptolemy/actor/lib/test/auto/Expression2.xml (RunModel)" time="0.014" />
  <testcase classname="ptolemy.util.test.junit.AutoTests" name="[161] /home/travis/build/icyphy/ptII/ptolemy/actor/lib/test/auto/Expression3.xml (RunModel)" time="0.014" />
  <testcase classname="ptolemy.util.test.junit.AutoTests" name="[162] /home/travis/build/icyphy/ptII/ptolemy/actor/lib/test/auto/Expression4.xml (RunModel)" time="0.02" />
  <testcase classname="ptolemy.util.test.junit.AutoTests" name="[163] /home/travis/build/icyphy/ptII/ptolemy/actor/lib/test/auto/Expression5.xml (RunModel)" time="0.012" />
  <testcase classname="ptolemy.util.test.junit.AutoTests" name="[164] /home/travis/build/icyphy/ptII/ptolemy/actor/lib/test/auto/Expression6.xml (RunModel)" time="0.009" />
  <testcase classname="ptolemy.util.test.junit.AutoTests" name="[165] /home/travis/build/icyphy/ptII/ptolemy/actor/lib/test/auto/Expression7.xml (RunModel)" time="0.019" />
  <testcase classname="ptolemy.util.test.junit.AutoTests" name="[166] /home/travis/build/icyphy/ptII/ptolemy/actor/lib/test/auto/Expression8.xml (RunModel)" time="0.015" />
  <testcase classname="ptolemy.util.test.junit.AutoTests" name="[167] /home/travis/build/icyphy/ptII/ptolemy/actor/lib/test/auto/Expression9.xml (RunModel)" time="0.008" />
  <testcase classname="ptolemy.util.test.junit.AutoTests" name="[168] /home/travis/build/icyphy/ptII/ptolemy/actor/lib/test/auto/ExpressionConcatenateArrayType.xml (RunModel)" time="0.026" />
  <testcase classname="ptolemy.util.test.junit.AutoTests" name="[169] /home/travis/build/icyphy/ptII/ptolemy/actor/lib/test/auto/ExpressionConcatenateArrayType2.xml (RunModel)" time="0.023" />
  <testcase classname="ptolemy.util.test.junit.AutoTests" name="[170] /home/travis/build/icyphy/ptII/ptolemy/actor/lib/test/auto/ExpressionFix.xml (RunModel)" time="0.051" />
  <testcase classname="ptolemy.util.test.junit.AutoTests" name="[171] /home/travis/build/icyphy/ptII/ptolemy/actor/lib/test/auto/ExpressionFix2.xml (RunModel)" time="0.013" />
  <testcase classname="ptolemy.util.test.junit.AutoTests" name="[172] /home/travis/build/icyphy/ptII/ptolemy/actor/lib/test/auto/ExpressionFix3.xml (RunModel)" time="0.012" />
  <testcase classname="ptolemy.util.test.junit.AutoTests" name="[173] /home/travis/build/icyphy/ptII/ptolemy/actor/lib/test/auto/FileWriter1.xml (RunModel)" time="0.01" />
  <testcase classname="ptolemy.util.test.junit.AutoTests" name="[174] /home/travis/build/icyphy/ptII/ptolemy/actor/lib/test/auto/FileWriter2.xml (RunModel)" time="0.012" />
  <testcase classname="ptolemy.util.test.junit.AutoTests" name="[175] /home/travis/build/icyphy/ptII/ptolemy/actor/lib/test/auto/FileWriter3.xml (RunModel)" time="0.012" />
  <testcase classname="ptolemy.util.test.junit.AutoTests" name="[176] /home/travis/build/icyphy/ptII/ptolemy/actor/lib/test/auto/Gaussian.xml (RunModel)" time="0.013" />
  <testcase classname="ptolemy.util.test.junit.AutoTests" name="[177] /home/travis/build/icyphy/ptII/ptolemy/actor/lib/test/auto/Gaussian1.xml (RunModel)" time="0.014" />
  <testcase classname="ptolemy.util.test.junit.AutoTests" name="[178] /home/travis/build/icyphy/ptII/ptolemy/actor/lib/test/auto/Gaussian2.xml (RunModel)" time="0.025" />
  <testcase classname="ptolemy.util.test.junit.AutoTests" name="[179] /home/travis/build/icyphy/ptII/ptolemy/actor/lib/test/auto/GradientAdaptiveLattice.xml (RunModel)" time="0.015" />
  <testcase classname="ptolemy.util.test.junit.AutoTests" name="[180] /home/travis/build/icyphy/ptII/ptolemy/actor/lib/test/auto/IIR.xml (RunModel)" time="0.01" />
  <testcase classname="ptolemy.util.test.junit.AutoTests" name="[181] /home/travis/build/icyphy/ptII/ptolemy/actor/lib/test/auto/InputOutputTransparentPorts.xml (RunModel)" time="0.018" />
  <testcase classname="ptolemy.util.test.junit.AutoTests" name="[182] /home/travis/build/icyphy/ptII/ptolemy/actor/lib/test/auto/Interpolator.xml (RunModel)" time="0.012" />
  <testcase classname="ptolemy.util.test.junit.AutoTests" name="[183] /home/travis/build/icyphy/ptII/ptolemy/actor/lib/test/auto/InterpolatorFiringLimitDE.xml (RunModel)" time="0.013" />
  <testcase classname="ptolemy.util.test.junit.AutoTests" name="[184] /home/travis/build/icyphy/ptII/ptolemy/actor/lib/test/auto/Lattice.xml (RunModel)" time="0.009" />
  <testcase classname="ptolemy.util.test.junit.AutoTests" name="[185] /home/travis/build/icyphy/ptII/ptolemy/actor/lib/test/auto/LazyAOCTestLazy.xml (RunModel)" time="0.035" />
  <testcase classname="ptolemy.util.test.junit.AutoTests" name="[186] /home/travis/build/icyphy/ptII/ptolemy/actor/lib/test/auto/LazyAOCTestNonLazy.xml (RunModel)" time="0.05" />
  <testcase classname="ptolemy.util.test.junit.AutoTests" name="[187] /home/travis/build/icyphy/ptII/ptolemy/actor/lib/test/auto/LazyInnerClass.xml (RunModel)" time="0.054" />
  <testcase classname="ptolemy.util.test.junit.AutoTests" name="[188] /home/travis/build/icyphy/ptII/ptolemy/actor/lib/test/auto/LazyPubSub.xml (RunModel)" time="0.06" />
  <testcase classname="ptolemy.util.test.junit.AutoTests" name="[189] /home/travis/build/icyphy/ptII/ptolemy/actor/lib/test/auto/LazyPubSub2.xml (RunModel)" time="0.031" />
  <testcase classname="ptolemy.util.test.junit.AutoTests" name="[190] /home/travis/build/icyphy/ptII/ptolemy/actor/lib/test/auto/LazyPubSub3.xml (RunModel)" time="0.025" />
  <testcase classname="ptolemy.util.test.junit.AutoTests" name="[191] /home/travis/build/icyphy/ptII/ptolemy/actor/lib/test/auto/LazySubClassModel.xml (RunModel)" time="0.024" />
  <testcase classname="ptolemy.util.test.junit.AutoTests" name="[192] /home/travis/build/icyphy/ptII/ptolemy/actor/lib/test/auto/LevelCrossTest1.xml (RunModel)" time="0.011" />
  <testcase classname="ptolemy.util.test.junit.AutoTests" name="[193] /home/travis/build/icyphy/ptII/ptolemy/actor/lib/test/auto/LevelCrossTest10.xml (RunModel)" time="0.017" />
  <testcase classname="ptolemy.util.test.junit.AutoTests" name="[194] /home/travis/build/icyphy/ptII/ptolemy/actor/lib/test/auto/LevelCrossTest11.xml (RunModel)" time="0.018" />
  <testcase classname="ptolemy.util.test.junit.AutoTests" name="[195] /home/travis/build/icyphy/ptII/ptolemy/actor/lib/test/auto/LevelCrossTest12.xml (RunModel)" time="0.024" />
  <testcase classname="ptolemy.util.test.junit.AutoTests" name="[196] /home/travis/build/icyphy/ptII/ptolemy/actor/lib/test/auto/LevelCrossTest13.xml (RunModel)" time="0.017" />
  <testcase classname="ptolemy.util.test.junit.AutoTests" name="[197] /home/travis/build/icyphy/ptII/ptolemy/actor/lib/test/auto/LevelCrossTest2.xml (RunModel)" time="0.012" />
  <testcase classname="ptolemy.util.test.junit.AutoTests" name="[198] /home/travis/build/icyphy/ptII/ptolemy/actor/lib/test/auto/LevelCrossTest3.xml (RunModel)" time="0.015" />
  <testcase classname="ptolemy.util.test.junit.AutoTests" name="[199] /home/travis/build/icyphy/ptII/ptolemy/actor/lib/test/auto/LevelCrossTest4.xml (RunModel)" time="0.012" />
  <testcase classname="ptolemy.util.test.junit.AutoTests" name="[200] /home/travis/build/icyphy/ptII/ptolemy/actor/lib/test/auto/LevelCrossTest5.xml (RunModel)" time="0.015" />
  <testcase classname="ptolemy.util.test.junit.AutoTests" name="[201] /home/travis/build/icyphy/ptII/ptolemy/actor/lib/test/auto/LevelCrossTest6.xml (RunModel)" time="0.018" />
  <testcase classname="ptolemy.util.test.junit.AutoTests" name="[202] /home/travis/build/icyphy/ptII/ptolemy/actor/lib/test/auto/LevelCrossTest7.xml (RunModel)" time="0.017" />
  <testcase classname="ptolemy.util.test.junit.AutoTests" name="[203] /home/travis/build/icyphy/ptII/ptolemy/actor/lib/test/auto/LevelCrossTest8.xml (RunModel)" time="0.015" />
  <testcase classname="ptolemy.util.test.junit.AutoTests" name="[204] /home/travis/build/icyphy/ptII/ptolemy/actor/lib/test/auto/LevelCrossTest9.xml (RunModel)" time="0.014" />
  <testcase classname="ptolemy.util.test.junit.AutoTests" name="[205] /home/travis/build/icyphy/ptII/ptolemy/actor/lib/test/auto/LevinsonDurbin.xml (RunModel)" time="0.011" />
  <testcase classname="ptolemy.util.test.junit.AutoTests" name="[206] /home/travis/build/icyphy/ptII/ptolemy/actor/lib/test/auto/LevinsonDurbin2.xml (RunModel)" time="0.011" />
  <testcase classname="ptolemy.util.test.junit.AutoTests" name="[207] /home/travis/build/icyphy/ptII/ptolemy/actor/lib/test/auto/LevinsonDurbin3.xml (RunModel)" time="0.01" />
  <testcase classname="ptolemy.util.test.junit.AutoTests" name="[208] /home/travis/build/icyphy/ptII/ptolemy/actor/lib/test/auto/Limiter.xml (RunModel)" time="0.046" />
  <testcase classname="ptolemy.util.test.junit.AutoTests" name="[209] /home/travis/build/icyphy/ptII/ptolemy/actor/lib/test/auto/LinearDifferenceEquationSystem.xml (RunModel)" time="0.027" />
  <testcase classname="ptolemy.util.test.junit.AutoTests" name="[210] /home/travis/build/icyphy/ptII/ptolemy/actor/lib/test/auto/LookupTable.xml (RunModel)" time="0.026" />
  <testcase classname="ptolemy.util.test.junit.AutoTests" name="[211] /home/travis/build/icyphy/ptII/ptolemy/actor/lib/test/auto/MathFunction.xml (RunModel)" time="0.034" />
  <testcase classname="ptolemy.util.test.junit.AutoTests" name="[212] /home/travis/build/icyphy/ptII/ptolemy/actor/lib/test/auto/MathFunction2.xml (RunModel)" time="0.013" />
  <testcase classname="ptolemy.util.test.junit.AutoTests" name="[213] /home/travis/build/icyphy/ptII/ptolemy/actor/lib/test/auto/MathFunction3.xml (RunModel)" time="0.02" />
  <testcase classname="ptolemy.util.test.junit.AutoTests" name="[214] /home/travis/build/icyphy/ptII/ptolemy/actor/lib/test/auto/MatrixCropBoolean.xml (RunModel)" time="0.017" />
  <testcase classname="ptolemy.util.test.junit.AutoTests" name="[215] /home/travis/build/icyphy/ptII/ptolemy/actor/lib/test/auto/MatrixCropComplex.xml (RunModel)" time="0.011" />
  <testcase classname="ptolemy.util.test.junit.AutoTests" name="[216] /home/travis/build/icyphy/ptII/ptolemy/actor/lib/test/auto/MatrixCropDouble.xml (RunModel)" time="0.013" />
  <testcase classname="ptolemy.util.test.junit.AutoTests" name="[217] /home/travis/build/icyphy/ptII/ptolemy/actor/lib/test/auto/MatrixCropFix.xml (RunModel)" time="0.015" />
  <testcase classname="ptolemy.util.test.junit.AutoTests" name="[218] /home/travis/build/icyphy/ptII/ptolemy/actor/lib/test/auto/MatrixCropInt.xml (RunModel)" time="0.011" />
  <testcase classname="ptolemy.util.test.junit.AutoTests" name="[219] /home/travis/build/icyphy/ptII/ptolemy/actor/lib/test/auto/MatrixCropLong.xml (RunModel)" time="0.01" />
  <testcase classname="ptolemy.util.test.junit.AutoTests" name="[220] /home/travis/build/icyphy/ptII/ptolemy/actor/lib/test/auto/MatrixToArray.xml (RunModel)" time="0.056" />
  <testcase classname="ptolemy.util.test.junit.AutoTests" name="[221] /home/travis/build/icyphy/ptII/ptolemy/actor/lib/test/auto/MaxIndex.xml (RunModel)" time="0.013" />
  <testcase classname="ptolemy.util.test.junit.AutoTests" name="[222] /home/travis/build/icyphy/ptII/ptolemy/actor/lib/test/auto/Maximum.xml (RunModel)" time="0.013" />
  <testcase classname="ptolemy.util.test.junit.AutoTests" name="[223] /home/travis/build/icyphy/ptII/ptolemy/actor/lib/test/auto/MaximumComplex.xml (RunModel)" time="0.014" />
  <testcase classname="ptolemy.util.test.junit.AutoTests" name="[224] /home/travis/build/icyphy/ptII/ptolemy/actor/lib/test/auto/MethodCallTest.xml (RunModel)" time="0.028" />
  <testcase classname="ptolemy.util.test.junit.AutoTests" name="[225] /home/travis/build/icyphy/ptII/ptolemy/actor/lib/test/auto/Minimum.xml (RunModel)" time="0.014" />
  <testcase classname="ptolemy.util.test.junit.AutoTests" name="[226] /home/travis/build/icyphy/ptII/ptolemy/actor/lib/test/auto/MinimumComplex.xml (RunModel)" time="0.025" />
  <testcase classname="ptolemy.util.test.junit.AutoTests" name="[227] /home/travis/build/icyphy/ptII/ptolemy/actor/lib/test/auto/MinimumMultiports.xml (RunModel)" time="0.024" />
  <testcase classname="ptolemy.util.test.junit.AutoTests" name="[228] /home/travis/build/icyphy/ptII/ptolemy/actor/lib/test/auto/ModifyDate.xml (RunModel)" time="0.039" />
  <testcase classname="ptolemy.util.test.junit.AutoTests" name="[229] /home/travis/build/icyphy/ptII/ptolemy/actor/lib/test/auto/ModifyDate2.xml (RunModel)" time="0.024" />
  <testcase classname="ptolemy.util.test.junit.AutoTests" name="[230] /home/travis/build/icyphy/ptII/ptolemy/actor/lib/test/auto/MovingAverage.xml (RunModel)" time="0.011" />
  <testcase classname="ptolemy.util.test.junit.AutoTests" name="[231] /home/travis/build/icyphy/ptII/ptolemy/actor/lib/test/auto/MovingMaximum.xml (RunModel)" time="0.009" />
  <testcase classname="ptolemy.util.test.junit.AutoTests" name="[232] /home/travis/build/icyphy/ptII/ptolemy/actor/lib/test/auto/MultipleLinksToSameRelation.xml (RunModel)" time="0.007" />
  <testcase classname="ptolemy.util.test.junit.AutoTests" name="[233] /home/travis/build/icyphy/ptII/ptolemy/actor/lib/test/auto/MultipleLinksToSameRelationDE.xml (RunModel)" time="0.014" />
  <testcase classname="ptolemy.util.test.junit.AutoTests" name="[234] /home/travis/build/icyphy/ptII/ptolemy/actor/lib/test/auto/Multiplexor.xml (RunModel)" time="0.011" />
  <testcase classname="ptolemy.util.test.junit.AutoTests" name="[235] /home/travis/build/icyphy/ptII/ptolemy/actor/lib/test/auto/Multiplexor1.xml (RunModel)" time="0.012" />
  <testcase classname="ptolemy.util.test.junit.AutoTests" name="[236] /home/travis/build/icyphy/ptII/ptolemy/actor/lib/test/auto/Multiplexor2.xml (RunModel)" time="0.012" />
  <testcase classname="ptolemy.util.test.junit.AutoTests" name="[237] /home/travis/build/icyphy/ptII/ptolemy/actor/lib/test/auto/Multiplexor3.xml (RunModel)" time="0.01" />
  <testcase classname="ptolemy.util.test.junit.AutoTests" name="[238] /home/travis/build/icyphy/ptII/ptolemy/actor/lib/test/auto/MultiplexorDE.xml (RunModel)" time="0.019" />
  <testcase classname="ptolemy.util.test.junit.AutoTests" name="[239] /home/travis/build/icyphy/ptII/ptolemy/actor/lib/test/auto/MultiportBroadcastTest.xml (RunModel)" time="0.098" />
  <testcase classname="ptolemy.util.test.junit.AutoTests" name="[240] /home/travis/build/icyphy/ptII/ptolemy/actor/lib/test/auto/MultiportOutHangDuringGetWidth.xml (RunModel)" time="0.04" />
  <testcase classname="ptolemy.util.test.junit.AutoTests" name="[241] /home/travis/build/icyphy/ptII/ptolemy/actor/lib/test/auto/NilToken.xml (RunModel)" time="0.011" />
  <testcase classname="ptolemy.util.test.junit.AutoTests" name="[242] /home/travis/build/icyphy/ptII/ptolemy/actor/lib/test/auto/NilTokenNonStrictTest.xml (RunModel)" time="0.012" />
  <testcase classname="ptolemy.util.test.junit.AutoTests" name="[243] /home/travis/build/icyphy/ptII/ptolemy/actor/lib/test/auto/NilTokenRecord.xml (RunModel)" time="0.022" />
  <testcase classname="ptolemy.util.test.junit.AutoTests" name="[244] /home/travis/build/icyphy/ptII/ptolemy/actor/lib/test/auto/NilTokenTypeTest.xml (RunModel)" time="0.034" />
  <testcase classname="ptolemy.util.test.junit.AutoTests" name="[245] /home/travis/build/icyphy/ptII/ptolemy/actor/lib/test/auto/ObjectToken1.xml (RunModel)" time="0.008" />
  <testcase classname="ptolemy.util.test.junit.AutoTests" name="[246] /home/travis/build/icyphy/ptII/ptolemy/actor/lib/test/auto/OrderedMerge.xml (RunModel)" time="0.02" />
  <testcase classname="ptolemy.util.test.junit.AutoTests" name="[247] /home/travis/build/icyphy/ptII/ptolemy/actor/lib/test/auto/OrderedRecordDisassembler.xml (RunModel)" time="0.016" />
  <testcase classname="ptolemy.util.test.junit.AutoTests" name="[248] /home/travis/build/icyphy/ptII/ptolemy/actor/lib/test/auto/OrderedRecordDisassembler2.xml (RunModel)" time="0.017" />
  <testcase classname="ptolemy.util.test.junit.AutoTests" name="[249] /home/travis/build/icyphy/ptII/ptolemy/actor/lib/test/auto/OrderedRecordUpdater.xml (RunModel)" time="0.011" />
  <testcase classname="ptolemy.util.test.junit.AutoTests" name="[250] /home/travis/build/icyphy/ptII/ptolemy/actor/lib/test/auto/OrderedRecordUpdater2.xml (RunModel)" time="0.018" />
  <testcase classname="ptolemy.util.test.junit.AutoTests" name="[251] /home/travis/build/icyphy/ptII/ptolemy/actor/lib/test/auto/PhaseUnwrap.xml (RunModel)" time="0.011" />
  <testcase classname="ptolemy.util.test.junit.AutoTests" name="[252] /home/travis/build/icyphy/ptII/ptolemy/actor/lib/test/auto/PoissonClock.xml (RunModel)" time="0.011" />
  <testcase classname="ptolemy.util.test.junit.AutoTests" name="[253] /home/travis/build/icyphy/ptII/ptolemy/actor/lib/test/auto/PoissonClock2.xml (RunModel)" time="0.008" />
  <testcase classname="ptolemy.util.test.junit.AutoTests" name="[254] /home/travis/build/icyphy/ptII/ptolemy/actor/lib/test/auto/PoissonClock3.xml (RunModel)" time="0.025" />
  <testcase classname="ptolemy.util.test.junit.AutoTests" name="[255] /home/travis/build/icyphy/ptII/ptolemy/actor/lib/test/auto/PubSubWithInitialTokens.xml (RunModel)" time="0.019" />
  <testcase classname="ptolemy.util.test.junit.AutoTests" name="[256] /home/travis/build/icyphy/ptII/ptolemy/actor/lib/test/auto/PubSubWithInitialTokens2.xml (RunModel)" time="0.012" />
  <testcase classname="ptolemy.util.test.junit.AutoTests" name="[257] /home/travis/build/icyphy/ptII/ptolemy/actor/lib/test/auto/PublisherClassNoParameter.xml (RunModel)" time="0.024" />
  <testcase classname="ptolemy.util.test.junit.AutoTests" name="[258] /home/travis/build/icyphy/ptII/ptolemy/actor/lib/test/auto/PublisherClassParameter.xml (RunModel)" time="0.022" />
  <testcase classname="ptolemy.util.test.junit.AutoTests" name="[259] /home/travis/build/icyphy/ptII/ptolemy/actor/lib/test/auto/PublisherNonStrictTest.xml (RunModel)" time="0.015" />
  <testcase classname="ptolemy.util.test.junit.AutoTests" name="[260] /home/travis/build/icyphy/ptII/ptolemy/actor/lib/test/auto/PublisherPort1.xml (RunModel)" time="0.01" />
  <testcase classname="ptolemy.util.test.junit.AutoTests" name="[261] /home/travis/build/icyphy/ptII/ptolemy/actor/lib/test/auto/PublisherPort2.xml (RunModel)" time="0.009" />
  <testcase classname="ptolemy.util.test.junit.AutoTests" name="[262] /home/travis/build/icyphy/ptII/ptolemy/actor/lib/test/auto/PublisherPort3.xml (RunModel)" time="0.021" />
  <testcase classname="ptolemy.util.test.junit.AutoTests" name="[263] /home/travis/build/icyphy/ptII/ptolemy/actor/lib/test/auto/PublisherPort4.xml (RunModel)" time="0.025" />
  <testcase classname="ptolemy.util.test.junit.AutoTests" name="[264] /home/travis/build/icyphy/ptII/ptolemy/actor/lib/test/auto/PublisherPort5.xml (RunModel)" time="0.015" />
  <testcase classname="ptolemy.util.test.junit.AutoTests" name="[265] /home/travis/build/icyphy/ptII/ptolemy/actor/lib/test/auto/PublisherPort5LookAlike.xml (RunModel)" time="0.019" />
  <testcase classname="ptolemy.util.test.junit.AutoTests" name="[266] /home/travis/build/icyphy/ptII/ptolemy/actor/lib/test/auto/PublisherPort6.xml (RunModel)" time="0.015" />
  <testcase classname="ptolemy.util.test.junit.AutoTests" name="[267] /home/travis/build/icyphy/ptII/ptolemy/actor/lib/test/auto/PublisherPort7.xml (RunModel)" time="0.015" />
  <testcase classname="ptolemy.util.test.junit.AutoTests" name="[268] /home/travis/build/icyphy/ptII/ptolemy/actor/lib/test/auto/PublisherPort8.xml (RunModel)" time="0.024" />
  <testcase classname="ptolemy.util.test.junit.AutoTests" name="[269] /home/travis/build/icyphy/ptII/ptolemy/actor/lib/test/auto/PublisherPortSubscriberChannelVariablesAOC2.xml (RunModel)" time="0.03" />
  <testcase classname="ptolemy.util.test.junit.AutoTests" name="[270] /home/travis/build/icyphy/ptII/ptolemy/actor/lib/test/auto/PublisherPortSubscriberOpaqueWidthInference.xml (RunModel)" time="0.016" />
  <testcase classname="ptolemy.util.test.junit.AutoTests" name="[271] /home/travis/build/icyphy/ptII/ptolemy/actor/lib/test/auto/PublisherPortSubscriberPortAdjacent.xml (RunModel)" time="0.019" />
  <testcase classname="ptolemy.util.test.junit.AutoTests" name="[272] /home/travis/build/icyphy/ptII/ptolemy/actor/lib/test/auto/PublisherPortSubscriberPortExpression.xml (RunModel)" time="0.016" />
  <testcase classname="ptolemy.util.test.junit.AutoTests" name="[273] /home/travis/build/icyphy/ptII/ptolemy/actor/lib/test/auto/PublisherPortSubscriberPortOpaqueD3Reverse.xml (RunModel)" time="0.019" />
  <testcase classname="ptolemy.util.test.junit.AutoTests" name="[274] /home/travis/build/icyphy/ptII/ptolemy/actor/lib/test/auto/PublisherPortSubscriberPortOpaqueWidthInference.xml (RunModel)" time="0.016" />
  <testcase classname="ptolemy.util.test.junit.AutoTests" name="[275] /home/travis/build/icyphy/ptII/ptolemy/actor/lib/test/auto/PublisherPortToplevelSubscriberPortAOC.xml (RunModel)" time="0.019" />
  <testcase classname="ptolemy.util.test.junit.AutoTests" name="[276] /home/travis/build/icyphy/ptII/ptolemy/actor/lib/test/auto/PublisherSubscriber.xml (RunModel)" time="0.014" />
  <testcase classname="ptolemy.util.test.junit.AutoTests" name="[277] /home/travis/build/icyphy/ptII/ptolemy/actor/lib/test/auto/PublisherSubscriber10.xml (RunModel)" time="0.022" />
  <testcase classname="ptolemy.util.test.junit.AutoTests" name="[278] /home/travis/build/icyphy/ptII/ptolemy/actor/lib/test/auto/PublisherSubscriber10InitialOutputs.xml (RunModel)" time="0.023" />
  <testcase classname="ptolemy.util.test.junit.AutoTests" name="[279] /home/travis/build/icyphy/ptII/ptolemy/actor/lib/test/auto/PublisherSubscriber11.xml (RunModel)" time="0.023" />
  <testcase classname="ptolemy.util.test.junit.AutoTests" name="[280] /home/travis/build/icyphy/ptII/ptolemy/actor/lib/test/auto/PublisherSubscriber12.xml (RunModel)" time="0.018" />
  <testcase classname="ptolemy.util.test.junit.AutoTests" name="[281] /home/travis/build/icyphy/ptII/ptolemy/actor/lib/test/auto/PublisherSubscriber13.xml (RunModel)" time="0.01" />
  <testcase classname="ptolemy.util.test.junit.AutoTests" name="[282] /home/travis/build/icyphy/ptII/ptolemy/actor/lib/test/auto/PublisherSubscriber14.xml (RunModel)" time="0.021" />
  <testcase classname="ptolemy.util.test.junit.AutoTests" name="[283] /home/travis/build/icyphy/ptII/ptolemy/actor/lib/test/auto/PublisherSubscriber2.xml (RunModel)" time="0.009" />
  <testcase classname="ptolemy.util.test.junit.AutoTests" name="[284] /home/travis/build/icyphy/ptII/ptolemy/actor/lib/test/auto/PublisherSubscriber3.xml (RunModel)" time="0.008" />
  <testcase classname="ptolemy.util.test.junit.AutoTests" name="[285] /home/travis/build/icyphy/ptII/ptolemy/actor/lib/test/auto/PublisherSubscriber4.xml (RunModel)" time="0.008" />
  <testcase classname="ptolemy.util.test.junit.AutoTests" name="[286] /home/travis/build/icyphy/ptII/ptolemy/actor/lib/test/auto/PublisherSubscriber5.xml (RunModel)" time="0.011" />
  <testcase classname="ptolemy.util.test.junit.AutoTests" name="[287] /home/travis/build/icyphy/ptII/ptolemy/actor/lib/test/auto/PublisherSubscriber6.xml (RunModel)" time="0.014" />
  <testcase classname="ptolemy.util.test.junit.AutoTests" name="[288] /home/travis/build/icyphy/ptII/ptolemy/actor/lib/test/auto/PublisherSubscriber7.xml (RunModel)" time="0.016" />
  <testcase classname="ptolemy.util.test.junit.AutoTests" name="[289] /home/travis/build/icyphy/ptII/ptolemy/actor/lib/test/auto/PublisherSubscriber8.xml (RunModel)" time="0.026" />
  <testcase classname="ptolemy.util.test.junit.AutoTests" name="[290] /home/travis/build/icyphy/ptII/ptolemy/actor/lib/test/auto/PublisherSubscriber9.xml (RunModel)" time="0.016" />
  <testcase classname="ptolemy.util.test.junit.AutoTests" name="[291] /home/travis/build/icyphy/ptII/ptolemy/actor/lib/test/auto/PublisherSubscriberAdjacent.xml (RunModel)" time="0.014" />
  <testcase classname="ptolemy.util.test.junit.AutoTests" name="[292] /home/travis/build/icyphy/ptII/ptolemy/actor/lib/test/auto/PublisherSubscriberChannelVariablesAOC2.xml (RunModel)" time="0.024" />
  <testcase classname="ptolemy.util.test.junit.AutoTests" name="[293] /home/travis/build/icyphy/ptII/ptolemy/actor/lib/test/auto/PublisherSubscriberD3.xml (RunModel)" time="0.012" />
  <testcase classname="ptolemy.util.test.junit.AutoTests" name="[294] /home/travis/build/icyphy/ptII/ptolemy/actor/lib/test/auto/PublisherSubscriberD3Reverse.xml (RunModel)" time="0.01" />
  <testcase classname="ptolemy.util.test.junit.AutoTests" name="[295] /home/travis/build/icyphy/ptII/ptolemy/actor/lib/test/auto/PublisherSubscriberExpression.xml (RunModel)" time="0.017" />
  <testcase classname="ptolemy.util.test.junit.AutoTests" name="[296] /home/travis/build/icyphy/ptII/ptolemy/actor/lib/test/auto/PublisherSubscriberOpaque.xml (RunModel)" time="0.015" />
  <testcase classname="ptolemy.util.test.junit.AutoTests" name="[297] /home/travis/build/icyphy/ptII/ptolemy/actor/lib/test/auto/PublisherSubscriberOpaqueD3.xml (RunModel)" time="0.02" />
  <testcase classname="ptolemy.util.test.junit.AutoTests" name="[298] /home/travis/build/icyphy/ptII/ptolemy/actor/lib/test/auto/PublisherSubscriberOpaqueD3Reverse.xml (RunModel)" time="0.02" />
  <testcase classname="ptolemy.util.test.junit.AutoTests" name="[299] /home/travis/build/icyphy/ptII/ptolemy/actor/lib/test/auto/PublisherSubscriberOpaqueWidthInference.xml (RunModel)" time="0.016" />
  <testcase classname="ptolemy.util.test.junit.AutoTests" name="[300] /home/travis/build/icyphy/ptII/ptolemy/actor/lib/test/auto/PublisherTestSubscriber.xml (RunModel)" time="0.014" />
  <testcase classname="ptolemy.util.test.junit.AutoTests" name="[301] /home/travis/build/icyphy/ptII/ptolemy/actor/lib/test/auto/PublisherToplevelSubscriberPortAOC.xml (RunModel)" time="0.01" />
  <testcase classname="ptolemy.util.test.junit.AutoTests" name="[302] /home/travis/build/icyphy/ptII/ptolemy/actor/lib/test/auto/PulseFiringLimitDE.xml (RunModel)" time="0.014" />
  <testcase classname="ptolemy.util.test.junit.AutoTests" name="[303] /home/travis/build/icyphy/ptII/ptolemy/actor/lib/test/auto/Ramp1.xml (RunModel)" time="0.009" />
  <testcase classname="ptolemy.util.test.junit.AutoTests" name="[304] /home/travis/build/icyphy/ptII/ptolemy/actor/lib/test/auto/RampFiringLimitDE.xml (RunModel)" time="0.021" />
  <testcase classname="ptolemy.util.test.junit.AutoTests" name="[305] /home/travis/build/icyphy/ptII/ptolemy/actor/lib/test/auto/RampFiringLimitSDF.xml (RunModel)" time="0.009" />
  <testcase classname="ptolemy.util.test.junit.AutoTests" name="[306] /home/travis/build/icyphy/ptII/ptolemy/actor/lib/test/auto/RandomInteger.xml (RunModel)" time="0.008" />
  <testcase classname="ptolemy.util.test.junit.AutoTests" name="[307] /home/travis/build/icyphy/ptII/ptolemy/actor/lib/test/auto/ReadFile1.xml (RunModel)" time="0.009" />
  <testcase classname="ptolemy.util.test.junit.AutoTests" name="[308] /home/travis/build/icyphy/ptII/ptolemy/actor/lib/test/auto/ReadFile2.xml (RunModel)" time="0.007" />
  <testcase classname="ptolemy.util.test.junit.AutoTests" name="[309] /home/travis/build/icyphy/ptII/ptolemy/actor/lib/test/auto/Reader.xml (RunModel)" time="0.016" />
  <testcase classname="ptolemy.util.test.junit.AutoTests" name="[310] /home/travis/build/icyphy/ptII/ptolemy/actor/lib/test/auto/RecordAssemblerDisplayNameTest.xml (RunModel)" time="3.366" />
  <testcase classname="ptolemy.util.test.junit.AutoTests" name="[311] /home/travis/build/icyphy/ptII/ptolemy/actor/lib/test/auto/RecordAssemblerTypeError.xml (RunModel)" time="0.04" />
  <testcase classname="ptolemy.util.test.junit.AutoTests" name="[312] /home/travis/build/icyphy/ptII/ptolemy/actor/lib/test/auto/RecordDisassember.xml (RunModel)" time="0.013" />
  <testcase classname="ptolemy.util.test.junit.AutoTests" name="[313] /home/travis/build/icyphy/ptII/ptolemy/actor/lib/test/auto/RecordDisassemberDisplayNameTest.xml (RunModel)" time="0.022" />
  <testcase classname="ptolemy.util.test.junit.AutoTests" name="[314] /home/travis/build/icyphy/ptII/ptolemy/actor/lib/test/auto/RecordDisassembler.xml (RunModel)" time="0.01" />
  <testcase classname="ptolemy.util.test.junit.AutoTests" name="[315] /home/travis/build/icyphy/ptII/ptolemy/actor/lib/test/auto/RecordDisassembler2.xml (RunModel)" time="0.009" />
  <testcase classname="ptolemy.util.test.junit.AutoTests" name="[316] /home/travis/build/icyphy/ptII/ptolemy/actor/lib/test/auto/RecordUpdater.xml (RunModel)" time="0.008" />
  <testcase classname="ptolemy.util.test.junit.AutoTests" name="[317] /home/travis/build/icyphy/ptII/ptolemy/actor/lib/test/auto/RecordUpdater2.xml (RunModel)" time="0.008" />
  <testcase classname="ptolemy.util.test.junit.AutoTests" name="[318] /home/travis/build/icyphy/ptII/ptolemy/actor/lib/test/auto/RecursiveLattice.xml (RunModel)" time="0.008" />
  <testcase classname="ptolemy.util.test.junit.AutoTests" name="[319] /home/travis/build/icyphy/ptII/ptolemy/actor/lib/test/auto/Router.xml (RunModel)" time="3.025" />
  <testcase classname="ptolemy.util.test.junit.AutoTests" name="[320] /home/travis/build/icyphy/ptII/ptolemy/actor/lib/test/auto/Router2.xml (RunModel)" time="3.031" />
  <testcase classname="ptolemy.util.test.junit.AutoTests" name="[321] /home/travis/build/icyphy/ptII/ptolemy/actor/lib/test/auto/RunningMaximum.xml (RunModel)" time="0.013" />
  <testcase classname="ptolemy.util.test.junit.AutoTests" name="[322] /home/travis/build/icyphy/ptII/ptolemy/actor/lib/test/auto/RunningMinimum.xml (RunModel)" time="0.01" />
  <testcase classname="ptolemy.util.test.junit.AutoTests" name="[323] /home/travis/build/icyphy/ptII/ptolemy/actor/lib/test/auto/Scale.xml (RunModel)" time="0.013" />
  <testcase classname="ptolemy.util.test.junit.AutoTests" name="[324] /home/travis/build/icyphy/ptII/ptolemy/actor/lib/test/auto/Scale2.xml (RunModel)" time="0.009" />
  <testcase classname="ptolemy.util.test.junit.AutoTests" name="[325] /home/travis/build/icyphy/ptII/ptolemy/actor/lib/test/auto/Scale3.xml (RunModel)" time="0.014" />
  <testcase classname="ptolemy.util.test.junit.AutoTests" name="[326] /home/travis/build/icyphy/ptII/ptolemy/actor/lib/test/auto/ScaleArray.xml (RunModel)" time="0.008" />
  <testcase classname="ptolemy.util.test.junit.AutoTests" name="[327] /home/travis/build/icyphy/ptII/ptolemy/actor/lib/test/auto/ScaleArray2.xml (RunModel)" time="0.009" />
  <testcase classname="ptolemy.util.test.junit.AutoTests" name="[328] /home/travis/build/icyphy/ptII/ptolemy/actor/lib/test/auto/ScaleMatrix.xml (RunModel)" time="0.175" />
  <testcase classname="ptolemy.util.test.junit.AutoTests" name="[329] /home/travis/build/icyphy/ptII/ptolemy/actor/lib/test/auto/Select.xml (RunModel)" time="0.013" />
  <testcase classname="ptolemy.util.test.junit.AutoTests" name="[330] /home/travis/build/icyphy/ptII/ptolemy/actor/lib/test/auto/Select2.xml (RunModel)" time="0.008" />
  <testcase classname="ptolemy.util.test.junit.AutoTests" name="[331] /home/travis/build/icyphy/ptII/ptolemy/actor/lib/test/auto/SequenceToArray2.xml (RunModel)" time="0.142" />
  <testcase classname="ptolemy.util.test.junit.AutoTests" name="[332] /home/travis/build/icyphy/ptII/ptolemy/actor/lib/test/auto/SequentialClock.xml (RunModel)" time="0.009" />
  <testcase classname="ptolemy.util.test.junit.AutoTests" name="[333] /home/travis/build/icyphy/ptII/ptolemy/actor/lib/test/auto/SetVariable.xml (RunModel)" time="0.013" />
  <testcase classname="ptolemy.util.test.junit.AutoTests" name="[334] /home/travis/build/icyphy/ptII/ptolemy/actor/lib/test/auto/SetVariable2.xml (RunModel)" time="0.011" />
  <testcase classname="ptolemy.util.test.junit.AutoTests" name="[335] /home/travis/build/icyphy/ptII/ptolemy/actor/lib/test/auto/SetVariable3.xml (RunModel)" time="0.015" />
  <testcase classname="ptolemy.util.test.junit.AutoTests" name="[336] /home/travis/build/icyphy/ptII/ptolemy/actor/lib/test/auto/SetVariable4.xml (RunModel)" time="0.028" />
  <testcase classname="ptolemy.util.test.junit.AutoTests" name="[337] /home/travis/build/icyphy/ptII/ptolemy/actor/lib/test/auto/SetVariable5.xml (RunModel)" time="0.033" />
  <testcase classname="ptolemy.util.test.junit.AutoTests" name="[338] /home/travis/build/icyphy/ptII/ptolemy/actor/lib/test/auto/Sinewave.xml (RunModel)" time="0.027" />
  <testcase classname="ptolemy.util.test.junit.AutoTests" name="[339] /home/travis/build/icyphy/ptII/ptolemy/actor/lib/test/auto/Sinewave2.xml (RunModel)" time="0.017" />
  <testcase classname="ptolemy.util.test.junit.AutoTests" name="[340] /home/travis/build/icyphy/ptII/ptolemy/actor/lib/test/auto/Sinewave3.xml (RunModel)" time="0.019" />
  <testcase classname="ptolemy.util.test.junit.AutoTests" name="[341] /home/travis/build/icyphy/ptII/ptolemy/actor/lib/test/auto/SingleEvent.xml (RunModel)" time="0.008" />
  <testcase classname="ptolemy.util.test.junit.AutoTests" name="[342] /home/travis/build/icyphy/ptII/ptolemy/actor/lib/test/auto/Sleep.xml (RunModel)" time="6.016" />
  <testcase classname="ptolemy.util.test.junit.AutoTests" name="[343] /home/travis/build/icyphy/ptII/ptolemy/actor/lib/test/auto/SleepMultipleFire.xml (RunModel)" time="1.018" />
  <testcase classname="ptolemy.util.test.junit.AutoTests" name="[344] /home/travis/build/icyphy/ptII/ptolemy/actor/lib/test/auto/StopDE.xml (RunModel)" time="0.022" />
  <testcase classname="ptolemy.util.test.junit.AutoTests" name="[345] /home/travis/build/icyphy/ptII/ptolemy/actor/lib/test/auto/StopSDF.xml (RunModel)" time="0.012" />
  <testcase classname="ptolemy.util.test.junit.AutoTests" name="[346] /home/travis/build/icyphy/ptII/ptolemy/actor/lib/test/auto/StringConstant.xml (RunModel)" time="0.015" />
  <testcase classname="ptolemy.util.test.junit.AutoTests" name="[347] /home/travis/build/icyphy/ptII/ptolemy/actor/lib/test/auto/SubscriberPortInitialValues1.xml (RunModel)" time="0.02" />
  <testcase classname="ptolemy.util.test.junit.AutoTests" name="[348] /home/travis/build/icyphy/ptII/ptolemy/actor/lib/test/auto/SubscriberPortInitialValues13.xml (RunModel)" time="0.027" />
  <testcase classname="ptolemy.util.test.junit.AutoTests" name="[349] /home/travis/build/icyphy/ptII/ptolemy/actor/lib/test/auto/SubscriberPortInitialValues14.xml (RunModel)" time="0.017" />
  <testcase classname="ptolemy.util.test.junit.AutoTests" name="[350] /home/travis/build/icyphy/ptII/ptolemy/actor/lib/test/auto/SubscriberPortInitialValues2.xml (RunModel)" time="0.014" />
  <testcase classname="ptolemy.util.test.junit.AutoTests" name="[351] /home/travis/build/icyphy/ptII/ptolemy/actor/lib/test/auto/SubscriberPortInitialValues3.xml (RunModel)" time="0.018" />
  <testcase classname="ptolemy.util.test.junit.AutoTests" name="[352] /home/travis/build/icyphy/ptII/ptolemy/actor/lib/test/auto/SubscriptionAggregator.xml (RunModel)" time="0.01" />
  <testcase classname="ptolemy.util.test.junit.AutoTests" name="[353] /home/travis/build/icyphy/ptII/ptolemy/actor/lib/test/auto/SubscriptionAggregator2.xml (RunModel)" time="0.011" />
  <testcase classname="ptolemy.util.test.junit.AutoTests" name="[354] /home/travis/build/icyphy/ptII/ptolemy/actor/lib/test/auto/SubscriptionAggregator3.xml (RunModel)" time="0.014" />
  <testcase classname="ptolemy.util.test.junit.AutoTests" name="[355] /home/travis/build/icyphy/ptII/ptolemy/actor/lib/test/auto/SubscriptionAggregatorMultiply.xml (RunModel)" time="0.021" />
  <testcase classname="ptolemy.util.test.junit.AutoTests" name="[356] /home/travis/build/icyphy/ptII/ptolemy/actor/lib/test/auto/SubscriptionAggregatorPortMultiply1.xml (RunModel)" time="0.014" />
  <testcase classname="ptolemy.util.test.junit.AutoTests" name="[357] /home/travis/build/icyphy/ptII/ptolemy/actor/lib/test/auto/Switch.xml (RunModel)" time="0.018" />
  <testcase classname="ptolemy.util.test.junit.AutoTests" name="[358] /home/travis/build/icyphy/ptII/ptolemy/actor/lib/test/auto/Switch2.xml (RunModel)" time="0.009" />
  <testcase classname="ptolemy.util.test.junit.AutoTests" name="[359] /home/travis/build/icyphy/ptII/ptolemy/actor/lib/test/auto/SwitchDE.xml (RunModel)" time="0.012" />
  <testcase classname="ptolemy.util.test.junit.AutoTests" name="[360] /home/travis/build/icyphy/ptII/ptolemy/actor/lib/test/auto/SynchronizerDE.xml (RunModel)" time="0.02" />
  <testcase classname="ptolemy.util.test.junit.AutoTests" name="[361] /home/travis/build/icyphy/ptII/ptolemy/actor/lib/test/auto/Test.xml (RunModel)" time="0.008" />
  <testcase classname="ptolemy.util.test.junit.AutoTests" name="[362] /home/travis/build/icyphy/ptII/ptolemy/actor/lib/test/auto/TestExceptionAttribute1.xml (RunModel)" time="0.007" />
  <testcase classname="ptolemy.util.test.junit.AutoTests" name="[363] /home/travis/build/icyphy/ptII/ptolemy/actor/lib/test/auto/TestExceptionAttribute2.xml (RunModel)" time="0.007" />
  <testcase classname="ptolemy.util.test.junit.AutoTests" name="[364] /home/travis/build/icyphy/ptII/ptolemy/actor/lib/test/auto/TestExceptionAttribute3.xml (RunModel)" time="0.009" />
  <testcase classname="ptolemy.util.test.junit.AutoTests" name="[365] /home/travis/build/icyphy/ptII/ptolemy/actor/lib/test/auto/TestExceptionAttribute4.xml (RunModel)" time="0.007" />
  <testcase classname="ptolemy.util.test.junit.AutoTests" name="[366] /home/travis/build/icyphy/ptII/ptolemy/actor/lib/test/auto/TestExceptionHandler1.xml (RunModel)" time="0.033" />
  <testcase classname="ptolemy.util.test.junit.AutoTests" name="[367] /home/travis/build/icyphy/ptII/ptolemy/actor/lib/test/auto/TestExceptionHandler2.xml (RunModel)" time="0.008" />
  <testcase classname="ptolemy.util.test.junit.AutoTests" name="[368] /home/travis/build/icyphy/ptII/ptolemy/actor/lib/test/auto/TestExceptionHandler3.xml (RunModel)" time="0.004" />
  <testcase classname="ptolemy.util.test.junit.AutoTests" name="[369] /home/travis/build/icyphy/ptII/ptolemy/actor/lib/test/auto/TestExceptionHandler4.xml (RunModel)" time="0.005" />
  <testcase classname="ptolemy.util.test.junit.AutoTests" name="[370] /home/travis/build/icyphy/ptII/ptolemy/actor/lib/test/auto/TestRequireCorrectOrder.xml (RunModel)" time="0.018" />
  <testcase classname="ptolemy.util.test.junit.AutoTests" name="[371] /home/travis/build/icyphy/ptII/ptolemy/actor/lib/test/auto/TestSimple.xml (RunModel)" time="0.006" />
  <testcase classname="ptolemy.util.test.junit.AutoTests" name="[372] /home/travis/build/icyphy/ptII/ptolemy/actor/lib/test/auto/ThrowModelError.xml (RunModel)" time="0.009" />
  <testcase classname="ptolemy.util.test.junit.AutoTests" name="[373] /home/travis/build/icyphy/ptII/ptolemy/actor/lib/test/auto/TimeDelayMicrosteps.xml (RunModel)" time="0.012" />
  <testcase classname="ptolemy.util.test.junit.AutoTests" name="[374] /home/travis/build/icyphy/ptII/ptolemy/actor/lib/test/auto/TimeDelayMicrosteps2.xml (RunModel)" time="0.016" />
  <testcase classname="ptolemy.util.test.junit.AutoTests" name="[375] /home/travis/build/icyphy/ptII/ptolemy/actor/lib/test/auto/TimeDelayMicrosteps3.xml (RunModel)" time="0.012" />
  <testcase classname="ptolemy.util.test.junit.AutoTests" name="[376] /home/travis/build/icyphy/ptII/ptolemy/actor/lib/test/auto/TimeDelayVariableMicrosteps.xml (RunModel)" time="0.011" />
  <testcase classname="ptolemy.util.test.junit.AutoTests" name="[377] /home/travis/build/icyphy/ptII/ptolemy/actor/lib/test/auto/TimeGap.xml (RunModel)" time="0.012" />
  <testcase classname="ptolemy.util.test.junit.AutoTests" name="[378] /home/travis/build/icyphy/ptII/ptolemy/actor/lib/test/auto/TimeGap2.xml (RunModel)" time="0.01" />
  <testcase classname="ptolemy.util.test.junit.AutoTests" name="[379] /home/travis/build/icyphy/ptII/ptolemy/actor/lib/test/auto/TimedSinewave.xml (RunModel)" time="0.047" />
  <testcase classname="ptolemy.util.test.junit.AutoTests" name="[380] /home/travis/build/icyphy/ptII/ptolemy/actor/lib/test/auto/TimedSinewavePhase.xml (RunModel)" time="0.027" />
  <testcase classname="ptolemy.util.test.junit.AutoTests" name="[381] /home/travis/build/icyphy/ptII/ptolemy/actor/lib/test/auto/Timer.xml (RunModel)" time="0.02" />
  <testcase classname="ptolemy.util.test.junit.AutoTests" name="[382] /home/travis/build/icyphy/ptII/ptolemy/actor/lib/test/auto/TriangularDistTestModel.xml (RunModel)" time="0.017" />
  <testcase classname="ptolemy.util.test.junit.AutoTests" name="[383] /home/travis/build/icyphy/ptII/ptolemy/actor/lib/test/auto/TrigFunction.xml (RunModel)" time="0.008" />
  <testcase classname="ptolemy.util.test.junit.AutoTests" name="[384] /home/travis/build/icyphy/ptII/ptolemy/actor/lib/test/auto/TrigFunctionDE.xml (RunModel)" time="0.011" />
  <testcase classname="ptolemy.util.test.junit.AutoTests" name="[385] /home/travis/build/icyphy/ptII/ptolemy/actor/lib/test/auto/TrigFunctionInverse.xml (RunModel)" time="0.01" />
  <testcase classname="ptolemy.util.test.junit.AutoTests" name="[386] /home/travis/build/icyphy/ptII/ptolemy/actor/lib/test/auto/TrigFunctionTan.xml (RunModel)" time="0.006" />
  <testcase classname="ptolemy.util.test.junit.AutoTests" name="[387] /home/travis/build/icyphy/ptII/ptolemy/actor/lib/test/auto/TriggeredClock.xml (RunModel)" time="0.008" />
  <testcase classname="ptolemy.util.test.junit.AutoTests" name="[388] /home/travis/build/icyphy/ptII/ptolemy/actor/lib/test/auto/URLDirectoryReader.xml (RunModel)" time="0.099" />
  <testcase classname="ptolemy.util.test.junit.AutoTests" name="[389] /home/travis/build/icyphy/ptII/ptolemy/actor/lib/test/auto/URLDirectoryReader3.xml (RunModel)" time="1.883" />
  <testcase classname="ptolemy.util.test.junit.AutoTests" name="[390] /home/travis/build/icyphy/ptII/ptolemy/actor/lib/test/auto/UnaryMathFunction.xml (RunModel)" time="0.033" />
  <testcase classname="ptolemy.util.test.junit.AutoTests" name="[391] /home/travis/build/icyphy/ptII/ptolemy/actor/lib/test/auto/Uniform.xml (RunModel)" time="0.01" />
  <testcase classname="ptolemy.util.test.junit.AutoTests" name="[392] /home/travis/build/icyphy/ptII/ptolemy/actor/lib/test/auto/UnionDisassemblerTest.xml (RunModel)" time="0.015" />
  <testcase classname="ptolemy.util.test.junit.AutoTests" name="[393] /home/travis/build/icyphy/ptII/ptolemy/actor/lib/test/auto/UtilityFunctions.xml (RunModel)" time="0.007" />
  <testcase classname="ptolemy.util.test.junit.AutoTests" name="[394] /home/travis/build/icyphy/ptII/ptolemy/actor/lib/test/auto/VariableSleep.xml (RunModel)" time="0.511" />
  <testcase classname="ptolemy.util.test.junit.AutoTests" name="[395] /home/travis/build/icyphy/ptII/ptolemy/actor/lib/test/auto/VectorAssemblerDisassemblerCT.xml (RunModel)" time="0.115" />
  <testcase classname="ptolemy.util.test.junit.AutoTests" name="[396] /home/travis/build/icyphy/ptII/ptolemy/actor/lib/test/auto/VectorAssemblerDisassemblerDE.xml (RunModel)" time="0.012" />
  <testcase classname="ptolemy.util.test.junit.AutoTests" name="[397] /home/travis/build/icyphy/ptII/ptolemy/actor/lib/test/auto/VectorAssemblerDisassemblerSDF.xml (RunModel)" time="0.011" />
  <testcase classname="ptolemy.util.test.junit.AutoTests" name="[398] /home/travis/build/icyphy/ptII/ptolemy/actor/lib/test/auto/WallClockTime.xml (RunModel)" time="1.012" />
  <testcase classname="ptolemy.util.test.junit.AutoTests" name="[399] /home/travis/build/icyphy/ptII/ptolemy/actor/lib/test/auto/WidthTestWithSubscriberPublisher.xml (RunModel)" time="0.065" />
  <testcase classname="ptolemy.util.test.junit.AutoTests" name="[400] /home/travis/build/icyphy/ptII/ptolemy/actor/lib/test/auto/WidthTestWithSubscriberPublisher2.xml (RunModel)" time="0.013" />
  <testcase classname="ptolemy.util.test.junit.AutoTests" name="[401] /home/travis/build/icyphy/ptII/ptolemy/actor/lib/test/auto/WidthTestWithSubscriberPublisher3.xml (RunModel)" time="0.012" />
  <testcase classname="ptolemy.util.test.junit.AutoTests" name="[402] /home/travis/build/icyphy/ptII/ptolemy/actor/lib/test/auto/Writer.xml (RunModel)" time="0.008" />
  <testcase classname="ptolemy.util.test.junit.AutoTests" name="[403] /home/travis/build/icyphy/ptII/ptolemy/actor/lib/test/auto/array.xml (RunModel)" time="0.008" />
  <testcase classname="ptolemy.util.test.junit.AutoTests" name="[404] /home/travis/build/icyphy/ptII/ptolemy/actor/lib/test/auto/array2.xml (RunModel)" time="0.008" />
  <testcase classname="ptolemy.util.test.junit.AutoTests" name="[405] /home/travis/build/icyphy/ptII/ptolemy/actor/lib/test/auto/arrayType.xml (RunModel)" time="0.009" />
  <testcase classname="ptolemy.util.test.junit.AutoTests" name="[406] /home/travis/build/icyphy/ptII/ptolemy/actor/lib/test/auto/arrayType10.xml (RunModel)" time="0.008" />
  <testcase classname="ptolemy.util.test.junit.AutoTests" name="[407] /home/travis/build/icyphy/ptII/ptolemy/actor/lib/test/auto/arrayType11.xml (RunModel)" time="0.007" />
  <testcase classname="ptolemy.util.test.junit.AutoTests" name="[408] /home/travis/build/icyphy/ptII/ptolemy/actor/lib/test/auto/arrayType12.xml (RunModel)" time="0.009" />
  <testcase classname="ptolemy.util.test.junit.AutoTests" name="[409] /home/travis/build/icyphy/ptII/ptolemy/actor/lib/test/auto/arrayType13.xml (RunModel)" time="0.009" />
  <testcase classname="ptolemy.util.test.junit.AutoTests" name="[410] /home/travis/build/icyphy/ptII/ptolemy/actor/lib/test/auto/arrayType14.xml (RunModel)" time="0.009" />
  <testcase classname="ptolemy.util.test.junit.AutoTests" name="[411] /home/travis/build/icyphy/ptII/ptolemy/actor/lib/test/auto/arrayType15.xml (RunModel)" time="0.009" />
  <testcase classname="ptolemy.util.test.junit.AutoTests" name="[412] /home/travis/build/icyphy/ptII/ptolemy/actor/lib/test/auto/arrayType16.xml (RunModel)" time="0.009" />
  <testcase classname="ptolemy.util.test.junit.AutoTests" name="[413] /home/travis/build/icyphy/ptII/ptolemy/actor/lib/test/auto/arrayType17.xml (RunModel)" time="0.008" />
  <testcase classname="ptolemy.util.test.junit.AutoTests" name="[414] /home/travis/build/icyphy/ptII/ptolemy/actor/lib/test/auto/arrayType18.xml (RunModel)" time="0.008" />
  <testcase classname="ptolemy.util.test.junit.AutoTests" name="[415] /home/travis/build/icyphy/ptII/ptolemy/actor/lib/test/auto/arrayType19.xml (RunModel)" time="0.008" />
  <testcase classname="ptolemy.util.test.junit.AutoTests" name="[416] /home/travis/build/icyphy/ptII/ptolemy/actor/lib/test/auto/arrayType2.xml (RunModel)" time="0.009" />
  <testcase classname="ptolemy.util.test.junit.AutoTests" name="[417] /home/travis/build/icyphy/ptII/ptolemy/actor/lib/test/auto/arrayType20.xml (RunModel)" time="0.008" />
  <testcase classname="ptolemy.util.test.junit.AutoTests" name="[418] /home/travis/build/icyphy/ptII/ptolemy/actor/lib/test/auto/arrayType21.xml (RunModel)" time="0.008" />
  <testcase classname="ptolemy.util.test.junit.AutoTests" name="[419] /home/travis/build/icyphy/ptII/ptolemy/actor/lib/test/auto/arrayType22.xml (RunModel)" time="0.008" />
  <testcase classname="ptolemy.util.test.junit.AutoTests" name="[420] /home/travis/build/icyphy/ptII/ptolemy/actor/lib/test/auto/arrayType23.xml (RunModel)" time="0.008" />
  <testcase classname="ptolemy.util.test.junit.AutoTests" name="[421] /home/travis/build/icyphy/ptII/ptolemy/actor/lib/test/auto/arrayType24.xml (RunModel)" time="0.008" />
  <testcase classname="ptolemy.util.test.junit.AutoTests" name="[422] /home/travis/build/icyphy/ptII/ptolemy/actor/lib/test/auto/arrayType25.xml (RunModel)" time="0.008" />
  <testcase classname="ptolemy.util.test.junit.AutoTests" name="[423] /home/travis/build/icyphy/ptII/ptolemy/actor/lib/test/auto/arrayType26.xml (RunModel)" time="0.009" />
  <testcase classname="ptolemy.util.test.junit.AutoTests" name="[424] /home/travis/build/icyphy/ptII/ptolemy/actor/lib/test/auto/arrayType27.xml (RunModel)" time="0.008" />
  <testcase classname="ptolemy.util.test.junit.AutoTests" name="[425] /home/travis/build/icyphy/ptII/ptolemy/actor/lib/test/auto/arrayType28.xml (RunModel)" time="0.009" />
  <testcase classname="ptolemy.util.test.junit.AutoTests" name="[426] /home/travis/build/icyphy/ptII/ptolemy/actor/lib/test/auto/arrayType3.xml (RunModel)" time="0.009" />
  <testcase classname="ptolemy.util.test.junit.AutoTests" name="[427] /home/travis/build/icyphy/ptII/ptolemy/actor/lib/test/auto/arrayType4.xml (RunModel)" time="0.008" />
  <testcase classname="ptolemy.util.test.junit.AutoTests" name="[428] /home/travis/build/icyphy/ptII/ptolemy/actor/lib/test/auto/arrayType5.xml (RunModel)" time="0.008" />
  <testcase classname="ptolemy.util.test.junit.AutoTests" name="[429] /home/travis/build/icyphy/ptII/ptolemy/actor/lib/test/auto/arrayType6.xml (RunModel)" time="0.007" />
  <testcase classname="ptolemy.util.test.junit.AutoTests" name="[430] /home/travis/build/icyphy/ptII/ptolemy/actor/lib/test/auto/arrayType7.xml (RunModel)" time="0.007" />
  <testcase classname="ptolemy.util.test.junit.AutoTests" name="[431] /home/travis/build/icyphy/ptII/ptolemy/actor/lib/test/auto/arrayType8.xml (RunModel)" time="0.027" />
  <testcase classname="ptolemy.util.test.junit.AutoTests" name="[432] /home/travis/build/icyphy/ptII/ptolemy/actor/lib/test/auto/arrayType9.xml (RunModel)" time="0.007" />
  <testcase classname="ptolemy.util.test.junit.AutoTests" name="[433] /home/travis/build/icyphy/ptII/ptolemy/actor/lib/test/auto/cast.xml (RunModel)" time="0.008" />
  <testcase classname="ptolemy.util.test.junit.AutoTests" name="[434] /home/travis/build/icyphy/ptII/ptolemy/actor/lib/test/auto/compositeMultiPort.xml (RunModel)" time="0.014" />
  <testcase classname="ptolemy.util.test.junit.AutoTests" name="[435] /home/travis/build/icyphy/ptII/ptolemy/actor/lib/test/auto/expressionCastInference.xml (RunModel)" time="0.007" />
  <testcase classname="ptolemy.util.test.junit.AutoTests" name="[436] /home/travis/build/icyphy/ptII/ptolemy/actor/lib/test/auto/expressionCastInference2.xml (RunModel)" time="0.007" />
  <testcase classname="ptolemy.util.test.junit.AutoTests" name="[437] /home/travis/build/icyphy/ptII/ptolemy/actor/lib/test/auto/expressionInference.xml (RunModel)" time="0.006" />
  <testcase classname="ptolemy.util.test.junit.AutoTests" name="[438] /home/travis/build/icyphy/ptII/ptolemy/actor/lib/test/auto/expression_bug.xml (RunModel)" time="0.006" />
  <testcase classname="ptolemy.util.test.junit.AutoTests" name="[439] /home/travis/build/icyphy/ptII/ptolemy/actor/lib/test/auto/factorial.xml (RunModel)" time="0.049" />
  <testcase classname="ptolemy.util.test.junit.AutoTests" name="[440] /home/travis/build/icyphy/ptII/ptolemy/actor/lib/test/auto/filterTest1.xml (RunModel)" time="0.012" />
  <testcase classname="ptolemy.util.test.junit.AutoTests" name="[441] /home/travis/build/icyphy/ptII/ptolemy/actor/lib/test/auto/funcApplyInConst.xml (RunModel)" time="0.011" />
  <testcase classname="ptolemy.util.test.junit.AutoTests" name="[442] /home/travis/build/icyphy/ptII/ptolemy/actor/lib/test/auto/funcApplyInExpr.xml (RunModel)" time="0.006" />
  <testcase classname="ptolemy.util.test.junit.AutoTests" name="[443] /home/travis/build/icyphy/ptII/ptolemy/actor/lib/test/auto/function.xml (RunModel)" time="0.011" />
  <testcase classname="ptolemy.util.test.junit.AutoTests" name="[444] /home/travis/build/icyphy/ptII/ptolemy/actor/lib/test/auto/function2.xml (RunModel)" time="0.008" />
  <testcase classname="ptolemy.util.test.junit.AutoTests" name="[445] /home/travis/build/icyphy/ptII/ptolemy/actor/lib/test/auto/function3.xml (RunModel)" time="0.006" />
  <testcase classname="ptolemy.util.test.junit.AutoTests" name="[446] /home/travis/build/icyphy/ptII/ptolemy/actor/lib/test/auto/functionClosureTest1.xml (RunModel)" time="0.069" />
  <testcase classname="ptolemy.util.test.junit.AutoTests" name="[447] /home/travis/build/icyphy/ptII/ptolemy/actor/lib/test/auto/functionClosureTest2.xml (RunModel)" time="0.032" />
  <testcase classname="ptolemy.util.test.junit.AutoTests" name="[448] /home/travis/build/icyphy/ptII/ptolemy/actor/lib/test/auto/functionClosureTest3.xml (RunModel)" time="0.032" />
  <testcase classname="ptolemy.util.test.junit.AutoTests" name="[449] /home/travis/build/icyphy/ptII/ptolemy/actor/lib/test/auto/functionClosureTest4.xml (RunModel)" time="0.06" />
  <testcase classname="ptolemy.util.test.junit.AutoTests" name="[450] /home/travis/build/icyphy/ptII/ptolemy/actor/lib/test/auto/functionClosureTest5.xml (RunModel)" time="0.032" />
  <testcase classname="ptolemy.util.test.junit.AutoTests" name="[451] /home/travis/build/icyphy/ptII/ptolemy/actor/lib/test/auto/functionClosureTest6.xml (RunModel)" time="0.032" />
  <testcase classname="ptolemy.util.test.junit.AutoTests" name="[452] /home/travis/build/icyphy/ptII/ptolemy/actor/lib/test/auto/functionsOnArcs.xml (RunModel)" time="0.021" />
  <testcase classname="ptolemy.util.test.junit.AutoTests" name="[453] /home/travis/build/icyphy/ptII/ptolemy/actor/lib/test/auto/functionsOnArcsHOF.xml (RunModel)" time="0.014" />
  <testcase classname="ptolemy.util.test.junit.AutoTests" name="[454] /home/travis/build/icyphy/ptII/ptolemy/actor/lib/test/auto/logic.xml (RunModel)" time="0.015" />
  <testcase classname="ptolemy.util.test.junit.AutoTests" name="[455] /home/travis/build/icyphy/ptII/ptolemy/actor/lib/test/auto/matrixType.xml (RunModel)" time="0.008" />
  <testcase classname="ptolemy.util.test.junit.AutoTests" name="[456] /home/travis/build/icyphy/ptII/ptolemy/actor/lib/test/auto/matrixType10.xml (RunModel)" time="0.008" />
  <testcase classname="ptolemy.util.test.junit.AutoTests" name="[457] /home/travis/build/icyphy/ptII/ptolemy/actor/lib/test/auto/matrixType11.xml (RunModel)" time="0.007" />
  <testcase classname="ptolemy.util.test.junit.AutoTests" name="[458] /home/travis/build/icyphy/ptII/ptolemy/actor/lib/test/auto/matrixType12.xml (RunModel)" time="0.009" />
  <testcase classname="ptolemy.util.test.junit.AutoTests" name="[459] /home/travis/build/icyphy/ptII/ptolemy/actor/lib/test/auto/matrixType13.xml (RunModel)" time="0.007" />
  <testcase classname="ptolemy.util.test.junit.AutoTests" name="[460] /home/travis/build/icyphy/ptII/ptolemy/actor/lib/test/auto/matrixType14.xml (RunModel)" time="0.008" />
  <testcase classname="ptolemy.util.test.junit.AutoTests" name="[461] /home/travis/build/icyphy/ptII/ptolemy/actor/lib/test/auto/matrixType2.xml (RunModel)" time="0.008" />
  <testcase classname="ptolemy.util.test.junit.AutoTests" name="[462] /home/travis/build/icyphy/ptII/ptolemy/actor/lib/test/auto/matrixType3.xml (RunModel)" time="0.009" />
  <testcase classname="ptolemy.util.test.junit.AutoTests" name="[463] /home/travis/build/icyphy/ptII/ptolemy/actor/lib/test/auto/matrixType4.xml (RunModel)" time="0.007" />
  <testcase classname="ptolemy.util.test.junit.AutoTests" name="[464] /home/travis/build/icyphy/ptII/ptolemy/actor/lib/test/auto/matrixType5.xml (RunModel)" time="0.007" />
  <testcase classname="ptolemy.util.test.junit.AutoTests" name="[465] /home/travis/build/icyphy/ptII/ptolemy/actor/lib/test/auto/matrixType6.xml (RunModel)" time="0.008" />
  <testcase classname="ptolemy.util.test.junit.AutoTests" name="[466] /home/travis/build/icyphy/ptII/ptolemy/actor/lib/test/auto/matrixType7.xml (RunModel)" time="0.008" />
  <testcase classname="ptolemy.util.test.junit.AutoTests" name="[467] /home/travis/build/icyphy/ptII/ptolemy/actor/lib/test/auto/matrixType8.xml (RunModel)" time="0.008" />
  <testcase classname="ptolemy.util.test.junit.AutoTests" name="[468] /home/travis/build/icyphy/ptII/ptolemy/actor/lib/test/auto/matrixType9.xml (RunModel)" time="0.009" />
  <testcase classname="ptolemy.util.test.junit.AutoTests" name="[469] /home/travis/build/icyphy/ptII/ptolemy/actor/lib/test/auto/paraFunctest.xml (RunModel)" time="0.007" />
  <testcase classname="ptolemy.util.test.junit.AutoTests" name="[470] /home/travis/build/icyphy/ptII/ptolemy/actor/lib/test/auto/paraFunctest2.xml (RunModel)" time="0.011" />
  <testcase classname="ptolemy.util.test.junit.AutoTests" name="[471] /home/travis/build/icyphy/ptII/ptolemy/actor/lib/test/auto/parameterPassing.xml (RunModel)" time="0.012" />
  <testcase classname="ptolemy.util.test.junit.AutoTests" name="[472] /home/travis/build/icyphy/ptII/ptolemy/actor/lib/test/auto/record.xml (RunModel)" time="0.011" />
  <testcase classname="ptolemy.util.test.junit.AutoTests" name="[473] /home/travis/build/icyphy/ptII/ptolemy/actor/lib/test/auto/sizedarray1.xml (RunModel)" time="0.01" />
  <testcase classname="ptolemy.util.test.junit.AutoTests" name="[474] /home/travis/build/icyphy/ptII/ptolemy/actor/lib/test/auto/sizedarray2.xml (RunModel)" time="0.01" />
  <testcase classname="ptolemy.util.test.junit.AutoTests" name="[475] /home/travis/build/icyphy/ptII/ptolemy/actor/lib/test/auto/twoPublishers.xml (RunModel)" time="0.026" />
  <system-out><![CDATA[/home/travis/build/icyphy/ptII/ptolemy/actor/lib/test/AbsoluteValue.tcl
testDefs.tcl: setting time out to 9000 seconds at Thu Mar 05 07:14:13 UTC 2020
85 ms. Memory: 129024K Free: 92613K (72%)
4 ms. Memory: 129024K Free: 90565K (70%)
5 ms. Memory: 129024K Free: 90055K (70%)
4 ms. Memory: 129024K Free: 89031K (69%)
/home/travis/build/icyphy/ptII/ptolemy/actor/lib/test/AddSubtract.tcl
9 ms. Memory: 129024K Free: 86983K (67%)
6 ms. Memory: 129024K Free: 86462K (67%)
9 ms. Memory: 129024K Free: 85445K (66%)
14 ms. Memory: 129024K Free: 84935K (66%)
74 ms. Memory: 129024K Free: 81863K (63%)
12 ms. Memory: 129024K Free: 81349K (63%)
/home/travis/build/icyphy/ptII/ptolemy/actor/lib/test/Average.tcl
14 ms. Memory: 129024K Free: 79286K (61%)
9 ms. Memory: 129024K Free: 78246K (61%)
/home/travis/build/icyphy/ptII/ptolemy/actor/lib/test/Bernoulli.tcl
15 ms. Memory: 129024K Free: 76743K (59%)
2 ms. Memory: 129024K Free: 76214K (59%)
/home/travis/build/icyphy/ptII/ptolemy/actor/lib/test/Clock.tcl
preinitializing
resolving types
initializing
executing number 1
wrapping up
idle
37 ms. Memory: 129024K Free: 73671K (57%)
Completed execution with 5 iterations
preinitializing
resolving types
initializing
executing number 1
wrapping up
idle
4 ms. Memory: 129024K Free: 72647K (56%)
Completed execution with 5 iterations
preinitializing
resolving types
initializing
executing number 1
wrapping up
idle
9 ms. Memory: 129024K Free: 72126K (56%)
Completed execution with 5 iterations
/home/travis/build/icyphy/ptII/ptolemy/actor/lib/test/Commutator.tcl
9 ms. Memory: 129024K Free: 70085K (54%)
18 ms. Memory: 129024K Free: 69061K (54%)
17 ms. Memory: 129024K Free: 63431K (49%)
/home/travis/build/icyphy/ptII/ptolemy/actor/lib/test/Const.tcl
4 ms. Memory: 129024K Free: 61878K (48%)
5 ms. Memory: 129024K Free: 61383K (48%)
6 ms. Memory: 129024K Free: 60862K (47%)
2 ms. Memory: 129024K Free: 60359K (47%)
1 ms. Memory: 129024K Free: 59845K (46%)
12 ms. Memory: 129024K Free: 58311K (45%)
4 ms. Memory: 129024K Free: 57287K (44%)
3 ms. Memory: 129024K Free: 56263K (44%)
/home/travis/build/icyphy/ptII/ptolemy/actor/lib/test/CurrentTime.tcl
preinitializing
resolving types
initializing
executing number 1
wrapping up
idle
7 ms. Memory: 129024K Free: 54215K (42%)
Completed execution with 11 iterations
/home/travis/build/icyphy/ptII/ptolemy/actor/lib/test/DB.tcl
4 ms. Memory: 129024K Free: 52646K (41%)
2 ms. Memory: 129024K Free: 52167K (40%)
2 ms. Memory: 129024K Free: 51653K (40%)
/home/travis/build/icyphy/ptII/ptolemy/actor/lib/test/DiscreteRandomSource.tcl
preinitializing
resolving types
initializing
executing number 1
wrapping up
idle
11 ms. Memory: 129024K Free: 50119K (39%)
Completed execution with 4 iterations
preinitializing
resolving types
initializing
executing number 1
wrapping up
idle
3 ms. Memory: 129024K Free: 49605K (38%)
Completed execution with 4 iterations
preinitializing
resolving types
initializing
executing number 1
wrapping up
idle
3 ms. Memory: 129024K Free: 49095K (38%)
Completed execution with 4 iterations
preinitializing
resolving types
initializing
executing number 1
wrapping up
idle
3 ms. Memory: 129024K Free: 48566K (38%)
Completed execution with 4 iterations
preinitializing
resolving types
initializing
executing number 1
wrapping up
idle
3 ms. Memory: 129024K Free: 48071K (37%)
Completed execution with 4 iterations
/home/travis/build/icyphy/ptII/ptolemy/actor/lib/test/Distributor.tcl
5 ms. Memory: 129024K Free: 113099K (88%)
10 ms. Memory: 129024K Free: 112563K (87%)
StreamChangeRequest.changeExecuted(): <deleteEntity name="rec2"/> succeeded
StreamChangeRequest.changeExecuted(): <deleteRelation name="r2"/> succeeded
StreamChangeRequest.changeExecuted(): Record firings per iteration succeeded
10 ms. Memory: 129024K Free: 110049K (85%)
/home/travis/build/icyphy/ptII/ptolemy/actor/lib/test/Exit.tcl
Exit.tcl: this will print a message about Manager.exitAfterWrapup, which can be ignored.
9 ms. Memory: 129024K Free: 107073K (83%)
/home/travis/build/icyphy/ptII/ptolemy/actor/lib/test/Expression.tcl
21 ms. Memory: 129024K Free: 103425K (80%)
14 ms. Memory: 129024K Free: 102881K (80%)
3 ms. Memory: 129024K Free: 102417K (79%)
preinitializing
resolving types
initializing
executing number 1
wrapping up
idle
13 ms. Memory: 129024K Free: 100803K (78%)
Completed execution with 6 iterations
12 ms. Memory: 129024K Free: 99809K (77%)
3 ms. Memory: 129024K Free: 99345K (77%)
5 ms. Memory: 129024K Free: 97747K (76%)
4 ms. Memory: 129024K Free: 96737K (75%)
4 ms. Memory: 129024K Free: 95217K (74%)
/home/travis/build/icyphy/ptII/ptolemy/actor/lib/test/Gaussian.tcl
4 ms. Memory: 129024K Free: 93635K (73%)
sleeping 1 seconds: .....................................................................................................................................................................................................................................................................................................................................................................................................................................................................................................................................................................................................................................................................................................................................................................................................................................................................................................................................................................................................................................................................................................................................................................................................................................................................................................................................................................................................................................................................................................................................................................................................................................................................................................................................................................................................................................................................................................................................................................................................................................................................................................................................................................................................................................................................................................................................................................................................................................................................................................................................................................................................................................................................................................................................................................................................................................................................................................................................................................................................................................................................................................................................................................................................................................................................................................................................................................................................................................................................................................................................................................................................................................................................................................................................................................................................................................................................................................................................................................................................................................................................................................................................................................................................................................................................................................................................................................................................................................................................................................................................................................................................................................................................................................................................................................................................................................................................................................................................................................................................................................................................................................................................................................................................................................................................................................................................................................................................................................................................................................................................................................................................................................................................................................................................................................................................................................................................................................................................................................................................................................................................................................................................................................................................................................................................................................................................................................................................................................................................................................................................................................................................................................................................................................................................................................................................................................................................................................................................................................................................................................................................................................................................................................................................................................................................................................................................................................................................................................................................................................................................................................................................................................................................................................................................................................................................................................................................................................................................................................................................................................................................................................................................................................................................................................................................................................................................................................................................................................................................................................................................................................................................................................................................................................................................................................................................................................................................................................................................................................................................................................................................................................................................................................................................................................................................................................................................................................................................................................................................................................................................................................................................................................................................................................................................................................................................................................................................................................................................................................................................................................................................................................................................................................................................................................................................................................................................................................................................................................................................................................................................................................................................................................................................................................................................................................................................................................................................................................................................................................................................................................................................................................................................................................................................................................................................................................................................................................................................................................................................................................................................................................................................................................................................................................................................................................................................................................................................................................................................................................................................................................................................................................................................................................................................................................................................................................................................................................................................................................................................................................................................................................................................................................................................................................................................................................................................................................................................................................................................................................................................................................................................................................................................................................................................................................................................................................................................................................................................................................................................................................................................................................................................................................................................................................................................................................................................................................................................................................................................................................................................................................................................................................................................................................................................................................................................................................................................................................................................................................................................................................................................................................................................................................................................................................................................................................................................................................................................................................................................................................................................................................................................................................................................................................................................................................................................................................................................................................................................................................................................................................................................................................................................................................................................................................................................................................................................................................................................................................................................................................................................................................................................................................................................................................................................................................................................................................................................................................................................................................................................................................................................................................................................................................................................................................................................................................................................................................................................................................................................................................................................................................................................................................................................................................................................................................................................................................................................................................................................................................................................................................................................................................................................................................................................................................................................................................................................................................................................................................................................................................................................................................................................................................................................................................................................................................................................................................................................................................................................................................................................................................................................................................................................................................................................................................................................................................................................................................................................................................................................................................................................................................................................................................................................................................................................................................................................................................................................................................................................................................................................................2 ms. Memory: 129024K Free: 71569K (55%)
2 ms. Memory: 129024K Free: 70685K (55%)
1 ms. Memory: 129024K Free: 70175K (54%)
2 ms. Memory: 129024K Free: 69655K (54%)
2 ms. Memory: 129024K Free: 68623K (53%)
/home/travis/build/icyphy/ptII/ptolemy/actor/lib/test/IIR.tcl
/home/travis/build/icyphy/ptII/ptolemy/actor/lib/test/Interpolator.tcl
4 ms. Memory: 129024K Free: 110826K (86%)
2 ms. Memory: 129024K Free: 110281K (85%)
2 ms. Memory: 129024K Free: 109802K (85%)
1 ms. Memory: 129024K Free: 109288K (85%)
2 ms. Memory: 129024K Free: 108249K (84%)
2 ms. Memory: 129024K Free: 107240K (83%)
2 ms. Memory: 129024K Free: 106730K (83%)
2 ms. Memory: 129024K Free: 105706K (82%)
2 ms. Memory: 129024K Free: 104682K (81%)
2 ms. Memory: 129024K Free: 103658K (80%)
/home/travis/build/icyphy/ptII/ptolemy/actor/lib/test/MathFunction.tcl
4 ms. Memory: 129024K Free: 101610K (79%)
2 ms. Memory: 129024K Free: 100586K (78%)
2 ms. Memory: 129024K Free: 99562K (77%)
2 ms. Memory: 129024K Free: 99041K (77%)
3 ms. Memory: 129024K Free: 97514K (76%)
5 ms. Memory: 129024K Free: 95466K (74%)
/home/travis/build/icyphy/ptII/ptolemy/actor/lib/test/Maximum.tcl
7 ms. Memory: 129024K Free: 93913K (73%)
3 ms. Memory: 129024K Free: 92904K (72%)
2 ms. Memory: 129024K Free: 92394K (72%)
2 ms. Memory: 129024K Free: 91880K (71%)
/home/travis/build/icyphy/ptII/ptolemy/actor/lib/test/Minimum.tcl
4 ms. Memory: 129024K Free: 89832K (70%)
2 ms. Memory: 129024K Free: 89322K (69%)
2 ms. Memory: 129024K Free: 88808K (69%)
2 ms. Memory: 129024K Free: 87784K (68%)
/home/travis/build/icyphy/ptII/ptolemy/actor/lib/test/MultiplyDivide.tcl
4 ms. Memory: 129024K Free: 86250K (67%)
2 ms. Memory: 129024K Free: 85226K (66%)
3 ms. Memory: 129024K Free: 84712K (66%)
3 ms. Memory: 129024K Free: 83673K (65%)
2 ms. Memory: 129024K Free: 83178K (64%)
/home/travis/build/icyphy/ptII/ptolemy/actor/lib/test/OrderedMerge.tcl
Connections changed on port: inputA
Connections changed on port: inputB
Connections changed on port: output
Connections changed on port: output
Connections changed on port: output
Connections changed on port: input
.top. Preinitializing ...
Invoking preinitialize():  .top.OrderedMerge
Called preinitialize()
Invoking preinitialize():  .top.Ramp
Called preinitialize()
Invoking preinitialize():  .top.Ramp2
Called preinitialize()
Invoking preinitialize():  .top.Test
Called preinitialize()
Connections changed on port: inputA
Connections changed on port: output
Connections changed on port: output
Connections changed on port: input
Connections changed on port: inputB
Connections changed on port: output
.top. Finished preinitialize().
Called initialize().
Invoking initialize():  .top.OrderedMerge
Initializing actor: .top.OrderedMerge
Adding a thread: .top.OrderedMerge
Invoking initialize():  .top.Ramp
Initializing actor: .top.Ramp
Adding a thread: .top.Ramp
Invoking initialize():  .top.Ramp2
Initializing actor: .top.Ramp2
Adding a thread: .top.Ramp2
Invoking initialize():  .top.Test
Initializing actor: .top.Test
Adding a thread: .top.Test
Called fire().
Checking for deadlock:
-- Starting thread.
Called initialize()
Called prefire()
Called fire()
-- Starting thread.
Called initialize()
Called prefire()
Called fire()
-- Starting thread.
-- Starting thread.
Called initialize()
Called initialize()
Called prefire()
Called fire()
Called prefire()
Called fire()
There are 0 Blocked actors, 0 Stopped actors, and 4 active threads.
Waiting for actors to stop.
Called postfire()
Called postfire()
Called prefire()
Called prefire()
Called fire()
Called fire()
Read input token from inputA with value 0.0
Next port to read input from is inputB
Called postfire()
Called prefire()
Called fire()
Read input token from inputB with value 0.0
Sent output token with value 0.0
Next port to read input from is inputA
Called postfire()
Called prefire()
Called fire()
Checking for deadlock:
There are 1 Blocked actors, 0 Stopped actors, and 4 active threads.
Waiting for actors to stop.
Called postfire()
Called prefire()
Called fire()
Called postfire()
Called prefire()
Called fire()
-- Read input: 0.0, which is expected to match: 0.0
Called prefire()
Called fire()
Checking for deadlock:
There are 3 Blocked actors, 0 Stopped actors, and 4 active threads.
Waiting for actors to stop.
Read input token from inputA with value 1.0
Sent output token with value 0.0
Next port to read input from is inputB
Called postfire()
Called prefire()
Called fire()
Read input token from inputB with value 1.5
Checking for deadlock:
Called postfire()
Called prefire()
There are 1 Blocked actors, 0 Stopped actors, and 4 active threads.
Waiting for actors to stop.
Called postfire()
Called prefire()
Called fire()
-- Read input: 0.0, which is expected to match: 0.0
Called prefire()
Called fire()
Checking for deadlock:
There are 2 Blocked actors, 0 Stopped actors, and 4 active threads.
Waiting for actors to stop.
-- Read input: 1.0, which is expected to match: 1.0
Called prefire()
Called fire()
Sent output token with value 1.0
Next port to read input from is inputA
Called postfire()
Called prefire()
Called fire()
Read input token from inputA with value 2.0
Sent output token with value 1.5
Next port to read input from is inputB
Called postfire()
Called prefire()
Called fire()
Read input token from inputB with value 3.0
Checking for deadlock:
There are 1 Blocked actors, 0 Stopped actors, and 4 active threads.
Waiting for actors to stop.
Called postfire()
Called prefire()
Called fire()
-- Read input: 1.5, which is expected to match: 1.5
Called prefire()
Called fire()
Checking for deadlock:
There are 2 Blocked actors, 0 Stopped actors, and 4 active threads.
Waiting for actors to stop.
-- Read input: 2.0, which is expected to match: 2.0
Called prefire()
Called fire()
Sent output token with value 2.0
Next port to read input from is inputA
Called postfire()
Called prefire()
Called fire()
Checking for deadlock:
There are 3 Blocked actors, 0 Stopped actors, and 4 active threads.
Waiting for actors to stop.
Called fire()
Called postfire()
Called prefire()
Called fire()
Read input token from inputA with value 3.0
Checking for deadlock:
There are 2 Blocked actors, 0 Stopped actors, and 4 active threads.
Waiting for actors to stop.
Called postfire()
Called prefire()
Called fire()
Checking for deadlock:
There are 2 Blocked actors, 0 Stopped actors, and 4 active threads.
Waiting for actors to stop.
Sent output token with value 3.0
-- Read input: 3.0, which is expected to match: 3.0
Next port to read input from is inputB
Called postfire()
Called prefire()
Called prefire()
Called fire()
Called fire()
Called postfire()
Called prefire()
Called fire()
Checking for deadlock:
There are 3 Blocked actors, 0 Stopped actors, and 4 active threads.
Waiting for actors to stop.
Read input token from inputB with value 4.5
Sent output token with value 3.0
-- Read input: 3.0, which is expected to match: 3.0
Called prefire()
Called fire()
Next port to read input from is inputA
Called postfire()
Called prefire()
Called fire()
Read input token from inputA with value 4.0
Sent output token with value 4.0
Next port to read input from is inputA
Called postfire()
Called prefire()
Called fire()
Checking for deadlock:
There are 2 Blocked actors, 0 Stopped actors, and 4 active threads.
Waiting for actors to stop.
-- Read input: 4.0, which is expected to match: 4.0
Called prefire()
Called fire()
Past the end of training data. Read and discard all inputs.
Called postfire()
Called prefire()
Called fire()
Checking for deadlock:
There are 3 Blocked actors, 0 Stopped actors, and 4 active threads.
Waiting for actors to stop.
Checking for deadlock:
There are 2 Blocked actors, 0 Stopped actors, and 4 active threads.
Waiting for actors to stop.
Called postfire()
Called prefire()
Called fire()
Checking for deadlock:
There are 3 Blocked actors, 0 Stopped actors, and 4 active threads.
Waiting for actors to stop.
Read input token from inputA with value 5.0
Called prefire()
Called fire()
Past the end of training data. Read and discard all inputs.
Checking for deadlock:
There are 3 Blocked actors, 0 Stopped actors, and 4 active threads.
Waiting for actors to stop.
Sent output token with value 4.5
Next port to read input from is inputB
Called postfire()
Called prefire()
Called fire()
Checking for deadlock:
There are 2 Blocked actors, 0 Stopped actors, and 4 active threads.
Waiting for actors to stop.
Read input token from inputB with value 6.0
Called postfire()
Called prefire()
Called fire()
Called prefire()
Called fire()
Past the end of training data. Read and discard all inputs.
Checking for deadlock:
There are 3 Blocked actors, 0 Stopped actors, and 4 active threads.
Waiting for actors to stop.
Sent output token with value 5.0
Next port to read input from is inputA
Called postfire()
Called prefire()
Called fire()
Called postfire()
Called prefire()
Called fire()
Checking for deadlock:
There are 3 Blocked actors, 0 Stopped actors, and 4 active threads.
Waiting for actors to stop.
Read input token from inputA with value 6.0
Called prefire()
Called fire()
Past the end of training data. Read and discard all inputs.
Checking for deadlock:
There are 3 Blocked actors, 0 Stopped actors, and 4 active threads.
Waiting for actors to stop.
Sent output token with value 6.0
Next port to read input from is inputB
Called postfire()
Called prefire()
Called fire()
Checking for deadlock:
There are 2 Blocked actors, 0 Stopped actors, and 4 active threads.
Called postfire()
Waiting for actors to stop.
Called prefire()
Called fire()
Read input token from inputB with value 7.5
Checking for deadlock:
There are 3 Blocked actors, 0 Stopped actors, and 4 active threads.
Waiting for actors to stop.
Checking for deadlock:
There are 2 Blocked actors, 0 Stopped actors, and 4 active threads.
Waiting for actors to stop.
Called prefire()
Called fire()
Past the end of training data. Read and discard all inputs.
Checking for deadlock:
There are 3 Blocked actors, 0 Stopped actors, and 4 active threads.
Waiting for actors to stop.
Sent output token with value 6.0
Next port to read input from is inputA
Called postfire()
Called prefire()
Called fire()
Checking for deadlock:
There are 2 Blocked actors, 0 Stopped actors, and 4 active threads.
Waiting for actors to stop.
Called postfire()
Called prefire()
Called fire()
Checking for deadlock:
There are 3 Blocked actors, 0 Stopped actors, and 4 active threads.
Waiting for actors to stop.
Read input token from inputA with value 7.0
Checking for deadlock:
There are 2 Blocked actors, 0 Stopped actors, and 4 active threads.
Waiting for actors to stop.
Called prefire()
Called fire()
Past the end of training data. Read and discard all inputs.
Checking for deadlock:
There are 3 Blocked actors, 0 Stopped actors, and 4 active threads.
Waiting for actors to stop.
Sent output token with value 7.0
Next port to read input from is inputA
Called postfire()
Called prefire()
Called fire()
Checking for deadlock:
There are 2 Blocked actors, 0 Stopped actors, and 4 active threads.
Waiting for actors to stop.
-- Thread wrapup() called.
Called wrapup()
Thread .top.Ramp is exiting.
-- Thread stopped.
Checking for deadlock:
There are 2 Blocked actors, 0 Stopped actors, and 3 active threads.
Waiting for actors to stop.
Read input token from inputA with value 8.0
Called prefire()
Called fire()
Past the end of training data. Read and discard all inputs.
Checking for deadlock:
There are 2 Blocked actors, 0 Stopped actors, and 3 active threads.
Waiting for actors to stop.
Sent output token with value 7.5
Next port to read input from is inputB
Called postfire()
Called prefire()
Called fire()
Checking for deadlock:
There are 1 Blocked actors, 0 Stopped actors, and 3 active threads.
Waiting for actors to stop.
Called postfire()
Called prefire()
Read input token from inputB with value 9.0
Called fire()
Checking for deadlock:
There are 2 Blocked actors, 0 Stopped actors, and 3 active threads.
Waiting for actors to stop.
Checking for deadlock:
There are 1 Blocked actors, 0 Stopped actors, and 3 active threads.
Waiting for actors to stop.
Called prefire()
Called fire()
Past the end of training data. Read and discard all inputs.
Checking for deadlock:
There are 2 Blocked actors, 0 Stopped actors, and 3 active threads.
Waiting for actors to stop.
Sent output token with value 8.0
Next port to read input from is inputA
Called postfire()
Called prefire()
Called fire()
Read input token from inputA with value 9.0
Called prefire()
Called fire()
Past the end of training data. Read and discard all inputs.
Checking for deadlock:
There are 2 Blocked actors, 0 Stopped actors, and 3 active threads.
Waiting for actors to stop.
Sent output token with value 9.0
Next port to read input from is inputB
Called postfire()
Called prefire()
Called fire()
Checking for deadlock:
There are 1 Blocked actors, 0 Stopped actors, and 3 active threads.
Waiting for actors to stop.
Called postfire()
Called prefire()
Called fire()
Checking for deadlock:
There are 2 Blocked actors, 0 Stopped actors, and 3 active threads.
Waiting for actors to stop.
Read input token from inputB with value 10.5
Checking for deadlock:
There are 1 Blocked actors, 0 Stopped actors, and 3 active threads.
Waiting for actors to stop.
Called prefire()
Called fire()
Past the end of training data. Read and discard all inputs.
Checking for deadlock:
There are 2 Blocked actors, 0 Stopped actors, and 3 active threads.
Waiting for actors to stop.
Sent output token with value 9.0
Next port to read input from is inputA
Called postfire()
Called prefire()
Called fire()
Checking for deadlock:
There are 3 Blocked actors, 0 Stopped actors, and 3 active threads.
Actors have stopped.
Checking for deadlock:
There are 3 Blocked actors, 0 Stopped actors, and 3 active threads.
Deadlock detected.
Resolving Deadlock
Checking for deadlock:
There are 3 Blocked actors, 0 Stopped actors, and 3 active threads.
Artificial Deadlock - increasing queue capacity.
increasing the capacity of receiver ptolemy.actor.TypedIOPort {.top.OrderedMerge.inputB} to 2
Director: Called postfire().
Called postfire().
_stopRequested = false
_stopFireRequested = false
Returning from postfire(): true
Called fire().
Checking for deadlock:
There are 2 Blocked actors, 0 Stopped actors, and 3 active threads.
Waiting for actors to stop.
-- Thread wrapup() called.
Called wrapup()
Thread .top.Ramp2 is exiting.
-- Thread stopped.
Checking for deadlock:
There are 2 Blocked actors, 0 Stopped actors, and 2 active threads.
Actors have stopped.
Checking for deadlock:
There are 2 Blocked actors, 0 Stopped actors, and 2 active threads.
Deadlock detected.
Resolving Deadlock
Checking for deadlock:
There are 2 Blocked actors, 0 Stopped actors, and 2 active threads.
Deadlock detected: no processes blocked on write, but some are blocked on read.
Called postfire().
_stopRequested = false
_stopFireRequested = false
Returning from postfire(): false
Finished deactivating branches.
Called wrapup().
-- Thread wrapup() called.
Called wrapup()
Thread .top.Test is exiting.
-- Thread stopped.
-- Blocked Receiver call threw TerminateProcessException.
-- Thread wrapup() called.
Called wrapup()
Thread .top.OrderedMerge is exiting.
-- Thread stopped.
-- Blocked Receiver call threw TerminateProcessException.
74 ms. Memory: 129024K Free: 78568K (61%)
.top. Preinitializing ...
Invoking preinitialize():  .top.OrderedMerge
Called preinitialize()
Invoking preinitialize():  .top.Ramp
Called preinitialize()
Invoking preinitialize():  .top.Ramp2
Called preinitialize()
Invoking preinitialize():  .top.Test
Called preinitialize()
.top. Finished preinitialize().
Called initialize().
Invoking initialize():  .top.OrderedMerge
Initializing actor: .top.OrderedMerge
Adding a thread: .top.OrderedMerge
Invoking initialize():  .top.Ramp
Initializing actor: .top.Ramp
Adding a thread: .top.Ramp
Invoking initialize():  .top.Ramp2
Initializing actor: .top.Ramp2
Adding a thread: .top.Ramp2
Invoking initialize():  .top.Test
Initializing actor: .top.Test
Adding a thread: .top.Test
-- Starting thread.
Called initialize()
Called prefire()
Called fire()
-- Starting thread.
Called initialize()
Called prefire()
Called fire()
Called postfire()
Called prefire()
Called fire()
-- Starting thread.
Called initialize()
Called prefire()
Called fire()
Called postfire()
Called prefire()
Called fire()
Called fire().
Checking for deadlock:
There are 3 Blocked actors, 0 Stopped actors, and 4 active threads.
Waiting for actors to stop.
-- Starting thread.
Called initialize()
Called prefire()
Called fire()
Checking for deadlock:
There are 2 Blocked actors, 0 Stopped actors, and 4 active threads.
Waiting for actors to stop.
Called postfire()
Called prefire()
Called fire()
Checking for deadlock:
There are 3 Blocked actors, 0 Stopped actors, and 4 active threads.
Waiting for actors to stop.
Read input token from inputA with value 0.0
Next port to read input from is inputB
Called postfire()
Called prefire()
Called fire()
Checking for deadlock:
There are 2 Blocked actors, 0 Stopped actors, and 4 active threads.
Waiting for actors to stop.
Called postfire()
Called prefire()
Called fire()
Checking for deadlock:
There are 3 Blocked actors, 0 Stopped actors, and 4 active threads.
Waiting for actors to stop.
Read input token from inputB with value 0.0
Checking for deadlock:
There are 2 Blocked actors, 0 Stopped actors, and 4 active threads.
Waiting for actors to stop.
-- Read input: 0.0, which is expected to match: 0.0
Called prefire()
Called fire()
Checking for deadlock:
There are 3 Blocked actors, 0 Stopped actors, and 4 active threads.
Waiting for actors to stop.
Sent output token with value 0.0
Next port to read input from is inputA
Called postfire()
Called prefire()
Called fire()
Checking for deadlock:
There are 2 Blocked actors, 0 Stopped actors, and 4 active threads.
Waiting for actors to stop.
Called postfire()
Called prefire()
Called fire()
Checking for deadlock:
There are 3 Blocked actors, 0 Stopped actors, and 4 active threads.
Waiting for actors to stop.
Read input token from inputA with value 1.0
Checking for deadlock:
There are 2 Blocked actors, 0 Stopped actors, and 4 active threads.
Waiting for actors to stop.
-- Read input: 0.0, which is expected to match: 0.0
Called prefire()
Called fire()
Checking for deadlock:
There are 3 Blocked actors, 0 Stopped actors, and 4 active threads.
Waiting for actors to stop.
Sent output token with value 0.0
Next port to read input from is inputB
Called postfire()
Called prefire()
Called fire()
Called postfire()
Called prefire()
Called fire()
Checking for deadlock:
There are 3 Blocked actors, 0 Stopped actors, and 4 active threads.
Waiting for actors to stop.
Read input token from inputB with value 1.5
-- Read input: 1.0, which is expected to match: 1.0
Called prefire()
Called fire()
Checking for deadlock:
There are 3 Blocked actors, 0 Stopped actors, and 4 active threads.
Waiting for actors to stop.
Sent output token with value 1.0
Next port to read input from is inputA
Called postfire()
Called prefire()
Called fire()
Called postfire()
Called prefire()
Called fire()
Checking for deadlock:
There are 3 Blocked actors, 0 Stopped actors, and 4 active threads.
Waiting for actors to stop.
Read input token from inputA with value 2.0
-- Read input: 1.5, which is expected to match: 1.5
Called prefire()
Called fire()
Checking for deadlock:
There are 3 Blocked actors, 0 Stopped actors, and 4 active threads.
Waiting for actors to stop.
Sent output token with value 1.5
Next port to read input from is inputB
Called postfire()
Called prefire()
Called fire()
Called postfire()
Called prefire()
Called fire()
Checking for deadlock:
There are 3 Blocked actors, 0 Stopped actors, and 4 active threads.
Waiting for actors to stop.
Read input token from inputB with value 3.0
-- Read input: 2.0, which is expected to match: 2.0
Called prefire()
Called fire()
Checking for deadlock:
There are 3 Blocked actors, 0 Stopped actors, and 4 active threads.
Waiting for actors to stop.
Sent output token with value 2.0
Next port to read input from is inputA
Called postfire()
Called prefire()
Called fire()
Called postfire()
Called prefire()
Called fire()
Checking for deadlock:
There are 3 Blocked actors, 0 Stopped actors, and 4 active threads.
Waiting for actors to stop.
Read input token from inputA with value 3.0
-- Read input: 3.0, which is expected to match: 3.0
Called prefire()
Called fire()
Checking for deadlock:
There are 3 Blocked actors, 0 Stopped actors, and 4 active threads.
Waiting for actors to stop.
Sent output token with value 3.0
Next port to read input from is inputB
Called postfire()
Called prefire()
Called fire()
Called postfire()
Called prefire()
Called fire()
Checking for deadlock:
There are 3 Blocked actors, 0 Stopped actors, and 4 active threads.
Waiting for actors to stop.
Read input token from inputB with value 4.5
-- Read input: 3.0, which is expected to match: 3.0
Called prefire()
Called fire()
Checking for deadlock:
There are 3 Blocked actors, 0 Stopped actors, and 4 active threads.
Waiting for actors to stop.
Sent output token with value 3.0
Next port to read input from is inputA
Called postfire()
Called prefire()
Called fire()
Called postfire()
Called prefire()
Called fire()
Checking for deadlock:
There are 3 Blocked actors, 0 Stopped actors, and 4 active threads.
Waiting for actors to stop.
Read input token from inputA with value 4.0
-- Read input: 4.0, which is expected to match: 4.0
Called prefire()
Called fire()
Past the end of training data. Read and discard all inputs.
Checking for deadlock:
There are 3 Blocked actors, 0 Stopped actors, and 4 active threads.
Waiting for actors to stop.
Sent output token with value 4.0
Next port to read input from is inputA
Called postfire()
Called prefire()
Called fire()
Called postfire()
Called prefire()
Called fire()
Checking for deadlock:
There are 3 Blocked actors, 0 Stopped actors, and 4 active threads.
Waiting for actors to stop.
Read input token from inputA with value 5.0
Called prefire()
Called fire()
Past the end of training data. Read and discard all inputs.
Checking for deadlock:
There are 3 Blocked actors, 0 Stopped actors, and 4 active threads.
Waiting for actors to stop.
Sent output token with value 4.5
Next port to read input from is inputB
Called postfire()
Called prefire()
Called fire()
Called postfire()
Called prefire()
Called fire()
Checking for deadlock:
There are 3 Blocked actors, 0 Stopped actors, and 4 active threads.
Waiting for actors to stop.
Read input token from inputB with value 6.0
Called prefire()
Called fire()
Past the end of training data. Read and discard all inputs.
Checking for deadlock:
There are 3 Blocked actors, 0 Stopped actors, and 4 active threads.
Waiting for actors to stop.
Sent output token with value 5.0
Next port to read input from is inputA
Called postfire()
Called prefire()
Called fire()
Called postfire()
Called prefire()
Called fire()
Checking for deadlock:
There are 3 Blocked actors, 0 Stopped actors, and 4 active threads.
Waiting for actors to stop.
Read input token from inputA with value 6.0
Called prefire()
Called fire()
Past the end of training data. Read and discard all inputs.
Checking for deadlock:
There are 3 Blocked actors, 0 Stopped actors, and 4 active threads.
Waiting for actors to stop.
Sent output token with value 6.0
Next port to read input from is inputB
Called postfire()
Called prefire()
Called fire()
Called postfire()
Called prefire()
Called fire()
Checking for deadlock:
There are 3 Blocked actors, 0 Stopped actors, and 4 active threads.
Waiting for actors to stop.
Read input token from inputB with value 7.5
Called prefire()
Called fire()
Past the end of training data. Read and discard all inputs.
Checking for deadlock:
There are 3 Blocked actors, 0 Stopped actors, and 4 active threads.
Waiting for actors to stop.
Sent output token with value 6.0
Next port to read input from is inputA
Called postfire()
Called prefire()
Called fire()
Checking for deadlock:
There are 2 Blocked actors, 0 Stopped actors, and 4 active threads.
Waiting for actors to stop.
Called postfire()
Called prefire()
Called fire()
Checking for deadlock:
There are 3 Blocked actors, 0 Stopped actors, and 4 active threads.
Waiting for actors to stop.
Read input token from inputA with value 7.0
Checking for deadlock:
There are 2 Blocked actors, 0 Stopped actors, and 4 active threads.
Waiting for actors to stop.
Called prefire()
Called fire()
Past the end of training data. Read and discard all inputs.
Checking for deadlock:
There are 3 Blocked actors, 0 Stopped actors, and 4 active threads.
Waiting for actors to stop.
Sent output token with value 7.0
Next port to read input from is inputA
Called postfire()
Called prefire()
Called fire()
Checking for deadlock:
There are 2 Blocked actors, 0 Stopped actors, and 4 active threads.
Waiting for actors to stop.
-- Thread wrapup() called.
Called wrapup()
Thread .top.Ramp is exiting.
-- Thread stopped.
Checking for deadlock:
There are 2 Blocked actors, 0 Stopped actors, and 3 active threads.
Waiting for actors to stop.
Read input token from inputA with value 8.0
Called prefire()
Called fire()
Past the end of training data. Read and discard all inputs.
Checking for deadlock:
There are 2 Blocked actors, 0 Stopped actors, and 3 active threads.
Waiting for actors to stop.
Sent output token with value 7.5
Next port to read input from is inputB
Called postfire()
Called prefire()
Called fire()
Checking for deadlock:
There are 1 Blocked actors, 0 Stopped actors, and 3 active threads.
Waiting for actors to stop.
Called postfire()
Called prefire()
Called fire()
Checking for deadlock:
There are 2 Blocked actors, 0 Stopped actors, and 3 active threads.
Waiting for actors to stop.
Read input token from inputB with value 9.0
Checking for deadlock:
There are 1 Blocked actors, 0 Stopped actors, and 3 active threads.
Waiting for actors to stop.
Called prefire()
Called fire()
Past the end of training data. Read and discard all inputs.
Checking for deadlock:
There are 2 Blocked actors, 0 Stopped actors, and 3 active threads.
Waiting for actors to stop.
Sent output token with value 8.0
Next port to read input from is inputA
Called postfire()
Called prefire()
Called fire()
Read input token from inputA with value 9.0
Called prefire()
Called fire()
Past the end of training data. Read and discard all inputs.
Checking for deadlock:
There are 2 Blocked actors, 0 Stopped actors, and 3 active threads.
Waiting for actors to stop.
Sent output token with value 9.0
Next port to read input from is inputB
Called postfire()
Called prefire()
Called fire()
Called postfire()
Called prefire()
Called fire()
Checking for deadlock:
There are 2 Blocked actors, 0 Stopped actors, and 3 active threads.
Waiting for actors to stop.
Read input token from inputB with value 10.5
Called prefire()
Called fire()
Past the end of training data. Read and discard all inputs.
Checking for deadlock:
There are 2 Blocked actors, 0 Stopped actors, and 3 active threads.
Waiting for actors to stop.
Sent output token with value 9.0
Next port to read input from is inputA
Called postfire()
Called prefire()
Called fire()
Checking for deadlock:
There are 3 Blocked actors, 0 Stopped actors, and 3 active threads.
Actors have stopped.
Checking for deadlock:
There are 3 Blocked actors, 0 Stopped actors, and 3 active threads.
Deadlock detected.
Resolving Deadlock
Checking for deadlock:
There are 3 Blocked actors, 0 Stopped actors, and 3 active threads.
Artificial Deadlock - increasing queue capacity.
increasing the capacity of receiver ptolemy.actor.TypedIOPort {.top.OrderedMerge.inputB} to 2
Director: Called postfire().
Called postfire().
_stopRequested = false
_stopFireRequested = false
Returning from postfire(): true
Called fire().
Checking for deadlock:
There are 2 Blocked actors, 0 Stopped actors, and 3 active threads.
Waiting for actors to stop.
-- Thread wrapup() called.
Called wrapup()
Thread .top.Ramp2 is exiting.
-- Thread stopped.
Checking for deadlock:
There are 2 Blocked actors, 0 Stopped actors, and 2 active threads.
Actors have stopped.
Checking for deadlock:
There are 2 Blocked actors, 0 Stopped actors, and 2 active threads.
Deadlock detected.
Resolving Deadlock
Checking for deadlock:
There are 2 Blocked actors, 0 Stopped actors, and 2 active threads.
Deadlock detected: no processes blocked on write, but some are blocked on read.
Called postfire().
_stopRequested = false
_stopFireRequested = false
Returning from postfire(): false
Finished deactivating branches.
Called wrapup().
-- Thread wrapup() called.
Called wrapup()
-- Thread wrapup() called.
Called wrapup()
Thread .top.Test is exiting.
-- Thread stopped.
-- Blocked Receiver call threw TerminateProcessException.
Thread .top.OrderedMerge is exiting.
-- Thread stopped.
-- Blocked Receiver call threw TerminateProcessException.
34 ms. Memory: 129024K Free: 77291K (60%)
/home/travis/build/icyphy/ptII/ptolemy/actor/lib/test/Publisher.tcl
12 ms. Memory: 129024K Free: 70890K (55%)
4 ms. Memory: 129024K Free: 65770K (51%)
2 ms. Memory: 129024K Free: 61674K (48%)
5 ms. Memory: 129024K Free: 61145K (47%)
11 ms. Memory: 129024K Free: 60105K (47%)
10 ms. Memory: 129024K Free: 59097K (46%)
8 ms. Memory: 129024K Free: 58602K (45%)
8 ms. Memory: 129024K Free: 57578K (45%)
23 ms. Memory: 129024K Free: 108099K (84%)
3 ms. Memory: 129024K Free: 104517K (81%)
2 ms. Memory: 129024K Free: 103989K (81%)
5 ms. Memory: 129024K Free: 101445K (79%)
15 ms. Memory: 129024K Free: 93763K (73%)
14 ms. Memory: 129024K Free: 84547K (66%)
13 ms. Memory: 129024K Free: 73283K (57%)
/home/travis/build/icyphy/ptII/ptolemy/actor/lib/test/Pulse.tcl
6 ms. Memory: 155648K Free: 108614K (70%)
9 ms. Memory: 155648K Free: 108158K (69%)
2 ms. Memory: 155648K Free: 107614K (69%)
2 ms. Memory: 155648K Free: 107134K (69%)
10 ms. Memory: 155648K Free: 106606K (68%)
11 ms. Memory: 155648K Free: 105590K (68%)
8 ms. Memory: 155648K Free: 104542K (67%)
1 ms. Memory: 155648K Free: 103518K (67%)
4 ms. Memory: 155648K Free: 103038K (66%)
/home/travis/build/icyphy/ptII/ptolemy/actor/lib/test/Ramp.tcl
6 ms. Memory: 155648K Free: 100990K (65%)
3 ms. Memory: 155648K Free: 100446K (65%)
3 ms. Memory: 155648K Free: 99452K (64%)
2 ms. Memory: 155648K Free: 98942K (64%)
6 ms. Memory: 155648K Free: 97918K (63%)
4 ms. Memory: 155648K Free: 97390K (63%)
10 ms. Memory: 155648K Free: 96366K (62%)
5 actors
8000 microseconds per iteration to create
8 ms. Memory: 155648K Free: 93308K (60%)
1 ms. Memory: 155648K Free: 92798K (60%)
1 ms. Memory: 155648K Free: 92270K (59%)
2 ms. Memory: 155648K Free: 91774K (59%)
50 actors
29000 microseconds per iteration to create
33 ms. Memory: 155648K Free: 137046K (88%)
4 ms. Memory: 155648K Free: 136022K (87%)
5 ms. Memory: 155648K Free: 134998K (87%)
4 ms. Memory: 155648K Free: 133974K (86%)
500 actors
1457000 microseconds per iteration to create
255 ms. Memory: 155648K Free: 107594K (69%)
35 ms. Memory: 155648K Free: 102474K (66%)
33 ms. Memory: 155648K Free: 96844K (62%)
32 ms. Memory: 155648K Free: 91724K (59%)
/home/travis/build/icyphy/ptII/ptolemy/actor/lib/test/RampContinuous.tcl
8 ms. Memory: 155648K Free: 90171K (58%)
/home/travis/build/icyphy/ptII/ptolemy/actor/lib/test/RecordAssembler.tcl
4 ms. Memory: 155648K Free: 88652K (57%)
2 ms. Memory: 155648K Free: 87628K (56%)
/home/travis/build/icyphy/ptII/ptolemy/actor/lib/test/RecordDisassembler.tcl
6 ms. Memory: 155648K Free: 86075K (55%)
2 ms. Memory: 155648K Free: 85580K (55%)
3 ms. Memory: 155648K Free: 84042K (54%)
/home/travis/build/icyphy/ptII/ptolemy/actor/lib/test/Scale.tcl
3 ms. Memory: 155648K Free: 82508K (53%)
2 ms. Memory: 155648K Free: 81484K (52%)
1 ms. Memory: 155648K Free: 80963K (52%)
2 ms. Memory: 155648K Free: 79931K (51%)
2 ms. Memory: 155648K Free: 78907K (51%)
/home/travis/build/icyphy/ptII/ptolemy/actor/lib/test/SequentialClock.tcl
preinitializing
resolving types
initializing
executing number 1
wrapping up
idle
2 ms. Memory: 155648K Free: 77883K (50%)
Completed execution with 5 iterations
preinitializing
resolving types
initializing
executing number 1
wrapping up
idle
1 ms. Memory: 155648K Free: 77388K (50%)
Completed execution with 5 iterations
preinitializing
resolving types
initializing
executing number 1
wrapping up
idle
1 ms. Memory: 155648K Free: 76874K (49%)
Completed execution with 5 iterations
/home/travis/build/icyphy/ptII/ptolemy/actor/lib/test/SetVariable.tcl
4 ms. Memory: 155648K Free: 74826K (48%)
/home/travis/build/icyphy/ptII/ptolemy/actor/lib/test/Sinewave.tcl
/home/travis/build/icyphy/ptII/ptolemy/actor/lib/test/SubscriptionAggregator.tcl
12 ms. Memory: 155648K Free: 63547K (41%)
3 ms. Memory: 155648K Free: 63052K (41%)
2 ms. Memory: 155648K Free: 62538K (40%)
1 ms. Memory: 155648K Free: 62028K (40%)
2 ms. Memory: 192512K Free: 167687K (87%)
10 ms. Memory: 192512K Free: 165144K (86%)
...............................................................945 ms. Memory: 280576K Free: 120149K (43%)
/home/travis/build/icyphy/ptII/ptolemy/actor/lib/test/Test.tcl
 The next command will produce a warning about training mode,
   which may be ignored.
4 ms. Memory: 280576K Free: 118115K (42%)
10 ms. Memory: 280576K Free: 117603K (42%)
1 ms. Memory: 280576K Free: 116581K (42%)
2 ms. Memory: 280576K Free: 116053K (41%)
2 ms. Memory: 280576K Free: 115557K (41%)
3 ms. Memory: 280576K Free: 114533K (41%)
3 ms. Memory: 280576K Free: 112981K (40%)
 The next command will produce a warning about training mode,
   which may be ignored.
3 ms. Memory: 280576K Free: 110437K (39%)
 The next command will produce a warning about training mode,
   which may be ignored.
2 ms. Memory: 280576K Free: 109413K (39%)
1 ms. Memory: 280576K Free: 108869K (39%)
1 ms. Memory: 280576K Free: 108389K (39%)
3 ms. Memory: 280576K Free: 107861K (38%)
6 ms. Memory: 280576K Free: 106851K (38%)
4 ms. Memory: 280576K Free: 103269K (37%)
/home/travis/build/icyphy/ptII/ptolemy/actor/lib/test/TestExceptionHandler.tcl
 The next command will produce a warning about training mode,
   which may be ignored.
2 ms. Memory: 280576K Free: 101717K (36%)
1 ms. Memory: 280576K Free: 101685K (36%)
1 ms. Memory: 280576K Free: 100677K (36%)
/home/travis/build/icyphy/ptII/ptolemy/actor/lib/test/UnionDisassembler.tcl
24 ms. Memory: 280576K Free: 93539K (33%)
/home/travis/build/icyphy/ptII/ptolemy/actor/lib/test/VariableClock.tcl
preinitializing
resolving types
initializing
executing number 1
wrapping up
idle
8 ms. Memory: 280576K Free: 91491K (33%)
Completed execution with 11 iterations
preinitializing
resolving types
initializing
executing number 1
wrapping up
idle
8 ms. Memory: 280576K Free: 90467K (32%)
Completed execution with 10 iterations
03/05/20 07:14:20
Failed: 0  Total Tests: 233  ((Passed: 233, Newly Passed: 0)  Known Failed: 0) /home/travis/build/icyphy/ptII/ptolemy/actor/lib/test
----------------- testing (KnownFailure) /home/travis/build/icyphy/ptII/ptolemy/actor/lib/test/auto/knownFailedTests/PublisherPortToplevelSubscriber.xml
0 ms. Memory: 280576K Free: 86885K (31%)
Known Failure: java.lang.reflect.InvocationTargetException
----------------- testing (KnownFailure) /home/travis/build/icyphy/ptII/ptolemy/actor/lib/test/auto/knownFailedTests/PublisherSubscriberPortToplevel.xml
0 ms. Memory: 280576K Free: 231267K (82%)
Known Failure: java.lang.reflect.InvocationTargetException
----------------- testing (KnownFailure) /home/travis/build/icyphy/ptII/ptolemy/actor/lib/test/auto/knownFailedTests/PublisherSubscriptionAggregatorPort.xml
1 ms. Memory: 280576K Free: 226661K (81%)
Known Failure: java.lang.reflect.InvocationTargetException
----------------- testing (KnownFailure) /home/travis/build/icyphy/ptII/ptolemy/actor/lib/test/auto/knownFailedTests/sizedarray3.xml
7 ms. Memory: 280576K Free: 222565K (79%)
Known Failure: java.lang.reflect.InvocationTargetException
No auto/linux-amd64/*.xml tests in /home/travis/build/icyphy/ptII/ptolemy/actor/lib/test
AutoTests.java: About to close Vertx.
AutoTests.java: Vertx closed.

===========================================================================================
----------------- testing Thu Mar 05 07:14:21 UTC 2020 /home/travis/build/icyphy/ptII/ptolemy/actor/lib/test/auto/AbsoluteValue.xml
----------------- Instantiating /home/travis/build/icyphy/ptII/ptolemy/actor/lib/test/auto/AbsoluteValue.xml
12 ms. Memory: 280576K Free: 200037K (71%)
----------------- Invoking toplevel() on ptolemy.moml.MoMLSimpleApplication@2569f1c3
----------------- Done invoking toplevel() on ptolemy.moml.MoMLSimpleApplication@2569f1c3
reloadAllAccessors: .AbsoluteValue

===========================================================================================
----------------- testing Thu Mar 05 07:14:21 UTC 2020 /home/travis/build/icyphy/ptII/ptolemy/actor/lib/test/auto/AbsoluteValue2.xml
----------------- Instantiating /home/travis/build/icyphy/ptII/ptolemy/actor/lib/test/auto/AbsoluteValue2.xml
4 ms. Memory: 280576K Free: 193379K (69%)
----------------- Invoking toplevel() on ptolemy.moml.MoMLSimpleApplication@2b89a56a
----------------- Done invoking toplevel() on ptolemy.moml.MoMLSimpleApplication@2b89a56a
reloadAllAccessors: .AbsoluteValue2

===========================================================================================
----------------- testing Thu Mar 05 07:14:21 UTC 2020 /home/travis/build/icyphy/ptII/ptolemy/actor/lib/test/auto/Accumulator.xml
----------------- Instantiating /home/travis/build/icyphy/ptII/ptolemy/actor/lib/test/auto/Accumulator.xml
6 ms. Memory: 280576K Free: 186725K (67%)
----------------- Invoking toplevel() on ptolemy.moml.MoMLSimpleApplication@420b727c
----------------- Done invoking toplevel() on ptolemy.moml.MoMLSimpleApplication@420b727c
reloadAllAccessors: .Accumulator

===========================================================================================
----------------- testing Thu Mar 05 07:14:21 UTC 2020 /home/travis/build/icyphy/ptII/ptolemy/actor/lib/test/auto/Accumulator2.xml
----------------- Instantiating /home/travis/build/icyphy/ptII/ptolemy/actor/lib/test/auto/Accumulator2.xml
9 ms. Memory: 280576K Free: 181605K (65%)
----------------- Invoking toplevel() on ptolemy.moml.MoMLSimpleApplication@46241813
----------------- Done invoking toplevel() on ptolemy.moml.MoMLSimpleApplication@46241813
reloadAllAccessors: .Accumulator2

===========================================================================================
----------------- testing Thu Mar 05 07:14:21 UTC 2020 /home/travis/build/icyphy/ptII/ptolemy/actor/lib/test/auto/Accumulator3.xml
----------------- Instantiating /home/travis/build/icyphy/ptII/ptolemy/actor/lib/test/auto/Accumulator3.xml
3 ms. Memory: 280576K Free: 176995K (63%)
----------------- Invoking toplevel() on ptolemy.moml.MoMLSimpleApplication@3449dcb7
----------------- Done invoking toplevel() on ptolemy.moml.MoMLSimpleApplication@3449dcb7
reloadAllAccessors: .Accumulator3

===========================================================================================
----------------- testing Thu Mar 05 07:14:21 UTC 2020 /home/travis/build/icyphy/ptII/ptolemy/actor/lib/test/auto/ArrayAppend.xml
----------------- Instantiating /home/travis/build/icyphy/ptII/ptolemy/actor/lib/test/auto/ArrayAppend.xml
7 ms. Memory: 280576K Free: 171365K (61%)
----------------- Invoking toplevel() on ptolemy.moml.MoMLSimpleApplication@6ee37994
----------------- Done invoking toplevel() on ptolemy.moml.MoMLSimpleApplication@6ee37994
reloadAllAccessors: .ArrayAppend

===========================================================================================
----------------- testing Thu Mar 05 07:14:21 UTC 2020 /home/travis/build/icyphy/ptII/ptolemy/actor/lib/test/auto/ArrayAppend2.xml
----------------- Instantiating /home/travis/build/icyphy/ptII/ptolemy/actor/lib/test/auto/ArrayAppend2.xml
275 ms. Memory: 280576K Free: 111973K (40%)
----------------- Invoking toplevel() on ptolemy.moml.MoMLSimpleApplication@47965ccd
----------------- Done invoking toplevel() on ptolemy.moml.MoMLSimpleApplication@47965ccd
reloadAllAccessors: .ArrayAppend2

===========================================================================================
----------------- testing Thu Mar 05 07:14:21 UTC 2020 /home/travis/build/icyphy/ptII/ptolemy/actor/lib/test/auto/ArrayAppend3.xml
----------------- Instantiating /home/travis/build/icyphy/ptII/ptolemy/actor/lib/test/auto/ArrayAppend3.xml
3 ms. Memory: 280576K Free: 106853K (38%)
----------------- Invoking toplevel() on ptolemy.moml.MoMLSimpleApplication@74d30ea7
----------------- Done invoking toplevel() on ptolemy.moml.MoMLSimpleApplication@74d30ea7
reloadAllAccessors: .ArrayAppend3

===========================================================================================
----------------- testing Thu Mar 05 07:14:21 UTC 2020 /home/travis/build/icyphy/ptII/ptolemy/actor/lib/test/auto/ArrayAppend4.xml
----------------- Instantiating /home/travis/build/icyphy/ptII/ptolemy/actor/lib/test/auto/ArrayAppend4.xml
2 ms. Memory: 280576K Free: 101733K (36%)
----------------- Invoking toplevel() on ptolemy.moml.MoMLSimpleApplication@7c313b50
----------------- Done invoking toplevel() on ptolemy.moml.MoMLSimpleApplication@7c313b50
reloadAllAccessors: .ArrayAppend4

===========================================================================================
----------------- testing Thu Mar 05 07:14:21 UTC 2020 /home/travis/build/icyphy/ptII/ptolemy/actor/lib/test/auto/ArrayAppend5.xml
----------------- Instantiating /home/travis/build/icyphy/ptII/ptolemy/actor/lib/test/auto/ArrayAppend5.xml
2 ms. Memory: 280576K Free: 96099K (34%)
----------------- Invoking toplevel() on ptolemy.moml.MoMLSimpleApplication@4b30ae74
----------------- Done invoking toplevel() on ptolemy.moml.MoMLSimpleApplication@4b30ae74
reloadAllAccessors: .ArrayAppend5

===========================================================================================
----------------- testing Thu Mar 05 07:14:22 UTC 2020 /home/travis/build/icyphy/ptII/ptolemy/actor/lib/test/auto/ArrayAppend6.xml
----------------- Instantiating /home/travis/build/icyphy/ptII/ptolemy/actor/lib/test/auto/ArrayAppend6.xml
2 ms. Memory: 280576K Free: 90979K (32%)
----------------- Invoking toplevel() on ptolemy.moml.MoMLSimpleApplication@687cc342
----------------- Done invoking toplevel() on ptolemy.moml.MoMLSimpleApplication@687cc342
reloadAllAccessors: .ArrayAppend6

===========================================================================================
----------------- testing Thu Mar 05 07:14:22 UTC 2020 /home/travis/build/icyphy/ptII/ptolemy/actor/lib/test/auto/ArrayAppendPerformanceTest.xml
----------------- Instantiating /home/travis/build/icyphy/ptII/ptolemy/actor/lib/test/auto/ArrayAppendPerformanceTest.xml
121 ms. Memory: 280576K Free: 226799K (81%)
----------------- Invoking toplevel() on ptolemy.moml.MoMLSimpleApplication@5fd44ad4
----------------- Done invoking toplevel() on ptolemy.moml.MoMLSimpleApplication@5fd44ad4
reloadAllAccessors: .ArrayAppendPerformanceTest

===========================================================================================
----------------- testing Thu Mar 05 07:14:22 UTC 2020 /home/travis/build/icyphy/ptII/ptolemy/actor/lib/test/auto/ArrayAppendWithEmptyInput.xml
----------------- Instantiating /home/travis/build/icyphy/ptII/ptolemy/actor/lib/test/auto/ArrayAppendWithEmptyInput.xml
7 ms. Memory: 280576K Free: 218169K (78%)
----------------- Invoking toplevel() on ptolemy.moml.MoMLSimpleApplication@49815e2f
----------------- Done invoking toplevel() on ptolemy.moml.MoMLSimpleApplication@49815e2f
reloadAllAccessors: .ArrayAppendWithEmptyInput

===========================================================================================
----------------- testing Thu Mar 05 07:14:22 UTC 2020 /home/travis/build/icyphy/ptII/ptolemy/actor/lib/test/auto/ArrayAverage.xml
----------------- Instantiating /home/travis/build/icyphy/ptII/ptolemy/actor/lib/test/auto/ArrayAverage.xml
5 ms. Memory: 280576K Free: 210487K (75%)
----------------- Invoking toplevel() on ptolemy.moml.MoMLSimpleApplication@1e5d1629
----------------- Done invoking toplevel() on ptolemy.moml.MoMLSimpleApplication@1e5d1629
reloadAllAccessors: .ArrayAverage

===========================================================================================
----------------- testing Thu Mar 05 07:14:22 UTC 2020 /home/travis/build/icyphy/ptII/ptolemy/actor/lib/test/auto/ArrayContains.xml
----------------- Instantiating /home/travis/build/icyphy/ptII/ptolemy/actor/lib/test/auto/ArrayContains.xml
2 ms. Memory: 280576K Free: 204343K (73%)
----------------- Invoking toplevel() on ptolemy.moml.MoMLSimpleApplication@5fc81234
----------------- Done invoking toplevel() on ptolemy.moml.MoMLSimpleApplication@5fc81234
reloadAllAccessors: .ArrayContains

===========================================================================================
----------------- testing Thu Mar 05 07:14:22 UTC 2020 /home/travis/build/icyphy/ptII/ptolemy/actor/lib/test/auto/ArrayElement.xml
----------------- Instantiating /home/travis/build/icyphy/ptII/ptolemy/actor/lib/test/auto/ArrayElement.xml
3 ms. Memory: 280576K Free: 198713K (71%)
----------------- Invoking toplevel() on ptolemy.moml.MoMLSimpleApplication@5de1cdab
----------------- Done invoking toplevel() on ptolemy.moml.MoMLSimpleApplication@5de1cdab
reloadAllAccessors: .ArrayElement

===========================================================================================
----------------- testing Thu Mar 05 07:14:22 UTC 2020 /home/travis/build/icyphy/ptII/ptolemy/actor/lib/test/auto/ArrayElementAsMatrix.xml
----------------- Instantiating /home/travis/build/icyphy/ptII/ptolemy/actor/lib/test/auto/ArrayElementAsMatrix.xml
8 ms. Memory: 280576K Free: 188983K (67%)
----------------- Invoking toplevel() on ptolemy.moml.MoMLSimpleApplication@5bec6e5a
----------------- Done invoking toplevel() on ptolemy.moml.MoMLSimpleApplication@5bec6e5a
reloadAllAccessors: .ArrayElementAsMatrix

===========================================================================================
----------------- testing Thu Mar 05 07:14:22 UTC 2020 /home/travis/build/icyphy/ptII/ptolemy/actor/lib/test/auto/ArrayElementI.xml
----------------- Instantiating /home/travis/build/icyphy/ptII/ptolemy/actor/lib/test/auto/ArrayElementI.xml
4 ms. Memory: 280576K Free: 183353K (65%)
----------------- Invoking toplevel() on ptolemy.moml.MoMLSimpleApplication@e8c81c9
----------------- Done invoking toplevel() on ptolemy.moml.MoMLSimpleApplication@e8c81c9
reloadAllAccessors: .ArrayElementI

===========================================================================================
----------------- testing Thu Mar 05 07:14:22 UTC 2020 /home/travis/build/icyphy/ptII/ptolemy/actor/lib/test/auto/ArrayExtract.xml
----------------- Instantiating /home/travis/build/icyphy/ptII/ptolemy/actor/lib/test/auto/ArrayExtract.xml
13 ms. Memory: 280576K Free: 175161K (62%)
----------------- Invoking toplevel() on ptolemy.moml.MoMLSimpleApplication@1d11c21b
----------------- Done invoking toplevel() on ptolemy.moml.MoMLSimpleApplication@1d11c21b
reloadAllAccessors: .ArrayExtract

===========================================================================================
----------------- testing Thu Mar 05 07:14:22 UTC 2020 /home/travis/build/icyphy/ptII/ptolemy/actor/lib/test/auto/ArrayExtract2.xml
----------------- Instantiating /home/travis/build/icyphy/ptII/ptolemy/actor/lib/test/auto/ArrayExtract2.xml
4 ms. Memory: 280576K Free: 169512K (60%)
----------------- Invoking toplevel() on ptolemy.moml.MoMLSimpleApplication@10edb4c7
----------------- Done invoking toplevel() on ptolemy.moml.MoMLSimpleApplication@10edb4c7
reloadAllAccessors: .ArrayExtract2

===========================================================================================
----------------- testing Thu Mar 05 07:14:22 UTC 2020 /home/travis/build/icyphy/ptII/ptolemy/actor/lib/test/auto/ArrayLength.xml
----------------- Instantiating /home/travis/build/icyphy/ptII/ptolemy/actor/lib/test/auto/ArrayLength.xml
1 ms. Memory: 280576K Free: 165945K (59%)
----------------- Invoking toplevel() on ptolemy.moml.MoMLSimpleApplication@2197b05e
----------------- Done invoking toplevel() on ptolemy.moml.MoMLSimpleApplication@2197b05e
reloadAllAccessors: .ArrayLength

===========================================================================================
----------------- testing Thu Mar 05 07:14:22 UTC 2020 /home/travis/build/icyphy/ptII/ptolemy/actor/lib/test/auto/ArrayLevelCrossing.xml
----------------- Instantiating /home/travis/build/icyphy/ptII/ptolemy/actor/lib/test/auto/ArrayLevelCrossing.xml
4 ms. Memory: 280576K Free: 157753K (56%)
----------------- Invoking toplevel() on ptolemy.moml.MoMLSimpleApplication@37b8d8c2
----------------- Done invoking toplevel() on ptolemy.moml.MoMLSimpleApplication@37b8d8c2
reloadAllAccessors: .ArrayLevelCrossing

===========================================================================================
----------------- testing Thu Mar 05 07:14:22 UTC 2020 /home/travis/build/icyphy/ptII/ptolemy/actor/lib/test/auto/ArrayLevelCrossing2.xml
----------------- Instantiating /home/travis/build/icyphy/ptII/ptolemy/actor/lib/test/auto/ArrayLevelCrossing2.xml
5 ms. Memory: 280576K Free: 150585K (54%)
----------------- Invoking toplevel() on ptolemy.moml.MoMLSimpleApplication@118ac9c2
----------------- Done invoking toplevel() on ptolemy.moml.MoMLSimpleApplication@118ac9c2
reloadAllAccessors: .ArrayLevelCrossing2

===========================================================================================
----------------- testing Thu Mar 05 07:14:22 UTC 2020 /home/travis/build/icyphy/ptII/ptolemy/actor/lib/test/auto/ArrayPeakSearch.xml
----------------- Instantiating /home/travis/build/icyphy/ptII/ptolemy/actor/lib/test/auto/ArrayPeakSearch.xml
7 ms. Memory: 280576K Free: 141369K (50%)
----------------- Invoking toplevel() on ptolemy.moml.MoMLSimpleApplication@27daf477
----------------- Done invoking toplevel() on ptolemy.moml.MoMLSimpleApplication@27daf477
reloadAllAccessors: .ArrayPeakSearch

===========================================================================================
----------------- testing Thu Mar 05 07:14:22 UTC 2020 /home/travis/build/icyphy/ptII/ptolemy/actor/lib/test/auto/ArrayPeakSearch2.xml
----------------- Instantiating /home/travis/build/icyphy/ptII/ptolemy/actor/lib/test/auto/ArrayPeakSearch2.xml
6 ms. Memory: 280576K Free: 131129K (47%)
----------------- Invoking toplevel() on ptolemy.moml.MoMLSimpleApplication@19a6662c
----------------- Done invoking toplevel() on ptolemy.moml.MoMLSimpleApplication@19a6662c
reloadAllAccessors: .ArrayPeakSearch2

===========================================================================================
----------------- testing Thu Mar 05 07:14:22 UTC 2020 /home/travis/build/icyphy/ptII/ptolemy/actor/lib/test/auto/ArrayPeakSearch3.xml
----------------- Instantiating /home/travis/build/icyphy/ptII/ptolemy/actor/lib/test/auto/ArrayPeakSearch3.xml
5 ms. Memory: 280576K Free: 121913K (43%)
----------------- Invoking toplevel() on ptolemy.moml.MoMLSimpleApplication@18fef8bb
----------------- Done invoking toplevel() on ptolemy.moml.MoMLSimpleApplication@18fef8bb
reloadAllAccessors: .ArrayPeakSearch3

===========================================================================================
----------------- testing Thu Mar 05 07:14:22 UTC 2020 /home/travis/build/icyphy/ptII/ptolemy/actor/lib/test/auto/ArrayRemoveElement.xml
----------------- Instantiating /home/travis/build/icyphy/ptII/ptolemy/actor/lib/test/auto/ArrayRemoveElement.xml
3 ms. Memory: 280576K Free: 114231K (41%)
----------------- Invoking toplevel() on ptolemy.moml.MoMLSimpleApplication@b696bb4
----------------- Done invoking toplevel() on ptolemy.moml.MoMLSimpleApplication@b696bb4
reloadAllAccessors: .ArrayRemoveElement

===========================================================================================
----------------- testing Thu Mar 05 07:14:22 UTC 2020 /home/travis/build/icyphy/ptII/ptolemy/actor/lib/test/auto/ArraySort.xml
----------------- Instantiating /home/travis/build/icyphy/ptII/ptolemy/actor/lib/test/auto/ArraySort.xml
6 ms. Memory: 280576K Free: 105015K (37%)
----------------- Invoking toplevel() on ptolemy.moml.MoMLSimpleApplication@2df57d1b
----------------- Done invoking toplevel() on ptolemy.moml.MoMLSimpleApplication@2df57d1b
reloadAllAccessors: .ArraySort

===========================================================================================
----------------- testing Thu Mar 05 07:14:22 UTC 2020 /home/travis/build/icyphy/ptII/ptolemy/actor/lib/test/auto/ArraySum.xml
----------------- Instantiating /home/travis/build/icyphy/ptII/ptolemy/actor/lib/test/auto/ArraySum.xml
4 ms. Memory: 280576K Free: 99895K (36%)
----------------- Invoking toplevel() on ptolemy.moml.MoMLSimpleApplication@2e1ae15e
----------------- Done invoking toplevel() on ptolemy.moml.MoMLSimpleApplication@2e1ae15e
reloadAllAccessors: .ArraySum

===========================================================================================
----------------- testing Thu Mar 05 07:14:22 UTC 2020 /home/travis/build/icyphy/ptII/ptolemy/actor/lib/test/auto/ArrayToElements.xml
----------------- Instantiating /home/travis/build/icyphy/ptII/ptolemy/actor/lib/test/auto/ArrayToElements.xml
6 ms. Memory: 280576K Free: 94265K (34%)
----------------- Invoking toplevel() on ptolemy.moml.MoMLSimpleApplication@2cac9ede
----------------- Done invoking toplevel() on ptolemy.moml.MoMLSimpleApplication@2cac9ede
reloadAllAccessors: .ArrayToElements

===========================================================================================
----------------- testing Thu Mar 05 07:14:22 UTC 2020 /home/travis/build/icyphy/ptII/ptolemy/actor/lib/test/auto/ArrayToMatrix.xml
----------------- Instantiating /home/travis/build/icyphy/ptII/ptolemy/actor/lib/test/auto/ArrayToMatrix.xml
10 ms. Memory: 280576K Free: 80439K (29%)
----------------- Invoking toplevel() on ptolemy.moml.MoMLSimpleApplication@f34a14c
----------------- Done invoking toplevel() on ptolemy.moml.MoMLSimpleApplication@f34a14c
reloadAllAccessors: .ArrayToMatrix

===========================================================================================
----------------- testing Thu Mar 05 07:14:22 UTC 2020 /home/travis/build/icyphy/ptII/ptolemy/actor/lib/test/auto/ArrayUpdate1.xml
----------------- Instantiating /home/travis/build/icyphy/ptII/ptolemy/actor/lib/test/auto/ArrayUpdate1.xml
5 ms. Memory: 280576K Free: 75319K (27%)
----------------- Invoking toplevel() on ptolemy.moml.MoMLSimpleApplication@1e1584fb
----------------- Done invoking toplevel() on ptolemy.moml.MoMLSimpleApplication@1e1584fb
reloadAllAccessors: .ArrayUpdate1

===========================================================================================
----------------- testing Thu Mar 05 07:14:22 UTC 2020 /home/travis/build/icyphy/ptII/ptolemy/actor/lib/test/auto/ArrayUpdate2.xml
----------------- Instantiating /home/travis/build/icyphy/ptII/ptolemy/actor/lib/test/auto/ArrayUpdate2.xml
10 ms. Memory: 280576K Free: 69175K (25%)
----------------- Invoking toplevel() on ptolemy.moml.MoMLSimpleApplication@49ddcc96
----------------- Done invoking toplevel() on ptolemy.moml.MoMLSimpleApplication@49ddcc96
reloadAllAccessors: .ArrayUpdate2

===========================================================================================
----------------- testing Thu Mar 05 07:14:22 UTC 2020 /home/travis/build/icyphy/ptII/ptolemy/actor/lib/test/auto/ArrayUpdate3.xml
----------------- Instantiating /home/travis/build/icyphy/ptII/ptolemy/actor/lib/test/auto/ArrayUpdate3.xml
2 ms. Memory: 280576K Free: 229995K (82%)
----------------- Invoking toplevel() on ptolemy.moml.MoMLSimpleApplication@499dca30
----------------- Done invoking toplevel() on ptolemy.moml.MoMLSimpleApplication@499dca30
reloadAllAccessors: .ArrayUpdate3

===========================================================================================
----------------- testing Thu Mar 05 07:14:22 UTC 2020 /home/travis/build/icyphy/ptII/ptolemy/actor/lib/test/auto/Assert1.xml
----------------- Instantiating /home/travis/build/icyphy/ptII/ptolemy/actor/lib/test/auto/Assert1.xml
5 ms. Memory: 280576K Free: 225389K (80%)
----------------- Invoking toplevel() on ptolemy.moml.MoMLSimpleApplication@5e2d0caa
----------------- Done invoking toplevel() on ptolemy.moml.MoMLSimpleApplication@5e2d0caa
reloadAllAccessors: .Assert1

===========================================================================================
----------------- testing Thu Mar 05 07:14:22 UTC 2020 /home/travis/build/icyphy/ptII/ptolemy/actor/lib/test/auto/Assert2.xml
----------------- Instantiating /home/travis/build/icyphy/ptII/ptolemy/actor/lib/test/auto/Assert2.xml
2 ms. Memory: 280576K Free: 220779K (79%)
----------------- Invoking toplevel() on ptolemy.moml.MoMLSimpleApplication@3fdb4875
----------------- Done invoking toplevel() on ptolemy.moml.MoMLSimpleApplication@3fdb4875
reloadAllAccessors: .Assert2

===========================================================================================
----------------- testing Thu Mar 05 07:14:23 UTC 2020 /home/travis/build/icyphy/ptII/ptolemy/actor/lib/test/auto/BooleanMultiplexor.xml
----------------- Instantiating /home/travis/build/icyphy/ptII/ptolemy/actor/lib/test/auto/BooleanMultiplexor.xml
2 ms. Memory: 280576K Free: 215149K (77%)
----------------- Invoking toplevel() on ptolemy.moml.MoMLSimpleApplication@244525f
----------------- Done invoking toplevel() on ptolemy.moml.MoMLSimpleApplication@244525f
reloadAllAccessors: .BooleanMultiplexor

===========================================================================================
----------------- testing Thu Mar 05 07:14:23 UTC 2020 /home/travis/build/icyphy/ptII/ptolemy/actor/lib/test/auto/BooleanMultiplexor2.xml
----------------- Instantiating /home/travis/build/icyphy/ptII/ptolemy/actor/lib/test/auto/BooleanMultiplexor2.xml
11 ms. Memory: 280576K Free: 208491K (74%)
----------------- Invoking toplevel() on ptolemy.moml.MoMLSimpleApplication@6b32e456
----------------- Done invoking toplevel() on ptolemy.moml.MoMLSimpleApplication@6b32e456
reloadAllAccessors: .BooleanMultiplexor2

===========================================================================================
----------------- testing Thu Mar 05 07:14:23 UTC 2020 /home/travis/build/icyphy/ptII/ptolemy/actor/lib/test/auto/BooleanMultiplexor3.xml
----------------- Instantiating /home/travis/build/icyphy/ptII/ptolemy/actor/lib/test/auto/BooleanMultiplexor3.xml
4 ms. Memory: 280576K Free: 204909K (73%)
----------------- Invoking toplevel() on ptolemy.moml.MoMLSimpleApplication@1094dbed
----------------- Done invoking toplevel() on ptolemy.moml.MoMLSimpleApplication@1094dbed
reloadAllAccessors: .BooleanMultiplexor3

===========================================================================================
----------------- testing Thu Mar 05 07:14:23 UTC 2020 /home/travis/build/icyphy/ptII/ptolemy/actor/lib/test/auto/BooleanSelect.xml
----------------- Instantiating /home/travis/build/icyphy/ptII/ptolemy/actor/lib/test/auto/BooleanSelect.xml
10 ms. Memory: 280576K Free: 198765K (71%)
----------------- Invoking toplevel() on ptolemy.moml.MoMLSimpleApplication@734f1fe3
----------------- Done invoking toplevel() on ptolemy.moml.MoMLSimpleApplication@734f1fe3
reloadAllAccessors: .BooleanSelect

===========================================================================================
----------------- testing Thu Mar 05 07:14:23 UTC 2020 /home/travis/build/icyphy/ptII/ptolemy/actor/lib/test/auto/BooleanSelect2.xml
----------------- Instantiating /home/travis/build/icyphy/ptII/ptolemy/actor/lib/test/auto/BooleanSelect2.xml
1 ms. Memory: 280576K Free: 194669K (69%)
----------------- Invoking toplevel() on ptolemy.moml.MoMLSimpleApplication@3af28e66
----------------- Done invoking toplevel() on ptolemy.moml.MoMLSimpleApplication@3af28e66
reloadAllAccessors: .BooleanSelect2

===========================================================================================
----------------- testing Thu Mar 05 07:14:23 UTC 2020 /home/travis/build/icyphy/ptII/ptolemy/actor/lib/test/auto/BooleanSwitch.xml
----------------- Instantiating /home/travis/build/icyphy/ptII/ptolemy/actor/lib/test/auto/BooleanSwitch.xml
8 ms. Memory: 280576K Free: 188011K (67%)
----------------- Invoking toplevel() on ptolemy.moml.MoMLSimpleApplication@17481e19
----------------- Done invoking toplevel() on ptolemy.moml.MoMLSimpleApplication@17481e19
reloadAllAccessors: .BooleanSwitch

===========================================================================================
----------------- testing Thu Mar 05 07:14:23 UTC 2020 /home/travis/build/icyphy/ptII/ptolemy/actor/lib/test/auto/BooleanSwitch2.xml
----------------- Instantiating /home/travis/build/icyphy/ptII/ptolemy/actor/lib/test/auto/BooleanSwitch2.xml
1 ms. Memory: 280576K Free: 183901K (66%)
----------------- Invoking toplevel() on ptolemy.moml.MoMLSimpleApplication@3db35567
----------------- Done invoking toplevel() on ptolemy.moml.MoMLSimpleApplication@3db35567
reloadAllAccessors: .BooleanSwitch2

===========================================================================================
----------------- testing Thu Mar 05 07:14:23 UTC 2020 /home/travis/build/icyphy/ptII/ptolemy/actor/lib/test/auto/BooleanSwitchCloningBugWithClassRelationGroup.xml
----------------- Instantiating /home/travis/build/icyphy/ptII/ptolemy/actor/lib/test/auto/BooleanSwitchCloningBugWithClassRelationGroup.xml
4 ms. Memory: 280576K Free: 176747K (63%)
----------------- Invoking toplevel() on ptolemy.moml.MoMLSimpleApplication@2b77af83
----------------- Done invoking toplevel() on ptolemy.moml.MoMLSimpleApplication@2b77af83
reloadAllAccessors: .BooleanSwitchCloningBugWithClassRelationGroup

===========================================================================================
----------------- testing Thu Mar 05 07:14:23 UTC 2020 /home/travis/build/icyphy/ptII/ptolemy/actor/lib/test/auto/BusActors.xml
----------------- Instantiating /home/travis/build/icyphy/ptII/ptolemy/actor/lib/test/auto/BusActors.xml
4 ms. Memory: 280576K Free: 169069K (60%)
----------------- Invoking toplevel() on ptolemy.moml.MoMLSimpleApplication@16116107
----------------- Done invoking toplevel() on ptolemy.moml.MoMLSimpleApplication@16116107
reloadAllAccessors: .BusActors

===========================================================================================
----------------- testing Thu Mar 05 07:14:23 UTC 2020 /home/travis/build/icyphy/ptII/ptolemy/actor/lib/test/auto/ClassWrapper.xml
----------------- Instantiating /home/travis/build/icyphy/ptII/ptolemy/actor/lib/test/auto/ClassWrapper.xml
3 ms. Memory: 280576K Free: 164459K (59%)
----------------- Invoking toplevel() on ptolemy.moml.MoMLSimpleApplication@6f3445d
----------------- Done invoking toplevel() on ptolemy.moml.MoMLSimpleApplication@6f3445d
reloadAllAccessors: .ClassWrapper

===========================================================================================
----------------- testing Thu Mar 05 07:14:23 UTC 2020 /home/travis/build/icyphy/ptII/ptolemy/actor/lib/test/auto/Clock.xml
----------------- Instantiating /home/travis/build/icyphy/ptII/ptolemy/actor/lib/test/auto/Clock.xml
11 ms. Memory: 280576K Free: 160877K (57%)
----------------- Invoking toplevel() on ptolemy.moml.MoMLSimpleApplication@2234b2d2
----------------- Done invoking toplevel() on ptolemy.moml.MoMLSimpleApplication@2234b2d2
reloadAllAccessors: .Clock

===========================================================================================
----------------- testing Thu Mar 05 07:14:23 UTC 2020 /home/travis/build/icyphy/ptII/ptolemy/actor/lib/test/auto/Clock10.xml
----------------- Instantiating /home/travis/build/icyphy/ptII/ptolemy/actor/lib/test/auto/Clock10.xml
2 ms. Memory: 280576K Free: 154219K (55%)
----------------- Invoking toplevel() on ptolemy.moml.MoMLSimpleApplication@73fc13de
----------------- Done invoking toplevel() on ptolemy.moml.MoMLSimpleApplication@73fc13de
reloadAllAccessors: .Clock10

===========================================================================================
----------------- testing Thu Mar 05 07:14:23 UTC 2020 /home/travis/build/icyphy/ptII/ptolemy/actor/lib/test/auto/Clock11.xml
----------------- Instantiating /home/travis/build/icyphy/ptII/ptolemy/actor/lib/test/auto/Clock11.xml
2 ms. Memory: 280576K Free: 148589K (53%)
----------------- Invoking toplevel() on ptolemy.moml.MoMLSimpleApplication@1df6a068
----------------- Done invoking toplevel() on ptolemy.moml.MoMLSimpleApplication@1df6a068
reloadAllAccessors: .Clock11

===========================================================================================
----------------- testing Thu Mar 05 07:14:23 UTC 2020 /home/travis/build/icyphy/ptII/ptolemy/actor/lib/test/auto/Clock12.xml
----------------- Instantiating /home/travis/build/icyphy/ptII/ptolemy/actor/lib/test/auto/Clock12.xml
3 ms. Memory: 280576K Free: 142445K (51%)
----------------- Invoking toplevel() on ptolemy.moml.MoMLSimpleApplication@1479976
----------------- Done invoking toplevel() on ptolemy.moml.MoMLSimpleApplication@1479976
reloadAllAccessors: .Clock12

===========================================================================================
----------------- testing Thu Mar 05 07:14:23 UTC 2020 /home/travis/build/icyphy/ptII/ptolemy/actor/lib/test/auto/Clock13.xml
----------------- Instantiating /home/travis/build/icyphy/ptII/ptolemy/actor/lib/test/auto/Clock13.xml
4 ms. Memory: 280576K Free: 136780K (49%)
----------------- Invoking toplevel() on ptolemy.moml.MoMLSimpleApplication@7fddc416
----------------- Done invoking toplevel() on ptolemy.moml.MoMLSimpleApplication@7fddc416
reloadAllAccessors: .Clock13

===========================================================================================
----------------- testing Thu Mar 05 07:14:23 UTC 2020 /home/travis/build/icyphy/ptII/ptolemy/actor/lib/test/auto/Clock14.xml
----------------- Instantiating /home/travis/build/icyphy/ptII/ptolemy/actor/lib/test/auto/Clock14.xml
2 ms. Memory: 280576K Free: 130636K (47%)
----------------- Invoking toplevel() on ptolemy.moml.MoMLSimpleApplication@65025812
----------------- Done invoking toplevel() on ptolemy.moml.MoMLSimpleApplication@65025812
reloadAllAccessors: .Clock14

===========================================================================================
----------------- testing Thu Mar 05 07:14:23 UTC 2020 /home/travis/build/icyphy/ptII/ptolemy/actor/lib/test/auto/Clock15.xml
----------------- Instantiating /home/travis/build/icyphy/ptII/ptolemy/actor/lib/test/auto/Clock15.xml
5 ms. Memory: 280576K Free: 124509K (44%)
----------------- Invoking toplevel() on ptolemy.moml.MoMLSimpleApplication@206299c0
----------------- Done invoking toplevel() on ptolemy.moml.MoMLSimpleApplication@206299c0
reloadAllAccessors: .Clock15

===========================================================================================
----------------- testing Thu Mar 05 07:14:23 UTC 2020 /home/travis/build/icyphy/ptII/ptolemy/actor/lib/test/auto/Clock16.xml
----------------- Instantiating /home/travis/build/icyphy/ptII/ptolemy/actor/lib/test/auto/Clock16.xml
37 ms. Memory: 280576K Free: 110181K (39%)
----------------- Invoking toplevel() on ptolemy.moml.MoMLSimpleApplication@2c8c1173
----------------- Done invoking toplevel() on ptolemy.moml.MoMLSimpleApplication@2c8c1173
reloadAllAccessors: .Clock16

===========================================================================================
----------------- testing Thu Mar 05 07:14:23 UTC 2020 /home/travis/build/icyphy/ptII/ptolemy/actor/lib/test/auto/Clock17.xml
----------------- Instantiating /home/travis/build/icyphy/ptII/ptolemy/actor/lib/test/auto/Clock17.xml
22 ms. Memory: 280576K Free: 95837K (34%)
----------------- Invoking toplevel() on ptolemy.moml.MoMLSimpleApplication@7df876f8
----------------- Done invoking toplevel() on ptolemy.moml.MoMLSimpleApplication@7df876f8
reloadAllAccessors: .Clock17

===========================================================================================
----------------- testing Thu Mar 05 07:14:23 UTC 2020 /home/travis/build/icyphy/ptII/ptolemy/actor/lib/test/auto/Clock18.xml
----------------- Instantiating /home/travis/build/icyphy/ptII/ptolemy/actor/lib/test/auto/Clock18.xml
22 ms. Memory: 280576K Free: 82539K (29%)
----------------- Invoking toplevel() on ptolemy.moml.MoMLSimpleApplication@49653fad
----------------- Done invoking toplevel() on ptolemy.moml.MoMLSimpleApplication@49653fad
reloadAllAccessors: .Clock18

===========================================================================================
----------------- testing Thu Mar 05 07:14:23 UTC 2020 /home/travis/build/icyphy/ptII/ptolemy/actor/lib/test/auto/Clock19.xml
----------------- Instantiating /home/travis/build/icyphy/ptII/ptolemy/actor/lib/test/auto/Clock19.xml
11 ms. Memory: 280576K Free: 69227K (25%)
----------------- Invoking toplevel() on ptolemy.moml.MoMLSimpleApplication@6d867a00
----------------- Done invoking toplevel() on ptolemy.moml.MoMLSimpleApplication@6d867a00
reloadAllAccessors: .Clock19

===========================================================================================
----------------- testing Thu Mar 05 07:14:23 UTC 2020 /home/travis/build/icyphy/ptII/ptolemy/actor/lib/test/auto/Clock2.xml
----------------- Instantiating /home/travis/build/icyphy/ptII/ptolemy/actor/lib/test/auto/Clock2.xml
3 ms. Memory: 280576K Free: 230967K (82%)
----------------- Invoking toplevel() on ptolemy.moml.MoMLSimpleApplication@6765aebe
----------------- Done invoking toplevel() on ptolemy.moml.MoMLSimpleApplication@6765aebe
reloadAllAccessors: .Clock2

===========================================================================================
----------------- testing Thu Mar 05 07:14:23 UTC 2020 /home/travis/build/icyphy/ptII/ptolemy/actor/lib/test/auto/Clock20.xml
----------------- Instantiating /home/travis/build/icyphy/ptII/ptolemy/actor/lib/test/auto/Clock20.xml
4 ms. Memory: 280576K Free: 225337K (80%)
----------------- Invoking toplevel() on ptolemy.moml.MoMLSimpleApplication@7355aa1e
----------------- Done invoking toplevel() on ptolemy.moml.MoMLSimpleApplication@7355aa1e
reloadAllAccessors: .Clock20

===========================================================================================
----------------- testing Thu Mar 05 07:14:23 UTC 2020 /home/travis/build/icyphy/ptII/ptolemy/actor/lib/test/auto/Clock21.xml
----------------- Instantiating /home/travis/build/icyphy/ptII/ptolemy/actor/lib/test/auto/Clock21.xml
2 ms. Memory: 280576K Free: 219703K (78%)
----------------- Invoking toplevel() on ptolemy.moml.MoMLSimpleApplication@256a61b9
----------------- Done invoking toplevel() on ptolemy.moml.MoMLSimpleApplication@256a61b9
reloadAllAccessors: .Clock21

===========================================================================================
----------------- testing Thu Mar 05 07:14:23 UTC 2020 /home/travis/build/icyphy/ptII/ptolemy/actor/lib/test/auto/Clock22.xml
----------------- Instantiating /home/travis/build/icyphy/ptII/ptolemy/actor/lib/test/auto/Clock22.xml
1 ms. Memory: 280576K Free: 214583K (76%)
----------------- Invoking toplevel() on ptolemy.moml.MoMLSimpleApplication@d5b593b
----------------- Done invoking toplevel() on ptolemy.moml.MoMLSimpleApplication@d5b593b
reloadAllAccessors: .Clock22

===========================================================================================
----------------- testing Thu Mar 05 07:14:23 UTC 2020 /home/travis/build/icyphy/ptII/ptolemy/actor/lib/test/auto/Clock23.xml
----------------- Instantiating /home/travis/build/icyphy/ptII/ptolemy/actor/lib/test/auto/Clock23.xml
5 ms. Memory: 280576K Free: 208953K (74%)
----------------- Invoking toplevel() on ptolemy.moml.MoMLSimpleApplication@47f324d1
----------------- Done invoking toplevel() on ptolemy.moml.MoMLSimpleApplication@47f324d1
reloadAllAccessors: .Clock23

===========================================================================================
----------------- testing Thu Mar 05 07:14:23 UTC 2020 /home/travis/build/icyphy/ptII/ptolemy/actor/lib/test/auto/Clock24.xml
----------------- Instantiating /home/travis/build/icyphy/ptII/ptolemy/actor/lib/test/auto/Clock24.xml
6 ms. Memory: 280576K Free: 203833K (73%)
----------------- Invoking toplevel() on ptolemy.moml.MoMLSimpleApplication@6e274d7b
----------------- Done invoking toplevel() on ptolemy.moml.MoMLSimpleApplication@6e274d7b
reloadAllAccessors: .Clock24

===========================================================================================
----------------- testing Thu Mar 05 07:14:23 UTC 2020 /home/travis/build/icyphy/ptII/ptolemy/actor/lib/test/auto/Clock4.xml
----------------- Instantiating /home/travis/build/icyphy/ptII/ptolemy/actor/lib/test/auto/Clock4.xml
2 ms. Memory: 280576K Free: 198713K (71%)
----------------- Invoking toplevel() on ptolemy.moml.MoMLSimpleApplication@46842a44
----------------- Done invoking toplevel() on ptolemy.moml.MoMLSimpleApplication@46842a44
reloadAllAccessors: .Clock4

===========================================================================================
----------------- testing Thu Mar 05 07:14:23 UTC 2020 /home/travis/build/icyphy/ptII/ptolemy/actor/lib/test/auto/Clock5.xml
----------------- Instantiating /home/travis/build/icyphy/ptII/ptolemy/actor/lib/test/auto/Clock5.xml
2 ms. Memory: 280576K Free: 193072K (69%)
----------------- Invoking toplevel() on ptolemy.moml.MoMLSimpleApplication@16f5cb1d
----------------- Done invoking toplevel() on ptolemy.moml.MoMLSimpleApplication@16f5cb1d
reloadAllAccessors: .Clock5

===========================================================================================
----------------- testing Thu Mar 05 07:14:23 UTC 2020 /home/travis/build/icyphy/ptII/ptolemy/actor/lib/test/auto/Clock6.xml
----------------- Instantiating /home/travis/build/icyphy/ptII/ptolemy/actor/lib/test/auto/Clock6.xml
3 ms. Memory: 280576K Free: 188983K (67%)
----------------- Invoking toplevel() on ptolemy.moml.MoMLSimpleApplication@640b7bcf
----------------- Done invoking toplevel() on ptolemy.moml.MoMLSimpleApplication@640b7bcf
reloadAllAccessors: .Clock6

===========================================================================================
----------------- testing Thu Mar 05 07:14:23 UTC 2020 /home/travis/build/icyphy/ptII/ptolemy/actor/lib/test/auto/Clock7.xml
----------------- Instantiating /home/travis/build/icyphy/ptII/ptolemy/actor/lib/test/auto/Clock7.xml
2 ms. Memory: 280576K Free: 183863K (66%)
----------------- Invoking toplevel() on ptolemy.moml.MoMLSimpleApplication@4585ef50
----------------- Done invoking toplevel() on ptolemy.moml.MoMLSimpleApplication@4585ef50
reloadAllAccessors: .Clock7

===========================================================================================
----------------- testing Thu Mar 05 07:14:23 UTC 2020 /home/travis/build/icyphy/ptII/ptolemy/actor/lib/test/auto/Clock8.xml
----------------- Instantiating /home/travis/build/icyphy/ptII/ptolemy/actor/lib/test/auto/Clock8.xml
5 ms. Memory: 280576K Free: 178712K (64%)
----------------- Invoking toplevel() on ptolemy.moml.MoMLSimpleApplication@50c29758
----------------- Done invoking toplevel() on ptolemy.moml.MoMLSimpleApplication@50c29758
reloadAllAccessors: .Clock8

===========================================================================================
----------------- testing Thu Mar 05 07:14:23 UTC 2020 /home/travis/build/icyphy/ptII/ptolemy/actor/lib/test/auto/Clock9.xml
----------------- Instantiating /home/travis/build/icyphy/ptII/ptolemy/actor/lib/test/auto/Clock9.xml
6 ms. Memory: 280576K Free: 173113K (62%)
----------------- Invoking toplevel() on ptolemy.moml.MoMLSimpleApplication@64d525e4
----------------- Done invoking toplevel() on ptolemy.moml.MoMLSimpleApplication@64d525e4
reloadAllAccessors: .Clock9

===========================================================================================
----------------- testing Thu Mar 05 07:14:23 UTC 2020 /home/travis/build/icyphy/ptII/ptolemy/actor/lib/test/auto/CommDistDiscard.xml
----------------- Instantiating /home/travis/build/icyphy/ptII/ptolemy/actor/lib/test/auto/CommDistDiscard.xml
4 ms. Memory: 280576K Free: 167479K (60%)
----------------- Invoking toplevel() on ptolemy.moml.MoMLSimpleApplication@d62f711
----------------- Done invoking toplevel() on ptolemy.moml.MoMLSimpleApplication@d62f711
reloadAllAccessors: .CommDistDiscard

===========================================================================================
----------------- testing Thu Mar 05 07:14:24 UTC 2020 /home/travis/build/icyphy/ptII/ptolemy/actor/lib/test/auto/Commutator.xml
----------------- Instantiating /home/travis/build/icyphy/ptII/ptolemy/actor/lib/test/auto/Commutator.xml
2 ms. Memory: 280576K Free: 163383K (58%)
----------------- Invoking toplevel() on ptolemy.moml.MoMLSimpleApplication@7387c89e
----------------- Done invoking toplevel() on ptolemy.moml.MoMLSimpleApplication@7387c89e
reloadAllAccessors: .Commutator

===========================================================================================
----------------- testing Thu Mar 05 07:14:24 UTC 2020 /home/travis/build/icyphy/ptII/ptolemy/actor/lib/test/auto/Commutator2.xml
----------------- Instantiating /home/travis/build/icyphy/ptII/ptolemy/actor/lib/test/auto/Commutator2.xml
2 ms. Memory: 280576K Free: 158777K (57%)
----------------- Invoking toplevel() on ptolemy.moml.MoMLSimpleApplication@410d407d
----------------- Done invoking toplevel() on ptolemy.moml.MoMLSimpleApplication@410d407d
reloadAllAccessors: .Commutator2

===========================================================================================
----------------- testing Thu Mar 05 07:14:24 UTC 2020 /home/travis/build/icyphy/ptII/ptolemy/actor/lib/test/auto/Commutator3.xml
----------------- Instantiating /home/travis/build/icyphy/ptII/ptolemy/actor/lib/test/auto/Commutator3.xml
3 ms. Memory: 280576K Free: 154681K (55%)
----------------- Invoking toplevel() on ptolemy.moml.MoMLSimpleApplication@8f526c8
----------------- Done invoking toplevel() on ptolemy.moml.MoMLSimpleApplication@8f526c8
reloadAllAccessors: .Commutator3

===========================================================================================
----------------- testing Thu Mar 05 07:14:24 UTC 2020 /home/travis/build/icyphy/ptII/ptolemy/actor/lib/test/auto/Compare.xml
----------------- Instantiating /home/travis/build/icyphy/ptII/ptolemy/actor/lib/test/auto/Compare.xml
2 ms. Memory: 280576K Free: 148023K (53%)
----------------- Invoking toplevel() on ptolemy.moml.MoMLSimpleApplication@2c70eb52
----------------- Done invoking toplevel() on ptolemy.moml.MoMLSimpleApplication@2c70eb52
reloadAllAccessors: .Compare

===========================================================================================
----------------- testing Thu Mar 05 07:14:24 UTC 2020 /home/travis/build/icyphy/ptII/ptolemy/actor/lib/test/auto/CompareDE.xml
----------------- Instantiating /home/travis/build/icyphy/ptII/ptolemy/actor/lib/test/auto/CompareDE.xml
4 ms. Memory: 280576K Free: 140840K (50%)
----------------- Invoking toplevel() on ptolemy.moml.MoMLSimpleApplication@310d6ad4
----------------- Done invoking toplevel() on ptolemy.moml.MoMLSimpleApplication@310d6ad4
reloadAllAccessors: .CompareDE

===========================================================================================
----------------- testing Thu Mar 05 07:14:24 UTC 2020 /home/travis/build/icyphy/ptII/ptolemy/actor/lib/test/auto/ComplexDivide.xml
----------------- Instantiating /home/travis/build/icyphy/ptII/ptolemy/actor/lib/test/auto/ComplexDivide.xml
2 ms. Memory: 280576K Free: 137273K (49%)
----------------- Invoking toplevel() on ptolemy.moml.MoMLSimpleApplication@631e6df3
----------------- Done invoking toplevel() on ptolemy.moml.MoMLSimpleApplication@631e6df3
reloadAllAccessors: .ComplexDivide

===========================================================================================
----------------- testing Thu Mar 05 07:14:24 UTC 2020 /home/travis/build/icyphy/ptII/ptolemy/actor/lib/test/auto/ComputeHistogram.xml
----------------- Instantiating /home/travis/build/icyphy/ptII/ptolemy/actor/lib/test/auto/ComputeHistogram.xml
32 ms. Memory: 280576K Free: 124471K (44%)
----------------- Invoking toplevel() on ptolemy.moml.MoMLSimpleApplication@1d270c51
----------------- Done invoking toplevel() on ptolemy.moml.MoMLSimpleApplication@1d270c51
reloadAllAccessors: .ComputeHistogram

===========================================================================================
----------------- testing Thu Mar 05 07:14:24 UTC 2020 /home/travis/build/icyphy/ptII/ptolemy/actor/lib/test/auto/ConfigurationSelect.xml
----------------- Instantiating /home/travis/build/icyphy/ptII/ptolemy/actor/lib/test/auto/ConfigurationSelect.xml
9 ms. Memory: 280576K Free: 119344K (43%)
----------------- Invoking toplevel() on ptolemy.moml.MoMLSimpleApplication@79da2c4a
----------------- Done invoking toplevel() on ptolemy.moml.MoMLSimpleApplication@79da2c4a
reloadAllAccessors: .ConfigurationSelect

===========================================================================================
----------------- testing Thu Mar 05 07:14:24 UTC 2020 /home/travis/build/icyphy/ptII/ptolemy/actor/lib/test/auto/ConfigurationSelect2.xml
----------------- Instantiating /home/travis/build/icyphy/ptII/ptolemy/actor/lib/test/auto/ConfigurationSelect2.xml
2 ms. Memory: 280576K Free: 114745K (41%)
----------------- Invoking toplevel() on ptolemy.moml.MoMLSimpleApplication@e27b24c
----------------- Done invoking toplevel() on ptolemy.moml.MoMLSimpleApplication@e27b24c
reloadAllAccessors: .ConfigurationSelect2

===========================================================================================
----------------- testing Thu Mar 05 07:14:24 UTC 2020 /home/travis/build/icyphy/ptII/ptolemy/actor/lib/test/auto/ConfigurationSwitch.xml
----------------- Instantiating /home/travis/build/icyphy/ptII/ptolemy/actor/lib/test/auto/ConfigurationSwitch.xml
2 ms. Memory: 280576K Free: 109111K (39%)
----------------- Invoking toplevel() on ptolemy.moml.MoMLSimpleApplication@155956a5
----------------- Done invoking toplevel() on ptolemy.moml.MoMLSimpleApplication@155956a5
reloadAllAccessors: .ConfigurationSwitch

===========================================================================================
----------------- testing Thu Mar 05 07:14:24 UTC 2020 /home/travis/build/icyphy/ptII/ptolemy/actor/lib/test/auto/ConfigurationSwitch2.xml
----------------- Instantiating /home/travis/build/icyphy/ptII/ptolemy/actor/lib/test/auto/ConfigurationSwitch2.xml
3 ms. Memory: 280576K Free: 103991K (37%)
----------------- Invoking toplevel() on ptolemy.moml.MoMLSimpleApplication@53516454
----------------- Done invoking toplevel() on ptolemy.moml.MoMLSimpleApplication@53516454
reloadAllAccessors: .ConfigurationSwitch2

===========================================================================================
----------------- testing Thu Mar 05 07:14:24 UTC 2020 /home/travis/build/icyphy/ptII/ptolemy/actor/lib/test/auto/ConfigurationSwitchCloningBugWithClassRelationGroup.xml
----------------- Instantiating /home/travis/build/icyphy/ptII/ptolemy/actor/lib/test/auto/ConfigurationSwitchCloningBugWithClassRelationGroup.xml
1 ms. Memory: 280576K Free: 97337K (35%)
----------------- Invoking toplevel() on ptolemy.moml.MoMLSimpleApplication@29d86580
----------------- Done invoking toplevel() on ptolemy.moml.MoMLSimpleApplication@29d86580
reloadAllAccessors: .ConfigurationSwitchCloningBugWithClassRelationGroup

===========================================================================================
----------------- testing Thu Mar 05 07:14:24 UTC 2020 /home/travis/build/icyphy/ptII/ptolemy/actor/lib/test/auto/ConfigurationSwitchSelectSDF.xml
----------------- Instantiating /home/travis/build/icyphy/ptII/ptolemy/actor/lib/test/auto/ConfigurationSwitchSelectSDF.xml
5 ms. Memory: 280576K Free: 91193K (33%)
----------------- Invoking toplevel() on ptolemy.moml.MoMLSimpleApplication@2619cd7a
----------------- Done invoking toplevel() on ptolemy.moml.MoMLSimpleApplication@2619cd7a
reloadAllAccessors: .ConfigurationSwitchSelectSDF

===========================================================================================
----------------- testing Thu Mar 05 07:14:24 UTC 2020 /home/travis/build/icyphy/ptII/ptolemy/actor/lib/test/auto/ConfigurationSwitchSelectSDF2.xml
----------------- Instantiating /home/travis/build/icyphy/ptII/ptolemy/actor/lib/test/auto/ConfigurationSwitchSelectSDF2.xml
6 ms. Memory: 280576K Free: 85559K (30%)
----------------- Invoking toplevel() on ptolemy.moml.MoMLSimpleApplication@1f967ad3
----------------- Done invoking toplevel() on ptolemy.moml.MoMLSimpleApplication@1f967ad3
reloadAllAccessors: .ConfigurationSwitchSelectSDF2

===========================================================================================
----------------- testing Thu Mar 05 07:14:24 UTC 2020 /home/travis/build/icyphy/ptII/ptolemy/actor/lib/test/auto/Const.xml
----------------- Instantiating /home/travis/build/icyphy/ptII/ptolemy/actor/lib/test/auto/Const.xml
1 ms. Memory: 280576K Free: 81977K (29%)
----------------- Invoking toplevel() on ptolemy.moml.MoMLSimpleApplication@49ca245e
----------------- Done invoking toplevel() on ptolemy.moml.MoMLSimpleApplication@49ca245e
reloadAllAccessors: .Const

===========================================================================================
----------------- testing Thu Mar 05 07:14:24 UTC 2020 /home/travis/build/icyphy/ptII/ptolemy/actor/lib/test/auto/Const2.xml
----------------- Instantiating /home/travis/build/icyphy/ptII/ptolemy/actor/lib/test/auto/Const2.xml
1 ms. Memory: 280576K Free: 78391K (28%)
----------------- Invoking toplevel() on ptolemy.moml.MoMLSimpleApplication@55f1c584
----------------- Done invoking toplevel() on ptolemy.moml.MoMLSimpleApplication@55f1c584
reloadAllAccessors: .Const2

===========================================================================================
----------------- testing Thu Mar 05 07:14:24 UTC 2020 /home/travis/build/icyphy/ptII/ptolemy/actor/lib/test/auto/Const3.xml
----------------- Instantiating /home/travis/build/icyphy/ptII/ptolemy/actor/lib/test/auto/Const3.xml
1 ms. Memory: 280576K Free: 75319K (27%)
----------------- Invoking toplevel() on ptolemy.moml.MoMLSimpleApplication@2f83ece
----------------- Done invoking toplevel() on ptolemy.moml.MoMLSimpleApplication@2f83ece
reloadAllAccessors: .Const3

===========================================================================================
----------------- testing Thu Mar 05 07:14:24 UTC 2020 /home/travis/build/icyphy/ptII/ptolemy/actor/lib/test/auto/ConstantPublisherPort1.xml
----------------- Instantiating /home/travis/build/icyphy/ptII/ptolemy/actor/lib/test/auto/ConstantPublisherPort1.xml
17 ms. Memory: 555008K Free: 506303K (91%)
----------------- Invoking toplevel() on ptolemy.moml.MoMLSimpleApplication@3be366d7
----------------- Done invoking toplevel() on ptolemy.moml.MoMLSimpleApplication@3be366d7
reloadAllAccessors: .ConstantPublisherPort1

===========================================================================================
----------------- testing Thu Mar 05 07:14:24 UTC 2020 /home/travis/build/icyphy/ptII/ptolemy/actor/lib/test/auto/ConstantPublisherPort2.xml
----------------- Instantiating /home/travis/build/icyphy/ptII/ptolemy/actor/lib/test/auto/ConstantPublisherPort2.xml
9 ms. Memory: 555008K Free: 497536K (90%)
----------------- Invoking toplevel() on ptolemy.moml.MoMLSimpleApplication@683dad32
----------------- Done invoking toplevel() on ptolemy.moml.MoMLSimpleApplication@683dad32
reloadAllAccessors: .ConstantPublisherPort2

===========================================================================================
----------------- testing Thu Mar 05 07:14:24 UTC 2020 /home/travis/build/icyphy/ptII/ptolemy/actor/lib/test/auto/ConstantPublisherPort3.xml
----------------- Instantiating /home/travis/build/icyphy/ptII/ptolemy/actor/lib/test/auto/ConstantPublisherPort3.xml
6 ms. Memory: 555008K Free: 489854K (88%)
----------------- Invoking toplevel() on ptolemy.moml.MoMLSimpleApplication@7c90a7f5
----------------- Done invoking toplevel() on ptolemy.moml.MoMLSimpleApplication@7c90a7f5
reloadAllAccessors: .ConstantPublisherPort3

===========================================================================================
----------------- testing Thu Mar 05 07:14:24 UTC 2020 /home/travis/build/icyphy/ptII/ptolemy/actor/lib/test/auto/ConstantPublisherPort4.xml
----------------- Instantiating /home/travis/build/icyphy/ptII/ptolemy/actor/lib/test/auto/ConstantPublisherPort4.xml
2 ms. Memory: 555008K Free: 483200K (87%)
----------------- Invoking toplevel() on ptolemy.moml.MoMLSimpleApplication@4b035e00
----------------- Done invoking toplevel() on ptolemy.moml.MoMLSimpleApplication@4b035e00
reloadAllAccessors: .ConstantPublisherPort4

===========================================================================================
----------------- testing Thu Mar 05 07:14:24 UTC 2020 /home/travis/build/icyphy/ptII/ptolemy/actor/lib/test/auto/ConstantPublisherPort5.xml
----------------- Instantiating /home/travis/build/icyphy/ptII/ptolemy/actor/lib/test/auto/ConstantPublisherPort5.xml
34 ms. Memory: 555008K Free: 473470K (85%)
----------------- Invoking toplevel() on ptolemy.moml.MoMLSimpleApplication@1c0388f6
----------------- Done invoking toplevel() on ptolemy.moml.MoMLSimpleApplication@1c0388f6
reloadAllAccessors: .ConstantPublisherPort5

===========================================================================================
----------------- testing Thu Mar 05 07:14:24 UTC 2020 /home/travis/build/icyphy/ptII/ptolemy/actor/lib/test/auto/ConstantPublisherPort6.xml
----------------- Instantiating /home/travis/build/icyphy/ptII/ptolemy/actor/lib/test/auto/ConstantPublisherPort6.xml
19 ms. Memory: 555008K Free: 463744K (84%)
----------------- Invoking toplevel() on ptolemy.moml.MoMLSimpleApplication@5b16535b
----------------- Done invoking toplevel() on ptolemy.moml.MoMLSimpleApplication@5b16535b
reloadAllAccessors: .ConstantPublisherPort6

===========================================================================================
----------------- testing Thu Mar 05 07:14:24 UTC 2020 /home/travis/build/icyphy/ptII/ptolemy/actor/lib/test/auto/ConstantPublisherPort7.xml
----------------- Instantiating /home/travis/build/icyphy/ptII/ptolemy/actor/lib/test/auto/ConstantPublisherPort7.xml
14 ms. Memory: 555008K Free: 455038K (82%)
----------------- Invoking toplevel() on ptolemy.moml.MoMLSimpleApplication@34edaa25
----------------- Done invoking toplevel() on ptolemy.moml.MoMLSimpleApplication@34edaa25
reloadAllAccessors: .ConstantPublisherPort7

===========================================================================================
----------------- testing Thu Mar 05 07:14:24 UTC 2020 /home/travis/build/icyphy/ptII/ptolemy/actor/lib/test/auto/ConstraintMonitor1.xml
----------------- Instantiating /home/travis/build/icyphy/ptII/ptolemy/actor/lib/test/auto/ConstraintMonitor1.xml
6 ms. Memory: 555008K Free: 449918K (81%)
----------------- Invoking toplevel() on ptolemy.moml.MoMLSimpleApplication@6d058b25
----------------- Done invoking toplevel() on ptolemy.moml.MoMLSimpleApplication@6d058b25
reloadAllAccessors: .ConstraintMonitor1

===========================================================================================
----------------- testing Thu Mar 05 07:14:24 UTC 2020 /home/travis/build/icyphy/ptII/ptolemy/actor/lib/test/auto/ConstraintMonitor2.xml
----------------- Instantiating /home/travis/build/icyphy/ptII/ptolemy/actor/lib/test/auto/ConstraintMonitor2.xml
6 ms. Memory: 555008K Free: 444798K (80%)
----------------- Invoking toplevel() on ptolemy.moml.MoMLSimpleApplication@78a4bc3e
----------------- Done invoking toplevel() on ptolemy.moml.MoMLSimpleApplication@78a4bc3e
reloadAllAccessors: .ConstraintMonitor2

===========================================================================================
----------------- testing Thu Mar 05 07:14:24 UTC 2020 /home/travis/build/icyphy/ptII/ptolemy/actor/lib/test/auto/ConstraintMonitor3.xml
----------------- Instantiating /home/travis/build/icyphy/ptII/ptolemy/actor/lib/test/auto/ConstraintMonitor3.xml
3 ms. Memory: 555008K Free: 440702K (79%)
----------------- Invoking toplevel() on ptolemy.moml.MoMLSimpleApplication@4cc38bfc
----------------- Done invoking toplevel() on ptolemy.moml.MoMLSimpleApplication@4cc38bfc
reloadAllAccessors: .ConstraintMonitor3

===========================================================================================
----------------- testing Thu Mar 05 07:14:24 UTC 2020 /home/travis/build/icyphy/ptII/ptolemy/actor/lib/test/auto/ConstraintMonitor4.xml
----------------- Instantiating /home/travis/build/icyphy/ptII/ptolemy/actor/lib/test/auto/ConstraintMonitor4.xml
4 ms. Memory: 555008K Free: 435582K (78%)
----------------- Invoking toplevel() on ptolemy.moml.MoMLSimpleApplication@13366494
----------------- Done invoking toplevel() on ptolemy.moml.MoMLSimpleApplication@13366494
reloadAllAccessors: .ConstraintMonitor4

===========================================================================================
----------------- testing Thu Mar 05 07:14:24 UTC 2020 /home/travis/build/icyphy/ptII/ptolemy/actor/lib/test/auto/ConstraintMonitor5.xml
----------------- Instantiating /home/travis/build/icyphy/ptII/ptolemy/actor/lib/test/auto/ConstraintMonitor5.xml
7 ms. Memory: 555008K Free: 429952K (77%)
----------------- Invoking toplevel() on ptolemy.moml.MoMLSimpleApplication@6acd1f2c
----------------- Done invoking toplevel() on ptolemy.moml.MoMLSimpleApplication@6acd1f2c
reloadAllAccessors: .ConstraintMonitor5

===========================================================================================
----------------- testing Thu Mar 05 07:14:24 UTC 2020 /home/travis/build/icyphy/ptII/ptolemy/actor/lib/test/auto/ConstraintMonitor6.xml
----------------- Instantiating /home/travis/build/icyphy/ptII/ptolemy/actor/lib/test/auto/ConstraintMonitor6.xml
3 ms. Memory: 555008K Free: 424304K (76%)
----------------- Invoking toplevel() on ptolemy.moml.MoMLSimpleApplication@4ebf6ee
----------------- Done invoking toplevel() on ptolemy.moml.MoMLSimpleApplication@4ebf6ee
reloadAllAccessors: .ConstraintMonitor6

===========================================================================================
----------------- testing Thu Mar 05 07:14:24 UTC 2020 /home/travis/build/icyphy/ptII/ptolemy/actor/lib/test/auto/ConstraintMonitor7.xml
----------------- Instantiating /home/travis/build/icyphy/ptII/ptolemy/actor/lib/test/auto/ConstraintMonitor7.xml
3 ms. Memory: 555008K Free: 417664K (75%)
----------------- Invoking toplevel() on ptolemy.moml.MoMLSimpleApplication@63a57328
----------------- Done invoking toplevel() on ptolemy.moml.MoMLSimpleApplication@63a57328
reloadAllAccessors: .ConstraintMonitor7

===========================================================================================
----------------- testing Thu Mar 05 07:14:24 UTC 2020 /home/travis/build/icyphy/ptII/ptolemy/actor/lib/test/auto/ConstraintMonitor8.xml
----------------- Instantiating /home/travis/build/icyphy/ptII/ptolemy/actor/lib/test/auto/ConstraintMonitor8.xml
3 ms. Memory: 555008K Free: 409976K (74%)
----------------- Invoking toplevel() on ptolemy.moml.MoMLSimpleApplication@207815e4
----------------- Done invoking toplevel() on ptolemy.moml.MoMLSimpleApplication@207815e4
reloadAllAccessors: .ConstraintMonitor8

===========================================================================================
----------------- testing Thu Mar 05 07:14:24 UTC 2020 /home/travis/build/icyphy/ptII/ptolemy/actor/lib/test/auto/Counter.xml
----------------- Instantiating /home/travis/build/icyphy/ptII/ptolemy/actor/lib/test/auto/Counter.xml
2 ms. Memory: 555008K Free: 405376K (73%)
----------------- Invoking toplevel() on ptolemy.moml.MoMLSimpleApplication@14ef6c65
----------------- Done invoking toplevel() on ptolemy.moml.MoMLSimpleApplication@14ef6c65
reloadAllAccessors: .Counter

===========================================================================================
----------------- testing Thu Mar 05 07:14:24 UTC 2020 /home/travis/build/icyphy/ptII/ptolemy/actor/lib/test/auto/CurrentTimeSDF.xml
----------------- Instantiating /home/travis/build/icyphy/ptII/ptolemy/actor/lib/test/auto/CurrentTimeSDF.xml
2 ms. Memory: 555008K Free: 401280K (72%)
----------------- Invoking toplevel() on ptolemy.moml.MoMLSimpleApplication@50066233
----------------- Done invoking toplevel() on ptolemy.moml.MoMLSimpleApplication@50066233
reloadAllAccessors: .CurrentTimeSDF

===========================================================================================
----------------- testing Thu Mar 05 07:14:24 UTC 2020 /home/travis/build/icyphy/ptII/ptolemy/actor/lib/test/auto/DB.xml
----------------- Instantiating /home/travis/build/icyphy/ptII/ptolemy/actor/lib/test/auto/DB.xml
2 ms. Memory: 555008K Free: 396160K (71%)
----------------- Invoking toplevel() on ptolemy.moml.MoMLSimpleApplication@3359e601
----------------- Done invoking toplevel() on ptolemy.moml.MoMLSimpleApplication@3359e601
reloadAllAccessors: .DB

===========================================================================================
----------------- testing Thu Mar 05 07:14:24 UTC 2020 /home/travis/build/icyphy/ptII/ptolemy/actor/lib/test/auto/DBDE.xml
----------------- Instantiating /home/travis/build/icyphy/ptII/ptolemy/actor/lib/test/auto/DBDE.xml
3 ms. Memory: 555008K Free: 390016K (70%)
----------------- Invoking toplevel() on ptolemy.moml.MoMLSimpleApplication@56bb42dd
----------------- Done invoking toplevel() on ptolemy.moml.MoMLSimpleApplication@56bb42dd
reloadAllAccessors: .DBDE

===========================================================================================
----------------- testing Thu Mar 05 07:14:24 UTC 2020 /home/travis/build/icyphy/ptII/ptolemy/actor/lib/test/auto/DateConstructor.xml
----------------- Instantiating /home/travis/build/icyphy/ptII/ptolemy/actor/lib/test/auto/DateConstructor.xml
33 ms. Memory: 555008K Free: 372094K (67%)
----------------- Invoking toplevel() on ptolemy.moml.MoMLSimpleApplication@1083cade
----------------- Done invoking toplevel() on ptolemy.moml.MoMLSimpleApplication@1083cade
reloadAllAccessors: .DateConstructor

===========================================================================================
----------------- testing Thu Mar 05 07:14:25 UTC 2020 /home/travis/build/icyphy/ptII/ptolemy/actor/lib/test/auto/DelayTime.xml
----------------- Instantiating /home/travis/build/icyphy/ptII/ptolemy/actor/lib/test/auto/DelayTime.xml
6 ms. Memory: 555008K Free: 366974K (66%)
----------------- Invoking toplevel() on ptolemy.moml.MoMLSimpleApplication@75704890
----------------- Done invoking toplevel() on ptolemy.moml.MoMLSimpleApplication@75704890
reloadAllAccessors: .DelayTime

===========================================================================================
----------------- testing Thu Mar 05 07:14:25 UTC 2020 /home/travis/build/icyphy/ptII/ptolemy/actor/lib/test/auto/Dictionary1.xml
----------------- Instantiating /home/travis/build/icyphy/ptII/ptolemy/actor/lib/test/auto/Dictionary1.xml
2 ms. Memory: 555008K Free: 361344K (65%)
----------------- Invoking toplevel() on ptolemy.moml.MoMLSimpleApplication@40a4d489
----------------- Done invoking toplevel() on ptolemy.moml.MoMLSimpleApplication@40a4d489
reloadAllAccessors: .Dictionary1

===========================================================================================
----------------- testing Thu Mar 05 07:14:25 UTC 2020 /home/travis/build/icyphy/ptII/ptolemy/actor/lib/test/auto/Dictionary2.xml
----------------- Instantiating /home/travis/build/icyphy/ptII/ptolemy/actor/lib/test/auto/Dictionary2.xml
2 ms. Memory: 555008K Free: 356224K (64%)
----------------- Invoking toplevel() on ptolemy.moml.MoMLSimpleApplication@7680b7e6
----------------- Done invoking toplevel() on ptolemy.moml.MoMLSimpleApplication@7680b7e6
reloadAllAccessors: .Dictionary2

===========================================================================================
----------------- testing Thu Mar 05 07:14:25 UTC 2020 /home/travis/build/icyphy/ptII/ptolemy/actor/lib/test/auto/Dictionary3.xml
----------------- Instantiating /home/travis/build/icyphy/ptII/ptolemy/actor/lib/test/auto/Dictionary3.xml
2 ms. Memory: 555008K Free: 350590K (63%)
----------------- Invoking toplevel() on ptolemy.moml.MoMLSimpleApplication@7603664b
----------------- Done invoking toplevel() on ptolemy.moml.MoMLSimpleApplication@7603664b
reloadAllAccessors: .Dictionary3

===========================================================================================
----------------- testing Thu Mar 05 07:14:25 UTC 2020 /home/travis/build/icyphy/ptII/ptolemy/actor/lib/test/auto/Dictionary4.xml
----------------- Instantiating /home/travis/build/icyphy/ptII/ptolemy/actor/lib/test/auto/Dictionary4.xml
3 ms. Memory: 555008K Free: 343422K (62%)
----------------- Invoking toplevel() on ptolemy.moml.MoMLSimpleApplication@48764fc9
----------------- Done invoking toplevel() on ptolemy.moml.MoMLSimpleApplication@48764fc9
reloadAllAccessors: .Dictionary4

===========================================================================================
----------------- testing Thu Mar 05 07:14:25 UTC 2020 /home/travis/build/icyphy/ptII/ptolemy/actor/lib/test/auto/Differential.xml
----------------- Instantiating /home/travis/build/icyphy/ptII/ptolemy/actor/lib/test/auto/Differential.xml
2 ms. Memory: 555008K Free: 339326K (61%)
----------------- Invoking toplevel() on ptolemy.moml.MoMLSimpleApplication@5ce6e994
----------------- Done invoking toplevel() on ptolemy.moml.MoMLSimpleApplication@5ce6e994
reloadAllAccessors: .Differential

===========================================================================================
----------------- testing Thu Mar 05 07:14:25 UTC 2020 /home/travis/build/icyphy/ptII/ptolemy/actor/lib/test/auto/Director.xml
----------------- Instantiating /home/travis/build/icyphy/ptII/ptolemy/actor/lib/test/auto/Director.xml
2 ms. Memory: 555008K Free: 335744K (60%)
----------------- Invoking toplevel() on ptolemy.moml.MoMLSimpleApplication@48694d64
----------------- Done invoking toplevel() on ptolemy.moml.MoMLSimpleApplication@48694d64
reloadAllAccessors: .Director

===========================================================================================
----------------- testing Thu Mar 05 07:14:25 UTC 2020 /home/travis/build/icyphy/ptII/ptolemy/actor/lib/test/auto/DiscreteClock.xml
----------------- Instantiating /home/travis/build/icyphy/ptII/ptolemy/actor/lib/test/auto/DiscreteClock.xml
2 ms. Memory: 555008K Free: 331648K (60%)
----------------- Invoking toplevel() on ptolemy.moml.MoMLSimpleApplication@37a91122
----------------- Done invoking toplevel() on ptolemy.moml.MoMLSimpleApplication@37a91122
reloadAllAccessors: .DiscreteClock

===========================================================================================
----------------- testing Thu Mar 05 07:14:25 UTC 2020 /home/travis/build/icyphy/ptII/ptolemy/actor/lib/test/auto/DiscreteClock10.xml
----------------- Instantiating /home/travis/build/icyphy/ptII/ptolemy/actor/lib/test/auto/DiscreteClock10.xml
2 ms. Memory: 555008K Free: 326014K (59%)
----------------- Invoking toplevel() on ptolemy.moml.MoMLSimpleApplication@1bc2d853
----------------- Done invoking toplevel() on ptolemy.moml.MoMLSimpleApplication@1bc2d853
reloadAllAccessors: .DiscreteClock10

===========================================================================================
----------------- testing Thu Mar 05 07:14:25 UTC 2020 /home/travis/build/icyphy/ptII/ptolemy/actor/lib/test/auto/DiscreteClock11.xml
----------------- Instantiating /home/travis/build/icyphy/ptII/ptolemy/actor/lib/test/auto/DiscreteClock11.xml
2 ms. Memory: 555008K Free: 319870K (58%)
----------------- Invoking toplevel() on ptolemy.moml.MoMLSimpleApplication@1c537c6a
----------------- Done invoking toplevel() on ptolemy.moml.MoMLSimpleApplication@1c537c6a
reloadAllAccessors: .DiscreteClock11

===========================================================================================
----------------- testing Thu Mar 05 07:14:25 UTC 2020 /home/travis/build/icyphy/ptII/ptolemy/actor/lib/test/auto/DiscreteClock12.xml
----------------- Instantiating /home/travis/build/icyphy/ptII/ptolemy/actor/lib/test/auto/DiscreteClock12.xml
3 ms. Memory: 555008K Free: 313726K (57%)
----------------- Invoking toplevel() on ptolemy.moml.MoMLSimpleApplication@5e91b377
----------------- Done invoking toplevel() on ptolemy.moml.MoMLSimpleApplication@5e91b377
reloadAllAccessors: .DiscreteClock12

===========================================================================================
----------------- testing Thu Mar 05 07:14:25 UTC 2020 /home/travis/build/icyphy/ptII/ptolemy/actor/lib/test/auto/DiscreteClock13.xml
----------------- Instantiating /home/travis/build/icyphy/ptII/ptolemy/actor/lib/test/auto/DiscreteClock13.xml
5 ms. Memory: 555008K Free: 307552K (55%)
----------------- Invoking toplevel() on ptolemy.moml.MoMLSimpleApplication@660817d1
----------------- Done invoking toplevel() on ptolemy.moml.MoMLSimpleApplication@660817d1
reloadAllAccessors: .DiscreteClock13

===========================================================================================
----------------- testing Thu Mar 05 07:14:25 UTC 2020 /home/travis/build/icyphy/ptII/ptolemy/actor/lib/test/auto/DiscreteClock14.xml
----------------- Instantiating /home/travis/build/icyphy/ptII/ptolemy/actor/lib/test/auto/DiscreteClock14.xml
5 ms. Memory: 555008K Free: 301952K (54%)
----------------- Invoking toplevel() on ptolemy.moml.MoMLSimpleApplication@243b389a
----------------- Done invoking toplevel() on ptolemy.moml.MoMLSimpleApplication@243b389a
reloadAllAccessors: .DiscreteClock14

===========================================================================================
----------------- testing Thu Mar 05 07:14:25 UTC 2020 /home/travis/build/icyphy/ptII/ptolemy/actor/lib/test/auto/DiscreteClock15.xml
----------------- Instantiating /home/travis/build/icyphy/ptII/ptolemy/actor/lib/test/auto/DiscreteClock15.xml
5 ms. Memory: 555008K Free: 295808K (53%)
----------------- Invoking toplevel() on ptolemy.moml.MoMLSimpleApplication@4e0a0390
----------------- Done invoking toplevel() on ptolemy.moml.MoMLSimpleApplication@4e0a0390
reloadAllAccessors: .DiscreteClock15

===========================================================================================
----------------- testing Thu Mar 05 07:14:25 UTC 2020 /home/travis/build/icyphy/ptII/ptolemy/actor/lib/test/auto/DiscreteClock16.xml
----------------- Instantiating /home/travis/build/icyphy/ptII/ptolemy/actor/lib/test/auto/DiscreteClock16.xml
14 ms. Memory: 555008K Free: 281968K (51%)
----------------- Invoking toplevel() on ptolemy.moml.MoMLSimpleApplication@4ba220a6
----------------- Done invoking toplevel() on ptolemy.moml.MoMLSimpleApplication@4ba220a6
reloadAllAccessors: .DiscreteClock16

===========================================================================================
----------------- testing Thu Mar 05 07:14:25 UTC 2020 /home/travis/build/icyphy/ptII/ptolemy/actor/lib/test/auto/DiscreteClock17.xml
----------------- Instantiating /home/travis/build/icyphy/ptII/ptolemy/actor/lib/test/auto/DiscreteClock17.xml
18 ms. Memory: 555008K Free: 267646K (48%)
----------------- Invoking toplevel() on ptolemy.moml.MoMLSimpleApplication@4aa97a98
----------------- Done invoking toplevel() on ptolemy.moml.MoMLSimpleApplication@4aa97a98
reloadAllAccessors: .DiscreteClock17

===========================================================================================
----------------- testing Thu Mar 05 07:14:25 UTC 2020 /home/travis/build/icyphy/ptII/ptolemy/actor/lib/test/auto/DiscreteClock18.xml
----------------- Instantiating /home/travis/build/icyphy/ptII/ptolemy/actor/lib/test/auto/DiscreteClock18.xml
14 ms. Memory: 555008K Free: 253824K (46%)
----------------- Invoking toplevel() on ptolemy.moml.MoMLSimpleApplication@503d2924
----------------- Done invoking toplevel() on ptolemy.moml.MoMLSimpleApplication@503d2924
reloadAllAccessors: .DiscreteClock18

===========================================================================================
----------------- testing Thu Mar 05 07:14:25 UTC 2020 /home/travis/build/icyphy/ptII/ptolemy/actor/lib/test/auto/DiscreteClock19.xml
----------------- Instantiating /home/travis/build/icyphy/ptII/ptolemy/actor/lib/test/auto/DiscreteClock19.xml
28 ms. Memory: 555008K Free: 239998K (43%)
----------------- Invoking toplevel() on ptolemy.moml.MoMLSimpleApplication@78c565a0
----------------- Done invoking toplevel() on ptolemy.moml.MoMLSimpleApplication@78c565a0
reloadAllAccessors: .DiscreteClock19

===========================================================================================
----------------- testing Thu Mar 05 07:14:25 UTC 2020 /home/travis/build/icyphy/ptII/ptolemy/actor/lib/test/auto/DiscreteClock2.xml
----------------- Instantiating /home/travis/build/icyphy/ptII/ptolemy/actor/lib/test/auto/DiscreteClock2.xml
4 ms. Memory: 555008K Free: 234864K (42%)
----------------- Invoking toplevel() on ptolemy.moml.MoMLSimpleApplication@13330fc8
----------------- Done invoking toplevel() on ptolemy.moml.MoMLSimpleApplication@13330fc8
reloadAllAccessors: .DiscreteClock2

===========================================================================================
----------------- testing Thu Mar 05 07:14:25 UTC 2020 /home/travis/build/icyphy/ptII/ptolemy/actor/lib/test/auto/DiscreteClock20.xml
----------------- Instantiating /home/travis/build/icyphy/ptII/ptolemy/actor/lib/test/auto/DiscreteClock20.xml
15 ms. Memory: 555008K Free: 502966K (91%)
----------------- Invoking toplevel() on ptolemy.moml.MoMLSimpleApplication@2a7a641b
----------------- Done invoking toplevel() on ptolemy.moml.MoMLSimpleApplication@2a7a641b
reloadAllAccessors: .DiscreteClock20

===========================================================================================
----------------- testing Thu Mar 05 07:14:25 UTC 2020 /home/travis/build/icyphy/ptII/ptolemy/actor/lib/test/auto/DiscreteClock21.xml
----------------- Instantiating /home/travis/build/icyphy/ptII/ptolemy/actor/lib/test/auto/DiscreteClock21.xml
5 ms. Memory: 555008K Free: 497353K (90%)
----------------- Invoking toplevel() on ptolemy.moml.MoMLSimpleApplication@43d2116d
----------------- Done invoking toplevel() on ptolemy.moml.MoMLSimpleApplication@43d2116d
reloadAllAccessors: .DiscreteClock21

===========================================================================================
----------------- testing Thu Mar 05 07:14:25 UTC 2020 /home/travis/build/icyphy/ptII/ptolemy/actor/lib/test/auto/DiscreteClock22.xml
----------------- Instantiating /home/travis/build/icyphy/ptII/ptolemy/actor/lib/test/auto/DiscreteClock22.xml
4 ms. Memory: 555008K Free: 491719K (89%)
----------------- Invoking toplevel() on ptolemy.moml.MoMLSimpleApplication@92d9158
----------------- Done invoking toplevel() on ptolemy.moml.MoMLSimpleApplication@92d9158
reloadAllAccessors: .DiscreteClock22

===========================================================================================
----------------- testing Thu Mar 05 07:14:25 UTC 2020 /home/travis/build/icyphy/ptII/ptolemy/actor/lib/test/auto/DiscreteClock23.xml
----------------- Instantiating /home/travis/build/icyphy/ptII/ptolemy/actor/lib/test/auto/DiscreteClock23.xml
9 ms. Memory: 555008K Free: 486089K (88%)
----------------- Invoking toplevel() on ptolemy.moml.MoMLSimpleApplication@2577b53d
----------------- Done invoking toplevel() on ptolemy.moml.MoMLSimpleApplication@2577b53d
reloadAllAccessors: .DiscreteClock23

===========================================================================================
----------------- testing Thu Mar 05 07:14:25 UTC 2020 /home/travis/build/icyphy/ptII/ptolemy/actor/lib/test/auto/DiscreteClock24.xml
----------------- Instantiating /home/travis/build/icyphy/ptII/ptolemy/actor/lib/test/auto/DiscreteClock24.xml
4 ms. Memory: 555008K Free: 480969K (87%)
----------------- Invoking toplevel() on ptolemy.moml.MoMLSimpleApplication@6e32f910
----------------- Done invoking toplevel() on ptolemy.moml.MoMLSimpleApplication@6e32f910
reloadAllAccessors: .DiscreteClock24

===========================================================================================
----------------- testing Thu Mar 05 07:14:25 UTC 2020 /home/travis/build/icyphy/ptII/ptolemy/actor/lib/test/auto/DiscreteClock4.xml
----------------- Instantiating /home/travis/build/icyphy/ptII/ptolemy/actor/lib/test/auto/DiscreteClock4.xml
4 ms. Memory: 555008K Free: 475335K (86%)
----------------- Invoking toplevel() on ptolemy.moml.MoMLSimpleApplication@2f009a03
----------------- Done invoking toplevel() on ptolemy.moml.MoMLSimpleApplication@2f009a03
reloadAllAccessors: .DiscreteClock4

===========================================================================================
----------------- testing Thu Mar 05 07:14:25 UTC 2020 /home/travis/build/icyphy/ptII/ptolemy/actor/lib/test/auto/DiscreteClock5.xml
----------------- Instantiating /home/travis/build/icyphy/ptII/ptolemy/actor/lib/test/auto/DiscreteClock5.xml
1 ms. Memory: 555008K Free: 469705K (85%)
----------------- Invoking toplevel() on ptolemy.moml.MoMLSimpleApplication@656693a7
----------------- Done invoking toplevel() on ptolemy.moml.MoMLSimpleApplication@656693a7
reloadAllAccessors: .DiscreteClock5

===========================================================================================
----------------- testing Thu Mar 05 07:14:25 UTC 2020 /home/travis/build/icyphy/ptII/ptolemy/actor/lib/test/auto/DiscreteClock6.xml
----------------- Instantiating /home/travis/build/icyphy/ptII/ptolemy/actor/lib/test/auto/DiscreteClock6.xml
2 ms. Memory: 555008K Free: 465095K (84%)
----------------- Invoking toplevel() on ptolemy.moml.MoMLSimpleApplication@343af9df
----------------- Done invoking toplevel() on ptolemy.moml.MoMLSimpleApplication@343af9df
reloadAllAccessors: .DiscreteClock6

===========================================================================================
----------------- testing Thu Mar 05 07:14:25 UTC 2020 /home/travis/build/icyphy/ptII/ptolemy/actor/lib/test/auto/DiscreteClock7.xml
----------------- Instantiating /home/travis/build/icyphy/ptII/ptolemy/actor/lib/test/auto/DiscreteClock7.xml
1 ms. Memory: 555008K Free: 460999K (83%)
----------------- Invoking toplevel() on ptolemy.moml.MoMLSimpleApplication@1cc1349f
----------------- Done invoking toplevel() on ptolemy.moml.MoMLSimpleApplication@1cc1349f
reloadAllAccessors: .DiscreteClock7

===========================================================================================
----------------- testing Thu Mar 05 07:14:25 UTC 2020 /home/travis/build/icyphy/ptII/ptolemy/actor/lib/test/auto/DiscreteClock8.xml
----------------- Instantiating /home/travis/build/icyphy/ptII/ptolemy/actor/lib/test/auto/DiscreteClock8.xml
4 ms. Memory: 555008K Free: 455369K (82%)
----------------- Invoking toplevel() on ptolemy.moml.MoMLSimpleApplication@1e23f85c
----------------- Done invoking toplevel() on ptolemy.moml.MoMLSimpleApplication@1e23f85c
reloadAllAccessors: .DiscreteClock8

===========================================================================================
----------------- testing Thu Mar 05 07:14:25 UTC 2020 /home/travis/build/icyphy/ptII/ptolemy/actor/lib/test/auto/DiscreteClock9.xml
----------------- Instantiating /home/travis/build/icyphy/ptII/ptolemy/actor/lib/test/auto/DiscreteClock9.xml
4 ms. Memory: 555008K Free: 449225K (81%)
----------------- Invoking toplevel() on ptolemy.moml.MoMLSimpleApplication@7857dd92
----------------- Done invoking toplevel() on ptolemy.moml.MoMLSimpleApplication@7857dd92
reloadAllAccessors: .DiscreteClock9

===========================================================================================
----------------- testing Thu Mar 05 07:14:25 UTC 2020 /home/travis/build/icyphy/ptII/ptolemy/actor/lib/test/auto/DisplayArray.xml
----------------- Instantiating /home/travis/build/icyphy/ptII/ptolemy/actor/lib/test/auto/DisplayArray.xml
1 ms. Memory: 555008K Free: 445639K (80%)
----------------- Invoking toplevel() on ptolemy.moml.MoMLSimpleApplication@b095de8
----------------- Done invoking toplevel() on ptolemy.moml.MoMLSimpleApplication@b095de8
reloadAllAccessors: .DisplayArray

===========================================================================================
----------------- testing Thu Mar 05 07:14:25 UTC 2020 /home/travis/build/icyphy/ptII/ptolemy/actor/lib/test/auto/Distributor.xml
----------------- Instantiating /home/travis/build/icyphy/ptII/ptolemy/actor/lib/test/auto/Distributor.xml
1 ms. Memory: 555008K Free: 441033K (79%)
----------------- Invoking toplevel() on ptolemy.moml.MoMLSimpleApplication@13b675e2
----------------- Done invoking toplevel() on ptolemy.moml.MoMLSimpleApplication@13b675e2
reloadAllAccessors: .Distributor

===========================================================================================
----------------- testing Thu Mar 05 07:14:25 UTC 2020 /home/travis/build/icyphy/ptII/ptolemy/actor/lib/test/auto/Distributor2.xml
----------------- Instantiating /home/travis/build/icyphy/ptII/ptolemy/actor/lib/test/auto/Distributor2.xml
2 ms. Memory: 555008K Free: 435913K (79%)
----------------- Invoking toplevel() on ptolemy.moml.MoMLSimpleApplication@70bbaf4e
----------------- Done invoking toplevel() on ptolemy.moml.MoMLSimpleApplication@70bbaf4e
reloadAllAccessors: .Distributor2

===========================================================================================
----------------- testing Thu Mar 05 07:14:25 UTC 2020 /home/travis/build/icyphy/ptII/ptolemy/actor/lib/test/auto/DownSample.xml
----------------- Instantiating /home/travis/build/icyphy/ptII/ptolemy/actor/lib/test/auto/DownSample.xml
1 ms. Memory: 555008K Free: 431303K (78%)
----------------- Invoking toplevel() on ptolemy.moml.MoMLSimpleApplication@348aae5d
----------------- Done invoking toplevel() on ptolemy.moml.MoMLSimpleApplication@348aae5d
reloadAllAccessors: .DownSample

===========================================================================================
----------------- testing Thu Mar 05 07:14:25 UTC 2020 /home/travis/build/icyphy/ptII/ptolemy/actor/lib/test/auto/ElectronicUnitBase1.xml
----------------- Instantiating /home/travis/build/icyphy/ptII/ptolemy/actor/lib/test/auto/ElectronicUnitBase1.xml
13 ms. Memory: 555008K Free: 415433K (75%)
----------------- Invoking toplevel() on ptolemy.moml.MoMLSimpleApplication@2b3471d5
----------------- Done invoking toplevel() on ptolemy.moml.MoMLSimpleApplication@2b3471d5
reloadAllAccessors: .ElectronicUnitBase1

===========================================================================================
----------------- testing Thu Mar 05 07:14:25 UTC 2020 /home/travis/build/icyphy/ptII/ptolemy/actor/lib/test/auto/ElementsToArray.xml
----------------- Instantiating /home/travis/build/icyphy/ptII/ptolemy/actor/lib/test/auto/ElementsToArray.xml
2 ms. Memory: 555008K Free: 410823K (74%)
----------------- Invoking toplevel() on ptolemy.moml.MoMLSimpleApplication@3679f044
----------------- Done invoking toplevel() on ptolemy.moml.MoMLSimpleApplication@3679f044
reloadAllAccessors: .ElementsToArray

===========================================================================================
----------------- testing Thu Mar 05 07:14:25 UTC 2020 /home/travis/build/icyphy/ptII/ptolemy/actor/lib/test/auto/Equals.xml
----------------- Instantiating /home/travis/build/icyphy/ptII/ptolemy/actor/lib/test/auto/Equals.xml
3 ms. Memory: 555008K Free: 406217K (73%)
----------------- Invoking toplevel() on ptolemy.moml.MoMLSimpleApplication@13245200
----------------- Done invoking toplevel() on ptolemy.moml.MoMLSimpleApplication@13245200
reloadAllAccessors: .Equals

===========================================================================================
----------------- testing Thu Mar 05 07:14:25 UTC 2020 /home/travis/build/icyphy/ptII/ptolemy/actor/lib/test/auto/Exec.xml
----------------- Instantiating /home/travis/build/icyphy/ptII/ptolemy/actor/lib/test/auto/Exec.xml
18 ms. Memory: 555008K Free: 400583K (72%)
----------------- Invoking toplevel() on ptolemy.moml.MoMLSimpleApplication@d48b8fc
----------------- Done invoking toplevel() on ptolemy.moml.MoMLSimpleApplication@d48b8fc
reloadAllAccessors: .Exec

===========================================================================================
----------------- testing Thu Mar 05 07:14:25 UTC 2020 /home/travis/build/icyphy/ptII/ptolemy/actor/lib/test/auto/ExecEnvironment.xml
----------------- Instantiating /home/travis/build/icyphy/ptII/ptolemy/actor/lib/test/auto/ExecEnvironment.xml
20 ms. Memory: 555008K Free: 394953K (71%)
----------------- Invoking toplevel() on ptolemy.moml.MoMLSimpleApplication@cf5cd64
----------------- Done invoking toplevel() on ptolemy.moml.MoMLSimpleApplication@cf5cd64
reloadAllAccessors: .ExecEnvironment

===========================================================================================
----------------- testing Thu Mar 05 07:14:26 UTC 2020 /home/travis/build/icyphy/ptII/ptolemy/actor/lib/test/auto/ExecNonZeroReturnOutput.xml
----------------- Instantiating /home/travis/build/icyphy/ptII/ptolemy/actor/lib/test/auto/ExecNonZeroReturnOutput.xml
166 ms. Memory: 555008K Free: 383175K (69%)
----------------- Invoking toplevel() on ptolemy.moml.MoMLSimpleApplication@1fb0dabd
----------------- Done invoking toplevel() on ptolemy.moml.MoMLSimpleApplication@1fb0dabd
reloadAllAccessors: .ExecNonZeroReturnOutput

===========================================================================================
----------------- testing Thu Mar 05 07:14:26 UTC 2020 /home/travis/build/icyphy/ptII/ptolemy/actor/lib/test/auto/ExecRunDemos.xml
----------------- Instantiating /home/travis/build/icyphy/ptII/ptolemy/actor/lib/test/auto/ExecRunDemos.xml
Finished: 121 ms. Memory: 129024K Free: 112392K (87%)

Finished: 55 ms. Memory: 129024K Free: 109432K (85%)

Finished: 108 ms. Memory: 129024K Free: 109774K (85%)

Finished: 97 ms. Memory: 129024K Free: 111141K (86%)

Finished: 57 ms. Memory: 129024K Free: 111873K (87%)

10900 ms. Memory: 555008K Free: 362183K (65%)
----------------- Invoking toplevel() on ptolemy.moml.MoMLSimpleApplication@70dfff46
----------------- Done invoking toplevel() on ptolemy.moml.MoMLSimpleApplication@70dfff46
reloadAllAccessors: .ExecRunDemos

===========================================================================================
----------------- testing Thu Mar 05 07:14:37 UTC 2020 /home/travis/build/icyphy/ptII/ptolemy/actor/lib/test/auto/ExecStop.xml
----------------- Instantiating /home/travis/build/icyphy/ptII/ptolemy/actor/lib/test/auto/ExecStop.xml
5020 ms. Memory: 555008K Free: 225479K (41%)
----------------- Invoking toplevel() on ptolemy.moml.MoMLSimpleApplication@2342ba6c
----------------- Done invoking toplevel() on ptolemy.moml.MoMLSimpleApplication@2342ba6c
reloadAllAccessors: .ExecStop

===========================================================================================
----------------- testing Thu Mar 05 07:14:42 UTC 2020 /home/travis/build/icyphy/ptII/ptolemy/actor/lib/test/auto/ExecutionTimeSDF.xml
----------------- Instantiating /home/travis/build/icyphy/ptII/ptolemy/actor/lib/test/auto/ExecutionTimeSDF.xml
Fired ExecutionTime: -635367296
Fired ExecutionTime: 1304800000
Fired ExecutionTime: -211767296
6008 ms. Memory: 555008K Free: 213191K (38%)
----------------- Invoking toplevel() on ptolemy.moml.MoMLSimpleApplication@54600c88
----------------- Done invoking toplevel() on ptolemy.moml.MoMLSimpleApplication@54600c88
reloadAllAccessors: .ExecutionTimeSDF

===========================================================================================
----------------- testing Thu Mar 05 07:14:48 UTC 2020 /home/travis/build/icyphy/ptII/ptolemy/actor/lib/test/auto/Expression1.xml
----------------- Instantiating /home/travis/build/icyphy/ptII/ptolemy/actor/lib/test/auto/Expression1.xml
2 ms. Memory: 555008K Free: 209609K (38%)
----------------- Invoking toplevel() on ptolemy.moml.MoMLSimpleApplication@556eafcd
----------------- Done invoking toplevel() on ptolemy.moml.MoMLSimpleApplication@556eafcd
reloadAllAccessors: .Expression1

===========================================================================================
----------------- testing Thu Mar 05 07:14:48 UTC 2020 /home/travis/build/icyphy/ptII/ptolemy/actor/lib/test/auto/Expression10.xml
----------------- Instantiating /home/travis/build/icyphy/ptII/ptolemy/actor/lib/test/auto/Expression10.xml
11 ms. Memory: 555008K Free: 203975K (37%)
----------------- Invoking toplevel() on ptolemy.moml.MoMLSimpleApplication@ca6831f
----------------- Done invoking toplevel() on ptolemy.moml.MoMLSimpleApplication@ca6831f
reloadAllAccessors: .Expression10

===========================================================================================
----------------- testing Thu Mar 05 07:14:48 UTC 2020 /home/travis/build/icyphy/ptII/ptolemy/actor/lib/test/auto/Expression11.xml
----------------- Instantiating /home/travis/build/icyphy/ptII/ptolemy/actor/lib/test/auto/Expression11.xml
4 ms. Memory: 555008K Free: 199879K (36%)
----------------- Invoking toplevel() on ptolemy.moml.MoMLSimpleApplication@5582bae3
----------------- Done invoking toplevel() on ptolemy.moml.MoMLSimpleApplication@5582bae3
reloadAllAccessors: .Expression11

===========================================================================================
----------------- testing Thu Mar 05 07:14:48 UTC 2020 /home/travis/build/icyphy/ptII/ptolemy/actor/lib/test/auto/Expression12.xml
----------------- Instantiating /home/travis/build/icyphy/ptII/ptolemy/actor/lib/test/auto/Expression12.xml
3 ms. Memory: 555008K Free: 194249K (35%)
----------------- Invoking toplevel() on ptolemy.moml.MoMLSimpleApplication@49e5eb04
----------------- Done invoking toplevel() on ptolemy.moml.MoMLSimpleApplication@49e5eb04
reloadAllAccessors: .Expression12

===========================================================================================
----------------- testing Thu Mar 05 07:14:48 UTC 2020 /home/travis/build/icyphy/ptII/ptolemy/actor/lib/test/auto/Expression13.xml
----------------- Instantiating /home/travis/build/icyphy/ptII/ptolemy/actor/lib/test/auto/Expression13.xml
3 ms. Memory: 555008K Free: 189129K (34%)
----------------- Invoking toplevel() on ptolemy.moml.MoMLSimpleApplication@24025966
----------------- Done invoking toplevel() on ptolemy.moml.MoMLSimpleApplication@24025966
reloadAllAccessors: .Expression13

===========================================================================================
----------------- testing Thu Mar 05 07:14:48 UTC 2020 /home/travis/build/icyphy/ptII/ptolemy/actor/lib/test/auto/Expression14.xml
----------------- Instantiating /home/travis/build/icyphy/ptII/ptolemy/actor/lib/test/auto/Expression14.xml
5 ms. Memory: 555008K Free: 182985K (33%)
----------------- Invoking toplevel() on ptolemy.moml.MoMLSimpleApplication@55c7b0a
----------------- Done invoking toplevel() on ptolemy.moml.MoMLSimpleApplication@55c7b0a
reloadAllAccessors: .Expression14

===========================================================================================
----------------- testing Thu Mar 05 07:14:48 UTC 2020 /home/travis/build/icyphy/ptII/ptolemy/actor/lib/test/auto/Expression15.xml
----------------- Instantiating /home/travis/build/icyphy/ptII/ptolemy/actor/lib/test/auto/Expression15.xml
2 ms. Memory: 555008K Free: 178889K (32%)
----------------- Invoking toplevel() on ptolemy.moml.MoMLSimpleApplication@2049e7a0
----------------- Done invoking toplevel() on ptolemy.moml.MoMLSimpleApplication@2049e7a0
reloadAllAccessors: .Expression15

===========================================================================================
----------------- testing Thu Mar 05 07:14:48 UTC 2020 /home/travis/build/icyphy/ptII/ptolemy/actor/lib/test/auto/Expression16.xml
----------------- Instantiating /home/travis/build/icyphy/ptII/ptolemy/actor/lib/test/auto/Expression16.xml
4 ms. Memory: 555008K Free: 503996K (91%)
----------------- Invoking toplevel() on ptolemy.moml.MoMLSimpleApplication@7deaa5aa
----------------- Done invoking toplevel() on ptolemy.moml.MoMLSimpleApplication@7deaa5aa
reloadAllAccessors: .Expression16

===========================================================================================
----------------- testing Thu Mar 05 07:14:48 UTC 2020 /home/travis/build/icyphy/ptII/ptolemy/actor/lib/test/auto/Expression17.xml
----------------- Instantiating /home/travis/build/icyphy/ptII/ptolemy/actor/lib/test/auto/Expression17.xml
4 ms. Memory: 555008K Free: 498876K (90%)
----------------- Invoking toplevel() on ptolemy.moml.MoMLSimpleApplication@14bf7c54
----------------- Done invoking toplevel() on ptolemy.moml.MoMLSimpleApplication@14bf7c54
reloadAllAccessors: .Expression17

===========================================================================================
----------------- testing Thu Mar 05 07:14:48 UTC 2020 /home/travis/build/icyphy/ptII/ptolemy/actor/lib/test/auto/Expression18.xml
----------------- Instantiating /home/travis/build/icyphy/ptII/ptolemy/actor/lib/test/auto/Expression18.xml
4 ms. Memory: 555008K Free: 493242K (89%)
----------------- Invoking toplevel() on ptolemy.moml.MoMLSimpleApplication@4b4f19e7
----------------- Done invoking toplevel() on ptolemy.moml.MoMLSimpleApplication@4b4f19e7
reloadAllAccessors: .Expression18

===========================================================================================
----------------- testing Thu Mar 05 07:14:48 UTC 2020 /home/travis/build/icyphy/ptII/ptolemy/actor/lib/test/auto/Expression2.xml
----------------- Instantiating /home/travis/build/icyphy/ptII/ptolemy/actor/lib/test/auto/Expression2.xml
3 ms. Memory: 555008K Free: 488122K (88%)
----------------- Invoking toplevel() on ptolemy.moml.MoMLSimpleApplication@760142de
----------------- Done invoking toplevel() on ptolemy.moml.MoMLSimpleApplication@760142de
reloadAllAccessors: .Expression2

===========================================================================================
----------------- testing Thu Mar 05 07:14:48 UTC 2020 /home/travis/build/icyphy/ptII/ptolemy/actor/lib/test/auto/Expression3.xml
----------------- Instantiating /home/travis/build/icyphy/ptII/ptolemy/actor/lib/test/auto/Expression3.xml
6 ms. Memory: 555008K Free: 483002K (87%)
----------------- Invoking toplevel() on ptolemy.moml.MoMLSimpleApplication@3874fbbe
----------------- Done invoking toplevel() on ptolemy.moml.MoMLSimpleApplication@3874fbbe
reloadAllAccessors: .Expression3

===========================================================================================
----------------- testing Thu Mar 05 07:14:48 UTC 2020 /home/travis/build/icyphy/ptII/ptolemy/actor/lib/test/auto/Expression4.xml
----------------- Instantiating /home/travis/build/icyphy/ptII/ptolemy/actor/lib/test/auto/Expression4.xml
5 ms. Memory: 555008K Free: 475324K (86%)
----------------- Invoking toplevel() on ptolemy.moml.MoMLSimpleApplication@501ffe7d
----------------- Done invoking toplevel() on ptolemy.moml.MoMLSimpleApplication@501ffe7d
reloadAllAccessors: .Expression4

===========================================================================================
----------------- testing Thu Mar 05 07:14:48 UTC 2020 /home/travis/build/icyphy/ptII/ptolemy/actor/lib/test/auto/Expression5.xml
----------------- Instantiating /home/travis/build/icyphy/ptII/ptolemy/actor/lib/test/auto/Expression5.xml
3 ms. Memory: 555008K Free: 470714K (85%)
----------------- Invoking toplevel() on ptolemy.moml.MoMLSimpleApplication@745bf9fa
----------------- Done invoking toplevel() on ptolemy.moml.MoMLSimpleApplication@745bf9fa
reloadAllAccessors: .Expression5

===========================================================================================
----------------- testing Thu Mar 05 07:14:48 UTC 2020 /home/travis/build/icyphy/ptII/ptolemy/actor/lib/test/auto/Expression6.xml
----------------- Instantiating /home/travis/build/icyphy/ptII/ptolemy/actor/lib/test/auto/Expression6.xml
2 ms. Memory: 555008K Free: 466108K (84%)
----------------- Invoking toplevel() on ptolemy.moml.MoMLSimpleApplication@59e3521e
----------------- Done invoking toplevel() on ptolemy.moml.MoMLSimpleApplication@59e3521e
reloadAllAccessors: .Expression6

===========================================================================================
----------------- testing Thu Mar 05 07:14:48 UTC 2020 /home/travis/build/icyphy/ptII/ptolemy/actor/lib/test/auto/Expression7.xml
----------------- Instantiating /home/travis/build/icyphy/ptII/ptolemy/actor/lib/test/auto/Expression7.xml
9 ms. Memory: 555008K Free: 460986K (83%)
----------------- Invoking toplevel() on ptolemy.moml.MoMLSimpleApplication@4dfa5c29
----------------- Done invoking toplevel() on ptolemy.moml.MoMLSimpleApplication@4dfa5c29
reloadAllAccessors: .Expression7

===========================================================================================
----------------- testing Thu Mar 05 07:14:48 UTC 2020 /home/travis/build/icyphy/ptII/ptolemy/actor/lib/test/auto/Expression8.xml
----------------- Instantiating /home/travis/build/icyphy/ptII/ptolemy/actor/lib/test/auto/Expression8.xml
8 ms. Memory: 555008K Free: 455868K (82%)
----------------- Invoking toplevel() on ptolemy.moml.MoMLSimpleApplication@618e7979
----------------- Done invoking toplevel() on ptolemy.moml.MoMLSimpleApplication@618e7979
reloadAllAccessors: .Expression8

===========================================================================================
----------------- testing Thu Mar 05 07:14:48 UTC 2020 /home/travis/build/icyphy/ptII/ptolemy/actor/lib/test/auto/Expression9.xml
----------------- Instantiating /home/travis/build/icyphy/ptII/ptolemy/actor/lib/test/auto/Expression9.xml
1 ms. Memory: 555008K Free: 451772K (81%)
----------------- Invoking toplevel() on ptolemy.moml.MoMLSimpleApplication@5b65b7d2
----------------- Done invoking toplevel() on ptolemy.moml.MoMLSimpleApplication@5b65b7d2
reloadAllAccessors: .Expression9

===========================================================================================
----------------- testing Thu Mar 05 07:14:48 UTC 2020 /home/travis/build/icyphy/ptII/ptolemy/actor/lib/test/auto/ExpressionConcatenateArrayType.xml
----------------- Instantiating /home/travis/build/icyphy/ptII/ptolemy/actor/lib/test/auto/ExpressionConcatenateArrayType.xml
4 ms. Memory: 555008K Free: 445114K (80%)
----------------- Invoking toplevel() on ptolemy.moml.MoMLSimpleApplication@37f28480
----------------- Done invoking toplevel() on ptolemy.moml.MoMLSimpleApplication@37f28480
reloadAllAccessors: .ExpressionConcatenateArrayType

===========================================================================================
----------------- testing Thu Mar 05 07:14:48 UTC 2020 /home/travis/build/icyphy/ptII/ptolemy/actor/lib/test/auto/ExpressionConcatenateArrayType2.xml
----------------- Instantiating /home/travis/build/icyphy/ptII/ptolemy/actor/lib/test/auto/ExpressionConcatenateArrayType2.xml
2 ms. Memory: 555008K Free: 439994K (79%)
----------------- Invoking toplevel() on ptolemy.moml.MoMLSimpleApplication@65cab7b9
----------------- Done invoking toplevel() on ptolemy.moml.MoMLSimpleApplication@65cab7b9
reloadAllAccessors: .ExpressionConcatenateArrayType2

===========================================================================================
----------------- testing Thu Mar 05 07:14:48 UTC 2020 /home/travis/build/icyphy/ptII/ptolemy/actor/lib/test/auto/ExpressionFix.xml
----------------- Instantiating /home/travis/build/icyphy/ptII/ptolemy/actor/lib/test/auto/ExpressionFix.xml
28 ms. Memory: 555008K Free: 433340K (78%)
----------------- Invoking toplevel() on ptolemy.moml.MoMLSimpleApplication@1cec0ca8
----------------- Done invoking toplevel() on ptolemy.moml.MoMLSimpleApplication@1cec0ca8
reloadAllAccessors: .ExpressionFix

===========================================================================================
----------------- testing Thu Mar 05 07:14:48 UTC 2020 /home/travis/build/icyphy/ptII/ptolemy/actor/lib/test/auto/ExpressionFix2.xml
----------------- Instantiating /home/travis/build/icyphy/ptII/ptolemy/actor/lib/test/auto/ExpressionFix2.xml
5 ms. Memory: 555008K Free: 429244K (77%)
----------------- Invoking toplevel() on ptolemy.moml.MoMLSimpleApplication@bb0168e
----------------- Done invoking toplevel() on ptolemy.moml.MoMLSimpleApplication@bb0168e
reloadAllAccessors: .ExpressionFix2

===========================================================================================
----------------- testing Thu Mar 05 07:14:48 UTC 2020 /home/travis/build/icyphy/ptII/ptolemy/actor/lib/test/auto/ExpressionFix3.xml
----------------- Instantiating /home/travis/build/icyphy/ptII/ptolemy/actor/lib/test/auto/ExpressionFix3.xml
2 ms. Memory: 555008K Free: 424634K (77%)
----------------- Invoking toplevel() on ptolemy.moml.MoMLSimpleApplication@641e4bdc
----------------- Done invoking toplevel() on ptolemy.moml.MoMLSimpleApplication@641e4bdc
reloadAllAccessors: .ExpressionFix3

===========================================================================================
----------------- testing Thu Mar 05 07:14:48 UTC 2020 /home/travis/build/icyphy/ptII/ptolemy/actor/lib/test/auto/FileWriter1.xml
----------------- Instantiating /home/travis/build/icyphy/ptII/ptolemy/actor/lib/test/auto/FileWriter1.xml
2 ms. Memory: 555008K Free: 420538K (76%)
----------------- Invoking toplevel() on ptolemy.moml.MoMLSimpleApplication@517441c8
----------------- Done invoking toplevel() on ptolemy.moml.MoMLSimpleApplication@517441c8
reloadAllAccessors: .FileWriter1

===========================================================================================
----------------- testing Thu Mar 05 07:14:48 UTC 2020 /home/travis/build/icyphy/ptII/ptolemy/actor/lib/test/auto/FileWriter2.xml
----------------- Instantiating /home/travis/build/icyphy/ptII/ptolemy/actor/lib/test/auto/FileWriter2.xml
4 ms. Memory: 555008K Free: 415932K (75%)
----------------- Invoking toplevel() on ptolemy.moml.MoMLSimpleApplication@11400d4c
----------------- Done invoking toplevel() on ptolemy.moml.MoMLSimpleApplication@11400d4c
reloadAllAccessors: .FileWriter2

===========================================================================================
----------------- testing Thu Mar 05 07:14:48 UTC 2020 /home/travis/build/icyphy/ptII/ptolemy/actor/lib/test/auto/FileWriter3.xml
----------------- Instantiating /home/travis/build/icyphy/ptII/ptolemy/actor/lib/test/auto/FileWriter3.xml
4 ms. Memory: 555008K Free: 411836K (74%)
----------------- Invoking toplevel() on ptolemy.moml.MoMLSimpleApplication@6580765
----------------- Done invoking toplevel() on ptolemy.moml.MoMLSimpleApplication@6580765
reloadAllAccessors: .FileWriter3

===========================================================================================
----------------- testing Thu Mar 05 07:14:48 UTC 2020 /home/travis/build/icyphy/ptII/ptolemy/actor/lib/test/auto/Gaussian.xml
----------------- Instantiating /home/travis/build/icyphy/ptII/ptolemy/actor/lib/test/auto/Gaussian.xml
4 ms. Memory: 555008K Free: 407740K (73%)
----------------- Invoking toplevel() on ptolemy.moml.MoMLSimpleApplication@223b708a
----------------- Done invoking toplevel() on ptolemy.moml.MoMLSimpleApplication@223b708a
reloadAllAccessors: .Gaussian

===========================================================================================
----------------- testing Thu Mar 05 07:14:48 UTC 2020 /home/travis/build/icyphy/ptII/ptolemy/actor/lib/test/auto/Gaussian1.xml
----------------- Instantiating /home/travis/build/icyphy/ptII/ptolemy/actor/lib/test/auto/Gaussian1.xml
3 ms. Memory: 555008K Free: 402076K (72%)
----------------- Invoking toplevel() on ptolemy.moml.MoMLSimpleApplication@10dd7ec2
----------------- Done invoking toplevel() on ptolemy.moml.MoMLSimpleApplication@10dd7ec2
reloadAllAccessors: .Gaussian1

===========================================================================================
----------------- testing Thu Mar 05 07:14:48 UTC 2020 /home/travis/build/icyphy/ptII/ptolemy/actor/lib/test/auto/Gaussian2.xml
----------------- Instantiating /home/travis/build/icyphy/ptII/ptolemy/actor/lib/test/auto/Gaussian2.xml
11 ms. Memory: 555008K Free: 396476K (71%)
----------------- Invoking toplevel() on ptolemy.moml.MoMLSimpleApplication@4da25441
----------------- Done invoking toplevel() on ptolemy.moml.MoMLSimpleApplication@4da25441
reloadAllAccessors: .Gaussian2

===========================================================================================
----------------- testing Thu Mar 05 07:14:48 UTC 2020 /home/travis/build/icyphy/ptII/ptolemy/actor/lib/test/auto/GradientAdaptiveLattice.xml
----------------- Instantiating /home/travis/build/icyphy/ptII/ptolemy/actor/lib/test/auto/GradientAdaptiveLattice.xml
3 ms. Memory: 555008K Free: 391356K (71%)
----------------- Invoking toplevel() on ptolemy.moml.MoMLSimpleApplication@c82061e
----------------- Done invoking toplevel() on ptolemy.moml.MoMLSimpleApplication@c82061e
reloadAllAccessors: .GradientAdaptiveLattice

===========================================================================================
----------------- testing Thu Mar 05 07:14:48 UTC 2020 /home/travis/build/icyphy/ptII/ptolemy/actor/lib/test/auto/IIR.xml
----------------- Instantiating /home/travis/build/icyphy/ptII/ptolemy/actor/lib/test/auto/IIR.xml
1 ms. Memory: 555008K Free: 386746K (70%)
----------------- Invoking toplevel() on ptolemy.moml.MoMLSimpleApplication@4b26c19
----------------- Done invoking toplevel() on ptolemy.moml.MoMLSimpleApplication@4b26c19
reloadAllAccessors: .IIR

===========================================================================================
----------------- testing Thu Mar 05 07:14:48 UTC 2020 /home/travis/build/icyphy/ptII/ptolemy/actor/lib/test/auto/InputOutputTransparentPorts.xml
----------------- Instantiating /home/travis/build/icyphy/ptII/ptolemy/actor/lib/test/auto/InputOutputTransparentPorts.xml
2 ms. Memory: 555008K Free: 379578K (68%)
----------------- Invoking toplevel() on ptolemy.moml.MoMLSimpleApplication@60e7b494
----------------- Done invoking toplevel() on ptolemy.moml.MoMLSimpleApplication@60e7b494
reloadAllAccessors: .InputOutputTransparentPorts

===========================================================================================
----------------- testing Thu Mar 05 07:14:48 UTC 2020 /home/travis/build/icyphy/ptII/ptolemy/actor/lib/test/auto/Interpolator.xml
----------------- Instantiating /home/travis/build/icyphy/ptII/ptolemy/actor/lib/test/auto/Interpolator.xml
4 ms. Memory: 555008K Free: 375482K (68%)
----------------- Invoking toplevel() on ptolemy.moml.MoMLSimpleApplication@16ed3808
----------------- Done invoking toplevel() on ptolemy.moml.MoMLSimpleApplication@16ed3808
reloadAllAccessors: .Interpolator

===========================================================================================
----------------- testing Thu Mar 05 07:14:48 UTC 2020 /home/travis/build/icyphy/ptII/ptolemy/actor/lib/test/auto/InterpolatorFiringLimitDE.xml
----------------- Instantiating /home/travis/build/icyphy/ptII/ptolemy/actor/lib/test/auto/InterpolatorFiringLimitDE.xml
2 ms. Memory: 555008K Free: 369338K (67%)
----------------- Invoking toplevel() on ptolemy.moml.MoMLSimpleApplication@3f6d5bf5
----------------- Done invoking toplevel() on ptolemy.moml.MoMLSimpleApplication@3f6d5bf5
reloadAllAccessors: .InterpolatorFiringLimitDE

===========================================================================================
----------------- testing Thu Mar 05 07:14:48 UTC 2020 /home/travis/build/icyphy/ptII/ptolemy/actor/lib/test/auto/Lattice.xml
----------------- Instantiating /home/travis/build/icyphy/ptII/ptolemy/actor/lib/test/auto/Lattice.xml
1 ms. Memory: 555008K Free: 365242K (66%)
----------------- Invoking toplevel() on ptolemy.moml.MoMLSimpleApplication@4069c9eb
----------------- Done invoking toplevel() on ptolemy.moml.MoMLSimpleApplication@4069c9eb
reloadAllAccessors: .Lattice

===========================================================================================
----------------- testing Thu Mar 05 07:14:48 UTC 2020 /home/travis/build/icyphy/ptII/ptolemy/actor/lib/test/auto/LazyAOCTestLazy.xml
----------------- Instantiating /home/travis/build/icyphy/ptII/ptolemy/actor/lib/test/auto/LazyAOCTestLazy.xml
22 ms. Memory: 555008K Free: 359612K (65%)
----------------- Invoking toplevel() on ptolemy.moml.MoMLSimpleApplication@2d8cce87
----------------- Done invoking toplevel() on ptolemy.moml.MoMLSimpleApplication@2d8cce87
reloadAllAccessors: .LazyAOCTestLazy

===========================================================================================
----------------- testing Thu Mar 05 07:14:49 UTC 2020 /home/travis/build/icyphy/ptII/ptolemy/actor/lib/test/auto/LazyAOCTestNonLazy.xml
----------------- Instantiating /home/travis/build/icyphy/ptII/ptolemy/actor/lib/test/auto/LazyAOCTestNonLazy.xml
3 ms. Memory: 555008K Free: 353468K (64%)
----------------- Invoking toplevel() on ptolemy.moml.MoMLSimpleApplication@26404afd
----------------- Done invoking toplevel() on ptolemy.moml.MoMLSimpleApplication@26404afd
reloadAllAccessors: .LazyAOCTestNonLazy

===========================================================================================
----------------- testing Thu Mar 05 07:14:49 UTC 2020 /home/travis/build/icyphy/ptII/ptolemy/actor/lib/test/auto/LazyInnerClass.xml
----------------- Instantiating /home/travis/build/icyphy/ptII/ptolemy/actor/lib/test/auto/LazyInnerClass.xml
21 ms. Memory: 555008K Free: 344748K (62%)
----------------- Invoking toplevel() on ptolemy.moml.MoMLSimpleApplication@736b5dfe
----------------- Done invoking toplevel() on ptolemy.moml.MoMLSimpleApplication@736b5dfe
reloadAllAccessors: .LazyInnerClass

===========================================================================================
----------------- testing Thu Mar 05 07:14:49 UTC 2020 /home/travis/build/icyphy/ptII/ptolemy/actor/lib/test/auto/LazyPubSub.xml
----------------- Instantiating /home/travis/build/icyphy/ptII/ptolemy/actor/lib/test/auto/LazyPubSub.xml
28 ms. Memory: 555008K Free: 334012K (60%)
----------------- Invoking toplevel() on ptolemy.moml.MoMLSimpleApplication@5a66b1b0
----------------- Done invoking toplevel() on ptolemy.moml.MoMLSimpleApplication@5a66b1b0
reloadAllAccessors: .LazyPubSub

===========================================================================================
----------------- testing Thu Mar 05 07:14:49 UTC 2020 /home/travis/build/icyphy/ptII/ptolemy/actor/lib/test/auto/LazyPubSub2.xml
----------------- Instantiating /home/travis/build/icyphy/ptII/ptolemy/actor/lib/test/auto/LazyPubSub2.xml
17 ms. Memory: 555008K Free: 324282K (58%)
----------------- Invoking toplevel() on ptolemy.moml.MoMLSimpleApplication@778b6d11
----------------- Done invoking toplevel() on ptolemy.moml.MoMLSimpleApplication@778b6d11
reloadAllAccessors: .LazyPubSub2

===========================================================================================
----------------- testing Thu Mar 05 07:14:49 UTC 2020 /home/travis/build/icyphy/ptII/ptolemy/actor/lib/test/auto/LazyPubSub3.xml
----------------- Instantiating /home/travis/build/icyphy/ptII/ptolemy/actor/lib/test/auto/LazyPubSub3.xml
11 ms. Memory: 555008K Free: 314556K (57%)
----------------- Invoking toplevel() on ptolemy.moml.MoMLSimpleApplication@53402005
----------------- Done invoking toplevel() on ptolemy.moml.MoMLSimpleApplication@53402005
reloadAllAccessors: .LazyPubSub3

===========================================================================================
----------------- testing Thu Mar 05 07:14:49 UTC 2020 /home/travis/build/icyphy/ptII/ptolemy/actor/lib/test/auto/LazySubClassModel.xml
----------------- Instantiating /home/travis/build/icyphy/ptII/ptolemy/actor/lib/test/auto/LazySubClassModel.xml
2 ms. Memory: 555008K Free: 305340K (55%)
----------------- Invoking toplevel() on ptolemy.moml.MoMLSimpleApplication@24d1891d
----------------- Done invoking toplevel() on ptolemy.moml.MoMLSimpleApplication@24d1891d
reloadAllAccessors: .LazySubClassModel

===========================================================================================
----------------- testing Thu Mar 05 07:14:49 UTC 2020 /home/travis/build/icyphy/ptII/ptolemy/actor/lib/test/auto/LevelCrossTest1.xml
----------------- Instantiating /home/travis/build/icyphy/ptII/ptolemy/actor/lib/test/auto/LevelCrossTest1.xml
1 ms. Memory: 555008K Free: 299706K (54%)
----------------- Invoking toplevel() on ptolemy.moml.MoMLSimpleApplication@ab8af40
----------------- Done invoking toplevel() on ptolemy.moml.MoMLSimpleApplication@ab8af40
reloadAllAccessors: .broken

===========================================================================================
----------------- testing Thu Mar 05 07:14:49 UTC 2020 /home/travis/build/icyphy/ptII/ptolemy/actor/lib/test/auto/LevelCrossTest10.xml
----------------- Instantiating /home/travis/build/icyphy/ptII/ptolemy/actor/lib/test/auto/LevelCrossTest10.xml
2 ms. Memory: 555008K Free: 292538K (53%)
----------------- Invoking toplevel() on ptolemy.moml.MoMLSimpleApplication@22afd14d
----------------- Done invoking toplevel() on ptolemy.moml.MoMLSimpleApplication@22afd14d
reloadAllAccessors: .LevelCrossTest10

===========================================================================================
----------------- testing Thu Mar 05 07:14:49 UTC 2020 /home/travis/build/icyphy/ptII/ptolemy/actor/lib/test/auto/LevelCrossTest11.xml
----------------- Instantiating /home/travis/build/icyphy/ptII/ptolemy/actor/lib/test/auto/LevelCrossTest11.xml
1 ms. Memory: 555008K Free: 285370K (51%)
----------------- Invoking toplevel() on ptolemy.moml.MoMLSimpleApplication@3a00bc22
----------------- Done invoking toplevel() on ptolemy.moml.MoMLSimpleApplication@3a00bc22
reloadAllAccessors: .LevelCrossTest11

===========================================================================================
----------------- testing Thu Mar 05 07:14:49 UTC 2020 /home/travis/build/icyphy/ptII/ptolemy/actor/lib/test/auto/LevelCrossTest12.xml
----------------- Instantiating /home/travis/build/icyphy/ptII/ptolemy/actor/lib/test/auto/LevelCrossTest12.xml
2 ms. Memory: 555008K Free: 278202K (50%)
----------------- Invoking toplevel() on ptolemy.moml.MoMLSimpleApplication@25d018d5
----------------- Done invoking toplevel() on ptolemy.moml.MoMLSimpleApplication@25d018d5
reloadAllAccessors: .LevelCrossTest12

===========================================================================================
----------------- testing Thu Mar 05 07:14:49 UTC 2020 /home/travis/build/icyphy/ptII/ptolemy/actor/lib/test/auto/LevelCrossTest13.xml
----------------- Instantiating /home/travis/build/icyphy/ptII/ptolemy/actor/lib/test/auto/LevelCrossTest13.xml
1 ms. Memory: 555008K Free: 269500K (49%)
----------------- Invoking toplevel() on ptolemy.moml.MoMLSimpleApplication@6531f76a
----------------- Done invoking toplevel() on ptolemy.moml.MoMLSimpleApplication@6531f76a
reloadAllAccessors: .LevelCrossTest13

===========================================================================================
----------------- testing Thu Mar 05 07:14:49 UTC 2020 /home/travis/build/icyphy/ptII/ptolemy/actor/lib/test/auto/LevelCrossTest2.xml
----------------- Instantiating /home/travis/build/icyphy/ptII/ptolemy/actor/lib/test/auto/LevelCrossTest2.xml
1 ms. Memory: 555008K Free: 263866K (48%)
----------------- Invoking toplevel() on ptolemy.moml.MoMLSimpleApplication@60a475a5
----------------- Done invoking toplevel() on ptolemy.moml.MoMLSimpleApplication@60a475a5
reloadAllAccessors: .broken

===========================================================================================
----------------- testing Thu Mar 05 07:14:49 UTC 2020 /home/travis/build/icyphy/ptII/ptolemy/actor/lib/test/auto/LevelCrossTest3.xml
----------------- Instantiating /home/travis/build/icyphy/ptII/ptolemy/actor/lib/test/auto/LevelCrossTest3.xml
1 ms. Memory: 555008K Free: 257722K (46%)
----------------- Invoking toplevel() on ptolemy.moml.MoMLSimpleApplication@6598e342
----------------- Done invoking toplevel() on ptolemy.moml.MoMLSimpleApplication@6598e342
reloadAllAccessors: .LevelCrossTest3

===========================================================================================
----------------- testing Thu Mar 05 07:14:49 UTC 2020 /home/travis/build/icyphy/ptII/ptolemy/actor/lib/test/auto/LevelCrossTest4.xml
----------------- Instantiating /home/travis/build/icyphy/ptII/ptolemy/actor/lib/test/auto/LevelCrossTest4.xml
2 ms. Memory: 555008K Free: 252092K (45%)
----------------- Invoking toplevel() on ptolemy.moml.MoMLSimpleApplication@3bba3c64
----------------- Done invoking toplevel() on ptolemy.moml.MoMLSimpleApplication@3bba3c64
reloadAllAccessors: .broken

===========================================================================================
----------------- testing Thu Mar 05 07:14:49 UTC 2020 /home/travis/build/icyphy/ptII/ptolemy/actor/lib/test/auto/LevelCrossTest5.xml
----------------- Instantiating /home/travis/build/icyphy/ptII/ptolemy/actor/lib/test/auto/LevelCrossTest5.xml
4 ms. Memory: 555008K Free: 245434K (44%)
----------------- Invoking toplevel() on ptolemy.moml.MoMLSimpleApplication@145d928e
----------------- Done invoking toplevel() on ptolemy.moml.MoMLSimpleApplication@145d928e
reloadAllAccessors: .LevelCrossTest5

===========================================================================================
----------------- testing Thu Mar 05 07:14:49 UTC 2020 /home/travis/build/icyphy/ptII/ptolemy/actor/lib/test/auto/LevelCrossTest6.xml
----------------- Instantiating /home/travis/build/icyphy/ptII/ptolemy/actor/lib/test/auto/LevelCrossTest6.xml
1 ms. Memory: 555008K Free: 238780K (43%)
----------------- Invoking toplevel() on ptolemy.moml.MoMLSimpleApplication@f84c9a6
----------------- Done invoking toplevel() on ptolemy.moml.MoMLSimpleApplication@f84c9a6
reloadAllAccessors: .LevelCrossTest6

===========================================================================================
----------------- testing Thu Mar 05 07:14:49 UTC 2020 /home/travis/build/icyphy/ptII/ptolemy/actor/lib/test/auto/LevelCrossTest7.xml
----------------- Instantiating /home/travis/build/icyphy/ptII/ptolemy/actor/lib/test/auto/LevelCrossTest7.xml
1 ms. Memory: 555008K Free: 230588K (42%)
----------------- Invoking toplevel() on ptolemy.moml.MoMLSimpleApplication@310d7c84
----------------- Done invoking toplevel() on ptolemy.moml.MoMLSimpleApplication@310d7c84
reloadAllAccessors: .LevelCrossTest7

===========================================================================================
----------------- testing Thu Mar 05 07:14:49 UTC 2020 /home/travis/build/icyphy/ptII/ptolemy/actor/lib/test/auto/LevelCrossTest8.xml
----------------- Instantiating /home/travis/build/icyphy/ptII/ptolemy/actor/lib/test/auto/LevelCrossTest8.xml
1 ms. Memory: 555008K Free: 222906K (40%)
----------------- Invoking toplevel() on ptolemy.moml.MoMLSimpleApplication@40ca3fea
----------------- Done invoking toplevel() on ptolemy.moml.MoMLSimpleApplication@40ca3fea
reloadAllAccessors: .LevelCrossTest8

===========================================================================================
----------------- testing Thu Mar 05 07:14:49 UTC 2020 /home/travis/build/icyphy/ptII/ptolemy/actor/lib/test/auto/LevelCrossTest9.xml
----------------- Instantiating /home/travis/build/icyphy/ptII/ptolemy/actor/lib/test/auto/LevelCrossTest9.xml
2 ms. Memory: 555008K Free: 216252K (39%)
----------------- Invoking toplevel() on ptolemy.moml.MoMLSimpleApplication@7e546270
----------------- Done invoking toplevel() on ptolemy.moml.MoMLSimpleApplication@7e546270
reloadAllAccessors: .LevelCrossTest9

===========================================================================================
----------------- testing Thu Mar 05 07:14:49 UTC 2020 /home/travis/build/icyphy/ptII/ptolemy/actor/lib/test/auto/LevinsonDurbin.xml
----------------- Instantiating /home/travis/build/icyphy/ptII/ptolemy/actor/lib/test/auto/LevinsonDurbin.xml
1 ms. Memory: 555008K Free: 212156K (38%)
----------------- Invoking toplevel() on ptolemy.moml.MoMLSimpleApplication@61230b75
----------------- Done invoking toplevel() on ptolemy.moml.MoMLSimpleApplication@61230b75
reloadAllAccessors: .LevinsonDurbin

===========================================================================================
----------------- testing Thu Mar 05 07:14:49 UTC 2020 /home/travis/build/icyphy/ptII/ptolemy/actor/lib/test/auto/LevinsonDurbin2.xml
----------------- Instantiating /home/travis/build/icyphy/ptII/ptolemy/actor/lib/test/auto/LevinsonDurbin2.xml
1 ms. Memory: 555008K Free: 208060K (37%)
----------------- Invoking toplevel() on ptolemy.moml.MoMLSimpleApplication@faedb62
----------------- Done invoking toplevel() on ptolemy.moml.MoMLSimpleApplication@faedb62
reloadAllAccessors: .LevinsonDurbin2

===========================================================================================
----------------- testing Thu Mar 05 07:14:49 UTC 2020 /home/travis/build/icyphy/ptII/ptolemy/actor/lib/test/auto/LevinsonDurbin3.xml
----------------- Instantiating /home/travis/build/icyphy/ptII/ptolemy/actor/lib/test/auto/LevinsonDurbin3.xml
2 ms. Memory: 555008K Free: 203964K (37%)
----------------- Invoking toplevel() on ptolemy.moml.MoMLSimpleApplication@13204825
----------------- Done invoking toplevel() on ptolemy.moml.MoMLSimpleApplication@13204825
reloadAllAccessors: .LevinsonDurbin3

===========================================================================================
----------------- testing Thu Mar 05 07:14:49 UTC 2020 /home/travis/build/icyphy/ptII/ptolemy/actor/lib/test/auto/Limiter.xml
----------------- Instantiating /home/travis/build/icyphy/ptII/ptolemy/actor/lib/test/auto/Limiter.xml
6 ms. Memory: 555008K Free: 194748K (35%)
----------------- Invoking toplevel() on ptolemy.moml.MoMLSimpleApplication@592bdf08
----------------- Done invoking toplevel() on ptolemy.moml.MoMLSimpleApplication@592bdf08
reloadAllAccessors: .Limiter

===========================================================================================
----------------- testing Thu Mar 05 07:14:49 UTC 2020 /home/travis/build/icyphy/ptII/ptolemy/actor/lib/test/auto/LinearDifferenceEquationSystem.xml
----------------- Instantiating /home/travis/build/icyphy/ptII/ptolemy/actor/lib/test/auto/LinearDifferenceEquationSystem.xml
5 ms. Memory: 555008K Free: 187580K (34%)
----------------- Invoking toplevel() on ptolemy.moml.MoMLSimpleApplication@631c65c3
----------------- Done invoking toplevel() on ptolemy.moml.MoMLSimpleApplication@631c65c3
reloadAllAccessors: .LinearDifferenceEquationSystem

===========================================================================================
----------------- testing Thu Mar 05 07:14:49 UTC 2020 /home/travis/build/icyphy/ptII/ptolemy/actor/lib/test/auto/LookupTable.xml
----------------- Instantiating /home/travis/build/icyphy/ptII/ptolemy/actor/lib/test/auto/LookupTable.xml
16 ms. Memory: 555008K Free: 182970K (33%)
----------------- Invoking toplevel() on ptolemy.moml.MoMLSimpleApplication@66fb6d67
----------------- Done invoking toplevel() on ptolemy.moml.MoMLSimpleApplication@66fb6d67
reloadAllAccessors: .LookupTable

===========================================================================================
----------------- testing Thu Mar 05 07:14:49 UTC 2020 /home/travis/build/icyphy/ptII/ptolemy/actor/lib/test/auto/MathFunction.xml
----------------- Instantiating /home/travis/build/icyphy/ptII/ptolemy/actor/lib/test/auto/MathFunction.xml
11 ms. Memory: 555008K Free: 504967K (91%)
----------------- Invoking toplevel() on ptolemy.moml.MoMLSimpleApplication@4a662936
----------------- Done invoking toplevel() on ptolemy.moml.MoMLSimpleApplication@4a662936
reloadAllAccessors: .MathFunction

===========================================================================================
----------------- testing Thu Mar 05 07:14:49 UTC 2020 /home/travis/build/icyphy/ptII/ptolemy/actor/lib/test/auto/MathFunction2.xml
----------------- Instantiating /home/travis/build/icyphy/ptII/ptolemy/actor/lib/test/auto/MathFunction2.xml
5 ms. Memory: 555008K Free: 500357K (90%)
----------------- Invoking toplevel() on ptolemy.moml.MoMLSimpleApplication@458c26e8
----------------- Done invoking toplevel() on ptolemy.moml.MoMLSimpleApplication@458c26e8
reloadAllAccessors: .MathFunction2

===========================================================================================
----------------- testing Thu Mar 05 07:14:49 UTC 2020 /home/travis/build/icyphy/ptII/ptolemy/actor/lib/test/auto/MathFunction3.xml
----------------- Instantiating /home/travis/build/icyphy/ptII/ptolemy/actor/lib/test/auto/MathFunction3.xml
2 ms. Memory: 555008K Free: 493189K (89%)
----------------- Invoking toplevel() on ptolemy.moml.MoMLSimpleApplication@523a92fd
----------------- Done invoking toplevel() on ptolemy.moml.MoMLSimpleApplication@523a92fd
reloadAllAccessors: .MathFunction3

===========================================================================================
----------------- testing Thu Mar 05 07:14:49 UTC 2020 /home/travis/build/icyphy/ptII/ptolemy/actor/lib/test/auto/MatrixCropBoolean.xml
----------------- Instantiating /home/travis/build/icyphy/ptII/ptolemy/actor/lib/test/auto/MatrixCropBoolean.xml
2 ms. Memory: 555008K Free: 488063K (88%)
----------------- Invoking toplevel() on ptolemy.moml.MoMLSimpleApplication@25b873bd
----------------- Done invoking toplevel() on ptolemy.moml.MoMLSimpleApplication@25b873bd
reloadAllAccessors: .MatrixCropBoolean

===========================================================================================
----------------- testing Thu Mar 05 07:14:49 UTC 2020 /home/travis/build/icyphy/ptII/ptolemy/actor/lib/test/auto/MatrixCropComplex.xml
----------------- Instantiating /home/travis/build/icyphy/ptII/ptolemy/actor/lib/test/auto/MatrixCropComplex.xml
2 ms. Memory: 555008K Free: 482919K (87%)
----------------- Invoking toplevel() on ptolemy.moml.MoMLSimpleApplication@48b3677e
----------------- Done invoking toplevel() on ptolemy.moml.MoMLSimpleApplication@48b3677e
reloadAllAccessors: .MatrixCropComplex

===========================================================================================
----------------- testing Thu Mar 05 07:14:49 UTC 2020 /home/travis/build/icyphy/ptII/ptolemy/actor/lib/test/auto/MatrixCropDouble.xml
----------------- Instantiating /home/travis/build/icyphy/ptII/ptolemy/actor/lib/test/auto/MatrixCropDouble.xml
2 ms. Memory: 555008K Free: 477815K (86%)
----------------- Invoking toplevel() on ptolemy.moml.MoMLSimpleApplication@c0ea41c
----------------- Done invoking toplevel() on ptolemy.moml.MoMLSimpleApplication@c0ea41c
reloadAllAccessors: .MatrixCropDouble

===========================================================================================
----------------- testing Thu Mar 05 07:14:49 UTC 2020 /home/travis/build/icyphy/ptII/ptolemy/actor/lib/test/auto/MatrixCropFix.xml
----------------- Instantiating /home/travis/build/icyphy/ptII/ptolemy/actor/lib/test/auto/MatrixCropFix.xml
2 ms. Memory: 555008K Free: 472695K (85%)
----------------- Invoking toplevel() on ptolemy.moml.MoMLSimpleApplication@335eeada
----------------- Done invoking toplevel() on ptolemy.moml.MoMLSimpleApplication@335eeada
reloadAllAccessors: .MatrixCropFix

===========================================================================================
----------------- testing Thu Mar 05 07:14:49 UTC 2020 /home/travis/build/icyphy/ptII/ptolemy/actor/lib/test/auto/MatrixCropInt.xml
----------------- Instantiating /home/travis/build/icyphy/ptII/ptolemy/actor/lib/test/auto/MatrixCropInt.xml
2 ms. Memory: 555008K Free: 467559K (84%)
----------------- Invoking toplevel() on ptolemy.moml.MoMLSimpleApplication@1ab79848
----------------- Done invoking toplevel() on ptolemy.moml.MoMLSimpleApplication@1ab79848
reloadAllAccessors: .MatrixCropInt

===========================================================================================
----------------- testing Thu Mar 05 07:14:49 UTC 2020 /home/travis/build/icyphy/ptII/ptolemy/actor/lib/test/auto/MatrixCropLong.xml
----------------- Instantiating /home/travis/build/icyphy/ptII/ptolemy/actor/lib/test/auto/MatrixCropLong.xml
2 ms. Memory: 555008K Free: 462455K (83%)
----------------- Invoking toplevel() on ptolemy.moml.MoMLSimpleApplication@7758e3c2
----------------- Done invoking toplevel() on ptolemy.moml.MoMLSimpleApplication@7758e3c2
reloadAllAccessors: .MatrixCropLong

===========================================================================================
----------------- testing Thu Mar 05 07:14:49 UTC 2020 /home/travis/build/icyphy/ptII/ptolemy/actor/lib/test/auto/MatrixToArray.xml
----------------- Instantiating /home/travis/build/icyphy/ptII/ptolemy/actor/lib/test/auto/MatrixToArray.xml
5 ms. Memory: 555008K Free: 447109K (81%)
----------------- Invoking toplevel() on ptolemy.moml.MoMLSimpleApplication@4c06ff99
----------------- Done invoking toplevel() on ptolemy.moml.MoMLSimpleApplication@4c06ff99
reloadAllAccessors: .MatrixToArray

===========================================================================================
----------------- testing Thu Mar 05 07:14:49 UTC 2020 /home/travis/build/icyphy/ptII/ptolemy/actor/lib/test/auto/MaxIndex.xml
----------------- Instantiating /home/travis/build/icyphy/ptII/ptolemy/actor/lib/test/auto/MaxIndex.xml
2 ms. Memory: 555008K Free: 441989K (80%)
----------------- Invoking toplevel() on ptolemy.moml.MoMLSimpleApplication@419be90c
----------------- Done invoking toplevel() on ptolemy.moml.MoMLSimpleApplication@419be90c
reloadAllAccessors: .MaxIndex

===========================================================================================
----------------- testing Thu Mar 05 07:14:49 UTC 2020 /home/travis/build/icyphy/ptII/ptolemy/actor/lib/test/auto/Maximum.xml
----------------- Instantiating /home/travis/build/icyphy/ptII/ptolemy/actor/lib/test/auto/Maximum.xml
2 ms. Memory: 555008K Free: 435335K (78%)
----------------- Invoking toplevel() on ptolemy.moml.MoMLSimpleApplication@722b626d
----------------- Done invoking toplevel() on ptolemy.moml.MoMLSimpleApplication@722b626d
reloadAllAccessors: .Maximum

===========================================================================================
----------------- testing Thu Mar 05 07:14:49 UTC 2020 /home/travis/build/icyphy/ptII/ptolemy/actor/lib/test/auto/MaximumComplex.xml
----------------- Instantiating /home/travis/build/icyphy/ptII/ptolemy/actor/lib/test/auto/MaximumComplex.xml
5 ms. Memory: 555008K Free: 429191K (77%)
----------------- Invoking toplevel() on ptolemy.moml.MoMLSimpleApplication@2b7defc2
----------------- Done invoking toplevel() on ptolemy.moml.MoMLSimpleApplication@2b7defc2
reloadAllAccessors: .MaximumComplex

===========================================================================================
----------------- testing Thu Mar 05 07:14:49 UTC 2020 /home/travis/build/icyphy/ptII/ptolemy/actor/lib/test/auto/MethodCallTest.xml
----------------- Instantiating /home/travis/build/icyphy/ptII/ptolemy/actor/lib/test/auto/MethodCallTest.xml
6 ms. Memory: 555008K Free: 422533K (76%)
----------------- Invoking toplevel() on ptolemy.moml.MoMLSimpleApplication@35b4a2d5
----------------- Done invoking toplevel() on ptolemy.moml.MoMLSimpleApplication@35b4a2d5
reloadAllAccessors: .MethodCallTest

===========================================================================================
----------------- testing Thu Mar 05 07:14:49 UTC 2020 /home/travis/build/icyphy/ptII/ptolemy/actor/lib/test/auto/Minimum.xml
----------------- Instantiating /home/travis/build/icyphy/ptII/ptolemy/actor/lib/test/auto/Minimum.xml
2 ms. Memory: 555008K Free: 415879K (75%)
----------------- Invoking toplevel() on ptolemy.moml.MoMLSimpleApplication@2c3a09c7
----------------- Done invoking toplevel() on ptolemy.moml.MoMLSimpleApplication@2c3a09c7
reloadAllAccessors: .Minimum

===========================================================================================
----------------- testing Thu Mar 05 07:14:49 UTC 2020 /home/travis/build/icyphy/ptII/ptolemy/actor/lib/test/auto/MinimumComplex.xml
----------------- Instantiating /home/travis/build/icyphy/ptII/ptolemy/actor/lib/test/auto/MinimumComplex.xml
3 ms. Memory: 555008K Free: 409735K (74%)
----------------- Invoking toplevel() on ptolemy.moml.MoMLSimpleApplication@542f50d5
----------------- Done invoking toplevel() on ptolemy.moml.MoMLSimpleApplication@542f50d5
reloadAllAccessors: .MinimumComplex

===========================================================================================
----------------- testing Thu Mar 05 07:14:50 UTC 2020 /home/travis/build/icyphy/ptII/ptolemy/actor/lib/test/auto/MinimumMultiports.xml
----------------- Instantiating /home/travis/build/icyphy/ptII/ptolemy/actor/lib/test/auto/MinimumMultiports.xml
4 ms. Memory: 555008K Free: 401029K (72%)
----------------- Invoking toplevel() on ptolemy.moml.MoMLSimpleApplication@2bf36167
----------------- Done invoking toplevel() on ptolemy.moml.MoMLSimpleApplication@2bf36167
reloadAllAccessors: .MinimumMultiports

===========================================================================================
----------------- testing Thu Mar 05 07:14:50 UTC 2020 /home/travis/build/icyphy/ptII/ptolemy/actor/lib/test/auto/ModifyDate.xml
----------------- Instantiating /home/travis/build/icyphy/ptII/ptolemy/actor/lib/test/auto/ModifyDate.xml
5 ms. Memory: 555008K Free: 388231K (70%)
----------------- Invoking toplevel() on ptolemy.moml.MoMLSimpleApplication@784b7e2b
----------------- Done invoking toplevel() on ptolemy.moml.MoMLSimpleApplication@784b7e2b
reloadAllAccessors: .ModifyDate

===========================================================================================
----------------- testing Thu Mar 05 07:14:50 UTC 2020 /home/travis/build/icyphy/ptII/ptolemy/actor/lib/test/auto/ModifyDate2.xml
----------------- Instantiating /home/travis/build/icyphy/ptII/ptolemy/actor/lib/test/auto/ModifyDate2.xml
3 ms. Memory: 555008K Free: 379525K (68%)
----------------- Invoking toplevel() on ptolemy.moml.MoMLSimpleApplication@7cfa0456
----------------- Done invoking toplevel() on ptolemy.moml.MoMLSimpleApplication@7cfa0456
reloadAllAccessors: .ModifyDate2

===========================================================================================
----------------- testing Thu Mar 05 07:14:50 UTC 2020 /home/travis/build/icyphy/ptII/ptolemy/actor/lib/test/auto/MovingAverage.xml
----------------- Instantiating /home/travis/build/icyphy/ptII/ptolemy/actor/lib/test/auto/MovingAverage.xml
2 ms. Memory: 555008K Free: 374405K (67%)
----------------- Invoking toplevel() on ptolemy.moml.MoMLSimpleApplication@702c020c
----------------- Done invoking toplevel() on ptolemy.moml.MoMLSimpleApplication@702c020c
reloadAllAccessors: .MovingAverage

===========================================================================================
----------------- testing Thu Mar 05 07:14:50 UTC 2020 /home/travis/build/icyphy/ptII/ptolemy/actor/lib/test/auto/MovingMaximum.xml
----------------- Instantiating /home/travis/build/icyphy/ptII/ptolemy/actor/lib/test/auto/MovingMaximum.xml
1 ms. Memory: 555008K Free: 369799K (67%)
----------------- Invoking toplevel() on ptolemy.moml.MoMLSimpleApplication@44f11f81
----------------- Done invoking toplevel() on ptolemy.moml.MoMLSimpleApplication@44f11f81
reloadAllAccessors: .MovingMaximum

===========================================================================================
----------------- testing Thu Mar 05 07:14:50 UTC 2020 /home/travis/build/icyphy/ptII/ptolemy/actor/lib/test/auto/MultipleLinksToSameRelation.xml
----------------- Instantiating /home/travis/build/icyphy/ptII/ptolemy/actor/lib/test/auto/MultipleLinksToSameRelation.xml
2 ms. Memory: 555008K Free: 365703K (66%)
----------------- Invoking toplevel() on ptolemy.moml.MoMLSimpleApplication@2f401880
----------------- Done invoking toplevel() on ptolemy.moml.MoMLSimpleApplication@2f401880
reloadAllAccessors: .MultipleLinksToSameRelation

===========================================================================================
----------------- testing Thu Mar 05 07:14:50 UTC 2020 /home/travis/build/icyphy/ptII/ptolemy/actor/lib/test/auto/MultipleLinksToSameRelationDE.xml
----------------- Instantiating /home/travis/build/icyphy/ptII/ptolemy/actor/lib/test/auto/MultipleLinksToSameRelationDE.xml
2 ms. Memory: 555008K Free: 361063K (65%)
----------------- Invoking toplevel() on ptolemy.moml.MoMLSimpleApplication@69f779cc
----------------- Done invoking toplevel() on ptolemy.moml.MoMLSimpleApplication@69f779cc
reloadAllAccessors: .MultipleLinksToSameRelationDE

===========================================================================================
----------------- testing Thu Mar 05 07:14:50 UTC 2020 /home/travis/build/icyphy/ptII/ptolemy/actor/lib/test/auto/Multiplexor.xml
----------------- Instantiating /home/travis/build/icyphy/ptII/ptolemy/actor/lib/test/auto/Multiplexor.xml
2 ms. Memory: 555008K Free: 355463K (64%)
----------------- Invoking toplevel() on ptolemy.moml.MoMLSimpleApplication@94cabf5
----------------- Done invoking toplevel() on ptolemy.moml.MoMLSimpleApplication@94cabf5
reloadAllAccessors: .Multiplexor

===========================================================================================
----------------- testing Thu Mar 05 07:14:50 UTC 2020 /home/travis/build/icyphy/ptII/ptolemy/actor/lib/test/auto/Multiplexor1.xml
----------------- Instantiating /home/travis/build/icyphy/ptII/ptolemy/actor/lib/test/auto/Multiplexor1.xml
2 ms. Memory: 555008K Free: 349319K (63%)
----------------- Invoking toplevel() on ptolemy.moml.MoMLSimpleApplication@444cec77
----------------- Done invoking toplevel() on ptolemy.moml.MoMLSimpleApplication@444cec77
reloadAllAccessors: .Multiplexor1

===========================================================================================
----------------- testing Thu Mar 05 07:14:50 UTC 2020 /home/travis/build/icyphy/ptII/ptolemy/actor/lib/test/auto/Multiplexor2.xml
----------------- Instantiating /home/travis/build/icyphy/ptII/ptolemy/actor/lib/test/auto/Multiplexor2.xml
2 ms. Memory: 555008K Free: 342661K (62%)
----------------- Invoking toplevel() on ptolemy.moml.MoMLSimpleApplication@5c87fe3e
----------------- Done invoking toplevel() on ptolemy.moml.MoMLSimpleApplication@5c87fe3e
reloadAllAccessors: .Multiplexor2

===========================================================================================
----------------- testing Thu Mar 05 07:14:50 UTC 2020 /home/travis/build/icyphy/ptII/ptolemy/actor/lib/test/auto/Multiplexor3.xml
----------------- Instantiating /home/travis/build/icyphy/ptII/ptolemy/actor/lib/test/auto/Multiplexor3.xml
1 ms. Memory: 555008K Free: 338565K (61%)
----------------- Invoking toplevel() on ptolemy.moml.MoMLSimpleApplication@562f6877
----------------- Done invoking toplevel() on ptolemy.moml.MoMLSimpleApplication@562f6877
reloadAllAccessors: .Multiplexor3

===========================================================================================
----------------- testing Thu Mar 05 07:14:50 UTC 2020 /home/travis/build/icyphy/ptII/ptolemy/actor/lib/test/auto/MultiplexorDE.xml
----------------- Instantiating /home/travis/build/icyphy/ptII/ptolemy/actor/lib/test/auto/MultiplexorDE.xml
3 ms. Memory: 555008K Free: 330887K (60%)
----------------- Invoking toplevel() on ptolemy.moml.MoMLSimpleApplication@43b4b992
----------------- Done invoking toplevel() on ptolemy.moml.MoMLSimpleApplication@43b4b992
reloadAllAccessors: .MultiplexorDE

===========================================================================================
----------------- testing Thu Mar 05 07:14:50 UTC 2020 /home/travis/build/icyphy/ptII/ptolemy/actor/lib/test/auto/MultiportBroadcastTest.xml
----------------- Instantiating /home/travis/build/icyphy/ptII/ptolemy/actor/lib/test/auto/MultiportBroadcastTest.xml
89 ms. Memory: 555008K Free: 324743K (59%)
----------------- Invoking toplevel() on ptolemy.moml.MoMLSimpleApplication@22e3ae56
----------------- Done invoking toplevel() on ptolemy.moml.MoMLSimpleApplication@22e3ae56
reloadAllAccessors: .MultiportBroadcastTest

===========================================================================================
----------------- testing Thu Mar 05 07:14:50 UTC 2020 /home/travis/build/icyphy/ptII/ptolemy/actor/lib/test/auto/MultiportOutHangDuringGetWidth.xml
----------------- Instantiating /home/travis/build/icyphy/ptII/ptolemy/actor/lib/test/auto/MultiportOutHangDuringGetWidth.xml
6 ms. Memory: 555008K Free: 312455K (56%)
----------------- Invoking toplevel() on ptolemy.moml.MoMLSimpleApplication@4b63b8a7
----------------- Done invoking toplevel() on ptolemy.moml.MoMLSimpleApplication@4b63b8a7
reloadAllAccessors: .MultiportOutHangDuringGetWidth

===========================================================================================
----------------- testing Thu Mar 05 07:14:50 UTC 2020 /home/travis/build/icyphy/ptII/ptolemy/actor/lib/test/auto/NilToken.xml
----------------- Instantiating /home/travis/build/icyphy/ptII/ptolemy/actor/lib/test/auto/NilToken.xml
1 ms. Memory: 555008K Free: 307845K (55%)
----------------- Invoking toplevel() on ptolemy.moml.MoMLSimpleApplication@37ef4754
----------------- Done invoking toplevel() on ptolemy.moml.MoMLSimpleApplication@37ef4754
reloadAllAccessors: .NilToken

===========================================================================================
----------------- testing Thu Mar 05 07:14:50 UTC 2020 /home/travis/build/icyphy/ptII/ptolemy/actor/lib/test/auto/NilTokenNonStrictTest.xml
----------------- Instantiating /home/travis/build/icyphy/ptII/ptolemy/actor/lib/test/auto/NilTokenNonStrictTest.xml
2 ms. Memory: 555008K Free: 302725K (55%)
----------------- Invoking toplevel() on ptolemy.moml.MoMLSimpleApplication@1eb09f5d
----------------- Done invoking toplevel() on ptolemy.moml.MoMLSimpleApplication@1eb09f5d
reloadAllAccessors: .NilTokenNonStrictTest

===========================================================================================
----------------- testing Thu Mar 05 07:14:50 UTC 2020 /home/travis/build/icyphy/ptII/ptolemy/actor/lib/test/auto/NilTokenRecord.xml
----------------- Instantiating /home/travis/build/icyphy/ptII/ptolemy/actor/lib/test/auto/NilTokenRecord.xml
6 ms. Memory: 555008K Free: 296071K (53%)
----------------- Invoking toplevel() on ptolemy.moml.MoMLSimpleApplication@43537956
----------------- Done invoking toplevel() on ptolemy.moml.MoMLSimpleApplication@43537956
reloadAllAccessors: .NilTokenRecord

===========================================================================================
----------------- testing Thu Mar 05 07:14:50 UTC 2020 /home/travis/build/icyphy/ptII/ptolemy/actor/lib/test/auto/NilTokenTypeTest.xml
----------------- Instantiating /home/travis/build/icyphy/ptII/ptolemy/actor/lib/test/auto/NilTokenTypeTest.xml
10 ms. Memory: 555008K Free: 286341K (52%)
----------------- Invoking toplevel() on ptolemy.moml.MoMLSimpleApplication@60b17a2e
----------------- Done invoking toplevel() on ptolemy.moml.MoMLSimpleApplication@60b17a2e
reloadAllAccessors: .NilTokenTypeTest

===========================================================================================
----------------- testing Thu Mar 05 07:14:50 UTC 2020 /home/travis/build/icyphy/ptII/ptolemy/actor/lib/test/auto/ObjectToken1.xml
----------------- Instantiating /home/travis/build/icyphy/ptII/ptolemy/actor/lib/test/auto/ObjectToken1.xml
3 ms. Memory: 555008K Free: 282245K (51%)
----------------- Invoking toplevel() on ptolemy.moml.MoMLSimpleApplication@599dec29
----------------- Done invoking toplevel() on ptolemy.moml.MoMLSimpleApplication@599dec29
reloadAllAccessors: .ObjectToken1

===========================================================================================
----------------- testing Thu Mar 05 07:14:50 UTC 2020 /home/travis/build/icyphy/ptII/ptolemy/actor/lib/test/auto/OrderedMerge.xml
----------------- Instantiating /home/travis/build/icyphy/ptII/ptolemy/actor/lib/test/auto/OrderedMerge.xml
10 ms. Memory: 555008K Free: 276615K (50%)
----------------- Invoking toplevel() on ptolemy.moml.MoMLSimpleApplication@62d37236
----------------- Done invoking toplevel() on ptolemy.moml.MoMLSimpleApplication@62d37236
reloadAllAccessors: .OrderedMerge

===========================================================================================
----------------- testing Thu Mar 05 07:14:50 UTC 2020 /home/travis/build/icyphy/ptII/ptolemy/actor/lib/test/auto/OrderedRecordDisassembler.xml
----------------- Instantiating /home/travis/build/icyphy/ptII/ptolemy/actor/lib/test/auto/OrderedRecordDisassembler.xml
3 ms. Memory: 555008K Free: 271495K (49%)
----------------- Invoking toplevel() on ptolemy.moml.MoMLSimpleApplication@32ddb123
----------------- Done invoking toplevel() on ptolemy.moml.MoMLSimpleApplication@32ddb123
reloadAllAccessors: .OrderedRecordDisassembler

===========================================================================================
----------------- testing Thu Mar 05 07:14:50 UTC 2020 /home/travis/build/icyphy/ptII/ptolemy/actor/lib/test/auto/OrderedRecordDisassembler2.xml
----------------- Instantiating /home/travis/build/icyphy/ptII/ptolemy/actor/lib/test/auto/OrderedRecordDisassembler2.xml
4 ms. Memory: 555008K Free: 263799K (48%)
----------------- Invoking toplevel() on ptolemy.moml.MoMLSimpleApplication@7e1d2c4e
----------------- Done invoking toplevel() on ptolemy.moml.MoMLSimpleApplication@7e1d2c4e
reloadAllAccessors: .OrderedRecordDisassembler2

===========================================================================================
----------------- testing Thu Mar 05 07:14:50 UTC 2020 /home/travis/build/icyphy/ptII/ptolemy/actor/lib/test/auto/OrderedRecordUpdater.xml
----------------- Instantiating /home/travis/build/icyphy/ptII/ptolemy/actor/lib/test/auto/OrderedRecordUpdater.xml
1 ms. Memory: 555008K Free: 259205K (47%)
----------------- Invoking toplevel() on ptolemy.moml.MoMLSimpleApplication@26da67ee
----------------- Done invoking toplevel() on ptolemy.moml.MoMLSimpleApplication@26da67ee
reloadAllAccessors: .RecordUpdater

===========================================================================================
----------------- testing Thu Mar 05 07:14:50 UTC 2020 /home/travis/build/icyphy/ptII/ptolemy/actor/lib/test/auto/OrderedRecordUpdater2.xml
----------------- Instantiating /home/travis/build/icyphy/ptII/ptolemy/actor/lib/test/auto/OrderedRecordUpdater2.xml
3 ms. Memory: 555008K Free: 254597K (46%)
----------------- Invoking toplevel() on ptolemy.moml.MoMLSimpleApplication@60403c1b
----------------- Done invoking toplevel() on ptolemy.moml.MoMLSimpleApplication@60403c1b
reloadAllAccessors: .RecordUpdater2

===========================================================================================
----------------- testing Thu Mar 05 07:14:50 UTC 2020 /home/travis/build/icyphy/ptII/ptolemy/actor/lib/test/auto/PhaseUnwrap.xml
----------------- Instantiating /home/travis/build/icyphy/ptII/ptolemy/actor/lib/test/auto/PhaseUnwrap.xml
2 ms. Memory: 555008K Free: 249991K (45%)
----------------- Invoking toplevel() on ptolemy.moml.MoMLSimpleApplication@47812ef7
----------------- Done invoking toplevel() on ptolemy.moml.MoMLSimpleApplication@47812ef7
reloadAllAccessors: .PhaseUnwrap

===========================================================================================
----------------- testing Thu Mar 05 07:14:50 UTC 2020 /home/travis/build/icyphy/ptII/ptolemy/actor/lib/test/auto/PoissonClock.xml
----------------- Instantiating /home/travis/build/icyphy/ptII/ptolemy/actor/lib/test/auto/PoissonClock.xml
1 ms. Memory: 555008K Free: 245895K (44%)
----------------- Invoking toplevel() on ptolemy.moml.MoMLSimpleApplication@6eff4256
----------------- Done invoking toplevel() on ptolemy.moml.MoMLSimpleApplication@6eff4256
reloadAllAccessors: .PoissonClock

===========================================================================================
----------------- testing Thu Mar 05 07:14:50 UTC 2020 /home/travis/build/icyphy/ptII/ptolemy/actor/lib/test/auto/PoissonClock2.xml
----------------- Instantiating /home/travis/build/icyphy/ptII/ptolemy/actor/lib/test/auto/PoissonClock2.xml
2 ms. Memory: 555008K Free: 241799K (44%)
----------------- Invoking toplevel() on ptolemy.moml.MoMLSimpleApplication@44093d8b
----------------- Done invoking toplevel() on ptolemy.moml.MoMLSimpleApplication@44093d8b
reloadAllAccessors: .PoissonClock2

===========================================================================================
----------------- testing Thu Mar 05 07:14:50 UTC 2020 /home/travis/build/icyphy/ptII/ptolemy/actor/lib/test/auto/PoissonClock3.xml
----------------- Instantiating /home/travis/build/icyphy/ptII/ptolemy/actor/lib/test/auto/PoissonClock3.xml
1 ms. Memory: 555008K Free: 237189K (43%)
----------------- Invoking toplevel() on ptolemy.moml.MoMLSimpleApplication@5783409
----------------- Done invoking toplevel() on ptolemy.moml.MoMLSimpleApplication@5783409
reloadAllAccessors: .PoissonClock3

===========================================================================================
----------------- testing Thu Mar 05 07:14:50 UTC 2020 /home/travis/build/icyphy/ptII/ptolemy/actor/lib/test/auto/PubSubWithInitialTokens.xml
----------------- Instantiating /home/travis/build/icyphy/ptII/ptolemy/actor/lib/test/auto/PubSubWithInitialTokens.xml
3 ms. Memory: 555008K Free: 231559K (42%)
----------------- Invoking toplevel() on ptolemy.moml.MoMLSimpleApplication@6ff7009f
----------------- Done invoking toplevel() on ptolemy.moml.MoMLSimpleApplication@6ff7009f
reloadAllAccessors: .PubSubWithInitialTokens

===========================================================================================
----------------- testing Thu Mar 05 07:14:50 UTC 2020 /home/travis/build/icyphy/ptII/ptolemy/actor/lib/test/auto/PubSubWithInitialTokens2.xml
----------------- Instantiating /home/travis/build/icyphy/ptII/ptolemy/actor/lib/test/auto/PubSubWithInitialTokens2.xml
2 ms. Memory: 555008K Free: 224895K (41%)
----------------- Invoking toplevel() on ptolemy.moml.MoMLSimpleApplication@56fe5432
----------------- Done invoking toplevel() on ptolemy.moml.MoMLSimpleApplication@56fe5432
reloadAllAccessors: .PubSubWithInitialTokens2

===========================================================================================
----------------- testing Thu Mar 05 07:14:50 UTC 2020 /home/travis/build/icyphy/ptII/ptolemy/actor/lib/test/auto/PublisherClassNoParameter.xml
----------------- Instantiating /home/travis/build/icyphy/ptII/ptolemy/actor/lib/test/auto/PublisherClassNoParameter.xml
2 ms. Memory: 555008K Free: 215175K (39%)
----------------- Invoking toplevel() on ptolemy.moml.MoMLSimpleApplication@74a6655c
----------------- Done invoking toplevel() on ptolemy.moml.MoMLSimpleApplication@74a6655c
reloadAllAccessors: .PublisherClassNoParameter

===========================================================================================
----------------- testing Thu Mar 05 07:14:50 UTC 2020 /home/travis/build/icyphy/ptII/ptolemy/actor/lib/test/auto/PublisherClassParameter.xml
----------------- Instantiating /home/travis/build/icyphy/ptII/ptolemy/actor/lib/test/auto/PublisherClassParameter.xml
2 ms. Memory: 555008K Free: 204935K (37%)
----------------- Invoking toplevel() on ptolemy.moml.MoMLSimpleApplication@66ccb440
----------------- Done invoking toplevel() on ptolemy.moml.MoMLSimpleApplication@66ccb440
reloadAllAccessors: .PublisherClassParameter

===========================================================================================
----------------- testing Thu Mar 05 07:14:50 UTC 2020 /home/travis/build/icyphy/ptII/ptolemy/actor/lib/test/auto/PublisherNonStrictTest.xml
----------------- Instantiating /home/travis/build/icyphy/ptII/ptolemy/actor/lib/test/auto/PublisherNonStrictTest.xml
2 ms. Memory: 555008K Free: 197247K (36%)
----------------- Invoking toplevel() on ptolemy.moml.MoMLSimpleApplication@482a5cd0
----------------- Done invoking toplevel() on ptolemy.moml.MoMLSimpleApplication@482a5cd0
reloadAllAccessors: .PublisherNonStrictTest

===========================================================================================
----------------- testing Thu Mar 05 07:14:50 UTC 2020 /home/travis/build/icyphy/ptII/ptolemy/actor/lib/test/auto/PublisherPort1.xml
----------------- Instantiating /home/travis/build/icyphy/ptII/ptolemy/actor/lib/test/auto/PublisherPort1.xml
3 ms. Memory: 555008K Free: 191623K (35%)
----------------- Invoking toplevel() on ptolemy.moml.MoMLSimpleApplication@12816386
----------------- Done invoking toplevel() on ptolemy.moml.MoMLSimpleApplication@12816386
reloadAllAccessors: .PublisherPort1

===========================================================================================
----------------- testing Thu Mar 05 07:14:50 UTC 2020 /home/travis/build/icyphy/ptII/ptolemy/actor/lib/test/auto/PublisherPort2.xml
----------------- Instantiating /home/travis/build/icyphy/ptII/ptolemy/actor/lib/test/auto/PublisherPort2.xml
1 ms. Memory: 555008K Free: 186503K (34%)
----------------- Invoking toplevel() on ptolemy.moml.MoMLSimpleApplication@639e2604
----------------- Done invoking toplevel() on ptolemy.moml.MoMLSimpleApplication@639e2604
reloadAllAccessors: .PublisherPort2

===========================================================================================
----------------- testing Thu Mar 05 07:14:50 UTC 2020 /home/travis/build/icyphy/ptII/ptolemy/actor/lib/test/auto/PublisherPort3.xml
----------------- Instantiating /home/travis/build/icyphy/ptII/ptolemy/actor/lib/test/auto/PublisherPort3.xml
13 ms. Memory: 555008K Free: 179815K (32%)
----------------- Invoking toplevel() on ptolemy.moml.MoMLSimpleApplication@48bf1c2f
----------------- Done invoking toplevel() on ptolemy.moml.MoMLSimpleApplication@48bf1c2f
reloadAllAccessors: .PublisherPort3

===========================================================================================
----------------- testing Thu Mar 05 07:14:50 UTC 2020 /home/travis/build/icyphy/ptII/ptolemy/actor/lib/test/auto/PublisherPort4.xml
----------------- Instantiating /home/travis/build/icyphy/ptII/ptolemy/actor/lib/test/auto/PublisherPort4.xml
5 ms. Memory: 555008K Free: 503636K (91%)
----------------- Invoking toplevel() on ptolemy.moml.MoMLSimpleApplication@240248d6
----------------- Done invoking toplevel() on ptolemy.moml.MoMLSimpleApplication@240248d6
reloadAllAccessors: .PublisherPort4

===========================================================================================
----------------- testing Thu Mar 05 07:14:50 UTC 2020 /home/travis/build/icyphy/ptII/ptolemy/actor/lib/test/auto/PublisherPort5.xml
----------------- Instantiating /home/travis/build/icyphy/ptII/ptolemy/actor/lib/test/auto/PublisherPort5.xml
4 ms. Memory: 555008K Free: 495444K (89%)
----------------- Invoking toplevel() on ptolemy.moml.MoMLSimpleApplication@7556d39d
----------------- Done invoking toplevel() on ptolemy.moml.MoMLSimpleApplication@7556d39d
reloadAllAccessors: .PublisherPort5

===========================================================================================
----------------- testing Thu Mar 05 07:14:50 UTC 2020 /home/travis/build/icyphy/ptII/ptolemy/actor/lib/test/auto/PublisherPort5LookAlike.xml
----------------- Instantiating /home/travis/build/icyphy/ptII/ptolemy/actor/lib/test/auto/PublisherPort5LookAlike.xml
7 ms. Memory: 555008K Free: 487762K (88%)
----------------- Invoking toplevel() on ptolemy.moml.MoMLSimpleApplication@3d2ebc1d
----------------- Done invoking toplevel() on ptolemy.moml.MoMLSimpleApplication@3d2ebc1d
reloadAllAccessors: .PublisherPort5LookAlike

===========================================================================================
----------------- testing Thu Mar 05 07:14:50 UTC 2020 /home/travis/build/icyphy/ptII/ptolemy/actor/lib/test/auto/PublisherPort6.xml
----------------- Instantiating /home/travis/build/icyphy/ptII/ptolemy/actor/lib/test/auto/PublisherPort6.xml
2 ms. Memory: 555008K Free: 481108K (87%)
----------------- Invoking toplevel() on ptolemy.moml.MoMLSimpleApplication@749a1e87
----------------- Done invoking toplevel() on ptolemy.moml.MoMLSimpleApplication@749a1e87
reloadAllAccessors: .PublisherPort6

===========================================================================================
----------------- testing Thu Mar 05 07:14:50 UTC 2020 /home/travis/build/icyphy/ptII/ptolemy/actor/lib/test/auto/PublisherPort7.xml
----------------- Instantiating /home/travis/build/icyphy/ptII/ptolemy/actor/lib/test/auto/PublisherPort7.xml
3 ms. Memory: 555008K Free: 473426K (85%)
----------------- Invoking toplevel() on ptolemy.moml.MoMLSimpleApplication@332c66d5
----------------- Done invoking toplevel() on ptolemy.moml.MoMLSimpleApplication@332c66d5
reloadAllAccessors: .PublisherPort7

===========================================================================================
----------------- testing Thu Mar 05 07:14:50 UTC 2020 /home/travis/build/icyphy/ptII/ptolemy/actor/lib/test/auto/PublisherPort8.xml
----------------- Instantiating /home/travis/build/icyphy/ptII/ptolemy/actor/lib/test/auto/PublisherPort8.xml
5 ms. Memory: 555008K Free: 464724K (84%)
----------------- Invoking toplevel() on ptolemy.moml.MoMLSimpleApplication@3ad14585
----------------- Done invoking toplevel() on ptolemy.moml.MoMLSimpleApplication@3ad14585
reloadAllAccessors: .PublisherPort8

===========================================================================================
----------------- testing Thu Mar 05 07:14:50 UTC 2020 /home/travis/build/icyphy/ptII/ptolemy/actor/lib/test/auto/PublisherPortSubscriberChannelVariablesAOC2.xml
----------------- Instantiating /home/travis/build/icyphy/ptII/ptolemy/actor/lib/test/auto/PublisherPortSubscriberChannelVariablesAOC2.xml
3 ms. Memory: 555008K Free: 447316K (81%)
----------------- Invoking toplevel() on ptolemy.moml.MoMLSimpleApplication@7f7ea334
----------------- Done invoking toplevel() on ptolemy.moml.MoMLSimpleApplication@7f7ea334
reloadAllAccessors: .PublisherPortSubscriberChannelVariablesAOC2

===========================================================================================
----------------- testing Thu Mar 05 07:14:51 UTC 2020 /home/travis/build/icyphy/ptII/ptolemy/actor/lib/test/auto/PublisherPortSubscriberOpaqueWidthInference.xml
----------------- Instantiating /home/travis/build/icyphy/ptII/ptolemy/actor/lib/test/auto/PublisherPortSubscriberOpaqueWidthInference.xml
3 ms. Memory: 555008K Free: 439124K (79%)
----------------- Invoking toplevel() on ptolemy.moml.MoMLSimpleApplication@78da7db
----------------- Done invoking toplevel() on ptolemy.moml.MoMLSimpleApplication@78da7db
reloadAllAccessors: .PublisherPortSubscriberOpaqueWidthInference

===========================================================================================
----------------- testing Thu Mar 05 07:14:51 UTC 2020 /home/travis/build/icyphy/ptII/ptolemy/actor/lib/test/auto/PublisherPortSubscriberPortAdjacent.xml
----------------- Instantiating /home/travis/build/icyphy/ptII/ptolemy/actor/lib/test/auto/PublisherPortSubscriberPortAdjacent.xml
1 ms. Memory: 555008K Free: 430932K (78%)
----------------- Invoking toplevel() on ptolemy.moml.MoMLSimpleApplication@6ce4143e
----------------- Done invoking toplevel() on ptolemy.moml.MoMLSimpleApplication@6ce4143e
reloadAllAccessors: .PublisherPortSubscriberPortAdjacent

===========================================================================================
----------------- testing Thu Mar 05 07:14:51 UTC 2020 /home/travis/build/icyphy/ptII/ptolemy/actor/lib/test/auto/PublisherPortSubscriberPortExpression.xml
----------------- Instantiating /home/travis/build/icyphy/ptII/ptolemy/actor/lib/test/auto/PublisherPortSubscriberPortExpression.xml
4 ms. Memory: 555008K Free: 422740K (76%)
----------------- Invoking toplevel() on ptolemy.moml.MoMLSimpleApplication@698e2f61
----------------- Done invoking toplevel() on ptolemy.moml.MoMLSimpleApplication@698e2f61
reloadAllAccessors: .PublisherPortSubscriberPortExpression

===========================================================================================
----------------- testing Thu Mar 05 07:14:51 UTC 2020 /home/travis/build/icyphy/ptII/ptolemy/actor/lib/test/auto/PublisherPortSubscriberPortOpaqueD3Reverse.xml
----------------- Instantiating /home/travis/build/icyphy/ptII/ptolemy/actor/lib/test/auto/PublisherPortSubscriberPortOpaqueD3Reverse.xml
6 ms. Memory: 555008K Free: 412500K (74%)
----------------- Invoking toplevel() on ptolemy.moml.MoMLSimpleApplication@e872fe2
----------------- Done invoking toplevel() on ptolemy.moml.MoMLSimpleApplication@e872fe2
reloadAllAccessors: .PublisherPortSubscriberPortOpaqueD3Reverse

===========================================================================================
----------------- testing Thu Mar 05 07:14:51 UTC 2020 /home/travis/build/icyphy/ptII/ptolemy/actor/lib/test/auto/PublisherPortSubscriberPortOpaqueWidthInference.xml
----------------- Instantiating /home/travis/build/icyphy/ptII/ptolemy/actor/lib/test/auto/PublisherPortSubscriberPortOpaqueWidthInference.xml
3 ms. Memory: 555008K Free: 404804K (73%)
----------------- Invoking toplevel() on ptolemy.moml.MoMLSimpleApplication@79eff6b5
----------------- Done invoking toplevel() on ptolemy.moml.MoMLSimpleApplication@79eff6b5
reloadAllAccessors: .PublisherPortSubscriberPortOpaqueWidthInference

===========================================================================================
----------------- testing Thu Mar 05 07:14:51 UTC 2020 /home/travis/build/icyphy/ptII/ptolemy/actor/lib/test/auto/PublisherPortToplevelSubscriberPortAOC.xml
----------------- Instantiating /home/travis/build/icyphy/ptII/ptolemy/actor/lib/test/auto/PublisherPortToplevelSubscriberPortAOC.xml
.PublisherPortToplevelSubscriberPortAOC.TestExceptionAttribute: initialize() was not invoked, but wrapup() was.  This is unusual, but not always a problem.  For example, exporting JNLP will do this.
1 ms. Memory: 555008K Free: 399188K (72%)
----------------- Invoking toplevel() on ptolemy.moml.MoMLSimpleApplication@21e42ceb
----------------- Done invoking toplevel() on ptolemy.moml.MoMLSimpleApplication@21e42ceb
reloadAllAccessors: .PublisherPortToplevelSubscriberPortAOC

===========================================================================================
----------------- testing Thu Mar 05 07:14:51 UTC 2020 /home/travis/build/icyphy/ptII/ptolemy/actor/lib/test/auto/PublisherSubscriber.xml
----------------- Instantiating /home/travis/build/icyphy/ptII/ptolemy/actor/lib/test/auto/PublisherSubscriber.xml
3 ms. Memory: 555008K Free: 391476K (71%)
----------------- Invoking toplevel() on ptolemy.moml.MoMLSimpleApplication@61f098df
----------------- Done invoking toplevel() on ptolemy.moml.MoMLSimpleApplication@61f098df
reloadAllAccessors: .PublisherSubscriber

===========================================================================================
----------------- testing Thu Mar 05 07:14:51 UTC 2020 /home/travis/build/icyphy/ptII/ptolemy/actor/lib/test/auto/PublisherSubscriber10.xml
----------------- Instantiating /home/travis/build/icyphy/ptII/ptolemy/actor/lib/test/auto/PublisherSubscriber10.xml
6 ms. Memory: 555008K Free: 381780K (69%)
----------------- Invoking toplevel() on ptolemy.moml.MoMLSimpleApplication@7e8d36c
----------------- Done invoking toplevel() on ptolemy.moml.MoMLSimpleApplication@7e8d36c
reloadAllAccessors: .PublisherSubscriber10

===========================================================================================
----------------- testing Thu Mar 05 07:14:51 UTC 2020 /home/travis/build/icyphy/ptII/ptolemy/actor/lib/test/auto/PublisherSubscriber10InitialOutputs.xml
----------------- Instantiating /home/travis/build/icyphy/ptII/ptolemy/actor/lib/test/auto/PublisherSubscriber10InitialOutputs.xml
9 ms. Memory: 555008K Free: 372050K (67%)
----------------- Invoking toplevel() on ptolemy.moml.MoMLSimpleApplication@b8fcc6a
----------------- Done invoking toplevel() on ptolemy.moml.MoMLSimpleApplication@b8fcc6a
reloadAllAccessors: .PublisherSubscriber10InitialOutputs

===========================================================================================
----------------- testing Thu Mar 05 07:14:51 UTC 2020 /home/travis/build/icyphy/ptII/ptolemy/actor/lib/test/auto/PublisherSubscriber11.xml
----------------- Instantiating /home/travis/build/icyphy/ptII/ptolemy/actor/lib/test/auto/PublisherSubscriber11.xml
5 ms. Memory: 555008K Free: 365876K (66%)
----------------- Invoking toplevel() on ptolemy.moml.MoMLSimpleApplication@181d2ceb
----------------- Done invoking toplevel() on ptolemy.moml.MoMLSimpleApplication@181d2ceb
reloadAllAccessors: .PublisherSubscriber11

===========================================================================================
----------------- testing Thu Mar 05 07:14:51 UTC 2020 /home/travis/build/icyphy/ptII/ptolemy/actor/lib/test/auto/PublisherSubscriber12.xml
----------------- Instantiating /home/travis/build/icyphy/ptII/ptolemy/actor/lib/test/auto/PublisherSubscriber12.xml
2 ms. Memory: 555008K Free: 359252K (65%)
----------------- Invoking toplevel() on ptolemy.moml.MoMLSimpleApplication@2190751e
----------------- Done invoking toplevel() on ptolemy.moml.MoMLSimpleApplication@2190751e
reloadAllAccessors: .PublisherSubscriber12

===========================================================================================
----------------- testing Thu Mar 05 07:14:51 UTC 2020 /home/travis/build/icyphy/ptII/ptolemy/actor/lib/test/auto/PublisherSubscriber13.xml
----------------- Instantiating /home/travis/build/icyphy/ptII/ptolemy/actor/lib/test/auto/PublisherSubscriber13.xml
1 ms. Memory: 555008K Free: 353588K (64%)
----------------- Invoking toplevel() on ptolemy.moml.MoMLSimpleApplication@50955c26
----------------- Done invoking toplevel() on ptolemy.moml.MoMLSimpleApplication@50955c26
reloadAllAccessors: .PublisherSubscriber13

===========================================================================================
----------------- testing Thu Mar 05 07:14:51 UTC 2020 /home/travis/build/icyphy/ptII/ptolemy/actor/lib/test/auto/PublisherSubscriber14.xml
----------------- Instantiating /home/travis/build/icyphy/ptII/ptolemy/actor/lib/test/auto/PublisherSubscriber14.xml
2 ms. Memory: 555008K Free: 344916K (62%)
----------------- Invoking toplevel() on ptolemy.moml.MoMLSimpleApplication@6480f871
----------------- Done invoking toplevel() on ptolemy.moml.MoMLSimpleApplication@6480f871
reloadAllAccessors: .PublisherSubscriber14

===========================================================================================
----------------- testing Thu Mar 05 07:14:51 UTC 2020 /home/travis/build/icyphy/ptII/ptolemy/actor/lib/test/auto/PublisherSubscriber2.xml
----------------- Instantiating /home/travis/build/icyphy/ptII/ptolemy/actor/lib/test/auto/PublisherSubscriber2.xml
3 ms. Memory: 555008K Free: 339282K (61%)
----------------- Invoking toplevel() on ptolemy.moml.MoMLSimpleApplication@4907720c
----------------- Done invoking toplevel() on ptolemy.moml.MoMLSimpleApplication@4907720c
reloadAllAccessors: .PublisherSubscriber2

===========================================================================================
----------------- testing Thu Mar 05 07:14:51 UTC 2020 /home/travis/build/icyphy/ptII/ptolemy/actor/lib/test/auto/PublisherSubscriber3.xml
----------------- Instantiating /home/travis/build/icyphy/ptII/ptolemy/actor/lib/test/auto/PublisherSubscriber3.xml
2 ms. Memory: 555008K Free: 333124K (60%)
----------------- Invoking toplevel() on ptolemy.moml.MoMLSimpleApplication@6173a761
----------------- Done invoking toplevel() on ptolemy.moml.MoMLSimpleApplication@6173a761
reloadAllAccessors: .PublisherSubscriber3

===========================================================================================
----------------- testing Thu Mar 05 07:14:51 UTC 2020 /home/travis/build/icyphy/ptII/ptolemy/actor/lib/test/auto/PublisherSubscriber4.xml
----------------- Instantiating /home/travis/build/icyphy/ptII/ptolemy/actor/lib/test/auto/PublisherSubscriber4.xml
2 ms. Memory: 555008K Free: 328004K (59%)
----------------- Invoking toplevel() on ptolemy.moml.MoMLSimpleApplication@1326975
----------------- Done invoking toplevel() on ptolemy.moml.MoMLSimpleApplication@1326975
reloadAllAccessors: .PublisherSubscriber4

===========================================================================================
----------------- testing Thu Mar 05 07:14:51 UTC 2020 /home/travis/build/icyphy/ptII/ptolemy/actor/lib/test/auto/PublisherSubscriber5.xml
----------------- Instantiating /home/travis/build/icyphy/ptII/ptolemy/actor/lib/test/auto/PublisherSubscriber5.xml
2 ms. Memory: 555008K Free: 321364K (58%)
----------------- Invoking toplevel() on ptolemy.moml.MoMLSimpleApplication@1d98e02d
----------------- Done invoking toplevel() on ptolemy.moml.MoMLSimpleApplication@1d98e02d
reloadAllAccessors: .PublisherSubscriber5

===========================================================================================
----------------- testing Thu Mar 05 07:14:51 UTC 2020 /home/travis/build/icyphy/ptII/ptolemy/actor/lib/test/auto/PublisherSubscriber6.xml
----------------- Instantiating /home/travis/build/icyphy/ptII/ptolemy/actor/lib/test/auto/PublisherSubscriber6.xml
3 ms. Memory: 555008K Free: 314706K (57%)
----------------- Invoking toplevel() on ptolemy.moml.MoMLSimpleApplication@43d53e9e
----------------- Done invoking toplevel() on ptolemy.moml.MoMLSimpleApplication@43d53e9e
reloadAllAccessors: .PublisherSubscriber6

===========================================================================================
----------------- testing Thu Mar 05 07:14:51 UTC 2020 /home/travis/build/icyphy/ptII/ptolemy/actor/lib/test/auto/PublisherSubscriber7.xml
----------------- Instantiating /home/travis/build/icyphy/ptII/ptolemy/actor/lib/test/auto/PublisherSubscriber7.xml
7 ms. Memory: 555008K Free: 308052K (56%)
----------------- Invoking toplevel() on ptolemy.moml.MoMLSimpleApplication@301fd8bf
----------------- Done invoking toplevel() on ptolemy.moml.MoMLSimpleApplication@301fd8bf
reloadAllAccessors: .PublisherSubscriber7

===========================================================================================
----------------- testing Thu Mar 05 07:14:51 UTC 2020 /home/travis/build/icyphy/ptII/ptolemy/actor/lib/test/auto/PublisherSubscriber8.xml
----------------- Instantiating /home/travis/build/icyphy/ptII/ptolemy/actor/lib/test/auto/PublisherSubscriber8.xml
15 ms. Memory: 555008K Free: 295764K (53%)
----------------- Invoking toplevel() on ptolemy.moml.MoMLSimpleApplication@5781f0de
----------------- Done invoking toplevel() on ptolemy.moml.MoMLSimpleApplication@5781f0de
reloadAllAccessors: .PublisherSubscriber8

===========================================================================================
----------------- testing Thu Mar 05 07:14:51 UTC 2020 /home/travis/build/icyphy/ptII/ptolemy/actor/lib/test/auto/PublisherSubscriber9.xml
----------------- Instantiating /home/travis/build/icyphy/ptII/ptolemy/actor/lib/test/auto/PublisherSubscriber9.xml
3 ms. Memory: 555008K Free: 288596K (52%)
----------------- Invoking toplevel() on ptolemy.moml.MoMLSimpleApplication@afa9214
----------------- Done invoking toplevel() on ptolemy.moml.MoMLSimpleApplication@afa9214
reloadAllAccessors: .PublisherSubscriber9

===========================================================================================
----------------- testing Thu Mar 05 07:14:51 UTC 2020 /home/travis/build/icyphy/ptII/ptolemy/actor/lib/test/auto/PublisherSubscriberAdjacent.xml
----------------- Instantiating /home/travis/build/icyphy/ptII/ptolemy/actor/lib/test/auto/PublisherSubscriberAdjacent.xml
2 ms. Memory: 555008K Free: 280404K (51%)
----------------- Invoking toplevel() on ptolemy.moml.MoMLSimpleApplication@6e0a500b
----------------- Done invoking toplevel() on ptolemy.moml.MoMLSimpleApplication@6e0a500b
reloadAllAccessors: .PublisherSubscriberAdjacent

===========================================================================================
----------------- testing Thu Mar 05 07:14:51 UTC 2020 /home/travis/build/icyphy/ptII/ptolemy/actor/lib/test/auto/PublisherSubscriberChannelVariablesAOC2.xml
----------------- Instantiating /home/travis/build/icyphy/ptII/ptolemy/actor/lib/test/auto/PublisherSubscriberChannelVariablesAOC2.xml
3 ms. Memory: 555008K Free: 265554K (48%)
----------------- Invoking toplevel() on ptolemy.moml.MoMLSimpleApplication@3d10cfd7
----------------- Done invoking toplevel() on ptolemy.moml.MoMLSimpleApplication@3d10cfd7
reloadAllAccessors: .PublisherSubscriberChannelVariablesAOC2

===========================================================================================
----------------- testing Thu Mar 05 07:14:51 UTC 2020 /home/travis/build/icyphy/ptII/ptolemy/actor/lib/test/auto/PublisherSubscriberD3.xml
----------------- Instantiating /home/travis/build/icyphy/ptII/ptolemy/actor/lib/test/auto/PublisherSubscriberD3.xml
2 ms. Memory: 555008K Free: 258386K (47%)
----------------- Invoking toplevel() on ptolemy.moml.MoMLSimpleApplication@c5128a9
----------------- Done invoking toplevel() on ptolemy.moml.MoMLSimpleApplication@c5128a9
reloadAllAccessors: .PublisherSubscriberD3

===========================================================================================
----------------- testing Thu Mar 05 07:14:51 UTC 2020 /home/travis/build/icyphy/ptII/ptolemy/actor/lib/test/auto/PublisherSubscriberD3Reverse.xml
----------------- Instantiating /home/travis/build/icyphy/ptII/ptolemy/actor/lib/test/auto/PublisherSubscriberD3Reverse.xml
2 ms. Memory: 555008K Free: 252242K (45%)
----------------- Invoking toplevel() on ptolemy.moml.MoMLSimpleApplication@6126e66d
----------------- Done invoking toplevel() on ptolemy.moml.MoMLSimpleApplication@6126e66d
reloadAllAccessors: .PublisherSubscriberD3Reverse

===========================================================================================
----------------- testing Thu Mar 05 07:14:51 UTC 2020 /home/travis/build/icyphy/ptII/ptolemy/actor/lib/test/auto/PublisherSubscriberExpression.xml
----------------- Instantiating /home/travis/build/icyphy/ptII/ptolemy/actor/lib/test/auto/PublisherSubscriberExpression.xml
3 ms. Memory: 555008K Free: 243540K (44%)
----------------- Invoking toplevel() on ptolemy.moml.MoMLSimpleApplication@52fbe1ac
----------------- Done invoking toplevel() on ptolemy.moml.MoMLSimpleApplication@52fbe1ac
reloadAllAccessors: .PublisherSubscriberExpression

===========================================================================================
----------------- testing Thu Mar 05 07:14:51 UTC 2020 /home/travis/build/icyphy/ptII/ptolemy/actor/lib/test/auto/PublisherSubscriberOpaque.xml
----------------- Instantiating /home/travis/build/icyphy/ptII/ptolemy/actor/lib/test/auto/PublisherSubscriberOpaque.xml
3 ms. Memory: 555008K Free: 235348K (42%)
----------------- Invoking toplevel() on ptolemy.moml.MoMLSimpleApplication@4eb898f9
----------------- Done invoking toplevel() on ptolemy.moml.MoMLSimpleApplication@4eb898f9
reloadAllAccessors: .PublisherSubscriberOpaque

===========================================================================================
----------------- testing Thu Mar 05 07:14:51 UTC 2020 /home/travis/build/icyphy/ptII/ptolemy/actor/lib/test/auto/PublisherSubscriberOpaqueD3.xml
----------------- Instantiating /home/travis/build/icyphy/ptII/ptolemy/actor/lib/test/auto/PublisherSubscriberOpaqueD3.xml
5 ms. Memory: 555008K Free: 223570K (40%)
----------------- Invoking toplevel() on ptolemy.moml.MoMLSimpleApplication@7aecbd26
----------------- Done invoking toplevel() on ptolemy.moml.MoMLSimpleApplication@7aecbd26
reloadAllAccessors: .PublisherSubscriberOpaqueD3

===========================================================================================
----------------- testing Thu Mar 05 07:14:51 UTC 2020 /home/travis/build/icyphy/ptII/ptolemy/actor/lib/test/auto/PublisherSubscriberOpaqueD3Reverse.xml
----------------- Instantiating /home/travis/build/icyphy/ptII/ptolemy/actor/lib/test/auto/PublisherSubscriberOpaqueD3Reverse.xml
7 ms. Memory: 555008K Free: 212820K (38%)
----------------- Invoking toplevel() on ptolemy.moml.MoMLSimpleApplication@3d15ae7d
----------------- Done invoking toplevel() on ptolemy.moml.MoMLSimpleApplication@3d15ae7d
reloadAllAccessors: .PublisherSubscriberOpaqueD3Reverse

===========================================================================================
----------------- testing Thu Mar 05 07:14:51 UTC 2020 /home/travis/build/icyphy/ptII/ptolemy/actor/lib/test/auto/PublisherSubscriberOpaqueWidthInference.xml
----------------- Instantiating /home/travis/build/icyphy/ptII/ptolemy/actor/lib/test/auto/PublisherSubscriberOpaqueWidthInference.xml
4 ms. Memory: 555008K Free: 204628K (37%)
----------------- Invoking toplevel() on ptolemy.moml.MoMLSimpleApplication@675fdbbc
----------------- Done invoking toplevel() on ptolemy.moml.MoMLSimpleApplication@675fdbbc
reloadAllAccessors: .PublisherSubscriberOpaqueWidthInference

===========================================================================================
----------------- testing Thu Mar 05 07:14:51 UTC 2020 /home/travis/build/icyphy/ptII/ptolemy/actor/lib/test/auto/PublisherTestSubscriber.xml
----------------- Instantiating /home/travis/build/icyphy/ptII/ptolemy/actor/lib/test/auto/PublisherTestSubscriber.xml
2 ms. Memory: 555008K Free: 196436K (35%)
----------------- Invoking toplevel() on ptolemy.moml.MoMLSimpleApplication@21407c03
----------------- Done invoking toplevel() on ptolemy.moml.MoMLSimpleApplication@21407c03
reloadAllAccessors: .PublisherTestSubscriber

===========================================================================================
----------------- testing Thu Mar 05 07:14:51 UTC 2020 /home/travis/build/icyphy/ptII/ptolemy/actor/lib/test/auto/PublisherToplevelSubscriberPortAOC.xml
----------------- Instantiating /home/travis/build/icyphy/ptII/ptolemy/actor/lib/test/auto/PublisherToplevelSubscriberPortAOC.xml
2 ms. Memory: 555008K Free: 190292K (34%)
----------------- Invoking toplevel() on ptolemy.moml.MoMLSimpleApplication@6fde12a9
----------------- Done invoking toplevel() on ptolemy.moml.MoMLSimpleApplication@6fde12a9
reloadAllAccessors: .PublisherToplevelSubscriberPortAOC

===========================================================================================
----------------- testing Thu Mar 05 07:14:51 UTC 2020 /home/travis/build/icyphy/ptII/ptolemy/actor/lib/test/auto/PulseFiringLimitDE.xml
----------------- Instantiating /home/travis/build/icyphy/ptII/ptolemy/actor/lib/test/auto/PulseFiringLimitDE.xml
3 ms. Memory: 555008K Free: 184148K (33%)
----------------- Invoking toplevel() on ptolemy.moml.MoMLSimpleApplication@1b67e498
----------------- Done invoking toplevel() on ptolemy.moml.MoMLSimpleApplication@1b67e498
reloadAllAccessors: .PulseFiringLimitDE

===========================================================================================
----------------- testing Thu Mar 05 07:14:51 UTC 2020 /home/travis/build/icyphy/ptII/ptolemy/actor/lib/test/auto/Ramp1.xml
----------------- Instantiating /home/travis/build/icyphy/ptII/ptolemy/actor/lib/test/auto/Ramp1.xml
2 ms. Memory: 555008K Free: 180052K (32%)
----------------- Invoking toplevel() on ptolemy.moml.MoMLSimpleApplication@43d34048
----------------- Done invoking toplevel() on ptolemy.moml.MoMLSimpleApplication@43d34048
reloadAllAccessors: .Ramp1

===========================================================================================
----------------- testing Thu Mar 05 07:14:51 UTC 2020 /home/travis/build/icyphy/ptII/ptolemy/actor/lib/test/auto/RampFiringLimitDE.xml
----------------- Instantiating /home/travis/build/icyphy/ptII/ptolemy/actor/lib/test/auto/RampFiringLimitDE.xml
2 ms. Memory: 555008K Free: 502052K (90%)
----------------- Invoking toplevel() on ptolemy.moml.MoMLSimpleApplication@714aa053
----------------- Done invoking toplevel() on ptolemy.moml.MoMLSimpleApplication@714aa053
reloadAllAccessors: .RampFiringLimitDE

===========================================================================================
----------------- testing Thu Mar 05 07:14:51 UTC 2020 /home/travis/build/icyphy/ptII/ptolemy/actor/lib/test/auto/RampFiringLimitSDF.xml
----------------- Instantiating /home/travis/build/icyphy/ptII/ptolemy/actor/lib/test/auto/RampFiringLimitSDF.xml
2 ms. Memory: 555008K Free: 496436K (89%)
----------------- Invoking toplevel() on ptolemy.moml.MoMLSimpleApplication@64bd1b3f
----------------- Done invoking toplevel() on ptolemy.moml.MoMLSimpleApplication@64bd1b3f
reloadAllAccessors: .RampFiringLimitSDF

===========================================================================================
----------------- testing Thu Mar 05 07:14:51 UTC 2020 /home/travis/build/icyphy/ptII/ptolemy/actor/lib/test/auto/RandomInteger.xml
----------------- Instantiating /home/travis/build/icyphy/ptII/ptolemy/actor/lib/test/auto/RandomInteger.xml
1 ms. Memory: 555008K Free: 492340K (89%)
----------------- Invoking toplevel() on ptolemy.moml.MoMLSimpleApplication@143a8240
----------------- Done invoking toplevel() on ptolemy.moml.MoMLSimpleApplication@143a8240
reloadAllAccessors: .RandomInteger

===========================================================================================
----------------- testing Thu Mar 05 07:14:51 UTC 2020 /home/travis/build/icyphy/ptII/ptolemy/actor/lib/test/auto/ReadFile1.xml
----------------- Instantiating /home/travis/build/icyphy/ptII/ptolemy/actor/lib/test/auto/ReadFile1.xml
2 ms. Memory: 555008K Free: 487724K (88%)
----------------- Invoking toplevel() on ptolemy.moml.MoMLSimpleApplication@65b09a04
----------------- Done invoking toplevel() on ptolemy.moml.MoMLSimpleApplication@65b09a04
reloadAllAccessors: .ReadFile1

===========================================================================================
----------------- testing Thu Mar 05 07:14:51 UTC 2020 /home/travis/build/icyphy/ptII/ptolemy/actor/lib/test/auto/ReadFile2.xml
----------------- Instantiating /home/travis/build/icyphy/ptII/ptolemy/actor/lib/test/auto/ReadFile2.xml
1 ms. Memory: 555008K Free: 483634K (87%)
----------------- Invoking toplevel() on ptolemy.moml.MoMLSimpleApplication@cac7b2e
----------------- Done invoking toplevel() on ptolemy.moml.MoMLSimpleApplication@cac7b2e
reloadAllAccessors: .ReadFile2

===========================================================================================
----------------- testing Thu Mar 05 07:14:51 UTC 2020 /home/travis/build/icyphy/ptII/ptolemy/actor/lib/test/auto/Reader.xml
----------------- Instantiating /home/travis/build/icyphy/ptII/ptolemy/actor/lib/test/auto/Reader.xml
actor.lib.Reader is obsolete, use actor.lib.io.ExpressionReader instead
2 ms. Memory: 555008K Free: 479028K (86%)
----------------- Invoking toplevel() on ptolemy.moml.MoMLSimpleApplication@275e4449
----------------- Done invoking toplevel() on ptolemy.moml.MoMLSimpleApplication@275e4449
reloadAllAccessors: .Reader

===========================================================================================
----------------- testing Thu Mar 05 07:14:51 UTC 2020 /home/travis/build/icyphy/ptII/ptolemy/actor/lib/test/auto/RecordAssemblerDisplayNameTest.xml
----------------- Instantiating /home/travis/build/icyphy/ptII/ptolemy/actor/lib/test/auto/RecordAssemblerDisplayNameTest.xml
3355 ms. Memory: 555008K Free: 235300K (42%)
----------------- Invoking toplevel() on ptolemy.moml.MoMLSimpleApplication@7e14e716
----------------- Done invoking toplevel() on ptolemy.moml.MoMLSimpleApplication@7e14e716
reloadAllAccessors: .RecordAssemblerDisplayNameTest

===========================================================================================
----------------- testing Thu Mar 05 07:14:55 UTC 2020 /home/travis/build/icyphy/ptII/ptolemy/actor/lib/test/auto/RecordAssemblerTypeError.xml
----------------- Instantiating /home/travis/build/icyphy/ptII/ptolemy/actor/lib/test/auto/RecordAssemblerTypeError.xml
16 ms. Memory: 555008K Free: 225570K (41%)
----------------- Invoking toplevel() on ptolemy.moml.MoMLSimpleApplication@703eeb93
----------------- Done invoking toplevel() on ptolemy.moml.MoMLSimpleApplication@703eeb93
reloadAllAccessors: .RecordAssemblerTypeError

===========================================================================================
----------------- testing Thu Mar 05 07:14:55 UTC 2020 /home/travis/build/icyphy/ptII/ptolemy/actor/lib/test/auto/RecordDisassember.xml
----------------- Instantiating /home/travis/build/icyphy/ptII/ptolemy/actor/lib/test/auto/RecordDisassember.xml
4 ms. Memory: 555008K Free: 220964K (40%)
----------------- Invoking toplevel() on ptolemy.moml.MoMLSimpleApplication@326287af
----------------- Done invoking toplevel() on ptolemy.moml.MoMLSimpleApplication@326287af
reloadAllAccessors: .RecordDisassember

===========================================================================================
----------------- testing Thu Mar 05 07:14:55 UTC 2020 /home/travis/build/icyphy/ptII/ptolemy/actor/lib/test/auto/RecordDisassemberDisplayNameTest.xml
----------------- Instantiating /home/travis/build/icyphy/ptII/ptolemy/actor/lib/test/auto/RecordDisassemberDisplayNameTest.xml
5 ms. Memory: 555008K Free: 212258K (38%)
----------------- Invoking toplevel() on ptolemy.moml.MoMLSimpleApplication@127bc19c
----------------- Done invoking toplevel() on ptolemy.moml.MoMLSimpleApplication@127bc19c
reloadAllAccessors: .RecordDisassemberDisplayNameTest

===========================================================================================
----------------- testing Thu Mar 05 07:14:55 UTC 2020 /home/travis/build/icyphy/ptII/ptolemy/actor/lib/test/auto/RecordDisassembler.xml
----------------- Instantiating /home/travis/build/icyphy/ptII/ptolemy/actor/lib/test/auto/RecordDisassembler.xml
4 ms. Memory: 555008K Free: 207108K (37%)
----------------- Invoking toplevel() on ptolemy.moml.MoMLSimpleApplication@580fbbc2
----------------- Done invoking toplevel() on ptolemy.moml.MoMLSimpleApplication@580fbbc2
reloadAllAccessors: .RecordDisassembler

===========================================================================================
----------------- testing Thu Mar 05 07:14:55 UTC 2020 /home/travis/build/icyphy/ptII/ptolemy/actor/lib/test/auto/RecordDisassembler2.xml
----------------- Instantiating /home/travis/build/icyphy/ptII/ptolemy/actor/lib/test/auto/RecordDisassembler2.xml
2 ms. Memory: 555008K Free: 202004K (36%)
----------------- Invoking toplevel() on ptolemy.moml.MoMLSimpleApplication@70a0a72e
----------------- Done invoking toplevel() on ptolemy.moml.MoMLSimpleApplication@70a0a72e
reloadAllAccessors: .RecordDisassembler2

===========================================================================================
----------------- testing Thu Mar 05 07:14:55 UTC 2020 /home/travis/build/icyphy/ptII/ptolemy/actor/lib/test/auto/RecordUpdater.xml
----------------- Instantiating /home/travis/build/icyphy/ptII/ptolemy/actor/lib/test/auto/RecordUpdater.xml
1 ms. Memory: 555008K Free: 197412K (36%)
----------------- Invoking toplevel() on ptolemy.moml.MoMLSimpleApplication@649a7c49
----------------- Done invoking toplevel() on ptolemy.moml.MoMLSimpleApplication@649a7c49
reloadAllAccessors: .RecordUpdater

===========================================================================================
----------------- testing Thu Mar 05 07:14:55 UTC 2020 /home/travis/build/icyphy/ptII/ptolemy/actor/lib/test/auto/RecordUpdater2.xml
----------------- Instantiating /home/travis/build/icyphy/ptII/ptolemy/actor/lib/test/auto/RecordUpdater2.xml
1 ms. Memory: 555008K Free: 192292K (35%)
----------------- Invoking toplevel() on ptolemy.moml.MoMLSimpleApplication@46b4d38
----------------- Done invoking toplevel() on ptolemy.moml.MoMLSimpleApplication@46b4d38
reloadAllAccessors: .RecordUpdater2

===========================================================================================
----------------- testing Thu Mar 05 07:14:55 UTC 2020 /home/travis/build/icyphy/ptII/ptolemy/actor/lib/test/auto/RecursiveLattice.xml
----------------- Instantiating /home/travis/build/icyphy/ptII/ptolemy/actor/lib/test/auto/RecursiveLattice.xml
2 ms. Memory: 555008K Free: 187682K (34%)
----------------- Invoking toplevel() on ptolemy.moml.MoMLSimpleApplication@6b2dc522
----------------- Done invoking toplevel() on ptolemy.moml.MoMLSimpleApplication@6b2dc522
reloadAllAccessors: .RecursiveLattice

===========================================================================================
----------------- testing Thu Mar 05 07:14:55 UTC 2020 /home/travis/build/icyphy/ptII/ptolemy/actor/lib/test/auto/Router.xml
----------------- Instantiating /home/travis/build/icyphy/ptII/ptolemy/actor/lib/test/auto/Router.xml
3006 ms. Memory: 555008K Free: 177956K (32%)
----------------- Invoking toplevel() on ptolemy.moml.MoMLSimpleApplication@45dedfcd
----------------- Done invoking toplevel() on ptolemy.moml.MoMLSimpleApplication@45dedfcd
reloadAllAccessors: .Router

===========================================================================================
----------------- testing Thu Mar 05 07:14:58 UTC 2020 /home/travis/build/icyphy/ptII/ptolemy/actor/lib/test/auto/Router2.xml
----------------- Instantiating /home/travis/build/icyphy/ptII/ptolemy/actor/lib/test/auto/Router2.xml
3004 ms. Memory: 555008K Free: 496945K (90%)
----------------- Invoking toplevel() on ptolemy.moml.MoMLSimpleApplication@742d99c1
----------------- Done invoking toplevel() on ptolemy.moml.MoMLSimpleApplication@742d99c1
reloadAllAccessors: .Router2

===========================================================================================
----------------- testing Thu Mar 05 07:15:01 UTC 2020 /home/travis/build/icyphy/ptII/ptolemy/actor/lib/test/auto/RunningMaximum.xml
----------------- Instantiating /home/travis/build/icyphy/ptII/ptolemy/actor/lib/test/auto/RunningMaximum.xml
2 ms. Memory: 555008K Free: 492339K (89%)
----------------- Invoking toplevel() on ptolemy.moml.MoMLSimpleApplication@6308b38b
----------------- Done invoking toplevel() on ptolemy.moml.MoMLSimpleApplication@6308b38b
reloadAllAccessors: .RunningMaximum

===========================================================================================
----------------- testing Thu Mar 05 07:15:01 UTC 2020 /home/travis/build/icyphy/ptII/ptolemy/actor/lib/test/auto/RunningMinimum.xml
----------------- Instantiating /home/travis/build/icyphy/ptII/ptolemy/actor/lib/test/auto/RunningMinimum.xml
1 ms. Memory: 555008K Free: 487729K (88%)
----------------- Invoking toplevel() on ptolemy.moml.MoMLSimpleApplication@159145da
----------------- Done invoking toplevel() on ptolemy.moml.MoMLSimpleApplication@159145da
reloadAllAccessors: .RunningMinimum

===========================================================================================
----------------- testing Thu Mar 05 07:15:01 UTC 2020 /home/travis/build/icyphy/ptII/ptolemy/actor/lib/test/auto/Scale.xml
----------------- Instantiating /home/travis/build/icyphy/ptII/ptolemy/actor/lib/test/auto/Scale.xml
2 ms. Memory: 555008K Free: 483123K (87%)
----------------- Invoking toplevel() on ptolemy.moml.MoMLSimpleApplication@50b183fd
----------------- Done invoking toplevel() on ptolemy.moml.MoMLSimpleApplication@50b183fd
reloadAllAccessors: .Scale

===========================================================================================
----------------- testing Thu Mar 05 07:15:01 UTC 2020 /home/travis/build/icyphy/ptII/ptolemy/actor/lib/test/auto/Scale2.xml
----------------- Instantiating /home/travis/build/icyphy/ptII/ptolemy/actor/lib/test/auto/Scale2.xml
1 ms. Memory: 555008K Free: 478003K (86%)
----------------- Invoking toplevel() on ptolemy.moml.MoMLSimpleApplication@6cb52ee
----------------- Done invoking toplevel() on ptolemy.moml.MoMLSimpleApplication@6cb52ee
reloadAllAccessors: .Scale2

===========================================================================================
----------------- testing Thu Mar 05 07:15:01 UTC 2020 /home/travis/build/icyphy/ptII/ptolemy/actor/lib/test/auto/Scale3.xml
----------------- Instantiating /home/travis/build/icyphy/ptII/ptolemy/actor/lib/test/auto/Scale3.xml
4 ms. Memory: 555008K Free: 471859K (85%)
----------------- Invoking toplevel() on ptolemy.moml.MoMLSimpleApplication@24273d46
----------------- Done invoking toplevel() on ptolemy.moml.MoMLSimpleApplication@24273d46
reloadAllAccessors: .Scale3

===========================================================================================
----------------- testing Thu Mar 05 07:15:01 UTC 2020 /home/travis/build/icyphy/ptII/ptolemy/actor/lib/test/auto/ScaleArray.xml
----------------- Instantiating /home/travis/build/icyphy/ptII/ptolemy/actor/lib/test/auto/ScaleArray.xml
2 ms. Memory: 555008K Free: 467249K (84%)
----------------- Invoking toplevel() on ptolemy.moml.MoMLSimpleApplication@141c5923
----------------- Done invoking toplevel() on ptolemy.moml.MoMLSimpleApplication@141c5923
reloadAllAccessors: .ScaleArray

===========================================================================================
----------------- testing Thu Mar 05 07:15:01 UTC 2020 /home/travis/build/icyphy/ptII/ptolemy/actor/lib/test/auto/ScaleArray2.xml
----------------- Instantiating /home/travis/build/icyphy/ptII/ptolemy/actor/lib/test/auto/ScaleArray2.xml
1 ms. Memory: 555008K Free: 462643K (83%)
----------------- Invoking toplevel() on ptolemy.moml.MoMLSimpleApplication@82e1d2b
----------------- Done invoking toplevel() on ptolemy.moml.MoMLSimpleApplication@82e1d2b
reloadAllAccessors: .ScaleArray2

===========================================================================================
----------------- testing Thu Mar 05 07:15:01 UTC 2020 /home/travis/build/icyphy/ptII/ptolemy/actor/lib/test/auto/ScaleMatrix.xml
----------------- Instantiating /home/travis/build/icyphy/ptII/ptolemy/actor/lib/test/auto/ScaleMatrix.xml
169 ms. Memory: 555008K Free: 449841K (81%)
----------------- Invoking toplevel() on ptolemy.moml.MoMLSimpleApplication@59612516
----------------- Done invoking toplevel() on ptolemy.moml.MoMLSimpleApplication@59612516
reloadAllAccessors: .ScaleMatrix

===========================================================================================
----------------- testing Thu Mar 05 07:15:01 UTC 2020 /home/travis/build/icyphy/ptII/ptolemy/actor/lib/test/auto/Select.xml
----------------- Instantiating /home/travis/build/icyphy/ptII/ptolemy/actor/lib/test/auto/Select.xml
3 ms. Memory: 555008K Free: 443187K (80%)
----------------- Invoking toplevel() on ptolemy.moml.MoMLSimpleApplication@36696c49
----------------- Done invoking toplevel() on ptolemy.moml.MoMLSimpleApplication@36696c49
reloadAllAccessors: .Select

===========================================================================================
----------------- testing Thu Mar 05 07:15:01 UTC 2020 /home/travis/build/icyphy/ptII/ptolemy/actor/lib/test/auto/Select2.xml
----------------- Instantiating /home/travis/build/icyphy/ptII/ptolemy/actor/lib/test/auto/Select2.xml
1 ms. Memory: 555008K Free: 438577K (79%)
----------------- Invoking toplevel() on ptolemy.moml.MoMLSimpleApplication@1c9bdf75
----------------- Done invoking toplevel() on ptolemy.moml.MoMLSimpleApplication@1c9bdf75
reloadAllAccessors: .Select2

===========================================================================================
----------------- testing Thu Mar 05 07:15:01 UTC 2020 /home/travis/build/icyphy/ptII/ptolemy/actor/lib/test/auto/SequenceToArray2.xml
----------------- Instantiating /home/travis/build/icyphy/ptII/ptolemy/actor/lib/test/auto/SequenceToArray2.xml
103 ms. Memory: 555008K Free: 414515K (75%)
----------------- Invoking toplevel() on ptolemy.moml.MoMLSimpleApplication@60573349
----------------- Done invoking toplevel() on ptolemy.moml.MoMLSimpleApplication@60573349
reloadAllAccessors: .SequenceToArray2

===========================================================================================
----------------- testing Thu Mar 05 07:15:01 UTC 2020 /home/travis/build/icyphy/ptII/ptolemy/actor/lib/test/auto/SequentialClock.xml
----------------- Instantiating /home/travis/build/icyphy/ptII/ptolemy/actor/lib/test/auto/SequentialClock.xml
2 ms. Memory: 555008K Free: 410419K (74%)
----------------- Invoking toplevel() on ptolemy.moml.MoMLSimpleApplication@40f1ee6b
----------------- Done invoking toplevel() on ptolemy.moml.MoMLSimpleApplication@40f1ee6b
reloadAllAccessors: .SequentialClock

===========================================================================================
----------------- testing Thu Mar 05 07:15:01 UTC 2020 /home/travis/build/icyphy/ptII/ptolemy/actor/lib/test/auto/SetVariable.xml
----------------- Instantiating /home/travis/build/icyphy/ptII/ptolemy/actor/lib/test/auto/SetVariable.xml
5 ms. Memory: 555008K Free: 405299K (73%)
----------------- Invoking toplevel() on ptolemy.moml.MoMLSimpleApplication@4e691245
----------------- Done invoking toplevel() on ptolemy.moml.MoMLSimpleApplication@4e691245
reloadAllAccessors: .SetVariable

===========================================================================================
----------------- testing Thu Mar 05 07:15:01 UTC 2020 /home/travis/build/icyphy/ptII/ptolemy/actor/lib/test/auto/SetVariable2.xml
----------------- Instantiating /home/travis/build/icyphy/ptII/ptolemy/actor/lib/test/auto/SetVariable2.xml
2 ms. Memory: 555008K Free: 400179K (72%)
----------------- Invoking toplevel() on ptolemy.moml.MoMLSimpleApplication@587a556
----------------- Done invoking toplevel() on ptolemy.moml.MoMLSimpleApplication@587a556
reloadAllAccessors: .SetVariable2

===========================================================================================
----------------- testing Thu Mar 05 07:15:01 UTC 2020 /home/travis/build/icyphy/ptII/ptolemy/actor/lib/test/auto/SetVariable3.xml
----------------- Instantiating /home/travis/build/icyphy/ptII/ptolemy/actor/lib/test/auto/SetVariable3.xml
7 ms. Memory: 555008K Free: 395059K (71%)
----------------- Invoking toplevel() on ptolemy.moml.MoMLSimpleApplication@705cf4ff
----------------- Done invoking toplevel() on ptolemy.moml.MoMLSimpleApplication@705cf4ff
reloadAllAccessors: .SetVariable3

===========================================================================================
----------------- testing Thu Mar 05 07:15:01 UTC 2020 /home/travis/build/icyphy/ptII/ptolemy/actor/lib/test/auto/SetVariable4.xml
----------------- Instantiating /home/travis/build/icyphy/ptII/ptolemy/actor/lib/test/auto/SetVariable4.xml
18 ms. Memory: 555008K Free: 385329K (69%)
----------------- Invoking toplevel() on ptolemy.moml.MoMLSimpleApplication@4ab323d8
----------------- Done invoking toplevel() on ptolemy.moml.MoMLSimpleApplication@4ab323d8
reloadAllAccessors: .SetVariable4

===========================================================================================
----------------- testing Thu Mar 05 07:15:01 UTC 2020 /home/travis/build/icyphy/ptII/ptolemy/actor/lib/test/auto/SetVariable5.xml
----------------- Instantiating /home/travis/build/icyphy/ptII/ptolemy/actor/lib/test/auto/SetVariable5.xml
16 ms. Memory: 555008K Free: 376098K (68%)
----------------- Invoking toplevel() on ptolemy.moml.MoMLSimpleApplication@58360061
----------------- Done invoking toplevel() on ptolemy.moml.MoMLSimpleApplication@58360061
reloadAllAccessors: .SetVariable5

===========================================================================================
----------------- testing Thu Mar 05 07:15:01 UTC 2020 /home/travis/build/icyphy/ptII/ptolemy/actor/lib/test/auto/Sinewave.xml
----------------- Instantiating /home/travis/build/icyphy/ptII/ptolemy/actor/lib/test/auto/Sinewave.xml
6 ms. Memory: 555008K Free: 365363K (66%)
----------------- Invoking toplevel() on ptolemy.moml.MoMLSimpleApplication@36258c1b
----------------- Done invoking toplevel() on ptolemy.moml.MoMLSimpleApplication@36258c1b
reloadAllAccessors: .Sinewave

===========================================================================================
----------------- testing Thu Mar 05 07:15:01 UTC 2020 /home/travis/build/icyphy/ptII/ptolemy/actor/lib/test/auto/Sinewave2.xml
----------------- Instantiating /home/travis/build/icyphy/ptII/ptolemy/actor/lib/test/auto/Sinewave2.xml
8 ms. Memory: 555008K Free: 356650K (64%)
----------------- Invoking toplevel() on ptolemy.moml.MoMLSimpleApplication@4de8cbe5
----------------- Done invoking toplevel() on ptolemy.moml.MoMLSimpleApplication@4de8cbe5
reloadAllAccessors: .Sinewave2

===========================================================================================
----------------- testing Thu Mar 05 07:15:02 UTC 2020 /home/travis/build/icyphy/ptII/ptolemy/actor/lib/test/auto/Sinewave3.xml
----------------- Instantiating /home/travis/build/icyphy/ptII/ptolemy/actor/lib/test/auto/Sinewave3.xml
6 ms. Memory: 555008K Free: 348450K (63%)
----------------- Invoking toplevel() on ptolemy.moml.MoMLSimpleApplication@5bc14ac2
----------------- Done invoking toplevel() on ptolemy.moml.MoMLSimpleApplication@5bc14ac2
reloadAllAccessors: .Sinewave3

===========================================================================================
----------------- testing Thu Mar 05 07:15:02 UTC 2020 /home/travis/build/icyphy/ptII/ptolemy/actor/lib/test/auto/SingleEvent.xml
----------------- Instantiating /home/travis/build/icyphy/ptII/ptolemy/actor/lib/test/auto/SingleEvent.xml
2 ms. Memory: 555008K Free: 344369K (62%)
----------------- Invoking toplevel() on ptolemy.moml.MoMLSimpleApplication@3b566661
----------------- Done invoking toplevel() on ptolemy.moml.MoMLSimpleApplication@3b566661
reloadAllAccessors: .SingleEvent

===========================================================================================
----------------- testing Thu Mar 05 07:15:02 UTC 2020 /home/travis/build/icyphy/ptII/ptolemy/actor/lib/test/auto/Sleep.xml
----------------- Instantiating /home/travis/build/icyphy/ptII/ptolemy/actor/lib/test/auto/Sleep.xml
6003 ms. Memory: 555008K Free: 338225K (61%)
----------------- Invoking toplevel() on ptolemy.moml.MoMLSimpleApplication@301c6d57
----------------- Done invoking toplevel() on ptolemy.moml.MoMLSimpleApplication@301c6d57
reloadAllAccessors: .Sleep

===========================================================================================
----------------- testing Thu Mar 05 07:15:08 UTC 2020 /home/travis/build/icyphy/ptII/ptolemy/actor/lib/test/auto/SleepMultipleFire.xml
----------------- Instantiating /home/travis/build/icyphy/ptII/ptolemy/actor/lib/test/auto/SleepMultipleFire.xml
1005 ms. Memory: 555008K Free: 332595K (60%)
----------------- Invoking toplevel() on ptolemy.moml.MoMLSimpleApplication@1c7a289b
----------------- Done invoking toplevel() on ptolemy.moml.MoMLSimpleApplication@1c7a289b
reloadAllAccessors: .SleepMultipleFire

===========================================================================================
----------------- testing Thu Mar 05 07:15:09 UTC 2020 /home/travis/build/icyphy/ptII/ptolemy/actor/lib/test/auto/StopDE.xml
----------------- Instantiating /home/travis/build/icyphy/ptII/ptolemy/actor/lib/test/auto/StopDE.xml
4 ms. Memory: 555008K Free: 326961K (59%)
----------------- Invoking toplevel() on ptolemy.moml.MoMLSimpleApplication@56bcee1f
----------------- Done invoking toplevel() on ptolemy.moml.MoMLSimpleApplication@56bcee1f
reloadAllAccessors: .StopDE

===========================================================================================
----------------- testing Thu Mar 05 07:15:09 UTC 2020 /home/travis/build/icyphy/ptII/ptolemy/actor/lib/test/auto/StopSDF.xml
----------------- Instantiating /home/travis/build/icyphy/ptII/ptolemy/actor/lib/test/auto/StopSDF.xml
3 ms. Memory: 555008K Free: 321841K (58%)
----------------- Invoking toplevel() on ptolemy.moml.MoMLSimpleApplication@6b50d604
----------------- Done invoking toplevel() on ptolemy.moml.MoMLSimpleApplication@6b50d604
reloadAllAccessors: .StopSDF

===========================================================================================
----------------- testing Thu Mar 05 07:15:09 UTC 2020 /home/travis/build/icyphy/ptII/ptolemy/actor/lib/test/auto/StringConstant.xml
----------------- Instantiating /home/travis/build/icyphy/ptII/ptolemy/actor/lib/test/auto/StringConstant.xml
9 ms. Memory: 555008K Free: 316721K (57%)
----------------- Invoking toplevel() on ptolemy.moml.MoMLSimpleApplication@3ed7e885
----------------- Done invoking toplevel() on ptolemy.moml.MoMLSimpleApplication@3ed7e885
reloadAllAccessors: .StringConstant

===========================================================================================
----------------- testing Thu Mar 05 07:15:09 UTC 2020 /home/travis/build/icyphy/ptII/ptolemy/actor/lib/test/auto/SubscriberPortInitialValues1.xml
----------------- Instantiating /home/travis/build/icyphy/ptII/ptolemy/actor/lib/test/auto/SubscriberPortInitialValues1.xml
8 ms. Memory: 555008K Free: 308019K (55%)
----------------- Invoking toplevel() on ptolemy.moml.MoMLSimpleApplication@52838cf0
----------------- Done invoking toplevel() on ptolemy.moml.MoMLSimpleApplication@52838cf0
reloadAllAccessors: .SubscriberPortInitialValues1

===========================================================================================
----------------- testing Thu Mar 05 07:15:09 UTC 2020 /home/travis/build/icyphy/ptII/ptolemy/actor/lib/test/auto/SubscriberPortInitialValues13.xml
----------------- Instantiating /home/travis/build/icyphy/ptII/ptolemy/actor/lib/test/auto/SubscriberPortInitialValues13.xml
5 ms. Memory: 555008K Free: 294707K (53%)
----------------- Invoking toplevel() on ptolemy.moml.MoMLSimpleApplication@588083d8
----------------- Done invoking toplevel() on ptolemy.moml.MoMLSimpleApplication@588083d8
reloadAllAccessors: .SubscriberPortInitialValues13

===========================================================================================
----------------- testing Thu Mar 05 07:15:09 UTC 2020 /home/travis/build/icyphy/ptII/ptolemy/actor/lib/test/auto/SubscriberPortInitialValues14.xml
----------------- Instantiating /home/travis/build/icyphy/ptII/ptolemy/actor/lib/test/auto/SubscriberPortInitialValues14.xml
6 ms. Memory: 555008K Free: 286515K (52%)
----------------- Invoking toplevel() on ptolemy.moml.MoMLSimpleApplication@3678ebea
----------------- Done invoking toplevel() on ptolemy.moml.MoMLSimpleApplication@3678ebea
reloadAllAccessors: .SubscriberPortInitialValues14

===========================================================================================
----------------- testing Thu Mar 05 07:15:09 UTC 2020 /home/travis/build/icyphy/ptII/ptolemy/actor/lib/test/auto/SubscriberPortInitialValues2.xml
----------------- Instantiating /home/travis/build/icyphy/ptII/ptolemy/actor/lib/test/auto/SubscriberPortInitialValues2.xml
4 ms. Memory: 555008K Free: 278833K (50%)
----------------- Invoking toplevel() on ptolemy.moml.MoMLSimpleApplication@2db41b0d
----------------- Done invoking toplevel() on ptolemy.moml.MoMLSimpleApplication@2db41b0d
reloadAllAccessors: .SubscriberPortInitialValues2

===========================================================================================
----------------- testing Thu Mar 05 07:15:09 UTC 2020 /home/travis/build/icyphy/ptII/ptolemy/actor/lib/test/auto/SubscriberPortInitialValues3.xml
----------------- Instantiating /home/travis/build/icyphy/ptII/ptolemy/actor/lib/test/auto/SubscriberPortInitialValues3.xml
4 ms. Memory: 555008K Free: 267569K (48%)
----------------- Invoking toplevel() on ptolemy.moml.MoMLSimpleApplication@7e1fc81b
----------------- Done invoking toplevel() on ptolemy.moml.MoMLSimpleApplication@7e1fc81b
reloadAllAccessors: .SubscriberPortInitialValues3

===========================================================================================
----------------- testing Thu Mar 05 07:15:09 UTC 2020 /home/travis/build/icyphy/ptII/ptolemy/actor/lib/test/auto/SubscriptionAggregator.xml
----------------- Instantiating /home/travis/build/icyphy/ptII/ptolemy/actor/lib/test/auto/SubscriptionAggregator.xml
3 ms. Memory: 555008K Free: 260915K (47%)
----------------- Invoking toplevel() on ptolemy.moml.MoMLSimpleApplication@5f19499a
----------------- Done invoking toplevel() on ptolemy.moml.MoMLSimpleApplication@5f19499a
reloadAllAccessors: .SubscriptionAggregator

===========================================================================================
----------------- testing Thu Mar 05 07:15:09 UTC 2020 /home/travis/build/icyphy/ptII/ptolemy/actor/lib/test/auto/SubscriptionAggregator2.xml
----------------- Instantiating /home/travis/build/icyphy/ptII/ptolemy/actor/lib/test/auto/SubscriptionAggregator2.xml
2 ms. Memory: 555008K Free: 253218K (46%)
----------------- Invoking toplevel() on ptolemy.moml.MoMLSimpleApplication@1120661e
----------------- Done invoking toplevel() on ptolemy.moml.MoMLSimpleApplication@1120661e
reloadAllAccessors: .SubscriptionAggregator2

===========================================================================================
----------------- testing Thu Mar 05 07:15:09 UTC 2020 /home/travis/build/icyphy/ptII/ptolemy/actor/lib/test/auto/SubscriptionAggregator3.xml
----------------- Instantiating /home/travis/build/icyphy/ptII/ptolemy/actor/lib/test/auto/SubscriptionAggregator3.xml
4 ms. Memory: 555008K Free: 245041K (44%)
----------------- Invoking toplevel() on ptolemy.moml.MoMLSimpleApplication@2857cb57
----------------- Done invoking toplevel() on ptolemy.moml.MoMLSimpleApplication@2857cb57
reloadAllAccessors: .SubscriptionAggregator3

===========================================================================================
----------------- testing Thu Mar 05 07:15:09 UTC 2020 /home/travis/build/icyphy/ptII/ptolemy/actor/lib/test/auto/SubscriptionAggregatorMultiply.xml
----------------- Instantiating /home/travis/build/icyphy/ptII/ptolemy/actor/lib/test/auto/SubscriptionAggregatorMultiply.xml
12 ms. Memory: 555008K Free: 236842K (43%)
----------------- Invoking toplevel() on ptolemy.moml.MoMLSimpleApplication@1524c0bc
----------------- Done invoking toplevel() on ptolemy.moml.MoMLSimpleApplication@1524c0bc
reloadAllAccessors: .SubscriptionAggregatorMultiply

===========================================================================================
----------------- testing Thu Mar 05 07:15:09 UTC 2020 /home/travis/build/icyphy/ptII/ptolemy/actor/lib/test/auto/SubscriptionAggregatorPortMultiply1.xml
----------------- Instantiating /home/travis/build/icyphy/ptII/ptolemy/actor/lib/test/auto/SubscriptionAggregatorPortMultiply1.xml
4 ms. Memory: 555008K Free: 228147K (41%)
----------------- Invoking toplevel() on ptolemy.moml.MoMLSimpleApplication@63c8918c
----------------- Done invoking toplevel() on ptolemy.moml.MoMLSimpleApplication@63c8918c
reloadAllAccessors: .SubscriptionAggregatorPortMultiply1

===========================================================================================
----------------- testing Thu Mar 05 07:15:09 UTC 2020 /home/travis/build/icyphy/ptII/ptolemy/actor/lib/test/auto/Switch.xml
----------------- Instantiating /home/travis/build/icyphy/ptII/ptolemy/actor/lib/test/auto/Switch.xml
9 ms. Memory: 555008K Free: 219955K (40%)
----------------- Invoking toplevel() on ptolemy.moml.MoMLSimpleApplication@38e6d149
----------------- Done invoking toplevel() on ptolemy.moml.MoMLSimpleApplication@38e6d149
reloadAllAccessors: .Switch

===========================================================================================
----------------- testing Thu Mar 05 07:15:09 UTC 2020 /home/travis/build/icyphy/ptII/ptolemy/actor/lib/test/auto/Switch2.xml
----------------- Instantiating /home/travis/build/icyphy/ptII/ptolemy/actor/lib/test/auto/Switch2.xml
1 ms. Memory: 555008K Free: 215345K (39%)
----------------- Invoking toplevel() on ptolemy.moml.MoMLSimpleApplication@3dcebd4c
----------------- Done invoking toplevel() on ptolemy.moml.MoMLSimpleApplication@3dcebd4c
reloadAllAccessors: .Switch2

===========================================================================================
----------------- testing Thu Mar 05 07:15:09 UTC 2020 /home/travis/build/icyphy/ptII/ptolemy/actor/lib/test/auto/SwitchDE.xml
----------------- Instantiating /home/travis/build/icyphy/ptII/ptolemy/actor/lib/test/auto/SwitchDE.xml
3 ms. Memory: 555008K Free: 209186K (38%)
----------------- Invoking toplevel() on ptolemy.moml.MoMLSimpleApplication@43d4be62
----------------- Done invoking toplevel() on ptolemy.moml.MoMLSimpleApplication@43d4be62
reloadAllAccessors: .SwitchDE

===========================================================================================
----------------- testing Thu Mar 05 07:15:09 UTC 2020 /home/travis/build/icyphy/ptII/ptolemy/actor/lib/test/auto/SynchronizerDE.xml
----------------- Instantiating /home/travis/build/icyphy/ptII/ptolemy/actor/lib/test/auto/SynchronizerDE.xml
8 ms. Memory: 555008K Free: 200499K (36%)
----------------- Invoking toplevel() on ptolemy.moml.MoMLSimpleApplication@614940fb
----------------- Done invoking toplevel() on ptolemy.moml.MoMLSimpleApplication@614940fb
reloadAllAccessors: .SynchronizerDE

===========================================================================================
----------------- testing Thu Mar 05 07:15:09 UTC 2020 /home/travis/build/icyphy/ptII/ptolemy/actor/lib/test/auto/Test.xml
----------------- Instantiating /home/travis/build/icyphy/ptII/ptolemy/actor/lib/test/auto/Test.xml
1 ms. Memory: 555008K Free: 195379K (35%)
----------------- Invoking toplevel() on ptolemy.moml.MoMLSimpleApplication@1ab3e02d
----------------- Done invoking toplevel() on ptolemy.moml.MoMLSimpleApplication@1ab3e02d
reloadAllAccessors: .Test

===========================================================================================
----------------- testing Thu Mar 05 07:15:09 UTC 2020 /home/travis/build/icyphy/ptII/ptolemy/actor/lib/test/auto/TestExceptionAttribute1.xml
----------------- Instantiating /home/travis/build/icyphy/ptII/ptolemy/actor/lib/test/auto/TestExceptionAttribute1.xml
2 ms. Memory: 555008K Free: 191793K (35%)
----------------- Invoking toplevel() on ptolemy.moml.MoMLSimpleApplication@1305812f
----------------- Done invoking toplevel() on ptolemy.moml.MoMLSimpleApplication@1305812f
reloadAllAccessors: .TestExceptionAttribute1

===========================================================================================
----------------- testing Thu Mar 05 07:15:09 UTC 2020 /home/travis/build/icyphy/ptII/ptolemy/actor/lib/test/auto/TestExceptionAttribute2.xml
----------------- Instantiating /home/travis/build/icyphy/ptII/ptolemy/actor/lib/test/auto/TestExceptionAttribute2.xml
1 ms. Memory: 555008K Free: 187697K (34%)
----------------- Invoking toplevel() on ptolemy.moml.MoMLSimpleApplication@1df61bd4
----------------- Done invoking toplevel() on ptolemy.moml.MoMLSimpleApplication@1df61bd4
reloadAllAccessors: .TestExceptionAttribute2

===========================================================================================
----------------- testing Thu Mar 05 07:15:09 UTC 2020 /home/travis/build/icyphy/ptII/ptolemy/actor/lib/test/auto/TestExceptionAttribute3.xml
----------------- Instantiating /home/travis/build/icyphy/ptII/ptolemy/actor/lib/test/auto/TestExceptionAttribute3.xml
.TestExceptionAttribute3.TestExceptionAttribute: initialize() was not invoked, but wrapup() was.  This is unusual, but not always a problem.  For example, exporting JNLP will do this.
1 ms. Memory: 555008K Free: 184115K (33%)
----------------- Invoking toplevel() on ptolemy.moml.MoMLSimpleApplication@21ae31d4
----------------- Done invoking toplevel() on ptolemy.moml.MoMLSimpleApplication@21ae31d4
reloadAllAccessors: .TestExceptionAttribute3

===========================================================================================
----------------- testing Thu Mar 05 07:15:09 UTC 2020 /home/travis/build/icyphy/ptII/ptolemy/actor/lib/test/auto/TestExceptionAttribute4.xml
----------------- Instantiating /home/travis/build/icyphy/ptII/ptolemy/actor/lib/test/auto/TestExceptionAttribute4.xml
.TestExceptionAttribute4.TestExceptionAttribute: initialize() was not invoked, but wrapup() was.  This is unusual, but not always a problem.  For example, exporting JNLP will do this.
.TestExceptionAttribute4.TestExceptionAttribute2: initialize() was not invoked, but wrapup() was.  This is unusual, but not always a problem.  For example, exporting JNLP will do this.
0 ms. Memory: 555008K Free: 180019K (32%)
----------------- Invoking toplevel() on ptolemy.moml.MoMLSimpleApplication@73f841fe
----------------- Done invoking toplevel() on ptolemy.moml.MoMLSimpleApplication@73f841fe
reloadAllAccessors: .TestExceptionAttribute4

===========================================================================================
----------------- testing Thu Mar 05 07:15:09 UTC 2020 /home/travis/build/icyphy/ptII/ptolemy/actor/lib/test/auto/TestExceptionHandler1.xml
----------------- Instantiating /home/travis/build/icyphy/ptII/ptolemy/actor/lib/test/auto/TestExceptionHandler1.xml
2 ms. Memory: 555008K Free: 504295K (91%)
----------------- Invoking toplevel() on ptolemy.moml.MoMLSimpleApplication@107337cc
----------------- Done invoking toplevel() on ptolemy.moml.MoMLSimpleApplication@107337cc
reloadAllAccessors: .TestExceptionHandler1

===========================================================================================
----------------- testing Thu Mar 05 07:15:09 UTC 2020 /home/travis/build/icyphy/ptII/ptolemy/actor/lib/test/auto/TestExceptionHandler2.xml
----------------- Instantiating /home/travis/build/icyphy/ptII/ptolemy/actor/lib/test/auto/TestExceptionHandler2.xml
2 ms. Memory: 555008K Free: 500495K (90%)
----------------- Invoking toplevel() on ptolemy.moml.MoMLSimpleApplication@f5f245
----------------- Done invoking toplevel() on ptolemy.moml.MoMLSimpleApplication@f5f245
reloadAllAccessors: .TestExceptionHandler2

===========================================================================================
----------------- testing Thu Mar 05 07:15:09 UTC 2020 /home/travis/build/icyphy/ptII/ptolemy/actor/lib/test/auto/TestExceptionHandler3.xml
----------------- Instantiating /home/travis/build/icyphy/ptII/ptolemy/actor/lib/test/auto/TestExceptionHandler3.xml
1 ms. Memory: 555008K Free: 496399K (89%)
----------------- Invoking toplevel() on ptolemy.moml.MoMLSimpleApplication@cf8f1ce
----------------- Done invoking toplevel() on ptolemy.moml.MoMLSimpleApplication@cf8f1ce
reloadAllAccessors: .TestExceptionHandler3

===========================================================================================
----------------- testing Thu Mar 05 07:15:09 UTC 2020 /home/travis/build/icyphy/ptII/ptolemy/actor/lib/test/auto/TestExceptionHandler4.xml
----------------- Instantiating /home/travis/build/icyphy/ptII/ptolemy/actor/lib/test/auto/TestExceptionHandler4.xml
0 ms. Memory: 555008K Free: 492303K (89%)
----------------- Invoking toplevel() on ptolemy.moml.MoMLSimpleApplication@28ea6d3b
----------------- Done invoking toplevel() on ptolemy.moml.MoMLSimpleApplication@28ea6d3b
reloadAllAccessors: .TestExceptionHandler4

===========================================================================================
----------------- testing Thu Mar 05 07:15:09 UTC 2020 /home/travis/build/icyphy/ptII/ptolemy/actor/lib/test/auto/TestRequireCorrectOrder.xml
----------------- Instantiating /home/travis/build/icyphy/ptII/ptolemy/actor/lib/test/auto/TestRequireCorrectOrder.xml
10 ms. Memory: 555008K Free: 487169K (88%)
----------------- Invoking toplevel() on ptolemy.moml.MoMLSimpleApplication@607be3f5
----------------- Done invoking toplevel() on ptolemy.moml.MoMLSimpleApplication@607be3f5
reloadAllAccessors: .TestRequireCorrectOrder

===========================================================================================
----------------- testing Thu Mar 05 07:15:09 UTC 2020 /home/travis/build/icyphy/ptII/ptolemy/actor/lib/test/auto/TestSimple.xml
----------------- Instantiating /home/travis/build/icyphy/ptII/ptolemy/actor/lib/test/auto/TestSimple.xml
1 ms. Memory: 555008K Free: 482063K (87%)
----------------- Invoking toplevel() on ptolemy.moml.MoMLSimpleApplication@79b3ac1f
----------------- Done invoking toplevel() on ptolemy.moml.MoMLSimpleApplication@79b3ac1f
reloadAllAccessors: .TestSimple

===========================================================================================
----------------- testing Thu Mar 05 07:15:09 UTC 2020 /home/travis/build/icyphy/ptII/ptolemy/actor/lib/test/auto/ThrowModelError.xml
----------------- Instantiating /home/travis/build/icyphy/ptII/ptolemy/actor/lib/test/auto/ThrowModelError.xml
1 ms. Memory: 555008K Free: 477457K (86%)
----------------- Invoking toplevel() on ptolemy.moml.MoMLSimpleApplication@3c17c548
----------------- Done invoking toplevel() on ptolemy.moml.MoMLSimpleApplication@3c17c548
reloadAllAccessors: .ThrowModelError

===========================================================================================
----------------- testing Thu Mar 05 07:15:09 UTC 2020 /home/travis/build/icyphy/ptII/ptolemy/actor/lib/test/auto/TimeDelayMicrosteps.xml
----------------- Instantiating /home/travis/build/icyphy/ptII/ptolemy/actor/lib/test/auto/TimeDelayMicrosteps.xml
2 ms. Memory: 555008K Free: 470793K (85%)
----------------- Invoking toplevel() on ptolemy.moml.MoMLSimpleApplication@6c90a058
----------------- Done invoking toplevel() on ptolemy.moml.MoMLSimpleApplication@6c90a058
reloadAllAccessors: .TimeDelayMicrosteps

===========================================================================================
----------------- testing Thu Mar 05 07:15:09 UTC 2020 /home/travis/build/icyphy/ptII/ptolemy/actor/lib/test/auto/TimeDelayMicrosteps2.xml
----------------- Instantiating /home/travis/build/icyphy/ptII/ptolemy/actor/lib/test/auto/TimeDelayMicrosteps2.xml
6 ms. Memory: 555008K Free: 463121K (83%)
----------------- Invoking toplevel() on ptolemy.moml.MoMLSimpleApplication@35bd6fa8
----------------- Done invoking toplevel() on ptolemy.moml.MoMLSimpleApplication@35bd6fa8
reloadAllAccessors: .TimeDelayMicrosteps2

===========================================================================================
----------------- testing Thu Mar 05 07:15:09 UTC 2020 /home/travis/build/icyphy/ptII/ptolemy/actor/lib/test/auto/TimeDelayMicrosteps3.xml
----------------- Instantiating /home/travis/build/icyphy/ptII/ptolemy/actor/lib/test/auto/TimeDelayMicrosteps3.xml
3 ms. Memory: 555008K Free: 456431K (82%)
----------------- Invoking toplevel() on ptolemy.moml.MoMLSimpleApplication@6abc425
----------------- Done invoking toplevel() on ptolemy.moml.MoMLSimpleApplication@6abc425
reloadAllAccessors: .TimeDelayMicrosteps3

===========================================================================================
----------------- testing Thu Mar 05 07:15:09 UTC 2020 /home/travis/build/icyphy/ptII/ptolemy/actor/lib/test/auto/TimeDelayVariableMicrosteps.xml
----------------- Instantiating /home/travis/build/icyphy/ptII/ptolemy/actor/lib/test/auto/TimeDelayVariableMicrosteps.xml
3 ms. Memory: 555008K Free: 449809K (81%)
----------------- Invoking toplevel() on ptolemy.moml.MoMLSimpleApplication@495a6ea5
----------------- Done invoking toplevel() on ptolemy.moml.MoMLSimpleApplication@495a6ea5
reloadAllAccessors: .TimeDelayVariableMicrosteps

===========================================================================================
----------------- testing Thu Mar 05 07:15:09 UTC 2020 /home/travis/build/icyphy/ptII/ptolemy/actor/lib/test/auto/TimeGap.xml
----------------- Instantiating /home/travis/build/icyphy/ptII/ptolemy/actor/lib/test/auto/TimeGap.xml
2 ms. Memory: 555008K Free: 444161K (80%)
----------------- Invoking toplevel() on ptolemy.moml.MoMLSimpleApplication@2f3fac25
----------------- Done invoking toplevel() on ptolemy.moml.MoMLSimpleApplication@2f3fac25
reloadAllAccessors: .TimeGap

===========================================================================================
----------------- testing Thu Mar 05 07:15:09 UTC 2020 /home/travis/build/icyphy/ptII/ptolemy/actor/lib/test/auto/TimeGap2.xml
----------------- Instantiating /home/travis/build/icyphy/ptII/ptolemy/actor/lib/test/auto/TimeGap2.xml
1 ms. Memory: 555008K Free: 438545K (79%)
----------------- Invoking toplevel() on ptolemy.moml.MoMLSimpleApplication@3d4b10e3
----------------- Done invoking toplevel() on ptolemy.moml.MoMLSimpleApplication@3d4b10e3
reloadAllAccessors: .TimeGap2

===========================================================================================
----------------- testing Thu Mar 05 07:15:09 UTC 2020 /home/travis/build/icyphy/ptII/ptolemy/actor/lib/test/auto/TimedSinewave.xml
----------------- Instantiating /home/travis/build/icyphy/ptII/ptolemy/actor/lib/test/auto/TimedSinewave.xml
21 ms. Memory: 555008K Free: 423695K (76%)
----------------- Invoking toplevel() on ptolemy.moml.MoMLSimpleApplication@5cd8531c
----------------- Done invoking toplevel() on ptolemy.moml.MoMLSimpleApplication@5cd8531c
reloadAllAccessors: .TimedSinewave

===========================================================================================
----------------- testing Thu Mar 05 07:15:09 UTC 2020 /home/travis/build/icyphy/ptII/ptolemy/actor/lib/test/auto/TimedSinewavePhase.xml
----------------- Instantiating /home/travis/build/icyphy/ptII/ptolemy/actor/lib/test/auto/TimedSinewavePhase.xml
7 ms. Memory: 555008K Free: 413969K (75%)
----------------- Invoking toplevel() on ptolemy.moml.MoMLSimpleApplication@4d5ce752
----------------- Done invoking toplevel() on ptolemy.moml.MoMLSimpleApplication@4d5ce752
reloadAllAccessors: .TimedSinewavePhase

===========================================================================================
----------------- testing Thu Mar 05 07:15:09 UTC 2020 /home/travis/build/icyphy/ptII/ptolemy/actor/lib/test/auto/Timer.xml
----------------- Instantiating /home/travis/build/icyphy/ptII/ptolemy/actor/lib/test/auto/Timer.xml
4 ms. Memory: 555008K Free: 408329K (74%)
----------------- Invoking toplevel() on ptolemy.moml.MoMLSimpleApplication@6ff22a86
----------------- Done invoking toplevel() on ptolemy.moml.MoMLSimpleApplication@6ff22a86
reloadAllAccessors: .Timer

===========================================================================================
----------------- testing Thu Mar 05 07:15:09 UTC 2020 /home/travis/build/icyphy/ptII/ptolemy/actor/lib/test/auto/TriangularDistTestModel.xml
----------------- Instantiating /home/travis/build/icyphy/ptII/ptolemy/actor/lib/test/auto/TriangularDistTestModel.xml
2 ms. Memory: 555008K Free: 402177K (72%)
----------------- Invoking toplevel() on ptolemy.moml.MoMLSimpleApplication@6a8ad484
----------------- Done invoking toplevel() on ptolemy.moml.MoMLSimpleApplication@6a8ad484
reloadAllAccessors: .TriangularDistTestModel

===========================================================================================
----------------- testing Thu Mar 05 07:15:09 UTC 2020 /home/travis/build/icyphy/ptII/ptolemy/actor/lib/test/auto/TrigFunction.xml
----------------- Instantiating /home/travis/build/icyphy/ptII/ptolemy/actor/lib/test/auto/TrigFunction.xml
2 ms. Memory: 555008K Free: 397585K (72%)
----------------- Invoking toplevel() on ptolemy.moml.MoMLSimpleApplication@5fa547fa
----------------- Done invoking toplevel() on ptolemy.moml.MoMLSimpleApplication@5fa547fa
reloadAllAccessors: .TrigFunction

===========================================================================================
----------------- testing Thu Mar 05 07:15:09 UTC 2020 /home/travis/build/icyphy/ptII/ptolemy/actor/lib/test/auto/TrigFunctionDE.xml
----------------- Instantiating /home/travis/build/icyphy/ptII/ptolemy/actor/lib/test/auto/TrigFunctionDE.xml
2 ms. Memory: 555008K Free: 391945K (71%)
----------------- Invoking toplevel() on ptolemy.moml.MoMLSimpleApplication@4174544b
----------------- Done invoking toplevel() on ptolemy.moml.MoMLSimpleApplication@4174544b
reloadAllAccessors: .TrigFunctionDE

===========================================================================================
----------------- testing Thu Mar 05 07:15:09 UTC 2020 /home/travis/build/icyphy/ptII/ptolemy/actor/lib/test/auto/TrigFunctionInverse.xml
----------------- Instantiating /home/travis/build/icyphy/ptII/ptolemy/actor/lib/test/auto/TrigFunctionInverse.xml
3 ms. Memory: 555008K Free: 386321K (70%)
----------------- Invoking toplevel() on ptolemy.moml.MoMLSimpleApplication@2d330eec
----------------- Done invoking toplevel() on ptolemy.moml.MoMLSimpleApplication@2d330eec
reloadAllAccessors: .TrigFunctionInverse

===========================================================================================
----------------- testing Thu Mar 05 07:15:09 UTC 2020 /home/travis/build/icyphy/ptII/ptolemy/actor/lib/test/auto/TrigFunctionTan.xml
----------------- Instantiating /home/travis/build/icyphy/ptII/ptolemy/actor/lib/test/auto/TrigFunctionTan.xml
1 ms. Memory: 555008K Free: 382225K (69%)
----------------- Invoking toplevel() on ptolemy.moml.MoMLSimpleApplication@2e6ce5f9
----------------- Done invoking toplevel() on ptolemy.moml.MoMLSimpleApplication@2e6ce5f9
reloadAllAccessors: .TrigFunctionTan

===========================================================================================
----------------- testing Thu Mar 05 07:15:09 UTC 2020 /home/travis/build/icyphy/ptII/ptolemy/actor/lib/test/auto/TriggeredClock.xml
----------------- Instantiating /home/travis/build/icyphy/ptII/ptolemy/actor/lib/test/auto/TriggeredClock.xml
1 ms. Memory: 555008K Free: 377105K (68%)
----------------- Invoking toplevel() on ptolemy.moml.MoMLSimpleApplication@17ef4e22
----------------- Done invoking toplevel() on ptolemy.moml.MoMLSimpleApplication@17ef4e22
reloadAllAccessors: .TriggeredClock

===========================================================================================
----------------- testing Thu Mar 05 07:15:09 UTC 2020 /home/travis/build/icyphy/ptII/ptolemy/actor/lib/test/auto/URLDirectoryReader.xml
----------------- Instantiating /home/travis/build/icyphy/ptII/ptolemy/actor/lib/test/auto/URLDirectoryReader.xml
26 ms. Memory: 555008K Free: 366865K (66%)
----------------- Invoking toplevel() on ptolemy.moml.MoMLSimpleApplication@21588b59
----------------- Done invoking toplevel() on ptolemy.moml.MoMLSimpleApplication@21588b59
reloadAllAccessors: .URLDirectoryReader

===========================================================================================
----------------- testing Thu Mar 05 07:15:09 UTC 2020 /home/travis/build/icyphy/ptII/ptolemy/actor/lib/test/auto/URLDirectoryReader3.xml
----------------- Instantiating /home/travis/build/icyphy/ptII/ptolemy/actor/lib/test/auto/URLDirectoryReader3.xml
1447 ms. Memory: 555008K Free: 495568K (89%)
----------------- Invoking toplevel() on ptolemy.moml.MoMLSimpleApplication@297246c8
----------------- Done invoking toplevel() on ptolemy.moml.MoMLSimpleApplication@297246c8
reloadAllAccessors: .URLDirectoryReader3

===========================================================================================
----------------- testing Thu Mar 05 07:15:11 UTC 2020 /home/travis/build/icyphy/ptII/ptolemy/actor/lib/test/auto/UnaryMathFunction.xml
----------------- Instantiating /home/travis/build/icyphy/ptII/ptolemy/actor/lib/test/auto/UnaryMathFunction.xml
4 ms. Memory: 555008K Free: 487376K (88%)
----------------- Invoking toplevel() on ptolemy.moml.MoMLSimpleApplication@660e5624
----------------- Done invoking toplevel() on ptolemy.moml.MoMLSimpleApplication@660e5624
reloadAllAccessors: .UnaryMathFunction

===========================================================================================
----------------- testing Thu Mar 05 07:15:11 UTC 2020 /home/travis/build/icyphy/ptII/ptolemy/actor/lib/test/auto/Uniform.xml
----------------- Instantiating /home/travis/build/icyphy/ptII/ptolemy/actor/lib/test/auto/Uniform.xml
2 ms. Memory: 555008K Free: 482770K (87%)
----------------- Invoking toplevel() on ptolemy.moml.MoMLSimpleApplication@1702339d
----------------- Done invoking toplevel() on ptolemy.moml.MoMLSimpleApplication@1702339d
reloadAllAccessors: .Uniform

===========================================================================================
----------------- testing Thu Mar 05 07:15:11 UTC 2020 /home/travis/build/icyphy/ptII/ptolemy/actor/lib/test/auto/UnionDisassemblerTest.xml
----------------- Instantiating /home/travis/build/icyphy/ptII/ptolemy/actor/lib/test/auto/UnionDisassemblerTest.xml
14 ms. Memory: 555008K Free: 478674K (86%)
----------------- Invoking toplevel() on ptolemy.moml.MoMLSimpleApplication@5d5110b9
----------------- Done invoking toplevel() on ptolemy.moml.MoMLSimpleApplication@5d5110b9
reloadAllAccessors: .UnionDisassemblerTest

===========================================================================================
----------------- testing Thu Mar 05 07:15:11 UTC 2020 /home/travis/build/icyphy/ptII/ptolemy/actor/lib/test/auto/UtilityFunctions.xml
----------------- Instantiating /home/travis/build/icyphy/ptII/ptolemy/actor/lib/test/auto/UtilityFunctions.xml
1 ms. Memory: 555008K Free: 474578K (86%)
----------------- Invoking toplevel() on ptolemy.moml.MoMLSimpleApplication@4a7db0d5
----------------- Done invoking toplevel() on ptolemy.moml.MoMLSimpleApplication@4a7db0d5
reloadAllAccessors: .UtilityFunctions

===========================================================================================
----------------- testing Thu Mar 05 07:15:11 UTC 2020 /home/travis/build/icyphy/ptII/ptolemy/actor/lib/test/auto/VariableSleep.xml
----------------- Instantiating /home/travis/build/icyphy/ptII/ptolemy/actor/lib/test/auto/VariableSleep.xml
503 ms. Memory: 555008K Free: 469458K (85%)
----------------- Invoking toplevel() on ptolemy.moml.MoMLSimpleApplication@56763a3a
----------------- Done invoking toplevel() on ptolemy.moml.MoMLSimpleApplication@56763a3a
reloadAllAccessors: .VariableSleep

===========================================================================================
----------------- testing Thu Mar 05 07:15:12 UTC 2020 /home/travis/build/icyphy/ptII/ptolemy/actor/lib/test/auto/VectorAssemblerDisassemblerCT.xml
----------------- Instantiating /home/travis/build/icyphy/ptII/ptolemy/actor/lib/test/auto/VectorAssemblerDisassemblerCT.xml
74 ms. Memory: 555008K Free: 448978K (81%)
----------------- Invoking toplevel() on ptolemy.moml.MoMLSimpleApplication@7e2aa5e2
----------------- Done invoking toplevel() on ptolemy.moml.MoMLSimpleApplication@7e2aa5e2
reloadAllAccessors: .VectorAssemblerDisassemblerCT

===========================================================================================
----------------- testing Thu Mar 05 07:15:12 UTC 2020 /home/travis/build/icyphy/ptII/ptolemy/actor/lib/test/auto/VectorAssemblerDisassemblerDE.xml
----------------- Instantiating /home/travis/build/icyphy/ptII/ptolemy/actor/lib/test/auto/VectorAssemblerDisassemblerDE.xml
3 ms. Memory: 555008K Free: 441810K (80%)
----------------- Invoking toplevel() on ptolemy.moml.MoMLSimpleApplication@2709e0a2
----------------- Done invoking toplevel() on ptolemy.moml.MoMLSimpleApplication@2709e0a2
reloadAllAccessors: .VectorAssemblerDisassemblerDE

===========================================================================================
----------------- testing Thu Mar 05 07:15:12 UTC 2020 /home/travis/build/icyphy/ptII/ptolemy/actor/lib/test/auto/VectorAssemblerDisassemblerSDF.xml
----------------- Instantiating /home/travis/build/icyphy/ptII/ptolemy/actor/lib/test/auto/VectorAssemblerDisassemblerSDF.xml
2 ms. Memory: 555008K Free: 435666K (78%)
----------------- Invoking toplevel() on ptolemy.moml.MoMLSimpleApplication@4fc5033
----------------- Done invoking toplevel() on ptolemy.moml.MoMLSimpleApplication@4fc5033
reloadAllAccessors: .VectorAssemblerDisassemblerSDF

===========================================================================================
----------------- testing Thu Mar 05 07:15:12 UTC 2020 /home/travis/build/icyphy/ptII/ptolemy/actor/lib/test/auto/WallClockTime.xml
----------------- Instantiating /home/travis/build/icyphy/ptII/ptolemy/actor/lib/test/auto/WallClockTime.xml
1004 ms. Memory: 555008K Free: 430032K (77%)
----------------- Invoking toplevel() on ptolemy.moml.MoMLSimpleApplication@27991d1
----------------- Done invoking toplevel() on ptolemy.moml.MoMLSimpleApplication@27991d1
reloadAllAccessors: .WallClockTime

===========================================================================================
----------------- testing Thu Mar 05 07:15:13 UTC 2020 /home/travis/build/icyphy/ptII/ptolemy/actor/lib/test/auto/WidthTestWithSubscriberPublisher.xml
----------------- Instantiating /home/travis/build/icyphy/ptII/ptolemy/actor/lib/test/auto/WidthTestWithSubscriberPublisher.xml
7 ms. Memory: 555008K Free: 412624K (74%)
----------------- Invoking toplevel() on ptolemy.moml.MoMLSimpleApplication@170b7338
----------------- Done invoking toplevel() on ptolemy.moml.MoMLSimpleApplication@170b7338
reloadAllAccessors: .WidthTestWithSubscriberPublisher

===========================================================================================
----------------- testing Thu Mar 05 07:15:13 UTC 2020 /home/travis/build/icyphy/ptII/ptolemy/actor/lib/test/auto/WidthTestWithSubscriberPublisher2.xml
----------------- Instantiating /home/travis/build/icyphy/ptII/ptolemy/actor/lib/test/auto/WidthTestWithSubscriberPublisher2.xml
2 ms. Memory: 555008K Free: 406480K (73%)
----------------- Invoking toplevel() on ptolemy.moml.MoMLSimpleApplication@59889507
----------------- Done invoking toplevel() on ptolemy.moml.MoMLSimpleApplication@59889507
reloadAllAccessors: .WidthTestWithSubscriberPublisher2

===========================================================================================
----------------- testing Thu Mar 05 07:15:13 UTC 2020 /home/travis/build/icyphy/ptII/ptolemy/actor/lib/test/auto/WidthTestWithSubscriberPublisher3.xml
----------------- Instantiating /home/travis/build/icyphy/ptII/ptolemy/actor/lib/test/auto/WidthTestWithSubscriberPublisher3.xml
2 ms. Memory: 555008K Free: 400336K (72%)
----------------- Invoking toplevel() on ptolemy.moml.MoMLSimpleApplication@58ad70c7
----------------- Done invoking toplevel() on ptolemy.moml.MoMLSimpleApplication@58ad70c7
reloadAllAccessors: .WidthTestWithSubscriberPublisher3

===========================================================================================
----------------- testing Thu Mar 05 07:15:13 UTC 2020 /home/travis/build/icyphy/ptII/ptolemy/actor/lib/test/auto/Writer.xml
----------------- Instantiating /home/travis/build/icyphy/ptII/ptolemy/actor/lib/test/auto/Writer.xml
0
1
2
3
4
1 ms. Memory: 555008K Free: 396210K (71%)
----------------- Invoking toplevel() on ptolemy.moml.MoMLSimpleApplication@6bfccd97
----------------- Done invoking toplevel() on ptolemy.moml.MoMLSimpleApplication@6bfccd97
reloadAllAccessors: .Writer

===========================================================================================
----------------- testing Thu Mar 05 07:15:13 UTC 2020 /home/travis/build/icyphy/ptII/ptolemy/actor/lib/test/auto/array.xml
----------------- Instantiating /home/travis/build/icyphy/ptII/ptolemy/actor/lib/test/auto/array.xml
2 ms. Memory: 555008K Free: 391634K (71%)
----------------- Invoking toplevel() on ptolemy.moml.MoMLSimpleApplication@4b35e235
----------------- Done invoking toplevel() on ptolemy.moml.MoMLSimpleApplication@4b35e235
reloadAllAccessors: .array

===========================================================================================
----------------- testing Thu Mar 05 07:15:13 UTC 2020 /home/travis/build/icyphy/ptII/ptolemy/actor/lib/test/auto/array2.xml
----------------- Instantiating /home/travis/build/icyphy/ptII/ptolemy/actor/lib/test/auto/array2.xml
3 ms. Memory: 555008K Free: 386514K (70%)
----------------- Invoking toplevel() on ptolemy.moml.MoMLSimpleApplication@57fec440
----------------- Done invoking toplevel() on ptolemy.moml.MoMLSimpleApplication@57fec440
reloadAllAccessors: .array2

===========================================================================================
----------------- testing Thu Mar 05 07:15:13 UTC 2020 /home/travis/build/icyphy/ptII/ptolemy/actor/lib/test/auto/arrayType.xml
----------------- Instantiating /home/travis/build/icyphy/ptII/ptolemy/actor/lib/test/auto/arrayType.xml
2 ms. Memory: 555008K Free: 381394K (69%)
----------------- Invoking toplevel() on ptolemy.moml.MoMLSimpleApplication@7eee3fd5
----------------- Done invoking toplevel() on ptolemy.moml.MoMLSimpleApplication@7eee3fd5
reloadAllAccessors: .arrayType

===========================================================================================
----------------- testing Thu Mar 05 07:15:13 UTC 2020 /home/travis/build/icyphy/ptII/ptolemy/actor/lib/test/auto/arrayType10.xml
----------------- Instantiating /home/travis/build/icyphy/ptII/ptolemy/actor/lib/test/auto/arrayType10.xml
1 ms. Memory: 555008K Free: 376274K (68%)
----------------- Invoking toplevel() on ptolemy.moml.MoMLSimpleApplication@3f3f6137
----------------- Done invoking toplevel() on ptolemy.moml.MoMLSimpleApplication@3f3f6137
reloadAllAccessors: .arrayType10

===========================================================================================
----------------- testing Thu Mar 05 07:15:13 UTC 2020 /home/travis/build/icyphy/ptII/ptolemy/actor/lib/test/auto/arrayType11.xml
----------------- Instantiating /home/travis/build/icyphy/ptII/ptolemy/actor/lib/test/auto/arrayType11.xml
2 ms. Memory: 555008K Free: 371664K (67%)
----------------- Invoking toplevel() on ptolemy.moml.MoMLSimpleApplication@58bc986c
----------------- Done invoking toplevel() on ptolemy.moml.MoMLSimpleApplication@58bc986c
reloadAllAccessors: .arrayType11

===========================================================================================
----------------- testing Thu Mar 05 07:15:13 UTC 2020 /home/travis/build/icyphy/ptII/ptolemy/actor/lib/test/auto/arrayType12.xml
----------------- Instantiating /home/travis/build/icyphy/ptII/ptolemy/actor/lib/test/auto/arrayType12.xml
1 ms. Memory: 555008K Free: 367058K (66%)
----------------- Invoking toplevel() on ptolemy.moml.MoMLSimpleApplication@1b64f8c2
----------------- Done invoking toplevel() on ptolemy.moml.MoMLSimpleApplication@1b64f8c2
reloadAllAccessors: .arrayType12

===========================================================================================
----------------- testing Thu Mar 05 07:15:13 UTC 2020 /home/travis/build/icyphy/ptII/ptolemy/actor/lib/test/auto/arrayType13.xml
----------------- Instantiating /home/travis/build/icyphy/ptII/ptolemy/actor/lib/test/auto/arrayType13.xml
1 ms. Memory: 555008K Free: 361424K (65%)
----------------- Invoking toplevel() on ptolemy.moml.MoMLSimpleApplication@5abdcc62
----------------- Done invoking toplevel() on ptolemy.moml.MoMLSimpleApplication@5abdcc62
reloadAllAccessors: .arrayType13

===========================================================================================
----------------- testing Thu Mar 05 07:15:13 UTC 2020 /home/travis/build/icyphy/ptII/ptolemy/actor/lib/test/auto/arrayType14.xml
----------------- Instantiating /home/travis/build/icyphy/ptII/ptolemy/actor/lib/test/auto/arrayType14.xml
1 ms. Memory: 555008K Free: 356304K (64%)
----------------- Invoking toplevel() on ptolemy.moml.MoMLSimpleApplication@3bd8fcf8
----------------- Done invoking toplevel() on ptolemy.moml.MoMLSimpleApplication@3bd8fcf8
reloadAllAccessors: .arrayType14

===========================================================================================
----------------- testing Thu Mar 05 07:15:13 UTC 2020 /home/travis/build/icyphy/ptII/ptolemy/actor/lib/test/auto/arrayType15.xml
----------------- Instantiating /home/travis/build/icyphy/ptII/ptolemy/actor/lib/test/auto/arrayType15.xml
3 ms. Memory: 555008K Free: 351184K (63%)
----------------- Invoking toplevel() on ptolemy.moml.MoMLSimpleApplication@38582b67
----------------- Done invoking toplevel() on ptolemy.moml.MoMLSimpleApplication@38582b67
reloadAllAccessors: .arrayType15

===========================================================================================
----------------- testing Thu Mar 05 07:15:13 UTC 2020 /home/travis/build/icyphy/ptII/ptolemy/actor/lib/test/auto/arrayType16.xml
----------------- Instantiating /home/travis/build/icyphy/ptII/ptolemy/actor/lib/test/auto/arrayType16.xml
2 ms. Memory: 555008K Free: 345554K (62%)
----------------- Invoking toplevel() on ptolemy.moml.MoMLSimpleApplication@6ce06cc
----------------- Done invoking toplevel() on ptolemy.moml.MoMLSimpleApplication@6ce06cc
reloadAllAccessors: .arrayType16

===========================================================================================
----------------- testing Thu Mar 05 07:15:13 UTC 2020 /home/travis/build/icyphy/ptII/ptolemy/actor/lib/test/auto/arrayType17.xml
----------------- Instantiating /home/travis/build/icyphy/ptII/ptolemy/actor/lib/test/auto/arrayType17.xml
2 ms. Memory: 555008K Free: 340434K (61%)
----------------- Invoking toplevel() on ptolemy.moml.MoMLSimpleApplication@11de2875
----------------- Done invoking toplevel() on ptolemy.moml.MoMLSimpleApplication@11de2875
reloadAllAccessors: .arrayType17

===========================================================================================
----------------- testing Thu Mar 05 07:15:13 UTC 2020 /home/travis/build/icyphy/ptII/ptolemy/actor/lib/test/auto/arrayType18.xml
----------------- Instantiating /home/travis/build/icyphy/ptII/ptolemy/actor/lib/test/auto/arrayType18.xml
2 ms. Memory: 555008K Free: 335824K (61%)
----------------- Invoking toplevel() on ptolemy.moml.MoMLSimpleApplication@255fe86c
----------------- Done invoking toplevel() on ptolemy.moml.MoMLSimpleApplication@255fe86c
reloadAllAccessors: .arrayType18

===========================================================================================
----------------- testing Thu Mar 05 07:15:13 UTC 2020 /home/travis/build/icyphy/ptII/ptolemy/actor/lib/test/auto/arrayType19.xml
----------------- Instantiating /home/travis/build/icyphy/ptII/ptolemy/actor/lib/test/auto/arrayType19.xml
2 ms. Memory: 555008K Free: 330704K (60%)
----------------- Invoking toplevel() on ptolemy.moml.MoMLSimpleApplication@22b38875
----------------- Done invoking toplevel() on ptolemy.moml.MoMLSimpleApplication@22b38875
reloadAllAccessors: .arrayType19

===========================================================================================
----------------- testing Thu Mar 05 07:15:13 UTC 2020 /home/travis/build/icyphy/ptII/ptolemy/actor/lib/test/auto/arrayType2.xml
----------------- Instantiating /home/travis/build/icyphy/ptII/ptolemy/actor/lib/test/auto/arrayType2.xml
2 ms. Memory: 555008K Free: 325584K (59%)
----------------- Invoking toplevel() on ptolemy.moml.MoMLSimpleApplication@5fd8a07b
----------------- Done invoking toplevel() on ptolemy.moml.MoMLSimpleApplication@5fd8a07b
reloadAllAccessors: .arrayType2

===========================================================================================
----------------- testing Thu Mar 05 07:15:13 UTC 2020 /home/travis/build/icyphy/ptII/ptolemy/actor/lib/test/auto/arrayType20.xml
----------------- Instantiating /home/travis/build/icyphy/ptII/ptolemy/actor/lib/test/auto/arrayType20.xml
1 ms. Memory: 555008K Free: 320464K (58%)
----------------- Invoking toplevel() on ptolemy.moml.MoMLSimpleApplication@f17506a
----------------- Done invoking toplevel() on ptolemy.moml.MoMLSimpleApplication@f17506a
reloadAllAccessors: .arrayType20

===========================================================================================
----------------- testing Thu Mar 05 07:15:13 UTC 2020 /home/travis/build/icyphy/ptII/ptolemy/actor/lib/test/auto/arrayType21.xml
----------------- Instantiating /home/travis/build/icyphy/ptII/ptolemy/actor/lib/test/auto/arrayType21.xml
1 ms. Memory: 555008K Free: 315858K (57%)
----------------- Invoking toplevel() on ptolemy.moml.MoMLSimpleApplication@1951fe52
----------------- Done invoking toplevel() on ptolemy.moml.MoMLSimpleApplication@1951fe52
reloadAllAccessors: .arrayType21

===========================================================================================
----------------- testing Thu Mar 05 07:15:13 UTC 2020 /home/travis/build/icyphy/ptII/ptolemy/actor/lib/test/auto/arrayType22.xml
----------------- Instantiating /home/travis/build/icyphy/ptII/ptolemy/actor/lib/test/auto/arrayType22.xml
1 ms. Memory: 555008K Free: 311248K (56%)
----------------- Invoking toplevel() on ptolemy.moml.MoMLSimpleApplication@7fd7aef9
----------------- Done invoking toplevel() on ptolemy.moml.MoMLSimpleApplication@7fd7aef9
reloadAllAccessors: .arrayType22

===========================================================================================
----------------- testing Thu Mar 05 07:15:13 UTC 2020 /home/travis/build/icyphy/ptII/ptolemy/actor/lib/test/auto/arrayType23.xml
----------------- Instantiating /home/travis/build/icyphy/ptII/ptolemy/actor/lib/test/auto/arrayType23.xml
1 ms. Memory: 555008K Free: 306128K (55%)
----------------- Invoking toplevel() on ptolemy.moml.MoMLSimpleApplication@27803d91
----------------- Done invoking toplevel() on ptolemy.moml.MoMLSimpleApplication@27803d91
reloadAllAccessors: .arrayType23

===========================================================================================
----------------- testing Thu Mar 05 07:15:13 UTC 2020 /home/travis/build/icyphy/ptII/ptolemy/actor/lib/test/auto/arrayType24.xml
----------------- Instantiating /home/travis/build/icyphy/ptII/ptolemy/actor/lib/test/auto/arrayType24.xml
1 ms. Memory: 555008K Free: 301522K (54%)
----------------- Invoking toplevel() on ptolemy.moml.MoMLSimpleApplication@6c70e7b1
----------------- Done invoking toplevel() on ptolemy.moml.MoMLSimpleApplication@6c70e7b1
reloadAllAccessors: .arrayType24

===========================================================================================
----------------- testing Thu Mar 05 07:15:13 UTC 2020 /home/travis/build/icyphy/ptII/ptolemy/actor/lib/test/auto/arrayType25.xml
----------------- Instantiating /home/travis/build/icyphy/ptII/ptolemy/actor/lib/test/auto/arrayType25.xml
2 ms. Memory: 555008K Free: 295888K (53%)
----------------- Invoking toplevel() on ptolemy.moml.MoMLSimpleApplication@5e4db58d
----------------- Done invoking toplevel() on ptolemy.moml.MoMLSimpleApplication@5e4db58d
reloadAllAccessors: .arrayType25

===========================================================================================
----------------- testing Thu Mar 05 07:15:13 UTC 2020 /home/travis/build/icyphy/ptII/ptolemy/actor/lib/test/auto/arrayType26.xml
----------------- Instantiating /home/travis/build/icyphy/ptII/ptolemy/actor/lib/test/auto/arrayType26.xml
1 ms. Memory: 555008K Free: 290768K (52%)
----------------- Invoking toplevel() on ptolemy.moml.MoMLSimpleApplication@2ada5d3c
----------------- Done invoking toplevel() on ptolemy.moml.MoMLSimpleApplication@2ada5d3c
reloadAllAccessors: .arrayType26

===========================================================================================
----------------- testing Thu Mar 05 07:15:13 UTC 2020 /home/travis/build/icyphy/ptII/ptolemy/actor/lib/test/auto/arrayType27.xml
----------------- Instantiating /home/travis/build/icyphy/ptII/ptolemy/actor/lib/test/auto/arrayType27.xml
1 ms. Memory: 555008K Free: 285648K (51%)
----------------- Invoking toplevel() on ptolemy.moml.MoMLSimpleApplication@29057000
----------------- Done invoking toplevel() on ptolemy.moml.MoMLSimpleApplication@29057000
reloadAllAccessors: .arrayType27

===========================================================================================
----------------- testing Thu Mar 05 07:15:13 UTC 2020 /home/travis/build/icyphy/ptII/ptolemy/actor/lib/test/auto/arrayType28.xml
----------------- Instantiating /home/travis/build/icyphy/ptII/ptolemy/actor/lib/test/auto/arrayType28.xml
2 ms. Memory: 555008K Free: 280018K (50%)
----------------- Invoking toplevel() on ptolemy.moml.MoMLSimpleApplication@3275a56a
----------------- Done invoking toplevel() on ptolemy.moml.MoMLSimpleApplication@3275a56a
reloadAllAccessors: .arrayType28

===========================================================================================
----------------- testing Thu Mar 05 07:15:14 UTC 2020 /home/travis/build/icyphy/ptII/ptolemy/actor/lib/test/auto/arrayType3.xml
----------------- Instantiating /home/travis/build/icyphy/ptII/ptolemy/actor/lib/test/auto/arrayType3.xml
1 ms. Memory: 555008K Free: 274898K (50%)
----------------- Invoking toplevel() on ptolemy.moml.MoMLSimpleApplication@5ad8d7d8
----------------- Done invoking toplevel() on ptolemy.moml.MoMLSimpleApplication@5ad8d7d8
reloadAllAccessors: .arrayType3

===========================================================================================
----------------- testing Thu Mar 05 07:15:14 UTC 2020 /home/travis/build/icyphy/ptII/ptolemy/actor/lib/test/auto/arrayType4.xml
----------------- Instantiating /home/travis/build/icyphy/ptII/ptolemy/actor/lib/test/auto/arrayType4.xml
1 ms. Memory: 555008K Free: 269264K (49%)
----------------- Invoking toplevel() on ptolemy.moml.MoMLSimpleApplication@559d8a2f
----------------- Done invoking toplevel() on ptolemy.moml.MoMLSimpleApplication@559d8a2f
reloadAllAccessors: .arrayType4

===========================================================================================
----------------- testing Thu Mar 05 07:15:14 UTC 2020 /home/travis/build/icyphy/ptII/ptolemy/actor/lib/test/auto/arrayType5.xml
----------------- Instantiating /home/travis/build/icyphy/ptII/ptolemy/actor/lib/test/auto/arrayType5.xml
2 ms. Memory: 555008K Free: 264144K (48%)
----------------- Invoking toplevel() on ptolemy.moml.MoMLSimpleApplication@4cfe4be0
----------------- Done invoking toplevel() on ptolemy.moml.MoMLSimpleApplication@4cfe4be0
reloadAllAccessors: .arrayType5

===========================================================================================
----------------- testing Thu Mar 05 07:15:14 UTC 2020 /home/travis/build/icyphy/ptII/ptolemy/actor/lib/test/auto/arrayType6.xml
----------------- Instantiating /home/travis/build/icyphy/ptII/ptolemy/actor/lib/test/auto/arrayType6.xml
1 ms. Memory: 555008K Free: 259538K (47%)
----------------- Invoking toplevel() on ptolemy.moml.MoMLSimpleApplication@37df46d5
----------------- Done invoking toplevel() on ptolemy.moml.MoMLSimpleApplication@37df46d5
reloadAllAccessors: .arrayType6

===========================================================================================
----------------- testing Thu Mar 05 07:15:14 UTC 2020 /home/travis/build/icyphy/ptII/ptolemy/actor/lib/test/auto/arrayType7.xml
----------------- Instantiating /home/travis/build/icyphy/ptII/ptolemy/actor/lib/test/auto/arrayType7.xml
1 ms. Memory: 555008K Free: 254418K (46%)
----------------- Invoking toplevel() on ptolemy.moml.MoMLSimpleApplication@53ddc74e
----------------- Done invoking toplevel() on ptolemy.moml.MoMLSimpleApplication@53ddc74e
reloadAllAccessors: .arrayType7

===========================================================================================
----------------- testing Thu Mar 05 07:15:14 UTC 2020 /home/travis/build/icyphy/ptII/ptolemy/actor/lib/test/auto/arrayType8.xml
----------------- Instantiating /home/travis/build/icyphy/ptII/ptolemy/actor/lib/test/auto/arrayType8.xml
6 ms. Memory: 555008K Free: 249808K (45%)
----------------- Invoking toplevel() on ptolemy.moml.MoMLSimpleApplication@36566d1c
----------------- Done invoking toplevel() on ptolemy.moml.MoMLSimpleApplication@36566d1c
reloadAllAccessors: .arrayType8

===========================================================================================
----------------- testing Thu Mar 05 07:15:14 UTC 2020 /home/travis/build/icyphy/ptII/ptolemy/actor/lib/test/auto/arrayType9.xml
----------------- Instantiating /home/travis/build/icyphy/ptII/ptolemy/actor/lib/test/auto/arrayType9.xml
1 ms. Memory: 555008K Free: 244688K (44%)
----------------- Invoking toplevel() on ptolemy.moml.MoMLSimpleApplication@36bb8a08
----------------- Done invoking toplevel() on ptolemy.moml.MoMLSimpleApplication@36bb8a08
reloadAllAccessors: .arrayType9

===========================================================================================
----------------- testing Thu Mar 05 07:15:14 UTC 2020 /home/travis/build/icyphy/ptII/ptolemy/actor/lib/test/auto/cast.xml
----------------- Instantiating /home/travis/build/icyphy/ptII/ptolemy/actor/lib/test/auto/cast.xml
1 ms. Memory: 555008K Free: 240082K (43%)
----------------- Invoking toplevel() on ptolemy.moml.MoMLSimpleApplication@50b8c94d
----------------- Done invoking toplevel() on ptolemy.moml.MoMLSimpleApplication@50b8c94d
reloadAllAccessors: .cast

===========================================================================================
----------------- testing Thu Mar 05 07:15:14 UTC 2020 /home/travis/build/icyphy/ptII/ptolemy/actor/lib/test/auto/compositeMultiPort.xml
----------------- Instantiating /home/travis/build/icyphy/ptII/ptolemy/actor/lib/test/auto/compositeMultiPort.xml
3 ms. Memory: 555008K Free: 230866K (42%)
----------------- Invoking toplevel() on ptolemy.moml.MoMLSimpleApplication@505af4ad
----------------- Done invoking toplevel() on ptolemy.moml.MoMLSimpleApplication@505af4ad
reloadAllAccessors: .compositeMultiPort

===========================================================================================
----------------- testing Thu Mar 05 07:15:14 UTC 2020 /home/travis/build/icyphy/ptII/ptolemy/actor/lib/test/auto/expressionCastInference.xml
----------------- Instantiating /home/travis/build/icyphy/ptII/ptolemy/actor/lib/test/auto/expressionCastInference.xml
2 ms. Memory: 555008K Free: 226256K (41%)
----------------- Invoking toplevel() on ptolemy.moml.MoMLSimpleApplication@6e75a20e
----------------- Done invoking toplevel() on ptolemy.moml.MoMLSimpleApplication@6e75a20e
reloadAllAccessors: .expressionCastInference

===========================================================================================
----------------- testing Thu Mar 05 07:15:14 UTC 2020 /home/travis/build/icyphy/ptII/ptolemy/actor/lib/test/auto/expressionCastInference2.xml
----------------- Instantiating /home/travis/build/icyphy/ptII/ptolemy/actor/lib/test/auto/expressionCastInference2.xml
1 ms. Memory: 555008K Free: 221650K (40%)
----------------- Invoking toplevel() on ptolemy.moml.MoMLSimpleApplication@6a7efea8
----------------- Done invoking toplevel() on ptolemy.moml.MoMLSimpleApplication@6a7efea8
reloadAllAccessors: .expressionCastInference2

===========================================================================================
----------------- testing Thu Mar 05 07:15:14 UTC 2020 /home/travis/build/icyphy/ptII/ptolemy/actor/lib/test/auto/expressionInference.xml
----------------- Instantiating /home/travis/build/icyphy/ptII/ptolemy/actor/lib/test/auto/expressionInference.xml
1 ms. Memory: 555008K Free: 217040K (39%)
----------------- Invoking toplevel() on ptolemy.moml.MoMLSimpleApplication@12ff1b7e
----------------- Done invoking toplevel() on ptolemy.moml.MoMLSimpleApplication@12ff1b7e
reloadAllAccessors: .expressionInference

===========================================================================================
----------------- testing Thu Mar 05 07:15:14 UTC 2020 /home/travis/build/icyphy/ptII/ptolemy/actor/lib/test/auto/expression_bug.xml
----------------- Instantiating /home/travis/build/icyphy/ptII/ptolemy/actor/lib/test/auto/expression_bug.xml
1 ms. Memory: 555008K Free: 212944K (38%)
----------------- Invoking toplevel() on ptolemy.moml.MoMLSimpleApplication@12172649
----------------- Done invoking toplevel() on ptolemy.moml.MoMLSimpleApplication@12172649
reloadAllAccessors: .expression_bug

===========================================================================================
----------------- testing Thu Mar 05 07:15:14 UTC 2020 /home/travis/build/icyphy/ptII/ptolemy/actor/lib/test/auto/factorial.xml
----------------- Instantiating /home/travis/build/icyphy/ptII/ptolemy/actor/lib/test/auto/factorial.xml
32 ms. Memory: 555008K Free: 204242K (37%)
----------------- Invoking toplevel() on ptolemy.moml.MoMLSimpleApplication@ef2d505
----------------- Done invoking toplevel() on ptolemy.moml.MoMLSimpleApplication@ef2d505
reloadAllAccessors: .factorial

===========================================================================================
----------------- testing Thu Mar 05 07:15:14 UTC 2020 /home/travis/build/icyphy/ptII/ptolemy/actor/lib/test/auto/filterTest1.xml
----------------- Instantiating /home/travis/build/icyphy/ptII/ptolemy/actor/lib/test/auto/filterTest1.xml
3 ms. Memory: 555008K Free: 198608K (36%)
----------------- Invoking toplevel() on ptolemy.moml.MoMLSimpleApplication@54e68673
----------------- Done invoking toplevel() on ptolemy.moml.MoMLSimpleApplication@54e68673
reloadAllAccessors: .filterTest1

===========================================================================================
----------------- testing Thu Mar 05 07:15:14 UTC 2020 /home/travis/build/icyphy/ptII/ptolemy/actor/lib/test/auto/funcApplyInConst.xml
----------------- Instantiating /home/travis/build/icyphy/ptII/ptolemy/actor/lib/test/auto/funcApplyInConst.xml
2 ms. Memory: 555008K Free: 194512K (35%)
----------------- Invoking toplevel() on ptolemy.moml.MoMLSimpleApplication@2e83eb61
----------------- Done invoking toplevel() on ptolemy.moml.MoMLSimpleApplication@2e83eb61
reloadAllAccessors: .funcApplyInConst

===========================================================================================
----------------- testing Thu Mar 05 07:15:14 UTC 2020 /home/travis/build/icyphy/ptII/ptolemy/actor/lib/test/auto/funcApplyInExpr.xml
----------------- Instantiating /home/travis/build/icyphy/ptII/ptolemy/actor/lib/test/auto/funcApplyInExpr.xml
2 ms. Memory: 555008K Free: 190930K (34%)
----------------- Invoking toplevel() on ptolemy.moml.MoMLSimpleApplication@6d99f10a
----------------- Done invoking toplevel() on ptolemy.moml.MoMLSimpleApplication@6d99f10a
reloadAllAccessors: .funcApplyInExpr

===========================================================================================
----------------- testing Thu Mar 05 07:15:14 UTC 2020 /home/travis/build/icyphy/ptII/ptolemy/actor/lib/test/auto/function.xml
----------------- Instantiating /home/travis/build/icyphy/ptII/ptolemy/actor/lib/test/auto/function.xml
2 ms. Memory: 555008K Free: 185810K (33%)
----------------- Invoking toplevel() on ptolemy.moml.MoMLSimpleApplication@3d7cbb17
----------------- Done invoking toplevel() on ptolemy.moml.MoMLSimpleApplication@3d7cbb17
reloadAllAccessors: .function

===========================================================================================
----------------- testing Thu Mar 05 07:15:14 UTC 2020 /home/travis/build/icyphy/ptII/ptolemy/actor/lib/test/auto/function2.xml
----------------- Instantiating /home/travis/build/icyphy/ptII/ptolemy/actor/lib/test/auto/function2.xml
1 ms. Memory: 555008K Free: 181200K (33%)
----------------- Invoking toplevel() on ptolemy.moml.MoMLSimpleApplication@1e61d590
----------------- Done invoking toplevel() on ptolemy.moml.MoMLSimpleApplication@1e61d590
reloadAllAccessors: .function2

===========================================================================================
----------------- testing Thu Mar 05 07:15:14 UTC 2020 /home/travis/build/icyphy/ptII/ptolemy/actor/lib/test/auto/function3.xml
----------------- Instantiating /home/travis/build/icyphy/ptII/ptolemy/actor/lib/test/auto/function3.xml
2 ms. Memory: 555008K Free: 177618K (32%)
----------------- Invoking toplevel() on ptolemy.moml.MoMLSimpleApplication@7b237c0b
----------------- Done invoking toplevel() on ptolemy.moml.MoMLSimpleApplication@7b237c0b
reloadAllAccessors: .function3

===========================================================================================
----------------- testing Thu Mar 05 07:15:14 UTC 2020 /home/travis/build/icyphy/ptII/ptolemy/actor/lib/test/auto/functionClosureTest1.xml
----------------- Instantiating /home/travis/build/icyphy/ptII/ptolemy/actor/lib/test/auto/functionClosureTest1.xml
2 ms. Memory: 555008K Free: 497711K (90%)
----------------- Invoking toplevel() on ptolemy.moml.MoMLSimpleApplication@7487e1b
----------------- Done invoking toplevel() on ptolemy.moml.MoMLSimpleApplication@7487e1b
reloadAllAccessors: .functionClosureTest1

===========================================================================================
----------------- testing Thu Mar 05 07:15:14 UTC 2020 /home/travis/build/icyphy/ptII/ptolemy/actor/lib/test/auto/functionClosureTest2.xml
----------------- Instantiating /home/travis/build/icyphy/ptII/ptolemy/actor/lib/test/auto/functionClosureTest2.xml
1 ms. Memory: 555008K Free: 493615K (89%)
----------------- Invoking toplevel() on ptolemy.moml.MoMLSimpleApplication@7240f73f
----------------- Done invoking toplevel() on ptolemy.moml.MoMLSimpleApplication@7240f73f
reloadAllAccessors: .functionClosureTest2

===========================================================================================
----------------- testing Thu Mar 05 07:15:14 UTC 2020 /home/travis/build/icyphy/ptII/ptolemy/actor/lib/test/auto/functionClosureTest3.xml
----------------- Instantiating /home/travis/build/icyphy/ptII/ptolemy/actor/lib/test/auto/functionClosureTest3.xml
2 ms. Memory: 555008K Free: 488495K (88%)
----------------- Invoking toplevel() on ptolemy.moml.MoMLSimpleApplication@23ba9de6
----------------- Done invoking toplevel() on ptolemy.moml.MoMLSimpleApplication@23ba9de6
reloadAllAccessors: .functionClosureTest3

===========================================================================================
----------------- testing Thu Mar 05 07:15:14 UTC 2020 /home/travis/build/icyphy/ptII/ptolemy/actor/lib/test/auto/functionClosureTest4.xml
----------------- Instantiating /home/travis/build/icyphy/ptII/ptolemy/actor/lib/test/auto/functionClosureTest4.xml
25 ms. Memory: 555008K Free: 481837K (87%)
----------------- Invoking toplevel() on ptolemy.moml.MoMLSimpleApplication@3e0969b8
----------------- Done invoking toplevel() on ptolemy.moml.MoMLSimpleApplication@3e0969b8
reloadAllAccessors: .functionClosureTest4

===========================================================================================
----------------- testing Thu Mar 05 07:15:14 UTC 2020 /home/travis/build/icyphy/ptII/ptolemy/actor/lib/test/auto/functionClosureTest5.xml
----------------- Instantiating /home/travis/build/icyphy/ptII/ptolemy/actor/lib/test/auto/functionClosureTest5.xml
3 ms. Memory: 555008K Free: 476207K (86%)
----------------- Invoking toplevel() on ptolemy.moml.MoMLSimpleApplication@3f17d0a
----------------- Done invoking toplevel() on ptolemy.moml.MoMLSimpleApplication@3f17d0a
reloadAllAccessors: .functionClosureTest5

===========================================================================================
----------------- testing Thu Mar 05 07:15:14 UTC 2020 /home/travis/build/icyphy/ptII/ptolemy/actor/lib/test/auto/functionClosureTest6.xml
----------------- Instantiating /home/travis/build/icyphy/ptII/ptolemy/actor/lib/test/auto/functionClosureTest6.xml
2 ms. Memory: 555008K Free: 471087K (85%)
----------------- Invoking toplevel() on ptolemy.moml.MoMLSimpleApplication@6a037c38
----------------- Done invoking toplevel() on ptolemy.moml.MoMLSimpleApplication@6a037c38
reloadAllAccessors: .functionClosureTest6

===========================================================================================
----------------- testing Thu Mar 05 07:15:14 UTC 2020 /home/travis/build/icyphy/ptII/ptolemy/actor/lib/test/auto/functionsOnArcs.xml
----------------- Instantiating /home/travis/build/icyphy/ptII/ptolemy/actor/lib/test/auto/functionsOnArcs.xml
2 ms. Memory: 555008K Free: 465967K (84%)
----------------- Invoking toplevel() on ptolemy.moml.MoMLSimpleApplication@222f228d
----------------- Done invoking toplevel() on ptolemy.moml.MoMLSimpleApplication@222f228d
reloadAllAccessors: .functionsOnArcs

===========================================================================================
----------------- testing Thu Mar 05 07:15:14 UTC 2020 /home/travis/build/icyphy/ptII/ptolemy/actor/lib/test/auto/functionsOnArcsHOF.xml
----------------- Instantiating /home/travis/build/icyphy/ptII/ptolemy/actor/lib/test/auto/functionsOnArcsHOF.xml
4 ms. Memory: 555008K Free: 459823K (83%)
----------------- Invoking toplevel() on ptolemy.moml.MoMLSimpleApplication@449c9069
----------------- Done invoking toplevel() on ptolemy.moml.MoMLSimpleApplication@449c9069
reloadAllAccessors: .functionsOnArcsHOF

===========================================================================================
----------------- testing Thu Mar 05 07:15:14 UTC 2020 /home/travis/build/icyphy/ptII/ptolemy/actor/lib/test/auto/logic.xml
----------------- Instantiating /home/travis/build/icyphy/ptII/ptolemy/actor/lib/test/auto/logic.xml
2 ms. Memory: 555008K Free: 452655K (82%)
----------------- Invoking toplevel() on ptolemy.moml.MoMLSimpleApplication@37e24b17
----------------- Done invoking toplevel() on ptolemy.moml.MoMLSimpleApplication@37e24b17
reloadAllAccessors: .logic

===========================================================================================
----------------- testing Thu Mar 05 07:15:14 UTC 2020 /home/travis/build/icyphy/ptII/ptolemy/actor/lib/test/auto/matrixType.xml
----------------- Instantiating /home/travis/build/icyphy/ptII/ptolemy/actor/lib/test/auto/matrixType.xml
1 ms. Memory: 555008K Free: 447021K (81%)
----------------- Invoking toplevel() on ptolemy.moml.MoMLSimpleApplication@3c92b5d9
----------------- Done invoking toplevel() on ptolemy.moml.MoMLSimpleApplication@3c92b5d9
reloadAllAccessors: .matrixType

===========================================================================================
----------------- testing Thu Mar 05 07:15:14 UTC 2020 /home/travis/build/icyphy/ptII/ptolemy/actor/lib/test/auto/matrixType10.xml
----------------- Instantiating /home/travis/build/icyphy/ptII/ptolemy/actor/lib/test/auto/matrixType10.xml
2 ms. Memory: 555008K Free: 442415K (80%)
----------------- Invoking toplevel() on ptolemy.moml.MoMLSimpleApplication@63c1e07a
----------------- Done invoking toplevel() on ptolemy.moml.MoMLSimpleApplication@63c1e07a
reloadAllAccessors: .matrixType10

===========================================================================================
----------------- testing Thu Mar 05 07:15:14 UTC 2020 /home/travis/build/icyphy/ptII/ptolemy/actor/lib/test/auto/matrixType11.xml
----------------- Instantiating /home/travis/build/icyphy/ptII/ptolemy/actor/lib/test/auto/matrixType11.xml
1 ms. Memory: 555008K Free: 437295K (79%)
----------------- Invoking toplevel() on ptolemy.moml.MoMLSimpleApplication@2ff0fc98
----------------- Done invoking toplevel() on ptolemy.moml.MoMLSimpleApplication@2ff0fc98
reloadAllAccessors: .matrixType11

===========================================================================================
----------------- testing Thu Mar 05 07:15:14 UTC 2020 /home/travis/build/icyphy/ptII/ptolemy/actor/lib/test/auto/matrixType12.xml
----------------- Instantiating /home/travis/build/icyphy/ptII/ptolemy/actor/lib/test/auto/matrixType12.xml
1 ms. Memory: 555008K Free: 432685K (78%)
----------------- Invoking toplevel() on ptolemy.moml.MoMLSimpleApplication@6180d201
----------------- Done invoking toplevel() on ptolemy.moml.MoMLSimpleApplication@6180d201
reloadAllAccessors: .matrixType12

===========================================================================================
----------------- testing Thu Mar 05 07:15:14 UTC 2020 /home/travis/build/icyphy/ptII/ptolemy/actor/lib/test/auto/matrixType13.xml
----------------- Instantiating /home/travis/build/icyphy/ptII/ptolemy/actor/lib/test/auto/matrixType13.xml
1 ms. Memory: 555008K Free: 427565K (77%)
----------------- Invoking toplevel() on ptolemy.moml.MoMLSimpleApplication@4959c9a2
----------------- Done invoking toplevel() on ptolemy.moml.MoMLSimpleApplication@4959c9a2
reloadAllAccessors: .matrixType13

===========================================================================================
----------------- testing Thu Mar 05 07:15:14 UTC 2020 /home/travis/build/icyphy/ptII/ptolemy/actor/lib/test/auto/matrixType14.xml
----------------- Instantiating /home/travis/build/icyphy/ptII/ptolemy/actor/lib/test/auto/matrixType14.xml
1 ms. Memory: 555008K Free: 422431K (76%)
----------------- Invoking toplevel() on ptolemy.moml.MoMLSimpleApplication@6a333577
----------------- Done invoking toplevel() on ptolemy.moml.MoMLSimpleApplication@6a333577
reloadAllAccessors: .matrixType14

===========================================================================================
----------------- testing Thu Mar 05 07:15:14 UTC 2020 /home/travis/build/icyphy/ptII/ptolemy/actor/lib/test/auto/matrixType2.xml
----------------- Instantiating /home/travis/build/icyphy/ptII/ptolemy/actor/lib/test/auto/matrixType2.xml
2 ms. Memory: 555008K Free: 417325K (75%)
----------------- Invoking toplevel() on ptolemy.moml.MoMLSimpleApplication@70cb289d
----------------- Done invoking toplevel() on ptolemy.moml.MoMLSimpleApplication@70cb289d
reloadAllAccessors: .matrixType2

===========================================================================================
----------------- testing Thu Mar 05 07:15:14 UTC 2020 /home/travis/build/icyphy/ptII/ptolemy/actor/lib/test/auto/matrixType3.xml
----------------- Instantiating /home/travis/build/icyphy/ptII/ptolemy/actor/lib/test/auto/matrixType3.xml
3 ms. Memory: 555008K Free: 412719K (74%)
----------------- Invoking toplevel() on ptolemy.moml.MoMLSimpleApplication@e328237
----------------- Done invoking toplevel() on ptolemy.moml.MoMLSimpleApplication@e328237
reloadAllAccessors: .matrixType3

===========================================================================================
----------------- testing Thu Mar 05 07:15:14 UTC 2020 /home/travis/build/icyphy/ptII/ptolemy/actor/lib/test/auto/matrixType4.xml
----------------- Instantiating /home/travis/build/icyphy/ptII/ptolemy/actor/lib/test/auto/matrixType4.xml
2 ms. Memory: 555008K Free: 407599K (73%)
----------------- Invoking toplevel() on ptolemy.moml.MoMLSimpleApplication@7370e281
----------------- Done invoking toplevel() on ptolemy.moml.MoMLSimpleApplication@7370e281
reloadAllAccessors: .matrixType4

===========================================================================================
----------------- testing Thu Mar 05 07:15:14 UTC 2020 /home/travis/build/icyphy/ptII/ptolemy/actor/lib/test/auto/matrixType5.xml
----------------- Instantiating /home/travis/build/icyphy/ptII/ptolemy/actor/lib/test/auto/matrixType5.xml
1 ms. Memory: 555008K Free: 402989K (73%)
----------------- Invoking toplevel() on ptolemy.moml.MoMLSimpleApplication@691f5c04
----------------- Done invoking toplevel() on ptolemy.moml.MoMLSimpleApplication@691f5c04
reloadAllAccessors: .matrixType5

===========================================================================================
----------------- testing Thu Mar 05 07:15:14 UTC 2020 /home/travis/build/icyphy/ptII/ptolemy/actor/lib/test/auto/matrixType6.xml
----------------- Instantiating /home/travis/build/icyphy/ptII/ptolemy/actor/lib/test/auto/matrixType6.xml
1 ms. Memory: 555008K Free: 397869K (72%)
----------------- Invoking toplevel() on ptolemy.moml.MoMLSimpleApplication@d540b50
----------------- Done invoking toplevel() on ptolemy.moml.MoMLSimpleApplication@d540b50
reloadAllAccessors: .matrixType6

===========================================================================================
----------------- testing Thu Mar 05 07:15:14 UTC 2020 /home/travis/build/icyphy/ptII/ptolemy/actor/lib/test/auto/matrixType7.xml
----------------- Instantiating /home/travis/build/icyphy/ptII/ptolemy/actor/lib/test/auto/matrixType7.xml
2 ms. Memory: 555008K Free: 393263K (71%)
----------------- Invoking toplevel() on ptolemy.moml.MoMLSimpleApplication@5b0546b0
----------------- Done invoking toplevel() on ptolemy.moml.MoMLSimpleApplication@5b0546b0
reloadAllAccessors: .matrixType7

===========================================================================================
----------------- testing Thu Mar 05 07:15:14 UTC 2020 /home/travis/build/icyphy/ptII/ptolemy/actor/lib/test/auto/matrixType8.xml
----------------- Instantiating /home/travis/build/icyphy/ptII/ptolemy/actor/lib/test/auto/matrixType8.xml
1 ms. Memory: 555008K Free: 388143K (70%)
----------------- Invoking toplevel() on ptolemy.moml.MoMLSimpleApplication@6016f1b3
----------------- Done invoking toplevel() on ptolemy.moml.MoMLSimpleApplication@6016f1b3
reloadAllAccessors: .matrixType8

===========================================================================================
----------------- testing Thu Mar 05 07:15:14 UTC 2020 /home/travis/build/icyphy/ptII/ptolemy/actor/lib/test/auto/matrixType9.xml
----------------- Instantiating /home/travis/build/icyphy/ptII/ptolemy/actor/lib/test/auto/matrixType9.xml
3 ms. Memory: 555008K Free: 383533K (69%)
----------------- Invoking toplevel() on ptolemy.moml.MoMLSimpleApplication@234f674e
----------------- Done invoking toplevel() on ptolemy.moml.MoMLSimpleApplication@234f674e
reloadAllAccessors: .matrixType9

===========================================================================================
----------------- testing Thu Mar 05 07:15:14 UTC 2020 /home/travis/build/icyphy/ptII/ptolemy/actor/lib/test/auto/paraFunctest.xml
----------------- Instantiating /home/travis/build/icyphy/ptII/ptolemy/actor/lib/test/auto/paraFunctest.xml
1 ms. Memory: 555008K Free: 379437K (68%)
----------------- Invoking toplevel() on ptolemy.moml.MoMLSimpleApplication@213bc25c
----------------- Done invoking toplevel() on ptolemy.moml.MoMLSimpleApplication@213bc25c
reloadAllAccessors: .paraFunctest

===========================================================================================
----------------- testing Thu Mar 05 07:15:14 UTC 2020 /home/travis/build/icyphy/ptII/ptolemy/actor/lib/test/auto/paraFunctest2.xml
----------------- Instantiating /home/travis/build/icyphy/ptII/ptolemy/actor/lib/test/auto/paraFunctest2.xml
1 ms. Memory: 555008K Free: 375855K (68%)
----------------- Invoking toplevel() on ptolemy.moml.MoMLSimpleApplication@68a17258
----------------- Done invoking toplevel() on ptolemy.moml.MoMLSimpleApplication@68a17258
reloadAllAccessors: .paraFunctest2

===========================================================================================
----------------- testing Thu Mar 05 07:15:14 UTC 2020 /home/travis/build/icyphy/ptII/ptolemy/actor/lib/test/auto/parameterPassing.xml
----------------- Instantiating /home/travis/build/icyphy/ptII/ptolemy/actor/lib/test/auto/parameterPassing.xml
1 ms. Memory: 555008K Free: 371245K (67%)
----------------- Invoking toplevel() on ptolemy.moml.MoMLSimpleApplication@756918b6
----------------- Done invoking toplevel() on ptolemy.moml.MoMLSimpleApplication@756918b6
reloadAllAccessors: .parameterPassing

===========================================================================================
----------------- testing Thu Mar 05 07:15:14 UTC 2020 /home/travis/build/icyphy/ptII/ptolemy/actor/lib/test/auto/record.xml
----------------- Instantiating /home/travis/build/icyphy/ptII/ptolemy/actor/lib/test/auto/record.xml
3 ms. Memory: 555008K Free: 366125K (66%)
----------------- Invoking toplevel() on ptolemy.moml.MoMLSimpleApplication@75033ddb
----------------- Done invoking toplevel() on ptolemy.moml.MoMLSimpleApplication@75033ddb
reloadAllAccessors: .record

===========================================================================================
----------------- testing Thu Mar 05 07:15:14 UTC 2020 /home/travis/build/icyphy/ptII/ptolemy/actor/lib/test/auto/sizedarray1.xml
----------------- Instantiating /home/travis/build/icyphy/ptII/ptolemy/actor/lib/test/auto/sizedarray1.xml
1 ms. Memory: 555008K Free: 361005K (65%)
----------------- Invoking toplevel() on ptolemy.moml.MoMLSimpleApplication@76de4927
----------------- Done invoking toplevel() on ptolemy.moml.MoMLSimpleApplication@76de4927
reloadAllAccessors: .sizedarray1

===========================================================================================
----------------- testing Thu Mar 05 07:15:14 UTC 2020 /home/travis/build/icyphy/ptII/ptolemy/actor/lib/test/auto/sizedarray2.xml
----------------- Instantiating /home/travis/build/icyphy/ptII/ptolemy/actor/lib/test/auto/sizedarray2.xml
2 ms. Memory: 555008K Free: 355375K (64%)
----------------- Invoking toplevel() on ptolemy.moml.MoMLSimpleApplication@6834a1c6
----------------- Done invoking toplevel() on ptolemy.moml.MoMLSimpleApplication@6834a1c6
reloadAllAccessors: .sizedarray2

===========================================================================================
----------------- testing Thu Mar 05 07:15:14 UTC 2020 /home/travis/build/icyphy/ptII/ptolemy/actor/lib/test/auto/twoPublishers.xml
----------------- Instantiating /home/travis/build/icyphy/ptII/ptolemy/actor/lib/test/auto/twoPublishers.xml
6 ms. Memory: 555008K Free: 345135K (62%)
----------------- Invoking toplevel() on ptolemy.moml.MoMLSimpleApplication@6d6b95f7
----------------- Done invoking toplevel() on ptolemy.moml.MoMLSimpleApplication@6d6b95f7
reloadAllAccessors: .twoPublishers
AutoTests.java: About to close Vertx.
AutoTests.java: Vertx closed.
]]></system-out>
  <system-err><![CDATA[java.lang.RuntimeException: Execution failed
	at ptolemy.moml.MoMLSimpleApplication$UnloadThread.run(MoMLSimpleApplication.java:402)
Caused by: java.lang.RuntimeException: StringUtilities.exit() was called. Normally, we would exit here because Manager.exitAfterWrapup() was called.  However, because the ptolemy.ptII.exitAfterWrapup property is set, we throw this exception instead.
	at ptolemy.util.StringUtilities.exit(StringUtilities.java:365)
	at ptolemy.actor.Manager.wrapup(Manager.java:1549)
	at ptolemy.actor.Manager.execute(Manager.java:407)
	at ptolemy.actor.Manager.run(Manager.java:1263)
	at ptolemy.actor.Manager$PtolemyRunThread.run(Manager.java:1933)
Warning: '.top.test' is in training mode, set the trainingMode parameter to false before checking in
Warning: '.top.test' is in training mode, set the trainingMode parameter to false before checking in
Warning: '.top.test' is in training mode, set the trainingMode parameter to false before checking in
Warning: '.BooleanSwitch_RegressionTest_WrongTrainingValues.Test' is in training mode, set the trainingMode parameter to false before checking in
Warning: '.BooleanSwitch_RegressionTest_WrongTrainingValues.Test2' is in training mode, set the trainingMode parameter to false before checking in
Warning: '.BooleanSwitch_RegressionTest_WrongTrainingValues.Test2' The test produced 0 tokens.
Warning: '.top.testExceptionHandler' is in training mode, set the trainingMode parameter to false before checking in
java.lang.RuntimeException: Execution failed
	at ptolemy.moml.MoMLSimpleApplication$UnloadThread.run(MoMLSimpleApplication.java:402)
Caused by: ptolemy.kernel.util.IllegalActionException: PublisherPorts cannot be used at the top level, use a Publisher actor instead.
  in .PublisherPortToplevelSubscriber.PublisherPort
	at ptolemy.actor.PublisherPort.preinitialize(PublisherPort.java:403)
	at ptolemy.actor.CompositeActor.preinitialize(CompositeActor.java:1769)
	at ptolemy.actor.Manager.preinitializeAndResolveTypes(Manager.java:1040)
	at ptolemy.actor.Manager.initialize(Manager.java:710)
	at ptolemy.actor.Manager.execute(Manager.java:356)
	at ptolemy.actor.Manager.run(Manager.java:1263)
	at ptolemy.actor.Manager$PtolemyRunThread.run(Manager.java:1933)
java.lang.reflect.InvocationTargetException
	at java.base/jdk.internal.reflect.NativeConstructorAccessorImpl.newInstance0(Native Method)
	at java.base/jdk.internal.reflect.NativeConstructorAccessorImpl.newInstance(NativeConstructorAccessorImpl.java:62)
	at java.base/jdk.internal.reflect.DelegatingConstructorAccessorImpl.newInstance(DelegatingConstructorAccessorImpl.java:45)
	at java.base/java.lang.reflect.Constructor.newInstance(Constructor.java:490)
	at ptolemy.util.test.junit.AutoKnownFailedTests.RunModel(AutoKnownFailedTests.java:105)
	at java.base/jdk.internal.reflect.NativeMethodAccessorImpl.invoke0(Native Method)
	at java.base/jdk.internal.reflect.NativeMethodAccessorImpl.invoke(NativeMethodAccessorImpl.java:62)
	at java.base/jdk.internal.reflect.DelegatingMethodAccessorImpl.invoke(DelegatingMethodAccessorImpl.java:43)
	at java.base/java.lang.reflect.Method.invoke(Method.java:566)
	at org.junit.runners.model.FrameworkMethod$1.runReflectiveCall(FrameworkMethod.java:44)
	at org.junit.internal.runners.model.ReflectiveCallable.run(ReflectiveCallable.java:15)
	at org.junit.runners.model.FrameworkMethod.invokeExplosively(FrameworkMethod.java:41)
	at junitparams.internal.InvokeParameterisedMethod.evaluate(InvokeParameterisedMethod.java:102)
	at org.junit.internal.runners.statements.FailOnTimeout$1.run(FailOnTimeout.java:28)
Caused by: ptolemy.kernel.util.IllegalActionException: PublisherPorts cannot be used at the top level, use a Publisher actor instead.
  in .PublisherPortToplevelSubscriber.PublisherPort
	at ptolemy.actor.PublisherPort.preinitialize(PublisherPort.java:403)
	at ptolemy.actor.CompositeActor.preinitialize(CompositeActor.java:1769)
	at ptolemy.actor.Manager.preinitializeAndResolveTypes(Manager.java:1040)
	at ptolemy.actor.Manager.initialize(Manager.java:710)
	at ptolemy.actor.Manager.execute(Manager.java:356)
	at ptolemy.actor.Manager.run(Manager.java:1263)
	at ptolemy.actor.Manager$PtolemyRunThread.run(Manager.java:1933)
java.lang.RuntimeException: Execution failed
	at ptolemy.moml.MoMLSimpleApplication$UnloadThread.run(MoMLSimpleApplication.java:402)
Caused by: ptolemy.kernel.util.IllegalActionException: SubscriberPorts cannot be used at the top level, use a Subscriber actor instead.
  in .PublisherSubscriberPortToplevel.SubscriberPort
	at ptolemy.actor.SubscriberPort.preinitialize(SubscriberPort.java:328)
	at ptolemy.actor.CompositeActor.preinitialize(CompositeActor.java:1769)
	at ptolemy.actor.Manager.preinitializeAndResolveTypes(Manager.java:1040)
	at ptolemy.actor.Manager.initialize(Manager.java:710)
	at ptolemy.actor.Manager.execute(Manager.java:356)
	at ptolemy.actor.Manager.run(Manager.java:1263)
	at ptolemy.actor.Manager$PtolemyRunThread.run(Manager.java:1933)
java.lang.reflect.InvocationTargetException
	at java.base/jdk.internal.reflect.NativeConstructorAccessorImpl.newInstance0(Native Method)
	at java.base/jdk.internal.reflect.NativeConstructorAccessorImpl.newInstance(NativeConstructorAccessorImpl.java:62)
	at java.base/jdk.internal.reflect.DelegatingConstructorAccessorImpl.newInstance(DelegatingConstructorAccessorImpl.java:45)
	at java.base/java.lang.reflect.Constructor.newInstance(Constructor.java:490)
	at ptolemy.util.test.junit.AutoKnownFailedTests.RunModel(AutoKnownFailedTests.java:105)
	at java.base/jdk.internal.reflect.NativeMethodAccessorImpl.invoke0(Native Method)
	at java.base/jdk.internal.reflect.NativeMethodAccessorImpl.invoke(NativeMethodAccessorImpl.java:62)
	at java.base/jdk.internal.reflect.DelegatingMethodAccessorImpl.invoke(DelegatingMethodAccessorImpl.java:43)
	at java.base/java.lang.reflect.Method.invoke(Method.java:566)
	at org.junit.runners.model.FrameworkMethod$1.runReflectiveCall(FrameworkMethod.java:44)
	at org.junit.internal.runners.model.ReflectiveCallable.run(ReflectiveCallable.java:15)
	at org.junit.runners.model.FrameworkMethod.invokeExplosively(FrameworkMethod.java:41)
	at junitparams.internal.InvokeParameterisedMethod.evaluate(InvokeParameterisedMethod.java:102)
	at org.junit.internal.runners.statements.FailOnTimeout$1.run(FailOnTimeout.java:28)
Caused by: ptolemy.kernel.util.IllegalActionException: SubscriberPorts cannot be used at the top level, use a Subscriber actor instead.
  in .PublisherSubscriberPortToplevel.SubscriberPort
	at ptolemy.actor.SubscriberPort.preinitialize(SubscriberPort.java:328)
	at ptolemy.actor.CompositeActor.preinitialize(CompositeActor.java:1769)
	at ptolemy.actor.Manager.preinitializeAndResolveTypes(Manager.java:1040)
	at ptolemy.actor.Manager.initialize(Manager.java:710)
	at ptolemy.actor.Manager.execute(Manager.java:356)
	at ptolemy.actor.Manager.run(Manager.java:1263)
	at ptolemy.actor.Manager$PtolemyRunThread.run(Manager.java:1933)
java.lang.RuntimeException: Execution failed
	at ptolemy.moml.MoMLSimpleApplication$UnloadThread.run(MoMLSimpleApplication.java:402)
Caused by: ptolemy.kernel.util.IllegalActionException: SubscriptionAggregatorPorts cannot be used at the top level, use a SubscriptionAggregator actor instead.
  in .PublisherSubscriptionAggregatorPort.SubscriptionAggregatorPort
	at ptolemy.actor.SubscriptionAggregatorPort.preinitialize(SubscriptionAggregatorPort.java:353)
	at ptolemy.actor.CompositeActor.preinitialize(CompositeActor.java:1769)
	at ptolemy.actor.Manager.preinitializeAndResolveTypes(Manager.java:1040)
	at ptolemy.actor.Manager.initialize(Manager.java:710)
	at ptolemy.actor.Manager.execute(Manager.java:356)
	at ptolemy.actor.Manager.run(Manager.java:1263)
	at ptolemy.actor.Manager$PtolemyRunThread.run(Manager.java:1933)
java.lang.reflect.InvocationTargetException
	at java.base/jdk.internal.reflect.NativeConstructorAccessorImpl.newInstance0(Native Method)
	at java.base/jdk.internal.reflect.NativeConstructorAccessorImpl.newInstance(NativeConstructorAccessorImpl.java:62)
	at java.base/jdk.internal.reflect.DelegatingConstructorAccessorImpl.newInstance(DelegatingConstructorAccessorImpl.java:45)
	at java.base/java.lang.reflect.Constructor.newInstance(Constructor.java:490)
	at ptolemy.util.test.junit.AutoKnownFailedTests.RunModel(AutoKnownFailedTests.java:105)
	at java.base/jdk.internal.reflect.NativeMethodAccessorImpl.invoke0(Native Method)
	at java.base/jdk.internal.reflect.NativeMethodAccessorImpl.invoke(NativeMethodAccessorImpl.java:62)
	at java.base/jdk.internal.reflect.DelegatingMethodAccessorImpl.invoke(DelegatingMethodAccessorImpl.java:43)
	at java.base/java.lang.reflect.Method.invoke(Method.java:566)
	at org.junit.runners.model.FrameworkMethod$1.runReflectiveCall(FrameworkMethod.java:44)
	at org.junit.internal.runners.model.ReflectiveCallable.run(ReflectiveCallable.java:15)
	at org.junit.runners.model.FrameworkMethod.invokeExplosively(FrameworkMethod.java:41)
	at junitparams.internal.InvokeParameterisedMethod.evaluate(InvokeParameterisedMethod.java:102)
	at org.junit.internal.runners.statements.FailOnTimeout$1.run(FailOnTimeout.java:28)
Caused by: ptolemy.kernel.util.IllegalActionException: SubscriptionAggregatorPorts cannot be used at the top level, use a SubscriptionAggregator actor instead.
  in .PublisherSubscriptionAggregatorPort.SubscriptionAggregatorPort
	at ptolemy.actor.SubscriptionAggregatorPort.preinitialize(SubscriptionAggregatorPort.java:353)
	at ptolemy.actor.CompositeActor.preinitialize(CompositeActor.java:1769)
	at ptolemy.actor.Manager.preinitializeAndResolveTypes(Manager.java:1040)
	at ptolemy.actor.Manager.initialize(Manager.java:710)
	at ptolemy.actor.Manager.execute(Manager.java:356)
	at ptolemy.actor.Manager.run(Manager.java:1263)
	at ptolemy.actor.Manager$PtolemyRunThread.run(Manager.java:1933)
java.lang.RuntimeException: Execution failed
	at ptolemy.moml.MoMLSimpleApplication$UnloadThread.run(MoMLSimpleApplication.java:402)
Caused by: ptolemy.kernel.util.IllegalActionException: TypeTest actor has no training data.
  in .sizedarray3.TypeTest
	at ptolemy.actor.lib.TypeTest.initialize(TypeTest.java:250)
	at ptolemy.actor.Director.initialize(Director.java:938)
	at ptolemy.actor.Director.initialize(Director.java:907)
	at ptolemy.actor.sched.StaticSchedulingDirector.initialize(StaticSchedulingDirector.java:159)
	at ptolemy.domains.sdf.kernel.SDFDirector.initialize(SDFDirector.java:544)
	at ptolemy.actor.CompositeActor.initialize(CompositeActor.java:935)
	at ptolemy.actor.Manager.initialize(Manager.java:724)
	at ptolemy.actor.Manager.execute(Manager.java:356)
	at ptolemy.actor.Manager.run(Manager.java:1263)
	at ptolemy.actor.Manager$PtolemyRunThread.run(Manager.java:1933)
java.lang.reflect.InvocationTargetException
	at java.base/jdk.internal.reflect.NativeConstructorAccessorImpl.newInstance0(Native Method)
	at java.base/jdk.internal.reflect.NativeConstructorAccessorImpl.newInstance(NativeConstructorAccessorImpl.java:62)
	at java.base/jdk.internal.reflect.DelegatingConstructorAccessorImpl.newInstance(DelegatingConstructorAccessorImpl.java:45)
	at java.base/java.lang.reflect.Constructor.newInstance(Constructor.java:490)
	at ptolemy.util.test.junit.AutoKnownFailedTests.RunModel(AutoKnownFailedTests.java:105)
	at java.base/jdk.internal.reflect.NativeMethodAccessorImpl.invoke0(Native Method)
	at java.base/jdk.internal.reflect.NativeMethodAccessorImpl.invoke(NativeMethodAccessorImpl.java:62)
	at java.base/jdk.internal.reflect.DelegatingMethodAccessorImpl.invoke(DelegatingMethodAccessorImpl.java:43)
	at java.base/java.lang.reflect.Method.invoke(Method.java:566)
	at org.junit.runners.model.FrameworkMethod$1.runReflectiveCall(FrameworkMethod.java:44)
	at org.junit.internal.runners.model.ReflectiveCallable.run(ReflectiveCallable.java:15)
	at org.junit.runners.model.FrameworkMethod.invokeExplosively(FrameworkMethod.java:41)
	at junitparams.internal.InvokeParameterisedMethod.evaluate(InvokeParameterisedMethod.java:102)
	at org.junit.internal.runners.statements.FailOnTimeout$1.run(FailOnTimeout.java:28)
Caused by: ptolemy.kernel.util.IllegalActionException: TypeTest actor has no training data.
  in .sizedarray3.TypeTest
	at ptolemy.actor.lib.TypeTest.initialize(TypeTest.java:250)
	at ptolemy.actor.Director.initialize(Director.java:938)
	at ptolemy.actor.Director.initialize(Director.java:907)
	at ptolemy.actor.sched.StaticSchedulingDirector.initialize(StaticSchedulingDirector.java:159)
	at ptolemy.domains.sdf.kernel.SDFDirector.initialize(SDFDirector.java:544)
	at ptolemy.actor.CompositeActor.initialize(CompositeActor.java:935)
	at ptolemy.actor.Manager.initialize(Manager.java:724)
	at ptolemy.actor.Manager.execute(Manager.java:356)
	at ptolemy.actor.Manager.run(Manager.java:1263)
	at ptolemy.actor.Manager$PtolemyRunThread.run(Manager.java:1933)
]]></system-err>
</testsuite>
