<?xml version="1.0" encoding="UTF-8" ?>
<testsuite errors="0" failures="0" hostname="travis-job-96c4a6ed-69a4-4f45-9116-c38ac51066d5" name="ptolemy.domains.qss.test.junit.JUnitTclTest" skipped="0" tests="39" time="3.426" timestamp="2022-06-06T02:13:52">
  <properties>
    <property name="env.OLDPWD" value="/home/travis/build/icyphy/ptII" />
    <property name="npm.executable" value="npm" />
    <property name="env.TRAVIS_ROOT" value="/" />
    <property name="ptII.mk.exists" value="true" />
    <property name="env.TRAVIS_APP_HOST" value="build.travis-ci.com" />
    <property name="env.rvm_bin_path" value="/home/travis/.rvm/bin" />
    <property name="java.home" value="/usr/local/lib/jvm/openjdk11" />
    <property name="env.TRAVIS_JOB_NUMBER" value="1861.10" />
    <property name="env.TRAVIS_HOME" value="/home/travis" />
    <property name="env.DISPLAY" value=":99.0" />
    <property name="env.TRAVIS_INIT" value="systemd" />
    <property name="env.SSH_TTY" value="/dev/pts/0" />
    <property name="java.net.preferIPv4Stack" value="true" />
    <property name="env.RUN_TESTS" value="true" />
    <property name="timeout.short" value="1000000" />
    <property name="junit.formatter" value="xml" />
    <property name="env.TRAVIS_SUDO" value="true" />
    <property name="env.TRAVIS_JOB_NAME" value="" />
    <property name="env.TRAVIS_STACK_NODE_ATTRIBUTES" value="/.node-attributes.yml" />
    <property name="env.LOGNAME" value="travis" />
    <property name="jsdoc.home" value="node_modules/@terraswarm/jsdoc" />
    <property name="debuglevel" value="source,lines,vars" />
    <property name="checkstyle.formatter" value="xml" />
    <property name="bin.vergil.makeable" value="true" />
    <property name="sun.os.patch.level" value="unknown" />
    <property name="java.vendor.url" value="http://java.oracle.com/" />
    <property name="env.TRAVIS_BUILD_WEB_URL" value="https://app.travis-ci.com/icyphy/ptII/builds/251561757" />
    <property name="java.version" value="11.0.2" />
    <property name="env.TZ" value="UTC" />
    <property name="env.TRAVIS_PULL_REQUEST_SHA" value="" />
    <property name="env.PT_NO_NET" value="true" />
    <property name="env.TRAVIS_SECURE_ENV_VARS" value="true" />
    <property name="java.vendor.url.bug" value="http://bugreport.java.com/bugreport/" />
    <property name="npmjs-org-is-up" value="true" />
    <property name="env.LANGUAGE" value="en_US.UTF-8" />
    <property name="env.SSH_CLIENT" value="10.16.7.32 35310 22" />
    <property name="env.GEM_HOME" value="/home/travis/.rvm/gems/ruby-2.5.3" />
    <property name="env.HAS_ANTARES_THREE_LITTLE_FRONZIES_BADGE" value="true" />
    <property name="java.version.date" value="2019-01-15" />
    <property name="env.PS4" value="+" />
    <property name="ant.project.invoked-targets" value="build,test.core2.xml" />
    <property name="env.TRAVIS_PULL_REQUEST_BRANCH" value="" />
    <property name="env.TRAVIS_REPO_SLUG" value="icyphy/ptII" />
    <property name="env.XDG_DATA_DIRS" value="/usr/local/share:/usr/share:/var/lib/snapd/desktop" />
    <property name="jdk.debug" value="release" />
    <property name="env.TRAVIS_APT_PROXY" value="http://build-cache.travisci.net" />
    <property name="env.TRAVIS_CPU_ARCH" value="amd64" />
    <property name="node.in.path" value="true" />
    <property name="user.name" value="travis" />
    <property name="java.maxmemory" value="1400m" />
    <property name="env.RUBY_VERSION" value="ruby-2.5.3" />
    <property name="env.LANG" value="en_US.UTF-8" />
    <property name="sun.io.unicode.encoding" value="UnicodeLittle" />
    <property name="sun.jnu.encoding" value="UTF-8" />
    <property name="java.runtime.name" value="OpenJDK Runtime Environment" />
    <property name="usefile" value="false" />
    <property name="return.code" value="0" />
    <property name="junit.single.formatter" value="plain" />
    <property name="env.DYLD_LIBRARY_PATH" value="/home/travis/pthla/certi-tools/lib:" />
    <property name="env.DEBIAN_FRONTEND" value="noninteractive" />
    <property name="env.SSH_CONNECTION" value="10.16.7.32 35310 10.30.0.95 22" />
    <property name="env.MYSQL_UNIX_PORT" value="/var/run/mysqld/mysqld.sock" />
    <property name="env.LC_ALL" value="en_US.UTF-8" />
    <property name="env.TRAVIS_ALLOW_FAILURE" value="" />
    <property name="env.TRAVIS_JOB_WEB_URL" value="https://app.travis-ci.com/icyphy/ptII/jobs/572513548" />
    <property name="java.specification.name" value="Java Platform API Specification" />
    <property name="node.works" value="true" />
    <property name="user.timezone" value="" />
    <property name="path.separator" value=":" />
    <property name="env.TRAVIS_ENABLE_INFRA_DETECTION" value="true" />
    <property name="env.PYTHON_CFLAGS" value="-g -fstack-protector --param=ssp-buffer-size=4 -Wformat -Werror=format-security" />
    <property name="timeout.long" value="4000000" />
    <property name="env.CERTI_HOME" value="/home/travis/pthla/certi-tools" />
    <property name="ant.file.ptII" value="/home/travis/build/icyphy/ptII/build.xml" />
    <property name="javadoc.packagenames" value="com.*,diva.*,lbnl.*,org.hlacerti.*,org.json.*,org.ptolemy.*,org.terraswarm.*,ptolemy.*,ptserver.*" />
    <property name="file.encoding" value="UTF-8" />
    <property name="env.TRAVIS_PULL_REQUEST_SLUG" value="" />
    <property name="ant.project.default-target" value="build" />
    <property name="env.GIT_ASKPASS" value="echo" />
    <property name="env.HOME" value="/home/travis" />
    <property name="sun.java.command" value="org.apache.tools.ant.taskdefs.optional.junit.JUnitTestRunner ptolemy.domains.qss.test.junit.JUnitTclTest skipNonTests=false filtertrace=true haltOnError=false haltOnFailure=false formatter=org.apache.tools.ant.taskdefs.optional.junit.OutErrSummaryJUnitResultFormatter showoutput=true outputtoformatters=true logfailedtests=true threadid=0 logtestlistenerevents=false formatter=org.apache.tools.ant.taskdefs.optional.junit.XMLJUnitResultFormatter,/home/travis/build/icyphy/ptII/reports/junit/TEST-ptolemy.domains.qss.test.junit.JUnitTclTest.xml crashfile=/home/travis/build/icyphy/ptII/junitvmwatcher679867836898064465.properties propsfile=/home/travis/build/icyphy/ptII/junit17532828060980278979.properties" />
    <property name="env.COMPOSER_NO_INTERACTION" value="1" />
    <property name="env.MANPATH" value="/home/travis/.nvm/versions/node/v7.10.1/share/man:/home/travis/.rvm/rubies/ruby-2.5.3/share/man:/usr/local/cmake-3.12.4/man:/usr/local/clang-7.0.0/share/man:/usr/local/man:/usr/local/share/man:/usr/share/man:/home/travis/.rvm/man" />
    <property name="env.TRAVIS_TIMER_ID" value="1976d85b" />
    <property name="ant.file" value="/home/travis/build/icyphy/ptII/build.xml" />
    <property name="env.TRAVIS_COMMIT_RANGE" value="872d2759c11419c6c148914806a18a5fe16003e0...97c84c86e87328bd066bc560e7f5b65fa1c4b652" />
    <property name="ptII.classpath.optional.property" value="/home/travis/build/icyphy/ptII/lib/asm-all-5.2.jar:/home/travis/build/icyphy/ptII/lib/nashorn-core-15.3.jar:/home/travis/build/icyphy/ptII/lib/bsh-2.0b4.jar:/home/travis/build/icyphy/ptII/lib/ptCal.jar:/home/travis/build/icyphy/ptII/lib/java_cup.jar:/home/travis/build/icyphy/ptII/lib/saxon8.jar:/home/travis/build/icyphy/ptII/lib/saxon8-dom.jar:/home/travis/build/icyphy/ptII/lib/chic.jar:/home/travis/build/icyphy/ptII/lib/ptcolt.jar:/home/travis/build/icyphy/ptII/vendors/misc/itext/iText.jar:/home/travis/build/icyphy/ptII/lib/g4ltl.jar:/home/travis/build/icyphy/ptII/lib/StructuralCoder.jar:/home/travis/build/icyphy/ptII/lib/jcerti.jar:/home/travis/build/icyphy/ptII/lib/javax.mail.jar:/home/travis/build/icyphy/ptII/vendors/JMF-2.1.1e/lib/jmf.jar:/home/travis/build/icyphy/ptII/lib/jna-4.0.0-variadic.jar:/home/travis/build/icyphy/ptII/vendors/misc/joystick/Joystick.jar:/home/travis/build/icyphy/ptII/lib/ptjacl.jar:/home/travis/build/icyphy/ptII/lib/jsoup-1.14.2.jar:/home/travis/build/icyphy/ptII/lib/junit-4.8.2.jar:/home/travis/build/icyphy/ptII/lib/JUnitParams-0.4.0.jar:/home/travis/build/icyphy/ptII/ptolemy/actor/lib/excel/jxl.jar:/home/travis/build/icyphy/ptII/lib/jython.jar:/home/travis/build/icyphy/ptII/lib/kieler.jar:/home/travis/build/icyphy/ptII/vendors/opencv/share/OpenCV/java/opencv-341.jar:/home/travis/build/icyphy/ptII/lib/oscP5.jar:/home/travis/build/icyphy/ptII/lib/nrjavaserial-3.11.0.devel.jar:/home/travis/build/icyphy/ptII/vendors/j3d/lib/Linux/j3dcore.jar:/home/travis/build/icyphy/ptII/vendors/j3d/lib/Linux/j3dutils.jar:/home/travis/build/icyphy/ptII/vendors/j3d/lib/Linux/vecmath.jar:/home/travis/build/icyphy/ptII/vendors/jogl/lib/Linux/gluegen-rt-natives-linux-amd64.jar:/home/travis/build/icyphy/ptII/vendors/jogl/lib/Linux/gluegen-rt.jar:/home/travis/build/icyphy/ptII/vendors/jogl/lib/Linux/jogl-all-natives-linux-amd64.jar:/home/travis/build/icyphy/ptII/vendors/jogl/lib/Linux/jogl-all.jar:/home/travis/build/icyphy/ptII/ptolemy/distributed/jini/jar/jini-core.jar:/home/travis/build/icyphy/ptII/ptolemy/distributed/jini/jar/jini-ext.jar:/home/travis/build/icyphy/ptII/ptolemy/distributed/jini/jar/sun-util.jar:/home/travis/build/icyphy/ptII/lib/protobuf-java-2.4.1.jar:/home/travis/build/icyphy/ptII/lib/org.eclipse.paho.client.mqttv3.jar:/home/travis/build/icyphy/ptII/lib/mapss.jar:/home/travis/build/icyphy/ptII/ptolemy/actor/ptalon/antlr/antlr.jar:/home/travis/build/icyphy/ptII/lib/JRI.jar:/home/travis/build/icyphy/ptII/lib/commons-lang-2.6.jar:/home/travis/build/icyphy/ptII/lib/commons-logging-1.1.1.jar:/home/travis/build/icyphy/ptII/lib/sootclasses.jar:/home/travis/build/icyphy/ptII/ptolemy/actor/lib/database/mysql-connector-java-8.0.26.jar:/home/travis/build/icyphy/ptII/vendors/misc/sphinx4/sphinx4-data-5prealpha.jar:/home/travis/build/icyphy/ptII/vendors/misc/sphinx4/sphinx4-core-5prealpha.jar:/home/travis/build/icyphy/ptII/lib/PDFRenderer.jar:/home/travis/build/icyphy/ptII/lib/svgSalamander.jar:/home/travis/build/icyphy/ptII/lib/rsyntaxtextarea-2.6.0-SNAPSHOT.jar:/home/travis/build/icyphy/ptII/lib/hazelcast-3.8.2.jar:/home/travis/build/icyphy/ptII/lib/jackson-annotations-2.9.0.jar:/home/travis/build/icyphy/ptII/lib/jackson-core-2.9.3.jar:/home/travis/build/icyphy/ptII/lib/jackson-databind-2.9.3.jar:/home/travis/build/icyphy/ptII/lib/netty-buffer-4.1.19.Final.jar:/home/travis/build/icyphy/ptII/lib/netty-codec-4.1.19.Final.jar:/home/travis/build/icyphy/ptII/lib/netty-codec-dns-4.1.19.Final.jar:/home/travis/build/icyphy/ptII/lib/netty-codec-http-4.1.19.Final.jar:/home/travis/build/icyphy/ptII/lib/netty-codec-http2-4.1.19.Final.jar:/home/travis/build/icyphy/ptII/lib/netty-common-4.1.19.Final.jar:/home/travis/build/icyphy/ptII/lib/netty-handler-4.1.19.Final.jar:/home/travis/build/icyphy/ptII/lib/netty-resolver-4.1.19.Final.jar:/home/travis/build/icyphy/ptII/lib/netty-resolver-dns-4.1.19.Final.jar:/home/travis/build/icyphy/ptII/lib/netty-transport-4.1.19.Final.jar:/home/travis/build/icyphy/ptII/lib/vertx-codegen-3.5.1.jar:/home/travis/build/icyphy/ptII/lib/vertx-core-3.5.2-SNAPSHOT.jar:/home/travis/build/icyphy/ptII/lib/vertx-hazelcast-3.5.1.jar:/home/travis/build/icyphy/ptII/lib/vertx-lang-js-3.5.1.jar:/home/travis/build/icyphy/ptII/lib/vertx-service-proxy-3.5.1.jar:/home/travis/build/icyphy/ptII/lib/vertx-web-3.5.1.jar:/home/travis/build/icyphy/ptII/lib/slf4j-api-1.7.13.jar:/home/travis/build/icyphy/ptII/lib/slf4j-simple-1.7.13.jar:/home/travis/build/icyphy/ptII/lib/webcam-capture-0.3.12.jar:/home/travis/build/icyphy/ptII/lib/bridj-0.7.0.jar:/home/travis/build/icyphy/ptII/lib/xbjlib-1.1.0.nrjavaserial.jar" />
    <property name="timeout" value="2400000" />
    <property name="test.batch" value="**/junit/*.java" />
    <property name="env._" value="/usr/bin/timeout" />
    <property name="java.io.tmpdir" value="/tmp" />
    <property name="user.language" value="en" />
    <property name="env.TRAVIS_INTERNAL_RUBY_REGEX" value="^ruby-(2\.[0-4]\.[0-9]|1\.9\.3)" />
    <property name="env.HISTCONTROL" value="ignoredups:ignorespace" />
    <property name="env.GOROOT" value="/home/travis/.gimme/versions/go1.11.1.linux.amd64" />
    <property name="line.separator" value="&#xa;" />
    <property name="target" value="11" />
    <property name="env.TRAVIS_BUILD_DIR" value="/home/travis/build/icyphy/ptII" />
    <property name="env.ANT_OPTS" value="-Xmx2048m" />
    <property name="ant.file.type" value="file" />
    <property name="ptolemy.ptII.batchMode" value="true" />
    <property name="env.HISTSIZE" value="1000" />
    <property name="env.MERB_ENV" value="test" />
    <property name="java.vm.info" value="mixed mode" />
    <property name="source" value="11" />
    <property name="java.vm.specification.name" value="Java Virtual Machine Specification" />
    <property name="env.TRAVIS_TEST_RESULT" value="0" />
    <property name="jsdoc.command" value="node_modules/@terraswarm/jsdoc/jsdoc.js" />
    <property name="npm.works" value="true" />
    <property name="cobertura.dir" value="/home/travis/build/icyphy/ptII/vendors/cobertura-2.0.3" />
    <property name="jsdoc.command.exists" value="true" />
    <property name="env.rvm_path" value="/home/travis/.rvm" />
    <property name="env.GEM_PATH" value="/home/travis/.rvm/gems/ruby-2.5.3:/home/travis/.rvm/gems/ruby-2.5.3@global" />
    <property name="env.LC_CTYPE" value="en_US.UTF-8" />
    <property name="env.TRAVIS_CMD" value="$PTII/bin/ptIITravisBuild.sh $SECONDS" />
    <property name="java.awt.printerjob" value="sun.print.PSPrinterJob" />
    <property name="env.TRAVIS_STACK_NAME" value="sardonyx" />
    <property name="env.TRAVIS_TIMER_START_TIME" value="1654481150061391558" />
    <property name="ant.version" value="Apache Ant(TM) version 1.10.1 compiled on February 2 2017" />
    <property name="ptII.reports" value="/home/travis/build/icyphy/ptII/reports" />
    <property name="env.TRAVIS_STACK_TIMESTAMP" value="2022-03-21 11:29:05 UTC" />
    <property name="ant.file.type.ptII" value="file" />
    <property name="env.RBENV_SHELL" value="bash" />
    <property name="os.name" value="Linux" />
    <property name="java.specification.vendor" value="Oracle Corporation" />
    <property name="env.rvm_version" value="1.29.12 (latest)" />
    <property name="env.TRAVIS_INFRA" value="unknown" />
    <property name="env.TERM" value="xterm" />
    <property name="java.vm.name" value="OpenJDK 64-Bit Server VM" />
    <property name="env.TRAVIS_BUILD_NUMBER" value="1861" />
    <property name="env.CI" value="true" />
    <property name="java.library.path" value="/home/travis/pthla/certi-tools/lib:/usr/lib/jni:/usr/local/share/OpenCV/java/:/usr/share/OpenCV/java::/usr/java/packages/lib:/usr/lib64:/lib64:/lib:/usr/lib" />
    <property name="jdk.module.path" value="/home/travis/build/icyphy/ptII/vendors/javafx/javafx-sdk-11.0.2/lib:" />
    <property name="env.rvm_prefix" value="/home/travis" />
    <property name="env.PATH" value="/home/travis/pthla/certi-tools/share/scripts:/home/travis/.rvm/gems/ruby-2.5.3/bin:/home/travis/.rvm/gems/ruby-2.5.3@global/bin:/home/travis/.rvm/rubies/ruby-2.5.3/bin:/home/travis/.rvm/bin:./node_modules/.bin:/home/travis/build/icyphy/ptII/bin:/home/travis/pthla/certi-tools/bin:/home/travis/bin:/home/travis/.local/bin:/usr/local/lib/jvm/openjdk11/bin:/opt/pyenv/shims:/home/travis/.phpenv/shims:/home/travis/perl5/perlbrew/bin:/home/travis/.nvm/versions/node/v7.10.1/bin:/home/travis/gopath/bin:/home/travis/.gimme/versions/go1.11.1.linux.amd64/bin:/usr/local/maven-3.6.3/bin:/usr/local/cmake-3.12.4/bin:/usr/local/clang-7.0.0/bin:/usr/local/sbin:/usr/local/bin:/usr/sbin:/usr/bin:/sbin:/bin:/snap/bin:/home/travis/.phpenv/bin:/opt/pyenv/bin:/home/travis/.yarn/bin" />
    <property name="env.TRAVIS_OS_NAME" value="linux" />
    <property name="ant.java.version" value="9" />
    <property name="basedir" value="/home/travis/build/icyphy/ptII" />
    <property name="java.class.version" value="55.0" />
    <property name="env.SHLVL" value="3" />
    <property name="env.LD_LIBRARY_PATH" value="/home/travis/pthla/certi-tools/lib:/usr/lib/jni:/usr/local/share/OpenCV/java/:/usr/share/OpenCV/java:" />
    <property name="env.RACK_ENV" value="test" />
    <property name="ant.home" value="/home/travis/build/icyphy/ptII/ant" />
    <property name="env.NVM_DIR" value="/home/travis/.nvm" />
    <property name="env.CERTI_FOM_PATH" value="/home/travis/pthla/certi-tools/share/federations" />
    <property name="env.TRAVIS_BUILD_ID" value="251561757" />
    <property name="env.PYENV_ROOT" value="/opt/pyenv" />
    <property name="env.TRAVIS_UID" value="2000" />
    <property name="prism.verbose" value="true" />
    <property name="env.NVM_BIN" value="/home/travis/.nvm/versions/node/v7.10.1/bin" />
    <property name="env.TRAVIS_COMMIT" value="97c84c86e87328bd066bc560e7f5b65fa1c4b652" />
    <property name="node.executable" value="node" />
    <property name="sun.boot.library.path" value="/usr/local/lib/jvm/openjdk11/lib" />
    <property name="sun.management.compiler" value="HotSpot 64-Bit Tiered Compilers" />
    <property name="java.awt.graphicsenv" value="sun.awt.X11GraphicsEnvironment" />
    <property name="env.GOPATH" value="/home/travis/gopath" />
    <property name="ptolemy.ptII.dir" value="/home/travis/build/icyphy/ptII" />
    <property name="env.USER" value="travis" />
    <property name="env.HISTFILESIZE" value="2000" />
    <property name="env.NVM_INC" value="/home/travis/.nvm/versions/node/v7.10.1/include/node" />
    <property name="timeout.longest" value="19000000" />
    <property name="env.PERLBREW_SHELLRC_VERSION" value="0.94" />
    <property name="env.TRAVIS_STACK_FEATURES" value="basic couchdb disabled-ipv6 docker docker-compose elasticsearch firefox go-toolchain google-chrome jdk memcached mongodb mysql nodejs_interpreter perl_interpreter perlbrew phantomjs postgresql python_interpreter redis ruby_interpreter sqlite xserver" />
    <property name="env.TRAVIS_PULL_REQUEST" value="false" />
    <property name="env.PYENV_SHELL" value="bash" />
    <property name="ant.project.name" value="ptII" />
    <property name="env.ANSI_RESET" value="\033[0m" />
    <property name="java.vm.specification.version" value="11" />
    <property name="env.TRAVIS_DIST" value="xenial" />
    <property name="env.CERTI_VERSION" value="4.0.0" />
    <property name="env.CERTI_HOST" value="localhost" />
    <property name="awt.toolkit" value="sun.awt.X11.XToolkit" />
    <property name="env.MY_RUBY_HOME" value="/home/travis/.rvm/rubies/ruby-2.5.3" />
    <property name="sun.cpu.isalist" value="" />
    <property name="env.TRAVIS_TMPDIR" value="/tmp/tmp.0Qx6VZo23A" />
    <property name="java.vm.compressedOopsMode" value="Zero based" />
    <property name="os.version" value="4.15.0-1098-gcp" />
    <property name="user.home" value="/home/travis" />
    <property name="java.vm.vendor" value="Oracle Corporation" />
    <property name="env.TRAVIS_TAG" value="nightly" />
    <property name="env.ANSI_YELLOW" value="\033[33;1m" />
    <property name="env.TRAVIS_FILTERED" value="redirect_io" />
    <property name="env.ANSI_GREEN" value="\033[32;1m" />
    <property name="env.JAVA_HOME" value="/usr/local/lib/jvm/openjdk11" />
    <property name="javadoc.excludepackagenames" value="adm.cvs2svn.*,build.*,config.*,doc.coding.templates.*,jni.test.jni.meaningOfLife.*,jni.test.jni.testDeux.*,jni.test.jni.testTrois.*,org.terraswarm.accessor.accessors.web.node_modules.*,org.terraswarm.accessor.accessors.web.hosts.cordova.demo.*,org.terraswarm.accessor.accessors.web.hosts.cordova.plugins.*,org.terraswarm.accessor.accessors-svn.*,pt-modules.*,ptolemy.apps.agilent.*,ptolemy.apps.anytimecontrol.*,ptolemy.apps.apes.*,ptolemy.apps.charon.*,ptolemy.apps.crazyboard.*,ptolemy.apps.eclipse.*,ptolemy.apps.etherealSting.*,ptolemy.apps.fullscreen.*,ptolemy.apps.giotto.*,ptolemy.apps.ia.*,ptolemy.apps.interfaces.*,ptolemy.apps.jmf.*,ptolemy.apps.kurt.*,ptolemy.apps.kvm.*,ptolemy.apps.lego.*,ptolemy.apps.lejos.*,ptolemy.apps.midp.*,ptolemy.apps.mobileCoding.*,ptolemy.apps.pendulum.*,ptolemy.apps.rijndael.*,ptolemy.apps.robot.*,ptolemy.apps.security.*,ptolemy.apps.sobel.*,ptolemy.apps.soot.*,ptolemy.apps.throttle.*,ptolemy.apps.tini.*,ptolemy.apps.transmission.*,ptolemy.apps.vergil.*,ptolemy.apps.waba.*,ptolemy.apps.websensor.*,ptolemy.apps.webstart.*,ptolemy.apps.xsl.*,ptolemy.apps.zaurus.*,ptolemy.codegen.c.actor.lib.oldJavaFiles.*,ptolemy.codegen.dsp.lib.*,ptolemy.codegen.kernel.newInterfaces.*,ptolemy.codegen.lib.*,ptolemy.copernicus.kernel.fragment.*,ptolemy.copernicus.shallow.cg.*,ptolemy.domains.giotto.demo.Hierarchy.Hierarchy.*,ptolemy.domains.giotto.demo.Multimode.Multimode.*,ptolemy.domains.giotto.demo.Simple.Simple.*,ptolemy.domains.gr.lib.experimental.*,ptolemy.domains.gro.*,ptolemy.domains.pdf.*,ptolemy.domains.ptinyos.demo.Surge.output.*,ptolemy.moml.test.NoPackageActor.java*,ptolemy.plot.adm.*,ptolemy.plot.servlet.*,reports.*,signed.*,src.*,target.*,vendors.*,ptolemy.copernicus.applet.*,ptolemy.media.viewer.*,ptolemy.actor.corba.*,doc.doclets.*,ptolemy.apps.eclipse.awt.*,ptolemy.backtrack.*,ptolemy.backtrack.ast.*,ptolemy.cg.adapter.generic.program.procedural.c.mbed*,ptolemy.homer.*,ptolemy.actor.lib.jai.*,org.ptolemy.scala.*,diva.util.java2d.svg.*,ptolemy.domains.ptinyos.*,ptolemy.actor.lib.fmi.fmipp.*,,org.terraswarm.accessor.accessors.web.node_modules.*,org.terraswarm.accessor.accessors-svn,ptolemy.apps.*,ptolemy.actor.ptalon.demo.ptinyos.SendAndReceiveCnt.output,ptolemy.actor.ptalon.demo.ptinyos.SenseToLeds.output,ptolemy.domains.ptinyos.demo.CntToLedsAndRfm.output,ptolemy.domains.ptinyos.demo.RfmToLeds.output,ptolemy.domains.ptinyos.demo.SendAndReceiveCnt.output,ptolemy.domains.ptinyos.demo.SenseToLeds.output,ptolemy.actor.lib.jjs.modules.udpSocket.*" />
    <property name="env.PTII" value="/home/travis/build/icyphy/ptII" />
    <property name="env.XDG_SESSION_ID" value="2" />
    <property name="keystore" value="ptKeystore" />
    <property name="env.TRAVIS_COMMIT_MESSAGE" value="Try running the hlacerti tests in Travis." />
    <property name="junit.output.dir" value="/home/travis/build/icyphy/ptII/reports/junit" />
    <property name="npm.return.code" value="0" />
    <property name="user.dir" value="/home/travis/build/icyphy/ptII/ptolemy/domains/qss/test" />
    <property name="env.TRAVIS_NODE_VERSION" value="7" />
    <property name="env.TRAVIS_EVENT_TYPE" value="cron" />
    <property name="env.MAIL" value="/var/mail/travis" />
    <property name="env.PERLBREW_ROOT" value="/home/travis/perl5/perlbrew" />
    <property name="env.PWD" value="/home/travis/build/icyphy/ptII" />
    <property name="timeout.npm" value="45000" />
    <property name="env.PT_TRAVIS_TEST_CORE2_XML" value="true" />
    <property name="env.TRAVIS_ARCH" value="amd64" />
    <property name="sun.cpu.endian" value="little" />
    <property name="env.PAGER" value="cat" />
    <property name="env.TRAVIS_BUILD_STAGE_NAME" value="test" />
    <property name="env.PERLBREW_HOME" value="/home/travis/.perlbrew" />
    <property name="java.vm.version" value="11.0.2+9" />
    <property name="env.RAILS_ENV" value="test" />
    <property name="java.class.path" value="/home/travis/build/icyphy/ptII:/home/travis/build/icyphy/ptII/lib/asm-all-5.2.jar:/home/travis/build/icyphy/ptII/lib/nashorn-core-15.3.jar:/home/travis/build/icyphy/ptII/lib/bsh-2.0b4.jar:/home/travis/build/icyphy/ptII/lib/ptCal.jar:/home/travis/build/icyphy/ptII/lib/java_cup.jar:/home/travis/build/icyphy/ptII/lib/saxon8.jar:/home/travis/build/icyphy/ptII/lib/saxon8-dom.jar:/home/travis/build/icyphy/ptII/lib/chic.jar:/home/travis/build/icyphy/ptII/lib/ptcolt.jar:/home/travis/build/icyphy/ptII/vendors/misc/itext/iText.jar:/home/travis/build/icyphy/ptII/lib/g4ltl.jar:/home/travis/build/icyphy/ptII/lib/StructuralCoder.jar:/home/travis/build/icyphy/ptII/lib/jcerti.jar:/home/travis/build/icyphy/ptII/lib/javax.mail.jar:/home/travis/build/icyphy/ptII/vendors/JMF-2.1.1e/lib/jmf.jar:/home/travis/build/icyphy/ptII/lib/jna-4.0.0-variadic.jar:/home/travis/build/icyphy/ptII/vendors/misc/joystick/Joystick.jar:/home/travis/build/icyphy/ptII/lib/ptjacl.jar:/home/travis/build/icyphy/ptII/lib/jsoup-1.14.2.jar:/home/travis/build/icyphy/ptII/lib/junit-4.8.2.jar:/home/travis/build/icyphy/ptII/lib/JUnitParams-0.4.0.jar:/home/travis/build/icyphy/ptII/ptolemy/actor/lib/excel/jxl.jar:/home/travis/build/icyphy/ptII/lib/jython.jar:/home/travis/build/icyphy/ptII/lib/kieler.jar:/home/travis/build/icyphy/ptII/vendors/opencv/share/OpenCV/java/opencv-341.jar:/home/travis/build/icyphy/ptII/lib/oscP5.jar:/home/travis/build/icyphy/ptII/lib/nrjavaserial-3.11.0.devel.jar:/home/travis/build/icyphy/ptII/vendors/j3d/lib/Linux/j3dcore.jar:/home/travis/build/icyphy/ptII/vendors/j3d/lib/Linux/j3dutils.jar:/home/travis/build/icyphy/ptII/vendors/j3d/lib/Linux/vecmath.jar:/home/travis/build/icyphy/ptII/vendors/jogl/lib/Linux/gluegen-rt-natives-linux-amd64.jar:/home/travis/build/icyphy/ptII/vendors/jogl/lib/Linux/gluegen-rt.jar:/home/travis/build/icyphy/ptII/vendors/jogl/lib/Linux/jogl-all-natives-linux-amd64.jar:/home/travis/build/icyphy/ptII/vendors/jogl/lib/Linux/jogl-all.jar:/home/travis/build/icyphy/ptII/ptolemy/distributed/jini/jar/jini-core.jar:/home/travis/build/icyphy/ptII/ptolemy/distributed/jini/jar/jini-ext.jar:/home/travis/build/icyphy/ptII/ptolemy/distributed/jini/jar/sun-util.jar:/home/travis/build/icyphy/ptII/lib/protobuf-java-2.4.1.jar:/home/travis/build/icyphy/ptII/lib/org.eclipse.paho.client.mqttv3.jar:/home/travis/build/icyphy/ptII/lib/mapss.jar:/home/travis/build/icyphy/ptII/ptolemy/actor/ptalon/antlr/antlr.jar:/home/travis/build/icyphy/ptII/lib/JRI.jar:/home/travis/build/icyphy/ptII/lib/commons-lang-2.6.jar:/home/travis/build/icyphy/ptII/lib/commons-logging-1.1.1.jar:/home/travis/build/icyphy/ptII/lib/sootclasses.jar:/home/travis/build/icyphy/ptII/ptolemy/actor/lib/database/mysql-connector-java-8.0.26.jar:/home/travis/build/icyphy/ptII/vendors/misc/sphinx4/sphinx4-data-5prealpha.jar:/home/travis/build/icyphy/ptII/vendors/misc/sphinx4/sphinx4-core-5prealpha.jar:/home/travis/build/icyphy/ptII/lib/PDFRenderer.jar:/home/travis/build/icyphy/ptII/lib/svgSalamander.jar:/home/travis/build/icyphy/ptII/lib/rsyntaxtextarea-2.6.0-SNAPSHOT.jar:/home/travis/build/icyphy/ptII/lib/hazelcast-3.8.2.jar:/home/travis/build/icyphy/ptII/lib/jackson-annotations-2.9.0.jar:/home/travis/build/icyphy/ptII/lib/jackson-core-2.9.3.jar:/home/travis/build/icyphy/ptII/lib/jackson-databind-2.9.3.jar:/home/travis/build/icyphy/ptII/lib/netty-buffer-4.1.19.Final.jar:/home/travis/build/icyphy/ptII/lib/netty-codec-4.1.19.Final.jar:/home/travis/build/icyphy/ptII/lib/netty-codec-dns-4.1.19.Final.jar:/home/travis/build/icyphy/ptII/lib/netty-codec-http-4.1.19.Final.jar:/home/travis/build/icyphy/ptII/lib/netty-codec-http2-4.1.19.Final.jar:/home/travis/build/icyphy/ptII/lib/netty-common-4.1.19.Final.jar:/home/travis/build/icyphy/ptII/lib/netty-handler-4.1.19.Final.jar:/home/travis/build/icyphy/ptII/lib/netty-resolver-4.1.19.Final.jar:/home/travis/build/icyphy/ptII/lib/netty-resolver-dns-4.1.19.Final.jar:/home/travis/build/icyphy/ptII/lib/netty-transport-4.1.19.Final.jar:/home/travis/build/icyphy/ptII/lib/vertx-codegen-3.5.1.jar:/home/travis/build/icyphy/ptII/lib/vertx-core-3.5.2-SNAPSHOT.jar:/home/travis/build/icyphy/ptII/lib/vertx-hazelcast-3.5.1.jar:/home/travis/build/icyphy/ptII/lib/vertx-lang-js-3.5.1.jar:/home/travis/build/icyphy/ptII/lib/vertx-service-proxy-3.5.1.jar:/home/travis/build/icyphy/ptII/lib/vertx-web-3.5.1.jar:/home/travis/build/icyphy/ptII/lib/slf4j-api-1.7.13.jar:/home/travis/build/icyphy/ptII/lib/slf4j-simple-1.7.13.jar:/home/travis/build/icyphy/ptII/lib/webcam-capture-0.3.12.jar:/home/travis/build/icyphy/ptII/lib/bridj-0.7.0.jar:/home/travis/build/icyphy/ptII/lib/xbjlib-1.1.0.nrjavaserial.jar:/home/travis/build/icyphy/ptII/ptolemy/moml/test:/home/travis/build/icyphy/ptII/ant/lib/ant-launcher.jar:/home/travis/build/icyphy/ptII/ant/lib/ant.jar:/home/travis/build/icyphy/ptII/ant/lib/ant-junit.jar:/home/travis/build/icyphy/ptII/ant/lib/ant-junit4.jar" />
    <property name="ant.library.dir" value="/home/travis/build/icyphy/ptII/ant/lib" />
    <property name="os.arch" value="amd64" />
    <property name="env.CONTINUOUS_INTEGRATION" value="true" />
    <property name="env.TRAVIS_LANGUAGE" value="node_js" />
    <property name="env.TRAVIS_STACK_LANGUAGES" value="__sardonyx__ c c++ clojure cplusplus cpp default generic go groovy java node_js php pure_java python ruby scala" />
    <property name="test.name" value="ptolemy.actor.lib.test.junit.JUnitTclTest" />
    <property name="env.APT_KEY_DONT_WARN_ON_DANGEROUS_USAGE" value="1" />
    <property name="sun.java.launcher" value="SUN_STANDARD" />
    <property name="env.PYTHON_CONFIGURE_OPTS" value="--enable-unicode=ucs4 --with-wide-unicode --enable-shared --enable-ipv6 --enable-loadable-sqlite-extensions --with-computed-gotos" />
    <property name="ant.core.lib" value="/home/travis/build/icyphy/ptII/ant/lib/ant.jar" />
    <property name="java.vm.specification.vendor" value="Oracle Corporation" />
    <property name="env.BCVTB_HOME" value="/home/travis/build/icyphy/ptII/lbnl" />
    <property name="file.separator" value="/" />
    <property name="spotbugs.home" value="/home/travis/build/icyphy/ptII/vendors/spotbugs-3.1.1" />
    <property name="java.runtime.version" value="11.0.2+9" />
    <property name="javafx.verbose" value="true" />
    <property name="env.ANSI_CLEAR" value="\033[0K" />
    <property name="env.HAS_JOSH_K_SEAL_OF_APPROVAL" value="true" />
    <property name="env.XDG_RUNTIME_DIR" value="/run/user/2000" />
    <property name="env.TRAVIS_OSX_IMAGE" value="" />
    <property name="env.TRAVIS_JOB_ID" value="572513548" />
    <property name="env.TRAVIS_BRANCH" value="master" />
    <property name="user.country" value="US" />
    <property name="env.CERTI_HOME_TRAVIS" value="/home/travis/pthla/certi-tools" />
    <property name="env.SHELL" value="/bin/bash" />
    <property name="java.maxmemory.large" value="3200m" />
    <property name="model" value="" />
    <property name="env.CASHER_DIR" value="/home/travis/.casher" />
    <property name="env.NVM_CD_FLAGS" value="" />
    <property name="java.vendor.version" value="18.9" />
    <property name="jshint.executable" value="/home/travis/node_modules/jshint/bin/jshint" />
    <property name="env.JRUBY_OPTS" value=" --client -J-XX:+TieredCompilation -J-XX:TieredStopAtLevel=1 -J-Xss2m -Xcompile.invokedynamic=false" />
    <property name="java.vendor" value="Oracle Corporation" />
    <property name="env.TRAVIS_PRE_CHEF_BOOTSTRAP_TIME" value="2022-03-21T11:28:53" />
    <property name="env.TRAVIS_STACK_JOB_BOARD_REGISTER" value="/.job-board-register.yml" />
    <property name="env.ANSI_RED" value="\033[31;1m" />
    <property name="java.specification.version" value="11" />
    <property name="env.IRBRC" value="/home/travis/.rvm/rubies/ruby-2.5.3/.irbrc" />
    <property name="env.TRAVIS" value="true" />
    <property name="sun.arch.data.model" value="64" />
  </properties>
  <testcase classname="ptolemy.util.test.junit.TclTests" name="[0] ThereAreNoTclTests (RunTclFile)" time="0.007" />
  <testcase classname="ptolemy.util.test.junit.AutoKnownFailedTests" name="[0] ThereAreNoKnowFailedTests (RunModel)" time="0.002" />
  <testcase classname="ptolemy.util.test.junit.AutoNameArchTests" name="[0] ThereAreNoAutoArchTests (RunModel)" time="0.017" />
  <testcase classname="ptolemy.util.test.junit.AutoTests" name="[0] /home/travis/build/icyphy/ptII/ptolemy/domains/qss/test/auto/Align1.xml (RunModel)" time="0.477" />
  <testcase classname="ptolemy.util.test.junit.AutoTests" name="[1] /home/travis/build/icyphy/ptII/ptolemy/domains/qss/test/auto/CascadedIntegrators.xml (RunModel)" time="0.928" />
  <testcase classname="ptolemy.util.test.junit.AutoTests" name="[2] /home/travis/build/icyphy/ptII/ptolemy/domains/qss/test/auto/FirstOrder.xml (RunModel)" time="0.104" />
  <testcase classname="ptolemy.util.test.junit.AutoTests" name="[3] /home/travis/build/icyphy/ptII/ptolemy/domains/qss/test/auto/FirstOrderOscillating.xml (RunModel)" time="0.074" />
  <testcase classname="ptolemy.util.test.junit.AutoTests" name="[4] /home/travis/build/icyphy/ptII/ptolemy/domains/qss/test/auto/HelloWorld.xml (RunModel)" time="0.022" />
  <testcase classname="ptolemy.util.test.junit.AutoTests" name="[5] /home/travis/build/icyphy/ptII/ptolemy/domains/qss/test/auto/HelloWorld2.xml (RunModel)" time="0.021" />
  <testcase classname="ptolemy.util.test.junit.AutoTests" name="[6] /home/travis/build/icyphy/ptII/ptolemy/domains/qss/test/auto/HelloWorld3.xml (RunModel)" time="0.049" />
  <testcase classname="ptolemy.util.test.junit.AutoTests" name="[7] /home/travis/build/icyphy/ptII/ptolemy/domains/qss/test/auto/HelloWorld4.xml (RunModel)" time="0.079" />
  <testcase classname="ptolemy.util.test.junit.AutoTests" name="[8] /home/travis/build/icyphy/ptII/ptolemy/domains/qss/test/auto/HelloWorld5.xml (RunModel)" time="0.056" />
  <testcase classname="ptolemy.util.test.junit.AutoTests" name="[9] /home/travis/build/icyphy/ptII/ptolemy/domains/qss/test/auto/HelloWorld6.xml (RunModel)" time="0.05" />
  <testcase classname="ptolemy.util.test.junit.AutoTests" name="[10] /home/travis/build/icyphy/ptII/ptolemy/domains/qss/test/auto/HelloWorld7.xml (RunModel)" time="0.043" />
  <testcase classname="ptolemy.util.test.junit.AutoTests" name="[11] /home/travis/build/icyphy/ptII/ptolemy/domains/qss/test/auto/HelloWorldPropagate.xml (RunModel)" time="0.055" />
  <testcase classname="ptolemy.util.test.junit.AutoTests" name="[12] /home/travis/build/icyphy/ptII/ptolemy/domains/qss/test/auto/HelloWorldPropagate2.xml (RunModel)" time="0.04" />
  <testcase classname="ptolemy.util.test.junit.AutoTests" name="[13] /home/travis/build/icyphy/ptII/ptolemy/domains/qss/test/auto/IntegratorImpulse1.xml (RunModel)" time="0.025" />
  <testcase classname="ptolemy.util.test.junit.AutoTests" name="[14] /home/travis/build/icyphy/ptII/ptolemy/domains/qss/test/auto/IntegratorImpulse2.xml (RunModel)" time="0.04" />
  <testcase classname="ptolemy.util.test.junit.AutoTests" name="[15] /home/travis/build/icyphy/ptII/ptolemy/domains/qss/test/auto/IntegratorImpulse3.xml (RunModel)" time="0.05" />
  <testcase classname="ptolemy.util.test.junit.AutoTests" name="[16] /home/travis/build/icyphy/ptII/ptolemy/domains/qss/test/auto/IntegratorImpulse4.xml (RunModel)" time="0.036" />
  <testcase classname="ptolemy.util.test.junit.AutoTests" name="[17] /home/travis/build/icyphy/ptII/ptolemy/domains/qss/test/auto/Persistence.xml (RunModel)" time="0.037" />
  <testcase classname="ptolemy.util.test.junit.AutoTests" name="[18] /home/travis/build/icyphy/ptII/ptolemy/domains/qss/test/auto/QSS2_1.xml (RunModel)" time="0.028" />
  <testcase classname="ptolemy.util.test.junit.AutoTests" name="[19] /home/travis/build/icyphy/ptII/ptolemy/domains/qss/test/auto/SecondOrder.xml (RunModel)" time="0.04" />
  <testcase classname="ptolemy.util.test.junit.AutoTests" name="[20] /home/travis/build/icyphy/ptII/ptolemy/domains/qss/test/auto/SmoothSignal1.xml (RunModel)" time="0.026" />
  <testcase classname="ptolemy.util.test.junit.AutoTests" name="[21] /home/travis/build/icyphy/ptII/ptolemy/domains/qss/test/auto/SmoothSignal2.xml (RunModel)" time="0.029" />
  <testcase classname="ptolemy.util.test.junit.AutoTests" name="[22] /home/travis/build/icyphy/ptII/ptolemy/domains/qss/test/auto/SmoothSignal3.xml (RunModel)" time="0.027" />
  <testcase classname="ptolemy.util.test.junit.AutoTests" name="[23] /home/travis/build/icyphy/ptII/ptolemy/domains/qss/test/auto/SmoothSignal4.xml (RunModel)" time="0.021" />
  <testcase classname="ptolemy.util.test.junit.AutoTests" name="[24] /home/travis/build/icyphy/ptII/ptolemy/domains/qss/test/auto/SmoothSignal5.xml (RunModel)" time="0.022" />
  <testcase classname="ptolemy.util.test.junit.AutoTests" name="[25] /home/travis/build/icyphy/ptII/ptolemy/domains/qss/test/auto/SmoothToken.xml (RunModel)" time="0.061" />
  <testcase classname="ptolemy.util.test.junit.AutoTests" name="[26] /home/travis/build/icyphy/ptII/ptolemy/domains/qss/test/auto/SmoothZeroCrossingDetector.xml (RunModel)" time="0.028" />
  <testcase classname="ptolemy.util.test.junit.AutoTests" name="[27] /home/travis/build/icyphy/ptII/ptolemy/domains/qss/test/auto/SmoothZeroCrossingDetector2.xml (RunModel)" time="0.03" />
  <testcase classname="ptolemy.util.test.junit.AutoTests" name="[28] /home/travis/build/icyphy/ptII/ptolemy/domains/qss/test/auto/SmoothZeroCrossingDetector3.xml (RunModel)" time="0.012" />
  <testcase classname="ptolemy.util.test.junit.AutoTests" name="[29] /home/travis/build/icyphy/ptII/ptolemy/domains/qss/test/auto/SmoothZeroCrossingDetector4.xml (RunModel)" time="0.019" />
  <testcase classname="ptolemy.util.test.junit.AutoTests" name="[30] /home/travis/build/icyphy/ptII/ptolemy/domains/qss/test/auto/SmoothZeroCrossingDetector5.xml (RunModel)" time="0.025" />
  <testcase classname="ptolemy.util.test.junit.AutoTests" name="[31] /home/travis/build/icyphy/ptII/ptolemy/domains/qss/test/auto/SmoothZeroCrossingDetector6.xml (RunModel)" time="0.022" />
  <testcase classname="ptolemy.util.test.junit.AutoTests" name="[32] /home/travis/build/icyphy/ptII/ptolemy/domains/qss/test/auto/SmoothZeroCrossingDetector7.xml (RunModel)" time="0.016" />
  <testcase classname="ptolemy.util.test.junit.AutoTests" name="[33] /home/travis/build/icyphy/ptII/ptolemy/domains/qss/test/auto/SmoothZeroCrossingDetector8.xml (RunModel)" time="0.023" />
  <testcase classname="ptolemy.util.test.junit.AutoTests" name="[34] /home/travis/build/icyphy/ptII/ptolemy/domains/qss/test/auto/ThermalMassWithHeatLoss.xml (RunModel)" time="0.116" />
  <testcase classname="ptolemy.util.test.junit.AutoTests" name="[35] /home/travis/build/icyphy/ptII/ptolemy/domains/qss/test/auto/TokenAddition.xml (RunModel)" time="0.014" />
  <system-out><![CDATA[No tcl tests in /home/travis/build/icyphy/ptII/ptolemy/domains/qss/test
No auto/knownFailedTests/*.xml tests in /home/travis/build/icyphy/ptII/ptolemy/domains/qss/test
No auto/linux-amd64/*.xml tests in /home/travis/build/icyphy/ptII/ptolemy/domains/qss/test
AutoTests.java: About to close Vertx.
AutoTests.java: Vertx closed.

===========================================================================================
----------------- testing Mon Jun 06 02:13:52 UTC 2022 /home/travis/build/icyphy/ptII/ptolemy/domains/qss/test/auto/Align1.xml
----------------- Instantiating /home/travis/build/icyphy/ptII/ptolemy/domains/qss/test/auto/Align1.xml
54 ms. Memory: 129024K Free: 109221K (85%)
----------------- Invoking toplevel() on ptolemy.moml.MoMLSimpleApplication@666204f6
----------------- Done invoking toplevel() on ptolemy.moml.MoMLSimpleApplication@666204f6
reloadAllAccessors: .Align1

===========================================================================================
----------------- testing Mon Jun 06 02:13:53 UTC 2022 /home/travis/build/icyphy/ptII/ptolemy/domains/qss/test/auto/CascadedIntegrators.xml
----------------- Instantiating /home/travis/build/icyphy/ptII/ptolemy/domains/qss/test/auto/CascadedIntegrators.xml
782 ms. Memory: 129024K Free: 113709K (88%)
----------------- Invoking toplevel() on ptolemy.moml.MoMLSimpleApplication@2bfebb7b
----------------- Done invoking toplevel() on ptolemy.moml.MoMLSimpleApplication@2bfebb7b
reloadAllAccessors: .model

===========================================================================================
----------------- testing Mon Jun 06 02:13:54 UTC 2022 /home/travis/build/icyphy/ptII/ptolemy/domains/qss/test/auto/FirstOrder.xml
----------------- Instantiating /home/travis/build/icyphy/ptII/ptolemy/domains/qss/test/auto/FirstOrder.xml
7 ms. Memory: 129024K Free: 107559K (83%)
----------------- Invoking toplevel() on ptolemy.moml.MoMLSimpleApplication@59dc4115
----------------- Done invoking toplevel() on ptolemy.moml.MoMLSimpleApplication@59dc4115
reloadAllAccessors: .FirstOrder

===========================================================================================
----------------- testing Mon Jun 06 02:13:54 UTC 2022 /home/travis/build/icyphy/ptII/ptolemy/domains/qss/test/auto/FirstOrderOscillating.xml
----------------- Instantiating /home/travis/build/icyphy/ptII/ptolemy/domains/qss/test/auto/FirstOrderOscillating.xml
6 ms. Memory: 129024K Free: 102959K (80%)
----------------- Invoking toplevel() on ptolemy.moml.MoMLSimpleApplication@52c0902b
----------------- Done invoking toplevel() on ptolemy.moml.MoMLSimpleApplication@52c0902b
reloadAllAccessors: .FirstOrderOscillating

===========================================================================================
----------------- testing Mon Jun 06 02:13:54 UTC 2022 /home/travis/build/icyphy/ptII/ptolemy/domains/qss/test/auto/HelloWorld.xml
----------------- Instantiating /home/travis/build/icyphy/ptII/ptolemy/domains/qss/test/auto/HelloWorld.xml
4 ms. Memory: 129024K Free: 98345K (76%)
----------------- Invoking toplevel() on ptolemy.moml.MoMLSimpleApplication@4572126
----------------- Done invoking toplevel() on ptolemy.moml.MoMLSimpleApplication@4572126
reloadAllAccessors: .HelloWorld

===========================================================================================
----------------- testing Mon Jun 06 02:13:54 UTC 2022 /home/travis/build/icyphy/ptII/ptolemy/domains/qss/test/auto/HelloWorld2.xml
----------------- Instantiating /home/travis/build/icyphy/ptII/ptolemy/domains/qss/test/auto/HelloWorld2.xml
4 ms. Memory: 129024K Free: 94249K (73%)
----------------- Invoking toplevel() on ptolemy.moml.MoMLSimpleApplication@7afe579
----------------- Done invoking toplevel() on ptolemy.moml.MoMLSimpleApplication@7afe579
reloadAllAccessors: .HelloWorld2

===========================================================================================
----------------- testing Mon Jun 06 02:13:54 UTC 2022 /home/travis/build/icyphy/ptII/ptolemy/domains/qss/test/auto/HelloWorld3.xml
----------------- Instantiating /home/travis/build/icyphy/ptII/ptolemy/domains/qss/test/auto/HelloWorld3.xml
12 ms. Memory: 129024K Free: 90147K (70%)
----------------- Invoking toplevel() on ptolemy.moml.MoMLSimpleApplication@50293a2b
----------------- Done invoking toplevel() on ptolemy.moml.MoMLSimpleApplication@50293a2b
reloadAllAccessors: .HelloWorld3

===========================================================================================
----------------- testing Mon Jun 06 02:13:54 UTC 2022 /home/travis/build/icyphy/ptII/ptolemy/domains/qss/test/auto/HelloWorld4.xml
----------------- Instantiating /home/travis/build/icyphy/ptII/ptolemy/domains/qss/test/auto/HelloWorld4.xml
8 ms. Memory: 129024K Free: 83503K (65%)
----------------- Invoking toplevel() on ptolemy.moml.MoMLSimpleApplication@1768ca83
----------------- Done invoking toplevel() on ptolemy.moml.MoMLSimpleApplication@1768ca83
reloadAllAccessors: .HelloWorld4

===========================================================================================
----------------- testing Mon Jun 06 02:13:54 UTC 2022 /home/travis/build/icyphy/ptII/ptolemy/domains/qss/test/auto/HelloWorld5.xml
----------------- Instantiating /home/travis/build/icyphy/ptII/ptolemy/domains/qss/test/auto/HelloWorld5.xml
4 ms. Memory: 129024K Free: 78883K (61%)
----------------- Invoking toplevel() on ptolemy.moml.MoMLSimpleApplication@1ade1d25
----------------- Done invoking toplevel() on ptolemy.moml.MoMLSimpleApplication@1ade1d25
reloadAllAccessors: .HelloWorld5

===========================================================================================
----------------- testing Mon Jun 06 02:13:54 UTC 2022 /home/travis/build/icyphy/ptII/ptolemy/domains/qss/test/auto/HelloWorld6.xml
----------------- Instantiating /home/travis/build/icyphy/ptII/ptolemy/domains/qss/test/auto/HelloWorld6.xml
3 ms. Memory: 129024K Free: 74787K (58%)
----------------- Invoking toplevel() on ptolemy.moml.MoMLSimpleApplication@47b8e92d
----------------- Done invoking toplevel() on ptolemy.moml.MoMLSimpleApplication@47b8e92d
reloadAllAccessors: .HelloWorld6

===========================================================================================
----------------- testing Mon Jun 06 02:13:54 UTC 2022 /home/travis/build/icyphy/ptII/ptolemy/domains/qss/test/auto/HelloWorld7.xml
----------------- Instantiating /home/travis/build/icyphy/ptII/ptolemy/domains/qss/test/auto/HelloWorld7.xml
11 ms. Memory: 129024K Free: 68143K (53%)
----------------- Invoking toplevel() on ptolemy.moml.MoMLSimpleApplication@50f97e52
----------------- Done invoking toplevel() on ptolemy.moml.MoMLSimpleApplication@50f97e52
reloadAllAccessors: .HelloWorld7

===========================================================================================
----------------- testing Mon Jun 06 02:13:54 UTC 2022 /home/travis/build/icyphy/ptII/ptolemy/domains/qss/test/auto/HelloWorldPropagate.xml
----------------- Instantiating /home/travis/build/icyphy/ptII/ptolemy/domains/qss/test/auto/HelloWorldPropagate.xml
7 ms. Memory: 129024K Free: 111150K (86%)
----------------- Invoking toplevel() on ptolemy.moml.MoMLSimpleApplication@57e9ed22
----------------- Done invoking toplevel() on ptolemy.moml.MoMLSimpleApplication@57e9ed22
reloadAllAccessors: .HelloWorldPropagate

===========================================================================================
----------------- testing Mon Jun 06 02:13:54 UTC 2022 /home/travis/build/icyphy/ptII/ptolemy/domains/qss/test/auto/HelloWorldPropagate2.xml
----------------- Instantiating /home/travis/build/icyphy/ptII/ptolemy/domains/qss/test/auto/HelloWorldPropagate2.xml
5 ms. Memory: 129024K Free: 108064K (84%)
----------------- Invoking toplevel() on ptolemy.moml.MoMLSimpleApplication@650edab5
----------------- Done invoking toplevel() on ptolemy.moml.MoMLSimpleApplication@650edab5
reloadAllAccessors: .InputDerivativePropagation

===========================================================================================
----------------- testing Mon Jun 06 02:13:54 UTC 2022 /home/travis/build/icyphy/ptII/ptolemy/domains/qss/test/auto/IntegratorImpulse1.xml
----------------- Instantiating /home/travis/build/icyphy/ptII/ptolemy/domains/qss/test/auto/IntegratorImpulse1.xml
3 ms. Memory: 129024K Free: 103394K (80%)
----------------- Invoking toplevel() on ptolemy.moml.MoMLSimpleApplication@720e1e66
----------------- Done invoking toplevel() on ptolemy.moml.MoMLSimpleApplication@720e1e66
reloadAllAccessors: .IntegratorImpulse1

===========================================================================================
----------------- testing Mon Jun 06 02:13:54 UTC 2022 /home/travis/build/icyphy/ptII/ptolemy/domains/qss/test/auto/IntegratorImpulse2.xml
----------------- Instantiating /home/travis/build/icyphy/ptII/ptolemy/domains/qss/test/auto/IntegratorImpulse2.xml
10 ms. Memory: 129024K Free: 98848K (77%)
----------------- Invoking toplevel() on ptolemy.moml.MoMLSimpleApplication@2629a924
----------------- Done invoking toplevel() on ptolemy.moml.MoMLSimpleApplication@2629a924
reloadAllAccessors: .IntegratorImpulse2

===========================================================================================
----------------- testing Mon Jun 06 02:13:54 UTC 2022 /home/travis/build/icyphy/ptII/ptolemy/domains/qss/test/auto/IntegratorImpulse3.xml
----------------- Instantiating /home/travis/build/icyphy/ptII/ptolemy/domains/qss/test/auto/IntegratorImpulse3.xml
6 ms. Memory: 129024K Free: 94776K (73%)
----------------- Invoking toplevel() on ptolemy.moml.MoMLSimpleApplication@f18b77a
----------------- Done invoking toplevel() on ptolemy.moml.MoMLSimpleApplication@f18b77a
reloadAllAccessors: .IntegratorImpulse3

===========================================================================================
----------------- testing Mon Jun 06 02:13:55 UTC 2022 /home/travis/build/icyphy/ptII/ptolemy/domains/qss/test/auto/IntegratorImpulse4.xml
----------------- Instantiating /home/travis/build/icyphy/ptII/ptolemy/domains/qss/test/auto/IntegratorImpulse4.xml
4 ms. Memory: 129024K Free: 90680K (70%)
----------------- Invoking toplevel() on ptolemy.moml.MoMLSimpleApplication@6e25b54a
----------------- Done invoking toplevel() on ptolemy.moml.MoMLSimpleApplication@6e25b54a
reloadAllAccessors: .IntegratorImpulse4

===========================================================================================
----------------- testing Mon Jun 06 02:13:55 UTC 2022 /home/travis/build/icyphy/ptII/ptolemy/domains/qss/test/auto/Persistence.xml
----------------- Instantiating /home/travis/build/icyphy/ptII/ptolemy/domains/qss/test/auto/Persistence.xml
3 ms. Memory: 129024K Free: 85956K (67%)
----------------- Invoking toplevel() on ptolemy.moml.MoMLSimpleApplication@979694b
----------------- Done invoking toplevel() on ptolemy.moml.MoMLSimpleApplication@979694b
reloadAllAccessors: .Persistence

===========================================================================================
----------------- testing Mon Jun 06 02:13:55 UTC 2022 /home/travis/build/icyphy/ptII/ptolemy/domains/qss/test/auto/QSS2_1.xml
----------------- Instantiating /home/travis/build/icyphy/ptII/ptolemy/domains/qss/test/auto/QSS2_1.xml
4 ms. Memory: 129024K Free: 81890K (63%)
----------------- Invoking toplevel() on ptolemy.moml.MoMLSimpleApplication@65d865d8
----------------- Done invoking toplevel() on ptolemy.moml.MoMLSimpleApplication@65d865d8
reloadAllAccessors: .QSS2_1

===========================================================================================
----------------- testing Mon Jun 06 02:13:55 UTC 2022 /home/travis/build/icyphy/ptII/ptolemy/domains/qss/test/auto/SecondOrder.xml
----------------- Instantiating /home/travis/build/icyphy/ptII/ptolemy/domains/qss/test/auto/SecondOrder.xml
16 ms. Memory: 129024K Free: 75336K (58%)
----------------- Invoking toplevel() on ptolemy.moml.MoMLSimpleApplication@1c310d6a
----------------- Done invoking toplevel() on ptolemy.moml.MoMLSimpleApplication@1c310d6a
reloadAllAccessors: .SecondOrder

===========================================================================================
----------------- testing Mon Jun 06 02:13:55 UTC 2022 /home/travis/build/icyphy/ptII/ptolemy/domains/qss/test/auto/SmoothSignal1.xml
----------------- Instantiating /home/travis/build/icyphy/ptII/ptolemy/domains/qss/test/auto/SmoothSignal1.xml
2 ms. Memory: 129024K Free: 72248K (56%)
----------------- Invoking toplevel() on ptolemy.moml.MoMLSimpleApplication@2c55db57
----------------- Done invoking toplevel() on ptolemy.moml.MoMLSimpleApplication@2c55db57
reloadAllAccessors: .SmoothSignal1

===========================================================================================
----------------- testing Mon Jun 06 02:13:55 UTC 2022 /home/travis/build/icyphy/ptII/ptolemy/domains/qss/test/auto/SmoothSignal2.xml
----------------- Instantiating /home/travis/build/icyphy/ptII/ptolemy/domains/qss/test/auto/SmoothSignal2.xml
5 ms. Memory: 129024K Free: 68976K (53%)
----------------- Invoking toplevel() on ptolemy.moml.MoMLSimpleApplication@245f9165
----------------- Done invoking toplevel() on ptolemy.moml.MoMLSimpleApplication@245f9165
reloadAllAccessors: .SmoothSignal2

===========================================================================================
----------------- testing Mon Jun 06 02:13:55 UTC 2022 /home/travis/build/icyphy/ptII/ptolemy/domains/qss/test/auto/SmoothSignal3.xml
----------------- Instantiating /home/travis/build/icyphy/ptII/ptolemy/domains/qss/test/auto/SmoothSignal3.xml
2 ms. Memory: 129024K Free: 65904K (51%)
----------------- Invoking toplevel() on ptolemy.moml.MoMLSimpleApplication@3ad1da18
----------------- Done invoking toplevel() on ptolemy.moml.MoMLSimpleApplication@3ad1da18
reloadAllAccessors: .SmoothSignal3

===========================================================================================
----------------- testing Mon Jun 06 02:13:55 UTC 2022 /home/travis/build/icyphy/ptII/ptolemy/domains/qss/test/auto/SmoothSignal4.xml
----------------- Instantiating /home/travis/build/icyphy/ptII/ptolemy/domains/qss/test/auto/SmoothSignal4.xml
2 ms. Memory: 129024K Free: 62396K (48%)
----------------- Invoking toplevel() on ptolemy.moml.MoMLSimpleApplication@5e56dfaf
----------------- Done invoking toplevel() on ptolemy.moml.MoMLSimpleApplication@5e56dfaf
reloadAllAccessors: .SmoothSignal4

===========================================================================================
----------------- testing Mon Jun 06 02:13:55 UTC 2022 /home/travis/build/icyphy/ptII/ptolemy/domains/qss/test/auto/SmoothSignal5.xml
----------------- Instantiating /home/travis/build/icyphy/ptII/ptolemy/domains/qss/test/auto/SmoothSignal5.xml
3 ms. Memory: 129024K Free: 59354K (46%)
----------------- Invoking toplevel() on ptolemy.moml.MoMLSimpleApplication@429b72ff
----------------- Done invoking toplevel() on ptolemy.moml.MoMLSimpleApplication@429b72ff
reloadAllAccessors: .SmoothSignal5

===========================================================================================
----------------- testing Mon Jun 06 02:13:55 UTC 2022 /home/travis/build/icyphy/ptII/ptolemy/domains/qss/test/auto/SmoothToken.xml
----------------- Instantiating /home/travis/build/icyphy/ptII/ptolemy/domains/qss/test/auto/SmoothToken.xml
12 ms. Memory: 129024K Free: 113013K (88%)
----------------- Invoking toplevel() on ptolemy.moml.MoMLSimpleApplication@a7b7bc5
----------------- Done invoking toplevel() on ptolemy.moml.MoMLSimpleApplication@a7b7bc5
reloadAllAccessors: .SmoothToken

===========================================================================================
----------------- testing Mon Jun 06 02:13:55 UTC 2022 /home/travis/build/icyphy/ptII/ptolemy/domains/qss/test/auto/SmoothZeroCrossingDetector.xml
----------------- Instantiating /home/travis/build/icyphy/ptII/ptolemy/domains/qss/test/auto/SmoothZeroCrossingDetector.xml
5 ms. Memory: 129024K Free: 109398K (85%)
----------------- Invoking toplevel() on ptolemy.moml.MoMLSimpleApplication@5fc01f0a
----------------- Done invoking toplevel() on ptolemy.moml.MoMLSimpleApplication@5fc01f0a
reloadAllAccessors: .SmoothZeroCrossingDetector

===========================================================================================
----------------- testing Mon Jun 06 02:13:55 UTC 2022 /home/travis/build/icyphy/ptII/ptolemy/domains/qss/test/auto/SmoothZeroCrossingDetector2.xml
----------------- Instantiating /home/travis/build/icyphy/ptII/ptolemy/domains/qss/test/auto/SmoothZeroCrossingDetector2.xml
2 ms. Memory: 129024K Free: 105869K (82%)
----------------- Invoking toplevel() on ptolemy.moml.MoMLSimpleApplication@4b5fd2cf
----------------- Done invoking toplevel() on ptolemy.moml.MoMLSimpleApplication@4b5fd2cf
reloadAllAccessors: .SmoothZeroCrossingDetector2

===========================================================================================
----------------- testing Mon Jun 06 02:13:55 UTC 2022 /home/travis/build/icyphy/ptII/ptolemy/domains/qss/test/auto/SmoothZeroCrossingDetector3.xml
----------------- Instantiating /home/travis/build/icyphy/ptII/ptolemy/domains/qss/test/auto/SmoothZeroCrossingDetector3.xml
2 ms. Memory: 129024K Free: 102230K (79%)
----------------- Invoking toplevel() on ptolemy.moml.MoMLSimpleApplication@29f92752
----------------- Done invoking toplevel() on ptolemy.moml.MoMLSimpleApplication@29f92752
reloadAllAccessors: .SmoothZeroCrossingDetector3

===========================================================================================
----------------- testing Mon Jun 06 02:13:55 UTC 2022 /home/travis/build/icyphy/ptII/ptolemy/domains/qss/test/auto/SmoothZeroCrossingDetector4.xml
----------------- Instantiating /home/travis/build/icyphy/ptII/ptolemy/domains/qss/test/auto/SmoothZeroCrossingDetector4.xml
2 ms. Memory: 129024K Free: 98134K (76%)
----------------- Invoking toplevel() on ptolemy.moml.MoMLSimpleApplication@1cc4d482
----------------- Done invoking toplevel() on ptolemy.moml.MoMLSimpleApplication@1cc4d482
reloadAllAccessors: .SmoothZeroCrossingDetector4

===========================================================================================
----------------- testing Mon Jun 06 02:13:55 UTC 2022 /home/travis/build/icyphy/ptII/ptolemy/domains/qss/test/auto/SmoothZeroCrossingDetector5.xml
----------------- Instantiating /home/travis/build/icyphy/ptII/ptolemy/domains/qss/test/auto/SmoothZeroCrossingDetector5.xml
4 ms. Memory: 129024K Free: 94597K (73%)
----------------- Invoking toplevel() on ptolemy.moml.MoMLSimpleApplication@77775803
----------------- Done invoking toplevel() on ptolemy.moml.MoMLSimpleApplication@77775803
reloadAllAccessors: .SmoothZeroCrossingDetector5

===========================================================================================
----------------- testing Mon Jun 06 02:13:55 UTC 2022 /home/travis/build/icyphy/ptII/ptolemy/domains/qss/test/auto/SmoothZeroCrossingDetector6.xml
----------------- Instantiating /home/travis/build/icyphy/ptII/ptolemy/domains/qss/test/auto/SmoothZeroCrossingDetector6.xml
2 ms. Memory: 129024K Free: 90966K (71%)
----------------- Invoking toplevel() on ptolemy.moml.MoMLSimpleApplication@24cc3325
----------------- Done invoking toplevel() on ptolemy.moml.MoMLSimpleApplication@24cc3325
reloadAllAccessors: .SmoothZeroCrossingDetector6

===========================================================================================
----------------- testing Mon Jun 06 02:13:55 UTC 2022 /home/travis/build/icyphy/ptII/ptolemy/domains/qss/test/auto/SmoothZeroCrossingDetector7.xml
----------------- Instantiating /home/travis/build/icyphy/ptII/ptolemy/domains/qss/test/auto/SmoothZeroCrossingDetector7.xml
2 ms. Memory: 129024K Free: 87411K (68%)
----------------- Invoking toplevel() on ptolemy.moml.MoMLSimpleApplication@72d1541a
----------------- Done invoking toplevel() on ptolemy.moml.MoMLSimpleApplication@72d1541a
reloadAllAccessors: .SmoothZeroCrossingDetector7

===========================================================================================
----------------- testing Mon Jun 06 02:13:55 UTC 2022 /home/travis/build/icyphy/ptII/ptolemy/domains/qss/test/auto/SmoothZeroCrossingDetector8.xml
----------------- Instantiating /home/travis/build/icyphy/ptII/ptolemy/domains/qss/test/auto/SmoothZeroCrossingDetector8.xml
3 ms. Memory: 129024K Free: 84244K (65%)
----------------- Invoking toplevel() on ptolemy.moml.MoMLSimpleApplication@a1274b3
----------------- Done invoking toplevel() on ptolemy.moml.MoMLSimpleApplication@a1274b3
reloadAllAccessors: .SmoothZeroCrossingDetector

===========================================================================================
----------------- testing Mon Jun 06 02:13:55 UTC 2022 /home/travis/build/icyphy/ptII/ptolemy/domains/qss/test/auto/ThermalMassWithHeatLoss.xml
----------------- Instantiating /home/travis/build/icyphy/ptII/ptolemy/domains/qss/test/auto/ThermalMassWithHeatLoss.xml
50 ms. Memory: 129024K Free: 65366K (51%)
----------------- Invoking toplevel() on ptolemy.moml.MoMLSimpleApplication@58a3f6e5
----------------- Done invoking toplevel() on ptolemy.moml.MoMLSimpleApplication@58a3f6e5
reloadAllAccessors: .ThermalMassWithHeatLoss

===========================================================================================
----------------- testing Mon Jun 06 02:13:55 UTC 2022 /home/travis/build/icyphy/ptII/ptolemy/domains/qss/test/auto/TokenAddition.xml
----------------- Instantiating /home/travis/build/icyphy/ptII/ptolemy/domains/qss/test/auto/TokenAddition.xml
2 ms. Memory: 129024K Free: 61240K (47%)
----------------- Invoking toplevel() on ptolemy.moml.MoMLSimpleApplication@3a97683d
----------------- Done invoking toplevel() on ptolemy.moml.MoMLSimpleApplication@3a97683d
reloadAllAccessors: .TokenAddition
AutoTests.java: About to close Vertx.
AutoTests.java: Vertx closed.
]]></system-out>
  <system-err><![CDATA[]]></system-err>
</testsuite>
