<?xml version="1.0" encoding="UTF-8" ?>
<testsuite errors="0" failures="0" hostname="travis-job-6df52626-5e86-420e-b34d-3e5df5b42c70" name="ptolemy.domains.de.test.junit.JUnitTclTest" skipped="0" tests="101" time="142.845" timestamp="2019-07-12T05:49:33">
  <properties>
    <property name="npm.executable" value="npm" />
    <property name="env.TRAVIS_ROOT" value="/" />
    <property name="ptII.mk.exists" value="true" />
    <property name="env.TRAVIS_APP_HOST" value="build.travis-ci.org" />
    <property name="env.rvm_bin_path" value="/home/travis/.rvm/bin" />
    <property name="java.home" value="/usr/local/lib/jvm/openjdk11" />
    <property name="env.TRAVIS_JOB_NUMBER" value="1225.9" />
    <property name="env.TRAVIS_HOME" value="/home/travis" />
    <property name="env.DISPLAY" value=":99.0" />
    <property name="env.TRAVIS_INIT" value="systemd" />
    <property name="env.SSH_TTY" value="/dev/pts/0" />
    <property name="java.net.preferIPv4Stack" value="true" />
    <property name="env.RUN_TESTS" value="true" />
    <property name="timeout.short" value="1000000" />
    <property name="junit.formatter" value="xml" />
    <property name="env.TRAVIS_SUDO" value="true" />
    <property name="env.TRAVIS_JOB_NAME" value="" />
    <property name="env.TRAVIS_STACK_NODE_ATTRIBUTES" value="/.node-attributes.yml" />
    <property name="env.LOGNAME" value="travis" />
    <property name="jsdoc.home" value="node_modules/@terraswarm/jsdoc" />
    <property name="debuglevel" value="source,lines,vars" />
    <property name="checkstyle.formatter" value="xml" />
    <property name="env._system_version" value="16.04" />
    <property name="bin.vergil.makeable" value="true" />
    <property name="sun.os.patch.level" value="unknown" />
    <property name="java.vendor.url" value="http://java.oracle.com/" />
    <property name="env.TRAVIS_BUILD_WEB_URL" value="https://travis-ci.org/icyphy/ptII/builds/557670489" />
    <property name="java.version" value="11.0.2" />
    <property name="env.TZ" value="UTC" />
    <property name="env.TRAVIS_PULL_REQUEST_SHA" value="" />
    <property name="env.PT_NO_NET" value="true" />
    <property name="env.TRAVIS_SECURE_ENV_VARS" value="true" />
    <property name="env._system_type" value="Linux" />
    <property name="java.vendor.url.bug" value="http://bugreport.java.com/bugreport/" />
    <property name="npmjs-org-is-up" value="true" />
    <property name="env.LANGUAGE" value="en_US.UTF-8" />
    <property name="env.SSH_CLIENT" value="10.10.16.163 55974 22" />
    <property name="env.GEM_HOME" value="/home/travis/.rvm/gems/ruby-2.5.3" />
    <property name="env.HAS_ANTARES_THREE_LITTLE_FRONZIES_BADGE" value="true" />
    <property name="java.version.date" value="2019-01-15" />
    <property name="env.PS4" value="+" />
    <property name="ant.project.invoked-targets" value="build,test.core2.xml" />
    <property name="env.TRAVIS_PULL_REQUEST_BRANCH" value="" />
    <property name="env.TRAVIS_REPO_SLUG" value="icyphy/ptII" />
    <property name="env.XDG_DATA_DIRS" value="/usr/local/share:/usr/share:/var/lib/snapd/desktop" />
    <property name="jdk.debug" value="release" />
    <property name="env.TRAVIS_APT_PROXY" value="http://apt.cache.travis-ci.com" />
    <property name="node.in.path" value="true" />
    <property name="user.name" value="travis" />
    <property name="java.maxmemory" value="1400m" />
    <property name="env.RUBY_VERSION" value="ruby-2.5.3" />
    <property name="env.LANG" value="en_US.UTF-8" />
    <property name="sun.io.unicode.encoding" value="UnicodeLittle" />
    <property name="sun.jnu.encoding" value="UTF-8" />
    <property name="java.runtime.name" value="OpenJDK Runtime Environment" />
    <property name="usefile" value="false" />
    <property name="return.code" value="0" />
    <property name="junit.single.formatter" value="plain" />
    <property name="env.DYLD_LIBRARY_PATH" value="/home/travis/pthla/certi-tools/lib:" />
    <property name="env.DEBIAN_FRONTEND" value="noninteractive" />
    <property name="env.SSH_CONNECTION" value="10.10.16.163 55974 10.20.0.253 22" />
    <property name="env.MYSQL_UNIX_PORT" value="/var/run/mysqld/mysqld.sock" />
    <property name="env.LC_ALL" value="en_US.UTF-8" />
    <property name="env.TRAVIS_ALLOW_FAILURE" value="false" />
    <property name="env.TRAVIS_JOB_WEB_URL" value="https://travis-ci.org/icyphy/ptII/jobs/557670498" />
    <property name="java.specification.name" value="Java Platform API Specification" />
    <property name="node.works" value="true" />
    <property name="user.timezone" value="" />
    <property name="path.separator" value=":" />
    <property name="env.TRAVIS_ENABLE_INFRA_DETECTION" value="true" />
    <property name="env.PYTHON_CFLAGS" value="-g -fstack-protector --param=ssp-buffer-size=4 -Wformat -Werror=format-security" />
    <property name="timeout.long" value="4000000" />
    <property name="env.CERTI_HOME" value="/home/travis/pthla/certi-tools" />
    <property name="ant.file.ptII" value="/home/travis/build/icyphy/ptII/build.xml" />
    <property name="javadoc.packagenames" value="com.*,diva.*,lbnl.*,org.hlacerti.*,org.json.*,org.ptolemy.*,org.terraswarm.*,ptolemy.*,ptserver.*" />
    <property name="file.encoding" value="UTF-8" />
    <property name="env.TRAVIS_PULL_REQUEST_SLUG" value="" />
    <property name="ant.project.default-target" value="build" />
    <property name="env.GIT_ASKPASS" value="echo" />
    <property name="env.HOME" value="/home/travis" />
    <property name="sun.java.command" value="org.apache.tools.ant.taskdefs.optional.junit.JUnitTestRunner ptolemy.domains.de.test.junit.JUnitTclTest skipNonTests=false filtertrace=true haltOnError=false haltOnFailure=false formatter=org.apache.tools.ant.taskdefs.optional.junit.OutErrSummaryJUnitResultFormatter showoutput=true outputtoformatters=true logfailedtests=true threadid=0 logtestlistenerevents=false formatter=org.apache.tools.ant.taskdefs.optional.junit.XMLJUnitResultFormatter,/home/travis/build/icyphy/ptII/reports/junit/TEST-ptolemy.domains.de.test.junit.JUnitTclTest.xml crashfile=/home/travis/build/icyphy/ptII/junitvmwatcher3245076731052826496.properties propsfile=/home/travis/build/icyphy/ptII/junit9793946502977872959.properties" />
    <property name="env.COMPOSER_NO_INTERACTION" value="1" />
    <property name="env.MANPATH" value="/home/travis/.nvm/versions/node/v7.10.1/share/man:/home/travis/.rvm/rubies/ruby-2.5.3/share/man:/usr/local/cmake-3.12.4/man:/usr/local/clang-7.0.0/share/man:/usr/local/man:/usr/local/share/man:/usr/share/man:/home/travis/.rvm/man" />
    <property name="env.TRAVIS_TIMER_ID" value="0b1b533b" />
    <property name="ant.file" value="/home/travis/build/icyphy/ptII/build.xml" />
    <property name="env.TRAVIS_COMMIT_RANGE" value="4bb401de3d99...53805d6ca7ec" />
    <property name="env._system_name" value="Ubuntu" />
    <property name="ptII.classpath.optional.property" value="/home/travis/build/icyphy/ptII/lib/bsh-2.0b4.jar:/home/travis/build/icyphy/ptII/lib/ptCal.jar:/home/travis/build/icyphy/ptII/lib/java_cup.jar:/home/travis/build/icyphy/ptII/lib/saxon8.jar:/home/travis/build/icyphy/ptII/lib/saxon8-dom.jar:/home/travis/build/icyphy/ptII/lib/chic.jar:/home/travis/build/icyphy/ptII/lib/ptcolt.jar:/home/travis/build/icyphy/ptII/vendors/misc/itext/iText.jar:/home/travis/build/icyphy/ptII/lib/g4ltl.jar:/home/travis/build/icyphy/ptII/lib/StructuralCoder.jar:/home/travis/build/icyphy/ptII/vendors/jai-1_1_2_01/lib/jai_core.jar:/home/travis/build/icyphy/ptII/vendors/jai-1_1_2_01/lib/jai_codec.jar:/home/travis/build/icyphy/ptII/lib/jcerti.jar:/home/travis/build/icyphy/ptII/lib/javax.mail.jar:/home/travis/build/icyphy/ptII/vendors/JMF-2.1.1e/lib/jmf.jar:/home/travis/build/icyphy/ptII/lib/jna-4.0.0-variadic.jar:/home/travis/build/icyphy/ptII/vendors/misc/joystick/Joystick.jar:/home/travis/build/icyphy/ptII/lib/ptjacl.jar:/home/travis/build/icyphy/ptII/lib/jsoup-1.8.2.jar:/home/travis/build/icyphy/ptII/lib/junit-4.8.2.jar:/home/travis/build/icyphy/ptII/lib/JUnitParams-0.4.0.jar:/home/travis/build/icyphy/ptII/ptolemy/actor/lib/excel/jxl.jar:/home/travis/build/icyphy/ptII/lib/jython.jar:/home/travis/build/icyphy/ptII/lib/kieler.jar:/home/travis/build/icyphy/ptII/vendors/opencv/share/OpenCV/java/opencv-341.jar:/home/travis/build/icyphy/ptII/lib/oscP5.jar:/home/travis/build/icyphy/ptII/lib/nrjavaserial-3.11.0.devel.jar:/home/travis/build/icyphy/ptII/vendors/j3d/lib/j3dcore.jar:/home/travis/build/icyphy/ptII/vendors/j3d/lib/j3dutils.jar:/home/travis/build/icyphy/ptII/vendors/j3d/lib/vecmath.jar:/home/travis/build/icyphy/ptII/ptolemy/distributed/jini/jar/jini-core.jar:/home/travis/build/icyphy/ptII/ptolemy/distributed/jini/jar/jini-ext.jar:/home/travis/build/icyphy/ptII/ptolemy/distributed/jini/jar/sun-util.jar:/home/travis/build/icyphy/ptII/lib/protobuf-java-2.4.1.jar:/home/travis/build/icyphy/ptII/lib/org.eclipse.paho.client.mqttv3.jar:/home/travis/build/icyphy/ptII/lib/mapss.jar:/home/travis/build/icyphy/ptII/ptolemy/actor/ptalon/antlr/antlr.jar:/home/travis/build/icyphy/ptII/lib/JRI.jar:/home/travis/build/icyphy/ptII/lib/commons-lang-2.6.jar:/home/travis/build/icyphy/ptII/lib/commons-logging-1.1.1.jar:/home/travis/build/icyphy/ptII/lib/sootclasses.jar:/home/travis/build/icyphy/ptII/ptolemy/actor/lib/database/mysql-connector-java-5.1.6-bin.jar:/home/travis/build/icyphy/ptII/vendors/misc/sphinx4/sphinx4-data-5prealpha.jar:/home/travis/build/icyphy/ptII/vendors/misc/sphinx4/sphinx4-core-5prealpha.jar:/home/travis/build/icyphy/ptII/lib/PDFRenderer.jar:/home/travis/build/icyphy/ptII/lib/svgSalamander.jar:/home/travis/build/icyphy/ptII/lib/rsyntaxtextarea-2.6.0-SNAPSHOT.jar:/home/travis/build/icyphy/ptII/lib/hazelcast-3.8.2.jar:/home/travis/build/icyphy/ptII/lib/jackson-annotations-2.9.0.jar:/home/travis/build/icyphy/ptII/lib/jackson-core-2.9.3.jar:/home/travis/build/icyphy/ptII/lib/jackson-databind-2.9.3.jar:/home/travis/build/icyphy/ptII/lib/netty-buffer-4.1.19.Final.jar:/home/travis/build/icyphy/ptII/lib/netty-codec-4.1.19.Final.jar:/home/travis/build/icyphy/ptII/lib/netty-codec-dns-4.1.19.Final.jar:/home/travis/build/icyphy/ptII/lib/netty-codec-http-4.1.19.Final.jar:/home/travis/build/icyphy/ptII/lib/netty-codec-http2-4.1.19.Final.jar:/home/travis/build/icyphy/ptII/lib/netty-common-4.1.19.Final.jar:/home/travis/build/icyphy/ptII/lib/netty-handler-4.1.19.Final.jar:/home/travis/build/icyphy/ptII/lib/netty-resolver-4.1.19.Final.jar:/home/travis/build/icyphy/ptII/lib/netty-resolver-dns-4.1.19.Final.jar:/home/travis/build/icyphy/ptII/lib/netty-transport-4.1.19.Final.jar:/home/travis/build/icyphy/ptII/lib/vertx-codegen-3.5.1.jar:/home/travis/build/icyphy/ptII/lib/vertx-core-3.5.2-SNAPSHOT.jar:/home/travis/build/icyphy/ptII/lib/vertx-hazelcast-3.5.1.jar:/home/travis/build/icyphy/ptII/lib/vertx-lang-js-3.5.1.jar:/home/travis/build/icyphy/ptII/lib/vertx-service-proxy-3.5.1.jar:/home/travis/build/icyphy/ptII/lib/vertx-web-3.5.1.jar:/home/travis/build/icyphy/ptII/lib/slf4j-api-1.7.13.jar:/home/travis/build/icyphy/ptII/lib/slf4j-simple-1.7.13.jar:/home/travis/build/icyphy/ptII/lib/webcam-capture-0.3.12.jar:/home/travis/build/icyphy/ptII/lib/bridj-0.7.0.jar:/home/travis/build/icyphy/ptII/lib/xbjlib-1.1.0.nrjavaserial.jar" />
    <property name="timeout" value="2400000" />
    <property name="test.batch" value="**/junit/*.java" />
    <property name="env._" value="/usr/bin/timeout" />
    <property name="java.io.tmpdir" value="/tmp" />
    <property name="user.language" value="en" />
    <property name="env.TRAVIS_INTERNAL_RUBY_REGEX" value="^ruby-(2\.[0-4]\.[0-9]|1\.9\.3)" />
    <property name="env.HISTCONTROL" value="ignoredups:ignorespace" />
    <property name="env.GOROOT" value="/home/travis/.gimme/versions/go1.11.1.linux.amd64" />
    <property name="line.separator" value="&#xa;" />
    <property name="target" value="11" />
    <property name="env.TRAVIS_BUILD_DIR" value="/home/travis/build/icyphy/ptII" />
    <property name="env.ANT_OPTS" value="-Xmx2048m" />
    <property name="ant.file.type" value="file" />
    <property name="ptolemy.ptII.batchMode" value="true" />
    <property name="env.HISTSIZE" value="1000" />
    <property name="env.MERB_ENV" value="test" />
    <property name="java.vm.info" value="mixed mode" />
    <property name="source" value="11" />
    <property name="java.vm.specification.name" value="Java Virtual Machine Specification" />
    <property name="env.TRAVIS_TEST_RESULT" value="0" />
    <property name="jsdoc.command" value="node_modules/@terraswarm/jsdoc/jsdoc.js" />
    <property name="npm.works" value="true" />
    <property name="cobertura.dir" value="/home/travis/build/icyphy/ptII/vendors/cobertura-2.0.3" />
    <property name="jsdoc.command.exists" value="true" />
    <property name="env.rvm_path" value="/home/travis/.rvm" />
    <property name="env.GEM_PATH" value="/home/travis/.rvm/gems/ruby-2.5.3:/home/travis/.rvm/gems/ruby-2.5.3@global" />
    <property name="env.LC_CTYPE" value="en_US.UTF-8" />
    <property name="env.TRAVIS_CMD" value="$PTII/bin/ptIITravisBuild.sh $SECONDS" />
    <property name="java.awt.printerjob" value="sun.print.PSPrinterJob" />
    <property name="env.TRAVIS_STACK_NAME" value="sardonyx" />
    <property name="env.TRAVIS_TIMER_START_TIME" value="1562910348335949466" />
    <property name="ant.version" value="Apache Ant(TM) version 1.10.1 compiled on February 2 2017" />
    <property name="ptII.reports" value="/home/travis/build/icyphy/ptII/reports" />
    <property name="env.TRAVIS_STACK_TIMESTAMP" value="2019-03-25 16:16:56 UTC" />
    <property name="ant.file.type.ptII" value="file" />
    <property name="env.RBENV_SHELL" value="bash" />
    <property name="os.name" value="Linux" />
    <property name="java.specification.vendor" value="Oracle Corporation" />
    <property name="env.rvm_version" value="1.29.7 (latest)" />
    <property name="env.TRAVIS_INFRA" value="unknown" />
    <property name="env.TERM" value="xterm" />
    <property name="java.vm.name" value="OpenJDK 64-Bit Server VM" />
    <property name="env.TRAVIS_BUILD_NUMBER" value="1225" />
    <property name="env.CI" value="true" />
    <property name="java.library.path" value="/home/travis/pthla/certi-tools/lib:/usr/lib/jni:/usr/local/share/OpenCV/java/:/usr/share/OpenCV/java::/usr/java/packages/lib:/usr/lib64:/lib64:/lib:/usr/lib" />
    <property name="env.rvm_prefix" value="/home/travis" />
    <property name="env.PATH" value="/home/travis/pthla/certi-tools/share/scripts:/home/travis/.rvm/gems/ruby-2.5.3/bin:/home/travis/.rvm/gems/ruby-2.5.3@global/bin:/home/travis/.rvm/rubies/ruby-2.5.3/bin:/home/travis/.rvm/bin:/home/travis/.nvm/versions/node/v7.10.1/bin:./node_modules/.bin:/home/travis/build/icyphy/ptII/bin:/home/travis/pthla/certi-tools/bin:/home/travis/bin:/home/travis/.local/bin:/usr/local/lib/jvm/openjdk11/bin:/opt/pyenv/shims:/home/travis/.phpenv/shims:/home/travis/perl5/perlbrew/bin:/home/travis/gopath/bin:/home/travis/.gimme/versions/go1.11.1.linux.amd64/bin:/usr/local/maven-3.6.0/bin:/usr/local/cmake-3.12.4/bin:/usr/local/clang-7.0.0/bin:/usr/local/sbin:/usr/local/bin:/usr/sbin:/usr/bin:/sbin:/bin:/snap/bin:/home/travis/.phpenv/bin:/opt/pyenv/bin:/home/travis/.yarn/bin" />
    <property name="env.TRAVIS_OS_NAME" value="linux" />
    <property name="ant.java.version" value="9" />
    <property name="basedir" value="/home/travis/build/icyphy/ptII" />
    <property name="java.class.version" value="55.0" />
    <property name="env.SHLVL" value="3" />
    <property name="env.LD_LIBRARY_PATH" value="/home/travis/pthla/certi-tools/lib:/usr/lib/jni:/usr/local/share/OpenCV/java/:/usr/share/OpenCV/java:" />
    <property name="env.RACK_ENV" value="test" />
    <property name="ant.home" value="/home/travis/build/icyphy/ptII/ant" />
    <property name="env.NVM_DIR" value="/home/travis/.nvm" />
    <property name="env.CERTI_FOM_PATH" value="/home/travis/pthla/certi-tools/share/federations" />
    <property name="env.TRAVIS_BUILD_ID" value="557670489" />
    <property name="env.PYENV_ROOT" value="/opt/pyenv" />
    <property name="env.TRAVIS_UID" value="2000" />
    <property name="prism.verbose" value="true" />
    <property name="env.NVM_BIN" value="/home/travis/.nvm/versions/node/v7.10.1/bin" />
    <property name="env.TRAVIS_COMMIT" value="53805d6ca7ec75fa18bfa51bfcf5005170db6611" />
    <property name="env._system_arch" value="x86_64" />
    <property name="node.executable" value="node" />
    <property name="sun.boot.library.path" value="/usr/local/lib/jvm/openjdk11/lib" />
    <property name="sun.management.compiler" value="HotSpot 64-Bit Tiered Compilers" />
    <property name="java.awt.graphicsenv" value="sun.awt.X11GraphicsEnvironment" />
    <property name="env.GOPATH" value="/home/travis/gopath" />
    <property name="ptolemy.ptII.dir" value="/home/travis/build/icyphy/ptII" />
    <property name="env.USER" value="travis" />
    <property name="env.HISTFILESIZE" value="2000" />
    <property name="timeout.longest" value="19000000" />
    <property name="env.PERLBREW_SHELLRC_VERSION" value="0.86" />
    <property name="env.TRAVIS_STACK_FEATURES" value="basic couchdb disabled-ipv6 docker docker-compose elasticsearch firefox go-toolchain google-chrome jdk memcached mongodb mysql nodejs_interpreter perl_interpreter perlbrew phantomjs postgresql python_interpreter redis ruby_interpreter sqlite xserver" />
    <property name="env.TRAVIS_PULL_REQUEST" value="false" />
    <property name="env.PYENV_SHELL" value="bash" />
    <property name="ant.project.name" value="ptII" />
    <property name="env.ANSI_RESET" value="\033[0m" />
    <property name="java.vm.specification.version" value="11" />
    <property name="env.TRAVIS_DIST" value="xenial" />
    <property name="env.CERTI_VERSION" value="4.0.0" />
    <property name="env.CERTI_HOST" value="localhost" />
    <property name="awt.toolkit" value="sun.awt.X11.XToolkit" />
    <property name="env.MY_RUBY_HOME" value="/home/travis/.rvm/rubies/ruby-2.5.3" />
    <property name="sun.cpu.isalist" value="" />
    <property name="env.TRAVIS_TMPDIR" value="/tmp/tmp.mOTnrI9xvh" />
    <property name="java.vm.compressedOopsMode" value="Zero based" />
    <property name="os.version" value="4.15.0-1028-gcp" />
    <property name="user.home" value="/home/travis" />
    <property name="java.vm.vendor" value="Oracle Corporation" />
    <property name="env.TRAVIS_TAG" value="nightly" />
    <property name="env.ANSI_YELLOW" value="\033[33;1m" />
    <property name="env.TRAVIS_FILTERED" value="redirect_io" />
    <property name="env.ANSI_GREEN" value="\033[32;1m" />
    <property name="env.JAVA_HOME" value="/usr/local/lib/jvm/openjdk11" />
    <property name="javadoc.excludepackagenames" value="adm.cvs2svn.*,build.*,config.*,doc.coding.templates.*,jni.test.jni.meaningOfLife.*,jni.test.jni.testDeux.*,jni.test.jni.testTrois.*,org.terraswarm.accessor.accessors.web.node_modules.*,org.terraswarm.accessor.accessors.web.hosts.cordova.demo.*,org.terraswarm.accessor.accessors.web.hosts.cordova.plugins.*,org.terraswarm.accessor.accessors-svn.*,pt-modules.*,ptolemy.apps.agilent.*,ptolemy.apps.anytimecontrol.*,ptolemy.apps.apes.*,ptolemy.apps.charon.*,ptolemy.apps.crazyboard.*,ptolemy.apps.eclipse.*,ptolemy.apps.etherealSting.*,ptolemy.apps.fullscreen.*,ptolemy.apps.giotto.*,ptolemy.apps.ia.*,ptolemy.apps.interfaces.*,ptolemy.apps.jmf.*,ptolemy.apps.kurt.*,ptolemy.apps.kvm.*,ptolemy.apps.lego.*,ptolemy.apps.lejos.*,ptolemy.apps.midp.*,ptolemy.apps.mobileCoding.*,ptolemy.apps.pendulum.*,ptolemy.apps.rijndael.*,ptolemy.apps.robot.*,ptolemy.apps.security.*,ptolemy.apps.sobel.*,ptolemy.apps.soot.*,ptolemy.apps.throttle.*,ptolemy.apps.tini.*,ptolemy.apps.transmission.*,ptolemy.apps.vergil.*,ptolemy.apps.waba.*,ptolemy.apps.websensor.*,ptolemy.apps.webstart.*,ptolemy.apps.xsl.*,ptolemy.apps.zaurus.*,ptolemy.codegen.c.actor.lib.oldJavaFiles.*,ptolemy.codegen.dsp.lib.*,ptolemy.codegen.kernel.newInterfaces.*,ptolemy.codegen.lib.*,ptolemy.copernicus.kernel.fragment.*,ptolemy.copernicus.shallow.cg.*,ptolemy.domains.giotto.demo.Hierarchy.Hierarchy.*,ptolemy.domains.giotto.demo.Multimode.Multimode.*,ptolemy.domains.giotto.demo.Simple.Simple.*,ptolemy.domains.gr.lib.experimental.*,ptolemy.domains.gro.*,ptolemy.domains.pdf.*,ptolemy.domains.ptinyos.demo.Surge.output.*,ptolemy.moml.test.NoPackageActor.java*,ptolemy.plot.adm.*,ptolemy.plot.servlet.*,reports.*,signed.*,src.*,target.*,vendors.*,ptolemy.copernicus.applet.*,ptolemy.media.viewer.*,ptolemy.actor.corba.*,doc.doclets.*,ptolemy.apps.eclipse.awt.*,ptolemy.backtrack.*,ptolemy.backtrack.ast.*,ptolemy.cg.adapter.generic.program.procedural.c.mbed*,ptolemy.homer.*,org.ptolemy.scala.*,diva.util.java2d.svg.*,ptolemy.domains.ptinyos.*,ptolemy.actor.lib.fmi.fmipp.*,,org.terraswarm.accessor.accessors.web.node_modules.*,org.terraswarm.accessor.accessors-svn,ptolemy.apps.*,ptolemy.actor.ptalon.demo.ptinyos.SendAndReceiveCnt.output,ptolemy.actor.ptalon.demo.ptinyos.SenseToLeds.output,ptolemy.domains.ptinyos.demo.CntToLedsAndRfm.output,ptolemy.domains.ptinyos.demo.RfmToLeds.output,ptolemy.domains.ptinyos.demo.SendAndReceiveCnt.output,ptolemy.domains.ptinyos.demo.SenseToLeds.output,ptolemy.actor.lib.jjs.modules.udpSocket.*" />
    <property name="env.PTII" value="/home/travis/build/icyphy/ptII" />
    <property name="env.XDG_SESSION_ID" value="2" />
    <property name="keystore" value="ptKeystore" />
    <property name="env.TRAVIS_COMMIT_MESSAGE" value="configure.in changed." />
    <property name="junit.output.dir" value="/home/travis/build/icyphy/ptII/reports/junit" />
    <property name="npm.return.code" value="0" />
    <property name="user.dir" value="/home/travis/build/icyphy/ptII/ptolemy/domains/de/test" />
    <property name="env.TRAVIS_NODE_VERSION" value="7" />
    <property name="env.TRAVIS_EVENT_TYPE" value="push" />
    <property name="env.MAIL" value="/var/mail/travis" />
    <property name="env.PERLBREW_ROOT" value="/home/travis/perl5/perlbrew" />
    <property name="env.PWD" value="/home/travis/build/icyphy/ptII" />
    <property name="timeout.npm" value="45000" />
    <property name="env.PT_TRAVIS_TEST_CORE2_XML" value="true" />
    <property name="env.TRAVIS_ARCH" value="amd64" />
    <property name="sun.cpu.endian" value="little" />
    <property name="env.PAGER" value="cat" />
    <property name="env.TRAVIS_BUILD_STAGE_NAME" value="Test" />
    <property name="env.PERLBREW_HOME" value="/home/travis/.perlbrew" />
    <property name="java.vm.version" value="11.0.2+9" />
    <property name="env.RAILS_ENV" value="test" />
    <property name="java.class.path" value="/home/travis/build/icyphy/ptII:/home/travis/build/icyphy/ptII/lib/bsh-2.0b4.jar:/home/travis/build/icyphy/ptII/lib/ptCal.jar:/home/travis/build/icyphy/ptII/lib/java_cup.jar:/home/travis/build/icyphy/ptII/lib/saxon8.jar:/home/travis/build/icyphy/ptII/lib/saxon8-dom.jar:/home/travis/build/icyphy/ptII/lib/chic.jar:/home/travis/build/icyphy/ptII/lib/ptcolt.jar:/home/travis/build/icyphy/ptII/vendors/misc/itext/iText.jar:/home/travis/build/icyphy/ptII/lib/g4ltl.jar:/home/travis/build/icyphy/ptII/lib/StructuralCoder.jar:/home/travis/build/icyphy/ptII/vendors/jai-1_1_2_01/lib/jai_core.jar:/home/travis/build/icyphy/ptII/vendors/jai-1_1_2_01/lib/jai_codec.jar:/home/travis/build/icyphy/ptII/lib/jcerti.jar:/home/travis/build/icyphy/ptII/lib/javax.mail.jar:/home/travis/build/icyphy/ptII/vendors/JMF-2.1.1e/lib/jmf.jar:/home/travis/build/icyphy/ptII/lib/jna-4.0.0-variadic.jar:/home/travis/build/icyphy/ptII/vendors/misc/joystick/Joystick.jar:/home/travis/build/icyphy/ptII/lib/ptjacl.jar:/home/travis/build/icyphy/ptII/lib/jsoup-1.8.2.jar:/home/travis/build/icyphy/ptII/lib/junit-4.8.2.jar:/home/travis/build/icyphy/ptII/lib/JUnitParams-0.4.0.jar:/home/travis/build/icyphy/ptII/ptolemy/actor/lib/excel/jxl.jar:/home/travis/build/icyphy/ptII/lib/jython.jar:/home/travis/build/icyphy/ptII/lib/kieler.jar:/home/travis/build/icyphy/ptII/vendors/opencv/share/OpenCV/java/opencv-341.jar:/home/travis/build/icyphy/ptII/lib/oscP5.jar:/home/travis/build/icyphy/ptII/lib/nrjavaserial-3.11.0.devel.jar:/home/travis/build/icyphy/ptII/vendors/j3d/lib/j3dcore.jar:/home/travis/build/icyphy/ptII/vendors/j3d/lib/j3dutils.jar:/home/travis/build/icyphy/ptII/vendors/j3d/lib/vecmath.jar:/home/travis/build/icyphy/ptII/ptolemy/distributed/jini/jar/jini-core.jar:/home/travis/build/icyphy/ptII/ptolemy/distributed/jini/jar/jini-ext.jar:/home/travis/build/icyphy/ptII/ptolemy/distributed/jini/jar/sun-util.jar:/home/travis/build/icyphy/ptII/lib/protobuf-java-2.4.1.jar:/home/travis/build/icyphy/ptII/lib/org.eclipse.paho.client.mqttv3.jar:/home/travis/build/icyphy/ptII/lib/mapss.jar:/home/travis/build/icyphy/ptII/ptolemy/actor/ptalon/antlr/antlr.jar:/home/travis/build/icyphy/ptII/lib/JRI.jar:/home/travis/build/icyphy/ptII/lib/commons-lang-2.6.jar:/home/travis/build/icyphy/ptII/lib/commons-logging-1.1.1.jar:/home/travis/build/icyphy/ptII/lib/sootclasses.jar:/home/travis/build/icyphy/ptII/ptolemy/actor/lib/database/mysql-connector-java-5.1.6-bin.jar:/home/travis/build/icyphy/ptII/vendors/misc/sphinx4/sphinx4-data-5prealpha.jar:/home/travis/build/icyphy/ptII/vendors/misc/sphinx4/sphinx4-core-5prealpha.jar:/home/travis/build/icyphy/ptII/lib/PDFRenderer.jar:/home/travis/build/icyphy/ptII/lib/svgSalamander.jar:/home/travis/build/icyphy/ptII/lib/rsyntaxtextarea-2.6.0-SNAPSHOT.jar:/home/travis/build/icyphy/ptII/lib/hazelcast-3.8.2.jar:/home/travis/build/icyphy/ptII/lib/jackson-annotations-2.9.0.jar:/home/travis/build/icyphy/ptII/lib/jackson-core-2.9.3.jar:/home/travis/build/icyphy/ptII/lib/jackson-databind-2.9.3.jar:/home/travis/build/icyphy/ptII/lib/netty-buffer-4.1.19.Final.jar:/home/travis/build/icyphy/ptII/lib/netty-codec-4.1.19.Final.jar:/home/travis/build/icyphy/ptII/lib/netty-codec-dns-4.1.19.Final.jar:/home/travis/build/icyphy/ptII/lib/netty-codec-http-4.1.19.Final.jar:/home/travis/build/icyphy/ptII/lib/netty-codec-http2-4.1.19.Final.jar:/home/travis/build/icyphy/ptII/lib/netty-common-4.1.19.Final.jar:/home/travis/build/icyphy/ptII/lib/netty-handler-4.1.19.Final.jar:/home/travis/build/icyphy/ptII/lib/netty-resolver-4.1.19.Final.jar:/home/travis/build/icyphy/ptII/lib/netty-resolver-dns-4.1.19.Final.jar:/home/travis/build/icyphy/ptII/lib/netty-transport-4.1.19.Final.jar:/home/travis/build/icyphy/ptII/lib/vertx-codegen-3.5.1.jar:/home/travis/build/icyphy/ptII/lib/vertx-core-3.5.2-SNAPSHOT.jar:/home/travis/build/icyphy/ptII/lib/vertx-hazelcast-3.5.1.jar:/home/travis/build/icyphy/ptII/lib/vertx-lang-js-3.5.1.jar:/home/travis/build/icyphy/ptII/lib/vertx-service-proxy-3.5.1.jar:/home/travis/build/icyphy/ptII/lib/vertx-web-3.5.1.jar:/home/travis/build/icyphy/ptII/lib/slf4j-api-1.7.13.jar:/home/travis/build/icyphy/ptII/lib/slf4j-simple-1.7.13.jar:/home/travis/build/icyphy/ptII/lib/webcam-capture-0.3.12.jar:/home/travis/build/icyphy/ptII/lib/bridj-0.7.0.jar:/home/travis/build/icyphy/ptII/lib/xbjlib-1.1.0.nrjavaserial.jar:/home/travis/build/icyphy/ptII/ptolemy/moml/test:/home/travis/build/icyphy/ptII/ant/lib/ant-launcher.jar:/home/travis/build/icyphy/ptII/ant/lib/ant.jar:/home/travis/build/icyphy/ptII/ant/lib/ant-junit.jar:/home/travis/build/icyphy/ptII/ant/lib/ant-junit4.jar" />
    <property name="ant.library.dir" value="/home/travis/build/icyphy/ptII/ant/lib" />
    <property name="os.arch" value="amd64" />
    <property name="env.CONTINUOUS_INTEGRATION" value="true" />
    <property name="env.TRAVIS_LANGUAGE" value="node_js" />
    <property name="env.TRAVIS_STACK_LANGUAGES" value="__sardonyx__ c c++ clojure cplusplus cpp default generic go groovy java node_js php pure_java python ruby scala" />
    <property name="test.name" value="ptolemy.actor.lib.test.junit.JUnitTclTest" />
    <property name="env.APT_KEY_DONT_WARN_ON_DANGEROUS_USAGE" value="1" />
    <property name="sun.java.launcher" value="SUN_STANDARD" />
    <property name="env.PYTHON_CONFIGURE_OPTS" value="--enable-unicode=ucs4 --with-wide-unicode --enable-shared --enable-ipv6 --enable-loadable-sqlite-extensions --with-computed-gotos" />
    <property name="ant.core.lib" value="/home/travis/build/icyphy/ptII/ant/lib/ant.jar" />
    <property name="java.vm.specification.vendor" value="Oracle Corporation" />
    <property name="env.BCVTB_HOME" value="/home/travis/build/icyphy/ptII/lbnl" />
    <property name="file.separator" value="/" />
    <property name="spotbugs.home" value="/home/travis/build/icyphy/ptII/vendors/spotbugs-3.1.1" />
    <property name="java.runtime.version" value="11.0.2+9" />
    <property name="javafx.verbose" value="true" />
    <property name="env.ANSI_CLEAR" value="\033[0K" />
    <property name="env.HAS_JOSH_K_SEAL_OF_APPROVAL" value="true" />
    <property name="env.XDG_RUNTIME_DIR" value="/run/user/2000" />
    <property name="env.TRAVIS_OSX_IMAGE" value="" />
    <property name="env.TRAVIS_JOB_ID" value="557670498" />
    <property name="env.TRAVIS_BRANCH" value="master" />
    <property name="user.country" value="US" />
    <property name="env.CERTI_HOME_TRAVIS" value="/home/travis/pthla/certi-tools" />
    <property name="env.SHELL" value="/bin/bash" />
    <property name="java.maxmemory.large" value="5000m" />
    <property name="model" value="" />
    <property name="env.CASHER_DIR" value="/home/travis/.casher" />
    <property name="env.NVM_CD_FLAGS" value="" />
    <property name="java.vendor.version" value="18.9" />
    <property name="jshint.executable" value="/home/travis/node_modules/jshint/bin/jshint" />
    <property name="env.JRUBY_OPTS" value=" --client -J-XX:+TieredCompilation -J-XX:TieredStopAtLevel=1 -J-Xss2m -Xcompile.invokedynamic=false" />
    <property name="java.vendor" value="Oracle Corporation" />
    <property name="env.TRAVIS_PRE_CHEF_BOOTSTRAP_TIME" value="2019-03-25T16:16:42" />
    <property name="env.TRAVIS_STACK_JOB_BOARD_REGISTER" value="/.job-board-register.yml" />
    <property name="env.ANSI_RED" value="\033[31;1m" />
    <property name="java.specification.version" value="11" />
    <property name="env.IRBRC" value="/home/travis/.rvm/rubies/ruby-2.5.3/.irbrc" />
    <property name="env.TRAVIS" value="true" />
    <property name="sun.arch.data.model" value="64" />
  </properties>
  <testcase classname="ptolemy.util.test.junit.TclTests" name="[0] /home/travis/build/icyphy/ptII/ptolemy/domains/de/test/DependencyLoop.tcl (RunTclFile)" time="1.087" />
  <testcase classname="ptolemy.util.test.junit.TclTests" name="[1] /home/travis/build/icyphy/ptII/ptolemy/domains/de/test/RunDETestsAsQSS.tcl (RunTclFile)" time="99.698" />
  <testcase classname="ptolemy.util.test.junit.AutoKnownFailedTests" name="[0] /home/travis/build/icyphy/ptII/ptolemy/domains/de/test/auto/knownFailedTests/DESDFClockTest.xml (RunModel)" time="2.032" />
  <testcase classname="ptolemy.util.test.junit.AutoKnownFailedTests" name="[1] /home/travis/build/icyphy/ptII/ptolemy/domains/de/test/auto/knownFailedTests/DirectFeedback.xml (RunModel)" time="0.013" />
  <testcase classname="ptolemy.util.test.junit.AutoKnownFailedTests" name="[2] /home/travis/build/icyphy/ptII/ptolemy/domains/de/test/auto/knownFailedTests/FSMSource.xml (RunModel)" time="0.017" />
  <testcase classname="ptolemy.util.test.junit.AutoKnownFailedTests" name="[3] /home/travis/build/icyphy/ptII/ptolemy/domains/de/test/auto/knownFailedTests/HierarchicalModel.xml (RunModel)" time="0.037" />
  <testcase classname="ptolemy.util.test.junit.AutoKnownFailedTests" name="[4] /home/travis/build/icyphy/ptII/ptolemy/domains/de/test/auto/knownFailedTests/dependencyLoop.xml (RunModel)" time="0.036" />
  <testcase classname="ptolemy.util.test.junit.AutoKnownFailedTests" name="[5] /home/travis/build/icyphy/ptII/ptolemy/domains/de/test/auto/knownFailedTests/dependencyLoop2.xml (RunModel)" time="0.032" />
  <testcase classname="ptolemy.util.test.junit.AutoNameArchTests" name="[0] ThereAreNoAutoArchTests (RunModel)" time="0.004" />
  <testcase classname="ptolemy.util.test.junit.AutoTests" name="[0] /home/travis/build/icyphy/ptII/ptolemy/domains/de/test/auto/ActorDepthCalculation_actorWithoutPorts.xml (RunModel)" time="0.021" />
  <testcase classname="ptolemy.util.test.junit.AutoTests" name="[1] /home/travis/build/icyphy/ptII/ptolemy/domains/de/test/auto/AssemblyLine.xml (RunModel)" time="0.02" />
  <testcase classname="ptolemy.util.test.junit.AutoTests" name="[2] /home/travis/build/icyphy/ptII/ptolemy/domains/de/test/auto/CQBug1.xml (RunModel)" time="0.013" />
  <testcase classname="ptolemy.util.test.junit.AutoTests" name="[3] /home/travis/build/icyphy/ptII/ptolemy/domains/de/test/auto/CancelFireAt.xml (RunModel)" time="0.014" />
  <testcase classname="ptolemy.util.test.junit.AutoTests" name="[4] /home/travis/build/icyphy/ptII/ptolemy/domains/de/test/auto/CausalityAndComposabilityAnalysis.xml (RunModel)" time="0.022" />
  <testcase classname="ptolemy.util.test.junit.AutoTests" name="[5] /home/travis/build/icyphy/ptII/ptolemy/domains/de/test/auto/CausalityInterface1.xml (RunModel)" time="0.013" />
  <testcase classname="ptolemy.util.test.junit.AutoTests" name="[6] /home/travis/build/icyphy/ptII/ptolemy/domains/de/test/auto/CausalityInterface15.xml (RunModel)" time="0.013" />
  <testcase classname="ptolemy.util.test.junit.AutoTests" name="[7] /home/travis/build/icyphy/ptII/ptolemy/domains/de/test/auto/CausalityInterface2.xml (RunModel)" time="0.011" />
  <testcase classname="ptolemy.util.test.junit.AutoTests" name="[8] /home/travis/build/icyphy/ptII/ptolemy/domains/de/test/auto/CausalityInterface3.xml (RunModel)" time="0.009" />
  <testcase classname="ptolemy.util.test.junit.AutoTests" name="[9] /home/travis/build/icyphy/ptII/ptolemy/domains/de/test/auto/ClockDrift.xml (RunModel)" time="0.03" />
  <testcase classname="ptolemy.util.test.junit.AutoTests" name="[10] /home/travis/build/icyphy/ptII/ptolemy/domains/de/test/auto/ClockDriftAndValueChange.xml (RunModel)" time="0.027" />
  <testcase classname="ptolemy.util.test.junit.AutoTests" name="[11] /home/travis/build/icyphy/ptII/ptolemy/domains/de/test/auto/ClockDriftChange.xml (RunModel)" time="0.026" />
  <testcase classname="ptolemy.util.test.junit.AutoTests" name="[12] /home/travis/build/icyphy/ptII/ptolemy/domains/de/test/auto/ComposableCausalityAnalysis.xml (RunModel)" time="0.018" />
  <testcase classname="ptolemy.util.test.junit.AutoTests" name="[13] /home/travis/build/icyphy/ptII/ptolemy/domains/de/test/auto/DEFixedPointLimitation.xml (RunModel)" time="0.007" />
  <testcase classname="ptolemy.util.test.junit.AutoTests" name="[14] /home/travis/build/icyphy/ptII/ptolemy/domains/de/test/auto/DEScheduleTest.xml (RunModel)" time="0.01" />
  <testcase classname="ptolemy.util.test.junit.AutoTests" name="[15] /home/travis/build/icyphy/ptII/ptolemy/domains/de/test/auto/DEinDEwithStartTimes.xml (RunModel)" time="0.013" />
  <testcase classname="ptolemy.util.test.junit.AutoTests" name="[16] /home/travis/build/icyphy/ptII/ptolemy/domains/de/test/auto/DEinDEwithStartTimes2.xml (RunModel)" time="0.011" />
  <testcase classname="ptolemy.util.test.junit.AutoTests" name="[17] /home/travis/build/icyphy/ptII/ptolemy/domains/de/test/auto/DateDemo.xml (RunModel)" time="0.031" />
  <testcase classname="ptolemy.util.test.junit.AutoTests" name="[18] /home/travis/build/icyphy/ptII/ptolemy/domains/de/test/auto/DateToEvent.xml (RunModel)" time="2.033" />
  <testcase classname="ptolemy.util.test.junit.AutoTests" name="[19] /home/travis/build/icyphy/ptII/ptolemy/domains/de/test/auto/DepthTest1.xml (RunModel)" time="0.009" />
  <testcase classname="ptolemy.util.test.junit.AutoTests" name="[20] /home/travis/build/icyphy/ptII/ptolemy/domains/de/test/auto/DepthTest2.xml (RunModel)" time="0.018" />
  <testcase classname="ptolemy.util.test.junit.AutoTests" name="[21] /home/travis/build/icyphy/ptII/ptolemy/domains/de/test/auto/DepthTest3.xml (RunModel)" time="0.011" />
  <testcase classname="ptolemy.util.test.junit.AutoTests" name="[22] /home/travis/build/icyphy/ptII/ptolemy/domains/de/test/auto/DepthTest4.xml (RunModel)" time="0.012" />
  <testcase classname="ptolemy.util.test.junit.AutoTests" name="[23] /home/travis/build/icyphy/ptII/ptolemy/domains/de/test/auto/DepthTest5.xml (RunModel)" time="0.015" />
  <testcase classname="ptolemy.util.test.junit.AutoTests" name="[24] /home/travis/build/icyphy/ptII/ptolemy/domains/de/test/auto/DepthTest6.xml (RunModel)" time="0.013" />
  <testcase classname="ptolemy.util.test.junit.AutoTests" name="[25] /home/travis/build/icyphy/ptII/ptolemy/domains/de/test/auto/DepthTest7.xml (RunModel)" time="0.021" />
  <testcase classname="ptolemy.util.test.junit.AutoTests" name="[26] /home/travis/build/icyphy/ptII/ptolemy/domains/de/test/auto/EventToDate.xml (RunModel)" time="3.037" />
  <testcase classname="ptolemy.util.test.junit.AutoTests" name="[27] /home/travis/build/icyphy/ptII/ptolemy/domains/de/test/auto/FSM1.xml (RunModel)" time="0.042" />
  <testcase classname="ptolemy.util.test.junit.AutoTests" name="[28] /home/travis/build/icyphy/ptII/ptolemy/domains/de/test/auto/FSM7.xml (RunModel)" time="0.054" />
  <testcase classname="ptolemy.util.test.junit.AutoTests" name="[29] /home/travis/build/icyphy/ptII/ptolemy/domains/de/test/auto/Inspection.xml (RunModel)" time="0.046" />
  <testcase classname="ptolemy.util.test.junit.AutoTests" name="[30] /home/travis/build/icyphy/ptII/ptolemy/domains/de/test/auto/Iteration.xml (RunModel)" time="0.035" />
  <testcase classname="ptolemy.util.test.junit.AutoTests" name="[31] /home/travis/build/icyphy/ptII/ptolemy/domains/de/test/auto/LineFault.xml (RunModel)" time="0.65" />
  <testcase classname="ptolemy.util.test.junit.AutoTests" name="[32] /home/travis/build/icyphy/ptII/ptolemy/domains/de/test/auto/MergeModel1Add.xml (RunModel)" time="0.061" />
  <testcase classname="ptolemy.util.test.junit.AutoTests" name="[33] /home/travis/build/icyphy/ptII/ptolemy/domains/de/test/auto/MergeModel2Add.xml (RunModel)" time="0.05" />
  <testcase classname="ptolemy.util.test.junit.AutoTests" name="[34] /home/travis/build/icyphy/ptII/ptolemy/domains/de/test/auto/MergeModel3Add.xml (RunModel)" time="0.052" />
  <testcase classname="ptolemy.util.test.junit.AutoTests" name="[35] /home/travis/build/icyphy/ptII/ptolemy/domains/de/test/auto/MergeWithoutDiscard.xml (RunModel)" time="0.011" />
  <testcase classname="ptolemy.util.test.junit.AutoTests" name="[36] /home/travis/build/icyphy/ptII/ptolemy/domains/de/test/auto/Modal1.xml (RunModel)" time="0.03" />
  <testcase classname="ptolemy.util.test.junit.AutoTests" name="[37] /home/travis/build/icyphy/ptII/ptolemy/domains/de/test/auto/Modal2.xml (RunModel)" time="0.031" />
  <testcase classname="ptolemy.util.test.junit.AutoTests" name="[38] /home/travis/build/icyphy/ptII/ptolemy/domains/de/test/auto/Modal3.xml (RunModel)" time="0.03" />
  <testcase classname="ptolemy.util.test.junit.AutoTests" name="[39] /home/travis/build/icyphy/ptII/ptolemy/domains/de/test/auto/Modal4.xml (RunModel)" time="0.039" />
  <testcase classname="ptolemy.util.test.junit.AutoTests" name="[40] /home/travis/build/icyphy/ptII/ptolemy/domains/de/test/auto/Modal5.xml (RunModel)" time="0.033" />
  <testcase classname="ptolemy.util.test.junit.AutoTests" name="[41] /home/travis/build/icyphy/ptII/ptolemy/domains/de/test/auto/Modal6.xml (RunModel)" time="0.039" />
  <testcase classname="ptolemy.util.test.junit.AutoTests" name="[42] /home/travis/build/icyphy/ptII/ptolemy/domains/de/test/auto/Modal7.xml (RunModel)" time="0.027" />
  <testcase classname="ptolemy.util.test.junit.AutoTests" name="[43] /home/travis/build/icyphy/ptII/ptolemy/domains/de/test/auto/ModalModel.xml (RunModel)" time="0.202" />
  <testcase classname="ptolemy.util.test.junit.AutoTests" name="[44] /home/travis/build/icyphy/ptII/ptolemy/domains/de/test/auto/ModalSource.xml (RunModel)" time="0.023" />
  <testcase classname="ptolemy.util.test.junit.AutoTests" name="[45] /home/travis/build/icyphy/ptII/ptolemy/domains/de/test/auto/NonInterruptibleTimerZeroDelay.xml (RunModel)" time="0.016" />
  <testcase classname="ptolemy.util.test.junit.AutoTests" name="[46] /home/travis/build/icyphy/ptII/ptolemy/domains/de/test/auto/OpenQueueingNetwork.xml (RunModel)" time="2.634" />
  <testcase classname="ptolemy.util.test.junit.AutoTests" name="[47] /home/travis/build/icyphy/ptII/ptolemy/domains/de/test/auto/OpenQueuingNetwork.xml (RunModel)" time="0.339" />
  <testcase classname="ptolemy.util.test.junit.AutoTests" name="[48] /home/travis/build/icyphy/ptII/ptolemy/domains/de/test/auto/PeriodicSampler.xml (RunModel)" time="0.011" />
  <testcase classname="ptolemy.util.test.junit.AutoTests" name="[49] /home/travis/build/icyphy/ptII/ptolemy/domains/de/test/auto/PersistentIO.xml (RunModel)" time="0.025" />
  <testcase classname="ptolemy.util.test.junit.AutoTests" name="[50] /home/travis/build/icyphy/ptII/ptolemy/domains/de/test/auto/PortParameterResetOnInitialize.xml (RunModel)" time="0.01" />
  <testcase classname="ptolemy.util.test.junit.AutoTests" name="[51] /home/travis/build/icyphy/ptII/ptolemy/domains/de/test/auto/PortParameterUpdates.xml (RunModel)" time="0.017" />
  <testcase classname="ptolemy.util.test.junit.AutoTests" name="[52] /home/travis/build/icyphy/ptII/ptolemy/domains/de/test/auto/QueueAndServer.xml (RunModel)" time="0.021" />
  <testcase classname="ptolemy.util.test.junit.AutoTests" name="[53] /home/travis/build/icyphy/ptII/ptolemy/domains/de/test/auto/Records.xml (RunModel)" time="0.016" />
  <testcase classname="ptolemy.util.test.junit.AutoTests" name="[54] /home/travis/build/icyphy/ptII/ptolemy/domains/de/test/auto/ResetTransitionWithStartTime1.xml (RunModel)" time="0.02" />
  <testcase classname="ptolemy.util.test.junit.AutoTests" name="[55] /home/travis/build/icyphy/ptII/ptolemy/domains/de/test/auto/ResetTransitionWithStartTime2.xml (RunModel)" time="0.024" />
  <testcase classname="ptolemy.util.test.junit.AutoTests" name="[56] /home/travis/build/icyphy/ptII/ptolemy/domains/de/test/auto/ResetTransitionWithStartTime3.xml (RunModel)" time="0.021" />
  <testcase classname="ptolemy.util.test.junit.AutoTests" name="[57] /home/travis/build/icyphy/ptII/ptolemy/domains/de/test/auto/ResetTransitionWithStartTime4.xml (RunModel)" time="0.026" />
  <testcase classname="ptolemy.util.test.junit.AutoTests" name="[58] /home/travis/build/icyphy/ptII/ptolemy/domains/de/test/auto/ResettableTimer1.xml (RunModel)" time="0.012" />
  <testcase classname="ptolemy.util.test.junit.AutoTests" name="[59] /home/travis/build/icyphy/ptII/ptolemy/domains/de/test/auto/ResettableTimer2.xml (RunModel)" time="0.009" />
  <testcase classname="ptolemy.util.test.junit.AutoTests" name="[60] /home/travis/build/icyphy/ptII/ptolemy/domains/de/test/auto/ResettableTimer3.xml (RunModel)" time="0.009" />
  <testcase classname="ptolemy.util.test.junit.AutoTests" name="[61] /home/travis/build/icyphy/ptII/ptolemy/domains/de/test/auto/ResettableTimer4.xml (RunModel)" time="0.009" />
  <testcase classname="ptolemy.util.test.junit.AutoTests" name="[62] /home/travis/build/icyphy/ptII/ptolemy/domains/de/test/auto/ResettableTimer5.xml (RunModel)" time="0.011" />
  <testcase classname="ptolemy.util.test.junit.AutoTests" name="[63] /home/travis/build/icyphy/ptII/ptolemy/domains/de/test/auto/ResettableTimer6.xml (RunModel)" time="0.021" />
  <testcase classname="ptolemy.util.test.junit.AutoTests" name="[64] /home/travis/build/icyphy/ptII/ptolemy/domains/de/test/auto/ServerZeroDelay.xml (RunModel)" time="0.012" />
  <testcase classname="ptolemy.util.test.junit.AutoTests" name="[65] /home/travis/build/icyphy/ptII/ptolemy/domains/de/test/auto/SmartSender.xml (RunModel)" time="3.008" />
  <testcase classname="ptolemy.util.test.junit.AutoTests" name="[66] /home/travis/build/icyphy/ptII/ptolemy/domains/de/test/auto/ThreadedComposite.xml (RunModel)" time="0.132" />
  <testcase classname="ptolemy.util.test.junit.AutoTests" name="[67] /home/travis/build/icyphy/ptII/ptolemy/domains/de/test/auto/Time.xml (RunModel)" time="0.477" />
  <testcase classname="ptolemy.util.test.junit.AutoTests" name="[68] /home/travis/build/icyphy/ptII/ptolemy/domains/de/test/auto/TimeDelayZeroDelay.xml (RunModel)" time="0.011" />
  <testcase classname="ptolemy.util.test.junit.AutoTests" name="[69] /home/travis/build/icyphy/ptII/ptolemy/domains/de/test/auto/TimerZeroDelay.xml (RunModel)" time="0.012" />
  <testcase classname="ptolemy.util.test.junit.AutoTests" name="[70] /home/travis/build/icyphy/ptII/ptolemy/domains/de/test/auto/TimingParadox.xml (RunModel)" time="0.384" />
  <testcase classname="ptolemy.util.test.junit.AutoTests" name="[71] /home/travis/build/icyphy/ptII/ptolemy/domains/de/test/auto/TransferInputs.xml (RunModel)" time="0.014" />
  <testcase classname="ptolemy.util.test.junit.AutoTests" name="[72] /home/travis/build/icyphy/ptII/ptolemy/domains/de/test/auto/TransferOutputs2.xml (RunModel)" time="0.015" />
  <testcase classname="ptolemy.util.test.junit.AutoTests" name="[73] /home/travis/build/icyphy/ptII/ptolemy/domains/de/test/auto/Trilateration.xml (RunModel)" time="12.505" />
  <testcase classname="ptolemy.util.test.junit.AutoTests" name="[74] /home/travis/build/icyphy/ptII/ptolemy/domains/de/test/auto/TwoSigmaDelta.xml (RunModel)" time="2.365" />
  <testcase classname="ptolemy.util.test.junit.AutoTests" name="[75] /home/travis/build/icyphy/ptII/ptolemy/domains/de/test/auto/VariableDelay.xml (RunModel)" time="0.01" />
  <testcase classname="ptolemy.util.test.junit.AutoTests" name="[76] /home/travis/build/icyphy/ptII/ptolemy/domains/de/test/auto/VariableDelay2.xml (RunModel)" time="0.01" />
  <testcase classname="ptolemy.util.test.junit.AutoTests" name="[77] /home/travis/build/icyphy/ptII/ptolemy/domains/de/test/auto/VariableDelayZeroDelay.xml (RunModel)" time="0.036" />
  <testcase classname="ptolemy.util.test.junit.AutoTests" name="[78] /home/travis/build/icyphy/ptII/ptolemy/domains/de/test/auto/VariableDelayZeroDelay2.xml (RunModel)" time="0.018" />
  <testcase classname="ptolemy.util.test.junit.AutoTests" name="[79] /home/travis/build/icyphy/ptII/ptolemy/domains/de/test/auto/deInCt.xml (RunModel)" time="0.018" />
  <testcase classname="ptolemy.util.test.junit.AutoTests" name="[80] /home/travis/build/icyphy/ptII/ptolemy/domains/de/test/auto/deInCt2.xml (RunModel)" time="0.013" />
  <testcase classname="ptolemy.util.test.junit.AutoTests" name="[81] /home/travis/build/icyphy/ptII/ptolemy/domains/de/test/auto/dynamicCausalityInterface1.xml (RunModel)" time="0.028" />
  <testcase classname="ptolemy.util.test.junit.AutoTests" name="[82] /home/travis/build/icyphy/ptII/ptolemy/domains/de/test/auto/fsm_de_test.xml (RunModel)" time="0.032" />
  <testcase classname="ptolemy.util.test.junit.AutoTests" name="[83] /home/travis/build/icyphy/ptII/ptolemy/domains/de/test/auto/functionDependencyReconstruction.xml (RunModel)" time="0.042" />
  <testcase classname="ptolemy.util.test.junit.AutoTests" name="[84] /home/travis/build/icyphy/ptII/ptolemy/domains/de/test/auto/multirate.xml (RunModel)" time="0.019" />
  <testcase classname="ptolemy.util.test.junit.AutoTests" name="[85] /home/travis/build/icyphy/ptII/ptolemy/domains/de/test/auto/multirate2.xml (RunModel)" time="0.023" />
  <testcase classname="ptolemy.util.test.junit.AutoTests" name="[86] /home/travis/build/icyphy/ptII/ptolemy/domains/de/test/auto/realtime.xml (RunModel)" time="10.016" />
  <testcase classname="ptolemy.util.test.junit.AutoTests" name="[87] /home/travis/build/icyphy/ptII/ptolemy/domains/de/test/auto/relationGroup.xml (RunModel)" time="0.016" />
  <testcase classname="ptolemy.util.test.junit.AutoTests" name="[88] /home/travis/build/icyphy/ptII/ptolemy/domains/de/test/auto/relationGroup2.xml (RunModel)" time="0.014" />
  <testcase classname="ptolemy.util.test.junit.AutoTests" name="[89] /home/travis/build/icyphy/ptII/ptolemy/domains/de/test/auto/sortWithOpaquePorts.xml (RunModel)" time="0.014" />
  <testcase classname="ptolemy.util.test.junit.AutoTests" name="[90] /home/travis/build/icyphy/ptII/ptolemy/domains/de/test/auto/transferInputsandOutputs.xml (RunModel)" time="0.035" />
  <testcase classname="ptolemy.util.test.junit.AutoTests" name="[91] /home/travis/build/icyphy/ptII/ptolemy/domains/de/test/auto/triggerType.xml (RunModel)" time="0.014" />
  <system-out><![CDATA[/home/travis/build/icyphy/ptII/ptolemy/domains/de/test/DependencyLoop.tcl
testDefs.tcl: setting time out to 9000 seconds at Fri Jul 12 05:49:33 UTC 2019
55 ms. Memory: 120832K Free: 99903K (83%)
33 ms. Memory: 153600K Free: 136546K (89%)
/home/travis/build/icyphy/ptII/ptolemy/domains/de/test/RunDETestsAsQSS.tcl
Run the DE tests using ptolemy.domains.qss.test.QSSDirectorTest, which extends QSSDirector and prints a message in the constructors.
------------------ testing $PTII/ptolemy/domains/de/test/auto/knownFailedTests/DirectFeedback.xml (Known Failure) 
53 ms. Memory: 153600K Free: 131426K (86%)


==== $PTIIhome/travis/build/icyphy/ptII/ptolemy/domains/de/test/../../../../: Auto Automatic test in file $PTII/ptolemy/domains/de/test/auto/knownFailedTests/DirectFeedback.xml
==== Contents of test case:

	    # FIXME: we should use $relativeFilename here, but it
	    # might have backslashes under Windows, which causes no end
	    # of trouble.
	    createAndExecute $file
	    list {}
	
.... Test generated KNOWN error:
    while executing
ptolemy.kernel.util.IllegalActionException: Test fails in iteration 1.
Value was: 1.0. Should have been: 2.0
  in .DirectFeedback.Test
	at ptolemy.actor.lib.Test.fire(Test.java:268)
	at ptolemy.domains.de.kernel.DEDirector._fire(DEDirector.java:1949)
	at ptolemy.domains.de.kernel.DEDirector.fire(DEDirector.java:502)
	at ptolemy.actor.CompositeActor.fire(CompositeActor.java:455)
	at ptolemy.actor.Manager.iterate(Manager.java:851)
	at ptolemy.actor.Manager.execute(Manager.java:369)
	at ptolemy.actor.Manager.run(Manager.java:1263)
	at ptolemy.actor.Manager$PtolemyRunThread.run(Manager.java:1915)

    while executing
ptolemy.kernel.util.IllegalActionException: Test fails in iteration 1.
Value was: 1.0. Should have been: 2.0
  in .DirectFeedback.Test
    while executing
"java::new ptolemy.moml.MoMLSimpleApplication $file
"
    (procedure "createAndExecute" line 2)
    invoked from within
"createAndExecute $file"
    ("uplevel" body line 5)
    invoked from within
"uplevel $contents_of_test"
------------------ testing $PTII/ptolemy/domains/de/test/auto/knownFailedTests/dependencyLoop.xml (Known Failure) 
20 ms. Memory: 153600K Free: 128354K (84%)


==== $PTIIhome/travis/build/icyphy/ptII/ptolemy/domains/de/test/../../../../: Auto Automatic test in file $PTII/ptolemy/domains/de/test/auto/knownFailedTests/dependencyLoop.xml
==== Contents of test case:

	    # FIXME: we should use $relativeFilename here, but it
	    # might have backslashes under Windows, which causes no end
	    # of trouble.
	    createAndExecute $file
	    list {}
	
.... Test generated KNOWN error:
    while executing
ptolemy.kernel.util.IllegalActionException: Found a zero delay loop containing .dependencyLoop.original
  in .dependencyLoop and .dependencyLoop.original
	at ptolemy.actor.util.CausalityInterfaceForComposites._computeOutputPortDepth(CausalityInterfaceForComposites.java:759)
	at ptolemy.actor.util.CausalityInterfaceForComposites._computeInputDepth(CausalityInterfaceForComposites.java:696)
	at ptolemy.actor.util.CausalityInterfaceForComposites._computeOutputPortDepth(CausalityInterfaceForComposites.java:765)
	at ptolemy.actor.util.CausalityInterfaceForComposites._computeInputDepth(CausalityInterfaceForComposites.java:696)
	at ptolemy.actor.util.CausalityInterfaceForComposites._computeOutputPortDepth(CausalityInterfaceForComposites.java:765)
	at ptolemy.actor.util.CausalityInterfaceForComposites._computeInputDepth(CausalityInterfaceForComposites.java:696)
	at ptolemy.actor.util.CausalityInterfaceForComposites._computeActorDepth(CausalityInterfaceForComposites.java:532)
	at ptolemy.actor.util.CausalityInterfaceForComposites.checkForCycles(CausalityInterfaceForComposites.java:96)
	at ptolemy.domains.de.kernel.DEDirector.preinitialize(DEDirector.java:1338)
	at ptolemy.actor.CompositeActor.preinitialize(CompositeActor.java:1828)
	at ptolemy.actor.Manager.preinitializeAndResolveTypes(Manager.java:1040)
	at ptolemy.actor.Manager.initialize(Manager.java:710)
	at ptolemy.actor.Manager.execute(Manager.java:356)
	at ptolemy.actor.Manager.run(Manager.java:1263)
	at ptolemy.actor.Manager$PtolemyRunThread.run(Manager.java:1915)

    while executing
ptolemy.kernel.util.IllegalActionException: Found a zero delay loop containing .dependencyLoop.original
  in .dependencyLoop and .dependencyLoop.original
    while executing
"java::new ptolemy.moml.MoMLSimpleApplication $file
"
    (procedure "createAndExecute" line 2)
    invoked from within
"createAndExecute $file"
    ("uplevel" body line 5)
    invoked from within
"uplevel $contents_of_test"
------------------ testing $PTII/ptolemy/domains/de/test/auto/knownFailedTests/FSMSource.xml (Known Failure) 
75 ms. Memory: 153600K Free: 119138K (78%)
!!!! Auto was marked as failing, but now passes
------------------ testing $PTII/ptolemy/domains/de/test/auto/knownFailedTests/HierarchicalModel.xml (Known Failure) 
10 ms. Memory: 153600K Free: 102240K (67%)


==== $PTIIhome/travis/build/icyphy/ptII/ptolemy/domains/de/test/../../../../: Auto Automatic test in file $PTII/ptolemy/domains/de/test/auto/knownFailedTests/HierarchicalModel.xml
==== Contents of test case:

	    # FIXME: we should use $relativeFilename here, but it
	    # might have backslashes under Windows, which causes no end
	    # of trouble.
	    createAndExecute $file
	    list {}
	
.... Test generated KNOWN error:
    while executing
ptolemy.kernel.util.IllegalActionException: Found a zero delay loop containing .HierarchicalModel.A
  in .HierarchicalModel and .HierarchicalModel.A
	at ptolemy.actor.util.CausalityInterfaceForComposites._computeOutputPortDepth(CausalityInterfaceForComposites.java:759)
	at ptolemy.actor.util.CausalityInterfaceForComposites._computeInputDepth(CausalityInterfaceForComposites.java:696)
	at ptolemy.actor.util.CausalityInterfaceForComposites._computeOutputPortDepth(CausalityInterfaceForComposites.java:765)
	at ptolemy.actor.util.CausalityInterfaceForComposites._computeInputDepth(CausalityInterfaceForComposites.java:696)
	at ptolemy.actor.util.CausalityInterfaceForComposites._computeOutputPortDepth(CausalityInterfaceForComposites.java:765)
	at ptolemy.actor.util.CausalityInterfaceForComposites._computeInputDepth(CausalityInterfaceForComposites.java:696)
	at ptolemy.actor.util.CausalityInterfaceForComposites._computeActorDepth(CausalityInterfaceForComposites.java:532)
	at ptolemy.actor.util.CausalityInterfaceForComposites.checkForCycles(CausalityInterfaceForComposites.java:96)
	at ptolemy.domains.de.kernel.DEDirector.preinitialize(DEDirector.java:1338)
	at ptolemy.actor.CompositeActor.preinitialize(CompositeActor.java:1828)
	at ptolemy.actor.Manager.preinitializeAndResolveTypes(Manager.java:1040)
	at ptolemy.actor.Manager.initialize(Manager.java:710)
	at ptolemy.actor.Manager.execute(Manager.java:356)
	at ptolemy.actor.Manager.run(Manager.java:1263)
	at ptolemy.actor.Manager$PtolemyRunThread.run(Manager.java:1915)

    while executing
ptolemy.kernel.util.IllegalActionException: Found a zero delay loop containing .HierarchicalModel.A
  in .HierarchicalModel and .HierarchicalModel.A
    while executing
"java::new ptolemy.moml.MoMLSimpleApplication $file
"
    (procedure "createAndExecute" line 2)
    invoked from within
"createAndExecute $file"
    ("uplevel" body line 5)
    invoked from within
"uplevel $contents_of_test"
------------------ testing $PTII/ptolemy/domains/de/test/auto/knownFailedTests/dependencyLoop2.xml (Known Failure) 
10 ms. Memory: 153600K Free: 98658K (64%)


==== $PTIIhome/travis/build/icyphy/ptII/ptolemy/domains/de/test/../../../../: Auto Automatic test in file $PTII/ptolemy/domains/de/test/auto/knownFailedTests/dependencyLoop2.xml
==== Contents of test case:

	    # FIXME: we should use $relativeFilename here, but it
	    # might have backslashes under Windows, which causes no end
	    # of trouble.
	    createAndExecute $file
	    list {}
	
.... Test generated KNOWN error:
    while executing
ptolemy.kernel.util.IllegalActionException: Found a zero delay loop containing .dependencyLoop2.original
  in .dependencyLoop2 and .dependencyLoop2.original
	at ptolemy.actor.util.CausalityInterfaceForComposites._computeOutputPortDepth(CausalityInterfaceForComposites.java:759)
	at ptolemy.actor.util.CausalityInterfaceForComposites._computeInputDepth(CausalityInterfaceForComposites.java:696)
	at ptolemy.actor.util.CausalityInterfaceForComposites._computeOutputPortDepth(CausalityInterfaceForComposites.java:765)
	at ptolemy.actor.util.CausalityInterfaceForComposites._computeInputDepth(CausalityInterfaceForComposites.java:696)
	at ptolemy.actor.util.CausalityInterfaceForComposites._computeOutputPortDepth(CausalityInterfaceForComposites.java:765)
	at ptolemy.actor.util.CausalityInterfaceForComposites._computeInputDepth(CausalityInterfaceForComposites.java:696)
	at ptolemy.actor.util.CausalityInterfaceForComposites._computeActorDepth(CausalityInterfaceForComposites.java:532)
	at ptolemy.actor.util.CausalityInterfaceForComposites.checkForCycles(CausalityInterfaceForComposites.java:96)
	at ptolemy.domains.de.kernel.DEDirector.preinitialize(DEDirector.java:1338)
	at ptolemy.actor.CompositeActor.preinitialize(CompositeActor.java:1828)
	at ptolemy.actor.Manager.preinitializeAndResolveTypes(Manager.java:1040)
	at ptolemy.actor.Manager.initialize(Manager.java:710)
	at ptolemy.actor.Manager.execute(Manager.java:356)
	at ptolemy.actor.Manager.run(Manager.java:1263)
	at ptolemy.actor.Manager$PtolemyRunThread.run(Manager.java:1915)

    while executing
ptolemy.kernel.util.IllegalActionException: Found a zero delay loop containing .dependencyLoop2.original
  in .dependencyLoop2 and .dependencyLoop2.original
    while executing
"java::new ptolemy.moml.MoMLSimpleApplication $file
"
    (procedure "createAndExecute" line 2)
    invoked from within
"createAndExecute $file"
    ("uplevel" body line 5)
    invoked from within
"uplevel $contents_of_test"
------------------ testing $PTII/ptolemy/domains/de/test/auto/knownFailedTests/DESDFClockTest.xml (Known Failure) 
2055 ms. Memory: 153600K Free: 85856K (56%)


==== $PTIIhome/travis/build/icyphy/ptII/ptolemy/domains/de/test/../../../../: Auto Automatic test in file $PTII/ptolemy/domains/de/test/auto/knownFailedTests/DESDFClockTest.xml
==== Contents of test case:

	    # FIXME: we should use $relativeFilename here, but it
	    # might have backslashes under Windows, which causes no end
	    # of trouble.
	    createAndExecute $file
	    list {}
	
.... Test generated KNOWN error:
    while executing
ptolemy.kernel.util.IllegalActionException: Actor is not ready to fire.  Perhaps UpSample.prefire() returned false? Try debugging the actor by selecting "Listen to Actor".  Also, for SDF check moml for tokenConsumptionRate on input.
  in .DESDFClockTest.Play Bell.Copy1:SDF Director and .DESDFClockTest.Play Bell.UpSample
	at ptolemy.actor.sched.StaticSchedulingDirector.fire(StaticSchedulingDirector.java:227)
	at ptolemy.domains.sdf.kernel.SDFDirector.fire(SDFDirector.java:500)
	at ptolemy.actor.CompositeActor.fire(CompositeActor.java:455)
	at ptolemy.domains.de.kernel.DEDirector._fire(DEDirector.java:1949)
	at ptolemy.domains.de.kernel.DEDirector.fire(DEDirector.java:502)
	at ptolemy.actor.CompositeActor.fire(CompositeActor.java:455)
	at ptolemy.actor.Manager.iterate(Manager.java:851)
	at ptolemy.actor.Manager.execute(Manager.java:369)
	at ptolemy.actor.Manager.run(Manager.java:1263)
	at ptolemy.actor.Manager$PtolemyRunThread.run(Manager.java:1915)

    while executing
ptolemy.kernel.util.IllegalActionException: Actor is not ready to fire.  Perhaps UpSample.prefire() returned false? Try debugging the actor by selecting "Listen to Actor".  Also, for SDF check moml for tokenConsumptionRate on input.
  in .DESDFClockTest.Play Bell.Copy1:SDF Director and .DESDFClockTest.Play Bell.UpSample
    while executing
"java::new ptolemy.moml.MoMLSimpleApplication $file
"
    (procedure "createAndExecute" line 2)
    invoked from within
"createAndExecute $file"
    ("uplevel" body line 5)
    invoked from within
"uplevel $contents_of_test"
------------------ testing $PTII/ptolemy/domains/de/test/auto/ActorDepthCalculation_actorWithoutPorts.xml
auto.tcl: Setting watchdog for 200 seconds at Fri Jul 12 05:49:37 UTC 2019
8 ms. Memory: 153600K Free: 78178K (51%)
ptolemy.util.test.WatchDog.cancel(): canceling Fri Jul 12 05:49:37 UTC 2019
auto.tcl: Setting watchdog for 200 seconds at Fri Jul 12 05:49:37 UTC 2019
11 ms. Memory: 153600K Free: 77154K (50%)
ptolemy.util.test.WatchDog.cancel(): canceling Fri Jul 12 05:49:37 UTC 2019
------------------ testing $PTII/ptolemy/domains/de/test/auto/AssemblyLine.xml
auto.tcl: Setting watchdog for 200 seconds at Fri Jul 12 05:49:38 UTC 2019
22 ms. Memory: 45056K Free: 23501K (52%)
ptolemy.util.test.WatchDog.cancel(): canceling Fri Jul 12 05:49:38 UTC 2019
auto.tcl: Setting watchdog for 200 seconds at Fri Jul 12 05:49:38 UTC 2019
7 ms. Memory: 45056K Free: 22596K (50%)
ptolemy.util.test.WatchDog.cancel(): canceling Fri Jul 12 05:49:38 UTC 2019
------------------ testing $PTII/ptolemy/domains/de/test/auto/CQBug1.xml
auto.tcl: Setting watchdog for 200 seconds at Fri Jul 12 05:49:38 UTC 2019
3 ms. Memory: 45056K Free: 29011K (64%)
ptolemy.util.test.WatchDog.cancel(): canceling Fri Jul 12 05:49:38 UTC 2019
auto.tcl: Setting watchdog for 200 seconds at Fri Jul 12 05:49:38 UTC 2019
2 ms. Memory: 45056K Free: 28725K (64%)
ptolemy.util.test.WatchDog.cancel(): canceling Fri Jul 12 05:49:38 UTC 2019
------------------ testing $PTII/ptolemy/domains/de/test/auto/CancelFireAt.xml
auto.tcl: Setting watchdog for 200 seconds at Fri Jul 12 05:49:38 UTC 2019
7 ms. Memory: 45056K Free: 30161K (67%)
ptolemy.util.test.WatchDog.cancel(): canceling Fri Jul 12 05:49:38 UTC 2019
auto.tcl: Setting watchdog for 200 seconds at Fri Jul 12 05:49:38 UTC 2019
2 ms. Memory: 45056K Free: 29616K (66%)
ptolemy.util.test.WatchDog.cancel(): canceling Fri Jul 12 05:49:38 UTC 2019
------------------ testing $PTII/ptolemy/domains/de/test/auto/CausalityAndComposabilityAnalysis.xml
auto.tcl: Setting watchdog for 200 seconds at Fri Jul 12 05:49:38 UTC 2019
6 ms. Memory: 45056K Free: 28236K (63%)
ptolemy.util.test.WatchDog.cancel(): canceling Fri Jul 12 05:49:38 UTC 2019
auto.tcl: Setting watchdog for 200 seconds at Fri Jul 12 05:49:38 UTC 2019
8 ms. Memory: 45056K Free: 27679K (61%)
ptolemy.util.test.WatchDog.cancel(): canceling Fri Jul 12 05:49:38 UTC 2019
------------------ testing $PTII/ptolemy/domains/de/test/auto/CausalityInterface1.xml
auto.tcl: Setting watchdog for 200 seconds at Fri Jul 12 05:49:38 UTC 2019
20 ms. Memory: 45056K Free: 26807K (59%)
ptolemy.util.test.WatchDog.cancel(): canceling Fri Jul 12 05:49:38 UTC 2019
auto.tcl: Setting watchdog for 200 seconds at Fri Jul 12 05:49:38 UTC 2019
3 ms. Memory: 45056K Free: 26019K (58%)
ptolemy.util.test.WatchDog.cancel(): canceling Fri Jul 12 05:49:38 UTC 2019
------------------ testing $PTII/ptolemy/domains/de/test/auto/CausalityInterface15.xml
auto.tcl: Setting watchdog for 200 seconds at Fri Jul 12 05:49:38 UTC 2019
11 ms. Memory: 45056K Free: 26726K (59%)
ptolemy.util.test.WatchDog.cancel(): canceling Fri Jul 12 05:49:38 UTC 2019
auto.tcl: Setting watchdog for 200 seconds at Fri Jul 12 05:49:38 UTC 2019
4 ms. Memory: 45056K Free: 25969K (58%)
ptolemy.util.test.WatchDog.cancel(): canceling Fri Jul 12 05:49:38 UTC 2019
------------------ testing $PTII/ptolemy/domains/de/test/auto/CausalityInterface2.xml
auto.tcl: Setting watchdog for 200 seconds at Fri Jul 12 05:49:38 UTC 2019
3 ms. Memory: 45056K Free: 27626K (61%)
ptolemy.util.test.WatchDog.cancel(): canceling Fri Jul 12 05:49:38 UTC 2019
auto.tcl: Setting watchdog for 200 seconds at Fri Jul 12 05:49:38 UTC 2019
3 ms. Memory: 45056K Free: 26706K (59%)
ptolemy.util.test.WatchDog.cancel(): canceling Fri Jul 12 05:49:38 UTC 2019
------------------ testing $PTII/ptolemy/domains/de/test/auto/CausalityInterface3.xml
auto.tcl: Setting watchdog for 200 seconds at Fri Jul 12 05:49:38 UTC 2019
9 ms. Memory: 45056K Free: 27283K (61%)
ptolemy.util.test.WatchDog.cancel(): canceling Fri Jul 12 05:49:39 UTC 2019
auto.tcl: Setting watchdog for 200 seconds at Fri Jul 12 05:49:39 UTC 2019
3 ms. Memory: 45056K Free: 26693K (59%)
ptolemy.util.test.WatchDog.cancel(): canceling Fri Jul 12 05:49:39 UTC 2019
------------------ testing $PTII/ptolemy/domains/de/test/auto/ClockDrift.xml
auto.tcl: Setting watchdog for 200 seconds at Fri Jul 12 05:49:39 UTC 2019
85 ms. Memory: 45056K Free: 19770K (44%)
ptolemy.util.test.WatchDog.cancel(): canceling Fri Jul 12 05:49:39 UTC 2019
auto.tcl: Setting watchdog for 200 seconds at Fri Jul 12 05:49:39 UTC 2019
70 ms. Memory: 45056K Free: 16770K (37%)
ptolemy.util.test.WatchDog.cancel(): canceling Fri Jul 12 05:49:39 UTC 2019
------------------ testing $PTII/ptolemy/domains/de/test/auto/ClockDriftAndValueChange.xml
auto.tcl: Setting watchdog for 200 seconds at Fri Jul 12 05:49:39 UTC 2019
56 ms. Memory: 45056K Free: 20264K (45%)
ptolemy.util.test.WatchDog.cancel(): canceling Fri Jul 12 05:49:39 UTC 2019
auto.tcl: Setting watchdog for 200 seconds at Fri Jul 12 05:49:39 UTC 2019
31 ms. Memory: 45056K Free: 17349K (39%)
ptolemy.util.test.WatchDog.cancel(): canceling Fri Jul 12 05:49:39 UTC 2019
------------------ testing $PTII/ptolemy/domains/de/test/auto/ClockDriftChange.xml
auto.tcl: Setting watchdog for 200 seconds at Fri Jul 12 05:49:39 UTC 2019
24 ms. Memory: 45056K Free: 21987K (49%)
ptolemy.util.test.WatchDog.cancel(): canceling Fri Jul 12 05:49:39 UTC 2019
auto.tcl: Setting watchdog for 200 seconds at Fri Jul 12 05:49:39 UTC 2019
17 ms. Memory: 45056K Free: 19396K (43%)
ptolemy.util.test.WatchDog.cancel(): canceling Fri Jul 12 05:49:39 UTC 2019
------------------ testing $PTII/ptolemy/domains/de/test/auto/ComposableCausalityAnalysis.xml
auto.tcl: Setting watchdog for 200 seconds at Fri Jul 12 05:49:39 UTC 2019
2 ms. Memory: 45056K Free: 26286K (58%)
ptolemy.util.test.WatchDog.cancel(): canceling Fri Jul 12 05:49:39 UTC 2019
auto.tcl: Setting watchdog for 200 seconds at Fri Jul 12 05:49:39 UTC 2019
4 ms. Memory: 45056K Free: 25249K (56%)
ptolemy.util.test.WatchDog.cancel(): canceling Fri Jul 12 05:49:39 UTC 2019
------------------ testing $PTII/ptolemy/domains/de/test/auto/DEFixedPointLimitation.xml
auto.tcl: Setting watchdog for 200 seconds at Fri Jul 12 05:49:39 UTC 2019
2 ms. Memory: 45056K Free: 27620K (61%)
ptolemy.util.test.WatchDog.cancel(): canceling Fri Jul 12 05:49:39 UTC 2019
auto.tcl: Setting watchdog for 200 seconds at Fri Jul 12 05:49:39 UTC 2019
1 ms. Memory: 45056K Free: 26919K (60%)
ptolemy.util.test.WatchDog.cancel(): canceling Fri Jul 12 05:49:39 UTC 2019
------------------ testing $PTII/ptolemy/domains/de/test/auto/DEScheduleTest.xml
auto.tcl: Setting watchdog for 200 seconds at Fri Jul 12 05:49:39 UTC 2019
4 ms. Memory: 45056K Free: 28102K (62%)
ptolemy.util.test.WatchDog.cancel(): canceling Fri Jul 12 05:49:39 UTC 2019
auto.tcl: Setting watchdog for 200 seconds at Fri Jul 12 05:49:39 UTC 2019
3 ms. Memory: 45056K Free: 27264K (61%)
ptolemy.util.test.WatchDog.cancel(): canceling Fri Jul 12 05:49:39 UTC 2019
------------------ testing $PTII/ptolemy/domains/de/test/auto/DEinDEwithStartTimes.xml
auto.tcl: Setting watchdog for 200 seconds at Fri Jul 12 05:49:39 UTC 2019
4 ms. Memory: 45056K Free: 26416K (59%)
ptolemy.util.test.WatchDog.cancel(): canceling Fri Jul 12 05:49:39 UTC 2019
auto.tcl: Setting watchdog for 200 seconds at Fri Jul 12 05:49:39 UTC 2019
4 ms. Memory: 45056K Free: 25160K (56%)
ptolemy.util.test.WatchDog.cancel(): canceling Fri Jul 12 05:49:39 UTC 2019
------------------ testing $PTII/ptolemy/domains/de/test/auto/DEinDEwithStartTimes2.xml
auto.tcl: Setting watchdog for 200 seconds at Fri Jul 12 05:49:39 UTC 2019
6 ms. Memory: 45056K Free: 25584K (57%)
ptolemy.util.test.WatchDog.cancel(): canceling Fri Jul 12 05:49:40 UTC 2019
auto.tcl: Setting watchdog for 200 seconds at Fri Jul 12 05:49:40 UTC 2019
7 ms. Memory: 45056K Free: 24339K (54%)
ptolemy.util.test.WatchDog.cancel(): canceling Fri Jul 12 05:49:40 UTC 2019
------------------ testing $PTII/ptolemy/domains/de/test/auto/DateDemo.xml
auto.tcl: Setting watchdog for 200 seconds at Fri Jul 12 05:49:40 UTC 2019
27 ms. Memory: 45056K Free: 20236K (45%)
ptolemy.util.test.WatchDog.cancel(): canceling Fri Jul 12 05:49:40 UTC 2019
auto.tcl: Setting watchdog for 200 seconds at Fri Jul 12 05:49:40 UTC 2019
16 ms. Memory: 45056K Free: 18437K (41%)
ptolemy.util.test.WatchDog.cancel(): canceling Fri Jul 12 05:49:40 UTC 2019
------------------ testing $PTII/ptolemy/domains/de/test/auto/DateToEvent.xml
auto.tcl: Setting watchdog for 200 seconds at Fri Jul 12 05:49:40 UTC 2019
2021 ms. Memory: 45056K Free: 31049K (69%)
ptolemy.util.test.WatchDog.cancel(): canceling Fri Jul 12 05:49:42 UTC 2019
auto.tcl: Setting watchdog for 200 seconds at Fri Jul 12 05:49:42 UTC 2019
2005 ms. Memory: 45056K Free: 30129K (67%)
ptolemy.util.test.WatchDog.cancel(): canceling Fri Jul 12 05:49:44 UTC 2019
------------------ testing $PTII/ptolemy/domains/de/test/auto/DepthTest1.xml
auto.tcl: Setting watchdog for 200 seconds at Fri Jul 12 05:49:44 UTC 2019
3 ms. Memory: 45056K Free: 28940K (64%)
ptolemy.util.test.WatchDog.cancel(): canceling Fri Jul 12 05:49:44 UTC 2019
auto.tcl: Setting watchdog for 200 seconds at Fri Jul 12 05:49:44 UTC 2019
1 ms. Memory: 45056K Free: 28514K (63%)
ptolemy.util.test.WatchDog.cancel(): canceling Fri Jul 12 05:49:44 UTC 2019
------------------ testing $PTII/ptolemy/domains/de/test/auto/DepthTest2.xml
auto.tcl: Setting watchdog for 200 seconds at Fri Jul 12 05:49:44 UTC 2019
4 ms. Memory: 45056K Free: 25794K (57%)
ptolemy.util.test.WatchDog.cancel(): canceling Fri Jul 12 05:49:44 UTC 2019
auto.tcl: Setting watchdog for 200 seconds at Fri Jul 12 05:49:44 UTC 2019
3 ms. Memory: 45056K Free: 24829K (55%)
ptolemy.util.test.WatchDog.cancel(): canceling Fri Jul 12 05:49:44 UTC 2019
------------------ testing $PTII/ptolemy/domains/de/test/auto/DepthTest3.xml
auto.tcl: Setting watchdog for 200 seconds at Fri Jul 12 05:49:44 UTC 2019
2 ms. Memory: 45056K Free: 29227K (65%)
ptolemy.util.test.WatchDog.cancel(): canceling Fri Jul 12 05:49:44 UTC 2019
auto.tcl: Setting watchdog for 200 seconds at Fri Jul 12 05:49:44 UTC 2019
2 ms. Memory: 45056K Free: 28488K (63%)
ptolemy.util.test.WatchDog.cancel(): canceling Fri Jul 12 05:49:44 UTC 2019
------------------ testing $PTII/ptolemy/domains/de/test/auto/DepthTest4.xml
auto.tcl: Setting watchdog for 200 seconds at Fri Jul 12 05:49:44 UTC 2019
3 ms. Memory: 45056K Free: 27428K (61%)
ptolemy.util.test.WatchDog.cancel(): canceling Fri Jul 12 05:49:44 UTC 2019
auto.tcl: Setting watchdog for 200 seconds at Fri Jul 12 05:49:44 UTC 2019
3 ms. Memory: 45056K Free: 26539K (59%)
ptolemy.util.test.WatchDog.cancel(): canceling Fri Jul 12 05:49:44 UTC 2019
------------------ testing $PTII/ptolemy/domains/de/test/auto/DepthTest5.xml
auto.tcl: Setting watchdog for 200 seconds at Fri Jul 12 05:49:44 UTC 2019
4 ms. Memory: 45056K Free: 26665K (59%)
ptolemy.util.test.WatchDog.cancel(): canceling Fri Jul 12 05:49:44 UTC 2019
auto.tcl: Setting watchdog for 200 seconds at Fri Jul 12 05:49:44 UTC 2019
2 ms. Memory: 45056K Free: 26118K (58%)
ptolemy.util.test.WatchDog.cancel(): canceling Fri Jul 12 05:49:44 UTC 2019
------------------ testing $PTII/ptolemy/domains/de/test/auto/DepthTest6.xml
auto.tcl: Setting watchdog for 200 seconds at Fri Jul 12 05:49:44 UTC 2019
4 ms. Memory: 45056K Free: 26643K (59%)
ptolemy.util.test.WatchDog.cancel(): canceling Fri Jul 12 05:49:44 UTC 2019
auto.tcl: Setting watchdog for 200 seconds at Fri Jul 12 05:49:44 UTC 2019
3 ms. Memory: 45056K Free: 26096K (58%)
ptolemy.util.test.WatchDog.cancel(): canceling Fri Jul 12 05:49:44 UTC 2019
------------------ testing $PTII/ptolemy/domains/de/test/auto/DepthTest7.xml
auto.tcl: Setting watchdog for 200 seconds at Fri Jul 12 05:49:44 UTC 2019
4 ms. Memory: 45056K Free: 27117K (60%)
ptolemy.util.test.WatchDog.cancel(): canceling Fri Jul 12 05:49:44 UTC 2019
auto.tcl: Setting watchdog for 200 seconds at Fri Jul 12 05:49:44 UTC 2019
2 ms. Memory: 45056K Free: 26455K (59%)
ptolemy.util.test.WatchDog.cancel(): canceling Fri Jul 12 05:49:44 UTC 2019
------------------ testing $PTII/ptolemy/domains/de/test/auto/EventToDate.xml
auto.tcl: Setting watchdog for 200 seconds at Fri Jul 12 05:49:44 UTC 2019
3006 ms. Memory: 45056K Free: 18389K (41%)
ptolemy.util.test.WatchDog.cancel(): canceling Fri Jul 12 05:49:47 UTC 2019
auto.tcl: Setting watchdog for 200 seconds at Fri Jul 12 05:49:47 UTC 2019
3004 ms. Memory: 45056K Free: 17608K (39%)
ptolemy.util.test.WatchDog.cancel(): canceling Fri Jul 12 05:49:50 UTC 2019
------------------ testing $PTII/ptolemy/domains/de/test/auto/FSM1.xml
auto.tcl: Setting watchdog for 200 seconds at Fri Jul 12 05:49:51 UTC 2019
40 ms. Memory: 45056K Free: 19473K (43%)
ptolemy.util.test.WatchDog.cancel(): canceling Fri Jul 12 05:49:51 UTC 2019
auto.tcl: Setting watchdog for 200 seconds at Fri Jul 12 05:49:51 UTC 2019
24 ms. Memory: 45056K Free: 16238K (36%)
ptolemy.util.test.WatchDog.cancel(): canceling Fri Jul 12 05:49:51 UTC 2019
------------------ testing $PTII/ptolemy/domains/de/test/auto/FSM7.xml
auto.tcl: Setting watchdog for 200 seconds at Fri Jul 12 05:49:51 UTC 2019
30 ms. Memory: 45056K Free: 19203K (43%)
ptolemy.util.test.WatchDog.cancel(): canceling Fri Jul 12 05:49:51 UTC 2019
auto.tcl: Setting watchdog for 200 seconds at Fri Jul 12 05:49:51 UTC 2019
28 ms. Memory: 45056K Free: 16113K (36%)
ptolemy.util.test.WatchDog.cancel(): canceling Fri Jul 12 05:49:51 UTC 2019
------------------ testing $PTII/ptolemy/domains/de/test/auto/Inspection.xml
auto.tcl: Setting watchdog for 200 seconds at Fri Jul 12 05:49:51 UTC 2019
28 ms. Memory: 45056K Free: 19289K (43%)
ptolemy.util.test.WatchDog.cancel(): canceling Fri Jul 12 05:49:51 UTC 2019
auto.tcl: Setting watchdog for 200 seconds at Fri Jul 12 05:49:51 UTC 2019
18 ms. Memory: 45056K Free: 17494K (39%)
ptolemy.util.test.WatchDog.cancel(): canceling Fri Jul 12 05:49:51 UTC 2019
------------------ testing $PTII/ptolemy/domains/de/test/auto/Iteration.xml
auto.tcl: Setting watchdog for 200 seconds at Fri Jul 12 05:49:51 UTC 2019
8 ms. Memory: 45056K Free: 25079K (56%)
ptolemy.util.test.WatchDog.cancel(): canceling Fri Jul 12 05:49:51 UTC 2019
auto.tcl: Setting watchdog for 200 seconds at Fri Jul 12 05:49:51 UTC 2019
7 ms. Memory: 45056K Free: 23968K (53%)
ptolemy.util.test.WatchDog.cancel(): canceling Fri Jul 12 05:49:51 UTC 2019
------------------ testing $PTII/ptolemy/domains/de/test/auto/LineFault.xml
auto.tcl: Setting watchdog for 200 seconds at Fri Jul 12 05:49:51 UTC 2019
631 ms. Memory: 54272K Free: 38643K (71%)
ptolemy.util.test.WatchDog.cancel(): canceling Fri Jul 12 05:49:52 UTC 2019
auto.tcl: Setting watchdog for 200 seconds at Fri Jul 12 05:49:52 UTC 2019
607 ms. Memory: 54272K Free: 28910K (53%)
ptolemy.util.test.WatchDog.cancel(): canceling Fri Jul 12 05:49:53 UTC 2019
------------------ testing $PTII/ptolemy/domains/de/test/auto/MergeModel1Add.xml
auto.tcl: Setting watchdog for 200 seconds at Fri Jul 12 05:49:53 UTC 2019
30 ms. Memory: 51200K Free: 17030K (33%)
ptolemy.util.test.WatchDog.cancel(): canceling Fri Jul 12 05:49:53 UTC 2019
auto.tcl: Setting watchdog for 200 seconds at Fri Jul 12 05:49:53 UTC 2019
14 ms. Memory: 51200K Free: 15444K (30%)
ptolemy.util.test.WatchDog.cancel(): canceling Fri Jul 12 05:49:53 UTC 2019
------------------ testing $PTII/ptolemy/domains/de/test/auto/MergeModel2Add.xml
auto.tcl: Setting watchdog for 200 seconds at Fri Jul 12 05:49:53 UTC 2019
17 ms. Memory: 48128K Free: 16048K (33%)
ptolemy.util.test.WatchDog.cancel(): canceling Fri Jul 12 05:49:53 UTC 2019
auto.tcl: Setting watchdog for 200 seconds at Fri Jul 12 05:49:53 UTC 2019
11 ms. Memory: 48128K Free: 14467K (30%)
ptolemy.util.test.WatchDog.cancel(): canceling Fri Jul 12 05:49:53 UTC 2019
------------------ testing $PTII/ptolemy/domains/de/test/auto/MergeModel3Add.xml
auto.tcl: Setting watchdog for 200 seconds at Fri Jul 12 05:49:53 UTC 2019
9 ms. Memory: 48128K Free: 16524K (34%)
ptolemy.util.test.WatchDog.cancel(): canceling Fri Jul 12 05:49:53 UTC 2019
auto.tcl: Setting watchdog for 200 seconds at Fri Jul 12 05:49:53 UTC 2019
12 ms. Memory: 48128K Free: 14714K (31%)
ptolemy.util.test.WatchDog.cancel(): canceling Fri Jul 12 05:49:53 UTC 2019
------------------ testing $PTII/ptolemy/domains/de/test/auto/MergeWithoutDiscard.xml
auto.tcl: Setting watchdog for 200 seconds at Fri Jul 12 05:49:53 UTC 2019
2 ms. Memory: 48128K Free: 30608K (64%)
ptolemy.util.test.WatchDog.cancel(): canceling Fri Jul 12 05:49:53 UTC 2019
auto.tcl: Setting watchdog for 200 seconds at Fri Jul 12 05:49:53 UTC 2019
1 ms. Memory: 48128K Free: 30179K (63%)
ptolemy.util.test.WatchDog.cancel(): canceling Fri Jul 12 05:49:53 UTC 2019
------------------ testing $PTII/ptolemy/domains/de/test/auto/Modal1.xml
auto.tcl: Setting watchdog for 200 seconds at Fri Jul 12 05:49:53 UTC 2019
16 ms. Memory: 48128K Free: 22508K (47%)
ptolemy.util.test.WatchDog.cancel(): canceling Fri Jul 12 05:49:53 UTC 2019
auto.tcl: Setting watchdog for 200 seconds at Fri Jul 12 05:49:53 UTC 2019
23 ms. Memory: 48128K Free: 19106K (40%)
ptolemy.util.test.WatchDog.cancel(): canceling Fri Jul 12 05:49:53 UTC 2019
------------------ testing $PTII/ptolemy/domains/de/test/auto/Modal2.xml
auto.tcl: Setting watchdog for 200 seconds at Fri Jul 12 05:49:53 UTC 2019
18 ms. Memory: 48128K Free: 22610K (47%)
ptolemy.util.test.WatchDog.cancel(): canceling Fri Jul 12 05:49:53 UTC 2019
auto.tcl: Setting watchdog for 200 seconds at Fri Jul 12 05:49:53 UTC 2019
24 ms. Memory: 48128K Free: 19386K (40%)
ptolemy.util.test.WatchDog.cancel(): canceling Fri Jul 12 05:49:53 UTC 2019
------------------ testing $PTII/ptolemy/domains/de/test/auto/Modal3.xml
auto.tcl: Setting watchdog for 200 seconds at Fri Jul 12 05:49:53 UTC 2019
15 ms. Memory: 48128K Free: 22609K (47%)
ptolemy.util.test.WatchDog.cancel(): canceling Fri Jul 12 05:49:53 UTC 2019
auto.tcl: Setting watchdog for 200 seconds at Fri Jul 12 05:49:53 UTC 2019
17 ms. Memory: 48128K Free: 19374K (40%)
ptolemy.util.test.WatchDog.cancel(): canceling Fri Jul 12 05:49:53 UTC 2019
------------------ testing $PTII/ptolemy/domains/de/test/auto/Modal4.xml
auto.tcl: Setting watchdog for 200 seconds at Fri Jul 12 05:49:53 UTC 2019
25 ms. Memory: 48128K Free: 21582K (45%)
ptolemy.util.test.WatchDog.cancel(): canceling Fri Jul 12 05:49:54 UTC 2019
auto.tcl: Setting watchdog for 200 seconds at Fri Jul 12 05:49:54 UTC 2019
18 ms. Memory: 48128K Free: 17999K (37%)
ptolemy.util.test.WatchDog.cancel(): canceling Fri Jul 12 05:49:54 UTC 2019
------------------ testing $PTII/ptolemy/domains/de/test/auto/Modal5.xml
auto.tcl: Setting watchdog for 200 seconds at Fri Jul 12 05:49:54 UTC 2019
15 ms. Memory: 45056K Free: 18490K (41%)
ptolemy.util.test.WatchDog.cancel(): canceling Fri Jul 12 05:49:54 UTC 2019
auto.tcl: Setting watchdog for 200 seconds at Fri Jul 12 05:49:54 UTC 2019
15 ms. Memory: 45056K Free: 14644K (33%)
ptolemy.util.test.WatchDog.cancel(): canceling Fri Jul 12 05:49:54 UTC 2019
------------------ testing $PTII/ptolemy/domains/de/test/auto/Modal6.xml
auto.tcl: Setting watchdog for 200 seconds at Fri Jul 12 05:49:54 UTC 2019
13 ms. Memory: 45056K Free: 19297K (43%)
ptolemy.util.test.WatchDog.cancel(): canceling Fri Jul 12 05:49:54 UTC 2019
auto.tcl: Setting watchdog for 200 seconds at Fri Jul 12 05:49:54 UTC 2019
17 ms. Memory: 45056K Free: 15666K (35%)
ptolemy.util.test.WatchDog.cancel(): canceling Fri Jul 12 05:49:54 UTC 2019
------------------ testing $PTII/ptolemy/domains/de/test/auto/Modal7.xml
auto.tcl: Setting watchdog for 200 seconds at Fri Jul 12 05:49:54 UTC 2019
17 ms. Memory: 45056K Free: 18231K (40%)
ptolemy.util.test.WatchDog.cancel(): canceling Fri Jul 12 05:49:54 UTC 2019
auto.tcl: Setting watchdog for 200 seconds at Fri Jul 12 05:49:54 UTC 2019
12 ms. Memory: 45056K Free: 14642K (32%)
ptolemy.util.test.WatchDog.cancel(): canceling Fri Jul 12 05:49:54 UTC 2019
------------------ testing $PTII/ptolemy/domains/de/test/auto/ModalModel.xml
auto.tcl: Setting watchdog for 200 seconds at Fri Jul 12 05:49:54 UTC 2019
219 ms. Memory: 57344K Free: 23005K (40%)
ptolemy.util.test.WatchDog.cancel(): canceling Fri Jul 12 05:49:54 UTC 2019
auto.tcl: Setting watchdog for 200 seconds at Fri Jul 12 05:49:54 UTC 2019
193 ms. Memory: 57344K Free: 20459K (36%)
ptolemy.util.test.WatchDog.cancel(): canceling Fri Jul 12 05:49:54 UTC 2019
------------------ testing $PTII/ptolemy/domains/de/test/auto/ModalSource.xml
auto.tcl: Setting watchdog for 200 seconds at Fri Jul 12 05:49:54 UTC 2019
7 ms. Memory: 48128K Free: 26388K (55%)
ptolemy.util.test.WatchDog.cancel(): canceling Fri Jul 12 05:49:55 UTC 2019
auto.tcl: Setting watchdog for 200 seconds at Fri Jul 12 05:49:55 UTC 2019
7 ms. Memory: 48128K Free: 24339K (51%)
ptolemy.util.test.WatchDog.cancel(): canceling Fri Jul 12 05:49:55 UTC 2019
------------------ testing $PTII/ptolemy/domains/de/test/auto/NonInterruptibleTimerZeroDelay.xml
auto.tcl: Setting watchdog for 200 seconds at Fri Jul 12 05:49:55 UTC 2019
4 ms. Memory: 45056K Free: 28557K (63%)
ptolemy.util.test.WatchDog.cancel(): canceling Fri Jul 12 05:49:55 UTC 2019
auto.tcl: Setting watchdog for 200 seconds at Fri Jul 12 05:49:55 UTC 2019
3 ms. Memory: 45056K Free: 27645K (61%)
ptolemy.util.test.WatchDog.cancel(): canceling Fri Jul 12 05:49:55 UTC 2019
------------------ testing $PTII/ptolemy/domains/de/test/auto/OpenQueueingNetwork.xml
auto.tcl: Setting watchdog for 200 seconds at Fri Jul 12 05:49:55 UTC 2019
3430 ms. Memory: 113664K Free: 90427K (80%)
ptolemy.util.test.WatchDog.cancel(): canceling Fri Jul 12 05:49:58 UTC 2019
auto.tcl: Setting watchdog for 200 seconds at Fri Jul 12 05:49:58 UTC 2019
3046 ms. Memory: 137216K Free: 67349K (49%)
ptolemy.util.test.WatchDog.cancel(): canceling Fri Jul 12 05:50:01 UTC 2019
------------------ testing $PTII/ptolemy/domains/de/test/auto/OpenQueuingNetwork.xml
auto.tcl: Setting watchdog for 200 seconds at Fri Jul 12 05:50:01 UTC 2019
288 ms. Memory: 55296K Free: 23043K (42%)
ptolemy.util.test.WatchDog.cancel(): canceling Fri Jul 12 05:50:02 UTC 2019
auto.tcl: Setting watchdog for 200 seconds at Fri Jul 12 05:50:02 UTC 2019
299 ms. Memory: 55296K Free: 30448K (55%)
ptolemy.util.test.WatchDog.cancel(): canceling Fri Jul 12 05:50:02 UTC 2019
------------------ testing $PTII/ptolemy/domains/de/test/auto/PeriodicSampler.xml
auto.tcl: Setting watchdog for 200 seconds at Fri Jul 12 05:50:02 UTC 2019
3 ms. Memory: 48128K Free: 30528K (63%)
ptolemy.util.test.WatchDog.cancel(): canceling Fri Jul 12 05:50:02 UTC 2019
auto.tcl: Setting watchdog for 200 seconds at Fri Jul 12 05:50:02 UTC 2019
2 ms. Memory: 48128K Free: 30047K (62%)
ptolemy.util.test.WatchDog.cancel(): canceling Fri Jul 12 05:50:02 UTC 2019
------------------ testing $PTII/ptolemy/domains/de/test/auto/PersistentIO.xml
auto.tcl: Setting watchdog for 200 seconds at Fri Jul 12 05:50:02 UTC 2019
4 ms. Memory: 45056K Free: 22389K (50%)
ptolemy.util.test.WatchDog.cancel(): canceling Fri Jul 12 05:50:02 UTC 2019
auto.tcl: Setting watchdog for 200 seconds at Fri Jul 12 05:50:02 UTC 2019
4 ms. Memory: 45056K Free: 20978K (47%)
ptolemy.util.test.WatchDog.cancel(): canceling Fri Jul 12 05:50:02 UTC 2019
------------------ testing $PTII/ptolemy/domains/de/test/auto/PortParameterResetOnInitialize.xml
auto.tcl: Setting watchdog for 200 seconds at Fri Jul 12 05:50:02 UTC 2019
1 ms. Memory: 45056K Free: 27365K (61%)
ptolemy.util.test.WatchDog.cancel(): canceling Fri Jul 12 05:50:02 UTC 2019
auto.tcl: Setting watchdog for 200 seconds at Fri Jul 12 05:50:02 UTC 2019
2 ms. Memory: 45056K Free: 26869K (60%)
ptolemy.util.test.WatchDog.cancel(): canceling Fri Jul 12 05:50:02 UTC 2019
------------------ testing $PTII/ptolemy/domains/de/test/auto/PortParameterUpdates.xml
auto.tcl: Setting watchdog for 200 seconds at Fri Jul 12 05:50:02 UTC 2019
3 ms. Memory: 45056K Free: 25484K (57%)
ptolemy.util.test.WatchDog.cancel(): canceling Fri Jul 12 05:50:02 UTC 2019
auto.tcl: Setting watchdog for 200 seconds at Fri Jul 12 05:50:02 UTC 2019
3 ms. Memory: 45056K Free: 24105K (54%)
ptolemy.util.test.WatchDog.cancel(): canceling Fri Jul 12 05:50:02 UTC 2019
------------------ testing $PTII/ptolemy/domains/de/test/auto/QueueAndServer.xml
auto.tcl: Setting watchdog for 200 seconds at Fri Jul 12 05:50:02 UTC 2019
20 ms. Memory: 45056K Free: 24660K (55%)
ptolemy.util.test.WatchDog.cancel(): canceling Fri Jul 12 05:50:02 UTC 2019
auto.tcl: Setting watchdog for 200 seconds at Fri Jul 12 05:50:02 UTC 2019
8 ms. Memory: 45056K Free: 23032K (51%)
ptolemy.util.test.WatchDog.cancel(): canceling Fri Jul 12 05:50:02 UTC 2019
------------------ testing $PTII/ptolemy/domains/de/test/auto/Records.xml
auto.tcl: Setting watchdog for 200 seconds at Fri Jul 12 05:50:02 UTC 2019
3 ms. Memory: 45056K Free: 26911K (60%)
ptolemy.util.test.WatchDog.cancel(): canceling Fri Jul 12 05:50:02 UTC 2019
auto.tcl: Setting watchdog for 200 seconds at Fri Jul 12 05:50:02 UTC 2019
2 ms. Memory: 45056K Free: 26481K (59%)
ptolemy.util.test.WatchDog.cancel(): canceling Fri Jul 12 05:50:02 UTC 2019
------------------ testing $PTII/ptolemy/domains/de/test/auto/ResetTransitionWithStartTime1.xml
auto.tcl: Setting watchdog for 200 seconds at Fri Jul 12 05:50:03 UTC 2019
11 ms. Memory: 45056K Free: 23866K (53%)
ptolemy.util.test.WatchDog.cancel(): canceling Fri Jul 12 05:50:03 UTC 2019
auto.tcl: Setting watchdog for 200 seconds at Fri Jul 12 05:50:03 UTC 2019
7 ms. Memory: 45056K Free: 21373K (47%)
ptolemy.util.test.WatchDog.cancel(): canceling Fri Jul 12 05:50:03 UTC 2019
------------------ testing $PTII/ptolemy/domains/de/test/auto/ResetTransitionWithStartTime2.xml
auto.tcl: Setting watchdog for 200 seconds at Fri Jul 12 05:50:03 UTC 2019
5 ms. Memory: 45056K Free: 23821K (53%)
ptolemy.util.test.WatchDog.cancel(): canceling Fri Jul 12 05:50:03 UTC 2019
auto.tcl: Setting watchdog for 200 seconds at Fri Jul 12 05:50:03 UTC 2019
6 ms. Memory: 45056K Free: 21337K (47%)
ptolemy.util.test.WatchDog.cancel(): canceling Fri Jul 12 05:50:03 UTC 2019
------------------ testing $PTII/ptolemy/domains/de/test/auto/ResetTransitionWithStartTime3.xml
auto.tcl: Setting watchdog for 200 seconds at Fri Jul 12 05:50:03 UTC 2019
8 ms. Memory: 45056K Free: 23820K (53%)
ptolemy.util.test.WatchDog.cancel(): canceling Fri Jul 12 05:50:03 UTC 2019
auto.tcl: Setting watchdog for 200 seconds at Fri Jul 12 05:50:03 UTC 2019
7 ms. Memory: 45056K Free: 21319K (47%)
ptolemy.util.test.WatchDog.cancel(): canceling Fri Jul 12 05:50:03 UTC 2019
------------------ testing $PTII/ptolemy/domains/de/test/auto/ResetTransitionWithStartTime4.xml
auto.tcl: Setting watchdog for 200 seconds at Fri Jul 12 05:50:03 UTC 2019
19 ms. Memory: 45056K Free: 24350K (54%)
ptolemy.util.test.WatchDog.cancel(): canceling Fri Jul 12 05:50:03 UTC 2019
auto.tcl: Setting watchdog for 200 seconds at Fri Jul 12 05:50:03 UTC 2019
5 ms. Memory: 45056K Free: 22930K (51%)
ptolemy.util.test.WatchDog.cancel(): canceling Fri Jul 12 05:50:03 UTC 2019
------------------ testing $PTII/ptolemy/domains/de/test/auto/ResettableTimer1.xml
auto.tcl: Setting watchdog for 200 seconds at Fri Jul 12 05:50:03 UTC 2019
3 ms. Memory: 45056K Free: 28355K (63%)
ptolemy.util.test.WatchDog.cancel(): canceling Fri Jul 12 05:50:03 UTC 2019
auto.tcl: Setting watchdog for 200 seconds at Fri Jul 12 05:50:03 UTC 2019
2 ms. Memory: 45056K Free: 27458K (61%)
ptolemy.util.test.WatchDog.cancel(): canceling Fri Jul 12 05:50:03 UTC 2019
------------------ testing $PTII/ptolemy/domains/de/test/auto/ResettableTimer2.xml
auto.tcl: Setting watchdog for 200 seconds at Fri Jul 12 05:50:03 UTC 2019
3 ms. Memory: 45056K Free: 28190K (63%)
ptolemy.util.test.WatchDog.cancel(): canceling Fri Jul 12 05:50:03 UTC 2019
auto.tcl: Setting watchdog for 200 seconds at Fri Jul 12 05:50:03 UTC 2019
2 ms. Memory: 45056K Free: 27501K (61%)
ptolemy.util.test.WatchDog.cancel(): canceling Fri Jul 12 05:50:03 UTC 2019
------------------ testing $PTII/ptolemy/domains/de/test/auto/ResettableTimer3.xml
auto.tcl: Setting watchdog for 200 seconds at Fri Jul 12 05:50:03 UTC 2019
1 ms. Memory: 45056K Free: 28483K (63%)
ptolemy.util.test.WatchDog.cancel(): canceling Fri Jul 12 05:50:03 UTC 2019
auto.tcl: Setting watchdog for 200 seconds at Fri Jul 12 05:50:03 UTC 2019
2 ms. Memory: 45056K Free: 28070K (62%)
ptolemy.util.test.WatchDog.cancel(): canceling Fri Jul 12 05:50:03 UTC 2019
------------------ testing $PTII/ptolemy/domains/de/test/auto/ResettableTimer4.xml
auto.tcl: Setting watchdog for 200 seconds at Fri Jul 12 05:50:03 UTC 2019
2 ms. Memory: 45056K Free: 28006K (62%)
ptolemy.util.test.WatchDog.cancel(): canceling Fri Jul 12 05:50:03 UTC 2019
auto.tcl: Setting watchdog for 200 seconds at Fri Jul 12 05:50:03 UTC 2019
1 ms. Memory: 45056K Free: 27535K (61%)
ptolemy.util.test.WatchDog.cancel(): canceling Fri Jul 12 05:50:03 UTC 2019
------------------ testing $PTII/ptolemy/domains/de/test/auto/ResettableTimer5.xml
auto.tcl: Setting watchdog for 200 seconds at Fri Jul 12 05:50:03 UTC 2019
1 ms. Memory: 45056K Free: 28006K (62%)
ptolemy.util.test.WatchDog.cancel(): canceling Fri Jul 12 05:50:03 UTC 2019
auto.tcl: Setting watchdog for 200 seconds at Fri Jul 12 05:50:03 UTC 2019
1 ms. Memory: 45056K Free: 27518K (61%)
ptolemy.util.test.WatchDog.cancel(): canceling Fri Jul 12 05:50:03 UTC 2019
------------------ testing $PTII/ptolemy/domains/de/test/auto/ResettableTimer6.xml
auto.tcl: Setting watchdog for 200 seconds at Fri Jul 12 05:50:03 UTC 2019
2 ms. Memory: 45056K Free: 27423K (61%)
ptolemy.util.test.WatchDog.cancel(): canceling Fri Jul 12 05:50:03 UTC 2019
auto.tcl: Setting watchdog for 200 seconds at Fri Jul 12 05:50:03 UTC 2019
1 ms. Memory: 45056K Free: 26931K (60%)
ptolemy.util.test.WatchDog.cancel(): canceling Fri Jul 12 05:50:03 UTC 2019
------------------ testing $PTII/ptolemy/domains/de/test/auto/ServerZeroDelay.xml
auto.tcl: Setting watchdog for 200 seconds at Fri Jul 12 05:50:03 UTC 2019
4 ms. Memory: 45056K Free: 27963K (62%)
ptolemy.util.test.WatchDog.cancel(): canceling Fri Jul 12 05:50:03 UTC 2019
auto.tcl: Setting watchdog for 200 seconds at Fri Jul 12 05:50:03 UTC 2019
2 ms. Memory: 45056K Free: 27119K (60%)
ptolemy.util.test.WatchDog.cancel(): canceling Fri Jul 12 05:50:03 UTC 2019
------------------ testing $PTII/ptolemy/domains/de/test/auto/SmartSender.xml
auto.tcl: Setting watchdog for 200 seconds at Fri Jul 12 05:50:03 UTC 2019
3002 ms. Memory: 45056K Free: 27941K (62%)
ptolemy.util.test.WatchDog.cancel(): canceling Fri Jul 12 05:50:06 UTC 2019
auto.tcl: Setting watchdog for 200 seconds at Fri Jul 12 05:50:06 UTC 2019
3001 ms. Memory: 45056K Free: 27526K (61%)
ptolemy.util.test.WatchDog.cancel(): canceling Fri Jul 12 05:50:09 UTC 2019
------------------ testing $PTII/ptolemy/domains/de/test/auto/ThreadedComposite.xml
auto.tcl: Setting watchdog for 200 seconds at Fri Jul 12 05:50:09 UTC 2019
190 ms. Memory: 45056K Free: 9522K (21%)
ptolemy.util.test.WatchDog.cancel(): canceling Fri Jul 12 05:50:10 UTC 2019
auto.tcl: Setting watchdog for 200 seconds at Fri Jul 12 05:50:10 UTC 2019
137 ms. Memory: 45056K Free: 20383K (45%)
ptolemy.util.test.WatchDog.cancel(): canceling Fri Jul 12 05:50:10 UTC 2019
------------------ testing $PTII/ptolemy/domains/de/test/auto/Time.xml
auto.tcl: Setting watchdog for 200 seconds at Fri Jul 12 05:50:10 UTC 2019
541 ms. Memory: 45056K Free: 17574K (39%)
ptolemy.util.test.WatchDog.cancel(): canceling Fri Jul 12 05:50:10 UTC 2019
auto.tcl: Setting watchdog for 200 seconds at Fri Jul 12 05:50:10 UTC 2019
554 ms. Memory: 59392K Free: 20504K (35%)
ptolemy.util.test.WatchDog.cancel(): canceling Fri Jul 12 05:50:11 UTC 2019
------------------ testing $PTII/ptolemy/domains/de/test/auto/TimeDelayZeroDelay.xml
auto.tcl: Setting watchdog for 200 seconds at Fri Jul 12 05:50:11 UTC 2019
2 ms. Memory: 48128K Free: 30942K (64%)
ptolemy.util.test.WatchDog.cancel(): canceling Fri Jul 12 05:50:11 UTC 2019
auto.tcl: Setting watchdog for 200 seconds at Fri Jul 12 05:50:11 UTC 2019
2 ms. Memory: 48128K Free: 30096K (63%)
ptolemy.util.test.WatchDog.cancel(): canceling Fri Jul 12 05:50:11 UTC 2019
------------------ testing $PTII/ptolemy/domains/de/test/auto/TimerZeroDelay.xml
auto.tcl: Setting watchdog for 200 seconds at Fri Jul 12 05:50:11 UTC 2019
3 ms. Memory: 45056K Free: 28417K (63%)
ptolemy.util.test.WatchDog.cancel(): canceling Fri Jul 12 05:50:11 UTC 2019
auto.tcl: Setting watchdog for 200 seconds at Fri Jul 12 05:50:11 UTC 2019
2 ms. Memory: 45056K Free: 27913K (62%)
ptolemy.util.test.WatchDog.cancel(): canceling Fri Jul 12 05:50:11 UTC 2019
------------------ testing $PTII/ptolemy/domains/de/test/auto/TimingParadox.xml
auto.tcl: Setting watchdog for 200 seconds at Fri Jul 12 05:50:11 UTC 2019
434 ms. Memory: 45056K Free: 28046K (62%)
ptolemy.util.test.WatchDog.cancel(): canceling Fri Jul 12 05:50:12 UTC 2019
auto.tcl: Setting watchdog for 200 seconds at Fri Jul 12 05:50:12 UTC 2019
435 ms. Memory: 45056K Free: 11662K (26%)
ptolemy.util.test.WatchDog.cancel(): canceling Fri Jul 12 05:50:12 UTC 2019
------------------ testing $PTII/ptolemy/domains/de/test/auto/TransferInputs.xml
auto.tcl: Setting watchdog for 200 seconds at Fri Jul 12 05:50:12 UTC 2019
2 ms. Memory: 45056K Free: 26436K (59%)
ptolemy.util.test.WatchDog.cancel(): canceling Fri Jul 12 05:50:12 UTC 2019
auto.tcl: Setting watchdog for 200 seconds at Fri Jul 12 05:50:12 UTC 2019
2 ms. Memory: 45056K Free: 25485K (57%)
ptolemy.util.test.WatchDog.cancel(): canceling Fri Jul 12 05:50:12 UTC 2019
------------------ testing $PTII/ptolemy/domains/de/test/auto/TransferOutputs2.xml
auto.tcl: Setting watchdog for 200 seconds at Fri Jul 12 05:50:12 UTC 2019
3 ms. Memory: 45056K Free: 23873K (53%)
ptolemy.util.test.WatchDog.cancel(): canceling Fri Jul 12 05:50:12 UTC 2019
auto.tcl: Setting watchdog for 200 seconds at Fri Jul 12 05:50:12 UTC 2019
3 ms. Memory: 45056K Free: 22406K (50%)
ptolemy.util.test.WatchDog.cancel(): canceling Fri Jul 12 05:50:12 UTC 2019
------------------ testing $PTII/ptolemy/domains/de/test/auto/Trilateration.xml
auto.tcl: Setting watchdog for 200 seconds at Fri Jul 12 05:50:12 UTC 2019
17625 ms. Memory: 551936K Free: 284388K (52%)
ptolemy.util.test.WatchDog.cancel(): canceling Fri Jul 12 05:50:31 UTC 2019
auto.tcl: Setting watchdog for 200 seconds at Fri Jul 12 05:50:31 UTC 2019
16224 ms. Memory: 551936K Free: 503276K (91%)
ptolemy.util.test.WatchDog.cancel(): canceling Fri Jul 12 05:50:47 UTC 2019
------------------ testing $PTII/ptolemy/domains/de/test/auto/TwoSigmaDelta.xml
auto.tcl: Setting watchdog for 200 seconds at Fri Jul 12 05:50:48 UTC 2019
2895 ms. Memory: 86016K Free: 51167K (59%)
ptolemy.util.test.WatchDog.cancel(): canceling Fri Jul 12 05:50:51 UTC 2019
auto.tcl: Setting watchdog for 200 seconds at Fri Jul 12 05:50:51 UTC 2019
2240 ms. Memory: 86016K Free: 35285K (41%)
ptolemy.util.test.WatchDog.cancel(): canceling Fri Jul 12 05:50:53 UTC 2019
------------------ testing $PTII/ptolemy/domains/de/test/auto/VariableDelay.xml
auto.tcl: Setting watchdog for 200 seconds at Fri Jul 12 05:50:53 UTC 2019
3 ms. Memory: 48128K Free: 29931K (62%)
ptolemy.util.test.WatchDog.cancel(): canceling Fri Jul 12 05:50:53 UTC 2019
auto.tcl: Setting watchdog for 200 seconds at Fri Jul 12 05:50:53 UTC 2019
2 ms. Memory: 48128K Free: 29451K (61%)
ptolemy.util.test.WatchDog.cancel(): canceling Fri Jul 12 05:50:53 UTC 2019
------------------ testing $PTII/ptolemy/domains/de/test/auto/VariableDelay2.xml
auto.tcl: Setting watchdog for 200 seconds at Fri Jul 12 05:50:53 UTC 2019
1 ms. Memory: 45056K Free: 27288K (61%)
ptolemy.util.test.WatchDog.cancel(): canceling Fri Jul 12 05:50:53 UTC 2019
auto.tcl: Setting watchdog for 200 seconds at Fri Jul 12 05:50:53 UTC 2019
2 ms. Memory: 45056K Free: 26810K (60%)
ptolemy.util.test.WatchDog.cancel(): canceling Fri Jul 12 05:50:53 UTC 2019
------------------ testing $PTII/ptolemy/domains/de/test/auto/VariableDelayZeroDelay.xml
auto.tcl: Setting watchdog for 200 seconds at Fri Jul 12 05:50:53 UTC 2019
3 ms. Memory: 45056K Free: 27826K (62%)
ptolemy.util.test.WatchDog.cancel(): canceling Fri Jul 12 05:50:53 UTC 2019
auto.tcl: Setting watchdog for 200 seconds at Fri Jul 12 05:50:53 UTC 2019
3 ms. Memory: 45056K Free: 27311K (61%)
ptolemy.util.test.WatchDog.cancel(): canceling Fri Jul 12 05:50:53 UTC 2019
------------------ testing $PTII/ptolemy/domains/de/test/auto/VariableDelayZeroDelay2.xml
auto.tcl: Setting watchdog for 200 seconds at Fri Jul 12 05:50:53 UTC 2019
2 ms. Memory: 45056K Free: 27817K (62%)
ptolemy.util.test.WatchDog.cancel(): canceling Fri Jul 12 05:50:53 UTC 2019
auto.tcl: Setting watchdog for 200 seconds at Fri Jul 12 05:50:53 UTC 2019
2 ms. Memory: 45056K Free: 26866K (60%)
ptolemy.util.test.WatchDog.cancel(): canceling Fri Jul 12 05:50:53 UTC 2019
------------------ testing $PTII/ptolemy/domains/de/test/auto/deInCt.xml
auto.tcl: Setting watchdog for 200 seconds at Fri Jul 12 05:50:53 UTC 2019
0
1
1
1
0
0
0
1
1
1
0
0
0
0
1
1
1
1
1
0
0
0
1
1
1
0
0
0
1
1
1
0
0
0
0
0
0
1
1
1
1
11 ms. Memory: 45056K Free: 26773K (59%)
ptolemy.util.test.WatchDog.cancel(): canceling Fri Jul 12 05:50:53 UTC 2019
auto.tcl: Setting watchdog for 200 seconds at Fri Jul 12 05:50:53 UTC 2019
0
1
1
1
1
1
0
0
0
1
1
1
1
1
0
0
0
0
1
1
1
0
0
0
0
0
0
1
1
1
9 ms. Memory: 45056K Free: 25270K (56%)
ptolemy.util.test.WatchDog.cancel(): canceling Fri Jul 12 05:50:53 UTC 2019
------------------ testing $PTII/ptolemy/domains/de/test/auto/deInCt2.xml
auto.tcl: Setting watchdog for 200 seconds at Fri Jul 12 05:50:53 UTC 2019
0
1
1
1
0
0
1
1
1
0
0
1
1
1
0
0
1
1
1
0
0
1
1
1
0
0
1
1
1
0
0
1
1
1
0
0
1
1
1
0
0
0
9 ms. Memory: 45056K Free: 26801K (59%)
ptolemy.util.test.WatchDog.cancel(): canceling Fri Jul 12 05:50:53 UTC 2019
auto.tcl: Setting watchdog for 200 seconds at Fri Jul 12 05:50:53 UTC 2019
0
1
1
1
0
0
1
1
1
0
0
1
1
1
0
0
1
1
1
0
0
1
1
1
0
0
1
1
1
0
0
1
1
1
0
0
1
1
1
0
0
0
8 ms. Memory: 45056K Free: 25262K (56%)
ptolemy.util.test.WatchDog.cancel(): canceling Fri Jul 12 05:50:53 UTC 2019
------------------ testing $PTII/ptolemy/domains/de/test/auto/dynamicCausalityInterface1.xml
auto.tcl: Setting watchdog for 200 seconds at Fri Jul 12 05:50:53 UTC 2019
2 ms. Memory: 45056K Free: 22676K (50%)
ptolemy.util.test.WatchDog.cancel(): canceling Fri Jul 12 05:50:53 UTC 2019
auto.tcl: Setting watchdog for 200 seconds at Fri Jul 12 05:50:53 UTC 2019
1 ms. Memory: 45056K Free: 21755K (48%)
ptolemy.util.test.WatchDog.cancel(): canceling Fri Jul 12 05:50:53 UTC 2019
------------------ testing $PTII/ptolemy/domains/de/test/auto/fsm_de_test.xml
auto.tcl: Setting watchdog for 200 seconds at Fri Jul 12 05:50:53 UTC 2019
8 ms. Memory: 45056K Free: 22572K (50%)
ptolemy.util.test.WatchDog.cancel(): canceling Fri Jul 12 05:50:53 UTC 2019
auto.tcl: Setting watchdog for 200 seconds at Fri Jul 12 05:50:53 UTC 2019
6 ms. Memory: 45056K Free: 20600K (46%)
ptolemy.util.test.WatchDog.cancel(): canceling Fri Jul 12 05:50:53 UTC 2019
------------------ testing $PTII/ptolemy/domains/de/test/auto/functionDependencyReconstruction.xml
auto.tcl: Setting watchdog for 200 seconds at Fri Jul 12 05:50:53 UTC 2019
2 ms. Memory: 45056K Free: 16449K (37%)
ptolemy.util.test.WatchDog.cancel(): canceling Fri Jul 12 05:50:53 UTC 2019
auto.tcl: Setting watchdog for 200 seconds at Fri Jul 12 05:50:53 UTC 2019
3 ms. Memory: 45056K Free: 14430K (32%)
ptolemy.util.test.WatchDog.cancel(): canceling Fri Jul 12 05:50:53 UTC 2019
------------------ testing $PTII/ptolemy/domains/de/test/auto/multirate.xml
auto.tcl: Setting watchdog for 200 seconds at Fri Jul 12 05:50:54 UTC 2019
3 ms. Memory: 45056K Free: 25254K (56%)
ptolemy.util.test.WatchDog.cancel(): canceling Fri Jul 12 05:50:54 UTC 2019
auto.tcl: Setting watchdog for 200 seconds at Fri Jul 12 05:50:54 UTC 2019
5 ms. Memory: 45056K Free: 23603K (52%)
ptolemy.util.test.WatchDog.cancel(): canceling Fri Jul 12 05:50:54 UTC 2019
------------------ testing $PTII/ptolemy/domains/de/test/auto/multirate2.xml
auto.tcl: Setting watchdog for 200 seconds at Fri Jul 12 05:50:54 UTC 2019
7 ms. Memory: 45056K Free: 25408K (56%)
ptolemy.util.test.WatchDog.cancel(): canceling Fri Jul 12 05:50:54 UTC 2019
auto.tcl: Setting watchdog for 200 seconds at Fri Jul 12 05:50:54 UTC 2019
3 ms. Memory: 45056K Free: 23730K (53%)
ptolemy.util.test.WatchDog.cancel(): canceling Fri Jul 12 05:50:54 UTC 2019
------------------ testing $PTII/ptolemy/domains/de/test/auto/realtime.xml
auto.tcl: Setting watchdog for 200 seconds at Fri Jul 12 05:50:54 UTC 2019
10001 ms. Memory: 45056K Free: 27481K (61%)
ptolemy.util.test.WatchDog.cancel(): canceling Fri Jul 12 05:51:04 UTC 2019
auto.tcl: Setting watchdog for 200 seconds at Fri Jul 12 05:51:04 UTC 2019
10001 ms. Memory: 45056K Free: 26719K (59%)
ptolemy.util.test.WatchDog.cancel(): canceling Fri Jul 12 05:51:14 UTC 2019
------------------ testing $PTII/ptolemy/domains/de/test/auto/relationGroup.xml
auto.tcl: Setting watchdog for 200 seconds at Fri Jul 12 05:51:14 UTC 2019
8 ms. Memory: 45056K Free: 28553K (63%)
ptolemy.util.test.WatchDog.cancel(): canceling Fri Jul 12 05:51:14 UTC 2019
auto.tcl: Setting watchdog for 200 seconds at Fri Jul 12 05:51:14 UTC 2019
2 ms. Memory: 45056K Free: 27799K (62%)
ptolemy.util.test.WatchDog.cancel(): canceling Fri Jul 12 05:51:14 UTC 2019
------------------ testing $PTII/ptolemy/domains/de/test/auto/relationGroup2.xml
auto.tcl: Setting watchdog for 200 seconds at Fri Jul 12 05:51:14 UTC 2019
2 ms. Memory: 45056K Free: 28521K (63%)
ptolemy.util.test.WatchDog.cancel(): canceling Fri Jul 12 05:51:14 UTC 2019
auto.tcl: Setting watchdog for 200 seconds at Fri Jul 12 05:51:14 UTC 2019
1 ms. Memory: 45056K Free: 27825K (62%)
ptolemy.util.test.WatchDog.cancel(): canceling Fri Jul 12 05:51:14 UTC 2019
------------------ testing $PTII/ptolemy/domains/de/test/auto/sortWithOpaquePorts.xml
auto.tcl: Setting watchdog for 200 seconds at Fri Jul 12 05:51:14 UTC 2019
1 ms. Memory: 45056K Free: 27298K (61%)
ptolemy.util.test.WatchDog.cancel(): canceling Fri Jul 12 05:51:14 UTC 2019
auto.tcl: Setting watchdog for 200 seconds at Fri Jul 12 05:51:14 UTC 2019
1 ms. Memory: 45056K Free: 26308K (58%)
ptolemy.util.test.WatchDog.cancel(): canceling Fri Jul 12 05:51:14 UTC 2019
------------------ testing $PTII/ptolemy/domains/de/test/auto/transferInputsandOutputs.xml
auto.tcl: Setting watchdog for 200 seconds at Fri Jul 12 05:51:14 UTC 2019
3 ms. Memory: 45056K Free: 24742K (55%)
ptolemy.util.test.WatchDog.cancel(): canceling Fri Jul 12 05:51:14 UTC 2019
auto.tcl: Setting watchdog for 200 seconds at Fri Jul 12 05:51:14 UTC 2019
1 ms. Memory: 45056K Free: 23807K (53%)
ptolemy.util.test.WatchDog.cancel(): canceling Fri Jul 12 05:51:14 UTC 2019
------------------ testing $PTII/ptolemy/domains/de/test/auto/triggerType.xml
auto.tcl: Setting watchdog for 200 seconds at Fri Jul 12 05:51:14 UTC 2019
1 ms. Memory: 45056K Free: 27775K (62%)
ptolemy.util.test.WatchDog.cancel(): canceling Fri Jul 12 05:51:14 UTC 2019
auto.tcl: Setting watchdog for 200 seconds at Fri Jul 12 05:51:14 UTC 2019
1 ms. Memory: 45056K Free: 26824K (60%)
ptolemy.util.test.WatchDog.cancel(): canceling Fri Jul 12 05:51:14 UTC 2019
07/12/19 05:51:14
Failed: 0  Total Tests: 192  ((Passed: 187, Newly Passed: 1)  Known Failed: 5) /home/travis/build/icyphy/ptII/ptolemy/domains/de/test
07/12/19 05:51:14
Failed: 0  Total Tests: 192  ((Passed: 187, Newly Passed: 1)  Known Failed: 5) /home/travis/build/icyphy/ptII/ptolemy/domains/de/test
----------------- testing (KnownFailure) /home/travis/build/icyphy/ptII/ptolemy/domains/de/test/auto/knownFailedTests/DESDFClockTest.xml
2008 ms. Memory: 45056K Free: 21161K (47%)
Known Failure: java.lang.reflect.InvocationTargetException
----------------- testing (KnownFailure) /home/travis/build/icyphy/ptII/ptolemy/domains/de/test/auto/knownFailedTests/DirectFeedback.xml
1 ms. Memory: 45056K Free: 17579K (39%)
Known Failure: java.lang.reflect.InvocationTargetException
----------------- testing (KnownFailure) /home/travis/build/icyphy/ptII/ptolemy/domains/de/test/auto/knownFailedTests/FSMSource.xml
5 ms. Memory: 45056K Free: 10411K (23%)
----------------- testing (KnownFailure) /home/travis/build/icyphy/ptII/ptolemy/domains/de/test/auto/knownFailedTests/HierarchicalModel.xml
3 ms. Memory: 45056K Free: 19426K (43%)
Known Failure: java.lang.reflect.InvocationTargetException
----------------- testing (KnownFailure) /home/travis/build/icyphy/ptII/ptolemy/domains/de/test/auto/knownFailedTests/dependencyLoop.xml
2 ms. Memory: 45056K Free: 28844K (64%)
Known Failure: java.lang.reflect.InvocationTargetException
----------------- testing (KnownFailure) /home/travis/build/icyphy/ptII/ptolemy/domains/de/test/auto/knownFailedTests/dependencyLoop2.xml
3 ms. Memory: 45056K Free: 14172K (31%)
Known Failure: java.lang.reflect.InvocationTargetException
No auto/linux-amd64/*.xml tests in /home/travis/build/icyphy/ptII/ptolemy/domains/de/test
AutoTests.java: About to close Vertx.
AutoTests.java: Vertx closed.

===========================================================================================
----------------- testing Fri Jul 12 05:51:16 UTC 2019 /home/travis/build/icyphy/ptII/ptolemy/domains/de/test/auto/ActorDepthCalculation_actorWithoutPorts.xml
----------------- Instantiating /home/travis/build/icyphy/ptII/ptolemy/domains/de/test/auto/ActorDepthCalculation_actorWithoutPorts.xml
1 ms. Memory: 45056K Free: 7607K (17%)
----------------- Invoking toplevel() on ptolemy.moml.MoMLSimpleApplication@33ac69bd
----------------- Done invoking toplevel() on ptolemy.moml.MoMLSimpleApplication@33ac69bd
reloadAllAccessors: .ActorDepthCalculation_actorWithoutPorts

===========================================================================================
----------------- testing Fri Jul 12 05:51:16 UTC 2019 /home/travis/build/icyphy/ptII/ptolemy/domains/de/test/auto/AssemblyLine.xml
----------------- Instantiating /home/travis/build/icyphy/ptII/ptolemy/domains/de/test/auto/AssemblyLine.xml
2 ms. Memory: 45056K Free: 25188K (56%)
----------------- Invoking toplevel() on ptolemy.moml.MoMLSimpleApplication@54751625
----------------- Done invoking toplevel() on ptolemy.moml.MoMLSimpleApplication@54751625
reloadAllAccessors: .AssemblyLine

===========================================================================================
----------------- testing Fri Jul 12 05:51:16 UTC 2019 /home/travis/build/icyphy/ptII/ptolemy/domains/de/test/auto/CQBug1.xml
----------------- Instantiating /home/travis/build/icyphy/ptII/ptolemy/domains/de/test/auto/CQBug1.xml
1 ms. Memory: 45056K Free: 22140K (49%)
----------------- Invoking toplevel() on ptolemy.moml.MoMLSimpleApplication@6f39e502
----------------- Done invoking toplevel() on ptolemy.moml.MoMLSimpleApplication@6f39e502
reloadAllAccessors: .CQBug1

===========================================================================================
----------------- testing Fri Jul 12 05:51:16 UTC 2019 /home/travis/build/icyphy/ptII/ptolemy/domains/de/test/auto/CancelFireAt.xml
----------------- Instantiating /home/travis/build/icyphy/ptII/ptolemy/domains/de/test/auto/CancelFireAt.xml
1 ms. Memory: 45056K Free: 19520K (43%)
----------------- Invoking toplevel() on ptolemy.moml.MoMLSimpleApplication@24838f5c
----------------- Done invoking toplevel() on ptolemy.moml.MoMLSimpleApplication@24838f5c
reloadAllAccessors: .CancelFireAt

===========================================================================================
----------------- testing Fri Jul 12 05:51:16 UTC 2019 /home/travis/build/icyphy/ptII/ptolemy/domains/de/test/auto/CausalityAndComposabilityAnalysis.xml
----------------- Instantiating /home/travis/build/icyphy/ptII/ptolemy/domains/de/test/auto/CausalityAndComposabilityAnalysis.xml
10 ms. Memory: 45056K Free: 15234K (34%)
----------------- Invoking toplevel() on ptolemy.moml.MoMLSimpleApplication@5f26ff4d
----------------- Done invoking toplevel() on ptolemy.moml.MoMLSimpleApplication@5f26ff4d
reloadAllAccessors: .CausalityAndComposabilityAnalysis

===========================================================================================
----------------- testing Fri Jul 12 05:51:16 UTC 2019 /home/travis/build/icyphy/ptII/ptolemy/domains/de/test/auto/CausalityInterface1.xml
----------------- Instantiating /home/travis/build/icyphy/ptII/ptolemy/domains/de/test/auto/CausalityInterface1.xml
5 ms. Memory: 45056K Free: 10114K (22%)
----------------- Invoking toplevel() on ptolemy.moml.MoMLSimpleApplication@101ed7d7
----------------- Done invoking toplevel() on ptolemy.moml.MoMLSimpleApplication@101ed7d7
reloadAllAccessors: .CausalityInterface1

===========================================================================================
----------------- testing Fri Jul 12 05:51:16 UTC 2019 /home/travis/build/icyphy/ptII/ptolemy/domains/de/test/auto/CausalityInterface15.xml
----------------- Instantiating /home/travis/build/icyphy/ptII/ptolemy/domains/de/test/auto/CausalityInterface15.xml
1 ms. Memory: 45056K Free: 29351K (65%)
----------------- Invoking toplevel() on ptolemy.moml.MoMLSimpleApplication@13667f28
----------------- Done invoking toplevel() on ptolemy.moml.MoMLSimpleApplication@13667f28
reloadAllAccessors: .CausalityInterface15

===========================================================================================
----------------- testing Fri Jul 12 05:51:16 UTC 2019 /home/travis/build/icyphy/ptII/ptolemy/domains/de/test/auto/CausalityInterface2.xml
----------------- Instantiating /home/travis/build/icyphy/ptII/ptolemy/domains/de/test/auto/CausalityInterface2.xml
1 ms. Memory: 45056K Free: 24801K (55%)
----------------- Invoking toplevel() on ptolemy.moml.MoMLSimpleApplication@7e6bd0a4
----------------- Done invoking toplevel() on ptolemy.moml.MoMLSimpleApplication@7e6bd0a4
reloadAllAccessors: .CausalityInterface2

===========================================================================================
----------------- testing Fri Jul 12 05:51:16 UTC 2019 /home/travis/build/icyphy/ptII/ptolemy/domains/de/test/auto/CausalityInterface3.xml
----------------- Instantiating /home/travis/build/icyphy/ptII/ptolemy/domains/de/test/auto/CausalityInterface3.xml
1 ms. Memory: 45056K Free: 19925K (44%)
----------------- Invoking toplevel() on ptolemy.moml.MoMLSimpleApplication@651c4319
----------------- Done invoking toplevel() on ptolemy.moml.MoMLSimpleApplication@651c4319
reloadAllAccessors: .CausalityInterface3

===========================================================================================
----------------- testing Fri Jul 12 05:51:16 UTC 2019 /home/travis/build/icyphy/ptII/ptolemy/domains/de/test/auto/ClockDrift.xml
----------------- Instantiating /home/travis/build/icyphy/ptII/ptolemy/domains/de/test/auto/ClockDrift.xml
12 ms. Memory: 45056K Free: 8216K (18%)
----------------- Invoking toplevel() on ptolemy.moml.MoMLSimpleApplication@6550f35c
----------------- Done invoking toplevel() on ptolemy.moml.MoMLSimpleApplication@6550f35c
reloadAllAccessors: .ClockDrift

===========================================================================================
----------------- testing Fri Jul 12 05:51:16 UTC 2019 /home/travis/build/icyphy/ptII/ptolemy/domains/de/test/auto/ClockDriftAndValueChange.xml
----------------- Instantiating /home/travis/build/icyphy/ptII/ptolemy/domains/de/test/auto/ClockDriftAndValueChange.xml
8 ms. Memory: 45056K Free: 21348K (47%)
----------------- Invoking toplevel() on ptolemy.moml.MoMLSimpleApplication@142d01e2
----------------- Done invoking toplevel() on ptolemy.moml.MoMLSimpleApplication@142d01e2
reloadAllAccessors: .ClockDriftAndValueChange

===========================================================================================
----------------- testing Fri Jul 12 05:51:16 UTC 2019 /home/travis/build/icyphy/ptII/ptolemy/domains/de/test/auto/ClockDriftChange.xml
----------------- Instantiating /home/travis/build/icyphy/ptII/ptolemy/domains/de/test/auto/ClockDriftChange.xml
7 ms. Memory: 45056K Free: 11375K (25%)
----------------- Invoking toplevel() on ptolemy.moml.MoMLSimpleApplication@21b19f64
----------------- Done invoking toplevel() on ptolemy.moml.MoMLSimpleApplication@21b19f64
reloadAllAccessors: .ClockDriftChange

===========================================================================================
----------------- testing Fri Jul 12 05:51:17 UTC 2019 /home/travis/build/icyphy/ptII/ptolemy/domains/de/test/auto/ComposableCausalityAnalysis.xml
----------------- Instantiating /home/travis/build/icyphy/ptII/ptolemy/domains/de/test/auto/ComposableCausalityAnalysis.xml
1 ms. Memory: 45056K Free: 29216K (65%)
----------------- Invoking toplevel() on ptolemy.moml.MoMLSimpleApplication@308b37b3
----------------- Done invoking toplevel() on ptolemy.moml.MoMLSimpleApplication@308b37b3
reloadAllAccessors: .ComposableCausalityAnalysis

===========================================================================================
----------------- testing Fri Jul 12 05:51:17 UTC 2019 /home/travis/build/icyphy/ptII/ptolemy/domains/de/test/auto/DEFixedPointLimitation.xml
----------------- Instantiating /home/travis/build/icyphy/ptII/ptolemy/domains/de/test/auto/DEFixedPointLimitation.xml
1 ms. Memory: 45056K Free: 24670K (55%)
----------------- Invoking toplevel() on ptolemy.moml.MoMLSimpleApplication@d28b477
----------------- Done invoking toplevel() on ptolemy.moml.MoMLSimpleApplication@d28b477
reloadAllAccessors: .DEFixedPointLimitation

===========================================================================================
----------------- testing Fri Jul 12 05:51:17 UTC 2019 /home/travis/build/icyphy/ptII/ptolemy/domains/de/test/auto/DEScheduleTest.xml
----------------- Instantiating /home/travis/build/icyphy/ptII/ptolemy/domains/de/test/auto/DEScheduleTest.xml
2 ms. Memory: 45056K Free: 20355K (45%)
----------------- Invoking toplevel() on ptolemy.moml.MoMLSimpleApplication@5814803a
----------------- Done invoking toplevel() on ptolemy.moml.MoMLSimpleApplication@5814803a
reloadAllAccessors: .DEScheduleTest

===========================================================================================
----------------- testing Fri Jul 12 05:51:17 UTC 2019 /home/travis/build/icyphy/ptII/ptolemy/domains/de/test/auto/DEinDEwithStartTimes.xml
----------------- Instantiating /home/travis/build/icyphy/ptII/ptolemy/domains/de/test/auto/DEinDEwithStartTimes.xml
1 ms. Memory: 45056K Free: 14636K (32%)
----------------- Invoking toplevel() on ptolemy.moml.MoMLSimpleApplication@4629dbd5
----------------- Done invoking toplevel() on ptolemy.moml.MoMLSimpleApplication@4629dbd5
reloadAllAccessors: .DEinDEwithStartTimes

===========================================================================================
----------------- testing Fri Jul 12 05:51:17 UTC 2019 /home/travis/build/icyphy/ptII/ptolemy/domains/de/test/auto/DEinDEwithStartTimes2.xml
----------------- Instantiating /home/travis/build/icyphy/ptII/ptolemy/domains/de/test/auto/DEinDEwithStartTimes2.xml
2 ms. Memory: 45056K Free: 8161K (18%)
----------------- Invoking toplevel() on ptolemy.moml.MoMLSimpleApplication@3cdce11f
----------------- Done invoking toplevel() on ptolemy.moml.MoMLSimpleApplication@3cdce11f
reloadAllAccessors: .DEinDEwithStartTimes2

===========================================================================================
----------------- testing Fri Jul 12 05:51:17 UTC 2019 /home/travis/build/icyphy/ptII/ptolemy/domains/de/test/auto/DateDemo.xml
----------------- Instantiating /home/travis/build/icyphy/ptII/ptolemy/domains/de/test/auto/DateDemo.xml
6 ms. Memory: 45056K Free: 20632K (46%)
----------------- Invoking toplevel() on ptolemy.moml.MoMLSimpleApplication@66fc0b17
----------------- Done invoking toplevel() on ptolemy.moml.MoMLSimpleApplication@66fc0b17
reloadAllAccessors: .DateDemo

===========================================================================================
----------------- testing Fri Jul 12 05:51:17 UTC 2019 /home/travis/build/icyphy/ptII/ptolemy/domains/de/test/auto/DateToEvent.xml
----------------- Instantiating /home/travis/build/icyphy/ptII/ptolemy/domains/de/test/auto/DateToEvent.xml
2003 ms. Memory: 45056K Free: 28348K (63%)
----------------- Invoking toplevel() on ptolemy.moml.MoMLSimpleApplication@3e61d467
----------------- Done invoking toplevel() on ptolemy.moml.MoMLSimpleApplication@3e61d467
reloadAllAccessors: .DateToEvent

===========================================================================================
----------------- testing Fri Jul 12 05:51:19 UTC 2019 /home/travis/build/icyphy/ptII/ptolemy/domains/de/test/auto/DepthTest1.xml
----------------- Instantiating /home/travis/build/icyphy/ptII/ptolemy/domains/de/test/auto/DepthTest1.xml
1 ms. Memory: 45056K Free: 25707K (57%)
----------------- Invoking toplevel() on ptolemy.moml.MoMLSimpleApplication@1b764d2f
----------------- Done invoking toplevel() on ptolemy.moml.MoMLSimpleApplication@1b764d2f
reloadAllAccessors: .DepthTest1

===========================================================================================
----------------- testing Fri Jul 12 05:51:19 UTC 2019 /home/travis/build/icyphy/ptII/ptolemy/domains/de/test/auto/DepthTest2.xml
----------------- Instantiating /home/travis/build/icyphy/ptII/ptolemy/domains/de/test/auto/DepthTest2.xml
2 ms. Memory: 45056K Free: 19146K (42%)
----------------- Invoking toplevel() on ptolemy.moml.MoMLSimpleApplication@3d271cb8
----------------- Done invoking toplevel() on ptolemy.moml.MoMLSimpleApplication@3d271cb8
reloadAllAccessors: .DepthTest2

===========================================================================================
----------------- testing Fri Jul 12 05:51:19 UTC 2019 /home/travis/build/icyphy/ptII/ptolemy/domains/de/test/auto/DepthTest3.xml
----------------- Instantiating /home/travis/build/icyphy/ptII/ptolemy/domains/de/test/auto/DepthTest3.xml
1 ms. Memory: 45056K Free: 16247K (36%)
----------------- Invoking toplevel() on ptolemy.moml.MoMLSimpleApplication@737779e3
----------------- Done invoking toplevel() on ptolemy.moml.MoMLSimpleApplication@737779e3
reloadAllAccessors: .DepthTest3

===========================================================================================
----------------- testing Fri Jul 12 05:51:19 UTC 2019 /home/travis/build/icyphy/ptII/ptolemy/domains/de/test/auto/DepthTest4.xml
----------------- Instantiating /home/travis/build/icyphy/ptII/ptolemy/domains/de/test/auto/DepthTest4.xml
1 ms. Memory: 45056K Free: 11395K (25%)
----------------- Invoking toplevel() on ptolemy.moml.MoMLSimpleApplication@2e8af7c5
----------------- Done invoking toplevel() on ptolemy.moml.MoMLSimpleApplication@2e8af7c5
reloadAllAccessors: .DepthTest4

===========================================================================================
----------------- testing Fri Jul 12 05:51:19 UTC 2019 /home/travis/build/icyphy/ptII/ptolemy/domains/de/test/auto/DepthTest5.xml
----------------- Instantiating /home/travis/build/icyphy/ptII/ptolemy/domains/de/test/auto/DepthTest5.xml
1 ms. Memory: 45056K Free: 29938K (66%)
----------------- Invoking toplevel() on ptolemy.moml.MoMLSimpleApplication@66d3d5cf
----------------- Done invoking toplevel() on ptolemy.moml.MoMLSimpleApplication@66d3d5cf
reloadAllAccessors: .DepthTest5

===========================================================================================
----------------- testing Fri Jul 12 05:51:19 UTC 2019 /home/travis/build/icyphy/ptII/ptolemy/domains/de/test/auto/DepthTest6.xml
----------------- Instantiating /home/travis/build/icyphy/ptII/ptolemy/domains/de/test/auto/DepthTest6.xml
2 ms. Memory: 45056K Free: 24661K (55%)
----------------- Invoking toplevel() on ptolemy.moml.MoMLSimpleApplication@342570d2
----------------- Done invoking toplevel() on ptolemy.moml.MoMLSimpleApplication@342570d2
reloadAllAccessors: .DepthTest6

===========================================================================================
----------------- testing Fri Jul 12 05:51:19 UTC 2019 /home/travis/build/icyphy/ptII/ptolemy/domains/de/test/auto/DepthTest7.xml
----------------- Instantiating /home/travis/build/icyphy/ptII/ptolemy/domains/de/test/auto/DepthTest7.xml
3 ms. Memory: 45056K Free: 19707K (44%)
----------------- Invoking toplevel() on ptolemy.moml.MoMLSimpleApplication@16144db9
----------------- Done invoking toplevel() on ptolemy.moml.MoMLSimpleApplication@16144db9
reloadAllAccessors: .DepthTest7

===========================================================================================
----------------- testing Fri Jul 12 05:51:19 UTC 2019 /home/travis/build/icyphy/ptII/ptolemy/domains/de/test/auto/EventToDate.xml
----------------- Instantiating /home/travis/build/icyphy/ptII/ptolemy/domains/de/test/auto/EventToDate.xml
3004 ms. Memory: 45056K Free: 29767K (66%)
----------------- Invoking toplevel() on ptolemy.moml.MoMLSimpleApplication@2feade1d
----------------- Done invoking toplevel() on ptolemy.moml.MoMLSimpleApplication@2feade1d
reloadAllAccessors: .EventToDate

===========================================================================================
----------------- testing Fri Jul 12 05:51:22 UTC 2019 /home/travis/build/icyphy/ptII/ptolemy/domains/de/test/auto/FSM1.xml
----------------- Instantiating /home/travis/build/icyphy/ptII/ptolemy/domains/de/test/auto/FSM1.xml
21 ms. Memory: 45056K Free: 17795K (39%)
----------------- Invoking toplevel() on ptolemy.moml.MoMLSimpleApplication@67019dc0
----------------- Done invoking toplevel() on ptolemy.moml.MoMLSimpleApplication@67019dc0
reloadAllAccessors: .FSM1

===========================================================================================
----------------- testing Fri Jul 12 05:51:22 UTC 2019 /home/travis/build/icyphy/ptII/ptolemy/domains/de/test/auto/FSM7.xml
----------------- Instantiating /home/travis/build/icyphy/ptII/ptolemy/domains/de/test/auto/FSM7.xml
20 ms. Memory: 45056K Free: 29476K (65%)
----------------- Invoking toplevel() on ptolemy.moml.MoMLSimpleApplication@2fa696d0
----------------- Done invoking toplevel() on ptolemy.moml.MoMLSimpleApplication@2fa696d0
reloadAllAccessors: .FSM7

===========================================================================================
----------------- testing Fri Jul 12 05:51:22 UTC 2019 /home/travis/build/icyphy/ptII/ptolemy/domains/de/test/auto/Inspection.xml
----------------- Instantiating /home/travis/build/icyphy/ptII/ptolemy/domains/de/test/auto/Inspection.xml
16 ms. Memory: 45056K Free: 17112K (38%)
----------------- Invoking toplevel() on ptolemy.moml.MoMLSimpleApplication@5dad07f6
----------------- Done invoking toplevel() on ptolemy.moml.MoMLSimpleApplication@5dad07f6
reloadAllAccessors: .Inspection

===========================================================================================
----------------- testing Fri Jul 12 05:51:22 UTC 2019 /home/travis/build/icyphy/ptII/ptolemy/domains/de/test/auto/Iteration.xml
----------------- Instantiating /home/travis/build/icyphy/ptII/ptolemy/domains/de/test/auto/Iteration.xml
14 ms. Memory: 45056K Free: 10147K (23%)
----------------- Invoking toplevel() on ptolemy.moml.MoMLSimpleApplication@7c25d372
----------------- Done invoking toplevel() on ptolemy.moml.MoMLSimpleApplication@7c25d372
reloadAllAccessors: .Iteration

===========================================================================================
----------------- testing Fri Jul 12 05:51:22 UTC 2019 /home/travis/build/icyphy/ptII/ptolemy/domains/de/test/auto/LineFault.xml
----------------- Instantiating /home/travis/build/icyphy/ptII/ptolemy/domains/de/test/auto/LineFault.xml
496 ms. Memory: 45056K Free: 10558K (23%)
----------------- Invoking toplevel() on ptolemy.moml.MoMLSimpleApplication@39b991de
----------------- Done invoking toplevel() on ptolemy.moml.MoMLSimpleApplication@39b991de
reloadAllAccessors: .LineFault

===========================================================================================
----------------- testing Fri Jul 12 05:51:23 UTC 2019 /home/travis/build/icyphy/ptII/ptolemy/domains/de/test/auto/MergeModel1Add.xml
----------------- Instantiating /home/travis/build/icyphy/ptII/ptolemy/domains/de/test/auto/MergeModel1Add.xml
11 ms. Memory: 45056K Free: 12431K (28%)
----------------- Invoking toplevel() on ptolemy.moml.MoMLSimpleApplication@738c6346
----------------- Done invoking toplevel() on ptolemy.moml.MoMLSimpleApplication@738c6346
reloadAllAccessors: .MergeModel1Add

===========================================================================================
----------------- testing Fri Jul 12 05:51:23 UTC 2019 /home/travis/build/icyphy/ptII/ptolemy/domains/de/test/auto/MergeModel2Add.xml
----------------- Instantiating /home/travis/build/icyphy/ptII/ptolemy/domains/de/test/auto/MergeModel2Add.xml
6 ms. Memory: 54272K Free: 24387K (45%)
----------------- Invoking toplevel() on ptolemy.moml.MoMLSimpleApplication@234d2339
----------------- Done invoking toplevel() on ptolemy.moml.MoMLSimpleApplication@234d2339
reloadAllAccessors: .MergeModel2Add

===========================================================================================
----------------- testing Fri Jul 12 05:51:23 UTC 2019 /home/travis/build/icyphy/ptII/ptolemy/domains/de/test/auto/MergeModel3Add.xml
----------------- Instantiating /home/travis/build/icyphy/ptII/ptolemy/domains/de/test/auto/MergeModel3Add.xml
8 ms. Memory: 54272K Free: 30628K (56%)
----------------- Invoking toplevel() on ptolemy.moml.MoMLSimpleApplication@3812dd2e
----------------- Done invoking toplevel() on ptolemy.moml.MoMLSimpleApplication@3812dd2e
reloadAllAccessors: .MergeModel3Add

===========================================================================================
----------------- testing Fri Jul 12 05:51:23 UTC 2019 /home/travis/build/icyphy/ptII/ptolemy/domains/de/test/auto/MergeWithoutDiscard.xml
----------------- Instantiating /home/travis/build/icyphy/ptII/ptolemy/domains/de/test/auto/MergeWithoutDiscard.xml
1 ms. Memory: 54272K Free: 26546K (49%)
----------------- Invoking toplevel() on ptolemy.moml.MoMLSimpleApplication@2e4238c8
----------------- Done invoking toplevel() on ptolemy.moml.MoMLSimpleApplication@2e4238c8
reloadAllAccessors: .MergeWithoutDiscard

===========================================================================================
----------------- testing Fri Jul 12 05:51:23 UTC 2019 /home/travis/build/icyphy/ptII/ptolemy/domains/de/test/auto/Modal1.xml
----------------- Instantiating /home/travis/build/icyphy/ptII/ptolemy/domains/de/test/auto/Modal1.xml
8 ms. Memory: 54272K Free: 14530K (27%)
----------------- Invoking toplevel() on ptolemy.moml.MoMLSimpleApplication@7333cc89
----------------- Done invoking toplevel() on ptolemy.moml.MoMLSimpleApplication@7333cc89
reloadAllAccessors: .Modal1

===========================================================================================
----------------- testing Fri Jul 12 05:51:23 UTC 2019 /home/travis/build/icyphy/ptII/ptolemy/domains/de/test/auto/Modal2.xml
----------------- Instantiating /home/travis/build/icyphy/ptII/ptolemy/domains/de/test/auto/Modal2.xml
7 ms. Memory: 54272K Free: 27553K (51%)
----------------- Invoking toplevel() on ptolemy.moml.MoMLSimpleApplication@6f81e5a9
----------------- Done invoking toplevel() on ptolemy.moml.MoMLSimpleApplication@6f81e5a9
reloadAllAccessors: .Modal2

===========================================================================================
----------------- testing Fri Jul 12 05:51:23 UTC 2019 /home/travis/build/icyphy/ptII/ptolemy/domains/de/test/auto/Modal3.xml
----------------- Instantiating /home/travis/build/icyphy/ptII/ptolemy/domains/de/test/auto/Modal3.xml
8 ms. Memory: 54272K Free: 15288K (28%)
----------------- Invoking toplevel() on ptolemy.moml.MoMLSimpleApplication@5cc30ef7
----------------- Done invoking toplevel() on ptolemy.moml.MoMLSimpleApplication@5cc30ef7
reloadAllAccessors: .Modal3

===========================================================================================
----------------- testing Fri Jul 12 05:51:23 UTC 2019 /home/travis/build/icyphy/ptII/ptolemy/domains/de/test/auto/Modal4.xml
----------------- Instantiating /home/travis/build/icyphy/ptII/ptolemy/domains/de/test/auto/Modal4.xml
11 ms. Memory: 54272K Free: 27658K (51%)
----------------- Invoking toplevel() on ptolemy.moml.MoMLSimpleApplication@77dfb46f
----------------- Done invoking toplevel() on ptolemy.moml.MoMLSimpleApplication@77dfb46f
reloadAllAccessors: .Modal4

===========================================================================================
----------------- testing Fri Jul 12 05:51:23 UTC 2019 /home/travis/build/icyphy/ptII/ptolemy/domains/de/test/auto/Modal5.xml
----------------- Instantiating /home/travis/build/icyphy/ptII/ptolemy/domains/de/test/auto/Modal5.xml
11 ms. Memory: 54272K Free: 14907K (27%)
----------------- Invoking toplevel() on ptolemy.moml.MoMLSimpleApplication@4f5c6803
----------------- Done invoking toplevel() on ptolemy.moml.MoMLSimpleApplication@4f5c6803
reloadAllAccessors: .Modal5

===========================================================================================
----------------- testing Fri Jul 12 05:51:23 UTC 2019 /home/travis/build/icyphy/ptII/ptolemy/domains/de/test/auto/Modal6.xml
----------------- Instantiating /home/travis/build/icyphy/ptII/ptolemy/domains/de/test/auto/Modal6.xml
9 ms. Memory: 54272K Free: 28358K (52%)
----------------- Invoking toplevel() on ptolemy.moml.MoMLSimpleApplication@5ce91d53
----------------- Done invoking toplevel() on ptolemy.moml.MoMLSimpleApplication@5ce91d53
reloadAllAccessors: .Modal6

===========================================================================================
----------------- testing Fri Jul 12 05:51:23 UTC 2019 /home/travis/build/icyphy/ptII/ptolemy/domains/de/test/auto/Modal7.xml
----------------- Instantiating /home/travis/build/icyphy/ptII/ptolemy/domains/de/test/auto/Modal7.xml
7 ms. Memory: 54272K Free: 15366K (28%)
----------------- Invoking toplevel() on ptolemy.moml.MoMLSimpleApplication@931f34e
----------------- Done invoking toplevel() on ptolemy.moml.MoMLSimpleApplication@931f34e
reloadAllAccessors: .Modal7

===========================================================================================
----------------- testing Fri Jul 12 05:51:23 UTC 2019 /home/travis/build/icyphy/ptII/ptolemy/domains/de/test/auto/ModalModel.xml
----------------- Instantiating /home/travis/build/icyphy/ptII/ptolemy/domains/de/test/auto/ModalModel.xml
157 ms. Memory: 82944K Free: 52422K (63%)
----------------- Invoking toplevel() on ptolemy.moml.MoMLSimpleApplication@68129036
----------------- Done invoking toplevel() on ptolemy.moml.MoMLSimpleApplication@68129036
reloadAllAccessors: .ModalModel

===========================================================================================
----------------- testing Fri Jul 12 05:51:23 UTC 2019 /home/travis/build/icyphy/ptII/ptolemy/domains/de/test/auto/ModalSource.xml
----------------- Instantiating /home/travis/build/icyphy/ptII/ptolemy/domains/de/test/auto/ModalSource.xml
6 ms. Memory: 82944K Free: 44230K (53%)
----------------- Invoking toplevel() on ptolemy.moml.MoMLSimpleApplication@2a5d2395
----------------- Done invoking toplevel() on ptolemy.moml.MoMLSimpleApplication@2a5d2395
reloadAllAccessors: .ModalSource

===========================================================================================
----------------- testing Fri Jul 12 05:51:23 UTC 2019 /home/travis/build/icyphy/ptII/ptolemy/domains/de/test/auto/NonInterruptibleTimerZeroDelay.xml
----------------- Instantiating /home/travis/build/icyphy/ptII/ptolemy/domains/de/test/auto/NonInterruptibleTimerZeroDelay.xml
2 ms. Memory: 82944K Free: 40352K (49%)
----------------- Invoking toplevel() on ptolemy.moml.MoMLSimpleApplication@283f231e
----------------- Done invoking toplevel() on ptolemy.moml.MoMLSimpleApplication@283f231e
reloadAllAccessors: .NonInterruptibleTimerZeroDelay

===========================================================================================
----------------- testing Fri Jul 12 05:51:23 UTC 2019 /home/travis/build/icyphy/ptII/ptolemy/domains/de/test/auto/OpenQueueingNetwork.xml
----------------- Instantiating /home/travis/build/icyphy/ptII/ptolemy/domains/de/test/auto/OpenQueueingNetwork.xml
2540 ms. Memory: 257024K Free: 232352K (90%)
----------------- Invoking toplevel() on ptolemy.moml.MoMLSimpleApplication@602f9f71
----------------- Done invoking toplevel() on ptolemy.moml.MoMLSimpleApplication@602f9f71
reloadAllAccessors: .OpenQueueingNetwork

===========================================================================================
----------------- testing Fri Jul 12 05:51:26 UTC 2019 /home/travis/build/icyphy/ptII/ptolemy/domains/de/test/auto/OpenQueuingNetwork.xml
----------------- Instantiating /home/travis/build/icyphy/ptII/ptolemy/domains/de/test/auto/OpenQueuingNetwork.xml
273 ms. Memory: 257024K Free: 154528K (60%)
----------------- Invoking toplevel() on ptolemy.moml.MoMLSimpleApplication@36a5ce80
----------------- Done invoking toplevel() on ptolemy.moml.MoMLSimpleApplication@36a5ce80
reloadAllAccessors: .OpenQueuingNetwork

===========================================================================================
----------------- testing Fri Jul 12 05:51:26 UTC 2019 /home/travis/build/icyphy/ptII/ptolemy/domains/de/test/auto/PeriodicSampler.xml
----------------- Instantiating /home/travis/build/icyphy/ptII/ptolemy/domains/de/test/auto/PeriodicSampler.xml
3 ms. Memory: 257024K Free: 150432K (59%)
----------------- Invoking toplevel() on ptolemy.moml.MoMLSimpleApplication@3634c312
----------------- Done invoking toplevel() on ptolemy.moml.MoMLSimpleApplication@3634c312
reloadAllAccessors: .PeriodicSampler

===========================================================================================
----------------- testing Fri Jul 12 05:51:26 UTC 2019 /home/travis/build/icyphy/ptII/ptolemy/domains/de/test/auto/PersistentIO.xml
----------------- Instantiating /home/travis/build/icyphy/ptII/ptolemy/domains/de/test/auto/PersistentIO.xml
9 ms. Memory: 257024K Free: 141186K (55%)
----------------- Invoking toplevel() on ptolemy.moml.MoMLSimpleApplication@69957ab7
----------------- Done invoking toplevel() on ptolemy.moml.MoMLSimpleApplication@69957ab7
reloadAllAccessors: .PersistentIO

===========================================================================================
----------------- testing Fri Jul 12 05:51:26 UTC 2019 /home/travis/build/icyphy/ptII/ptolemy/domains/de/test/auto/PortParameterResetOnInitialize.xml
----------------- Instantiating /home/travis/build/icyphy/ptII/ptolemy/domains/de/test/auto/PortParameterResetOnInitialize.xml
1 ms. Memory: 257024K Free: 136610K (53%)
----------------- Invoking toplevel() on ptolemy.moml.MoMLSimpleApplication@7c54dc1c
----------------- Done invoking toplevel() on ptolemy.moml.MoMLSimpleApplication@7c54dc1c
reloadAllAccessors: .PortParameterResetOnInitialize

===========================================================================================
----------------- testing Fri Jul 12 05:51:26 UTC 2019 /home/travis/build/icyphy/ptII/ptolemy/domains/de/test/auto/PortParameterUpdates.xml
----------------- Instantiating /home/travis/build/icyphy/ptII/ptolemy/domains/de/test/auto/PortParameterUpdates.xml
6 ms. Memory: 257024K Free: 130466K (51%)
----------------- Invoking toplevel() on ptolemy.moml.MoMLSimpleApplication@19ab4f4f
----------------- Done invoking toplevel() on ptolemy.moml.MoMLSimpleApplication@19ab4f4f
reloadAllAccessors: .PortParameterUpdates

===========================================================================================
----------------- testing Fri Jul 12 05:51:26 UTC 2019 /home/travis/build/icyphy/ptII/ptolemy/domains/de/test/auto/QueueAndServer.xml
----------------- Instantiating /home/travis/build/icyphy/ptII/ptolemy/domains/de/test/auto/QueueAndServer.xml
5 ms. Memory: 257024K Free: 122784K (48%)
----------------- Invoking toplevel() on ptolemy.moml.MoMLSimpleApplication@51478b9e
----------------- Done invoking toplevel() on ptolemy.moml.MoMLSimpleApplication@51478b9e
reloadAllAccessors: .QueueAndServer

===========================================================================================
----------------- testing Fri Jul 12 05:51:26 UTC 2019 /home/travis/build/icyphy/ptII/ptolemy/domains/de/test/auto/Records.xml
----------------- Instantiating /home/travis/build/icyphy/ptII/ptolemy/domains/de/test/auto/Records.xml
4 ms. Memory: 257024K Free: 117154K (46%)
----------------- Invoking toplevel() on ptolemy.moml.MoMLSimpleApplication@209be8c6
----------------- Done invoking toplevel() on ptolemy.moml.MoMLSimpleApplication@209be8c6
reloadAllAccessors: .Records

===========================================================================================
----------------- testing Fri Jul 12 05:51:26 UTC 2019 /home/travis/build/icyphy/ptII/ptolemy/domains/de/test/auto/ResetTransitionWithStartTime1.xml
----------------- Instantiating /home/travis/build/icyphy/ptII/ptolemy/domains/de/test/auto/ResetTransitionWithStartTime1.xml
6 ms. Memory: 257024K Free: 108962K (42%)
----------------- Invoking toplevel() on ptolemy.moml.MoMLSimpleApplication@38eaa395
----------------- Done invoking toplevel() on ptolemy.moml.MoMLSimpleApplication@38eaa395
reloadAllAccessors: .ResetTransitionWithStartTime1

===========================================================================================
----------------- testing Fri Jul 12 05:51:26 UTC 2019 /home/travis/build/icyphy/ptII/ptolemy/domains/de/test/auto/ResetTransitionWithStartTime2.xml
----------------- Instantiating /home/travis/build/icyphy/ptII/ptolemy/domains/de/test/auto/ResetTransitionWithStartTime2.xml
4 ms. Memory: 257024K Free: 237245K (92%)
----------------- Invoking toplevel() on ptolemy.moml.MoMLSimpleApplication@c0ff3cb
----------------- Done invoking toplevel() on ptolemy.moml.MoMLSimpleApplication@c0ff3cb
reloadAllAccessors: .ResetTransitionWithStartTime2

===========================================================================================
----------------- testing Fri Jul 12 05:51:26 UTC 2019 /home/travis/build/icyphy/ptII/ptolemy/domains/de/test/auto/ResetTransitionWithStartTime3.xml
----------------- Instantiating /home/travis/build/icyphy/ptII/ptolemy/domains/de/test/auto/ResetTransitionWithStartTime3.xml
6 ms. Memory: 257024K Free: 229053K (89%)
----------------- Invoking toplevel() on ptolemy.moml.MoMLSimpleApplication@1f7ee29f
----------------- Done invoking toplevel() on ptolemy.moml.MoMLSimpleApplication@1f7ee29f
reloadAllAccessors: .ResetTransitionWithStartTime3

===========================================================================================
----------------- testing Fri Jul 12 05:51:26 UTC 2019 /home/travis/build/icyphy/ptII/ptolemy/domains/de/test/auto/ResetTransitionWithStartTime4.xml
----------------- Instantiating /home/travis/build/icyphy/ptII/ptolemy/domains/de/test/auto/ResetTransitionWithStartTime4.xml
12 ms. Memory: 257024K Free: 221365K (86%)
----------------- Invoking toplevel() on ptolemy.moml.MoMLSimpleApplication@7cec9f06
----------------- Done invoking toplevel() on ptolemy.moml.MoMLSimpleApplication@7cec9f06
reloadAllAccessors: .ResetTransitionWithStartTime4

===========================================================================================
----------------- testing Fri Jul 12 05:51:26 UTC 2019 /home/travis/build/icyphy/ptII/ptolemy/domains/de/test/auto/ResettableTimer1.xml
----------------- Instantiating /home/travis/build/icyphy/ptII/ptolemy/domains/de/test/auto/ResettableTimer1.xml
3 ms. Memory: 257024K Free: 217261K (85%)
----------------- Invoking toplevel() on ptolemy.moml.MoMLSimpleApplication@e165718
----------------- Done invoking toplevel() on ptolemy.moml.MoMLSimpleApplication@e165718
reloadAllAccessors: .ResettableTimer1

===========================================================================================
----------------- testing Fri Jul 12 05:51:27 UTC 2019 /home/travis/build/icyphy/ptII/ptolemy/domains/de/test/auto/ResettableTimer2.xml
----------------- Instantiating /home/travis/build/icyphy/ptII/ptolemy/domains/de/test/auto/ResettableTimer2.xml
2 ms. Memory: 257024K Free: 213149K (83%)
----------------- Invoking toplevel() on ptolemy.moml.MoMLSimpleApplication@63b85b9d
----------------- Done invoking toplevel() on ptolemy.moml.MoMLSimpleApplication@63b85b9d
reloadAllAccessors: .ResettableTimer2

===========================================================================================
----------------- testing Fri Jul 12 05:51:27 UTC 2019 /home/travis/build/icyphy/ptII/ptolemy/domains/de/test/auto/ResettableTimer3.xml
----------------- Instantiating /home/travis/build/icyphy/ptII/ptolemy/domains/de/test/auto/ResettableTimer3.xml
1 ms. Memory: 257024K Free: 209083K (81%)
----------------- Invoking toplevel() on ptolemy.moml.MoMLSimpleApplication@33fd4c41
----------------- Done invoking toplevel() on ptolemy.moml.MoMLSimpleApplication@33fd4c41
reloadAllAccessors: .ResettableTimer3

===========================================================================================
----------------- testing Fri Jul 12 05:51:27 UTC 2019 /home/travis/build/icyphy/ptII/ptolemy/domains/de/test/auto/ResettableTimer4.xml
----------------- Instantiating /home/travis/build/icyphy/ptII/ptolemy/domains/de/test/auto/ResettableTimer4.xml
1 ms. Memory: 257024K Free: 205501K (80%)
----------------- Invoking toplevel() on ptolemy.moml.MoMLSimpleApplication@18902e52
----------------- Done invoking toplevel() on ptolemy.moml.MoMLSimpleApplication@18902e52
reloadAllAccessors: .ResettableTimer4

===========================================================================================
----------------- testing Fri Jul 12 05:51:27 UTC 2019 /home/travis/build/icyphy/ptII/ptolemy/domains/de/test/auto/ResettableTimer5.xml
----------------- Instantiating /home/travis/build/icyphy/ptII/ptolemy/domains/de/test/auto/ResettableTimer5.xml
1 ms. Memory: 257024K Free: 201405K (78%)
----------------- Invoking toplevel() on ptolemy.moml.MoMLSimpleApplication@7302f0b1
----------------- Done invoking toplevel() on ptolemy.moml.MoMLSimpleApplication@7302f0b1
reloadAllAccessors: .ResettableTimer5

===========================================================================================
----------------- testing Fri Jul 12 05:51:27 UTC 2019 /home/travis/build/icyphy/ptII/ptolemy/domains/de/test/auto/ResettableTimer6.xml
----------------- Instantiating /home/travis/build/icyphy/ptII/ptolemy/domains/de/test/auto/ResettableTimer6.xml
7 ms. Memory: 257024K Free: 196792K (77%)
----------------- Invoking toplevel() on ptolemy.moml.MoMLSimpleApplication@5bb14884
----------------- Done invoking toplevel() on ptolemy.moml.MoMLSimpleApplication@5bb14884
reloadAllAccessors: .ResettableTimer6

===========================================================================================
----------------- testing Fri Jul 12 05:51:27 UTC 2019 /home/travis/build/icyphy/ptII/ptolemy/domains/de/test/auto/ServerZeroDelay.xml
----------------- Instantiating /home/travis/build/icyphy/ptII/ptolemy/domains/de/test/auto/ServerZeroDelay.xml
3 ms. Memory: 257024K Free: 192685K (75%)
----------------- Invoking toplevel() on ptolemy.moml.MoMLSimpleApplication@7ebf4842
----------------- Done invoking toplevel() on ptolemy.moml.MoMLSimpleApplication@7ebf4842
reloadAllAccessors: .ServerZeroDelay

===========================================================================================
----------------- testing Fri Jul 12 05:51:27 UTC 2019 /home/travis/build/icyphy/ptII/ptolemy/domains/de/test/auto/SmartSender.xml
----------------- Instantiating /home/travis/build/icyphy/ptII/ptolemy/domains/de/test/auto/SmartSender.xml
3000 ms. Memory: 257024K Free: 188603K (73%)
----------------- Invoking toplevel() on ptolemy.moml.MoMLSimpleApplication@5fcbe7a1
----------------- Done invoking toplevel() on ptolemy.moml.MoMLSimpleApplication@5fcbe7a1
reloadAllAccessors: .SmartSender

===========================================================================================
----------------- testing Fri Jul 12 05:51:30 UTC 2019 /home/travis/build/icyphy/ptII/ptolemy/domains/de/test/auto/ThreadedComposite.xml
----------------- Instantiating /home/travis/build/icyphy/ptII/ptolemy/domains/de/test/auto/ThreadedComposite.xml
107 ms. Memory: 257024K Free: 167613K (65%)
----------------- Invoking toplevel() on ptolemy.moml.MoMLSimpleApplication@256d33f8
----------------- Done invoking toplevel() on ptolemy.moml.MoMLSimpleApplication@256d33f8
reloadAllAccessors: .ThreadedComposite

===========================================================================================
----------------- testing Fri Jul 12 05:51:30 UTC 2019 /home/travis/build/icyphy/ptII/ptolemy/domains/de/test/auto/Time.xml
----------------- Instantiating /home/travis/build/icyphy/ptII/ptolemy/domains/de/test/auto/Time.xml
463 ms. Memory: 257024K Free: 111803K (43%)
----------------- Invoking toplevel() on ptolemy.moml.MoMLSimpleApplication@d8cb0cf
----------------- Done invoking toplevel() on ptolemy.moml.MoMLSimpleApplication@d8cb0cf
reloadAllAccessors: .Time

===========================================================================================
----------------- testing Fri Jul 12 05:51:30 UTC 2019 /home/travis/build/icyphy/ptII/ptolemy/domains/de/test/auto/TimeDelayZeroDelay.xml
----------------- Instantiating /home/travis/build/icyphy/ptII/ptolemy/domains/de/test/auto/TimeDelayZeroDelay.xml
1 ms. Memory: 257024K Free: 107677K (42%)
----------------- Invoking toplevel() on ptolemy.moml.MoMLSimpleApplication@1670715a
----------------- Done invoking toplevel() on ptolemy.moml.MoMLSimpleApplication@1670715a
reloadAllAccessors: .TimeDelayZeroDelay

===========================================================================================
----------------- testing Fri Jul 12 05:51:30 UTC 2019 /home/travis/build/icyphy/ptII/ptolemy/domains/de/test/auto/TimerZeroDelay.xml
----------------- Instantiating /home/travis/build/icyphy/ptII/ptolemy/domains/de/test/auto/TimerZeroDelay.xml
4 ms. Memory: 257024K Free: 103597K (40%)
----------------- Invoking toplevel() on ptolemy.moml.MoMLSimpleApplication@5f03dff6
----------------- Done invoking toplevel() on ptolemy.moml.MoMLSimpleApplication@5f03dff6
reloadAllAccessors: .TimerZeroDelay

===========================================================================================
----------------- testing Fri Jul 12 05:51:30 UTC 2019 /home/travis/build/icyphy/ptII/ptolemy/domains/de/test/auto/TimingParadox.xml
----------------- Instantiating /home/travis/build/icyphy/ptII/ptolemy/domains/de/test/auto/TimingParadox.xml
319 ms. Memory: 257024K Free: 176025K (68%)
----------------- Invoking toplevel() on ptolemy.moml.MoMLSimpleApplication@7c2f9d96
----------------- Done invoking toplevel() on ptolemy.moml.MoMLSimpleApplication@7c2f9d96
reloadAllAccessors: .TimingParadox

===========================================================================================
----------------- testing Fri Jul 12 05:51:31 UTC 2019 /home/travis/build/icyphy/ptII/ptolemy/domains/de/test/auto/TransferInputs.xml
----------------- Instantiating /home/travis/build/icyphy/ptII/ptolemy/domains/de/test/auto/TransferInputs.xml
2 ms. Memory: 257024K Free: 171419K (67%)
----------------- Invoking toplevel() on ptolemy.moml.MoMLSimpleApplication@ebc2ba7
----------------- Done invoking toplevel() on ptolemy.moml.MoMLSimpleApplication@ebc2ba7
reloadAllAccessors: .TransferInputs

===========================================================================================
----------------- testing Fri Jul 12 05:51:31 UTC 2019 /home/travis/build/icyphy/ptII/ptolemy/domains/de/test/auto/TransferOutputs2.xml
----------------- Instantiating /home/travis/build/icyphy/ptII/ptolemy/domains/de/test/auto/TransferOutputs2.xml
2 ms. Memory: 257024K Free: 163227K (64%)
----------------- Invoking toplevel() on ptolemy.moml.MoMLSimpleApplication@736fde6e
----------------- Done invoking toplevel() on ptolemy.moml.MoMLSimpleApplication@736fde6e
reloadAllAccessors: .TransferOutputs2

===========================================================================================
----------------- testing Fri Jul 12 05:51:31 UTC 2019 /home/travis/build/icyphy/ptII/ptolemy/domains/de/test/auto/Trilateration.xml
----------------- Instantiating /home/travis/build/icyphy/ptII/ptolemy/domains/de/test/auto/Trilateration.xml
11771 ms. Memory: 446464K Free: 375826K (84%)
----------------- Invoking toplevel() on ptolemy.moml.MoMLSimpleApplication@1bf4a127
----------------- Done invoking toplevel() on ptolemy.moml.MoMLSimpleApplication@1bf4a127
reloadAllAccessors: .Trilateration

===========================================================================================
----------------- testing Fri Jul 12 05:51:43 UTC 2019 /home/travis/build/icyphy/ptII/ptolemy/domains/de/test/auto/TwoSigmaDelta.xml
----------------- Instantiating /home/travis/build/icyphy/ptII/ptolemy/domains/de/test/auto/TwoSigmaDelta.xml
2318 ms. Memory: 446464K Free: 170512K (38%)
----------------- Invoking toplevel() on ptolemy.moml.MoMLSimpleApplication@7506d5
----------------- Done invoking toplevel() on ptolemy.moml.MoMLSimpleApplication@7506d5
reloadAllAccessors: .TwoSigmaDelta

===========================================================================================
----------------- testing Fri Jul 12 05:51:46 UTC 2019 /home/travis/build/icyphy/ptII/ptolemy/domains/de/test/auto/VariableDelay.xml
----------------- Instantiating /home/travis/build/icyphy/ptII/ptolemy/domains/de/test/auto/VariableDelay.xml
3 ms. Memory: 446464K Free: 165906K (37%)
----------------- Invoking toplevel() on ptolemy.moml.MoMLSimpleApplication@391d2f85
----------------- Done invoking toplevel() on ptolemy.moml.MoMLSimpleApplication@391d2f85
reloadAllAccessors: .VariableDelay

===========================================================================================
----------------- testing Fri Jul 12 05:51:46 UTC 2019 /home/travis/build/icyphy/ptII/ptolemy/domains/de/test/auto/VariableDelay2.xml
----------------- Instantiating /home/travis/build/icyphy/ptII/ptolemy/domains/de/test/auto/VariableDelay2.xml
1 ms. Memory: 446464K Free: 161290K (36%)
----------------- Invoking toplevel() on ptolemy.moml.MoMLSimpleApplication@220f34f1
----------------- Done invoking toplevel() on ptolemy.moml.MoMLSimpleApplication@220f34f1
reloadAllAccessors: .VariableDelay2

===========================================================================================
----------------- testing Fri Jul 12 05:51:46 UTC 2019 /home/travis/build/icyphy/ptII/ptolemy/domains/de/test/auto/VariableDelayZeroDelay.xml
----------------- Instantiating /home/travis/build/icyphy/ptII/ptolemy/domains/de/test/auto/VariableDelayZeroDelay.xml
26 ms. Memory: 536576K Free: 508629K (95%)
----------------- Invoking toplevel() on ptolemy.moml.MoMLSimpleApplication@70a613ad
----------------- Done invoking toplevel() on ptolemy.moml.MoMLSimpleApplication@70a613ad
reloadAllAccessors: .VariableDelayZeroDelay

===========================================================================================
----------------- testing Fri Jul 12 05:51:46 UTC 2019 /home/travis/build/icyphy/ptII/ptolemy/domains/de/test/auto/VariableDelayZeroDelay2.xml
----------------- Instantiating /home/travis/build/icyphy/ptII/ptolemy/domains/de/test/auto/VariableDelayZeroDelay2.xml
2 ms. Memory: 536576K Free: 503826K (94%)
----------------- Invoking toplevel() on ptolemy.moml.MoMLSimpleApplication@769e339a
----------------- Done invoking toplevel() on ptolemy.moml.MoMLSimpleApplication@769e339a
reloadAllAccessors: .VariableDelayZeroDelay2

===========================================================================================
----------------- testing Fri Jul 12 05:51:46 UTC 2019 /home/travis/build/icyphy/ptII/ptolemy/domains/de/test/auto/deInCt.xml
----------------- Instantiating /home/travis/build/icyphy/ptII/ptolemy/domains/de/test/auto/deInCt.xml
0
1
1
1
0
0
0
1
1
1
0
0
0
1
1
1
0
0
0
1
1
1
0
0
1
1
1
0
0
0
0
1
1
1
0
0
1
1
1
0
0
0
1
1
1
1
0
0
1
1
1
0
0
0
1
1
0
0
0
0
8 ms. Memory: 536576K Free: 498706K (93%)
----------------- Invoking toplevel() on ptolemy.moml.MoMLSimpleApplication@aa74b89
----------------- Done invoking toplevel() on ptolemy.moml.MoMLSimpleApplication@aa74b89
reloadAllAccessors: .deInCt

===========================================================================================
----------------- testing Fri Jul 12 05:51:46 UTC 2019 /home/travis/build/icyphy/ptII/ptolemy/domains/de/test/auto/deInCt2.xml
----------------- Instantiating /home/travis/build/icyphy/ptII/ptolemy/domains/de/test/auto/deInCt2.xml
0
1
1
1
0
0
1
1
1
0
0
1
1
1
0
0
1
1
1
0
0
1
1
1
0
0
1
1
1
0
0
1
1
1
0
0
1
1
1
0
0
0
6 ms. Memory: 536576K Free: 493586K (92%)
----------------- Invoking toplevel() on ptolemy.moml.MoMLSimpleApplication@47c5bfbb
----------------- Done invoking toplevel() on ptolemy.moml.MoMLSimpleApplication@47c5bfbb
reloadAllAccessors: .deInCt2

===========================================================================================
----------------- testing Fri Jul 12 05:51:46 UTC 2019 /home/travis/build/icyphy/ptII/ptolemy/domains/de/test/auto/dynamicCausalityInterface1.xml
----------------- Instantiating /home/travis/build/icyphy/ptII/ptolemy/domains/de/test/auto/dynamicCausalityInterface1.xml
1 ms. Memory: 536576K Free: 484370K (90%)
----------------- Invoking toplevel() on ptolemy.moml.MoMLSimpleApplication@2209684e
----------------- Done invoking toplevel() on ptolemy.moml.MoMLSimpleApplication@2209684e
reloadAllAccessors: .dynamicCausalityInterface1

===========================================================================================
----------------- testing Fri Jul 12 05:51:46 UTC 2019 /home/travis/build/icyphy/ptII/ptolemy/domains/de/test/auto/fsm_de_test.xml
----------------- Instantiating /home/travis/build/icyphy/ptII/ptolemy/domains/de/test/auto/fsm_de_test.xml
9 ms. Memory: 536576K Free: 475154K (89%)
----------------- Invoking toplevel() on ptolemy.moml.MoMLSimpleApplication@13eaac35
----------------- Done invoking toplevel() on ptolemy.moml.MoMLSimpleApplication@13eaac35
reloadAllAccessors: .fsm_de_test

===========================================================================================
----------------- testing Fri Jul 12 05:51:46 UTC 2019 /home/travis/build/icyphy/ptII/ptolemy/domains/de/test/auto/functionDependencyReconstruction.xml
----------------- Instantiating /home/travis/build/icyphy/ptII/ptolemy/domains/de/test/auto/functionDependencyReconstruction.xml
3 ms. Memory: 536576K Free: 460274K (86%)
----------------- Invoking toplevel() on ptolemy.moml.MoMLSimpleApplication@f82653d
----------------- Done invoking toplevel() on ptolemy.moml.MoMLSimpleApplication@f82653d
reloadAllAccessors: .functionDependencyReconstruction

===========================================================================================
----------------- testing Fri Jul 12 05:51:46 UTC 2019 /home/travis/build/icyphy/ptII/ptolemy/domains/de/test/auto/multirate.xml
----------------- Instantiating /home/travis/build/icyphy/ptII/ptolemy/domains/de/test/auto/multirate.xml
3 ms. Memory: 536576K Free: 453650K (85%)
----------------- Invoking toplevel() on ptolemy.moml.MoMLSimpleApplication@559afd37
----------------- Done invoking toplevel() on ptolemy.moml.MoMLSimpleApplication@559afd37
reloadAllAccessors: .multirate

===========================================================================================
----------------- testing Fri Jul 12 05:51:46 UTC 2019 /home/travis/build/icyphy/ptII/ptolemy/domains/de/test/auto/multirate2.xml
----------------- Instantiating /home/travis/build/icyphy/ptII/ptolemy/domains/de/test/auto/multirate2.xml
8 ms. Memory: 536576K Free: 446978K (83%)
----------------- Invoking toplevel() on ptolemy.moml.MoMLSimpleApplication@4b983be6
----------------- Done invoking toplevel() on ptolemy.moml.MoMLSimpleApplication@4b983be6
reloadAllAccessors: .multirate2

===========================================================================================
----------------- testing Fri Jul 12 05:51:46 UTC 2019 /home/travis/build/icyphy/ptII/ptolemy/domains/de/test/auto/realtime.xml
----------------- Instantiating /home/travis/build/icyphy/ptII/ptolemy/domains/de/test/auto/realtime.xml
10002 ms. Memory: 536576K Free: 442386K (82%)
----------------- Invoking toplevel() on ptolemy.moml.MoMLSimpleApplication@45664940
----------------- Done invoking toplevel() on ptolemy.moml.MoMLSimpleApplication@45664940
reloadAllAccessors: .realtime

===========================================================================================
----------------- testing Fri Jul 12 05:51:56 UTC 2019 /home/travis/build/icyphy/ptII/ptolemy/domains/de/test/auto/relationGroup.xml
----------------- Instantiating /home/travis/build/icyphy/ptII/ptolemy/domains/de/test/auto/relationGroup.xml
3 ms. Memory: 536576K Free: 438800K (82%)
----------------- Invoking toplevel() on ptolemy.moml.MoMLSimpleApplication@62e04925
----------------- Done invoking toplevel() on ptolemy.moml.MoMLSimpleApplication@62e04925
reloadAllAccessors: .relationGroup

===========================================================================================
----------------- testing Fri Jul 12 05:51:56 UTC 2019 /home/travis/build/icyphy/ptII/ptolemy/domains/de/test/auto/relationGroup2.xml
----------------- Instantiating /home/travis/build/icyphy/ptII/ptolemy/domains/de/test/auto/relationGroup2.xml
1 ms. Memory: 536576K Free: 435218K (81%)
----------------- Invoking toplevel() on ptolemy.moml.MoMLSimpleApplication@e9bf7c5
----------------- Done invoking toplevel() on ptolemy.moml.MoMLSimpleApplication@e9bf7c5
reloadAllAccessors: .relationGroup2

===========================================================================================
----------------- testing Fri Jul 12 05:51:56 UTC 2019 /home/travis/build/icyphy/ptII/ptolemy/domains/de/test/auto/sortWithOpaquePorts.xml
----------------- Instantiating /home/travis/build/icyphy/ptII/ptolemy/domains/de/test/auto/sortWithOpaquePorts.xml
2 ms. Memory: 536576K Free: 430594K (80%)
----------------- Invoking toplevel() on ptolemy.moml.MoMLSimpleApplication@1bd3faeb
----------------- Done invoking toplevel() on ptolemy.moml.MoMLSimpleApplication@1bd3faeb
reloadAllAccessors: .sortWithOpaquePorts

===========================================================================================
----------------- testing Fri Jul 12 05:51:56 UTC 2019 /home/travis/build/icyphy/ptII/ptolemy/domains/de/test/auto/transferInputsandOutputs.xml
----------------- Instantiating /home/travis/build/icyphy/ptII/ptolemy/domains/de/test/auto/transferInputsandOutputs.xml
2 ms. Memory: 536576K Free: 423440K (79%)
----------------- Invoking toplevel() on ptolemy.moml.MoMLSimpleApplication@75c7abaa
----------------- Done invoking toplevel() on ptolemy.moml.MoMLSimpleApplication@75c7abaa
reloadAllAccessors: .transferInputsandOutputs

===========================================================================================
----------------- testing Fri Jul 12 05:51:56 UTC 2019 /home/travis/build/icyphy/ptII/ptolemy/domains/de/test/auto/triggerType.xml
----------------- Instantiating /home/travis/build/icyphy/ptII/ptolemy/domains/de/test/auto/triggerType.xml
2 ms. Memory: 536576K Free: 419338K (78%)
----------------- Invoking toplevel() on ptolemy.moml.MoMLSimpleApplication@52b7871f
----------------- Done invoking toplevel() on ptolemy.moml.MoMLSimpleApplication@52b7871f
reloadAllAccessors: .triggerType
AutoTests.java: About to close Vertx.
AutoTests.java: Vertx closed.
]]></system-out>
  <system-err><![CDATA[java.lang.RuntimeException: Execution failed
	at ptolemy.moml.MoMLSimpleApplication$UnloadThread.run(MoMLSimpleApplication.java:402)
Caused by: ptolemy.kernel.util.IllegalActionException: Found a zero delay loop containing .dependencyLoop.original
  in .dependencyLoop and .dependencyLoop.original
	at ptolemy.actor.util.CausalityInterfaceForComposites._computeOutputPortDepth(CausalityInterfaceForComposites.java:759)
	at ptolemy.actor.util.CausalityInterfaceForComposites._computeInputDepth(CausalityInterfaceForComposites.java:696)
	at ptolemy.actor.util.CausalityInterfaceForComposites._computeOutputPortDepth(CausalityInterfaceForComposites.java:765)
	at ptolemy.actor.util.CausalityInterfaceForComposites._computeInputDepth(CausalityInterfaceForComposites.java:696)
	at ptolemy.actor.util.CausalityInterfaceForComposites._computeOutputPortDepth(CausalityInterfaceForComposites.java:765)
	at ptolemy.actor.util.CausalityInterfaceForComposites._computeInputDepth(CausalityInterfaceForComposites.java:696)
	at ptolemy.actor.util.CausalityInterfaceForComposites._computeActorDepth(CausalityInterfaceForComposites.java:532)
	at ptolemy.actor.util.CausalityInterfaceForComposites.checkForCycles(CausalityInterfaceForComposites.java:96)
	at ptolemy.domains.de.kernel.DEDirector.preinitialize(DEDirector.java:1338)
	at ptolemy.actor.CompositeActor.preinitialize(CompositeActor.java:1828)
	at ptolemy.actor.Manager.preinitializeAndResolveTypes(Manager.java:1040)
	at ptolemy.actor.Manager.initialize(Manager.java:710)
	at ptolemy.actor.Manager.execute(Manager.java:356)
	at ptolemy.actor.Manager.run(Manager.java:1263)
	at ptolemy.actor.Manager$PtolemyRunThread.run(Manager.java:1915)
java.lang.RuntimeException: Execution failed
	at ptolemy.moml.MoMLSimpleApplication$UnloadThread.run(MoMLSimpleApplication.java:402)
Caused by: ptolemy.kernel.util.IllegalActionException: Found a zero delay loop containing .dependencyLoop2.original
  in .dependencyLoop2 and .dependencyLoop2.original
	at ptolemy.actor.util.CausalityInterfaceForComposites._computeOutputPortDepth(CausalityInterfaceForComposites.java:759)
	at ptolemy.actor.util.CausalityInterfaceForComposites._computeInputDepth(CausalityInterfaceForComposites.java:696)
	at ptolemy.actor.util.CausalityInterfaceForComposites._computeOutputPortDepth(CausalityInterfaceForComposites.java:765)
	at ptolemy.actor.util.CausalityInterfaceForComposites._computeInputDepth(CausalityInterfaceForComposites.java:696)
	at ptolemy.actor.util.CausalityInterfaceForComposites._computeOutputPortDepth(CausalityInterfaceForComposites.java:765)
	at ptolemy.actor.util.CausalityInterfaceForComposites._computeInputDepth(CausalityInterfaceForComposites.java:696)
	at ptolemy.actor.util.CausalityInterfaceForComposites._computeActorDepth(CausalityInterfaceForComposites.java:532)
	at ptolemy.actor.util.CausalityInterfaceForComposites.checkForCycles(CausalityInterfaceForComposites.java:96)
	at ptolemy.domains.de.kernel.DEDirector.preinitialize(DEDirector.java:1338)
	at ptolemy.actor.CompositeActor.preinitialize(CompositeActor.java:1828)
	at ptolemy.actor.Manager.preinitializeAndResolveTypes(Manager.java:1040)
	at ptolemy.actor.Manager.initialize(Manager.java:710)
	at ptolemy.actor.Manager.execute(Manager.java:356)
	at ptolemy.actor.Manager.run(Manager.java:1263)
	at ptolemy.actor.Manager$PtolemyRunThread.run(Manager.java:1915)
java.lang.RuntimeException: Execution failed
	at ptolemy.moml.MoMLSimpleApplication$UnloadThread.run(MoMLSimpleApplication.java:402)
Caused by: ptolemy.kernel.util.IllegalActionException: Test fails in iteration 1.
Value was: 1.0. Should have been: 2.0
  in .DirectFeedback.Test
	at ptolemy.actor.lib.Test.fire(Test.java:268)
	at ptolemy.domains.de.kernel.DEDirector._fire(DEDirector.java:1949)
	at ptolemy.domains.de.kernel.DEDirector.fire(DEDirector.java:502)
	at ptolemy.actor.CompositeActor.fire(CompositeActor.java:455)
	at ptolemy.actor.Manager.iterate(Manager.java:851)
	at ptolemy.actor.Manager.execute(Manager.java:369)
	at ptolemy.actor.Manager.run(Manager.java:1263)
	at ptolemy.actor.Manager$PtolemyRunThread.run(Manager.java:1915)
java.lang.RuntimeException: Execution failed
	at ptolemy.moml.MoMLSimpleApplication$UnloadThread.run(MoMLSimpleApplication.java:402)
Caused by: ptolemy.kernel.util.IllegalActionException: Found a zero delay loop containing .dependencyLoop.original
  in .dependencyLoop and .dependencyLoop.original
	at ptolemy.actor.util.CausalityInterfaceForComposites._computeOutputPortDepth(CausalityInterfaceForComposites.java:759)
	at ptolemy.actor.util.CausalityInterfaceForComposites._computeInputDepth(CausalityInterfaceForComposites.java:696)
	at ptolemy.actor.util.CausalityInterfaceForComposites._computeOutputPortDepth(CausalityInterfaceForComposites.java:765)
	at ptolemy.actor.util.CausalityInterfaceForComposites._computeInputDepth(CausalityInterfaceForComposites.java:696)
	at ptolemy.actor.util.CausalityInterfaceForComposites._computeOutputPortDepth(CausalityInterfaceForComposites.java:765)
	at ptolemy.actor.util.CausalityInterfaceForComposites._computeInputDepth(CausalityInterfaceForComposites.java:696)
	at ptolemy.actor.util.CausalityInterfaceForComposites._computeActorDepth(CausalityInterfaceForComposites.java:532)
	at ptolemy.actor.util.CausalityInterfaceForComposites.checkForCycles(CausalityInterfaceForComposites.java:96)
	at ptolemy.domains.de.kernel.DEDirector.preinitialize(DEDirector.java:1338)
	at ptolemy.actor.CompositeActor.preinitialize(CompositeActor.java:1828)
	at ptolemy.actor.Manager.preinitializeAndResolveTypes(Manager.java:1040)
	at ptolemy.actor.Manager.initialize(Manager.java:710)
	at ptolemy.actor.Manager.execute(Manager.java:356)
	at ptolemy.actor.Manager.run(Manager.java:1263)
	at ptolemy.actor.Manager$PtolemyRunThread.run(Manager.java:1915)
java.lang.RuntimeException: Execution failed
	at ptolemy.moml.MoMLSimpleApplication$UnloadThread.run(MoMLSimpleApplication.java:402)
Caused by: ptolemy.kernel.util.IllegalActionException: Found a zero delay loop containing .HierarchicalModel.A
  in .HierarchicalModel and .HierarchicalModel.A
	at ptolemy.actor.util.CausalityInterfaceForComposites._computeOutputPortDepth(CausalityInterfaceForComposites.java:759)
	at ptolemy.actor.util.CausalityInterfaceForComposites._computeInputDepth(CausalityInterfaceForComposites.java:696)
	at ptolemy.actor.util.CausalityInterfaceForComposites._computeOutputPortDepth(CausalityInterfaceForComposites.java:765)
	at ptolemy.actor.util.CausalityInterfaceForComposites._computeInputDepth(CausalityInterfaceForComposites.java:696)
	at ptolemy.actor.util.CausalityInterfaceForComposites._computeOutputPortDepth(CausalityInterfaceForComposites.java:765)
	at ptolemy.actor.util.CausalityInterfaceForComposites._computeInputDepth(CausalityInterfaceForComposites.java:696)
	at ptolemy.actor.util.CausalityInterfaceForComposites._computeActorDepth(CausalityInterfaceForComposites.java:532)
	at ptolemy.actor.util.CausalityInterfaceForComposites.checkForCycles(CausalityInterfaceForComposites.java:96)
	at ptolemy.domains.de.kernel.DEDirector.preinitialize(DEDirector.java:1338)
	at ptolemy.actor.CompositeActor.preinitialize(CompositeActor.java:1828)
	at ptolemy.actor.Manager.preinitializeAndResolveTypes(Manager.java:1040)
	at ptolemy.actor.Manager.initialize(Manager.java:710)
	at ptolemy.actor.Manager.execute(Manager.java:356)
	at ptolemy.actor.Manager.run(Manager.java:1263)
	at ptolemy.actor.Manager$PtolemyRunThread.run(Manager.java:1915)
java.lang.RuntimeException: Execution failed
	at ptolemy.moml.MoMLSimpleApplication$UnloadThread.run(MoMLSimpleApplication.java:402)
Caused by: ptolemy.kernel.util.IllegalActionException: Found a zero delay loop containing .dependencyLoop2.original
  in .dependencyLoop2 and .dependencyLoop2.original
	at ptolemy.actor.util.CausalityInterfaceForComposites._computeOutputPortDepth(CausalityInterfaceForComposites.java:759)
	at ptolemy.actor.util.CausalityInterfaceForComposites._computeInputDepth(CausalityInterfaceForComposites.java:696)
	at ptolemy.actor.util.CausalityInterfaceForComposites._computeOutputPortDepth(CausalityInterfaceForComposites.java:765)
	at ptolemy.actor.util.CausalityInterfaceForComposites._computeInputDepth(CausalityInterfaceForComposites.java:696)
	at ptolemy.actor.util.CausalityInterfaceForComposites._computeOutputPortDepth(CausalityInterfaceForComposites.java:765)
	at ptolemy.actor.util.CausalityInterfaceForComposites._computeInputDepth(CausalityInterfaceForComposites.java:696)
	at ptolemy.actor.util.CausalityInterfaceForComposites._computeActorDepth(CausalityInterfaceForComposites.java:532)
	at ptolemy.actor.util.CausalityInterfaceForComposites.checkForCycles(CausalityInterfaceForComposites.java:96)
	at ptolemy.domains.de.kernel.DEDirector.preinitialize(DEDirector.java:1338)
	at ptolemy.actor.CompositeActor.preinitialize(CompositeActor.java:1828)
	at ptolemy.actor.Manager.preinitializeAndResolveTypes(Manager.java:1040)
	at ptolemy.actor.Manager.initialize(Manager.java:710)
	at ptolemy.actor.Manager.execute(Manager.java:356)
	at ptolemy.actor.Manager.run(Manager.java:1263)
	at ptolemy.actor.Manager$PtolemyRunThread.run(Manager.java:1915)
java.lang.RuntimeException: Execution failed
	at ptolemy.moml.MoMLSimpleApplication$UnloadThread.run(MoMLSimpleApplication.java:402)
Caused by: ptolemy.kernel.util.IllegalActionException: Actor is not ready to fire.  Perhaps UpSample.prefire() returned false? Try debugging the actor by selecting "Listen to Actor".  Also, for SDF check moml for tokenConsumptionRate on input.
  in .DESDFClockTest.Play Bell.Copy1:SDF Director and .DESDFClockTest.Play Bell.UpSample
	at ptolemy.actor.sched.StaticSchedulingDirector.fire(StaticSchedulingDirector.java:227)
	at ptolemy.domains.sdf.kernel.SDFDirector.fire(SDFDirector.java:500)
	at ptolemy.actor.CompositeActor.fire(CompositeActor.java:455)
	at ptolemy.domains.de.kernel.DEDirector._fire(DEDirector.java:1949)
	at ptolemy.domains.de.kernel.DEDirector.fire(DEDirector.java:502)
	at ptolemy.actor.CompositeActor.fire(CompositeActor.java:455)
	at ptolemy.actor.Manager.iterate(Manager.java:851)
	at ptolemy.actor.Manager.execute(Manager.java:369)
	at ptolemy.actor.Manager.run(Manager.java:1263)
	at ptolemy.actor.Manager$PtolemyRunThread.run(Manager.java:1915)
java.lang.RuntimeException: Execution failed
	at ptolemy.moml.MoMLSimpleApplication$UnloadThread.run(MoMLSimpleApplication.java:402)
Caused by: ptolemy.kernel.util.IllegalActionException: Actor is not ready to fire.  Perhaps UpSample.prefire() returned false? Try debugging the actor by selecting "Listen to Actor".  Also, for SDF check moml for tokenConsumptionRate on input.
  in .DESDFClockTest.Play Bell.Copy1:SDF Director and .DESDFClockTest.Play Bell.UpSample
	at ptolemy.actor.sched.StaticSchedulingDirector.fire(StaticSchedulingDirector.java:227)
	at ptolemy.domains.sdf.kernel.SDFDirector.fire(SDFDirector.java:500)
	at ptolemy.actor.CompositeActor.fire(CompositeActor.java:455)
	at ptolemy.domains.de.kernel.DEDirector._fire(DEDirector.java:1949)
	at ptolemy.domains.de.kernel.DEDirector.fire(DEDirector.java:502)
	at ptolemy.actor.CompositeActor.fire(CompositeActor.java:455)
	at ptolemy.actor.Manager.iterate(Manager.java:851)
	at ptolemy.actor.Manager.execute(Manager.java:369)
	at ptolemy.actor.Manager.run(Manager.java:1263)
	at ptolemy.actor.Manager$PtolemyRunThread.run(Manager.java:1915)
java.lang.reflect.InvocationTargetException
	at java.base/jdk.internal.reflect.NativeConstructorAccessorImpl.newInstance0(Native Method)
	at java.base/jdk.internal.reflect.NativeConstructorAccessorImpl.newInstance(NativeConstructorAccessorImpl.java:62)
	at java.base/jdk.internal.reflect.DelegatingConstructorAccessorImpl.newInstance(DelegatingConstructorAccessorImpl.java:45)
	at java.base/java.lang.reflect.Constructor.newInstance(Constructor.java:490)
	at ptolemy.util.test.junit.AutoKnownFailedTests.RunModel(AutoKnownFailedTests.java:105)
	at java.base/jdk.internal.reflect.NativeMethodAccessorImpl.invoke0(Native Method)
	at java.base/jdk.internal.reflect.NativeMethodAccessorImpl.invoke(NativeMethodAccessorImpl.java:62)
	at java.base/jdk.internal.reflect.DelegatingMethodAccessorImpl.invoke(DelegatingMethodAccessorImpl.java:43)
	at java.base/java.lang.reflect.Method.invoke(Method.java:566)
	at org.junit.runners.model.FrameworkMethod$1.runReflectiveCall(FrameworkMethod.java:44)
	at org.junit.internal.runners.model.ReflectiveCallable.run(ReflectiveCallable.java:15)
	at org.junit.runners.model.FrameworkMethod.invokeExplosively(FrameworkMethod.java:41)
	at junitparams.internal.InvokeParameterisedMethod.evaluate(InvokeParameterisedMethod.java:102)
	at org.junit.internal.runners.statements.FailOnTimeout$1.run(FailOnTimeout.java:28)
Caused by: ptolemy.kernel.util.IllegalActionException: Actor is not ready to fire.  Perhaps UpSample.prefire() returned false? Try debugging the actor by selecting "Listen to Actor".  Also, for SDF check moml for tokenConsumptionRate on input.
  in .DESDFClockTest.Play Bell.Copy1:SDF Director and .DESDFClockTest.Play Bell.UpSample
	at ptolemy.actor.sched.StaticSchedulingDirector.fire(StaticSchedulingDirector.java:227)
	at ptolemy.domains.sdf.kernel.SDFDirector.fire(SDFDirector.java:500)
	at ptolemy.actor.CompositeActor.fire(CompositeActor.java:455)
	at ptolemy.domains.de.kernel.DEDirector._fire(DEDirector.java:1949)
	at ptolemy.domains.de.kernel.DEDirector.fire(DEDirector.java:502)
	at ptolemy.actor.CompositeActor.fire(CompositeActor.java:455)
	at ptolemy.actor.Manager.iterate(Manager.java:851)
	at ptolemy.actor.Manager.execute(Manager.java:369)
	at ptolemy.actor.Manager.run(Manager.java:1263)
	at ptolemy.actor.Manager$PtolemyRunThread.run(Manager.java:1915)
java.lang.RuntimeException: Execution failed
	at ptolemy.moml.MoMLSimpleApplication$UnloadThread.run(MoMLSimpleApplication.java:402)
Caused by: ptolemy.kernel.util.IllegalActionException: Test fails in iteration 1.
Value was: 1.0. Should have been: 2.0
  in .DirectFeedback.Test
	at ptolemy.actor.lib.Test.fire(Test.java:268)
	at ptolemy.domains.de.kernel.DEDirector._fire(DEDirector.java:1949)
	at ptolemy.domains.de.kernel.DEDirector.fire(DEDirector.java:502)
	at ptolemy.actor.CompositeActor.fire(CompositeActor.java:455)
	at ptolemy.actor.Manager.iterate(Manager.java:851)
	at ptolemy.actor.Manager.execute(Manager.java:369)
	at ptolemy.actor.Manager.run(Manager.java:1263)
	at ptolemy.actor.Manager$PtolemyRunThread.run(Manager.java:1915)
java.lang.reflect.InvocationTargetException
	at java.base/jdk.internal.reflect.NativeConstructorAccessorImpl.newInstance0(Native Method)
	at java.base/jdk.internal.reflect.NativeConstructorAccessorImpl.newInstance(NativeConstructorAccessorImpl.java:62)
	at java.base/jdk.internal.reflect.DelegatingConstructorAccessorImpl.newInstance(DelegatingConstructorAccessorImpl.java:45)
	at java.base/java.lang.reflect.Constructor.newInstance(Constructor.java:490)
	at ptolemy.util.test.junit.AutoKnownFailedTests.RunModel(AutoKnownFailedTests.java:105)
	at java.base/jdk.internal.reflect.NativeMethodAccessorImpl.invoke0(Native Method)
	at java.base/jdk.internal.reflect.NativeMethodAccessorImpl.invoke(NativeMethodAccessorImpl.java:62)
	at java.base/jdk.internal.reflect.DelegatingMethodAccessorImpl.invoke(DelegatingMethodAccessorImpl.java:43)
	at java.base/java.lang.reflect.Method.invoke(Method.java:566)
	at org.junit.runners.model.FrameworkMethod$1.runReflectiveCall(FrameworkMethod.java:44)
	at org.junit.internal.runners.model.ReflectiveCallable.run(ReflectiveCallable.java:15)
	at org.junit.runners.model.FrameworkMethod.invokeExplosively(FrameworkMethod.java:41)
	at junitparams.internal.InvokeParameterisedMethod.evaluate(InvokeParameterisedMethod.java:102)
	at org.junit.internal.runners.statements.FailOnTimeout$1.run(FailOnTimeout.java:28)
Caused by: ptolemy.kernel.util.IllegalActionException: Test fails in iteration 1.
Value was: 1.0. Should have been: 2.0
  in .DirectFeedback.Test
	at ptolemy.actor.lib.Test.fire(Test.java:268)
	at ptolemy.domains.de.kernel.DEDirector._fire(DEDirector.java:1949)
	at ptolemy.domains.de.kernel.DEDirector.fire(DEDirector.java:502)
	at ptolemy.actor.CompositeActor.fire(CompositeActor.java:455)
	at ptolemy.actor.Manager.iterate(Manager.java:851)
	at ptolemy.actor.Manager.execute(Manager.java:369)
	at ptolemy.actor.Manager.run(Manager.java:1263)
	at ptolemy.actor.Manager$PtolemyRunThread.run(Manager.java:1915)
java.lang.RuntimeException: Execution failed
	at ptolemy.moml.MoMLSimpleApplication$UnloadThread.run(MoMLSimpleApplication.java:402)
Caused by: ptolemy.kernel.util.IllegalActionException: Found a zero delay loop containing .HierarchicalModel.A
  in .HierarchicalModel and .HierarchicalModel.A
	at ptolemy.actor.util.CausalityInterfaceForComposites._computeOutputPortDepth(CausalityInterfaceForComposites.java:759)
	at ptolemy.actor.util.CausalityInterfaceForComposites._computeInputDepth(CausalityInterfaceForComposites.java:696)
	at ptolemy.actor.util.CausalityInterfaceForComposites._computeOutputPortDepth(CausalityInterfaceForComposites.java:765)
	at ptolemy.actor.util.CausalityInterfaceForComposites._computeInputDepth(CausalityInterfaceForComposites.java:696)
	at ptolemy.actor.util.CausalityInterfaceForComposites._computeOutputPortDepth(CausalityInterfaceForComposites.java:765)
	at ptolemy.actor.util.CausalityInterfaceForComposites._computeInputDepth(CausalityInterfaceForComposites.java:696)
	at ptolemy.actor.util.CausalityInterfaceForComposites._computeActorDepth(CausalityInterfaceForComposites.java:532)
	at ptolemy.actor.util.CausalityInterfaceForComposites.checkForCycles(CausalityInterfaceForComposites.java:96)
	at ptolemy.domains.de.kernel.DEDirector.preinitialize(DEDirector.java:1338)
	at ptolemy.actor.CompositeActor.preinitialize(CompositeActor.java:1828)
	at ptolemy.actor.Manager.preinitializeAndResolveTypes(Manager.java:1040)
	at ptolemy.actor.Manager.initialize(Manager.java:710)
	at ptolemy.actor.Manager.execute(Manager.java:356)
	at ptolemy.actor.Manager.run(Manager.java:1263)
	at ptolemy.actor.Manager$PtolemyRunThread.run(Manager.java:1915)
java.lang.reflect.InvocationTargetException
	at java.base/jdk.internal.reflect.NativeConstructorAccessorImpl.newInstance0(Native Method)
	at java.base/jdk.internal.reflect.NativeConstructorAccessorImpl.newInstance(NativeConstructorAccessorImpl.java:62)
	at java.base/jdk.internal.reflect.DelegatingConstructorAccessorImpl.newInstance(DelegatingConstructorAccessorImpl.java:45)
	at java.base/java.lang.reflect.Constructor.newInstance(Constructor.java:490)
	at ptolemy.util.test.junit.AutoKnownFailedTests.RunModel(AutoKnownFailedTests.java:105)
	at java.base/jdk.internal.reflect.NativeMethodAccessorImpl.invoke0(Native Method)
	at java.base/jdk.internal.reflect.NativeMethodAccessorImpl.invoke(NativeMethodAccessorImpl.java:62)
	at java.base/jdk.internal.reflect.DelegatingMethodAccessorImpl.invoke(DelegatingMethodAccessorImpl.java:43)
	at java.base/java.lang.reflect.Method.invoke(Method.java:566)
	at org.junit.runners.model.FrameworkMethod$1.runReflectiveCall(FrameworkMethod.java:44)
	at org.junit.internal.runners.model.ReflectiveCallable.run(ReflectiveCallable.java:15)
	at org.junit.runners.model.FrameworkMethod.invokeExplosively(FrameworkMethod.java:41)
	at junitparams.internal.InvokeParameterisedMethod.evaluate(InvokeParameterisedMethod.java:102)
	at org.junit.internal.runners.statements.FailOnTimeout$1.run(FailOnTimeout.java:28)
Caused by: ptolemy.kernel.util.IllegalActionException: Found a zero delay loop containing .HierarchicalModel.A
  in .HierarchicalModel and .HierarchicalModel.A
	at ptolemy.actor.util.CausalityInterfaceForComposites._computeOutputPortDepth(CausalityInterfaceForComposites.java:759)
	at ptolemy.actor.util.CausalityInterfaceForComposites._computeInputDepth(CausalityInterfaceForComposites.java:696)
	at ptolemy.actor.util.CausalityInterfaceForComposites._computeOutputPortDepth(CausalityInterfaceForComposites.java:765)
	at ptolemy.actor.util.CausalityInterfaceForComposites._computeInputDepth(CausalityInterfaceForComposites.java:696)
	at ptolemy.actor.util.CausalityInterfaceForComposites._computeOutputPortDepth(CausalityInterfaceForComposites.java:765)
	at ptolemy.actor.util.CausalityInterfaceForComposites._computeInputDepth(CausalityInterfaceForComposites.java:696)
	at ptolemy.actor.util.CausalityInterfaceForComposites._computeActorDepth(CausalityInterfaceForComposites.java:532)
	at ptolemy.actor.util.CausalityInterfaceForComposites.checkForCycles(CausalityInterfaceForComposites.java:96)
	at ptolemy.domains.de.kernel.DEDirector.preinitialize(DEDirector.java:1338)
	at ptolemy.actor.CompositeActor.preinitialize(CompositeActor.java:1828)
	at ptolemy.actor.Manager.preinitializeAndResolveTypes(Manager.java:1040)
	at ptolemy.actor.Manager.initialize(Manager.java:710)
	at ptolemy.actor.Manager.execute(Manager.java:356)
	at ptolemy.actor.Manager.run(Manager.java:1263)
	at ptolemy.actor.Manager$PtolemyRunThread.run(Manager.java:1915)
java.lang.RuntimeException: Execution failed
	at ptolemy.moml.MoMLSimpleApplication$UnloadThread.run(MoMLSimpleApplication.java:402)
Caused by: ptolemy.kernel.util.IllegalActionException: Found a zero delay loop containing .dependencyLoop.original
  in .dependencyLoop and .dependencyLoop.original
	at ptolemy.actor.util.CausalityInterfaceForComposites._computeOutputPortDepth(CausalityInterfaceForComposites.java:759)
	at ptolemy.actor.util.CausalityInterfaceForComposites._computeInputDepth(CausalityInterfaceForComposites.java:696)
	at ptolemy.actor.util.CausalityInterfaceForComposites._computeOutputPortDepth(CausalityInterfaceForComposites.java:765)
	at ptolemy.actor.util.CausalityInterfaceForComposites._computeInputDepth(CausalityInterfaceForComposites.java:696)
	at ptolemy.actor.util.CausalityInterfaceForComposites._computeOutputPortDepth(CausalityInterfaceForComposites.java:765)
	at ptolemy.actor.util.CausalityInterfaceForComposites._computeInputDepth(CausalityInterfaceForComposites.java:696)
	at ptolemy.actor.util.CausalityInterfaceForComposites._computeActorDepth(CausalityInterfaceForComposites.java:532)
	at ptolemy.actor.util.CausalityInterfaceForComposites.checkForCycles(CausalityInterfaceForComposites.java:96)
	at ptolemy.domains.de.kernel.DEDirector.preinitialize(DEDirector.java:1338)
	at ptolemy.actor.CompositeActor.preinitialize(CompositeActor.java:1828)
	at ptolemy.actor.Manager.preinitializeAndResolveTypes(Manager.java:1040)
	at ptolemy.actor.Manager.initialize(Manager.java:710)
	at ptolemy.actor.Manager.execute(Manager.java:356)
	at ptolemy.actor.Manager.run(Manager.java:1263)
	at ptolemy.actor.Manager$PtolemyRunThread.run(Manager.java:1915)
java.lang.reflect.InvocationTargetException
	at java.base/jdk.internal.reflect.NativeConstructorAccessorImpl.newInstance0(Native Method)
	at java.base/jdk.internal.reflect.NativeConstructorAccessorImpl.newInstance(NativeConstructorAccessorImpl.java:62)
	at java.base/jdk.internal.reflect.DelegatingConstructorAccessorImpl.newInstance(DelegatingConstructorAccessorImpl.java:45)
	at java.base/java.lang.reflect.Constructor.newInstance(Constructor.java:490)
	at ptolemy.util.test.junit.AutoKnownFailedTests.RunModel(AutoKnownFailedTests.java:105)
	at java.base/jdk.internal.reflect.NativeMethodAccessorImpl.invoke0(Native Method)
	at java.base/jdk.internal.reflect.NativeMethodAccessorImpl.invoke(NativeMethodAccessorImpl.java:62)
	at java.base/jdk.internal.reflect.DelegatingMethodAccessorImpl.invoke(DelegatingMethodAccessorImpl.java:43)
	at java.base/java.lang.reflect.Method.invoke(Method.java:566)
	at org.junit.runners.model.FrameworkMethod$1.runReflectiveCall(FrameworkMethod.java:44)
	at org.junit.internal.runners.model.ReflectiveCallable.run(ReflectiveCallable.java:15)
	at org.junit.runners.model.FrameworkMethod.invokeExplosively(FrameworkMethod.java:41)
	at junitparams.internal.InvokeParameterisedMethod.evaluate(InvokeParameterisedMethod.java:102)
	at org.junit.internal.runners.statements.FailOnTimeout$1.run(FailOnTimeout.java:28)
Caused by: ptolemy.kernel.util.IllegalActionException: Found a zero delay loop containing .dependencyLoop.original
  in .dependencyLoop and .dependencyLoop.original
	at ptolemy.actor.util.CausalityInterfaceForComposites._computeOutputPortDepth(CausalityInterfaceForComposites.java:759)
	at ptolemy.actor.util.CausalityInterfaceForComposites._computeInputDepth(CausalityInterfaceForComposites.java:696)
	at ptolemy.actor.util.CausalityInterfaceForComposites._computeOutputPortDepth(CausalityInterfaceForComposites.java:765)
	at ptolemy.actor.util.CausalityInterfaceForComposites._computeInputDepth(CausalityInterfaceForComposites.java:696)
	at ptolemy.actor.util.CausalityInterfaceForComposites._computeOutputPortDepth(CausalityInterfaceForComposites.java:765)
	at ptolemy.actor.util.CausalityInterfaceForComposites._computeInputDepth(CausalityInterfaceForComposites.java:696)
	at ptolemy.actor.util.CausalityInterfaceForComposites._computeActorDepth(CausalityInterfaceForComposites.java:532)
	at ptolemy.actor.util.CausalityInterfaceForComposites.checkForCycles(CausalityInterfaceForComposites.java:96)
	at ptolemy.domains.de.kernel.DEDirector.preinitialize(DEDirector.java:1338)
	at ptolemy.actor.CompositeActor.preinitialize(CompositeActor.java:1828)
	at ptolemy.actor.Manager.preinitializeAndResolveTypes(Manager.java:1040)
	at ptolemy.actor.Manager.initialize(Manager.java:710)
	at ptolemy.actor.Manager.execute(Manager.java:356)
	at ptolemy.actor.Manager.run(Manager.java:1263)
	at ptolemy.actor.Manager$PtolemyRunThread.run(Manager.java:1915)
java.lang.RuntimeException: Execution failed
	at ptolemy.moml.MoMLSimpleApplication$UnloadThread.run(MoMLSimpleApplication.java:402)
Caused by: ptolemy.kernel.util.IllegalActionException: Found a zero delay loop containing .dependencyLoop2.original
  in .dependencyLoop2 and .dependencyLoop2.original
	at ptolemy.actor.util.CausalityInterfaceForComposites._computeOutputPortDepth(CausalityInterfaceForComposites.java:759)
	at ptolemy.actor.util.CausalityInterfaceForComposites._computeInputDepth(CausalityInterfaceForComposites.java:696)
	at ptolemy.actor.util.CausalityInterfaceForComposites._computeOutputPortDepth(CausalityInterfaceForComposites.java:765)
	at ptolemy.actor.util.CausalityInterfaceForComposites._computeInputDepth(CausalityInterfaceForComposites.java:696)
	at ptolemy.actor.util.CausalityInterfaceForComposites._computeOutputPortDepth(CausalityInterfaceForComposites.java:765)
	at ptolemy.actor.util.CausalityInterfaceForComposites._computeInputDepth(CausalityInterfaceForComposites.java:696)
	at ptolemy.actor.util.CausalityInterfaceForComposites._computeActorDepth(CausalityInterfaceForComposites.java:532)
	at ptolemy.actor.util.CausalityInterfaceForComposites.checkForCycles(CausalityInterfaceForComposites.java:96)
	at ptolemy.domains.de.kernel.DEDirector.preinitialize(DEDirector.java:1338)
	at ptolemy.actor.CompositeActor.preinitialize(CompositeActor.java:1828)
	at ptolemy.actor.Manager.preinitializeAndResolveTypes(Manager.java:1040)
	at ptolemy.actor.Manager.initialize(Manager.java:710)
	at ptolemy.actor.Manager.execute(Manager.java:356)
	at ptolemy.actor.Manager.run(Manager.java:1263)
	at ptolemy.actor.Manager$PtolemyRunThread.run(Manager.java:1915)
java.lang.reflect.InvocationTargetException
	at java.base/jdk.internal.reflect.NativeConstructorAccessorImpl.newInstance0(Native Method)
	at java.base/jdk.internal.reflect.NativeConstructorAccessorImpl.newInstance(NativeConstructorAccessorImpl.java:62)
	at java.base/jdk.internal.reflect.DelegatingConstructorAccessorImpl.newInstance(DelegatingConstructorAccessorImpl.java:45)
	at java.base/java.lang.reflect.Constructor.newInstance(Constructor.java:490)
	at ptolemy.util.test.junit.AutoKnownFailedTests.RunModel(AutoKnownFailedTests.java:105)
	at java.base/jdk.internal.reflect.NativeMethodAccessorImpl.invoke0(Native Method)
	at java.base/jdk.internal.reflect.NativeMethodAccessorImpl.invoke(NativeMethodAccessorImpl.java:62)
	at java.base/jdk.internal.reflect.DelegatingMethodAccessorImpl.invoke(DelegatingMethodAccessorImpl.java:43)
	at java.base/java.lang.reflect.Method.invoke(Method.java:566)
	at org.junit.runners.model.FrameworkMethod$1.runReflectiveCall(FrameworkMethod.java:44)
	at org.junit.internal.runners.model.ReflectiveCallable.run(ReflectiveCallable.java:15)
	at org.junit.runners.model.FrameworkMethod.invokeExplosively(FrameworkMethod.java:41)
	at junitparams.internal.InvokeParameterisedMethod.evaluate(InvokeParameterisedMethod.java:102)
	at org.junit.internal.runners.statements.FailOnTimeout$1.run(FailOnTimeout.java:28)
Caused by: ptolemy.kernel.util.IllegalActionException: Found a zero delay loop containing .dependencyLoop2.original
  in .dependencyLoop2 and .dependencyLoop2.original
	at ptolemy.actor.util.CausalityInterfaceForComposites._computeOutputPortDepth(CausalityInterfaceForComposites.java:759)
	at ptolemy.actor.util.CausalityInterfaceForComposites._computeInputDepth(CausalityInterfaceForComposites.java:696)
	at ptolemy.actor.util.CausalityInterfaceForComposites._computeOutputPortDepth(CausalityInterfaceForComposites.java:765)
	at ptolemy.actor.util.CausalityInterfaceForComposites._computeInputDepth(CausalityInterfaceForComposites.java:696)
	at ptolemy.actor.util.CausalityInterfaceForComposites._computeOutputPortDepth(CausalityInterfaceForComposites.java:765)
	at ptolemy.actor.util.CausalityInterfaceForComposites._computeInputDepth(CausalityInterfaceForComposites.java:696)
	at ptolemy.actor.util.CausalityInterfaceForComposites._computeActorDepth(CausalityInterfaceForComposites.java:532)
	at ptolemy.actor.util.CausalityInterfaceForComposites.checkForCycles(CausalityInterfaceForComposites.java:96)
	at ptolemy.domains.de.kernel.DEDirector.preinitialize(DEDirector.java:1338)
	at ptolemy.actor.CompositeActor.preinitialize(CompositeActor.java:1828)
	at ptolemy.actor.Manager.preinitializeAndResolveTypes(Manager.java:1040)
	at ptolemy.actor.Manager.initialize(Manager.java:710)
	at ptolemy.actor.Manager.execute(Manager.java:356)
	at ptolemy.actor.Manager.run(Manager.java:1263)
	at ptolemy.actor.Manager$PtolemyRunThread.run(Manager.java:1915)
]]></system-err>
</testsuite>
