<?xml version="1.0" encoding="UTF-8" ?>
<testsuite errors="0" failures="0" hostname="travis-job-81963227-6513-4039-9bb7-d7771cfd14d0" name="ptolemy.actor.lib.test.junit.JUnitTclTest" skipped="0" tests="517" time="61.82" timestamp="2020-03-04T08:50:40">
  <properties>
    <property name="npm.executable" value="npm" />
    <property name="env.TRAVIS_ROOT" value="/" />
    <property name="ptII.mk.exists" value="true" />
    <property name="env.TRAVIS_APP_HOST" value="build.travis-ci.org" />
    <property name="env.rvm_bin_path" value="/home/travis/.rvm/bin" />
    <property name="java.home" value="/usr/local/lib/jvm/openjdk11" />
    <property name="env.TRAVIS_JOB_NUMBER" value="1545.8" />
    <property name="env.TRAVIS_HOME" value="/home/travis" />
    <property name="env.DISPLAY" value=":99.0" />
    <property name="env.TRAVIS_INIT" value="systemd" />
    <property name="env.SSH_TTY" value="/dev/pts/0" />
    <property name="java.net.preferIPv4Stack" value="true" />
    <property name="env.RUN_TESTS" value="true" />
    <property name="timeout.short" value="1000000" />
    <property name="junit.formatter" value="xml" />
    <property name="env.TRAVIS_SUDO" value="true" />
    <property name="env.TRAVIS_JOB_NAME" value="" />
    <property name="env.TRAVIS_STACK_NODE_ATTRIBUTES" value="/.node-attributes.yml" />
    <property name="env.LOGNAME" value="travis" />
    <property name="env.PT_TRAVIS_TEST_CORE1_XML" value="true" />
    <property name="jsdoc.home" value="node_modules/@terraswarm/jsdoc" />
    <property name="debuglevel" value="source,lines,vars" />
    <property name="checkstyle.formatter" value="xml" />
    <property name="env._system_version" value="16.04" />
    <property name="bin.vergil.makeable" value="true" />
    <property name="sun.os.patch.level" value="unknown" />
    <property name="java.vendor.url" value="http://java.oracle.com/" />
    <property name="env.TRAVIS_BUILD_WEB_URL" value="https://travis-ci.org/icyphy/ptII/builds/658096721" />
    <property name="java.version" value="11.0.2" />
    <property name="env.TZ" value="UTC" />
    <property name="env.TRAVIS_PULL_REQUEST_SHA" value="" />
    <property name="env.PT_NO_NET" value="true" />
    <property name="env.TRAVIS_SECURE_ENV_VARS" value="true" />
    <property name="env._system_type" value="Linux" />
    <property name="java.vendor.url.bug" value="http://bugreport.java.com/bugreport/" />
    <property name="npmjs-org-is-up" value="true" />
    <property name="env.LANGUAGE" value="en_US.UTF-8" />
    <property name="env.SSH_CLIENT" value="10.52.3.14 48808 22" />
    <property name="env.GEM_HOME" value="/home/travis/.rvm/gems/ruby-2.5.3" />
    <property name="env.HAS_ANTARES_THREE_LITTLE_FRONZIES_BADGE" value="true" />
    <property name="java.version.date" value="2019-01-15" />
    <property name="env.PS4" value="+" />
    <property name="ant.project.invoked-targets" value="build,test.core1.xml" />
    <property name="env.TRAVIS_PULL_REQUEST_BRANCH" value="" />
    <property name="env.TRAVIS_REPO_SLUG" value="icyphy/ptII" />
    <property name="env.XDG_DATA_DIRS" value="/usr/local/share:/usr/share:/var/lib/snapd/desktop" />
    <property name="jdk.debug" value="release" />
    <property name="env.TRAVIS_APT_PROXY" value="http://build-cache.travisci.net" />
    <property name="env.TRAVIS_CPU_ARCH" value="amd64" />
    <property name="node.in.path" value="true" />
    <property name="user.name" value="travis" />
    <property name="java.maxmemory" value="1400m" />
    <property name="env.RUBY_VERSION" value="ruby-2.5.3" />
    <property name="env.LANG" value="en_US.UTF-8" />
    <property name="sun.io.unicode.encoding" value="UnicodeLittle" />
    <property name="sun.jnu.encoding" value="UTF-8" />
    <property name="java.runtime.name" value="OpenJDK Runtime Environment" />
    <property name="usefile" value="false" />
    <property name="return.code" value="0" />
    <property name="junit.single.formatter" value="plain" />
    <property name="env.DYLD_LIBRARY_PATH" value="/home/travis/pthla/certi-tools/lib:" />
    <property name="env.DEBIAN_FRONTEND" value="noninteractive" />
    <property name="env.SSH_CONNECTION" value="10.52.3.14 48808 10.20.0.35 22" />
    <property name="env.MYSQL_UNIX_PORT" value="/var/run/mysqld/mysqld.sock" />
    <property name="env.LC_ALL" value="en_US.UTF-8" />
    <property name="env.TRAVIS_ALLOW_FAILURE" value="false" />
    <property name="env.TRAVIS_JOB_WEB_URL" value="https://travis-ci.org/icyphy/ptII/jobs/658096729" />
    <property name="java.specification.name" value="Java Platform API Specification" />
    <property name="node.works" value="true" />
    <property name="user.timezone" value="" />
    <property name="path.separator" value=":" />
    <property name="env.TRAVIS_ENABLE_INFRA_DETECTION" value="true" />
    <property name="env.PYTHON_CFLAGS" value="-g -fstack-protector --param=ssp-buffer-size=4 -Wformat -Werror=format-security" />
    <property name="timeout.long" value="4000000" />
    <property name="env.CERTI_HOME" value="/home/travis/pthla/certi-tools" />
    <property name="ant.file.ptII" value="/home/travis/build/icyphy/ptII/build.xml" />
    <property name="javadoc.packagenames" value="com.*,diva.*,lbnl.*,org.hlacerti.*,org.json.*,org.ptolemy.*,org.terraswarm.*,ptolemy.*,ptserver.*" />
    <property name="file.encoding" value="UTF-8" />
    <property name="env.TRAVIS_PULL_REQUEST_SLUG" value="" />
    <property name="ant.project.default-target" value="build" />
    <property name="env.GIT_ASKPASS" value="echo" />
    <property name="env.HOME" value="/home/travis" />
    <property name="sun.java.command" value="org.apache.tools.ant.taskdefs.optional.junit.JUnitTestRunner ptolemy.actor.lib.test.junit.JUnitTclTest skipNonTests=false filtertrace=true haltOnError=false haltOnFailure=false formatter=org.apache.tools.ant.taskdefs.optional.junit.OutErrSummaryJUnitResultFormatter showoutput=true outputtoformatters=true logfailedtests=true threadid=0 logtestlistenerevents=false formatter=org.apache.tools.ant.taskdefs.optional.junit.XMLJUnitResultFormatter,/home/travis/build/icyphy/ptII/reports/junit/TEST-ptolemy.actor.lib.test.junit.JUnitTclTest.xml crashfile=/home/travis/build/icyphy/ptII/junitvmwatcher7577717452539810340.properties propsfile=/home/travis/build/icyphy/ptII/junit7701723594258871142.properties" />
    <property name="env.COMPOSER_NO_INTERACTION" value="1" />
    <property name="env.MANPATH" value="/home/travis/.nvm/versions/node/v7.10.1/share/man:/home/travis/.rvm/rubies/ruby-2.5.3/share/man:/usr/local/cmake-3.12.4/man:/usr/local/clang-7.0.0/share/man:/usr/local/man:/usr/local/share/man:/usr/share/man:/home/travis/.rvm/man" />
    <property name="env.TRAVIS_TIMER_ID" value="0a874074" />
    <property name="ant.file" value="/home/travis/build/icyphy/ptII/build.xml" />
    <property name="env.TRAVIS_COMMIT_RANGE" value="7f4bc8822d21...870dd923782c" />
    <property name="env._system_name" value="Ubuntu" />
    <property name="ptII.classpath.optional.property" value="/home/travis/build/icyphy/ptII/lib/bsh-2.0b4.jar:/home/travis/build/icyphy/ptII/lib/ptCal.jar:/home/travis/build/icyphy/ptII/lib/java_cup.jar:/home/travis/build/icyphy/ptII/lib/saxon8.jar:/home/travis/build/icyphy/ptII/lib/saxon8-dom.jar:/home/travis/build/icyphy/ptII/lib/chic.jar:/home/travis/build/icyphy/ptII/lib/ptcolt.jar:/home/travis/build/icyphy/ptII/vendors/misc/itext/iText.jar:/home/travis/build/icyphy/ptII/lib/g4ltl.jar:/home/travis/build/icyphy/ptII/lib/StructuralCoder.jar:/home/travis/build/icyphy/ptII/lib/jcerti.jar:/home/travis/build/icyphy/ptII/lib/javax.mail.jar:/home/travis/build/icyphy/ptII/vendors/JMF-2.1.1e/lib/jmf.jar:/home/travis/build/icyphy/ptII/lib/jna-4.0.0-variadic.jar:/home/travis/build/icyphy/ptII/vendors/misc/joystick/Joystick.jar:/home/travis/build/icyphy/ptII/lib/ptjacl.jar:/home/travis/build/icyphy/ptII/lib/jsoup-1.8.2.jar:/home/travis/build/icyphy/ptII/lib/junit-4.8.2.jar:/home/travis/build/icyphy/ptII/lib/JUnitParams-0.4.0.jar:/home/travis/build/icyphy/ptII/ptolemy/actor/lib/excel/jxl.jar:/home/travis/build/icyphy/ptII/lib/jython.jar:/home/travis/build/icyphy/ptII/lib/kieler.jar:/home/travis/build/icyphy/ptII/vendors/opencv/share/OpenCV/java/opencv-341.jar:/home/travis/build/icyphy/ptII/lib/oscP5.jar:/home/travis/build/icyphy/ptII/lib/nrjavaserial-3.11.0.devel.jar:/home/travis/build/icyphy/ptII/vendors/j3d/lib/Linux/j3dcore.jar:/home/travis/build/icyphy/ptII/vendors/j3d/lib/Linux/j3dutils.jar:/home/travis/build/icyphy/ptII/vendors/j3d/lib/Linux/vecmath.jar:/home/travis/build/icyphy/ptII/vendors/jogl/lib/Linux/gluegen-rt-natives-linux-amd64.jar:/home/travis/build/icyphy/ptII/vendors/jogl/lib/Linux/gluegen-rt.jar:/home/travis/build/icyphy/ptII/vendors/jogl/lib/Linux/jogl-all-natives-linux-amd64.jar:/home/travis/build/icyphy/ptII/vendors/jogl/lib/Linux/jogl-all.jar:/home/travis/build/icyphy/ptII/ptolemy/distributed/jini/jar/jini-core.jar:/home/travis/build/icyphy/ptII/ptolemy/distributed/jini/jar/jini-ext.jar:/home/travis/build/icyphy/ptII/ptolemy/distributed/jini/jar/sun-util.jar:/home/travis/build/icyphy/ptII/lib/protobuf-java-2.4.1.jar:/home/travis/build/icyphy/ptII/lib/org.eclipse.paho.client.mqttv3.jar:/home/travis/build/icyphy/ptII/lib/mapss.jar:/home/travis/build/icyphy/ptII/ptolemy/actor/ptalon/antlr/antlr.jar:/home/travis/build/icyphy/ptII/lib/JRI.jar:/home/travis/build/icyphy/ptII/lib/commons-lang-2.6.jar:/home/travis/build/icyphy/ptII/lib/commons-logging-1.1.1.jar:/home/travis/build/icyphy/ptII/lib/sootclasses.jar:/home/travis/build/icyphy/ptII/ptolemy/actor/lib/database/mysql-connector-java-5.1.6-bin.jar:/home/travis/build/icyphy/ptII/vendors/misc/sphinx4/sphinx4-data-5prealpha.jar:/home/travis/build/icyphy/ptII/vendors/misc/sphinx4/sphinx4-core-5prealpha.jar:/home/travis/build/icyphy/ptII/lib/PDFRenderer.jar:/home/travis/build/icyphy/ptII/lib/svgSalamander.jar:/home/travis/build/icyphy/ptII/lib/rsyntaxtextarea-2.6.0-SNAPSHOT.jar:/home/travis/build/icyphy/ptII/lib/hazelcast-3.8.2.jar:/home/travis/build/icyphy/ptII/lib/jackson-annotations-2.9.0.jar:/home/travis/build/icyphy/ptII/lib/jackson-core-2.9.3.jar:/home/travis/build/icyphy/ptII/lib/jackson-databind-2.9.3.jar:/home/travis/build/icyphy/ptII/lib/netty-buffer-4.1.19.Final.jar:/home/travis/build/icyphy/ptII/lib/netty-codec-4.1.19.Final.jar:/home/travis/build/icyphy/ptII/lib/netty-codec-dns-4.1.19.Final.jar:/home/travis/build/icyphy/ptII/lib/netty-codec-http-4.1.19.Final.jar:/home/travis/build/icyphy/ptII/lib/netty-codec-http2-4.1.19.Final.jar:/home/travis/build/icyphy/ptII/lib/netty-common-4.1.19.Final.jar:/home/travis/build/icyphy/ptII/lib/netty-handler-4.1.19.Final.jar:/home/travis/build/icyphy/ptII/lib/netty-resolver-4.1.19.Final.jar:/home/travis/build/icyphy/ptII/lib/netty-resolver-dns-4.1.19.Final.jar:/home/travis/build/icyphy/ptII/lib/netty-transport-4.1.19.Final.jar:/home/travis/build/icyphy/ptII/lib/vertx-codegen-3.5.1.jar:/home/travis/build/icyphy/ptII/lib/vertx-core-3.5.2-SNAPSHOT.jar:/home/travis/build/icyphy/ptII/lib/vertx-hazelcast-3.5.1.jar:/home/travis/build/icyphy/ptII/lib/vertx-lang-js-3.5.1.jar:/home/travis/build/icyphy/ptII/lib/vertx-service-proxy-3.5.1.jar:/home/travis/build/icyphy/ptII/lib/vertx-web-3.5.1.jar:/home/travis/build/icyphy/ptII/lib/slf4j-api-1.7.13.jar:/home/travis/build/icyphy/ptII/lib/slf4j-simple-1.7.13.jar:/home/travis/build/icyphy/ptII/lib/webcam-capture-0.3.12.jar:/home/travis/build/icyphy/ptII/lib/bridj-0.7.0.jar:/home/travis/build/icyphy/ptII/lib/xbjlib-1.1.0.nrjavaserial.jar" />
    <property name="timeout" value="2400000" />
    <property name="test.batch" value="**/junit/*.java" />
    <property name="env._" value="/usr/bin/timeout" />
    <property name="java.io.tmpdir" value="/tmp" />
    <property name="user.language" value="en" />
    <property name="env.TRAVIS_INTERNAL_RUBY_REGEX" value="^ruby-(2\.[0-4]\.[0-9]|1\.9\.3)" />
    <property name="env.HISTCONTROL" value="ignoredups:ignorespace" />
    <property name="env.GOROOT" value="/home/travis/.gimme/versions/go1.11.1.linux.amd64" />
    <property name="line.separator" value="&#xa;" />
    <property name="target" value="11" />
    <property name="env.TRAVIS_BUILD_DIR" value="/home/travis/build/icyphy/ptII" />
    <property name="env.ANT_OPTS" value="-Xmx2048m" />
    <property name="ant.file.type" value="file" />
    <property name="ptolemy.ptII.batchMode" value="true" />
    <property name="env.HISTSIZE" value="1000" />
    <property name="env.MERB_ENV" value="test" />
    <property name="java.vm.info" value="mixed mode" />
    <property name="source" value="11" />
    <property name="java.vm.specification.name" value="Java Virtual Machine Specification" />
    <property name="env.TRAVIS_TEST_RESULT" value="0" />
    <property name="jsdoc.command" value="node_modules/@terraswarm/jsdoc/jsdoc.js" />
    <property name="npm.works" value="true" />
    <property name="cobertura.dir" value="/home/travis/build/icyphy/ptII/vendors/cobertura-2.0.3" />
    <property name="jsdoc.command.exists" value="true" />
    <property name="env.rvm_path" value="/home/travis/.rvm" />
    <property name="env.GEM_PATH" value="/home/travis/.rvm/gems/ruby-2.5.3:/home/travis/.rvm/gems/ruby-2.5.3@global" />
    <property name="env.LC_CTYPE" value="en_US.UTF-8" />
    <property name="env.TRAVIS_CMD" value="$PTII/bin/ptIITravisBuild.sh $SECONDS" />
    <property name="java.awt.printerjob" value="sun.print.PSPrinterJob" />
    <property name="env.TRAVIS_STACK_NAME" value="sardonyx" />
    <property name="env.TRAVIS_TIMER_START_TIME" value="1583311223956975414" />
    <property name="ant.version" value="Apache Ant(TM) version 1.10.1 compiled on February 2 2017" />
    <property name="ptII.reports" value="/home/travis/build/icyphy/ptII/reports" />
    <property name="env.TRAVIS_STACK_TIMESTAMP" value="2019-03-25 16:16:56 UTC" />
    <property name="ant.file.type.ptII" value="file" />
    <property name="env.RBENV_SHELL" value="bash" />
    <property name="os.name" value="Linux" />
    <property name="java.specification.vendor" value="Oracle Corporation" />
    <property name="env.rvm_version" value="1.29.7 (latest)" />
    <property name="env.TRAVIS_INFRA" value="unknown" />
    <property name="env.TERM" value="xterm" />
    <property name="java.vm.name" value="OpenJDK 64-Bit Server VM" />
    <property name="env.TRAVIS_BUILD_NUMBER" value="1545" />
    <property name="env.CI" value="true" />
    <property name="java.library.path" value="/home/travis/pthla/certi-tools/lib:/usr/lib/jni:/usr/local/share/OpenCV/java/:/usr/share/OpenCV/java::/usr/java/packages/lib:/usr/lib64:/lib64:/lib:/usr/lib" />
    <property name="jdk.module.path" value="/home/travis/build/icyphy/ptII/vendors/javafx/javafx-sdk-11.0.2/lib:" />
    <property name="env.rvm_prefix" value="/home/travis" />
    <property name="env.PATH" value="/home/travis/pthla/certi-tools/share/scripts:/home/travis/.rvm/gems/ruby-2.5.3/bin:/home/travis/.rvm/gems/ruby-2.5.3@global/bin:/home/travis/.rvm/rubies/ruby-2.5.3/bin:/home/travis/.rvm/bin:/home/travis/.nvm/versions/node/v7.10.1/bin:./node_modules/.bin:/home/travis/build/icyphy/ptII/bin:/home/travis/pthla/certi-tools/bin:/home/travis/bin:/home/travis/.local/bin:/usr/local/lib/jvm/openjdk11/bin:/opt/pyenv/shims:/home/travis/.phpenv/shims:/home/travis/perl5/perlbrew/bin:/home/travis/gopath/bin:/home/travis/.gimme/versions/go1.11.1.linux.amd64/bin:/usr/local/maven-3.6.0/bin:/usr/local/cmake-3.12.4/bin:/usr/local/clang-7.0.0/bin:/usr/local/sbin:/usr/local/bin:/usr/sbin:/usr/bin:/sbin:/bin:/snap/bin:/home/travis/.phpenv/bin:/opt/pyenv/bin:/home/travis/.yarn/bin" />
    <property name="env.TRAVIS_OS_NAME" value="linux" />
    <property name="ant.java.version" value="9" />
    <property name="basedir" value="/home/travis/build/icyphy/ptII" />
    <property name="java.class.version" value="55.0" />
    <property name="env.SHLVL" value="3" />
    <property name="env.LD_LIBRARY_PATH" value="/home/travis/pthla/certi-tools/lib:/usr/lib/jni:/usr/local/share/OpenCV/java/:/usr/share/OpenCV/java:" />
    <property name="env.RACK_ENV" value="test" />
    <property name="ant.home" value="/home/travis/build/icyphy/ptII/ant" />
    <property name="env.NVM_DIR" value="/home/travis/.nvm" />
    <property name="env.CERTI_FOM_PATH" value="/home/travis/pthla/certi-tools/share/federations" />
    <property name="env.TRAVIS_BUILD_ID" value="658096721" />
    <property name="env.PYENV_ROOT" value="/opt/pyenv" />
    <property name="env.TRAVIS_UID" value="2000" />
    <property name="prism.verbose" value="true" />
    <property name="env.NVM_BIN" value="/home/travis/.nvm/versions/node/v7.10.1/bin" />
    <property name="env.TRAVIS_COMMIT" value="870dd923782c40107170003f8e2e8044373cb49d" />
    <property name="env._system_arch" value="x86_64" />
    <property name="node.executable" value="node" />
    <property name="sun.boot.library.path" value="/usr/local/lib/jvm/openjdk11/lib" />
    <property name="sun.management.compiler" value="HotSpot 64-Bit Tiered Compilers" />
    <property name="java.awt.graphicsenv" value="sun.awt.X11GraphicsEnvironment" />
    <property name="env.GOPATH" value="/home/travis/gopath" />
    <property name="ptolemy.ptII.dir" value="/home/travis/build/icyphy/ptII" />
    <property name="env.USER" value="travis" />
    <property name="env.HISTFILESIZE" value="2000" />
    <property name="timeout.longest" value="19000000" />
    <property name="env.PERLBREW_SHELLRC_VERSION" value="0.86" />
    <property name="env.TRAVIS_STACK_FEATURES" value="basic couchdb disabled-ipv6 docker docker-compose elasticsearch firefox go-toolchain google-chrome jdk memcached mongodb mysql nodejs_interpreter perl_interpreter perlbrew phantomjs postgresql python_interpreter redis ruby_interpreter sqlite xserver" />
    <property name="env.TRAVIS_PULL_REQUEST" value="false" />
    <property name="env.PYENV_SHELL" value="bash" />
    <property name="ant.project.name" value="ptII" />
    <property name="env.ANSI_RESET" value="\033[0m" />
    <property name="java.vm.specification.version" value="11" />
    <property name="env.TRAVIS_DIST" value="xenial" />
    <property name="env.CERTI_VERSION" value="4.0.0" />
    <property name="env.CERTI_HOST" value="localhost" />
    <property name="awt.toolkit" value="sun.awt.X11.XToolkit" />
    <property name="env.MY_RUBY_HOME" value="/home/travis/.rvm/rubies/ruby-2.5.3" />
    <property name="sun.cpu.isalist" value="" />
    <property name="env.TRAVIS_TMPDIR" value="/tmp/tmp.PR8y9jY2tZ" />
    <property name="java.vm.compressedOopsMode" value="Zero based" />
    <property name="os.version" value="4.15.0-1028-gcp" />
    <property name="user.home" value="/home/travis" />
    <property name="java.vm.vendor" value="Oracle Corporation" />
    <property name="env.TRAVIS_TAG" value="nightly" />
    <property name="env.ANSI_YELLOW" value="\033[33;1m" />
    <property name="env.TRAVIS_FILTERED" value="redirect_io" />
    <property name="env.ANSI_GREEN" value="\033[32;1m" />
    <property name="env.JAVA_HOME" value="/usr/local/lib/jvm/openjdk11" />
    <property name="javadoc.excludepackagenames" value="adm.cvs2svn.*,build.*,config.*,doc.coding.templates.*,jni.test.jni.meaningOfLife.*,jni.test.jni.testDeux.*,jni.test.jni.testTrois.*,org.terraswarm.accessor.accessors.web.node_modules.*,org.terraswarm.accessor.accessors.web.hosts.cordova.demo.*,org.terraswarm.accessor.accessors.web.hosts.cordova.plugins.*,org.terraswarm.accessor.accessors-svn.*,pt-modules.*,ptolemy.apps.agilent.*,ptolemy.apps.anytimecontrol.*,ptolemy.apps.apes.*,ptolemy.apps.charon.*,ptolemy.apps.crazyboard.*,ptolemy.apps.eclipse.*,ptolemy.apps.etherealSting.*,ptolemy.apps.fullscreen.*,ptolemy.apps.giotto.*,ptolemy.apps.ia.*,ptolemy.apps.interfaces.*,ptolemy.apps.jmf.*,ptolemy.apps.kurt.*,ptolemy.apps.kvm.*,ptolemy.apps.lego.*,ptolemy.apps.lejos.*,ptolemy.apps.midp.*,ptolemy.apps.mobileCoding.*,ptolemy.apps.pendulum.*,ptolemy.apps.rijndael.*,ptolemy.apps.robot.*,ptolemy.apps.security.*,ptolemy.apps.sobel.*,ptolemy.apps.soot.*,ptolemy.apps.throttle.*,ptolemy.apps.tini.*,ptolemy.apps.transmission.*,ptolemy.apps.vergil.*,ptolemy.apps.waba.*,ptolemy.apps.websensor.*,ptolemy.apps.webstart.*,ptolemy.apps.xsl.*,ptolemy.apps.zaurus.*,ptolemy.codegen.c.actor.lib.oldJavaFiles.*,ptolemy.codegen.dsp.lib.*,ptolemy.codegen.kernel.newInterfaces.*,ptolemy.codegen.lib.*,ptolemy.copernicus.kernel.fragment.*,ptolemy.copernicus.shallow.cg.*,ptolemy.domains.giotto.demo.Hierarchy.Hierarchy.*,ptolemy.domains.giotto.demo.Multimode.Multimode.*,ptolemy.domains.giotto.demo.Simple.Simple.*,ptolemy.domains.gr.lib.experimental.*,ptolemy.domains.gro.*,ptolemy.domains.pdf.*,ptolemy.domains.ptinyos.demo.Surge.output.*,ptolemy.moml.test.NoPackageActor.java*,ptolemy.plot.adm.*,ptolemy.plot.servlet.*,reports.*,signed.*,src.*,target.*,vendors.*,ptolemy.copernicus.applet.*,ptolemy.media.viewer.*,ptolemy.actor.corba.*,doc.doclets.*,ptolemy.apps.eclipse.awt.*,ptolemy.backtrack.*,ptolemy.backtrack.ast.*,ptolemy.cg.adapter.generic.program.procedural.c.mbed*,ptolemy.homer.*,ptolemy.actor.lib.jai.*,org.ptolemy.scala.*,diva.util.java2d.svg.*,ptolemy.domains.ptinyos.*,ptolemy.actor.lib.fmi.fmipp.*,,org.terraswarm.accessor.accessors.web.node_modules.*,org.terraswarm.accessor.accessors-svn,ptolemy.apps.*,ptolemy.actor.ptalon.demo.ptinyos.SendAndReceiveCnt.output,ptolemy.actor.ptalon.demo.ptinyos.SenseToLeds.output,ptolemy.domains.ptinyos.demo.CntToLedsAndRfm.output,ptolemy.domains.ptinyos.demo.RfmToLeds.output,ptolemy.domains.ptinyos.demo.SendAndReceiveCnt.output,ptolemy.domains.ptinyos.demo.SenseToLeds.output,ptolemy.actor.lib.jjs.modules.udpSocket.*" />
    <property name="env.PTII" value="/home/travis/build/icyphy/ptII" />
    <property name="env.XDG_SESSION_ID" value="2" />
    <property name="keystore" value="ptKeystore" />
    <property name="env.TRAVIS_COMMIT_MESSAGE" value="Replacing old actors by new ones in the library MoreLibraries.Co-Simulation.HLA." />
    <property name="junit.output.dir" value="/home/travis/build/icyphy/ptII/reports/junit" />
    <property name="npm.return.code" value="0" />
    <property name="user.dir" value="/home/travis/build/icyphy/ptII/ptolemy/actor/lib/test" />
    <property name="env.TRAVIS_NODE_VERSION" value="7" />
    <property name="env.TRAVIS_EVENT_TYPE" value="push" />
    <property name="env.MAIL" value="/var/mail/travis" />
    <property name="env.PERLBREW_ROOT" value="/home/travis/perl5/perlbrew" />
    <property name="env.PWD" value="/home/travis/build/icyphy/ptII" />
    <property name="timeout.npm" value="45000" />
    <property name="env.TRAVIS_ARCH" value="amd64" />
    <property name="sun.cpu.endian" value="little" />
    <property name="env.PAGER" value="cat" />
    <property name="env.TRAVIS_BUILD_STAGE_NAME" value="Test" />
    <property name="env.PERLBREW_HOME" value="/home/travis/.perlbrew" />
    <property name="java.vm.version" value="11.0.2+9" />
    <property name="env.RAILS_ENV" value="test" />
    <property name="java.class.path" value="/home/travis/.ptolemyII:/home/travis/.ptolemyII/*:/home/travis/build/icyphy/ptII:/home/travis/build/icyphy/ptII/lib/bsh-2.0b4.jar:/home/travis/build/icyphy/ptII/lib/ptCal.jar:/home/travis/build/icyphy/ptII/lib/java_cup.jar:/home/travis/build/icyphy/ptII/lib/saxon8.jar:/home/travis/build/icyphy/ptII/lib/saxon8-dom.jar:/home/travis/build/icyphy/ptII/lib/chic.jar:/home/travis/build/icyphy/ptII/lib/ptcolt.jar:/home/travis/build/icyphy/ptII/vendors/misc/itext/iText.jar:/home/travis/build/icyphy/ptII/lib/g4ltl.jar:/home/travis/build/icyphy/ptII/lib/StructuralCoder.jar:/home/travis/build/icyphy/ptII/lib/jcerti.jar:/home/travis/build/icyphy/ptII/lib/javax.mail.jar:/home/travis/build/icyphy/ptII/vendors/JMF-2.1.1e/lib/jmf.jar:/home/travis/build/icyphy/ptII/lib/jna-4.0.0-variadic.jar:/home/travis/build/icyphy/ptII/vendors/misc/joystick/Joystick.jar:/home/travis/build/icyphy/ptII/lib/ptjacl.jar:/home/travis/build/icyphy/ptII/lib/jsoup-1.8.2.jar:/home/travis/build/icyphy/ptII/lib/junit-4.8.2.jar:/home/travis/build/icyphy/ptII/lib/JUnitParams-0.4.0.jar:/home/travis/build/icyphy/ptII/ptolemy/actor/lib/excel/jxl.jar:/home/travis/build/icyphy/ptII/lib/jython.jar:/home/travis/build/icyphy/ptII/lib/kieler.jar:/home/travis/build/icyphy/ptII/vendors/opencv/share/OpenCV/java/opencv-341.jar:/home/travis/build/icyphy/ptII/lib/oscP5.jar:/home/travis/build/icyphy/ptII/lib/nrjavaserial-3.11.0.devel.jar:/home/travis/build/icyphy/ptII/vendors/j3d/lib/Linux/j3dcore.jar:/home/travis/build/icyphy/ptII/vendors/j3d/lib/Linux/j3dutils.jar:/home/travis/build/icyphy/ptII/vendors/j3d/lib/Linux/vecmath.jar:/home/travis/build/icyphy/ptII/vendors/jogl/lib/Linux/gluegen-rt-natives-linux-amd64.jar:/home/travis/build/icyphy/ptII/vendors/jogl/lib/Linux/gluegen-rt.jar:/home/travis/build/icyphy/ptII/vendors/jogl/lib/Linux/jogl-all-natives-linux-amd64.jar:/home/travis/build/icyphy/ptII/vendors/jogl/lib/Linux/jogl-all.jar:/home/travis/build/icyphy/ptII/ptolemy/distributed/jini/jar/jini-core.jar:/home/travis/build/icyphy/ptII/ptolemy/distributed/jini/jar/jini-ext.jar:/home/travis/build/icyphy/ptII/ptolemy/distributed/jini/jar/sun-util.jar:/home/travis/build/icyphy/ptII/lib/protobuf-java-2.4.1.jar:/home/travis/build/icyphy/ptII/lib/org.eclipse.paho.client.mqttv3.jar:/home/travis/build/icyphy/ptII/lib/mapss.jar:/home/travis/build/icyphy/ptII/ptolemy/actor/ptalon/antlr/antlr.jar:/home/travis/build/icyphy/ptII/lib/JRI.jar:/home/travis/build/icyphy/ptII/lib/commons-lang-2.6.jar:/home/travis/build/icyphy/ptII/lib/commons-logging-1.1.1.jar:/home/travis/build/icyphy/ptII/lib/sootclasses.jar:/home/travis/build/icyphy/ptII/ptolemy/actor/lib/database/mysql-connector-java-5.1.6-bin.jar:/home/travis/build/icyphy/ptII/vendors/misc/sphinx4/sphinx4-data-5prealpha.jar:/home/travis/build/icyphy/ptII/vendors/misc/sphinx4/sphinx4-core-5prealpha.jar:/home/travis/build/icyphy/ptII/lib/PDFRenderer.jar:/home/travis/build/icyphy/ptII/lib/svgSalamander.jar:/home/travis/build/icyphy/ptII/lib/rsyntaxtextarea-2.6.0-SNAPSHOT.jar:/home/travis/build/icyphy/ptII/lib/hazelcast-3.8.2.jar:/home/travis/build/icyphy/ptII/lib/jackson-annotations-2.9.0.jar:/home/travis/build/icyphy/ptII/lib/jackson-core-2.9.3.jar:/home/travis/build/icyphy/ptII/lib/jackson-databind-2.9.3.jar:/home/travis/build/icyphy/ptII/lib/netty-buffer-4.1.19.Final.jar:/home/travis/build/icyphy/ptII/lib/netty-codec-4.1.19.Final.jar:/home/travis/build/icyphy/ptII/lib/netty-codec-dns-4.1.19.Final.jar:/home/travis/build/icyphy/ptII/lib/netty-codec-http-4.1.19.Final.jar:/home/travis/build/icyphy/ptII/lib/netty-codec-http2-4.1.19.Final.jar:/home/travis/build/icyphy/ptII/lib/netty-common-4.1.19.Final.jar:/home/travis/build/icyphy/ptII/lib/netty-handler-4.1.19.Final.jar:/home/travis/build/icyphy/ptII/lib/netty-resolver-4.1.19.Final.jar:/home/travis/build/icyphy/ptII/lib/netty-resolver-dns-4.1.19.Final.jar:/home/travis/build/icyphy/ptII/lib/netty-transport-4.1.19.Final.jar:/home/travis/build/icyphy/ptII/lib/vertx-codegen-3.5.1.jar:/home/travis/build/icyphy/ptII/lib/vertx-core-3.5.2-SNAPSHOT.jar:/home/travis/build/icyphy/ptII/lib/vertx-hazelcast-3.5.1.jar:/home/travis/build/icyphy/ptII/lib/vertx-lang-js-3.5.1.jar:/home/travis/build/icyphy/ptII/lib/vertx-service-proxy-3.5.1.jar:/home/travis/build/icyphy/ptII/lib/vertx-web-3.5.1.jar:/home/travis/build/icyphy/ptII/lib/slf4j-api-1.7.13.jar:/home/travis/build/icyphy/ptII/lib/slf4j-simple-1.7.13.jar:/home/travis/build/icyphy/ptII/lib/webcam-capture-0.3.12.jar:/home/travis/build/icyphy/ptII/lib/bridj-0.7.0.jar:/home/travis/build/icyphy/ptII/lib/xbjlib-1.1.0.nrjavaserial.jar:/home/travis/build/icyphy/ptII/ptolemy/moml/test:/home/travis/build/icyphy/ptII/ant/lib/ant-launcher.jar:/home/travis/build/icyphy/ptII/ant/lib/ant.jar:/home/travis/build/icyphy/ptII/ant/lib/ant-junit.jar:/home/travis/build/icyphy/ptII/ant/lib/ant-junit4.jar" />
    <property name="ant.library.dir" value="/home/travis/build/icyphy/ptII/ant/lib" />
    <property name="os.arch" value="amd64" />
    <property name="env.CONTINUOUS_INTEGRATION" value="true" />
    <property name="env.TRAVIS_LANGUAGE" value="node_js" />
    <property name="env.TRAVIS_STACK_LANGUAGES" value="__sardonyx__ c c++ clojure cplusplus cpp default generic go groovy java node_js php pure_java python ruby scala" />
    <property name="test.name" value="ptolemy.actor.lib.test.junit.JUnitTclTest" />
    <property name="env.APT_KEY_DONT_WARN_ON_DANGEROUS_USAGE" value="1" />
    <property name="sun.java.launcher" value="SUN_STANDARD" />
    <property name="env.PYTHON_CONFIGURE_OPTS" value="--enable-unicode=ucs4 --with-wide-unicode --enable-shared --enable-ipv6 --enable-loadable-sqlite-extensions --with-computed-gotos" />
    <property name="ant.core.lib" value="/home/travis/build/icyphy/ptII/ant/lib/ant.jar" />
    <property name="java.vm.specification.vendor" value="Oracle Corporation" />
    <property name="env.BCVTB_HOME" value="/home/travis/build/icyphy/ptII/lbnl" />
    <property name="file.separator" value="/" />
    <property name="spotbugs.home" value="/home/travis/build/icyphy/ptII/vendors/spotbugs-3.1.1" />
    <property name="java.runtime.version" value="11.0.2+9" />
    <property name="env.ANSI_CLEAR" value="\033[0K" />
    <property name="javafx.verbose" value="true" />
    <property name="env.HAS_JOSH_K_SEAL_OF_APPROVAL" value="true" />
    <property name="env.XDG_RUNTIME_DIR" value="/run/user/2000" />
    <property name="env.TRAVIS_OSX_IMAGE" value="" />
    <property name="env.TRAVIS_JOB_ID" value="658096729" />
    <property name="env.TRAVIS_BRANCH" value="master" />
    <property name="user.country" value="US" />
    <property name="env.CERTI_HOME_TRAVIS" value="/home/travis/pthla/certi-tools" />
    <property name="env.SHELL" value="/bin/bash" />
    <property name="java.maxmemory.large" value="3200m" />
    <property name="model" value="" />
    <property name="env.CASHER_DIR" value="/home/travis/.casher" />
    <property name="env.NVM_CD_FLAGS" value="" />
    <property name="java.vendor.version" value="18.9" />
    <property name="jshint.executable" value="/home/travis/node_modules/jshint/bin/jshint" />
    <property name="env.JRUBY_OPTS" value=" --client -J-XX:+TieredCompilation -J-XX:TieredStopAtLevel=1 -J-Xss2m -Xcompile.invokedynamic=false" />
    <property name="java.vendor" value="Oracle Corporation" />
    <property name="env.TRAVIS_PRE_CHEF_BOOTSTRAP_TIME" value="2019-03-25T16:16:42" />
    <property name="env.TRAVIS_STACK_JOB_BOARD_REGISTER" value="/.job-board-register.yml" />
    <property name="env.ANSI_RED" value="\033[31;1m" />
    <property name="java.specification.version" value="11" />
    <property name="env.IRBRC" value="/home/travis/.rvm/rubies/ruby-2.5.3/.irbrc" />
    <property name="env.TRAVIS" value="true" />
    <property name="sun.arch.data.model" value="64" />
  </properties>
  <testcase classname="ptolemy.util.test.junit.TclTests" name="[0] /home/travis/build/icyphy/ptII/ptolemy/actor/lib/test/AbsoluteValue.tcl (RunTclFile)" time="0.419" />
  <testcase classname="ptolemy.util.test.junit.TclTests" name="[1] /home/travis/build/icyphy/ptII/ptolemy/actor/lib/test/AddSubtract.tcl (RunTclFile)" time="0.188" />
  <testcase classname="ptolemy.util.test.junit.TclTests" name="[2] /home/travis/build/icyphy/ptII/ptolemy/actor/lib/test/Average.tcl (RunTclFile)" time="0.068" />
  <testcase classname="ptolemy.util.test.junit.TclTests" name="[3] /home/travis/build/icyphy/ptII/ptolemy/actor/lib/test/Bernoulli.tcl (RunTclFile)" time="0.034" />
  <testcase classname="ptolemy.util.test.junit.TclTests" name="[4] /home/travis/build/icyphy/ptII/ptolemy/actor/lib/test/Clock.tcl (RunTclFile)" time="0.12" />
  <testcase classname="ptolemy.util.test.junit.TclTests" name="[5] /home/travis/build/icyphy/ptII/ptolemy/actor/lib/test/Commutator.tcl (RunTclFile)" time="0.174" />
  <testcase classname="ptolemy.util.test.junit.TclTests" name="[6] /home/travis/build/icyphy/ptII/ptolemy/actor/lib/test/Const.tcl (RunTclFile)" time="0.123" />
  <testcase classname="ptolemy.util.test.junit.TclTests" name="[7] /home/travis/build/icyphy/ptII/ptolemy/actor/lib/test/CurrentTime.tcl (RunTclFile)" time="0.037" />
  <testcase classname="ptolemy.util.test.junit.TclTests" name="[8] /home/travis/build/icyphy/ptII/ptolemy/actor/lib/test/DB.tcl (RunTclFile)" time="0.036" />
  <testcase classname="ptolemy.util.test.junit.TclTests" name="[9] /home/travis/build/icyphy/ptII/ptolemy/actor/lib/test/DiscreteRandomSource.tcl (RunTclFile)" time="0.04" />
  <testcase classname="ptolemy.util.test.junit.TclTests" name="[10] /home/travis/build/icyphy/ptII/ptolemy/actor/lib/test/Distributor.tcl (RunTclFile)" time="0.067" />
  <testcase classname="ptolemy.util.test.junit.TclTests" name="[11] /home/travis/build/icyphy/ptII/ptolemy/actor/lib/test/Exit.tcl (RunTclFile)" time="0.098" />
  <testcase classname="ptolemy.util.test.junit.TclTests" name="[12] /home/travis/build/icyphy/ptII/ptolemy/actor/lib/test/Expression.tcl (RunTclFile)" time="0.063" />
  <testcase classname="ptolemy.util.test.junit.TclTests" name="[13] /home/travis/build/icyphy/ptII/ptolemy/actor/lib/test/Gaussian.tcl (RunTclFile)" time="0.296" />
  <testcase classname="ptolemy.util.test.junit.TclTests" name="[14] /home/travis/build/icyphy/ptII/ptolemy/actor/lib/test/IIR.tcl (RunTclFile)" time="0.035" />
  <testcase classname="ptolemy.util.test.junit.TclTests" name="[15] /home/travis/build/icyphy/ptII/ptolemy/actor/lib/test/Interpolator.tcl (RunTclFile)" time="0.094" />
  <testcase classname="ptolemy.util.test.junit.TclTests" name="[16] /home/travis/build/icyphy/ptII/ptolemy/actor/lib/test/MathFunction.tcl (RunTclFile)" time="0.066" />
  <testcase classname="ptolemy.util.test.junit.TclTests" name="[17] /home/travis/build/icyphy/ptII/ptolemy/actor/lib/test/Maximum.tcl (RunTclFile)" time="0.031" />
  <testcase classname="ptolemy.util.test.junit.TclTests" name="[18] /home/travis/build/icyphy/ptII/ptolemy/actor/lib/test/Minimum.tcl (RunTclFile)" time="0.026" />
  <testcase classname="ptolemy.util.test.junit.TclTests" name="[19] /home/travis/build/icyphy/ptII/ptolemy/actor/lib/test/MultiplyDivide.tcl (RunTclFile)" time="0.04" />
  <testcase classname="ptolemy.util.test.junit.TclTests" name="[20] /home/travis/build/icyphy/ptII/ptolemy/actor/lib/test/OrderedMerge.tcl (RunTclFile)" time="0.125" />
  <testcase classname="ptolemy.util.test.junit.TclTests" name="[21] /home/travis/build/icyphy/ptII/ptolemy/actor/lib/test/Publisher.tcl (RunTclFile)" time="0.803" />
  <testcase classname="ptolemy.util.test.junit.TclTests" name="[22] /home/travis/build/icyphy/ptII/ptolemy/actor/lib/test/Pulse.tcl (RunTclFile)" time="0.063" />
  <testcase classname="ptolemy.util.test.junit.TclTests" name="[23] /home/travis/build/icyphy/ptII/ptolemy/actor/lib/test/Ramp.tcl (RunTclFile)" time="1.99" />
  <testcase classname="ptolemy.util.test.junit.TclTests" name="[24] /home/travis/build/icyphy/ptII/ptolemy/actor/lib/test/RampContinuous.tcl (RunTclFile)" time="0.016" />
  <testcase classname="ptolemy.util.test.junit.TclTests" name="[25] /home/travis/build/icyphy/ptII/ptolemy/actor/lib/test/RecordAssembler.tcl (RunTclFile)" time="0.015" />
  <testcase classname="ptolemy.util.test.junit.TclTests" name="[26] /home/travis/build/icyphy/ptII/ptolemy/actor/lib/test/RecordDisassembler.tcl (RunTclFile)" time="0.032" />
  <testcase classname="ptolemy.util.test.junit.TclTests" name="[27] /home/travis/build/icyphy/ptII/ptolemy/actor/lib/test/Scale.tcl (RunTclFile)" time="0.028" />
  <testcase classname="ptolemy.util.test.junit.TclTests" name="[28] /home/travis/build/icyphy/ptII/ptolemy/actor/lib/test/SequentialClock.tcl (RunTclFile)" time="0.013" />
  <testcase classname="ptolemy.util.test.junit.TclTests" name="[29] /home/travis/build/icyphy/ptII/ptolemy/actor/lib/test/SetVariable.tcl (RunTclFile)" time="0.01" />
  <testcase classname="ptolemy.util.test.junit.TclTests" name="[30] /home/travis/build/icyphy/ptII/ptolemy/actor/lib/test/Sinewave.tcl (RunTclFile)" time="0.05" />
  <testcase classname="ptolemy.util.test.junit.TclTests" name="[31] /home/travis/build/icyphy/ptII/ptolemy/actor/lib/test/SubscriptionAggregator.tcl (RunTclFile)" time="2.002" />
  <testcase classname="ptolemy.util.test.junit.TclTests" name="[32] /home/travis/build/icyphy/ptII/ptolemy/actor/lib/test/Test.tcl (RunTclFile)" time="0.157" />
  <testcase classname="ptolemy.util.test.junit.TclTests" name="[33] /home/travis/build/icyphy/ptII/ptolemy/actor/lib/test/TestExceptionHandler.tcl (RunTclFile)" time="0.014" />
  <testcase classname="ptolemy.util.test.junit.TclTests" name="[34] /home/travis/build/icyphy/ptII/ptolemy/actor/lib/test/UnionDisassembler.tcl (RunTclFile)" time="0.072" />
  <testcase classname="ptolemy.util.test.junit.TclTests" name="[35] /home/travis/build/icyphy/ptII/ptolemy/actor/lib/test/VariableClock.tcl (RunTclFile)" time="0.031" />
  <testcase classname="ptolemy.util.test.junit.AutoKnownFailedTests" name="[0] /home/travis/build/icyphy/ptII/ptolemy/actor/lib/test/auto/knownFailedTests/PublisherPortToplevelSubscriber.xml (RunModel)" time="0.033" />
  <testcase classname="ptolemy.util.test.junit.AutoKnownFailedTests" name="[1] /home/travis/build/icyphy/ptII/ptolemy/actor/lib/test/auto/knownFailedTests/PublisherSubscriberPortToplevel.xml (RunModel)" time="0.017" />
  <testcase classname="ptolemy.util.test.junit.AutoKnownFailedTests" name="[2] /home/travis/build/icyphy/ptII/ptolemy/actor/lib/test/auto/knownFailedTests/PublisherSubscriptionAggregatorPort.xml (RunModel)" time="0.018" />
  <testcase classname="ptolemy.util.test.junit.AutoKnownFailedTests" name="[3] /home/travis/build/icyphy/ptII/ptolemy/actor/lib/test/auto/knownFailedTests/sizedarray3.xml (RunModel)" time="0.025" />
  <testcase classname="ptolemy.util.test.junit.AutoNameArchTests" name="[0] ThereAreNoAutoArchTests (RunModel)" time="0.011" />
  <testcase classname="ptolemy.util.test.junit.AutoTests" name="[0] /home/travis/build/icyphy/ptII/ptolemy/actor/lib/test/auto/AbsoluteValue.xml (RunModel)" time="0.104" />
  <testcase classname="ptolemy.util.test.junit.AutoTests" name="[1] /home/travis/build/icyphy/ptII/ptolemy/actor/lib/test/auto/AbsoluteValue2.xml (RunModel)" time="0.051" />
  <testcase classname="ptolemy.util.test.junit.AutoTests" name="[2] /home/travis/build/icyphy/ptII/ptolemy/actor/lib/test/auto/Accumulator.xml (RunModel)" time="0.061" />
  <testcase classname="ptolemy.util.test.junit.AutoTests" name="[3] /home/travis/build/icyphy/ptII/ptolemy/actor/lib/test/auto/Accumulator2.xml (RunModel)" time="0.042" />
  <testcase classname="ptolemy.util.test.junit.AutoTests" name="[4] /home/travis/build/icyphy/ptII/ptolemy/actor/lib/test/auto/Accumulator3.xml (RunModel)" time="0.026" />
  <testcase classname="ptolemy.util.test.junit.AutoTests" name="[5] /home/travis/build/icyphy/ptII/ptolemy/actor/lib/test/auto/ArrayAppend.xml (RunModel)" time="0.037" />
  <testcase classname="ptolemy.util.test.junit.AutoTests" name="[6] /home/travis/build/icyphy/ptII/ptolemy/actor/lib/test/auto/ArrayAppend2.xml (RunModel)" time="0.384" />
  <testcase classname="ptolemy.util.test.junit.AutoTests" name="[7] /home/travis/build/icyphy/ptII/ptolemy/actor/lib/test/auto/ArrayAppend3.xml (RunModel)" time="0.024" />
  <testcase classname="ptolemy.util.test.junit.AutoTests" name="[8] /home/travis/build/icyphy/ptII/ptolemy/actor/lib/test/auto/ArrayAppend4.xml (RunModel)" time="0.024" />
  <testcase classname="ptolemy.util.test.junit.AutoTests" name="[9] /home/travis/build/icyphy/ptII/ptolemy/actor/lib/test/auto/ArrayAppend5.xml (RunModel)" time="0.016" />
  <testcase classname="ptolemy.util.test.junit.AutoTests" name="[10] /home/travis/build/icyphy/ptII/ptolemy/actor/lib/test/auto/ArrayAppend6.xml (RunModel)" time="0.025" />
  <testcase classname="ptolemy.util.test.junit.AutoTests" name="[11] /home/travis/build/icyphy/ptII/ptolemy/actor/lib/test/auto/ArrayAppendPerformanceTest.xml (RunModel)" time="0.054" />
  <testcase classname="ptolemy.util.test.junit.AutoTests" name="[12] /home/travis/build/icyphy/ptII/ptolemy/actor/lib/test/auto/ArrayAppendWithEmptyInput.xml (RunModel)" time="0.052" />
  <testcase classname="ptolemy.util.test.junit.AutoTests" name="[13] /home/travis/build/icyphy/ptII/ptolemy/actor/lib/test/auto/ArrayAverage.xml (RunModel)" time="0.046" />
  <testcase classname="ptolemy.util.test.junit.AutoTests" name="[14] /home/travis/build/icyphy/ptII/ptolemy/actor/lib/test/auto/ArrayContains.xml (RunModel)" time="0.039" />
  <testcase classname="ptolemy.util.test.junit.AutoTests" name="[15] /home/travis/build/icyphy/ptII/ptolemy/actor/lib/test/auto/ArrayElement.xml (RunModel)" time="0.025" />
  <testcase classname="ptolemy.util.test.junit.AutoTests" name="[16] /home/travis/build/icyphy/ptII/ptolemy/actor/lib/test/auto/ArrayElementAsMatrix.xml (RunModel)" time="0.037" />
  <testcase classname="ptolemy.util.test.junit.AutoTests" name="[17] /home/travis/build/icyphy/ptII/ptolemy/actor/lib/test/auto/ArrayElementI.xml (RunModel)" time="0.012" />
  <testcase classname="ptolemy.util.test.junit.AutoTests" name="[18] /home/travis/build/icyphy/ptII/ptolemy/actor/lib/test/auto/ArrayExtract.xml (RunModel)" time="0.021" />
  <testcase classname="ptolemy.util.test.junit.AutoTests" name="[19] /home/travis/build/icyphy/ptII/ptolemy/actor/lib/test/auto/ArrayExtract2.xml (RunModel)" time="0.016" />
  <testcase classname="ptolemy.util.test.junit.AutoTests" name="[20] /home/travis/build/icyphy/ptII/ptolemy/actor/lib/test/auto/ArrayLength.xml (RunModel)" time="0.018" />
  <testcase classname="ptolemy.util.test.junit.AutoTests" name="[21] /home/travis/build/icyphy/ptII/ptolemy/actor/lib/test/auto/ArrayLevelCrossing.xml (RunModel)" time="0.024" />
  <testcase classname="ptolemy.util.test.junit.AutoTests" name="[22] /home/travis/build/icyphy/ptII/ptolemy/actor/lib/test/auto/ArrayLevelCrossing2.xml (RunModel)" time="0.02" />
  <testcase classname="ptolemy.util.test.junit.AutoTests" name="[23] /home/travis/build/icyphy/ptII/ptolemy/actor/lib/test/auto/ArrayPeakSearch.xml (RunModel)" time="0.031" />
  <testcase classname="ptolemy.util.test.junit.AutoTests" name="[24] /home/travis/build/icyphy/ptII/ptolemy/actor/lib/test/auto/ArrayPeakSearch2.xml (RunModel)" time="0.04" />
  <testcase classname="ptolemy.util.test.junit.AutoTests" name="[25] /home/travis/build/icyphy/ptII/ptolemy/actor/lib/test/auto/ArrayPeakSearch3.xml (RunModel)" time="0.03" />
  <testcase classname="ptolemy.util.test.junit.AutoTests" name="[26] /home/travis/build/icyphy/ptII/ptolemy/actor/lib/test/auto/ArrayRemoveElement.xml (RunModel)" time="0.034" />
  <testcase classname="ptolemy.util.test.junit.AutoTests" name="[27] /home/travis/build/icyphy/ptII/ptolemy/actor/lib/test/auto/ArraySort.xml (RunModel)" time="0.039" />
  <testcase classname="ptolemy.util.test.junit.AutoTests" name="[28] /home/travis/build/icyphy/ptII/ptolemy/actor/lib/test/auto/ArraySum.xml (RunModel)" time="0.017" />
  <testcase classname="ptolemy.util.test.junit.AutoTests" name="[29] /home/travis/build/icyphy/ptII/ptolemy/actor/lib/test/auto/ArrayToElements.xml (RunModel)" time="0.025" />
  <testcase classname="ptolemy.util.test.junit.AutoTests" name="[30] /home/travis/build/icyphy/ptII/ptolemy/actor/lib/test/auto/ArrayToMatrix.xml (RunModel)" time="0.07" />
  <testcase classname="ptolemy.util.test.junit.AutoTests" name="[31] /home/travis/build/icyphy/ptII/ptolemy/actor/lib/test/auto/ArrayUpdate1.xml (RunModel)" time="0.017" />
  <testcase classname="ptolemy.util.test.junit.AutoTests" name="[32] /home/travis/build/icyphy/ptII/ptolemy/actor/lib/test/auto/ArrayUpdate2.xml (RunModel)" time="0.016" />
  <testcase classname="ptolemy.util.test.junit.AutoTests" name="[33] /home/travis/build/icyphy/ptII/ptolemy/actor/lib/test/auto/ArrayUpdate3.xml (RunModel)" time="0.013" />
  <testcase classname="ptolemy.util.test.junit.AutoTests" name="[34] /home/travis/build/icyphy/ptII/ptolemy/actor/lib/test/auto/Assert1.xml (RunModel)" time="0.021" />
  <testcase classname="ptolemy.util.test.junit.AutoTests" name="[35] /home/travis/build/icyphy/ptII/ptolemy/actor/lib/test/auto/Assert2.xml (RunModel)" time="0.01" />
  <testcase classname="ptolemy.util.test.junit.AutoTests" name="[36] /home/travis/build/icyphy/ptII/ptolemy/actor/lib/test/auto/BooleanMultiplexor.xml (RunModel)" time="0.012" />
  <testcase classname="ptolemy.util.test.junit.AutoTests" name="[37] /home/travis/build/icyphy/ptII/ptolemy/actor/lib/test/auto/BooleanMultiplexor2.xml (RunModel)" time="0.014" />
  <testcase classname="ptolemy.util.test.junit.AutoTests" name="[38] /home/travis/build/icyphy/ptII/ptolemy/actor/lib/test/auto/BooleanMultiplexor3.xml (RunModel)" time="0.011" />
  <testcase classname="ptolemy.util.test.junit.AutoTests" name="[39] /home/travis/build/icyphy/ptII/ptolemy/actor/lib/test/auto/BooleanSelect.xml (RunModel)" time="0.023" />
  <testcase classname="ptolemy.util.test.junit.AutoTests" name="[40] /home/travis/build/icyphy/ptII/ptolemy/actor/lib/test/auto/BooleanSelect2.xml (RunModel)" time="0.018" />
  <testcase classname="ptolemy.util.test.junit.AutoTests" name="[41] /home/travis/build/icyphy/ptII/ptolemy/actor/lib/test/auto/BooleanSwitch.xml (RunModel)" time="0.021" />
  <testcase classname="ptolemy.util.test.junit.AutoTests" name="[42] /home/travis/build/icyphy/ptII/ptolemy/actor/lib/test/auto/BooleanSwitch2.xml (RunModel)" time="0.015" />
  <testcase classname="ptolemy.util.test.junit.AutoTests" name="[43] /home/travis/build/icyphy/ptII/ptolemy/actor/lib/test/auto/BooleanSwitchCloningBugWithClassRelationGroup.xml (RunModel)" time="0.05" />
  <testcase classname="ptolemy.util.test.junit.AutoTests" name="[44] /home/travis/build/icyphy/ptII/ptolemy/actor/lib/test/auto/BusActors.xml (RunModel)" time="0.045" />
  <testcase classname="ptolemy.util.test.junit.AutoTests" name="[45] /home/travis/build/icyphy/ptII/ptolemy/actor/lib/test/auto/ClassWrapper.xml (RunModel)" time="0.028" />
  <testcase classname="ptolemy.util.test.junit.AutoTests" name="[46] /home/travis/build/icyphy/ptII/ptolemy/actor/lib/test/auto/Clock.xml (RunModel)" time="0.008" />
  <testcase classname="ptolemy.util.test.junit.AutoTests" name="[47] /home/travis/build/icyphy/ptII/ptolemy/actor/lib/test/auto/Clock10.xml (RunModel)" time="0.018" />
  <testcase classname="ptolemy.util.test.junit.AutoTests" name="[48] /home/travis/build/icyphy/ptII/ptolemy/actor/lib/test/auto/Clock11.xml (RunModel)" time="0.016" />
  <testcase classname="ptolemy.util.test.junit.AutoTests" name="[49] /home/travis/build/icyphy/ptII/ptolemy/actor/lib/test/auto/Clock12.xml (RunModel)" time="0.015" />
  <testcase classname="ptolemy.util.test.junit.AutoTests" name="[50] /home/travis/build/icyphy/ptII/ptolemy/actor/lib/test/auto/Clock13.xml (RunModel)" time="0.027" />
  <testcase classname="ptolemy.util.test.junit.AutoTests" name="[51] /home/travis/build/icyphy/ptII/ptolemy/actor/lib/test/auto/Clock14.xml (RunModel)" time="0.018" />
  <testcase classname="ptolemy.util.test.junit.AutoTests" name="[52] /home/travis/build/icyphy/ptII/ptolemy/actor/lib/test/auto/Clock15.xml (RunModel)" time="0.013" />
  <testcase classname="ptolemy.util.test.junit.AutoTests" name="[53] /home/travis/build/icyphy/ptII/ptolemy/actor/lib/test/auto/Clock16.xml (RunModel)" time="0.082" />
  <testcase classname="ptolemy.util.test.junit.AutoTests" name="[54] /home/travis/build/icyphy/ptII/ptolemy/actor/lib/test/auto/Clock17.xml (RunModel)" time="0.045" />
  <testcase classname="ptolemy.util.test.junit.AutoTests" name="[55] /home/travis/build/icyphy/ptII/ptolemy/actor/lib/test/auto/Clock18.xml (RunModel)" time="0.046" />
  <testcase classname="ptolemy.util.test.junit.AutoTests" name="[56] /home/travis/build/icyphy/ptII/ptolemy/actor/lib/test/auto/Clock19.xml (RunModel)" time="0.036" />
  <testcase classname="ptolemy.util.test.junit.AutoTests" name="[57] /home/travis/build/icyphy/ptII/ptolemy/actor/lib/test/auto/Clock2.xml (RunModel)" time="0.012" />
  <testcase classname="ptolemy.util.test.junit.AutoTests" name="[58] /home/travis/build/icyphy/ptII/ptolemy/actor/lib/test/auto/Clock20.xml (RunModel)" time="0.02" />
  <testcase classname="ptolemy.util.test.junit.AutoTests" name="[59] /home/travis/build/icyphy/ptII/ptolemy/actor/lib/test/auto/Clock21.xml (RunModel)" time="0.013" />
  <testcase classname="ptolemy.util.test.junit.AutoTests" name="[60] /home/travis/build/icyphy/ptII/ptolemy/actor/lib/test/auto/Clock22.xml (RunModel)" time="0.014" />
  <testcase classname="ptolemy.util.test.junit.AutoTests" name="[61] /home/travis/build/icyphy/ptII/ptolemy/actor/lib/test/auto/Clock23.xml (RunModel)" time="0.02" />
  <testcase classname="ptolemy.util.test.junit.AutoTests" name="[62] /home/travis/build/icyphy/ptII/ptolemy/actor/lib/test/auto/Clock24.xml (RunModel)" time="0.013" />
  <testcase classname="ptolemy.util.test.junit.AutoTests" name="[63] /home/travis/build/icyphy/ptII/ptolemy/actor/lib/test/auto/Clock4.xml (RunModel)" time="0.017" />
  <testcase classname="ptolemy.util.test.junit.AutoTests" name="[64] /home/travis/build/icyphy/ptII/ptolemy/actor/lib/test/auto/Clock5.xml (RunModel)" time="0.013" />
  <testcase classname="ptolemy.util.test.junit.AutoTests" name="[65] /home/travis/build/icyphy/ptII/ptolemy/actor/lib/test/auto/Clock6.xml (RunModel)" time="0.009" />
  <testcase classname="ptolemy.util.test.junit.AutoTests" name="[66] /home/travis/build/icyphy/ptII/ptolemy/actor/lib/test/auto/Clock7.xml (RunModel)" time="0.011" />
  <testcase classname="ptolemy.util.test.junit.AutoTests" name="[67] /home/travis/build/icyphy/ptII/ptolemy/actor/lib/test/auto/Clock8.xml (RunModel)" time="0.013" />
  <testcase classname="ptolemy.util.test.junit.AutoTests" name="[68] /home/travis/build/icyphy/ptII/ptolemy/actor/lib/test/auto/Clock9.xml (RunModel)" time="0.015" />
  <testcase classname="ptolemy.util.test.junit.AutoTests" name="[69] /home/travis/build/icyphy/ptII/ptolemy/actor/lib/test/auto/CommDistDiscard.xml (RunModel)" time="0.023" />
  <testcase classname="ptolemy.util.test.junit.AutoTests" name="[70] /home/travis/build/icyphy/ptII/ptolemy/actor/lib/test/auto/Commutator.xml (RunModel)" time="0.014" />
  <testcase classname="ptolemy.util.test.junit.AutoTests" name="[71] /home/travis/build/icyphy/ptII/ptolemy/actor/lib/test/auto/Commutator2.xml (RunModel)" time="0.011" />
  <testcase classname="ptolemy.util.test.junit.AutoTests" name="[72] /home/travis/build/icyphy/ptII/ptolemy/actor/lib/test/auto/Commutator3.xml (RunModel)" time="0.014" />
  <testcase classname="ptolemy.util.test.junit.AutoTests" name="[73] /home/travis/build/icyphy/ptII/ptolemy/actor/lib/test/auto/Compare.xml (RunModel)" time="0.021" />
  <testcase classname="ptolemy.util.test.junit.AutoTests" name="[74] /home/travis/build/icyphy/ptII/ptolemy/actor/lib/test/auto/CompareDE.xml (RunModel)" time="0.022" />
  <testcase classname="ptolemy.util.test.junit.AutoTests" name="[75] /home/travis/build/icyphy/ptII/ptolemy/actor/lib/test/auto/ComplexDivide.xml (RunModel)" time="0.013" />
  <testcase classname="ptolemy.util.test.junit.AutoTests" name="[76] /home/travis/build/icyphy/ptII/ptolemy/actor/lib/test/auto/ComputeHistogram.xml (RunModel)" time="0.062" />
  <testcase classname="ptolemy.util.test.junit.AutoTests" name="[77] /home/travis/build/icyphy/ptII/ptolemy/actor/lib/test/auto/ConfigurationSelect.xml (RunModel)" time="0.027" />
  <testcase classname="ptolemy.util.test.junit.AutoTests" name="[78] /home/travis/build/icyphy/ptII/ptolemy/actor/lib/test/auto/ConfigurationSelect2.xml (RunModel)" time="0.015" />
  <testcase classname="ptolemy.util.test.junit.AutoTests" name="[79] /home/travis/build/icyphy/ptII/ptolemy/actor/lib/test/auto/ConfigurationSwitch.xml (RunModel)" time="0.021" />
  <testcase classname="ptolemy.util.test.junit.AutoTests" name="[80] /home/travis/build/icyphy/ptII/ptolemy/actor/lib/test/auto/ConfigurationSwitch2.xml (RunModel)" time="0.028" />
  <testcase classname="ptolemy.util.test.junit.AutoTests" name="[81] /home/travis/build/icyphy/ptII/ptolemy/actor/lib/test/auto/ConfigurationSwitchCloningBugWithClassRelationGroup.xml (RunModel)" time="0.019" />
  <testcase classname="ptolemy.util.test.junit.AutoTests" name="[82] /home/travis/build/icyphy/ptII/ptolemy/actor/lib/test/auto/ConfigurationSwitchSelectSDF.xml (RunModel)" time="0.016" />
  <testcase classname="ptolemy.util.test.junit.AutoTests" name="[83] /home/travis/build/icyphy/ptII/ptolemy/actor/lib/test/auto/ConfigurationSwitchSelectSDF2.xml (RunModel)" time="0.016" />
  <testcase classname="ptolemy.util.test.junit.AutoTests" name="[84] /home/travis/build/icyphy/ptII/ptolemy/actor/lib/test/auto/Const.xml (RunModel)" time="0.007" />
  <testcase classname="ptolemy.util.test.junit.AutoTests" name="[85] /home/travis/build/icyphy/ptII/ptolemy/actor/lib/test/auto/Const2.xml (RunModel)" time="0.012" />
  <testcase classname="ptolemy.util.test.junit.AutoTests" name="[86] /home/travis/build/icyphy/ptII/ptolemy/actor/lib/test/auto/Const3.xml (RunModel)" time="0.006" />
  <testcase classname="ptolemy.util.test.junit.AutoTests" name="[87] /home/travis/build/icyphy/ptII/ptolemy/actor/lib/test/auto/ConstantPublisherPort1.xml (RunModel)" time="0.017" />
  <testcase classname="ptolemy.util.test.junit.AutoTests" name="[88] /home/travis/build/icyphy/ptII/ptolemy/actor/lib/test/auto/ConstantPublisherPort2.xml (RunModel)" time="0.034" />
  <testcase classname="ptolemy.util.test.junit.AutoTests" name="[89] /home/travis/build/icyphy/ptII/ptolemy/actor/lib/test/auto/ConstantPublisherPort3.xml (RunModel)" time="0.02" />
  <testcase classname="ptolemy.util.test.junit.AutoTests" name="[90] /home/travis/build/icyphy/ptII/ptolemy/actor/lib/test/auto/ConstantPublisherPort4.xml (RunModel)" time="0.025" />
  <testcase classname="ptolemy.util.test.junit.AutoTests" name="[91] /home/travis/build/icyphy/ptII/ptolemy/actor/lib/test/auto/ConstantPublisherPort5.xml (RunModel)" time="0.038" />
  <testcase classname="ptolemy.util.test.junit.AutoTests" name="[92] /home/travis/build/icyphy/ptII/ptolemy/actor/lib/test/auto/ConstantPublisherPort6.xml (RunModel)" time="0.029" />
  <testcase classname="ptolemy.util.test.junit.AutoTests" name="[93] /home/travis/build/icyphy/ptII/ptolemy/actor/lib/test/auto/ConstantPublisherPort7.xml (RunModel)" time="0.026" />
  <testcase classname="ptolemy.util.test.junit.AutoTests" name="[94] /home/travis/build/icyphy/ptII/ptolemy/actor/lib/test/auto/ConstraintMonitor1.xml (RunModel)" time="0.036" />
  <testcase classname="ptolemy.util.test.junit.AutoTests" name="[95] /home/travis/build/icyphy/ptII/ptolemy/actor/lib/test/auto/ConstraintMonitor2.xml (RunModel)" time="0.016" />
  <testcase classname="ptolemy.util.test.junit.AutoTests" name="[96] /home/travis/build/icyphy/ptII/ptolemy/actor/lib/test/auto/ConstraintMonitor3.xml (RunModel)" time="0.016" />
  <testcase classname="ptolemy.util.test.junit.AutoTests" name="[97] /home/travis/build/icyphy/ptII/ptolemy/actor/lib/test/auto/ConstraintMonitor4.xml (RunModel)" time="0.014" />
  <testcase classname="ptolemy.util.test.junit.AutoTests" name="[98] /home/travis/build/icyphy/ptII/ptolemy/actor/lib/test/auto/ConstraintMonitor5.xml (RunModel)" time="0.01" />
  <testcase classname="ptolemy.util.test.junit.AutoTests" name="[99] /home/travis/build/icyphy/ptII/ptolemy/actor/lib/test/auto/ConstraintMonitor6.xml (RunModel)" time="0.015" />
  <testcase classname="ptolemy.util.test.junit.AutoTests" name="[100] /home/travis/build/icyphy/ptII/ptolemy/actor/lib/test/auto/ConstraintMonitor7.xml (RunModel)" time="0.019" />
  <testcase classname="ptolemy.util.test.junit.AutoTests" name="[101] /home/travis/build/icyphy/ptII/ptolemy/actor/lib/test/auto/ConstraintMonitor8.xml (RunModel)" time="0.019" />
  <testcase classname="ptolemy.util.test.junit.AutoTests" name="[102] /home/travis/build/icyphy/ptII/ptolemy/actor/lib/test/auto/Counter.xml (RunModel)" time="0.016" />
  <testcase classname="ptolemy.util.test.junit.AutoTests" name="[103] /home/travis/build/icyphy/ptII/ptolemy/actor/lib/test/auto/CurrentTimeSDF.xml (RunModel)" time="0.01" />
  <testcase classname="ptolemy.util.test.junit.AutoTests" name="[104] /home/travis/build/icyphy/ptII/ptolemy/actor/lib/test/auto/DB.xml (RunModel)" time="0.012" />
  <testcase classname="ptolemy.util.test.junit.AutoTests" name="[105] /home/travis/build/icyphy/ptII/ptolemy/actor/lib/test/auto/DBDE.xml (RunModel)" time="0.014" />
  <testcase classname="ptolemy.util.test.junit.AutoTests" name="[106] /home/travis/build/icyphy/ptII/ptolemy/actor/lib/test/auto/DateConstructor.xml (RunModel)" time="0.058" />
  <testcase classname="ptolemy.util.test.junit.AutoTests" name="[107] /home/travis/build/icyphy/ptII/ptolemy/actor/lib/test/auto/DelayTime.xml (RunModel)" time="0.014" />
  <testcase classname="ptolemy.util.test.junit.AutoTests" name="[108] /home/travis/build/icyphy/ptII/ptolemy/actor/lib/test/auto/Dictionary1.xml (RunModel)" time="0.018" />
  <testcase classname="ptolemy.util.test.junit.AutoTests" name="[109] /home/travis/build/icyphy/ptII/ptolemy/actor/lib/test/auto/Dictionary2.xml (RunModel)" time="0.013" />
  <testcase classname="ptolemy.util.test.junit.AutoTests" name="[110] /home/travis/build/icyphy/ptII/ptolemy/actor/lib/test/auto/Dictionary3.xml (RunModel)" time="0.012" />
  <testcase classname="ptolemy.util.test.junit.AutoTests" name="[111] /home/travis/build/icyphy/ptII/ptolemy/actor/lib/test/auto/Dictionary4.xml (RunModel)" time="0.014" />
  <testcase classname="ptolemy.util.test.junit.AutoTests" name="[112] /home/travis/build/icyphy/ptII/ptolemy/actor/lib/test/auto/Differential.xml (RunModel)" time="0.01" />
  <testcase classname="ptolemy.util.test.junit.AutoTests" name="[113] /home/travis/build/icyphy/ptII/ptolemy/actor/lib/test/auto/Director.xml (RunModel)" time="0.009" />
  <testcase classname="ptolemy.util.test.junit.AutoTests" name="[114] /home/travis/build/icyphy/ptII/ptolemy/actor/lib/test/auto/DiscreteClock.xml (RunModel)" time="0.011" />
  <testcase classname="ptolemy.util.test.junit.AutoTests" name="[115] /home/travis/build/icyphy/ptII/ptolemy/actor/lib/test/auto/DiscreteClock10.xml (RunModel)" time="0.013" />
  <testcase classname="ptolemy.util.test.junit.AutoTests" name="[116] /home/travis/build/icyphy/ptII/ptolemy/actor/lib/test/auto/DiscreteClock11.xml (RunModel)" time="0.012" />
  <testcase classname="ptolemy.util.test.junit.AutoTests" name="[117] /home/travis/build/icyphy/ptII/ptolemy/actor/lib/test/auto/DiscreteClock12.xml (RunModel)" time="0.012" />
  <testcase classname="ptolemy.util.test.junit.AutoTests" name="[118] /home/travis/build/icyphy/ptII/ptolemy/actor/lib/test/auto/DiscreteClock13.xml (RunModel)" time="0.015" />
  <testcase classname="ptolemy.util.test.junit.AutoTests" name="[119] /home/travis/build/icyphy/ptII/ptolemy/actor/lib/test/auto/DiscreteClock14.xml (RunModel)" time="0.013" />
  <testcase classname="ptolemy.util.test.junit.AutoTests" name="[120] /home/travis/build/icyphy/ptII/ptolemy/actor/lib/test/auto/DiscreteClock15.xml (RunModel)" time="0.013" />
  <testcase classname="ptolemy.util.test.junit.AutoTests" name="[121] /home/travis/build/icyphy/ptII/ptolemy/actor/lib/test/auto/DiscreteClock16.xml (RunModel)" time="0.041" />
  <testcase classname="ptolemy.util.test.junit.AutoTests" name="[122] /home/travis/build/icyphy/ptII/ptolemy/actor/lib/test/auto/DiscreteClock17.xml (RunModel)" time="0.038" />
  <testcase classname="ptolemy.util.test.junit.AutoTests" name="[123] /home/travis/build/icyphy/ptII/ptolemy/actor/lib/test/auto/DiscreteClock18.xml (RunModel)" time="0.037" />
  <testcase classname="ptolemy.util.test.junit.AutoTests" name="[124] /home/travis/build/icyphy/ptII/ptolemy/actor/lib/test/auto/DiscreteClock19.xml (RunModel)" time="0.041" />
  <testcase classname="ptolemy.util.test.junit.AutoTests" name="[125] /home/travis/build/icyphy/ptII/ptolemy/actor/lib/test/auto/DiscreteClock2.xml (RunModel)" time="0.014" />
  <testcase classname="ptolemy.util.test.junit.AutoTests" name="[126] /home/travis/build/icyphy/ptII/ptolemy/actor/lib/test/auto/DiscreteClock20.xml (RunModel)" time="0.019" />
  <testcase classname="ptolemy.util.test.junit.AutoTests" name="[127] /home/travis/build/icyphy/ptII/ptolemy/actor/lib/test/auto/DiscreteClock21.xml (RunModel)" time="0.021" />
  <testcase classname="ptolemy.util.test.junit.AutoTests" name="[128] /home/travis/build/icyphy/ptII/ptolemy/actor/lib/test/auto/DiscreteClock22.xml (RunModel)" time="0.016" />
  <testcase classname="ptolemy.util.test.junit.AutoTests" name="[129] /home/travis/build/icyphy/ptII/ptolemy/actor/lib/test/auto/DiscreteClock23.xml (RunModel)" time="0.02" />
  <testcase classname="ptolemy.util.test.junit.AutoTests" name="[130] /home/travis/build/icyphy/ptII/ptolemy/actor/lib/test/auto/DiscreteClock24.xml (RunModel)" time="0.013" />
  <testcase classname="ptolemy.util.test.junit.AutoTests" name="[131] /home/travis/build/icyphy/ptII/ptolemy/actor/lib/test/auto/DiscreteClock4.xml (RunModel)" time="0.017" />
  <testcase classname="ptolemy.util.test.junit.AutoTests" name="[132] /home/travis/build/icyphy/ptII/ptolemy/actor/lib/test/auto/DiscreteClock5.xml (RunModel)" time="0.009" />
  <testcase classname="ptolemy.util.test.junit.AutoTests" name="[133] /home/travis/build/icyphy/ptII/ptolemy/actor/lib/test/auto/DiscreteClock6.xml (RunModel)" time="0.01" />
  <testcase classname="ptolemy.util.test.junit.AutoTests" name="[134] /home/travis/build/icyphy/ptII/ptolemy/actor/lib/test/auto/DiscreteClock7.xml (RunModel)" time="0.01" />
  <testcase classname="ptolemy.util.test.junit.AutoTests" name="[135] /home/travis/build/icyphy/ptII/ptolemy/actor/lib/test/auto/DiscreteClock8.xml (RunModel)" time="0.025" />
  <testcase classname="ptolemy.util.test.junit.AutoTests" name="[136] /home/travis/build/icyphy/ptII/ptolemy/actor/lib/test/auto/DiscreteClock9.xml (RunModel)" time="0.014" />
  <testcase classname="ptolemy.util.test.junit.AutoTests" name="[137] /home/travis/build/icyphy/ptII/ptolemy/actor/lib/test/auto/DisplayArray.xml (RunModel)" time="0.008" />
  <testcase classname="ptolemy.util.test.junit.AutoTests" name="[138] /home/travis/build/icyphy/ptII/ptolemy/actor/lib/test/auto/Distributor.xml (RunModel)" time="0.01" />
  <testcase classname="ptolemy.util.test.junit.AutoTests" name="[139] /home/travis/build/icyphy/ptII/ptolemy/actor/lib/test/auto/Distributor2.xml (RunModel)" time="0.014" />
  <testcase classname="ptolemy.util.test.junit.AutoTests" name="[140] /home/travis/build/icyphy/ptII/ptolemy/actor/lib/test/auto/DownSample.xml (RunModel)" time="0.009" />
  <testcase classname="ptolemy.util.test.junit.AutoTests" name="[141] /home/travis/build/icyphy/ptII/ptolemy/actor/lib/test/auto/ElectronicUnitBase1.xml (RunModel)" time="0.063" />
  <testcase classname="ptolemy.util.test.junit.AutoTests" name="[142] /home/travis/build/icyphy/ptII/ptolemy/actor/lib/test/auto/ElementsToArray.xml (RunModel)" time="0.011" />
  <testcase classname="ptolemy.util.test.junit.AutoTests" name="[143] /home/travis/build/icyphy/ptII/ptolemy/actor/lib/test/auto/Equals.xml (RunModel)" time="0.014" />
  <testcase classname="ptolemy.util.test.junit.AutoTests" name="[144] /home/travis/build/icyphy/ptII/ptolemy/actor/lib/test/auto/Exec.xml (RunModel)" time="0.025" />
  <testcase classname="ptolemy.util.test.junit.AutoTests" name="[145] /home/travis/build/icyphy/ptII/ptolemy/actor/lib/test/auto/ExecEnvironment.xml (RunModel)" time="0.049" />
  <testcase classname="ptolemy.util.test.junit.AutoTests" name="[146] /home/travis/build/icyphy/ptII/ptolemy/actor/lib/test/auto/ExecNonZeroReturnOutput.xml (RunModel)" time="0.184" />
  <testcase classname="ptolemy.util.test.junit.AutoTests" name="[147] /home/travis/build/icyphy/ptII/ptolemy/actor/lib/test/auto/ExecRunDemos.xml (RunModel)" time="11.162" />
  <testcase classname="ptolemy.util.test.junit.AutoTests" name="[148] /home/travis/build/icyphy/ptII/ptolemy/actor/lib/test/auto/ExecStop.xml (RunModel)" time="5.03" />
  <testcase classname="ptolemy.util.test.junit.AutoTests" name="[149] /home/travis/build/icyphy/ptII/ptolemy/actor/lib/test/auto/ExecutionTimeSDF.xml (RunModel)" time="6.039" />
  <testcase classname="ptolemy.util.test.junit.AutoTests" name="[150] /home/travis/build/icyphy/ptII/ptolemy/actor/lib/test/auto/Expression1.xml (RunModel)" time="0.01" />
  <testcase classname="ptolemy.util.test.junit.AutoTests" name="[151] /home/travis/build/icyphy/ptII/ptolemy/actor/lib/test/auto/Expression10.xml (RunModel)" time="0.012" />
  <testcase classname="ptolemy.util.test.junit.AutoTests" name="[152] /home/travis/build/icyphy/ptII/ptolemy/actor/lib/test/auto/Expression11.xml (RunModel)" time="0.01" />
  <testcase classname="ptolemy.util.test.junit.AutoTests" name="[153] /home/travis/build/icyphy/ptII/ptolemy/actor/lib/test/auto/Expression12.xml (RunModel)" time="0.01" />
  <testcase classname="ptolemy.util.test.junit.AutoTests" name="[154] /home/travis/build/icyphy/ptII/ptolemy/actor/lib/test/auto/Expression13.xml (RunModel)" time="0.011" />
  <testcase classname="ptolemy.util.test.junit.AutoTests" name="[155] /home/travis/build/icyphy/ptII/ptolemy/actor/lib/test/auto/Expression14.xml (RunModel)" time="0.014" />
  <testcase classname="ptolemy.util.test.junit.AutoTests" name="[156] /home/travis/build/icyphy/ptII/ptolemy/actor/lib/test/auto/Expression15.xml (RunModel)" time="0.007" />
  <testcase classname="ptolemy.util.test.junit.AutoTests" name="[157] /home/travis/build/icyphy/ptII/ptolemy/actor/lib/test/auto/Expression16.xml (RunModel)" time="0.015" />
  <testcase classname="ptolemy.util.test.junit.AutoTests" name="[158] /home/travis/build/icyphy/ptII/ptolemy/actor/lib/test/auto/Expression17.xml (RunModel)" time="0.01" />
  <testcase classname="ptolemy.util.test.junit.AutoTests" name="[159] /home/travis/build/icyphy/ptII/ptolemy/actor/lib/test/auto/Expression18.xml (RunModel)" time="0.011" />
  <testcase classname="ptolemy.util.test.junit.AutoTests" name="[160] /home/travis/build/icyphy/ptII/ptolemy/actor/lib/test/auto/Expression2.xml (RunModel)" time="0.01" />
  <testcase classname="ptolemy.util.test.junit.AutoTests" name="[161] /home/travis/build/icyphy/ptII/ptolemy/actor/lib/test/auto/Expression3.xml (RunModel)" time="0.012" />
  <testcase classname="ptolemy.util.test.junit.AutoTests" name="[162] /home/travis/build/icyphy/ptII/ptolemy/actor/lib/test/auto/Expression4.xml (RunModel)" time="0.021" />
  <testcase classname="ptolemy.util.test.junit.AutoTests" name="[163] /home/travis/build/icyphy/ptII/ptolemy/actor/lib/test/auto/Expression5.xml (RunModel)" time="0.013" />
  <testcase classname="ptolemy.util.test.junit.AutoTests" name="[164] /home/travis/build/icyphy/ptII/ptolemy/actor/lib/test/auto/Expression6.xml (RunModel)" time="0.011" />
  <testcase classname="ptolemy.util.test.junit.AutoTests" name="[165] /home/travis/build/icyphy/ptII/ptolemy/actor/lib/test/auto/Expression7.xml (RunModel)" time="0.011" />
  <testcase classname="ptolemy.util.test.junit.AutoTests" name="[166] /home/travis/build/icyphy/ptII/ptolemy/actor/lib/test/auto/Expression8.xml (RunModel)" time="0.014" />
  <testcase classname="ptolemy.util.test.junit.AutoTests" name="[167] /home/travis/build/icyphy/ptII/ptolemy/actor/lib/test/auto/Expression9.xml (RunModel)" time="0.008" />
  <testcase classname="ptolemy.util.test.junit.AutoTests" name="[168] /home/travis/build/icyphy/ptII/ptolemy/actor/lib/test/auto/ExpressionConcatenateArrayType.xml (RunModel)" time="0.041" />
  <testcase classname="ptolemy.util.test.junit.AutoTests" name="[169] /home/travis/build/icyphy/ptII/ptolemy/actor/lib/test/auto/ExpressionConcatenateArrayType2.xml (RunModel)" time="0.022" />
  <testcase classname="ptolemy.util.test.junit.AutoTests" name="[170] /home/travis/build/icyphy/ptII/ptolemy/actor/lib/test/auto/ExpressionFix.xml (RunModel)" time="0.041" />
  <testcase classname="ptolemy.util.test.junit.AutoTests" name="[171] /home/travis/build/icyphy/ptII/ptolemy/actor/lib/test/auto/ExpressionFix2.xml (RunModel)" time="0.018" />
  <testcase classname="ptolemy.util.test.junit.AutoTests" name="[172] /home/travis/build/icyphy/ptII/ptolemy/actor/lib/test/auto/ExpressionFix3.xml (RunModel)" time="0.011" />
  <testcase classname="ptolemy.util.test.junit.AutoTests" name="[173] /home/travis/build/icyphy/ptII/ptolemy/actor/lib/test/auto/FileWriter1.xml (RunModel)" time="0.009" />
  <testcase classname="ptolemy.util.test.junit.AutoTests" name="[174] /home/travis/build/icyphy/ptII/ptolemy/actor/lib/test/auto/FileWriter2.xml (RunModel)" time="0.013" />
  <testcase classname="ptolemy.util.test.junit.AutoTests" name="[175] /home/travis/build/icyphy/ptII/ptolemy/actor/lib/test/auto/FileWriter3.xml (RunModel)" time="0.009" />
  <testcase classname="ptolemy.util.test.junit.AutoTests" name="[176] /home/travis/build/icyphy/ptII/ptolemy/actor/lib/test/auto/Gaussian.xml (RunModel)" time="0.017" />
  <testcase classname="ptolemy.util.test.junit.AutoTests" name="[177] /home/travis/build/icyphy/ptII/ptolemy/actor/lib/test/auto/Gaussian1.xml (RunModel)" time="0.033" />
  <testcase classname="ptolemy.util.test.junit.AutoTests" name="[178] /home/travis/build/icyphy/ptII/ptolemy/actor/lib/test/auto/Gaussian2.xml (RunModel)" time="0.019" />
  <testcase classname="ptolemy.util.test.junit.AutoTests" name="[179] /home/travis/build/icyphy/ptII/ptolemy/actor/lib/test/auto/GradientAdaptiveLattice.xml (RunModel)" time="0.015" />
  <testcase classname="ptolemy.util.test.junit.AutoTests" name="[180] /home/travis/build/icyphy/ptII/ptolemy/actor/lib/test/auto/IIR.xml (RunModel)" time="0.009" />
  <testcase classname="ptolemy.util.test.junit.AutoTests" name="[181] /home/travis/build/icyphy/ptII/ptolemy/actor/lib/test/auto/InputOutputTransparentPorts.xml (RunModel)" time="0.017" />
  <testcase classname="ptolemy.util.test.junit.AutoTests" name="[182] /home/travis/build/icyphy/ptII/ptolemy/actor/lib/test/auto/Interpolator.xml (RunModel)" time="0.01" />
  <testcase classname="ptolemy.util.test.junit.AutoTests" name="[183] /home/travis/build/icyphy/ptII/ptolemy/actor/lib/test/auto/InterpolatorFiringLimitDE.xml (RunModel)" time="0.033" />
  <testcase classname="ptolemy.util.test.junit.AutoTests" name="[184] /home/travis/build/icyphy/ptII/ptolemy/actor/lib/test/auto/Lattice.xml (RunModel)" time="0.01" />
  <testcase classname="ptolemy.util.test.junit.AutoTests" name="[185] /home/travis/build/icyphy/ptII/ptolemy/actor/lib/test/auto/LazyAOCTestLazy.xml (RunModel)" time="0.04" />
  <testcase classname="ptolemy.util.test.junit.AutoTests" name="[186] /home/travis/build/icyphy/ptII/ptolemy/actor/lib/test/auto/LazyAOCTestNonLazy.xml (RunModel)" time="0.041" />
  <testcase classname="ptolemy.util.test.junit.AutoTests" name="[187] /home/travis/build/icyphy/ptII/ptolemy/actor/lib/test/auto/LazyInnerClass.xml (RunModel)" time="0.046" />
  <testcase classname="ptolemy.util.test.junit.AutoTests" name="[188] /home/travis/build/icyphy/ptII/ptolemy/actor/lib/test/auto/LazyPubSub.xml (RunModel)" time="0.06" />
  <testcase classname="ptolemy.util.test.junit.AutoTests" name="[189] /home/travis/build/icyphy/ptII/ptolemy/actor/lib/test/auto/LazyPubSub2.xml (RunModel)" time="0.024" />
  <testcase classname="ptolemy.util.test.junit.AutoTests" name="[190] /home/travis/build/icyphy/ptII/ptolemy/actor/lib/test/auto/LazyPubSub3.xml (RunModel)" time="0.024" />
  <testcase classname="ptolemy.util.test.junit.AutoTests" name="[191] /home/travis/build/icyphy/ptII/ptolemy/actor/lib/test/auto/LazySubClassModel.xml (RunModel)" time="0.019" />
  <testcase classname="ptolemy.util.test.junit.AutoTests" name="[192] /home/travis/build/icyphy/ptII/ptolemy/actor/lib/test/auto/LevelCrossTest1.xml (RunModel)" time="0.009" />
  <testcase classname="ptolemy.util.test.junit.AutoTests" name="[193] /home/travis/build/icyphy/ptII/ptolemy/actor/lib/test/auto/LevelCrossTest10.xml (RunModel)" time="0.015" />
  <testcase classname="ptolemy.util.test.junit.AutoTests" name="[194] /home/travis/build/icyphy/ptII/ptolemy/actor/lib/test/auto/LevelCrossTest11.xml (RunModel)" time="0.017" />
  <testcase classname="ptolemy.util.test.junit.AutoTests" name="[195] /home/travis/build/icyphy/ptII/ptolemy/actor/lib/test/auto/LevelCrossTest12.xml (RunModel)" time="0.017" />
  <testcase classname="ptolemy.util.test.junit.AutoTests" name="[196] /home/travis/build/icyphy/ptII/ptolemy/actor/lib/test/auto/LevelCrossTest13.xml (RunModel)" time="0.013" />
  <testcase classname="ptolemy.util.test.junit.AutoTests" name="[197] /home/travis/build/icyphy/ptII/ptolemy/actor/lib/test/auto/LevelCrossTest2.xml (RunModel)" time="0.01" />
  <testcase classname="ptolemy.util.test.junit.AutoTests" name="[198] /home/travis/build/icyphy/ptII/ptolemy/actor/lib/test/auto/LevelCrossTest3.xml (RunModel)" time="0.01" />
  <testcase classname="ptolemy.util.test.junit.AutoTests" name="[199] /home/travis/build/icyphy/ptII/ptolemy/actor/lib/test/auto/LevelCrossTest4.xml (RunModel)" time="0.01" />
  <testcase classname="ptolemy.util.test.junit.AutoTests" name="[200] /home/travis/build/icyphy/ptII/ptolemy/actor/lib/test/auto/LevelCrossTest5.xml (RunModel)" time="0.014" />
  <testcase classname="ptolemy.util.test.junit.AutoTests" name="[201] /home/travis/build/icyphy/ptII/ptolemy/actor/lib/test/auto/LevelCrossTest6.xml (RunModel)" time="0.021" />
  <testcase classname="ptolemy.util.test.junit.AutoTests" name="[202] /home/travis/build/icyphy/ptII/ptolemy/actor/lib/test/auto/LevelCrossTest7.xml (RunModel)" time="0.022" />
  <testcase classname="ptolemy.util.test.junit.AutoTests" name="[203] /home/travis/build/icyphy/ptII/ptolemy/actor/lib/test/auto/LevelCrossTest8.xml (RunModel)" time="0.012" />
  <testcase classname="ptolemy.util.test.junit.AutoTests" name="[204] /home/travis/build/icyphy/ptII/ptolemy/actor/lib/test/auto/LevelCrossTest9.xml (RunModel)" time="0.012" />
  <testcase classname="ptolemy.util.test.junit.AutoTests" name="[205] /home/travis/build/icyphy/ptII/ptolemy/actor/lib/test/auto/LevinsonDurbin.xml (RunModel)" time="0.009" />
  <testcase classname="ptolemy.util.test.junit.AutoTests" name="[206] /home/travis/build/icyphy/ptII/ptolemy/actor/lib/test/auto/LevinsonDurbin2.xml (RunModel)" time="0.008" />
  <testcase classname="ptolemy.util.test.junit.AutoTests" name="[207] /home/travis/build/icyphy/ptII/ptolemy/actor/lib/test/auto/LevinsonDurbin3.xml (RunModel)" time="0.01" />
  <testcase classname="ptolemy.util.test.junit.AutoTests" name="[208] /home/travis/build/icyphy/ptII/ptolemy/actor/lib/test/auto/Limiter.xml (RunModel)" time="0.045" />
  <testcase classname="ptolemy.util.test.junit.AutoTests" name="[209] /home/travis/build/icyphy/ptII/ptolemy/actor/lib/test/auto/LinearDifferenceEquationSystem.xml (RunModel)" time="0.02" />
  <testcase classname="ptolemy.util.test.junit.AutoTests" name="[210] /home/travis/build/icyphy/ptII/ptolemy/actor/lib/test/auto/LookupTable.xml (RunModel)" time="0.009" />
  <testcase classname="ptolemy.util.test.junit.AutoTests" name="[211] /home/travis/build/icyphy/ptII/ptolemy/actor/lib/test/auto/MathFunction.xml (RunModel)" time="0.021" />
  <testcase classname="ptolemy.util.test.junit.AutoTests" name="[212] /home/travis/build/icyphy/ptII/ptolemy/actor/lib/test/auto/MathFunction2.xml (RunModel)" time="0.009" />
  <testcase classname="ptolemy.util.test.junit.AutoTests" name="[213] /home/travis/build/icyphy/ptII/ptolemy/actor/lib/test/auto/MathFunction3.xml (RunModel)" time="0.017" />
  <testcase classname="ptolemy.util.test.junit.AutoTests" name="[214] /home/travis/build/icyphy/ptII/ptolemy/actor/lib/test/auto/MatrixCropBoolean.xml (RunModel)" time="0.015" />
  <testcase classname="ptolemy.util.test.junit.AutoTests" name="[215] /home/travis/build/icyphy/ptII/ptolemy/actor/lib/test/auto/MatrixCropComplex.xml (RunModel)" time="0.007" />
  <testcase classname="ptolemy.util.test.junit.AutoTests" name="[216] /home/travis/build/icyphy/ptII/ptolemy/actor/lib/test/auto/MatrixCropDouble.xml (RunModel)" time="0.011" />
  <testcase classname="ptolemy.util.test.junit.AutoTests" name="[217] /home/travis/build/icyphy/ptII/ptolemy/actor/lib/test/auto/MatrixCropFix.xml (RunModel)" time="0.012" />
  <testcase classname="ptolemy.util.test.junit.AutoTests" name="[218] /home/travis/build/icyphy/ptII/ptolemy/actor/lib/test/auto/MatrixCropInt.xml (RunModel)" time="0.01" />
  <testcase classname="ptolemy.util.test.junit.AutoTests" name="[219] /home/travis/build/icyphy/ptII/ptolemy/actor/lib/test/auto/MatrixCropLong.xml (RunModel)" time="0.009" />
  <testcase classname="ptolemy.util.test.junit.AutoTests" name="[220] /home/travis/build/icyphy/ptII/ptolemy/actor/lib/test/auto/MatrixToArray.xml (RunModel)" time="0.053" />
  <testcase classname="ptolemy.util.test.junit.AutoTests" name="[221] /home/travis/build/icyphy/ptII/ptolemy/actor/lib/test/auto/MaxIndex.xml (RunModel)" time="0.012" />
  <testcase classname="ptolemy.util.test.junit.AutoTests" name="[222] /home/travis/build/icyphy/ptII/ptolemy/actor/lib/test/auto/Maximum.xml (RunModel)" time="0.017" />
  <testcase classname="ptolemy.util.test.junit.AutoTests" name="[223] /home/travis/build/icyphy/ptII/ptolemy/actor/lib/test/auto/MaximumComplex.xml (RunModel)" time="0.017" />
  <testcase classname="ptolemy.util.test.junit.AutoTests" name="[224] /home/travis/build/icyphy/ptII/ptolemy/actor/lib/test/auto/MethodCallTest.xml (RunModel)" time="0.022" />
  <testcase classname="ptolemy.util.test.junit.AutoTests" name="[225] /home/travis/build/icyphy/ptII/ptolemy/actor/lib/test/auto/Minimum.xml (RunModel)" time="0.016" />
  <testcase classname="ptolemy.util.test.junit.AutoTests" name="[226] /home/travis/build/icyphy/ptII/ptolemy/actor/lib/test/auto/MinimumComplex.xml (RunModel)" time="0.025" />
  <testcase classname="ptolemy.util.test.junit.AutoTests" name="[227] /home/travis/build/icyphy/ptII/ptolemy/actor/lib/test/auto/MinimumMultiports.xml (RunModel)" time="0.019" />
  <testcase classname="ptolemy.util.test.junit.AutoTests" name="[228] /home/travis/build/icyphy/ptII/ptolemy/actor/lib/test/auto/ModifyDate.xml (RunModel)" time="0.049" />
  <testcase classname="ptolemy.util.test.junit.AutoTests" name="[229] /home/travis/build/icyphy/ptII/ptolemy/actor/lib/test/auto/ModifyDate2.xml (RunModel)" time="0.025" />
  <testcase classname="ptolemy.util.test.junit.AutoTests" name="[230] /home/travis/build/icyphy/ptII/ptolemy/actor/lib/test/auto/MovingAverage.xml (RunModel)" time="0.016" />
  <testcase classname="ptolemy.util.test.junit.AutoTests" name="[231] /home/travis/build/icyphy/ptII/ptolemy/actor/lib/test/auto/MovingMaximum.xml (RunModel)" time="0.012" />
  <testcase classname="ptolemy.util.test.junit.AutoTests" name="[232] /home/travis/build/icyphy/ptII/ptolemy/actor/lib/test/auto/MultipleLinksToSameRelation.xml (RunModel)" time="0.007" />
  <testcase classname="ptolemy.util.test.junit.AutoTests" name="[233] /home/travis/build/icyphy/ptII/ptolemy/actor/lib/test/auto/MultipleLinksToSameRelationDE.xml (RunModel)" time="0.016" />
  <testcase classname="ptolemy.util.test.junit.AutoTests" name="[234] /home/travis/build/icyphy/ptII/ptolemy/actor/lib/test/auto/Multiplexor.xml (RunModel)" time="0.011" />
  <testcase classname="ptolemy.util.test.junit.AutoTests" name="[235] /home/travis/build/icyphy/ptII/ptolemy/actor/lib/test/auto/Multiplexor1.xml (RunModel)" time="0.012" />
  <testcase classname="ptolemy.util.test.junit.AutoTests" name="[236] /home/travis/build/icyphy/ptII/ptolemy/actor/lib/test/auto/Multiplexor2.xml (RunModel)" time="0.018" />
  <testcase classname="ptolemy.util.test.junit.AutoTests" name="[237] /home/travis/build/icyphy/ptII/ptolemy/actor/lib/test/auto/Multiplexor3.xml (RunModel)" time="0.011" />
  <testcase classname="ptolemy.util.test.junit.AutoTests" name="[238] /home/travis/build/icyphy/ptII/ptolemy/actor/lib/test/auto/MultiplexorDE.xml (RunModel)" time="0.03" />
  <testcase classname="ptolemy.util.test.junit.AutoTests" name="[239] /home/travis/build/icyphy/ptII/ptolemy/actor/lib/test/auto/MultiportBroadcastTest.xml (RunModel)" time="0.104" />
  <testcase classname="ptolemy.util.test.junit.AutoTests" name="[240] /home/travis/build/icyphy/ptII/ptolemy/actor/lib/test/auto/MultiportOutHangDuringGetWidth.xml (RunModel)" time="0.033" />
  <testcase classname="ptolemy.util.test.junit.AutoTests" name="[241] /home/travis/build/icyphy/ptII/ptolemy/actor/lib/test/auto/NilToken.xml (RunModel)" time="0.011" />
  <testcase classname="ptolemy.util.test.junit.AutoTests" name="[242] /home/travis/build/icyphy/ptII/ptolemy/actor/lib/test/auto/NilTokenNonStrictTest.xml (RunModel)" time="0.012" />
  <testcase classname="ptolemy.util.test.junit.AutoTests" name="[243] /home/travis/build/icyphy/ptII/ptolemy/actor/lib/test/auto/NilTokenRecord.xml (RunModel)" time="0.027" />
  <testcase classname="ptolemy.util.test.junit.AutoTests" name="[244] /home/travis/build/icyphy/ptII/ptolemy/actor/lib/test/auto/NilTokenTypeTest.xml (RunModel)" time="0.026" />
  <testcase classname="ptolemy.util.test.junit.AutoTests" name="[245] /home/travis/build/icyphy/ptII/ptolemy/actor/lib/test/auto/ObjectToken1.xml (RunModel)" time="0.011" />
  <testcase classname="ptolemy.util.test.junit.AutoTests" name="[246] /home/travis/build/icyphy/ptII/ptolemy/actor/lib/test/auto/OrderedMerge.xml (RunModel)" time="0.019" />
  <testcase classname="ptolemy.util.test.junit.AutoTests" name="[247] /home/travis/build/icyphy/ptII/ptolemy/actor/lib/test/auto/OrderedRecordDisassembler.xml (RunModel)" time="0.019" />
  <testcase classname="ptolemy.util.test.junit.AutoTests" name="[248] /home/travis/build/icyphy/ptII/ptolemy/actor/lib/test/auto/OrderedRecordDisassembler2.xml (RunModel)" time="0.019" />
  <testcase classname="ptolemy.util.test.junit.AutoTests" name="[249] /home/travis/build/icyphy/ptII/ptolemy/actor/lib/test/auto/OrderedRecordUpdater.xml (RunModel)" time="0.012" />
  <testcase classname="ptolemy.util.test.junit.AutoTests" name="[250] /home/travis/build/icyphy/ptII/ptolemy/actor/lib/test/auto/OrderedRecordUpdater2.xml (RunModel)" time="0.017" />
  <testcase classname="ptolemy.util.test.junit.AutoTests" name="[251] /home/travis/build/icyphy/ptII/ptolemy/actor/lib/test/auto/PhaseUnwrap.xml (RunModel)" time="0.013" />
  <testcase classname="ptolemy.util.test.junit.AutoTests" name="[252] /home/travis/build/icyphy/ptII/ptolemy/actor/lib/test/auto/PoissonClock.xml (RunModel)" time="0.011" />
  <testcase classname="ptolemy.util.test.junit.AutoTests" name="[253] /home/travis/build/icyphy/ptII/ptolemy/actor/lib/test/auto/PoissonClock2.xml (RunModel)" time="0.008" />
  <testcase classname="ptolemy.util.test.junit.AutoTests" name="[254] /home/travis/build/icyphy/ptII/ptolemy/actor/lib/test/auto/PoissonClock3.xml (RunModel)" time="0.024" />
  <testcase classname="ptolemy.util.test.junit.AutoTests" name="[255] /home/travis/build/icyphy/ptII/ptolemy/actor/lib/test/auto/PubSubWithInitialTokens.xml (RunModel)" time="0.015" />
  <testcase classname="ptolemy.util.test.junit.AutoTests" name="[256] /home/travis/build/icyphy/ptII/ptolemy/actor/lib/test/auto/PubSubWithInitialTokens2.xml (RunModel)" time="0.01" />
  <testcase classname="ptolemy.util.test.junit.AutoTests" name="[257] /home/travis/build/icyphy/ptII/ptolemy/actor/lib/test/auto/PublisherClassNoParameter.xml (RunModel)" time="0.024" />
  <testcase classname="ptolemy.util.test.junit.AutoTests" name="[258] /home/travis/build/icyphy/ptII/ptolemy/actor/lib/test/auto/PublisherClassParameter.xml (RunModel)" time="0.02" />
  <testcase classname="ptolemy.util.test.junit.AutoTests" name="[259] /home/travis/build/icyphy/ptII/ptolemy/actor/lib/test/auto/PublisherNonStrictTest.xml (RunModel)" time="0.015" />
  <testcase classname="ptolemy.util.test.junit.AutoTests" name="[260] /home/travis/build/icyphy/ptII/ptolemy/actor/lib/test/auto/PublisherPort1.xml (RunModel)" time="0.011" />
  <testcase classname="ptolemy.util.test.junit.AutoTests" name="[261] /home/travis/build/icyphy/ptII/ptolemy/actor/lib/test/auto/PublisherPort2.xml (RunModel)" time="0.009" />
  <testcase classname="ptolemy.util.test.junit.AutoTests" name="[262] /home/travis/build/icyphy/ptII/ptolemy/actor/lib/test/auto/PublisherPort3.xml (RunModel)" time="0.018" />
  <testcase classname="ptolemy.util.test.junit.AutoTests" name="[263] /home/travis/build/icyphy/ptII/ptolemy/actor/lib/test/auto/PublisherPort4.xml (RunModel)" time="0.016" />
  <testcase classname="ptolemy.util.test.junit.AutoTests" name="[264] /home/travis/build/icyphy/ptII/ptolemy/actor/lib/test/auto/PublisherPort5.xml (RunModel)" time="0.013" />
  <testcase classname="ptolemy.util.test.junit.AutoTests" name="[265] /home/travis/build/icyphy/ptII/ptolemy/actor/lib/test/auto/PublisherPort5LookAlike.xml (RunModel)" time="0.018" />
  <testcase classname="ptolemy.util.test.junit.AutoTests" name="[266] /home/travis/build/icyphy/ptII/ptolemy/actor/lib/test/auto/PublisherPort6.xml (RunModel)" time="0.011" />
  <testcase classname="ptolemy.util.test.junit.AutoTests" name="[267] /home/travis/build/icyphy/ptII/ptolemy/actor/lib/test/auto/PublisherPort7.xml (RunModel)" time="0.013" />
  <testcase classname="ptolemy.util.test.junit.AutoTests" name="[268] /home/travis/build/icyphy/ptII/ptolemy/actor/lib/test/auto/PublisherPort8.xml (RunModel)" time="0.026" />
  <testcase classname="ptolemy.util.test.junit.AutoTests" name="[269] /home/travis/build/icyphy/ptII/ptolemy/actor/lib/test/auto/PublisherPortSubscriberChannelVariablesAOC2.xml (RunModel)" time="0.034" />
  <testcase classname="ptolemy.util.test.junit.AutoTests" name="[270] /home/travis/build/icyphy/ptII/ptolemy/actor/lib/test/auto/PublisherPortSubscriberOpaqueWidthInference.xml (RunModel)" time="0.014" />
  <testcase classname="ptolemy.util.test.junit.AutoTests" name="[271] /home/travis/build/icyphy/ptII/ptolemy/actor/lib/test/auto/PublisherPortSubscriberPortAdjacent.xml (RunModel)" time="0.018" />
  <testcase classname="ptolemy.util.test.junit.AutoTests" name="[272] /home/travis/build/icyphy/ptII/ptolemy/actor/lib/test/auto/PublisherPortSubscriberPortExpression.xml (RunModel)" time="0.028" />
  <testcase classname="ptolemy.util.test.junit.AutoTests" name="[273] /home/travis/build/icyphy/ptII/ptolemy/actor/lib/test/auto/PublisherPortSubscriberPortOpaqueD3Reverse.xml (RunModel)" time="0.031" />
  <testcase classname="ptolemy.util.test.junit.AutoTests" name="[274] /home/travis/build/icyphy/ptII/ptolemy/actor/lib/test/auto/PublisherPortSubscriberPortOpaqueWidthInference.xml (RunModel)" time="0.014" />
  <testcase classname="ptolemy.util.test.junit.AutoTests" name="[275] /home/travis/build/icyphy/ptII/ptolemy/actor/lib/test/auto/PublisherPortToplevelSubscriberPortAOC.xml (RunModel)" time="0.01" />
  <testcase classname="ptolemy.util.test.junit.AutoTests" name="[276] /home/travis/build/icyphy/ptII/ptolemy/actor/lib/test/auto/PublisherSubscriber.xml (RunModel)" time="0.031" />
  <testcase classname="ptolemy.util.test.junit.AutoTests" name="[277] /home/travis/build/icyphy/ptII/ptolemy/actor/lib/test/auto/PublisherSubscriber10.xml (RunModel)" time="0.022" />
  <testcase classname="ptolemy.util.test.junit.AutoTests" name="[278] /home/travis/build/icyphy/ptII/ptolemy/actor/lib/test/auto/PublisherSubscriber10InitialOutputs.xml (RunModel)" time="0.033" />
  <testcase classname="ptolemy.util.test.junit.AutoTests" name="[279] /home/travis/build/icyphy/ptII/ptolemy/actor/lib/test/auto/PublisherSubscriber11.xml (RunModel)" time="0.023" />
  <testcase classname="ptolemy.util.test.junit.AutoTests" name="[280] /home/travis/build/icyphy/ptII/ptolemy/actor/lib/test/auto/PublisherSubscriber12.xml (RunModel)" time="0.015" />
  <testcase classname="ptolemy.util.test.junit.AutoTests" name="[281] /home/travis/build/icyphy/ptII/ptolemy/actor/lib/test/auto/PublisherSubscriber13.xml (RunModel)" time="0.009" />
  <testcase classname="ptolemy.util.test.junit.AutoTests" name="[282] /home/travis/build/icyphy/ptII/ptolemy/actor/lib/test/auto/PublisherSubscriber14.xml (RunModel)" time="0.021" />
  <testcase classname="ptolemy.util.test.junit.AutoTests" name="[283] /home/travis/build/icyphy/ptII/ptolemy/actor/lib/test/auto/PublisherSubscriber2.xml (RunModel)" time="0.009" />
  <testcase classname="ptolemy.util.test.junit.AutoTests" name="[284] /home/travis/build/icyphy/ptII/ptolemy/actor/lib/test/auto/PublisherSubscriber3.xml (RunModel)" time="0.008" />
  <testcase classname="ptolemy.util.test.junit.AutoTests" name="[285] /home/travis/build/icyphy/ptII/ptolemy/actor/lib/test/auto/PublisherSubscriber4.xml (RunModel)" time="0.007" />
  <testcase classname="ptolemy.util.test.junit.AutoTests" name="[286] /home/travis/build/icyphy/ptII/ptolemy/actor/lib/test/auto/PublisherSubscriber5.xml (RunModel)" time="0.011" />
  <testcase classname="ptolemy.util.test.junit.AutoTests" name="[287] /home/travis/build/icyphy/ptII/ptolemy/actor/lib/test/auto/PublisherSubscriber6.xml (RunModel)" time="0.014" />
  <testcase classname="ptolemy.util.test.junit.AutoTests" name="[288] /home/travis/build/icyphy/ptII/ptolemy/actor/lib/test/auto/PublisherSubscriber7.xml (RunModel)" time="0.015" />
  <testcase classname="ptolemy.util.test.junit.AutoTests" name="[289] /home/travis/build/icyphy/ptII/ptolemy/actor/lib/test/auto/PublisherSubscriber8.xml (RunModel)" time="0.03" />
  <testcase classname="ptolemy.util.test.junit.AutoTests" name="[290] /home/travis/build/icyphy/ptII/ptolemy/actor/lib/test/auto/PublisherSubscriber9.xml (RunModel)" time="0.016" />
  <testcase classname="ptolemy.util.test.junit.AutoTests" name="[291] /home/travis/build/icyphy/ptII/ptolemy/actor/lib/test/auto/PublisherSubscriberAdjacent.xml (RunModel)" time="0.015" />
  <testcase classname="ptolemy.util.test.junit.AutoTests" name="[292] /home/travis/build/icyphy/ptII/ptolemy/actor/lib/test/auto/PublisherSubscriberChannelVariablesAOC2.xml (RunModel)" time="0.023" />
  <testcase classname="ptolemy.util.test.junit.AutoTests" name="[293] /home/travis/build/icyphy/ptII/ptolemy/actor/lib/test/auto/PublisherSubscriberD3.xml (RunModel)" time="0.012" />
  <testcase classname="ptolemy.util.test.junit.AutoTests" name="[294] /home/travis/build/icyphy/ptII/ptolemy/actor/lib/test/auto/PublisherSubscriberD3Reverse.xml (RunModel)" time="0.011" />
  <testcase classname="ptolemy.util.test.junit.AutoTests" name="[295] /home/travis/build/icyphy/ptII/ptolemy/actor/lib/test/auto/PublisherSubscriberExpression.xml (RunModel)" time="0.021" />
  <testcase classname="ptolemy.util.test.junit.AutoTests" name="[296] /home/travis/build/icyphy/ptII/ptolemy/actor/lib/test/auto/PublisherSubscriberOpaque.xml (RunModel)" time="0.015" />
  <testcase classname="ptolemy.util.test.junit.AutoTests" name="[297] /home/travis/build/icyphy/ptII/ptolemy/actor/lib/test/auto/PublisherSubscriberOpaqueD3.xml (RunModel)" time="0.021" />
  <testcase classname="ptolemy.util.test.junit.AutoTests" name="[298] /home/travis/build/icyphy/ptII/ptolemy/actor/lib/test/auto/PublisherSubscriberOpaqueD3Reverse.xml (RunModel)" time="0.02" />
  <testcase classname="ptolemy.util.test.junit.AutoTests" name="[299] /home/travis/build/icyphy/ptII/ptolemy/actor/lib/test/auto/PublisherSubscriberOpaqueWidthInference.xml (RunModel)" time="0.016" />
  <testcase classname="ptolemy.util.test.junit.AutoTests" name="[300] /home/travis/build/icyphy/ptII/ptolemy/actor/lib/test/auto/PublisherTestSubscriber.xml (RunModel)" time="0.016" />
  <testcase classname="ptolemy.util.test.junit.AutoTests" name="[301] /home/travis/build/icyphy/ptII/ptolemy/actor/lib/test/auto/PublisherToplevelSubscriberPortAOC.xml (RunModel)" time="0.011" />
  <testcase classname="ptolemy.util.test.junit.AutoTests" name="[302] /home/travis/build/icyphy/ptII/ptolemy/actor/lib/test/auto/PulseFiringLimitDE.xml (RunModel)" time="0.013" />
  <testcase classname="ptolemy.util.test.junit.AutoTests" name="[303] /home/travis/build/icyphy/ptII/ptolemy/actor/lib/test/auto/Ramp1.xml (RunModel)" time="0.006" />
  <testcase classname="ptolemy.util.test.junit.AutoTests" name="[304] /home/travis/build/icyphy/ptII/ptolemy/actor/lib/test/auto/RampFiringLimitDE.xml (RunModel)" time="0.009" />
  <testcase classname="ptolemy.util.test.junit.AutoTests" name="[305] /home/travis/build/icyphy/ptII/ptolemy/actor/lib/test/auto/RampFiringLimitSDF.xml (RunModel)" time="0.007" />
  <testcase classname="ptolemy.util.test.junit.AutoTests" name="[306] /home/travis/build/icyphy/ptII/ptolemy/actor/lib/test/auto/RandomInteger.xml (RunModel)" time="0.007" />
  <testcase classname="ptolemy.util.test.junit.AutoTests" name="[307] /home/travis/build/icyphy/ptII/ptolemy/actor/lib/test/auto/ReadFile1.xml (RunModel)" time="0.006" />
  <testcase classname="ptolemy.util.test.junit.AutoTests" name="[308] /home/travis/build/icyphy/ptII/ptolemy/actor/lib/test/auto/ReadFile2.xml (RunModel)" time="0.006" />
  <testcase classname="ptolemy.util.test.junit.AutoTests" name="[309] /home/travis/build/icyphy/ptII/ptolemy/actor/lib/test/auto/Reader.xml (RunModel)" time="0.01" />
  <testcase classname="ptolemy.util.test.junit.AutoTests" name="[310] /home/travis/build/icyphy/ptII/ptolemy/actor/lib/test/auto/RecordAssemblerDisplayNameTest.xml (RunModel)" time="3.458" />
  <testcase classname="ptolemy.util.test.junit.AutoTests" name="[311] /home/travis/build/icyphy/ptII/ptolemy/actor/lib/test/auto/RecordAssemblerTypeError.xml (RunModel)" time="0.043" />
  <testcase classname="ptolemy.util.test.junit.AutoTests" name="[312] /home/travis/build/icyphy/ptII/ptolemy/actor/lib/test/auto/RecordDisassember.xml (RunModel)" time="0.013" />
  <testcase classname="ptolemy.util.test.junit.AutoTests" name="[313] /home/travis/build/icyphy/ptII/ptolemy/actor/lib/test/auto/RecordDisassemberDisplayNameTest.xml (RunModel)" time="0.021" />
  <testcase classname="ptolemy.util.test.junit.AutoTests" name="[314] /home/travis/build/icyphy/ptII/ptolemy/actor/lib/test/auto/RecordDisassembler.xml (RunModel)" time="0.01" />
  <testcase classname="ptolemy.util.test.junit.AutoTests" name="[315] /home/travis/build/icyphy/ptII/ptolemy/actor/lib/test/auto/RecordDisassembler2.xml (RunModel)" time="0.01" />
  <testcase classname="ptolemy.util.test.junit.AutoTests" name="[316] /home/travis/build/icyphy/ptII/ptolemy/actor/lib/test/auto/RecordUpdater.xml (RunModel)" time="0.008" />
  <testcase classname="ptolemy.util.test.junit.AutoTests" name="[317] /home/travis/build/icyphy/ptII/ptolemy/actor/lib/test/auto/RecordUpdater2.xml (RunModel)" time="0.008" />
  <testcase classname="ptolemy.util.test.junit.AutoTests" name="[318] /home/travis/build/icyphy/ptII/ptolemy/actor/lib/test/auto/RecursiveLattice.xml (RunModel)" time="0.007" />
  <testcase classname="ptolemy.util.test.junit.AutoTests" name="[319] /home/travis/build/icyphy/ptII/ptolemy/actor/lib/test/auto/Router.xml (RunModel)" time="3.024" />
  <testcase classname="ptolemy.util.test.junit.AutoTests" name="[320] /home/travis/build/icyphy/ptII/ptolemy/actor/lib/test/auto/Router2.xml (RunModel)" time="3.038" />
  <testcase classname="ptolemy.util.test.junit.AutoTests" name="[321] /home/travis/build/icyphy/ptII/ptolemy/actor/lib/test/auto/RunningMaximum.xml (RunModel)" time="0.024" />
  <testcase classname="ptolemy.util.test.junit.AutoTests" name="[322] /home/travis/build/icyphy/ptII/ptolemy/actor/lib/test/auto/RunningMinimum.xml (RunModel)" time="0.015" />
  <testcase classname="ptolemy.util.test.junit.AutoTests" name="[323] /home/travis/build/icyphy/ptII/ptolemy/actor/lib/test/auto/Scale.xml (RunModel)" time="0.006" />
  <testcase classname="ptolemy.util.test.junit.AutoTests" name="[324] /home/travis/build/icyphy/ptII/ptolemy/actor/lib/test/auto/Scale2.xml (RunModel)" time="0.01" />
  <testcase classname="ptolemy.util.test.junit.AutoTests" name="[325] /home/travis/build/icyphy/ptII/ptolemy/actor/lib/test/auto/Scale3.xml (RunModel)" time="0.012" />
  <testcase classname="ptolemy.util.test.junit.AutoTests" name="[326] /home/travis/build/icyphy/ptII/ptolemy/actor/lib/test/auto/ScaleArray.xml (RunModel)" time="0.007" />
  <testcase classname="ptolemy.util.test.junit.AutoTests" name="[327] /home/travis/build/icyphy/ptII/ptolemy/actor/lib/test/auto/ScaleArray2.xml (RunModel)" time="0.007" />
  <testcase classname="ptolemy.util.test.junit.AutoTests" name="[328] /home/travis/build/icyphy/ptII/ptolemy/actor/lib/test/auto/ScaleMatrix.xml (RunModel)" time="0.123" />
  <testcase classname="ptolemy.util.test.junit.AutoTests" name="[329] /home/travis/build/icyphy/ptII/ptolemy/actor/lib/test/auto/Select.xml (RunModel)" time="0.017" />
  <testcase classname="ptolemy.util.test.junit.AutoTests" name="[330] /home/travis/build/icyphy/ptII/ptolemy/actor/lib/test/auto/Select2.xml (RunModel)" time="0.007" />
  <testcase classname="ptolemy.util.test.junit.AutoTests" name="[331] /home/travis/build/icyphy/ptII/ptolemy/actor/lib/test/auto/SequenceToArray2.xml (RunModel)" time="0.142" />
  <testcase classname="ptolemy.util.test.junit.AutoTests" name="[332] /home/travis/build/icyphy/ptII/ptolemy/actor/lib/test/auto/SequentialClock.xml (RunModel)" time="0.01" />
  <testcase classname="ptolemy.util.test.junit.AutoTests" name="[333] /home/travis/build/icyphy/ptII/ptolemy/actor/lib/test/auto/SetVariable.xml (RunModel)" time="0.02" />
  <testcase classname="ptolemy.util.test.junit.AutoTests" name="[334] /home/travis/build/icyphy/ptII/ptolemy/actor/lib/test/auto/SetVariable2.xml (RunModel)" time="0.012" />
  <testcase classname="ptolemy.util.test.junit.AutoTests" name="[335] /home/travis/build/icyphy/ptII/ptolemy/actor/lib/test/auto/SetVariable3.xml (RunModel)" time="0.02" />
  <testcase classname="ptolemy.util.test.junit.AutoTests" name="[336] /home/travis/build/icyphy/ptII/ptolemy/actor/lib/test/auto/SetVariable4.xml (RunModel)" time="0.024" />
  <testcase classname="ptolemy.util.test.junit.AutoTests" name="[337] /home/travis/build/icyphy/ptII/ptolemy/actor/lib/test/auto/SetVariable5.xml (RunModel)" time="0.041" />
  <testcase classname="ptolemy.util.test.junit.AutoTests" name="[338] /home/travis/build/icyphy/ptII/ptolemy/actor/lib/test/auto/Sinewave.xml (RunModel)" time="0.03" />
  <testcase classname="ptolemy.util.test.junit.AutoTests" name="[339] /home/travis/build/icyphy/ptII/ptolemy/actor/lib/test/auto/Sinewave2.xml (RunModel)" time="0.017" />
  <testcase classname="ptolemy.util.test.junit.AutoTests" name="[340] /home/travis/build/icyphy/ptII/ptolemy/actor/lib/test/auto/Sinewave3.xml (RunModel)" time="0.02" />
  <testcase classname="ptolemy.util.test.junit.AutoTests" name="[341] /home/travis/build/icyphy/ptII/ptolemy/actor/lib/test/auto/SingleEvent.xml (RunModel)" time="0.007" />
  <testcase classname="ptolemy.util.test.junit.AutoTests" name="[342] /home/travis/build/icyphy/ptII/ptolemy/actor/lib/test/auto/Sleep.xml (RunModel)" time="6.014" />
  <testcase classname="ptolemy.util.test.junit.AutoTests" name="[343] /home/travis/build/icyphy/ptII/ptolemy/actor/lib/test/auto/SleepMultipleFire.xml (RunModel)" time="1.021" />
  <testcase classname="ptolemy.util.test.junit.AutoTests" name="[344] /home/travis/build/icyphy/ptII/ptolemy/actor/lib/test/auto/StopDE.xml (RunModel)" time="0.015" />
  <testcase classname="ptolemy.util.test.junit.AutoTests" name="[345] /home/travis/build/icyphy/ptII/ptolemy/actor/lib/test/auto/StopSDF.xml (RunModel)" time="0.013" />
  <testcase classname="ptolemy.util.test.junit.AutoTests" name="[346] /home/travis/build/icyphy/ptII/ptolemy/actor/lib/test/auto/StringConstant.xml (RunModel)" time="0.017" />
  <testcase classname="ptolemy.util.test.junit.AutoTests" name="[347] /home/travis/build/icyphy/ptII/ptolemy/actor/lib/test/auto/SubscriberPortInitialValues1.xml (RunModel)" time="0.022" />
  <testcase classname="ptolemy.util.test.junit.AutoTests" name="[348] /home/travis/build/icyphy/ptII/ptolemy/actor/lib/test/auto/SubscriberPortInitialValues13.xml (RunModel)" time="0.026" />
  <testcase classname="ptolemy.util.test.junit.AutoTests" name="[349] /home/travis/build/icyphy/ptII/ptolemy/actor/lib/test/auto/SubscriberPortInitialValues14.xml (RunModel)" time="0.016" />
  <testcase classname="ptolemy.util.test.junit.AutoTests" name="[350] /home/travis/build/icyphy/ptII/ptolemy/actor/lib/test/auto/SubscriberPortInitialValues2.xml (RunModel)" time="0.015" />
  <testcase classname="ptolemy.util.test.junit.AutoTests" name="[351] /home/travis/build/icyphy/ptII/ptolemy/actor/lib/test/auto/SubscriberPortInitialValues3.xml (RunModel)" time="0.024" />
  <testcase classname="ptolemy.util.test.junit.AutoTests" name="[352] /home/travis/build/icyphy/ptII/ptolemy/actor/lib/test/auto/SubscriptionAggregator.xml (RunModel)" time="0.011" />
  <testcase classname="ptolemy.util.test.junit.AutoTests" name="[353] /home/travis/build/icyphy/ptII/ptolemy/actor/lib/test/auto/SubscriptionAggregator2.xml (RunModel)" time="0.012" />
  <testcase classname="ptolemy.util.test.junit.AutoTests" name="[354] /home/travis/build/icyphy/ptII/ptolemy/actor/lib/test/auto/SubscriptionAggregator3.xml (RunModel)" time="0.02" />
  <testcase classname="ptolemy.util.test.junit.AutoTests" name="[355] /home/travis/build/icyphy/ptII/ptolemy/actor/lib/test/auto/SubscriptionAggregatorMultiply.xml (RunModel)" time="0.022" />
  <testcase classname="ptolemy.util.test.junit.AutoTests" name="[356] /home/travis/build/icyphy/ptII/ptolemy/actor/lib/test/auto/SubscriptionAggregatorPortMultiply1.xml (RunModel)" time="0.012" />
  <testcase classname="ptolemy.util.test.junit.AutoTests" name="[357] /home/travis/build/icyphy/ptII/ptolemy/actor/lib/test/auto/Switch.xml (RunModel)" time="0.016" />
  <testcase classname="ptolemy.util.test.junit.AutoTests" name="[358] /home/travis/build/icyphy/ptII/ptolemy/actor/lib/test/auto/Switch2.xml (RunModel)" time="0.008" />
  <testcase classname="ptolemy.util.test.junit.AutoTests" name="[359] /home/travis/build/icyphy/ptII/ptolemy/actor/lib/test/auto/SwitchDE.xml (RunModel)" time="0.014" />
  <testcase classname="ptolemy.util.test.junit.AutoTests" name="[360] /home/travis/build/icyphy/ptII/ptolemy/actor/lib/test/auto/SynchronizerDE.xml (RunModel)" time="0.021" />
  <testcase classname="ptolemy.util.test.junit.AutoTests" name="[361] /home/travis/build/icyphy/ptII/ptolemy/actor/lib/test/auto/Test.xml (RunModel)" time="0.015" />
  <testcase classname="ptolemy.util.test.junit.AutoTests" name="[362] /home/travis/build/icyphy/ptII/ptolemy/actor/lib/test/auto/TestExceptionAttribute1.xml (RunModel)" time="0.013" />
  <testcase classname="ptolemy.util.test.junit.AutoTests" name="[363] /home/travis/build/icyphy/ptII/ptolemy/actor/lib/test/auto/TestExceptionAttribute2.xml (RunModel)" time="0.006" />
  <testcase classname="ptolemy.util.test.junit.AutoTests" name="[364] /home/travis/build/icyphy/ptII/ptolemy/actor/lib/test/auto/TestExceptionAttribute3.xml (RunModel)" time="0.01" />
  <testcase classname="ptolemy.util.test.junit.AutoTests" name="[365] /home/travis/build/icyphy/ptII/ptolemy/actor/lib/test/auto/TestExceptionAttribute4.xml (RunModel)" time="0.006" />
  <testcase classname="ptolemy.util.test.junit.AutoTests" name="[366] /home/travis/build/icyphy/ptII/ptolemy/actor/lib/test/auto/TestExceptionHandler1.xml (RunModel)" time="0.008" />
  <testcase classname="ptolemy.util.test.junit.AutoTests" name="[367] /home/travis/build/icyphy/ptII/ptolemy/actor/lib/test/auto/TestExceptionHandler2.xml (RunModel)" time="0.007" />
  <testcase classname="ptolemy.util.test.junit.AutoTests" name="[368] /home/travis/build/icyphy/ptII/ptolemy/actor/lib/test/auto/TestExceptionHandler3.xml (RunModel)" time="0.004" />
  <testcase classname="ptolemy.util.test.junit.AutoTests" name="[369] /home/travis/build/icyphy/ptII/ptolemy/actor/lib/test/auto/TestExceptionHandler4.xml (RunModel)" time="0.005" />
  <testcase classname="ptolemy.util.test.junit.AutoTests" name="[370] /home/travis/build/icyphy/ptII/ptolemy/actor/lib/test/auto/TestRequireCorrectOrder.xml (RunModel)" time="0.009" />
  <testcase classname="ptolemy.util.test.junit.AutoTests" name="[371] /home/travis/build/icyphy/ptII/ptolemy/actor/lib/test/auto/TestSimple.xml (RunModel)" time="0.006" />
  <testcase classname="ptolemy.util.test.junit.AutoTests" name="[372] /home/travis/build/icyphy/ptII/ptolemy/actor/lib/test/auto/ThrowModelError.xml (RunModel)" time="0.01" />
  <testcase classname="ptolemy.util.test.junit.AutoTests" name="[373] /home/travis/build/icyphy/ptII/ptolemy/actor/lib/test/auto/TimeDelayMicrosteps.xml (RunModel)" time="0.019" />
  <testcase classname="ptolemy.util.test.junit.AutoTests" name="[374] /home/travis/build/icyphy/ptII/ptolemy/actor/lib/test/auto/TimeDelayMicrosteps2.xml (RunModel)" time="0.014" />
  <testcase classname="ptolemy.util.test.junit.AutoTests" name="[375] /home/travis/build/icyphy/ptII/ptolemy/actor/lib/test/auto/TimeDelayMicrosteps3.xml (RunModel)" time="0.012" />
  <testcase classname="ptolemy.util.test.junit.AutoTests" name="[376] /home/travis/build/icyphy/ptII/ptolemy/actor/lib/test/auto/TimeDelayVariableMicrosteps.xml (RunModel)" time="0.011" />
  <testcase classname="ptolemy.util.test.junit.AutoTests" name="[377] /home/travis/build/icyphy/ptII/ptolemy/actor/lib/test/auto/TimeGap.xml (RunModel)" time="0.034" />
  <testcase classname="ptolemy.util.test.junit.AutoTests" name="[378] /home/travis/build/icyphy/ptII/ptolemy/actor/lib/test/auto/TimeGap2.xml (RunModel)" time="0.014" />
  <testcase classname="ptolemy.util.test.junit.AutoTests" name="[379] /home/travis/build/icyphy/ptII/ptolemy/actor/lib/test/auto/TimedSinewave.xml (RunModel)" time="0.06" />
  <testcase classname="ptolemy.util.test.junit.AutoTests" name="[380] /home/travis/build/icyphy/ptII/ptolemy/actor/lib/test/auto/TimedSinewavePhase.xml (RunModel)" time="0.035" />
  <testcase classname="ptolemy.util.test.junit.AutoTests" name="[381] /home/travis/build/icyphy/ptII/ptolemy/actor/lib/test/auto/Timer.xml (RunModel)" time="0.015" />
  <testcase classname="ptolemy.util.test.junit.AutoTests" name="[382] /home/travis/build/icyphy/ptII/ptolemy/actor/lib/test/auto/TriangularDistTestModel.xml (RunModel)" time="0.018" />
  <testcase classname="ptolemy.util.test.junit.AutoTests" name="[383] /home/travis/build/icyphy/ptII/ptolemy/actor/lib/test/auto/TrigFunction.xml (RunModel)" time="0.008" />
  <testcase classname="ptolemy.util.test.junit.AutoTests" name="[384] /home/travis/build/icyphy/ptII/ptolemy/actor/lib/test/auto/TrigFunctionDE.xml (RunModel)" time="0.011" />
  <testcase classname="ptolemy.util.test.junit.AutoTests" name="[385] /home/travis/build/icyphy/ptII/ptolemy/actor/lib/test/auto/TrigFunctionInverse.xml (RunModel)" time="0.009" />
  <testcase classname="ptolemy.util.test.junit.AutoTests" name="[386] /home/travis/build/icyphy/ptII/ptolemy/actor/lib/test/auto/TrigFunctionTan.xml (RunModel)" time="0.006" />
  <testcase classname="ptolemy.util.test.junit.AutoTests" name="[387] /home/travis/build/icyphy/ptII/ptolemy/actor/lib/test/auto/TriggeredClock.xml (RunModel)" time="0.008" />
  <testcase classname="ptolemy.util.test.junit.AutoTests" name="[388] /home/travis/build/icyphy/ptII/ptolemy/actor/lib/test/auto/URLDirectoryReader.xml (RunModel)" time="0.117" />
  <testcase classname="ptolemy.util.test.junit.AutoTests" name="[389] /home/travis/build/icyphy/ptII/ptolemy/actor/lib/test/auto/URLDirectoryReader3.xml (RunModel)" time="1.68" />
  <testcase classname="ptolemy.util.test.junit.AutoTests" name="[390] /home/travis/build/icyphy/ptII/ptolemy/actor/lib/test/auto/UnaryMathFunction.xml (RunModel)" time="0.029" />
  <testcase classname="ptolemy.util.test.junit.AutoTests" name="[391] /home/travis/build/icyphy/ptII/ptolemy/actor/lib/test/auto/Uniform.xml (RunModel)" time="0.009" />
  <testcase classname="ptolemy.util.test.junit.AutoTests" name="[392] /home/travis/build/icyphy/ptII/ptolemy/actor/lib/test/auto/UnionDisassemblerTest.xml (RunModel)" time="0.009" />
  <testcase classname="ptolemy.util.test.junit.AutoTests" name="[393] /home/travis/build/icyphy/ptII/ptolemy/actor/lib/test/auto/UtilityFunctions.xml (RunModel)" time="0.006" />
  <testcase classname="ptolemy.util.test.junit.AutoTests" name="[394] /home/travis/build/icyphy/ptII/ptolemy/actor/lib/test/auto/VariableSleep.xml (RunModel)" time="0.51" />
  <testcase classname="ptolemy.util.test.junit.AutoTests" name="[395] /home/travis/build/icyphy/ptII/ptolemy/actor/lib/test/auto/VectorAssemblerDisassemblerCT.xml (RunModel)" time="0.084" />
  <testcase classname="ptolemy.util.test.junit.AutoTests" name="[396] /home/travis/build/icyphy/ptII/ptolemy/actor/lib/test/auto/VectorAssemblerDisassemblerDE.xml (RunModel)" time="0.02" />
  <testcase classname="ptolemy.util.test.junit.AutoTests" name="[397] /home/travis/build/icyphy/ptII/ptolemy/actor/lib/test/auto/VectorAssemblerDisassemblerSDF.xml (RunModel)" time="0.011" />
  <testcase classname="ptolemy.util.test.junit.AutoTests" name="[398] /home/travis/build/icyphy/ptII/ptolemy/actor/lib/test/auto/WallClockTime.xml (RunModel)" time="1.012" />
  <testcase classname="ptolemy.util.test.junit.AutoTests" name="[399] /home/travis/build/icyphy/ptII/ptolemy/actor/lib/test/auto/WidthTestWithSubscriberPublisher.xml (RunModel)" time="0.051" />
  <testcase classname="ptolemy.util.test.junit.AutoTests" name="[400] /home/travis/build/icyphy/ptII/ptolemy/actor/lib/test/auto/WidthTestWithSubscriberPublisher2.xml (RunModel)" time="0.013" />
  <testcase classname="ptolemy.util.test.junit.AutoTests" name="[401] /home/travis/build/icyphy/ptII/ptolemy/actor/lib/test/auto/WidthTestWithSubscriberPublisher3.xml (RunModel)" time="0.011" />
  <testcase classname="ptolemy.util.test.junit.AutoTests" name="[402] /home/travis/build/icyphy/ptII/ptolemy/actor/lib/test/auto/Writer.xml (RunModel)" time="0.007" />
  <testcase classname="ptolemy.util.test.junit.AutoTests" name="[403] /home/travis/build/icyphy/ptII/ptolemy/actor/lib/test/auto/array.xml (RunModel)" time="0.009" />
  <testcase classname="ptolemy.util.test.junit.AutoTests" name="[404] /home/travis/build/icyphy/ptII/ptolemy/actor/lib/test/auto/array2.xml (RunModel)" time="0.027" />
  <testcase classname="ptolemy.util.test.junit.AutoTests" name="[405] /home/travis/build/icyphy/ptII/ptolemy/actor/lib/test/auto/arrayType.xml (RunModel)" time="0.014" />
  <testcase classname="ptolemy.util.test.junit.AutoTests" name="[406] /home/travis/build/icyphy/ptII/ptolemy/actor/lib/test/auto/arrayType10.xml (RunModel)" time="0.008" />
  <testcase classname="ptolemy.util.test.junit.AutoTests" name="[407] /home/travis/build/icyphy/ptII/ptolemy/actor/lib/test/auto/arrayType11.xml (RunModel)" time="0.008" />
  <testcase classname="ptolemy.util.test.junit.AutoTests" name="[408] /home/travis/build/icyphy/ptII/ptolemy/actor/lib/test/auto/arrayType12.xml (RunModel)" time="0.008" />
  <testcase classname="ptolemy.util.test.junit.AutoTests" name="[409] /home/travis/build/icyphy/ptII/ptolemy/actor/lib/test/auto/arrayType13.xml (RunModel)" time="0.008" />
  <testcase classname="ptolemy.util.test.junit.AutoTests" name="[410] /home/travis/build/icyphy/ptII/ptolemy/actor/lib/test/auto/arrayType14.xml (RunModel)" time="0.009" />
  <testcase classname="ptolemy.util.test.junit.AutoTests" name="[411] /home/travis/build/icyphy/ptII/ptolemy/actor/lib/test/auto/arrayType15.xml (RunModel)" time="0.012" />
  <testcase classname="ptolemy.util.test.junit.AutoTests" name="[412] /home/travis/build/icyphy/ptII/ptolemy/actor/lib/test/auto/arrayType16.xml (RunModel)" time="0.008" />
  <testcase classname="ptolemy.util.test.junit.AutoTests" name="[413] /home/travis/build/icyphy/ptII/ptolemy/actor/lib/test/auto/arrayType17.xml (RunModel)" time="0.009" />
  <testcase classname="ptolemy.util.test.junit.AutoTests" name="[414] /home/travis/build/icyphy/ptII/ptolemy/actor/lib/test/auto/arrayType18.xml (RunModel)" time="0.007" />
  <testcase classname="ptolemy.util.test.junit.AutoTests" name="[415] /home/travis/build/icyphy/ptII/ptolemy/actor/lib/test/auto/arrayType19.xml (RunModel)" time="0.007" />
  <testcase classname="ptolemy.util.test.junit.AutoTests" name="[416] /home/travis/build/icyphy/ptII/ptolemy/actor/lib/test/auto/arrayType2.xml (RunModel)" time="0.007" />
  <testcase classname="ptolemy.util.test.junit.AutoTests" name="[417] /home/travis/build/icyphy/ptII/ptolemy/actor/lib/test/auto/arrayType20.xml (RunModel)" time="0.008" />
  <testcase classname="ptolemy.util.test.junit.AutoTests" name="[418] /home/travis/build/icyphy/ptII/ptolemy/actor/lib/test/auto/arrayType21.xml (RunModel)" time="0.007" />
  <testcase classname="ptolemy.util.test.junit.AutoTests" name="[419] /home/travis/build/icyphy/ptII/ptolemy/actor/lib/test/auto/arrayType22.xml (RunModel)" time="0.007" />
  <testcase classname="ptolemy.util.test.junit.AutoTests" name="[420] /home/travis/build/icyphy/ptII/ptolemy/actor/lib/test/auto/arrayType23.xml (RunModel)" time="0.007" />
  <testcase classname="ptolemy.util.test.junit.AutoTests" name="[421] /home/travis/build/icyphy/ptII/ptolemy/actor/lib/test/auto/arrayType24.xml (RunModel)" time="0.007" />
  <testcase classname="ptolemy.util.test.junit.AutoTests" name="[422] /home/travis/build/icyphy/ptII/ptolemy/actor/lib/test/auto/arrayType25.xml (RunModel)" time="0.008" />
  <testcase classname="ptolemy.util.test.junit.AutoTests" name="[423] /home/travis/build/icyphy/ptII/ptolemy/actor/lib/test/auto/arrayType26.xml (RunModel)" time="0.008" />
  <testcase classname="ptolemy.util.test.junit.AutoTests" name="[424] /home/travis/build/icyphy/ptII/ptolemy/actor/lib/test/auto/arrayType27.xml (RunModel)" time="0.008" />
  <testcase classname="ptolemy.util.test.junit.AutoTests" name="[425] /home/travis/build/icyphy/ptII/ptolemy/actor/lib/test/auto/arrayType28.xml (RunModel)" time="0.008" />
  <testcase classname="ptolemy.util.test.junit.AutoTests" name="[426] /home/travis/build/icyphy/ptII/ptolemy/actor/lib/test/auto/arrayType3.xml (RunModel)" time="0.011" />
  <testcase classname="ptolemy.util.test.junit.AutoTests" name="[427] /home/travis/build/icyphy/ptII/ptolemy/actor/lib/test/auto/arrayType4.xml (RunModel)" time="0.008" />
  <testcase classname="ptolemy.util.test.junit.AutoTests" name="[428] /home/travis/build/icyphy/ptII/ptolemy/actor/lib/test/auto/arrayType5.xml (RunModel)" time="0.008" />
  <testcase classname="ptolemy.util.test.junit.AutoTests" name="[429] /home/travis/build/icyphy/ptII/ptolemy/actor/lib/test/auto/arrayType6.xml (RunModel)" time="0.007" />
  <testcase classname="ptolemy.util.test.junit.AutoTests" name="[430] /home/travis/build/icyphy/ptII/ptolemy/actor/lib/test/auto/arrayType7.xml (RunModel)" time="0.014" />
  <testcase classname="ptolemy.util.test.junit.AutoTests" name="[431] /home/travis/build/icyphy/ptII/ptolemy/actor/lib/test/auto/arrayType8.xml (RunModel)" time="0.019" />
  <testcase classname="ptolemy.util.test.junit.AutoTests" name="[432] /home/travis/build/icyphy/ptII/ptolemy/actor/lib/test/auto/arrayType9.xml (RunModel)" time="0.009" />
  <testcase classname="ptolemy.util.test.junit.AutoTests" name="[433] /home/travis/build/icyphy/ptII/ptolemy/actor/lib/test/auto/cast.xml (RunModel)" time="0.008" />
  <testcase classname="ptolemy.util.test.junit.AutoTests" name="[434] /home/travis/build/icyphy/ptII/ptolemy/actor/lib/test/auto/compositeMultiPort.xml (RunModel)" time="0.048" />
  <testcase classname="ptolemy.util.test.junit.AutoTests" name="[435] /home/travis/build/icyphy/ptII/ptolemy/actor/lib/test/auto/expressionCastInference.xml (RunModel)" time="0.031" />
  <testcase classname="ptolemy.util.test.junit.AutoTests" name="[436] /home/travis/build/icyphy/ptII/ptolemy/actor/lib/test/auto/expressionCastInference2.xml (RunModel)" time="0.027" />
  <testcase classname="ptolemy.util.test.junit.AutoTests" name="[437] /home/travis/build/icyphy/ptII/ptolemy/actor/lib/test/auto/expressionInference.xml (RunModel)" time="0.029" />
  <testcase classname="ptolemy.util.test.junit.AutoTests" name="[438] /home/travis/build/icyphy/ptII/ptolemy/actor/lib/test/auto/expression_bug.xml (RunModel)" time="0.039" />
  <testcase classname="ptolemy.util.test.junit.AutoTests" name="[439] /home/travis/build/icyphy/ptII/ptolemy/actor/lib/test/auto/factorial.xml (RunModel)" time="0.047" />
  <testcase classname="ptolemy.util.test.junit.AutoTests" name="[440] /home/travis/build/icyphy/ptII/ptolemy/actor/lib/test/auto/filterTest1.xml (RunModel)" time="0.014" />
  <testcase classname="ptolemy.util.test.junit.AutoTests" name="[441] /home/travis/build/icyphy/ptII/ptolemy/actor/lib/test/auto/funcApplyInConst.xml (RunModel)" time="0.012" />
  <testcase classname="ptolemy.util.test.junit.AutoTests" name="[442] /home/travis/build/icyphy/ptII/ptolemy/actor/lib/test/auto/funcApplyInExpr.xml (RunModel)" time="0.032" />
  <testcase classname="ptolemy.util.test.junit.AutoTests" name="[443] /home/travis/build/icyphy/ptII/ptolemy/actor/lib/test/auto/function.xml (RunModel)" time="0.011" />
  <testcase classname="ptolemy.util.test.junit.AutoTests" name="[444] /home/travis/build/icyphy/ptII/ptolemy/actor/lib/test/auto/function2.xml (RunModel)" time="0.007" />
  <testcase classname="ptolemy.util.test.junit.AutoTests" name="[445] /home/travis/build/icyphy/ptII/ptolemy/actor/lib/test/auto/function3.xml (RunModel)" time="0.006" />
  <testcase classname="ptolemy.util.test.junit.AutoTests" name="[446] /home/travis/build/icyphy/ptII/ptolemy/actor/lib/test/auto/functionClosureTest1.xml (RunModel)" time="0.009" />
  <testcase classname="ptolemy.util.test.junit.AutoTests" name="[447] /home/travis/build/icyphy/ptII/ptolemy/actor/lib/test/auto/functionClosureTest2.xml (RunModel)" time="0.006" />
  <testcase classname="ptolemy.util.test.junit.AutoTests" name="[448] /home/travis/build/icyphy/ptII/ptolemy/actor/lib/test/auto/functionClosureTest3.xml (RunModel)" time="0.01" />
  <testcase classname="ptolemy.util.test.junit.AutoTests" name="[449] /home/travis/build/icyphy/ptII/ptolemy/actor/lib/test/auto/functionClosureTest4.xml (RunModel)" time="0.015" />
  <testcase classname="ptolemy.util.test.junit.AutoTests" name="[450] /home/travis/build/icyphy/ptII/ptolemy/actor/lib/test/auto/functionClosureTest5.xml (RunModel)" time="0.011" />
  <testcase classname="ptolemy.util.test.junit.AutoTests" name="[451] /home/travis/build/icyphy/ptII/ptolemy/actor/lib/test/auto/functionClosureTest6.xml (RunModel)" time="0.007" />
  <testcase classname="ptolemy.util.test.junit.AutoTests" name="[452] /home/travis/build/icyphy/ptII/ptolemy/actor/lib/test/auto/functionsOnArcs.xml (RunModel)" time="0.014" />
  <testcase classname="ptolemy.util.test.junit.AutoTests" name="[453] /home/travis/build/icyphy/ptII/ptolemy/actor/lib/test/auto/functionsOnArcsHOF.xml (RunModel)" time="0.012" />
  <testcase classname="ptolemy.util.test.junit.AutoTests" name="[454] /home/travis/build/icyphy/ptII/ptolemy/actor/lib/test/auto/logic.xml (RunModel)" time="0.016" />
  <testcase classname="ptolemy.util.test.junit.AutoTests" name="[455] /home/travis/build/icyphy/ptII/ptolemy/actor/lib/test/auto/matrixType.xml (RunModel)" time="0.008" />
  <testcase classname="ptolemy.util.test.junit.AutoTests" name="[456] /home/travis/build/icyphy/ptII/ptolemy/actor/lib/test/auto/matrixType10.xml (RunModel)" time="0.009" />
  <testcase classname="ptolemy.util.test.junit.AutoTests" name="[457] /home/travis/build/icyphy/ptII/ptolemy/actor/lib/test/auto/matrixType11.xml (RunModel)" time="0.008" />
  <testcase classname="ptolemy.util.test.junit.AutoTests" name="[458] /home/travis/build/icyphy/ptII/ptolemy/actor/lib/test/auto/matrixType12.xml (RunModel)" time="0.009" />
  <testcase classname="ptolemy.util.test.junit.AutoTests" name="[459] /home/travis/build/icyphy/ptII/ptolemy/actor/lib/test/auto/matrixType13.xml (RunModel)" time="0.007" />
  <testcase classname="ptolemy.util.test.junit.AutoTests" name="[460] /home/travis/build/icyphy/ptII/ptolemy/actor/lib/test/auto/matrixType14.xml (RunModel)" time="0.009" />
  <testcase classname="ptolemy.util.test.junit.AutoTests" name="[461] /home/travis/build/icyphy/ptII/ptolemy/actor/lib/test/auto/matrixType2.xml (RunModel)" time="0.008" />
  <testcase classname="ptolemy.util.test.junit.AutoTests" name="[462] /home/travis/build/icyphy/ptII/ptolemy/actor/lib/test/auto/matrixType3.xml (RunModel)" time="0.009" />
  <testcase classname="ptolemy.util.test.junit.AutoTests" name="[463] /home/travis/build/icyphy/ptII/ptolemy/actor/lib/test/auto/matrixType4.xml (RunModel)" time="0.008" />
  <testcase classname="ptolemy.util.test.junit.AutoTests" name="[464] /home/travis/build/icyphy/ptII/ptolemy/actor/lib/test/auto/matrixType5.xml (RunModel)" time="0.008" />
  <testcase classname="ptolemy.util.test.junit.AutoTests" name="[465] /home/travis/build/icyphy/ptII/ptolemy/actor/lib/test/auto/matrixType6.xml (RunModel)" time="0.007" />
  <testcase classname="ptolemy.util.test.junit.AutoTests" name="[466] /home/travis/build/icyphy/ptII/ptolemy/actor/lib/test/auto/matrixType7.xml (RunModel)" time="0.007" />
  <testcase classname="ptolemy.util.test.junit.AutoTests" name="[467] /home/travis/build/icyphy/ptII/ptolemy/actor/lib/test/auto/matrixType8.xml (RunModel)" time="0.007" />
  <testcase classname="ptolemy.util.test.junit.AutoTests" name="[468] /home/travis/build/icyphy/ptII/ptolemy/actor/lib/test/auto/matrixType9.xml (RunModel)" time="0.007" />
  <testcase classname="ptolemy.util.test.junit.AutoTests" name="[469] /home/travis/build/icyphy/ptII/ptolemy/actor/lib/test/auto/paraFunctest.xml (RunModel)" time="0.006" />
  <testcase classname="ptolemy.util.test.junit.AutoTests" name="[470] /home/travis/build/icyphy/ptII/ptolemy/actor/lib/test/auto/paraFunctest2.xml (RunModel)" time="0.012" />
  <testcase classname="ptolemy.util.test.junit.AutoTests" name="[471] /home/travis/build/icyphy/ptII/ptolemy/actor/lib/test/auto/parameterPassing.xml (RunModel)" time="0.012" />
  <testcase classname="ptolemy.util.test.junit.AutoTests" name="[472] /home/travis/build/icyphy/ptII/ptolemy/actor/lib/test/auto/record.xml (RunModel)" time="0.008" />
  <testcase classname="ptolemy.util.test.junit.AutoTests" name="[473] /home/travis/build/icyphy/ptII/ptolemy/actor/lib/test/auto/sizedarray1.xml (RunModel)" time="0.008" />
  <testcase classname="ptolemy.util.test.junit.AutoTests" name="[474] /home/travis/build/icyphy/ptII/ptolemy/actor/lib/test/auto/sizedarray2.xml (RunModel)" time="0.009" />
  <testcase classname="ptolemy.util.test.junit.AutoTests" name="[475] /home/travis/build/icyphy/ptII/ptolemy/actor/lib/test/auto/twoPublishers.xml (RunModel)" time="0.026" />
  <system-out><![CDATA[/home/travis/build/icyphy/ptII/ptolemy/actor/lib/test/AbsoluteValue.tcl
testDefs.tcl: setting time out to 9000 seconds at Wed Mar 04 08:50:40 UTC 2020
80 ms. Memory: 129024K Free: 93128K (72%)
4 ms. Memory: 129024K Free: 91080K (71%)
4 ms. Memory: 129024K Free: 90559K (70%)
5 ms. Memory: 129024K Free: 89527K (69%)
/home/travis/build/icyphy/ptII/ptolemy/actor/lib/test/AddSubtract.tcl
14 ms. Memory: 129024K Free: 87494K (68%)
6 ms. Memory: 129024K Free: 86984K (67%)
10 ms. Memory: 129024K Free: 85960K (67%)
12 ms. Memory: 129024K Free: 85439K (66%)
81 ms. Memory: 129024K Free: 82374K (64%)
15 ms. Memory: 129024K Free: 81350K (63%)
/home/travis/build/icyphy/ptII/ptolemy/actor/lib/test/Average.tcl
19 ms. Memory: 129024K Free: 79816K (62%)
6 ms. Memory: 129024K Free: 78792K (61%)
/home/travis/build/icyphy/ptII/ptolemy/actor/lib/test/Bernoulli.tcl
8 ms. Memory: 129024K Free: 77223K (60%)
1 ms. Memory: 129024K Free: 76744K (59%)
/home/travis/build/icyphy/ptII/ptolemy/actor/lib/test/Clock.tcl
preinitializing
resolving types
initializing
executing number 1
wrapping up
idle
35 ms. Memory: 129024K Free: 74182K (57%)
Completed execution with 5 iterations
preinitializing
resolving types
initializing
executing number 1
wrapping up
idle
9 ms. Memory: 129024K Free: 73151K (57%)
Completed execution with 5 iterations
preinitializing
resolving types
initializing
executing number 1
wrapping up
idle
9 ms. Memory: 129024K Free: 72648K (56%)
Completed execution with 5 iterations
/home/travis/build/icyphy/ptII/ptolemy/actor/lib/test/Commutator.tcl
16 ms. Memory: 129024K Free: 70600K (55%)
6 ms. Memory: 129024K Free: 69576K (54%)
16 ms. Memory: 129024K Free: 63935K (50%)
/home/travis/build/icyphy/ptII/ptolemy/actor/lib/test/Const.tcl
8 ms. Memory: 129024K Free: 62408K (48%)
2 ms. Memory: 129024K Free: 61894K (48%)
7 ms. Memory: 129024K Free: 61384K (48%)
2 ms. Memory: 129024K Free: 60870K (47%)
2 ms. Memory: 129024K Free: 60360K (47%)
15 ms. Memory: 129024K Free: 58822K (46%)
15 ms. Memory: 129024K Free: 57286K (44%)
7 ms. Memory: 129024K Free: 56774K (44%)
/home/travis/build/icyphy/ptII/ptolemy/actor/lib/test/CurrentTime.tcl
preinitializing
resolving types
initializing
executing number 1
wrapping up
idle
15 ms. Memory: 129024K Free: 54695K (42%)
Completed execution with 11 iterations
/home/travis/build/icyphy/ptII/ptolemy/actor/lib/test/DB.tcl
8 ms. Memory: 129024K Free: 53192K (41%)
3 ms. Memory: 129024K Free: 52678K (41%)
3 ms. Memory: 129024K Free: 52168K (40%)
/home/travis/build/icyphy/ptII/ptolemy/actor/lib/test/DiscreteRandomSource.tcl
preinitializing
resolving types
initializing
executing number 1
wrapping up
idle
8 ms. Memory: 129024K Free: 50615K (39%)
Completed execution with 4 iterations
preinitializing
resolving types
initializing
executing number 1
wrapping up
idle
3 ms. Memory: 129024K Free: 50120K (39%)
Completed execution with 4 iterations
preinitializing
resolving types
initializing
executing number 1
wrapping up
idle
6 ms. Memory: 129024K Free: 49606K (38%)
Completed execution with 4 iterations
preinitializing
resolving types
initializing
executing number 1
wrapping up
idle
9 ms. Memory: 129024K Free: 49096K (38%)
Completed execution with 4 iterations
preinitializing
resolving types
initializing
executing number 1
wrapping up
idle
4 ms. Memory: 129024K Free: 48582K (38%)
Completed execution with 4 iterations
/home/travis/build/icyphy/ptII/ptolemy/actor/lib/test/Distributor.tcl
28 ms. Memory: 129024K Free: 113708K (88%)
6 ms. Memory: 129024K Free: 113161K (88%)
StreamChangeRequest.changeExecuted(): <deleteEntity name="rec2"/> succeeded
StreamChangeRequest.changeExecuted(): <deleteRelation name="r2"/> succeeded
StreamChangeRequest.changeExecuted(): Record firings per iteration succeeded
8 ms. Memory: 129024K Free: 110613K (86%)
/home/travis/build/icyphy/ptII/ptolemy/actor/lib/test/Exit.tcl
Exit.tcl: this will print a message about Manager.exitAfterWrapup, which can be ignored.
8 ms. Memory: 129024K Free: 107641K (83%)
/home/travis/build/icyphy/ptII/ptolemy/actor/lib/test/Expression.tcl
12 ms. Memory: 129024K Free: 104491K (81%)
3 ms. Memory: 129024K Free: 103458K (80%)
2 ms. Memory: 129024K Free: 102942K (80%)
preinitializing
resolving types
initializing
executing number 1
wrapping up
idle
4 ms. Memory: 129024K Free: 101420K (79%)
Completed execution with 6 iterations
3 ms. Memory: 129024K Free: 100426K (78%)
2 ms. Memory: 129024K Free: 99857K (77%)
3 ms. Memory: 129024K Free: 98348K (76%)
3 ms. Memory: 129024K Free: 97301K (75%)
5 ms. Memory: 129024K Free: 96308K (75%)
/home/travis/build/icyphy/ptII/ptolemy/actor/lib/test/Gaussian.tcl
6 ms. Memory: 129024K Free: 94252K (73%)
sleeping 1 seconds: .....................................................................................................................................................................................................................................................................................................................................................................................................................................................................................................................................................................................................................................................................................................................................................................................................................................................................................................................................................................................................................................................................................................................................................................................................................................................................................................................................................................................................................................................................................................................................................................................................................................................................................................................................................................................................................................................................................................................................................................................................................................................................................................................................................................................................................................................................................................................................................................................................................................................................................................................................................................................................................................................................................................................................................................................................................................................................................................................................................................................................................................................................................................................................................................................................................................................................................................................................................................................................................................................................................................................................................................................................................................................................................................................................................................................................................................................................................................................................................................................................................................................................................................................................................................................................................................................................................................................................................................................................................................................................................................................................................................................................................................................................................................................................................................................................................................................................................................................................................................................................................................................................................................................................................................................................................................................................................................................................................................................................................................................................................................................................................................................................................................................................................................................................................................................................................................................................................................................................................................................................................................................................................................................................................................................................................................................................................................................................................................................................................................................................................................................................................................................................................................................................................................................................................................................................................................................................................................................................................................................................................................................................................................................................................................................................................................................................................................................................................................................................................................................................................................................................................................................................................................................................................................................................................................................................................................................................................................................................................................................................................................................................................................................................................................................................................................................................................................................................................................................................................................................................................................................................................................................................................................................................................................................................................................................................................................................................................................................................................................................................................................................................................................................................................................................................................................................................................................................................................................................................................................................................................................................................................................................................................................................................................................................................................................................................................................................................................................................................3 ms. Memory: 129024K Free: 74883K (58%)
2 ms. Memory: 129024K Free: 74355K (58%)
2 ms. Memory: 129024K Free: 73859K (57%)
5 ms. Memory: 129024K Free: 112882K (87%)
3 ms. Memory: 129024K Free: 112354K (87%)
/home/travis/build/icyphy/ptII/ptolemy/actor/lib/test/IIR.tcl
/home/travis/build/icyphy/ptII/ptolemy/actor/lib/test/Interpolator.tcl
4 ms. Memory: 129024K Free: 108786K (84%)
2 ms. Memory: 129024K Free: 108272K (84%)
3 ms. Memory: 129024K Free: 107760K (84%)
4 ms. Memory: 129024K Free: 106738K (83%)
2 ms. Memory: 129024K Free: 106218K (82%)
6 ms. Memory: 129024K Free: 105194K (82%)
2 ms. Memory: 129024K Free: 104162K (81%)
4 ms. Memory: 129024K Free: 103152K (80%)
2 ms. Memory: 129024K Free: 102642K (80%)
3 ms. Memory: 129024K Free: 101618K (79%)
/home/travis/build/icyphy/ptII/ptolemy/actor/lib/test/MathFunction.tcl
4 ms. Memory: 129024K Free: 99570K (77%)
1 ms. Memory: 129024K Free: 98546K (76%)
2 ms. Memory: 129024K Free: 97522K (76%)
9 ms. Memory: 129024K Free: 96498K (75%)
3 ms. Memory: 129024K Free: 95474K (74%)
6 ms. Memory: 129024K Free: 93426K (72%)
/home/travis/build/icyphy/ptII/ptolemy/actor/lib/test/Maximum.tcl
3 ms. Memory: 129024K Free: 91378K (71%)
4 ms. Memory: 129024K Free: 90850K (70%)
5 ms. Memory: 129024K Free: 89840K (70%)
3 ms. Memory: 129024K Free: 89330K (69%)
/home/travis/build/icyphy/ptII/ptolemy/actor/lib/test/Minimum.tcl
5 ms. Memory: 129024K Free: 87792K (68%)
3 ms. Memory: 129024K Free: 87282K (68%)
1 ms. Memory: 129024K Free: 86258K (67%)
3 ms. Memory: 129024K Free: 85744K (66%)
/home/travis/build/icyphy/ptII/ptolemy/actor/lib/test/MultiplyDivide.tcl
9 ms. Memory: 129024K Free: 83696K (65%)
7 ms. Memory: 129024K Free: 83186K (64%)
2 ms. Memory: 129024K Free: 82162K (64%)
5 ms. Memory: 129024K Free: 81618K (63%)
5 ms. Memory: 129024K Free: 81138K (63%)
/home/travis/build/icyphy/ptII/ptolemy/actor/lib/test/OrderedMerge.tcl
Connections changed on port: inputA
Connections changed on port: inputB
Connections changed on port: output
Connections changed on port: output
Connections changed on port: output
Connections changed on port: input
.top. Preinitializing ...
Invoking preinitialize():  .top.OrderedMerge
Called preinitialize()
Invoking preinitialize():  .top.Ramp
Called preinitialize()
Invoking preinitialize():  .top.Ramp2
Called preinitialize()
Invoking preinitialize():  .top.Test
Called preinitialize()
Connections changed on port: inputA
Connections changed on port: output
Connections changed on port: output
Connections changed on port: input
Connections changed on port: inputB
Connections changed on port: output
.top. Finished preinitialize().
Called initialize().
Invoking initialize():  .top.OrderedMerge
Initializing actor: .top.OrderedMerge
Adding a thread: .top.OrderedMerge
Invoking initialize():  .top.Ramp
Initializing actor: .top.Ramp
Adding a thread: .top.Ramp
Invoking initialize():  .top.Ramp2
Initializing actor: .top.Ramp2
Adding a thread: .top.Ramp2
Invoking initialize():  .top.Test
Initializing actor: .top.Test
Adding a thread: .top.Test
Called fire().
Checking for deadlock:
-- Starting thread.
Called initialize()
Called prefire()
Called fire()
-- Starting thread.
Called initialize()
Called prefire()
Called fire()
-- Starting thread.
Called initialize()
Called prefire()
Called fire()
There are 0 Blocked actors, 0 Stopped actors, and 4 active threads.
Waiting for actors to stop.
Called postfire()
Called prefire()
Called fire()
Checking for deadlock:
There are 2 Blocked actors, 0 Stopped actors, and 4 active threads.
Waiting for actors to stop.
Called postfire()
Called prefire()
Called fire()
Checking for deadlock:
There are 3 Blocked actors, 0 Stopped actors, and 4 active threads.
Waiting for actors to stop.
-- Starting thread.
Called initialize()
Called prefire()
Called fire()
Called postfire()
Called prefire()
Called fire()
Read input token from inputA with value 0.0
Next port to read input from is inputB
Called postfire()
Called prefire()
Called fire()
Read input token from inputB with value 0.0
Sent output token with value 0.0
Next port to read input from is inputA
Called postfire()
Called prefire()
Called fire()
Read input token from inputA with value 1.0
Checking for deadlock:
There are 0 Blocked actors, 0 Stopped actors, and 4 active threads.
Waiting for actors to stop.
-- Read input: 0.0, which is expected to match: 0.0
Called prefire()
Called fire()
Called postfire()
Called prefire()
Called fire()
Checking for deadlock:
There are 2 Blocked actors, 0 Stopped actors, and 4 active threads.
Waiting for actors to stop.
Called postfire()
Called prefire()
Called fire()
Checking for deadlock:
There are 2 Blocked actors, 0 Stopped actors, and 4 active threads.
Waiting for actors to stop.
-- Read input: 0.0, which is expected to match: 0.0
Called prefire()
Called fire()
Checking for deadlock:
There are 3 Blocked actors, 0 Stopped actors, and 4 active threads.
Waiting for actors to stop.
Sent output token with value 0.0
Next port to read input from is inputB
Called postfire()
Called prefire()
Called fire()
Checking for deadlock:
There are 2 Blocked actors, 0 Stopped actors, and 4 active threads.
Waiting for actors to stop.
Called postfire()
Called prefire()
Called fire()
Checking for deadlock:
There are 3 Blocked actors, 0 Stopped actors, and 4 active threads.
Waiting for actors to stop.
Read input token from inputB with value 1.5
Checking for deadlock:
There are 2 Blocked actors, 0 Stopped actors, and 4 active threads.
Waiting for actors to stop.
-- Read input: 1.0, which is expected to match: 1.0
Called prefire()
Called fire()
Checking for deadlock:
There are 3 Blocked actors, 0 Stopped actors, and 4 active threads.
Waiting for actors to stop.
Sent output token with value 1.0
Next port to read input from is inputA
Called postfire()
Called prefire()
Called fire()
Checking for deadlock:
There are 2 Blocked actors, 0 Stopped actors, and 4 active threads.
Waiting for actors to stop.
Called postfire()
Called prefire()
Called fire()
Checking for deadlock:
There are 3 Blocked actors, 0 Stopped actors, and 4 active threads.
Waiting for actors to stop.
Read input token from inputA with value 2.0
Checking for deadlock:
There are 2 Blocked actors, 0 Stopped actors, and 4 active threads.
Waiting for actors to stop.
-- Read input: 1.5, which is expected to match: 1.5
Called prefire()
Called fire()
Checking for deadlock:
There are 3 Blocked actors, 0 Stopped actors, and 4 active threads.
Waiting for actors to stop.
Sent output token with value 1.5
Next port to read input from is inputB
Called postfire()
Called prefire()
Called fire()
Checking for deadlock:
There are 2 Blocked actors, 0 Stopped actors, and 4 active threads.
Waiting for actors to stop.
Called postfire()
Called prefire()
Called fire()
Checking for deadlock:
There are 3 Blocked actors, 0 Stopped actors, and 4 active threads.
Waiting for actors to stop.
Read input token from inputB with value 3.0
Checking for deadlock:
There are 2 Blocked actors, 0 Stopped actors, and 4 active threads.
Waiting for actors to stop.
-- Read input: 2.0, which is expected to match: 2.0
Called prefire()
Called fire()
Checking for deadlock:
There are 3 Blocked actors, 0 Stopped actors, and 4 active threads.
Waiting for actors to stop.
Sent output token with value 2.0
Next port to read input from is inputA
Called postfire()
Called prefire()
Called fire()
Checking for deadlock:
There are 2 Blocked actors, 0 Stopped actors, and 4 active threads.
Waiting for actors to stop.
Called postfire()
Called prefire()
Called fire()
Checking for deadlock:
There are 3 Blocked actors, 0 Stopped actors, and 4 active threads.
Waiting for actors to stop.
Read input token from inputA with value 3.0
-- Read input: 3.0, which is expected to match: 3.0
Called prefire()
Called fire()
Checking for deadlock:
There are 3 Blocked actors, 0 Stopped actors, and 4 active threads.
Waiting for actors to stop.
Sent output token with value 3.0
Next port to read input from is inputB
Called postfire()
Called prefire()
Called fire()
Called postfire()
Called prefire()
Called fire()
Checking for deadlock:
There are 3 Blocked actors, 0 Stopped actors, and 4 active threads.
Waiting for actors to stop.
Read input token from inputB with value 4.5
-- Read input: 3.0, which is expected to match: 3.0
Called prefire()
Called fire()
Checking for deadlock:
There are 3 Blocked actors, 0 Stopped actors, and 4 active threads.
Waiting for actors to stop.
Sent output token with value 3.0
Next port to read input from is inputA
Called postfire()
Called prefire()
Called fire()
Checking for deadlock:
There are 2 Blocked actors, 0 Stopped actors, and 4 active threads.
Waiting for actors to stop.
Called postfire()
Called prefire()
Called fire()
Checking for deadlock:
There are 3 Blocked actors, 0 Stopped actors, and 4 active threads.
Waiting for actors to stop.
Read input token from inputA with value 4.0
Checking for deadlock:
There are 2 Blocked actors, 0 Stopped actors, and 4 active threads.
Waiting for actors to stop.
-- Read input: 4.0, which is expected to match: 4.0
Called prefire()
Called fire()
Past the end of training data. Read and discard all inputs.
Checking for deadlock:
There are 3 Blocked actors, 0 Stopped actors, and 4 active threads.
Waiting for actors to stop.
Sent output token with value 4.0
Next port to read input from is inputA
Called postfire()
Called prefire()
Called fire()
Checking for deadlock:
There are 2 Blocked actors, 0 Stopped actors, and 4 active threads.
Waiting for actors to stop.
Called postfire()
Called prefire()
Called fire()
Checking for deadlock:
There are 3 Blocked actors, 0 Stopped actors, and 4 active threads.
Waiting for actors to stop.
Read input token from inputA with value 5.0
Checking for deadlock:
There are 2 Blocked actors, 0 Stopped actors, and 4 active threads.
Waiting for actors to stop.
Called prefire()
Called fire()
Past the end of training data. Read and discard all inputs.
Checking for deadlock:
There are 3 Blocked actors, 0 Stopped actors, and 4 active threads.
Waiting for actors to stop.
Sent output token with value 4.5
Next port to read input from is inputB
Called postfire()
Called prefire()
Called fire()
Called postfire()
Called prefire()
Called fire()
Checking for deadlock:
There are 3 Blocked actors, 0 Stopped actors, and 4 active threads.
Waiting for actors to stop.
Read input token from inputB with value 6.0
Called prefire()
Called fire()
Past the end of training data. Read and discard all inputs.
Checking for deadlock:
There are 3 Blocked actors, 0 Stopped actors, and 4 active threads.
Waiting for actors to stop.
Sent output token with value 5.0
Next port to read input from is inputA
Called postfire()
Called prefire()
Called fire()
Checking for deadlock:
There are 2 Blocked actors, 0 Stopped actors, and 4 active threads.
Waiting for actors to stop.
Called postfire()
Called prefire()
Called fire()
Checking for deadlock:
There are 3 Blocked actors, 0 Stopped actors, and 4 active threads.
Waiting for actors to stop.
Read input token from inputA with value 6.0
Checking for deadlock:
There are 2 Blocked actors, 0 Stopped actors, and 4 active threads.
Waiting for actors to stop.
Called prefire()
Called fire()
Past the end of training data. Read and discard all inputs.
Checking for deadlock:
There are 3 Blocked actors, 0 Stopped actors, and 4 active threads.
Waiting for actors to stop.
Sent output token with value 6.0
Next port to read input from is inputB
Called postfire()
Called prefire()
Called fire()
Called postfire()
Called prefire()
Called fire()
Checking for deadlock:
There are 3 Blocked actors, 0 Stopped actors, and 4 active threads.
Waiting for actors to stop.
Read input token from inputB with value 7.5
Called prefire()
Called fire()
Past the end of training data. Read and discard all inputs.
Checking for deadlock:
There are 3 Blocked actors, 0 Stopped actors, and 4 active threads.
Waiting for actors to stop.
Sent output token with value 6.0
Next port to read input from is inputA
Called postfire()
Called prefire()
Called fire()
Checking for deadlock:
There are 2 Blocked actors, 0 Stopped actors, and 4 active threads.
Waiting for actors to stop.
Called postfire()
Called prefire()
Called fire()
Checking for deadlock:
There are 3 Blocked actors, 0 Stopped actors, and 4 active threads.
Waiting for actors to stop.
Read input token from inputA with value 7.0
Checking for deadlock:
There are 2 Blocked actors, 0 Stopped actors, and 4 active threads.
Waiting for actors to stop.
Called prefire()
Called fire()
Past the end of training data. Read and discard all inputs.
Checking for deadlock:
There are 3 Blocked actors, 0 Stopped actors, and 4 active threads.
Waiting for actors to stop.
Sent output token with value 7.0
Next port to read input from is inputA
Called postfire()
Called prefire()
Called fire()
Checking for deadlock:
There are 2 Blocked actors, 0 Stopped actors, and 4 active threads.
Waiting for actors to stop.
-- Thread wrapup() called.
Called wrapup()
Thread .top.Ramp is exiting.
-- Thread stopped.
Read input token from inputA with value 8.0
Sent output token with value 7.5
Next port to read input from is inputB
Called postfire()
Called prefire()
Called fire()
Read input token from inputB with value 9.0
Checking for deadlock:
There are 1 Blocked actors, 0 Stopped actors, and 3 active threads.
Waiting for actors to stop.
Called postfire()
Called prefire()
Called fire()
Called prefire()
Called fire()
Past the end of training data. Read and discard all inputs.
Checking for deadlock:
There are 2 Blocked actors, 0 Stopped actors, and 3 active threads.
Waiting for actors to stop.
Called prefire()
Called fire()
Past the end of training data. Read and discard all inputs.
Checking for deadlock:
There are 2 Blocked actors, 0 Stopped actors, and 3 active threads.
Waiting for actors to stop.
Sent output token with value 8.0
Next port to read input from is inputA
Called postfire()
Called prefire()
Called fire()
Read input token from inputA with value 9.0
Called prefire()
Called fire()
Past the end of training data. Read and discard all inputs.
Checking for deadlock:
There are 2 Blocked actors, 0 Stopped actors, and 3 active threads.
Waiting for actors to stop.
Sent output token with value 9.0
Next port to read input from is inputB
Called postfire()
Called prefire()
Called fire()
Called postfire()
Called prefire()
Called fire()
Checking for deadlock:
There are 2 Blocked actors, 0 Stopped actors, and 3 active threads.
Waiting for actors to stop.
Read input token from inputB with value 10.5
Called prefire()
Called fire()
Past the end of training data. Read and discard all inputs.
Checking for deadlock:
There are 2 Blocked actors, 0 Stopped actors, and 3 active threads.
Waiting for actors to stop.
Sent output token with value 9.0
Next port to read input from is inputA
Called postfire()
Called prefire()
Called fire()
Checking for deadlock:
There are 3 Blocked actors, 0 Stopped actors, and 3 active threads.
Actors have stopped.
Checking for deadlock:
There are 3 Blocked actors, 0 Stopped actors, and 3 active threads.
Deadlock detected.
Resolving Deadlock
Checking for deadlock:
There are 3 Blocked actors, 0 Stopped actors, and 3 active threads.
Artificial Deadlock - increasing queue capacity.
increasing the capacity of receiver ptolemy.actor.TypedIOPort {.top.OrderedMerge.inputB} to 2
Director: Called postfire().
Called postfire().
_stopRequested = false
_stopFireRequested = false
Returning from postfire(): true
Called fire().
Checking for deadlock:
There are 2 Blocked actors, 0 Stopped actors, and 3 active threads.
Waiting for actors to stop.
-- Thread wrapup() called.
Called wrapup()
Thread .top.Ramp2 is exiting.
-- Thread stopped.
Checking for deadlock:
There are 2 Blocked actors, 0 Stopped actors, and 2 active threads.
Actors have stopped.
Checking for deadlock:
There are 2 Blocked actors, 0 Stopped actors, and 2 active threads.
Deadlock detected.
Resolving Deadlock
Checking for deadlock:
There are 2 Blocked actors, 0 Stopped actors, and 2 active threads.
Deadlock detected: no processes blocked on write, but some are blocked on read.
Called postfire().
_stopRequested = false
_stopFireRequested = false
Returning from postfire(): false
Finished deactivating branches.
Called wrapup().
-- Thread wrapup() called.
Called wrapup()
Thread .top.Test is exiting.
-- Thread stopped.
-- Blocked Receiver call threw TerminateProcessException.
-- Thread wrapup() called.
Called wrapup()
Thread .top.OrderedMerge is exiting.
-- Thread stopped.
-- Blocked Receiver call threw TerminateProcessException.
65 ms. Memory: 129024K Free: 76026K (59%)
.top. Preinitializing ...
Invoking preinitialize():  .top.OrderedMerge
Called preinitialize()
Invoking preinitialize():  .top.Ramp
Called preinitialize()
Invoking preinitialize():  .top.Ramp2
Called preinitialize()
Invoking preinitialize():  .top.Test
Called preinitialize()
.top. Finished preinitialize().
Called initialize().
Invoking initialize():  .top.OrderedMerge
Initializing actor: .top.OrderedMerge
Adding a thread: .top.OrderedMerge
Invoking initialize():  .top.Ramp
Initializing actor: .top.Ramp
Adding a thread: .top.Ramp
Invoking initialize():  .top.Ramp2
Initializing actor: .top.Ramp2
Adding a thread: .top.Ramp2
Invoking initialize():  .top.Test
Initializing actor: .top.Test
Adding a thread: .top.Test
-- Starting thread.
Called initialize()
Called prefire()
Called fire()
-- Starting thread.
Called initialize()
Called prefire()
Called fire()
Called postfire()
Called prefire()
Called fire()
-- Starting thread.
Called initialize()
Called prefire()
Called fire()
Called postfire()
Called prefire()
Called fire()
Called fire().
Checking for deadlock:
There are 3 Blocked actors, 0 Stopped actors, and 4 active threads.
Waiting for actors to stop.
-- Starting thread.
Called initialize()
Called prefire()
Called fire()
Called postfire()
Called prefire()
Called fire()
Read input token from inputA with value 0.0
Next port to read input from is inputB
Called postfire()
Called prefire()
Called fire()
Read input token from inputB with value 0.0
Sent output token with value 0.0
Next port to read input from is inputA
Called postfire()
Called prefire()
Called fire()
Read input token from inputA with value 1.0
Checking for deadlock:
There are 0 Blocked actors, 0 Stopped actors, and 4 active threads.
-- Read input: 0.0, which is expected to match: 0.0
Waiting for actors to stop.
Called prefire()
Called postfire()
Called fire()
Called prefire()
Called fire()
Called postfire()
Called prefire()
Called fire()
Sent output token with value 0.0
Next port to read input from is inputB
Called postfire()
Called prefire()
Called fire()
Read input token from inputB with value 1.5
Checking for deadlock:
There are 1 Blocked actors, 0 Stopped actors, and 4 active threads.
-- Read input: 0.0, which is expected to match: 0.0
Waiting for actors to stop.
Called prefire()
Called fire()
Called postfire()
Called prefire()
Called fire()
Checking for deadlock:
There are 3 Blocked actors, 0 Stopped actors, and 4 active threads.
Waiting for actors to stop.
Checking for deadlock:
There are 2 Blocked actors, 0 Stopped actors, and 4 active threads.
Waiting for actors to stop.
-- Read input: 1.0, which is expected to match: 1.0
Called prefire()
Sent output token with value 1.0
Called fire()
Next port to read input from is inputA
Called postfire()
Called prefire()
Called fire()
Checking for deadlock:
There are 3 Blocked actors, 0 Stopped actors, and 4 active threads.
Waiting for actors to stop.
Read input token from inputA with value 2.0
Sent output token with value 1.5
Next port to read input from is inputB
Called postfire()
Called prefire()
Called fire()
Read input token from inputB with value 3.0
Checking for deadlock:
There are 1 Blocked actors, 0 Stopped actors, and 4 active threads.
Waiting for actors to stop.
Called postfire()
Called prefire()
Called fire()
Called postfire()
Called prefire()
Called fire()
Checking for deadlock:
There are 3 Blocked actors, 0 Stopped actors, and 4 active threads.
Waiting for actors to stop.
-- Read input: 1.5, which is expected to match: 1.5
Checking for deadlock:
There are 2 Blocked actors, 0 Stopped actors, and 4 active threads.
Waiting for actors to stop.
Sent output token with value 2.0
Called prefire()
Called fire()
Next port to read input from is inputA
Called postfire()
Called prefire()
Called fire()
-- Read input: 2.0, which is expected to match: 2.0
Called prefire()
Called fire()
Called postfire()
Called prefire()
Called fire()
Checking for deadlock:
There are 3 Blocked actors, 0 Stopped actors, and 4 active threads.
Waiting for actors to stop.
Read input token from inputA with value 3.0
Sent output token with value 3.0
Next port to read input from is inputB
Called postfire()
Called prefire()
Called fire()
Read input token from inputB with value 4.5
Called postfire()
Called prefire()
Called fire()
-- Read input: 3.0, which is expected to match: 3.0
Called prefire()
Called fire()
Checking for deadlock:
There are 2 Blocked actors, 0 Stopped actors, and 4 active threads.
Waiting for actors to stop.
Sent output token with value 3.0
Next port to read input from is inputA
Called postfire()
Called prefire()
Called fire()
Read input token from inputA with value 4.0
Checking for deadlock:
There are 2 Blocked actors, 0 Stopped actors, and 4 active threads.
Waiting for actors to stop.
Called postfire()
Called prefire()
Called fire()
-- Read input: 3.0, which is expected to match: 3.0
Called prefire()
Called fire()
Sent output token with value 4.0
Next port to read input from is inputA
-- Read input: 4.0, which is expected to match: 4.0
Checking for deadlock:
Called prefire()
Called fire()
Called postfire()
Past the end of training data. Read and discard all inputs.
There are 2 Blocked actors, 0 Stopped actors, and 4 active threads.
Waiting for actors to stop.
Called prefire()
Called fire()
Checking for deadlock:
There are 3 Blocked actors, 0 Stopped actors, and 4 active threads.
Waiting for actors to stop.
Checking for deadlock:
There are 2 Blocked actors, 0 Stopped actors, and 4 active threads.
Waiting for actors to stop.
Called postfire()
Called prefire()
Called fire()
Checking for deadlock:
There are 3 Blocked actors, 0 Stopped actors, and 4 active threads.
Waiting for actors to stop.
Read input token from inputA with value 5.0
Checking for deadlock:
There are 2 Blocked actors, 0 Stopped actors, and 4 active threads.
Waiting for actors to stop.
Called prefire()
Sent output token with value 4.5
Called fire()
Past the end of training data. Read and discard all inputs.
Next port to read input from is inputB
Checking for deadlock:
There are 3 Blocked actors, 0 Stopped actors, and 4 active threads.
Waiting for actors to stop.
Called postfire()
Called prefire()
Called fire()
Called postfire()
Called prefire()
Called fire()
Checking for deadlock:
There are 3 Blocked actors, 0 Stopped actors, and 4 active threads.
Waiting for actors to stop.
Read input token from inputB with value 6.0
Checking for deadlock:
Called prefire()
Called fire()
There are 2 Blocked actors, 0 Stopped actors, and 4 active threads.
Waiting for actors to stop.
Past the end of training data. Read and discard all inputs.
Sent output token with value 5.0
Next port to read input from is inputA
Called postfire()
Called prefire()
Called fire()
Checking for deadlock:
There are 3 Blocked actors, 0 Stopped actors, and 4 active threads.
Waiting for actors to stop.
Called postfire()
Called prefire()
Called fire()
Checking for deadlock:
There are 3 Blocked actors, 0 Stopped actors, and 4 active threads.
Waiting for actors to stop.
Read input token from inputA with value 6.0
Checking for deadlock:
There are 2 Blocked actors, 0 Stopped actors, and 4 active threads.
Waiting for actors to stop.
Called prefire()
Called fire()
Past the end of training data. Read and discard all inputs.
Sent output token with value 6.0
Checking for deadlock:
There are 3 Blocked actors, 0 Stopped actors, and 4 active threads.
Waiting for actors to stop.
Next port to read input from is inputB
Called postfire()
Called prefire()
Called fire()
Called postfire()
Called prefire()
Called fire()
Checking for deadlock:
There are 3 Blocked actors, 0 Stopped actors, and 4 active threads.
Waiting for actors to stop.
Read input token from inputB with value 7.5
Called prefire()
Called fire()
Past the end of training data. Read and discard all inputs.
Checking for deadlock:
There are 2 Blocked actors, 0 Stopped actors, and 4 active threads.
Waiting for actors to stop.
Checking for deadlock:
There are 3 Blocked actors, 0 Stopped actors, and 4 active threads.
Waiting for actors to stop.
Sent output token with value 6.0
Next port to read input from is inputA
Called postfire()
Called prefire()
Called fire()
Called postfire()
Called prefire()
Called fire()
Checking for deadlock:
There are 3 Blocked actors, 0 Stopped actors, and 4 active threads.
Waiting for actors to stop.
Read input token from inputA with value 7.0
Checking for deadlock:
There are 2 Blocked actors, 0 Stopped actors, and 4 active threads.
Waiting for actors to stop.
Sent output token with value 7.0
Called prefire()
Called fire()
Next port to read input from is inputA
Past the end of training data. Read and discard all inputs.
Called postfire()
Called prefire()
Checking for deadlock:
There are 3 Blocked actors, 0 Stopped actors, and 4 active threads.
Waiting for actors to stop.
Called fire()
Checking for deadlock:
There are 2 Blocked actors, 0 Stopped actors, and 4 active threads.
Waiting for actors to stop.
-- Thread wrapup() called.
Called wrapup()
Thread .top.Ramp is exiting.
-- Thread stopped.
Checking for deadlock:
There are 2 Blocked actors, 0 Stopped actors, and 3 active threads.
Waiting for actors to stop.
Read input token from inputA with value 8.0
Sent output token with value 7.5
Next port to read input from is inputB
Called postfire()
Called prefire()
Called fire()
Read input token from inputB with value 9.0
Called prefire()
Checking for deadlock:
There are 0 Blocked actors, 0 Stopped actors, and 3 active threads.
Waiting for actors to stop.
Called postfire()
Called fire()
Called prefire()
Past the end of training data. Read and discard all inputs.
Called fire()
Called prefire()
Called fire()
Past the end of training data. Read and discard all inputs.
Checking for deadlock:
There are 1 Blocked actors, 0 Stopped actors, and 3 active threads.
Waiting for actors to stop.
Sent output token with value 8.0
Checking for deadlock:
There are 2 Blocked actors, 0 Stopped actors, and 3 active threads.
Waiting for actors to stop.
Next port to read input from is inputA
Called postfire()
Called prefire()
Called fire()
Read input token from inputA with value 9.0
Checking for deadlock:
There are 1 Blocked actors, 0 Stopped actors, and 3 active threads.
Called prefire()
Sent output token with value 9.0
Waiting for actors to stop.
Called fire()
Past the end of training data. Read and discard all inputs.
Checking for deadlock:
There are 2 Blocked actors, 0 Stopped actors, and 3 active threads.
Waiting for actors to stop.
Next port to read input from is inputB
Called postfire()
Called prefire()
Called fire()
Called postfire()
Called prefire()
Called fire()
Checking for deadlock:
There are 2 Blocked actors, 0 Stopped actors, and 3 active threads.
Waiting for actors to stop.
Read input token from inputB with value 10.5
Checking for deadlock:
There are 1 Blocked actors, 0 Stopped actors, and 3 active threads.
Waiting for actors to stop.
Called prefire()
Called fire()
Sent output token with value 9.0
Past the end of training data. Read and discard all inputs.
Checking for deadlock:
There are 2 Blocked actors, 0 Stopped actors, and 3 active threads.
Waiting for actors to stop.
Next port to read input from is inputA
Called postfire()
Called prefire()
Called fire()
Checking for deadlock:
There are 3 Blocked actors, 0 Stopped actors, and 3 active threads.
Actors have stopped.
Checking for deadlock:
There are 3 Blocked actors, 0 Stopped actors, and 3 active threads.
Deadlock detected.
Resolving Deadlock
Checking for deadlock:
There are 3 Blocked actors, 0 Stopped actors, and 3 active threads.
Artificial Deadlock - increasing queue capacity.
increasing the capacity of receiver ptolemy.actor.TypedIOPort {.top.OrderedMerge.inputB} to 2
Director: Called postfire().
Called postfire().
_stopRequested = false
_stopFireRequested = false
Returning from postfire(): true
Called fire().
Checking for deadlock:
There are 2 Blocked actors, 0 Stopped actors, and 3 active threads.
Waiting for actors to stop.
-- Thread wrapup() called.
Called wrapup()
Thread .top.Ramp2 is exiting.
-- Thread stopped.
Checking for deadlock:
There are 2 Blocked actors, 0 Stopped actors, and 2 active threads.
Actors have stopped.
Checking for deadlock:
There are 2 Blocked actors, 0 Stopped actors, and 2 active threads.
Deadlock detected.
Resolving Deadlock
Checking for deadlock:
There are 2 Blocked actors, 0 Stopped actors, and 2 active threads.
Deadlock detected: no processes blocked on write, but some are blocked on read.
Called postfire().
_stopRequested = false
_stopFireRequested = false
Returning from postfire(): false
Finished deactivating branches.
Called wrapup().
-- Thread wrapup() called.
Called wrapup()
-- Thread wrapup() called.
Called wrapup()
Thread .top.OrderedMerge is exiting.
-- Thread stopped.
Thread .top.Test is exiting.
-- Blocked Receiver call threw TerminateProcessException.
-- Thread stopped.
-- Blocked Receiver call threw TerminateProcessException.
38 ms. Memory: 129024K Free: 73466K (57%)
/home/travis/build/icyphy/ptII/ptolemy/actor/lib/test/Publisher.tcl
6 ms. Memory: 129024K Free: 67298K (52%)
14 ms. Memory: 129024K Free: 111219K (86%)
2 ms. Memory: 129024K Free: 107123K (83%)
3 ms. Memory: 129024K Free: 106627K (83%)
2 ms. Memory: 129024K Free: 105603K (82%)
2 ms. Memory: 129024K Free: 104579K (81%)
24 ms. Memory: 155648K Free: 138839K (89%)
3 ms. Memory: 155648K Free: 137878K (89%)
16 ms. Memory: 155648K Free: 128166K (82%)
3 ms. Memory: 155648K Free: 124070K (80%)
2 ms. Memory: 155648K Free: 123550K (79%)
4 ms. Memory: 155648K Free: 121478K (78%)
15 ms. Memory: 155648K Free: 113830K (73%)
11 ms. Memory: 155648K Free: 104100K (67%)
18 ms. Memory: 155648K Free: 138366K (89%)
/home/travis/build/icyphy/ptII/ptolemy/actor/lib/test/Pulse.tcl
4 ms. Memory: 155648K Free: 100992K (65%)
9 ms. Memory: 155648K Free: 100478K (65%)
2 ms. Memory: 155648K Free: 99968K (64%)
2 ms. Memory: 155648K Free: 99454K (64%)
2 ms. Memory: 155648K Free: 98944K (64%)
7 ms. Memory: 155648K Free: 97406K (63%)
5 ms. Memory: 155648K Free: 96382K (62%)
5 ms. Memory: 155648K Free: 95872K (62%)
2 ms. Memory: 155648K Free: 95358K (61%)
/home/travis/build/icyphy/ptII/ptolemy/actor/lib/test/Ramp.tcl
4 ms. Memory: 155648K Free: 93296K (60%)
4 ms. Memory: 155648K Free: 92286K (59%)
2 ms. Memory: 155648K Free: 91776K (59%)
2 ms. Memory: 155648K Free: 90752K (58%)
5 ms. Memory: 155648K Free: 90224K (58%)
7 ms. Memory: 155648K Free: 89214K (57%)
5 ms. Memory: 155648K Free: 88190K (57%)
5 actors
10000 microseconds per iteration to create
12 ms. Memory: 155648K Free: 85632K (55%)
1 ms. Memory: 155648K Free: 85104K (55%)
4 ms. Memory: 155648K Free: 84608K (54%)
2 ms. Memory: 155648K Free: 84080K (54%)
50 actors
48000 microseconds per iteration to create
56 ms. Memory: 155648K Free: 127499K (82%)
3 ms. Memory: 155648K Free: 126475K (81%)
2 ms. Memory: 155648K Free: 125451K (81%)
12 ms. Memory: 155648K Free: 124427K (80%)
500 actors
1478000 microseconds per iteration to create
207 ms. Memory: 155648K Free: 99400K (64%)
33 ms. Memory: 155648K Free: 93766K (60%)
31 ms. Memory: 155648K Free: 88646K (57%)
28 ms. Memory: 155648K Free: 83526K (54%)
/home/travis/build/icyphy/ptII/ptolemy/actor/lib/test/RampContinuous.tcl
6 ms. Memory: 155648K Free: 81992K (53%)
/home/travis/build/icyphy/ptII/ptolemy/actor/lib/test/RecordAssembler.tcl
5 ms. Memory: 155648K Free: 80424K (52%)
3 ms. Memory: 155648K Free: 79416K (51%)
/home/travis/build/icyphy/ptII/ptolemy/actor/lib/test/RecordDisassembler.tcl
11 ms. Memory: 155648K Free: 77382K (50%)
4 ms. Memory: 155648K Free: 76872K (49%)
4 ms. Memory: 155648K Free: 75848K (49%)
/home/travis/build/icyphy/ptII/ptolemy/actor/lib/test/Scale.tcl
3 ms. Memory: 155648K Free: 73800K (47%)
2 ms. Memory: 155648K Free: 73272K (47%)
1 ms. Memory: 155648K Free: 72248K (46%)
2 ms. Memory: 155648K Free: 71238K (46%)
3 ms. Memory: 155648K Free: 70728K (45%)
/home/travis/build/icyphy/ptII/ptolemy/actor/lib/test/SequentialClock.tcl
preinitializing
resolving types
initializing
executing number 1
wrapping up
idle
3 ms. Memory: 155648K Free: 69176K (44%)
Completed execution with 5 iterations
preinitializing
resolving types
initializing
executing number 1
wrapping up
idle
1 ms. Memory: 155648K Free: 68680K (44%)
Completed execution with 5 iterations
preinitializing
resolving types
initializing
executing number 1
wrapping up
idle
1 ms. Memory: 155648K Free: 68160K (44%)
Completed execution with 5 iterations
/home/travis/build/icyphy/ptII/ptolemy/actor/lib/test/SetVariable.tcl
5 ms. Memory: 155648K Free: 66632K (43%)
/home/travis/build/icyphy/ptII/ptolemy/actor/lib/test/Sinewave.tcl
/home/travis/build/icyphy/ptII/ptolemy/actor/lib/test/SubscriptionAggregator.tcl
12 ms. Memory: 187392K Free: 158284K (84%)
2 ms. Memory: 187392K Free: 157774K (84%)
3 ms. Memory: 187392K Free: 157245K (84%)
1 ms. Memory: 187392K Free: 156750K (84%)
2 ms. Memory: 187392K Free: 153164K (82%)
11 ms. Memory: 187392K Free: 150606K (80%)
...............................................................796 ms. Memory: 270336K Free: 108317K (40%)
/home/travis/build/icyphy/ptII/ptolemy/actor/lib/test/Test.tcl
 The next command will produce a warning about training mode,
   which may be ignored.
6 ms. Memory: 270336K Free: 106783K (40%)
3 ms. Memory: 270336K Free: 105759K (39%)
1 ms. Memory: 270336K Free: 105231K (39%)
1 ms. Memory: 270336K Free: 104735K (39%)
2 ms. Memory: 270336K Free: 103711K (38%)
2 ms. Memory: 270336K Free: 102687K (38%)
3 ms. Memory: 270336K Free: 101119K (37%)
 The next command will produce a warning about training mode,
   which may be ignored.
12 ms. Memory: 270336K Free: 99071K (37%)
 The next command will produce a warning about training mode,
   which may be ignored.
2 ms. Memory: 270336K Free: 98047K (36%)
1 ms. Memory: 270336K Free: 97567K (36%)
2 ms. Memory: 270336K Free: 224294K (83%)
3 ms. Memory: 270336K Free: 223784K (83%)
8 ms. Memory: 270336K Free: 222760K (82%)
5 ms. Memory: 270336K Free: 218664K (81%)
/home/travis/build/icyphy/ptII/ptolemy/actor/lib/test/TestExceptionHandler.tcl
 The next command will produce a warning about training mode,
   which may be ignored.
3 ms. Memory: 270336K Free: 217640K (81%)
1 ms. Memory: 270336K Free: 217112K (80%)
1 ms. Memory: 270336K Free: 216616K (80%)
/home/travis/build/icyphy/ptII/ptolemy/actor/lib/test/UnionDisassembler.tcl
26 ms. Memory: 270336K Free: 209448K (77%)
/home/travis/build/icyphy/ptII/ptolemy/actor/lib/test/VariableClock.tcl
preinitializing
resolving types
initializing
executing number 1
wrapping up
idle
8 ms. Memory: 270336K Free: 207400K (77%)
Completed execution with 11 iterations
preinitializing
resolving types
initializing
executing number 1
wrapping up
idle
8 ms. Memory: 270336K Free: 205862K (76%)
Completed execution with 10 iterations
03/04/20 08:50:47
Failed: 0  Total Tests: 233  ((Passed: 233, Newly Passed: 0)  Known Failed: 0) /home/travis/build/icyphy/ptII/ptolemy/actor/lib/test
----------------- testing (KnownFailure) /home/travis/build/icyphy/ptII/ptolemy/actor/lib/test/auto/knownFailedTests/PublisherPortToplevelSubscriber.xml
1 ms. Memory: 270336K Free: 201766K (75%)
Known Failure: java.lang.reflect.InvocationTargetException
----------------- testing (KnownFailure) /home/travis/build/icyphy/ptII/ptolemy/actor/lib/test/auto/knownFailedTests/PublisherSubscriberPortToplevel.xml
0 ms. Memory: 270336K Free: 197670K (73%)
Known Failure: java.lang.reflect.InvocationTargetException
----------------- testing (KnownFailure) /home/travis/build/icyphy/ptII/ptolemy/actor/lib/test/auto/knownFailedTests/PublisherSubscriptionAggregatorPort.xml
6 ms. Memory: 270336K Free: 193574K (72%)
Known Failure: java.lang.reflect.InvocationTargetException
----------------- testing (KnownFailure) /home/travis/build/icyphy/ptII/ptolemy/actor/lib/test/auto/knownFailedTests/sizedarray3.xml
7 ms. Memory: 270336K Free: 188968K (70%)
Known Failure: java.lang.reflect.InvocationTargetException
No auto/linux-amd64/*.xml tests in /home/travis/build/icyphy/ptII/ptolemy/actor/lib/test
AutoTests.java: About to close Vertx.
AutoTests.java: Vertx closed.

===========================================================================================
----------------- testing Wed Mar 04 08:50:48 UTC 2020 /home/travis/build/icyphy/ptII/ptolemy/actor/lib/test/auto/AbsoluteValue.xml
----------------- Instantiating /home/travis/build/icyphy/ptII/ptolemy/actor/lib/test/auto/AbsoluteValue.xml
11 ms. Memory: 270336K Free: 166950K (62%)
----------------- Invoking toplevel() on ptolemy.moml.MoMLSimpleApplication@606c6d5d
----------------- Done invoking toplevel() on ptolemy.moml.MoMLSimpleApplication@606c6d5d
reloadAllAccessors: .AbsoluteValue

===========================================================================================
----------------- testing Wed Mar 04 08:50:48 UTC 2020 /home/travis/build/icyphy/ptII/ptolemy/actor/lib/test/auto/AbsoluteValue2.xml
----------------- Instantiating /home/travis/build/icyphy/ptII/ptolemy/actor/lib/test/auto/AbsoluteValue2.xml
11 ms. Memory: 270336K Free: 159782K (59%)
----------------- Invoking toplevel() on ptolemy.moml.MoMLSimpleApplication@1b60ecde
----------------- Done invoking toplevel() on ptolemy.moml.MoMLSimpleApplication@1b60ecde
reloadAllAccessors: .AbsoluteValue2

===========================================================================================
----------------- testing Wed Mar 04 08:50:48 UTC 2020 /home/travis/build/icyphy/ptII/ptolemy/actor/lib/test/auto/Accumulator.xml
----------------- Instantiating /home/travis/build/icyphy/ptII/ptolemy/actor/lib/test/auto/Accumulator.xml
5 ms. Memory: 270336K Free: 153638K (57%)
----------------- Invoking toplevel() on ptolemy.moml.MoMLSimpleApplication@715061ba
----------------- Done invoking toplevel() on ptolemy.moml.MoMLSimpleApplication@715061ba
reloadAllAccessors: .Accumulator

===========================================================================================
----------------- testing Wed Mar 04 08:50:48 UTC 2020 /home/travis/build/icyphy/ptII/ptolemy/actor/lib/test/auto/Accumulator2.xml
----------------- Instantiating /home/travis/build/icyphy/ptII/ptolemy/actor/lib/test/auto/Accumulator2.xml
7 ms. Memory: 270336K Free: 148518K (55%)
----------------- Invoking toplevel() on ptolemy.moml.MoMLSimpleApplication@1a662a7c
----------------- Done invoking toplevel() on ptolemy.moml.MoMLSimpleApplication@1a662a7c
reloadAllAccessors: .Accumulator2

===========================================================================================
----------------- testing Wed Mar 04 08:50:48 UTC 2020 /home/travis/build/icyphy/ptII/ptolemy/actor/lib/test/auto/Accumulator3.xml
----------------- Instantiating /home/travis/build/icyphy/ptII/ptolemy/actor/lib/test/auto/Accumulator3.xml
9 ms. Memory: 270336K Free: 143912K (53%)
----------------- Invoking toplevel() on ptolemy.moml.MoMLSimpleApplication@79694ec4
----------------- Done invoking toplevel() on ptolemy.moml.MoMLSimpleApplication@79694ec4
reloadAllAccessors: .Accumulator3

===========================================================================================
----------------- testing Wed Mar 04 08:50:48 UTC 2020 /home/travis/build/icyphy/ptII/ptolemy/actor/lib/test/auto/ArrayAppend.xml
----------------- Instantiating /home/travis/build/icyphy/ptII/ptolemy/actor/lib/test/auto/ArrayAppend.xml
7 ms. Memory: 270336K Free: 138264K (51%)
----------------- Invoking toplevel() on ptolemy.moml.MoMLSimpleApplication@2a94074e
----------------- Done invoking toplevel() on ptolemy.moml.MoMLSimpleApplication@2a94074e
reloadAllAccessors: .ArrayAppend

===========================================================================================
----------------- testing Wed Mar 04 08:50:48 UTC 2020 /home/travis/build/icyphy/ptII/ptolemy/actor/lib/test/auto/ArrayAppend2.xml
----------------- Instantiating /home/travis/build/icyphy/ptII/ptolemy/actor/lib/test/auto/ArrayAppend2.xml
362 ms. Memory: 270336K Free: 195659K (72%)
----------------- Invoking toplevel() on ptolemy.moml.MoMLSimpleApplication@71a2101c
----------------- Done invoking toplevel() on ptolemy.moml.MoMLSimpleApplication@71a2101c
reloadAllAccessors: .ArrayAppend2

===========================================================================================
----------------- testing Wed Mar 04 08:50:48 UTC 2020 /home/travis/build/icyphy/ptII/ptolemy/actor/lib/test/auto/ArrayAppend3.xml
----------------- Instantiating /home/travis/build/icyphy/ptII/ptolemy/actor/lib/test/auto/ArrayAppend3.xml
3 ms. Memory: 270336K Free: 189515K (70%)
----------------- Invoking toplevel() on ptolemy.moml.MoMLSimpleApplication@73fd6b86
----------------- Done invoking toplevel() on ptolemy.moml.MoMLSimpleApplication@73fd6b86
reloadAllAccessors: .ArrayAppend3

===========================================================================================
----------------- testing Wed Mar 04 08:50:49 UTC 2020 /home/travis/build/icyphy/ptII/ptolemy/actor/lib/test/auto/ArrayAppend4.xml
----------------- Instantiating /home/travis/build/icyphy/ptII/ptolemy/actor/lib/test/auto/ArrayAppend4.xml
3 ms. Memory: 270336K Free: 184395K (68%)
----------------- Invoking toplevel() on ptolemy.moml.MoMLSimpleApplication@2d98d5e5
----------------- Done invoking toplevel() on ptolemy.moml.MoMLSimpleApplication@2d98d5e5
reloadAllAccessors: .ArrayAppend4

===========================================================================================
----------------- testing Wed Mar 04 08:50:49 UTC 2020 /home/travis/build/icyphy/ptII/ptolemy/actor/lib/test/auto/ArrayAppend5.xml
----------------- Instantiating /home/travis/build/icyphy/ptII/ptolemy/actor/lib/test/auto/ArrayAppend5.xml
2 ms. Memory: 270336K Free: 179275K (66%)
----------------- Invoking toplevel() on ptolemy.moml.MoMLSimpleApplication@6443596b
----------------- Done invoking toplevel() on ptolemy.moml.MoMLSimpleApplication@6443596b
reloadAllAccessors: .ArrayAppend5

===========================================================================================
----------------- testing Wed Mar 04 08:50:49 UTC 2020 /home/travis/build/icyphy/ptII/ptolemy/actor/lib/test/auto/ArrayAppend6.xml
----------------- Instantiating /home/travis/build/icyphy/ptII/ptolemy/actor/lib/test/auto/ArrayAppend6.xml
3 ms. Memory: 270336K Free: 173641K (64%)
----------------- Invoking toplevel() on ptolemy.moml.MoMLSimpleApplication@425940fd
----------------- Done invoking toplevel() on ptolemy.moml.MoMLSimpleApplication@425940fd
reloadAllAccessors: .ArrayAppend6

===========================================================================================
----------------- testing Wed Mar 04 08:50:49 UTC 2020 /home/travis/build/icyphy/ptII/ptolemy/actor/lib/test/auto/ArrayAppendPerformanceTest.xml
----------------- Instantiating /home/travis/build/icyphy/ptII/ptolemy/actor/lib/test/auto/ArrayAppendPerformanceTest.xml
30 ms. Memory: 270336K Free: 162891K (60%)
----------------- Invoking toplevel() on ptolemy.moml.MoMLSimpleApplication@3ea95d39
----------------- Done invoking toplevel() on ptolemy.moml.MoMLSimpleApplication@3ea95d39
reloadAllAccessors: .ArrayAppendPerformanceTest

===========================================================================================
----------------- testing Wed Mar 04 08:50:49 UTC 2020 /home/travis/build/icyphy/ptII/ptolemy/actor/lib/test/auto/ArrayAppendWithEmptyInput.xml
----------------- Instantiating /home/travis/build/icyphy/ptII/ptolemy/actor/lib/test/auto/ArrayAppendWithEmptyInput.xml
15 ms. Memory: 270336K Free: 154699K (57%)
----------------- Invoking toplevel() on ptolemy.moml.MoMLSimpleApplication@244f37e7
----------------- Done invoking toplevel() on ptolemy.moml.MoMLSimpleApplication@244f37e7
reloadAllAccessors: .ArrayAppendWithEmptyInput

===========================================================================================
----------------- testing Wed Mar 04 08:50:49 UTC 2020 /home/travis/build/icyphy/ptII/ptolemy/actor/lib/test/auto/ArrayAverage.xml
----------------- Instantiating /home/travis/build/icyphy/ptII/ptolemy/actor/lib/test/auto/ArrayAverage.xml
14 ms. Memory: 270336K Free: 147531K (55%)
----------------- Invoking toplevel() on ptolemy.moml.MoMLSimpleApplication@61648b5f
----------------- Done invoking toplevel() on ptolemy.moml.MoMLSimpleApplication@61648b5f
reloadAllAccessors: .ArrayAverage

===========================================================================================
----------------- testing Wed Mar 04 08:50:49 UTC 2020 /home/travis/build/icyphy/ptII/ptolemy/actor/lib/test/auto/ArrayContains.xml
----------------- Instantiating /home/travis/build/icyphy/ptII/ptolemy/actor/lib/test/auto/ArrayContains.xml
9 ms. Memory: 270336K Free: 141387K (52%)
----------------- Invoking toplevel() on ptolemy.moml.MoMLSimpleApplication@194e6228
----------------- Done invoking toplevel() on ptolemy.moml.MoMLSimpleApplication@194e6228
reloadAllAccessors: .ArrayContains

===========================================================================================
----------------- testing Wed Mar 04 08:50:49 UTC 2020 /home/travis/build/icyphy/ptII/ptolemy/actor/lib/test/auto/ArrayElement.xml
----------------- Instantiating /home/travis/build/icyphy/ptII/ptolemy/actor/lib/test/auto/ArrayElement.xml
4 ms. Memory: 270336K Free: 135753K (50%)
----------------- Invoking toplevel() on ptolemy.moml.MoMLSimpleApplication@1499ec9a
----------------- Done invoking toplevel() on ptolemy.moml.MoMLSimpleApplication@1499ec9a
reloadAllAccessors: .ArrayElement

===========================================================================================
----------------- testing Wed Mar 04 08:50:49 UTC 2020 /home/travis/build/icyphy/ptII/ptolemy/actor/lib/test/auto/ArrayElementAsMatrix.xml
----------------- Instantiating /home/travis/build/icyphy/ptII/ptolemy/actor/lib/test/auto/ArrayElementAsMatrix.xml
10 ms. Memory: 270336K Free: 126027K (47%)
----------------- Invoking toplevel() on ptolemy.moml.MoMLSimpleApplication@20aea542
----------------- Done invoking toplevel() on ptolemy.moml.MoMLSimpleApplication@20aea542
reloadAllAccessors: .ArrayElementAsMatrix

===========================================================================================
----------------- testing Wed Mar 04 08:50:49 UTC 2020 /home/travis/build/icyphy/ptII/ptolemy/actor/lib/test/auto/ArrayElementI.xml
----------------- Instantiating /home/travis/build/icyphy/ptII/ptolemy/actor/lib/test/auto/ArrayElementI.xml
3 ms. Memory: 270336K Free: 120393K (45%)
----------------- Invoking toplevel() on ptolemy.moml.MoMLSimpleApplication@202a1cae
----------------- Done invoking toplevel() on ptolemy.moml.MoMLSimpleApplication@202a1cae
reloadAllAccessors: .ArrayElementI

===========================================================================================
----------------- testing Wed Mar 04 08:50:49 UTC 2020 /home/travis/build/icyphy/ptII/ptolemy/actor/lib/test/auto/ArrayExtract.xml
----------------- Instantiating /home/travis/build/icyphy/ptII/ptolemy/actor/lib/test/auto/ArrayExtract.xml
4 ms. Memory: 270336K Free: 112715K (42%)
----------------- Invoking toplevel() on ptolemy.moml.MoMLSimpleApplication@fca12c9
----------------- Done invoking toplevel() on ptolemy.moml.MoMLSimpleApplication@fca12c9
reloadAllAccessors: .ArrayExtract

===========================================================================================
----------------- testing Wed Mar 04 08:50:49 UTC 2020 /home/travis/build/icyphy/ptII/ptolemy/actor/lib/test/auto/ArrayExtract2.xml
----------------- Instantiating /home/travis/build/icyphy/ptII/ptolemy/actor/lib/test/auto/ArrayExtract2.xml
2 ms. Memory: 270336K Free: 107066K (40%)
----------------- Invoking toplevel() on ptolemy.moml.MoMLSimpleApplication@16332e1c
----------------- Done invoking toplevel() on ptolemy.moml.MoMLSimpleApplication@16332e1c
reloadAllAccessors: .ArrayExtract2

===========================================================================================
----------------- testing Wed Mar 04 08:50:49 UTC 2020 /home/travis/build/icyphy/ptII/ptolemy/actor/lib/test/auto/ArrayLength.xml
----------------- Instantiating /home/travis/build/icyphy/ptII/ptolemy/actor/lib/test/auto/ArrayLength.xml
2 ms. Memory: 270336K Free: 103499K (38%)
----------------- Invoking toplevel() on ptolemy.moml.MoMLSimpleApplication@32d26c0f
----------------- Done invoking toplevel() on ptolemy.moml.MoMLSimpleApplication@32d26c0f
reloadAllAccessors: .ArrayLength

===========================================================================================
----------------- testing Wed Mar 04 08:50:49 UTC 2020 /home/travis/build/icyphy/ptII/ptolemy/actor/lib/test/auto/ArrayLevelCrossing.xml
----------------- Instantiating /home/travis/build/icyphy/ptII/ptolemy/actor/lib/test/auto/ArrayLevelCrossing.xml
3 ms. Memory: 270336K Free: 95307K (35%)
----------------- Invoking toplevel() on ptolemy.moml.MoMLSimpleApplication@6abb2db6
----------------- Done invoking toplevel() on ptolemy.moml.MoMLSimpleApplication@6abb2db6
reloadAllAccessors: .ArrayLevelCrossing

===========================================================================================
----------------- testing Wed Mar 04 08:50:49 UTC 2020 /home/travis/build/icyphy/ptII/ptolemy/actor/lib/test/auto/ArrayLevelCrossing2.xml
----------------- Instantiating /home/travis/build/icyphy/ptII/ptolemy/actor/lib/test/auto/ArrayLevelCrossing2.xml
3 ms. Memory: 270336K Free: 88618K (33%)
----------------- Invoking toplevel() on ptolemy.moml.MoMLSimpleApplication@2a3c30c7
----------------- Done invoking toplevel() on ptolemy.moml.MoMLSimpleApplication@2a3c30c7
reloadAllAccessors: .ArrayLevelCrossing2

===========================================================================================
----------------- testing Wed Mar 04 08:50:49 UTC 2020 /home/travis/build/icyphy/ptII/ptolemy/actor/lib/test/auto/ArrayPeakSearch.xml
----------------- Instantiating /home/travis/build/icyphy/ptII/ptolemy/actor/lib/test/auto/ArrayPeakSearch.xml
4 ms. Memory: 270336K Free: 78923K (29%)
----------------- Invoking toplevel() on ptolemy.moml.MoMLSimpleApplication@4b645b65
----------------- Done invoking toplevel() on ptolemy.moml.MoMLSimpleApplication@4b645b65
reloadAllAccessors: .ArrayPeakSearch

===========================================================================================
----------------- testing Wed Mar 04 08:50:49 UTC 2020 /home/travis/build/icyphy/ptII/ptolemy/actor/lib/test/auto/ArrayPeakSearch2.xml
----------------- Instantiating /home/travis/build/icyphy/ptII/ptolemy/actor/lib/test/auto/ArrayPeakSearch2.xml
6 ms. Memory: 270336K Free: 219211K (81%)
----------------- Invoking toplevel() on ptolemy.moml.MoMLSimpleApplication@19de14f8
----------------- Done invoking toplevel() on ptolemy.moml.MoMLSimpleApplication@19de14f8
reloadAllAccessors: .ArrayPeakSearch2

===========================================================================================
----------------- testing Wed Mar 04 08:50:49 UTC 2020 /home/travis/build/icyphy/ptII/ptolemy/actor/lib/test/auto/ArrayPeakSearch3.xml
----------------- Instantiating /home/travis/build/icyphy/ptII/ptolemy/actor/lib/test/auto/ArrayPeakSearch3.xml
5 ms. Memory: 270336K Free: 209995K (78%)
----------------- Invoking toplevel() on ptolemy.moml.MoMLSimpleApplication@515dc0b6
----------------- Done invoking toplevel() on ptolemy.moml.MoMLSimpleApplication@515dc0b6
reloadAllAccessors: .ArrayPeakSearch3

===========================================================================================
----------------- testing Wed Mar 04 08:50:49 UTC 2020 /home/travis/build/icyphy/ptII/ptolemy/actor/lib/test/auto/ArrayRemoveElement.xml
----------------- Instantiating /home/travis/build/icyphy/ptII/ptolemy/actor/lib/test/auto/ArrayRemoveElement.xml
4 ms. Memory: 270336K Free: 202313K (75%)
----------------- Invoking toplevel() on ptolemy.moml.MoMLSimpleApplication@5d9faacf
----------------- Done invoking toplevel() on ptolemy.moml.MoMLSimpleApplication@5d9faacf
reloadAllAccessors: .ArrayRemoveElement

===========================================================================================
----------------- testing Wed Mar 04 08:50:49 UTC 2020 /home/travis/build/icyphy/ptII/ptolemy/actor/lib/test/auto/ArraySort.xml
----------------- Instantiating /home/travis/build/icyphy/ptII/ptolemy/actor/lib/test/auto/ArraySort.xml
5 ms. Memory: 270336K Free: 193097K (71%)
----------------- Invoking toplevel() on ptolemy.moml.MoMLSimpleApplication@5bf0d461
----------------- Done invoking toplevel() on ptolemy.moml.MoMLSimpleApplication@5bf0d461
reloadAllAccessors: .ArraySort

===========================================================================================
----------------- testing Wed Mar 04 08:50:49 UTC 2020 /home/travis/build/icyphy/ptII/ptolemy/actor/lib/test/auto/ArraySum.xml
----------------- Instantiating /home/travis/build/icyphy/ptII/ptolemy/actor/lib/test/auto/ArraySum.xml
3 ms. Memory: 270336K Free: 187977K (70%)
----------------- Invoking toplevel() on ptolemy.moml.MoMLSimpleApplication@25eaf8d9
----------------- Done invoking toplevel() on ptolemy.moml.MoMLSimpleApplication@25eaf8d9
reloadAllAccessors: .ArraySum

===========================================================================================
----------------- testing Wed Mar 04 08:50:49 UTC 2020 /home/travis/build/icyphy/ptII/ptolemy/actor/lib/test/auto/ArrayToElements.xml
----------------- Instantiating /home/travis/build/icyphy/ptII/ptolemy/actor/lib/test/auto/ArrayToElements.xml
7 ms. Memory: 270336K Free: 182347K (67%)
----------------- Invoking toplevel() on ptolemy.moml.MoMLSimpleApplication@675786d1
----------------- Done invoking toplevel() on ptolemy.moml.MoMLSimpleApplication@675786d1
reloadAllAccessors: .ArrayToElements

===========================================================================================
----------------- testing Wed Mar 04 08:50:49 UTC 2020 /home/travis/build/icyphy/ptII/ptolemy/actor/lib/test/auto/ArrayToMatrix.xml
----------------- Instantiating /home/travis/build/icyphy/ptII/ptolemy/actor/lib/test/auto/ArrayToMatrix.xml
16 ms. Memory: 270336K Free: 168521K (62%)
----------------- Invoking toplevel() on ptolemy.moml.MoMLSimpleApplication@7ebb5283
----------------- Done invoking toplevel() on ptolemy.moml.MoMLSimpleApplication@7ebb5283
reloadAllAccessors: .ArrayToMatrix

===========================================================================================
----------------- testing Wed Mar 04 08:50:49 UTC 2020 /home/travis/build/icyphy/ptII/ptolemy/actor/lib/test/auto/ArrayUpdate1.xml
----------------- Instantiating /home/travis/build/icyphy/ptII/ptolemy/actor/lib/test/auto/ArrayUpdate1.xml
5 ms. Memory: 270336K Free: 163401K (60%)
----------------- Invoking toplevel() on ptolemy.moml.MoMLSimpleApplication@2207a2a6
----------------- Done invoking toplevel() on ptolemy.moml.MoMLSimpleApplication@2207a2a6
reloadAllAccessors: .ArrayUpdate1

===========================================================================================
----------------- testing Wed Mar 04 08:50:49 UTC 2020 /home/travis/build/icyphy/ptII/ptolemy/actor/lib/test/auto/ArrayUpdate2.xml
----------------- Instantiating /home/travis/build/icyphy/ptII/ptolemy/actor/lib/test/auto/ArrayUpdate2.xml
5 ms. Memory: 270336K Free: 157242K (58%)
----------------- Invoking toplevel() on ptolemy.moml.MoMLSimpleApplication@4ef87f88
----------------- Done invoking toplevel() on ptolemy.moml.MoMLSimpleApplication@4ef87f88
reloadAllAccessors: .ArrayUpdate2

===========================================================================================
----------------- testing Wed Mar 04 08:50:49 UTC 2020 /home/travis/build/icyphy/ptII/ptolemy/actor/lib/test/auto/ArrayUpdate3.xml
----------------- Instantiating /home/travis/build/icyphy/ptII/ptolemy/actor/lib/test/auto/ArrayUpdate3.xml
4 ms. Memory: 270336K Free: 152137K (56%)
----------------- Invoking toplevel() on ptolemy.moml.MoMLSimpleApplication@254bf86e
----------------- Done invoking toplevel() on ptolemy.moml.MoMLSimpleApplication@254bf86e
reloadAllAccessors: .ArrayUpdate3

===========================================================================================
----------------- testing Wed Mar 04 08:50:49 UTC 2020 /home/travis/build/icyphy/ptII/ptolemy/actor/lib/test/auto/Assert1.xml
----------------- Instantiating /home/travis/build/icyphy/ptII/ptolemy/actor/lib/test/auto/Assert1.xml
5 ms. Memory: 270336K Free: 148041K (55%)
----------------- Invoking toplevel() on ptolemy.moml.MoMLSimpleApplication@ee0cde0
----------------- Done invoking toplevel() on ptolemy.moml.MoMLSimpleApplication@ee0cde0
reloadAllAccessors: .Assert1

===========================================================================================
----------------- testing Wed Mar 04 08:50:49 UTC 2020 /home/travis/build/icyphy/ptII/ptolemy/actor/lib/test/auto/Assert2.xml
----------------- Instantiating /home/travis/build/icyphy/ptII/ptolemy/actor/lib/test/auto/Assert2.xml
1 ms. Memory: 270336K Free: 142411K (53%)
----------------- Invoking toplevel() on ptolemy.moml.MoMLSimpleApplication@57d33ddd
----------------- Done invoking toplevel() on ptolemy.moml.MoMLSimpleApplication@57d33ddd
reloadAllAccessors: .Assert2

===========================================================================================
----------------- testing Wed Mar 04 08:50:49 UTC 2020 /home/travis/build/icyphy/ptII/ptolemy/actor/lib/test/auto/BooleanMultiplexor.xml
----------------- Instantiating /home/travis/build/icyphy/ptII/ptolemy/actor/lib/test/auto/BooleanMultiplexor.xml
2 ms. Memory: 270336K Free: 137291K (51%)
----------------- Invoking toplevel() on ptolemy.moml.MoMLSimpleApplication@18c9ab6
----------------- Done invoking toplevel() on ptolemy.moml.MoMLSimpleApplication@18c9ab6
reloadAllAccessors: .BooleanMultiplexor

===========================================================================================
----------------- testing Wed Mar 04 08:50:49 UTC 2020 /home/travis/build/icyphy/ptII/ptolemy/actor/lib/test/auto/BooleanMultiplexor2.xml
----------------- Instantiating /home/travis/build/icyphy/ptII/ptolemy/actor/lib/test/auto/BooleanMultiplexor2.xml
2 ms. Memory: 270336K Free: 130123K (48%)
----------------- Invoking toplevel() on ptolemy.moml.MoMLSimpleApplication@61a9ee14
----------------- Done invoking toplevel() on ptolemy.moml.MoMLSimpleApplication@61a9ee14
reloadAllAccessors: .BooleanMultiplexor2

===========================================================================================
----------------- testing Wed Mar 04 08:50:50 UTC 2020 /home/travis/build/icyphy/ptII/ptolemy/actor/lib/test/auto/BooleanMultiplexor3.xml
----------------- Instantiating /home/travis/build/icyphy/ptII/ptolemy/actor/lib/test/auto/BooleanMultiplexor3.xml
2 ms. Memory: 270336K Free: 126537K (47%)
----------------- Invoking toplevel() on ptolemy.moml.MoMLSimpleApplication@6d9c6ed7
----------------- Done invoking toplevel() on ptolemy.moml.MoMLSimpleApplication@6d9c6ed7
reloadAllAccessors: .BooleanMultiplexor3

===========================================================================================
----------------- testing Wed Mar 04 08:50:50 UTC 2020 /home/travis/build/icyphy/ptII/ptolemy/actor/lib/test/auto/BooleanSelect.xml
----------------- Instantiating /home/travis/build/icyphy/ptII/ptolemy/actor/lib/test/auto/BooleanSelect.xml
3 ms. Memory: 270336K Free: 120362K (45%)
----------------- Invoking toplevel() on ptolemy.moml.MoMLSimpleApplication@41d7506e
----------------- Done invoking toplevel() on ptolemy.moml.MoMLSimpleApplication@41d7506e
reloadAllAccessors: .BooleanSelect

===========================================================================================
----------------- testing Wed Mar 04 08:50:50 UTC 2020 /home/travis/build/icyphy/ptII/ptolemy/actor/lib/test/auto/BooleanSelect2.xml
----------------- Instantiating /home/travis/build/icyphy/ptII/ptolemy/actor/lib/test/auto/BooleanSelect2.xml
2 ms. Memory: 270336K Free: 116297K (43%)
----------------- Invoking toplevel() on ptolemy.moml.MoMLSimpleApplication@35f8396d
----------------- Done invoking toplevel() on ptolemy.moml.MoMLSimpleApplication@35f8396d
reloadAllAccessors: .BooleanSelect2

===========================================================================================
----------------- testing Wed Mar 04 08:50:50 UTC 2020 /home/travis/build/icyphy/ptII/ptolemy/actor/lib/test/auto/BooleanSwitch.xml
----------------- Instantiating /home/travis/build/icyphy/ptII/ptolemy/actor/lib/test/auto/BooleanSwitch.xml
8 ms. Memory: 270336K Free: 110153K (41%)
----------------- Invoking toplevel() on ptolemy.moml.MoMLSimpleApplication@85a18c7
----------------- Done invoking toplevel() on ptolemy.moml.MoMLSimpleApplication@85a18c7
reloadAllAccessors: .BooleanSwitch

===========================================================================================
----------------- testing Wed Mar 04 08:50:50 UTC 2020 /home/travis/build/icyphy/ptII/ptolemy/actor/lib/test/auto/BooleanSwitch2.xml
----------------- Instantiating /home/travis/build/icyphy/ptII/ptolemy/actor/lib/test/auto/BooleanSwitch2.xml
2 ms. Memory: 270336K Free: 105547K (39%)
----------------- Invoking toplevel() on ptolemy.moml.MoMLSimpleApplication@23a32abc
----------------- Done invoking toplevel() on ptolemy.moml.MoMLSimpleApplication@23a32abc
reloadAllAccessors: .BooleanSwitch2

===========================================================================================
----------------- testing Wed Mar 04 08:50:50 UTC 2020 /home/travis/build/icyphy/ptII/ptolemy/actor/lib/test/auto/BooleanSwitchCloningBugWithClassRelationGroup.xml
----------------- Instantiating /home/travis/build/icyphy/ptII/ptolemy/actor/lib/test/auto/BooleanSwitchCloningBugWithClassRelationGroup.xml
5 ms. Memory: 270336K Free: 99403K (37%)
----------------- Invoking toplevel() on ptolemy.moml.MoMLSimpleApplication@54d1bc21
----------------- Done invoking toplevel() on ptolemy.moml.MoMLSimpleApplication@54d1bc21
reloadAllAccessors: .BooleanSwitchCloningBugWithClassRelationGroup

===========================================================================================
----------------- testing Wed Mar 04 08:50:50 UTC 2020 /home/travis/build/icyphy/ptII/ptolemy/actor/lib/test/auto/BusActors.xml
----------------- Instantiating /home/travis/build/icyphy/ptII/ptolemy/actor/lib/test/auto/BusActors.xml
11 ms. Memory: 270336K Free: 91211K (34%)
----------------- Invoking toplevel() on ptolemy.moml.MoMLSimpleApplication@1de4a084
----------------- Done invoking toplevel() on ptolemy.moml.MoMLSimpleApplication@1de4a084
reloadAllAccessors: .BusActors

===========================================================================================
----------------- testing Wed Mar 04 08:50:50 UTC 2020 /home/travis/build/icyphy/ptII/ptolemy/actor/lib/test/auto/ClassWrapper.xml
----------------- Instantiating /home/travis/build/icyphy/ptII/ptolemy/actor/lib/test/auto/ClassWrapper.xml
3 ms. Memory: 270336K Free: 87115K (32%)
----------------- Invoking toplevel() on ptolemy.moml.MoMLSimpleApplication@5f5eefa7
----------------- Done invoking toplevel() on ptolemy.moml.MoMLSimpleApplication@5f5eefa7
reloadAllAccessors: .ClassWrapper

===========================================================================================
----------------- testing Wed Mar 04 08:50:50 UTC 2020 /home/travis/build/icyphy/ptII/ptolemy/actor/lib/test/auto/Clock.xml
----------------- Instantiating /home/travis/build/icyphy/ptII/ptolemy/actor/lib/test/auto/Clock.xml
2 ms. Memory: 270336K Free: 83019K (31%)
----------------- Invoking toplevel() on ptolemy.moml.MoMLSimpleApplication@4e9161a4
----------------- Done invoking toplevel() on ptolemy.moml.MoMLSimpleApplication@4e9161a4
reloadAllAccessors: .Clock

===========================================================================================
----------------- testing Wed Mar 04 08:50:50 UTC 2020 /home/travis/build/icyphy/ptII/ptolemy/actor/lib/test/auto/Clock10.xml
----------------- Instantiating /home/travis/build/icyphy/ptII/ptolemy/actor/lib/test/auto/Clock10.xml
4 ms. Memory: 270336K Free: 77385K (29%)
----------------- Invoking toplevel() on ptolemy.moml.MoMLSimpleApplication@1a4b1e66
----------------- Done invoking toplevel() on ptolemy.moml.MoMLSimpleApplication@1a4b1e66
reloadAllAccessors: .Clock10

===========================================================================================
----------------- testing Wed Mar 04 08:50:50 UTC 2020 /home/travis/build/icyphy/ptII/ptolemy/actor/lib/test/auto/Clock11.xml
----------------- Instantiating /home/travis/build/icyphy/ptII/ptolemy/actor/lib/test/auto/Clock11.xml
4 ms. Memory: 270336K Free: 71241K (26%)
----------------- Invoking toplevel() on ptolemy.moml.MoMLSimpleApplication@4a83676f
----------------- Done invoking toplevel() on ptolemy.moml.MoMLSimpleApplication@4a83676f
reloadAllAccessors: .Clock11

===========================================================================================
----------------- testing Wed Mar 04 08:50:50 UTC 2020 /home/travis/build/icyphy/ptII/ptolemy/actor/lib/test/auto/Clock12.xml
----------------- Instantiating /home/travis/build/icyphy/ptII/ptolemy/actor/lib/test/auto/Clock12.xml
4 ms. Memory: 270336K Free: 65611K (24%)
----------------- Invoking toplevel() on ptolemy.moml.MoMLSimpleApplication@50bec19c
----------------- Done invoking toplevel() on ptolemy.moml.MoMLSimpleApplication@50bec19c
reloadAllAccessors: .Clock12

===========================================================================================
----------------- testing Wed Mar 04 08:50:50 UTC 2020 /home/travis/build/icyphy/ptII/ptolemy/actor/lib/test/auto/Clock13.xml
----------------- Instantiating /home/travis/build/icyphy/ptII/ptolemy/actor/lib/test/auto/Clock13.xml
5 ms. Memory: 455680K Free: 403476K (89%)
----------------- Invoking toplevel() on ptolemy.moml.MoMLSimpleApplication@2d97c298
----------------- Done invoking toplevel() on ptolemy.moml.MoMLSimpleApplication@2d97c298
reloadAllAccessors: .Clock13

===========================================================================================
----------------- testing Wed Mar 04 08:50:50 UTC 2020 /home/travis/build/icyphy/ptII/ptolemy/actor/lib/test/auto/Clock14.xml
----------------- Instantiating /home/travis/build/icyphy/ptII/ptolemy/actor/lib/test/auto/Clock14.xml
6 ms. Memory: 455680K Free: 397332K (87%)
----------------- Invoking toplevel() on ptolemy.moml.MoMLSimpleApplication@759800bc
----------------- Done invoking toplevel() on ptolemy.moml.MoMLSimpleApplication@759800bc
reloadAllAccessors: .Clock14

===========================================================================================
----------------- testing Wed Mar 04 08:50:50 UTC 2020 /home/travis/build/icyphy/ptII/ptolemy/actor/lib/test/auto/Clock15.xml
----------------- Instantiating /home/travis/build/icyphy/ptII/ptolemy/actor/lib/test/auto/Clock15.xml
3 ms. Memory: 455680K Free: 391188K (86%)
----------------- Invoking toplevel() on ptolemy.moml.MoMLSimpleApplication@40097723
----------------- Done invoking toplevel() on ptolemy.moml.MoMLSimpleApplication@40097723
reloadAllAccessors: .Clock15

===========================================================================================
----------------- testing Wed Mar 04 08:50:50 UTC 2020 /home/travis/build/icyphy/ptII/ptolemy/actor/lib/test/auto/Clock16.xml
----------------- Instantiating /home/travis/build/icyphy/ptII/ptolemy/actor/lib/test/auto/Clock16.xml
28 ms. Memory: 455680K Free: 376324K (83%)
----------------- Invoking toplevel() on ptolemy.moml.MoMLSimpleApplication@3d805c7a
----------------- Done invoking toplevel() on ptolemy.moml.MoMLSimpleApplication@3d805c7a
reloadAllAccessors: .Clock16

===========================================================================================
----------------- testing Wed Mar 04 08:50:50 UTC 2020 /home/travis/build/icyphy/ptII/ptolemy/actor/lib/test/auto/Clock17.xml
----------------- Instantiating /home/travis/build/icyphy/ptII/ptolemy/actor/lib/test/auto/Clock17.xml
18 ms. Memory: 455680K Free: 361988K (79%)
----------------- Invoking toplevel() on ptolemy.moml.MoMLSimpleApplication@5c2629f8
----------------- Done invoking toplevel() on ptolemy.moml.MoMLSimpleApplication@5c2629f8
reloadAllAccessors: .Clock17

===========================================================================================
----------------- testing Wed Mar 04 08:50:50 UTC 2020 /home/travis/build/icyphy/ptII/ptolemy/actor/lib/test/auto/Clock18.xml
----------------- Instantiating /home/travis/build/icyphy/ptII/ptolemy/actor/lib/test/auto/Clock18.xml
20 ms. Memory: 455680K Free: 349204K (77%)
----------------- Invoking toplevel() on ptolemy.moml.MoMLSimpleApplication@80e7e26
----------------- Done invoking toplevel() on ptolemy.moml.MoMLSimpleApplication@80e7e26
reloadAllAccessors: .Clock18

===========================================================================================
----------------- testing Wed Mar 04 08:50:50 UTC 2020 /home/travis/build/icyphy/ptII/ptolemy/actor/lib/test/auto/Clock19.xml
----------------- Instantiating /home/travis/build/icyphy/ptII/ptolemy/actor/lib/test/auto/Clock19.xml
10 ms. Memory: 455680K Free: 335892K (74%)
----------------- Invoking toplevel() on ptolemy.moml.MoMLSimpleApplication@302315d3
----------------- Done invoking toplevel() on ptolemy.moml.MoMLSimpleApplication@302315d3
reloadAllAccessors: .Clock19

===========================================================================================
----------------- testing Wed Mar 04 08:50:50 UTC 2020 /home/travis/build/icyphy/ptII/ptolemy/actor/lib/test/auto/Clock2.xml
----------------- Instantiating /home/travis/build/icyphy/ptII/ptolemy/actor/lib/test/auto/Clock2.xml
5 ms. Memory: 455680K Free: 331796K (73%)
----------------- Invoking toplevel() on ptolemy.moml.MoMLSimpleApplication@6cbcf195
----------------- Done invoking toplevel() on ptolemy.moml.MoMLSimpleApplication@6cbcf195
reloadAllAccessors: .Clock2

===========================================================================================
----------------- testing Wed Mar 04 08:50:50 UTC 2020 /home/travis/build/icyphy/ptII/ptolemy/actor/lib/test/auto/Clock20.xml
----------------- Instantiating /home/travis/build/icyphy/ptII/ptolemy/actor/lib/test/auto/Clock20.xml
7 ms. Memory: 455680K Free: 326162K (72%)
----------------- Invoking toplevel() on ptolemy.moml.MoMLSimpleApplication@44a1bccf
----------------- Done invoking toplevel() on ptolemy.moml.MoMLSimpleApplication@44a1bccf
reloadAllAccessors: .Clock20

===========================================================================================
----------------- testing Wed Mar 04 08:50:50 UTC 2020 /home/travis/build/icyphy/ptII/ptolemy/actor/lib/test/auto/Clock21.xml
----------------- Instantiating /home/travis/build/icyphy/ptII/ptolemy/actor/lib/test/auto/Clock21.xml
2 ms. Memory: 455680K Free: 320532K (70%)
----------------- Invoking toplevel() on ptolemy.moml.MoMLSimpleApplication@30f3166f
----------------- Done invoking toplevel() on ptolemy.moml.MoMLSimpleApplication@30f3166f
reloadAllAccessors: .Clock21

===========================================================================================
----------------- testing Wed Mar 04 08:50:50 UTC 2020 /home/travis/build/icyphy/ptII/ptolemy/actor/lib/test/auto/Clock22.xml
----------------- Instantiating /home/travis/build/icyphy/ptII/ptolemy/actor/lib/test/auto/Clock22.xml
2 ms. Memory: 455680K Free: 315412K (69%)
----------------- Invoking toplevel() on ptolemy.moml.MoMLSimpleApplication@586c70b8
----------------- Done invoking toplevel() on ptolemy.moml.MoMLSimpleApplication@586c70b8
reloadAllAccessors: .Clock22

===========================================================================================
----------------- testing Wed Mar 04 08:50:50 UTC 2020 /home/travis/build/icyphy/ptII/ptolemy/actor/lib/test/auto/Clock23.xml
----------------- Instantiating /home/travis/build/icyphy/ptII/ptolemy/actor/lib/test/auto/Clock23.xml
7 ms. Memory: 455680K Free: 309778K (68%)
----------------- Invoking toplevel() on ptolemy.moml.MoMLSimpleApplication@49d9b7cd
----------------- Done invoking toplevel() on ptolemy.moml.MoMLSimpleApplication@49d9b7cd
reloadAllAccessors: .Clock23

===========================================================================================
----------------- testing Wed Mar 04 08:50:50 UTC 2020 /home/travis/build/icyphy/ptII/ptolemy/actor/lib/test/auto/Clock24.xml
----------------- Instantiating /home/travis/build/icyphy/ptII/ptolemy/actor/lib/test/auto/Clock24.xml
3 ms. Memory: 455680K Free: 304658K (67%)
----------------- Invoking toplevel() on ptolemy.moml.MoMLSimpleApplication@7c6bd774
----------------- Done invoking toplevel() on ptolemy.moml.MoMLSimpleApplication@7c6bd774
reloadAllAccessors: .Clock24

===========================================================================================
----------------- testing Wed Mar 04 08:50:50 UTC 2020 /home/travis/build/icyphy/ptII/ptolemy/actor/lib/test/auto/Clock4.xml
----------------- Instantiating /home/travis/build/icyphy/ptII/ptolemy/actor/lib/test/auto/Clock4.xml
2 ms. Memory: 455680K Free: 299508K (66%)
----------------- Invoking toplevel() on ptolemy.moml.MoMLSimpleApplication@6111c4b7
----------------- Done invoking toplevel() on ptolemy.moml.MoMLSimpleApplication@6111c4b7
reloadAllAccessors: .Clock4

===========================================================================================
----------------- testing Wed Mar 04 08:50:50 UTC 2020 /home/travis/build/icyphy/ptII/ptolemy/actor/lib/test/auto/Clock5.xml
----------------- Instantiating /home/travis/build/icyphy/ptII/ptolemy/actor/lib/test/auto/Clock5.xml
4 ms. Memory: 455680K Free: 294418K (65%)
----------------- Invoking toplevel() on ptolemy.moml.MoMLSimpleApplication@3de9b5fc
----------------- Done invoking toplevel() on ptolemy.moml.MoMLSimpleApplication@3de9b5fc
reloadAllAccessors: .Clock5

===========================================================================================
----------------- testing Wed Mar 04 08:50:50 UTC 2020 /home/travis/build/icyphy/ptII/ptolemy/actor/lib/test/auto/Clock6.xml
----------------- Instantiating /home/travis/build/icyphy/ptII/ptolemy/actor/lib/test/auto/Clock6.xml
1 ms. Memory: 455680K Free: 289812K (64%)
----------------- Invoking toplevel() on ptolemy.moml.MoMLSimpleApplication@239ef28b
----------------- Done invoking toplevel() on ptolemy.moml.MoMLSimpleApplication@239ef28b
reloadAllAccessors: .Clock6

===========================================================================================
----------------- testing Wed Mar 04 08:50:50 UTC 2020 /home/travis/build/icyphy/ptII/ptolemy/actor/lib/test/auto/Clock7.xml
----------------- Instantiating /home/travis/build/icyphy/ptII/ptolemy/actor/lib/test/auto/Clock7.xml
3 ms. Memory: 455680K Free: 285202K (63%)
----------------- Invoking toplevel() on ptolemy.moml.MoMLSimpleApplication@312b2311
----------------- Done invoking toplevel() on ptolemy.moml.MoMLSimpleApplication@312b2311
reloadAllAccessors: .Clock7

===========================================================================================
----------------- testing Wed Mar 04 08:50:50 UTC 2020 /home/travis/build/icyphy/ptII/ptolemy/actor/lib/test/auto/Clock8.xml
----------------- Instantiating /home/travis/build/icyphy/ptII/ptolemy/actor/lib/test/auto/Clock8.xml
3 ms. Memory: 455680K Free: 280052K (61%)
----------------- Invoking toplevel() on ptolemy.moml.MoMLSimpleApplication@74683393
----------------- Done invoking toplevel() on ptolemy.moml.MoMLSimpleApplication@74683393
reloadAllAccessors: .Clock8

===========================================================================================
----------------- testing Wed Mar 04 08:50:50 UTC 2020 /home/travis/build/icyphy/ptII/ptolemy/actor/lib/test/auto/Clock9.xml
----------------- Instantiating /home/travis/build/icyphy/ptII/ptolemy/actor/lib/test/auto/Clock9.xml
3 ms. Memory: 455680K Free: 274452K (60%)
----------------- Invoking toplevel() on ptolemy.moml.MoMLSimpleApplication@4b10687f
----------------- Done invoking toplevel() on ptolemy.moml.MoMLSimpleApplication@4b10687f
reloadAllAccessors: .Clock9

===========================================================================================
----------------- testing Wed Mar 04 08:50:50 UTC 2020 /home/travis/build/icyphy/ptII/ptolemy/actor/lib/test/auto/CommDistDiscard.xml
----------------- Instantiating /home/travis/build/icyphy/ptII/ptolemy/actor/lib/test/auto/CommDistDiscard.xml
5 ms. Memory: 455680K Free: 269332K (59%)
----------------- Invoking toplevel() on ptolemy.moml.MoMLSimpleApplication@700579a1
----------------- Done invoking toplevel() on ptolemy.moml.MoMLSimpleApplication@700579a1
reloadAllAccessors: .CommDistDiscard

===========================================================================================
----------------- testing Wed Mar 04 08:50:50 UTC 2020 /home/travis/build/icyphy/ptII/ptolemy/actor/lib/test/auto/Commutator.xml
----------------- Instantiating /home/travis/build/icyphy/ptII/ptolemy/actor/lib/test/auto/Commutator.xml
2 ms. Memory: 455680K Free: 264722K (58%)
----------------- Invoking toplevel() on ptolemy.moml.MoMLSimpleApplication@4a8b419
----------------- Done invoking toplevel() on ptolemy.moml.MoMLSimpleApplication@4a8b419
reloadAllAccessors: .Commutator

===========================================================================================
----------------- testing Wed Mar 04 08:50:50 UTC 2020 /home/travis/build/icyphy/ptII/ptolemy/actor/lib/test/auto/Commutator2.xml
----------------- Instantiating /home/travis/build/icyphy/ptII/ptolemy/actor/lib/test/auto/Commutator2.xml
2 ms. Memory: 455680K Free: 260116K (57%)
----------------- Invoking toplevel() on ptolemy.moml.MoMLSimpleApplication@7666c7f9
----------------- Done invoking toplevel() on ptolemy.moml.MoMLSimpleApplication@7666c7f9
reloadAllAccessors: .Commutator2

===========================================================================================
----------------- testing Wed Mar 04 08:50:50 UTC 2020 /home/travis/build/icyphy/ptII/ptolemy/actor/lib/test/auto/Commutator3.xml
----------------- Instantiating /home/travis/build/icyphy/ptII/ptolemy/actor/lib/test/auto/Commutator3.xml
2 ms. Memory: 455680K Free: 256020K (56%)
----------------- Invoking toplevel() on ptolemy.moml.MoMLSimpleApplication@46912969
----------------- Done invoking toplevel() on ptolemy.moml.MoMLSimpleApplication@46912969
reloadAllAccessors: .Commutator3

===========================================================================================
----------------- testing Wed Mar 04 08:50:50 UTC 2020 /home/travis/build/icyphy/ptII/ptolemy/actor/lib/test/auto/Compare.xml
----------------- Instantiating /home/travis/build/icyphy/ptII/ptolemy/actor/lib/test/auto/Compare.xml
3 ms. Memory: 455680K Free: 249362K (55%)
----------------- Invoking toplevel() on ptolemy.moml.MoMLSimpleApplication@538a9782
----------------- Done invoking toplevel() on ptolemy.moml.MoMLSimpleApplication@538a9782
reloadAllAccessors: .Compare

===========================================================================================
----------------- testing Wed Mar 04 08:50:51 UTC 2020 /home/travis/build/icyphy/ptII/ptolemy/actor/lib/test/auto/CompareDE.xml
----------------- Instantiating /home/travis/build/icyphy/ptII/ptolemy/actor/lib/test/auto/CompareDE.xml
5 ms. Memory: 455680K Free: 242708K (53%)
----------------- Invoking toplevel() on ptolemy.moml.MoMLSimpleApplication@5585fdb9
----------------- Done invoking toplevel() on ptolemy.moml.MoMLSimpleApplication@5585fdb9
reloadAllAccessors: .CompareDE

===========================================================================================
----------------- testing Wed Mar 04 08:50:51 UTC 2020 /home/travis/build/icyphy/ptII/ptolemy/actor/lib/test/auto/ComplexDivide.xml
----------------- Instantiating /home/travis/build/icyphy/ptII/ptolemy/actor/lib/test/auto/ComplexDivide.xml
1 ms. Memory: 455680K Free: 238612K (52%)
----------------- Invoking toplevel() on ptolemy.moml.MoMLSimpleApplication@16325525
----------------- Done invoking toplevel() on ptolemy.moml.MoMLSimpleApplication@16325525
reloadAllAccessors: .ComplexDivide

===========================================================================================
----------------- testing Wed Mar 04 08:50:51 UTC 2020 /home/travis/build/icyphy/ptII/ptolemy/actor/lib/test/auto/ComputeHistogram.xml
----------------- Instantiating /home/travis/build/icyphy/ptII/ptolemy/actor/lib/test/auto/ComputeHistogram.xml
25 ms. Memory: 455680K Free: 225810K (50%)
----------------- Invoking toplevel() on ptolemy.moml.MoMLSimpleApplication@25d90321
----------------- Done invoking toplevel() on ptolemy.moml.MoMLSimpleApplication@25d90321
reloadAllAccessors: .ComputeHistogram

===========================================================================================
----------------- testing Wed Mar 04 08:50:51 UTC 2020 /home/travis/build/icyphy/ptII/ptolemy/actor/lib/test/auto/ConfigurationSelect.xml
----------------- Instantiating /home/travis/build/icyphy/ptII/ptolemy/actor/lib/test/auto/ConfigurationSelect.xml
10 ms. Memory: 455680K Free: 220660K (48%)
----------------- Invoking toplevel() on ptolemy.moml.MoMLSimpleApplication@26ce7138
----------------- Done invoking toplevel() on ptolemy.moml.MoMLSimpleApplication@26ce7138
reloadAllAccessors: .ConfigurationSelect

===========================================================================================
----------------- testing Wed Mar 04 08:50:51 UTC 2020 /home/travis/build/icyphy/ptII/ptolemy/actor/lib/test/auto/ConfigurationSelect2.xml
----------------- Instantiating /home/travis/build/icyphy/ptII/ptolemy/actor/lib/test/auto/ConfigurationSelect2.xml
2 ms. Memory: 455680K Free: 216084K (47%)
----------------- Invoking toplevel() on ptolemy.moml.MoMLSimpleApplication@52cbf080
----------------- Done invoking toplevel() on ptolemy.moml.MoMLSimpleApplication@52cbf080
reloadAllAccessors: .ConfigurationSelect2

===========================================================================================
----------------- testing Wed Mar 04 08:50:51 UTC 2020 /home/travis/build/icyphy/ptII/ptolemy/actor/lib/test/auto/ConfigurationSwitch.xml
----------------- Instantiating /home/travis/build/icyphy/ptII/ptolemy/actor/lib/test/auto/ConfigurationSwitch.xml
2 ms. Memory: 455680K Free: 210450K (46%)
----------------- Invoking toplevel() on ptolemy.moml.MoMLSimpleApplication@68a04109
----------------- Done invoking toplevel() on ptolemy.moml.MoMLSimpleApplication@68a04109
reloadAllAccessors: .ConfigurationSwitch

===========================================================================================
----------------- testing Wed Mar 04 08:50:51 UTC 2020 /home/travis/build/icyphy/ptII/ptolemy/actor/lib/test/auto/ConfigurationSwitch2.xml
----------------- Instantiating /home/travis/build/icyphy/ptII/ptolemy/actor/lib/test/auto/ConfigurationSwitch2.xml
1 ms. Memory: 455680K Free: 205330K (45%)
----------------- Invoking toplevel() on ptolemy.moml.MoMLSimpleApplication@6871f3aa
----------------- Done invoking toplevel() on ptolemy.moml.MoMLSimpleApplication@6871f3aa
reloadAllAccessors: .ConfigurationSwitch2

===========================================================================================
----------------- testing Wed Mar 04 08:50:51 UTC 2020 /home/travis/build/icyphy/ptII/ptolemy/actor/lib/test/auto/ConfigurationSwitchCloningBugWithClassRelationGroup.xml
----------------- Instantiating /home/travis/build/icyphy/ptII/ptolemy/actor/lib/test/auto/ConfigurationSwitchCloningBugWithClassRelationGroup.xml
3 ms. Memory: 455680K Free: 198162K (43%)
----------------- Invoking toplevel() on ptolemy.moml.MoMLSimpleApplication@34de9a45
----------------- Done invoking toplevel() on ptolemy.moml.MoMLSimpleApplication@34de9a45
reloadAllAccessors: .ConfigurationSwitchCloningBugWithClassRelationGroup

===========================================================================================
----------------- testing Wed Mar 04 08:50:51 UTC 2020 /home/travis/build/icyphy/ptII/ptolemy/actor/lib/test/auto/ConfigurationSwitchSelectSDF.xml
----------------- Instantiating /home/travis/build/icyphy/ptII/ptolemy/actor/lib/test/auto/ConfigurationSwitchSelectSDF.xml
3 ms. Memory: 455680K Free: 192532K (42%)
----------------- Invoking toplevel() on ptolemy.moml.MoMLSimpleApplication@487ddc3c
----------------- Done invoking toplevel() on ptolemy.moml.MoMLSimpleApplication@487ddc3c
reloadAllAccessors: .ConfigurationSwitchSelectSDF

===========================================================================================
----------------- testing Wed Mar 04 08:50:51 UTC 2020 /home/travis/build/icyphy/ptII/ptolemy/actor/lib/test/auto/ConfigurationSwitchSelectSDF2.xml
----------------- Instantiating /home/travis/build/icyphy/ptII/ptolemy/actor/lib/test/auto/ConfigurationSwitchSelectSDF2.xml
7 ms. Memory: 455680K Free: 186898K (41%)
----------------- Invoking toplevel() on ptolemy.moml.MoMLSimpleApplication@2ee34124
----------------- Done invoking toplevel() on ptolemy.moml.MoMLSimpleApplication@2ee34124
reloadAllAccessors: .ConfigurationSwitchSelectSDF2

===========================================================================================
----------------- testing Wed Mar 04 08:50:51 UTC 2020 /home/travis/build/icyphy/ptII/ptolemy/actor/lib/test/auto/Const.xml
----------------- Instantiating /home/travis/build/icyphy/ptII/ptolemy/actor/lib/test/auto/Const.xml
1 ms. Memory: 455680K Free: 183316K (40%)
----------------- Invoking toplevel() on ptolemy.moml.MoMLSimpleApplication@5e1e84cf
----------------- Done invoking toplevel() on ptolemy.moml.MoMLSimpleApplication@5e1e84cf
reloadAllAccessors: .Const

===========================================================================================
----------------- testing Wed Mar 04 08:50:51 UTC 2020 /home/travis/build/icyphy/ptII/ptolemy/actor/lib/test/auto/Const2.xml
----------------- Instantiating /home/travis/build/icyphy/ptII/ptolemy/actor/lib/test/auto/Const2.xml
1 ms. Memory: 455680K Free: 179730K (39%)
----------------- Invoking toplevel() on ptolemy.moml.MoMLSimpleApplication@1c5cdf79
----------------- Done invoking toplevel() on ptolemy.moml.MoMLSimpleApplication@1c5cdf79
reloadAllAccessors: .Const2

===========================================================================================
----------------- testing Wed Mar 04 08:50:51 UTC 2020 /home/travis/build/icyphy/ptII/ptolemy/actor/lib/test/auto/Const3.xml
----------------- Instantiating /home/travis/build/icyphy/ptII/ptolemy/actor/lib/test/auto/Const3.xml
0 ms. Memory: 455680K Free: 176658K (39%)
----------------- Invoking toplevel() on ptolemy.moml.MoMLSimpleApplication@67f0205
----------------- Done invoking toplevel() on ptolemy.moml.MoMLSimpleApplication@67f0205
reloadAllAccessors: .Const3

===========================================================================================
----------------- testing Wed Mar 04 08:50:51 UTC 2020 /home/travis/build/icyphy/ptII/ptolemy/actor/lib/test/auto/ConstantPublisherPort1.xml
----------------- Instantiating /home/travis/build/icyphy/ptII/ptolemy/actor/lib/test/auto/ConstantPublisherPort1.xml
5 ms. Memory: 455680K Free: 167956K (37%)
----------------- Invoking toplevel() on ptolemy.moml.MoMLSimpleApplication@57eea456
----------------- Done invoking toplevel() on ptolemy.moml.MoMLSimpleApplication@57eea456
reloadAllAccessors: .ConstantPublisherPort1

===========================================================================================
----------------- testing Wed Mar 04 08:50:51 UTC 2020 /home/travis/build/icyphy/ptII/ptolemy/actor/lib/test/auto/ConstantPublisherPort2.xml
----------------- Instantiating /home/travis/build/icyphy/ptII/ptolemy/actor/lib/test/auto/ConstantPublisherPort2.xml
7 ms. Memory: 455680K Free: 160788K (35%)
----------------- Invoking toplevel() on ptolemy.moml.MoMLSimpleApplication@37a51343
----------------- Done invoking toplevel() on ptolemy.moml.MoMLSimpleApplication@37a51343
reloadAllAccessors: .ConstantPublisherPort2

===========================================================================================
----------------- testing Wed Mar 04 08:50:51 UTC 2020 /home/travis/build/icyphy/ptII/ptolemy/actor/lib/test/auto/ConstantPublisherPort3.xml
----------------- Instantiating /home/travis/build/icyphy/ptII/ptolemy/actor/lib/test/auto/ConstantPublisherPort3.xml
5 ms. Memory: 455680K Free: 153106K (34%)
----------------- Invoking toplevel() on ptolemy.moml.MoMLSimpleApplication@405cdbea
----------------- Done invoking toplevel() on ptolemy.moml.MoMLSimpleApplication@405cdbea
reloadAllAccessors: .ConstantPublisherPort3

===========================================================================================
----------------- testing Wed Mar 04 08:50:51 UTC 2020 /home/travis/build/icyphy/ptII/ptolemy/actor/lib/test/auto/ConstantPublisherPort4.xml
----------------- Instantiating /home/travis/build/icyphy/ptII/ptolemy/actor/lib/test/auto/ConstantPublisherPort4.xml
2 ms. Memory: 455680K Free: 402129K (88%)
----------------- Invoking toplevel() on ptolemy.moml.MoMLSimpleApplication@60eaa4f2
----------------- Done invoking toplevel() on ptolemy.moml.MoMLSimpleApplication@60eaa4f2
reloadAllAccessors: .ConstantPublisherPort4

===========================================================================================
----------------- testing Wed Mar 04 08:50:51 UTC 2020 /home/travis/build/icyphy/ptII/ptolemy/actor/lib/test/auto/ConstantPublisherPort5.xml
----------------- Instantiating /home/travis/build/icyphy/ptII/ptolemy/actor/lib/test/auto/ConstantPublisherPort5.xml
25 ms. Memory: 455680K Free: 392910K (86%)
----------------- Invoking toplevel() on ptolemy.moml.MoMLSimpleApplication@24ced6a9
----------------- Done invoking toplevel() on ptolemy.moml.MoMLSimpleApplication@24ced6a9
reloadAllAccessors: .ConstantPublisherPort5

===========================================================================================
----------------- testing Wed Mar 04 08:50:51 UTC 2020 /home/travis/build/icyphy/ptII/ptolemy/actor/lib/test/auto/ConstantPublisherPort6.xml
----------------- Instantiating /home/travis/build/icyphy/ptII/ptolemy/actor/lib/test/auto/ConstantPublisherPort6.xml
15 ms. Memory: 455680K Free: 383697K (84%)
----------------- Invoking toplevel() on ptolemy.moml.MoMLSimpleApplication@55c759b8
----------------- Done invoking toplevel() on ptolemy.moml.MoMLSimpleApplication@55c759b8
reloadAllAccessors: .ConstantPublisherPort6

===========================================================================================
----------------- testing Wed Mar 04 08:50:51 UTC 2020 /home/travis/build/icyphy/ptII/ptolemy/actor/lib/test/auto/ConstantPublisherPort7.xml
----------------- Instantiating /home/travis/build/icyphy/ptII/ptolemy/actor/lib/test/auto/ConstantPublisherPort7.xml
14 ms. Memory: 455680K Free: 374995K (82%)
----------------- Invoking toplevel() on ptolemy.moml.MoMLSimpleApplication@5e17f5cd
----------------- Done invoking toplevel() on ptolemy.moml.MoMLSimpleApplication@5e17f5cd
reloadAllAccessors: .ConstantPublisherPort7

===========================================================================================
----------------- testing Wed Mar 04 08:50:51 UTC 2020 /home/travis/build/icyphy/ptII/ptolemy/actor/lib/test/auto/ConstraintMonitor1.xml
----------------- Instantiating /home/travis/build/icyphy/ptII/ptolemy/actor/lib/test/auto/ConstraintMonitor1.xml
4 ms. Memory: 455680K Free: 369875K (81%)
----------------- Invoking toplevel() on ptolemy.moml.MoMLSimpleApplication@22da4ece
----------------- Done invoking toplevel() on ptolemy.moml.MoMLSimpleApplication@22da4ece
reloadAllAccessors: .ConstraintMonitor1

===========================================================================================
----------------- testing Wed Mar 04 08:50:51 UTC 2020 /home/travis/build/icyphy/ptII/ptolemy/actor/lib/test/auto/ConstraintMonitor2.xml
----------------- Instantiating /home/travis/build/icyphy/ptII/ptolemy/actor/lib/test/auto/ConstraintMonitor2.xml
2 ms. Memory: 455680K Free: 364755K (80%)
----------------- Invoking toplevel() on ptolemy.moml.MoMLSimpleApplication@6a08b0e4
----------------- Done invoking toplevel() on ptolemy.moml.MoMLSimpleApplication@6a08b0e4
reloadAllAccessors: .ConstraintMonitor2

===========================================================================================
----------------- testing Wed Mar 04 08:50:51 UTC 2020 /home/travis/build/icyphy/ptII/ptolemy/actor/lib/test/auto/ConstraintMonitor3.xml
----------------- Instantiating /home/travis/build/icyphy/ptII/ptolemy/actor/lib/test/auto/ConstraintMonitor3.xml
6 ms. Memory: 455680K Free: 360145K (79%)
----------------- Invoking toplevel() on ptolemy.moml.MoMLSimpleApplication@5d3eb9fa
----------------- Done invoking toplevel() on ptolemy.moml.MoMLSimpleApplication@5d3eb9fa
reloadAllAccessors: .ConstraintMonitor3

===========================================================================================
----------------- testing Wed Mar 04 08:50:51 UTC 2020 /home/travis/build/icyphy/ptII/ptolemy/actor/lib/test/auto/ConstraintMonitor4.xml
----------------- Instantiating /home/travis/build/icyphy/ptII/ptolemy/actor/lib/test/auto/ConstraintMonitor4.xml
1 ms. Memory: 455680K Free: 354515K (78%)
----------------- Invoking toplevel() on ptolemy.moml.MoMLSimpleApplication@1675386a
----------------- Done invoking toplevel() on ptolemy.moml.MoMLSimpleApplication@1675386a
reloadAllAccessors: .ConstraintMonitor4

===========================================================================================
----------------- testing Wed Mar 04 08:50:51 UTC 2020 /home/travis/build/icyphy/ptII/ptolemy/actor/lib/test/auto/ConstraintMonitor5.xml
----------------- Instantiating /home/travis/build/icyphy/ptII/ptolemy/actor/lib/test/auto/ConstraintMonitor5.xml
2 ms. Memory: 455680K Free: 349395K (77%)
----------------- Invoking toplevel() on ptolemy.moml.MoMLSimpleApplication@51d37d5d
----------------- Done invoking toplevel() on ptolemy.moml.MoMLSimpleApplication@51d37d5d
reloadAllAccessors: .ConstraintMonitor5

===========================================================================================
----------------- testing Wed Mar 04 08:50:51 UTC 2020 /home/travis/build/icyphy/ptII/ptolemy/actor/lib/test/auto/ConstraintMonitor6.xml
----------------- Instantiating /home/travis/build/icyphy/ptII/ptolemy/actor/lib/test/auto/ConstraintMonitor6.xml
5 ms. Memory: 455680K Free: 342723K (75%)
----------------- Invoking toplevel() on ptolemy.moml.MoMLSimpleApplication@5b234502
----------------- Done invoking toplevel() on ptolemy.moml.MoMLSimpleApplication@5b234502
reloadAllAccessors: .ConstraintMonitor6

===========================================================================================
----------------- testing Wed Mar 04 08:50:51 UTC 2020 /home/travis/build/icyphy/ptII/ptolemy/actor/lib/test/auto/ConstraintMonitor7.xml
----------------- Instantiating /home/travis/build/icyphy/ptII/ptolemy/actor/lib/test/auto/ConstraintMonitor7.xml
4 ms. Memory: 455680K Free: 337107K (74%)
----------------- Invoking toplevel() on ptolemy.moml.MoMLSimpleApplication@30ae6989
----------------- Done invoking toplevel() on ptolemy.moml.MoMLSimpleApplication@30ae6989
reloadAllAccessors: .ConstraintMonitor7

===========================================================================================
----------------- testing Wed Mar 04 08:50:51 UTC 2020 /home/travis/build/icyphy/ptII/ptolemy/actor/lib/test/auto/ConstraintMonitor8.xml
----------------- Instantiating /home/travis/build/icyphy/ptII/ptolemy/actor/lib/test/auto/ConstraintMonitor8.xml
7 ms. Memory: 455680K Free: 329425K (72%)
----------------- Invoking toplevel() on ptolemy.moml.MoMLSimpleApplication@32e5e854
----------------- Done invoking toplevel() on ptolemy.moml.MoMLSimpleApplication@32e5e854
reloadAllAccessors: .ConstraintMonitor8

===========================================================================================
----------------- testing Wed Mar 04 08:50:51 UTC 2020 /home/travis/build/icyphy/ptII/ptolemy/actor/lib/test/auto/Counter.xml
----------------- Instantiating /home/travis/build/icyphy/ptII/ptolemy/actor/lib/test/auto/Counter.xml
2 ms. Memory: 455680K Free: 324305K (71%)
----------------- Invoking toplevel() on ptolemy.moml.MoMLSimpleApplication@47b4d86c
----------------- Done invoking toplevel() on ptolemy.moml.MoMLSimpleApplication@47b4d86c
reloadAllAccessors: .Counter

===========================================================================================
----------------- testing Wed Mar 04 08:50:51 UTC 2020 /home/travis/build/icyphy/ptII/ptolemy/actor/lib/test/auto/CurrentTimeSDF.xml
----------------- Instantiating /home/travis/build/icyphy/ptII/ptolemy/actor/lib/test/auto/CurrentTimeSDF.xml
2 ms. Memory: 455680K Free: 320723K (70%)
----------------- Invoking toplevel() on ptolemy.moml.MoMLSimpleApplication@60e8631e
----------------- Done invoking toplevel() on ptolemy.moml.MoMLSimpleApplication@60e8631e
reloadAllAccessors: .CurrentTimeSDF

===========================================================================================
----------------- testing Wed Mar 04 08:50:51 UTC 2020 /home/travis/build/icyphy/ptII/ptolemy/actor/lib/test/auto/DB.xml
----------------- Instantiating /home/travis/build/icyphy/ptII/ptolemy/actor/lib/test/auto/DB.xml
1 ms. Memory: 455680K Free: 315603K (69%)
----------------- Invoking toplevel() on ptolemy.moml.MoMLSimpleApplication@72ca0fff
----------------- Done invoking toplevel() on ptolemy.moml.MoMLSimpleApplication@72ca0fff
reloadAllAccessors: .DB

===========================================================================================
----------------- testing Wed Mar 04 08:50:51 UTC 2020 /home/travis/build/icyphy/ptII/ptolemy/actor/lib/test/auto/DBDE.xml
----------------- Instantiating /home/travis/build/icyphy/ptII/ptolemy/actor/lib/test/auto/DBDE.xml
3 ms. Memory: 455680K Free: 309459K (68%)
----------------- Invoking toplevel() on ptolemy.moml.MoMLSimpleApplication@3cf4257f
----------------- Done invoking toplevel() on ptolemy.moml.MoMLSimpleApplication@3cf4257f
reloadAllAccessors: .DBDE

===========================================================================================
----------------- testing Wed Mar 04 08:50:51 UTC 2020 /home/travis/build/icyphy/ptII/ptolemy/actor/lib/test/auto/DateConstructor.xml
----------------- Instantiating /home/travis/build/icyphy/ptII/ptolemy/actor/lib/test/auto/DateConstructor.xml
19 ms. Memory: 455680K Free: 291537K (64%)
----------------- Invoking toplevel() on ptolemy.moml.MoMLSimpleApplication@4e21ee76
----------------- Done invoking toplevel() on ptolemy.moml.MoMLSimpleApplication@4e21ee76
reloadAllAccessors: .DateConstructor

===========================================================================================
----------------- testing Wed Mar 04 08:50:51 UTC 2020 /home/travis/build/icyphy/ptII/ptolemy/actor/lib/test/auto/DelayTime.xml
----------------- Instantiating /home/travis/build/icyphy/ptII/ptolemy/actor/lib/test/auto/DelayTime.xml
5 ms. Memory: 455680K Free: 286417K (63%)
----------------- Invoking toplevel() on ptolemy.moml.MoMLSimpleApplication@13ef83f8
----------------- Done invoking toplevel() on ptolemy.moml.MoMLSimpleApplication@13ef83f8
reloadAllAccessors: .DelayTime

===========================================================================================
----------------- testing Wed Mar 04 08:50:51 UTC 2020 /home/travis/build/icyphy/ptII/ptolemy/actor/lib/test/auto/Dictionary1.xml
----------------- Instantiating /home/travis/build/icyphy/ptII/ptolemy/actor/lib/test/auto/Dictionary1.xml
1 ms. Memory: 455680K Free: 280787K (62%)
----------------- Invoking toplevel() on ptolemy.moml.MoMLSimpleApplication@7e02e660
----------------- Done invoking toplevel() on ptolemy.moml.MoMLSimpleApplication@7e02e660
reloadAllAccessors: .Dictionary1

===========================================================================================
----------------- testing Wed Mar 04 08:50:52 UTC 2020 /home/travis/build/icyphy/ptII/ptolemy/actor/lib/test/auto/Dictionary2.xml
----------------- Instantiating /home/travis/build/icyphy/ptII/ptolemy/actor/lib/test/auto/Dictionary2.xml
2 ms. Memory: 455680K Free: 275667K (60%)
----------------- Invoking toplevel() on ptolemy.moml.MoMLSimpleApplication@1e9203de
----------------- Done invoking toplevel() on ptolemy.moml.MoMLSimpleApplication@1e9203de
reloadAllAccessors: .Dictionary2

===========================================================================================
----------------- testing Wed Mar 04 08:50:52 UTC 2020 /home/travis/build/icyphy/ptII/ptolemy/actor/lib/test/auto/Dictionary3.xml
----------------- Instantiating /home/travis/build/icyphy/ptII/ptolemy/actor/lib/test/auto/Dictionary3.xml
2 ms. Memory: 455680K Free: 270033K (59%)
----------------- Invoking toplevel() on ptolemy.moml.MoMLSimpleApplication@4ff8e81f
----------------- Done invoking toplevel() on ptolemy.moml.MoMLSimpleApplication@4ff8e81f
reloadAllAccessors: .Dictionary3

===========================================================================================
----------------- testing Wed Mar 04 08:50:52 UTC 2020 /home/travis/build/icyphy/ptII/ptolemy/actor/lib/test/auto/Dictionary4.xml
----------------- Instantiating /home/travis/build/icyphy/ptII/ptolemy/actor/lib/test/auto/Dictionary4.xml
2 ms. Memory: 455680K Free: 262865K (58%)
----------------- Invoking toplevel() on ptolemy.moml.MoMLSimpleApplication@d48b6db
----------------- Done invoking toplevel() on ptolemy.moml.MoMLSimpleApplication@d48b6db
reloadAllAccessors: .Dictionary4

===========================================================================================
----------------- testing Wed Mar 04 08:50:52 UTC 2020 /home/travis/build/icyphy/ptII/ptolemy/actor/lib/test/auto/Differential.xml
----------------- Instantiating /home/travis/build/icyphy/ptII/ptolemy/actor/lib/test/auto/Differential.xml
2 ms. Memory: 455680K Free: 258259K (57%)
----------------- Invoking toplevel() on ptolemy.moml.MoMLSimpleApplication@b957d8e
----------------- Done invoking toplevel() on ptolemy.moml.MoMLSimpleApplication@b957d8e
reloadAllAccessors: .Differential

===========================================================================================
----------------- testing Wed Mar 04 08:50:52 UTC 2020 /home/travis/build/icyphy/ptII/ptolemy/actor/lib/test/auto/Director.xml
----------------- Instantiating /home/travis/build/icyphy/ptII/ptolemy/actor/lib/test/auto/Director.xml
1 ms. Memory: 455680K Free: 255187K (56%)
----------------- Invoking toplevel() on ptolemy.moml.MoMLSimpleApplication@54bccae4
----------------- Done invoking toplevel() on ptolemy.moml.MoMLSimpleApplication@54bccae4
reloadAllAccessors: .Director

===========================================================================================
----------------- testing Wed Mar 04 08:50:52 UTC 2020 /home/travis/build/icyphy/ptII/ptolemy/actor/lib/test/auto/DiscreteClock.xml
----------------- Instantiating /home/travis/build/icyphy/ptII/ptolemy/actor/lib/test/auto/DiscreteClock.xml
1 ms. Memory: 455680K Free: 251091K (55%)
----------------- Invoking toplevel() on ptolemy.moml.MoMLSimpleApplication@7d60735f
----------------- Done invoking toplevel() on ptolemy.moml.MoMLSimpleApplication@7d60735f
reloadAllAccessors: .DiscreteClock

===========================================================================================
----------------- testing Wed Mar 04 08:50:52 UTC 2020 /home/travis/build/icyphy/ptII/ptolemy/actor/lib/test/auto/DiscreteClock10.xml
----------------- Instantiating /home/travis/build/icyphy/ptII/ptolemy/actor/lib/test/auto/DiscreteClock10.xml
4 ms. Memory: 455680K Free: 244947K (54%)
----------------- Invoking toplevel() on ptolemy.moml.MoMLSimpleApplication@2a0162b3
----------------- Done invoking toplevel() on ptolemy.moml.MoMLSimpleApplication@2a0162b3
reloadAllAccessors: .DiscreteClock10

===========================================================================================
----------------- testing Wed Mar 04 08:50:52 UTC 2020 /home/travis/build/icyphy/ptII/ptolemy/actor/lib/test/auto/DiscreteClock11.xml
----------------- Instantiating /home/travis/build/icyphy/ptII/ptolemy/actor/lib/test/auto/DiscreteClock11.xml
2 ms. Memory: 455680K Free: 239313K (53%)
----------------- Invoking toplevel() on ptolemy.moml.MoMLSimpleApplication@169e0998
----------------- Done invoking toplevel() on ptolemy.moml.MoMLSimpleApplication@169e0998
reloadAllAccessors: .DiscreteClock11

===========================================================================================
----------------- testing Wed Mar 04 08:50:52 UTC 2020 /home/travis/build/icyphy/ptII/ptolemy/actor/lib/test/auto/DiscreteClock12.xml
----------------- Instantiating /home/travis/build/icyphy/ptII/ptolemy/actor/lib/test/auto/DiscreteClock12.xml
3 ms. Memory: 455680K Free: 233169K (51%)
----------------- Invoking toplevel() on ptolemy.moml.MoMLSimpleApplication@7f265130
----------------- Done invoking toplevel() on ptolemy.moml.MoMLSimpleApplication@7f265130
reloadAllAccessors: .DiscreteClock12

===========================================================================================
----------------- testing Wed Mar 04 08:50:52 UTC 2020 /home/travis/build/icyphy/ptII/ptolemy/actor/lib/test/auto/DiscreteClock13.xml
----------------- Instantiating /home/travis/build/icyphy/ptII/ptolemy/actor/lib/test/auto/DiscreteClock13.xml
4 ms. Memory: 455680K Free: 226994K (50%)
----------------- Invoking toplevel() on ptolemy.moml.MoMLSimpleApplication@4bee695a
----------------- Done invoking toplevel() on ptolemy.moml.MoMLSimpleApplication@4bee695a
reloadAllAccessors: .DiscreteClock13

===========================================================================================
----------------- testing Wed Mar 04 08:50:52 UTC 2020 /home/travis/build/icyphy/ptII/ptolemy/actor/lib/test/auto/DiscreteClock14.xml
----------------- Instantiating /home/travis/build/icyphy/ptII/ptolemy/actor/lib/test/auto/DiscreteClock14.xml
5 ms. Memory: 455680K Free: 220850K (48%)
----------------- Invoking toplevel() on ptolemy.moml.MoMLSimpleApplication@21ef0f3d
----------------- Done invoking toplevel() on ptolemy.moml.MoMLSimpleApplication@21ef0f3d
reloadAllAccessors: .DiscreteClock14

===========================================================================================
----------------- testing Wed Mar 04 08:50:52 UTC 2020 /home/travis/build/icyphy/ptII/ptolemy/actor/lib/test/auto/DiscreteClock15.xml
----------------- Instantiating /home/travis/build/icyphy/ptII/ptolemy/actor/lib/test/auto/DiscreteClock15.xml
4 ms. Memory: 455680K Free: 214706K (47%)
----------------- Invoking toplevel() on ptolemy.moml.MoMLSimpleApplication@26009a31
----------------- Done invoking toplevel() on ptolemy.moml.MoMLSimpleApplication@26009a31
reloadAllAccessors: .DiscreteClock15

===========================================================================================
----------------- testing Wed Mar 04 08:50:52 UTC 2020 /home/travis/build/icyphy/ptII/ptolemy/actor/lib/test/auto/DiscreteClock16.xml
----------------- Instantiating /home/travis/build/icyphy/ptII/ptolemy/actor/lib/test/auto/DiscreteClock16.xml
17 ms. Memory: 455680K Free: 201411K (44%)
----------------- Invoking toplevel() on ptolemy.moml.MoMLSimpleApplication@3882682
----------------- Done invoking toplevel() on ptolemy.moml.MoMLSimpleApplication@3882682
reloadAllAccessors: .DiscreteClock16

===========================================================================================
----------------- testing Wed Mar 04 08:50:52 UTC 2020 /home/travis/build/icyphy/ptII/ptolemy/actor/lib/test/auto/DiscreteClock17.xml
----------------- Instantiating /home/travis/build/icyphy/ptII/ptolemy/actor/lib/test/auto/DiscreteClock17.xml
16 ms. Memory: 455680K Free: 187083K (41%)
----------------- Invoking toplevel() on ptolemy.moml.MoMLSimpleApplication@50737613
----------------- Done invoking toplevel() on ptolemy.moml.MoMLSimpleApplication@50737613
reloadAllAccessors: .DiscreteClock17

===========================================================================================
----------------- testing Wed Mar 04 08:50:52 UTC 2020 /home/travis/build/icyphy/ptII/ptolemy/actor/lib/test/auto/DiscreteClock18.xml
----------------- Instantiating /home/travis/build/icyphy/ptII/ptolemy/actor/lib/test/auto/DiscreteClock18.xml
17 ms. Memory: 455680K Free: 173267K (38%)
----------------- Invoking toplevel() on ptolemy.moml.MoMLSimpleApplication@7bab1d70
----------------- Done invoking toplevel() on ptolemy.moml.MoMLSimpleApplication@7bab1d70
reloadAllAccessors: .DiscreteClock18

===========================================================================================
----------------- testing Wed Mar 04 08:50:52 UTC 2020 /home/travis/build/icyphy/ptII/ptolemy/actor/lib/test/auto/DiscreteClock19.xml
----------------- Instantiating /home/travis/build/icyphy/ptII/ptolemy/actor/lib/test/auto/DiscreteClock19.xml
11 ms. Memory: 455680K Free: 159441K (35%)
----------------- Invoking toplevel() on ptolemy.moml.MoMLSimpleApplication@4dee05b8
----------------- Done invoking toplevel() on ptolemy.moml.MoMLSimpleApplication@4dee05b8
reloadAllAccessors: .DiscreteClock19

===========================================================================================
----------------- testing Wed Mar 04 08:50:52 UTC 2020 /home/travis/build/icyphy/ptII/ptolemy/actor/lib/test/auto/DiscreteClock2.xml
----------------- Instantiating /home/travis/build/icyphy/ptII/ptolemy/actor/lib/test/auto/DiscreteClock2.xml
5 ms. Memory: 455680K Free: 154835K (34%)
----------------- Invoking toplevel() on ptolemy.moml.MoMLSimpleApplication@4507992d
----------------- Done invoking toplevel() on ptolemy.moml.MoMLSimpleApplication@4507992d
reloadAllAccessors: .DiscreteClock2

===========================================================================================
----------------- testing Wed Mar 04 08:50:52 UTC 2020 /home/travis/build/icyphy/ptII/ptolemy/actor/lib/test/auto/DiscreteClock20.xml
----------------- Instantiating /home/travis/build/icyphy/ptII/ptolemy/actor/lib/test/auto/DiscreteClock20.xml
5 ms. Memory: 455680K Free: 149201K (33%)
----------------- Invoking toplevel() on ptolemy.moml.MoMLSimpleApplication@3490085b
----------------- Done invoking toplevel() on ptolemy.moml.MoMLSimpleApplication@3490085b
reloadAllAccessors: .DiscreteClock20

===========================================================================================
----------------- testing Wed Mar 04 08:50:52 UTC 2020 /home/travis/build/icyphy/ptII/ptolemy/actor/lib/test/auto/DiscreteClock21.xml
----------------- Instantiating /home/travis/build/icyphy/ptII/ptolemy/actor/lib/test/auto/DiscreteClock21.xml
5 ms. Memory: 455680K Free: 143571K (32%)
----------------- Invoking toplevel() on ptolemy.moml.MoMLSimpleApplication@44aeb8d5
----------------- Done invoking toplevel() on ptolemy.moml.MoMLSimpleApplication@44aeb8d5
reloadAllAccessors: .DiscreteClock21

===========================================================================================
----------------- testing Wed Mar 04 08:50:52 UTC 2020 /home/travis/build/icyphy/ptII/ptolemy/actor/lib/test/auto/DiscreteClock22.xml
----------------- Instantiating /home/travis/build/icyphy/ptII/ptolemy/actor/lib/test/auto/DiscreteClock22.xml
5 ms. Memory: 455680K Free: 137937K (30%)
----------------- Invoking toplevel() on ptolemy.moml.MoMLSimpleApplication@1c077413
----------------- Done invoking toplevel() on ptolemy.moml.MoMLSimpleApplication@1c077413
reloadAllAccessors: .DiscreteClock22

===========================================================================================
----------------- testing Wed Mar 04 08:50:52 UTC 2020 /home/travis/build/icyphy/ptII/ptolemy/actor/lib/test/auto/DiscreteClock23.xml
----------------- Instantiating /home/travis/build/icyphy/ptII/ptolemy/actor/lib/test/auto/DiscreteClock23.xml
9 ms. Memory: 455680K Free: 402668K (88%)
----------------- Invoking toplevel() on ptolemy.moml.MoMLSimpleApplication@6d3c73c1
----------------- Done invoking toplevel() on ptolemy.moml.MoMLSimpleApplication@6d3c73c1
reloadAllAccessors: .DiscreteClock23

===========================================================================================
----------------- testing Wed Mar 04 08:50:52 UTC 2020 /home/travis/build/icyphy/ptII/ptolemy/actor/lib/test/auto/DiscreteClock24.xml
----------------- Instantiating /home/travis/build/icyphy/ptII/ptolemy/actor/lib/test/auto/DiscreteClock24.xml
4 ms. Memory: 455680K Free: 397038K (87%)
----------------- Invoking toplevel() on ptolemy.moml.MoMLSimpleApplication@1c6ac398
----------------- Done invoking toplevel() on ptolemy.moml.MoMLSimpleApplication@1c6ac398
reloadAllAccessors: .DiscreteClock24

===========================================================================================
----------------- testing Wed Mar 04 08:50:52 UTC 2020 /home/travis/build/icyphy/ptII/ptolemy/actor/lib/test/auto/DiscreteClock4.xml
----------------- Instantiating /home/travis/build/icyphy/ptII/ptolemy/actor/lib/test/auto/DiscreteClock4.xml
4 ms. Memory: 455680K Free: 391404K (86%)
----------------- Invoking toplevel() on ptolemy.moml.MoMLSimpleApplication@3fe3582a
----------------- Done invoking toplevel() on ptolemy.moml.MoMLSimpleApplication@3fe3582a
reloadAllAccessors: .DiscreteClock4

===========================================================================================
----------------- testing Wed Mar 04 08:50:52 UTC 2020 /home/travis/build/icyphy/ptII/ptolemy/actor/lib/test/auto/DiscreteClock5.xml
----------------- Instantiating /home/travis/build/icyphy/ptII/ptolemy/actor/lib/test/auto/DiscreteClock5.xml
2 ms. Memory: 455680K Free: 385774K (85%)
----------------- Invoking toplevel() on ptolemy.moml.MoMLSimpleApplication@25db7e10
----------------- Done invoking toplevel() on ptolemy.moml.MoMLSimpleApplication@25db7e10
reloadAllAccessors: .DiscreteClock5

===========================================================================================
----------------- testing Wed Mar 04 08:50:52 UTC 2020 /home/travis/build/icyphy/ptII/ptolemy/actor/lib/test/auto/DiscreteClock6.xml
----------------- Instantiating /home/travis/build/icyphy/ptII/ptolemy/actor/lib/test/auto/DiscreteClock6.xml
1 ms. Memory: 455680K Free: 381678K (84%)
----------------- Invoking toplevel() on ptolemy.moml.MoMLSimpleApplication@6cb565e9
----------------- Done invoking toplevel() on ptolemy.moml.MoMLSimpleApplication@6cb565e9
reloadAllAccessors: .DiscreteClock6

===========================================================================================
----------------- testing Wed Mar 04 08:50:52 UTC 2020 /home/travis/build/icyphy/ptII/ptolemy/actor/lib/test/auto/DiscreteClock7.xml
----------------- Instantiating /home/travis/build/icyphy/ptII/ptolemy/actor/lib/test/auto/DiscreteClock7.xml
2 ms. Memory: 455680K Free: 377068K (83%)
----------------- Invoking toplevel() on ptolemy.moml.MoMLSimpleApplication@338a3a04
----------------- Done invoking toplevel() on ptolemy.moml.MoMLSimpleApplication@338a3a04
reloadAllAccessors: .DiscreteClock7

===========================================================================================
----------------- testing Wed Mar 04 08:50:52 UTC 2020 /home/travis/build/icyphy/ptII/ptolemy/actor/lib/test/auto/DiscreteClock8.xml
----------------- Instantiating /home/travis/build/icyphy/ptII/ptolemy/actor/lib/test/auto/DiscreteClock8.xml
4 ms. Memory: 455680K Free: 371438K (82%)
----------------- Invoking toplevel() on ptolemy.moml.MoMLSimpleApplication@6cf76485
----------------- Done invoking toplevel() on ptolemy.moml.MoMLSimpleApplication@6cf76485
reloadAllAccessors: .DiscreteClock8

===========================================================================================
----------------- testing Wed Mar 04 08:50:52 UTC 2020 /home/travis/build/icyphy/ptII/ptolemy/actor/lib/test/auto/DiscreteClock9.xml
----------------- Instantiating /home/travis/build/icyphy/ptII/ptolemy/actor/lib/test/auto/DiscreteClock9.xml
5 ms. Memory: 455680K Free: 365790K (80%)
----------------- Invoking toplevel() on ptolemy.moml.MoMLSimpleApplication@129397d1
----------------- Done invoking toplevel() on ptolemy.moml.MoMLSimpleApplication@129397d1
reloadAllAccessors: .DiscreteClock9

===========================================================================================
----------------- testing Wed Mar 04 08:50:52 UTC 2020 /home/travis/build/icyphy/ptII/ptolemy/actor/lib/test/auto/DisplayArray.xml
----------------- Instantiating /home/travis/build/icyphy/ptII/ptolemy/actor/lib/test/auto/DisplayArray.xml
1 ms. Memory: 455680K Free: 362222K (79%)
----------------- Invoking toplevel() on ptolemy.moml.MoMLSimpleApplication@19c475bb
----------------- Done invoking toplevel() on ptolemy.moml.MoMLSimpleApplication@19c475bb
reloadAllAccessors: .DisplayArray

===========================================================================================
----------------- testing Wed Mar 04 08:50:52 UTC 2020 /home/travis/build/icyphy/ptII/ptolemy/actor/lib/test/auto/Distributor.xml
----------------- Instantiating /home/travis/build/icyphy/ptII/ptolemy/actor/lib/test/auto/Distributor.xml
1 ms. Memory: 455680K Free: 357612K (78%)
----------------- Invoking toplevel() on ptolemy.moml.MoMLSimpleApplication@3dc8ae40
----------------- Done invoking toplevel() on ptolemy.moml.MoMLSimpleApplication@3dc8ae40
reloadAllAccessors: .Distributor

===========================================================================================
----------------- testing Wed Mar 04 08:50:52 UTC 2020 /home/travis/build/icyphy/ptII/ptolemy/actor/lib/test/auto/Distributor2.xml
----------------- Instantiating /home/travis/build/icyphy/ptII/ptolemy/actor/lib/test/auto/Distributor2.xml
1 ms. Memory: 455680K Free: 352492K (77%)
----------------- Invoking toplevel() on ptolemy.moml.MoMLSimpleApplication@1eebcd4e
----------------- Done invoking toplevel() on ptolemy.moml.MoMLSimpleApplication@1eebcd4e
reloadAllAccessors: .Distributor2

===========================================================================================
----------------- testing Wed Mar 04 08:50:52 UTC 2020 /home/travis/build/icyphy/ptII/ptolemy/actor/lib/test/auto/DownSample.xml
----------------- Instantiating /home/travis/build/icyphy/ptII/ptolemy/actor/lib/test/auto/DownSample.xml
1 ms. Memory: 455680K Free: 347886K (76%)
----------------- Invoking toplevel() on ptolemy.moml.MoMLSimpleApplication@3af9a8e6
----------------- Done invoking toplevel() on ptolemy.moml.MoMLSimpleApplication@3af9a8e6
reloadAllAccessors: .DownSample

===========================================================================================
----------------- testing Wed Mar 04 08:50:52 UTC 2020 /home/travis/build/icyphy/ptII/ptolemy/actor/lib/test/auto/ElectronicUnitBase1.xml
----------------- Instantiating /home/travis/build/icyphy/ptII/ptolemy/actor/lib/test/auto/ElectronicUnitBase1.xml
18 ms. Memory: 455680K Free: 332012K (73%)
----------------- Invoking toplevel() on ptolemy.moml.MoMLSimpleApplication@7718e246
----------------- Done invoking toplevel() on ptolemy.moml.MoMLSimpleApplication@7718e246
reloadAllAccessors: .ElectronicUnitBase1

===========================================================================================
----------------- testing Wed Mar 04 08:50:52 UTC 2020 /home/travis/build/icyphy/ptII/ptolemy/actor/lib/test/auto/ElementsToArray.xml
----------------- Instantiating /home/travis/build/icyphy/ptII/ptolemy/actor/lib/test/auto/ElementsToArray.xml
3 ms. Memory: 455680K Free: 326892K (72%)
----------------- Invoking toplevel() on ptolemy.moml.MoMLSimpleApplication@589e7ad9
----------------- Done invoking toplevel() on ptolemy.moml.MoMLSimpleApplication@589e7ad9
reloadAllAccessors: .ElementsToArray

===========================================================================================
----------------- testing Wed Mar 04 08:50:52 UTC 2020 /home/travis/build/icyphy/ptII/ptolemy/actor/lib/test/auto/Equals.xml
----------------- Instantiating /home/travis/build/icyphy/ptII/ptolemy/actor/lib/test/auto/Equals.xml
2 ms. Memory: 455680K Free: 322796K (71%)
----------------- Invoking toplevel() on ptolemy.moml.MoMLSimpleApplication@76c2356
----------------- Done invoking toplevel() on ptolemy.moml.MoMLSimpleApplication@76c2356
reloadAllAccessors: .Equals

===========================================================================================
----------------- testing Wed Mar 04 08:50:52 UTC 2020 /home/travis/build/icyphy/ptII/ptolemy/actor/lib/test/auto/Exec.xml
----------------- Instantiating /home/travis/build/icyphy/ptII/ptolemy/actor/lib/test/auto/Exec.xml
15 ms. Memory: 455680K Free: 317676K (70%)
----------------- Invoking toplevel() on ptolemy.moml.MoMLSimpleApplication@3e15c31c
----------------- Done invoking toplevel() on ptolemy.moml.MoMLSimpleApplication@3e15c31c
reloadAllAccessors: .Exec

===========================================================================================
----------------- testing Wed Mar 04 08:50:52 UTC 2020 /home/travis/build/icyphy/ptII/ptolemy/actor/lib/test/auto/ExecEnvironment.xml
----------------- Instantiating /home/travis/build/icyphy/ptII/ptolemy/actor/lib/test/auto/ExecEnvironment.xml
36 ms. Memory: 455680K Free: 312044K (68%)
----------------- Invoking toplevel() on ptolemy.moml.MoMLSimpleApplication@7d5aaf63
----------------- Done invoking toplevel() on ptolemy.moml.MoMLSimpleApplication@7d5aaf63
reloadAllAccessors: .ExecEnvironment

===========================================================================================
----------------- testing Wed Mar 04 08:50:52 UTC 2020 /home/travis/build/icyphy/ptII/ptolemy/actor/lib/test/auto/ExecNonZeroReturnOutput.xml
----------------- Instantiating /home/travis/build/icyphy/ptII/ptolemy/actor/lib/test/auto/ExecNonZeroReturnOutput.xml
163 ms. Memory: 455680K Free: 300268K (66%)
----------------- Invoking toplevel() on ptolemy.moml.MoMLSimpleApplication@4742c8d7
----------------- Done invoking toplevel() on ptolemy.moml.MoMLSimpleApplication@4742c8d7
reloadAllAccessors: .ExecNonZeroReturnOutput

===========================================================================================
----------------- testing Wed Mar 04 08:50:53 UTC 2020 /home/travis/build/icyphy/ptII/ptolemy/actor/lib/test/auto/ExecRunDemos.xml
----------------- Instantiating /home/travis/build/icyphy/ptII/ptolemy/actor/lib/test/auto/ExecRunDemos.xml
Finished: 108 ms. Memory: 129024K Free: 112190K (87%)

Finished: 70 ms. Memory: 129024K Free: 109510K (85%)

Finished: 100 ms. Memory: 129024K Free: 109535K (85%)

Finished: 113 ms. Memory: 129024K Free: 111339K (86%)

Finished: 82 ms. Memory: 129024K Free: 112125K (87%)

11128 ms. Memory: 455680K Free: 279276K (61%)
----------------- Invoking toplevel() on ptolemy.moml.MoMLSimpleApplication@5268ab56
----------------- Done invoking toplevel() on ptolemy.moml.MoMLSimpleApplication@5268ab56
reloadAllAccessors: .ExecRunDemos

===========================================================================================
----------------- testing Wed Mar 04 08:51:04 UTC 2020 /home/travis/build/icyphy/ptII/ptolemy/actor/lib/test/auto/ExecStop.xml
----------------- Instantiating /home/travis/build/icyphy/ptII/ptolemy/actor/lib/test/auto/ExecStop.xml
5018 ms. Memory: 455680K Free: 146158K (32%)
----------------- Invoking toplevel() on ptolemy.moml.MoMLSimpleApplication@23cd35a9
----------------- Done invoking toplevel() on ptolemy.moml.MoMLSimpleApplication@23cd35a9
reloadAllAccessors: .ExecStop

===========================================================================================
----------------- testing Wed Mar 04 08:51:09 UTC 2020 /home/travis/build/icyphy/ptII/ptolemy/actor/lib/test/auto/ExecutionTimeSDF.xml
----------------- Instantiating /home/travis/build/icyphy/ptII/ptolemy/actor/lib/test/auto/ExecutionTimeSDF.xml
Fired ExecutionTime: -463367296
Fired ExecutionTime: 1334800000
Fired ExecutionTime: 139432704
6007 ms. Memory: 455680K Free: 403798K (89%)
----------------- Invoking toplevel() on ptolemy.moml.MoMLSimpleApplication@a29c2a1
----------------- Done invoking toplevel() on ptolemy.moml.MoMLSimpleApplication@a29c2a1
reloadAllAccessors: .ExecutionTimeSDF

===========================================================================================
----------------- testing Wed Mar 04 08:51:15 UTC 2020 /home/travis/build/icyphy/ptII/ptolemy/actor/lib/test/auto/Expression1.xml
----------------- Instantiating /home/travis/build/icyphy/ptII/ptolemy/actor/lib/test/auto/Expression1.xml
2 ms. Memory: 455680K Free: 400212K (88%)
----------------- Invoking toplevel() on ptolemy.moml.MoMLSimpleApplication@745a4cc
----------------- Done invoking toplevel() on ptolemy.moml.MoMLSimpleApplication@745a4cc
reloadAllAccessors: .Expression1

===========================================================================================
----------------- testing Wed Mar 04 08:51:15 UTC 2020 /home/travis/build/icyphy/ptII/ptolemy/actor/lib/test/auto/Expression10.xml
----------------- Instantiating /home/travis/build/icyphy/ptII/ptolemy/actor/lib/test/auto/Expression10.xml
5 ms. Memory: 455680K Free: 394582K (87%)
----------------- Invoking toplevel() on ptolemy.moml.MoMLSimpleApplication@561878d7
----------------- Done invoking toplevel() on ptolemy.moml.MoMLSimpleApplication@561878d7
reloadAllAccessors: .Expression10

===========================================================================================
----------------- testing Wed Mar 04 08:51:15 UTC 2020 /home/travis/build/icyphy/ptII/ptolemy/actor/lib/test/auto/Expression11.xml
----------------- Instantiating /home/travis/build/icyphy/ptII/ptolemy/actor/lib/test/auto/Expression11.xml
2 ms. Memory: 455680K Free: 389972K (86%)
----------------- Invoking toplevel() on ptolemy.moml.MoMLSimpleApplication@512ceb53
----------------- Done invoking toplevel() on ptolemy.moml.MoMLSimpleApplication@512ceb53
reloadAllAccessors: .Expression11

===========================================================================================
----------------- testing Wed Mar 04 08:51:15 UTC 2020 /home/travis/build/icyphy/ptII/ptolemy/actor/lib/test/auto/Expression12.xml
----------------- Instantiating /home/travis/build/icyphy/ptII/ptolemy/actor/lib/test/auto/Expression12.xml
2 ms. Memory: 455680K Free: 384342K (84%)
----------------- Invoking toplevel() on ptolemy.moml.MoMLSimpleApplication@3b6ba8c6
----------------- Done invoking toplevel() on ptolemy.moml.MoMLSimpleApplication@3b6ba8c6
reloadAllAccessors: .Expression12

===========================================================================================
----------------- testing Wed Mar 04 08:51:15 UTC 2020 /home/travis/build/icyphy/ptII/ptolemy/actor/lib/test/auto/Expression13.xml
----------------- Instantiating /home/travis/build/icyphy/ptII/ptolemy/actor/lib/test/auto/Expression13.xml
3 ms. Memory: 455680K Free: 379732K (83%)
----------------- Invoking toplevel() on ptolemy.moml.MoMLSimpleApplication@4d2d097
----------------- Done invoking toplevel() on ptolemy.moml.MoMLSimpleApplication@4d2d097
reloadAllAccessors: .Expression13

===========================================================================================
----------------- testing Wed Mar 04 08:51:15 UTC 2020 /home/travis/build/icyphy/ptII/ptolemy/actor/lib/test/auto/Expression14.xml
----------------- Instantiating /home/travis/build/icyphy/ptII/ptolemy/actor/lib/test/auto/Expression14.xml
4 ms. Memory: 455680K Free: 373588K (82%)
----------------- Invoking toplevel() on ptolemy.moml.MoMLSimpleApplication@4fb8a684
----------------- Done invoking toplevel() on ptolemy.moml.MoMLSimpleApplication@4fb8a684
reloadAllAccessors: .Expression14

===========================================================================================
----------------- testing Wed Mar 04 08:51:15 UTC 2020 /home/travis/build/icyphy/ptII/ptolemy/actor/lib/test/auto/Expression15.xml
----------------- Instantiating /home/travis/build/icyphy/ptII/ptolemy/actor/lib/test/auto/Expression15.xml
2 ms. Memory: 455680K Free: 370006K (81%)
----------------- Invoking toplevel() on ptolemy.moml.MoMLSimpleApplication@3b1759d5
----------------- Done invoking toplevel() on ptolemy.moml.MoMLSimpleApplication@3b1759d5
reloadAllAccessors: .Expression15

===========================================================================================
----------------- testing Wed Mar 04 08:51:15 UTC 2020 /home/travis/build/icyphy/ptII/ptolemy/actor/lib/test/auto/Expression16.xml
----------------- Instantiating /home/travis/build/icyphy/ptII/ptolemy/actor/lib/test/auto/Expression16.xml
3 ms. Memory: 455680K Free: 364886K (80%)
----------------- Invoking toplevel() on ptolemy.moml.MoMLSimpleApplication@44dfa5a8
----------------- Done invoking toplevel() on ptolemy.moml.MoMLSimpleApplication@44dfa5a8
reloadAllAccessors: .Expression16

===========================================================================================
----------------- testing Wed Mar 04 08:51:15 UTC 2020 /home/travis/build/icyphy/ptII/ptolemy/actor/lib/test/auto/Expression17.xml
----------------- Instantiating /home/travis/build/icyphy/ptII/ptolemy/actor/lib/test/auto/Expression17.xml
2 ms. Memory: 455680K Free: 359766K (79%)
----------------- Invoking toplevel() on ptolemy.moml.MoMLSimpleApplication@2cf18a5e
----------------- Done invoking toplevel() on ptolemy.moml.MoMLSimpleApplication@2cf18a5e
reloadAllAccessors: .Expression17

===========================================================================================
----------------- testing Wed Mar 04 08:51:15 UTC 2020 /home/travis/build/icyphy/ptII/ptolemy/actor/lib/test/auto/Expression18.xml
----------------- Instantiating /home/travis/build/icyphy/ptII/ptolemy/actor/lib/test/auto/Expression18.xml
2 ms. Memory: 455680K Free: 355156K (78%)
----------------- Invoking toplevel() on ptolemy.moml.MoMLSimpleApplication@5dc6fbe7
----------------- Done invoking toplevel() on ptolemy.moml.MoMLSimpleApplication@5dc6fbe7
reloadAllAccessors: .Expression18

===========================================================================================
----------------- testing Wed Mar 04 08:51:15 UTC 2020 /home/travis/build/icyphy/ptII/ptolemy/actor/lib/test/auto/Expression2.xml
----------------- Instantiating /home/travis/build/icyphy/ptII/ptolemy/actor/lib/test/auto/Expression2.xml
3 ms. Memory: 455680K Free: 350036K (77%)
----------------- Invoking toplevel() on ptolemy.moml.MoMLSimpleApplication@13f09950
----------------- Done invoking toplevel() on ptolemy.moml.MoMLSimpleApplication@13f09950
reloadAllAccessors: .Expression2

===========================================================================================
----------------- testing Wed Mar 04 08:51:15 UTC 2020 /home/travis/build/icyphy/ptII/ptolemy/actor/lib/test/auto/Expression3.xml
----------------- Instantiating /home/travis/build/icyphy/ptII/ptolemy/actor/lib/test/auto/Expression3.xml
3 ms. Memory: 455680K Free: 344916K (76%)
----------------- Invoking toplevel() on ptolemy.moml.MoMLSimpleApplication@51747e61
----------------- Done invoking toplevel() on ptolemy.moml.MoMLSimpleApplication@51747e61
reloadAllAccessors: .Expression3

===========================================================================================
----------------- testing Wed Mar 04 08:51:15 UTC 2020 /home/travis/build/icyphy/ptII/ptolemy/actor/lib/test/auto/Expression4.xml
----------------- Instantiating /home/travis/build/icyphy/ptII/ptolemy/actor/lib/test/auto/Expression4.xml
4 ms. Memory: 455680K Free: 337238K (74%)
----------------- Invoking toplevel() on ptolemy.moml.MoMLSimpleApplication@6951ca3
----------------- Done invoking toplevel() on ptolemy.moml.MoMLSimpleApplication@6951ca3
reloadAllAccessors: .Expression4

===========================================================================================
----------------- testing Wed Mar 04 08:51:15 UTC 2020 /home/travis/build/icyphy/ptII/ptolemy/actor/lib/test/auto/Expression5.xml
----------------- Instantiating /home/travis/build/icyphy/ptII/ptolemy/actor/lib/test/auto/Expression5.xml
5 ms. Memory: 455680K Free: 332118K (73%)
----------------- Invoking toplevel() on ptolemy.moml.MoMLSimpleApplication@3f2868cd
----------------- Done invoking toplevel() on ptolemy.moml.MoMLSimpleApplication@3f2868cd
reloadAllAccessors: .Expression5

===========================================================================================
----------------- testing Wed Mar 04 08:51:15 UTC 2020 /home/travis/build/icyphy/ptII/ptolemy/actor/lib/test/auto/Expression6.xml
----------------- Instantiating /home/travis/build/icyphy/ptII/ptolemy/actor/lib/test/auto/Expression6.xml
3 ms. Memory: 455680K Free: 328022K (72%)
----------------- Invoking toplevel() on ptolemy.moml.MoMLSimpleApplication@53f2b4aa
----------------- Done invoking toplevel() on ptolemy.moml.MoMLSimpleApplication@53f2b4aa
reloadAllAccessors: .Expression6

===========================================================================================
----------------- testing Wed Mar 04 08:51:15 UTC 2020 /home/travis/build/icyphy/ptII/ptolemy/actor/lib/test/auto/Expression7.xml
----------------- Instantiating /home/travis/build/icyphy/ptII/ptolemy/actor/lib/test/auto/Expression7.xml
2 ms. Memory: 455680K Free: 322902K (71%)
----------------- Invoking toplevel() on ptolemy.moml.MoMLSimpleApplication@1bcf99ff
----------------- Done invoking toplevel() on ptolemy.moml.MoMLSimpleApplication@1bcf99ff
reloadAllAccessors: .Expression7

===========================================================================================
----------------- testing Wed Mar 04 08:51:15 UTC 2020 /home/travis/build/icyphy/ptII/ptolemy/actor/lib/test/auto/Expression8.xml
----------------- Instantiating /home/travis/build/icyphy/ptII/ptolemy/actor/lib/test/auto/Expression8.xml
8 ms. Memory: 455680K Free: 317782K (70%)
----------------- Invoking toplevel() on ptolemy.moml.MoMLSimpleApplication@5b5ab576
----------------- Done invoking toplevel() on ptolemy.moml.MoMLSimpleApplication@5b5ab576
reloadAllAccessors: .Expression8

===========================================================================================
----------------- testing Wed Mar 04 08:51:15 UTC 2020 /home/travis/build/icyphy/ptII/ptolemy/actor/lib/test/auto/Expression9.xml
----------------- Instantiating /home/travis/build/icyphy/ptII/ptolemy/actor/lib/test/auto/Expression9.xml
1 ms. Memory: 455680K Free: 313686K (69%)
----------------- Invoking toplevel() on ptolemy.moml.MoMLSimpleApplication@763ed08c
----------------- Done invoking toplevel() on ptolemy.moml.MoMLSimpleApplication@763ed08c
reloadAllAccessors: .Expression9

===========================================================================================
----------------- testing Wed Mar 04 08:51:15 UTC 2020 /home/travis/build/icyphy/ptII/ptolemy/actor/lib/test/auto/ExpressionConcatenateArrayType.xml
----------------- Instantiating /home/travis/build/icyphy/ptII/ptolemy/actor/lib/test/auto/ExpressionConcatenateArrayType.xml
2 ms. Memory: 455680K Free: 307028K (67%)
----------------- Invoking toplevel() on ptolemy.moml.MoMLSimpleApplication@62413422
----------------- Done invoking toplevel() on ptolemy.moml.MoMLSimpleApplication@62413422
reloadAllAccessors: .ExpressionConcatenateArrayType

===========================================================================================
----------------- testing Wed Mar 04 08:51:15 UTC 2020 /home/travis/build/icyphy/ptII/ptolemy/actor/lib/test/auto/ExpressionConcatenateArrayType2.xml
----------------- Instantiating /home/travis/build/icyphy/ptII/ptolemy/actor/lib/test/auto/ExpressionConcatenateArrayType2.xml
2 ms. Memory: 455680K Free: 301908K (66%)
----------------- Invoking toplevel() on ptolemy.moml.MoMLSimpleApplication@3457542d
----------------- Done invoking toplevel() on ptolemy.moml.MoMLSimpleApplication@3457542d
reloadAllAccessors: .ExpressionConcatenateArrayType2

===========================================================================================
----------------- testing Wed Mar 04 08:51:15 UTC 2020 /home/travis/build/icyphy/ptII/ptolemy/actor/lib/test/auto/ExpressionFix.xml
----------------- Instantiating /home/travis/build/icyphy/ptII/ptolemy/actor/lib/test/auto/ExpressionFix.xml
22 ms. Memory: 455680K Free: 295254K (65%)
----------------- Invoking toplevel() on ptolemy.moml.MoMLSimpleApplication@6d852fac
----------------- Done invoking toplevel() on ptolemy.moml.MoMLSimpleApplication@6d852fac
reloadAllAccessors: .ExpressionFix

===========================================================================================
----------------- testing Wed Mar 04 08:51:15 UTC 2020 /home/travis/build/icyphy/ptII/ptolemy/actor/lib/test/auto/ExpressionFix2.xml
----------------- Instantiating /home/travis/build/icyphy/ptII/ptolemy/actor/lib/test/auto/ExpressionFix2.xml
4 ms. Memory: 455680K Free: 291158K (64%)
----------------- Invoking toplevel() on ptolemy.moml.MoMLSimpleApplication@4d01ab90
----------------- Done invoking toplevel() on ptolemy.moml.MoMLSimpleApplication@4d01ab90
reloadAllAccessors: .ExpressionFix2

===========================================================================================
----------------- testing Wed Mar 04 08:51:15 UTC 2020 /home/travis/build/icyphy/ptII/ptolemy/actor/lib/test/auto/ExpressionFix3.xml
----------------- Instantiating /home/travis/build/icyphy/ptII/ptolemy/actor/lib/test/auto/ExpressionFix3.xml
2 ms. Memory: 455680K Free: 286548K (63%)
----------------- Invoking toplevel() on ptolemy.moml.MoMLSimpleApplication@619f8fe5
----------------- Done invoking toplevel() on ptolemy.moml.MoMLSimpleApplication@619f8fe5
reloadAllAccessors: .ExpressionFix3

===========================================================================================
----------------- testing Wed Mar 04 08:51:15 UTC 2020 /home/travis/build/icyphy/ptII/ptolemy/actor/lib/test/auto/FileWriter1.xml
----------------- Instantiating /home/travis/build/icyphy/ptII/ptolemy/actor/lib/test/auto/FileWriter1.xml
2 ms. Memory: 455680K Free: 282452K (62%)
----------------- Invoking toplevel() on ptolemy.moml.MoMLSimpleApplication@3ddc2116
----------------- Done invoking toplevel() on ptolemy.moml.MoMLSimpleApplication@3ddc2116
reloadAllAccessors: .FileWriter1

===========================================================================================
----------------- testing Wed Mar 04 08:51:15 UTC 2020 /home/travis/build/icyphy/ptII/ptolemy/actor/lib/test/auto/FileWriter2.xml
----------------- Instantiating /home/travis/build/icyphy/ptII/ptolemy/actor/lib/test/auto/FileWriter2.xml
2 ms. Memory: 455680K Free: 277846K (61%)
----------------- Invoking toplevel() on ptolemy.moml.MoMLSimpleApplication@6fe40242
----------------- Done invoking toplevel() on ptolemy.moml.MoMLSimpleApplication@6fe40242
reloadAllAccessors: .FileWriter2

===========================================================================================
----------------- testing Wed Mar 04 08:51:15 UTC 2020 /home/travis/build/icyphy/ptII/ptolemy/actor/lib/test/auto/FileWriter3.xml
----------------- Instantiating /home/travis/build/icyphy/ptII/ptolemy/actor/lib/test/auto/FileWriter3.xml
2 ms. Memory: 455680K Free: 274260K (60%)
----------------- Invoking toplevel() on ptolemy.moml.MoMLSimpleApplication@49a9fa82
----------------- Done invoking toplevel() on ptolemy.moml.MoMLSimpleApplication@49a9fa82
reloadAllAccessors: .FileWriter3

===========================================================================================
----------------- testing Wed Mar 04 08:51:15 UTC 2020 /home/travis/build/icyphy/ptII/ptolemy/actor/lib/test/auto/Gaussian.xml
----------------- Instantiating /home/travis/build/icyphy/ptII/ptolemy/actor/lib/test/auto/Gaussian.xml
2 ms. Memory: 455680K Free: 269654K (59%)
----------------- Invoking toplevel() on ptolemy.moml.MoMLSimpleApplication@1e8229a0
----------------- Done invoking toplevel() on ptolemy.moml.MoMLSimpleApplication@1e8229a0
reloadAllAccessors: .Gaussian

===========================================================================================
----------------- testing Wed Mar 04 08:51:15 UTC 2020 /home/travis/build/icyphy/ptII/ptolemy/actor/lib/test/auto/Gaussian1.xml
----------------- Instantiating /home/travis/build/icyphy/ptII/ptolemy/actor/lib/test/auto/Gaussian1.xml
2 ms. Memory: 455680K Free: 264006K (58%)
----------------- Invoking toplevel() on ptolemy.moml.MoMLSimpleApplication@20d415be
----------------- Done invoking toplevel() on ptolemy.moml.MoMLSimpleApplication@20d415be
reloadAllAccessors: .Gaussian1

===========================================================================================
----------------- testing Wed Mar 04 08:51:15 UTC 2020 /home/travis/build/icyphy/ptII/ptolemy/actor/lib/test/auto/Gaussian2.xml
----------------- Instantiating /home/travis/build/icyphy/ptII/ptolemy/actor/lib/test/auto/Gaussian2.xml
2 ms. Memory: 455680K Free: 258390K (57%)
----------------- Invoking toplevel() on ptolemy.moml.MoMLSimpleApplication@72bff1a1
----------------- Done invoking toplevel() on ptolemy.moml.MoMLSimpleApplication@72bff1a1
reloadAllAccessors: .Gaussian2

===========================================================================================
----------------- testing Wed Mar 04 08:51:15 UTC 2020 /home/travis/build/icyphy/ptII/ptolemy/actor/lib/test/auto/GradientAdaptiveLattice.xml
----------------- Instantiating /home/travis/build/icyphy/ptII/ptolemy/actor/lib/test/auto/GradientAdaptiveLattice.xml
3 ms. Memory: 455680K Free: 253270K (56%)
----------------- Invoking toplevel() on ptolemy.moml.MoMLSimpleApplication@2c41479a
----------------- Done invoking toplevel() on ptolemy.moml.MoMLSimpleApplication@2c41479a
reloadAllAccessors: .GradientAdaptiveLattice

===========================================================================================
----------------- testing Wed Mar 04 08:51:15 UTC 2020 /home/travis/build/icyphy/ptII/ptolemy/actor/lib/test/auto/IIR.xml
----------------- Instantiating /home/travis/build/icyphy/ptII/ptolemy/actor/lib/test/auto/IIR.xml
1 ms. Memory: 455680K Free: 248660K (55%)
----------------- Invoking toplevel() on ptolemy.moml.MoMLSimpleApplication@4c95fa9f
----------------- Done invoking toplevel() on ptolemy.moml.MoMLSimpleApplication@4c95fa9f
reloadAllAccessors: .IIR

===========================================================================================
----------------- testing Wed Mar 04 08:51:16 UTC 2020 /home/travis/build/icyphy/ptII/ptolemy/actor/lib/test/auto/InputOutputTransparentPorts.xml
----------------- Instantiating /home/travis/build/icyphy/ptII/ptolemy/actor/lib/test/auto/InputOutputTransparentPorts.xml
2 ms. Memory: 455680K Free: 241492K (53%)
----------------- Invoking toplevel() on ptolemy.moml.MoMLSimpleApplication@4b6bd620
----------------- Done invoking toplevel() on ptolemy.moml.MoMLSimpleApplication@4b6bd620
reloadAllAccessors: .InputOutputTransparentPorts

===========================================================================================
----------------- testing Wed Mar 04 08:51:16 UTC 2020 /home/travis/build/icyphy/ptII/ptolemy/actor/lib/test/auto/Interpolator.xml
----------------- Instantiating /home/travis/build/icyphy/ptII/ptolemy/actor/lib/test/auto/Interpolator.xml
3 ms. Memory: 455680K Free: 237908K (52%)
----------------- Invoking toplevel() on ptolemy.moml.MoMLSimpleApplication@1fceac00
----------------- Done invoking toplevel() on ptolemy.moml.MoMLSimpleApplication@1fceac00
reloadAllAccessors: .Interpolator

===========================================================================================
----------------- testing Wed Mar 04 08:51:16 UTC 2020 /home/travis/build/icyphy/ptII/ptolemy/actor/lib/test/auto/InterpolatorFiringLimitDE.xml
----------------- Instantiating /home/travis/build/icyphy/ptII/ptolemy/actor/lib/test/auto/InterpolatorFiringLimitDE.xml
2 ms. Memory: 455680K Free: 231766K (51%)
----------------- Invoking toplevel() on ptolemy.moml.MoMLSimpleApplication@2d373d9a
----------------- Done invoking toplevel() on ptolemy.moml.MoMLSimpleApplication@2d373d9a
reloadAllAccessors: .InterpolatorFiringLimitDE

===========================================================================================
----------------- testing Wed Mar 04 08:51:16 UTC 2020 /home/travis/build/icyphy/ptII/ptolemy/actor/lib/test/auto/Lattice.xml
----------------- Instantiating /home/travis/build/icyphy/ptII/ptolemy/actor/lib/test/auto/Lattice.xml
1 ms. Memory: 455680K Free: 227670K (50%)
----------------- Invoking toplevel() on ptolemy.moml.MoMLSimpleApplication@55a9ab17
----------------- Done invoking toplevel() on ptolemy.moml.MoMLSimpleApplication@55a9ab17
reloadAllAccessors: .Lattice

===========================================================================================
----------------- testing Wed Mar 04 08:51:16 UTC 2020 /home/travis/build/icyphy/ptII/ptolemy/actor/lib/test/auto/LazyAOCTestLazy.xml
----------------- Instantiating /home/travis/build/icyphy/ptII/ptolemy/actor/lib/test/auto/LazyAOCTestLazy.xml
8 ms. Memory: 455680K Free: 221526K (49%)
----------------- Invoking toplevel() on ptolemy.moml.MoMLSimpleApplication@55db86c
----------------- Done invoking toplevel() on ptolemy.moml.MoMLSimpleApplication@55db86c
reloadAllAccessors: .LazyAOCTestLazy

===========================================================================================
----------------- testing Wed Mar 04 08:51:16 UTC 2020 /home/travis/build/icyphy/ptII/ptolemy/actor/lib/test/auto/LazyAOCTestNonLazy.xml
----------------- Instantiating /home/travis/build/icyphy/ptII/ptolemy/actor/lib/test/auto/LazyAOCTestNonLazy.xml
2 ms. Memory: 455680K Free: 214868K (47%)
----------------- Invoking toplevel() on ptolemy.moml.MoMLSimpleApplication@3091e8db
----------------- Done invoking toplevel() on ptolemy.moml.MoMLSimpleApplication@3091e8db
reloadAllAccessors: .LazyAOCTestNonLazy

===========================================================================================
----------------- testing Wed Mar 04 08:51:16 UTC 2020 /home/travis/build/icyphy/ptII/ptolemy/actor/lib/test/auto/LazyInnerClass.xml
----------------- Instantiating /home/travis/build/icyphy/ptII/ptolemy/actor/lib/test/auto/LazyInnerClass.xml
18 ms. Memory: 455680K Free: 206166K (45%)
----------------- Invoking toplevel() on ptolemy.moml.MoMLSimpleApplication@17b51c09
----------------- Done invoking toplevel() on ptolemy.moml.MoMLSimpleApplication@17b51c09
reloadAllAccessors: .LazyInnerClass

===========================================================================================
----------------- testing Wed Mar 04 08:51:16 UTC 2020 /home/travis/build/icyphy/ptII/ptolemy/actor/lib/test/auto/LazyPubSub.xml
----------------- Instantiating /home/travis/build/icyphy/ptII/ptolemy/actor/lib/test/auto/LazyPubSub.xml
16 ms. Memory: 455680K Free: 195926K (43%)
----------------- Invoking toplevel() on ptolemy.moml.MoMLSimpleApplication@1697875b
----------------- Done invoking toplevel() on ptolemy.moml.MoMLSimpleApplication@1697875b
reloadAllAccessors: .LazyPubSub

===========================================================================================
----------------- testing Wed Mar 04 08:51:16 UTC 2020 /home/travis/build/icyphy/ptII/ptolemy/actor/lib/test/auto/LazyPubSub2.xml
----------------- Instantiating /home/travis/build/icyphy/ptII/ptolemy/actor/lib/test/auto/LazyPubSub2.xml
10 ms. Memory: 455680K Free: 185686K (41%)
----------------- Invoking toplevel() on ptolemy.moml.MoMLSimpleApplication@57e49ca9
----------------- Done invoking toplevel() on ptolemy.moml.MoMLSimpleApplication@57e49ca9
reloadAllAccessors: .LazyPubSub2

===========================================================================================
----------------- testing Wed Mar 04 08:51:16 UTC 2020 /home/travis/build/icyphy/ptII/ptolemy/actor/lib/test/auto/LazyPubSub3.xml
----------------- Instantiating /home/travis/build/icyphy/ptII/ptolemy/actor/lib/test/auto/LazyPubSub3.xml
13 ms. Memory: 455680K Free: 175446K (39%)
----------------- Invoking toplevel() on ptolemy.moml.MoMLSimpleApplication@5f0ae819
----------------- Done invoking toplevel() on ptolemy.moml.MoMLSimpleApplication@5f0ae819
reloadAllAccessors: .LazyPubSub3

===========================================================================================
----------------- testing Wed Mar 04 08:51:16 UTC 2020 /home/travis/build/icyphy/ptII/ptolemy/actor/lib/test/auto/LazySubClassModel.xml
----------------- Instantiating /home/travis/build/icyphy/ptII/ptolemy/actor/lib/test/auto/LazySubClassModel.xml
1 ms. Memory: 455680K Free: 166230K (36%)
----------------- Invoking toplevel() on ptolemy.moml.MoMLSimpleApplication@635143ef
----------------- Done invoking toplevel() on ptolemy.moml.MoMLSimpleApplication@635143ef
reloadAllAccessors: .LazySubClassModel

===========================================================================================
----------------- testing Wed Mar 04 08:51:16 UTC 2020 /home/travis/build/icyphy/ptII/ptolemy/actor/lib/test/auto/LevelCrossTest1.xml
----------------- Instantiating /home/travis/build/icyphy/ptII/ptolemy/actor/lib/test/auto/LevelCrossTest1.xml
1 ms. Memory: 455680K Free: 160596K (35%)
----------------- Invoking toplevel() on ptolemy.moml.MoMLSimpleApplication@70c9c7d8
----------------- Done invoking toplevel() on ptolemy.moml.MoMLSimpleApplication@70c9c7d8
reloadAllAccessors: .broken

===========================================================================================
----------------- testing Wed Mar 04 08:51:16 UTC 2020 /home/travis/build/icyphy/ptII/ptolemy/actor/lib/test/auto/LevelCrossTest10.xml
----------------- Instantiating /home/travis/build/icyphy/ptII/ptolemy/actor/lib/test/auto/LevelCrossTest10.xml
1 ms. Memory: 455680K Free: 152918K (34%)
----------------- Invoking toplevel() on ptolemy.moml.MoMLSimpleApplication@42fd7d90
----------------- Done invoking toplevel() on ptolemy.moml.MoMLSimpleApplication@42fd7d90
reloadAllAccessors: .LevelCrossTest10

===========================================================================================
----------------- testing Wed Mar 04 08:51:16 UTC 2020 /home/travis/build/icyphy/ptII/ptolemy/actor/lib/test/auto/LevelCrossTest11.xml
----------------- Instantiating /home/travis/build/icyphy/ptII/ptolemy/actor/lib/test/auto/LevelCrossTest11.xml
1 ms. Memory: 455680K Free: 145750K (32%)
----------------- Invoking toplevel() on ptolemy.moml.MoMLSimpleApplication@358af761
----------------- Done invoking toplevel() on ptolemy.moml.MoMLSimpleApplication@358af761
reloadAllAccessors: .LevelCrossTest11

===========================================================================================
----------------- testing Wed Mar 04 08:51:16 UTC 2020 /home/travis/build/icyphy/ptII/ptolemy/actor/lib/test/auto/LevelCrossTest12.xml
----------------- Instantiating /home/travis/build/icyphy/ptII/ptolemy/actor/lib/test/auto/LevelCrossTest12.xml
1 ms. Memory: 455680K Free: 138582K (30%)
----------------- Invoking toplevel() on ptolemy.moml.MoMLSimpleApplication@5cc2e914
----------------- Done invoking toplevel() on ptolemy.moml.MoMLSimpleApplication@5cc2e914
reloadAllAccessors: .LevelCrossTest12

===========================================================================================
----------------- testing Wed Mar 04 08:51:16 UTC 2020 /home/travis/build/icyphy/ptII/ptolemy/actor/lib/test/auto/LevelCrossTest13.xml
----------------- Instantiating /home/travis/build/icyphy/ptII/ptolemy/actor/lib/test/auto/LevelCrossTest13.xml
2 ms. Memory: 455680K Free: 399878K (88%)
----------------- Invoking toplevel() on ptolemy.moml.MoMLSimpleApplication@38afa77a
----------------- Done invoking toplevel() on ptolemy.moml.MoMLSimpleApplication@38afa77a
reloadAllAccessors: .LevelCrossTest13

===========================================================================================
----------------- testing Wed Mar 04 08:51:16 UTC 2020 /home/travis/build/icyphy/ptII/ptolemy/actor/lib/test/auto/LevelCrossTest2.xml
----------------- Instantiating /home/travis/build/icyphy/ptII/ptolemy/actor/lib/test/auto/LevelCrossTest2.xml
2 ms. Memory: 455680K Free: 394248K (87%)
----------------- Invoking toplevel() on ptolemy.moml.MoMLSimpleApplication@2efca7cc
----------------- Done invoking toplevel() on ptolemy.moml.MoMLSimpleApplication@2efca7cc
reloadAllAccessors: .broken

===========================================================================================
----------------- testing Wed Mar 04 08:51:16 UTC 2020 /home/travis/build/icyphy/ptII/ptolemy/actor/lib/test/auto/LevelCrossTest3.xml
----------------- Instantiating /home/travis/build/icyphy/ptII/ptolemy/actor/lib/test/auto/LevelCrossTest3.xml
1 ms. Memory: 455680K Free: 388104K (85%)
----------------- Invoking toplevel() on ptolemy.moml.MoMLSimpleApplication@684e9577
----------------- Done invoking toplevel() on ptolemy.moml.MoMLSimpleApplication@684e9577
reloadAllAccessors: .LevelCrossTest3

===========================================================================================
----------------- testing Wed Mar 04 08:51:16 UTC 2020 /home/travis/build/icyphy/ptII/ptolemy/actor/lib/test/auto/LevelCrossTest4.xml
----------------- Instantiating /home/travis/build/icyphy/ptII/ptolemy/actor/lib/test/auto/LevelCrossTest4.xml
1 ms. Memory: 455680K Free: 382470K (84%)
----------------- Invoking toplevel() on ptolemy.moml.MoMLSimpleApplication@734793f
----------------- Done invoking toplevel() on ptolemy.moml.MoMLSimpleApplication@734793f
reloadAllAccessors: .broken

===========================================================================================
----------------- testing Wed Mar 04 08:51:16 UTC 2020 /home/travis/build/icyphy/ptII/ptolemy/actor/lib/test/auto/LevelCrossTest5.xml
----------------- Instantiating /home/travis/build/icyphy/ptII/ptolemy/actor/lib/test/auto/LevelCrossTest5.xml
3 ms. Memory: 455680K Free: 375302K (82%)
----------------- Invoking toplevel() on ptolemy.moml.MoMLSimpleApplication@4b00eb62
----------------- Done invoking toplevel() on ptolemy.moml.MoMLSimpleApplication@4b00eb62
reloadAllAccessors: .LevelCrossTest5

===========================================================================================
----------------- testing Wed Mar 04 08:51:16 UTC 2020 /home/travis/build/icyphy/ptII/ptolemy/actor/lib/test/auto/LevelCrossTest6.xml
----------------- Instantiating /home/travis/build/icyphy/ptII/ptolemy/actor/lib/test/auto/LevelCrossTest6.xml
10 ms. Memory: 455680K Free: 368648K (81%)
----------------- Invoking toplevel() on ptolemy.moml.MoMLSimpleApplication@2f48a69b
----------------- Done invoking toplevel() on ptolemy.moml.MoMLSimpleApplication@2f48a69b
reloadAllAccessors: .LevelCrossTest6

===========================================================================================
----------------- testing Wed Mar 04 08:51:16 UTC 2020 /home/travis/build/icyphy/ptII/ptolemy/actor/lib/test/auto/LevelCrossTest7.xml
----------------- Instantiating /home/travis/build/icyphy/ptII/ptolemy/actor/lib/test/auto/LevelCrossTest7.xml
2 ms. Memory: 455680K Free: 360966K (79%)
----------------- Invoking toplevel() on ptolemy.moml.MoMLSimpleApplication@2824f0
----------------- Done invoking toplevel() on ptolemy.moml.MoMLSimpleApplication@2824f0
reloadAllAccessors: .LevelCrossTest7

===========================================================================================
----------------- testing Wed Mar 04 08:51:16 UTC 2020 /home/travis/build/icyphy/ptII/ptolemy/actor/lib/test/auto/LevelCrossTest8.xml
----------------- Instantiating /home/travis/build/icyphy/ptII/ptolemy/actor/lib/test/auto/LevelCrossTest8.xml
1 ms. Memory: 455680K Free: 354312K (78%)
----------------- Invoking toplevel() on ptolemy.moml.MoMLSimpleApplication@7184e33e
----------------- Done invoking toplevel() on ptolemy.moml.MoMLSimpleApplication@7184e33e
reloadAllAccessors: .LevelCrossTest8

===========================================================================================
----------------- testing Wed Mar 04 08:51:16 UTC 2020 /home/travis/build/icyphy/ptII/ptolemy/actor/lib/test/auto/LevelCrossTest9.xml
----------------- Instantiating /home/travis/build/icyphy/ptII/ptolemy/actor/lib/test/auto/LevelCrossTest9.xml
2 ms. Memory: 455680K Free: 347654K (76%)
----------------- Invoking toplevel() on ptolemy.moml.MoMLSimpleApplication@3a401da1
----------------- Done invoking toplevel() on ptolemy.moml.MoMLSimpleApplication@3a401da1
reloadAllAccessors: .LevelCrossTest9

===========================================================================================
----------------- testing Wed Mar 04 08:51:16 UTC 2020 /home/travis/build/icyphy/ptII/ptolemy/actor/lib/test/auto/LevinsonDurbin.xml
----------------- Instantiating /home/travis/build/icyphy/ptII/ptolemy/actor/lib/test/auto/LevinsonDurbin.xml
1 ms. Memory: 455680K Free: 343558K (75%)
----------------- Invoking toplevel() on ptolemy.moml.MoMLSimpleApplication@79a9e392
----------------- Done invoking toplevel() on ptolemy.moml.MoMLSimpleApplication@79a9e392
reloadAllAccessors: .LevinsonDurbin

===========================================================================================
----------------- testing Wed Mar 04 08:51:16 UTC 2020 /home/travis/build/icyphy/ptII/ptolemy/actor/lib/test/auto/LevinsonDurbin2.xml
----------------- Instantiating /home/travis/build/icyphy/ptII/ptolemy/actor/lib/test/auto/LevinsonDurbin2.xml
1 ms. Memory: 455680K Free: 339462K (74%)
----------------- Invoking toplevel() on ptolemy.moml.MoMLSimpleApplication@6f12110d
----------------- Done invoking toplevel() on ptolemy.moml.MoMLSimpleApplication@6f12110d
reloadAllAccessors: .LevinsonDurbin2

===========================================================================================
----------------- testing Wed Mar 04 08:51:16 UTC 2020 /home/travis/build/icyphy/ptII/ptolemy/actor/lib/test/auto/LevinsonDurbin3.xml
----------------- Instantiating /home/travis/build/icyphy/ptII/ptolemy/actor/lib/test/auto/LevinsonDurbin3.xml
2 ms. Memory: 455680K Free: 335366K (74%)
----------------- Invoking toplevel() on ptolemy.moml.MoMLSimpleApplication@4b793dea
----------------- Done invoking toplevel() on ptolemy.moml.MoMLSimpleApplication@4b793dea
reloadAllAccessors: .LevinsonDurbin3

===========================================================================================
----------------- testing Wed Mar 04 08:51:16 UTC 2020 /home/travis/build/icyphy/ptII/ptolemy/actor/lib/test/auto/Limiter.xml
----------------- Instantiating /home/travis/build/icyphy/ptII/ptolemy/actor/lib/test/auto/Limiter.xml
5 ms. Memory: 455680K Free: 326144K (72%)
----------------- Invoking toplevel() on ptolemy.moml.MoMLSimpleApplication@6df041b0
----------------- Done invoking toplevel() on ptolemy.moml.MoMLSimpleApplication@6df041b0
reloadAllAccessors: .Limiter

===========================================================================================
----------------- testing Wed Mar 04 08:51:16 UTC 2020 /home/travis/build/icyphy/ptII/ptolemy/actor/lib/test/auto/LinearDifferenceEquationSystem.xml
----------------- Instantiating /home/travis/build/icyphy/ptII/ptolemy/actor/lib/test/auto/LinearDifferenceEquationSystem.xml
4 ms. Memory: 455680K Free: 318982K (70%)
----------------- Invoking toplevel() on ptolemy.moml.MoMLSimpleApplication@627b4d75
----------------- Done invoking toplevel() on ptolemy.moml.MoMLSimpleApplication@627b4d75
reloadAllAccessors: .LinearDifferenceEquationSystem

===========================================================================================
----------------- testing Wed Mar 04 08:51:16 UTC 2020 /home/travis/build/icyphy/ptII/ptolemy/actor/lib/test/auto/LookupTable.xml
----------------- Instantiating /home/travis/build/icyphy/ptII/ptolemy/actor/lib/test/auto/LookupTable.xml
2 ms. Memory: 455680K Free: 314376K (69%)
----------------- Invoking toplevel() on ptolemy.moml.MoMLSimpleApplication@b5bd396
----------------- Done invoking toplevel() on ptolemy.moml.MoMLSimpleApplication@b5bd396
reloadAllAccessors: .LookupTable

===========================================================================================
----------------- testing Wed Mar 04 08:51:16 UTC 2020 /home/travis/build/icyphy/ptII/ptolemy/actor/lib/test/auto/MathFunction.xml
----------------- Instantiating /home/travis/build/icyphy/ptII/ptolemy/actor/lib/test/auto/MathFunction.xml
2 ms. Memory: 455680K Free: 306184K (67%)
----------------- Invoking toplevel() on ptolemy.moml.MoMLSimpleApplication@17982c33
----------------- Done invoking toplevel() on ptolemy.moml.MoMLSimpleApplication@17982c33
reloadAllAccessors: .MathFunction

===========================================================================================
----------------- testing Wed Mar 04 08:51:16 UTC 2020 /home/travis/build/icyphy/ptII/ptolemy/actor/lib/test/auto/MathFunction2.xml
----------------- Instantiating /home/travis/build/icyphy/ptII/ptolemy/actor/lib/test/auto/MathFunction2.xml
2 ms. Memory: 455680K Free: 302598K (66%)
----------------- Invoking toplevel() on ptolemy.moml.MoMLSimpleApplication@d6172d7
----------------- Done invoking toplevel() on ptolemy.moml.MoMLSimpleApplication@d6172d7
reloadAllAccessors: .MathFunction2

===========================================================================================
----------------- testing Wed Mar 04 08:51:16 UTC 2020 /home/travis/build/icyphy/ptII/ptolemy/actor/lib/test/auto/MathFunction3.xml
----------------- Instantiating /home/travis/build/icyphy/ptII/ptolemy/actor/lib/test/auto/MathFunction3.xml
2 ms. Memory: 455680K Free: 295430K (65%)
----------------- Invoking toplevel() on ptolemy.moml.MoMLSimpleApplication@4a169f4c
----------------- Done invoking toplevel() on ptolemy.moml.MoMLSimpleApplication@4a169f4c
reloadAllAccessors: .MathFunction3

===========================================================================================
----------------- testing Wed Mar 04 08:51:16 UTC 2020 /home/travis/build/icyphy/ptII/ptolemy/actor/lib/test/auto/MatrixCropBoolean.xml
----------------- Instantiating /home/travis/build/icyphy/ptII/ptolemy/actor/lib/test/auto/MatrixCropBoolean.xml
2 ms. Memory: 455680K Free: 290824K (64%)
----------------- Invoking toplevel() on ptolemy.moml.MoMLSimpleApplication@61c58c55
----------------- Done invoking toplevel() on ptolemy.moml.MoMLSimpleApplication@61c58c55
reloadAllAccessors: .MatrixCropBoolean

===========================================================================================
----------------- testing Wed Mar 04 08:51:16 UTC 2020 /home/travis/build/icyphy/ptII/ptolemy/actor/lib/test/auto/MatrixCropComplex.xml
----------------- Instantiating /home/travis/build/icyphy/ptII/ptolemy/actor/lib/test/auto/MatrixCropComplex.xml
2 ms. Memory: 455680K Free: 286214K (63%)
----------------- Invoking toplevel() on ptolemy.moml.MoMLSimpleApplication@3a4f244f
----------------- Done invoking toplevel() on ptolemy.moml.MoMLSimpleApplication@3a4f244f
reloadAllAccessors: .MatrixCropComplex

===========================================================================================
----------------- testing Wed Mar 04 08:51:16 UTC 2020 /home/travis/build/icyphy/ptII/ptolemy/actor/lib/test/auto/MatrixCropDouble.xml
----------------- Instantiating /home/travis/build/icyphy/ptII/ptolemy/actor/lib/test/auto/MatrixCropDouble.xml
2 ms. Memory: 455680K Free: 281080K (62%)
----------------- Invoking toplevel() on ptolemy.moml.MoMLSimpleApplication@1b13d435
----------------- Done invoking toplevel() on ptolemy.moml.MoMLSimpleApplication@1b13d435
reloadAllAccessors: .MatrixCropDouble

===========================================================================================
----------------- testing Wed Mar 04 08:51:16 UTC 2020 /home/travis/build/icyphy/ptII/ptolemy/actor/lib/test/auto/MatrixCropFix.xml
----------------- Instantiating /home/travis/build/icyphy/ptII/ptolemy/actor/lib/test/auto/MatrixCropFix.xml
2 ms. Memory: 455680K Free: 275944K (61%)
----------------- Invoking toplevel() on ptolemy.moml.MoMLSimpleApplication@1cd27b16
----------------- Done invoking toplevel() on ptolemy.moml.MoMLSimpleApplication@1cd27b16
reloadAllAccessors: .MatrixCropFix

===========================================================================================
----------------- testing Wed Mar 04 08:51:16 UTC 2020 /home/travis/build/icyphy/ptII/ptolemy/actor/lib/test/auto/MatrixCropInt.xml
----------------- Instantiating /home/travis/build/icyphy/ptII/ptolemy/actor/lib/test/auto/MatrixCropInt.xml
1 ms. Memory: 455680K Free: 270840K (59%)
----------------- Invoking toplevel() on ptolemy.moml.MoMLSimpleApplication@73419b01
----------------- Done invoking toplevel() on ptolemy.moml.MoMLSimpleApplication@73419b01
reloadAllAccessors: .MatrixCropInt

===========================================================================================
----------------- testing Wed Mar 04 08:51:16 UTC 2020 /home/travis/build/icyphy/ptII/ptolemy/actor/lib/test/auto/MatrixCropLong.xml
----------------- Instantiating /home/travis/build/icyphy/ptII/ptolemy/actor/lib/test/auto/MatrixCropLong.xml
2 ms. Memory: 455680K Free: 265704K (58%)
----------------- Invoking toplevel() on ptolemy.moml.MoMLSimpleApplication@515c65cc
----------------- Done invoking toplevel() on ptolemy.moml.MoMLSimpleApplication@515c65cc
reloadAllAccessors: .MatrixCropLong

===========================================================================================
----------------- testing Wed Mar 04 08:51:16 UTC 2020 /home/travis/build/icyphy/ptII/ptolemy/actor/lib/test/auto/MatrixToArray.xml
----------------- Instantiating /home/travis/build/icyphy/ptII/ptolemy/actor/lib/test/auto/MatrixToArray.xml
5 ms. Memory: 455680K Free: 250374K (55%)
----------------- Invoking toplevel() on ptolemy.moml.MoMLSimpleApplication@2eed8785
----------------- Done invoking toplevel() on ptolemy.moml.MoMLSimpleApplication@2eed8785
reloadAllAccessors: .MatrixToArray

===========================================================================================
----------------- testing Wed Mar 04 08:51:16 UTC 2020 /home/travis/build/icyphy/ptII/ptolemy/actor/lib/test/auto/MaxIndex.xml
----------------- Instantiating /home/travis/build/icyphy/ptII/ptolemy/actor/lib/test/auto/MaxIndex.xml
2 ms. Memory: 455680K Free: 245254K (54%)
----------------- Invoking toplevel() on ptolemy.moml.MoMLSimpleApplication@7c07351d
----------------- Done invoking toplevel() on ptolemy.moml.MoMLSimpleApplication@7c07351d
reloadAllAccessors: .MaxIndex

===========================================================================================
----------------- testing Wed Mar 04 08:51:16 UTC 2020 /home/travis/build/icyphy/ptII/ptolemy/actor/lib/test/auto/Maximum.xml
----------------- Instantiating /home/travis/build/icyphy/ptII/ptolemy/actor/lib/test/auto/Maximum.xml
6 ms. Memory: 455680K Free: 238600K (52%)
----------------- Invoking toplevel() on ptolemy.moml.MoMLSimpleApplication@2fbc8a20
----------------- Done invoking toplevel() on ptolemy.moml.MoMLSimpleApplication@2fbc8a20
reloadAllAccessors: .Maximum

===========================================================================================
----------------- testing Wed Mar 04 08:51:16 UTC 2020 /home/travis/build/icyphy/ptII/ptolemy/actor/lib/test/auto/MaximumComplex.xml
----------------- Instantiating /home/travis/build/icyphy/ptII/ptolemy/actor/lib/test/auto/MaximumComplex.xml
5 ms. Memory: 455680K Free: 232456K (51%)
----------------- Invoking toplevel() on ptolemy.moml.MoMLSimpleApplication@6879954e
----------------- Done invoking toplevel() on ptolemy.moml.MoMLSimpleApplication@6879954e
reloadAllAccessors: .MaximumComplex

===========================================================================================
----------------- testing Wed Mar 04 08:51:16 UTC 2020 /home/travis/build/icyphy/ptII/ptolemy/actor/lib/test/auto/MethodCallTest.xml
----------------- Instantiating /home/travis/build/icyphy/ptII/ptolemy/actor/lib/test/auto/MethodCallTest.xml
2 ms. Memory: 455680K Free: 225798K (50%)
----------------- Invoking toplevel() on ptolemy.moml.MoMLSimpleApplication@64df07e2
----------------- Done invoking toplevel() on ptolemy.moml.MoMLSimpleApplication@64df07e2
reloadAllAccessors: .MethodCallTest

===========================================================================================
----------------- testing Wed Mar 04 08:51:17 UTC 2020 /home/travis/build/icyphy/ptII/ptolemy/actor/lib/test/auto/Minimum.xml
----------------- Instantiating /home/travis/build/icyphy/ptII/ptolemy/actor/lib/test/auto/Minimum.xml
3 ms. Memory: 455680K Free: 219144K (48%)
----------------- Invoking toplevel() on ptolemy.moml.MoMLSimpleApplication@4de6eb47
----------------- Done invoking toplevel() on ptolemy.moml.MoMLSimpleApplication@4de6eb47
reloadAllAccessors: .Minimum

===========================================================================================
----------------- testing Wed Mar 04 08:51:17 UTC 2020 /home/travis/build/icyphy/ptII/ptolemy/actor/lib/test/auto/MinimumComplex.xml
----------------- Instantiating /home/travis/build/icyphy/ptII/ptolemy/actor/lib/test/auto/MinimumComplex.xml
3 ms. Memory: 455680K Free: 213000K (47%)
----------------- Invoking toplevel() on ptolemy.moml.MoMLSimpleApplication@7e18d084
----------------- Done invoking toplevel() on ptolemy.moml.MoMLSimpleApplication@7e18d084
reloadAllAccessors: .MinimumComplex

===========================================================================================
----------------- testing Wed Mar 04 08:51:17 UTC 2020 /home/travis/build/icyphy/ptII/ptolemy/actor/lib/test/auto/MinimumMultiports.xml
----------------- Instantiating /home/travis/build/icyphy/ptII/ptolemy/actor/lib/test/auto/MinimumMultiports.xml
4 ms. Memory: 455680K Free: 204280K (45%)
----------------- Invoking toplevel() on ptolemy.moml.MoMLSimpleApplication@6dbe0d74
----------------- Done invoking toplevel() on ptolemy.moml.MoMLSimpleApplication@6dbe0d74
reloadAllAccessors: .MinimumMultiports

===========================================================================================
----------------- testing Wed Mar 04 08:51:17 UTC 2020 /home/travis/build/icyphy/ptII/ptolemy/actor/lib/test/auto/ModifyDate.xml
----------------- Instantiating /home/travis/build/icyphy/ptII/ptolemy/actor/lib/test/auto/ModifyDate.xml
9 ms. Memory: 455680K Free: 191496K (42%)
----------------- Invoking toplevel() on ptolemy.moml.MoMLSimpleApplication@1d0d31
----------------- Done invoking toplevel() on ptolemy.moml.MoMLSimpleApplication@1d0d31
reloadAllAccessors: .ModifyDate

===========================================================================================
----------------- testing Wed Mar 04 08:51:17 UTC 2020 /home/travis/build/icyphy/ptII/ptolemy/actor/lib/test/auto/ModifyDate2.xml
----------------- Instantiating /home/travis/build/icyphy/ptII/ptolemy/actor/lib/test/auto/ModifyDate2.xml
3 ms. Memory: 455680K Free: 182790K (40%)
----------------- Invoking toplevel() on ptolemy.moml.MoMLSimpleApplication@4ad3e5a8
----------------- Done invoking toplevel() on ptolemy.moml.MoMLSimpleApplication@4ad3e5a8
reloadAllAccessors: .ModifyDate2

===========================================================================================
----------------- testing Wed Mar 04 08:51:17 UTC 2020 /home/travis/build/icyphy/ptII/ptolemy/actor/lib/test/auto/MovingAverage.xml
----------------- Instantiating /home/travis/build/icyphy/ptII/ptolemy/actor/lib/test/auto/MovingAverage.xml
2 ms. Memory: 455680K Free: 177670K (39%)
----------------- Invoking toplevel() on ptolemy.moml.MoMLSimpleApplication@3ef42132
----------------- Done invoking toplevel() on ptolemy.moml.MoMLSimpleApplication@3ef42132
reloadAllAccessors: .MovingAverage

===========================================================================================
----------------- testing Wed Mar 04 08:51:17 UTC 2020 /home/travis/build/icyphy/ptII/ptolemy/actor/lib/test/auto/MovingMaximum.xml
----------------- Instantiating /home/travis/build/icyphy/ptII/ptolemy/actor/lib/test/auto/MovingMaximum.xml
2 ms. Memory: 455680K Free: 173064K (38%)
----------------- Invoking toplevel() on ptolemy.moml.MoMLSimpleApplication@6262bc04
----------------- Done invoking toplevel() on ptolemy.moml.MoMLSimpleApplication@6262bc04
reloadAllAccessors: .MovingMaximum

===========================================================================================
----------------- testing Wed Mar 04 08:51:17 UTC 2020 /home/travis/build/icyphy/ptII/ptolemy/actor/lib/test/auto/MultipleLinksToSameRelation.xml
----------------- Instantiating /home/travis/build/icyphy/ptII/ptolemy/actor/lib/test/auto/MultipleLinksToSameRelation.xml
1 ms. Memory: 455680K Free: 168968K (37%)
----------------- Invoking toplevel() on ptolemy.moml.MoMLSimpleApplication@76037518
----------------- Done invoking toplevel() on ptolemy.moml.MoMLSimpleApplication@76037518
reloadAllAccessors: .MultipleLinksToSameRelation

===========================================================================================
----------------- testing Wed Mar 04 08:51:17 UTC 2020 /home/travis/build/icyphy/ptII/ptolemy/actor/lib/test/auto/MultipleLinksToSameRelationDE.xml
----------------- Instantiating /home/travis/build/icyphy/ptII/ptolemy/actor/lib/test/auto/MultipleLinksToSameRelationDE.xml
10 ms. Memory: 455680K Free: 164344K (36%)
----------------- Invoking toplevel() on ptolemy.moml.MoMLSimpleApplication@3eb32deb
----------------- Done invoking toplevel() on ptolemy.moml.MoMLSimpleApplication@3eb32deb
reloadAllAccessors: .MultipleLinksToSameRelationDE

===========================================================================================
----------------- testing Wed Mar 04 08:51:17 UTC 2020 /home/travis/build/icyphy/ptII/ptolemy/actor/lib/test/auto/Multiplexor.xml
----------------- Instantiating /home/travis/build/icyphy/ptII/ptolemy/actor/lib/test/auto/Multiplexor.xml
2 ms. Memory: 455680K Free: 158728K (35%)
----------------- Invoking toplevel() on ptolemy.moml.MoMLSimpleApplication@6fed2212
----------------- Done invoking toplevel() on ptolemy.moml.MoMLSimpleApplication@6fed2212
reloadAllAccessors: .Multiplexor

===========================================================================================
----------------- testing Wed Mar 04 08:51:17 UTC 2020 /home/travis/build/icyphy/ptII/ptolemy/actor/lib/test/auto/Multiplexor1.xml
----------------- Instantiating /home/travis/build/icyphy/ptII/ptolemy/actor/lib/test/auto/Multiplexor1.xml
2 ms. Memory: 455680K Free: 153088K (34%)
----------------- Invoking toplevel() on ptolemy.moml.MoMLSimpleApplication@51ebac8b
----------------- Done invoking toplevel() on ptolemy.moml.MoMLSimpleApplication@51ebac8b
reloadAllAccessors: .Multiplexor1

===========================================================================================
----------------- testing Wed Mar 04 08:51:17 UTC 2020 /home/travis/build/icyphy/ptII/ptolemy/actor/lib/test/auto/Multiplexor2.xml
----------------- Instantiating /home/travis/build/icyphy/ptII/ptolemy/actor/lib/test/auto/Multiplexor2.xml
6 ms. Memory: 455680K Free: 146440K (32%)
----------------- Invoking toplevel() on ptolemy.moml.MoMLSimpleApplication@7345e9b7
----------------- Done invoking toplevel() on ptolemy.moml.MoMLSimpleApplication@7345e9b7
reloadAllAccessors: .Multiplexor2

===========================================================================================
----------------- testing Wed Mar 04 08:51:17 UTC 2020 /home/travis/build/icyphy/ptII/ptolemy/actor/lib/test/auto/Multiplexor3.xml
----------------- Instantiating /home/travis/build/icyphy/ptII/ptolemy/actor/lib/test/auto/Multiplexor3.xml
2 ms. Memory: 455680K Free: 142344K (31%)
----------------- Invoking toplevel() on ptolemy.moml.MoMLSimpleApplication@5e18df76
----------------- Done invoking toplevel() on ptolemy.moml.MoMLSimpleApplication@5e18df76
reloadAllAccessors: .Multiplexor3

===========================================================================================
----------------- testing Wed Mar 04 08:51:17 UTC 2020 /home/travis/build/icyphy/ptII/ptolemy/actor/lib/test/auto/MultiplexorDE.xml
----------------- Instantiating /home/travis/build/icyphy/ptII/ptolemy/actor/lib/test/auto/MultiplexorDE.xml
2 ms. Memory: 455680K Free: 403635K (89%)
----------------- Invoking toplevel() on ptolemy.moml.MoMLSimpleApplication@732f7529
----------------- Done invoking toplevel() on ptolemy.moml.MoMLSimpleApplication@732f7529
reloadAllAccessors: .MultiplexorDE

===========================================================================================
----------------- testing Wed Mar 04 08:51:17 UTC 2020 /home/travis/build/icyphy/ptII/ptolemy/actor/lib/test/auto/MultiportBroadcastTest.xml
----------------- Instantiating /home/travis/build/icyphy/ptII/ptolemy/actor/lib/test/auto/MultiportBroadcastTest.xml
94 ms. Memory: 455680K Free: 396981K (87%)
----------------- Invoking toplevel() on ptolemy.moml.MoMLSimpleApplication@5603b559
----------------- Done invoking toplevel() on ptolemy.moml.MoMLSimpleApplication@5603b559
reloadAllAccessors: .MultiportBroadcastTest

===========================================================================================
----------------- testing Wed Mar 04 08:51:17 UTC 2020 /home/travis/build/icyphy/ptII/ptolemy/actor/lib/test/auto/MultiportOutHangDuringGetWidth.xml
----------------- Instantiating /home/travis/build/icyphy/ptII/ptolemy/actor/lib/test/auto/MultiportOutHangDuringGetWidth.xml
5 ms. Memory: 455680K Free: 384693K (84%)
----------------- Invoking toplevel() on ptolemy.moml.MoMLSimpleApplication@64bc8d77
----------------- Done invoking toplevel() on ptolemy.moml.MoMLSimpleApplication@64bc8d77
reloadAllAccessors: .MultiportOutHangDuringGetWidth

===========================================================================================
----------------- testing Wed Mar 04 08:51:17 UTC 2020 /home/travis/build/icyphy/ptII/ptolemy/actor/lib/test/auto/NilToken.xml
----------------- Instantiating /home/travis/build/icyphy/ptII/ptolemy/actor/lib/test/auto/NilToken.xml
1 ms. Memory: 455680K Free: 380597K (84%)
----------------- Invoking toplevel() on ptolemy.moml.MoMLSimpleApplication@5426765e
----------------- Done invoking toplevel() on ptolemy.moml.MoMLSimpleApplication@5426765e
reloadAllAccessors: .NilToken

===========================================================================================
----------------- testing Wed Mar 04 08:51:17 UTC 2020 /home/travis/build/icyphy/ptII/ptolemy/actor/lib/test/auto/NilTokenNonStrictTest.xml
----------------- Instantiating /home/travis/build/icyphy/ptII/ptolemy/actor/lib/test/auto/NilTokenNonStrictTest.xml
4 ms. Memory: 455680K Free: 375973K (83%)
----------------- Invoking toplevel() on ptolemy.moml.MoMLSimpleApplication@2f240d65
----------------- Done invoking toplevel() on ptolemy.moml.MoMLSimpleApplication@2f240d65
reloadAllAccessors: .NilTokenNonStrictTest

===========================================================================================
----------------- testing Wed Mar 04 08:51:17 UTC 2020 /home/travis/build/icyphy/ptII/ptolemy/actor/lib/test/auto/NilTokenRecord.xml
----------------- Instantiating /home/travis/build/icyphy/ptII/ptolemy/actor/lib/test/auto/NilTokenRecord.xml
11 ms. Memory: 455680K Free: 369333K (81%)
----------------- Invoking toplevel() on ptolemy.moml.MoMLSimpleApplication@32ddb123
----------------- Done invoking toplevel() on ptolemy.moml.MoMLSimpleApplication@32ddb123
reloadAllAccessors: .NilTokenRecord

===========================================================================================
----------------- testing Wed Mar 04 08:51:17 UTC 2020 /home/travis/build/icyphy/ptII/ptolemy/actor/lib/test/auto/NilTokenTypeTest.xml
----------------- Instantiating /home/travis/build/icyphy/ptII/ptolemy/actor/lib/test/auto/NilTokenTypeTest.xml
3 ms. Memory: 455680K Free: 359603K (79%)
----------------- Invoking toplevel() on ptolemy.moml.MoMLSimpleApplication@1adda3f5
----------------- Done invoking toplevel() on ptolemy.moml.MoMLSimpleApplication@1adda3f5
reloadAllAccessors: .NilTokenTypeTest

===========================================================================================
----------------- testing Wed Mar 04 08:51:17 UTC 2020 /home/travis/build/icyphy/ptII/ptolemy/actor/lib/test/auto/ObjectToken1.xml
----------------- Instantiating /home/travis/build/icyphy/ptII/ptolemy/actor/lib/test/auto/ObjectToken1.xml
2 ms. Memory: 455680K Free: 355507K (78%)
----------------- Invoking toplevel() on ptolemy.moml.MoMLSimpleApplication@7b3fff58
----------------- Done invoking toplevel() on ptolemy.moml.MoMLSimpleApplication@7b3fff58
reloadAllAccessors: .ObjectToken1

===========================================================================================
----------------- testing Wed Mar 04 08:51:17 UTC 2020 /home/travis/build/icyphy/ptII/ptolemy/actor/lib/test/auto/OrderedMerge.xml
----------------- Instantiating /home/travis/build/icyphy/ptII/ptolemy/actor/lib/test/auto/OrderedMerge.xml
10 ms. Memory: 455680K Free: 349877K (77%)
----------------- Invoking toplevel() on ptolemy.moml.MoMLSimpleApplication@60da781e
----------------- Done invoking toplevel() on ptolemy.moml.MoMLSimpleApplication@60da781e
reloadAllAccessors: .OrderedMerge

===========================================================================================
----------------- testing Wed Mar 04 08:51:17 UTC 2020 /home/travis/build/icyphy/ptII/ptolemy/actor/lib/test/auto/OrderedRecordDisassembler.xml
----------------- Instantiating /home/travis/build/icyphy/ptII/ptolemy/actor/lib/test/auto/OrderedRecordDisassembler.xml
4 ms. Memory: 455680K Free: 344757K (76%)
----------------- Invoking toplevel() on ptolemy.moml.MoMLSimpleApplication@544977da
----------------- Done invoking toplevel() on ptolemy.moml.MoMLSimpleApplication@544977da
reloadAllAccessors: .OrderedRecordDisassembler

===========================================================================================
----------------- testing Wed Mar 04 08:51:17 UTC 2020 /home/travis/build/icyphy/ptII/ptolemy/actor/lib/test/auto/OrderedRecordDisassembler2.xml
----------------- Instantiating /home/travis/build/icyphy/ptII/ptolemy/actor/lib/test/auto/OrderedRecordDisassembler2.xml
4 ms. Memory: 455680K Free: 337061K (74%)
----------------- Invoking toplevel() on ptolemy.moml.MoMLSimpleApplication@630c89c5
----------------- Done invoking toplevel() on ptolemy.moml.MoMLSimpleApplication@630c89c5
reloadAllAccessors: .OrderedRecordDisassembler2

===========================================================================================
----------------- testing Wed Mar 04 08:51:17 UTC 2020 /home/travis/build/icyphy/ptII/ptolemy/actor/lib/test/auto/OrderedRecordUpdater.xml
----------------- Instantiating /home/travis/build/icyphy/ptII/ptolemy/actor/lib/test/auto/OrderedRecordUpdater.xml
1 ms. Memory: 455680K Free: 331955K (73%)
----------------- Invoking toplevel() on ptolemy.moml.MoMLSimpleApplication@255934ed
----------------- Done invoking toplevel() on ptolemy.moml.MoMLSimpleApplication@255934ed
reloadAllAccessors: .RecordUpdater

===========================================================================================
----------------- testing Wed Mar 04 08:51:17 UTC 2020 /home/travis/build/icyphy/ptII/ptolemy/actor/lib/test/auto/OrderedRecordUpdater2.xml
----------------- Instantiating /home/travis/build/icyphy/ptII/ptolemy/actor/lib/test/auto/OrderedRecordUpdater2.xml
3 ms. Memory: 455680K Free: 326835K (72%)
----------------- Invoking toplevel() on ptolemy.moml.MoMLSimpleApplication@6d81017c
----------------- Done invoking toplevel() on ptolemy.moml.MoMLSimpleApplication@6d81017c
reloadAllAccessors: .RecordUpdater2

===========================================================================================
----------------- testing Wed Mar 04 08:51:17 UTC 2020 /home/travis/build/icyphy/ptII/ptolemy/actor/lib/test/auto/PhaseUnwrap.xml
----------------- Instantiating /home/travis/build/icyphy/ptII/ptolemy/actor/lib/test/auto/PhaseUnwrap.xml
2 ms. Memory: 455680K Free: 322229K (71%)
----------------- Invoking toplevel() on ptolemy.moml.MoMLSimpleApplication@4a1bf0dc
----------------- Done invoking toplevel() on ptolemy.moml.MoMLSimpleApplication@4a1bf0dc
reloadAllAccessors: .PhaseUnwrap

===========================================================================================
----------------- testing Wed Mar 04 08:51:17 UTC 2020 /home/travis/build/icyphy/ptII/ptolemy/actor/lib/test/auto/PoissonClock.xml
----------------- Instantiating /home/travis/build/icyphy/ptII/ptolemy/actor/lib/test/auto/PoissonClock.xml
1 ms. Memory: 455680K Free: 318133K (70%)
----------------- Invoking toplevel() on ptolemy.moml.MoMLSimpleApplication@42fc2f1b
----------------- Done invoking toplevel() on ptolemy.moml.MoMLSimpleApplication@42fc2f1b
reloadAllAccessors: .PoissonClock

===========================================================================================
----------------- testing Wed Mar 04 08:51:17 UTC 2020 /home/travis/build/icyphy/ptII/ptolemy/actor/lib/test/auto/PoissonClock2.xml
----------------- Instantiating /home/travis/build/icyphy/ptII/ptolemy/actor/lib/test/auto/PoissonClock2.xml
1 ms. Memory: 455680K Free: 313523K (69%)
----------------- Invoking toplevel() on ptolemy.moml.MoMLSimpleApplication@526a2b3f
----------------- Done invoking toplevel() on ptolemy.moml.MoMLSimpleApplication@526a2b3f
reloadAllAccessors: .PoissonClock2

===========================================================================================
----------------- testing Wed Mar 04 08:51:17 UTC 2020 /home/travis/build/icyphy/ptII/ptolemy/actor/lib/test/auto/PoissonClock3.xml
----------------- Instantiating /home/travis/build/icyphy/ptII/ptolemy/actor/lib/test/auto/PoissonClock3.xml
1 ms. Memory: 455680K Free: 308917K (68%)
----------------- Invoking toplevel() on ptolemy.moml.MoMLSimpleApplication@4dfb7375
----------------- Done invoking toplevel() on ptolemy.moml.MoMLSimpleApplication@4dfb7375
reloadAllAccessors: .PoissonClock3

===========================================================================================
----------------- testing Wed Mar 04 08:51:17 UTC 2020 /home/travis/build/icyphy/ptII/ptolemy/actor/lib/test/auto/PubSubWithInitialTokens.xml
----------------- Instantiating /home/travis/build/icyphy/ptII/ptolemy/actor/lib/test/auto/PubSubWithInitialTokens.xml
2 ms. Memory: 455680K Free: 303253K (67%)
----------------- Invoking toplevel() on ptolemy.moml.MoMLSimpleApplication@4ff44883
----------------- Done invoking toplevel() on ptolemy.moml.MoMLSimpleApplication@4ff44883
reloadAllAccessors: .PubSubWithInitialTokens

===========================================================================================
----------------- testing Wed Mar 04 08:51:17 UTC 2020 /home/travis/build/icyphy/ptII/ptolemy/actor/lib/test/auto/PubSubWithInitialTokens2.xml
----------------- Instantiating /home/travis/build/icyphy/ptII/ptolemy/actor/lib/test/auto/PubSubWithInitialTokens2.xml
1 ms. Memory: 455680K Free: 297133K (65%)
----------------- Invoking toplevel() on ptolemy.moml.MoMLSimpleApplication@55d8b6c7
----------------- Done invoking toplevel() on ptolemy.moml.MoMLSimpleApplication@55d8b6c7
reloadAllAccessors: .PubSubWithInitialTokens2

===========================================================================================
----------------- testing Wed Mar 04 08:51:17 UTC 2020 /home/travis/build/icyphy/ptII/ptolemy/actor/lib/test/auto/PublisherClassNoParameter.xml
----------------- Instantiating /home/travis/build/icyphy/ptII/ptolemy/actor/lib/test/auto/PublisherClassNoParameter.xml
2 ms. Memory: 455680K Free: 287413K (63%)
----------------- Invoking toplevel() on ptolemy.moml.MoMLSimpleApplication@4ae3c12f
----------------- Done invoking toplevel() on ptolemy.moml.MoMLSimpleApplication@4ae3c12f
reloadAllAccessors: .PublisherClassNoParameter

===========================================================================================
----------------- testing Wed Mar 04 08:51:17 UTC 2020 /home/travis/build/icyphy/ptII/ptolemy/actor/lib/test/auto/PublisherClassParameter.xml
----------------- Instantiating /home/travis/build/icyphy/ptII/ptolemy/actor/lib/test/auto/PublisherClassParameter.xml
2 ms. Memory: 455680K Free: 276659K (61%)
----------------- Invoking toplevel() on ptolemy.moml.MoMLSimpleApplication@2f7db948
----------------- Done invoking toplevel() on ptolemy.moml.MoMLSimpleApplication@2f7db948
reloadAllAccessors: .PublisherClassParameter

===========================================================================================
----------------- testing Wed Mar 04 08:51:17 UTC 2020 /home/travis/build/icyphy/ptII/ptolemy/actor/lib/test/auto/PublisherNonStrictTest.xml
----------------- Instantiating /home/travis/build/icyphy/ptII/ptolemy/actor/lib/test/auto/PublisherNonStrictTest.xml
2 ms. Memory: 455680K Free: 268981K (59%)
----------------- Invoking toplevel() on ptolemy.moml.MoMLSimpleApplication@6aa00886
----------------- Done invoking toplevel() on ptolemy.moml.MoMLSimpleApplication@6aa00886
reloadAllAccessors: .PublisherNonStrictTest

===========================================================================================
----------------- testing Wed Mar 04 08:51:17 UTC 2020 /home/travis/build/icyphy/ptII/ptolemy/actor/lib/test/auto/PublisherPort1.xml
----------------- Instantiating /home/travis/build/icyphy/ptII/ptolemy/actor/lib/test/auto/PublisherPort1.xml
2 ms. Memory: 455680K Free: 263333K (58%)
----------------- Invoking toplevel() on ptolemy.moml.MoMLSimpleApplication@2abaa8f1
----------------- Done invoking toplevel() on ptolemy.moml.MoMLSimpleApplication@2abaa8f1
reloadAllAccessors: .PublisherPort1

===========================================================================================
----------------- testing Wed Mar 04 08:51:17 UTC 2020 /home/travis/build/icyphy/ptII/ptolemy/actor/lib/test/auto/PublisherPort2.xml
----------------- Instantiating /home/travis/build/icyphy/ptII/ptolemy/actor/lib/test/auto/PublisherPort2.xml
1 ms. Memory: 455680K Free: 258227K (57%)
----------------- Invoking toplevel() on ptolemy.moml.MoMLSimpleApplication@1afebb0
----------------- Done invoking toplevel() on ptolemy.moml.MoMLSimpleApplication@1afebb0
reloadAllAccessors: .PublisherPort2

===========================================================================================
----------------- testing Wed Mar 04 08:51:17 UTC 2020 /home/travis/build/icyphy/ptII/ptolemy/actor/lib/test/auto/PublisherPort3.xml
----------------- Instantiating /home/travis/build/icyphy/ptII/ptolemy/actor/lib/test/auto/PublisherPort3.xml
11 ms. Memory: 455680K Free: 251573K (55%)
----------------- Invoking toplevel() on ptolemy.moml.MoMLSimpleApplication@6bf2f162
----------------- Done invoking toplevel() on ptolemy.moml.MoMLSimpleApplication@6bf2f162
reloadAllAccessors: .PublisherPort3

===========================================================================================
----------------- testing Wed Mar 04 08:51:17 UTC 2020 /home/travis/build/icyphy/ptII/ptolemy/actor/lib/test/auto/PublisherPort4.xml
----------------- Instantiating /home/travis/build/icyphy/ptII/ptolemy/actor/lib/test/auto/PublisherPort4.xml
1 ms. Memory: 455680K Free: 245925K (54%)
----------------- Invoking toplevel() on ptolemy.moml.MoMLSimpleApplication@aef9b6f
----------------- Done invoking toplevel() on ptolemy.moml.MoMLSimpleApplication@aef9b6f
reloadAllAccessors: .PublisherPort4

===========================================================================================
----------------- testing Wed Mar 04 08:51:17 UTC 2020 /home/travis/build/icyphy/ptII/ptolemy/actor/lib/test/auto/PublisherPort5.xml
----------------- Instantiating /home/travis/build/icyphy/ptII/ptolemy/actor/lib/test/auto/PublisherPort5.xml
3 ms. Memory: 455680K Free: 238261K (52%)
----------------- Invoking toplevel() on ptolemy.moml.MoMLSimpleApplication@3febf1d1
----------------- Done invoking toplevel() on ptolemy.moml.MoMLSimpleApplication@3febf1d1
reloadAllAccessors: .PublisherPort5

===========================================================================================
----------------- testing Wed Mar 04 08:51:17 UTC 2020 /home/travis/build/icyphy/ptII/ptolemy/actor/lib/test/auto/PublisherPort5LookAlike.xml
----------------- Instantiating /home/travis/build/icyphy/ptII/ptolemy/actor/lib/test/auto/PublisherPort5LookAlike.xml
8 ms. Memory: 455680K Free: 230579K (51%)
----------------- Invoking toplevel() on ptolemy.moml.MoMLSimpleApplication@737c2271
----------------- Done invoking toplevel() on ptolemy.moml.MoMLSimpleApplication@737c2271
reloadAllAccessors: .PublisherPort5LookAlike

===========================================================================================
----------------- testing Wed Mar 04 08:51:17 UTC 2020 /home/travis/build/icyphy/ptII/ptolemy/actor/lib/test/auto/PublisherPort6.xml
----------------- Instantiating /home/travis/build/icyphy/ptII/ptolemy/actor/lib/test/auto/PublisherPort6.xml
2 ms. Memory: 455680K Free: 223925K (49%)
----------------- Invoking toplevel() on ptolemy.moml.MoMLSimpleApplication@47c3727c
----------------- Done invoking toplevel() on ptolemy.moml.MoMLSimpleApplication@47c3727c
reloadAllAccessors: .PublisherPort6

===========================================================================================
----------------- testing Wed Mar 04 08:51:17 UTC 2020 /home/travis/build/icyphy/ptII/ptolemy/actor/lib/test/auto/PublisherPort7.xml
----------------- Instantiating /home/travis/build/icyphy/ptII/ptolemy/actor/lib/test/auto/PublisherPort7.xml
3 ms. Memory: 455680K Free: 216243K (47%)
----------------- Invoking toplevel() on ptolemy.moml.MoMLSimpleApplication@7b27e1b7
----------------- Done invoking toplevel() on ptolemy.moml.MoMLSimpleApplication@7b27e1b7
reloadAllAccessors: .PublisherPort7

===========================================================================================
----------------- testing Wed Mar 04 08:51:17 UTC 2020 /home/travis/build/icyphy/ptII/ptolemy/actor/lib/test/auto/PublisherPort8.xml
----------------- Instantiating /home/travis/build/icyphy/ptII/ptolemy/actor/lib/test/auto/PublisherPort8.xml
7 ms. Memory: 455680K Free: 207541K (46%)
----------------- Invoking toplevel() on ptolemy.moml.MoMLSimpleApplication@29a7d050
----------------- Done invoking toplevel() on ptolemy.moml.MoMLSimpleApplication@29a7d050
reloadAllAccessors: .PublisherPort8

===========================================================================================
----------------- testing Wed Mar 04 08:51:18 UTC 2020 /home/travis/build/icyphy/ptII/ptolemy/actor/lib/test/auto/PublisherPortSubscriberChannelVariablesAOC2.xml
----------------- Instantiating /home/travis/build/icyphy/ptII/ptolemy/actor/lib/test/auto/PublisherPortSubscriberChannelVariablesAOC2.xml
3 ms. Memory: 455680K Free: 189109K (42%)
----------------- Invoking toplevel() on ptolemy.moml.MoMLSimpleApplication@77725b01
----------------- Done invoking toplevel() on ptolemy.moml.MoMLSimpleApplication@77725b01
reloadAllAccessors: .PublisherPortSubscriberChannelVariablesAOC2

===========================================================================================
----------------- testing Wed Mar 04 08:51:18 UTC 2020 /home/travis/build/icyphy/ptII/ptolemy/actor/lib/test/auto/PublisherPortSubscriberOpaqueWidthInference.xml
----------------- Instantiating /home/travis/build/icyphy/ptII/ptolemy/actor/lib/test/auto/PublisherPortSubscriberOpaqueWidthInference.xml
4 ms. Memory: 455680K Free: 181421K (40%)
----------------- Invoking toplevel() on ptolemy.moml.MoMLSimpleApplication@2385eafd
----------------- Done invoking toplevel() on ptolemy.moml.MoMLSimpleApplication@2385eafd
reloadAllAccessors: .PublisherPortSubscriberOpaqueWidthInference

===========================================================================================
----------------- testing Wed Mar 04 08:51:18 UTC 2020 /home/travis/build/icyphy/ptII/ptolemy/actor/lib/test/auto/PublisherPortSubscriberPortAdjacent.xml
----------------- Instantiating /home/travis/build/icyphy/ptII/ptolemy/actor/lib/test/auto/PublisherPortSubscriberPortAdjacent.xml
2 ms. Memory: 455680K Free: 172725K (38%)
----------------- Invoking toplevel() on ptolemy.moml.MoMLSimpleApplication@32048b26
----------------- Done invoking toplevel() on ptolemy.moml.MoMLSimpleApplication@32048b26
reloadAllAccessors: .PublisherPortSubscriberPortAdjacent

===========================================================================================
----------------- testing Wed Mar 04 08:51:18 UTC 2020 /home/travis/build/icyphy/ptII/ptolemy/actor/lib/test/auto/PublisherPortSubscriberPortExpression.xml
----------------- Instantiating /home/travis/build/icyphy/ptII/ptolemy/actor/lib/test/auto/PublisherPortSubscriberPortExpression.xml
12 ms. Memory: 455680K Free: 165029K (36%)
----------------- Invoking toplevel() on ptolemy.moml.MoMLSimpleApplication@54d2fbcb
----------------- Done invoking toplevel() on ptolemy.moml.MoMLSimpleApplication@54d2fbcb
reloadAllAccessors: .PublisherPortSubscriberPortExpression

===========================================================================================
----------------- testing Wed Mar 04 08:51:18 UTC 2020 /home/travis/build/icyphy/ptII/ptolemy/actor/lib/test/auto/PublisherPortSubscriberPortOpaqueD3Reverse.xml
----------------- Instantiating /home/travis/build/icyphy/ptII/ptolemy/actor/lib/test/auto/PublisherPortSubscriberPortOpaqueD3Reverse.xml
6 ms. Memory: 455680K Free: 154803K (34%)
----------------- Invoking toplevel() on ptolemy.moml.MoMLSimpleApplication@5ccef102
----------------- Done invoking toplevel() on ptolemy.moml.MoMLSimpleApplication@5ccef102
reloadAllAccessors: .PublisherPortSubscriberPortOpaqueD3Reverse

===========================================================================================
----------------- testing Wed Mar 04 08:51:18 UTC 2020 /home/travis/build/icyphy/ptII/ptolemy/actor/lib/test/auto/PublisherPortSubscriberPortOpaqueWidthInference.xml
----------------- Instantiating /home/travis/build/icyphy/ptII/ptolemy/actor/lib/test/auto/PublisherPortSubscriberPortOpaqueWidthInference.xml
3 ms. Memory: 455680K Free: 147125K (32%)
----------------- Invoking toplevel() on ptolemy.moml.MoMLSimpleApplication@76723c1
----------------- Done invoking toplevel() on ptolemy.moml.MoMLSimpleApplication@76723c1
reloadAllAccessors: .PublisherPortSubscriberPortOpaqueWidthInference

===========================================================================================
----------------- testing Wed Mar 04 08:51:18 UTC 2020 /home/travis/build/icyphy/ptII/ptolemy/actor/lib/test/auto/PublisherPortToplevelSubscriberPortAOC.xml
----------------- Instantiating /home/travis/build/icyphy/ptII/ptolemy/actor/lib/test/auto/PublisherPortToplevelSubscriberPortAOC.xml
.PublisherPortToplevelSubscriberPortAOC.TestExceptionAttribute: initialize() was not invoked, but wrapup() was.  This is unusual, but not always a problem.  For example, exporting JNLP will do this.
1 ms. Memory: 455680K Free: 141491K (31%)
----------------- Invoking toplevel() on ptolemy.moml.MoMLSimpleApplication@6113aa47
----------------- Done invoking toplevel() on ptolemy.moml.MoMLSimpleApplication@6113aa47
reloadAllAccessors: .PublisherPortToplevelSubscriberPortAOC

===========================================================================================
----------------- testing Wed Mar 04 08:51:18 UTC 2020 /home/travis/build/icyphy/ptII/ptolemy/actor/lib/test/auto/PublisherSubscriber.xml
----------------- Instantiating /home/travis/build/icyphy/ptII/ptolemy/actor/lib/test/auto/PublisherSubscriber.xml
2 ms. Memory: 455680K Free: 403617K (89%)
----------------- Invoking toplevel() on ptolemy.moml.MoMLSimpleApplication@688a72e4
----------------- Done invoking toplevel() on ptolemy.moml.MoMLSimpleApplication@688a72e4
reloadAllAccessors: .PublisherSubscriber

===========================================================================================
----------------- testing Wed Mar 04 08:51:18 UTC 2020 /home/travis/build/icyphy/ptII/ptolemy/actor/lib/test/auto/PublisherSubscriber10.xml
----------------- Instantiating /home/travis/build/icyphy/ptII/ptolemy/actor/lib/test/auto/PublisherSubscriber10.xml
7 ms. Memory: 455680K Free: 393891K (86%)
----------------- Invoking toplevel() on ptolemy.moml.MoMLSimpleApplication@1d1d490a
----------------- Done invoking toplevel() on ptolemy.moml.MoMLSimpleApplication@1d1d490a
reloadAllAccessors: .PublisherSubscriber10

===========================================================================================
----------------- testing Wed Mar 04 08:51:18 UTC 2020 /home/travis/build/icyphy/ptII/ptolemy/actor/lib/test/auto/PublisherSubscriber10InitialOutputs.xml
----------------- Instantiating /home/travis/build/icyphy/ptII/ptolemy/actor/lib/test/auto/PublisherSubscriber10InitialOutputs.xml
16 ms. Memory: 455680K Free: 384675K (84%)
----------------- Invoking toplevel() on ptolemy.moml.MoMLSimpleApplication@ecbc048
----------------- Done invoking toplevel() on ptolemy.moml.MoMLSimpleApplication@ecbc048
reloadAllAccessors: .PublisherSubscriber10InitialOutputs

===========================================================================================
----------------- testing Wed Mar 04 08:51:18 UTC 2020 /home/travis/build/icyphy/ptII/ptolemy/actor/lib/test/auto/PublisherSubscriber11.xml
----------------- Instantiating /home/travis/build/icyphy/ptII/ptolemy/actor/lib/test/auto/PublisherSubscriber11.xml
3 ms. Memory: 455680K Free: 378531K (83%)
----------------- Invoking toplevel() on ptolemy.moml.MoMLSimpleApplication@55530078
----------------- Done invoking toplevel() on ptolemy.moml.MoMLSimpleApplication@55530078
reloadAllAccessors: .PublisherSubscriber11

===========================================================================================
----------------- testing Wed Mar 04 08:51:18 UTC 2020 /home/travis/build/icyphy/ptII/ptolemy/actor/lib/test/auto/PublisherSubscriber12.xml
----------------- Instantiating /home/travis/build/icyphy/ptII/ptolemy/actor/lib/test/auto/PublisherSubscriber12.xml
5 ms. Memory: 455680K Free: 371363K (81%)
----------------- Invoking toplevel() on ptolemy.moml.MoMLSimpleApplication@3417b372
----------------- Done invoking toplevel() on ptolemy.moml.MoMLSimpleApplication@3417b372
reloadAllAccessors: .PublisherSubscriber12

===========================================================================================
----------------- testing Wed Mar 04 08:51:18 UTC 2020 /home/travis/build/icyphy/ptII/ptolemy/actor/lib/test/auto/PublisherSubscriber13.xml
----------------- Instantiating /home/travis/build/icyphy/ptII/ptolemy/actor/lib/test/auto/PublisherSubscriber13.xml
2 ms. Memory: 455680K Free: 365699K (80%)
----------------- Invoking toplevel() on ptolemy.moml.MoMLSimpleApplication@ad7f981
----------------- Done invoking toplevel() on ptolemy.moml.MoMLSimpleApplication@ad7f981
reloadAllAccessors: .PublisherSubscriber13

===========================================================================================
----------------- testing Wed Mar 04 08:51:18 UTC 2020 /home/travis/build/icyphy/ptII/ptolemy/actor/lib/test/auto/PublisherSubscriber14.xml
----------------- Instantiating /home/travis/build/icyphy/ptII/ptolemy/actor/lib/test/auto/PublisherSubscriber14.xml
2 ms. Memory: 455680K Free: 357027K (78%)
----------------- Invoking toplevel() on ptolemy.moml.MoMLSimpleApplication@5e5dbe65
----------------- Done invoking toplevel() on ptolemy.moml.MoMLSimpleApplication@5e5dbe65
reloadAllAccessors: .PublisherSubscriber14

===========================================================================================
----------------- testing Wed Mar 04 08:51:18 UTC 2020 /home/travis/build/icyphy/ptII/ptolemy/actor/lib/test/auto/PublisherSubscriber2.xml
----------------- Instantiating /home/travis/build/icyphy/ptII/ptolemy/actor/lib/test/auto/PublisherSubscriber2.xml
3 ms. Memory: 455680K Free: 351363K (77%)
----------------- Invoking toplevel() on ptolemy.moml.MoMLSimpleApplication@3b9878e1
----------------- Done invoking toplevel() on ptolemy.moml.MoMLSimpleApplication@3b9878e1
reloadAllAccessors: .PublisherSubscriber2

===========================================================================================
----------------- testing Wed Mar 04 08:51:18 UTC 2020 /home/travis/build/icyphy/ptII/ptolemy/actor/lib/test/auto/PublisherSubscriber3.xml
----------------- Instantiating /home/travis/build/icyphy/ptII/ptolemy/actor/lib/test/auto/PublisherSubscriber3.xml
2 ms. Memory: 455680K Free: 345219K (76%)
----------------- Invoking toplevel() on ptolemy.moml.MoMLSimpleApplication@68e0fb3f
----------------- Done invoking toplevel() on ptolemy.moml.MoMLSimpleApplication@68e0fb3f
reloadAllAccessors: .PublisherSubscriber3

===========================================================================================
----------------- testing Wed Mar 04 08:51:18 UTC 2020 /home/travis/build/icyphy/ptII/ptolemy/actor/lib/test/auto/PublisherSubscriber4.xml
----------------- Instantiating /home/travis/build/icyphy/ptII/ptolemy/actor/lib/test/auto/PublisherSubscriber4.xml
1 ms. Memory: 455680K Free: 340115K (75%)
----------------- Invoking toplevel() on ptolemy.moml.MoMLSimpleApplication@11bef290
----------------- Done invoking toplevel() on ptolemy.moml.MoMLSimpleApplication@11bef290
reloadAllAccessors: .PublisherSubscriber4

===========================================================================================
----------------- testing Wed Mar 04 08:51:18 UTC 2020 /home/travis/build/icyphy/ptII/ptolemy/actor/lib/test/auto/PublisherSubscriber5.xml
----------------- Instantiating /home/travis/build/icyphy/ptII/ptolemy/actor/lib/test/auto/PublisherSubscriber5.xml
2 ms. Memory: 455680K Free: 333475K (73%)
----------------- Invoking toplevel() on ptolemy.moml.MoMLSimpleApplication@6a155608
----------------- Done invoking toplevel() on ptolemy.moml.MoMLSimpleApplication@6a155608
reloadAllAccessors: .PublisherSubscriber5

===========================================================================================
----------------- testing Wed Mar 04 08:51:18 UTC 2020 /home/travis/build/icyphy/ptII/ptolemy/actor/lib/test/auto/PublisherSubscriber6.xml
----------------- Instantiating /home/travis/build/icyphy/ptII/ptolemy/actor/lib/test/auto/PublisherSubscriber6.xml
4 ms. Memory: 455680K Free: 326803K (72%)
----------------- Invoking toplevel() on ptolemy.moml.MoMLSimpleApplication@44d73724
----------------- Done invoking toplevel() on ptolemy.moml.MoMLSimpleApplication@44d73724
reloadAllAccessors: .PublisherSubscriber6

===========================================================================================
----------------- testing Wed Mar 04 08:51:18 UTC 2020 /home/travis/build/icyphy/ptII/ptolemy/actor/lib/test/auto/PublisherSubscriber7.xml
----------------- Instantiating /home/travis/build/icyphy/ptII/ptolemy/actor/lib/test/auto/PublisherSubscriber7.xml
2 ms. Memory: 455680K Free: 320163K (70%)
----------------- Invoking toplevel() on ptolemy.moml.MoMLSimpleApplication@410f12cb
----------------- Done invoking toplevel() on ptolemy.moml.MoMLSimpleApplication@410f12cb
reloadAllAccessors: .PublisherSubscriber7

===========================================================================================
----------------- testing Wed Mar 04 08:51:18 UTC 2020 /home/travis/build/icyphy/ptII/ptolemy/actor/lib/test/auto/PublisherSubscriber8.xml
----------------- Instantiating /home/travis/build/icyphy/ptII/ptolemy/actor/lib/test/auto/PublisherSubscriber8.xml
16 ms. Memory: 455680K Free: 307875K (68%)
----------------- Invoking toplevel() on ptolemy.moml.MoMLSimpleApplication@6cef98a
----------------- Done invoking toplevel() on ptolemy.moml.MoMLSimpleApplication@6cef98a
reloadAllAccessors: .PublisherSubscriber8

===========================================================================================
----------------- testing Wed Mar 04 08:51:18 UTC 2020 /home/travis/build/icyphy/ptII/ptolemy/actor/lib/test/auto/PublisherSubscriber9.xml
----------------- Instantiating /home/travis/build/icyphy/ptII/ptolemy/actor/lib/test/auto/PublisherSubscriber9.xml
3 ms. Memory: 455680K Free: 300707K (66%)
----------------- Invoking toplevel() on ptolemy.moml.MoMLSimpleApplication@2e4867bb
----------------- Done invoking toplevel() on ptolemy.moml.MoMLSimpleApplication@2e4867bb
reloadAllAccessors: .PublisherSubscriber9

===========================================================================================
----------------- testing Wed Mar 04 08:51:18 UTC 2020 /home/travis/build/icyphy/ptII/ptolemy/actor/lib/test/auto/PublisherSubscriberAdjacent.xml
----------------- Instantiating /home/travis/build/icyphy/ptII/ptolemy/actor/lib/test/auto/PublisherSubscriberAdjacent.xml
2 ms. Memory: 455680K Free: 292515K (64%)
----------------- Invoking toplevel() on ptolemy.moml.MoMLSimpleApplication@2883de22
----------------- Done invoking toplevel() on ptolemy.moml.MoMLSimpleApplication@2883de22
reloadAllAccessors: .PublisherSubscriberAdjacent

===========================================================================================
----------------- testing Wed Mar 04 08:51:18 UTC 2020 /home/travis/build/icyphy/ptII/ptolemy/actor/lib/test/auto/PublisherSubscriberChannelVariablesAOC2.xml
----------------- Instantiating /home/travis/build/icyphy/ptII/ptolemy/actor/lib/test/auto/PublisherSubscriberChannelVariablesAOC2.xml
2 ms. Memory: 455680K Free: 277651K (61%)
----------------- Invoking toplevel() on ptolemy.moml.MoMLSimpleApplication@52f6d77f
----------------- Done invoking toplevel() on ptolemy.moml.MoMLSimpleApplication@52f6d77f
reloadAllAccessors: .PublisherSubscriberChannelVariablesAOC2

===========================================================================================
----------------- testing Wed Mar 04 08:51:18 UTC 2020 /home/travis/build/icyphy/ptII/ptolemy/actor/lib/test/auto/PublisherSubscriberD3.xml
----------------- Instantiating /home/travis/build/icyphy/ptII/ptolemy/actor/lib/test/auto/PublisherSubscriberD3.xml
2 ms. Memory: 455680K Free: 270497K (59%)
----------------- Invoking toplevel() on ptolemy.moml.MoMLSimpleApplication@469b5dcb
----------------- Done invoking toplevel() on ptolemy.moml.MoMLSimpleApplication@469b5dcb
reloadAllAccessors: .PublisherSubscriberD3

===========================================================================================
----------------- testing Wed Mar 04 08:51:18 UTC 2020 /home/travis/build/icyphy/ptII/ptolemy/actor/lib/test/auto/PublisherSubscriberD3Reverse.xml
----------------- Instantiating /home/travis/build/icyphy/ptII/ptolemy/actor/lib/test/auto/PublisherSubscriberD3Reverse.xml
3 ms. Memory: 455680K Free: 264353K (58%)
----------------- Invoking toplevel() on ptolemy.moml.MoMLSimpleApplication@573de954
----------------- Done invoking toplevel() on ptolemy.moml.MoMLSimpleApplication@573de954
reloadAllAccessors: .PublisherSubscriberD3Reverse

===========================================================================================
----------------- testing Wed Mar 04 08:51:18 UTC 2020 /home/travis/build/icyphy/ptII/ptolemy/actor/lib/test/auto/PublisherSubscriberExpression.xml
----------------- Instantiating /home/travis/build/icyphy/ptII/ptolemy/actor/lib/test/auto/PublisherSubscriberExpression.xml
3 ms. Memory: 455680K Free: 255651K (56%)
----------------- Invoking toplevel() on ptolemy.moml.MoMLSimpleApplication@33e8e32a
----------------- Done invoking toplevel() on ptolemy.moml.MoMLSimpleApplication@33e8e32a
reloadAllAccessors: .PublisherSubscriberExpression

===========================================================================================
----------------- testing Wed Mar 04 08:51:18 UTC 2020 /home/travis/build/icyphy/ptII/ptolemy/actor/lib/test/auto/PublisherSubscriberOpaque.xml
----------------- Instantiating /home/travis/build/icyphy/ptII/ptolemy/actor/lib/test/auto/PublisherSubscriberOpaque.xml
4 ms. Memory: 455680K Free: 247459K (54%)
----------------- Invoking toplevel() on ptolemy.moml.MoMLSimpleApplication@4e494200
----------------- Done invoking toplevel() on ptolemy.moml.MoMLSimpleApplication@4e494200
reloadAllAccessors: .PublisherSubscriberOpaque

===========================================================================================
----------------- testing Wed Mar 04 08:51:18 UTC 2020 /home/travis/build/icyphy/ptII/ptolemy/actor/lib/test/auto/PublisherSubscriberOpaqueD3.xml
----------------- Instantiating /home/travis/build/icyphy/ptII/ptolemy/actor/lib/test/auto/PublisherSubscriberOpaqueD3.xml
5 ms. Memory: 455680K Free: 236195K (52%)
----------------- Invoking toplevel() on ptolemy.moml.MoMLSimpleApplication@b3bc5ec
----------------- Done invoking toplevel() on ptolemy.moml.MoMLSimpleApplication@b3bc5ec
reloadAllAccessors: .PublisherSubscriberOpaqueD3

===========================================================================================
----------------- testing Wed Mar 04 08:51:18 UTC 2020 /home/travis/build/icyphy/ptII/ptolemy/actor/lib/test/auto/PublisherSubscriberOpaqueD3Reverse.xml
----------------- Instantiating /home/travis/build/icyphy/ptII/ptolemy/actor/lib/test/auto/PublisherSubscriberOpaqueD3Reverse.xml
7 ms. Memory: 455680K Free: 225441K (49%)
----------------- Invoking toplevel() on ptolemy.moml.MoMLSimpleApplication@46dd9cb8
----------------- Done invoking toplevel() on ptolemy.moml.MoMLSimpleApplication@46dd9cb8
reloadAllAccessors: .PublisherSubscriberOpaqueD3Reverse

===========================================================================================
----------------- testing Wed Mar 04 08:51:18 UTC 2020 /home/travis/build/icyphy/ptII/ptolemy/actor/lib/test/auto/PublisherSubscriberOpaqueWidthInference.xml
----------------- Instantiating /home/travis/build/icyphy/ptII/ptolemy/actor/lib/test/auto/PublisherSubscriberOpaqueWidthInference.xml
4 ms. Memory: 455680K Free: 217235K (48%)
----------------- Invoking toplevel() on ptolemy.moml.MoMLSimpleApplication@6ad1a223
----------------- Done invoking toplevel() on ptolemy.moml.MoMLSimpleApplication@6ad1a223
reloadAllAccessors: .PublisherSubscriberOpaqueWidthInference

===========================================================================================
----------------- testing Wed Mar 04 08:51:18 UTC 2020 /home/travis/build/icyphy/ptII/ptolemy/actor/lib/test/auto/PublisherTestSubscriber.xml
----------------- Instantiating /home/travis/build/icyphy/ptII/ptolemy/actor/lib/test/auto/PublisherTestSubscriber.xml
5 ms. Memory: 455680K Free: 209051K (46%)
----------------- Invoking toplevel() on ptolemy.moml.MoMLSimpleApplication@5f0296f
----------------- Done invoking toplevel() on ptolemy.moml.MoMLSimpleApplication@5f0296f
reloadAllAccessors: .PublisherTestSubscriber

===========================================================================================
----------------- testing Wed Mar 04 08:51:18 UTC 2020 /home/travis/build/icyphy/ptII/ptolemy/actor/lib/test/auto/PublisherToplevelSubscriberPortAOC.xml
----------------- Instantiating /home/travis/build/icyphy/ptII/ptolemy/actor/lib/test/auto/PublisherToplevelSubscriberPortAOC.xml
1 ms. Memory: 455680K Free: 202403K (44%)
----------------- Invoking toplevel() on ptolemy.moml.MoMLSimpleApplication@2fa7fea0
----------------- Done invoking toplevel() on ptolemy.moml.MoMLSimpleApplication@2fa7fea0
reloadAllAccessors: .PublisherToplevelSubscriberPortAOC

===========================================================================================
----------------- testing Wed Mar 04 08:51:18 UTC 2020 /home/travis/build/icyphy/ptII/ptolemy/actor/lib/test/auto/PulseFiringLimitDE.xml
----------------- Instantiating /home/travis/build/icyphy/ptII/ptolemy/actor/lib/test/auto/PulseFiringLimitDE.xml
2 ms. Memory: 455680K Free: 196259K (43%)
----------------- Invoking toplevel() on ptolemy.moml.MoMLSimpleApplication@4ebe5cdf
----------------- Done invoking toplevel() on ptolemy.moml.MoMLSimpleApplication@4ebe5cdf
reloadAllAccessors: .PulseFiringLimitDE

===========================================================================================
----------------- testing Wed Mar 04 08:51:18 UTC 2020 /home/travis/build/icyphy/ptII/ptolemy/actor/lib/test/auto/Ramp1.xml
----------------- Instantiating /home/travis/build/icyphy/ptII/ptolemy/actor/lib/test/auto/Ramp1.xml
1 ms. Memory: 455680K Free: 191635K (42%)
----------------- Invoking toplevel() on ptolemy.moml.MoMLSimpleApplication@23804cca
----------------- Done invoking toplevel() on ptolemy.moml.MoMLSimpleApplication@23804cca
reloadAllAccessors: .Ramp1

===========================================================================================
----------------- testing Wed Mar 04 08:51:18 UTC 2020 /home/travis/build/icyphy/ptII/ptolemy/actor/lib/test/auto/RampFiringLimitDE.xml
----------------- Instantiating /home/travis/build/icyphy/ptII/ptolemy/actor/lib/test/auto/RampFiringLimitDE.xml
2 ms. Memory: 455680K Free: 185491K (41%)
----------------- Invoking toplevel() on ptolemy.moml.MoMLSimpleApplication@4932a075
----------------- Done invoking toplevel() on ptolemy.moml.MoMLSimpleApplication@4932a075
reloadAllAccessors: .RampFiringLimitDE

===========================================================================================
----------------- testing Wed Mar 04 08:51:18 UTC 2020 /home/travis/build/icyphy/ptII/ptolemy/actor/lib/test/auto/RampFiringLimitSDF.xml
----------------- Instantiating /home/travis/build/icyphy/ptII/ptolemy/actor/lib/test/auto/RampFiringLimitSDF.xml
2 ms. Memory: 455680K Free: 179875K (39%)
----------------- Invoking toplevel() on ptolemy.moml.MoMLSimpleApplication@67dc478e
----------------- Done invoking toplevel() on ptolemy.moml.MoMLSimpleApplication@67dc478e
reloadAllAccessors: .RampFiringLimitSDF

===========================================================================================
----------------- testing Wed Mar 04 08:51:18 UTC 2020 /home/travis/build/icyphy/ptII/ptolemy/actor/lib/test/auto/RandomInteger.xml
----------------- Instantiating /home/travis/build/icyphy/ptII/ptolemy/actor/lib/test/auto/RandomInteger.xml
1 ms. Memory: 455680K Free: 175779K (39%)
----------------- Invoking toplevel() on ptolemy.moml.MoMLSimpleApplication@658f4f9b
----------------- Done invoking toplevel() on ptolemy.moml.MoMLSimpleApplication@658f4f9b
reloadAllAccessors: .RandomInteger

===========================================================================================
----------------- testing Wed Mar 04 08:51:18 UTC 2020 /home/travis/build/icyphy/ptII/ptolemy/actor/lib/test/auto/ReadFile1.xml
----------------- Instantiating /home/travis/build/icyphy/ptII/ptolemy/actor/lib/test/auto/ReadFile1.xml
1 ms. Memory: 455680K Free: 171163K (38%)
----------------- Invoking toplevel() on ptolemy.moml.MoMLSimpleApplication@40f74ae
----------------- Done invoking toplevel() on ptolemy.moml.MoMLSimpleApplication@40f74ae
reloadAllAccessors: .ReadFile1

===========================================================================================
----------------- testing Wed Mar 04 08:51:18 UTC 2020 /home/travis/build/icyphy/ptII/ptolemy/actor/lib/test/auto/ReadFile2.xml
----------------- Instantiating /home/travis/build/icyphy/ptII/ptolemy/actor/lib/test/auto/ReadFile2.xml
1 ms. Memory: 455680K Free: 167073K (37%)
----------------- Invoking toplevel() on ptolemy.moml.MoMLSimpleApplication@31103b27
----------------- Done invoking toplevel() on ptolemy.moml.MoMLSimpleApplication@31103b27
reloadAllAccessors: .ReadFile2

===========================================================================================
----------------- testing Wed Mar 04 08:51:18 UTC 2020 /home/travis/build/icyphy/ptII/ptolemy/actor/lib/test/auto/Reader.xml
----------------- Instantiating /home/travis/build/icyphy/ptII/ptolemy/actor/lib/test/auto/Reader.xml
actor.lib.Reader is obsolete, use actor.lib.io.ExpressionReader instead
2 ms. Memory: 455680K Free: 162977K (36%)
----------------- Invoking toplevel() on ptolemy.moml.MoMLSimpleApplication@b828fe1
----------------- Done invoking toplevel() on ptolemy.moml.MoMLSimpleApplication@b828fe1
reloadAllAccessors: .Reader

===========================================================================================
----------------- testing Wed Mar 04 08:51:18 UTC 2020 /home/travis/build/icyphy/ptII/ptolemy/actor/lib/test/auto/RecordAssemblerDisplayNameTest.xml
----------------- Instantiating /home/travis/build/icyphy/ptII/ptolemy/actor/lib/test/auto/RecordAssemblerDisplayNameTest.xml
3449 ms. Memory: 455680K Free: 298439K (65%)
----------------- Invoking toplevel() on ptolemy.moml.MoMLSimpleApplication@910e1af
----------------- Done invoking toplevel() on ptolemy.moml.MoMLSimpleApplication@910e1af
reloadAllAccessors: .RecordAssemblerDisplayNameTest

===========================================================================================
----------------- testing Wed Mar 04 08:51:22 UTC 2020 /home/travis/build/icyphy/ptII/ptolemy/actor/lib/test/auto/RecordAssemblerTypeError.xml
----------------- Instantiating /home/travis/build/icyphy/ptII/ptolemy/actor/lib/test/auto/RecordAssemblerTypeError.xml
19 ms. Memory: 455680K Free: 288713K (63%)
----------------- Invoking toplevel() on ptolemy.moml.MoMLSimpleApplication@4c8794bf
----------------- Done invoking toplevel() on ptolemy.moml.MoMLSimpleApplication@4c8794bf
reloadAllAccessors: .RecordAssemblerTypeError

===========================================================================================
----------------- testing Wed Mar 04 08:51:22 UTC 2020 /home/travis/build/icyphy/ptII/ptolemy/actor/lib/test/auto/RecordDisassember.xml
----------------- Instantiating /home/travis/build/icyphy/ptII/ptolemy/actor/lib/test/auto/RecordDisassember.xml
5 ms. Memory: 455680K Free: 284073K (62%)
----------------- Invoking toplevel() on ptolemy.moml.MoMLSimpleApplication@3bcc44ea
----------------- Done invoking toplevel() on ptolemy.moml.MoMLSimpleApplication@3bcc44ea
reloadAllAccessors: .RecordDisassember

===========================================================================================
----------------- testing Wed Mar 04 08:51:22 UTC 2020 /home/travis/build/icyphy/ptII/ptolemy/actor/lib/test/auto/RecordDisassemberDisplayNameTest.xml
----------------- Instantiating /home/travis/build/icyphy/ptII/ptolemy/actor/lib/test/auto/RecordDisassemberDisplayNameTest.xml
7 ms. Memory: 455680K Free: 275401K (60%)
----------------- Invoking toplevel() on ptolemy.moml.MoMLSimpleApplication@72a73226
----------------- Done invoking toplevel() on ptolemy.moml.MoMLSimpleApplication@72a73226
reloadAllAccessors: .RecordDisassemberDisplayNameTest

===========================================================================================
----------------- testing Wed Mar 04 08:51:22 UTC 2020 /home/travis/build/icyphy/ptII/ptolemy/actor/lib/test/auto/RecordDisassembler.xml
----------------- Instantiating /home/travis/build/icyphy/ptII/ptolemy/actor/lib/test/auto/RecordDisassembler.xml
2 ms. Memory: 455680K Free: 270281K (59%)
----------------- Invoking toplevel() on ptolemy.moml.MoMLSimpleApplication@ae68f8b
----------------- Done invoking toplevel() on ptolemy.moml.MoMLSimpleApplication@ae68f8b
reloadAllAccessors: .RecordDisassembler

===========================================================================================
----------------- testing Wed Mar 04 08:51:22 UTC 2020 /home/travis/build/icyphy/ptII/ptolemy/actor/lib/test/auto/RecordDisassembler2.xml
----------------- Instantiating /home/travis/build/icyphy/ptII/ptolemy/actor/lib/test/auto/RecordDisassembler2.xml
2 ms. Memory: 455680K Free: 265161K (58%)
----------------- Invoking toplevel() on ptolemy.moml.MoMLSimpleApplication@b9dc419
----------------- Done invoking toplevel() on ptolemy.moml.MoMLSimpleApplication@b9dc419
reloadAllAccessors: .RecordDisassembler2

===========================================================================================
----------------- testing Wed Mar 04 08:51:22 UTC 2020 /home/travis/build/icyphy/ptII/ptolemy/actor/lib/test/auto/RecordUpdater.xml
----------------- Instantiating /home/travis/build/icyphy/ptII/ptolemy/actor/lib/test/auto/RecordUpdater.xml
2 ms. Memory: 455680K Free: 260041K (57%)
----------------- Invoking toplevel() on ptolemy.moml.MoMLSimpleApplication@6ac366c6
----------------- Done invoking toplevel() on ptolemy.moml.MoMLSimpleApplication@6ac366c6
reloadAllAccessors: .RecordUpdater

===========================================================================================
----------------- testing Wed Mar 04 08:51:22 UTC 2020 /home/travis/build/icyphy/ptII/ptolemy/actor/lib/test/auto/RecordUpdater2.xml
----------------- Instantiating /home/travis/build/icyphy/ptII/ptolemy/actor/lib/test/auto/RecordUpdater2.xml
2 ms. Memory: 455680K Free: 254921K (56%)
----------------- Invoking toplevel() on ptolemy.moml.MoMLSimpleApplication@3a454bd1
----------------- Done invoking toplevel() on ptolemy.moml.MoMLSimpleApplication@3a454bd1
reloadAllAccessors: .RecordUpdater2

===========================================================================================
----------------- testing Wed Mar 04 08:51:22 UTC 2020 /home/travis/build/icyphy/ptII/ptolemy/actor/lib/test/auto/RecursiveLattice.xml
----------------- Instantiating /home/travis/build/icyphy/ptII/ptolemy/actor/lib/test/auto/RecursiveLattice.xml
1 ms. Memory: 455680K Free: 250825K (55%)
----------------- Invoking toplevel() on ptolemy.moml.MoMLSimpleApplication@19a0b5c
----------------- Done invoking toplevel() on ptolemy.moml.MoMLSimpleApplication@19a0b5c
reloadAllAccessors: .RecursiveLattice

===========================================================================================
----------------- testing Wed Mar 04 08:51:22 UTC 2020 /home/travis/build/icyphy/ptII/ptolemy/actor/lib/test/auto/Router.xml
----------------- Instantiating /home/travis/build/icyphy/ptII/ptolemy/actor/lib/test/auto/Router.xml
3004 ms. Memory: 455680K Free: 240071K (53%)
----------------- Invoking toplevel() on ptolemy.moml.MoMLSimpleApplication@52e62f64
----------------- Done invoking toplevel() on ptolemy.moml.MoMLSimpleApplication@52e62f64
reloadAllAccessors: .Router

===========================================================================================
----------------- testing Wed Mar 04 08:51:25 UTC 2020 /home/travis/build/icyphy/ptII/ptolemy/actor/lib/test/auto/Router2.xml
----------------- Instantiating /home/travis/build/icyphy/ptII/ptolemy/actor/lib/test/auto/Router2.xml
3003 ms. Memory: 455680K Free: 228807K (50%)
----------------- Invoking toplevel() on ptolemy.moml.MoMLSimpleApplication@22f90f93
----------------- Done invoking toplevel() on ptolemy.moml.MoMLSimpleApplication@22f90f93
reloadAllAccessors: .Router2

===========================================================================================
----------------- testing Wed Mar 04 08:51:28 UTC 2020 /home/travis/build/icyphy/ptII/ptolemy/actor/lib/test/auto/RunningMaximum.xml
----------------- Instantiating /home/travis/build/icyphy/ptII/ptolemy/actor/lib/test/auto/RunningMaximum.xml
1 ms. Memory: 455680K Free: 224201K (49%)
----------------- Invoking toplevel() on ptolemy.moml.MoMLSimpleApplication@14e9eea5
----------------- Done invoking toplevel() on ptolemy.moml.MoMLSimpleApplication@14e9eea5
reloadAllAccessors: .RunningMaximum

===========================================================================================
----------------- testing Wed Mar 04 08:51:28 UTC 2020 /home/travis/build/icyphy/ptII/ptolemy/actor/lib/test/auto/RunningMinimum.xml
----------------- Instantiating /home/travis/build/icyphy/ptII/ptolemy/actor/lib/test/auto/RunningMinimum.xml
8 ms. Memory: 455680K Free: 219591K (48%)
----------------- Invoking toplevel() on ptolemy.moml.MoMLSimpleApplication@5fe02337
----------------- Done invoking toplevel() on ptolemy.moml.MoMLSimpleApplication@5fe02337
reloadAllAccessors: .RunningMinimum

===========================================================================================
----------------- testing Wed Mar 04 08:51:28 UTC 2020 /home/travis/build/icyphy/ptII/ptolemy/actor/lib/test/auto/Scale.xml
----------------- Instantiating /home/travis/build/icyphy/ptII/ptolemy/actor/lib/test/auto/Scale.xml
1 ms. Memory: 455680K Free: 214985K (47%)
----------------- Invoking toplevel() on ptolemy.moml.MoMLSimpleApplication@58522055
----------------- Done invoking toplevel() on ptolemy.moml.MoMLSimpleApplication@58522055
reloadAllAccessors: .Scale

===========================================================================================
----------------- testing Wed Mar 04 08:51:28 UTC 2020 /home/travis/build/icyphy/ptII/ptolemy/actor/lib/test/auto/Scale2.xml
----------------- Instantiating /home/travis/build/icyphy/ptII/ptolemy/actor/lib/test/auto/Scale2.xml
1 ms. Memory: 455680K Free: 210375K (46%)
----------------- Invoking toplevel() on ptolemy.moml.MoMLSimpleApplication@20c1b655
----------------- Done invoking toplevel() on ptolemy.moml.MoMLSimpleApplication@20c1b655
reloadAllAccessors: .Scale2

===========================================================================================
----------------- testing Wed Mar 04 08:51:28 UTC 2020 /home/travis/build/icyphy/ptII/ptolemy/actor/lib/test/auto/Scale3.xml
----------------- Instantiating /home/travis/build/icyphy/ptII/ptolemy/actor/lib/test/auto/Scale3.xml
3 ms. Memory: 455680K Free: 204231K (45%)
----------------- Invoking toplevel() on ptolemy.moml.MoMLSimpleApplication@16cffd85
----------------- Done invoking toplevel() on ptolemy.moml.MoMLSimpleApplication@16cffd85
reloadAllAccessors: .Scale3

===========================================================================================
----------------- testing Wed Mar 04 08:51:28 UTC 2020 /home/travis/build/icyphy/ptII/ptolemy/actor/lib/test/auto/ScaleArray.xml
----------------- Instantiating /home/travis/build/icyphy/ptII/ptolemy/actor/lib/test/auto/ScaleArray.xml
1 ms. Memory: 455680K Free: 199111K (44%)
----------------- Invoking toplevel() on ptolemy.moml.MoMLSimpleApplication@5c0586b2
----------------- Done invoking toplevel() on ptolemy.moml.MoMLSimpleApplication@5c0586b2
reloadAllAccessors: .ScaleArray

===========================================================================================
----------------- testing Wed Mar 04 08:51:28 UTC 2020 /home/travis/build/icyphy/ptII/ptolemy/actor/lib/test/auto/ScaleArray2.xml
----------------- Instantiating /home/travis/build/icyphy/ptII/ptolemy/actor/lib/test/auto/ScaleArray2.xml
1 ms. Memory: 455680K Free: 194505K (43%)
----------------- Invoking toplevel() on ptolemy.moml.MoMLSimpleApplication@3fac7ddd
----------------- Done invoking toplevel() on ptolemy.moml.MoMLSimpleApplication@3fac7ddd
reloadAllAccessors: .ScaleArray2

===========================================================================================
----------------- testing Wed Mar 04 08:51:28 UTC 2020 /home/travis/build/icyphy/ptII/ptolemy/actor/lib/test/auto/ScaleMatrix.xml
----------------- Instantiating /home/travis/build/icyphy/ptII/ptolemy/actor/lib/test/auto/ScaleMatrix.xml
114 ms. Memory: 455680K Free: 180679K (40%)
----------------- Invoking toplevel() on ptolemy.moml.MoMLSimpleApplication@3be5b6e
----------------- Done invoking toplevel() on ptolemy.moml.MoMLSimpleApplication@3be5b6e
reloadAllAccessors: .ScaleMatrix

===========================================================================================
----------------- testing Wed Mar 04 08:51:28 UTC 2020 /home/travis/build/icyphy/ptII/ptolemy/actor/lib/test/auto/Select.xml
----------------- Instantiating /home/travis/build/icyphy/ptII/ptolemy/actor/lib/test/auto/Select.xml
2 ms. Memory: 455680K Free: 174521K (38%)
----------------- Invoking toplevel() on ptolemy.moml.MoMLSimpleApplication@248c9ce3
----------------- Done invoking toplevel() on ptolemy.moml.MoMLSimpleApplication@248c9ce3
reloadAllAccessors: .Select

===========================================================================================
----------------- testing Wed Mar 04 08:51:28 UTC 2020 /home/travis/build/icyphy/ptII/ptolemy/actor/lib/test/auto/Select2.xml
----------------- Instantiating /home/travis/build/icyphy/ptII/ptolemy/actor/lib/test/auto/Select2.xml
1 ms. Memory: 455680K Free: 169929K (37%)
----------------- Invoking toplevel() on ptolemy.moml.MoMLSimpleApplication@599b46e7
----------------- Done invoking toplevel() on ptolemy.moml.MoMLSimpleApplication@599b46e7
reloadAllAccessors: .Select2

===========================================================================================
----------------- testing Wed Mar 04 08:51:28 UTC 2020 /home/travis/build/icyphy/ptII/ptolemy/actor/lib/test/auto/SequenceToArray2.xml
----------------- Instantiating /home/travis/build/icyphy/ptII/ptolemy/actor/lib/test/auto/SequenceToArray2.xml
106 ms. Memory: 455680K Free: 144825K (32%)
----------------- Invoking toplevel() on ptolemy.moml.MoMLSimpleApplication@5109d529
----------------- Done invoking toplevel() on ptolemy.moml.MoMLSimpleApplication@5109d529
reloadAllAccessors: .SequenceToArray2

===========================================================================================
----------------- testing Wed Mar 04 08:51:28 UTC 2020 /home/travis/build/icyphy/ptII/ptolemy/actor/lib/test/auto/SequentialClock.xml
----------------- Instantiating /home/travis/build/icyphy/ptII/ptolemy/actor/lib/test/auto/SequentialClock.xml
1 ms. Memory: 455680K Free: 140743K (31%)
----------------- Invoking toplevel() on ptolemy.moml.MoMLSimpleApplication@34b950f8
----------------- Done invoking toplevel() on ptolemy.moml.MoMLSimpleApplication@34b950f8
reloadAllAccessors: .SequentialClock

===========================================================================================
----------------- testing Wed Mar 04 08:51:28 UTC 2020 /home/travis/build/icyphy/ptII/ptolemy/actor/lib/test/auto/SetVariable.xml
----------------- Instantiating /home/travis/build/icyphy/ptII/ptolemy/actor/lib/test/auto/SetVariable.xml
13 ms. Memory: 455680K Free: 405070K (89%)
----------------- Invoking toplevel() on ptolemy.moml.MoMLSimpleApplication@4af414f8
----------------- Done invoking toplevel() on ptolemy.moml.MoMLSimpleApplication@4af414f8
reloadAllAccessors: .SetVariable

===========================================================================================
----------------- testing Wed Mar 04 08:51:28 UTC 2020 /home/travis/build/icyphy/ptII/ptolemy/actor/lib/test/auto/SetVariable2.xml
----------------- Instantiating /home/travis/build/icyphy/ptII/ptolemy/actor/lib/test/auto/SetVariable2.xml
2 ms. Memory: 455680K Free: 399436K (88%)
----------------- Invoking toplevel() on ptolemy.moml.MoMLSimpleApplication@1f93e185
----------------- Done invoking toplevel() on ptolemy.moml.MoMLSimpleApplication@1f93e185
reloadAllAccessors: .SetVariable2

===========================================================================================
----------------- testing Wed Mar 04 08:51:28 UTC 2020 /home/travis/build/icyphy/ptII/ptolemy/actor/lib/test/auto/SetVariable3.xml
----------------- Instantiating /home/travis/build/icyphy/ptII/ptolemy/actor/lib/test/auto/SetVariable3.xml
11 ms. Memory: 455680K Free: 394316K (87%)
----------------- Invoking toplevel() on ptolemy.moml.MoMLSimpleApplication@4af14024
----------------- Done invoking toplevel() on ptolemy.moml.MoMLSimpleApplication@4af14024
reloadAllAccessors: .SetVariable3

===========================================================================================
----------------- testing Wed Mar 04 08:51:29 UTC 2020 /home/travis/build/icyphy/ptII/ptolemy/actor/lib/test/auto/SetVariable4.xml
----------------- Instantiating /home/travis/build/icyphy/ptII/ptolemy/actor/lib/test/auto/SetVariable4.xml
14 ms. Memory: 455680K Free: 384590K (84%)
----------------- Invoking toplevel() on ptolemy.moml.MoMLSimpleApplication@4afc8a37
----------------- Done invoking toplevel() on ptolemy.moml.MoMLSimpleApplication@4afc8a37
reloadAllAccessors: .SetVariable4

===========================================================================================
----------------- testing Wed Mar 04 08:51:29 UTC 2020 /home/travis/build/icyphy/ptII/ptolemy/actor/lib/test/auto/SetVariable5.xml
----------------- Instantiating /home/travis/build/icyphy/ptII/ptolemy/actor/lib/test/auto/SetVariable5.xml
22 ms. Memory: 455680K Free: 375374K (82%)
----------------- Invoking toplevel() on ptolemy.moml.MoMLSimpleApplication@29c2f155
----------------- Done invoking toplevel() on ptolemy.moml.MoMLSimpleApplication@29c2f155
reloadAllAccessors: .SetVariable5

===========================================================================================
----------------- testing Wed Mar 04 08:51:29 UTC 2020 /home/travis/build/icyphy/ptII/ptolemy/actor/lib/test/auto/Sinewave.xml
----------------- Instantiating /home/travis/build/icyphy/ptII/ptolemy/actor/lib/test/auto/Sinewave.xml
10 ms. Memory: 455680K Free: 364620K (80%)
----------------- Invoking toplevel() on ptolemy.moml.MoMLSimpleApplication@15b2df3
----------------- Done invoking toplevel() on ptolemy.moml.MoMLSimpleApplication@15b2df3
reloadAllAccessors: .Sinewave

===========================================================================================
----------------- testing Wed Mar 04 08:51:29 UTC 2020 /home/travis/build/icyphy/ptII/ptolemy/actor/lib/test/auto/Sinewave2.xml
----------------- Instantiating /home/travis/build/icyphy/ptII/ptolemy/actor/lib/test/auto/Sinewave2.xml
6 ms. Memory: 455680K Free: 356428K (78%)
----------------- Invoking toplevel() on ptolemy.moml.MoMLSimpleApplication@323c8d0b
----------------- Done invoking toplevel() on ptolemy.moml.MoMLSimpleApplication@323c8d0b
reloadAllAccessors: .Sinewave2

===========================================================================================
----------------- testing Wed Mar 04 08:51:29 UTC 2020 /home/travis/build/icyphy/ptII/ptolemy/actor/lib/test/auto/Sinewave3.xml
----------------- Instantiating /home/travis/build/icyphy/ptII/ptolemy/actor/lib/test/auto/Sinewave3.xml
6 ms. Memory: 455680K Free: 347726K (76%)
----------------- Invoking toplevel() on ptolemy.moml.MoMLSimpleApplication@5ec0ca34
----------------- Done invoking toplevel() on ptolemy.moml.MoMLSimpleApplication@5ec0ca34
reloadAllAccessors: .Sinewave3

===========================================================================================
----------------- testing Wed Mar 04 08:51:29 UTC 2020 /home/travis/build/icyphy/ptII/ptolemy/actor/lib/test/auto/SingleEvent.xml
----------------- Instantiating /home/travis/build/icyphy/ptII/ptolemy/actor/lib/test/auto/SingleEvent.xml
0 ms. Memory: 455680K Free: 343630K (75%)
----------------- Invoking toplevel() on ptolemy.moml.MoMLSimpleApplication@2084e45
----------------- Done invoking toplevel() on ptolemy.moml.MoMLSimpleApplication@2084e45
reloadAllAccessors: .SingleEvent

===========================================================================================
----------------- testing Wed Mar 04 08:51:29 UTC 2020 /home/travis/build/icyphy/ptII/ptolemy/actor/lib/test/auto/Sleep.xml
----------------- Instantiating /home/travis/build/icyphy/ptII/ptolemy/actor/lib/test/auto/Sleep.xml
6003 ms. Memory: 455680K Free: 337966K (74%)
----------------- Invoking toplevel() on ptolemy.moml.MoMLSimpleApplication@4e35f8f3
----------------- Done invoking toplevel() on ptolemy.moml.MoMLSimpleApplication@4e35f8f3
reloadAllAccessors: .Sleep

===========================================================================================
----------------- testing Wed Mar 04 08:51:35 UTC 2020 /home/travis/build/icyphy/ptII/ptolemy/actor/lib/test/auto/SleepMultipleFire.xml
----------------- Instantiating /home/travis/build/icyphy/ptII/ptolemy/actor/lib/test/auto/SleepMultipleFire.xml
1005 ms. Memory: 455680K Free: 332366K (73%)
----------------- Invoking toplevel() on ptolemy.moml.MoMLSimpleApplication@7256a8bb
----------------- Done invoking toplevel() on ptolemy.moml.MoMLSimpleApplication@7256a8bb
reloadAllAccessors: .SleepMultipleFire

===========================================================================================
----------------- testing Wed Mar 04 08:51:36 UTC 2020 /home/travis/build/icyphy/ptII/ptolemy/actor/lib/test/auto/StopDE.xml
----------------- Instantiating /home/travis/build/icyphy/ptII/ptolemy/actor/lib/test/auto/StopDE.xml
3 ms. Memory: 455680K Free: 326732K (72%)
----------------- Invoking toplevel() on ptolemy.moml.MoMLSimpleApplication@6a087c2b
----------------- Done invoking toplevel() on ptolemy.moml.MoMLSimpleApplication@6a087c2b
reloadAllAccessors: .StopDE

===========================================================================================
----------------- testing Wed Mar 04 08:51:36 UTC 2020 /home/travis/build/icyphy/ptII/ptolemy/actor/lib/test/auto/StopSDF.xml
----------------- Instantiating /home/travis/build/icyphy/ptII/ptolemy/actor/lib/test/auto/StopSDF.xml
3 ms. Memory: 455680K Free: 321102K (70%)
----------------- Invoking toplevel() on ptolemy.moml.MoMLSimpleApplication@123a44f6
----------------- Done invoking toplevel() on ptolemy.moml.MoMLSimpleApplication@123a44f6
reloadAllAccessors: .StopSDF

===========================================================================================
----------------- testing Wed Mar 04 08:51:36 UTC 2020 /home/travis/build/icyphy/ptII/ptolemy/actor/lib/test/auto/StringConstant.xml
----------------- Instantiating /home/travis/build/icyphy/ptII/ptolemy/actor/lib/test/auto/StringConstant.xml
9 ms. Memory: 455680K Free: 317006K (70%)
----------------- Invoking toplevel() on ptolemy.moml.MoMLSimpleApplication@3d6cba41
----------------- Done invoking toplevel() on ptolemy.moml.MoMLSimpleApplication@3d6cba41
reloadAllAccessors: .StringConstant

===========================================================================================
----------------- testing Wed Mar 04 08:51:36 UTC 2020 /home/travis/build/icyphy/ptII/ptolemy/actor/lib/test/auto/SubscriberPortInitialValues1.xml
----------------- Instantiating /home/travis/build/icyphy/ptII/ptolemy/actor/lib/test/auto/SubscriberPortInitialValues1.xml
8 ms. Memory: 455680K Free: 308300K (68%)
----------------- Invoking toplevel() on ptolemy.moml.MoMLSimpleApplication@198ff0a6
----------------- Done invoking toplevel() on ptolemy.moml.MoMLSimpleApplication@198ff0a6
reloadAllAccessors: .SubscriberPortInitialValues1

===========================================================================================
----------------- testing Wed Mar 04 08:51:36 UTC 2020 /home/travis/build/icyphy/ptII/ptolemy/actor/lib/test/auto/SubscriberPortInitialValues13.xml
----------------- Instantiating /home/travis/build/icyphy/ptII/ptolemy/actor/lib/test/auto/SubscriberPortInitialValues13.xml
5 ms. Memory: 455680K Free: 295502K (65%)
----------------- Invoking toplevel() on ptolemy.moml.MoMLSimpleApplication@355af559
----------------- Done invoking toplevel() on ptolemy.moml.MoMLSimpleApplication@355af559
reloadAllAccessors: .SubscriberPortInitialValues13

===========================================================================================
----------------- testing Wed Mar 04 08:51:36 UTC 2020 /home/travis/build/icyphy/ptII/ptolemy/actor/lib/test/auto/SubscriberPortInitialValues14.xml
----------------- Instantiating /home/travis/build/icyphy/ptII/ptolemy/actor/lib/test/auto/SubscriberPortInitialValues14.xml
4 ms. Memory: 455680K Free: 287310K (63%)
----------------- Invoking toplevel() on ptolemy.moml.MoMLSimpleApplication@10a28ed2
----------------- Done invoking toplevel() on ptolemy.moml.MoMLSimpleApplication@10a28ed2
reloadAllAccessors: .SubscriberPortInitialValues14

===========================================================================================
----------------- testing Wed Mar 04 08:51:36 UTC 2020 /home/travis/build/icyphy/ptII/ptolemy/actor/lib/test/auto/SubscriberPortInitialValues2.xml
----------------- Instantiating /home/travis/build/icyphy/ptII/ptolemy/actor/lib/test/auto/SubscriberPortInitialValues2.xml
3 ms. Memory: 455680K Free: 279628K (61%)
----------------- Invoking toplevel() on ptolemy.moml.MoMLSimpleApplication@11c53bab
----------------- Done invoking toplevel() on ptolemy.moml.MoMLSimpleApplication@11c53bab
reloadAllAccessors: .SubscriberPortInitialValues2

===========================================================================================
----------------- testing Wed Mar 04 08:51:36 UTC 2020 /home/travis/build/icyphy/ptII/ptolemy/actor/lib/test/auto/SubscriberPortInitialValues3.xml
----------------- Instantiating /home/travis/build/icyphy/ptII/ptolemy/actor/lib/test/auto/SubscriberPortInitialValues3.xml
4 ms. Memory: 455680K Free: 268878K (59%)
----------------- Invoking toplevel() on ptolemy.moml.MoMLSimpleApplication@fb43e44
----------------- Done invoking toplevel() on ptolemy.moml.MoMLSimpleApplication@fb43e44
reloadAllAccessors: .SubscriberPortInitialValues3

===========================================================================================
----------------- testing Wed Mar 04 08:51:36 UTC 2020 /home/travis/build/icyphy/ptII/ptolemy/actor/lib/test/auto/SubscriptionAggregator.xml
----------------- Instantiating /home/travis/build/icyphy/ptII/ptolemy/actor/lib/test/auto/SubscriptionAggregator.xml
3 ms. Memory: 455680K Free: 262206K (58%)
----------------- Invoking toplevel() on ptolemy.moml.MoMLSimpleApplication@c95d8ea
----------------- Done invoking toplevel() on ptolemy.moml.MoMLSimpleApplication@c95d8ea
reloadAllAccessors: .SubscriptionAggregator

===========================================================================================
----------------- testing Wed Mar 04 08:51:36 UTC 2020 /home/travis/build/icyphy/ptII/ptolemy/actor/lib/test/auto/SubscriptionAggregator2.xml
----------------- Instantiating /home/travis/build/icyphy/ptII/ptolemy/actor/lib/test/auto/SubscriptionAggregator2.xml
3 ms. Memory: 455680K Free: 255046K (56%)
----------------- Invoking toplevel() on ptolemy.moml.MoMLSimpleApplication@6397d717
----------------- Done invoking toplevel() on ptolemy.moml.MoMLSimpleApplication@6397d717
reloadAllAccessors: .SubscriptionAggregator2

===========================================================================================
----------------- testing Wed Mar 04 08:51:36 UTC 2020 /home/travis/build/icyphy/ptII/ptolemy/actor/lib/test/auto/SubscriptionAggregator3.xml
----------------- Instantiating /home/travis/build/icyphy/ptII/ptolemy/actor/lib/test/auto/SubscriptionAggregator3.xml
4 ms. Memory: 455680K Free: 246350K (54%)
----------------- Invoking toplevel() on ptolemy.moml.MoMLSimpleApplication@2a374372
----------------- Done invoking toplevel() on ptolemy.moml.MoMLSimpleApplication@2a374372
reloadAllAccessors: .SubscriptionAggregator3

===========================================================================================
----------------- testing Wed Mar 04 08:51:36 UTC 2020 /home/travis/build/icyphy/ptII/ptolemy/actor/lib/test/auto/SubscriptionAggregatorMultiply.xml
----------------- Instantiating /home/travis/build/icyphy/ptII/ptolemy/actor/lib/test/auto/SubscriptionAggregatorMultiply.xml
12 ms. Memory: 455680K Free: 238158K (52%)
----------------- Invoking toplevel() on ptolemy.moml.MoMLSimpleApplication@47ad021
----------------- Done invoking toplevel() on ptolemy.moml.MoMLSimpleApplication@47ad021
reloadAllAccessors: .SubscriptionAggregatorMultiply

===========================================================================================
----------------- testing Wed Mar 04 08:51:36 UTC 2020 /home/travis/build/icyphy/ptII/ptolemy/actor/lib/test/auto/SubscriptionAggregatorPortMultiply1.xml
----------------- Instantiating /home/travis/build/icyphy/ptII/ptolemy/actor/lib/test/auto/SubscriptionAggregatorPortMultiply1.xml
3 ms. Memory: 455680K Free: 229966K (50%)
----------------- Invoking toplevel() on ptolemy.moml.MoMLSimpleApplication@7cc03df5
----------------- Done invoking toplevel() on ptolemy.moml.MoMLSimpleApplication@7cc03df5
reloadAllAccessors: .SubscriptionAggregatorPortMultiply1

===========================================================================================
----------------- testing Wed Mar 04 08:51:36 UTC 2020 /home/travis/build/icyphy/ptII/ptolemy/actor/lib/test/auto/Switch.xml
----------------- Instantiating /home/travis/build/icyphy/ptII/ptolemy/actor/lib/test/auto/Switch.xml
7 ms. Memory: 455680K Free: 221260K (49%)
----------------- Invoking toplevel() on ptolemy.moml.MoMLSimpleApplication@24606ffc
----------------- Done invoking toplevel() on ptolemy.moml.MoMLSimpleApplication@24606ffc
reloadAllAccessors: .Switch

===========================================================================================
----------------- testing Wed Mar 04 08:51:36 UTC 2020 /home/travis/build/icyphy/ptII/ptolemy/actor/lib/test/auto/Switch2.xml
----------------- Instantiating /home/travis/build/icyphy/ptII/ptolemy/actor/lib/test/auto/Switch2.xml
1 ms. Memory: 455680K Free: 216654K (48%)
----------------- Invoking toplevel() on ptolemy.moml.MoMLSimpleApplication@676db91d
----------------- Done invoking toplevel() on ptolemy.moml.MoMLSimpleApplication@676db91d
reloadAllAccessors: .Switch2

===========================================================================================
----------------- testing Wed Mar 04 08:51:36 UTC 2020 /home/travis/build/icyphy/ptII/ptolemy/actor/lib/test/auto/SwitchDE.xml
----------------- Instantiating /home/travis/build/icyphy/ptII/ptolemy/actor/lib/test/auto/SwitchDE.xml
2 ms. Memory: 455680K Free: 210510K (46%)
----------------- Invoking toplevel() on ptolemy.moml.MoMLSimpleApplication@436bb7d3
----------------- Done invoking toplevel() on ptolemy.moml.MoMLSimpleApplication@436bb7d3
reloadAllAccessors: .SwitchDE

===========================================================================================
----------------- testing Wed Mar 04 08:51:36 UTC 2020 /home/travis/build/icyphy/ptII/ptolemy/actor/lib/test/auto/SynchronizerDE.xml
----------------- Instantiating /home/travis/build/icyphy/ptII/ptolemy/actor/lib/test/auto/SynchronizerDE.xml
7 ms. Memory: 455680K Free: 201774K (44%)
----------------- Invoking toplevel() on ptolemy.moml.MoMLSimpleApplication@5273cc6a
----------------- Done invoking toplevel() on ptolemy.moml.MoMLSimpleApplication@5273cc6a
reloadAllAccessors: .SynchronizerDE

===========================================================================================
----------------- testing Wed Mar 04 08:51:36 UTC 2020 /home/travis/build/icyphy/ptII/ptolemy/actor/lib/test/auto/Test.xml
----------------- Instantiating /home/travis/build/icyphy/ptII/ptolemy/actor/lib/test/auto/Test.xml
5 ms. Memory: 455680K Free: 196654K (43%)
----------------- Invoking toplevel() on ptolemy.moml.MoMLSimpleApplication@7eb17458
----------------- Done invoking toplevel() on ptolemy.moml.MoMLSimpleApplication@7eb17458
reloadAllAccessors: .Test

===========================================================================================
----------------- testing Wed Mar 04 08:51:36 UTC 2020 /home/travis/build/icyphy/ptII/ptolemy/actor/lib/test/auto/TestExceptionAttribute1.xml
----------------- Instantiating /home/travis/build/icyphy/ptII/ptolemy/actor/lib/test/auto/TestExceptionAttribute1.xml
1 ms. Memory: 455680K Free: 193102K (42%)
----------------- Invoking toplevel() on ptolemy.moml.MoMLSimpleApplication@4ffaa721
----------------- Done invoking toplevel() on ptolemy.moml.MoMLSimpleApplication@4ffaa721
reloadAllAccessors: .TestExceptionAttribute1

===========================================================================================
----------------- testing Wed Mar 04 08:51:36 UTC 2020 /home/travis/build/icyphy/ptII/ptolemy/actor/lib/test/auto/TestExceptionAttribute2.xml
----------------- Instantiating /home/travis/build/icyphy/ptII/ptolemy/actor/lib/test/auto/TestExceptionAttribute2.xml
1 ms. Memory: 455680K Free: 189006K (41%)
----------------- Invoking toplevel() on ptolemy.moml.MoMLSimpleApplication@4c132924
----------------- Done invoking toplevel() on ptolemy.moml.MoMLSimpleApplication@4c132924
reloadAllAccessors: .TestExceptionAttribute2

===========================================================================================
----------------- testing Wed Mar 04 08:51:36 UTC 2020 /home/travis/build/icyphy/ptII/ptolemy/actor/lib/test/auto/TestExceptionAttribute3.xml
----------------- Instantiating /home/travis/build/icyphy/ptII/ptolemy/actor/lib/test/auto/TestExceptionAttribute3.xml
.TestExceptionAttribute3.TestExceptionAttribute: initialize() was not invoked, but wrapup() was.  This is unusual, but not always a problem.  For example, exporting JNLP will do this.
1 ms. Memory: 455680K Free: 185420K (41%)
----------------- Invoking toplevel() on ptolemy.moml.MoMLSimpleApplication@4b237e4a
----------------- Done invoking toplevel() on ptolemy.moml.MoMLSimpleApplication@4b237e4a
reloadAllAccessors: .TestExceptionAttribute3

===========================================================================================
----------------- testing Wed Mar 04 08:51:36 UTC 2020 /home/travis/build/icyphy/ptII/ptolemy/actor/lib/test/auto/TestExceptionAttribute4.xml
----------------- Instantiating /home/travis/build/icyphy/ptII/ptolemy/actor/lib/test/auto/TestExceptionAttribute4.xml
.TestExceptionAttribute4.TestExceptionAttribute: initialize() was not invoked, but wrapup() was.  This is unusual, but not always a problem.  For example, exporting JNLP will do this.
.TestExceptionAttribute4.TestExceptionAttribute2: initialize() was not invoked, but wrapup() was.  This is unusual, but not always a problem.  For example, exporting JNLP will do this.
0 ms. Memory: 455680K Free: 181324K (40%)
----------------- Invoking toplevel() on ptolemy.moml.MoMLSimpleApplication@4397455d
----------------- Done invoking toplevel() on ptolemy.moml.MoMLSimpleApplication@4397455d
reloadAllAccessors: .TestExceptionAttribute4

===========================================================================================
----------------- testing Wed Mar 04 08:51:36 UTC 2020 /home/travis/build/icyphy/ptII/ptolemy/actor/lib/test/auto/TestExceptionHandler1.xml
----------------- Instantiating /home/travis/build/icyphy/ptII/ptolemy/actor/lib/test/auto/TestExceptionHandler1.xml
0 ms. Memory: 455680K Free: 177742K (39%)
----------------- Invoking toplevel() on ptolemy.moml.MoMLSimpleApplication@4e3385bd
----------------- Done invoking toplevel() on ptolemy.moml.MoMLSimpleApplication@4e3385bd
reloadAllAccessors: .TestExceptionHandler1

===========================================================================================
----------------- testing Wed Mar 04 08:51:36 UTC 2020 /home/travis/build/icyphy/ptII/ptolemy/actor/lib/test/auto/TestExceptionHandler2.xml
----------------- Instantiating /home/travis/build/icyphy/ptII/ptolemy/actor/lib/test/auto/TestExceptionHandler2.xml
0 ms. Memory: 455680K Free: 173646K (38%)
----------------- Invoking toplevel() on ptolemy.moml.MoMLSimpleApplication@fc58b95
----------------- Done invoking toplevel() on ptolemy.moml.MoMLSimpleApplication@fc58b95
reloadAllAccessors: .TestExceptionHandler2

===========================================================================================
----------------- testing Wed Mar 04 08:51:36 UTC 2020 /home/travis/build/icyphy/ptII/ptolemy/actor/lib/test/auto/TestExceptionHandler3.xml
----------------- Instantiating /home/travis/build/icyphy/ptII/ptolemy/actor/lib/test/auto/TestExceptionHandler3.xml
0 ms. Memory: 455680K Free: 170060K (37%)
----------------- Invoking toplevel() on ptolemy.moml.MoMLSimpleApplication@12041d1c
----------------- Done invoking toplevel() on ptolemy.moml.MoMLSimpleApplication@12041d1c
reloadAllAccessors: .TestExceptionHandler3

===========================================================================================
----------------- testing Wed Mar 04 08:51:36 UTC 2020 /home/travis/build/icyphy/ptII/ptolemy/actor/lib/test/auto/TestExceptionHandler4.xml
----------------- Instantiating /home/travis/build/icyphy/ptII/ptolemy/actor/lib/test/auto/TestExceptionHandler4.xml
1 ms. Memory: 455680K Free: 165964K (36%)
----------------- Invoking toplevel() on ptolemy.moml.MoMLSimpleApplication@45d3b45f
----------------- Done invoking toplevel() on ptolemy.moml.MoMLSimpleApplication@45d3b45f
reloadAllAccessors: .TestExceptionHandler4

===========================================================================================
----------------- testing Wed Mar 04 08:51:36 UTC 2020 /home/travis/build/icyphy/ptII/ptolemy/actor/lib/test/auto/TestRequireCorrectOrder.xml
----------------- Instantiating /home/travis/build/icyphy/ptII/ptolemy/actor/lib/test/auto/TestRequireCorrectOrder.xml
3 ms. Memory: 455680K Free: 160334K (35%)
----------------- Invoking toplevel() on ptolemy.moml.MoMLSimpleApplication@59c7a462
----------------- Done invoking toplevel() on ptolemy.moml.MoMLSimpleApplication@59c7a462
reloadAllAccessors: .TestRequireCorrectOrder

===========================================================================================
----------------- testing Wed Mar 04 08:51:36 UTC 2020 /home/travis/build/icyphy/ptII/ptolemy/actor/lib/test/auto/TestSimple.xml
----------------- Instantiating /home/travis/build/icyphy/ptII/ptolemy/actor/lib/test/auto/TestSimple.xml
1 ms. Memory: 455680K Free: 155718K (34%)
----------------- Invoking toplevel() on ptolemy.moml.MoMLSimpleApplication@1db16906
----------------- Done invoking toplevel() on ptolemy.moml.MoMLSimpleApplication@1db16906
reloadAllAccessors: .TestSimple

===========================================================================================
----------------- testing Wed Mar 04 08:51:36 UTC 2020 /home/travis/build/icyphy/ptII/ptolemy/actor/lib/test/auto/ThrowModelError.xml
----------------- Instantiating /home/travis/build/icyphy/ptII/ptolemy/actor/lib/test/auto/ThrowModelError.xml
1 ms. Memory: 455680K Free: 151118K (33%)
----------------- Invoking toplevel() on ptolemy.moml.MoMLSimpleApplication@441f47fe
----------------- Done invoking toplevel() on ptolemy.moml.MoMLSimpleApplication@441f47fe
reloadAllAccessors: .ThrowModelError

===========================================================================================
----------------- testing Wed Mar 04 08:51:36 UTC 2020 /home/travis/build/icyphy/ptII/ptolemy/actor/lib/test/auto/TimeDelayMicrosteps.xml
----------------- Instantiating /home/travis/build/icyphy/ptII/ptolemy/actor/lib/test/auto/TimeDelayMicrosteps.xml
3 ms. Memory: 455680K Free: 143950K (32%)
----------------- Invoking toplevel() on ptolemy.moml.MoMLSimpleApplication@69075865
----------------- Done invoking toplevel() on ptolemy.moml.MoMLSimpleApplication@69075865
reloadAllAccessors: .TimeDelayMicrosteps

===========================================================================================
----------------- testing Wed Mar 04 08:51:36 UTC 2020 /home/travis/build/icyphy/ptII/ptolemy/actor/lib/test/auto/TimeDelayMicrosteps2.xml
----------------- Instantiating /home/travis/build/icyphy/ptII/ptolemy/actor/lib/test/auto/TimeDelayMicrosteps2.xml
2 ms. Memory: 455680K Free: 136782K (30%)
----------------- Invoking toplevel() on ptolemy.moml.MoMLSimpleApplication@106d3a36
----------------- Done invoking toplevel() on ptolemy.moml.MoMLSimpleApplication@106d3a36
reloadAllAccessors: .TimeDelayMicrosteps2

===========================================================================================
----------------- testing Wed Mar 04 08:51:36 UTC 2020 /home/travis/build/icyphy/ptII/ptolemy/actor/lib/test/auto/TimeDelayMicrosteps3.xml
----------------- Instantiating /home/travis/build/icyphy/ptII/ptolemy/actor/lib/test/auto/TimeDelayMicrosteps3.xml
2 ms. Memory: 455680K Free: 399006K (88%)
----------------- Invoking toplevel() on ptolemy.moml.MoMLSimpleApplication@5e0086d8
----------------- Done invoking toplevel() on ptolemy.moml.MoMLSimpleApplication@5e0086d8
reloadAllAccessors: .TimeDelayMicrosteps3

===========================================================================================
----------------- testing Wed Mar 04 08:51:36 UTC 2020 /home/travis/build/icyphy/ptII/ptolemy/actor/lib/test/auto/TimeDelayVariableMicrosteps.xml
----------------- Instantiating /home/travis/build/icyphy/ptII/ptolemy/actor/lib/test/auto/TimeDelayVariableMicrosteps.xml
3 ms. Memory: 455680K Free: 391869K (86%)
----------------- Invoking toplevel() on ptolemy.moml.MoMLSimpleApplication@46cddc03
----------------- Done invoking toplevel() on ptolemy.moml.MoMLSimpleApplication@46cddc03
reloadAllAccessors: .TimeDelayVariableMicrosteps

===========================================================================================
----------------- testing Wed Mar 04 08:51:36 UTC 2020 /home/travis/build/icyphy/ptII/ptolemy/actor/lib/test/auto/TimeGap.xml
----------------- Instantiating /home/travis/build/icyphy/ptII/ptolemy/actor/lib/test/auto/TimeGap.xml
3 ms. Memory: 455680K Free: 386734K (85%)
----------------- Invoking toplevel() on ptolemy.moml.MoMLSimpleApplication@1f949a11
----------------- Done invoking toplevel() on ptolemy.moml.MoMLSimpleApplication@1f949a11
reloadAllAccessors: .TimeGap

===========================================================================================
----------------- testing Wed Mar 04 08:51:36 UTC 2020 /home/travis/build/icyphy/ptII/ptolemy/actor/lib/test/auto/TimeGap2.xml
----------------- Instantiating /home/travis/build/icyphy/ptII/ptolemy/actor/lib/test/auto/TimeGap2.xml
2 ms. Memory: 455680K Free: 381119K (84%)
----------------- Invoking toplevel() on ptolemy.moml.MoMLSimpleApplication@3d4099e3
----------------- Done invoking toplevel() on ptolemy.moml.MoMLSimpleApplication@3d4099e3
reloadAllAccessors: .TimeGap2

===========================================================================================
----------------- testing Wed Mar 04 08:51:36 UTC 2020 /home/travis/build/icyphy/ptII/ptolemy/actor/lib/test/auto/TimedSinewave.xml
----------------- Instantiating /home/travis/build/icyphy/ptII/ptolemy/actor/lib/test/auto/TimedSinewave.xml
31 ms. Memory: 455680K Free: 366269K (80%)
----------------- Invoking toplevel() on ptolemy.moml.MoMLSimpleApplication@305b782f
----------------- Done invoking toplevel() on ptolemy.moml.MoMLSimpleApplication@305b782f
reloadAllAccessors: .TimedSinewave

===========================================================================================
----------------- testing Wed Mar 04 08:51:36 UTC 2020 /home/travis/build/icyphy/ptII/ptolemy/actor/lib/test/auto/TimedSinewavePhase.xml
----------------- Instantiating /home/travis/build/icyphy/ptII/ptolemy/actor/lib/test/auto/TimedSinewavePhase.xml
10 ms. Memory: 455680K Free: 356543K (78%)
----------------- Invoking toplevel() on ptolemy.moml.MoMLSimpleApplication@29073e7b
----------------- Done invoking toplevel() on ptolemy.moml.MoMLSimpleApplication@29073e7b
reloadAllAccessors: .TimedSinewavePhase

===========================================================================================
----------------- testing Wed Mar 04 08:51:36 UTC 2020 /home/travis/build/icyphy/ptII/ptolemy/actor/lib/test/auto/Timer.xml
----------------- Instantiating /home/travis/build/icyphy/ptII/ptolemy/actor/lib/test/auto/Timer.xml
4 ms. Memory: 455680K Free: 350909K (77%)
----------------- Invoking toplevel() on ptolemy.moml.MoMLSimpleApplication@57877909
----------------- Done invoking toplevel() on ptolemy.moml.MoMLSimpleApplication@57877909
reloadAllAccessors: .Timer

===========================================================================================
----------------- testing Wed Mar 04 08:51:36 UTC 2020 /home/travis/build/icyphy/ptII/ptolemy/actor/lib/test/auto/TriangularDistTestModel.xml
----------------- Instantiating /home/travis/build/icyphy/ptII/ptolemy/actor/lib/test/auto/TriangularDistTestModel.xml
2 ms. Memory: 455680K Free: 344734K (76%)
----------------- Invoking toplevel() on ptolemy.moml.MoMLSimpleApplication@56efc2da
----------------- Done invoking toplevel() on ptolemy.moml.MoMLSimpleApplication@56efc2da
reloadAllAccessors: .TriangularDistTestModel

===========================================================================================
----------------- testing Wed Mar 04 08:51:36 UTC 2020 /home/travis/build/icyphy/ptII/ptolemy/actor/lib/test/auto/TrigFunction.xml
----------------- Instantiating /home/travis/build/icyphy/ptII/ptolemy/actor/lib/test/auto/TrigFunction.xml
2 ms. Memory: 455680K Free: 340159K (75%)
----------------- Invoking toplevel() on ptolemy.moml.MoMLSimpleApplication@2e07ed27
----------------- Done invoking toplevel() on ptolemy.moml.MoMLSimpleApplication@2e07ed27
reloadAllAccessors: .TrigFunction

===========================================================================================
----------------- testing Wed Mar 04 08:51:37 UTC 2020 /home/travis/build/icyphy/ptII/ptolemy/actor/lib/test/auto/TrigFunctionDE.xml
----------------- Instantiating /home/travis/build/icyphy/ptII/ptolemy/actor/lib/test/auto/TrigFunctionDE.xml
2 ms. Memory: 455680K Free: 334525K (73%)
----------------- Invoking toplevel() on ptolemy.moml.MoMLSimpleApplication@497557d9
----------------- Done invoking toplevel() on ptolemy.moml.MoMLSimpleApplication@497557d9
reloadAllAccessors: .TrigFunctionDE

===========================================================================================
----------------- testing Wed Mar 04 08:51:37 UTC 2020 /home/travis/build/icyphy/ptII/ptolemy/actor/lib/test/auto/TrigFunctionInverse.xml
----------------- Instantiating /home/travis/build/icyphy/ptII/ptolemy/actor/lib/test/auto/TrigFunctionInverse.xml
2 ms. Memory: 455680K Free: 328895K (72%)
----------------- Invoking toplevel() on ptolemy.moml.MoMLSimpleApplication@b6d85f3
----------------- Done invoking toplevel() on ptolemy.moml.MoMLSimpleApplication@b6d85f3
reloadAllAccessors: .TrigFunctionInverse

===========================================================================================
----------------- testing Wed Mar 04 08:51:37 UTC 2020 /home/travis/build/icyphy/ptII/ptolemy/actor/lib/test/auto/TrigFunctionTan.xml
----------------- Instantiating /home/travis/build/icyphy/ptII/ptolemy/actor/lib/test/auto/TrigFunctionTan.xml
1 ms. Memory: 455680K Free: 324799K (71%)
----------------- Invoking toplevel() on ptolemy.moml.MoMLSimpleApplication@4fab45a
----------------- Done invoking toplevel() on ptolemy.moml.MoMLSimpleApplication@4fab45a
reloadAllAccessors: .TrigFunctionTan

===========================================================================================
----------------- testing Wed Mar 04 08:51:37 UTC 2020 /home/travis/build/icyphy/ptII/ptolemy/actor/lib/test/auto/TriggeredClock.xml
----------------- Instantiating /home/travis/build/icyphy/ptII/ptolemy/actor/lib/test/auto/TriggeredClock.xml
2 ms. Memory: 455680K Free: 319679K (70%)
----------------- Invoking toplevel() on ptolemy.moml.MoMLSimpleApplication@294f3a3d
----------------- Done invoking toplevel() on ptolemy.moml.MoMLSimpleApplication@294f3a3d
reloadAllAccessors: .TriggeredClock

===========================================================================================
----------------- testing Wed Mar 04 08:51:37 UTC 2020 /home/travis/build/icyphy/ptII/ptolemy/actor/lib/test/auto/URLDirectoryReader.xml
----------------- Instantiating /home/travis/build/icyphy/ptII/ptolemy/actor/lib/test/auto/URLDirectoryReader.xml
27 ms. Memory: 455680K Free: 309439K (68%)
----------------- Invoking toplevel() on ptolemy.moml.MoMLSimpleApplication@1240c422
----------------- Done invoking toplevel() on ptolemy.moml.MoMLSimpleApplication@1240c422
reloadAllAccessors: .URLDirectoryReader

===========================================================================================
----------------- testing Wed Mar 04 08:51:37 UTC 2020 /home/travis/build/icyphy/ptII/ptolemy/actor/lib/test/auto/URLDirectoryReader3.xml
----------------- Instantiating /home/travis/build/icyphy/ptII/ptolemy/actor/lib/test/auto/URLDirectoryReader3.xml
1345 ms. Memory: 455680K Free: 397201K (87%)
----------------- Invoking toplevel() on ptolemy.moml.MoMLSimpleApplication@36b8881d
----------------- Done invoking toplevel() on ptolemy.moml.MoMLSimpleApplication@36b8881d
reloadAllAccessors: .URLDirectoryReader3

===========================================================================================
----------------- testing Wed Mar 04 08:51:38 UTC 2020 /home/travis/build/icyphy/ptII/ptolemy/actor/lib/test/auto/UnaryMathFunction.xml
----------------- Instantiating /home/travis/build/icyphy/ptII/ptolemy/actor/lib/test/auto/UnaryMathFunction.xml
3 ms. Memory: 455680K Free: 389009K (85%)
----------------- Invoking toplevel() on ptolemy.moml.MoMLSimpleApplication@2ef7a3ef
----------------- Done invoking toplevel() on ptolemy.moml.MoMLSimpleApplication@2ef7a3ef
reloadAllAccessors: .UnaryMathFunction

===========================================================================================
----------------- testing Wed Mar 04 08:51:38 UTC 2020 /home/travis/build/icyphy/ptII/ptolemy/actor/lib/test/auto/Uniform.xml
----------------- Instantiating /home/travis/build/icyphy/ptII/ptolemy/actor/lib/test/auto/Uniform.xml
1 ms. Memory: 455680K Free: 383883K (84%)
----------------- Invoking toplevel() on ptolemy.moml.MoMLSimpleApplication@463caae7
----------------- Done invoking toplevel() on ptolemy.moml.MoMLSimpleApplication@463caae7
reloadAllAccessors: .Uniform

===========================================================================================
----------------- testing Wed Mar 04 08:51:38 UTC 2020 /home/travis/build/icyphy/ptII/ptolemy/actor/lib/test/auto/UnionDisassemblerTest.xml
----------------- Instantiating /home/travis/build/icyphy/ptII/ptolemy/actor/lib/test/auto/UnionDisassemblerTest.xml
8 ms. Memory: 455680K Free: 379779K (83%)
----------------- Invoking toplevel() on ptolemy.moml.MoMLSimpleApplication@4b49c502
----------------- Done invoking toplevel() on ptolemy.moml.MoMLSimpleApplication@4b49c502
reloadAllAccessors: .UnionDisassemblerTest

===========================================================================================
----------------- testing Wed Mar 04 08:51:38 UTC 2020 /home/travis/build/icyphy/ptII/ptolemy/actor/lib/test/auto/UtilityFunctions.xml
----------------- Instantiating /home/travis/build/icyphy/ptII/ptolemy/actor/lib/test/auto/UtilityFunctions.xml
1 ms. Memory: 455680K Free: 375697K (82%)
----------------- Invoking toplevel() on ptolemy.moml.MoMLSimpleApplication@5a246d5d
----------------- Done invoking toplevel() on ptolemy.moml.MoMLSimpleApplication@5a246d5d
reloadAllAccessors: .UtilityFunctions

===========================================================================================
----------------- testing Wed Mar 04 08:51:38 UTC 2020 /home/travis/build/icyphy/ptII/ptolemy/actor/lib/test/auto/VariableSleep.xml
----------------- Instantiating /home/travis/build/icyphy/ptII/ptolemy/actor/lib/test/auto/VariableSleep.xml
502 ms. Memory: 455680K Free: 370577K (81%)
----------------- Invoking toplevel() on ptolemy.moml.MoMLSimpleApplication@1ce3601a
----------------- Done invoking toplevel() on ptolemy.moml.MoMLSimpleApplication@1ce3601a
reloadAllAccessors: .VariableSleep

===========================================================================================
----------------- testing Wed Mar 04 08:51:39 UTC 2020 /home/travis/build/icyphy/ptII/ptolemy/actor/lib/test/auto/VectorAssemblerDisassemblerCT.xml
----------------- Instantiating /home/travis/build/icyphy/ptII/ptolemy/actor/lib/test/auto/VectorAssemblerDisassemblerCT.xml
46 ms. Memory: 455680K Free: 350097K (77%)
----------------- Invoking toplevel() on ptolemy.moml.MoMLSimpleApplication@1817b7ff
----------------- Done invoking toplevel() on ptolemy.moml.MoMLSimpleApplication@1817b7ff
reloadAllAccessors: .VectorAssemblerDisassemblerCT

===========================================================================================
----------------- testing Wed Mar 04 08:51:39 UTC 2020 /home/travis/build/icyphy/ptII/ptolemy/actor/lib/test/auto/VectorAssemblerDisassemblerDE.xml
----------------- Instantiating /home/travis/build/icyphy/ptII/ptolemy/actor/lib/test/auto/VectorAssemblerDisassemblerDE.xml
5 ms. Memory: 455680K Free: 342929K (75%)
----------------- Invoking toplevel() on ptolemy.moml.MoMLSimpleApplication@639a3f7a
----------------- Done invoking toplevel() on ptolemy.moml.MoMLSimpleApplication@639a3f7a
reloadAllAccessors: .VectorAssemblerDisassemblerDE

===========================================================================================
----------------- testing Wed Mar 04 08:51:39 UTC 2020 /home/travis/build/icyphy/ptII/ptolemy/actor/lib/test/auto/VectorAssemblerDisassemblerSDF.xml
----------------- Instantiating /home/travis/build/icyphy/ptII/ptolemy/actor/lib/test/auto/VectorAssemblerDisassemblerSDF.xml
3 ms. Memory: 455680K Free: 336275K (74%)
----------------- Invoking toplevel() on ptolemy.moml.MoMLSimpleApplication@6930bc14
----------------- Done invoking toplevel() on ptolemy.moml.MoMLSimpleApplication@6930bc14
reloadAllAccessors: .VectorAssemblerDisassemblerSDF

===========================================================================================
----------------- testing Wed Mar 04 08:51:39 UTC 2020 /home/travis/build/icyphy/ptII/ptolemy/actor/lib/test/auto/WallClockTime.xml
----------------- Instantiating /home/travis/build/icyphy/ptII/ptolemy/actor/lib/test/auto/WallClockTime.xml
1003 ms. Memory: 455680K Free: 331155K (73%)
----------------- Invoking toplevel() on ptolemy.moml.MoMLSimpleApplication@45242c9f
----------------- Done invoking toplevel() on ptolemy.moml.MoMLSimpleApplication@45242c9f
reloadAllAccessors: .WallClockTime

===========================================================================================
----------------- testing Wed Mar 04 08:51:40 UTC 2020 /home/travis/build/icyphy/ptII/ptolemy/actor/lib/test/auto/WidthTestWithSubscriberPublisher.xml
----------------- Instantiating /home/travis/build/icyphy/ptII/ptolemy/actor/lib/test/auto/WidthTestWithSubscriberPublisher.xml
6 ms. Memory: 455680K Free: 313233K (69%)
----------------- Invoking toplevel() on ptolemy.moml.MoMLSimpleApplication@5e1f49d0
----------------- Done invoking toplevel() on ptolemy.moml.MoMLSimpleApplication@5e1f49d0
reloadAllAccessors: .WidthTestWithSubscriberPublisher

===========================================================================================
----------------- testing Wed Mar 04 08:51:40 UTC 2020 /home/travis/build/icyphy/ptII/ptolemy/actor/lib/test/auto/WidthTestWithSubscriberPublisher2.xml
----------------- Instantiating /home/travis/build/icyphy/ptII/ptolemy/actor/lib/test/auto/WidthTestWithSubscriberPublisher2.xml
2 ms. Memory: 455680K Free: 306579K (67%)
----------------- Invoking toplevel() on ptolemy.moml.MoMLSimpleApplication@26815ad6
----------------- Done invoking toplevel() on ptolemy.moml.MoMLSimpleApplication@26815ad6
reloadAllAccessors: .WidthTestWithSubscriberPublisher2

===========================================================================================
----------------- testing Wed Mar 04 08:51:40 UTC 2020 /home/travis/build/icyphy/ptII/ptolemy/actor/lib/test/auto/WidthTestWithSubscriberPublisher3.xml
----------------- Instantiating /home/travis/build/icyphy/ptII/ptolemy/actor/lib/test/auto/WidthTestWithSubscriberPublisher3.xml
2 ms. Memory: 455680K Free: 300945K (66%)
----------------- Invoking toplevel() on ptolemy.moml.MoMLSimpleApplication@4433c675
----------------- Done invoking toplevel() on ptolemy.moml.MoMLSimpleApplication@4433c675
reloadAllAccessors: .WidthTestWithSubscriberPublisher3

===========================================================================================
----------------- testing Wed Mar 04 08:51:40 UTC 2020 /home/travis/build/icyphy/ptII/ptolemy/actor/lib/test/auto/Writer.xml
----------------- Instantiating /home/travis/build/icyphy/ptII/ptolemy/actor/lib/test/auto/Writer.xml
0
1
2
3
4
1 ms. Memory: 455680K Free: 295795K (65%)
----------------- Invoking toplevel() on ptolemy.moml.MoMLSimpleApplication@b32a180
----------------- Done invoking toplevel() on ptolemy.moml.MoMLSimpleApplication@b32a180
reloadAllAccessors: .Writer

===========================================================================================
----------------- testing Wed Mar 04 08:51:40 UTC 2020 /home/travis/build/icyphy/ptII/ptolemy/actor/lib/test/auto/array.xml
----------------- Instantiating /home/travis/build/icyphy/ptII/ptolemy/actor/lib/test/auto/array.xml
2 ms. Memory: 455680K Free: 290705K (64%)
----------------- Invoking toplevel() on ptolemy.moml.MoMLSimpleApplication@1cebcd1a
----------------- Done invoking toplevel() on ptolemy.moml.MoMLSimpleApplication@1cebcd1a
reloadAllAccessors: .array

===========================================================================================
----------------- testing Wed Mar 04 08:51:40 UTC 2020 /home/travis/build/icyphy/ptII/ptolemy/actor/lib/test/auto/array2.xml
----------------- Instantiating /home/travis/build/icyphy/ptII/ptolemy/actor/lib/test/auto/array2.xml
4 ms. Memory: 455680K Free: 286099K (63%)
----------------- Invoking toplevel() on ptolemy.moml.MoMLSimpleApplication@717a30d5
----------------- Done invoking toplevel() on ptolemy.moml.MoMLSimpleApplication@717a30d5
reloadAllAccessors: .array2

===========================================================================================
----------------- testing Wed Mar 04 08:51:40 UTC 2020 /home/travis/build/icyphy/ptII/ptolemy/actor/lib/test/auto/arrayType.xml
----------------- Instantiating /home/travis/build/icyphy/ptII/ptolemy/actor/lib/test/auto/arrayType.xml
6 ms. Memory: 455680K Free: 280465K (62%)
----------------- Invoking toplevel() on ptolemy.moml.MoMLSimpleApplication@2c1ae056
----------------- Done invoking toplevel() on ptolemy.moml.MoMLSimpleApplication@2c1ae056
reloadAllAccessors: .arrayType

===========================================================================================
----------------- testing Wed Mar 04 08:51:40 UTC 2020 /home/travis/build/icyphy/ptII/ptolemy/actor/lib/test/auto/arrayType10.xml
----------------- Instantiating /home/travis/build/icyphy/ptII/ptolemy/actor/lib/test/auto/arrayType10.xml
1 ms. Memory: 455680K Free: 275345K (60%)
----------------- Invoking toplevel() on ptolemy.moml.MoMLSimpleApplication@4b0a26fd
----------------- Done invoking toplevel() on ptolemy.moml.MoMLSimpleApplication@4b0a26fd
reloadAllAccessors: .arrayType10

===========================================================================================
----------------- testing Wed Mar 04 08:51:40 UTC 2020 /home/travis/build/icyphy/ptII/ptolemy/actor/lib/test/auto/arrayType11.xml
----------------- Instantiating /home/travis/build/icyphy/ptII/ptolemy/actor/lib/test/auto/arrayType11.xml
1 ms. Memory: 455680K Free: 270739K (59%)
----------------- Invoking toplevel() on ptolemy.moml.MoMLSimpleApplication@701bb1e5
----------------- Done invoking toplevel() on ptolemy.moml.MoMLSimpleApplication@701bb1e5
reloadAllAccessors: .arrayType11

===========================================================================================
----------------- testing Wed Mar 04 08:51:40 UTC 2020 /home/travis/build/icyphy/ptII/ptolemy/actor/lib/test/auto/arrayType12.xml
----------------- Instantiating /home/travis/build/icyphy/ptII/ptolemy/actor/lib/test/auto/arrayType12.xml
2 ms. Memory: 455680K Free: 266129K (58%)
----------------- Invoking toplevel() on ptolemy.moml.MoMLSimpleApplication@134d05f9
----------------- Done invoking toplevel() on ptolemy.moml.MoMLSimpleApplication@134d05f9
reloadAllAccessors: .arrayType12

===========================================================================================
----------------- testing Wed Mar 04 08:51:40 UTC 2020 /home/travis/build/icyphy/ptII/ptolemy/actor/lib/test/auto/arrayType13.xml
----------------- Instantiating /home/travis/build/icyphy/ptII/ptolemy/actor/lib/test/auto/arrayType13.xml
1 ms. Memory: 455680K Free: 260499K (57%)
----------------- Invoking toplevel() on ptolemy.moml.MoMLSimpleApplication@3275a56a
----------------- Done invoking toplevel() on ptolemy.moml.MoMLSimpleApplication@3275a56a
reloadAllAccessors: .arrayType13

===========================================================================================
----------------- testing Wed Mar 04 08:51:40 UTC 2020 /home/travis/build/icyphy/ptII/ptolemy/actor/lib/test/auto/arrayType14.xml
----------------- Instantiating /home/travis/build/icyphy/ptII/ptolemy/actor/lib/test/auto/arrayType14.xml
1 ms. Memory: 455680K Free: 255379K (56%)
----------------- Invoking toplevel() on ptolemy.moml.MoMLSimpleApplication@5ad8d7d8
----------------- Done invoking toplevel() on ptolemy.moml.MoMLSimpleApplication@5ad8d7d8
reloadAllAccessors: .arrayType14

===========================================================================================
----------------- testing Wed Mar 04 08:51:40 UTC 2020 /home/travis/build/icyphy/ptII/ptolemy/actor/lib/test/auto/arrayType15.xml
----------------- Instantiating /home/travis/build/icyphy/ptII/ptolemy/actor/lib/test/auto/arrayType15.xml
6 ms. Memory: 455680K Free: 250259K (55%)
----------------- Invoking toplevel() on ptolemy.moml.MoMLSimpleApplication@559d8a2f
----------------- Done invoking toplevel() on ptolemy.moml.MoMLSimpleApplication@559d8a2f
reloadAllAccessors: .arrayType15

===========================================================================================
----------------- testing Wed Mar 04 08:51:40 UTC 2020 /home/travis/build/icyphy/ptII/ptolemy/actor/lib/test/auto/arrayType16.xml
----------------- Instantiating /home/travis/build/icyphy/ptII/ptolemy/actor/lib/test/auto/arrayType16.xml
1 ms. Memory: 455680K Free: 244625K (54%)
----------------- Invoking toplevel() on ptolemy.moml.MoMLSimpleApplication@2d8a7b72
----------------- Done invoking toplevel() on ptolemy.moml.MoMLSimpleApplication@2d8a7b72
reloadAllAccessors: .arrayType16

===========================================================================================
----------------- testing Wed Mar 04 08:51:40 UTC 2020 /home/travis/build/icyphy/ptII/ptolemy/actor/lib/test/auto/arrayType17.xml
----------------- Instantiating /home/travis/build/icyphy/ptII/ptolemy/actor/lib/test/auto/arrayType17.xml
3 ms. Memory: 455680K Free: 239505K (53%)
----------------- Invoking toplevel() on ptolemy.moml.MoMLSimpleApplication@699d91b5
----------------- Done invoking toplevel() on ptolemy.moml.MoMLSimpleApplication@699d91b5
reloadAllAccessors: .arrayType17

===========================================================================================
----------------- testing Wed Mar 04 08:51:40 UTC 2020 /home/travis/build/icyphy/ptII/ptolemy/actor/lib/test/auto/arrayType18.xml
----------------- Instantiating /home/travis/build/icyphy/ptII/ptolemy/actor/lib/test/auto/arrayType18.xml
2 ms. Memory: 455680K Free: 234899K (52%)
----------------- Invoking toplevel() on ptolemy.moml.MoMLSimpleApplication@4c6a7f6
----------------- Done invoking toplevel() on ptolemy.moml.MoMLSimpleApplication@4c6a7f6
reloadAllAccessors: .arrayType18

===========================================================================================
----------------- testing Wed Mar 04 08:51:40 UTC 2020 /home/travis/build/icyphy/ptII/ptolemy/actor/lib/test/auto/arrayType19.xml
----------------- Instantiating /home/travis/build/icyphy/ptII/ptolemy/actor/lib/test/auto/arrayType19.xml
1 ms. Memory: 455680K Free: 229779K (50%)
----------------- Invoking toplevel() on ptolemy.moml.MoMLSimpleApplication@2d528aa5
----------------- Done invoking toplevel() on ptolemy.moml.MoMLSimpleApplication@2d528aa5
reloadAllAccessors: .arrayType19

===========================================================================================
----------------- testing Wed Mar 04 08:51:40 UTC 2020 /home/travis/build/icyphy/ptII/ptolemy/actor/lib/test/auto/arrayType2.xml
----------------- Instantiating /home/travis/build/icyphy/ptII/ptolemy/actor/lib/test/auto/arrayType2.xml
1 ms. Memory: 455680K Free: 224659K (49%)
----------------- Invoking toplevel() on ptolemy.moml.MoMLSimpleApplication@44cfaa3d
----------------- Done invoking toplevel() on ptolemy.moml.MoMLSimpleApplication@44cfaa3d
reloadAllAccessors: .arrayType2

===========================================================================================
----------------- testing Wed Mar 04 08:51:40 UTC 2020 /home/travis/build/icyphy/ptII/ptolemy/actor/lib/test/auto/arrayType20.xml
----------------- Instantiating /home/travis/build/icyphy/ptII/ptolemy/actor/lib/test/auto/arrayType20.xml
1 ms. Memory: 455680K Free: 220049K (48%)
----------------- Invoking toplevel() on ptolemy.moml.MoMLSimpleApplication@42d69cc5
----------------- Done invoking toplevel() on ptolemy.moml.MoMLSimpleApplication@42d69cc5
reloadAllAccessors: .arrayType20

===========================================================================================
----------------- testing Wed Mar 04 08:51:40 UTC 2020 /home/travis/build/icyphy/ptII/ptolemy/actor/lib/test/auto/arrayType21.xml
----------------- Instantiating /home/travis/build/icyphy/ptII/ptolemy/actor/lib/test/auto/arrayType21.xml
1 ms. Memory: 455680K Free: 214929K (47%)
----------------- Invoking toplevel() on ptolemy.moml.MoMLSimpleApplication@e89510e
----------------- Done invoking toplevel() on ptolemy.moml.MoMLSimpleApplication@e89510e
reloadAllAccessors: .arrayType21

===========================================================================================
----------------- testing Wed Mar 04 08:51:40 UTC 2020 /home/travis/build/icyphy/ptII/ptolemy/actor/lib/test/auto/arrayType22.xml
----------------- Instantiating /home/travis/build/icyphy/ptII/ptolemy/actor/lib/test/auto/arrayType22.xml
1 ms. Memory: 455680K Free: 210323K (46%)
----------------- Invoking toplevel() on ptolemy.moml.MoMLSimpleApplication@ad7323a
----------------- Done invoking toplevel() on ptolemy.moml.MoMLSimpleApplication@ad7323a
reloadAllAccessors: .arrayType22

===========================================================================================
----------------- testing Wed Mar 04 08:51:40 UTC 2020 /home/travis/build/icyphy/ptII/ptolemy/actor/lib/test/auto/arrayType23.xml
----------------- Instantiating /home/travis/build/icyphy/ptII/ptolemy/actor/lib/test/auto/arrayType23.xml
2 ms. Memory: 455680K Free: 205713K (45%)
----------------- Invoking toplevel() on ptolemy.moml.MoMLSimpleApplication@6f3aed2e
----------------- Done invoking toplevel() on ptolemy.moml.MoMLSimpleApplication@6f3aed2e
reloadAllAccessors: .arrayType23

===========================================================================================
----------------- testing Wed Mar 04 08:51:40 UTC 2020 /home/travis/build/icyphy/ptII/ptolemy/actor/lib/test/auto/arrayType24.xml
----------------- Instantiating /home/travis/build/icyphy/ptII/ptolemy/actor/lib/test/auto/arrayType24.xml
2 ms. Memory: 455680K Free: 200593K (44%)
----------------- Invoking toplevel() on ptolemy.moml.MoMLSimpleApplication@6ea27ff7
----------------- Done invoking toplevel() on ptolemy.moml.MoMLSimpleApplication@6ea27ff7
reloadAllAccessors: .arrayType24

===========================================================================================
----------------- testing Wed Mar 04 08:51:40 UTC 2020 /home/travis/build/icyphy/ptII/ptolemy/actor/lib/test/auto/arrayType25.xml
----------------- Instantiating /home/travis/build/icyphy/ptII/ptolemy/actor/lib/test/auto/arrayType25.xml
1 ms. Memory: 455680K Free: 195459K (43%)
----------------- Invoking toplevel() on ptolemy.moml.MoMLSimpleApplication@771d7f39
----------------- Done invoking toplevel() on ptolemy.moml.MoMLSimpleApplication@771d7f39
reloadAllAccessors: .arrayType25

===========================================================================================
----------------- testing Wed Mar 04 08:51:40 UTC 2020 /home/travis/build/icyphy/ptII/ptolemy/actor/lib/test/auto/arrayType26.xml
----------------- Instantiating /home/travis/build/icyphy/ptII/ptolemy/actor/lib/test/auto/arrayType26.xml
1 ms. Memory: 455680K Free: 189843K (42%)
----------------- Invoking toplevel() on ptolemy.moml.MoMLSimpleApplication@645fbc6e
----------------- Done invoking toplevel() on ptolemy.moml.MoMLSimpleApplication@645fbc6e
reloadAllAccessors: .arrayType26

===========================================================================================
----------------- testing Wed Mar 04 08:51:40 UTC 2020 /home/travis/build/icyphy/ptII/ptolemy/actor/lib/test/auto/arrayType27.xml
----------------- Instantiating /home/travis/build/icyphy/ptII/ptolemy/actor/lib/test/auto/arrayType27.xml
1 ms. Memory: 455680K Free: 184723K (41%)
----------------- Invoking toplevel() on ptolemy.moml.MoMLSimpleApplication@195e25e1
----------------- Done invoking toplevel() on ptolemy.moml.MoMLSimpleApplication@195e25e1
reloadAllAccessors: .arrayType27

===========================================================================================
----------------- testing Wed Mar 04 08:51:40 UTC 2020 /home/travis/build/icyphy/ptII/ptolemy/actor/lib/test/auto/arrayType28.xml
----------------- Instantiating /home/travis/build/icyphy/ptII/ptolemy/actor/lib/test/auto/arrayType28.xml
1 ms. Memory: 455680K Free: 179603K (39%)
----------------- Invoking toplevel() on ptolemy.moml.MoMLSimpleApplication@66acf424
----------------- Done invoking toplevel() on ptolemy.moml.MoMLSimpleApplication@66acf424
reloadAllAccessors: .arrayType28

===========================================================================================
----------------- testing Wed Mar 04 08:51:40 UTC 2020 /home/travis/build/icyphy/ptII/ptolemy/actor/lib/test/auto/arrayType3.xml
----------------- Instantiating /home/travis/build/icyphy/ptII/ptolemy/actor/lib/test/auto/arrayType3.xml
5 ms. Memory: 455680K Free: 173969K (38%)
----------------- Invoking toplevel() on ptolemy.moml.MoMLSimpleApplication@3ff96297
----------------- Done invoking toplevel() on ptolemy.moml.MoMLSimpleApplication@3ff96297
reloadAllAccessors: .arrayType3

===========================================================================================
----------------- testing Wed Mar 04 08:51:40 UTC 2020 /home/travis/build/icyphy/ptII/ptolemy/actor/lib/test/auto/arrayType4.xml
----------------- Instantiating /home/travis/build/icyphy/ptII/ptolemy/actor/lib/test/auto/arrayType4.xml
1 ms. Memory: 455680K Free: 168849K (37%)
----------------- Invoking toplevel() on ptolemy.moml.MoMLSimpleApplication@3cd79c2
----------------- Done invoking toplevel() on ptolemy.moml.MoMLSimpleApplication@3cd79c2
reloadAllAccessors: .arrayType4

===========================================================================================
----------------- testing Wed Mar 04 08:51:41 UTC 2020 /home/travis/build/icyphy/ptII/ptolemy/actor/lib/test/auto/arrayType5.xml
----------------- Instantiating /home/travis/build/icyphy/ptII/ptolemy/actor/lib/test/auto/arrayType5.xml
2 ms. Memory: 455680K Free: 163729K (36%)
----------------- Invoking toplevel() on ptolemy.moml.MoMLSimpleApplication@48338182
----------------- Done invoking toplevel() on ptolemy.moml.MoMLSimpleApplication@48338182
reloadAllAccessors: .arrayType5

===========================================================================================
----------------- testing Wed Mar 04 08:51:41 UTC 2020 /home/travis/build/icyphy/ptII/ptolemy/actor/lib/test/auto/arrayType6.xml
----------------- Instantiating /home/travis/build/icyphy/ptII/ptolemy/actor/lib/test/auto/arrayType6.xml
2 ms. Memory: 455680K Free: 158609K (35%)
----------------- Invoking toplevel() on ptolemy.moml.MoMLSimpleApplication@5987098e
----------------- Done invoking toplevel() on ptolemy.moml.MoMLSimpleApplication@5987098e
reloadAllAccessors: .arrayType6

===========================================================================================
----------------- testing Wed Mar 04 08:51:41 UTC 2020 /home/travis/build/icyphy/ptII/ptolemy/actor/lib/test/auto/arrayType7.xml
----------------- Instantiating /home/travis/build/icyphy/ptII/ptolemy/actor/lib/test/auto/arrayType7.xml
6 ms. Memory: 455680K Free: 154003K (34%)
----------------- Invoking toplevel() on ptolemy.moml.MoMLSimpleApplication@2010e8d
----------------- Done invoking toplevel() on ptolemy.moml.MoMLSimpleApplication@2010e8d
reloadAllAccessors: .arrayType7

===========================================================================================
----------------- testing Wed Mar 04 08:51:41 UTC 2020 /home/travis/build/icyphy/ptII/ptolemy/actor/lib/test/auto/arrayType8.xml
----------------- Instantiating /home/travis/build/icyphy/ptII/ptolemy/actor/lib/test/auto/arrayType8.xml
2 ms. Memory: 455680K Free: 148883K (33%)
----------------- Invoking toplevel() on ptolemy.moml.MoMLSimpleApplication@540449c3
----------------- Done invoking toplevel() on ptolemy.moml.MoMLSimpleApplication@540449c3
reloadAllAccessors: .arrayType8

===========================================================================================
----------------- testing Wed Mar 04 08:51:41 UTC 2020 /home/travis/build/icyphy/ptII/ptolemy/actor/lib/test/auto/arrayType9.xml
----------------- Instantiating /home/travis/build/icyphy/ptII/ptolemy/actor/lib/test/auto/arrayType9.xml
1 ms. Memory: 455680K Free: 144273K (32%)
----------------- Invoking toplevel() on ptolemy.moml.MoMLSimpleApplication@149a0d19
----------------- Done invoking toplevel() on ptolemy.moml.MoMLSimpleApplication@149a0d19
reloadAllAccessors: .arrayType9

===========================================================================================
----------------- testing Wed Mar 04 08:51:41 UTC 2020 /home/travis/build/icyphy/ptII/ptolemy/actor/lib/test/auto/cast.xml
----------------- Instantiating /home/travis/build/icyphy/ptII/ptolemy/actor/lib/test/auto/cast.xml
2 ms. Memory: 455680K Free: 139667K (31%)
----------------- Invoking toplevel() on ptolemy.moml.MoMLSimpleApplication@21b620db
----------------- Done invoking toplevel() on ptolemy.moml.MoMLSimpleApplication@21b620db
reloadAllAccessors: .cast

===========================================================================================
----------------- testing Wed Mar 04 08:51:41 UTC 2020 /home/travis/build/icyphy/ptII/ptolemy/actor/lib/test/auto/compositeMultiPort.xml
----------------- Instantiating /home/travis/build/icyphy/ptII/ptolemy/actor/lib/test/auto/compositeMultiPort.xml
3 ms. Memory: 455680K Free: 397560K (87%)
----------------- Invoking toplevel() on ptolemy.moml.MoMLSimpleApplication@7e65fa56
----------------- Done invoking toplevel() on ptolemy.moml.MoMLSimpleApplication@7e65fa56
reloadAllAccessors: .compositeMultiPort

===========================================================================================
----------------- testing Wed Mar 04 08:51:41 UTC 2020 /home/travis/build/icyphy/ptII/ptolemy/actor/lib/test/auto/expressionCastInference.xml
----------------- Instantiating /home/travis/build/icyphy/ptII/ptolemy/actor/lib/test/auto/expressionCastInference.xml
2 ms. Memory: 455680K Free: 392454K (86%)
----------------- Invoking toplevel() on ptolemy.moml.MoMLSimpleApplication@ccd8d65
----------------- Done invoking toplevel() on ptolemy.moml.MoMLSimpleApplication@ccd8d65
reloadAllAccessors: .expressionCastInference

===========================================================================================
----------------- testing Wed Mar 04 08:51:41 UTC 2020 /home/travis/build/icyphy/ptII/ptolemy/actor/lib/test/auto/expressionCastInference2.xml
----------------- Instantiating /home/travis/build/icyphy/ptII/ptolemy/actor/lib/test/auto/expressionCastInference2.xml
2 ms. Memory: 455680K Free: 387848K (85%)
----------------- Invoking toplevel() on ptolemy.moml.MoMLSimpleApplication@f0e0fcb
----------------- Done invoking toplevel() on ptolemy.moml.MoMLSimpleApplication@f0e0fcb
reloadAllAccessors: .expressionCastInference2

===========================================================================================
----------------- testing Wed Mar 04 08:51:41 UTC 2020 /home/travis/build/icyphy/ptII/ptolemy/actor/lib/test/auto/expressionInference.xml
----------------- Instantiating /home/travis/build/icyphy/ptII/ptolemy/actor/lib/test/auto/expressionInference.xml
1 ms. Memory: 455680K Free: 383238K (84%)
----------------- Invoking toplevel() on ptolemy.moml.MoMLSimpleApplication@7a03c398
----------------- Done invoking toplevel() on ptolemy.moml.MoMLSimpleApplication@7a03c398
reloadAllAccessors: .expressionInference

===========================================================================================
----------------- testing Wed Mar 04 08:51:41 UTC 2020 /home/travis/build/icyphy/ptII/ptolemy/actor/lib/test/auto/expression_bug.xml
----------------- Instantiating /home/travis/build/icyphy/ptII/ptolemy/actor/lib/test/auto/expression_bug.xml
1 ms. Memory: 455680K Free: 379142K (83%)
----------------- Invoking toplevel() on ptolemy.moml.MoMLSimpleApplication@75a75539
----------------- Done invoking toplevel() on ptolemy.moml.MoMLSimpleApplication@75a75539
reloadAllAccessors: .expression_bug

===========================================================================================
----------------- testing Wed Mar 04 08:51:41 UTC 2020 /home/travis/build/icyphy/ptII/ptolemy/actor/lib/test/auto/factorial.xml
----------------- Instantiating /home/travis/build/icyphy/ptII/ptolemy/actor/lib/test/auto/factorial.xml
36 ms. Memory: 455680K Free: 370440K (81%)
----------------- Invoking toplevel() on ptolemy.moml.MoMLSimpleApplication@46001fb2
----------------- Done invoking toplevel() on ptolemy.moml.MoMLSimpleApplication@46001fb2
reloadAllAccessors: .factorial

===========================================================================================
----------------- testing Wed Mar 04 08:51:41 UTC 2020 /home/travis/build/icyphy/ptII/ptolemy/actor/lib/test/auto/filterTest1.xml
----------------- Instantiating /home/travis/build/icyphy/ptII/ptolemy/actor/lib/test/auto/filterTest1.xml
3 ms. Memory: 455680K Free: 364806K (80%)
----------------- Invoking toplevel() on ptolemy.moml.MoMLSimpleApplication@4ed85b3
----------------- Done invoking toplevel() on ptolemy.moml.MoMLSimpleApplication@4ed85b3
reloadAllAccessors: .filterTest1

===========================================================================================
----------------- testing Wed Mar 04 08:51:41 UTC 2020 /home/travis/build/icyphy/ptII/ptolemy/actor/lib/test/auto/funcApplyInConst.xml
----------------- Instantiating /home/travis/build/icyphy/ptII/ptolemy/actor/lib/test/auto/funcApplyInConst.xml
1 ms. Memory: 455680K Free: 361224K (79%)
----------------- Invoking toplevel() on ptolemy.moml.MoMLSimpleApplication@37e8976a
----------------- Done invoking toplevel() on ptolemy.moml.MoMLSimpleApplication@37e8976a
reloadAllAccessors: .funcApplyInConst

===========================================================================================
----------------- testing Wed Mar 04 08:51:41 UTC 2020 /home/travis/build/icyphy/ptII/ptolemy/actor/lib/test/auto/funcApplyInExpr.xml
----------------- Instantiating /home/travis/build/icyphy/ptII/ptolemy/actor/lib/test/auto/funcApplyInExpr.xml
7 ms. Memory: 455680K Free: 357128K (78%)
----------------- Invoking toplevel() on ptolemy.moml.MoMLSimpleApplication@7b4b0a4a
----------------- Done invoking toplevel() on ptolemy.moml.MoMLSimpleApplication@7b4b0a4a
reloadAllAccessors: .funcApplyInExpr

===========================================================================================
----------------- testing Wed Mar 04 08:51:41 UTC 2020 /home/travis/build/icyphy/ptII/ptolemy/actor/lib/test/auto/function.xml
----------------- Instantiating /home/travis/build/icyphy/ptII/ptolemy/actor/lib/test/auto/function.xml
2 ms. Memory: 455680K Free: 352518K (77%)
----------------- Invoking toplevel() on ptolemy.moml.MoMLSimpleApplication@2fcdb82c
----------------- Done invoking toplevel() on ptolemy.moml.MoMLSimpleApplication@2fcdb82c
reloadAllAccessors: .function

===========================================================================================
----------------- testing Wed Mar 04 08:51:41 UTC 2020 /home/travis/build/icyphy/ptII/ptolemy/actor/lib/test/auto/function2.xml
----------------- Instantiating /home/travis/build/icyphy/ptII/ptolemy/actor/lib/test/auto/function2.xml
2 ms. Memory: 455680K Free: 347398K (76%)
----------------- Invoking toplevel() on ptolemy.moml.MoMLSimpleApplication@13021c0
----------------- Done invoking toplevel() on ptolemy.moml.MoMLSimpleApplication@13021c0
reloadAllAccessors: .function2

===========================================================================================
----------------- testing Wed Mar 04 08:51:41 UTC 2020 /home/travis/build/icyphy/ptII/ptolemy/actor/lib/test/auto/function3.xml
----------------- Instantiating /home/travis/build/icyphy/ptII/ptolemy/actor/lib/test/auto/function3.xml
1 ms. Memory: 455680K Free: 343816K (75%)
----------------- Invoking toplevel() on ptolemy.moml.MoMLSimpleApplication@775072c7
----------------- Done invoking toplevel() on ptolemy.moml.MoMLSimpleApplication@775072c7
reloadAllAccessors: .function3

===========================================================================================
----------------- testing Wed Mar 04 08:51:41 UTC 2020 /home/travis/build/icyphy/ptII/ptolemy/actor/lib/test/auto/functionClosureTest1.xml
----------------- Instantiating /home/travis/build/icyphy/ptII/ptolemy/actor/lib/test/auto/functionClosureTest1.xml
2 ms. Memory: 455680K Free: 337672K (74%)
----------------- Invoking toplevel() on ptolemy.moml.MoMLSimpleApplication@7700ca83
----------------- Done invoking toplevel() on ptolemy.moml.MoMLSimpleApplication@7700ca83
reloadAllAccessors: .functionClosureTest1

===========================================================================================
----------------- testing Wed Mar 04 08:51:41 UTC 2020 /home/travis/build/icyphy/ptII/ptolemy/actor/lib/test/auto/functionClosureTest2.xml
----------------- Instantiating /home/travis/build/icyphy/ptII/ptolemy/actor/lib/test/auto/functionClosureTest2.xml
1 ms. Memory: 455680K Free: 334086K (73%)
----------------- Invoking toplevel() on ptolemy.moml.MoMLSimpleApplication@7936a24
----------------- Done invoking toplevel() on ptolemy.moml.MoMLSimpleApplication@7936a24
reloadAllAccessors: .functionClosureTest2

===========================================================================================
----------------- testing Wed Mar 04 08:51:41 UTC 2020 /home/travis/build/icyphy/ptII/ptolemy/actor/lib/test/auto/functionClosureTest3.xml
----------------- Instantiating /home/travis/build/icyphy/ptII/ptolemy/actor/lib/test/auto/functionClosureTest3.xml
3 ms. Memory: 455680K Free: 328456K (72%)
----------------- Invoking toplevel() on ptolemy.moml.MoMLSimpleApplication@7b33f86a
----------------- Done invoking toplevel() on ptolemy.moml.MoMLSimpleApplication@7b33f86a
reloadAllAccessors: .functionClosureTest3

===========================================================================================
----------------- testing Wed Mar 04 08:51:41 UTC 2020 /home/travis/build/icyphy/ptII/ptolemy/actor/lib/test/auto/functionClosureTest4.xml
----------------- Instantiating /home/travis/build/icyphy/ptII/ptolemy/actor/lib/test/auto/functionClosureTest4.xml
4 ms. Memory: 455680K Free: 322312K (71%)
----------------- Invoking toplevel() on ptolemy.moml.MoMLSimpleApplication@6ce4822d
----------------- Done invoking toplevel() on ptolemy.moml.MoMLSimpleApplication@6ce4822d
reloadAllAccessors: .functionClosureTest4

===========================================================================================
----------------- testing Wed Mar 04 08:51:41 UTC 2020 /home/travis/build/icyphy/ptII/ptolemy/actor/lib/test/auto/functionClosureTest5.xml
----------------- Instantiating /home/travis/build/icyphy/ptII/ptolemy/actor/lib/test/auto/functionClosureTest5.xml
4 ms. Memory: 455680K Free: 317192K (70%)
----------------- Invoking toplevel() on ptolemy.moml.MoMLSimpleApplication@153b40b0
----------------- Done invoking toplevel() on ptolemy.moml.MoMLSimpleApplication@153b40b0
reloadAllAccessors: .functionClosureTest5

===========================================================================================
----------------- testing Wed Mar 04 08:51:41 UTC 2020 /home/travis/build/icyphy/ptII/ptolemy/actor/lib/test/auto/functionClosureTest6.xml
----------------- Instantiating /home/travis/build/icyphy/ptII/ptolemy/actor/lib/test/auto/functionClosureTest6.xml
2 ms. Memory: 455680K Free: 312072K (68%)
----------------- Invoking toplevel() on ptolemy.moml.MoMLSimpleApplication@66c74cab
----------------- Done invoking toplevel() on ptolemy.moml.MoMLSimpleApplication@66c74cab
reloadAllAccessors: .functionClosureTest6

===========================================================================================
----------------- testing Wed Mar 04 08:51:41 UTC 2020 /home/travis/build/icyphy/ptII/ptolemy/actor/lib/test/auto/functionsOnArcs.xml
----------------- Instantiating /home/travis/build/icyphy/ptII/ptolemy/actor/lib/test/auto/functionsOnArcs.xml
2 ms. Memory: 455680K Free: 306952K (67%)
----------------- Invoking toplevel() on ptolemy.moml.MoMLSimpleApplication@6263853a
----------------- Done invoking toplevel() on ptolemy.moml.MoMLSimpleApplication@6263853a
reloadAllAccessors: .functionsOnArcs

===========================================================================================
----------------- testing Wed Mar 04 08:51:41 UTC 2020 /home/travis/build/icyphy/ptII/ptolemy/actor/lib/test/auto/functionsOnArcsHOF.xml
----------------- Instantiating /home/travis/build/icyphy/ptII/ptolemy/actor/lib/test/auto/functionsOnArcsHOF.xml
4 ms. Memory: 455680K Free: 300808K (66%)
----------------- Invoking toplevel() on ptolemy.moml.MoMLSimpleApplication@6288214b
----------------- Done invoking toplevel() on ptolemy.moml.MoMLSimpleApplication@6288214b
reloadAllAccessors: .functionsOnArcsHOF

===========================================================================================
----------------- testing Wed Mar 04 08:51:41 UTC 2020 /home/travis/build/icyphy/ptII/ptolemy/actor/lib/test/auto/logic.xml
----------------- Instantiating /home/travis/build/icyphy/ptII/ptolemy/actor/lib/test/auto/logic.xml
1 ms. Memory: 455680K Free: 293640K (64%)
----------------- Invoking toplevel() on ptolemy.moml.MoMLSimpleApplication@f7f5286
----------------- Done invoking toplevel() on ptolemy.moml.MoMLSimpleApplication@f7f5286
reloadAllAccessors: .logic

===========================================================================================
----------------- testing Wed Mar 04 08:51:41 UTC 2020 /home/travis/build/icyphy/ptII/ptolemy/actor/lib/test/auto/matrixType.xml
----------------- Instantiating /home/travis/build/icyphy/ptII/ptolemy/actor/lib/test/auto/matrixType.xml
1 ms. Memory: 455680K Free: 288006K (63%)
----------------- Invoking toplevel() on ptolemy.moml.MoMLSimpleApplication@6ecca682
----------------- Done invoking toplevel() on ptolemy.moml.MoMLSimpleApplication@6ecca682
reloadAllAccessors: .matrixType

===========================================================================================
----------------- testing Wed Mar 04 08:51:41 UTC 2020 /home/travis/build/icyphy/ptII/ptolemy/actor/lib/test/auto/matrixType10.xml
----------------- Instantiating /home/travis/build/icyphy/ptII/ptolemy/actor/lib/test/auto/matrixType10.xml
2 ms. Memory: 455680K Free: 283400K (62%)
----------------- Invoking toplevel() on ptolemy.moml.MoMLSimpleApplication@5feb8c0f
----------------- Done invoking toplevel() on ptolemy.moml.MoMLSimpleApplication@5feb8c0f
reloadAllAccessors: .matrixType10

===========================================================================================
----------------- testing Wed Mar 04 08:51:41 UTC 2020 /home/travis/build/icyphy/ptII/ptolemy/actor/lib/test/auto/matrixType11.xml
----------------- Instantiating /home/travis/build/icyphy/ptII/ptolemy/actor/lib/test/auto/matrixType11.xml
1 ms. Memory: 455680K Free: 278280K (61%)
----------------- Invoking toplevel() on ptolemy.moml.MoMLSimpleApplication@6be0b026
----------------- Done invoking toplevel() on ptolemy.moml.MoMLSimpleApplication@6be0b026
reloadAllAccessors: .matrixType11

===========================================================================================
----------------- testing Wed Mar 04 08:51:41 UTC 2020 /home/travis/build/icyphy/ptII/ptolemy/actor/lib/test/auto/matrixType12.xml
----------------- Instantiating /home/travis/build/icyphy/ptII/ptolemy/actor/lib/test/auto/matrixType12.xml
2 ms. Memory: 455680K Free: 273670K (60%)
----------------- Invoking toplevel() on ptolemy.moml.MoMLSimpleApplication@16616d26
----------------- Done invoking toplevel() on ptolemy.moml.MoMLSimpleApplication@16616d26
reloadAllAccessors: .matrixType12

===========================================================================================
----------------- testing Wed Mar 04 08:51:41 UTC 2020 /home/travis/build/icyphy/ptII/ptolemy/actor/lib/test/auto/matrixType13.xml
----------------- Instantiating /home/travis/build/icyphy/ptII/ptolemy/actor/lib/test/auto/matrixType13.xml
1 ms. Memory: 455680K Free: 268550K (59%)
----------------- Invoking toplevel() on ptolemy.moml.MoMLSimpleApplication@7debdfc9
----------------- Done invoking toplevel() on ptolemy.moml.MoMLSimpleApplication@7debdfc9
reloadAllAccessors: .matrixType13

===========================================================================================
----------------- testing Wed Mar 04 08:51:41 UTC 2020 /home/travis/build/icyphy/ptII/ptolemy/actor/lib/test/auto/matrixType14.xml
----------------- Instantiating /home/travis/build/icyphy/ptII/ptolemy/actor/lib/test/auto/matrixType14.xml
1 ms. Memory: 455680K Free: 263416K (58%)
----------------- Invoking toplevel() on ptolemy.moml.MoMLSimpleApplication@22aa3e1a
----------------- Done invoking toplevel() on ptolemy.moml.MoMLSimpleApplication@22aa3e1a
reloadAllAccessors: .matrixType14

===========================================================================================
----------------- testing Wed Mar 04 08:51:41 UTC 2020 /home/travis/build/icyphy/ptII/ptolemy/actor/lib/test/auto/matrixType2.xml
----------------- Instantiating /home/travis/build/icyphy/ptII/ptolemy/actor/lib/test/auto/matrixType2.xml
2 ms. Memory: 455680K Free: 258310K (57%)
----------------- Invoking toplevel() on ptolemy.moml.MoMLSimpleApplication@63cbeaa6
----------------- Done invoking toplevel() on ptolemy.moml.MoMLSimpleApplication@63cbeaa6
reloadAllAccessors: .matrixType2

===========================================================================================
----------------- testing Wed Mar 04 08:51:41 UTC 2020 /home/travis/build/icyphy/ptII/ptolemy/actor/lib/test/auto/matrixType3.xml
----------------- Instantiating /home/travis/build/icyphy/ptII/ptolemy/actor/lib/test/auto/matrixType3.xml
3 ms. Memory: 455680K Free: 253704K (56%)
----------------- Invoking toplevel() on ptolemy.moml.MoMLSimpleApplication@40f7fc14
----------------- Done invoking toplevel() on ptolemy.moml.MoMLSimpleApplication@40f7fc14
reloadAllAccessors: .matrixType3

===========================================================================================
----------------- testing Wed Mar 04 08:51:41 UTC 2020 /home/travis/build/icyphy/ptII/ptolemy/actor/lib/test/auto/matrixType4.xml
----------------- Instantiating /home/travis/build/icyphy/ptII/ptolemy/actor/lib/test/auto/matrixType4.xml
1 ms. Memory: 455680K Free: 248584K (55%)
----------------- Invoking toplevel() on ptolemy.moml.MoMLSimpleApplication@6256c091
----------------- Done invoking toplevel() on ptolemy.moml.MoMLSimpleApplication@6256c091
reloadAllAccessors: .matrixType4

===========================================================================================
----------------- testing Wed Mar 04 08:51:41 UTC 2020 /home/travis/build/icyphy/ptII/ptolemy/actor/lib/test/auto/matrixType5.xml
----------------- Instantiating /home/travis/build/icyphy/ptII/ptolemy/actor/lib/test/auto/matrixType5.xml
1 ms. Memory: 455680K Free: 243974K (54%)
----------------- Invoking toplevel() on ptolemy.moml.MoMLSimpleApplication@3a33d6f0
----------------- Done invoking toplevel() on ptolemy.moml.MoMLSimpleApplication@3a33d6f0
reloadAllAccessors: .matrixType5

===========================================================================================
----------------- testing Wed Mar 04 08:51:41 UTC 2020 /home/travis/build/icyphy/ptII/ptolemy/actor/lib/test/auto/matrixType6.xml
----------------- Instantiating /home/travis/build/icyphy/ptII/ptolemy/actor/lib/test/auto/matrixType6.xml
1 ms. Memory: 455680K Free: 238854K (52%)
----------------- Invoking toplevel() on ptolemy.moml.MoMLSimpleApplication@3341eaac
----------------- Done invoking toplevel() on ptolemy.moml.MoMLSimpleApplication@3341eaac
reloadAllAccessors: .matrixType6

===========================================================================================
----------------- testing Wed Mar 04 08:51:41 UTC 2020 /home/travis/build/icyphy/ptII/ptolemy/actor/lib/test/auto/matrixType7.xml
----------------- Instantiating /home/travis/build/icyphy/ptII/ptolemy/actor/lib/test/auto/matrixType7.xml
1 ms. Memory: 455680K Free: 234248K (51%)
----------------- Invoking toplevel() on ptolemy.moml.MoMLSimpleApplication@4485c385
----------------- Done invoking toplevel() on ptolemy.moml.MoMLSimpleApplication@4485c385
reloadAllAccessors: .matrixType7

===========================================================================================
----------------- testing Wed Mar 04 08:51:41 UTC 2020 /home/travis/build/icyphy/ptII/ptolemy/actor/lib/test/auto/matrixType8.xml
----------------- Instantiating /home/travis/build/icyphy/ptII/ptolemy/actor/lib/test/auto/matrixType8.xml
2 ms. Memory: 455680K Free: 229128K (50%)
----------------- Invoking toplevel() on ptolemy.moml.MoMLSimpleApplication@45f3b383
----------------- Done invoking toplevel() on ptolemy.moml.MoMLSimpleApplication@45f3b383
reloadAllAccessors: .matrixType8

===========================================================================================
----------------- testing Wed Mar 04 08:51:41 UTC 2020 /home/travis/build/icyphy/ptII/ptolemy/actor/lib/test/auto/matrixType9.xml
----------------- Instantiating /home/travis/build/icyphy/ptII/ptolemy/actor/lib/test/auto/matrixType9.xml
1 ms. Memory: 455680K Free: 224518K (49%)
----------------- Invoking toplevel() on ptolemy.moml.MoMLSimpleApplication@79f5c9ab
----------------- Done invoking toplevel() on ptolemy.moml.MoMLSimpleApplication@79f5c9ab
reloadAllAccessors: .matrixType9

===========================================================================================
----------------- testing Wed Mar 04 08:51:41 UTC 2020 /home/travis/build/icyphy/ptII/ptolemy/actor/lib/test/auto/paraFunctest.xml
----------------- Instantiating /home/travis/build/icyphy/ptII/ptolemy/actor/lib/test/auto/paraFunctest.xml
2 ms. Memory: 455680K Free: 219912K (48%)
----------------- Invoking toplevel() on ptolemy.moml.MoMLSimpleApplication@423fcd06
----------------- Done invoking toplevel() on ptolemy.moml.MoMLSimpleApplication@423fcd06
reloadAllAccessors: .paraFunctest

===========================================================================================
----------------- testing Wed Mar 04 08:51:41 UTC 2020 /home/travis/build/icyphy/ptII/ptolemy/actor/lib/test/auto/paraFunctest2.xml
----------------- Instantiating /home/travis/build/icyphy/ptII/ptolemy/actor/lib/test/auto/paraFunctest2.xml
1 ms. Memory: 455680K Free: 215302K (47%)
----------------- Invoking toplevel() on ptolemy.moml.MoMLSimpleApplication@111ab66c
----------------- Done invoking toplevel() on ptolemy.moml.MoMLSimpleApplication@111ab66c
reloadAllAccessors: .paraFunctest2

===========================================================================================
----------------- testing Wed Mar 04 08:51:41 UTC 2020 /home/travis/build/icyphy/ptII/ptolemy/actor/lib/test/auto/parameterPassing.xml
----------------- Instantiating /home/travis/build/icyphy/ptII/ptolemy/actor/lib/test/auto/parameterPassing.xml
1 ms. Memory: 455680K Free: 210696K (46%)
----------------- Invoking toplevel() on ptolemy.moml.MoMLSimpleApplication@7cd97eb3
----------------- Done invoking toplevel() on ptolemy.moml.MoMLSimpleApplication@7cd97eb3
reloadAllAccessors: .parameterPassing

===========================================================================================
----------------- testing Wed Mar 04 08:51:41 UTC 2020 /home/travis/build/icyphy/ptII/ptolemy/actor/lib/test/auto/record.xml
----------------- Instantiating /home/travis/build/icyphy/ptII/ptolemy/actor/lib/test/auto/record.xml
2 ms. Memory: 455680K Free: 206086K (45%)
----------------- Invoking toplevel() on ptolemy.moml.MoMLSimpleApplication@6fcf20e3
----------------- Done invoking toplevel() on ptolemy.moml.MoMLSimpleApplication@6fcf20e3
reloadAllAccessors: .record

===========================================================================================
----------------- testing Wed Mar 04 08:51:41 UTC 2020 /home/travis/build/icyphy/ptII/ptolemy/actor/lib/test/auto/sizedarray1.xml
----------------- Instantiating /home/travis/build/icyphy/ptII/ptolemy/actor/lib/test/auto/sizedarray1.xml
1 ms. Memory: 455680K Free: 200456K (44%)
----------------- Invoking toplevel() on ptolemy.moml.MoMLSimpleApplication@56228ab5
----------------- Done invoking toplevel() on ptolemy.moml.MoMLSimpleApplication@56228ab5
reloadAllAccessors: .sizedarray1

===========================================================================================
----------------- testing Wed Mar 04 08:51:41 UTC 2020 /home/travis/build/icyphy/ptII/ptolemy/actor/lib/test/auto/sizedarray2.xml
----------------- Instantiating /home/travis/build/icyphy/ptII/ptolemy/actor/lib/test/auto/sizedarray2.xml
2 ms. Memory: 455680K Free: 195336K (43%)
----------------- Invoking toplevel() on ptolemy.moml.MoMLSimpleApplication@57705d33
----------------- Done invoking toplevel() on ptolemy.moml.MoMLSimpleApplication@57705d33
reloadAllAccessors: .sizedarray2

===========================================================================================
----------------- testing Wed Mar 04 08:51:41 UTC 2020 /home/travis/build/icyphy/ptII/ptolemy/actor/lib/test/auto/twoPublishers.xml
----------------- Instantiating /home/travis/build/icyphy/ptII/ptolemy/actor/lib/test/auto/twoPublishers.xml
5 ms. Memory: 455680K Free: 184582K (41%)
----------------- Invoking toplevel() on ptolemy.moml.MoMLSimpleApplication@56e4081
----------------- Done invoking toplevel() on ptolemy.moml.MoMLSimpleApplication@56e4081
reloadAllAccessors: .twoPublishers
AutoTests.java: About to close Vertx.
AutoTests.java: Vertx closed.
]]></system-out>
  <system-err><![CDATA[java.lang.RuntimeException: Execution failed
	at ptolemy.moml.MoMLSimpleApplication$UnloadThread.run(MoMLSimpleApplication.java:402)
Caused by: java.lang.RuntimeException: StringUtilities.exit() was called. Normally, we would exit here because Manager.exitAfterWrapup() was called.  However, because the ptolemy.ptII.exitAfterWrapup property is set, we throw this exception instead.
	at ptolemy.util.StringUtilities.exit(StringUtilities.java:365)
	at ptolemy.actor.Manager.wrapup(Manager.java:1549)
	at ptolemy.actor.Manager.execute(Manager.java:407)
	at ptolemy.actor.Manager.run(Manager.java:1263)
	at ptolemy.actor.Manager$PtolemyRunThread.run(Manager.java:1933)
Warning: '.top.test' is in training mode, set the trainingMode parameter to false before checking in
Warning: '.top.test' is in training mode, set the trainingMode parameter to false before checking in
Warning: '.top.test' is in training mode, set the trainingMode parameter to false before checking in
Warning: '.BooleanSwitch_RegressionTest_WrongTrainingValues.Test' is in training mode, set the trainingMode parameter to false before checking in
Warning: '.BooleanSwitch_RegressionTest_WrongTrainingValues.Test2' is in training mode, set the trainingMode parameter to false before checking in
Warning: '.BooleanSwitch_RegressionTest_WrongTrainingValues.Test2' The test produced 0 tokens.
Warning: '.top.testExceptionHandler' is in training mode, set the trainingMode parameter to false before checking in
java.lang.RuntimeException: Execution failed
	at ptolemy.moml.MoMLSimpleApplication$UnloadThread.run(MoMLSimpleApplication.java:402)
Caused by: ptolemy.kernel.util.IllegalActionException: PublisherPorts cannot be used at the top level, use a Publisher actor instead.
  in .PublisherPortToplevelSubscriber.PublisherPort
	at ptolemy.actor.PublisherPort.preinitialize(PublisherPort.java:403)
	at ptolemy.actor.CompositeActor.preinitialize(CompositeActor.java:1769)
	at ptolemy.actor.Manager.preinitializeAndResolveTypes(Manager.java:1040)
	at ptolemy.actor.Manager.initialize(Manager.java:710)
	at ptolemy.actor.Manager.execute(Manager.java:356)
	at ptolemy.actor.Manager.run(Manager.java:1263)
	at ptolemy.actor.Manager$PtolemyRunThread.run(Manager.java:1933)
java.lang.reflect.InvocationTargetException
	at java.base/jdk.internal.reflect.NativeConstructorAccessorImpl.newInstance0(Native Method)
	at java.base/jdk.internal.reflect.NativeConstructorAccessorImpl.newInstance(NativeConstructorAccessorImpl.java:62)
	at java.base/jdk.internal.reflect.DelegatingConstructorAccessorImpl.newInstance(DelegatingConstructorAccessorImpl.java:45)
	at java.base/java.lang.reflect.Constructor.newInstance(Constructor.java:490)
	at ptolemy.util.test.junit.AutoKnownFailedTests.RunModel(AutoKnownFailedTests.java:105)
	at java.base/jdk.internal.reflect.NativeMethodAccessorImpl.invoke0(Native Method)
	at java.base/jdk.internal.reflect.NativeMethodAccessorImpl.invoke(NativeMethodAccessorImpl.java:62)
	at java.base/jdk.internal.reflect.DelegatingMethodAccessorImpl.invoke(DelegatingMethodAccessorImpl.java:43)
	at java.base/java.lang.reflect.Method.invoke(Method.java:566)
	at org.junit.runners.model.FrameworkMethod$1.runReflectiveCall(FrameworkMethod.java:44)
	at org.junit.internal.runners.model.ReflectiveCallable.run(ReflectiveCallable.java:15)
	at org.junit.runners.model.FrameworkMethod.invokeExplosively(FrameworkMethod.java:41)
	at junitparams.internal.InvokeParameterisedMethod.evaluate(InvokeParameterisedMethod.java:102)
	at org.junit.internal.runners.statements.FailOnTimeout$1.run(FailOnTimeout.java:28)
Caused by: ptolemy.kernel.util.IllegalActionException: PublisherPorts cannot be used at the top level, use a Publisher actor instead.
  in .PublisherPortToplevelSubscriber.PublisherPort
	at ptolemy.actor.PublisherPort.preinitialize(PublisherPort.java:403)
	at ptolemy.actor.CompositeActor.preinitialize(CompositeActor.java:1769)
	at ptolemy.actor.Manager.preinitializeAndResolveTypes(Manager.java:1040)
	at ptolemy.actor.Manager.initialize(Manager.java:710)
	at ptolemy.actor.Manager.execute(Manager.java:356)
	at ptolemy.actor.Manager.run(Manager.java:1263)
	at ptolemy.actor.Manager$PtolemyRunThread.run(Manager.java:1933)
java.lang.RuntimeException: Execution failed
	at ptolemy.moml.MoMLSimpleApplication$UnloadThread.run(MoMLSimpleApplication.java:402)
Caused by: ptolemy.kernel.util.IllegalActionException: SubscriberPorts cannot be used at the top level, use a Subscriber actor instead.
  in .PublisherSubscriberPortToplevel.SubscriberPort
	at ptolemy.actor.SubscriberPort.preinitialize(SubscriberPort.java:328)
	at ptolemy.actor.CompositeActor.preinitialize(CompositeActor.java:1769)
	at ptolemy.actor.Manager.preinitializeAndResolveTypes(Manager.java:1040)
	at ptolemy.actor.Manager.initialize(Manager.java:710)
	at ptolemy.actor.Manager.execute(Manager.java:356)
	at ptolemy.actor.Manager.run(Manager.java:1263)
	at ptolemy.actor.Manager$PtolemyRunThread.run(Manager.java:1933)
java.lang.reflect.InvocationTargetException
	at java.base/jdk.internal.reflect.NativeConstructorAccessorImpl.newInstance0(Native Method)
	at java.base/jdk.internal.reflect.NativeConstructorAccessorImpl.newInstance(NativeConstructorAccessorImpl.java:62)
	at java.base/jdk.internal.reflect.DelegatingConstructorAccessorImpl.newInstance(DelegatingConstructorAccessorImpl.java:45)
	at java.base/java.lang.reflect.Constructor.newInstance(Constructor.java:490)
	at ptolemy.util.test.junit.AutoKnownFailedTests.RunModel(AutoKnownFailedTests.java:105)
	at java.base/jdk.internal.reflect.NativeMethodAccessorImpl.invoke0(Native Method)
	at java.base/jdk.internal.reflect.NativeMethodAccessorImpl.invoke(NativeMethodAccessorImpl.java:62)
	at java.base/jdk.internal.reflect.DelegatingMethodAccessorImpl.invoke(DelegatingMethodAccessorImpl.java:43)
	at java.base/java.lang.reflect.Method.invoke(Method.java:566)
	at org.junit.runners.model.FrameworkMethod$1.runReflectiveCall(FrameworkMethod.java:44)
	at org.junit.internal.runners.model.ReflectiveCallable.run(ReflectiveCallable.java:15)
	at org.junit.runners.model.FrameworkMethod.invokeExplosively(FrameworkMethod.java:41)
	at junitparams.internal.InvokeParameterisedMethod.evaluate(InvokeParameterisedMethod.java:102)
	at org.junit.internal.runners.statements.FailOnTimeout$1.run(FailOnTimeout.java:28)
Caused by: ptolemy.kernel.util.IllegalActionException: SubscriberPorts cannot be used at the top level, use a Subscriber actor instead.
  in .PublisherSubscriberPortToplevel.SubscriberPort
	at ptolemy.actor.SubscriberPort.preinitialize(SubscriberPort.java:328)
	at ptolemy.actor.CompositeActor.preinitialize(CompositeActor.java:1769)
	at ptolemy.actor.Manager.preinitializeAndResolveTypes(Manager.java:1040)
	at ptolemy.actor.Manager.initialize(Manager.java:710)
	at ptolemy.actor.Manager.execute(Manager.java:356)
	at ptolemy.actor.Manager.run(Manager.java:1263)
	at ptolemy.actor.Manager$PtolemyRunThread.run(Manager.java:1933)
java.lang.RuntimeException: Execution failed
	at ptolemy.moml.MoMLSimpleApplication$UnloadThread.run(MoMLSimpleApplication.java:402)
Caused by: ptolemy.kernel.util.IllegalActionException: SubscriptionAggregatorPorts cannot be used at the top level, use a SubscriptionAggregator actor instead.
  in .PublisherSubscriptionAggregatorPort.SubscriptionAggregatorPort
	at ptolemy.actor.SubscriptionAggregatorPort.preinitialize(SubscriptionAggregatorPort.java:353)
	at ptolemy.actor.CompositeActor.preinitialize(CompositeActor.java:1769)
	at ptolemy.actor.Manager.preinitializeAndResolveTypes(Manager.java:1040)
	at ptolemy.actor.Manager.initialize(Manager.java:710)
	at ptolemy.actor.Manager.execute(Manager.java:356)
	at ptolemy.actor.Manager.run(Manager.java:1263)
	at ptolemy.actor.Manager$PtolemyRunThread.run(Manager.java:1933)
java.lang.reflect.InvocationTargetException
	at java.base/jdk.internal.reflect.NativeConstructorAccessorImpl.newInstance0(Native Method)
	at java.base/jdk.internal.reflect.NativeConstructorAccessorImpl.newInstance(NativeConstructorAccessorImpl.java:62)
	at java.base/jdk.internal.reflect.DelegatingConstructorAccessorImpl.newInstance(DelegatingConstructorAccessorImpl.java:45)
	at java.base/java.lang.reflect.Constructor.newInstance(Constructor.java:490)
	at ptolemy.util.test.junit.AutoKnownFailedTests.RunModel(AutoKnownFailedTests.java:105)
	at java.base/jdk.internal.reflect.NativeMethodAccessorImpl.invoke0(Native Method)
	at java.base/jdk.internal.reflect.NativeMethodAccessorImpl.invoke(NativeMethodAccessorImpl.java:62)
	at java.base/jdk.internal.reflect.DelegatingMethodAccessorImpl.invoke(DelegatingMethodAccessorImpl.java:43)
	at java.base/java.lang.reflect.Method.invoke(Method.java:566)
	at org.junit.runners.model.FrameworkMethod$1.runReflectiveCall(FrameworkMethod.java:44)
	at org.junit.internal.runners.model.ReflectiveCallable.run(ReflectiveCallable.java:15)
	at org.junit.runners.model.FrameworkMethod.invokeExplosively(FrameworkMethod.java:41)
	at junitparams.internal.InvokeParameterisedMethod.evaluate(InvokeParameterisedMethod.java:102)
	at org.junit.internal.runners.statements.FailOnTimeout$1.run(FailOnTimeout.java:28)
Caused by: ptolemy.kernel.util.IllegalActionException: SubscriptionAggregatorPorts cannot be used at the top level, use a SubscriptionAggregator actor instead.
  in .PublisherSubscriptionAggregatorPort.SubscriptionAggregatorPort
	at ptolemy.actor.SubscriptionAggregatorPort.preinitialize(SubscriptionAggregatorPort.java:353)
	at ptolemy.actor.CompositeActor.preinitialize(CompositeActor.java:1769)
	at ptolemy.actor.Manager.preinitializeAndResolveTypes(Manager.java:1040)
	at ptolemy.actor.Manager.initialize(Manager.java:710)
	at ptolemy.actor.Manager.execute(Manager.java:356)
	at ptolemy.actor.Manager.run(Manager.java:1263)
	at ptolemy.actor.Manager$PtolemyRunThread.run(Manager.java:1933)
java.lang.RuntimeException: Execution failed
	at ptolemy.moml.MoMLSimpleApplication$UnloadThread.run(MoMLSimpleApplication.java:402)
Caused by: ptolemy.kernel.util.IllegalActionException: TypeTest actor has no training data.
  in .sizedarray3.TypeTest
	at ptolemy.actor.lib.TypeTest.initialize(TypeTest.java:250)
	at ptolemy.actor.Director.initialize(Director.java:938)
	at ptolemy.actor.Director.initialize(Director.java:907)
	at ptolemy.actor.sched.StaticSchedulingDirector.initialize(StaticSchedulingDirector.java:159)
	at ptolemy.domains.sdf.kernel.SDFDirector.initialize(SDFDirector.java:544)
	at ptolemy.actor.CompositeActor.initialize(CompositeActor.java:935)
	at ptolemy.actor.Manager.initialize(Manager.java:724)
	at ptolemy.actor.Manager.execute(Manager.java:356)
	at ptolemy.actor.Manager.run(Manager.java:1263)
	at ptolemy.actor.Manager$PtolemyRunThread.run(Manager.java:1933)
java.lang.reflect.InvocationTargetException
	at java.base/jdk.internal.reflect.NativeConstructorAccessorImpl.newInstance0(Native Method)
	at java.base/jdk.internal.reflect.NativeConstructorAccessorImpl.newInstance(NativeConstructorAccessorImpl.java:62)
	at java.base/jdk.internal.reflect.DelegatingConstructorAccessorImpl.newInstance(DelegatingConstructorAccessorImpl.java:45)
	at java.base/java.lang.reflect.Constructor.newInstance(Constructor.java:490)
	at ptolemy.util.test.junit.AutoKnownFailedTests.RunModel(AutoKnownFailedTests.java:105)
	at java.base/jdk.internal.reflect.NativeMethodAccessorImpl.invoke0(Native Method)
	at java.base/jdk.internal.reflect.NativeMethodAccessorImpl.invoke(NativeMethodAccessorImpl.java:62)
	at java.base/jdk.internal.reflect.DelegatingMethodAccessorImpl.invoke(DelegatingMethodAccessorImpl.java:43)
	at java.base/java.lang.reflect.Method.invoke(Method.java:566)
	at org.junit.runners.model.FrameworkMethod$1.runReflectiveCall(FrameworkMethod.java:44)
	at org.junit.internal.runners.model.ReflectiveCallable.run(ReflectiveCallable.java:15)
	at org.junit.runners.model.FrameworkMethod.invokeExplosively(FrameworkMethod.java:41)
	at junitparams.internal.InvokeParameterisedMethod.evaluate(InvokeParameterisedMethod.java:102)
	at org.junit.internal.runners.statements.FailOnTimeout$1.run(FailOnTimeout.java:28)
Caused by: ptolemy.kernel.util.IllegalActionException: TypeTest actor has no training data.
  in .sizedarray3.TypeTest
	at ptolemy.actor.lib.TypeTest.initialize(TypeTest.java:250)
	at ptolemy.actor.Director.initialize(Director.java:938)
	at ptolemy.actor.Director.initialize(Director.java:907)
	at ptolemy.actor.sched.StaticSchedulingDirector.initialize(StaticSchedulingDirector.java:159)
	at ptolemy.domains.sdf.kernel.SDFDirector.initialize(SDFDirector.java:544)
	at ptolemy.actor.CompositeActor.initialize(CompositeActor.java:935)
	at ptolemy.actor.Manager.initialize(Manager.java:724)
	at ptolemy.actor.Manager.execute(Manager.java:356)
	at ptolemy.actor.Manager.run(Manager.java:1263)
	at ptolemy.actor.Manager$PtolemyRunThread.run(Manager.java:1933)
]]></system-err>
</testsuite>
