<?xml version="1.0" encoding="UTF-8" ?>
<testsuite errors="0" failures="0" hostname="travis-job-9b39f689-d303-46f2-bd1c-a54cb34da938" name="ptolemy.domains.de.test.junit.JUnitTclTest" skipped="0" tests="101" time="127.624" timestamp="2019-03-01T03:41:43">
  <properties>
    <property name="npm.executable" value="npm" />
    <property name="file.encoding.pkg" value="sun.io" />
    <property name="env.TRAVIS_ROOT" value="/" />
    <property name="ptII.mk.exists" value="true" />
    <property name="env.TRAVIS_APP_HOST" value="build.travis-ci.org" />
    <property name="env.rvm_bin_path" value="/home/travis/.rvm/bin" />
    <property name="java.home" value="/usr/lib/jvm/java-8-oracle/jre" />
    <property name="env.TRAVIS_JOB_NUMBER" value="1025.9" />
    <property name="env.TRAVIS_HOME" value="/home/travis" />
    <property name="env.DISPLAY" value=":99.0" />
    <property name="java.net.preferIPv4Stack" value="true" />
    <property name="env.TRAVIS_INIT" value="upstart" />
    <property name="env.SSH_TTY" value="/dev/pts/0" />
    <property name="env.RUN_TESTS" value="true" />
    <property name="timeout.short" value="1000000" />
    <property name="env.TRAVIS_JOB_NAME" value="" />
    <property name="env.TRAVIS_STACK_NODE_ATTRIBUTES" value="/.node-attributes.yml" />
    <property name="junit.formatter" value="xml" />
    <property name="java.endorsed.dirs" value="/usr/lib/jvm/java-8-oracle/jre/lib/endorsed" />
    <property name="env.TRAVIS_SUDO" value="true" />
    <property name="env.LOGNAME" value="travis" />
    <property name="jsdoc.home" value="node_modules/@terraswarm/jsdoc" />
    <property name="debuglevel" value="source,lines,vars" />
    <property name="checkstyle.formatter" value="xml" />
    <property name="bin.vergil.makeable" value="true" />
    <property name="env._system_version" value="14.04" />
    <property name="sun.os.patch.level" value="unknown" />
    <property name="java.vendor.url" value="http://java.oracle.com/" />
    <property name="env.TRAVIS_BUILD_WEB_URL" value="https://travis-ci.org/icyphy/ptII/builds/500141056" />
    <property name="java.version" value="1.8.0_151" />
    <property name="env.TZ" value="UTC" />
    <property name="env.PT_NO_NET" value="true" />
    <property name="env.TRAVIS_PULL_REQUEST_SHA" value="" />
    <property name="env.TRAVIS_SECURE_ENV_VARS" value="true" />
    <property name="env._system_type" value="Linux" />
    <property name="java.vendor.url.bug" value="http://bugreport.sun.com/bugreport/" />
    <property name="env.SSH_CLIENT" value="10.10.4.124 39286 22" />
    <property name="npmjs-org-is-up" value="true" />
    <property name="env.GEM_HOME" value="/home/travis/.rvm/gems/ruby-2.4.1" />
    <property name="env.HAS_ANTARES_THREE_LITTLE_FRONZIES_BADGE" value="true" />
    <property name="env.PS4" value="+" />
    <property name="ant.project.invoked-targets" value="build,test.core2.xml" />
    <property name="env.TRAVIS_PULL_REQUEST_BRANCH" value="" />
    <property name="env.TRAVIS_REPO_SLUG" value="icyphy/ptII" />
    <property name="env.TRAVIS_APT_PROXY" value="http://build-cache.travisci.net" />
    <property name="node.in.path" value="true" />
    <property name="java.maxmemory" value="1400m" />
    <property name="env.RUBY_VERSION" value="ruby-2.4.1" />
    <property name="user.name" value="travis" />
    <property name="env.LANG" value="en_US.UTF-8" />
    <property name="sun.io.unicode.encoding" value="UnicodeLittle" />
    <property name="sun.jnu.encoding" value="UTF-8" />
    <property name="java.runtime.name" value="Java(TM) SE Runtime Environment" />
    <property name="usefile" value="false" />
    <property name="return.code" value="0" />
    <property name="junit.single.formatter" value="plain" />
    <property name="env.DYLD_LIBRARY_PATH" value="/home/travis/pthla/certi-tools/lib:" />
    <property name="env.DEBIAN_FRONTEND" value="noninteractive" />
    <property name="env.SSH_CONNECTION" value="10.10.4.124 39286 10.20.0.179 22" />
    <property name="env.MYSQL_UNIX_PORT" value="/var/run/mysqld/mysqld.sock" />
    <property name="env.TRAVIS_ALLOW_FAILURE" value="false" />
    <property name="env.LC_ALL" value="en_US.UTF-8" />
    <property name="env.TRAVIS_JOB_WEB_URL" value="https://travis-ci.org/icyphy/ptII/jobs/500141066" />
    <property name="java.specification.name" value="Java Platform API Specification" />
    <property name="node.works" value="true" />
    <property name="user.timezone" value="" />
    <property name="path.separator" value=":" />
    <property name="env.TRAVIS_ENABLE_INFRA_DETECTION" value="true" />
    <property name="env.PYTHON_CFLAGS" value="-g -fstack-protector --param=ssp-buffer-size=4 -Wformat -Werror=format-security" />
    <property name="timeout.long" value="4000000" />
    <property name="env.CERTI_HOME" value="/home/travis/pthla/certi-tools" />
    <property name="file.encoding" value="UTF-8" />
    <property name="ant.file.ptII" value="/home/travis/build/icyphy/ptII/build.xml" />
    <property name="javadoc.packagenames" value="com.*,diva.*,lbnl.*,org.hlacerti.*,org.json.*,org.ptolemy.*,org.terraswarm.*,ptolemy.*,ptserver.*" />
    <property name="env.TRAVIS_PULL_REQUEST_SLUG" value="" />
    <property name="ant.project.default-target" value="build" />
    <property name="env.GIT_ASKPASS" value="echo" />
    <property name="env.HOME" value="/home/travis" />
    <property name="sun.java.command" value="org.apache.tools.ant.taskdefs.optional.junit.JUnitTestRunner ptolemy.domains.de.test.junit.JUnitTclTest skipNonTests=false filtertrace=true haltOnError=false haltOnFailure=false formatter=org.apache.tools.ant.taskdefs.optional.junit.OutErrSummaryJUnitResultFormatter showoutput=true outputtoformatters=true logfailedtests=true threadid=0 logtestlistenerevents=false formatter=org.apache.tools.ant.taskdefs.optional.junit.XMLJUnitResultFormatter,/home/travis/build/icyphy/ptII/reports/junit/TEST-ptolemy.domains.de.test.junit.JUnitTclTest.xml crashfile=/home/travis/build/icyphy/ptII/junitvmwatcher5187708753045919340.properties propsfile=/home/travis/build/icyphy/ptII/junit4711746448116658705.properties" />
    <property name="env.MANPATH" value="/home/travis/.nvm/versions/node/v7.10.1/share/man:/home/travis/.kiex/elixirs/elixir-1.4.5/man:/home/travis/.rvm/rubies/ruby-2.4.1/share/man:/usr/local/man:/usr/local/cmake-3.9.2/man:/usr/local/clang-5.0.0/share/man:/usr/local/share/man:/usr/share/man:/home/travis/.rvm/man" />
    <property name="env.COMPOSER_NO_INTERACTION" value="1" />
    <property name="env.JDK_SWITCHER_DEFAULT" value="oraclejdk8" />
    <property name="env.TRAVIS_TIMER_ID" value="04e36b35" />
    <property name="ant.file" value="/home/travis/build/icyphy/ptII/build.xml" />
    <property name="env.TRAVIS_COMMIT_RANGE" value="3b6362568b1e3a1bb803cf461e968ee49a58b967...dc92d4485abcbb8660693330aea28a18c9d6f23a" />
    <property name="env._system_name" value="Ubuntu" />
    <property name="timeout" value="2400000" />
    <property name="ptII.classpath.optional.property" value="/home/travis/build/icyphy/ptII/lib/bsh-2.0b4.jar:/home/travis/build/icyphy/ptII/lib/ptCal.jar:/home/travis/build/icyphy/ptII/lib/java_cup.jar:/home/travis/build/icyphy/ptII/lib/saxon8.jar:/home/travis/build/icyphy/ptII/lib/saxon8-dom.jar:/home/travis/build/icyphy/ptII/lib/chic.jar:/home/travis/build/icyphy/ptII/lib/ptcolt.jar:/usr/lib/jvm/java-8-oracle/lib/tools.jar:/home/travis/build/icyphy/ptII/vendors/misc/itext/iText.jar:/home/travis/build/icyphy/ptII/lib/g4ltl.jar:/home/travis/build/icyphy/ptII/lib/StructuralCoder.jar:/home/travis/build/icyphy/ptII/vendors/jai-1_1_2_01/lib/jai_core.jar:/home/travis/build/icyphy/ptII/vendors/jai-1_1_2_01/lib/jai_codec.jar:/home/travis/build/icyphy/ptII/lib/jcerti.jar:/home/travis/build/icyphy/ptII/lib/javax.mail.jar:/home/travis/build/icyphy/ptII/vendors/JMF-2.1.1e/lib/jmf.jar:/home/travis/build/icyphy/ptII/lib/jna-4.0.0-variadic.jar:/home/travis/build/icyphy/ptII/vendors/misc/joystick/Joystick.jar:/home/travis/build/icyphy/ptII/lib/ptjacl.jar:/home/travis/build/icyphy/ptII/lib/jsoup-1.8.2.jar:/home/travis/build/icyphy/ptII/lib/junit-4.8.2.jar:/home/travis/build/icyphy/ptII/lib/JUnitParams-0.4.0.jar:/home/travis/build/icyphy/ptII/ptolemy/actor/lib/excel/jxl.jar:/home/travis/build/icyphy/ptII/lib/jython.jar:/home/travis/build/icyphy/ptII/lib/kieler.jar:/home/travis/build/icyphy/ptII/vendors/opencv/share/OpenCV/java/opencv-341.jar:/home/travis/build/icyphy/ptII/lib/oscP5.jar:/home/travis/build/icyphy/ptII/lib/nrjavaserial-3.11.0.devel.jar:/home/travis/build/icyphy/ptII/vendors/j3d/lib/j3dcore.jar:/home/travis/build/icyphy/ptII/vendors/j3d/lib/j3dutils.jar:/home/travis/build/icyphy/ptII/vendors/j3d/lib/vecmath.jar:/home/travis/build/icyphy/ptII/ptolemy/distributed/jini/jar/jini-core.jar:/home/travis/build/icyphy/ptII/ptolemy/distributed/jini/jar/jini-ext.jar:/home/travis/build/icyphy/ptII/ptolemy/distributed/jini/jar/sun-util.jar:/home/travis/build/icyphy/ptII/lib/protobuf-java-2.4.1.jar:/home/travis/build/icyphy/ptII/lib/org.eclipse.paho.client.mqttv3.jar:/home/travis/build/icyphy/ptII/lib/mapss.jar:/home/travis/build/icyphy/ptII/ptolemy/actor/ptalon/antlr/antlr.jar:/home/travis/build/icyphy/ptII/lib/JRI.jar:/home/travis/build/icyphy/ptII/lib/commons-lang-2.6.jar:/home/travis/build/icyphy/ptII/lib/commons-logging-1.1.1.jar:/home/travis/build/icyphy/ptII/lib/sootclasses.jar:/home/travis/build/icyphy/ptII/ptolemy/actor/lib/database/mysql-connector-java-5.1.6-bin.jar:/home/travis/build/icyphy/ptII/vendors/misc/sphinx4/sphinx4-data-5prealpha.jar:/home/travis/build/icyphy/ptII/vendors/misc/sphinx4/sphinx4-core-5prealpha.jar:/home/travis/build/icyphy/ptII/lib/PDFRenderer.jar:/home/travis/build/icyphy/ptII/lib/svgSalamander.jar:/home/travis/build/icyphy/ptII/lib/rsyntaxtextarea-2.6.0-SNAPSHOT.jar:/home/travis/build/icyphy/ptII/lib/hazelcast-3.8.2.jar:/home/travis/build/icyphy/ptII/lib/jackson-annotations-2.9.0.jar:/home/travis/build/icyphy/ptII/lib/jackson-core-2.9.3.jar:/home/travis/build/icyphy/ptII/lib/jackson-databind-2.9.3.jar:/home/travis/build/icyphy/ptII/lib/netty-buffer-4.1.19.Final.jar:/home/travis/build/icyphy/ptII/lib/netty-codec-4.1.19.Final.jar:/home/travis/build/icyphy/ptII/lib/netty-codec-dns-4.1.19.Final.jar:/home/travis/build/icyphy/ptII/lib/netty-codec-http-4.1.19.Final.jar:/home/travis/build/icyphy/ptII/lib/netty-codec-http2-4.1.19.Final.jar:/home/travis/build/icyphy/ptII/lib/netty-common-4.1.19.Final.jar:/home/travis/build/icyphy/ptII/lib/netty-handler-4.1.19.Final.jar:/home/travis/build/icyphy/ptII/lib/netty-resolver-4.1.19.Final.jar:/home/travis/build/icyphy/ptII/lib/netty-resolver-dns-4.1.19.Final.jar:/home/travis/build/icyphy/ptII/lib/netty-transport-4.1.19.Final.jar:/home/travis/build/icyphy/ptII/lib/vertx-codegen-3.5.1.jar:/home/travis/build/icyphy/ptII/lib/vertx-core-3.5.2-SNAPSHOT.jar:/home/travis/build/icyphy/ptII/lib/vertx-hazelcast-3.5.1.jar:/home/travis/build/icyphy/ptII/lib/vertx-lang-js-3.5.1.jar:/home/travis/build/icyphy/ptII/lib/vertx-service-proxy-3.5.1.jar:/home/travis/build/icyphy/ptII/lib/vertx-web-3.5.1.jar:/home/travis/build/icyphy/ptII/lib/slf4j-api-1.7.13.jar:/home/travis/build/icyphy/ptII/lib/slf4j-simple-1.7.13.jar:/home/travis/build/icyphy/ptII/lib/webcam-capture-0.3.12.jar:/home/travis/build/icyphy/ptII/lib/bridj-0.7.0.jar:/home/travis/build/icyphy/ptII/lib/xbjlib-1.1.0.nrjavaserial.jar" />
    <property name="test.batch" value="**/junit/*.java" />
    <property name="env._" value="/usr/bin/timeout" />
    <property name="java.io.tmpdir" value="/tmp" />
    <property name="env.TRAVIS_INTERNAL_RUBY_REGEX" value="^ruby-(2\.[0-4]\.[0-9]|1\.9\.3)" />
    <property name="user.language" value="en" />
    <property name="env.HISTCONTROL" value="ignoredups:ignorespace" />
    <property name="env.GOROOT" value="/home/travis/.gimme/versions/go1.7.4.linux.amd64" />
    <property name="line.separator" value="&#xa;" />
    <property name="target" value="1.8" />
    <property name="env.TRAVIS_BUILD_DIR" value="/home/travis/build/icyphy/ptII" />
    <property name="env.ANT_OPTS" value="-Xmx2048m" />
    <property name="ant.file.type" value="file" />
    <property name="ptolemy.ptII.batchMode" value="true" />
    <property name="env.HISTSIZE" value="1000" />
    <property name="env.MERB_ENV" value="test" />
    <property name="java.vm.info" value="mixed mode" />
    <property name="source" value="1.8" />
    <property name="java.vm.specification.name" value="Java Virtual Machine Specification" />
    <property name="env.TRAVIS_TEST_RESULT" value="0" />
    <property name="jsdoc.command" value="node_modules/@terraswarm/jsdoc/jsdoc.js" />
    <property name="npm.works" value="true" />
    <property name="cobertura.dir" value="/home/travis/build/icyphy/ptII/vendors/cobertura-2.0.3" />
    <property name="env.rvm_path" value="/home/travis/.rvm" />
    <property name="env.GEM_PATH" value="/home/travis/.rvm/gems/ruby-2.4.1:/home/travis/.rvm/gems/ruby-2.4.1@global" />
    <property name="env.LC_CTYPE" value="en_US.UTF-8" />
    <property name="java.awt.printerjob" value="sun.print.PSPrinterJob" />
    <property name="env.TRAVIS_CMD" value="$PTII/bin/ptIITravisBuild.sh $SECONDS" />
    <property name="env.TRAVIS_STACK_NAME" value="garnet" />
    <property name="env.TRAVIS_TIMER_START_TIME" value="1551411186918749514" />
    <property name="ant.version" value="Apache Ant(TM) version 1.10.1 compiled on February 2 2017" />
    <property name="ptII.reports" value="/home/travis/build/icyphy/ptII/reports" />
    <property name="env.TRAVIS_STACK_TIMESTAMP" value="2017-12-05 19:33:09 UTC" />
    <property name="ant.file.type.ptII" value="file" />
    <property name="env.RBENV_SHELL" value="bash" />
    <property name="os.name" value="Linux" />
    <property name="java.specification.vendor" value="Oracle Corporation" />
    <property name="env.rvm_version" value="1.29.3 (latest)" />
    <property name="env.TRAVIS_INFRA" value="gce" />
    <property name="env.TERM" value="xterm" />
    <property name="java.vm.name" value="Java HotSpot(TM) 64-Bit Server VM" />
    <property name="env.TRAVIS_BUILD_NUMBER" value="1025" />
    <property name="env.CI" value="true" />
    <property name="java.library.path" value="/home/travis/pthla/certi-tools/lib:/usr/lib/jni:/usr/local/share/OpenCV/java/:/usr/share/OpenCV/java::/usr/java/packages/lib/amd64:/usr/lib64:/lib64:/lib:/usr/lib" />
    <property name="env.rvm_prefix" value="/home/travis" />
    <property name="env.PATH" value="/home/travis/pthla/certi-tools/share/scripts:/home/travis/.rvm/gems/ruby-2.4.1/bin:/home/travis/.rvm/gems/ruby-2.4.1@global/bin:/home/travis/.rvm/rubies/ruby-2.4.1/bin:/home/travis/.rvm/bin:/home/travis/.nvm/versions/node/v7.10.1/bin:./node_modules/.bin:/home/travis/build/icyphy/ptII/bin:/home/travis/pthla/certi-tools/bin:/home/travis/bin:/home/travis/.local/bin:/opt/pyenv/shims:/home/travis/.phpenv/shims:/home/travis/perl5/perlbrew/bin:/home/travis/.kiex/elixirs/elixir-1.4.5/bin:/home/travis/.kiex/bin:/home/travis/gopath/bin:/home/travis/.gimme/versions/go1.7.4.linux.amd64/bin:/usr/local/phantomjs/bin:/usr/local/phantomjs:/usr/local/neo4j-3.2.7/bin:/usr/local/maven-3.5.2/bin:/usr/local/cmake-3.9.2/bin:/usr/local/clang-5.0.0/bin:/usr/local/sbin:/usr/local/bin:/usr/sbin:/usr/bin:/sbin:/bin:/home/travis/.phpenv/bin:/opt/pyenv/bin:/home/travis/.yarn/bin" />
    <property name="env.TRAVIS_OS_NAME" value="linux" />
    <property name="ant.java.version" value="1.8" />
    <property name="basedir" value="/home/travis/build/icyphy/ptII" />
    <property name="java.class.version" value="52.0" />
    <property name="env.SHLVL" value="3" />
    <property name="env.LD_LIBRARY_PATH" value="/home/travis/pthla/certi-tools/lib:/usr/lib/jni:/usr/local/share/OpenCV/java/:/usr/share/OpenCV/java:" />
    <property name="env.RACK_ENV" value="test" />
    <property name="ant.home" value="/home/travis/build/icyphy/ptII/ant" />
    <property name="env.PERLBREW_BASHRC_VERSION" value="0.80" />
    <property name="env.NVM_DIR" value="/home/travis/.nvm" />
    <property name="env.TRAVIS_BUILD_ID" value="500141056" />
    <property name="env.CERTI_FOM_PATH" value="/home/travis/pthla/certi-tools/share/federations" />
    <property name="env.PYENV_ROOT" value="/opt/pyenv" />
    <property name="env.TRAVIS_UID" value="2000" />
    <property name="env.rvm_pretty_print_flag" value="auto" />
    <property name="env.NVM_BIN" value="/home/travis/.nvm/versions/node/v7.10.1/bin" />
    <property name="env.TRAVIS_COMMIT" value="dc92d4485abcbb8660693330aea28a18c9d6f23a" />
    <property name="env._system_arch" value="x86_64" />
    <property name="node.executable" value="node" />
    <property name="sun.boot.library.path" value="/usr/lib/jvm/java-8-oracle/jre/lib/amd64" />
    <property name="sun.management.compiler" value="HotSpot 64-Bit Tiered Compilers" />
    <property name="env.GOPATH" value="/home/travis/gopath" />
    <property name="java.awt.graphicsenv" value="sun.awt.X11GraphicsEnvironment" />
    <property name="ptolemy.ptII.dir" value="/home/travis/build/icyphy/ptII" />
    <property name="env.USER" value="travis" />
    <property name="env.HISTFILESIZE" value="2000" />
    <property name="timeout.longest" value="19000000" />
    <property name="env.TRAVIS_STACK_FEATURES" value="basic cassandra chromium couchdb disabled-ipv6 docker docker-compose elasticsearch firefox go-toolchain google-chrome jdk memcached mongodb mysql neo4j nodejs_interpreter perl_interpreter perlbrew phantomjs postgresql python_interpreter rabbitmq redis riak ruby_interpreter sqlite xserver" />
    <property name="env.TRAVIS_PULL_REQUEST" value="false" />
    <property name="env.PYENV_SHELL" value="bash" />
    <property name="ant.project.name" value="ptII" />
    <property name="java.vm.specification.version" value="1.8" />
    <property name="env.ANSI_RESET" value="\033[0m" />
    <property name="env.TRAVIS_DIST" value="trusty" />
    <property name="env.CERTI_VERSION" value="4.0.0" />
    <property name="env.NLSPATH" value="/usr/dt/lib/nls/msg/%L/%N.cat" />
    <property name="awt.toolkit" value="sun.awt.X11.XToolkit" />
    <property name="env.CERTI_HOST" value="localhost" />
    <property name="env.MY_RUBY_HOME" value="/home/travis/.rvm/rubies/ruby-2.4.1" />
    <property name="sun.cpu.isalist" value="" />
    <property name="env.TRAVIS_TMPDIR" value="/tmp/tmp.ol4XkeUyJd" />
    <property name="java.ext.dirs" value="/usr/lib/jvm/java-8-oracle/jre/lib/ext:/usr/java/packages/lib/ext" />
    <property name="os.version" value="4.4.0-101-generic" />
    <property name="user.home" value="/home/travis" />
    <property name="env.MIX_ARCHIVES" value="/home/travis/.kiex/mix/elixir-1.4.5" />
    <property name="java.vm.vendor" value="Oracle Corporation" />
    <property name="env.TRAVIS_TAG" value="nightly" />
    <property name="env.ANSI_YELLOW" value="\033[33;1m" />
    <property name="env.TRAVIS_FILTERED" value="redirect_io" />
    <property name="env.ANSI_GREEN" value="\033[32;1m" />
    <property name="env.JAVA_HOME" value="/usr/lib/jvm/java-8-oracle" />
    <property name="env.PTII" value="/home/travis/build/icyphy/ptII" />
    <property name="javadoc.excludepackagenames" value="adm.cvs2svn.*,build.*,config.*,doc.coding.templates.*,jni.test.jni.meaningOfLife.*,jni.test.jni.testDeux.*,jni.test.jni.testTrois.*,org.terraswarm.accessor.accessors.web.node_modules.*,org.terraswarm.accessor.accessors.web.hosts.cordova.demo.*,org.terraswarm.accessor.accessors.web.hosts.cordova.plugins.*,org.terraswarm.accessor.accessors-svn.*,pt-modules.*,ptolemy.apps.agilent.*,ptolemy.apps.anytimecontrol.*,ptolemy.apps.apes.*,ptolemy.apps.charon.*,ptolemy.apps.crazyboard.*,ptolemy.apps.eclipse.*,ptolemy.apps.etherealSting.*,ptolemy.apps.fullscreen.*,ptolemy.apps.giotto.*,ptolemy.apps.ia.*,ptolemy.apps.interfaces.*,ptolemy.apps.jmf.*,ptolemy.apps.kurt.*,ptolemy.apps.kvm.*,ptolemy.apps.lego.*,ptolemy.apps.lejos.*,ptolemy.apps.midp.*,ptolemy.apps.mobileCoding.*,ptolemy.apps.pendulum.*,ptolemy.apps.rijndael.*,ptolemy.apps.robot.*,ptolemy.apps.security.*,ptolemy.apps.sobel.*,ptolemy.apps.soot.*,ptolemy.apps.throttle.*,ptolemy.apps.tini.*,ptolemy.apps.transmission.*,ptolemy.apps.vergil.*,ptolemy.apps.waba.*,ptolemy.apps.websensor.*,ptolemy.apps.webstart.*,ptolemy.apps.xsl.*,ptolemy.apps.zaurus.*,ptolemy.codegen.c.actor.lib.oldJavaFiles.*,ptolemy.codegen.dsp.lib.*,ptolemy.codegen.kernel.newInterfaces.*,ptolemy.codegen.lib.*,ptolemy.copernicus.kernel.fragment.*,ptolemy.copernicus.shallow.cg.*,ptolemy.domains.giotto.demo.Hierarchy.Hierarchy.*,ptolemy.domains.giotto.demo.Multimode.Multimode.*,ptolemy.domains.giotto.demo.Simple.Simple.*,ptolemy.domains.gr.lib.experimental.*,ptolemy.domains.gro.*,ptolemy.domains.pdf.*,ptolemy.domains.ptinyos.demo.Surge.output.*,ptolemy.moml.test.NoPackageActor.java*,ptolemy.plot.adm.*,ptolemy.plot.servlet.*,reports.*,signed.*,src.*,target.*,vendors.*,ptolemy.apps.eclipse.awt.*,ptolemy.backtrack.*,ptolemy.backtrack.ast.*,ptolemy.cg.adapter.generic.program.procedural.c.mbed*,ptolemy.homer.*,org.ptolemy.scala.*,diva.util.java2d.svg.*,ptolemy.domains.ptinyos.*,ptolemy.actor.lib.fmi.fmipp.*,,org.terraswarm.accessor.accessors.web.node_modules.*,org.terraswarm.accessor.accessors-svn,ptolemy.apps.*,ptolemy.actor.ptalon.demo.ptinyos.SendAndReceiveCnt.output,ptolemy.actor.ptalon.demo.ptinyos.SenseToLeds.output,ptolemy.domains.ptinyos.demo.CntToLedsAndRfm.output,ptolemy.domains.ptinyos.demo.RfmToLeds.output,ptolemy.domains.ptinyos.demo.SendAndReceiveCnt.output,ptolemy.domains.ptinyos.demo.SenseToLeds.output,ptolemy.actor.lib.jjs.modules.udpSocket.*" />
    <property name="env.TRAVIS_COMMIT_MESSAGE" value="Desk assignment" />
    <property name="keystore" value="ptKeystore" />
    <property name="env.XDG_SESSION_ID" value="2" />
    <property name="junit.output.dir" value="/home/travis/build/icyphy/ptII/reports/junit" />
    <property name="npm.return.code" value="0" />
    <property name="user.dir" value="/home/travis/build/icyphy/ptII/ptolemy/domains/de/test" />
    <property name="env.TRAVIS_NODE_VERSION" value="7" />
    <property name="env.XFILESEARCHPATH" value="/usr/dt/app-defaults/%L/Dt" />
    <property name="env.TRAVIS_EVENT_TYPE" value="cron" />
    <property name="env.MAIL" value="/var/mail/travis" />
    <property name="env.PWD" value="/home/travis/build/icyphy/ptII" />
    <property name="env.PERLBREW_ROOT" value="/home/travis/perl5/perlbrew" />
    <property name="timeout.npm" value="45000" />
    <property name="env.PT_TRAVIS_TEST_CORE2_XML" value="true" />
    <property name="env.TRAVIS_ARCH" value="amd64" />
    <property name="env.PAGER" value="cat" />
    <property name="sun.cpu.endian" value="little" />
    <property name="env.TRAVIS_BUILD_STAGE_NAME" value="Test" />
    <property name="env.PERLBREW_HOME" value="/home/travis/.perlbrew" />
    <property name="env.RAILS_ENV" value="test" />
    <property name="java.vm.version" value="25.151-b12" />
    <property name="java.class.path" value="/home/travis/build/icyphy/ptII:/home/travis/build/icyphy/ptII/lib/bsh-2.0b4.jar:/home/travis/build/icyphy/ptII/lib/ptCal.jar:/home/travis/build/icyphy/ptII/lib/java_cup.jar:/home/travis/build/icyphy/ptII/lib/saxon8.jar:/home/travis/build/icyphy/ptII/lib/saxon8-dom.jar:/home/travis/build/icyphy/ptII/lib/chic.jar:/home/travis/build/icyphy/ptII/lib/ptcolt.jar:/usr/lib/jvm/java-8-oracle/lib/tools.jar:/home/travis/build/icyphy/ptII/vendors/misc/itext/iText.jar:/home/travis/build/icyphy/ptII/lib/g4ltl.jar:/home/travis/build/icyphy/ptII/lib/StructuralCoder.jar:/home/travis/build/icyphy/ptII/vendors/jai-1_1_2_01/lib/jai_core.jar:/home/travis/build/icyphy/ptII/vendors/jai-1_1_2_01/lib/jai_codec.jar:/home/travis/build/icyphy/ptII/lib/jcerti.jar:/home/travis/build/icyphy/ptII/lib/javax.mail.jar:/home/travis/build/icyphy/ptII/vendors/JMF-2.1.1e/lib/jmf.jar:/home/travis/build/icyphy/ptII/lib/jna-4.0.0-variadic.jar:/home/travis/build/icyphy/ptII/vendors/misc/joystick/Joystick.jar:/home/travis/build/icyphy/ptII/lib/ptjacl.jar:/home/travis/build/icyphy/ptII/lib/jsoup-1.8.2.jar:/home/travis/build/icyphy/ptII/lib/junit-4.8.2.jar:/home/travis/build/icyphy/ptII/lib/JUnitParams-0.4.0.jar:/home/travis/build/icyphy/ptII/ptolemy/actor/lib/excel/jxl.jar:/home/travis/build/icyphy/ptII/lib/jython.jar:/home/travis/build/icyphy/ptII/lib/kieler.jar:/home/travis/build/icyphy/ptII/vendors/opencv/share/OpenCV/java/opencv-341.jar:/home/travis/build/icyphy/ptII/lib/oscP5.jar:/home/travis/build/icyphy/ptII/lib/nrjavaserial-3.11.0.devel.jar:/home/travis/build/icyphy/ptII/vendors/j3d/lib/j3dcore.jar:/home/travis/build/icyphy/ptII/vendors/j3d/lib/j3dutils.jar:/home/travis/build/icyphy/ptII/vendors/j3d/lib/vecmath.jar:/home/travis/build/icyphy/ptII/ptolemy/distributed/jini/jar/jini-core.jar:/home/travis/build/icyphy/ptII/ptolemy/distributed/jini/jar/jini-ext.jar:/home/travis/build/icyphy/ptII/ptolemy/distributed/jini/jar/sun-util.jar:/home/travis/build/icyphy/ptII/lib/protobuf-java-2.4.1.jar:/home/travis/build/icyphy/ptII/lib/org.eclipse.paho.client.mqttv3.jar:/home/travis/build/icyphy/ptII/lib/mapss.jar:/home/travis/build/icyphy/ptII/ptolemy/actor/ptalon/antlr/antlr.jar:/home/travis/build/icyphy/ptII/lib/JRI.jar:/home/travis/build/icyphy/ptII/lib/commons-lang-2.6.jar:/home/travis/build/icyphy/ptII/lib/commons-logging-1.1.1.jar:/home/travis/build/icyphy/ptII/lib/sootclasses.jar:/home/travis/build/icyphy/ptII/ptolemy/actor/lib/database/mysql-connector-java-5.1.6-bin.jar:/home/travis/build/icyphy/ptII/vendors/misc/sphinx4/sphinx4-data-5prealpha.jar:/home/travis/build/icyphy/ptII/vendors/misc/sphinx4/sphinx4-core-5prealpha.jar:/home/travis/build/icyphy/ptII/lib/PDFRenderer.jar:/home/travis/build/icyphy/ptII/lib/svgSalamander.jar:/home/travis/build/icyphy/ptII/lib/rsyntaxtextarea-2.6.0-SNAPSHOT.jar:/home/travis/build/icyphy/ptII/lib/hazelcast-3.8.2.jar:/home/travis/build/icyphy/ptII/lib/jackson-annotations-2.9.0.jar:/home/travis/build/icyphy/ptII/lib/jackson-core-2.9.3.jar:/home/travis/build/icyphy/ptII/lib/jackson-databind-2.9.3.jar:/home/travis/build/icyphy/ptII/lib/netty-buffer-4.1.19.Final.jar:/home/travis/build/icyphy/ptII/lib/netty-codec-4.1.19.Final.jar:/home/travis/build/icyphy/ptII/lib/netty-codec-dns-4.1.19.Final.jar:/home/travis/build/icyphy/ptII/lib/netty-codec-http-4.1.19.Final.jar:/home/travis/build/icyphy/ptII/lib/netty-codec-http2-4.1.19.Final.jar:/home/travis/build/icyphy/ptII/lib/netty-common-4.1.19.Final.jar:/home/travis/build/icyphy/ptII/lib/netty-handler-4.1.19.Final.jar:/home/travis/build/icyphy/ptII/lib/netty-resolver-4.1.19.Final.jar:/home/travis/build/icyphy/ptII/lib/netty-resolver-dns-4.1.19.Final.jar:/home/travis/build/icyphy/ptII/lib/netty-transport-4.1.19.Final.jar:/home/travis/build/icyphy/ptII/lib/vertx-codegen-3.5.1.jar:/home/travis/build/icyphy/ptII/lib/vertx-core-3.5.2-SNAPSHOT.jar:/home/travis/build/icyphy/ptII/lib/vertx-hazelcast-3.5.1.jar:/home/travis/build/icyphy/ptII/lib/vertx-lang-js-3.5.1.jar:/home/travis/build/icyphy/ptII/lib/vertx-service-proxy-3.5.1.jar:/home/travis/build/icyphy/ptII/lib/vertx-web-3.5.1.jar:/home/travis/build/icyphy/ptII/lib/slf4j-api-1.7.13.jar:/home/travis/build/icyphy/ptII/lib/slf4j-simple-1.7.13.jar:/home/travis/build/icyphy/ptII/lib/webcam-capture-0.3.12.jar:/home/travis/build/icyphy/ptII/lib/bridj-0.7.0.jar:/home/travis/build/icyphy/ptII/lib/xbjlib-1.1.0.nrjavaserial.jar:/home/travis/build/icyphy/ptII/ptolemy/moml/test:/home/travis/build/icyphy/ptII/ant/lib/ant-launcher.jar:/home/travis/build/icyphy/ptII/ant/lib/ant.jar:/home/travis/build/icyphy/ptII/ant/lib/ant-junit.jar:/home/travis/build/icyphy/ptII/ant/lib/ant-junit4.jar" />
    <property name="ant.library.dir" value="/home/travis/build/icyphy/ptII/ant/lib" />
    <property name="os.arch" value="amd64" />
    <property name="env.TRAVIS_LANGUAGE" value="node_js" />
    <property name="env.CONTINUOUS_INTEGRATION" value="true" />
    <property name="env.TRAVIS_STACK_LANGUAGES" value="__garnet__ c c++ clojure cplusplus cpp default go groovy java node_js php pure_java python ruby scala" />
    <property name="test.name" value="ptolemy.actor.lib.test.junit.JUnitTclTest" />
    <property name="sun.java.launcher" value="SUN_STANDARD" />
    <property name="env.PYTHON_CONFIGURE_OPTS" value="--enable-unicode=ucs4 --with-wide-unicode --enable-shared --enable-ipv6 --enable-loadable-sqlite-extensions --with-computed-gotos" />
    <property name="ant.core.lib" value="/home/travis/build/icyphy/ptII/ant/lib/ant.jar" />
    <property name="java.vm.specification.vendor" value="Oracle Corporation" />
    <property name="env.BCVTB_HOME" value="/home/travis/build/icyphy/ptII/lbnl" />
    <property name="file.separator" value="/" />
    <property name="spotbugs.home" value="/home/travis/build/icyphy/ptII/vendors/spotbugs-3.1.1" />
    <property name="java.runtime.version" value="1.8.0_151-b12" />
    <property name="sun.boot.class.path" value="/usr/lib/jvm/java-8-oracle/jre/lib/resources.jar:/usr/lib/jvm/java-8-oracle/jre/lib/rt.jar:/usr/lib/jvm/java-8-oracle/jre/lib/sunrsasign.jar:/usr/lib/jvm/java-8-oracle/jre/lib/jsse.jar:/usr/lib/jvm/java-8-oracle/jre/lib/jce.jar:/usr/lib/jvm/java-8-oracle/jre/lib/charsets.jar:/usr/lib/jvm/java-8-oracle/jre/lib/jfr.jar:/usr/lib/jvm/java-8-oracle/jre/classes" />
    <property name="env.ANSI_CLEAR" value="\033[0K" />
    <property name="env.HAS_JOSH_K_SEAL_OF_APPROVAL" value="true" />
    <property name="env.XDG_RUNTIME_DIR" value="/run/user/2000" />
    <property name="env.TRAVIS_OSX_IMAGE" value="" />
    <property name="env.TRAVIS_BRANCH" value="master" />
    <property name="env.TRAVIS_JOB_ID" value="500141066" />
    <property name="user.country" value="US" />
    <property name="env.CERTI_HOME_TRAVIS" value="/home/travis/pthla/certi-tools" />
    <property name="env.SHELL" value="/bin/bash" />
    <property name="java.maxmemory.large" value="5000m" />
    <property name="model" value="" />
    <property name="env.CASHER_DIR" value="/home/travis/.casher" />
    <property name="env.NVM_CD_FLAGS" value="" />
    <property name="jshint.executable" value="/home/travis/node_modules/jshint/bin/jshint" />
    <property name="java.vendor" value="Oracle Corporation" />
    <property name="env.JRUBY_OPTS" value=" --client -J-XX:+TieredCompilation -J-XX:TieredStopAtLevel=1 -J-Xss2m -Xcompile.invokedynamic=false" />
    <property name="env.TRAVIS_PRE_CHEF_BOOTSTRAP_TIME" value="2017-12-05T19:32:55" />
    <property name="env.TRAVIS_STACK_JOB_BOARD_REGISTER" value="/.job-board-register.yml" />
    <property name="env.ELIXIR_VERSION" value="1.4.5" />
    <property name="env.ANSI_RED" value="\033[31;1m" />
    <property name="java.specification.version" value="1.8" />
    <property name="env.TRAVIS" value="true" />
    <property name="env.IRBRC" value="/home/travis/.rvm/rubies/ruby-2.4.1/.irbrc" />
    <property name="sun.arch.data.model" value="64" />
  </properties>
  <testcase classname="ptolemy.util.test.junit.TclTests" name="[0] /home/travis/build/icyphy/ptII/ptolemy/domains/de/test/DependencyLoop.tcl (RunTclFile)" time="0.798" />
  <testcase classname="ptolemy.util.test.junit.TclTests" name="[1] /home/travis/build/icyphy/ptII/ptolemy/domains/de/test/RunDETestsAsQSS.tcl (RunTclFile)" time="87.979" />
  <testcase classname="ptolemy.util.test.junit.AutoKnownFailedTests" name="[0] /home/travis/build/icyphy/ptII/ptolemy/domains/de/test/auto/knownFailedTests/DESDFClockTest.xml (RunModel)" time="2.031" />
  <testcase classname="ptolemy.util.test.junit.AutoKnownFailedTests" name="[1] /home/travis/build/icyphy/ptII/ptolemy/domains/de/test/auto/knownFailedTests/DirectFeedback.xml (RunModel)" time="0.013" />
  <testcase classname="ptolemy.util.test.junit.AutoKnownFailedTests" name="[2] /home/travis/build/icyphy/ptII/ptolemy/domains/de/test/auto/knownFailedTests/FSMSource.xml (RunModel)" time="0.012" />
  <testcase classname="ptolemy.util.test.junit.AutoKnownFailedTests" name="[3] /home/travis/build/icyphy/ptII/ptolemy/domains/de/test/auto/knownFailedTests/HierarchicalModel.xml (RunModel)" time="0.026" />
  <testcase classname="ptolemy.util.test.junit.AutoKnownFailedTests" name="[4] /home/travis/build/icyphy/ptII/ptolemy/domains/de/test/auto/knownFailedTests/dependencyLoop.xml (RunModel)" time="0.024" />
  <testcase classname="ptolemy.util.test.junit.AutoKnownFailedTests" name="[5] /home/travis/build/icyphy/ptII/ptolemy/domains/de/test/auto/knownFailedTests/dependencyLoop2.xml (RunModel)" time="0.028" />
  <testcase classname="ptolemy.util.test.junit.AutoNameArchTests" name="[0] ThereAreNoAutoArchTests (RunModel)" time="0.003" />
  <testcase classname="ptolemy.util.test.junit.AutoTests" name="[0] /home/travis/build/icyphy/ptII/ptolemy/domains/de/test/auto/ActorDepthCalculation_actorWithoutPorts.xml (RunModel)" time="0.01" />
  <testcase classname="ptolemy.util.test.junit.AutoTests" name="[1] /home/travis/build/icyphy/ptII/ptolemy/domains/de/test/auto/AssemblyLine.xml (RunModel)" time="0.012" />
  <testcase classname="ptolemy.util.test.junit.AutoTests" name="[2] /home/travis/build/icyphy/ptII/ptolemy/domains/de/test/auto/CQBug1.xml (RunModel)" time="0.005" />
  <testcase classname="ptolemy.util.test.junit.AutoTests" name="[3] /home/travis/build/icyphy/ptII/ptolemy/domains/de/test/auto/CancelFireAt.xml (RunModel)" time="0.004" />
  <testcase classname="ptolemy.util.test.junit.AutoTests" name="[4] /home/travis/build/icyphy/ptII/ptolemy/domains/de/test/auto/CausalityAndComposabilityAnalysis.xml (RunModel)" time="0.008" />
  <testcase classname="ptolemy.util.test.junit.AutoTests" name="[5] /home/travis/build/icyphy/ptII/ptolemy/domains/de/test/auto/CausalityInterface1.xml (RunModel)" time="0.01" />
  <testcase classname="ptolemy.util.test.junit.AutoTests" name="[6] /home/travis/build/icyphy/ptII/ptolemy/domains/de/test/auto/CausalityInterface15.xml (RunModel)" time="0.021" />
  <testcase classname="ptolemy.util.test.junit.AutoTests" name="[7] /home/travis/build/icyphy/ptII/ptolemy/domains/de/test/auto/CausalityInterface2.xml (RunModel)" time="0.011" />
  <testcase classname="ptolemy.util.test.junit.AutoTests" name="[8] /home/travis/build/icyphy/ptII/ptolemy/domains/de/test/auto/CausalityInterface3.xml (RunModel)" time="0.009" />
  <testcase classname="ptolemy.util.test.junit.AutoTests" name="[9] /home/travis/build/icyphy/ptII/ptolemy/domains/de/test/auto/ClockDrift.xml (RunModel)" time="0.041" />
  <testcase classname="ptolemy.util.test.junit.AutoTests" name="[10] /home/travis/build/icyphy/ptII/ptolemy/domains/de/test/auto/ClockDriftAndValueChange.xml (RunModel)" time="0.023" />
  <testcase classname="ptolemy.util.test.junit.AutoTests" name="[11] /home/travis/build/icyphy/ptII/ptolemy/domains/de/test/auto/ClockDriftChange.xml (RunModel)" time="0.021" />
  <testcase classname="ptolemy.util.test.junit.AutoTests" name="[12] /home/travis/build/icyphy/ptII/ptolemy/domains/de/test/auto/ComposableCausalityAnalysis.xml (RunModel)" time="0.009" />
  <testcase classname="ptolemy.util.test.junit.AutoTests" name="[13] /home/travis/build/icyphy/ptII/ptolemy/domains/de/test/auto/DEFixedPointLimitation.xml (RunModel)" time="0.007" />
  <testcase classname="ptolemy.util.test.junit.AutoTests" name="[14] /home/travis/build/icyphy/ptII/ptolemy/domains/de/test/auto/DEScheduleTest.xml (RunModel)" time="0.008" />
  <testcase classname="ptolemy.util.test.junit.AutoTests" name="[15] /home/travis/build/icyphy/ptII/ptolemy/domains/de/test/auto/DEinDEwithStartTimes.xml (RunModel)" time="0.013" />
  <testcase classname="ptolemy.util.test.junit.AutoTests" name="[16] /home/travis/build/icyphy/ptII/ptolemy/domains/de/test/auto/DEinDEwithStartTimes2.xml (RunModel)" time="0.012" />
  <testcase classname="ptolemy.util.test.junit.AutoTests" name="[17] /home/travis/build/icyphy/ptII/ptolemy/domains/de/test/auto/DateDemo.xml (RunModel)" time="0.024" />
  <testcase classname="ptolemy.util.test.junit.AutoTests" name="[18] /home/travis/build/icyphy/ptII/ptolemy/domains/de/test/auto/DateToEvent.xml (RunModel)" time="2.031" />
  <testcase classname="ptolemy.util.test.junit.AutoTests" name="[19] /home/travis/build/icyphy/ptII/ptolemy/domains/de/test/auto/DepthTest1.xml (RunModel)" time="0.013" />
  <testcase classname="ptolemy.util.test.junit.AutoTests" name="[20] /home/travis/build/icyphy/ptII/ptolemy/domains/de/test/auto/DepthTest2.xml (RunModel)" time="0.027" />
  <testcase classname="ptolemy.util.test.junit.AutoTests" name="[21] /home/travis/build/icyphy/ptII/ptolemy/domains/de/test/auto/DepthTest3.xml (RunModel)" time="0.013" />
  <testcase classname="ptolemy.util.test.junit.AutoTests" name="[22] /home/travis/build/icyphy/ptII/ptolemy/domains/de/test/auto/DepthTest4.xml (RunModel)" time="0.012" />
  <testcase classname="ptolemy.util.test.junit.AutoTests" name="[23] /home/travis/build/icyphy/ptII/ptolemy/domains/de/test/auto/DepthTest5.xml (RunModel)" time="0.018" />
  <testcase classname="ptolemy.util.test.junit.AutoTests" name="[24] /home/travis/build/icyphy/ptII/ptolemy/domains/de/test/auto/DepthTest6.xml (RunModel)" time="0.013" />
  <testcase classname="ptolemy.util.test.junit.AutoTests" name="[25] /home/travis/build/icyphy/ptII/ptolemy/domains/de/test/auto/DepthTest7.xml (RunModel)" time="0.018" />
  <testcase classname="ptolemy.util.test.junit.AutoTests" name="[26] /home/travis/build/icyphy/ptII/ptolemy/domains/de/test/auto/EventToDate.xml (RunModel)" time="3.032" />
  <testcase classname="ptolemy.util.test.junit.AutoTests" name="[27] /home/travis/build/icyphy/ptII/ptolemy/domains/de/test/auto/FSM1.xml (RunModel)" time="0.032" />
  <testcase classname="ptolemy.util.test.junit.AutoTests" name="[28] /home/travis/build/icyphy/ptII/ptolemy/domains/de/test/auto/FSM7.xml (RunModel)" time="0.027" />
  <testcase classname="ptolemy.util.test.junit.AutoTests" name="[29] /home/travis/build/icyphy/ptII/ptolemy/domains/de/test/auto/Inspection.xml (RunModel)" time="0.036" />
  <testcase classname="ptolemy.util.test.junit.AutoTests" name="[30] /home/travis/build/icyphy/ptII/ptolemy/domains/de/test/auto/Iteration.xml (RunModel)" time="0.017" />
  <testcase classname="ptolemy.util.test.junit.AutoTests" name="[31] /home/travis/build/icyphy/ptII/ptolemy/domains/de/test/auto/LineFault.xml (RunModel)" time="0.523" />
  <testcase classname="ptolemy.util.test.junit.AutoTests" name="[32] /home/travis/build/icyphy/ptII/ptolemy/domains/de/test/auto/MergeModel1Add.xml (RunModel)" time="0.04" />
  <testcase classname="ptolemy.util.test.junit.AutoTests" name="[33] /home/travis/build/icyphy/ptII/ptolemy/domains/de/test/auto/MergeModel2Add.xml (RunModel)" time="0.047" />
  <testcase classname="ptolemy.util.test.junit.AutoTests" name="[34] /home/travis/build/icyphy/ptII/ptolemy/domains/de/test/auto/MergeModel3Add.xml (RunModel)" time="0.031" />
  <testcase classname="ptolemy.util.test.junit.AutoTests" name="[35] /home/travis/build/icyphy/ptII/ptolemy/domains/de/test/auto/MergeWithoutDiscard.xml (RunModel)" time="0.008" />
  <testcase classname="ptolemy.util.test.junit.AutoTests" name="[36] /home/travis/build/icyphy/ptII/ptolemy/domains/de/test/auto/Modal1.xml (RunModel)" time="0.023" />
  <testcase classname="ptolemy.util.test.junit.AutoTests" name="[37] /home/travis/build/icyphy/ptII/ptolemy/domains/de/test/auto/Modal2.xml (RunModel)" time="0.022" />
  <testcase classname="ptolemy.util.test.junit.AutoTests" name="[38] /home/travis/build/icyphy/ptII/ptolemy/domains/de/test/auto/Modal3.xml (RunModel)" time="0.023" />
  <testcase classname="ptolemy.util.test.junit.AutoTests" name="[39] /home/travis/build/icyphy/ptII/ptolemy/domains/de/test/auto/Modal4.xml (RunModel)" time="0.024" />
  <testcase classname="ptolemy.util.test.junit.AutoTests" name="[40] /home/travis/build/icyphy/ptII/ptolemy/domains/de/test/auto/Modal5.xml (RunModel)" time="0.026" />
  <testcase classname="ptolemy.util.test.junit.AutoTests" name="[41] /home/travis/build/icyphy/ptII/ptolemy/domains/de/test/auto/Modal6.xml (RunModel)" time="0.024" />
  <testcase classname="ptolemy.util.test.junit.AutoTests" name="[42] /home/travis/build/icyphy/ptII/ptolemy/domains/de/test/auto/Modal7.xml (RunModel)" time="0.025" />
  <testcase classname="ptolemy.util.test.junit.AutoTests" name="[43] /home/travis/build/icyphy/ptII/ptolemy/domains/de/test/auto/ModalModel.xml (RunModel)" time="0.145" />
  <testcase classname="ptolemy.util.test.junit.AutoTests" name="[44] /home/travis/build/icyphy/ptII/ptolemy/domains/de/test/auto/ModalSource.xml (RunModel)" time="0.022" />
  <testcase classname="ptolemy.util.test.junit.AutoTests" name="[45] /home/travis/build/icyphy/ptII/ptolemy/domains/de/test/auto/NonInterruptibleTimerZeroDelay.xml (RunModel)" time="0.009" />
  <testcase classname="ptolemy.util.test.junit.AutoTests" name="[46] /home/travis/build/icyphy/ptII/ptolemy/domains/de/test/auto/OpenQueueingNetwork.xml (RunModel)" time="2.154" />
  <testcase classname="ptolemy.util.test.junit.AutoTests" name="[47] /home/travis/build/icyphy/ptII/ptolemy/domains/de/test/auto/OpenQueuingNetwork.xml (RunModel)" time="0.236" />
  <testcase classname="ptolemy.util.test.junit.AutoTests" name="[48] /home/travis/build/icyphy/ptII/ptolemy/domains/de/test/auto/PeriodicSampler.xml (RunModel)" time="0.008" />
  <testcase classname="ptolemy.util.test.junit.AutoTests" name="[49] /home/travis/build/icyphy/ptII/ptolemy/domains/de/test/auto/PersistentIO.xml (RunModel)" time="0.02" />
  <testcase classname="ptolemy.util.test.junit.AutoTests" name="[50] /home/travis/build/icyphy/ptII/ptolemy/domains/de/test/auto/PortParameterResetOnInitialize.xml (RunModel)" time="0.011" />
  <testcase classname="ptolemy.util.test.junit.AutoTests" name="[51] /home/travis/build/icyphy/ptII/ptolemy/domains/de/test/auto/PortParameterUpdates.xml (RunModel)" time="0.013" />
  <testcase classname="ptolemy.util.test.junit.AutoTests" name="[52] /home/travis/build/icyphy/ptII/ptolemy/domains/de/test/auto/QueueAndServer.xml (RunModel)" time="0.019" />
  <testcase classname="ptolemy.util.test.junit.AutoTests" name="[53] /home/travis/build/icyphy/ptII/ptolemy/domains/de/test/auto/Records.xml (RunModel)" time="0.013" />
  <testcase classname="ptolemy.util.test.junit.AutoTests" name="[54] /home/travis/build/icyphy/ptII/ptolemy/domains/de/test/auto/ResetTransitionWithStartTime1.xml (RunModel)" time="0.016" />
  <testcase classname="ptolemy.util.test.junit.AutoTests" name="[55] /home/travis/build/icyphy/ptII/ptolemy/domains/de/test/auto/ResetTransitionWithStartTime2.xml (RunModel)" time="0.016" />
  <testcase classname="ptolemy.util.test.junit.AutoTests" name="[56] /home/travis/build/icyphy/ptII/ptolemy/domains/de/test/auto/ResetTransitionWithStartTime3.xml (RunModel)" time="0.017" />
  <testcase classname="ptolemy.util.test.junit.AutoTests" name="[57] /home/travis/build/icyphy/ptII/ptolemy/domains/de/test/auto/ResetTransitionWithStartTime4.xml (RunModel)" time="0.02" />
  <testcase classname="ptolemy.util.test.junit.AutoTests" name="[58] /home/travis/build/icyphy/ptII/ptolemy/domains/de/test/auto/ResettableTimer1.xml (RunModel)" time="0.01" />
  <testcase classname="ptolemy.util.test.junit.AutoTests" name="[59] /home/travis/build/icyphy/ptII/ptolemy/domains/de/test/auto/ResettableTimer2.xml (RunModel)" time="0.008" />
  <testcase classname="ptolemy.util.test.junit.AutoTests" name="[60] /home/travis/build/icyphy/ptII/ptolemy/domains/de/test/auto/ResettableTimer3.xml (RunModel)" time="0.01" />
  <testcase classname="ptolemy.util.test.junit.AutoTests" name="[61] /home/travis/build/icyphy/ptII/ptolemy/domains/de/test/auto/ResettableTimer4.xml (RunModel)" time="0.011" />
  <testcase classname="ptolemy.util.test.junit.AutoTests" name="[62] /home/travis/build/icyphy/ptII/ptolemy/domains/de/test/auto/ResettableTimer5.xml (RunModel)" time="0.008" />
  <testcase classname="ptolemy.util.test.junit.AutoTests" name="[63] /home/travis/build/icyphy/ptII/ptolemy/domains/de/test/auto/ResettableTimer6.xml (RunModel)" time="0.016" />
  <testcase classname="ptolemy.util.test.junit.AutoTests" name="[64] /home/travis/build/icyphy/ptII/ptolemy/domains/de/test/auto/ServerZeroDelay.xml (RunModel)" time="0.01" />
  <testcase classname="ptolemy.util.test.junit.AutoTests" name="[65] /home/travis/build/icyphy/ptII/ptolemy/domains/de/test/auto/SmartSender.xml (RunModel)" time="3.007" />
  <testcase classname="ptolemy.util.test.junit.AutoTests" name="[66] /home/travis/build/icyphy/ptII/ptolemy/domains/de/test/auto/ThreadedComposite.xml (RunModel)" time="0.11" />
  <testcase classname="ptolemy.util.test.junit.AutoTests" name="[67] /home/travis/build/icyphy/ptII/ptolemy/domains/de/test/auto/Time.xml (RunModel)" time="0.45" />
  <testcase classname="ptolemy.util.test.junit.AutoTests" name="[68] /home/travis/build/icyphy/ptII/ptolemy/domains/de/test/auto/TimeDelayZeroDelay.xml (RunModel)" time="0.013" />
  <testcase classname="ptolemy.util.test.junit.AutoTests" name="[69] /home/travis/build/icyphy/ptII/ptolemy/domains/de/test/auto/TimerZeroDelay.xml (RunModel)" time="0.01" />
  <testcase classname="ptolemy.util.test.junit.AutoTests" name="[70] /home/travis/build/icyphy/ptII/ptolemy/domains/de/test/auto/TimingParadox.xml (RunModel)" time="0.356" />
  <testcase classname="ptolemy.util.test.junit.AutoTests" name="[71] /home/travis/build/icyphy/ptII/ptolemy/domains/de/test/auto/TransferInputs.xml (RunModel)" time="0.014" />
  <testcase classname="ptolemy.util.test.junit.AutoTests" name="[72] /home/travis/build/icyphy/ptII/ptolemy/domains/de/test/auto/TransferOutputs2.xml (RunModel)" time="0.018" />
  <testcase classname="ptolemy.util.test.junit.AutoTests" name="[73] /home/travis/build/icyphy/ptII/ptolemy/domains/de/test/auto/Trilateration.xml (RunModel)" time="11.037" />
  <testcase classname="ptolemy.util.test.junit.AutoTests" name="[74] /home/travis/build/icyphy/ptII/ptolemy/domains/de/test/auto/TwoSigmaDelta.xml (RunModel)" time="2.038" />
  <testcase classname="ptolemy.util.test.junit.AutoTests" name="[75] /home/travis/build/icyphy/ptII/ptolemy/domains/de/test/auto/VariableDelay.xml (RunModel)" time="0.01" />
  <testcase classname="ptolemy.util.test.junit.AutoTests" name="[76] /home/travis/build/icyphy/ptII/ptolemy/domains/de/test/auto/VariableDelay2.xml (RunModel)" time="0.008" />
  <testcase classname="ptolemy.util.test.junit.AutoTests" name="[77] /home/travis/build/icyphy/ptII/ptolemy/domains/de/test/auto/VariableDelayZeroDelay.xml (RunModel)" time="0.021" />
  <testcase classname="ptolemy.util.test.junit.AutoTests" name="[78] /home/travis/build/icyphy/ptII/ptolemy/domains/de/test/auto/VariableDelayZeroDelay2.xml (RunModel)" time="0.009" />
  <testcase classname="ptolemy.util.test.junit.AutoTests" name="[79] /home/travis/build/icyphy/ptII/ptolemy/domains/de/test/auto/deInCt.xml (RunModel)" time="0.023" />
  <testcase classname="ptolemy.util.test.junit.AutoTests" name="[80] /home/travis/build/icyphy/ptII/ptolemy/domains/de/test/auto/deInCt2.xml (RunModel)" time="0.02" />
  <testcase classname="ptolemy.util.test.junit.AutoTests" name="[81] /home/travis/build/icyphy/ptII/ptolemy/domains/de/test/auto/dynamicCausalityInterface1.xml (RunModel)" time="0.017" />
  <testcase classname="ptolemy.util.test.junit.AutoTests" name="[82] /home/travis/build/icyphy/ptII/ptolemy/domains/de/test/auto/fsm_de_test.xml (RunModel)" time="0.031" />
  <testcase classname="ptolemy.util.test.junit.AutoTests" name="[83] /home/travis/build/icyphy/ptII/ptolemy/domains/de/test/auto/functionDependencyReconstruction.xml (RunModel)" time="0.034" />
  <testcase classname="ptolemy.util.test.junit.AutoTests" name="[84] /home/travis/build/icyphy/ptII/ptolemy/domains/de/test/auto/multirate.xml (RunModel)" time="0.016" />
  <testcase classname="ptolemy.util.test.junit.AutoTests" name="[85] /home/travis/build/icyphy/ptII/ptolemy/domains/de/test/auto/multirate2.xml (RunModel)" time="0.015" />
  <testcase classname="ptolemy.util.test.junit.AutoTests" name="[86] /home/travis/build/icyphy/ptII/ptolemy/domains/de/test/auto/realtime.xml (RunModel)" time="10.009" />
  <testcase classname="ptolemy.util.test.junit.AutoTests" name="[87] /home/travis/build/icyphy/ptII/ptolemy/domains/de/test/auto/relationGroup.xml (RunModel)" time="0.007" />
  <testcase classname="ptolemy.util.test.junit.AutoTests" name="[88] /home/travis/build/icyphy/ptII/ptolemy/domains/de/test/auto/relationGroup2.xml (RunModel)" time="0.005" />
  <testcase classname="ptolemy.util.test.junit.AutoTests" name="[89] /home/travis/build/icyphy/ptII/ptolemy/domains/de/test/auto/sortWithOpaquePorts.xml (RunModel)" time="0.009" />
  <testcase classname="ptolemy.util.test.junit.AutoTests" name="[90] /home/travis/build/icyphy/ptII/ptolemy/domains/de/test/auto/transferInputsandOutputs.xml (RunModel)" time="0.013" />
  <testcase classname="ptolemy.util.test.junit.AutoTests" name="[91] /home/travis/build/icyphy/ptII/ptolemy/domains/de/test/auto/triggerType.xml (RunModel)" time="0.008" />
  <system-out><![CDATA[/home/travis/build/icyphy/ptII/ptolemy/domains/de/test/DependencyLoop.tcl
testDefs.tcl: setting time out to 9000 seconds at Fri Mar 01 03:41:43 UTC 2019
17 ms. Memory: 116224K Free: 97643K (84%)
32 ms. Memory: 146944K Free: 142346K (97%)
/home/travis/build/icyphy/ptII/ptolemy/domains/de/test/RunDETestsAsQSS.tcl
Run the DE tests using ptolemy.domains.qss.test.QSSDirectorTest, which extends QSSDirector and prints a message in the constructors.
------------------ testing $PTII/ptolemy/domains/de/test/auto/knownFailedTests/dependencyLoop.xml (Known Failure) 
7 ms. Memory: 146944K Free: 136870K (93%)


==== $PTIIhome/travis/build/icyphy/ptII/ptolemy/domains/de/test/../../../../: Auto Automatic test in file $PTII/ptolemy/domains/de/test/auto/knownFailedTests/dependencyLoop.xml
==== Contents of test case:

	    # FIXME: we should use $relativeFilename here, but it
	    # might have backslashes under Windows, which causes no end
	    # of trouble.
	    createAndExecute $file
	    list {}
	
.... Test generated KNOWN error:
    while executing
ptolemy.kernel.util.IllegalActionException: Found a zero delay loop containing .dependencyLoop.original
  in .dependencyLoop and .dependencyLoop.original
	at ptolemy.actor.util.CausalityInterfaceForComposites._computeOutputPortDepth(CausalityInterfaceForComposites.java:759)
	at ptolemy.actor.util.CausalityInterfaceForComposites._computeInputDepth(CausalityInterfaceForComposites.java:696)
	at ptolemy.actor.util.CausalityInterfaceForComposites._computeOutputPortDepth(CausalityInterfaceForComposites.java:765)
	at ptolemy.actor.util.CausalityInterfaceForComposites._computeInputDepth(CausalityInterfaceForComposites.java:696)
	at ptolemy.actor.util.CausalityInterfaceForComposites._computeOutputPortDepth(CausalityInterfaceForComposites.java:765)
	at ptolemy.actor.util.CausalityInterfaceForComposites._computeInputDepth(CausalityInterfaceForComposites.java:696)
	at ptolemy.actor.util.CausalityInterfaceForComposites._computeActorDepth(CausalityInterfaceForComposites.java:532)
	at ptolemy.actor.util.CausalityInterfaceForComposites.checkForCycles(CausalityInterfaceForComposites.java:96)
	at ptolemy.domains.de.kernel.DEDirector.preinitialize(DEDirector.java:1338)
	at ptolemy.actor.CompositeActor.preinitialize(CompositeActor.java:1828)
	at ptolemy.actor.Manager.preinitializeAndResolveTypes(Manager.java:1040)
	at ptolemy.actor.Manager.initialize(Manager.java:710)
	at ptolemy.actor.Manager.execute(Manager.java:356)
	at ptolemy.actor.Manager.run(Manager.java:1263)
	at ptolemy.actor.Manager$PtolemyRunThread.run(Manager.java:1915)

    while executing
ptolemy.kernel.util.IllegalActionException: Found a zero delay loop containing .dependencyLoop.original
  in .dependencyLoop and .dependencyLoop.original
    while executing
"java::new ptolemy.moml.MoMLSimpleApplication $file
"
    (procedure "createAndExecute" line 2)
    invoked from within
"createAndExecute $file"
    ("uplevel" body line 5)
    invoked from within
"uplevel $contents_of_test"
------------------ testing $PTII/ptolemy/domains/de/test/auto/knownFailedTests/DESDFClockTest.xml (Known Failure) 
2074 ms. Memory: 146944K Free: 121284K (83%)


==== $PTIIhome/travis/build/icyphy/ptII/ptolemy/domains/de/test/../../../../: Auto Automatic test in file $PTII/ptolemy/domains/de/test/auto/knownFailedTests/DESDFClockTest.xml
==== Contents of test case:

	    # FIXME: we should use $relativeFilename here, but it
	    # might have backslashes under Windows, which causes no end
	    # of trouble.
	    createAndExecute $file
	    list {}
	
.... Test generated KNOWN error:
    while executing
ptolemy.kernel.util.IllegalActionException: Actor is not ready to fire.  Perhaps UpSample.prefire() returned false? Try debugging the actor by selecting "Listen to Actor".  Also, for SDF check moml for tokenConsumptionRate on input.
  in .DESDFClockTest.Play Bell.Copy1:SDF Director and .DESDFClockTest.Play Bell.UpSample
	at ptolemy.actor.sched.StaticSchedulingDirector.fire(StaticSchedulingDirector.java:227)
	at ptolemy.domains.sdf.kernel.SDFDirector.fire(SDFDirector.java:500)
	at ptolemy.actor.CompositeActor.fire(CompositeActor.java:455)
	at ptolemy.domains.de.kernel.DEDirector._fire(DEDirector.java:1949)
	at ptolemy.domains.de.kernel.DEDirector.fire(DEDirector.java:502)
	at ptolemy.actor.CompositeActor.fire(CompositeActor.java:455)
	at ptolemy.actor.Manager.iterate(Manager.java:851)
	at ptolemy.actor.Manager.execute(Manager.java:369)
	at ptolemy.actor.Manager.run(Manager.java:1263)
	at ptolemy.actor.Manager$PtolemyRunThread.run(Manager.java:1915)

    while executing
ptolemy.kernel.util.IllegalActionException: Actor is not ready to fire.  Perhaps UpSample.prefire() returned false? Try debugging the actor by selecting "Listen to Actor".  Also, for SDF check moml for tokenConsumptionRate on input.
  in .DESDFClockTest.Play Bell.Copy1:SDF Director and .DESDFClockTest.Play Bell.UpSample
    while executing
"java::new ptolemy.moml.MoMLSimpleApplication $file
"
    (procedure "createAndExecute" line 2)
    invoked from within
"createAndExecute $file"
    ("uplevel" body line 5)
    invoked from within
"uplevel $contents_of_test"
------------------ testing $PTII/ptolemy/domains/de/test/auto/knownFailedTests/FSMSource.xml (Known Failure) 
24 ms. Memory: 146944K Free: 112410K (76%)
!!!! Auto was marked as failing, but now passes
------------------ testing $PTII/ptolemy/domains/de/test/auto/knownFailedTests/dependencyLoop2.xml (Known Failure) 
14 ms. Memory: 146944K Free: 110527K (75%)


==== $PTIIhome/travis/build/icyphy/ptII/ptolemy/domains/de/test/../../../../: Auto Automatic test in file $PTII/ptolemy/domains/de/test/auto/knownFailedTests/dependencyLoop2.xml
==== Contents of test case:

	    # FIXME: we should use $relativeFilename here, but it
	    # might have backslashes under Windows, which causes no end
	    # of trouble.
	    createAndExecute $file
	    list {}
	
.... Test generated KNOWN error:
    while executing
ptolemy.kernel.util.IllegalActionException: Found a zero delay loop containing .dependencyLoop2.original
  in .dependencyLoop2 and .dependencyLoop2.original
	at ptolemy.actor.util.CausalityInterfaceForComposites._computeOutputPortDepth(CausalityInterfaceForComposites.java:759)
	at ptolemy.actor.util.CausalityInterfaceForComposites._computeInputDepth(CausalityInterfaceForComposites.java:696)
	at ptolemy.actor.util.CausalityInterfaceForComposites._computeOutputPortDepth(CausalityInterfaceForComposites.java:765)
	at ptolemy.actor.util.CausalityInterfaceForComposites._computeInputDepth(CausalityInterfaceForComposites.java:696)
	at ptolemy.actor.util.CausalityInterfaceForComposites._computeOutputPortDepth(CausalityInterfaceForComposites.java:765)
	at ptolemy.actor.util.CausalityInterfaceForComposites._computeInputDepth(CausalityInterfaceForComposites.java:696)
	at ptolemy.actor.util.CausalityInterfaceForComposites._computeActorDepth(CausalityInterfaceForComposites.java:532)
	at ptolemy.actor.util.CausalityInterfaceForComposites.checkForCycles(CausalityInterfaceForComposites.java:96)
	at ptolemy.domains.de.kernel.DEDirector.preinitialize(DEDirector.java:1338)
	at ptolemy.actor.CompositeActor.preinitialize(CompositeActor.java:1828)
	at ptolemy.actor.Manager.preinitializeAndResolveTypes(Manager.java:1040)
	at ptolemy.actor.Manager.initialize(Manager.java:710)
	at ptolemy.actor.Manager.execute(Manager.java:356)
	at ptolemy.actor.Manager.run(Manager.java:1263)
	at ptolemy.actor.Manager$PtolemyRunThread.run(Manager.java:1915)

    while executing
ptolemy.kernel.util.IllegalActionException: Found a zero delay loop containing .dependencyLoop2.original
  in .dependencyLoop2 and .dependencyLoop2.original
    while executing
"java::new ptolemy.moml.MoMLSimpleApplication $file
"
    (procedure "createAndExecute" line 2)
    invoked from within
"createAndExecute $file"
    ("uplevel" body line 5)
    invoked from within
"uplevel $contents_of_test"
------------------ testing $PTII/ptolemy/domains/de/test/auto/knownFailedTests/HierarchicalModel.xml (Known Failure) 
5 ms. Memory: 146944K Free: 90312K (61%)


==== $PTIIhome/travis/build/icyphy/ptII/ptolemy/domains/de/test/../../../../: Auto Automatic test in file $PTII/ptolemy/domains/de/test/auto/knownFailedTests/HierarchicalModel.xml
==== Contents of test case:

	    # FIXME: we should use $relativeFilename here, but it
	    # might have backslashes under Windows, which causes no end
	    # of trouble.
	    createAndExecute $file
	    list {}
	
.... Test generated KNOWN error:
    while executing
ptolemy.kernel.util.IllegalActionException: Found a zero delay loop containing .HierarchicalModel.A
  in .HierarchicalModel and .HierarchicalModel.A
	at ptolemy.actor.util.CausalityInterfaceForComposites._computeOutputPortDepth(CausalityInterfaceForComposites.java:759)
	at ptolemy.actor.util.CausalityInterfaceForComposites._computeInputDepth(CausalityInterfaceForComposites.java:696)
	at ptolemy.actor.util.CausalityInterfaceForComposites._computeOutputPortDepth(CausalityInterfaceForComposites.java:765)
	at ptolemy.actor.util.CausalityInterfaceForComposites._computeInputDepth(CausalityInterfaceForComposites.java:696)
	at ptolemy.actor.util.CausalityInterfaceForComposites._computeOutputPortDepth(CausalityInterfaceForComposites.java:765)
	at ptolemy.actor.util.CausalityInterfaceForComposites._computeInputDepth(CausalityInterfaceForComposites.java:696)
	at ptolemy.actor.util.CausalityInterfaceForComposites._computeActorDepth(CausalityInterfaceForComposites.java:532)
	at ptolemy.actor.util.CausalityInterfaceForComposites.checkForCycles(CausalityInterfaceForComposites.java:96)
	at ptolemy.domains.de.kernel.DEDirector.preinitialize(DEDirector.java:1338)
	at ptolemy.actor.CompositeActor.preinitialize(CompositeActor.java:1828)
	at ptolemy.actor.Manager.preinitializeAndResolveTypes(Manager.java:1040)
	at ptolemy.actor.Manager.initialize(Manager.java:710)
	at ptolemy.actor.Manager.execute(Manager.java:356)
	at ptolemy.actor.Manager.run(Manager.java:1263)
	at ptolemy.actor.Manager$PtolemyRunThread.run(Manager.java:1915)

    while executing
ptolemy.kernel.util.IllegalActionException: Found a zero delay loop containing .HierarchicalModel.A
  in .HierarchicalModel and .HierarchicalModel.A
    while executing
"java::new ptolemy.moml.MoMLSimpleApplication $file
"
    (procedure "createAndExecute" line 2)
    invoked from within
"createAndExecute $file"
    ("uplevel" body line 5)
    invoked from within
"uplevel $contents_of_test"
------------------ testing $PTII/ptolemy/domains/de/test/auto/knownFailedTests/DirectFeedback.xml (Known Failure) 
4 ms. Memory: 146944K Free: 86191K (59%)


==== $PTIIhome/travis/build/icyphy/ptII/ptolemy/domains/de/test/../../../../: Auto Automatic test in file $PTII/ptolemy/domains/de/test/auto/knownFailedTests/DirectFeedback.xml
==== Contents of test case:

	    # FIXME: we should use $relativeFilename here, but it
	    # might have backslashes under Windows, which causes no end
	    # of trouble.
	    createAndExecute $file
	    list {}
	
.... Test generated KNOWN error:
    while executing
ptolemy.kernel.util.IllegalActionException: Test fails in iteration 1.
Value was: 1.0. Should have been: 2.0
  in .DirectFeedback.Test
	at ptolemy.actor.lib.Test.fire(Test.java:268)
	at ptolemy.domains.de.kernel.DEDirector._fire(DEDirector.java:1949)
	at ptolemy.domains.de.kernel.DEDirector.fire(DEDirector.java:502)
	at ptolemy.actor.CompositeActor.fire(CompositeActor.java:455)
	at ptolemy.actor.Manager.iterate(Manager.java:851)
	at ptolemy.actor.Manager.execute(Manager.java:369)
	at ptolemy.actor.Manager.run(Manager.java:1263)
	at ptolemy.actor.Manager$PtolemyRunThread.run(Manager.java:1915)

    while executing
ptolemy.kernel.util.IllegalActionException: Test fails in iteration 1.
Value was: 1.0. Should have been: 2.0
  in .DirectFeedback.Test
    while executing
"java::new ptolemy.moml.MoMLSimpleApplication $file
"
    (procedure "createAndExecute" line 2)
    invoked from within
"createAndExecute $file"
    ("uplevel" body line 5)
    invoked from within
"uplevel $contents_of_test"
------------------ testing $PTII/ptolemy/domains/de/test/auto/ActorDepthCalculation_actorWithoutPorts.xml
auto.tcl: Setting watchdog for 200 seconds at Fri Mar 01 03:41:46 UTC 2019
7 ms. Memory: 146944K Free: 138923K (95%)
ptolemy.util.test.WatchDog.cancel(): canceling Fri Mar 01 03:41:46 UTC 2019
auto.tcl: Setting watchdog for 200 seconds at Fri Mar 01 03:41:46 UTC 2019
4 ms. Memory: 146944K Free: 137645K (94%)
ptolemy.util.test.WatchDog.cancel(): canceling Fri Mar 01 03:41:46 UTC 2019
------------------ testing $PTII/ptolemy/domains/de/test/auto/AssemblyLine.xml
auto.tcl: Setting watchdog for 200 seconds at Fri Mar 01 03:41:47 UTC 2019
17 ms. Memory: 208384K Free: 186280K (89%)
ptolemy.util.test.WatchDog.cancel(): canceling Fri Mar 01 03:41:47 UTC 2019
auto.tcl: Setting watchdog for 200 seconds at Fri Mar 01 03:41:47 UTC 2019
7 ms. Memory: 208384K Free: 186280K (89%)
ptolemy.util.test.WatchDog.cancel(): canceling Fri Mar 01 03:41:47 UTC 2019
------------------ testing $PTII/ptolemy/domains/de/test/auto/CQBug1.xml
auto.tcl: Setting watchdog for 200 seconds at Fri Mar 01 03:41:47 UTC 2019
4 ms. Memory: 208384K Free: 197910K (95%)
ptolemy.util.test.WatchDog.cancel(): canceling Fri Mar 01 03:41:47 UTC 2019
auto.tcl: Setting watchdog for 200 seconds at Fri Mar 01 03:41:47 UTC 2019
2 ms. Memory: 208384K Free: 197910K (95%)
ptolemy.util.test.WatchDog.cancel(): canceling Fri Mar 01 03:41:47 UTC 2019
------------------ testing $PTII/ptolemy/domains/de/test/auto/CancelFireAt.xml
auto.tcl: Setting watchdog for 200 seconds at Fri Mar 01 03:41:47 UTC 2019
12 ms. Memory: 208384K Free: 201049K (96%)
ptolemy.util.test.WatchDog.cancel(): canceling Fri Mar 01 03:41:47 UTC 2019
auto.tcl: Setting watchdog for 200 seconds at Fri Mar 01 03:41:47 UTC 2019
2 ms. Memory: 208384K Free: 199012K (96%)
ptolemy.util.test.WatchDog.cancel(): canceling Fri Mar 01 03:41:47 UTC 2019
------------------ testing $PTII/ptolemy/domains/de/test/auto/CausalityAndComposabilityAnalysis.xml
auto.tcl: Setting watchdog for 200 seconds at Fri Mar 01 03:41:47 UTC 2019
18 ms. Memory: 208384K Free: 198608K (95%)
ptolemy.util.test.WatchDog.cancel(): canceling Fri Mar 01 03:41:47 UTC 2019
auto.tcl: Setting watchdog for 200 seconds at Fri Mar 01 03:41:47 UTC 2019
5 ms. Memory: 208384K Free: 196571K (94%)
ptolemy.util.test.WatchDog.cancel(): canceling Fri Mar 01 03:41:47 UTC 2019
------------------ testing $PTII/ptolemy/domains/de/test/auto/CausalityInterface1.xml
auto.tcl: Setting watchdog for 200 seconds at Fri Mar 01 03:41:47 UTC 2019
20 ms. Memory: 208384K Free: 196508K (94%)
ptolemy.util.test.WatchDog.cancel(): canceling Fri Mar 01 03:41:47 UTC 2019
auto.tcl: Setting watchdog for 200 seconds at Fri Mar 01 03:41:47 UTC 2019
5 ms. Memory: 208384K Free: 196508K (94%)
ptolemy.util.test.WatchDog.cancel(): canceling Fri Mar 01 03:41:47 UTC 2019
------------------ testing $PTII/ptolemy/domains/de/test/auto/CausalityInterface15.xml
auto.tcl: Setting watchdog for 200 seconds at Fri Mar 01 03:41:48 UTC 2019
5 ms. Memory: 208384K Free: 196467K (94%)
ptolemy.util.test.WatchDog.cancel(): canceling Fri Mar 01 03:41:48 UTC 2019
auto.tcl: Setting watchdog for 200 seconds at Fri Mar 01 03:41:48 UTC 2019
4 ms. Memory: 208384K Free: 196467K (94%)
ptolemy.util.test.WatchDog.cancel(): canceling Fri Mar 01 03:41:48 UTC 2019
------------------ testing $PTII/ptolemy/domains/de/test/auto/CausalityInterface2.xml
auto.tcl: Setting watchdog for 200 seconds at Fri Mar 01 03:41:48 UTC 2019
8 ms. Memory: 208384K Free: 196483K (94%)
ptolemy.util.test.WatchDog.cancel(): canceling Fri Mar 01 03:41:48 UTC 2019
auto.tcl: Setting watchdog for 200 seconds at Fri Mar 01 03:41:48 UTC 2019
3 ms. Memory: 208384K Free: 196483K (94%)
ptolemy.util.test.WatchDog.cancel(): canceling Fri Mar 01 03:41:48 UTC 2019
------------------ testing $PTII/ptolemy/domains/de/test/auto/CausalityInterface3.xml
auto.tcl: Setting watchdog for 200 seconds at Fri Mar 01 03:41:48 UTC 2019
7 ms. Memory: 208384K Free: 196496K (94%)
ptolemy.util.test.WatchDog.cancel(): canceling Fri Mar 01 03:41:48 UTC 2019
auto.tcl: Setting watchdog for 200 seconds at Fri Mar 01 03:41:48 UTC 2019
5 ms. Memory: 208384K Free: 196496K (94%)
ptolemy.util.test.WatchDog.cancel(): canceling Fri Mar 01 03:41:48 UTC 2019
------------------ testing $PTII/ptolemy/domains/de/test/auto/ClockDrift.xml
auto.tcl: Setting watchdog for 200 seconds at Fri Mar 01 03:41:48 UTC 2019
95 ms. Memory: 208384K Free: 187915K (90%)
ptolemy.util.test.WatchDog.cancel(): canceling Fri Mar 01 03:41:48 UTC 2019
auto.tcl: Setting watchdog for 200 seconds at Fri Mar 01 03:41:48 UTC 2019
59 ms. Memory: 208384K Free: 185878K (89%)
ptolemy.util.test.WatchDog.cancel(): canceling Fri Mar 01 03:41:48 UTC 2019
------------------ testing $PTII/ptolemy/domains/de/test/auto/ClockDriftAndValueChange.xml
auto.tcl: Setting watchdog for 200 seconds at Fri Mar 01 03:41:48 UTC 2019
29 ms. Memory: 208384K Free: 187748K (90%)
ptolemy.util.test.WatchDog.cancel(): canceling Fri Mar 01 03:41:48 UTC 2019
auto.tcl: Setting watchdog for 200 seconds at Fri Mar 01 03:41:48 UTC 2019
22 ms. Memory: 208384K Free: 185711K (89%)
ptolemy.util.test.WatchDog.cancel(): canceling Fri Mar 01 03:41:48 UTC 2019
------------------ testing $PTII/ptolemy/domains/de/test/auto/ClockDriftChange.xml
auto.tcl: Setting watchdog for 200 seconds at Fri Mar 01 03:41:48 UTC 2019
36 ms. Memory: 208384K Free: 191010K (92%)
ptolemy.util.test.WatchDog.cancel(): canceling Fri Mar 01 03:41:48 UTC 2019
auto.tcl: Setting watchdog for 200 seconds at Fri Mar 01 03:41:48 UTC 2019
25 ms. Memory: 208384K Free: 188973K (91%)
ptolemy.util.test.WatchDog.cancel(): canceling Fri Mar 01 03:41:48 UTC 2019
------------------ testing $PTII/ptolemy/domains/de/test/auto/ComposableCausalityAnalysis.xml
auto.tcl: Setting watchdog for 200 seconds at Fri Mar 01 03:41:48 UTC 2019
3 ms. Memory: 208384K Free: 196350K (94%)
ptolemy.util.test.WatchDog.cancel(): canceling Fri Mar 01 03:41:48 UTC 2019
auto.tcl: Setting watchdog for 200 seconds at Fri Mar 01 03:41:48 UTC 2019
2 ms. Memory: 208384K Free: 194313K (93%)
ptolemy.util.test.WatchDog.cancel(): canceling Fri Mar 01 03:41:48 UTC 2019
------------------ testing $PTII/ptolemy/domains/de/test/auto/DEFixedPointLimitation.xml
auto.tcl: Setting watchdog for 200 seconds at Fri Mar 01 03:41:49 UTC 2019
1 ms. Memory: 208384K Free: 198468K (95%)
ptolemy.util.test.WatchDog.cancel(): canceling Fri Mar 01 03:41:49 UTC 2019
auto.tcl: Setting watchdog for 200 seconds at Fri Mar 01 03:41:49 UTC 2019
3 ms. Memory: 208384K Free: 196431K (94%)
ptolemy.util.test.WatchDog.cancel(): canceling Fri Mar 01 03:41:49 UTC 2019
------------------ testing $PTII/ptolemy/domains/de/test/auto/DEScheduleTest.xml
auto.tcl: Setting watchdog for 200 seconds at Fri Mar 01 03:41:49 UTC 2019
4 ms. Memory: 208384K Free: 199024K (96%)
ptolemy.util.test.WatchDog.cancel(): canceling Fri Mar 01 03:41:49 UTC 2019
auto.tcl: Setting watchdog for 200 seconds at Fri Mar 01 03:41:49 UTC 2019
7 ms. Memory: 208384K Free: 196467K (94%)
ptolemy.util.test.WatchDog.cancel(): canceling Fri Mar 01 03:41:49 UTC 2019
------------------ testing $PTII/ptolemy/domains/de/test/auto/DEinDEwithStartTimes.xml
auto.tcl: Setting watchdog for 200 seconds at Fri Mar 01 03:41:49 UTC 2019
9 ms. Memory: 208384K Free: 196437K (94%)
ptolemy.util.test.WatchDog.cancel(): canceling Fri Mar 01 03:41:49 UTC 2019
auto.tcl: Setting watchdog for 200 seconds at Fri Mar 01 03:41:49 UTC 2019
6 ms. Memory: 208384K Free: 194400K (93%)
ptolemy.util.test.WatchDog.cancel(): canceling Fri Mar 01 03:41:49 UTC 2019
------------------ testing $PTII/ptolemy/domains/de/test/auto/DEinDEwithStartTimes2.xml
auto.tcl: Setting watchdog for 200 seconds at Fri Mar 01 03:41:49 UTC 2019
9 ms. Memory: 208384K Free: 196416K (94%)
ptolemy.util.test.WatchDog.cancel(): canceling Fri Mar 01 03:41:49 UTC 2019
auto.tcl: Setting watchdog for 200 seconds at Fri Mar 01 03:41:49 UTC 2019
4 ms. Memory: 208384K Free: 194379K (93%)
ptolemy.util.test.WatchDog.cancel(): canceling Fri Mar 01 03:41:49 UTC 2019
------------------ testing $PTII/ptolemy/domains/de/test/auto/DateDemo.xml
auto.tcl: Setting watchdog for 200 seconds at Fri Mar 01 03:41:49 UTC 2019
16 ms. Memory: 208384K Free: 189033K (91%)
ptolemy.util.test.WatchDog.cancel(): canceling Fri Mar 01 03:41:49 UTC 2019
auto.tcl: Setting watchdog for 200 seconds at Fri Mar 01 03:41:49 UTC 2019
6 ms. Memory: 208384K Free: 186996K (90%)
ptolemy.util.test.WatchDog.cancel(): canceling Fri Mar 01 03:41:49 UTC 2019
------------------ testing $PTII/ptolemy/domains/de/test/auto/DateToEvent.xml
auto.tcl: Setting watchdog for 200 seconds at Fri Mar 01 03:41:49 UTC 2019
2017 ms. Memory: 208384K Free: 183927K (88%)
ptolemy.util.test.WatchDog.cancel(): canceling Fri Mar 01 03:41:51 UTC 2019
auto.tcl: Setting watchdog for 200 seconds at Fri Mar 01 03:41:51 UTC 2019
2006 ms. Memory: 208384K Free: 183927K (88%)
ptolemy.util.test.WatchDog.cancel(): canceling Fri Mar 01 03:41:53 UTC 2019
------------------ testing $PTII/ptolemy/domains/de/test/auto/DepthTest1.xml
auto.tcl: Setting watchdog for 200 seconds at Fri Mar 01 03:41:53 UTC 2019
4 ms. Memory: 208384K Free: 198551K (95%)
ptolemy.util.test.WatchDog.cancel(): canceling Fri Mar 01 03:41:53 UTC 2019
auto.tcl: Setting watchdog for 200 seconds at Fri Mar 01 03:41:53 UTC 2019
6 ms. Memory: 208384K Free: 198551K (95%)
ptolemy.util.test.WatchDog.cancel(): canceling Fri Mar 01 03:41:53 UTC 2019
------------------ testing $PTII/ptolemy/domains/de/test/auto/DepthTest2.xml
auto.tcl: Setting watchdog for 200 seconds at Fri Mar 01 03:41:53 UTC 2019
9 ms. Memory: 208384K Free: 194391K (93%)
ptolemy.util.test.WatchDog.cancel(): canceling Fri Mar 01 03:41:53 UTC 2019
auto.tcl: Setting watchdog for 200 seconds at Fri Mar 01 03:41:53 UTC 2019
3 ms. Memory: 208384K Free: 194391K (93%)
ptolemy.util.test.WatchDog.cancel(): canceling Fri Mar 01 03:41:53 UTC 2019
------------------ testing $PTII/ptolemy/domains/de/test/auto/DepthTest3.xml
auto.tcl: Setting watchdog for 200 seconds at Fri Mar 01 03:41:53 UTC 2019
3 ms. Memory: 208384K Free: 198367K (95%)
ptolemy.util.test.WatchDog.cancel(): canceling Fri Mar 01 03:41:53 UTC 2019
auto.tcl: Setting watchdog for 200 seconds at Fri Mar 01 03:41:53 UTC 2019
1 ms. Memory: 208384K Free: 198367K (95%)
ptolemy.util.test.WatchDog.cancel(): canceling Fri Mar 01 03:41:53 UTC 2019
------------------ testing $PTII/ptolemy/domains/de/test/auto/DepthTest4.xml
auto.tcl: Setting watchdog for 200 seconds at Fri Mar 01 03:41:53 UTC 2019
10 ms. Memory: 208384K Free: 196416K (94%)
ptolemy.util.test.WatchDog.cancel(): canceling Fri Mar 01 03:41:53 UTC 2019
auto.tcl: Setting watchdog for 200 seconds at Fri Mar 01 03:41:53 UTC 2019
2 ms. Memory: 208384K Free: 196416K (94%)
ptolemy.util.test.WatchDog.cancel(): canceling Fri Mar 01 03:41:53 UTC 2019
------------------ testing $PTII/ptolemy/domains/de/test/auto/DepthTest5.xml
auto.tcl: Setting watchdog for 200 seconds at Fri Mar 01 03:41:54 UTC 2019
6 ms. Memory: 208384K Free: 196364K (94%)
ptolemy.util.test.WatchDog.cancel(): canceling Fri Mar 01 03:41:54 UTC 2019
auto.tcl: Setting watchdog for 200 seconds at Fri Mar 01 03:41:54 UTC 2019
2 ms. Memory: 208384K Free: 196364K (94%)
ptolemy.util.test.WatchDog.cancel(): canceling Fri Mar 01 03:41:54 UTC 2019
------------------ testing $PTII/ptolemy/domains/de/test/auto/DepthTest6.xml
auto.tcl: Setting watchdog for 200 seconds at Fri Mar 01 03:41:54 UTC 2019
11 ms. Memory: 208384K Free: 196339K (94%)
ptolemy.util.test.WatchDog.cancel(): canceling Fri Mar 01 03:41:54 UTC 2019
auto.tcl: Setting watchdog for 200 seconds at Fri Mar 01 03:41:54 UTC 2019
3 ms. Memory: 208384K Free: 196339K (94%)
ptolemy.util.test.WatchDog.cancel(): canceling Fri Mar 01 03:41:54 UTC 2019
------------------ testing $PTII/ptolemy/domains/de/test/auto/DepthTest7.xml
auto.tcl: Setting watchdog for 200 seconds at Fri Mar 01 03:41:54 UTC 2019
3 ms. Memory: 208384K Free: 196321K (94%)
ptolemy.util.test.WatchDog.cancel(): canceling Fri Mar 01 03:41:54 UTC 2019
auto.tcl: Setting watchdog for 200 seconds at Fri Mar 01 03:41:54 UTC 2019
3 ms. Memory: 208384K Free: 196321K (94%)
ptolemy.util.test.WatchDog.cancel(): canceling Fri Mar 01 03:41:54 UTC 2019
------------------ testing $PTII/ptolemy/domains/de/test/auto/EventToDate.xml
auto.tcl: Setting watchdog for 200 seconds at Fri Mar 01 03:41:54 UTC 2019
3011 ms. Memory: 208384K Free: 183690K (88%)
ptolemy.util.test.WatchDog.cancel(): canceling Fri Mar 01 03:41:57 UTC 2019
auto.tcl: Setting watchdog for 200 seconds at Fri Mar 01 03:41:57 UTC 2019
3005 ms. Memory: 208384K Free: 183690K (88%)
ptolemy.util.test.WatchDog.cancel(): canceling Fri Mar 01 03:42:00 UTC 2019
------------------ testing $PTII/ptolemy/domains/de/test/auto/FSM1.xml
auto.tcl: Setting watchdog for 200 seconds at Fri Mar 01 03:42:00 UTC 2019
25 ms. Memory: 208384K Free: 189497K (91%)
ptolemy.util.test.WatchDog.cancel(): canceling Fri Mar 01 03:42:00 UTC 2019
auto.tcl: Setting watchdog for 200 seconds at Fri Mar 01 03:42:00 UTC 2019
20 ms. Memory: 208384K Free: 185422K (89%)
ptolemy.util.test.WatchDog.cancel(): canceling Fri Mar 01 03:42:00 UTC 2019
------------------ testing $PTII/ptolemy/domains/de/test/auto/FSM7.xml
auto.tcl: Setting watchdog for 200 seconds at Fri Mar 01 03:42:00 UTC 2019
19 ms. Memory: 208384K Free: 189700K (91%)
ptolemy.util.test.WatchDog.cancel(): canceling Fri Mar 01 03:42:00 UTC 2019
auto.tcl: Setting watchdog for 200 seconds at Fri Mar 01 03:42:00 UTC 2019
26 ms. Memory: 208384K Free: 185626K (89%)
ptolemy.util.test.WatchDog.cancel(): canceling Fri Mar 01 03:42:00 UTC 2019
------------------ testing $PTII/ptolemy/domains/de/test/auto/Inspection.xml
auto.tcl: Setting watchdog for 200 seconds at Fri Mar 01 03:42:00 UTC 2019
39 ms. Memory: 208384K Free: 189396K (91%)
ptolemy.util.test.WatchDog.cancel(): canceling Fri Mar 01 03:42:00 UTC 2019
auto.tcl: Setting watchdog for 200 seconds at Fri Mar 01 03:42:00 UTC 2019
31 ms. Memory: 208384K Free: 187359K (90%)
ptolemy.util.test.WatchDog.cancel(): canceling Fri Mar 01 03:42:00 UTC 2019
------------------ testing $PTII/ptolemy/domains/de/test/auto/Iteration.xml
auto.tcl: Setting watchdog for 200 seconds at Fri Mar 01 03:42:00 UTC 2019
8 ms. Memory: 208384K Free: 196126K (94%)
ptolemy.util.test.WatchDog.cancel(): canceling Fri Mar 01 03:42:00 UTC 2019
auto.tcl: Setting watchdog for 200 seconds at Fri Mar 01 03:42:00 UTC 2019
7 ms. Memory: 208384K Free: 194089K (93%)
ptolemy.util.test.WatchDog.cancel(): canceling Fri Mar 01 03:42:00 UTC 2019
------------------ testing $PTII/ptolemy/domains/de/test/auto/LineFault.xml
auto.tcl: Setting watchdog for 200 seconds at Fri Mar 01 03:42:00 UTC 2019
788 ms. Memory: 208384K Free: 199866K (96%)
ptolemy.util.test.WatchDog.cancel(): canceling Fri Mar 01 03:42:01 UTC 2019
auto.tcl: Setting watchdog for 200 seconds at Fri Mar 01 03:42:01 UTC 2019
624 ms. Memory: 208384K Free: 142558K (68%)
ptolemy.util.test.WatchDog.cancel(): canceling Fri Mar 01 03:42:02 UTC 2019
------------------ testing $PTII/ptolemy/domains/de/test/auto/MergeModel1Add.xml
auto.tcl: Setting watchdog for 200 seconds at Fri Mar 01 03:42:02 UTC 2019
17 ms. Memory: 331264K Free: 300849K (91%)
ptolemy.util.test.WatchDog.cancel(): canceling Fri Mar 01 03:42:02 UTC 2019
auto.tcl: Setting watchdog for 200 seconds at Fri Mar 01 03:42:02 UTC 2019
10 ms. Memory: 331264K Free: 300849K (91%)
ptolemy.util.test.WatchDog.cancel(): canceling Fri Mar 01 03:42:02 UTC 2019
------------------ testing $PTII/ptolemy/domains/de/test/auto/MergeModel2Add.xml
auto.tcl: Setting watchdog for 200 seconds at Fri Mar 01 03:42:02 UTC 2019
11 ms. Memory: 331264K Free: 305764K (92%)
ptolemy.util.test.WatchDog.cancel(): canceling Fri Mar 01 03:42:02 UTC 2019
auto.tcl: Setting watchdog for 200 seconds at Fri Mar 01 03:42:02 UTC 2019
11 ms. Memory: 331264K Free: 302204K (91%)
ptolemy.util.test.WatchDog.cancel(): canceling Fri Mar 01 03:42:02 UTC 2019
------------------ testing $PTII/ptolemy/domains/de/test/auto/MergeModel3Add.xml
auto.tcl: Setting watchdog for 200 seconds at Fri Mar 01 03:42:02 UTC 2019
10 ms. Memory: 331264K Free: 305743K (92%)
ptolemy.util.test.WatchDog.cancel(): canceling Fri Mar 01 03:42:03 UTC 2019
auto.tcl: Setting watchdog for 200 seconds at Fri Mar 01 03:42:03 UTC 2019
9 ms. Memory: 331264K Free: 302182K (91%)
ptolemy.util.test.WatchDog.cancel(): canceling Fri Mar 01 03:42:03 UTC 2019
------------------ testing $PTII/ptolemy/domains/de/test/auto/MergeWithoutDiscard.xml
auto.tcl: Setting watchdog for 200 seconds at Fri Mar 01 03:42:03 UTC 2019
3 ms. Memory: 331264K Free: 317129K (96%)
ptolemy.util.test.WatchDog.cancel(): canceling Fri Mar 01 03:42:03 UTC 2019
auto.tcl: Setting watchdog for 200 seconds at Fri Mar 01 03:42:03 UTC 2019
2 ms. Memory: 331264K Free: 317129K (96%)
ptolemy.util.test.WatchDog.cancel(): canceling Fri Mar 01 03:42:03 UTC 2019
------------------ testing $PTII/ptolemy/domains/de/test/auto/Modal1.xml
auto.tcl: Setting watchdog for 200 seconds at Fri Mar 01 03:42:03 UTC 2019
15 ms. Memory: 331264K Free: 310734K (94%)
ptolemy.util.test.WatchDog.cancel(): canceling Fri Mar 01 03:42:03 UTC 2019
auto.tcl: Setting watchdog for 200 seconds at Fri Mar 01 03:42:03 UTC 2019
12 ms. Memory: 331264K Free: 307173K (93%)
ptolemy.util.test.WatchDog.cancel(): canceling Fri Mar 01 03:42:03 UTC 2019
------------------ testing $PTII/ptolemy/domains/de/test/auto/Modal2.xml
auto.tcl: Setting watchdog for 200 seconds at Fri Mar 01 03:42:03 UTC 2019
21 ms. Memory: 331264K Free: 310619K (94%)
ptolemy.util.test.WatchDog.cancel(): canceling Fri Mar 01 03:42:03 UTC 2019
auto.tcl: Setting watchdog for 200 seconds at Fri Mar 01 03:42:03 UTC 2019
17 ms. Memory: 331264K Free: 307058K (93%)
ptolemy.util.test.WatchDog.cancel(): canceling Fri Mar 01 03:42:03 UTC 2019
------------------ testing $PTII/ptolemy/domains/de/test/auto/Modal3.xml
auto.tcl: Setting watchdog for 200 seconds at Fri Mar 01 03:42:03 UTC 2019
11 ms. Memory: 331264K Free: 311280K (94%)
ptolemy.util.test.WatchDog.cancel(): canceling Fri Mar 01 03:42:03 UTC 2019
auto.tcl: Setting watchdog for 200 seconds at Fri Mar 01 03:42:03 UTC 2019
11 ms. Memory: 331264K Free: 307044K (93%)
ptolemy.util.test.WatchDog.cancel(): canceling Fri Mar 01 03:42:03 UTC 2019
------------------ testing $PTII/ptolemy/domains/de/test/auto/Modal4.xml
auto.tcl: Setting watchdog for 200 seconds at Fri Mar 01 03:42:03 UTC 2019
16 ms. Memory: 331264K Free: 310615K (94%)
ptolemy.util.test.WatchDog.cancel(): canceling Fri Mar 01 03:42:03 UTC 2019
auto.tcl: Setting watchdog for 200 seconds at Fri Mar 01 03:42:03 UTC 2019
14 ms. Memory: 331264K Free: 307054K (93%)
ptolemy.util.test.WatchDog.cancel(): canceling Fri Mar 01 03:42:03 UTC 2019
------------------ testing $PTII/ptolemy/domains/de/test/auto/Modal5.xml
auto.tcl: Setting watchdog for 200 seconds at Fri Mar 01 03:42:03 UTC 2019
19 ms. Memory: 331264K Free: 310604K (94%)
ptolemy.util.test.WatchDog.cancel(): canceling Fri Mar 01 03:42:03 UTC 2019
auto.tcl: Setting watchdog for 200 seconds at Fri Mar 01 03:42:03 UTC 2019
15 ms. Memory: 331264K Free: 307043K (93%)
ptolemy.util.test.WatchDog.cancel(): canceling Fri Mar 01 03:42:03 UTC 2019
------------------ testing $PTII/ptolemy/domains/de/test/auto/Modal6.xml
auto.tcl: Setting watchdog for 200 seconds at Fri Mar 01 03:42:03 UTC 2019
16 ms. Memory: 331264K Free: 310599K (94%)
ptolemy.util.test.WatchDog.cancel(): canceling Fri Mar 01 03:42:03 UTC 2019
auto.tcl: Setting watchdog for 200 seconds at Fri Mar 01 03:42:03 UTC 2019
17 ms. Memory: 331264K Free: 307038K (93%)
ptolemy.util.test.WatchDog.cancel(): canceling Fri Mar 01 03:42:03 UTC 2019
------------------ testing $PTII/ptolemy/domains/de/test/auto/Modal7.xml
auto.tcl: Setting watchdog for 200 seconds at Fri Mar 01 03:42:03 UTC 2019
9 ms. Memory: 331264K Free: 307039K (93%)
ptolemy.util.test.WatchDog.cancel(): canceling Fri Mar 01 03:42:03 UTC 2019
auto.tcl: Setting watchdog for 200 seconds at Fri Mar 01 03:42:03 UTC 2019
10 ms. Memory: 331264K Free: 303478K (92%)
ptolemy.util.test.WatchDog.cancel(): canceling Fri Mar 01 03:42:03 UTC 2019
------------------ testing $PTII/ptolemy/domains/de/test/auto/ModalModel.xml
auto.tcl: Setting watchdog for 200 seconds at Fri Mar 01 03:42:03 UTC 2019
173 ms. Memory: 331264K Free: 248275K (75%)
ptolemy.util.test.WatchDog.cancel(): canceling Fri Mar 01 03:42:04 UTC 2019
auto.tcl: Setting watchdog for 200 seconds at Fri Mar 01 03:42:04 UTC 2019
189 ms. Memory: 331264K Free: 191306K (58%)
ptolemy.util.test.WatchDog.cancel(): canceling Fri Mar 01 03:42:04 UTC 2019
------------------ testing $PTII/ptolemy/domains/de/test/auto/ModalSource.xml
auto.tcl: Setting watchdog for 200 seconds at Fri Mar 01 03:42:04 UTC 2019
9 ms. Memory: 331264K Free: 316867K (96%)
ptolemy.util.test.WatchDog.cancel(): canceling Fri Mar 01 03:42:04 UTC 2019
auto.tcl: Setting watchdog for 200 seconds at Fri Mar 01 03:42:04 UTC 2019
9 ms. Memory: 331264K Free: 313604K (95%)
ptolemy.util.test.WatchDog.cancel(): canceling Fri Mar 01 03:42:04 UTC 2019
------------------ testing $PTII/ptolemy/domains/de/test/auto/NonInterruptibleTimerZeroDelay.xml
auto.tcl: Setting watchdog for 200 seconds at Fri Mar 01 03:42:04 UTC 2019
4 ms. Memory: 331264K Free: 321220K (97%)
ptolemy.util.test.WatchDog.cancel(): canceling Fri Mar 01 03:42:04 UTC 2019
auto.tcl: Setting watchdog for 200 seconds at Fri Mar 01 03:42:04 UTC 2019
2 ms. Memory: 331264K Free: 317958K (96%)
ptolemy.util.test.WatchDog.cancel(): canceling Fri Mar 01 03:42:04 UTC 2019
------------------ testing $PTII/ptolemy/domains/de/test/auto/OpenQueueingNetwork.xml
auto.tcl: Setting watchdog for 200 seconds at Fri Mar 01 03:42:04 UTC 2019
2676 ms. Memory: 573952K Free: 414088K (72%)
ptolemy.util.test.WatchDog.cancel(): canceling Fri Mar 01 03:42:07 UTC 2019
auto.tcl: Setting watchdog for 200 seconds at Fri Mar 01 03:42:07 UTC 2019
2476 ms. Memory: 550912K Free: 308654K (56%)
ptolemy.util.test.WatchDog.cancel(): canceling Fri Mar 01 03:42:09 UTC 2019
------------------ testing $PTII/ptolemy/domains/de/test/auto/OpenQueuingNetwork.xml
auto.tcl: Setting watchdog for 200 seconds at Fri Mar 01 03:42:09 UTC 2019
265 ms. Memory: 549888K Free: 444742K (81%)
ptolemy.util.test.WatchDog.cancel(): canceling Fri Mar 01 03:42:10 UTC 2019
auto.tcl: Setting watchdog for 200 seconds at Fri Mar 01 03:42:10 UTC 2019
273 ms. Memory: 549888K Free: 385209K (70%)
ptolemy.util.test.WatchDog.cancel(): canceling Fri Mar 01 03:42:10 UTC 2019
------------------ testing $PTII/ptolemy/domains/de/test/auto/PeriodicSampler.xml
auto.tcl: Setting watchdog for 200 seconds at Fri Mar 01 03:42:10 UTC 2019
2 ms. Memory: 551936K Free: 535708K (97%)
ptolemy.util.test.WatchDog.cancel(): canceling Fri Mar 01 03:42:10 UTC 2019
auto.tcl: Setting watchdog for 200 seconds at Fri Mar 01 03:42:10 UTC 2019
2 ms. Memory: 551936K Free: 535708K (97%)
ptolemy.util.test.WatchDog.cancel(): canceling Fri Mar 01 03:42:10 UTC 2019
------------------ testing $PTII/ptolemy/domains/de/test/auto/PersistentIO.xml
auto.tcl: Setting watchdog for 200 seconds at Fri Mar 01 03:42:10 UTC 2019
12 ms. Memory: 549376K Free: 522438K (95%)
ptolemy.util.test.WatchDog.cancel(): canceling Fri Mar 01 03:42:10 UTC 2019
auto.tcl: Setting watchdog for 200 seconds at Fri Mar 01 03:42:10 UTC 2019
4 ms. Memory: 549376K Free: 522438K (95%)
ptolemy.util.test.WatchDog.cancel(): canceling Fri Mar 01 03:42:10 UTC 2019
------------------ testing $PTII/ptolemy/domains/de/test/auto/PortParameterResetOnInitialize.xml
auto.tcl: Setting watchdog for 200 seconds at Fri Mar 01 03:42:10 UTC 2019
3 ms. Memory: 551424K Free: 521619K (95%)
ptolemy.util.test.WatchDog.cancel(): canceling Fri Mar 01 03:42:10 UTC 2019
auto.tcl: Setting watchdog for 200 seconds at Fri Mar 01 03:42:10 UTC 2019
2 ms. Memory: 551424K Free: 521619K (95%)
ptolemy.util.test.WatchDog.cancel(): canceling Fri Mar 01 03:42:10 UTC 2019
------------------ testing $PTII/ptolemy/domains/de/test/auto/PortParameterUpdates.xml
auto.tcl: Setting watchdog for 200 seconds at Fri Mar 01 03:42:10 UTC 2019
3 ms. Memory: 549376K Free: 533200K (97%)
ptolemy.util.test.WatchDog.cancel(): canceling Fri Mar 01 03:42:10 UTC 2019
auto.tcl: Setting watchdog for 200 seconds at Fri Mar 01 03:42:10 UTC 2019
3 ms. Memory: 549376K Free: 533200K (97%)
ptolemy.util.test.WatchDog.cancel(): canceling Fri Mar 01 03:42:10 UTC 2019
------------------ testing $PTII/ptolemy/domains/de/test/auto/QueueAndServer.xml
auto.tcl: Setting watchdog for 200 seconds at Fri Mar 01 03:42:10 UTC 2019
14 ms. Memory: 551424K Free: 535212K (97%)
ptolemy.util.test.WatchDog.cancel(): canceling Fri Mar 01 03:42:10 UTC 2019
auto.tcl: Setting watchdog for 200 seconds at Fri Mar 01 03:42:10 UTC 2019
6 ms. Memory: 551424K Free: 528597K (96%)
ptolemy.util.test.WatchDog.cancel(): canceling Fri Mar 01 03:42:10 UTC 2019
------------------ testing $PTII/ptolemy/domains/de/test/auto/Records.xml
auto.tcl: Setting watchdog for 200 seconds at Fri Mar 01 03:42:10 UTC 2019
4 ms. Memory: 549376K Free: 533105K (97%)
ptolemy.util.test.WatchDog.cancel(): canceling Fri Mar 01 03:42:10 UTC 2019
auto.tcl: Setting watchdog for 200 seconds at Fri Mar 01 03:42:10 UTC 2019
2 ms. Memory: 549376K Free: 533105K (97%)
ptolemy.util.test.WatchDog.cancel(): canceling Fri Mar 01 03:42:10 UTC 2019
------------------ testing $PTII/ptolemy/domains/de/test/auto/ResetTransitionWithStartTime1.xml
auto.tcl: Setting watchdog for 200 seconds at Fri Mar 01 03:42:11 UTC 2019
11 ms. Memory: 551424K Free: 535722K (97%)
ptolemy.util.test.WatchDog.cancel(): canceling Fri Mar 01 03:42:11 UTC 2019
auto.tcl: Setting watchdog for 200 seconds at Fri Mar 01 03:42:11 UTC 2019
6 ms. Memory: 551424K Free: 528548K (96%)
ptolemy.util.test.WatchDog.cancel(): canceling Fri Mar 01 03:42:11 UTC 2019
------------------ testing $PTII/ptolemy/domains/de/test/auto/ResetTransitionWithStartTime2.xml
auto.tcl: Setting watchdog for 200 seconds at Fri Mar 01 03:42:11 UTC 2019
5 ms. Memory: 549376K Free: 533665K (97%)
ptolemy.util.test.WatchDog.cancel(): canceling Fri Mar 01 03:42:11 UTC 2019
auto.tcl: Setting watchdog for 200 seconds at Fri Mar 01 03:42:11 UTC 2019
5 ms. Memory: 549376K Free: 527034K (96%)
ptolemy.util.test.WatchDog.cancel(): canceling Fri Mar 01 03:42:11 UTC 2019
------------------ testing $PTII/ptolemy/domains/de/test/auto/ResetTransitionWithStartTime3.xml
auto.tcl: Setting watchdog for 200 seconds at Fri Mar 01 03:42:11 UTC 2019
6 ms. Memory: 550912K Free: 534657K (97%)
ptolemy.util.test.WatchDog.cancel(): canceling Fri Mar 01 03:42:11 UTC 2019
auto.tcl: Setting watchdog for 200 seconds at Fri Mar 01 03:42:11 UTC 2019
6 ms. Memory: 550912K Free: 528026K (96%)
ptolemy.util.test.WatchDog.cancel(): canceling Fri Mar 01 03:42:11 UTC 2019
------------------ testing $PTII/ptolemy/domains/de/test/auto/ResetTransitionWithStartTime4.xml
auto.tcl: Setting watchdog for 200 seconds at Fri Mar 01 03:42:11 UTC 2019
5 ms. Memory: 549376K Free: 533118K (97%)
ptolemy.util.test.WatchDog.cancel(): canceling Fri Mar 01 03:42:11 UTC 2019
auto.tcl: Setting watchdog for 200 seconds at Fri Mar 01 03:42:11 UTC 2019
3 ms. Memory: 549376K Free: 526504K (96%)
ptolemy.util.test.WatchDog.cancel(): canceling Fri Mar 01 03:42:11 UTC 2019
------------------ testing $PTII/ptolemy/domains/de/test/auto/ResettableTimer1.xml
auto.tcl: Setting watchdog for 200 seconds at Fri Mar 01 03:42:11 UTC 2019
3 ms. Memory: 550912K Free: 534650K (97%)
ptolemy.util.test.WatchDog.cancel(): canceling Fri Mar 01 03:42:11 UTC 2019
auto.tcl: Setting watchdog for 200 seconds at Fri Mar 01 03:42:11 UTC 2019
2 ms. Memory: 550912K Free: 534650K (97%)
ptolemy.util.test.WatchDog.cancel(): canceling Fri Mar 01 03:42:11 UTC 2019
------------------ testing $PTII/ptolemy/domains/de/test/auto/ResettableTimer2.xml
auto.tcl: Setting watchdog for 200 seconds at Fri Mar 01 03:42:11 UTC 2019
3 ms. Memory: 549376K Free: 533715K (97%)
ptolemy.util.test.WatchDog.cancel(): canceling Fri Mar 01 03:42:11 UTC 2019
auto.tcl: Setting watchdog for 200 seconds at Fri Mar 01 03:42:11 UTC 2019
2 ms. Memory: 549376K Free: 533715K (97%)
ptolemy.util.test.WatchDog.cancel(): canceling Fri Mar 01 03:42:11 UTC 2019
------------------ testing $PTII/ptolemy/domains/de/test/auto/ResettableTimer3.xml
auto.tcl: Setting watchdog for 200 seconds at Fri Mar 01 03:42:11 UTC 2019
4 ms. Memory: 550912K Free: 534707K (97%)
ptolemy.util.test.WatchDog.cancel(): canceling Fri Mar 01 03:42:11 UTC 2019
auto.tcl: Setting watchdog for 200 seconds at Fri Mar 01 03:42:11 UTC 2019
2 ms. Memory: 550912K Free: 534707K (97%)
ptolemy.util.test.WatchDog.cancel(): canceling Fri Mar 01 03:42:11 UTC 2019
------------------ testing $PTII/ptolemy/domains/de/test/auto/ResettableTimer4.xml
auto.tcl: Setting watchdog for 200 seconds at Fri Mar 01 03:42:11 UTC 2019
2 ms. Memory: 549376K Free: 533727K (97%)
ptolemy.util.test.WatchDog.cancel(): canceling Fri Mar 01 03:42:11 UTC 2019
auto.tcl: Setting watchdog for 200 seconds at Fri Mar 01 03:42:11 UTC 2019
1 ms. Memory: 549376K Free: 533727K (97%)
ptolemy.util.test.WatchDog.cancel(): canceling Fri Mar 01 03:42:11 UTC 2019
------------------ testing $PTII/ptolemy/domains/de/test/auto/ResettableTimer5.xml
auto.tcl: Setting watchdog for 200 seconds at Fri Mar 01 03:42:11 UTC 2019
1 ms. Memory: 550400K Free: 530070K (96%)
ptolemy.util.test.WatchDog.cancel(): canceling Fri Mar 01 03:42:11 UTC 2019
auto.tcl: Setting watchdog for 200 seconds at Fri Mar 01 03:42:11 UTC 2019
1 ms. Memory: 550400K Free: 530070K (96%)
ptolemy.util.test.WatchDog.cancel(): canceling Fri Mar 01 03:42:11 UTC 2019
------------------ testing $PTII/ptolemy/domains/de/test/auto/ResettableTimer6.xml
auto.tcl: Setting watchdog for 200 seconds at Fri Mar 01 03:42:11 UTC 2019
2 ms. Memory: 549376K Free: 528452K (96%)
ptolemy.util.test.WatchDog.cancel(): canceling Fri Mar 01 03:42:11 UTC 2019
auto.tcl: Setting watchdog for 200 seconds at Fri Mar 01 03:42:11 UTC 2019
1 ms. Memory: 549376K Free: 528452K (96%)
ptolemy.util.test.WatchDog.cancel(): canceling Fri Mar 01 03:42:11 UTC 2019
------------------ testing $PTII/ptolemy/domains/de/test/auto/ServerZeroDelay.xml
auto.tcl: Setting watchdog for 200 seconds at Fri Mar 01 03:42:11 UTC 2019
5 ms. Memory: 550400K Free: 534690K (97%)
ptolemy.util.test.WatchDog.cancel(): canceling Fri Mar 01 03:42:11 UTC 2019
auto.tcl: Setting watchdog for 200 seconds at Fri Mar 01 03:42:11 UTC 2019
3 ms. Memory: 550400K Free: 534690K (97%)
ptolemy.util.test.WatchDog.cancel(): canceling Fri Mar 01 03:42:11 UTC 2019
------------------ testing $PTII/ptolemy/domains/de/test/auto/SmartSender.xml
auto.tcl: Setting watchdog for 200 seconds at Fri Mar 01 03:42:11 UTC 2019
3001 ms. Memory: 549376K Free: 528981K (96%)
ptolemy.util.test.WatchDog.cancel(): canceling Fri Mar 01 03:42:14 UTC 2019
auto.tcl: Setting watchdog for 200 seconds at Fri Mar 01 03:42:14 UTC 2019
3002 ms. Memory: 549376K Free: 528981K (96%)
ptolemy.util.test.WatchDog.cancel(): canceling Fri Mar 01 03:42:17 UTC 2019
------------------ testing $PTII/ptolemy/domains/de/test/auto/ThreadedComposite.xml
auto.tcl: Setting watchdog for 200 seconds at Fri Mar 01 03:42:17 UTC 2019
246 ms. Memory: 550400K Free: 513501K (93%)
ptolemy.util.test.WatchDog.cancel(): canceling Fri Mar 01 03:42:18 UTC 2019
auto.tcl: Setting watchdog for 200 seconds at Fri Mar 01 03:42:18 UTC 2019
147 ms. Memory: 550400K Free: 497511K (90%)
ptolemy.util.test.WatchDog.cancel(): canceling Fri Mar 01 03:42:18 UTC 2019
------------------ testing $PTII/ptolemy/domains/de/test/auto/Time.xml
auto.tcl: Setting watchdog for 200 seconds at Fri Mar 01 03:42:18 UTC 2019
507 ms. Memory: 549376K Free: 476687K (87%)
ptolemy.util.test.WatchDog.cancel(): canceling Fri Mar 01 03:42:18 UTC 2019
auto.tcl: Setting watchdog for 200 seconds at Fri Mar 01 03:42:18 UTC 2019
495 ms. Memory: 549376K Free: 417155K (76%)
ptolemy.util.test.WatchDog.cancel(): canceling Fri Mar 01 03:42:19 UTC 2019
------------------ testing $PTII/ptolemy/domains/de/test/auto/TimeDelayZeroDelay.xml
auto.tcl: Setting watchdog for 200 seconds at Fri Mar 01 03:42:19 UTC 2019
2 ms. Memory: 550400K Free: 534064K (97%)
ptolemy.util.test.WatchDog.cancel(): canceling Fri Mar 01 03:42:19 UTC 2019
auto.tcl: Setting watchdog for 200 seconds at Fri Mar 01 03:42:19 UTC 2019
2 ms. Memory: 550400K Free: 534064K (97%)
ptolemy.util.test.WatchDog.cancel(): canceling Fri Mar 01 03:42:19 UTC 2019
------------------ testing $PTII/ptolemy/domains/de/test/auto/TimerZeroDelay.xml
auto.tcl: Setting watchdog for 200 seconds at Fri Mar 01 03:42:19 UTC 2019
3 ms. Memory: 549376K Free: 533627K (97%)
ptolemy.util.test.WatchDog.cancel(): canceling Fri Mar 01 03:42:19 UTC 2019
auto.tcl: Setting watchdog for 200 seconds at Fri Mar 01 03:42:19 UTC 2019
1 ms. Memory: 549376K Free: 533627K (97%)
ptolemy.util.test.WatchDog.cancel(): canceling Fri Mar 01 03:42:19 UTC 2019
------------------ testing $PTII/ptolemy/domains/de/test/auto/TimingParadox.xml
auto.tcl: Setting watchdog for 200 seconds at Fri Mar 01 03:42:19 UTC 2019
393 ms. Memory: 549888K Free: 463077K (84%)
ptolemy.util.test.WatchDog.cancel(): canceling Fri Mar 01 03:42:19 UTC 2019
auto.tcl: Setting watchdog for 200 seconds at Fri Mar 01 03:42:19 UTC 2019
362 ms. Memory: 549888K Free: 430003K (78%)
ptolemy.util.test.WatchDog.cancel(): canceling Fri Mar 01 03:42:20 UTC 2019
------------------ testing $PTII/ptolemy/domains/de/test/auto/TransferInputs.xml
auto.tcl: Setting watchdog for 200 seconds at Fri Mar 01 03:42:20 UTC 2019
2 ms. Memory: 549888K Free: 533101K (97%)
ptolemy.util.test.WatchDog.cancel(): canceling Fri Mar 01 03:42:20 UTC 2019
auto.tcl: Setting watchdog for 200 seconds at Fri Mar 01 03:42:20 UTC 2019
2 ms. Memory: 549888K Free: 533101K (97%)
ptolemy.util.test.WatchDog.cancel(): canceling Fri Mar 01 03:42:20 UTC 2019
------------------ testing $PTII/ptolemy/domains/de/test/auto/TransferOutputs2.xml
auto.tcl: Setting watchdog for 200 seconds at Fri Mar 01 03:42:20 UTC 2019
4 ms. Memory: 549376K Free: 522380K (95%)
ptolemy.util.test.WatchDog.cancel(): canceling Fri Mar 01 03:42:20 UTC 2019
auto.tcl: Setting watchdog for 200 seconds at Fri Mar 01 03:42:20 UTC 2019
3 ms. Memory: 549376K Free: 522380K (95%)
ptolemy.util.test.WatchDog.cancel(): canceling Fri Mar 01 03:42:20 UTC 2019
------------------ testing $PTII/ptolemy/domains/de/test/auto/Trilateration.xml
auto.tcl: Setting watchdog for 200 seconds at Fri Mar 01 03:42:20 UTC 2019
13548 ms. Memory: 453632K Free: 95934K (21%)
ptolemy.util.test.WatchDog.cancel(): canceling Fri Mar 01 03:42:34 UTC 2019
auto.tcl: Setting watchdog for 200 seconds at Fri Mar 01 03:42:34 UTC 2019
10862 ms. Memory: 331264K Free: 187496K (57%)
ptolemy.util.test.WatchDog.cancel(): canceling Fri Mar 01 03:42:45 UTC 2019
------------------ testing $PTII/ptolemy/domains/de/test/auto/TwoSigmaDelta.xml
auto.tcl: Setting watchdog for 200 seconds at Fri Mar 01 03:42:46 UTC 2019
2799 ms. Memory: 320000K Free: 266990K (83%)
ptolemy.util.test.WatchDog.cancel(): canceling Fri Mar 01 03:42:48 UTC 2019
auto.tcl: Setting watchdog for 200 seconds at Fri Mar 01 03:42:48 UTC 2019
2144 ms. Memory: 307712K Free: 257732K (84%)
ptolemy.util.test.WatchDog.cancel(): canceling Fri Mar 01 03:42:51 UTC 2019
------------------ testing $PTII/ptolemy/domains/de/test/auto/VariableDelay.xml
auto.tcl: Setting watchdog for 200 seconds at Fri Mar 01 03:42:51 UTC 2019
3 ms. Memory: 309760K Free: 293677K (95%)
ptolemy.util.test.WatchDog.cancel(): canceling Fri Mar 01 03:42:51 UTC 2019
auto.tcl: Setting watchdog for 200 seconds at Fri Mar 01 03:42:51 UTC 2019
2 ms. Memory: 309760K Free: 293677K (95%)
ptolemy.util.test.WatchDog.cancel(): canceling Fri Mar 01 03:42:51 UTC 2019
------------------ testing $PTII/ptolemy/domains/de/test/auto/VariableDelay2.xml
auto.tcl: Setting watchdog for 200 seconds at Fri Mar 01 03:42:51 UTC 2019
9 ms. Memory: 307712K Free: 294318K (96%)
ptolemy.util.test.WatchDog.cancel(): canceling Fri Mar 01 03:42:51 UTC 2019
auto.tcl: Setting watchdog for 200 seconds at Fri Mar 01 03:42:51 UTC 2019
2 ms. Memory: 307712K Free: 294318K (96%)
ptolemy.util.test.WatchDog.cancel(): canceling Fri Mar 01 03:42:51 UTC 2019
------------------ testing $PTII/ptolemy/domains/de/test/auto/VariableDelayZeroDelay.xml
auto.tcl: Setting watchdog for 200 seconds at Fri Mar 01 03:42:51 UTC 2019
2 ms. Memory: 309248K Free: 296903K (96%)
ptolemy.util.test.WatchDog.cancel(): canceling Fri Mar 01 03:42:51 UTC 2019
auto.tcl: Setting watchdog for 200 seconds at Fri Mar 01 03:42:51 UTC 2019
2 ms. Memory: 309248K Free: 293605K (95%)
ptolemy.util.test.WatchDog.cancel(): canceling Fri Mar 01 03:42:51 UTC 2019
------------------ testing $PTII/ptolemy/domains/de/test/auto/VariableDelayZeroDelay2.xml
auto.tcl: Setting watchdog for 200 seconds at Fri Mar 01 03:42:51 UTC 2019
5 ms. Memory: 307712K Free: 295365K (96%)
ptolemy.util.test.WatchDog.cancel(): canceling Fri Mar 01 03:42:51 UTC 2019
auto.tcl: Setting watchdog for 200 seconds at Fri Mar 01 03:42:51 UTC 2019
2 ms. Memory: 307712K Free: 292051K (95%)
ptolemy.util.test.WatchDog.cancel(): canceling Fri Mar 01 03:42:51 UTC 2019
------------------ testing $PTII/ptolemy/domains/de/test/auto/deInCt.xml
auto.tcl: Setting watchdog for 200 seconds at Fri Mar 01 03:42:51 UTC 2019
0
1
1
1
1
1
0
0
0
1
1
1
1
0
0
0
1
1
1
0
0
0
1
1
0
0
0
1
1
1
0
0
0
1
1
1
1
1
1
19 ms. Memory: 309248K Free: 293581K (95%)
ptolemy.util.test.WatchDog.cancel(): canceling Fri Mar 01 03:42:51 UTC 2019
auto.tcl: Setting watchdog for 200 seconds at Fri Mar 01 03:42:51 UTC 2019
0
1
1
1
0
0
0
0
0
1
1
1
0
0
0
1
1
0
0
0
0
0
1
1
1
1
1
1
1
10 ms. Memory: 309248K Free: 293581K (95%)
ptolemy.util.test.WatchDog.cancel(): canceling Fri Mar 01 03:42:51 UTC 2019
------------------ testing $PTII/ptolemy/domains/de/test/auto/deInCt2.xml
auto.tcl: Setting watchdog for 200 seconds at Fri Mar 01 03:42:51 UTC 2019
0
1
1
1
0
0
1
1
1
0
0
1
1
1
0
0
1
1
1
0
0
1
1
1
0
0
1
1
1
0
0
1
1
1
0
0
1
1
1
0
0
0
7 ms. Memory: 307712K Free: 292028K (95%)
ptolemy.util.test.WatchDog.cancel(): canceling Fri Mar 01 03:42:51 UTC 2019
auto.tcl: Setting watchdog for 200 seconds at Fri Mar 01 03:42:51 UTC 2019
0
1
1
1
0
0
1
1
1
0
0
1
1
1
0
0
1
1
1
0
0
1
1
1
0
0
1
1
1
0
0
1
1
1
0
0
1
1
1
0
0
0
10 ms. Memory: 307712K Free: 292028K (95%)
ptolemy.util.test.WatchDog.cancel(): canceling Fri Mar 01 03:42:51 UTC 2019
------------------ testing $PTII/ptolemy/domains/de/test/auto/dynamicCausalityInterface1.xml
auto.tcl: Setting watchdog for 200 seconds at Fri Mar 01 03:42:51 UTC 2019
4 ms. Memory: 308736K Free: 292033K (95%)
ptolemy.util.test.WatchDog.cancel(): canceling Fri Mar 01 03:42:51 UTC 2019
auto.tcl: Setting watchdog for 200 seconds at Fri Mar 01 03:42:51 UTC 2019
1 ms. Memory: 308736K Free: 292033K (95%)
ptolemy.util.test.WatchDog.cancel(): canceling Fri Mar 01 03:42:51 UTC 2019
------------------ testing $PTII/ptolemy/domains/de/test/auto/fsm_de_test.xml
auto.tcl: Setting watchdog for 200 seconds at Fri Mar 01 03:42:51 UTC 2019
7 ms. Memory: 307712K Free: 288625K (94%)
ptolemy.util.test.WatchDog.cancel(): canceling Fri Mar 01 03:42:51 UTC 2019
auto.tcl: Setting watchdog for 200 seconds at Fri Mar 01 03:42:51 UTC 2019
5 ms. Memory: 307712K Free: 288625K (94%)
ptolemy.util.test.WatchDog.cancel(): canceling Fri Mar 01 03:42:51 UTC 2019
------------------ testing $PTII/ptolemy/domains/de/test/auto/functionDependencyReconstruction.xml
auto.tcl: Setting watchdog for 200 seconds at Fri Mar 01 03:42:51 UTC 2019
2 ms. Memory: 308736K Free: 283037K (92%)
ptolemy.util.test.WatchDog.cancel(): canceling Fri Mar 01 03:42:51 UTC 2019
auto.tcl: Setting watchdog for 200 seconds at Fri Mar 01 03:42:51 UTC 2019
3 ms. Memory: 308736K Free: 283037K (92%)
ptolemy.util.test.WatchDog.cancel(): canceling Fri Mar 01 03:42:51 UTC 2019
------------------ testing $PTII/ptolemy/domains/de/test/auto/multirate.xml
auto.tcl: Setting watchdog for 200 seconds at Fri Mar 01 03:42:51 UTC 2019
4 ms. Memory: 307712K Free: 291805K (95%)
ptolemy.util.test.WatchDog.cancel(): canceling Fri Mar 01 03:42:51 UTC 2019
auto.tcl: Setting watchdog for 200 seconds at Fri Mar 01 03:42:51 UTC 2019
3 ms. Memory: 307712K Free: 288492K (94%)
ptolemy.util.test.WatchDog.cancel(): canceling Fri Mar 01 03:42:51 UTC 2019
------------------ testing $PTII/ptolemy/domains/de/test/auto/multirate2.xml
auto.tcl: Setting watchdog for 200 seconds at Fri Mar 01 03:42:51 UTC 2019
4 ms. Memory: 308736K Free: 292997K (95%)
ptolemy.util.test.WatchDog.cancel(): canceling Fri Mar 01 03:42:51 UTC 2019
auto.tcl: Setting watchdog for 200 seconds at Fri Mar 01 03:42:51 UTC 2019
3 ms. Memory: 308736K Free: 289700K (94%)
ptolemy.util.test.WatchDog.cancel(): canceling Fri Mar 01 03:42:51 UTC 2019
------------------ testing $PTII/ptolemy/domains/de/test/auto/realtime.xml
auto.tcl: Setting watchdog for 200 seconds at Fri Mar 01 03:42:51 UTC 2019
10003 ms. Memory: 307712K Free: 291971K (95%)
ptolemy.util.test.WatchDog.cancel(): canceling Fri Mar 01 03:43:01 UTC 2019
auto.tcl: Setting watchdog for 200 seconds at Fri Mar 01 03:43:01 UTC 2019
10002 ms. Memory: 307712K Free: 291971K (95%)
ptolemy.util.test.WatchDog.cancel(): canceling Fri Mar 01 03:43:11 UTC 2019
------------------ testing $PTII/ptolemy/domains/de/test/auto/relationGroup.xml
auto.tcl: Setting watchdog for 200 seconds at Fri Mar 01 03:43:11 UTC 2019
9 ms. Memory: 308224K Free: 298105K (97%)
ptolemy.util.test.WatchDog.cancel(): canceling Fri Mar 01 03:43:11 UTC 2019
auto.tcl: Setting watchdog for 200 seconds at Fri Mar 01 03:43:11 UTC 2019
2 ms. Memory: 308224K Free: 298105K (97%)
ptolemy.util.test.WatchDog.cancel(): canceling Fri Mar 01 03:43:11 UTC 2019
------------------ testing $PTII/ptolemy/domains/de/test/auto/relationGroup2.xml
auto.tcl: Setting watchdog for 200 seconds at Fri Mar 01 03:43:12 UTC 2019
2 ms. Memory: 307712K Free: 295356K (96%)
ptolemy.util.test.WatchDog.cancel(): canceling Fri Mar 01 03:43:12 UTC 2019
auto.tcl: Setting watchdog for 200 seconds at Fri Mar 01 03:43:12 UTC 2019
1 ms. Memory: 307712K Free: 295356K (96%)
ptolemy.util.test.WatchDog.cancel(): canceling Fri Mar 01 03:43:12 UTC 2019
------------------ testing $PTII/ptolemy/domains/de/test/auto/sortWithOpaquePorts.xml
auto.tcl: Setting watchdog for 200 seconds at Fri Mar 01 03:43:12 UTC 2019
2 ms. Memory: 308224K Free: 292571K (95%)
ptolemy.util.test.WatchDog.cancel(): canceling Fri Mar 01 03:43:12 UTC 2019
auto.tcl: Setting watchdog for 200 seconds at Fri Mar 01 03:43:12 UTC 2019
1 ms. Memory: 308224K Free: 292571K (95%)
ptolemy.util.test.WatchDog.cancel(): canceling Fri Mar 01 03:43:12 UTC 2019
------------------ testing $PTII/ptolemy/domains/de/test/auto/transferInputsandOutputs.xml
auto.tcl: Setting watchdog for 200 seconds at Fri Mar 01 03:43:12 UTC 2019
2 ms. Memory: 307712K Free: 292046K (95%)
ptolemy.util.test.WatchDog.cancel(): canceling Fri Mar 01 03:43:12 UTC 2019
auto.tcl: Setting watchdog for 200 seconds at Fri Mar 01 03:43:12 UTC 2019
1 ms. Memory: 307712K Free: 288741K (94%)
ptolemy.util.test.WatchDog.cancel(): canceling Fri Mar 01 03:43:12 UTC 2019
------------------ testing $PTII/ptolemy/domains/de/test/auto/triggerType.xml
auto.tcl: Setting watchdog for 200 seconds at Fri Mar 01 03:43:12 UTC 2019
1 ms. Memory: 308224K Free: 295806K (96%)
ptolemy.util.test.WatchDog.cancel(): canceling Fri Mar 01 03:43:12 UTC 2019
auto.tcl: Setting watchdog for 200 seconds at Fri Mar 01 03:43:12 UTC 2019
2 ms. Memory: 308224K Free: 292493K (95%)
ptolemy.util.test.WatchDog.cancel(): canceling Fri Mar 01 03:43:12 UTC 2019
03/01/19 03:43:12
Failed: 0  Total Tests: 192  ((Passed: 187, Newly Passed: 1)  Known Failed: 5) /home/travis/build/icyphy/ptII/ptolemy/domains/de/test
03/01/19 03:43:12
Failed: 0  Total Tests: 192  ((Passed: 187, Newly Passed: 1)  Known Failed: 5) /home/travis/build/icyphy/ptII/ptolemy/domains/de/test
----------------- testing (KnownFailure) /home/travis/build/icyphy/ptII/ptolemy/domains/de/test/auto/knownFailedTests/DESDFClockTest.xml
2014 ms. Memory: 307712K Free: 286259K (93%)
Known Failure: java.lang.reflect.InvocationTargetException
----------------- testing (KnownFailure) /home/travis/build/icyphy/ptII/ptolemy/domains/de/test/auto/knownFailedTests/DirectFeedback.xml
2 ms. Memory: 307712K Free: 268155K (87%)
Known Failure: java.lang.reflect.InvocationTargetException
----------------- testing (KnownFailure) /home/travis/build/icyphy/ptII/ptolemy/domains/de/test/auto/knownFailedTests/FSMSource.xml
5 ms. Memory: 307712K Free: 245524K (80%)
----------------- testing (KnownFailure) /home/travis/build/icyphy/ptII/ptolemy/domains/de/test/auto/knownFailedTests/HierarchicalModel.xml
2 ms. Memory: 307712K Free: 222861K (72%)
Known Failure: java.lang.reflect.InvocationTargetException
----------------- testing (KnownFailure) /home/travis/build/icyphy/ptII/ptolemy/domains/de/test/auto/knownFailedTests/dependencyLoop.xml
2 ms. Memory: 307712K Free: 191162K (62%)
Known Failure: java.lang.reflect.InvocationTargetException
----------------- testing (KnownFailure) /home/travis/build/icyphy/ptII/ptolemy/domains/de/test/auto/knownFailedTests/dependencyLoop2.xml
1 ms. Memory: 307712K Free: 159471K (52%)
Known Failure: java.lang.reflect.InvocationTargetException
No auto/linux-amd64/*.xml tests in /home/travis/build/icyphy/ptII/ptolemy/domains/de/test
AutoTests.java: About to close Vertx.
AutoTests.java: Vertx closed.

===========================================================================================
----------------- testing Fri Mar 01 03:43:14 UTC 2019 /home/travis/build/icyphy/ptII/ptolemy/domains/de/test/auto/ActorDepthCalculation_actorWithoutPorts.xml
----------------- Instantiating /home/travis/build/icyphy/ptII/ptolemy/domains/de/test/auto/ActorDepthCalculation_actorWithoutPorts.xml
1 ms. Memory: 307712K Free: 136840K (44%)
----------------- Invoking toplevel() on ptolemy.moml.MoMLSimpleApplication@1ea5c58c
----------------- Done invoking toplevel() on ptolemy.moml.MoMLSimpleApplication@1ea5c58c
reloadAllAccessors: .ActorDepthCalculation_actorWithoutPorts

===========================================================================================
----------------- testing Fri Mar 01 03:43:14 UTC 2019 /home/travis/build/icyphy/ptII/ptolemy/domains/de/test/auto/AssemblyLine.xml
----------------- Instantiating /home/travis/build/icyphy/ptII/ptolemy/domains/de/test/auto/AssemblyLine.xml
2 ms. Memory: 307712K Free: 123254K (40%)
----------------- Invoking toplevel() on ptolemy.moml.MoMLSimpleApplication@4001b0df
----------------- Done invoking toplevel() on ptolemy.moml.MoMLSimpleApplication@4001b0df
reloadAllAccessors: .AssemblyLine

===========================================================================================
----------------- testing Fri Mar 01 03:43:14 UTC 2019 /home/travis/build/icyphy/ptII/ptolemy/domains/de/test/auto/CQBug1.xml
----------------- Instantiating /home/travis/build/icyphy/ptII/ptolemy/domains/de/test/auto/CQBug1.xml
1 ms. Memory: 307712K Free: 114202K (37%)
----------------- Invoking toplevel() on ptolemy.moml.MoMLSimpleApplication@62b55fa6
----------------- Done invoking toplevel() on ptolemy.moml.MoMLSimpleApplication@62b55fa6
reloadAllAccessors: .CQBug1

===========================================================================================
----------------- testing Fri Mar 01 03:43:14 UTC 2019 /home/travis/build/icyphy/ptII/ptolemy/domains/de/test/auto/CancelFireAt.xml
----------------- Instantiating /home/travis/build/icyphy/ptII/ptolemy/domains/de/test/auto/CancelFireAt.xml
1 ms. Memory: 307712K Free: 105149K (34%)
----------------- Invoking toplevel() on ptolemy.moml.MoMLSimpleApplication@1db57dfc
----------------- Done invoking toplevel() on ptolemy.moml.MoMLSimpleApplication@1db57dfc
reloadAllAccessors: .CancelFireAt

===========================================================================================
----------------- testing Fri Mar 01 03:43:14 UTC 2019 /home/travis/build/icyphy/ptII/ptolemy/domains/de/test/auto/CausalityAndComposabilityAnalysis.xml
----------------- Instantiating /home/travis/build/icyphy/ptII/ptolemy/domains/de/test/auto/CausalityAndComposabilityAnalysis.xml
1 ms. Memory: 307712K Free: 96097K (31%)
----------------- Invoking toplevel() on ptolemy.moml.MoMLSimpleApplication@507f00e1
----------------- Done invoking toplevel() on ptolemy.moml.MoMLSimpleApplication@507f00e1
reloadAllAccessors: .CausalityAndComposabilityAnalysis

===========================================================================================
----------------- testing Fri Mar 01 03:43:14 UTC 2019 /home/travis/build/icyphy/ptII/ptolemy/domains/de/test/auto/CausalityInterface1.xml
----------------- Instantiating /home/travis/build/icyphy/ptII/ptolemy/domains/de/test/auto/CausalityInterface1.xml
3 ms. Memory: 307712K Free: 83748K (27%)
----------------- Invoking toplevel() on ptolemy.moml.MoMLSimpleApplication@749f1ee6
----------------- Done invoking toplevel() on ptolemy.moml.MoMLSimpleApplication@749f1ee6
reloadAllAccessors: .CausalityInterface1

===========================================================================================
----------------- testing Fri Mar 01 03:43:14 UTC 2019 /home/travis/build/icyphy/ptII/ptolemy/domains/de/test/auto/CausalityInterface15.xml
----------------- Instantiating /home/travis/build/icyphy/ptII/ptolemy/domains/de/test/auto/CausalityInterface15.xml
12 ms. Memory: 298496K Free: 289250K (97%)
----------------- Invoking toplevel() on ptolemy.moml.MoMLSimpleApplication@3947668f
----------------- Done invoking toplevel() on ptolemy.moml.MoMLSimpleApplication@3947668f
reloadAllAccessors: .CausalityInterface15

===========================================================================================
----------------- testing Fri Mar 01 03:43:14 UTC 2019 /home/travis/build/icyphy/ptII/ptolemy/domains/de/test/auto/CausalityInterface2.xml
----------------- Instantiating /home/travis/build/icyphy/ptII/ptolemy/domains/de/test/auto/CausalityInterface2.xml
2 ms. Memory: 298496K Free: 278454K (93%)
----------------- Invoking toplevel() on ptolemy.moml.MoMLSimpleApplication@4c417ad6
----------------- Done invoking toplevel() on ptolemy.moml.MoMLSimpleApplication@4c417ad6
reloadAllAccessors: .CausalityInterface2

===========================================================================================
----------------- testing Fri Mar 01 03:43:14 UTC 2019 /home/travis/build/icyphy/ptII/ptolemy/domains/de/test/auto/CausalityInterface3.xml
----------------- Instantiating /home/travis/build/icyphy/ptII/ptolemy/domains/de/test/auto/CausalityInterface3.xml
2 ms. Memory: 298496K Free: 271957K (91%)
----------------- Invoking toplevel() on ptolemy.moml.MoMLSimpleApplication@41772a8
----------------- Done invoking toplevel() on ptolemy.moml.MoMLSimpleApplication@41772a8
reloadAllAccessors: .CausalityInterface3

===========================================================================================
----------------- testing Fri Mar 01 03:43:14 UTC 2019 /home/travis/build/icyphy/ptII/ptolemy/domains/de/test/auto/ClockDrift.xml
----------------- Instantiating /home/travis/build/icyphy/ptII/ptolemy/domains/de/test/auto/ClockDrift.xml
17 ms. Memory: 298496K Free: 256764K (86%)
----------------- Invoking toplevel() on ptolemy.moml.MoMLSimpleApplication@38d8a8e2
----------------- Done invoking toplevel() on ptolemy.moml.MoMLSimpleApplication@38d8a8e2
reloadAllAccessors: .ClockDrift

===========================================================================================
----------------- testing Fri Mar 01 03:43:14 UTC 2019 /home/travis/build/icyphy/ptII/ptolemy/domains/de/test/auto/ClockDriftAndValueChange.xml
----------------- Instantiating /home/travis/build/icyphy/ptII/ptolemy/domains/de/test/auto/ClockDriftAndValueChange.xml
8 ms. Memory: 298496K Free: 241571K (81%)
----------------- Invoking toplevel() on ptolemy.moml.MoMLSimpleApplication@4f491f07
----------------- Done invoking toplevel() on ptolemy.moml.MoMLSimpleApplication@4f491f07
reloadAllAccessors: .ClockDriftAndValueChange

===========================================================================================
----------------- testing Fri Mar 01 03:43:14 UTC 2019 /home/travis/build/icyphy/ptII/ptolemy/domains/de/test/auto/ClockDriftChange.xml
----------------- Instantiating /home/travis/build/icyphy/ptII/ptolemy/domains/de/test/auto/ClockDriftChange.xml
7 ms. Memory: 298496K Free: 226471K (76%)
----------------- Invoking toplevel() on ptolemy.moml.MoMLSimpleApplication@ebdc241
----------------- Done invoking toplevel() on ptolemy.moml.MoMLSimpleApplication@ebdc241
reloadAllAccessors: .ClockDriftChange

===========================================================================================
----------------- testing Fri Mar 01 03:43:14 UTC 2019 /home/travis/build/icyphy/ptII/ptolemy/domains/de/test/auto/ComposableCausalityAnalysis.xml
----------------- Instantiating /home/travis/build/icyphy/ptII/ptolemy/domains/de/test/auto/ComposableCausalityAnalysis.xml
1 ms. Memory: 298496K Free: 217776K (73%)
----------------- Invoking toplevel() on ptolemy.moml.MoMLSimpleApplication@1495c729
----------------- Done invoking toplevel() on ptolemy.moml.MoMLSimpleApplication@1495c729
reloadAllAccessors: .ComposableCausalityAnalysis

===========================================================================================
----------------- testing Fri Mar 01 03:43:14 UTC 2019 /home/travis/build/icyphy/ptII/ptolemy/domains/de/test/auto/DEFixedPointLimitation.xml
----------------- Instantiating /home/travis/build/icyphy/ptII/ptolemy/domains/de/test/auto/DEFixedPointLimitation.xml
1 ms. Memory: 298496K Free: 211271K (71%)
----------------- Invoking toplevel() on ptolemy.moml.MoMLSimpleApplication@43c9d213
----------------- Done invoking toplevel() on ptolemy.moml.MoMLSimpleApplication@43c9d213
reloadAllAccessors: .DEFixedPointLimitation

===========================================================================================
----------------- testing Fri Mar 01 03:43:14 UTC 2019 /home/travis/build/icyphy/ptII/ptolemy/domains/de/test/auto/DEScheduleTest.xml
----------------- Instantiating /home/travis/build/icyphy/ptII/ptolemy/domains/de/test/auto/DEScheduleTest.xml
2 ms. Memory: 298496K Free: 204758K (69%)
----------------- Invoking toplevel() on ptolemy.moml.MoMLSimpleApplication@5e4aa14c
----------------- Done invoking toplevel() on ptolemy.moml.MoMLSimpleApplication@5e4aa14c
reloadAllAccessors: .DEScheduleTest

===========================================================================================
----------------- testing Fri Mar 01 03:43:14 UTC 2019 /home/travis/build/icyphy/ptII/ptolemy/domains/de/test/auto/DEinDEwithStartTimes.xml
----------------- Instantiating /home/travis/build/icyphy/ptII/ptolemy/domains/de/test/auto/DEinDEwithStartTimes.xml
1 ms. Memory: 298496K Free: 196070K (66%)
----------------- Invoking toplevel() on ptolemy.moml.MoMLSimpleApplication@6d6b9aa3
----------------- Done invoking toplevel() on ptolemy.moml.MoMLSimpleApplication@6d6b9aa3
reloadAllAccessors: .DEinDEwithStartTimes

===========================================================================================
----------------- testing Fri Mar 01 03:43:14 UTC 2019 /home/travis/build/icyphy/ptII/ptolemy/domains/de/test/auto/DEinDEwithStartTimes2.xml
----------------- Instantiating /home/travis/build/icyphy/ptII/ptolemy/domains/de/test/auto/DEinDEwithStartTimes2.xml
3 ms. Memory: 298496K Free: 185302K (62%)
----------------- Invoking toplevel() on ptolemy.moml.MoMLSimpleApplication@5678afbf
----------------- Done invoking toplevel() on ptolemy.moml.MoMLSimpleApplication@5678afbf
reloadAllAccessors: .DEinDEwithStartTimes2

===========================================================================================
----------------- testing Fri Mar 01 03:43:14 UTC 2019 /home/travis/build/icyphy/ptII/ptolemy/domains/de/test/auto/DateDemo.xml
----------------- Instantiating /home/travis/build/icyphy/ptII/ptolemy/domains/de/test/auto/DateDemo.xml
5 ms. Memory: 298496K Free: 172259K (58%)
----------------- Invoking toplevel() on ptolemy.moml.MoMLSimpleApplication@483bd89a
----------------- Done invoking toplevel() on ptolemy.moml.MoMLSimpleApplication@483bd89a
reloadAllAccessors: .DateDemo

===========================================================================================
----------------- testing Fri Mar 01 03:43:14 UTC 2019 /home/travis/build/icyphy/ptII/ptolemy/domains/de/test/auto/DateToEvent.xml
----------------- Instantiating /home/travis/build/icyphy/ptII/ptolemy/domains/de/test/auto/DateToEvent.xml
2003 ms. Memory: 298496K Free: 152695K (51%)
----------------- Invoking toplevel() on ptolemy.moml.MoMLSimpleApplication@24a7064d
----------------- Done invoking toplevel() on ptolemy.moml.MoMLSimpleApplication@24a7064d
reloadAllAccessors: .DateToEvent

===========================================================================================
----------------- testing Fri Mar 01 03:43:16 UTC 2019 /home/travis/build/icyphy/ptII/ptolemy/domains/de/test/auto/DepthTest1.xml
----------------- Instantiating /home/travis/build/icyphy/ptII/ptolemy/domains/de/test/auto/DepthTest1.xml
1 ms. Memory: 298496K Free: 148363K (50%)
----------------- Invoking toplevel() on ptolemy.moml.MoMLSimpleApplication@4e56a0fe
----------------- Done invoking toplevel() on ptolemy.moml.MoMLSimpleApplication@4e56a0fe
reloadAllAccessors: .DepthTest1

===========================================================================================
----------------- testing Fri Mar 01 03:43:16 UTC 2019 /home/travis/build/icyphy/ptII/ptolemy/domains/de/test/auto/DepthTest2.xml
----------------- Instantiating /home/travis/build/icyphy/ptII/ptolemy/domains/de/test/auto/DepthTest2.xml
9 ms. Memory: 298496K Free: 137627K (46%)
----------------- Invoking toplevel() on ptolemy.moml.MoMLSimpleApplication@32b6ffbb
----------------- Done invoking toplevel() on ptolemy.moml.MoMLSimpleApplication@32b6ffbb
reloadAllAccessors: .DepthTest2

===========================================================================================
----------------- testing Fri Mar 01 03:43:16 UTC 2019 /home/travis/build/icyphy/ptII/ptolemy/domains/de/test/auto/DepthTest3.xml
----------------- Instantiating /home/travis/build/icyphy/ptII/ptolemy/domains/de/test/auto/DepthTest3.xml
1 ms. Memory: 298496K Free: 131129K (44%)
----------------- Invoking toplevel() on ptolemy.moml.MoMLSimpleApplication@240dfd72
----------------- Done invoking toplevel() on ptolemy.moml.MoMLSimpleApplication@240dfd72
reloadAllAccessors: .DepthTest3

===========================================================================================
----------------- testing Fri Mar 01 03:43:16 UTC 2019 /home/travis/build/icyphy/ptII/ptolemy/domains/de/test/auto/DepthTest4.xml
----------------- Instantiating /home/travis/build/icyphy/ptII/ptolemy/domains/de/test/auto/DepthTest4.xml
1 ms. Memory: 298496K Free: 124616K (42%)
----------------- Invoking toplevel() on ptolemy.moml.MoMLSimpleApplication@4934812a
----------------- Done invoking toplevel() on ptolemy.moml.MoMLSimpleApplication@4934812a
reloadAllAccessors: .DepthTest4

===========================================================================================
----------------- testing Fri Mar 01 03:43:16 UTC 2019 /home/travis/build/icyphy/ptII/ptolemy/domains/de/test/auto/DepthTest5.xml
----------------- Instantiating /home/travis/build/icyphy/ptII/ptolemy/domains/de/test/auto/DepthTest5.xml
2 ms. Memory: 298496K Free: 115935K (39%)
----------------- Invoking toplevel() on ptolemy.moml.MoMLSimpleApplication@58e89199
----------------- Done invoking toplevel() on ptolemy.moml.MoMLSimpleApplication@58e89199
reloadAllAccessors: .DepthTest5

===========================================================================================
----------------- testing Fri Mar 01 03:43:16 UTC 2019 /home/travis/build/icyphy/ptII/ptolemy/domains/de/test/auto/DepthTest6.xml
----------------- Instantiating /home/travis/build/icyphy/ptII/ptolemy/domains/de/test/auto/DepthTest6.xml
2 ms. Memory: 298496K Free: 107256K (36%)
----------------- Invoking toplevel() on ptolemy.moml.MoMLSimpleApplication@2ac7c440
----------------- Done invoking toplevel() on ptolemy.moml.MoMLSimpleApplication@2ac7c440
reloadAllAccessors: .DepthTest6

===========================================================================================
----------------- testing Fri Mar 01 03:43:16 UTC 2019 /home/travis/build/icyphy/ptII/ptolemy/domains/de/test/auto/DepthTest7.xml
----------------- Instantiating /home/travis/build/icyphy/ptII/ptolemy/domains/de/test/auto/DepthTest7.xml
2 ms. Memory: 298496K Free: 98669K (33%)
----------------- Invoking toplevel() on ptolemy.moml.MoMLSimpleApplication@5f5cd70e
----------------- Done invoking toplevel() on ptolemy.moml.MoMLSimpleApplication@5f5cd70e
reloadAllAccessors: .DepthTest7

===========================================================================================
----------------- testing Fri Mar 01 03:43:16 UTC 2019 /home/travis/build/icyphy/ptII/ptolemy/domains/de/test/auto/EventToDate.xml
----------------- Instantiating /home/travis/build/icyphy/ptII/ptolemy/domains/de/test/auto/EventToDate.xml
3003 ms. Memory: 298496K Free: 81295K (27%)
----------------- Invoking toplevel() on ptolemy.moml.MoMLSimpleApplication@263d6580
----------------- Done invoking toplevel() on ptolemy.moml.MoMLSimpleApplication@263d6580
reloadAllAccessors: .EventToDate

===========================================================================================
----------------- testing Fri Mar 01 03:43:19 UTC 2019 /home/travis/build/icyphy/ptII/ptolemy/domains/de/test/auto/FSM1.xml
----------------- Instantiating /home/travis/build/icyphy/ptII/ptolemy/domains/de/test/auto/FSM1.xml
8 ms. Memory: 289280K Free: 274266K (95%)
----------------- Invoking toplevel() on ptolemy.moml.MoMLSimpleApplication@5212d004
----------------- Done invoking toplevel() on ptolemy.moml.MoMLSimpleApplication@5212d004
reloadAllAccessors: .FSM1

===========================================================================================
----------------- testing Fri Mar 01 03:43:19 UTC 2019 /home/travis/build/icyphy/ptII/ptolemy/domains/de/test/auto/FSM7.xml
----------------- Instantiating /home/travis/build/icyphy/ptII/ptolemy/domains/de/test/auto/FSM7.xml
8 ms. Memory: 289280K Free: 258352K (89%)
----------------- Invoking toplevel() on ptolemy.moml.MoMLSimpleApplication@1aafb804
----------------- Done invoking toplevel() on ptolemy.moml.MoMLSimpleApplication@1aafb804
reloadAllAccessors: .FSM7

===========================================================================================
----------------- testing Fri Mar 01 03:43:19 UTC 2019 /home/travis/build/icyphy/ptII/ptolemy/domains/de/test/auto/Inspection.xml
----------------- Instantiating /home/travis/build/icyphy/ptII/ptolemy/domains/de/test/auto/Inspection.xml
12 ms. Memory: 289280K Free: 243804K (84%)
----------------- Invoking toplevel() on ptolemy.moml.MoMLSimpleApplication@1dd651e3
----------------- Done invoking toplevel() on ptolemy.moml.MoMLSimpleApplication@1dd651e3
reloadAllAccessors: .Inspection

===========================================================================================
----------------- testing Fri Mar 01 03:43:19 UTC 2019 /home/travis/build/icyphy/ptII/ptolemy/domains/de/test/auto/Iteration.xml
----------------- Instantiating /home/travis/build/icyphy/ptII/ptolemy/domains/de/test/auto/Iteration.xml
4 ms. Memory: 289280K Free: 234143K (81%)
----------------- Invoking toplevel() on ptolemy.moml.MoMLSimpleApplication@5eb8e29
----------------- Done invoking toplevel() on ptolemy.moml.MoMLSimpleApplication@5eb8e29
reloadAllAccessors: .Iteration

===========================================================================================
----------------- testing Fri Mar 01 03:43:20 UTC 2019 /home/travis/build/icyphy/ptII/ptolemy/domains/de/test/auto/LineFault.xml
----------------- Instantiating /home/travis/build/icyphy/ptII/ptolemy/domains/de/test/auto/LineFault.xml
412 ms. Memory: 289280K Free: 117787K (41%)
----------------- Invoking toplevel() on ptolemy.moml.MoMLSimpleApplication@74a7c89
----------------- Done invoking toplevel() on ptolemy.moml.MoMLSimpleApplication@74a7c89
reloadAllAccessors: .LineFault

===========================================================================================
----------------- testing Fri Mar 01 03:43:20 UTC 2019 /home/travis/build/icyphy/ptII/ptolemy/domains/de/test/auto/MergeModel1Add.xml
----------------- Instantiating /home/travis/build/icyphy/ptII/ptolemy/domains/de/test/auto/MergeModel1Add.xml
6 ms. Memory: 289280K Free: 97010K (34%)
----------------- Invoking toplevel() on ptolemy.moml.MoMLSimpleApplication@21a70ccd
----------------- Done invoking toplevel() on ptolemy.moml.MoMLSimpleApplication@21a70ccd
reloadAllAccessors: .MergeModel1Add

===========================================================================================
----------------- testing Fri Mar 01 03:43:20 UTC 2019 /home/travis/build/icyphy/ptII/ptolemy/domains/de/test/auto/MergeModel2Add.xml
----------------- Instantiating /home/travis/build/icyphy/ptII/ptolemy/domains/de/test/auto/MergeModel2Add.xml
20 ms. Memory: 280576K Free: 272879K (97%)
----------------- Invoking toplevel() on ptolemy.moml.MoMLSimpleApplication@7022207f
----------------- Done invoking toplevel() on ptolemy.moml.MoMLSimpleApplication@7022207f
reloadAllAccessors: .MergeModel2Add

===========================================================================================
----------------- testing Fri Mar 01 03:43:20 UTC 2019 /home/travis/build/icyphy/ptII/ptolemy/domains/de/test/auto/MergeModel3Add.xml
----------------- Instantiating /home/travis/build/icyphy/ptII/ptolemy/domains/de/test/auto/MergeModel3Add.xml
4 ms. Memory: 280576K Free: 250859K (89%)
----------------- Invoking toplevel() on ptolemy.moml.MoMLSimpleApplication@5a3dbaf3
----------------- Done invoking toplevel() on ptolemy.moml.MoMLSimpleApplication@5a3dbaf3
reloadAllAccessors: .MergeModel3Add

===========================================================================================
----------------- testing Fri Mar 01 03:43:20 UTC 2019 /home/travis/build/icyphy/ptII/ptolemy/domains/de/test/auto/MergeWithoutDiscard.xml
----------------- Instantiating /home/travis/build/icyphy/ptII/ptolemy/domains/de/test/auto/MergeWithoutDiscard.xml
1 ms. Memory: 280576K Free: 244685K (87%)
----------------- Invoking toplevel() on ptolemy.moml.MoMLSimpleApplication@5c1d378f
----------------- Done invoking toplevel() on ptolemy.moml.MoMLSimpleApplication@5c1d378f
reloadAllAccessors: .MergeWithoutDiscard

===========================================================================================
----------------- testing Fri Mar 01 03:43:20 UTC 2019 /home/travis/build/icyphy/ptII/ptolemy/domains/de/test/auto/Modal1.xml
----------------- Instantiating /home/travis/build/icyphy/ptII/ptolemy/domains/de/test/auto/Modal1.xml
7 ms. Memory: 280576K Free: 230036K (82%)
----------------- Invoking toplevel() on ptolemy.moml.MoMLSimpleApplication@4fb776ff
----------------- Done invoking toplevel() on ptolemy.moml.MoMLSimpleApplication@4fb776ff
reloadAllAccessors: .Modal1

===========================================================================================
----------------- testing Fri Mar 01 03:43:20 UTC 2019 /home/travis/build/icyphy/ptII/ptolemy/domains/de/test/auto/Modal2.xml
----------------- Instantiating /home/travis/build/icyphy/ptII/ptolemy/domains/de/test/auto/Modal2.xml
5 ms. Memory: 280576K Free: 214495K (76%)
----------------- Invoking toplevel() on ptolemy.moml.MoMLSimpleApplication@1c283e32
----------------- Done invoking toplevel() on ptolemy.moml.MoMLSimpleApplication@1c283e32
reloadAllAccessors: .Modal2

===========================================================================================
----------------- testing Fri Mar 01 03:43:20 UTC 2019 /home/travis/build/icyphy/ptII/ptolemy/domains/de/test/auto/Modal3.xml
----------------- Instantiating /home/travis/build/icyphy/ptII/ptolemy/domains/de/test/auto/Modal3.xml
6 ms. Memory: 280576K Free: 199862K (71%)
----------------- Invoking toplevel() on ptolemy.moml.MoMLSimpleApplication@134957f5
----------------- Done invoking toplevel() on ptolemy.moml.MoMLSimpleApplication@134957f5
reloadAllAccessors: .Modal3

===========================================================================================
----------------- testing Fri Mar 01 03:43:20 UTC 2019 /home/travis/build/icyphy/ptII/ptolemy/domains/de/test/auto/Modal4.xml
----------------- Instantiating /home/travis/build/icyphy/ptII/ptolemy/domains/de/test/auto/Modal4.xml
7 ms. Memory: 280576K Free: 184353K (66%)
----------------- Invoking toplevel() on ptolemy.moml.MoMLSimpleApplication@27656c42
----------------- Done invoking toplevel() on ptolemy.moml.MoMLSimpleApplication@27656c42
reloadAllAccessors: .Modal4

===========================================================================================
----------------- testing Fri Mar 01 03:43:20 UTC 2019 /home/travis/build/icyphy/ptII/ptolemy/domains/de/test/auto/Modal5.xml
----------------- Instantiating /home/travis/build/icyphy/ptII/ptolemy/domains/de/test/auto/Modal5.xml
9 ms. Memory: 280576K Free: 169737K (60%)
----------------- Invoking toplevel() on ptolemy.moml.MoMLSimpleApplication@57da2ebd
----------------- Done invoking toplevel() on ptolemy.moml.MoMLSimpleApplication@57da2ebd
reloadAllAccessors: .Modal5

===========================================================================================
----------------- testing Fri Mar 01 03:43:20 UTC 2019 /home/travis/build/icyphy/ptII/ptolemy/domains/de/test/auto/Modal6.xml
----------------- Instantiating /home/travis/build/icyphy/ptII/ptolemy/domains/de/test/auto/Modal6.xml
6 ms. Memory: 280576K Free: 155560K (55%)
----------------- Invoking toplevel() on ptolemy.moml.MoMLSimpleApplication@466fb406
----------------- Done invoking toplevel() on ptolemy.moml.MoMLSimpleApplication@466fb406
reloadAllAccessors: .Modal6

===========================================================================================
----------------- testing Fri Mar 01 03:43:20 UTC 2019 /home/travis/build/icyphy/ptII/ptolemy/domains/de/test/auto/Modal7.xml
----------------- Instantiating /home/travis/build/icyphy/ptII/ptolemy/domains/de/test/auto/Modal7.xml
6 ms. Memory: 280576K Free: 140106K (50%)
----------------- Invoking toplevel() on ptolemy.moml.MoMLSimpleApplication@7de408cb
----------------- Done invoking toplevel() on ptolemy.moml.MoMLSimpleApplication@7de408cb
reloadAllAccessors: .Modal7

===========================================================================================
----------------- testing Fri Mar 01 03:43:20 UTC 2019 /home/travis/build/icyphy/ptII/ptolemy/domains/de/test/auto/ModalModel.xml
----------------- Instantiating /home/travis/build/icyphy/ptII/ptolemy/domains/de/test/auto/ModalModel.xml
110 ms. Memory: 339968K Free: 323975K (95%)
----------------- Invoking toplevel() on ptolemy.moml.MoMLSimpleApplication@e50b382
----------------- Done invoking toplevel() on ptolemy.moml.MoMLSimpleApplication@e50b382
reloadAllAccessors: .ModalModel

===========================================================================================
----------------- testing Fri Mar 01 03:43:20 UTC 2019 /home/travis/build/icyphy/ptII/ptolemy/domains/de/test/auto/ModalSource.xml
----------------- Instantiating /home/travis/build/icyphy/ptII/ptolemy/domains/de/test/auto/ModalSource.xml
4 ms. Memory: 339968K Free: 311746K (92%)
----------------- Invoking toplevel() on ptolemy.moml.MoMLSimpleApplication@382b282c
----------------- Done invoking toplevel() on ptolemy.moml.MoMLSimpleApplication@382b282c
reloadAllAccessors: .ModalSource

===========================================================================================
----------------- testing Fri Mar 01 03:43:21 UTC 2019 /home/travis/build/icyphy/ptII/ptolemy/domains/de/test/auto/NonInterruptibleTimerZeroDelay.xml
----------------- Instantiating /home/travis/build/icyphy/ptII/ptolemy/domains/de/test/auto/NonInterruptibleTimerZeroDelay.xml
1 ms. Memory: 339968K Free: 305782K (90%)
----------------- Invoking toplevel() on ptolemy.moml.MoMLSimpleApplication@441e3e69
----------------- Done invoking toplevel() on ptolemy.moml.MoMLSimpleApplication@441e3e69
reloadAllAccessors: .NonInterruptibleTimerZeroDelay

===========================================================================================
----------------- testing Fri Mar 01 03:43:21 UTC 2019 /home/travis/build/icyphy/ptII/ptolemy/domains/de/test/auto/OpenQueueingNetwork.xml
----------------- Instantiating /home/travis/build/icyphy/ptII/ptolemy/domains/de/test/auto/OpenQueueingNetwork.xml
2072 ms. Memory: 519168K Free: 447146K (86%)
----------------- Invoking toplevel() on ptolemy.moml.MoMLSimpleApplication@fb5ed30
----------------- Done invoking toplevel() on ptolemy.moml.MoMLSimpleApplication@fb5ed30
reloadAllAccessors: .OpenQueueingNetwork

===========================================================================================
----------------- testing Fri Mar 01 03:43:23 UTC 2019 /home/travis/build/icyphy/ptII/ptolemy/domains/de/test/auto/OpenQueuingNetwork.xml
----------------- Instantiating /home/travis/build/icyphy/ptII/ptolemy/domains/de/test/auto/OpenQueuingNetwork.xml
190 ms. Memory: 519168K Free: 352181K (68%)
----------------- Invoking toplevel() on ptolemy.moml.MoMLSimpleApplication@6095fa26
----------------- Done invoking toplevel() on ptolemy.moml.MoMLSimpleApplication@6095fa26
reloadAllAccessors: .OpenQueuingNetwork

===========================================================================================
----------------- testing Fri Mar 01 03:43:23 UTC 2019 /home/travis/build/icyphy/ptII/ptolemy/domains/de/test/auto/PeriodicSampler.xml
----------------- Instantiating /home/travis/build/icyphy/ptII/ptolemy/domains/de/test/auto/PeriodicSampler.xml
2 ms. Memory: 519168K Free: 342556K (66%)
----------------- Invoking toplevel() on ptolemy.moml.MoMLSimpleApplication@b97142f
----------------- Done invoking toplevel() on ptolemy.moml.MoMLSimpleApplication@b97142f
reloadAllAccessors: .PeriodicSampler

===========================================================================================
----------------- testing Fri Mar 01 03:43:23 UTC 2019 /home/travis/build/icyphy/ptII/ptolemy/domains/de/test/auto/PersistentIO.xml
----------------- Instantiating /home/travis/build/icyphy/ptII/ptolemy/domains/de/test/auto/PersistentIO.xml
3 ms. Memory: 519168K Free: 329407K (63%)
----------------- Invoking toplevel() on ptolemy.moml.MoMLSimpleApplication@cf4866f
----------------- Done invoking toplevel() on ptolemy.moml.MoMLSimpleApplication@cf4866f
reloadAllAccessors: .PersistentIO

===========================================================================================
----------------- testing Fri Mar 01 03:43:23 UTC 2019 /home/travis/build/icyphy/ptII/ptolemy/domains/de/test/auto/PortParameterResetOnInitialize.xml
----------------- Instantiating /home/travis/build/icyphy/ptII/ptolemy/domains/de/test/auto/PortParameterResetOnInitialize.xml
5 ms. Memory: 519168K Free: 319782K (62%)
----------------- Invoking toplevel() on ptolemy.moml.MoMLSimpleApplication@4ca2c45
----------------- Done invoking toplevel() on ptolemy.moml.MoMLSimpleApplication@4ca2c45
reloadAllAccessors: .PortParameterResetOnInitialize

===========================================================================================
----------------- testing Fri Mar 01 03:43:23 UTC 2019 /home/travis/build/icyphy/ptII/ptolemy/domains/de/test/auto/PortParameterUpdates.xml
----------------- Instantiating /home/travis/build/icyphy/ptII/ptolemy/domains/de/test/auto/PortParameterUpdates.xml
4 ms. Memory: 519168K Free: 306634K (59%)
----------------- Invoking toplevel() on ptolemy.moml.MoMLSimpleApplication@1a8b892d
----------------- Done invoking toplevel() on ptolemy.moml.MoMLSimpleApplication@1a8b892d
reloadAllAccessors: .PortParameterUpdates

===========================================================================================
----------------- testing Fri Mar 01 03:43:23 UTC 2019 /home/travis/build/icyphy/ptII/ptolemy/domains/de/test/auto/QueueAndServer.xml
----------------- Instantiating /home/travis/build/icyphy/ptII/ptolemy/domains/de/test/auto/QueueAndServer.xml
5 ms. Memory: 519168K Free: 292631K (56%)
----------------- Invoking toplevel() on ptolemy.moml.MoMLSimpleApplication@573894fd
----------------- Done invoking toplevel() on ptolemy.moml.MoMLSimpleApplication@573894fd
reloadAllAccessors: .QueueAndServer

===========================================================================================
----------------- testing Fri Mar 01 03:43:23 UTC 2019 /home/travis/build/icyphy/ptII/ptolemy/domains/de/test/auto/Records.xml
----------------- Instantiating /home/travis/build/icyphy/ptII/ptolemy/domains/de/test/auto/Records.xml
3 ms. Memory: 519168K Free: 283006K (55%)
----------------- Invoking toplevel() on ptolemy.moml.MoMLSimpleApplication@28a4c9d5
----------------- Done invoking toplevel() on ptolemy.moml.MoMLSimpleApplication@28a4c9d5
reloadAllAccessors: .Records

===========================================================================================
----------------- testing Fri Mar 01 03:43:23 UTC 2019 /home/travis/build/icyphy/ptII/ptolemy/domains/de/test/auto/ResetTransitionWithStartTime1.xml
----------------- Instantiating /home/travis/build/icyphy/ptII/ptolemy/domains/de/test/auto/ResetTransitionWithStartTime1.xml
4 ms. Memory: 519168K Free: 269857K (52%)
----------------- Invoking toplevel() on ptolemy.moml.MoMLSimpleApplication@2487eef0
----------------- Done invoking toplevel() on ptolemy.moml.MoMLSimpleApplication@2487eef0
reloadAllAccessors: .ResetTransitionWithStartTime1

===========================================================================================
----------------- testing Fri Mar 01 03:43:23 UTC 2019 /home/travis/build/icyphy/ptII/ptolemy/domains/de/test/auto/ResetTransitionWithStartTime2.xml
----------------- Instantiating /home/travis/build/icyphy/ptII/ptolemy/domains/de/test/auto/ResetTransitionWithStartTime2.xml
4 ms. Memory: 519168K Free: 255839K (49%)
----------------- Invoking toplevel() on ptolemy.moml.MoMLSimpleApplication@d6b41e4
----------------- Done invoking toplevel() on ptolemy.moml.MoMLSimpleApplication@d6b41e4
reloadAllAccessors: .ResetTransitionWithStartTime2

===========================================================================================
----------------- testing Fri Mar 01 03:43:23 UTC 2019 /home/travis/build/icyphy/ptII/ptolemy/domains/de/test/auto/ResetTransitionWithStartTime3.xml
----------------- Instantiating /home/travis/build/icyphy/ptII/ptolemy/domains/de/test/auto/ResetTransitionWithStartTime3.xml
4 ms. Memory: 519168K Free: 242706K (47%)
----------------- Invoking toplevel() on ptolemy.moml.MoMLSimpleApplication@19321fcc
----------------- Done invoking toplevel() on ptolemy.moml.MoMLSimpleApplication@19321fcc
reloadAllAccessors: .ResetTransitionWithStartTime3

===========================================================================================
----------------- testing Fri Mar 01 03:43:23 UTC 2019 /home/travis/build/icyphy/ptII/ptolemy/domains/de/test/auto/ResetTransitionWithStartTime4.xml
----------------- Instantiating /home/travis/build/icyphy/ptII/ptolemy/domains/de/test/auto/ResetTransitionWithStartTime4.xml
5 ms. Memory: 519168K Free: 228695K (44%)
----------------- Invoking toplevel() on ptolemy.moml.MoMLSimpleApplication@689655f8
----------------- Done invoking toplevel() on ptolemy.moml.MoMLSimpleApplication@689655f8
reloadAllAccessors: .ResetTransitionWithStartTime4

===========================================================================================
----------------- testing Fri Mar 01 03:43:23 UTC 2019 /home/travis/build/icyphy/ptII/ptolemy/domains/de/test/auto/ResettableTimer1.xml
----------------- Instantiating /home/travis/build/icyphy/ptII/ptolemy/domains/de/test/auto/ResettableTimer1.xml
2 ms. Memory: 519168K Free: 219070K (42%)
----------------- Invoking toplevel() on ptolemy.moml.MoMLSimpleApplication@152a7625
----------------- Done invoking toplevel() on ptolemy.moml.MoMLSimpleApplication@152a7625
reloadAllAccessors: .ResettableTimer1

===========================================================================================
----------------- testing Fri Mar 01 03:43:23 UTC 2019 /home/travis/build/icyphy/ptII/ptolemy/domains/de/test/auto/ResettableTimer2.xml
----------------- Instantiating /home/travis/build/icyphy/ptII/ptolemy/domains/de/test/auto/ResettableTimer2.xml
2 ms. Memory: 519168K Free: 210315K (41%)
----------------- Invoking toplevel() on ptolemy.moml.MoMLSimpleApplication@64de4978
----------------- Done invoking toplevel() on ptolemy.moml.MoMLSimpleApplication@64de4978
reloadAllAccessors: .ResettableTimer2

===========================================================================================
----------------- testing Fri Mar 01 03:43:23 UTC 2019 /home/travis/build/icyphy/ptII/ptolemy/domains/de/test/auto/ResettableTimer3.xml
----------------- Instantiating /home/travis/build/icyphy/ptII/ptolemy/domains/de/test/auto/ResettableTimer3.xml
1 ms. Memory: 519168K Free: 200690K (39%)
----------------- Invoking toplevel() on ptolemy.moml.MoMLSimpleApplication@102a2761
----------------- Done invoking toplevel() on ptolemy.moml.MoMLSimpleApplication@102a2761
reloadAllAccessors: .ResettableTimer3

===========================================================================================
----------------- testing Fri Mar 01 03:43:23 UTC 2019 /home/travis/build/icyphy/ptII/ptolemy/domains/de/test/auto/ResettableTimer4.xml
----------------- Instantiating /home/travis/build/icyphy/ptII/ptolemy/domains/de/test/auto/ResettableTimer4.xml
1 ms. Memory: 519168K Free: 191934K (37%)
----------------- Invoking toplevel() on ptolemy.moml.MoMLSimpleApplication@1b3c5c58
----------------- Done invoking toplevel() on ptolemy.moml.MoMLSimpleApplication@1b3c5c58
reloadAllAccessors: .ResettableTimer4

===========================================================================================
----------------- testing Fri Mar 01 03:43:23 UTC 2019 /home/travis/build/icyphy/ptII/ptolemy/domains/de/test/auto/ResettableTimer5.xml
----------------- Instantiating /home/travis/build/icyphy/ptII/ptolemy/domains/de/test/auto/ResettableTimer5.xml
1 ms. Memory: 519168K Free: 182309K (35%)
----------------- Invoking toplevel() on ptolemy.moml.MoMLSimpleApplication@7eb3cba8
----------------- Done invoking toplevel() on ptolemy.moml.MoMLSimpleApplication@7eb3cba8
reloadAllAccessors: .ResettableTimer5

===========================================================================================
----------------- testing Fri Mar 01 03:43:23 UTC 2019 /home/travis/build/icyphy/ptII/ptolemy/domains/de/test/auto/ResettableTimer6.xml
----------------- Instantiating /home/travis/build/icyphy/ptII/ptolemy/domains/de/test/auto/ResettableTimer6.xml
4 ms. Memory: 519168K Free: 172684K (33%)
----------------- Invoking toplevel() on ptolemy.moml.MoMLSimpleApplication@14067d00
----------------- Done invoking toplevel() on ptolemy.moml.MoMLSimpleApplication@14067d00
reloadAllAccessors: .ResettableTimer6

===========================================================================================
----------------- testing Fri Mar 01 03:43:23 UTC 2019 /home/travis/build/icyphy/ptII/ptolemy/domains/de/test/auto/ServerZeroDelay.xml
----------------- Instantiating /home/travis/build/icyphy/ptII/ptolemy/domains/de/test/auto/ServerZeroDelay.xml
1 ms. Memory: 519168K Free: 163929K (32%)
----------------- Invoking toplevel() on ptolemy.moml.MoMLSimpleApplication@1878d6ba
----------------- Done invoking toplevel() on ptolemy.moml.MoMLSimpleApplication@1878d6ba
reloadAllAccessors: .ServerZeroDelay

===========================================================================================
----------------- testing Fri Mar 01 03:43:23 UTC 2019 /home/travis/build/icyphy/ptII/ptolemy/domains/de/test/auto/SmartSender.xml
----------------- Instantiating /home/travis/build/icyphy/ptII/ptolemy/domains/de/test/auto/SmartSender.xml
3000 ms. Memory: 519168K Free: 154304K (30%)
----------------- Invoking toplevel() on ptolemy.moml.MoMLSimpleApplication@1e37f846
----------------- Done invoking toplevel() on ptolemy.moml.MoMLSimpleApplication@1e37f846
reloadAllAccessors: .SmartSender

===========================================================================================
----------------- testing Fri Mar 01 03:43:26 UTC 2019 /home/travis/build/icyphy/ptII/ptolemy/domains/de/test/auto/ThreadedComposite.xml
----------------- Instantiating /home/travis/build/icyphy/ptII/ptolemy/domains/de/test/auto/ThreadedComposite.xml
90 ms. Memory: 519168K Free: 128014K (25%)
----------------- Invoking toplevel() on ptolemy.moml.MoMLSimpleApplication@5b65d4f7
----------------- Done invoking toplevel() on ptolemy.moml.MoMLSimpleApplication@5b65d4f7
reloadAllAccessors: .ThreadedComposite

===========================================================================================
----------------- testing Fri Mar 01 03:43:26 UTC 2019 /home/travis/build/icyphy/ptII/ptolemy/domains/de/test/auto/Time.xml
----------------- Instantiating /home/travis/build/icyphy/ptII/ptolemy/domains/de/test/auto/Time.xml
432 ms. Memory: 519168K Free: 70787K (14%)
----------------- Invoking toplevel() on ptolemy.moml.MoMLSimpleApplication@173e8723
----------------- Done invoking toplevel() on ptolemy.moml.MoMLSimpleApplication@173e8723
reloadAllAccessors: .Time

===========================================================================================
----------------- testing Fri Mar 01 03:43:27 UTC 2019 /home/travis/build/icyphy/ptII/ptolemy/domains/de/test/auto/TimeDelayZeroDelay.xml
----------------- Instantiating /home/travis/build/icyphy/ptII/ptolemy/domains/de/test/auto/TimeDelayZeroDelay.xml
3 ms. Memory: 501248K Free: 481514K (96%)
----------------- Invoking toplevel() on ptolemy.moml.MoMLSimpleApplication@b2f9e31
----------------- Done invoking toplevel() on ptolemy.moml.MoMLSimpleApplication@b2f9e31
reloadAllAccessors: .TimeDelayZeroDelay

===========================================================================================
----------------- testing Fri Mar 01 03:43:27 UTC 2019 /home/travis/build/icyphy/ptII/ptolemy/domains/de/test/auto/TimerZeroDelay.xml
----------------- Instantiating /home/travis/build/icyphy/ptII/ptolemy/domains/de/test/auto/TimerZeroDelay.xml
1 ms. Memory: 501248K Free: 473158K (94%)
----------------- Invoking toplevel() on ptolemy.moml.MoMLSimpleApplication@1fa88e5f
----------------- Done invoking toplevel() on ptolemy.moml.MoMLSimpleApplication@1fa88e5f
reloadAllAccessors: .TimerZeroDelay

===========================================================================================
----------------- testing Fri Mar 01 03:43:27 UTC 2019 /home/travis/build/icyphy/ptII/ptolemy/domains/de/test/auto/TimingParadox.xml
----------------- Instantiating /home/travis/build/icyphy/ptII/ptolemy/domains/de/test/auto/TimingParadox.xml
294 ms. Memory: 501248K Free: 401447K (80%)
----------------- Invoking toplevel() on ptolemy.moml.MoMLSimpleApplication@6306f059
----------------- Done invoking toplevel() on ptolemy.moml.MoMLSimpleApplication@6306f059
reloadAllAccessors: .TimingParadox

===========================================================================================
----------------- testing Fri Mar 01 03:43:27 UTC 2019 /home/travis/build/icyphy/ptII/ptolemy/domains/de/test/auto/TransferInputs.xml
----------------- Instantiating /home/travis/build/icyphy/ptII/ptolemy/domains/de/test/auto/TransferInputs.xml
1 ms. Memory: 501248K Free: 392470K (78%)
----------------- Invoking toplevel() on ptolemy.moml.MoMLSimpleApplication@35f2e82c
----------------- Done invoking toplevel() on ptolemy.moml.MoMLSimpleApplication@35f2e82c
reloadAllAccessors: .TransferInputs

===========================================================================================
----------------- testing Fri Mar 01 03:43:27 UTC 2019 /home/travis/build/icyphy/ptII/ptolemy/domains/de/test/auto/TransferOutputs2.xml
----------------- Instantiating /home/travis/build/icyphy/ptII/ptolemy/domains/de/test/auto/TransferOutputs2.xml
3 ms. Memory: 501248K Free: 379307K (76%)
----------------- Invoking toplevel() on ptolemy.moml.MoMLSimpleApplication@17664e56
----------------- Done invoking toplevel() on ptolemy.moml.MoMLSimpleApplication@17664e56
reloadAllAccessors: .TransferOutputs2

===========================================================================================
----------------- testing Fri Mar 01 03:43:27 UTC 2019 /home/travis/build/icyphy/ptII/ptolemy/domains/de/test/auto/Trilateration.xml
----------------- Instantiating /home/travis/build/icyphy/ptII/ptolemy/domains/de/test/auto/Trilateration.xml
10371 ms. Memory: 514048K Free: 394993K (77%)
----------------- Invoking toplevel() on ptolemy.moml.MoMLSimpleApplication@5a24f9a1
----------------- Done invoking toplevel() on ptolemy.moml.MoMLSimpleApplication@5a24f9a1
reloadAllAccessors: .Trilateration

===========================================================================================
----------------- testing Fri Mar 01 03:43:38 UTC 2019 /home/travis/build/icyphy/ptII/ptolemy/domains/de/test/auto/TwoSigmaDelta.xml
----------------- Instantiating /home/travis/build/icyphy/ptII/ptolemy/domains/de/test/auto/TwoSigmaDelta.xml
1998 ms. Memory: 514048K Free: 99362K (19%)
----------------- Invoking toplevel() on ptolemy.moml.MoMLSimpleApplication@a7c67f3
----------------- Done invoking toplevel() on ptolemy.moml.MoMLSimpleApplication@a7c67f3
reloadAllAccessors: .TwoSigmaDelta

===========================================================================================
----------------- testing Fri Mar 01 03:43:40 UTC 2019 /home/travis/build/icyphy/ptII/ptolemy/domains/de/test/auto/VariableDelay.xml
----------------- Instantiating /home/travis/build/icyphy/ptII/ptolemy/domains/de/test/auto/VariableDelay.xml
2 ms. Memory: 514048K Free: 81809K (16%)
----------------- Invoking toplevel() on ptolemy.moml.MoMLSimpleApplication@5151c65b
----------------- Done invoking toplevel() on ptolemy.moml.MoMLSimpleApplication@5151c65b
reloadAllAccessors: .VariableDelay

===========================================================================================
----------------- testing Fri Mar 01 03:43:40 UTC 2019 /home/travis/build/icyphy/ptII/ptolemy/domains/de/test/auto/VariableDelay2.xml
----------------- Instantiating /home/travis/build/icyphy/ptII/ptolemy/domains/de/test/auto/VariableDelay2.xml
1 ms. Memory: 514048K Free: 64256K (13%)
----------------- Invoking toplevel() on ptolemy.moml.MoMLSimpleApplication@15762428
----------------- Done invoking toplevel() on ptolemy.moml.MoMLSimpleApplication@15762428
reloadAllAccessors: .VariableDelay2

===========================================================================================
----------------- testing Fri Mar 01 03:43:40 UTC 2019 /home/travis/build/icyphy/ptII/ptolemy/domains/de/test/auto/VariableDelayZeroDelay.xml
----------------- Instantiating /home/travis/build/icyphy/ptII/ptolemy/domains/de/test/auto/VariableDelayZeroDelay.xml
5 ms. Memory: 489472K Free: 457725K (94%)
----------------- Invoking toplevel() on ptolemy.moml.MoMLSimpleApplication@70037d5a
----------------- Done invoking toplevel() on ptolemy.moml.MoMLSimpleApplication@70037d5a
reloadAllAccessors: .VariableDelayZeroDelay

===========================================================================================
----------------- testing Fri Mar 01 03:43:40 UTC 2019 /home/travis/build/icyphy/ptII/ptolemy/domains/de/test/auto/VariableDelayZeroDelay2.xml
----------------- Instantiating /home/travis/build/icyphy/ptII/ptolemy/domains/de/test/auto/VariableDelayZeroDelay2.xml
1 ms. Memory: 489472K Free: 449000K (92%)
----------------- Invoking toplevel() on ptolemy.moml.MoMLSimpleApplication@73687809
----------------- Done invoking toplevel() on ptolemy.moml.MoMLSimpleApplication@73687809
reloadAllAccessors: .VariableDelayZeroDelay2

===========================================================================================
----------------- testing Fri Mar 01 03:43:40 UTC 2019 /home/travis/build/icyphy/ptII/ptolemy/domains/de/test/auto/deInCt.xml
----------------- Instantiating /home/travis/build/icyphy/ptII/ptolemy/domains/de/test/auto/deInCt.xml
0
1
1
1
0
0
0
1
1
1
0
0
0
0
1
1
1
0
0
1
1
1
0
0
0
1
1
1
0
0
0
1
1
1
1
0
0
0
1
1
1
10 ms. Memory: 489472K Free: 440275K (90%)
----------------- Invoking toplevel() on ptolemy.moml.MoMLSimpleApplication@13732fce
----------------- Done invoking toplevel() on ptolemy.moml.MoMLSimpleApplication@13732fce
reloadAllAccessors: .deInCt

===========================================================================================
----------------- testing Fri Mar 01 03:43:40 UTC 2019 /home/travis/build/icyphy/ptII/ptolemy/domains/de/test/auto/deInCt2.xml
----------------- Instantiating /home/travis/build/icyphy/ptII/ptolemy/domains/de/test/auto/deInCt2.xml
0
1
1
1
0
0
1
1
1
0
0
1
1
1
0
0
1
1
1
0
0
1
1
1
0
0
1
1
1
0
0
1
1
1
0
0
1
1
1
0
0
0
10 ms. Memory: 489472K Free: 431550K (88%)
----------------- Invoking toplevel() on ptolemy.moml.MoMLSimpleApplication@74bc3f77
----------------- Done invoking toplevel() on ptolemy.moml.MoMLSimpleApplication@74bc3f77
reloadAllAccessors: .deInCt2

===========================================================================================
----------------- testing Fri Mar 01 03:43:40 UTC 2019 /home/travis/build/icyphy/ptII/ptolemy/domains/de/test/auto/dynamicCausalityInterface1.xml
----------------- Instantiating /home/travis/build/icyphy/ptII/ptolemy/domains/de/test/auto/dynamicCausalityInterface1.xml
0 ms. Memory: 489472K Free: 414648K (85%)
----------------- Invoking toplevel() on ptolemy.moml.MoMLSimpleApplication@577261d0
----------------- Done invoking toplevel() on ptolemy.moml.MoMLSimpleApplication@577261d0
reloadAllAccessors: .dynamicCausalityInterface1

===========================================================================================
----------------- testing Fri Mar 01 03:43:40 UTC 2019 /home/travis/build/icyphy/ptII/ptolemy/domains/de/test/auto/fsm_de_test.xml
----------------- Instantiating /home/travis/build/icyphy/ptII/ptolemy/domains/de/test/auto/fsm_de_test.xml
4 ms. Memory: 489472K Free: 401840K (82%)
----------------- Invoking toplevel() on ptolemy.moml.MoMLSimpleApplication@172f83e6
----------------- Done invoking toplevel() on ptolemy.moml.MoMLSimpleApplication@172f83e6
reloadAllAccessors: .fsm_de_test

===========================================================================================
----------------- testing Fri Mar 01 03:43:40 UTC 2019 /home/travis/build/icyphy/ptII/ptolemy/domains/de/test/auto/functionDependencyReconstruction.xml
----------------- Instantiating /home/travis/build/icyphy/ptII/ptolemy/domains/de/test/auto/functionDependencyReconstruction.xml
2 ms. Memory: 489472K Free: 380857K (78%)
----------------- Invoking toplevel() on ptolemy.moml.MoMLSimpleApplication@78f388e7
----------------- Done invoking toplevel() on ptolemy.moml.MoMLSimpleApplication@78f388e7
reloadAllAccessors: .functionDependencyReconstruction

===========================================================================================
----------------- testing Fri Mar 01 03:43:40 UTC 2019 /home/travis/build/icyphy/ptII/ptolemy/domains/de/test/auto/multirate.xml
----------------- Instantiating /home/travis/build/icyphy/ptII/ptolemy/domains/de/test/auto/multirate.xml
5 ms. Memory: 489472K Free: 368035K (75%)
----------------- Invoking toplevel() on ptolemy.moml.MoMLSimpleApplication@43c206a5
----------------- Done invoking toplevel() on ptolemy.moml.MoMLSimpleApplication@43c206a5
reloadAllAccessors: .multirate

===========================================================================================
----------------- testing Fri Mar 01 03:43:40 UTC 2019 /home/travis/build/icyphy/ptII/ptolemy/domains/de/test/auto/multirate2.xml
----------------- Instantiating /home/travis/build/icyphy/ptII/ptolemy/domains/de/test/auto/multirate2.xml
3 ms. Memory: 489472K Free: 355214K (73%)
----------------- Invoking toplevel() on ptolemy.moml.MoMLSimpleApplication@295cd308
----------------- Done invoking toplevel() on ptolemy.moml.MoMLSimpleApplication@295cd308
reloadAllAccessors: .multirate2

===========================================================================================
----------------- testing Fri Mar 01 03:43:40 UTC 2019 /home/travis/build/icyphy/ptII/ptolemy/domains/de/test/auto/realtime.xml
----------------- Instantiating /home/travis/build/icyphy/ptII/ptolemy/domains/de/test/auto/realtime.xml
10001 ms. Memory: 489472K Free: 346489K (71%)
----------------- Invoking toplevel() on ptolemy.moml.MoMLSimpleApplication@5f63286d
----------------- Done invoking toplevel() on ptolemy.moml.MoMLSimpleApplication@5f63286d
reloadAllAccessors: .realtime

===========================================================================================
----------------- testing Fri Mar 01 03:43:50 UTC 2019 /home/travis/build/icyphy/ptII/ptolemy/domains/de/test/auto/relationGroup.xml
----------------- Instantiating /home/travis/build/icyphy/ptII/ptolemy/domains/de/test/auto/relationGroup.xml
2 ms. Memory: 489472K Free: 337764K (69%)
----------------- Invoking toplevel() on ptolemy.moml.MoMLSimpleApplication@4336af6c
----------------- Done invoking toplevel() on ptolemy.moml.MoMLSimpleApplication@4336af6c
reloadAllAccessors: .relationGroup

===========================================================================================
----------------- testing Fri Mar 01 03:43:50 UTC 2019 /home/travis/build/icyphy/ptII/ptolemy/domains/de/test/auto/relationGroup2.xml
----------------- Instantiating /home/travis/build/icyphy/ptII/ptolemy/domains/de/test/auto/relationGroup2.xml
1 ms. Memory: 489472K Free: 329040K (67%)
----------------- Invoking toplevel() on ptolemy.moml.MoMLSimpleApplication@4048378f
----------------- Done invoking toplevel() on ptolemy.moml.MoMLSimpleApplication@4048378f
reloadAllAccessors: .relationGroup2

===========================================================================================
----------------- testing Fri Mar 01 03:43:50 UTC 2019 /home/travis/build/icyphy/ptII/ptolemy/domains/de/test/auto/sortWithOpaquePorts.xml
----------------- Instantiating /home/travis/build/icyphy/ptII/ptolemy/domains/de/test/auto/sortWithOpaquePorts.xml
2 ms. Memory: 489472K Free: 320315K (65%)
----------------- Invoking toplevel() on ptolemy.moml.MoMLSimpleApplication@2e6b3090
----------------- Done invoking toplevel() on ptolemy.moml.MoMLSimpleApplication@2e6b3090
reloadAllAccessors: .sortWithOpaquePorts

===========================================================================================
----------------- testing Fri Mar 01 03:43:50 UTC 2019 /home/travis/build/icyphy/ptII/ptolemy/domains/de/test/auto/transferInputsandOutputs.xml
----------------- Instantiating /home/travis/build/icyphy/ptII/ptolemy/domains/de/test/auto/transferInputsandOutputs.xml
2 ms. Memory: 489472K Free: 307493K (63%)
----------------- Invoking toplevel() on ptolemy.moml.MoMLSimpleApplication@3fa7675b
----------------- Done invoking toplevel() on ptolemy.moml.MoMLSimpleApplication@3fa7675b
reloadAllAccessors: .transferInputsandOutputs

===========================================================================================
----------------- testing Fri Mar 01 03:43:51 UTC 2019 /home/travis/build/icyphy/ptII/ptolemy/domains/de/test/auto/triggerType.xml
----------------- Instantiating /home/travis/build/icyphy/ptII/ptolemy/domains/de/test/auto/triggerType.xml
1 ms. Memory: 489472K Free: 298769K (61%)
----------------- Invoking toplevel() on ptolemy.moml.MoMLSimpleApplication@6e14d1ea
----------------- Done invoking toplevel() on ptolemy.moml.MoMLSimpleApplication@6e14d1ea
reloadAllAccessors: .triggerType
AutoTests.java: About to close Vertx.
AutoTests.java: Vertx closed.
]]></system-out>
  <system-err><![CDATA[java.lang.RuntimeException: Execution failed
	at ptolemy.moml.MoMLSimpleApplication$UnloadThread.run(MoMLSimpleApplication.java:402)
Caused by: ptolemy.kernel.util.IllegalActionException: Found a zero delay loop containing .dependencyLoop.original
  in .dependencyLoop and .dependencyLoop.original
	at ptolemy.actor.util.CausalityInterfaceForComposites._computeOutputPortDepth(CausalityInterfaceForComposites.java:759)
	at ptolemy.actor.util.CausalityInterfaceForComposites._computeInputDepth(CausalityInterfaceForComposites.java:696)
	at ptolemy.actor.util.CausalityInterfaceForComposites._computeOutputPortDepth(CausalityInterfaceForComposites.java:765)
	at ptolemy.actor.util.CausalityInterfaceForComposites._computeInputDepth(CausalityInterfaceForComposites.java:696)
	at ptolemy.actor.util.CausalityInterfaceForComposites._computeOutputPortDepth(CausalityInterfaceForComposites.java:765)
	at ptolemy.actor.util.CausalityInterfaceForComposites._computeInputDepth(CausalityInterfaceForComposites.java:696)
	at ptolemy.actor.util.CausalityInterfaceForComposites._computeActorDepth(CausalityInterfaceForComposites.java:532)
	at ptolemy.actor.util.CausalityInterfaceForComposites.checkForCycles(CausalityInterfaceForComposites.java:96)
	at ptolemy.domains.de.kernel.DEDirector.preinitialize(DEDirector.java:1338)
	at ptolemy.actor.CompositeActor.preinitialize(CompositeActor.java:1828)
	at ptolemy.actor.Manager.preinitializeAndResolveTypes(Manager.java:1040)
	at ptolemy.actor.Manager.initialize(Manager.java:710)
	at ptolemy.actor.Manager.execute(Manager.java:356)
	at ptolemy.actor.Manager.run(Manager.java:1263)
	at ptolemy.actor.Manager$PtolemyRunThread.run(Manager.java:1915)
java.lang.RuntimeException: Execution failed
	at ptolemy.moml.MoMLSimpleApplication$UnloadThread.run(MoMLSimpleApplication.java:402)
Caused by: ptolemy.kernel.util.IllegalActionException: Found a zero delay loop containing .dependencyLoop2.original
  in .dependencyLoop2 and .dependencyLoop2.original
	at ptolemy.actor.util.CausalityInterfaceForComposites._computeOutputPortDepth(CausalityInterfaceForComposites.java:759)
	at ptolemy.actor.util.CausalityInterfaceForComposites._computeInputDepth(CausalityInterfaceForComposites.java:696)
	at ptolemy.actor.util.CausalityInterfaceForComposites._computeOutputPortDepth(CausalityInterfaceForComposites.java:765)
	at ptolemy.actor.util.CausalityInterfaceForComposites._computeInputDepth(CausalityInterfaceForComposites.java:696)
	at ptolemy.actor.util.CausalityInterfaceForComposites._computeOutputPortDepth(CausalityInterfaceForComposites.java:765)
	at ptolemy.actor.util.CausalityInterfaceForComposites._computeInputDepth(CausalityInterfaceForComposites.java:696)
	at ptolemy.actor.util.CausalityInterfaceForComposites._computeActorDepth(CausalityInterfaceForComposites.java:532)
	at ptolemy.actor.util.CausalityInterfaceForComposites.checkForCycles(CausalityInterfaceForComposites.java:96)
	at ptolemy.domains.de.kernel.DEDirector.preinitialize(DEDirector.java:1338)
	at ptolemy.actor.CompositeActor.preinitialize(CompositeActor.java:1828)
	at ptolemy.actor.Manager.preinitializeAndResolveTypes(Manager.java:1040)
	at ptolemy.actor.Manager.initialize(Manager.java:710)
	at ptolemy.actor.Manager.execute(Manager.java:356)
	at ptolemy.actor.Manager.run(Manager.java:1263)
	at ptolemy.actor.Manager$PtolemyRunThread.run(Manager.java:1915)
java.lang.RuntimeException: Execution failed
	at ptolemy.moml.MoMLSimpleApplication$UnloadThread.run(MoMLSimpleApplication.java:402)
Caused by: ptolemy.kernel.util.IllegalActionException: Found a zero delay loop containing .dependencyLoop.original
  in .dependencyLoop and .dependencyLoop.original
	at ptolemy.actor.util.CausalityInterfaceForComposites._computeOutputPortDepth(CausalityInterfaceForComposites.java:759)
	at ptolemy.actor.util.CausalityInterfaceForComposites._computeInputDepth(CausalityInterfaceForComposites.java:696)
	at ptolemy.actor.util.CausalityInterfaceForComposites._computeOutputPortDepth(CausalityInterfaceForComposites.java:765)
	at ptolemy.actor.util.CausalityInterfaceForComposites._computeInputDepth(CausalityInterfaceForComposites.java:696)
	at ptolemy.actor.util.CausalityInterfaceForComposites._computeOutputPortDepth(CausalityInterfaceForComposites.java:765)
	at ptolemy.actor.util.CausalityInterfaceForComposites._computeInputDepth(CausalityInterfaceForComposites.java:696)
	at ptolemy.actor.util.CausalityInterfaceForComposites._computeActorDepth(CausalityInterfaceForComposites.java:532)
	at ptolemy.actor.util.CausalityInterfaceForComposites.checkForCycles(CausalityInterfaceForComposites.java:96)
	at ptolemy.domains.de.kernel.DEDirector.preinitialize(DEDirector.java:1338)
	at ptolemy.actor.CompositeActor.preinitialize(CompositeActor.java:1828)
	at ptolemy.actor.Manager.preinitializeAndResolveTypes(Manager.java:1040)
	at ptolemy.actor.Manager.initialize(Manager.java:710)
	at ptolemy.actor.Manager.execute(Manager.java:356)
	at ptolemy.actor.Manager.run(Manager.java:1263)
	at ptolemy.actor.Manager$PtolemyRunThread.run(Manager.java:1915)
java.lang.RuntimeException: Execution failed
	at ptolemy.moml.MoMLSimpleApplication$UnloadThread.run(MoMLSimpleApplication.java:402)
Caused by: ptolemy.kernel.util.IllegalActionException: Actor is not ready to fire.  Perhaps UpSample.prefire() returned false? Try debugging the actor by selecting "Listen to Actor".  Also, for SDF check moml for tokenConsumptionRate on input.
  in .DESDFClockTest.Play Bell.Copy1:SDF Director and .DESDFClockTest.Play Bell.UpSample
	at ptolemy.actor.sched.StaticSchedulingDirector.fire(StaticSchedulingDirector.java:227)
	at ptolemy.domains.sdf.kernel.SDFDirector.fire(SDFDirector.java:500)
	at ptolemy.actor.CompositeActor.fire(CompositeActor.java:455)
	at ptolemy.domains.de.kernel.DEDirector._fire(DEDirector.java:1949)
	at ptolemy.domains.de.kernel.DEDirector.fire(DEDirector.java:502)
	at ptolemy.actor.CompositeActor.fire(CompositeActor.java:455)
	at ptolemy.actor.Manager.iterate(Manager.java:851)
	at ptolemy.actor.Manager.execute(Manager.java:369)
	at ptolemy.actor.Manager.run(Manager.java:1263)
	at ptolemy.actor.Manager$PtolemyRunThread.run(Manager.java:1915)
java.lang.RuntimeException: Execution failed
	at ptolemy.moml.MoMLSimpleApplication$UnloadThread.run(MoMLSimpleApplication.java:402)
Caused by: ptolemy.kernel.util.IllegalActionException: Found a zero delay loop containing .dependencyLoop2.original
  in .dependencyLoop2 and .dependencyLoop2.original
	at ptolemy.actor.util.CausalityInterfaceForComposites._computeOutputPortDepth(CausalityInterfaceForComposites.java:759)
	at ptolemy.actor.util.CausalityInterfaceForComposites._computeInputDepth(CausalityInterfaceForComposites.java:696)
	at ptolemy.actor.util.CausalityInterfaceForComposites._computeOutputPortDepth(CausalityInterfaceForComposites.java:765)
	at ptolemy.actor.util.CausalityInterfaceForComposites._computeInputDepth(CausalityInterfaceForComposites.java:696)
	at ptolemy.actor.util.CausalityInterfaceForComposites._computeOutputPortDepth(CausalityInterfaceForComposites.java:765)
	at ptolemy.actor.util.CausalityInterfaceForComposites._computeInputDepth(CausalityInterfaceForComposites.java:696)
	at ptolemy.actor.util.CausalityInterfaceForComposites._computeActorDepth(CausalityInterfaceForComposites.java:532)
	at ptolemy.actor.util.CausalityInterfaceForComposites.checkForCycles(CausalityInterfaceForComposites.java:96)
	at ptolemy.domains.de.kernel.DEDirector.preinitialize(DEDirector.java:1338)
	at ptolemy.actor.CompositeActor.preinitialize(CompositeActor.java:1828)
	at ptolemy.actor.Manager.preinitializeAndResolveTypes(Manager.java:1040)
	at ptolemy.actor.Manager.initialize(Manager.java:710)
	at ptolemy.actor.Manager.execute(Manager.java:356)
	at ptolemy.actor.Manager.run(Manager.java:1263)
	at ptolemy.actor.Manager$PtolemyRunThread.run(Manager.java:1915)
java.lang.RuntimeException: Execution failed
	at ptolemy.moml.MoMLSimpleApplication$UnloadThread.run(MoMLSimpleApplication.java:402)
Caused by: ptolemy.kernel.util.IllegalActionException: Found a zero delay loop containing .HierarchicalModel.A
  in .HierarchicalModel and .HierarchicalModel.A
	at ptolemy.actor.util.CausalityInterfaceForComposites._computeOutputPortDepth(CausalityInterfaceForComposites.java:759)
	at ptolemy.actor.util.CausalityInterfaceForComposites._computeInputDepth(CausalityInterfaceForComposites.java:696)
	at ptolemy.actor.util.CausalityInterfaceForComposites._computeOutputPortDepth(CausalityInterfaceForComposites.java:765)
	at ptolemy.actor.util.CausalityInterfaceForComposites._computeInputDepth(CausalityInterfaceForComposites.java:696)
	at ptolemy.actor.util.CausalityInterfaceForComposites._computeOutputPortDepth(CausalityInterfaceForComposites.java:765)
	at ptolemy.actor.util.CausalityInterfaceForComposites._computeInputDepth(CausalityInterfaceForComposites.java:696)
	at ptolemy.actor.util.CausalityInterfaceForComposites._computeActorDepth(CausalityInterfaceForComposites.java:532)
	at ptolemy.actor.util.CausalityInterfaceForComposites.checkForCycles(CausalityInterfaceForComposites.java:96)
	at ptolemy.domains.de.kernel.DEDirector.preinitialize(DEDirector.java:1338)
	at ptolemy.actor.CompositeActor.preinitialize(CompositeActor.java:1828)
	at ptolemy.actor.Manager.preinitializeAndResolveTypes(Manager.java:1040)
	at ptolemy.actor.Manager.initialize(Manager.java:710)
	at ptolemy.actor.Manager.execute(Manager.java:356)
	at ptolemy.actor.Manager.run(Manager.java:1263)
	at ptolemy.actor.Manager$PtolemyRunThread.run(Manager.java:1915)
java.lang.RuntimeException: Execution failed
	at ptolemy.moml.MoMLSimpleApplication$UnloadThread.run(MoMLSimpleApplication.java:402)
Caused by: ptolemy.kernel.util.IllegalActionException: Test fails in iteration 1.
Value was: 1.0. Should have been: 2.0
  in .DirectFeedback.Test
	at ptolemy.actor.lib.Test.fire(Test.java:268)
	at ptolemy.domains.de.kernel.DEDirector._fire(DEDirector.java:1949)
	at ptolemy.domains.de.kernel.DEDirector.fire(DEDirector.java:502)
	at ptolemy.actor.CompositeActor.fire(CompositeActor.java:455)
	at ptolemy.actor.Manager.iterate(Manager.java:851)
	at ptolemy.actor.Manager.execute(Manager.java:369)
	at ptolemy.actor.Manager.run(Manager.java:1263)
	at ptolemy.actor.Manager$PtolemyRunThread.run(Manager.java:1915)
java.lang.RuntimeException: Execution failed
	at ptolemy.moml.MoMLSimpleApplication$UnloadThread.run(MoMLSimpleApplication.java:402)
Caused by: ptolemy.kernel.util.IllegalActionException: Actor is not ready to fire.  Perhaps UpSample.prefire() returned false? Try debugging the actor by selecting "Listen to Actor".  Also, for SDF check moml for tokenConsumptionRate on input.
  in .DESDFClockTest.Play Bell.Copy1:SDF Director and .DESDFClockTest.Play Bell.UpSample
	at ptolemy.actor.sched.StaticSchedulingDirector.fire(StaticSchedulingDirector.java:227)
	at ptolemy.domains.sdf.kernel.SDFDirector.fire(SDFDirector.java:500)
	at ptolemy.actor.CompositeActor.fire(CompositeActor.java:455)
	at ptolemy.domains.de.kernel.DEDirector._fire(DEDirector.java:1949)
	at ptolemy.domains.de.kernel.DEDirector.fire(DEDirector.java:502)
	at ptolemy.actor.CompositeActor.fire(CompositeActor.java:455)
	at ptolemy.actor.Manager.iterate(Manager.java:851)
	at ptolemy.actor.Manager.execute(Manager.java:369)
	at ptolemy.actor.Manager.run(Manager.java:1263)
	at ptolemy.actor.Manager$PtolemyRunThread.run(Manager.java:1915)
java.lang.reflect.InvocationTargetException
	at sun.reflect.NativeConstructorAccessorImpl.newInstance0(Native Method)
	at sun.reflect.NativeConstructorAccessorImpl.newInstance(NativeConstructorAccessorImpl.java:62)
	at sun.reflect.DelegatingConstructorAccessorImpl.newInstance(DelegatingConstructorAccessorImpl.java:45)
	at java.lang.reflect.Constructor.newInstance(Constructor.java:423)
	at ptolemy.util.test.junit.AutoKnownFailedTests.RunModel(AutoKnownFailedTests.java:105)
	at sun.reflect.NativeMethodAccessorImpl.invoke0(Native Method)
	at sun.reflect.NativeMethodAccessorImpl.invoke(NativeMethodAccessorImpl.java:62)
	at sun.reflect.DelegatingMethodAccessorImpl.invoke(DelegatingMethodAccessorImpl.java:43)
	at java.lang.reflect.Method.invoke(Method.java:498)
	at org.junit.runners.model.FrameworkMethod$1.runReflectiveCall(FrameworkMethod.java:44)
	at org.junit.internal.runners.model.ReflectiveCallable.run(ReflectiveCallable.java:15)
	at org.junit.runners.model.FrameworkMethod.invokeExplosively(FrameworkMethod.java:41)
	at junitparams.internal.InvokeParameterisedMethod.evaluate(InvokeParameterisedMethod.java:102)
	at org.junit.internal.runners.statements.FailOnTimeout$1.run(FailOnTimeout.java:28)
Caused by: ptolemy.kernel.util.IllegalActionException: Actor is not ready to fire.  Perhaps UpSample.prefire() returned false? Try debugging the actor by selecting "Listen to Actor".  Also, for SDF check moml for tokenConsumptionRate on input.
  in .DESDFClockTest.Play Bell.Copy1:SDF Director and .DESDFClockTest.Play Bell.UpSample
	at ptolemy.actor.sched.StaticSchedulingDirector.fire(StaticSchedulingDirector.java:227)
	at ptolemy.domains.sdf.kernel.SDFDirector.fire(SDFDirector.java:500)
	at ptolemy.actor.CompositeActor.fire(CompositeActor.java:455)
	at ptolemy.domains.de.kernel.DEDirector._fire(DEDirector.java:1949)
	at ptolemy.domains.de.kernel.DEDirector.fire(DEDirector.java:502)
	at ptolemy.actor.CompositeActor.fire(CompositeActor.java:455)
	at ptolemy.actor.Manager.iterate(Manager.java:851)
	at ptolemy.actor.Manager.execute(Manager.java:369)
	at ptolemy.actor.Manager.run(Manager.java:1263)
	at ptolemy.actor.Manager$PtolemyRunThread.run(Manager.java:1915)
java.lang.RuntimeException: Execution failed
	at ptolemy.moml.MoMLSimpleApplication$UnloadThread.run(MoMLSimpleApplication.java:402)
Caused by: ptolemy.kernel.util.IllegalActionException: Test fails in iteration 1.
Value was: 1.0. Should have been: 2.0
  in .DirectFeedback.Test
	at ptolemy.actor.lib.Test.fire(Test.java:268)
	at ptolemy.domains.de.kernel.DEDirector._fire(DEDirector.java:1949)
	at ptolemy.domains.de.kernel.DEDirector.fire(DEDirector.java:502)
	at ptolemy.actor.CompositeActor.fire(CompositeActor.java:455)
	at ptolemy.actor.Manager.iterate(Manager.java:851)
	at ptolemy.actor.Manager.execute(Manager.java:369)
	at ptolemy.actor.Manager.run(Manager.java:1263)
	at ptolemy.actor.Manager$PtolemyRunThread.run(Manager.java:1915)
java.lang.reflect.InvocationTargetException
	at sun.reflect.NativeConstructorAccessorImpl.newInstance0(Native Method)
	at sun.reflect.NativeConstructorAccessorImpl.newInstance(NativeConstructorAccessorImpl.java:62)
	at sun.reflect.DelegatingConstructorAccessorImpl.newInstance(DelegatingConstructorAccessorImpl.java:45)
	at java.lang.reflect.Constructor.newInstance(Constructor.java:423)
	at ptolemy.util.test.junit.AutoKnownFailedTests.RunModel(AutoKnownFailedTests.java:105)
	at sun.reflect.NativeMethodAccessorImpl.invoke0(Native Method)
	at sun.reflect.NativeMethodAccessorImpl.invoke(NativeMethodAccessorImpl.java:62)
	at sun.reflect.DelegatingMethodAccessorImpl.invoke(DelegatingMethodAccessorImpl.java:43)
	at java.lang.reflect.Method.invoke(Method.java:498)
	at org.junit.runners.model.FrameworkMethod$1.runReflectiveCall(FrameworkMethod.java:44)
	at org.junit.internal.runners.model.ReflectiveCallable.run(ReflectiveCallable.java:15)
	at org.junit.runners.model.FrameworkMethod.invokeExplosively(FrameworkMethod.java:41)
	at junitparams.internal.InvokeParameterisedMethod.evaluate(InvokeParameterisedMethod.java:102)
	at org.junit.internal.runners.statements.FailOnTimeout$1.run(FailOnTimeout.java:28)
Caused by: ptolemy.kernel.util.IllegalActionException: Test fails in iteration 1.
Value was: 1.0. Should have been: 2.0
  in .DirectFeedback.Test
	at ptolemy.actor.lib.Test.fire(Test.java:268)
	at ptolemy.domains.de.kernel.DEDirector._fire(DEDirector.java:1949)
	at ptolemy.domains.de.kernel.DEDirector.fire(DEDirector.java:502)
	at ptolemy.actor.CompositeActor.fire(CompositeActor.java:455)
	at ptolemy.actor.Manager.iterate(Manager.java:851)
	at ptolemy.actor.Manager.execute(Manager.java:369)
	at ptolemy.actor.Manager.run(Manager.java:1263)
	at ptolemy.actor.Manager$PtolemyRunThread.run(Manager.java:1915)
java.lang.RuntimeException: Execution failed
	at ptolemy.moml.MoMLSimpleApplication$UnloadThread.run(MoMLSimpleApplication.java:402)
Caused by: ptolemy.kernel.util.IllegalActionException: Found a zero delay loop containing .HierarchicalModel.A
  in .HierarchicalModel and .HierarchicalModel.A
	at ptolemy.actor.util.CausalityInterfaceForComposites._computeOutputPortDepth(CausalityInterfaceForComposites.java:759)
	at ptolemy.actor.util.CausalityInterfaceForComposites._computeInputDepth(CausalityInterfaceForComposites.java:696)
	at ptolemy.actor.util.CausalityInterfaceForComposites._computeOutputPortDepth(CausalityInterfaceForComposites.java:765)
	at ptolemy.actor.util.CausalityInterfaceForComposites._computeInputDepth(CausalityInterfaceForComposites.java:696)
	at ptolemy.actor.util.CausalityInterfaceForComposites._computeOutputPortDepth(CausalityInterfaceForComposites.java:765)
	at ptolemy.actor.util.CausalityInterfaceForComposites._computeInputDepth(CausalityInterfaceForComposites.java:696)
	at ptolemy.actor.util.CausalityInterfaceForComposites._computeActorDepth(CausalityInterfaceForComposites.java:532)
	at ptolemy.actor.util.CausalityInterfaceForComposites.checkForCycles(CausalityInterfaceForComposites.java:96)
	at ptolemy.domains.de.kernel.DEDirector.preinitialize(DEDirector.java:1338)
	at ptolemy.actor.CompositeActor.preinitialize(CompositeActor.java:1828)
	at ptolemy.actor.Manager.preinitializeAndResolveTypes(Manager.java:1040)
	at ptolemy.actor.Manager.initialize(Manager.java:710)
	at ptolemy.actor.Manager.execute(Manager.java:356)
	at ptolemy.actor.Manager.run(Manager.java:1263)
	at ptolemy.actor.Manager$PtolemyRunThread.run(Manager.java:1915)
java.lang.reflect.InvocationTargetException
	at sun.reflect.NativeConstructorAccessorImpl.newInstance0(Native Method)
	at sun.reflect.NativeConstructorAccessorImpl.newInstance(NativeConstructorAccessorImpl.java:62)
	at sun.reflect.DelegatingConstructorAccessorImpl.newInstance(DelegatingConstructorAccessorImpl.java:45)
	at java.lang.reflect.Constructor.newInstance(Constructor.java:423)
	at ptolemy.util.test.junit.AutoKnownFailedTests.RunModel(AutoKnownFailedTests.java:105)
	at sun.reflect.NativeMethodAccessorImpl.invoke0(Native Method)
	at sun.reflect.NativeMethodAccessorImpl.invoke(NativeMethodAccessorImpl.java:62)
	at sun.reflect.DelegatingMethodAccessorImpl.invoke(DelegatingMethodAccessorImpl.java:43)
	at java.lang.reflect.Method.invoke(Method.java:498)
	at org.junit.runners.model.FrameworkMethod$1.runReflectiveCall(FrameworkMethod.java:44)
	at org.junit.internal.runners.model.ReflectiveCallable.run(ReflectiveCallable.java:15)
	at org.junit.runners.model.FrameworkMethod.invokeExplosively(FrameworkMethod.java:41)
	at junitparams.internal.InvokeParameterisedMethod.evaluate(InvokeParameterisedMethod.java:102)
	at org.junit.internal.runners.statements.FailOnTimeout$1.run(FailOnTimeout.java:28)
Caused by: ptolemy.kernel.util.IllegalActionException: Found a zero delay loop containing .HierarchicalModel.A
  in .HierarchicalModel and .HierarchicalModel.A
	at ptolemy.actor.util.CausalityInterfaceForComposites._computeOutputPortDepth(CausalityInterfaceForComposites.java:759)
	at ptolemy.actor.util.CausalityInterfaceForComposites._computeInputDepth(CausalityInterfaceForComposites.java:696)
	at ptolemy.actor.util.CausalityInterfaceForComposites._computeOutputPortDepth(CausalityInterfaceForComposites.java:765)
	at ptolemy.actor.util.CausalityInterfaceForComposites._computeInputDepth(CausalityInterfaceForComposites.java:696)
	at ptolemy.actor.util.CausalityInterfaceForComposites._computeOutputPortDepth(CausalityInterfaceForComposites.java:765)
	at ptolemy.actor.util.CausalityInterfaceForComposites._computeInputDepth(CausalityInterfaceForComposites.java:696)
	at ptolemy.actor.util.CausalityInterfaceForComposites._computeActorDepth(CausalityInterfaceForComposites.java:532)
	at ptolemy.actor.util.CausalityInterfaceForComposites.checkForCycles(CausalityInterfaceForComposites.java:96)
	at ptolemy.domains.de.kernel.DEDirector.preinitialize(DEDirector.java:1338)
	at ptolemy.actor.CompositeActor.preinitialize(CompositeActor.java:1828)
	at ptolemy.actor.Manager.preinitializeAndResolveTypes(Manager.java:1040)
	at ptolemy.actor.Manager.initialize(Manager.java:710)
	at ptolemy.actor.Manager.execute(Manager.java:356)
	at ptolemy.actor.Manager.run(Manager.java:1263)
	at ptolemy.actor.Manager$PtolemyRunThread.run(Manager.java:1915)
java.lang.RuntimeException: Execution failed
	at ptolemy.moml.MoMLSimpleApplication$UnloadThread.run(MoMLSimpleApplication.java:402)
Caused by: ptolemy.kernel.util.IllegalActionException: Found a zero delay loop containing .dependencyLoop.original
  in .dependencyLoop and .dependencyLoop.original
	at ptolemy.actor.util.CausalityInterfaceForComposites._computeOutputPortDepth(CausalityInterfaceForComposites.java:759)
	at ptolemy.actor.util.CausalityInterfaceForComposites._computeInputDepth(CausalityInterfaceForComposites.java:696)
	at ptolemy.actor.util.CausalityInterfaceForComposites._computeOutputPortDepth(CausalityInterfaceForComposites.java:765)
	at ptolemy.actor.util.CausalityInterfaceForComposites._computeInputDepth(CausalityInterfaceForComposites.java:696)
	at ptolemy.actor.util.CausalityInterfaceForComposites._computeOutputPortDepth(CausalityInterfaceForComposites.java:765)
	at ptolemy.actor.util.CausalityInterfaceForComposites._computeInputDepth(CausalityInterfaceForComposites.java:696)
	at ptolemy.actor.util.CausalityInterfaceForComposites._computeActorDepth(CausalityInterfaceForComposites.java:532)
	at ptolemy.actor.util.CausalityInterfaceForComposites.checkForCycles(CausalityInterfaceForComposites.java:96)
	at ptolemy.domains.de.kernel.DEDirector.preinitialize(DEDirector.java:1338)
	at ptolemy.actor.CompositeActor.preinitialize(CompositeActor.java:1828)
	at ptolemy.actor.Manager.preinitializeAndResolveTypes(Manager.java:1040)
	at ptolemy.actor.Manager.initialize(Manager.java:710)
	at ptolemy.actor.Manager.execute(Manager.java:356)
	at ptolemy.actor.Manager.run(Manager.java:1263)
	at ptolemy.actor.Manager$PtolemyRunThread.run(Manager.java:1915)
java.lang.reflect.InvocationTargetException
	at sun.reflect.NativeConstructorAccessorImpl.newInstance0(Native Method)
	at sun.reflect.NativeConstructorAccessorImpl.newInstance(NativeConstructorAccessorImpl.java:62)
	at sun.reflect.DelegatingConstructorAccessorImpl.newInstance(DelegatingConstructorAccessorImpl.java:45)
	at java.lang.reflect.Constructor.newInstance(Constructor.java:423)
	at ptolemy.util.test.junit.AutoKnownFailedTests.RunModel(AutoKnownFailedTests.java:105)
	at sun.reflect.NativeMethodAccessorImpl.invoke0(Native Method)
	at sun.reflect.NativeMethodAccessorImpl.invoke(NativeMethodAccessorImpl.java:62)
	at sun.reflect.DelegatingMethodAccessorImpl.invoke(DelegatingMethodAccessorImpl.java:43)
	at java.lang.reflect.Method.invoke(Method.java:498)
	at org.junit.runners.model.FrameworkMethod$1.runReflectiveCall(FrameworkMethod.java:44)
	at org.junit.internal.runners.model.ReflectiveCallable.run(ReflectiveCallable.java:15)
	at org.junit.runners.model.FrameworkMethod.invokeExplosively(FrameworkMethod.java:41)
	at junitparams.internal.InvokeParameterisedMethod.evaluate(InvokeParameterisedMethod.java:102)
	at org.junit.internal.runners.statements.FailOnTimeout$1.run(FailOnTimeout.java:28)
Caused by: ptolemy.kernel.util.IllegalActionException: Found a zero delay loop containing .dependencyLoop.original
  in .dependencyLoop and .dependencyLoop.original
	at ptolemy.actor.util.CausalityInterfaceForComposites._computeOutputPortDepth(CausalityInterfaceForComposites.java:759)
	at ptolemy.actor.util.CausalityInterfaceForComposites._computeInputDepth(CausalityInterfaceForComposites.java:696)
	at ptolemy.actor.util.CausalityInterfaceForComposites._computeOutputPortDepth(CausalityInterfaceForComposites.java:765)
	at ptolemy.actor.util.CausalityInterfaceForComposites._computeInputDepth(CausalityInterfaceForComposites.java:696)
	at ptolemy.actor.util.CausalityInterfaceForComposites._computeOutputPortDepth(CausalityInterfaceForComposites.java:765)
	at ptolemy.actor.util.CausalityInterfaceForComposites._computeInputDepth(CausalityInterfaceForComposites.java:696)
	at ptolemy.actor.util.CausalityInterfaceForComposites._computeActorDepth(CausalityInterfaceForComposites.java:532)
	at ptolemy.actor.util.CausalityInterfaceForComposites.checkForCycles(CausalityInterfaceForComposites.java:96)
	at ptolemy.domains.de.kernel.DEDirector.preinitialize(DEDirector.java:1338)
	at ptolemy.actor.CompositeActor.preinitialize(CompositeActor.java:1828)
	at ptolemy.actor.Manager.preinitializeAndResolveTypes(Manager.java:1040)
	at ptolemy.actor.Manager.initialize(Manager.java:710)
	at ptolemy.actor.Manager.execute(Manager.java:356)
	at ptolemy.actor.Manager.run(Manager.java:1263)
	at ptolemy.actor.Manager$PtolemyRunThread.run(Manager.java:1915)
java.lang.RuntimeException: Execution failed
	at ptolemy.moml.MoMLSimpleApplication$UnloadThread.run(MoMLSimpleApplication.java:402)
Caused by: ptolemy.kernel.util.IllegalActionException: Found a zero delay loop containing .dependencyLoop2.original
  in .dependencyLoop2 and .dependencyLoop2.original
	at ptolemy.actor.util.CausalityInterfaceForComposites._computeOutputPortDepth(CausalityInterfaceForComposites.java:759)
	at ptolemy.actor.util.CausalityInterfaceForComposites._computeInputDepth(CausalityInterfaceForComposites.java:696)
	at ptolemy.actor.util.CausalityInterfaceForComposites._computeOutputPortDepth(CausalityInterfaceForComposites.java:765)
	at ptolemy.actor.util.CausalityInterfaceForComposites._computeInputDepth(CausalityInterfaceForComposites.java:696)
	at ptolemy.actor.util.CausalityInterfaceForComposites._computeOutputPortDepth(CausalityInterfaceForComposites.java:765)
	at ptolemy.actor.util.CausalityInterfaceForComposites._computeInputDepth(CausalityInterfaceForComposites.java:696)
	at ptolemy.actor.util.CausalityInterfaceForComposites._computeActorDepth(CausalityInterfaceForComposites.java:532)
	at ptolemy.actor.util.CausalityInterfaceForComposites.checkForCycles(CausalityInterfaceForComposites.java:96)
	at ptolemy.domains.de.kernel.DEDirector.preinitialize(DEDirector.java:1338)
	at ptolemy.actor.CompositeActor.preinitialize(CompositeActor.java:1828)
	at ptolemy.actor.Manager.preinitializeAndResolveTypes(Manager.java:1040)
	at ptolemy.actor.Manager.initialize(Manager.java:710)
	at ptolemy.actor.Manager.execute(Manager.java:356)
	at ptolemy.actor.Manager.run(Manager.java:1263)
	at ptolemy.actor.Manager$PtolemyRunThread.run(Manager.java:1915)
java.lang.reflect.InvocationTargetException
	at sun.reflect.NativeConstructorAccessorImpl.newInstance0(Native Method)
	at sun.reflect.NativeConstructorAccessorImpl.newInstance(NativeConstructorAccessorImpl.java:62)
	at sun.reflect.DelegatingConstructorAccessorImpl.newInstance(DelegatingConstructorAccessorImpl.java:45)
	at java.lang.reflect.Constructor.newInstance(Constructor.java:423)
	at ptolemy.util.test.junit.AutoKnownFailedTests.RunModel(AutoKnownFailedTests.java:105)
	at sun.reflect.NativeMethodAccessorImpl.invoke0(Native Method)
	at sun.reflect.NativeMethodAccessorImpl.invoke(NativeMethodAccessorImpl.java:62)
	at sun.reflect.DelegatingMethodAccessorImpl.invoke(DelegatingMethodAccessorImpl.java:43)
	at java.lang.reflect.Method.invoke(Method.java:498)
	at org.junit.runners.model.FrameworkMethod$1.runReflectiveCall(FrameworkMethod.java:44)
	at org.junit.internal.runners.model.ReflectiveCallable.run(ReflectiveCallable.java:15)
	at org.junit.runners.model.FrameworkMethod.invokeExplosively(FrameworkMethod.java:41)
	at junitparams.internal.InvokeParameterisedMethod.evaluate(InvokeParameterisedMethod.java:102)
	at org.junit.internal.runners.statements.FailOnTimeout$1.run(FailOnTimeout.java:28)
Caused by: ptolemy.kernel.util.IllegalActionException: Found a zero delay loop containing .dependencyLoop2.original
  in .dependencyLoop2 and .dependencyLoop2.original
	at ptolemy.actor.util.CausalityInterfaceForComposites._computeOutputPortDepth(CausalityInterfaceForComposites.java:759)
	at ptolemy.actor.util.CausalityInterfaceForComposites._computeInputDepth(CausalityInterfaceForComposites.java:696)
	at ptolemy.actor.util.CausalityInterfaceForComposites._computeOutputPortDepth(CausalityInterfaceForComposites.java:765)
	at ptolemy.actor.util.CausalityInterfaceForComposites._computeInputDepth(CausalityInterfaceForComposites.java:696)
	at ptolemy.actor.util.CausalityInterfaceForComposites._computeOutputPortDepth(CausalityInterfaceForComposites.java:765)
	at ptolemy.actor.util.CausalityInterfaceForComposites._computeInputDepth(CausalityInterfaceForComposites.java:696)
	at ptolemy.actor.util.CausalityInterfaceForComposites._computeActorDepth(CausalityInterfaceForComposites.java:532)
	at ptolemy.actor.util.CausalityInterfaceForComposites.checkForCycles(CausalityInterfaceForComposites.java:96)
	at ptolemy.domains.de.kernel.DEDirector.preinitialize(DEDirector.java:1338)
	at ptolemy.actor.CompositeActor.preinitialize(CompositeActor.java:1828)
	at ptolemy.actor.Manager.preinitializeAndResolveTypes(Manager.java:1040)
	at ptolemy.actor.Manager.initialize(Manager.java:710)
	at ptolemy.actor.Manager.execute(Manager.java:356)
	at ptolemy.actor.Manager.run(Manager.java:1263)
	at ptolemy.actor.Manager$PtolemyRunThread.run(Manager.java:1915)
]]></system-err>
</testsuite>
