<?xml version="1.0" encoding="UTF-8" ?>
<testsuite errors="0" failures="0" hostname="travis-job-dce47b37-8477-42b6-a3e1-6c1a8eb1703e" name="ptolemy.domains.de.test.junit.JUnitTclTest" skipped="0" tests="101" time="126.632" timestamp="2020-10-14T15:47:47">
  <properties>
    <property name="npm.executable" value="npm" />
    <property name="env.TRAVIS_ROOT" value="/" />
    <property name="ptII.mk.exists" value="true" />
    <property name="env.TRAVIS_APP_HOST" value="build.travis-ci.com" />
    <property name="env.rvm_bin_path" value="/home/travis/.rvm/bin" />
    <property name="java.home" value="/usr/local/lib/jvm/openjdk11" />
    <property name="env.TRAVIS_JOB_NUMBER" value="1798.9" />
    <property name="env.TRAVIS_HOME" value="/home/travis" />
    <property name="env.DISPLAY" value=":99.0" />
    <property name="env.TRAVIS_INIT" value="systemd" />
    <property name="env.SSH_TTY" value="/dev/pts/0" />
    <property name="java.net.preferIPv4Stack" value="true" />
    <property name="env.RUN_TESTS" value="true" />
    <property name="timeout.short" value="1000000" />
    <property name="junit.formatter" value="xml" />
    <property name="env.TRAVIS_SUDO" value="true" />
    <property name="env.TRAVIS_JOB_NAME" value="" />
    <property name="env.TRAVIS_STACK_NODE_ATTRIBUTES" value="/.node-attributes.yml" />
    <property name="env.LOGNAME" value="travis" />
    <property name="jsdoc.home" value="node_modules/@terraswarm/jsdoc" />
    <property name="debuglevel" value="source,lines,vars" />
    <property name="checkstyle.formatter" value="xml" />
    <property name="bin.vergil.makeable" value="true" />
    <property name="sun.os.patch.level" value="unknown" />
    <property name="java.vendor.url" value="http://java.oracle.com/" />
    <property name="env.TRAVIS_BUILD_WEB_URL" value="https://travis-ci.com/icyphy/ptII/builds/190057232" />
    <property name="java.version" value="11.0.2" />
    <property name="env.TZ" value="UTC" />
    <property name="env.TRAVIS_PULL_REQUEST_SHA" value="" />
    <property name="env.PT_NO_NET" value="true" />
    <property name="env.TRAVIS_SECURE_ENV_VARS" value="true" />
    <property name="java.vendor.url.bug" value="http://bugreport.java.com/bugreport/" />
    <property name="npmjs-org-is-up" value="true" />
    <property name="env.LANGUAGE" value="en_US.UTF-8" />
    <property name="env.SSH_CLIENT" value="10.16.3.22 37924 22" />
    <property name="env.GEM_HOME" value="/home/travis/.rvm/gems/ruby-2.5.3" />
    <property name="env.HAS_ANTARES_THREE_LITTLE_FRONZIES_BADGE" value="true" />
    <property name="java.version.date" value="2019-01-15" />
    <property name="env.PS4" value="+" />
    <property name="ant.project.invoked-targets" value="build,test.core2.xml" />
    <property name="env.TRAVIS_PULL_REQUEST_BRANCH" value="" />
    <property name="env.TRAVIS_REPO_SLUG" value="icyphy/ptII" />
    <property name="env.XDG_DATA_DIRS" value="/usr/local/share:/usr/share:/var/lib/snapd/desktop" />
    <property name="jdk.debug" value="release" />
    <property name="env.TRAVIS_APT_PROXY" value="http://build-cache.travisci.net" />
    <property name="env.TRAVIS_CPU_ARCH" value="amd64" />
    <property name="node.in.path" value="true" />
    <property name="user.name" value="travis" />
    <property name="java.maxmemory" value="1400m" />
    <property name="env.RUBY_VERSION" value="ruby-2.5.3" />
    <property name="env.LANG" value="en_US.UTF-8" />
    <property name="sun.io.unicode.encoding" value="UnicodeLittle" />
    <property name="sun.jnu.encoding" value="UTF-8" />
    <property name="java.runtime.name" value="OpenJDK Runtime Environment" />
    <property name="usefile" value="false" />
    <property name="return.code" value="0" />
    <property name="junit.single.formatter" value="plain" />
    <property name="env.DYLD_LIBRARY_PATH" value="/home/travis/pthla/certi-tools/lib:" />
    <property name="env.DEBIAN_FRONTEND" value="noninteractive" />
    <property name="env.SSH_CONNECTION" value="10.16.3.22 37924 10.30.4.200 22" />
    <property name="env.MYSQL_UNIX_PORT" value="/var/run/mysqld/mysqld.sock" />
    <property name="env.LC_ALL" value="en_US.UTF-8" />
    <property name="env.TRAVIS_ALLOW_FAILURE" value="" />
    <property name="env.TRAVIS_JOB_WEB_URL" value="https://travis-ci.com/icyphy/ptII/jobs/399664121" />
    <property name="java.specification.name" value="Java Platform API Specification" />
    <property name="node.works" value="true" />
    <property name="user.timezone" value="" />
    <property name="path.separator" value=":" />
    <property name="env.TRAVIS_ENABLE_INFRA_DETECTION" value="true" />
    <property name="env.PYTHON_CFLAGS" value="-g -fstack-protector --param=ssp-buffer-size=4 -Wformat -Werror=format-security" />
    <property name="timeout.long" value="4000000" />
    <property name="env.CERTI_HOME" value="/home/travis/pthla/certi-tools" />
    <property name="ant.file.ptII" value="/home/travis/build/icyphy/ptII/build.xml" />
    <property name="javadoc.packagenames" value="com.*,diva.*,lbnl.*,org.hlacerti.*,org.json.*,org.ptolemy.*,org.terraswarm.*,ptolemy.*,ptserver.*" />
    <property name="file.encoding" value="UTF-8" />
    <property name="env.TRAVIS_PULL_REQUEST_SLUG" value="" />
    <property name="ant.project.default-target" value="build" />
    <property name="env.GIT_ASKPASS" value="echo" />
    <property name="env.HOME" value="/home/travis" />
    <property name="sun.java.command" value="org.apache.tools.ant.taskdefs.optional.junit.JUnitTestRunner ptolemy.domains.de.test.junit.JUnitTclTest skipNonTests=false filtertrace=true haltOnError=false haltOnFailure=false formatter=org.apache.tools.ant.taskdefs.optional.junit.OutErrSummaryJUnitResultFormatter showoutput=true outputtoformatters=true logfailedtests=true threadid=0 logtestlistenerevents=false formatter=org.apache.tools.ant.taskdefs.optional.junit.XMLJUnitResultFormatter,/home/travis/build/icyphy/ptII/reports/junit/TEST-ptolemy.domains.de.test.junit.JUnitTclTest.xml crashfile=/home/travis/build/icyphy/ptII/junitvmwatcher14599728692694625198.properties propsfile=/home/travis/build/icyphy/ptII/junit5881474945679614262.properties" />
    <property name="env.COMPOSER_NO_INTERACTION" value="1" />
    <property name="env.MANPATH" value="/home/travis/.nvm/versions/node/v7.10.1/share/man:/home/travis/.rvm/rubies/ruby-2.5.3/share/man:/usr/local/cmake-3.12.4/man:/usr/local/clang-7.0.0/share/man:/usr/local/man:/usr/local/share/man:/usr/share/man:/home/travis/.rvm/man" />
    <property name="env.TRAVIS_TIMER_ID" value="080cc367" />
    <property name="ant.file" value="/home/travis/build/icyphy/ptII/build.xml" />
    <property name="env.TRAVIS_COMMIT_RANGE" value="3bb573e462e9b4151952318d01b7e361e9f419ad...74248200255084cca0f8d02e5ad09f36c0965423" />
    <property name="ptII.classpath.optional.property" value="/home/travis/build/icyphy/ptII/lib/bsh-2.0b4.jar:/home/travis/build/icyphy/ptII/lib/ptCal.jar:/home/travis/build/icyphy/ptII/lib/java_cup.jar:/home/travis/build/icyphy/ptII/lib/saxon8.jar:/home/travis/build/icyphy/ptII/lib/saxon8-dom.jar:/home/travis/build/icyphy/ptII/lib/chic.jar:/home/travis/build/icyphy/ptII/lib/ptcolt.jar:/home/travis/build/icyphy/ptII/vendors/misc/itext/iText.jar:/home/travis/build/icyphy/ptII/lib/g4ltl.jar:/home/travis/build/icyphy/ptII/lib/StructuralCoder.jar:/home/travis/build/icyphy/ptII/lib/jcerti.jar:/home/travis/build/icyphy/ptII/lib/javax.mail.jar:/home/travis/build/icyphy/ptII/vendors/JMF-2.1.1e/lib/jmf.jar:/home/travis/build/icyphy/ptII/lib/jna-4.0.0-variadic.jar:/home/travis/build/icyphy/ptII/vendors/misc/joystick/Joystick.jar:/home/travis/build/icyphy/ptII/lib/ptjacl.jar:/home/travis/build/icyphy/ptII/lib/jsoup-1.8.2.jar:/home/travis/build/icyphy/ptII/lib/junit-4.8.2.jar:/home/travis/build/icyphy/ptII/lib/JUnitParams-0.4.0.jar:/home/travis/build/icyphy/ptII/ptolemy/actor/lib/excel/jxl.jar:/home/travis/build/icyphy/ptII/lib/jython.jar:/home/travis/build/icyphy/ptII/lib/kieler.jar:/home/travis/build/icyphy/ptII/vendors/opencv/share/OpenCV/java/opencv-341.jar:/home/travis/build/icyphy/ptII/lib/oscP5.jar:/home/travis/build/icyphy/ptII/lib/nrjavaserial-3.11.0.devel.jar:/home/travis/build/icyphy/ptII/vendors/j3d/lib/Linux/j3dcore.jar:/home/travis/build/icyphy/ptII/vendors/j3d/lib/Linux/j3dutils.jar:/home/travis/build/icyphy/ptII/vendors/j3d/lib/Linux/vecmath.jar:/home/travis/build/icyphy/ptII/vendors/jogl/lib/Linux/gluegen-rt-natives-linux-amd64.jar:/home/travis/build/icyphy/ptII/vendors/jogl/lib/Linux/gluegen-rt.jar:/home/travis/build/icyphy/ptII/vendors/jogl/lib/Linux/jogl-all-natives-linux-amd64.jar:/home/travis/build/icyphy/ptII/vendors/jogl/lib/Linux/jogl-all.jar:/home/travis/build/icyphy/ptII/ptolemy/distributed/jini/jar/jini-core.jar:/home/travis/build/icyphy/ptII/ptolemy/distributed/jini/jar/jini-ext.jar:/home/travis/build/icyphy/ptII/ptolemy/distributed/jini/jar/sun-util.jar:/home/travis/build/icyphy/ptII/lib/protobuf-java-2.4.1.jar:/home/travis/build/icyphy/ptII/lib/org.eclipse.paho.client.mqttv3.jar:/home/travis/build/icyphy/ptII/lib/mapss.jar:/home/travis/build/icyphy/ptII/ptolemy/actor/ptalon/antlr/antlr.jar:/home/travis/build/icyphy/ptII/lib/JRI.jar:/home/travis/build/icyphy/ptII/lib/commons-lang-2.6.jar:/home/travis/build/icyphy/ptII/lib/commons-logging-1.1.1.jar:/home/travis/build/icyphy/ptII/lib/sootclasses.jar:/home/travis/build/icyphy/ptII/ptolemy/actor/lib/database/mysql-connector-java-5.1.6-bin.jar:/home/travis/build/icyphy/ptII/vendors/misc/sphinx4/sphinx4-data-5prealpha.jar:/home/travis/build/icyphy/ptII/vendors/misc/sphinx4/sphinx4-core-5prealpha.jar:/home/travis/build/icyphy/ptII/lib/PDFRenderer.jar:/home/travis/build/icyphy/ptII/lib/svgSalamander.jar:/home/travis/build/icyphy/ptII/lib/rsyntaxtextarea-2.6.0-SNAPSHOT.jar:/home/travis/build/icyphy/ptII/lib/hazelcast-3.8.2.jar:/home/travis/build/icyphy/ptII/lib/jackson-annotations-2.9.0.jar:/home/travis/build/icyphy/ptII/lib/jackson-core-2.9.3.jar:/home/travis/build/icyphy/ptII/lib/jackson-databind-2.9.3.jar:/home/travis/build/icyphy/ptII/lib/netty-buffer-4.1.19.Final.jar:/home/travis/build/icyphy/ptII/lib/netty-codec-4.1.19.Final.jar:/home/travis/build/icyphy/ptII/lib/netty-codec-dns-4.1.19.Final.jar:/home/travis/build/icyphy/ptII/lib/netty-codec-http-4.1.19.Final.jar:/home/travis/build/icyphy/ptII/lib/netty-codec-http2-4.1.19.Final.jar:/home/travis/build/icyphy/ptII/lib/netty-common-4.1.19.Final.jar:/home/travis/build/icyphy/ptII/lib/netty-handler-4.1.19.Final.jar:/home/travis/build/icyphy/ptII/lib/netty-resolver-4.1.19.Final.jar:/home/travis/build/icyphy/ptII/lib/netty-resolver-dns-4.1.19.Final.jar:/home/travis/build/icyphy/ptII/lib/netty-transport-4.1.19.Final.jar:/home/travis/build/icyphy/ptII/lib/vertx-codegen-3.5.1.jar:/home/travis/build/icyphy/ptII/lib/vertx-core-3.5.2-SNAPSHOT.jar:/home/travis/build/icyphy/ptII/lib/vertx-hazelcast-3.5.1.jar:/home/travis/build/icyphy/ptII/lib/vertx-lang-js-3.5.1.jar:/home/travis/build/icyphy/ptII/lib/vertx-service-proxy-3.5.1.jar:/home/travis/build/icyphy/ptII/lib/vertx-web-3.5.1.jar:/home/travis/build/icyphy/ptII/lib/slf4j-api-1.7.13.jar:/home/travis/build/icyphy/ptII/lib/slf4j-simple-1.7.13.jar:/home/travis/build/icyphy/ptII/lib/webcam-capture-0.3.12.jar:/home/travis/build/icyphy/ptII/lib/bridj-0.7.0.jar:/home/travis/build/icyphy/ptII/lib/xbjlib-1.1.0.nrjavaserial.jar" />
    <property name="timeout" value="2400000" />
    <property name="test.batch" value="**/junit/*.java" />
    <property name="env._" value="/usr/bin/timeout" />
    <property name="java.io.tmpdir" value="/tmp" />
    <property name="user.language" value="en" />
    <property name="env.TRAVIS_INTERNAL_RUBY_REGEX" value="^ruby-(2\.[0-4]\.[0-9]|1\.9\.3)" />
    <property name="env.HISTCONTROL" value="ignoredups:ignorespace" />
    <property name="env.GOROOT" value="/home/travis/.gimme/versions/go1.11.1.linux.amd64" />
    <property name="line.separator" value="&#xa;" />
    <property name="target" value="11" />
    <property name="env.TRAVIS_BUILD_DIR" value="/home/travis/build/icyphy/ptII" />
    <property name="env.ANT_OPTS" value="-Xmx2048m" />
    <property name="ant.file.type" value="file" />
    <property name="ptolemy.ptII.batchMode" value="true" />
    <property name="env.HISTSIZE" value="1000" />
    <property name="env.MERB_ENV" value="test" />
    <property name="java.vm.info" value="mixed mode" />
    <property name="source" value="11" />
    <property name="java.vm.specification.name" value="Java Virtual Machine Specification" />
    <property name="env.TRAVIS_TEST_RESULT" value="0" />
    <property name="jsdoc.command" value="node_modules/@terraswarm/jsdoc/jsdoc.js" />
    <property name="npm.works" value="true" />
    <property name="cobertura.dir" value="/home/travis/build/icyphy/ptII/vendors/cobertura-2.0.3" />
    <property name="jsdoc.command.exists" value="true" />
    <property name="env.rvm_path" value="/home/travis/.rvm" />
    <property name="env.GEM_PATH" value="/home/travis/.rvm/gems/ruby-2.5.3:/home/travis/.rvm/gems/ruby-2.5.3@global" />
    <property name="env.LC_CTYPE" value="en_US.UTF-8" />
    <property name="env.TRAVIS_CMD" value="$PTII/bin/ptIITravisBuild.sh $SECONDS" />
    <property name="java.awt.printerjob" value="sun.print.PSPrinterJob" />
    <property name="env.TRAVIS_STACK_NAME" value="sardonyx" />
    <property name="env.TRAVIS_TIMER_START_TIME" value="1602690257521655471" />
    <property name="ant.version" value="Apache Ant(TM) version 1.10.1 compiled on February 2 2017" />
    <property name="ptII.reports" value="/home/travis/build/icyphy/ptII/reports" />
    <property name="env.TRAVIS_STACK_TIMESTAMP" value="2020-06-24 13:13:18 UTC" />
    <property name="ant.file.type.ptII" value="file" />
    <property name="env.RBENV_SHELL" value="bash" />
    <property name="os.name" value="Linux" />
    <property name="java.specification.vendor" value="Oracle Corporation" />
    <property name="env.rvm_version" value="1.29.10 (latest)" />
    <property name="env.TRAVIS_INFRA" value="unknown" />
    <property name="env.TERM" value="xterm" />
    <property name="java.vm.name" value="OpenJDK 64-Bit Server VM" />
    <property name="env.TRAVIS_BUILD_NUMBER" value="1798" />
    <property name="env.CI" value="true" />
    <property name="java.library.path" value="/home/travis/pthla/certi-tools/lib:/usr/lib/jni:/usr/local/share/OpenCV/java/:/usr/share/OpenCV/java::/usr/java/packages/lib:/usr/lib64:/lib64:/lib:/usr/lib" />
    <property name="jdk.module.path" value="/home/travis/build/icyphy/ptII/vendors/javafx/javafx-sdk-11.0.2/lib:" />
    <property name="env.rvm_prefix" value="/home/travis" />
    <property name="env.PATH" value="/home/travis/pthla/certi-tools/share/scripts:/home/travis/.rvm/gems/ruby-2.5.3/bin:/home/travis/.rvm/gems/ruby-2.5.3@global/bin:/home/travis/.rvm/rubies/ruby-2.5.3/bin:/home/travis/.rvm/bin:/home/travis/.nvm/versions/node/v7.10.1/bin:./node_modules/.bin:/home/travis/build/icyphy/ptII/bin:/home/travis/pthla/certi-tools/bin:/home/travis/bin:/home/travis/.local/bin:/usr/local/lib/jvm/openjdk11/bin:/opt/pyenv/shims:/home/travis/.phpenv/shims:/home/travis/perl5/perlbrew/bin:/home/travis/gopath/bin:/home/travis/.gimme/versions/go1.11.1.linux.amd64/bin:/usr/local/maven-3.6.3/bin:/usr/local/cmake-3.12.4/bin:/usr/local/clang-7.0.0/bin:/usr/local/sbin:/usr/local/bin:/usr/sbin:/usr/bin:/sbin:/bin:/snap/bin:/home/travis/.phpenv/bin:/opt/pyenv/bin:/home/travis/.yarn/bin" />
    <property name="env.TRAVIS_OS_NAME" value="linux" />
    <property name="ant.java.version" value="9" />
    <property name="basedir" value="/home/travis/build/icyphy/ptII" />
    <property name="java.class.version" value="55.0" />
    <property name="env.SHLVL" value="3" />
    <property name="env.LD_LIBRARY_PATH" value="/home/travis/pthla/certi-tools/lib:/usr/lib/jni:/usr/local/share/OpenCV/java/:/usr/share/OpenCV/java:" />
    <property name="env.RACK_ENV" value="test" />
    <property name="ant.home" value="/home/travis/build/icyphy/ptII/ant" />
    <property name="env.NVM_DIR" value="/home/travis/.nvm" />
    <property name="env.CERTI_FOM_PATH" value="/home/travis/pthla/certi-tools/share/federations" />
    <property name="env.TRAVIS_BUILD_ID" value="190057232" />
    <property name="env.PYENV_ROOT" value="/opt/pyenv" />
    <property name="env.TRAVIS_UID" value="2000" />
    <property name="prism.verbose" value="true" />
    <property name="env.NVM_BIN" value="/home/travis/.nvm/versions/node/v7.10.1/bin" />
    <property name="env.TRAVIS_COMMIT" value="74248200255084cca0f8d02e5ad09f36c0965423" />
    <property name="node.executable" value="node" />
    <property name="sun.boot.library.path" value="/usr/local/lib/jvm/openjdk11/lib" />
    <property name="sun.management.compiler" value="HotSpot 64-Bit Tiered Compilers" />
    <property name="java.awt.graphicsenv" value="sun.awt.X11GraphicsEnvironment" />
    <property name="env.GOPATH" value="/home/travis/gopath" />
    <property name="ptolemy.ptII.dir" value="/home/travis/build/icyphy/ptII" />
    <property name="env.USER" value="travis" />
    <property name="env.HISTFILESIZE" value="2000" />
    <property name="env.NVM_INC" value="/home/travis/.nvm/versions/node/v7.10.1/include/node" />
    <property name="timeout.longest" value="19000000" />
    <property name="env.PERLBREW_SHELLRC_VERSION" value="0.88" />
    <property name="env.TRAVIS_STACK_FEATURES" value="basic couchdb disabled-ipv6 docker docker-compose elasticsearch firefox go-toolchain google-chrome jdk memcached mongodb mysql nodejs_interpreter perl_interpreter perlbrew phantomjs postgresql python_interpreter redis ruby_interpreter sqlite xserver" />
    <property name="env.TRAVIS_PULL_REQUEST" value="false" />
    <property name="env.PYENV_SHELL" value="bash" />
    <property name="ant.project.name" value="ptII" />
    <property name="env.ANSI_RESET" value="\033[0m" />
    <property name="java.vm.specification.version" value="11" />
    <property name="env.TRAVIS_DIST" value="xenial" />
    <property name="env.CERTI_VERSION" value="4.0.0" />
    <property name="env.CERTI_HOST" value="localhost" />
    <property name="awt.toolkit" value="sun.awt.X11.XToolkit" />
    <property name="env.MY_RUBY_HOME" value="/home/travis/.rvm/rubies/ruby-2.5.3" />
    <property name="sun.cpu.isalist" value="" />
    <property name="env.TRAVIS_TMPDIR" value="/tmp/tmp.7iRyamHEKA" />
    <property name="java.vm.compressedOopsMode" value="Zero based" />
    <property name="os.version" value="4.15.0-1077-gcp" />
    <property name="user.home" value="/home/travis" />
    <property name="java.vm.vendor" value="Oracle Corporation" />
    <property name="env.TRAVIS_TAG" value="nightly" />
    <property name="env.ANSI_YELLOW" value="\033[33;1m" />
    <property name="env.TRAVIS_FILTERED" value="redirect_io" />
    <property name="env.ANSI_GREEN" value="\033[32;1m" />
    <property name="env.JAVA_HOME" value="/usr/local/lib/jvm/openjdk11" />
    <property name="javadoc.excludepackagenames" value="adm.cvs2svn.*,build.*,config.*,doc.coding.templates.*,jni.test.jni.meaningOfLife.*,jni.test.jni.testDeux.*,jni.test.jni.testTrois.*,org.terraswarm.accessor.accessors.web.node_modules.*,org.terraswarm.accessor.accessors.web.hosts.cordova.demo.*,org.terraswarm.accessor.accessors.web.hosts.cordova.plugins.*,org.terraswarm.accessor.accessors-svn.*,pt-modules.*,ptolemy.apps.agilent.*,ptolemy.apps.anytimecontrol.*,ptolemy.apps.apes.*,ptolemy.apps.charon.*,ptolemy.apps.crazyboard.*,ptolemy.apps.eclipse.*,ptolemy.apps.etherealSting.*,ptolemy.apps.fullscreen.*,ptolemy.apps.giotto.*,ptolemy.apps.ia.*,ptolemy.apps.interfaces.*,ptolemy.apps.jmf.*,ptolemy.apps.kurt.*,ptolemy.apps.kvm.*,ptolemy.apps.lego.*,ptolemy.apps.lejos.*,ptolemy.apps.midp.*,ptolemy.apps.mobileCoding.*,ptolemy.apps.pendulum.*,ptolemy.apps.rijndael.*,ptolemy.apps.robot.*,ptolemy.apps.security.*,ptolemy.apps.sobel.*,ptolemy.apps.soot.*,ptolemy.apps.throttle.*,ptolemy.apps.tini.*,ptolemy.apps.transmission.*,ptolemy.apps.vergil.*,ptolemy.apps.waba.*,ptolemy.apps.websensor.*,ptolemy.apps.webstart.*,ptolemy.apps.xsl.*,ptolemy.apps.zaurus.*,ptolemy.codegen.c.actor.lib.oldJavaFiles.*,ptolemy.codegen.dsp.lib.*,ptolemy.codegen.kernel.newInterfaces.*,ptolemy.codegen.lib.*,ptolemy.copernicus.kernel.fragment.*,ptolemy.copernicus.shallow.cg.*,ptolemy.domains.giotto.demo.Hierarchy.Hierarchy.*,ptolemy.domains.giotto.demo.Multimode.Multimode.*,ptolemy.domains.giotto.demo.Simple.Simple.*,ptolemy.domains.gr.lib.experimental.*,ptolemy.domains.gro.*,ptolemy.domains.pdf.*,ptolemy.domains.ptinyos.demo.Surge.output.*,ptolemy.moml.test.NoPackageActor.java*,ptolemy.plot.adm.*,ptolemy.plot.servlet.*,reports.*,signed.*,src.*,target.*,vendors.*,ptolemy.copernicus.applet.*,ptolemy.media.viewer.*,ptolemy.actor.corba.*,doc.doclets.*,ptolemy.apps.eclipse.awt.*,ptolemy.backtrack.*,ptolemy.backtrack.ast.*,ptolemy.cg.adapter.generic.program.procedural.c.mbed*,ptolemy.homer.*,ptolemy.actor.lib.jai.*,org.ptolemy.scala.*,diva.util.java2d.svg.*,ptolemy.domains.ptinyos.*,ptolemy.actor.lib.fmi.fmipp.*,,org.terraswarm.accessor.accessors.web.node_modules.*,org.terraswarm.accessor.accessors-svn,ptolemy.apps.*,ptolemy.actor.ptalon.demo.ptinyos.SendAndReceiveCnt.output,ptolemy.actor.ptalon.demo.ptinyos.SenseToLeds.output,ptolemy.domains.ptinyos.demo.CntToLedsAndRfm.output,ptolemy.domains.ptinyos.demo.RfmToLeds.output,ptolemy.domains.ptinyos.demo.SendAndReceiveCnt.output,ptolemy.domains.ptinyos.demo.SenseToLeds.output,ptolemy.actor.lib.jjs.modules.udpSocket.*" />
    <property name="env.PTII" value="/home/travis/build/icyphy/ptII" />
    <property name="env.XDG_SESSION_ID" value="2" />
    <property name="keystore" value="ptKeystore" />
    <property name="env.TRAVIS_COMMIT_MESSAGE" value="Exclude org/hlacerti/newModels1516e/VariableArrayPTIIJavaFed" />
    <property name="junit.output.dir" value="/home/travis/build/icyphy/ptII/reports/junit" />
    <property name="npm.return.code" value="0" />
    <property name="user.dir" value="/home/travis/build/icyphy/ptII/ptolemy/domains/de/test" />
    <property name="env.TRAVIS_NODE_VERSION" value="7" />
    <property name="env.TRAVIS_EVENT_TYPE" value="cron" />
    <property name="env.MAIL" value="/var/mail/travis" />
    <property name="env.PERLBREW_ROOT" value="/home/travis/perl5/perlbrew" />
    <property name="env.PWD" value="/home/travis/build/icyphy/ptII" />
    <property name="timeout.npm" value="45000" />
    <property name="env.PT_TRAVIS_TEST_CORE2_XML" value="true" />
    <property name="env.TRAVIS_ARCH" value="amd64" />
    <property name="sun.cpu.endian" value="little" />
    <property name="env.PAGER" value="cat" />
    <property name="env.TRAVIS_BUILD_STAGE_NAME" value="test" />
    <property name="env.PERLBREW_HOME" value="/home/travis/.perlbrew" />
    <property name="java.vm.version" value="11.0.2+9" />
    <property name="env.RAILS_ENV" value="test" />
    <property name="java.class.path" value="/home/travis/build/icyphy/ptII:/home/travis/build/icyphy/ptII/lib/bsh-2.0b4.jar:/home/travis/build/icyphy/ptII/lib/ptCal.jar:/home/travis/build/icyphy/ptII/lib/java_cup.jar:/home/travis/build/icyphy/ptII/lib/saxon8.jar:/home/travis/build/icyphy/ptII/lib/saxon8-dom.jar:/home/travis/build/icyphy/ptII/lib/chic.jar:/home/travis/build/icyphy/ptII/lib/ptcolt.jar:/home/travis/build/icyphy/ptII/vendors/misc/itext/iText.jar:/home/travis/build/icyphy/ptII/lib/g4ltl.jar:/home/travis/build/icyphy/ptII/lib/StructuralCoder.jar:/home/travis/build/icyphy/ptII/lib/jcerti.jar:/home/travis/build/icyphy/ptII/lib/javax.mail.jar:/home/travis/build/icyphy/ptII/vendors/JMF-2.1.1e/lib/jmf.jar:/home/travis/build/icyphy/ptII/lib/jna-4.0.0-variadic.jar:/home/travis/build/icyphy/ptII/vendors/misc/joystick/Joystick.jar:/home/travis/build/icyphy/ptII/lib/ptjacl.jar:/home/travis/build/icyphy/ptII/lib/jsoup-1.8.2.jar:/home/travis/build/icyphy/ptII/lib/junit-4.8.2.jar:/home/travis/build/icyphy/ptII/lib/JUnitParams-0.4.0.jar:/home/travis/build/icyphy/ptII/ptolemy/actor/lib/excel/jxl.jar:/home/travis/build/icyphy/ptII/lib/jython.jar:/home/travis/build/icyphy/ptII/lib/kieler.jar:/home/travis/build/icyphy/ptII/vendors/opencv/share/OpenCV/java/opencv-341.jar:/home/travis/build/icyphy/ptII/lib/oscP5.jar:/home/travis/build/icyphy/ptII/lib/nrjavaserial-3.11.0.devel.jar:/home/travis/build/icyphy/ptII/vendors/j3d/lib/Linux/j3dcore.jar:/home/travis/build/icyphy/ptII/vendors/j3d/lib/Linux/j3dutils.jar:/home/travis/build/icyphy/ptII/vendors/j3d/lib/Linux/vecmath.jar:/home/travis/build/icyphy/ptII/vendors/jogl/lib/Linux/gluegen-rt-natives-linux-amd64.jar:/home/travis/build/icyphy/ptII/vendors/jogl/lib/Linux/gluegen-rt.jar:/home/travis/build/icyphy/ptII/vendors/jogl/lib/Linux/jogl-all-natives-linux-amd64.jar:/home/travis/build/icyphy/ptII/vendors/jogl/lib/Linux/jogl-all.jar:/home/travis/build/icyphy/ptII/ptolemy/distributed/jini/jar/jini-core.jar:/home/travis/build/icyphy/ptII/ptolemy/distributed/jini/jar/jini-ext.jar:/home/travis/build/icyphy/ptII/ptolemy/distributed/jini/jar/sun-util.jar:/home/travis/build/icyphy/ptII/lib/protobuf-java-2.4.1.jar:/home/travis/build/icyphy/ptII/lib/org.eclipse.paho.client.mqttv3.jar:/home/travis/build/icyphy/ptII/lib/mapss.jar:/home/travis/build/icyphy/ptII/ptolemy/actor/ptalon/antlr/antlr.jar:/home/travis/build/icyphy/ptII/lib/JRI.jar:/home/travis/build/icyphy/ptII/lib/commons-lang-2.6.jar:/home/travis/build/icyphy/ptII/lib/commons-logging-1.1.1.jar:/home/travis/build/icyphy/ptII/lib/sootclasses.jar:/home/travis/build/icyphy/ptII/ptolemy/actor/lib/database/mysql-connector-java-5.1.6-bin.jar:/home/travis/build/icyphy/ptII/vendors/misc/sphinx4/sphinx4-data-5prealpha.jar:/home/travis/build/icyphy/ptII/vendors/misc/sphinx4/sphinx4-core-5prealpha.jar:/home/travis/build/icyphy/ptII/lib/PDFRenderer.jar:/home/travis/build/icyphy/ptII/lib/svgSalamander.jar:/home/travis/build/icyphy/ptII/lib/rsyntaxtextarea-2.6.0-SNAPSHOT.jar:/home/travis/build/icyphy/ptII/lib/hazelcast-3.8.2.jar:/home/travis/build/icyphy/ptII/lib/jackson-annotations-2.9.0.jar:/home/travis/build/icyphy/ptII/lib/jackson-core-2.9.3.jar:/home/travis/build/icyphy/ptII/lib/jackson-databind-2.9.3.jar:/home/travis/build/icyphy/ptII/lib/netty-buffer-4.1.19.Final.jar:/home/travis/build/icyphy/ptII/lib/netty-codec-4.1.19.Final.jar:/home/travis/build/icyphy/ptII/lib/netty-codec-dns-4.1.19.Final.jar:/home/travis/build/icyphy/ptII/lib/netty-codec-http-4.1.19.Final.jar:/home/travis/build/icyphy/ptII/lib/netty-codec-http2-4.1.19.Final.jar:/home/travis/build/icyphy/ptII/lib/netty-common-4.1.19.Final.jar:/home/travis/build/icyphy/ptII/lib/netty-handler-4.1.19.Final.jar:/home/travis/build/icyphy/ptII/lib/netty-resolver-4.1.19.Final.jar:/home/travis/build/icyphy/ptII/lib/netty-resolver-dns-4.1.19.Final.jar:/home/travis/build/icyphy/ptII/lib/netty-transport-4.1.19.Final.jar:/home/travis/build/icyphy/ptII/lib/vertx-codegen-3.5.1.jar:/home/travis/build/icyphy/ptII/lib/vertx-core-3.5.2-SNAPSHOT.jar:/home/travis/build/icyphy/ptII/lib/vertx-hazelcast-3.5.1.jar:/home/travis/build/icyphy/ptII/lib/vertx-lang-js-3.5.1.jar:/home/travis/build/icyphy/ptII/lib/vertx-service-proxy-3.5.1.jar:/home/travis/build/icyphy/ptII/lib/vertx-web-3.5.1.jar:/home/travis/build/icyphy/ptII/lib/slf4j-api-1.7.13.jar:/home/travis/build/icyphy/ptII/lib/slf4j-simple-1.7.13.jar:/home/travis/build/icyphy/ptII/lib/webcam-capture-0.3.12.jar:/home/travis/build/icyphy/ptII/lib/bridj-0.7.0.jar:/home/travis/build/icyphy/ptII/lib/xbjlib-1.1.0.nrjavaserial.jar:/home/travis/build/icyphy/ptII/ptolemy/moml/test:/home/travis/build/icyphy/ptII/ant/lib/ant-launcher.jar:/home/travis/build/icyphy/ptII/ant/lib/ant.jar:/home/travis/build/icyphy/ptII/ant/lib/ant-junit.jar:/home/travis/build/icyphy/ptII/ant/lib/ant-junit4.jar" />
    <property name="ant.library.dir" value="/home/travis/build/icyphy/ptII/ant/lib" />
    <property name="os.arch" value="amd64" />
    <property name="env.CONTINUOUS_INTEGRATION" value="true" />
    <property name="env.TRAVIS_LANGUAGE" value="node_js" />
    <property name="env.TRAVIS_STACK_LANGUAGES" value="__sardonyx__ c c++ clojure cplusplus cpp default generic go groovy java node_js php pure_java python ruby scala" />
    <property name="test.name" value="ptolemy.actor.lib.test.junit.JUnitTclTest" />
    <property name="env.APT_KEY_DONT_WARN_ON_DANGEROUS_USAGE" value="1" />
    <property name="sun.java.launcher" value="SUN_STANDARD" />
    <property name="env.PYTHON_CONFIGURE_OPTS" value="--enable-unicode=ucs4 --with-wide-unicode --enable-shared --enable-ipv6 --enable-loadable-sqlite-extensions --with-computed-gotos" />
    <property name="ant.core.lib" value="/home/travis/build/icyphy/ptII/ant/lib/ant.jar" />
    <property name="java.vm.specification.vendor" value="Oracle Corporation" />
    <property name="env.BCVTB_HOME" value="/home/travis/build/icyphy/ptII/lbnl" />
    <property name="file.separator" value="/" />
    <property name="spotbugs.home" value="/home/travis/build/icyphy/ptII/vendors/spotbugs-3.1.1" />
    <property name="java.runtime.version" value="11.0.2+9" />
    <property name="javafx.verbose" value="true" />
    <property name="env.ANSI_CLEAR" value="\033[0K" />
    <property name="env.HAS_JOSH_K_SEAL_OF_APPROVAL" value="true" />
    <property name="env.XDG_RUNTIME_DIR" value="/run/user/2000" />
    <property name="env.TRAVIS_OSX_IMAGE" value="" />
    <property name="env.TRAVIS_JOB_ID" value="399664121" />
    <property name="env.TRAVIS_BRANCH" value="master" />
    <property name="user.country" value="US" />
    <property name="env.CERTI_HOME_TRAVIS" value="/home/travis/pthla/certi-tools" />
    <property name="env.SHELL" value="/bin/bash" />
    <property name="java.maxmemory.large" value="3200m" />
    <property name="model" value="" />
    <property name="env.CASHER_DIR" value="/home/travis/.casher" />
    <property name="env.NVM_CD_FLAGS" value="" />
    <property name="java.vendor.version" value="18.9" />
    <property name="jshint.executable" value="/home/travis/node_modules/jshint/bin/jshint" />
    <property name="env.JRUBY_OPTS" value=" --client -J-XX:+TieredCompilation -J-XX:TieredStopAtLevel=1 -J-Xss2m -Xcompile.invokedynamic=false" />
    <property name="java.vendor" value="Oracle Corporation" />
    <property name="env.TRAVIS_PRE_CHEF_BOOTSTRAP_TIME" value="2020-06-24T13:13:03" />
    <property name="env.TRAVIS_STACK_JOB_BOARD_REGISTER" value="/.job-board-register.yml" />
    <property name="env.ANSI_RED" value="\033[31;1m" />
    <property name="java.specification.version" value="11" />
    <property name="env.IRBRC" value="/home/travis/.rvm/rubies/ruby-2.5.3/.irbrc" />
    <property name="env.TRAVIS" value="true" />
    <property name="sun.arch.data.model" value="64" />
  </properties>
  <testcase classname="ptolemy.util.test.junit.TclTests" name="[0] /home/travis/build/icyphy/ptII/ptolemy/domains/de/test/DependencyLoop.tcl (RunTclFile)" time="0.959" />
  <testcase classname="ptolemy.util.test.junit.TclTests" name="[1] /home/travis/build/icyphy/ptII/ptolemy/domains/de/test/RunDETestsAsQSS.tcl (RunTclFile)" time="85.782" />
  <testcase classname="ptolemy.util.test.junit.AutoKnownFailedTests" name="[0] /home/travis/build/icyphy/ptII/ptolemy/domains/de/test/auto/knownFailedTests/DESDFClockTest.xml (RunModel)" time="2.062" />
  <testcase classname="ptolemy.util.test.junit.AutoKnownFailedTests" name="[1] /home/travis/build/icyphy/ptII/ptolemy/domains/de/test/auto/knownFailedTests/DirectFeedback.xml (RunModel)" time="0.024" />
  <testcase classname="ptolemy.util.test.junit.AutoKnownFailedTests" name="[2] /home/travis/build/icyphy/ptII/ptolemy/domains/de/test/auto/knownFailedTests/FSMSource.xml (RunModel)" time="0.026" />
  <testcase classname="ptolemy.util.test.junit.AutoKnownFailedTests" name="[3] /home/travis/build/icyphy/ptII/ptolemy/domains/de/test/auto/knownFailedTests/HierarchicalModel.xml (RunModel)" time="0.061" />
  <testcase classname="ptolemy.util.test.junit.AutoKnownFailedTests" name="[4] /home/travis/build/icyphy/ptII/ptolemy/domains/de/test/auto/knownFailedTests/dependencyLoop.xml (RunModel)" time="0.053" />
  <testcase classname="ptolemy.util.test.junit.AutoKnownFailedTests" name="[5] /home/travis/build/icyphy/ptII/ptolemy/domains/de/test/auto/knownFailedTests/dependencyLoop2.xml (RunModel)" time="0.062" />
  <testcase classname="ptolemy.util.test.junit.AutoNameArchTests" name="[0] ThereAreNoAutoArchTests (RunModel)" time="0.002" />
  <testcase classname="ptolemy.util.test.junit.AutoTests" name="[0] /home/travis/build/icyphy/ptII/ptolemy/domains/de/test/auto/ActorDepthCalculation_actorWithoutPorts.xml (RunModel)" time="0.034" />
  <testcase classname="ptolemy.util.test.junit.AutoTests" name="[1] /home/travis/build/icyphy/ptII/ptolemy/domains/de/test/auto/AssemblyLine.xml (RunModel)" time="0.028" />
  <testcase classname="ptolemy.util.test.junit.AutoTests" name="[2] /home/travis/build/icyphy/ptII/ptolemy/domains/de/test/auto/CQBug1.xml (RunModel)" time="0.018" />
  <testcase classname="ptolemy.util.test.junit.AutoTests" name="[3] /home/travis/build/icyphy/ptII/ptolemy/domains/de/test/auto/CancelFireAt.xml (RunModel)" time="0.022" />
  <testcase classname="ptolemy.util.test.junit.AutoTests" name="[4] /home/travis/build/icyphy/ptII/ptolemy/domains/de/test/auto/CausalityAndComposabilityAnalysis.xml (RunModel)" time="0.024" />
  <testcase classname="ptolemy.util.test.junit.AutoTests" name="[5] /home/travis/build/icyphy/ptII/ptolemy/domains/de/test/auto/CausalityInterface1.xml (RunModel)" time="0.014" />
  <testcase classname="ptolemy.util.test.junit.AutoTests" name="[6] /home/travis/build/icyphy/ptII/ptolemy/domains/de/test/auto/CausalityInterface15.xml (RunModel)" time="0.017" />
  <testcase classname="ptolemy.util.test.junit.AutoTests" name="[7] /home/travis/build/icyphy/ptII/ptolemy/domains/de/test/auto/CausalityInterface2.xml (RunModel)" time="0.015" />
  <testcase classname="ptolemy.util.test.junit.AutoTests" name="[8] /home/travis/build/icyphy/ptII/ptolemy/domains/de/test/auto/CausalityInterface3.xml (RunModel)" time="0.018" />
  <testcase classname="ptolemy.util.test.junit.AutoTests" name="[9] /home/travis/build/icyphy/ptII/ptolemy/domains/de/test/auto/ClockDrift.xml (RunModel)" time="0.043" />
  <testcase classname="ptolemy.util.test.junit.AutoTests" name="[10] /home/travis/build/icyphy/ptII/ptolemy/domains/de/test/auto/ClockDriftAndValueChange.xml (RunModel)" time="0.031" />
  <testcase classname="ptolemy.util.test.junit.AutoTests" name="[11] /home/travis/build/icyphy/ptII/ptolemy/domains/de/test/auto/ClockDriftChange.xml (RunModel)" time="0.031" />
  <testcase classname="ptolemy.util.test.junit.AutoTests" name="[12] /home/travis/build/icyphy/ptII/ptolemy/domains/de/test/auto/ComposableCausalityAnalysis.xml (RunModel)" time="0.018" />
  <testcase classname="ptolemy.util.test.junit.AutoTests" name="[13] /home/travis/build/icyphy/ptII/ptolemy/domains/de/test/auto/DEFixedPointLimitation.xml (RunModel)" time="0.01" />
  <testcase classname="ptolemy.util.test.junit.AutoTests" name="[14] /home/travis/build/icyphy/ptII/ptolemy/domains/de/test/auto/DEScheduleTest.xml (RunModel)" time="0.019" />
  <testcase classname="ptolemy.util.test.junit.AutoTests" name="[15] /home/travis/build/icyphy/ptII/ptolemy/domains/de/test/auto/DEinDEwithStartTimes.xml (RunModel)" time="0.018" />
  <testcase classname="ptolemy.util.test.junit.AutoTests" name="[16] /home/travis/build/icyphy/ptII/ptolemy/domains/de/test/auto/DEinDEwithStartTimes2.xml (RunModel)" time="0.022" />
  <testcase classname="ptolemy.util.test.junit.AutoTests" name="[17] /home/travis/build/icyphy/ptII/ptolemy/domains/de/test/auto/DateDemo.xml (RunModel)" time="0.034" />
  <testcase classname="ptolemy.util.test.junit.AutoTests" name="[18] /home/travis/build/icyphy/ptII/ptolemy/domains/de/test/auto/DateToEvent.xml (RunModel)" time="2.052" />
  <testcase classname="ptolemy.util.test.junit.AutoTests" name="[19] /home/travis/build/icyphy/ptII/ptolemy/domains/de/test/auto/DepthTest1.xml (RunModel)" time="0.013" />
  <testcase classname="ptolemy.util.test.junit.AutoTests" name="[20] /home/travis/build/icyphy/ptII/ptolemy/domains/de/test/auto/DepthTest2.xml (RunModel)" time="0.021" />
  <testcase classname="ptolemy.util.test.junit.AutoTests" name="[21] /home/travis/build/icyphy/ptII/ptolemy/domains/de/test/auto/DepthTest3.xml (RunModel)" time="0.017" />
  <testcase classname="ptolemy.util.test.junit.AutoTests" name="[22] /home/travis/build/icyphy/ptII/ptolemy/domains/de/test/auto/DepthTest4.xml (RunModel)" time="0.022" />
  <testcase classname="ptolemy.util.test.junit.AutoTests" name="[23] /home/travis/build/icyphy/ptII/ptolemy/domains/de/test/auto/DepthTest5.xml (RunModel)" time="0.023" />
  <testcase classname="ptolemy.util.test.junit.AutoTests" name="[24] /home/travis/build/icyphy/ptII/ptolemy/domains/de/test/auto/DepthTest6.xml (RunModel)" time="0.016" />
  <testcase classname="ptolemy.util.test.junit.AutoTests" name="[25] /home/travis/build/icyphy/ptII/ptolemy/domains/de/test/auto/DepthTest7.xml (RunModel)" time="0.011" />
  <testcase classname="ptolemy.util.test.junit.AutoTests" name="[26] /home/travis/build/icyphy/ptII/ptolemy/domains/de/test/auto/EventToDate.xml (RunModel)" time="3.037" />
  <testcase classname="ptolemy.util.test.junit.AutoTests" name="[27] /home/travis/build/icyphy/ptII/ptolemy/domains/de/test/auto/FSM1.xml (RunModel)" time="0.05" />
  <testcase classname="ptolemy.util.test.junit.AutoTests" name="[28] /home/travis/build/icyphy/ptII/ptolemy/domains/de/test/auto/FSM7.xml (RunModel)" time="0.058" />
  <testcase classname="ptolemy.util.test.junit.AutoTests" name="[29] /home/travis/build/icyphy/ptII/ptolemy/domains/de/test/auto/Inspection.xml (RunModel)" time="0.055" />
  <testcase classname="ptolemy.util.test.junit.AutoTests" name="[30] /home/travis/build/icyphy/ptII/ptolemy/domains/de/test/auto/Iteration.xml (RunModel)" time="0.03" />
  <testcase classname="ptolemy.util.test.junit.AutoTests" name="[31] /home/travis/build/icyphy/ptII/ptolemy/domains/de/test/auto/LineFault.xml (RunModel)" time="0.595" />
  <testcase classname="ptolemy.util.test.junit.AutoTests" name="[32] /home/travis/build/icyphy/ptII/ptolemy/domains/de/test/auto/MergeModel1Add.xml (RunModel)" time="0.055" />
  <testcase classname="ptolemy.util.test.junit.AutoTests" name="[33] /home/travis/build/icyphy/ptII/ptolemy/domains/de/test/auto/MergeModel2Add.xml (RunModel)" time="0.043" />
  <testcase classname="ptolemy.util.test.junit.AutoTests" name="[34] /home/travis/build/icyphy/ptII/ptolemy/domains/de/test/auto/MergeModel3Add.xml (RunModel)" time="0.047" />
  <testcase classname="ptolemy.util.test.junit.AutoTests" name="[35] /home/travis/build/icyphy/ptII/ptolemy/domains/de/test/auto/MergeWithoutDiscard.xml (RunModel)" time="0.011" />
  <testcase classname="ptolemy.util.test.junit.AutoTests" name="[36] /home/travis/build/icyphy/ptII/ptolemy/domains/de/test/auto/Modal1.xml (RunModel)" time="0.033" />
  <testcase classname="ptolemy.util.test.junit.AutoTests" name="[37] /home/travis/build/icyphy/ptII/ptolemy/domains/de/test/auto/Modal2.xml (RunModel)" time="0.03" />
  <testcase classname="ptolemy.util.test.junit.AutoTests" name="[38] /home/travis/build/icyphy/ptII/ptolemy/domains/de/test/auto/Modal3.xml (RunModel)" time="0.028" />
  <testcase classname="ptolemy.util.test.junit.AutoTests" name="[39] /home/travis/build/icyphy/ptII/ptolemy/domains/de/test/auto/Modal4.xml (RunModel)" time="0.032" />
  <testcase classname="ptolemy.util.test.junit.AutoTests" name="[40] /home/travis/build/icyphy/ptII/ptolemy/domains/de/test/auto/Modal5.xml (RunModel)" time="0.032" />
  <testcase classname="ptolemy.util.test.junit.AutoTests" name="[41] /home/travis/build/icyphy/ptII/ptolemy/domains/de/test/auto/Modal6.xml (RunModel)" time="0.034" />
  <testcase classname="ptolemy.util.test.junit.AutoTests" name="[42] /home/travis/build/icyphy/ptII/ptolemy/domains/de/test/auto/Modal7.xml (RunModel)" time="0.033" />
  <testcase classname="ptolemy.util.test.junit.AutoTests" name="[43] /home/travis/build/icyphy/ptII/ptolemy/domains/de/test/auto/ModalModel.xml (RunModel)" time="0.186" />
  <testcase classname="ptolemy.util.test.junit.AutoTests" name="[44] /home/travis/build/icyphy/ptII/ptolemy/domains/de/test/auto/ModalSource.xml (RunModel)" time="0.022" />
  <testcase classname="ptolemy.util.test.junit.AutoTests" name="[45] /home/travis/build/icyphy/ptII/ptolemy/domains/de/test/auto/NonInterruptibleTimerZeroDelay.xml (RunModel)" time="0.015" />
  <testcase classname="ptolemy.util.test.junit.AutoTests" name="[46] /home/travis/build/icyphy/ptII/ptolemy/domains/de/test/auto/OpenQueueingNetwork.xml (RunModel)" time="2.387" />
  <testcase classname="ptolemy.util.test.junit.AutoTests" name="[47] /home/travis/build/icyphy/ptII/ptolemy/domains/de/test/auto/OpenQueuingNetwork.xml (RunModel)" time="0.308" />
  <testcase classname="ptolemy.util.test.junit.AutoTests" name="[48] /home/travis/build/icyphy/ptII/ptolemy/domains/de/test/auto/PeriodicSampler.xml (RunModel)" time="0.011" />
  <testcase classname="ptolemy.util.test.junit.AutoTests" name="[49] /home/travis/build/icyphy/ptII/ptolemy/domains/de/test/auto/PersistentIO.xml (RunModel)" time="0.027" />
  <testcase classname="ptolemy.util.test.junit.AutoTests" name="[50] /home/travis/build/icyphy/ptII/ptolemy/domains/de/test/auto/PortParameterResetOnInitialize.xml (RunModel)" time="0.011" />
  <testcase classname="ptolemy.util.test.junit.AutoTests" name="[51] /home/travis/build/icyphy/ptII/ptolemy/domains/de/test/auto/PortParameterUpdates.xml (RunModel)" time="0.018" />
  <testcase classname="ptolemy.util.test.junit.AutoTests" name="[52] /home/travis/build/icyphy/ptII/ptolemy/domains/de/test/auto/QueueAndServer.xml (RunModel)" time="0.02" />
  <testcase classname="ptolemy.util.test.junit.AutoTests" name="[53] /home/travis/build/icyphy/ptII/ptolemy/domains/de/test/auto/Records.xml (RunModel)" time="0.017" />
  <testcase classname="ptolemy.util.test.junit.AutoTests" name="[54] /home/travis/build/icyphy/ptII/ptolemy/domains/de/test/auto/ResetTransitionWithStartTime1.xml (RunModel)" time="0.025" />
  <testcase classname="ptolemy.util.test.junit.AutoTests" name="[55] /home/travis/build/icyphy/ptII/ptolemy/domains/de/test/auto/ResetTransitionWithStartTime2.xml (RunModel)" time="0.022" />
  <testcase classname="ptolemy.util.test.junit.AutoTests" name="[56] /home/travis/build/icyphy/ptII/ptolemy/domains/de/test/auto/ResetTransitionWithStartTime3.xml (RunModel)" time="0.019" />
  <testcase classname="ptolemy.util.test.junit.AutoTests" name="[57] /home/travis/build/icyphy/ptII/ptolemy/domains/de/test/auto/ResetTransitionWithStartTime4.xml (RunModel)" time="0.019" />
  <testcase classname="ptolemy.util.test.junit.AutoTests" name="[58] /home/travis/build/icyphy/ptII/ptolemy/domains/de/test/auto/ResettableTimer1.xml (RunModel)" time="0.009" />
  <testcase classname="ptolemy.util.test.junit.AutoTests" name="[59] /home/travis/build/icyphy/ptII/ptolemy/domains/de/test/auto/ResettableTimer2.xml (RunModel)" time="0.009" />
  <testcase classname="ptolemy.util.test.junit.AutoTests" name="[60] /home/travis/build/icyphy/ptII/ptolemy/domains/de/test/auto/ResettableTimer3.xml (RunModel)" time="0.009" />
  <testcase classname="ptolemy.util.test.junit.AutoTests" name="[61] /home/travis/build/icyphy/ptII/ptolemy/domains/de/test/auto/ResettableTimer4.xml (RunModel)" time="0.009" />
  <testcase classname="ptolemy.util.test.junit.AutoTests" name="[62] /home/travis/build/icyphy/ptII/ptolemy/domains/de/test/auto/ResettableTimer5.xml (RunModel)" time="0.011" />
  <testcase classname="ptolemy.util.test.junit.AutoTests" name="[63] /home/travis/build/icyphy/ptII/ptolemy/domains/de/test/auto/ResettableTimer6.xml (RunModel)" time="0.019" />
  <testcase classname="ptolemy.util.test.junit.AutoTests" name="[64] /home/travis/build/icyphy/ptII/ptolemy/domains/de/test/auto/ServerZeroDelay.xml (RunModel)" time="0.011" />
  <testcase classname="ptolemy.util.test.junit.AutoTests" name="[65] /home/travis/build/icyphy/ptII/ptolemy/domains/de/test/auto/SmartSender.xml (RunModel)" time="3.014" />
  <testcase classname="ptolemy.util.test.junit.AutoTests" name="[66] /home/travis/build/icyphy/ptII/ptolemy/domains/de/test/auto/ThreadedComposite.xml (RunModel)" time="0.203" />
  <testcase classname="ptolemy.util.test.junit.AutoTests" name="[67] /home/travis/build/icyphy/ptII/ptolemy/domains/de/test/auto/Time.xml (RunModel)" time="0.467" />
  <testcase classname="ptolemy.util.test.junit.AutoTests" name="[68] /home/travis/build/icyphy/ptII/ptolemy/domains/de/test/auto/TimeDelayZeroDelay.xml (RunModel)" time="0.019" />
  <testcase classname="ptolemy.util.test.junit.AutoTests" name="[69] /home/travis/build/icyphy/ptII/ptolemy/domains/de/test/auto/TimerZeroDelay.xml (RunModel)" time="0.017" />
  <testcase classname="ptolemy.util.test.junit.AutoTests" name="[70] /home/travis/build/icyphy/ptII/ptolemy/domains/de/test/auto/TimingParadox.xml (RunModel)" time="0.375" />
  <testcase classname="ptolemy.util.test.junit.AutoTests" name="[71] /home/travis/build/icyphy/ptII/ptolemy/domains/de/test/auto/TransferInputs.xml (RunModel)" time="0.014" />
  <testcase classname="ptolemy.util.test.junit.AutoTests" name="[72] /home/travis/build/icyphy/ptII/ptolemy/domains/de/test/auto/TransferOutputs2.xml (RunModel)" time="0.03" />
  <testcase classname="ptolemy.util.test.junit.AutoTests" name="[73] /home/travis/build/icyphy/ptII/ptolemy/domains/de/test/auto/Trilateration.xml (RunModel)" time="11.124" />
  <testcase classname="ptolemy.util.test.junit.AutoTests" name="[74] /home/travis/build/icyphy/ptII/ptolemy/domains/de/test/auto/TwoSigmaDelta.xml (RunModel)" time="1.716" />
  <testcase classname="ptolemy.util.test.junit.AutoTests" name="[75] /home/travis/build/icyphy/ptII/ptolemy/domains/de/test/auto/VariableDelay.xml (RunModel)" time="0.014" />
  <testcase classname="ptolemy.util.test.junit.AutoTests" name="[76] /home/travis/build/icyphy/ptII/ptolemy/domains/de/test/auto/VariableDelay2.xml (RunModel)" time="0.009" />
  <testcase classname="ptolemy.util.test.junit.AutoTests" name="[77] /home/travis/build/icyphy/ptII/ptolemy/domains/de/test/auto/VariableDelayZeroDelay.xml (RunModel)" time="0.01" />
  <testcase classname="ptolemy.util.test.junit.AutoTests" name="[78] /home/travis/build/icyphy/ptII/ptolemy/domains/de/test/auto/VariableDelayZeroDelay2.xml (RunModel)" time="0.012" />
  <testcase classname="ptolemy.util.test.junit.AutoTests" name="[79] /home/travis/build/icyphy/ptII/ptolemy/domains/de/test/auto/deInCt.xml (RunModel)" time="0.015" />
  <testcase classname="ptolemy.util.test.junit.AutoTests" name="[80] /home/travis/build/icyphy/ptII/ptolemy/domains/de/test/auto/deInCt2.xml (RunModel)" time="0.01" />
  <testcase classname="ptolemy.util.test.junit.AutoTests" name="[81] /home/travis/build/icyphy/ptII/ptolemy/domains/de/test/auto/dynamicCausalityInterface1.xml (RunModel)" time="0.019" />
  <testcase classname="ptolemy.util.test.junit.AutoTests" name="[82] /home/travis/build/icyphy/ptII/ptolemy/domains/de/test/auto/fsm_de_test.xml (RunModel)" time="0.026" />
  <testcase classname="ptolemy.util.test.junit.AutoTests" name="[83] /home/travis/build/icyphy/ptII/ptolemy/domains/de/test/auto/functionDependencyReconstruction.xml (RunModel)" time="0.03" />
  <testcase classname="ptolemy.util.test.junit.AutoTests" name="[84] /home/travis/build/icyphy/ptII/ptolemy/domains/de/test/auto/multirate.xml (RunModel)" time="0.017" />
  <testcase classname="ptolemy.util.test.junit.AutoTests" name="[85] /home/travis/build/icyphy/ptII/ptolemy/domains/de/test/auto/multirate2.xml (RunModel)" time="0.016" />
  <testcase classname="ptolemy.util.test.junit.AutoTests" name="[86] /home/travis/build/icyphy/ptII/ptolemy/domains/de/test/auto/realtime.xml (RunModel)" time="10.01" />
  <testcase classname="ptolemy.util.test.junit.AutoTests" name="[87] /home/travis/build/icyphy/ptII/ptolemy/domains/de/test/auto/relationGroup.xml (RunModel)" time="0.007" />
  <testcase classname="ptolemy.util.test.junit.AutoTests" name="[88] /home/travis/build/icyphy/ptII/ptolemy/domains/de/test/auto/relationGroup2.xml (RunModel)" time="0.011" />
  <testcase classname="ptolemy.util.test.junit.AutoTests" name="[89] /home/travis/build/icyphy/ptII/ptolemy/domains/de/test/auto/sortWithOpaquePorts.xml (RunModel)" time="0.019" />
  <testcase classname="ptolemy.util.test.junit.AutoTests" name="[90] /home/travis/build/icyphy/ptII/ptolemy/domains/de/test/auto/transferInputsandOutputs.xml (RunModel)" time="0.019" />
  <testcase classname="ptolemy.util.test.junit.AutoTests" name="[91] /home/travis/build/icyphy/ptII/ptolemy/domains/de/test/auto/triggerType.xml (RunModel)" time="0.013" />
  <system-out><![CDATA[/home/travis/build/icyphy/ptII/ptolemy/domains/de/test/DependencyLoop.tcl
testDefs.tcl: setting time out to 9000 seconds at Wed Oct 14 15:47:48 UTC 2020
79 ms. Memory: 129024K Free: 78791K (61%)
15 ms. Memory: 129024K Free: 61383K (48%)
/home/travis/build/icyphy/ptII/ptolemy/domains/de/test/RunDETestsAsQSS.tcl
Run the DE tests using ptolemy.domains.qss.test.QSSDirectorTest, which extends QSSDirector and prints a message in the constructors.
------------------ testing $PTII/ptolemy/domains/de/test/auto/knownFailedTests/DirectFeedback.xml (Known Failure) 
49 ms. Memory: 129024K Free: 55749K (43%)


==== $PTIIhome/travis/build/icyphy/ptII/ptolemy/domains/de/test/../../../../: Auto Automatic test in file $PTII/ptolemy/domains/de/test/auto/knownFailedTests/DirectFeedback.xml
==== Contents of test case:

	    # FIXME: we should use $relativeFilename here, but it
	    # might have backslashes under Windows, which causes no end
	    # of trouble.
	    createAndExecute $file
	    list {}
	
.... Test generated KNOWN error:
    while executing
ptolemy.kernel.util.IllegalActionException: Test fails in iteration 1.
Value was: 1.0. Should have been: 2.0
  in .DirectFeedback.Test
	at ptolemy.actor.lib.Test.fire(Test.java:268)
	at ptolemy.domains.de.kernel.DEDirector._fire(DEDirector.java:1949)
	at ptolemy.domains.de.kernel.DEDirector.fire(DEDirector.java:502)
	at ptolemy.actor.CompositeActor.fire(CompositeActor.java:455)
	at ptolemy.actor.Manager.iterate(Manager.java:851)
	at ptolemy.actor.Manager.execute(Manager.java:369)
	at ptolemy.actor.Manager.run(Manager.java:1263)
	at ptolemy.actor.Manager$PtolemyRunThread.run(Manager.java:1933)

    while executing
ptolemy.kernel.util.IllegalActionException: Test fails in iteration 1.
Value was: 1.0. Should have been: 2.0
  in .DirectFeedback.Test
    while executing
"java::new ptolemy.moml.MoMLSimpleApplication $file
"
    (procedure "createAndExecute" line 2)
    invoked from within
"createAndExecute $file"
    ("uplevel" body line 5)
    invoked from within
"uplevel $contents_of_test"
------------------ testing $PTII/ptolemy/domains/de/test/auto/knownFailedTests/dependencyLoop.xml (Known Failure) 
17 ms. Memory: 129024K Free: 52677K (41%)


==== $PTIIhome/travis/build/icyphy/ptII/ptolemy/domains/de/test/../../../../: Auto Automatic test in file $PTII/ptolemy/domains/de/test/auto/knownFailedTests/dependencyLoop.xml
==== Contents of test case:

	    # FIXME: we should use $relativeFilename here, but it
	    # might have backslashes under Windows, which causes no end
	    # of trouble.
	    createAndExecute $file
	    list {}
	
.... Test generated KNOWN error:
    while executing
ptolemy.kernel.util.IllegalActionException: Found a zero delay loop containing .dependencyLoop.original
  in .dependencyLoop and .dependencyLoop.original
	at ptolemy.actor.util.CausalityInterfaceForComposites._computeOutputPortDepth(CausalityInterfaceForComposites.java:759)
	at ptolemy.actor.util.CausalityInterfaceForComposites._computeInputDepth(CausalityInterfaceForComposites.java:696)
	at ptolemy.actor.util.CausalityInterfaceForComposites._computeOutputPortDepth(CausalityInterfaceForComposites.java:765)
	at ptolemy.actor.util.CausalityInterfaceForComposites._computeInputDepth(CausalityInterfaceForComposites.java:696)
	at ptolemy.actor.util.CausalityInterfaceForComposites._computeOutputPortDepth(CausalityInterfaceForComposites.java:765)
	at ptolemy.actor.util.CausalityInterfaceForComposites._computeInputDepth(CausalityInterfaceForComposites.java:696)
	at ptolemy.actor.util.CausalityInterfaceForComposites._computeActorDepth(CausalityInterfaceForComposites.java:532)
	at ptolemy.actor.util.CausalityInterfaceForComposites.checkForCycles(CausalityInterfaceForComposites.java:96)
	at ptolemy.domains.de.kernel.DEDirector.preinitialize(DEDirector.java:1338)
	at ptolemy.actor.CompositeActor.preinitialize(CompositeActor.java:1828)
	at ptolemy.actor.Manager.preinitializeAndResolveTypes(Manager.java:1040)
	at ptolemy.actor.Manager.initialize(Manager.java:710)
	at ptolemy.actor.Manager.execute(Manager.java:356)
	at ptolemy.actor.Manager.run(Manager.java:1263)
	at ptolemy.actor.Manager$PtolemyRunThread.run(Manager.java:1933)

    while executing
ptolemy.kernel.util.IllegalActionException: Found a zero delay loop containing .dependencyLoop.original
  in .dependencyLoop and .dependencyLoop.original
    while executing
"java::new ptolemy.moml.MoMLSimpleApplication $file
"
    (procedure "createAndExecute" line 2)
    invoked from within
"createAndExecute $file"
    ("uplevel" body line 5)
    invoked from within
"uplevel $contents_of_test"
------------------ testing $PTII/ptolemy/domains/de/test/auto/knownFailedTests/FSMSource.xml (Known Failure) 
81 ms. Memory: 129024K Free: 110844K (86%)
!!!! Auto was marked as failing, but now passes
------------------ testing $PTII/ptolemy/domains/de/test/auto/knownFailedTests/HierarchicalModel.xml (Known Failure) 
12 ms. Memory: 129024K Free: 93388K (72%)


==== $PTIIhome/travis/build/icyphy/ptII/ptolemy/domains/de/test/../../../../: Auto Automatic test in file $PTII/ptolemy/domains/de/test/auto/knownFailedTests/HierarchicalModel.xml
==== Contents of test case:

	    # FIXME: we should use $relativeFilename here, but it
	    # might have backslashes under Windows, which causes no end
	    # of trouble.
	    createAndExecute $file
	    list {}
	
.... Test generated KNOWN error:
    while executing
ptolemy.kernel.util.IllegalActionException: Found a zero delay loop containing .HierarchicalModel.A
  in .HierarchicalModel and .HierarchicalModel.A
	at ptolemy.actor.util.CausalityInterfaceForComposites._computeOutputPortDepth(CausalityInterfaceForComposites.java:759)
	at ptolemy.actor.util.CausalityInterfaceForComposites._computeInputDepth(CausalityInterfaceForComposites.java:696)
	at ptolemy.actor.util.CausalityInterfaceForComposites._computeOutputPortDepth(CausalityInterfaceForComposites.java:765)
	at ptolemy.actor.util.CausalityInterfaceForComposites._computeInputDepth(CausalityInterfaceForComposites.java:696)
	at ptolemy.actor.util.CausalityInterfaceForComposites._computeOutputPortDepth(CausalityInterfaceForComposites.java:765)
	at ptolemy.actor.util.CausalityInterfaceForComposites._computeInputDepth(CausalityInterfaceForComposites.java:696)
	at ptolemy.actor.util.CausalityInterfaceForComposites._computeActorDepth(CausalityInterfaceForComposites.java:532)
	at ptolemy.actor.util.CausalityInterfaceForComposites.checkForCycles(CausalityInterfaceForComposites.java:96)
	at ptolemy.domains.de.kernel.DEDirector.preinitialize(DEDirector.java:1338)
	at ptolemy.actor.CompositeActor.preinitialize(CompositeActor.java:1828)
	at ptolemy.actor.Manager.preinitializeAndResolveTypes(Manager.java:1040)
	at ptolemy.actor.Manager.initialize(Manager.java:710)
	at ptolemy.actor.Manager.execute(Manager.java:356)
	at ptolemy.actor.Manager.run(Manager.java:1263)
	at ptolemy.actor.Manager$PtolemyRunThread.run(Manager.java:1933)

    while executing
ptolemy.kernel.util.IllegalActionException: Found a zero delay loop containing .HierarchicalModel.A
  in .HierarchicalModel and .HierarchicalModel.A
    while executing
"java::new ptolemy.moml.MoMLSimpleApplication $file
"
    (procedure "createAndExecute" line 2)
    invoked from within
"createAndExecute $file"
    ("uplevel" body line 5)
    invoked from within
"uplevel $contents_of_test"
------------------ testing $PTII/ptolemy/domains/de/test/auto/knownFailedTests/dependencyLoop2.xml (Known Failure) 
8 ms. Memory: 129024K Free: 77371K (60%)


==== $PTIIhome/travis/build/icyphy/ptII/ptolemy/domains/de/test/../../../../: Auto Automatic test in file $PTII/ptolemy/domains/de/test/auto/knownFailedTests/dependencyLoop2.xml
==== Contents of test case:

	    # FIXME: we should use $relativeFilename here, but it
	    # might have backslashes under Windows, which causes no end
	    # of trouble.
	    createAndExecute $file
	    list {}
	
.... Test generated KNOWN error:
    while executing
ptolemy.kernel.util.IllegalActionException: Found a zero delay loop containing .dependencyLoop2.original
  in .dependencyLoop2 and .dependencyLoop2.original
	at ptolemy.actor.util.CausalityInterfaceForComposites._computeOutputPortDepth(CausalityInterfaceForComposites.java:759)
	at ptolemy.actor.util.CausalityInterfaceForComposites._computeInputDepth(CausalityInterfaceForComposites.java:696)
	at ptolemy.actor.util.CausalityInterfaceForComposites._computeOutputPortDepth(CausalityInterfaceForComposites.java:765)
	at ptolemy.actor.util.CausalityInterfaceForComposites._computeInputDepth(CausalityInterfaceForComposites.java:696)
	at ptolemy.actor.util.CausalityInterfaceForComposites._computeOutputPortDepth(CausalityInterfaceForComposites.java:765)
	at ptolemy.actor.util.CausalityInterfaceForComposites._computeInputDepth(CausalityInterfaceForComposites.java:696)
	at ptolemy.actor.util.CausalityInterfaceForComposites._computeActorDepth(CausalityInterfaceForComposites.java:532)
	at ptolemy.actor.util.CausalityInterfaceForComposites.checkForCycles(CausalityInterfaceForComposites.java:96)
	at ptolemy.domains.de.kernel.DEDirector.preinitialize(DEDirector.java:1338)
	at ptolemy.actor.CompositeActor.preinitialize(CompositeActor.java:1828)
	at ptolemy.actor.Manager.preinitializeAndResolveTypes(Manager.java:1040)
	at ptolemy.actor.Manager.initialize(Manager.java:710)
	at ptolemy.actor.Manager.execute(Manager.java:356)
	at ptolemy.actor.Manager.run(Manager.java:1263)
	at ptolemy.actor.Manager$PtolemyRunThread.run(Manager.java:1933)

    while executing
ptolemy.kernel.util.IllegalActionException: Found a zero delay loop containing .dependencyLoop2.original
  in .dependencyLoop2 and .dependencyLoop2.original
    while executing
"java::new ptolemy.moml.MoMLSimpleApplication $file
"
    (procedure "createAndExecute" line 2)
    invoked from within
"createAndExecute $file"
    ("uplevel" body line 5)
    invoked from within
"uplevel $contents_of_test"
------------------ testing $PTII/ptolemy/domains/de/test/auto/knownFailedTests/DESDFClockTest.xml (Known Failure) 
2065 ms. Memory: 129024K Free: 105574K (82%)


==== $PTIIhome/travis/build/icyphy/ptII/ptolemy/domains/de/test/../../../../: Auto Automatic test in file $PTII/ptolemy/domains/de/test/auto/knownFailedTests/DESDFClockTest.xml
==== Contents of test case:

	    # FIXME: we should use $relativeFilename here, but it
	    # might have backslashes under Windows, which causes no end
	    # of trouble.
	    createAndExecute $file
	    list {}
	
.... Test generated KNOWN error:
    while executing
ptolemy.kernel.util.IllegalActionException: Actor is not ready to fire.  Perhaps UpSample.prefire() returned false? Try debugging the actor by selecting "Listen to Actor".  Also, for SDF check moml for tokenConsumptionRate on input.
  in .DESDFClockTest.Play Bell.Copy1:SDF Director and .DESDFClockTest.Play Bell.UpSample
	at ptolemy.actor.sched.StaticSchedulingDirector.fire(StaticSchedulingDirector.java:227)
	at ptolemy.domains.sdf.kernel.SDFDirector.fire(SDFDirector.java:500)
	at ptolemy.actor.CompositeActor.fire(CompositeActor.java:455)
	at ptolemy.domains.de.kernel.DEDirector._fire(DEDirector.java:1949)
	at ptolemy.domains.de.kernel.DEDirector.fire(DEDirector.java:502)
	at ptolemy.actor.CompositeActor.fire(CompositeActor.java:455)
	at ptolemy.actor.Manager.iterate(Manager.java:851)
	at ptolemy.actor.Manager.execute(Manager.java:369)
	at ptolemy.actor.Manager.run(Manager.java:1263)
	at ptolemy.actor.Manager$PtolemyRunThread.run(Manager.java:1933)

    while executing
ptolemy.kernel.util.IllegalActionException: Actor is not ready to fire.  Perhaps UpSample.prefire() returned false? Try debugging the actor by selecting "Listen to Actor".  Also, for SDF check moml for tokenConsumptionRate on input.
  in .DESDFClockTest.Play Bell.Copy1:SDF Director and .DESDFClockTest.Play Bell.UpSample
    while executing
"java::new ptolemy.moml.MoMLSimpleApplication $file
"
    (procedure "createAndExecute" line 2)
    invoked from within
"createAndExecute $file"
    ("uplevel" body line 5)
    invoked from within
"uplevel $contents_of_test"
------------------ testing $PTII/ptolemy/domains/de/test/auto/ActorDepthCalculation_actorWithoutPorts.xml
auto.tcl: Setting watchdog for 200 seconds at Wed Oct 14 15:47:51 UTC 2020
7 ms. Memory: 129024K Free: 97896K (76%)
ptolemy.util.test.WatchDog.cancel(): canceling Wed Oct 14 15:47:51 UTC 2020
auto.tcl: Setting watchdog for 200 seconds at Wed Oct 14 15:47:51 UTC 2020
4 ms. Memory: 129024K Free: 96872K (75%)
ptolemy.util.test.WatchDog.cancel(): canceling Wed Oct 14 15:47:51 UTC 2020
------------------ testing $PTII/ptolemy/domains/de/test/auto/AssemblyLine.xml
auto.tcl: Setting watchdog for 200 seconds at Wed Oct 14 15:47:52 UTC 2020
23 ms. Memory: 51200K Free: 27897K (54%)
ptolemy.util.test.WatchDog.cancel(): canceling Wed Oct 14 15:47:52 UTC 2020
auto.tcl: Setting watchdog for 200 seconds at Wed Oct 14 15:47:52 UTC 2020
8 ms. Memory: 51200K Free: 26804K (52%)
ptolemy.util.test.WatchDog.cancel(): canceling Wed Oct 14 15:47:52 UTC 2020
------------------ testing $PTII/ptolemy/domains/de/test/auto/CQBug1.xml
auto.tcl: Setting watchdog for 200 seconds at Wed Oct 14 15:47:52 UTC 2020
4 ms. Memory: 51200K Free: 33271K (65%)
ptolemy.util.test.WatchDog.cancel(): canceling Wed Oct 14 15:47:52 UTC 2020
auto.tcl: Setting watchdog for 200 seconds at Wed Oct 14 15:47:52 UTC 2020
4 ms. Memory: 51200K Free: 32804K (64%)
ptolemy.util.test.WatchDog.cancel(): canceling Wed Oct 14 15:47:52 UTC 2020
------------------ testing $PTII/ptolemy/domains/de/test/auto/CancelFireAt.xml
auto.tcl: Setting watchdog for 200 seconds at Wed Oct 14 15:47:52 UTC 2020
5 ms. Memory: 51200K Free: 34592K (68%)
ptolemy.util.test.WatchDog.cancel(): canceling Wed Oct 14 15:47:52 UTC 2020
auto.tcl: Setting watchdog for 200 seconds at Wed Oct 14 15:47:52 UTC 2020
2 ms. Memory: 51200K Free: 34099K (67%)
ptolemy.util.test.WatchDog.cancel(): canceling Wed Oct 14 15:47:52 UTC 2020
------------------ testing $PTII/ptolemy/domains/de/test/auto/CausalityAndComposabilityAnalysis.xml
auto.tcl: Setting watchdog for 200 seconds at Wed Oct 14 15:47:52 UTC 2020
11 ms. Memory: 51200K Free: 32719K (64%)
ptolemy.util.test.WatchDog.cancel(): canceling Wed Oct 14 15:47:52 UTC 2020
auto.tcl: Setting watchdog for 200 seconds at Wed Oct 14 15:47:52 UTC 2020
11 ms. Memory: 51200K Free: 31963K (62%)
ptolemy.util.test.WatchDog.cancel(): canceling Wed Oct 14 15:47:52 UTC 2020
------------------ testing $PTII/ptolemy/domains/de/test/auto/CausalityInterface1.xml
auto.tcl: Setting watchdog for 200 seconds at Wed Oct 14 15:47:52 UTC 2020
24 ms. Memory: 51200K Free: 31363K (61%)
ptolemy.util.test.WatchDog.cancel(): canceling Wed Oct 14 15:47:52 UTC 2020
auto.tcl: Setting watchdog for 200 seconds at Wed Oct 14 15:47:52 UTC 2020
6 ms. Memory: 51200K Free: 30388K (59%)
ptolemy.util.test.WatchDog.cancel(): canceling Wed Oct 14 15:47:52 UTC 2020
------------------ testing $PTII/ptolemy/domains/de/test/auto/CausalityInterface15.xml
auto.tcl: Setting watchdog for 200 seconds at Wed Oct 14 15:47:52 UTC 2020
6 ms. Memory: 51200K Free: 31513K (62%)
ptolemy.util.test.WatchDog.cancel(): canceling Wed Oct 14 15:47:53 UTC 2020
auto.tcl: Setting watchdog for 200 seconds at Wed Oct 14 15:47:53 UTC 2020
7 ms. Memory: 51200K Free: 30334K (59%)
ptolemy.util.test.WatchDog.cancel(): canceling Wed Oct 14 15:47:53 UTC 2020
------------------ testing $PTII/ptolemy/domains/de/test/auto/CausalityInterface2.xml
auto.tcl: Setting watchdog for 200 seconds at Wed Oct 14 15:47:53 UTC 2020
6 ms. Memory: 51200K Free: 32004K (63%)
ptolemy.util.test.WatchDog.cancel(): canceling Wed Oct 14 15:47:53 UTC 2020
auto.tcl: Setting watchdog for 200 seconds at Wed Oct 14 15:47:53 UTC 2020
3 ms. Memory: 51200K Free: 31342K (61%)
ptolemy.util.test.WatchDog.cancel(): canceling Wed Oct 14 15:47:53 UTC 2020
------------------ testing $PTII/ptolemy/domains/de/test/auto/CausalityInterface3.xml
auto.tcl: Setting watchdog for 200 seconds at Wed Oct 14 15:47:53 UTC 2020
6 ms. Memory: 51200K Free: 31310K (61%)
ptolemy.util.test.WatchDog.cancel(): canceling Wed Oct 14 15:47:53 UTC 2020
auto.tcl: Setting watchdog for 200 seconds at Wed Oct 14 15:47:53 UTC 2020
3 ms. Memory: 51200K Free: 30814K (60%)
ptolemy.util.test.WatchDog.cancel(): canceling Wed Oct 14 15:47:53 UTC 2020
------------------ testing $PTII/ptolemy/domains/de/test/auto/ClockDrift.xml
auto.tcl: Setting watchdog for 200 seconds at Wed Oct 14 15:47:53 UTC 2020
79 ms. Memory: 51200K Free: 24144K (47%)
ptolemy.util.test.WatchDog.cancel(): canceling Wed Oct 14 15:47:53 UTC 2020
auto.tcl: Setting watchdog for 200 seconds at Wed Oct 14 15:47:53 UTC 2020
40 ms. Memory: 51200K Free: 21132K (41%)
ptolemy.util.test.WatchDog.cancel(): canceling Wed Oct 14 15:47:53 UTC 2020
------------------ testing $PTII/ptolemy/domains/de/test/auto/ClockDriftAndValueChange.xml
auto.tcl: Setting watchdog for 200 seconds at Wed Oct 14 15:47:53 UTC 2020
43 ms. Memory: 51200K Free: 24248K (47%)
ptolemy.util.test.WatchDog.cancel(): canceling Wed Oct 14 15:47:53 UTC 2020
auto.tcl: Setting watchdog for 200 seconds at Wed Oct 14 15:47:53 UTC 2020
30 ms. Memory: 51200K Free: 21434K (42%)
ptolemy.util.test.WatchDog.cancel(): canceling Wed Oct 14 15:47:53 UTC 2020
------------------ testing $PTII/ptolemy/domains/de/test/auto/ClockDriftChange.xml
auto.tcl: Setting watchdog for 200 seconds at Wed Oct 14 15:47:53 UTC 2020
21 ms. Memory: 51200K Free: 26039K (51%)
ptolemy.util.test.WatchDog.cancel(): canceling Wed Oct 14 15:47:53 UTC 2020
auto.tcl: Setting watchdog for 200 seconds at Wed Oct 14 15:47:53 UTC 2020
16 ms. Memory: 51200K Free: 23481K (46%)
ptolemy.util.test.WatchDog.cancel(): canceling Wed Oct 14 15:47:53 UTC 2020
------------------ testing $PTII/ptolemy/domains/de/test/auto/ComposableCausalityAnalysis.xml
auto.tcl: Setting watchdog for 200 seconds at Wed Oct 14 15:47:53 UTC 2020
5 ms. Memory: 51200K Free: 30832K (60%)
ptolemy.util.test.WatchDog.cancel(): canceling Wed Oct 14 15:47:53 UTC 2020
auto.tcl: Setting watchdog for 200 seconds at Wed Oct 14 15:47:53 UTC 2020
4 ms. Memory: 51200K Free: 29800K (58%)
ptolemy.util.test.WatchDog.cancel(): canceling Wed Oct 14 15:47:53 UTC 2020
------------------ testing $PTII/ptolemy/domains/de/test/auto/DEFixedPointLimitation.xml
auto.tcl: Setting watchdog for 200 seconds at Wed Oct 14 15:47:53 UTC 2020
6 ms. Memory: 51200K Free: 32186K (63%)
ptolemy.util.test.WatchDog.cancel(): canceling Wed Oct 14 15:47:53 UTC 2020
auto.tcl: Setting watchdog for 200 seconds at Wed Oct 14 15:47:53 UTC 2020
2 ms. Memory: 51200K Free: 31330K (61%)
ptolemy.util.test.WatchDog.cancel(): canceling Wed Oct 14 15:47:53 UTC 2020
------------------ testing $PTII/ptolemy/domains/de/test/auto/DEScheduleTest.xml
auto.tcl: Setting watchdog for 200 seconds at Wed Oct 14 15:47:53 UTC 2020
4 ms. Memory: 51200K Free: 32581K (64%)
ptolemy.util.test.WatchDog.cancel(): canceling Wed Oct 14 15:47:53 UTC 2020
auto.tcl: Setting watchdog for 200 seconds at Wed Oct 14 15:47:53 UTC 2020
4 ms. Memory: 51200K Free: 31826K (62%)
ptolemy.util.test.WatchDog.cancel(): canceling Wed Oct 14 15:47:53 UTC 2020
------------------ testing $PTII/ptolemy/domains/de/test/auto/DEinDEwithStartTimes.xml
auto.tcl: Setting watchdog for 200 seconds at Wed Oct 14 15:47:53 UTC 2020
5 ms. Memory: 51200K Free: 30751K (60%)
ptolemy.util.test.WatchDog.cancel(): canceling Wed Oct 14 15:47:54 UTC 2020
auto.tcl: Setting watchdog for 200 seconds at Wed Oct 14 15:47:54 UTC 2020
4 ms. Memory: 51200K Free: 29727K (58%)
ptolemy.util.test.WatchDog.cancel(): canceling Wed Oct 14 15:47:54 UTC 2020
------------------ testing $PTII/ptolemy/domains/de/test/auto/DEinDEwithStartTimes2.xml
auto.tcl: Setting watchdog for 200 seconds at Wed Oct 14 15:47:54 UTC 2020
4 ms. Memory: 51200K Free: 29883K (58%)
ptolemy.util.test.WatchDog.cancel(): canceling Wed Oct 14 15:47:54 UTC 2020
auto.tcl: Setting watchdog for 200 seconds at Wed Oct 14 15:47:54 UTC 2020
4 ms. Memory: 51200K Free: 28810K (56%)
ptolemy.util.test.WatchDog.cancel(): canceling Wed Oct 14 15:47:54 UTC 2020
------------------ testing $PTII/ptolemy/domains/de/test/auto/DateDemo.xml
auto.tcl: Setting watchdog for 200 seconds at Wed Oct 14 15:47:54 UTC 2020
24 ms. Memory: 51200K Free: 24295K (47%)
ptolemy.util.test.WatchDog.cancel(): canceling Wed Oct 14 15:47:54 UTC 2020
auto.tcl: Setting watchdog for 200 seconds at Wed Oct 14 15:47:54 UTC 2020
10 ms. Memory: 51200K Free: 22659K (44%)
ptolemy.util.test.WatchDog.cancel(): canceling Wed Oct 14 15:47:54 UTC 2020
------------------ testing $PTII/ptolemy/domains/de/test/auto/DateToEvent.xml
auto.tcl: Setting watchdog for 200 seconds at Wed Oct 14 15:47:54 UTC 2020
2011 ms. Memory: 51200K Free: 20243K (40%)
ptolemy.util.test.WatchDog.cancel(): canceling Wed Oct 14 15:47:56 UTC 2020
auto.tcl: Setting watchdog for 200 seconds at Wed Oct 14 15:47:56 UTC 2020
2004 ms. Memory: 51200K Free: 19390K (38%)
ptolemy.util.test.WatchDog.cancel(): canceling Wed Oct 14 15:47:58 UTC 2020
------------------ testing $PTII/ptolemy/domains/de/test/auto/DepthTest1.xml
auto.tcl: Setting watchdog for 200 seconds at Wed Oct 14 15:47:58 UTC 2020
4 ms. Memory: 51200K Free: 33420K (65%)
ptolemy.util.test.WatchDog.cancel(): canceling Wed Oct 14 15:47:58 UTC 2020
auto.tcl: Setting watchdog for 200 seconds at Wed Oct 14 15:47:58 UTC 2020
9 ms. Memory: 51200K Free: 32932K (64%)
ptolemy.util.test.WatchDog.cancel(): canceling Wed Oct 14 15:47:58 UTC 2020
------------------ testing $PTII/ptolemy/domains/de/test/auto/DepthTest2.xml
auto.tcl: Setting watchdog for 200 seconds at Wed Oct 14 15:47:58 UTC 2020
10 ms. Memory: 51200K Free: 30194K (59%)
ptolemy.util.test.WatchDog.cancel(): canceling Wed Oct 14 15:47:58 UTC 2020
auto.tcl: Setting watchdog for 200 seconds at Wed Oct 14 15:47:58 UTC 2020
2 ms. Memory: 51200K Free: 29740K (58%)
ptolemy.util.test.WatchDog.cancel(): canceling Wed Oct 14 15:47:58 UTC 2020
------------------ testing $PTII/ptolemy/domains/de/test/auto/DepthTest3.xml
auto.tcl: Setting watchdog for 200 seconds at Wed Oct 14 15:47:58 UTC 2020
2 ms. Memory: 51200K Free: 33750K (66%)
ptolemy.util.test.WatchDog.cancel(): canceling Wed Oct 14 15:47:58 UTC 2020
auto.tcl: Setting watchdog for 200 seconds at Wed Oct 14 15:47:58 UTC 2020
2 ms. Memory: 51200K Free: 33260K (65%)
ptolemy.util.test.WatchDog.cancel(): canceling Wed Oct 14 15:47:58 UTC 2020
------------------ testing $PTII/ptolemy/domains/de/test/auto/DepthTest4.xml
auto.tcl: Setting watchdog for 200 seconds at Wed Oct 14 15:47:58 UTC 2020
4 ms. Memory: 51200K Free: 31971K (62%)
ptolemy.util.test.WatchDog.cancel(): canceling Wed Oct 14 15:47:58 UTC 2020
auto.tcl: Setting watchdog for 200 seconds at Wed Oct 14 15:47:58 UTC 2020
2 ms. Memory: 51200K Free: 31297K (61%)
ptolemy.util.test.WatchDog.cancel(): canceling Wed Oct 14 15:47:58 UTC 2020
------------------ testing $PTII/ptolemy/domains/de/test/auto/DepthTest5.xml
auto.tcl: Setting watchdog for 200 seconds at Wed Oct 14 15:47:58 UTC 2020
13 ms. Memory: 51200K Free: 31380K (61%)
ptolemy.util.test.WatchDog.cancel(): canceling Wed Oct 14 15:47:58 UTC 2020
auto.tcl: Setting watchdog for 200 seconds at Wed Oct 14 15:47:58 UTC 2020
2 ms. Memory: 51200K Free: 30684K (60%)
ptolemy.util.test.WatchDog.cancel(): canceling Wed Oct 14 15:47:58 UTC 2020
------------------ testing $PTII/ptolemy/domains/de/test/auto/DepthTest6.xml
auto.tcl: Setting watchdog for 200 seconds at Wed Oct 14 15:47:58 UTC 2020
4 ms. Memory: 51200K Free: 31113K (61%)
ptolemy.util.test.WatchDog.cancel(): canceling Wed Oct 14 15:47:58 UTC 2020
auto.tcl: Setting watchdog for 200 seconds at Wed Oct 14 15:47:58 UTC 2020
3 ms. Memory: 51200K Free: 30661K (60%)
ptolemy.util.test.WatchDog.cancel(): canceling Wed Oct 14 15:47:58 UTC 2020
------------------ testing $PTII/ptolemy/domains/de/test/auto/DepthTest7.xml
auto.tcl: Setting watchdog for 200 seconds at Wed Oct 14 15:47:58 UTC 2020
3 ms. Memory: 51200K Free: 31889K (62%)
ptolemy.util.test.WatchDog.cancel(): canceling Wed Oct 14 15:47:58 UTC 2020
auto.tcl: Setting watchdog for 200 seconds at Wed Oct 14 15:47:58 UTC 2020
2 ms. Memory: 51200K Free: 31235K (61%)
ptolemy.util.test.WatchDog.cancel(): canceling Wed Oct 14 15:47:58 UTC 2020
------------------ testing $PTII/ptolemy/domains/de/test/auto/EventToDate.xml
auto.tcl: Setting watchdog for 200 seconds at Wed Oct 14 15:47:58 UTC 2020
3005 ms. Memory: 51200K Free: 22514K (44%)
ptolemy.util.test.WatchDog.cancel(): canceling Wed Oct 14 15:48:02 UTC 2020
auto.tcl: Setting watchdog for 200 seconds at Wed Oct 14 15:48:02 UTC 2020
3004 ms. Memory: 51200K Free: 22025K (43%)
ptolemy.util.test.WatchDog.cancel(): canceling Wed Oct 14 15:48:05 UTC 2020
------------------ testing $PTII/ptolemy/domains/de/test/auto/FSM1.xml
auto.tcl: Setting watchdog for 200 seconds at Wed Oct 14 15:48:05 UTC 2020
54 ms. Memory: 51200K Free: 23968K (47%)
ptolemy.util.test.WatchDog.cancel(): canceling Wed Oct 14 15:48:05 UTC 2020
auto.tcl: Setting watchdog for 200 seconds at Wed Oct 14 15:48:05 UTC 2020
35 ms. Memory: 51200K Free: 20699K (40%)
ptolemy.util.test.WatchDog.cancel(): canceling Wed Oct 14 15:48:05 UTC 2020
------------------ testing $PTII/ptolemy/domains/de/test/auto/FSM7.xml
auto.tcl: Setting watchdog for 200 seconds at Wed Oct 14 15:48:05 UTC 2020
16 ms. Memory: 51200K Free: 23588K (46%)
ptolemy.util.test.WatchDog.cancel(): canceling Wed Oct 14 15:48:05 UTC 2020
auto.tcl: Setting watchdog for 200 seconds at Wed Oct 14 15:48:05 UTC 2020
14 ms. Memory: 51200K Free: 20412K (40%)
ptolemy.util.test.WatchDog.cancel(): canceling Wed Oct 14 15:48:05 UTC 2020
------------------ testing $PTII/ptolemy/domains/de/test/auto/Inspection.xml
auto.tcl: Setting watchdog for 200 seconds at Wed Oct 14 15:48:05 UTC 2020
21 ms. Memory: 51200K Free: 23440K (46%)
ptolemy.util.test.WatchDog.cancel(): canceling Wed Oct 14 15:48:05 UTC 2020
auto.tcl: Setting watchdog for 200 seconds at Wed Oct 14 15:48:05 UTC 2020
19 ms. Memory: 51200K Free: 21748K (42%)
ptolemy.util.test.WatchDog.cancel(): canceling Wed Oct 14 15:48:05 UTC 2020
------------------ testing $PTII/ptolemy/domains/de/test/auto/Iteration.xml
auto.tcl: Setting watchdog for 200 seconds at Wed Oct 14 15:48:05 UTC 2020
16 ms. Memory: 51200K Free: 28986K (57%)
ptolemy.util.test.WatchDog.cancel(): canceling Wed Oct 14 15:48:05 UTC 2020
auto.tcl: Setting watchdog for 200 seconds at Wed Oct 14 15:48:05 UTC 2020
15 ms. Memory: 51200K Free: 27796K (54%)
ptolemy.util.test.WatchDog.cancel(): canceling Wed Oct 14 15:48:05 UTC 2020
------------------ testing $PTII/ptolemy/domains/de/test/auto/LineFault.xml
auto.tcl: Setting watchdog for 200 seconds at Wed Oct 14 15:48:05 UTC 2020
651 ms. Memory: 62464K Free: 39353K (63%)
ptolemy.util.test.WatchDog.cancel(): canceling Wed Oct 14 15:48:06 UTC 2020
auto.tcl: Setting watchdog for 200 seconds at Wed Oct 14 15:48:06 UTC 2020
511 ms. Memory: 62464K Free: 45255K (72%)
ptolemy.util.test.WatchDog.cancel(): canceling Wed Oct 14 15:48:07 UTC 2020
------------------ testing $PTII/ptolemy/domains/de/test/auto/MergeModel1Add.xml
auto.tcl: Setting watchdog for 200 seconds at Wed Oct 14 15:48:07 UTC 2020
19 ms. Memory: 58368K Free: 22346K (38%)
ptolemy.util.test.WatchDog.cancel(): canceling Wed Oct 14 15:48:07 UTC 2020
auto.tcl: Setting watchdog for 200 seconds at Wed Oct 14 15:48:07 UTC 2020
16 ms. Memory: 58368K Free: 20607K (35%)
ptolemy.util.test.WatchDog.cancel(): canceling Wed Oct 14 15:48:07 UTC 2020
------------------ testing $PTII/ptolemy/domains/de/test/auto/MergeModel2Add.xml
auto.tcl: Setting watchdog for 200 seconds at Wed Oct 14 15:48:07 UTC 2020
9 ms. Memory: 55296K Free: 21305K (39%)
ptolemy.util.test.WatchDog.cancel(): canceling Wed Oct 14 15:48:07 UTC 2020
auto.tcl: Setting watchdog for 200 seconds at Wed Oct 14 15:48:07 UTC 2020
9 ms. Memory: 55296K Free: 19344K (35%)
ptolemy.util.test.WatchDog.cancel(): canceling Wed Oct 14 15:48:07 UTC 2020
------------------ testing $PTII/ptolemy/domains/de/test/auto/MergeModel3Add.xml
auto.tcl: Setting watchdog for 200 seconds at Wed Oct 14 15:48:07 UTC 2020
9 ms. Memory: 55296K Free: 21313K (39%)
ptolemy.util.test.WatchDog.cancel(): canceling Wed Oct 14 15:48:07 UTC 2020
auto.tcl: Setting watchdog for 200 seconds at Wed Oct 14 15:48:07 UTC 2020
13 ms. Memory: 55296K Free: 19861K (36%)
ptolemy.util.test.WatchDog.cancel(): canceling Wed Oct 14 15:48:07 UTC 2020
------------------ testing $PTII/ptolemy/domains/de/test/auto/MergeWithoutDiscard.xml
auto.tcl: Setting watchdog for 200 seconds at Wed Oct 14 15:48:07 UTC 2020
3 ms. Memory: 55296K Free: 36244K (66%)
ptolemy.util.test.WatchDog.cancel(): canceling Wed Oct 14 15:48:07 UTC 2020
auto.tcl: Setting watchdog for 200 seconds at Wed Oct 14 15:48:07 UTC 2020
2 ms. Memory: 55296K Free: 35724K (65%)
ptolemy.util.test.WatchDog.cancel(): canceling Wed Oct 14 15:48:07 UTC 2020
------------------ testing $PTII/ptolemy/domains/de/test/auto/Modal1.xml
auto.tcl: Setting watchdog for 200 seconds at Wed Oct 14 15:48:07 UTC 2020
20 ms. Memory: 55296K Free: 28062K (51%)
ptolemy.util.test.WatchDog.cancel(): canceling Wed Oct 14 15:48:07 UTC 2020
auto.tcl: Setting watchdog for 200 seconds at Wed Oct 14 15:48:07 UTC 2020
25 ms. Memory: 55296K Free: 24775K (45%)
ptolemy.util.test.WatchDog.cancel(): canceling Wed Oct 14 15:48:07 UTC 2020
------------------ testing $PTII/ptolemy/domains/de/test/auto/Modal2.xml
auto.tcl: Setting watchdog for 200 seconds at Wed Oct 14 15:48:07 UTC 2020
18 ms. Memory: 51200K Free: 23840K (47%)
ptolemy.util.test.WatchDog.cancel(): canceling Wed Oct 14 15:48:07 UTC 2020
auto.tcl: Setting watchdog for 200 seconds at Wed Oct 14 15:48:07 UTC 2020
12 ms. Memory: 51200K Free: 20576K (40%)
ptolemy.util.test.WatchDog.cancel(): canceling Wed Oct 14 15:48:07 UTC 2020
------------------ testing $PTII/ptolemy/domains/de/test/auto/Modal3.xml
auto.tcl: Setting watchdog for 200 seconds at Wed Oct 14 15:48:07 UTC 2020
16 ms. Memory: 51200K Free: 23551K (46%)
ptolemy.util.test.WatchDog.cancel(): canceling Wed Oct 14 15:48:07 UTC 2020
auto.tcl: Setting watchdog for 200 seconds at Wed Oct 14 15:48:07 UTC 2020
13 ms. Memory: 51200K Free: 20590K (40%)
ptolemy.util.test.WatchDog.cancel(): canceling Wed Oct 14 15:48:07 UTC 2020
------------------ testing $PTII/ptolemy/domains/de/test/auto/Modal4.xml
auto.tcl: Setting watchdog for 200 seconds at Wed Oct 14 15:48:07 UTC 2020
25 ms. Memory: 51200K Free: 22821K (45%)
ptolemy.util.test.WatchDog.cancel(): canceling Wed Oct 14 15:48:07 UTC 2020
auto.tcl: Setting watchdog for 200 seconds at Wed Oct 14 15:48:07 UTC 2020
17 ms. Memory: 51200K Free: 19018K (37%)
ptolemy.util.test.WatchDog.cancel(): canceling Wed Oct 14 15:48:07 UTC 2020
------------------ testing $PTII/ptolemy/domains/de/test/auto/Modal5.xml
auto.tcl: Setting watchdog for 200 seconds at Wed Oct 14 15:48:08 UTC 2020
16 ms. Memory: 51200K Free: 22822K (45%)
ptolemy.util.test.WatchDog.cancel(): canceling Wed Oct 14 15:48:08 UTC 2020
auto.tcl: Setting watchdog for 200 seconds at Wed Oct 14 15:48:08 UTC 2020
17 ms. Memory: 51200K Free: 19164K (37%)
ptolemy.util.test.WatchDog.cancel(): canceling Wed Oct 14 15:48:08 UTC 2020
------------------ testing $PTII/ptolemy/domains/de/test/auto/Modal6.xml
auto.tcl: Setting watchdog for 200 seconds at Wed Oct 14 15:48:08 UTC 2020
23 ms. Memory: 51200K Free: 23229K (45%)
ptolemy.util.test.WatchDog.cancel(): canceling Wed Oct 14 15:48:08 UTC 2020
auto.tcl: Setting watchdog for 200 seconds at Wed Oct 14 15:48:08 UTC 2020
11 ms. Memory: 51200K Free: 19583K (38%)
ptolemy.util.test.WatchDog.cancel(): canceling Wed Oct 14 15:48:08 UTC 2020
------------------ testing $PTII/ptolemy/domains/de/test/auto/Modal7.xml
auto.tcl: Setting watchdog for 200 seconds at Wed Oct 14 15:48:08 UTC 2020
31 ms. Memory: 51200K Free: 22586K (44%)
ptolemy.util.test.WatchDog.cancel(): canceling Wed Oct 14 15:48:08 UTC 2020
auto.tcl: Setting watchdog for 200 seconds at Wed Oct 14 15:48:08 UTC 2020
15 ms. Memory: 51200K Free: 19189K (37%)
ptolemy.util.test.WatchDog.cancel(): canceling Wed Oct 14 15:48:08 UTC 2020
------------------ testing $PTII/ptolemy/domains/de/test/auto/ModalModel.xml
auto.tcl: Setting watchdog for 200 seconds at Wed Oct 14 15:48:08 UTC 2020
218 ms. Memory: 51200K Free: 20073K (39%)
ptolemy.util.test.WatchDog.cancel(): canceling Wed Oct 14 15:48:08 UTC 2020
auto.tcl: Setting watchdog for 200 seconds at Wed Oct 14 15:48:08 UTC 2020
205 ms. Memory: 67584K Free: 30457K (45%)
ptolemy.util.test.WatchDog.cancel(): canceling Wed Oct 14 15:48:08 UTC 2020
------------------ testing $PTII/ptolemy/domains/de/test/auto/ModalSource.xml
auto.tcl: Setting watchdog for 200 seconds at Wed Oct 14 15:48:08 UTC 2020
12 ms. Memory: 55296K Free: 31245K (57%)
ptolemy.util.test.WatchDog.cancel(): canceling Wed Oct 14 15:48:08 UTC 2020
auto.tcl: Setting watchdog for 200 seconds at Wed Oct 14 15:48:08 UTC 2020
9 ms. Memory: 55296K Free: 29235K (53%)
ptolemy.util.test.WatchDog.cancel(): canceling Wed Oct 14 15:48:08 UTC 2020
------------------ testing $PTII/ptolemy/domains/de/test/auto/NonInterruptibleTimerZeroDelay.xml
auto.tcl: Setting watchdog for 200 seconds at Wed Oct 14 15:48:08 UTC 2020
4 ms. Memory: 51200K Free: 32551K (64%)
ptolemy.util.test.WatchDog.cancel(): canceling Wed Oct 14 15:48:09 UTC 2020
auto.tcl: Setting watchdog for 200 seconds at Wed Oct 14 15:48:09 UTC 2020
1 ms. Memory: 51200K Free: 31925K (62%)
ptolemy.util.test.WatchDog.cancel(): canceling Wed Oct 14 15:48:09 UTC 2020
------------------ testing $PTII/ptolemy/domains/de/test/auto/OpenQueueingNetwork.xml
auto.tcl: Setting watchdog for 200 seconds at Wed Oct 14 15:48:09 UTC 2020
2867 ms. Memory: 124928K Free: 54186K (43%)
ptolemy.util.test.WatchDog.cancel(): canceling Wed Oct 14 15:48:12 UTC 2020
auto.tcl: Setting watchdog for 200 seconds at Wed Oct 14 15:48:12 UTC 2020
2209 ms. Memory: 150528K Free: 66484K (44%)
ptolemy.util.test.WatchDog.cancel(): canceling Wed Oct 14 15:48:14 UTC 2020
------------------ testing $PTII/ptolemy/domains/de/test/auto/OpenQueuingNetwork.xml
auto.tcl: Setting watchdog for 200 seconds at Wed Oct 14 15:48:14 UTC 2020
246 ms. Memory: 55296K Free: 26095K (47%)
ptolemy.util.test.WatchDog.cancel(): canceling Wed Oct 14 15:48:14 UTC 2020
auto.tcl: Setting watchdog for 200 seconds at Wed Oct 14 15:48:14 UTC 2020
239 ms. Memory: 55296K Free: 36319K (66%)
ptolemy.util.test.WatchDog.cancel(): canceling Wed Oct 14 15:48:14 UTC 2020
------------------ testing $PTII/ptolemy/domains/de/test/auto/PeriodicSampler.xml
auto.tcl: Setting watchdog for 200 seconds at Wed Oct 14 15:48:14 UTC 2020
3 ms. Memory: 55296K Free: 35908K (65%)
ptolemy.util.test.WatchDog.cancel(): canceling Wed Oct 14 15:48:14 UTC 2020
auto.tcl: Setting watchdog for 200 seconds at Wed Oct 14 15:48:14 UTC 2020
1 ms. Memory: 55296K Free: 35388K (64%)
ptolemy.util.test.WatchDog.cancel(): canceling Wed Oct 14 15:48:14 UTC 2020
------------------ testing $PTII/ptolemy/domains/de/test/auto/PersistentIO.xml
auto.tcl: Setting watchdog for 200 seconds at Wed Oct 14 15:48:15 UTC 2020
5 ms. Memory: 51200K Free: 26738K (52%)
ptolemy.util.test.WatchDog.cancel(): canceling Wed Oct 14 15:48:15 UTC 2020
auto.tcl: Setting watchdog for 200 seconds at Wed Oct 14 15:48:15 UTC 2020
4 ms. Memory: 51200K Free: 25218K (49%)
ptolemy.util.test.WatchDog.cancel(): canceling Wed Oct 14 15:48:15 UTC 2020
------------------ testing $PTII/ptolemy/domains/de/test/auto/PortParameterResetOnInitialize.xml
auto.tcl: Setting watchdog for 200 seconds at Wed Oct 14 15:48:15 UTC 2020
3 ms. Memory: 51200K Free: 31705K (62%)
ptolemy.util.test.WatchDog.cancel(): canceling Wed Oct 14 15:48:15 UTC 2020
auto.tcl: Setting watchdog for 200 seconds at Wed Oct 14 15:48:15 UTC 2020
2 ms. Memory: 51200K Free: 31225K (61%)
ptolemy.util.test.WatchDog.cancel(): canceling Wed Oct 14 15:48:15 UTC 2020
------------------ testing $PTII/ptolemy/domains/de/test/auto/PortParameterUpdates.xml
auto.tcl: Setting watchdog for 200 seconds at Wed Oct 14 15:48:15 UTC 2020
4 ms. Memory: 51200K Free: 29819K (58%)
ptolemy.util.test.WatchDog.cancel(): canceling Wed Oct 14 15:48:15 UTC 2020
auto.tcl: Setting watchdog for 200 seconds at Wed Oct 14 15:48:15 UTC 2020
4 ms. Memory: 51200K Free: 28798K (56%)
ptolemy.util.test.WatchDog.cancel(): canceling Wed Oct 14 15:48:15 UTC 2020
------------------ testing $PTII/ptolemy/domains/de/test/auto/QueueAndServer.xml
auto.tcl: Setting watchdog for 200 seconds at Wed Oct 14 15:48:15 UTC 2020
6 ms. Memory: 51200K Free: 28698K (56%)
ptolemy.util.test.WatchDog.cancel(): canceling Wed Oct 14 15:48:15 UTC 2020
auto.tcl: Setting watchdog for 200 seconds at Wed Oct 14 15:48:15 UTC 2020
5 ms. Memory: 51200K Free: 27225K (53%)
ptolemy.util.test.WatchDog.cancel(): canceling Wed Oct 14 15:48:15 UTC 2020
------------------ testing $PTII/ptolemy/domains/de/test/auto/Records.xml
auto.tcl: Setting watchdog for 200 seconds at Wed Oct 14 15:48:15 UTC 2020
3 ms. Memory: 51200K Free: 30977K (61%)
ptolemy.util.test.WatchDog.cancel(): canceling Wed Oct 14 15:48:15 UTC 2020
auto.tcl: Setting watchdog for 200 seconds at Wed Oct 14 15:48:15 UTC 2020
2 ms. Memory: 51200K Free: 30472K (60%)
ptolemy.util.test.WatchDog.cancel(): canceling Wed Oct 14 15:48:15 UTC 2020
------------------ testing $PTII/ptolemy/domains/de/test/auto/ResetTransitionWithStartTime1.xml
auto.tcl: Setting watchdog for 200 seconds at Wed Oct 14 15:48:15 UTC 2020
9 ms. Memory: 51200K Free: 28221K (55%)
ptolemy.util.test.WatchDog.cancel(): canceling Wed Oct 14 15:48:15 UTC 2020
auto.tcl: Setting watchdog for 200 seconds at Wed Oct 14 15:48:15 UTC 2020
7 ms. Memory: 51200K Free: 26175K (51%)
ptolemy.util.test.WatchDog.cancel(): canceling Wed Oct 14 15:48:15 UTC 2020
------------------ testing $PTII/ptolemy/domains/de/test/auto/ResetTransitionWithStartTime2.xml
auto.tcl: Setting watchdog for 200 seconds at Wed Oct 14 15:48:15 UTC 2020
6 ms. Memory: 51200K Free: 28176K (55%)
ptolemy.util.test.WatchDog.cancel(): canceling Wed Oct 14 15:48:15 UTC 2020
auto.tcl: Setting watchdog for 200 seconds at Wed Oct 14 15:48:15 UTC 2020
7 ms. Memory: 51200K Free: 26147K (51%)
ptolemy.util.test.WatchDog.cancel(): canceling Wed Oct 14 15:48:15 UTC 2020
------------------ testing $PTII/ptolemy/domains/de/test/auto/ResetTransitionWithStartTime3.xml
auto.tcl: Setting watchdog for 200 seconds at Wed Oct 14 15:48:15 UTC 2020
10 ms. Memory: 51200K Free: 28176K (55%)
ptolemy.util.test.WatchDog.cancel(): canceling Wed Oct 14 15:48:15 UTC 2020
auto.tcl: Setting watchdog for 200 seconds at Wed Oct 14 15:48:15 UTC 2020
6 ms. Memory: 51200K Free: 26160K (51%)
ptolemy.util.test.WatchDog.cancel(): canceling Wed Oct 14 15:48:15 UTC 2020
------------------ testing $PTII/ptolemy/domains/de/test/auto/ResetTransitionWithStartTime4.xml
auto.tcl: Setting watchdog for 200 seconds at Wed Oct 14 15:48:15 UTC 2020
9 ms. Memory: 51200K Free: 28584K (56%)
ptolemy.util.test.WatchDog.cancel(): canceling Wed Oct 14 15:48:15 UTC 2020
auto.tcl: Setting watchdog for 200 seconds at Wed Oct 14 15:48:15 UTC 2020
8 ms. Memory: 51200K Free: 27166K (53%)
ptolemy.util.test.WatchDog.cancel(): canceling Wed Oct 14 15:48:15 UTC 2020
------------------ testing $PTII/ptolemy/domains/de/test/auto/ResettableTimer1.xml
auto.tcl: Setting watchdog for 200 seconds at Wed Oct 14 15:48:15 UTC 2020
2 ms. Memory: 51200K Free: 32445K (63%)
ptolemy.util.test.WatchDog.cancel(): canceling Wed Oct 14 15:48:15 UTC 2020
auto.tcl: Setting watchdog for 200 seconds at Wed Oct 14 15:48:15 UTC 2020
2 ms. Memory: 51200K Free: 31723K (62%)
ptolemy.util.test.WatchDog.cancel(): canceling Wed Oct 14 15:48:15 UTC 2020
------------------ testing $PTII/ptolemy/domains/de/test/auto/ResettableTimer2.xml
auto.tcl: Setting watchdog for 200 seconds at Wed Oct 14 15:48:15 UTC 2020
3 ms. Memory: 51200K Free: 32446K (63%)
ptolemy.util.test.WatchDog.cancel(): canceling Wed Oct 14 15:48:15 UTC 2020
auto.tcl: Setting watchdog for 200 seconds at Wed Oct 14 15:48:15 UTC 2020
3 ms. Memory: 51200K Free: 31812K (62%)
ptolemy.util.test.WatchDog.cancel(): canceling Wed Oct 14 15:48:15 UTC 2020
------------------ testing $PTII/ptolemy/domains/de/test/auto/ResettableTimer3.xml
auto.tcl: Setting watchdog for 200 seconds at Wed Oct 14 15:48:15 UTC 2020
1 ms. Memory: 51200K Free: 32308K (63%)
ptolemy.util.test.WatchDog.cancel(): canceling Wed Oct 14 15:48:15 UTC 2020
auto.tcl: Setting watchdog for 200 seconds at Wed Oct 14 15:48:15 UTC 2020
1 ms. Memory: 51200K Free: 32308K (63%)
ptolemy.util.test.WatchDog.cancel(): canceling Wed Oct 14 15:48:15 UTC 2020
------------------ testing $PTII/ptolemy/domains/de/test/auto/ResettableTimer4.xml
auto.tcl: Setting watchdog for 200 seconds at Wed Oct 14 15:48:16 UTC 2020
1 ms. Memory: 51200K Free: 32322K (63%)
ptolemy.util.test.WatchDog.cancel(): canceling Wed Oct 14 15:48:16 UTC 2020
auto.tcl: Setting watchdog for 200 seconds at Wed Oct 14 15:48:16 UTC 2020
2 ms. Memory: 51200K Free: 31824K (62%)
ptolemy.util.test.WatchDog.cancel(): canceling Wed Oct 14 15:48:16 UTC 2020
------------------ testing $PTII/ptolemy/domains/de/test/auto/ResettableTimer5.xml
auto.tcl: Setting watchdog for 200 seconds at Wed Oct 14 15:48:16 UTC 2020
3 ms. Memory: 51200K Free: 31791K (62%)
ptolemy.util.test.WatchDog.cancel(): canceling Wed Oct 14 15:48:16 UTC 2020
auto.tcl: Setting watchdog for 200 seconds at Wed Oct 14 15:48:16 UTC 2020
2 ms. Memory: 51200K Free: 31297K (61%)
ptolemy.util.test.WatchDog.cancel(): canceling Wed Oct 14 15:48:16 UTC 2020
------------------ testing $PTII/ptolemy/domains/de/test/auto/ResettableTimer6.xml
auto.tcl: Setting watchdog for 200 seconds at Wed Oct 14 15:48:16 UTC 2020
2 ms. Memory: 51200K Free: 31796K (62%)
ptolemy.util.test.WatchDog.cancel(): canceling Wed Oct 14 15:48:16 UTC 2020
auto.tcl: Setting watchdog for 200 seconds at Wed Oct 14 15:48:16 UTC 2020
2 ms. Memory: 51200K Free: 31293K (61%)
ptolemy.util.test.WatchDog.cancel(): canceling Wed Oct 14 15:48:16 UTC 2020
------------------ testing $PTII/ptolemy/domains/de/test/auto/ServerZeroDelay.xml
auto.tcl: Setting watchdog for 200 seconds at Wed Oct 14 15:48:16 UTC 2020
4 ms. Memory: 51200K Free: 32302K (63%)
ptolemy.util.test.WatchDog.cancel(): canceling Wed Oct 14 15:48:16 UTC 2020
auto.tcl: Setting watchdog for 200 seconds at Wed Oct 14 15:48:16 UTC 2020
3 ms. Memory: 51200K Free: 31278K (61%)
ptolemy.util.test.WatchDog.cancel(): canceling Wed Oct 14 15:48:16 UTC 2020
------------------ testing $PTII/ptolemy/domains/de/test/auto/SmartSender.xml
auto.tcl: Setting watchdog for 200 seconds at Wed Oct 14 15:48:16 UTC 2020
3002 ms. Memory: 51200K Free: 32296K (63%)
ptolemy.util.test.WatchDog.cancel(): canceling Wed Oct 14 15:48:19 UTC 2020
auto.tcl: Setting watchdog for 200 seconds at Wed Oct 14 15:48:19 UTC 2020
3003 ms. Memory: 51200K Free: 31777K (62%)
ptolemy.util.test.WatchDog.cancel(): canceling Wed Oct 14 15:48:22 UTC 2020
------------------ testing $PTII/ptolemy/domains/de/test/auto/ThreadedComposite.xml
auto.tcl: Setting watchdog for 200 seconds at Wed Oct 14 15:48:22 UTC 2020
222 ms. Memory: 51200K Free: 12340K (24%)
ptolemy.util.test.WatchDog.cancel(): canceling Wed Oct 14 15:48:22 UTC 2020
auto.tcl: Setting watchdog for 200 seconds at Wed Oct 14 15:48:22 UTC 2020
150 ms. Memory: 51200K Free: 28229K (55%)
ptolemy.util.test.WatchDog.cancel(): canceling Wed Oct 14 15:48:22 UTC 2020
------------------ testing $PTII/ptolemy/domains/de/test/auto/Time.xml
auto.tcl: Setting watchdog for 200 seconds at Wed Oct 14 15:48:22 UTC 2020
459 ms. Memory: 51200K Free: 10994K (21%)
ptolemy.util.test.WatchDog.cancel(): canceling Wed Oct 14 15:48:23 UTC 2020
auto.tcl: Setting watchdog for 200 seconds at Wed Oct 14 15:48:23 UTC 2020
422 ms. Memory: 51200K Free: 18895K (37%)
ptolemy.util.test.WatchDog.cancel(): canceling Wed Oct 14 15:48:23 UTC 2020
------------------ testing $PTII/ptolemy/domains/de/test/auto/TimeDelayZeroDelay.xml
auto.tcl: Setting watchdog for 200 seconds at Wed Oct 14 15:48:23 UTC 2020
2 ms. Memory: 51200K Free: 32226K (63%)
ptolemy.util.test.WatchDog.cancel(): canceling Wed Oct 14 15:48:23 UTC 2020
auto.tcl: Setting watchdog for 200 seconds at Wed Oct 14 15:48:23 UTC 2020
2 ms. Memory: 51200K Free: 31356K (61%)
ptolemy.util.test.WatchDog.cancel(): canceling Wed Oct 14 15:48:23 UTC 2020
------------------ testing $PTII/ptolemy/domains/de/test/auto/TimerZeroDelay.xml
auto.tcl: Setting watchdog for 200 seconds at Wed Oct 14 15:48:23 UTC 2020
4 ms. Memory: 51200K Free: 32656K (64%)
ptolemy.util.test.WatchDog.cancel(): canceling Wed Oct 14 15:48:23 UTC 2020
auto.tcl: Setting watchdog for 200 seconds at Wed Oct 14 15:48:23 UTC 2020
2 ms. Memory: 51200K Free: 31848K (62%)
ptolemy.util.test.WatchDog.cancel(): canceling Wed Oct 14 15:48:23 UTC 2020
------------------ testing $PTII/ptolemy/domains/de/test/auto/TimingParadox.xml
auto.tcl: Setting watchdog for 200 seconds at Wed Oct 14 15:48:23 UTC 2020
330 ms. Memory: 66560K Free: 45425K (68%)
ptolemy.util.test.WatchDog.cancel(): canceling Wed Oct 14 15:48:24 UTC 2020
auto.tcl: Setting watchdog for 200 seconds at Wed Oct 14 15:48:24 UTC 2020
288 ms. Memory: 66560K Free: 46416K (70%)
ptolemy.util.test.WatchDog.cancel(): canceling Wed Oct 14 15:48:24 UTC 2020
------------------ testing $PTII/ptolemy/domains/de/test/auto/TransferInputs.xml
auto.tcl: Setting watchdog for 200 seconds at Wed Oct 14 15:48:24 UTC 2020
4 ms. Memory: 58368K Free: 37905K (65%)
ptolemy.util.test.WatchDog.cancel(): canceling Wed Oct 14 15:48:24 UTC 2020
auto.tcl: Setting watchdog for 200 seconds at Wed Oct 14 15:48:24 UTC 2020
6 ms. Memory: 58368K Free: 36974K (63%)
ptolemy.util.test.WatchDog.cancel(): canceling Wed Oct 14 15:48:24 UTC 2020
------------------ testing $PTII/ptolemy/domains/de/test/auto/TransferOutputs2.xml
auto.tcl: Setting watchdog for 200 seconds at Wed Oct 14 15:48:24 UTC 2020
2 ms. Memory: 51200K Free: 28180K (55%)
ptolemy.util.test.WatchDog.cancel(): canceling Wed Oct 14 15:48:24 UTC 2020
auto.tcl: Setting watchdog for 200 seconds at Wed Oct 14 15:48:24 UTC 2020
3 ms. Memory: 51200K Free: 26762K (52%)
ptolemy.util.test.WatchDog.cancel(): canceling Wed Oct 14 15:48:24 UTC 2020
------------------ testing $PTII/ptolemy/domains/de/test/auto/Trilateration.xml
auto.tcl: Setting watchdog for 200 seconds at Wed Oct 14 15:48:24 UTC 2020
13104 ms. Memory: 482304K Free: 400193K (83%)
ptolemy.util.test.WatchDog.cancel(): canceling Wed Oct 14 15:48:39 UTC 2020
auto.tcl: Setting watchdog for 200 seconds at Wed Oct 14 15:48:39 UTC 2020
9689 ms. Memory: 482304K Free: 330982K (69%)
ptolemy.util.test.WatchDog.cancel(): canceling Wed Oct 14 15:48:48 UTC 2020
------------------ testing $PTII/ptolemy/domains/de/test/auto/TwoSigmaDelta.xml
auto.tcl: Setting watchdog for 200 seconds at Wed Oct 14 15:48:48 UTC 2020
2388 ms. Memory: 89088K Free: 13042K (15%)
ptolemy.util.test.WatchDog.cancel(): canceling Wed Oct 14 15:48:51 UTC 2020
auto.tcl: Setting watchdog for 200 seconds at Wed Oct 14 15:48:51 UTC 2020
1985 ms. Memory: 89088K Free: 52441K (59%)
ptolemy.util.test.WatchDog.cancel(): canceling Wed Oct 14 15:48:53 UTC 2020
------------------ testing $PTII/ptolemy/domains/de/test/auto/VariableDelay.xml
auto.tcl: Setting watchdog for 200 seconds at Wed Oct 14 15:48:53 UTC 2020
3 ms. Memory: 55296K Free: 35312K (64%)
ptolemy.util.test.WatchDog.cancel(): canceling Wed Oct 14 15:48:53 UTC 2020
auto.tcl: Setting watchdog for 200 seconds at Wed Oct 14 15:48:53 UTC 2020
2 ms. Memory: 55296K Free: 34318K (62%)
ptolemy.util.test.WatchDog.cancel(): canceling Wed Oct 14 15:48:53 UTC 2020
------------------ testing $PTII/ptolemy/domains/de/test/auto/VariableDelay2.xml
auto.tcl: Setting watchdog for 200 seconds at Wed Oct 14 15:48:53 UTC 2020
6 ms. Memory: 55296K Free: 35727K (65%)
ptolemy.util.test.WatchDog.cancel(): canceling Wed Oct 14 15:48:53 UTC 2020
auto.tcl: Setting watchdog for 200 seconds at Wed Oct 14 15:48:53 UTC 2020
3 ms. Memory: 55296K Free: 35231K (64%)
ptolemy.util.test.WatchDog.cancel(): canceling Wed Oct 14 15:48:53 UTC 2020
------------------ testing $PTII/ptolemy/domains/de/test/auto/VariableDelayZeroDelay.xml
auto.tcl: Setting watchdog for 200 seconds at Wed Oct 14 15:48:53 UTC 2020
3 ms. Memory: 55296K Free: 36254K (66%)
ptolemy.util.test.WatchDog.cancel(): canceling Wed Oct 14 15:48:53 UTC 2020
auto.tcl: Setting watchdog for 200 seconds at Wed Oct 14 15:48:53 UTC 2020
2 ms. Memory: 55296K Free: 35710K (65%)
ptolemy.util.test.WatchDog.cancel(): canceling Wed Oct 14 15:48:53 UTC 2020
------------------ testing $PTII/ptolemy/domains/de/test/auto/VariableDelayZeroDelay2.xml
auto.tcl: Setting watchdog for 200 seconds at Wed Oct 14 15:48:53 UTC 2020
1 ms. Memory: 55296K Free: 36253K (66%)
ptolemy.util.test.WatchDog.cancel(): canceling Wed Oct 14 15:48:53 UTC 2020
auto.tcl: Setting watchdog for 200 seconds at Wed Oct 14 15:48:53 UTC 2020
2 ms. Memory: 55296K Free: 35229K (64%)
ptolemy.util.test.WatchDog.cancel(): canceling Wed Oct 14 15:48:53 UTC 2020
------------------ testing $PTII/ptolemy/domains/de/test/auto/deInCt.xml
auto.tcl: Setting watchdog for 200 seconds at Wed Oct 14 15:48:53 UTC 2020
0
1
1
1
1
0
0
0
1
1
1
1
0
0
0
0
0
1
1
1
1
0
0
0
1
1
1
0
0
0
1
1
1
1
0
0
1
1
0
0
0
10 ms. Memory: 55296K Free: 35226K (64%)
ptolemy.util.test.WatchDog.cancel(): canceling Wed Oct 14 15:48:53 UTC 2020
auto.tcl: Setting watchdog for 200 seconds at Wed Oct 14 15:48:53 UTC 2020
0
1
1
1
0
0
0
1
1
1
0
0
0
1
1
1
1
0
0
0
1
1
0
0
0
1
1
1
1
0
0
0
1
1
1
1
0
0
0
1
1
1
1
0
0
0
0
1
1
1
1
8 ms. Memory: 55296K Free: 33688K (61%)
ptolemy.util.test.WatchDog.cancel(): canceling Wed Oct 14 15:48:53 UTC 2020
------------------ testing $PTII/ptolemy/domains/de/test/auto/deInCt2.xml
auto.tcl: Setting watchdog for 200 seconds at Wed Oct 14 15:48:53 UTC 2020
0
1
1
1
0
0
1
1
1
0
0
1
1
1
0
0
1
1
1
0
0
1
1
1
0
0
1
1
1
0
0
1
1
1
0
0
1
1
1
0
0
0
7 ms. Memory: 51200K Free: 31133K (61%)
ptolemy.util.test.WatchDog.cancel(): canceling Wed Oct 14 15:48:53 UTC 2020
auto.tcl: Setting watchdog for 200 seconds at Wed Oct 14 15:48:53 UTC 2020
0
1
1
1
0
0
1
1
1
0
0
1
1
1
0
0
1
1
1
0
0
1
1
1
0
0
1
1
1
0
0
1
1
1
0
0
1
1
1
0
0
0
8 ms. Memory: 51200K Free: 29580K (58%)
ptolemy.util.test.WatchDog.cancel(): canceling Wed Oct 14 15:48:53 UTC 2020
------------------ testing $PTII/ptolemy/domains/de/test/auto/dynamicCausalityInterface1.xml
auto.tcl: Setting watchdog for 200 seconds at Wed Oct 14 15:48:53 UTC 2020
2 ms. Memory: 51200K Free: 27031K (53%)
ptolemy.util.test.WatchDog.cancel(): canceling Wed Oct 14 15:48:53 UTC 2020
auto.tcl: Setting watchdog for 200 seconds at Wed Oct 14 15:48:53 UTC 2020
1 ms. Memory: 51200K Free: 26534K (52%)
ptolemy.util.test.WatchDog.cancel(): canceling Wed Oct 14 15:48:53 UTC 2020
------------------ testing $PTII/ptolemy/domains/de/test/auto/fsm_de_test.xml
auto.tcl: Setting watchdog for 200 seconds at Wed Oct 14 15:48:53 UTC 2020
8 ms. Memory: 51200K Free: 26929K (53%)
ptolemy.util.test.WatchDog.cancel(): canceling Wed Oct 14 15:48:54 UTC 2020
auto.tcl: Setting watchdog for 200 seconds at Wed Oct 14 15:48:54 UTC 2020
6 ms. Memory: 51200K Free: 24881K (49%)
ptolemy.util.test.WatchDog.cancel(): canceling Wed Oct 14 15:48:54 UTC 2020
------------------ testing $PTII/ptolemy/domains/de/test/auto/functionDependencyReconstruction.xml
auto.tcl: Setting watchdog for 200 seconds at Wed Oct 14 15:48:54 UTC 2020
4 ms. Memory: 51200K Free: 20775K (41%)
ptolemy.util.test.WatchDog.cancel(): canceling Wed Oct 14 15:48:54 UTC 2020
auto.tcl: Setting watchdog for 200 seconds at Wed Oct 14 15:48:54 UTC 2020
3 ms. Memory: 51200K Free: 18727K (37%)
ptolemy.util.test.WatchDog.cancel(): canceling Wed Oct 14 15:48:54 UTC 2020
------------------ testing $PTII/ptolemy/domains/de/test/auto/multirate.xml
auto.tcl: Setting watchdog for 200 seconds at Wed Oct 14 15:48:54 UTC 2020
6 ms. Memory: 51200K Free: 29570K (58%)
ptolemy.util.test.WatchDog.cancel(): canceling Wed Oct 14 15:48:54 UTC 2020
auto.tcl: Setting watchdog for 200 seconds at Wed Oct 14 15:48:54 UTC 2020
3 ms. Memory: 51200K Free: 27849K (54%)
ptolemy.util.test.WatchDog.cancel(): canceling Wed Oct 14 15:48:54 UTC 2020
------------------ testing $PTII/ptolemy/domains/de/test/auto/multirate2.xml
auto.tcl: Setting watchdog for 200 seconds at Wed Oct 14 15:48:54 UTC 2020
3 ms. Memory: 51200K Free: 29751K (58%)
ptolemy.util.test.WatchDog.cancel(): canceling Wed Oct 14 15:48:54 UTC 2020
auto.tcl: Setting watchdog for 200 seconds at Wed Oct 14 15:48:54 UTC 2020
3 ms. Memory: 51200K Free: 28029K (55%)
ptolemy.util.test.WatchDog.cancel(): canceling Wed Oct 14 15:48:54 UTC 2020
------------------ testing $PTII/ptolemy/domains/de/test/auto/realtime.xml
auto.tcl: Setting watchdog for 200 seconds at Wed Oct 14 15:48:54 UTC 2020
10002 ms. Memory: 51200K Free: 31790K (62%)
ptolemy.util.test.WatchDog.cancel(): canceling Wed Oct 14 15:49:04 UTC 2020
auto.tcl: Setting watchdog for 200 seconds at Wed Oct 14 15:49:04 UTC 2020
10002 ms. Memory: 51200K Free: 31077K (61%)
ptolemy.util.test.WatchDog.cancel(): canceling Wed Oct 14 15:49:14 UTC 2020
------------------ testing $PTII/ptolemy/domains/de/test/auto/relationGroup.xml
auto.tcl: Setting watchdog for 200 seconds at Wed Oct 14 15:49:14 UTC 2020
2 ms. Memory: 51200K Free: 32869K (64%)
ptolemy.util.test.WatchDog.cancel(): canceling Wed Oct 14 15:49:14 UTC 2020
auto.tcl: Setting watchdog for 200 seconds at Wed Oct 14 15:49:14 UTC 2020
2 ms. Memory: 51200K Free: 32156K (63%)
ptolemy.util.test.WatchDog.cancel(): canceling Wed Oct 14 15:49:14 UTC 2020
------------------ testing $PTII/ptolemy/domains/de/test/auto/relationGroup2.xml
auto.tcl: Setting watchdog for 200 seconds at Wed Oct 14 15:49:14 UTC 2020
1 ms. Memory: 51200K Free: 32915K (64%)
ptolemy.util.test.WatchDog.cancel(): canceling Wed Oct 14 15:49:14 UTC 2020
auto.tcl: Setting watchdog for 200 seconds at Wed Oct 14 15:49:14 UTC 2020
3 ms. Memory: 51200K Free: 32415K (63%)
ptolemy.util.test.WatchDog.cancel(): canceling Wed Oct 14 15:49:14 UTC 2020
------------------ testing $PTII/ptolemy/domains/de/test/auto/sortWithOpaquePorts.xml
auto.tcl: Setting watchdog for 200 seconds at Wed Oct 14 15:49:14 UTC 2020
2 ms. Memory: 51200K Free: 31661K (62%)
ptolemy.util.test.WatchDog.cancel(): canceling Wed Oct 14 15:49:14 UTC 2020
auto.tcl: Setting watchdog for 200 seconds at Wed Oct 14 15:49:14 UTC 2020
3 ms. Memory: 51200K Free: 30633K (60%)
ptolemy.util.test.WatchDog.cancel(): canceling Wed Oct 14 15:49:14 UTC 2020
------------------ testing $PTII/ptolemy/domains/de/test/auto/transferInputsandOutputs.xml
auto.tcl: Setting watchdog for 200 seconds at Wed Oct 14 15:49:14 UTC 2020
4 ms. Memory: 51200K Free: 29097K (57%)
ptolemy.util.test.WatchDog.cancel(): canceling Wed Oct 14 15:49:14 UTC 2020
auto.tcl: Setting watchdog for 200 seconds at Wed Oct 14 15:49:14 UTC 2020
4 ms. Memory: 51200K Free: 28073K (55%)
ptolemy.util.test.WatchDog.cancel(): canceling Wed Oct 14 15:49:14 UTC 2020
------------------ testing $PTII/ptolemy/domains/de/test/auto/triggerType.xml
auto.tcl: Setting watchdog for 200 seconds at Wed Oct 14 15:49:14 UTC 2020
2 ms. Memory: 51200K Free: 32122K (63%)
ptolemy.util.test.WatchDog.cancel(): canceling Wed Oct 14 15:49:14 UTC 2020
auto.tcl: Setting watchdog for 200 seconds at Wed Oct 14 15:49:14 UTC 2020
2 ms. Memory: 51200K Free: 31098K (61%)
ptolemy.util.test.WatchDog.cancel(): canceling Wed Oct 14 15:49:14 UTC 2020
10/14/20 03:49:14
Failed: 0  Total Tests: 192  ((Passed: 187, Newly Passed: 1)  Known Failed: 5) /home/travis/build/icyphy/ptII/ptolemy/domains/de/test
10/14/20 03:49:14
Failed: 0  Total Tests: 192  ((Passed: 187, Newly Passed: 1)  Known Failed: 5) /home/travis/build/icyphy/ptII/ptolemy/domains/de/test
----------------- testing (KnownFailure) /home/travis/build/icyphy/ptII/ptolemy/domains/de/test/auto/knownFailedTests/DESDFClockTest.xml
2012 ms. Memory: 51200K Free: 25007K (49%)
Known Failure: java.lang.reflect.InvocationTargetException
----------------- testing (KnownFailure) /home/travis/build/icyphy/ptII/ptolemy/domains/de/test/auto/knownFailedTests/DirectFeedback.xml
3 ms. Memory: 51200K Free: 21421K (42%)
Known Failure: java.lang.reflect.InvocationTargetException
----------------- testing (KnownFailure) /home/travis/build/icyphy/ptII/ptolemy/domains/de/test/auto/knownFailedTests/FSMSource.xml
9 ms. Memory: 51200K Free: 13215K (26%)
----------------- testing (KnownFailure) /home/travis/build/icyphy/ptII/ptolemy/domains/de/test/auto/knownFailedTests/HierarchicalModel.xml
4 ms. Memory: 51200K Free: 25569K (50%)
Known Failure: java.lang.reflect.InvocationTargetException
----------------- testing (KnownFailure) /home/travis/build/icyphy/ptII/ptolemy/domains/de/test/auto/knownFailedTests/dependencyLoop.xml
2 ms. Memory: 51200K Free: 10552K (21%)
Known Failure: java.lang.reflect.InvocationTargetException
----------------- testing (KnownFailure) /home/travis/build/icyphy/ptII/ptolemy/domains/de/test/auto/knownFailedTests/dependencyLoop2.xml
10 ms. Memory: 51200K Free: 23206K (45%)
Known Failure: java.lang.reflect.InvocationTargetException
No auto/linux-amd64/*.xml tests in /home/travis/build/icyphy/ptII/ptolemy/domains/de/test
AutoTests.java: About to close Vertx.
AutoTests.java: Vertx closed.

===========================================================================================
----------------- testing Wed Oct 14 15:49:17 UTC 2020 /home/travis/build/icyphy/ptII/ptolemy/domains/de/test/auto/ActorDepthCalculation_actorWithoutPorts.xml
----------------- Instantiating /home/travis/build/icyphy/ptII/ptolemy/domains/de/test/auto/ActorDepthCalculation_actorWithoutPorts.xml
2 ms. Memory: 51200K Free: 16469K (32%)
----------------- Invoking toplevel() on ptolemy.moml.MoMLSimpleApplication@564fb8f0
----------------- Done invoking toplevel() on ptolemy.moml.MoMLSimpleApplication@564fb8f0
reloadAllAccessors: .ActorDepthCalculation_actorWithoutPorts

===========================================================================================
----------------- testing Wed Oct 14 15:49:17 UTC 2020 /home/travis/build/icyphy/ptII/ptolemy/domains/de/test/auto/AssemblyLine.xml
----------------- Instantiating /home/travis/build/icyphy/ptII/ptolemy/domains/de/test/auto/AssemblyLine.xml
5 ms. Memory: 51200K Free: 9578K (19%)
----------------- Invoking toplevel() on ptolemy.moml.MoMLSimpleApplication@b8e2095
----------------- Done invoking toplevel() on ptolemy.moml.MoMLSimpleApplication@b8e2095
reloadAllAccessors: .AssemblyLine

===========================================================================================
----------------- testing Wed Oct 14 15:49:17 UTC 2020 /home/travis/build/icyphy/ptII/ptolemy/domains/de/test/auto/CQBug1.xml
----------------- Instantiating /home/travis/build/icyphy/ptII/ptolemy/domains/de/test/auto/CQBug1.xml
1 ms. Memory: 51200K Free: 34315K (67%)
----------------- Invoking toplevel() on ptolemy.moml.MoMLSimpleApplication@799fd957
----------------- Done invoking toplevel() on ptolemy.moml.MoMLSimpleApplication@799fd957
reloadAllAccessors: .CQBug1

===========================================================================================
----------------- testing Wed Oct 14 15:49:17 UTC 2020 /home/travis/build/icyphy/ptII/ptolemy/domains/de/test/auto/CancelFireAt.xml
----------------- Instantiating /home/travis/build/icyphy/ptII/ptolemy/domains/de/test/auto/CancelFireAt.xml
12 ms. Memory: 51200K Free: 31828K (62%)
----------------- Invoking toplevel() on ptolemy.moml.MoMLSimpleApplication@3a5e730
----------------- Done invoking toplevel() on ptolemy.moml.MoMLSimpleApplication@3a5e730
reloadAllAccessors: .CancelFireAt

===========================================================================================
----------------- testing Wed Oct 14 15:49:17 UTC 2020 /home/travis/build/icyphy/ptII/ptolemy/domains/de/test/auto/CausalityAndComposabilityAnalysis.xml
----------------- Instantiating /home/travis/build/icyphy/ptII/ptolemy/domains/de/test/auto/CausalityAndComposabilityAnalysis.xml
2 ms. Memory: 51200K Free: 27454K (54%)
----------------- Invoking toplevel() on ptolemy.moml.MoMLSimpleApplication@67ff90cd
----------------- Done invoking toplevel() on ptolemy.moml.MoMLSimpleApplication@67ff90cd
reloadAllAccessors: .CausalityAndComposabilityAnalysis

===========================================================================================
----------------- testing Wed Oct 14 15:49:17 UTC 2020 /home/travis/build/icyphy/ptII/ptolemy/domains/de/test/auto/CausalityInterface1.xml
----------------- Instantiating /home/travis/build/icyphy/ptII/ptolemy/domains/de/test/auto/CausalityInterface1.xml
6 ms. Memory: 51200K Free: 22612K (44%)
----------------- Invoking toplevel() on ptolemy.moml.MoMLSimpleApplication@13588433
----------------- Done invoking toplevel() on ptolemy.moml.MoMLSimpleApplication@13588433
reloadAllAccessors: .CausalityInterface1

===========================================================================================
----------------- testing Wed Oct 14 15:49:17 UTC 2020 /home/travis/build/icyphy/ptII/ptolemy/domains/de/test/auto/CausalityInterface15.xml
----------------- Instantiating /home/travis/build/icyphy/ptII/ptolemy/domains/de/test/auto/CausalityInterface15.xml
2 ms. Memory: 51200K Free: 17200K (34%)
----------------- Invoking toplevel() on ptolemy.moml.MoMLSimpleApplication@7d70ab23
----------------- Done invoking toplevel() on ptolemy.moml.MoMLSimpleApplication@7d70ab23
reloadAllAccessors: .CausalityInterface15

===========================================================================================
----------------- testing Wed Oct 14 15:49:17 UTC 2020 /home/travis/build/icyphy/ptII/ptolemy/domains/de/test/auto/CausalityInterface2.xml
----------------- Instantiating /home/travis/build/icyphy/ptII/ptolemy/domains/de/test/auto/CausalityInterface2.xml
2 ms. Memory: 51200K Free: 12747K (25%)
----------------- Invoking toplevel() on ptolemy.moml.MoMLSimpleApplication@442e1400
----------------- Done invoking toplevel() on ptolemy.moml.MoMLSimpleApplication@442e1400
reloadAllAccessors: .CausalityInterface2

===========================================================================================
----------------- testing Wed Oct 14 15:49:17 UTC 2020 /home/travis/build/icyphy/ptII/ptolemy/domains/de/test/auto/CausalityInterface3.xml
----------------- Instantiating /home/travis/build/icyphy/ptII/ptolemy/domains/de/test/auto/CausalityInterface3.xml
6 ms. Memory: 51200K Free: 35389K (69%)
----------------- Invoking toplevel() on ptolemy.moml.MoMLSimpleApplication@762542ff
----------------- Done invoking toplevel() on ptolemy.moml.MoMLSimpleApplication@762542ff
reloadAllAccessors: .CausalityInterface3

===========================================================================================
----------------- testing Wed Oct 14 15:49:17 UTC 2020 /home/travis/build/icyphy/ptII/ptolemy/domains/de/test/auto/ClockDrift.xml
----------------- Instantiating /home/travis/build/icyphy/ptII/ptolemy/domains/de/test/auto/ClockDrift.xml
15 ms. Memory: 51200K Free: 23364K (46%)
----------------- Invoking toplevel() on ptolemy.moml.MoMLSimpleApplication@6c55085c
----------------- Done invoking toplevel() on ptolemy.moml.MoMLSimpleApplication@6c55085c
reloadAllAccessors: .ClockDrift

===========================================================================================
----------------- testing Wed Oct 14 15:49:17 UTC 2020 /home/travis/build/icyphy/ptII/ptolemy/domains/de/test/auto/ClockDriftAndValueChange.xml
----------------- Instantiating /home/travis/build/icyphy/ptII/ptolemy/domains/de/test/auto/ClockDriftAndValueChange.xml
10 ms. Memory: 51200K Free: 11731K (23%)
----------------- Invoking toplevel() on ptolemy.moml.MoMLSimpleApplication@549edd15
----------------- Done invoking toplevel() on ptolemy.moml.MoMLSimpleApplication@549edd15
reloadAllAccessors: .ClockDriftAndValueChange

===========================================================================================
----------------- testing Wed Oct 14 15:49:17 UTC 2020 /home/travis/build/icyphy/ptII/ptolemy/domains/de/test/auto/ClockDriftChange.xml
----------------- Instantiating /home/travis/build/icyphy/ptII/ptolemy/domains/de/test/auto/ClockDriftChange.xml
9 ms. Memory: 51200K Free: 29359K (57%)
----------------- Invoking toplevel() on ptolemy.moml.MoMLSimpleApplication@78ec0fa9
----------------- Done invoking toplevel() on ptolemy.moml.MoMLSimpleApplication@78ec0fa9
reloadAllAccessors: .ClockDriftChange

===========================================================================================
----------------- testing Wed Oct 14 15:49:17 UTC 2020 /home/travis/build/icyphy/ptII/ptolemy/domains/de/test/auto/ComposableCausalityAnalysis.xml
----------------- Instantiating /home/travis/build/icyphy/ptII/ptolemy/domains/de/test/auto/ComposableCausalityAnalysis.xml
1 ms. Memory: 51200K Free: 23586K (46%)
----------------- Invoking toplevel() on ptolemy.moml.MoMLSimpleApplication@14ffec17
----------------- Done invoking toplevel() on ptolemy.moml.MoMLSimpleApplication@14ffec17
reloadAllAccessors: .ComposableCausalityAnalysis

===========================================================================================
----------------- testing Wed Oct 14 15:49:17 UTC 2020 /home/travis/build/icyphy/ptII/ptolemy/domains/de/test/auto/DEFixedPointLimitation.xml
----------------- Instantiating /home/travis/build/icyphy/ptII/ptolemy/domains/de/test/auto/DEFixedPointLimitation.xml
1 ms. Memory: 51200K Free: 19209K (38%)
----------------- Invoking toplevel() on ptolemy.moml.MoMLSimpleApplication@7c0fd43e
----------------- Done invoking toplevel() on ptolemy.moml.MoMLSimpleApplication@7c0fd43e
reloadAllAccessors: .DEFixedPointLimitation

===========================================================================================
----------------- testing Wed Oct 14 15:49:17 UTC 2020 /home/travis/build/icyphy/ptII/ptolemy/domains/de/test/auto/DEScheduleTest.xml
----------------- Instantiating /home/travis/build/icyphy/ptII/ptolemy/domains/de/test/auto/DEScheduleTest.xml
2 ms. Memory: 51200K Free: 15023K (29%)
----------------- Invoking toplevel() on ptolemy.moml.MoMLSimpleApplication@23efb19e
----------------- Done invoking toplevel() on ptolemy.moml.MoMLSimpleApplication@23efb19e
reloadAllAccessors: .DEScheduleTest

===========================================================================================
----------------- testing Wed Oct 14 15:49:17 UTC 2020 /home/travis/build/icyphy/ptII/ptolemy/domains/de/test/auto/DEinDEwithStartTimes.xml
----------------- Instantiating /home/travis/build/icyphy/ptII/ptolemy/domains/de/test/auto/DEinDEwithStartTimes.xml
2 ms. Memory: 51200K Free: 9256K (18%)
----------------- Invoking toplevel() on ptolemy.moml.MoMLSimpleApplication@764dcc56
----------------- Done invoking toplevel() on ptolemy.moml.MoMLSimpleApplication@764dcc56
reloadAllAccessors: .DEinDEwithStartTimes

===========================================================================================
----------------- testing Wed Oct 14 15:49:17 UTC 2020 /home/travis/build/icyphy/ptII/ptolemy/domains/de/test/auto/DEinDEwithStartTimes2.xml
----------------- Instantiating /home/travis/build/icyphy/ptII/ptolemy/domains/de/test/auto/DEinDEwithStartTimes2.xml
2 ms. Memory: 51200K Free: 30482K (60%)
----------------- Invoking toplevel() on ptolemy.moml.MoMLSimpleApplication@1216042a
----------------- Done invoking toplevel() on ptolemy.moml.MoMLSimpleApplication@1216042a
reloadAllAccessors: .DEinDEwithStartTimes2

===========================================================================================
----------------- testing Wed Oct 14 15:49:17 UTC 2020 /home/travis/build/icyphy/ptII/ptolemy/domains/de/test/auto/DateDemo.xml
----------------- Instantiating /home/travis/build/icyphy/ptII/ptolemy/domains/de/test/auto/DateDemo.xml
10 ms. Memory: 51200K Free: 19199K (37%)
----------------- Invoking toplevel() on ptolemy.moml.MoMLSimpleApplication@4362c3
----------------- Done invoking toplevel() on ptolemy.moml.MoMLSimpleApplication@4362c3
reloadAllAccessors: .DateDemo

===========================================================================================
----------------- testing Wed Oct 14 15:49:17 UTC 2020 /home/travis/build/icyphy/ptII/ptolemy/domains/de/test/auto/DateToEvent.xml
----------------- Instantiating /home/travis/build/icyphy/ptII/ptolemy/domains/de/test/auto/DateToEvent.xml
2006 ms. Memory: 51200K Free: 31034K (61%)
----------------- Invoking toplevel() on ptolemy.moml.MoMLSimpleApplication@5295a051
----------------- Done invoking toplevel() on ptolemy.moml.MoMLSimpleApplication@5295a051
reloadAllAccessors: .DateToEvent

===========================================================================================
----------------- testing Wed Oct 14 15:49:19 UTC 2020 /home/travis/build/icyphy/ptII/ptolemy/domains/de/test/auto/DepthTest1.xml
----------------- Instantiating /home/travis/build/icyphy/ptII/ptolemy/domains/de/test/auto/DepthTest1.xml
2 ms. Memory: 51200K Free: 28139K (55%)
----------------- Invoking toplevel() on ptolemy.moml.MoMLSimpleApplication@7f929b3a
----------------- Done invoking toplevel() on ptolemy.moml.MoMLSimpleApplication@7f929b3a
reloadAllAccessors: .DepthTest1

===========================================================================================
----------------- testing Wed Oct 14 15:49:19 UTC 2020 /home/travis/build/icyphy/ptII/ptolemy/domains/de/test/auto/DepthTest2.xml
----------------- Instantiating /home/travis/build/icyphy/ptII/ptolemy/domains/de/test/auto/DepthTest2.xml
3 ms. Memory: 51200K Free: 21802K (43%)
----------------- Invoking toplevel() on ptolemy.moml.MoMLSimpleApplication@10614402
----------------- Done invoking toplevel() on ptolemy.moml.MoMLSimpleApplication@10614402
reloadAllAccessors: .DepthTest2

===========================================================================================
----------------- testing Wed Oct 14 15:49:19 UTC 2020 /home/travis/build/icyphy/ptII/ptolemy/domains/de/test/auto/DepthTest3.xml
----------------- Instantiating /home/travis/build/icyphy/ptII/ptolemy/domains/de/test/auto/DepthTest3.xml
2 ms. Memory: 51200K Free: 18724K (37%)
----------------- Invoking toplevel() on ptolemy.moml.MoMLSimpleApplication@9de5d37
----------------- Done invoking toplevel() on ptolemy.moml.MoMLSimpleApplication@9de5d37
reloadAllAccessors: .DepthTest3

===========================================================================================
----------------- testing Wed Oct 14 15:49:19 UTC 2020 /home/travis/build/icyphy/ptII/ptolemy/domains/de/test/auto/DepthTest4.xml
----------------- Instantiating /home/travis/build/icyphy/ptII/ptolemy/domains/de/test/auto/DepthTest4.xml
2 ms. Memory: 51200K Free: 13983K (27%)
----------------- Invoking toplevel() on ptolemy.moml.MoMLSimpleApplication@5c88c612
----------------- Done invoking toplevel() on ptolemy.moml.MoMLSimpleApplication@5c88c612
reloadAllAccessors: .DepthTest4

===========================================================================================
----------------- testing Wed Oct 14 15:49:19 UTC 2020 /home/travis/build/icyphy/ptII/ptolemy/domains/de/test/auto/DepthTest5.xml
----------------- Instantiating /home/travis/build/icyphy/ptII/ptolemy/domains/de/test/auto/DepthTest5.xml
9 ms. Memory: 51200K Free: 35718K (70%)
----------------- Invoking toplevel() on ptolemy.moml.MoMLSimpleApplication@6f94951c
----------------- Done invoking toplevel() on ptolemy.moml.MoMLSimpleApplication@6f94951c
reloadAllAccessors: .DepthTest5

===========================================================================================
----------------- testing Wed Oct 14 15:49:19 UTC 2020 /home/travis/build/icyphy/ptII/ptolemy/domains/de/test/auto/DepthTest6.xml
----------------- Instantiating /home/travis/build/icyphy/ptII/ptolemy/domains/de/test/auto/DepthTest6.xml
2 ms. Memory: 51200K Free: 30131K (59%)
----------------- Invoking toplevel() on ptolemy.moml.MoMLSimpleApplication@1215075f
----------------- Done invoking toplevel() on ptolemy.moml.MoMLSimpleApplication@1215075f
reloadAllAccessors: .DepthTest6

===========================================================================================
----------------- testing Wed Oct 14 15:49:19 UTC 2020 /home/travis/build/icyphy/ptII/ptolemy/domains/de/test/auto/DepthTest7.xml
----------------- Instantiating /home/travis/build/icyphy/ptII/ptolemy/domains/de/test/auto/DepthTest7.xml
2 ms. Memory: 51200K Free: 25202K (49%)
----------------- Invoking toplevel() on ptolemy.moml.MoMLSimpleApplication@50dede92
----------------- Done invoking toplevel() on ptolemy.moml.MoMLSimpleApplication@50dede92
reloadAllAccessors: .DepthTest7

===========================================================================================
----------------- testing Wed Oct 14 15:49:19 UTC 2020 /home/travis/build/icyphy/ptII/ptolemy/domains/de/test/auto/EventToDate.xml
----------------- Instantiating /home/travis/build/icyphy/ptII/ptolemy/domains/de/test/auto/EventToDate.xml
3006 ms. Memory: 51200K Free: 11890K (23%)
----------------- Invoking toplevel() on ptolemy.moml.MoMLSimpleApplication@5c54cee
----------------- Done invoking toplevel() on ptolemy.moml.MoMLSimpleApplication@5c54cee
reloadAllAccessors: .EventToDate

===========================================================================================
----------------- testing Wed Oct 14 15:49:22 UTC 2020 /home/travis/build/icyphy/ptII/ptolemy/domains/de/test/auto/FSM1.xml
----------------- Instantiating /home/travis/build/icyphy/ptII/ptolemy/domains/de/test/auto/FSM1.xml
21 ms. Memory: 51200K Free: 26250K (51%)
----------------- Invoking toplevel() on ptolemy.moml.MoMLSimpleApplication@7fab530d
----------------- Done invoking toplevel() on ptolemy.moml.MoMLSimpleApplication@7fab530d
reloadAllAccessors: .FSM1

===========================================================================================
----------------- testing Wed Oct 14 15:49:22 UTC 2020 /home/travis/build/icyphy/ptII/ptolemy/domains/de/test/auto/FSM7.xml
----------------- Instantiating /home/travis/build/icyphy/ptII/ptolemy/domains/de/test/auto/FSM7.xml
27 ms. Memory: 51200K Free: 13932K (27%)
----------------- Invoking toplevel() on ptolemy.moml.MoMLSimpleApplication@7d16583c
----------------- Done invoking toplevel() on ptolemy.moml.MoMLSimpleApplication@7d16583c
reloadAllAccessors: .FSM7

===========================================================================================
----------------- testing Wed Oct 14 15:49:22 UTC 2020 /home/travis/build/icyphy/ptII/ptolemy/domains/de/test/auto/Inspection.xml
----------------- Instantiating /home/travis/build/icyphy/ptII/ptolemy/domains/de/test/auto/Inspection.xml
14 ms. Memory: 51200K Free: 28253K (55%)
----------------- Invoking toplevel() on ptolemy.moml.MoMLSimpleApplication@724da6a7
----------------- Done invoking toplevel() on ptolemy.moml.MoMLSimpleApplication@724da6a7
reloadAllAccessors: .Inspection

===========================================================================================
----------------- testing Wed Oct 14 15:49:22 UTC 2020 /home/travis/build/icyphy/ptII/ptolemy/domains/de/test/auto/Iteration.xml
----------------- Instantiating /home/travis/build/icyphy/ptII/ptolemy/domains/de/test/auto/Iteration.xml
13 ms. Memory: 51200K Free: 21474K (42%)
----------------- Invoking toplevel() on ptolemy.moml.MoMLSimpleApplication@5f2237ec
----------------- Done invoking toplevel() on ptolemy.moml.MoMLSimpleApplication@5f2237ec
reloadAllAccessors: .Iteration

===========================================================================================
----------------- testing Wed Oct 14 15:49:22 UTC 2020 /home/travis/build/icyphy/ptII/ptolemy/domains/de/test/auto/LineFault.xml
----------------- Instantiating /home/travis/build/icyphy/ptII/ptolemy/domains/de/test/auto/LineFault.xml
442 ms. Memory: 51200K Free: 32610K (64%)
----------------- Invoking toplevel() on ptolemy.moml.MoMLSimpleApplication@78033948
----------------- Done invoking toplevel() on ptolemy.moml.MoMLSimpleApplication@78033948
reloadAllAccessors: .LineFault

===========================================================================================
----------------- testing Wed Oct 14 15:49:23 UTC 2020 /home/travis/build/icyphy/ptII/ptolemy/domains/de/test/auto/MergeModel1Add.xml
----------------- Instantiating /home/travis/build/icyphy/ptII/ptolemy/domains/de/test/auto/MergeModel1Add.xml
7 ms. Memory: 51200K Free: 13017K (25%)
----------------- Invoking toplevel() on ptolemy.moml.MoMLSimpleApplication@7400af54
----------------- Done invoking toplevel() on ptolemy.moml.MoMLSimpleApplication@7400af54
reloadAllAccessors: .MergeModel1Add

===========================================================================================
----------------- testing Wed Oct 14 15:49:23 UTC 2020 /home/travis/build/icyphy/ptII/ptolemy/domains/de/test/auto/MergeModel2Add.xml
----------------- Instantiating /home/travis/build/icyphy/ptII/ptolemy/domains/de/test/auto/MergeModel2Add.xml
6 ms. Memory: 51200K Free: 20927K (41%)
----------------- Invoking toplevel() on ptolemy.moml.MoMLSimpleApplication@4fcaa6d9
----------------- Done invoking toplevel() on ptolemy.moml.MoMLSimpleApplication@4fcaa6d9
reloadAllAccessors: .MergeModel2Add

===========================================================================================
----------------- testing Wed Oct 14 15:49:23 UTC 2020 /home/travis/build/icyphy/ptII/ptolemy/domains/de/test/auto/MergeModel3Add.xml
----------------- Instantiating /home/travis/build/icyphy/ptII/ptolemy/domains/de/test/auto/MergeModel3Add.xml
6 ms. Memory: 51200K Free: 28093K (55%)
----------------- Invoking toplevel() on ptolemy.moml.MoMLSimpleApplication@7507a47d
----------------- Done invoking toplevel() on ptolemy.moml.MoMLSimpleApplication@7507a47d
reloadAllAccessors: .MergeModel3Add

===========================================================================================
----------------- testing Wed Oct 14 15:49:23 UTC 2020 /home/travis/build/icyphy/ptII/ptolemy/domains/de/test/auto/MergeWithoutDiscard.xml
----------------- Instantiating /home/travis/build/icyphy/ptII/ptolemy/domains/de/test/auto/MergeWithoutDiscard.xml
1 ms. Memory: 51200K Free: 23975K (47%)
----------------- Invoking toplevel() on ptolemy.moml.MoMLSimpleApplication@6e464441
----------------- Done invoking toplevel() on ptolemy.moml.MoMLSimpleApplication@6e464441
reloadAllAccessors: .MergeWithoutDiscard

===========================================================================================
----------------- testing Wed Oct 14 15:49:23 UTC 2020 /home/travis/build/icyphy/ptII/ptolemy/domains/de/test/auto/Modal1.xml
----------------- Instantiating /home/travis/build/icyphy/ptII/ptolemy/domains/de/test/auto/Modal1.xml
13 ms. Memory: 51200K Free: 11926K (23%)
----------------- Invoking toplevel() on ptolemy.moml.MoMLSimpleApplication@7418f740
----------------- Done invoking toplevel() on ptolemy.moml.MoMLSimpleApplication@7418f740
reloadAllAccessors: .Modal1

===========================================================================================
----------------- testing Wed Oct 14 15:49:23 UTC 2020 /home/travis/build/icyphy/ptII/ptolemy/domains/de/test/auto/Modal2.xml
----------------- Instantiating /home/travis/build/icyphy/ptII/ptolemy/domains/de/test/auto/Modal2.xml
10 ms. Memory: 51200K Free: 24778K (48%)
----------------- Invoking toplevel() on ptolemy.moml.MoMLSimpleApplication@4e3d8eb3
----------------- Done invoking toplevel() on ptolemy.moml.MoMLSimpleApplication@4e3d8eb3
reloadAllAccessors: .Modal2

===========================================================================================
----------------- testing Wed Oct 14 15:49:23 UTC 2020 /home/travis/build/icyphy/ptII/ptolemy/domains/de/test/auto/Modal3.xml
----------------- Instantiating /home/travis/build/icyphy/ptII/ptolemy/domains/de/test/auto/Modal3.xml
6 ms. Memory: 51200K Free: 12490K (24%)
----------------- Invoking toplevel() on ptolemy.moml.MoMLSimpleApplication@6ef46b4b
----------------- Done invoking toplevel() on ptolemy.moml.MoMLSimpleApplication@6ef46b4b
reloadAllAccessors: .Modal3

===========================================================================================
----------------- testing Wed Oct 14 15:49:23 UTC 2020 /home/travis/build/icyphy/ptII/ptolemy/domains/de/test/auto/Modal4.xml
----------------- Instantiating /home/travis/build/icyphy/ptII/ptolemy/domains/de/test/auto/Modal4.xml
11 ms. Memory: 51200K Free: 23962K (47%)
----------------- Invoking toplevel() on ptolemy.moml.MoMLSimpleApplication@64689c74
----------------- Done invoking toplevel() on ptolemy.moml.MoMLSimpleApplication@64689c74
reloadAllAccessors: .Modal4

===========================================================================================
----------------- testing Wed Oct 14 15:49:23 UTC 2020 /home/travis/build/icyphy/ptII/ptolemy/domains/de/test/auto/Modal5.xml
----------------- Instantiating /home/travis/build/icyphy/ptII/ptolemy/domains/de/test/auto/Modal5.xml
10 ms. Memory: 51200K Free: 10936K (21%)
----------------- Invoking toplevel() on ptolemy.moml.MoMLSimpleApplication@7fafe540
----------------- Done invoking toplevel() on ptolemy.moml.MoMLSimpleApplication@7fafe540
reloadAllAccessors: .Modal5

===========================================================================================
----------------- testing Wed Oct 14 15:49:23 UTC 2020 /home/travis/build/icyphy/ptII/ptolemy/domains/de/test/auto/Modal6.xml
----------------- Instantiating /home/travis/build/icyphy/ptII/ptolemy/domains/de/test/auto/Modal6.xml
12 ms. Memory: 51200K Free: 23323K (46%)
----------------- Invoking toplevel() on ptolemy.moml.MoMLSimpleApplication@7dd6a0b3
----------------- Done invoking toplevel() on ptolemy.moml.MoMLSimpleApplication@7dd6a0b3
reloadAllAccessors: .Modal6

===========================================================================================
----------------- testing Wed Oct 14 15:49:23 UTC 2020 /home/travis/build/icyphy/ptII/ptolemy/domains/de/test/auto/Modal7.xml
----------------- Instantiating /home/travis/build/icyphy/ptII/ptolemy/domains/de/test/auto/Modal7.xml
11 ms. Memory: 51200K Free: 34689K (68%)
----------------- Invoking toplevel() on ptolemy.moml.MoMLSimpleApplication@6dedf0ec
----------------- Done invoking toplevel() on ptolemy.moml.MoMLSimpleApplication@6dedf0ec
reloadAllAccessors: .Modal7

===========================================================================================
----------------- testing Wed Oct 14 15:49:23 UTC 2020 /home/travis/build/icyphy/ptII/ptolemy/domains/de/test/auto/ModalModel.xml
----------------- Instantiating /home/travis/build/icyphy/ptII/ptolemy/domains/de/test/auto/ModalModel.xml
148 ms. Memory: 61440K Free: 26073K (42%)
----------------- Invoking toplevel() on ptolemy.moml.MoMLSimpleApplication@32c2c17a
----------------- Done invoking toplevel() on ptolemy.moml.MoMLSimpleApplication@32c2c17a
reloadAllAccessors: .ModalModel

===========================================================================================
----------------- testing Wed Oct 14 15:49:24 UTC 2020 /home/travis/build/icyphy/ptII/ptolemy/domains/de/test/auto/ModalSource.xml
----------------- Instantiating /home/travis/build/icyphy/ptII/ptolemy/domains/de/test/auto/ModalSource.xml
5 ms. Memory: 61440K Free: 17657K (29%)
----------------- Invoking toplevel() on ptolemy.moml.MoMLSimpleApplication@34b55550
----------------- Done invoking toplevel() on ptolemy.moml.MoMLSimpleApplication@34b55550
reloadAllAccessors: .ModalSource

===========================================================================================
----------------- testing Wed Oct 14 15:49:24 UTC 2020 /home/travis/build/icyphy/ptII/ptolemy/domains/de/test/auto/NonInterruptibleTimerZeroDelay.xml
----------------- Instantiating /home/travis/build/icyphy/ptII/ptolemy/domains/de/test/auto/NonInterruptibleTimerZeroDelay.xml
2 ms. Memory: 61440K Free: 43335K (71%)
----------------- Invoking toplevel() on ptolemy.moml.MoMLSimpleApplication@6a5ca1ed
----------------- Done invoking toplevel() on ptolemy.moml.MoMLSimpleApplication@6a5ca1ed
reloadAllAccessors: .NonInterruptibleTimerZeroDelay

===========================================================================================
----------------- testing Wed Oct 14 15:49:24 UTC 2020 /home/travis/build/icyphy/ptII/ptolemy/domains/de/test/auto/OpenQueueingNetwork.xml
----------------- Instantiating /home/travis/build/icyphy/ptII/ptolemy/domains/de/test/auto/OpenQueueingNetwork.xml
2286 ms. Memory: 124928K Free: 41118K (33%)
----------------- Invoking toplevel() on ptolemy.moml.MoMLSimpleApplication@1575668f
----------------- Done invoking toplevel() on ptolemy.moml.MoMLSimpleApplication@1575668f
reloadAllAccessors: .OpenQueueingNetwork

===========================================================================================
----------------- testing Wed Oct 14 15:49:26 UTC 2020 /home/travis/build/icyphy/ptII/ptolemy/domains/de/test/auto/OpenQueuingNetwork.xml
----------------- Instantiating /home/travis/build/icyphy/ptII/ptolemy/domains/de/test/auto/OpenQueuingNetwork.xml
241 ms. Memory: 171008K Free: 77705K (45%)
----------------- Invoking toplevel() on ptolemy.moml.MoMLSimpleApplication@d129765
----------------- Done invoking toplevel() on ptolemy.moml.MoMLSimpleApplication@d129765
reloadAllAccessors: .OpenQueuingNetwork

===========================================================================================
----------------- testing Wed Oct 14 15:49:26 UTC 2020 /home/travis/build/icyphy/ptII/ptolemy/domains/de/test/auto/PeriodicSampler.xml
----------------- Instantiating /home/travis/build/icyphy/ptII/ptolemy/domains/de/test/auto/PeriodicSampler.xml
4 ms. Memory: 171008K Free: 73609K (43%)
----------------- Invoking toplevel() on ptolemy.moml.MoMLSimpleApplication@3e714113
----------------- Done invoking toplevel() on ptolemy.moml.MoMLSimpleApplication@3e714113
reloadAllAccessors: .PeriodicSampler

===========================================================================================
----------------- testing Wed Oct 14 15:49:26 UTC 2020 /home/travis/build/icyphy/ptII/ptolemy/domains/de/test/auto/PersistentIO.xml
----------------- Instantiating /home/travis/build/icyphy/ptII/ptolemy/domains/de/test/auto/PersistentIO.xml
8 ms. Memory: 171008K Free: 151967K (89%)
----------------- Invoking toplevel() on ptolemy.moml.MoMLSimpleApplication@d811bd4
----------------- Done invoking toplevel() on ptolemy.moml.MoMLSimpleApplication@d811bd4
reloadAllAccessors: .PersistentIO

===========================================================================================
----------------- testing Wed Oct 14 15:49:26 UTC 2020 /home/travis/build/icyphy/ptII/ptolemy/domains/de/test/auto/PortParameterResetOnInitialize.xml
----------------- Instantiating /home/travis/build/icyphy/ptII/ptolemy/domains/de/test/auto/PortParameterResetOnInitialize.xml
3 ms. Memory: 171008K Free: 147327K (86%)
----------------- Invoking toplevel() on ptolemy.moml.MoMLSimpleApplication@54919034
----------------- Done invoking toplevel() on ptolemy.moml.MoMLSimpleApplication@54919034
reloadAllAccessors: .PortParameterResetOnInitialize

===========================================================================================
----------------- testing Wed Oct 14 15:49:26 UTC 2020 /home/travis/build/icyphy/ptII/ptolemy/domains/de/test/auto/PortParameterUpdates.xml
----------------- Instantiating /home/travis/build/icyphy/ptII/ptolemy/domains/de/test/auto/PortParameterUpdates.xml
6 ms. Memory: 171008K Free: 141199K (83%)
----------------- Invoking toplevel() on ptolemy.moml.MoMLSimpleApplication@78d41449
----------------- Done invoking toplevel() on ptolemy.moml.MoMLSimpleApplication@78d41449
reloadAllAccessors: .PortParameterUpdates

===========================================================================================
----------------- testing Wed Oct 14 15:49:26 UTC 2020 /home/travis/build/icyphy/ptII/ptolemy/domains/de/test/auto/QueueAndServer.xml
----------------- Instantiating /home/travis/build/icyphy/ptII/ptolemy/domains/de/test/auto/QueueAndServer.xml
4 ms. Memory: 171008K Free: 133535K (78%)
----------------- Invoking toplevel() on ptolemy.moml.MoMLSimpleApplication@6d7fb3ac
----------------- Done invoking toplevel() on ptolemy.moml.MoMLSimpleApplication@6d7fb3ac
reloadAllAccessors: .QueueAndServer

===========================================================================================
----------------- testing Wed Oct 14 15:49:26 UTC 2020 /home/travis/build/icyphy/ptII/ptolemy/domains/de/test/auto/Records.xml
----------------- Instantiating /home/travis/build/icyphy/ptII/ptolemy/domains/de/test/auto/Records.xml
7 ms. Memory: 171008K Free: 127901K (75%)
----------------- Invoking toplevel() on ptolemy.moml.MoMLSimpleApplication@63185077
----------------- Done invoking toplevel() on ptolemy.moml.MoMLSimpleApplication@63185077
reloadAllAccessors: .Records

===========================================================================================
----------------- testing Wed Oct 14 15:49:26 UTC 2020 /home/travis/build/icyphy/ptII/ptolemy/domains/de/test/auto/ResetTransitionWithStartTime1.xml
----------------- Instantiating /home/travis/build/icyphy/ptII/ptolemy/domains/de/test/auto/ResetTransitionWithStartTime1.xml
5 ms. Memory: 171008K Free: 119695K (70%)
----------------- Invoking toplevel() on ptolemy.moml.MoMLSimpleApplication@1f3855f
----------------- Done invoking toplevel() on ptolemy.moml.MoMLSimpleApplication@1f3855f
reloadAllAccessors: .ResetTransitionWithStartTime1

===========================================================================================
----------------- testing Wed Oct 14 15:49:27 UTC 2020 /home/travis/build/icyphy/ptII/ptolemy/domains/de/test/auto/ResetTransitionWithStartTime2.xml
----------------- Instantiating /home/travis/build/icyphy/ptII/ptolemy/domains/de/test/auto/ResetTransitionWithStartTime2.xml
5 ms. Memory: 171008K Free: 111503K (65%)
----------------- Invoking toplevel() on ptolemy.moml.MoMLSimpleApplication@16a6aba4
----------------- Done invoking toplevel() on ptolemy.moml.MoMLSimpleApplication@16a6aba4
reloadAllAccessors: .ResetTransitionWithStartTime2

===========================================================================================
----------------- testing Wed Oct 14 15:49:27 UTC 2020 /home/travis/build/icyphy/ptII/ptolemy/domains/de/test/auto/ResetTransitionWithStartTime3.xml
----------------- Instantiating /home/travis/build/icyphy/ptII/ptolemy/domains/de/test/auto/ResetTransitionWithStartTime3.xml
4 ms. Memory: 171008K Free: 103311K (60%)
----------------- Invoking toplevel() on ptolemy.moml.MoMLSimpleApplication@1f7a7a10
----------------- Done invoking toplevel() on ptolemy.moml.MoMLSimpleApplication@1f7a7a10
reloadAllAccessors: .ResetTransitionWithStartTime3

===========================================================================================
----------------- testing Wed Oct 14 15:49:27 UTC 2020 /home/travis/build/icyphy/ptII/ptolemy/domains/de/test/auto/ResetTransitionWithStartTime4.xml
----------------- Instantiating /home/travis/build/icyphy/ptII/ptolemy/domains/de/test/auto/ResetTransitionWithStartTime4.xml
5 ms. Memory: 171008K Free: 95647K (56%)
----------------- Invoking toplevel() on ptolemy.moml.MoMLSimpleApplication@843328e
----------------- Done invoking toplevel() on ptolemy.moml.MoMLSimpleApplication@843328e
reloadAllAccessors: .ResetTransitionWithStartTime4

===========================================================================================
----------------- testing Wed Oct 14 15:49:27 UTC 2020 /home/travis/build/icyphy/ptII/ptolemy/domains/de/test/auto/ResettableTimer1.xml
----------------- Instantiating /home/travis/build/icyphy/ptII/ptolemy/domains/de/test/auto/ResettableTimer1.xml
2 ms. Memory: 171008K Free: 91551K (54%)
----------------- Invoking toplevel() on ptolemy.moml.MoMLSimpleApplication@5b03cf9e
----------------- Done invoking toplevel() on ptolemy.moml.MoMLSimpleApplication@5b03cf9e
reloadAllAccessors: .ResettableTimer1

===========================================================================================
----------------- testing Wed Oct 14 15:49:27 UTC 2020 /home/travis/build/icyphy/ptII/ptolemy/domains/de/test/auto/ResettableTimer2.xml
----------------- Instantiating /home/travis/build/icyphy/ptII/ptolemy/domains/de/test/auto/ResettableTimer2.xml
1 ms. Memory: 171008K Free: 87455K (51%)
----------------- Invoking toplevel() on ptolemy.moml.MoMLSimpleApplication@50848b78
----------------- Done invoking toplevel() on ptolemy.moml.MoMLSimpleApplication@50848b78
reloadAllAccessors: .ResettableTimer2

===========================================================================================
----------------- testing Wed Oct 14 15:49:27 UTC 2020 /home/travis/build/icyphy/ptII/ptolemy/domains/de/test/auto/ResettableTimer3.xml
----------------- Instantiating /home/travis/build/icyphy/ptII/ptolemy/domains/de/test/auto/ResettableTimer3.xml
1 ms. Memory: 171008K Free: 83359K (49%)
----------------- Invoking toplevel() on ptolemy.moml.MoMLSimpleApplication@362ec820
----------------- Done invoking toplevel() on ptolemy.moml.MoMLSimpleApplication@362ec820
reloadAllAccessors: .ResettableTimer3

===========================================================================================
----------------- testing Wed Oct 14 15:49:27 UTC 2020 /home/travis/build/icyphy/ptII/ptolemy/domains/de/test/auto/ResettableTimer4.xml
----------------- Instantiating /home/travis/build/icyphy/ptII/ptolemy/domains/de/test/auto/ResettableTimer4.xml
1 ms. Memory: 171008K Free: 79263K (46%)
----------------- Invoking toplevel() on ptolemy.moml.MoMLSimpleApplication@41d2fa6b
----------------- Done invoking toplevel() on ptolemy.moml.MoMLSimpleApplication@41d2fa6b
reloadAllAccessors: .ResettableTimer4

===========================================================================================
----------------- testing Wed Oct 14 15:49:27 UTC 2020 /home/travis/build/icyphy/ptII/ptolemy/domains/de/test/auto/ResettableTimer5.xml
----------------- Instantiating /home/travis/build/icyphy/ptII/ptolemy/domains/de/test/auto/ResettableTimer5.xml
1 ms. Memory: 171008K Free: 75167K (44%)
----------------- Invoking toplevel() on ptolemy.moml.MoMLSimpleApplication@48e93179
----------------- Done invoking toplevel() on ptolemy.moml.MoMLSimpleApplication@48e93179
reloadAllAccessors: .ResettableTimer5

===========================================================================================
----------------- testing Wed Oct 14 15:49:27 UTC 2020 /home/travis/build/icyphy/ptII/ptolemy/domains/de/test/auto/ResettableTimer6.xml
----------------- Instantiating /home/travis/build/icyphy/ptII/ptolemy/domains/de/test/auto/ResettableTimer6.xml
8 ms. Memory: 171008K Free: 70557K (41%)
----------------- Invoking toplevel() on ptolemy.moml.MoMLSimpleApplication@6f72c251
----------------- Done invoking toplevel() on ptolemy.moml.MoMLSimpleApplication@6f72c251
reloadAllAccessors: .ResettableTimer6

===========================================================================================
----------------- testing Wed Oct 14 15:49:27 UTC 2020 /home/travis/build/icyphy/ptII/ptolemy/domains/de/test/auto/ServerZeroDelay.xml
----------------- Instantiating /home/travis/build/icyphy/ptII/ptolemy/domains/de/test/auto/ServerZeroDelay.xml
2 ms. Memory: 171008K Free: 66455K (39%)
----------------- Invoking toplevel() on ptolemy.moml.MoMLSimpleApplication@6ba8b2a0
----------------- Done invoking toplevel() on ptolemy.moml.MoMLSimpleApplication@6ba8b2a0
reloadAllAccessors: .ServerZeroDelay

===========================================================================================
----------------- testing Wed Oct 14 15:49:27 UTC 2020 /home/travis/build/icyphy/ptII/ptolemy/domains/de/test/auto/SmartSender.xml
----------------- Instantiating /home/travis/build/icyphy/ptII/ptolemy/domains/de/test/auto/SmartSender.xml
3002 ms. Memory: 171008K Free: 153748K (90%)
----------------- Invoking toplevel() on ptolemy.moml.MoMLSimpleApplication@4a0b9650
----------------- Done invoking toplevel() on ptolemy.moml.MoMLSimpleApplication@4a0b9650
reloadAllAccessors: .SmartSender

===========================================================================================
----------------- testing Wed Oct 14 15:49:30 UTC 2020 /home/travis/build/icyphy/ptII/ptolemy/domains/de/test/auto/ThreadedComposite.xml
----------------- Instantiating /home/travis/build/icyphy/ptII/ptolemy/domains/de/test/auto/ThreadedComposite.xml
170 ms. Memory: 171008K Free: 133782K (78%)
----------------- Invoking toplevel() on ptolemy.moml.MoMLSimpleApplication@b7948f
----------------- Done invoking toplevel() on ptolemy.moml.MoMLSimpleApplication@b7948f
reloadAllAccessors: .ThreadedComposite

===========================================================================================
----------------- testing Wed Oct 14 15:49:30 UTC 2020 /home/travis/build/icyphy/ptII/ptolemy/domains/de/test/auto/Time.xml
----------------- Instantiating /home/travis/build/icyphy/ptII/ptolemy/domains/de/test/auto/Time.xml
453 ms. Memory: 171008K Free: 80534K (47%)
----------------- Invoking toplevel() on ptolemy.moml.MoMLSimpleApplication@50e85c2b
----------------- Done invoking toplevel() on ptolemy.moml.MoMLSimpleApplication@50e85c2b
reloadAllAccessors: .Time

===========================================================================================
----------------- testing Wed Oct 14 15:49:30 UTC 2020 /home/travis/build/icyphy/ptII/ptolemy/domains/de/test/auto/TimeDelayZeroDelay.xml
----------------- Instantiating /home/travis/build/icyphy/ptII/ptolemy/domains/de/test/auto/TimeDelayZeroDelay.xml
6 ms. Memory: 171008K Free: 76438K (45%)
----------------- Invoking toplevel() on ptolemy.moml.MoMLSimpleApplication@52494413
----------------- Done invoking toplevel() on ptolemy.moml.MoMLSimpleApplication@52494413
reloadAllAccessors: .TimeDelayZeroDelay

===========================================================================================
----------------- testing Wed Oct 14 15:49:30 UTC 2020 /home/travis/build/icyphy/ptII/ptolemy/domains/de/test/auto/TimerZeroDelay.xml
----------------- Instantiating /home/travis/build/icyphy/ptII/ptolemy/domains/de/test/auto/TimerZeroDelay.xml
5 ms. Memory: 171008K Free: 72342K (42%)
----------------- Invoking toplevel() on ptolemy.moml.MoMLSimpleApplication@77366f99
----------------- Done invoking toplevel() on ptolemy.moml.MoMLSimpleApplication@77366f99
reloadAllAccessors: .TimerZeroDelay

===========================================================================================
----------------- testing Wed Oct 14 15:49:30 UTC 2020 /home/travis/build/icyphy/ptII/ptolemy/domains/de/test/auto/TimingParadox.xml
----------------- Instantiating /home/travis/build/icyphy/ptII/ptolemy/domains/de/test/auto/TimingParadox.xml
295 ms. Memory: 171008K Free: 98917K (58%)
----------------- Invoking toplevel() on ptolemy.moml.MoMLSimpleApplication@507d9f65
----------------- Done invoking toplevel() on ptolemy.moml.MoMLSimpleApplication@507d9f65
reloadAllAccessors: .TimingParadox

===========================================================================================
----------------- testing Wed Oct 14 15:49:31 UTC 2020 /home/travis/build/icyphy/ptII/ptolemy/domains/de/test/auto/TransferInputs.xml
----------------- Instantiating /home/travis/build/icyphy/ptII/ptolemy/domains/de/test/auto/TransferInputs.xml
2 ms. Memory: 171008K Free: 94311K (55%)
----------------- Invoking toplevel() on ptolemy.moml.MoMLSimpleApplication@41ee4fea
----------------- Done invoking toplevel() on ptolemy.moml.MoMLSimpleApplication@41ee4fea
reloadAllAccessors: .TransferInputs

===========================================================================================
----------------- testing Wed Oct 14 15:49:31 UTC 2020 /home/travis/build/icyphy/ptII/ptolemy/domains/de/test/auto/TransferOutputs2.xml
----------------- Instantiating /home/travis/build/icyphy/ptII/ptolemy/domains/de/test/auto/TransferOutputs2.xml
5 ms. Memory: 171008K Free: 86119K (50%)
----------------- Invoking toplevel() on ptolemy.moml.MoMLSimpleApplication@78aadaa4
----------------- Done invoking toplevel() on ptolemy.moml.MoMLSimpleApplication@78aadaa4
reloadAllAccessors: .TransferOutputs2

===========================================================================================
----------------- testing Wed Oct 14 15:49:31 UTC 2020 /home/travis/build/icyphy/ptII/ptolemy/domains/de/test/auto/Trilateration.xml
----------------- Instantiating /home/travis/build/icyphy/ptII/ptolemy/domains/de/test/auto/Trilateration.xml
10231 ms. Memory: 401408K Free: 183251K (46%)
----------------- Invoking toplevel() on ptolemy.moml.MoMLSimpleApplication@25941a85
----------------- Done invoking toplevel() on ptolemy.moml.MoMLSimpleApplication@25941a85
reloadAllAccessors: .Trilateration

===========================================================================================
----------------- testing Wed Oct 14 15:49:42 UTC 2020 /home/travis/build/icyphy/ptII/ptolemy/domains/de/test/auto/TwoSigmaDelta.xml
----------------- Instantiating /home/travis/build/icyphy/ptII/ptolemy/domains/de/test/auto/TwoSigmaDelta.xml
1660 ms. Memory: 401408K Free: 218677K (54%)
----------------- Invoking toplevel() on ptolemy.moml.MoMLSimpleApplication@20ec4798
----------------- Done invoking toplevel() on ptolemy.moml.MoMLSimpleApplication@20ec4798
reloadAllAccessors: .TwoSigmaDelta

===========================================================================================
----------------- testing Wed Oct 14 15:49:44 UTC 2020 /home/travis/build/icyphy/ptII/ptolemy/domains/de/test/auto/VariableDelay.xml
----------------- Instantiating /home/travis/build/icyphy/ptII/ptolemy/domains/de/test/auto/VariableDelay.xml
2 ms. Memory: 401408K Free: 213557K (53%)
----------------- Invoking toplevel() on ptolemy.moml.MoMLSimpleApplication@72632b2
----------------- Done invoking toplevel() on ptolemy.moml.MoMLSimpleApplication@72632b2
reloadAllAccessors: .VariableDelay

===========================================================================================
----------------- testing Wed Oct 14 15:49:44 UTC 2020 /home/travis/build/icyphy/ptII/ptolemy/domains/de/test/auto/VariableDelay2.xml
----------------- Instantiating /home/travis/build/icyphy/ptII/ptolemy/domains/de/test/auto/VariableDelay2.xml
2 ms. Memory: 401408K Free: 208933K (52%)
----------------- Invoking toplevel() on ptolemy.moml.MoMLSimpleApplication@7b76f39d
----------------- Done invoking toplevel() on ptolemy.moml.MoMLSimpleApplication@7b76f39d
reloadAllAccessors: .VariableDelay2

===========================================================================================
----------------- testing Wed Oct 14 15:49:44 UTC 2020 /home/travis/build/icyphy/ptII/ptolemy/domains/de/test/auto/VariableDelayZeroDelay.xml
----------------- Instantiating /home/travis/build/icyphy/ptII/ptolemy/domains/de/test/auto/VariableDelayZeroDelay.xml
5 ms. Memory: 401408K Free: 204851K (51%)
----------------- Invoking toplevel() on ptolemy.moml.MoMLSimpleApplication@274d5c8c
----------------- Done invoking toplevel() on ptolemy.moml.MoMLSimpleApplication@274d5c8c
reloadAllAccessors: .VariableDelayZeroDelay

===========================================================================================
----------------- testing Wed Oct 14 15:49:44 UTC 2020 /home/travis/build/icyphy/ptII/ptolemy/domains/de/test/auto/VariableDelayZeroDelay2.xml
----------------- Instantiating /home/travis/build/icyphy/ptII/ptolemy/domains/de/test/auto/VariableDelayZeroDelay2.xml
1 ms. Memory: 401408K Free: 200755K (50%)
----------------- Invoking toplevel() on ptolemy.moml.MoMLSimpleApplication@1a621708
----------------- Done invoking toplevel() on ptolemy.moml.MoMLSimpleApplication@1a621708
reloadAllAccessors: .VariableDelayZeroDelay2

===========================================================================================
----------------- testing Wed Oct 14 15:49:44 UTC 2020 /home/travis/build/icyphy/ptII/ptolemy/domains/de/test/auto/deInCt.xml
----------------- Instantiating /home/travis/build/icyphy/ptII/ptolemy/domains/de/test/auto/deInCt.xml
0
1
1
0
0
0
0
1
1
1
1
0
0
0
1
1
1
0
0
0
0
1
1
1
0
0
0
1
1
1
1
0
0
0
1
1
1
1
0
0
0
0
5 ms. Memory: 401408K Free: 195125K (49%)
----------------- Invoking toplevel() on ptolemy.moml.MoMLSimpleApplication@2c18acc7
----------------- Done invoking toplevel() on ptolemy.moml.MoMLSimpleApplication@2c18acc7
reloadAllAccessors: .deInCt

===========================================================================================
----------------- testing Wed Oct 14 15:49:44 UTC 2020 /home/travis/build/icyphy/ptII/ptolemy/domains/de/test/auto/deInCt2.xml
----------------- Instantiating /home/travis/build/icyphy/ptII/ptolemy/domains/de/test/auto/deInCt2.xml
0
1
1
1
0
0
1
1
1
0
0
1
1
1
0
0
1
1
1
0
0
1
1
1
0
0
1
1
1
0
0
1
1
1
0
0
1
1
1
0
0
0
4 ms. Memory: 401408K Free: 190005K (47%)
----------------- Invoking toplevel() on ptolemy.moml.MoMLSimpleApplication@5fb1b3d2
----------------- Done invoking toplevel() on ptolemy.moml.MoMLSimpleApplication@5fb1b3d2
reloadAllAccessors: .deInCt2

===========================================================================================
----------------- testing Wed Oct 14 15:49:44 UTC 2020 /home/travis/build/icyphy/ptII/ptolemy/domains/de/test/auto/dynamicCausalityInterface1.xml
----------------- Instantiating /home/travis/build/icyphy/ptII/ptolemy/domains/de/test/auto/dynamicCausalityInterface1.xml
1 ms. Memory: 401408K Free: 180789K (45%)
----------------- Invoking toplevel() on ptolemy.moml.MoMLSimpleApplication@1db1d2fb
----------------- Done invoking toplevel() on ptolemy.moml.MoMLSimpleApplication@1db1d2fb
reloadAllAccessors: .dynamicCausalityInterface1

===========================================================================================
----------------- testing Wed Oct 14 15:49:44 UTC 2020 /home/travis/build/icyphy/ptII/ptolemy/domains/de/test/auto/fsm_de_test.xml
----------------- Instantiating /home/travis/build/icyphy/ptII/ptolemy/domains/de/test/auto/fsm_de_test.xml
5 ms. Memory: 401408K Free: 171573K (43%)
----------------- Invoking toplevel() on ptolemy.moml.MoMLSimpleApplication@fa2c718
----------------- Done invoking toplevel() on ptolemy.moml.MoMLSimpleApplication@fa2c718
reloadAllAccessors: .fsm_de_test

===========================================================================================
----------------- testing Wed Oct 14 15:49:44 UTC 2020 /home/travis/build/icyphy/ptII/ptolemy/domains/de/test/auto/functionDependencyReconstruction.xml
----------------- Instantiating /home/travis/build/icyphy/ptII/ptolemy/domains/de/test/auto/functionDependencyReconstruction.xml
2 ms. Memory: 401408K Free: 156723K (39%)
----------------- Invoking toplevel() on ptolemy.moml.MoMLSimpleApplication@1090436
----------------- Done invoking toplevel() on ptolemy.moml.MoMLSimpleApplication@1090436
reloadAllAccessors: .functionDependencyReconstruction

===========================================================================================
----------------- testing Wed Oct 14 15:49:44 UTC 2020 /home/travis/build/icyphy/ptII/ptolemy/domains/de/test/auto/multirate.xml
----------------- Instantiating /home/travis/build/icyphy/ptII/ptolemy/domains/de/test/auto/multirate.xml
2 ms. Memory: 401408K Free: 150069K (37%)
----------------- Invoking toplevel() on ptolemy.moml.MoMLSimpleApplication@181ca31b
----------------- Done invoking toplevel() on ptolemy.moml.MoMLSimpleApplication@181ca31b
reloadAllAccessors: .multirate

===========================================================================================
----------------- testing Wed Oct 14 15:49:44 UTC 2020 /home/travis/build/icyphy/ptII/ptolemy/domains/de/test/auto/multirate2.xml
----------------- Instantiating /home/travis/build/icyphy/ptII/ptolemy/domains/de/test/auto/multirate2.xml
2 ms. Memory: 401408K Free: 143381K (36%)
----------------- Invoking toplevel() on ptolemy.moml.MoMLSimpleApplication@55017eb5
----------------- Done invoking toplevel() on ptolemy.moml.MoMLSimpleApplication@55017eb5
reloadAllAccessors: .multirate2

===========================================================================================
----------------- testing Wed Oct 14 15:49:44 UTC 2020 /home/travis/build/icyphy/ptII/ptolemy/domains/de/test/auto/realtime.xml
----------------- Instantiating /home/travis/build/icyphy/ptII/ptolemy/domains/de/test/auto/realtime.xml
10002 ms. Memory: 401408K Free: 138285K (34%)
----------------- Invoking toplevel() on ptolemy.moml.MoMLSimpleApplication@297e373e
----------------- Done invoking toplevel() on ptolemy.moml.MoMLSimpleApplication@297e373e
reloadAllAccessors: .realtime

===========================================================================================
----------------- testing Wed Oct 14 15:49:54 UTC 2020 /home/travis/build/icyphy/ptII/ptolemy/domains/de/test/auto/relationGroup.xml
----------------- Instantiating /home/travis/build/icyphy/ptII/ptolemy/domains/de/test/auto/relationGroup.xml
1 ms. Memory: 401408K Free: 134709K (34%)
----------------- Invoking toplevel() on ptolemy.moml.MoMLSimpleApplication@3a96a5ce
----------------- Done invoking toplevel() on ptolemy.moml.MoMLSimpleApplication@3a96a5ce
reloadAllAccessors: .relationGroup

===========================================================================================
----------------- testing Wed Oct 14 15:49:54 UTC 2020 /home/travis/build/icyphy/ptII/ptolemy/domains/de/test/auto/relationGroup2.xml
----------------- Instantiating /home/travis/build/icyphy/ptII/ptolemy/domains/de/test/auto/relationGroup2.xml
2 ms. Memory: 482304K Free: 450863K (93%)
----------------- Invoking toplevel() on ptolemy.moml.MoMLSimpleApplication@1d3d2d6c
----------------- Done invoking toplevel() on ptolemy.moml.MoMLSimpleApplication@1d3d2d6c
reloadAllAccessors: .relationGroup2

===========================================================================================
----------------- testing Wed Oct 14 15:49:54 UTC 2020 /home/travis/build/icyphy/ptII/ptolemy/domains/de/test/auto/sortWithOpaquePorts.xml
----------------- Instantiating /home/travis/build/icyphy/ptII/ptolemy/domains/de/test/auto/sortWithOpaquePorts.xml
2 ms. Memory: 482304K Free: 446257K (93%)
----------------- Invoking toplevel() on ptolemy.moml.MoMLSimpleApplication@624400d7
----------------- Done invoking toplevel() on ptolemy.moml.MoMLSimpleApplication@624400d7
reloadAllAccessors: .sortWithOpaquePorts

===========================================================================================
----------------- testing Wed Oct 14 15:49:54 UTC 2020 /home/travis/build/icyphy/ptII/ptolemy/domains/de/test/auto/transferInputsandOutputs.xml
----------------- Instantiating /home/travis/build/icyphy/ptII/ptolemy/domains/de/test/auto/transferInputsandOutputs.xml
3 ms. Memory: 482304K Free: 439089K (91%)
----------------- Invoking toplevel() on ptolemy.moml.MoMLSimpleApplication@5bca1ffc
----------------- Done invoking toplevel() on ptolemy.moml.MoMLSimpleApplication@5bca1ffc
reloadAllAccessors: .transferInputsandOutputs

===========================================================================================
----------------- testing Wed Oct 14 15:49:54 UTC 2020 /home/travis/build/icyphy/ptII/ptolemy/domains/de/test/auto/triggerType.xml
----------------- Instantiating /home/travis/build/icyphy/ptII/ptolemy/domains/de/test/auto/triggerType.xml
2 ms. Memory: 482304K Free: 434993K (90%)
----------------- Invoking toplevel() on ptolemy.moml.MoMLSimpleApplication@1284d5cf
----------------- Done invoking toplevel() on ptolemy.moml.MoMLSimpleApplication@1284d5cf
reloadAllAccessors: .triggerType
AutoTests.java: About to close Vertx.
AutoTests.java: Vertx closed.
]]></system-out>
  <system-err><![CDATA[java.lang.RuntimeException: Execution failed
	at ptolemy.moml.MoMLSimpleApplication$UnloadThread.run(MoMLSimpleApplication.java:402)
Caused by: ptolemy.kernel.util.IllegalActionException: Found a zero delay loop containing .dependencyLoop.original
  in .dependencyLoop and .dependencyLoop.original
	at ptolemy.actor.util.CausalityInterfaceForComposites._computeOutputPortDepth(CausalityInterfaceForComposites.java:759)
	at ptolemy.actor.util.CausalityInterfaceForComposites._computeInputDepth(CausalityInterfaceForComposites.java:696)
	at ptolemy.actor.util.CausalityInterfaceForComposites._computeOutputPortDepth(CausalityInterfaceForComposites.java:765)
	at ptolemy.actor.util.CausalityInterfaceForComposites._computeInputDepth(CausalityInterfaceForComposites.java:696)
	at ptolemy.actor.util.CausalityInterfaceForComposites._computeOutputPortDepth(CausalityInterfaceForComposites.java:765)
	at ptolemy.actor.util.CausalityInterfaceForComposites._computeInputDepth(CausalityInterfaceForComposites.java:696)
	at ptolemy.actor.util.CausalityInterfaceForComposites._computeActorDepth(CausalityInterfaceForComposites.java:532)
	at ptolemy.actor.util.CausalityInterfaceForComposites.checkForCycles(CausalityInterfaceForComposites.java:96)
	at ptolemy.domains.de.kernel.DEDirector.preinitialize(DEDirector.java:1338)
	at ptolemy.actor.CompositeActor.preinitialize(CompositeActor.java:1828)
	at ptolemy.actor.Manager.preinitializeAndResolveTypes(Manager.java:1040)
	at ptolemy.actor.Manager.initialize(Manager.java:710)
	at ptolemy.actor.Manager.execute(Manager.java:356)
	at ptolemy.actor.Manager.run(Manager.java:1263)
	at ptolemy.actor.Manager$PtolemyRunThread.run(Manager.java:1933)
java.lang.RuntimeException: Execution failed
	at ptolemy.moml.MoMLSimpleApplication$UnloadThread.run(MoMLSimpleApplication.java:402)
Caused by: ptolemy.kernel.util.IllegalActionException: Found a zero delay loop containing .dependencyLoop2.original
  in .dependencyLoop2 and .dependencyLoop2.original
	at ptolemy.actor.util.CausalityInterfaceForComposites._computeOutputPortDepth(CausalityInterfaceForComposites.java:759)
	at ptolemy.actor.util.CausalityInterfaceForComposites._computeInputDepth(CausalityInterfaceForComposites.java:696)
	at ptolemy.actor.util.CausalityInterfaceForComposites._computeOutputPortDepth(CausalityInterfaceForComposites.java:765)
	at ptolemy.actor.util.CausalityInterfaceForComposites._computeInputDepth(CausalityInterfaceForComposites.java:696)
	at ptolemy.actor.util.CausalityInterfaceForComposites._computeOutputPortDepth(CausalityInterfaceForComposites.java:765)
	at ptolemy.actor.util.CausalityInterfaceForComposites._computeInputDepth(CausalityInterfaceForComposites.java:696)
	at ptolemy.actor.util.CausalityInterfaceForComposites._computeActorDepth(CausalityInterfaceForComposites.java:532)
	at ptolemy.actor.util.CausalityInterfaceForComposites.checkForCycles(CausalityInterfaceForComposites.java:96)
	at ptolemy.domains.de.kernel.DEDirector.preinitialize(DEDirector.java:1338)
	at ptolemy.actor.CompositeActor.preinitialize(CompositeActor.java:1828)
	at ptolemy.actor.Manager.preinitializeAndResolveTypes(Manager.java:1040)
	at ptolemy.actor.Manager.initialize(Manager.java:710)
	at ptolemy.actor.Manager.execute(Manager.java:356)
	at ptolemy.actor.Manager.run(Manager.java:1263)
	at ptolemy.actor.Manager$PtolemyRunThread.run(Manager.java:1933)
java.lang.RuntimeException: Execution failed
	at ptolemy.moml.MoMLSimpleApplication$UnloadThread.run(MoMLSimpleApplication.java:402)
Caused by: ptolemy.kernel.util.IllegalActionException: Test fails in iteration 1.
Value was: 1.0. Should have been: 2.0
  in .DirectFeedback.Test
	at ptolemy.actor.lib.Test.fire(Test.java:268)
	at ptolemy.domains.de.kernel.DEDirector._fire(DEDirector.java:1949)
	at ptolemy.domains.de.kernel.DEDirector.fire(DEDirector.java:502)
	at ptolemy.actor.CompositeActor.fire(CompositeActor.java:455)
	at ptolemy.actor.Manager.iterate(Manager.java:851)
	at ptolemy.actor.Manager.execute(Manager.java:369)
	at ptolemy.actor.Manager.run(Manager.java:1263)
	at ptolemy.actor.Manager$PtolemyRunThread.run(Manager.java:1933)
java.lang.RuntimeException: Execution failed
	at ptolemy.moml.MoMLSimpleApplication$UnloadThread.run(MoMLSimpleApplication.java:402)
Caused by: ptolemy.kernel.util.IllegalActionException: Found a zero delay loop containing .dependencyLoop.original
  in .dependencyLoop and .dependencyLoop.original
	at ptolemy.actor.util.CausalityInterfaceForComposites._computeOutputPortDepth(CausalityInterfaceForComposites.java:759)
	at ptolemy.actor.util.CausalityInterfaceForComposites._computeInputDepth(CausalityInterfaceForComposites.java:696)
	at ptolemy.actor.util.CausalityInterfaceForComposites._computeOutputPortDepth(CausalityInterfaceForComposites.java:765)
	at ptolemy.actor.util.CausalityInterfaceForComposites._computeInputDepth(CausalityInterfaceForComposites.java:696)
	at ptolemy.actor.util.CausalityInterfaceForComposites._computeOutputPortDepth(CausalityInterfaceForComposites.java:765)
	at ptolemy.actor.util.CausalityInterfaceForComposites._computeInputDepth(CausalityInterfaceForComposites.java:696)
	at ptolemy.actor.util.CausalityInterfaceForComposites._computeActorDepth(CausalityInterfaceForComposites.java:532)
	at ptolemy.actor.util.CausalityInterfaceForComposites.checkForCycles(CausalityInterfaceForComposites.java:96)
	at ptolemy.domains.de.kernel.DEDirector.preinitialize(DEDirector.java:1338)
	at ptolemy.actor.CompositeActor.preinitialize(CompositeActor.java:1828)
	at ptolemy.actor.Manager.preinitializeAndResolveTypes(Manager.java:1040)
	at ptolemy.actor.Manager.initialize(Manager.java:710)
	at ptolemy.actor.Manager.execute(Manager.java:356)
	at ptolemy.actor.Manager.run(Manager.java:1263)
	at ptolemy.actor.Manager$PtolemyRunThread.run(Manager.java:1933)
java.lang.RuntimeException: Execution failed
	at ptolemy.moml.MoMLSimpleApplication$UnloadThread.run(MoMLSimpleApplication.java:402)
Caused by: ptolemy.kernel.util.IllegalActionException: Found a zero delay loop containing .HierarchicalModel.A
  in .HierarchicalModel and .HierarchicalModel.A
	at ptolemy.actor.util.CausalityInterfaceForComposites._computeOutputPortDepth(CausalityInterfaceForComposites.java:759)
	at ptolemy.actor.util.CausalityInterfaceForComposites._computeInputDepth(CausalityInterfaceForComposites.java:696)
	at ptolemy.actor.util.CausalityInterfaceForComposites._computeOutputPortDepth(CausalityInterfaceForComposites.java:765)
	at ptolemy.actor.util.CausalityInterfaceForComposites._computeInputDepth(CausalityInterfaceForComposites.java:696)
	at ptolemy.actor.util.CausalityInterfaceForComposites._computeOutputPortDepth(CausalityInterfaceForComposites.java:765)
	at ptolemy.actor.util.CausalityInterfaceForComposites._computeInputDepth(CausalityInterfaceForComposites.java:696)
	at ptolemy.actor.util.CausalityInterfaceForComposites._computeActorDepth(CausalityInterfaceForComposites.java:532)
	at ptolemy.actor.util.CausalityInterfaceForComposites.checkForCycles(CausalityInterfaceForComposites.java:96)
	at ptolemy.domains.de.kernel.DEDirector.preinitialize(DEDirector.java:1338)
	at ptolemy.actor.CompositeActor.preinitialize(CompositeActor.java:1828)
	at ptolemy.actor.Manager.preinitializeAndResolveTypes(Manager.java:1040)
	at ptolemy.actor.Manager.initialize(Manager.java:710)
	at ptolemy.actor.Manager.execute(Manager.java:356)
	at ptolemy.actor.Manager.run(Manager.java:1263)
	at ptolemy.actor.Manager$PtolemyRunThread.run(Manager.java:1933)
java.lang.RuntimeException: Execution failed
	at ptolemy.moml.MoMLSimpleApplication$UnloadThread.run(MoMLSimpleApplication.java:402)
Caused by: ptolemy.kernel.util.IllegalActionException: Found a zero delay loop containing .dependencyLoop2.original
  in .dependencyLoop2 and .dependencyLoop2.original
	at ptolemy.actor.util.CausalityInterfaceForComposites._computeOutputPortDepth(CausalityInterfaceForComposites.java:759)
	at ptolemy.actor.util.CausalityInterfaceForComposites._computeInputDepth(CausalityInterfaceForComposites.java:696)
	at ptolemy.actor.util.CausalityInterfaceForComposites._computeOutputPortDepth(CausalityInterfaceForComposites.java:765)
	at ptolemy.actor.util.CausalityInterfaceForComposites._computeInputDepth(CausalityInterfaceForComposites.java:696)
	at ptolemy.actor.util.CausalityInterfaceForComposites._computeOutputPortDepth(CausalityInterfaceForComposites.java:765)
	at ptolemy.actor.util.CausalityInterfaceForComposites._computeInputDepth(CausalityInterfaceForComposites.java:696)
	at ptolemy.actor.util.CausalityInterfaceForComposites._computeActorDepth(CausalityInterfaceForComposites.java:532)
	at ptolemy.actor.util.CausalityInterfaceForComposites.checkForCycles(CausalityInterfaceForComposites.java:96)
	at ptolemy.domains.de.kernel.DEDirector.preinitialize(DEDirector.java:1338)
	at ptolemy.actor.CompositeActor.preinitialize(CompositeActor.java:1828)
	at ptolemy.actor.Manager.preinitializeAndResolveTypes(Manager.java:1040)
	at ptolemy.actor.Manager.initialize(Manager.java:710)
	at ptolemy.actor.Manager.execute(Manager.java:356)
	at ptolemy.actor.Manager.run(Manager.java:1263)
	at ptolemy.actor.Manager$PtolemyRunThread.run(Manager.java:1933)
java.lang.RuntimeException: Execution failed
	at ptolemy.moml.MoMLSimpleApplication$UnloadThread.run(MoMLSimpleApplication.java:402)
Caused by: ptolemy.kernel.util.IllegalActionException: Actor is not ready to fire.  Perhaps UpSample.prefire() returned false? Try debugging the actor by selecting "Listen to Actor".  Also, for SDF check moml for tokenConsumptionRate on input.
  in .DESDFClockTest.Play Bell.Copy1:SDF Director and .DESDFClockTest.Play Bell.UpSample
	at ptolemy.actor.sched.StaticSchedulingDirector.fire(StaticSchedulingDirector.java:227)
	at ptolemy.domains.sdf.kernel.SDFDirector.fire(SDFDirector.java:500)
	at ptolemy.actor.CompositeActor.fire(CompositeActor.java:455)
	at ptolemy.domains.de.kernel.DEDirector._fire(DEDirector.java:1949)
	at ptolemy.domains.de.kernel.DEDirector.fire(DEDirector.java:502)
	at ptolemy.actor.CompositeActor.fire(CompositeActor.java:455)
	at ptolemy.actor.Manager.iterate(Manager.java:851)
	at ptolemy.actor.Manager.execute(Manager.java:369)
	at ptolemy.actor.Manager.run(Manager.java:1263)
	at ptolemy.actor.Manager$PtolemyRunThread.run(Manager.java:1933)
java.lang.RuntimeException: Execution failed
	at ptolemy.moml.MoMLSimpleApplication$UnloadThread.run(MoMLSimpleApplication.java:402)
Caused by: ptolemy.kernel.util.IllegalActionException: Actor is not ready to fire.  Perhaps UpSample.prefire() returned false? Try debugging the actor by selecting "Listen to Actor".  Also, for SDF check moml for tokenConsumptionRate on input.
  in .DESDFClockTest.Play Bell.Copy1:SDF Director and .DESDFClockTest.Play Bell.UpSample
	at ptolemy.actor.sched.StaticSchedulingDirector.fire(StaticSchedulingDirector.java:227)
	at ptolemy.domains.sdf.kernel.SDFDirector.fire(SDFDirector.java:500)
	at ptolemy.actor.CompositeActor.fire(CompositeActor.java:455)
	at ptolemy.domains.de.kernel.DEDirector._fire(DEDirector.java:1949)
	at ptolemy.domains.de.kernel.DEDirector.fire(DEDirector.java:502)
	at ptolemy.actor.CompositeActor.fire(CompositeActor.java:455)
	at ptolemy.actor.Manager.iterate(Manager.java:851)
	at ptolemy.actor.Manager.execute(Manager.java:369)
	at ptolemy.actor.Manager.run(Manager.java:1263)
	at ptolemy.actor.Manager$PtolemyRunThread.run(Manager.java:1933)
java.lang.reflect.InvocationTargetException
	at java.base/jdk.internal.reflect.NativeConstructorAccessorImpl.newInstance0(Native Method)
	at java.base/jdk.internal.reflect.NativeConstructorAccessorImpl.newInstance(NativeConstructorAccessorImpl.java:62)
	at java.base/jdk.internal.reflect.DelegatingConstructorAccessorImpl.newInstance(DelegatingConstructorAccessorImpl.java:45)
	at java.base/java.lang.reflect.Constructor.newInstance(Constructor.java:490)
	at ptolemy.util.test.junit.AutoKnownFailedTests.RunModel(AutoKnownFailedTests.java:105)
	at java.base/jdk.internal.reflect.NativeMethodAccessorImpl.invoke0(Native Method)
	at java.base/jdk.internal.reflect.NativeMethodAccessorImpl.invoke(NativeMethodAccessorImpl.java:62)
	at java.base/jdk.internal.reflect.DelegatingMethodAccessorImpl.invoke(DelegatingMethodAccessorImpl.java:43)
	at java.base/java.lang.reflect.Method.invoke(Method.java:566)
	at org.junit.runners.model.FrameworkMethod$1.runReflectiveCall(FrameworkMethod.java:44)
	at org.junit.internal.runners.model.ReflectiveCallable.run(ReflectiveCallable.java:15)
	at org.junit.runners.model.FrameworkMethod.invokeExplosively(FrameworkMethod.java:41)
	at junitparams.internal.InvokeParameterisedMethod.evaluate(InvokeParameterisedMethod.java:102)
	at org.junit.internal.runners.statements.FailOnTimeout$1.run(FailOnTimeout.java:28)
Caused by: ptolemy.kernel.util.IllegalActionException: Actor is not ready to fire.  Perhaps UpSample.prefire() returned false? Try debugging the actor by selecting "Listen to Actor".  Also, for SDF check moml for tokenConsumptionRate on input.
  in .DESDFClockTest.Play Bell.Copy1:SDF Director and .DESDFClockTest.Play Bell.UpSample
	at ptolemy.actor.sched.StaticSchedulingDirector.fire(StaticSchedulingDirector.java:227)
	at ptolemy.domains.sdf.kernel.SDFDirector.fire(SDFDirector.java:500)
	at ptolemy.actor.CompositeActor.fire(CompositeActor.java:455)
	at ptolemy.domains.de.kernel.DEDirector._fire(DEDirector.java:1949)
	at ptolemy.domains.de.kernel.DEDirector.fire(DEDirector.java:502)
	at ptolemy.actor.CompositeActor.fire(CompositeActor.java:455)
	at ptolemy.actor.Manager.iterate(Manager.java:851)
	at ptolemy.actor.Manager.execute(Manager.java:369)
	at ptolemy.actor.Manager.run(Manager.java:1263)
	at ptolemy.actor.Manager$PtolemyRunThread.run(Manager.java:1933)
java.lang.RuntimeException: Execution failed
	at ptolemy.moml.MoMLSimpleApplication$UnloadThread.run(MoMLSimpleApplication.java:402)
Caused by: ptolemy.kernel.util.IllegalActionException: Test fails in iteration 1.
Value was: 1.0. Should have been: 2.0
  in .DirectFeedback.Test
	at ptolemy.actor.lib.Test.fire(Test.java:268)
	at ptolemy.domains.de.kernel.DEDirector._fire(DEDirector.java:1949)
	at ptolemy.domains.de.kernel.DEDirector.fire(DEDirector.java:502)
	at ptolemy.actor.CompositeActor.fire(CompositeActor.java:455)
	at ptolemy.actor.Manager.iterate(Manager.java:851)
	at ptolemy.actor.Manager.execute(Manager.java:369)
	at ptolemy.actor.Manager.run(Manager.java:1263)
	at ptolemy.actor.Manager$PtolemyRunThread.run(Manager.java:1933)
java.lang.reflect.InvocationTargetException
	at java.base/jdk.internal.reflect.NativeConstructorAccessorImpl.newInstance0(Native Method)
	at java.base/jdk.internal.reflect.NativeConstructorAccessorImpl.newInstance(NativeConstructorAccessorImpl.java:62)
	at java.base/jdk.internal.reflect.DelegatingConstructorAccessorImpl.newInstance(DelegatingConstructorAccessorImpl.java:45)
	at java.base/java.lang.reflect.Constructor.newInstance(Constructor.java:490)
	at ptolemy.util.test.junit.AutoKnownFailedTests.RunModel(AutoKnownFailedTests.java:105)
	at java.base/jdk.internal.reflect.NativeMethodAccessorImpl.invoke0(Native Method)
	at java.base/jdk.internal.reflect.NativeMethodAccessorImpl.invoke(NativeMethodAccessorImpl.java:62)
	at java.base/jdk.internal.reflect.DelegatingMethodAccessorImpl.invoke(DelegatingMethodAccessorImpl.java:43)
	at java.base/java.lang.reflect.Method.invoke(Method.java:566)
	at org.junit.runners.model.FrameworkMethod$1.runReflectiveCall(FrameworkMethod.java:44)
	at org.junit.internal.runners.model.ReflectiveCallable.run(ReflectiveCallable.java:15)
	at org.junit.runners.model.FrameworkMethod.invokeExplosively(FrameworkMethod.java:41)
	at junitparams.internal.InvokeParameterisedMethod.evaluate(InvokeParameterisedMethod.java:102)
	at org.junit.internal.runners.statements.FailOnTimeout$1.run(FailOnTimeout.java:28)
Caused by: ptolemy.kernel.util.IllegalActionException: Test fails in iteration 1.
Value was: 1.0. Should have been: 2.0
  in .DirectFeedback.Test
	at ptolemy.actor.lib.Test.fire(Test.java:268)
	at ptolemy.domains.de.kernel.DEDirector._fire(DEDirector.java:1949)
	at ptolemy.domains.de.kernel.DEDirector.fire(DEDirector.java:502)
	at ptolemy.actor.CompositeActor.fire(CompositeActor.java:455)
	at ptolemy.actor.Manager.iterate(Manager.java:851)
	at ptolemy.actor.Manager.execute(Manager.java:369)
	at ptolemy.actor.Manager.run(Manager.java:1263)
	at ptolemy.actor.Manager$PtolemyRunThread.run(Manager.java:1933)
java.lang.RuntimeException: Execution failed
	at ptolemy.moml.MoMLSimpleApplication$UnloadThread.run(MoMLSimpleApplication.java:402)
Caused by: ptolemy.kernel.util.IllegalActionException: Found a zero delay loop containing .HierarchicalModel.A
  in .HierarchicalModel and .HierarchicalModel.A
	at ptolemy.actor.util.CausalityInterfaceForComposites._computeOutputPortDepth(CausalityInterfaceForComposites.java:759)
	at ptolemy.actor.util.CausalityInterfaceForComposites._computeInputDepth(CausalityInterfaceForComposites.java:696)
	at ptolemy.actor.util.CausalityInterfaceForComposites._computeOutputPortDepth(CausalityInterfaceForComposites.java:765)
	at ptolemy.actor.util.CausalityInterfaceForComposites._computeInputDepth(CausalityInterfaceForComposites.java:696)
	at ptolemy.actor.util.CausalityInterfaceForComposites._computeOutputPortDepth(CausalityInterfaceForComposites.java:765)
	at ptolemy.actor.util.CausalityInterfaceForComposites._computeInputDepth(CausalityInterfaceForComposites.java:696)
	at ptolemy.actor.util.CausalityInterfaceForComposites._computeActorDepth(CausalityInterfaceForComposites.java:532)
	at ptolemy.actor.util.CausalityInterfaceForComposites.checkForCycles(CausalityInterfaceForComposites.java:96)
	at ptolemy.domains.de.kernel.DEDirector.preinitialize(DEDirector.java:1338)
	at ptolemy.actor.CompositeActor.preinitialize(CompositeActor.java:1828)
	at ptolemy.actor.Manager.preinitializeAndResolveTypes(Manager.java:1040)
	at ptolemy.actor.Manager.initialize(Manager.java:710)
	at ptolemy.actor.Manager.execute(Manager.java:356)
	at ptolemy.actor.Manager.run(Manager.java:1263)
	at ptolemy.actor.Manager$PtolemyRunThread.run(Manager.java:1933)
java.lang.reflect.InvocationTargetException
	at java.base/jdk.internal.reflect.NativeConstructorAccessorImpl.newInstance0(Native Method)
	at java.base/jdk.internal.reflect.NativeConstructorAccessorImpl.newInstance(NativeConstructorAccessorImpl.java:62)
	at java.base/jdk.internal.reflect.DelegatingConstructorAccessorImpl.newInstance(DelegatingConstructorAccessorImpl.java:45)
	at java.base/java.lang.reflect.Constructor.newInstance(Constructor.java:490)
	at ptolemy.util.test.junit.AutoKnownFailedTests.RunModel(AutoKnownFailedTests.java:105)
	at java.base/jdk.internal.reflect.NativeMethodAccessorImpl.invoke0(Native Method)
	at java.base/jdk.internal.reflect.NativeMethodAccessorImpl.invoke(NativeMethodAccessorImpl.java:62)
	at java.base/jdk.internal.reflect.DelegatingMethodAccessorImpl.invoke(DelegatingMethodAccessorImpl.java:43)
	at java.base/java.lang.reflect.Method.invoke(Method.java:566)
	at org.junit.runners.model.FrameworkMethod$1.runReflectiveCall(FrameworkMethod.java:44)
	at org.junit.internal.runners.model.ReflectiveCallable.run(ReflectiveCallable.java:15)
	at org.junit.runners.model.FrameworkMethod.invokeExplosively(FrameworkMethod.java:41)
	at junitparams.internal.InvokeParameterisedMethod.evaluate(InvokeParameterisedMethod.java:102)
	at org.junit.internal.runners.statements.FailOnTimeout$1.run(FailOnTimeout.java:28)
Caused by: ptolemy.kernel.util.IllegalActionException: Found a zero delay loop containing .HierarchicalModel.A
  in .HierarchicalModel and .HierarchicalModel.A
	at ptolemy.actor.util.CausalityInterfaceForComposites._computeOutputPortDepth(CausalityInterfaceForComposites.java:759)
	at ptolemy.actor.util.CausalityInterfaceForComposites._computeInputDepth(CausalityInterfaceForComposites.java:696)
	at ptolemy.actor.util.CausalityInterfaceForComposites._computeOutputPortDepth(CausalityInterfaceForComposites.java:765)
	at ptolemy.actor.util.CausalityInterfaceForComposites._computeInputDepth(CausalityInterfaceForComposites.java:696)
	at ptolemy.actor.util.CausalityInterfaceForComposites._computeOutputPortDepth(CausalityInterfaceForComposites.java:765)
	at ptolemy.actor.util.CausalityInterfaceForComposites._computeInputDepth(CausalityInterfaceForComposites.java:696)
	at ptolemy.actor.util.CausalityInterfaceForComposites._computeActorDepth(CausalityInterfaceForComposites.java:532)
	at ptolemy.actor.util.CausalityInterfaceForComposites.checkForCycles(CausalityInterfaceForComposites.java:96)
	at ptolemy.domains.de.kernel.DEDirector.preinitialize(DEDirector.java:1338)
	at ptolemy.actor.CompositeActor.preinitialize(CompositeActor.java:1828)
	at ptolemy.actor.Manager.preinitializeAndResolveTypes(Manager.java:1040)
	at ptolemy.actor.Manager.initialize(Manager.java:710)
	at ptolemy.actor.Manager.execute(Manager.java:356)
	at ptolemy.actor.Manager.run(Manager.java:1263)
	at ptolemy.actor.Manager$PtolemyRunThread.run(Manager.java:1933)
java.lang.RuntimeException: Execution failed
	at ptolemy.moml.MoMLSimpleApplication$UnloadThread.run(MoMLSimpleApplication.java:402)
Caused by: ptolemy.kernel.util.IllegalActionException: Found a zero delay loop containing .dependencyLoop.original
  in .dependencyLoop and .dependencyLoop.original
	at ptolemy.actor.util.CausalityInterfaceForComposites._computeOutputPortDepth(CausalityInterfaceForComposites.java:759)
	at ptolemy.actor.util.CausalityInterfaceForComposites._computeInputDepth(CausalityInterfaceForComposites.java:696)
	at ptolemy.actor.util.CausalityInterfaceForComposites._computeOutputPortDepth(CausalityInterfaceForComposites.java:765)
	at ptolemy.actor.util.CausalityInterfaceForComposites._computeInputDepth(CausalityInterfaceForComposites.java:696)
	at ptolemy.actor.util.CausalityInterfaceForComposites._computeOutputPortDepth(CausalityInterfaceForComposites.java:765)
	at ptolemy.actor.util.CausalityInterfaceForComposites._computeInputDepth(CausalityInterfaceForComposites.java:696)
	at ptolemy.actor.util.CausalityInterfaceForComposites._computeActorDepth(CausalityInterfaceForComposites.java:532)
	at ptolemy.actor.util.CausalityInterfaceForComposites.checkForCycles(CausalityInterfaceForComposites.java:96)
	at ptolemy.domains.de.kernel.DEDirector.preinitialize(DEDirector.java:1338)
	at ptolemy.actor.CompositeActor.preinitialize(CompositeActor.java:1828)
	at ptolemy.actor.Manager.preinitializeAndResolveTypes(Manager.java:1040)
	at ptolemy.actor.Manager.initialize(Manager.java:710)
	at ptolemy.actor.Manager.execute(Manager.java:356)
	at ptolemy.actor.Manager.run(Manager.java:1263)
	at ptolemy.actor.Manager$PtolemyRunThread.run(Manager.java:1933)
java.lang.reflect.InvocationTargetException
	at java.base/jdk.internal.reflect.NativeConstructorAccessorImpl.newInstance0(Native Method)
	at java.base/jdk.internal.reflect.NativeConstructorAccessorImpl.newInstance(NativeConstructorAccessorImpl.java:62)
	at java.base/jdk.internal.reflect.DelegatingConstructorAccessorImpl.newInstance(DelegatingConstructorAccessorImpl.java:45)
	at java.base/java.lang.reflect.Constructor.newInstance(Constructor.java:490)
	at ptolemy.util.test.junit.AutoKnownFailedTests.RunModel(AutoKnownFailedTests.java:105)
	at java.base/jdk.internal.reflect.NativeMethodAccessorImpl.invoke0(Native Method)
	at java.base/jdk.internal.reflect.NativeMethodAccessorImpl.invoke(NativeMethodAccessorImpl.java:62)
	at java.base/jdk.internal.reflect.DelegatingMethodAccessorImpl.invoke(DelegatingMethodAccessorImpl.java:43)
	at java.base/java.lang.reflect.Method.invoke(Method.java:566)
	at org.junit.runners.model.FrameworkMethod$1.runReflectiveCall(FrameworkMethod.java:44)
	at org.junit.internal.runners.model.ReflectiveCallable.run(ReflectiveCallable.java:15)
	at org.junit.runners.model.FrameworkMethod.invokeExplosively(FrameworkMethod.java:41)
	at junitparams.internal.InvokeParameterisedMethod.evaluate(InvokeParameterisedMethod.java:102)
	at org.junit.internal.runners.statements.FailOnTimeout$1.run(FailOnTimeout.java:28)
Caused by: ptolemy.kernel.util.IllegalActionException: Found a zero delay loop containing .dependencyLoop.original
  in .dependencyLoop and .dependencyLoop.original
	at ptolemy.actor.util.CausalityInterfaceForComposites._computeOutputPortDepth(CausalityInterfaceForComposites.java:759)
	at ptolemy.actor.util.CausalityInterfaceForComposites._computeInputDepth(CausalityInterfaceForComposites.java:696)
	at ptolemy.actor.util.CausalityInterfaceForComposites._computeOutputPortDepth(CausalityInterfaceForComposites.java:765)
	at ptolemy.actor.util.CausalityInterfaceForComposites._computeInputDepth(CausalityInterfaceForComposites.java:696)
	at ptolemy.actor.util.CausalityInterfaceForComposites._computeOutputPortDepth(CausalityInterfaceForComposites.java:765)
	at ptolemy.actor.util.CausalityInterfaceForComposites._computeInputDepth(CausalityInterfaceForComposites.java:696)
	at ptolemy.actor.util.CausalityInterfaceForComposites._computeActorDepth(CausalityInterfaceForComposites.java:532)
	at ptolemy.actor.util.CausalityInterfaceForComposites.checkForCycles(CausalityInterfaceForComposites.java:96)
	at ptolemy.domains.de.kernel.DEDirector.preinitialize(DEDirector.java:1338)
	at ptolemy.actor.CompositeActor.preinitialize(CompositeActor.java:1828)
	at ptolemy.actor.Manager.preinitializeAndResolveTypes(Manager.java:1040)
	at ptolemy.actor.Manager.initialize(Manager.java:710)
	at ptolemy.actor.Manager.execute(Manager.java:356)
	at ptolemy.actor.Manager.run(Manager.java:1263)
	at ptolemy.actor.Manager$PtolemyRunThread.run(Manager.java:1933)
java.lang.RuntimeException: Execution failed
	at ptolemy.moml.MoMLSimpleApplication$UnloadThread.run(MoMLSimpleApplication.java:402)
Caused by: ptolemy.kernel.util.IllegalActionException: Found a zero delay loop containing .dependencyLoop2.original
  in .dependencyLoop2 and .dependencyLoop2.original
	at ptolemy.actor.util.CausalityInterfaceForComposites._computeOutputPortDepth(CausalityInterfaceForComposites.java:759)
	at ptolemy.actor.util.CausalityInterfaceForComposites._computeInputDepth(CausalityInterfaceForComposites.java:696)
	at ptolemy.actor.util.CausalityInterfaceForComposites._computeOutputPortDepth(CausalityInterfaceForComposites.java:765)
	at ptolemy.actor.util.CausalityInterfaceForComposites._computeInputDepth(CausalityInterfaceForComposites.java:696)
	at ptolemy.actor.util.CausalityInterfaceForComposites._computeOutputPortDepth(CausalityInterfaceForComposites.java:765)
	at ptolemy.actor.util.CausalityInterfaceForComposites._computeInputDepth(CausalityInterfaceForComposites.java:696)
	at ptolemy.actor.util.CausalityInterfaceForComposites._computeActorDepth(CausalityInterfaceForComposites.java:532)
	at ptolemy.actor.util.CausalityInterfaceForComposites.checkForCycles(CausalityInterfaceForComposites.java:96)
	at ptolemy.domains.de.kernel.DEDirector.preinitialize(DEDirector.java:1338)
	at ptolemy.actor.CompositeActor.preinitialize(CompositeActor.java:1828)
	at ptolemy.actor.Manager.preinitializeAndResolveTypes(Manager.java:1040)
	at ptolemy.actor.Manager.initialize(Manager.java:710)
	at ptolemy.actor.Manager.execute(Manager.java:356)
	at ptolemy.actor.Manager.run(Manager.java:1263)
	at ptolemy.actor.Manager$PtolemyRunThread.run(Manager.java:1933)
java.lang.reflect.InvocationTargetException
	at java.base/jdk.internal.reflect.NativeConstructorAccessorImpl.newInstance0(Native Method)
	at java.base/jdk.internal.reflect.NativeConstructorAccessorImpl.newInstance(NativeConstructorAccessorImpl.java:62)
	at java.base/jdk.internal.reflect.DelegatingConstructorAccessorImpl.newInstance(DelegatingConstructorAccessorImpl.java:45)
	at java.base/java.lang.reflect.Constructor.newInstance(Constructor.java:490)
	at ptolemy.util.test.junit.AutoKnownFailedTests.RunModel(AutoKnownFailedTests.java:105)
	at java.base/jdk.internal.reflect.NativeMethodAccessorImpl.invoke0(Native Method)
	at java.base/jdk.internal.reflect.NativeMethodAccessorImpl.invoke(NativeMethodAccessorImpl.java:62)
	at java.base/jdk.internal.reflect.DelegatingMethodAccessorImpl.invoke(DelegatingMethodAccessorImpl.java:43)
	at java.base/java.lang.reflect.Method.invoke(Method.java:566)
	at org.junit.runners.model.FrameworkMethod$1.runReflectiveCall(FrameworkMethod.java:44)
	at org.junit.internal.runners.model.ReflectiveCallable.run(ReflectiveCallable.java:15)
	at org.junit.runners.model.FrameworkMethod.invokeExplosively(FrameworkMethod.java:41)
	at junitparams.internal.InvokeParameterisedMethod.evaluate(InvokeParameterisedMethod.java:102)
	at org.junit.internal.runners.statements.FailOnTimeout$1.run(FailOnTimeout.java:28)
Caused by: ptolemy.kernel.util.IllegalActionException: Found a zero delay loop containing .dependencyLoop2.original
  in .dependencyLoop2 and .dependencyLoop2.original
	at ptolemy.actor.util.CausalityInterfaceForComposites._computeOutputPortDepth(CausalityInterfaceForComposites.java:759)
	at ptolemy.actor.util.CausalityInterfaceForComposites._computeInputDepth(CausalityInterfaceForComposites.java:696)
	at ptolemy.actor.util.CausalityInterfaceForComposites._computeOutputPortDepth(CausalityInterfaceForComposites.java:765)
	at ptolemy.actor.util.CausalityInterfaceForComposites._computeInputDepth(CausalityInterfaceForComposites.java:696)
	at ptolemy.actor.util.CausalityInterfaceForComposites._computeOutputPortDepth(CausalityInterfaceForComposites.java:765)
	at ptolemy.actor.util.CausalityInterfaceForComposites._computeInputDepth(CausalityInterfaceForComposites.java:696)
	at ptolemy.actor.util.CausalityInterfaceForComposites._computeActorDepth(CausalityInterfaceForComposites.java:532)
	at ptolemy.actor.util.CausalityInterfaceForComposites.checkForCycles(CausalityInterfaceForComposites.java:96)
	at ptolemy.domains.de.kernel.DEDirector.preinitialize(DEDirector.java:1338)
	at ptolemy.actor.CompositeActor.preinitialize(CompositeActor.java:1828)
	at ptolemy.actor.Manager.preinitializeAndResolveTypes(Manager.java:1040)
	at ptolemy.actor.Manager.initialize(Manager.java:710)
	at ptolemy.actor.Manager.execute(Manager.java:356)
	at ptolemy.actor.Manager.run(Manager.java:1263)
	at ptolemy.actor.Manager$PtolemyRunThread.run(Manager.java:1933)
]]></system-err>
</testsuite>
