<?xml version="1.0" encoding="UTF-8" ?>
<testsuite errors="0" failures="0" hostname="travis-job-5606c6c2-6477-4d71-a3b0-0fa7838c0743" name="ptolemy.actor.lib.test.junit.JUnitTclTest" skipped="0" tests="517" time="59.681" timestamp="2019-02-04T03:26:14">
  <properties>
    <property name="npm.executable" value="npm" />
    <property name="file.encoding.pkg" value="sun.io" />
    <property name="env.TRAVIS_ROOT" value="/" />
    <property name="ptII.mk.exists" value="true" />
    <property name="env.TRAVIS_APP_HOST" value="build.travis-ci.org" />
    <property name="env.rvm_bin_path" value="/home/travis/.rvm/bin" />
    <property name="java.home" value="/usr/lib/jvm/java-8-oracle/jre" />
    <property name="env.TRAVIS_JOB_NUMBER" value="991.8" />
    <property name="env.TRAVIS_HOME" value="/home/travis" />
    <property name="env.DISPLAY" value=":99.0" />
    <property name="java.net.preferIPv4Stack" value="true" />
    <property name="env.TRAVIS_INIT" value="upstart" />
    <property name="env.SSH_TTY" value="/dev/pts/0" />
    <property name="env.RUN_TESTS" value="true" />
    <property name="timeout.short" value="1000000" />
    <property name="env.TRAVIS_JOB_NAME" value="" />
    <property name="env.TRAVIS_STACK_NODE_ATTRIBUTES" value="/.node-attributes.yml" />
    <property name="junit.formatter" value="xml" />
    <property name="java.endorsed.dirs" value="/usr/lib/jvm/java-8-oracle/jre/lib/endorsed" />
    <property name="env.TRAVIS_SUDO" value="true" />
    <property name="env.LOGNAME" value="travis" />
    <property name="env.PT_TRAVIS_TEST_CORE1_XML" value="true" />
    <property name="jsdoc.home" value="node_modules/@terraswarm/jsdoc" />
    <property name="debuglevel" value="source,lines,vars" />
    <property name="checkstyle.formatter" value="xml" />
    <property name="bin.vergil.makeable" value="true" />
    <property name="env._system_version" value="14.04" />
    <property name="sun.os.patch.level" value="unknown" />
    <property name="java.vendor.url" value="http://java.oracle.com/" />
    <property name="env.TRAVIS_BUILD_WEB_URL" value="https://travis-ci.org/icyphy/ptII/builds/488326232" />
    <property name="java.version" value="1.8.0_151" />
    <property name="env.TZ" value="UTC" />
    <property name="env.PT_NO_NET" value="true" />
    <property name="env.TRAVIS_PULL_REQUEST_SHA" value="" />
    <property name="env.TRAVIS_SECURE_ENV_VARS" value="true" />
    <property name="env._system_type" value="Linux" />
    <property name="java.vendor.url.bug" value="http://bugreport.sun.com/bugreport/" />
    <property name="env.SSH_CLIENT" value="10.10.4.105 57868 22" />
    <property name="npmjs-org-is-up" value="true" />
    <property name="env.GEM_HOME" value="/home/travis/.rvm/gems/ruby-2.4.1" />
    <property name="env.HAS_ANTARES_THREE_LITTLE_FRONZIES_BADGE" value="true" />
    <property name="env.PS4" value="+" />
    <property name="ant.project.invoked-targets" value="build,test.core1.xml" />
    <property name="env.TRAVIS_PULL_REQUEST_BRANCH" value="" />
    <property name="env.TRAVIS_REPO_SLUG" value="icyphy/ptII" />
    <property name="env.TRAVIS_APT_PROXY" value="http://build-cache.travisci.net" />
    <property name="node.in.path" value="true" />
    <property name="java.maxmemory" value="1400m" />
    <property name="env.RUBY_VERSION" value="ruby-2.4.1" />
    <property name="user.name" value="travis" />
    <property name="env.LANG" value="en_US.UTF-8" />
    <property name="sun.io.unicode.encoding" value="UnicodeLittle" />
    <property name="sun.jnu.encoding" value="UTF-8" />
    <property name="java.runtime.name" value="Java(TM) SE Runtime Environment" />
    <property name="usefile" value="false" />
    <property name="return.code" value="0" />
    <property name="junit.single.formatter" value="plain" />
    <property name="env.DYLD_LIBRARY_PATH" value="/home/travis/pthla/certi-tools/lib:" />
    <property name="env.DEBIAN_FRONTEND" value="noninteractive" />
    <property name="env.SSH_CONNECTION" value="10.10.4.105 57868 10.20.0.66 22" />
    <property name="env.MYSQL_UNIX_PORT" value="/var/run/mysqld/mysqld.sock" />
    <property name="env.TRAVIS_ALLOW_FAILURE" value="false" />
    <property name="env.LC_ALL" value="en_US.UTF-8" />
    <property name="env.TRAVIS_JOB_WEB_URL" value="https://travis-ci.org/icyphy/ptII/jobs/488326240" />
    <property name="java.specification.name" value="Java Platform API Specification" />
    <property name="node.works" value="true" />
    <property name="user.timezone" value="" />
    <property name="path.separator" value=":" />
    <property name="env.TRAVIS_ENABLE_INFRA_DETECTION" value="true" />
    <property name="env.PYTHON_CFLAGS" value="-g -fstack-protector --param=ssp-buffer-size=4 -Wformat -Werror=format-security" />
    <property name="timeout.long" value="4000000" />
    <property name="env.CERTI_HOME" value="/home/travis/pthla/certi-tools" />
    <property name="file.encoding" value="UTF-8" />
    <property name="ant.file.ptII" value="/home/travis/build/icyphy/ptII/build.xml" />
    <property name="javadoc.packagenames" value="com.*,diva.*,lbnl.*,org.hlacerti.*,org.json.*,org.ptolemy.*,org.terraswarm.*,ptolemy.*,ptserver.*" />
    <property name="env.TRAVIS_PULL_REQUEST_SLUG" value="" />
    <property name="ant.project.default-target" value="build" />
    <property name="env.GIT_ASKPASS" value="echo" />
    <property name="env.HOME" value="/home/travis" />
    <property name="sun.java.command" value="org.apache.tools.ant.taskdefs.optional.junit.JUnitTestRunner ptolemy.actor.lib.test.junit.JUnitTclTest skipNonTests=false filtertrace=true haltOnError=false haltOnFailure=false formatter=org.apache.tools.ant.taskdefs.optional.junit.OutErrSummaryJUnitResultFormatter showoutput=true outputtoformatters=true logfailedtests=true threadid=0 logtestlistenerevents=false formatter=org.apache.tools.ant.taskdefs.optional.junit.XMLJUnitResultFormatter,/home/travis/build/icyphy/ptII/reports/junit/TEST-ptolemy.actor.lib.test.junit.JUnitTclTest.xml crashfile=/home/travis/build/icyphy/ptII/junitvmwatcher3777001110069634969.properties propsfile=/home/travis/build/icyphy/ptII/junit4661892181528506274.properties" />
    <property name="env.MANPATH" value="/home/travis/.nvm/versions/node/v7.10.1/share/man:/home/travis/.kiex/elixirs/elixir-1.4.5/man:/home/travis/.rvm/rubies/ruby-2.4.1/share/man:/usr/local/man:/usr/local/cmake-3.9.2/man:/usr/local/clang-5.0.0/share/man:/usr/local/share/man:/usr/share/man:/home/travis/.rvm/man" />
    <property name="env.COMPOSER_NO_INTERACTION" value="1" />
    <property name="env.JDK_SWITCHER_DEFAULT" value="oraclejdk8" />
    <property name="env.TRAVIS_TIMER_ID" value="1dd61af4" />
    <property name="ant.file" value="/home/travis/build/icyphy/ptII/build.xml" />
    <property name="env.TRAVIS_COMMIT_RANGE" value="fd33c76baa16530294e6993287231cfe75e3f9f4...879f111b998daf2a28aa833b9629496c9080eaab" />
    <property name="env._system_name" value="Ubuntu" />
    <property name="timeout" value="2400000" />
    <property name="ptII.classpath.optional.property" value="/home/travis/build/icyphy/ptII/lib/bsh-2.0b4.jar:/home/travis/build/icyphy/ptII/lib/ptCal.jar:/home/travis/build/icyphy/ptII/lib/java_cup.jar:/home/travis/build/icyphy/ptII/lib/saxon8.jar:/home/travis/build/icyphy/ptII/lib/saxon8-dom.jar:/home/travis/build/icyphy/ptII/lib/chic.jar:/home/travis/build/icyphy/ptII/lib/ptcolt.jar:/usr/lib/jvm/java-8-oracle/lib/tools.jar:/home/travis/build/icyphy/ptII/vendors/misc/itext/iText.jar:/home/travis/build/icyphy/ptII/lib/g4ltl.jar:/home/travis/build/icyphy/ptII/lib/StructuralCoder.jar:/home/travis/build/icyphy/ptII/vendors/jai-1_1_2_01/lib/jai_core.jar:/home/travis/build/icyphy/ptII/vendors/jai-1_1_2_01/lib/jai_codec.jar:/home/travis/build/icyphy/ptII/lib/jcerti.jar:/home/travis/build/icyphy/ptII/lib/javax.mail.jar:/home/travis/build/icyphy/ptII/vendors/JMF-2.1.1e/lib/jmf.jar:/home/travis/build/icyphy/ptII/lib/jna-4.0.0-variadic.jar:/home/travis/build/icyphy/ptII/vendors/misc/joystick/Joystick.jar:/home/travis/build/icyphy/ptII/lib/ptjacl.jar:/home/travis/build/icyphy/ptII/lib/jsoup-1.8.2.jar:/home/travis/build/icyphy/ptII/lib/junit-4.8.2.jar:/home/travis/build/icyphy/ptII/lib/JUnitParams-0.4.0.jar:/home/travis/build/icyphy/ptII/ptolemy/actor/lib/excel/jxl.jar:/home/travis/build/icyphy/ptII/lib/jython.jar:/home/travis/build/icyphy/ptII/lib/kieler.jar:/home/travis/build/icyphy/ptII/vendors/opencv/share/OpenCV/java/opencv-341.jar:/home/travis/build/icyphy/ptII/lib/oscP5.jar:/home/travis/build/icyphy/ptII/lib/nrjavaserial-3.11.0.devel.jar:/home/travis/build/icyphy/ptII/vendors/j3d/lib/j3dcore.jar:/home/travis/build/icyphy/ptII/vendors/j3d/lib/j3dutils.jar:/home/travis/build/icyphy/ptII/vendors/j3d/lib/vecmath.jar:/home/travis/build/icyphy/ptII/ptolemy/distributed/jini/jar/jini-core.jar:/home/travis/build/icyphy/ptII/ptolemy/distributed/jini/jar/jini-ext.jar:/home/travis/build/icyphy/ptII/ptolemy/distributed/jini/jar/sun-util.jar:/home/travis/build/icyphy/ptII/lib/protobuf-java-2.4.1.jar:/home/travis/build/icyphy/ptII/lib/org.eclipse.paho.client.mqttv3.jar:/home/travis/build/icyphy/ptII/lib/mapss.jar:/home/travis/build/icyphy/ptII/ptolemy/actor/ptalon/antlr/antlr.jar:/home/travis/build/icyphy/ptII/lib/JRI.jar:/home/travis/build/icyphy/ptII/lib/commons-lang-2.6.jar:/home/travis/build/icyphy/ptII/lib/commons-logging-1.1.1.jar:/home/travis/build/icyphy/ptII/lib/sootclasses.jar:/home/travis/build/icyphy/ptII/ptolemy/actor/lib/database/mysql-connector-java-5.1.6-bin.jar:/home/travis/build/icyphy/ptII/vendors/misc/sphinx4/sphinx4-data-5prealpha.jar:/home/travis/build/icyphy/ptII/vendors/misc/sphinx4/sphinx4-core-5prealpha.jar:/home/travis/build/icyphy/ptII/lib/PDFRenderer.jar:/home/travis/build/icyphy/ptII/lib/svgSalamander.jar:/home/travis/build/icyphy/ptII/lib/rsyntaxtextarea-2.6.0-SNAPSHOT.jar:/home/travis/build/icyphy/ptII/lib/hazelcast-3.8.2.jar:/home/travis/build/icyphy/ptII/lib/jackson-annotations-2.9.0.jar:/home/travis/build/icyphy/ptII/lib/jackson-core-2.9.3.jar:/home/travis/build/icyphy/ptII/lib/jackson-databind-2.9.3.jar:/home/travis/build/icyphy/ptII/lib/netty-buffer-4.1.19.Final.jar:/home/travis/build/icyphy/ptII/lib/netty-codec-4.1.19.Final.jar:/home/travis/build/icyphy/ptII/lib/netty-codec-dns-4.1.19.Final.jar:/home/travis/build/icyphy/ptII/lib/netty-codec-http-4.1.19.Final.jar:/home/travis/build/icyphy/ptII/lib/netty-codec-http2-4.1.19.Final.jar:/home/travis/build/icyphy/ptII/lib/netty-common-4.1.19.Final.jar:/home/travis/build/icyphy/ptII/lib/netty-handler-4.1.19.Final.jar:/home/travis/build/icyphy/ptII/lib/netty-resolver-4.1.19.Final.jar:/home/travis/build/icyphy/ptII/lib/netty-resolver-dns-4.1.19.Final.jar:/home/travis/build/icyphy/ptII/lib/netty-transport-4.1.19.Final.jar:/home/travis/build/icyphy/ptII/lib/vertx-codegen-3.5.1.jar:/home/travis/build/icyphy/ptII/lib/vertx-core-3.5.2-SNAPSHOT.jar:/home/travis/build/icyphy/ptII/lib/vertx-hazelcast-3.5.1.jar:/home/travis/build/icyphy/ptII/lib/vertx-lang-js-3.5.1.jar:/home/travis/build/icyphy/ptII/lib/vertx-service-proxy-3.5.1.jar:/home/travis/build/icyphy/ptII/lib/vertx-web-3.5.1.jar:/home/travis/build/icyphy/ptII/lib/slf4j-api-1.7.13.jar:/home/travis/build/icyphy/ptII/lib/slf4j-simple-1.7.13.jar:/home/travis/build/icyphy/ptII/lib/webcam-capture-0.3.12.jar:/home/travis/build/icyphy/ptII/lib/bridj-0.7.0.jar:/home/travis/build/icyphy/ptII/lib/xbjlib-1.1.0.nrjavaserial.jar" />
    <property name="test.batch" value="**/junit/*.java" />
    <property name="env._" value="/usr/bin/timeout" />
    <property name="java.io.tmpdir" value="/tmp" />
    <property name="env.TRAVIS_INTERNAL_RUBY_REGEX" value="^ruby-(2\.[0-4]\.[0-9]|1\.9\.3)" />
    <property name="user.language" value="en" />
    <property name="env.HISTCONTROL" value="ignoredups:ignorespace" />
    <property name="env.GOROOT" value="/home/travis/.gimme/versions/go1.7.4.linux.amd64" />
    <property name="line.separator" value="&#xa;" />
    <property name="target" value="1.8" />
    <property name="env.TRAVIS_BUILD_DIR" value="/home/travis/build/icyphy/ptII" />
    <property name="env.ANT_OPTS" value="-Xmx2048m" />
    <property name="ant.file.type" value="file" />
    <property name="ptolemy.ptII.batchMode" value="true" />
    <property name="env.HISTSIZE" value="1000" />
    <property name="env.MERB_ENV" value="test" />
    <property name="java.vm.info" value="mixed mode" />
    <property name="source" value="1.8" />
    <property name="java.vm.specification.name" value="Java Virtual Machine Specification" />
    <property name="env.TRAVIS_TEST_RESULT" value="0" />
    <property name="jsdoc.command" value="node_modules/@terraswarm/jsdoc/jsdoc.js" />
    <property name="npm.works" value="true" />
    <property name="cobertura.dir" value="/home/travis/build/icyphy/ptII/vendors/cobertura-2.0.3" />
    <property name="env.rvm_path" value="/home/travis/.rvm" />
    <property name="env.GEM_PATH" value="/home/travis/.rvm/gems/ruby-2.4.1:/home/travis/.rvm/gems/ruby-2.4.1@global" />
    <property name="env.LC_CTYPE" value="en_US.UTF-8" />
    <property name="java.awt.printerjob" value="sun.print.PSPrinterJob" />
    <property name="env.TRAVIS_CMD" value="$PTII/bin/ptIITravisBuild.sh $SECONDS" />
    <property name="env.TRAVIS_STACK_NAME" value="garnet" />
    <property name="env.TRAVIS_TIMER_START_TIME" value="1549250416275993651" />
    <property name="ant.version" value="Apache Ant(TM) version 1.10.1 compiled on February 2 2017" />
    <property name="ptII.reports" value="/home/travis/build/icyphy/ptII/reports" />
    <property name="env.TRAVIS_STACK_TIMESTAMP" value="2017-12-05 19:33:09 UTC" />
    <property name="ant.file.type.ptII" value="file" />
    <property name="env.RBENV_SHELL" value="bash" />
    <property name="os.name" value="Linux" />
    <property name="java.specification.vendor" value="Oracle Corporation" />
    <property name="env.rvm_version" value="1.29.3 (latest)" />
    <property name="env.TRAVIS_INFRA" value="gce" />
    <property name="env.TERM" value="xterm" />
    <property name="java.vm.name" value="Java HotSpot(TM) 64-Bit Server VM" />
    <property name="env.TRAVIS_BUILD_NUMBER" value="991" />
    <property name="env.CI" value="true" />
    <property name="java.library.path" value="/home/travis/pthla/certi-tools/lib:/usr/lib/jni:/usr/local/share/OpenCV/java/:/usr/share/OpenCV/java::/usr/java/packages/lib/amd64:/usr/lib64:/lib64:/lib:/usr/lib" />
    <property name="env.rvm_prefix" value="/home/travis" />
    <property name="env.PATH" value="/home/travis/pthla/certi-tools/share/scripts:/home/travis/.rvm/gems/ruby-2.4.1/bin:/home/travis/.rvm/gems/ruby-2.4.1@global/bin:/home/travis/.rvm/rubies/ruby-2.4.1/bin:/home/travis/.rvm/bin:/home/travis/.nvm/versions/node/v7.10.1/bin:./node_modules/.bin:/home/travis/build/icyphy/ptII/bin:/home/travis/pthla/certi-tools/bin:/home/travis/bin:/home/travis/.local/bin:/opt/pyenv/shims:/home/travis/.phpenv/shims:/home/travis/perl5/perlbrew/bin:/home/travis/.kiex/elixirs/elixir-1.4.5/bin:/home/travis/.kiex/bin:/home/travis/gopath/bin:/home/travis/.gimme/versions/go1.7.4.linux.amd64/bin:/usr/local/phantomjs/bin:/usr/local/phantomjs:/usr/local/neo4j-3.2.7/bin:/usr/local/maven-3.5.2/bin:/usr/local/cmake-3.9.2/bin:/usr/local/clang-5.0.0/bin:/usr/local/sbin:/usr/local/bin:/usr/sbin:/usr/bin:/sbin:/bin:/home/travis/.phpenv/bin:/opt/pyenv/bin:/home/travis/.yarn/bin" />
    <property name="env.TRAVIS_OS_NAME" value="linux" />
    <property name="ant.java.version" value="1.8" />
    <property name="basedir" value="/home/travis/build/icyphy/ptII" />
    <property name="java.class.version" value="52.0" />
    <property name="env.SHLVL" value="3" />
    <property name="env.LD_LIBRARY_PATH" value="/home/travis/pthla/certi-tools/lib:/usr/lib/jni:/usr/local/share/OpenCV/java/:/usr/share/OpenCV/java:" />
    <property name="env.RACK_ENV" value="test" />
    <property name="ant.home" value="/home/travis/build/icyphy/ptII/ant" />
    <property name="env.PERLBREW_BASHRC_VERSION" value="0.80" />
    <property name="env.NVM_DIR" value="/home/travis/.nvm" />
    <property name="env.TRAVIS_BUILD_ID" value="488326232" />
    <property name="env.CERTI_FOM_PATH" value="/home/travis/pthla/certi-tools/share/federations" />
    <property name="env.PYENV_ROOT" value="/opt/pyenv" />
    <property name="env.TRAVIS_UID" value="2000" />
    <property name="env.rvm_pretty_print_flag" value="auto" />
    <property name="env.NVM_BIN" value="/home/travis/.nvm/versions/node/v7.10.1/bin" />
    <property name="env.TRAVIS_COMMIT" value="879f111b998daf2a28aa833b9629496c9080eaab" />
    <property name="env._system_arch" value="x86_64" />
    <property name="node.executable" value="node" />
    <property name="sun.boot.library.path" value="/usr/lib/jvm/java-8-oracle/jre/lib/amd64" />
    <property name="sun.management.compiler" value="HotSpot 64-Bit Tiered Compilers" />
    <property name="env.GOPATH" value="/home/travis/gopath" />
    <property name="java.awt.graphicsenv" value="sun.awt.X11GraphicsEnvironment" />
    <property name="ptolemy.ptII.dir" value="/home/travis/build/icyphy/ptII" />
    <property name="env.USER" value="travis" />
    <property name="env.HISTFILESIZE" value="2000" />
    <property name="timeout.longest" value="19000000" />
    <property name="env.TRAVIS_STACK_FEATURES" value="basic cassandra chromium couchdb disabled-ipv6 docker docker-compose elasticsearch firefox go-toolchain google-chrome jdk memcached mongodb mysql neo4j nodejs_interpreter perl_interpreter perlbrew phantomjs postgresql python_interpreter rabbitmq redis riak ruby_interpreter sqlite xserver" />
    <property name="env.TRAVIS_PULL_REQUEST" value="false" />
    <property name="env.PYENV_SHELL" value="bash" />
    <property name="ant.project.name" value="ptII" />
    <property name="java.vm.specification.version" value="1.8" />
    <property name="env.ANSI_RESET" value="\033[0m" />
    <property name="env.TRAVIS_DIST" value="trusty" />
    <property name="env.CERTI_VERSION" value="4.0.0" />
    <property name="env.NLSPATH" value="/usr/dt/lib/nls/msg/%L/%N.cat" />
    <property name="awt.toolkit" value="sun.awt.X11.XToolkit" />
    <property name="env.CERTI_HOST" value="localhost" />
    <property name="env.MY_RUBY_HOME" value="/home/travis/.rvm/rubies/ruby-2.4.1" />
    <property name="sun.cpu.isalist" value="" />
    <property name="env.TRAVIS_TMPDIR" value="/tmp/tmp.Whclbq0bOl" />
    <property name="java.ext.dirs" value="/usr/lib/jvm/java-8-oracle/jre/lib/ext:/usr/java/packages/lib/ext" />
    <property name="os.version" value="4.4.0-101-generic" />
    <property name="user.home" value="/home/travis" />
    <property name="env.MIX_ARCHIVES" value="/home/travis/.kiex/mix/elixir-1.4.5" />
    <property name="java.vm.vendor" value="Oracle Corporation" />
    <property name="env.TRAVIS_TAG" value="nightly" />
    <property name="env.ANSI_YELLOW" value="\033[33;1m" />
    <property name="env.TRAVIS_FILTERED" value="redirect_io" />
    <property name="env.ANSI_GREEN" value="\033[32;1m" />
    <property name="env.JAVA_HOME" value="/usr/lib/jvm/java-8-oracle" />
    <property name="env.PTII" value="/home/travis/build/icyphy/ptII" />
    <property name="javadoc.excludepackagenames" value="adm.cvs2svn.*,build.*,config.*,doc.coding.templates.*,jni.test.jni.meaningOfLife.*,jni.test.jni.testDeux.*,jni.test.jni.testTrois.*,org.terraswarm.accessor.accessors.web.node_modules.*,org.terraswarm.accessor.accessors.web.hosts.cordova.demo.*,org.terraswarm.accessor.accessors.web.hosts.cordova.plugins.*,org.terraswarm.accessor.accessors-svn.*,pt-modules.*,ptolemy.apps.agilent.*,ptolemy.apps.anytimecontrol.*,ptolemy.apps.apes.*,ptolemy.apps.charon.*,ptolemy.apps.crazyboard.*,ptolemy.apps.eclipse.*,ptolemy.apps.etherealSting.*,ptolemy.apps.fullscreen.*,ptolemy.apps.giotto.*,ptolemy.apps.ia.*,ptolemy.apps.interfaces.*,ptolemy.apps.jmf.*,ptolemy.apps.kurt.*,ptolemy.apps.kvm.*,ptolemy.apps.lego.*,ptolemy.apps.lejos.*,ptolemy.apps.midp.*,ptolemy.apps.mobileCoding.*,ptolemy.apps.pendulum.*,ptolemy.apps.rijndael.*,ptolemy.apps.robot.*,ptolemy.apps.security.*,ptolemy.apps.sobel.*,ptolemy.apps.soot.*,ptolemy.apps.throttle.*,ptolemy.apps.tini.*,ptolemy.apps.transmission.*,ptolemy.apps.vergil.*,ptolemy.apps.waba.*,ptolemy.apps.websensor.*,ptolemy.apps.webstart.*,ptolemy.apps.xsl.*,ptolemy.apps.zaurus.*,ptolemy.codegen.c.actor.lib.oldJavaFiles.*,ptolemy.codegen.dsp.lib.*,ptolemy.codegen.kernel.newInterfaces.*,ptolemy.codegen.lib.*,ptolemy.copernicus.kernel.fragment.*,ptolemy.copernicus.shallow.cg.*,ptolemy.domains.giotto.demo.Hierarchy.Hierarchy.*,ptolemy.domains.giotto.demo.Multimode.Multimode.*,ptolemy.domains.giotto.demo.Simple.Simple.*,ptolemy.domains.gr.lib.experimental.*,ptolemy.domains.gro.*,ptolemy.domains.pdf.*,ptolemy.domains.ptinyos.demo.Surge.output.*,ptolemy.moml.test.NoPackageActor.java*,ptolemy.plot.adm.*,ptolemy.plot.servlet.*,reports.*,signed.*,src.*,target.*,vendors.*,ptolemy.apps.eclipse.awt.*,ptolemy.backtrack.*,ptolemy.backtrack.ast.*,ptolemy.cg.adapter.generic.program.procedural.c.mbed*,ptolemy.homer.*,org.ptolemy.scala.*,diva.util.java2d.svg.*,ptolemy.domains.ptinyos.*,ptolemy.actor.lib.fmi.fmipp.*,,org.terraswarm.accessor.accessors.web.node_modules.*,org.terraswarm.accessor.accessors-svn,ptolemy.apps.*,ptolemy.actor.ptalon.demo.ptinyos.SendAndReceiveCnt.output,ptolemy.actor.ptalon.demo.ptinyos.SenseToLeds.output,ptolemy.domains.ptinyos.demo.CntToLedsAndRfm.output,ptolemy.domains.ptinyos.demo.RfmToLeds.output,ptolemy.domains.ptinyos.demo.SendAndReceiveCnt.output,ptolemy.domains.ptinyos.demo.SenseToLeds.output,ptolemy.actor.lib.jjs.modules.udpSocket.*" />
    <property name="env.TRAVIS_COMMIT_MESSAGE" value="Updated seating in DOP Center" />
    <property name="keystore" value="ptKeystore" />
    <property name="env.XDG_SESSION_ID" value="2" />
    <property name="junit.output.dir" value="/home/travis/build/icyphy/ptII/reports/junit" />
    <property name="npm.return.code" value="0" />
    <property name="user.dir" value="/home/travis/build/icyphy/ptII/ptolemy/actor/lib/test" />
    <property name="env.TRAVIS_NODE_VERSION" value="7" />
    <property name="env.XFILESEARCHPATH" value="/usr/dt/app-defaults/%L/Dt" />
    <property name="env.TRAVIS_EVENT_TYPE" value="cron" />
    <property name="env.MAIL" value="/var/mail/travis" />
    <property name="env.PWD" value="/home/travis/build/icyphy/ptII" />
    <property name="env.PERLBREW_ROOT" value="/home/travis/perl5/perlbrew" />
    <property name="timeout.npm" value="45000" />
    <property name="env.TRAVIS_ARCH" value="amd64" />
    <property name="env.PAGER" value="cat" />
    <property name="sun.cpu.endian" value="little" />
    <property name="env.TRAVIS_BUILD_STAGE_NAME" value="Test" />
    <property name="env.PERLBREW_HOME" value="/home/travis/.perlbrew" />
    <property name="env.RAILS_ENV" value="test" />
    <property name="java.vm.version" value="25.151-b12" />
    <property name="java.class.path" value="/home/travis/.ptolemyII:/home/travis/.ptolemyII/*:/home/travis/build/icyphy/ptII:/home/travis/build/icyphy/ptII/lib/bsh-2.0b4.jar:/home/travis/build/icyphy/ptII/lib/ptCal.jar:/home/travis/build/icyphy/ptII/lib/java_cup.jar:/home/travis/build/icyphy/ptII/lib/saxon8.jar:/home/travis/build/icyphy/ptII/lib/saxon8-dom.jar:/home/travis/build/icyphy/ptII/lib/chic.jar:/home/travis/build/icyphy/ptII/lib/ptcolt.jar:/usr/lib/jvm/java-8-oracle/lib/tools.jar:/home/travis/build/icyphy/ptII/vendors/misc/itext/iText.jar:/home/travis/build/icyphy/ptII/lib/g4ltl.jar:/home/travis/build/icyphy/ptII/lib/StructuralCoder.jar:/home/travis/build/icyphy/ptII/vendors/jai-1_1_2_01/lib/jai_core.jar:/home/travis/build/icyphy/ptII/vendors/jai-1_1_2_01/lib/jai_codec.jar:/home/travis/build/icyphy/ptII/lib/jcerti.jar:/home/travis/build/icyphy/ptII/lib/javax.mail.jar:/home/travis/build/icyphy/ptII/vendors/JMF-2.1.1e/lib/jmf.jar:/home/travis/build/icyphy/ptII/lib/jna-4.0.0-variadic.jar:/home/travis/build/icyphy/ptII/vendors/misc/joystick/Joystick.jar:/home/travis/build/icyphy/ptII/lib/ptjacl.jar:/home/travis/build/icyphy/ptII/lib/jsoup-1.8.2.jar:/home/travis/build/icyphy/ptII/lib/junit-4.8.2.jar:/home/travis/build/icyphy/ptII/lib/JUnitParams-0.4.0.jar:/home/travis/build/icyphy/ptII/ptolemy/actor/lib/excel/jxl.jar:/home/travis/build/icyphy/ptII/lib/jython.jar:/home/travis/build/icyphy/ptII/lib/kieler.jar:/home/travis/build/icyphy/ptII/vendors/opencv/share/OpenCV/java/opencv-341.jar:/home/travis/build/icyphy/ptII/lib/oscP5.jar:/home/travis/build/icyphy/ptII/lib/nrjavaserial-3.11.0.devel.jar:/home/travis/build/icyphy/ptII/vendors/j3d/lib/j3dcore.jar:/home/travis/build/icyphy/ptII/vendors/j3d/lib/j3dutils.jar:/home/travis/build/icyphy/ptII/vendors/j3d/lib/vecmath.jar:/home/travis/build/icyphy/ptII/ptolemy/distributed/jini/jar/jini-core.jar:/home/travis/build/icyphy/ptII/ptolemy/distributed/jini/jar/jini-ext.jar:/home/travis/build/icyphy/ptII/ptolemy/distributed/jini/jar/sun-util.jar:/home/travis/build/icyphy/ptII/lib/protobuf-java-2.4.1.jar:/home/travis/build/icyphy/ptII/lib/org.eclipse.paho.client.mqttv3.jar:/home/travis/build/icyphy/ptII/lib/mapss.jar:/home/travis/build/icyphy/ptII/ptolemy/actor/ptalon/antlr/antlr.jar:/home/travis/build/icyphy/ptII/lib/JRI.jar:/home/travis/build/icyphy/ptII/lib/commons-lang-2.6.jar:/home/travis/build/icyphy/ptII/lib/commons-logging-1.1.1.jar:/home/travis/build/icyphy/ptII/lib/sootclasses.jar:/home/travis/build/icyphy/ptII/ptolemy/actor/lib/database/mysql-connector-java-5.1.6-bin.jar:/home/travis/build/icyphy/ptII/vendors/misc/sphinx4/sphinx4-data-5prealpha.jar:/home/travis/build/icyphy/ptII/vendors/misc/sphinx4/sphinx4-core-5prealpha.jar:/home/travis/build/icyphy/ptII/lib/PDFRenderer.jar:/home/travis/build/icyphy/ptII/lib/svgSalamander.jar:/home/travis/build/icyphy/ptII/lib/rsyntaxtextarea-2.6.0-SNAPSHOT.jar:/home/travis/build/icyphy/ptII/lib/hazelcast-3.8.2.jar:/home/travis/build/icyphy/ptII/lib/jackson-annotations-2.9.0.jar:/home/travis/build/icyphy/ptII/lib/jackson-core-2.9.3.jar:/home/travis/build/icyphy/ptII/lib/jackson-databind-2.9.3.jar:/home/travis/build/icyphy/ptII/lib/netty-buffer-4.1.19.Final.jar:/home/travis/build/icyphy/ptII/lib/netty-codec-4.1.19.Final.jar:/home/travis/build/icyphy/ptII/lib/netty-codec-dns-4.1.19.Final.jar:/home/travis/build/icyphy/ptII/lib/netty-codec-http-4.1.19.Final.jar:/home/travis/build/icyphy/ptII/lib/netty-codec-http2-4.1.19.Final.jar:/home/travis/build/icyphy/ptII/lib/netty-common-4.1.19.Final.jar:/home/travis/build/icyphy/ptII/lib/netty-handler-4.1.19.Final.jar:/home/travis/build/icyphy/ptII/lib/netty-resolver-4.1.19.Final.jar:/home/travis/build/icyphy/ptII/lib/netty-resolver-dns-4.1.19.Final.jar:/home/travis/build/icyphy/ptII/lib/netty-transport-4.1.19.Final.jar:/home/travis/build/icyphy/ptII/lib/vertx-codegen-3.5.1.jar:/home/travis/build/icyphy/ptII/lib/vertx-core-3.5.2-SNAPSHOT.jar:/home/travis/build/icyphy/ptII/lib/vertx-hazelcast-3.5.1.jar:/home/travis/build/icyphy/ptII/lib/vertx-lang-js-3.5.1.jar:/home/travis/build/icyphy/ptII/lib/vertx-service-proxy-3.5.1.jar:/home/travis/build/icyphy/ptII/lib/vertx-web-3.5.1.jar:/home/travis/build/icyphy/ptII/lib/slf4j-api-1.7.13.jar:/home/travis/build/icyphy/ptII/lib/slf4j-simple-1.7.13.jar:/home/travis/build/icyphy/ptII/lib/webcam-capture-0.3.12.jar:/home/travis/build/icyphy/ptII/lib/bridj-0.7.0.jar:/home/travis/build/icyphy/ptII/lib/xbjlib-1.1.0.nrjavaserial.jar:/home/travis/build/icyphy/ptII/ptolemy/moml/test:/home/travis/build/icyphy/ptII/ant/lib/ant-launcher.jar:/home/travis/build/icyphy/ptII/ant/lib/ant.jar:/home/travis/build/icyphy/ptII/ant/lib/ant-junit.jar:/home/travis/build/icyphy/ptII/ant/lib/ant-junit4.jar" />
    <property name="ant.library.dir" value="/home/travis/build/icyphy/ptII/ant/lib" />
    <property name="os.arch" value="amd64" />
    <property name="env.TRAVIS_LANGUAGE" value="node_js" />
    <property name="env.CONTINUOUS_INTEGRATION" value="true" />
    <property name="env.TRAVIS_STACK_LANGUAGES" value="__garnet__ c c++ clojure cplusplus cpp default go groovy java node_js php pure_java python ruby scala" />
    <property name="test.name" value="ptolemy.actor.lib.test.junit.JUnitTclTest" />
    <property name="sun.java.launcher" value="SUN_STANDARD" />
    <property name="env.PYTHON_CONFIGURE_OPTS" value="--enable-unicode=ucs4 --with-wide-unicode --enable-shared --enable-ipv6 --enable-loadable-sqlite-extensions --with-computed-gotos" />
    <property name="ant.core.lib" value="/home/travis/build/icyphy/ptII/ant/lib/ant.jar" />
    <property name="java.vm.specification.vendor" value="Oracle Corporation" />
    <property name="env.BCVTB_HOME" value="/home/travis/build/icyphy/ptII/lbnl" />
    <property name="file.separator" value="/" />
    <property name="spotbugs.home" value="/home/travis/build/icyphy/ptII/vendors/spotbugs-3.1.1" />
    <property name="java.runtime.version" value="1.8.0_151-b12" />
    <property name="sun.boot.class.path" value="/usr/lib/jvm/java-8-oracle/jre/lib/resources.jar:/usr/lib/jvm/java-8-oracle/jre/lib/rt.jar:/usr/lib/jvm/java-8-oracle/jre/lib/sunrsasign.jar:/usr/lib/jvm/java-8-oracle/jre/lib/jsse.jar:/usr/lib/jvm/java-8-oracle/jre/lib/jce.jar:/usr/lib/jvm/java-8-oracle/jre/lib/charsets.jar:/usr/lib/jvm/java-8-oracle/jre/lib/jfr.jar:/usr/lib/jvm/java-8-oracle/jre/classes" />
    <property name="env.ANSI_CLEAR" value="\033[0K" />
    <property name="env.HAS_JOSH_K_SEAL_OF_APPROVAL" value="true" />
    <property name="env.XDG_RUNTIME_DIR" value="/run/user/2000" />
    <property name="env.TRAVIS_OSX_IMAGE" value="" />
    <property name="env.TRAVIS_BRANCH" value="master" />
    <property name="env.TRAVIS_JOB_ID" value="488326240" />
    <property name="user.country" value="US" />
    <property name="env.CERTI_HOME_TRAVIS" value="/home/travis/pthla/certi-tools" />
    <property name="env.SHELL" value="/bin/bash" />
    <property name="java.maxmemory.large" value="5000m" />
    <property name="model" value="" />
    <property name="env.CASHER_DIR" value="/home/travis/.casher" />
    <property name="env.NVM_CD_FLAGS" value="" />
    <property name="jshint.executable" value="/home/travis/node_modules/jshint/bin/jshint" />
    <property name="java.vendor" value="Oracle Corporation" />
    <property name="env.JRUBY_OPTS" value=" --client -J-XX:+TieredCompilation -J-XX:TieredStopAtLevel=1 -J-Xss2m -Xcompile.invokedynamic=false" />
    <property name="env.TRAVIS_PRE_CHEF_BOOTSTRAP_TIME" value="2017-12-05T19:32:55" />
    <property name="env.TRAVIS_STACK_JOB_BOARD_REGISTER" value="/.job-board-register.yml" />
    <property name="env.ELIXIR_VERSION" value="1.4.5" />
    <property name="env.ANSI_RED" value="\033[31;1m" />
    <property name="java.specification.version" value="1.8" />
    <property name="env.TRAVIS" value="true" />
    <property name="env.IRBRC" value="/home/travis/.rvm/rubies/ruby-2.4.1/.irbrc" />
    <property name="sun.arch.data.model" value="64" />
  </properties>
  <testcase classname="ptolemy.util.test.junit.TclTests" name="[0] /home/travis/build/icyphy/ptII/ptolemy/actor/lib/test/AbsoluteValue.tcl (RunTclFile)" time="0.466" />
  <testcase classname="ptolemy.util.test.junit.TclTests" name="[1] /home/travis/build/icyphy/ptII/ptolemy/actor/lib/test/AddSubtract.tcl (RunTclFile)" time="0.107" />
  <testcase classname="ptolemy.util.test.junit.TclTests" name="[2] /home/travis/build/icyphy/ptII/ptolemy/actor/lib/test/Average.tcl (RunTclFile)" time="0.061" />
  <testcase classname="ptolemy.util.test.junit.TclTests" name="[3] /home/travis/build/icyphy/ptII/ptolemy/actor/lib/test/Bernoulli.tcl (RunTclFile)" time="0.029" />
  <testcase classname="ptolemy.util.test.junit.TclTests" name="[4] /home/travis/build/icyphy/ptII/ptolemy/actor/lib/test/Clock.tcl (RunTclFile)" time="0.108" />
  <testcase classname="ptolemy.util.test.junit.TclTests" name="[5] /home/travis/build/icyphy/ptII/ptolemy/actor/lib/test/Commutator.tcl (RunTclFile)" time="0.116" />
  <testcase classname="ptolemy.util.test.junit.TclTests" name="[6] /home/travis/build/icyphy/ptII/ptolemy/actor/lib/test/Const.tcl (RunTclFile)" time="0.114" />
  <testcase classname="ptolemy.util.test.junit.TclTests" name="[7] /home/travis/build/icyphy/ptII/ptolemy/actor/lib/test/CurrentTime.tcl (RunTclFile)" time="0.043" />
  <testcase classname="ptolemy.util.test.junit.TclTests" name="[8] /home/travis/build/icyphy/ptII/ptolemy/actor/lib/test/DB.tcl (RunTclFile)" time="0.021" />
  <testcase classname="ptolemy.util.test.junit.TclTests" name="[9] /home/travis/build/icyphy/ptII/ptolemy/actor/lib/test/DiscreteRandomSource.tcl (RunTclFile)" time="0.023" />
  <testcase classname="ptolemy.util.test.junit.TclTests" name="[10] /home/travis/build/icyphy/ptII/ptolemy/actor/lib/test/Distributor.tcl (RunTclFile)" time="0.057" />
  <testcase classname="ptolemy.util.test.junit.TclTests" name="[11] /home/travis/build/icyphy/ptII/ptolemy/actor/lib/test/Exit.tcl (RunTclFile)" time="0.048" />
  <testcase classname="ptolemy.util.test.junit.TclTests" name="[12] /home/travis/build/icyphy/ptII/ptolemy/actor/lib/test/Expression.tcl (RunTclFile)" time="0.125" />
  <testcase classname="ptolemy.util.test.junit.TclTests" name="[13] /home/travis/build/icyphy/ptII/ptolemy/actor/lib/test/Gaussian.tcl (RunTclFile)" time="0.836" />
  <testcase classname="ptolemy.util.test.junit.TclTests" name="[14] /home/travis/build/icyphy/ptII/ptolemy/actor/lib/test/IIR.tcl (RunTclFile)" time="0.04" />
  <testcase classname="ptolemy.util.test.junit.TclTests" name="[15] /home/travis/build/icyphy/ptII/ptolemy/actor/lib/test/Interpolator.tcl (RunTclFile)" time="0.084" />
  <testcase classname="ptolemy.util.test.junit.TclTests" name="[16] /home/travis/build/icyphy/ptII/ptolemy/actor/lib/test/MathFunction.tcl (RunTclFile)" time="0.041" />
  <testcase classname="ptolemy.util.test.junit.TclTests" name="[17] /home/travis/build/icyphy/ptII/ptolemy/actor/lib/test/Maximum.tcl (RunTclFile)" time="0.029" />
  <testcase classname="ptolemy.util.test.junit.TclTests" name="[18] /home/travis/build/icyphy/ptII/ptolemy/actor/lib/test/Minimum.tcl (RunTclFile)" time="0.042" />
  <testcase classname="ptolemy.util.test.junit.TclTests" name="[19] /home/travis/build/icyphy/ptII/ptolemy/actor/lib/test/MultiplyDivide.tcl (RunTclFile)" time="0.038" />
  <testcase classname="ptolemy.util.test.junit.TclTests" name="[20] /home/travis/build/icyphy/ptII/ptolemy/actor/lib/test/OrderedMerge.tcl (RunTclFile)" time="0.089" />
  <testcase classname="ptolemy.util.test.junit.TclTests" name="[21] /home/travis/build/icyphy/ptII/ptolemy/actor/lib/test/Publisher.tcl (RunTclFile)" time="0.649" />
  <testcase classname="ptolemy.util.test.junit.TclTests" name="[22] /home/travis/build/icyphy/ptII/ptolemy/actor/lib/test/Pulse.tcl (RunTclFile)" time="0.064" />
  <testcase classname="ptolemy.util.test.junit.TclTests" name="[23] /home/travis/build/icyphy/ptII/ptolemy/actor/lib/test/Ramp.tcl (RunTclFile)" time="1.893" />
  <testcase classname="ptolemy.util.test.junit.TclTests" name="[24] /home/travis/build/icyphy/ptII/ptolemy/actor/lib/test/RampContinuous.tcl (RunTclFile)" time="0.018" />
  <testcase classname="ptolemy.util.test.junit.TclTests" name="[25] /home/travis/build/icyphy/ptII/ptolemy/actor/lib/test/RecordAssembler.tcl (RunTclFile)" time="0.02" />
  <testcase classname="ptolemy.util.test.junit.TclTests" name="[26] /home/travis/build/icyphy/ptII/ptolemy/actor/lib/test/RecordDisassembler.tcl (RunTclFile)" time="0.026" />
  <testcase classname="ptolemy.util.test.junit.TclTests" name="[27] /home/travis/build/icyphy/ptII/ptolemy/actor/lib/test/Scale.tcl (RunTclFile)" time="0.031" />
  <testcase classname="ptolemy.util.test.junit.TclTests" name="[28] /home/travis/build/icyphy/ptII/ptolemy/actor/lib/test/SequentialClock.tcl (RunTclFile)" time="0.021" />
  <testcase classname="ptolemy.util.test.junit.TclTests" name="[29] /home/travis/build/icyphy/ptII/ptolemy/actor/lib/test/SetVariable.tcl (RunTclFile)" time="0.016" />
  <testcase classname="ptolemy.util.test.junit.TclTests" name="[30] /home/travis/build/icyphy/ptII/ptolemy/actor/lib/test/Sinewave.tcl (RunTclFile)" time="0.062" />
  <testcase classname="ptolemy.util.test.junit.TclTests" name="[31] /home/travis/build/icyphy/ptII/ptolemy/actor/lib/test/SubscriptionAggregator.tcl (RunTclFile)" time="2.028" />
  <testcase classname="ptolemy.util.test.junit.TclTests" name="[32] /home/travis/build/icyphy/ptII/ptolemy/actor/lib/test/Test.tcl (RunTclFile)" time="0.121" />
  <testcase classname="ptolemy.util.test.junit.TclTests" name="[33] /home/travis/build/icyphy/ptII/ptolemy/actor/lib/test/TestExceptionHandler.tcl (RunTclFile)" time="0.025" />
  <testcase classname="ptolemy.util.test.junit.TclTests" name="[34] /home/travis/build/icyphy/ptII/ptolemy/actor/lib/test/UnionDisassembler.tcl (RunTclFile)" time="0.081" />
  <testcase classname="ptolemy.util.test.junit.TclTests" name="[35] /home/travis/build/icyphy/ptII/ptolemy/actor/lib/test/VariableClock.tcl (RunTclFile)" time="0.027" />
  <testcase classname="ptolemy.util.test.junit.AutoKnownFailedTests" name="[0] /home/travis/build/icyphy/ptII/ptolemy/actor/lib/test/auto/knownFailedTests/PublisherPortToplevelSubscriber.xml (RunModel)" time="0.022" />
  <testcase classname="ptolemy.util.test.junit.AutoKnownFailedTests" name="[1] /home/travis/build/icyphy/ptII/ptolemy/actor/lib/test/auto/knownFailedTests/PublisherSubscriberPortToplevel.xml (RunModel)" time="0.076" />
  <testcase classname="ptolemy.util.test.junit.AutoKnownFailedTests" name="[2] /home/travis/build/icyphy/ptII/ptolemy/actor/lib/test/auto/knownFailedTests/PublisherSubscriptionAggregatorPort.xml (RunModel)" time="0.011" />
  <testcase classname="ptolemy.util.test.junit.AutoKnownFailedTests" name="[3] /home/travis/build/icyphy/ptII/ptolemy/actor/lib/test/auto/knownFailedTests/sizedarray3.xml (RunModel)" time="0.019" />
  <testcase classname="ptolemy.util.test.junit.AutoNameArchTests" name="[0] ThereAreNoAutoArchTests (RunModel)" time="0.001" />
  <testcase classname="ptolemy.util.test.junit.AutoTests" name="[0] /home/travis/build/icyphy/ptII/ptolemy/actor/lib/test/auto/AbsoluteValue.xml (RunModel)" time="0.134" />
  <testcase classname="ptolemy.util.test.junit.AutoTests" name="[1] /home/travis/build/icyphy/ptII/ptolemy/actor/lib/test/auto/AbsoluteValue2.xml (RunModel)" time="0.08" />
  <testcase classname="ptolemy.util.test.junit.AutoTests" name="[2] /home/travis/build/icyphy/ptII/ptolemy/actor/lib/test/auto/Accumulator.xml (RunModel)" time="0.066" />
  <testcase classname="ptolemy.util.test.junit.AutoTests" name="[3] /home/travis/build/icyphy/ptII/ptolemy/actor/lib/test/auto/Accumulator2.xml (RunModel)" time="0.07" />
  <testcase classname="ptolemy.util.test.junit.AutoTests" name="[4] /home/travis/build/icyphy/ptII/ptolemy/actor/lib/test/auto/Accumulator3.xml (RunModel)" time="0.031" />
  <testcase classname="ptolemy.util.test.junit.AutoTests" name="[5] /home/travis/build/icyphy/ptII/ptolemy/actor/lib/test/auto/ArrayAppend.xml (RunModel)" time="0.041" />
  <testcase classname="ptolemy.util.test.junit.AutoTests" name="[6] /home/travis/build/icyphy/ptII/ptolemy/actor/lib/test/auto/ArrayAppend2.xml (RunModel)" time="0.358" />
  <testcase classname="ptolemy.util.test.junit.AutoTests" name="[7] /home/travis/build/icyphy/ptII/ptolemy/actor/lib/test/auto/ArrayAppend3.xml (RunModel)" time="0.027" />
  <testcase classname="ptolemy.util.test.junit.AutoTests" name="[8] /home/travis/build/icyphy/ptII/ptolemy/actor/lib/test/auto/ArrayAppend4.xml (RunModel)" time="0.031" />
  <testcase classname="ptolemy.util.test.junit.AutoTests" name="[9] /home/travis/build/icyphy/ptII/ptolemy/actor/lib/test/auto/ArrayAppend5.xml (RunModel)" time="0.019" />
  <testcase classname="ptolemy.util.test.junit.AutoTests" name="[10] /home/travis/build/icyphy/ptII/ptolemy/actor/lib/test/auto/ArrayAppend6.xml (RunModel)" time="0.021" />
  <testcase classname="ptolemy.util.test.junit.AutoTests" name="[11] /home/travis/build/icyphy/ptII/ptolemy/actor/lib/test/auto/ArrayAppendPerformanceTest.xml (RunModel)" time="0.047" />
  <testcase classname="ptolemy.util.test.junit.AutoTests" name="[12] /home/travis/build/icyphy/ptII/ptolemy/actor/lib/test/auto/ArrayAppendWithEmptyInput.xml (RunModel)" time="0.074" />
  <testcase classname="ptolemy.util.test.junit.AutoTests" name="[13] /home/travis/build/icyphy/ptII/ptolemy/actor/lib/test/auto/ArrayAverage.xml (RunModel)" time="0.052" />
  <testcase classname="ptolemy.util.test.junit.AutoTests" name="[14] /home/travis/build/icyphy/ptII/ptolemy/actor/lib/test/auto/ArrayContains.xml (RunModel)" time="0.028" />
  <testcase classname="ptolemy.util.test.junit.AutoTests" name="[15] /home/travis/build/icyphy/ptII/ptolemy/actor/lib/test/auto/ArrayElement.xml (RunModel)" time="0.031" />
  <testcase classname="ptolemy.util.test.junit.AutoTests" name="[16] /home/travis/build/icyphy/ptII/ptolemy/actor/lib/test/auto/ArrayElementAsMatrix.xml (RunModel)" time="0.075" />
  <testcase classname="ptolemy.util.test.junit.AutoTests" name="[17] /home/travis/build/icyphy/ptII/ptolemy/actor/lib/test/auto/ArrayElementI.xml (RunModel)" time="0.018" />
  <testcase classname="ptolemy.util.test.junit.AutoTests" name="[18] /home/travis/build/icyphy/ptII/ptolemy/actor/lib/test/auto/ArrayExtract.xml (RunModel)" time="0.038" />
  <testcase classname="ptolemy.util.test.junit.AutoTests" name="[19] /home/travis/build/icyphy/ptII/ptolemy/actor/lib/test/auto/ArrayExtract2.xml (RunModel)" time="0.018" />
  <testcase classname="ptolemy.util.test.junit.AutoTests" name="[20] /home/travis/build/icyphy/ptII/ptolemy/actor/lib/test/auto/ArrayLength.xml (RunModel)" time="0.021" />
  <testcase classname="ptolemy.util.test.junit.AutoTests" name="[21] /home/travis/build/icyphy/ptII/ptolemy/actor/lib/test/auto/ArrayLevelCrossing.xml (RunModel)" time="0.034" />
  <testcase classname="ptolemy.util.test.junit.AutoTests" name="[22] /home/travis/build/icyphy/ptII/ptolemy/actor/lib/test/auto/ArrayLevelCrossing2.xml (RunModel)" time="0.066" />
  <testcase classname="ptolemy.util.test.junit.AutoTests" name="[23] /home/travis/build/icyphy/ptII/ptolemy/actor/lib/test/auto/ArrayPeakSearch.xml (RunModel)" time="0.028" />
  <testcase classname="ptolemy.util.test.junit.AutoTests" name="[24] /home/travis/build/icyphy/ptII/ptolemy/actor/lib/test/auto/ArrayPeakSearch2.xml (RunModel)" time="0.036" />
  <testcase classname="ptolemy.util.test.junit.AutoTests" name="[25] /home/travis/build/icyphy/ptII/ptolemy/actor/lib/test/auto/ArrayPeakSearch3.xml (RunModel)" time="0.027" />
  <testcase classname="ptolemy.util.test.junit.AutoTests" name="[26] /home/travis/build/icyphy/ptII/ptolemy/actor/lib/test/auto/ArrayRemoveElement.xml (RunModel)" time="0.029" />
  <testcase classname="ptolemy.util.test.junit.AutoTests" name="[27] /home/travis/build/icyphy/ptII/ptolemy/actor/lib/test/auto/ArraySort.xml (RunModel)" time="0.034" />
  <testcase classname="ptolemy.util.test.junit.AutoTests" name="[28] /home/travis/build/icyphy/ptII/ptolemy/actor/lib/test/auto/ArraySum.xml (RunModel)" time="0.012" />
  <testcase classname="ptolemy.util.test.junit.AutoTests" name="[29] /home/travis/build/icyphy/ptII/ptolemy/actor/lib/test/auto/ArrayToElements.xml (RunModel)" time="0.017" />
  <testcase classname="ptolemy.util.test.junit.AutoTests" name="[30] /home/travis/build/icyphy/ptII/ptolemy/actor/lib/test/auto/ArrayToMatrix.xml (RunModel)" time="0.043" />
  <testcase classname="ptolemy.util.test.junit.AutoTests" name="[31] /home/travis/build/icyphy/ptII/ptolemy/actor/lib/test/auto/ArrayUpdate1.xml (RunModel)" time="0.019" />
  <testcase classname="ptolemy.util.test.junit.AutoTests" name="[32] /home/travis/build/icyphy/ptII/ptolemy/actor/lib/test/auto/ArrayUpdate2.xml (RunModel)" time="0.032" />
  <testcase classname="ptolemy.util.test.junit.AutoTests" name="[33] /home/travis/build/icyphy/ptII/ptolemy/actor/lib/test/auto/ArrayUpdate3.xml (RunModel)" time="0.016" />
  <testcase classname="ptolemy.util.test.junit.AutoTests" name="[34] /home/travis/build/icyphy/ptII/ptolemy/actor/lib/test/auto/Assert1.xml (RunModel)" time="0.022" />
  <testcase classname="ptolemy.util.test.junit.AutoTests" name="[35] /home/travis/build/icyphy/ptII/ptolemy/actor/lib/test/auto/Assert2.xml (RunModel)" time="0.015" />
  <testcase classname="ptolemy.util.test.junit.AutoTests" name="[36] /home/travis/build/icyphy/ptII/ptolemy/actor/lib/test/auto/BooleanMultiplexor.xml (RunModel)" time="0.016" />
  <testcase classname="ptolemy.util.test.junit.AutoTests" name="[37] /home/travis/build/icyphy/ptII/ptolemy/actor/lib/test/auto/BooleanMultiplexor2.xml (RunModel)" time="0.024" />
  <testcase classname="ptolemy.util.test.junit.AutoTests" name="[38] /home/travis/build/icyphy/ptII/ptolemy/actor/lib/test/auto/BooleanMultiplexor3.xml (RunModel)" time="0.025" />
  <testcase classname="ptolemy.util.test.junit.AutoTests" name="[39] /home/travis/build/icyphy/ptII/ptolemy/actor/lib/test/auto/BooleanSelect.xml (RunModel)" time="0.02" />
  <testcase classname="ptolemy.util.test.junit.AutoTests" name="[40] /home/travis/build/icyphy/ptII/ptolemy/actor/lib/test/auto/BooleanSelect2.xml (RunModel)" time="0.012" />
  <testcase classname="ptolemy.util.test.junit.AutoTests" name="[41] /home/travis/build/icyphy/ptII/ptolemy/actor/lib/test/auto/BooleanSwitch.xml (RunModel)" time="0.02" />
  <testcase classname="ptolemy.util.test.junit.AutoTests" name="[42] /home/travis/build/icyphy/ptII/ptolemy/actor/lib/test/auto/BooleanSwitch2.xml (RunModel)" time="0.015" />
  <testcase classname="ptolemy.util.test.junit.AutoTests" name="[43] /home/travis/build/icyphy/ptII/ptolemy/actor/lib/test/auto/BooleanSwitchCloningBugWithClassRelationGroup.xml (RunModel)" time="0.03" />
  <testcase classname="ptolemy.util.test.junit.AutoTests" name="[44] /home/travis/build/icyphy/ptII/ptolemy/actor/lib/test/auto/BusActors.xml (RunModel)" time="0.049" />
  <testcase classname="ptolemy.util.test.junit.AutoTests" name="[45] /home/travis/build/icyphy/ptII/ptolemy/actor/lib/test/auto/ClassWrapper.xml (RunModel)" time="0.009" />
  <testcase classname="ptolemy.util.test.junit.AutoTests" name="[46] /home/travis/build/icyphy/ptII/ptolemy/actor/lib/test/auto/Clock.xml (RunModel)" time="0.009" />
  <testcase classname="ptolemy.util.test.junit.AutoTests" name="[47] /home/travis/build/icyphy/ptII/ptolemy/actor/lib/test/auto/Clock10.xml (RunModel)" time="0.017" />
  <testcase classname="ptolemy.util.test.junit.AutoTests" name="[48] /home/travis/build/icyphy/ptII/ptolemy/actor/lib/test/auto/Clock11.xml (RunModel)" time="0.025" />
  <testcase classname="ptolemy.util.test.junit.AutoTests" name="[49] /home/travis/build/icyphy/ptII/ptolemy/actor/lib/test/auto/Clock12.xml (RunModel)" time="0.017" />
  <testcase classname="ptolemy.util.test.junit.AutoTests" name="[50] /home/travis/build/icyphy/ptII/ptolemy/actor/lib/test/auto/Clock13.xml (RunModel)" time="0.021" />
  <testcase classname="ptolemy.util.test.junit.AutoTests" name="[51] /home/travis/build/icyphy/ptII/ptolemy/actor/lib/test/auto/Clock14.xml (RunModel)" time="0.021" />
  <testcase classname="ptolemy.util.test.junit.AutoTests" name="[52] /home/travis/build/icyphy/ptII/ptolemy/actor/lib/test/auto/Clock15.xml (RunModel)" time="0.013" />
  <testcase classname="ptolemy.util.test.junit.AutoTests" name="[53] /home/travis/build/icyphy/ptII/ptolemy/actor/lib/test/auto/Clock16.xml (RunModel)" time="0.089" />
  <testcase classname="ptolemy.util.test.junit.AutoTests" name="[54] /home/travis/build/icyphy/ptII/ptolemy/actor/lib/test/auto/Clock17.xml (RunModel)" time="0.068" />
  <testcase classname="ptolemy.util.test.junit.AutoTests" name="[55] /home/travis/build/icyphy/ptII/ptolemy/actor/lib/test/auto/Clock18.xml (RunModel)" time="0.04" />
  <testcase classname="ptolemy.util.test.junit.AutoTests" name="[56] /home/travis/build/icyphy/ptII/ptolemy/actor/lib/test/auto/Clock19.xml (RunModel)" time="0.038" />
  <testcase classname="ptolemy.util.test.junit.AutoTests" name="[57] /home/travis/build/icyphy/ptII/ptolemy/actor/lib/test/auto/Clock2.xml (RunModel)" time="0.013" />
  <testcase classname="ptolemy.util.test.junit.AutoTests" name="[58] /home/travis/build/icyphy/ptII/ptolemy/actor/lib/test/auto/Clock20.xml (RunModel)" time="0.023" />
  <testcase classname="ptolemy.util.test.junit.AutoTests" name="[59] /home/travis/build/icyphy/ptII/ptolemy/actor/lib/test/auto/Clock21.xml (RunModel)" time="0.014" />
  <testcase classname="ptolemy.util.test.junit.AutoTests" name="[60] /home/travis/build/icyphy/ptII/ptolemy/actor/lib/test/auto/Clock22.xml (RunModel)" time="0.018" />
  <testcase classname="ptolemy.util.test.junit.AutoTests" name="[61] /home/travis/build/icyphy/ptII/ptolemy/actor/lib/test/auto/Clock23.xml (RunModel)" time="0.019" />
  <testcase classname="ptolemy.util.test.junit.AutoTests" name="[62] /home/travis/build/icyphy/ptII/ptolemy/actor/lib/test/auto/Clock24.xml (RunModel)" time="0.032" />
  <testcase classname="ptolemy.util.test.junit.AutoTests" name="[63] /home/travis/build/icyphy/ptII/ptolemy/actor/lib/test/auto/Clock4.xml (RunModel)" time="0.011" />
  <testcase classname="ptolemy.util.test.junit.AutoTests" name="[64] /home/travis/build/icyphy/ptII/ptolemy/actor/lib/test/auto/Clock5.xml (RunModel)" time="0.014" />
  <testcase classname="ptolemy.util.test.junit.AutoTests" name="[65] /home/travis/build/icyphy/ptII/ptolemy/actor/lib/test/auto/Clock6.xml (RunModel)" time="0.007" />
  <testcase classname="ptolemy.util.test.junit.AutoTests" name="[66] /home/travis/build/icyphy/ptII/ptolemy/actor/lib/test/auto/Clock7.xml (RunModel)" time="0.008" />
  <testcase classname="ptolemy.util.test.junit.AutoTests" name="[67] /home/travis/build/icyphy/ptII/ptolemy/actor/lib/test/auto/Clock8.xml (RunModel)" time="0.014" />
  <testcase classname="ptolemy.util.test.junit.AutoTests" name="[68] /home/travis/build/icyphy/ptII/ptolemy/actor/lib/test/auto/Clock9.xml (RunModel)" time="0.013" />
  <testcase classname="ptolemy.util.test.junit.AutoTests" name="[69] /home/travis/build/icyphy/ptII/ptolemy/actor/lib/test/auto/CommDistDiscard.xml (RunModel)" time="0.02" />
  <testcase classname="ptolemy.util.test.junit.AutoTests" name="[70] /home/travis/build/icyphy/ptII/ptolemy/actor/lib/test/auto/Commutator.xml (RunModel)" time="0.013" />
  <testcase classname="ptolemy.util.test.junit.AutoTests" name="[71] /home/travis/build/icyphy/ptII/ptolemy/actor/lib/test/auto/Commutator2.xml (RunModel)" time="0.01" />
  <testcase classname="ptolemy.util.test.junit.AutoTests" name="[72] /home/travis/build/icyphy/ptII/ptolemy/actor/lib/test/auto/Commutator3.xml (RunModel)" time="0.011" />
  <testcase classname="ptolemy.util.test.junit.AutoTests" name="[73] /home/travis/build/icyphy/ptII/ptolemy/actor/lib/test/auto/Compare.xml (RunModel)" time="0.019" />
  <testcase classname="ptolemy.util.test.junit.AutoTests" name="[74] /home/travis/build/icyphy/ptII/ptolemy/actor/lib/test/auto/CompareDE.xml (RunModel)" time="0.016" />
  <testcase classname="ptolemy.util.test.junit.AutoTests" name="[75] /home/travis/build/icyphy/ptII/ptolemy/actor/lib/test/auto/ComplexDivide.xml (RunModel)" time="0.009" />
  <testcase classname="ptolemy.util.test.junit.AutoTests" name="[76] /home/travis/build/icyphy/ptII/ptolemy/actor/lib/test/auto/ComputeHistogram.xml (RunModel)" time="0.064" />
  <testcase classname="ptolemy.util.test.junit.AutoTests" name="[77] /home/travis/build/icyphy/ptII/ptolemy/actor/lib/test/auto/ConfigurationSelect.xml (RunModel)" time="0.017" />
  <testcase classname="ptolemy.util.test.junit.AutoTests" name="[78] /home/travis/build/icyphy/ptII/ptolemy/actor/lib/test/auto/ConfigurationSelect2.xml (RunModel)" time="0.011" />
  <testcase classname="ptolemy.util.test.junit.AutoTests" name="[79] /home/travis/build/icyphy/ptII/ptolemy/actor/lib/test/auto/ConfigurationSwitch.xml (RunModel)" time="0.019" />
  <testcase classname="ptolemy.util.test.junit.AutoTests" name="[80] /home/travis/build/icyphy/ptII/ptolemy/actor/lib/test/auto/ConfigurationSwitch2.xml (RunModel)" time="0.016" />
  <testcase classname="ptolemy.util.test.junit.AutoTests" name="[81] /home/travis/build/icyphy/ptII/ptolemy/actor/lib/test/auto/ConfigurationSwitchCloningBugWithClassRelationGroup.xml (RunModel)" time="0.018" />
  <testcase classname="ptolemy.util.test.junit.AutoTests" name="[82] /home/travis/build/icyphy/ptII/ptolemy/actor/lib/test/auto/ConfigurationSwitchSelectSDF.xml (RunModel)" time="0.016" />
  <testcase classname="ptolemy.util.test.junit.AutoTests" name="[83] /home/travis/build/icyphy/ptII/ptolemy/actor/lib/test/auto/ConfigurationSwitchSelectSDF2.xml (RunModel)" time="0.011" />
  <testcase classname="ptolemy.util.test.junit.AutoTests" name="[84] /home/travis/build/icyphy/ptII/ptolemy/actor/lib/test/auto/Const.xml (RunModel)" time="0.006" />
  <testcase classname="ptolemy.util.test.junit.AutoTests" name="[85] /home/travis/build/icyphy/ptII/ptolemy/actor/lib/test/auto/Const2.xml (RunModel)" time="0.008" />
  <testcase classname="ptolemy.util.test.junit.AutoTests" name="[86] /home/travis/build/icyphy/ptII/ptolemy/actor/lib/test/auto/Const3.xml (RunModel)" time="0.005" />
  <testcase classname="ptolemy.util.test.junit.AutoTests" name="[87] /home/travis/build/icyphy/ptII/ptolemy/actor/lib/test/auto/ConstantPublisherPort1.xml (RunModel)" time="0.023" />
  <testcase classname="ptolemy.util.test.junit.AutoTests" name="[88] /home/travis/build/icyphy/ptII/ptolemy/actor/lib/test/auto/ConstantPublisherPort2.xml (RunModel)" time="0.029" />
  <testcase classname="ptolemy.util.test.junit.AutoTests" name="[89] /home/travis/build/icyphy/ptII/ptolemy/actor/lib/test/auto/ConstantPublisherPort3.xml (RunModel)" time="0.02" />
  <testcase classname="ptolemy.util.test.junit.AutoTests" name="[90] /home/travis/build/icyphy/ptII/ptolemy/actor/lib/test/auto/ConstantPublisherPort4.xml (RunModel)" time="0.015" />
  <testcase classname="ptolemy.util.test.junit.AutoTests" name="[91] /home/travis/build/icyphy/ptII/ptolemy/actor/lib/test/auto/ConstantPublisherPort5.xml (RunModel)" time="0.046" />
  <testcase classname="ptolemy.util.test.junit.AutoTests" name="[92] /home/travis/build/icyphy/ptII/ptolemy/actor/lib/test/auto/ConstantPublisherPort6.xml (RunModel)" time="0.027" />
  <testcase classname="ptolemy.util.test.junit.AutoTests" name="[93] /home/travis/build/icyphy/ptII/ptolemy/actor/lib/test/auto/ConstantPublisherPort7.xml (RunModel)" time="0.033" />
  <testcase classname="ptolemy.util.test.junit.AutoTests" name="[94] /home/travis/build/icyphy/ptII/ptolemy/actor/lib/test/auto/ConstraintMonitor1.xml (RunModel)" time="0.033" />
  <testcase classname="ptolemy.util.test.junit.AutoTests" name="[95] /home/travis/build/icyphy/ptII/ptolemy/actor/lib/test/auto/ConstraintMonitor2.xml (RunModel)" time="0.017" />
  <testcase classname="ptolemy.util.test.junit.AutoTests" name="[96] /home/travis/build/icyphy/ptII/ptolemy/actor/lib/test/auto/ConstraintMonitor3.xml (RunModel)" time="0.014" />
  <testcase classname="ptolemy.util.test.junit.AutoTests" name="[97] /home/travis/build/icyphy/ptII/ptolemy/actor/lib/test/auto/ConstraintMonitor4.xml (RunModel)" time="0.011" />
  <testcase classname="ptolemy.util.test.junit.AutoTests" name="[98] /home/travis/build/icyphy/ptII/ptolemy/actor/lib/test/auto/ConstraintMonitor5.xml (RunModel)" time="0.012" />
  <testcase classname="ptolemy.util.test.junit.AutoTests" name="[99] /home/travis/build/icyphy/ptII/ptolemy/actor/lib/test/auto/ConstraintMonitor6.xml (RunModel)" time="0.018" />
  <testcase classname="ptolemy.util.test.junit.AutoTests" name="[100] /home/travis/build/icyphy/ptII/ptolemy/actor/lib/test/auto/ConstraintMonitor7.xml (RunModel)" time="0.021" />
  <testcase classname="ptolemy.util.test.junit.AutoTests" name="[101] /home/travis/build/icyphy/ptII/ptolemy/actor/lib/test/auto/ConstraintMonitor8.xml (RunModel)" time="0.017" />
  <testcase classname="ptolemy.util.test.junit.AutoTests" name="[102] /home/travis/build/icyphy/ptII/ptolemy/actor/lib/test/auto/Counter.xml (RunModel)" time="0.011" />
  <testcase classname="ptolemy.util.test.junit.AutoTests" name="[103] /home/travis/build/icyphy/ptII/ptolemy/actor/lib/test/auto/CurrentTimeSDF.xml (RunModel)" time="0.008" />
  <testcase classname="ptolemy.util.test.junit.AutoTests" name="[104] /home/travis/build/icyphy/ptII/ptolemy/actor/lib/test/auto/DB.xml (RunModel)" time="0.009" />
  <testcase classname="ptolemy.util.test.junit.AutoTests" name="[105] /home/travis/build/icyphy/ptII/ptolemy/actor/lib/test/auto/DBDE.xml (RunModel)" time="0.012" />
  <testcase classname="ptolemy.util.test.junit.AutoTests" name="[106] /home/travis/build/icyphy/ptII/ptolemy/actor/lib/test/auto/DateConstructor.xml (RunModel)" time="0.044" />
  <testcase classname="ptolemy.util.test.junit.AutoTests" name="[107] /home/travis/build/icyphy/ptII/ptolemy/actor/lib/test/auto/DelayTime.xml (RunModel)" time="0.013" />
  <testcase classname="ptolemy.util.test.junit.AutoTests" name="[108] /home/travis/build/icyphy/ptII/ptolemy/actor/lib/test/auto/Dictionary1.xml (RunModel)" time="0.014" />
  <testcase classname="ptolemy.util.test.junit.AutoTests" name="[109] /home/travis/build/icyphy/ptII/ptolemy/actor/lib/test/auto/Dictionary2.xml (RunModel)" time="0.012" />
  <testcase classname="ptolemy.util.test.junit.AutoTests" name="[110] /home/travis/build/icyphy/ptII/ptolemy/actor/lib/test/auto/Dictionary3.xml (RunModel)" time="0.012" />
  <testcase classname="ptolemy.util.test.junit.AutoTests" name="[111] /home/travis/build/icyphy/ptII/ptolemy/actor/lib/test/auto/Dictionary4.xml (RunModel)" time="0.015" />
  <testcase classname="ptolemy.util.test.junit.AutoTests" name="[112] /home/travis/build/icyphy/ptII/ptolemy/actor/lib/test/auto/Differential.xml (RunModel)" time="0.01" />
  <testcase classname="ptolemy.util.test.junit.AutoTests" name="[113] /home/travis/build/icyphy/ptII/ptolemy/actor/lib/test/auto/Director.xml (RunModel)" time="0.01" />
  <testcase classname="ptolemy.util.test.junit.AutoTests" name="[114] /home/travis/build/icyphy/ptII/ptolemy/actor/lib/test/auto/DiscreteClock.xml (RunModel)" time="0.008" />
  <testcase classname="ptolemy.util.test.junit.AutoTests" name="[115] /home/travis/build/icyphy/ptII/ptolemy/actor/lib/test/auto/DiscreteClock10.xml (RunModel)" time="0.012" />
  <testcase classname="ptolemy.util.test.junit.AutoTests" name="[116] /home/travis/build/icyphy/ptII/ptolemy/actor/lib/test/auto/DiscreteClock11.xml (RunModel)" time="0.012" />
  <testcase classname="ptolemy.util.test.junit.AutoTests" name="[117] /home/travis/build/icyphy/ptII/ptolemy/actor/lib/test/auto/DiscreteClock12.xml (RunModel)" time="0.012" />
  <testcase classname="ptolemy.util.test.junit.AutoTests" name="[118] /home/travis/build/icyphy/ptII/ptolemy/actor/lib/test/auto/DiscreteClock13.xml (RunModel)" time="0.015" />
  <testcase classname="ptolemy.util.test.junit.AutoTests" name="[119] /home/travis/build/icyphy/ptII/ptolemy/actor/lib/test/auto/DiscreteClock14.xml (RunModel)" time="0.014" />
  <testcase classname="ptolemy.util.test.junit.AutoTests" name="[120] /home/travis/build/icyphy/ptII/ptolemy/actor/lib/test/auto/DiscreteClock15.xml (RunModel)" time="0.015" />
  <testcase classname="ptolemy.util.test.junit.AutoTests" name="[121] /home/travis/build/icyphy/ptII/ptolemy/actor/lib/test/auto/DiscreteClock16.xml (RunModel)" time="0.035" />
  <testcase classname="ptolemy.util.test.junit.AutoTests" name="[122] /home/travis/build/icyphy/ptII/ptolemy/actor/lib/test/auto/DiscreteClock17.xml (RunModel)" time="0.035" />
  <testcase classname="ptolemy.util.test.junit.AutoTests" name="[123] /home/travis/build/icyphy/ptII/ptolemy/actor/lib/test/auto/DiscreteClock18.xml (RunModel)" time="0.697" />
  <testcase classname="ptolemy.util.test.junit.AutoTests" name="[124] /home/travis/build/icyphy/ptII/ptolemy/actor/lib/test/auto/DiscreteClock19.xml (RunModel)" time="0.058" />
  <testcase classname="ptolemy.util.test.junit.AutoTests" name="[125] /home/travis/build/icyphy/ptII/ptolemy/actor/lib/test/auto/DiscreteClock2.xml (RunModel)" time="0.012" />
  <testcase classname="ptolemy.util.test.junit.AutoTests" name="[126] /home/travis/build/icyphy/ptII/ptolemy/actor/lib/test/auto/DiscreteClock20.xml (RunModel)" time="0.014" />
  <testcase classname="ptolemy.util.test.junit.AutoTests" name="[127] /home/travis/build/icyphy/ptII/ptolemy/actor/lib/test/auto/DiscreteClock21.xml (RunModel)" time="0.014" />
  <testcase classname="ptolemy.util.test.junit.AutoTests" name="[128] /home/travis/build/icyphy/ptII/ptolemy/actor/lib/test/auto/DiscreteClock22.xml (RunModel)" time="0.014" />
  <testcase classname="ptolemy.util.test.junit.AutoTests" name="[129] /home/travis/build/icyphy/ptII/ptolemy/actor/lib/test/auto/DiscreteClock23.xml (RunModel)" time="0.015" />
  <testcase classname="ptolemy.util.test.junit.AutoTests" name="[130] /home/travis/build/icyphy/ptII/ptolemy/actor/lib/test/auto/DiscreteClock24.xml (RunModel)" time="0.014" />
  <testcase classname="ptolemy.util.test.junit.AutoTests" name="[131] /home/travis/build/icyphy/ptII/ptolemy/actor/lib/test/auto/DiscreteClock4.xml (RunModel)" time="0.009" />
  <testcase classname="ptolemy.util.test.junit.AutoTests" name="[132] /home/travis/build/icyphy/ptII/ptolemy/actor/lib/test/auto/DiscreteClock5.xml (RunModel)" time="0.008" />
  <testcase classname="ptolemy.util.test.junit.AutoTests" name="[133] /home/travis/build/icyphy/ptII/ptolemy/actor/lib/test/auto/DiscreteClock6.xml (RunModel)" time="0.007" />
  <testcase classname="ptolemy.util.test.junit.AutoTests" name="[134] /home/travis/build/icyphy/ptII/ptolemy/actor/lib/test/auto/DiscreteClock7.xml (RunModel)" time="0.008" />
  <testcase classname="ptolemy.util.test.junit.AutoTests" name="[135] /home/travis/build/icyphy/ptII/ptolemy/actor/lib/test/auto/DiscreteClock8.xml (RunModel)" time="0.009" />
  <testcase classname="ptolemy.util.test.junit.AutoTests" name="[136] /home/travis/build/icyphy/ptII/ptolemy/actor/lib/test/auto/DiscreteClock9.xml (RunModel)" time="0.011" />
  <testcase classname="ptolemy.util.test.junit.AutoTests" name="[137] /home/travis/build/icyphy/ptII/ptolemy/actor/lib/test/auto/DisplayArray.xml (RunModel)" time="0.018" />
  <testcase classname="ptolemy.util.test.junit.AutoTests" name="[138] /home/travis/build/icyphy/ptII/ptolemy/actor/lib/test/auto/Distributor.xml (RunModel)" time="0.012" />
  <testcase classname="ptolemy.util.test.junit.AutoTests" name="[139] /home/travis/build/icyphy/ptII/ptolemy/actor/lib/test/auto/Distributor2.xml (RunModel)" time="0.01" />
  <testcase classname="ptolemy.util.test.junit.AutoTests" name="[140] /home/travis/build/icyphy/ptII/ptolemy/actor/lib/test/auto/DownSample.xml (RunModel)" time="0.011" />
  <testcase classname="ptolemy.util.test.junit.AutoTests" name="[141] /home/travis/build/icyphy/ptII/ptolemy/actor/lib/test/auto/ElectronicUnitBase1.xml (RunModel)" time="0.06" />
  <testcase classname="ptolemy.util.test.junit.AutoTests" name="[142] /home/travis/build/icyphy/ptII/ptolemy/actor/lib/test/auto/ElementsToArray.xml (RunModel)" time="0.015" />
  <testcase classname="ptolemy.util.test.junit.AutoTests" name="[143] /home/travis/build/icyphy/ptII/ptolemy/actor/lib/test/auto/Equals.xml (RunModel)" time="0.017" />
  <testcase classname="ptolemy.util.test.junit.AutoTests" name="[144] /home/travis/build/icyphy/ptII/ptolemy/actor/lib/test/auto/Exec.xml (RunModel)" time="0.022" />
  <testcase classname="ptolemy.util.test.junit.AutoTests" name="[145] /home/travis/build/icyphy/ptII/ptolemy/actor/lib/test/auto/ExecEnvironment.xml (RunModel)" time="0.038" />
  <testcase classname="ptolemy.util.test.junit.AutoTests" name="[146] /home/travis/build/icyphy/ptII/ptolemy/actor/lib/test/auto/ExecNonZeroReturnOutput.xml (RunModel)" time="0.147" />
  <testcase classname="ptolemy.util.test.junit.AutoTests" name="[147] /home/travis/build/icyphy/ptII/ptolemy/actor/lib/test/auto/ExecRunDemos.xml (RunModel)" time="9.284" />
  <testcase classname="ptolemy.util.test.junit.AutoTests" name="[148] /home/travis/build/icyphy/ptII/ptolemy/actor/lib/test/auto/ExecStop.xml (RunModel)" time="5.023" />
  <testcase classname="ptolemy.util.test.junit.AutoTests" name="[149] /home/travis/build/icyphy/ptII/ptolemy/actor/lib/test/auto/ExecutionTimeSDF.xml (RunModel)" time="6.03" />
  <testcase classname="ptolemy.util.test.junit.AutoTests" name="[150] /home/travis/build/icyphy/ptII/ptolemy/actor/lib/test/auto/Expression1.xml (RunModel)" time="0.011" />
  <testcase classname="ptolemy.util.test.junit.AutoTests" name="[151] /home/travis/build/icyphy/ptII/ptolemy/actor/lib/test/auto/Expression10.xml (RunModel)" time="0.016" />
  <testcase classname="ptolemy.util.test.junit.AutoTests" name="[152] /home/travis/build/icyphy/ptII/ptolemy/actor/lib/test/auto/Expression11.xml (RunModel)" time="0.012" />
  <testcase classname="ptolemy.util.test.junit.AutoTests" name="[153] /home/travis/build/icyphy/ptII/ptolemy/actor/lib/test/auto/Expression12.xml (RunModel)" time="0.013" />
  <testcase classname="ptolemy.util.test.junit.AutoTests" name="[154] /home/travis/build/icyphy/ptII/ptolemy/actor/lib/test/auto/Expression13.xml (RunModel)" time="0.013" />
  <testcase classname="ptolemy.util.test.junit.AutoTests" name="[155] /home/travis/build/icyphy/ptII/ptolemy/actor/lib/test/auto/Expression14.xml (RunModel)" time="0.016" />
  <testcase classname="ptolemy.util.test.junit.AutoTests" name="[156] /home/travis/build/icyphy/ptII/ptolemy/actor/lib/test/auto/Expression15.xml (RunModel)" time="0.008" />
  <testcase classname="ptolemy.util.test.junit.AutoTests" name="[157] /home/travis/build/icyphy/ptII/ptolemy/actor/lib/test/auto/Expression16.xml (RunModel)" time="0.011" />
  <testcase classname="ptolemy.util.test.junit.AutoTests" name="[158] /home/travis/build/icyphy/ptII/ptolemy/actor/lib/test/auto/Expression17.xml (RunModel)" time="0.011" />
  <testcase classname="ptolemy.util.test.junit.AutoTests" name="[159] /home/travis/build/icyphy/ptII/ptolemy/actor/lib/test/auto/Expression18.xml (RunModel)" time="0.012" />
  <testcase classname="ptolemy.util.test.junit.AutoTests" name="[160] /home/travis/build/icyphy/ptII/ptolemy/actor/lib/test/auto/Expression2.xml (RunModel)" time="0.012" />
  <testcase classname="ptolemy.util.test.junit.AutoTests" name="[161] /home/travis/build/icyphy/ptII/ptolemy/actor/lib/test/auto/Expression3.xml (RunModel)" time="0.011" />
  <testcase classname="ptolemy.util.test.junit.AutoTests" name="[162] /home/travis/build/icyphy/ptII/ptolemy/actor/lib/test/auto/Expression4.xml (RunModel)" time="0.018" />
  <testcase classname="ptolemy.util.test.junit.AutoTests" name="[163] /home/travis/build/icyphy/ptII/ptolemy/actor/lib/test/auto/Expression5.xml (RunModel)" time="0.01" />
  <testcase classname="ptolemy.util.test.junit.AutoTests" name="[164] /home/travis/build/icyphy/ptII/ptolemy/actor/lib/test/auto/Expression6.xml (RunModel)" time="0.011" />
  <testcase classname="ptolemy.util.test.junit.AutoTests" name="[165] /home/travis/build/icyphy/ptII/ptolemy/actor/lib/test/auto/Expression7.xml (RunModel)" time="0.014" />
  <testcase classname="ptolemy.util.test.junit.AutoTests" name="[166] /home/travis/build/icyphy/ptII/ptolemy/actor/lib/test/auto/Expression8.xml (RunModel)" time="0.009" />
  <testcase classname="ptolemy.util.test.junit.AutoTests" name="[167] /home/travis/build/icyphy/ptII/ptolemy/actor/lib/test/auto/Expression9.xml (RunModel)" time="0.007" />
  <testcase classname="ptolemy.util.test.junit.AutoTests" name="[168] /home/travis/build/icyphy/ptII/ptolemy/actor/lib/test/auto/ExpressionConcatenateArrayType.xml (RunModel)" time="0.022" />
  <testcase classname="ptolemy.util.test.junit.AutoTests" name="[169] /home/travis/build/icyphy/ptII/ptolemy/actor/lib/test/auto/ExpressionConcatenateArrayType2.xml (RunModel)" time="0.014" />
  <testcase classname="ptolemy.util.test.junit.AutoTests" name="[170] /home/travis/build/icyphy/ptII/ptolemy/actor/lib/test/auto/ExpressionFix.xml (RunModel)" time="0.042" />
  <testcase classname="ptolemy.util.test.junit.AutoTests" name="[171] /home/travis/build/icyphy/ptII/ptolemy/actor/lib/test/auto/ExpressionFix2.xml (RunModel)" time="0.008" />
  <testcase classname="ptolemy.util.test.junit.AutoTests" name="[172] /home/travis/build/icyphy/ptII/ptolemy/actor/lib/test/auto/ExpressionFix3.xml (RunModel)" time="0.009" />
  <testcase classname="ptolemy.util.test.junit.AutoTests" name="[173] /home/travis/build/icyphy/ptII/ptolemy/actor/lib/test/auto/FileWriter1.xml (RunModel)" time="0.007" />
  <testcase classname="ptolemy.util.test.junit.AutoTests" name="[174] /home/travis/build/icyphy/ptII/ptolemy/actor/lib/test/auto/FileWriter2.xml (RunModel)" time="0.008" />
  <testcase classname="ptolemy.util.test.junit.AutoTests" name="[175] /home/travis/build/icyphy/ptII/ptolemy/actor/lib/test/auto/FileWriter3.xml (RunModel)" time="0.009" />
  <testcase classname="ptolemy.util.test.junit.AutoTests" name="[176] /home/travis/build/icyphy/ptII/ptolemy/actor/lib/test/auto/Gaussian.xml (RunModel)" time="0.011" />
  <testcase classname="ptolemy.util.test.junit.AutoTests" name="[177] /home/travis/build/icyphy/ptII/ptolemy/actor/lib/test/auto/Gaussian1.xml (RunModel)" time="0.011" />
  <testcase classname="ptolemy.util.test.junit.AutoTests" name="[178] /home/travis/build/icyphy/ptII/ptolemy/actor/lib/test/auto/Gaussian2.xml (RunModel)" time="0.013" />
  <testcase classname="ptolemy.util.test.junit.AutoTests" name="[179] /home/travis/build/icyphy/ptII/ptolemy/actor/lib/test/auto/GradientAdaptiveLattice.xml (RunModel)" time="0.014" />
  <testcase classname="ptolemy.util.test.junit.AutoTests" name="[180] /home/travis/build/icyphy/ptII/ptolemy/actor/lib/test/auto/IIR.xml (RunModel)" time="0.009" />
  <testcase classname="ptolemy.util.test.junit.AutoTests" name="[181] /home/travis/build/icyphy/ptII/ptolemy/actor/lib/test/auto/InputOutputTransparentPorts.xml (RunModel)" time="0.029" />
  <testcase classname="ptolemy.util.test.junit.AutoTests" name="[182] /home/travis/build/icyphy/ptII/ptolemy/actor/lib/test/auto/Interpolator.xml (RunModel)" time="0.014" />
  <testcase classname="ptolemy.util.test.junit.AutoTests" name="[183] /home/travis/build/icyphy/ptII/ptolemy/actor/lib/test/auto/InterpolatorFiringLimitDE.xml (RunModel)" time="0.011" />
  <testcase classname="ptolemy.util.test.junit.AutoTests" name="[184] /home/travis/build/icyphy/ptII/ptolemy/actor/lib/test/auto/Lattice.xml (RunModel)" time="0.026" />
  <testcase classname="ptolemy.util.test.junit.AutoTests" name="[185] /home/travis/build/icyphy/ptII/ptolemy/actor/lib/test/auto/LazyAOCTestLazy.xml (RunModel)" time="0.061" />
  <testcase classname="ptolemy.util.test.junit.AutoTests" name="[186] /home/travis/build/icyphy/ptII/ptolemy/actor/lib/test/auto/LazyAOCTestNonLazy.xml (RunModel)" time="0.05" />
  <testcase classname="ptolemy.util.test.junit.AutoTests" name="[187] /home/travis/build/icyphy/ptII/ptolemy/actor/lib/test/auto/LazyInnerClass.xml (RunModel)" time="0.041" />
  <testcase classname="ptolemy.util.test.junit.AutoTests" name="[188] /home/travis/build/icyphy/ptII/ptolemy/actor/lib/test/auto/LazyPubSub.xml (RunModel)" time="0.033" />
  <testcase classname="ptolemy.util.test.junit.AutoTests" name="[189] /home/travis/build/icyphy/ptII/ptolemy/actor/lib/test/auto/LazyPubSub2.xml (RunModel)" time="0.032" />
  <testcase classname="ptolemy.util.test.junit.AutoTests" name="[190] /home/travis/build/icyphy/ptII/ptolemy/actor/lib/test/auto/LazyPubSub3.xml (RunModel)" time="0.027" />
  <testcase classname="ptolemy.util.test.junit.AutoTests" name="[191] /home/travis/build/icyphy/ptII/ptolemy/actor/lib/test/auto/LazySubClassModel.xml (RunModel)" time="0.02" />
  <testcase classname="ptolemy.util.test.junit.AutoTests" name="[192] /home/travis/build/icyphy/ptII/ptolemy/actor/lib/test/auto/LevelCrossTest1.xml (RunModel)" time="0.01" />
  <testcase classname="ptolemy.util.test.junit.AutoTests" name="[193] /home/travis/build/icyphy/ptII/ptolemy/actor/lib/test/auto/LevelCrossTest10.xml (RunModel)" time="0.016" />
  <testcase classname="ptolemy.util.test.junit.AutoTests" name="[194] /home/travis/build/icyphy/ptII/ptolemy/actor/lib/test/auto/LevelCrossTest11.xml (RunModel)" time="0.012" />
  <testcase classname="ptolemy.util.test.junit.AutoTests" name="[195] /home/travis/build/icyphy/ptII/ptolemy/actor/lib/test/auto/LevelCrossTest12.xml (RunModel)" time="0.013" />
  <testcase classname="ptolemy.util.test.junit.AutoTests" name="[196] /home/travis/build/icyphy/ptII/ptolemy/actor/lib/test/auto/LevelCrossTest13.xml (RunModel)" time="0.012" />
  <testcase classname="ptolemy.util.test.junit.AutoTests" name="[197] /home/travis/build/icyphy/ptII/ptolemy/actor/lib/test/auto/LevelCrossTest2.xml (RunModel)" time="0.01" />
  <testcase classname="ptolemy.util.test.junit.AutoTests" name="[198] /home/travis/build/icyphy/ptII/ptolemy/actor/lib/test/auto/LevelCrossTest3.xml (RunModel)" time="0.011" />
  <testcase classname="ptolemy.util.test.junit.AutoTests" name="[199] /home/travis/build/icyphy/ptII/ptolemy/actor/lib/test/auto/LevelCrossTest4.xml (RunModel)" time="0.009" />
  <testcase classname="ptolemy.util.test.junit.AutoTests" name="[200] /home/travis/build/icyphy/ptII/ptolemy/actor/lib/test/auto/LevelCrossTest5.xml (RunModel)" time="0.012" />
  <testcase classname="ptolemy.util.test.junit.AutoTests" name="[201] /home/travis/build/icyphy/ptII/ptolemy/actor/lib/test/auto/LevelCrossTest6.xml (RunModel)" time="0.019" />
  <testcase classname="ptolemy.util.test.junit.AutoTests" name="[202] /home/travis/build/icyphy/ptII/ptolemy/actor/lib/test/auto/LevelCrossTest7.xml (RunModel)" time="0.022" />
  <testcase classname="ptolemy.util.test.junit.AutoTests" name="[203] /home/travis/build/icyphy/ptII/ptolemy/actor/lib/test/auto/LevelCrossTest8.xml (RunModel)" time="0.018" />
  <testcase classname="ptolemy.util.test.junit.AutoTests" name="[204] /home/travis/build/icyphy/ptII/ptolemy/actor/lib/test/auto/LevelCrossTest9.xml (RunModel)" time="0.016" />
  <testcase classname="ptolemy.util.test.junit.AutoTests" name="[205] /home/travis/build/icyphy/ptII/ptolemy/actor/lib/test/auto/LevinsonDurbin.xml (RunModel)" time="0.011" />
  <testcase classname="ptolemy.util.test.junit.AutoTests" name="[206] /home/travis/build/icyphy/ptII/ptolemy/actor/lib/test/auto/LevinsonDurbin2.xml (RunModel)" time="0.009" />
  <testcase classname="ptolemy.util.test.junit.AutoTests" name="[207] /home/travis/build/icyphy/ptII/ptolemy/actor/lib/test/auto/LevinsonDurbin3.xml (RunModel)" time="0.008" />
  <testcase classname="ptolemy.util.test.junit.AutoTests" name="[208] /home/travis/build/icyphy/ptII/ptolemy/actor/lib/test/auto/Limiter.xml (RunModel)" time="0.04" />
  <testcase classname="ptolemy.util.test.junit.AutoTests" name="[209] /home/travis/build/icyphy/ptII/ptolemy/actor/lib/test/auto/LinearDifferenceEquationSystem.xml (RunModel)" time="0.025" />
  <testcase classname="ptolemy.util.test.junit.AutoTests" name="[210] /home/travis/build/icyphy/ptII/ptolemy/actor/lib/test/auto/LookupTable.xml (RunModel)" time="0.01" />
  <testcase classname="ptolemy.util.test.junit.AutoTests" name="[211] /home/travis/build/icyphy/ptII/ptolemy/actor/lib/test/auto/MathFunction.xml (RunModel)" time="0.017" />
  <testcase classname="ptolemy.util.test.junit.AutoTests" name="[212] /home/travis/build/icyphy/ptII/ptolemy/actor/lib/test/auto/MathFunction2.xml (RunModel)" time="0.017" />
  <testcase classname="ptolemy.util.test.junit.AutoTests" name="[213] /home/travis/build/icyphy/ptII/ptolemy/actor/lib/test/auto/MathFunction3.xml (RunModel)" time="0.026" />
  <testcase classname="ptolemy.util.test.junit.AutoTests" name="[214] /home/travis/build/icyphy/ptII/ptolemy/actor/lib/test/auto/MatrixCropBoolean.xml (RunModel)" time="0.013" />
  <testcase classname="ptolemy.util.test.junit.AutoTests" name="[215] /home/travis/build/icyphy/ptII/ptolemy/actor/lib/test/auto/MatrixCropComplex.xml (RunModel)" time="0.011" />
  <testcase classname="ptolemy.util.test.junit.AutoTests" name="[216] /home/travis/build/icyphy/ptII/ptolemy/actor/lib/test/auto/MatrixCropDouble.xml (RunModel)" time="0.01" />
  <testcase classname="ptolemy.util.test.junit.AutoTests" name="[217] /home/travis/build/icyphy/ptII/ptolemy/actor/lib/test/auto/MatrixCropFix.xml (RunModel)" time="0.013" />
  <testcase classname="ptolemy.util.test.junit.AutoTests" name="[218] /home/travis/build/icyphy/ptII/ptolemy/actor/lib/test/auto/MatrixCropInt.xml (RunModel)" time="0.009" />
  <testcase classname="ptolemy.util.test.junit.AutoTests" name="[219] /home/travis/build/icyphy/ptII/ptolemy/actor/lib/test/auto/MatrixCropLong.xml (RunModel)" time="0.01" />
  <testcase classname="ptolemy.util.test.junit.AutoTests" name="[220] /home/travis/build/icyphy/ptII/ptolemy/actor/lib/test/auto/MatrixToArray.xml (RunModel)" time="0.064" />
  <testcase classname="ptolemy.util.test.junit.AutoTests" name="[221] /home/travis/build/icyphy/ptII/ptolemy/actor/lib/test/auto/MaxIndex.xml (RunModel)" time="0.012" />
  <testcase classname="ptolemy.util.test.junit.AutoTests" name="[222] /home/travis/build/icyphy/ptII/ptolemy/actor/lib/test/auto/Maximum.xml (RunModel)" time="0.012" />
  <testcase classname="ptolemy.util.test.junit.AutoTests" name="[223] /home/travis/build/icyphy/ptII/ptolemy/actor/lib/test/auto/MaximumComplex.xml (RunModel)" time="0.015" />
  <testcase classname="ptolemy.util.test.junit.AutoTests" name="[224] /home/travis/build/icyphy/ptII/ptolemy/actor/lib/test/auto/MethodCallTest.xml (RunModel)" time="0.021" />
  <testcase classname="ptolemy.util.test.junit.AutoTests" name="[225] /home/travis/build/icyphy/ptII/ptolemy/actor/lib/test/auto/Minimum.xml (RunModel)" time="0.014" />
  <testcase classname="ptolemy.util.test.junit.AutoTests" name="[226] /home/travis/build/icyphy/ptII/ptolemy/actor/lib/test/auto/MinimumComplex.xml (RunModel)" time="0.017" />
  <testcase classname="ptolemy.util.test.junit.AutoTests" name="[227] /home/travis/build/icyphy/ptII/ptolemy/actor/lib/test/auto/MinimumMultiports.xml (RunModel)" time="0.024" />
  <testcase classname="ptolemy.util.test.junit.AutoTests" name="[228] /home/travis/build/icyphy/ptII/ptolemy/actor/lib/test/auto/ModifyDate.xml (RunModel)" time="0.04" />
  <testcase classname="ptolemy.util.test.junit.AutoTests" name="[229] /home/travis/build/icyphy/ptII/ptolemy/actor/lib/test/auto/ModifyDate2.xml (RunModel)" time="0.03" />
  <testcase classname="ptolemy.util.test.junit.AutoTests" name="[230] /home/travis/build/icyphy/ptII/ptolemy/actor/lib/test/auto/MovingAverage.xml (RunModel)" time="0.012" />
  <testcase classname="ptolemy.util.test.junit.AutoTests" name="[231] /home/travis/build/icyphy/ptII/ptolemy/actor/lib/test/auto/MovingMaximum.xml (RunModel)" time="0.014" />
  <testcase classname="ptolemy.util.test.junit.AutoTests" name="[232] /home/travis/build/icyphy/ptII/ptolemy/actor/lib/test/auto/MultipleLinksToSameRelation.xml (RunModel)" time="0.007" />
  <testcase classname="ptolemy.util.test.junit.AutoTests" name="[233] /home/travis/build/icyphy/ptII/ptolemy/actor/lib/test/auto/MultipleLinksToSameRelationDE.xml (RunModel)" time="0.009" />
  <testcase classname="ptolemy.util.test.junit.AutoTests" name="[234] /home/travis/build/icyphy/ptII/ptolemy/actor/lib/test/auto/Multiplexor.xml (RunModel)" time="0.01" />
  <testcase classname="ptolemy.util.test.junit.AutoTests" name="[235] /home/travis/build/icyphy/ptII/ptolemy/actor/lib/test/auto/Multiplexor1.xml (RunModel)" time="0.01" />
  <testcase classname="ptolemy.util.test.junit.AutoTests" name="[236] /home/travis/build/icyphy/ptII/ptolemy/actor/lib/test/auto/Multiplexor2.xml (RunModel)" time="0.016" />
  <testcase classname="ptolemy.util.test.junit.AutoTests" name="[237] /home/travis/build/icyphy/ptII/ptolemy/actor/lib/test/auto/Multiplexor3.xml (RunModel)" time="0.008" />
  <testcase classname="ptolemy.util.test.junit.AutoTests" name="[238] /home/travis/build/icyphy/ptII/ptolemy/actor/lib/test/auto/MultiplexorDE.xml (RunModel)" time="0.016" />
  <testcase classname="ptolemy.util.test.junit.AutoTests" name="[239] /home/travis/build/icyphy/ptII/ptolemy/actor/lib/test/auto/MultiportBroadcastTest.xml (RunModel)" time="0.094" />
  <testcase classname="ptolemy.util.test.junit.AutoTests" name="[240] /home/travis/build/icyphy/ptII/ptolemy/actor/lib/test/auto/MultiportOutHangDuringGetWidth.xml (RunModel)" time="0.028" />
  <testcase classname="ptolemy.util.test.junit.AutoTests" name="[241] /home/travis/build/icyphy/ptII/ptolemy/actor/lib/test/auto/NilToken.xml (RunModel)" time="0.007" />
  <testcase classname="ptolemy.util.test.junit.AutoTests" name="[242] /home/travis/build/icyphy/ptII/ptolemy/actor/lib/test/auto/NilTokenNonStrictTest.xml (RunModel)" time="0.01" />
  <testcase classname="ptolemy.util.test.junit.AutoTests" name="[243] /home/travis/build/icyphy/ptII/ptolemy/actor/lib/test/auto/NilTokenRecord.xml (RunModel)" time="0.017" />
  <testcase classname="ptolemy.util.test.junit.AutoTests" name="[244] /home/travis/build/icyphy/ptII/ptolemy/actor/lib/test/auto/NilTokenTypeTest.xml (RunModel)" time="0.023" />
  <testcase classname="ptolemy.util.test.junit.AutoTests" name="[245] /home/travis/build/icyphy/ptII/ptolemy/actor/lib/test/auto/ObjectToken1.xml (RunModel)" time="0.007" />
  <testcase classname="ptolemy.util.test.junit.AutoTests" name="[246] /home/travis/build/icyphy/ptII/ptolemy/actor/lib/test/auto/OrderedMerge.xml (RunModel)" time="0.011" />
  <testcase classname="ptolemy.util.test.junit.AutoTests" name="[247] /home/travis/build/icyphy/ptII/ptolemy/actor/lib/test/auto/OrderedRecordDisassembler.xml (RunModel)" time="0.011" />
  <testcase classname="ptolemy.util.test.junit.AutoTests" name="[248] /home/travis/build/icyphy/ptII/ptolemy/actor/lib/test/auto/OrderedRecordDisassembler2.xml (RunModel)" time="0.016" />
  <testcase classname="ptolemy.util.test.junit.AutoTests" name="[249] /home/travis/build/icyphy/ptII/ptolemy/actor/lib/test/auto/OrderedRecordUpdater.xml (RunModel)" time="0.008" />
  <testcase classname="ptolemy.util.test.junit.AutoTests" name="[250] /home/travis/build/icyphy/ptII/ptolemy/actor/lib/test/auto/OrderedRecordUpdater2.xml (RunModel)" time="0.009" />
  <testcase classname="ptolemy.util.test.junit.AutoTests" name="[251] /home/travis/build/icyphy/ptII/ptolemy/actor/lib/test/auto/PhaseUnwrap.xml (RunModel)" time="0.013" />
  <testcase classname="ptolemy.util.test.junit.AutoTests" name="[252] /home/travis/build/icyphy/ptII/ptolemy/actor/lib/test/auto/PoissonClock.xml (RunModel)" time="0.008" />
  <testcase classname="ptolemy.util.test.junit.AutoTests" name="[253] /home/travis/build/icyphy/ptII/ptolemy/actor/lib/test/auto/PoissonClock2.xml (RunModel)" time="0.008" />
  <testcase classname="ptolemy.util.test.junit.AutoTests" name="[254] /home/travis/build/icyphy/ptII/ptolemy/actor/lib/test/auto/PoissonClock3.xml (RunModel)" time="0.008" />
  <testcase classname="ptolemy.util.test.junit.AutoTests" name="[255] /home/travis/build/icyphy/ptII/ptolemy/actor/lib/test/auto/PubSubWithInitialTokens.xml (RunModel)" time="0.01" />
  <testcase classname="ptolemy.util.test.junit.AutoTests" name="[256] /home/travis/build/icyphy/ptII/ptolemy/actor/lib/test/auto/PubSubWithInitialTokens2.xml (RunModel)" time="0.01" />
  <testcase classname="ptolemy.util.test.junit.AutoTests" name="[257] /home/travis/build/icyphy/ptII/ptolemy/actor/lib/test/auto/PublisherClassNoParameter.xml (RunModel)" time="0.019" />
  <testcase classname="ptolemy.util.test.junit.AutoTests" name="[258] /home/travis/build/icyphy/ptII/ptolemy/actor/lib/test/auto/PublisherClassParameter.xml (RunModel)" time="0.019" />
  <testcase classname="ptolemy.util.test.junit.AutoTests" name="[259] /home/travis/build/icyphy/ptII/ptolemy/actor/lib/test/auto/PublisherNonStrictTest.xml (RunModel)" time="0.014" />
  <testcase classname="ptolemy.util.test.junit.AutoTests" name="[260] /home/travis/build/icyphy/ptII/ptolemy/actor/lib/test/auto/PublisherPort1.xml (RunModel)" time="0.01" />
  <testcase classname="ptolemy.util.test.junit.AutoTests" name="[261] /home/travis/build/icyphy/ptII/ptolemy/actor/lib/test/auto/PublisherPort2.xml (RunModel)" time="0.007" />
  <testcase classname="ptolemy.util.test.junit.AutoTests" name="[262] /home/travis/build/icyphy/ptII/ptolemy/actor/lib/test/auto/PublisherPort3.xml (RunModel)" time="0.011" />
  <testcase classname="ptolemy.util.test.junit.AutoTests" name="[263] /home/travis/build/icyphy/ptII/ptolemy/actor/lib/test/auto/PublisherPort4.xml (RunModel)" time="0.01" />
  <testcase classname="ptolemy.util.test.junit.AutoTests" name="[264] /home/travis/build/icyphy/ptII/ptolemy/actor/lib/test/auto/PublisherPort5.xml (RunModel)" time="0.013" />
  <testcase classname="ptolemy.util.test.junit.AutoTests" name="[265] /home/travis/build/icyphy/ptII/ptolemy/actor/lib/test/auto/PublisherPort5LookAlike.xml (RunModel)" time="0.013" />
  <testcase classname="ptolemy.util.test.junit.AutoTests" name="[266] /home/travis/build/icyphy/ptII/ptolemy/actor/lib/test/auto/PublisherPort6.xml (RunModel)" time="0.012" />
  <testcase classname="ptolemy.util.test.junit.AutoTests" name="[267] /home/travis/build/icyphy/ptII/ptolemy/actor/lib/test/auto/PublisherPort7.xml (RunModel)" time="0.013" />
  <testcase classname="ptolemy.util.test.junit.AutoTests" name="[268] /home/travis/build/icyphy/ptII/ptolemy/actor/lib/test/auto/PublisherPort8.xml (RunModel)" time="0.016" />
  <testcase classname="ptolemy.util.test.junit.AutoTests" name="[269] /home/travis/build/icyphy/ptII/ptolemy/actor/lib/test/auto/PublisherPortSubscriberChannelVariablesAOC2.xml (RunModel)" time="0.03" />
  <testcase classname="ptolemy.util.test.junit.AutoTests" name="[270] /home/travis/build/icyphy/ptII/ptolemy/actor/lib/test/auto/PublisherPortSubscriberOpaqueWidthInference.xml (RunModel)" time="0.014" />
  <testcase classname="ptolemy.util.test.junit.AutoTests" name="[271] /home/travis/build/icyphy/ptII/ptolemy/actor/lib/test/auto/PublisherPortSubscriberPortAdjacent.xml (RunModel)" time="0.017" />
  <testcase classname="ptolemy.util.test.junit.AutoTests" name="[272] /home/travis/build/icyphy/ptII/ptolemy/actor/lib/test/auto/PublisherPortSubscriberPortExpression.xml (RunModel)" time="0.014" />
  <testcase classname="ptolemy.util.test.junit.AutoTests" name="[273] /home/travis/build/icyphy/ptII/ptolemy/actor/lib/test/auto/PublisherPortSubscriberPortOpaqueD3Reverse.xml (RunModel)" time="0.017" />
  <testcase classname="ptolemy.util.test.junit.AutoTests" name="[274] /home/travis/build/icyphy/ptII/ptolemy/actor/lib/test/auto/PublisherPortSubscriberPortOpaqueWidthInference.xml (RunModel)" time="0.013" />
  <testcase classname="ptolemy.util.test.junit.AutoTests" name="[275] /home/travis/build/icyphy/ptII/ptolemy/actor/lib/test/auto/PublisherPortToplevelSubscriberPortAOC.xml (RunModel)" time="0.009" />
  <testcase classname="ptolemy.util.test.junit.AutoTests" name="[276] /home/travis/build/icyphy/ptII/ptolemy/actor/lib/test/auto/PublisherSubscriber.xml (RunModel)" time="0.012" />
  <testcase classname="ptolemy.util.test.junit.AutoTests" name="[277] /home/travis/build/icyphy/ptII/ptolemy/actor/lib/test/auto/PublisherSubscriber10.xml (RunModel)" time="0.019" />
  <testcase classname="ptolemy.util.test.junit.AutoTests" name="[278] /home/travis/build/icyphy/ptII/ptolemy/actor/lib/test/auto/PublisherSubscriber10InitialOutputs.xml (RunModel)" time="0.018" />
  <testcase classname="ptolemy.util.test.junit.AutoTests" name="[279] /home/travis/build/icyphy/ptII/ptolemy/actor/lib/test/auto/PublisherSubscriber11.xml (RunModel)" time="0.011" />
  <testcase classname="ptolemy.util.test.junit.AutoTests" name="[280] /home/travis/build/icyphy/ptII/ptolemy/actor/lib/test/auto/PublisherSubscriber12.xml (RunModel)" time="0.011" />
  <testcase classname="ptolemy.util.test.junit.AutoTests" name="[281] /home/travis/build/icyphy/ptII/ptolemy/actor/lib/test/auto/PublisherSubscriber13.xml (RunModel)" time="0.01" />
  <testcase classname="ptolemy.util.test.junit.AutoTests" name="[282] /home/travis/build/icyphy/ptII/ptolemy/actor/lib/test/auto/PublisherSubscriber14.xml (RunModel)" time="0.021" />
  <testcase classname="ptolemy.util.test.junit.AutoTests" name="[283] /home/travis/build/icyphy/ptII/ptolemy/actor/lib/test/auto/PublisherSubscriber2.xml (RunModel)" time="0.01" />
  <testcase classname="ptolemy.util.test.junit.AutoTests" name="[284] /home/travis/build/icyphy/ptII/ptolemy/actor/lib/test/auto/PublisherSubscriber3.xml (RunModel)" time="0.009" />
  <testcase classname="ptolemy.util.test.junit.AutoTests" name="[285] /home/travis/build/icyphy/ptII/ptolemy/actor/lib/test/auto/PublisherSubscriber4.xml (RunModel)" time="0.008" />
  <testcase classname="ptolemy.util.test.junit.AutoTests" name="[286] /home/travis/build/icyphy/ptII/ptolemy/actor/lib/test/auto/PublisherSubscriber5.xml (RunModel)" time="0.013" />
  <testcase classname="ptolemy.util.test.junit.AutoTests" name="[287] /home/travis/build/icyphy/ptII/ptolemy/actor/lib/test/auto/PublisherSubscriber6.xml (RunModel)" time="0.011" />
  <testcase classname="ptolemy.util.test.junit.AutoTests" name="[288] /home/travis/build/icyphy/ptII/ptolemy/actor/lib/test/auto/PublisherSubscriber7.xml (RunModel)" time="0.014" />
  <testcase classname="ptolemy.util.test.junit.AutoTests" name="[289] /home/travis/build/icyphy/ptII/ptolemy/actor/lib/test/auto/PublisherSubscriber8.xml (RunModel)" time="0.041" />
  <testcase classname="ptolemy.util.test.junit.AutoTests" name="[290] /home/travis/build/icyphy/ptII/ptolemy/actor/lib/test/auto/PublisherSubscriber9.xml (RunModel)" time="0.019" />
  <testcase classname="ptolemy.util.test.junit.AutoTests" name="[291] /home/travis/build/icyphy/ptII/ptolemy/actor/lib/test/auto/PublisherSubscriberAdjacent.xml (RunModel)" time="0.022" />
  <testcase classname="ptolemy.util.test.junit.AutoTests" name="[292] /home/travis/build/icyphy/ptII/ptolemy/actor/lib/test/auto/PublisherSubscriberChannelVariablesAOC2.xml (RunModel)" time="0.024" />
  <testcase classname="ptolemy.util.test.junit.AutoTests" name="[293] /home/travis/build/icyphy/ptII/ptolemy/actor/lib/test/auto/PublisherSubscriberD3.xml (RunModel)" time="0.011" />
  <testcase classname="ptolemy.util.test.junit.AutoTests" name="[294] /home/travis/build/icyphy/ptII/ptolemy/actor/lib/test/auto/PublisherSubscriberD3Reverse.xml (RunModel)" time="0.01" />
  <testcase classname="ptolemy.util.test.junit.AutoTests" name="[295] /home/travis/build/icyphy/ptII/ptolemy/actor/lib/test/auto/PublisherSubscriberExpression.xml (RunModel)" time="0.015" />
  <testcase classname="ptolemy.util.test.junit.AutoTests" name="[296] /home/travis/build/icyphy/ptII/ptolemy/actor/lib/test/auto/PublisherSubscriberOpaque.xml (RunModel)" time="0.014" />
  <testcase classname="ptolemy.util.test.junit.AutoTests" name="[297] /home/travis/build/icyphy/ptII/ptolemy/actor/lib/test/auto/PublisherSubscriberOpaqueD3.xml (RunModel)" time="0.021" />
  <testcase classname="ptolemy.util.test.junit.AutoTests" name="[298] /home/travis/build/icyphy/ptII/ptolemy/actor/lib/test/auto/PublisherSubscriberOpaqueD3Reverse.xml (RunModel)" time="0.023" />
  <testcase classname="ptolemy.util.test.junit.AutoTests" name="[299] /home/travis/build/icyphy/ptII/ptolemy/actor/lib/test/auto/PublisherSubscriberOpaqueWidthInference.xml (RunModel)" time="0.015" />
  <testcase classname="ptolemy.util.test.junit.AutoTests" name="[300] /home/travis/build/icyphy/ptII/ptolemy/actor/lib/test/auto/PublisherTestSubscriber.xml (RunModel)" time="0.013" />
  <testcase classname="ptolemy.util.test.junit.AutoTests" name="[301] /home/travis/build/icyphy/ptII/ptolemy/actor/lib/test/auto/PublisherToplevelSubscriberPortAOC.xml (RunModel)" time="0.014" />
  <testcase classname="ptolemy.util.test.junit.AutoTests" name="[302] /home/travis/build/icyphy/ptII/ptolemy/actor/lib/test/auto/PulseFiringLimitDE.xml (RunModel)" time="0.014" />
  <testcase classname="ptolemy.util.test.junit.AutoTests" name="[303] /home/travis/build/icyphy/ptII/ptolemy/actor/lib/test/auto/Ramp1.xml (RunModel)" time="0.007" />
  <testcase classname="ptolemy.util.test.junit.AutoTests" name="[304] /home/travis/build/icyphy/ptII/ptolemy/actor/lib/test/auto/RampFiringLimitDE.xml (RunModel)" time="0.01" />
  <testcase classname="ptolemy.util.test.junit.AutoTests" name="[305] /home/travis/build/icyphy/ptII/ptolemy/actor/lib/test/auto/RampFiringLimitSDF.xml (RunModel)" time="0.01" />
  <testcase classname="ptolemy.util.test.junit.AutoTests" name="[306] /home/travis/build/icyphy/ptII/ptolemy/actor/lib/test/auto/RandomInteger.xml (RunModel)" time="0.008" />
  <testcase classname="ptolemy.util.test.junit.AutoTests" name="[307] /home/travis/build/icyphy/ptII/ptolemy/actor/lib/test/auto/ReadFile1.xml (RunModel)" time="0.008" />
  <testcase classname="ptolemy.util.test.junit.AutoTests" name="[308] /home/travis/build/icyphy/ptII/ptolemy/actor/lib/test/auto/ReadFile2.xml (RunModel)" time="0.006" />
  <testcase classname="ptolemy.util.test.junit.AutoTests" name="[309] /home/travis/build/icyphy/ptII/ptolemy/actor/lib/test/auto/Reader.xml (RunModel)" time="0.015" />
  <testcase classname="ptolemy.util.test.junit.AutoTests" name="[310] /home/travis/build/icyphy/ptII/ptolemy/actor/lib/test/auto/RecordAssemblerDisplayNameTest.xml (RunModel)" time="3.017" />
  <testcase classname="ptolemy.util.test.junit.AutoTests" name="[311] /home/travis/build/icyphy/ptII/ptolemy/actor/lib/test/auto/RecordAssemblerTypeError.xml (RunModel)" time="0.025" />
  <testcase classname="ptolemy.util.test.junit.AutoTests" name="[312] /home/travis/build/icyphy/ptII/ptolemy/actor/lib/test/auto/RecordDisassember.xml (RunModel)" time="0.012" />
  <testcase classname="ptolemy.util.test.junit.AutoTests" name="[313] /home/travis/build/icyphy/ptII/ptolemy/actor/lib/test/auto/RecordDisassemberDisplayNameTest.xml (RunModel)" time="0.015" />
  <testcase classname="ptolemy.util.test.junit.AutoTests" name="[314] /home/travis/build/icyphy/ptII/ptolemy/actor/lib/test/auto/RecordDisassembler.xml (RunModel)" time="0.007" />
  <testcase classname="ptolemy.util.test.junit.AutoTests" name="[315] /home/travis/build/icyphy/ptII/ptolemy/actor/lib/test/auto/RecordDisassembler2.xml (RunModel)" time="0.008" />
  <testcase classname="ptolemy.util.test.junit.AutoTests" name="[316] /home/travis/build/icyphy/ptII/ptolemy/actor/lib/test/auto/RecordUpdater.xml (RunModel)" time="0.007" />
  <testcase classname="ptolemy.util.test.junit.AutoTests" name="[317] /home/travis/build/icyphy/ptII/ptolemy/actor/lib/test/auto/RecordUpdater2.xml (RunModel)" time="0.007" />
  <testcase classname="ptolemy.util.test.junit.AutoTests" name="[318] /home/travis/build/icyphy/ptII/ptolemy/actor/lib/test/auto/RecursiveLattice.xml (RunModel)" time="0.006" />
  <testcase classname="ptolemy.util.test.junit.AutoTests" name="[319] /home/travis/build/icyphy/ptII/ptolemy/actor/lib/test/auto/Router.xml (RunModel)" time="3.02" />
  <testcase classname="ptolemy.util.test.junit.AutoTests" name="[320] /home/travis/build/icyphy/ptII/ptolemy/actor/lib/test/auto/Router2.xml (RunModel)" time="3.019" />
  <testcase classname="ptolemy.util.test.junit.AutoTests" name="[321] /home/travis/build/icyphy/ptII/ptolemy/actor/lib/test/auto/RunningMaximum.xml (RunModel)" time="0.009" />
  <testcase classname="ptolemy.util.test.junit.AutoTests" name="[322] /home/travis/build/icyphy/ptII/ptolemy/actor/lib/test/auto/RunningMinimum.xml (RunModel)" time="0.011" />
  <testcase classname="ptolemy.util.test.junit.AutoTests" name="[323] /home/travis/build/icyphy/ptII/ptolemy/actor/lib/test/auto/Scale.xml (RunModel)" time="0.007" />
  <testcase classname="ptolemy.util.test.junit.AutoTests" name="[324] /home/travis/build/icyphy/ptII/ptolemy/actor/lib/test/auto/Scale2.xml (RunModel)" time="0.009" />
  <testcase classname="ptolemy.util.test.junit.AutoTests" name="[325] /home/travis/build/icyphy/ptII/ptolemy/actor/lib/test/auto/Scale3.xml (RunModel)" time="0.012" />
  <testcase classname="ptolemy.util.test.junit.AutoTests" name="[326] /home/travis/build/icyphy/ptII/ptolemy/actor/lib/test/auto/ScaleArray.xml (RunModel)" time="0.007" />
  <testcase classname="ptolemy.util.test.junit.AutoTests" name="[327] /home/travis/build/icyphy/ptII/ptolemy/actor/lib/test/auto/ScaleArray2.xml (RunModel)" time="0.007" />
  <testcase classname="ptolemy.util.test.junit.AutoTests" name="[328] /home/travis/build/icyphy/ptII/ptolemy/actor/lib/test/auto/ScaleMatrix.xml (RunModel)" time="0.101" />
  <testcase classname="ptolemy.util.test.junit.AutoTests" name="[329] /home/travis/build/icyphy/ptII/ptolemy/actor/lib/test/auto/Select.xml (RunModel)" time="0.013" />
  <testcase classname="ptolemy.util.test.junit.AutoTests" name="[330] /home/travis/build/icyphy/ptII/ptolemy/actor/lib/test/auto/Select2.xml (RunModel)" time="0.007" />
  <testcase classname="ptolemy.util.test.junit.AutoTests" name="[331] /home/travis/build/icyphy/ptII/ptolemy/actor/lib/test/auto/SequenceToArray2.xml (RunModel)" time="0.126" />
  <testcase classname="ptolemy.util.test.junit.AutoTests" name="[332] /home/travis/build/icyphy/ptII/ptolemy/actor/lib/test/auto/SequentialClock.xml (RunModel)" time="0.007" />
  <testcase classname="ptolemy.util.test.junit.AutoTests" name="[333] /home/travis/build/icyphy/ptII/ptolemy/actor/lib/test/auto/SetVariable.xml (RunModel)" time="0.013" />
  <testcase classname="ptolemy.util.test.junit.AutoTests" name="[334] /home/travis/build/icyphy/ptII/ptolemy/actor/lib/test/auto/SetVariable2.xml (RunModel)" time="0.011" />
  <testcase classname="ptolemy.util.test.junit.AutoTests" name="[335] /home/travis/build/icyphy/ptII/ptolemy/actor/lib/test/auto/SetVariable3.xml (RunModel)" time="0.017" />
  <testcase classname="ptolemy.util.test.junit.AutoTests" name="[336] /home/travis/build/icyphy/ptII/ptolemy/actor/lib/test/auto/SetVariable4.xml (RunModel)" time="0.032" />
  <testcase classname="ptolemy.util.test.junit.AutoTests" name="[337] /home/travis/build/icyphy/ptII/ptolemy/actor/lib/test/auto/SetVariable5.xml (RunModel)" time="0.026" />
  <testcase classname="ptolemy.util.test.junit.AutoTests" name="[338] /home/travis/build/icyphy/ptII/ptolemy/actor/lib/test/auto/Sinewave.xml (RunModel)" time="0.025" />
  <testcase classname="ptolemy.util.test.junit.AutoTests" name="[339] /home/travis/build/icyphy/ptII/ptolemy/actor/lib/test/auto/Sinewave2.xml (RunModel)" time="0.013" />
  <testcase classname="ptolemy.util.test.junit.AutoTests" name="[340] /home/travis/build/icyphy/ptII/ptolemy/actor/lib/test/auto/Sinewave3.xml (RunModel)" time="0.016" />
  <testcase classname="ptolemy.util.test.junit.AutoTests" name="[341] /home/travis/build/icyphy/ptII/ptolemy/actor/lib/test/auto/SingleEvent.xml (RunModel)" time="0.008" />
  <testcase classname="ptolemy.util.test.junit.AutoTests" name="[342] /home/travis/build/icyphy/ptII/ptolemy/actor/lib/test/auto/Sleep.xml (RunModel)" time="6.013" />
  <testcase classname="ptolemy.util.test.junit.AutoTests" name="[343] /home/travis/build/icyphy/ptII/ptolemy/actor/lib/test/auto/SleepMultipleFire.xml (RunModel)" time="1.016" />
  <testcase classname="ptolemy.util.test.junit.AutoTests" name="[344] /home/travis/build/icyphy/ptII/ptolemy/actor/lib/test/auto/StopDE.xml (RunModel)" time="0.012" />
  <testcase classname="ptolemy.util.test.junit.AutoTests" name="[345] /home/travis/build/icyphy/ptII/ptolemy/actor/lib/test/auto/StopSDF.xml (RunModel)" time="0.012" />
  <testcase classname="ptolemy.util.test.junit.AutoTests" name="[346] /home/travis/build/icyphy/ptII/ptolemy/actor/lib/test/auto/StringConstant.xml (RunModel)" time="0.009" />
  <testcase classname="ptolemy.util.test.junit.AutoTests" name="[347] /home/travis/build/icyphy/ptII/ptolemy/actor/lib/test/auto/SubscriberPortInitialValues1.xml (RunModel)" time="0.017" />
  <testcase classname="ptolemy.util.test.junit.AutoTests" name="[348] /home/travis/build/icyphy/ptII/ptolemy/actor/lib/test/auto/SubscriberPortInitialValues13.xml (RunModel)" time="0.022" />
  <testcase classname="ptolemy.util.test.junit.AutoTests" name="[349] /home/travis/build/icyphy/ptII/ptolemy/actor/lib/test/auto/SubscriberPortInitialValues14.xml (RunModel)" time="0.015" />
  <testcase classname="ptolemy.util.test.junit.AutoTests" name="[350] /home/travis/build/icyphy/ptII/ptolemy/actor/lib/test/auto/SubscriberPortInitialValues2.xml (RunModel)" time="0.014" />
  <testcase classname="ptolemy.util.test.junit.AutoTests" name="[351] /home/travis/build/icyphy/ptII/ptolemy/actor/lib/test/auto/SubscriberPortInitialValues3.xml (RunModel)" time="0.021" />
  <testcase classname="ptolemy.util.test.junit.AutoTests" name="[352] /home/travis/build/icyphy/ptII/ptolemy/actor/lib/test/auto/SubscriptionAggregator.xml (RunModel)" time="0.012" />
  <testcase classname="ptolemy.util.test.junit.AutoTests" name="[353] /home/travis/build/icyphy/ptII/ptolemy/actor/lib/test/auto/SubscriptionAggregator2.xml (RunModel)" time="0.012" />
  <testcase classname="ptolemy.util.test.junit.AutoTests" name="[354] /home/travis/build/icyphy/ptII/ptolemy/actor/lib/test/auto/SubscriptionAggregator3.xml (RunModel)" time="0.015" />
  <testcase classname="ptolemy.util.test.junit.AutoTests" name="[355] /home/travis/build/icyphy/ptII/ptolemy/actor/lib/test/auto/SubscriptionAggregatorMultiply.xml (RunModel)" time="0.015" />
  <testcase classname="ptolemy.util.test.junit.AutoTests" name="[356] /home/travis/build/icyphy/ptII/ptolemy/actor/lib/test/auto/SubscriptionAggregatorPortMultiply1.xml (RunModel)" time="0.013" />
  <testcase classname="ptolemy.util.test.junit.AutoTests" name="[357] /home/travis/build/icyphy/ptII/ptolemy/actor/lib/test/auto/Switch.xml (RunModel)" time="0.014" />
  <testcase classname="ptolemy.util.test.junit.AutoTests" name="[358] /home/travis/build/icyphy/ptII/ptolemy/actor/lib/test/auto/Switch2.xml (RunModel)" time="0.011" />
  <testcase classname="ptolemy.util.test.junit.AutoTests" name="[359] /home/travis/build/icyphy/ptII/ptolemy/actor/lib/test/auto/SwitchDE.xml (RunModel)" time="0.015" />
  <testcase classname="ptolemy.util.test.junit.AutoTests" name="[360] /home/travis/build/icyphy/ptII/ptolemy/actor/lib/test/auto/SynchronizerDE.xml (RunModel)" time="0.023" />
  <testcase classname="ptolemy.util.test.junit.AutoTests" name="[361] /home/travis/build/icyphy/ptII/ptolemy/actor/lib/test/auto/Test.xml (RunModel)" time="0.016" />
  <testcase classname="ptolemy.util.test.junit.AutoTests" name="[362] /home/travis/build/icyphy/ptII/ptolemy/actor/lib/test/auto/TestExceptionAttribute1.xml (RunModel)" time="0.009" />
  <testcase classname="ptolemy.util.test.junit.AutoTests" name="[363] /home/travis/build/icyphy/ptII/ptolemy/actor/lib/test/auto/TestExceptionAttribute2.xml (RunModel)" time="0.006" />
  <testcase classname="ptolemy.util.test.junit.AutoTests" name="[364] /home/travis/build/icyphy/ptII/ptolemy/actor/lib/test/auto/TestExceptionAttribute3.xml (RunModel)" time="0.006" />
  <testcase classname="ptolemy.util.test.junit.AutoTests" name="[365] /home/travis/build/icyphy/ptII/ptolemy/actor/lib/test/auto/TestExceptionAttribute4.xml (RunModel)" time="0.008" />
  <testcase classname="ptolemy.util.test.junit.AutoTests" name="[366] /home/travis/build/icyphy/ptII/ptolemy/actor/lib/test/auto/TestExceptionHandler1.xml (RunModel)" time="0.007" />
  <testcase classname="ptolemy.util.test.junit.AutoTests" name="[367] /home/travis/build/icyphy/ptII/ptolemy/actor/lib/test/auto/TestExceptionHandler2.xml (RunModel)" time="0.006" />
  <testcase classname="ptolemy.util.test.junit.AutoTests" name="[368] /home/travis/build/icyphy/ptII/ptolemy/actor/lib/test/auto/TestExceptionHandler3.xml (RunModel)" time="0.006" />
  <testcase classname="ptolemy.util.test.junit.AutoTests" name="[369] /home/travis/build/icyphy/ptII/ptolemy/actor/lib/test/auto/TestExceptionHandler4.xml (RunModel)" time="0.007" />
  <testcase classname="ptolemy.util.test.junit.AutoTests" name="[370] /home/travis/build/icyphy/ptII/ptolemy/actor/lib/test/auto/TestRequireCorrectOrder.xml (RunModel)" time="0.011" />
  <testcase classname="ptolemy.util.test.junit.AutoTests" name="[371] /home/travis/build/icyphy/ptII/ptolemy/actor/lib/test/auto/TestSimple.xml (RunModel)" time="0.006" />
  <testcase classname="ptolemy.util.test.junit.AutoTests" name="[372] /home/travis/build/icyphy/ptII/ptolemy/actor/lib/test/auto/ThrowModelError.xml (RunModel)" time="0.01" />
  <testcase classname="ptolemy.util.test.junit.AutoTests" name="[373] /home/travis/build/icyphy/ptII/ptolemy/actor/lib/test/auto/TimeDelayMicrosteps.xml (RunModel)" time="0.013" />
  <testcase classname="ptolemy.util.test.junit.AutoTests" name="[374] /home/travis/build/icyphy/ptII/ptolemy/actor/lib/test/auto/TimeDelayMicrosteps2.xml (RunModel)" time="0.014" />
  <testcase classname="ptolemy.util.test.junit.AutoTests" name="[375] /home/travis/build/icyphy/ptII/ptolemy/actor/lib/test/auto/TimeDelayMicrosteps3.xml (RunModel)" time="0.013" />
  <testcase classname="ptolemy.util.test.junit.AutoTests" name="[376] /home/travis/build/icyphy/ptII/ptolemy/actor/lib/test/auto/TimeDelayVariableMicrosteps.xml (RunModel)" time="0.012" />
  <testcase classname="ptolemy.util.test.junit.AutoTests" name="[377] /home/travis/build/icyphy/ptII/ptolemy/actor/lib/test/auto/TimeGap.xml (RunModel)" time="0.012" />
  <testcase classname="ptolemy.util.test.junit.AutoTests" name="[378] /home/travis/build/icyphy/ptII/ptolemy/actor/lib/test/auto/TimeGap2.xml (RunModel)" time="0.01" />
  <testcase classname="ptolemy.util.test.junit.AutoTests" name="[379] /home/travis/build/icyphy/ptII/ptolemy/actor/lib/test/auto/TimedSinewave.xml (RunModel)" time="0.038" />
  <testcase classname="ptolemy.util.test.junit.AutoTests" name="[380] /home/travis/build/icyphy/ptII/ptolemy/actor/lib/test/auto/TimedSinewavePhase.xml (RunModel)" time="0.053" />
  <testcase classname="ptolemy.util.test.junit.AutoTests" name="[381] /home/travis/build/icyphy/ptII/ptolemy/actor/lib/test/auto/Timer.xml (RunModel)" time="0.011" />
  <testcase classname="ptolemy.util.test.junit.AutoTests" name="[382] /home/travis/build/icyphy/ptII/ptolemy/actor/lib/test/auto/TriangularDistTestModel.xml (RunModel)" time="0.014" />
  <testcase classname="ptolemy.util.test.junit.AutoTests" name="[383] /home/travis/build/icyphy/ptII/ptolemy/actor/lib/test/auto/TrigFunction.xml (RunModel)" time="0.01" />
  <testcase classname="ptolemy.util.test.junit.AutoTests" name="[384] /home/travis/build/icyphy/ptII/ptolemy/actor/lib/test/auto/TrigFunctionDE.xml (RunModel)" time="0.011" />
  <testcase classname="ptolemy.util.test.junit.AutoTests" name="[385] /home/travis/build/icyphy/ptII/ptolemy/actor/lib/test/auto/TrigFunctionInverse.xml (RunModel)" time="0.01" />
  <testcase classname="ptolemy.util.test.junit.AutoTests" name="[386] /home/travis/build/icyphy/ptII/ptolemy/actor/lib/test/auto/TrigFunctionTan.xml (RunModel)" time="0.007" />
  <testcase classname="ptolemy.util.test.junit.AutoTests" name="[387] /home/travis/build/icyphy/ptII/ptolemy/actor/lib/test/auto/TriggeredClock.xml (RunModel)" time="0.008" />
  <testcase classname="ptolemy.util.test.junit.AutoTests" name="[388] /home/travis/build/icyphy/ptII/ptolemy/actor/lib/test/auto/URLDirectoryReader.xml (RunModel)" time="0.089" />
  <testcase classname="ptolemy.util.test.junit.AutoTests" name="[389] /home/travis/build/icyphy/ptII/ptolemy/actor/lib/test/auto/URLDirectoryReader3.xml (RunModel)" time="1.305" />
  <testcase classname="ptolemy.util.test.junit.AutoTests" name="[390] /home/travis/build/icyphy/ptII/ptolemy/actor/lib/test/auto/UnaryMathFunction.xml (RunModel)" time="0.057" />
  <testcase classname="ptolemy.util.test.junit.AutoTests" name="[391] /home/travis/build/icyphy/ptII/ptolemy/actor/lib/test/auto/Uniform.xml (RunModel)" time="0.044" />
  <testcase classname="ptolemy.util.test.junit.AutoTests" name="[392] /home/travis/build/icyphy/ptII/ptolemy/actor/lib/test/auto/UnionDisassemblerTest.xml (RunModel)" time="0.024" />
  <testcase classname="ptolemy.util.test.junit.AutoTests" name="[393] /home/travis/build/icyphy/ptII/ptolemy/actor/lib/test/auto/UtilityFunctions.xml (RunModel)" time="0.033" />
  <testcase classname="ptolemy.util.test.junit.AutoTests" name="[394] /home/travis/build/icyphy/ptII/ptolemy/actor/lib/test/auto/VariableSleep.xml (RunModel)" time="0.542" />
  <testcase classname="ptolemy.util.test.junit.AutoTests" name="[395] /home/travis/build/icyphy/ptII/ptolemy/actor/lib/test/auto/VectorAssemblerDisassemblerCT.xml (RunModel)" time="0.111" />
  <testcase classname="ptolemy.util.test.junit.AutoTests" name="[396] /home/travis/build/icyphy/ptII/ptolemy/actor/lib/test/auto/VectorAssemblerDisassemblerDE.xml (RunModel)" time="0.014" />
  <testcase classname="ptolemy.util.test.junit.AutoTests" name="[397] /home/travis/build/icyphy/ptII/ptolemy/actor/lib/test/auto/VectorAssemblerDisassemblerSDF.xml (RunModel)" time="0.014" />
  <testcase classname="ptolemy.util.test.junit.AutoTests" name="[398] /home/travis/build/icyphy/ptII/ptolemy/actor/lib/test/auto/WallClockTime.xml (RunModel)" time="1.013" />
  <testcase classname="ptolemy.util.test.junit.AutoTests" name="[399] /home/travis/build/icyphy/ptII/ptolemy/actor/lib/test/auto/WidthTestWithSubscriberPublisher.xml (RunModel)" time="0.041" />
  <testcase classname="ptolemy.util.test.junit.AutoTests" name="[400] /home/travis/build/icyphy/ptII/ptolemy/actor/lib/test/auto/WidthTestWithSubscriberPublisher2.xml (RunModel)" time="0.019" />
  <testcase classname="ptolemy.util.test.junit.AutoTests" name="[401] /home/travis/build/icyphy/ptII/ptolemy/actor/lib/test/auto/WidthTestWithSubscriberPublisher3.xml (RunModel)" time="0.026" />
  <testcase classname="ptolemy.util.test.junit.AutoTests" name="[402] /home/travis/build/icyphy/ptII/ptolemy/actor/lib/test/auto/Writer.xml (RunModel)" time="0.009" />
  <testcase classname="ptolemy.util.test.junit.AutoTests" name="[403] /home/travis/build/icyphy/ptII/ptolemy/actor/lib/test/auto/array.xml (RunModel)" time="0.01" />
  <testcase classname="ptolemy.util.test.junit.AutoTests" name="[404] /home/travis/build/icyphy/ptII/ptolemy/actor/lib/test/auto/array2.xml (RunModel)" time="0.014" />
  <testcase classname="ptolemy.util.test.junit.AutoTests" name="[405] /home/travis/build/icyphy/ptII/ptolemy/actor/lib/test/auto/arrayType.xml (RunModel)" time="0.01" />
  <testcase classname="ptolemy.util.test.junit.AutoTests" name="[406] /home/travis/build/icyphy/ptII/ptolemy/actor/lib/test/auto/arrayType10.xml (RunModel)" time="0.008" />
  <testcase classname="ptolemy.util.test.junit.AutoTests" name="[407] /home/travis/build/icyphy/ptII/ptolemy/actor/lib/test/auto/arrayType11.xml (RunModel)" time="0.009" />
  <testcase classname="ptolemy.util.test.junit.AutoTests" name="[408] /home/travis/build/icyphy/ptII/ptolemy/actor/lib/test/auto/arrayType12.xml (RunModel)" time="0.01" />
  <testcase classname="ptolemy.util.test.junit.AutoTests" name="[409] /home/travis/build/icyphy/ptII/ptolemy/actor/lib/test/auto/arrayType13.xml (RunModel)" time="0.009" />
  <testcase classname="ptolemy.util.test.junit.AutoTests" name="[410] /home/travis/build/icyphy/ptII/ptolemy/actor/lib/test/auto/arrayType14.xml (RunModel)" time="0.01" />
  <testcase classname="ptolemy.util.test.junit.AutoTests" name="[411] /home/travis/build/icyphy/ptII/ptolemy/actor/lib/test/auto/arrayType15.xml (RunModel)" time="0.011" />
  <testcase classname="ptolemy.util.test.junit.AutoTests" name="[412] /home/travis/build/icyphy/ptII/ptolemy/actor/lib/test/auto/arrayType16.xml (RunModel)" time="0.01" />
  <testcase classname="ptolemy.util.test.junit.AutoTests" name="[413] /home/travis/build/icyphy/ptII/ptolemy/actor/lib/test/auto/arrayType17.xml (RunModel)" time="0.008" />
  <testcase classname="ptolemy.util.test.junit.AutoTests" name="[414] /home/travis/build/icyphy/ptII/ptolemy/actor/lib/test/auto/arrayType18.xml (RunModel)" time="0.01" />
  <testcase classname="ptolemy.util.test.junit.AutoTests" name="[415] /home/travis/build/icyphy/ptII/ptolemy/actor/lib/test/auto/arrayType19.xml (RunModel)" time="0.012" />
  <testcase classname="ptolemy.util.test.junit.AutoTests" name="[416] /home/travis/build/icyphy/ptII/ptolemy/actor/lib/test/auto/arrayType2.xml (RunModel)" time="0.012" />
  <testcase classname="ptolemy.util.test.junit.AutoTests" name="[417] /home/travis/build/icyphy/ptII/ptolemy/actor/lib/test/auto/arrayType20.xml (RunModel)" time="0.009" />
  <testcase classname="ptolemy.util.test.junit.AutoTests" name="[418] /home/travis/build/icyphy/ptII/ptolemy/actor/lib/test/auto/arrayType21.xml (RunModel)" time="0.009" />
  <testcase classname="ptolemy.util.test.junit.AutoTests" name="[419] /home/travis/build/icyphy/ptII/ptolemy/actor/lib/test/auto/arrayType22.xml (RunModel)" time="0.008" />
  <testcase classname="ptolemy.util.test.junit.AutoTests" name="[420] /home/travis/build/icyphy/ptII/ptolemy/actor/lib/test/auto/arrayType23.xml (RunModel)" time="0.009" />
  <testcase classname="ptolemy.util.test.junit.AutoTests" name="[421] /home/travis/build/icyphy/ptII/ptolemy/actor/lib/test/auto/arrayType24.xml (RunModel)" time="0.01" />
  <testcase classname="ptolemy.util.test.junit.AutoTests" name="[422] /home/travis/build/icyphy/ptII/ptolemy/actor/lib/test/auto/arrayType25.xml (RunModel)" time="0.008" />
  <testcase classname="ptolemy.util.test.junit.AutoTests" name="[423] /home/travis/build/icyphy/ptII/ptolemy/actor/lib/test/auto/arrayType26.xml (RunModel)" time="0.01" />
  <testcase classname="ptolemy.util.test.junit.AutoTests" name="[424] /home/travis/build/icyphy/ptII/ptolemy/actor/lib/test/auto/arrayType27.xml (RunModel)" time="0.009" />
  <testcase classname="ptolemy.util.test.junit.AutoTests" name="[425] /home/travis/build/icyphy/ptII/ptolemy/actor/lib/test/auto/arrayType28.xml (RunModel)" time="0.011" />
  <testcase classname="ptolemy.util.test.junit.AutoTests" name="[426] /home/travis/build/icyphy/ptII/ptolemy/actor/lib/test/auto/arrayType3.xml (RunModel)" time="0.009" />
  <testcase classname="ptolemy.util.test.junit.AutoTests" name="[427] /home/travis/build/icyphy/ptII/ptolemy/actor/lib/test/auto/arrayType4.xml (RunModel)" time="0.008" />
  <testcase classname="ptolemy.util.test.junit.AutoTests" name="[428] /home/travis/build/icyphy/ptII/ptolemy/actor/lib/test/auto/arrayType5.xml (RunModel)" time="0.013" />
  <testcase classname="ptolemy.util.test.junit.AutoTests" name="[429] /home/travis/build/icyphy/ptII/ptolemy/actor/lib/test/auto/arrayType6.xml (RunModel)" time="0.02" />
  <testcase classname="ptolemy.util.test.junit.AutoTests" name="[430] /home/travis/build/icyphy/ptII/ptolemy/actor/lib/test/auto/arrayType7.xml (RunModel)" time="0.01" />
  <testcase classname="ptolemy.util.test.junit.AutoTests" name="[431] /home/travis/build/icyphy/ptII/ptolemy/actor/lib/test/auto/arrayType8.xml (RunModel)" time="0.01" />
  <testcase classname="ptolemy.util.test.junit.AutoTests" name="[432] /home/travis/build/icyphy/ptII/ptolemy/actor/lib/test/auto/arrayType9.xml (RunModel)" time="0.009" />
  <testcase classname="ptolemy.util.test.junit.AutoTests" name="[433] /home/travis/build/icyphy/ptII/ptolemy/actor/lib/test/auto/cast.xml (RunModel)" time="0.009" />
  <testcase classname="ptolemy.util.test.junit.AutoTests" name="[434] /home/travis/build/icyphy/ptII/ptolemy/actor/lib/test/auto/compositeMultiPort.xml (RunModel)" time="0.018" />
  <testcase classname="ptolemy.util.test.junit.AutoTests" name="[435] /home/travis/build/icyphy/ptII/ptolemy/actor/lib/test/auto/expressionCastInference.xml (RunModel)" time="0.009" />
  <testcase classname="ptolemy.util.test.junit.AutoTests" name="[436] /home/travis/build/icyphy/ptII/ptolemy/actor/lib/test/auto/expressionCastInference2.xml (RunModel)" time="0.009" />
  <testcase classname="ptolemy.util.test.junit.AutoTests" name="[437] /home/travis/build/icyphy/ptII/ptolemy/actor/lib/test/auto/expressionInference.xml (RunModel)" time="0.007" />
  <testcase classname="ptolemy.util.test.junit.AutoTests" name="[438] /home/travis/build/icyphy/ptII/ptolemy/actor/lib/test/auto/expression_bug.xml (RunModel)" time="0.008" />
  <testcase classname="ptolemy.util.test.junit.AutoTests" name="[439] /home/travis/build/icyphy/ptII/ptolemy/actor/lib/test/auto/factorial.xml (RunModel)" time="0.05" />
  <testcase classname="ptolemy.util.test.junit.AutoTests" name="[440] /home/travis/build/icyphy/ptII/ptolemy/actor/lib/test/auto/filterTest1.xml (RunModel)" time="0.016" />
  <testcase classname="ptolemy.util.test.junit.AutoTests" name="[441] /home/travis/build/icyphy/ptII/ptolemy/actor/lib/test/auto/funcApplyInConst.xml (RunModel)" time="0.01" />
  <testcase classname="ptolemy.util.test.junit.AutoTests" name="[442] /home/travis/build/icyphy/ptII/ptolemy/actor/lib/test/auto/funcApplyInExpr.xml (RunModel)" time="0.006" />
  <testcase classname="ptolemy.util.test.junit.AutoTests" name="[443] /home/travis/build/icyphy/ptII/ptolemy/actor/lib/test/auto/function.xml (RunModel)" time="0.01" />
  <testcase classname="ptolemy.util.test.junit.AutoTests" name="[444] /home/travis/build/icyphy/ptII/ptolemy/actor/lib/test/auto/function2.xml (RunModel)" time="0.008" />
  <testcase classname="ptolemy.util.test.junit.AutoTests" name="[445] /home/travis/build/icyphy/ptII/ptolemy/actor/lib/test/auto/function3.xml (RunModel)" time="0.007" />
  <testcase classname="ptolemy.util.test.junit.AutoTests" name="[446] /home/travis/build/icyphy/ptII/ptolemy/actor/lib/test/auto/functionClosureTest1.xml (RunModel)" time="0.01" />
  <testcase classname="ptolemy.util.test.junit.AutoTests" name="[447] /home/travis/build/icyphy/ptII/ptolemy/actor/lib/test/auto/functionClosureTest2.xml (RunModel)" time="0.007" />
  <testcase classname="ptolemy.util.test.junit.AutoTests" name="[448] /home/travis/build/icyphy/ptII/ptolemy/actor/lib/test/auto/functionClosureTest3.xml (RunModel)" time="0.01" />
  <testcase classname="ptolemy.util.test.junit.AutoTests" name="[449] /home/travis/build/icyphy/ptII/ptolemy/actor/lib/test/auto/functionClosureTest4.xml (RunModel)" time="0.015" />
  <testcase classname="ptolemy.util.test.junit.AutoTests" name="[450] /home/travis/build/icyphy/ptII/ptolemy/actor/lib/test/auto/functionClosureTest5.xml (RunModel)" time="0.012" />
  <testcase classname="ptolemy.util.test.junit.AutoTests" name="[451] /home/travis/build/icyphy/ptII/ptolemy/actor/lib/test/auto/functionClosureTest6.xml (RunModel)" time="0.008" />
  <testcase classname="ptolemy.util.test.junit.AutoTests" name="[452] /home/travis/build/icyphy/ptII/ptolemy/actor/lib/test/auto/functionsOnArcs.xml (RunModel)" time="0.012" />
  <testcase classname="ptolemy.util.test.junit.AutoTests" name="[453] /home/travis/build/icyphy/ptII/ptolemy/actor/lib/test/auto/functionsOnArcsHOF.xml (RunModel)" time="0.012" />
  <testcase classname="ptolemy.util.test.junit.AutoTests" name="[454] /home/travis/build/icyphy/ptII/ptolemy/actor/lib/test/auto/logic.xml (RunModel)" time="0.018" />
  <testcase classname="ptolemy.util.test.junit.AutoTests" name="[455] /home/travis/build/icyphy/ptII/ptolemy/actor/lib/test/auto/matrixType.xml (RunModel)" time="0.009" />
  <testcase classname="ptolemy.util.test.junit.AutoTests" name="[456] /home/travis/build/icyphy/ptII/ptolemy/actor/lib/test/auto/matrixType10.xml (RunModel)" time="0.009" />
  <testcase classname="ptolemy.util.test.junit.AutoTests" name="[457] /home/travis/build/icyphy/ptII/ptolemy/actor/lib/test/auto/matrixType11.xml (RunModel)" time="0.008" />
  <testcase classname="ptolemy.util.test.junit.AutoTests" name="[458] /home/travis/build/icyphy/ptII/ptolemy/actor/lib/test/auto/matrixType12.xml (RunModel)" time="0.01" />
  <testcase classname="ptolemy.util.test.junit.AutoTests" name="[459] /home/travis/build/icyphy/ptII/ptolemy/actor/lib/test/auto/matrixType13.xml (RunModel)" time="0.009" />
  <testcase classname="ptolemy.util.test.junit.AutoTests" name="[460] /home/travis/build/icyphy/ptII/ptolemy/actor/lib/test/auto/matrixType14.xml (RunModel)" time="0.011" />
  <testcase classname="ptolemy.util.test.junit.AutoTests" name="[461] /home/travis/build/icyphy/ptII/ptolemy/actor/lib/test/auto/matrixType2.xml (RunModel)" time="0.008" />
  <testcase classname="ptolemy.util.test.junit.AutoTests" name="[462] /home/travis/build/icyphy/ptII/ptolemy/actor/lib/test/auto/matrixType3.xml (RunModel)" time="0.011" />
  <testcase classname="ptolemy.util.test.junit.AutoTests" name="[463] /home/travis/build/icyphy/ptII/ptolemy/actor/lib/test/auto/matrixType4.xml (RunModel)" time="0.031" />
  <testcase classname="ptolemy.util.test.junit.AutoTests" name="[464] /home/travis/build/icyphy/ptII/ptolemy/actor/lib/test/auto/matrixType5.xml (RunModel)" time="0.007" />
  <testcase classname="ptolemy.util.test.junit.AutoTests" name="[465] /home/travis/build/icyphy/ptII/ptolemy/actor/lib/test/auto/matrixType6.xml (RunModel)" time="0.009" />
  <testcase classname="ptolemy.util.test.junit.AutoTests" name="[466] /home/travis/build/icyphy/ptII/ptolemy/actor/lib/test/auto/matrixType7.xml (RunModel)" time="0.008" />
  <testcase classname="ptolemy.util.test.junit.AutoTests" name="[467] /home/travis/build/icyphy/ptII/ptolemy/actor/lib/test/auto/matrixType8.xml (RunModel)" time="0.009" />
  <testcase classname="ptolemy.util.test.junit.AutoTests" name="[468] /home/travis/build/icyphy/ptII/ptolemy/actor/lib/test/auto/matrixType9.xml (RunModel)" time="0.012" />
  <testcase classname="ptolemy.util.test.junit.AutoTests" name="[469] /home/travis/build/icyphy/ptII/ptolemy/actor/lib/test/auto/paraFunctest.xml (RunModel)" time="0.008" />
  <testcase classname="ptolemy.util.test.junit.AutoTests" name="[470] /home/travis/build/icyphy/ptII/ptolemy/actor/lib/test/auto/paraFunctest2.xml (RunModel)" time="0.007" />
  <testcase classname="ptolemy.util.test.junit.AutoTests" name="[471] /home/travis/build/icyphy/ptII/ptolemy/actor/lib/test/auto/parameterPassing.xml (RunModel)" time="0.008" />
  <testcase classname="ptolemy.util.test.junit.AutoTests" name="[472] /home/travis/build/icyphy/ptII/ptolemy/actor/lib/test/auto/record.xml (RunModel)" time="0.009" />
  <testcase classname="ptolemy.util.test.junit.AutoTests" name="[473] /home/travis/build/icyphy/ptII/ptolemy/actor/lib/test/auto/sizedarray1.xml (RunModel)" time="0.009" />
  <testcase classname="ptolemy.util.test.junit.AutoTests" name="[474] /home/travis/build/icyphy/ptII/ptolemy/actor/lib/test/auto/sizedarray2.xml (RunModel)" time="0.009" />
  <testcase classname="ptolemy.util.test.junit.AutoTests" name="[475] /home/travis/build/icyphy/ptII/ptolemy/actor/lib/test/auto/twoPublishers.xml (RunModel)" time="0.018" />
  <system-out><![CDATA[/home/travis/build/icyphy/ptII/ptolemy/actor/lib/test/AbsoluteValue.tcl
testDefs.tcl: setting time out to 9000 seconds at Mon Feb 04 03:26:14 UTC 2019
79 ms. Memory: 116224K Free: 109641K (94%)
3 ms. Memory: 116224K Free: 108447K (93%)
4 ms. Memory: 116224K Free: 107857K (93%)
7 ms. Memory: 116224K Free: 106677K (92%)
/home/travis/build/icyphy/ptII/ptolemy/actor/lib/test/AddSubtract.tcl
20 ms. Memory: 116224K Free: 104877K (90%)
9 ms. Memory: 116224K Free: 104248K (90%)
11 ms. Memory: 116224K Free: 103069K (89%)
17 ms. Memory: 116224K Free: 102464K (88%)
4 ms. Memory: 116224K Free: 101874K (88%)
4 ms. Memory: 116224K Free: 100687K (87%)
/home/travis/build/icyphy/ptII/ptolemy/actor/lib/test/Average.tcl
14 ms. Memory: 116224K Free: 99501K (86%)
11 ms. Memory: 116224K Free: 97693K (84%)
/home/travis/build/icyphy/ptII/ptolemy/actor/lib/test/Bernoulli.tcl
4 ms. Memory: 116224K Free: 96490K (83%)
1 ms. Memory: 116224K Free: 95885K (83%)
/home/travis/build/icyphy/ptII/ptolemy/actor/lib/test/Clock.tcl
preinitializing
resolving types
initializing
executing number 1
wrapping up
idle
19 ms. Memory: 116224K Free: 93480K (80%)
Completed execution with 5 iterations
preinitializing
resolving types
initializing
executing number 1
wrapping up
idle
3 ms. Memory: 116224K Free: 92874K (80%)
Completed execution with 5 iterations
preinitializing
resolving types
initializing
executing number 1
wrapping up
idle
12 ms. Memory: 116224K Free: 92269K (79%)
Completed execution with 5 iterations
/home/travis/build/icyphy/ptII/ptolemy/actor/lib/test/Commutator.tcl
5 ms. Memory: 116224K Free: 90468K (78%)
15 ms. Memory: 116224K Free: 89273K (77%)
8 ms. Memory: 116224K Free: 84919K (73%)
/home/travis/build/icyphy/ptII/ptolemy/actor/lib/test/Const.tcl
4 ms. Memory: 116224K Free: 81915K (70%)
2 ms. Memory: 116224K Free: 81915K (70%)
2 ms. Memory: 116224K Free: 81326K (70%)
11 ms. Memory: 146944K Free: 140439K (96%)
2 ms. Memory: 146944K Free: 140439K (96%)
22 ms. Memory: 146944K Free: 138845K (94%)
4 ms. Memory: 146944K Free: 137668K (94%)
2 ms. Memory: 146944K Free: 136490K (93%)
/home/travis/build/icyphy/ptII/ptolemy/actor/lib/test/CurrentTime.tcl
preinitializing
resolving types
initializing
executing number 1
wrapping up
idle
7 ms. Memory: 146944K Free: 134118K (91%)
Completed execution with 11 iterations
/home/travis/build/icyphy/ptII/ptolemy/actor/lib/test/DB.tcl
3 ms. Memory: 146944K Free: 132941K (90%)
1 ms. Memory: 146944K Free: 131747K (90%)
1 ms. Memory: 146944K Free: 131747K (90%)
/home/travis/build/icyphy/ptII/ptolemy/actor/lib/test/DiscreteRandomSource.tcl
preinitializing
resolving types
initializing
executing number 1
wrapping up
idle
3 ms. Memory: 146944K Free: 130569K (89%)
Completed execution with 4 iterations
preinitializing
resolving types
initializing
executing number 1
wrapping up
idle
2 ms. Memory: 146944K Free: 129392K (88%)
Completed execution with 4 iterations
preinitializing
resolving types
initializing
executing number 1
wrapping up
idle
3 ms. Memory: 146944K Free: 129392K (88%)
Completed execution with 4 iterations
preinitializing
resolving types
initializing
executing number 1
wrapping up
idle
2 ms. Memory: 146944K Free: 128214K (87%)
Completed execution with 4 iterations
preinitializing
resolving types
initializing
executing number 1
wrapping up
idle
3 ms. Memory: 146944K Free: 128214K (87%)
Completed execution with 4 iterations
/home/travis/build/icyphy/ptII/ptolemy/actor/lib/test/Distributor.tcl
6 ms. Memory: 146944K Free: 127036K (86%)
9 ms. Memory: 146944K Free: 125858K (86%)
StreamChangeRequest.changeExecuted(): <deleteEntity name="rec2"/> succeeded
StreamChangeRequest.changeExecuted(): <deleteRelation name="r2"/> succeeded
StreamChangeRequest.changeExecuted(): Record firings per iteration succeeded
13 ms. Memory: 146944K Free: 123503K (84%)
/home/travis/build/icyphy/ptII/ptolemy/actor/lib/test/Exit.tcl
Exit.tcl: this will print a message about Manager.exitAfterWrapup, which can be ignored.
3 ms. Memory: 146944K Free: 120533K (82%)
/home/travis/build/icyphy/ptII/ptolemy/actor/lib/test/Expression.tcl
7 ms. Memory: 146944K Free: 116949K (80%)
8 ms. Memory: 146944K Free: 116949K (80%)
3 ms. Memory: 146944K Free: 115771K (79%)
preinitializing
resolving types
initializing
executing number 1
wrapping up
idle
5 ms. Memory: 146944K Free: 114594K (78%)
Completed execution with 6 iterations
10 ms. Memory: 146944K Free: 113416K (77%)
3 ms. Memory: 146944K Free: 112238K (76%)
4 ms. Memory: 146944K Free: 111060K (76%)
5 ms. Memory: 146944K Free: 109883K (75%)
7 ms. Memory: 146944K Free: 108705K (74%)
/home/travis/build/icyphy/ptII/ptolemy/actor/lib/test/Gaussian.tcl
8 ms. Memory: 146944K Free: 107527K (73%)
sleeping 1 seconds: ......................................................................................................................................................................................................................................................................................................................................................................................................................................................................................................................................................................................................................................................................................................................................................................................................................................................................................................................................................................................................................................................................................................................................................................................................................................................................................................................................................................................................................................................................................................................................................................................................................................................................................................................................................................................................................................................................................................................................................................................................................................................................................................................................................................................................................................................................................................................................................................................................................................................................................................................................................................................................................................................................................................................................................................................................................................................................................................................................................................................................................................................................................................................................................................................................................................................................................................................................................................................................................................................................................................................................................................................................................................................................................................................................................................................................................................................................................................................................................................................................................................................................................................................................................................................................................................................................................................................................................................................................................................................................................................................................................................................................................................................................................................................................................................................................................................................................................................................................................................................................................................................................................................................................................................................................................................................................................................................................................................................................................................................................................................................................................................................................................................................................................................................................................................................................................................................................................................................................................................................................................................................................................................................................................................................................................................................................................................................................................................................................................................................................................................................................................................................................................................................................................................................................................................................................................................................................................................................................................................................................................................................................................................................................................................................................................................................................................................................................................................................................................................................................................................................................................................................................................................................................................................................................................................................................................................................................................................................................................................................................................................................................................................................................................................................................................................................................................................................................................................................................................................................................................................................................................................................................................................................................................................................................................................................................................................................................................................................................................................................................................................................................................................................................................................................................................................................................................................................................................................................................................................................................................................................................................................................................................................................................................................................................................................................................................................................................................................................................................................................................................................................................................................................................................................................................................................................................................................................................................................................................................................................................................................................................................................................................................................................................................................................................................................................................................................................................................................................................................................................................................................................................................................................................................................................................................................................................................................................................................................................................................................................................................................................................................................................................................................................................................................................................................................................................................................................................................................................................................................................................................................................................................................................................................................................................................................................................................................................................................................................................................................................................................................................................................................................................................................................................................................................................................................................................................................................................................................................................................................................................................................................................................................................................................................................................................................................................................................................................................................................................................................................................................................................................................................................................................................................................................................................................................................................................................................................................................................................................................................................................................................................................................................................................................................................................................................................................................................................................................................................................................................................................................................................................................................................................................................................................................................................................................................................................................................................................................................................................................................................................................................................................................................................................................................................................................................................................................................................................................................................................................................................................................................................................................................................................................................................................................................................................................................................................................................................................................................................................................................................................................................................................................................................................................................................................................................................................................................................................................................................................................................................................................................................................................................................................................................................................................................................................................................................................................................................................................................................................................................................................................................................................................................................................................................................................................................................................................................................................................................................................................................................................................................................................................................................................................................................................................................................................................................................................................................................................................................................................................................................................................................................................................................................................................................................................................................................................................................................................................................................................................................................................................................................................................................................................................................................................................................................................................................................................................................................................................................................................................................................................................................................................................................................................................................................................................................................................................................................................................................................................................................................................................................................................................................................................................................................................................................................................................................................................................................................................................................................................................................................................................................................................................................................................................................................................................................................................................................................................................................................................................................................................................................................................................................................................................................................................................................................................................................................................................................................................................................................................................................................................................................................................................................................................................................................................................................................................................................................................................................................................................................................................................................................................................................................................................................................................................................................................................................................................................................................................................................................................................................................................................................................................................................................................................................................................................................................................................................................................................................................................................................................................................................................................................................................................................................................................................................................................................................................................................................................................................................................................................................................................................................................................................................................................................................................................................................................................................................................................................................................................................................................................................................................................................................................................................................................................................................................................................................................................................................................................................................................................................................................................................................................................................................................................................................................................................................................................................................................................................................................................................................................................................................................................................................................................................................................................................................................................................................................................................................................................................................................................................................................................................................................................................................................................................................................................................................................................................................................................................................................................................................................................................................................................................................................................................................................................................................................................................................................................................................................................................................................................................................................................................................................................................................................................................................................................................................................................................................................................................................................................................................................................................................................................................................................................................................................................................................................................................................................................................................................................................................................................................................................................................................................................................................................................................................................................................................................................................................................................................................................................................................................................................................................................................................................................................................................................................................................................................................................................................................................................................................................................................................................................................................................................................................................................................................................................................................................................................................................................................................................................................................................................................................................................................................................................................................................................................................................................................................................................................................................................................................................................................................................................................................................................................................................................................................................................................................................................................................................................................................................................................................................................................................................................................................................................................................................................................................................................................................................................................................................................................................................................................................................................................................................................................................................................................................................................................................................................................................................................................................................................................................................................................................................................................................................................................................................................................................................................................................................................................................................................................................................................................................................................................................................................................................................................................................................................................................................................................................................................................................................................................................................................................................................................................................................................................................................................................................................................................................................................................................................................................................................................................................................................................................................................................................................................................................................................................................................................................................................................................................................................................................................................................................................................................................................................................................................................................................................................................................................................................................................................................................................................................................................................................................................................................................................................................................................................................................................................................................................................................................................................................................................................................................................................................................................................................................................................................................................................................................................................................................................................................................................................................................................................................................................................................................................................................................................................................................................................................................................................................................................................................................................................................................................................................................................................................................................................................................................................................................................................................................................................................................................................................................................................................................................................................................................................................................................................................................................................................................................................................................................................................................................................................................................................................................................................................................................................................................................................................................................................................................................................................................................................................................................................................................................................................................................................................................................................................................................................................................................................................................................................................................................................................................................................................................................................................................................................................................................................................................................................................................................................................................................................................................................................................................................................................................................................................................................................................................................................................................................................................................................................................................................................................................................................................................................................................................................................................................................................................................................................................................................................................................................................................................................................................................................................................................................................................................................................................................................................................................................................................................................................................................................................................................................................................................................................................................................................................................................................................................................................................................................................................................................................................................................................................................................................................................................................................................................................................................................................................................................................................................................................................................................................................................................................................................................................................................................................................................................................................................................................................................................................................................................................................................................................................................................................................................................................................................................................................................................................................................................................................................................................................................................................................................................................................................................................................................................................................................................................................................................................................................................................................................................................................................................................................................................................................................................................................................................................................................................................................................................................................................................................................................................................................................................................................................................................................................................................................................................................................................................................................................................................................................................................................................................................................................................................................................................................................................................................................................................................................................................................................................................................................................................................................................................................................................................................................................................................................................................................................................................................................................................................................................................................................................................................................................................................................................................................................................................................................................................................................................................................................................................................................................................................................................................................................................................................................................................................................................................................................................................................................................................................................................................................................................................................................................................................................................................................................................................................................................................................................................................................................................................................................................................................................................................................................................................................................................................................................................................................................................................................................................................................................................................................................................................................................................................................................................................................................................................................................................................................................................................................................................................................................................................................................................................................................................................................................................................................................................................................................................................................................................................................................................................................................................................................................................................................................................................................................................................................................................................................................................................................................................................................................................................................................................................................................................................................................................................................................................................................................................................................................................................................................................................................................................................................................................................................................................................................................................................................................................................................................................................................................................................................................................................................................................................................................................................................................................................................................................................................................................................................................................................................................................................................................................................................................................................................................................................................................................................................................................................................................................................................................................................................................................................................................................................................................................................................................................................................................................................................................................................................................................................................................................................................................................................................................................................................................................................................................................................................................................................................................................................................................................................................................................................................................................................................................................................................................................................................................................................................................................................................................................................................................................................................................................................................................................................................................................................................................................................................................................................................................................................................................................................................................................................................................................................................................................................................................................................................................................................................................................................................................................................................................................................................................................................................................................................................................................................................................................................................................................................................................................................................................................................................................................................................................................................................................................................................................................................................................................................................................................................................................................................................................................................................................................................................................................................................................................................................................................................................................................................................................................................................................................................................................................................................................................................................................................................................................................................................................................................................................................................................................................................................................................................................................................................................................................................................................................................................................................................................................................................................................................................................................................................................................................................................................................................................................................................................................................................................................................................................................................................................................................................................................................................................................................................................................................................................................................................................................................................................................................................................................................................................................................................................................................................................................................................................................................................................................................................................................................................................................................................................................................................................................................................................................................................................................................................................................................................................................................................................................................................................................................................................................................................................................................................................................................................................................................................................................................................................................................................................................................................................................................................................................................................................................................................................................................................................................................................................................................................................................................................................................................................................................................................................................................................................................................................................................................................................................................................................................................................................................................................................................................................................................................................................................................................................................................................................................................................................................................................................................................................................................................................................................................................................................................................................................................................................................................................................................................................................................................................................................................................................................................................................................................................................................................................................................................................................................................................................................................................................................................................................................................................................................................................................................................................................................................................................................................................................................................................................................................................................................................................................................................................................................................................................................................................................................................................................................................................................................................................................................................................................................................................................................................................................................................................................................................................................................................................................................................................................................................................................................................................................................................................................................................................................................................................................................................................................................................................................................................................................................................................................................................................................................................................................................................................................................................................................................................................................................................................................................................................................................................................................................................................................................................................................................................................................................................................................................................................................................................................................................................................................3 ms. Memory: 208384K Free: 162258K (78%)
4 ms. Memory: 208384K Free: 162258K (78%)
4 ms. Memory: 208384K Free: 162258K (78%)
3 ms. Memory: 208384K Free: 161738K (78%)
4 ms. Memory: 208384K Free: 159321K (76%)
/home/travis/build/icyphy/ptII/ptolemy/actor/lib/test/IIR.tcl
/home/travis/build/icyphy/ptII/ptolemy/actor/lib/test/Interpolator.tcl
8 ms. Memory: 208384K Free: 156903K (75%)
1 ms. Memory: 208384K Free: 154486K (74%)
1 ms. Memory: 208384K Free: 154486K (74%)
2 ms. Memory: 208384K Free: 154486K (74%)
2 ms. Memory: 208384K Free: 154486K (74%)
2 ms. Memory: 208384K Free: 152068K (73%)
2 ms. Memory: 208384K Free: 152068K (73%)
2 ms. Memory: 208384K Free: 152068K (73%)
1 ms. Memory: 208384K Free: 149651K (72%)
2 ms. Memory: 208384K Free: 149651K (72%)
/home/travis/build/icyphy/ptII/ptolemy/actor/lib/test/MathFunction.tcl
3 ms. Memory: 208384K Free: 147233K (71%)
2 ms. Memory: 208384K Free: 144816K (69%)
2 ms. Memory: 208384K Free: 144816K (69%)
2 ms. Memory: 208384K Free: 144816K (69%)
3 ms. Memory: 208384K Free: 142399K (68%)
4 ms. Memory: 208384K Free: 139981K (67%)
/home/travis/build/icyphy/ptII/ptolemy/actor/lib/test/Maximum.tcl
3 ms. Memory: 208384K Free: 139981K (67%)
1 ms. Memory: 208384K Free: 137564K (66%)
2 ms. Memory: 208384K Free: 137564K (66%)
6 ms. Memory: 208384K Free: 137564K (66%)
/home/travis/build/icyphy/ptII/ptolemy/actor/lib/test/Minimum.tcl
4 ms. Memory: 208384K Free: 135146K (65%)
2 ms. Memory: 208384K Free: 135146K (65%)
2 ms. Memory: 208384K Free: 132729K (64%)
10 ms. Memory: 208384K Free: 132729K (64%)
/home/travis/build/icyphy/ptII/ptolemy/actor/lib/test/MultiplyDivide.tcl
12 ms. Memory: 208384K Free: 130311K (63%)
3 ms. Memory: 208384K Free: 130311K (63%)
2 ms. Memory: 208384K Free: 130311K (63%)
2 ms. Memory: 208384K Free: 127894K (61%)
2 ms. Memory: 208384K Free: 127894K (61%)
/home/travis/build/icyphy/ptII/ptolemy/actor/lib/test/OrderedMerge.tcl
Connections changed on port: inputA
Connections changed on port: inputB
Connections changed on port: output
Connections changed on port: output
Connections changed on port: output
Connections changed on port: input
.top. Preinitializing ...
Invoking preinitialize():  .top.OrderedMerge
Called preinitialize()
Invoking preinitialize():  .top.Ramp
Called preinitialize()
Invoking preinitialize():  .top.Ramp2
Called preinitialize()
Invoking preinitialize():  .top.Test
Called preinitialize()
Connections changed on port: inputA
Connections changed on port: output
Connections changed on port: inputB
Connections changed on port: output
Connections changed on port: output
Connections changed on port: input
.top. Finished preinitialize().
Called initialize().
Invoking initialize():  .top.OrderedMerge
Initializing actor: .top.OrderedMerge
Adding a thread: .top.OrderedMerge
Invoking initialize():  .top.Ramp
Initializing actor: .top.Ramp
Adding a thread: .top.Ramp
Invoking initialize():  .top.Ramp2
Initializing actor: .top.Ramp2
Adding a thread: .top.Ramp2
Invoking initialize():  .top.Test
Initializing actor: .top.Test
Adding a thread: .top.Test
-- Starting thread.
Called initialize()
Called prefire()
Called fire()
-- Starting thread.
Called initialize()
Called prefire()
Called fire()
Called postfire()
Called prefire()
Called fire()
-- Starting thread.
Called initialize()
Called prefire()
Called fire()
Called postfire()
Called prefire()
Called fire()
Called fire().
Checking for deadlock:
There are 3 Blocked actors, 0 Stopped actors, and 4 active threads.
Waiting for actors to stop.
-- Starting thread.
Called initialize()
Called prefire()
Called fire()
Checking for deadlock:
There are 2 Blocked actors, 0 Stopped actors, and 4 active threads.
Waiting for actors to stop.
Called postfire()
Called prefire()
Called fire()
Checking for deadlock:
There are 3 Blocked actors, 0 Stopped actors, and 4 active threads.
Waiting for actors to stop.
Read input token from inputA with value 0.0
Next port to read input from is inputB
Called postfire()
Called prefire()
Called fire()
Checking for deadlock:
There are 2 Blocked actors, 0 Stopped actors, and 4 active threads.
Waiting for actors to stop.
Called postfire()
Called prefire()
Called fire()
Checking for deadlock:
There are 3 Blocked actors, 0 Stopped actors, and 4 active threads.
Waiting for actors to stop.
Read input token from inputB with value 0.0
Checking for deadlock:
There are 2 Blocked actors, 0 Stopped actors, and 4 active threads.
Waiting for actors to stop.
-- Read input: 0.0, which is expected to match: 0.0
Called prefire()
Called fire()
Checking for deadlock:
There are 3 Blocked actors, 0 Stopped actors, and 4 active threads.
Waiting for actors to stop.
Sent output token with value 0.0
Next port to read input from is inputA
Called postfire()
Called prefire()
Called fire()
Called postfire()
Called prefire()
Called fire()
Checking for deadlock:
There are 3 Blocked actors, 0 Stopped actors, and 4 active threads.
Waiting for actors to stop.
Read input token from inputA with value 1.0
Checking for deadlock:
There are 2 Blocked actors, 0 Stopped actors, and 4 active threads.
Waiting for actors to stop.
-- Read input: 0.0, which is expected to match: 0.0
Called prefire()
Called fire()
Checking for deadlock:
There are 3 Blocked actors, 0 Stopped actors, and 4 active threads.
Waiting for actors to stop.
Sent output token with value 0.0
Next port to read input from is inputB
Called postfire()
Called prefire()
Called fire()
Called postfire()
Called prefire()
Called fire()
Checking for deadlock:
There are 3 Blocked actors, 0 Stopped actors, and 4 active threads.
Waiting for actors to stop.
Read input token from inputB with value 1.5
-- Read input: 1.0, which is expected to match: 1.0
Called prefire()
Called fire()
Checking for deadlock:
There are 3 Blocked actors, 0 Stopped actors, and 4 active threads.
Waiting for actors to stop.
Sent output token with value 1.0
Next port to read input from is inputA
Called postfire()
Called prefire()
Called fire()
Checking for deadlock:
There are 2 Blocked actors, 0 Stopped actors, and 4 active threads.
Waiting for actors to stop.
Called postfire()
Called prefire()
Called fire()
Checking for deadlock:
There are 3 Blocked actors, 0 Stopped actors, and 4 active threads.
Waiting for actors to stop.
Read input token from inputA with value 2.0
Checking for deadlock:
There are 2 Blocked actors, 0 Stopped actors, and 4 active threads.
Waiting for actors to stop.
-- Read input: 1.5, which is expected to match: 1.5
Called prefire()
Called fire()
Checking for deadlock:
There are 3 Blocked actors, 0 Stopped actors, and 4 active threads.
Waiting for actors to stop.
Sent output token with value 1.5
Next port to read input from is inputB
Called postfire()
Called prefire()
Called fire()
Called postfire()
Called prefire()
Called fire()
Checking for deadlock:
There are 3 Blocked actors, 0 Stopped actors, and 4 active threads.
Waiting for actors to stop.
Read input token from inputB with value 3.0
-- Read input: 2.0, which is expected to match: 2.0
Called prefire()
Called fire()
Checking for deadlock:
There are 3 Blocked actors, 0 Stopped actors, and 4 active threads.
Waiting for actors to stop.
Sent output token with value 2.0
Next port to read input from is inputA
Called postfire()
Called prefire()
Called fire()
Checking for deadlock:
There are 2 Blocked actors, 0 Stopped actors, and 4 active threads.
Waiting for actors to stop.
Called postfire()
Called prefire()
Called fire()
Checking for deadlock:
There are 3 Blocked actors, 0 Stopped actors, and 4 active threads.
Waiting for actors to stop.
Read input token from inputA with value 3.0
Checking for deadlock:
There are 2 Blocked actors, 0 Stopped actors, and 4 active threads.
Waiting for actors to stop.
-- Read input: 3.0, which is expected to match: 3.0
Called prefire()
Called fire()
Checking for deadlock:
There are 3 Blocked actors, 0 Stopped actors, and 4 active threads.
Waiting for actors to stop.
Sent output token with value 3.0
Next port to read input from is inputB
Called postfire()
Called prefire()
Called fire()
Called postfire()
Called prefire()
Called fire()
Checking for deadlock:
There are 3 Blocked actors, 0 Stopped actors, and 4 active threads.
Waiting for actors to stop.
Read input token from inputB with value 4.5
-- Read input: 3.0, which is expected to match: 3.0
Called prefire()
Called fire()
Checking for deadlock:
There are 3 Blocked actors, 0 Stopped actors, and 4 active threads.
Waiting for actors to stop.
Sent output token with value 3.0
Next port to read input from is inputA
Called postfire()
Called prefire()
Called fire()
Checking for deadlock:
There are 2 Blocked actors, 0 Stopped actors, and 4 active threads.
Waiting for actors to stop.
Called postfire()
Called prefire()
Called fire()
Checking for deadlock:
There are 3 Blocked actors, 0 Stopped actors, and 4 active threads.
Waiting for actors to stop.
Read input token from inputA with value 4.0
Checking for deadlock:
There are 2 Blocked actors, 0 Stopped actors, and 4 active threads.
Waiting for actors to stop.
-- Read input: 4.0, which is expected to match: 4.0
Called prefire()
Called fire()
Past the end of training data. Read and discard all inputs.
Checking for deadlock:
There are 3 Blocked actors, 0 Stopped actors, and 4 active threads.
Waiting for actors to stop.
Sent output token with value 4.0
Next port to read input from is inputA
Called postfire()
Called prefire()
Called fire()
Checking for deadlock:
There are 2 Blocked actors, 0 Stopped actors, and 4 active threads.
Waiting for actors to stop.
Called postfire()
Called prefire()
Called fire()
Checking for deadlock:
There are 3 Blocked actors, 0 Stopped actors, and 4 active threads.
Waiting for actors to stop.
Read input token from inputA with value 5.0
Checking for deadlock:
There are 2 Blocked actors, 0 Stopped actors, and 4 active threads.
Waiting for actors to stop.
Called prefire()
Called fire()
Past the end of training data. Read and discard all inputs.
Checking for deadlock:
There are 3 Blocked actors, 0 Stopped actors, and 4 active threads.
Waiting for actors to stop.
Sent output token with value 4.5
Next port to read input from is inputB
Called postfire()
Called prefire()
Called fire()
Called postfire()
Called prefire()
Called fire()
Checking for deadlock:
There are 3 Blocked actors, 0 Stopped actors, and 4 active threads.
Waiting for actors to stop.
Read input token from inputB with value 6.0
Called prefire()
Called fire()
Past the end of training data. Read and discard all inputs.
Checking for deadlock:
There are 3 Blocked actors, 0 Stopped actors, and 4 active threads.
Waiting for actors to stop.
Sent output token with value 5.0
Next port to read input from is inputA
Called postfire()
Called prefire()
Called fire()
Checking for deadlock:
There are 2 Blocked actors, 0 Stopped actors, and 4 active threads.
Waiting for actors to stop.
Called postfire()
Called prefire()
Called fire()
Checking for deadlock:
There are 3 Blocked actors, 0 Stopped actors, and 4 active threads.
Waiting for actors to stop.
Read input token from inputA with value 6.0
Checking for deadlock:
There are 2 Blocked actors, 0 Stopped actors, and 4 active threads.
Waiting for actors to stop.
Called prefire()
Called fire()
Past the end of training data. Read and discard all inputs.
Checking for deadlock:
There are 3 Blocked actors, 0 Stopped actors, and 4 active threads.
Waiting for actors to stop.
Sent output token with value 6.0
Next port to read input from is inputB
Called postfire()
Called prefire()
Called fire()
Called postfire()
Called prefire()
Called fire()
Checking for deadlock:
There are 3 Blocked actors, 0 Stopped actors, and 4 active threads.
Waiting for actors to stop.
Read input token from inputB with value 7.5
Called prefire()
Called fire()
Past the end of training data. Read and discard all inputs.
Checking for deadlock:
There are 3 Blocked actors, 0 Stopped actors, and 4 active threads.
Waiting for actors to stop.
Sent output token with value 6.0
Next port to read input from is inputA
Called postfire()
Called prefire()
Called fire()
Checking for deadlock:
There are 2 Blocked actors, 0 Stopped actors, and 4 active threads.
Waiting for actors to stop.
Called postfire()
Called prefire()
Called fire()
Checking for deadlock:
There are 3 Blocked actors, 0 Stopped actors, and 4 active threads.
Waiting for actors to stop.
Read input token from inputA with value 7.0
Checking for deadlock:
There are 2 Blocked actors, 0 Stopped actors, and 4 active threads.
Waiting for actors to stop.
Called prefire()
Called fire()
Past the end of training data. Read and discard all inputs.
Checking for deadlock:
There are 3 Blocked actors, 0 Stopped actors, and 4 active threads.
Waiting for actors to stop.
Sent output token with value 7.0
Next port to read input from is inputA
Called postfire()
Called prefire()
Called fire()
Checking for deadlock:
There are 2 Blocked actors, 0 Stopped actors, and 4 active threads.
Waiting for actors to stop.
-- Thread wrapup() called.
Called wrapup()
Thread .top.Ramp is exiting.
-- Thread stopped.
Checking for deadlock:
There are 2 Blocked actors, 0 Stopped actors, and 3 active threads.
Waiting for actors to stop.
Read input token from inputA with value 8.0
Checking for deadlock:
There are 1 Blocked actors, 0 Stopped actors, and 3 active threads.
Waiting for actors to stop.
Called prefire()
Called fire()
Past the end of training data. Read and discard all inputs.
Checking for deadlock:
There are 2 Blocked actors, 0 Stopped actors, and 3 active threads.
Waiting for actors to stop.
Sent output token with value 7.5
Next port to read input from is inputB
Called postfire()
Called prefire()
Called fire()
Called postfire()
Called prefire()
Called fire()
Checking for deadlock:
There are 2 Blocked actors, 0 Stopped actors, and 3 active threads.
Waiting for actors to stop.
Read input token from inputB with value 9.0
Called prefire()
Called fire()
Past the end of training data. Read and discard all inputs.
Checking for deadlock:
There are 2 Blocked actors, 0 Stopped actors, and 3 active threads.
Waiting for actors to stop.
Sent output token with value 8.0
Next port to read input from is inputA
Called postfire()
Called prefire()
Called fire()
Read input token from inputA with value 9.0
Checking for deadlock:
There are 1 Blocked actors, 0 Stopped actors, and 3 active threads.
Waiting for actors to stop.
Called prefire()
Called fire()
Past the end of training data. Read and discard all inputs.
Checking for deadlock:
There are 2 Blocked actors, 0 Stopped actors, and 3 active threads.
Waiting for actors to stop.
Sent output token with value 9.0
Next port to read input from is inputB
Called postfire()
Called prefire()
Called fire()
Called postfire()
Called prefire()
Called fire()
Checking for deadlock:
There are 2 Blocked actors, 0 Stopped actors, and 3 active threads.
Waiting for actors to stop.
Read input token from inputB with value 10.5
Called prefire()
Called fire()
Past the end of training data. Read and discard all inputs.
Checking for deadlock:
There are 2 Blocked actors, 0 Stopped actors, and 3 active threads.
Waiting for actors to stop.
Sent output token with value 9.0
Next port to read input from is inputA
Called postfire()
Called prefire()
Called fire()
Checking for deadlock:
There are 3 Blocked actors, 0 Stopped actors, and 3 active threads.
Actors have stopped.
Checking for deadlock:
There are 3 Blocked actors, 0 Stopped actors, and 3 active threads.
Deadlock detected.
Resolving Deadlock
Checking for deadlock:
There are 3 Blocked actors, 0 Stopped actors, and 3 active threads.
Artificial Deadlock - increasing queue capacity.
increasing the capacity of receiver ptolemy.actor.TypedIOPort {.top.OrderedMerge.inputB} to 2
Director: Called postfire().
Called postfire().
_stopRequested = false
_stopFireRequested = false
Returning from postfire(): true
Called fire().
Checking for deadlock:
There are 2 Blocked actors, 0 Stopped actors, and 3 active threads.
Waiting for actors to stop.
-- Thread wrapup() called.
Called wrapup()
Thread .top.Ramp2 is exiting.
-- Thread stopped.
Checking for deadlock:
There are 2 Blocked actors, 0 Stopped actors, and 2 active threads.
Actors have stopped.
Checking for deadlock:
There are 2 Blocked actors, 0 Stopped actors, and 2 active threads.
Deadlock detected.
Resolving Deadlock
Checking for deadlock:
There are 2 Blocked actors, 0 Stopped actors, and 2 active threads.
Deadlock detected: no processes blocked on write, but some are blocked on read.
Called postfire().
_stopRequested = false
_stopFireRequested = false
Returning from postfire(): false
Finished deactivating branches.
Called wrapup().
-- Thread wrapup() called.
Called wrapup()
Thread .top.OrderedMerge is exiting.
-- Thread wrapup() called.
Called wrapup()
Thread .top.Test is exiting.
-- Thread stopped.
-- Blocked Receiver call threw TerminateProcessException.
33 ms. Memory: 208384K Free: 120561K (58%)
.top. Preinitializing ...
Invoking preinitialize():  .top.OrderedMerge
Called preinitialize()
Invoking preinitialize():  .top.Ramp
Called preinitialize()
Invoking preinitialize():  .top.Ramp2
Called preinitialize()
Invoking preinitialize():  .top.Test
Called preinitialize()
.top. Finished preinitialize().
Called initialize().
Invoking initialize():  .top.OrderedMerge
Initializing actor: .top.OrderedMerge
Adding a thread: .top.OrderedMerge
Invoking initialize():  .top.Ramp
Initializing actor: .top.Ramp
Adding a thread: .top.Ramp
Invoking initialize():  .top.Ramp2
Initializing actor: .top.Ramp2
Adding a thread: .top.Ramp2
Invoking initialize():  .top.Test
Initializing actor: .top.Test
Adding a thread: .top.Test
-- Thread stopped.
-- Blocked Receiver call threw TerminateProcessException.
-- Starting thread.
Called initialize()
Called prefire()
Called fire()
-- Starting thread.
Called initialize()
Called prefire()
Called fire()
Called postfire()
Called prefire()
Called fire()
-- Starting thread.
Called initialize()
Called prefire()
Called fire()
Called postfire()
Called prefire()
Called fire()
Called fire().
Checking for deadlock:
There are 3 Blocked actors, 0 Stopped actors, and 4 active threads.
Waiting for actors to stop.
-- Starting thread.
Called initialize()
Called prefire()
Called fire()
Checking for deadlock:
There are 2 Blocked actors, 0 Stopped actors, and 4 active threads.
Waiting for actors to stop.
Called postfire()
Called prefire()
Called fire()
Checking for deadlock:
There are 3 Blocked actors, 0 Stopped actors, and 4 active threads.
Waiting for actors to stop.
Read input token from inputA with value 0.0
Next port to read input from is inputB
Called postfire()
Called prefire()
Called fire()
Checking for deadlock:
There are 2 Blocked actors, 0 Stopped actors, and 4 active threads.
Waiting for actors to stop.
Called postfire()
Called prefire()
Called fire()
Checking for deadlock:
There are 3 Blocked actors, 0 Stopped actors, and 4 active threads.
Waiting for actors to stop.
Read input token from inputB with value 0.0
Checking for deadlock:
There are 2 Blocked actors, 0 Stopped actors, and 4 active threads.
Waiting for actors to stop.
-- Read input: 0.0, which is expected to match: 0.0
Called prefire()
Called fire()
Checking for deadlock:
There are 3 Blocked actors, 0 Stopped actors, and 4 active threads.
Waiting for actors to stop.
Sent output token with value 0.0
Next port to read input from is inputA
Called postfire()
Called prefire()
Called fire()
Checking for deadlock:
There are 2 Blocked actors, 0 Stopped actors, and 4 active threads.
Waiting for actors to stop.
Called postfire()
Called prefire()
Read input token from inputA with value 1.0
-- Read input: 0.0, which is expected to match: 0.0
Checking for deadlock:
There are 1 Blocked actors, 0 Stopped actors, and 4 active threads.
Waiting for actors to stop.
Sent output token with value 0.0
Next port to read input from is inputB
Called postfire()
Called prefire()
Called fire()
Checking for deadlock:
There are 0 Blocked actors, 0 Stopped actors, and 4 active threads.
Waiting for actors to stop.
Called postfire()
Called prefire()
Called fire()
Checking for deadlock:
There are 1 Blocked actors, 0 Stopped actors, and 4 active threads.
Waiting for actors to stop.
Read input token from inputB with value 1.5
Sent output token with value 1.0
Next port to read input from is inputA
Called postfire()
Called prefire()
Called fire()
Read input token from inputA with value 2.0
Checking for deadlock:
There are 2 Blocked actors, 0 Stopped actors, and 4 active threads.
Waiting for actors to stop.
Called prefire()
Called fire()
-- Read input: 1.0, which is expected to match: 1.0
Called prefire()
Called fire()
Checking for deadlock:
There are 2 Blocked actors, 0 Stopped actors, and 4 active threads.
Waiting for actors to stop.
Called fire()
Called postfire()
Called prefire()
Called fire()
Checking for deadlock:
There are 3 Blocked actors, 0 Stopped actors, and 4 active threads.
Waiting for actors to stop.
-- Read input: 1.5, which is expected to match: 1.5
Called prefire()
Called fire()
Checking for deadlock:
There are 3 Blocked actors, 0 Stopped actors, and 4 active threads.
Waiting for actors to stop.
Sent output token with value 1.5
Next port to read input from is inputB
Called postfire()
Called prefire()
Called fire()
Checking for deadlock:
There are 2 Blocked actors, 0 Stopped actors, and 4 active threads.
Waiting for actors to stop.
Called postfire()
Called prefire()
Called fire()
Checking for deadlock:
There are 3 Blocked actors, 0 Stopped actors, and 4 active threads.
Waiting for actors to stop.
Read input token from inputB with value 3.0
Checking for deadlock:
There are 2 Blocked actors, 0 Stopped actors, and 4 active threads.
Waiting for actors to stop.
-- Read input: 2.0, which is expected to match: 2.0
Called prefire()
Called fire()
Checking for deadlock:
There are 3 Blocked actors, 0 Stopped actors, and 4 active threads.
Waiting for actors to stop.
Sent output token with value 2.0
Next port to read input from is inputA
Called postfire()
Called prefire()
Called fire()
Checking for deadlock:
There are 2 Blocked actors, 0 Stopped actors, and 4 active threads.
Waiting for actors to stop.
Called postfire()
Called prefire()
Called fire()
Checking for deadlock:
There are 3 Blocked actors, 0 Stopped actors, and 4 active threads.
Waiting for actors to stop.
Read input token from inputA with value 3.0
Checking for deadlock:
There are 2 Blocked actors, 0 Stopped actors, and 4 active threads.
Waiting for actors to stop.
-- Read input: 3.0, which is expected to match: 3.0
Called prefire()
Called fire()
Checking for deadlock:
There are 3 Blocked actors, 0 Stopped actors, and 4 active threads.
Waiting for actors to stop.
Sent output token with value 3.0
Next port to read input from is inputB
Called postfire()
Called prefire()
Called fire()
Checking for deadlock:
There are 2 Blocked actors, 0 Stopped actors, and 4 active threads.
Waiting for actors to stop.
Called postfire()
Called prefire()
Called fire()
Checking for deadlock:
There are 3 Blocked actors, 0 Stopped actors, and 4 active threads.
Waiting for actors to stop.
Read input token from inputB with value 4.5
Checking for deadlock:
There are 2 Blocked actors, 0 Stopped actors, and 4 active threads.
Waiting for actors to stop.
-- Read input: 3.0, which is expected to match: 3.0
Called prefire()
Called fire()
Checking for deadlock:
There are 3 Blocked actors, 0 Stopped actors, and 4 active threads.
Waiting for actors to stop.
Sent output token with value 3.0
Next port to read input from is inputA
Called postfire()
Called prefire()
Called fire()
Checking for deadlock:
There are 2 Blocked actors, 0 Stopped actors, and 4 active threads.
Waiting for actors to stop.
Called postfire()
Called prefire()
Called fire()
Checking for deadlock:
There are 3 Blocked actors, 0 Stopped actors, and 4 active threads.
Waiting for actors to stop.
Read input token from inputA with value 4.0
Checking for deadlock:
There are 2 Blocked actors, 0 Stopped actors, and 4 active threads.
Waiting for actors to stop.
-- Read input: 4.0, which is expected to match: 4.0
Called prefire()
Called fire()
Past the end of training data. Read and discard all inputs.
Checking for deadlock:
There are 3 Blocked actors, 0 Stopped actors, and 4 active threads.
Waiting for actors to stop.
Sent output token with value 4.0
Next port to read input from is inputA
Called postfire()
Called prefire()
Called fire()
Checking for deadlock:
There are 2 Blocked actors, 0 Stopped actors, and 4 active threads.
Waiting for actors to stop.
Called postfire()
Called prefire()
Called fire()
Checking for deadlock:
There are 3 Blocked actors, 0 Stopped actors, and 4 active threads.
Waiting for actors to stop.
Read input token from inputA with value 5.0
Checking for deadlock:
There are 2 Blocked actors, 0 Stopped actors, and 4 active threads.
Waiting for actors to stop.
Called prefire()
Called fire()
Past the end of training data. Read and discard all inputs.
Checking for deadlock:
There are 3 Blocked actors, 0 Stopped actors, and 4 active threads.
Waiting for actors to stop.
Sent output token with value 4.5
Next port to read input from is inputB
Called postfire()
Called prefire()
Called fire()
Checking for deadlock:
There are 2 Blocked actors, 0 Stopped actors, and 4 active threads.
Waiting for actors to stop.
Called postfire()
Called prefire()
Called fire()
Checking for deadlock:
There are 3 Blocked actors, 0 Stopped actors, and 4 active threads.
Waiting for actors to stop.
Read input token from inputB with value 6.0
Checking for deadlock:
There are 2 Blocked actors, 0 Stopped actors, and 4 active threads.
Waiting for actors to stop.
Called prefire()
Called fire()
Past the end of training data. Read and discard all inputs.
Checking for deadlock:
There are 3 Blocked actors, 0 Stopped actors, and 4 active threads.
Waiting for actors to stop.
Sent output token with value 5.0
Next port to read input from is inputA
Called postfire()
Called prefire()
Called fire()
Checking for deadlock:
There are 2 Blocked actors, 0 Stopped actors, and 4 active threads.
Waiting for actors to stop.
Called postfire()
Called prefire()
Called fire()
Checking for deadlock:
There are 3 Blocked actors, 0 Stopped actors, and 4 active threads.
Waiting for actors to stop.
Read input token from inputA with value 6.0
Checking for deadlock:
There are 2 Blocked actors, 0 Stopped actors, and 4 active threads.
Waiting for actors to stop.
Called prefire()
Called fire()
Past the end of training data. Read and discard all inputs.
Checking for deadlock:
There are 3 Blocked actors, 0 Stopped actors, and 4 active threads.
Waiting for actors to stop.
Sent output token with value 6.0
Next port to read input from is inputB
Called postfire()
Called prefire()
Called fire()
Checking for deadlock:
There are 2 Blocked actors, 0 Stopped actors, and 4 active threads.
Waiting for actors to stop.
Called postfire()
Called prefire()
Called fire()
Checking for deadlock:
There are 3 Blocked actors, 0 Stopped actors, and 4 active threads.
Waiting for actors to stop.
Read input token from inputB with value 7.5
Checking for deadlock:
There are 2 Blocked actors, 0 Stopped actors, and 4 active threads.
Waiting for actors to stop.
Called prefire()
Called fire()
Past the end of training data. Read and discard all inputs.
Checking for deadlock:
There are 3 Blocked actors, 0 Stopped actors, and 4 active threads.
Waiting for actors to stop.
Sent output token with value 6.0
Next port to read input from is inputA
Called postfire()
Called prefire()
Called fire()
Checking for deadlock:
There are 2 Blocked actors, 0 Stopped actors, and 4 active threads.
Waiting for actors to stop.
Called postfire()
Called prefire()
Called fire()
Checking for deadlock:
There are 3 Blocked actors, 0 Stopped actors, and 4 active threads.
Waiting for actors to stop.
Read input token from inputA with value 7.0
Checking for deadlock:
There are 2 Blocked actors, 0 Stopped actors, and 4 active threads.
Waiting for actors to stop.
Called prefire()
Called fire()
Past the end of training data. Read and discard all inputs.
Checking for deadlock:
There are 3 Blocked actors, 0 Stopped actors, and 4 active threads.
Waiting for actors to stop.
Sent output token with value 7.0
Next port to read input from is inputA
Called postfire()
Called prefire()
Called fire()
Checking for deadlock:
There are 2 Blocked actors, 0 Stopped actors, and 4 active threads.
Waiting for actors to stop.
-- Thread wrapup() called.
Called wrapup()
Thread .top.Ramp is exiting.
Checking for deadlock:
There are 2 Blocked actors, 0 Stopped actors, and 3 active threads.
Waiting for actors to stop.
-- Thread stopped.
Read input token from inputA with value 8.0
Checking for deadlock:
There are 1 Blocked actors, 0 Stopped actors, and 3 active threads.
Waiting for actors to stop.
Called prefire()
Called fire()
Past the end of training data. Read and discard all inputs.
Checking for deadlock:
There are 2 Blocked actors, 0 Stopped actors, and 3 active threads.
Waiting for actors to stop.
Sent output token with value 7.5
Next port to read input from is inputB
Called postfire()
Called prefire()
Called fire()
Checking for deadlock:
There are 1 Blocked actors, 0 Stopped actors, and 3 active threads.
Waiting for actors to stop.
Called postfire()
Called prefire()
Called fire()
Checking for deadlock:
There are 2 Blocked actors, 0 Stopped actors, and 3 active threads.
Waiting for actors to stop.
Read input token from inputB with value 9.0
Checking for deadlock:
There are 1 Blocked actors, 0 Stopped actors, and 3 active threads.
Waiting for actors to stop.
Called prefire()
Called fire()
Past the end of training data. Read and discard all inputs.
Checking for deadlock:
There are 2 Blocked actors, 0 Stopped actors, and 3 active threads.
Waiting for actors to stop.
Sent output token with value 8.0
Next port to read input from is inputA
Called postfire()
Called prefire()
Called fire()
Read input token from inputA with value 9.0
Checking for deadlock:
There are 1 Blocked actors, 0 Stopped actors, and 3 active threads.
Waiting for actors to stop.
Called prefire()
Called fire()
Past the end of training data. Read and discard all inputs.
Checking for deadlock:
There are 2 Blocked actors, 0 Stopped actors, and 3 active threads.
Waiting for actors to stop.
Sent output token with value 9.0
Next port to read input from is inputB
Called postfire()
Called prefire()
Called fire()
Checking for deadlock:
There are 1 Blocked actors, 0 Stopped actors, and 3 active threads.
Waiting for actors to stop.
Called postfire()
Called prefire()
Called fire()
Checking for deadlock:
There are 2 Blocked actors, 0 Stopped actors, and 3 active threads.
Waiting for actors to stop.
Read input token from inputB with value 10.5
Checking for deadlock:
There are 1 Blocked actors, 0 Stopped actors, and 3 active threads.
Waiting for actors to stop.
Called prefire()
Called fire()
Past the end of training data. Read and discard all inputs.
Checking for deadlock:
There are 2 Blocked actors, 0 Stopped actors, and 3 active threads.
Waiting for actors to stop.
Sent output token with value 9.0
Next port to read input from is inputA
Called postfire()
Called prefire()
Called fire()
Checking for deadlock:
There are 3 Blocked actors, 0 Stopped actors, and 3 active threads.
Actors have stopped.
Checking for deadlock:
There are 3 Blocked actors, 0 Stopped actors, and 3 active threads.
Deadlock detected.
Resolving Deadlock
Checking for deadlock:
There are 3 Blocked actors, 0 Stopped actors, and 3 active threads.
Artificial Deadlock - increasing queue capacity.
increasing the capacity of receiver ptolemy.actor.TypedIOPort {.top.OrderedMerge.inputB} to 2
Director: Called postfire().
Called postfire().
_stopRequested = false
_stopFireRequested = false
Returning from postfire(): true
Called fire().
Checking for deadlock:
There are 2 Blocked actors, 0 Stopped actors, and 3 active threads.
Waiting for actors to stop.
-- Thread wrapup() called.
Called wrapup()
Thread .top.Ramp2 is exiting.
-- Thread stopped.
Checking for deadlock:
There are 2 Blocked actors, 0 Stopped actors, and 2 active threads.
Actors have stopped.
Checking for deadlock:
There are 2 Blocked actors, 0 Stopped actors, and 2 active threads.
Deadlock detected.
Resolving Deadlock
Checking for deadlock:
There are 2 Blocked actors, 0 Stopped actors, and 2 active threads.
Deadlock detected: no processes blocked on write, but some are blocked on read.
Called postfire().
_stopRequested = false
_stopFireRequested = false
Returning from postfire(): false
Finished deactivating branches.
Called wrapup().
-- Thread wrapup() called.
Called wrapup()
Thread .top.Test is exiting.
-- Thread stopped.
-- Blocked Receiver call threw TerminateProcessException.
-- Thread wrapup() called.
Called wrapup()
Thread .top.OrderedMerge is exiting.
21 ms. Memory: 208384K Free: 115646K (55%)
/home/travis/build/icyphy/ptII/ptolemy/actor/lib/test/Publisher.tcl
-- Thread stopped.
-- Blocked Receiver call threw TerminateProcessException.
9 ms. Memory: 208384K Free: 108393K (52%)
3 ms. Memory: 208384K Free: 103559K (50%)
11 ms. Memory: 208384K Free: 98724K (47%)
4 ms. Memory: 208384K Free: 98724K (47%)
5 ms. Memory: 208384K Free: 98724K (47%)
3 ms. Memory: 208384K Free: 96306K (46%)
2 ms. Memory: 208384K Free: 96306K (46%)
3 ms. Memory: 208384K Free: 96306K (46%)
6 ms. Memory: 208384K Free: 86636K (42%)
3 ms. Memory: 208384K Free: 81802K (39%)
2 ms. Memory: 208384K Free: 81802K (39%)
1 ms. Memory: 208384K Free: 80475K (39%)
16 ms. Memory: 330752K Free: 314118K (95%)
5 ms. Memory: 330752K Free: 304658K (92%)
5 ms. Memory: 330752K Free: 290451K (88%)
/home/travis/build/icyphy/ptII/ptolemy/actor/lib/test/Pulse.tcl
7 ms. Memory: 330752K Free: 252529K (76%)
2 ms. Memory: 330752K Free: 252529K (76%)
7 ms. Memory: 330752K Free: 252529K (76%)
2 ms. Memory: 330752K Free: 247783K (75%)
1 ms. Memory: 330752K Free: 247783K (75%)
9 ms. Memory: 330752K Free: 247783K (75%)
2 ms. Memory: 330752K Free: 247783K (75%)
2 ms. Memory: 330752K Free: 247783K (75%)
2 ms. Memory: 330752K Free: 247783K (75%)
/home/travis/build/icyphy/ptII/ptolemy/actor/lib/test/Ramp.tcl
3 ms. Memory: 330752K Free: 243045K (73%)
2 ms. Memory: 330752K Free: 243045K (73%)
9 ms. Memory: 330752K Free: 243045K (73%)
2 ms. Memory: 330752K Free: 243045K (73%)
3 ms. Memory: 330752K Free: 243045K (73%)
3 ms. Memory: 330752K Free: 238299K (72%)
4 ms. Memory: 330752K Free: 238299K (72%)
5 actors
5000 microseconds per iteration to create
5 ms. Memory: 330752K Free: 238299K (72%)
2 ms. Memory: 330752K Free: 238299K (72%)
2 ms. Memory: 330752K Free: 233553K (71%)
1 ms. Memory: 330752K Free: 233553K (71%)
50 actors
25000 microseconds per iteration to create
24 ms. Memory: 330752K Free: 219346K (66%)
5 ms. Memory: 330752K Free: 219346K (66%)
5 ms. Memory: 330752K Free: 219346K (66%)
5 ms. Memory: 330752K Free: 214600K (65%)
500 actors
1298000 microseconds per iteration to create
302 ms. Memory: 331776K Free: 286129K (86%)
58 ms. Memory: 331776K Free: 281347K (85%)
56 ms. Memory: 331776K Free: 276565K (83%)
41 ms. Memory: 331776K Free: 271783K (82%)
/home/travis/build/icyphy/ptII/ptolemy/actor/lib/test/RampContinuous.tcl
7 ms. Memory: 331776K Free: 271783K (82%)
/home/travis/build/icyphy/ptII/ptolemy/actor/lib/test/RecordAssembler.tcl
7 ms. Memory: 331776K Free: 267001K (80%)
4 ms. Memory: 331776K Free: 267001K (80%)
/home/travis/build/icyphy/ptII/ptolemy/actor/lib/test/RecordDisassembler.tcl
7 ms. Memory: 331776K Free: 267001K (80%)
3 ms. Memory: 331776K Free: 262219K (79%)
3 ms. Memory: 331776K Free: 262219K (79%)
/home/travis/build/icyphy/ptII/ptolemy/actor/lib/test/Scale.tcl
2 ms. Memory: 331776K Free: 262219K (79%)
2 ms. Memory: 331776K Free: 262219K (79%)
1 ms. Memory: 331776K Free: 262219K (79%)
7 ms. Memory: 331776K Free: 257432K (78%)
2 ms. Memory: 331776K Free: 257432K (78%)
/home/travis/build/icyphy/ptII/ptolemy/actor/lib/test/SequentialClock.tcl
preinitializing
resolving types
initializing
executing number 1
wrapping up
idle
4 ms. Memory: 331776K Free: 257432K (78%)
Completed execution with 5 iterations
preinitializing
resolving types
initializing
executing number 1
wrapping up
idle
1 ms. Memory: 331776K Free: 257432K (78%)
Completed execution with 5 iterations
preinitializing
resolving types
initializing
executing number 1
wrapping up
idle
3 ms. Memory: 331776K Free: 257432K (78%)
Completed execution with 5 iterations
/home/travis/build/icyphy/ptII/ptolemy/actor/lib/test/SetVariable.tcl
5 ms. Memory: 331776K Free: 252642K (76%)
/home/travis/build/icyphy/ptII/ptolemy/actor/lib/test/Sinewave.tcl
/home/travis/build/icyphy/ptII/ptolemy/actor/lib/test/SubscriptionAggregator.tcl
8 ms. Memory: 331776K Free: 243046K (73%)
9 ms. Memory: 331776K Free: 238256K (72%)
1 ms. Memory: 331776K Free: 238256K (72%)
0 ms. Memory: 331776K Free: 238256K (72%)
2 ms. Memory: 331776K Free: 233474K (70%)
3 ms. Memory: 331776K Free: 233474K (70%)
...............................................................970 ms. Memory: 574976K Free: 113864K (20%)
/home/travis/build/icyphy/ptII/ptolemy/actor/lib/test/Test.tcl
 The next command will produce a warning about training mode,
   which may be ignored.
4 ms. Memory: 574976K Free: 113864K (20%)
2 ms. Memory: 574976K Free: 113864K (20%)
2 ms. Memory: 574976K Free: 113864K (20%)
1 ms. Memory: 574976K Free: 113864K (20%)
3 ms. Memory: 574976K Free: 113864K (20%)
11 ms. Memory: 574976K Free: 113864K (20%)
2 ms. Memory: 574976K Free: 104296K (18%)
 The next command will produce a warning about training mode,
   which may be ignored.
13 ms. Memory: 574976K Free: 104296K (18%)
 The next command will produce a warning about training mode,
   which may be ignored.
2 ms. Memory: 574976K Free: 104296K (18%)
1 ms. Memory: 574976K Free: 104296K (18%)
2 ms. Memory: 574976K Free: 104296K (18%)
1 ms. Memory: 574976K Free: 104296K (18%)
1 ms. Memory: 574976K Free: 104296K (18%)
3 ms. Memory: 574976K Free: 94727K (16%)
/home/travis/build/icyphy/ptII/ptolemy/actor/lib/test/TestExceptionHandler.tcl
 The next command will produce a warning about training mode,
   which may be ignored.
2 ms. Memory: 574976K Free: 94727K (16%)
1 ms. Memory: 574976K Free: 94727K (16%)
0 ms. Memory: 574976K Free: 94727K (16%)
/home/travis/build/icyphy/ptII/ptolemy/actor/lib/test/UnionDisassembler.tcl
30 ms. Memory: 574976K Free: 85174K (15%)
/home/travis/build/icyphy/ptII/ptolemy/actor/lib/test/VariableClock.tcl
preinitializing
resolving types
initializing
executing number 1
wrapping up
idle
10 ms. Memory: 574976K Free: 85174K (15%)
Completed execution with 11 iterations
preinitializing
resolving types
initializing
executing number 1
wrapping up
idle
7 ms. Memory: 574976K Free: 85174K (15%)
Completed execution with 10 iterations
02/04/19 03:26:22
Failed: 0  Total Tests: 234  ((Passed: 234, Newly Passed: 0)  Known Failed: 0) /home/travis/build/icyphy/ptII/ptolemy/actor/lib/test
----------------- testing (KnownFailure) /home/travis/build/icyphy/ptII/ptolemy/actor/lib/test/auto/knownFailedTests/PublisherPortToplevelSubscriber.xml
1 ms. Memory: 574976K Free: 75466K (13%)
Known Failure: java.lang.reflect.InvocationTargetException
----------------- testing (KnownFailure) /home/travis/build/icyphy/ptII/ptolemy/actor/lib/test/auto/knownFailedTests/PublisherSubscriberPortToplevel.xml
3 ms. Memory: 579072K Free: 532672K (92%)
Known Failure: java.lang.reflect.InvocationTargetException
----------------- testing (KnownFailure) /home/travis/build/icyphy/ptII/ptolemy/actor/lib/test/auto/knownFailedTests/PublisherSubscriptionAggregatorPort.xml
1 ms. Memory: 579072K Free: 503836K (87%)
Known Failure: java.lang.reflect.InvocationTargetException
----------------- testing (KnownFailure) /home/travis/build/icyphy/ptII/ptolemy/actor/lib/test/auto/knownFailedTests/sizedarray3.xml
4 ms. Memory: 579072K Free: 484421K (84%)
Known Failure: java.lang.reflect.InvocationTargetException
No auto/linux-amd64/*.xml tests in /home/travis/build/icyphy/ptII/ptolemy/actor/lib/test
AutoTests.java: About to close Vertx.
AutoTests.java: Vertx closed.

===========================================================================================
----------------- testing Mon Feb 04 03:26:22 UTC 2019 /home/travis/build/icyphy/ptII/ptolemy/actor/lib/test/auto/AbsoluteValue.xml
----------------- Instantiating /home/travis/build/icyphy/ptII/ptolemy/actor/lib/test/auto/AbsoluteValue.xml
18 ms. Memory: 579072K Free: 406967K (70%)
----------------- Invoking toplevel() on ptolemy.moml.MoMLSimpleApplication@3de89e66
----------------- Done invoking toplevel() on ptolemy.moml.MoMLSimpleApplication@3de89e66
reloadAllAccessors: .AbsoluteValue

===========================================================================================
----------------- testing Mon Feb 04 03:26:23 UTC 2019 /home/travis/build/icyphy/ptII/ptolemy/actor/lib/test/auto/AbsoluteValue2.xml
----------------- Instantiating /home/travis/build/icyphy/ptII/ptolemy/actor/lib/test/auto/AbsoluteValue2.xml
4 ms. Memory: 579072K Free: 392390K (68%)
----------------- Invoking toplevel() on ptolemy.moml.MoMLSimpleApplication@3935c6ec
----------------- Done invoking toplevel() on ptolemy.moml.MoMLSimpleApplication@3935c6ec
reloadAllAccessors: .AbsoluteValue2

===========================================================================================
----------------- testing Mon Feb 04 03:26:23 UTC 2019 /home/travis/build/icyphy/ptII/ptolemy/actor/lib/test/auto/Accumulator.xml
----------------- Instantiating /home/travis/build/icyphy/ptII/ptolemy/actor/lib/test/auto/Accumulator.xml
15 ms. Memory: 579072K Free: 382682K (66%)
----------------- Invoking toplevel() on ptolemy.moml.MoMLSimpleApplication@6e78d729
----------------- Done invoking toplevel() on ptolemy.moml.MoMLSimpleApplication@6e78d729
reloadAllAccessors: .Accumulator

===========================================================================================
----------------- testing Mon Feb 04 03:26:23 UTC 2019 /home/travis/build/icyphy/ptII/ptolemy/actor/lib/test/auto/Accumulator2.xml
----------------- Instantiating /home/travis/build/icyphy/ptII/ptolemy/actor/lib/test/auto/Accumulator2.xml
18 ms. Memory: 579072K Free: 363554K (63%)
----------------- Invoking toplevel() on ptolemy.moml.MoMLSimpleApplication@121c158b
----------------- Done invoking toplevel() on ptolemy.moml.MoMLSimpleApplication@121c158b
reloadAllAccessors: .Accumulator2

===========================================================================================
----------------- testing Mon Feb 04 03:26:23 UTC 2019 /home/travis/build/icyphy/ptII/ptolemy/actor/lib/test/auto/Accumulator3.xml
----------------- Instantiating /home/travis/build/icyphy/ptII/ptolemy/actor/lib/test/auto/Accumulator3.xml
3 ms. Memory: 579072K Free: 353846K (61%)
----------------- Invoking toplevel() on ptolemy.moml.MoMLSimpleApplication@14a5bb9a
----------------- Done invoking toplevel() on ptolemy.moml.MoMLSimpleApplication@14a5bb9a
reloadAllAccessors: .Accumulator3

===========================================================================================
----------------- testing Mon Feb 04 03:26:23 UTC 2019 /home/travis/build/icyphy/ptII/ptolemy/actor/lib/test/auto/ArrayAppend.xml
----------------- Instantiating /home/travis/build/icyphy/ptII/ptolemy/actor/lib/test/auto/ArrayAppend.xml
7 ms. Memory: 579072K Free: 344139K (59%)
----------------- Invoking toplevel() on ptolemy.moml.MoMLSimpleApplication@2040cb30
----------------- Done invoking toplevel() on ptolemy.moml.MoMLSimpleApplication@2040cb30
reloadAllAccessors: .ArrayAppend

===========================================================================================
----------------- testing Mon Feb 04 03:26:23 UTC 2019 /home/travis/build/icyphy/ptII/ptolemy/actor/lib/test/auto/ArrayAppend2.xml
----------------- Instantiating /home/travis/build/icyphy/ptII/ptolemy/actor/lib/test/auto/ArrayAppend2.xml
331 ms. Memory: 579072K Free: 261623K (45%)
----------------- Invoking toplevel() on ptolemy.moml.MoMLSimpleApplication@241b2ed1
----------------- Done invoking toplevel() on ptolemy.moml.MoMLSimpleApplication@241b2ed1
reloadAllAccessors: .ArrayAppend2

===========================================================================================
----------------- testing Mon Feb 04 03:26:23 UTC 2019 /home/travis/build/icyphy/ptII/ptolemy/actor/lib/test/auto/ArrayAppend3.xml
----------------- Instantiating /home/travis/build/icyphy/ptII/ptolemy/actor/lib/test/auto/ArrayAppend3.xml
3 ms. Memory: 579072K Free: 251916K (44%)
----------------- Invoking toplevel() on ptolemy.moml.MoMLSimpleApplication@4f716f84
----------------- Done invoking toplevel() on ptolemy.moml.MoMLSimpleApplication@4f716f84
reloadAllAccessors: .ArrayAppend3

===========================================================================================
----------------- testing Mon Feb 04 03:26:23 UTC 2019 /home/travis/build/icyphy/ptII/ptolemy/actor/lib/test/auto/ArrayAppend4.xml
----------------- Instantiating /home/travis/build/icyphy/ptII/ptolemy/actor/lib/test/auto/ArrayAppend4.xml
5 ms. Memory: 579072K Free: 232787K (40%)
----------------- Invoking toplevel() on ptolemy.moml.MoMLSimpleApplication@7ae9aeff
----------------- Done invoking toplevel() on ptolemy.moml.MoMLSimpleApplication@7ae9aeff
reloadAllAccessors: .ArrayAppend4

===========================================================================================
----------------- testing Mon Feb 04 03:26:23 UTC 2019 /home/travis/build/icyphy/ptII/ptolemy/actor/lib/test/auto/ArrayAppend5.xml
----------------- Instantiating /home/travis/build/icyphy/ptII/ptolemy/actor/lib/test/auto/ArrayAppend5.xml
2 ms. Memory: 579072K Free: 223080K (39%)
----------------- Invoking toplevel() on ptolemy.moml.MoMLSimpleApplication@42173196
----------------- Done invoking toplevel() on ptolemy.moml.MoMLSimpleApplication@42173196
reloadAllAccessors: .ArrayAppend5

===========================================================================================
----------------- testing Mon Feb 04 03:26:23 UTC 2019 /home/travis/build/icyphy/ptII/ptolemy/actor/lib/test/auto/ArrayAppend6.xml
----------------- Instantiating /home/travis/build/icyphy/ptII/ptolemy/actor/lib/test/auto/ArrayAppend6.xml
7 ms. Memory: 579072K Free: 213372K (37%)
----------------- Invoking toplevel() on ptolemy.moml.MoMLSimpleApplication@6bbe8a87
----------------- Done invoking toplevel() on ptolemy.moml.MoMLSimpleApplication@6bbe8a87
reloadAllAccessors: .ArrayAppend6

===========================================================================================
----------------- testing Mon Feb 04 03:26:23 UTC 2019 /home/travis/build/icyphy/ptII/ptolemy/actor/lib/test/auto/ArrayAppendPerformanceTest.xml
----------------- Instantiating /home/travis/build/icyphy/ptII/ptolemy/actor/lib/test/auto/ArrayAppendPerformanceTest.xml
22 ms. Memory: 579072K Free: 198795K (34%)
----------------- Invoking toplevel() on ptolemy.moml.MoMLSimpleApplication@63927a4d
----------------- Done invoking toplevel() on ptolemy.moml.MoMLSimpleApplication@63927a4d
reloadAllAccessors: .ArrayAppendPerformanceTest

===========================================================================================
----------------- testing Mon Feb 04 03:26:23 UTC 2019 /home/travis/build/icyphy/ptII/ptolemy/actor/lib/test/auto/ArrayAppendWithEmptyInput.xml
----------------- Instantiating /home/travis/build/icyphy/ptII/ptolemy/actor/lib/test/auto/ArrayAppendWithEmptyInput.xml
27 ms. Memory: 579072K Free: 174797K (30%)
----------------- Invoking toplevel() on ptolemy.moml.MoMLSimpleApplication@436922e
----------------- Done invoking toplevel() on ptolemy.moml.MoMLSimpleApplication@436922e
reloadAllAccessors: .ArrayAppendWithEmptyInput

===========================================================================================
----------------- testing Mon Feb 04 03:26:23 UTC 2019 /home/travis/build/icyphy/ptII/ptolemy/actor/lib/test/auto/ArrayAverage.xml
----------------- Instantiating /home/travis/build/icyphy/ptII/ptolemy/actor/lib/test/auto/ArrayAverage.xml
11 ms. Memory: 579072K Free: 160220K (28%)
----------------- Invoking toplevel() on ptolemy.moml.MoMLSimpleApplication@5f7125b2
----------------- Done invoking toplevel() on ptolemy.moml.MoMLSimpleApplication@5f7125b2
reloadAllAccessors: .ArrayAverage

===========================================================================================
----------------- testing Mon Feb 04 03:26:24 UTC 2019 /home/travis/build/icyphy/ptII/ptolemy/actor/lib/test/auto/ArrayContains.xml
----------------- Instantiating /home/travis/build/icyphy/ptII/ptolemy/actor/lib/test/auto/ArrayContains.xml
8 ms. Memory: 579072K Free: 150512K (26%)
----------------- Invoking toplevel() on ptolemy.moml.MoMLSimpleApplication@78d940ac
----------------- Done invoking toplevel() on ptolemy.moml.MoMLSimpleApplication@78d940ac
reloadAllAccessors: .ArrayContains

===========================================================================================
----------------- testing Mon Feb 04 03:26:24 UTC 2019 /home/travis/build/icyphy/ptII/ptolemy/actor/lib/test/auto/ArrayElement.xml
----------------- Instantiating /home/travis/build/icyphy/ptII/ptolemy/actor/lib/test/auto/ArrayElement.xml
10 ms. Memory: 579072K Free: 140804K (24%)
----------------- Invoking toplevel() on ptolemy.moml.MoMLSimpleApplication@5d2b97d
----------------- Done invoking toplevel() on ptolemy.moml.MoMLSimpleApplication@5d2b97d
reloadAllAccessors: .ArrayElement

===========================================================================================
----------------- testing Mon Feb 04 03:26:24 UTC 2019 /home/travis/build/icyphy/ptII/ptolemy/actor/lib/test/auto/ArrayElementAsMatrix.xml
----------------- Instantiating /home/travis/build/icyphy/ptII/ptolemy/actor/lib/test/auto/ArrayElementAsMatrix.xml
27 ms. Memory: 579072K Free: 116814K (20%)
----------------- Invoking toplevel() on ptolemy.moml.MoMLSimpleApplication@512ec864
----------------- Done invoking toplevel() on ptolemy.moml.MoMLSimpleApplication@512ec864
reloadAllAccessors: .ArrayElementAsMatrix

===========================================================================================
----------------- testing Mon Feb 04 03:26:24 UTC 2019 /home/travis/build/icyphy/ptII/ptolemy/actor/lib/test/auto/ArrayElementI.xml
----------------- Instantiating /home/travis/build/icyphy/ptII/ptolemy/actor/lib/test/auto/ArrayElementI.xml
4 ms. Memory: 579072K Free: 107107K (18%)
----------------- Invoking toplevel() on ptolemy.moml.MoMLSimpleApplication@4ad86c11
----------------- Done invoking toplevel() on ptolemy.moml.MoMLSimpleApplication@4ad86c11
reloadAllAccessors: .ArrayElementI

===========================================================================================
----------------- testing Mon Feb 04 03:26:24 UTC 2019 /home/travis/build/icyphy/ptII/ptolemy/actor/lib/test/auto/ArrayExtract.xml
----------------- Instantiating /home/travis/build/icyphy/ptII/ptolemy/actor/lib/test/auto/ArrayExtract.xml
5 ms. Memory: 579072K Free: 97399K (17%)
----------------- Invoking toplevel() on ptolemy.moml.MoMLSimpleApplication@1fb8c78d
----------------- Done invoking toplevel() on ptolemy.moml.MoMLSimpleApplication@1fb8c78d
reloadAllAccessors: .ArrayExtract

===========================================================================================
----------------- testing Mon Feb 04 03:26:24 UTC 2019 /home/travis/build/icyphy/ptII/ptolemy/actor/lib/test/auto/ArrayExtract2.xml
----------------- Instantiating /home/travis/build/icyphy/ptII/ptolemy/actor/lib/test/auto/ArrayExtract2.xml
2 ms. Memory: 579072K Free: 87692K (15%)
----------------- Invoking toplevel() on ptolemy.moml.MoMLSimpleApplication@72964def
----------------- Done invoking toplevel() on ptolemy.moml.MoMLSimpleApplication@72964def
reloadAllAccessors: .ArrayExtract2

===========================================================================================
----------------- testing Mon Feb 04 03:26:24 UTC 2019 /home/travis/build/icyphy/ptII/ptolemy/actor/lib/test/auto/ArrayLength.xml
----------------- Instantiating /home/travis/build/icyphy/ptII/ptolemy/actor/lib/test/auto/ArrayLength.xml
1 ms. Memory: 579072K Free: 68563K (12%)
----------------- Invoking toplevel() on ptolemy.moml.MoMLSimpleApplication@99b545
----------------- Done invoking toplevel() on ptolemy.moml.MoMLSimpleApplication@99b545
reloadAllAccessors: .ArrayLength

===========================================================================================
----------------- testing Mon Feb 04 03:26:24 UTC 2019 /home/travis/build/icyphy/ptII/ptolemy/actor/lib/test/auto/ArrayLevelCrossing.xml
----------------- Instantiating /home/travis/build/icyphy/ptII/ptolemy/actor/lib/test/auto/ArrayLevelCrossing.xml
3 ms. Memory: 579072K Free: 57004K (10%)
----------------- Invoking toplevel() on ptolemy.moml.MoMLSimpleApplication@260cd14c
----------------- Done invoking toplevel() on ptolemy.moml.MoMLSimpleApplication@260cd14c
reloadAllAccessors: .ArrayLevelCrossing

===========================================================================================
----------------- testing Mon Feb 04 03:26:24 UTC 2019 /home/travis/build/icyphy/ptII/ptolemy/actor/lib/test/auto/ArrayLevelCrossing2.xml
----------------- Instantiating /home/travis/build/icyphy/ptII/ptolemy/actor/lib/test/auto/ArrayLevelCrossing2.xml
3 ms. Memory: 875520K Free: 812071K (93%)
----------------- Invoking toplevel() on ptolemy.moml.MoMLSimpleApplication@7a159413
----------------- Done invoking toplevel() on ptolemy.moml.MoMLSimpleApplication@7a159413
reloadAllAccessors: .ArrayLevelCrossing2

===========================================================================================
----------------- testing Mon Feb 04 03:26:24 UTC 2019 /home/travis/build/icyphy/ptII/ptolemy/actor/lib/test/auto/ArrayPeakSearch.xml
----------------- Instantiating /home/travis/build/icyphy/ptII/ptolemy/actor/lib/test/auto/ArrayPeakSearch.xml
3 ms. Memory: 875520K Free: 785945K (90%)
----------------- Invoking toplevel() on ptolemy.moml.MoMLSimpleApplication@67894d70
----------------- Done invoking toplevel() on ptolemy.moml.MoMLSimpleApplication@67894d70
reloadAllAccessors: .ArrayPeakSearch

===========================================================================================
----------------- testing Mon Feb 04 03:26:24 UTC 2019 /home/travis/build/icyphy/ptII/ptolemy/actor/lib/test/auto/ArrayPeakSearch2.xml
----------------- Instantiating /home/travis/build/icyphy/ptII/ptolemy/actor/lib/test/auto/ArrayPeakSearch2.xml
5 ms. Memory: 875520K Free: 762643K (87%)
----------------- Invoking toplevel() on ptolemy.moml.MoMLSimpleApplication@7010bc73
----------------- Done invoking toplevel() on ptolemy.moml.MoMLSimpleApplication@7010bc73
reloadAllAccessors: .ArrayPeakSearch2

===========================================================================================
----------------- testing Mon Feb 04 03:26:24 UTC 2019 /home/travis/build/icyphy/ptII/ptolemy/actor/lib/test/auto/ArrayPeakSearch3.xml
----------------- Instantiating /home/travis/build/icyphy/ptII/ptolemy/actor/lib/test/auto/ArrayPeakSearch3.xml
7 ms. Memory: 875520K Free: 747109K (85%)
----------------- Invoking toplevel() on ptolemy.moml.MoMLSimpleApplication@4e233856
----------------- Done invoking toplevel() on ptolemy.moml.MoMLSimpleApplication@4e233856
reloadAllAccessors: .ArrayPeakSearch3

===========================================================================================
----------------- testing Mon Feb 04 03:26:24 UTC 2019 /home/travis/build/icyphy/ptII/ptolemy/actor/lib/test/auto/ArrayRemoveElement.xml
----------------- Instantiating /home/travis/build/icyphy/ptII/ptolemy/actor/lib/test/auto/ArrayRemoveElement.xml
3 ms. Memory: 875520K Free: 731575K (84%)
----------------- Invoking toplevel() on ptolemy.moml.MoMLSimpleApplication@7068e728
----------------- Done invoking toplevel() on ptolemy.moml.MoMLSimpleApplication@7068e728
reloadAllAccessors: .ArrayRemoveElement

===========================================================================================
----------------- testing Mon Feb 04 03:26:24 UTC 2019 /home/travis/build/icyphy/ptII/ptolemy/actor/lib/test/auto/ArraySort.xml
----------------- Instantiating /home/travis/build/icyphy/ptII/ptolemy/actor/lib/test/auto/ArraySort.xml
4 ms. Memory: 875520K Free: 705449K (81%)
----------------- Invoking toplevel() on ptolemy.moml.MoMLSimpleApplication@6a7f7b2
----------------- Done invoking toplevel() on ptolemy.moml.MoMLSimpleApplication@6a7f7b2
reloadAllAccessors: .ArraySort

===========================================================================================
----------------- testing Mon Feb 04 03:26:24 UTC 2019 /home/travis/build/icyphy/ptII/ptolemy/actor/lib/test/auto/ArraySum.xml
----------------- Instantiating /home/travis/build/icyphy/ptII/ptolemy/actor/lib/test/auto/ArraySum.xml
1 ms. Memory: 875520K Free: 689915K (79%)
----------------- Invoking toplevel() on ptolemy.moml.MoMLSimpleApplication@3ccd6a8
----------------- Done invoking toplevel() on ptolemy.moml.MoMLSimpleApplication@3ccd6a8
reloadAllAccessors: .ArraySum

===========================================================================================
----------------- testing Mon Feb 04 03:26:24 UTC 2019 /home/travis/build/icyphy/ptII/ptolemy/actor/lib/test/auto/ArrayToElements.xml
----------------- Instantiating /home/travis/build/icyphy/ptII/ptolemy/actor/lib/test/auto/ArrayToElements.xml
4 ms. Memory: 875520K Free: 674381K (77%)
----------------- Invoking toplevel() on ptolemy.moml.MoMLSimpleApplication@514f92a3
----------------- Done invoking toplevel() on ptolemy.moml.MoMLSimpleApplication@514f92a3
reloadAllAccessors: .ArrayToElements

===========================================================================================
----------------- testing Mon Feb 04 03:26:24 UTC 2019 /home/travis/build/icyphy/ptII/ptolemy/actor/lib/test/auto/ArrayToMatrix.xml
----------------- Instantiating /home/travis/build/icyphy/ptII/ptolemy/actor/lib/test/auto/ArrayToMatrix.xml
5 ms. Memory: 875520K Free: 651080K (74%)
----------------- Invoking toplevel() on ptolemy.moml.MoMLSimpleApplication@863248b
----------------- Done invoking toplevel() on ptolemy.moml.MoMLSimpleApplication@863248b
reloadAllAccessors: .ArrayToMatrix

===========================================================================================
----------------- testing Mon Feb 04 03:26:24 UTC 2019 /home/travis/build/icyphy/ptII/ptolemy/actor/lib/test/auto/ArrayUpdate1.xml
----------------- Instantiating /home/travis/build/icyphy/ptII/ptolemy/actor/lib/test/auto/ArrayUpdate1.xml
3 ms. Memory: 875520K Free: 635545K (73%)
----------------- Invoking toplevel() on ptolemy.moml.MoMLSimpleApplication@5d24e31
----------------- Done invoking toplevel() on ptolemy.moml.MoMLSimpleApplication@5d24e31
reloadAllAccessors: .ArrayUpdate1

===========================================================================================
----------------- testing Mon Feb 04 03:26:24 UTC 2019 /home/travis/build/icyphy/ptII/ptolemy/actor/lib/test/auto/ArrayUpdate2.xml
----------------- Instantiating /home/travis/build/icyphy/ptII/ptolemy/actor/lib/test/auto/ArrayUpdate2.xml
4 ms. Memory: 875520K Free: 609419K (70%)
----------------- Invoking toplevel() on ptolemy.moml.MoMLSimpleApplication@61b969df
----------------- Done invoking toplevel() on ptolemy.moml.MoMLSimpleApplication@61b969df
reloadAllAccessors: .ArrayUpdate2

===========================================================================================
----------------- testing Mon Feb 04 03:26:24 UTC 2019 /home/travis/build/icyphy/ptII/ptolemy/actor/lib/test/auto/ArrayUpdate3.xml
----------------- Instantiating /home/travis/build/icyphy/ptII/ptolemy/actor/lib/test/auto/ArrayUpdate3.xml
2 ms. Memory: 875520K Free: 593885K (68%)
----------------- Invoking toplevel() on ptolemy.moml.MoMLSimpleApplication@304ec128
----------------- Done invoking toplevel() on ptolemy.moml.MoMLSimpleApplication@304ec128
reloadAllAccessors: .ArrayUpdate3

===========================================================================================
----------------- testing Mon Feb 04 03:26:24 UTC 2019 /home/travis/build/icyphy/ptII/ptolemy/actor/lib/test/auto/Assert1.xml
----------------- Instantiating /home/travis/build/icyphy/ptII/ptolemy/actor/lib/test/auto/Assert1.xml
3 ms. Memory: 875520K Free: 578351K (66%)
----------------- Invoking toplevel() on ptolemy.moml.MoMLSimpleApplication@74b1dc58
----------------- Done invoking toplevel() on ptolemy.moml.MoMLSimpleApplication@74b1dc58
reloadAllAccessors: .Assert1

===========================================================================================
----------------- testing Mon Feb 04 03:26:24 UTC 2019 /home/travis/build/icyphy/ptII/ptolemy/actor/lib/test/auto/Assert2.xml
----------------- Instantiating /home/travis/build/icyphy/ptII/ptolemy/actor/lib/test/auto/Assert2.xml
6 ms. Memory: 875520K Free: 562817K (64%)
----------------- Invoking toplevel() on ptolemy.moml.MoMLSimpleApplication@1f57f229
----------------- Done invoking toplevel() on ptolemy.moml.MoMLSimpleApplication@1f57f229
reloadAllAccessors: .Assert2

===========================================================================================
----------------- testing Mon Feb 04 03:26:24 UTC 2019 /home/travis/build/icyphy/ptII/ptolemy/actor/lib/test/auto/BooleanMultiplexor.xml
----------------- Instantiating /home/travis/build/icyphy/ptII/ptolemy/actor/lib/test/auto/BooleanMultiplexor.xml
2 ms. Memory: 875520K Free: 547283K (63%)
----------------- Invoking toplevel() on ptolemy.moml.MoMLSimpleApplication@7f1e03fe
----------------- Done invoking toplevel() on ptolemy.moml.MoMLSimpleApplication@7f1e03fe
reloadAllAccessors: .BooleanMultiplexor

===========================================================================================
----------------- testing Mon Feb 04 03:26:24 UTC 2019 /home/travis/build/icyphy/ptII/ptolemy/actor/lib/test/auto/BooleanMultiplexor2.xml
----------------- Instantiating /home/travis/build/icyphy/ptII/ptolemy/actor/lib/test/auto/BooleanMultiplexor2.xml
10 ms. Memory: 875520K Free: 521157K (60%)
----------------- Invoking toplevel() on ptolemy.moml.MoMLSimpleApplication@51f308f3
----------------- Done invoking toplevel() on ptolemy.moml.MoMLSimpleApplication@51f308f3
reloadAllAccessors: .BooleanMultiplexor2

===========================================================================================
----------------- testing Mon Feb 04 03:26:24 UTC 2019 /home/travis/build/icyphy/ptII/ptolemy/actor/lib/test/auto/BooleanMultiplexor3.xml
----------------- Instantiating /home/travis/build/icyphy/ptII/ptolemy/actor/lib/test/auto/BooleanMultiplexor3.xml
4 ms. Memory: 875520K Free: 505622K (58%)
----------------- Invoking toplevel() on ptolemy.moml.MoMLSimpleApplication@279918d5
----------------- Done invoking toplevel() on ptolemy.moml.MoMLSimpleApplication@279918d5
reloadAllAccessors: .BooleanMultiplexor3

===========================================================================================
----------------- testing Mon Feb 04 03:26:24 UTC 2019 /home/travis/build/icyphy/ptII/ptolemy/actor/lib/test/auto/BooleanSelect.xml
----------------- Instantiating /home/travis/build/icyphy/ptII/ptolemy/actor/lib/test/auto/BooleanSelect.xml
7 ms. Memory: 875520K Free: 490088K (56%)
----------------- Invoking toplevel() on ptolemy.moml.MoMLSimpleApplication@42ac2ffc
----------------- Done invoking toplevel() on ptolemy.moml.MoMLSimpleApplication@42ac2ffc
reloadAllAccessors: .BooleanSelect

===========================================================================================
----------------- testing Mon Feb 04 03:26:24 UTC 2019 /home/travis/build/icyphy/ptII/ptolemy/actor/lib/test/auto/BooleanSelect2.xml
----------------- Instantiating /home/travis/build/icyphy/ptII/ptolemy/actor/lib/test/auto/BooleanSelect2.xml
1 ms. Memory: 875520K Free: 474554K (54%)
----------------- Invoking toplevel() on ptolemy.moml.MoMLSimpleApplication@de43bd9
----------------- Done invoking toplevel() on ptolemy.moml.MoMLSimpleApplication@de43bd9
reloadAllAccessors: .BooleanSelect2

===========================================================================================
----------------- testing Mon Feb 04 03:26:24 UTC 2019 /home/travis/build/icyphy/ptII/ptolemy/actor/lib/test/auto/BooleanSwitch.xml
----------------- Instantiating /home/travis/build/icyphy/ptII/ptolemy/actor/lib/test/auto/BooleanSwitch.xml
4 ms. Memory: 875520K Free: 459020K (52%)
----------------- Invoking toplevel() on ptolemy.moml.MoMLSimpleApplication@55e82e2d
----------------- Done invoking toplevel() on ptolemy.moml.MoMLSimpleApplication@55e82e2d
reloadAllAccessors: .BooleanSwitch

===========================================================================================
----------------- testing Mon Feb 04 03:26:24 UTC 2019 /home/travis/build/icyphy/ptII/ptolemy/actor/lib/test/auto/BooleanSwitch2.xml
----------------- Instantiating /home/travis/build/icyphy/ptII/ptolemy/actor/lib/test/auto/BooleanSwitch2.xml
1 ms. Memory: 875520K Free: 432894K (49%)
----------------- Invoking toplevel() on ptolemy.moml.MoMLSimpleApplication@20c1fc9f
----------------- Done invoking toplevel() on ptolemy.moml.MoMLSimpleApplication@20c1fc9f
reloadAllAccessors: .BooleanSwitch2

===========================================================================================
----------------- testing Mon Feb 04 03:26:24 UTC 2019 /home/travis/build/icyphy/ptII/ptolemy/actor/lib/test/auto/BooleanSwitchCloningBugWithClassRelationGroup.xml
----------------- Instantiating /home/travis/build/icyphy/ptII/ptolemy/actor/lib/test/auto/BooleanSwitchCloningBugWithClassRelationGroup.xml
3 ms. Memory: 875520K Free: 417360K (48%)
----------------- Invoking toplevel() on ptolemy.moml.MoMLSimpleApplication@8d060f8
----------------- Done invoking toplevel() on ptolemy.moml.MoMLSimpleApplication@8d060f8
reloadAllAccessors: .BooleanSwitchCloningBugWithClassRelationGroup

===========================================================================================
----------------- testing Mon Feb 04 03:26:25 UTC 2019 /home/travis/build/icyphy/ptII/ptolemy/actor/lib/test/auto/BusActors.xml
----------------- Instantiating /home/travis/build/icyphy/ptII/ptolemy/actor/lib/test/auto/BusActors.xml
4 ms. Memory: 875520K Free: 394059K (45%)
----------------- Invoking toplevel() on ptolemy.moml.MoMLSimpleApplication@691a2
----------------- Done invoking toplevel() on ptolemy.moml.MoMLSimpleApplication@691a2
reloadAllAccessors: .BusActors

===========================================================================================
----------------- testing Mon Feb 04 03:26:25 UTC 2019 /home/travis/build/icyphy/ptII/ptolemy/actor/lib/test/auto/ClassWrapper.xml
----------------- Instantiating /home/travis/build/icyphy/ptII/ptolemy/actor/lib/test/auto/ClassWrapper.xml
2 ms. Memory: 875520K Free: 378525K (43%)
----------------- Invoking toplevel() on ptolemy.moml.MoMLSimpleApplication@539c8f84
----------------- Done invoking toplevel() on ptolemy.moml.MoMLSimpleApplication@539c8f84
reloadAllAccessors: .ClassWrapper

===========================================================================================
----------------- testing Mon Feb 04 03:26:25 UTC 2019 /home/travis/build/icyphy/ptII/ptolemy/actor/lib/test/auto/Clock.xml
----------------- Instantiating /home/travis/build/icyphy/ptII/ptolemy/actor/lib/test/auto/Clock.xml
1 ms. Memory: 875520K Free: 352398K (40%)
----------------- Invoking toplevel() on ptolemy.moml.MoMLSimpleApplication@711a7a54
----------------- Done invoking toplevel() on ptolemy.moml.MoMLSimpleApplication@711a7a54
reloadAllAccessors: .Clock

===========================================================================================
----------------- testing Mon Feb 04 03:26:25 UTC 2019 /home/travis/build/icyphy/ptII/ptolemy/actor/lib/test/auto/Clock10.xml
----------------- Instantiating /home/travis/build/icyphy/ptII/ptolemy/actor/lib/test/auto/Clock10.xml
4 ms. Memory: 875520K Free: 336864K (38%)
----------------- Invoking toplevel() on ptolemy.moml.MoMLSimpleApplication@40fa4261
----------------- Done invoking toplevel() on ptolemy.moml.MoMLSimpleApplication@40fa4261
reloadAllAccessors: .Clock10

===========================================================================================
----------------- testing Mon Feb 04 03:26:25 UTC 2019 /home/travis/build/icyphy/ptII/ptolemy/actor/lib/test/auto/Clock11.xml
----------------- Instantiating /home/travis/build/icyphy/ptII/ptolemy/actor/lib/test/auto/Clock11.xml
6 ms. Memory: 875520K Free: 321330K (37%)
----------------- Invoking toplevel() on ptolemy.moml.MoMLSimpleApplication@51a653f6
----------------- Done invoking toplevel() on ptolemy.moml.MoMLSimpleApplication@51a653f6
reloadAllAccessors: .Clock11

===========================================================================================
----------------- testing Mon Feb 04 03:26:25 UTC 2019 /home/travis/build/icyphy/ptII/ptolemy/actor/lib/test/auto/Clock12.xml
----------------- Instantiating /home/travis/build/icyphy/ptII/ptolemy/actor/lib/test/auto/Clock12.xml
6 ms. Memory: 875520K Free: 305796K (35%)
----------------- Invoking toplevel() on ptolemy.moml.MoMLSimpleApplication@1cd81d0e
----------------- Done invoking toplevel() on ptolemy.moml.MoMLSimpleApplication@1cd81d0e
reloadAllAccessors: .Clock12

===========================================================================================
----------------- testing Mon Feb 04 03:26:25 UTC 2019 /home/travis/build/icyphy/ptII/ptolemy/actor/lib/test/auto/Clock13.xml
----------------- Instantiating /home/travis/build/icyphy/ptII/ptolemy/actor/lib/test/auto/Clock13.xml
7 ms. Memory: 875520K Free: 290262K (33%)
----------------- Invoking toplevel() on ptolemy.moml.MoMLSimpleApplication@5d84f52f
----------------- Done invoking toplevel() on ptolemy.moml.MoMLSimpleApplication@5d84f52f
reloadAllAccessors: .Clock13

===========================================================================================
----------------- testing Mon Feb 04 03:26:25 UTC 2019 /home/travis/build/icyphy/ptII/ptolemy/actor/lib/test/auto/Clock14.xml
----------------- Instantiating /home/travis/build/icyphy/ptII/ptolemy/actor/lib/test/auto/Clock14.xml
9 ms. Memory: 875520K Free: 264136K (30%)
----------------- Invoking toplevel() on ptolemy.moml.MoMLSimpleApplication@2a5779e0
----------------- Done invoking toplevel() on ptolemy.moml.MoMLSimpleApplication@2a5779e0
reloadAllAccessors: .Clock14

===========================================================================================
----------------- testing Mon Feb 04 03:26:25 UTC 2019 /home/travis/build/icyphy/ptII/ptolemy/actor/lib/test/auto/Clock15.xml
----------------- Instantiating /home/travis/build/icyphy/ptII/ptolemy/actor/lib/test/auto/Clock15.xml
3 ms. Memory: 875520K Free: 248601K (28%)
----------------- Invoking toplevel() on ptolemy.moml.MoMLSimpleApplication@495bcbfa
----------------- Done invoking toplevel() on ptolemy.moml.MoMLSimpleApplication@495bcbfa
reloadAllAccessors: .Clock15

===========================================================================================
----------------- testing Mon Feb 04 03:26:25 UTC 2019 /home/travis/build/icyphy/ptII/ptolemy/actor/lib/test/auto/Clock16.xml
----------------- Instantiating /home/travis/build/icyphy/ptII/ptolemy/actor/lib/test/auto/Clock16.xml
30 ms. Memory: 875520K Free: 225300K (26%)
----------------- Invoking toplevel() on ptolemy.moml.MoMLSimpleApplication@3038d67
----------------- Done invoking toplevel() on ptolemy.moml.MoMLSimpleApplication@3038d67
reloadAllAccessors: .Clock16

===========================================================================================
----------------- testing Mon Feb 04 03:26:25 UTC 2019 /home/travis/build/icyphy/ptII/ptolemy/actor/lib/test/auto/Clock17.xml
----------------- Instantiating /home/travis/build/icyphy/ptII/ptolemy/actor/lib/test/auto/Clock17.xml
22 ms. Memory: 875520K Free: 201983K (23%)
----------------- Invoking toplevel() on ptolemy.moml.MoMLSimpleApplication@38d0e2f2
----------------- Done invoking toplevel() on ptolemy.moml.MoMLSimpleApplication@38d0e2f2
reloadAllAccessors: .Clock17

===========================================================================================
----------------- testing Mon Feb 04 03:26:25 UTC 2019 /home/travis/build/icyphy/ptII/ptolemy/actor/lib/test/auto/Clock18.xml
----------------- Instantiating /home/travis/build/icyphy/ptII/ptolemy/actor/lib/test/auto/Clock18.xml
9 ms. Memory: 875520K Free: 178666K (20%)
----------------- Invoking toplevel() on ptolemy.moml.MoMLSimpleApplication@579f6f7
----------------- Done invoking toplevel() on ptolemy.moml.MoMLSimpleApplication@579f6f7
reloadAllAccessors: .Clock18

===========================================================================================
----------------- testing Mon Feb 04 03:26:25 UTC 2019 /home/travis/build/icyphy/ptII/ptolemy/actor/lib/test/auto/Clock19.xml
----------------- Instantiating /home/travis/build/icyphy/ptII/ptolemy/actor/lib/test/auto/Clock19.xml
14 ms. Memory: 875520K Free: 144773K (17%)
----------------- Invoking toplevel() on ptolemy.moml.MoMLSimpleApplication@3d0ebb28
----------------- Done invoking toplevel() on ptolemy.moml.MoMLSimpleApplication@3d0ebb28
reloadAllAccessors: .Clock19

===========================================================================================
----------------- testing Mon Feb 04 03:26:25 UTC 2019 /home/travis/build/icyphy/ptII/ptolemy/actor/lib/test/auto/Clock2.xml
----------------- Instantiating /home/travis/build/icyphy/ptII/ptolemy/actor/lib/test/auto/Clock2.xml
3 ms. Memory: 875520K Free: 129239K (15%)
----------------- Invoking toplevel() on ptolemy.moml.MoMLSimpleApplication@3f020ad7
----------------- Done invoking toplevel() on ptolemy.moml.MoMLSimpleApplication@3f020ad7
reloadAllAccessors: .Clock2

===========================================================================================
----------------- testing Mon Feb 04 03:26:25 UTC 2019 /home/travis/build/icyphy/ptII/ptolemy/actor/lib/test/auto/Clock20.xml
----------------- Instantiating /home/travis/build/icyphy/ptII/ptolemy/actor/lib/test/auto/Clock20.xml
8 ms. Memory: 875520K Free: 113704K (13%)
----------------- Invoking toplevel() on ptolemy.moml.MoMLSimpleApplication@4d4d5b2f
----------------- Done invoking toplevel() on ptolemy.moml.MoMLSimpleApplication@4d4d5b2f
reloadAllAccessors: .Clock20

===========================================================================================
----------------- testing Mon Feb 04 03:26:25 UTC 2019 /home/travis/build/icyphy/ptII/ptolemy/actor/lib/test/auto/Clock21.xml
----------------- Instantiating /home/travis/build/icyphy/ptII/ptolemy/actor/lib/test/auto/Clock21.xml
3 ms. Memory: 875520K Free: 98170K (11%)
----------------- Invoking toplevel() on ptolemy.moml.MoMLSimpleApplication@20e47845
----------------- Done invoking toplevel() on ptolemy.moml.MoMLSimpleApplication@20e47845
reloadAllAccessors: .Clock21

===========================================================================================
----------------- testing Mon Feb 04 03:26:25 UTC 2019 /home/travis/build/icyphy/ptII/ptolemy/actor/lib/test/auto/Clock22.xml
----------------- Instantiating /home/travis/build/icyphy/ptII/ptolemy/actor/lib/test/auto/Clock22.xml
8 ms. Memory: 875520K Free: 82636K (9%)
----------------- Invoking toplevel() on ptolemy.moml.MoMLSimpleApplication@17570f99
----------------- Done invoking toplevel() on ptolemy.moml.MoMLSimpleApplication@17570f99
reloadAllAccessors: .Clock22

===========================================================================================
----------------- testing Mon Feb 04 03:26:25 UTC 2019 /home/travis/build/icyphy/ptII/ptolemy/actor/lib/test/auto/Clock23.xml
----------------- Instantiating /home/travis/build/icyphy/ptII/ptolemy/actor/lib/test/auto/Clock23.xml
8 ms. Memory: 875520K Free: 59049K (7%)
----------------- Invoking toplevel() on ptolemy.moml.MoMLSimpleApplication@27db7cad
----------------- Done invoking toplevel() on ptolemy.moml.MoMLSimpleApplication@27db7cad
reloadAllAccessors: .Clock23

===========================================================================================
----------------- testing Mon Feb 04 03:26:25 UTC 2019 /home/travis/build/icyphy/ptII/ptolemy/actor/lib/test/auto/Clock24.xml
----------------- Instantiating /home/travis/build/icyphy/ptII/ptolemy/actor/lib/test/auto/Clock24.xml
2 ms. Memory: 876032K Free: 824737K (94%)
----------------- Invoking toplevel() on ptolemy.moml.MoMLSimpleApplication@69d8c5ca
----------------- Done invoking toplevel() on ptolemy.moml.MoMLSimpleApplication@69d8c5ca
reloadAllAccessors: .Clock24

===========================================================================================
----------------- testing Mon Feb 04 03:26:25 UTC 2019 /home/travis/build/icyphy/ptII/ptolemy/actor/lib/test/auto/Clock4.xml
----------------- Instantiating /home/travis/build/icyphy/ptII/ptolemy/actor/lib/test/auto/Clock4.xml
2 ms. Memory: 876032K Free: 806871K (92%)
----------------- Invoking toplevel() on ptolemy.moml.MoMLSimpleApplication@3291f68c
----------------- Done invoking toplevel() on ptolemy.moml.MoMLSimpleApplication@3291f68c
reloadAllAccessors: .Clock4

===========================================================================================
----------------- testing Mon Feb 04 03:26:25 UTC 2019 /home/travis/build/icyphy/ptII/ptolemy/actor/lib/test/auto/Clock5.xml
----------------- Instantiating /home/travis/build/icyphy/ptII/ptolemy/actor/lib/test/auto/Clock5.xml
1 ms. Memory: 876032K Free: 796515K (91%)
----------------- Invoking toplevel() on ptolemy.moml.MoMLSimpleApplication@2a540a5a
----------------- Done invoking toplevel() on ptolemy.moml.MoMLSimpleApplication@2a540a5a
reloadAllAccessors: .Clock5

===========================================================================================
----------------- testing Mon Feb 04 03:26:25 UTC 2019 /home/travis/build/icyphy/ptII/ptolemy/actor/lib/test/auto/Clock6.xml
----------------- Instantiating /home/travis/build/icyphy/ptII/ptolemy/actor/lib/test/auto/Clock6.xml
1 ms. Memory: 876032K Free: 786159K (90%)
----------------- Invoking toplevel() on ptolemy.moml.MoMLSimpleApplication@2bc3a58c
----------------- Done invoking toplevel() on ptolemy.moml.MoMLSimpleApplication@2bc3a58c
reloadAllAccessors: .Clock6

===========================================================================================
----------------- testing Mon Feb 04 03:26:25 UTC 2019 /home/travis/build/icyphy/ptII/ptolemy/actor/lib/test/auto/Clock7.xml
----------------- Instantiating /home/travis/build/icyphy/ptII/ptolemy/actor/lib/test/auto/Clock7.xml
2 ms. Memory: 876032K Free: 768293K (88%)
----------------- Invoking toplevel() on ptolemy.moml.MoMLSimpleApplication@30af590f
----------------- Done invoking toplevel() on ptolemy.moml.MoMLSimpleApplication@30af590f
reloadAllAccessors: .Clock7

===========================================================================================
----------------- testing Mon Feb 04 03:26:25 UTC 2019 /home/travis/build/icyphy/ptII/ptolemy/actor/lib/test/auto/Clock8.xml
----------------- Instantiating /home/travis/build/icyphy/ptII/ptolemy/actor/lib/test/auto/Clock8.xml
6 ms. Memory: 876032K Free: 757937K (87%)
----------------- Invoking toplevel() on ptolemy.moml.MoMLSimpleApplication@5fa049fc
----------------- Done invoking toplevel() on ptolemy.moml.MoMLSimpleApplication@5fa049fc
reloadAllAccessors: .Clock8

===========================================================================================
----------------- testing Mon Feb 04 03:26:25 UTC 2019 /home/travis/build/icyphy/ptII/ptolemy/actor/lib/test/auto/Clock9.xml
----------------- Instantiating /home/travis/build/icyphy/ptII/ptolemy/actor/lib/test/auto/Clock9.xml
4 ms. Memory: 876032K Free: 747581K (85%)
----------------- Invoking toplevel() on ptolemy.moml.MoMLSimpleApplication@7b32614a
----------------- Done invoking toplevel() on ptolemy.moml.MoMLSimpleApplication@7b32614a
reloadAllAccessors: .Clock9

===========================================================================================
----------------- testing Mon Feb 04 03:26:25 UTC 2019 /home/travis/build/icyphy/ptII/ptolemy/actor/lib/test/auto/CommDistDiscard.xml
----------------- Instantiating /home/travis/build/icyphy/ptII/ptolemy/actor/lib/test/auto/CommDistDiscard.xml
4 ms. Memory: 876032K Free: 729467K (83%)
----------------- Invoking toplevel() on ptolemy.moml.MoMLSimpleApplication@3ce7543f
----------------- Done invoking toplevel() on ptolemy.moml.MoMLSimpleApplication@3ce7543f
reloadAllAccessors: .CommDistDiscard

===========================================================================================
----------------- testing Mon Feb 04 03:26:25 UTC 2019 /home/travis/build/icyphy/ptII/ptolemy/actor/lib/test/auto/Commutator.xml
----------------- Instantiating /home/travis/build/icyphy/ptII/ptolemy/actor/lib/test/auto/Commutator.xml
1 ms. Memory: 876032K Free: 719111K (82%)
----------------- Invoking toplevel() on ptolemy.moml.MoMLSimpleApplication@4d4b42dc
----------------- Done invoking toplevel() on ptolemy.moml.MoMLSimpleApplication@4d4b42dc
reloadAllAccessors: .Commutator

===========================================================================================
----------------- testing Mon Feb 04 03:26:25 UTC 2019 /home/travis/build/icyphy/ptII/ptolemy/actor/lib/test/auto/Commutator2.xml
----------------- Instantiating /home/travis/build/icyphy/ptII/ptolemy/actor/lib/test/auto/Commutator2.xml
1 ms. Memory: 876032K Free: 708755K (81%)
----------------- Invoking toplevel() on ptolemy.moml.MoMLSimpleApplication@435f2587
----------------- Done invoking toplevel() on ptolemy.moml.MoMLSimpleApplication@435f2587
reloadAllAccessors: .Commutator2

===========================================================================================
----------------- testing Mon Feb 04 03:26:25 UTC 2019 /home/travis/build/icyphy/ptII/ptolemy/actor/lib/test/auto/Commutator3.xml
----------------- Instantiating /home/travis/build/icyphy/ptII/ptolemy/actor/lib/test/auto/Commutator3.xml
2 ms. Memory: 876032K Free: 690890K (79%)
----------------- Invoking toplevel() on ptolemy.moml.MoMLSimpleApplication@2a49dacf
----------------- Done invoking toplevel() on ptolemy.moml.MoMLSimpleApplication@2a49dacf
reloadAllAccessors: .Commutator3

===========================================================================================
----------------- testing Mon Feb 04 03:26:25 UTC 2019 /home/travis/build/icyphy/ptII/ptolemy/actor/lib/test/auto/Compare.xml
----------------- Instantiating /home/travis/build/icyphy/ptII/ptolemy/actor/lib/test/auto/Compare.xml
2 ms. Memory: 876032K Free: 680534K (78%)
----------------- Invoking toplevel() on ptolemy.moml.MoMLSimpleApplication@227773b0
----------------- Done invoking toplevel() on ptolemy.moml.MoMLSimpleApplication@227773b0
reloadAllAccessors: .Compare

===========================================================================================
----------------- testing Mon Feb 04 03:26:25 UTC 2019 /home/travis/build/icyphy/ptII/ptolemy/actor/lib/test/auto/CompareDE.xml
----------------- Instantiating /home/travis/build/icyphy/ptII/ptolemy/actor/lib/test/auto/CompareDE.xml
4 ms. Memory: 876032K Free: 670178K (77%)
----------------- Invoking toplevel() on ptolemy.moml.MoMLSimpleApplication@2e856c59
----------------- Done invoking toplevel() on ptolemy.moml.MoMLSimpleApplication@2e856c59
reloadAllAccessors: .CompareDE

===========================================================================================
----------------- testing Mon Feb 04 03:26:25 UTC 2019 /home/travis/build/icyphy/ptII/ptolemy/actor/lib/test/auto/ComplexDivide.xml
----------------- Instantiating /home/travis/build/icyphy/ptII/ptolemy/actor/lib/test/auto/ComplexDivide.xml
1 ms. Memory: 876032K Free: 659822K (75%)
----------------- Invoking toplevel() on ptolemy.moml.MoMLSimpleApplication@4fb249ad
----------------- Done invoking toplevel() on ptolemy.moml.MoMLSimpleApplication@4fb249ad
reloadAllAccessors: .ComplexDivide

===========================================================================================
----------------- testing Mon Feb 04 03:26:25 UTC 2019 /home/travis/build/icyphy/ptII/ptolemy/actor/lib/test/auto/ComputeHistogram.xml
----------------- Instantiating /home/travis/build/icyphy/ptII/ptolemy/actor/lib/test/auto/ComputeHistogram.xml
33 ms. Memory: 876032K Free: 636762K (73%)
----------------- Invoking toplevel() on ptolemy.moml.MoMLSimpleApplication@581f1360
----------------- Done invoking toplevel() on ptolemy.moml.MoMLSimpleApplication@581f1360
reloadAllAccessors: .ComputeHistogram

===========================================================================================
----------------- testing Mon Feb 04 03:26:26 UTC 2019 /home/travis/build/icyphy/ptII/ptolemy/actor/lib/test/auto/ConfigurationSelect.xml
----------------- Instantiating /home/travis/build/icyphy/ptII/ptolemy/actor/lib/test/auto/ConfigurationSelect.xml
2 ms. Memory: 876032K Free: 626406K (72%)
----------------- Invoking toplevel() on ptolemy.moml.MoMLSimpleApplication@79ff52fd
----------------- Done invoking toplevel() on ptolemy.moml.MoMLSimpleApplication@79ff52fd
reloadAllAccessors: .ConfigurationSelect

===========================================================================================
----------------- testing Mon Feb 04 03:26:26 UTC 2019 /home/travis/build/icyphy/ptII/ptolemy/actor/lib/test/auto/ConfigurationSelect2.xml
----------------- Instantiating /home/travis/build/icyphy/ptII/ptolemy/actor/lib/test/auto/ConfigurationSelect2.xml
2 ms. Memory: 876032K Free: 616049K (70%)
----------------- Invoking toplevel() on ptolemy.moml.MoMLSimpleApplication@a40a4de
----------------- Done invoking toplevel() on ptolemy.moml.MoMLSimpleApplication@a40a4de
reloadAllAccessors: .ConfigurationSelect2

===========================================================================================
----------------- testing Mon Feb 04 03:26:26 UTC 2019 /home/travis/build/icyphy/ptII/ptolemy/actor/lib/test/auto/ConfigurationSwitch.xml
----------------- Instantiating /home/travis/build/icyphy/ptII/ptolemy/actor/lib/test/auto/ConfigurationSwitch.xml
2 ms. Memory: 876032K Free: 598184K (68%)
----------------- Invoking toplevel() on ptolemy.moml.MoMLSimpleApplication@2eb990ae
----------------- Done invoking toplevel() on ptolemy.moml.MoMLSimpleApplication@2eb990ae
reloadAllAccessors: .ConfigurationSwitch

===========================================================================================
----------------- testing Mon Feb 04 03:26:26 UTC 2019 /home/travis/build/icyphy/ptII/ptolemy/actor/lib/test/auto/ConfigurationSwitch2.xml
----------------- Instantiating /home/travis/build/icyphy/ptII/ptolemy/actor/lib/test/auto/ConfigurationSwitch2.xml
2 ms. Memory: 876032K Free: 587828K (67%)
----------------- Invoking toplevel() on ptolemy.moml.MoMLSimpleApplication@5f2d0e42
----------------- Done invoking toplevel() on ptolemy.moml.MoMLSimpleApplication@5f2d0e42
reloadAllAccessors: .ConfigurationSwitch2

===========================================================================================
----------------- testing Mon Feb 04 03:26:26 UTC 2019 /home/travis/build/icyphy/ptII/ptolemy/actor/lib/test/auto/ConfigurationSwitchCloningBugWithClassRelationGroup.xml
----------------- Instantiating /home/travis/build/icyphy/ptII/ptolemy/actor/lib/test/auto/ConfigurationSwitchCloningBugWithClassRelationGroup.xml
2 ms. Memory: 876032K Free: 577471K (66%)
----------------- Invoking toplevel() on ptolemy.moml.MoMLSimpleApplication@169c74df
----------------- Done invoking toplevel() on ptolemy.moml.MoMLSimpleApplication@169c74df
reloadAllAccessors: .ConfigurationSwitchCloningBugWithClassRelationGroup

===========================================================================================
----------------- testing Mon Feb 04 03:26:26 UTC 2019 /home/travis/build/icyphy/ptII/ptolemy/actor/lib/test/auto/ConfigurationSwitchSelectSDF.xml
----------------- Instantiating /home/travis/build/icyphy/ptII/ptolemy/actor/lib/test/auto/ConfigurationSwitchSelectSDF.xml
3 ms. Memory: 876032K Free: 559606K (64%)
----------------- Invoking toplevel() on ptolemy.moml.MoMLSimpleApplication@4a5bf68e
----------------- Done invoking toplevel() on ptolemy.moml.MoMLSimpleApplication@4a5bf68e
reloadAllAccessors: .ConfigurationSwitchSelectSDF

===========================================================================================
----------------- testing Mon Feb 04 03:26:26 UTC 2019 /home/travis/build/icyphy/ptII/ptolemy/actor/lib/test/auto/ConfigurationSwitchSelectSDF2.xml
----------------- Instantiating /home/travis/build/icyphy/ptII/ptolemy/actor/lib/test/auto/ConfigurationSwitchSelectSDF2.xml
2 ms. Memory: 876032K Free: 549250K (63%)
----------------- Invoking toplevel() on ptolemy.moml.MoMLSimpleApplication@740bca8c
----------------- Done invoking toplevel() on ptolemy.moml.MoMLSimpleApplication@740bca8c
reloadAllAccessors: .ConfigurationSwitchSelectSDF2

===========================================================================================
----------------- testing Mon Feb 04 03:26:26 UTC 2019 /home/travis/build/icyphy/ptII/ptolemy/actor/lib/test/auto/Const.xml
----------------- Instantiating /home/travis/build/icyphy/ptII/ptolemy/actor/lib/test/auto/Const.xml
1 ms. Memory: 876032K Free: 538894K (62%)
----------------- Invoking toplevel() on ptolemy.moml.MoMLSimpleApplication@5070bb2
----------------- Done invoking toplevel() on ptolemy.moml.MoMLSimpleApplication@5070bb2
reloadAllAccessors: .Const

===========================================================================================
----------------- testing Mon Feb 04 03:26:26 UTC 2019 /home/travis/build/icyphy/ptII/ptolemy/actor/lib/test/auto/Const2.xml
----------------- Instantiating /home/travis/build/icyphy/ptII/ptolemy/actor/lib/test/auto/Const2.xml
1 ms. Memory: 876032K Free: 528538K (60%)
----------------- Invoking toplevel() on ptolemy.moml.MoMLSimpleApplication@d99a60d
----------------- Done invoking toplevel() on ptolemy.moml.MoMLSimpleApplication@d99a60d
reloadAllAccessors: .Const2

===========================================================================================
----------------- testing Mon Feb 04 03:26:26 UTC 2019 /home/travis/build/icyphy/ptII/ptolemy/actor/lib/test/auto/Const3.xml
----------------- Instantiating /home/travis/build/icyphy/ptII/ptolemy/actor/lib/test/auto/Const3.xml
1 ms. Memory: 876032K Free: 510672K (58%)
----------------- Invoking toplevel() on ptolemy.moml.MoMLSimpleApplication@3943664a
----------------- Done invoking toplevel() on ptolemy.moml.MoMLSimpleApplication@3943664a
reloadAllAccessors: .Const3

===========================================================================================
----------------- testing Mon Feb 04 03:26:26 UTC 2019 /home/travis/build/icyphy/ptII/ptolemy/actor/lib/test/auto/ConstantPublisherPort1.xml
----------------- Instantiating /home/travis/build/icyphy/ptII/ptolemy/actor/lib/test/auto/ConstantPublisherPort1.xml
8 ms. Memory: 876032K Free: 495122K (57%)
----------------- Invoking toplevel() on ptolemy.moml.MoMLSimpleApplication@1e2e2492
----------------- Done invoking toplevel() on ptolemy.moml.MoMLSimpleApplication@1e2e2492
reloadAllAccessors: .ConstantPublisherPort1

===========================================================================================
----------------- testing Mon Feb 04 03:26:26 UTC 2019 /home/travis/build/icyphy/ptII/ptolemy/actor/lib/test/auto/ConstantPublisherPort2.xml
----------------- Instantiating /home/travis/build/icyphy/ptII/ptolemy/actor/lib/test/auto/ConstantPublisherPort2.xml
8 ms. Memory: 876032K Free: 484766K (55%)
----------------- Invoking toplevel() on ptolemy.moml.MoMLSimpleApplication@2ded253
----------------- Done invoking toplevel() on ptolemy.moml.MoMLSimpleApplication@2ded253
reloadAllAccessors: .ConstantPublisherPort2

===========================================================================================
----------------- testing Mon Feb 04 03:26:26 UTC 2019 /home/travis/build/icyphy/ptII/ptolemy/actor/lib/test/auto/ConstantPublisherPort3.xml
----------------- Instantiating /home/travis/build/icyphy/ptII/ptolemy/actor/lib/test/auto/ConstantPublisherPort3.xml
5 ms. Memory: 876032K Free: 466901K (53%)
----------------- Invoking toplevel() on ptolemy.moml.MoMLSimpleApplication@1e1a5abf
----------------- Done invoking toplevel() on ptolemy.moml.MoMLSimpleApplication@1e1a5abf
reloadAllAccessors: .ConstantPublisherPort3

===========================================================================================
----------------- testing Mon Feb 04 03:26:26 UTC 2019 /home/travis/build/icyphy/ptII/ptolemy/actor/lib/test/auto/ConstantPublisherPort4.xml
----------------- Instantiating /home/travis/build/icyphy/ptII/ptolemy/actor/lib/test/auto/ConstantPublisherPort4.xml
2 ms. Memory: 876032K Free: 456545K (52%)
----------------- Invoking toplevel() on ptolemy.moml.MoMLSimpleApplication@739fbd18
----------------- Done invoking toplevel() on ptolemy.moml.MoMLSimpleApplication@739fbd18
reloadAllAccessors: .ConstantPublisherPort4

===========================================================================================
----------------- testing Mon Feb 04 03:26:26 UTC 2019 /home/travis/build/icyphy/ptII/ptolemy/actor/lib/test/auto/ConstantPublisherPort5.xml
----------------- Instantiating /home/travis/build/icyphy/ptII/ptolemy/actor/lib/test/auto/ConstantPublisherPort5.xml
25 ms. Memory: 876032K Free: 430638K (49%)
----------------- Invoking toplevel() on ptolemy.moml.MoMLSimpleApplication@2f7f94b0
----------------- Done invoking toplevel() on ptolemy.moml.MoMLSimpleApplication@2f7f94b0
reloadAllAccessors: .ConstantPublisherPort5

===========================================================================================
----------------- testing Mon Feb 04 03:26:26 UTC 2019 /home/travis/build/icyphy/ptII/ptolemy/actor/lib/test/auto/ConstantPublisherPort6.xml
----------------- Instantiating /home/travis/build/icyphy/ptII/ptolemy/actor/lib/test/auto/ConstantPublisherPort6.xml
11 ms. Memory: 876032K Free: 397238K (45%)
----------------- Invoking toplevel() on ptolemy.moml.MoMLSimpleApplication@1dd67494
----------------- Done invoking toplevel() on ptolemy.moml.MoMLSimpleApplication@1dd67494
reloadAllAccessors: .ConstantPublisherPort6

===========================================================================================
----------------- testing Mon Feb 04 03:26:26 UTC 2019 /home/travis/build/icyphy/ptII/ptolemy/actor/lib/test/auto/ConstantPublisherPort7.xml
----------------- Instantiating /home/travis/build/icyphy/ptII/ptolemy/actor/lib/test/auto/ConstantPublisherPort7.xml
17 ms. Memory: 876032K Free: 371348K (42%)
----------------- Invoking toplevel() on ptolemy.moml.MoMLSimpleApplication@6e49e17d
----------------- Done invoking toplevel() on ptolemy.moml.MoMLSimpleApplication@6e49e17d
reloadAllAccessors: .ConstantPublisherPort7

===========================================================================================
----------------- testing Mon Feb 04 03:26:26 UTC 2019 /home/travis/build/icyphy/ptII/ptolemy/actor/lib/test/auto/ConstraintMonitor1.xml
----------------- Instantiating /home/travis/build/icyphy/ptII/ptolemy/actor/lib/test/auto/ConstraintMonitor1.xml
2 ms. Memory: 876032K Free: 360992K (41%)
----------------- Invoking toplevel() on ptolemy.moml.MoMLSimpleApplication@57fe1683
----------------- Done invoking toplevel() on ptolemy.moml.MoMLSimpleApplication@57fe1683
reloadAllAccessors: .ConstraintMonitor1

===========================================================================================
----------------- testing Mon Feb 04 03:26:26 UTC 2019 /home/travis/build/icyphy/ptII/ptolemy/actor/lib/test/auto/ConstraintMonitor2.xml
----------------- Instantiating /home/travis/build/icyphy/ptII/ptolemy/actor/lib/test/auto/ConstraintMonitor2.xml
1 ms. Memory: 876032K Free: 343127K (39%)
----------------- Invoking toplevel() on ptolemy.moml.MoMLSimpleApplication@69697e66
----------------- Done invoking toplevel() on ptolemy.moml.MoMLSimpleApplication@69697e66
reloadAllAccessors: .ConstraintMonitor2

===========================================================================================
----------------- testing Mon Feb 04 03:26:26 UTC 2019 /home/travis/build/icyphy/ptII/ptolemy/actor/lib/test/auto/ConstraintMonitor3.xml
----------------- Instantiating /home/travis/build/icyphy/ptII/ptolemy/actor/lib/test/auto/ConstraintMonitor3.xml
1 ms. Memory: 876032K Free: 332770K (38%)
----------------- Invoking toplevel() on ptolemy.moml.MoMLSimpleApplication@108189c7
----------------- Done invoking toplevel() on ptolemy.moml.MoMLSimpleApplication@108189c7
reloadAllAccessors: .ConstraintMonitor3

===========================================================================================
----------------- testing Mon Feb 04 03:26:26 UTC 2019 /home/travis/build/icyphy/ptII/ptolemy/actor/lib/test/auto/ConstraintMonitor4.xml
----------------- Instantiating /home/travis/build/icyphy/ptII/ptolemy/actor/lib/test/auto/ConstraintMonitor4.xml
3 ms. Memory: 876032K Free: 322414K (37%)
----------------- Invoking toplevel() on ptolemy.moml.MoMLSimpleApplication@3d392301
----------------- Done invoking toplevel() on ptolemy.moml.MoMLSimpleApplication@3d392301
reloadAllAccessors: .ConstraintMonitor4

===========================================================================================
----------------- testing Mon Feb 04 03:26:26 UTC 2019 /home/travis/build/icyphy/ptII/ptolemy/actor/lib/test/auto/ConstraintMonitor5.xml
----------------- Instantiating /home/travis/build/icyphy/ptII/ptolemy/actor/lib/test/auto/ConstraintMonitor5.xml
3 ms. Memory: 876032K Free: 312058K (36%)
----------------- Invoking toplevel() on ptolemy.moml.MoMLSimpleApplication@7a588bd9
----------------- Done invoking toplevel() on ptolemy.moml.MoMLSimpleApplication@7a588bd9
reloadAllAccessors: .ConstraintMonitor5

===========================================================================================
----------------- testing Mon Feb 04 03:26:26 UTC 2019 /home/travis/build/icyphy/ptII/ptolemy/actor/lib/test/auto/ConstraintMonitor6.xml
----------------- Instantiating /home/travis/build/icyphy/ptII/ptolemy/actor/lib/test/auto/ConstraintMonitor6.xml
5 ms. Memory: 876032K Free: 294193K (34%)
----------------- Invoking toplevel() on ptolemy.moml.MoMLSimpleApplication@ede565f
----------------- Done invoking toplevel() on ptolemy.moml.MoMLSimpleApplication@ede565f
reloadAllAccessors: .ConstraintMonitor6

===========================================================================================
----------------- testing Mon Feb 04 03:26:26 UTC 2019 /home/travis/build/icyphy/ptII/ptolemy/actor/lib/test/auto/ConstraintMonitor7.xml
----------------- Instantiating /home/travis/build/icyphy/ptII/ptolemy/actor/lib/test/auto/ConstraintMonitor7.xml
6 ms. Memory: 876032K Free: 283836K (32%)
----------------- Invoking toplevel() on ptolemy.moml.MoMLSimpleApplication@6a7b4059
----------------- Done invoking toplevel() on ptolemy.moml.MoMLSimpleApplication@6a7b4059
reloadAllAccessors: .ConstraintMonitor7

===========================================================================================
----------------- testing Mon Feb 04 03:26:26 UTC 2019 /home/travis/build/icyphy/ptII/ptolemy/actor/lib/test/auto/ConstraintMonitor8.xml
----------------- Instantiating /home/travis/build/icyphy/ptII/ptolemy/actor/lib/test/auto/ConstraintMonitor8.xml
2 ms. Memory: 876032K Free: 273480K (31%)
----------------- Invoking toplevel() on ptolemy.moml.MoMLSimpleApplication@653a4c25
----------------- Done invoking toplevel() on ptolemy.moml.MoMLSimpleApplication@653a4c25
reloadAllAccessors: .ConstraintMonitor8

===========================================================================================
----------------- testing Mon Feb 04 03:26:26 UTC 2019 /home/travis/build/icyphy/ptII/ptolemy/actor/lib/test/auto/Counter.xml
----------------- Instantiating /home/travis/build/icyphy/ptII/ptolemy/actor/lib/test/auto/Counter.xml
2 ms. Memory: 876032K Free: 255615K (29%)
----------------- Invoking toplevel() on ptolemy.moml.MoMLSimpleApplication@48a25cbb
----------------- Done invoking toplevel() on ptolemy.moml.MoMLSimpleApplication@48a25cbb
reloadAllAccessors: .Counter

===========================================================================================
----------------- testing Mon Feb 04 03:26:26 UTC 2019 /home/travis/build/icyphy/ptII/ptolemy/actor/lib/test/auto/CurrentTimeSDF.xml
----------------- Instantiating /home/travis/build/icyphy/ptII/ptolemy/actor/lib/test/auto/CurrentTimeSDF.xml
1 ms. Memory: 876032K Free: 245259K (28%)
----------------- Invoking toplevel() on ptolemy.moml.MoMLSimpleApplication@4d600f3b
----------------- Done invoking toplevel() on ptolemy.moml.MoMLSimpleApplication@4d600f3b
reloadAllAccessors: .CurrentTimeSDF

===========================================================================================
----------------- testing Mon Feb 04 03:26:26 UTC 2019 /home/travis/build/icyphy/ptII/ptolemy/actor/lib/test/auto/DB.xml
----------------- Instantiating /home/travis/build/icyphy/ptII/ptolemy/actor/lib/test/auto/DB.xml
1 ms. Memory: 876032K Free: 234903K (27%)
----------------- Invoking toplevel() on ptolemy.moml.MoMLSimpleApplication@7e7ba7d8
----------------- Done invoking toplevel() on ptolemy.moml.MoMLSimpleApplication@7e7ba7d8
reloadAllAccessors: .DB

===========================================================================================
----------------- testing Mon Feb 04 03:26:26 UTC 2019 /home/travis/build/icyphy/ptII/ptolemy/actor/lib/test/auto/DBDE.xml
----------------- Instantiating /home/travis/build/icyphy/ptII/ptolemy/actor/lib/test/auto/DBDE.xml
1 ms. Memory: 876032K Free: 217037K (25%)
----------------- Invoking toplevel() on ptolemy.moml.MoMLSimpleApplication@1b73d54a
----------------- Done invoking toplevel() on ptolemy.moml.MoMLSimpleApplication@1b73d54a
reloadAllAccessors: .DBDE

===========================================================================================
----------------- testing Mon Feb 04 03:26:26 UTC 2019 /home/travis/build/icyphy/ptII/ptolemy/actor/lib/test/auto/DateConstructor.xml
----------------- Instantiating /home/travis/build/icyphy/ptII/ptolemy/actor/lib/test/auto/DateConstructor.xml
12 ms. Memory: 876032K Free: 196325K (22%)
----------------- Invoking toplevel() on ptolemy.moml.MoMLSimpleApplication@1849fb9
----------------- Done invoking toplevel() on ptolemy.moml.MoMLSimpleApplication@1849fb9
reloadAllAccessors: .DateConstructor

===========================================================================================
----------------- testing Mon Feb 04 03:26:26 UTC 2019 /home/travis/build/icyphy/ptII/ptolemy/actor/lib/test/auto/DelayTime.xml
----------------- Instantiating /home/travis/build/icyphy/ptII/ptolemy/actor/lib/test/auto/DelayTime.xml
3 ms. Memory: 876032K Free: 185968K (21%)
----------------- Invoking toplevel() on ptolemy.moml.MoMLSimpleApplication@532cbe47
----------------- Done invoking toplevel() on ptolemy.moml.MoMLSimpleApplication@532cbe47
reloadAllAccessors: .DelayTime

===========================================================================================
----------------- testing Mon Feb 04 03:26:26 UTC 2019 /home/travis/build/icyphy/ptII/ptolemy/actor/lib/test/auto/Dictionary1.xml
----------------- Instantiating /home/travis/build/icyphy/ptII/ptolemy/actor/lib/test/auto/Dictionary1.xml
1 ms. Memory: 876032K Free: 168103K (19%)
----------------- Invoking toplevel() on ptolemy.moml.MoMLSimpleApplication@4781704e
----------------- Done invoking toplevel() on ptolemy.moml.MoMLSimpleApplication@4781704e
reloadAllAccessors: .Dictionary1

===========================================================================================
----------------- testing Mon Feb 04 03:26:26 UTC 2019 /home/travis/build/icyphy/ptII/ptolemy/actor/lib/test/auto/Dictionary2.xml
----------------- Instantiating /home/travis/build/icyphy/ptII/ptolemy/actor/lib/test/auto/Dictionary2.xml
3 ms. Memory: 876032K Free: 157747K (18%)
----------------- Invoking toplevel() on ptolemy.moml.MoMLSimpleApplication@4c757c40
----------------- Done invoking toplevel() on ptolemy.moml.MoMLSimpleApplication@4c757c40
reloadAllAccessors: .Dictionary2

===========================================================================================
----------------- testing Mon Feb 04 03:26:26 UTC 2019 /home/travis/build/icyphy/ptII/ptolemy/actor/lib/test/auto/Dictionary3.xml
----------------- Instantiating /home/travis/build/icyphy/ptII/ptolemy/actor/lib/test/auto/Dictionary3.xml
1 ms. Memory: 876032K Free: 147391K (17%)
----------------- Invoking toplevel() on ptolemy.moml.MoMLSimpleApplication@a536030
----------------- Done invoking toplevel() on ptolemy.moml.MoMLSimpleApplication@a536030
reloadAllAccessors: .Dictionary3

===========================================================================================
----------------- testing Mon Feb 04 03:26:26 UTC 2019 /home/travis/build/icyphy/ptII/ptolemy/actor/lib/test/auto/Dictionary4.xml
----------------- Instantiating /home/travis/build/icyphy/ptII/ptolemy/actor/lib/test/auto/Dictionary4.xml
3 ms. Memory: 876032K Free: 137035K (16%)
----------------- Invoking toplevel() on ptolemy.moml.MoMLSimpleApplication@7000ae26
----------------- Done invoking toplevel() on ptolemy.moml.MoMLSimpleApplication@7000ae26
reloadAllAccessors: .Dictionary4

===========================================================================================
----------------- testing Mon Feb 04 03:26:26 UTC 2019 /home/travis/build/icyphy/ptII/ptolemy/actor/lib/test/auto/Differential.xml
----------------- Instantiating /home/travis/build/icyphy/ptII/ptolemy/actor/lib/test/auto/Differential.xml
1 ms. Memory: 876032K Free: 119169K (14%)
----------------- Invoking toplevel() on ptolemy.moml.MoMLSimpleApplication@7b5a61d1
----------------- Done invoking toplevel() on ptolemy.moml.MoMLSimpleApplication@7b5a61d1
reloadAllAccessors: .Differential

===========================================================================================
----------------- testing Mon Feb 04 03:26:26 UTC 2019 /home/travis/build/icyphy/ptII/ptolemy/actor/lib/test/auto/Director.xml
----------------- Instantiating /home/travis/build/icyphy/ptII/ptolemy/actor/lib/test/auto/Director.xml
2 ms. Memory: 876032K Free: 108813K (12%)
----------------- Invoking toplevel() on ptolemy.moml.MoMLSimpleApplication@24af6d53
----------------- Done invoking toplevel() on ptolemy.moml.MoMLSimpleApplication@24af6d53
reloadAllAccessors: .Director

===========================================================================================
----------------- testing Mon Feb 04 03:26:26 UTC 2019 /home/travis/build/icyphy/ptII/ptolemy/actor/lib/test/auto/DiscreteClock.xml
----------------- Instantiating /home/travis/build/icyphy/ptII/ptolemy/actor/lib/test/auto/DiscreteClock.xml
2 ms. Memory: 876032K Free: 98457K (11%)
----------------- Invoking toplevel() on ptolemy.moml.MoMLSimpleApplication@19f7aa35
----------------- Done invoking toplevel() on ptolemy.moml.MoMLSimpleApplication@19f7aa35
reloadAllAccessors: .DiscreteClock

===========================================================================================
----------------- testing Mon Feb 04 03:26:26 UTC 2019 /home/travis/build/icyphy/ptII/ptolemy/actor/lib/test/auto/DiscreteClock10.xml
----------------- Instantiating /home/travis/build/icyphy/ptII/ptolemy/actor/lib/test/auto/DiscreteClock10.xml
1 ms. Memory: 876032K Free: 80592K (9%)
----------------- Invoking toplevel() on ptolemy.moml.MoMLSimpleApplication@3c54bb63
----------------- Done invoking toplevel() on ptolemy.moml.MoMLSimpleApplication@3c54bb63
reloadAllAccessors: .DiscreteClock10

===========================================================================================
----------------- testing Mon Feb 04 03:26:26 UTC 2019 /home/travis/build/icyphy/ptII/ptolemy/actor/lib/test/auto/DiscreteClock11.xml
----------------- Instantiating /home/travis/build/icyphy/ptII/ptolemy/actor/lib/test/auto/DiscreteClock11.xml
2 ms. Memory: 876032K Free: 70235K (8%)
----------------- Invoking toplevel() on ptolemy.moml.MoMLSimpleApplication@5bf08aac
----------------- Done invoking toplevel() on ptolemy.moml.MoMLSimpleApplication@5bf08aac
reloadAllAccessors: .DiscreteClock11

===========================================================================================
----------------- testing Mon Feb 04 03:26:26 UTC 2019 /home/travis/build/icyphy/ptII/ptolemy/actor/lib/test/auto/DiscreteClock12.xml
----------------- Instantiating /home/travis/build/icyphy/ptII/ptolemy/actor/lib/test/auto/DiscreteClock12.xml
3 ms. Memory: 876032K Free: 60978K (7%)
----------------- Invoking toplevel() on ptolemy.moml.MoMLSimpleApplication@3f31dfa
----------------- Done invoking toplevel() on ptolemy.moml.MoMLSimpleApplication@3f31dfa
reloadAllAccessors: .DiscreteClock12

===========================================================================================
----------------- testing Mon Feb 04 03:26:26 UTC 2019 /home/travis/build/icyphy/ptII/ptolemy/actor/lib/test/auto/DiscreteClock13.xml
----------------- Instantiating /home/travis/build/icyphy/ptII/ptolemy/actor/lib/test/auto/DiscreteClock13.xml
6 ms. Memory: 1341952K Free: 1260562K (94%)
----------------- Invoking toplevel() on ptolemy.moml.MoMLSimpleApplication@22a07c7e
----------------- Done invoking toplevel() on ptolemy.moml.MoMLSimpleApplication@22a07c7e
reloadAllAccessors: .DiscreteClock13

===========================================================================================
----------------- testing Mon Feb 04 03:26:26 UTC 2019 /home/travis/build/icyphy/ptII/ptolemy/actor/lib/test/auto/DiscreteClock14.xml
----------------- Instantiating /home/travis/build/icyphy/ptII/ptolemy/actor/lib/test/auto/DiscreteClock14.xml
6 ms. Memory: 1341952K Free: 1235452K (92%)
----------------- Invoking toplevel() on ptolemy.moml.MoMLSimpleApplication@72acf79c
----------------- Done invoking toplevel() on ptolemy.moml.MoMLSimpleApplication@72acf79c
reloadAllAccessors: .DiscreteClock14

===========================================================================================
----------------- testing Mon Feb 04 03:26:27 UTC 2019 /home/travis/build/icyphy/ptII/ptolemy/actor/lib/test/auto/DiscreteClock15.xml
----------------- Instantiating /home/travis/build/icyphy/ptII/ptolemy/actor/lib/test/auto/DiscreteClock15.xml
6 ms. Memory: 1341952K Free: 1210599K (90%)
----------------- Invoking toplevel() on ptolemy.moml.MoMLSimpleApplication@88683e5
----------------- Done invoking toplevel() on ptolemy.moml.MoMLSimpleApplication@88683e5
reloadAllAccessors: .DiscreteClock15

===========================================================================================
----------------- testing Mon Feb 04 03:26:27 UTC 2019 /home/travis/build/icyphy/ptII/ptolemy/actor/lib/test/auto/DiscreteClock16.xml
----------------- Instantiating /home/travis/build/icyphy/ptII/ptolemy/actor/lib/test/auto/DiscreteClock16.xml
13 ms. Memory: 1341952K Free: 1185747K (88%)
----------------- Invoking toplevel() on ptolemy.moml.MoMLSimpleApplication@5c2b0282
----------------- Done invoking toplevel() on ptolemy.moml.MoMLSimpleApplication@5c2b0282
reloadAllAccessors: .DiscreteClock16

===========================================================================================
----------------- testing Mon Feb 04 03:26:27 UTC 2019 /home/travis/build/icyphy/ptII/ptolemy/actor/lib/test/auto/DiscreteClock17.xml
----------------- Instantiating /home/travis/build/icyphy/ptII/ptolemy/actor/lib/test/auto/DiscreteClock17.xml
15 ms. Memory: 1341952K Free: 1151606K (86%)
----------------- Invoking toplevel() on ptolemy.moml.MoMLSimpleApplication@66daf800
----------------- Done invoking toplevel() on ptolemy.moml.MoMLSimpleApplication@66daf800
reloadAllAccessors: .DiscreteClock17

===========================================================================================
----------------- testing Mon Feb 04 03:26:27 UTC 2019 /home/travis/build/icyphy/ptII/ptolemy/actor/lib/test/auto/DiscreteClock18.xml
----------------- Instantiating /home/travis/build/icyphy/ptII/ptolemy/actor/lib/test/auto/DiscreteClock18.xml
677 ms. Memory: 1361408K Free: 1311592K (96%)
----------------- Invoking toplevel() on ptolemy.moml.MoMLSimpleApplication@2ead36e8
----------------- Done invoking toplevel() on ptolemy.moml.MoMLSimpleApplication@2ead36e8
reloadAllAccessors: .DiscreteClock18

===========================================================================================
----------------- testing Mon Feb 04 03:26:27 UTC 2019 /home/travis/build/icyphy/ptII/ptolemy/actor/lib/test/auto/DiscreteClock19.xml
----------------- Instantiating /home/travis/build/icyphy/ptII/ptolemy/actor/lib/test/auto/DiscreteClock19.xml
17 ms. Memory: 1361408K Free: 1265017K (93%)
----------------- Invoking toplevel() on ptolemy.moml.MoMLSimpleApplication@2f0375d0
----------------- Done invoking toplevel() on ptolemy.moml.MoMLSimpleApplication@2f0375d0
reloadAllAccessors: .DiscreteClock19

===========================================================================================
----------------- testing Mon Feb 04 03:26:27 UTC 2019 /home/travis/build/icyphy/ptII/ptolemy/actor/lib/test/auto/DiscreteClock2.xml
----------------- Instantiating /home/travis/build/icyphy/ptII/ptolemy/actor/lib/test/auto/DiscreteClock2.xml
5 ms. Memory: 1361408K Free: 1248449K (92%)
----------------- Invoking toplevel() on ptolemy.moml.MoMLSimpleApplication@758eb115
----------------- Done invoking toplevel() on ptolemy.moml.MoMLSimpleApplication@758eb115
reloadAllAccessors: .DiscreteClock2

===========================================================================================
----------------- testing Mon Feb 04 03:26:27 UTC 2019 /home/travis/build/icyphy/ptII/ptolemy/actor/lib/test/auto/DiscreteClock20.xml
----------------- Instantiating /home/travis/build/icyphy/ptII/ptolemy/actor/lib/test/auto/DiscreteClock20.xml
2 ms. Memory: 1361408K Free: 1231880K (90%)
----------------- Invoking toplevel() on ptolemy.moml.MoMLSimpleApplication@6b034891
----------------- Done invoking toplevel() on ptolemy.moml.MoMLSimpleApplication@6b034891
reloadAllAccessors: .DiscreteClock20

===========================================================================================
----------------- testing Mon Feb 04 03:26:27 UTC 2019 /home/travis/build/icyphy/ptII/ptolemy/actor/lib/test/auto/DiscreteClock21.xml
----------------- Instantiating /home/travis/build/icyphy/ptII/ptolemy/actor/lib/test/auto/DiscreteClock21.xml
2 ms. Memory: 1361408K Free: 1206024K (89%)
----------------- Invoking toplevel() on ptolemy.moml.MoMLSimpleApplication@15b46f22
----------------- Done invoking toplevel() on ptolemy.moml.MoMLSimpleApplication@15b46f22
reloadAllAccessors: .DiscreteClock21

===========================================================================================
----------------- testing Mon Feb 04 03:26:27 UTC 2019 /home/travis/build/icyphy/ptII/ptolemy/actor/lib/test/auto/DiscreteClock22.xml
----------------- Instantiating /home/travis/build/icyphy/ptII/ptolemy/actor/lib/test/auto/DiscreteClock22.xml
4 ms. Memory: 1361408K Free: 1189456K (87%)
----------------- Invoking toplevel() on ptolemy.moml.MoMLSimpleApplication@3309fd6c
----------------- Done invoking toplevel() on ptolemy.moml.MoMLSimpleApplication@3309fd6c
reloadAllAccessors: .DiscreteClock22

===========================================================================================
----------------- testing Mon Feb 04 03:26:27 UTC 2019 /home/travis/build/icyphy/ptII/ptolemy/actor/lib/test/auto/DiscreteClock23.xml
----------------- Instantiating /home/travis/build/icyphy/ptII/ptolemy/actor/lib/test/auto/DiscreteClock23.xml
5 ms. Memory: 1361408K Free: 1172887K (86%)
----------------- Invoking toplevel() on ptolemy.moml.MoMLSimpleApplication@2c0132a3
----------------- Done invoking toplevel() on ptolemy.moml.MoMLSimpleApplication@2c0132a3
reloadAllAccessors: .DiscreteClock23

===========================================================================================
----------------- testing Mon Feb 04 03:26:28 UTC 2019 /home/travis/build/icyphy/ptII/ptolemy/actor/lib/test/auto/DiscreteClock24.xml
----------------- Instantiating /home/travis/build/icyphy/ptII/ptolemy/actor/lib/test/auto/DiscreteClock24.xml
5 ms. Memory: 1361408K Free: 1156319K (85%)
----------------- Invoking toplevel() on ptolemy.moml.MoMLSimpleApplication@4805ca23
----------------- Done invoking toplevel() on ptolemy.moml.MoMLSimpleApplication@4805ca23
reloadAllAccessors: .DiscreteClock24

===========================================================================================
----------------- testing Mon Feb 04 03:26:28 UTC 2019 /home/travis/build/icyphy/ptII/ptolemy/actor/lib/test/auto/DiscreteClock4.xml
----------------- Instantiating /home/travis/build/icyphy/ptII/ptolemy/actor/lib/test/auto/DiscreteClock4.xml
2 ms. Memory: 1361408K Free: 1130463K (83%)
----------------- Invoking toplevel() on ptolemy.moml.MoMLSimpleApplication@80cad78
----------------- Done invoking toplevel() on ptolemy.moml.MoMLSimpleApplication@80cad78
reloadAllAccessors: .DiscreteClock4

===========================================================================================
----------------- testing Mon Feb 04 03:26:28 UTC 2019 /home/travis/build/icyphy/ptII/ptolemy/actor/lib/test/auto/DiscreteClock5.xml
----------------- Instantiating /home/travis/build/icyphy/ptII/ptolemy/actor/lib/test/auto/DiscreteClock5.xml
1 ms. Memory: 1361408K Free: 1113894K (82%)
----------------- Invoking toplevel() on ptolemy.moml.MoMLSimpleApplication@c9e5fa0
----------------- Done invoking toplevel() on ptolemy.moml.MoMLSimpleApplication@c9e5fa0
reloadAllAccessors: .DiscreteClock5

===========================================================================================
----------------- testing Mon Feb 04 03:26:28 UTC 2019 /home/travis/build/icyphy/ptII/ptolemy/actor/lib/test/auto/DiscreteClock6.xml
----------------- Instantiating /home/travis/build/icyphy/ptII/ptolemy/actor/lib/test/auto/DiscreteClock6.xml
1 ms. Memory: 1361408K Free: 1097326K (81%)
----------------- Invoking toplevel() on ptolemy.moml.MoMLSimpleApplication@477a3678
----------------- Done invoking toplevel() on ptolemy.moml.MoMLSimpleApplication@477a3678
reloadAllAccessors: .DiscreteClock6

===========================================================================================
----------------- testing Mon Feb 04 03:26:28 UTC 2019 /home/travis/build/icyphy/ptII/ptolemy/actor/lib/test/auto/DiscreteClock7.xml
----------------- Instantiating /home/travis/build/icyphy/ptII/ptolemy/actor/lib/test/auto/DiscreteClock7.xml
1 ms. Memory: 1361408K Free: 1080758K (79%)
----------------- Invoking toplevel() on ptolemy.moml.MoMLSimpleApplication@1ee23908
----------------- Done invoking toplevel() on ptolemy.moml.MoMLSimpleApplication@1ee23908
reloadAllAccessors: .DiscreteClock7

===========================================================================================
----------------- testing Mon Feb 04 03:26:28 UTC 2019 /home/travis/build/icyphy/ptII/ptolemy/actor/lib/test/auto/DiscreteClock8.xml
----------------- Instantiating /home/travis/build/icyphy/ptII/ptolemy/actor/lib/test/auto/DiscreteClock8.xml
2 ms. Memory: 1361408K Free: 1054901K (77%)
----------------- Invoking toplevel() on ptolemy.moml.MoMLSimpleApplication@158c3a69
----------------- Done invoking toplevel() on ptolemy.moml.MoMLSimpleApplication@158c3a69
reloadAllAccessors: .DiscreteClock8

===========================================================================================
----------------- testing Mon Feb 04 03:26:28 UTC 2019 /home/travis/build/icyphy/ptII/ptolemy/actor/lib/test/auto/DiscreteClock9.xml
----------------- Instantiating /home/travis/build/icyphy/ptII/ptolemy/actor/lib/test/auto/DiscreteClock9.xml
1 ms. Memory: 1361408K Free: 1038333K (76%)
----------------- Invoking toplevel() on ptolemy.moml.MoMLSimpleApplication@1d2eea85
----------------- Done invoking toplevel() on ptolemy.moml.MoMLSimpleApplication@1d2eea85
reloadAllAccessors: .DiscreteClock9

===========================================================================================
----------------- testing Mon Feb 04 03:26:28 UTC 2019 /home/travis/build/icyphy/ptII/ptolemy/actor/lib/test/auto/DisplayArray.xml
----------------- Instantiating /home/travis/build/icyphy/ptII/ptolemy/actor/lib/test/auto/DisplayArray.xml
4 ms. Memory: 1361408K Free: 1021764K (75%)
----------------- Invoking toplevel() on ptolemy.moml.MoMLSimpleApplication@4ca78a9a
----------------- Done invoking toplevel() on ptolemy.moml.MoMLSimpleApplication@4ca78a9a
reloadAllAccessors: .DisplayArray

===========================================================================================
----------------- testing Mon Feb 04 03:26:28 UTC 2019 /home/travis/build/icyphy/ptII/ptolemy/actor/lib/test/auto/Distributor.xml
----------------- Instantiating /home/travis/build/icyphy/ptII/ptolemy/actor/lib/test/auto/Distributor.xml
1 ms. Memory: 1361408K Free: 1005196K (74%)
----------------- Invoking toplevel() on ptolemy.moml.MoMLSimpleApplication@4a10509c
----------------- Done invoking toplevel() on ptolemy.moml.MoMLSimpleApplication@4a10509c
reloadAllAccessors: .Distributor

===========================================================================================
----------------- testing Mon Feb 04 03:26:28 UTC 2019 /home/travis/build/icyphy/ptII/ptolemy/actor/lib/test/auto/Distributor2.xml
----------------- Instantiating /home/travis/build/icyphy/ptII/ptolemy/actor/lib/test/auto/Distributor2.xml
1 ms. Memory: 1361408K Free: 979339K (72%)
----------------- Invoking toplevel() on ptolemy.moml.MoMLSimpleApplication@99009fa
----------------- Done invoking toplevel() on ptolemy.moml.MoMLSimpleApplication@99009fa
reloadAllAccessors: .Distributor2

===========================================================================================
----------------- testing Mon Feb 04 03:26:28 UTC 2019 /home/travis/build/icyphy/ptII/ptolemy/actor/lib/test/auto/DownSample.xml
----------------- Instantiating /home/travis/build/icyphy/ptII/ptolemy/actor/lib/test/auto/DownSample.xml
1 ms. Memory: 1361408K Free: 962771K (71%)
----------------- Invoking toplevel() on ptolemy.moml.MoMLSimpleApplication@9dfb756
----------------- Done invoking toplevel() on ptolemy.moml.MoMLSimpleApplication@9dfb756
reloadAllAccessors: .DownSample

===========================================================================================
----------------- testing Mon Feb 04 03:26:28 UTC 2019 /home/travis/build/icyphy/ptII/ptolemy/actor/lib/test/auto/ElectronicUnitBase1.xml
----------------- Instantiating /home/travis/build/icyphy/ptII/ptolemy/actor/lib/test/auto/ElectronicUnitBase1.xml
18 ms. Memory: 1361408K Free: 937919K (69%)
----------------- Invoking toplevel() on ptolemy.moml.MoMLSimpleApplication@2dabfae4
----------------- Done invoking toplevel() on ptolemy.moml.MoMLSimpleApplication@2dabfae4
reloadAllAccessors: .ElectronicUnitBase1

===========================================================================================
----------------- testing Mon Feb 04 03:26:28 UTC 2019 /home/travis/build/icyphy/ptII/ptolemy/actor/lib/test/auto/ElementsToArray.xml
----------------- Instantiating /home/travis/build/icyphy/ptII/ptolemy/actor/lib/test/auto/ElementsToArray.xml
8 ms. Memory: 1361408K Free: 921350K (68%)
----------------- Invoking toplevel() on ptolemy.moml.MoMLSimpleApplication@7d89e6cb
----------------- Done invoking toplevel() on ptolemy.moml.MoMLSimpleApplication@7d89e6cb
reloadAllAccessors: .ElementsToArray

===========================================================================================
----------------- testing Mon Feb 04 03:26:28 UTC 2019 /home/travis/build/icyphy/ptII/ptolemy/actor/lib/test/auto/Equals.xml
----------------- Instantiating /home/travis/build/icyphy/ptII/ptolemy/actor/lib/test/auto/Equals.xml
4 ms. Memory: 1361408K Free: 895494K (66%)
----------------- Invoking toplevel() on ptolemy.moml.MoMLSimpleApplication@676e3503
----------------- Done invoking toplevel() on ptolemy.moml.MoMLSimpleApplication@676e3503
reloadAllAccessors: .Equals

===========================================================================================
----------------- testing Mon Feb 04 03:26:28 UTC 2019 /home/travis/build/icyphy/ptII/ptolemy/actor/lib/test/auto/Exec.xml
----------------- Instantiating /home/travis/build/icyphy/ptII/ptolemy/actor/lib/test/auto/Exec.xml
11 ms. Memory: 1361408K Free: 858215K (63%)
----------------- Invoking toplevel() on ptolemy.moml.MoMLSimpleApplication@185873ab
----------------- Done invoking toplevel() on ptolemy.moml.MoMLSimpleApplication@185873ab
reloadAllAccessors: .Exec

===========================================================================================
----------------- testing Mon Feb 04 03:26:28 UTC 2019 /home/travis/build/icyphy/ptII/ptolemy/actor/lib/test/auto/ExecEnvironment.xml
----------------- Instantiating /home/travis/build/icyphy/ptII/ptolemy/actor/lib/test/auto/ExecEnvironment.xml
27 ms. Memory: 1361408K Free: 816794K (60%)
----------------- Invoking toplevel() on ptolemy.moml.MoMLSimpleApplication@31111b91
----------------- Done invoking toplevel() on ptolemy.moml.MoMLSimpleApplication@31111b91
reloadAllAccessors: .ExecEnvironment

===========================================================================================
----------------- testing Mon Feb 04 03:26:28 UTC 2019 /home/travis/build/icyphy/ptII/ptolemy/actor/lib/test/auto/ExecNonZeroReturnOutput.xml
----------------- Instantiating /home/travis/build/icyphy/ptII/ptolemy/actor/lib/test/auto/ExecNonZeroReturnOutput.xml
131 ms. Memory: 1361408K Free: 692530K (51%)
----------------- Invoking toplevel() on ptolemy.moml.MoMLSimpleApplication@75f275f0
----------------- Done invoking toplevel() on ptolemy.moml.MoMLSimpleApplication@75f275f0
reloadAllAccessors: .ExecNonZeroReturnOutput

===========================================================================================
----------------- testing Mon Feb 04 03:26:28 UTC 2019 /home/travis/build/icyphy/ptII/ptolemy/actor/lib/test/auto/ExecRunDemos.xml
----------------- Instantiating /home/travis/build/icyphy/ptII/ptolemy/actor/lib/test/auto/ExecRunDemos.xml
Finished: 65 ms. Memory: 116224K Free: 100672K (87%)

Finished: 52 ms. Memory: 116224K Free: 97677K (84%)

Finished: 41 ms. Memory: 116224K Free: 98219K (85%)

Finished: 39 ms. Memory: 116224K Free: 99544K (86%)

Finished: 52 ms. Memory: 116224K Free: 100658K (87%)

9255 ms. Memory: 1361408K Free: 575531K (42%)
----------------- Invoking toplevel() on ptolemy.moml.MoMLSimpleApplication@4d195b69
----------------- Done invoking toplevel() on ptolemy.moml.MoMLSimpleApplication@4d195b69
reloadAllAccessors: .ExecRunDemos

===========================================================================================
----------------- testing Mon Feb 04 03:26:37 UTC 2019 /home/travis/build/icyphy/ptII/ptolemy/actor/lib/test/auto/ExecStop.xml
----------------- Instantiating /home/travis/build/icyphy/ptII/ptolemy/actor/lib/test/auto/ExecStop.xml
5007 ms. Memory: 1361408K Free: 384994K (28%)
----------------- Invoking toplevel() on ptolemy.moml.MoMLSimpleApplication@748c035a
----------------- Done invoking toplevel() on ptolemy.moml.MoMLSimpleApplication@748c035a
reloadAllAccessors: .ExecStop

===========================================================================================
----------------- testing Mon Feb 04 03:26:42 UTC 2019 /home/travis/build/icyphy/ptII/ptolemy/actor/lib/test/auto/ExecutionTimeSDF.xml
----------------- Instantiating /home/travis/build/icyphy/ptII/ptolemy/actor/lib/test/auto/ExecutionTimeSDF.xml
Fired ExecutionTime: 2077200000
Fired ExecutionTime: 948000000
Fired ExecutionTime: -1692167296
6004 ms. Memory: 1361408K Free: 360133K (26%)
----------------- Invoking toplevel() on ptolemy.moml.MoMLSimpleApplication@548a1740
----------------- Done invoking toplevel() on ptolemy.moml.MoMLSimpleApplication@548a1740
reloadAllAccessors: .ExecutionTimeSDF

===========================================================================================
----------------- testing Mon Feb 04 03:26:48 UTC 2019 /home/travis/build/icyphy/ptII/ptolemy/actor/lib/test/auto/Expression1.xml
----------------- Instantiating /home/travis/build/icyphy/ptII/ptolemy/actor/lib/test/auto/Expression1.xml
1 ms. Memory: 1361408K Free: 343565K (25%)
----------------- Invoking toplevel() on ptolemy.moml.MoMLSimpleApplication@1fb13113
----------------- Done invoking toplevel() on ptolemy.moml.MoMLSimpleApplication@1fb13113
reloadAllAccessors: .Expression1

===========================================================================================
----------------- testing Mon Feb 04 03:26:48 UTC 2019 /home/travis/build/icyphy/ptII/ptolemy/actor/lib/test/auto/Expression10.xml
----------------- Instantiating /home/travis/build/icyphy/ptII/ptolemy/actor/lib/test/auto/Expression10.xml
5 ms. Memory: 1361408K Free: 317707K (23%)
----------------- Invoking toplevel() on ptolemy.moml.MoMLSimpleApplication@3ac61f87
----------------- Done invoking toplevel() on ptolemy.moml.MoMLSimpleApplication@3ac61f87
reloadAllAccessors: .Expression10

===========================================================================================
----------------- testing Mon Feb 04 03:26:48 UTC 2019 /home/travis/build/icyphy/ptII/ptolemy/actor/lib/test/auto/Expression11.xml
----------------- Instantiating /home/travis/build/icyphy/ptII/ptolemy/actor/lib/test/auto/Expression11.xml
2 ms. Memory: 1361408K Free: 301138K (22%)
----------------- Invoking toplevel() on ptolemy.moml.MoMLSimpleApplication@10695768
----------------- Done invoking toplevel() on ptolemy.moml.MoMLSimpleApplication@10695768
reloadAllAccessors: .Expression11

===========================================================================================
----------------- testing Mon Feb 04 03:26:48 UTC 2019 /home/travis/build/icyphy/ptII/ptolemy/actor/lib/test/auto/Expression12.xml
----------------- Instantiating /home/travis/build/icyphy/ptII/ptolemy/actor/lib/test/auto/Expression12.xml
2 ms. Memory: 1361408K Free: 284570K (21%)
----------------- Invoking toplevel() on ptolemy.moml.MoMLSimpleApplication@1ffcb2ba
----------------- Done invoking toplevel() on ptolemy.moml.MoMLSimpleApplication@1ffcb2ba
reloadAllAccessors: .Expression12

===========================================================================================
----------------- testing Mon Feb 04 03:26:48 UTC 2019 /home/travis/build/icyphy/ptII/ptolemy/actor/lib/test/auto/Expression13.xml
----------------- Instantiating /home/travis/build/icyphy/ptII/ptolemy/actor/lib/test/auto/Expression13.xml
3 ms. Memory: 1361408K Free: 268002K (20%)
----------------- Invoking toplevel() on ptolemy.moml.MoMLSimpleApplication@49d97c23
----------------- Done invoking toplevel() on ptolemy.moml.MoMLSimpleApplication@49d97c23
reloadAllAccessors: .Expression13

===========================================================================================
----------------- testing Mon Feb 04 03:26:48 UTC 2019 /home/travis/build/icyphy/ptII/ptolemy/actor/lib/test/auto/Expression14.xml
----------------- Instantiating /home/travis/build/icyphy/ptII/ptolemy/actor/lib/test/auto/Expression14.xml
4 ms. Memory: 1361408K Free: 242145K (18%)
----------------- Invoking toplevel() on ptolemy.moml.MoMLSimpleApplication@2cee615e
----------------- Done invoking toplevel() on ptolemy.moml.MoMLSimpleApplication@2cee615e
reloadAllAccessors: .Expression14

===========================================================================================
----------------- testing Mon Feb 04 03:26:49 UTC 2019 /home/travis/build/icyphy/ptII/ptolemy/actor/lib/test/auto/Expression15.xml
----------------- Instantiating /home/travis/build/icyphy/ptII/ptolemy/actor/lib/test/auto/Expression15.xml
2 ms. Memory: 1361408K Free: 225577K (17%)
----------------- Invoking toplevel() on ptolemy.moml.MoMLSimpleApplication@38bacaa0
----------------- Done invoking toplevel() on ptolemy.moml.MoMLSimpleApplication@38bacaa0
reloadAllAccessors: .Expression15

===========================================================================================
----------------- testing Mon Feb 04 03:26:49 UTC 2019 /home/travis/build/icyphy/ptII/ptolemy/actor/lib/test/auto/Expression16.xml
----------------- Instantiating /home/travis/build/icyphy/ptII/ptolemy/actor/lib/test/auto/Expression16.xml
3 ms. Memory: 1361408K Free: 209008K (15%)
----------------- Invoking toplevel() on ptolemy.moml.MoMLSimpleApplication@8092f56
----------------- Done invoking toplevel() on ptolemy.moml.MoMLSimpleApplication@8092f56
reloadAllAccessors: .Expression16

===========================================================================================
----------------- testing Mon Feb 04 03:26:49 UTC 2019 /home/travis/build/icyphy/ptII/ptolemy/actor/lib/test/auto/Expression17.xml
----------------- Instantiating /home/travis/build/icyphy/ptII/ptolemy/actor/lib/test/auto/Expression17.xml
2 ms. Memory: 1361408K Free: 192440K (14%)
----------------- Invoking toplevel() on ptolemy.moml.MoMLSimpleApplication@1559495c
----------------- Done invoking toplevel() on ptolemy.moml.MoMLSimpleApplication@1559495c
reloadAllAccessors: .Expression17

===========================================================================================
----------------- testing Mon Feb 04 03:26:49 UTC 2019 /home/travis/build/icyphy/ptII/ptolemy/actor/lib/test/auto/Expression18.xml
----------------- Instantiating /home/travis/build/icyphy/ptII/ptolemy/actor/lib/test/auto/Expression18.xml
3 ms. Memory: 1361408K Free: 166584K (12%)
----------------- Invoking toplevel() on ptolemy.moml.MoMLSimpleApplication@92e6e29
----------------- Done invoking toplevel() on ptolemy.moml.MoMLSimpleApplication@92e6e29
reloadAllAccessors: .Expression18

===========================================================================================
----------------- testing Mon Feb 04 03:26:49 UTC 2019 /home/travis/build/icyphy/ptII/ptolemy/actor/lib/test/auto/Expression2.xml
----------------- Instantiating /home/travis/build/icyphy/ptII/ptolemy/actor/lib/test/auto/Expression2.xml
2 ms. Memory: 1361408K Free: 150015K (11%)
----------------- Invoking toplevel() on ptolemy.moml.MoMLSimpleApplication@252360c2
----------------- Done invoking toplevel() on ptolemy.moml.MoMLSimpleApplication@252360c2
reloadAllAccessors: .Expression2

===========================================================================================
----------------- testing Mon Feb 04 03:26:49 UTC 2019 /home/travis/build/icyphy/ptII/ptolemy/actor/lib/test/auto/Expression3.xml
----------------- Instantiating /home/travis/build/icyphy/ptII/ptolemy/actor/lib/test/auto/Expression3.xml
2 ms. Memory: 1361408K Free: 133447K (10%)
----------------- Invoking toplevel() on ptolemy.moml.MoMLSimpleApplication@53ca2f05
----------------- Done invoking toplevel() on ptolemy.moml.MoMLSimpleApplication@53ca2f05
reloadAllAccessors: .Expression3

===========================================================================================
----------------- testing Mon Feb 04 03:26:49 UTC 2019 /home/travis/build/icyphy/ptII/ptolemy/actor/lib/test/auto/Expression4.xml
----------------- Instantiating /home/travis/build/icyphy/ptII/ptolemy/actor/lib/test/auto/Expression4.xml
3 ms. Memory: 1361408K Free: 116879K (9%)
----------------- Invoking toplevel() on ptolemy.moml.MoMLSimpleApplication@70cc0634
----------------- Done invoking toplevel() on ptolemy.moml.MoMLSimpleApplication@70cc0634
reloadAllAccessors: .Expression4

===========================================================================================
----------------- testing Mon Feb 04 03:26:49 UTC 2019 /home/travis/build/icyphy/ptII/ptolemy/actor/lib/test/auto/Expression5.xml
----------------- Instantiating /home/travis/build/icyphy/ptII/ptolemy/actor/lib/test/auto/Expression5.xml
3 ms. Memory: 1361408K Free: 100310K (7%)
----------------- Invoking toplevel() on ptolemy.moml.MoMLSimpleApplication@689791a
----------------- Done invoking toplevel() on ptolemy.moml.MoMLSimpleApplication@689791a
reloadAllAccessors: .Expression5

===========================================================================================
----------------- testing Mon Feb 04 03:26:49 UTC 2019 /home/travis/build/icyphy/ptII/ptolemy/actor/lib/test/auto/Expression6.xml
----------------- Instantiating /home/travis/build/icyphy/ptII/ptolemy/actor/lib/test/auto/Expression6.xml
2 ms. Memory: 1361408K Free: 81652K (6%)
----------------- Invoking toplevel() on ptolemy.moml.MoMLSimpleApplication@5a549e0d
----------------- Done invoking toplevel() on ptolemy.moml.MoMLSimpleApplication@5a549e0d
reloadAllAccessors: .Expression6

===========================================================================================
----------------- testing Mon Feb 04 03:26:49 UTC 2019 /home/travis/build/icyphy/ptII/ptolemy/actor/lib/test/auto/Expression7.xml
----------------- Instantiating /home/travis/build/icyphy/ptII/ptolemy/actor/lib/test/auto/Expression7.xml
2 ms. Memory: 1523200K Free: 1466423K (96%)
----------------- Invoking toplevel() on ptolemy.moml.MoMLSimpleApplication@d729d15
----------------- Done invoking toplevel() on ptolemy.moml.MoMLSimpleApplication@d729d15
reloadAllAccessors: .Expression7

===========================================================================================
----------------- testing Mon Feb 04 03:26:49 UTC 2019 /home/travis/build/icyphy/ptII/ptolemy/actor/lib/test/auto/Expression8.xml
----------------- Instantiating /home/travis/build/icyphy/ptII/ptolemy/actor/lib/test/auto/Expression8.xml
3 ms. Memory: 1523200K Free: 1439804K (95%)
----------------- Invoking toplevel() on ptolemy.moml.MoMLSimpleApplication@2f8a4919
----------------- Done invoking toplevel() on ptolemy.moml.MoMLSimpleApplication@2f8a4919
reloadAllAccessors: .Expression8

===========================================================================================
----------------- testing Mon Feb 04 03:26:49 UTC 2019 /home/travis/build/icyphy/ptII/ptolemy/actor/lib/test/auto/Expression9.xml
----------------- Instantiating /home/travis/build/icyphy/ptII/ptolemy/actor/lib/test/auto/Expression9.xml
1 ms. Memory: 1523200K Free: 1420840K (93%)
----------------- Invoking toplevel() on ptolemy.moml.MoMLSimpleApplication@9038b74
----------------- Done invoking toplevel() on ptolemy.moml.MoMLSimpleApplication@9038b74
reloadAllAccessors: .Expression9

===========================================================================================
----------------- testing Mon Feb 04 03:26:49 UTC 2019 /home/travis/build/icyphy/ptII/ptolemy/actor/lib/test/auto/ExpressionConcatenateArrayType.xml
----------------- Instantiating /home/travis/build/icyphy/ptII/ptolemy/actor/lib/test/auto/ExpressionConcatenateArrayType.xml
2 ms. Memory: 1523200K Free: 1401875K (92%)
----------------- Invoking toplevel() on ptolemy.moml.MoMLSimpleApplication@522430aa
----------------- Done invoking toplevel() on ptolemy.moml.MoMLSimpleApplication@522430aa
reloadAllAccessors: .ExpressionConcatenateArrayType

===========================================================================================
----------------- testing Mon Feb 04 03:26:49 UTC 2019 /home/travis/build/icyphy/ptII/ptolemy/actor/lib/test/auto/ExpressionConcatenateArrayType2.xml
----------------- Instantiating /home/travis/build/icyphy/ptII/ptolemy/actor/lib/test/auto/ExpressionConcatenateArrayType2.xml
2 ms. Memory: 1523200K Free: 1375256K (90%)
----------------- Invoking toplevel() on ptolemy.moml.MoMLSimpleApplication@3b05ed08
----------------- Done invoking toplevel() on ptolemy.moml.MoMLSimpleApplication@3b05ed08
reloadAllAccessors: .ExpressionConcatenateArrayType2

===========================================================================================
----------------- testing Mon Feb 04 03:26:49 UTC 2019 /home/travis/build/icyphy/ptII/ptolemy/actor/lib/test/auto/ExpressionFix.xml
----------------- Instantiating /home/travis/build/icyphy/ptII/ptolemy/actor/lib/test/auto/ExpressionFix.xml
19 ms. Memory: 1523200K Free: 1356100K (89%)
----------------- Invoking toplevel() on ptolemy.moml.MoMLSimpleApplication@46288f48
----------------- Done invoking toplevel() on ptolemy.moml.MoMLSimpleApplication@46288f48
reloadAllAccessors: .ExpressionFix

===========================================================================================
----------------- testing Mon Feb 04 03:26:49 UTC 2019 /home/travis/build/icyphy/ptII/ptolemy/actor/lib/test/auto/ExpressionFix2.xml
----------------- Instantiating /home/travis/build/icyphy/ptII/ptolemy/actor/lib/test/auto/ExpressionFix2.xml
1 ms. Memory: 1523200K Free: 1337135K (88%)
----------------- Invoking toplevel() on ptolemy.moml.MoMLSimpleApplication@4fd3609f
----------------- Done invoking toplevel() on ptolemy.moml.MoMLSimpleApplication@4fd3609f
reloadAllAccessors: .ExpressionFix2

===========================================================================================
----------------- testing Mon Feb 04 03:26:49 UTC 2019 /home/travis/build/icyphy/ptII/ptolemy/actor/lib/test/auto/ExpressionFix3.xml
----------------- Instantiating /home/travis/build/icyphy/ptII/ptolemy/actor/lib/test/auto/ExpressionFix3.xml
2 ms. Memory: 1523200K Free: 1310516K (86%)
----------------- Invoking toplevel() on ptolemy.moml.MoMLSimpleApplication@6c38ab1f
----------------- Done invoking toplevel() on ptolemy.moml.MoMLSimpleApplication@6c38ab1f
reloadAllAccessors: .ExpressionFix3

===========================================================================================
----------------- testing Mon Feb 04 03:26:49 UTC 2019 /home/travis/build/icyphy/ptII/ptolemy/actor/lib/test/auto/FileWriter1.xml
----------------- Instantiating /home/travis/build/icyphy/ptII/ptolemy/actor/lib/test/auto/FileWriter1.xml
2 ms. Memory: 1523200K Free: 1291552K (85%)
----------------- Invoking toplevel() on ptolemy.moml.MoMLSimpleApplication@5d294c5
----------------- Done invoking toplevel() on ptolemy.moml.MoMLSimpleApplication@5d294c5
reloadAllAccessors: .FileWriter1

===========================================================================================
----------------- testing Mon Feb 04 03:26:49 UTC 2019 /home/travis/build/icyphy/ptII/ptolemy/actor/lib/test/auto/FileWriter2.xml
----------------- Instantiating /home/travis/build/icyphy/ptII/ptolemy/actor/lib/test/auto/FileWriter2.xml
2 ms. Memory: 1523200K Free: 1272587K (84%)
----------------- Invoking toplevel() on ptolemy.moml.MoMLSimpleApplication@17549fac
----------------- Done invoking toplevel() on ptolemy.moml.MoMLSimpleApplication@17549fac
reloadAllAccessors: .FileWriter2

===========================================================================================
----------------- testing Mon Feb 04 03:26:49 UTC 2019 /home/travis/build/icyphy/ptII/ptolemy/actor/lib/test/auto/FileWriter3.xml
----------------- Instantiating /home/travis/build/icyphy/ptII/ptolemy/actor/lib/test/auto/FileWriter3.xml
2 ms. Memory: 1523200K Free: 1253623K (82%)
----------------- Invoking toplevel() on ptolemy.moml.MoMLSimpleApplication@19813291
----------------- Done invoking toplevel() on ptolemy.moml.MoMLSimpleApplication@19813291
reloadAllAccessors: .FileWriter3

===========================================================================================
----------------- testing Mon Feb 04 03:26:49 UTC 2019 /home/travis/build/icyphy/ptII/ptolemy/actor/lib/test/auto/Gaussian.xml
----------------- Instantiating /home/travis/build/icyphy/ptII/ptolemy/actor/lib/test/auto/Gaussian.xml
1 ms. Memory: 1523200K Free: 1227004K (81%)
----------------- Invoking toplevel() on ptolemy.moml.MoMLSimpleApplication@2ddfda85
----------------- Done invoking toplevel() on ptolemy.moml.MoMLSimpleApplication@2ddfda85
reloadAllAccessors: .Gaussian

===========================================================================================
----------------- testing Mon Feb 04 03:26:49 UTC 2019 /home/travis/build/icyphy/ptII/ptolemy/actor/lib/test/auto/Gaussian1.xml
----------------- Instantiating /home/travis/build/icyphy/ptII/ptolemy/actor/lib/test/auto/Gaussian1.xml
2 ms. Memory: 1523200K Free: 1208039K (79%)
----------------- Invoking toplevel() on ptolemy.moml.MoMLSimpleApplication@75b6152f
----------------- Done invoking toplevel() on ptolemy.moml.MoMLSimpleApplication@75b6152f
reloadAllAccessors: .Gaussian1

===========================================================================================
----------------- testing Mon Feb 04 03:26:49 UTC 2019 /home/travis/build/icyphy/ptII/ptolemy/actor/lib/test/auto/Gaussian2.xml
----------------- Instantiating /home/travis/build/icyphy/ptII/ptolemy/actor/lib/test/auto/Gaussian2.xml
1 ms. Memory: 1523200K Free: 1189075K (78%)
----------------- Invoking toplevel() on ptolemy.moml.MoMLSimpleApplication@5659c7e9
----------------- Done invoking toplevel() on ptolemy.moml.MoMLSimpleApplication@5659c7e9
reloadAllAccessors: .Gaussian2

===========================================================================================
----------------- testing Mon Feb 04 03:26:49 UTC 2019 /home/travis/build/icyphy/ptII/ptolemy/actor/lib/test/auto/GradientAdaptiveLattice.xml
----------------- Instantiating /home/travis/build/icyphy/ptII/ptolemy/actor/lib/test/auto/GradientAdaptiveLattice.xml
2 ms. Memory: 1523200K Free: 1162456K (76%)
----------------- Invoking toplevel() on ptolemy.moml.MoMLSimpleApplication@600ac86d
----------------- Done invoking toplevel() on ptolemy.moml.MoMLSimpleApplication@600ac86d
reloadAllAccessors: .GradientAdaptiveLattice

===========================================================================================
----------------- testing Mon Feb 04 03:26:49 UTC 2019 /home/travis/build/icyphy/ptII/ptolemy/actor/lib/test/auto/IIR.xml
----------------- Instantiating /home/travis/build/icyphy/ptII/ptolemy/actor/lib/test/auto/IIR.xml
2 ms. Memory: 1523200K Free: 1143491K (75%)
----------------- Invoking toplevel() on ptolemy.moml.MoMLSimpleApplication@4ef0c906
----------------- Done invoking toplevel() on ptolemy.moml.MoMLSimpleApplication@4ef0c906
reloadAllAccessors: .IIR

===========================================================================================
----------------- testing Mon Feb 04 03:26:49 UTC 2019 /home/travis/build/icyphy/ptII/ptolemy/actor/lib/test/auto/InputOutputTransparentPorts.xml
----------------- Instantiating /home/travis/build/icyphy/ptII/ptolemy/actor/lib/test/auto/InputOutputTransparentPorts.xml
3 ms. Memory: 1523200K Free: 1124527K (74%)
----------------- Invoking toplevel() on ptolemy.moml.MoMLSimpleApplication@1c3824be
----------------- Done invoking toplevel() on ptolemy.moml.MoMLSimpleApplication@1c3824be
reloadAllAccessors: .InputOutputTransparentPorts

===========================================================================================
----------------- testing Mon Feb 04 03:26:49 UTC 2019 /home/travis/build/icyphy/ptII/ptolemy/actor/lib/test/auto/Interpolator.xml
----------------- Instantiating /home/travis/build/icyphy/ptII/ptolemy/actor/lib/test/auto/Interpolator.xml
4 ms. Memory: 1523200K Free: 1097907K (72%)
----------------- Invoking toplevel() on ptolemy.moml.MoMLSimpleApplication@36a06c42
----------------- Done invoking toplevel() on ptolemy.moml.MoMLSimpleApplication@36a06c42
reloadAllAccessors: .Interpolator

===========================================================================================
----------------- testing Mon Feb 04 03:26:49 UTC 2019 /home/travis/build/icyphy/ptII/ptolemy/actor/lib/test/auto/InterpolatorFiringLimitDE.xml
----------------- Instantiating /home/travis/build/icyphy/ptII/ptolemy/actor/lib/test/auto/InterpolatorFiringLimitDE.xml
2 ms. Memory: 1523200K Free: 1078943K (71%)
----------------- Invoking toplevel() on ptolemy.moml.MoMLSimpleApplication@1b08d35a
----------------- Done invoking toplevel() on ptolemy.moml.MoMLSimpleApplication@1b08d35a
reloadAllAccessors: .InterpolatorFiringLimitDE

===========================================================================================
----------------- testing Mon Feb 04 03:26:49 UTC 2019 /home/travis/build/icyphy/ptII/ptolemy/actor/lib/test/auto/Lattice.xml
----------------- Instantiating /home/travis/build/icyphy/ptII/ptolemy/actor/lib/test/auto/Lattice.xml
2 ms. Memory: 1523200K Free: 1059978K (70%)
----------------- Invoking toplevel() on ptolemy.moml.MoMLSimpleApplication@1c474137
----------------- Done invoking toplevel() on ptolemy.moml.MoMLSimpleApplication@1c474137
reloadAllAccessors: .Lattice

===========================================================================================
----------------- testing Mon Feb 04 03:26:49 UTC 2019 /home/travis/build/icyphy/ptII/ptolemy/actor/lib/test/auto/LazyAOCTestLazy.xml
----------------- Instantiating /home/travis/build/icyphy/ptII/ptolemy/actor/lib/test/auto/LazyAOCTestLazy.xml
14 ms. Memory: 1523200K Free: 1041014K (68%)
----------------- Invoking toplevel() on ptolemy.moml.MoMLSimpleApplication@6125df83
----------------- Done invoking toplevel() on ptolemy.moml.MoMLSimpleApplication@6125df83
reloadAllAccessors: .LazyAOCTestLazy

===========================================================================================
----------------- testing Mon Feb 04 03:26:49 UTC 2019 /home/travis/build/icyphy/ptII/ptolemy/actor/lib/test/auto/LazyAOCTestNonLazy.xml
----------------- Instantiating /home/travis/build/icyphy/ptII/ptolemy/actor/lib/test/auto/LazyAOCTestNonLazy.xml
10 ms. Memory: 1523200K Free: 1014395K (67%)
----------------- Invoking toplevel() on ptolemy.moml.MoMLSimpleApplication@1a2dff6
----------------- Done invoking toplevel() on ptolemy.moml.MoMLSimpleApplication@1a2dff6
reloadAllAccessors: .LazyAOCTestNonLazy

===========================================================================================
----------------- testing Mon Feb 04 03:26:49 UTC 2019 /home/travis/build/icyphy/ptII/ptolemy/actor/lib/test/auto/LazyInnerClass.xml
----------------- Instantiating /home/travis/build/icyphy/ptII/ptolemy/actor/lib/test/auto/LazyInnerClass.xml
14 ms. Memory: 1523200K Free: 995430K (65%)
----------------- Invoking toplevel() on ptolemy.moml.MoMLSimpleApplication@5d619710
----------------- Done invoking toplevel() on ptolemy.moml.MoMLSimpleApplication@5d619710
reloadAllAccessors: .LazyInnerClass

===========================================================================================
----------------- testing Mon Feb 04 03:26:49 UTC 2019 /home/travis/build/icyphy/ptII/ptolemy/actor/lib/test/auto/LazyPubSub.xml
----------------- Instantiating /home/travis/build/icyphy/ptII/ptolemy/actor/lib/test/auto/LazyPubSub.xml
21 ms. Memory: 1523200K Free: 976466K (64%)
----------------- Invoking toplevel() on ptolemy.moml.MoMLSimpleApplication@294e53e3
----------------- Done invoking toplevel() on ptolemy.moml.MoMLSimpleApplication@294e53e3
reloadAllAccessors: .LazyPubSub

===========================================================================================
----------------- testing Mon Feb 04 03:26:49 UTC 2019 /home/travis/build/icyphy/ptII/ptolemy/actor/lib/test/auto/LazyPubSub2.xml
----------------- Instantiating /home/travis/build/icyphy/ptII/ptolemy/actor/lib/test/auto/LazyPubSub2.xml
20 ms. Memory: 1523200K Free: 949847K (62%)
----------------- Invoking toplevel() on ptolemy.moml.MoMLSimpleApplication@2c057e17
----------------- Done invoking toplevel() on ptolemy.moml.MoMLSimpleApplication@2c057e17
reloadAllAccessors: .LazyPubSub2

===========================================================================================
----------------- testing Mon Feb 04 03:26:49 UTC 2019 /home/travis/build/icyphy/ptII/ptolemy/actor/lib/test/auto/LazyPubSub3.xml
----------------- Instantiating /home/travis/build/icyphy/ptII/ptolemy/actor/lib/test/auto/LazyPubSub3.xml
14 ms. Memory: 1523200K Free: 930882K (61%)
----------------- Invoking toplevel() on ptolemy.moml.MoMLSimpleApplication@7176e94d
----------------- Done invoking toplevel() on ptolemy.moml.MoMLSimpleApplication@7176e94d
reloadAllAccessors: .LazyPubSub3

===========================================================================================
----------------- testing Mon Feb 04 03:26:49 UTC 2019 /home/travis/build/icyphy/ptII/ptolemy/actor/lib/test/auto/LazySubClassModel.xml
----------------- Instantiating /home/travis/build/icyphy/ptII/ptolemy/actor/lib/test/auto/LazySubClassModel.xml
1 ms. Memory: 1523200K Free: 911918K (60%)
----------------- Invoking toplevel() on ptolemy.moml.MoMLSimpleApplication@9553e75
----------------- Done invoking toplevel() on ptolemy.moml.MoMLSimpleApplication@9553e75
reloadAllAccessors: .LazySubClassModel

===========================================================================================
----------------- testing Mon Feb 04 03:26:49 UTC 2019 /home/travis/build/icyphy/ptII/ptolemy/actor/lib/test/auto/LevelCrossTest1.xml
----------------- Instantiating /home/travis/build/icyphy/ptII/ptolemy/actor/lib/test/auto/LevelCrossTest1.xml
1 ms. Memory: 1523200K Free: 885299K (58%)
----------------- Invoking toplevel() on ptolemy.moml.MoMLSimpleApplication@7e879c17
----------------- Done invoking toplevel() on ptolemy.moml.MoMLSimpleApplication@7e879c17
reloadAllAccessors: .broken

===========================================================================================
----------------- testing Mon Feb 04 03:26:49 UTC 2019 /home/travis/build/icyphy/ptII/ptolemy/actor/lib/test/auto/LevelCrossTest10.xml
----------------- Instantiating /home/travis/build/icyphy/ptII/ptolemy/actor/lib/test/auto/LevelCrossTest10.xml
1 ms. Memory: 1523200K Free: 866334K (57%)
----------------- Invoking toplevel() on ptolemy.moml.MoMLSimpleApplication@5a41ceed
----------------- Done invoking toplevel() on ptolemy.moml.MoMLSimpleApplication@5a41ceed
reloadAllAccessors: .LevelCrossTest10

===========================================================================================
----------------- testing Mon Feb 04 03:26:49 UTC 2019 /home/travis/build/icyphy/ptII/ptolemy/actor/lib/test/auto/LevelCrossTest11.xml
----------------- Instantiating /home/travis/build/icyphy/ptII/ptolemy/actor/lib/test/auto/LevelCrossTest11.xml
1 ms. Memory: 1523200K Free: 847369K (56%)
----------------- Invoking toplevel() on ptolemy.moml.MoMLSimpleApplication@442682d4
----------------- Done invoking toplevel() on ptolemy.moml.MoMLSimpleApplication@442682d4
reloadAllAccessors: .LevelCrossTest11

===========================================================================================
----------------- testing Mon Feb 04 03:26:49 UTC 2019 /home/travis/build/icyphy/ptII/ptolemy/actor/lib/test/auto/LevelCrossTest12.xml
----------------- Instantiating /home/travis/build/icyphy/ptII/ptolemy/actor/lib/test/auto/LevelCrossTest12.xml
1 ms. Memory: 1523200K Free: 828405K (54%)
----------------- Invoking toplevel() on ptolemy.moml.MoMLSimpleApplication@1b152c1e
----------------- Done invoking toplevel() on ptolemy.moml.MoMLSimpleApplication@1b152c1e
reloadAllAccessors: .LevelCrossTest12

===========================================================================================
----------------- testing Mon Feb 04 03:26:49 UTC 2019 /home/travis/build/icyphy/ptII/ptolemy/actor/lib/test/auto/LevelCrossTest13.xml
----------------- Instantiating /home/travis/build/icyphy/ptII/ptolemy/actor/lib/test/auto/LevelCrossTest13.xml
1 ms. Memory: 1523200K Free: 801786K (53%)
----------------- Invoking toplevel() on ptolemy.moml.MoMLSimpleApplication@53e5e7a
----------------- Done invoking toplevel() on ptolemy.moml.MoMLSimpleApplication@53e5e7a
reloadAllAccessors: .LevelCrossTest13

===========================================================================================
----------------- testing Mon Feb 04 03:26:49 UTC 2019 /home/travis/build/icyphy/ptII/ptolemy/actor/lib/test/auto/LevelCrossTest2.xml
----------------- Instantiating /home/travis/build/icyphy/ptII/ptolemy/actor/lib/test/auto/LevelCrossTest2.xml
1 ms. Memory: 1523200K Free: 782822K (51%)
----------------- Invoking toplevel() on ptolemy.moml.MoMLSimpleApplication@78449adb
----------------- Done invoking toplevel() on ptolemy.moml.MoMLSimpleApplication@78449adb
reloadAllAccessors: .broken

===========================================================================================
----------------- testing Mon Feb 04 03:26:49 UTC 2019 /home/travis/build/icyphy/ptII/ptolemy/actor/lib/test/auto/LevelCrossTest3.xml
----------------- Instantiating /home/travis/build/icyphy/ptII/ptolemy/actor/lib/test/auto/LevelCrossTest3.xml
2 ms. Memory: 1523200K Free: 763857K (50%)
----------------- Invoking toplevel() on ptolemy.moml.MoMLSimpleApplication@18728431
----------------- Done invoking toplevel() on ptolemy.moml.MoMLSimpleApplication@18728431
reloadAllAccessors: .LevelCrossTest3

===========================================================================================
----------------- testing Mon Feb 04 03:26:49 UTC 2019 /home/travis/build/icyphy/ptII/ptolemy/actor/lib/test/auto/LevelCrossTest4.xml
----------------- Instantiating /home/travis/build/icyphy/ptII/ptolemy/actor/lib/test/auto/LevelCrossTest4.xml
1 ms. Memory: 1523200K Free: 737238K (48%)
----------------- Invoking toplevel() on ptolemy.moml.MoMLSimpleApplication@1652afa6
----------------- Done invoking toplevel() on ptolemy.moml.MoMLSimpleApplication@1652afa6
reloadAllAccessors: .broken

===========================================================================================
----------------- testing Mon Feb 04 03:26:49 UTC 2019 /home/travis/build/icyphy/ptII/ptolemy/actor/lib/test/auto/LevelCrossTest5.xml
----------------- Instantiating /home/travis/build/icyphy/ptII/ptolemy/actor/lib/test/auto/LevelCrossTest5.xml
1 ms. Memory: 1523200K Free: 718274K (47%)
----------------- Invoking toplevel() on ptolemy.moml.MoMLSimpleApplication@12258661
----------------- Done invoking toplevel() on ptolemy.moml.MoMLSimpleApplication@12258661
reloadAllAccessors: .LevelCrossTest5

===========================================================================================
----------------- testing Mon Feb 04 03:26:49 UTC 2019 /home/travis/build/icyphy/ptII/ptolemy/actor/lib/test/auto/LevelCrossTest6.xml
----------------- Instantiating /home/travis/build/icyphy/ptII/ptolemy/actor/lib/test/auto/LevelCrossTest6.xml
1 ms. Memory: 1523200K Free: 699309K (46%)
----------------- Invoking toplevel() on ptolemy.moml.MoMLSimpleApplication@3f7eb60b
----------------- Done invoking toplevel() on ptolemy.moml.MoMLSimpleApplication@3f7eb60b
reloadAllAccessors: .LevelCrossTest6

===========================================================================================
----------------- testing Mon Feb 04 03:26:49 UTC 2019 /home/travis/build/icyphy/ptII/ptolemy/actor/lib/test/auto/LevelCrossTest7.xml
----------------- Instantiating /home/travis/build/icyphy/ptII/ptolemy/actor/lib/test/auto/LevelCrossTest7.xml
3 ms. Memory: 1523200K Free: 672690K (44%)
----------------- Invoking toplevel() on ptolemy.moml.MoMLSimpleApplication@37a29ad2
----------------- Done invoking toplevel() on ptolemy.moml.MoMLSimpleApplication@37a29ad2
reloadAllAccessors: .LevelCrossTest7

===========================================================================================
----------------- testing Mon Feb 04 03:26:50 UTC 2019 /home/travis/build/icyphy/ptII/ptolemy/actor/lib/test/auto/LevelCrossTest8.xml
----------------- Instantiating /home/travis/build/icyphy/ptII/ptolemy/actor/lib/test/auto/LevelCrossTest8.xml
5 ms. Memory: 1523200K Free: 653726K (43%)
----------------- Invoking toplevel() on ptolemy.moml.MoMLSimpleApplication@5e275452
----------------- Done invoking toplevel() on ptolemy.moml.MoMLSimpleApplication@5e275452
reloadAllAccessors: .LevelCrossTest8

===========================================================================================
----------------- testing Mon Feb 04 03:26:50 UTC 2019 /home/travis/build/icyphy/ptII/ptolemy/actor/lib/test/auto/LevelCrossTest9.xml
----------------- Instantiating /home/travis/build/icyphy/ptII/ptolemy/actor/lib/test/auto/LevelCrossTest9.xml
2 ms. Memory: 1523200K Free: 634761K (42%)
----------------- Invoking toplevel() on ptolemy.moml.MoMLSimpleApplication@69f27a30
----------------- Done invoking toplevel() on ptolemy.moml.MoMLSimpleApplication@69f27a30
reloadAllAccessors: .LevelCrossTest9

===========================================================================================
----------------- testing Mon Feb 04 03:26:50 UTC 2019 /home/travis/build/icyphy/ptII/ptolemy/actor/lib/test/auto/LevinsonDurbin.xml
----------------- Instantiating /home/travis/build/icyphy/ptII/ptolemy/actor/lib/test/auto/LevinsonDurbin.xml
2 ms. Memory: 1523200K Free: 615797K (40%)
----------------- Invoking toplevel() on ptolemy.moml.MoMLSimpleApplication@29701090
----------------- Done invoking toplevel() on ptolemy.moml.MoMLSimpleApplication@29701090
reloadAllAccessors: .LevinsonDurbin

===========================================================================================
----------------- testing Mon Feb 04 03:26:50 UTC 2019 /home/travis/build/icyphy/ptII/ptolemy/actor/lib/test/auto/LevinsonDurbin2.xml
----------------- Instantiating /home/travis/build/icyphy/ptII/ptolemy/actor/lib/test/auto/LevinsonDurbin2.xml
3 ms. Memory: 1523200K Free: 589178K (39%)
----------------- Invoking toplevel() on ptolemy.moml.MoMLSimpleApplication@55d83eb0
----------------- Done invoking toplevel() on ptolemy.moml.MoMLSimpleApplication@55d83eb0
reloadAllAccessors: .LevinsonDurbin2

===========================================================================================
----------------- testing Mon Feb 04 03:26:50 UTC 2019 /home/travis/build/icyphy/ptII/ptolemy/actor/lib/test/auto/LevinsonDurbin3.xml
----------------- Instantiating /home/travis/build/icyphy/ptII/ptolemy/actor/lib/test/auto/LevinsonDurbin3.xml
2 ms. Memory: 1523200K Free: 570213K (37%)
----------------- Invoking toplevel() on ptolemy.moml.MoMLSimpleApplication@114deb2c
----------------- Done invoking toplevel() on ptolemy.moml.MoMLSimpleApplication@114deb2c
reloadAllAccessors: .LevinsonDurbin3

===========================================================================================
----------------- testing Mon Feb 04 03:26:50 UTC 2019 /home/travis/build/icyphy/ptII/ptolemy/actor/lib/test/auto/Limiter.xml
----------------- Instantiating /home/travis/build/icyphy/ptII/ptolemy/actor/lib/test/auto/Limiter.xml
10 ms. Memory: 1523200K Free: 551249K (36%)
----------------- Invoking toplevel() on ptolemy.moml.MoMLSimpleApplication@55fd8036
----------------- Done invoking toplevel() on ptolemy.moml.MoMLSimpleApplication@55fd8036
reloadAllAccessors: .Limiter

===========================================================================================
----------------- testing Mon Feb 04 03:26:50 UTC 2019 /home/travis/build/icyphy/ptII/ptolemy/actor/lib/test/auto/LinearDifferenceEquationSystem.xml
----------------- Instantiating /home/travis/build/icyphy/ptII/ptolemy/actor/lib/test/auto/LinearDifferenceEquationSystem.xml
8 ms. Memory: 1523200K Free: 524630K (34%)
----------------- Invoking toplevel() on ptolemy.moml.MoMLSimpleApplication@4ee10ab4
----------------- Done invoking toplevel() on ptolemy.moml.MoMLSimpleApplication@4ee10ab4
reloadAllAccessors: .LinearDifferenceEquationSystem

===========================================================================================
----------------- testing Mon Feb 04 03:26:50 UTC 2019 /home/travis/build/icyphy/ptII/ptolemy/actor/lib/test/auto/LookupTable.xml
----------------- Instantiating /home/travis/build/icyphy/ptII/ptolemy/actor/lib/test/auto/LookupTable.xml
2 ms. Memory: 1523200K Free: 505665K (33%)
----------------- Invoking toplevel() on ptolemy.moml.MoMLSimpleApplication@13e7faf1
----------------- Done invoking toplevel() on ptolemy.moml.MoMLSimpleApplication@13e7faf1
reloadAllAccessors: .LookupTable

===========================================================================================
----------------- testing Mon Feb 04 03:26:50 UTC 2019 /home/travis/build/icyphy/ptII/ptolemy/actor/lib/test/auto/MathFunction.xml
----------------- Instantiating /home/travis/build/icyphy/ptII/ptolemy/actor/lib/test/auto/MathFunction.xml
2 ms. Memory: 1523200K Free: 486701K (32%)
----------------- Invoking toplevel() on ptolemy.moml.MoMLSimpleApplication@50c5f2b4
----------------- Done invoking toplevel() on ptolemy.moml.MoMLSimpleApplication@50c5f2b4
reloadAllAccessors: .MathFunction

===========================================================================================
----------------- testing Mon Feb 04 03:26:50 UTC 2019 /home/travis/build/icyphy/ptII/ptolemy/actor/lib/test/auto/MathFunction2.xml
----------------- Instantiating /home/travis/build/icyphy/ptII/ptolemy/actor/lib/test/auto/MathFunction2.xml
4 ms. Memory: 1523200K Free: 460082K (30%)
----------------- Invoking toplevel() on ptolemy.moml.MoMLSimpleApplication@174cdbe6
----------------- Done invoking toplevel() on ptolemy.moml.MoMLSimpleApplication@174cdbe6
reloadAllAccessors: .MathFunction2

===========================================================================================
----------------- testing Mon Feb 04 03:26:50 UTC 2019 /home/travis/build/icyphy/ptII/ptolemy/actor/lib/test/auto/MathFunction3.xml
----------------- Instantiating /home/travis/build/icyphy/ptII/ptolemy/actor/lib/test/auto/MathFunction3.xml
6 ms. Memory: 1523200K Free: 441117K (29%)
----------------- Invoking toplevel() on ptolemy.moml.MoMLSimpleApplication@19317d3d
----------------- Done invoking toplevel() on ptolemy.moml.MoMLSimpleApplication@19317d3d
reloadAllAccessors: .MathFunction3

===========================================================================================
----------------- testing Mon Feb 04 03:26:50 UTC 2019 /home/travis/build/icyphy/ptII/ptolemy/actor/lib/test/auto/MatrixCropBoolean.xml
----------------- Instantiating /home/travis/build/icyphy/ptII/ptolemy/actor/lib/test/auto/MatrixCropBoolean.xml
2 ms. Memory: 1523200K Free: 422153K (28%)
----------------- Invoking toplevel() on ptolemy.moml.MoMLSimpleApplication@33659983
----------------- Done invoking toplevel() on ptolemy.moml.MoMLSimpleApplication@33659983
reloadAllAccessors: .MatrixCropBoolean

===========================================================================================
----------------- testing Mon Feb 04 03:26:50 UTC 2019 /home/travis/build/icyphy/ptII/ptolemy/actor/lib/test/auto/MatrixCropComplex.xml
----------------- Instantiating /home/travis/build/icyphy/ptII/ptolemy/actor/lib/test/auto/MatrixCropComplex.xml
2 ms. Memory: 1523200K Free: 395534K (26%)
----------------- Invoking toplevel() on ptolemy.moml.MoMLSimpleApplication@3fde2b96
----------------- Done invoking toplevel() on ptolemy.moml.MoMLSimpleApplication@3fde2b96
reloadAllAccessors: .MatrixCropComplex

===========================================================================================
----------------- testing Mon Feb 04 03:26:50 UTC 2019 /home/travis/build/icyphy/ptII/ptolemy/actor/lib/test/auto/MatrixCropDouble.xml
----------------- Instantiating /home/travis/build/icyphy/ptII/ptolemy/actor/lib/test/auto/MatrixCropDouble.xml
2 ms. Memory: 1523200K Free: 376569K (25%)
----------------- Invoking toplevel() on ptolemy.moml.MoMLSimpleApplication@4e923225
----------------- Done invoking toplevel() on ptolemy.moml.MoMLSimpleApplication@4e923225
reloadAllAccessors: .MatrixCropDouble

===========================================================================================
----------------- testing Mon Feb 04 03:26:50 UTC 2019 /home/travis/build/icyphy/ptII/ptolemy/actor/lib/test/auto/MatrixCropFix.xml
----------------- Instantiating /home/travis/build/icyphy/ptII/ptolemy/actor/lib/test/auto/MatrixCropFix.xml
2 ms. Memory: 1523200K Free: 357605K (23%)
----------------- Invoking toplevel() on ptolemy.moml.MoMLSimpleApplication@2989cfd5
----------------- Done invoking toplevel() on ptolemy.moml.MoMLSimpleApplication@2989cfd5
reloadAllAccessors: .MatrixCropFix

===========================================================================================
----------------- testing Mon Feb 04 03:26:50 UTC 2019 /home/travis/build/icyphy/ptII/ptolemy/actor/lib/test/auto/MatrixCropInt.xml
----------------- Instantiating /home/travis/build/icyphy/ptII/ptolemy/actor/lib/test/auto/MatrixCropInt.xml
2 ms. Memory: 1523200K Free: 338640K (22%)
----------------- Invoking toplevel() on ptolemy.moml.MoMLSimpleApplication@680b2f16
----------------- Done invoking toplevel() on ptolemy.moml.MoMLSimpleApplication@680b2f16
reloadAllAccessors: .MatrixCropInt

===========================================================================================
----------------- testing Mon Feb 04 03:26:50 UTC 2019 /home/travis/build/icyphy/ptII/ptolemy/actor/lib/test/auto/MatrixCropLong.xml
----------------- Instantiating /home/travis/build/icyphy/ptII/ptolemy/actor/lib/test/auto/MatrixCropLong.xml
3 ms. Memory: 1523200K Free: 312021K (20%)
----------------- Invoking toplevel() on ptolemy.moml.MoMLSimpleApplication@7b85de57
----------------- Done invoking toplevel() on ptolemy.moml.MoMLSimpleApplication@7b85de57
reloadAllAccessors: .MatrixCropLong

===========================================================================================
----------------- testing Mon Feb 04 03:26:50 UTC 2019 /home/travis/build/icyphy/ptII/ptolemy/actor/lib/test/auto/MatrixToArray.xml
----------------- Instantiating /home/travis/build/icyphy/ptII/ptolemy/actor/lib/test/auto/MatrixToArray.xml
10 ms. Memory: 1523200K Free: 283558K (19%)
----------------- Invoking toplevel() on ptolemy.moml.MoMLSimpleApplication@2a5badc2
----------------- Done invoking toplevel() on ptolemy.moml.MoMLSimpleApplication@2a5badc2
reloadAllAccessors: .MatrixToArray

===========================================================================================
----------------- testing Mon Feb 04 03:26:50 UTC 2019 /home/travis/build/icyphy/ptII/ptolemy/actor/lib/test/auto/MaxIndex.xml
----------------- Instantiating /home/travis/build/icyphy/ptII/ptolemy/actor/lib/test/auto/MaxIndex.xml
3 ms. Memory: 1523200K Free: 264594K (17%)
----------------- Invoking toplevel() on ptolemy.moml.MoMLSimpleApplication@3c647ee2
----------------- Done invoking toplevel() on ptolemy.moml.MoMLSimpleApplication@3c647ee2
reloadAllAccessors: .MaxIndex

===========================================================================================
----------------- testing Mon Feb 04 03:26:50 UTC 2019 /home/travis/build/icyphy/ptII/ptolemy/actor/lib/test/auto/Maximum.xml
----------------- Instantiating /home/travis/build/icyphy/ptII/ptolemy/actor/lib/test/auto/Maximum.xml
2 ms. Memory: 1523200K Free: 237975K (16%)
----------------- Invoking toplevel() on ptolemy.moml.MoMLSimpleApplication@612cc51f
----------------- Done invoking toplevel() on ptolemy.moml.MoMLSimpleApplication@612cc51f
reloadAllAccessors: .Maximum

===========================================================================================
----------------- testing Mon Feb 04 03:26:50 UTC 2019 /home/travis/build/icyphy/ptII/ptolemy/actor/lib/test/auto/MaximumComplex.xml
----------------- Instantiating /home/travis/build/icyphy/ptII/ptolemy/actor/lib/test/auto/MaximumComplex.xml
5 ms. Memory: 1523200K Free: 219010K (14%)
----------------- Invoking toplevel() on ptolemy.moml.MoMLSimpleApplication@6ef1cc89
----------------- Done invoking toplevel() on ptolemy.moml.MoMLSimpleApplication@6ef1cc89
reloadAllAccessors: .MaximumComplex

===========================================================================================
----------------- testing Mon Feb 04 03:26:50 UTC 2019 /home/travis/build/icyphy/ptII/ptolemy/actor/lib/test/auto/MethodCallTest.xml
----------------- Instantiating /home/travis/build/icyphy/ptII/ptolemy/actor/lib/test/auto/MethodCallTest.xml
3 ms. Memory: 1523200K Free: 200046K (13%)
----------------- Invoking toplevel() on ptolemy.moml.MoMLSimpleApplication@581aceab
----------------- Done invoking toplevel() on ptolemy.moml.MoMLSimpleApplication@581aceab
reloadAllAccessors: .MethodCallTest

===========================================================================================
----------------- testing Mon Feb 04 03:26:50 UTC 2019 /home/travis/build/icyphy/ptII/ptolemy/actor/lib/test/auto/Minimum.xml
----------------- Instantiating /home/travis/build/icyphy/ptII/ptolemy/actor/lib/test/auto/Minimum.xml
3 ms. Memory: 1523200K Free: 173427K (11%)
----------------- Invoking toplevel() on ptolemy.moml.MoMLSimpleApplication@76d0d1f0
----------------- Done invoking toplevel() on ptolemy.moml.MoMLSimpleApplication@76d0d1f0
reloadAllAccessors: .Minimum

===========================================================================================
----------------- testing Mon Feb 04 03:26:50 UTC 2019 /home/travis/build/icyphy/ptII/ptolemy/actor/lib/test/auto/MinimumComplex.xml
----------------- Instantiating /home/travis/build/icyphy/ptII/ptolemy/actor/lib/test/auto/MinimumComplex.xml
4 ms. Memory: 1523200K Free: 154462K (10%)
----------------- Invoking toplevel() on ptolemy.moml.MoMLSimpleApplication@5a49efe9
----------------- Done invoking toplevel() on ptolemy.moml.MoMLSimpleApplication@5a49efe9
reloadAllAccessors: .MinimumComplex

===========================================================================================
----------------- testing Mon Feb 04 03:26:50 UTC 2019 /home/travis/build/icyphy/ptII/ptolemy/actor/lib/test/auto/MinimumMultiports.xml
----------------- Instantiating /home/travis/build/icyphy/ptII/ptolemy/actor/lib/test/auto/MinimumMultiports.xml
6 ms. Memory: 1523200K Free: 135498K (9%)
----------------- Invoking toplevel() on ptolemy.moml.MoMLSimpleApplication@2c3b901c
----------------- Done invoking toplevel() on ptolemy.moml.MoMLSimpleApplication@2c3b901c
reloadAllAccessors: .MinimumMultiports

===========================================================================================
----------------- testing Mon Feb 04 03:26:50 UTC 2019 /home/travis/build/icyphy/ptII/ptolemy/actor/lib/test/auto/ModifyDate.xml
----------------- Instantiating /home/travis/build/icyphy/ptII/ptolemy/actor/lib/test/auto/ModifyDate.xml
7 ms. Memory: 1523200K Free: 107035K (7%)
----------------- Invoking toplevel() on ptolemy.moml.MoMLSimpleApplication@647f3136
----------------- Done invoking toplevel() on ptolemy.moml.MoMLSimpleApplication@647f3136
reloadAllAccessors: .ModifyDate

===========================================================================================
----------------- testing Mon Feb 04 03:26:50 UTC 2019 /home/travis/build/icyphy/ptII/ptolemy/actor/lib/test/auto/ModifyDate2.xml
----------------- Instantiating /home/travis/build/icyphy/ptII/ptolemy/actor/lib/test/auto/ModifyDate2.xml
6 ms. Memory: 1523200K Free: 80416K (5%)
----------------- Invoking toplevel() on ptolemy.moml.MoMLSimpleApplication@619fef31
----------------- Done invoking toplevel() on ptolemy.moml.MoMLSimpleApplication@619fef31
reloadAllAccessors: .ModifyDate2

===========================================================================================
----------------- testing Mon Feb 04 03:26:50 UTC 2019 /home/travis/build/icyphy/ptII/ptolemy/actor/lib/test/auto/MovingAverage.xml
----------------- Instantiating /home/travis/build/icyphy/ptII/ptolemy/actor/lib/test/auto/MovingAverage.xml
2 ms. Memory: 1523200K Free: 63052K (4%)
----------------- Invoking toplevel() on ptolemy.moml.MoMLSimpleApplication@29a91a5c
----------------- Done invoking toplevel() on ptolemy.moml.MoMLSimpleApplication@29a91a5c
reloadAllAccessors: .MovingAverage

===========================================================================================
----------------- testing Mon Feb 04 03:26:50 UTC 2019 /home/travis/build/icyphy/ptII/ptolemy/actor/lib/test/auto/MovingMaximum.xml
----------------- Instantiating /home/travis/build/icyphy/ptII/ptolemy/actor/lib/test/auto/MovingMaximum.xml
1 ms. Memory: 1694720K Free: 1640502K (97%)
----------------- Invoking toplevel() on ptolemy.moml.MoMLSimpleApplication@5c2559f4
----------------- Done invoking toplevel() on ptolemy.moml.MoMLSimpleApplication@5c2559f4
reloadAllAccessors: .MovingMaximum

===========================================================================================
----------------- testing Mon Feb 04 03:26:50 UTC 2019 /home/travis/build/icyphy/ptII/ptolemy/actor/lib/test/auto/MultipleLinksToSameRelation.xml
----------------- Instantiating /home/travis/build/icyphy/ptII/ptolemy/actor/lib/test/auto/MultipleLinksToSameRelation.xml
1 ms. Memory: 1694720K Free: 1612509K (95%)
----------------- Invoking toplevel() on ptolemy.moml.MoMLSimpleApplication@3db5e17d
----------------- Done invoking toplevel() on ptolemy.moml.MoMLSimpleApplication@3db5e17d
reloadAllAccessors: .MultipleLinksToSameRelation

===========================================================================================
----------------- testing Mon Feb 04 03:26:50 UTC 2019 /home/travis/build/icyphy/ptII/ptolemy/actor/lib/test/auto/MultipleLinksToSameRelationDE.xml
----------------- Instantiating /home/travis/build/icyphy/ptII/ptolemy/actor/lib/test/auto/MultipleLinksToSameRelationDE.xml
1 ms. Memory: 1694720K Free: 1591265K (94%)
----------------- Invoking toplevel() on ptolemy.moml.MoMLSimpleApplication@26476db9
----------------- Done invoking toplevel() on ptolemy.moml.MoMLSimpleApplication@26476db9
reloadAllAccessors: .MultipleLinksToSameRelationDE

===========================================================================================
----------------- testing Mon Feb 04 03:26:50 UTC 2019 /home/travis/build/icyphy/ptII/ptolemy/actor/lib/test/auto/Multiplexor.xml
----------------- Instantiating /home/travis/build/icyphy/ptII/ptolemy/actor/lib/test/auto/Multiplexor.xml
2 ms. Memory: 1694720K Free: 1563271K (92%)
----------------- Invoking toplevel() on ptolemy.moml.MoMLSimpleApplication@26abc631
----------------- Done invoking toplevel() on ptolemy.moml.MoMLSimpleApplication@26abc631
reloadAllAccessors: .Multiplexor

===========================================================================================
----------------- testing Mon Feb 04 03:26:50 UTC 2019 /home/travis/build/icyphy/ptII/ptolemy/actor/lib/test/auto/Multiplexor1.xml
----------------- Instantiating /home/travis/build/icyphy/ptII/ptolemy/actor/lib/test/auto/Multiplexor1.xml
1 ms. Memory: 1694720K Free: 1542027K (91%)
----------------- Invoking toplevel() on ptolemy.moml.MoMLSimpleApplication@695c5e42
----------------- Done invoking toplevel() on ptolemy.moml.MoMLSimpleApplication@695c5e42
reloadAllAccessors: .Multiplexor1

===========================================================================================
----------------- testing Mon Feb 04 03:26:50 UTC 2019 /home/travis/build/icyphy/ptII/ptolemy/actor/lib/test/auto/Multiplexor2.xml
----------------- Instantiating /home/travis/build/icyphy/ptII/ptolemy/actor/lib/test/auto/Multiplexor2.xml
5 ms. Memory: 1694720K Free: 1520642K (90%)
----------------- Invoking toplevel() on ptolemy.moml.MoMLSimpleApplication@2ed656b6
----------------- Done invoking toplevel() on ptolemy.moml.MoMLSimpleApplication@2ed656b6
reloadAllAccessors: .Multiplexor2

===========================================================================================
----------------- testing Mon Feb 04 03:26:50 UTC 2019 /home/travis/build/icyphy/ptII/ptolemy/actor/lib/test/auto/Multiplexor3.xml
----------------- Instantiating /home/travis/build/icyphy/ptII/ptolemy/actor/lib/test/auto/Multiplexor3.xml
1 ms. Memory: 1694720K Free: 1492649K (88%)
----------------- Invoking toplevel() on ptolemy.moml.MoMLSimpleApplication@2a35f1bd
----------------- Done invoking toplevel() on ptolemy.moml.MoMLSimpleApplication@2a35f1bd
reloadAllAccessors: .Multiplexor3

===========================================================================================
----------------- testing Mon Feb 04 03:26:50 UTC 2019 /home/travis/build/icyphy/ptII/ptolemy/actor/lib/test/auto/MultiplexorDE.xml
----------------- Instantiating /home/travis/build/icyphy/ptII/ptolemy/actor/lib/test/auto/MultiplexorDE.xml
2 ms. Memory: 1694720K Free: 1471404K (87%)
----------------- Invoking toplevel() on ptolemy.moml.MoMLSimpleApplication@27979d3e
----------------- Done invoking toplevel() on ptolemy.moml.MoMLSimpleApplication@27979d3e
reloadAllAccessors: .MultiplexorDE

===========================================================================================
----------------- testing Mon Feb 04 03:26:50 UTC 2019 /home/travis/build/icyphy/ptII/ptolemy/actor/lib/test/auto/MultiportBroadcastTest.xml
----------------- Instantiating /home/travis/build/icyphy/ptII/ptolemy/actor/lib/test/auto/MultiportBroadcastTest.xml
85 ms. Memory: 1694720K Free: 1439803K (85%)
----------------- Invoking toplevel() on ptolemy.moml.MoMLSimpleApplication@24198aa6
----------------- Done invoking toplevel() on ptolemy.moml.MoMLSimpleApplication@24198aa6
reloadAllAccessors: .MultiportBroadcastTest

===========================================================================================
----------------- testing Mon Feb 04 03:26:50 UTC 2019 /home/travis/build/icyphy/ptII/ptolemy/actor/lib/test/auto/MultiportOutHangDuringGetWidth.xml
----------------- Instantiating /home/travis/build/icyphy/ptII/ptolemy/actor/lib/test/auto/MultiportOutHangDuringGetWidth.xml
4 ms. Memory: 1694720K Free: 1411810K (83%)
----------------- Invoking toplevel() on ptolemy.moml.MoMLSimpleApplication@76115eb
----------------- Done invoking toplevel() on ptolemy.moml.MoMLSimpleApplication@76115eb
reloadAllAccessors: .MultiportOutHangDuringGetWidth

===========================================================================================
----------------- testing Mon Feb 04 03:26:50 UTC 2019 /home/travis/build/icyphy/ptII/ptolemy/actor/lib/test/auto/NilToken.xml
----------------- Instantiating /home/travis/build/icyphy/ptII/ptolemy/actor/lib/test/auto/NilToken.xml
1 ms. Memory: 1694720K Free: 1390565K (82%)
----------------- Invoking toplevel() on ptolemy.moml.MoMLSimpleApplication@3f5bf008
----------------- Done invoking toplevel() on ptolemy.moml.MoMLSimpleApplication@3f5bf008
reloadAllAccessors: .NilToken

===========================================================================================
----------------- testing Mon Feb 04 03:26:50 UTC 2019 /home/travis/build/icyphy/ptII/ptolemy/actor/lib/test/auto/NilTokenNonStrictTest.xml
----------------- Instantiating /home/travis/build/icyphy/ptII/ptolemy/actor/lib/test/auto/NilTokenNonStrictTest.xml
2 ms. Memory: 1694720K Free: 1369321K (81%)
----------------- Invoking toplevel() on ptolemy.moml.MoMLSimpleApplication@aa883f3
----------------- Done invoking toplevel() on ptolemy.moml.MoMLSimpleApplication@aa883f3
reloadAllAccessors: .NilTokenNonStrictTest

===========================================================================================
----------------- testing Mon Feb 04 03:26:50 UTC 2019 /home/travis/build/icyphy/ptII/ptolemy/actor/lib/test/auto/NilTokenRecord.xml
----------------- Instantiating /home/travis/build/icyphy/ptII/ptolemy/actor/lib/test/auto/NilTokenRecord.xml
4 ms. Memory: 1694720K Free: 1341327K (79%)
----------------- Invoking toplevel() on ptolemy.moml.MoMLSimpleApplication@25d207f
----------------- Done invoking toplevel() on ptolemy.moml.MoMLSimpleApplication@25d207f
reloadAllAccessors: .NilTokenRecord

===========================================================================================
----------------- testing Mon Feb 04 03:26:50 UTC 2019 /home/travis/build/icyphy/ptII/ptolemy/actor/lib/test/auto/NilTokenTypeTest.xml
----------------- Instantiating /home/travis/build/icyphy/ptII/ptolemy/actor/lib/test/auto/NilTokenTypeTest.xml
3 ms. Memory: 1694720K Free: 1320082K (78%)
----------------- Invoking toplevel() on ptolemy.moml.MoMLSimpleApplication@4c5b15cc
----------------- Done invoking toplevel() on ptolemy.moml.MoMLSimpleApplication@4c5b15cc
reloadAllAccessors: .NilTokenTypeTest

===========================================================================================
----------------- testing Mon Feb 04 03:26:50 UTC 2019 /home/travis/build/icyphy/ptII/ptolemy/actor/lib/test/auto/ObjectToken1.xml
----------------- Instantiating /home/travis/build/icyphy/ptII/ptolemy/actor/lib/test/auto/ObjectToken1.xml
1 ms. Memory: 1694720K Free: 1298838K (77%)
----------------- Invoking toplevel() on ptolemy.moml.MoMLSimpleApplication@20ab4b80
----------------- Done invoking toplevel() on ptolemy.moml.MoMLSimpleApplication@20ab4b80
reloadAllAccessors: .ObjectToken1

===========================================================================================
----------------- testing Mon Feb 04 03:26:51 UTC 2019 /home/travis/build/icyphy/ptII/ptolemy/actor/lib/test/auto/OrderedMerge.xml
----------------- Instantiating /home/travis/build/icyphy/ptII/ptolemy/actor/lib/test/auto/OrderedMerge.xml
5 ms. Memory: 1694720K Free: 1228355K (72%)
----------------- Invoking toplevel() on ptolemy.moml.MoMLSimpleApplication@7f52405b
----------------- Done invoking toplevel() on ptolemy.moml.MoMLSimpleApplication@7f52405b
reloadAllAccessors: .OrderedMerge

===========================================================================================
----------------- testing Mon Feb 04 03:26:51 UTC 2019 /home/travis/build/icyphy/ptII/ptolemy/actor/lib/test/auto/OrderedRecordDisassembler.xml
----------------- Instantiating /home/travis/build/icyphy/ptII/ptolemy/actor/lib/test/auto/OrderedRecordDisassembler.xml
3 ms. Memory: 1694720K Free: 1207111K (71%)
----------------- Invoking toplevel() on ptolemy.moml.MoMLSimpleApplication@481fbd43
----------------- Done invoking toplevel() on ptolemy.moml.MoMLSimpleApplication@481fbd43
reloadAllAccessors: .OrderedRecordDisassembler

===========================================================================================
----------------- testing Mon Feb 04 03:26:51 UTC 2019 /home/travis/build/icyphy/ptII/ptolemy/actor/lib/test/auto/OrderedRecordDisassembler2.xml
----------------- Instantiating /home/travis/build/icyphy/ptII/ptolemy/actor/lib/test/auto/OrderedRecordDisassembler2.xml
3 ms. Memory: 1694720K Free: 1185866K (70%)
----------------- Invoking toplevel() on ptolemy.moml.MoMLSimpleApplication@7c30cbe7
----------------- Done invoking toplevel() on ptolemy.moml.MoMLSimpleApplication@7c30cbe7
reloadAllAccessors: .OrderedRecordDisassembler2

===========================================================================================
----------------- testing Mon Feb 04 03:26:51 UTC 2019 /home/travis/build/icyphy/ptII/ptolemy/actor/lib/test/auto/OrderedRecordUpdater.xml
----------------- Instantiating /home/travis/build/icyphy/ptII/ptolemy/actor/lib/test/auto/OrderedRecordUpdater.xml
2 ms. Memory: 1694720K Free: 1157873K (68%)
----------------- Invoking toplevel() on ptolemy.moml.MoMLSimpleApplication@7905f95d
----------------- Done invoking toplevel() on ptolemy.moml.MoMLSimpleApplication@7905f95d
reloadAllAccessors: .RecordUpdater

===========================================================================================
----------------- testing Mon Feb 04 03:26:51 UTC 2019 /home/travis/build/icyphy/ptII/ptolemy/actor/lib/test/auto/OrderedRecordUpdater2.xml
----------------- Instantiating /home/travis/build/icyphy/ptII/ptolemy/actor/lib/test/auto/OrderedRecordUpdater2.xml
2 ms. Memory: 1694720K Free: 1136628K (67%)
----------------- Invoking toplevel() on ptolemy.moml.MoMLSimpleApplication@2e99db48
----------------- Done invoking toplevel() on ptolemy.moml.MoMLSimpleApplication@2e99db48
reloadAllAccessors: .RecordUpdater2

===========================================================================================
----------------- testing Mon Feb 04 03:26:51 UTC 2019 /home/travis/build/icyphy/ptII/ptolemy/actor/lib/test/auto/PhaseUnwrap.xml
----------------- Instantiating /home/travis/build/icyphy/ptII/ptolemy/actor/lib/test/auto/PhaseUnwrap.xml
1 ms. Memory: 1694720K Free: 1108635K (65%)
----------------- Invoking toplevel() on ptolemy.moml.MoMLSimpleApplication@44e8f408
----------------- Done invoking toplevel() on ptolemy.moml.MoMLSimpleApplication@44e8f408
reloadAllAccessors: .PhaseUnwrap

===========================================================================================
----------------- testing Mon Feb 04 03:26:51 UTC 2019 /home/travis/build/icyphy/ptII/ptolemy/actor/lib/test/auto/PoissonClock.xml
----------------- Instantiating /home/travis/build/icyphy/ptII/ptolemy/actor/lib/test/auto/PoissonClock.xml
1 ms. Memory: 1694720K Free: 1087390K (64%)
----------------- Invoking toplevel() on ptolemy.moml.MoMLSimpleApplication@1ea47444
----------------- Done invoking toplevel() on ptolemy.moml.MoMLSimpleApplication@1ea47444
reloadAllAccessors: .PoissonClock

===========================================================================================
----------------- testing Mon Feb 04 03:26:51 UTC 2019 /home/travis/build/icyphy/ptII/ptolemy/actor/lib/test/auto/PoissonClock2.xml
----------------- Instantiating /home/travis/build/icyphy/ptII/ptolemy/actor/lib/test/auto/PoissonClock2.xml
1 ms. Memory: 1694720K Free: 1066146K (63%)
----------------- Invoking toplevel() on ptolemy.moml.MoMLSimpleApplication@3ec09574
----------------- Done invoking toplevel() on ptolemy.moml.MoMLSimpleApplication@3ec09574
reloadAllAccessors: .PoissonClock2

===========================================================================================
----------------- testing Mon Feb 04 03:26:51 UTC 2019 /home/travis/build/icyphy/ptII/ptolemy/actor/lib/test/auto/PoissonClock3.xml
----------------- Instantiating /home/travis/build/icyphy/ptII/ptolemy/actor/lib/test/auto/PoissonClock3.xml
1 ms. Memory: 1694720K Free: 1038152K (61%)
----------------- Invoking toplevel() on ptolemy.moml.MoMLSimpleApplication@86ad81
----------------- Done invoking toplevel() on ptolemy.moml.MoMLSimpleApplication@86ad81
reloadAllAccessors: .PoissonClock3

===========================================================================================
----------------- testing Mon Feb 04 03:26:51 UTC 2019 /home/travis/build/icyphy/ptII/ptolemy/actor/lib/test/auto/PubSubWithInitialTokens.xml
----------------- Instantiating /home/travis/build/icyphy/ptII/ptolemy/actor/lib/test/auto/PubSubWithInitialTokens.xml
2 ms. Memory: 1694720K Free: 1016908K (60%)
----------------- Invoking toplevel() on ptolemy.moml.MoMLSimpleApplication@5d479d7e
----------------- Done invoking toplevel() on ptolemy.moml.MoMLSimpleApplication@5d479d7e
reloadAllAccessors: .PubSubWithInitialTokens

===========================================================================================
----------------- testing Mon Feb 04 03:26:51 UTC 2019 /home/travis/build/icyphy/ptII/ptolemy/actor/lib/test/auto/PubSubWithInitialTokens2.xml
----------------- Instantiating /home/travis/build/icyphy/ptII/ptolemy/actor/lib/test/auto/PubSubWithInitialTokens2.xml
1 ms. Memory: 1694720K Free: 995663K (59%)
----------------- Invoking toplevel() on ptolemy.moml.MoMLSimpleApplication@136a3b22
----------------- Done invoking toplevel() on ptolemy.moml.MoMLSimpleApplication@136a3b22
reloadAllAccessors: .PubSubWithInitialTokens2

===========================================================================================
----------------- testing Mon Feb 04 03:26:51 UTC 2019 /home/travis/build/icyphy/ptII/ptolemy/actor/lib/test/auto/PublisherClassNoParameter.xml
----------------- Instantiating /home/travis/build/icyphy/ptII/ptolemy/actor/lib/test/auto/PublisherClassNoParameter.xml
2 ms. Memory: 1694720K Free: 967670K (57%)
----------------- Invoking toplevel() on ptolemy.moml.MoMLSimpleApplication@2684dfa1
----------------- Done invoking toplevel() on ptolemy.moml.MoMLSimpleApplication@2684dfa1
reloadAllAccessors: .PublisherClassNoParameter

===========================================================================================
----------------- testing Mon Feb 04 03:26:51 UTC 2019 /home/travis/build/icyphy/ptII/ptolemy/actor/lib/test/auto/PublisherClassParameter.xml
----------------- Instantiating /home/travis/build/icyphy/ptII/ptolemy/actor/lib/test/auto/PublisherClassParameter.xml
2 ms. Memory: 1694720K Free: 946425K (56%)
----------------- Invoking toplevel() on ptolemy.moml.MoMLSimpleApplication@d6d3148
----------------- Done invoking toplevel() on ptolemy.moml.MoMLSimpleApplication@d6d3148
reloadAllAccessors: .PublisherClassParameter

===========================================================================================
----------------- testing Mon Feb 04 03:26:51 UTC 2019 /home/travis/build/icyphy/ptII/ptolemy/actor/lib/test/auto/PublisherNonStrictTest.xml
----------------- Instantiating /home/travis/build/icyphy/ptII/ptolemy/actor/lib/test/auto/PublisherNonStrictTest.xml
3 ms. Memory: 1694720K Free: 925181K (55%)
----------------- Invoking toplevel() on ptolemy.moml.MoMLSimpleApplication@3b0c9533
----------------- Done invoking toplevel() on ptolemy.moml.MoMLSimpleApplication@3b0c9533
reloadAllAccessors: .PublisherNonStrictTest

===========================================================================================
----------------- testing Mon Feb 04 03:26:51 UTC 2019 /home/travis/build/icyphy/ptII/ptolemy/actor/lib/test/auto/PublisherPort1.xml
----------------- Instantiating /home/travis/build/icyphy/ptII/ptolemy/actor/lib/test/auto/PublisherPort1.xml
2 ms. Memory: 1694720K Free: 897187K (53%)
----------------- Invoking toplevel() on ptolemy.moml.MoMLSimpleApplication@28fc7f96
----------------- Done invoking toplevel() on ptolemy.moml.MoMLSimpleApplication@28fc7f96
reloadAllAccessors: .PublisherPort1

===========================================================================================
----------------- testing Mon Feb 04 03:26:51 UTC 2019 /home/travis/build/icyphy/ptII/ptolemy/actor/lib/test/auto/PublisherPort2.xml
----------------- Instantiating /home/travis/build/icyphy/ptII/ptolemy/actor/lib/test/auto/PublisherPort2.xml
1 ms. Memory: 1694720K Free: 875943K (52%)
----------------- Invoking toplevel() on ptolemy.moml.MoMLSimpleApplication@2c3c7b1b
----------------- Done invoking toplevel() on ptolemy.moml.MoMLSimpleApplication@2c3c7b1b
reloadAllAccessors: .PublisherPort2

===========================================================================================
----------------- testing Mon Feb 04 03:26:51 UTC 2019 /home/travis/build/icyphy/ptII/ptolemy/actor/lib/test/auto/PublisherPort3.xml
----------------- Instantiating /home/travis/build/icyphy/ptII/ptolemy/actor/lib/test/auto/PublisherPort3.xml
3 ms. Memory: 1694720K Free: 854698K (50%)
----------------- Invoking toplevel() on ptolemy.moml.MoMLSimpleApplication@65f9d4d8
----------------- Done invoking toplevel() on ptolemy.moml.MoMLSimpleApplication@65f9d4d8
reloadAllAccessors: .PublisherPort3

===========================================================================================
----------------- testing Mon Feb 04 03:26:51 UTC 2019 /home/travis/build/icyphy/ptII/ptolemy/actor/lib/test/auto/PublisherPort4.xml
----------------- Instantiating /home/travis/build/icyphy/ptII/ptolemy/actor/lib/test/auto/PublisherPort4.xml
3 ms. Memory: 1694720K Free: 826705K (49%)
----------------- Invoking toplevel() on ptolemy.moml.MoMLSimpleApplication@2cdc6817
----------------- Done invoking toplevel() on ptolemy.moml.MoMLSimpleApplication@2cdc6817
reloadAllAccessors: .PublisherPort4

===========================================================================================
----------------- testing Mon Feb 04 03:26:51 UTC 2019 /home/travis/build/icyphy/ptII/ptolemy/actor/lib/test/auto/PublisherPort5.xml
----------------- Instantiating /home/travis/build/icyphy/ptII/ptolemy/actor/lib/test/auto/PublisherPort5.xml
3 ms. Memory: 1694720K Free: 805460K (48%)
----------------- Invoking toplevel() on ptolemy.moml.MoMLSimpleApplication@29ac16b3
----------------- Done invoking toplevel() on ptolemy.moml.MoMLSimpleApplication@29ac16b3
reloadAllAccessors: .PublisherPort5

===========================================================================================
----------------- testing Mon Feb 04 03:26:51 UTC 2019 /home/travis/build/icyphy/ptII/ptolemy/actor/lib/test/auto/PublisherPort5LookAlike.xml
----------------- Instantiating /home/travis/build/icyphy/ptII/ptolemy/actor/lib/test/auto/PublisherPort5LookAlike.xml
3 ms. Memory: 1694720K Free: 784216K (46%)
----------------- Invoking toplevel() on ptolemy.moml.MoMLSimpleApplication@5fc58e68
----------------- Done invoking toplevel() on ptolemy.moml.MoMLSimpleApplication@5fc58e68
reloadAllAccessors: .PublisherPort5LookAlike

===========================================================================================
----------------- testing Mon Feb 04 03:26:51 UTC 2019 /home/travis/build/icyphy/ptII/ptolemy/actor/lib/test/auto/PublisherPort6.xml
----------------- Instantiating /home/travis/build/icyphy/ptII/ptolemy/actor/lib/test/auto/PublisherPort6.xml
2 ms. Memory: 1694720K Free: 756223K (45%)
----------------- Invoking toplevel() on ptolemy.moml.MoMLSimpleApplication@4dd874c9
----------------- Done invoking toplevel() on ptolemy.moml.MoMLSimpleApplication@4dd874c9
reloadAllAccessors: .PublisherPort6

===========================================================================================
----------------- testing Mon Feb 04 03:26:51 UTC 2019 /home/travis/build/icyphy/ptII/ptolemy/actor/lib/test/auto/PublisherPort7.xml
----------------- Instantiating /home/travis/build/icyphy/ptII/ptolemy/actor/lib/test/auto/PublisherPort7.xml
3 ms. Memory: 1694720K Free: 734978K (43%)
----------------- Invoking toplevel() on ptolemy.moml.MoMLSimpleApplication@1ecc3a23
----------------- Done invoking toplevel() on ptolemy.moml.MoMLSimpleApplication@1ecc3a23
reloadAllAccessors: .PublisherPort7

===========================================================================================
----------------- testing Mon Feb 04 03:26:51 UTC 2019 /home/travis/build/icyphy/ptII/ptolemy/actor/lib/test/auto/PublisherPort8.xml
----------------- Instantiating /home/travis/build/icyphy/ptII/ptolemy/actor/lib/test/auto/PublisherPort8.xml
4 ms. Memory: 1694720K Free: 706985K (42%)
----------------- Invoking toplevel() on ptolemy.moml.MoMLSimpleApplication@527d6e1b
----------------- Done invoking toplevel() on ptolemy.moml.MoMLSimpleApplication@527d6e1b
reloadAllAccessors: .PublisherPort8

===========================================================================================
----------------- testing Mon Feb 04 03:26:51 UTC 2019 /home/travis/build/icyphy/ptII/ptolemy/actor/lib/test/auto/PublisherPortSubscriberChannelVariablesAOC2.xml
----------------- Instantiating /home/travis/build/icyphy/ptII/ptolemy/actor/lib/test/auto/PublisherPortSubscriberChannelVariablesAOC2.xml
3 ms. Memory: 1694720K Free: 675102K (40%)
----------------- Invoking toplevel() on ptolemy.moml.MoMLSimpleApplication@6236d975
----------------- Done invoking toplevel() on ptolemy.moml.MoMLSimpleApplication@6236d975
reloadAllAccessors: .PublisherPortSubscriberChannelVariablesAOC2

===========================================================================================
----------------- testing Mon Feb 04 03:26:51 UTC 2019 /home/travis/build/icyphy/ptII/ptolemy/actor/lib/test/auto/PublisherPortSubscriberOpaqueWidthInference.xml
----------------- Instantiating /home/travis/build/icyphy/ptII/ptolemy/actor/lib/test/auto/PublisherPortSubscriberOpaqueWidthInference.xml
3 ms. Memory: 1694720K Free: 653857K (39%)
----------------- Invoking toplevel() on ptolemy.moml.MoMLSimpleApplication@214d6963
----------------- Done invoking toplevel() on ptolemy.moml.MoMLSimpleApplication@214d6963
reloadAllAccessors: .PublisherPortSubscriberOpaqueWidthInference

===========================================================================================
----------------- testing Mon Feb 04 03:26:51 UTC 2019 /home/travis/build/icyphy/ptII/ptolemy/actor/lib/test/auto/PublisherPortSubscriberPortAdjacent.xml
----------------- Instantiating /home/travis/build/icyphy/ptII/ptolemy/actor/lib/test/auto/PublisherPortSubscriberPortAdjacent.xml
2 ms. Memory: 1694720K Free: 625864K (37%)
----------------- Invoking toplevel() on ptolemy.moml.MoMLSimpleApplication@40dbd2
----------------- Done invoking toplevel() on ptolemy.moml.MoMLSimpleApplication@40dbd2
reloadAllAccessors: .PublisherPortSubscriberPortAdjacent

===========================================================================================
----------------- testing Mon Feb 04 03:26:51 UTC 2019 /home/travis/build/icyphy/ptII/ptolemy/actor/lib/test/auto/PublisherPortSubscriberPortExpression.xml
----------------- Instantiating /home/travis/build/icyphy/ptII/ptolemy/actor/lib/test/auto/PublisherPortSubscriberPortExpression.xml
3 ms. Memory: 1694720K Free: 604619K (36%)
----------------- Invoking toplevel() on ptolemy.moml.MoMLSimpleApplication@5c44f5e9
----------------- Done invoking toplevel() on ptolemy.moml.MoMLSimpleApplication@5c44f5e9
reloadAllAccessors: .PublisherPortSubscriberPortExpression

===========================================================================================
----------------- testing Mon Feb 04 03:26:51 UTC 2019 /home/travis/build/icyphy/ptII/ptolemy/actor/lib/test/auto/PublisherPortSubscriberPortOpaqueD3Reverse.xml
----------------- Instantiating /home/travis/build/icyphy/ptII/ptolemy/actor/lib/test/auto/PublisherPortSubscriberPortOpaqueD3Reverse.xml
5 ms. Memory: 1694720K Free: 583375K (34%)
----------------- Invoking toplevel() on ptolemy.moml.MoMLSimpleApplication@22b32e93
----------------- Done invoking toplevel() on ptolemy.moml.MoMLSimpleApplication@22b32e93
reloadAllAccessors: .PublisherPortSubscriberPortOpaqueD3Reverse

===========================================================================================
----------------- testing Mon Feb 04 03:26:51 UTC 2019 /home/travis/build/icyphy/ptII/ptolemy/actor/lib/test/auto/PublisherPortSubscriberPortOpaqueWidthInference.xml
----------------- Instantiating /home/travis/build/icyphy/ptII/ptolemy/actor/lib/test/auto/PublisherPortSubscriberPortOpaqueWidthInference.xml
3 ms. Memory: 1694720K Free: 555381K (33%)
----------------- Invoking toplevel() on ptolemy.moml.MoMLSimpleApplication@15e39b65
----------------- Done invoking toplevel() on ptolemy.moml.MoMLSimpleApplication@15e39b65
reloadAllAccessors: .PublisherPortSubscriberPortOpaqueWidthInference

===========================================================================================
----------------- testing Mon Feb 04 03:26:51 UTC 2019 /home/travis/build/icyphy/ptII/ptolemy/actor/lib/test/auto/PublisherPortToplevelSubscriberPortAOC.xml
----------------- Instantiating /home/travis/build/icyphy/ptII/ptolemy/actor/lib/test/auto/PublisherPortToplevelSubscriberPortAOC.xml
.PublisherPortToplevelSubscriberPortAOC.TestExceptionAttribute: initialize() was not invoked, but wrapup() was.  This is unusual, but not always a problem.  For example, exporting JNLP will do this.
1 ms. Memory: 1694720K Free: 534137K (32%)
----------------- Invoking toplevel() on ptolemy.moml.MoMLSimpleApplication@15f7fd6b
----------------- Done invoking toplevel() on ptolemy.moml.MoMLSimpleApplication@15f7fd6b
reloadAllAccessors: .PublisherPortToplevelSubscriberPortAOC

===========================================================================================
----------------- testing Mon Feb 04 03:26:51 UTC 2019 /home/travis/build/icyphy/ptII/ptolemy/actor/lib/test/auto/PublisherSubscriber.xml
----------------- Instantiating /home/travis/build/icyphy/ptII/ptolemy/actor/lib/test/auto/PublisherSubscriber.xml
3 ms. Memory: 1694720K Free: 512892K (30%)
----------------- Invoking toplevel() on ptolemy.moml.MoMLSimpleApplication@6ff948c9
----------------- Done invoking toplevel() on ptolemy.moml.MoMLSimpleApplication@6ff948c9
reloadAllAccessors: .PublisherSubscriber

===========================================================================================
----------------- testing Mon Feb 04 03:26:51 UTC 2019 /home/travis/build/icyphy/ptII/ptolemy/actor/lib/test/auto/PublisherSubscriber10.xml
----------------- Instantiating /home/travis/build/icyphy/ptII/ptolemy/actor/lib/test/auto/PublisherSubscriber10.xml
5 ms. Memory: 1694720K Free: 484899K (29%)
----------------- Invoking toplevel() on ptolemy.moml.MoMLSimpleApplication@15d7879c
----------------- Done invoking toplevel() on ptolemy.moml.MoMLSimpleApplication@15d7879c
reloadAllAccessors: .PublisherSubscriber10

===========================================================================================
----------------- testing Mon Feb 04 03:26:51 UTC 2019 /home/travis/build/icyphy/ptII/ptolemy/actor/lib/test/auto/PublisherSubscriber10InitialOutputs.xml
----------------- Instantiating /home/travis/build/icyphy/ptII/ptolemy/actor/lib/test/auto/PublisherSubscriber10InitialOutputs.xml
5 ms. Memory: 1694720K Free: 463654K (27%)
----------------- Invoking toplevel() on ptolemy.moml.MoMLSimpleApplication@5579fe92
----------------- Done invoking toplevel() on ptolemy.moml.MoMLSimpleApplication@5579fe92
reloadAllAccessors: .PublisherSubscriber10InitialOutputs

===========================================================================================
----------------- testing Mon Feb 04 03:26:51 UTC 2019 /home/travis/build/icyphy/ptII/ptolemy/actor/lib/test/auto/PublisherSubscriber11.xml
----------------- Instantiating /home/travis/build/icyphy/ptII/ptolemy/actor/lib/test/auto/PublisherSubscriber11.xml
2 ms. Memory: 1694720K Free: 442410K (26%)
----------------- Invoking toplevel() on ptolemy.moml.MoMLSimpleApplication@4804b2fb
----------------- Done invoking toplevel() on ptolemy.moml.MoMLSimpleApplication@4804b2fb
reloadAllAccessors: .PublisherSubscriber11

===========================================================================================
----------------- testing Mon Feb 04 03:26:51 UTC 2019 /home/travis/build/icyphy/ptII/ptolemy/actor/lib/test/auto/PublisherSubscriber12.xml
----------------- Instantiating /home/travis/build/icyphy/ptII/ptolemy/actor/lib/test/auto/PublisherSubscriber12.xml
2 ms. Memory: 1694720K Free: 414416K (24%)
----------------- Invoking toplevel() on ptolemy.moml.MoMLSimpleApplication@4ce2bee6
----------------- Done invoking toplevel() on ptolemy.moml.MoMLSimpleApplication@4ce2bee6
reloadAllAccessors: .PublisherSubscriber12

===========================================================================================
----------------- testing Mon Feb 04 03:26:51 UTC 2019 /home/travis/build/icyphy/ptII/ptolemy/actor/lib/test/auto/PublisherSubscriber13.xml
----------------- Instantiating /home/travis/build/icyphy/ptII/ptolemy/actor/lib/test/auto/PublisherSubscriber13.xml
2 ms. Memory: 1694720K Free: 393172K (23%)
----------------- Invoking toplevel() on ptolemy.moml.MoMLSimpleApplication@155f48a7
----------------- Done invoking toplevel() on ptolemy.moml.MoMLSimpleApplication@155f48a7
reloadAllAccessors: .PublisherSubscriber13

===========================================================================================
----------------- testing Mon Feb 04 03:26:51 UTC 2019 /home/travis/build/icyphy/ptII/ptolemy/actor/lib/test/auto/PublisherSubscriber14.xml
----------------- Instantiating /home/travis/build/icyphy/ptII/ptolemy/actor/lib/test/auto/PublisherSubscriber14.xml
2 ms. Memory: 1694720K Free: 365179K (22%)
----------------- Invoking toplevel() on ptolemy.moml.MoMLSimpleApplication@48bbe267
----------------- Done invoking toplevel() on ptolemy.moml.MoMLSimpleApplication@48bbe267
reloadAllAccessors: .PublisherSubscriber14

===========================================================================================
----------------- testing Mon Feb 04 03:26:51 UTC 2019 /home/travis/build/icyphy/ptII/ptolemy/actor/lib/test/auto/PublisherSubscriber2.xml
----------------- Instantiating /home/travis/build/icyphy/ptII/ptolemy/actor/lib/test/auto/PublisherSubscriber2.xml
1 ms. Memory: 1694720K Free: 343934K (20%)
----------------- Invoking toplevel() on ptolemy.moml.MoMLSimpleApplication@2d6dc38d
----------------- Done invoking toplevel() on ptolemy.moml.MoMLSimpleApplication@2d6dc38d
reloadAllAccessors: .PublisherSubscriber2

===========================================================================================
----------------- testing Mon Feb 04 03:26:51 UTC 2019 /home/travis/build/icyphy/ptII/ptolemy/actor/lib/test/auto/PublisherSubscriber3.xml
----------------- Instantiating /home/travis/build/icyphy/ptII/ptolemy/actor/lib/test/auto/PublisherSubscriber3.xml
3 ms. Memory: 1694720K Free: 322689K (19%)
----------------- Invoking toplevel() on ptolemy.moml.MoMLSimpleApplication@70a1ef3e
----------------- Done invoking toplevel() on ptolemy.moml.MoMLSimpleApplication@70a1ef3e
reloadAllAccessors: .PublisherSubscriber3

===========================================================================================
----------------- testing Mon Feb 04 03:26:51 UTC 2019 /home/travis/build/icyphy/ptII/ptolemy/actor/lib/test/auto/PublisherSubscriber4.xml
----------------- Instantiating /home/travis/build/icyphy/ptII/ptolemy/actor/lib/test/auto/PublisherSubscriber4.xml
2 ms. Memory: 1694720K Free: 294696K (17%)
----------------- Invoking toplevel() on ptolemy.moml.MoMLSimpleApplication@5ab9a4c4
----------------- Done invoking toplevel() on ptolemy.moml.MoMLSimpleApplication@5ab9a4c4
reloadAllAccessors: .PublisherSubscriber4

===========================================================================================
----------------- testing Mon Feb 04 03:26:51 UTC 2019 /home/travis/build/icyphy/ptII/ptolemy/actor/lib/test/auto/PublisherSubscriber5.xml
----------------- Instantiating /home/travis/build/icyphy/ptII/ptolemy/actor/lib/test/auto/PublisherSubscriber5.xml
3 ms. Memory: 1694720K Free: 273452K (16%)
----------------- Invoking toplevel() on ptolemy.moml.MoMLSimpleApplication@10d6cbd
----------------- Done invoking toplevel() on ptolemy.moml.MoMLSimpleApplication@10d6cbd
reloadAllAccessors: .PublisherSubscriber5

===========================================================================================
----------------- testing Mon Feb 04 03:26:51 UTC 2019 /home/travis/build/icyphy/ptII/ptolemy/actor/lib/test/auto/PublisherSubscriber6.xml
----------------- Instantiating /home/travis/build/icyphy/ptII/ptolemy/actor/lib/test/auto/PublisherSubscriber6.xml
2 ms. Memory: 1694720K Free: 252207K (15%)
----------------- Invoking toplevel() on ptolemy.moml.MoMLSimpleApplication@ffc35d8
----------------- Done invoking toplevel() on ptolemy.moml.MoMLSimpleApplication@ffc35d8
reloadAllAccessors: .PublisherSubscriber6

===========================================================================================
----------------- testing Mon Feb 04 03:26:51 UTC 2019 /home/travis/build/icyphy/ptII/ptolemy/actor/lib/test/auto/PublisherSubscriber7.xml
----------------- Instantiating /home/travis/build/icyphy/ptII/ptolemy/actor/lib/test/auto/PublisherSubscriber7.xml
3 ms. Memory: 1694720K Free: 224214K (13%)
----------------- Invoking toplevel() on ptolemy.moml.MoMLSimpleApplication@1f5aae9d
----------------- Done invoking toplevel() on ptolemy.moml.MoMLSimpleApplication@1f5aae9d
reloadAllAccessors: .PublisherSubscriber7

===========================================================================================
----------------- testing Mon Feb 04 03:26:51 UTC 2019 /home/travis/build/icyphy/ptII/ptolemy/actor/lib/test/auto/PublisherSubscriber8.xml
----------------- Instantiating /home/travis/build/icyphy/ptII/ptolemy/actor/lib/test/auto/PublisherSubscriber8.xml
27 ms. Memory: 1694720K Free: 96746K (6%)
----------------- Invoking toplevel() on ptolemy.moml.MoMLSimpleApplication@e24da1a
----------------- Done invoking toplevel() on ptolemy.moml.MoMLSimpleApplication@e24da1a
reloadAllAccessors: .PublisherSubscriber8

===========================================================================================
----------------- testing Mon Feb 04 03:26:51 UTC 2019 /home/travis/build/icyphy/ptII/ptolemy/actor/lib/test/auto/PublisherSubscriber9.xml
----------------- Instantiating /home/travis/build/icyphy/ptII/ptolemy/actor/lib/test/auto/PublisherSubscriber9.xml
3 ms. Memory: 1694720K Free: 75501K (4%)
----------------- Invoking toplevel() on ptolemy.moml.MoMLSimpleApplication@6336db94
----------------- Done invoking toplevel() on ptolemy.moml.MoMLSimpleApplication@6336db94
reloadAllAccessors: .PublisherSubscriber9

===========================================================================================
----------------- testing Mon Feb 04 03:26:51 UTC 2019 /home/travis/build/icyphy/ptII/ptolemy/actor/lib/test/auto/PublisherSubscriberAdjacent.xml
----------------- Instantiating /home/travis/build/icyphy/ptII/ptolemy/actor/lib/test/auto/PublisherSubscriberAdjacent.xml
1 ms. Memory: 1770496K Free: 1715159K (97%)
----------------- Invoking toplevel() on ptolemy.moml.MoMLSimpleApplication@31fbfd9f
----------------- Done invoking toplevel() on ptolemy.moml.MoMLSimpleApplication@31fbfd9f
reloadAllAccessors: .PublisherSubscriberAdjacent

===========================================================================================
----------------- testing Mon Feb 04 03:26:51 UTC 2019 /home/travis/build/icyphy/ptII/ptolemy/actor/lib/test/auto/PublisherSubscriberChannelVariablesAOC2.xml
----------------- Instantiating /home/travis/build/icyphy/ptII/ptolemy/actor/lib/test/auto/PublisherSubscriberChannelVariablesAOC2.xml
2 ms. Memory: 1770496K Free: 1676470K (95%)
----------------- Invoking toplevel() on ptolemy.moml.MoMLSimpleApplication@2618cb19
----------------- Done invoking toplevel() on ptolemy.moml.MoMLSimpleApplication@2618cb19
reloadAllAccessors: .PublisherSubscriberChannelVariablesAOC2

===========================================================================================
----------------- testing Mon Feb 04 03:26:51 UTC 2019 /home/travis/build/icyphy/ptII/ptolemy/actor/lib/test/auto/PublisherSubscriberD3.xml
----------------- Instantiating /home/travis/build/icyphy/ptII/ptolemy/actor/lib/test/auto/PublisherSubscriberD3.xml
1 ms. Memory: 1770496K Free: 1654440K (93%)
----------------- Invoking toplevel() on ptolemy.moml.MoMLSimpleApplication@286c5d64
----------------- Done invoking toplevel() on ptolemy.moml.MoMLSimpleApplication@286c5d64
reloadAllAccessors: .PublisherSubscriberD3

===========================================================================================
----------------- testing Mon Feb 04 03:26:51 UTC 2019 /home/travis/build/icyphy/ptII/ptolemy/actor/lib/test/auto/PublisherSubscriberD3Reverse.xml
----------------- Instantiating /home/travis/build/icyphy/ptII/ptolemy/actor/lib/test/auto/PublisherSubscriberD3Reverse.xml
1 ms. Memory: 1770496K Free: 1626782K (92%)
----------------- Invoking toplevel() on ptolemy.moml.MoMLSimpleApplication@3e1c84a2
----------------- Done invoking toplevel() on ptolemy.moml.MoMLSimpleApplication@3e1c84a2
reloadAllAccessors: .PublisherSubscriberD3Reverse

===========================================================================================
----------------- testing Mon Feb 04 03:26:51 UTC 2019 /home/travis/build/icyphy/ptII/ptolemy/actor/lib/test/auto/PublisherSubscriberExpression.xml
----------------- Instantiating /home/travis/build/icyphy/ptII/ptolemy/actor/lib/test/auto/PublisherSubscriberExpression.xml
3 ms. Memory: 1770496K Free: 1604753K (91%)
----------------- Invoking toplevel() on ptolemy.moml.MoMLSimpleApplication@672ae41a
----------------- Done invoking toplevel() on ptolemy.moml.MoMLSimpleApplication@672ae41a
reloadAllAccessors: .PublisherSubscriberExpression

===========================================================================================
----------------- testing Mon Feb 04 03:26:51 UTC 2019 /home/travis/build/icyphy/ptII/ptolemy/actor/lib/test/auto/PublisherSubscriberOpaque.xml
----------------- Instantiating /home/travis/build/icyphy/ptII/ptolemy/actor/lib/test/auto/PublisherSubscriberOpaque.xml
3 ms. Memory: 1770496K Free: 1577094K (89%)
----------------- Invoking toplevel() on ptolemy.moml.MoMLSimpleApplication@3fdc9b7d
----------------- Done invoking toplevel() on ptolemy.moml.MoMLSimpleApplication@3fdc9b7d
reloadAllAccessors: .PublisherSubscriberOpaque

===========================================================================================
----------------- testing Mon Feb 04 03:26:51 UTC 2019 /home/travis/build/icyphy/ptII/ptolemy/actor/lib/test/auto/PublisherSubscriberOpaqueD3.xml
----------------- Instantiating /home/travis/build/icyphy/ptII/ptolemy/actor/lib/test/auto/PublisherSubscriberOpaqueD3.xml
5 ms. Memory: 1770496K Free: 1555065K (88%)
----------------- Invoking toplevel() on ptolemy.moml.MoMLSimpleApplication@58693324
----------------- Done invoking toplevel() on ptolemy.moml.MoMLSimpleApplication@58693324
reloadAllAccessors: .PublisherSubscriberOpaqueD3

===========================================================================================
----------------- testing Mon Feb 04 03:26:52 UTC 2019 /home/travis/build/icyphy/ptII/ptolemy/actor/lib/test/auto/PublisherSubscriberOpaqueD3Reverse.xml
----------------- Instantiating /home/travis/build/icyphy/ptII/ptolemy/actor/lib/test/auto/PublisherSubscriberOpaqueD3Reverse.xml
6 ms. Memory: 1770496K Free: 1527312K (86%)
----------------- Invoking toplevel() on ptolemy.moml.MoMLSimpleApplication@3521578e
----------------- Done invoking toplevel() on ptolemy.moml.MoMLSimpleApplication@3521578e
reloadAllAccessors: .PublisherSubscriberOpaqueD3Reverse

===========================================================================================
----------------- testing Mon Feb 04 03:26:52 UTC 2019 /home/travis/build/icyphy/ptII/ptolemy/actor/lib/test/auto/PublisherSubscriberOpaqueWidthInference.xml
----------------- Instantiating /home/travis/build/icyphy/ptII/ptolemy/actor/lib/test/auto/PublisherSubscriberOpaqueWidthInference.xml
3 ms. Memory: 1770496K Free: 1505283K (85%)
----------------- Invoking toplevel() on ptolemy.moml.MoMLSimpleApplication@76ceade8
----------------- Done invoking toplevel() on ptolemy.moml.MoMLSimpleApplication@76ceade8
reloadAllAccessors: .PublisherSubscriberOpaqueWidthInference

===========================================================================================
----------------- testing Mon Feb 04 03:26:52 UTC 2019 /home/travis/build/icyphy/ptII/ptolemy/actor/lib/test/auto/PublisherTestSubscriber.xml
----------------- Instantiating /home/travis/build/icyphy/ptII/ptolemy/actor/lib/test/auto/PublisherTestSubscriber.xml
3 ms. Memory: 1770496K Free: 1483253K (84%)
----------------- Invoking toplevel() on ptolemy.moml.MoMLSimpleApplication@6195c5c9
----------------- Done invoking toplevel() on ptolemy.moml.MoMLSimpleApplication@6195c5c9
reloadAllAccessors: .PublisherTestSubscriber

===========================================================================================
----------------- testing Mon Feb 04 03:26:52 UTC 2019 /home/travis/build/icyphy/ptII/ptolemy/actor/lib/test/auto/PublisherToplevelSubscriberPortAOC.xml
----------------- Instantiating /home/travis/build/icyphy/ptII/ptolemy/actor/lib/test/auto/PublisherToplevelSubscriberPortAOC.xml
2 ms. Memory: 1770496K Free: 1455595K (82%)
----------------- Invoking toplevel() on ptolemy.moml.MoMLSimpleApplication@91f5403
----------------- Done invoking toplevel() on ptolemy.moml.MoMLSimpleApplication@91f5403
reloadAllAccessors: .PublisherToplevelSubscriberPortAOC

===========================================================================================
----------------- testing Mon Feb 04 03:26:52 UTC 2019 /home/travis/build/icyphy/ptII/ptolemy/actor/lib/test/auto/PulseFiringLimitDE.xml
----------------- Instantiating /home/travis/build/icyphy/ptII/ptolemy/actor/lib/test/auto/PulseFiringLimitDE.xml
2 ms. Memory: 1770496K Free: 1433565K (81%)
----------------- Invoking toplevel() on ptolemy.moml.MoMLSimpleApplication@41f14ea0
----------------- Done invoking toplevel() on ptolemy.moml.MoMLSimpleApplication@41f14ea0
reloadAllAccessors: .PulseFiringLimitDE

===========================================================================================
----------------- testing Mon Feb 04 03:26:52 UTC 2019 /home/travis/build/icyphy/ptII/ptolemy/actor/lib/test/auto/Ramp1.xml
----------------- Instantiating /home/travis/build/icyphy/ptII/ptolemy/actor/lib/test/auto/Ramp1.xml
1 ms. Memory: 1770496K Free: 1405907K (79%)
----------------- Invoking toplevel() on ptolemy.moml.MoMLSimpleApplication@15e11c70
----------------- Done invoking toplevel() on ptolemy.moml.MoMLSimpleApplication@15e11c70
reloadAllAccessors: .Ramp1

===========================================================================================
----------------- testing Mon Feb 04 03:26:52 UTC 2019 /home/travis/build/icyphy/ptII/ptolemy/actor/lib/test/auto/RampFiringLimitDE.xml
----------------- Instantiating /home/travis/build/icyphy/ptII/ptolemy/actor/lib/test/auto/RampFiringLimitDE.xml
3 ms. Memory: 1770496K Free: 1383877K (78%)
----------------- Invoking toplevel() on ptolemy.moml.MoMLSimpleApplication@41204f39
----------------- Done invoking toplevel() on ptolemy.moml.MoMLSimpleApplication@41204f39
reloadAllAccessors: .RampFiringLimitDE

===========================================================================================
----------------- testing Mon Feb 04 03:26:52 UTC 2019 /home/travis/build/icyphy/ptII/ptolemy/actor/lib/test/auto/RampFiringLimitSDF.xml
----------------- Instantiating /home/travis/build/icyphy/ptII/ptolemy/actor/lib/test/auto/RampFiringLimitSDF.xml
2 ms. Memory: 1770496K Free: 1356220K (77%)
----------------- Invoking toplevel() on ptolemy.moml.MoMLSimpleApplication@63841db7
----------------- Done invoking toplevel() on ptolemy.moml.MoMLSimpleApplication@63841db7
reloadAllAccessors: .RampFiringLimitSDF

===========================================================================================
----------------- testing Mon Feb 04 03:26:52 UTC 2019 /home/travis/build/icyphy/ptII/ptolemy/actor/lib/test/auto/RandomInteger.xml
----------------- Instantiating /home/travis/build/icyphy/ptII/ptolemy/actor/lib/test/auto/RandomInteger.xml
2 ms. Memory: 1770496K Free: 1334190K (75%)
----------------- Invoking toplevel() on ptolemy.moml.MoMLSimpleApplication@7128bc9
----------------- Done invoking toplevel() on ptolemy.moml.MoMLSimpleApplication@7128bc9
reloadAllAccessors: .RandomInteger

===========================================================================================
----------------- testing Mon Feb 04 03:26:52 UTC 2019 /home/travis/build/icyphy/ptII/ptolemy/actor/lib/test/auto/ReadFile1.xml
----------------- Instantiating /home/travis/build/icyphy/ptII/ptolemy/actor/lib/test/auto/ReadFile1.xml
1 ms. Memory: 1770496K Free: 1312160K (74%)
----------------- Invoking toplevel() on ptolemy.moml.MoMLSimpleApplication@25cd6cdc
----------------- Done invoking toplevel() on ptolemy.moml.MoMLSimpleApplication@25cd6cdc
reloadAllAccessors: .ReadFile1

===========================================================================================
----------------- testing Mon Feb 04 03:26:52 UTC 2019 /home/travis/build/icyphy/ptII/ptolemy/actor/lib/test/auto/ReadFile2.xml
----------------- Instantiating /home/travis/build/icyphy/ptII/ptolemy/actor/lib/test/auto/ReadFile2.xml
1 ms. Memory: 1770496K Free: 1284502K (73%)
----------------- Invoking toplevel() on ptolemy.moml.MoMLSimpleApplication@54c218dc
----------------- Done invoking toplevel() on ptolemy.moml.MoMLSimpleApplication@54c218dc
reloadAllAccessors: .ReadFile2

===========================================================================================
----------------- testing Mon Feb 04 03:26:52 UTC 2019 /home/travis/build/icyphy/ptII/ptolemy/actor/lib/test/auto/Reader.xml
----------------- Instantiating /home/travis/build/icyphy/ptII/ptolemy/actor/lib/test/auto/Reader.xml
actor.lib.Reader is obsolete, use actor.lib.io.ExpressionReader instead
5 ms. Memory: 1770496K Free: 1262473K (71%)
----------------- Invoking toplevel() on ptolemy.moml.MoMLSimpleApplication@2448565d
----------------- Done invoking toplevel() on ptolemy.moml.MoMLSimpleApplication@2448565d
reloadAllAccessors: .Reader

===========================================================================================
----------------- testing Mon Feb 04 03:26:52 UTC 2019 /home/travis/build/icyphy/ptII/ptolemy/actor/lib/test/auto/RecordAssemblerDisplayNameTest.xml
----------------- Instantiating /home/travis/build/icyphy/ptII/ptolemy/actor/lib/test/auto/RecordAssemblerDisplayNameTest.xml
3009 ms. Memory: 1769472K Free: 1621393K (92%)
----------------- Invoking toplevel() on ptolemy.moml.MoMLSimpleApplication@7f7eb89
----------------- Done invoking toplevel() on ptolemy.moml.MoMLSimpleApplication@7f7eb89
reloadAllAccessors: .RecordAssemblerDisplayNameTest

===========================================================================================
----------------- testing Mon Feb 04 03:26:55 UTC 2019 /home/travis/build/icyphy/ptII/ptolemy/actor/lib/test/auto/RecordAssemblerTypeError.xml
----------------- Instantiating /home/travis/build/icyphy/ptII/ptolemy/actor/lib/test/auto/RecordAssemblerTypeError.xml
5 ms. Memory: 1769472K Free: 1587098K (90%)
----------------- Invoking toplevel() on ptolemy.moml.MoMLSimpleApplication@2086e22e
----------------- Done invoking toplevel() on ptolemy.moml.MoMLSimpleApplication@2086e22e
reloadAllAccessors: .RecordAssemblerTypeError

===========================================================================================
----------------- testing Mon Feb 04 03:26:55 UTC 2019 /home/travis/build/icyphy/ptII/ptolemy/actor/lib/test/auto/RecordDisassember.xml
----------------- Instantiating /home/travis/build/icyphy/ptII/ptolemy/actor/lib/test/auto/RecordDisassember.xml
2 ms. Memory: 1769472K Free: 1566589K (89%)
----------------- Invoking toplevel() on ptolemy.moml.MoMLSimpleApplication@60f3cce6
----------------- Done invoking toplevel() on ptolemy.moml.MoMLSimpleApplication@60f3cce6
reloadAllAccessors: .RecordDisassember

===========================================================================================
----------------- testing Mon Feb 04 03:26:55 UTC 2019 /home/travis/build/icyphy/ptII/ptolemy/actor/lib/test/auto/RecordDisassemberDisplayNameTest.xml
----------------- Instantiating /home/travis/build/icyphy/ptII/ptolemy/actor/lib/test/auto/RecordDisassemberDisplayNameTest.xml
4 ms. Memory: 1769472K Free: 1550066K (88%)
----------------- Invoking toplevel() on ptolemy.moml.MoMLSimpleApplication@5ccf88b6
----------------- Done invoking toplevel() on ptolemy.moml.MoMLSimpleApplication@5ccf88b6
reloadAllAccessors: .RecordDisassemberDisplayNameTest

===========================================================================================
----------------- testing Mon Feb 04 03:26:55 UTC 2019 /home/travis/build/icyphy/ptII/ptolemy/actor/lib/test/auto/RecordDisassembler.xml
----------------- Instantiating /home/travis/build/icyphy/ptII/ptolemy/actor/lib/test/auto/RecordDisassembler.xml
2 ms. Memory: 1769472K Free: 1529557K (86%)
----------------- Invoking toplevel() on ptolemy.moml.MoMLSimpleApplication@6ada215b
----------------- Done invoking toplevel() on ptolemy.moml.MoMLSimpleApplication@6ada215b
reloadAllAccessors: .RecordDisassembler

===========================================================================================
----------------- testing Mon Feb 04 03:26:55 UTC 2019 /home/travis/build/icyphy/ptII/ptolemy/actor/lib/test/auto/RecordDisassembler2.xml
----------------- Instantiating /home/travis/build/icyphy/ptII/ptolemy/actor/lib/test/auto/RecordDisassembler2.xml
2 ms. Memory: 1769472K Free: 1509047K (85%)
----------------- Invoking toplevel() on ptolemy.moml.MoMLSimpleApplication@2bc90dcc
----------------- Done invoking toplevel() on ptolemy.moml.MoMLSimpleApplication@2bc90dcc
reloadAllAccessors: .RecordDisassembler2

===========================================================================================
----------------- testing Mon Feb 04 03:26:55 UTC 2019 /home/travis/build/icyphy/ptII/ptolemy/actor/lib/test/auto/RecordUpdater.xml
----------------- Instantiating /home/travis/build/icyphy/ptII/ptolemy/actor/lib/test/auto/RecordUpdater.xml
2 ms. Memory: 1769472K Free: 1492525K (84%)
----------------- Invoking toplevel() on ptolemy.moml.MoMLSimpleApplication@55bec95d
----------------- Done invoking toplevel() on ptolemy.moml.MoMLSimpleApplication@55bec95d
reloadAllAccessors: .RecordUpdater

===========================================================================================
----------------- testing Mon Feb 04 03:26:55 UTC 2019 /home/travis/build/icyphy/ptII/ptolemy/actor/lib/test/auto/RecordUpdater2.xml
----------------- Instantiating /home/travis/build/icyphy/ptII/ptolemy/actor/lib/test/auto/RecordUpdater2.xml
2 ms. Memory: 1769472K Free: 1472015K (83%)
----------------- Invoking toplevel() on ptolemy.moml.MoMLSimpleApplication@2da7c978
----------------- Done invoking toplevel() on ptolemy.moml.MoMLSimpleApplication@2da7c978
reloadAllAccessors: .RecordUpdater2

===========================================================================================
----------------- testing Mon Feb 04 03:26:55 UTC 2019 /home/travis/build/icyphy/ptII/ptolemy/actor/lib/test/auto/RecursiveLattice.xml
----------------- Instantiating /home/travis/build/icyphy/ptII/ptolemy/actor/lib/test/auto/RecursiveLattice.xml
1 ms. Memory: 1769472K Free: 1455493K (82%)
----------------- Invoking toplevel() on ptolemy.moml.MoMLSimpleApplication@4530ee23
----------------- Done invoking toplevel() on ptolemy.moml.MoMLSimpleApplication@4530ee23
reloadAllAccessors: .RecursiveLattice

===========================================================================================
----------------- testing Mon Feb 04 03:26:55 UTC 2019 /home/travis/build/icyphy/ptII/ptolemy/actor/lib/test/auto/Router.xml
----------------- Instantiating /home/travis/build/icyphy/ptII/ptolemy/actor/lib/test/auto/Router.xml
3004 ms. Memory: 1769472K Free: 1434983K (81%)
----------------- Invoking toplevel() on ptolemy.moml.MoMLSimpleApplication@23ae840a
----------------- Done invoking toplevel() on ptolemy.moml.MoMLSimpleApplication@23ae840a
reloadAllAccessors: .Router

===========================================================================================
----------------- testing Mon Feb 04 03:26:58 UTC 2019 /home/travis/build/icyphy/ptII/ptolemy/actor/lib/test/auto/Router2.xml
----------------- Instantiating /home/travis/build/icyphy/ptII/ptolemy/actor/lib/test/auto/Router2.xml
3003 ms. Memory: 1769472K Free: 1414474K (80%)
----------------- Invoking toplevel() on ptolemy.moml.MoMLSimpleApplication@65794d37
----------------- Done invoking toplevel() on ptolemy.moml.MoMLSimpleApplication@65794d37
reloadAllAccessors: .Router2

===========================================================================================
----------------- testing Mon Feb 04 03:27:01 UTC 2019 /home/travis/build/icyphy/ptII/ptolemy/actor/lib/test/auto/RunningMaximum.xml
----------------- Instantiating /home/travis/build/icyphy/ptII/ptolemy/actor/lib/test/auto/RunningMaximum.xml
1 ms. Memory: 1769472K Free: 1397952K (79%)
----------------- Invoking toplevel() on ptolemy.moml.MoMLSimpleApplication@6fbc3daf
----------------- Done invoking toplevel() on ptolemy.moml.MoMLSimpleApplication@6fbc3daf
reloadAllAccessors: .RunningMaximum

===========================================================================================
----------------- testing Mon Feb 04 03:27:01 UTC 2019 /home/travis/build/icyphy/ptII/ptolemy/actor/lib/test/auto/RunningMinimum.xml
----------------- Instantiating /home/travis/build/icyphy/ptII/ptolemy/actor/lib/test/auto/RunningMinimum.xml
1 ms. Memory: 1769472K Free: 1377442K (78%)
----------------- Invoking toplevel() on ptolemy.moml.MoMLSimpleApplication@4b19a0f7
----------------- Done invoking toplevel() on ptolemy.moml.MoMLSimpleApplication@4b19a0f7
reloadAllAccessors: .RunningMinimum

===========================================================================================
----------------- testing Mon Feb 04 03:27:01 UTC 2019 /home/travis/build/icyphy/ptII/ptolemy/actor/lib/test/auto/Scale.xml
----------------- Instantiating /home/travis/build/icyphy/ptII/ptolemy/actor/lib/test/auto/Scale.xml
1 ms. Memory: 1769472K Free: 1356932K (77%)
----------------- Invoking toplevel() on ptolemy.moml.MoMLSimpleApplication@290c3131
----------------- Done invoking toplevel() on ptolemy.moml.MoMLSimpleApplication@290c3131
reloadAllAccessors: .Scale

===========================================================================================
----------------- testing Mon Feb 04 03:27:01 UTC 2019 /home/travis/build/icyphy/ptII/ptolemy/actor/lib/test/auto/Scale2.xml
----------------- Instantiating /home/travis/build/icyphy/ptII/ptolemy/actor/lib/test/auto/Scale2.xml
2 ms. Memory: 1769472K Free: 1340410K (76%)
----------------- Invoking toplevel() on ptolemy.moml.MoMLSimpleApplication@50cebec0
----------------- Done invoking toplevel() on ptolemy.moml.MoMLSimpleApplication@50cebec0
reloadAllAccessors: .Scale2

===========================================================================================
----------------- testing Mon Feb 04 03:27:01 UTC 2019 /home/travis/build/icyphy/ptII/ptolemy/actor/lib/test/auto/Scale3.xml
----------------- Instantiating /home/travis/build/icyphy/ptII/ptolemy/actor/lib/test/auto/Scale3.xml
3 ms. Memory: 1769472K Free: 1319900K (75%)
----------------- Invoking toplevel() on ptolemy.moml.MoMLSimpleApplication@71da413a
----------------- Done invoking toplevel() on ptolemy.moml.MoMLSimpleApplication@71da413a
reloadAllAccessors: .Scale3

===========================================================================================
----------------- testing Mon Feb 04 03:27:01 UTC 2019 /home/travis/build/icyphy/ptII/ptolemy/actor/lib/test/auto/ScaleArray.xml
----------------- Instantiating /home/travis/build/icyphy/ptII/ptolemy/actor/lib/test/auto/ScaleArray.xml
2 ms. Memory: 1769472K Free: 1303378K (74%)
----------------- Invoking toplevel() on ptolemy.moml.MoMLSimpleApplication@2176fcf3
----------------- Done invoking toplevel() on ptolemy.moml.MoMLSimpleApplication@2176fcf3
reloadAllAccessors: .ScaleArray

===========================================================================================
----------------- testing Mon Feb 04 03:27:01 UTC 2019 /home/travis/build/icyphy/ptII/ptolemy/actor/lib/test/auto/ScaleArray2.xml
----------------- Instantiating /home/travis/build/icyphy/ptII/ptolemy/actor/lib/test/auto/ScaleArray2.xml
1 ms. Memory: 1769472K Free: 1282868K (73%)
----------------- Invoking toplevel() on ptolemy.moml.MoMLSimpleApplication@305f12ab
----------------- Done invoking toplevel() on ptolemy.moml.MoMLSimpleApplication@305f12ab
reloadAllAccessors: .ScaleArray2

===========================================================================================
----------------- testing Mon Feb 04 03:27:01 UTC 2019 /home/travis/build/icyphy/ptII/ptolemy/actor/lib/test/auto/ScaleMatrix.xml
----------------- Instantiating /home/travis/build/icyphy/ptII/ptolemy/actor/lib/test/auto/ScaleMatrix.xml
96 ms. Memory: 1769472K Free: 1254036K (71%)
----------------- Invoking toplevel() on ptolemy.moml.MoMLSimpleApplication@2caa5da8
----------------- Done invoking toplevel() on ptolemy.moml.MoMLSimpleApplication@2caa5da8
reloadAllAccessors: .ScaleMatrix

===========================================================================================
----------------- testing Mon Feb 04 03:27:01 UTC 2019 /home/travis/build/icyphy/ptII/ptolemy/actor/lib/test/auto/Select.xml
----------------- Instantiating /home/travis/build/icyphy/ptII/ptolemy/actor/lib/test/auto/Select.xml
2 ms. Memory: 1769472K Free: 1237513K (70%)
----------------- Invoking toplevel() on ptolemy.moml.MoMLSimpleApplication@2c45b518
----------------- Done invoking toplevel() on ptolemy.moml.MoMLSimpleApplication@2c45b518
reloadAllAccessors: .Select

===========================================================================================
----------------- testing Mon Feb 04 03:27:01 UTC 2019 /home/travis/build/icyphy/ptII/ptolemy/actor/lib/test/auto/Select2.xml
----------------- Instantiating /home/travis/build/icyphy/ptII/ptolemy/actor/lib/test/auto/Select2.xml
1 ms. Memory: 1769472K Free: 1217004K (69%)
----------------- Invoking toplevel() on ptolemy.moml.MoMLSimpleApplication@40be23
----------------- Done invoking toplevel() on ptolemy.moml.MoMLSimpleApplication@40be23
reloadAllAccessors: .Select2

===========================================================================================
----------------- testing Mon Feb 04 03:27:01 UTC 2019 /home/travis/build/icyphy/ptII/ptolemy/actor/lib/test/auto/SequenceToArray2.xml
----------------- Instantiating /home/travis/build/icyphy/ptII/ptolemy/actor/lib/test/auto/SequenceToArray2.xml
94 ms. Memory: 1769472K Free: 1113883K (63%)
----------------- Invoking toplevel() on ptolemy.moml.MoMLSimpleApplication@2dfb2009
----------------- Done invoking toplevel() on ptolemy.moml.MoMLSimpleApplication@2dfb2009
reloadAllAccessors: .SequenceToArray2

===========================================================================================
----------------- testing Mon Feb 04 03:27:01 UTC 2019 /home/travis/build/icyphy/ptII/ptolemy/actor/lib/test/auto/SequentialClock.xml
----------------- Instantiating /home/travis/build/icyphy/ptII/ptolemy/actor/lib/test/auto/SequentialClock.xml
1 ms. Memory: 1769472K Free: 1097360K (62%)
----------------- Invoking toplevel() on ptolemy.moml.MoMLSimpleApplication@41751eca
----------------- Done invoking toplevel() on ptolemy.moml.MoMLSimpleApplication@41751eca
reloadAllAccessors: .SequentialClock

===========================================================================================
----------------- testing Mon Feb 04 03:27:01 UTC 2019 /home/travis/build/icyphy/ptII/ptolemy/actor/lib/test/auto/SetVariable.xml
----------------- Instantiating /home/travis/build/icyphy/ptII/ptolemy/actor/lib/test/auto/SetVariable.xml
4 ms. Memory: 1769472K Free: 1076851K (61%)
----------------- Invoking toplevel() on ptolemy.moml.MoMLSimpleApplication@6fa92d0a
----------------- Done invoking toplevel() on ptolemy.moml.MoMLSimpleApplication@6fa92d0a
reloadAllAccessors: .SetVariable

===========================================================================================
----------------- testing Mon Feb 04 03:27:01 UTC 2019 /home/travis/build/icyphy/ptII/ptolemy/actor/lib/test/auto/SetVariable2.xml
----------------- Instantiating /home/travis/build/icyphy/ptII/ptolemy/actor/lib/test/auto/SetVariable2.xml
4 ms. Memory: 1769472K Free: 1060329K (60%)
----------------- Invoking toplevel() on ptolemy.moml.MoMLSimpleApplication@79ee1fa1
----------------- Done invoking toplevel() on ptolemy.moml.MoMLSimpleApplication@79ee1fa1
reloadAllAccessors: .SetVariable2

===========================================================================================
----------------- testing Mon Feb 04 03:27:01 UTC 2019 /home/travis/build/icyphy/ptII/ptolemy/actor/lib/test/auto/SetVariable3.xml
----------------- Instantiating /home/travis/build/icyphy/ptII/ptolemy/actor/lib/test/auto/SetVariable3.xml
9 ms. Memory: 1769472K Free: 1039819K (59%)
----------------- Invoking toplevel() on ptolemy.moml.MoMLSimpleApplication@1a0ebe24
----------------- Done invoking toplevel() on ptolemy.moml.MoMLSimpleApplication@1a0ebe24
reloadAllAccessors: .SetVariable3

===========================================================================================
----------------- testing Mon Feb 04 03:27:01 UTC 2019 /home/travis/build/icyphy/ptII/ptolemy/actor/lib/test/auto/SetVariable4.xml
----------------- Instantiating /home/travis/build/icyphy/ptII/ptolemy/actor/lib/test/auto/SetVariable4.xml
23 ms. Memory: 1769472K Free: 961481K (54%)
----------------- Invoking toplevel() on ptolemy.moml.MoMLSimpleApplication@7d34461e
----------------- Done invoking toplevel() on ptolemy.moml.MoMLSimpleApplication@7d34461e
reloadAllAccessors: .SetVariable4

===========================================================================================
----------------- testing Mon Feb 04 03:27:01 UTC 2019 /home/travis/build/icyphy/ptII/ptolemy/actor/lib/test/auto/SetVariable5.xml
----------------- Instantiating /home/travis/build/icyphy/ptII/ptolemy/actor/lib/test/auto/SetVariable5.xml
7 ms. Memory: 1769472K Free: 944959K (53%)
----------------- Invoking toplevel() on ptolemy.moml.MoMLSimpleApplication@611868a6
----------------- Done invoking toplevel() on ptolemy.moml.MoMLSimpleApplication@611868a6
reloadAllAccessors: .SetVariable5

===========================================================================================
----------------- testing Mon Feb 04 03:27:01 UTC 2019 /home/travis/build/icyphy/ptII/ptolemy/actor/lib/test/auto/Sinewave.xml
----------------- Instantiating /home/travis/build/icyphy/ptII/ptolemy/actor/lib/test/auto/Sinewave.xml
4 ms. Memory: 1769472K Free: 924449K (52%)
----------------- Invoking toplevel() on ptolemy.moml.MoMLSimpleApplication@2c2b0958
----------------- Done invoking toplevel() on ptolemy.moml.MoMLSimpleApplication@2c2b0958
reloadAllAccessors: .Sinewave

===========================================================================================
----------------- testing Mon Feb 04 03:27:01 UTC 2019 /home/travis/build/icyphy/ptII/ptolemy/actor/lib/test/auto/Sinewave2.xml
----------------- Instantiating /home/travis/build/icyphy/ptII/ptolemy/actor/lib/test/auto/Sinewave2.xml
4 ms. Memory: 1769472K Free: 903939K (51%)
----------------- Invoking toplevel() on ptolemy.moml.MoMLSimpleApplication@21f941a4
----------------- Done invoking toplevel() on ptolemy.moml.MoMLSimpleApplication@21f941a4
reloadAllAccessors: .Sinewave2

===========================================================================================
----------------- testing Mon Feb 04 03:27:01 UTC 2019 /home/travis/build/icyphy/ptII/ptolemy/actor/lib/test/auto/Sinewave3.xml
----------------- Instantiating /home/travis/build/icyphy/ptII/ptolemy/actor/lib/test/auto/Sinewave3.xml
5 ms. Memory: 1769472K Free: 887417K (50%)
----------------- Invoking toplevel() on ptolemy.moml.MoMLSimpleApplication@28f5e8ee
----------------- Done invoking toplevel() on ptolemy.moml.MoMLSimpleApplication@28f5e8ee
reloadAllAccessors: .Sinewave3

===========================================================================================
----------------- testing Mon Feb 04 03:27:01 UTC 2019 /home/travis/build/icyphy/ptII/ptolemy/actor/lib/test/auto/SingleEvent.xml
----------------- Instantiating /home/travis/build/icyphy/ptII/ptolemy/actor/lib/test/auto/SingleEvent.xml
0 ms. Memory: 1769472K Free: 866907K (49%)
----------------- Invoking toplevel() on ptolemy.moml.MoMLSimpleApplication@494bef4
----------------- Done invoking toplevel() on ptolemy.moml.MoMLSimpleApplication@494bef4
reloadAllAccessors: .SingleEvent

===========================================================================================
----------------- testing Mon Feb 04 03:27:01 UTC 2019 /home/travis/build/icyphy/ptII/ptolemy/actor/lib/test/auto/Sleep.xml
----------------- Instantiating /home/travis/build/icyphy/ptII/ptolemy/actor/lib/test/auto/Sleep.xml
6004 ms. Memory: 1769472K Free: 850385K (48%)
----------------- Invoking toplevel() on ptolemy.moml.MoMLSimpleApplication@7b70701e
----------------- Done invoking toplevel() on ptolemy.moml.MoMLSimpleApplication@7b70701e
reloadAllAccessors: .Sleep

===========================================================================================
----------------- testing Mon Feb 04 03:27:08 UTC 2019 /home/travis/build/icyphy/ptII/ptolemy/actor/lib/test/auto/SleepMultipleFire.xml
----------------- Instantiating /home/travis/build/icyphy/ptII/ptolemy/actor/lib/test/auto/SleepMultipleFire.xml
1004 ms. Memory: 1769472K Free: 829876K (47%)
----------------- Invoking toplevel() on ptolemy.moml.MoMLSimpleApplication@3a59d347
----------------- Done invoking toplevel() on ptolemy.moml.MoMLSimpleApplication@3a59d347
reloadAllAccessors: .SleepMultipleFire

===========================================================================================
----------------- testing Mon Feb 04 03:27:09 UTC 2019 /home/travis/build/icyphy/ptII/ptolemy/actor/lib/test/auto/StopDE.xml
----------------- Instantiating /home/travis/build/icyphy/ptII/ptolemy/actor/lib/test/auto/StopDE.xml
2 ms. Memory: 1769472K Free: 809366K (46%)
----------------- Invoking toplevel() on ptolemy.moml.MoMLSimpleApplication@9592e15
----------------- Done invoking toplevel() on ptolemy.moml.MoMLSimpleApplication@9592e15
reloadAllAccessors: .StopDE

===========================================================================================
----------------- testing Mon Feb 04 03:27:09 UTC 2019 /home/travis/build/icyphy/ptII/ptolemy/actor/lib/test/auto/StopSDF.xml
----------------- Instantiating /home/travis/build/icyphy/ptII/ptolemy/actor/lib/test/auto/StopSDF.xml
2 ms. Memory: 1769472K Free: 792844K (45%)
----------------- Invoking toplevel() on ptolemy.moml.MoMLSimpleApplication@782a38b9
----------------- Done invoking toplevel() on ptolemy.moml.MoMLSimpleApplication@782a38b9
reloadAllAccessors: .StopSDF

===========================================================================================
----------------- testing Mon Feb 04 03:27:09 UTC 2019 /home/travis/build/icyphy/ptII/ptolemy/actor/lib/test/auto/StringConstant.xml
----------------- Instantiating /home/travis/build/icyphy/ptII/ptolemy/actor/lib/test/auto/StringConstant.xml
1 ms. Memory: 1769472K Free: 772334K (44%)
----------------- Invoking toplevel() on ptolemy.moml.MoMLSimpleApplication@ab5b636
----------------- Done invoking toplevel() on ptolemy.moml.MoMLSimpleApplication@ab5b636
reloadAllAccessors: .StringConstant

===========================================================================================
----------------- testing Mon Feb 04 03:27:09 UTC 2019 /home/travis/build/icyphy/ptII/ptolemy/actor/lib/test/auto/SubscriberPortInitialValues1.xml
----------------- Instantiating /home/travis/build/icyphy/ptII/ptolemy/actor/lib/test/auto/SubscriberPortInitialValues1.xml
4 ms. Memory: 1769472K Free: 751824K (42%)
----------------- Invoking toplevel() on ptolemy.moml.MoMLSimpleApplication@9e2e218
----------------- Done invoking toplevel() on ptolemy.moml.MoMLSimpleApplication@9e2e218
reloadAllAccessors: .SubscriberPortInitialValues1

===========================================================================================
----------------- testing Mon Feb 04 03:27:09 UTC 2019 /home/travis/build/icyphy/ptII/ptolemy/actor/lib/test/auto/SubscriberPortInitialValues13.xml
----------------- Instantiating /home/travis/build/icyphy/ptII/ptolemy/actor/lib/test/auto/SubscriberPortInitialValues13.xml
4 ms. Memory: 1769472K Free: 727025K (41%)
----------------- Invoking toplevel() on ptolemy.moml.MoMLSimpleApplication@3ab8c915
----------------- Done invoking toplevel() on ptolemy.moml.MoMLSimpleApplication@3ab8c915
reloadAllAccessors: .SubscriberPortInitialValues13

===========================================================================================
----------------- testing Mon Feb 04 03:27:09 UTC 2019 /home/travis/build/icyphy/ptII/ptolemy/actor/lib/test/auto/SubscriberPortInitialValues14.xml
----------------- Instantiating /home/travis/build/icyphy/ptII/ptolemy/actor/lib/test/auto/SubscriberPortInitialValues14.xml
3 ms. Memory: 1769472K Free: 706515K (40%)
----------------- Invoking toplevel() on ptolemy.moml.MoMLSimpleApplication@453cb962
----------------- Done invoking toplevel() on ptolemy.moml.MoMLSimpleApplication@453cb962
reloadAllAccessors: .SubscriberPortInitialValues14

===========================================================================================
----------------- testing Mon Feb 04 03:27:09 UTC 2019 /home/travis/build/icyphy/ptII/ptolemy/actor/lib/test/auto/SubscriberPortInitialValues2.xml
----------------- Instantiating /home/travis/build/icyphy/ptII/ptolemy/actor/lib/test/auto/SubscriberPortInitialValues2.xml
3 ms. Memory: 1769472K Free: 689993K (39%)
----------------- Invoking toplevel() on ptolemy.moml.MoMLSimpleApplication@3305d6ca
----------------- Done invoking toplevel() on ptolemy.moml.MoMLSimpleApplication@3305d6ca
reloadAllAccessors: .SubscriberPortInitialValues2

===========================================================================================
----------------- testing Mon Feb 04 03:27:09 UTC 2019 /home/travis/build/icyphy/ptII/ptolemy/actor/lib/test/auto/SubscriberPortInitialValues3.xml
----------------- Instantiating /home/travis/build/icyphy/ptII/ptolemy/actor/lib/test/auto/SubscriberPortInitialValues3.xml
4 ms. Memory: 1769472K Free: 669483K (38%)
----------------- Invoking toplevel() on ptolemy.moml.MoMLSimpleApplication@7225d3f
----------------- Done invoking toplevel() on ptolemy.moml.MoMLSimpleApplication@7225d3f
reloadAllAccessors: .SubscriberPortInitialValues3

===========================================================================================
----------------- testing Mon Feb 04 03:27:09 UTC 2019 /home/travis/build/icyphy/ptII/ptolemy/actor/lib/test/auto/SubscriptionAggregator.xml
----------------- Instantiating /home/travis/build/icyphy/ptII/ptolemy/actor/lib/test/auto/SubscriptionAggregator.xml
2 ms. Memory: 1769472K Free: 648973K (37%)
----------------- Invoking toplevel() on ptolemy.moml.MoMLSimpleApplication@614349b3
----------------- Done invoking toplevel() on ptolemy.moml.MoMLSimpleApplication@614349b3
reloadAllAccessors: .SubscriptionAggregator

===========================================================================================
----------------- testing Mon Feb 04 03:27:09 UTC 2019 /home/travis/build/icyphy/ptII/ptolemy/actor/lib/test/auto/SubscriptionAggregator2.xml
----------------- Instantiating /home/travis/build/icyphy/ptII/ptolemy/actor/lib/test/auto/SubscriptionAggregator2.xml
2 ms. Memory: 1769472K Free: 632451K (36%)
----------------- Invoking toplevel() on ptolemy.moml.MoMLSimpleApplication@42612a16
----------------- Done invoking toplevel() on ptolemy.moml.MoMLSimpleApplication@42612a16
reloadAllAccessors: .SubscriptionAggregator2

===========================================================================================
----------------- testing Mon Feb 04 03:27:09 UTC 2019 /home/travis/build/icyphy/ptII/ptolemy/actor/lib/test/auto/SubscriptionAggregator3.xml
----------------- Instantiating /home/travis/build/icyphy/ptII/ptolemy/actor/lib/test/auto/SubscriptionAggregator3.xml
2 ms. Memory: 1769472K Free: 611942K (35%)
----------------- Invoking toplevel() on ptolemy.moml.MoMLSimpleApplication@414f4f44
----------------- Done invoking toplevel() on ptolemy.moml.MoMLSimpleApplication@414f4f44
reloadAllAccessors: .SubscriptionAggregator3

===========================================================================================
----------------- testing Mon Feb 04 03:27:09 UTC 2019 /home/travis/build/icyphy/ptII/ptolemy/actor/lib/test/auto/SubscriptionAggregatorMultiply.xml
----------------- Instantiating /home/travis/build/icyphy/ptII/ptolemy/actor/lib/test/auto/SubscriptionAggregatorMultiply.xml
3 ms. Memory: 1769472K Free: 591432K (33%)
----------------- Invoking toplevel() on ptolemy.moml.MoMLSimpleApplication@767e19c9
----------------- Done invoking toplevel() on ptolemy.moml.MoMLSimpleApplication@767e19c9
reloadAllAccessors: .SubscriptionAggregatorMultiply

===========================================================================================
----------------- testing Mon Feb 04 03:27:09 UTC 2019 /home/travis/build/icyphy/ptII/ptolemy/actor/lib/test/auto/SubscriptionAggregatorPortMultiply1.xml
----------------- Instantiating /home/travis/build/icyphy/ptII/ptolemy/actor/lib/test/auto/SubscriptionAggregatorPortMultiply1.xml
4 ms. Memory: 1769472K Free: 574910K (32%)
----------------- Invoking toplevel() on ptolemy.moml.MoMLSimpleApplication@1f7c4938
----------------- Done invoking toplevel() on ptolemy.moml.MoMLSimpleApplication@1f7c4938
reloadAllAccessors: .SubscriptionAggregatorPortMultiply1

===========================================================================================
----------------- testing Mon Feb 04 03:27:09 UTC 2019 /home/travis/build/icyphy/ptII/ptolemy/actor/lib/test/auto/Switch.xml
----------------- Instantiating /home/travis/build/icyphy/ptII/ptolemy/actor/lib/test/auto/Switch.xml
4 ms. Memory: 1769472K Free: 504833K (29%)
----------------- Invoking toplevel() on ptolemy.moml.MoMLSimpleApplication@1cb2b28a
----------------- Done invoking toplevel() on ptolemy.moml.MoMLSimpleApplication@1cb2b28a
reloadAllAccessors: .Switch

===========================================================================================
----------------- testing Mon Feb 04 03:27:09 UTC 2019 /home/travis/build/icyphy/ptII/ptolemy/actor/lib/test/auto/Switch2.xml
----------------- Instantiating /home/travis/build/icyphy/ptII/ptolemy/actor/lib/test/auto/Switch2.xml
0 ms. Memory: 1769472K Free: 488311K (28%)
----------------- Invoking toplevel() on ptolemy.moml.MoMLSimpleApplication@11115633
----------------- Done invoking toplevel() on ptolemy.moml.MoMLSimpleApplication@11115633
reloadAllAccessors: .Switch2

===========================================================================================
----------------- testing Mon Feb 04 03:27:09 UTC 2019 /home/travis/build/icyphy/ptII/ptolemy/actor/lib/test/auto/SwitchDE.xml
----------------- Instantiating /home/travis/build/icyphy/ptII/ptolemy/actor/lib/test/auto/SwitchDE.xml
3 ms. Memory: 1769472K Free: 467801K (26%)
----------------- Invoking toplevel() on ptolemy.moml.MoMLSimpleApplication@6b876c0f
----------------- Done invoking toplevel() on ptolemy.moml.MoMLSimpleApplication@6b876c0f
reloadAllAccessors: .SwitchDE

===========================================================================================
----------------- testing Mon Feb 04 03:27:09 UTC 2019 /home/travis/build/icyphy/ptII/ptolemy/actor/lib/test/auto/SynchronizerDE.xml
----------------- Instantiating /home/travis/build/icyphy/ptII/ptolemy/actor/lib/test/auto/SynchronizerDE.xml
6 ms. Memory: 1769472K Free: 447291K (25%)
----------------- Invoking toplevel() on ptolemy.moml.MoMLSimpleApplication@30bfaee0
----------------- Done invoking toplevel() on ptolemy.moml.MoMLSimpleApplication@30bfaee0
reloadAllAccessors: .SynchronizerDE

===========================================================================================
----------------- testing Mon Feb 04 03:27:09 UTC 2019 /home/travis/build/icyphy/ptII/ptolemy/actor/lib/test/auto/Test.xml
----------------- Instantiating /home/travis/build/icyphy/ptII/ptolemy/actor/lib/test/auto/Test.xml
6 ms. Memory: 1769472K Free: 430769K (24%)
----------------- Invoking toplevel() on ptolemy.moml.MoMLSimpleApplication@72b96129
----------------- Done invoking toplevel() on ptolemy.moml.MoMLSimpleApplication@72b96129
reloadAllAccessors: .Test

===========================================================================================
----------------- testing Mon Feb 04 03:27:09 UTC 2019 /home/travis/build/icyphy/ptII/ptolemy/actor/lib/test/auto/TestExceptionAttribute1.xml
----------------- Instantiating /home/travis/build/icyphy/ptII/ptolemy/actor/lib/test/auto/TestExceptionAttribute1.xml
1 ms. Memory: 1769472K Free: 410259K (23%)
----------------- Invoking toplevel() on ptolemy.moml.MoMLSimpleApplication@24ec3f2f
----------------- Done invoking toplevel() on ptolemy.moml.MoMLSimpleApplication@24ec3f2f
reloadAllAccessors: .TestExceptionAttribute1

===========================================================================================
----------------- testing Mon Feb 04 03:27:09 UTC 2019 /home/travis/build/icyphy/ptII/ptolemy/actor/lib/test/auto/TestExceptionAttribute2.xml
----------------- Instantiating /home/travis/build/icyphy/ptII/ptolemy/actor/lib/test/auto/TestExceptionAttribute2.xml
1 ms. Memory: 1769472K Free: 389750K (22%)
----------------- Invoking toplevel() on ptolemy.moml.MoMLSimpleApplication@5d3172da
----------------- Done invoking toplevel() on ptolemy.moml.MoMLSimpleApplication@5d3172da
reloadAllAccessors: .TestExceptionAttribute2

===========================================================================================
----------------- testing Mon Feb 04 03:27:09 UTC 2019 /home/travis/build/icyphy/ptII/ptolemy/actor/lib/test/auto/TestExceptionAttribute3.xml
----------------- Instantiating /home/travis/build/icyphy/ptII/ptolemy/actor/lib/test/auto/TestExceptionAttribute3.xml
.TestExceptionAttribute3.TestExceptionAttribute: initialize() was not invoked, but wrapup() was.  This is unusual, but not always a problem.  For example, exporting JNLP will do this.
1 ms. Memory: 1769472K Free: 373228K (21%)
----------------- Invoking toplevel() on ptolemy.moml.MoMLSimpleApplication@6062f24a
----------------- Done invoking toplevel() on ptolemy.moml.MoMLSimpleApplication@6062f24a
reloadAllAccessors: .TestExceptionAttribute3

===========================================================================================
----------------- testing Mon Feb 04 03:27:09 UTC 2019 /home/travis/build/icyphy/ptII/ptolemy/actor/lib/test/auto/TestExceptionAttribute4.xml
----------------- Instantiating /home/travis/build/icyphy/ptII/ptolemy/actor/lib/test/auto/TestExceptionAttribute4.xml
.TestExceptionAttribute4.TestExceptionAttribute: initialize() was not invoked, but wrapup() was.  This is unusual, but not always a problem.  For example, exporting JNLP will do this.
.TestExceptionAttribute4.TestExceptionAttribute2: initialize() was not invoked, but wrapup() was.  This is unusual, but not always a problem.  For example, exporting JNLP will do this.
0 ms. Memory: 1769472K Free: 352718K (20%)
----------------- Invoking toplevel() on ptolemy.moml.MoMLSimpleApplication@4e2b3a93
----------------- Done invoking toplevel() on ptolemy.moml.MoMLSimpleApplication@4e2b3a93
reloadAllAccessors: .TestExceptionAttribute4

===========================================================================================
----------------- testing Mon Feb 04 03:27:09 UTC 2019 /home/travis/build/icyphy/ptII/ptolemy/actor/lib/test/auto/TestExceptionHandler1.xml
----------------- Instantiating /home/travis/build/icyphy/ptII/ptolemy/actor/lib/test/auto/TestExceptionHandler1.xml
1 ms. Memory: 1769472K Free: 336196K (19%)
----------------- Invoking toplevel() on ptolemy.moml.MoMLSimpleApplication@24eeae7
----------------- Done invoking toplevel() on ptolemy.moml.MoMLSimpleApplication@24eeae7
reloadAllAccessors: .TestExceptionHandler1

===========================================================================================
----------------- testing Mon Feb 04 03:27:09 UTC 2019 /home/travis/build/icyphy/ptII/ptolemy/actor/lib/test/auto/TestExceptionHandler2.xml
----------------- Instantiating /home/travis/build/icyphy/ptII/ptolemy/actor/lib/test/auto/TestExceptionHandler2.xml
0 ms. Memory: 1769472K Free: 315686K (18%)
----------------- Invoking toplevel() on ptolemy.moml.MoMLSimpleApplication@275b4e7f
----------------- Done invoking toplevel() on ptolemy.moml.MoMLSimpleApplication@275b4e7f
reloadAllAccessors: .TestExceptionHandler2

===========================================================================================
----------------- testing Mon Feb 04 03:27:09 UTC 2019 /home/travis/build/icyphy/ptII/ptolemy/actor/lib/test/auto/TestExceptionHandler3.xml
----------------- Instantiating /home/travis/build/icyphy/ptII/ptolemy/actor/lib/test/auto/TestExceptionHandler3.xml
1 ms. Memory: 1769472K Free: 295176K (17%)
----------------- Invoking toplevel() on ptolemy.moml.MoMLSimpleApplication@7bea4e02
----------------- Done invoking toplevel() on ptolemy.moml.MoMLSimpleApplication@7bea4e02
reloadAllAccessors: .TestExceptionHandler3

===========================================================================================
----------------- testing Mon Feb 04 03:27:09 UTC 2019 /home/travis/build/icyphy/ptII/ptolemy/actor/lib/test/auto/TestExceptionHandler4.xml
----------------- Instantiating /home/travis/build/icyphy/ptII/ptolemy/actor/lib/test/auto/TestExceptionHandler4.xml
1 ms. Memory: 1769472K Free: 278654K (16%)
----------------- Invoking toplevel() on ptolemy.moml.MoMLSimpleApplication@24c0aaa9
----------------- Done invoking toplevel() on ptolemy.moml.MoMLSimpleApplication@24c0aaa9
reloadAllAccessors: .TestExceptionHandler4

===========================================================================================
----------------- testing Mon Feb 04 03:27:09 UTC 2019 /home/travis/build/icyphy/ptII/ptolemy/actor/lib/test/auto/TestRequireCorrectOrder.xml
----------------- Instantiating /home/travis/build/icyphy/ptII/ptolemy/actor/lib/test/auto/TestRequireCorrectOrder.xml
2 ms. Memory: 1769472K Free: 258144K (15%)
----------------- Invoking toplevel() on ptolemy.moml.MoMLSimpleApplication@96cf35e
----------------- Done invoking toplevel() on ptolemy.moml.MoMLSimpleApplication@96cf35e
reloadAllAccessors: .TestRequireCorrectOrder

===========================================================================================
----------------- testing Mon Feb 04 03:27:09 UTC 2019 /home/travis/build/icyphy/ptII/ptolemy/actor/lib/test/auto/TestSimple.xml
----------------- Instantiating /home/travis/build/icyphy/ptII/ptolemy/actor/lib/test/auto/TestSimple.xml
1 ms. Memory: 1769472K Free: 237635K (13%)
----------------- Invoking toplevel() on ptolemy.moml.MoMLSimpleApplication@512a9318
----------------- Done invoking toplevel() on ptolemy.moml.MoMLSimpleApplication@512a9318
reloadAllAccessors: .TestSimple

===========================================================================================
----------------- testing Mon Feb 04 03:27:09 UTC 2019 /home/travis/build/icyphy/ptII/ptolemy/actor/lib/test/auto/ThrowModelError.xml
----------------- Instantiating /home/travis/build/icyphy/ptII/ptolemy/actor/lib/test/auto/ThrowModelError.xml
1 ms. Memory: 1769472K Free: 221112K (12%)
----------------- Invoking toplevel() on ptolemy.moml.MoMLSimpleApplication@23c6e32c
----------------- Done invoking toplevel() on ptolemy.moml.MoMLSimpleApplication@23c6e32c
reloadAllAccessors: .ThrowModelError

===========================================================================================
----------------- testing Mon Feb 04 03:27:09 UTC 2019 /home/travis/build/icyphy/ptII/ptolemy/actor/lib/test/auto/TimeDelayMicrosteps.xml
----------------- Instantiating /home/travis/build/icyphy/ptII/ptolemy/actor/lib/test/auto/TimeDelayMicrosteps.xml
2 ms. Memory: 1769472K Free: 200602K (11%)
----------------- Invoking toplevel() on ptolemy.moml.MoMLSimpleApplication@3a12b1b7
----------------- Done invoking toplevel() on ptolemy.moml.MoMLSimpleApplication@3a12b1b7
reloadAllAccessors: .TimeDelayMicrosteps

===========================================================================================
----------------- testing Mon Feb 04 03:27:09 UTC 2019 /home/travis/build/icyphy/ptII/ptolemy/actor/lib/test/auto/TimeDelayMicrosteps2.xml
----------------- Instantiating /home/travis/build/icyphy/ptII/ptolemy/actor/lib/test/auto/TimeDelayMicrosteps2.xml
2 ms. Memory: 1769472K Free: 184080K (10%)
----------------- Invoking toplevel() on ptolemy.moml.MoMLSimpleApplication@411d90e8
----------------- Done invoking toplevel() on ptolemy.moml.MoMLSimpleApplication@411d90e8
reloadAllAccessors: .TimeDelayMicrosteps2

===========================================================================================
----------------- testing Mon Feb 04 03:27:09 UTC 2019 /home/travis/build/icyphy/ptII/ptolemy/actor/lib/test/auto/TimeDelayMicrosteps3.xml
----------------- Instantiating /home/travis/build/icyphy/ptII/ptolemy/actor/lib/test/auto/TimeDelayMicrosteps3.xml
2 ms. Memory: 1769472K Free: 163570K (9%)
----------------- Invoking toplevel() on ptolemy.moml.MoMLSimpleApplication@2a165969
----------------- Done invoking toplevel() on ptolemy.moml.MoMLSimpleApplication@2a165969
reloadAllAccessors: .TimeDelayMicrosteps3

===========================================================================================
----------------- testing Mon Feb 04 03:27:09 UTC 2019 /home/travis/build/icyphy/ptII/ptolemy/actor/lib/test/auto/TimeDelayVariableMicrosteps.xml
----------------- Instantiating /home/travis/build/icyphy/ptII/ptolemy/actor/lib/test/auto/TimeDelayVariableMicrosteps.xml
2 ms. Memory: 1769472K Free: 143061K (8%)
----------------- Invoking toplevel() on ptolemy.moml.MoMLSimpleApplication@2d030923
----------------- Done invoking toplevel() on ptolemy.moml.MoMLSimpleApplication@2d030923
reloadAllAccessors: .TimeDelayVariableMicrosteps

===========================================================================================
----------------- testing Mon Feb 04 03:27:09 UTC 2019 /home/travis/build/icyphy/ptII/ptolemy/actor/lib/test/auto/TimeGap.xml
----------------- Instantiating /home/travis/build/icyphy/ptII/ptolemy/actor/lib/test/auto/TimeGap.xml
2 ms. Memory: 1769472K Free: 126538K (7%)
----------------- Invoking toplevel() on ptolemy.moml.MoMLSimpleApplication@11a32778
----------------- Done invoking toplevel() on ptolemy.moml.MoMLSimpleApplication@11a32778
reloadAllAccessors: .TimeGap

===========================================================================================
----------------- testing Mon Feb 04 03:27:09 UTC 2019 /home/travis/build/icyphy/ptII/ptolemy/actor/lib/test/auto/TimeGap2.xml
----------------- Instantiating /home/travis/build/icyphy/ptII/ptolemy/actor/lib/test/auto/TimeGap2.xml
2 ms. Memory: 1769472K Free: 106029K (6%)
----------------- Invoking toplevel() on ptolemy.moml.MoMLSimpleApplication@605883e8
----------------- Done invoking toplevel() on ptolemy.moml.MoMLSimpleApplication@605883e8
reloadAllAccessors: .TimeGap2

===========================================================================================
----------------- testing Mon Feb 04 03:27:09 UTC 2019 /home/travis/build/icyphy/ptII/ptolemy/actor/lib/test/auto/TimedSinewave.xml
----------------- Instantiating /home/travis/build/icyphy/ptII/ptolemy/actor/lib/test/auto/TimedSinewave.xml
13 ms. Memory: 1769472K Free: 78588K (4%)
----------------- Invoking toplevel() on ptolemy.moml.MoMLSimpleApplication@25a0744f
----------------- Done invoking toplevel() on ptolemy.moml.MoMLSimpleApplication@25a0744f
reloadAllAccessors: .TimedSinewave

===========================================================================================
----------------- testing Mon Feb 04 03:27:09 UTC 2019 /home/travis/build/icyphy/ptII/ptolemy/actor/lib/test/auto/TimedSinewavePhase.xml
----------------- Instantiating /home/travis/build/icyphy/ptII/ptolemy/actor/lib/test/auto/TimedSinewavePhase.xml
8 ms. Memory: 1787904K Free: 1727266K (97%)
----------------- Invoking toplevel() on ptolemy.moml.MoMLSimpleApplication@7febf67d
----------------- Done invoking toplevel() on ptolemy.moml.MoMLSimpleApplication@7febf67d
reloadAllAccessors: .TimedSinewavePhase

===========================================================================================
----------------- testing Mon Feb 04 03:27:09 UTC 2019 /home/travis/build/icyphy/ptII/ptolemy/actor/lib/test/auto/Timer.xml
----------------- Instantiating /home/travis/build/icyphy/ptII/ptolemy/actor/lib/test/auto/Timer.xml
2 ms. Memory: 1787904K Free: 1706708K (95%)
----------------- Invoking toplevel() on ptolemy.moml.MoMLSimpleApplication@47bdbfa7
----------------- Done invoking toplevel() on ptolemy.moml.MoMLSimpleApplication@47bdbfa7
reloadAllAccessors: .Timer

===========================================================================================
----------------- testing Mon Feb 04 03:27:09 UTC 2019 /home/travis/build/icyphy/ptII/ptolemy/actor/lib/test/auto/TriangularDistTestModel.xml
----------------- Instantiating /home/travis/build/icyphy/ptII/ptolemy/actor/lib/test/auto/TriangularDistTestModel.xml
2 ms. Memory: 1787904K Free: 1686150K (94%)
----------------- Invoking toplevel() on ptolemy.moml.MoMLSimpleApplication@7f4aef38
----------------- Done invoking toplevel() on ptolemy.moml.MoMLSimpleApplication@7f4aef38
reloadAllAccessors: .TriangularDistTestModel

===========================================================================================
----------------- testing Mon Feb 04 03:27:09 UTC 2019 /home/travis/build/icyphy/ptII/ptolemy/actor/lib/test/auto/TrigFunction.xml
----------------- Instantiating /home/travis/build/icyphy/ptII/ptolemy/actor/lib/test/auto/TrigFunction.xml
1 ms. Memory: 1787904K Free: 1669439K (93%)
----------------- Invoking toplevel() on ptolemy.moml.MoMLSimpleApplication@641fe920
----------------- Done invoking toplevel() on ptolemy.moml.MoMLSimpleApplication@641fe920
reloadAllAccessors: .TrigFunction

===========================================================================================
----------------- testing Mon Feb 04 03:27:09 UTC 2019 /home/travis/build/icyphy/ptII/ptolemy/actor/lib/test/auto/TrigFunctionDE.xml
----------------- Instantiating /home/travis/build/icyphy/ptII/ptolemy/actor/lib/test/auto/TrigFunctionDE.xml
1 ms. Memory: 1787904K Free: 1648841K (92%)
----------------- Invoking toplevel() on ptolemy.moml.MoMLSimpleApplication@77623cb8
----------------- Done invoking toplevel() on ptolemy.moml.MoMLSimpleApplication@77623cb8
reloadAllAccessors: .TrigFunctionDE

===========================================================================================
----------------- testing Mon Feb 04 03:27:09 UTC 2019 /home/travis/build/icyphy/ptII/ptolemy/actor/lib/test/auto/TrigFunctionInverse.xml
----------------- Instantiating /home/travis/build/icyphy/ptII/ptolemy/actor/lib/test/auto/TrigFunctionInverse.xml
1 ms. Memory: 1787904K Free: 1628283K (91%)
----------------- Invoking toplevel() on ptolemy.moml.MoMLSimpleApplication@746c6838
----------------- Done invoking toplevel() on ptolemy.moml.MoMLSimpleApplication@746c6838
reloadAllAccessors: .TrigFunctionInverse

===========================================================================================
----------------- testing Mon Feb 04 03:27:09 UTC 2019 /home/travis/build/icyphy/ptII/ptolemy/actor/lib/test/auto/TrigFunctionTan.xml
----------------- Instantiating /home/travis/build/icyphy/ptII/ptolemy/actor/lib/test/auto/TrigFunctionTan.xml
1 ms. Memory: 1787904K Free: 1611571K (90%)
----------------- Invoking toplevel() on ptolemy.moml.MoMLSimpleApplication@677c480b
----------------- Done invoking toplevel() on ptolemy.moml.MoMLSimpleApplication@677c480b
reloadAllAccessors: .TrigFunctionTan

===========================================================================================
----------------- testing Mon Feb 04 03:27:09 UTC 2019 /home/travis/build/icyphy/ptII/ptolemy/actor/lib/test/auto/TriggeredClock.xml
----------------- Instantiating /home/travis/build/icyphy/ptII/ptolemy/actor/lib/test/auto/TriggeredClock.xml
1 ms. Memory: 1787904K Free: 1591013K (89%)
----------------- Invoking toplevel() on ptolemy.moml.MoMLSimpleApplication@35857808
----------------- Done invoking toplevel() on ptolemy.moml.MoMLSimpleApplication@35857808
reloadAllAccessors: .TriggeredClock

===========================================================================================
----------------- testing Mon Feb 04 03:27:09 UTC 2019 /home/travis/build/icyphy/ptII/ptolemy/actor/lib/test/auto/URLDirectoryReader.xml
----------------- Instantiating /home/travis/build/icyphy/ptII/ptolemy/actor/lib/test/auto/URLDirectoryReader.xml
32 ms. Memory: 1787904K Free: 1570456K (88%)
----------------- Invoking toplevel() on ptolemy.moml.MoMLSimpleApplication@41288c61
----------------- Done invoking toplevel() on ptolemy.moml.MoMLSimpleApplication@41288c61
reloadAllAccessors: .URLDirectoryReader

===========================================================================================
----------------- testing Mon Feb 04 03:27:09 UTC 2019 /home/travis/build/icyphy/ptII/ptolemy/actor/lib/test/auto/URLDirectoryReader3.xml
----------------- Instantiating /home/travis/build/icyphy/ptII/ptolemy/actor/lib/test/auto/URLDirectoryReader3.xml
1088 ms. Memory: 1787904K Free: 1511965K (85%)
----------------- Invoking toplevel() on ptolemy.moml.MoMLSimpleApplication@109a59d7
----------------- Done invoking toplevel() on ptolemy.moml.MoMLSimpleApplication@109a59d7
reloadAllAccessors: .URLDirectoryReader3

===========================================================================================
----------------- testing Mon Feb 04 03:27:11 UTC 2019 /home/travis/build/icyphy/ptII/ptolemy/actor/lib/test/auto/UnaryMathFunction.xml
----------------- Instantiating /home/travis/build/icyphy/ptII/ptolemy/actor/lib/test/auto/UnaryMathFunction.xml
10 ms. Memory: 1787904K Free: 1491407K (83%)
----------------- Invoking toplevel() on ptolemy.moml.MoMLSimpleApplication@7c0cbf47
----------------- Done invoking toplevel() on ptolemy.moml.MoMLSimpleApplication@7c0cbf47
reloadAllAccessors: .UnaryMathFunction

===========================================================================================
----------------- testing Mon Feb 04 03:27:11 UTC 2019 /home/travis/build/icyphy/ptII/ptolemy/actor/lib/test/auto/Uniform.xml
----------------- Instantiating /home/travis/build/icyphy/ptII/ptolemy/actor/lib/test/auto/Uniform.xml
5 ms. Memory: 1787904K Free: 1470849K (82%)
----------------- Invoking toplevel() on ptolemy.moml.MoMLSimpleApplication@57281992
----------------- Done invoking toplevel() on ptolemy.moml.MoMLSimpleApplication@57281992
reloadAllAccessors: .Uniform

===========================================================================================
----------------- testing Mon Feb 04 03:27:11 UTC 2019 /home/travis/build/icyphy/ptII/ptolemy/actor/lib/test/auto/UnionDisassemblerTest.xml
----------------- Instantiating /home/travis/build/icyphy/ptII/ptolemy/actor/lib/test/auto/UnionDisassemblerTest.xml
10 ms. Memory: 1787904K Free: 1454137K (81%)
----------------- Invoking toplevel() on ptolemy.moml.MoMLSimpleApplication@bed907e
----------------- Done invoking toplevel() on ptolemy.moml.MoMLSimpleApplication@bed907e
reloadAllAccessors: .UnionDisassemblerTest

===========================================================================================
----------------- testing Mon Feb 04 03:27:11 UTC 2019 /home/travis/build/icyphy/ptII/ptolemy/actor/lib/test/auto/UtilityFunctions.xml
----------------- Instantiating /home/travis/build/icyphy/ptII/ptolemy/actor/lib/test/auto/UtilityFunctions.xml
9 ms. Memory: 1787904K Free: 1433579K (80%)
----------------- Invoking toplevel() on ptolemy.moml.MoMLSimpleApplication@8083b82
----------------- Done invoking toplevel() on ptolemy.moml.MoMLSimpleApplication@8083b82
reloadAllAccessors: .UtilityFunctions

===========================================================================================
----------------- testing Mon Feb 04 03:27:11 UTC 2019 /home/travis/build/icyphy/ptII/ptolemy/actor/lib/test/auto/VariableSleep.xml
----------------- Instantiating /home/travis/build/icyphy/ptII/ptolemy/actor/lib/test/auto/VariableSleep.xml
511 ms. Memory: 1787904K Free: 1413021K (79%)
----------------- Invoking toplevel() on ptolemy.moml.MoMLSimpleApplication@4f79ccce
----------------- Done invoking toplevel() on ptolemy.moml.MoMLSimpleApplication@4f79ccce
reloadAllAccessors: .VariableSleep

===========================================================================================
----------------- testing Mon Feb 04 03:27:11 UTC 2019 /home/travis/build/icyphy/ptII/ptolemy/actor/lib/test/auto/VectorAssemblerDisassemblerCT.xml
----------------- Instantiating /home/travis/build/icyphy/ptII/ptolemy/actor/lib/test/auto/VectorAssemblerDisassemblerCT.xml
68 ms. Memory: 1787904K Free: 1387954K (78%)
----------------- Invoking toplevel() on ptolemy.moml.MoMLSimpleApplication@2db1c5a3
----------------- Done invoking toplevel() on ptolemy.moml.MoMLSimpleApplication@2db1c5a3
reloadAllAccessors: .VectorAssemblerDisassemblerCT

===========================================================================================
----------------- testing Mon Feb 04 03:27:12 UTC 2019 /home/travis/build/icyphy/ptII/ptolemy/actor/lib/test/auto/VectorAssemblerDisassemblerDE.xml
----------------- Instantiating /home/travis/build/icyphy/ptII/ptolemy/actor/lib/test/auto/VectorAssemblerDisassemblerDE.xml
2 ms. Memory: 1787904K Free: 1367396K (76%)
----------------- Invoking toplevel() on ptolemy.moml.MoMLSimpleApplication@6838f881
----------------- Done invoking toplevel() on ptolemy.moml.MoMLSimpleApplication@6838f881
reloadAllAccessors: .VectorAssemblerDisassemblerDE

===========================================================================================
----------------- testing Mon Feb 04 03:27:12 UTC 2019 /home/travis/build/icyphy/ptII/ptolemy/actor/lib/test/auto/VectorAssemblerDisassemblerSDF.xml
----------------- Instantiating /home/travis/build/icyphy/ptII/ptolemy/actor/lib/test/auto/VectorAssemblerDisassemblerSDF.xml
3 ms. Memory: 1787904K Free: 1346838K (75%)
----------------- Invoking toplevel() on ptolemy.moml.MoMLSimpleApplication@23e75636
----------------- Done invoking toplevel() on ptolemy.moml.MoMLSimpleApplication@23e75636
reloadAllAccessors: .VectorAssemblerDisassemblerSDF

===========================================================================================
----------------- testing Mon Feb 04 03:27:12 UTC 2019 /home/travis/build/icyphy/ptII/ptolemy/actor/lib/test/auto/WallClockTime.xml
----------------- Instantiating /home/travis/build/icyphy/ptII/ptolemy/actor/lib/test/auto/WallClockTime.xml
1004 ms. Memory: 1787904K Free: 1330126K (74%)
----------------- Invoking toplevel() on ptolemy.moml.MoMLSimpleApplication@7a293b7e
----------------- Done invoking toplevel() on ptolemy.moml.MoMLSimpleApplication@7a293b7e
reloadAllAccessors: .WallClockTime

===========================================================================================
----------------- testing Mon Feb 04 03:27:13 UTC 2019 /home/travis/build/icyphy/ptII/ptolemy/actor/lib/test/auto/WidthTestWithSubscriberPublisher.xml
----------------- Instantiating /home/travis/build/icyphy/ptII/ptolemy/actor/lib/test/auto/WidthTestWithSubscriberPublisher.xml
7 ms. Memory: 1787904K Free: 1301196K (73%)
----------------- Invoking toplevel() on ptolemy.moml.MoMLSimpleApplication@7095f3cd
----------------- Done invoking toplevel() on ptolemy.moml.MoMLSimpleApplication@7095f3cd
reloadAllAccessors: .WidthTestWithSubscriberPublisher

===========================================================================================
----------------- testing Mon Feb 04 03:27:13 UTC 2019 /home/travis/build/icyphy/ptII/ptolemy/actor/lib/test/auto/WidthTestWithSubscriberPublisher2.xml
----------------- Instantiating /home/travis/build/icyphy/ptII/ptolemy/actor/lib/test/auto/WidthTestWithSubscriberPublisher2.xml
5 ms. Memory: 1787904K Free: 1280638K (72%)
----------------- Invoking toplevel() on ptolemy.moml.MoMLSimpleApplication@42b4197c
----------------- Done invoking toplevel() on ptolemy.moml.MoMLSimpleApplication@42b4197c
reloadAllAccessors: .WidthTestWithSubscriberPublisher2

===========================================================================================
----------------- testing Mon Feb 04 03:27:13 UTC 2019 /home/travis/build/icyphy/ptII/ptolemy/actor/lib/test/auto/WidthTestWithSubscriberPublisher3.xml
----------------- Instantiating /home/travis/build/icyphy/ptII/ptolemy/actor/lib/test/auto/WidthTestWithSubscriberPublisher3.xml
3 ms. Memory: 1787904K Free: 1263927K (71%)
----------------- Invoking toplevel() on ptolemy.moml.MoMLSimpleApplication@74ad4764
----------------- Done invoking toplevel() on ptolemy.moml.MoMLSimpleApplication@74ad4764
reloadAllAccessors: .WidthTestWithSubscriberPublisher3

===========================================================================================
----------------- testing Mon Feb 04 03:27:13 UTC 2019 /home/travis/build/icyphy/ptII/ptolemy/actor/lib/test/auto/Writer.xml
----------------- Instantiating /home/travis/build/icyphy/ptII/ptolemy/actor/lib/test/auto/Writer.xml
0
1
2
3
4
1 ms. Memory: 1787904K Free: 1243369K (70%)
----------------- Invoking toplevel() on ptolemy.moml.MoMLSimpleApplication@d07aeb4
----------------- Done invoking toplevel() on ptolemy.moml.MoMLSimpleApplication@d07aeb4
reloadAllAccessors: .Writer

===========================================================================================
----------------- testing Mon Feb 04 03:27:13 UTC 2019 /home/travis/build/icyphy/ptII/ptolemy/actor/lib/test/auto/array.xml
----------------- Instantiating /home/travis/build/icyphy/ptII/ptolemy/actor/lib/test/auto/array.xml
1 ms. Memory: 1787904K Free: 1222811K (68%)
----------------- Invoking toplevel() on ptolemy.moml.MoMLSimpleApplication@7e699921
----------------- Done invoking toplevel() on ptolemy.moml.MoMLSimpleApplication@7e699921
reloadAllAccessors: .array

===========================================================================================
----------------- testing Mon Feb 04 03:27:13 UTC 2019 /home/travis/build/icyphy/ptII/ptolemy/actor/lib/test/auto/array2.xml
----------------- Instantiating /home/travis/build/icyphy/ptII/ptolemy/actor/lib/test/auto/array2.xml
6 ms. Memory: 1787904K Free: 1206100K (67%)
----------------- Invoking toplevel() on ptolemy.moml.MoMLSimpleApplication@29eba8c
----------------- Done invoking toplevel() on ptolemy.moml.MoMLSimpleApplication@29eba8c
reloadAllAccessors: .array2

===========================================================================================
----------------- testing Mon Feb 04 03:27:13 UTC 2019 /home/travis/build/icyphy/ptII/ptolemy/actor/lib/test/auto/arrayType.xml
----------------- Instantiating /home/travis/build/icyphy/ptII/ptolemy/actor/lib/test/auto/arrayType.xml
2 ms. Memory: 1787904K Free: 1185542K (66%)
----------------- Invoking toplevel() on ptolemy.moml.MoMLSimpleApplication@2f13269e
----------------- Done invoking toplevel() on ptolemy.moml.MoMLSimpleApplication@2f13269e
reloadAllAccessors: .arrayType

===========================================================================================
----------------- testing Mon Feb 04 03:27:13 UTC 2019 /home/travis/build/icyphy/ptII/ptolemy/actor/lib/test/auto/arrayType10.xml
----------------- Instantiating /home/travis/build/icyphy/ptII/ptolemy/actor/lib/test/auto/arrayType10.xml
1 ms. Memory: 1787904K Free: 1164984K (65%)
----------------- Invoking toplevel() on ptolemy.moml.MoMLSimpleApplication@2788ad64
----------------- Done invoking toplevel() on ptolemy.moml.MoMLSimpleApplication@2788ad64
reloadAllAccessors: .arrayType10

===========================================================================================
----------------- testing Mon Feb 04 03:27:13 UTC 2019 /home/travis/build/icyphy/ptII/ptolemy/actor/lib/test/auto/arrayType11.xml
----------------- Instantiating /home/travis/build/icyphy/ptII/ptolemy/actor/lib/test/auto/arrayType11.xml
1 ms. Memory: 1787904K Free: 1148272K (64%)
----------------- Invoking toplevel() on ptolemy.moml.MoMLSimpleApplication@383f4eec
----------------- Done invoking toplevel() on ptolemy.moml.MoMLSimpleApplication@383f4eec
reloadAllAccessors: .arrayType11

===========================================================================================
----------------- testing Mon Feb 04 03:27:13 UTC 2019 /home/travis/build/icyphy/ptII/ptolemy/actor/lib/test/auto/arrayType12.xml
----------------- Instantiating /home/travis/build/icyphy/ptII/ptolemy/actor/lib/test/auto/arrayType12.xml
1 ms. Memory: 1787904K Free: 1127715K (63%)
----------------- Invoking toplevel() on ptolemy.moml.MoMLSimpleApplication@64d52899
----------------- Done invoking toplevel() on ptolemy.moml.MoMLSimpleApplication@64d52899
reloadAllAccessors: .arrayType12

===========================================================================================
----------------- testing Mon Feb 04 03:27:13 UTC 2019 /home/travis/build/icyphy/ptII/ptolemy/actor/lib/test/auto/arrayType13.xml
----------------- Instantiating /home/travis/build/icyphy/ptII/ptolemy/actor/lib/test/auto/arrayType13.xml
1 ms. Memory: 1787904K Free: 1107157K (62%)
----------------- Invoking toplevel() on ptolemy.moml.MoMLSimpleApplication@2800e818
----------------- Done invoking toplevel() on ptolemy.moml.MoMLSimpleApplication@2800e818
reloadAllAccessors: .arrayType13

===========================================================================================
----------------- testing Mon Feb 04 03:27:13 UTC 2019 /home/travis/build/icyphy/ptII/ptolemy/actor/lib/test/auto/arrayType14.xml
----------------- Instantiating /home/travis/build/icyphy/ptII/ptolemy/actor/lib/test/auto/arrayType14.xml
1 ms. Memory: 1787904K Free: 1090445K (61%)
----------------- Invoking toplevel() on ptolemy.moml.MoMLSimpleApplication@7f467cec
----------------- Done invoking toplevel() on ptolemy.moml.MoMLSimpleApplication@7f467cec
reloadAllAccessors: .arrayType14

===========================================================================================
----------------- testing Mon Feb 04 03:27:13 UTC 2019 /home/travis/build/icyphy/ptII/ptolemy/actor/lib/test/auto/arrayType15.xml
----------------- Instantiating /home/travis/build/icyphy/ptII/ptolemy/actor/lib/test/auto/arrayType15.xml
3 ms. Memory: 1787904K Free: 1069887K (60%)
----------------- Invoking toplevel() on ptolemy.moml.MoMLSimpleApplication@3569e6c9
----------------- Done invoking toplevel() on ptolemy.moml.MoMLSimpleApplication@3569e6c9
reloadAllAccessors: .arrayType15

===========================================================================================
----------------- testing Mon Feb 04 03:27:13 UTC 2019 /home/travis/build/icyphy/ptII/ptolemy/actor/lib/test/auto/arrayType16.xml
----------------- Instantiating /home/travis/build/icyphy/ptII/ptolemy/actor/lib/test/auto/arrayType16.xml
1 ms. Memory: 1787904K Free: 1049329K (59%)
----------------- Invoking toplevel() on ptolemy.moml.MoMLSimpleApplication@3c007d3b
----------------- Done invoking toplevel() on ptolemy.moml.MoMLSimpleApplication@3c007d3b
reloadAllAccessors: .arrayType16

===========================================================================================
----------------- testing Mon Feb 04 03:27:13 UTC 2019 /home/travis/build/icyphy/ptII/ptolemy/actor/lib/test/auto/arrayType17.xml
----------------- Instantiating /home/travis/build/icyphy/ptII/ptolemy/actor/lib/test/auto/arrayType17.xml
1 ms. Memory: 1787904K Free: 1032618K (58%)
----------------- Invoking toplevel() on ptolemy.moml.MoMLSimpleApplication@36e4748e
----------------- Done invoking toplevel() on ptolemy.moml.MoMLSimpleApplication@36e4748e
reloadAllAccessors: .arrayType17

===========================================================================================
----------------- testing Mon Feb 04 03:27:13 UTC 2019 /home/travis/build/icyphy/ptII/ptolemy/actor/lib/test/auto/arrayType18.xml
----------------- Instantiating /home/travis/build/icyphy/ptII/ptolemy/actor/lib/test/auto/arrayType18.xml
3 ms. Memory: 1787904K Free: 1012060K (57%)
----------------- Invoking toplevel() on ptolemy.moml.MoMLSimpleApplication@67cfa975
----------------- Done invoking toplevel() on ptolemy.moml.MoMLSimpleApplication@67cfa975
reloadAllAccessors: .arrayType18

===========================================================================================
----------------- testing Mon Feb 04 03:27:13 UTC 2019 /home/travis/build/icyphy/ptII/ptolemy/actor/lib/test/auto/arrayType19.xml
----------------- Instantiating /home/travis/build/icyphy/ptII/ptolemy/actor/lib/test/auto/arrayType19.xml
1 ms. Memory: 1787904K Free: 991502K (55%)
----------------- Invoking toplevel() on ptolemy.moml.MoMLSimpleApplication@7d609a4
----------------- Done invoking toplevel() on ptolemy.moml.MoMLSimpleApplication@7d609a4
reloadAllAccessors: .arrayType19

===========================================================================================
----------------- testing Mon Feb 04 03:27:13 UTC 2019 /home/travis/build/icyphy/ptII/ptolemy/actor/lib/test/auto/arrayType2.xml
----------------- Instantiating /home/travis/build/icyphy/ptII/ptolemy/actor/lib/test/auto/arrayType2.xml
1 ms. Memory: 1787904K Free: 974790K (55%)
----------------- Invoking toplevel() on ptolemy.moml.MoMLSimpleApplication@50c26f7c
----------------- Done invoking toplevel() on ptolemy.moml.MoMLSimpleApplication@50c26f7c
reloadAllAccessors: .arrayType2

===========================================================================================
----------------- testing Mon Feb 04 03:27:13 UTC 2019 /home/travis/build/icyphy/ptII/ptolemy/actor/lib/test/auto/arrayType20.xml
----------------- Instantiating /home/travis/build/icyphy/ptII/ptolemy/actor/lib/test/auto/arrayType20.xml
2 ms. Memory: 1787904K Free: 954232K (53%)
----------------- Invoking toplevel() on ptolemy.moml.MoMLSimpleApplication@11f79b75
----------------- Done invoking toplevel() on ptolemy.moml.MoMLSimpleApplication@11f79b75
reloadAllAccessors: .arrayType20

===========================================================================================
----------------- testing Mon Feb 04 03:27:13 UTC 2019 /home/travis/build/icyphy/ptII/ptolemy/actor/lib/test/auto/arrayType21.xml
----------------- Instantiating /home/travis/build/icyphy/ptII/ptolemy/actor/lib/test/auto/arrayType21.xml
2 ms. Memory: 1787904K Free: 933674K (52%)
----------------- Invoking toplevel() on ptolemy.moml.MoMLSimpleApplication@5ae9da3a
----------------- Done invoking toplevel() on ptolemy.moml.MoMLSimpleApplication@5ae9da3a
reloadAllAccessors: .arrayType21

===========================================================================================
----------------- testing Mon Feb 04 03:27:13 UTC 2019 /home/travis/build/icyphy/ptII/ptolemy/actor/lib/test/auto/arrayType22.xml
----------------- Instantiating /home/travis/build/icyphy/ptII/ptolemy/actor/lib/test/auto/arrayType22.xml
1 ms. Memory: 1787904K Free: 916963K (51%)
----------------- Invoking toplevel() on ptolemy.moml.MoMLSimpleApplication@7a8ce1d3
----------------- Done invoking toplevel() on ptolemy.moml.MoMLSimpleApplication@7a8ce1d3
reloadAllAccessors: .arrayType22

===========================================================================================
----------------- testing Mon Feb 04 03:27:13 UTC 2019 /home/travis/build/icyphy/ptII/ptolemy/actor/lib/test/auto/arrayType23.xml
----------------- Instantiating /home/travis/build/icyphy/ptII/ptolemy/actor/lib/test/auto/arrayType23.xml
2 ms. Memory: 1787904K Free: 896405K (50%)
----------------- Invoking toplevel() on ptolemy.moml.MoMLSimpleApplication@13f7de97
----------------- Done invoking toplevel() on ptolemy.moml.MoMLSimpleApplication@13f7de97
reloadAllAccessors: .arrayType23

===========================================================================================
----------------- testing Mon Feb 04 03:27:13 UTC 2019 /home/travis/build/icyphy/ptII/ptolemy/actor/lib/test/auto/arrayType24.xml
----------------- Instantiating /home/travis/build/icyphy/ptII/ptolemy/actor/lib/test/auto/arrayType24.xml
1 ms. Memory: 1787904K Free: 875847K (49%)
----------------- Invoking toplevel() on ptolemy.moml.MoMLSimpleApplication@24f7a79d
----------------- Done invoking toplevel() on ptolemy.moml.MoMLSimpleApplication@24f7a79d
reloadAllAccessors: .arrayType24

===========================================================================================
----------------- testing Mon Feb 04 03:27:13 UTC 2019 /home/travis/build/icyphy/ptII/ptolemy/actor/lib/test/auto/arrayType25.xml
----------------- Instantiating /home/travis/build/icyphy/ptII/ptolemy/actor/lib/test/auto/arrayType25.xml
1 ms. Memory: 1787904K Free: 859135K (48%)
----------------- Invoking toplevel() on ptolemy.moml.MoMLSimpleApplication@64dab960
----------------- Done invoking toplevel() on ptolemy.moml.MoMLSimpleApplication@64dab960
reloadAllAccessors: .arrayType25

===========================================================================================
----------------- testing Mon Feb 04 03:27:13 UTC 2019 /home/travis/build/icyphy/ptII/ptolemy/actor/lib/test/auto/arrayType26.xml
----------------- Instantiating /home/travis/build/icyphy/ptII/ptolemy/actor/lib/test/auto/arrayType26.xml
1 ms. Memory: 1787904K Free: 838577K (47%)
----------------- Invoking toplevel() on ptolemy.moml.MoMLSimpleApplication@42fb2b58
----------------- Done invoking toplevel() on ptolemy.moml.MoMLSimpleApplication@42fb2b58
reloadAllAccessors: .arrayType26

===========================================================================================
----------------- testing Mon Feb 04 03:27:13 UTC 2019 /home/travis/build/icyphy/ptII/ptolemy/actor/lib/test/auto/arrayType27.xml
----------------- Instantiating /home/travis/build/icyphy/ptII/ptolemy/actor/lib/test/auto/arrayType27.xml
1 ms. Memory: 1787904K Free: 818020K (46%)
----------------- Invoking toplevel() on ptolemy.moml.MoMLSimpleApplication@5c27d100
----------------- Done invoking toplevel() on ptolemy.moml.MoMLSimpleApplication@5c27d100
reloadAllAccessors: .arrayType27

===========================================================================================
----------------- testing Mon Feb 04 03:27:13 UTC 2019 /home/travis/build/icyphy/ptII/ptolemy/actor/lib/test/auto/arrayType28.xml
----------------- Instantiating /home/travis/build/icyphy/ptII/ptolemy/actor/lib/test/auto/arrayType28.xml
1 ms. Memory: 1787904K Free: 801308K (45%)
----------------- Invoking toplevel() on ptolemy.moml.MoMLSimpleApplication@51fffa3c
----------------- Done invoking toplevel() on ptolemy.moml.MoMLSimpleApplication@51fffa3c
reloadAllAccessors: .arrayType28

===========================================================================================
----------------- testing Mon Feb 04 03:27:13 UTC 2019 /home/travis/build/icyphy/ptII/ptolemy/actor/lib/test/auto/arrayType3.xml
----------------- Instantiating /home/travis/build/icyphy/ptII/ptolemy/actor/lib/test/auto/arrayType3.xml
1 ms. Memory: 1787904K Free: 780750K (44%)
----------------- Invoking toplevel() on ptolemy.moml.MoMLSimpleApplication@60a92726
----------------- Done invoking toplevel() on ptolemy.moml.MoMLSimpleApplication@60a92726
reloadAllAccessors: .arrayType3

===========================================================================================
----------------- testing Mon Feb 04 03:27:13 UTC 2019 /home/travis/build/icyphy/ptII/ptolemy/actor/lib/test/auto/arrayType4.xml
----------------- Instantiating /home/travis/build/icyphy/ptII/ptolemy/actor/lib/test/auto/arrayType4.xml
1 ms. Memory: 1787904K Free: 760192K (43%)
----------------- Invoking toplevel() on ptolemy.moml.MoMLSimpleApplication@eb6ead6
----------------- Done invoking toplevel() on ptolemy.moml.MoMLSimpleApplication@eb6ead6
reloadAllAccessors: .arrayType4

===========================================================================================
----------------- testing Mon Feb 04 03:27:13 UTC 2019 /home/travis/build/icyphy/ptII/ptolemy/actor/lib/test/auto/arrayType5.xml
----------------- Instantiating /home/travis/build/icyphy/ptII/ptolemy/actor/lib/test/auto/arrayType5.xml
1 ms. Memory: 1787904K Free: 743481K (42%)
----------------- Invoking toplevel() on ptolemy.moml.MoMLSimpleApplication@3d50a965
----------------- Done invoking toplevel() on ptolemy.moml.MoMLSimpleApplication@3d50a965
reloadAllAccessors: .arrayType5

===========================================================================================
----------------- testing Mon Feb 04 03:27:13 UTC 2019 /home/travis/build/icyphy/ptII/ptolemy/actor/lib/test/auto/arrayType6.xml
----------------- Instantiating /home/travis/build/icyphy/ptII/ptolemy/actor/lib/test/auto/arrayType6.xml
1 ms. Memory: 1787904K Free: 722923K (40%)
----------------- Invoking toplevel() on ptolemy.moml.MoMLSimpleApplication@2e01e6bc
----------------- Done invoking toplevel() on ptolemy.moml.MoMLSimpleApplication@2e01e6bc
reloadAllAccessors: .arrayType6

===========================================================================================
----------------- testing Mon Feb 04 03:27:13 UTC 2019 /home/travis/build/icyphy/ptII/ptolemy/actor/lib/test/auto/arrayType7.xml
----------------- Instantiating /home/travis/build/icyphy/ptII/ptolemy/actor/lib/test/auto/arrayType7.xml
3 ms. Memory: 1787904K Free: 702365K (39%)
----------------- Invoking toplevel() on ptolemy.moml.MoMLSimpleApplication@5c6d9b35
----------------- Done invoking toplevel() on ptolemy.moml.MoMLSimpleApplication@5c6d9b35
reloadAllAccessors: .arrayType7

===========================================================================================
----------------- testing Mon Feb 04 03:27:13 UTC 2019 /home/travis/build/icyphy/ptII/ptolemy/actor/lib/test/auto/arrayType8.xml
----------------- Instantiating /home/travis/build/icyphy/ptII/ptolemy/actor/lib/test/auto/arrayType8.xml
1 ms. Memory: 1787904K Free: 685653K (38%)
----------------- Invoking toplevel() on ptolemy.moml.MoMLSimpleApplication@36f56dd5
----------------- Done invoking toplevel() on ptolemy.moml.MoMLSimpleApplication@36f56dd5
reloadAllAccessors: .arrayType8

===========================================================================================
----------------- testing Mon Feb 04 03:27:13 UTC 2019 /home/travis/build/icyphy/ptII/ptolemy/actor/lib/test/auto/arrayType9.xml
----------------- Instantiating /home/travis/build/icyphy/ptII/ptolemy/actor/lib/test/auto/arrayType9.xml
2 ms. Memory: 1787904K Free: 665095K (37%)
----------------- Invoking toplevel() on ptolemy.moml.MoMLSimpleApplication@7d810b5b
----------------- Done invoking toplevel() on ptolemy.moml.MoMLSimpleApplication@7d810b5b
reloadAllAccessors: .arrayType9

===========================================================================================
----------------- testing Mon Feb 04 03:27:13 UTC 2019 /home/travis/build/icyphy/ptII/ptolemy/actor/lib/test/auto/cast.xml
----------------- Instantiating /home/travis/build/icyphy/ptII/ptolemy/actor/lib/test/auto/cast.xml
2 ms. Memory: 1787904K Free: 644537K (36%)
----------------- Invoking toplevel() on ptolemy.moml.MoMLSimpleApplication@9aa02d8
----------------- Done invoking toplevel() on ptolemy.moml.MoMLSimpleApplication@9aa02d8
reloadAllAccessors: .cast

===========================================================================================
----------------- testing Mon Feb 04 03:27:13 UTC 2019 /home/travis/build/icyphy/ptII/ptolemy/actor/lib/test/auto/compositeMultiPort.xml
----------------- Instantiating /home/travis/build/icyphy/ptII/ptolemy/actor/lib/test/auto/compositeMultiPort.xml
3 ms. Memory: 1787904K Free: 627826K (35%)
----------------- Invoking toplevel() on ptolemy.moml.MoMLSimpleApplication@f5c9df9
----------------- Done invoking toplevel() on ptolemy.moml.MoMLSimpleApplication@f5c9df9
reloadAllAccessors: .compositeMultiPort

===========================================================================================
----------------- testing Mon Feb 04 03:27:13 UTC 2019 /home/travis/build/icyphy/ptII/ptolemy/actor/lib/test/auto/expressionCastInference.xml
----------------- Instantiating /home/travis/build/icyphy/ptII/ptolemy/actor/lib/test/auto/expressionCastInference.xml
3 ms. Memory: 1787904K Free: 607268K (34%)
----------------- Invoking toplevel() on ptolemy.moml.MoMLSimpleApplication@7d4f265e
----------------- Done invoking toplevel() on ptolemy.moml.MoMLSimpleApplication@7d4f265e
reloadAllAccessors: .expressionCastInference

===========================================================================================
----------------- testing Mon Feb 04 03:27:13 UTC 2019 /home/travis/build/icyphy/ptII/ptolemy/actor/lib/test/auto/expressionCastInference2.xml
----------------- Instantiating /home/travis/build/icyphy/ptII/ptolemy/actor/lib/test/auto/expressionCastInference2.xml
1 ms. Memory: 1787904K Free: 586710K (33%)
----------------- Invoking toplevel() on ptolemy.moml.MoMLSimpleApplication@5ea623e3
----------------- Done invoking toplevel() on ptolemy.moml.MoMLSimpleApplication@5ea623e3
reloadAllAccessors: .expressionCastInference2

===========================================================================================
----------------- testing Mon Feb 04 03:27:13 UTC 2019 /home/travis/build/icyphy/ptII/ptolemy/actor/lib/test/auto/expressionInference.xml
----------------- Instantiating /home/travis/build/icyphy/ptII/ptolemy/actor/lib/test/auto/expressionInference.xml
1 ms. Memory: 1787904K Free: 569998K (32%)
----------------- Invoking toplevel() on ptolemy.moml.MoMLSimpleApplication@270a5726
----------------- Done invoking toplevel() on ptolemy.moml.MoMLSimpleApplication@270a5726
reloadAllAccessors: .expressionInference

===========================================================================================
----------------- testing Mon Feb 04 03:27:13 UTC 2019 /home/travis/build/icyphy/ptII/ptolemy/actor/lib/test/auto/expression_bug.xml
----------------- Instantiating /home/travis/build/icyphy/ptII/ptolemy/actor/lib/test/auto/expression_bug.xml
1 ms. Memory: 1787904K Free: 549441K (31%)
----------------- Invoking toplevel() on ptolemy.moml.MoMLSimpleApplication@e8d7031
----------------- Done invoking toplevel() on ptolemy.moml.MoMLSimpleApplication@e8d7031
reloadAllAccessors: .expression_bug

===========================================================================================
----------------- testing Mon Feb 04 03:27:13 UTC 2019 /home/travis/build/icyphy/ptII/ptolemy/actor/lib/test/auto/factorial.xml
----------------- Instantiating /home/travis/build/icyphy/ptII/ptolemy/actor/lib/test/auto/factorial.xml
30 ms. Memory: 1787904K Free: 528883K (30%)
----------------- Invoking toplevel() on ptolemy.moml.MoMLSimpleApplication@7667c8a9
----------------- Done invoking toplevel() on ptolemy.moml.MoMLSimpleApplication@7667c8a9
reloadAllAccessors: .factorial

===========================================================================================
----------------- testing Mon Feb 04 03:27:13 UTC 2019 /home/travis/build/icyphy/ptII/ptolemy/actor/lib/test/auto/filterTest1.xml
----------------- Instantiating /home/travis/build/icyphy/ptII/ptolemy/actor/lib/test/auto/filterTest1.xml
3 ms. Memory: 1787904K Free: 512171K (29%)
----------------- Invoking toplevel() on ptolemy.moml.MoMLSimpleApplication@175d8271
----------------- Done invoking toplevel() on ptolemy.moml.MoMLSimpleApplication@175d8271
reloadAllAccessors: .filterTest1

===========================================================================================
----------------- testing Mon Feb 04 03:27:13 UTC 2019 /home/travis/build/icyphy/ptII/ptolemy/actor/lib/test/auto/funcApplyInConst.xml
----------------- Instantiating /home/travis/build/icyphy/ptII/ptolemy/actor/lib/test/auto/funcApplyInConst.xml
1 ms. Memory: 1787904K Free: 491613K (27%)
----------------- Invoking toplevel() on ptolemy.moml.MoMLSimpleApplication@afc3b58
----------------- Done invoking toplevel() on ptolemy.moml.MoMLSimpleApplication@afc3b58
reloadAllAccessors: .funcApplyInConst

===========================================================================================
----------------- testing Mon Feb 04 03:27:13 UTC 2019 /home/travis/build/icyphy/ptII/ptolemy/actor/lib/test/auto/funcApplyInExpr.xml
----------------- Instantiating /home/travis/build/icyphy/ptII/ptolemy/actor/lib/test/auto/funcApplyInExpr.xml
1 ms. Memory: 1787904K Free: 471055K (26%)
----------------- Invoking toplevel() on ptolemy.moml.MoMLSimpleApplication@6c91eacb
----------------- Done invoking toplevel() on ptolemy.moml.MoMLSimpleApplication@6c91eacb
reloadAllAccessors: .funcApplyInExpr

===========================================================================================
----------------- testing Mon Feb 04 03:27:13 UTC 2019 /home/travis/build/icyphy/ptII/ptolemy/actor/lib/test/auto/function.xml
----------------- Instantiating /home/travis/build/icyphy/ptII/ptolemy/actor/lib/test/auto/function.xml
1 ms. Memory: 1787904K Free: 454344K (25%)
----------------- Invoking toplevel() on ptolemy.moml.MoMLSimpleApplication@793cc33d
----------------- Done invoking toplevel() on ptolemy.moml.MoMLSimpleApplication@793cc33d
reloadAllAccessors: .function

===========================================================================================
----------------- testing Mon Feb 04 03:27:13 UTC 2019 /home/travis/build/icyphy/ptII/ptolemy/actor/lib/test/auto/function2.xml
----------------- Instantiating /home/travis/build/icyphy/ptII/ptolemy/actor/lib/test/auto/function2.xml
1 ms. Memory: 1787904K Free: 433786K (24%)
----------------- Invoking toplevel() on ptolemy.moml.MoMLSimpleApplication@6e5a3e71
----------------- Done invoking toplevel() on ptolemy.moml.MoMLSimpleApplication@6e5a3e71
reloadAllAccessors: .function2

===========================================================================================
----------------- testing Mon Feb 04 03:27:13 UTC 2019 /home/travis/build/icyphy/ptII/ptolemy/actor/lib/test/auto/function3.xml
----------------- Instantiating /home/travis/build/icyphy/ptII/ptolemy/actor/lib/test/auto/function3.xml
2 ms. Memory: 1787904K Free: 413228K (23%)
----------------- Invoking toplevel() on ptolemy.moml.MoMLSimpleApplication@15a5223d
----------------- Done invoking toplevel() on ptolemy.moml.MoMLSimpleApplication@15a5223d
reloadAllAccessors: .function3

===========================================================================================
----------------- testing Mon Feb 04 03:27:13 UTC 2019 /home/travis/build/icyphy/ptII/ptolemy/actor/lib/test/auto/functionClosureTest1.xml
----------------- Instantiating /home/travis/build/icyphy/ptII/ptolemy/actor/lib/test/auto/functionClosureTest1.xml
2 ms. Memory: 1787904K Free: 396517K (22%)
----------------- Invoking toplevel() on ptolemy.moml.MoMLSimpleApplication@2428ecb2
----------------- Done invoking toplevel() on ptolemy.moml.MoMLSimpleApplication@2428ecb2
reloadAllAccessors: .functionClosureTest1

===========================================================================================
----------------- testing Mon Feb 04 03:27:13 UTC 2019 /home/travis/build/icyphy/ptII/ptolemy/actor/lib/test/auto/functionClosureTest2.xml
----------------- Instantiating /home/travis/build/icyphy/ptII/ptolemy/actor/lib/test/auto/functionClosureTest2.xml
1 ms. Memory: 1787904K Free: 375959K (21%)
----------------- Invoking toplevel() on ptolemy.moml.MoMLSimpleApplication@57af3c52
----------------- Done invoking toplevel() on ptolemy.moml.MoMLSimpleApplication@57af3c52
reloadAllAccessors: .functionClosureTest2

===========================================================================================
----------------- testing Mon Feb 04 03:27:13 UTC 2019 /home/travis/build/icyphy/ptII/ptolemy/actor/lib/test/auto/functionClosureTest3.xml
----------------- Instantiating /home/travis/build/icyphy/ptII/ptolemy/actor/lib/test/auto/functionClosureTest3.xml
2 ms. Memory: 1787904K Free: 355401K (20%)
----------------- Invoking toplevel() on ptolemy.moml.MoMLSimpleApplication@7f4064c8
----------------- Done invoking toplevel() on ptolemy.moml.MoMLSimpleApplication@7f4064c8
reloadAllAccessors: .functionClosureTest3

===========================================================================================
----------------- testing Mon Feb 04 03:27:13 UTC 2019 /home/travis/build/icyphy/ptII/ptolemy/actor/lib/test/auto/functionClosureTest4.xml
----------------- Instantiating /home/travis/build/icyphy/ptII/ptolemy/actor/lib/test/auto/functionClosureTest4.xml
3 ms. Memory: 1787904K Free: 338689K (19%)
----------------- Invoking toplevel() on ptolemy.moml.MoMLSimpleApplication@119a3219
----------------- Done invoking toplevel() on ptolemy.moml.MoMLSimpleApplication@119a3219
reloadAllAccessors: .functionClosureTest4

===========================================================================================
----------------- testing Mon Feb 04 03:27:13 UTC 2019 /home/travis/build/icyphy/ptII/ptolemy/actor/lib/test/auto/functionClosureTest5.xml
----------------- Instantiating /home/travis/build/icyphy/ptII/ptolemy/actor/lib/test/auto/functionClosureTest5.xml
4 ms. Memory: 1787904K Free: 318131K (18%)
----------------- Invoking toplevel() on ptolemy.moml.MoMLSimpleApplication@1cbf10a9
----------------- Done invoking toplevel() on ptolemy.moml.MoMLSimpleApplication@1cbf10a9
reloadAllAccessors: .functionClosureTest5

===========================================================================================
----------------- testing Mon Feb 04 03:27:13 UTC 2019 /home/travis/build/icyphy/ptII/ptolemy/actor/lib/test/auto/functionClosureTest6.xml
----------------- Instantiating /home/travis/build/icyphy/ptII/ptolemy/actor/lib/test/auto/functionClosureTest6.xml
1 ms. Memory: 1787904K Free: 297573K (17%)
----------------- Invoking toplevel() on ptolemy.moml.MoMLSimpleApplication@6ac131f5
----------------- Done invoking toplevel() on ptolemy.moml.MoMLSimpleApplication@6ac131f5
reloadAllAccessors: .functionClosureTest6

===========================================================================================
----------------- testing Mon Feb 04 03:27:14 UTC 2019 /home/travis/build/icyphy/ptII/ptolemy/actor/lib/test/auto/functionsOnArcs.xml
----------------- Instantiating /home/travis/build/icyphy/ptII/ptolemy/actor/lib/test/auto/functionsOnArcs.xml
1 ms. Memory: 1787904K Free: 280862K (16%)
----------------- Invoking toplevel() on ptolemy.moml.MoMLSimpleApplication@cba5ec
----------------- Done invoking toplevel() on ptolemy.moml.MoMLSimpleApplication@cba5ec
reloadAllAccessors: .functionsOnArcs

===========================================================================================
----------------- testing Mon Feb 04 03:27:14 UTC 2019 /home/travis/build/icyphy/ptII/ptolemy/actor/lib/test/auto/functionsOnArcsHOF.xml
----------------- Instantiating /home/travis/build/icyphy/ptII/ptolemy/actor/lib/test/auto/functionsOnArcsHOF.xml
3 ms. Memory: 1787904K Free: 260304K (15%)
----------------- Invoking toplevel() on ptolemy.moml.MoMLSimpleApplication@52918c82
----------------- Done invoking toplevel() on ptolemy.moml.MoMLSimpleApplication@52918c82
reloadAllAccessors: .functionsOnArcsHOF

===========================================================================================
----------------- testing Mon Feb 04 03:27:14 UTC 2019 /home/travis/build/icyphy/ptII/ptolemy/actor/lib/test/auto/logic.xml
----------------- Instantiating /home/travis/build/icyphy/ptII/ptolemy/actor/lib/test/auto/logic.xml
2 ms. Memory: 1787904K Free: 239746K (13%)
----------------- Invoking toplevel() on ptolemy.moml.MoMLSimpleApplication@28844a14
----------------- Done invoking toplevel() on ptolemy.moml.MoMLSimpleApplication@28844a14
reloadAllAccessors: .logic

===========================================================================================
----------------- testing Mon Feb 04 03:27:14 UTC 2019 /home/travis/build/icyphy/ptII/ptolemy/actor/lib/test/auto/matrixType.xml
----------------- Instantiating /home/travis/build/icyphy/ptII/ptolemy/actor/lib/test/auto/matrixType.xml
2 ms. Memory: 1787904K Free: 223034K (12%)
----------------- Invoking toplevel() on ptolemy.moml.MoMLSimpleApplication@1b7451b7
----------------- Done invoking toplevel() on ptolemy.moml.MoMLSimpleApplication@1b7451b7
reloadAllAccessors: .matrixType

===========================================================================================
----------------- testing Mon Feb 04 03:27:14 UTC 2019 /home/travis/build/icyphy/ptII/ptolemy/actor/lib/test/auto/matrixType10.xml
----------------- Instantiating /home/travis/build/icyphy/ptII/ptolemy/actor/lib/test/auto/matrixType10.xml
2 ms. Memory: 1787904K Free: 202476K (11%)
----------------- Invoking toplevel() on ptolemy.moml.MoMLSimpleApplication@5aeedefe
----------------- Done invoking toplevel() on ptolemy.moml.MoMLSimpleApplication@5aeedefe
reloadAllAccessors: .matrixType10

===========================================================================================
----------------- testing Mon Feb 04 03:27:14 UTC 2019 /home/travis/build/icyphy/ptII/ptolemy/actor/lib/test/auto/matrixType11.xml
----------------- Instantiating /home/travis/build/icyphy/ptII/ptolemy/actor/lib/test/auto/matrixType11.xml
1 ms. Memory: 1787904K Free: 181919K (10%)
----------------- Invoking toplevel() on ptolemy.moml.MoMLSimpleApplication@662d460c
----------------- Done invoking toplevel() on ptolemy.moml.MoMLSimpleApplication@662d460c
reloadAllAccessors: .matrixType11

===========================================================================================
----------------- testing Mon Feb 04 03:27:14 UTC 2019 /home/travis/build/icyphy/ptII/ptolemy/actor/lib/test/auto/matrixType12.xml
----------------- Instantiating /home/travis/build/icyphy/ptII/ptolemy/actor/lib/test/auto/matrixType12.xml
1 ms. Memory: 1787904K Free: 165207K (9%)
----------------- Invoking toplevel() on ptolemy.moml.MoMLSimpleApplication@2956d4f2
----------------- Done invoking toplevel() on ptolemy.moml.MoMLSimpleApplication@2956d4f2
reloadAllAccessors: .matrixType12

===========================================================================================
----------------- testing Mon Feb 04 03:27:14 UTC 2019 /home/travis/build/icyphy/ptII/ptolemy/actor/lib/test/auto/matrixType13.xml
----------------- Instantiating /home/travis/build/icyphy/ptII/ptolemy/actor/lib/test/auto/matrixType13.xml
1 ms. Memory: 1787904K Free: 144649K (8%)
----------------- Invoking toplevel() on ptolemy.moml.MoMLSimpleApplication@6a955500
----------------- Done invoking toplevel() on ptolemy.moml.MoMLSimpleApplication@6a955500
reloadAllAccessors: .matrixType13

===========================================================================================
----------------- testing Mon Feb 04 03:27:14 UTC 2019 /home/travis/build/icyphy/ptII/ptolemy/actor/lib/test/auto/matrixType14.xml
----------------- Instantiating /home/travis/build/icyphy/ptII/ptolemy/actor/lib/test/auto/matrixType14.xml
1 ms. Memory: 1787904K Free: 124091K (7%)
----------------- Invoking toplevel() on ptolemy.moml.MoMLSimpleApplication@77c6742c
----------------- Done invoking toplevel() on ptolemy.moml.MoMLSimpleApplication@77c6742c
reloadAllAccessors: .matrixType14

===========================================================================================
----------------- testing Mon Feb 04 03:27:14 UTC 2019 /home/travis/build/icyphy/ptII/ptolemy/actor/lib/test/auto/matrixType2.xml
----------------- Instantiating /home/travis/build/icyphy/ptII/ptolemy/actor/lib/test/auto/matrixType2.xml
1 ms. Memory: 1787904K Free: 107379K (6%)
----------------- Invoking toplevel() on ptolemy.moml.MoMLSimpleApplication@6cbc62f0
----------------- Done invoking toplevel() on ptolemy.moml.MoMLSimpleApplication@6cbc62f0
reloadAllAccessors: .matrixType2

===========================================================================================
----------------- testing Mon Feb 04 03:27:14 UTC 2019 /home/travis/build/icyphy/ptII/ptolemy/actor/lib/test/auto/matrixType3.xml
----------------- Instantiating /home/travis/build/icyphy/ptII/ptolemy/actor/lib/test/auto/matrixType3.xml
3 ms. Memory: 1787904K Free: 86822K (5%)
----------------- Invoking toplevel() on ptolemy.moml.MoMLSimpleApplication@658f2507
----------------- Done invoking toplevel() on ptolemy.moml.MoMLSimpleApplication@658f2507
reloadAllAccessors: .matrixType3

===========================================================================================
----------------- testing Mon Feb 04 03:27:14 UTC 2019 /home/travis/build/icyphy/ptII/ptolemy/actor/lib/test/auto/matrixType4.xml
----------------- Instantiating /home/travis/build/icyphy/ptII/ptolemy/actor/lib/test/auto/matrixType4.xml
22 ms. Memory: 1787392K Free: 1724260K (96%)
----------------- Invoking toplevel() on ptolemy.moml.MoMLSimpleApplication@38aecf2
----------------- Done invoking toplevel() on ptolemy.moml.MoMLSimpleApplication@38aecf2
reloadAllAccessors: .matrixType4

===========================================================================================
----------------- testing Mon Feb 04 03:27:14 UTC 2019 /home/travis/build/icyphy/ptII/ptolemy/actor/lib/test/auto/matrixType5.xml
----------------- Instantiating /home/travis/build/icyphy/ptII/ptolemy/actor/lib/test/auto/matrixType5.xml
1 ms. Memory: 1787392K Free: 1699370K (95%)
----------------- Invoking toplevel() on ptolemy.moml.MoMLSimpleApplication@a11672e
----------------- Done invoking toplevel() on ptolemy.moml.MoMLSimpleApplication@a11672e
reloadAllAccessors: .matrixType5

===========================================================================================
----------------- testing Mon Feb 04 03:27:14 UTC 2019 /home/travis/build/icyphy/ptII/ptolemy/actor/lib/test/auto/matrixType6.xml
----------------- Instantiating /home/travis/build/icyphy/ptII/ptolemy/actor/lib/test/auto/matrixType6.xml
1 ms. Memory: 1787392K Free: 1678659K (94%)
----------------- Invoking toplevel() on ptolemy.moml.MoMLSimpleApplication@6c86fcb5
----------------- Done invoking toplevel() on ptolemy.moml.MoMLSimpleApplication@6c86fcb5
reloadAllAccessors: .matrixType6

===========================================================================================
----------------- testing Mon Feb 04 03:27:14 UTC 2019 /home/travis/build/icyphy/ptII/ptolemy/actor/lib/test/auto/matrixType7.xml
----------------- Instantiating /home/travis/build/icyphy/ptII/ptolemy/actor/lib/test/auto/matrixType7.xml
1 ms. Memory: 1787392K Free: 1661947K (93%)
----------------- Invoking toplevel() on ptolemy.moml.MoMLSimpleApplication@ec006dd
----------------- Done invoking toplevel() on ptolemy.moml.MoMLSimpleApplication@ec006dd
reloadAllAccessors: .matrixType7

===========================================================================================
----------------- testing Mon Feb 04 03:27:14 UTC 2019 /home/travis/build/icyphy/ptII/ptolemy/actor/lib/test/auto/matrixType8.xml
----------------- Instantiating /home/travis/build/icyphy/ptII/ptolemy/actor/lib/test/auto/matrixType8.xml
1 ms. Memory: 1787392K Free: 1641235K (92%)
----------------- Invoking toplevel() on ptolemy.moml.MoMLSimpleApplication@74262797
----------------- Done invoking toplevel() on ptolemy.moml.MoMLSimpleApplication@74262797
reloadAllAccessors: .matrixType8

===========================================================================================
----------------- testing Mon Feb 04 03:27:14 UTC 2019 /home/travis/build/icyphy/ptII/ptolemy/actor/lib/test/auto/matrixType9.xml
----------------- Instantiating /home/travis/build/icyphy/ptII/ptolemy/actor/lib/test/auto/matrixType9.xml
1 ms. Memory: 1787392K Free: 1620523K (91%)
----------------- Invoking toplevel() on ptolemy.moml.MoMLSimpleApplication@3465f22
----------------- Done invoking toplevel() on ptolemy.moml.MoMLSimpleApplication@3465f22
reloadAllAccessors: .matrixType9

===========================================================================================
----------------- testing Mon Feb 04 03:27:14 UTC 2019 /home/travis/build/icyphy/ptII/ptolemy/actor/lib/test/auto/paraFunctest.xml
----------------- Instantiating /home/travis/build/icyphy/ptII/ptolemy/actor/lib/test/auto/paraFunctest.xml
2 ms. Memory: 1787392K Free: 1603811K (90%)
----------------- Invoking toplevel() on ptolemy.moml.MoMLSimpleApplication@57fdc784
----------------- Done invoking toplevel() on ptolemy.moml.MoMLSimpleApplication@57fdc784
reloadAllAccessors: .paraFunctest

===========================================================================================
----------------- testing Mon Feb 04 03:27:14 UTC 2019 /home/travis/build/icyphy/ptII/ptolemy/actor/lib/test/auto/paraFunctest2.xml
----------------- Instantiating /home/travis/build/icyphy/ptII/ptolemy/actor/lib/test/auto/paraFunctest2.xml
1 ms. Memory: 1787392K Free: 1583099K (89%)
----------------- Invoking toplevel() on ptolemy.moml.MoMLSimpleApplication@6f1b47c3
----------------- Done invoking toplevel() on ptolemy.moml.MoMLSimpleApplication@6f1b47c3
reloadAllAccessors: .paraFunctest2

===========================================================================================
----------------- testing Mon Feb 04 03:27:14 UTC 2019 /home/travis/build/icyphy/ptII/ptolemy/actor/lib/test/auto/parameterPassing.xml
----------------- Instantiating /home/travis/build/icyphy/ptII/ptolemy/actor/lib/test/auto/parameterPassing.xml
1 ms. Memory: 1787392K Free: 1562388K (87%)
----------------- Invoking toplevel() on ptolemy.moml.MoMLSimpleApplication@251f0ad5
----------------- Done invoking toplevel() on ptolemy.moml.MoMLSimpleApplication@251f0ad5
reloadAllAccessors: .parameterPassing

===========================================================================================
----------------- testing Mon Feb 04 03:27:14 UTC 2019 /home/travis/build/icyphy/ptII/ptolemy/actor/lib/test/auto/record.xml
----------------- Instantiating /home/travis/build/icyphy/ptII/ptolemy/actor/lib/test/auto/record.xml
2 ms. Memory: 1787392K Free: 1545676K (86%)
----------------- Invoking toplevel() on ptolemy.moml.MoMLSimpleApplication@577c4c88
----------------- Done invoking toplevel() on ptolemy.moml.MoMLSimpleApplication@577c4c88
reloadAllAccessors: .record

===========================================================================================
----------------- testing Mon Feb 04 03:27:14 UTC 2019 /home/travis/build/icyphy/ptII/ptolemy/actor/lib/test/auto/sizedarray1.xml
----------------- Instantiating /home/travis/build/icyphy/ptII/ptolemy/actor/lib/test/auto/sizedarray1.xml
1 ms. Memory: 1787392K Free: 1524964K (85%)
----------------- Invoking toplevel() on ptolemy.moml.MoMLSimpleApplication@2e4c7e01
----------------- Done invoking toplevel() on ptolemy.moml.MoMLSimpleApplication@2e4c7e01
reloadAllAccessors: .sizedarray1

===========================================================================================
----------------- testing Mon Feb 04 03:27:14 UTC 2019 /home/travis/build/icyphy/ptII/ptolemy/actor/lib/test/auto/sizedarray2.xml
----------------- Instantiating /home/travis/build/icyphy/ptII/ptolemy/actor/lib/test/auto/sizedarray2.xml
1 ms. Memory: 1787392K Free: 1504252K (84%)
----------------- Invoking toplevel() on ptolemy.moml.MoMLSimpleApplication@6c871511
----------------- Done invoking toplevel() on ptolemy.moml.MoMLSimpleApplication@6c871511
reloadAllAccessors: .sizedarray2

===========================================================================================
----------------- testing Mon Feb 04 03:27:14 UTC 2019 /home/travis/build/icyphy/ptII/ptolemy/actor/lib/test/auto/twoPublishers.xml
----------------- Instantiating /home/travis/build/icyphy/ptII/ptolemy/actor/lib/test/auto/twoPublishers.xml
2 ms. Memory: 1787392K Free: 1487540K (83%)
----------------- Invoking toplevel() on ptolemy.moml.MoMLSimpleApplication@2de8dac3
----------------- Done invoking toplevel() on ptolemy.moml.MoMLSimpleApplication@2de8dac3
reloadAllAccessors: .twoPublishers
AutoTests.java: About to close Vertx.
AutoTests.java: Vertx closed.
]]></system-out>
  <system-err><![CDATA[java.lang.RuntimeException: Execution failed
	at ptolemy.moml.MoMLSimpleApplication$UnloadThread.run(MoMLSimpleApplication.java:402)
Caused by: java.lang.RuntimeException: StringUtilities.exit() was called. Normally, we would exit here because Manager.exitAfterWrapup() was called.  However, because the ptolemy.ptII.exitAfterWrapup property is set, we throw this exception instead.
	at ptolemy.util.StringUtilities.exit(StringUtilities.java:363)
	at ptolemy.actor.Manager.wrapup(Manager.java:1531)
	at ptolemy.actor.Manager.execute(Manager.java:407)
	at ptolemy.actor.Manager.run(Manager.java:1263)
	at ptolemy.actor.Manager$PtolemyRunThread.run(Manager.java:1915)
Warning: '.top.test' is in training mode, set the trainingMode parameter to false before checking in
Warning: '.top.test' is in training mode, set the trainingMode parameter to false before checking in
Warning: '.top.test' is in training mode, set the trainingMode parameter to false before checking in
Warning: '.BooleanSwitch_RegressionTest_WrongTrainingValues.Test' is in training mode, set the trainingMode parameter to false before checking in
Warning: '.BooleanSwitch_RegressionTest_WrongTrainingValues.Test2' is in training mode, set the trainingMode parameter to false before checking in
Warning: '.BooleanSwitch_RegressionTest_WrongTrainingValues.Test2' The test produced 0 tokens.
Warning: '.top.testExceptionHandler' is in training mode, set the trainingMode parameter to false before checking in
java.lang.RuntimeException: Execution failed
	at ptolemy.moml.MoMLSimpleApplication$UnloadThread.run(MoMLSimpleApplication.java:402)
Caused by: ptolemy.kernel.util.IllegalActionException: PublisherPorts cannot be used at the top level, use a Publisher actor instead.
  in .PublisherPortToplevelSubscriber.PublisherPort
	at ptolemy.actor.PublisherPort.preinitialize(PublisherPort.java:403)
	at ptolemy.actor.CompositeActor.preinitialize(CompositeActor.java:1769)
	at ptolemy.actor.Manager.preinitializeAndResolveTypes(Manager.java:1040)
	at ptolemy.actor.Manager.initialize(Manager.java:710)
	at ptolemy.actor.Manager.execute(Manager.java:356)
	at ptolemy.actor.Manager.run(Manager.java:1263)
	at ptolemy.actor.Manager$PtolemyRunThread.run(Manager.java:1915)
java.lang.reflect.InvocationTargetException
	at sun.reflect.NativeConstructorAccessorImpl.newInstance0(Native Method)
	at sun.reflect.NativeConstructorAccessorImpl.newInstance(NativeConstructorAccessorImpl.java:62)
	at sun.reflect.DelegatingConstructorAccessorImpl.newInstance(DelegatingConstructorAccessorImpl.java:45)
	at java.lang.reflect.Constructor.newInstance(Constructor.java:423)
	at ptolemy.util.test.junit.AutoKnownFailedTests.RunModel(AutoKnownFailedTests.java:105)
	at sun.reflect.NativeMethodAccessorImpl.invoke0(Native Method)
	at sun.reflect.NativeMethodAccessorImpl.invoke(NativeMethodAccessorImpl.java:62)
	at sun.reflect.DelegatingMethodAccessorImpl.invoke(DelegatingMethodAccessorImpl.java:43)
	at java.lang.reflect.Method.invoke(Method.java:498)
	at org.junit.runners.model.FrameworkMethod$1.runReflectiveCall(FrameworkMethod.java:44)
	at org.junit.internal.runners.model.ReflectiveCallable.run(ReflectiveCallable.java:15)
	at org.junit.runners.model.FrameworkMethod.invokeExplosively(FrameworkMethod.java:41)
	at junitparams.internal.InvokeParameterisedMethod.evaluate(InvokeParameterisedMethod.java:102)
	at org.junit.internal.runners.statements.FailOnTimeout$1.run(FailOnTimeout.java:28)
Caused by: ptolemy.kernel.util.IllegalActionException: PublisherPorts cannot be used at the top level, use a Publisher actor instead.
  in .PublisherPortToplevelSubscriber.PublisherPort
	at ptolemy.actor.PublisherPort.preinitialize(PublisherPort.java:403)
	at ptolemy.actor.CompositeActor.preinitialize(CompositeActor.java:1769)
	at ptolemy.actor.Manager.preinitializeAndResolveTypes(Manager.java:1040)
	at ptolemy.actor.Manager.initialize(Manager.java:710)
	at ptolemy.actor.Manager.execute(Manager.java:356)
	at ptolemy.actor.Manager.run(Manager.java:1263)
	at ptolemy.actor.Manager$PtolemyRunThread.run(Manager.java:1915)
java.lang.RuntimeException: Execution failed
	at ptolemy.moml.MoMLSimpleApplication$UnloadThread.run(MoMLSimpleApplication.java:402)
Caused by: ptolemy.kernel.util.IllegalActionException: SubscriberPorts cannot be used at the top level, use a Subscriber actor instead.
  in .PublisherSubscriberPortToplevel.SubscriberPort
	at ptolemy.actor.SubscriberPort.preinitialize(SubscriberPort.java:328)
	at ptolemy.actor.CompositeActor.preinitialize(CompositeActor.java:1769)
	at ptolemy.actor.Manager.preinitializeAndResolveTypes(Manager.java:1040)
	at ptolemy.actor.Manager.initialize(Manager.java:710)
	at ptolemy.actor.Manager.execute(Manager.java:356)
	at ptolemy.actor.Manager.run(Manager.java:1263)
	at ptolemy.actor.Manager$PtolemyRunThread.run(Manager.java:1915)
java.lang.reflect.InvocationTargetException
	at sun.reflect.NativeConstructorAccessorImpl.newInstance0(Native Method)
	at sun.reflect.NativeConstructorAccessorImpl.newInstance(NativeConstructorAccessorImpl.java:62)
	at sun.reflect.DelegatingConstructorAccessorImpl.newInstance(DelegatingConstructorAccessorImpl.java:45)
	at java.lang.reflect.Constructor.newInstance(Constructor.java:423)
	at ptolemy.util.test.junit.AutoKnownFailedTests.RunModel(AutoKnownFailedTests.java:105)
	at sun.reflect.NativeMethodAccessorImpl.invoke0(Native Method)
	at sun.reflect.NativeMethodAccessorImpl.invoke(NativeMethodAccessorImpl.java:62)
	at sun.reflect.DelegatingMethodAccessorImpl.invoke(DelegatingMethodAccessorImpl.java:43)
	at java.lang.reflect.Method.invoke(Method.java:498)
	at org.junit.runners.model.FrameworkMethod$1.runReflectiveCall(FrameworkMethod.java:44)
	at org.junit.internal.runners.model.ReflectiveCallable.run(ReflectiveCallable.java:15)
	at org.junit.runners.model.FrameworkMethod.invokeExplosively(FrameworkMethod.java:41)
	at junitparams.internal.InvokeParameterisedMethod.evaluate(InvokeParameterisedMethod.java:102)
	at org.junit.internal.runners.statements.FailOnTimeout$1.run(FailOnTimeout.java:28)
Caused by: ptolemy.kernel.util.IllegalActionException: SubscriberPorts cannot be used at the top level, use a Subscriber actor instead.
  in .PublisherSubscriberPortToplevel.SubscriberPort
	at ptolemy.actor.SubscriberPort.preinitialize(SubscriberPort.java:328)
	at ptolemy.actor.CompositeActor.preinitialize(CompositeActor.java:1769)
	at ptolemy.actor.Manager.preinitializeAndResolveTypes(Manager.java:1040)
	at ptolemy.actor.Manager.initialize(Manager.java:710)
	at ptolemy.actor.Manager.execute(Manager.java:356)
	at ptolemy.actor.Manager.run(Manager.java:1263)
	at ptolemy.actor.Manager$PtolemyRunThread.run(Manager.java:1915)
java.lang.RuntimeException: Execution failed
	at ptolemy.moml.MoMLSimpleApplication$UnloadThread.run(MoMLSimpleApplication.java:402)
Caused by: ptolemy.kernel.util.IllegalActionException: SubscriptionAggregatorPorts cannot be used at the top level, use a SubscriptionAggregator actor instead.
  in .PublisherSubscriptionAggregatorPort.SubscriptionAggregatorPort
	at ptolemy.actor.SubscriptionAggregatorPort.preinitialize(SubscriptionAggregatorPort.java:353)
	at ptolemy.actor.CompositeActor.preinitialize(CompositeActor.java:1769)
	at ptolemy.actor.Manager.preinitializeAndResolveTypes(Manager.java:1040)
	at ptolemy.actor.Manager.initialize(Manager.java:710)
	at ptolemy.actor.Manager.execute(Manager.java:356)
	at ptolemy.actor.Manager.run(Manager.java:1263)
	at ptolemy.actor.Manager$PtolemyRunThread.run(Manager.java:1915)
java.lang.reflect.InvocationTargetException
	at sun.reflect.NativeConstructorAccessorImpl.newInstance0(Native Method)
	at sun.reflect.NativeConstructorAccessorImpl.newInstance(NativeConstructorAccessorImpl.java:62)
	at sun.reflect.DelegatingConstructorAccessorImpl.newInstance(DelegatingConstructorAccessorImpl.java:45)
	at java.lang.reflect.Constructor.newInstance(Constructor.java:423)
	at ptolemy.util.test.junit.AutoKnownFailedTests.RunModel(AutoKnownFailedTests.java:105)
	at sun.reflect.NativeMethodAccessorImpl.invoke0(Native Method)
	at sun.reflect.NativeMethodAccessorImpl.invoke(NativeMethodAccessorImpl.java:62)
	at sun.reflect.DelegatingMethodAccessorImpl.invoke(DelegatingMethodAccessorImpl.java:43)
	at java.lang.reflect.Method.invoke(Method.java:498)
	at org.junit.runners.model.FrameworkMethod$1.runReflectiveCall(FrameworkMethod.java:44)
	at org.junit.internal.runners.model.ReflectiveCallable.run(ReflectiveCallable.java:15)
	at org.junit.runners.model.FrameworkMethod.invokeExplosively(FrameworkMethod.java:41)
	at junitparams.internal.InvokeParameterisedMethod.evaluate(InvokeParameterisedMethod.java:102)
	at org.junit.internal.runners.statements.FailOnTimeout$1.run(FailOnTimeout.java:28)
Caused by: ptolemy.kernel.util.IllegalActionException: SubscriptionAggregatorPorts cannot be used at the top level, use a SubscriptionAggregator actor instead.
  in .PublisherSubscriptionAggregatorPort.SubscriptionAggregatorPort
	at ptolemy.actor.SubscriptionAggregatorPort.preinitialize(SubscriptionAggregatorPort.java:353)
	at ptolemy.actor.CompositeActor.preinitialize(CompositeActor.java:1769)
	at ptolemy.actor.Manager.preinitializeAndResolveTypes(Manager.java:1040)
	at ptolemy.actor.Manager.initialize(Manager.java:710)
	at ptolemy.actor.Manager.execute(Manager.java:356)
	at ptolemy.actor.Manager.run(Manager.java:1263)
	at ptolemy.actor.Manager$PtolemyRunThread.run(Manager.java:1915)
java.lang.RuntimeException: Execution failed
	at ptolemy.moml.MoMLSimpleApplication$UnloadThread.run(MoMLSimpleApplication.java:402)
Caused by: ptolemy.kernel.util.IllegalActionException: TypeTest actor has no training data.
  in .sizedarray3.TypeTest
	at ptolemy.actor.lib.TypeTest.initialize(TypeTest.java:250)
	at ptolemy.actor.Director.initialize(Director.java:938)
	at ptolemy.actor.Director.initialize(Director.java:907)
	at ptolemy.actor.sched.StaticSchedulingDirector.initialize(StaticSchedulingDirector.java:159)
	at ptolemy.domains.sdf.kernel.SDFDirector.initialize(SDFDirector.java:544)
	at ptolemy.actor.CompositeActor.initialize(CompositeActor.java:935)
	at ptolemy.actor.Manager.initialize(Manager.java:724)
	at ptolemy.actor.Manager.execute(Manager.java:356)
	at ptolemy.actor.Manager.run(Manager.java:1263)
	at ptolemy.actor.Manager$PtolemyRunThread.run(Manager.java:1915)
java.lang.reflect.InvocationTargetException
	at sun.reflect.NativeConstructorAccessorImpl.newInstance0(Native Method)
	at sun.reflect.NativeConstructorAccessorImpl.newInstance(NativeConstructorAccessorImpl.java:62)
	at sun.reflect.DelegatingConstructorAccessorImpl.newInstance(DelegatingConstructorAccessorImpl.java:45)
	at java.lang.reflect.Constructor.newInstance(Constructor.java:423)
	at ptolemy.util.test.junit.AutoKnownFailedTests.RunModel(AutoKnownFailedTests.java:105)
	at sun.reflect.NativeMethodAccessorImpl.invoke0(Native Method)
	at sun.reflect.NativeMethodAccessorImpl.invoke(NativeMethodAccessorImpl.java:62)
	at sun.reflect.DelegatingMethodAccessorImpl.invoke(DelegatingMethodAccessorImpl.java:43)
	at java.lang.reflect.Method.invoke(Method.java:498)
	at org.junit.runners.model.FrameworkMethod$1.runReflectiveCall(FrameworkMethod.java:44)
	at org.junit.internal.runners.model.ReflectiveCallable.run(ReflectiveCallable.java:15)
	at org.junit.runners.model.FrameworkMethod.invokeExplosively(FrameworkMethod.java:41)
	at junitparams.internal.InvokeParameterisedMethod.evaluate(InvokeParameterisedMethod.java:102)
	at org.junit.internal.runners.statements.FailOnTimeout$1.run(FailOnTimeout.java:28)
Caused by: ptolemy.kernel.util.IllegalActionException: TypeTest actor has no training data.
  in .sizedarray3.TypeTest
	at ptolemy.actor.lib.TypeTest.initialize(TypeTest.java:250)
	at ptolemy.actor.Director.initialize(Director.java:938)
	at ptolemy.actor.Director.initialize(Director.java:907)
	at ptolemy.actor.sched.StaticSchedulingDirector.initialize(StaticSchedulingDirector.java:159)
	at ptolemy.domains.sdf.kernel.SDFDirector.initialize(SDFDirector.java:544)
	at ptolemy.actor.CompositeActor.initialize(CompositeActor.java:935)
	at ptolemy.actor.Manager.initialize(Manager.java:724)
	at ptolemy.actor.Manager.execute(Manager.java:356)
	at ptolemy.actor.Manager.run(Manager.java:1263)
	at ptolemy.actor.Manager$PtolemyRunThread.run(Manager.java:1915)
]]></system-err>
</testsuite>
