<?xml version="1.0" encoding="UTF-8" ?>
<testsuite errors="0" failures="0" hostname="travis-job-69fbb5a0-353d-47ba-8e1f-c9598074845f" name="ptolemy.domains.de.test.junit.JUnitTclTest" skipped="0" tests="101" time="125.434" timestamp="2019-02-12T03:31:40">
  <properties>
    <property name="npm.executable" value="npm" />
    <property name="file.encoding.pkg" value="sun.io" />
    <property name="env.TRAVIS_ROOT" value="/" />
    <property name="ptII.mk.exists" value="true" />
    <property name="env.TRAVIS_APP_HOST" value="build.travis-ci.org" />
    <property name="env.rvm_bin_path" value="/home/travis/.rvm/bin" />
    <property name="java.home" value="/usr/lib/jvm/java-8-oracle/jre" />
    <property name="env.TRAVIS_JOB_NUMBER" value="999.9" />
    <property name="env.TRAVIS_HOME" value="/home/travis" />
    <property name="env.DISPLAY" value=":99.0" />
    <property name="java.net.preferIPv4Stack" value="true" />
    <property name="env.TRAVIS_INIT" value="upstart" />
    <property name="env.SSH_TTY" value="/dev/pts/0" />
    <property name="env.RUN_TESTS" value="true" />
    <property name="timeout.short" value="1000000" />
    <property name="env.TRAVIS_JOB_NAME" value="" />
    <property name="env.TRAVIS_STACK_NODE_ATTRIBUTES" value="/.node-attributes.yml" />
    <property name="junit.formatter" value="xml" />
    <property name="java.endorsed.dirs" value="/usr/lib/jvm/java-8-oracle/jre/lib/endorsed" />
    <property name="env.TRAVIS_SUDO" value="true" />
    <property name="env.LOGNAME" value="travis" />
    <property name="jsdoc.home" value="node_modules/@terraswarm/jsdoc" />
    <property name="debuglevel" value="source,lines,vars" />
    <property name="checkstyle.formatter" value="xml" />
    <property name="bin.vergil.makeable" value="true" />
    <property name="env._system_version" value="14.04" />
    <property name="sun.os.patch.level" value="unknown" />
    <property name="java.vendor.url" value="http://java.oracle.com/" />
    <property name="env.TRAVIS_BUILD_WEB_URL" value="https://travis-ci.org/icyphy/ptII/builds/491957853" />
    <property name="java.version" value="1.8.0_151" />
    <property name="env.TZ" value="UTC" />
    <property name="env.PT_NO_NET" value="true" />
    <property name="env.TRAVIS_PULL_REQUEST_SHA" value="" />
    <property name="env.TRAVIS_SECURE_ENV_VARS" value="true" />
    <property name="env._system_type" value="Linux" />
    <property name="java.vendor.url.bug" value="http://bugreport.sun.com/bugreport/" />
    <property name="env.SSH_CLIENT" value="10.10.19.221 54400 22" />
    <property name="npmjs-org-is-up" value="true" />
    <property name="env.GEM_HOME" value="/home/travis/.rvm/gems/ruby-2.4.1" />
    <property name="env.HAS_ANTARES_THREE_LITTLE_FRONZIES_BADGE" value="true" />
    <property name="env.PS4" value="+" />
    <property name="ant.project.invoked-targets" value="build,test.core2.xml" />
    <property name="env.TRAVIS_PULL_REQUEST_BRANCH" value="" />
    <property name="env.TRAVIS_REPO_SLUG" value="icyphy/ptII" />
    <property name="env.TRAVIS_APT_PROXY" value="http://build-cache.travisci.net" />
    <property name="node.in.path" value="true" />
    <property name="java.maxmemory" value="1400m" />
    <property name="env.RUBY_VERSION" value="ruby-2.4.1" />
    <property name="user.name" value="travis" />
    <property name="env.LANG" value="en_US.UTF-8" />
    <property name="sun.io.unicode.encoding" value="UnicodeLittle" />
    <property name="sun.jnu.encoding" value="UTF-8" />
    <property name="java.runtime.name" value="Java(TM) SE Runtime Environment" />
    <property name="usefile" value="false" />
    <property name="return.code" value="0" />
    <property name="junit.single.formatter" value="plain" />
    <property name="env.DYLD_LIBRARY_PATH" value="/home/travis/pthla/certi-tools/lib:" />
    <property name="env.DEBIAN_FRONTEND" value="noninteractive" />
    <property name="env.SSH_CONNECTION" value="10.10.19.221 54400 10.20.1.83 22" />
    <property name="env.MYSQL_UNIX_PORT" value="/var/run/mysqld/mysqld.sock" />
    <property name="env.TRAVIS_ALLOW_FAILURE" value="false" />
    <property name="env.LC_ALL" value="en_US.UTF-8" />
    <property name="env.TRAVIS_JOB_WEB_URL" value="https://travis-ci.org/icyphy/ptII/jobs/491957866" />
    <property name="java.specification.name" value="Java Platform API Specification" />
    <property name="node.works" value="true" />
    <property name="user.timezone" value="" />
    <property name="path.separator" value=":" />
    <property name="env.TRAVIS_ENABLE_INFRA_DETECTION" value="true" />
    <property name="env.PYTHON_CFLAGS" value="-g -fstack-protector --param=ssp-buffer-size=4 -Wformat -Werror=format-security" />
    <property name="timeout.long" value="4000000" />
    <property name="env.CERTI_HOME" value="/home/travis/pthla/certi-tools" />
    <property name="file.encoding" value="UTF-8" />
    <property name="ant.file.ptII" value="/home/travis/build/icyphy/ptII/build.xml" />
    <property name="javadoc.packagenames" value="com.*,diva.*,lbnl.*,org.hlacerti.*,org.json.*,org.ptolemy.*,org.terraswarm.*,ptolemy.*,ptserver.*" />
    <property name="env.TRAVIS_PULL_REQUEST_SLUG" value="" />
    <property name="ant.project.default-target" value="build" />
    <property name="env.GIT_ASKPASS" value="echo" />
    <property name="env.HOME" value="/home/travis" />
    <property name="sun.java.command" value="org.apache.tools.ant.taskdefs.optional.junit.JUnitTestRunner ptolemy.domains.de.test.junit.JUnitTclTest skipNonTests=false filtertrace=true haltOnError=false haltOnFailure=false formatter=org.apache.tools.ant.taskdefs.optional.junit.OutErrSummaryJUnitResultFormatter showoutput=true outputtoformatters=true logfailedtests=true threadid=0 logtestlistenerevents=false formatter=org.apache.tools.ant.taskdefs.optional.junit.XMLJUnitResultFormatter,/home/travis/build/icyphy/ptII/reports/junit/TEST-ptolemy.domains.de.test.junit.JUnitTclTest.xml crashfile=/home/travis/build/icyphy/ptII/junitvmwatcher7960369527745580306.properties propsfile=/home/travis/build/icyphy/ptII/junit8597702846594974860.properties" />
    <property name="env.MANPATH" value="/home/travis/.nvm/versions/node/v7.10.1/share/man:/home/travis/.kiex/elixirs/elixir-1.4.5/man:/home/travis/.rvm/rubies/ruby-2.4.1/share/man:/usr/local/man:/usr/local/cmake-3.9.2/man:/usr/local/clang-5.0.0/share/man:/usr/local/share/man:/usr/share/man:/home/travis/.rvm/man" />
    <property name="env.COMPOSER_NO_INTERACTION" value="1" />
    <property name="env.JDK_SWITCHER_DEFAULT" value="oraclejdk8" />
    <property name="env.TRAVIS_TIMER_ID" value="0e2d25e9" />
    <property name="ant.file" value="/home/travis/build/icyphy/ptII/build.xml" />
    <property name="env.TRAVIS_COMMIT_RANGE" value="fd33c76baa16530294e6993287231cfe75e3f9f4...879f111b998daf2a28aa833b9629496c9080eaab" />
    <property name="env._system_name" value="Ubuntu" />
    <property name="timeout" value="2400000" />
    <property name="ptII.classpath.optional.property" value="/home/travis/build/icyphy/ptII/lib/bsh-2.0b4.jar:/home/travis/build/icyphy/ptII/lib/ptCal.jar:/home/travis/build/icyphy/ptII/lib/java_cup.jar:/home/travis/build/icyphy/ptII/lib/saxon8.jar:/home/travis/build/icyphy/ptII/lib/saxon8-dom.jar:/home/travis/build/icyphy/ptII/lib/chic.jar:/home/travis/build/icyphy/ptII/lib/ptcolt.jar:/usr/lib/jvm/java-8-oracle/lib/tools.jar:/home/travis/build/icyphy/ptII/vendors/misc/itext/iText.jar:/home/travis/build/icyphy/ptII/lib/g4ltl.jar:/home/travis/build/icyphy/ptII/lib/StructuralCoder.jar:/home/travis/build/icyphy/ptII/vendors/jai-1_1_2_01/lib/jai_core.jar:/home/travis/build/icyphy/ptII/vendors/jai-1_1_2_01/lib/jai_codec.jar:/home/travis/build/icyphy/ptII/lib/jcerti.jar:/home/travis/build/icyphy/ptII/lib/javax.mail.jar:/home/travis/build/icyphy/ptII/vendors/JMF-2.1.1e/lib/jmf.jar:/home/travis/build/icyphy/ptII/lib/jna-4.0.0-variadic.jar:/home/travis/build/icyphy/ptII/vendors/misc/joystick/Joystick.jar:/home/travis/build/icyphy/ptII/lib/ptjacl.jar:/home/travis/build/icyphy/ptII/lib/jsoup-1.8.2.jar:/home/travis/build/icyphy/ptII/lib/junit-4.8.2.jar:/home/travis/build/icyphy/ptII/lib/JUnitParams-0.4.0.jar:/home/travis/build/icyphy/ptII/ptolemy/actor/lib/excel/jxl.jar:/home/travis/build/icyphy/ptII/lib/jython.jar:/home/travis/build/icyphy/ptII/lib/kieler.jar:/home/travis/build/icyphy/ptII/vendors/opencv/share/OpenCV/java/opencv-341.jar:/home/travis/build/icyphy/ptII/lib/oscP5.jar:/home/travis/build/icyphy/ptII/lib/nrjavaserial-3.11.0.devel.jar:/home/travis/build/icyphy/ptII/vendors/j3d/lib/j3dcore.jar:/home/travis/build/icyphy/ptII/vendors/j3d/lib/j3dutils.jar:/home/travis/build/icyphy/ptII/vendors/j3d/lib/vecmath.jar:/home/travis/build/icyphy/ptII/ptolemy/distributed/jini/jar/jini-core.jar:/home/travis/build/icyphy/ptII/ptolemy/distributed/jini/jar/jini-ext.jar:/home/travis/build/icyphy/ptII/ptolemy/distributed/jini/jar/sun-util.jar:/home/travis/build/icyphy/ptII/lib/protobuf-java-2.4.1.jar:/home/travis/build/icyphy/ptII/lib/org.eclipse.paho.client.mqttv3.jar:/home/travis/build/icyphy/ptII/lib/mapss.jar:/home/travis/build/icyphy/ptII/ptolemy/actor/ptalon/antlr/antlr.jar:/home/travis/build/icyphy/ptII/lib/JRI.jar:/home/travis/build/icyphy/ptII/lib/commons-lang-2.6.jar:/home/travis/build/icyphy/ptII/lib/commons-logging-1.1.1.jar:/home/travis/build/icyphy/ptII/lib/sootclasses.jar:/home/travis/build/icyphy/ptII/ptolemy/actor/lib/database/mysql-connector-java-5.1.6-bin.jar:/home/travis/build/icyphy/ptII/vendors/misc/sphinx4/sphinx4-data-5prealpha.jar:/home/travis/build/icyphy/ptII/vendors/misc/sphinx4/sphinx4-core-5prealpha.jar:/home/travis/build/icyphy/ptII/lib/PDFRenderer.jar:/home/travis/build/icyphy/ptII/lib/svgSalamander.jar:/home/travis/build/icyphy/ptII/lib/rsyntaxtextarea-2.6.0-SNAPSHOT.jar:/home/travis/build/icyphy/ptII/lib/hazelcast-3.8.2.jar:/home/travis/build/icyphy/ptII/lib/jackson-annotations-2.9.0.jar:/home/travis/build/icyphy/ptII/lib/jackson-core-2.9.3.jar:/home/travis/build/icyphy/ptII/lib/jackson-databind-2.9.3.jar:/home/travis/build/icyphy/ptII/lib/netty-buffer-4.1.19.Final.jar:/home/travis/build/icyphy/ptII/lib/netty-codec-4.1.19.Final.jar:/home/travis/build/icyphy/ptII/lib/netty-codec-dns-4.1.19.Final.jar:/home/travis/build/icyphy/ptII/lib/netty-codec-http-4.1.19.Final.jar:/home/travis/build/icyphy/ptII/lib/netty-codec-http2-4.1.19.Final.jar:/home/travis/build/icyphy/ptII/lib/netty-common-4.1.19.Final.jar:/home/travis/build/icyphy/ptII/lib/netty-handler-4.1.19.Final.jar:/home/travis/build/icyphy/ptII/lib/netty-resolver-4.1.19.Final.jar:/home/travis/build/icyphy/ptII/lib/netty-resolver-dns-4.1.19.Final.jar:/home/travis/build/icyphy/ptII/lib/netty-transport-4.1.19.Final.jar:/home/travis/build/icyphy/ptII/lib/vertx-codegen-3.5.1.jar:/home/travis/build/icyphy/ptII/lib/vertx-core-3.5.2-SNAPSHOT.jar:/home/travis/build/icyphy/ptII/lib/vertx-hazelcast-3.5.1.jar:/home/travis/build/icyphy/ptII/lib/vertx-lang-js-3.5.1.jar:/home/travis/build/icyphy/ptII/lib/vertx-service-proxy-3.5.1.jar:/home/travis/build/icyphy/ptII/lib/vertx-web-3.5.1.jar:/home/travis/build/icyphy/ptII/lib/slf4j-api-1.7.13.jar:/home/travis/build/icyphy/ptII/lib/slf4j-simple-1.7.13.jar:/home/travis/build/icyphy/ptII/lib/webcam-capture-0.3.12.jar:/home/travis/build/icyphy/ptII/lib/bridj-0.7.0.jar:/home/travis/build/icyphy/ptII/lib/xbjlib-1.1.0.nrjavaserial.jar" />
    <property name="test.batch" value="**/junit/*.java" />
    <property name="env._" value="/usr/bin/timeout" />
    <property name="java.io.tmpdir" value="/tmp" />
    <property name="env.TRAVIS_INTERNAL_RUBY_REGEX" value="^ruby-(2\.[0-4]\.[0-9]|1\.9\.3)" />
    <property name="user.language" value="en" />
    <property name="env.HISTCONTROL" value="ignoredups:ignorespace" />
    <property name="env.GOROOT" value="/home/travis/.gimme/versions/go1.7.4.linux.amd64" />
    <property name="line.separator" value="&#xa;" />
    <property name="target" value="1.8" />
    <property name="env.TRAVIS_BUILD_DIR" value="/home/travis/build/icyphy/ptII" />
    <property name="env.ANT_OPTS" value="-Xmx2048m" />
    <property name="ant.file.type" value="file" />
    <property name="ptolemy.ptII.batchMode" value="true" />
    <property name="env.HISTSIZE" value="1000" />
    <property name="env.MERB_ENV" value="test" />
    <property name="java.vm.info" value="mixed mode" />
    <property name="source" value="1.8" />
    <property name="java.vm.specification.name" value="Java Virtual Machine Specification" />
    <property name="env.TRAVIS_TEST_RESULT" value="0" />
    <property name="jsdoc.command" value="node_modules/@terraswarm/jsdoc/jsdoc.js" />
    <property name="npm.works" value="true" />
    <property name="cobertura.dir" value="/home/travis/build/icyphy/ptII/vendors/cobertura-2.0.3" />
    <property name="env.rvm_path" value="/home/travis/.rvm" />
    <property name="env.GEM_PATH" value="/home/travis/.rvm/gems/ruby-2.4.1:/home/travis/.rvm/gems/ruby-2.4.1@global" />
    <property name="env.LC_CTYPE" value="en_US.UTF-8" />
    <property name="java.awt.printerjob" value="sun.print.PSPrinterJob" />
    <property name="env.TRAVIS_CMD" value="$PTII/bin/ptIITravisBuild.sh $SECONDS" />
    <property name="env.TRAVIS_STACK_NAME" value="garnet" />
    <property name="env.TRAVIS_TIMER_START_TIME" value="1549941823285489526" />
    <property name="ant.version" value="Apache Ant(TM) version 1.10.1 compiled on February 2 2017" />
    <property name="ptII.reports" value="/home/travis/build/icyphy/ptII/reports" />
    <property name="env.TRAVIS_STACK_TIMESTAMP" value="2017-12-05 19:33:09 UTC" />
    <property name="ant.file.type.ptII" value="file" />
    <property name="env.RBENV_SHELL" value="bash" />
    <property name="os.name" value="Linux" />
    <property name="java.specification.vendor" value="Oracle Corporation" />
    <property name="env.rvm_version" value="1.29.3 (latest)" />
    <property name="env.TRAVIS_INFRA" value="gce" />
    <property name="env.TERM" value="xterm" />
    <property name="java.vm.name" value="Java HotSpot(TM) 64-Bit Server VM" />
    <property name="env.TRAVIS_BUILD_NUMBER" value="999" />
    <property name="env.CI" value="true" />
    <property name="java.library.path" value="/home/travis/pthla/certi-tools/lib:/usr/lib/jni:/usr/local/share/OpenCV/java/:/usr/share/OpenCV/java::/usr/java/packages/lib/amd64:/usr/lib64:/lib64:/lib:/usr/lib" />
    <property name="env.rvm_prefix" value="/home/travis" />
    <property name="env.PATH" value="/home/travis/pthla/certi-tools/share/scripts:/home/travis/.rvm/gems/ruby-2.4.1/bin:/home/travis/.rvm/gems/ruby-2.4.1@global/bin:/home/travis/.rvm/rubies/ruby-2.4.1/bin:/home/travis/.rvm/bin:/home/travis/.nvm/versions/node/v7.10.1/bin:./node_modules/.bin:/home/travis/build/icyphy/ptII/bin:/home/travis/pthla/certi-tools/bin:/home/travis/bin:/home/travis/.local/bin:/opt/pyenv/shims:/home/travis/.phpenv/shims:/home/travis/perl5/perlbrew/bin:/home/travis/.kiex/elixirs/elixir-1.4.5/bin:/home/travis/.kiex/bin:/home/travis/gopath/bin:/home/travis/.gimme/versions/go1.7.4.linux.amd64/bin:/usr/local/phantomjs/bin:/usr/local/phantomjs:/usr/local/neo4j-3.2.7/bin:/usr/local/maven-3.5.2/bin:/usr/local/cmake-3.9.2/bin:/usr/local/clang-5.0.0/bin:/usr/local/sbin:/usr/local/bin:/usr/sbin:/usr/bin:/sbin:/bin:/home/travis/.phpenv/bin:/opt/pyenv/bin:/home/travis/.yarn/bin" />
    <property name="env.TRAVIS_OS_NAME" value="linux" />
    <property name="ant.java.version" value="1.8" />
    <property name="basedir" value="/home/travis/build/icyphy/ptII" />
    <property name="java.class.version" value="52.0" />
    <property name="env.SHLVL" value="3" />
    <property name="env.LD_LIBRARY_PATH" value="/home/travis/pthla/certi-tools/lib:/usr/lib/jni:/usr/local/share/OpenCV/java/:/usr/share/OpenCV/java:" />
    <property name="env.RACK_ENV" value="test" />
    <property name="ant.home" value="/home/travis/build/icyphy/ptII/ant" />
    <property name="env.PERLBREW_BASHRC_VERSION" value="0.80" />
    <property name="env.NVM_DIR" value="/home/travis/.nvm" />
    <property name="env.TRAVIS_BUILD_ID" value="491957853" />
    <property name="env.CERTI_FOM_PATH" value="/home/travis/pthla/certi-tools/share/federations" />
    <property name="env.PYENV_ROOT" value="/opt/pyenv" />
    <property name="env.TRAVIS_UID" value="2000" />
    <property name="env.rvm_pretty_print_flag" value="auto" />
    <property name="env.NVM_BIN" value="/home/travis/.nvm/versions/node/v7.10.1/bin" />
    <property name="env.TRAVIS_COMMIT" value="879f111b998daf2a28aa833b9629496c9080eaab" />
    <property name="env._system_arch" value="x86_64" />
    <property name="node.executable" value="node" />
    <property name="sun.boot.library.path" value="/usr/lib/jvm/java-8-oracle/jre/lib/amd64" />
    <property name="sun.management.compiler" value="HotSpot 64-Bit Tiered Compilers" />
    <property name="env.GOPATH" value="/home/travis/gopath" />
    <property name="java.awt.graphicsenv" value="sun.awt.X11GraphicsEnvironment" />
    <property name="ptolemy.ptII.dir" value="/home/travis/build/icyphy/ptII" />
    <property name="env.USER" value="travis" />
    <property name="env.HISTFILESIZE" value="2000" />
    <property name="timeout.longest" value="19000000" />
    <property name="env.TRAVIS_STACK_FEATURES" value="basic cassandra chromium couchdb disabled-ipv6 docker docker-compose elasticsearch firefox go-toolchain google-chrome jdk memcached mongodb mysql neo4j nodejs_interpreter perl_interpreter perlbrew phantomjs postgresql python_interpreter rabbitmq redis riak ruby_interpreter sqlite xserver" />
    <property name="env.TRAVIS_PULL_REQUEST" value="false" />
    <property name="env.PYENV_SHELL" value="bash" />
    <property name="ant.project.name" value="ptII" />
    <property name="java.vm.specification.version" value="1.8" />
    <property name="env.ANSI_RESET" value="\033[0m" />
    <property name="env.TRAVIS_DIST" value="trusty" />
    <property name="env.CERTI_VERSION" value="4.0.0" />
    <property name="env.NLSPATH" value="/usr/dt/lib/nls/msg/%L/%N.cat" />
    <property name="awt.toolkit" value="sun.awt.X11.XToolkit" />
    <property name="env.CERTI_HOST" value="localhost" />
    <property name="env.MY_RUBY_HOME" value="/home/travis/.rvm/rubies/ruby-2.4.1" />
    <property name="sun.cpu.isalist" value="" />
    <property name="env.TRAVIS_TMPDIR" value="/tmp/tmp.aqUtDDkmjE" />
    <property name="java.ext.dirs" value="/usr/lib/jvm/java-8-oracle/jre/lib/ext:/usr/java/packages/lib/ext" />
    <property name="os.version" value="4.4.0-101-generic" />
    <property name="user.home" value="/home/travis" />
    <property name="env.MIX_ARCHIVES" value="/home/travis/.kiex/mix/elixir-1.4.5" />
    <property name="java.vm.vendor" value="Oracle Corporation" />
    <property name="env.TRAVIS_TAG" value="nightly" />
    <property name="env.ANSI_YELLOW" value="\033[33;1m" />
    <property name="env.TRAVIS_FILTERED" value="redirect_io" />
    <property name="env.ANSI_GREEN" value="\033[32;1m" />
    <property name="env.JAVA_HOME" value="/usr/lib/jvm/java-8-oracle" />
    <property name="env.PTII" value="/home/travis/build/icyphy/ptII" />
    <property name="javadoc.excludepackagenames" value="adm.cvs2svn.*,build.*,config.*,doc.coding.templates.*,jni.test.jni.meaningOfLife.*,jni.test.jni.testDeux.*,jni.test.jni.testTrois.*,org.terraswarm.accessor.accessors.web.node_modules.*,org.terraswarm.accessor.accessors.web.hosts.cordova.demo.*,org.terraswarm.accessor.accessors.web.hosts.cordova.plugins.*,org.terraswarm.accessor.accessors-svn.*,pt-modules.*,ptolemy.apps.agilent.*,ptolemy.apps.anytimecontrol.*,ptolemy.apps.apes.*,ptolemy.apps.charon.*,ptolemy.apps.crazyboard.*,ptolemy.apps.eclipse.*,ptolemy.apps.etherealSting.*,ptolemy.apps.fullscreen.*,ptolemy.apps.giotto.*,ptolemy.apps.ia.*,ptolemy.apps.interfaces.*,ptolemy.apps.jmf.*,ptolemy.apps.kurt.*,ptolemy.apps.kvm.*,ptolemy.apps.lego.*,ptolemy.apps.lejos.*,ptolemy.apps.midp.*,ptolemy.apps.mobileCoding.*,ptolemy.apps.pendulum.*,ptolemy.apps.rijndael.*,ptolemy.apps.robot.*,ptolemy.apps.security.*,ptolemy.apps.sobel.*,ptolemy.apps.soot.*,ptolemy.apps.throttle.*,ptolemy.apps.tini.*,ptolemy.apps.transmission.*,ptolemy.apps.vergil.*,ptolemy.apps.waba.*,ptolemy.apps.websensor.*,ptolemy.apps.webstart.*,ptolemy.apps.xsl.*,ptolemy.apps.zaurus.*,ptolemy.codegen.c.actor.lib.oldJavaFiles.*,ptolemy.codegen.dsp.lib.*,ptolemy.codegen.kernel.newInterfaces.*,ptolemy.codegen.lib.*,ptolemy.copernicus.kernel.fragment.*,ptolemy.copernicus.shallow.cg.*,ptolemy.domains.giotto.demo.Hierarchy.Hierarchy.*,ptolemy.domains.giotto.demo.Multimode.Multimode.*,ptolemy.domains.giotto.demo.Simple.Simple.*,ptolemy.domains.gr.lib.experimental.*,ptolemy.domains.gro.*,ptolemy.domains.pdf.*,ptolemy.domains.ptinyos.demo.Surge.output.*,ptolemy.moml.test.NoPackageActor.java*,ptolemy.plot.adm.*,ptolemy.plot.servlet.*,reports.*,signed.*,src.*,target.*,vendors.*,ptolemy.apps.eclipse.awt.*,ptolemy.backtrack.*,ptolemy.backtrack.ast.*,ptolemy.cg.adapter.generic.program.procedural.c.mbed*,ptolemy.homer.*,org.ptolemy.scala.*,diva.util.java2d.svg.*,ptolemy.domains.ptinyos.*,ptolemy.actor.lib.fmi.fmipp.*,,org.terraswarm.accessor.accessors.web.node_modules.*,org.terraswarm.accessor.accessors-svn,ptolemy.apps.*,ptolemy.actor.ptalon.demo.ptinyos.SendAndReceiveCnt.output,ptolemy.actor.ptalon.demo.ptinyos.SenseToLeds.output,ptolemy.domains.ptinyos.demo.CntToLedsAndRfm.output,ptolemy.domains.ptinyos.demo.RfmToLeds.output,ptolemy.domains.ptinyos.demo.SendAndReceiveCnt.output,ptolemy.domains.ptinyos.demo.SenseToLeds.output,ptolemy.actor.lib.jjs.modules.udpSocket.*" />
    <property name="env.TRAVIS_COMMIT_MESSAGE" value="Updated seating in DOP Center" />
    <property name="keystore" value="ptKeystore" />
    <property name="env.XDG_SESSION_ID" value="2" />
    <property name="junit.output.dir" value="/home/travis/build/icyphy/ptII/reports/junit" />
    <property name="npm.return.code" value="0" />
    <property name="user.dir" value="/home/travis/build/icyphy/ptII/ptolemy/domains/de/test" />
    <property name="env.TRAVIS_NODE_VERSION" value="7" />
    <property name="env.XFILESEARCHPATH" value="/usr/dt/app-defaults/%L/Dt" />
    <property name="env.TRAVIS_EVENT_TYPE" value="cron" />
    <property name="env.MAIL" value="/var/mail/travis" />
    <property name="env.PWD" value="/home/travis/build/icyphy/ptII" />
    <property name="env.PERLBREW_ROOT" value="/home/travis/perl5/perlbrew" />
    <property name="timeout.npm" value="45000" />
    <property name="env.PT_TRAVIS_TEST_CORE2_XML" value="true" />
    <property name="env.TRAVIS_ARCH" value="amd64" />
    <property name="env.PAGER" value="cat" />
    <property name="sun.cpu.endian" value="little" />
    <property name="env.TRAVIS_BUILD_STAGE_NAME" value="Test" />
    <property name="env.PERLBREW_HOME" value="/home/travis/.perlbrew" />
    <property name="env.RAILS_ENV" value="test" />
    <property name="java.vm.version" value="25.151-b12" />
    <property name="java.class.path" value="/home/travis/build/icyphy/ptII:/home/travis/build/icyphy/ptII/lib/bsh-2.0b4.jar:/home/travis/build/icyphy/ptII/lib/ptCal.jar:/home/travis/build/icyphy/ptII/lib/java_cup.jar:/home/travis/build/icyphy/ptII/lib/saxon8.jar:/home/travis/build/icyphy/ptII/lib/saxon8-dom.jar:/home/travis/build/icyphy/ptII/lib/chic.jar:/home/travis/build/icyphy/ptII/lib/ptcolt.jar:/usr/lib/jvm/java-8-oracle/lib/tools.jar:/home/travis/build/icyphy/ptII/vendors/misc/itext/iText.jar:/home/travis/build/icyphy/ptII/lib/g4ltl.jar:/home/travis/build/icyphy/ptII/lib/StructuralCoder.jar:/home/travis/build/icyphy/ptII/vendors/jai-1_1_2_01/lib/jai_core.jar:/home/travis/build/icyphy/ptII/vendors/jai-1_1_2_01/lib/jai_codec.jar:/home/travis/build/icyphy/ptII/lib/jcerti.jar:/home/travis/build/icyphy/ptII/lib/javax.mail.jar:/home/travis/build/icyphy/ptII/vendors/JMF-2.1.1e/lib/jmf.jar:/home/travis/build/icyphy/ptII/lib/jna-4.0.0-variadic.jar:/home/travis/build/icyphy/ptII/vendors/misc/joystick/Joystick.jar:/home/travis/build/icyphy/ptII/lib/ptjacl.jar:/home/travis/build/icyphy/ptII/lib/jsoup-1.8.2.jar:/home/travis/build/icyphy/ptII/lib/junit-4.8.2.jar:/home/travis/build/icyphy/ptII/lib/JUnitParams-0.4.0.jar:/home/travis/build/icyphy/ptII/ptolemy/actor/lib/excel/jxl.jar:/home/travis/build/icyphy/ptII/lib/jython.jar:/home/travis/build/icyphy/ptII/lib/kieler.jar:/home/travis/build/icyphy/ptII/vendors/opencv/share/OpenCV/java/opencv-341.jar:/home/travis/build/icyphy/ptII/lib/oscP5.jar:/home/travis/build/icyphy/ptII/lib/nrjavaserial-3.11.0.devel.jar:/home/travis/build/icyphy/ptII/vendors/j3d/lib/j3dcore.jar:/home/travis/build/icyphy/ptII/vendors/j3d/lib/j3dutils.jar:/home/travis/build/icyphy/ptII/vendors/j3d/lib/vecmath.jar:/home/travis/build/icyphy/ptII/ptolemy/distributed/jini/jar/jini-core.jar:/home/travis/build/icyphy/ptII/ptolemy/distributed/jini/jar/jini-ext.jar:/home/travis/build/icyphy/ptII/ptolemy/distributed/jini/jar/sun-util.jar:/home/travis/build/icyphy/ptII/lib/protobuf-java-2.4.1.jar:/home/travis/build/icyphy/ptII/lib/org.eclipse.paho.client.mqttv3.jar:/home/travis/build/icyphy/ptII/lib/mapss.jar:/home/travis/build/icyphy/ptII/ptolemy/actor/ptalon/antlr/antlr.jar:/home/travis/build/icyphy/ptII/lib/JRI.jar:/home/travis/build/icyphy/ptII/lib/commons-lang-2.6.jar:/home/travis/build/icyphy/ptII/lib/commons-logging-1.1.1.jar:/home/travis/build/icyphy/ptII/lib/sootclasses.jar:/home/travis/build/icyphy/ptII/ptolemy/actor/lib/database/mysql-connector-java-5.1.6-bin.jar:/home/travis/build/icyphy/ptII/vendors/misc/sphinx4/sphinx4-data-5prealpha.jar:/home/travis/build/icyphy/ptII/vendors/misc/sphinx4/sphinx4-core-5prealpha.jar:/home/travis/build/icyphy/ptII/lib/PDFRenderer.jar:/home/travis/build/icyphy/ptII/lib/svgSalamander.jar:/home/travis/build/icyphy/ptII/lib/rsyntaxtextarea-2.6.0-SNAPSHOT.jar:/home/travis/build/icyphy/ptII/lib/hazelcast-3.8.2.jar:/home/travis/build/icyphy/ptII/lib/jackson-annotations-2.9.0.jar:/home/travis/build/icyphy/ptII/lib/jackson-core-2.9.3.jar:/home/travis/build/icyphy/ptII/lib/jackson-databind-2.9.3.jar:/home/travis/build/icyphy/ptII/lib/netty-buffer-4.1.19.Final.jar:/home/travis/build/icyphy/ptII/lib/netty-codec-4.1.19.Final.jar:/home/travis/build/icyphy/ptII/lib/netty-codec-dns-4.1.19.Final.jar:/home/travis/build/icyphy/ptII/lib/netty-codec-http-4.1.19.Final.jar:/home/travis/build/icyphy/ptII/lib/netty-codec-http2-4.1.19.Final.jar:/home/travis/build/icyphy/ptII/lib/netty-common-4.1.19.Final.jar:/home/travis/build/icyphy/ptII/lib/netty-handler-4.1.19.Final.jar:/home/travis/build/icyphy/ptII/lib/netty-resolver-4.1.19.Final.jar:/home/travis/build/icyphy/ptII/lib/netty-resolver-dns-4.1.19.Final.jar:/home/travis/build/icyphy/ptII/lib/netty-transport-4.1.19.Final.jar:/home/travis/build/icyphy/ptII/lib/vertx-codegen-3.5.1.jar:/home/travis/build/icyphy/ptII/lib/vertx-core-3.5.2-SNAPSHOT.jar:/home/travis/build/icyphy/ptII/lib/vertx-hazelcast-3.5.1.jar:/home/travis/build/icyphy/ptII/lib/vertx-lang-js-3.5.1.jar:/home/travis/build/icyphy/ptII/lib/vertx-service-proxy-3.5.1.jar:/home/travis/build/icyphy/ptII/lib/vertx-web-3.5.1.jar:/home/travis/build/icyphy/ptII/lib/slf4j-api-1.7.13.jar:/home/travis/build/icyphy/ptII/lib/slf4j-simple-1.7.13.jar:/home/travis/build/icyphy/ptII/lib/webcam-capture-0.3.12.jar:/home/travis/build/icyphy/ptII/lib/bridj-0.7.0.jar:/home/travis/build/icyphy/ptII/lib/xbjlib-1.1.0.nrjavaserial.jar:/home/travis/build/icyphy/ptII/ptolemy/moml/test:/home/travis/build/icyphy/ptII/ant/lib/ant-launcher.jar:/home/travis/build/icyphy/ptII/ant/lib/ant.jar:/home/travis/build/icyphy/ptII/ant/lib/ant-junit.jar:/home/travis/build/icyphy/ptII/ant/lib/ant-junit4.jar" />
    <property name="ant.library.dir" value="/home/travis/build/icyphy/ptII/ant/lib" />
    <property name="os.arch" value="amd64" />
    <property name="env.TRAVIS_LANGUAGE" value="node_js" />
    <property name="env.CONTINUOUS_INTEGRATION" value="true" />
    <property name="env.TRAVIS_STACK_LANGUAGES" value="__garnet__ c c++ clojure cplusplus cpp default go groovy java node_js php pure_java python ruby scala" />
    <property name="test.name" value="ptolemy.actor.lib.test.junit.JUnitTclTest" />
    <property name="sun.java.launcher" value="SUN_STANDARD" />
    <property name="env.PYTHON_CONFIGURE_OPTS" value="--enable-unicode=ucs4 --with-wide-unicode --enable-shared --enable-ipv6 --enable-loadable-sqlite-extensions --with-computed-gotos" />
    <property name="ant.core.lib" value="/home/travis/build/icyphy/ptII/ant/lib/ant.jar" />
    <property name="java.vm.specification.vendor" value="Oracle Corporation" />
    <property name="env.BCVTB_HOME" value="/home/travis/build/icyphy/ptII/lbnl" />
    <property name="file.separator" value="/" />
    <property name="spotbugs.home" value="/home/travis/build/icyphy/ptII/vendors/spotbugs-3.1.1" />
    <property name="java.runtime.version" value="1.8.0_151-b12" />
    <property name="sun.boot.class.path" value="/usr/lib/jvm/java-8-oracle/jre/lib/resources.jar:/usr/lib/jvm/java-8-oracle/jre/lib/rt.jar:/usr/lib/jvm/java-8-oracle/jre/lib/sunrsasign.jar:/usr/lib/jvm/java-8-oracle/jre/lib/jsse.jar:/usr/lib/jvm/java-8-oracle/jre/lib/jce.jar:/usr/lib/jvm/java-8-oracle/jre/lib/charsets.jar:/usr/lib/jvm/java-8-oracle/jre/lib/jfr.jar:/usr/lib/jvm/java-8-oracle/jre/classes" />
    <property name="env.ANSI_CLEAR" value="\033[0K" />
    <property name="env.HAS_JOSH_K_SEAL_OF_APPROVAL" value="true" />
    <property name="env.XDG_RUNTIME_DIR" value="/run/user/2000" />
    <property name="env.TRAVIS_OSX_IMAGE" value="" />
    <property name="env.TRAVIS_BRANCH" value="master" />
    <property name="env.TRAVIS_JOB_ID" value="491957866" />
    <property name="user.country" value="US" />
    <property name="env.CERTI_HOME_TRAVIS" value="/home/travis/pthla/certi-tools" />
    <property name="env.SHELL" value="/bin/bash" />
    <property name="java.maxmemory.large" value="5000m" />
    <property name="model" value="" />
    <property name="env.CASHER_DIR" value="/home/travis/.casher" />
    <property name="env.NVM_CD_FLAGS" value="" />
    <property name="jshint.executable" value="/home/travis/node_modules/jshint/bin/jshint" />
    <property name="java.vendor" value="Oracle Corporation" />
    <property name="env.JRUBY_OPTS" value=" --client -J-XX:+TieredCompilation -J-XX:TieredStopAtLevel=1 -J-Xss2m -Xcompile.invokedynamic=false" />
    <property name="env.TRAVIS_PRE_CHEF_BOOTSTRAP_TIME" value="2017-12-05T19:32:55" />
    <property name="env.TRAVIS_STACK_JOB_BOARD_REGISTER" value="/.job-board-register.yml" />
    <property name="env.ELIXIR_VERSION" value="1.4.5" />
    <property name="env.ANSI_RED" value="\033[31;1m" />
    <property name="java.specification.version" value="1.8" />
    <property name="env.TRAVIS" value="true" />
    <property name="env.IRBRC" value="/home/travis/.rvm/rubies/ruby-2.4.1/.irbrc" />
    <property name="sun.arch.data.model" value="64" />
  </properties>
  <testcase classname="ptolemy.util.test.junit.TclTests" name="[0] /home/travis/build/icyphy/ptII/ptolemy/domains/de/test/DependencyLoop.tcl (RunTclFile)" time="0.706" />
  <testcase classname="ptolemy.util.test.junit.TclTests" name="[1] /home/travis/build/icyphy/ptII/ptolemy/domains/de/test/RunDETestsAsQSS.tcl (RunTclFile)" time="85.695" />
  <testcase classname="ptolemy.util.test.junit.AutoKnownFailedTests" name="[0] /home/travis/build/icyphy/ptII/ptolemy/domains/de/test/auto/knownFailedTests/DESDFClockTest.xml (RunModel)" time="2.035" />
  <testcase classname="ptolemy.util.test.junit.AutoKnownFailedTests" name="[1] /home/travis/build/icyphy/ptII/ptolemy/domains/de/test/auto/knownFailedTests/DirectFeedback.xml (RunModel)" time="0.014" />
  <testcase classname="ptolemy.util.test.junit.AutoKnownFailedTests" name="[2] /home/travis/build/icyphy/ptII/ptolemy/domains/de/test/auto/knownFailedTests/FSMSource.xml (RunModel)" time="0.028" />
  <testcase classname="ptolemy.util.test.junit.AutoKnownFailedTests" name="[3] /home/travis/build/icyphy/ptII/ptolemy/domains/de/test/auto/knownFailedTests/HierarchicalModel.xml (RunModel)" time="0.062" />
  <testcase classname="ptolemy.util.test.junit.AutoKnownFailedTests" name="[4] /home/travis/build/icyphy/ptII/ptolemy/domains/de/test/auto/knownFailedTests/dependencyLoop.xml (RunModel)" time="0.051" />
  <testcase classname="ptolemy.util.test.junit.AutoKnownFailedTests" name="[5] /home/travis/build/icyphy/ptII/ptolemy/domains/de/test/auto/knownFailedTests/dependencyLoop2.xml (RunModel)" time="0.046" />
  <testcase classname="ptolemy.util.test.junit.AutoNameArchTests" name="[0] ThereAreNoAutoArchTests (RunModel)" time="0.001" />
  <testcase classname="ptolemy.util.test.junit.AutoTests" name="[0] /home/travis/build/icyphy/ptII/ptolemy/domains/de/test/auto/ActorDepthCalculation_actorWithoutPorts.xml (RunModel)" time="0.021" />
  <testcase classname="ptolemy.util.test.junit.AutoTests" name="[1] /home/travis/build/icyphy/ptII/ptolemy/domains/de/test/auto/AssemblyLine.xml (RunModel)" time="0.022" />
  <testcase classname="ptolemy.util.test.junit.AutoTests" name="[2] /home/travis/build/icyphy/ptII/ptolemy/domains/de/test/auto/CQBug1.xml (RunModel)" time="0.011" />
  <testcase classname="ptolemy.util.test.junit.AutoTests" name="[3] /home/travis/build/icyphy/ptII/ptolemy/domains/de/test/auto/CancelFireAt.xml (RunModel)" time="0.005" />
  <testcase classname="ptolemy.util.test.junit.AutoTests" name="[4] /home/travis/build/icyphy/ptII/ptolemy/domains/de/test/auto/CausalityAndComposabilityAnalysis.xml (RunModel)" time="0.011" />
  <testcase classname="ptolemy.util.test.junit.AutoTests" name="[5] /home/travis/build/icyphy/ptII/ptolemy/domains/de/test/auto/CausalityInterface1.xml (RunModel)" time="0.013" />
  <testcase classname="ptolemy.util.test.junit.AutoTests" name="[6] /home/travis/build/icyphy/ptII/ptolemy/domains/de/test/auto/CausalityInterface15.xml (RunModel)" time="0.013" />
  <testcase classname="ptolemy.util.test.junit.AutoTests" name="[7] /home/travis/build/icyphy/ptII/ptolemy/domains/de/test/auto/CausalityInterface2.xml (RunModel)" time="0.01" />
  <testcase classname="ptolemy.util.test.junit.AutoTests" name="[8] /home/travis/build/icyphy/ptII/ptolemy/domains/de/test/auto/CausalityInterface3.xml (RunModel)" time="0.011" />
  <testcase classname="ptolemy.util.test.junit.AutoTests" name="[9] /home/travis/build/icyphy/ptII/ptolemy/domains/de/test/auto/ClockDrift.xml (RunModel)" time="0.033" />
  <testcase classname="ptolemy.util.test.junit.AutoTests" name="[10] /home/travis/build/icyphy/ptII/ptolemy/domains/de/test/auto/ClockDriftAndValueChange.xml (RunModel)" time="0.033" />
  <testcase classname="ptolemy.util.test.junit.AutoTests" name="[11] /home/travis/build/icyphy/ptII/ptolemy/domains/de/test/auto/ClockDriftChange.xml (RunModel)" time="0.038" />
  <testcase classname="ptolemy.util.test.junit.AutoTests" name="[12] /home/travis/build/icyphy/ptII/ptolemy/domains/de/test/auto/ComposableCausalityAnalysis.xml (RunModel)" time="0.018" />
  <testcase classname="ptolemy.util.test.junit.AutoTests" name="[13] /home/travis/build/icyphy/ptII/ptolemy/domains/de/test/auto/DEFixedPointLimitation.xml (RunModel)" time="0.013" />
  <testcase classname="ptolemy.util.test.junit.AutoTests" name="[14] /home/travis/build/icyphy/ptII/ptolemy/domains/de/test/auto/DEScheduleTest.xml (RunModel)" time="0.012" />
  <testcase classname="ptolemy.util.test.junit.AutoTests" name="[15] /home/travis/build/icyphy/ptII/ptolemy/domains/de/test/auto/DEinDEwithStartTimes.xml (RunModel)" time="0.014" />
  <testcase classname="ptolemy.util.test.junit.AutoTests" name="[16] /home/travis/build/icyphy/ptII/ptolemy/domains/de/test/auto/DEinDEwithStartTimes2.xml (RunModel)" time="0.015" />
  <testcase classname="ptolemy.util.test.junit.AutoTests" name="[17] /home/travis/build/icyphy/ptII/ptolemy/domains/de/test/auto/DateDemo.xml (RunModel)" time="0.023" />
  <testcase classname="ptolemy.util.test.junit.AutoTests" name="[18] /home/travis/build/icyphy/ptII/ptolemy/domains/de/test/auto/DateToEvent.xml (RunModel)" time="2.029" />
  <testcase classname="ptolemy.util.test.junit.AutoTests" name="[19] /home/travis/build/icyphy/ptII/ptolemy/domains/de/test/auto/DepthTest1.xml (RunModel)" time="0.012" />
  <testcase classname="ptolemy.util.test.junit.AutoTests" name="[20] /home/travis/build/icyphy/ptII/ptolemy/domains/de/test/auto/DepthTest2.xml (RunModel)" time="0.015" />
  <testcase classname="ptolemy.util.test.junit.AutoTests" name="[21] /home/travis/build/icyphy/ptII/ptolemy/domains/de/test/auto/DepthTest3.xml (RunModel)" time="0.007" />
  <testcase classname="ptolemy.util.test.junit.AutoTests" name="[22] /home/travis/build/icyphy/ptII/ptolemy/domains/de/test/auto/DepthTest4.xml (RunModel)" time="0.014" />
  <testcase classname="ptolemy.util.test.junit.AutoTests" name="[23] /home/travis/build/icyphy/ptII/ptolemy/domains/de/test/auto/DepthTest5.xml (RunModel)" time="0.012" />
  <testcase classname="ptolemy.util.test.junit.AutoTests" name="[24] /home/travis/build/icyphy/ptII/ptolemy/domains/de/test/auto/DepthTest6.xml (RunModel)" time="0.011" />
  <testcase classname="ptolemy.util.test.junit.AutoTests" name="[25] /home/travis/build/icyphy/ptII/ptolemy/domains/de/test/auto/DepthTest7.xml (RunModel)" time="0.01" />
  <testcase classname="ptolemy.util.test.junit.AutoTests" name="[26] /home/travis/build/icyphy/ptII/ptolemy/domains/de/test/auto/EventToDate.xml (RunModel)" time="3.03" />
  <testcase classname="ptolemy.util.test.junit.AutoTests" name="[27] /home/travis/build/icyphy/ptII/ptolemy/domains/de/test/auto/FSM1.xml (RunModel)" time="0.035" />
  <testcase classname="ptolemy.util.test.junit.AutoTests" name="[28] /home/travis/build/icyphy/ptII/ptolemy/domains/de/test/auto/FSM7.xml (RunModel)" time="0.046" />
  <testcase classname="ptolemy.util.test.junit.AutoTests" name="[29] /home/travis/build/icyphy/ptII/ptolemy/domains/de/test/auto/Inspection.xml (RunModel)" time="0.048" />
  <testcase classname="ptolemy.util.test.junit.AutoTests" name="[30] /home/travis/build/icyphy/ptII/ptolemy/domains/de/test/auto/Iteration.xml (RunModel)" time="0.023" />
  <testcase classname="ptolemy.util.test.junit.AutoTests" name="[31] /home/travis/build/icyphy/ptII/ptolemy/domains/de/test/auto/LineFault.xml (RunModel)" time="0.516" />
  <testcase classname="ptolemy.util.test.junit.AutoTests" name="[32] /home/travis/build/icyphy/ptII/ptolemy/domains/de/test/auto/MergeModel1Add.xml (RunModel)" time="0.038" />
  <testcase classname="ptolemy.util.test.junit.AutoTests" name="[33] /home/travis/build/icyphy/ptII/ptolemy/domains/de/test/auto/MergeModel2Add.xml (RunModel)" time="0.035" />
  <testcase classname="ptolemy.util.test.junit.AutoTests" name="[34] /home/travis/build/icyphy/ptII/ptolemy/domains/de/test/auto/MergeModel3Add.xml (RunModel)" time="0.031" />
  <testcase classname="ptolemy.util.test.junit.AutoTests" name="[35] /home/travis/build/icyphy/ptII/ptolemy/domains/de/test/auto/MergeWithoutDiscard.xml (RunModel)" time="0.009" />
  <testcase classname="ptolemy.util.test.junit.AutoTests" name="[36] /home/travis/build/icyphy/ptII/ptolemy/domains/de/test/auto/Modal1.xml (RunModel)" time="0.031" />
  <testcase classname="ptolemy.util.test.junit.AutoTests" name="[37] /home/travis/build/icyphy/ptII/ptolemy/domains/de/test/auto/Modal2.xml (RunModel)" time="0.029" />
  <testcase classname="ptolemy.util.test.junit.AutoTests" name="[38] /home/travis/build/icyphy/ptII/ptolemy/domains/de/test/auto/Modal3.xml (RunModel)" time="0.026" />
  <testcase classname="ptolemy.util.test.junit.AutoTests" name="[39] /home/travis/build/icyphy/ptII/ptolemy/domains/de/test/auto/Modal4.xml (RunModel)" time="0.027" />
  <testcase classname="ptolemy.util.test.junit.AutoTests" name="[40] /home/travis/build/icyphy/ptII/ptolemy/domains/de/test/auto/Modal5.xml (RunModel)" time="0.027" />
  <testcase classname="ptolemy.util.test.junit.AutoTests" name="[41] /home/travis/build/icyphy/ptII/ptolemy/domains/de/test/auto/Modal6.xml (RunModel)" time="0.024" />
  <testcase classname="ptolemy.util.test.junit.AutoTests" name="[42] /home/travis/build/icyphy/ptII/ptolemy/domains/de/test/auto/Modal7.xml (RunModel)" time="0.023" />
  <testcase classname="ptolemy.util.test.junit.AutoTests" name="[43] /home/travis/build/icyphy/ptII/ptolemy/domains/de/test/auto/ModalModel.xml (RunModel)" time="0.143" />
  <testcase classname="ptolemy.util.test.junit.AutoTests" name="[44] /home/travis/build/icyphy/ptII/ptolemy/domains/de/test/auto/ModalSource.xml (RunModel)" time="0.015" />
  <testcase classname="ptolemy.util.test.junit.AutoTests" name="[45] /home/travis/build/icyphy/ptII/ptolemy/domains/de/test/auto/NonInterruptibleTimerZeroDelay.xml (RunModel)" time="0.008" />
  <testcase classname="ptolemy.util.test.junit.AutoTests" name="[46] /home/travis/build/icyphy/ptII/ptolemy/domains/de/test/auto/OpenQueueingNetwork.xml (RunModel)" time="2.29" />
  <testcase classname="ptolemy.util.test.junit.AutoTests" name="[47] /home/travis/build/icyphy/ptII/ptolemy/domains/de/test/auto/OpenQueuingNetwork.xml (RunModel)" time="0.258" />
  <testcase classname="ptolemy.util.test.junit.AutoTests" name="[48] /home/travis/build/icyphy/ptII/ptolemy/domains/de/test/auto/PeriodicSampler.xml (RunModel)" time="0.006" />
  <testcase classname="ptolemy.util.test.junit.AutoTests" name="[49] /home/travis/build/icyphy/ptII/ptolemy/domains/de/test/auto/PersistentIO.xml (RunModel)" time="0.022" />
  <testcase classname="ptolemy.util.test.junit.AutoTests" name="[50] /home/travis/build/icyphy/ptII/ptolemy/domains/de/test/auto/PortParameterResetOnInitialize.xml (RunModel)" time="0.009" />
  <testcase classname="ptolemy.util.test.junit.AutoTests" name="[51] /home/travis/build/icyphy/ptII/ptolemy/domains/de/test/auto/PortParameterUpdates.xml (RunModel)" time="0.012" />
  <testcase classname="ptolemy.util.test.junit.AutoTests" name="[52] /home/travis/build/icyphy/ptII/ptolemy/domains/de/test/auto/QueueAndServer.xml (RunModel)" time="0.019" />
  <testcase classname="ptolemy.util.test.junit.AutoTests" name="[53] /home/travis/build/icyphy/ptII/ptolemy/domains/de/test/auto/Records.xml (RunModel)" time="0.012" />
  <testcase classname="ptolemy.util.test.junit.AutoTests" name="[54] /home/travis/build/icyphy/ptII/ptolemy/domains/de/test/auto/ResetTransitionWithStartTime1.xml (RunModel)" time="0.016" />
  <testcase classname="ptolemy.util.test.junit.AutoTests" name="[55] /home/travis/build/icyphy/ptII/ptolemy/domains/de/test/auto/ResetTransitionWithStartTime2.xml (RunModel)" time="0.016" />
  <testcase classname="ptolemy.util.test.junit.AutoTests" name="[56] /home/travis/build/icyphy/ptII/ptolemy/domains/de/test/auto/ResetTransitionWithStartTime3.xml (RunModel)" time="0.018" />
  <testcase classname="ptolemy.util.test.junit.AutoTests" name="[57] /home/travis/build/icyphy/ptII/ptolemy/domains/de/test/auto/ResetTransitionWithStartTime4.xml (RunModel)" time="0.02" />
  <testcase classname="ptolemy.util.test.junit.AutoTests" name="[58] /home/travis/build/icyphy/ptII/ptolemy/domains/de/test/auto/ResettableTimer1.xml (RunModel)" time="0.008" />
  <testcase classname="ptolemy.util.test.junit.AutoTests" name="[59] /home/travis/build/icyphy/ptII/ptolemy/domains/de/test/auto/ResettableTimer2.xml (RunModel)" time="0.007" />
  <testcase classname="ptolemy.util.test.junit.AutoTests" name="[60] /home/travis/build/icyphy/ptII/ptolemy/domains/de/test/auto/ResettableTimer3.xml (RunModel)" time="0.007" />
  <testcase classname="ptolemy.util.test.junit.AutoTests" name="[61] /home/travis/build/icyphy/ptII/ptolemy/domains/de/test/auto/ResettableTimer4.xml (RunModel)" time="0.009" />
  <testcase classname="ptolemy.util.test.junit.AutoTests" name="[62] /home/travis/build/icyphy/ptII/ptolemy/domains/de/test/auto/ResettableTimer5.xml (RunModel)" time="0.01" />
  <testcase classname="ptolemy.util.test.junit.AutoTests" name="[63] /home/travis/build/icyphy/ptII/ptolemy/domains/de/test/auto/ResettableTimer6.xml (RunModel)" time="0.016" />
  <testcase classname="ptolemy.util.test.junit.AutoTests" name="[64] /home/travis/build/icyphy/ptII/ptolemy/domains/de/test/auto/ServerZeroDelay.xml (RunModel)" time="0.008" />
  <testcase classname="ptolemy.util.test.junit.AutoTests" name="[65] /home/travis/build/icyphy/ptII/ptolemy/domains/de/test/auto/SmartSender.xml (RunModel)" time="3.006" />
  <testcase classname="ptolemy.util.test.junit.AutoTests" name="[66] /home/travis/build/icyphy/ptII/ptolemy/domains/de/test/auto/ThreadedComposite.xml (RunModel)" time="0.102" />
  <testcase classname="ptolemy.util.test.junit.AutoTests" name="[67] /home/travis/build/icyphy/ptII/ptolemy/domains/de/test/auto/Time.xml (RunModel)" time="0.422" />
  <testcase classname="ptolemy.util.test.junit.AutoTests" name="[68] /home/travis/build/icyphy/ptII/ptolemy/domains/de/test/auto/TimeDelayZeroDelay.xml (RunModel)" time="0.017" />
  <testcase classname="ptolemy.util.test.junit.AutoTests" name="[69] /home/travis/build/icyphy/ptII/ptolemy/domains/de/test/auto/TimerZeroDelay.xml (RunModel)" time="0.008" />
  <testcase classname="ptolemy.util.test.junit.AutoTests" name="[70] /home/travis/build/icyphy/ptII/ptolemy/domains/de/test/auto/TimingParadox.xml (RunModel)" time="0.324" />
  <testcase classname="ptolemy.util.test.junit.AutoTests" name="[71] /home/travis/build/icyphy/ptII/ptolemy/domains/de/test/auto/TransferInputs.xml (RunModel)" time="0.008" />
  <testcase classname="ptolemy.util.test.junit.AutoTests" name="[72] /home/travis/build/icyphy/ptII/ptolemy/domains/de/test/auto/TransferOutputs2.xml (RunModel)" time="0.014" />
  <testcase classname="ptolemy.util.test.junit.AutoTests" name="[73] /home/travis/build/icyphy/ptII/ptolemy/domains/de/test/auto/Trilateration.xml (RunModel)" time="11.146" />
  <testcase classname="ptolemy.util.test.junit.AutoTests" name="[74] /home/travis/build/icyphy/ptII/ptolemy/domains/de/test/auto/TwoSigmaDelta.xml (RunModel)" time="1.924" />
  <testcase classname="ptolemy.util.test.junit.AutoTests" name="[75] /home/travis/build/icyphy/ptII/ptolemy/domains/de/test/auto/VariableDelay.xml (RunModel)" time="0.009" />
  <testcase classname="ptolemy.util.test.junit.AutoTests" name="[76] /home/travis/build/icyphy/ptII/ptolemy/domains/de/test/auto/VariableDelay2.xml (RunModel)" time="0.007" />
  <testcase classname="ptolemy.util.test.junit.AutoTests" name="[77] /home/travis/build/icyphy/ptII/ptolemy/domains/de/test/auto/VariableDelayZeroDelay.xml (RunModel)" time="0.008" />
  <testcase classname="ptolemy.util.test.junit.AutoTests" name="[78] /home/travis/build/icyphy/ptII/ptolemy/domains/de/test/auto/VariableDelayZeroDelay2.xml (RunModel)" time="0.008" />
  <testcase classname="ptolemy.util.test.junit.AutoTests" name="[79] /home/travis/build/icyphy/ptII/ptolemy/domains/de/test/auto/deInCt.xml (RunModel)" time="0.011" />
  <testcase classname="ptolemy.util.test.junit.AutoTests" name="[80] /home/travis/build/icyphy/ptII/ptolemy/domains/de/test/auto/deInCt2.xml (RunModel)" time="0.012" />
  <testcase classname="ptolemy.util.test.junit.AutoTests" name="[81] /home/travis/build/icyphy/ptII/ptolemy/domains/de/test/auto/dynamicCausalityInterface1.xml (RunModel)" time="0.017" />
  <testcase classname="ptolemy.util.test.junit.AutoTests" name="[82] /home/travis/build/icyphy/ptII/ptolemy/domains/de/test/auto/fsm_de_test.xml (RunModel)" time="0.019" />
  <testcase classname="ptolemy.util.test.junit.AutoTests" name="[83] /home/travis/build/icyphy/ptII/ptolemy/domains/de/test/auto/functionDependencyReconstruction.xml (RunModel)" time="0.027" />
  <testcase classname="ptolemy.util.test.junit.AutoTests" name="[84] /home/travis/build/icyphy/ptII/ptolemy/domains/de/test/auto/multirate.xml (RunModel)" time="0.013" />
  <testcase classname="ptolemy.util.test.junit.AutoTests" name="[85] /home/travis/build/icyphy/ptII/ptolemy/domains/de/test/auto/multirate2.xml (RunModel)" time="0.012" />
  <testcase classname="ptolemy.util.test.junit.AutoTests" name="[86] /home/travis/build/icyphy/ptII/ptolemy/domains/de/test/auto/realtime.xml (RunModel)" time="10.009" />
  <testcase classname="ptolemy.util.test.junit.AutoTests" name="[87] /home/travis/build/icyphy/ptII/ptolemy/domains/de/test/auto/relationGroup.xml (RunModel)" time="0.006" />
  <testcase classname="ptolemy.util.test.junit.AutoTests" name="[88] /home/travis/build/icyphy/ptII/ptolemy/domains/de/test/auto/relationGroup2.xml (RunModel)" time="0.006" />
  <testcase classname="ptolemy.util.test.junit.AutoTests" name="[89] /home/travis/build/icyphy/ptII/ptolemy/domains/de/test/auto/sortWithOpaquePorts.xml (RunModel)" time="0.006" />
  <testcase classname="ptolemy.util.test.junit.AutoTests" name="[90] /home/travis/build/icyphy/ptII/ptolemy/domains/de/test/auto/transferInputsandOutputs.xml (RunModel)" time="0.012" />
  <testcase classname="ptolemy.util.test.junit.AutoTests" name="[91] /home/travis/build/icyphy/ptII/ptolemy/domains/de/test/auto/triggerType.xml (RunModel)" time="0.006" />
  <system-out><![CDATA[/home/travis/build/icyphy/ptII/ptolemy/domains/de/test/DependencyLoop.tcl
testDefs.tcl: setting time out to 9000 seconds at Tue Feb 12 03:31:40 UTC 2019
15 ms. Memory: 116224K Free: 97594K (84%)
26 ms. Memory: 146944K Free: 141232K (96%)
/home/travis/build/icyphy/ptII/ptolemy/domains/de/test/RunDETestsAsQSS.tcl
Run the DE tests using ptolemy.domains.qss.test.QSSDirectorTest, which extends QSSDirector and prints a message in the constructors.
------------------ testing $PTII/ptolemy/domains/de/test/auto/knownFailedTests/dependencyLoop.xml (Known Failure) 
14 ms. Memory: 146944K Free: 136987K (93%)


==== $PTIIhome/travis/build/icyphy/ptII/ptolemy/domains/de/test/../../../../: Auto Automatic test in file $PTII/ptolemy/domains/de/test/auto/knownFailedTests/dependencyLoop.xml
==== Contents of test case:

	    # FIXME: we should use $relativeFilename here, but it
	    # might have backslashes under Windows, which causes no end
	    # of trouble.
	    createAndExecute $file
	    list {}
	
.... Test generated KNOWN error:
    while executing
ptolemy.kernel.util.IllegalActionException: Found a zero delay loop containing .dependencyLoop.original
  in .dependencyLoop and .dependencyLoop.original
	at ptolemy.actor.util.CausalityInterfaceForComposites._computeOutputPortDepth(CausalityInterfaceForComposites.java:759)
	at ptolemy.actor.util.CausalityInterfaceForComposites._computeInputDepth(CausalityInterfaceForComposites.java:696)
	at ptolemy.actor.util.CausalityInterfaceForComposites._computeOutputPortDepth(CausalityInterfaceForComposites.java:765)
	at ptolemy.actor.util.CausalityInterfaceForComposites._computeInputDepth(CausalityInterfaceForComposites.java:696)
	at ptolemy.actor.util.CausalityInterfaceForComposites._computeOutputPortDepth(CausalityInterfaceForComposites.java:765)
	at ptolemy.actor.util.CausalityInterfaceForComposites._computeInputDepth(CausalityInterfaceForComposites.java:696)
	at ptolemy.actor.util.CausalityInterfaceForComposites._computeActorDepth(CausalityInterfaceForComposites.java:532)
	at ptolemy.actor.util.CausalityInterfaceForComposites.checkForCycles(CausalityInterfaceForComposites.java:96)
	at ptolemy.domains.de.kernel.DEDirector.preinitialize(DEDirector.java:1338)
	at ptolemy.actor.CompositeActor.preinitialize(CompositeActor.java:1828)
	at ptolemy.actor.Manager.preinitializeAndResolveTypes(Manager.java:1040)
	at ptolemy.actor.Manager.initialize(Manager.java:710)
	at ptolemy.actor.Manager.execute(Manager.java:356)
	at ptolemy.actor.Manager.run(Manager.java:1263)
	at ptolemy.actor.Manager$PtolemyRunThread.run(Manager.java:1915)

    while executing
ptolemy.kernel.util.IllegalActionException: Found a zero delay loop containing .dependencyLoop.original
  in .dependencyLoop and .dependencyLoop.original
    while executing
"java::new ptolemy.moml.MoMLSimpleApplication $file
"
    (procedure "createAndExecute" line 2)
    invoked from within
"createAndExecute $file"
    ("uplevel" body line 5)
    invoked from within
"uplevel $contents_of_test"
------------------ testing $PTII/ptolemy/domains/de/test/auto/knownFailedTests/DESDFClockTest.xml (Known Failure) 
2065 ms. Memory: 146944K Free: 121424K (83%)


==== $PTIIhome/travis/build/icyphy/ptII/ptolemy/domains/de/test/../../../../: Auto Automatic test in file $PTII/ptolemy/domains/de/test/auto/knownFailedTests/DESDFClockTest.xml
==== Contents of test case:

	    # FIXME: we should use $relativeFilename here, but it
	    # might have backslashes under Windows, which causes no end
	    # of trouble.
	    createAndExecute $file
	    list {}
	
.... Test generated KNOWN error:
    while executing
ptolemy.kernel.util.IllegalActionException: Actor is not ready to fire.  Perhaps UpSample.prefire() returned false? Try debugging the actor by selecting "Listen to Actor".  Also, for SDF check moml for tokenConsumptionRate on input.
  in .DESDFClockTest.Play Bell.Copy1:SDF Director and .DESDFClockTest.Play Bell.UpSample
	at ptolemy.actor.sched.StaticSchedulingDirector.fire(StaticSchedulingDirector.java:227)
	at ptolemy.domains.sdf.kernel.SDFDirector.fire(SDFDirector.java:500)
	at ptolemy.actor.CompositeActor.fire(CompositeActor.java:455)
	at ptolemy.domains.de.kernel.DEDirector._fire(DEDirector.java:1949)
	at ptolemy.domains.de.kernel.DEDirector.fire(DEDirector.java:502)
	at ptolemy.actor.CompositeActor.fire(CompositeActor.java:455)
	at ptolemy.actor.Manager.iterate(Manager.java:851)
	at ptolemy.actor.Manager.execute(Manager.java:369)
	at ptolemy.actor.Manager.run(Manager.java:1263)
	at ptolemy.actor.Manager$PtolemyRunThread.run(Manager.java:1915)

    while executing
ptolemy.kernel.util.IllegalActionException: Actor is not ready to fire.  Perhaps UpSample.prefire() returned false? Try debugging the actor by selecting "Listen to Actor".  Also, for SDF check moml for tokenConsumptionRate on input.
  in .DESDFClockTest.Play Bell.Copy1:SDF Director and .DESDFClockTest.Play Bell.UpSample
    while executing
"java::new ptolemy.moml.MoMLSimpleApplication $file
"
    (procedure "createAndExecute" line 2)
    invoked from within
"createAndExecute $file"
    ("uplevel" body line 5)
    invoked from within
"uplevel $contents_of_test"
------------------ testing $PTII/ptolemy/domains/de/test/auto/knownFailedTests/FSMSource.xml (Known Failure) 
33 ms. Memory: 146944K Free: 112572K (77%)
!!!! Auto was marked as failing, but now passes
------------------ testing $PTII/ptolemy/domains/de/test/auto/knownFailedTests/dependencyLoop2.xml (Known Failure) 
16 ms. Memory: 146944K Free: 110689K (75%)


==== $PTIIhome/travis/build/icyphy/ptII/ptolemy/domains/de/test/../../../../: Auto Automatic test in file $PTII/ptolemy/domains/de/test/auto/knownFailedTests/dependencyLoop2.xml
==== Contents of test case:

	    # FIXME: we should use $relativeFilename here, but it
	    # might have backslashes under Windows, which causes no end
	    # of trouble.
	    createAndExecute $file
	    list {}
	
.... Test generated KNOWN error:
    while executing
ptolemy.kernel.util.IllegalActionException: Found a zero delay loop containing .dependencyLoop2.original
  in .dependencyLoop2 and .dependencyLoop2.original
	at ptolemy.actor.util.CausalityInterfaceForComposites._computeOutputPortDepth(CausalityInterfaceForComposites.java:759)
	at ptolemy.actor.util.CausalityInterfaceForComposites._computeInputDepth(CausalityInterfaceForComposites.java:696)
	at ptolemy.actor.util.CausalityInterfaceForComposites._computeOutputPortDepth(CausalityInterfaceForComposites.java:765)
	at ptolemy.actor.util.CausalityInterfaceForComposites._computeInputDepth(CausalityInterfaceForComposites.java:696)
	at ptolemy.actor.util.CausalityInterfaceForComposites._computeOutputPortDepth(CausalityInterfaceForComposites.java:765)
	at ptolemy.actor.util.CausalityInterfaceForComposites._computeInputDepth(CausalityInterfaceForComposites.java:696)
	at ptolemy.actor.util.CausalityInterfaceForComposites._computeActorDepth(CausalityInterfaceForComposites.java:532)
	at ptolemy.actor.util.CausalityInterfaceForComposites.checkForCycles(CausalityInterfaceForComposites.java:96)
	at ptolemy.domains.de.kernel.DEDirector.preinitialize(DEDirector.java:1338)
	at ptolemy.actor.CompositeActor.preinitialize(CompositeActor.java:1828)
	at ptolemy.actor.Manager.preinitializeAndResolveTypes(Manager.java:1040)
	at ptolemy.actor.Manager.initialize(Manager.java:710)
	at ptolemy.actor.Manager.execute(Manager.java:356)
	at ptolemy.actor.Manager.run(Manager.java:1263)
	at ptolemy.actor.Manager$PtolemyRunThread.run(Manager.java:1915)

    while executing
ptolemy.kernel.util.IllegalActionException: Found a zero delay loop containing .dependencyLoop2.original
  in .dependencyLoop2 and .dependencyLoop2.original
    while executing
"java::new ptolemy.moml.MoMLSimpleApplication $file
"
    (procedure "createAndExecute" line 2)
    invoked from within
"createAndExecute $file"
    ("uplevel" body line 5)
    invoked from within
"uplevel $contents_of_test"
------------------ testing $PTII/ptolemy/domains/de/test/auto/knownFailedTests/HierarchicalModel.xml (Known Failure) 
9 ms. Memory: 146944K Free: 90537K (62%)


==== $PTIIhome/travis/build/icyphy/ptII/ptolemy/domains/de/test/../../../../: Auto Automatic test in file $PTII/ptolemy/domains/de/test/auto/knownFailedTests/HierarchicalModel.xml
==== Contents of test case:

	    # FIXME: we should use $relativeFilename here, but it
	    # might have backslashes under Windows, which causes no end
	    # of trouble.
	    createAndExecute $file
	    list {}
	
.... Test generated KNOWN error:
    while executing
ptolemy.kernel.util.IllegalActionException: Found a zero delay loop containing .HierarchicalModel.A
  in .HierarchicalModel and .HierarchicalModel.A
	at ptolemy.actor.util.CausalityInterfaceForComposites._computeOutputPortDepth(CausalityInterfaceForComposites.java:759)
	at ptolemy.actor.util.CausalityInterfaceForComposites._computeInputDepth(CausalityInterfaceForComposites.java:696)
	at ptolemy.actor.util.CausalityInterfaceForComposites._computeOutputPortDepth(CausalityInterfaceForComposites.java:765)
	at ptolemy.actor.util.CausalityInterfaceForComposites._computeInputDepth(CausalityInterfaceForComposites.java:696)
	at ptolemy.actor.util.CausalityInterfaceForComposites._computeOutputPortDepth(CausalityInterfaceForComposites.java:765)
	at ptolemy.actor.util.CausalityInterfaceForComposites._computeInputDepth(CausalityInterfaceForComposites.java:696)
	at ptolemy.actor.util.CausalityInterfaceForComposites._computeActorDepth(CausalityInterfaceForComposites.java:532)
	at ptolemy.actor.util.CausalityInterfaceForComposites.checkForCycles(CausalityInterfaceForComposites.java:96)
	at ptolemy.domains.de.kernel.DEDirector.preinitialize(DEDirector.java:1338)
	at ptolemy.actor.CompositeActor.preinitialize(CompositeActor.java:1828)
	at ptolemy.actor.Manager.preinitializeAndResolveTypes(Manager.java:1040)
	at ptolemy.actor.Manager.initialize(Manager.java:710)
	at ptolemy.actor.Manager.execute(Manager.java:356)
	at ptolemy.actor.Manager.run(Manager.java:1263)
	at ptolemy.actor.Manager$PtolemyRunThread.run(Manager.java:1915)

    while executing
ptolemy.kernel.util.IllegalActionException: Found a zero delay loop containing .HierarchicalModel.A
  in .HierarchicalModel and .HierarchicalModel.A
    while executing
"java::new ptolemy.moml.MoMLSimpleApplication $file
"
    (procedure "createAndExecute" line 2)
    invoked from within
"createAndExecute $file"
    ("uplevel" body line 5)
    invoked from within
"uplevel $contents_of_test"
------------------ testing $PTII/ptolemy/domains/de/test/auto/knownFailedTests/DirectFeedback.xml (Known Failure) 
5 ms. Memory: 146944K Free: 86427K (59%)


==== $PTIIhome/travis/build/icyphy/ptII/ptolemy/domains/de/test/../../../../: Auto Automatic test in file $PTII/ptolemy/domains/de/test/auto/knownFailedTests/DirectFeedback.xml
==== Contents of test case:

	    # FIXME: we should use $relativeFilename here, but it
	    # might have backslashes under Windows, which causes no end
	    # of trouble.
	    createAndExecute $file
	    list {}
	
.... Test generated KNOWN error:
    while executing
ptolemy.kernel.util.IllegalActionException: Test fails in iteration 1.
Value was: 1.0. Should have been: 2.0
  in .DirectFeedback.Test
	at ptolemy.actor.lib.Test.fire(Test.java:268)
	at ptolemy.domains.de.kernel.DEDirector._fire(DEDirector.java:1949)
	at ptolemy.domains.de.kernel.DEDirector.fire(DEDirector.java:502)
	at ptolemy.actor.CompositeActor.fire(CompositeActor.java:455)
	at ptolemy.actor.Manager.iterate(Manager.java:851)
	at ptolemy.actor.Manager.execute(Manager.java:369)
	at ptolemy.actor.Manager.run(Manager.java:1263)
	at ptolemy.actor.Manager$PtolemyRunThread.run(Manager.java:1915)

    while executing
ptolemy.kernel.util.IllegalActionException: Test fails in iteration 1.
Value was: 1.0. Should have been: 2.0
  in .DirectFeedback.Test
    while executing
"java::new ptolemy.moml.MoMLSimpleApplication $file
"
    (procedure "createAndExecute" line 2)
    invoked from within
"createAndExecute $file"
    ("uplevel" body line 5)
    invoked from within
"uplevel $contents_of_test"
------------------ testing $PTII/ptolemy/domains/de/test/auto/ActorDepthCalculation_actorWithoutPorts.xml
auto.tcl: Setting watchdog for 200 seconds at Tue Feb 12 03:31:43 UTC 2019
5 ms. Memory: 146944K Free: 138690K (94%)
ptolemy.util.test.WatchDog.cancel(): canceling Tue Feb 12 03:31:43 UTC 2019
auto.tcl: Setting watchdog for 200 seconds at Tue Feb 12 03:31:43 UTC 2019
4 ms. Memory: 146944K Free: 137669K (94%)
ptolemy.util.test.WatchDog.cancel(): canceling Tue Feb 12 03:31:43 UTC 2019
------------------ testing $PTII/ptolemy/domains/de/test/auto/AssemblyLine.xml
auto.tcl: Setting watchdog for 200 seconds at Tue Feb 12 03:31:43 UTC 2019
11 ms. Memory: 208384K Free: 186259K (89%)
ptolemy.util.test.WatchDog.cancel(): canceling Tue Feb 12 03:31:44 UTC 2019
auto.tcl: Setting watchdog for 200 seconds at Tue Feb 12 03:31:44 UTC 2019
7 ms. Memory: 208384K Free: 186259K (89%)
ptolemy.util.test.WatchDog.cancel(): canceling Tue Feb 12 03:31:44 UTC 2019
------------------ testing $PTII/ptolemy/domains/de/test/auto/CQBug1.xml
auto.tcl: Setting watchdog for 200 seconds at Tue Feb 12 03:31:44 UTC 2019
3 ms. Memory: 208384K Free: 197905K (95%)
ptolemy.util.test.WatchDog.cancel(): canceling Tue Feb 12 03:31:44 UTC 2019
auto.tcl: Setting watchdog for 200 seconds at Tue Feb 12 03:31:44 UTC 2019
2 ms. Memory: 208384K Free: 197905K (95%)
ptolemy.util.test.WatchDog.cancel(): canceling Tue Feb 12 03:31:44 UTC 2019
------------------ testing $PTII/ptolemy/domains/de/test/auto/CancelFireAt.xml
auto.tcl: Setting watchdog for 200 seconds at Tue Feb 12 03:31:44 UTC 2019
3 ms. Memory: 208384K Free: 201565K (97%)
ptolemy.util.test.WatchDog.cancel(): canceling Tue Feb 12 03:31:44 UTC 2019
auto.tcl: Setting watchdog for 200 seconds at Tue Feb 12 03:31:44 UTC 2019
7 ms. Memory: 208384K Free: 199004K (95%)
ptolemy.util.test.WatchDog.cancel(): canceling Tue Feb 12 03:31:44 UTC 2019
------------------ testing $PTII/ptolemy/domains/de/test/auto/CausalityAndComposabilityAnalysis.xml
auto.tcl: Setting watchdog for 200 seconds at Tue Feb 12 03:31:44 UTC 2019
19 ms. Memory: 208384K Free: 198602K (95%)
ptolemy.util.test.WatchDog.cancel(): canceling Tue Feb 12 03:31:44 UTC 2019
auto.tcl: Setting watchdog for 200 seconds at Tue Feb 12 03:31:44 UTC 2019
5 ms. Memory: 208384K Free: 196561K (94%)
ptolemy.util.test.WatchDog.cancel(): canceling Tue Feb 12 03:31:44 UTC 2019
------------------ testing $PTII/ptolemy/domains/de/test/auto/CausalityInterface1.xml
auto.tcl: Setting watchdog for 200 seconds at Tue Feb 12 03:31:44 UTC 2019
10 ms. Memory: 208384K Free: 196497K (94%)
ptolemy.util.test.WatchDog.cancel(): canceling Tue Feb 12 03:31:44 UTC 2019
auto.tcl: Setting watchdog for 200 seconds at Tue Feb 12 03:31:44 UTC 2019
10 ms. Memory: 208384K Free: 196497K (94%)
ptolemy.util.test.WatchDog.cancel(): canceling Tue Feb 12 03:31:44 UTC 2019
------------------ testing $PTII/ptolemy/domains/de/test/auto/CausalityInterface15.xml
auto.tcl: Setting watchdog for 200 seconds at Tue Feb 12 03:31:44 UTC 2019
7 ms. Memory: 208384K Free: 196457K (94%)
ptolemy.util.test.WatchDog.cancel(): canceling Tue Feb 12 03:31:44 UTC 2019
auto.tcl: Setting watchdog for 200 seconds at Tue Feb 12 03:31:44 UTC 2019
4 ms. Memory: 208384K Free: 196457K (94%)
ptolemy.util.test.WatchDog.cancel(): canceling Tue Feb 12 03:31:44 UTC 2019
------------------ testing $PTII/ptolemy/domains/de/test/auto/CausalityInterface2.xml
auto.tcl: Setting watchdog for 200 seconds at Tue Feb 12 03:31:44 UTC 2019
5 ms. Memory: 208384K Free: 196473K (94%)
ptolemy.util.test.WatchDog.cancel(): canceling Tue Feb 12 03:31:44 UTC 2019
auto.tcl: Setting watchdog for 200 seconds at Tue Feb 12 03:31:44 UTC 2019
3 ms. Memory: 208384K Free: 196473K (94%)
ptolemy.util.test.WatchDog.cancel(): canceling Tue Feb 12 03:31:44 UTC 2019
------------------ testing $PTII/ptolemy/domains/de/test/auto/CausalityInterface3.xml
auto.tcl: Setting watchdog for 200 seconds at Tue Feb 12 03:31:44 UTC 2019
4 ms. Memory: 208384K Free: 196485K (94%)
ptolemy.util.test.WatchDog.cancel(): canceling Tue Feb 12 03:31:44 UTC 2019
auto.tcl: Setting watchdog for 200 seconds at Tue Feb 12 03:31:44 UTC 2019
2 ms. Memory: 208384K Free: 196485K (94%)
ptolemy.util.test.WatchDog.cancel(): canceling Tue Feb 12 03:31:44 UTC 2019
------------------ testing $PTII/ptolemy/domains/de/test/auto/ClockDrift.xml
auto.tcl: Setting watchdog for 200 seconds at Tue Feb 12 03:31:44 UTC 2019
62 ms. Memory: 208384K Free: 187894K (90%)
ptolemy.util.test.WatchDog.cancel(): canceling Tue Feb 12 03:31:44 UTC 2019
auto.tcl: Setting watchdog for 200 seconds at Tue Feb 12 03:31:44 UTC 2019
59 ms. Memory: 208384K Free: 185853K (89%)
ptolemy.util.test.WatchDog.cancel(): canceling Tue Feb 12 03:31:45 UTC 2019
------------------ testing $PTII/ptolemy/domains/de/test/auto/ClockDriftAndValueChange.xml
auto.tcl: Setting watchdog for 200 seconds at Tue Feb 12 03:31:45 UTC 2019
37 ms. Memory: 208384K Free: 187726K (90%)
ptolemy.util.test.WatchDog.cancel(): canceling Tue Feb 12 03:31:45 UTC 2019
auto.tcl: Setting watchdog for 200 seconds at Tue Feb 12 03:31:45 UTC 2019
27 ms. Memory: 208384K Free: 185685K (89%)
ptolemy.util.test.WatchDog.cancel(): canceling Tue Feb 12 03:31:45 UTC 2019
------------------ testing $PTII/ptolemy/domains/de/test/auto/ClockDriftChange.xml
auto.tcl: Setting watchdog for 200 seconds at Tue Feb 12 03:31:45 UTC 2019
35 ms. Memory: 208384K Free: 190991K (92%)
ptolemy.util.test.WatchDog.cancel(): canceling Tue Feb 12 03:31:45 UTC 2019
auto.tcl: Setting watchdog for 200 seconds at Tue Feb 12 03:31:45 UTC 2019
24 ms. Memory: 208384K Free: 188950K (91%)
ptolemy.util.test.WatchDog.cancel(): canceling Tue Feb 12 03:31:45 UTC 2019
------------------ testing $PTII/ptolemy/domains/de/test/auto/ComposableCausalityAnalysis.xml
auto.tcl: Setting watchdog for 200 seconds at Tue Feb 12 03:31:45 UTC 2019
1 ms. Memory: 208384K Free: 196095K (94%)
ptolemy.util.test.WatchDog.cancel(): canceling Tue Feb 12 03:31:45 UTC 2019
auto.tcl: Setting watchdog for 200 seconds at Tue Feb 12 03:31:45 UTC 2019
1 ms. Memory: 208384K Free: 194054K (93%)
ptolemy.util.test.WatchDog.cancel(): canceling Tue Feb 12 03:31:45 UTC 2019
------------------ testing $PTII/ptolemy/domains/de/test/auto/DEFixedPointLimitation.xml
auto.tcl: Setting watchdog for 200 seconds at Tue Feb 12 03:31:45 UTC 2019
3 ms. Memory: 208384K Free: 198216K (95%)
ptolemy.util.test.WatchDog.cancel(): canceling Tue Feb 12 03:31:45 UTC 2019
auto.tcl: Setting watchdog for 200 seconds at Tue Feb 12 03:31:45 UTC 2019
3 ms. Memory: 208384K Free: 196175K (94%)
ptolemy.util.test.WatchDog.cancel(): canceling Tue Feb 12 03:31:45 UTC 2019
------------------ testing $PTII/ptolemy/domains/de/test/auto/DEScheduleTest.xml
auto.tcl: Setting watchdog for 200 seconds at Tue Feb 12 03:31:45 UTC 2019
3 ms. Memory: 208384K Free: 198252K (95%)
ptolemy.util.test.WatchDog.cancel(): canceling Tue Feb 12 03:31:45 UTC 2019
auto.tcl: Setting watchdog for 200 seconds at Tue Feb 12 03:31:45 UTC 2019
8 ms. Memory: 208384K Free: 196211K (94%)
ptolemy.util.test.WatchDog.cancel(): canceling Tue Feb 12 03:31:45 UTC 2019
------------------ testing $PTII/ptolemy/domains/de/test/auto/DEinDEwithStartTimes.xml
auto.tcl: Setting watchdog for 200 seconds at Tue Feb 12 03:31:45 UTC 2019
7 ms. Memory: 208384K Free: 196180K (94%)
ptolemy.util.test.WatchDog.cancel(): canceling Tue Feb 12 03:31:45 UTC 2019
auto.tcl: Setting watchdog for 200 seconds at Tue Feb 12 03:31:45 UTC 2019
3 ms. Memory: 208384K Free: 196180K (94%)
ptolemy.util.test.WatchDog.cancel(): canceling Tue Feb 12 03:31:45 UTC 2019
------------------ testing $PTII/ptolemy/domains/de/test/auto/DEinDEwithStartTimes2.xml
auto.tcl: Setting watchdog for 200 seconds at Tue Feb 12 03:31:45 UTC 2019
7 ms. Memory: 208384K Free: 196160K (94%)
ptolemy.util.test.WatchDog.cancel(): canceling Tue Feb 12 03:31:45 UTC 2019
auto.tcl: Setting watchdog for 200 seconds at Tue Feb 12 03:31:45 UTC 2019
4 ms. Memory: 208384K Free: 194119K (93%)
ptolemy.util.test.WatchDog.cancel(): canceling Tue Feb 12 03:31:45 UTC 2019
------------------ testing $PTII/ptolemy/domains/de/test/auto/DateDemo.xml
auto.tcl: Setting watchdog for 200 seconds at Tue Feb 12 03:31:45 UTC 2019
15 ms. Memory: 208384K Free: 188766K (91%)
ptolemy.util.test.WatchDog.cancel(): canceling Tue Feb 12 03:31:45 UTC 2019
auto.tcl: Setting watchdog for 200 seconds at Tue Feb 12 03:31:45 UTC 2019
8 ms. Memory: 208384K Free: 186725K (90%)
ptolemy.util.test.WatchDog.cancel(): canceling Tue Feb 12 03:31:45 UTC 2019
------------------ testing $PTII/ptolemy/domains/de/test/auto/DateToEvent.xml
auto.tcl: Setting watchdog for 200 seconds at Tue Feb 12 03:31:45 UTC 2019
2009 ms. Memory: 208384K Free: 184169K (88%)
ptolemy.util.test.WatchDog.cancel(): canceling Tue Feb 12 03:31:47 UTC 2019
auto.tcl: Setting watchdog for 200 seconds at Tue Feb 12 03:31:47 UTC 2019
2004 ms. Memory: 208384K Free: 184169K (88%)
ptolemy.util.test.WatchDog.cancel(): canceling Tue Feb 12 03:31:49 UTC 2019
------------------ testing $PTII/ptolemy/domains/de/test/auto/DepthTest1.xml
auto.tcl: Setting watchdog for 200 seconds at Tue Feb 12 03:31:50 UTC 2019
3 ms. Memory: 208384K Free: 195322K (94%)
ptolemy.util.test.WatchDog.cancel(): canceling Tue Feb 12 03:31:50 UTC 2019
auto.tcl: Setting watchdog for 200 seconds at Tue Feb 12 03:31:50 UTC 2019
3 ms. Memory: 208384K Free: 195322K (94%)
ptolemy.util.test.WatchDog.cancel(): canceling Tue Feb 12 03:31:50 UTC 2019
------------------ testing $PTII/ptolemy/domains/de/test/auto/DepthTest2.xml
auto.tcl: Setting watchdog for 200 seconds at Tue Feb 12 03:31:50 UTC 2019
9 ms. Memory: 208384K Free: 194650K (93%)
ptolemy.util.test.WatchDog.cancel(): canceling Tue Feb 12 03:31:50 UTC 2019
auto.tcl: Setting watchdog for 200 seconds at Tue Feb 12 03:31:50 UTC 2019
3 ms. Memory: 208384K Free: 194650K (93%)
ptolemy.util.test.WatchDog.cancel(): canceling Tue Feb 12 03:31:50 UTC 2019
------------------ testing $PTII/ptolemy/domains/de/test/auto/DepthTest3.xml
auto.tcl: Setting watchdog for 200 seconds at Tue Feb 12 03:31:50 UTC 2019
3 ms. Memory: 208384K Free: 198115K (95%)
ptolemy.util.test.WatchDog.cancel(): canceling Tue Feb 12 03:31:50 UTC 2019
auto.tcl: Setting watchdog for 200 seconds at Tue Feb 12 03:31:50 UTC 2019
2 ms. Memory: 208384K Free: 198115K (95%)
ptolemy.util.test.WatchDog.cancel(): canceling Tue Feb 12 03:31:50 UTC 2019
------------------ testing $PTII/ptolemy/domains/de/test/auto/DepthTest4.xml
auto.tcl: Setting watchdog for 200 seconds at Tue Feb 12 03:31:50 UTC 2019
3 ms. Memory: 208384K Free: 196161K (94%)
ptolemy.util.test.WatchDog.cancel(): canceling Tue Feb 12 03:31:50 UTC 2019
auto.tcl: Setting watchdog for 200 seconds at Tue Feb 12 03:31:50 UTC 2019
2 ms. Memory: 208384K Free: 196161K (94%)
ptolemy.util.test.WatchDog.cancel(): canceling Tue Feb 12 03:31:50 UTC 2019
------------------ testing $PTII/ptolemy/domains/de/test/auto/DepthTest5.xml
auto.tcl: Setting watchdog for 200 seconds at Tue Feb 12 03:31:50 UTC 2019
3 ms. Memory: 208384K Free: 196628K (94%)
ptolemy.util.test.WatchDog.cancel(): canceling Tue Feb 12 03:31:50 UTC 2019
auto.tcl: Setting watchdog for 200 seconds at Tue Feb 12 03:31:50 UTC 2019
2 ms. Memory: 208384K Free: 196628K (94%)
ptolemy.util.test.WatchDog.cancel(): canceling Tue Feb 12 03:31:50 UTC 2019
------------------ testing $PTII/ptolemy/domains/de/test/auto/DepthTest6.xml
auto.tcl: Setting watchdog for 200 seconds at Tue Feb 12 03:31:50 UTC 2019
6 ms. Memory: 208384K Free: 196603K (94%)
ptolemy.util.test.WatchDog.cancel(): canceling Tue Feb 12 03:31:50 UTC 2019
auto.tcl: Setting watchdog for 200 seconds at Tue Feb 12 03:31:50 UTC 2019
2 ms. Memory: 208384K Free: 196603K (94%)
ptolemy.util.test.WatchDog.cancel(): canceling Tue Feb 12 03:31:50 UTC 2019
------------------ testing $PTII/ptolemy/domains/de/test/auto/DepthTest7.xml
auto.tcl: Setting watchdog for 200 seconds at Tue Feb 12 03:31:50 UTC 2019
5 ms. Memory: 208384K Free: 194836K (93%)
ptolemy.util.test.WatchDog.cancel(): canceling Tue Feb 12 03:31:50 UTC 2019
auto.tcl: Setting watchdog for 200 seconds at Tue Feb 12 03:31:50 UTC 2019
2 ms. Memory: 208384K Free: 194836K (93%)
ptolemy.util.test.WatchDog.cancel(): canceling Tue Feb 12 03:31:50 UTC 2019
------------------ testing $PTII/ptolemy/domains/de/test/auto/EventToDate.xml
auto.tcl: Setting watchdog for 200 seconds at Tue Feb 12 03:31:50 UTC 2019
3005 ms. Memory: 208384K Free: 185873K (89%)
ptolemy.util.test.WatchDog.cancel(): canceling Tue Feb 12 03:31:53 UTC 2019
auto.tcl: Setting watchdog for 200 seconds at Tue Feb 12 03:31:53 UTC 2019
3008 ms. Memory: 208384K Free: 185873K (89%)
ptolemy.util.test.WatchDog.cancel(): canceling Tue Feb 12 03:31:56 UTC 2019
------------------ testing $PTII/ptolemy/domains/de/test/auto/FSM1.xml
auto.tcl: Setting watchdog for 200 seconds at Tue Feb 12 03:31:56 UTC 2019
19 ms. Memory: 208384K Free: 189234K (91%)
ptolemy.util.test.WatchDog.cancel(): canceling Tue Feb 12 03:31:56 UTC 2019
auto.tcl: Setting watchdog for 200 seconds at Tue Feb 12 03:31:56 UTC 2019
13 ms. Memory: 208384K Free: 185152K (89%)
ptolemy.util.test.WatchDog.cancel(): canceling Tue Feb 12 03:31:56 UTC 2019
------------------ testing $PTII/ptolemy/domains/de/test/auto/FSM7.xml
auto.tcl: Setting watchdog for 200 seconds at Tue Feb 12 03:31:56 UTC 2019
20 ms. Memory: 208384K Free: 189437K (91%)
ptolemy.util.test.WatchDog.cancel(): canceling Tue Feb 12 03:31:56 UTC 2019
auto.tcl: Setting watchdog for 200 seconds at Tue Feb 12 03:31:56 UTC 2019
12 ms. Memory: 208384K Free: 185355K (89%)
ptolemy.util.test.WatchDog.cancel(): canceling Tue Feb 12 03:31:56 UTC 2019
------------------ testing $PTII/ptolemy/domains/de/test/auto/Inspection.xml
auto.tcl: Setting watchdog for 200 seconds at Tue Feb 12 03:31:56 UTC 2019
31 ms. Memory: 208384K Free: 188609K (91%)
ptolemy.util.test.WatchDog.cancel(): canceling Tue Feb 12 03:31:56 UTC 2019
auto.tcl: Setting watchdog for 200 seconds at Tue Feb 12 03:31:56 UTC 2019
15 ms. Memory: 208384K Free: 186568K (90%)
ptolemy.util.test.WatchDog.cancel(): canceling Tue Feb 12 03:31:56 UTC 2019
------------------ testing $PTII/ptolemy/domains/de/test/auto/Iteration.xml
auto.tcl: Setting watchdog for 200 seconds at Tue Feb 12 03:31:57 UTC 2019
15 ms. Memory: 208384K Free: 195870K (94%)
ptolemy.util.test.WatchDog.cancel(): canceling Tue Feb 12 03:31:57 UTC 2019
auto.tcl: Setting watchdog for 200 seconds at Tue Feb 12 03:31:57 UTC 2019
6 ms. Memory: 208384K Free: 193829K (93%)
ptolemy.util.test.WatchDog.cancel(): canceling Tue Feb 12 03:31:57 UTC 2019
------------------ testing $PTII/ptolemy/domains/de/test/auto/LineFault.xml
auto.tcl: Setting watchdog for 200 seconds at Tue Feb 12 03:31:57 UTC 2019
694 ms. Memory: 208384K Free: 199592K (96%)
ptolemy.util.test.WatchDog.cancel(): canceling Tue Feb 12 03:31:58 UTC 2019
auto.tcl: Setting watchdog for 200 seconds at Tue Feb 12 03:31:58 UTC 2019
535 ms. Memory: 208384K Free: 143973K (69%)
ptolemy.util.test.WatchDog.cancel(): canceling Tue Feb 12 03:31:58 UTC 2019
------------------ testing $PTII/ptolemy/domains/de/test/auto/MergeModel1Add.xml
auto.tcl: Setting watchdog for 200 seconds at Tue Feb 12 03:31:58 UTC 2019
12 ms. Memory: 331264K Free: 300517K (91%)
ptolemy.util.test.WatchDog.cancel(): canceling Tue Feb 12 03:31:58 UTC 2019
auto.tcl: Setting watchdog for 200 seconds at Tue Feb 12 03:31:58 UTC 2019
8 ms. Memory: 331264K Free: 300517K (91%)
ptolemy.util.test.WatchDog.cancel(): canceling Tue Feb 12 03:31:58 UTC 2019
------------------ testing $PTII/ptolemy/domains/de/test/auto/MergeModel2Add.xml
auto.tcl: Setting watchdog for 200 seconds at Tue Feb 12 03:31:58 UTC 2019
9 ms. Memory: 331264K Free: 305445K (92%)
ptolemy.util.test.WatchDog.cancel(): canceling Tue Feb 12 03:31:58 UTC 2019
auto.tcl: Setting watchdog for 200 seconds at Tue Feb 12 03:31:58 UTC 2019
8 ms. Memory: 331264K Free: 301863K (91%)
ptolemy.util.test.WatchDog.cancel(): canceling Tue Feb 12 03:31:58 UTC 2019
------------------ testing $PTII/ptolemy/domains/de/test/auto/MergeModel3Add.xml
auto.tcl: Setting watchdog for 200 seconds at Tue Feb 12 03:31:58 UTC 2019
10 ms. Memory: 331264K Free: 305463K (92%)
ptolemy.util.test.WatchDog.cancel(): canceling Tue Feb 12 03:31:58 UTC 2019
auto.tcl: Setting watchdog for 200 seconds at Tue Feb 12 03:31:58 UTC 2019
6 ms. Memory: 331264K Free: 301896K (91%)
ptolemy.util.test.WatchDog.cancel(): canceling Tue Feb 12 03:31:58 UTC 2019
------------------ testing $PTII/ptolemy/domains/de/test/auto/MergeWithoutDiscard.xml
auto.tcl: Setting watchdog for 200 seconds at Tue Feb 12 03:31:59 UTC 2019
3 ms. Memory: 331264K Free: 316176K (95%)
ptolemy.util.test.WatchDog.cancel(): canceling Tue Feb 12 03:31:59 UTC 2019
auto.tcl: Setting watchdog for 200 seconds at Tue Feb 12 03:31:59 UTC 2019
1 ms. Memory: 331264K Free: 316176K (95%)
ptolemy.util.test.WatchDog.cancel(): canceling Tue Feb 12 03:31:59 UTC 2019
------------------ testing $PTII/ptolemy/domains/de/test/auto/Modal1.xml
auto.tcl: Setting watchdog for 200 seconds at Tue Feb 12 03:31:59 UTC 2019
18 ms. Memory: 331264K Free: 310450K (94%)
ptolemy.util.test.WatchDog.cancel(): canceling Tue Feb 12 03:31:59 UTC 2019
auto.tcl: Setting watchdog for 200 seconds at Tue Feb 12 03:31:59 UTC 2019
14 ms. Memory: 331264K Free: 306875K (93%)
ptolemy.util.test.WatchDog.cancel(): canceling Tue Feb 12 03:31:59 UTC 2019
------------------ testing $PTII/ptolemy/domains/de/test/auto/Modal2.xml
auto.tcl: Setting watchdog for 200 seconds at Tue Feb 12 03:31:59 UTC 2019
16 ms. Memory: 331264K Free: 305393K (92%)
ptolemy.util.test.WatchDog.cancel(): canceling Tue Feb 12 03:31:59 UTC 2019
auto.tcl: Setting watchdog for 200 seconds at Tue Feb 12 03:31:59 UTC 2019
16 ms. Memory: 331264K Free: 301826K (91%)
ptolemy.util.test.WatchDog.cancel(): canceling Tue Feb 12 03:31:59 UTC 2019
------------------ testing $PTII/ptolemy/domains/de/test/auto/Modal3.xml
auto.tcl: Setting watchdog for 200 seconds at Tue Feb 12 03:31:59 UTC 2019
9 ms. Memory: 331264K Free: 310998K (94%)
ptolemy.util.test.WatchDog.cancel(): canceling Tue Feb 12 03:31:59 UTC 2019
auto.tcl: Setting watchdog for 200 seconds at Tue Feb 12 03:31:59 UTC 2019
10 ms. Memory: 331264K Free: 306756K (93%)
ptolemy.util.test.WatchDog.cancel(): canceling Tue Feb 12 03:31:59 UTC 2019
------------------ testing $PTII/ptolemy/domains/de/test/auto/Modal4.xml
auto.tcl: Setting watchdog for 200 seconds at Tue Feb 12 03:31:59 UTC 2019
21 ms. Memory: 331264K Free: 310336K (94%)
ptolemy.util.test.WatchDog.cancel(): canceling Tue Feb 12 03:31:59 UTC 2019
auto.tcl: Setting watchdog for 200 seconds at Tue Feb 12 03:31:59 UTC 2019
20 ms. Memory: 331264K Free: 306770K (93%)
ptolemy.util.test.WatchDog.cancel(): canceling Tue Feb 12 03:31:59 UTC 2019
------------------ testing $PTII/ptolemy/domains/de/test/auto/Modal5.xml
auto.tcl: Setting watchdog for 200 seconds at Tue Feb 12 03:31:59 UTC 2019
16 ms. Memory: 331264K Free: 310331K (94%)
ptolemy.util.test.WatchDog.cancel(): canceling Tue Feb 12 03:31:59 UTC 2019
auto.tcl: Setting watchdog for 200 seconds at Tue Feb 12 03:31:59 UTC 2019
12 ms. Memory: 331264K Free: 306748K (93%)
ptolemy.util.test.WatchDog.cancel(): canceling Tue Feb 12 03:31:59 UTC 2019
------------------ testing $PTII/ptolemy/domains/de/test/auto/Modal6.xml
auto.tcl: Setting watchdog for 200 seconds at Tue Feb 12 03:31:59 UTC 2019
12 ms. Memory: 331264K Free: 310320K (94%)
ptolemy.util.test.WatchDog.cancel(): canceling Tue Feb 12 03:31:59 UTC 2019
auto.tcl: Setting watchdog for 200 seconds at Tue Feb 12 03:31:59 UTC 2019
12 ms. Memory: 331264K Free: 306753K (93%)
ptolemy.util.test.WatchDog.cancel(): canceling Tue Feb 12 03:31:59 UTC 2019
------------------ testing $PTII/ptolemy/domains/de/test/auto/Modal7.xml
auto.tcl: Setting watchdog for 200 seconds at Tue Feb 12 03:31:59 UTC 2019
8 ms. Memory: 331264K Free: 306730K (93%)
ptolemy.util.test.WatchDog.cancel(): canceling Tue Feb 12 03:31:59 UTC 2019
auto.tcl: Setting watchdog for 200 seconds at Tue Feb 12 03:31:59 UTC 2019
8 ms. Memory: 331264K Free: 303163K (92%)
ptolemy.util.test.WatchDog.cancel(): canceling Tue Feb 12 03:31:59 UTC 2019
------------------ testing $PTII/ptolemy/domains/de/test/auto/ModalModel.xml
auto.tcl: Setting watchdog for 200 seconds at Tue Feb 12 03:31:59 UTC 2019
192 ms. Memory: 331264K Free: 250220K (76%)
ptolemy.util.test.WatchDog.cancel(): canceling Tue Feb 12 03:32:00 UTC 2019
auto.tcl: Setting watchdog for 200 seconds at Tue Feb 12 03:32:00 UTC 2019
168 ms. Memory: 331264K Free: 192988K (58%)
ptolemy.util.test.WatchDog.cancel(): canceling Tue Feb 12 03:32:00 UTC 2019
------------------ testing $PTII/ptolemy/domains/de/test/auto/ModalSource.xml
auto.tcl: Setting watchdog for 200 seconds at Tue Feb 12 03:32:00 UTC 2019
8 ms. Memory: 331264K Free: 316562K (96%)
ptolemy.util.test.WatchDog.cancel(): canceling Tue Feb 12 03:32:00 UTC 2019
auto.tcl: Setting watchdog for 200 seconds at Tue Feb 12 03:32:00 UTC 2019
5 ms. Memory: 331264K Free: 313262K (95%)
ptolemy.util.test.WatchDog.cancel(): canceling Tue Feb 12 03:32:00 UTC 2019
------------------ testing $PTII/ptolemy/domains/de/test/auto/NonInterruptibleTimerZeroDelay.xml
auto.tcl: Setting watchdog for 200 seconds at Tue Feb 12 03:32:00 UTC 2019
4 ms. Memory: 331264K Free: 320953K (97%)
ptolemy.util.test.WatchDog.cancel(): canceling Tue Feb 12 03:32:00 UTC 2019
auto.tcl: Setting watchdog for 200 seconds at Tue Feb 12 03:32:00 UTC 2019
2 ms. Memory: 331264K Free: 317653K (96%)
ptolemy.util.test.WatchDog.cancel(): canceling Tue Feb 12 03:32:00 UTC 2019
------------------ testing $PTII/ptolemy/domains/de/test/auto/OpenQueueingNetwork.xml
auto.tcl: Setting watchdog for 200 seconds at Tue Feb 12 03:32:00 UTC 2019
2719 ms. Memory: 573952K Free: 413450K (72%)
ptolemy.util.test.WatchDog.cancel(): canceling Tue Feb 12 03:32:03 UTC 2019
auto.tcl: Setting watchdog for 200 seconds at Tue Feb 12 03:32:03 UTC 2019
2283 ms. Memory: 574464K Free: 344167K (60%)
ptolemy.util.test.WatchDog.cancel(): canceling Tue Feb 12 03:32:05 UTC 2019
------------------ testing $PTII/ptolemy/domains/de/test/auto/OpenQueuingNetwork.xml
auto.tcl: Setting watchdog for 200 seconds at Tue Feb 12 03:32:05 UTC 2019
259 ms. Memory: 1064960K Free: 946283K (89%)
ptolemy.util.test.WatchDog.cancel(): canceling Tue Feb 12 03:32:05 UTC 2019
auto.tcl: Setting watchdog for 200 seconds at Tue Feb 12 03:32:05 UTC 2019
239 ms. Memory: 1064960K Free: 880796K (83%)
ptolemy.util.test.WatchDog.cancel(): canceling Tue Feb 12 03:32:06 UTC 2019
------------------ testing $PTII/ptolemy/domains/de/test/auto/PeriodicSampler.xml
auto.tcl: Setting watchdog for 200 seconds at Tue Feb 12 03:32:06 UTC 2019
3 ms. Memory: 1065472K Free: 1039559K (98%)
ptolemy.util.test.WatchDog.cancel(): canceling Tue Feb 12 03:32:06 UTC 2019
auto.tcl: Setting watchdog for 200 seconds at Tue Feb 12 03:32:06 UTC 2019
1 ms. Memory: 1065472K Free: 1039559K (98%)
ptolemy.util.test.WatchDog.cancel(): canceling Tue Feb 12 03:32:06 UTC 2019
------------------ testing $PTII/ptolemy/domains/de/test/auto/PersistentIO.xml
auto.tcl: Setting watchdog for 200 seconds at Tue Feb 12 03:32:06 UTC 2019
4 ms. Memory: 1064960K Free: 1029816K (97%)
ptolemy.util.test.WatchDog.cancel(): canceling Tue Feb 12 03:32:06 UTC 2019
auto.tcl: Setting watchdog for 200 seconds at Tue Feb 12 03:32:06 UTC 2019
3 ms. Memory: 1064960K Free: 1029816K (97%)
ptolemy.util.test.WatchDog.cancel(): canceling Tue Feb 12 03:32:06 UTC 2019
------------------ testing $PTII/ptolemy/domains/de/test/auto/PortParameterResetOnInitialize.xml
auto.tcl: Setting watchdog for 200 seconds at Tue Feb 12 03:32:06 UTC 2019
2 ms. Memory: 1065472K Free: 1030190K (97%)
ptolemy.util.test.WatchDog.cancel(): canceling Tue Feb 12 03:32:06 UTC 2019
auto.tcl: Setting watchdog for 200 seconds at Tue Feb 12 03:32:06 UTC 2019
2 ms. Memory: 1065472K Free: 1030190K (97%)
ptolemy.util.test.WatchDog.cancel(): canceling Tue Feb 12 03:32:06 UTC 2019
------------------ testing $PTII/ptolemy/domains/de/test/auto/PortParameterUpdates.xml
auto.tcl: Setting watchdog for 200 seconds at Tue Feb 12 03:32:06 UTC 2019
5 ms. Memory: 1065472K Free: 1040144K (98%)
ptolemy.util.test.WatchDog.cancel(): canceling Tue Feb 12 03:32:06 UTC 2019
auto.tcl: Setting watchdog for 200 seconds at Tue Feb 12 03:32:06 UTC 2019
3 ms. Memory: 1065472K Free: 1040144K (98%)
ptolemy.util.test.WatchDog.cancel(): canceling Tue Feb 12 03:32:06 UTC 2019
------------------ testing $PTII/ptolemy/domains/de/test/auto/QueueAndServer.xml
auto.tcl: Setting watchdog for 200 seconds at Tue Feb 12 03:32:06 UTC 2019
19 ms. Memory: 1065472K Free: 1029148K (97%)
ptolemy.util.test.WatchDog.cancel(): canceling Tue Feb 12 03:32:06 UTC 2019
auto.tcl: Setting watchdog for 200 seconds at Tue Feb 12 03:32:06 UTC 2019
6 ms. Memory: 1065472K Free: 1029148K (97%)
ptolemy.util.test.WatchDog.cancel(): canceling Tue Feb 12 03:32:06 UTC 2019
------------------ testing $PTII/ptolemy/domains/de/test/auto/Records.xml
auto.tcl: Setting watchdog for 200 seconds at Tue Feb 12 03:32:06 UTC 2019
8 ms. Memory: 1065472K Free: 1038911K (98%)
ptolemy.util.test.WatchDog.cancel(): canceling Tue Feb 12 03:32:06 UTC 2019
auto.tcl: Setting watchdog for 200 seconds at Tue Feb 12 03:32:06 UTC 2019
2 ms. Memory: 1065472K Free: 1038911K (98%)
ptolemy.util.test.WatchDog.cancel(): canceling Tue Feb 12 03:32:06 UTC 2019
------------------ testing $PTII/ptolemy/domains/de/test/auto/ResetTransitionWithStartTime1.xml
auto.tcl: Setting watchdog for 200 seconds at Tue Feb 12 03:32:06 UTC 2019
14 ms. Memory: 1065472K Free: 1038936K (98%)
ptolemy.util.test.WatchDog.cancel(): canceling Tue Feb 12 03:32:06 UTC 2019
auto.tcl: Setting watchdog for 200 seconds at Tue Feb 12 03:32:06 UTC 2019
5 ms. Memory: 1065472K Free: 1038936K (98%)
ptolemy.util.test.WatchDog.cancel(): canceling Tue Feb 12 03:32:06 UTC 2019
------------------ testing $PTII/ptolemy/domains/de/test/auto/ResetTransitionWithStartTime2.xml
auto.tcl: Setting watchdog for 200 seconds at Tue Feb 12 03:32:06 UTC 2019
7 ms. Memory: 1064448K Free: 1039043K (98%)
ptolemy.util.test.WatchDog.cancel(): canceling Tue Feb 12 03:32:06 UTC 2019
auto.tcl: Setting watchdog for 200 seconds at Tue Feb 12 03:32:06 UTC 2019
5 ms. Memory: 1064448K Free: 1039043K (98%)
ptolemy.util.test.WatchDog.cancel(): canceling Tue Feb 12 03:32:06 UTC 2019
------------------ testing $PTII/ptolemy/domains/de/test/auto/ResetTransitionWithStartTime3.xml
auto.tcl: Setting watchdog for 200 seconds at Tue Feb 12 03:32:06 UTC 2019
6 ms. Memory: 1064960K Free: 1039554K (98%)
ptolemy.util.test.WatchDog.cancel(): canceling Tue Feb 12 03:32:06 UTC 2019
auto.tcl: Setting watchdog for 200 seconds at Tue Feb 12 03:32:06 UTC 2019
8 ms. Memory: 1064960K Free: 1038414K (98%)
ptolemy.util.test.WatchDog.cancel(): canceling Tue Feb 12 03:32:06 UTC 2019
------------------ testing $PTII/ptolemy/domains/de/test/auto/ResetTransitionWithStartTime4.xml
auto.tcl: Setting watchdog for 200 seconds at Tue Feb 12 03:32:06 UTC 2019
4 ms. Memory: 1064960K Free: 1038412K (98%)
ptolemy.util.test.WatchDog.cancel(): canceling Tue Feb 12 03:32:06 UTC 2019
auto.tcl: Setting watchdog for 200 seconds at Tue Feb 12 03:32:06 UTC 2019
3 ms. Memory: 1064960K Free: 1038412K (98%)
ptolemy.util.test.WatchDog.cancel(): canceling Tue Feb 12 03:32:06 UTC 2019
------------------ testing $PTII/ptolemy/domains/de/test/auto/ResettableTimer1.xml
auto.tcl: Setting watchdog for 200 seconds at Tue Feb 12 03:32:06 UTC 2019
2 ms. Memory: 1064960K Free: 1038408K (98%)
ptolemy.util.test.WatchDog.cancel(): canceling Tue Feb 12 03:32:06 UTC 2019
auto.tcl: Setting watchdog for 200 seconds at Tue Feb 12 03:32:06 UTC 2019
2 ms. Memory: 1064960K Free: 1038408K (98%)
ptolemy.util.test.WatchDog.cancel(): canceling Tue Feb 12 03:32:06 UTC 2019
------------------ testing $PTII/ptolemy/domains/de/test/auto/ResettableTimer2.xml
auto.tcl: Setting watchdog for 200 seconds at Tue Feb 12 03:32:06 UTC 2019
6 ms. Memory: 1064960K Free: 1039606K (98%)
ptolemy.util.test.WatchDog.cancel(): canceling Tue Feb 12 03:32:06 UTC 2019
auto.tcl: Setting watchdog for 200 seconds at Tue Feb 12 03:32:06 UTC 2019
2 ms. Memory: 1064960K Free: 1039606K (98%)
ptolemy.util.test.WatchDog.cancel(): canceling Tue Feb 12 03:32:06 UTC 2019
------------------ testing $PTII/ptolemy/domains/de/test/auto/ResettableTimer3.xml
auto.tcl: Setting watchdog for 200 seconds at Tue Feb 12 03:32:06 UTC 2019
1 ms. Memory: 1064960K Free: 1038465K (98%)
ptolemy.util.test.WatchDog.cancel(): canceling Tue Feb 12 03:32:06 UTC 2019
auto.tcl: Setting watchdog for 200 seconds at Tue Feb 12 03:32:06 UTC 2019
1 ms. Memory: 1064960K Free: 1038465K (98%)
ptolemy.util.test.WatchDog.cancel(): canceling Tue Feb 12 03:32:06 UTC 2019
------------------ testing $PTII/ptolemy/domains/de/test/auto/ResettableTimer4.xml
auto.tcl: Setting watchdog for 200 seconds at Tue Feb 12 03:32:07 UTC 2019
1 ms. Memory: 1063936K Free: 1038594K (98%)
ptolemy.util.test.WatchDog.cancel(): canceling Tue Feb 12 03:32:07 UTC 2019
auto.tcl: Setting watchdog for 200 seconds at Tue Feb 12 03:32:07 UTC 2019
1 ms. Memory: 1063936K Free: 1038594K (98%)
ptolemy.util.test.WatchDog.cancel(): canceling Tue Feb 12 03:32:07 UTC 2019
------------------ testing $PTII/ptolemy/domains/de/test/auto/ResettableTimer5.xml
auto.tcl: Setting watchdog for 200 seconds at Tue Feb 12 03:32:07 UTC 2019
2 ms. Memory: 1064448K Free: 1029284K (97%)
ptolemy.util.test.WatchDog.cancel(): canceling Tue Feb 12 03:32:07 UTC 2019
auto.tcl: Setting watchdog for 200 seconds at Tue Feb 12 03:32:07 UTC 2019
1 ms. Memory: 1064448K Free: 1029284K (97%)
ptolemy.util.test.WatchDog.cancel(): canceling Tue Feb 12 03:32:07 UTC 2019
------------------ testing $PTII/ptolemy/domains/de/test/auto/ResettableTimer6.xml
auto.tcl: Setting watchdog for 200 seconds at Tue Feb 12 03:32:07 UTC 2019
1 ms. Memory: 1064448K Free: 1028093K (97%)
ptolemy.util.test.WatchDog.cancel(): canceling Tue Feb 12 03:32:07 UTC 2019
auto.tcl: Setting watchdog for 200 seconds at Tue Feb 12 03:32:07 UTC 2019
1 ms. Memory: 1064448K Free: 1028093K (97%)
ptolemy.util.test.WatchDog.cancel(): canceling Tue Feb 12 03:32:07 UTC 2019
------------------ testing $PTII/ptolemy/domains/de/test/auto/ServerZeroDelay.xml
auto.tcl: Setting watchdog for 200 seconds at Tue Feb 12 03:32:07 UTC 2019
2 ms. Memory: 1064448K Free: 1039044K (98%)
ptolemy.util.test.WatchDog.cancel(): canceling Tue Feb 12 03:32:07 UTC 2019
auto.tcl: Setting watchdog for 200 seconds at Tue Feb 12 03:32:07 UTC 2019
2 ms. Memory: 1064448K Free: 1039044K (98%)
ptolemy.util.test.WatchDog.cancel(): canceling Tue Feb 12 03:32:07 UTC 2019
------------------ testing $PTII/ptolemy/domains/de/test/auto/SmartSender.xml
auto.tcl: Setting watchdog for 200 seconds at Tue Feb 12 03:32:07 UTC 2019
3002 ms. Memory: 1064448K Free: 1029219K (97%)
ptolemy.util.test.WatchDog.cancel(): canceling Tue Feb 12 03:32:10 UTC 2019
auto.tcl: Setting watchdog for 200 seconds at Tue Feb 12 03:32:10 UTC 2019
3000 ms. Memory: 1064448K Free: 1029219K (97%)
ptolemy.util.test.WatchDog.cancel(): canceling Tue Feb 12 03:32:13 UTC 2019
------------------ testing $PTII/ptolemy/domains/de/test/auto/ThreadedComposite.xml
auto.tcl: Setting watchdog for 200 seconds at Tue Feb 12 03:32:13 UTC 2019
320 ms. Memory: 1064448K Free: 977892K (92%)
ptolemy.util.test.WatchDog.cancel(): canceling Tue Feb 12 03:32:13 UTC 2019
auto.tcl: Setting watchdog for 200 seconds at Tue Feb 12 03:32:13 UTC 2019
123 ms. Memory: 1064448K Free: 958252K (90%)
ptolemy.util.test.WatchDog.cancel(): canceling Tue Feb 12 03:32:13 UTC 2019
------------------ testing $PTII/ptolemy/domains/de/test/auto/Time.xml
auto.tcl: Setting watchdog for 200 seconds at Tue Feb 12 03:32:13 UTC 2019
495 ms. Memory: 1064448K Free: 988523K (93%)
ptolemy.util.test.WatchDog.cancel(): canceling Tue Feb 12 03:32:14 UTC 2019
auto.tcl: Setting watchdog for 200 seconds at Tue Feb 12 03:32:14 UTC 2019
499 ms. Memory: 1064448K Free: 933922K (88%)
ptolemy.util.test.WatchDog.cancel(): canceling Tue Feb 12 03:32:14 UTC 2019
------------------ testing $PTII/ptolemy/domains/de/test/auto/TimeDelayZeroDelay.xml
auto.tcl: Setting watchdog for 200 seconds at Tue Feb 12 03:32:14 UTC 2019
1 ms. Memory: 1064448K Free: 1037822K (97%)
ptolemy.util.test.WatchDog.cancel(): canceling Tue Feb 12 03:32:14 UTC 2019
auto.tcl: Setting watchdog for 200 seconds at Tue Feb 12 03:32:14 UTC 2019
2 ms. Memory: 1064448K Free: 1037822K (97%)
ptolemy.util.test.WatchDog.cancel(): canceling Tue Feb 12 03:32:14 UTC 2019
------------------ testing $PTII/ptolemy/domains/de/test/auto/TimerZeroDelay.xml
auto.tcl: Setting watchdog for 200 seconds at Tue Feb 12 03:32:15 UTC 2019
2 ms. Memory: 1063424K Free: 1037981K (98%)
ptolemy.util.test.WatchDog.cancel(): canceling Tue Feb 12 03:32:15 UTC 2019
auto.tcl: Setting watchdog for 200 seconds at Tue Feb 12 03:32:15 UTC 2019
1 ms. Memory: 1063424K Free: 1037981K (98%)
ptolemy.util.test.WatchDog.cancel(): canceling Tue Feb 12 03:32:15 UTC 2019
------------------ testing $PTII/ptolemy/domains/de/test/auto/TimingParadox.xml
auto.tcl: Setting watchdog for 200 seconds at Tue Feb 12 03:32:15 UTC 2019
324 ms. Memory: 1063936K Free: 975100K (92%)
ptolemy.util.test.WatchDog.cancel(): canceling Tue Feb 12 03:32:15 UTC 2019
auto.tcl: Setting watchdog for 200 seconds at Tue Feb 12 03:32:15 UTC 2019
357 ms. Memory: 1063936K Free: 942340K (89%)
ptolemy.util.test.WatchDog.cancel(): canceling Tue Feb 12 03:32:15 UTC 2019
------------------ testing $PTII/ptolemy/domains/de/test/auto/TransferInputs.xml
auto.tcl: Setting watchdog for 200 seconds at Tue Feb 12 03:32:15 UTC 2019
7 ms. Memory: 1063424K Free: 1036954K (98%)
ptolemy.util.test.WatchDog.cancel(): canceling Tue Feb 12 03:32:15 UTC 2019
auto.tcl: Setting watchdog for 200 seconds at Tue Feb 12 03:32:15 UTC 2019
2 ms. Memory: 1063424K Free: 1036954K (98%)
ptolemy.util.test.WatchDog.cancel(): canceling Tue Feb 12 03:32:15 UTC 2019
------------------ testing $PTII/ptolemy/domains/de/test/auto/TransferOutputs2.xml
auto.tcl: Setting watchdog for 200 seconds at Tue Feb 12 03:32:15 UTC 2019
2 ms. Memory: 1063936K Free: 1038567K (98%)
ptolemy.util.test.WatchDog.cancel(): canceling Tue Feb 12 03:32:16 UTC 2019
auto.tcl: Setting watchdog for 200 seconds at Tue Feb 12 03:32:16 UTC 2019
3 ms. Memory: 1063936K Free: 1038567K (98%)
ptolemy.util.test.WatchDog.cancel(): canceling Tue Feb 12 03:32:16 UTC 2019
------------------ testing $PTII/ptolemy/domains/de/test/auto/Trilateration.xml
auto.tcl: Setting watchdog for 200 seconds at Tue Feb 12 03:32:16 UTC 2019
13314 ms. Memory: 933376K Free: 822841K (88%)
ptolemy.util.test.WatchDog.cancel(): canceling Tue Feb 12 03:32:30 UTC 2019
auto.tcl: Setting watchdog for 200 seconds at Tue Feb 12 03:32:30 UTC 2019
10318 ms. Memory: 812544K Free: 548500K (68%)
ptolemy.util.test.WatchDog.cancel(): canceling Tue Feb 12 03:32:40 UTC 2019
------------------ testing $PTII/ptolemy/domains/de/test/auto/TwoSigmaDelta.xml
auto.tcl: Setting watchdog for 200 seconds at Tue Feb 12 03:32:40 UTC 2019
2568 ms. Memory: 816640K Free: 511919K (63%)
ptolemy.util.test.WatchDog.cancel(): canceling Tue Feb 12 03:32:43 UTC 2019
auto.tcl: Setting watchdog for 200 seconds at Tue Feb 12 03:32:43 UTC 2019
2050 ms. Memory: 816640K Free: 277646K (34%)
ptolemy.util.test.WatchDog.cancel(): canceling Tue Feb 12 03:32:45 UTC 2019
------------------ testing $PTII/ptolemy/domains/de/test/auto/VariableDelay.xml
auto.tcl: Setting watchdog for 200 seconds at Tue Feb 12 03:32:45 UTC 2019
2 ms. Memory: 813056K Free: 790034K (97%)
ptolemy.util.test.WatchDog.cancel(): canceling Tue Feb 12 03:32:45 UTC 2019
auto.tcl: Setting watchdog for 200 seconds at Tue Feb 12 03:32:45 UTC 2019
2 ms. Memory: 813056K Free: 790034K (97%)
ptolemy.util.test.WatchDog.cancel(): canceling Tue Feb 12 03:32:45 UTC 2019
------------------ testing $PTII/ptolemy/domains/de/test/auto/VariableDelay2.xml
auto.tcl: Setting watchdog for 200 seconds at Tue Feb 12 03:32:45 UTC 2019
2 ms. Memory: 812544K Free: 790034K (97%)
ptolemy.util.test.WatchDog.cancel(): canceling Tue Feb 12 03:32:45 UTC 2019
auto.tcl: Setting watchdog for 200 seconds at Tue Feb 12 03:32:45 UTC 2019
1 ms. Memory: 812544K Free: 790034K (97%)
ptolemy.util.test.WatchDog.cancel(): canceling Tue Feb 12 03:32:45 UTC 2019
------------------ testing $PTII/ptolemy/domains/de/test/auto/VariableDelayZeroDelay.xml
auto.tcl: Setting watchdog for 200 seconds at Tue Feb 12 03:32:45 UTC 2019
2 ms. Memory: 812544K Free: 790033K (97%)
ptolemy.util.test.WatchDog.cancel(): canceling Tue Feb 12 03:32:45 UTC 2019
auto.tcl: Setting watchdog for 200 seconds at Tue Feb 12 03:32:45 UTC 2019
1 ms. Memory: 812544K Free: 790033K (97%)
ptolemy.util.test.WatchDog.cancel(): canceling Tue Feb 12 03:32:45 UTC 2019
------------------ testing $PTII/ptolemy/domains/de/test/auto/VariableDelayZeroDelay2.xml
auto.tcl: Setting watchdog for 200 seconds at Tue Feb 12 03:32:45 UTC 2019
1 ms. Memory: 815616K Free: 785693K (96%)
ptolemy.util.test.WatchDog.cancel(): canceling Tue Feb 12 03:32:45 UTC 2019
auto.tcl: Setting watchdog for 200 seconds at Tue Feb 12 03:32:45 UTC 2019
2 ms. Memory: 815616K Free: 785693K (96%)
ptolemy.util.test.WatchDog.cancel(): canceling Tue Feb 12 03:32:45 UTC 2019
------------------ testing $PTII/ptolemy/domains/de/test/auto/deInCt.xml
auto.tcl: Setting watchdog for 200 seconds at Tue Feb 12 03:32:45 UTC 2019
0
1
1
0
0
0
1
1
1
0
0
0
1
1
1
1
0
0
0
1
1
1
0
0
0
0
0
0
0
0
1
1
1
0
0
0
1
1
0
0
0
0
17 ms. Memory: 812544K Free: 789929K (97%)
ptolemy.util.test.WatchDog.cancel(): canceling Tue Feb 12 03:32:45 UTC 2019
auto.tcl: Setting watchdog for 200 seconds at Tue Feb 12 03:32:45 UTC 2019
0
1
1
1
0
0
1
1
1
0
0
0
0
0
1
1
1
1
0
0
0
0
1
1
1
1
0
0
0
1
1
1
1
8 ms. Memory: 812544K Free: 789929K (97%)
ptolemy.util.test.WatchDog.cancel(): canceling Tue Feb 12 03:32:45 UTC 2019
------------------ testing $PTII/ptolemy/domains/de/test/auto/deInCt2.xml
auto.tcl: Setting watchdog for 200 seconds at Tue Feb 12 03:32:45 UTC 2019
0
1
1
1
0
0
1
1
1
0
0
1
1
1
0
0
1
1
1
0
0
1
1
1
0
0
1
1
1
0
0
1
1
1
0
0
1
1
1
0
0
0
15 ms. Memory: 815616K Free: 793099K (97%)
ptolemy.util.test.WatchDog.cancel(): canceling Tue Feb 12 03:32:45 UTC 2019
auto.tcl: Setting watchdog for 200 seconds at Tue Feb 12 03:32:45 UTC 2019
0
1
1
1
0
0
1
1
1
0
0
1
1
1
0
0
1
1
1
0
0
1
1
1
0
0
1
1
1
0
0
1
1
1
0
0
1
1
1
0
0
0
6 ms. Memory: 815616K Free: 793099K (97%)
ptolemy.util.test.WatchDog.cancel(): canceling Tue Feb 12 03:32:45 UTC 2019
------------------ testing $PTII/ptolemy/domains/de/test/auto/dynamicCausalityInterface1.xml
auto.tcl: Setting watchdog for 200 seconds at Tue Feb 12 03:32:45 UTC 2019
1 ms. Memory: 812544K Free: 782712K (96%)
ptolemy.util.test.WatchDog.cancel(): canceling Tue Feb 12 03:32:45 UTC 2019
auto.tcl: Setting watchdog for 200 seconds at Tue Feb 12 03:32:45 UTC 2019
1 ms. Memory: 812544K Free: 782712K (96%)
ptolemy.util.test.WatchDog.cancel(): canceling Tue Feb 12 03:32:45 UTC 2019
------------------ testing $PTII/ptolemy/domains/de/test/auto/fsm_de_test.xml
auto.tcl: Setting watchdog for 200 seconds at Tue Feb 12 03:32:45 UTC 2019
9 ms. Memory: 815104K Free: 785166K (96%)
ptolemy.util.test.WatchDog.cancel(): canceling Tue Feb 12 03:32:45 UTC 2019
auto.tcl: Setting watchdog for 200 seconds at Tue Feb 12 03:32:45 UTC 2019
4 ms. Memory: 815104K Free: 785166K (96%)
ptolemy.util.test.WatchDog.cancel(): canceling Tue Feb 12 03:32:45 UTC 2019
------------------ testing $PTII/ptolemy/domains/de/test/auto/functionDependencyReconstruction.xml
auto.tcl: Setting watchdog for 200 seconds at Tue Feb 12 03:32:46 UTC 2019
4 ms. Memory: 812544K Free: 772166K (95%)
ptolemy.util.test.WatchDog.cancel(): canceling Tue Feb 12 03:32:46 UTC 2019
auto.tcl: Setting watchdog for 200 seconds at Tue Feb 12 03:32:46 UTC 2019
2 ms. Memory: 812544K Free: 772166K (95%)
ptolemy.util.test.WatchDog.cancel(): canceling Tue Feb 12 03:32:46 UTC 2019
------------------ testing $PTII/ptolemy/domains/de/test/auto/multirate.xml
auto.tcl: Setting watchdog for 200 seconds at Tue Feb 12 03:32:46 UTC 2019
5 ms. Memory: 814592K Free: 784519K (96%)
ptolemy.util.test.WatchDog.cancel(): canceling Tue Feb 12 03:32:46 UTC 2019
auto.tcl: Setting watchdog for 200 seconds at Tue Feb 12 03:32:46 UTC 2019
4 ms. Memory: 814592K Free: 784421K (96%)
ptolemy.util.test.WatchDog.cancel(): canceling Tue Feb 12 03:32:46 UTC 2019
------------------ testing $PTII/ptolemy/domains/de/test/auto/multirate2.xml
auto.tcl: Setting watchdog for 200 seconds at Tue Feb 12 03:32:46 UTC 2019
4 ms. Memory: 812544K Free: 789971K (97%)
ptolemy.util.test.WatchDog.cancel(): canceling Tue Feb 12 03:32:46 UTC 2019
auto.tcl: Setting watchdog for 200 seconds at Tue Feb 12 03:32:46 UTC 2019
2 ms. Memory: 812544K Free: 789971K (97%)
ptolemy.util.test.WatchDog.cancel(): canceling Tue Feb 12 03:32:46 UTC 2019
------------------ testing $PTII/ptolemy/domains/de/test/auto/realtime.xml
auto.tcl: Setting watchdog for 200 seconds at Tue Feb 12 03:32:46 UTC 2019
10002 ms. Memory: 814592K Free: 784607K (96%)
ptolemy.util.test.WatchDog.cancel(): canceling Tue Feb 12 03:32:56 UTC 2019
auto.tcl: Setting watchdog for 200 seconds at Tue Feb 12 03:32:56 UTC 2019
10002 ms. Memory: 814592K Free: 784607K (96%)
ptolemy.util.test.WatchDog.cancel(): canceling Tue Feb 12 03:33:06 UTC 2019
------------------ testing $PTII/ptolemy/domains/de/test/auto/relationGroup.xml
auto.tcl: Setting watchdog for 200 seconds at Tue Feb 12 03:33:06 UTC 2019
1 ms. Memory: 812544K Free: 789994K (97%)
ptolemy.util.test.WatchDog.cancel(): canceling Tue Feb 12 03:33:06 UTC 2019
auto.tcl: Setting watchdog for 200 seconds at Tue Feb 12 03:33:06 UTC 2019
1 ms. Memory: 812544K Free: 789994K (97%)
ptolemy.util.test.WatchDog.cancel(): canceling Tue Feb 12 03:33:06 UTC 2019
------------------ testing $PTII/ptolemy/domains/de/test/auto/relationGroup2.xml
auto.tcl: Setting watchdog for 200 seconds at Tue Feb 12 03:33:06 UTC 2019
1 ms. Memory: 814080K Free: 784245K (96%)
ptolemy.util.test.WatchDog.cancel(): canceling Tue Feb 12 03:33:06 UTC 2019
auto.tcl: Setting watchdog for 200 seconds at Tue Feb 12 03:33:06 UTC 2019
1 ms. Memory: 814080K Free: 784245K (96%)
ptolemy.util.test.WatchDog.cancel(): canceling Tue Feb 12 03:33:06 UTC 2019
------------------ testing $PTII/ptolemy/domains/de/test/auto/sortWithOpaquePorts.xml
auto.tcl: Setting watchdog for 200 seconds at Tue Feb 12 03:33:06 UTC 2019
1 ms. Memory: 812544K Free: 782710K (96%)
ptolemy.util.test.WatchDog.cancel(): canceling Tue Feb 12 03:33:06 UTC 2019
auto.tcl: Setting watchdog for 200 seconds at Tue Feb 12 03:33:06 UTC 2019
1 ms. Memory: 812544K Free: 782710K (96%)
ptolemy.util.test.WatchDog.cancel(): canceling Tue Feb 12 03:33:06 UTC 2019
------------------ testing $PTII/ptolemy/domains/de/test/auto/transferInputsandOutputs.xml
auto.tcl: Setting watchdog for 200 seconds at Tue Feb 12 03:33:06 UTC 2019
3 ms. Memory: 814080K Free: 784233K (96%)
ptolemy.util.test.WatchDog.cancel(): canceling Tue Feb 12 03:33:06 UTC 2019
auto.tcl: Setting watchdog for 200 seconds at Tue Feb 12 03:33:06 UTC 2019
2 ms. Memory: 814080K Free: 784233K (96%)
ptolemy.util.test.WatchDog.cancel(): canceling Tue Feb 12 03:33:06 UTC 2019
------------------ testing $PTII/ptolemy/domains/de/test/auto/triggerType.xml
auto.tcl: Setting watchdog for 200 seconds at Tue Feb 12 03:33:06 UTC 2019
4 ms. Memory: 812544K Free: 782647K (96%)
ptolemy.util.test.WatchDog.cancel(): canceling Tue Feb 12 03:33:06 UTC 2019
auto.tcl: Setting watchdog for 200 seconds at Tue Feb 12 03:33:06 UTC 2019
2 ms. Memory: 812544K Free: 782647K (96%)
ptolemy.util.test.WatchDog.cancel(): canceling Tue Feb 12 03:33:06 UTC 2019
02/12/19 03:33:06
Failed: 0  Total Tests: 192  ((Passed: 187, Newly Passed: 1)  Known Failed: 5) /home/travis/build/icyphy/ptII/ptolemy/domains/de/test
02/12/19 03:33:06
Failed: 0  Total Tests: 192  ((Passed: 187, Newly Passed: 1)  Known Failed: 5) /home/travis/build/icyphy/ptII/ptolemy/domains/de/test
----------------- testing (KnownFailure) /home/travis/build/icyphy/ptII/ptolemy/domains/de/test/auto/knownFailedTests/DESDFClockTest.xml
2015 ms. Memory: 813568K Free: 769003K (95%)
Known Failure: java.lang.reflect.InvocationTargetException
----------------- testing (KnownFailure) /home/travis/build/icyphy/ptII/ptolemy/domains/de/test/auto/knownFailedTests/DirectFeedback.xml
2 ms. Memory: 813568K Free: 710512K (87%)
Known Failure: java.lang.reflect.InvocationTargetException
----------------- testing (KnownFailure) /home/travis/build/icyphy/ptII/ptolemy/domains/de/test/auto/knownFailedTests/FSMSource.xml
5 ms. Memory: 813568K Free: 652021K (80%)
----------------- testing (KnownFailure) /home/travis/build/icyphy/ptII/ptolemy/domains/de/test/auto/knownFailedTests/HierarchicalModel.xml
4 ms. Memory: 813568K Free: 608136K (75%)
Known Failure: java.lang.reflect.InvocationTargetException
----------------- testing (KnownFailure) /home/travis/build/icyphy/ptII/ptolemy/domains/de/test/auto/knownFailedTests/dependencyLoop.xml
3 ms. Memory: 813568K Free: 549645K (68%)
Known Failure: java.lang.reflect.InvocationTargetException
----------------- testing (KnownFailure) /home/travis/build/icyphy/ptII/ptolemy/domains/de/test/auto/knownFailedTests/dependencyLoop2.xml
4 ms. Memory: 813568K Free: 491154K (60%)
Known Failure: java.lang.reflect.InvocationTargetException
No auto/linux-amd64/*.xml tests in /home/travis/build/icyphy/ptII/ptolemy/domains/de/test
AutoTests.java: About to close Vertx.
AutoTests.java: Vertx closed.

===========================================================================================
----------------- testing Tue Feb 12 03:33:08 UTC 2019 /home/travis/build/icyphy/ptII/ptolemy/domains/de/test/auto/ActorDepthCalculation_actorWithoutPorts.xml
----------------- Instantiating /home/travis/build/icyphy/ptII/ptolemy/domains/de/test/auto/ActorDepthCalculation_actorWithoutPorts.xml
2 ms. Memory: 813568K Free: 418040K (51%)
----------------- Invoking toplevel() on ptolemy.moml.MoMLSimpleApplication@7c91e548
----------------- Done invoking toplevel() on ptolemy.moml.MoMLSimpleApplication@7c91e548
reloadAllAccessors: .ActorDepthCalculation_actorWithoutPorts

===========================================================================================
----------------- testing Tue Feb 12 03:33:08 UTC 2019 /home/travis/build/icyphy/ptII/ptolemy/domains/de/test/auto/AssemblyLine.xml
----------------- Instantiating /home/travis/build/icyphy/ptII/ptolemy/domains/de/test/auto/AssemblyLine.xml
2 ms. Memory: 813568K Free: 388795K (48%)
----------------- Invoking toplevel() on ptolemy.moml.MoMLSimpleApplication@3443f04b
----------------- Done invoking toplevel() on ptolemy.moml.MoMLSimpleApplication@3443f04b
reloadAllAccessors: .AssemblyLine

===========================================================================================
----------------- testing Tue Feb 12 03:33:08 UTC 2019 /home/travis/build/icyphy/ptII/ptolemy/domains/de/test/auto/CQBug1.xml
----------------- Instantiating /home/travis/build/icyphy/ptII/ptolemy/domains/de/test/auto/CQBug1.xml
1 ms. Memory: 813568K Free: 359549K (44%)
----------------- Invoking toplevel() on ptolemy.moml.MoMLSimpleApplication@62b55fa6
----------------- Done invoking toplevel() on ptolemy.moml.MoMLSimpleApplication@62b55fa6
reloadAllAccessors: .CQBug1

===========================================================================================
----------------- testing Tue Feb 12 03:33:08 UTC 2019 /home/travis/build/icyphy/ptII/ptolemy/domains/de/test/auto/CancelFireAt.xml
----------------- Instantiating /home/travis/build/icyphy/ptII/ptolemy/domains/de/test/auto/CancelFireAt.xml
1 ms. Memory: 813568K Free: 330304K (41%)
----------------- Invoking toplevel() on ptolemy.moml.MoMLSimpleApplication@5ba996e6
----------------- Done invoking toplevel() on ptolemy.moml.MoMLSimpleApplication@5ba996e6
reloadAllAccessors: .CancelFireAt

===========================================================================================
----------------- testing Tue Feb 12 03:33:08 UTC 2019 /home/travis/build/icyphy/ptII/ptolemy/domains/de/test/auto/CausalityAndComposabilityAnalysis.xml
----------------- Instantiating /home/travis/build/icyphy/ptII/ptolemy/domains/de/test/auto/CausalityAndComposabilityAnalysis.xml
1 ms. Memory: 813568K Free: 301058K (37%)
----------------- Invoking toplevel() on ptolemy.moml.MoMLSimpleApplication@250894b5
----------------- Done invoking toplevel() on ptolemy.moml.MoMLSimpleApplication@250894b5
reloadAllAccessors: .CausalityAndComposabilityAnalysis

===========================================================================================
----------------- testing Tue Feb 12 03:33:08 UTC 2019 /home/travis/build/icyphy/ptII/ptolemy/domains/de/test/auto/CausalityInterface1.xml
----------------- Instantiating /home/travis/build/icyphy/ptII/ptolemy/domains/de/test/auto/CausalityInterface1.xml
4 ms. Memory: 813568K Free: 271813K (33%)
----------------- Invoking toplevel() on ptolemy.moml.MoMLSimpleApplication@e2b67c0
----------------- Done invoking toplevel() on ptolemy.moml.MoMLSimpleApplication@e2b67c0
reloadAllAccessors: .CausalityInterface1

===========================================================================================
----------------- testing Tue Feb 12 03:33:08 UTC 2019 /home/travis/build/icyphy/ptII/ptolemy/domains/de/test/auto/CausalityInterface15.xml
----------------- Instantiating /home/travis/build/icyphy/ptII/ptolemy/domains/de/test/auto/CausalityInterface15.xml
1 ms. Memory: 813568K Free: 242567K (30%)
----------------- Invoking toplevel() on ptolemy.moml.MoMLSimpleApplication@569d1d40
----------------- Done invoking toplevel() on ptolemy.moml.MoMLSimpleApplication@569d1d40
reloadAllAccessors: .CausalityInterface15

===========================================================================================
----------------- testing Tue Feb 12 03:33:08 UTC 2019 /home/travis/build/icyphy/ptII/ptolemy/domains/de/test/auto/CausalityInterface2.xml
----------------- Instantiating /home/travis/build/icyphy/ptII/ptolemy/domains/de/test/auto/CausalityInterface2.xml
1 ms. Memory: 813568K Free: 213322K (26%)
----------------- Invoking toplevel() on ptolemy.moml.MoMLSimpleApplication@467ec618
----------------- Done invoking toplevel() on ptolemy.moml.MoMLSimpleApplication@467ec618
reloadAllAccessors: .CausalityInterface2

===========================================================================================
----------------- testing Tue Feb 12 03:33:08 UTC 2019 /home/travis/build/icyphy/ptII/ptolemy/domains/de/test/auto/CausalityInterface3.xml
----------------- Instantiating /home/travis/build/icyphy/ptII/ptolemy/domains/de/test/auto/CausalityInterface3.xml
1 ms. Memory: 813568K Free: 184076K (23%)
----------------- Invoking toplevel() on ptolemy.moml.MoMLSimpleApplication@41772a8
----------------- Done invoking toplevel() on ptolemy.moml.MoMLSimpleApplication@41772a8
reloadAllAccessors: .CausalityInterface3

===========================================================================================
----------------- testing Tue Feb 12 03:33:09 UTC 2019 /home/travis/build/icyphy/ptII/ptolemy/domains/de/test/auto/ClockDrift.xml
----------------- Instantiating /home/travis/build/icyphy/ptII/ptolemy/domains/de/test/auto/ClockDrift.xml
12 ms. Memory: 813568K Free: 154831K (19%)
----------------- Invoking toplevel() on ptolemy.moml.MoMLSimpleApplication@2838282f
----------------- Done invoking toplevel() on ptolemy.moml.MoMLSimpleApplication@2838282f
reloadAllAccessors: .ClockDrift

===========================================================================================
----------------- testing Tue Feb 12 03:33:09 UTC 2019 /home/travis/build/icyphy/ptII/ptolemy/domains/de/test/auto/ClockDriftAndValueChange.xml
----------------- Instantiating /home/travis/build/icyphy/ptII/ptolemy/domains/de/test/auto/ClockDriftAndValueChange.xml
11 ms. Memory: 813568K Free: 125585K (15%)
----------------- Invoking toplevel() on ptolemy.moml.MoMLSimpleApplication@4f491f07
----------------- Done invoking toplevel() on ptolemy.moml.MoMLSimpleApplication@4f491f07
reloadAllAccessors: .ClockDriftAndValueChange

===========================================================================================
----------------- testing Tue Feb 12 03:33:09 UTC 2019 /home/travis/build/icyphy/ptII/ptolemy/domains/de/test/auto/ClockDriftChange.xml
----------------- Instantiating /home/travis/build/icyphy/ptII/ptolemy/domains/de/test/auto/ClockDriftChange.xml
11 ms. Memory: 813568K Free: 96340K (12%)
----------------- Invoking toplevel() on ptolemy.moml.MoMLSimpleApplication@aaca0e6
----------------- Done invoking toplevel() on ptolemy.moml.MoMLSimpleApplication@aaca0e6
reloadAllAccessors: .ClockDriftChange

===========================================================================================
----------------- testing Tue Feb 12 03:33:09 UTC 2019 /home/travis/build/icyphy/ptII/ptolemy/domains/de/test/auto/ComposableCausalityAnalysis.xml
----------------- Instantiating /home/travis/build/icyphy/ptII/ptolemy/domains/de/test/auto/ComposableCausalityAnalysis.xml
1 ms. Memory: 813568K Free: 77642K (10%)
----------------- Invoking toplevel() on ptolemy.moml.MoMLSimpleApplication@4b679d63
----------------- Done invoking toplevel() on ptolemy.moml.MoMLSimpleApplication@4b679d63
reloadAllAccessors: .ComposableCausalityAnalysis

===========================================================================================
----------------- testing Tue Feb 12 03:33:09 UTC 2019 /home/travis/build/icyphy/ptII/ptolemy/domains/de/test/auto/DEFixedPointLimitation.xml
----------------- Instantiating /home/travis/build/icyphy/ptII/ptolemy/domains/de/test/auto/DEFixedPointLimitation.xml
1 ms. Memory: 777728K Free: 744796K (96%)
----------------- Invoking toplevel() on ptolemy.moml.MoMLSimpleApplication@5d0e7334
----------------- Done invoking toplevel() on ptolemy.moml.MoMLSimpleApplication@5d0e7334
reloadAllAccessors: .DEFixedPointLimitation

===========================================================================================
----------------- testing Tue Feb 12 03:33:09 UTC 2019 /home/travis/build/icyphy/ptII/ptolemy/domains/de/test/auto/DEScheduleTest.xml
----------------- Instantiating /home/travis/build/icyphy/ptII/ptolemy/domains/de/test/auto/DEScheduleTest.xml
2 ms. Memory: 777728K Free: 710486K (91%)
----------------- Invoking toplevel() on ptolemy.moml.MoMLSimpleApplication@1df8ad17
----------------- Done invoking toplevel() on ptolemy.moml.MoMLSimpleApplication@1df8ad17
reloadAllAccessors: .DEScheduleTest

===========================================================================================
----------------- testing Tue Feb 12 03:33:09 UTC 2019 /home/travis/build/icyphy/ptII/ptolemy/domains/de/test/auto/DEinDEwithStartTimes.xml
----------------- Instantiating /home/travis/build/icyphy/ptII/ptolemy/domains/de/test/auto/DEinDEwithStartTimes.xml
2 ms. Memory: 777728K Free: 682633K (88%)
----------------- Invoking toplevel() on ptolemy.moml.MoMLSimpleApplication@3ac77511
----------------- Done invoking toplevel() on ptolemy.moml.MoMLSimpleApplication@3ac77511
reloadAllAccessors: .DEinDEwithStartTimes

===========================================================================================
----------------- testing Tue Feb 12 03:33:09 UTC 2019 /home/travis/build/icyphy/ptII/ptolemy/domains/de/test/auto/DEinDEwithStartTimes2.xml
----------------- Instantiating /home/travis/build/icyphy/ptII/ptolemy/domains/de/test/auto/DEinDEwithStartTimes2.xml
3 ms. Memory: 777728K Free: 654719K (84%)
----------------- Invoking toplevel() on ptolemy.moml.MoMLSimpleApplication@7d1c4a5a
----------------- Done invoking toplevel() on ptolemy.moml.MoMLSimpleApplication@7d1c4a5a
reloadAllAccessors: .DEinDEwithStartTimes2

===========================================================================================
----------------- testing Tue Feb 12 03:33:09 UTC 2019 /home/travis/build/icyphy/ptII/ptolemy/domains/de/test/auto/DateDemo.xml
----------------- Instantiating /home/travis/build/icyphy/ptII/ptolemy/domains/de/test/auto/DateDemo.xml
4 ms. Memory: 777728K Free: 626866K (81%)
----------------- Invoking toplevel() on ptolemy.moml.MoMLSimpleApplication@68bb7521
----------------- Done invoking toplevel() on ptolemy.moml.MoMLSimpleApplication@68bb7521
reloadAllAccessors: .DateDemo

===========================================================================================
----------------- testing Tue Feb 12 03:33:09 UTC 2019 /home/travis/build/icyphy/ptII/ptolemy/domains/de/test/auto/DateToEvent.xml
----------------- Instantiating /home/travis/build/icyphy/ptII/ptolemy/domains/de/test/auto/DateToEvent.xml
2004 ms. Memory: 777728K Free: 585071K (75%)
----------------- Invoking toplevel() on ptolemy.moml.MoMLSimpleApplication@7f486166
----------------- Done invoking toplevel() on ptolemy.moml.MoMLSimpleApplication@7f486166
reloadAllAccessors: .DateToEvent

===========================================================================================
----------------- testing Tue Feb 12 03:33:11 UTC 2019 /home/travis/build/icyphy/ptII/ptolemy/domains/de/test/auto/DepthTest1.xml
----------------- Instantiating /home/travis/build/icyphy/ptII/ptolemy/domains/de/test/auto/DepthTest1.xml
1 ms. Memory: 777728K Free: 557218K (72%)
----------------- Invoking toplevel() on ptolemy.moml.MoMLSimpleApplication@7f5a69a
----------------- Done invoking toplevel() on ptolemy.moml.MoMLSimpleApplication@7f5a69a
reloadAllAccessors: .DepthTest1

===========================================================================================
----------------- testing Tue Feb 12 03:33:11 UTC 2019 /home/travis/build/icyphy/ptII/ptolemy/domains/de/test/auto/DepthTest2.xml
----------------- Instantiating /home/travis/build/icyphy/ptII/ptolemy/domains/de/test/auto/DepthTest2.xml
2 ms. Memory: 777728K Free: 529366K (68%)
----------------- Invoking toplevel() on ptolemy.moml.MoMLSimpleApplication@3e957a7b
----------------- Done invoking toplevel() on ptolemy.moml.MoMLSimpleApplication@3e957a7b
reloadAllAccessors: .DepthTest2

===========================================================================================
----------------- testing Tue Feb 12 03:33:11 UTC 2019 /home/travis/build/icyphy/ptII/ptolemy/domains/de/test/auto/DepthTest3.xml
----------------- Instantiating /home/travis/build/icyphy/ptII/ptolemy/domains/de/test/auto/DepthTest3.xml
2 ms. Memory: 777728K Free: 501513K (64%)
----------------- Invoking toplevel() on ptolemy.moml.MoMLSimpleApplication@6c66548f
----------------- Done invoking toplevel() on ptolemy.moml.MoMLSimpleApplication@6c66548f
reloadAllAccessors: .DepthTest3

===========================================================================================
----------------- testing Tue Feb 12 03:33:11 UTC 2019 /home/travis/build/icyphy/ptII/ptolemy/domains/de/test/auto/DepthTest4.xml
----------------- Instantiating /home/travis/build/icyphy/ptII/ptolemy/domains/de/test/auto/DepthTest4.xml
1 ms. Memory: 777728K Free: 473660K (61%)
----------------- Invoking toplevel() on ptolemy.moml.MoMLSimpleApplication@50c8dbfd
----------------- Done invoking toplevel() on ptolemy.moml.MoMLSimpleApplication@50c8dbfd
reloadAllAccessors: .DepthTest4

===========================================================================================
----------------- testing Tue Feb 12 03:33:11 UTC 2019 /home/travis/build/icyphy/ptII/ptolemy/domains/de/test/auto/DepthTest5.xml
----------------- Instantiating /home/travis/build/icyphy/ptII/ptolemy/domains/de/test/auto/DepthTest5.xml
2 ms. Memory: 777728K Free: 445807K (57%)
----------------- Invoking toplevel() on ptolemy.moml.MoMLSimpleApplication@10b59edb
----------------- Done invoking toplevel() on ptolemy.moml.MoMLSimpleApplication@10b59edb
reloadAllAccessors: .DepthTest5

===========================================================================================
----------------- testing Tue Feb 12 03:33:11 UTC 2019 /home/travis/build/icyphy/ptII/ptolemy/domains/de/test/auto/DepthTest6.xml
----------------- Instantiating /home/travis/build/icyphy/ptII/ptolemy/domains/de/test/auto/DepthTest6.xml
2 ms. Memory: 777728K Free: 417954K (54%)
----------------- Invoking toplevel() on ptolemy.moml.MoMLSimpleApplication@55267b45
----------------- Done invoking toplevel() on ptolemy.moml.MoMLSimpleApplication@55267b45
reloadAllAccessors: .DepthTest6

===========================================================================================
----------------- testing Tue Feb 12 03:33:11 UTC 2019 /home/travis/build/icyphy/ptII/ptolemy/domains/de/test/auto/DepthTest7.xml
----------------- Instantiating /home/travis/build/icyphy/ptII/ptolemy/domains/de/test/auto/DepthTest7.xml
1 ms. Memory: 777728K Free: 390101K (50%)
----------------- Invoking toplevel() on ptolemy.moml.MoMLSimpleApplication@45079f0f
----------------- Done invoking toplevel() on ptolemy.moml.MoMLSimpleApplication@45079f0f
reloadAllAccessors: .DepthTest7

===========================================================================================
----------------- testing Tue Feb 12 03:33:11 UTC 2019 /home/travis/build/icyphy/ptII/ptolemy/domains/de/test/auto/EventToDate.xml
----------------- Instantiating /home/travis/build/icyphy/ptII/ptolemy/domains/de/test/auto/EventToDate.xml
3005 ms. Memory: 777728K Free: 362248K (47%)
----------------- Invoking toplevel() on ptolemy.moml.MoMLSimpleApplication@61e79635
----------------- Done invoking toplevel() on ptolemy.moml.MoMLSimpleApplication@61e79635
reloadAllAccessors: .EventToDate

===========================================================================================
----------------- testing Tue Feb 12 03:33:14 UTC 2019 /home/travis/build/icyphy/ptII/ptolemy/domains/de/test/auto/FSM1.xml
----------------- Instantiating /home/travis/build/icyphy/ptII/ptolemy/domains/de/test/auto/FSM1.xml
8 ms. Memory: 777728K Free: 327938K (42%)
----------------- Invoking toplevel() on ptolemy.moml.MoMLSimpleApplication@cc170e3
----------------- Done invoking toplevel() on ptolemy.moml.MoMLSimpleApplication@cc170e3
reloadAllAccessors: .FSM1

===========================================================================================
----------------- testing Tue Feb 12 03:33:14 UTC 2019 /home/travis/build/icyphy/ptII/ptolemy/domains/de/test/auto/FSM7.xml
----------------- Instantiating /home/travis/build/icyphy/ptII/ptolemy/domains/de/test/auto/FSM7.xml
16 ms. Memory: 777728K Free: 300085K (39%)
----------------- Invoking toplevel() on ptolemy.moml.MoMLSimpleApplication@2f0d87bd
----------------- Done invoking toplevel() on ptolemy.moml.MoMLSimpleApplication@2f0d87bd
reloadAllAccessors: .FSM7

===========================================================================================
----------------- testing Tue Feb 12 03:33:14 UTC 2019 /home/travis/build/icyphy/ptII/ptolemy/domains/de/test/auto/Inspection.xml
----------------- Instantiating /home/travis/build/icyphy/ptII/ptolemy/domains/de/test/auto/Inspection.xml
21 ms. Memory: 777728K Free: 272232K (35%)
----------------- Invoking toplevel() on ptolemy.moml.MoMLSimpleApplication@44ed2c8a
----------------- Done invoking toplevel() on ptolemy.moml.MoMLSimpleApplication@44ed2c8a
reloadAllAccessors: .Inspection

===========================================================================================
----------------- testing Tue Feb 12 03:33:14 UTC 2019 /home/travis/build/icyphy/ptII/ptolemy/domains/de/test/auto/Iteration.xml
----------------- Instantiating /home/travis/build/icyphy/ptII/ptolemy/domains/de/test/auto/Iteration.xml
8 ms. Memory: 777728K Free: 244380K (31%)
----------------- Invoking toplevel() on ptolemy.moml.MoMLSimpleApplication@4a723969
----------------- Done invoking toplevel() on ptolemy.moml.MoMLSimpleApplication@4a723969
reloadAllAccessors: .Iteration

===========================================================================================
----------------- testing Tue Feb 12 03:33:14 UTC 2019 /home/travis/build/icyphy/ptII/ptolemy/domains/de/test/auto/LineFault.xml
----------------- Instantiating /home/travis/build/icyphy/ptII/ptolemy/domains/de/test/auto/LineFault.xml
406 ms. Memory: 777728K Free: 119010K (15%)
----------------- Invoking toplevel() on ptolemy.moml.MoMLSimpleApplication@3236db9b
----------------- Done invoking toplevel() on ptolemy.moml.MoMLSimpleApplication@3236db9b
reloadAllAccessors: .LineFault

===========================================================================================
----------------- testing Tue Feb 12 03:33:15 UTC 2019 /home/travis/build/icyphy/ptII/ptolemy/domains/de/test/auto/MergeModel1Add.xml
----------------- Instantiating /home/travis/build/icyphy/ptII/ptolemy/domains/de/test/auto/MergeModel1Add.xml
5 ms. Memory: 777728K Free: 77215K (10%)
----------------- Invoking toplevel() on ptolemy.moml.MoMLSimpleApplication@26a22ccb
----------------- Done invoking toplevel() on ptolemy.moml.MoMLSimpleApplication@26a22ccb
reloadAllAccessors: .MergeModel1Add

===========================================================================================
----------------- testing Tue Feb 12 03:33:15 UTC 2019 /home/travis/build/icyphy/ptII/ptolemy/domains/de/test/auto/MergeModel2Add.xml
----------------- Instantiating /home/travis/build/icyphy/ptII/ptolemy/domains/de/test/auto/MergeModel2Add.xml
5 ms. Memory: 745472K Free: 713462K (96%)
----------------- Invoking toplevel() on ptolemy.moml.MoMLSimpleApplication@5034f790
----------------- Done invoking toplevel() on ptolemy.moml.MoMLSimpleApplication@5034f790
reloadAllAccessors: .MergeModel2Add

===========================================================================================
----------------- testing Tue Feb 12 03:33:15 UTC 2019 /home/travis/build/icyphy/ptII/ptolemy/domains/de/test/auto/MergeModel3Add.xml
----------------- Instantiating /home/travis/build/icyphy/ptII/ptolemy/domains/de/test/auto/MergeModel3Add.xml
5 ms. Memory: 745472K Free: 682807K (92%)
----------------- Invoking toplevel() on ptolemy.moml.MoMLSimpleApplication@5a3dbaf3
----------------- Done invoking toplevel() on ptolemy.moml.MoMLSimpleApplication@5a3dbaf3
reloadAllAccessors: .MergeModel3Add

===========================================================================================
----------------- testing Tue Feb 12 03:33:15 UTC 2019 /home/travis/build/icyphy/ptII/ptolemy/domains/de/test/auto/MergeWithoutDiscard.xml
----------------- Instantiating /home/travis/build/icyphy/ptII/ptolemy/domains/de/test/auto/MergeWithoutDiscard.xml
1 ms. Memory: 745472K Free: 669546K (90%)
----------------- Invoking toplevel() on ptolemy.moml.MoMLSimpleApplication@5c1d378f
----------------- Done invoking toplevel() on ptolemy.moml.MoMLSimpleApplication@5c1d378f
reloadAllAccessors: .MergeWithoutDiscard

===========================================================================================
----------------- testing Tue Feb 12 03:33:15 UTC 2019 /home/travis/build/icyphy/ptII/ptolemy/domains/de/test/auto/Modal1.xml
----------------- Instantiating /home/travis/build/icyphy/ptII/ptolemy/domains/de/test/auto/Modal1.xml
10 ms. Memory: 745472K Free: 649639K (87%)
----------------- Invoking toplevel() on ptolemy.moml.MoMLSimpleApplication@654a9075
----------------- Done invoking toplevel() on ptolemy.moml.MoMLSimpleApplication@654a9075
reloadAllAccessors: .Modal1

===========================================================================================
----------------- testing Tue Feb 12 03:33:15 UTC 2019 /home/travis/build/icyphy/ptII/ptolemy/domains/de/test/auto/Modal2.xml
----------------- Instantiating /home/travis/build/icyphy/ptII/ptolemy/domains/de/test/auto/Modal2.xml
7 ms. Memory: 745472K Free: 629740K (84%)
----------------- Invoking toplevel() on ptolemy.moml.MoMLSimpleApplication@1c283e32
----------------- Done invoking toplevel() on ptolemy.moml.MoMLSimpleApplication@1c283e32
reloadAllAccessors: .Modal2

===========================================================================================
----------------- testing Tue Feb 12 03:33:15 UTC 2019 /home/travis/build/icyphy/ptII/ptolemy/domains/de/test/auto/Modal3.xml
----------------- Instantiating /home/travis/build/icyphy/ptII/ptolemy/domains/de/test/auto/Modal3.xml
7 ms. Memory: 745472K Free: 609832K (82%)
----------------- Invoking toplevel() on ptolemy.moml.MoMLSimpleApplication@134957f5
----------------- Done invoking toplevel() on ptolemy.moml.MoMLSimpleApplication@134957f5
reloadAllAccessors: .Modal3

===========================================================================================
----------------- testing Tue Feb 12 03:33:15 UTC 2019 /home/travis/build/icyphy/ptII/ptolemy/domains/de/test/auto/Modal4.xml
----------------- Instantiating /home/travis/build/icyphy/ptII/ptolemy/domains/de/test/auto/Modal4.xml
7 ms. Memory: 745472K Free: 589925K (79%)
----------------- Invoking toplevel() on ptolemy.moml.MoMLSimpleApplication@27656c42
----------------- Done invoking toplevel() on ptolemy.moml.MoMLSimpleApplication@27656c42
reloadAllAccessors: .Modal4

===========================================================================================
----------------- testing Tue Feb 12 03:33:15 UTC 2019 /home/travis/build/icyphy/ptII/ptolemy/domains/de/test/auto/Modal5.xml
----------------- Instantiating /home/travis/build/icyphy/ptII/ptolemy/domains/de/test/auto/Modal5.xml
8 ms. Memory: 745472K Free: 570026K (76%)
----------------- Invoking toplevel() on ptolemy.moml.MoMLSimpleApplication@57da2ebd
----------------- Done invoking toplevel() on ptolemy.moml.MoMLSimpleApplication@57da2ebd
reloadAllAccessors: .Modal5

===========================================================================================
----------------- testing Tue Feb 12 03:33:15 UTC 2019 /home/travis/build/icyphy/ptII/ptolemy/domains/de/test/auto/Modal6.xml
----------------- Instantiating /home/travis/build/icyphy/ptII/ptolemy/domains/de/test/auto/Modal6.xml
8 ms. Memory: 745472K Free: 550135K (74%)
----------------- Invoking toplevel() on ptolemy.moml.MoMLSimpleApplication@466fb406
----------------- Done invoking toplevel() on ptolemy.moml.MoMLSimpleApplication@466fb406
reloadAllAccessors: .Modal6

===========================================================================================
----------------- testing Tue Feb 12 03:33:15 UTC 2019 /home/travis/build/icyphy/ptII/ptolemy/domains/de/test/auto/Modal7.xml
----------------- Instantiating /home/travis/build/icyphy/ptII/ptolemy/domains/de/test/auto/Modal7.xml
6 ms. Memory: 745472K Free: 526156K (71%)
----------------- Invoking toplevel() on ptolemy.moml.MoMLSimpleApplication@7de408cb
----------------- Done invoking toplevel() on ptolemy.moml.MoMLSimpleApplication@7de408cb
reloadAllAccessors: .Modal7

===========================================================================================
----------------- testing Tue Feb 12 03:33:15 UTC 2019 /home/travis/build/icyphy/ptII/ptolemy/domains/de/test/auto/ModalModel.xml
----------------- Instantiating /home/travis/build/icyphy/ptII/ptolemy/domains/de/test/auto/ModalModel.xml
107 ms. Memory: 745472K Free: 453148K (61%)
----------------- Invoking toplevel() on ptolemy.moml.MoMLSimpleApplication@e50b382
----------------- Done invoking toplevel() on ptolemy.moml.MoMLSimpleApplication@e50b382
reloadAllAccessors: .ModalModel

===========================================================================================
----------------- testing Tue Feb 12 03:33:15 UTC 2019 /home/travis/build/icyphy/ptII/ptolemy/domains/de/test/auto/ModalSource.xml
----------------- Instantiating /home/travis/build/icyphy/ptII/ptolemy/domains/de/test/auto/ModalSource.xml
4 ms. Memory: 745472K Free: 439887K (59%)
----------------- Invoking toplevel() on ptolemy.moml.MoMLSimpleApplication@2e9afa39
----------------- Done invoking toplevel() on ptolemy.moml.MoMLSimpleApplication@2e9afa39
reloadAllAccessors: .ModalSource

===========================================================================================
----------------- testing Tue Feb 12 03:33:15 UTC 2019 /home/travis/build/icyphy/ptII/ptolemy/domains/de/test/auto/NonInterruptibleTimerZeroDelay.xml
----------------- Instantiating /home/travis/build/icyphy/ptII/ptolemy/domains/de/test/auto/NonInterruptibleTimerZeroDelay.xml
2 ms. Memory: 745472K Free: 426626K (57%)
----------------- Invoking toplevel() on ptolemy.moml.MoMLSimpleApplication@79fc40aa
----------------- Done invoking toplevel() on ptolemy.moml.MoMLSimpleApplication@79fc40aa
reloadAllAccessors: .NonInterruptibleTimerZeroDelay

===========================================================================================
----------------- testing Tue Feb 12 03:33:15 UTC 2019 /home/travis/build/icyphy/ptII/ptolemy/domains/de/test/auto/OpenQueueingNetwork.xml
----------------- Instantiating /home/travis/build/icyphy/ptII/ptolemy/domains/de/test/auto/OpenQueueingNetwork.xml
2206 ms. Memory: 714240K Free: 450136K (63%)
----------------- Invoking toplevel() on ptolemy.moml.MoMLSimpleApplication@c5e40b8
----------------- Done invoking toplevel() on ptolemy.moml.MoMLSimpleApplication@c5e40b8
reloadAllAccessors: .OpenQueueingNetwork

===========================================================================================
----------------- testing Tue Feb 12 03:33:17 UTC 2019 /home/travis/build/icyphy/ptII/ptolemy/domains/de/test/auto/OpenQueuingNetwork.xml
----------------- Instantiating /home/travis/build/icyphy/ptII/ptolemy/domains/de/test/auto/OpenQueuingNetwork.xml
215 ms. Memory: 714240K Free: 355579K (50%)
----------------- Invoking toplevel() on ptolemy.moml.MoMLSimpleApplication@596702ee
----------------- Done invoking toplevel() on ptolemy.moml.MoMLSimpleApplication@596702ee
reloadAllAccessors: .OpenQueuingNetwork

===========================================================================================
----------------- testing Tue Feb 12 03:33:18 UTC 2019 /home/travis/build/icyphy/ptII/ptolemy/domains/de/test/auto/PeriodicSampler.xml
----------------- Instantiating /home/travis/build/icyphy/ptII/ptolemy/domains/de/test/auto/PeriodicSampler.xml
1 ms. Memory: 714240K Free: 347155K (49%)
----------------- Invoking toplevel() on ptolemy.moml.MoMLSimpleApplication@3c33eae4
----------------- Done invoking toplevel() on ptolemy.moml.MoMLSimpleApplication@3c33eae4
reloadAllAccessors: .PeriodicSampler

===========================================================================================
----------------- testing Tue Feb 12 03:33:18 UTC 2019 /home/travis/build/icyphy/ptII/ptolemy/domains/de/test/auto/PersistentIO.xml
----------------- Instantiating /home/travis/build/icyphy/ptII/ptolemy/domains/de/test/auto/PersistentIO.xml
10 ms. Memory: 714240K Free: 334510K (47%)
----------------- Invoking toplevel() on ptolemy.moml.MoMLSimpleApplication@5a244e95
----------------- Done invoking toplevel() on ptolemy.moml.MoMLSimpleApplication@5a244e95
reloadAllAccessors: .PersistentIO

===========================================================================================
----------------- testing Tue Feb 12 03:33:18 UTC 2019 /home/travis/build/icyphy/ptII/ptolemy/domains/de/test/auto/PortParameterResetOnInitialize.xml
----------------- Instantiating /home/travis/build/icyphy/ptII/ptolemy/domains/de/test/auto/PortParameterResetOnInitialize.xml
2 ms. Memory: 714240K Free: 326086K (46%)
----------------- Invoking toplevel() on ptolemy.moml.MoMLSimpleApplication@6379a8a1
----------------- Done invoking toplevel() on ptolemy.moml.MoMLSimpleApplication@6379a8a1
reloadAllAccessors: .PortParameterResetOnInitialize

===========================================================================================
----------------- testing Tue Feb 12 03:33:18 UTC 2019 /home/travis/build/icyphy/ptII/ptolemy/domains/de/test/auto/PortParameterUpdates.xml
----------------- Instantiating /home/travis/build/icyphy/ptII/ptolemy/domains/de/test/auto/PortParameterUpdates.xml
3 ms. Memory: 714240K Free: 313434K (44%)
----------------- Invoking toplevel() on ptolemy.moml.MoMLSimpleApplication@3e9dc123
----------------- Done invoking toplevel() on ptolemy.moml.MoMLSimpleApplication@3e9dc123
reloadAllAccessors: .PortParameterUpdates

===========================================================================================
----------------- testing Tue Feb 12 03:33:18 UTC 2019 /home/travis/build/icyphy/ptII/ptolemy/domains/de/test/auto/QueueAndServer.xml
----------------- Instantiating /home/travis/build/icyphy/ptII/ptolemy/domains/de/test/auto/QueueAndServer.xml
5 ms. Memory: 714240K Free: 298203K (42%)
----------------- Invoking toplevel() on ptolemy.moml.MoMLSimpleApplication@7ff60c0a
----------------- Done invoking toplevel() on ptolemy.moml.MoMLSimpleApplication@7ff60c0a
reloadAllAccessors: .QueueAndServer

===========================================================================================
----------------- testing Tue Feb 12 03:33:18 UTC 2019 /home/travis/build/icyphy/ptII/ptolemy/domains/de/test/auto/Records.xml
----------------- Instantiating /home/travis/build/icyphy/ptII/ptolemy/domains/de/test/auto/Records.xml
2 ms. Memory: 714240K Free: 285551K (40%)
----------------- Invoking toplevel() on ptolemy.moml.MoMLSimpleApplication@7c28fa76
----------------- Done invoking toplevel() on ptolemy.moml.MoMLSimpleApplication@7c28fa76
reloadAllAccessors: .Records

===========================================================================================
----------------- testing Tue Feb 12 03:33:18 UTC 2019 /home/travis/build/icyphy/ptII/ptolemy/domains/de/test/auto/ResetTransitionWithStartTime1.xml
----------------- Instantiating /home/travis/build/icyphy/ptII/ptolemy/domains/de/test/auto/ResetTransitionWithStartTime1.xml
4 ms. Memory: 714240K Free: 272899K (38%)
----------------- Invoking toplevel() on ptolemy.moml.MoMLSimpleApplication@4b8b6aea
----------------- Done invoking toplevel() on ptolemy.moml.MoMLSimpleApplication@4b8b6aea
reloadAllAccessors: .ResetTransitionWithStartTime1

===========================================================================================
----------------- testing Tue Feb 12 03:33:18 UTC 2019 /home/travis/build/icyphy/ptII/ptolemy/domains/de/test/auto/ResetTransitionWithStartTime2.xml
----------------- Instantiating /home/travis/build/icyphy/ptII/ptolemy/domains/de/test/auto/ResetTransitionWithStartTime2.xml
4 ms. Memory: 714240K Free: 260255K (36%)
----------------- Invoking toplevel() on ptolemy.moml.MoMLSimpleApplication@2487eef0
----------------- Done invoking toplevel() on ptolemy.moml.MoMLSimpleApplication@2487eef0
reloadAllAccessors: .ResetTransitionWithStartTime2

===========================================================================================
----------------- testing Tue Feb 12 03:33:18 UTC 2019 /home/travis/build/icyphy/ptII/ptolemy/domains/de/test/auto/ResetTransitionWithStartTime3.xml
----------------- Instantiating /home/travis/build/icyphy/ptII/ptolemy/domains/de/test/auto/ResetTransitionWithStartTime3.xml
6 ms. Memory: 714240K Free: 247602K (35%)
----------------- Invoking toplevel() on ptolemy.moml.MoMLSimpleApplication@d6b41e4
----------------- Done invoking toplevel() on ptolemy.moml.MoMLSimpleApplication@d6b41e4
reloadAllAccessors: .ResetTransitionWithStartTime3

===========================================================================================
----------------- testing Tue Feb 12 03:33:18 UTC 2019 /home/travis/build/icyphy/ptII/ptolemy/domains/de/test/auto/ResetTransitionWithStartTime4.xml
----------------- Instantiating /home/travis/build/icyphy/ptII/ptolemy/domains/de/test/auto/ResetTransitionWithStartTime4.xml
7 ms. Memory: 714240K Free: 232379K (33%)
----------------- Invoking toplevel() on ptolemy.moml.MoMLSimpleApplication@5897f467
----------------- Done invoking toplevel() on ptolemy.moml.MoMLSimpleApplication@5897f467
reloadAllAccessors: .ResetTransitionWithStartTime4

===========================================================================================
----------------- testing Tue Feb 12 03:33:18 UTC 2019 /home/travis/build/icyphy/ptII/ptolemy/domains/de/test/auto/ResettableTimer1.xml
----------------- Instantiating /home/travis/build/icyphy/ptII/ptolemy/domains/de/test/auto/ResettableTimer1.xml
1 ms. Memory: 714240K Free: 223955K (31%)
----------------- Invoking toplevel() on ptolemy.moml.MoMLSimpleApplication@6c55a279
----------------- Done invoking toplevel() on ptolemy.moml.MoMLSimpleApplication@6c55a279
reloadAllAccessors: .ResettableTimer1

===========================================================================================
----------------- testing Tue Feb 12 03:33:18 UTC 2019 /home/travis/build/icyphy/ptII/ptolemy/domains/de/test/auto/ResettableTimer2.xml
----------------- Instantiating /home/travis/build/icyphy/ptII/ptolemy/domains/de/test/auto/ResettableTimer2.xml
1 ms. Memory: 714240K Free: 215531K (30%)
----------------- Invoking toplevel() on ptolemy.moml.MoMLSimpleApplication@7d111d73
----------------- Done invoking toplevel() on ptolemy.moml.MoMLSimpleApplication@7d111d73
reloadAllAccessors: .ResettableTimer2

===========================================================================================
----------------- testing Tue Feb 12 03:33:18 UTC 2019 /home/travis/build/icyphy/ptII/ptolemy/domains/de/test/auto/ResettableTimer3.xml
----------------- Instantiating /home/travis/build/icyphy/ptII/ptolemy/domains/de/test/auto/ResettableTimer3.xml
2 ms. Memory: 714240K Free: 207107K (29%)
----------------- Invoking toplevel() on ptolemy.moml.MoMLSimpleApplication@4ef19d0b
----------------- Done invoking toplevel() on ptolemy.moml.MoMLSimpleApplication@4ef19d0b
reloadAllAccessors: .ResettableTimer3

===========================================================================================
----------------- testing Tue Feb 12 03:33:18 UTC 2019 /home/travis/build/icyphy/ptII/ptolemy/domains/de/test/auto/ResettableTimer4.xml
----------------- Instantiating /home/travis/build/icyphy/ptII/ptolemy/domains/de/test/auto/ResettableTimer4.xml
1 ms. Memory: 714240K Free: 198659K (28%)
----------------- Invoking toplevel() on ptolemy.moml.MoMLSimpleApplication@102a2761
----------------- Done invoking toplevel() on ptolemy.moml.MoMLSimpleApplication@102a2761
reloadAllAccessors: .ResettableTimer4

===========================================================================================
----------------- testing Tue Feb 12 03:33:18 UTC 2019 /home/travis/build/icyphy/ptII/ptolemy/domains/de/test/auto/ResettableTimer5.xml
----------------- Instantiating /home/travis/build/icyphy/ptII/ptolemy/domains/de/test/auto/ResettableTimer5.xml
3 ms. Memory: 714240K Free: 187657K (26%)
----------------- Invoking toplevel() on ptolemy.moml.MoMLSimpleApplication@65d8bd8c
----------------- Done invoking toplevel() on ptolemy.moml.MoMLSimpleApplication@65d8bd8c
reloadAllAccessors: .ResettableTimer5

===========================================================================================
----------------- testing Tue Feb 12 03:33:18 UTC 2019 /home/travis/build/icyphy/ptII/ptolemy/domains/de/test/auto/ResettableTimer6.xml
----------------- Instantiating /home/travis/build/icyphy/ptII/ptolemy/domains/de/test/auto/ResettableTimer6.xml
4 ms. Memory: 714240K Free: 179233K (25%)
----------------- Invoking toplevel() on ptolemy.moml.MoMLSimpleApplication@208c2f1
----------------- Done invoking toplevel() on ptolemy.moml.MoMLSimpleApplication@208c2f1
reloadAllAccessors: .ResettableTimer6

===========================================================================================
----------------- testing Tue Feb 12 03:33:18 UTC 2019 /home/travis/build/icyphy/ptII/ptolemy/domains/de/test/auto/ServerZeroDelay.xml
----------------- Instantiating /home/travis/build/icyphy/ptII/ptolemy/domains/de/test/auto/ServerZeroDelay.xml
1 ms. Memory: 714240K Free: 170808K (24%)
----------------- Invoking toplevel() on ptolemy.moml.MoMLSimpleApplication@40800c45
----------------- Done invoking toplevel() on ptolemy.moml.MoMLSimpleApplication@40800c45
reloadAllAccessors: .ServerZeroDelay

===========================================================================================
----------------- testing Tue Feb 12 03:33:18 UTC 2019 /home/travis/build/icyphy/ptII/ptolemy/domains/de/test/auto/SmartSender.xml
----------------- Instantiating /home/travis/build/icyphy/ptII/ptolemy/domains/de/test/auto/SmartSender.xml
3001 ms. Memory: 714240K Free: 162384K (23%)
----------------- Invoking toplevel() on ptolemy.moml.MoMLSimpleApplication@57ae4ae7
----------------- Done invoking toplevel() on ptolemy.moml.MoMLSimpleApplication@57ae4ae7
reloadAllAccessors: .SmartSender

===========================================================================================
----------------- testing Tue Feb 12 03:33:21 UTC 2019 /home/travis/build/icyphy/ptII/ptolemy/domains/de/test/auto/ThreadedComposite.xml
----------------- Instantiating /home/travis/build/icyphy/ptII/ptolemy/domains/de/test/auto/ThreadedComposite.xml
83 ms. Memory: 714240K Free: 137095K (19%)
----------------- Invoking toplevel() on ptolemy.moml.MoMLSimpleApplication@33ac0ded
----------------- Done invoking toplevel() on ptolemy.moml.MoMLSimpleApplication@33ac0ded
reloadAllAccessors: .ThreadedComposite

===========================================================================================
----------------- testing Tue Feb 12 03:33:21 UTC 2019 /home/travis/build/icyphy/ptII/ptolemy/domains/de/test/auto/Time.xml
----------------- Instantiating /home/travis/build/icyphy/ptII/ptolemy/domains/de/test/auto/Time.xml
413 ms. Memory: 714240K Free: 79759K (11%)
----------------- Invoking toplevel() on ptolemy.moml.MoMLSimpleApplication@764d9c69
----------------- Done invoking toplevel() on ptolemy.moml.MoMLSimpleApplication@764d9c69
reloadAllAccessors: .Time

===========================================================================================
----------------- testing Tue Feb 12 03:33:21 UTC 2019 /home/travis/build/icyphy/ptII/ptolemy/domains/de/test/auto/TimeDelayZeroDelay.xml
----------------- Instantiating /home/travis/build/icyphy/ptII/ptolemy/domains/de/test/auto/TimeDelayZeroDelay.xml
9 ms. Memory: 683520K Free: 673744K (99%)
----------------- Invoking toplevel() on ptolemy.moml.MoMLSimpleApplication@70a1e6c1
----------------- Done invoking toplevel() on ptolemy.moml.MoMLSimpleApplication@70a1e6c1
reloadAllAccessors: .TimeDelayZeroDelay

===========================================================================================
----------------- testing Tue Feb 12 03:33:21 UTC 2019 /home/travis/build/icyphy/ptII/ptolemy/domains/de/test/auto/TimerZeroDelay.xml
----------------- Instantiating /home/travis/build/icyphy/ptII/ptolemy/domains/de/test/auto/TimerZeroDelay.xml
2 ms. Memory: 683520K Free: 662027K (97%)
----------------- Invoking toplevel() on ptolemy.moml.MoMLSimpleApplication@17fba630
----------------- Done invoking toplevel() on ptolemy.moml.MoMLSimpleApplication@17fba630
reloadAllAccessors: .TimerZeroDelay

===========================================================================================
----------------- testing Tue Feb 12 03:33:21 UTC 2019 /home/travis/build/icyphy/ptII/ptolemy/domains/de/test/auto/TimingParadox.xml
----------------- Instantiating /home/travis/build/icyphy/ptII/ptolemy/domains/de/test/auto/TimingParadox.xml
266 ms. Memory: 683520K Free: 593771K (87%)
----------------- Invoking toplevel() on ptolemy.moml.MoMLSimpleApplication@4b968386
----------------- Done invoking toplevel() on ptolemy.moml.MoMLSimpleApplication@4b968386
reloadAllAccessors: .TimingParadox

===========================================================================================
----------------- testing Tue Feb 12 03:33:22 UTC 2019 /home/travis/build/icyphy/ptII/ptolemy/domains/de/test/auto/TransferInputs.xml
----------------- Instantiating /home/travis/build/icyphy/ptII/ptolemy/domains/de/test/auto/TransferInputs.xml
1 ms. Memory: 683520K Free: 585743K (86%)
----------------- Invoking toplevel() on ptolemy.moml.MoMLSimpleApplication@7b2b8e36
----------------- Done invoking toplevel() on ptolemy.moml.MoMLSimpleApplication@7b2b8e36
reloadAllAccessors: .TransferInputs

===========================================================================================
----------------- testing Tue Feb 12 03:33:22 UTC 2019 /home/travis/build/icyphy/ptII/ptolemy/domains/de/test/auto/TransferOutputs2.xml
----------------- Instantiating /home/travis/build/icyphy/ptII/ptolemy/domains/de/test/auto/TransferOutputs2.xml
2 ms. Memory: 683520K Free: 572003K (84%)
----------------- Invoking toplevel() on ptolemy.moml.MoMLSimpleApplication@445942cf
----------------- Done invoking toplevel() on ptolemy.moml.MoMLSimpleApplication@445942cf
reloadAllAccessors: .TransferOutputs2

===========================================================================================
----------------- testing Tue Feb 12 03:33:22 UTC 2019 /home/travis/build/icyphy/ptII/ptolemy/domains/de/test/auto/Trilateration.xml
----------------- Instantiating /home/travis/build/icyphy/ptII/ptolemy/domains/de/test/auto/Trilateration.xml
10544 ms. Memory: 555008K Free: 320267K (58%)
----------------- Invoking toplevel() on ptolemy.moml.MoMLSimpleApplication@57e1c1ad
----------------- Done invoking toplevel() on ptolemy.moml.MoMLSimpleApplication@57e1c1ad
reloadAllAccessors: .Trilateration

===========================================================================================
----------------- testing Tue Feb 12 03:33:33 UTC 2019 /home/travis/build/icyphy/ptII/ptolemy/domains/de/test/auto/TwoSigmaDelta.xml
----------------- Instantiating /home/travis/build/icyphy/ptII/ptolemy/domains/de/test/auto/TwoSigmaDelta.xml
1878 ms. Memory: 538112K Free: 477606K (89%)
----------------- Invoking toplevel() on ptolemy.moml.MoMLSimpleApplication@18ce1db3
----------------- Done invoking toplevel() on ptolemy.moml.MoMLSimpleApplication@18ce1db3
reloadAllAccessors: .TwoSigmaDelta

===========================================================================================
----------------- testing Tue Feb 12 03:33:35 UTC 2019 /home/travis/build/icyphy/ptII/ptolemy/domains/de/test/auto/VariableDelay.xml
----------------- Instantiating /home/travis/build/icyphy/ptII/ptolemy/domains/de/test/auto/VariableDelay.xml
1 ms. Memory: 538112K Free: 463336K (86%)
----------------- Invoking toplevel() on ptolemy.moml.MoMLSimpleApplication@740234a9
----------------- Done invoking toplevel() on ptolemy.moml.MoMLSimpleApplication@740234a9
reloadAllAccessors: .VariableDelay

===========================================================================================
----------------- testing Tue Feb 12 03:33:35 UTC 2019 /home/travis/build/icyphy/ptII/ptolemy/domains/de/test/auto/VariableDelay2.xml
----------------- Instantiating /home/travis/build/icyphy/ptII/ptolemy/domains/de/test/auto/VariableDelay2.xml
1 ms. Memory: 538112K Free: 453762K (84%)
----------------- Invoking toplevel() on ptolemy.moml.MoMLSimpleApplication@6ed56a3f
----------------- Done invoking toplevel() on ptolemy.moml.MoMLSimpleApplication@6ed56a3f
reloadAllAccessors: .VariableDelay2

===========================================================================================
----------------- testing Tue Feb 12 03:33:35 UTC 2019 /home/travis/build/icyphy/ptII/ptolemy/domains/de/test/auto/VariableDelayZeroDelay.xml
----------------- Instantiating /home/travis/build/icyphy/ptII/ptolemy/domains/de/test/auto/VariableDelayZeroDelay.xml
1 ms. Memory: 538112K Free: 444188K (83%)
----------------- Invoking toplevel() on ptolemy.moml.MoMLSimpleApplication@5af0153f
----------------- Done invoking toplevel() on ptolemy.moml.MoMLSimpleApplication@5af0153f
reloadAllAccessors: .VariableDelayZeroDelay

===========================================================================================
----------------- testing Tue Feb 12 03:33:35 UTC 2019 /home/travis/build/icyphy/ptII/ptolemy/domains/de/test/auto/VariableDelayZeroDelay2.xml
----------------- Instantiating /home/travis/build/icyphy/ptII/ptolemy/domains/de/test/auto/VariableDelayZeroDelay2.xml
2 ms. Memory: 538112K Free: 434614K (81%)
----------------- Invoking toplevel() on ptolemy.moml.MoMLSimpleApplication@246dd0a8
----------------- Done invoking toplevel() on ptolemy.moml.MoMLSimpleApplication@246dd0a8
reloadAllAccessors: .VariableDelayZeroDelay2

===========================================================================================
----------------- testing Tue Feb 12 03:33:35 UTC 2019 /home/travis/build/icyphy/ptII/ptolemy/domains/de/test/auto/deInCt.xml
----------------- Instantiating /home/travis/build/icyphy/ptII/ptolemy/domains/de/test/auto/deInCt.xml
0
1
1
1
1
1
0
0
0
0
1
1
1
1
0
0
0
1
1
1
0
0
0
1
1
1
0
0
0
0
0
0
3 ms. Memory: 538112K Free: 425039K (79%)
----------------- Invoking toplevel() on ptolemy.moml.MoMLSimpleApplication@235b30b1
----------------- Done invoking toplevel() on ptolemy.moml.MoMLSimpleApplication@235b30b1
reloadAllAccessors: .deInCt

===========================================================================================
----------------- testing Tue Feb 12 03:33:35 UTC 2019 /home/travis/build/icyphy/ptII/ptolemy/domains/de/test/auto/deInCt2.xml
----------------- Instantiating /home/travis/build/icyphy/ptII/ptolemy/domains/de/test/auto/deInCt2.xml
0
1
1
1
0
0
1
1
1
0
0
1
1
1
0
0
1
1
1
0
0
1
1
1
0
0
1
1
1
0
0
1
1
1
0
0
1
1
1
0
0
0
4 ms. Memory: 538112K Free: 414923K (77%)
----------------- Invoking toplevel() on ptolemy.moml.MoMLSimpleApplication@76fc3366
----------------- Done invoking toplevel() on ptolemy.moml.MoMLSimpleApplication@76fc3366
reloadAllAccessors: .deInCt2

===========================================================================================
----------------- testing Tue Feb 12 03:33:35 UTC 2019 /home/travis/build/icyphy/ptII/ptolemy/domains/de/test/auto/dynamicCausalityInterface1.xml
----------------- Instantiating /home/travis/build/icyphy/ptII/ptolemy/domains/de/test/auto/dynamicCausalityInterface1.xml
1 ms. Memory: 538112K Free: 400817K (74%)
----------------- Invoking toplevel() on ptolemy.moml.MoMLSimpleApplication@2cab1d74
----------------- Done invoking toplevel() on ptolemy.moml.MoMLSimpleApplication@2cab1d74
reloadAllAccessors: .dynamicCausalityInterface1

===========================================================================================
----------------- testing Tue Feb 12 03:33:35 UTC 2019 /home/travis/build/icyphy/ptII/ptolemy/domains/de/test/auto/fsm_de_test.xml
----------------- Instantiating /home/travis/build/icyphy/ptII/ptolemy/domains/de/test/auto/fsm_de_test.xml
4 ms. Memory: 538112K Free: 386720K (72%)
----------------- Invoking toplevel() on ptolemy.moml.MoMLSimpleApplication@165a0d59
----------------- Done invoking toplevel() on ptolemy.moml.MoMLSimpleApplication@165a0d59
reloadAllAccessors: .fsm_de_test

===========================================================================================
----------------- testing Tue Feb 12 03:33:35 UTC 2019 /home/travis/build/icyphy/ptII/ptolemy/domains/de/test/auto/functionDependencyReconstruction.xml
----------------- Instantiating /home/travis/build/icyphy/ptII/ptolemy/domains/de/test/auto/functionDependencyReconstruction.xml
2 ms. Memory: 538112K Free: 363567K (68%)
----------------- Invoking toplevel() on ptolemy.moml.MoMLSimpleApplication@731ce55a
----------------- Done invoking toplevel() on ptolemy.moml.MoMLSimpleApplication@731ce55a
reloadAllAccessors: .functionDependencyReconstruction

===========================================================================================
----------------- testing Tue Feb 12 03:33:35 UTC 2019 /home/travis/build/icyphy/ptII/ptolemy/domains/de/test/auto/multirate.xml
----------------- Instantiating /home/travis/build/icyphy/ptII/ptolemy/domains/de/test/auto/multirate.xml
3 ms. Memory: 538112K Free: 349461K (65%)
----------------- Invoking toplevel() on ptolemy.moml.MoMLSimpleApplication@d676421
----------------- Done invoking toplevel() on ptolemy.moml.MoMLSimpleApplication@d676421
reloadAllAccessors: .multirate

===========================================================================================
----------------- testing Tue Feb 12 03:33:35 UTC 2019 /home/travis/build/icyphy/ptII/ptolemy/domains/de/test/auto/multirate2.xml
----------------- Instantiating /home/travis/build/icyphy/ptII/ptolemy/domains/de/test/auto/multirate2.xml
2 ms. Memory: 538112K Free: 335371K (62%)
----------------- Invoking toplevel() on ptolemy.moml.MoMLSimpleApplication@693b9e63
----------------- Done invoking toplevel() on ptolemy.moml.MoMLSimpleApplication@693b9e63
reloadAllAccessors: .multirate2

===========================================================================================
----------------- testing Tue Feb 12 03:33:35 UTC 2019 /home/travis/build/icyphy/ptII/ptolemy/domains/de/test/auto/realtime.xml
----------------- Instantiating /home/travis/build/icyphy/ptII/ptolemy/domains/de/test/auto/realtime.xml
10001 ms. Memory: 538112K Free: 325797K (61%)
----------------- Invoking toplevel() on ptolemy.moml.MoMLSimpleApplication@784180ab
----------------- Done invoking toplevel() on ptolemy.moml.MoMLSimpleApplication@784180ab
reloadAllAccessors: .realtime

===========================================================================================
----------------- testing Tue Feb 12 03:33:45 UTC 2019 /home/travis/build/icyphy/ptII/ptolemy/domains/de/test/auto/relationGroup.xml
----------------- Instantiating /home/travis/build/icyphy/ptII/ptolemy/domains/de/test/auto/relationGroup.xml
0 ms. Memory: 538112K Free: 316224K (59%)
----------------- Invoking toplevel() on ptolemy.moml.MoMLSimpleApplication@6e1c03ce
----------------- Done invoking toplevel() on ptolemy.moml.MoMLSimpleApplication@6e1c03ce
reloadAllAccessors: .relationGroup

===========================================================================================
----------------- testing Tue Feb 12 03:33:45 UTC 2019 /home/travis/build/icyphy/ptII/ptolemy/domains/de/test/auto/relationGroup2.xml
----------------- Instantiating /home/travis/build/icyphy/ptII/ptolemy/domains/de/test/auto/relationGroup2.xml
2 ms. Memory: 538112K Free: 306650K (57%)
----------------- Invoking toplevel() on ptolemy.moml.MoMLSimpleApplication@77fddad9
----------------- Done invoking toplevel() on ptolemy.moml.MoMLSimpleApplication@77fddad9
reloadAllAccessors: .relationGroup2

===========================================================================================
----------------- testing Tue Feb 12 03:33:45 UTC 2019 /home/travis/build/icyphy/ptII/ptolemy/domains/de/test/auto/sortWithOpaquePorts.xml
----------------- Instantiating /home/travis/build/icyphy/ptII/ptolemy/domains/de/test/auto/sortWithOpaquePorts.xml
1 ms. Memory: 538112K Free: 297076K (55%)
----------------- Invoking toplevel() on ptolemy.moml.MoMLSimpleApplication@4f299887
----------------- Done invoking toplevel() on ptolemy.moml.MoMLSimpleApplication@4f299887
reloadAllAccessors: .sortWithOpaquePorts

===========================================================================================
----------------- testing Tue Feb 12 03:33:45 UTC 2019 /home/travis/build/icyphy/ptII/ptolemy/domains/de/test/auto/transferInputsandOutputs.xml
----------------- Instantiating /home/travis/build/icyphy/ptII/ptolemy/domains/de/test/auto/transferInputsandOutputs.xml
2 ms. Memory: 538112K Free: 282978K (53%)
----------------- Invoking toplevel() on ptolemy.moml.MoMLSimpleApplication@3fe1b5d7
----------------- Done invoking toplevel() on ptolemy.moml.MoMLSimpleApplication@3fe1b5d7
reloadAllAccessors: .transferInputsandOutputs

===========================================================================================
----------------- testing Tue Feb 12 03:33:45 UTC 2019 /home/travis/build/icyphy/ptII/ptolemy/domains/de/test/auto/triggerType.xml
----------------- Instantiating /home/travis/build/icyphy/ptII/ptolemy/domains/de/test/auto/triggerType.xml
1 ms. Memory: 538112K Free: 273404K (51%)
----------------- Invoking toplevel() on ptolemy.moml.MoMLSimpleApplication@3b93a91c
----------------- Done invoking toplevel() on ptolemy.moml.MoMLSimpleApplication@3b93a91c
reloadAllAccessors: .triggerType
AutoTests.java: About to close Vertx.
AutoTests.java: Vertx closed.
]]></system-out>
  <system-err><![CDATA[java.lang.RuntimeException: Execution failed
	at ptolemy.moml.MoMLSimpleApplication$UnloadThread.run(MoMLSimpleApplication.java:402)
Caused by: ptolemy.kernel.util.IllegalActionException: Found a zero delay loop containing .dependencyLoop.original
  in .dependencyLoop and .dependencyLoop.original
	at ptolemy.actor.util.CausalityInterfaceForComposites._computeOutputPortDepth(CausalityInterfaceForComposites.java:759)
	at ptolemy.actor.util.CausalityInterfaceForComposites._computeInputDepth(CausalityInterfaceForComposites.java:696)
	at ptolemy.actor.util.CausalityInterfaceForComposites._computeOutputPortDepth(CausalityInterfaceForComposites.java:765)
	at ptolemy.actor.util.CausalityInterfaceForComposites._computeInputDepth(CausalityInterfaceForComposites.java:696)
	at ptolemy.actor.util.CausalityInterfaceForComposites._computeOutputPortDepth(CausalityInterfaceForComposites.java:765)
	at ptolemy.actor.util.CausalityInterfaceForComposites._computeInputDepth(CausalityInterfaceForComposites.java:696)
	at ptolemy.actor.util.CausalityInterfaceForComposites._computeActorDepth(CausalityInterfaceForComposites.java:532)
	at ptolemy.actor.util.CausalityInterfaceForComposites.checkForCycles(CausalityInterfaceForComposites.java:96)
	at ptolemy.domains.de.kernel.DEDirector.preinitialize(DEDirector.java:1338)
	at ptolemy.actor.CompositeActor.preinitialize(CompositeActor.java:1828)
	at ptolemy.actor.Manager.preinitializeAndResolveTypes(Manager.java:1040)
	at ptolemy.actor.Manager.initialize(Manager.java:710)
	at ptolemy.actor.Manager.execute(Manager.java:356)
	at ptolemy.actor.Manager.run(Manager.java:1263)
	at ptolemy.actor.Manager$PtolemyRunThread.run(Manager.java:1915)
java.lang.RuntimeException: Execution failed
	at ptolemy.moml.MoMLSimpleApplication$UnloadThread.run(MoMLSimpleApplication.java:402)
Caused by: ptolemy.kernel.util.IllegalActionException: Found a zero delay loop containing .dependencyLoop2.original
  in .dependencyLoop2 and .dependencyLoop2.original
	at ptolemy.actor.util.CausalityInterfaceForComposites._computeOutputPortDepth(CausalityInterfaceForComposites.java:759)
	at ptolemy.actor.util.CausalityInterfaceForComposites._computeInputDepth(CausalityInterfaceForComposites.java:696)
	at ptolemy.actor.util.CausalityInterfaceForComposites._computeOutputPortDepth(CausalityInterfaceForComposites.java:765)
	at ptolemy.actor.util.CausalityInterfaceForComposites._computeInputDepth(CausalityInterfaceForComposites.java:696)
	at ptolemy.actor.util.CausalityInterfaceForComposites._computeOutputPortDepth(CausalityInterfaceForComposites.java:765)
	at ptolemy.actor.util.CausalityInterfaceForComposites._computeInputDepth(CausalityInterfaceForComposites.java:696)
	at ptolemy.actor.util.CausalityInterfaceForComposites._computeActorDepth(CausalityInterfaceForComposites.java:532)
	at ptolemy.actor.util.CausalityInterfaceForComposites.checkForCycles(CausalityInterfaceForComposites.java:96)
	at ptolemy.domains.de.kernel.DEDirector.preinitialize(DEDirector.java:1338)
	at ptolemy.actor.CompositeActor.preinitialize(CompositeActor.java:1828)
	at ptolemy.actor.Manager.preinitializeAndResolveTypes(Manager.java:1040)
	at ptolemy.actor.Manager.initialize(Manager.java:710)
	at ptolemy.actor.Manager.execute(Manager.java:356)
	at ptolemy.actor.Manager.run(Manager.java:1263)
	at ptolemy.actor.Manager$PtolemyRunThread.run(Manager.java:1915)
java.lang.RuntimeException: Execution failed
	at ptolemy.moml.MoMLSimpleApplication$UnloadThread.run(MoMLSimpleApplication.java:402)
Caused by: ptolemy.kernel.util.IllegalActionException: Found a zero delay loop containing .dependencyLoop.original
  in .dependencyLoop and .dependencyLoop.original
	at ptolemy.actor.util.CausalityInterfaceForComposites._computeOutputPortDepth(CausalityInterfaceForComposites.java:759)
	at ptolemy.actor.util.CausalityInterfaceForComposites._computeInputDepth(CausalityInterfaceForComposites.java:696)
	at ptolemy.actor.util.CausalityInterfaceForComposites._computeOutputPortDepth(CausalityInterfaceForComposites.java:765)
	at ptolemy.actor.util.CausalityInterfaceForComposites._computeInputDepth(CausalityInterfaceForComposites.java:696)
	at ptolemy.actor.util.CausalityInterfaceForComposites._computeOutputPortDepth(CausalityInterfaceForComposites.java:765)
	at ptolemy.actor.util.CausalityInterfaceForComposites._computeInputDepth(CausalityInterfaceForComposites.java:696)
	at ptolemy.actor.util.CausalityInterfaceForComposites._computeActorDepth(CausalityInterfaceForComposites.java:532)
	at ptolemy.actor.util.CausalityInterfaceForComposites.checkForCycles(CausalityInterfaceForComposites.java:96)
	at ptolemy.domains.de.kernel.DEDirector.preinitialize(DEDirector.java:1338)
	at ptolemy.actor.CompositeActor.preinitialize(CompositeActor.java:1828)
	at ptolemy.actor.Manager.preinitializeAndResolveTypes(Manager.java:1040)
	at ptolemy.actor.Manager.initialize(Manager.java:710)
	at ptolemy.actor.Manager.execute(Manager.java:356)
	at ptolemy.actor.Manager.run(Manager.java:1263)
	at ptolemy.actor.Manager$PtolemyRunThread.run(Manager.java:1915)
java.lang.RuntimeException: Execution failed
	at ptolemy.moml.MoMLSimpleApplication$UnloadThread.run(MoMLSimpleApplication.java:402)
Caused by: ptolemy.kernel.util.IllegalActionException: Actor is not ready to fire.  Perhaps UpSample.prefire() returned false? Try debugging the actor by selecting "Listen to Actor".  Also, for SDF check moml for tokenConsumptionRate on input.
  in .DESDFClockTest.Play Bell.Copy1:SDF Director and .DESDFClockTest.Play Bell.UpSample
	at ptolemy.actor.sched.StaticSchedulingDirector.fire(StaticSchedulingDirector.java:227)
	at ptolemy.domains.sdf.kernel.SDFDirector.fire(SDFDirector.java:500)
	at ptolemy.actor.CompositeActor.fire(CompositeActor.java:455)
	at ptolemy.domains.de.kernel.DEDirector._fire(DEDirector.java:1949)
	at ptolemy.domains.de.kernel.DEDirector.fire(DEDirector.java:502)
	at ptolemy.actor.CompositeActor.fire(CompositeActor.java:455)
	at ptolemy.actor.Manager.iterate(Manager.java:851)
	at ptolemy.actor.Manager.execute(Manager.java:369)
	at ptolemy.actor.Manager.run(Manager.java:1263)
	at ptolemy.actor.Manager$PtolemyRunThread.run(Manager.java:1915)
java.lang.RuntimeException: Execution failed
	at ptolemy.moml.MoMLSimpleApplication$UnloadThread.run(MoMLSimpleApplication.java:402)
Caused by: ptolemy.kernel.util.IllegalActionException: Found a zero delay loop containing .dependencyLoop2.original
  in .dependencyLoop2 and .dependencyLoop2.original
	at ptolemy.actor.util.CausalityInterfaceForComposites._computeOutputPortDepth(CausalityInterfaceForComposites.java:759)
	at ptolemy.actor.util.CausalityInterfaceForComposites._computeInputDepth(CausalityInterfaceForComposites.java:696)
	at ptolemy.actor.util.CausalityInterfaceForComposites._computeOutputPortDepth(CausalityInterfaceForComposites.java:765)
	at ptolemy.actor.util.CausalityInterfaceForComposites._computeInputDepth(CausalityInterfaceForComposites.java:696)
	at ptolemy.actor.util.CausalityInterfaceForComposites._computeOutputPortDepth(CausalityInterfaceForComposites.java:765)
	at ptolemy.actor.util.CausalityInterfaceForComposites._computeInputDepth(CausalityInterfaceForComposites.java:696)
	at ptolemy.actor.util.CausalityInterfaceForComposites._computeActorDepth(CausalityInterfaceForComposites.java:532)
	at ptolemy.actor.util.CausalityInterfaceForComposites.checkForCycles(CausalityInterfaceForComposites.java:96)
	at ptolemy.domains.de.kernel.DEDirector.preinitialize(DEDirector.java:1338)
	at ptolemy.actor.CompositeActor.preinitialize(CompositeActor.java:1828)
	at ptolemy.actor.Manager.preinitializeAndResolveTypes(Manager.java:1040)
	at ptolemy.actor.Manager.initialize(Manager.java:710)
	at ptolemy.actor.Manager.execute(Manager.java:356)
	at ptolemy.actor.Manager.run(Manager.java:1263)
	at ptolemy.actor.Manager$PtolemyRunThread.run(Manager.java:1915)
java.lang.RuntimeException: Execution failed
	at ptolemy.moml.MoMLSimpleApplication$UnloadThread.run(MoMLSimpleApplication.java:402)
Caused by: ptolemy.kernel.util.IllegalActionException: Found a zero delay loop containing .HierarchicalModel.A
  in .HierarchicalModel and .HierarchicalModel.A
	at ptolemy.actor.util.CausalityInterfaceForComposites._computeOutputPortDepth(CausalityInterfaceForComposites.java:759)
	at ptolemy.actor.util.CausalityInterfaceForComposites._computeInputDepth(CausalityInterfaceForComposites.java:696)
	at ptolemy.actor.util.CausalityInterfaceForComposites._computeOutputPortDepth(CausalityInterfaceForComposites.java:765)
	at ptolemy.actor.util.CausalityInterfaceForComposites._computeInputDepth(CausalityInterfaceForComposites.java:696)
	at ptolemy.actor.util.CausalityInterfaceForComposites._computeOutputPortDepth(CausalityInterfaceForComposites.java:765)
	at ptolemy.actor.util.CausalityInterfaceForComposites._computeInputDepth(CausalityInterfaceForComposites.java:696)
	at ptolemy.actor.util.CausalityInterfaceForComposites._computeActorDepth(CausalityInterfaceForComposites.java:532)
	at ptolemy.actor.util.CausalityInterfaceForComposites.checkForCycles(CausalityInterfaceForComposites.java:96)
	at ptolemy.domains.de.kernel.DEDirector.preinitialize(DEDirector.java:1338)
	at ptolemy.actor.CompositeActor.preinitialize(CompositeActor.java:1828)
	at ptolemy.actor.Manager.preinitializeAndResolveTypes(Manager.java:1040)
	at ptolemy.actor.Manager.initialize(Manager.java:710)
	at ptolemy.actor.Manager.execute(Manager.java:356)
	at ptolemy.actor.Manager.run(Manager.java:1263)
	at ptolemy.actor.Manager$PtolemyRunThread.run(Manager.java:1915)
java.lang.RuntimeException: Execution failed
	at ptolemy.moml.MoMLSimpleApplication$UnloadThread.run(MoMLSimpleApplication.java:402)
Caused by: ptolemy.kernel.util.IllegalActionException: Test fails in iteration 1.
Value was: 1.0. Should have been: 2.0
  in .DirectFeedback.Test
	at ptolemy.actor.lib.Test.fire(Test.java:268)
	at ptolemy.domains.de.kernel.DEDirector._fire(DEDirector.java:1949)
	at ptolemy.domains.de.kernel.DEDirector.fire(DEDirector.java:502)
	at ptolemy.actor.CompositeActor.fire(CompositeActor.java:455)
	at ptolemy.actor.Manager.iterate(Manager.java:851)
	at ptolemy.actor.Manager.execute(Manager.java:369)
	at ptolemy.actor.Manager.run(Manager.java:1263)
	at ptolemy.actor.Manager$PtolemyRunThread.run(Manager.java:1915)
java.lang.RuntimeException: Execution failed
	at ptolemy.moml.MoMLSimpleApplication$UnloadThread.run(MoMLSimpleApplication.java:402)
Caused by: ptolemy.kernel.util.IllegalActionException: Actor is not ready to fire.  Perhaps UpSample.prefire() returned false? Try debugging the actor by selecting "Listen to Actor".  Also, for SDF check moml for tokenConsumptionRate on input.
  in .DESDFClockTest.Play Bell.Copy1:SDF Director and .DESDFClockTest.Play Bell.UpSample
	at ptolemy.actor.sched.StaticSchedulingDirector.fire(StaticSchedulingDirector.java:227)
	at ptolemy.domains.sdf.kernel.SDFDirector.fire(SDFDirector.java:500)
	at ptolemy.actor.CompositeActor.fire(CompositeActor.java:455)
	at ptolemy.domains.de.kernel.DEDirector._fire(DEDirector.java:1949)
	at ptolemy.domains.de.kernel.DEDirector.fire(DEDirector.java:502)
	at ptolemy.actor.CompositeActor.fire(CompositeActor.java:455)
	at ptolemy.actor.Manager.iterate(Manager.java:851)
	at ptolemy.actor.Manager.execute(Manager.java:369)
	at ptolemy.actor.Manager.run(Manager.java:1263)
	at ptolemy.actor.Manager$PtolemyRunThread.run(Manager.java:1915)
java.lang.reflect.InvocationTargetException
	at sun.reflect.NativeConstructorAccessorImpl.newInstance0(Native Method)
	at sun.reflect.NativeConstructorAccessorImpl.newInstance(NativeConstructorAccessorImpl.java:62)
	at sun.reflect.DelegatingConstructorAccessorImpl.newInstance(DelegatingConstructorAccessorImpl.java:45)
	at java.lang.reflect.Constructor.newInstance(Constructor.java:423)
	at ptolemy.util.test.junit.AutoKnownFailedTests.RunModel(AutoKnownFailedTests.java:105)
	at sun.reflect.NativeMethodAccessorImpl.invoke0(Native Method)
	at sun.reflect.NativeMethodAccessorImpl.invoke(NativeMethodAccessorImpl.java:62)
	at sun.reflect.DelegatingMethodAccessorImpl.invoke(DelegatingMethodAccessorImpl.java:43)
	at java.lang.reflect.Method.invoke(Method.java:498)
	at org.junit.runners.model.FrameworkMethod$1.runReflectiveCall(FrameworkMethod.java:44)
	at org.junit.internal.runners.model.ReflectiveCallable.run(ReflectiveCallable.java:15)
	at org.junit.runners.model.FrameworkMethod.invokeExplosively(FrameworkMethod.java:41)
	at junitparams.internal.InvokeParameterisedMethod.evaluate(InvokeParameterisedMethod.java:102)
	at org.junit.internal.runners.statements.FailOnTimeout$1.run(FailOnTimeout.java:28)
Caused by: ptolemy.kernel.util.IllegalActionException: Actor is not ready to fire.  Perhaps UpSample.prefire() returned false? Try debugging the actor by selecting "Listen to Actor".  Also, for SDF check moml for tokenConsumptionRate on input.
  in .DESDFClockTest.Play Bell.Copy1:SDF Director and .DESDFClockTest.Play Bell.UpSample
	at ptolemy.actor.sched.StaticSchedulingDirector.fire(StaticSchedulingDirector.java:227)
	at ptolemy.domains.sdf.kernel.SDFDirector.fire(SDFDirector.java:500)
	at ptolemy.actor.CompositeActor.fire(CompositeActor.java:455)
	at ptolemy.domains.de.kernel.DEDirector._fire(DEDirector.java:1949)
	at ptolemy.domains.de.kernel.DEDirector.fire(DEDirector.java:502)
	at ptolemy.actor.CompositeActor.fire(CompositeActor.java:455)
	at ptolemy.actor.Manager.iterate(Manager.java:851)
	at ptolemy.actor.Manager.execute(Manager.java:369)
	at ptolemy.actor.Manager.run(Manager.java:1263)
	at ptolemy.actor.Manager$PtolemyRunThread.run(Manager.java:1915)
java.lang.RuntimeException: Execution failed
	at ptolemy.moml.MoMLSimpleApplication$UnloadThread.run(MoMLSimpleApplication.java:402)
Caused by: ptolemy.kernel.util.IllegalActionException: Test fails in iteration 1.
Value was: 1.0. Should have been: 2.0
  in .DirectFeedback.Test
	at ptolemy.actor.lib.Test.fire(Test.java:268)
	at ptolemy.domains.de.kernel.DEDirector._fire(DEDirector.java:1949)
	at ptolemy.domains.de.kernel.DEDirector.fire(DEDirector.java:502)
	at ptolemy.actor.CompositeActor.fire(CompositeActor.java:455)
	at ptolemy.actor.Manager.iterate(Manager.java:851)
	at ptolemy.actor.Manager.execute(Manager.java:369)
	at ptolemy.actor.Manager.run(Manager.java:1263)
	at ptolemy.actor.Manager$PtolemyRunThread.run(Manager.java:1915)
java.lang.reflect.InvocationTargetException
	at sun.reflect.NativeConstructorAccessorImpl.newInstance0(Native Method)
	at sun.reflect.NativeConstructorAccessorImpl.newInstance(NativeConstructorAccessorImpl.java:62)
	at sun.reflect.DelegatingConstructorAccessorImpl.newInstance(DelegatingConstructorAccessorImpl.java:45)
	at java.lang.reflect.Constructor.newInstance(Constructor.java:423)
	at ptolemy.util.test.junit.AutoKnownFailedTests.RunModel(AutoKnownFailedTests.java:105)
	at sun.reflect.NativeMethodAccessorImpl.invoke0(Native Method)
	at sun.reflect.NativeMethodAccessorImpl.invoke(NativeMethodAccessorImpl.java:62)
	at sun.reflect.DelegatingMethodAccessorImpl.invoke(DelegatingMethodAccessorImpl.java:43)
	at java.lang.reflect.Method.invoke(Method.java:498)
	at org.junit.runners.model.FrameworkMethod$1.runReflectiveCall(FrameworkMethod.java:44)
	at org.junit.internal.runners.model.ReflectiveCallable.run(ReflectiveCallable.java:15)
	at org.junit.runners.model.FrameworkMethod.invokeExplosively(FrameworkMethod.java:41)
	at junitparams.internal.InvokeParameterisedMethod.evaluate(InvokeParameterisedMethod.java:102)
	at org.junit.internal.runners.statements.FailOnTimeout$1.run(FailOnTimeout.java:28)
Caused by: ptolemy.kernel.util.IllegalActionException: Test fails in iteration 1.
Value was: 1.0. Should have been: 2.0
  in .DirectFeedback.Test
	at ptolemy.actor.lib.Test.fire(Test.java:268)
	at ptolemy.domains.de.kernel.DEDirector._fire(DEDirector.java:1949)
	at ptolemy.domains.de.kernel.DEDirector.fire(DEDirector.java:502)
	at ptolemy.actor.CompositeActor.fire(CompositeActor.java:455)
	at ptolemy.actor.Manager.iterate(Manager.java:851)
	at ptolemy.actor.Manager.execute(Manager.java:369)
	at ptolemy.actor.Manager.run(Manager.java:1263)
	at ptolemy.actor.Manager$PtolemyRunThread.run(Manager.java:1915)
java.lang.RuntimeException: Execution failed
	at ptolemy.moml.MoMLSimpleApplication$UnloadThread.run(MoMLSimpleApplication.java:402)
Caused by: ptolemy.kernel.util.IllegalActionException: Found a zero delay loop containing .HierarchicalModel.A
  in .HierarchicalModel and .HierarchicalModel.A
	at ptolemy.actor.util.CausalityInterfaceForComposites._computeOutputPortDepth(CausalityInterfaceForComposites.java:759)
	at ptolemy.actor.util.CausalityInterfaceForComposites._computeInputDepth(CausalityInterfaceForComposites.java:696)
	at ptolemy.actor.util.CausalityInterfaceForComposites._computeOutputPortDepth(CausalityInterfaceForComposites.java:765)
	at ptolemy.actor.util.CausalityInterfaceForComposites._computeInputDepth(CausalityInterfaceForComposites.java:696)
	at ptolemy.actor.util.CausalityInterfaceForComposites._computeOutputPortDepth(CausalityInterfaceForComposites.java:765)
	at ptolemy.actor.util.CausalityInterfaceForComposites._computeInputDepth(CausalityInterfaceForComposites.java:696)
	at ptolemy.actor.util.CausalityInterfaceForComposites._computeActorDepth(CausalityInterfaceForComposites.java:532)
	at ptolemy.actor.util.CausalityInterfaceForComposites.checkForCycles(CausalityInterfaceForComposites.java:96)
	at ptolemy.domains.de.kernel.DEDirector.preinitialize(DEDirector.java:1338)
	at ptolemy.actor.CompositeActor.preinitialize(CompositeActor.java:1828)
	at ptolemy.actor.Manager.preinitializeAndResolveTypes(Manager.java:1040)
	at ptolemy.actor.Manager.initialize(Manager.java:710)
	at ptolemy.actor.Manager.execute(Manager.java:356)
	at ptolemy.actor.Manager.run(Manager.java:1263)
	at ptolemy.actor.Manager$PtolemyRunThread.run(Manager.java:1915)
java.lang.reflect.InvocationTargetException
	at sun.reflect.NativeConstructorAccessorImpl.newInstance0(Native Method)
	at sun.reflect.NativeConstructorAccessorImpl.newInstance(NativeConstructorAccessorImpl.java:62)
	at sun.reflect.DelegatingConstructorAccessorImpl.newInstance(DelegatingConstructorAccessorImpl.java:45)
	at java.lang.reflect.Constructor.newInstance(Constructor.java:423)
	at ptolemy.util.test.junit.AutoKnownFailedTests.RunModel(AutoKnownFailedTests.java:105)
	at sun.reflect.NativeMethodAccessorImpl.invoke0(Native Method)
	at sun.reflect.NativeMethodAccessorImpl.invoke(NativeMethodAccessorImpl.java:62)
	at sun.reflect.DelegatingMethodAccessorImpl.invoke(DelegatingMethodAccessorImpl.java:43)
	at java.lang.reflect.Method.invoke(Method.java:498)
	at org.junit.runners.model.FrameworkMethod$1.runReflectiveCall(FrameworkMethod.java:44)
	at org.junit.internal.runners.model.ReflectiveCallable.run(ReflectiveCallable.java:15)
	at org.junit.runners.model.FrameworkMethod.invokeExplosively(FrameworkMethod.java:41)
	at junitparams.internal.InvokeParameterisedMethod.evaluate(InvokeParameterisedMethod.java:102)
	at org.junit.internal.runners.statements.FailOnTimeout$1.run(FailOnTimeout.java:28)
Caused by: ptolemy.kernel.util.IllegalActionException: Found a zero delay loop containing .HierarchicalModel.A
  in .HierarchicalModel and .HierarchicalModel.A
	at ptolemy.actor.util.CausalityInterfaceForComposites._computeOutputPortDepth(CausalityInterfaceForComposites.java:759)
	at ptolemy.actor.util.CausalityInterfaceForComposites._computeInputDepth(CausalityInterfaceForComposites.java:696)
	at ptolemy.actor.util.CausalityInterfaceForComposites._computeOutputPortDepth(CausalityInterfaceForComposites.java:765)
	at ptolemy.actor.util.CausalityInterfaceForComposites._computeInputDepth(CausalityInterfaceForComposites.java:696)
	at ptolemy.actor.util.CausalityInterfaceForComposites._computeOutputPortDepth(CausalityInterfaceForComposites.java:765)
	at ptolemy.actor.util.CausalityInterfaceForComposites._computeInputDepth(CausalityInterfaceForComposites.java:696)
	at ptolemy.actor.util.CausalityInterfaceForComposites._computeActorDepth(CausalityInterfaceForComposites.java:532)
	at ptolemy.actor.util.CausalityInterfaceForComposites.checkForCycles(CausalityInterfaceForComposites.java:96)
	at ptolemy.domains.de.kernel.DEDirector.preinitialize(DEDirector.java:1338)
	at ptolemy.actor.CompositeActor.preinitialize(CompositeActor.java:1828)
	at ptolemy.actor.Manager.preinitializeAndResolveTypes(Manager.java:1040)
	at ptolemy.actor.Manager.initialize(Manager.java:710)
	at ptolemy.actor.Manager.execute(Manager.java:356)
	at ptolemy.actor.Manager.run(Manager.java:1263)
	at ptolemy.actor.Manager$PtolemyRunThread.run(Manager.java:1915)
java.lang.RuntimeException: Execution failed
	at ptolemy.moml.MoMLSimpleApplication$UnloadThread.run(MoMLSimpleApplication.java:402)
Caused by: ptolemy.kernel.util.IllegalActionException: Found a zero delay loop containing .dependencyLoop.original
  in .dependencyLoop and .dependencyLoop.original
	at ptolemy.actor.util.CausalityInterfaceForComposites._computeOutputPortDepth(CausalityInterfaceForComposites.java:759)
	at ptolemy.actor.util.CausalityInterfaceForComposites._computeInputDepth(CausalityInterfaceForComposites.java:696)
	at ptolemy.actor.util.CausalityInterfaceForComposites._computeOutputPortDepth(CausalityInterfaceForComposites.java:765)
	at ptolemy.actor.util.CausalityInterfaceForComposites._computeInputDepth(CausalityInterfaceForComposites.java:696)
	at ptolemy.actor.util.CausalityInterfaceForComposites._computeOutputPortDepth(CausalityInterfaceForComposites.java:765)
	at ptolemy.actor.util.CausalityInterfaceForComposites._computeInputDepth(CausalityInterfaceForComposites.java:696)
	at ptolemy.actor.util.CausalityInterfaceForComposites._computeActorDepth(CausalityInterfaceForComposites.java:532)
	at ptolemy.actor.util.CausalityInterfaceForComposites.checkForCycles(CausalityInterfaceForComposites.java:96)
	at ptolemy.domains.de.kernel.DEDirector.preinitialize(DEDirector.java:1338)
	at ptolemy.actor.CompositeActor.preinitialize(CompositeActor.java:1828)
	at ptolemy.actor.Manager.preinitializeAndResolveTypes(Manager.java:1040)
	at ptolemy.actor.Manager.initialize(Manager.java:710)
	at ptolemy.actor.Manager.execute(Manager.java:356)
	at ptolemy.actor.Manager.run(Manager.java:1263)
	at ptolemy.actor.Manager$PtolemyRunThread.run(Manager.java:1915)
java.lang.reflect.InvocationTargetException
	at sun.reflect.NativeConstructorAccessorImpl.newInstance0(Native Method)
	at sun.reflect.NativeConstructorAccessorImpl.newInstance(NativeConstructorAccessorImpl.java:62)
	at sun.reflect.DelegatingConstructorAccessorImpl.newInstance(DelegatingConstructorAccessorImpl.java:45)
	at java.lang.reflect.Constructor.newInstance(Constructor.java:423)
	at ptolemy.util.test.junit.AutoKnownFailedTests.RunModel(AutoKnownFailedTests.java:105)
	at sun.reflect.NativeMethodAccessorImpl.invoke0(Native Method)
	at sun.reflect.NativeMethodAccessorImpl.invoke(NativeMethodAccessorImpl.java:62)
	at sun.reflect.DelegatingMethodAccessorImpl.invoke(DelegatingMethodAccessorImpl.java:43)
	at java.lang.reflect.Method.invoke(Method.java:498)
	at org.junit.runners.model.FrameworkMethod$1.runReflectiveCall(FrameworkMethod.java:44)
	at org.junit.internal.runners.model.ReflectiveCallable.run(ReflectiveCallable.java:15)
	at org.junit.runners.model.FrameworkMethod.invokeExplosively(FrameworkMethod.java:41)
	at junitparams.internal.InvokeParameterisedMethod.evaluate(InvokeParameterisedMethod.java:102)
	at org.junit.internal.runners.statements.FailOnTimeout$1.run(FailOnTimeout.java:28)
Caused by: ptolemy.kernel.util.IllegalActionException: Found a zero delay loop containing .dependencyLoop.original
  in .dependencyLoop and .dependencyLoop.original
	at ptolemy.actor.util.CausalityInterfaceForComposites._computeOutputPortDepth(CausalityInterfaceForComposites.java:759)
	at ptolemy.actor.util.CausalityInterfaceForComposites._computeInputDepth(CausalityInterfaceForComposites.java:696)
	at ptolemy.actor.util.CausalityInterfaceForComposites._computeOutputPortDepth(CausalityInterfaceForComposites.java:765)
	at ptolemy.actor.util.CausalityInterfaceForComposites._computeInputDepth(CausalityInterfaceForComposites.java:696)
	at ptolemy.actor.util.CausalityInterfaceForComposites._computeOutputPortDepth(CausalityInterfaceForComposites.java:765)
	at ptolemy.actor.util.CausalityInterfaceForComposites._computeInputDepth(CausalityInterfaceForComposites.java:696)
	at ptolemy.actor.util.CausalityInterfaceForComposites._computeActorDepth(CausalityInterfaceForComposites.java:532)
	at ptolemy.actor.util.CausalityInterfaceForComposites.checkForCycles(CausalityInterfaceForComposites.java:96)
	at ptolemy.domains.de.kernel.DEDirector.preinitialize(DEDirector.java:1338)
	at ptolemy.actor.CompositeActor.preinitialize(CompositeActor.java:1828)
	at ptolemy.actor.Manager.preinitializeAndResolveTypes(Manager.java:1040)
	at ptolemy.actor.Manager.initialize(Manager.java:710)
	at ptolemy.actor.Manager.execute(Manager.java:356)
	at ptolemy.actor.Manager.run(Manager.java:1263)
	at ptolemy.actor.Manager$PtolemyRunThread.run(Manager.java:1915)
java.lang.RuntimeException: Execution failed
	at ptolemy.moml.MoMLSimpleApplication$UnloadThread.run(MoMLSimpleApplication.java:402)
Caused by: ptolemy.kernel.util.IllegalActionException: Found a zero delay loop containing .dependencyLoop2.original
  in .dependencyLoop2 and .dependencyLoop2.original
	at ptolemy.actor.util.CausalityInterfaceForComposites._computeOutputPortDepth(CausalityInterfaceForComposites.java:759)
	at ptolemy.actor.util.CausalityInterfaceForComposites._computeInputDepth(CausalityInterfaceForComposites.java:696)
	at ptolemy.actor.util.CausalityInterfaceForComposites._computeOutputPortDepth(CausalityInterfaceForComposites.java:765)
	at ptolemy.actor.util.CausalityInterfaceForComposites._computeInputDepth(CausalityInterfaceForComposites.java:696)
	at ptolemy.actor.util.CausalityInterfaceForComposites._computeOutputPortDepth(CausalityInterfaceForComposites.java:765)
	at ptolemy.actor.util.CausalityInterfaceForComposites._computeInputDepth(CausalityInterfaceForComposites.java:696)
	at ptolemy.actor.util.CausalityInterfaceForComposites._computeActorDepth(CausalityInterfaceForComposites.java:532)
	at ptolemy.actor.util.CausalityInterfaceForComposites.checkForCycles(CausalityInterfaceForComposites.java:96)
	at ptolemy.domains.de.kernel.DEDirector.preinitialize(DEDirector.java:1338)
	at ptolemy.actor.CompositeActor.preinitialize(CompositeActor.java:1828)
	at ptolemy.actor.Manager.preinitializeAndResolveTypes(Manager.java:1040)
	at ptolemy.actor.Manager.initialize(Manager.java:710)
	at ptolemy.actor.Manager.execute(Manager.java:356)
	at ptolemy.actor.Manager.run(Manager.java:1263)
	at ptolemy.actor.Manager$PtolemyRunThread.run(Manager.java:1915)
java.lang.reflect.InvocationTargetException
	at sun.reflect.NativeConstructorAccessorImpl.newInstance0(Native Method)
	at sun.reflect.NativeConstructorAccessorImpl.newInstance(NativeConstructorAccessorImpl.java:62)
	at sun.reflect.DelegatingConstructorAccessorImpl.newInstance(DelegatingConstructorAccessorImpl.java:45)
	at java.lang.reflect.Constructor.newInstance(Constructor.java:423)
	at ptolemy.util.test.junit.AutoKnownFailedTests.RunModel(AutoKnownFailedTests.java:105)
	at sun.reflect.NativeMethodAccessorImpl.invoke0(Native Method)
	at sun.reflect.NativeMethodAccessorImpl.invoke(NativeMethodAccessorImpl.java:62)
	at sun.reflect.DelegatingMethodAccessorImpl.invoke(DelegatingMethodAccessorImpl.java:43)
	at java.lang.reflect.Method.invoke(Method.java:498)
	at org.junit.runners.model.FrameworkMethod$1.runReflectiveCall(FrameworkMethod.java:44)
	at org.junit.internal.runners.model.ReflectiveCallable.run(ReflectiveCallable.java:15)
	at org.junit.runners.model.FrameworkMethod.invokeExplosively(FrameworkMethod.java:41)
	at junitparams.internal.InvokeParameterisedMethod.evaluate(InvokeParameterisedMethod.java:102)
	at org.junit.internal.runners.statements.FailOnTimeout$1.run(FailOnTimeout.java:28)
Caused by: ptolemy.kernel.util.IllegalActionException: Found a zero delay loop containing .dependencyLoop2.original
  in .dependencyLoop2 and .dependencyLoop2.original
	at ptolemy.actor.util.CausalityInterfaceForComposites._computeOutputPortDepth(CausalityInterfaceForComposites.java:759)
	at ptolemy.actor.util.CausalityInterfaceForComposites._computeInputDepth(CausalityInterfaceForComposites.java:696)
	at ptolemy.actor.util.CausalityInterfaceForComposites._computeOutputPortDepth(CausalityInterfaceForComposites.java:765)
	at ptolemy.actor.util.CausalityInterfaceForComposites._computeInputDepth(CausalityInterfaceForComposites.java:696)
	at ptolemy.actor.util.CausalityInterfaceForComposites._computeOutputPortDepth(CausalityInterfaceForComposites.java:765)
	at ptolemy.actor.util.CausalityInterfaceForComposites._computeInputDepth(CausalityInterfaceForComposites.java:696)
	at ptolemy.actor.util.CausalityInterfaceForComposites._computeActorDepth(CausalityInterfaceForComposites.java:532)
	at ptolemy.actor.util.CausalityInterfaceForComposites.checkForCycles(CausalityInterfaceForComposites.java:96)
	at ptolemy.domains.de.kernel.DEDirector.preinitialize(DEDirector.java:1338)
	at ptolemy.actor.CompositeActor.preinitialize(CompositeActor.java:1828)
	at ptolemy.actor.Manager.preinitializeAndResolveTypes(Manager.java:1040)
	at ptolemy.actor.Manager.initialize(Manager.java:710)
	at ptolemy.actor.Manager.execute(Manager.java:356)
	at ptolemy.actor.Manager.run(Manager.java:1263)
	at ptolemy.actor.Manager$PtolemyRunThread.run(Manager.java:1915)
]]></system-err>
</testsuite>
