<?xml version="1.0" encoding="UTF-8" ?>
<testsuite errors="0" failures="0" hostname="travis-job-e0d204ae-af3e-4508-ab8f-c9f9322a4e51" name="ptolemy.domains.de.test.junit.JUnitTclTest" skipped="0" tests="101" time="139.823" timestamp="2019-10-30T06:06:30">
  <properties>
    <property name="npm.executable" value="npm" />
    <property name="env.TRAVIS_ROOT" value="/" />
    <property name="ptII.mk.exists" value="true" />
    <property name="env.TRAVIS_APP_HOST" value="build.travis-ci.org" />
    <property name="env.rvm_bin_path" value="/home/travis/.rvm/bin" />
    <property name="java.home" value="/usr/local/lib/jvm/openjdk11" />
    <property name="env.TRAVIS_JOB_NUMBER" value="1380.9" />
    <property name="env.TRAVIS_HOME" value="/home/travis" />
    <property name="env.DISPLAY" value=":99.0" />
    <property name="env.TRAVIS_INIT" value="systemd" />
    <property name="env.SSH_TTY" value="/dev/pts/0" />
    <property name="java.net.preferIPv4Stack" value="true" />
    <property name="env.RUN_TESTS" value="true" />
    <property name="timeout.short" value="1000000" />
    <property name="junit.formatter" value="xml" />
    <property name="env.TRAVIS_SUDO" value="true" />
    <property name="env.TRAVIS_JOB_NAME" value="" />
    <property name="env.TRAVIS_STACK_NODE_ATTRIBUTES" value="/.node-attributes.yml" />
    <property name="env.LOGNAME" value="travis" />
    <property name="jsdoc.home" value="node_modules/@terraswarm/jsdoc" />
    <property name="debuglevel" value="source,lines,vars" />
    <property name="checkstyle.formatter" value="xml" />
    <property name="env._system_version" value="16.04" />
    <property name="bin.vergil.makeable" value="true" />
    <property name="sun.os.patch.level" value="unknown" />
    <property name="java.vendor.url" value="http://java.oracle.com/" />
    <property name="env.TRAVIS_BUILD_WEB_URL" value="https://travis-ci.org/icyphy/ptII/builds/604808461" />
    <property name="java.version" value="11.0.2" />
    <property name="env.TZ" value="UTC" />
    <property name="env.TRAVIS_PULL_REQUEST_SHA" value="" />
    <property name="env.PT_NO_NET" value="true" />
    <property name="env.TRAVIS_SECURE_ENV_VARS" value="true" />
    <property name="env._system_type" value="Linux" />
    <property name="java.vendor.url.bug" value="http://bugreport.java.com/bugreport/" />
    <property name="npmjs-org-is-up" value="true" />
    <property name="env.LANGUAGE" value="en_US.UTF-8" />
    <property name="env.SSH_CLIENT" value="10.16.4.40 57068 22" />
    <property name="env.GEM_HOME" value="/home/travis/.rvm/gems/ruby-2.5.3" />
    <property name="env.HAS_ANTARES_THREE_LITTLE_FRONZIES_BADGE" value="true" />
    <property name="java.version.date" value="2019-01-15" />
    <property name="env.PS4" value="+" />
    <property name="ant.project.invoked-targets" value="build,test.core2.xml" />
    <property name="env.TRAVIS_PULL_REQUEST_BRANCH" value="" />
    <property name="env.TRAVIS_REPO_SLUG" value="icyphy/ptII" />
    <property name="env.XDG_DATA_DIRS" value="/usr/local/share:/usr/share:/var/lib/snapd/desktop" />
    <property name="jdk.debug" value="release" />
    <property name="env.TRAVIS_APT_PROXY" value="http://apt.cache.travis-ci.com" />
    <property name="node.in.path" value="true" />
    <property name="user.name" value="travis" />
    <property name="java.maxmemory" value="1400m" />
    <property name="env.RUBY_VERSION" value="ruby-2.5.3" />
    <property name="env.LANG" value="en_US.UTF-8" />
    <property name="sun.io.unicode.encoding" value="UnicodeLittle" />
    <property name="sun.jnu.encoding" value="UTF-8" />
    <property name="java.runtime.name" value="OpenJDK Runtime Environment" />
    <property name="usefile" value="false" />
    <property name="return.code" value="0" />
    <property name="junit.single.formatter" value="plain" />
    <property name="env.DYLD_LIBRARY_PATH" value="/home/travis/pthla/certi-tools/lib:" />
    <property name="env.DEBIAN_FRONTEND" value="noninteractive" />
    <property name="env.SSH_CONNECTION" value="10.16.4.40 57068 10.20.1.70 22" />
    <property name="env.MYSQL_UNIX_PORT" value="/var/run/mysqld/mysqld.sock" />
    <property name="env.LC_ALL" value="en_US.UTF-8" />
    <property name="env.TRAVIS_ALLOW_FAILURE" value="false" />
    <property name="env.TRAVIS_JOB_WEB_URL" value="https://travis-ci.org/icyphy/ptII/jobs/604808470" />
    <property name="java.specification.name" value="Java Platform API Specification" />
    <property name="node.works" value="true" />
    <property name="user.timezone" value="" />
    <property name="path.separator" value=":" />
    <property name="env.TRAVIS_ENABLE_INFRA_DETECTION" value="true" />
    <property name="env.PYTHON_CFLAGS" value="-g -fstack-protector --param=ssp-buffer-size=4 -Wformat -Werror=format-security" />
    <property name="timeout.long" value="4000000" />
    <property name="env.CERTI_HOME" value="/home/travis/pthla/certi-tools" />
    <property name="ant.file.ptII" value="/home/travis/build/icyphy/ptII/build.xml" />
    <property name="javadoc.packagenames" value="com.*,diva.*,lbnl.*,org.hlacerti.*,org.json.*,org.ptolemy.*,org.terraswarm.*,ptolemy.*,ptserver.*" />
    <property name="file.encoding" value="UTF-8" />
    <property name="env.TRAVIS_PULL_REQUEST_SLUG" value="" />
    <property name="ant.project.default-target" value="build" />
    <property name="env.GIT_ASKPASS" value="echo" />
    <property name="env.HOME" value="/home/travis" />
    <property name="sun.java.command" value="org.apache.tools.ant.taskdefs.optional.junit.JUnitTestRunner ptolemy.domains.de.test.junit.JUnitTclTest skipNonTests=false filtertrace=true haltOnError=false haltOnFailure=false formatter=org.apache.tools.ant.taskdefs.optional.junit.OutErrSummaryJUnitResultFormatter showoutput=true outputtoformatters=true logfailedtests=true threadid=0 logtestlistenerevents=false formatter=org.apache.tools.ant.taskdefs.optional.junit.XMLJUnitResultFormatter,/home/travis/build/icyphy/ptII/reports/junit/TEST-ptolemy.domains.de.test.junit.JUnitTclTest.xml crashfile=/home/travis/build/icyphy/ptII/junitvmwatcher12725077963398949696.properties propsfile=/home/travis/build/icyphy/ptII/junit7672870719359805032.properties" />
    <property name="env.COMPOSER_NO_INTERACTION" value="1" />
    <property name="env.MANPATH" value="/home/travis/.nvm/versions/node/v7.10.1/share/man:/home/travis/.rvm/rubies/ruby-2.5.3/share/man:/usr/local/cmake-3.12.4/man:/usr/local/clang-7.0.0/share/man:/usr/local/man:/usr/local/share/man:/usr/share/man:/home/travis/.rvm/man" />
    <property name="env.TRAVIS_TIMER_ID" value="2f661df2" />
    <property name="ant.file" value="/home/travis/build/icyphy/ptII/build.xml" />
    <property name="env.TRAVIS_COMMIT_RANGE" value="948bf656f66248ff65af09b7e6cc9885ef1f544d...4d8f235a1445b5e1cf53b20eaca7c153db736dc2" />
    <property name="env._system_name" value="Ubuntu" />
    <property name="ptII.classpath.optional.property" value="/home/travis/build/icyphy/ptII/lib/bsh-2.0b4.jar:/home/travis/build/icyphy/ptII/lib/ptCal.jar:/home/travis/build/icyphy/ptII/lib/java_cup.jar:/home/travis/build/icyphy/ptII/lib/saxon8.jar:/home/travis/build/icyphy/ptII/lib/saxon8-dom.jar:/home/travis/build/icyphy/ptII/lib/chic.jar:/home/travis/build/icyphy/ptII/lib/ptcolt.jar:/home/travis/build/icyphy/ptII/vendors/misc/itext/iText.jar:/home/travis/build/icyphy/ptII/lib/g4ltl.jar:/home/travis/build/icyphy/ptII/lib/StructuralCoder.jar:/home/travis/build/icyphy/ptII/lib/jcerti.jar:/home/travis/build/icyphy/ptII/lib/javax.mail.jar:/home/travis/build/icyphy/ptII/vendors/JMF-2.1.1e/lib/jmf.jar:/home/travis/build/icyphy/ptII/lib/jna-4.0.0-variadic.jar:/home/travis/build/icyphy/ptII/vendors/misc/joystick/Joystick.jar:/home/travis/build/icyphy/ptII/lib/ptjacl.jar:/home/travis/build/icyphy/ptII/lib/jsoup-1.8.2.jar:/home/travis/build/icyphy/ptII/lib/junit-4.8.2.jar:/home/travis/build/icyphy/ptII/lib/JUnitParams-0.4.0.jar:/home/travis/build/icyphy/ptII/ptolemy/actor/lib/excel/jxl.jar:/home/travis/build/icyphy/ptII/lib/jython.jar:/home/travis/build/icyphy/ptII/lib/kieler.jar:/home/travis/build/icyphy/ptII/vendors/opencv/share/OpenCV/java/opencv-341.jar:/home/travis/build/icyphy/ptII/lib/oscP5.jar:/home/travis/build/icyphy/ptII/lib/nrjavaserial-3.11.0.devel.jar:/home/travis/build/icyphy/ptII/vendors/j3d/lib/Linux/j3dcore.jar:/home/travis/build/icyphy/ptII/vendors/j3d/lib/Linux/j3dutils.jar:/home/travis/build/icyphy/ptII/vendors/j3d/lib/Linux/vecmath.jar:/home/travis/build/icyphy/ptII/vendors/jogl/lib/Linux/gluegen-rt-natives-linux-amd64.jar:/home/travis/build/icyphy/ptII/vendors/jogl/lib/Linux/gluegen-rt.jar:/home/travis/build/icyphy/ptII/vendors/jogl/lib/Linux/jogl-all-natives-linux-amd64.jar:/home/travis/build/icyphy/ptII/vendors/jogl/lib/Linux/jogl-all.jar:/home/travis/build/icyphy/ptII/ptolemy/distributed/jini/jar/jini-core.jar:/home/travis/build/icyphy/ptII/ptolemy/distributed/jini/jar/jini-ext.jar:/home/travis/build/icyphy/ptII/ptolemy/distributed/jini/jar/sun-util.jar:/home/travis/build/icyphy/ptII/lib/protobuf-java-2.4.1.jar:/home/travis/build/icyphy/ptII/lib/org.eclipse.paho.client.mqttv3.jar:/home/travis/build/icyphy/ptII/lib/mapss.jar:/home/travis/build/icyphy/ptII/ptolemy/actor/ptalon/antlr/antlr.jar:/home/travis/build/icyphy/ptII/lib/JRI.jar:/home/travis/build/icyphy/ptII/lib/commons-lang-2.6.jar:/home/travis/build/icyphy/ptII/lib/commons-logging-1.1.1.jar:/home/travis/build/icyphy/ptII/lib/sootclasses.jar:/home/travis/build/icyphy/ptII/ptolemy/actor/lib/database/mysql-connector-java-5.1.6-bin.jar:/home/travis/build/icyphy/ptII/vendors/misc/sphinx4/sphinx4-data-5prealpha.jar:/home/travis/build/icyphy/ptII/vendors/misc/sphinx4/sphinx4-core-5prealpha.jar:/home/travis/build/icyphy/ptII/lib/PDFRenderer.jar:/home/travis/build/icyphy/ptII/lib/svgSalamander.jar:/home/travis/build/icyphy/ptII/lib/rsyntaxtextarea-2.6.0-SNAPSHOT.jar:/home/travis/build/icyphy/ptII/lib/hazelcast-3.8.2.jar:/home/travis/build/icyphy/ptII/lib/jackson-annotations-2.9.0.jar:/home/travis/build/icyphy/ptII/lib/jackson-core-2.9.3.jar:/home/travis/build/icyphy/ptII/lib/jackson-databind-2.9.3.jar:/home/travis/build/icyphy/ptII/lib/netty-buffer-4.1.19.Final.jar:/home/travis/build/icyphy/ptII/lib/netty-codec-4.1.19.Final.jar:/home/travis/build/icyphy/ptII/lib/netty-codec-dns-4.1.19.Final.jar:/home/travis/build/icyphy/ptII/lib/netty-codec-http-4.1.19.Final.jar:/home/travis/build/icyphy/ptII/lib/netty-codec-http2-4.1.19.Final.jar:/home/travis/build/icyphy/ptII/lib/netty-common-4.1.19.Final.jar:/home/travis/build/icyphy/ptII/lib/netty-handler-4.1.19.Final.jar:/home/travis/build/icyphy/ptII/lib/netty-resolver-4.1.19.Final.jar:/home/travis/build/icyphy/ptII/lib/netty-resolver-dns-4.1.19.Final.jar:/home/travis/build/icyphy/ptII/lib/netty-transport-4.1.19.Final.jar:/home/travis/build/icyphy/ptII/lib/vertx-codegen-3.5.1.jar:/home/travis/build/icyphy/ptII/lib/vertx-core-3.5.2-SNAPSHOT.jar:/home/travis/build/icyphy/ptII/lib/vertx-hazelcast-3.5.1.jar:/home/travis/build/icyphy/ptII/lib/vertx-lang-js-3.5.1.jar:/home/travis/build/icyphy/ptII/lib/vertx-service-proxy-3.5.1.jar:/home/travis/build/icyphy/ptII/lib/vertx-web-3.5.1.jar:/home/travis/build/icyphy/ptII/lib/slf4j-api-1.7.13.jar:/home/travis/build/icyphy/ptII/lib/slf4j-simple-1.7.13.jar:/home/travis/build/icyphy/ptII/lib/webcam-capture-0.3.12.jar:/home/travis/build/icyphy/ptII/lib/bridj-0.7.0.jar:/home/travis/build/icyphy/ptII/lib/xbjlib-1.1.0.nrjavaserial.jar" />
    <property name="timeout" value="2400000" />
    <property name="test.batch" value="**/junit/*.java" />
    <property name="env._" value="/usr/bin/timeout" />
    <property name="java.io.tmpdir" value="/tmp" />
    <property name="user.language" value="en" />
    <property name="env.TRAVIS_INTERNAL_RUBY_REGEX" value="^ruby-(2\.[0-4]\.[0-9]|1\.9\.3)" />
    <property name="env.HISTCONTROL" value="ignoredups:ignorespace" />
    <property name="env.GOROOT" value="/home/travis/.gimme/versions/go1.11.1.linux.amd64" />
    <property name="line.separator" value="&#xa;" />
    <property name="target" value="11" />
    <property name="env.TRAVIS_BUILD_DIR" value="/home/travis/build/icyphy/ptII" />
    <property name="env.ANT_OPTS" value="-Xmx2048m" />
    <property name="ant.file.type" value="file" />
    <property name="ptolemy.ptII.batchMode" value="true" />
    <property name="env.HISTSIZE" value="1000" />
    <property name="env.MERB_ENV" value="test" />
    <property name="java.vm.info" value="mixed mode" />
    <property name="source" value="11" />
    <property name="java.vm.specification.name" value="Java Virtual Machine Specification" />
    <property name="env.TRAVIS_TEST_RESULT" value="0" />
    <property name="jsdoc.command" value="node_modules/@terraswarm/jsdoc/jsdoc.js" />
    <property name="npm.works" value="true" />
    <property name="cobertura.dir" value="/home/travis/build/icyphy/ptII/vendors/cobertura-2.0.3" />
    <property name="jsdoc.command.exists" value="true" />
    <property name="env.rvm_path" value="/home/travis/.rvm" />
    <property name="env.GEM_PATH" value="/home/travis/.rvm/gems/ruby-2.5.3:/home/travis/.rvm/gems/ruby-2.5.3@global" />
    <property name="env.LC_CTYPE" value="en_US.UTF-8" />
    <property name="env.TRAVIS_CMD" value="$PTII/bin/ptIITravisBuild.sh $SECONDS" />
    <property name="java.awt.printerjob" value="sun.print.PSPrinterJob" />
    <property name="env.TRAVIS_STACK_NAME" value="sardonyx" />
    <property name="env.TRAVIS_TIMER_START_TIME" value="1572415321213298062" />
    <property name="ant.version" value="Apache Ant(TM) version 1.10.1 compiled on February 2 2017" />
    <property name="ptII.reports" value="/home/travis/build/icyphy/ptII/reports" />
    <property name="env.TRAVIS_STACK_TIMESTAMP" value="2019-03-25 16:16:56 UTC" />
    <property name="ant.file.type.ptII" value="file" />
    <property name="env.RBENV_SHELL" value="bash" />
    <property name="os.name" value="Linux" />
    <property name="java.specification.vendor" value="Oracle Corporation" />
    <property name="env.rvm_version" value="1.29.7 (latest)" />
    <property name="env.TRAVIS_INFRA" value="gce" />
    <property name="env.TERM" value="xterm" />
    <property name="java.vm.name" value="OpenJDK 64-Bit Server VM" />
    <property name="env.TRAVIS_BUILD_NUMBER" value="1380" />
    <property name="env.CI" value="true" />
    <property name="java.library.path" value="/home/travis/pthla/certi-tools/lib:/usr/lib/jni:/usr/local/share/OpenCV/java/:/usr/share/OpenCV/java::/usr/java/packages/lib:/usr/lib64:/lib64:/lib:/usr/lib" />
    <property name="jdk.module.path" value="/home/travis/build/icyphy/ptII/vendors/javafx/javafx-sdk-11.0.2/lib:" />
    <property name="env.rvm_prefix" value="/home/travis" />
    <property name="env.PATH" value="/home/travis/pthla/certi-tools/share/scripts:/home/travis/.rvm/gems/ruby-2.5.3/bin:/home/travis/.rvm/gems/ruby-2.5.3@global/bin:/home/travis/.rvm/rubies/ruby-2.5.3/bin:/home/travis/.rvm/bin:/home/travis/.nvm/versions/node/v7.10.1/bin:./node_modules/.bin:/home/travis/build/icyphy/ptII/bin:/home/travis/pthla/certi-tools/bin:/home/travis/bin:/home/travis/.local/bin:/usr/local/lib/jvm/openjdk11/bin:/opt/pyenv/shims:/home/travis/.phpenv/shims:/home/travis/perl5/perlbrew/bin:/home/travis/gopath/bin:/home/travis/.gimme/versions/go1.11.1.linux.amd64/bin:/usr/local/maven-3.6.0/bin:/usr/local/cmake-3.12.4/bin:/usr/local/clang-7.0.0/bin:/usr/local/sbin:/usr/local/bin:/usr/sbin:/usr/bin:/sbin:/bin:/snap/bin:/home/travis/.phpenv/bin:/opt/pyenv/bin:/home/travis/.yarn/bin" />
    <property name="env.TRAVIS_OS_NAME" value="linux" />
    <property name="ant.java.version" value="9" />
    <property name="basedir" value="/home/travis/build/icyphy/ptII" />
    <property name="java.class.version" value="55.0" />
    <property name="env.SHLVL" value="3" />
    <property name="env.LD_LIBRARY_PATH" value="/home/travis/pthla/certi-tools/lib:/usr/lib/jni:/usr/local/share/OpenCV/java/:/usr/share/OpenCV/java:" />
    <property name="env.RACK_ENV" value="test" />
    <property name="ant.home" value="/home/travis/build/icyphy/ptII/ant" />
    <property name="env.NVM_DIR" value="/home/travis/.nvm" />
    <property name="env.CERTI_FOM_PATH" value="/home/travis/pthla/certi-tools/share/federations" />
    <property name="env.TRAVIS_BUILD_ID" value="604808461" />
    <property name="env.PYENV_ROOT" value="/opt/pyenv" />
    <property name="env.TRAVIS_UID" value="2000" />
    <property name="prism.verbose" value="true" />
    <property name="env.NVM_BIN" value="/home/travis/.nvm/versions/node/v7.10.1/bin" />
    <property name="env.TRAVIS_COMMIT" value="4d8f235a1445b5e1cf53b20eaca7c153db736dc2" />
    <property name="env._system_arch" value="x86_64" />
    <property name="node.executable" value="node" />
    <property name="sun.boot.library.path" value="/usr/local/lib/jvm/openjdk11/lib" />
    <property name="sun.management.compiler" value="HotSpot 64-Bit Tiered Compilers" />
    <property name="java.awt.graphicsenv" value="sun.awt.X11GraphicsEnvironment" />
    <property name="env.GOPATH" value="/home/travis/gopath" />
    <property name="ptolemy.ptII.dir" value="/home/travis/build/icyphy/ptII" />
    <property name="env.USER" value="travis" />
    <property name="env.HISTFILESIZE" value="2000" />
    <property name="timeout.longest" value="19000000" />
    <property name="env.PERLBREW_SHELLRC_VERSION" value="0.86" />
    <property name="env.TRAVIS_STACK_FEATURES" value="basic couchdb disabled-ipv6 docker docker-compose elasticsearch firefox go-toolchain google-chrome jdk memcached mongodb mysql nodejs_interpreter perl_interpreter perlbrew phantomjs postgresql python_interpreter redis ruby_interpreter sqlite xserver" />
    <property name="env.TRAVIS_PULL_REQUEST" value="false" />
    <property name="env.PYENV_SHELL" value="bash" />
    <property name="ant.project.name" value="ptII" />
    <property name="env.ANSI_RESET" value="\033[0m" />
    <property name="java.vm.specification.version" value="11" />
    <property name="env.TRAVIS_DIST" value="xenial" />
    <property name="env.CERTI_VERSION" value="4.0.0" />
    <property name="env.CERTI_HOST" value="localhost" />
    <property name="awt.toolkit" value="sun.awt.X11.XToolkit" />
    <property name="env.MY_RUBY_HOME" value="/home/travis/.rvm/rubies/ruby-2.5.3" />
    <property name="sun.cpu.isalist" value="" />
    <property name="env.TRAVIS_TMPDIR" value="/tmp/tmp.SdScwZ2zij" />
    <property name="java.vm.compressedOopsMode" value="Zero based" />
    <property name="os.version" value="4.15.0-1028-gcp" />
    <property name="user.home" value="/home/travis" />
    <property name="java.vm.vendor" value="Oracle Corporation" />
    <property name="env.TRAVIS_TAG" value="nightly" />
    <property name="env.ANSI_YELLOW" value="\033[33;1m" />
    <property name="env.TRAVIS_FILTERED" value="redirect_io" />
    <property name="env.ANSI_GREEN" value="\033[32;1m" />
    <property name="env.JAVA_HOME" value="/usr/local/lib/jvm/openjdk11" />
    <property name="javadoc.excludepackagenames" value="adm.cvs2svn.*,build.*,config.*,doc.coding.templates.*,jni.test.jni.meaningOfLife.*,jni.test.jni.testDeux.*,jni.test.jni.testTrois.*,org.terraswarm.accessor.accessors.web.node_modules.*,org.terraswarm.accessor.accessors.web.hosts.cordova.demo.*,org.terraswarm.accessor.accessors.web.hosts.cordova.plugins.*,org.terraswarm.accessor.accessors-svn.*,pt-modules.*,ptolemy.apps.agilent.*,ptolemy.apps.anytimecontrol.*,ptolemy.apps.apes.*,ptolemy.apps.charon.*,ptolemy.apps.crazyboard.*,ptolemy.apps.eclipse.*,ptolemy.apps.etherealSting.*,ptolemy.apps.fullscreen.*,ptolemy.apps.giotto.*,ptolemy.apps.ia.*,ptolemy.apps.interfaces.*,ptolemy.apps.jmf.*,ptolemy.apps.kurt.*,ptolemy.apps.kvm.*,ptolemy.apps.lego.*,ptolemy.apps.lejos.*,ptolemy.apps.midp.*,ptolemy.apps.mobileCoding.*,ptolemy.apps.pendulum.*,ptolemy.apps.rijndael.*,ptolemy.apps.robot.*,ptolemy.apps.security.*,ptolemy.apps.sobel.*,ptolemy.apps.soot.*,ptolemy.apps.throttle.*,ptolemy.apps.tini.*,ptolemy.apps.transmission.*,ptolemy.apps.vergil.*,ptolemy.apps.waba.*,ptolemy.apps.websensor.*,ptolemy.apps.webstart.*,ptolemy.apps.xsl.*,ptolemy.apps.zaurus.*,ptolemy.codegen.c.actor.lib.oldJavaFiles.*,ptolemy.codegen.dsp.lib.*,ptolemy.codegen.kernel.newInterfaces.*,ptolemy.codegen.lib.*,ptolemy.copernicus.kernel.fragment.*,ptolemy.copernicus.shallow.cg.*,ptolemy.domains.giotto.demo.Hierarchy.Hierarchy.*,ptolemy.domains.giotto.demo.Multimode.Multimode.*,ptolemy.domains.giotto.demo.Simple.Simple.*,ptolemy.domains.gr.lib.experimental.*,ptolemy.domains.gro.*,ptolemy.domains.pdf.*,ptolemy.domains.ptinyos.demo.Surge.output.*,ptolemy.moml.test.NoPackageActor.java*,ptolemy.plot.adm.*,ptolemy.plot.servlet.*,reports.*,signed.*,src.*,target.*,vendors.*,ptolemy.copernicus.applet.*,ptolemy.media.viewer.*,ptolemy.actor.corba.*,doc.doclets.*,ptolemy.apps.eclipse.awt.*,ptolemy.backtrack.*,ptolemy.backtrack.ast.*,ptolemy.cg.adapter.generic.program.procedural.c.mbed*,ptolemy.homer.*,ptolemy.actor.lib.jai.*,org.ptolemy.scala.*,diva.util.java2d.svg.*,ptolemy.domains.ptinyos.*,ptolemy.actor.lib.fmi.fmipp.*,,org.terraswarm.accessor.accessors.web.node_modules.*,org.terraswarm.accessor.accessors-svn,ptolemy.apps.*,ptolemy.actor.ptalon.demo.ptinyos.SendAndReceiveCnt.output,ptolemy.actor.ptalon.demo.ptinyos.SenseToLeds.output,ptolemy.domains.ptinyos.demo.CntToLedsAndRfm.output,ptolemy.domains.ptinyos.demo.RfmToLeds.output,ptolemy.domains.ptinyos.demo.SendAndReceiveCnt.output,ptolemy.domains.ptinyos.demo.SenseToLeds.output,ptolemy.actor.lib.jjs.modules.udpSocket.*" />
    <property name="env.PTII" value="/home/travis/build/icyphy/ptII" />
    <property name="env.XDG_SESSION_ID" value="2" />
    <property name="keystore" value="ptKeystore" />
    <property name="env.TRAVIS_COMMIT_MESSAGE" value="Updated occupancy" />
    <property name="junit.output.dir" value="/home/travis/build/icyphy/ptII/reports/junit" />
    <property name="npm.return.code" value="0" />
    <property name="user.dir" value="/home/travis/build/icyphy/ptII/ptolemy/domains/de/test" />
    <property name="env.TRAVIS_NODE_VERSION" value="7" />
    <property name="env.TRAVIS_EVENT_TYPE" value="cron" />
    <property name="env.MAIL" value="/var/mail/travis" />
    <property name="env.PERLBREW_ROOT" value="/home/travis/perl5/perlbrew" />
    <property name="env.PWD" value="/home/travis/build/icyphy/ptII" />
    <property name="timeout.npm" value="45000" />
    <property name="env.PT_TRAVIS_TEST_CORE2_XML" value="true" />
    <property name="env.TRAVIS_ARCH" value="amd64" />
    <property name="sun.cpu.endian" value="little" />
    <property name="env.PAGER" value="cat" />
    <property name="env.TRAVIS_BUILD_STAGE_NAME" value="Test" />
    <property name="env.PERLBREW_HOME" value="/home/travis/.perlbrew" />
    <property name="java.vm.version" value="11.0.2+9" />
    <property name="env.RAILS_ENV" value="test" />
    <property name="java.class.path" value="/home/travis/build/icyphy/ptII:/home/travis/build/icyphy/ptII/lib/bsh-2.0b4.jar:/home/travis/build/icyphy/ptII/lib/ptCal.jar:/home/travis/build/icyphy/ptII/lib/java_cup.jar:/home/travis/build/icyphy/ptII/lib/saxon8.jar:/home/travis/build/icyphy/ptII/lib/saxon8-dom.jar:/home/travis/build/icyphy/ptII/lib/chic.jar:/home/travis/build/icyphy/ptII/lib/ptcolt.jar:/home/travis/build/icyphy/ptII/vendors/misc/itext/iText.jar:/home/travis/build/icyphy/ptII/lib/g4ltl.jar:/home/travis/build/icyphy/ptII/lib/StructuralCoder.jar:/home/travis/build/icyphy/ptII/lib/jcerti.jar:/home/travis/build/icyphy/ptII/lib/javax.mail.jar:/home/travis/build/icyphy/ptII/vendors/JMF-2.1.1e/lib/jmf.jar:/home/travis/build/icyphy/ptII/lib/jna-4.0.0-variadic.jar:/home/travis/build/icyphy/ptII/vendors/misc/joystick/Joystick.jar:/home/travis/build/icyphy/ptII/lib/ptjacl.jar:/home/travis/build/icyphy/ptII/lib/jsoup-1.8.2.jar:/home/travis/build/icyphy/ptII/lib/junit-4.8.2.jar:/home/travis/build/icyphy/ptII/lib/JUnitParams-0.4.0.jar:/home/travis/build/icyphy/ptII/ptolemy/actor/lib/excel/jxl.jar:/home/travis/build/icyphy/ptII/lib/jython.jar:/home/travis/build/icyphy/ptII/lib/kieler.jar:/home/travis/build/icyphy/ptII/vendors/opencv/share/OpenCV/java/opencv-341.jar:/home/travis/build/icyphy/ptII/lib/oscP5.jar:/home/travis/build/icyphy/ptII/lib/nrjavaserial-3.11.0.devel.jar:/home/travis/build/icyphy/ptII/vendors/j3d/lib/Linux/j3dcore.jar:/home/travis/build/icyphy/ptII/vendors/j3d/lib/Linux/j3dutils.jar:/home/travis/build/icyphy/ptII/vendors/j3d/lib/Linux/vecmath.jar:/home/travis/build/icyphy/ptII/vendors/jogl/lib/Linux/gluegen-rt-natives-linux-amd64.jar:/home/travis/build/icyphy/ptII/vendors/jogl/lib/Linux/gluegen-rt.jar:/home/travis/build/icyphy/ptII/vendors/jogl/lib/Linux/jogl-all-natives-linux-amd64.jar:/home/travis/build/icyphy/ptII/vendors/jogl/lib/Linux/jogl-all.jar:/home/travis/build/icyphy/ptII/ptolemy/distributed/jini/jar/jini-core.jar:/home/travis/build/icyphy/ptII/ptolemy/distributed/jini/jar/jini-ext.jar:/home/travis/build/icyphy/ptII/ptolemy/distributed/jini/jar/sun-util.jar:/home/travis/build/icyphy/ptII/lib/protobuf-java-2.4.1.jar:/home/travis/build/icyphy/ptII/lib/org.eclipse.paho.client.mqttv3.jar:/home/travis/build/icyphy/ptII/lib/mapss.jar:/home/travis/build/icyphy/ptII/ptolemy/actor/ptalon/antlr/antlr.jar:/home/travis/build/icyphy/ptII/lib/JRI.jar:/home/travis/build/icyphy/ptII/lib/commons-lang-2.6.jar:/home/travis/build/icyphy/ptII/lib/commons-logging-1.1.1.jar:/home/travis/build/icyphy/ptII/lib/sootclasses.jar:/home/travis/build/icyphy/ptII/ptolemy/actor/lib/database/mysql-connector-java-5.1.6-bin.jar:/home/travis/build/icyphy/ptII/vendors/misc/sphinx4/sphinx4-data-5prealpha.jar:/home/travis/build/icyphy/ptII/vendors/misc/sphinx4/sphinx4-core-5prealpha.jar:/home/travis/build/icyphy/ptII/lib/PDFRenderer.jar:/home/travis/build/icyphy/ptII/lib/svgSalamander.jar:/home/travis/build/icyphy/ptII/lib/rsyntaxtextarea-2.6.0-SNAPSHOT.jar:/home/travis/build/icyphy/ptII/lib/hazelcast-3.8.2.jar:/home/travis/build/icyphy/ptII/lib/jackson-annotations-2.9.0.jar:/home/travis/build/icyphy/ptII/lib/jackson-core-2.9.3.jar:/home/travis/build/icyphy/ptII/lib/jackson-databind-2.9.3.jar:/home/travis/build/icyphy/ptII/lib/netty-buffer-4.1.19.Final.jar:/home/travis/build/icyphy/ptII/lib/netty-codec-4.1.19.Final.jar:/home/travis/build/icyphy/ptII/lib/netty-codec-dns-4.1.19.Final.jar:/home/travis/build/icyphy/ptII/lib/netty-codec-http-4.1.19.Final.jar:/home/travis/build/icyphy/ptII/lib/netty-codec-http2-4.1.19.Final.jar:/home/travis/build/icyphy/ptII/lib/netty-common-4.1.19.Final.jar:/home/travis/build/icyphy/ptII/lib/netty-handler-4.1.19.Final.jar:/home/travis/build/icyphy/ptII/lib/netty-resolver-4.1.19.Final.jar:/home/travis/build/icyphy/ptII/lib/netty-resolver-dns-4.1.19.Final.jar:/home/travis/build/icyphy/ptII/lib/netty-transport-4.1.19.Final.jar:/home/travis/build/icyphy/ptII/lib/vertx-codegen-3.5.1.jar:/home/travis/build/icyphy/ptII/lib/vertx-core-3.5.2-SNAPSHOT.jar:/home/travis/build/icyphy/ptII/lib/vertx-hazelcast-3.5.1.jar:/home/travis/build/icyphy/ptII/lib/vertx-lang-js-3.5.1.jar:/home/travis/build/icyphy/ptII/lib/vertx-service-proxy-3.5.1.jar:/home/travis/build/icyphy/ptII/lib/vertx-web-3.5.1.jar:/home/travis/build/icyphy/ptII/lib/slf4j-api-1.7.13.jar:/home/travis/build/icyphy/ptII/lib/slf4j-simple-1.7.13.jar:/home/travis/build/icyphy/ptII/lib/webcam-capture-0.3.12.jar:/home/travis/build/icyphy/ptII/lib/bridj-0.7.0.jar:/home/travis/build/icyphy/ptII/lib/xbjlib-1.1.0.nrjavaserial.jar:/home/travis/build/icyphy/ptII/ptolemy/moml/test:/home/travis/build/icyphy/ptII/ant/lib/ant-launcher.jar:/home/travis/build/icyphy/ptII/ant/lib/ant.jar:/home/travis/build/icyphy/ptII/ant/lib/ant-junit.jar:/home/travis/build/icyphy/ptII/ant/lib/ant-junit4.jar" />
    <property name="ant.library.dir" value="/home/travis/build/icyphy/ptII/ant/lib" />
    <property name="os.arch" value="amd64" />
    <property name="env.CONTINUOUS_INTEGRATION" value="true" />
    <property name="env.TRAVIS_LANGUAGE" value="node_js" />
    <property name="env.TRAVIS_STACK_LANGUAGES" value="__sardonyx__ c c++ clojure cplusplus cpp default generic go groovy java node_js php pure_java python ruby scala" />
    <property name="test.name" value="ptolemy.actor.lib.test.junit.JUnitTclTest" />
    <property name="env.APT_KEY_DONT_WARN_ON_DANGEROUS_USAGE" value="1" />
    <property name="sun.java.launcher" value="SUN_STANDARD" />
    <property name="env.PYTHON_CONFIGURE_OPTS" value="--enable-unicode=ucs4 --with-wide-unicode --enable-shared --enable-ipv6 --enable-loadable-sqlite-extensions --with-computed-gotos" />
    <property name="ant.core.lib" value="/home/travis/build/icyphy/ptII/ant/lib/ant.jar" />
    <property name="java.vm.specification.vendor" value="Oracle Corporation" />
    <property name="env.BCVTB_HOME" value="/home/travis/build/icyphy/ptII/lbnl" />
    <property name="file.separator" value="/" />
    <property name="spotbugs.home" value="/home/travis/build/icyphy/ptII/vendors/spotbugs-3.1.1" />
    <property name="java.runtime.version" value="11.0.2+9" />
    <property name="env.ANSI_CLEAR" value="\033[0K" />
    <property name="javafx.verbose" value="true" />
    <property name="env.HAS_JOSH_K_SEAL_OF_APPROVAL" value="true" />
    <property name="env.XDG_RUNTIME_DIR" value="/run/user/2000" />
    <property name="env.TRAVIS_OSX_IMAGE" value="" />
    <property name="env.TRAVIS_JOB_ID" value="604808470" />
    <property name="env.TRAVIS_BRANCH" value="master" />
    <property name="user.country" value="US" />
    <property name="env.CERTI_HOME_TRAVIS" value="/home/travis/pthla/certi-tools" />
    <property name="env.SHELL" value="/bin/bash" />
    <property name="java.maxmemory.large" value="3200m" />
    <property name="model" value="" />
    <property name="env.CASHER_DIR" value="/home/travis/.casher" />
    <property name="env.NVM_CD_FLAGS" value="" />
    <property name="java.vendor.version" value="18.9" />
    <property name="jshint.executable" value="/home/travis/node_modules/jshint/bin/jshint" />
    <property name="env.JRUBY_OPTS" value=" --client -J-XX:+TieredCompilation -J-XX:TieredStopAtLevel=1 -J-Xss2m -Xcompile.invokedynamic=false" />
    <property name="java.vendor" value="Oracle Corporation" />
    <property name="env.TRAVIS_PRE_CHEF_BOOTSTRAP_TIME" value="2019-03-25T16:16:42" />
    <property name="env.TRAVIS_STACK_JOB_BOARD_REGISTER" value="/.job-board-register.yml" />
    <property name="env.ANSI_RED" value="\033[31;1m" />
    <property name="java.specification.version" value="11" />
    <property name="env.IRBRC" value="/home/travis/.rvm/rubies/ruby-2.5.3/.irbrc" />
    <property name="env.TRAVIS" value="true" />
    <property name="sun.arch.data.model" value="64" />
  </properties>
  <testcase classname="ptolemy.util.test.junit.TclTests" name="[0] /home/travis/build/icyphy/ptII/ptolemy/domains/de/test/DependencyLoop.tcl (RunTclFile)" time="1.401" />
  <testcase classname="ptolemy.util.test.junit.TclTests" name="[1] /home/travis/build/icyphy/ptII/ptolemy/domains/de/test/RunDETestsAsQSS.tcl (RunTclFile)" time="94.547" />
  <testcase classname="ptolemy.util.test.junit.AutoKnownFailedTests" name="[0] /home/travis/build/icyphy/ptII/ptolemy/domains/de/test/auto/knownFailedTests/DESDFClockTest.xml (RunModel)" time="2.04" />
  <testcase classname="ptolemy.util.test.junit.AutoKnownFailedTests" name="[1] /home/travis/build/icyphy/ptII/ptolemy/domains/de/test/auto/knownFailedTests/DirectFeedback.xml (RunModel)" time="0.021" />
  <testcase classname="ptolemy.util.test.junit.AutoKnownFailedTests" name="[2] /home/travis/build/icyphy/ptII/ptolemy/domains/de/test/auto/knownFailedTests/FSMSource.xml (RunModel)" time="0.035" />
  <testcase classname="ptolemy.util.test.junit.AutoKnownFailedTests" name="[3] /home/travis/build/icyphy/ptII/ptolemy/domains/de/test/auto/knownFailedTests/HierarchicalModel.xml (RunModel)" time="0.051" />
  <testcase classname="ptolemy.util.test.junit.AutoKnownFailedTests" name="[4] /home/travis/build/icyphy/ptII/ptolemy/domains/de/test/auto/knownFailedTests/dependencyLoop.xml (RunModel)" time="0.043" />
  <testcase classname="ptolemy.util.test.junit.AutoKnownFailedTests" name="[5] /home/travis/build/icyphy/ptII/ptolemy/domains/de/test/auto/knownFailedTests/dependencyLoop2.xml (RunModel)" time="0.043" />
  <testcase classname="ptolemy.util.test.junit.AutoNameArchTests" name="[0] ThereAreNoAutoArchTests (RunModel)" time="0.007" />
  <testcase classname="ptolemy.util.test.junit.AutoTests" name="[0] /home/travis/build/icyphy/ptII/ptolemy/domains/de/test/auto/ActorDepthCalculation_actorWithoutPorts.xml (RunModel)" time="0.025" />
  <testcase classname="ptolemy.util.test.junit.AutoTests" name="[1] /home/travis/build/icyphy/ptII/ptolemy/domains/de/test/auto/AssemblyLine.xml (RunModel)" time="0.023" />
  <testcase classname="ptolemy.util.test.junit.AutoTests" name="[2] /home/travis/build/icyphy/ptII/ptolemy/domains/de/test/auto/CQBug1.xml (RunModel)" time="0.008" />
  <testcase classname="ptolemy.util.test.junit.AutoTests" name="[3] /home/travis/build/icyphy/ptII/ptolemy/domains/de/test/auto/CancelFireAt.xml (RunModel)" time="0.011" />
  <testcase classname="ptolemy.util.test.junit.AutoTests" name="[4] /home/travis/build/icyphy/ptII/ptolemy/domains/de/test/auto/CausalityAndComposabilityAnalysis.xml (RunModel)" time="0.01" />
  <testcase classname="ptolemy.util.test.junit.AutoTests" name="[5] /home/travis/build/icyphy/ptII/ptolemy/domains/de/test/auto/CausalityInterface1.xml (RunModel)" time="0.012" />
  <testcase classname="ptolemy.util.test.junit.AutoTests" name="[6] /home/travis/build/icyphy/ptII/ptolemy/domains/de/test/auto/CausalityInterface15.xml (RunModel)" time="0.02" />
  <testcase classname="ptolemy.util.test.junit.AutoTests" name="[7] /home/travis/build/icyphy/ptII/ptolemy/domains/de/test/auto/CausalityInterface2.xml (RunModel)" time="0.014" />
  <testcase classname="ptolemy.util.test.junit.AutoTests" name="[8] /home/travis/build/icyphy/ptII/ptolemy/domains/de/test/auto/CausalityInterface3.xml (RunModel)" time="0.016" />
  <testcase classname="ptolemy.util.test.junit.AutoTests" name="[9] /home/travis/build/icyphy/ptII/ptolemy/domains/de/test/auto/ClockDrift.xml (RunModel)" time="0.033" />
  <testcase classname="ptolemy.util.test.junit.AutoTests" name="[10] /home/travis/build/icyphy/ptII/ptolemy/domains/de/test/auto/ClockDriftAndValueChange.xml (RunModel)" time="0.034" />
  <testcase classname="ptolemy.util.test.junit.AutoTests" name="[11] /home/travis/build/icyphy/ptII/ptolemy/domains/de/test/auto/ClockDriftChange.xml (RunModel)" time="0.028" />
  <testcase classname="ptolemy.util.test.junit.AutoTests" name="[12] /home/travis/build/icyphy/ptII/ptolemy/domains/de/test/auto/ComposableCausalityAnalysis.xml (RunModel)" time="0.013" />
  <testcase classname="ptolemy.util.test.junit.AutoTests" name="[13] /home/travis/build/icyphy/ptII/ptolemy/domains/de/test/auto/DEFixedPointLimitation.xml (RunModel)" time="0.008" />
  <testcase classname="ptolemy.util.test.junit.AutoTests" name="[14] /home/travis/build/icyphy/ptII/ptolemy/domains/de/test/auto/DEScheduleTest.xml (RunModel)" time="0.013" />
  <testcase classname="ptolemy.util.test.junit.AutoTests" name="[15] /home/travis/build/icyphy/ptII/ptolemy/domains/de/test/auto/DEinDEwithStartTimes.xml (RunModel)" time="0.027" />
  <testcase classname="ptolemy.util.test.junit.AutoTests" name="[16] /home/travis/build/icyphy/ptII/ptolemy/domains/de/test/auto/DEinDEwithStartTimes2.xml (RunModel)" time="0.017" />
  <testcase classname="ptolemy.util.test.junit.AutoTests" name="[17] /home/travis/build/icyphy/ptII/ptolemy/domains/de/test/auto/DateDemo.xml (RunModel)" time="0.046" />
  <testcase classname="ptolemy.util.test.junit.AutoTests" name="[18] /home/travis/build/icyphy/ptII/ptolemy/domains/de/test/auto/DateToEvent.xml (RunModel)" time="2.057" />
  <testcase classname="ptolemy.util.test.junit.AutoTests" name="[19] /home/travis/build/icyphy/ptII/ptolemy/domains/de/test/auto/DepthTest1.xml (RunModel)" time="0.011" />
  <testcase classname="ptolemy.util.test.junit.AutoTests" name="[20] /home/travis/build/icyphy/ptII/ptolemy/domains/de/test/auto/DepthTest2.xml (RunModel)" time="0.027" />
  <testcase classname="ptolemy.util.test.junit.AutoTests" name="[21] /home/travis/build/icyphy/ptII/ptolemy/domains/de/test/auto/DepthTest3.xml (RunModel)" time="0.011" />
  <testcase classname="ptolemy.util.test.junit.AutoTests" name="[22] /home/travis/build/icyphy/ptII/ptolemy/domains/de/test/auto/DepthTest4.xml (RunModel)" time="0.019" />
  <testcase classname="ptolemy.util.test.junit.AutoTests" name="[23] /home/travis/build/icyphy/ptII/ptolemy/domains/de/test/auto/DepthTest5.xml (RunModel)" time="0.019" />
  <testcase classname="ptolemy.util.test.junit.AutoTests" name="[24] /home/travis/build/icyphy/ptII/ptolemy/domains/de/test/auto/DepthTest6.xml (RunModel)" time="0.019" />
  <testcase classname="ptolemy.util.test.junit.AutoTests" name="[25] /home/travis/build/icyphy/ptII/ptolemy/domains/de/test/auto/DepthTest7.xml (RunModel)" time="0.017" />
  <testcase classname="ptolemy.util.test.junit.AutoTests" name="[26] /home/travis/build/icyphy/ptII/ptolemy/domains/de/test/auto/EventToDate.xml (RunModel)" time="3.06" />
  <testcase classname="ptolemy.util.test.junit.AutoTests" name="[27] /home/travis/build/icyphy/ptII/ptolemy/domains/de/test/auto/FSM1.xml (RunModel)" time="0.043" />
  <testcase classname="ptolemy.util.test.junit.AutoTests" name="[28] /home/travis/build/icyphy/ptII/ptolemy/domains/de/test/auto/FSM7.xml (RunModel)" time="0.037" />
  <testcase classname="ptolemy.util.test.junit.AutoTests" name="[29] /home/travis/build/icyphy/ptII/ptolemy/domains/de/test/auto/Inspection.xml (RunModel)" time="0.035" />
  <testcase classname="ptolemy.util.test.junit.AutoTests" name="[30] /home/travis/build/icyphy/ptII/ptolemy/domains/de/test/auto/Iteration.xml (RunModel)" time="0.02" />
  <testcase classname="ptolemy.util.test.junit.AutoTests" name="[31] /home/travis/build/icyphy/ptII/ptolemy/domains/de/test/auto/LineFault.xml (RunModel)" time="0.6" />
  <testcase classname="ptolemy.util.test.junit.AutoTests" name="[32] /home/travis/build/icyphy/ptII/ptolemy/domains/de/test/auto/MergeModel1Add.xml (RunModel)" time="0.071" />
  <testcase classname="ptolemy.util.test.junit.AutoTests" name="[33] /home/travis/build/icyphy/ptII/ptolemy/domains/de/test/auto/MergeModel2Add.xml (RunModel)" time="0.052" />
  <testcase classname="ptolemy.util.test.junit.AutoTests" name="[34] /home/travis/build/icyphy/ptII/ptolemy/domains/de/test/auto/MergeModel3Add.xml (RunModel)" time="0.063" />
  <testcase classname="ptolemy.util.test.junit.AutoTests" name="[35] /home/travis/build/icyphy/ptII/ptolemy/domains/de/test/auto/MergeWithoutDiscard.xml (RunModel)" time="0.025" />
  <testcase classname="ptolemy.util.test.junit.AutoTests" name="[36] /home/travis/build/icyphy/ptII/ptolemy/domains/de/test/auto/Modal1.xml (RunModel)" time="0.042" />
  <testcase classname="ptolemy.util.test.junit.AutoTests" name="[37] /home/travis/build/icyphy/ptII/ptolemy/domains/de/test/auto/Modal2.xml (RunModel)" time="0.032" />
  <testcase classname="ptolemy.util.test.junit.AutoTests" name="[38] /home/travis/build/icyphy/ptII/ptolemy/domains/de/test/auto/Modal3.xml (RunModel)" time="0.04" />
  <testcase classname="ptolemy.util.test.junit.AutoTests" name="[39] /home/travis/build/icyphy/ptII/ptolemy/domains/de/test/auto/Modal4.xml (RunModel)" time="0.035" />
  <testcase classname="ptolemy.util.test.junit.AutoTests" name="[40] /home/travis/build/icyphy/ptII/ptolemy/domains/de/test/auto/Modal5.xml (RunModel)" time="0.043" />
  <testcase classname="ptolemy.util.test.junit.AutoTests" name="[41] /home/travis/build/icyphy/ptII/ptolemy/domains/de/test/auto/Modal6.xml (RunModel)" time="0.037" />
  <testcase classname="ptolemy.util.test.junit.AutoTests" name="[42] /home/travis/build/icyphy/ptII/ptolemy/domains/de/test/auto/Modal7.xml (RunModel)" time="0.04" />
  <testcase classname="ptolemy.util.test.junit.AutoTests" name="[43] /home/travis/build/icyphy/ptII/ptolemy/domains/de/test/auto/ModalModel.xml (RunModel)" time="0.212" />
  <testcase classname="ptolemy.util.test.junit.AutoTests" name="[44] /home/travis/build/icyphy/ptII/ptolemy/domains/de/test/auto/ModalSource.xml (RunModel)" time="0.031" />
  <testcase classname="ptolemy.util.test.junit.AutoTests" name="[45] /home/travis/build/icyphy/ptII/ptolemy/domains/de/test/auto/NonInterruptibleTimerZeroDelay.xml (RunModel)" time="0.012" />
  <testcase classname="ptolemy.util.test.junit.AutoTests" name="[46] /home/travis/build/icyphy/ptII/ptolemy/domains/de/test/auto/OpenQueueingNetwork.xml (RunModel)" time="2.684" />
  <testcase classname="ptolemy.util.test.junit.AutoTests" name="[47] /home/travis/build/icyphy/ptII/ptolemy/domains/de/test/auto/OpenQueuingNetwork.xml (RunModel)" time="0.305" />
  <testcase classname="ptolemy.util.test.junit.AutoTests" name="[48] /home/travis/build/icyphy/ptII/ptolemy/domains/de/test/auto/PeriodicSampler.xml (RunModel)" time="0.011" />
  <testcase classname="ptolemy.util.test.junit.AutoTests" name="[49] /home/travis/build/icyphy/ptII/ptolemy/domains/de/test/auto/PersistentIO.xml (RunModel)" time="0.025" />
  <testcase classname="ptolemy.util.test.junit.AutoTests" name="[50] /home/travis/build/icyphy/ptII/ptolemy/domains/de/test/auto/PortParameterResetOnInitialize.xml (RunModel)" time="0.014" />
  <testcase classname="ptolemy.util.test.junit.AutoTests" name="[51] /home/travis/build/icyphy/ptII/ptolemy/domains/de/test/auto/PortParameterUpdates.xml (RunModel)" time="0.019" />
  <testcase classname="ptolemy.util.test.junit.AutoTests" name="[52] /home/travis/build/icyphy/ptII/ptolemy/domains/de/test/auto/QueueAndServer.xml (RunModel)" time="0.027" />
  <testcase classname="ptolemy.util.test.junit.AutoTests" name="[53] /home/travis/build/icyphy/ptII/ptolemy/domains/de/test/auto/Records.xml (RunModel)" time="0.019" />
  <testcase classname="ptolemy.util.test.junit.AutoTests" name="[54] /home/travis/build/icyphy/ptII/ptolemy/domains/de/test/auto/ResetTransitionWithStartTime1.xml (RunModel)" time="0.023" />
  <testcase classname="ptolemy.util.test.junit.AutoTests" name="[55] /home/travis/build/icyphy/ptII/ptolemy/domains/de/test/auto/ResetTransitionWithStartTime2.xml (RunModel)" time="0.027" />
  <testcase classname="ptolemy.util.test.junit.AutoTests" name="[56] /home/travis/build/icyphy/ptII/ptolemy/domains/de/test/auto/ResetTransitionWithStartTime3.xml (RunModel)" time="0.023" />
  <testcase classname="ptolemy.util.test.junit.AutoTests" name="[57] /home/travis/build/icyphy/ptII/ptolemy/domains/de/test/auto/ResetTransitionWithStartTime4.xml (RunModel)" time="0.021" />
  <testcase classname="ptolemy.util.test.junit.AutoTests" name="[58] /home/travis/build/icyphy/ptII/ptolemy/domains/de/test/auto/ResettableTimer1.xml (RunModel)" time="0.015" />
  <testcase classname="ptolemy.util.test.junit.AutoTests" name="[59] /home/travis/build/icyphy/ptII/ptolemy/domains/de/test/auto/ResettableTimer2.xml (RunModel)" time="0.013" />
  <testcase classname="ptolemy.util.test.junit.AutoTests" name="[60] /home/travis/build/icyphy/ptII/ptolemy/domains/de/test/auto/ResettableTimer3.xml (RunModel)" time="0.012" />
  <testcase classname="ptolemy.util.test.junit.AutoTests" name="[61] /home/travis/build/icyphy/ptII/ptolemy/domains/de/test/auto/ResettableTimer4.xml (RunModel)" time="0.016" />
  <testcase classname="ptolemy.util.test.junit.AutoTests" name="[62] /home/travis/build/icyphy/ptII/ptolemy/domains/de/test/auto/ResettableTimer5.xml (RunModel)" time="0.019" />
  <testcase classname="ptolemy.util.test.junit.AutoTests" name="[63] /home/travis/build/icyphy/ptII/ptolemy/domains/de/test/auto/ResettableTimer6.xml (RunModel)" time="0.021" />
  <testcase classname="ptolemy.util.test.junit.AutoTests" name="[64] /home/travis/build/icyphy/ptII/ptolemy/domains/de/test/auto/ServerZeroDelay.xml (RunModel)" time="0.019" />
  <testcase classname="ptolemy.util.test.junit.AutoTests" name="[65] /home/travis/build/icyphy/ptII/ptolemy/domains/de/test/auto/SmartSender.xml (RunModel)" time="3.012" />
  <testcase classname="ptolemy.util.test.junit.AutoTests" name="[66] /home/travis/build/icyphy/ptII/ptolemy/domains/de/test/auto/ThreadedComposite.xml (RunModel)" time="0.228" />
  <testcase classname="ptolemy.util.test.junit.AutoTests" name="[67] /home/travis/build/icyphy/ptII/ptolemy/domains/de/test/auto/Time.xml (RunModel)" time="0.503" />
  <testcase classname="ptolemy.util.test.junit.AutoTests" name="[68] /home/travis/build/icyphy/ptII/ptolemy/domains/de/test/auto/TimeDelayZeroDelay.xml (RunModel)" time="0.015" />
  <testcase classname="ptolemy.util.test.junit.AutoTests" name="[69] /home/travis/build/icyphy/ptII/ptolemy/domains/de/test/auto/TimerZeroDelay.xml (RunModel)" time="0.013" />
  <testcase classname="ptolemy.util.test.junit.AutoTests" name="[70] /home/travis/build/icyphy/ptII/ptolemy/domains/de/test/auto/TimingParadox.xml (RunModel)" time="0.378" />
  <testcase classname="ptolemy.util.test.junit.AutoTests" name="[71] /home/travis/build/icyphy/ptII/ptolemy/domains/de/test/auto/TransferInputs.xml (RunModel)" time="0.016" />
  <testcase classname="ptolemy.util.test.junit.AutoTests" name="[72] /home/travis/build/icyphy/ptII/ptolemy/domains/de/test/auto/TransferOutputs2.xml (RunModel)" time="0.017" />
  <testcase classname="ptolemy.util.test.junit.AutoTests" name="[73] /home/travis/build/icyphy/ptII/ptolemy/domains/de/test/auto/Trilateration.xml (RunModel)" time="14.223" />
  <testcase classname="ptolemy.util.test.junit.AutoTests" name="[74] /home/travis/build/icyphy/ptII/ptolemy/domains/de/test/auto/TwoSigmaDelta.xml (RunModel)" time="2.157" />
  <testcase classname="ptolemy.util.test.junit.AutoTests" name="[75] /home/travis/build/icyphy/ptII/ptolemy/domains/de/test/auto/VariableDelay.xml (RunModel)" time="0.012" />
  <testcase classname="ptolemy.util.test.junit.AutoTests" name="[76] /home/travis/build/icyphy/ptII/ptolemy/domains/de/test/auto/VariableDelay2.xml (RunModel)" time="0.009" />
  <testcase classname="ptolemy.util.test.junit.AutoTests" name="[77] /home/travis/build/icyphy/ptII/ptolemy/domains/de/test/auto/VariableDelayZeroDelay.xml (RunModel)" time="0.013" />
  <testcase classname="ptolemy.util.test.junit.AutoTests" name="[78] /home/travis/build/icyphy/ptII/ptolemy/domains/de/test/auto/VariableDelayZeroDelay2.xml (RunModel)" time="0.012" />
  <testcase classname="ptolemy.util.test.junit.AutoTests" name="[79] /home/travis/build/icyphy/ptII/ptolemy/domains/de/test/auto/deInCt.xml (RunModel)" time="0.017" />
  <testcase classname="ptolemy.util.test.junit.AutoTests" name="[80] /home/travis/build/icyphy/ptII/ptolemy/domains/de/test/auto/deInCt2.xml (RunModel)" time="0.017" />
  <testcase classname="ptolemy.util.test.junit.AutoTests" name="[81] /home/travis/build/icyphy/ptII/ptolemy/domains/de/test/auto/dynamicCausalityInterface1.xml (RunModel)" time="0.016" />
  <testcase classname="ptolemy.util.test.junit.AutoTests" name="[82] /home/travis/build/icyphy/ptII/ptolemy/domains/de/test/auto/fsm_de_test.xml (RunModel)" time="0.023" />
  <testcase classname="ptolemy.util.test.junit.AutoTests" name="[83] /home/travis/build/icyphy/ptII/ptolemy/domains/de/test/auto/functionDependencyReconstruction.xml (RunModel)" time="0.028" />
  <testcase classname="ptolemy.util.test.junit.AutoTests" name="[84] /home/travis/build/icyphy/ptII/ptolemy/domains/de/test/auto/multirate.xml (RunModel)" time="0.014" />
  <testcase classname="ptolemy.util.test.junit.AutoTests" name="[85] /home/travis/build/icyphy/ptII/ptolemy/domains/de/test/auto/multirate2.xml (RunModel)" time="0.016" />
  <testcase classname="ptolemy.util.test.junit.AutoTests" name="[86] /home/travis/build/icyphy/ptII/ptolemy/domains/de/test/auto/realtime.xml (RunModel)" time="10.017" />
  <testcase classname="ptolemy.util.test.junit.AutoTests" name="[87] /home/travis/build/icyphy/ptII/ptolemy/domains/de/test/auto/relationGroup.xml (RunModel)" time="0.016" />
  <testcase classname="ptolemy.util.test.junit.AutoTests" name="[88] /home/travis/build/icyphy/ptII/ptolemy/domains/de/test/auto/relationGroup2.xml (RunModel)" time="0.012" />
  <testcase classname="ptolemy.util.test.junit.AutoTests" name="[89] /home/travis/build/icyphy/ptII/ptolemy/domains/de/test/auto/sortWithOpaquePorts.xml (RunModel)" time="0.02" />
  <testcase classname="ptolemy.util.test.junit.AutoTests" name="[90] /home/travis/build/icyphy/ptII/ptolemy/domains/de/test/auto/transferInputsandOutputs.xml (RunModel)" time="0.024" />
  <testcase classname="ptolemy.util.test.junit.AutoTests" name="[91] /home/travis/build/icyphy/ptII/ptolemy/domains/de/test/auto/triggerType.xml (RunModel)" time="0.013" />
  <system-out><![CDATA[/home/travis/build/icyphy/ptII/ptolemy/domains/de/test/DependencyLoop.tcl
testDefs.tcl: setting time out to 9000 seconds at Wed Oct 30 06:06:30 UTC 2019
109 ms. Memory: 120832K Free: 72128K (60%)
25 ms. Memory: 120832K Free: 54706K (45%)
/home/travis/build/icyphy/ptII/ptolemy/domains/de/test/RunDETestsAsQSS.tcl
Run the DE tests using ptolemy.domains.qss.test.QSSDirectorTest, which extends QSSDirector and prints a message in the constructors.
------------------ testing $PTII/ptolemy/domains/de/test/auto/knownFailedTests/DirectFeedback.xml (Known Failure) 
68 ms. Memory: 120832K Free: 48576K (40%)


==== $PTIIhome/travis/build/icyphy/ptII/ptolemy/domains/de/test/../../../../: Auto Automatic test in file $PTII/ptolemy/domains/de/test/auto/knownFailedTests/DirectFeedback.xml
==== Contents of test case:

	    # FIXME: we should use $relativeFilename here, but it
	    # might have backslashes under Windows, which causes no end
	    # of trouble.
	    createAndExecute $file
	    list {}
	
.... Test generated KNOWN error:
    while executing
ptolemy.kernel.util.IllegalActionException: Test fails in iteration 1.
Value was: 1.0. Should have been: 2.0
  in .DirectFeedback.Test
	at ptolemy.actor.lib.Test.fire(Test.java:268)
	at ptolemy.domains.de.kernel.DEDirector._fire(DEDirector.java:1949)
	at ptolemy.domains.de.kernel.DEDirector.fire(DEDirector.java:502)
	at ptolemy.actor.CompositeActor.fire(CompositeActor.java:455)
	at ptolemy.actor.Manager.iterate(Manager.java:851)
	at ptolemy.actor.Manager.execute(Manager.java:369)
	at ptolemy.actor.Manager.run(Manager.java:1263)
	at ptolemy.actor.Manager$PtolemyRunThread.run(Manager.java:1933)

    while executing
ptolemy.kernel.util.IllegalActionException: Test fails in iteration 1.
Value was: 1.0. Should have been: 2.0
  in .DirectFeedback.Test
    while executing
"java::new ptolemy.moml.MoMLSimpleApplication $file
"
    (procedure "createAndExecute" line 2)
    invoked from within
"createAndExecute $file"
    ("uplevel" body line 5)
    invoked from within
"uplevel $contents_of_test"
------------------ testing $PTII/ptolemy/domains/de/test/auto/knownFailedTests/dependencyLoop.xml (Known Failure) 
65 ms. Memory: 120832K Free: 108223K (90%)


==== $PTIIhome/travis/build/icyphy/ptII/ptolemy/domains/de/test/../../../../: Auto Automatic test in file $PTII/ptolemy/domains/de/test/auto/knownFailedTests/dependencyLoop.xml
==== Contents of test case:

	    # FIXME: we should use $relativeFilename here, but it
	    # might have backslashes under Windows, which causes no end
	    # of trouble.
	    createAndExecute $file
	    list {}
	
.... Test generated KNOWN error:
    while executing
ptolemy.kernel.util.IllegalActionException: Found a zero delay loop containing .dependencyLoop.original
  in .dependencyLoop and .dependencyLoop.original
	at ptolemy.actor.util.CausalityInterfaceForComposites._computeOutputPortDepth(CausalityInterfaceForComposites.java:759)
	at ptolemy.actor.util.CausalityInterfaceForComposites._computeInputDepth(CausalityInterfaceForComposites.java:696)
	at ptolemy.actor.util.CausalityInterfaceForComposites._computeOutputPortDepth(CausalityInterfaceForComposites.java:765)
	at ptolemy.actor.util.CausalityInterfaceForComposites._computeInputDepth(CausalityInterfaceForComposites.java:696)
	at ptolemy.actor.util.CausalityInterfaceForComposites._computeOutputPortDepth(CausalityInterfaceForComposites.java:765)
	at ptolemy.actor.util.CausalityInterfaceForComposites._computeInputDepth(CausalityInterfaceForComposites.java:696)
	at ptolemy.actor.util.CausalityInterfaceForComposites._computeActorDepth(CausalityInterfaceForComposites.java:532)
	at ptolemy.actor.util.CausalityInterfaceForComposites.checkForCycles(CausalityInterfaceForComposites.java:96)
	at ptolemy.domains.de.kernel.DEDirector.preinitialize(DEDirector.java:1338)
	at ptolemy.actor.CompositeActor.preinitialize(CompositeActor.java:1828)
	at ptolemy.actor.Manager.preinitializeAndResolveTypes(Manager.java:1040)
	at ptolemy.actor.Manager.initialize(Manager.java:710)
	at ptolemy.actor.Manager.execute(Manager.java:356)
	at ptolemy.actor.Manager.run(Manager.java:1263)
	at ptolemy.actor.Manager$PtolemyRunThread.run(Manager.java:1933)

    while executing
ptolemy.kernel.util.IllegalActionException: Found a zero delay loop containing .dependencyLoop.original
  in .dependencyLoop and .dependencyLoop.original
    while executing
"java::new ptolemy.moml.MoMLSimpleApplication $file
"
    (procedure "createAndExecute" line 2)
    invoked from within
"createAndExecute $file"
    ("uplevel" body line 5)
    invoked from within
"uplevel $contents_of_test"
------------------ testing $PTII/ptolemy/domains/de/test/auto/knownFailedTests/FSMSource.xml (Known Failure) 
95 ms. Memory: 120832K Free: 99510K (82%)
!!!! Auto was marked as failing, but now passes
------------------ testing $PTII/ptolemy/domains/de/test/auto/knownFailedTests/HierarchicalModel.xml (Known Failure) 
7 ms. Memory: 120832K Free: 81634K (68%)


==== $PTIIhome/travis/build/icyphy/ptII/ptolemy/domains/de/test/../../../../: Auto Automatic test in file $PTII/ptolemy/domains/de/test/auto/knownFailedTests/HierarchicalModel.xml
==== Contents of test case:

	    # FIXME: we should use $relativeFilename here, but it
	    # might have backslashes under Windows, which causes no end
	    # of trouble.
	    createAndExecute $file
	    list {}
	
.... Test generated KNOWN error:
    while executing
ptolemy.kernel.util.IllegalActionException: Found a zero delay loop containing .HierarchicalModel.A
  in .HierarchicalModel and .HierarchicalModel.A
	at ptolemy.actor.util.CausalityInterfaceForComposites._computeOutputPortDepth(CausalityInterfaceForComposites.java:759)
	at ptolemy.actor.util.CausalityInterfaceForComposites._computeInputDepth(CausalityInterfaceForComposites.java:696)
	at ptolemy.actor.util.CausalityInterfaceForComposites._computeOutputPortDepth(CausalityInterfaceForComposites.java:765)
	at ptolemy.actor.util.CausalityInterfaceForComposites._computeInputDepth(CausalityInterfaceForComposites.java:696)
	at ptolemy.actor.util.CausalityInterfaceForComposites._computeOutputPortDepth(CausalityInterfaceForComposites.java:765)
	at ptolemy.actor.util.CausalityInterfaceForComposites._computeInputDepth(CausalityInterfaceForComposites.java:696)
	at ptolemy.actor.util.CausalityInterfaceForComposites._computeActorDepth(CausalityInterfaceForComposites.java:532)
	at ptolemy.actor.util.CausalityInterfaceForComposites.checkForCycles(CausalityInterfaceForComposites.java:96)
	at ptolemy.domains.de.kernel.DEDirector.preinitialize(DEDirector.java:1338)
	at ptolemy.actor.CompositeActor.preinitialize(CompositeActor.java:1828)
	at ptolemy.actor.Manager.preinitializeAndResolveTypes(Manager.java:1040)
	at ptolemy.actor.Manager.initialize(Manager.java:710)
	at ptolemy.actor.Manager.execute(Manager.java:356)
	at ptolemy.actor.Manager.run(Manager.java:1263)
	at ptolemy.actor.Manager$PtolemyRunThread.run(Manager.java:1933)

    while executing
ptolemy.kernel.util.IllegalActionException: Found a zero delay loop containing .HierarchicalModel.A
  in .HierarchicalModel and .HierarchicalModel.A
    while executing
"java::new ptolemy.moml.MoMLSimpleApplication $file
"
    (procedure "createAndExecute" line 2)
    invoked from within
"createAndExecute $file"
    ("uplevel" body line 5)
    invoked from within
"uplevel $contents_of_test"
------------------ testing $PTII/ptolemy/domains/de/test/auto/knownFailedTests/dependencyLoop2.xml (Known Failure) 
25 ms. Memory: 120832K Free: 105310K (87%)


==== $PTIIhome/travis/build/icyphy/ptII/ptolemy/domains/de/test/../../../../: Auto Automatic test in file $PTII/ptolemy/domains/de/test/auto/knownFailedTests/dependencyLoop2.xml
==== Contents of test case:

	    # FIXME: we should use $relativeFilename here, but it
	    # might have backslashes under Windows, which causes no end
	    # of trouble.
	    createAndExecute $file
	    list {}
	
.... Test generated KNOWN error:
    while executing
ptolemy.kernel.util.IllegalActionException: Found a zero delay loop containing .dependencyLoop2.original
  in .dependencyLoop2 and .dependencyLoop2.original
	at ptolemy.actor.util.CausalityInterfaceForComposites._computeOutputPortDepth(CausalityInterfaceForComposites.java:759)
	at ptolemy.actor.util.CausalityInterfaceForComposites._computeInputDepth(CausalityInterfaceForComposites.java:696)
	at ptolemy.actor.util.CausalityInterfaceForComposites._computeOutputPortDepth(CausalityInterfaceForComposites.java:765)
	at ptolemy.actor.util.CausalityInterfaceForComposites._computeInputDepth(CausalityInterfaceForComposites.java:696)
	at ptolemy.actor.util.CausalityInterfaceForComposites._computeOutputPortDepth(CausalityInterfaceForComposites.java:765)
	at ptolemy.actor.util.CausalityInterfaceForComposites._computeInputDepth(CausalityInterfaceForComposites.java:696)
	at ptolemy.actor.util.CausalityInterfaceForComposites._computeActorDepth(CausalityInterfaceForComposites.java:532)
	at ptolemy.actor.util.CausalityInterfaceForComposites.checkForCycles(CausalityInterfaceForComposites.java:96)
	at ptolemy.domains.de.kernel.DEDirector.preinitialize(DEDirector.java:1338)
	at ptolemy.actor.CompositeActor.preinitialize(CompositeActor.java:1828)
	at ptolemy.actor.Manager.preinitializeAndResolveTypes(Manager.java:1040)
	at ptolemy.actor.Manager.initialize(Manager.java:710)
	at ptolemy.actor.Manager.execute(Manager.java:356)
	at ptolemy.actor.Manager.run(Manager.java:1263)
	at ptolemy.actor.Manager$PtolemyRunThread.run(Manager.java:1933)

    while executing
ptolemy.kernel.util.IllegalActionException: Found a zero delay loop containing .dependencyLoop2.original
  in .dependencyLoop2 and .dependencyLoop2.original
    while executing
"java::new ptolemy.moml.MoMLSimpleApplication $file
"
    (procedure "createAndExecute" line 2)
    invoked from within
"createAndExecute $file"
    ("uplevel" body line 5)
    invoked from within
"uplevel $contents_of_test"
------------------ testing $PTII/ptolemy/domains/de/test/auto/knownFailedTests/DESDFClockTest.xml (Known Failure) 
2072 ms. Memory: 120832K Free: 92324K (76%)


==== $PTIIhome/travis/build/icyphy/ptII/ptolemy/domains/de/test/../../../../: Auto Automatic test in file $PTII/ptolemy/domains/de/test/auto/knownFailedTests/DESDFClockTest.xml
==== Contents of test case:

	    # FIXME: we should use $relativeFilename here, but it
	    # might have backslashes under Windows, which causes no end
	    # of trouble.
	    createAndExecute $file
	    list {}
	
.... Test generated KNOWN error:
    while executing
ptolemy.kernel.util.IllegalActionException: Actor is not ready to fire.  Perhaps UpSample.prefire() returned false? Try debugging the actor by selecting "Listen to Actor".  Also, for SDF check moml for tokenConsumptionRate on input.
  in .DESDFClockTest.Play Bell.Copy1:SDF Director and .DESDFClockTest.Play Bell.UpSample
	at ptolemy.actor.sched.StaticSchedulingDirector.fire(StaticSchedulingDirector.java:227)
	at ptolemy.domains.sdf.kernel.SDFDirector.fire(SDFDirector.java:500)
	at ptolemy.actor.CompositeActor.fire(CompositeActor.java:455)
	at ptolemy.domains.de.kernel.DEDirector._fire(DEDirector.java:1949)
	at ptolemy.domains.de.kernel.DEDirector.fire(DEDirector.java:502)
	at ptolemy.actor.CompositeActor.fire(CompositeActor.java:455)
	at ptolemy.actor.Manager.iterate(Manager.java:851)
	at ptolemy.actor.Manager.execute(Manager.java:369)
	at ptolemy.actor.Manager.run(Manager.java:1263)
	at ptolemy.actor.Manager$PtolemyRunThread.run(Manager.java:1933)

    while executing
ptolemy.kernel.util.IllegalActionException: Actor is not ready to fire.  Perhaps UpSample.prefire() returned false? Try debugging the actor by selecting "Listen to Actor".  Also, for SDF check moml for tokenConsumptionRate on input.
  in .DESDFClockTest.Play Bell.Copy1:SDF Director and .DESDFClockTest.Play Bell.UpSample
    while executing
"java::new ptolemy.moml.MoMLSimpleApplication $file
"
    (procedure "createAndExecute" line 2)
    invoked from within
"createAndExecute $file"
    ("uplevel" body line 5)
    invoked from within
"uplevel $contents_of_test"
------------------ testing $PTII/ptolemy/domains/de/test/auto/ActorDepthCalculation_actorWithoutPorts.xml
auto.tcl: Setting watchdog for 200 seconds at Wed Oct 30 06:06:35 UTC 2019
11 ms. Memory: 120832K Free: 84830K (70%)
ptolemy.util.test.WatchDog.cancel(): canceling Wed Oct 30 06:06:35 UTC 2019
auto.tcl: Setting watchdog for 200 seconds at Wed Oct 30 06:06:35 UTC 2019
4 ms. Memory: 120832K Free: 83806K (69%)
ptolemy.util.test.WatchDog.cancel(): canceling Wed Oct 30 06:06:35 UTC 2019
------------------ testing $PTII/ptolemy/domains/de/test/auto/AssemblyLine.xml
auto.tcl: Setting watchdog for 200 seconds at Wed Oct 30 06:06:35 UTC 2019
8 ms. Memory: 48128K Free: 25512K (53%)
ptolemy.util.test.WatchDog.cancel(): canceling Wed Oct 30 06:06:35 UTC 2019
auto.tcl: Setting watchdog for 200 seconds at Wed Oct 30 06:06:35 UTC 2019
8 ms. Memory: 48128K Free: 25078K (52%)
ptolemy.util.test.WatchDog.cancel(): canceling Wed Oct 30 06:06:35 UTC 2019
------------------ testing $PTII/ptolemy/domains/de/test/auto/CQBug1.xml
auto.tcl: Setting watchdog for 200 seconds at Wed Oct 30 06:06:35 UTC 2019
5 ms. Memory: 48128K Free: 31582K (66%)
ptolemy.util.test.WatchDog.cancel(): canceling Wed Oct 30 06:06:35 UTC 2019
auto.tcl: Setting watchdog for 200 seconds at Wed Oct 30 06:06:35 UTC 2019
2 ms. Memory: 48128K Free: 31181K (65%)
ptolemy.util.test.WatchDog.cancel(): canceling Wed Oct 30 06:06:35 UTC 2019
------------------ testing $PTII/ptolemy/domains/de/test/auto/CancelFireAt.xml
auto.tcl: Setting watchdog for 200 seconds at Wed Oct 30 06:06:35 UTC 2019
3 ms. Memory: 45056K Free: 29485K (65%)
ptolemy.util.test.WatchDog.cancel(): canceling Wed Oct 30 06:06:35 UTC 2019
auto.tcl: Setting watchdog for 200 seconds at Wed Oct 30 06:06:35 UTC 2019
2 ms. Memory: 45056K Free: 29092K (65%)
ptolemy.util.test.WatchDog.cancel(): canceling Wed Oct 30 06:06:35 UTC 2019
------------------ testing $PTII/ptolemy/domains/de/test/auto/CausalityAndComposabilityAnalysis.xml
auto.tcl: Setting watchdog for 200 seconds at Wed Oct 30 06:06:35 UTC 2019
19 ms. Memory: 45056K Free: 27422K (61%)
ptolemy.util.test.WatchDog.cancel(): canceling Wed Oct 30 06:06:35 UTC 2019
auto.tcl: Setting watchdog for 200 seconds at Wed Oct 30 06:06:35 UTC 2019
6 ms. Memory: 45056K Free: 27037K (60%)
ptolemy.util.test.WatchDog.cancel(): canceling Wed Oct 30 06:06:36 UTC 2019
------------------ testing $PTII/ptolemy/domains/de/test/auto/CausalityInterface1.xml
auto.tcl: Setting watchdog for 200 seconds at Wed Oct 30 06:06:36 UTC 2019
40 ms. Memory: 45056K Free: 26379K (59%)
ptolemy.util.test.WatchDog.cancel(): canceling Wed Oct 30 06:06:36 UTC 2019
auto.tcl: Setting watchdog for 200 seconds at Wed Oct 30 06:06:36 UTC 2019
5 ms. Memory: 45056K Free: 25424K (56%)
ptolemy.util.test.WatchDog.cancel(): canceling Wed Oct 30 06:06:36 UTC 2019
------------------ testing $PTII/ptolemy/domains/de/test/auto/CausalityInterface15.xml
auto.tcl: Setting watchdog for 200 seconds at Wed Oct 30 06:06:36 UTC 2019
15 ms. Memory: 45056K Free: 25943K (58%)
ptolemy.util.test.WatchDog.cancel(): canceling Wed Oct 30 06:06:36 UTC 2019
auto.tcl: Setting watchdog for 200 seconds at Wed Oct 30 06:06:36 UTC 2019
9 ms. Memory: 45056K Free: 25267K (56%)
ptolemy.util.test.WatchDog.cancel(): canceling Wed Oct 30 06:06:36 UTC 2019
------------------ testing $PTII/ptolemy/domains/de/test/auto/CausalityInterface2.xml
auto.tcl: Setting watchdog for 200 seconds at Wed Oct 30 06:06:36 UTC 2019
6 ms. Memory: 45056K Free: 26440K (59%)
ptolemy.util.test.WatchDog.cancel(): canceling Wed Oct 30 06:06:36 UTC 2019
auto.tcl: Setting watchdog for 200 seconds at Wed Oct 30 06:06:36 UTC 2019
4 ms. Memory: 45056K Free: 25681K (57%)
ptolemy.util.test.WatchDog.cancel(): canceling Wed Oct 30 06:06:36 UTC 2019
------------------ testing $PTII/ptolemy/domains/de/test/auto/CausalityInterface3.xml
auto.tcl: Setting watchdog for 200 seconds at Wed Oct 30 06:06:36 UTC 2019
8 ms. Memory: 45056K Free: 26451K (59%)
ptolemy.util.test.WatchDog.cancel(): canceling Wed Oct 30 06:06:36 UTC 2019
auto.tcl: Setting watchdog for 200 seconds at Wed Oct 30 06:06:36 UTC 2019
4 ms. Memory: 45056K Free: 25699K (57%)
ptolemy.util.test.WatchDog.cancel(): canceling Wed Oct 30 06:06:36 UTC 2019
------------------ testing $PTII/ptolemy/domains/de/test/auto/ClockDrift.xml
auto.tcl: Setting watchdog for 200 seconds at Wed Oct 30 06:06:36 UTC 2019
62 ms. Memory: 45056K Free: 19045K (42%)
ptolemy.util.test.WatchDog.cancel(): canceling Wed Oct 30 06:06:36 UTC 2019
auto.tcl: Setting watchdog for 200 seconds at Wed Oct 30 06:06:36 UTC 2019
90 ms. Memory: 45056K Free: 16056K (36%)
ptolemy.util.test.WatchDog.cancel(): canceling Wed Oct 30 06:06:36 UTC 2019
------------------ testing $PTII/ptolemy/domains/de/test/auto/ClockDriftAndValueChange.xml
auto.tcl: Setting watchdog for 200 seconds at Wed Oct 30 06:06:36 UTC 2019
47 ms. Memory: 45056K Free: 19114K (42%)
ptolemy.util.test.WatchDog.cancel(): canceling Wed Oct 30 06:06:36 UTC 2019
auto.tcl: Setting watchdog for 200 seconds at Wed Oct 30 06:06:36 UTC 2019
28 ms. Memory: 45056K Free: 16270K (36%)
ptolemy.util.test.WatchDog.cancel(): canceling Wed Oct 30 06:06:37 UTC 2019
------------------ testing $PTII/ptolemy/domains/de/test/auto/ClockDriftChange.xml
auto.tcl: Setting watchdog for 200 seconds at Wed Oct 30 06:06:37 UTC 2019
21 ms. Memory: 45056K Free: 21173K (47%)
ptolemy.util.test.WatchDog.cancel(): canceling Wed Oct 30 06:06:37 UTC 2019
auto.tcl: Setting watchdog for 200 seconds at Wed Oct 30 06:06:37 UTC 2019
15 ms. Memory: 45056K Free: 18323K (41%)
ptolemy.util.test.WatchDog.cancel(): canceling Wed Oct 30 06:06:37 UTC 2019
------------------ testing $PTII/ptolemy/domains/de/test/auto/ComposableCausalityAnalysis.xml
auto.tcl: Setting watchdog for 200 seconds at Wed Oct 30 06:06:37 UTC 2019
2 ms. Memory: 45056K Free: 25814K (57%)
ptolemy.util.test.WatchDog.cancel(): canceling Wed Oct 30 06:06:37 UTC 2019
auto.tcl: Setting watchdog for 200 seconds at Wed Oct 30 06:06:37 UTC 2019
5 ms. Memory: 45056K Free: 24791K (55%)
ptolemy.util.test.WatchDog.cancel(): canceling Wed Oct 30 06:06:37 UTC 2019
------------------ testing $PTII/ptolemy/domains/de/test/auto/DEFixedPointLimitation.xml
auto.tcl: Setting watchdog for 200 seconds at Wed Oct 30 06:06:37 UTC 2019
3 ms. Memory: 45056K Free: 27144K (60%)
ptolemy.util.test.WatchDog.cancel(): canceling Wed Oct 30 06:06:37 UTC 2019
auto.tcl: Setting watchdog for 200 seconds at Wed Oct 30 06:06:37 UTC 2019
2 ms. Memory: 45056K Free: 26241K (58%)
ptolemy.util.test.WatchDog.cancel(): canceling Wed Oct 30 06:06:37 UTC 2019
------------------ testing $PTII/ptolemy/domains/de/test/auto/DEScheduleTest.xml
auto.tcl: Setting watchdog for 200 seconds at Wed Oct 30 06:06:37 UTC 2019
4 ms. Memory: 45056K Free: 27445K (61%)
ptolemy.util.test.WatchDog.cancel(): canceling Wed Oct 30 06:06:37 UTC 2019
auto.tcl: Setting watchdog for 200 seconds at Wed Oct 30 06:06:37 UTC 2019
2 ms. Memory: 45056K Free: 26687K (59%)
ptolemy.util.test.WatchDog.cancel(): canceling Wed Oct 30 06:06:37 UTC 2019
------------------ testing $PTII/ptolemy/domains/de/test/auto/DEinDEwithStartTimes.xml
auto.tcl: Setting watchdog for 200 seconds at Wed Oct 30 06:06:37 UTC 2019
5 ms. Memory: 45056K Free: 25648K (57%)
ptolemy.util.test.WatchDog.cancel(): canceling Wed Oct 30 06:06:37 UTC 2019
auto.tcl: Setting watchdog for 200 seconds at Wed Oct 30 06:06:37 UTC 2019
3 ms. Memory: 45056K Free: 24565K (55%)
ptolemy.util.test.WatchDog.cancel(): canceling Wed Oct 30 06:06:37 UTC 2019
------------------ testing $PTII/ptolemy/domains/de/test/auto/DEinDEwithStartTimes2.xml
auto.tcl: Setting watchdog for 200 seconds at Wed Oct 30 06:06:37 UTC 2019
6 ms. Memory: 45056K Free: 24905K (55%)
ptolemy.util.test.WatchDog.cancel(): canceling Wed Oct 30 06:06:37 UTC 2019
auto.tcl: Setting watchdog for 200 seconds at Wed Oct 30 06:06:37 UTC 2019
3 ms. Memory: 45056K Free: 23520K (52%)
ptolemy.util.test.WatchDog.cancel(): canceling Wed Oct 30 06:06:37 UTC 2019
------------------ testing $PTII/ptolemy/domains/de/test/auto/DateDemo.xml
auto.tcl: Setting watchdog for 200 seconds at Wed Oct 30 06:06:37 UTC 2019
19 ms. Memory: 45056K Free: 19182K (43%)
ptolemy.util.test.WatchDog.cancel(): canceling Wed Oct 30 06:06:37 UTC 2019
auto.tcl: Setting watchdog for 200 seconds at Wed Oct 30 06:06:37 UTC 2019
7 ms. Memory: 45056K Free: 17665K (39%)
ptolemy.util.test.WatchDog.cancel(): canceling Wed Oct 30 06:06:37 UTC 2019
------------------ testing $PTII/ptolemy/domains/de/test/auto/DateToEvent.xml
auto.tcl: Setting watchdog for 200 seconds at Wed Oct 30 06:06:37 UTC 2019
2024 ms. Memory: 45056K Free: 15084K (33%)
ptolemy.util.test.WatchDog.cancel(): canceling Wed Oct 30 06:06:39 UTC 2019
auto.tcl: Setting watchdog for 200 seconds at Wed Oct 30 06:06:39 UTC 2019
2004 ms. Memory: 45056K Free: 14363K (32%)
ptolemy.util.test.WatchDog.cancel(): canceling Wed Oct 30 06:06:41 UTC 2019
------------------ testing $PTII/ptolemy/domains/de/test/auto/DepthTest1.xml
auto.tcl: Setting watchdog for 200 seconds at Wed Oct 30 06:06:41 UTC 2019
2 ms. Memory: 45056K Free: 28371K (63%)
ptolemy.util.test.WatchDog.cancel(): canceling Wed Oct 30 06:06:41 UTC 2019
auto.tcl: Setting watchdog for 200 seconds at Wed Oct 30 06:06:41 UTC 2019
1 ms. Memory: 45056K Free: 27863K (62%)
ptolemy.util.test.WatchDog.cancel(): canceling Wed Oct 30 06:06:41 UTC 2019
------------------ testing $PTII/ptolemy/domains/de/test/auto/DepthTest2.xml
auto.tcl: Setting watchdog for 200 seconds at Wed Oct 30 06:06:41 UTC 2019
9 ms. Memory: 45056K Free: 25010K (56%)
ptolemy.util.test.WatchDog.cancel(): canceling Wed Oct 30 06:06:41 UTC 2019
auto.tcl: Setting watchdog for 200 seconds at Wed Oct 30 06:06:41 UTC 2019
7 ms. Memory: 45056K Free: 24620K (55%)
ptolemy.util.test.WatchDog.cancel(): canceling Wed Oct 30 06:06:41 UTC 2019
------------------ testing $PTII/ptolemy/domains/de/test/auto/DepthTest3.xml
auto.tcl: Setting watchdog for 200 seconds at Wed Oct 30 06:06:41 UTC 2019
3 ms. Memory: 45056K Free: 28707K (64%)
ptolemy.util.test.WatchDog.cancel(): canceling Wed Oct 30 06:06:42 UTC 2019
auto.tcl: Setting watchdog for 200 seconds at Wed Oct 30 06:06:42 UTC 2019
2 ms. Memory: 45056K Free: 28178K (63%)
ptolemy.util.test.WatchDog.cancel(): canceling Wed Oct 30 06:06:42 UTC 2019
------------------ testing $PTII/ptolemy/domains/de/test/auto/DepthTest4.xml
auto.tcl: Setting watchdog for 200 seconds at Wed Oct 30 06:06:42 UTC 2019
8 ms. Memory: 45056K Free: 26781K (59%)
ptolemy.util.test.WatchDog.cancel(): canceling Wed Oct 30 06:06:42 UTC 2019
auto.tcl: Setting watchdog for 200 seconds at Wed Oct 30 06:06:42 UTC 2019
3 ms. Memory: 45056K Free: 26054K (58%)
ptolemy.util.test.WatchDog.cancel(): canceling Wed Oct 30 06:06:42 UTC 2019
------------------ testing $PTII/ptolemy/domains/de/test/auto/DepthTest5.xml
auto.tcl: Setting watchdog for 200 seconds at Wed Oct 30 06:06:42 UTC 2019
6 ms. Memory: 45056K Free: 25876K (57%)
ptolemy.util.test.WatchDog.cancel(): canceling Wed Oct 30 06:06:42 UTC 2019
auto.tcl: Setting watchdog for 200 seconds at Wed Oct 30 06:06:42 UTC 2019
4 ms. Memory: 45056K Free: 25493K (57%)
ptolemy.util.test.WatchDog.cancel(): canceling Wed Oct 30 06:06:42 UTC 2019
------------------ testing $PTII/ptolemy/domains/de/test/auto/DepthTest6.xml
auto.tcl: Setting watchdog for 200 seconds at Wed Oct 30 06:06:42 UTC 2019
6 ms. Memory: 45056K Free: 25905K (57%)
ptolemy.util.test.WatchDog.cancel(): canceling Wed Oct 30 06:06:42 UTC 2019
auto.tcl: Setting watchdog for 200 seconds at Wed Oct 30 06:06:42 UTC 2019
4 ms. Memory: 45056K Free: 25356K (56%)
ptolemy.util.test.WatchDog.cancel(): canceling Wed Oct 30 06:06:42 UTC 2019
------------------ testing $PTII/ptolemy/domains/de/test/auto/DepthTest7.xml
auto.tcl: Setting watchdog for 200 seconds at Wed Oct 30 06:06:42 UTC 2019
7 ms. Memory: 45056K Free: 26699K (59%)
ptolemy.util.test.WatchDog.cancel(): canceling Wed Oct 30 06:06:42 UTC 2019
auto.tcl: Setting watchdog for 200 seconds at Wed Oct 30 06:06:42 UTC 2019
4 ms. Memory: 45056K Free: 25953K (58%)
ptolemy.util.test.WatchDog.cancel(): canceling Wed Oct 30 06:06:42 UTC 2019
------------------ testing $PTII/ptolemy/domains/de/test/auto/EventToDate.xml
auto.tcl: Setting watchdog for 200 seconds at Wed Oct 30 06:06:42 UTC 2019
3009 ms. Memory: 45056K Free: 17263K (38%)
ptolemy.util.test.WatchDog.cancel(): canceling Wed Oct 30 06:06:45 UTC 2019
auto.tcl: Setting watchdog for 200 seconds at Wed Oct 30 06:06:45 UTC 2019
3005 ms. Memory: 45056K Free: 16782K (37%)
ptolemy.util.test.WatchDog.cancel(): canceling Wed Oct 30 06:06:48 UTC 2019
------------------ testing $PTII/ptolemy/domains/de/test/auto/FSM1.xml
auto.tcl: Setting watchdog for 200 seconds at Wed Oct 30 06:06:48 UTC 2019
33 ms. Memory: 45056K Free: 18703K (42%)
ptolemy.util.test.WatchDog.cancel(): canceling Wed Oct 30 06:06:48 UTC 2019
auto.tcl: Setting watchdog for 200 seconds at Wed Oct 30 06:06:48 UTC 2019
23 ms. Memory: 45056K Free: 15446K (34%)
ptolemy.util.test.WatchDog.cancel(): canceling Wed Oct 30 06:06:48 UTC 2019
------------------ testing $PTII/ptolemy/domains/de/test/auto/FSM7.xml
auto.tcl: Setting watchdog for 200 seconds at Wed Oct 30 06:06:48 UTC 2019
20 ms. Memory: 45056K Free: 18397K (41%)
ptolemy.util.test.WatchDog.cancel(): canceling Wed Oct 30 06:06:48 UTC 2019
auto.tcl: Setting watchdog for 200 seconds at Wed Oct 30 06:06:48 UTC 2019
19 ms. Memory: 45056K Free: 15289K (34%)
ptolemy.util.test.WatchDog.cancel(): canceling Wed Oct 30 06:06:48 UTC 2019
------------------ testing $PTII/ptolemy/domains/de/test/auto/Inspection.xml
auto.tcl: Setting watchdog for 200 seconds at Wed Oct 30 06:06:48 UTC 2019
41 ms. Memory: 45056K Free: 18431K (41%)
ptolemy.util.test.WatchDog.cancel(): canceling Wed Oct 30 06:06:49 UTC 2019
auto.tcl: Setting watchdog for 200 seconds at Wed Oct 30 06:06:49 UTC 2019
18 ms. Memory: 45056K Free: 16692K (37%)
ptolemy.util.test.WatchDog.cancel(): canceling Wed Oct 30 06:06:49 UTC 2019
------------------ testing $PTII/ptolemy/domains/de/test/auto/Iteration.xml
auto.tcl: Setting watchdog for 200 seconds at Wed Oct 30 06:06:49 UTC 2019
14 ms. Memory: 45056K Free: 24147K (54%)
ptolemy.util.test.WatchDog.cancel(): canceling Wed Oct 30 06:06:49 UTC 2019
auto.tcl: Setting watchdog for 200 seconds at Wed Oct 30 06:06:49 UTC 2019
7 ms. Memory: 45056K Free: 22765K (51%)
ptolemy.util.test.WatchDog.cancel(): canceling Wed Oct 30 06:06:49 UTC 2019
------------------ testing $PTII/ptolemy/domains/de/test/auto/LineFault.xml
auto.tcl: Setting watchdog for 200 seconds at Wed Oct 30 06:06:49 UTC 2019
834 ms. Memory: 45056K Free: 14194K (32%)
ptolemy.util.test.WatchDog.cancel(): canceling Wed Oct 30 06:06:50 UTC 2019
auto.tcl: Setting watchdog for 200 seconds at Wed Oct 30 06:06:50 UTC 2019
667 ms. Memory: 56320K Free: 31774K (56%)
ptolemy.util.test.WatchDog.cancel(): canceling Wed Oct 30 06:06:50 UTC 2019
------------------ testing $PTII/ptolemy/domains/de/test/auto/MergeModel1Add.xml
auto.tcl: Setting watchdog for 200 seconds at Wed Oct 30 06:06:51 UTC 2019
35 ms. Memory: 55296K Free: 20379K (37%)
ptolemy.util.test.WatchDog.cancel(): canceling Wed Oct 30 06:06:51 UTC 2019
auto.tcl: Setting watchdog for 200 seconds at Wed Oct 30 06:06:51 UTC 2019
11 ms. Memory: 55296K Free: 18760K (34%)
ptolemy.util.test.WatchDog.cancel(): canceling Wed Oct 30 06:06:51 UTC 2019
------------------ testing $PTII/ptolemy/domains/de/test/auto/MergeModel2Add.xml
auto.tcl: Setting watchdog for 200 seconds at Wed Oct 30 06:06:51 UTC 2019
10 ms. Memory: 51200K Free: 18125K (35%)
ptolemy.util.test.WatchDog.cancel(): canceling Wed Oct 30 06:06:51 UTC 2019
auto.tcl: Setting watchdog for 200 seconds at Wed Oct 30 06:06:51 UTC 2019
13 ms. Memory: 51200K Free: 16387K (32%)
ptolemy.util.test.WatchDog.cancel(): canceling Wed Oct 30 06:06:51 UTC 2019
------------------ testing $PTII/ptolemy/domains/de/test/auto/MergeModel3Add.xml
auto.tcl: Setting watchdog for 200 seconds at Wed Oct 30 06:06:51 UTC 2019
10 ms. Memory: 51200K Free: 18355K (36%)
ptolemy.util.test.WatchDog.cancel(): canceling Wed Oct 30 06:06:51 UTC 2019
auto.tcl: Setting watchdog for 200 seconds at Wed Oct 30 06:06:51 UTC 2019
10 ms. Memory: 51200K Free: 16811K (33%)
ptolemy.util.test.WatchDog.cancel(): canceling Wed Oct 30 06:06:51 UTC 2019
------------------ testing $PTII/ptolemy/domains/de/test/auto/MergeWithoutDiscard.xml
auto.tcl: Setting watchdog for 200 seconds at Wed Oct 30 06:06:51 UTC 2019
2 ms. Memory: 51200K Free: 32698K (64%)
ptolemy.util.test.WatchDog.cancel(): canceling Wed Oct 30 06:06:51 UTC 2019
auto.tcl: Setting watchdog for 200 seconds at Wed Oct 30 06:06:51 UTC 2019
2 ms. Memory: 51200K Free: 32268K (63%)
ptolemy.util.test.WatchDog.cancel(): canceling Wed Oct 30 06:06:51 UTC 2019
------------------ testing $PTII/ptolemy/domains/de/test/auto/Modal1.xml
auto.tcl: Setting watchdog for 200 seconds at Wed Oct 30 06:06:51 UTC 2019
22 ms. Memory: 51200K Free: 24824K (48%)
ptolemy.util.test.WatchDog.cancel(): canceling Wed Oct 30 06:06:51 UTC 2019
auto.tcl: Setting watchdog for 200 seconds at Wed Oct 30 06:06:51 UTC 2019
13 ms. Memory: 51200K Free: 21372K (42%)
ptolemy.util.test.WatchDog.cancel(): canceling Wed Oct 30 06:06:51 UTC 2019
------------------ testing $PTII/ptolemy/domains/de/test/auto/Modal2.xml
auto.tcl: Setting watchdog for 200 seconds at Wed Oct 30 06:06:51 UTC 2019
19 ms. Memory: 51200K Free: 24950K (49%)
ptolemy.util.test.WatchDog.cancel(): canceling Wed Oct 30 06:06:51 UTC 2019
auto.tcl: Setting watchdog for 200 seconds at Wed Oct 30 06:06:51 UTC 2019
16 ms. Memory: 51200K Free: 21720K (42%)
ptolemy.util.test.WatchDog.cancel(): canceling Wed Oct 30 06:06:51 UTC 2019
------------------ testing $PTII/ptolemy/domains/de/test/auto/Modal3.xml
auto.tcl: Setting watchdog for 200 seconds at Wed Oct 30 06:06:51 UTC 2019
12 ms. Memory: 51200K Free: 24927K (49%)
ptolemy.util.test.WatchDog.cancel(): canceling Wed Oct 30 06:06:51 UTC 2019
auto.tcl: Setting watchdog for 200 seconds at Wed Oct 30 06:06:51 UTC 2019
12 ms. Memory: 51200K Free: 21330K (42%)
ptolemy.util.test.WatchDog.cancel(): canceling Wed Oct 30 06:06:51 UTC 2019
------------------ testing $PTII/ptolemy/domains/de/test/auto/Modal4.xml
auto.tcl: Setting watchdog for 200 seconds at Wed Oct 30 06:06:52 UTC 2019
23 ms. Memory: 51200K Free: 23884K (47%)
ptolemy.util.test.WatchDog.cancel(): canceling Wed Oct 30 06:06:52 UTC 2019
auto.tcl: Setting watchdog for 200 seconds at Wed Oct 30 06:06:52 UTC 2019
17 ms. Memory: 51200K Free: 20063K (39%)
ptolemy.util.test.WatchDog.cancel(): canceling Wed Oct 30 06:06:52 UTC 2019
------------------ testing $PTII/ptolemy/domains/de/test/auto/Modal5.xml
auto.tcl: Setting watchdog for 200 seconds at Wed Oct 30 06:06:52 UTC 2019
14 ms. Memory: 51200K Free: 23878K (47%)
ptolemy.util.test.WatchDog.cancel(): canceling Wed Oct 30 06:06:52 UTC 2019
auto.tcl: Setting watchdog for 200 seconds at Wed Oct 30 06:06:52 UTC 2019
16 ms. Memory: 51200K Free: 20050K (39%)
ptolemy.util.test.WatchDog.cancel(): canceling Wed Oct 30 06:06:52 UTC 2019
------------------ testing $PTII/ptolemy/domains/de/test/auto/Modal6.xml
auto.tcl: Setting watchdog for 200 seconds at Wed Oct 30 06:06:52 UTC 2019
13 ms. Memory: 51200K Free: 24641K (48%)
ptolemy.util.test.WatchDog.cancel(): canceling Wed Oct 30 06:06:52 UTC 2019
auto.tcl: Setting watchdog for 200 seconds at Wed Oct 30 06:06:52 UTC 2019
16 ms. Memory: 51200K Free: 20699K (40%)
ptolemy.util.test.WatchDog.cancel(): canceling Wed Oct 30 06:06:52 UTC 2019
------------------ testing $PTII/ptolemy/domains/de/test/auto/Modal7.xml
auto.tcl: Setting watchdog for 200 seconds at Wed Oct 30 06:06:52 UTC 2019
12 ms. Memory: 48128K Free: 20599K (43%)
ptolemy.util.test.WatchDog.cancel(): canceling Wed Oct 30 06:06:52 UTC 2019
auto.tcl: Setting watchdog for 200 seconds at Wed Oct 30 06:06:52 UTC 2019
10 ms. Memory: 48128K Free: 16980K (35%)
ptolemy.util.test.WatchDog.cancel(): canceling Wed Oct 30 06:06:52 UTC 2019
------------------ testing $PTII/ptolemy/domains/de/test/auto/ModalModel.xml
auto.tcl: Setting watchdog for 200 seconds at Wed Oct 30 06:06:52 UTC 2019
223 ms. Memory: 58368K Free: 41209K (71%)
ptolemy.util.test.WatchDog.cancel(): canceling Wed Oct 30 06:06:52 UTC 2019
auto.tcl: Setting watchdog for 200 seconds at Wed Oct 30 06:06:52 UTC 2019
215 ms. Memory: 58368K Free: 35619K (61%)
ptolemy.util.test.WatchDog.cancel(): canceling Wed Oct 30 06:06:53 UTC 2019
------------------ testing $PTII/ptolemy/domains/de/test/auto/ModalSource.xml
auto.tcl: Setting watchdog for 200 seconds at Wed Oct 30 06:06:53 UTC 2019
10 ms. Memory: 48128K Free: 25660K (53%)
ptolemy.util.test.WatchDog.cancel(): canceling Wed Oct 30 06:06:53 UTC 2019
auto.tcl: Setting watchdog for 200 seconds at Wed Oct 30 06:06:53 UTC 2019
8 ms. Memory: 48128K Free: 23697K (49%)
ptolemy.util.test.WatchDog.cancel(): canceling Wed Oct 30 06:06:53 UTC 2019
------------------ testing $PTII/ptolemy/domains/de/test/auto/NonInterruptibleTimerZeroDelay.xml
auto.tcl: Setting watchdog for 200 seconds at Wed Oct 30 06:06:53 UTC 2019
5 ms. Memory: 48128K Free: 30617K (64%)
ptolemy.util.test.WatchDog.cancel(): canceling Wed Oct 30 06:06:53 UTC 2019
auto.tcl: Setting watchdog for 200 seconds at Wed Oct 30 06:06:53 UTC 2019
4 ms. Memory: 48128K Free: 29920K (62%)
ptolemy.util.test.WatchDog.cancel(): canceling Wed Oct 30 06:06:53 UTC 2019
------------------ testing $PTII/ptolemy/domains/de/test/auto/OpenQueueingNetwork.xml
auto.tcl: Setting watchdog for 200 seconds at Wed Oct 30 06:06:53 UTC 2019
3301 ms. Memory: 115712K Free: 67024K (58%)
ptolemy.util.test.WatchDog.cancel(): canceling Wed Oct 30 06:06:56 UTC 2019
auto.tcl: Setting watchdog for 200 seconds at Wed Oct 30 06:06:56 UTC 2019
3186 ms. Memory: 149504K Free: 103844K (69%)
ptolemy.util.test.WatchDog.cancel(): canceling Wed Oct 30 06:06:59 UTC 2019
------------------ testing $PTII/ptolemy/domains/de/test/auto/OpenQueuingNetwork.xml
auto.tcl: Setting watchdog for 200 seconds at Wed Oct 30 06:07:00 UTC 2019
278 ms. Memory: 51200K Free: 16540K (32%)
ptolemy.util.test.WatchDog.cancel(): canceling Wed Oct 30 06:07:00 UTC 2019
auto.tcl: Setting watchdog for 200 seconds at Wed Oct 30 06:07:00 UTC 2019
263 ms. Memory: 51200K Free: 20082K (39%)
ptolemy.util.test.WatchDog.cancel(): canceling Wed Oct 30 06:07:00 UTC 2019
------------------ testing $PTII/ptolemy/domains/de/test/auto/PeriodicSampler.xml
auto.tcl: Setting watchdog for 200 seconds at Wed Oct 30 06:07:00 UTC 2019
4 ms. Memory: 51200K Free: 32859K (64%)
ptolemy.util.test.WatchDog.cancel(): canceling Wed Oct 30 06:07:00 UTC 2019
auto.tcl: Setting watchdog for 200 seconds at Wed Oct 30 06:07:00 UTC 2019
3 ms. Memory: 51200K Free: 32349K (63%)
ptolemy.util.test.WatchDog.cancel(): canceling Wed Oct 30 06:07:00 UTC 2019
------------------ testing $PTII/ptolemy/domains/de/test/auto/PersistentIO.xml
auto.tcl: Setting watchdog for 200 seconds at Wed Oct 30 06:07:00 UTC 2019
14 ms. Memory: 51200K Free: 27784K (54%)
ptolemy.util.test.WatchDog.cancel(): canceling Wed Oct 30 06:07:00 UTC 2019
auto.tcl: Setting watchdog for 200 seconds at Wed Oct 30 06:07:00 UTC 2019
5 ms. Memory: 51200K Free: 26285K (51%)
ptolemy.util.test.WatchDog.cancel(): canceling Wed Oct 30 06:07:00 UTC 2019
------------------ testing $PTII/ptolemy/domains/de/test/auto/PortParameterResetOnInitialize.xml
auto.tcl: Setting watchdog for 200 seconds at Wed Oct 30 06:07:00 UTC 2019
10 ms. Memory: 51200K Free: 32751K (64%)
ptolemy.util.test.WatchDog.cancel(): canceling Wed Oct 30 06:07:00 UTC 2019
auto.tcl: Setting watchdog for 200 seconds at Wed Oct 30 06:07:00 UTC 2019
3 ms. Memory: 51200K Free: 32271K (63%)
ptolemy.util.test.WatchDog.cancel(): canceling Wed Oct 30 06:07:00 UTC 2019
------------------ testing $PTII/ptolemy/domains/de/test/auto/PortParameterUpdates.xml
auto.tcl: Setting watchdog for 200 seconds at Wed Oct 30 06:07:01 UTC 2019
6 ms. Memory: 48128K Free: 27779K (58%)
ptolemy.util.test.WatchDog.cancel(): canceling Wed Oct 30 06:07:01 UTC 2019
auto.tcl: Setting watchdog for 200 seconds at Wed Oct 30 06:07:01 UTC 2019
6 ms. Memory: 48128K Free: 26329K (55%)
ptolemy.util.test.WatchDog.cancel(): canceling Wed Oct 30 06:07:01 UTC 2019
------------------ testing $PTII/ptolemy/domains/de/test/auto/QueueAndServer.xml
auto.tcl: Setting watchdog for 200 seconds at Wed Oct 30 06:07:01 UTC 2019
19 ms. Memory: 48128K Free: 26711K (55%)
ptolemy.util.test.WatchDog.cancel(): canceling Wed Oct 30 06:07:01 UTC 2019
auto.tcl: Setting watchdog for 200 seconds at Wed Oct 30 06:07:01 UTC 2019
11 ms. Memory: 48128K Free: 25278K (53%)
ptolemy.util.test.WatchDog.cancel(): canceling Wed Oct 30 06:07:01 UTC 2019
------------------ testing $PTII/ptolemy/domains/de/test/auto/Records.xml
auto.tcl: Setting watchdog for 200 seconds at Wed Oct 30 06:07:01 UTC 2019
6 ms. Memory: 48128K Free: 29250K (61%)
ptolemy.util.test.WatchDog.cancel(): canceling Wed Oct 30 06:07:01 UTC 2019
auto.tcl: Setting watchdog for 200 seconds at Wed Oct 30 06:07:01 UTC 2019
3 ms. Memory: 48128K Free: 28758K (60%)
ptolemy.util.test.WatchDog.cancel(): canceling Wed Oct 30 06:07:01 UTC 2019
------------------ testing $PTII/ptolemy/domains/de/test/auto/ResetTransitionWithStartTime1.xml
auto.tcl: Setting watchdog for 200 seconds at Wed Oct 30 06:07:01 UTC 2019
18 ms. Memory: 48128K Free: 26195K (54%)
ptolemy.util.test.WatchDog.cancel(): canceling Wed Oct 30 06:07:01 UTC 2019
auto.tcl: Setting watchdog for 200 seconds at Wed Oct 30 06:07:01 UTC 2019
8 ms. Memory: 48128K Free: 24131K (50%)
ptolemy.util.test.WatchDog.cancel(): canceling Wed Oct 30 06:07:01 UTC 2019
------------------ testing $PTII/ptolemy/domains/de/test/auto/ResetTransitionWithStartTime2.xml
auto.tcl: Setting watchdog for 200 seconds at Wed Oct 30 06:07:01 UTC 2019
13 ms. Memory: 48128K Free: 26150K (54%)
ptolemy.util.test.WatchDog.cancel(): canceling Wed Oct 30 06:07:01 UTC 2019
auto.tcl: Setting watchdog for 200 seconds at Wed Oct 30 06:07:01 UTC 2019
8 ms. Memory: 48128K Free: 23626K (49%)
ptolemy.util.test.WatchDog.cancel(): canceling Wed Oct 30 06:07:01 UTC 2019
------------------ testing $PTII/ptolemy/domains/de/test/auto/ResetTransitionWithStartTime3.xml
auto.tcl: Setting watchdog for 200 seconds at Wed Oct 30 06:07:01 UTC 2019
8 ms. Memory: 48128K Free: 26254K (55%)
ptolemy.util.test.WatchDog.cancel(): canceling Wed Oct 30 06:07:01 UTC 2019
auto.tcl: Setting watchdog for 200 seconds at Wed Oct 30 06:07:01 UTC 2019
7 ms. Memory: 48128K Free: 24157K (50%)
ptolemy.util.test.WatchDog.cancel(): canceling Wed Oct 30 06:07:01 UTC 2019
------------------ testing $PTII/ptolemy/domains/de/test/auto/ResetTransitionWithStartTime4.xml
auto.tcl: Setting watchdog for 200 seconds at Wed Oct 30 06:07:01 UTC 2019
8 ms. Memory: 48128K Free: 26622K (55%)
ptolemy.util.test.WatchDog.cancel(): canceling Wed Oct 30 06:07:01 UTC 2019
auto.tcl: Setting watchdog for 200 seconds at Wed Oct 30 06:07:01 UTC 2019
4 ms. Memory: 48128K Free: 25188K (52%)
ptolemy.util.test.WatchDog.cancel(): canceling Wed Oct 30 06:07:01 UTC 2019
------------------ testing $PTII/ptolemy/domains/de/test/auto/ResettableTimer1.xml
auto.tcl: Setting watchdog for 200 seconds at Wed Oct 30 06:07:01 UTC 2019
4 ms. Memory: 48128K Free: 30613K (64%)
ptolemy.util.test.WatchDog.cancel(): canceling Wed Oct 30 06:07:01 UTC 2019
auto.tcl: Setting watchdog for 200 seconds at Wed Oct 30 06:07:01 UTC 2019
3 ms. Memory: 48128K Free: 29742K (62%)
ptolemy.util.test.WatchDog.cancel(): canceling Wed Oct 30 06:07:01 UTC 2019
------------------ testing $PTII/ptolemy/domains/de/test/auto/ResettableTimer2.xml
auto.tcl: Setting watchdog for 200 seconds at Wed Oct 30 06:07:01 UTC 2019
2 ms. Memory: 48128K Free: 30450K (63%)
ptolemy.util.test.WatchDog.cancel(): canceling Wed Oct 30 06:07:01 UTC 2019
auto.tcl: Setting watchdog for 200 seconds at Wed Oct 30 06:07:01 UTC 2019
3 ms. Memory: 48128K Free: 29338K (61%)
ptolemy.util.test.WatchDog.cancel(): canceling Wed Oct 30 06:07:01 UTC 2019
------------------ testing $PTII/ptolemy/domains/de/test/auto/ResettableTimer3.xml
auto.tcl: Setting watchdog for 200 seconds at Wed Oct 30 06:07:01 UTC 2019
2 ms. Memory: 48128K Free: 30317K (63%)
ptolemy.util.test.WatchDog.cancel(): canceling Wed Oct 30 06:07:01 UTC 2019
auto.tcl: Setting watchdog for 200 seconds at Wed Oct 30 06:07:01 UTC 2019
1 ms. Memory: 48128K Free: 30281K (63%)
ptolemy.util.test.WatchDog.cancel(): canceling Wed Oct 30 06:07:01 UTC 2019
------------------ testing $PTII/ptolemy/domains/de/test/auto/ResettableTimer4.xml
auto.tcl: Setting watchdog for 200 seconds at Wed Oct 30 06:07:02 UTC 2019
1 ms. Memory: 48128K Free: 30314K (63%)
ptolemy.util.test.WatchDog.cancel(): canceling Wed Oct 30 06:07:02 UTC 2019
auto.tcl: Setting watchdog for 200 seconds at Wed Oct 30 06:07:02 UTC 2019
2 ms. Memory: 48128K Free: 29818K (62%)
ptolemy.util.test.WatchDog.cancel(): canceling Wed Oct 30 06:07:02 UTC 2019
------------------ testing $PTII/ptolemy/domains/de/test/auto/ResettableTimer5.xml
auto.tcl: Setting watchdog for 200 seconds at Wed Oct 30 06:07:02 UTC 2019
2 ms. Memory: 48128K Free: 29748K (62%)
ptolemy.util.test.WatchDog.cancel(): canceling Wed Oct 30 06:07:02 UTC 2019
auto.tcl: Setting watchdog for 200 seconds at Wed Oct 30 06:07:02 UTC 2019
2 ms. Memory: 48128K Free: 29280K (61%)
ptolemy.util.test.WatchDog.cancel(): canceling Wed Oct 30 06:07:02 UTC 2019
------------------ testing $PTII/ptolemy/domains/de/test/auto/ResettableTimer6.xml
auto.tcl: Setting watchdog for 200 seconds at Wed Oct 30 06:07:02 UTC 2019
2 ms. Memory: 48128K Free: 29754K (62%)
ptolemy.util.test.WatchDog.cancel(): canceling Wed Oct 30 06:07:02 UTC 2019
auto.tcl: Setting watchdog for 200 seconds at Wed Oct 30 06:07:02 UTC 2019
2 ms. Memory: 48128K Free: 29258K (61%)
ptolemy.util.test.WatchDog.cancel(): canceling Wed Oct 30 06:07:02 UTC 2019
------------------ testing $PTII/ptolemy/domains/de/test/auto/ServerZeroDelay.xml
auto.tcl: Setting watchdog for 200 seconds at Wed Oct 30 06:07:02 UTC 2019
5 ms. Memory: 48128K Free: 30273K (63%)
ptolemy.util.test.WatchDog.cancel(): canceling Wed Oct 30 06:07:02 UTC 2019
auto.tcl: Setting watchdog for 200 seconds at Wed Oct 30 06:07:02 UTC 2019
3 ms. Memory: 48128K Free: 29321K (61%)
ptolemy.util.test.WatchDog.cancel(): canceling Wed Oct 30 06:07:02 UTC 2019
------------------ testing $PTII/ptolemy/domains/de/test/auto/SmartSender.xml
auto.tcl: Setting watchdog for 200 seconds at Wed Oct 30 06:07:02 UTC 2019
3002 ms. Memory: 48128K Free: 30288K (63%)
ptolemy.util.test.WatchDog.cancel(): canceling Wed Oct 30 06:07:05 UTC 2019
auto.tcl: Setting watchdog for 200 seconds at Wed Oct 30 06:07:05 UTC 2019
3001 ms. Memory: 48128K Free: 29792K (62%)
ptolemy.util.test.WatchDog.cancel(): canceling Wed Oct 30 06:07:08 UTC 2019
------------------ testing $PTII/ptolemy/domains/de/test/auto/ThreadedComposite.xml
auto.tcl: Setting watchdog for 200 seconds at Wed Oct 30 06:07:08 UTC 2019
210 ms. Memory: 48128K Free: 10826K (22%)
ptolemy.util.test.WatchDog.cancel(): canceling Wed Oct 30 06:07:08 UTC 2019
auto.tcl: Setting watchdog for 200 seconds at Wed Oct 30 06:07:08 UTC 2019
126 ms. Memory: 48128K Free: 24258K (50%)
ptolemy.util.test.WatchDog.cancel(): canceling Wed Oct 30 06:07:08 UTC 2019
------------------ testing $PTII/ptolemy/domains/de/test/auto/Time.xml
auto.tcl: Setting watchdog for 200 seconds at Wed Oct 30 06:07:08 UTC 2019
679 ms. Memory: 81920K Free: 35468K (43%)
ptolemy.util.test.WatchDog.cancel(): canceling Wed Oct 30 06:07:09 UTC 2019
auto.tcl: Setting watchdog for 200 seconds at Wed Oct 30 06:07:09 UTC 2019
622 ms. Memory: 81920K Free: 24332K (30%)
ptolemy.util.test.WatchDog.cancel(): canceling Wed Oct 30 06:07:10 UTC 2019
------------------ testing $PTII/ptolemy/domains/de/test/auto/TimeDelayZeroDelay.xml
auto.tcl: Setting watchdog for 200 seconds at Wed Oct 30 06:07:10 UTC 2019
5 ms. Memory: 48128K Free: 30589K (64%)
ptolemy.util.test.WatchDog.cancel(): canceling Wed Oct 30 06:07:10 UTC 2019
auto.tcl: Setting watchdog for 200 seconds at Wed Oct 30 06:07:10 UTC 2019
3 ms. Memory: 48128K Free: 29842K (62%)
ptolemy.util.test.WatchDog.cancel(): canceling Wed Oct 30 06:07:10 UTC 2019
------------------ testing $PTII/ptolemy/domains/de/test/auto/TimerZeroDelay.xml
auto.tcl: Setting watchdog for 200 seconds at Wed Oct 30 06:07:10 UTC 2019
3 ms. Memory: 48128K Free: 30716K (64%)
ptolemy.util.test.WatchDog.cancel(): canceling Wed Oct 30 06:07:10 UTC 2019
auto.tcl: Setting watchdog for 200 seconds at Wed Oct 30 06:07:10 UTC 2019
3 ms. Memory: 48128K Free: 29876K (62%)
ptolemy.util.test.WatchDog.cancel(): canceling Wed Oct 30 06:07:10 UTC 2019
------------------ testing $PTII/ptolemy/domains/de/test/auto/TimingParadox.xml
auto.tcl: Setting watchdog for 200 seconds at Wed Oct 30 06:07:10 UTC 2019
464 ms. Memory: 48128K Free: 10862K (23%)
ptolemy.util.test.WatchDog.cancel(): canceling Wed Oct 30 06:07:11 UTC 2019
auto.tcl: Setting watchdog for 200 seconds at Wed Oct 30 06:07:11 UTC 2019
440 ms. Memory: 48128K Free: 19786K (41%)
ptolemy.util.test.WatchDog.cancel(): canceling Wed Oct 30 06:07:11 UTC 2019
------------------ testing $PTII/ptolemy/domains/de/test/auto/TransferInputs.xml
auto.tcl: Setting watchdog for 200 seconds at Wed Oct 30 06:07:11 UTC 2019
2 ms. Memory: 48128K Free: 28717K (60%)
ptolemy.util.test.WatchDog.cancel(): canceling Wed Oct 30 06:07:11 UTC 2019
auto.tcl: Setting watchdog for 200 seconds at Wed Oct 30 06:07:11 UTC 2019
8 ms. Memory: 48128K Free: 27810K (58%)
ptolemy.util.test.WatchDog.cancel(): canceling Wed Oct 30 06:07:11 UTC 2019
------------------ testing $PTII/ptolemy/domains/de/test/auto/TransferOutputs2.xml
auto.tcl: Setting watchdog for 200 seconds at Wed Oct 30 06:07:11 UTC 2019
3 ms. Memory: 48128K Free: 26151K (54%)
ptolemy.util.test.WatchDog.cancel(): canceling Wed Oct 30 06:07:11 UTC 2019
auto.tcl: Setting watchdog for 200 seconds at Wed Oct 30 06:07:11 UTC 2019
3 ms. Memory: 48128K Free: 24754K (51%)
ptolemy.util.test.WatchDog.cancel(): canceling Wed Oct 30 06:07:11 UTC 2019
------------------ testing $PTII/ptolemy/domains/de/test/auto/Trilateration.xml
auto.tcl: Setting watchdog for 200 seconds at Wed Oct 30 06:07:11 UTC 2019
15132 ms. Memory: 405504K Free: 341607K (84%)
ptolemy.util.test.WatchDog.cancel(): canceling Wed Oct 30 06:07:28 UTC 2019
auto.tcl: Setting watchdog for 200 seconds at Wed Oct 30 06:07:28 UTC 2019
11258 ms. Memory: 405504K Free: 362042K (89%)
ptolemy.util.test.WatchDog.cancel(): canceling Wed Oct 30 06:07:39 UTC 2019
------------------ testing $PTII/ptolemy/domains/de/test/auto/TwoSigmaDelta.xml
auto.tcl: Setting watchdog for 200 seconds at Wed Oct 30 06:07:39 UTC 2019
2798 ms. Memory: 86016K Free: 20224K (24%)
ptolemy.util.test.WatchDog.cancel(): canceling Wed Oct 30 06:07:42 UTC 2019
auto.tcl: Setting watchdog for 200 seconds at Wed Oct 30 06:07:42 UTC 2019
2425 ms. Memory: 86016K Free: 58598K (68%)
ptolemy.util.test.WatchDog.cancel(): canceling Wed Oct 30 06:07:44 UTC 2019
------------------ testing $PTII/ptolemy/domains/de/test/auto/VariableDelay.xml
auto.tcl: Setting watchdog for 200 seconds at Wed Oct 30 06:07:44 UTC 2019
3 ms. Memory: 51200K Free: 32274K (63%)
ptolemy.util.test.WatchDog.cancel(): canceling Wed Oct 30 06:07:45 UTC 2019
auto.tcl: Setting watchdog for 200 seconds at Wed Oct 30 06:07:45 UTC 2019
2 ms. Memory: 51200K Free: 31258K (61%)
ptolemy.util.test.WatchDog.cancel(): canceling Wed Oct 30 06:07:45 UTC 2019
------------------ testing $PTII/ptolemy/domains/de/test/auto/VariableDelay2.xml
auto.tcl: Setting watchdog for 200 seconds at Wed Oct 30 06:07:45 UTC 2019
2 ms. Memory: 48128K Free: 29601K (62%)
ptolemy.util.test.WatchDog.cancel(): canceling Wed Oct 30 06:07:45 UTC 2019
auto.tcl: Setting watchdog for 200 seconds at Wed Oct 30 06:07:45 UTC 2019
2 ms. Memory: 48128K Free: 29105K (60%)
ptolemy.util.test.WatchDog.cancel(): canceling Wed Oct 30 06:07:45 UTC 2019
------------------ testing $PTII/ptolemy/domains/de/test/auto/VariableDelayZeroDelay.xml
auto.tcl: Setting watchdog for 200 seconds at Wed Oct 30 06:07:45 UTC 2019
3 ms. Memory: 48128K Free: 30128K (63%)
ptolemy.util.test.WatchDog.cancel(): canceling Wed Oct 30 06:07:45 UTC 2019
auto.tcl: Setting watchdog for 200 seconds at Wed Oct 30 06:07:45 UTC 2019
3 ms. Memory: 48128K Free: 29610K (62%)
ptolemy.util.test.WatchDog.cancel(): canceling Wed Oct 30 06:07:45 UTC 2019
------------------ testing $PTII/ptolemy/domains/de/test/auto/VariableDelayZeroDelay2.xml
auto.tcl: Setting watchdog for 200 seconds at Wed Oct 30 06:07:45 UTC 2019
2 ms. Memory: 48128K Free: 30127K (63%)
ptolemy.util.test.WatchDog.cancel(): canceling Wed Oct 30 06:07:45 UTC 2019
auto.tcl: Setting watchdog for 200 seconds at Wed Oct 30 06:07:45 UTC 2019
3 ms. Memory: 48128K Free: 29148K (61%)
ptolemy.util.test.WatchDog.cancel(): canceling Wed Oct 30 06:07:45 UTC 2019
------------------ testing $PTII/ptolemy/domains/de/test/auto/deInCt.xml
auto.tcl: Setting watchdog for 200 seconds at Wed Oct 30 06:07:45 UTC 2019
0
1
1
1
1
1
1
1
0
0
0
1
1
1
1
1
0
0
0
1
1
1
1
11 ms. Memory: 48128K Free: 29100K (60%)
ptolemy.util.test.WatchDog.cancel(): canceling Wed Oct 30 06:07:45 UTC 2019
auto.tcl: Setting watchdog for 200 seconds at Wed Oct 30 06:07:45 UTC 2019
0
1
1
1
1
1
1
0
0
0
0
1
1
1
0
0
0
1
1
1
0
0
0
1
1
1
0
0
0
0
1
1
1
0
0
0
9 ms. Memory: 48128K Free: 27598K (57%)
ptolemy.util.test.WatchDog.cancel(): canceling Wed Oct 30 06:07:45 UTC 2019
------------------ testing $PTII/ptolemy/domains/de/test/auto/deInCt2.xml
auto.tcl: Setting watchdog for 200 seconds at Wed Oct 30 06:07:45 UTC 2019
0
1
1
1
0
0
1
1
1
0
0
1
1
1
0
0
1
1
1
0
0
1
1
1
0
0
1
1
1
0
0
1
1
1
0
0
1
1
1
0
0
0
8 ms. Memory: 48128K Free: 29102K (60%)
ptolemy.util.test.WatchDog.cancel(): canceling Wed Oct 30 06:07:45 UTC 2019
auto.tcl: Setting watchdog for 200 seconds at Wed Oct 30 06:07:45 UTC 2019
0
1
1
1
0
0
1
1
1
0
0
1
1
1
0
0
1
1
1
0
0
1
1
1
0
0
1
1
1
0
0
1
1
1
0
0
1
1
1
0
0
0
5 ms. Memory: 48128K Free: 27576K (57%)
ptolemy.util.test.WatchDog.cancel(): canceling Wed Oct 30 06:07:45 UTC 2019
------------------ testing $PTII/ptolemy/domains/de/test/auto/dynamicCausalityInterface1.xml
auto.tcl: Setting watchdog for 200 seconds at Wed Oct 30 06:07:45 UTC 2019
6 ms. Memory: 48128K Free: 24521K (51%)
ptolemy.util.test.WatchDog.cancel(): canceling Wed Oct 30 06:07:45 UTC 2019
auto.tcl: Setting watchdog for 200 seconds at Wed Oct 30 06:07:45 UTC 2019
1 ms. Memory: 48128K Free: 24037K (50%)
ptolemy.util.test.WatchDog.cancel(): canceling Wed Oct 30 06:07:45 UTC 2019
------------------ testing $PTII/ptolemy/domains/de/test/auto/fsm_de_test.xml
auto.tcl: Setting watchdog for 200 seconds at Wed Oct 30 06:07:45 UTC 2019
15 ms. Memory: 48128K Free: 24933K (52%)
ptolemy.util.test.WatchDog.cancel(): canceling Wed Oct 30 06:07:45 UTC 2019
auto.tcl: Setting watchdog for 200 seconds at Wed Oct 30 06:07:45 UTC 2019
11 ms. Memory: 48128K Free: 22933K (48%)
ptolemy.util.test.WatchDog.cancel(): canceling Wed Oct 30 06:07:45 UTC 2019
------------------ testing $PTII/ptolemy/domains/de/test/auto/functionDependencyReconstruction.xml
auto.tcl: Setting watchdog for 200 seconds at Wed Oct 30 06:07:45 UTC 2019
4 ms. Memory: 48128K Free: 18779K (39%)
ptolemy.util.test.WatchDog.cancel(): canceling Wed Oct 30 06:07:45 UTC 2019
auto.tcl: Setting watchdog for 200 seconds at Wed Oct 30 06:07:45 UTC 2019
4 ms. Memory: 48128K Free: 16778K (35%)
ptolemy.util.test.WatchDog.cancel(): canceling Wed Oct 30 06:07:45 UTC 2019
------------------ testing $PTII/ptolemy/domains/de/test/auto/multirate.xml
auto.tcl: Setting watchdog for 200 seconds at Wed Oct 30 06:07:45 UTC 2019
3 ms. Memory: 48128K Free: 27584K (57%)
ptolemy.util.test.WatchDog.cancel(): canceling Wed Oct 30 06:07:45 UTC 2019
auto.tcl: Setting watchdog for 200 seconds at Wed Oct 30 06:07:45 UTC 2019
3 ms. Memory: 48128K Free: 25868K (54%)
ptolemy.util.test.WatchDog.cancel(): canceling Wed Oct 30 06:07:45 UTC 2019
------------------ testing $PTII/ptolemy/domains/de/test/auto/multirate2.xml
auto.tcl: Setting watchdog for 200 seconds at Wed Oct 30 06:07:46 UTC 2019
10 ms. Memory: 48128K Free: 27530K (57%)
ptolemy.util.test.WatchDog.cancel(): canceling Wed Oct 30 06:07:46 UTC 2019
auto.tcl: Setting watchdog for 200 seconds at Wed Oct 30 06:07:46 UTC 2019
4 ms. Memory: 48128K Free: 26025K (54%)
ptolemy.util.test.WatchDog.cancel(): canceling Wed Oct 30 06:07:46 UTC 2019
------------------ testing $PTII/ptolemy/domains/de/test/auto/realtime.xml
auto.tcl: Setting watchdog for 200 seconds at Wed Oct 30 06:07:46 UTC 2019
10002 ms. Memory: 48128K Free: 29795K (62%)
ptolemy.util.test.WatchDog.cancel(): canceling Wed Oct 30 06:07:56 UTC 2019
auto.tcl: Setting watchdog for 200 seconds at Wed Oct 30 06:07:56 UTC 2019
10003 ms. Memory: 48128K Free: 29080K (60%)
ptolemy.util.test.WatchDog.cancel(): canceling Wed Oct 30 06:08:06 UTC 2019
------------------ testing $PTII/ptolemy/domains/de/test/auto/relationGroup.xml
auto.tcl: Setting watchdog for 200 seconds at Wed Oct 30 06:08:06 UTC 2019
5 ms. Memory: 48128K Free: 30839K (64%)
ptolemy.util.test.WatchDog.cancel(): canceling Wed Oct 30 06:08:06 UTC 2019
auto.tcl: Setting watchdog for 200 seconds at Wed Oct 30 06:08:06 UTC 2019
2 ms. Memory: 48128K Free: 30130K (63%)
ptolemy.util.test.WatchDog.cancel(): canceling Wed Oct 30 06:08:06 UTC 2019
------------------ testing $PTII/ptolemy/domains/de/test/auto/relationGroup2.xml
auto.tcl: Setting watchdog for 200 seconds at Wed Oct 30 06:08:06 UTC 2019
1 ms. Memory: 48128K Free: 30889K (64%)
ptolemy.util.test.WatchDog.cancel(): canceling Wed Oct 30 06:08:06 UTC 2019
auto.tcl: Setting watchdog for 200 seconds at Wed Oct 30 06:08:06 UTC 2019
2 ms. Memory: 48128K Free: 30156K (63%)
ptolemy.util.test.WatchDog.cancel(): canceling Wed Oct 30 06:08:06 UTC 2019
------------------ testing $PTII/ptolemy/domains/de/test/auto/sortWithOpaquePorts.xml
auto.tcl: Setting watchdog for 200 seconds at Wed Oct 30 06:08:06 UTC 2019
2 ms. Memory: 48128K Free: 29627K (62%)
ptolemy.util.test.WatchDog.cancel(): canceling Wed Oct 30 06:08:06 UTC 2019
auto.tcl: Setting watchdog for 200 seconds at Wed Oct 30 06:08:06 UTC 2019
2 ms. Memory: 48128K Free: 28645K (60%)
ptolemy.util.test.WatchDog.cancel(): canceling Wed Oct 30 06:08:06 UTC 2019
------------------ testing $PTII/ptolemy/domains/de/test/auto/transferInputsandOutputs.xml
auto.tcl: Setting watchdog for 200 seconds at Wed Oct 30 06:08:06 UTC 2019
5 ms. Memory: 48128K Free: 27072K (56%)
ptolemy.util.test.WatchDog.cancel(): canceling Wed Oct 30 06:08:06 UTC 2019
auto.tcl: Setting watchdog for 200 seconds at Wed Oct 30 06:08:06 UTC 2019
2 ms. Memory: 48128K Free: 26099K (54%)
ptolemy.util.test.WatchDog.cancel(): canceling Wed Oct 30 06:08:06 UTC 2019
------------------ testing $PTII/ptolemy/domains/de/test/auto/triggerType.xml
auto.tcl: Setting watchdog for 200 seconds at Wed Oct 30 06:08:06 UTC 2019
2 ms. Memory: 48128K Free: 30097K (63%)
ptolemy.util.test.WatchDog.cancel(): canceling Wed Oct 30 06:08:06 UTC 2019
auto.tcl: Setting watchdog for 200 seconds at Wed Oct 30 06:08:06 UTC 2019
1 ms. Memory: 48128K Free: 29097K (60%)
ptolemy.util.test.WatchDog.cancel(): canceling Wed Oct 30 06:08:06 UTC 2019
10/30/19 06:08:06
Failed: 0  Total Tests: 192  ((Passed: 187, Newly Passed: 1)  Known Failed: 5) /home/travis/build/icyphy/ptII/ptolemy/domains/de/test
10/30/19 06:08:06
Failed: 0  Total Tests: 192  ((Passed: 187, Newly Passed: 1)  Known Failed: 5) /home/travis/build/icyphy/ptII/ptolemy/domains/de/test
----------------- testing (KnownFailure) /home/travis/build/icyphy/ptII/ptolemy/domains/de/test/auto/knownFailedTests/DESDFClockTest.xml
2012 ms. Memory: 48128K Free: 23492K (49%)
Known Failure: java.lang.reflect.InvocationTargetException
----------------- testing (KnownFailure) /home/travis/build/icyphy/ptII/ptolemy/domains/de/test/auto/knownFailedTests/DirectFeedback.xml
2 ms. Memory: 48128K Free: 19910K (41%)
Known Failure: java.lang.reflect.InvocationTargetException
----------------- testing (KnownFailure) /home/travis/build/icyphy/ptII/ptolemy/domains/de/test/auto/knownFailedTests/FSMSource.xml
14 ms. Memory: 48128K Free: 12214K (25%)
----------------- testing (KnownFailure) /home/travis/build/icyphy/ptII/ptolemy/domains/de/test/auto/knownFailedTests/HierarchicalModel.xml
2 ms. Memory: 48128K Free: 23243K (48%)
Known Failure: java.lang.reflect.InvocationTargetException
----------------- testing (KnownFailure) /home/travis/build/icyphy/ptII/ptolemy/domains/de/test/auto/knownFailedTests/dependencyLoop.xml
2 ms. Memory: 48128K Free: 7913K (16%)
Known Failure: java.lang.reflect.InvocationTargetException
----------------- testing (KnownFailure) /home/travis/build/icyphy/ptII/ptolemy/domains/de/test/auto/knownFailedTests/dependencyLoop2.xml
4 ms. Memory: 48128K Free: 19810K (41%)
Known Failure: java.lang.reflect.InvocationTargetException
No auto/linux-amd64/*.xml tests in /home/travis/build/icyphy/ptII/ptolemy/domains/de/test
AutoTests.java: About to close Vertx.
AutoTests.java: Vertx closed.

===========================================================================================
----------------- testing Wed Oct 30 06:08:08 UTC 2019 /home/travis/build/icyphy/ptII/ptolemy/domains/de/test/auto/ActorDepthCalculation_actorWithoutPorts.xml
----------------- Instantiating /home/travis/build/icyphy/ptII/ptolemy/domains/de/test/auto/ActorDepthCalculation_actorWithoutPorts.xml
6 ms. Memory: 48128K Free: 13269K (28%)
----------------- Invoking toplevel() on ptolemy.moml.MoMLSimpleApplication@70ba3291
----------------- Done invoking toplevel() on ptolemy.moml.MoMLSimpleApplication@70ba3291
reloadAllAccessors: .ActorDepthCalculation_actorWithoutPorts

===========================================================================================
----------------- testing Wed Oct 30 06:08:08 UTC 2019 /home/travis/build/icyphy/ptII/ptolemy/domains/de/test/auto/AssemblyLine.xml
----------------- Instantiating /home/travis/build/icyphy/ptII/ptolemy/domains/de/test/auto/AssemblyLine.xml
3 ms. Memory: 48128K Free: 32282K (67%)
----------------- Invoking toplevel() on ptolemy.moml.MoMLSimpleApplication@2e7d2e3c
----------------- Done invoking toplevel() on ptolemy.moml.MoMLSimpleApplication@2e7d2e3c
reloadAllAccessors: .AssemblyLine

===========================================================================================
----------------- testing Wed Oct 30 06:08:08 UTC 2019 /home/travis/build/icyphy/ptII/ptolemy/domains/de/test/auto/CQBug1.xml
----------------- Instantiating /home/travis/build/icyphy/ptII/ptolemy/domains/de/test/auto/CQBug1.xml
1 ms. Memory: 48128K Free: 29436K (61%)
----------------- Invoking toplevel() on ptolemy.moml.MoMLSimpleApplication@9600c44
----------------- Done invoking toplevel() on ptolemy.moml.MoMLSimpleApplication@9600c44
reloadAllAccessors: .CQBug1

===========================================================================================
----------------- testing Wed Oct 30 06:08:08 UTC 2019 /home/travis/build/icyphy/ptII/ptolemy/domains/de/test/auto/CancelFireAt.xml
----------------- Instantiating /home/travis/build/icyphy/ptII/ptolemy/domains/de/test/auto/CancelFireAt.xml
5 ms. Memory: 48128K Free: 26901K (56%)
----------------- Invoking toplevel() on ptolemy.moml.MoMLSimpleApplication@3430cc0d
----------------- Done invoking toplevel() on ptolemy.moml.MoMLSimpleApplication@3430cc0d
reloadAllAccessors: .CancelFireAt

===========================================================================================
----------------- testing Wed Oct 30 06:08:08 UTC 2019 /home/travis/build/icyphy/ptII/ptolemy/domains/de/test/auto/CausalityAndComposabilityAnalysis.xml
----------------- Instantiating /home/travis/build/icyphy/ptII/ptolemy/domains/de/test/auto/CausalityAndComposabilityAnalysis.xml
1 ms. Memory: 48128K Free: 22614K (47%)
----------------- Invoking toplevel() on ptolemy.moml.MoMLSimpleApplication@2a122e62
----------------- Done invoking toplevel() on ptolemy.moml.MoMLSimpleApplication@2a122e62
reloadAllAccessors: .CausalityAndComposabilityAnalysis

===========================================================================================
----------------- testing Wed Oct 30 06:08:08 UTC 2019 /home/travis/build/icyphy/ptII/ptolemy/domains/de/test/auto/CausalityInterface1.xml
----------------- Instantiating /home/travis/build/icyphy/ptII/ptolemy/domains/de/test/auto/CausalityInterface1.xml
4 ms. Memory: 48128K Free: 17656K (37%)
----------------- Invoking toplevel() on ptolemy.moml.MoMLSimpleApplication@7f213047
----------------- Done invoking toplevel() on ptolemy.moml.MoMLSimpleApplication@7f213047
reloadAllAccessors: .CausalityInterface1

===========================================================================================
----------------- testing Wed Oct 30 06:08:08 UTC 2019 /home/travis/build/icyphy/ptII/ptolemy/domains/de/test/auto/CausalityInterface15.xml
----------------- Instantiating /home/travis/build/icyphy/ptII/ptolemy/domains/de/test/auto/CausalityInterface15.xml
2 ms. Memory: 48128K Free: 12068K (25%)
----------------- Invoking toplevel() on ptolemy.moml.MoMLSimpleApplication@dacd80d
----------------- Done invoking toplevel() on ptolemy.moml.MoMLSimpleApplication@dacd80d
reloadAllAccessors: .CausalityInterface15

===========================================================================================
----------------- testing Wed Oct 30 06:08:08 UTC 2019 /home/travis/build/icyphy/ptII/ptolemy/domains/de/test/auto/CausalityInterface2.xml
----------------- Instantiating /home/travis/build/icyphy/ptII/ptolemy/domains/de/test/auto/CausalityInterface2.xml
1 ms. Memory: 48128K Free: 7430K (15%)
----------------- Invoking toplevel() on ptolemy.moml.MoMLSimpleApplication@76b8346b
----------------- Done invoking toplevel() on ptolemy.moml.MoMLSimpleApplication@76b8346b
reloadAllAccessors: .CausalityInterface2

===========================================================================================
----------------- testing Wed Oct 30 06:08:08 UTC 2019 /home/travis/build/icyphy/ptII/ptolemy/domains/de/test/auto/CausalityInterface3.xml
----------------- Instantiating /home/travis/build/icyphy/ptII/ptolemy/domains/de/test/auto/CausalityInterface3.xml
4 ms. Memory: 48128K Free: 29389K (61%)
----------------- Invoking toplevel() on ptolemy.moml.MoMLSimpleApplication@104cccc5
----------------- Done invoking toplevel() on ptolemy.moml.MoMLSimpleApplication@104cccc5
reloadAllAccessors: .CausalityInterface3

===========================================================================================
----------------- testing Wed Oct 30 06:08:08 UTC 2019 /home/travis/build/icyphy/ptII/ptolemy/domains/de/test/auto/ClockDrift.xml
----------------- Instantiating /home/travis/build/icyphy/ptII/ptolemy/domains/de/test/auto/ClockDrift.xml
13 ms. Memory: 48128K Free: 17511K (36%)
----------------- Invoking toplevel() on ptolemy.moml.MoMLSimpleApplication@43d97af8
----------------- Done invoking toplevel() on ptolemy.moml.MoMLSimpleApplication@43d97af8
reloadAllAccessors: .ClockDrift

===========================================================================================
----------------- testing Wed Oct 30 06:08:08 UTC 2019 /home/travis/build/icyphy/ptII/ptolemy/domains/de/test/auto/ClockDriftAndValueChange.xml
----------------- Instantiating /home/travis/build/icyphy/ptII/ptolemy/domains/de/test/auto/ClockDriftAndValueChange.xml
15 ms. Memory: 48128K Free: 32350K (67%)
----------------- Invoking toplevel() on ptolemy.moml.MoMLSimpleApplication@15e35204
----------------- Done invoking toplevel() on ptolemy.moml.MoMLSimpleApplication@15e35204
reloadAllAccessors: .ClockDriftAndValueChange

===========================================================================================
----------------- testing Wed Oct 30 06:08:09 UTC 2019 /home/travis/build/icyphy/ptII/ptolemy/domains/de/test/auto/ClockDriftChange.xml
----------------- Instantiating /home/travis/build/icyphy/ptII/ptolemy/domains/de/test/auto/ClockDriftChange.xml
10 ms. Memory: 48128K Free: 22430K (47%)
----------------- Invoking toplevel() on ptolemy.moml.MoMLSimpleApplication@6065a16b
----------------- Done invoking toplevel() on ptolemy.moml.MoMLSimpleApplication@6065a16b
reloadAllAccessors: .ClockDriftChange

===========================================================================================
----------------- testing Wed Oct 30 06:08:09 UTC 2019 /home/travis/build/icyphy/ptII/ptolemy/domains/de/test/auto/ComposableCausalityAnalysis.xml
----------------- Instantiating /home/travis/build/icyphy/ptII/ptolemy/domains/de/test/auto/ComposableCausalityAnalysis.xml
1 ms. Memory: 48128K Free: 16708K (35%)
----------------- Invoking toplevel() on ptolemy.moml.MoMLSimpleApplication@e4ea197
----------------- Done invoking toplevel() on ptolemy.moml.MoMLSimpleApplication@e4ea197
reloadAllAccessors: .ComposableCausalityAnalysis

===========================================================================================
----------------- testing Wed Oct 30 06:08:09 UTC 2019 /home/travis/build/icyphy/ptII/ptolemy/domains/de/test/auto/DEFixedPointLimitation.xml
----------------- Instantiating /home/travis/build/icyphy/ptII/ptolemy/domains/de/test/auto/DEFixedPointLimitation.xml
0 ms. Memory: 48128K Free: 12120K (25%)
----------------- Invoking toplevel() on ptolemy.moml.MoMLSimpleApplication@54620943
----------------- Done invoking toplevel() on ptolemy.moml.MoMLSimpleApplication@54620943
reloadAllAccessors: .DEFixedPointLimitation

===========================================================================================
----------------- testing Wed Oct 30 06:08:09 UTC 2019 /home/travis/build/icyphy/ptII/ptolemy/domains/de/test/auto/DEScheduleTest.xml
----------------- Instantiating /home/travis/build/icyphy/ptII/ptolemy/domains/de/test/auto/DEScheduleTest.xml
2 ms. Memory: 48128K Free: 7917K (16%)
----------------- Invoking toplevel() on ptolemy.moml.MoMLSimpleApplication@3d0c58e4
----------------- Done invoking toplevel() on ptolemy.moml.MoMLSimpleApplication@3d0c58e4
reloadAllAccessors: .DEScheduleTest

===========================================================================================
----------------- testing Wed Oct 30 06:08:09 UTC 2019 /home/travis/build/icyphy/ptII/ptolemy/domains/de/test/auto/DEinDEwithStartTimes.xml
----------------- Instantiating /home/travis/build/icyphy/ptII/ptolemy/domains/de/test/auto/DEinDEwithStartTimes.xml
2 ms. Memory: 48128K Free: 28888K (60%)
----------------- Invoking toplevel() on ptolemy.moml.MoMLSimpleApplication@492ed5ac
----------------- Done invoking toplevel() on ptolemy.moml.MoMLSimpleApplication@492ed5ac
reloadAllAccessors: .DEinDEwithStartTimes

===========================================================================================
----------------- testing Wed Oct 30 06:08:09 UTC 2019 /home/travis/build/icyphy/ptII/ptolemy/domains/de/test/auto/DEinDEwithStartTimes2.xml
----------------- Instantiating /home/travis/build/icyphy/ptII/ptolemy/domains/de/test/auto/DEinDEwithStartTimes2.xml
3 ms. Memory: 48128K Free: 22371K (46%)
----------------- Invoking toplevel() on ptolemy.moml.MoMLSimpleApplication@224f7d50
----------------- Done invoking toplevel() on ptolemy.moml.MoMLSimpleApplication@224f7d50
reloadAllAccessors: .DEinDEwithStartTimes2

===========================================================================================
----------------- testing Wed Oct 30 06:08:09 UTC 2019 /home/travis/build/icyphy/ptII/ptolemy/domains/de/test/auto/DateDemo.xml
----------------- Instantiating /home/travis/build/icyphy/ptII/ptolemy/domains/de/test/auto/DateDemo.xml
18 ms. Memory: 48128K Free: 11286K (23%)
----------------- Invoking toplevel() on ptolemy.moml.MoMLSimpleApplication@16fec435
----------------- Done invoking toplevel() on ptolemy.moml.MoMLSimpleApplication@16fec435
reloadAllAccessors: .DateDemo

===========================================================================================
----------------- testing Wed Oct 30 06:08:09 UTC 2019 /home/travis/build/icyphy/ptII/ptolemy/domains/de/test/auto/DateToEvent.xml
----------------- Instantiating /home/travis/build/icyphy/ptII/ptolemy/domains/de/test/auto/DateToEvent.xml
2008 ms. Memory: 48128K Free: 21680K (45%)
----------------- Invoking toplevel() on ptolemy.moml.MoMLSimpleApplication@14a4ce7b
----------------- Done invoking toplevel() on ptolemy.moml.MoMLSimpleApplication@14a4ce7b
reloadAllAccessors: .DateToEvent

===========================================================================================
----------------- testing Wed Oct 30 06:08:11 UTC 2019 /home/travis/build/icyphy/ptII/ptolemy/domains/de/test/auto/DepthTest1.xml
----------------- Instantiating /home/travis/build/icyphy/ptII/ptolemy/domains/de/test/auto/DepthTest1.xml
2 ms. Memory: 48128K Free: 18936K (39%)
----------------- Invoking toplevel() on ptolemy.moml.MoMLSimpleApplication@1cd73b92
----------------- Done invoking toplevel() on ptolemy.moml.MoMLSimpleApplication@1cd73b92
reloadAllAccessors: .DepthTest1

===========================================================================================
----------------- testing Wed Oct 30 06:08:11 UTC 2019 /home/travis/build/icyphy/ptII/ptolemy/domains/de/test/auto/DepthTest2.xml
----------------- Instantiating /home/travis/build/icyphy/ptII/ptolemy/domains/de/test/auto/DepthTest2.xml
3 ms. Memory: 48128K Free: 12581K (26%)
----------------- Invoking toplevel() on ptolemy.moml.MoMLSimpleApplication@4fc00676
----------------- Done invoking toplevel() on ptolemy.moml.MoMLSimpleApplication@4fc00676
reloadAllAccessors: .DepthTest2

===========================================================================================
----------------- testing Wed Oct 30 06:08:11 UTC 2019 /home/travis/build/icyphy/ptII/ptolemy/domains/de/test/auto/DepthTest3.xml
----------------- Instantiating /home/travis/build/icyphy/ptII/ptolemy/domains/de/test/auto/DepthTest3.xml
2 ms. Memory: 48128K Free: 9461K (20%)
----------------- Invoking toplevel() on ptolemy.moml.MoMLSimpleApplication@908bd53
----------------- Done invoking toplevel() on ptolemy.moml.MoMLSimpleApplication@908bd53
reloadAllAccessors: .DepthTest3

===========================================================================================
----------------- testing Wed Oct 30 06:08:11 UTC 2019 /home/travis/build/icyphy/ptII/ptolemy/domains/de/test/auto/DepthTest4.xml
----------------- Instantiating /home/travis/build/icyphy/ptII/ptolemy/domains/de/test/auto/DepthTest4.xml
2 ms. Memory: 48128K Free: 30599K (64%)
----------------- Invoking toplevel() on ptolemy.moml.MoMLSimpleApplication@319b45ec
----------------- Done invoking toplevel() on ptolemy.moml.MoMLSimpleApplication@319b45ec
reloadAllAccessors: .DepthTest4

===========================================================================================
----------------- testing Wed Oct 30 06:08:11 UTC 2019 /home/travis/build/icyphy/ptII/ptolemy/domains/de/test/auto/DepthTest5.xml
----------------- Instantiating /home/travis/build/icyphy/ptII/ptolemy/domains/de/test/auto/DepthTest5.xml
3 ms. Memory: 48128K Free: 25479K (53%)
----------------- Invoking toplevel() on ptolemy.moml.MoMLSimpleApplication@17df50e9
----------------- Done invoking toplevel() on ptolemy.moml.MoMLSimpleApplication@17df50e9
reloadAllAccessors: .DepthTest5

===========================================================================================
----------------- testing Wed Oct 30 06:08:11 UTC 2019 /home/travis/build/icyphy/ptII/ptolemy/domains/de/test/auto/DepthTest6.xml
----------------- Instantiating /home/travis/build/icyphy/ptII/ptolemy/domains/de/test/auto/DepthTest6.xml
2 ms. Memory: 48128K Free: 20187K (42%)
----------------- Invoking toplevel() on ptolemy.moml.MoMLSimpleApplication@3ab7bc72
----------------- Done invoking toplevel() on ptolemy.moml.MoMLSimpleApplication@3ab7bc72
reloadAllAccessors: .DepthTest6

===========================================================================================
----------------- testing Wed Oct 30 06:08:11 UTC 2019 /home/travis/build/icyphy/ptII/ptolemy/domains/de/test/auto/DepthTest7.xml
----------------- Instantiating /home/travis/build/icyphy/ptII/ptolemy/domains/de/test/auto/DepthTest7.xml
2 ms. Memory: 48128K Free: 15344K (32%)
----------------- Invoking toplevel() on ptolemy.moml.MoMLSimpleApplication@2bf9f00c
----------------- Done invoking toplevel() on ptolemy.moml.MoMLSimpleApplication@2bf9f00c
reloadAllAccessors: .DepthTest7

===========================================================================================
----------------- testing Wed Oct 30 06:08:11 UTC 2019 /home/travis/build/icyphy/ptII/ptolemy/domains/de/test/auto/EventToDate.xml
----------------- Instantiating /home/travis/build/icyphy/ptII/ptolemy/domains/de/test/auto/EventToDate.xml
3006 ms. Memory: 48128K Free: 27329K (57%)
----------------- Invoking toplevel() on ptolemy.moml.MoMLSimpleApplication@4d78b2c2
----------------- Done invoking toplevel() on ptolemy.moml.MoMLSimpleApplication@4d78b2c2
reloadAllAccessors: .EventToDate

===========================================================================================
----------------- testing Wed Oct 30 06:08:14 UTC 2019 /home/travis/build/icyphy/ptII/ptolemy/domains/de/test/auto/FSM1.xml
----------------- Instantiating /home/travis/build/icyphy/ptII/ptolemy/domains/de/test/auto/FSM1.xml
24 ms. Memory: 48128K Free: 15366K (32%)
----------------- Invoking toplevel() on ptolemy.moml.MoMLSimpleApplication@fcf330b
----------------- Done invoking toplevel() on ptolemy.moml.MoMLSimpleApplication@fcf330b
reloadAllAccessors: .FSM1

===========================================================================================
----------------- testing Wed Oct 30 06:08:14 UTC 2019 /home/travis/build/icyphy/ptII/ptolemy/domains/de/test/auto/FSM7.xml
----------------- Instantiating /home/travis/build/icyphy/ptII/ptolemy/domains/de/test/auto/FSM7.xml
10 ms. Memory: 48128K Free: 28760K (60%)
----------------- Invoking toplevel() on ptolemy.moml.MoMLSimpleApplication@28881ced
----------------- Done invoking toplevel() on ptolemy.moml.MoMLSimpleApplication@28881ced
reloadAllAccessors: .FSM7

===========================================================================================
----------------- testing Wed Oct 30 06:08:14 UTC 2019 /home/travis/build/icyphy/ptII/ptolemy/domains/de/test/auto/Inspection.xml
----------------- Instantiating /home/travis/build/icyphy/ptII/ptolemy/domains/de/test/auto/Inspection.xml
12 ms. Memory: 48128K Free: 16689K (35%)
----------------- Invoking toplevel() on ptolemy.moml.MoMLSimpleApplication@3b7195ec
----------------- Done invoking toplevel() on ptolemy.moml.MoMLSimpleApplication@3b7195ec
reloadAllAccessors: .Inspection

===========================================================================================
----------------- testing Wed Oct 30 06:08:14 UTC 2019 /home/travis/build/icyphy/ptII/ptolemy/domains/de/test/auto/Iteration.xml
----------------- Instantiating /home/travis/build/icyphy/ptII/ptolemy/domains/de/test/auto/Iteration.xml
5 ms. Memory: 48128K Free: 9670K (20%)
----------------- Invoking toplevel() on ptolemy.moml.MoMLSimpleApplication@5fefe256
----------------- Done invoking toplevel() on ptolemy.moml.MoMLSimpleApplication@5fefe256
reloadAllAccessors: .Iteration

===========================================================================================
----------------- testing Wed Oct 30 06:08:14 UTC 2019 /home/travis/build/icyphy/ptII/ptolemy/domains/de/test/auto/LineFault.xml
----------------- Instantiating /home/travis/build/icyphy/ptII/ptolemy/domains/de/test/auto/LineFault.xml
468 ms. Memory: 48128K Free: 21788K (45%)
----------------- Invoking toplevel() on ptolemy.moml.MoMLSimpleApplication@474325c6
----------------- Done invoking toplevel() on ptolemy.moml.MoMLSimpleApplication@474325c6
reloadAllAccessors: .LineFault

===========================================================================================
----------------- testing Wed Oct 30 06:08:15 UTC 2019 /home/travis/build/icyphy/ptII/ptolemy/domains/de/test/auto/MergeModel1Add.xml
----------------- Instantiating /home/travis/build/icyphy/ptII/ptolemy/domains/de/test/auto/MergeModel1Add.xml
8 ms. Memory: 58368K Free: 35300K (60%)
----------------- Invoking toplevel() on ptolemy.moml.MoMLSimpleApplication@7532ecdb
----------------- Done invoking toplevel() on ptolemy.moml.MoMLSimpleApplication@7532ecdb
reloadAllAccessors: .MergeModel1Add

===========================================================================================
----------------- testing Wed Oct 30 06:08:15 UTC 2019 /home/travis/build/icyphy/ptII/ptolemy/domains/de/test/auto/MergeModel2Add.xml
----------------- Instantiating /home/travis/build/icyphy/ptII/ptolemy/domains/de/test/auto/MergeModel2Add.xml
7 ms. Memory: 58368K Free: 17380K (30%)
----------------- Invoking toplevel() on ptolemy.moml.MoMLSimpleApplication@6144d6d3
----------------- Done invoking toplevel() on ptolemy.moml.MoMLSimpleApplication@6144d6d3
reloadAllAccessors: .MergeModel2Add

===========================================================================================
----------------- testing Wed Oct 30 06:08:15 UTC 2019 /home/travis/build/icyphy/ptII/ptolemy/domains/de/test/auto/MergeModel3Add.xml
----------------- Instantiating /home/travis/build/icyphy/ptII/ptolemy/domains/de/test/auto/MergeModel3Add.xml
8 ms. Memory: 58368K Free: 25251K (43%)
----------------- Invoking toplevel() on ptolemy.moml.MoMLSimpleApplication@64b03596
----------------- Done invoking toplevel() on ptolemy.moml.MoMLSimpleApplication@64b03596
reloadAllAccessors: .MergeModel3Add

===========================================================================================
----------------- testing Wed Oct 30 06:08:15 UTC 2019 /home/travis/build/icyphy/ptII/ptolemy/domains/de/test/auto/MergeWithoutDiscard.xml
----------------- Instantiating /home/travis/build/icyphy/ptII/ptolemy/domains/de/test/auto/MergeWithoutDiscard.xml
1 ms. Memory: 58368K Free: 21109K (36%)
----------------- Invoking toplevel() on ptolemy.moml.MoMLSimpleApplication@70218427
----------------- Done invoking toplevel() on ptolemy.moml.MoMLSimpleApplication@70218427
reloadAllAccessors: .MergeWithoutDiscard

===========================================================================================
----------------- testing Wed Oct 30 06:08:15 UTC 2019 /home/travis/build/icyphy/ptII/ptolemy/domains/de/test/auto/Modal1.xml
----------------- Instantiating /home/travis/build/icyphy/ptII/ptolemy/domains/de/test/auto/Modal1.xml
14 ms. Memory: 58368K Free: 35496K (61%)
----------------- Invoking toplevel() on ptolemy.moml.MoMLSimpleApplication@37766ded
----------------- Done invoking toplevel() on ptolemy.moml.MoMLSimpleApplication@37766ded
reloadAllAccessors: .Modal1

===========================================================================================
----------------- testing Wed Oct 30 06:08:15 UTC 2019 /home/travis/build/icyphy/ptII/ptolemy/domains/de/test/auto/Modal2.xml
----------------- Instantiating /home/travis/build/icyphy/ptII/ptolemy/domains/de/test/auto/Modal2.xml
10 ms. Memory: 58368K Free: 23476K (40%)
----------------- Invoking toplevel() on ptolemy.moml.MoMLSimpleApplication@2250af58
----------------- Done invoking toplevel() on ptolemy.moml.MoMLSimpleApplication@2250af58
reloadAllAccessors: .Modal2

===========================================================================================
----------------- testing Wed Oct 30 06:08:15 UTC 2019 /home/travis/build/icyphy/ptII/ptolemy/domains/de/test/auto/Modal3.xml
----------------- Instantiating /home/travis/build/icyphy/ptII/ptolemy/domains/de/test/auto/Modal3.xml
11 ms. Memory: 58368K Free: 37960K (65%)
----------------- Invoking toplevel() on ptolemy.moml.MoMLSimpleApplication@15a48ead
----------------- Done invoking toplevel() on ptolemy.moml.MoMLSimpleApplication@15a48ead
reloadAllAccessors: .Modal3

===========================================================================================
----------------- testing Wed Oct 30 06:08:15 UTC 2019 /home/travis/build/icyphy/ptII/ptolemy/domains/de/test/auto/Modal4.xml
----------------- Instantiating /home/travis/build/icyphy/ptII/ptolemy/domains/de/test/auto/Modal4.xml
12 ms. Memory: 58368K Free: 24926K (43%)
----------------- Invoking toplevel() on ptolemy.moml.MoMLSimpleApplication@6d41f732
----------------- Done invoking toplevel() on ptolemy.moml.MoMLSimpleApplication@6d41f732
reloadAllAccessors: .Modal4

===========================================================================================
----------------- testing Wed Oct 30 06:08:15 UTC 2019 /home/travis/build/icyphy/ptII/ptolemy/domains/de/test/auto/Modal5.xml
----------------- Instantiating /home/travis/build/icyphy/ptII/ptolemy/domains/de/test/auto/Modal5.xml
17 ms. Memory: 58368K Free: 39509K (68%)
----------------- Invoking toplevel() on ptolemy.moml.MoMLSimpleApplication@5ee988a4
----------------- Done invoking toplevel() on ptolemy.moml.MoMLSimpleApplication@5ee988a4
reloadAllAccessors: .Modal5

===========================================================================================
----------------- testing Wed Oct 30 06:08:15 UTC 2019 /home/travis/build/icyphy/ptII/ptolemy/domains/de/test/auto/Modal6.xml
----------------- Instantiating /home/travis/build/icyphy/ptII/ptolemy/domains/de/test/auto/Modal6.xml
13 ms. Memory: 58368K Free: 26973K (46%)
----------------- Invoking toplevel() on ptolemy.moml.MoMLSimpleApplication@50bfa6b
----------------- Done invoking toplevel() on ptolemy.moml.MoMLSimpleApplication@50bfa6b
reloadAllAccessors: .Modal6

===========================================================================================
----------------- testing Wed Oct 30 06:08:15 UTC 2019 /home/travis/build/icyphy/ptII/ptolemy/domains/de/test/auto/Modal7.xml
----------------- Instantiating /home/travis/build/icyphy/ptII/ptolemy/domains/de/test/auto/Modal7.xml
16 ms. Memory: 58368K Free: 41555K (71%)
----------------- Invoking toplevel() on ptolemy.moml.MoMLSimpleApplication@666bfdbe
----------------- Done invoking toplevel() on ptolemy.moml.MoMLSimpleApplication@666bfdbe
reloadAllAccessors: .Modal7

===========================================================================================
----------------- testing Wed Oct 30 06:08:15 UTC 2019 /home/travis/build/icyphy/ptII/ptolemy/domains/de/test/auto/ModalModel.xml
----------------- Instantiating /home/travis/build/icyphy/ptII/ptolemy/domains/de/test/auto/ModalModel.xml
157 ms. Memory: 74752K Free: 45474K (61%)
----------------- Invoking toplevel() on ptolemy.moml.MoMLSimpleApplication@161226c
----------------- Done invoking toplevel() on ptolemy.moml.MoMLSimpleApplication@161226c
reloadAllAccessors: .ModalModel

===========================================================================================
----------------- testing Wed Oct 30 06:08:15 UTC 2019 /home/travis/build/icyphy/ptII/ptolemy/domains/de/test/auto/ModalSource.xml
----------------- Instantiating /home/travis/build/icyphy/ptII/ptolemy/domains/de/test/auto/ModalSource.xml
6 ms. Memory: 74752K Free: 36902K (49%)
----------------- Invoking toplevel() on ptolemy.moml.MoMLSimpleApplication@78cc6125
----------------- Done invoking toplevel() on ptolemy.moml.MoMLSimpleApplication@78cc6125
reloadAllAccessors: .ModalSource

===========================================================================================
----------------- testing Wed Oct 30 06:08:15 UTC 2019 /home/travis/build/icyphy/ptII/ptolemy/domains/de/test/auto/NonInterruptibleTimerZeroDelay.xml
----------------- Instantiating /home/travis/build/icyphy/ptII/ptolemy/domains/de/test/auto/NonInterruptibleTimerZeroDelay.xml
2 ms. Memory: 74752K Free: 32836K (44%)
----------------- Invoking toplevel() on ptolemy.moml.MoMLSimpleApplication@40e4dfde
----------------- Done invoking toplevel() on ptolemy.moml.MoMLSimpleApplication@40e4dfde
reloadAllAccessors: .NonInterruptibleTimerZeroDelay

===========================================================================================
----------------- testing Wed Oct 30 06:08:15 UTC 2019 /home/travis/build/icyphy/ptII/ptolemy/domains/de/test/auto/OpenQueueingNetwork.xml
----------------- Instantiating /home/travis/build/icyphy/ptII/ptolemy/domains/de/test/auto/OpenQueueingNetwork.xml
2574 ms. Memory: 214016K Free: 195296K (91%)
----------------- Invoking toplevel() on ptolemy.moml.MoMLSimpleApplication@5f22fcdc
----------------- Done invoking toplevel() on ptolemy.moml.MoMLSimpleApplication@5f22fcdc
reloadAllAccessors: .OpenQueueingNetwork

===========================================================================================
----------------- testing Wed Oct 30 06:08:18 UTC 2019 /home/travis/build/icyphy/ptII/ptolemy/domains/de/test/auto/OpenQueuingNetwork.xml
----------------- Instantiating /home/travis/build/icyphy/ptII/ptolemy/domains/de/test/auto/OpenQueuingNetwork.xml
248 ms. Memory: 214016K Free: 117982K (55%)
----------------- Invoking toplevel() on ptolemy.moml.MoMLSimpleApplication@58867710
----------------- Done invoking toplevel() on ptolemy.moml.MoMLSimpleApplication@58867710
reloadAllAccessors: .OpenQueuingNetwork

===========================================================================================
----------------- testing Wed Oct 30 06:08:18 UTC 2019 /home/travis/build/icyphy/ptII/ptolemy/domains/de/test/auto/PeriodicSampler.xml
----------------- Instantiating /home/travis/build/icyphy/ptII/ptolemy/domains/de/test/auto/PeriodicSampler.xml
2 ms. Memory: 214016K Free: 113886K (53%)
----------------- Invoking toplevel() on ptolemy.moml.MoMLSimpleApplication@1b8d1c5f
----------------- Done invoking toplevel() on ptolemy.moml.MoMLSimpleApplication@1b8d1c5f
reloadAllAccessors: .PeriodicSampler

===========================================================================================
----------------- testing Wed Oct 30 06:08:18 UTC 2019 /home/travis/build/icyphy/ptII/ptolemy/domains/de/test/auto/PersistentIO.xml
----------------- Instantiating /home/travis/build/icyphy/ptII/ptolemy/domains/de/test/auto/PersistentIO.xml
7 ms. Memory: 214016K Free: 104160K (49%)
----------------- Invoking toplevel() on ptolemy.moml.MoMLSimpleApplication@177e7572
----------------- Done invoking toplevel() on ptolemy.moml.MoMLSimpleApplication@177e7572
reloadAllAccessors: .PersistentIO

===========================================================================================
----------------- testing Wed Oct 30 06:08:18 UTC 2019 /home/travis/build/icyphy/ptII/ptolemy/domains/de/test/auto/PortParameterResetOnInitialize.xml
----------------- Instantiating /home/travis/build/icyphy/ptII/ptolemy/domains/de/test/auto/PortParameterResetOnInitialize.xml
4 ms. Memory: 214016K Free: 99544K (47%)
----------------- Invoking toplevel() on ptolemy.moml.MoMLSimpleApplication@59f24f2b
----------------- Done invoking toplevel() on ptolemy.moml.MoMLSimpleApplication@59f24f2b
reloadAllAccessors: .PortParameterResetOnInitialize

===========================================================================================
----------------- testing Wed Oct 30 06:08:18 UTC 2019 /home/travis/build/icyphy/ptII/ptolemy/domains/de/test/auto/PortParameterUpdates.xml
----------------- Instantiating /home/travis/build/icyphy/ptII/ptolemy/domains/de/test/auto/PortParameterUpdates.xml
6 ms. Memory: 214016K Free: 92896K (43%)
----------------- Invoking toplevel() on ptolemy.moml.MoMLSimpleApplication@2bce9595
----------------- Done invoking toplevel() on ptolemy.moml.MoMLSimpleApplication@2bce9595
reloadAllAccessors: .PortParameterUpdates

===========================================================================================
----------------- testing Wed Oct 30 06:08:18 UTC 2019 /home/travis/build/icyphy/ptII/ptolemy/domains/de/test/auto/QueueAndServer.xml
----------------- Instantiating /home/travis/build/icyphy/ptII/ptolemy/domains/de/test/auto/QueueAndServer.xml
5 ms. Memory: 214016K Free: 85214K (40%)
----------------- Invoking toplevel() on ptolemy.moml.MoMLSimpleApplication@5be484cf
----------------- Done invoking toplevel() on ptolemy.moml.MoMLSimpleApplication@5be484cf
reloadAllAccessors: .QueueAndServer

===========================================================================================
----------------- testing Wed Oct 30 06:08:19 UTC 2019 /home/travis/build/icyphy/ptII/ptolemy/domains/de/test/auto/Records.xml
----------------- Instantiating /home/travis/build/icyphy/ptII/ptolemy/domains/de/test/auto/Records.xml
4 ms. Memory: 214016K Free: 193018K (90%)
----------------- Invoking toplevel() on ptolemy.moml.MoMLSimpleApplication@6ec76e09
----------------- Done invoking toplevel() on ptolemy.moml.MoMLSimpleApplication@6ec76e09
reloadAllAccessors: .Records

===========================================================================================
----------------- testing Wed Oct 30 06:08:19 UTC 2019 /home/travis/build/icyphy/ptII/ptolemy/domains/de/test/auto/ResetTransitionWithStartTime1.xml
----------------- Instantiating /home/travis/build/icyphy/ptII/ptolemy/domains/de/test/auto/ResetTransitionWithStartTime1.xml
4 ms. Memory: 214016K Free: 184826K (86%)
----------------- Invoking toplevel() on ptolemy.moml.MoMLSimpleApplication@53632163
----------------- Done invoking toplevel() on ptolemy.moml.MoMLSimpleApplication@53632163
reloadAllAccessors: .ResetTransitionWithStartTime1

===========================================================================================
----------------- testing Wed Oct 30 06:08:19 UTC 2019 /home/travis/build/icyphy/ptII/ptolemy/domains/de/test/auto/ResetTransitionWithStartTime2.xml
----------------- Instantiating /home/travis/build/icyphy/ptII/ptolemy/domains/de/test/auto/ResetTransitionWithStartTime2.xml
8 ms. Memory: 214016K Free: 176634K (83%)
----------------- Invoking toplevel() on ptolemy.moml.MoMLSimpleApplication@257a7fda
----------------- Done invoking toplevel() on ptolemy.moml.MoMLSimpleApplication@257a7fda
reloadAllAccessors: .ResetTransitionWithStartTime2

===========================================================================================
----------------- testing Wed Oct 30 06:08:19 UTC 2019 /home/travis/build/icyphy/ptII/ptolemy/domains/de/test/auto/ResetTransitionWithStartTime3.xml
----------------- Instantiating /home/travis/build/icyphy/ptII/ptolemy/domains/de/test/auto/ResetTransitionWithStartTime3.xml
6 ms. Memory: 214016K Free: 168426K (79%)
----------------- Invoking toplevel() on ptolemy.moml.MoMLSimpleApplication@4b726a5d
----------------- Done invoking toplevel() on ptolemy.moml.MoMLSimpleApplication@4b726a5d
reloadAllAccessors: .ResetTransitionWithStartTime3

===========================================================================================
----------------- testing Wed Oct 30 06:08:19 UTC 2019 /home/travis/build/icyphy/ptII/ptolemy/domains/de/test/auto/ResetTransitionWithStartTime4.xml
----------------- Instantiating /home/travis/build/icyphy/ptII/ptolemy/domains/de/test/auto/ResetTransitionWithStartTime4.xml
4 ms. Memory: 214016K Free: 160778K (75%)
----------------- Invoking toplevel() on ptolemy.moml.MoMLSimpleApplication@1fa160eb
----------------- Done invoking toplevel() on ptolemy.moml.MoMLSimpleApplication@1fa160eb
reloadAllAccessors: .ResetTransitionWithStartTime4

===========================================================================================
----------------- testing Wed Oct 30 06:08:19 UTC 2019 /home/travis/build/icyphy/ptII/ptolemy/domains/de/test/auto/ResettableTimer1.xml
----------------- Instantiating /home/travis/build/icyphy/ptII/ptolemy/domains/de/test/auto/ResettableTimer1.xml
3 ms. Memory: 214016K Free: 156682K (73%)
----------------- Invoking toplevel() on ptolemy.moml.MoMLSimpleApplication@2d50196a
----------------- Done invoking toplevel() on ptolemy.moml.MoMLSimpleApplication@2d50196a
reloadAllAccessors: .ResettableTimer1

===========================================================================================
----------------- testing Wed Oct 30 06:08:19 UTC 2019 /home/travis/build/icyphy/ptII/ptolemy/domains/de/test/auto/ResettableTimer2.xml
----------------- Instantiating /home/travis/build/icyphy/ptII/ptolemy/domains/de/test/auto/ResettableTimer2.xml
2 ms. Memory: 214016K Free: 152586K (71%)
----------------- Invoking toplevel() on ptolemy.moml.MoMLSimpleApplication@3f028229
----------------- Done invoking toplevel() on ptolemy.moml.MoMLSimpleApplication@3f028229
reloadAllAccessors: .ResettableTimer2

===========================================================================================
----------------- testing Wed Oct 30 06:08:19 UTC 2019 /home/travis/build/icyphy/ptII/ptolemy/domains/de/test/auto/ResettableTimer3.xml
----------------- Instantiating /home/travis/build/icyphy/ptII/ptolemy/domains/de/test/auto/ResettableTimer3.xml
1 ms. Memory: 214016K Free: 148490K (69%)
----------------- Invoking toplevel() on ptolemy.moml.MoMLSimpleApplication@25931e8d
----------------- Done invoking toplevel() on ptolemy.moml.MoMLSimpleApplication@25931e8d
reloadAllAccessors: .ResettableTimer3

===========================================================================================
----------------- testing Wed Oct 30 06:08:19 UTC 2019 /home/travis/build/icyphy/ptII/ptolemy/domains/de/test/auto/ResettableTimer4.xml
----------------- Instantiating /home/travis/build/icyphy/ptII/ptolemy/domains/de/test/auto/ResettableTimer4.xml
2 ms. Memory: 214016K Free: 144394K (67%)
----------------- Invoking toplevel() on ptolemy.moml.MoMLSimpleApplication@53d00f51
----------------- Done invoking toplevel() on ptolemy.moml.MoMLSimpleApplication@53d00f51
reloadAllAccessors: .ResettableTimer4

===========================================================================================
----------------- testing Wed Oct 30 06:08:19 UTC 2019 /home/travis/build/icyphy/ptII/ptolemy/domains/de/test/auto/ResettableTimer5.xml
----------------- Instantiating /home/travis/build/icyphy/ptII/ptolemy/domains/de/test/auto/ResettableTimer5.xml
4 ms. Memory: 214016K Free: 140298K (66%)
----------------- Invoking toplevel() on ptolemy.moml.MoMLSimpleApplication@479a2c67
----------------- Done invoking toplevel() on ptolemy.moml.MoMLSimpleApplication@479a2c67
reloadAllAccessors: .ResettableTimer5

===========================================================================================
----------------- testing Wed Oct 30 06:08:19 UTC 2019 /home/travis/build/icyphy/ptII/ptolemy/domains/de/test/auto/ResettableTimer6.xml
----------------- Instantiating /home/travis/build/icyphy/ptII/ptolemy/domains/de/test/auto/ResettableTimer6.xml
9 ms. Memory: 214016K Free: 135686K (63%)
----------------- Invoking toplevel() on ptolemy.moml.MoMLSimpleApplication@40b8a365
----------------- Done invoking toplevel() on ptolemy.moml.MoMLSimpleApplication@40b8a365
reloadAllAccessors: .ResettableTimer6

===========================================================================================
----------------- testing Wed Oct 30 06:08:19 UTC 2019 /home/travis/build/icyphy/ptII/ptolemy/domains/de/test/auto/ServerZeroDelay.xml
----------------- Instantiating /home/travis/build/icyphy/ptII/ptolemy/domains/de/test/auto/ServerZeroDelay.xml
7 ms. Memory: 214016K Free: 131562K (61%)
----------------- Invoking toplevel() on ptolemy.moml.MoMLSimpleApplication@75bd2891
----------------- Done invoking toplevel() on ptolemy.moml.MoMLSimpleApplication@75bd2891
reloadAllAccessors: .ServerZeroDelay

===========================================================================================
----------------- testing Wed Oct 30 06:08:19 UTC 2019 /home/travis/build/icyphy/ptII/ptolemy/domains/de/test/auto/SmartSender.xml
----------------- Instantiating /home/travis/build/icyphy/ptII/ptolemy/domains/de/test/auto/SmartSender.xml
3002 ms. Memory: 214016K Free: 127496K (60%)
----------------- Invoking toplevel() on ptolemy.moml.MoMLSimpleApplication@167d977b
----------------- Done invoking toplevel() on ptolemy.moml.MoMLSimpleApplication@167d977b
reloadAllAccessors: .SmartSender

===========================================================================================
----------------- testing Wed Oct 30 06:08:22 UTC 2019 /home/travis/build/icyphy/ptII/ptolemy/domains/de/test/auto/ThreadedComposite.xml
----------------- Instantiating /home/travis/build/icyphy/ptII/ptolemy/domains/de/test/auto/ThreadedComposite.xml
178 ms. Memory: 214016K Free: 104458K (49%)
----------------- Invoking toplevel() on ptolemy.moml.MoMLSimpleApplication@6745b5c8
----------------- Done invoking toplevel() on ptolemy.moml.MoMLSimpleApplication@6745b5c8
reloadAllAccessors: .ThreadedComposite

===========================================================================================
----------------- testing Wed Oct 30 06:08:22 UTC 2019 /home/travis/build/icyphy/ptII/ptolemy/domains/de/test/auto/Time.xml
----------------- Instantiating /home/travis/build/icyphy/ptII/ptolemy/domains/de/test/auto/Time.xml
484 ms. Memory: 214016K Free: 170568K (80%)
----------------- Invoking toplevel() on ptolemy.moml.MoMLSimpleApplication@1abc5369
----------------- Done invoking toplevel() on ptolemy.moml.MoMLSimpleApplication@1abc5369
reloadAllAccessors: .Time

===========================================================================================
----------------- testing Wed Oct 30 06:08:23 UTC 2019 /home/travis/build/icyphy/ptII/ptolemy/domains/de/test/auto/TimeDelayZeroDelay.xml
----------------- Instantiating /home/travis/build/icyphy/ptII/ptolemy/domains/de/test/auto/TimeDelayZeroDelay.xml
2 ms. Memory: 214016K Free: 165935K (78%)
----------------- Invoking toplevel() on ptolemy.moml.MoMLSimpleApplication@2ee34583
----------------- Done invoking toplevel() on ptolemy.moml.MoMLSimpleApplication@2ee34583
reloadAllAccessors: .TimeDelayZeroDelay

===========================================================================================
----------------- testing Wed Oct 30 06:08:23 UTC 2019 /home/travis/build/icyphy/ptII/ptolemy/domains/de/test/auto/TimerZeroDelay.xml
----------------- Instantiating /home/travis/build/icyphy/ptII/ptolemy/domains/de/test/auto/TimerZeroDelay.xml
2 ms. Memory: 214016K Free: 161839K (76%)
----------------- Invoking toplevel() on ptolemy.moml.MoMLSimpleApplication@392dacd3
----------------- Done invoking toplevel() on ptolemy.moml.MoMLSimpleApplication@392dacd3
reloadAllAccessors: .TimerZeroDelay

===========================================================================================
----------------- testing Wed Oct 30 06:08:23 UTC 2019 /home/travis/build/icyphy/ptII/ptolemy/domains/de/test/auto/TimingParadox.xml
----------------- Instantiating /home/travis/build/icyphy/ptII/ptolemy/domains/de/test/auto/TimingParadox.xml
303 ms. Memory: 214016K Free: 95279K (45%)
----------------- Invoking toplevel() on ptolemy.moml.MoMLSimpleApplication@1cc8e91f
----------------- Done invoking toplevel() on ptolemy.moml.MoMLSimpleApplication@1cc8e91f
reloadAllAccessors: .TimingParadox

===========================================================================================
----------------- testing Wed Oct 30 06:08:23 UTC 2019 /home/travis/build/icyphy/ptII/ptolemy/domains/de/test/auto/TransferInputs.xml
----------------- Instantiating /home/travis/build/icyphy/ptII/ptolemy/domains/de/test/auto/TransferInputs.xml
2 ms. Memory: 214016K Free: 90639K (42%)
----------------- Invoking toplevel() on ptolemy.moml.MoMLSimpleApplication@336726bc
----------------- Done invoking toplevel() on ptolemy.moml.MoMLSimpleApplication@336726bc
reloadAllAccessors: .TransferInputs

===========================================================================================
----------------- testing Wed Oct 30 06:08:23 UTC 2019 /home/travis/build/icyphy/ptII/ptolemy/domains/de/test/auto/TransferOutputs2.xml
----------------- Instantiating /home/travis/build/icyphy/ptII/ptolemy/domains/de/test/auto/TransferOutputs2.xml
3 ms. Memory: 214016K Free: 82477K (39%)
----------------- Invoking toplevel() on ptolemy.moml.MoMLSimpleApplication@7b41e5f3
----------------- Done invoking toplevel() on ptolemy.moml.MoMLSimpleApplication@7b41e5f3
reloadAllAccessors: .TransferOutputs2

===========================================================================================
----------------- testing Wed Oct 30 06:08:23 UTC 2019 /home/travis/build/icyphy/ptII/ptolemy/domains/de/test/auto/Trilateration.xml
----------------- Instantiating /home/travis/build/icyphy/ptII/ptolemy/domains/de/test/auto/Trilateration.xml
13401 ms. Memory: 409600K Free: 249123K (61%)
----------------- Invoking toplevel() on ptolemy.moml.MoMLSimpleApplication@691984cb
----------------- Done invoking toplevel() on ptolemy.moml.MoMLSimpleApplication@691984cb
reloadAllAccessors: .Trilateration

===========================================================================================
----------------- testing Wed Oct 30 06:08:37 UTC 2019 /home/travis/build/icyphy/ptII/ptolemy/domains/de/test/auto/TwoSigmaDelta.xml
----------------- Instantiating /home/travis/build/icyphy/ptII/ptolemy/domains/de/test/auto/TwoSigmaDelta.xml
2103 ms. Memory: 409600K Free: 287535K (70%)
----------------- Invoking toplevel() on ptolemy.moml.MoMLSimpleApplication@15af699e
----------------- Done invoking toplevel() on ptolemy.moml.MoMLSimpleApplication@15af699e
reloadAllAccessors: .TwoSigmaDelta

===========================================================================================
----------------- testing Wed Oct 30 06:08:39 UTC 2019 /home/travis/build/icyphy/ptII/ptolemy/domains/de/test/auto/VariableDelay.xml
----------------- Instantiating /home/travis/build/icyphy/ptII/ptolemy/domains/de/test/auto/VariableDelay.xml
2 ms. Memory: 409600K Free: 282415K (69%)
----------------- Invoking toplevel() on ptolemy.moml.MoMLSimpleApplication@1246f2ed
----------------- Done invoking toplevel() on ptolemy.moml.MoMLSimpleApplication@1246f2ed
reloadAllAccessors: .VariableDelay

===========================================================================================
----------------- testing Wed Oct 30 06:08:39 UTC 2019 /home/travis/build/icyphy/ptII/ptolemy/domains/de/test/auto/VariableDelay2.xml
----------------- Instantiating /home/travis/build/icyphy/ptII/ptolemy/domains/de/test/auto/VariableDelay2.xml
2 ms. Memory: 409600K Free: 277791K (68%)
----------------- Invoking toplevel() on ptolemy.moml.MoMLSimpleApplication@5892a909
----------------- Done invoking toplevel() on ptolemy.moml.MoMLSimpleApplication@5892a909
reloadAllAccessors: .VariableDelay2

===========================================================================================
----------------- testing Wed Oct 30 06:08:39 UTC 2019 /home/travis/build/icyphy/ptII/ptolemy/domains/de/test/auto/VariableDelayZeroDelay.xml
----------------- Instantiating /home/travis/build/icyphy/ptII/ptolemy/domains/de/test/auto/VariableDelayZeroDelay.xml
4 ms. Memory: 409600K Free: 273709K (67%)
----------------- Invoking toplevel() on ptolemy.moml.MoMLSimpleApplication@3074ae29
----------------- Done invoking toplevel() on ptolemy.moml.MoMLSimpleApplication@3074ae29
reloadAllAccessors: .VariableDelayZeroDelay

===========================================================================================
----------------- testing Wed Oct 30 06:08:39 UTC 2019 /home/travis/build/icyphy/ptII/ptolemy/domains/de/test/auto/VariableDelayZeroDelay2.xml
----------------- Instantiating /home/travis/build/icyphy/ptII/ptolemy/domains/de/test/auto/VariableDelayZeroDelay2.xml
1 ms. Memory: 409600K Free: 269613K (66%)
----------------- Invoking toplevel() on ptolemy.moml.MoMLSimpleApplication@11e85b10
----------------- Done invoking toplevel() on ptolemy.moml.MoMLSimpleApplication@11e85b10
reloadAllAccessors: .VariableDelayZeroDelay2

===========================================================================================
----------------- testing Wed Oct 30 06:08:39 UTC 2019 /home/travis/build/icyphy/ptII/ptolemy/domains/de/test/auto/deInCt.xml
----------------- Instantiating /home/travis/build/icyphy/ptII/ptolemy/domains/de/test/auto/deInCt.xml
0
1
1
1
1
1
1
1
0
0
0
0
0
1
1
1
0
0
0
0
0
1
1
1
8 ms. Memory: 409600K Free: 264493K (65%)
----------------- Invoking toplevel() on ptolemy.moml.MoMLSimpleApplication@aecca27
----------------- Done invoking toplevel() on ptolemy.moml.MoMLSimpleApplication@aecca27
reloadAllAccessors: .deInCt

===========================================================================================
----------------- testing Wed Oct 30 06:08:39 UTC 2019 /home/travis/build/icyphy/ptII/ptolemy/domains/de/test/auto/deInCt2.xml
----------------- Instantiating /home/travis/build/icyphy/ptII/ptolemy/domains/de/test/auto/deInCt2.xml
0
1
1
1
0
0
1
1
1
0
0
1
1
1
0
0
1
1
1
0
0
1
1
1
0
0
1
1
1
0
0
1
1
1
0
0
1
1
1
0
0
0
5 ms. Memory: 409600K Free: 259367K (63%)
----------------- Invoking toplevel() on ptolemy.moml.MoMLSimpleApplication@62c36a27
----------------- Done invoking toplevel() on ptolemy.moml.MoMLSimpleApplication@62c36a27
reloadAllAccessors: .deInCt2

===========================================================================================
----------------- testing Wed Oct 30 06:08:39 UTC 2019 /home/travis/build/icyphy/ptII/ptolemy/domains/de/test/auto/dynamicCausalityInterface1.xml
----------------- Instantiating /home/travis/build/icyphy/ptII/ptolemy/domains/de/test/auto/dynamicCausalityInterface1.xml
1 ms. Memory: 409600K Free: 250157K (61%)
----------------- Invoking toplevel() on ptolemy.moml.MoMLSimpleApplication@221e3b4c
----------------- Done invoking toplevel() on ptolemy.moml.MoMLSimpleApplication@221e3b4c
reloadAllAccessors: .dynamicCausalityInterface1

===========================================================================================
----------------- testing Wed Oct 30 06:08:39 UTC 2019 /home/travis/build/icyphy/ptII/ptolemy/domains/de/test/auto/fsm_de_test.xml
----------------- Instantiating /home/travis/build/icyphy/ptII/ptolemy/domains/de/test/auto/fsm_de_test.xml
4 ms. Memory: 409600K Free: 240911K (59%)
----------------- Invoking toplevel() on ptolemy.moml.MoMLSimpleApplication@790a9310
----------------- Done invoking toplevel() on ptolemy.moml.MoMLSimpleApplication@790a9310
reloadAllAccessors: .fsm_de_test

===========================================================================================
----------------- testing Wed Oct 30 06:08:39 UTC 2019 /home/travis/build/icyphy/ptII/ptolemy/domains/de/test/auto/functionDependencyReconstruction.xml
----------------- Instantiating /home/travis/build/icyphy/ptII/ptolemy/domains/de/test/auto/functionDependencyReconstruction.xml
3 ms. Memory: 409600K Free: 226095K (55%)
----------------- Invoking toplevel() on ptolemy.moml.MoMLSimpleApplication@13913945
----------------- Done invoking toplevel() on ptolemy.moml.MoMLSimpleApplication@13913945
reloadAllAccessors: .functionDependencyReconstruction

===========================================================================================
----------------- testing Wed Oct 30 06:08:40 UTC 2019 /home/travis/build/icyphy/ptII/ptolemy/domains/de/test/auto/multirate.xml
----------------- Instantiating /home/travis/build/icyphy/ptII/ptolemy/domains/de/test/auto/multirate.xml
2 ms. Memory: 409600K Free: 219423K (54%)
----------------- Invoking toplevel() on ptolemy.moml.MoMLSimpleApplication@df629e5
----------------- Done invoking toplevel() on ptolemy.moml.MoMLSimpleApplication@df629e5
reloadAllAccessors: .multirate

===========================================================================================
----------------- testing Wed Oct 30 06:08:40 UTC 2019 /home/travis/build/icyphy/ptII/ptolemy/domains/de/test/auto/multirate2.xml
----------------- Instantiating /home/travis/build/icyphy/ptII/ptolemy/domains/de/test/auto/multirate2.xml
2 ms. Memory: 409600K Free: 212783K (52%)
----------------- Invoking toplevel() on ptolemy.moml.MoMLSimpleApplication@73954c55
----------------- Done invoking toplevel() on ptolemy.moml.MoMLSimpleApplication@73954c55
reloadAllAccessors: .multirate2

===========================================================================================
----------------- testing Wed Oct 30 06:08:40 UTC 2019 /home/travis/build/icyphy/ptII/ptolemy/domains/de/test/auto/realtime.xml
----------------- Instantiating /home/travis/build/icyphy/ptII/ptolemy/domains/de/test/auto/realtime.xml
10003 ms. Memory: 409600K Free: 208173K (51%)
----------------- Invoking toplevel() on ptolemy.moml.MoMLSimpleApplication@41ee6931
----------------- Done invoking toplevel() on ptolemy.moml.MoMLSimpleApplication@41ee6931
reloadAllAccessors: .realtime

===========================================================================================
----------------- testing Wed Oct 30 06:08:50 UTC 2019 /home/travis/build/icyphy/ptII/ptolemy/domains/de/test/auto/relationGroup.xml
----------------- Instantiating /home/travis/build/icyphy/ptII/ptolemy/domains/de/test/auto/relationGroup.xml
2 ms. Memory: 409600K Free: 204591K (50%)
----------------- Invoking toplevel() on ptolemy.moml.MoMLSimpleApplication@6b400de2
----------------- Done invoking toplevel() on ptolemy.moml.MoMLSimpleApplication@6b400de2
reloadAllAccessors: .relationGroup

===========================================================================================
----------------- testing Wed Oct 30 06:08:50 UTC 2019 /home/travis/build/icyphy/ptII/ptolemy/domains/de/test/auto/relationGroup2.xml
----------------- Instantiating /home/travis/build/icyphy/ptII/ptolemy/domains/de/test/auto/relationGroup2.xml
3 ms. Memory: 409600K Free: 201005K (49%)
----------------- Invoking toplevel() on ptolemy.moml.MoMLSimpleApplication@7bd42cfc
----------------- Done invoking toplevel() on ptolemy.moml.MoMLSimpleApplication@7bd42cfc
reloadAllAccessors: .relationGroup2

===========================================================================================
----------------- testing Wed Oct 30 06:08:50 UTC 2019 /home/travis/build/icyphy/ptII/ptolemy/domains/de/test/auto/sortWithOpaquePorts.xml
----------------- Instantiating /home/travis/build/icyphy/ptII/ptolemy/domains/de/test/auto/sortWithOpaquePorts.xml
2 ms. Memory: 409600K Free: 196399K (48%)
----------------- Invoking toplevel() on ptolemy.moml.MoMLSimpleApplication@17536026
----------------- Done invoking toplevel() on ptolemy.moml.MoMLSimpleApplication@17536026
reloadAllAccessors: .sortWithOpaquePorts

===========================================================================================
----------------- testing Wed Oct 30 06:08:50 UTC 2019 /home/travis/build/icyphy/ptII/ptolemy/domains/de/test/auto/transferInputsandOutputs.xml
----------------- Instantiating /home/travis/build/icyphy/ptII/ptolemy/domains/de/test/auto/transferInputsandOutputs.xml
3 ms. Memory: 409600K Free: 189231K (46%)
----------------- Invoking toplevel() on ptolemy.moml.MoMLSimpleApplication@125230d8
----------------- Done invoking toplevel() on ptolemy.moml.MoMLSimpleApplication@125230d8
reloadAllAccessors: .transferInputsandOutputs

===========================================================================================
----------------- testing Wed Oct 30 06:08:50 UTC 2019 /home/travis/build/icyphy/ptII/ptolemy/domains/de/test/auto/triggerType.xml
----------------- Instantiating /home/travis/build/icyphy/ptII/ptolemy/domains/de/test/auto/triggerType.xml
2 ms. Memory: 409600K Free: 185135K (45%)
----------------- Invoking toplevel() on ptolemy.moml.MoMLSimpleApplication@3fe7827d
----------------- Done invoking toplevel() on ptolemy.moml.MoMLSimpleApplication@3fe7827d
reloadAllAccessors: .triggerType
AutoTests.java: About to close Vertx.
AutoTests.java: Vertx closed.
]]></system-out>
  <system-err><![CDATA[java.lang.RuntimeException: Execution failed
	at ptolemy.moml.MoMLSimpleApplication$UnloadThread.run(MoMLSimpleApplication.java:402)
Caused by: ptolemy.kernel.util.IllegalActionException: Found a zero delay loop containing .dependencyLoop.original
  in .dependencyLoop and .dependencyLoop.original
	at ptolemy.actor.util.CausalityInterfaceForComposites._computeOutputPortDepth(CausalityInterfaceForComposites.java:759)
	at ptolemy.actor.util.CausalityInterfaceForComposites._computeInputDepth(CausalityInterfaceForComposites.java:696)
	at ptolemy.actor.util.CausalityInterfaceForComposites._computeOutputPortDepth(CausalityInterfaceForComposites.java:765)
	at ptolemy.actor.util.CausalityInterfaceForComposites._computeInputDepth(CausalityInterfaceForComposites.java:696)
	at ptolemy.actor.util.CausalityInterfaceForComposites._computeOutputPortDepth(CausalityInterfaceForComposites.java:765)
	at ptolemy.actor.util.CausalityInterfaceForComposites._computeInputDepth(CausalityInterfaceForComposites.java:696)
	at ptolemy.actor.util.CausalityInterfaceForComposites._computeActorDepth(CausalityInterfaceForComposites.java:532)
	at ptolemy.actor.util.CausalityInterfaceForComposites.checkForCycles(CausalityInterfaceForComposites.java:96)
	at ptolemy.domains.de.kernel.DEDirector.preinitialize(DEDirector.java:1338)
	at ptolemy.actor.CompositeActor.preinitialize(CompositeActor.java:1828)
	at ptolemy.actor.Manager.preinitializeAndResolveTypes(Manager.java:1040)
	at ptolemy.actor.Manager.initialize(Manager.java:710)
	at ptolemy.actor.Manager.execute(Manager.java:356)
	at ptolemy.actor.Manager.run(Manager.java:1263)
	at ptolemy.actor.Manager$PtolemyRunThread.run(Manager.java:1933)
java.lang.RuntimeException: Execution failed
	at ptolemy.moml.MoMLSimpleApplication$UnloadThread.run(MoMLSimpleApplication.java:402)
Caused by: ptolemy.kernel.util.IllegalActionException: Found a zero delay loop containing .dependencyLoop2.original
  in .dependencyLoop2 and .dependencyLoop2.original
	at ptolemy.actor.util.CausalityInterfaceForComposites._computeOutputPortDepth(CausalityInterfaceForComposites.java:759)
	at ptolemy.actor.util.CausalityInterfaceForComposites._computeInputDepth(CausalityInterfaceForComposites.java:696)
	at ptolemy.actor.util.CausalityInterfaceForComposites._computeOutputPortDepth(CausalityInterfaceForComposites.java:765)
	at ptolemy.actor.util.CausalityInterfaceForComposites._computeInputDepth(CausalityInterfaceForComposites.java:696)
	at ptolemy.actor.util.CausalityInterfaceForComposites._computeOutputPortDepth(CausalityInterfaceForComposites.java:765)
	at ptolemy.actor.util.CausalityInterfaceForComposites._computeInputDepth(CausalityInterfaceForComposites.java:696)
	at ptolemy.actor.util.CausalityInterfaceForComposites._computeActorDepth(CausalityInterfaceForComposites.java:532)
	at ptolemy.actor.util.CausalityInterfaceForComposites.checkForCycles(CausalityInterfaceForComposites.java:96)
	at ptolemy.domains.de.kernel.DEDirector.preinitialize(DEDirector.java:1338)
	at ptolemy.actor.CompositeActor.preinitialize(CompositeActor.java:1828)
	at ptolemy.actor.Manager.preinitializeAndResolveTypes(Manager.java:1040)
	at ptolemy.actor.Manager.initialize(Manager.java:710)
	at ptolemy.actor.Manager.execute(Manager.java:356)
	at ptolemy.actor.Manager.run(Manager.java:1263)
	at ptolemy.actor.Manager$PtolemyRunThread.run(Manager.java:1933)
java.lang.RuntimeException: Execution failed
	at ptolemy.moml.MoMLSimpleApplication$UnloadThread.run(MoMLSimpleApplication.java:402)
Caused by: ptolemy.kernel.util.IllegalActionException: Test fails in iteration 1.
Value was: 1.0. Should have been: 2.0
  in .DirectFeedback.Test
	at ptolemy.actor.lib.Test.fire(Test.java:268)
	at ptolemy.domains.de.kernel.DEDirector._fire(DEDirector.java:1949)
	at ptolemy.domains.de.kernel.DEDirector.fire(DEDirector.java:502)
	at ptolemy.actor.CompositeActor.fire(CompositeActor.java:455)
	at ptolemy.actor.Manager.iterate(Manager.java:851)
	at ptolemy.actor.Manager.execute(Manager.java:369)
	at ptolemy.actor.Manager.run(Manager.java:1263)
	at ptolemy.actor.Manager$PtolemyRunThread.run(Manager.java:1933)
java.lang.RuntimeException: Execution failed
	at ptolemy.moml.MoMLSimpleApplication$UnloadThread.run(MoMLSimpleApplication.java:402)
Caused by: ptolemy.kernel.util.IllegalActionException: Found a zero delay loop containing .dependencyLoop.original
  in .dependencyLoop and .dependencyLoop.original
	at ptolemy.actor.util.CausalityInterfaceForComposites._computeOutputPortDepth(CausalityInterfaceForComposites.java:759)
	at ptolemy.actor.util.CausalityInterfaceForComposites._computeInputDepth(CausalityInterfaceForComposites.java:696)
	at ptolemy.actor.util.CausalityInterfaceForComposites._computeOutputPortDepth(CausalityInterfaceForComposites.java:765)
	at ptolemy.actor.util.CausalityInterfaceForComposites._computeInputDepth(CausalityInterfaceForComposites.java:696)
	at ptolemy.actor.util.CausalityInterfaceForComposites._computeOutputPortDepth(CausalityInterfaceForComposites.java:765)
	at ptolemy.actor.util.CausalityInterfaceForComposites._computeInputDepth(CausalityInterfaceForComposites.java:696)
	at ptolemy.actor.util.CausalityInterfaceForComposites._computeActorDepth(CausalityInterfaceForComposites.java:532)
	at ptolemy.actor.util.CausalityInterfaceForComposites.checkForCycles(CausalityInterfaceForComposites.java:96)
	at ptolemy.domains.de.kernel.DEDirector.preinitialize(DEDirector.java:1338)
	at ptolemy.actor.CompositeActor.preinitialize(CompositeActor.java:1828)
	at ptolemy.actor.Manager.preinitializeAndResolveTypes(Manager.java:1040)
	at ptolemy.actor.Manager.initialize(Manager.java:710)
	at ptolemy.actor.Manager.execute(Manager.java:356)
	at ptolemy.actor.Manager.run(Manager.java:1263)
	at ptolemy.actor.Manager$PtolemyRunThread.run(Manager.java:1933)
java.lang.RuntimeException: Execution failed
	at ptolemy.moml.MoMLSimpleApplication$UnloadThread.run(MoMLSimpleApplication.java:402)
Caused by: ptolemy.kernel.util.IllegalActionException: Found a zero delay loop containing .HierarchicalModel.A
  in .HierarchicalModel and .HierarchicalModel.A
	at ptolemy.actor.util.CausalityInterfaceForComposites._computeOutputPortDepth(CausalityInterfaceForComposites.java:759)
	at ptolemy.actor.util.CausalityInterfaceForComposites._computeInputDepth(CausalityInterfaceForComposites.java:696)
	at ptolemy.actor.util.CausalityInterfaceForComposites._computeOutputPortDepth(CausalityInterfaceForComposites.java:765)
	at ptolemy.actor.util.CausalityInterfaceForComposites._computeInputDepth(CausalityInterfaceForComposites.java:696)
	at ptolemy.actor.util.CausalityInterfaceForComposites._computeOutputPortDepth(CausalityInterfaceForComposites.java:765)
	at ptolemy.actor.util.CausalityInterfaceForComposites._computeInputDepth(CausalityInterfaceForComposites.java:696)
	at ptolemy.actor.util.CausalityInterfaceForComposites._computeActorDepth(CausalityInterfaceForComposites.java:532)
	at ptolemy.actor.util.CausalityInterfaceForComposites.checkForCycles(CausalityInterfaceForComposites.java:96)
	at ptolemy.domains.de.kernel.DEDirector.preinitialize(DEDirector.java:1338)
	at ptolemy.actor.CompositeActor.preinitialize(CompositeActor.java:1828)
	at ptolemy.actor.Manager.preinitializeAndResolveTypes(Manager.java:1040)
	at ptolemy.actor.Manager.initialize(Manager.java:710)
	at ptolemy.actor.Manager.execute(Manager.java:356)
	at ptolemy.actor.Manager.run(Manager.java:1263)
	at ptolemy.actor.Manager$PtolemyRunThread.run(Manager.java:1933)
java.lang.RuntimeException: Execution failed
	at ptolemy.moml.MoMLSimpleApplication$UnloadThread.run(MoMLSimpleApplication.java:402)
Caused by: ptolemy.kernel.util.IllegalActionException: Found a zero delay loop containing .dependencyLoop2.original
  in .dependencyLoop2 and .dependencyLoop2.original
	at ptolemy.actor.util.CausalityInterfaceForComposites._computeOutputPortDepth(CausalityInterfaceForComposites.java:759)
	at ptolemy.actor.util.CausalityInterfaceForComposites._computeInputDepth(CausalityInterfaceForComposites.java:696)
	at ptolemy.actor.util.CausalityInterfaceForComposites._computeOutputPortDepth(CausalityInterfaceForComposites.java:765)
	at ptolemy.actor.util.CausalityInterfaceForComposites._computeInputDepth(CausalityInterfaceForComposites.java:696)
	at ptolemy.actor.util.CausalityInterfaceForComposites._computeOutputPortDepth(CausalityInterfaceForComposites.java:765)
	at ptolemy.actor.util.CausalityInterfaceForComposites._computeInputDepth(CausalityInterfaceForComposites.java:696)
	at ptolemy.actor.util.CausalityInterfaceForComposites._computeActorDepth(CausalityInterfaceForComposites.java:532)
	at ptolemy.actor.util.CausalityInterfaceForComposites.checkForCycles(CausalityInterfaceForComposites.java:96)
	at ptolemy.domains.de.kernel.DEDirector.preinitialize(DEDirector.java:1338)
	at ptolemy.actor.CompositeActor.preinitialize(CompositeActor.java:1828)
	at ptolemy.actor.Manager.preinitializeAndResolveTypes(Manager.java:1040)
	at ptolemy.actor.Manager.initialize(Manager.java:710)
	at ptolemy.actor.Manager.execute(Manager.java:356)
	at ptolemy.actor.Manager.run(Manager.java:1263)
	at ptolemy.actor.Manager$PtolemyRunThread.run(Manager.java:1933)
java.lang.RuntimeException: Execution failed
	at ptolemy.moml.MoMLSimpleApplication$UnloadThread.run(MoMLSimpleApplication.java:402)
Caused by: ptolemy.kernel.util.IllegalActionException: Actor is not ready to fire.  Perhaps UpSample.prefire() returned false? Try debugging the actor by selecting "Listen to Actor".  Also, for SDF check moml for tokenConsumptionRate on input.
  in .DESDFClockTest.Play Bell.Copy1:SDF Director and .DESDFClockTest.Play Bell.UpSample
	at ptolemy.actor.sched.StaticSchedulingDirector.fire(StaticSchedulingDirector.java:227)
	at ptolemy.domains.sdf.kernel.SDFDirector.fire(SDFDirector.java:500)
	at ptolemy.actor.CompositeActor.fire(CompositeActor.java:455)
	at ptolemy.domains.de.kernel.DEDirector._fire(DEDirector.java:1949)
	at ptolemy.domains.de.kernel.DEDirector.fire(DEDirector.java:502)
	at ptolemy.actor.CompositeActor.fire(CompositeActor.java:455)
	at ptolemy.actor.Manager.iterate(Manager.java:851)
	at ptolemy.actor.Manager.execute(Manager.java:369)
	at ptolemy.actor.Manager.run(Manager.java:1263)
	at ptolemy.actor.Manager$PtolemyRunThread.run(Manager.java:1933)
java.lang.RuntimeException: Execution failed
	at ptolemy.moml.MoMLSimpleApplication$UnloadThread.run(MoMLSimpleApplication.java:402)
Caused by: ptolemy.kernel.util.IllegalActionException: Actor is not ready to fire.  Perhaps UpSample.prefire() returned false? Try debugging the actor by selecting "Listen to Actor".  Also, for SDF check moml for tokenConsumptionRate on input.
  in .DESDFClockTest.Play Bell.Copy1:SDF Director and .DESDFClockTest.Play Bell.UpSample
	at ptolemy.actor.sched.StaticSchedulingDirector.fire(StaticSchedulingDirector.java:227)
	at ptolemy.domains.sdf.kernel.SDFDirector.fire(SDFDirector.java:500)
	at ptolemy.actor.CompositeActor.fire(CompositeActor.java:455)
	at ptolemy.domains.de.kernel.DEDirector._fire(DEDirector.java:1949)
	at ptolemy.domains.de.kernel.DEDirector.fire(DEDirector.java:502)
	at ptolemy.actor.CompositeActor.fire(CompositeActor.java:455)
	at ptolemy.actor.Manager.iterate(Manager.java:851)
	at ptolemy.actor.Manager.execute(Manager.java:369)
	at ptolemy.actor.Manager.run(Manager.java:1263)
	at ptolemy.actor.Manager$PtolemyRunThread.run(Manager.java:1933)
java.lang.reflect.InvocationTargetException
	at java.base/jdk.internal.reflect.NativeConstructorAccessorImpl.newInstance0(Native Method)
	at java.base/jdk.internal.reflect.NativeConstructorAccessorImpl.newInstance(NativeConstructorAccessorImpl.java:62)
	at java.base/jdk.internal.reflect.DelegatingConstructorAccessorImpl.newInstance(DelegatingConstructorAccessorImpl.java:45)
	at java.base/java.lang.reflect.Constructor.newInstance(Constructor.java:490)
	at ptolemy.util.test.junit.AutoKnownFailedTests.RunModel(AutoKnownFailedTests.java:105)
	at java.base/jdk.internal.reflect.NativeMethodAccessorImpl.invoke0(Native Method)
	at java.base/jdk.internal.reflect.NativeMethodAccessorImpl.invoke(NativeMethodAccessorImpl.java:62)
	at java.base/jdk.internal.reflect.DelegatingMethodAccessorImpl.invoke(DelegatingMethodAccessorImpl.java:43)
	at java.base/java.lang.reflect.Method.invoke(Method.java:566)
	at org.junit.runners.model.FrameworkMethod$1.runReflectiveCall(FrameworkMethod.java:44)
	at org.junit.internal.runners.model.ReflectiveCallable.run(ReflectiveCallable.java:15)
	at org.junit.runners.model.FrameworkMethod.invokeExplosively(FrameworkMethod.java:41)
	at junitparams.internal.InvokeParameterisedMethod.evaluate(InvokeParameterisedMethod.java:102)
	at org.junit.internal.runners.statements.FailOnTimeout$1.run(FailOnTimeout.java:28)
Caused by: ptolemy.kernel.util.IllegalActionException: Actor is not ready to fire.  Perhaps UpSample.prefire() returned false? Try debugging the actor by selecting "Listen to Actor".  Also, for SDF check moml for tokenConsumptionRate on input.
  in .DESDFClockTest.Play Bell.Copy1:SDF Director and .DESDFClockTest.Play Bell.UpSample
	at ptolemy.actor.sched.StaticSchedulingDirector.fire(StaticSchedulingDirector.java:227)
	at ptolemy.domains.sdf.kernel.SDFDirector.fire(SDFDirector.java:500)
	at ptolemy.actor.CompositeActor.fire(CompositeActor.java:455)
	at ptolemy.domains.de.kernel.DEDirector._fire(DEDirector.java:1949)
	at ptolemy.domains.de.kernel.DEDirector.fire(DEDirector.java:502)
	at ptolemy.actor.CompositeActor.fire(CompositeActor.java:455)
	at ptolemy.actor.Manager.iterate(Manager.java:851)
	at ptolemy.actor.Manager.execute(Manager.java:369)
	at ptolemy.actor.Manager.run(Manager.java:1263)
	at ptolemy.actor.Manager$PtolemyRunThread.run(Manager.java:1933)
java.lang.RuntimeException: Execution failed
	at ptolemy.moml.MoMLSimpleApplication$UnloadThread.run(MoMLSimpleApplication.java:402)
Caused by: ptolemy.kernel.util.IllegalActionException: Test fails in iteration 1.
Value was: 1.0. Should have been: 2.0
  in .DirectFeedback.Test
	at ptolemy.actor.lib.Test.fire(Test.java:268)
	at ptolemy.domains.de.kernel.DEDirector._fire(DEDirector.java:1949)
	at ptolemy.domains.de.kernel.DEDirector.fire(DEDirector.java:502)
	at ptolemy.actor.CompositeActor.fire(CompositeActor.java:455)
	at ptolemy.actor.Manager.iterate(Manager.java:851)
	at ptolemy.actor.Manager.execute(Manager.java:369)
	at ptolemy.actor.Manager.run(Manager.java:1263)
	at ptolemy.actor.Manager$PtolemyRunThread.run(Manager.java:1933)
java.lang.reflect.InvocationTargetException
	at java.base/jdk.internal.reflect.NativeConstructorAccessorImpl.newInstance0(Native Method)
	at java.base/jdk.internal.reflect.NativeConstructorAccessorImpl.newInstance(NativeConstructorAccessorImpl.java:62)
	at java.base/jdk.internal.reflect.DelegatingConstructorAccessorImpl.newInstance(DelegatingConstructorAccessorImpl.java:45)
	at java.base/java.lang.reflect.Constructor.newInstance(Constructor.java:490)
	at ptolemy.util.test.junit.AutoKnownFailedTests.RunModel(AutoKnownFailedTests.java:105)
	at java.base/jdk.internal.reflect.NativeMethodAccessorImpl.invoke0(Native Method)
	at java.base/jdk.internal.reflect.NativeMethodAccessorImpl.invoke(NativeMethodAccessorImpl.java:62)
	at java.base/jdk.internal.reflect.DelegatingMethodAccessorImpl.invoke(DelegatingMethodAccessorImpl.java:43)
	at java.base/java.lang.reflect.Method.invoke(Method.java:566)
	at org.junit.runners.model.FrameworkMethod$1.runReflectiveCall(FrameworkMethod.java:44)
	at org.junit.internal.runners.model.ReflectiveCallable.run(ReflectiveCallable.java:15)
	at org.junit.runners.model.FrameworkMethod.invokeExplosively(FrameworkMethod.java:41)
	at junitparams.internal.InvokeParameterisedMethod.evaluate(InvokeParameterisedMethod.java:102)
	at org.junit.internal.runners.statements.FailOnTimeout$1.run(FailOnTimeout.java:28)
Caused by: ptolemy.kernel.util.IllegalActionException: Test fails in iteration 1.
Value was: 1.0. Should have been: 2.0
  in .DirectFeedback.Test
	at ptolemy.actor.lib.Test.fire(Test.java:268)
	at ptolemy.domains.de.kernel.DEDirector._fire(DEDirector.java:1949)
	at ptolemy.domains.de.kernel.DEDirector.fire(DEDirector.java:502)
	at ptolemy.actor.CompositeActor.fire(CompositeActor.java:455)
	at ptolemy.actor.Manager.iterate(Manager.java:851)
	at ptolemy.actor.Manager.execute(Manager.java:369)
	at ptolemy.actor.Manager.run(Manager.java:1263)
	at ptolemy.actor.Manager$PtolemyRunThread.run(Manager.java:1933)
java.lang.RuntimeException: Execution failed
	at ptolemy.moml.MoMLSimpleApplication$UnloadThread.run(MoMLSimpleApplication.java:402)
Caused by: ptolemy.kernel.util.IllegalActionException: Found a zero delay loop containing .HierarchicalModel.A
  in .HierarchicalModel and .HierarchicalModel.A
	at ptolemy.actor.util.CausalityInterfaceForComposites._computeOutputPortDepth(CausalityInterfaceForComposites.java:759)
	at ptolemy.actor.util.CausalityInterfaceForComposites._computeInputDepth(CausalityInterfaceForComposites.java:696)
	at ptolemy.actor.util.CausalityInterfaceForComposites._computeOutputPortDepth(CausalityInterfaceForComposites.java:765)
	at ptolemy.actor.util.CausalityInterfaceForComposites._computeInputDepth(CausalityInterfaceForComposites.java:696)
	at ptolemy.actor.util.CausalityInterfaceForComposites._computeOutputPortDepth(CausalityInterfaceForComposites.java:765)
	at ptolemy.actor.util.CausalityInterfaceForComposites._computeInputDepth(CausalityInterfaceForComposites.java:696)
	at ptolemy.actor.util.CausalityInterfaceForComposites._computeActorDepth(CausalityInterfaceForComposites.java:532)
	at ptolemy.actor.util.CausalityInterfaceForComposites.checkForCycles(CausalityInterfaceForComposites.java:96)
	at ptolemy.domains.de.kernel.DEDirector.preinitialize(DEDirector.java:1338)
	at ptolemy.actor.CompositeActor.preinitialize(CompositeActor.java:1828)
	at ptolemy.actor.Manager.preinitializeAndResolveTypes(Manager.java:1040)
	at ptolemy.actor.Manager.initialize(Manager.java:710)
	at ptolemy.actor.Manager.execute(Manager.java:356)
	at ptolemy.actor.Manager.run(Manager.java:1263)
	at ptolemy.actor.Manager$PtolemyRunThread.run(Manager.java:1933)
java.lang.reflect.InvocationTargetException
	at java.base/jdk.internal.reflect.NativeConstructorAccessorImpl.newInstance0(Native Method)
	at java.base/jdk.internal.reflect.NativeConstructorAccessorImpl.newInstance(NativeConstructorAccessorImpl.java:62)
	at java.base/jdk.internal.reflect.DelegatingConstructorAccessorImpl.newInstance(DelegatingConstructorAccessorImpl.java:45)
	at java.base/java.lang.reflect.Constructor.newInstance(Constructor.java:490)
	at ptolemy.util.test.junit.AutoKnownFailedTests.RunModel(AutoKnownFailedTests.java:105)
	at java.base/jdk.internal.reflect.NativeMethodAccessorImpl.invoke0(Native Method)
	at java.base/jdk.internal.reflect.NativeMethodAccessorImpl.invoke(NativeMethodAccessorImpl.java:62)
	at java.base/jdk.internal.reflect.DelegatingMethodAccessorImpl.invoke(DelegatingMethodAccessorImpl.java:43)
	at java.base/java.lang.reflect.Method.invoke(Method.java:566)
	at org.junit.runners.model.FrameworkMethod$1.runReflectiveCall(FrameworkMethod.java:44)
	at org.junit.internal.runners.model.ReflectiveCallable.run(ReflectiveCallable.java:15)
	at org.junit.runners.model.FrameworkMethod.invokeExplosively(FrameworkMethod.java:41)
	at junitparams.internal.InvokeParameterisedMethod.evaluate(InvokeParameterisedMethod.java:102)
	at org.junit.internal.runners.statements.FailOnTimeout$1.run(FailOnTimeout.java:28)
Caused by: ptolemy.kernel.util.IllegalActionException: Found a zero delay loop containing .HierarchicalModel.A
  in .HierarchicalModel and .HierarchicalModel.A
	at ptolemy.actor.util.CausalityInterfaceForComposites._computeOutputPortDepth(CausalityInterfaceForComposites.java:759)
	at ptolemy.actor.util.CausalityInterfaceForComposites._computeInputDepth(CausalityInterfaceForComposites.java:696)
	at ptolemy.actor.util.CausalityInterfaceForComposites._computeOutputPortDepth(CausalityInterfaceForComposites.java:765)
	at ptolemy.actor.util.CausalityInterfaceForComposites._computeInputDepth(CausalityInterfaceForComposites.java:696)
	at ptolemy.actor.util.CausalityInterfaceForComposites._computeOutputPortDepth(CausalityInterfaceForComposites.java:765)
	at ptolemy.actor.util.CausalityInterfaceForComposites._computeInputDepth(CausalityInterfaceForComposites.java:696)
	at ptolemy.actor.util.CausalityInterfaceForComposites._computeActorDepth(CausalityInterfaceForComposites.java:532)
	at ptolemy.actor.util.CausalityInterfaceForComposites.checkForCycles(CausalityInterfaceForComposites.java:96)
	at ptolemy.domains.de.kernel.DEDirector.preinitialize(DEDirector.java:1338)
	at ptolemy.actor.CompositeActor.preinitialize(CompositeActor.java:1828)
	at ptolemy.actor.Manager.preinitializeAndResolveTypes(Manager.java:1040)
	at ptolemy.actor.Manager.initialize(Manager.java:710)
	at ptolemy.actor.Manager.execute(Manager.java:356)
	at ptolemy.actor.Manager.run(Manager.java:1263)
	at ptolemy.actor.Manager$PtolemyRunThread.run(Manager.java:1933)
java.lang.RuntimeException: Execution failed
	at ptolemy.moml.MoMLSimpleApplication$UnloadThread.run(MoMLSimpleApplication.java:402)
Caused by: ptolemy.kernel.util.IllegalActionException: Found a zero delay loop containing .dependencyLoop.original
  in .dependencyLoop and .dependencyLoop.original
	at ptolemy.actor.util.CausalityInterfaceForComposites._computeOutputPortDepth(CausalityInterfaceForComposites.java:759)
	at ptolemy.actor.util.CausalityInterfaceForComposites._computeInputDepth(CausalityInterfaceForComposites.java:696)
	at ptolemy.actor.util.CausalityInterfaceForComposites._computeOutputPortDepth(CausalityInterfaceForComposites.java:765)
	at ptolemy.actor.util.CausalityInterfaceForComposites._computeInputDepth(CausalityInterfaceForComposites.java:696)
	at ptolemy.actor.util.CausalityInterfaceForComposites._computeOutputPortDepth(CausalityInterfaceForComposites.java:765)
	at ptolemy.actor.util.CausalityInterfaceForComposites._computeInputDepth(CausalityInterfaceForComposites.java:696)
	at ptolemy.actor.util.CausalityInterfaceForComposites._computeActorDepth(CausalityInterfaceForComposites.java:532)
	at ptolemy.actor.util.CausalityInterfaceForComposites.checkForCycles(CausalityInterfaceForComposites.java:96)
	at ptolemy.domains.de.kernel.DEDirector.preinitialize(DEDirector.java:1338)
	at ptolemy.actor.CompositeActor.preinitialize(CompositeActor.java:1828)
	at ptolemy.actor.Manager.preinitializeAndResolveTypes(Manager.java:1040)
	at ptolemy.actor.Manager.initialize(Manager.java:710)
	at ptolemy.actor.Manager.execute(Manager.java:356)
	at ptolemy.actor.Manager.run(Manager.java:1263)
	at ptolemy.actor.Manager$PtolemyRunThread.run(Manager.java:1933)
java.lang.reflect.InvocationTargetException
	at java.base/jdk.internal.reflect.NativeConstructorAccessorImpl.newInstance0(Native Method)
	at java.base/jdk.internal.reflect.NativeConstructorAccessorImpl.newInstance(NativeConstructorAccessorImpl.java:62)
	at java.base/jdk.internal.reflect.DelegatingConstructorAccessorImpl.newInstance(DelegatingConstructorAccessorImpl.java:45)
	at java.base/java.lang.reflect.Constructor.newInstance(Constructor.java:490)
	at ptolemy.util.test.junit.AutoKnownFailedTests.RunModel(AutoKnownFailedTests.java:105)
	at java.base/jdk.internal.reflect.NativeMethodAccessorImpl.invoke0(Native Method)
	at java.base/jdk.internal.reflect.NativeMethodAccessorImpl.invoke(NativeMethodAccessorImpl.java:62)
	at java.base/jdk.internal.reflect.DelegatingMethodAccessorImpl.invoke(DelegatingMethodAccessorImpl.java:43)
	at java.base/java.lang.reflect.Method.invoke(Method.java:566)
	at org.junit.runners.model.FrameworkMethod$1.runReflectiveCall(FrameworkMethod.java:44)
	at org.junit.internal.runners.model.ReflectiveCallable.run(ReflectiveCallable.java:15)
	at org.junit.runners.model.FrameworkMethod.invokeExplosively(FrameworkMethod.java:41)
	at junitparams.internal.InvokeParameterisedMethod.evaluate(InvokeParameterisedMethod.java:102)
	at org.junit.internal.runners.statements.FailOnTimeout$1.run(FailOnTimeout.java:28)
Caused by: ptolemy.kernel.util.IllegalActionException: Found a zero delay loop containing .dependencyLoop.original
  in .dependencyLoop and .dependencyLoop.original
	at ptolemy.actor.util.CausalityInterfaceForComposites._computeOutputPortDepth(CausalityInterfaceForComposites.java:759)
	at ptolemy.actor.util.CausalityInterfaceForComposites._computeInputDepth(CausalityInterfaceForComposites.java:696)
	at ptolemy.actor.util.CausalityInterfaceForComposites._computeOutputPortDepth(CausalityInterfaceForComposites.java:765)
	at ptolemy.actor.util.CausalityInterfaceForComposites._computeInputDepth(CausalityInterfaceForComposites.java:696)
	at ptolemy.actor.util.CausalityInterfaceForComposites._computeOutputPortDepth(CausalityInterfaceForComposites.java:765)
	at ptolemy.actor.util.CausalityInterfaceForComposites._computeInputDepth(CausalityInterfaceForComposites.java:696)
	at ptolemy.actor.util.CausalityInterfaceForComposites._computeActorDepth(CausalityInterfaceForComposites.java:532)
	at ptolemy.actor.util.CausalityInterfaceForComposites.checkForCycles(CausalityInterfaceForComposites.java:96)
	at ptolemy.domains.de.kernel.DEDirector.preinitialize(DEDirector.java:1338)
	at ptolemy.actor.CompositeActor.preinitialize(CompositeActor.java:1828)
	at ptolemy.actor.Manager.preinitializeAndResolveTypes(Manager.java:1040)
	at ptolemy.actor.Manager.initialize(Manager.java:710)
	at ptolemy.actor.Manager.execute(Manager.java:356)
	at ptolemy.actor.Manager.run(Manager.java:1263)
	at ptolemy.actor.Manager$PtolemyRunThread.run(Manager.java:1933)
java.lang.RuntimeException: Execution failed
	at ptolemy.moml.MoMLSimpleApplication$UnloadThread.run(MoMLSimpleApplication.java:402)
Caused by: ptolemy.kernel.util.IllegalActionException: Found a zero delay loop containing .dependencyLoop2.original
  in .dependencyLoop2 and .dependencyLoop2.original
	at ptolemy.actor.util.CausalityInterfaceForComposites._computeOutputPortDepth(CausalityInterfaceForComposites.java:759)
	at ptolemy.actor.util.CausalityInterfaceForComposites._computeInputDepth(CausalityInterfaceForComposites.java:696)
	at ptolemy.actor.util.CausalityInterfaceForComposites._computeOutputPortDepth(CausalityInterfaceForComposites.java:765)
	at ptolemy.actor.util.CausalityInterfaceForComposites._computeInputDepth(CausalityInterfaceForComposites.java:696)
	at ptolemy.actor.util.CausalityInterfaceForComposites._computeOutputPortDepth(CausalityInterfaceForComposites.java:765)
	at ptolemy.actor.util.CausalityInterfaceForComposites._computeInputDepth(CausalityInterfaceForComposites.java:696)
	at ptolemy.actor.util.CausalityInterfaceForComposites._computeActorDepth(CausalityInterfaceForComposites.java:532)
	at ptolemy.actor.util.CausalityInterfaceForComposites.checkForCycles(CausalityInterfaceForComposites.java:96)
	at ptolemy.domains.de.kernel.DEDirector.preinitialize(DEDirector.java:1338)
	at ptolemy.actor.CompositeActor.preinitialize(CompositeActor.java:1828)
	at ptolemy.actor.Manager.preinitializeAndResolveTypes(Manager.java:1040)
	at ptolemy.actor.Manager.initialize(Manager.java:710)
	at ptolemy.actor.Manager.execute(Manager.java:356)
	at ptolemy.actor.Manager.run(Manager.java:1263)
	at ptolemy.actor.Manager$PtolemyRunThread.run(Manager.java:1933)
java.lang.reflect.InvocationTargetException
	at java.base/jdk.internal.reflect.NativeConstructorAccessorImpl.newInstance0(Native Method)
	at java.base/jdk.internal.reflect.NativeConstructorAccessorImpl.newInstance(NativeConstructorAccessorImpl.java:62)
	at java.base/jdk.internal.reflect.DelegatingConstructorAccessorImpl.newInstance(DelegatingConstructorAccessorImpl.java:45)
	at java.base/java.lang.reflect.Constructor.newInstance(Constructor.java:490)
	at ptolemy.util.test.junit.AutoKnownFailedTests.RunModel(AutoKnownFailedTests.java:105)
	at java.base/jdk.internal.reflect.NativeMethodAccessorImpl.invoke0(Native Method)
	at java.base/jdk.internal.reflect.NativeMethodAccessorImpl.invoke(NativeMethodAccessorImpl.java:62)
	at java.base/jdk.internal.reflect.DelegatingMethodAccessorImpl.invoke(DelegatingMethodAccessorImpl.java:43)
	at java.base/java.lang.reflect.Method.invoke(Method.java:566)
	at org.junit.runners.model.FrameworkMethod$1.runReflectiveCall(FrameworkMethod.java:44)
	at org.junit.internal.runners.model.ReflectiveCallable.run(ReflectiveCallable.java:15)
	at org.junit.runners.model.FrameworkMethod.invokeExplosively(FrameworkMethod.java:41)
	at junitparams.internal.InvokeParameterisedMethod.evaluate(InvokeParameterisedMethod.java:102)
	at org.junit.internal.runners.statements.FailOnTimeout$1.run(FailOnTimeout.java:28)
Caused by: ptolemy.kernel.util.IllegalActionException: Found a zero delay loop containing .dependencyLoop2.original
  in .dependencyLoop2 and .dependencyLoop2.original
	at ptolemy.actor.util.CausalityInterfaceForComposites._computeOutputPortDepth(CausalityInterfaceForComposites.java:759)
	at ptolemy.actor.util.CausalityInterfaceForComposites._computeInputDepth(CausalityInterfaceForComposites.java:696)
	at ptolemy.actor.util.CausalityInterfaceForComposites._computeOutputPortDepth(CausalityInterfaceForComposites.java:765)
	at ptolemy.actor.util.CausalityInterfaceForComposites._computeInputDepth(CausalityInterfaceForComposites.java:696)
	at ptolemy.actor.util.CausalityInterfaceForComposites._computeOutputPortDepth(CausalityInterfaceForComposites.java:765)
	at ptolemy.actor.util.CausalityInterfaceForComposites._computeInputDepth(CausalityInterfaceForComposites.java:696)
	at ptolemy.actor.util.CausalityInterfaceForComposites._computeActorDepth(CausalityInterfaceForComposites.java:532)
	at ptolemy.actor.util.CausalityInterfaceForComposites.checkForCycles(CausalityInterfaceForComposites.java:96)
	at ptolemy.domains.de.kernel.DEDirector.preinitialize(DEDirector.java:1338)
	at ptolemy.actor.CompositeActor.preinitialize(CompositeActor.java:1828)
	at ptolemy.actor.Manager.preinitializeAndResolveTypes(Manager.java:1040)
	at ptolemy.actor.Manager.initialize(Manager.java:710)
	at ptolemy.actor.Manager.execute(Manager.java:356)
	at ptolemy.actor.Manager.run(Manager.java:1263)
	at ptolemy.actor.Manager$PtolemyRunThread.run(Manager.java:1933)
]]></system-err>
</testsuite>
