<?xml version="1.0" encoding="UTF-8" ?>
<testsuite errors="0" failures="0" hostname="travis-job-6abef6fe-ed76-4a83-bc7c-abb99650e526" name="ptolemy.domains.de.test.junit.JUnitTclTest" skipped="0" tests="101" time="133.4" timestamp="2019-07-25T05:07:40">
  <properties>
    <property name="npm.executable" value="npm" />
    <property name="env.TRAVIS_ROOT" value="/" />
    <property name="ptII.mk.exists" value="true" />
    <property name="env.TRAVIS_APP_HOST" value="build.travis-ci.org" />
    <property name="env.rvm_bin_path" value="/home/travis/.rvm/bin" />
    <property name="java.home" value="/usr/local/lib/jvm/openjdk11" />
    <property name="env.TRAVIS_JOB_NUMBER" value="1271.9" />
    <property name="env.TRAVIS_HOME" value="/home/travis" />
    <property name="env.DISPLAY" value=":99.0" />
    <property name="env.TRAVIS_INIT" value="systemd" />
    <property name="env.SSH_TTY" value="/dev/pts/0" />
    <property name="java.net.preferIPv4Stack" value="true" />
    <property name="env.RUN_TESTS" value="true" />
    <property name="timeout.short" value="1000000" />
    <property name="junit.formatter" value="xml" />
    <property name="env.TRAVIS_SUDO" value="true" />
    <property name="env.TRAVIS_JOB_NAME" value="" />
    <property name="env.TRAVIS_STACK_NODE_ATTRIBUTES" value="/.node-attributes.yml" />
    <property name="env.LOGNAME" value="travis" />
    <property name="jsdoc.home" value="node_modules/@terraswarm/jsdoc" />
    <property name="debuglevel" value="source,lines,vars" />
    <property name="checkstyle.formatter" value="xml" />
    <property name="env._system_version" value="16.04" />
    <property name="bin.vergil.makeable" value="true" />
    <property name="sun.os.patch.level" value="unknown" />
    <property name="java.vendor.url" value="http://java.oracle.com/" />
    <property name="env.TRAVIS_BUILD_WEB_URL" value="https://travis-ci.org/icyphy/ptII/builds/563384844" />
    <property name="java.version" value="11.0.2" />
    <property name="env.TZ" value="UTC" />
    <property name="env.TRAVIS_PULL_REQUEST_SHA" value="" />
    <property name="env.PT_NO_NET" value="true" />
    <property name="env.TRAVIS_SECURE_ENV_VARS" value="true" />
    <property name="env._system_type" value="Linux" />
    <property name="java.vendor.url.bug" value="http://bugreport.java.com/bugreport/" />
    <property name="npmjs-org-is-up" value="true" />
    <property name="env.LANGUAGE" value="en_US.UTF-8" />
    <property name="env.SSH_CLIENT" value="10.10.16.113 39686 22" />
    <property name="env.GEM_HOME" value="/home/travis/.rvm/gems/ruby-2.5.3" />
    <property name="env.HAS_ANTARES_THREE_LITTLE_FRONZIES_BADGE" value="true" />
    <property name="java.version.date" value="2019-01-15" />
    <property name="env.PS4" value="+" />
    <property name="ant.project.invoked-targets" value="build,test.core2.xml" />
    <property name="env.TRAVIS_PULL_REQUEST_BRANCH" value="" />
    <property name="env.TRAVIS_REPO_SLUG" value="icyphy/ptII" />
    <property name="env.XDG_DATA_DIRS" value="/usr/local/share:/usr/share:/var/lib/snapd/desktop" />
    <property name="jdk.debug" value="release" />
    <property name="env.TRAVIS_APT_PROXY" value="http://apt.cache.travis-ci.com" />
    <property name="node.in.path" value="true" />
    <property name="user.name" value="travis" />
    <property name="java.maxmemory" value="1400m" />
    <property name="env.RUBY_VERSION" value="ruby-2.5.3" />
    <property name="env.LANG" value="en_US.UTF-8" />
    <property name="sun.io.unicode.encoding" value="UnicodeLittle" />
    <property name="sun.jnu.encoding" value="UTF-8" />
    <property name="java.runtime.name" value="OpenJDK Runtime Environment" />
    <property name="usefile" value="false" />
    <property name="return.code" value="0" />
    <property name="junit.single.formatter" value="plain" />
    <property name="env.DYLD_LIBRARY_PATH" value="/home/travis/pthla/certi-tools/lib:" />
    <property name="env.DEBIAN_FRONTEND" value="noninteractive" />
    <property name="env.SSH_CONNECTION" value="10.10.16.113 39686 10.20.3.157 22" />
    <property name="env.MYSQL_UNIX_PORT" value="/var/run/mysqld/mysqld.sock" />
    <property name="env.LC_ALL" value="en_US.UTF-8" />
    <property name="env.TRAVIS_ALLOW_FAILURE" value="false" />
    <property name="env.TRAVIS_JOB_WEB_URL" value="https://travis-ci.org/icyphy/ptII/jobs/563384853" />
    <property name="java.specification.name" value="Java Platform API Specification" />
    <property name="node.works" value="true" />
    <property name="user.timezone" value="" />
    <property name="path.separator" value=":" />
    <property name="env.TRAVIS_ENABLE_INFRA_DETECTION" value="true" />
    <property name="env.PYTHON_CFLAGS" value="-g -fstack-protector --param=ssp-buffer-size=4 -Wformat -Werror=format-security" />
    <property name="timeout.long" value="4000000" />
    <property name="env.CERTI_HOME" value="/home/travis/pthla/certi-tools" />
    <property name="ant.file.ptII" value="/home/travis/build/icyphy/ptII/build.xml" />
    <property name="javadoc.packagenames" value="com.*,diva.*,lbnl.*,org.hlacerti.*,org.json.*,org.ptolemy.*,org.terraswarm.*,ptolemy.*,ptserver.*" />
    <property name="file.encoding" value="UTF-8" />
    <property name="env.TRAVIS_PULL_REQUEST_SLUG" value="" />
    <property name="ant.project.default-target" value="build" />
    <property name="env.GIT_ASKPASS" value="echo" />
    <property name="env.HOME" value="/home/travis" />
    <property name="sun.java.command" value="org.apache.tools.ant.taskdefs.optional.junit.JUnitTestRunner ptolemy.domains.de.test.junit.JUnitTclTest skipNonTests=false filtertrace=true haltOnError=false haltOnFailure=false formatter=org.apache.tools.ant.taskdefs.optional.junit.OutErrSummaryJUnitResultFormatter showoutput=true outputtoformatters=true logfailedtests=true threadid=0 logtestlistenerevents=false formatter=org.apache.tools.ant.taskdefs.optional.junit.XMLJUnitResultFormatter,/home/travis/build/icyphy/ptII/reports/junit/TEST-ptolemy.domains.de.test.junit.JUnitTclTest.xml crashfile=/home/travis/build/icyphy/ptII/junitvmwatcher2210992480723907280.properties propsfile=/home/travis/build/icyphy/ptII/junit15215022286349446455.properties" />
    <property name="env.COMPOSER_NO_INTERACTION" value="1" />
    <property name="env.MANPATH" value="/home/travis/.nvm/versions/node/v7.10.1/share/man:/home/travis/.rvm/rubies/ruby-2.5.3/share/man:/usr/local/cmake-3.12.4/man:/usr/local/clang-7.0.0/share/man:/usr/local/man:/usr/local/share/man:/usr/share/man:/home/travis/.rvm/man" />
    <property name="env.TRAVIS_TIMER_ID" value="153a6f50" />
    <property name="ant.file" value="/home/travis/build/icyphy/ptII/build.xml" />
    <property name="env.TRAVIS_COMMIT_RANGE" value="2e04c9d28f10421f6cf81bc894a35b8065757641...153fae525c03c2cc53a3ce8809572d573e8a4c4a" />
    <property name="env._system_name" value="Ubuntu" />
    <property name="ptII.classpath.optional.property" value="/home/travis/build/icyphy/ptII/lib/bsh-2.0b4.jar:/home/travis/build/icyphy/ptII/lib/ptCal.jar:/home/travis/build/icyphy/ptII/lib/java_cup.jar:/home/travis/build/icyphy/ptII/lib/saxon8.jar:/home/travis/build/icyphy/ptII/lib/saxon8-dom.jar:/home/travis/build/icyphy/ptII/lib/chic.jar:/home/travis/build/icyphy/ptII/lib/ptcolt.jar:/home/travis/build/icyphy/ptII/vendors/misc/itext/iText.jar:/home/travis/build/icyphy/ptII/lib/g4ltl.jar:/home/travis/build/icyphy/ptII/lib/StructuralCoder.jar:/home/travis/build/icyphy/ptII/lib/jcerti.jar:/home/travis/build/icyphy/ptII/lib/javax.mail.jar:/home/travis/build/icyphy/ptII/vendors/JMF-2.1.1e/lib/jmf.jar:/home/travis/build/icyphy/ptII/lib/jna-4.0.0-variadic.jar:/home/travis/build/icyphy/ptII/vendors/misc/joystick/Joystick.jar:/home/travis/build/icyphy/ptII/lib/ptjacl.jar:/home/travis/build/icyphy/ptII/lib/jsoup-1.8.2.jar:/home/travis/build/icyphy/ptII/lib/junit-4.8.2.jar:/home/travis/build/icyphy/ptII/lib/JUnitParams-0.4.0.jar:/home/travis/build/icyphy/ptII/ptolemy/actor/lib/excel/jxl.jar:/home/travis/build/icyphy/ptII/lib/jython.jar:/home/travis/build/icyphy/ptII/lib/kieler.jar:/home/travis/build/icyphy/ptII/vendors/opencv/share/OpenCV/java/opencv-341.jar:/home/travis/build/icyphy/ptII/lib/oscP5.jar:/home/travis/build/icyphy/ptII/lib/nrjavaserial-3.11.0.devel.jar:/home/travis/build/icyphy/ptII/vendors/j3d/lib/Linux/j3dcore.jar:/home/travis/build/icyphy/ptII/vendors/j3d/lib/Linux/j3dutils.jar:/home/travis/build/icyphy/ptII/vendors/j3d/lib/Linux/vecmath.jar:/home/travis/build/icyphy/ptII/vendors/jogl/lib/Linux/gluegen-rt-natives-linux-amd64.jar:/home/travis/build/icyphy/ptII/vendors/jogl/lib/Linux/gluegen-rt.jar:/home/travis/build/icyphy/ptII/vendors/jogl/lib/Linux/jogl-all-natives-linux-amd64.jar:/home/travis/build/icyphy/ptII/vendors/jogl/lib/Linux/jogl-all.jar:/home/travis/build/icyphy/ptII/ptolemy/distributed/jini/jar/jini-core.jar:/home/travis/build/icyphy/ptII/ptolemy/distributed/jini/jar/jini-ext.jar:/home/travis/build/icyphy/ptII/ptolemy/distributed/jini/jar/sun-util.jar:/home/travis/build/icyphy/ptII/lib/protobuf-java-2.4.1.jar:/home/travis/build/icyphy/ptII/lib/org.eclipse.paho.client.mqttv3.jar:/home/travis/build/icyphy/ptII/lib/mapss.jar:/home/travis/build/icyphy/ptII/ptolemy/actor/ptalon/antlr/antlr.jar:/home/travis/build/icyphy/ptII/lib/JRI.jar:/home/travis/build/icyphy/ptII/lib/commons-lang-2.6.jar:/home/travis/build/icyphy/ptII/lib/commons-logging-1.1.1.jar:/home/travis/build/icyphy/ptII/lib/sootclasses.jar:/home/travis/build/icyphy/ptII/ptolemy/actor/lib/database/mysql-connector-java-5.1.6-bin.jar:/home/travis/build/icyphy/ptII/vendors/misc/sphinx4/sphinx4-data-5prealpha.jar:/home/travis/build/icyphy/ptII/vendors/misc/sphinx4/sphinx4-core-5prealpha.jar:/home/travis/build/icyphy/ptII/lib/PDFRenderer.jar:/home/travis/build/icyphy/ptII/lib/svgSalamander.jar:/home/travis/build/icyphy/ptII/lib/rsyntaxtextarea-2.6.0-SNAPSHOT.jar:/home/travis/build/icyphy/ptII/lib/hazelcast-3.8.2.jar:/home/travis/build/icyphy/ptII/lib/jackson-annotations-2.9.0.jar:/home/travis/build/icyphy/ptII/lib/jackson-core-2.9.3.jar:/home/travis/build/icyphy/ptII/lib/jackson-databind-2.9.3.jar:/home/travis/build/icyphy/ptII/lib/netty-buffer-4.1.19.Final.jar:/home/travis/build/icyphy/ptII/lib/netty-codec-4.1.19.Final.jar:/home/travis/build/icyphy/ptII/lib/netty-codec-dns-4.1.19.Final.jar:/home/travis/build/icyphy/ptII/lib/netty-codec-http-4.1.19.Final.jar:/home/travis/build/icyphy/ptII/lib/netty-codec-http2-4.1.19.Final.jar:/home/travis/build/icyphy/ptII/lib/netty-common-4.1.19.Final.jar:/home/travis/build/icyphy/ptII/lib/netty-handler-4.1.19.Final.jar:/home/travis/build/icyphy/ptII/lib/netty-resolver-4.1.19.Final.jar:/home/travis/build/icyphy/ptII/lib/netty-resolver-dns-4.1.19.Final.jar:/home/travis/build/icyphy/ptII/lib/netty-transport-4.1.19.Final.jar:/home/travis/build/icyphy/ptII/lib/vertx-codegen-3.5.1.jar:/home/travis/build/icyphy/ptII/lib/vertx-core-3.5.2-SNAPSHOT.jar:/home/travis/build/icyphy/ptII/lib/vertx-hazelcast-3.5.1.jar:/home/travis/build/icyphy/ptII/lib/vertx-lang-js-3.5.1.jar:/home/travis/build/icyphy/ptII/lib/vertx-service-proxy-3.5.1.jar:/home/travis/build/icyphy/ptII/lib/vertx-web-3.5.1.jar:/home/travis/build/icyphy/ptII/lib/slf4j-api-1.7.13.jar:/home/travis/build/icyphy/ptII/lib/slf4j-simple-1.7.13.jar:/home/travis/build/icyphy/ptII/lib/webcam-capture-0.3.12.jar:/home/travis/build/icyphy/ptII/lib/bridj-0.7.0.jar:/home/travis/build/icyphy/ptII/lib/xbjlib-1.1.0.nrjavaserial.jar" />
    <property name="timeout" value="2400000" />
    <property name="test.batch" value="**/junit/*.java" />
    <property name="env._" value="/usr/bin/timeout" />
    <property name="java.io.tmpdir" value="/tmp" />
    <property name="user.language" value="en" />
    <property name="env.TRAVIS_INTERNAL_RUBY_REGEX" value="^ruby-(2\.[0-4]\.[0-9]|1\.9\.3)" />
    <property name="env.HISTCONTROL" value="ignoredups:ignorespace" />
    <property name="env.GOROOT" value="/home/travis/.gimme/versions/go1.11.1.linux.amd64" />
    <property name="line.separator" value="&#xa;" />
    <property name="target" value="11" />
    <property name="env.TRAVIS_BUILD_DIR" value="/home/travis/build/icyphy/ptII" />
    <property name="env.ANT_OPTS" value="-Xmx2048m" />
    <property name="ant.file.type" value="file" />
    <property name="ptolemy.ptII.batchMode" value="true" />
    <property name="env.HISTSIZE" value="1000" />
    <property name="env.MERB_ENV" value="test" />
    <property name="java.vm.info" value="mixed mode" />
    <property name="source" value="11" />
    <property name="java.vm.specification.name" value="Java Virtual Machine Specification" />
    <property name="env.TRAVIS_TEST_RESULT" value="0" />
    <property name="jsdoc.command" value="node_modules/@terraswarm/jsdoc/jsdoc.js" />
    <property name="npm.works" value="true" />
    <property name="cobertura.dir" value="/home/travis/build/icyphy/ptII/vendors/cobertura-2.0.3" />
    <property name="jsdoc.command.exists" value="true" />
    <property name="env.rvm_path" value="/home/travis/.rvm" />
    <property name="env.GEM_PATH" value="/home/travis/.rvm/gems/ruby-2.5.3:/home/travis/.rvm/gems/ruby-2.5.3@global" />
    <property name="env.LC_CTYPE" value="en_US.UTF-8" />
    <property name="env.TRAVIS_CMD" value="$PTII/bin/ptIITravisBuild.sh $SECONDS" />
    <property name="java.awt.printerjob" value="sun.print.PSPrinterJob" />
    <property name="env.TRAVIS_STACK_NAME" value="sardonyx" />
    <property name="env.TRAVIS_TIMER_START_TIME" value="1564031033554397644" />
    <property name="ant.version" value="Apache Ant(TM) version 1.10.1 compiled on February 2 2017" />
    <property name="ptII.reports" value="/home/travis/build/icyphy/ptII/reports" />
    <property name="env.TRAVIS_STACK_TIMESTAMP" value="2019-03-25 16:16:56 UTC" />
    <property name="ant.file.type.ptII" value="file" />
    <property name="env.RBENV_SHELL" value="bash" />
    <property name="os.name" value="Linux" />
    <property name="java.specification.vendor" value="Oracle Corporation" />
    <property name="env.rvm_version" value="1.29.7 (latest)" />
    <property name="env.TRAVIS_INFRA" value="unknown" />
    <property name="env.TERM" value="xterm" />
    <property name="java.vm.name" value="OpenJDK 64-Bit Server VM" />
    <property name="env.TRAVIS_BUILD_NUMBER" value="1271" />
    <property name="env.CI" value="true" />
    <property name="java.library.path" value="/home/travis/pthla/certi-tools/lib:/usr/lib/jni:/usr/local/share/OpenCV/java/:/usr/share/OpenCV/java::/usr/java/packages/lib:/usr/lib64:/lib64:/lib:/usr/lib" />
    <property name="jdk.module.path" value="/home/travis/build/icyphy/ptII/vendors/javafx/javafx-sdk-11.0.2/lib:" />
    <property name="env.rvm_prefix" value="/home/travis" />
    <property name="env.PATH" value="/home/travis/pthla/certi-tools/share/scripts:/home/travis/.rvm/gems/ruby-2.5.3/bin:/home/travis/.rvm/gems/ruby-2.5.3@global/bin:/home/travis/.rvm/rubies/ruby-2.5.3/bin:/home/travis/.rvm/bin:/home/travis/.nvm/versions/node/v7.10.1/bin:./node_modules/.bin:/home/travis/build/icyphy/ptII/bin:/home/travis/pthla/certi-tools/bin:/home/travis/bin:/home/travis/.local/bin:/usr/local/lib/jvm/openjdk11/bin:/opt/pyenv/shims:/home/travis/.phpenv/shims:/home/travis/perl5/perlbrew/bin:/home/travis/gopath/bin:/home/travis/.gimme/versions/go1.11.1.linux.amd64/bin:/usr/local/maven-3.6.0/bin:/usr/local/cmake-3.12.4/bin:/usr/local/clang-7.0.0/bin:/usr/local/sbin:/usr/local/bin:/usr/sbin:/usr/bin:/sbin:/bin:/snap/bin:/home/travis/.phpenv/bin:/opt/pyenv/bin:/home/travis/.yarn/bin" />
    <property name="env.TRAVIS_OS_NAME" value="linux" />
    <property name="ant.java.version" value="9" />
    <property name="basedir" value="/home/travis/build/icyphy/ptII" />
    <property name="java.class.version" value="55.0" />
    <property name="env.SHLVL" value="3" />
    <property name="env.LD_LIBRARY_PATH" value="/home/travis/pthla/certi-tools/lib:/usr/lib/jni:/usr/local/share/OpenCV/java/:/usr/share/OpenCV/java:" />
    <property name="env.RACK_ENV" value="test" />
    <property name="ant.home" value="/home/travis/build/icyphy/ptII/ant" />
    <property name="env.NVM_DIR" value="/home/travis/.nvm" />
    <property name="env.CERTI_FOM_PATH" value="/home/travis/pthla/certi-tools/share/federations" />
    <property name="env.TRAVIS_BUILD_ID" value="563384844" />
    <property name="env.PYENV_ROOT" value="/opt/pyenv" />
    <property name="env.TRAVIS_UID" value="2000" />
    <property name="prism.verbose" value="true" />
    <property name="env.NVM_BIN" value="/home/travis/.nvm/versions/node/v7.10.1/bin" />
    <property name="env.TRAVIS_COMMIT" value="153fae525c03c2cc53a3ce8809572d573e8a4c4a" />
    <property name="env._system_arch" value="x86_64" />
    <property name="node.executable" value="node" />
    <property name="sun.boot.library.path" value="/usr/local/lib/jvm/openjdk11/lib" />
    <property name="sun.management.compiler" value="HotSpot 64-Bit Tiered Compilers" />
    <property name="java.awt.graphicsenv" value="sun.awt.X11GraphicsEnvironment" />
    <property name="env.GOPATH" value="/home/travis/gopath" />
    <property name="ptolemy.ptII.dir" value="/home/travis/build/icyphy/ptII" />
    <property name="env.USER" value="travis" />
    <property name="env.HISTFILESIZE" value="2000" />
    <property name="timeout.longest" value="19000000" />
    <property name="env.PERLBREW_SHELLRC_VERSION" value="0.86" />
    <property name="env.TRAVIS_STACK_FEATURES" value="basic couchdb disabled-ipv6 docker docker-compose elasticsearch firefox go-toolchain google-chrome jdk memcached mongodb mysql nodejs_interpreter perl_interpreter perlbrew phantomjs postgresql python_interpreter redis ruby_interpreter sqlite xserver" />
    <property name="env.TRAVIS_PULL_REQUEST" value="false" />
    <property name="env.PYENV_SHELL" value="bash" />
    <property name="ant.project.name" value="ptII" />
    <property name="env.ANSI_RESET" value="\033[0m" />
    <property name="java.vm.specification.version" value="11" />
    <property name="env.TRAVIS_DIST" value="xenial" />
    <property name="env.CERTI_VERSION" value="4.0.0" />
    <property name="env.CERTI_HOST" value="localhost" />
    <property name="awt.toolkit" value="sun.awt.X11.XToolkit" />
    <property name="env.MY_RUBY_HOME" value="/home/travis/.rvm/rubies/ruby-2.5.3" />
    <property name="sun.cpu.isalist" value="" />
    <property name="env.TRAVIS_TMPDIR" value="/tmp/tmp.0t8JyxTiJG" />
    <property name="java.vm.compressedOopsMode" value="Zero based" />
    <property name="os.version" value="4.15.0-1028-gcp" />
    <property name="user.home" value="/home/travis" />
    <property name="java.vm.vendor" value="Oracle Corporation" />
    <property name="env.TRAVIS_TAG" value="nightly" />
    <property name="env.ANSI_YELLOW" value="\033[33;1m" />
    <property name="env.TRAVIS_FILTERED" value="redirect_io" />
    <property name="env.ANSI_GREEN" value="\033[32;1m" />
    <property name="env.JAVA_HOME" value="/usr/local/lib/jvm/openjdk11" />
    <property name="javadoc.excludepackagenames" value="adm.cvs2svn.*,build.*,config.*,doc.coding.templates.*,jni.test.jni.meaningOfLife.*,jni.test.jni.testDeux.*,jni.test.jni.testTrois.*,org.terraswarm.accessor.accessors.web.node_modules.*,org.terraswarm.accessor.accessors.web.hosts.cordova.demo.*,org.terraswarm.accessor.accessors.web.hosts.cordova.plugins.*,org.terraswarm.accessor.accessors-svn.*,pt-modules.*,ptolemy.apps.agilent.*,ptolemy.apps.anytimecontrol.*,ptolemy.apps.apes.*,ptolemy.apps.charon.*,ptolemy.apps.crazyboard.*,ptolemy.apps.eclipse.*,ptolemy.apps.etherealSting.*,ptolemy.apps.fullscreen.*,ptolemy.apps.giotto.*,ptolemy.apps.ia.*,ptolemy.apps.interfaces.*,ptolemy.apps.jmf.*,ptolemy.apps.kurt.*,ptolemy.apps.kvm.*,ptolemy.apps.lego.*,ptolemy.apps.lejos.*,ptolemy.apps.midp.*,ptolemy.apps.mobileCoding.*,ptolemy.apps.pendulum.*,ptolemy.apps.rijndael.*,ptolemy.apps.robot.*,ptolemy.apps.security.*,ptolemy.apps.sobel.*,ptolemy.apps.soot.*,ptolemy.apps.throttle.*,ptolemy.apps.tini.*,ptolemy.apps.transmission.*,ptolemy.apps.vergil.*,ptolemy.apps.waba.*,ptolemy.apps.websensor.*,ptolemy.apps.webstart.*,ptolemy.apps.xsl.*,ptolemy.apps.zaurus.*,ptolemy.codegen.c.actor.lib.oldJavaFiles.*,ptolemy.codegen.dsp.lib.*,ptolemy.codegen.kernel.newInterfaces.*,ptolemy.codegen.lib.*,ptolemy.copernicus.kernel.fragment.*,ptolemy.copernicus.shallow.cg.*,ptolemy.domains.giotto.demo.Hierarchy.Hierarchy.*,ptolemy.domains.giotto.demo.Multimode.Multimode.*,ptolemy.domains.giotto.demo.Simple.Simple.*,ptolemy.domains.gr.lib.experimental.*,ptolemy.domains.gro.*,ptolemy.domains.pdf.*,ptolemy.domains.ptinyos.demo.Surge.output.*,ptolemy.moml.test.NoPackageActor.java*,ptolemy.plot.adm.*,ptolemy.plot.servlet.*,reports.*,signed.*,src.*,target.*,vendors.*,ptolemy.copernicus.applet.*,ptolemy.media.viewer.*,ptolemy.actor.corba.*,doc.doclets.*,ptolemy.apps.eclipse.awt.*,ptolemy.backtrack.*,ptolemy.backtrack.ast.*,ptolemy.cg.adapter.generic.program.procedural.c.mbed*,ptolemy.homer.*,ptolemy.actor.lib.jai.*,org.ptolemy.scala.*,diva.util.java2d.svg.*,ptolemy.domains.ptinyos.*,ptolemy.actor.lib.fmi.fmipp.*,,org.terraswarm.accessor.accessors.web.node_modules.*,org.terraswarm.accessor.accessors-svn,ptolemy.apps.*,ptolemy.actor.ptalon.demo.ptinyos.SendAndReceiveCnt.output,ptolemy.actor.ptalon.demo.ptinyos.SenseToLeds.output,ptolemy.domains.ptinyos.demo.CntToLedsAndRfm.output,ptolemy.domains.ptinyos.demo.RfmToLeds.output,ptolemy.domains.ptinyos.demo.SendAndReceiveCnt.output,ptolemy.domains.ptinyos.demo.SenseToLeds.output,ptolemy.actor.lib.jjs.modules.udpSocket.*" />
    <property name="env.PTII" value="/home/travis/build/icyphy/ptII" />
    <property name="env.XDG_SESSION_ID" value="2" />
    <property name="keystore" value="ptKeystore" />
    <property name="env.TRAVIS_COMMIT_MESSAGE" value="No longer display top output." />
    <property name="junit.output.dir" value="/home/travis/build/icyphy/ptII/reports/junit" />
    <property name="npm.return.code" value="0" />
    <property name="user.dir" value="/home/travis/build/icyphy/ptII/ptolemy/domains/de/test" />
    <property name="env.TRAVIS_NODE_VERSION" value="7" />
    <property name="env.TRAVIS_EVENT_TYPE" value="cron" />
    <property name="env.MAIL" value="/var/mail/travis" />
    <property name="env.PERLBREW_ROOT" value="/home/travis/perl5/perlbrew" />
    <property name="env.PWD" value="/home/travis/build/icyphy/ptII" />
    <property name="timeout.npm" value="45000" />
    <property name="env.PT_TRAVIS_TEST_CORE2_XML" value="true" />
    <property name="env.TRAVIS_ARCH" value="amd64" />
    <property name="sun.cpu.endian" value="little" />
    <property name="env.PAGER" value="cat" />
    <property name="env.TRAVIS_BUILD_STAGE_NAME" value="Test" />
    <property name="env.PERLBREW_HOME" value="/home/travis/.perlbrew" />
    <property name="java.vm.version" value="11.0.2+9" />
    <property name="env.RAILS_ENV" value="test" />
    <property name="java.class.path" value="/home/travis/build/icyphy/ptII:/home/travis/build/icyphy/ptII/lib/bsh-2.0b4.jar:/home/travis/build/icyphy/ptII/lib/ptCal.jar:/home/travis/build/icyphy/ptII/lib/java_cup.jar:/home/travis/build/icyphy/ptII/lib/saxon8.jar:/home/travis/build/icyphy/ptII/lib/saxon8-dom.jar:/home/travis/build/icyphy/ptII/lib/chic.jar:/home/travis/build/icyphy/ptII/lib/ptcolt.jar:/home/travis/build/icyphy/ptII/vendors/misc/itext/iText.jar:/home/travis/build/icyphy/ptII/lib/g4ltl.jar:/home/travis/build/icyphy/ptII/lib/StructuralCoder.jar:/home/travis/build/icyphy/ptII/lib/jcerti.jar:/home/travis/build/icyphy/ptII/lib/javax.mail.jar:/home/travis/build/icyphy/ptII/vendors/JMF-2.1.1e/lib/jmf.jar:/home/travis/build/icyphy/ptII/lib/jna-4.0.0-variadic.jar:/home/travis/build/icyphy/ptII/vendors/misc/joystick/Joystick.jar:/home/travis/build/icyphy/ptII/lib/ptjacl.jar:/home/travis/build/icyphy/ptII/lib/jsoup-1.8.2.jar:/home/travis/build/icyphy/ptII/lib/junit-4.8.2.jar:/home/travis/build/icyphy/ptII/lib/JUnitParams-0.4.0.jar:/home/travis/build/icyphy/ptII/ptolemy/actor/lib/excel/jxl.jar:/home/travis/build/icyphy/ptII/lib/jython.jar:/home/travis/build/icyphy/ptII/lib/kieler.jar:/home/travis/build/icyphy/ptII/vendors/opencv/share/OpenCV/java/opencv-341.jar:/home/travis/build/icyphy/ptII/lib/oscP5.jar:/home/travis/build/icyphy/ptII/lib/nrjavaserial-3.11.0.devel.jar:/home/travis/build/icyphy/ptII/vendors/j3d/lib/Linux/j3dcore.jar:/home/travis/build/icyphy/ptII/vendors/j3d/lib/Linux/j3dutils.jar:/home/travis/build/icyphy/ptII/vendors/j3d/lib/Linux/vecmath.jar:/home/travis/build/icyphy/ptII/vendors/jogl/lib/Linux/gluegen-rt-natives-linux-amd64.jar:/home/travis/build/icyphy/ptII/vendors/jogl/lib/Linux/gluegen-rt.jar:/home/travis/build/icyphy/ptII/vendors/jogl/lib/Linux/jogl-all-natives-linux-amd64.jar:/home/travis/build/icyphy/ptII/vendors/jogl/lib/Linux/jogl-all.jar:/home/travis/build/icyphy/ptII/ptolemy/distributed/jini/jar/jini-core.jar:/home/travis/build/icyphy/ptII/ptolemy/distributed/jini/jar/jini-ext.jar:/home/travis/build/icyphy/ptII/ptolemy/distributed/jini/jar/sun-util.jar:/home/travis/build/icyphy/ptII/lib/protobuf-java-2.4.1.jar:/home/travis/build/icyphy/ptII/lib/org.eclipse.paho.client.mqttv3.jar:/home/travis/build/icyphy/ptII/lib/mapss.jar:/home/travis/build/icyphy/ptII/ptolemy/actor/ptalon/antlr/antlr.jar:/home/travis/build/icyphy/ptII/lib/JRI.jar:/home/travis/build/icyphy/ptII/lib/commons-lang-2.6.jar:/home/travis/build/icyphy/ptII/lib/commons-logging-1.1.1.jar:/home/travis/build/icyphy/ptII/lib/sootclasses.jar:/home/travis/build/icyphy/ptII/ptolemy/actor/lib/database/mysql-connector-java-5.1.6-bin.jar:/home/travis/build/icyphy/ptII/vendors/misc/sphinx4/sphinx4-data-5prealpha.jar:/home/travis/build/icyphy/ptII/vendors/misc/sphinx4/sphinx4-core-5prealpha.jar:/home/travis/build/icyphy/ptII/lib/PDFRenderer.jar:/home/travis/build/icyphy/ptII/lib/svgSalamander.jar:/home/travis/build/icyphy/ptII/lib/rsyntaxtextarea-2.6.0-SNAPSHOT.jar:/home/travis/build/icyphy/ptII/lib/hazelcast-3.8.2.jar:/home/travis/build/icyphy/ptII/lib/jackson-annotations-2.9.0.jar:/home/travis/build/icyphy/ptII/lib/jackson-core-2.9.3.jar:/home/travis/build/icyphy/ptII/lib/jackson-databind-2.9.3.jar:/home/travis/build/icyphy/ptII/lib/netty-buffer-4.1.19.Final.jar:/home/travis/build/icyphy/ptII/lib/netty-codec-4.1.19.Final.jar:/home/travis/build/icyphy/ptII/lib/netty-codec-dns-4.1.19.Final.jar:/home/travis/build/icyphy/ptII/lib/netty-codec-http-4.1.19.Final.jar:/home/travis/build/icyphy/ptII/lib/netty-codec-http2-4.1.19.Final.jar:/home/travis/build/icyphy/ptII/lib/netty-common-4.1.19.Final.jar:/home/travis/build/icyphy/ptII/lib/netty-handler-4.1.19.Final.jar:/home/travis/build/icyphy/ptII/lib/netty-resolver-4.1.19.Final.jar:/home/travis/build/icyphy/ptII/lib/netty-resolver-dns-4.1.19.Final.jar:/home/travis/build/icyphy/ptII/lib/netty-transport-4.1.19.Final.jar:/home/travis/build/icyphy/ptII/lib/vertx-codegen-3.5.1.jar:/home/travis/build/icyphy/ptII/lib/vertx-core-3.5.2-SNAPSHOT.jar:/home/travis/build/icyphy/ptII/lib/vertx-hazelcast-3.5.1.jar:/home/travis/build/icyphy/ptII/lib/vertx-lang-js-3.5.1.jar:/home/travis/build/icyphy/ptII/lib/vertx-service-proxy-3.5.1.jar:/home/travis/build/icyphy/ptII/lib/vertx-web-3.5.1.jar:/home/travis/build/icyphy/ptII/lib/slf4j-api-1.7.13.jar:/home/travis/build/icyphy/ptII/lib/slf4j-simple-1.7.13.jar:/home/travis/build/icyphy/ptII/lib/webcam-capture-0.3.12.jar:/home/travis/build/icyphy/ptII/lib/bridj-0.7.0.jar:/home/travis/build/icyphy/ptII/lib/xbjlib-1.1.0.nrjavaserial.jar:/home/travis/build/icyphy/ptII/ptolemy/moml/test:/home/travis/build/icyphy/ptII/ant/lib/ant-launcher.jar:/home/travis/build/icyphy/ptII/ant/lib/ant.jar:/home/travis/build/icyphy/ptII/ant/lib/ant-junit.jar:/home/travis/build/icyphy/ptII/ant/lib/ant-junit4.jar" />
    <property name="ant.library.dir" value="/home/travis/build/icyphy/ptII/ant/lib" />
    <property name="os.arch" value="amd64" />
    <property name="env.CONTINUOUS_INTEGRATION" value="true" />
    <property name="env.TRAVIS_LANGUAGE" value="node_js" />
    <property name="env.TRAVIS_STACK_LANGUAGES" value="__sardonyx__ c c++ clojure cplusplus cpp default generic go groovy java node_js php pure_java python ruby scala" />
    <property name="test.name" value="ptolemy.actor.lib.test.junit.JUnitTclTest" />
    <property name="env.APT_KEY_DONT_WARN_ON_DANGEROUS_USAGE" value="1" />
    <property name="sun.java.launcher" value="SUN_STANDARD" />
    <property name="env.PYTHON_CONFIGURE_OPTS" value="--enable-unicode=ucs4 --with-wide-unicode --enable-shared --enable-ipv6 --enable-loadable-sqlite-extensions --with-computed-gotos" />
    <property name="ant.core.lib" value="/home/travis/build/icyphy/ptII/ant/lib/ant.jar" />
    <property name="java.vm.specification.vendor" value="Oracle Corporation" />
    <property name="env.BCVTB_HOME" value="/home/travis/build/icyphy/ptII/lbnl" />
    <property name="file.separator" value="/" />
    <property name="spotbugs.home" value="/home/travis/build/icyphy/ptII/vendors/spotbugs-3.1.1" />
    <property name="java.runtime.version" value="11.0.2+9" />
    <property name="env.ANSI_CLEAR" value="\033[0K" />
    <property name="javafx.verbose" value="true" />
    <property name="env.HAS_JOSH_K_SEAL_OF_APPROVAL" value="true" />
    <property name="env.XDG_RUNTIME_DIR" value="/run/user/2000" />
    <property name="env.TRAVIS_OSX_IMAGE" value="" />
    <property name="env.TRAVIS_JOB_ID" value="563384853" />
    <property name="env.TRAVIS_BRANCH" value="master" />
    <property name="user.country" value="US" />
    <property name="env.CERTI_HOME_TRAVIS" value="/home/travis/pthla/certi-tools" />
    <property name="env.SHELL" value="/bin/bash" />
    <property name="java.maxmemory.large" value="3200m" />
    <property name="model" value="" />
    <property name="env.CASHER_DIR" value="/home/travis/.casher" />
    <property name="env.NVM_CD_FLAGS" value="" />
    <property name="java.vendor.version" value="18.9" />
    <property name="jshint.executable" value="/home/travis/node_modules/jshint/bin/jshint" />
    <property name="env.JRUBY_OPTS" value=" --client -J-XX:+TieredCompilation -J-XX:TieredStopAtLevel=1 -J-Xss2m -Xcompile.invokedynamic=false" />
    <property name="java.vendor" value="Oracle Corporation" />
    <property name="env.TRAVIS_PRE_CHEF_BOOTSTRAP_TIME" value="2019-03-25T16:16:42" />
    <property name="env.TRAVIS_STACK_JOB_BOARD_REGISTER" value="/.job-board-register.yml" />
    <property name="env.ANSI_RED" value="\033[31;1m" />
    <property name="java.specification.version" value="11" />
    <property name="env.IRBRC" value="/home/travis/.rvm/rubies/ruby-2.5.3/.irbrc" />
    <property name="env.TRAVIS" value="true" />
    <property name="sun.arch.data.model" value="64" />
  </properties>
  <testcase classname="ptolemy.util.test.junit.TclTests" name="[0] /home/travis/build/icyphy/ptII/ptolemy/domains/de/test/DependencyLoop.tcl (RunTclFile)" time="1.083" />
  <testcase classname="ptolemy.util.test.junit.TclTests" name="[1] /home/travis/build/icyphy/ptII/ptolemy/domains/de/test/RunDETestsAsQSS.tcl (RunTclFile)" time="90.602" />
  <testcase classname="ptolemy.util.test.junit.AutoKnownFailedTests" name="[0] /home/travis/build/icyphy/ptII/ptolemy/domains/de/test/auto/knownFailedTests/DESDFClockTest.xml (RunModel)" time="2.058" />
  <testcase classname="ptolemy.util.test.junit.AutoKnownFailedTests" name="[1] /home/travis/build/icyphy/ptII/ptolemy/domains/de/test/auto/knownFailedTests/DirectFeedback.xml (RunModel)" time="0.019" />
  <testcase classname="ptolemy.util.test.junit.AutoKnownFailedTests" name="[2] /home/travis/build/icyphy/ptII/ptolemy/domains/de/test/auto/knownFailedTests/FSMSource.xml (RunModel)" time="0.048" />
  <testcase classname="ptolemy.util.test.junit.AutoKnownFailedTests" name="[3] /home/travis/build/icyphy/ptII/ptolemy/domains/de/test/auto/knownFailedTests/HierarchicalModel.xml (RunModel)" time="0.045" />
  <testcase classname="ptolemy.util.test.junit.AutoKnownFailedTests" name="[4] /home/travis/build/icyphy/ptII/ptolemy/domains/de/test/auto/knownFailedTests/dependencyLoop.xml (RunModel)" time="0.04" />
  <testcase classname="ptolemy.util.test.junit.AutoKnownFailedTests" name="[5] /home/travis/build/icyphy/ptII/ptolemy/domains/de/test/auto/knownFailedTests/dependencyLoop2.xml (RunModel)" time="0.043" />
  <testcase classname="ptolemy.util.test.junit.AutoNameArchTests" name="[0] ThereAreNoAutoArchTests (RunModel)" time="0.002" />
  <testcase classname="ptolemy.util.test.junit.AutoTests" name="[0] /home/travis/build/icyphy/ptII/ptolemy/domains/de/test/auto/ActorDepthCalculation_actorWithoutPorts.xml (RunModel)" time="0.024" />
  <testcase classname="ptolemy.util.test.junit.AutoTests" name="[1] /home/travis/build/icyphy/ptII/ptolemy/domains/de/test/auto/AssemblyLine.xml (RunModel)" time="0.022" />
  <testcase classname="ptolemy.util.test.junit.AutoTests" name="[2] /home/travis/build/icyphy/ptII/ptolemy/domains/de/test/auto/CQBug1.xml (RunModel)" time="0.014" />
  <testcase classname="ptolemy.util.test.junit.AutoTests" name="[3] /home/travis/build/icyphy/ptII/ptolemy/domains/de/test/auto/CancelFireAt.xml (RunModel)" time="0.01" />
  <testcase classname="ptolemy.util.test.junit.AutoTests" name="[4] /home/travis/build/icyphy/ptII/ptolemy/domains/de/test/auto/CausalityAndComposabilityAnalysis.xml (RunModel)" time="0.008" />
  <testcase classname="ptolemy.util.test.junit.AutoTests" name="[5] /home/travis/build/icyphy/ptII/ptolemy/domains/de/test/auto/CausalityInterface1.xml (RunModel)" time="0.021" />
  <testcase classname="ptolemy.util.test.junit.AutoTests" name="[6] /home/travis/build/icyphy/ptII/ptolemy/domains/de/test/auto/CausalityInterface15.xml (RunModel)" time="0.011" />
  <testcase classname="ptolemy.util.test.junit.AutoTests" name="[7] /home/travis/build/icyphy/ptII/ptolemy/domains/de/test/auto/CausalityInterface2.xml (RunModel)" time="0.011" />
  <testcase classname="ptolemy.util.test.junit.AutoTests" name="[8] /home/travis/build/icyphy/ptII/ptolemy/domains/de/test/auto/CausalityInterface3.xml (RunModel)" time="0.013" />
  <testcase classname="ptolemy.util.test.junit.AutoTests" name="[9] /home/travis/build/icyphy/ptII/ptolemy/domains/de/test/auto/ClockDrift.xml (RunModel)" time="0.025" />
  <testcase classname="ptolemy.util.test.junit.AutoTests" name="[10] /home/travis/build/icyphy/ptII/ptolemy/domains/de/test/auto/ClockDriftAndValueChange.xml (RunModel)" time="0.022" />
  <testcase classname="ptolemy.util.test.junit.AutoTests" name="[11] /home/travis/build/icyphy/ptII/ptolemy/domains/de/test/auto/ClockDriftChange.xml (RunModel)" time="0.023" />
  <testcase classname="ptolemy.util.test.junit.AutoTests" name="[12] /home/travis/build/icyphy/ptII/ptolemy/domains/de/test/auto/ComposableCausalityAnalysis.xml (RunModel)" time="0.014" />
  <testcase classname="ptolemy.util.test.junit.AutoTests" name="[13] /home/travis/build/icyphy/ptII/ptolemy/domains/de/test/auto/DEFixedPointLimitation.xml (RunModel)" time="0.007" />
  <testcase classname="ptolemy.util.test.junit.AutoTests" name="[14] /home/travis/build/icyphy/ptII/ptolemy/domains/de/test/auto/DEScheduleTest.xml (RunModel)" time="0.007" />
  <testcase classname="ptolemy.util.test.junit.AutoTests" name="[15] /home/travis/build/icyphy/ptII/ptolemy/domains/de/test/auto/DEinDEwithStartTimes.xml (RunModel)" time="0.012" />
  <testcase classname="ptolemy.util.test.junit.AutoTests" name="[16] /home/travis/build/icyphy/ptII/ptolemy/domains/de/test/auto/DEinDEwithStartTimes2.xml (RunModel)" time="0.013" />
  <testcase classname="ptolemy.util.test.junit.AutoTests" name="[17] /home/travis/build/icyphy/ptII/ptolemy/domains/de/test/auto/DateDemo.xml (RunModel)" time="0.022" />
  <testcase classname="ptolemy.util.test.junit.AutoTests" name="[18] /home/travis/build/icyphy/ptII/ptolemy/domains/de/test/auto/DateToEvent.xml (RunModel)" time="2.032" />
  <testcase classname="ptolemy.util.test.junit.AutoTests" name="[19] /home/travis/build/icyphy/ptII/ptolemy/domains/de/test/auto/DepthTest1.xml (RunModel)" time="0.006" />
  <testcase classname="ptolemy.util.test.junit.AutoTests" name="[20] /home/travis/build/icyphy/ptII/ptolemy/domains/de/test/auto/DepthTest2.xml (RunModel)" time="0.01" />
  <testcase classname="ptolemy.util.test.junit.AutoTests" name="[21] /home/travis/build/icyphy/ptII/ptolemy/domains/de/test/auto/DepthTest3.xml (RunModel)" time="0.007" />
  <testcase classname="ptolemy.util.test.junit.AutoTests" name="[22] /home/travis/build/icyphy/ptII/ptolemy/domains/de/test/auto/DepthTest4.xml (RunModel)" time="0.019" />
  <testcase classname="ptolemy.util.test.junit.AutoTests" name="[23] /home/travis/build/icyphy/ptII/ptolemy/domains/de/test/auto/DepthTest5.xml (RunModel)" time="0.017" />
  <testcase classname="ptolemy.util.test.junit.AutoTests" name="[24] /home/travis/build/icyphy/ptII/ptolemy/domains/de/test/auto/DepthTest6.xml (RunModel)" time="0.012" />
  <testcase classname="ptolemy.util.test.junit.AutoTests" name="[25] /home/travis/build/icyphy/ptII/ptolemy/domains/de/test/auto/DepthTest7.xml (RunModel)" time="0.009" />
  <testcase classname="ptolemy.util.test.junit.AutoTests" name="[26] /home/travis/build/icyphy/ptII/ptolemy/domains/de/test/auto/EventToDate.xml (RunModel)" time="3.044" />
  <testcase classname="ptolemy.util.test.junit.AutoTests" name="[27] /home/travis/build/icyphy/ptII/ptolemy/domains/de/test/auto/FSM1.xml (RunModel)" time="0.029" />
  <testcase classname="ptolemy.util.test.junit.AutoTests" name="[28] /home/travis/build/icyphy/ptII/ptolemy/domains/de/test/auto/FSM7.xml (RunModel)" time="0.038" />
  <testcase classname="ptolemy.util.test.junit.AutoTests" name="[29] /home/travis/build/icyphy/ptII/ptolemy/domains/de/test/auto/Inspection.xml (RunModel)" time="0.034" />
  <testcase classname="ptolemy.util.test.junit.AutoTests" name="[30] /home/travis/build/icyphy/ptII/ptolemy/domains/de/test/auto/Iteration.xml (RunModel)" time="0.025" />
  <testcase classname="ptolemy.util.test.junit.AutoTests" name="[31] /home/travis/build/icyphy/ptII/ptolemy/domains/de/test/auto/LineFault.xml (RunModel)" time="0.487" />
  <testcase classname="ptolemy.util.test.junit.AutoTests" name="[32] /home/travis/build/icyphy/ptII/ptolemy/domains/de/test/auto/MergeModel1Add.xml (RunModel)" time="0.054" />
  <testcase classname="ptolemy.util.test.junit.AutoTests" name="[33] /home/travis/build/icyphy/ptII/ptolemy/domains/de/test/auto/MergeModel2Add.xml (RunModel)" time="0.046" />
  <testcase classname="ptolemy.util.test.junit.AutoTests" name="[34] /home/travis/build/icyphy/ptII/ptolemy/domains/de/test/auto/MergeModel3Add.xml (RunModel)" time="0.037" />
  <testcase classname="ptolemy.util.test.junit.AutoTests" name="[35] /home/travis/build/icyphy/ptII/ptolemy/domains/de/test/auto/MergeWithoutDiscard.xml (RunModel)" time="0.024" />
  <testcase classname="ptolemy.util.test.junit.AutoTests" name="[36] /home/travis/build/icyphy/ptII/ptolemy/domains/de/test/auto/Modal1.xml (RunModel)" time="0.029" />
  <testcase classname="ptolemy.util.test.junit.AutoTests" name="[37] /home/travis/build/icyphy/ptII/ptolemy/domains/de/test/auto/Modal2.xml (RunModel)" time="0.028" />
  <testcase classname="ptolemy.util.test.junit.AutoTests" name="[38] /home/travis/build/icyphy/ptII/ptolemy/domains/de/test/auto/Modal3.xml (RunModel)" time="0.024" />
  <testcase classname="ptolemy.util.test.junit.AutoTests" name="[39] /home/travis/build/icyphy/ptII/ptolemy/domains/de/test/auto/Modal4.xml (RunModel)" time="0.029" />
  <testcase classname="ptolemy.util.test.junit.AutoTests" name="[40] /home/travis/build/icyphy/ptII/ptolemy/domains/de/test/auto/Modal5.xml (RunModel)" time="0.022" />
  <testcase classname="ptolemy.util.test.junit.AutoTests" name="[41] /home/travis/build/icyphy/ptII/ptolemy/domains/de/test/auto/Modal6.xml (RunModel)" time="0.038" />
  <testcase classname="ptolemy.util.test.junit.AutoTests" name="[42] /home/travis/build/icyphy/ptII/ptolemy/domains/de/test/auto/Modal7.xml (RunModel)" time="0.032" />
  <testcase classname="ptolemy.util.test.junit.AutoTests" name="[43] /home/travis/build/icyphy/ptII/ptolemy/domains/de/test/auto/ModalModel.xml (RunModel)" time="0.185" />
  <testcase classname="ptolemy.util.test.junit.AutoTests" name="[44] /home/travis/build/icyphy/ptII/ptolemy/domains/de/test/auto/ModalSource.xml (RunModel)" time="0.025" />
  <testcase classname="ptolemy.util.test.junit.AutoTests" name="[45] /home/travis/build/icyphy/ptII/ptolemy/domains/de/test/auto/NonInterruptibleTimerZeroDelay.xml (RunModel)" time="0.011" />
  <testcase classname="ptolemy.util.test.junit.AutoTests" name="[46] /home/travis/build/icyphy/ptII/ptolemy/domains/de/test/auto/OpenQueueingNetwork.xml (RunModel)" time="2.548" />
  <testcase classname="ptolemy.util.test.junit.AutoTests" name="[47] /home/travis/build/icyphy/ptII/ptolemy/domains/de/test/auto/OpenQueuingNetwork.xml (RunModel)" time="0.248" />
  <testcase classname="ptolemy.util.test.junit.AutoTests" name="[48] /home/travis/build/icyphy/ptII/ptolemy/domains/de/test/auto/PeriodicSampler.xml (RunModel)" time="0.008" />
  <testcase classname="ptolemy.util.test.junit.AutoTests" name="[49] /home/travis/build/icyphy/ptII/ptolemy/domains/de/test/auto/PersistentIO.xml (RunModel)" time="0.02" />
  <testcase classname="ptolemy.util.test.junit.AutoTests" name="[50] /home/travis/build/icyphy/ptII/ptolemy/domains/de/test/auto/PortParameterResetOnInitialize.xml (RunModel)" time="0.008" />
  <testcase classname="ptolemy.util.test.junit.AutoTests" name="[51] /home/travis/build/icyphy/ptII/ptolemy/domains/de/test/auto/PortParameterUpdates.xml (RunModel)" time="0.014" />
  <testcase classname="ptolemy.util.test.junit.AutoTests" name="[52] /home/travis/build/icyphy/ptII/ptolemy/domains/de/test/auto/QueueAndServer.xml (RunModel)" time="0.022" />
  <testcase classname="ptolemy.util.test.junit.AutoTests" name="[53] /home/travis/build/icyphy/ptII/ptolemy/domains/de/test/auto/Records.xml (RunModel)" time="0.015" />
  <testcase classname="ptolemy.util.test.junit.AutoTests" name="[54] /home/travis/build/icyphy/ptII/ptolemy/domains/de/test/auto/ResetTransitionWithStartTime1.xml (RunModel)" time="0.021" />
  <testcase classname="ptolemy.util.test.junit.AutoTests" name="[55] /home/travis/build/icyphy/ptII/ptolemy/domains/de/test/auto/ResetTransitionWithStartTime2.xml (RunModel)" time="0.018" />
  <testcase classname="ptolemy.util.test.junit.AutoTests" name="[56] /home/travis/build/icyphy/ptII/ptolemy/domains/de/test/auto/ResetTransitionWithStartTime3.xml (RunModel)" time="0.019" />
  <testcase classname="ptolemy.util.test.junit.AutoTests" name="[57] /home/travis/build/icyphy/ptII/ptolemy/domains/de/test/auto/ResetTransitionWithStartTime4.xml (RunModel)" time="0.021" />
  <testcase classname="ptolemy.util.test.junit.AutoTests" name="[58] /home/travis/build/icyphy/ptII/ptolemy/domains/de/test/auto/ResettableTimer1.xml (RunModel)" time="0.015" />
  <testcase classname="ptolemy.util.test.junit.AutoTests" name="[59] /home/travis/build/icyphy/ptII/ptolemy/domains/de/test/auto/ResettableTimer2.xml (RunModel)" time="0.008" />
  <testcase classname="ptolemy.util.test.junit.AutoTests" name="[60] /home/travis/build/icyphy/ptII/ptolemy/domains/de/test/auto/ResettableTimer3.xml (RunModel)" time="0.01" />
  <testcase classname="ptolemy.util.test.junit.AutoTests" name="[61] /home/travis/build/icyphy/ptII/ptolemy/domains/de/test/auto/ResettableTimer4.xml (RunModel)" time="0.006" />
  <testcase classname="ptolemy.util.test.junit.AutoTests" name="[62] /home/travis/build/icyphy/ptII/ptolemy/domains/de/test/auto/ResettableTimer5.xml (RunModel)" time="0.023" />
  <testcase classname="ptolemy.util.test.junit.AutoTests" name="[63] /home/travis/build/icyphy/ptII/ptolemy/domains/de/test/auto/ResettableTimer6.xml (RunModel)" time="0.038" />
  <testcase classname="ptolemy.util.test.junit.AutoTests" name="[64] /home/travis/build/icyphy/ptII/ptolemy/domains/de/test/auto/ServerZeroDelay.xml (RunModel)" time="0.012" />
  <testcase classname="ptolemy.util.test.junit.AutoTests" name="[65] /home/travis/build/icyphy/ptII/ptolemy/domains/de/test/auto/SmartSender.xml (RunModel)" time="3.008" />
  <testcase classname="ptolemy.util.test.junit.AutoTests" name="[66] /home/travis/build/icyphy/ptII/ptolemy/domains/de/test/auto/ThreadedComposite.xml (RunModel)" time="0.2" />
  <testcase classname="ptolemy.util.test.junit.AutoTests" name="[67] /home/travis/build/icyphy/ptII/ptolemy/domains/de/test/auto/Time.xml (RunModel)" time="0.445" />
  <testcase classname="ptolemy.util.test.junit.AutoTests" name="[68] /home/travis/build/icyphy/ptII/ptolemy/domains/de/test/auto/TimeDelayZeroDelay.xml (RunModel)" time="0.012" />
  <testcase classname="ptolemy.util.test.junit.AutoTests" name="[69] /home/travis/build/icyphy/ptII/ptolemy/domains/de/test/auto/TimerZeroDelay.xml (RunModel)" time="0.01" />
  <testcase classname="ptolemy.util.test.junit.AutoTests" name="[70] /home/travis/build/icyphy/ptII/ptolemy/domains/de/test/auto/TimingParadox.xml (RunModel)" time="0.38" />
  <testcase classname="ptolemy.util.test.junit.AutoTests" name="[71] /home/travis/build/icyphy/ptII/ptolemy/domains/de/test/auto/TransferInputs.xml (RunModel)" time="0.015" />
  <testcase classname="ptolemy.util.test.junit.AutoTests" name="[72] /home/travis/build/icyphy/ptII/ptolemy/domains/de/test/auto/TransferOutputs2.xml (RunModel)" time="0.034" />
  <testcase classname="ptolemy.util.test.junit.AutoTests" name="[73] /home/travis/build/icyphy/ptII/ptolemy/domains/de/test/auto/Trilateration.xml (RunModel)" time="13.045" />
  <testcase classname="ptolemy.util.test.junit.AutoTests" name="[74] /home/travis/build/icyphy/ptII/ptolemy/domains/de/test/auto/TwoSigmaDelta.xml (RunModel)" time="1.991" />
  <testcase classname="ptolemy.util.test.junit.AutoTests" name="[75] /home/travis/build/icyphy/ptII/ptolemy/domains/de/test/auto/VariableDelay.xml (RunModel)" time="0.018" />
  <testcase classname="ptolemy.util.test.junit.AutoTests" name="[76] /home/travis/build/icyphy/ptII/ptolemy/domains/de/test/auto/VariableDelay2.xml (RunModel)" time="0.008" />
  <testcase classname="ptolemy.util.test.junit.AutoTests" name="[77] /home/travis/build/icyphy/ptII/ptolemy/domains/de/test/auto/VariableDelayZeroDelay.xml (RunModel)" time="0.01" />
  <testcase classname="ptolemy.util.test.junit.AutoTests" name="[78] /home/travis/build/icyphy/ptII/ptolemy/domains/de/test/auto/VariableDelayZeroDelay2.xml (RunModel)" time="0.006" />
  <testcase classname="ptolemy.util.test.junit.AutoTests" name="[79] /home/travis/build/icyphy/ptII/ptolemy/domains/de/test/auto/deInCt.xml (RunModel)" time="0.011" />
  <testcase classname="ptolemy.util.test.junit.AutoTests" name="[80] /home/travis/build/icyphy/ptII/ptolemy/domains/de/test/auto/deInCt2.xml (RunModel)" time="0.023" />
  <testcase classname="ptolemy.util.test.junit.AutoTests" name="[81] /home/travis/build/icyphy/ptII/ptolemy/domains/de/test/auto/dynamicCausalityInterface1.xml (RunModel)" time="0.018" />
  <testcase classname="ptolemy.util.test.junit.AutoTests" name="[82] /home/travis/build/icyphy/ptII/ptolemy/domains/de/test/auto/fsm_de_test.xml (RunModel)" time="0.028" />
  <testcase classname="ptolemy.util.test.junit.AutoTests" name="[83] /home/travis/build/icyphy/ptII/ptolemy/domains/de/test/auto/functionDependencyReconstruction.xml (RunModel)" time="0.036" />
  <testcase classname="ptolemy.util.test.junit.AutoTests" name="[84] /home/travis/build/icyphy/ptII/ptolemy/domains/de/test/auto/multirate.xml (RunModel)" time="0.015" />
  <testcase classname="ptolemy.util.test.junit.AutoTests" name="[85] /home/travis/build/icyphy/ptII/ptolemy/domains/de/test/auto/multirate2.xml (RunModel)" time="0.014" />
  <testcase classname="ptolemy.util.test.junit.AutoTests" name="[86] /home/travis/build/icyphy/ptII/ptolemy/domains/de/test/auto/realtime.xml (RunModel)" time="10.009" />
  <testcase classname="ptolemy.util.test.junit.AutoTests" name="[87] /home/travis/build/icyphy/ptII/ptolemy/domains/de/test/auto/relationGroup.xml (RunModel)" time="0.011" />
  <testcase classname="ptolemy.util.test.junit.AutoTests" name="[88] /home/travis/build/icyphy/ptII/ptolemy/domains/de/test/auto/relationGroup2.xml (RunModel)" time="0.007" />
  <testcase classname="ptolemy.util.test.junit.AutoTests" name="[89] /home/travis/build/icyphy/ptII/ptolemy/domains/de/test/auto/sortWithOpaquePorts.xml (RunModel)" time="0.008" />
  <testcase classname="ptolemy.util.test.junit.AutoTests" name="[90] /home/travis/build/icyphy/ptII/ptolemy/domains/de/test/auto/transferInputsandOutputs.xml (RunModel)" time="0.023" />
  <testcase classname="ptolemy.util.test.junit.AutoTests" name="[91] /home/travis/build/icyphy/ptII/ptolemy/domains/de/test/auto/triggerType.xml (RunModel)" time="0.013" />
  <system-out><![CDATA[/home/travis/build/icyphy/ptII/ptolemy/domains/de/test/DependencyLoop.tcl
testDefs.tcl: setting time out to 9000 seconds at Thu Jul 25 05:07:41 UTC 2019
83 ms. Memory: 120832K Free: 72130K (60%)
17 ms. Memory: 120832K Free: 54691K (45%)
/home/travis/build/icyphy/ptII/ptolemy/domains/de/test/RunDETestsAsQSS.tcl
Run the DE tests using ptolemy.domains.qss.test.QSSDirectorTest, which extends QSSDirector and prints a message in the constructors.
------------------ testing $PTII/ptolemy/domains/de/test/auto/knownFailedTests/DirectFeedback.xml (Known Failure) 
59 ms. Memory: 120832K Free: 49092K (41%)


==== $PTIIhome/travis/build/icyphy/ptII/ptolemy/domains/de/test/../../../../: Auto Automatic test in file $PTII/ptolemy/domains/de/test/auto/knownFailedTests/DirectFeedback.xml
==== Contents of test case:

	    # FIXME: we should use $relativeFilename here, but it
	    # might have backslashes under Windows, which causes no end
	    # of trouble.
	    createAndExecute $file
	    list {}
	
.... Test generated KNOWN error:
    while executing
ptolemy.kernel.util.IllegalActionException: Test fails in iteration 1.
Value was: 1.0. Should have been: 2.0
  in .DirectFeedback.Test
	at ptolemy.actor.lib.Test.fire(Test.java:268)
	at ptolemy.domains.de.kernel.DEDirector._fire(DEDirector.java:1949)
	at ptolemy.domains.de.kernel.DEDirector.fire(DEDirector.java:502)
	at ptolemy.actor.CompositeActor.fire(CompositeActor.java:455)
	at ptolemy.actor.Manager.iterate(Manager.java:851)
	at ptolemy.actor.Manager.execute(Manager.java:369)
	at ptolemy.actor.Manager.run(Manager.java:1263)
	at ptolemy.actor.Manager$PtolemyRunThread.run(Manager.java:1933)

    while executing
ptolemy.kernel.util.IllegalActionException: Test fails in iteration 1.
Value was: 1.0. Should have been: 2.0
  in .DirectFeedback.Test
    while executing
"java::new ptolemy.moml.MoMLSimpleApplication $file
"
    (procedure "createAndExecute" line 2)
    invoked from within
"createAndExecute $file"
    ("uplevel" body line 5)
    invoked from within
"uplevel $contents_of_test"
------------------ testing $PTII/ptolemy/domains/de/test/auto/knownFailedTests/dependencyLoop.xml (Known Failure) 
24 ms. Memory: 120832K Free: 46020K (38%)


==== $PTIIhome/travis/build/icyphy/ptII/ptolemy/domains/de/test/../../../../: Auto Automatic test in file $PTII/ptolemy/domains/de/test/auto/knownFailedTests/dependencyLoop.xml
==== Contents of test case:

	    # FIXME: we should use $relativeFilename here, but it
	    # might have backslashes under Windows, which causes no end
	    # of trouble.
	    createAndExecute $file
	    list {}
	
.... Test generated KNOWN error:
    while executing
ptolemy.kernel.util.IllegalActionException: Found a zero delay loop containing .dependencyLoop.original
  in .dependencyLoop and .dependencyLoop.original
	at ptolemy.actor.util.CausalityInterfaceForComposites._computeOutputPortDepth(CausalityInterfaceForComposites.java:759)
	at ptolemy.actor.util.CausalityInterfaceForComposites._computeInputDepth(CausalityInterfaceForComposites.java:696)
	at ptolemy.actor.util.CausalityInterfaceForComposites._computeOutputPortDepth(CausalityInterfaceForComposites.java:765)
	at ptolemy.actor.util.CausalityInterfaceForComposites._computeInputDepth(CausalityInterfaceForComposites.java:696)
	at ptolemy.actor.util.CausalityInterfaceForComposites._computeOutputPortDepth(CausalityInterfaceForComposites.java:765)
	at ptolemy.actor.util.CausalityInterfaceForComposites._computeInputDepth(CausalityInterfaceForComposites.java:696)
	at ptolemy.actor.util.CausalityInterfaceForComposites._computeActorDepth(CausalityInterfaceForComposites.java:532)
	at ptolemy.actor.util.CausalityInterfaceForComposites.checkForCycles(CausalityInterfaceForComposites.java:96)
	at ptolemy.domains.de.kernel.DEDirector.preinitialize(DEDirector.java:1338)
	at ptolemy.actor.CompositeActor.preinitialize(CompositeActor.java:1828)
	at ptolemy.actor.Manager.preinitializeAndResolveTypes(Manager.java:1040)
	at ptolemy.actor.Manager.initialize(Manager.java:710)
	at ptolemy.actor.Manager.execute(Manager.java:356)
	at ptolemy.actor.Manager.run(Manager.java:1263)
	at ptolemy.actor.Manager$PtolemyRunThread.run(Manager.java:1933)

    while executing
ptolemy.kernel.util.IllegalActionException: Found a zero delay loop containing .dependencyLoop.original
  in .dependencyLoop and .dependencyLoop.original
    while executing
"java::new ptolemy.moml.MoMLSimpleApplication $file
"
    (procedure "createAndExecute" line 2)
    invoked from within
"createAndExecute $file"
    ("uplevel" body line 5)
    invoked from within
"uplevel $contents_of_test"
------------------ testing $PTII/ptolemy/domains/de/test/auto/knownFailedTests/FSMSource.xml (Known Failure) 
82 ms. Memory: 120832K Free: 99388K (82%)
!!!! Auto was marked as failing, but now passes
------------------ testing $PTII/ptolemy/domains/de/test/auto/knownFailedTests/HierarchicalModel.xml (Known Failure) 
7 ms. Memory: 120832K Free: 82016K (68%)


==== $PTIIhome/travis/build/icyphy/ptII/ptolemy/domains/de/test/../../../../: Auto Automatic test in file $PTII/ptolemy/domains/de/test/auto/knownFailedTests/HierarchicalModel.xml
==== Contents of test case:

	    # FIXME: we should use $relativeFilename here, but it
	    # might have backslashes under Windows, which causes no end
	    # of trouble.
	    createAndExecute $file
	    list {}
	
.... Test generated KNOWN error:
    while executing
ptolemy.kernel.util.IllegalActionException: Found a zero delay loop containing .HierarchicalModel.A
  in .HierarchicalModel and .HierarchicalModel.A
	at ptolemy.actor.util.CausalityInterfaceForComposites._computeOutputPortDepth(CausalityInterfaceForComposites.java:759)
	at ptolemy.actor.util.CausalityInterfaceForComposites._computeInputDepth(CausalityInterfaceForComposites.java:696)
	at ptolemy.actor.util.CausalityInterfaceForComposites._computeOutputPortDepth(CausalityInterfaceForComposites.java:765)
	at ptolemy.actor.util.CausalityInterfaceForComposites._computeInputDepth(CausalityInterfaceForComposites.java:696)
	at ptolemy.actor.util.CausalityInterfaceForComposites._computeOutputPortDepth(CausalityInterfaceForComposites.java:765)
	at ptolemy.actor.util.CausalityInterfaceForComposites._computeInputDepth(CausalityInterfaceForComposites.java:696)
	at ptolemy.actor.util.CausalityInterfaceForComposites._computeActorDepth(CausalityInterfaceForComposites.java:532)
	at ptolemy.actor.util.CausalityInterfaceForComposites.checkForCycles(CausalityInterfaceForComposites.java:96)
	at ptolemy.domains.de.kernel.DEDirector.preinitialize(DEDirector.java:1338)
	at ptolemy.actor.CompositeActor.preinitialize(CompositeActor.java:1828)
	at ptolemy.actor.Manager.preinitializeAndResolveTypes(Manager.java:1040)
	at ptolemy.actor.Manager.initialize(Manager.java:710)
	at ptolemy.actor.Manager.execute(Manager.java:356)
	at ptolemy.actor.Manager.run(Manager.java:1263)
	at ptolemy.actor.Manager$PtolemyRunThread.run(Manager.java:1933)

    while executing
ptolemy.kernel.util.IllegalActionException: Found a zero delay loop containing .HierarchicalModel.A
  in .HierarchicalModel and .HierarchicalModel.A
    while executing
"java::new ptolemy.moml.MoMLSimpleApplication $file
"
    (procedure "createAndExecute" line 2)
    invoked from within
"createAndExecute $file"
    ("uplevel" body line 5)
    invoked from within
"uplevel $contents_of_test"
------------------ testing $PTII/ptolemy/domains/de/test/auto/knownFailedTests/dependencyLoop2.xml (Known Failure) 
27 ms. Memory: 120832K Free: 105858K (88%)


==== $PTIIhome/travis/build/icyphy/ptII/ptolemy/domains/de/test/../../../../: Auto Automatic test in file $PTII/ptolemy/domains/de/test/auto/knownFailedTests/dependencyLoop2.xml
==== Contents of test case:

	    # FIXME: we should use $relativeFilename here, but it
	    # might have backslashes under Windows, which causes no end
	    # of trouble.
	    createAndExecute $file
	    list {}
	
.... Test generated KNOWN error:
    while executing
ptolemy.kernel.util.IllegalActionException: Found a zero delay loop containing .dependencyLoop2.original
  in .dependencyLoop2 and .dependencyLoop2.original
	at ptolemy.actor.util.CausalityInterfaceForComposites._computeOutputPortDepth(CausalityInterfaceForComposites.java:759)
	at ptolemy.actor.util.CausalityInterfaceForComposites._computeInputDepth(CausalityInterfaceForComposites.java:696)
	at ptolemy.actor.util.CausalityInterfaceForComposites._computeOutputPortDepth(CausalityInterfaceForComposites.java:765)
	at ptolemy.actor.util.CausalityInterfaceForComposites._computeInputDepth(CausalityInterfaceForComposites.java:696)
	at ptolemy.actor.util.CausalityInterfaceForComposites._computeOutputPortDepth(CausalityInterfaceForComposites.java:765)
	at ptolemy.actor.util.CausalityInterfaceForComposites._computeInputDepth(CausalityInterfaceForComposites.java:696)
	at ptolemy.actor.util.CausalityInterfaceForComposites._computeActorDepth(CausalityInterfaceForComposites.java:532)
	at ptolemy.actor.util.CausalityInterfaceForComposites.checkForCycles(CausalityInterfaceForComposites.java:96)
	at ptolemy.domains.de.kernel.DEDirector.preinitialize(DEDirector.java:1338)
	at ptolemy.actor.CompositeActor.preinitialize(CompositeActor.java:1828)
	at ptolemy.actor.Manager.preinitializeAndResolveTypes(Manager.java:1040)
	at ptolemy.actor.Manager.initialize(Manager.java:710)
	at ptolemy.actor.Manager.execute(Manager.java:356)
	at ptolemy.actor.Manager.run(Manager.java:1263)
	at ptolemy.actor.Manager$PtolemyRunThread.run(Manager.java:1933)

    while executing
ptolemy.kernel.util.IllegalActionException: Found a zero delay loop containing .dependencyLoop2.original
  in .dependencyLoop2 and .dependencyLoop2.original
    while executing
"java::new ptolemy.moml.MoMLSimpleApplication $file
"
    (procedure "createAndExecute" line 2)
    invoked from within
"createAndExecute $file"
    ("uplevel" body line 5)
    invoked from within
"uplevel $contents_of_test"
------------------ testing $PTII/ptolemy/domains/de/test/auto/knownFailedTests/DESDFClockTest.xml (Known Failure) 
2062 ms. Memory: 120832K Free: 92598K (77%)


==== $PTIIhome/travis/build/icyphy/ptII/ptolemy/domains/de/test/../../../../: Auto Automatic test in file $PTII/ptolemy/domains/de/test/auto/knownFailedTests/DESDFClockTest.xml
==== Contents of test case:

	    # FIXME: we should use $relativeFilename here, but it
	    # might have backslashes under Windows, which causes no end
	    # of trouble.
	    createAndExecute $file
	    list {}
	
.... Test generated KNOWN error:
    while executing
ptolemy.kernel.util.IllegalActionException: Actor is not ready to fire.  Perhaps UpSample.prefire() returned false? Try debugging the actor by selecting "Listen to Actor".  Also, for SDF check moml for tokenConsumptionRate on input.
  in .DESDFClockTest.Play Bell.Copy1:SDF Director and .DESDFClockTest.Play Bell.UpSample
	at ptolemy.actor.sched.StaticSchedulingDirector.fire(StaticSchedulingDirector.java:227)
	at ptolemy.domains.sdf.kernel.SDFDirector.fire(SDFDirector.java:500)
	at ptolemy.actor.CompositeActor.fire(CompositeActor.java:455)
	at ptolemy.domains.de.kernel.DEDirector._fire(DEDirector.java:1949)
	at ptolemy.domains.de.kernel.DEDirector.fire(DEDirector.java:502)
	at ptolemy.actor.CompositeActor.fire(CompositeActor.java:455)
	at ptolemy.actor.Manager.iterate(Manager.java:851)
	at ptolemy.actor.Manager.execute(Manager.java:369)
	at ptolemy.actor.Manager.run(Manager.java:1263)
	at ptolemy.actor.Manager$PtolemyRunThread.run(Manager.java:1933)

    while executing
ptolemy.kernel.util.IllegalActionException: Actor is not ready to fire.  Perhaps UpSample.prefire() returned false? Try debugging the actor by selecting "Listen to Actor".  Also, for SDF check moml for tokenConsumptionRate on input.
  in .DESDFClockTest.Play Bell.Copy1:SDF Director and .DESDFClockTest.Play Bell.UpSample
    while executing
"java::new ptolemy.moml.MoMLSimpleApplication $file
"
    (procedure "createAndExecute" line 2)
    invoked from within
"createAndExecute $file"
    ("uplevel" body line 5)
    invoked from within
"uplevel $contents_of_test"
------------------ testing $PTII/ptolemy/domains/de/test/auto/ActorDepthCalculation_actorWithoutPorts.xml
auto.tcl: Setting watchdog for 200 seconds at Thu Jul 25 05:07:44 UTC 2019
5 ms. Memory: 120832K Free: 85409K (71%)
ptolemy.util.test.WatchDog.cancel(): canceling Thu Jul 25 05:07:44 UTC 2019
auto.tcl: Setting watchdog for 200 seconds at Thu Jul 25 05:07:44 UTC 2019
9 ms. Memory: 120832K Free: 84244K (70%)
ptolemy.util.test.WatchDog.cancel(): canceling Thu Jul 25 05:07:44 UTC 2019
------------------ testing $PTII/ptolemy/domains/de/test/auto/AssemblyLine.xml
auto.tcl: Setting watchdog for 200 seconds at Thu Jul 25 05:07:45 UTC 2019
38 ms. Memory: 48128K Free: 25216K (52%)
ptolemy.util.test.WatchDog.cancel(): canceling Thu Jul 25 05:07:45 UTC 2019
auto.tcl: Setting watchdog for 200 seconds at Thu Jul 25 05:07:45 UTC 2019
7 ms. Memory: 48128K Free: 24749K (51%)
ptolemy.util.test.WatchDog.cancel(): canceling Thu Jul 25 05:07:45 UTC 2019
------------------ testing $PTII/ptolemy/domains/de/test/auto/CQBug1.xml
auto.tcl: Setting watchdog for 200 seconds at Thu Jul 25 05:07:45 UTC 2019
2 ms. Memory: 48128K Free: 31481K (65%)
ptolemy.util.test.WatchDog.cancel(): canceling Thu Jul 25 05:07:45 UTC 2019
auto.tcl: Setting watchdog for 200 seconds at Thu Jul 25 05:07:45 UTC 2019
3 ms. Memory: 48128K Free: 31014K (64%)
ptolemy.util.test.WatchDog.cancel(): canceling Thu Jul 25 05:07:45 UTC 2019
------------------ testing $PTII/ptolemy/domains/de/test/auto/CancelFireAt.xml
auto.tcl: Setting watchdog for 200 seconds at Thu Jul 25 05:07:45 UTC 2019
2 ms. Memory: 45056K Free: 29704K (66%)
ptolemy.util.test.WatchDog.cancel(): canceling Thu Jul 25 05:07:45 UTC 2019
auto.tcl: Setting watchdog for 200 seconds at Thu Jul 25 05:07:45 UTC 2019
3 ms. Memory: 45056K Free: 29255K (65%)
ptolemy.util.test.WatchDog.cancel(): canceling Thu Jul 25 05:07:45 UTC 2019
------------------ testing $PTII/ptolemy/domains/de/test/auto/CausalityAndComposabilityAnalysis.xml
auto.tcl: Setting watchdog for 200 seconds at Thu Jul 25 05:07:45 UTC 2019
8 ms. Memory: 45056K Free: 27927K (62%)
ptolemy.util.test.WatchDog.cancel(): canceling Thu Jul 25 05:07:45 UTC 2019
auto.tcl: Setting watchdog for 200 seconds at Thu Jul 25 05:07:45 UTC 2019
5 ms. Memory: 45056K Free: 27122K (60%)
ptolemy.util.test.WatchDog.cancel(): canceling Thu Jul 25 05:07:45 UTC 2019
------------------ testing $PTII/ptolemy/domains/de/test/auto/CausalityInterface1.xml
auto.tcl: Setting watchdog for 200 seconds at Thu Jul 25 05:07:45 UTC 2019
22 ms. Memory: 45056K Free: 26376K (59%)
ptolemy.util.test.WatchDog.cancel(): canceling Thu Jul 25 05:07:45 UTC 2019
auto.tcl: Setting watchdog for 200 seconds at Thu Jul 25 05:07:45 UTC 2019
5 ms. Memory: 45056K Free: 25398K (56%)
ptolemy.util.test.WatchDog.cancel(): canceling Thu Jul 25 05:07:45 UTC 2019
------------------ testing $PTII/ptolemy/domains/de/test/auto/CausalityInterface15.xml
auto.tcl: Setting watchdog for 200 seconds at Thu Jul 25 05:07:46 UTC 2019
8 ms. Memory: 45056K Free: 26425K (59%)
ptolemy.util.test.WatchDog.cancel(): canceling Thu Jul 25 05:07:46 UTC 2019
auto.tcl: Setting watchdog for 200 seconds at Thu Jul 25 05:07:46 UTC 2019
5 ms. Memory: 45056K Free: 25350K (56%)
ptolemy.util.test.WatchDog.cancel(): canceling Thu Jul 25 05:07:46 UTC 2019
------------------ testing $PTII/ptolemy/domains/de/test/auto/CausalityInterface2.xml
auto.tcl: Setting watchdog for 200 seconds at Thu Jul 25 05:07:46 UTC 2019
4 ms. Memory: 45056K Free: 27100K (60%)
ptolemy.util.test.WatchDog.cancel(): canceling Thu Jul 25 05:07:46 UTC 2019
auto.tcl: Setting watchdog for 200 seconds at Thu Jul 25 05:07:46 UTC 2019
3 ms. Memory: 45056K Free: 26356K (58%)
ptolemy.util.test.WatchDog.cancel(): canceling Thu Jul 25 05:07:46 UTC 2019
------------------ testing $PTII/ptolemy/domains/de/test/auto/CausalityInterface3.xml
auto.tcl: Setting watchdog for 200 seconds at Thu Jul 25 05:07:46 UTC 2019
6 ms. Memory: 45056K Free: 26336K (58%)
ptolemy.util.test.WatchDog.cancel(): canceling Thu Jul 25 05:07:46 UTC 2019
auto.tcl: Setting watchdog for 200 seconds at Thu Jul 25 05:07:46 UTC 2019
3 ms. Memory: 45056K Free: 25765K (57%)
ptolemy.util.test.WatchDog.cancel(): canceling Thu Jul 25 05:07:46 UTC 2019
------------------ testing $PTII/ptolemy/domains/de/test/auto/ClockDrift.xml
auto.tcl: Setting watchdog for 200 seconds at Thu Jul 25 05:07:46 UTC 2019
92 ms. Memory: 45056K Free: 19150K (43%)
ptolemy.util.test.WatchDog.cancel(): canceling Thu Jul 25 05:07:46 UTC 2019
auto.tcl: Setting watchdog for 200 seconds at Thu Jul 25 05:07:46 UTC 2019
48 ms. Memory: 45056K Free: 16131K (36%)
ptolemy.util.test.WatchDog.cancel(): canceling Thu Jul 25 05:07:46 UTC 2019
------------------ testing $PTII/ptolemy/domains/de/test/auto/ClockDriftAndValueChange.xml
auto.tcl: Setting watchdog for 200 seconds at Thu Jul 25 05:07:46 UTC 2019
42 ms. Memory: 45056K Free: 19566K (43%)
ptolemy.util.test.WatchDog.cancel(): canceling Thu Jul 25 05:07:46 UTC 2019
auto.tcl: Setting watchdog for 200 seconds at Thu Jul 25 05:07:46 UTC 2019
18 ms. Memory: 45056K Free: 16374K (36%)
ptolemy.util.test.WatchDog.cancel(): canceling Thu Jul 25 05:07:46 UTC 2019
------------------ testing $PTII/ptolemy/domains/de/test/auto/ClockDriftChange.xml
auto.tcl: Setting watchdog for 200 seconds at Thu Jul 25 05:07:46 UTC 2019
18 ms. Memory: 45056K Free: 21276K (47%)
ptolemy.util.test.WatchDog.cancel(): canceling Thu Jul 25 05:07:46 UTC 2019
auto.tcl: Setting watchdog for 200 seconds at Thu Jul 25 05:07:46 UTC 2019
19 ms. Memory: 45056K Free: 18746K (42%)
ptolemy.util.test.WatchDog.cancel(): canceling Thu Jul 25 05:07:46 UTC 2019
------------------ testing $PTII/ptolemy/domains/de/test/auto/ComposableCausalityAnalysis.xml
auto.tcl: Setting watchdog for 200 seconds at Thu Jul 25 05:07:46 UTC 2019
2 ms. Memory: 45056K Free: 25912K (58%)
ptolemy.util.test.WatchDog.cancel(): canceling Thu Jul 25 05:07:46 UTC 2019
auto.tcl: Setting watchdog for 200 seconds at Thu Jul 25 05:07:46 UTC 2019
5 ms. Memory: 45056K Free: 24890K (55%)
ptolemy.util.test.WatchDog.cancel(): canceling Thu Jul 25 05:07:46 UTC 2019
------------------ testing $PTII/ptolemy/domains/de/test/auto/DEFixedPointLimitation.xml
auto.tcl: Setting watchdog for 200 seconds at Thu Jul 25 05:07:46 UTC 2019
11 ms. Memory: 45056K Free: 27231K (60%)
ptolemy.util.test.WatchDog.cancel(): canceling Thu Jul 25 05:07:46 UTC 2019
auto.tcl: Setting watchdog for 200 seconds at Thu Jul 25 05:07:46 UTC 2019
1 ms. Memory: 45056K Free: 26355K (58%)
ptolemy.util.test.WatchDog.cancel(): canceling Thu Jul 25 05:07:46 UTC 2019
------------------ testing $PTII/ptolemy/domains/de/test/auto/DEScheduleTest.xml
auto.tcl: Setting watchdog for 200 seconds at Thu Jul 25 05:07:46 UTC 2019
5 ms. Memory: 45056K Free: 27523K (61%)
ptolemy.util.test.WatchDog.cancel(): canceling Thu Jul 25 05:07:46 UTC 2019
auto.tcl: Setting watchdog for 200 seconds at Thu Jul 25 05:07:46 UTC 2019
2 ms. Memory: 45056K Free: 26767K (59%)
ptolemy.util.test.WatchDog.cancel(): canceling Thu Jul 25 05:07:46 UTC 2019
------------------ testing $PTII/ptolemy/domains/de/test/auto/DEinDEwithStartTimes.xml
auto.tcl: Setting watchdog for 200 seconds at Thu Jul 25 05:07:47 UTC 2019
3 ms. Memory: 45056K Free: 25728K (57%)
ptolemy.util.test.WatchDog.cancel(): canceling Thu Jul 25 05:07:47 UTC 2019
auto.tcl: Setting watchdog for 200 seconds at Thu Jul 25 05:07:47 UTC 2019
4 ms. Memory: 45056K Free: 24670K (55%)
ptolemy.util.test.WatchDog.cancel(): canceling Thu Jul 25 05:07:47 UTC 2019
------------------ testing $PTII/ptolemy/domains/de/test/auto/DEinDEwithStartTimes2.xml
auto.tcl: Setting watchdog for 200 seconds at Thu Jul 25 05:07:47 UTC 2019
6 ms. Memory: 45056K Free: 24916K (55%)
ptolemy.util.test.WatchDog.cancel(): canceling Thu Jul 25 05:07:47 UTC 2019
auto.tcl: Setting watchdog for 200 seconds at Thu Jul 25 05:07:47 UTC 2019
6 ms. Memory: 45056K Free: 23625K (52%)
ptolemy.util.test.WatchDog.cancel(): canceling Thu Jul 25 05:07:47 UTC 2019
------------------ testing $PTII/ptolemy/domains/de/test/auto/DateDemo.xml
auto.tcl: Setting watchdog for 200 seconds at Thu Jul 25 05:07:47 UTC 2019
12 ms. Memory: 45056K Free: 19576K (43%)
ptolemy.util.test.WatchDog.cancel(): canceling Thu Jul 25 05:07:47 UTC 2019
auto.tcl: Setting watchdog for 200 seconds at Thu Jul 25 05:07:47 UTC 2019
7 ms. Memory: 45056K Free: 17727K (39%)
ptolemy.util.test.WatchDog.cancel(): canceling Thu Jul 25 05:07:47 UTC 2019
------------------ testing $PTII/ptolemy/domains/de/test/auto/DateToEvent.xml
auto.tcl: Setting watchdog for 200 seconds at Thu Jul 25 05:07:47 UTC 2019
2020 ms. Memory: 45056K Free: 15186K (34%)
ptolemy.util.test.WatchDog.cancel(): canceling Thu Jul 25 05:07:49 UTC 2019
auto.tcl: Setting watchdog for 200 seconds at Thu Jul 25 05:07:49 UTC 2019
2005 ms. Memory: 45056K Free: 14183K (31%)
ptolemy.util.test.WatchDog.cancel(): canceling Thu Jul 25 05:07:51 UTC 2019
------------------ testing $PTII/ptolemy/domains/de/test/auto/DepthTest1.xml
auto.tcl: Setting watchdog for 200 seconds at Thu Jul 25 05:07:51 UTC 2019
4 ms. Memory: 45056K Free: 28492K (63%)
ptolemy.util.test.WatchDog.cancel(): canceling Thu Jul 25 05:07:51 UTC 2019
auto.tcl: Setting watchdog for 200 seconds at Thu Jul 25 05:07:51 UTC 2019
1 ms. Memory: 45056K Free: 27930K (62%)
ptolemy.util.test.WatchDog.cancel(): canceling Thu Jul 25 05:07:51 UTC 2019
------------------ testing $PTII/ptolemy/domains/de/test/auto/DepthTest2.xml
auto.tcl: Setting watchdog for 200 seconds at Thu Jul 25 05:07:51 UTC 2019
9 ms. Memory: 45056K Free: 25183K (56%)
ptolemy.util.test.WatchDog.cancel(): canceling Thu Jul 25 05:07:51 UTC 2019
auto.tcl: Setting watchdog for 200 seconds at Thu Jul 25 05:07:51 UTC 2019
2 ms. Memory: 45056K Free: 24805K (55%)
ptolemy.util.test.WatchDog.cancel(): canceling Thu Jul 25 05:07:51 UTC 2019
------------------ testing $PTII/ptolemy/domains/de/test/auto/DepthTest3.xml
auto.tcl: Setting watchdog for 200 seconds at Thu Jul 25 05:07:51 UTC 2019
2 ms. Memory: 45056K Free: 28663K (64%)
ptolemy.util.test.WatchDog.cancel(): canceling Thu Jul 25 05:07:51 UTC 2019
auto.tcl: Setting watchdog for 200 seconds at Thu Jul 25 05:07:51 UTC 2019
2 ms. Memory: 45056K Free: 28245K (63%)
ptolemy.util.test.WatchDog.cancel(): canceling Thu Jul 25 05:07:51 UTC 2019
------------------ testing $PTII/ptolemy/domains/de/test/auto/DepthTest4.xml
auto.tcl: Setting watchdog for 200 seconds at Thu Jul 25 05:07:51 UTC 2019
3 ms. Memory: 45056K Free: 27017K (60%)
ptolemy.util.test.WatchDog.cancel(): canceling Thu Jul 25 05:07:51 UTC 2019
auto.tcl: Setting watchdog for 200 seconds at Thu Jul 25 05:07:51 UTC 2019
2 ms. Memory: 45056K Free: 26316K (58%)
ptolemy.util.test.WatchDog.cancel(): canceling Thu Jul 25 05:07:51 UTC 2019
------------------ testing $PTII/ptolemy/domains/de/test/auto/DepthTest5.xml
auto.tcl: Setting watchdog for 200 seconds at Thu Jul 25 05:07:51 UTC 2019
3 ms. Memory: 45056K Free: 26420K (59%)
ptolemy.util.test.WatchDog.cancel(): canceling Thu Jul 25 05:07:51 UTC 2019
auto.tcl: Setting watchdog for 200 seconds at Thu Jul 25 05:07:51 UTC 2019
2 ms. Memory: 45056K Free: 25648K (57%)
ptolemy.util.test.WatchDog.cancel(): canceling Thu Jul 25 05:07:51 UTC 2019
------------------ testing $PTII/ptolemy/domains/de/test/auto/DepthTest6.xml
auto.tcl: Setting watchdog for 200 seconds at Thu Jul 25 05:07:51 UTC 2019
5 ms. Memory: 45056K Free: 26143K (58%)
ptolemy.util.test.WatchDog.cancel(): canceling Thu Jul 25 05:07:51 UTC 2019
auto.tcl: Setting watchdog for 200 seconds at Thu Jul 25 05:07:51 UTC 2019
2 ms. Memory: 45056K Free: 25749K (57%)
ptolemy.util.test.WatchDog.cancel(): canceling Thu Jul 25 05:07:51 UTC 2019
------------------ testing $PTII/ptolemy/domains/de/test/auto/DepthTest7.xml
auto.tcl: Setting watchdog for 200 seconds at Thu Jul 25 05:07:51 UTC 2019
3 ms. Memory: 45056K Free: 26944K (60%)
ptolemy.util.test.WatchDog.cancel(): canceling Thu Jul 25 05:07:52 UTC 2019
auto.tcl: Setting watchdog for 200 seconds at Thu Jul 25 05:07:52 UTC 2019
2 ms. Memory: 45056K Free: 26221K (58%)
ptolemy.util.test.WatchDog.cancel(): canceling Thu Jul 25 05:07:52 UTC 2019
------------------ testing $PTII/ptolemy/domains/de/test/auto/EventToDate.xml
auto.tcl: Setting watchdog for 200 seconds at Thu Jul 25 05:07:52 UTC 2019
3014 ms. Memory: 45056K Free: 17966K (40%)
ptolemy.util.test.WatchDog.cancel(): canceling Thu Jul 25 05:07:55 UTC 2019
auto.tcl: Setting watchdog for 200 seconds at Thu Jul 25 05:07:55 UTC 2019
3004 ms. Memory: 45056K Free: 17046K (38%)
ptolemy.util.test.WatchDog.cancel(): canceling Thu Jul 25 05:07:58 UTC 2019
------------------ testing $PTII/ptolemy/domains/de/test/auto/FSM1.xml
auto.tcl: Setting watchdog for 200 seconds at Thu Jul 25 05:07:58 UTC 2019
18 ms. Memory: 45056K Free: 18949K (42%)
ptolemy.util.test.WatchDog.cancel(): canceling Thu Jul 25 05:07:58 UTC 2019
auto.tcl: Setting watchdog for 200 seconds at Thu Jul 25 05:07:58 UTC 2019
15 ms. Memory: 45056K Free: 15694K (35%)
ptolemy.util.test.WatchDog.cancel(): canceling Thu Jul 25 05:07:58 UTC 2019
------------------ testing $PTII/ptolemy/domains/de/test/auto/FSM7.xml
auto.tcl: Setting watchdog for 200 seconds at Thu Jul 25 05:07:58 UTC 2019
29 ms. Memory: 45056K Free: 18672K (41%)
ptolemy.util.test.WatchDog.cancel(): canceling Thu Jul 25 05:07:58 UTC 2019
auto.tcl: Setting watchdog for 200 seconds at Thu Jul 25 05:07:58 UTC 2019
27 ms. Memory: 45056K Free: 15553K (35%)
ptolemy.util.test.WatchDog.cancel(): canceling Thu Jul 25 05:07:58 UTC 2019
------------------ testing $PTII/ptolemy/domains/de/test/auto/Inspection.xml
auto.tcl: Setting watchdog for 200 seconds at Thu Jul 25 05:07:58 UTC 2019
35 ms. Memory: 45056K Free: 18709K (42%)
ptolemy.util.test.WatchDog.cancel(): canceling Thu Jul 25 05:07:58 UTC 2019
auto.tcl: Setting watchdog for 200 seconds at Thu Jul 25 05:07:58 UTC 2019
18 ms. Memory: 45056K Free: 16958K (38%)
ptolemy.util.test.WatchDog.cancel(): canceling Thu Jul 25 05:07:58 UTC 2019
------------------ testing $PTII/ptolemy/domains/de/test/auto/Iteration.xml
auto.tcl: Setting watchdog for 200 seconds at Thu Jul 25 05:07:58 UTC 2019
9 ms. Memory: 45056K Free: 24435K (54%)
ptolemy.util.test.WatchDog.cancel(): canceling Thu Jul 25 05:07:58 UTC 2019
auto.tcl: Setting watchdog for 200 seconds at Thu Jul 25 05:07:58 UTC 2019
6 ms. Memory: 45056K Free: 23018K (51%)
ptolemy.util.test.WatchDog.cancel(): canceling Thu Jul 25 05:07:58 UTC 2019
------------------ testing $PTII/ptolemy/domains/de/test/auto/LineFault.xml
auto.tcl: Setting watchdog for 200 seconds at Thu Jul 25 05:07:58 UTC 2019
630 ms. Memory: 54272K Free: 23921K (44%)
ptolemy.util.test.WatchDog.cancel(): canceling Thu Jul 25 05:07:59 UTC 2019
auto.tcl: Setting watchdog for 200 seconds at Thu Jul 25 05:07:59 UTC 2019
628 ms. Memory: 54272K Free: 38580K (71%)
ptolemy.util.test.WatchDog.cancel(): canceling Thu Jul 25 05:08:00 UTC 2019
------------------ testing $PTII/ptolemy/domains/de/test/auto/MergeModel1Add.xml
auto.tcl: Setting watchdog for 200 seconds at Thu Jul 25 05:08:00 UTC 2019
27 ms. Memory: 51200K Free: 16531K (32%)
ptolemy.util.test.WatchDog.cancel(): canceling Thu Jul 25 05:08:00 UTC 2019
auto.tcl: Setting watchdog for 200 seconds at Thu Jul 25 05:08:00 UTC 2019
13 ms. Memory: 51200K Free: 14893K (29%)
ptolemy.util.test.WatchDog.cancel(): canceling Thu Jul 25 05:08:00 UTC 2019
------------------ testing $PTII/ptolemy/domains/de/test/auto/MergeModel2Add.xml
auto.tcl: Setting watchdog for 200 seconds at Thu Jul 25 05:08:00 UTC 2019
8 ms. Memory: 51200K Free: 18589K (36%)
ptolemy.util.test.WatchDog.cancel(): canceling Thu Jul 25 05:08:00 UTC 2019
auto.tcl: Setting watchdog for 200 seconds at Thu Jul 25 05:08:00 UTC 2019
8 ms. Memory: 51200K Free: 17049K (33%)
ptolemy.util.test.WatchDog.cancel(): canceling Thu Jul 25 05:08:00 UTC 2019
------------------ testing $PTII/ptolemy/domains/de/test/auto/MergeModel3Add.xml
auto.tcl: Setting watchdog for 200 seconds at Thu Jul 25 05:08:00 UTC 2019
10 ms. Memory: 51200K Free: 18582K (36%)
ptolemy.util.test.WatchDog.cancel(): canceling Thu Jul 25 05:08:00 UTC 2019
auto.tcl: Setting watchdog for 200 seconds at Thu Jul 25 05:08:00 UTC 2019
10 ms. Memory: 51200K Free: 17199K (34%)
ptolemy.util.test.WatchDog.cancel(): canceling Thu Jul 25 05:08:00 UTC 2019
------------------ testing $PTII/ptolemy/domains/de/test/auto/MergeWithoutDiscard.xml
auto.tcl: Setting watchdog for 200 seconds at Thu Jul 25 05:08:00 UTC 2019
3 ms. Memory: 51200K Free: 32916K (64%)
ptolemy.util.test.WatchDog.cancel(): canceling Thu Jul 25 05:08:00 UTC 2019
auto.tcl: Setting watchdog for 200 seconds at Thu Jul 25 05:08:00 UTC 2019
1 ms. Memory: 51200K Free: 32484K (63%)
ptolemy.util.test.WatchDog.cancel(): canceling Thu Jul 25 05:08:00 UTC 2019
------------------ testing $PTII/ptolemy/domains/de/test/auto/Modal1.xml
auto.tcl: Setting watchdog for 200 seconds at Thu Jul 25 05:08:00 UTC 2019
20 ms. Memory: 51200K Free: 25310K (49%)
ptolemy.util.test.WatchDog.cancel(): canceling Thu Jul 25 05:08:00 UTC 2019
auto.tcl: Setting watchdog for 200 seconds at Thu Jul 25 05:08:00 UTC 2019
26 ms. Memory: 51200K Free: 22029K (43%)
ptolemy.util.test.WatchDog.cancel(): canceling Thu Jul 25 05:08:00 UTC 2019
------------------ testing $PTII/ptolemy/domains/de/test/auto/Modal2.xml
auto.tcl: Setting watchdog for 200 seconds at Thu Jul 25 05:08:00 UTC 2019
18 ms. Memory: 51200K Free: 25434K (50%)
ptolemy.util.test.WatchDog.cancel(): canceling Thu Jul 25 05:08:00 UTC 2019
auto.tcl: Setting watchdog for 200 seconds at Thu Jul 25 05:08:00 UTC 2019
11 ms. Memory: 51200K Free: 21951K (43%)
ptolemy.util.test.WatchDog.cancel(): canceling Thu Jul 25 05:08:00 UTC 2019
------------------ testing $PTII/ptolemy/domains/de/test/auto/Modal3.xml
auto.tcl: Setting watchdog for 200 seconds at Thu Jul 25 05:08:00 UTC 2019
13 ms. Memory: 51200K Free: 25185K (49%)
ptolemy.util.test.WatchDog.cancel(): canceling Thu Jul 25 05:08:00 UTC 2019
auto.tcl: Setting watchdog for 200 seconds at Thu Jul 25 05:08:00 UTC 2019
15 ms. Memory: 51200K Free: 21932K (43%)
ptolemy.util.test.WatchDog.cancel(): canceling Thu Jul 25 05:08:00 UTC 2019
------------------ testing $PTII/ptolemy/domains/de/test/auto/Modal4.xml
auto.tcl: Setting watchdog for 200 seconds at Thu Jul 25 05:08:00 UTC 2019
23 ms. Memory: 51200K Free: 24158K (47%)
ptolemy.util.test.WatchDog.cancel(): canceling Thu Jul 25 05:08:01 UTC 2019
auto.tcl: Setting watchdog for 200 seconds at Thu Jul 25 05:08:01 UTC 2019
16 ms. Memory: 51200K Free: 20310K (40%)
ptolemy.util.test.WatchDog.cancel(): canceling Thu Jul 25 05:08:01 UTC 2019
------------------ testing $PTII/ptolemy/domains/de/test/auto/Modal5.xml
auto.tcl: Setting watchdog for 200 seconds at Thu Jul 25 05:08:01 UTC 2019
24 ms. Memory: 48128K Free: 21083K (44%)
ptolemy.util.test.WatchDog.cancel(): canceling Thu Jul 25 05:08:01 UTC 2019
auto.tcl: Setting watchdog for 200 seconds at Thu Jul 25 05:08:01 UTC 2019
13 ms. Memory: 48128K Free: 17461K (36%)
ptolemy.util.test.WatchDog.cancel(): canceling Thu Jul 25 05:08:01 UTC 2019
------------------ testing $PTII/ptolemy/domains/de/test/auto/Modal6.xml
auto.tcl: Setting watchdog for 200 seconds at Thu Jul 25 05:08:01 UTC 2019
12 ms. Memory: 48128K Free: 21869K (45%)
ptolemy.util.test.WatchDog.cancel(): canceling Thu Jul 25 05:08:01 UTC 2019
auto.tcl: Setting watchdog for 200 seconds at Thu Jul 25 05:08:01 UTC 2019
14 ms. Memory: 48128K Free: 17875K (37%)
ptolemy.util.test.WatchDog.cancel(): canceling Thu Jul 25 05:08:01 UTC 2019
------------------ testing $PTII/ptolemy/domains/de/test/auto/Modal7.xml
auto.tcl: Setting watchdog for 200 seconds at Thu Jul 25 05:08:01 UTC 2019
10 ms. Memory: 48128K Free: 21036K (44%)
ptolemy.util.test.WatchDog.cancel(): canceling Thu Jul 25 05:08:01 UTC 2019
auto.tcl: Setting watchdog for 200 seconds at Thu Jul 25 05:08:01 UTC 2019
9 ms. Memory: 48128K Free: 17512K (36%)
ptolemy.util.test.WatchDog.cancel(): canceling Thu Jul 25 05:08:01 UTC 2019
------------------ testing $PTII/ptolemy/domains/de/test/auto/ModalModel.xml
auto.tcl: Setting watchdog for 200 seconds at Thu Jul 25 05:08:01 UTC 2019
204 ms. Memory: 65536K Free: 27638K (42%)
ptolemy.util.test.WatchDog.cancel(): canceling Thu Jul 25 05:08:01 UTC 2019
auto.tcl: Setting watchdog for 200 seconds at Thu Jul 25 05:08:01 UTC 2019
176 ms. Memory: 65536K Free: 29180K (45%)
ptolemy.util.test.WatchDog.cancel(): canceling Thu Jul 25 05:08:01 UTC 2019
------------------ testing $PTII/ptolemy/domains/de/test/auto/ModalSource.xml
auto.tcl: Setting watchdog for 200 seconds at Thu Jul 25 05:08:01 UTC 2019
10 ms. Memory: 51200K Free: 28970K (57%)
ptolemy.util.test.WatchDog.cancel(): canceling Thu Jul 25 05:08:01 UTC 2019
auto.tcl: Setting watchdog for 200 seconds at Thu Jul 25 05:08:01 UTC 2019
4 ms. Memory: 51200K Free: 26922K (53%)
ptolemy.util.test.WatchDog.cancel(): canceling Thu Jul 25 05:08:01 UTC 2019
------------------ testing $PTII/ptolemy/domains/de/test/auto/NonInterruptibleTimerZeroDelay.xml
auto.tcl: Setting watchdog for 200 seconds at Thu Jul 25 05:08:01 UTC 2019
3 ms. Memory: 51200K Free: 33906K (66%)
ptolemy.util.test.WatchDog.cancel(): canceling Thu Jul 25 05:08:01 UTC 2019
auto.tcl: Setting watchdog for 200 seconds at Thu Jul 25 05:08:01 UTC 2019
3 ms. Memory: 51200K Free: 33250K (65%)
ptolemy.util.test.WatchDog.cancel(): canceling Thu Jul 25 05:08:01 UTC 2019
------------------ testing $PTII/ptolemy/domains/de/test/auto/OpenQueueingNetwork.xml
auto.tcl: Setting watchdog for 200 seconds at Thu Jul 25 05:08:02 UTC 2019
2985 ms. Memory: 110592K Free: 84634K (77%)
ptolemy.util.test.WatchDog.cancel(): canceling Thu Jul 25 05:08:05 UTC 2019
auto.tcl: Setting watchdog for 200 seconds at Thu Jul 25 05:08:05 UTC 2019
2476 ms. Memory: 133120K Free: 75908K (57%)
ptolemy.util.test.WatchDog.cancel(): canceling Thu Jul 25 05:08:07 UTC 2019
------------------ testing $PTII/ptolemy/domains/de/test/auto/OpenQueuingNetwork.xml
auto.tcl: Setting watchdog for 200 seconds at Thu Jul 25 05:08:07 UTC 2019
280 ms. Memory: 66560K Free: 37164K (56%)
ptolemy.util.test.WatchDog.cancel(): canceling Thu Jul 25 05:08:08 UTC 2019
auto.tcl: Setting watchdog for 200 seconds at Thu Jul 25 05:08:08 UTC 2019
249 ms. Memory: 66560K Free: 22279K (33%)
ptolemy.util.test.WatchDog.cancel(): canceling Thu Jul 25 05:08:08 UTC 2019
------------------ testing $PTII/ptolemy/domains/de/test/auto/PeriodicSampler.xml
auto.tcl: Setting watchdog for 200 seconds at Thu Jul 25 05:08:08 UTC 2019
3 ms. Memory: 48128K Free: 30029K (62%)
ptolemy.util.test.WatchDog.cancel(): canceling Thu Jul 25 05:08:08 UTC 2019
auto.tcl: Setting watchdog for 200 seconds at Thu Jul 25 05:08:08 UTC 2019
2 ms. Memory: 48128K Free: 29550K (61%)
ptolemy.util.test.WatchDog.cancel(): canceling Thu Jul 25 05:08:08 UTC 2019
------------------ testing $PTII/ptolemy/domains/de/test/auto/PersistentIO.xml
auto.tcl: Setting watchdog for 200 seconds at Thu Jul 25 05:08:08 UTC 2019
5 ms. Memory: 48128K Free: 24967K (52%)
ptolemy.util.test.WatchDog.cancel(): canceling Thu Jul 25 05:08:08 UTC 2019
auto.tcl: Setting watchdog for 200 seconds at Thu Jul 25 05:08:08 UTC 2019
4 ms. Memory: 48128K Free: 23480K (49%)
ptolemy.util.test.WatchDog.cancel(): canceling Thu Jul 25 05:08:08 UTC 2019
------------------ testing $PTII/ptolemy/domains/de/test/auto/PortParameterResetOnInitialize.xml
auto.tcl: Setting watchdog for 200 seconds at Thu Jul 25 05:08:08 UTC 2019
8 ms. Memory: 48128K Free: 29921K (62%)
ptolemy.util.test.WatchDog.cancel(): canceling Thu Jul 25 05:08:08 UTC 2019
auto.tcl: Setting watchdog for 200 seconds at Thu Jul 25 05:08:08 UTC 2019
2 ms. Memory: 48128K Free: 29441K (61%)
ptolemy.util.test.WatchDog.cancel(): canceling Thu Jul 25 05:08:08 UTC 2019
------------------ testing $PTII/ptolemy/domains/de/test/auto/PortParameterUpdates.xml
auto.tcl: Setting watchdog for 200 seconds at Thu Jul 25 05:08:08 UTC 2019
6 ms. Memory: 48128K Free: 28280K (59%)
ptolemy.util.test.WatchDog.cancel(): canceling Thu Jul 25 05:08:08 UTC 2019
auto.tcl: Setting watchdog for 200 seconds at Thu Jul 25 05:08:08 UTC 2019
5 ms. Memory: 48128K Free: 27061K (56%)
ptolemy.util.test.WatchDog.cancel(): canceling Thu Jul 25 05:08:08 UTC 2019
------------------ testing $PTII/ptolemy/domains/de/test/auto/QueueAndServer.xml
auto.tcl: Setting watchdog for 200 seconds at Thu Jul 25 05:08:08 UTC 2019
15 ms. Memory: 48128K Free: 27210K (57%)
ptolemy.util.test.WatchDog.cancel(): canceling Thu Jul 25 05:08:08 UTC 2019
auto.tcl: Setting watchdog for 200 seconds at Thu Jul 25 05:08:08 UTC 2019
9 ms. Memory: 48128K Free: 25510K (53%)
ptolemy.util.test.WatchDog.cancel(): canceling Thu Jul 25 05:08:08 UTC 2019
------------------ testing $PTII/ptolemy/domains/de/test/auto/Records.xml
auto.tcl: Setting watchdog for 200 seconds at Thu Jul 25 05:08:08 UTC 2019
3 ms. Memory: 48128K Free: 29212K (61%)
ptolemy.util.test.WatchDog.cancel(): canceling Thu Jul 25 05:08:08 UTC 2019
auto.tcl: Setting watchdog for 200 seconds at Thu Jul 25 05:08:08 UTC 2019
5 ms. Memory: 48128K Free: 28711K (60%)
ptolemy.util.test.WatchDog.cancel(): canceling Thu Jul 25 05:08:08 UTC 2019
------------------ testing $PTII/ptolemy/domains/de/test/auto/ResetTransitionWithStartTime1.xml
auto.tcl: Setting watchdog for 200 seconds at Thu Jul 25 05:08:08 UTC 2019
11 ms. Memory: 48128K Free: 26437K (55%)
ptolemy.util.test.WatchDog.cancel(): canceling Thu Jul 25 05:08:08 UTC 2019
auto.tcl: Setting watchdog for 200 seconds at Thu Jul 25 05:08:08 UTC 2019
5 ms. Memory: 48128K Free: 24412K (51%)
ptolemy.util.test.WatchDog.cancel(): canceling Thu Jul 25 05:08:08 UTC 2019
------------------ testing $PTII/ptolemy/domains/de/test/auto/ResetTransitionWithStartTime2.xml
auto.tcl: Setting watchdog for 200 seconds at Thu Jul 25 05:08:08 UTC 2019
9 ms. Memory: 48128K Free: 26392K (55%)
ptolemy.util.test.WatchDog.cancel(): canceling Thu Jul 25 05:08:08 UTC 2019
auto.tcl: Setting watchdog for 200 seconds at Thu Jul 25 05:08:08 UTC 2019
7 ms. Memory: 48128K Free: 23865K (50%)
ptolemy.util.test.WatchDog.cancel(): canceling Thu Jul 25 05:08:08 UTC 2019
------------------ testing $PTII/ptolemy/domains/de/test/auto/ResetTransitionWithStartTime3.xml
auto.tcl: Setting watchdog for 200 seconds at Thu Jul 25 05:08:09 UTC 2019
9 ms. Memory: 48128K Free: 26392K (55%)
ptolemy.util.test.WatchDog.cancel(): canceling Thu Jul 25 05:08:09 UTC 2019
auto.tcl: Setting watchdog for 200 seconds at Thu Jul 25 05:08:09 UTC 2019
5 ms. Memory: 48128K Free: 24344K (51%)
ptolemy.util.test.WatchDog.cancel(): canceling Thu Jul 25 05:08:09 UTC 2019
------------------ testing $PTII/ptolemy/domains/de/test/auto/ResetTransitionWithStartTime4.xml
auto.tcl: Setting watchdog for 200 seconds at Thu Jul 25 05:08:09 UTC 2019
14 ms. Memory: 48128K Free: 27131K (56%)
ptolemy.util.test.WatchDog.cancel(): canceling Thu Jul 25 05:08:09 UTC 2019
auto.tcl: Setting watchdog for 200 seconds at Thu Jul 25 05:08:09 UTC 2019
5 ms. Memory: 48128K Free: 25456K (53%)
ptolemy.util.test.WatchDog.cancel(): canceling Thu Jul 25 05:08:09 UTC 2019
------------------ testing $PTII/ptolemy/domains/de/test/auto/ResettableTimer1.xml
auto.tcl: Setting watchdog for 200 seconds at Thu Jul 25 05:08:09 UTC 2019
3 ms. Memory: 48128K Free: 30637K (64%)
ptolemy.util.test.WatchDog.cancel(): canceling Thu Jul 25 05:08:09 UTC 2019
auto.tcl: Setting watchdog for 200 seconds at Thu Jul 25 05:08:09 UTC 2019
5 ms. Memory: 48128K Free: 29978K (62%)
ptolemy.util.test.WatchDog.cancel(): canceling Thu Jul 25 05:08:09 UTC 2019
------------------ testing $PTII/ptolemy/domains/de/test/auto/ResettableTimer2.xml
auto.tcl: Setting watchdog for 200 seconds at Thu Jul 25 05:08:09 UTC 2019
4 ms. Memory: 48128K Free: 30524K (63%)
ptolemy.util.test.WatchDog.cancel(): canceling Thu Jul 25 05:08:09 UTC 2019
auto.tcl: Setting watchdog for 200 seconds at Thu Jul 25 05:08:09 UTC 2019
3 ms. Memory: 48128K Free: 29591K (61%)
ptolemy.util.test.WatchDog.cancel(): canceling Thu Jul 25 05:08:09 UTC 2019
------------------ testing $PTII/ptolemy/domains/de/test/auto/ResettableTimer3.xml
auto.tcl: Setting watchdog for 200 seconds at Thu Jul 25 05:08:09 UTC 2019
1 ms. Memory: 48128K Free: 31019K (64%)
ptolemy.util.test.WatchDog.cancel(): canceling Thu Jul 25 05:08:09 UTC 2019
auto.tcl: Setting watchdog for 200 seconds at Thu Jul 25 05:08:09 UTC 2019
1 ms. Memory: 48128K Free: 30543K (63%)
ptolemy.util.test.WatchDog.cancel(): canceling Thu Jul 25 05:08:09 UTC 2019
------------------ testing $PTII/ptolemy/domains/de/test/auto/ResettableTimer4.xml
auto.tcl: Setting watchdog for 200 seconds at Thu Jul 25 05:08:09 UTC 2019
2 ms. Memory: 48128K Free: 30558K (63%)
ptolemy.util.test.WatchDog.cancel(): canceling Thu Jul 25 05:08:09 UTC 2019
auto.tcl: Setting watchdog for 200 seconds at Thu Jul 25 05:08:09 UTC 2019
1 ms. Memory: 48128K Free: 30076K (62%)
ptolemy.util.test.WatchDog.cancel(): canceling Thu Jul 25 05:08:09 UTC 2019
------------------ testing $PTII/ptolemy/domains/de/test/auto/ResettableTimer5.xml
auto.tcl: Setting watchdog for 200 seconds at Thu Jul 25 05:08:09 UTC 2019
1 ms. Memory: 48128K Free: 30015K (62%)
ptolemy.util.test.WatchDog.cancel(): canceling Thu Jul 25 05:08:09 UTC 2019
auto.tcl: Setting watchdog for 200 seconds at Thu Jul 25 05:08:09 UTC 2019
2 ms. Memory: 48128K Free: 29557K (61%)
ptolemy.util.test.WatchDog.cancel(): canceling Thu Jul 25 05:08:09 UTC 2019
------------------ testing $PTII/ptolemy/domains/de/test/auto/ResettableTimer6.xml
auto.tcl: Setting watchdog for 200 seconds at Thu Jul 25 05:08:09 UTC 2019
1 ms. Memory: 48128K Free: 29998K (62%)
ptolemy.util.test.WatchDog.cancel(): canceling Thu Jul 25 05:08:09 UTC 2019
auto.tcl: Setting watchdog for 200 seconds at Thu Jul 25 05:08:09 UTC 2019
1 ms. Memory: 48128K Free: 29531K (61%)
ptolemy.util.test.WatchDog.cancel(): canceling Thu Jul 25 05:08:09 UTC 2019
------------------ testing $PTII/ptolemy/domains/de/test/auto/ServerZeroDelay.xml
auto.tcl: Setting watchdog for 200 seconds at Thu Jul 25 05:08:09 UTC 2019
2 ms. Memory: 48128K Free: 30517K (63%)
ptolemy.util.test.WatchDog.cancel(): canceling Thu Jul 25 05:08:09 UTC 2019
auto.tcl: Setting watchdog for 200 seconds at Thu Jul 25 05:08:09 UTC 2019
3 ms. Memory: 48128K Free: 29567K (61%)
ptolemy.util.test.WatchDog.cancel(): canceling Thu Jul 25 05:08:09 UTC 2019
------------------ testing $PTII/ptolemy/domains/de/test/auto/SmartSender.xml
auto.tcl: Setting watchdog for 200 seconds at Thu Jul 25 05:08:09 UTC 2019
3001 ms. Memory: 48128K Free: 30563K (64%)
ptolemy.util.test.WatchDog.cancel(): canceling Thu Jul 25 05:08:12 UTC 2019
auto.tcl: Setting watchdog for 200 seconds at Thu Jul 25 05:08:12 UTC 2019
3002 ms. Memory: 48128K Free: 30013K (62%)
ptolemy.util.test.WatchDog.cancel(): canceling Thu Jul 25 05:08:15 UTC 2019
------------------ testing $PTII/ptolemy/domains/de/test/auto/ThreadedComposite.xml
auto.tcl: Setting watchdog for 200 seconds at Thu Jul 25 05:08:15 UTC 2019
267 ms. Memory: 48128K Free: 9532K (20%)
ptolemy.util.test.WatchDog.cancel(): canceling Thu Jul 25 05:08:16 UTC 2019
auto.tcl: Setting watchdog for 200 seconds at Thu Jul 25 05:08:16 UTC 2019
124 ms. Memory: 48128K Free: 22381K (47%)
ptolemy.util.test.WatchDog.cancel(): canceling Thu Jul 25 05:08:16 UTC 2019
------------------ testing $PTII/ptolemy/domains/de/test/auto/Time.xml
auto.tcl: Setting watchdog for 200 seconds at Thu Jul 25 05:08:16 UTC 2019
682 ms. Memory: 48128K Free: 30282K (63%)
ptolemy.util.test.WatchDog.cancel(): canceling Thu Jul 25 05:08:16 UTC 2019
auto.tcl: Setting watchdog for 200 seconds at Thu Jul 25 05:08:16 UTC 2019
660 ms. Memory: 48128K Free: 29077K (60%)
ptolemy.util.test.WatchDog.cancel(): canceling Thu Jul 25 05:08:17 UTC 2019
------------------ testing $PTII/ptolemy/domains/de/test/auto/TimeDelayZeroDelay.xml
auto.tcl: Setting watchdog for 200 seconds at Thu Jul 25 05:08:17 UTC 2019
4 ms. Memory: 48128K Free: 30939K (64%)
ptolemy.util.test.WatchDog.cancel(): canceling Thu Jul 25 05:08:17 UTC 2019
auto.tcl: Setting watchdog for 200 seconds at Thu Jul 25 05:08:17 UTC 2019
2 ms. Memory: 48128K Free: 30443K (63%)
ptolemy.util.test.WatchDog.cancel(): canceling Thu Jul 25 05:08:17 UTC 2019
------------------ testing $PTII/ptolemy/domains/de/test/auto/TimerZeroDelay.xml
auto.tcl: Setting watchdog for 200 seconds at Thu Jul 25 05:08:17 UTC 2019
2 ms. Memory: 48128K Free: 30960K (64%)
ptolemy.util.test.WatchDog.cancel(): canceling Thu Jul 25 05:08:17 UTC 2019
auto.tcl: Setting watchdog for 200 seconds at Thu Jul 25 05:08:17 UTC 2019
1 ms. Memory: 48128K Free: 30516K (63%)
ptolemy.util.test.WatchDog.cancel(): canceling Thu Jul 25 05:08:17 UTC 2019
------------------ testing $PTII/ptolemy/domains/de/test/auto/TimingParadox.xml
auto.tcl: Setting watchdog for 200 seconds at Thu Jul 25 05:08:17 UTC 2019
436 ms. Memory: 48128K Free: 12123K (25%)
ptolemy.util.test.WatchDog.cancel(): canceling Thu Jul 25 05:08:18 UTC 2019
auto.tcl: Setting watchdog for 200 seconds at Thu Jul 25 05:08:18 UTC 2019
421 ms. Memory: 58368K Free: 32013K (55%)
ptolemy.util.test.WatchDog.cancel(): canceling Thu Jul 25 05:08:18 UTC 2019
------------------ testing $PTII/ptolemy/domains/de/test/auto/TransferInputs.xml
auto.tcl: Setting watchdog for 200 seconds at Thu Jul 25 05:08:18 UTC 2019
2 ms. Memory: 55296K Free: 36105K (65%)
ptolemy.util.test.WatchDog.cancel(): canceling Thu Jul 25 05:08:18 UTC 2019
auto.tcl: Setting watchdog for 200 seconds at Thu Jul 25 05:08:18 UTC 2019
1 ms. Memory: 55296K Free: 35211K (64%)
ptolemy.util.test.WatchDog.cancel(): canceling Thu Jul 25 05:08:18 UTC 2019
------------------ testing $PTII/ptolemy/domains/de/test/auto/TransferOutputs2.xml
auto.tcl: Setting watchdog for 200 seconds at Thu Jul 25 05:08:18 UTC 2019
3 ms. Memory: 48128K Free: 26396K (55%)
ptolemy.util.test.WatchDog.cancel(): canceling Thu Jul 25 05:08:18 UTC 2019
auto.tcl: Setting watchdog for 200 seconds at Thu Jul 25 05:08:18 UTC 2019
3 ms. Memory: 48128K Free: 25025K (52%)
ptolemy.util.test.WatchDog.cancel(): canceling Thu Jul 25 05:08:18 UTC 2019
------------------ testing $PTII/ptolemy/domains/de/test/auto/Trilateration.xml
auto.tcl: Setting watchdog for 200 seconds at Thu Jul 25 05:08:18 UTC 2019
14758 ms. Memory: 449536K Free: 340858K (76%)
ptolemy.util.test.WatchDog.cancel(): canceling Thu Jul 25 05:08:34 UTC 2019
auto.tcl: Setting watchdog for 200 seconds at Thu Jul 25 05:08:34 UTC 2019
11332 ms. Memory: 449536K Free: 354421K (79%)
ptolemy.util.test.WatchDog.cancel(): canceling Thu Jul 25 05:08:46 UTC 2019
------------------ testing $PTII/ptolemy/domains/de/test/auto/TwoSigmaDelta.xml
auto.tcl: Setting watchdog for 200 seconds at Thu Jul 25 05:08:46 UTC 2019
2909 ms. Memory: 89088K Free: 61364K (69%)
ptolemy.util.test.WatchDog.cancel(): canceling Thu Jul 25 05:08:49 UTC 2019
auto.tcl: Setting watchdog for 200 seconds at Thu Jul 25 05:08:49 UTC 2019
2091 ms. Memory: 89088K Free: 54749K (61%)
ptolemy.util.test.WatchDog.cancel(): canceling Thu Jul 25 05:08:51 UTC 2019
------------------ testing $PTII/ptolemy/domains/de/test/auto/VariableDelay.xml
auto.tcl: Setting watchdog for 200 seconds at Thu Jul 25 05:08:51 UTC 2019
2 ms. Memory: 51200K Free: 32503K (63%)
ptolemy.util.test.WatchDog.cancel(): canceling Thu Jul 25 05:08:51 UTC 2019
auto.tcl: Setting watchdog for 200 seconds at Thu Jul 25 05:08:51 UTC 2019
1 ms. Memory: 51200K Free: 31479K (61%)
ptolemy.util.test.WatchDog.cancel(): canceling Thu Jul 25 05:08:51 UTC 2019
------------------ testing $PTII/ptolemy/domains/de/test/auto/VariableDelay2.xml
auto.tcl: Setting watchdog for 200 seconds at Thu Jul 25 05:08:51 UTC 2019
2 ms. Memory: 51200K Free: 32902K (64%)
ptolemy.util.test.WatchDog.cancel(): canceling Thu Jul 25 05:08:51 UTC 2019
auto.tcl: Setting watchdog for 200 seconds at Thu Jul 25 05:08:51 UTC 2019
3 ms. Memory: 51200K Free: 32422K (63%)
ptolemy.util.test.WatchDog.cancel(): canceling Thu Jul 25 05:08:51 UTC 2019
------------------ testing $PTII/ptolemy/domains/de/test/auto/VariableDelayZeroDelay.xml
auto.tcl: Setting watchdog for 200 seconds at Thu Jul 25 05:08:51 UTC 2019
2 ms. Memory: 51200K Free: 33445K (65%)
ptolemy.util.test.WatchDog.cancel(): canceling Thu Jul 25 05:08:51 UTC 2019
auto.tcl: Setting watchdog for 200 seconds at Thu Jul 25 05:08:51 UTC 2019
2 ms. Memory: 51200K Free: 32931K (64%)
ptolemy.util.test.WatchDog.cancel(): canceling Thu Jul 25 05:08:51 UTC 2019
------------------ testing $PTII/ptolemy/domains/de/test/auto/VariableDelayZeroDelay2.xml
auto.tcl: Setting watchdog for 200 seconds at Thu Jul 25 05:08:51 UTC 2019
6 ms. Memory: 51200K Free: 33444K (65%)
ptolemy.util.test.WatchDog.cancel(): canceling Thu Jul 25 05:08:51 UTC 2019
auto.tcl: Setting watchdog for 200 seconds at Thu Jul 25 05:08:51 UTC 2019
2 ms. Memory: 51200K Free: 32420K (63%)
ptolemy.util.test.WatchDog.cancel(): canceling Thu Jul 25 05:08:51 UTC 2019
------------------ testing $PTII/ptolemy/domains/de/test/auto/deInCt.xml
auto.tcl: Setting watchdog for 200 seconds at Thu Jul 25 05:08:51 UTC 2019
0
1
1
1
0
0
0
0
1
1
1
0
0
0
1
1
1
1
0
0
0
1
1
1
1
1
1
1
9 ms. Memory: 48128K Free: 29345K (61%)
ptolemy.util.test.WatchDog.cancel(): canceling Thu Jul 25 05:08:51 UTC 2019
auto.tcl: Setting watchdog for 200 seconds at Thu Jul 25 05:08:51 UTC 2019
0
1
1
1
0
0
0
1
1
1
0
0
0
1
1
1
0
0
0
0
1
1
1
1
0
0
0
0
1
1
0
0
0
1
1
1
1
1
0
0
0
0
9 ms. Memory: 48128K Free: 27807K (58%)
ptolemy.util.test.WatchDog.cancel(): canceling Thu Jul 25 05:08:51 UTC 2019
------------------ testing $PTII/ptolemy/domains/de/test/auto/deInCt2.xml
auto.tcl: Setting watchdog for 200 seconds at Thu Jul 25 05:08:51 UTC 2019
0
1
1
1
0
0
1
1
1
0
0
1
1
1
0
0
1
1
1
0
0
1
1
1
0
0
1
1
1
0
0
1
1
1
0
0
1
1
1
0
0
0
10 ms. Memory: 48128K Free: 29347K (61%)
ptolemy.util.test.WatchDog.cancel(): canceling Thu Jul 25 05:08:51 UTC 2019
auto.tcl: Setting watchdog for 200 seconds at Thu Jul 25 05:08:51 UTC 2019
0
1
1
1
0
0
1
1
1
0
0
1
1
1
0
0
1
1
1
0
0
1
1
1
0
0
1
1
1
0
0
1
1
1
0
0
1
1
1
0
0
0
6 ms. Memory: 48128K Free: 27795K (58%)
ptolemy.util.test.WatchDog.cancel(): canceling Thu Jul 25 05:08:51 UTC 2019
------------------ testing $PTII/ptolemy/domains/de/test/auto/dynamicCausalityInterface1.xml
auto.tcl: Setting watchdog for 200 seconds at Thu Jul 25 05:08:51 UTC 2019
2 ms. Memory: 48128K Free: 25246K (52%)
ptolemy.util.test.WatchDog.cancel(): canceling Thu Jul 25 05:08:51 UTC 2019
auto.tcl: Setting watchdog for 200 seconds at Thu Jul 25 05:08:51 UTC 2019
1 ms. Memory: 48128K Free: 24748K (51%)
ptolemy.util.test.WatchDog.cancel(): canceling Thu Jul 25 05:08:51 UTC 2019
------------------ testing $PTII/ptolemy/domains/de/test/auto/fsm_de_test.xml
auto.tcl: Setting watchdog for 200 seconds at Thu Jul 25 05:08:51 UTC 2019
10 ms. Memory: 48128K Free: 25144K (52%)
ptolemy.util.test.WatchDog.cancel(): canceling Thu Jul 25 05:08:51 UTC 2019
auto.tcl: Setting watchdog for 200 seconds at Thu Jul 25 05:08:51 UTC 2019
6 ms. Memory: 48128K Free: 23111K (48%)
ptolemy.util.test.WatchDog.cancel(): canceling Thu Jul 25 05:08:51 UTC 2019
------------------ testing $PTII/ptolemy/domains/de/test/auto/functionDependencyReconstruction.xml
auto.tcl: Setting watchdog for 200 seconds at Thu Jul 25 05:08:52 UTC 2019
8 ms. Memory: 48128K Free: 19111K (40%)
ptolemy.util.test.WatchDog.cancel(): canceling Thu Jul 25 05:08:52 UTC 2019
auto.tcl: Setting watchdog for 200 seconds at Thu Jul 25 05:08:52 UTC 2019
3 ms. Memory: 48128K Free: 16943K (35%)
ptolemy.util.test.WatchDog.cancel(): canceling Thu Jul 25 05:08:52 UTC 2019
------------------ testing $PTII/ptolemy/domains/de/test/auto/multirate.xml
auto.tcl: Setting watchdog for 200 seconds at Thu Jul 25 05:08:52 UTC 2019
5 ms. Memory: 48128K Free: 27790K (58%)
ptolemy.util.test.WatchDog.cancel(): canceling Thu Jul 25 05:08:52 UTC 2019
auto.tcl: Setting watchdog for 200 seconds at Thu Jul 25 05:08:52 UTC 2019
2 ms. Memory: 48128K Free: 26075K (54%)
ptolemy.util.test.WatchDog.cancel(): canceling Thu Jul 25 05:08:52 UTC 2019
------------------ testing $PTII/ptolemy/domains/de/test/auto/multirate2.xml
auto.tcl: Setting watchdog for 200 seconds at Thu Jul 25 05:08:52 UTC 2019
3 ms. Memory: 48128K Free: 27979K (58%)
ptolemy.util.test.WatchDog.cancel(): canceling Thu Jul 25 05:08:52 UTC 2019
auto.tcl: Setting watchdog for 200 seconds at Thu Jul 25 05:08:52 UTC 2019
4 ms. Memory: 48128K Free: 26256K (55%)
ptolemy.util.test.WatchDog.cancel(): canceling Thu Jul 25 05:08:52 UTC 2019
------------------ testing $PTII/ptolemy/domains/de/test/auto/realtime.xml
auto.tcl: Setting watchdog for 200 seconds at Thu Jul 25 05:08:52 UTC 2019
10002 ms. Memory: 48128K Free: 30009K (62%)
ptolemy.util.test.WatchDog.cancel(): canceling Thu Jul 25 05:09:02 UTC 2019
auto.tcl: Setting watchdog for 200 seconds at Thu Jul 25 05:09:02 UTC 2019
10003 ms. Memory: 48128K Free: 29291K (61%)
ptolemy.util.test.WatchDog.cancel(): canceling Thu Jul 25 05:09:12 UTC 2019
------------------ testing $PTII/ptolemy/domains/de/test/auto/relationGroup.xml
auto.tcl: Setting watchdog for 200 seconds at Thu Jul 25 05:09:12 UTC 2019
3 ms. Memory: 48128K Free: 31128K (65%)
ptolemy.util.test.WatchDog.cancel(): canceling Thu Jul 25 05:09:12 UTC 2019
auto.tcl: Setting watchdog for 200 seconds at Thu Jul 25 05:09:12 UTC 2019
2 ms. Memory: 48128K Free: 30633K (64%)
ptolemy.util.test.WatchDog.cancel(): canceling Thu Jul 25 05:09:12 UTC 2019
------------------ testing $PTII/ptolemy/domains/de/test/auto/relationGroup2.xml
auto.tcl: Setting watchdog for 200 seconds at Thu Jul 25 05:09:12 UTC 2019
1 ms. Memory: 48128K Free: 31144K (65%)
ptolemy.util.test.WatchDog.cancel(): canceling Thu Jul 25 05:09:12 UTC 2019
auto.tcl: Setting watchdog for 200 seconds at Thu Jul 25 05:09:12 UTC 2019
1 ms. Memory: 48128K Free: 30632K (64%)
ptolemy.util.test.WatchDog.cancel(): canceling Thu Jul 25 05:09:12 UTC 2019
------------------ testing $PTII/ptolemy/domains/de/test/auto/sortWithOpaquePorts.xml
auto.tcl: Setting watchdog for 200 seconds at Thu Jul 25 05:09:12 UTC 2019
1 ms. Memory: 48128K Free: 30399K (63%)
ptolemy.util.test.WatchDog.cancel(): canceling Thu Jul 25 05:09:12 UTC 2019
auto.tcl: Setting watchdog for 200 seconds at Thu Jul 25 05:09:12 UTC 2019
1 ms. Memory: 48128K Free: 28887K (60%)
ptolemy.util.test.WatchDog.cancel(): canceling Thu Jul 25 05:09:12 UTC 2019
------------------ testing $PTII/ptolemy/domains/de/test/auto/transferInputsandOutputs.xml
auto.tcl: Setting watchdog for 200 seconds at Thu Jul 25 05:09:12 UTC 2019
2 ms. Memory: 48128K Free: 27314K (57%)
ptolemy.util.test.WatchDog.cancel(): canceling Thu Jul 25 05:09:12 UTC 2019
auto.tcl: Setting watchdog for 200 seconds at Thu Jul 25 05:09:12 UTC 2019
2 ms. Memory: 48128K Free: 26325K (55%)
ptolemy.util.test.WatchDog.cancel(): canceling Thu Jul 25 05:09:12 UTC 2019
------------------ testing $PTII/ptolemy/domains/de/test/auto/triggerType.xml
auto.tcl: Setting watchdog for 200 seconds at Thu Jul 25 05:09:12 UTC 2019
2 ms. Memory: 48128K Free: 30340K (63%)
ptolemy.util.test.WatchDog.cancel(): canceling Thu Jul 25 05:09:12 UTC 2019
auto.tcl: Setting watchdog for 200 seconds at Thu Jul 25 05:09:12 UTC 2019
1 ms. Memory: 48128K Free: 29316K (61%)
ptolemy.util.test.WatchDog.cancel(): canceling Thu Jul 25 05:09:12 UTC 2019
07/25/19 05:09:12
Failed: 0  Total Tests: 192  ((Passed: 187, Newly Passed: 1)  Known Failed: 5) /home/travis/build/icyphy/ptII/ptolemy/domains/de/test
07/25/19 05:09:12
Failed: 0  Total Tests: 192  ((Passed: 187, Newly Passed: 1)  Known Failed: 5) /home/travis/build/icyphy/ptII/ptolemy/domains/de/test
----------------- testing (KnownFailure) /home/travis/build/icyphy/ptII/ptolemy/domains/de/test/auto/knownFailedTests/DESDFClockTest.xml
2023 ms. Memory: 48128K Free: 23734K (49%)
Known Failure: java.lang.reflect.InvocationTargetException
----------------- testing (KnownFailure) /home/travis/build/icyphy/ptII/ptolemy/domains/de/test/auto/knownFailedTests/DirectFeedback.xml
2 ms. Memory: 48128K Free: 20152K (42%)
Known Failure: java.lang.reflect.InvocationTargetException
----------------- testing (KnownFailure) /home/travis/build/icyphy/ptII/ptolemy/domains/de/test/auto/knownFailedTests/FSMSource.xml
26 ms. Memory: 48128K Free: 12470K (26%)
----------------- testing (KnownFailure) /home/travis/build/icyphy/ptII/ptolemy/domains/de/test/auto/knownFailedTests/HierarchicalModel.xml
2 ms. Memory: 48128K Free: 23612K (49%)
Known Failure: java.lang.reflect.InvocationTargetException
----------------- testing (KnownFailure) /home/travis/build/icyphy/ptII/ptolemy/domains/de/test/auto/knownFailedTests/dependencyLoop.xml
2 ms. Memory: 48128K Free: 8687K (18%)
Known Failure: java.lang.reflect.InvocationTargetException
----------------- testing (KnownFailure) /home/travis/build/icyphy/ptII/ptolemy/domains/de/test/auto/knownFailedTests/dependencyLoop2.xml
6 ms. Memory: 48128K Free: 20969K (44%)
Known Failure: java.lang.reflect.InvocationTargetException
No auto/linux-amd64/*.xml tests in /home/travis/build/icyphy/ptII/ptolemy/domains/de/test
AutoTests.java: About to close Vertx.
AutoTests.java: Vertx closed.

===========================================================================================
----------------- testing Thu Jul 25 05:09:14 UTC 2019 /home/travis/build/icyphy/ptII/ptolemy/domains/de/test/auto/ActorDepthCalculation_actorWithoutPorts.xml
----------------- Instantiating /home/travis/build/icyphy/ptII/ptolemy/domains/de/test/auto/ActorDepthCalculation_actorWithoutPorts.xml
2 ms. Memory: 48128K Free: 14067K (29%)
----------------- Invoking toplevel() on ptolemy.moml.MoMLSimpleApplication@4beaf811
----------------- Done invoking toplevel() on ptolemy.moml.MoMLSimpleApplication@4beaf811
reloadAllAccessors: .ActorDepthCalculation_actorWithoutPorts

===========================================================================================
----------------- testing Thu Jul 25 05:09:14 UTC 2019 /home/travis/build/icyphy/ptII/ptolemy/domains/de/test/auto/AssemblyLine.xml
----------------- Instantiating /home/travis/build/icyphy/ptII/ptolemy/domains/de/test/auto/AssemblyLine.xml
6 ms. Memory: 48128K Free: 33631K (70%)
----------------- Invoking toplevel() on ptolemy.moml.MoMLSimpleApplication@27af970e
----------------- Done invoking toplevel() on ptolemy.moml.MoMLSimpleApplication@27af970e
reloadAllAccessors: .AssemblyLine

===========================================================================================
----------------- testing Thu Jul 25 05:09:14 UTC 2019 /home/travis/build/icyphy/ptII/ptolemy/domains/de/test/auto/CQBug1.xml
----------------- Instantiating /home/travis/build/icyphy/ptII/ptolemy/domains/de/test/auto/CQBug1.xml
1 ms. Memory: 48128K Free: 30421K (63%)
----------------- Invoking toplevel() on ptolemy.moml.MoMLSimpleApplication@885df6
----------------- Done invoking toplevel() on ptolemy.moml.MoMLSimpleApplication@885df6
reloadAllAccessors: .CQBug1

===========================================================================================
----------------- testing Thu Jul 25 05:09:14 UTC 2019 /home/travis/build/icyphy/ptII/ptolemy/domains/de/test/auto/CancelFireAt.xml
----------------- Instantiating /home/travis/build/icyphy/ptII/ptolemy/domains/de/test/auto/CancelFireAt.xml
0 ms. Memory: 48128K Free: 28099K (58%)
----------------- Invoking toplevel() on ptolemy.moml.MoMLSimpleApplication@6488e46c
----------------- Done invoking toplevel() on ptolemy.moml.MoMLSimpleApplication@6488e46c
reloadAllAccessors: .CancelFireAt

===========================================================================================
----------------- testing Thu Jul 25 05:09:14 UTC 2019 /home/travis/build/icyphy/ptII/ptolemy/domains/de/test/auto/CausalityAndComposabilityAnalysis.xml
----------------- Instantiating /home/travis/build/icyphy/ptII/ptolemy/domains/de/test/auto/CausalityAndComposabilityAnalysis.xml
1 ms. Memory: 48128K Free: 24229K (50%)
----------------- Invoking toplevel() on ptolemy.moml.MoMLSimpleApplication@47567ae2
----------------- Done invoking toplevel() on ptolemy.moml.MoMLSimpleApplication@47567ae2
reloadAllAccessors: .CausalityAndComposabilityAnalysis

===========================================================================================
----------------- testing Thu Jul 25 05:09:14 UTC 2019 /home/travis/build/icyphy/ptII/ptolemy/domains/de/test/auto/CausalityInterface1.xml
----------------- Instantiating /home/travis/build/icyphy/ptII/ptolemy/domains/de/test/auto/CausalityInterface1.xml
4 ms. Memory: 48128K Free: 18923K (39%)
----------------- Invoking toplevel() on ptolemy.moml.MoMLSimpleApplication@62ecf005
----------------- Done invoking toplevel() on ptolemy.moml.MoMLSimpleApplication@62ecf005
reloadAllAccessors: .CausalityInterface1

===========================================================================================
----------------- testing Thu Jul 25 05:09:15 UTC 2019 /home/travis/build/icyphy/ptII/ptolemy/domains/de/test/auto/CausalityInterface15.xml
----------------- Instantiating /home/travis/build/icyphy/ptII/ptolemy/domains/de/test/auto/CausalityInterface15.xml
2 ms. Memory: 48128K Free: 13584K (28%)
----------------- Invoking toplevel() on ptolemy.moml.MoMLSimpleApplication@10f7a7e5
----------------- Done invoking toplevel() on ptolemy.moml.MoMLSimpleApplication@10f7a7e5
reloadAllAccessors: .CausalityInterface15

===========================================================================================
----------------- testing Thu Jul 25 05:09:15 UTC 2019 /home/travis/build/icyphy/ptII/ptolemy/domains/de/test/auto/CausalityInterface2.xml
----------------- Instantiating /home/travis/build/icyphy/ptII/ptolemy/domains/de/test/auto/CausalityInterface2.xml
2 ms. Memory: 48128K Free: 9095K (19%)
----------------- Invoking toplevel() on ptolemy.moml.MoMLSimpleApplication@4f234566
----------------- Done invoking toplevel() on ptolemy.moml.MoMLSimpleApplication@4f234566
reloadAllAccessors: .CausalityInterface2

===========================================================================================
----------------- testing Thu Jul 25 05:09:15 UTC 2019 /home/travis/build/icyphy/ptII/ptolemy/domains/de/test/auto/CausalityInterface3.xml
----------------- Instantiating /home/travis/build/icyphy/ptII/ptolemy/domains/de/test/auto/CausalityInterface3.xml
3 ms. Memory: 48128K Free: 30850K (64%)
----------------- Invoking toplevel() on ptolemy.moml.MoMLSimpleApplication@77859425
----------------- Done invoking toplevel() on ptolemy.moml.MoMLSimpleApplication@77859425
reloadAllAccessors: .CausalityInterface3

===========================================================================================
----------------- testing Thu Jul 25 05:09:15 UTC 2019 /home/travis/build/icyphy/ptII/ptolemy/domains/de/test/auto/ClockDrift.xml
----------------- Instantiating /home/travis/build/icyphy/ptII/ptolemy/domains/de/test/auto/ClockDrift.xml
11 ms. Memory: 48128K Free: 19108K (40%)
----------------- Invoking toplevel() on ptolemy.moml.MoMLSimpleApplication@39b70645
----------------- Done invoking toplevel() on ptolemy.moml.MoMLSimpleApplication@39b70645
reloadAllAccessors: .ClockDrift

===========================================================================================
----------------- testing Thu Jul 25 05:09:15 UTC 2019 /home/travis/build/icyphy/ptII/ptolemy/domains/de/test/auto/ClockDriftAndValueChange.xml
----------------- Instantiating /home/travis/build/icyphy/ptII/ptolemy/domains/de/test/auto/ClockDriftAndValueChange.xml
8 ms. Memory: 48128K Free: 7652K (16%)
----------------- Invoking toplevel() on ptolemy.moml.MoMLSimpleApplication@48779524
----------------- Done invoking toplevel() on ptolemy.moml.MoMLSimpleApplication@48779524
reloadAllAccessors: .ClockDriftAndValueChange

===========================================================================================
----------------- testing Thu Jul 25 05:09:15 UTC 2019 /home/travis/build/icyphy/ptII/ptolemy/domains/de/test/auto/ClockDriftChange.xml
----------------- Instantiating /home/travis/build/icyphy/ptII/ptolemy/domains/de/test/auto/ClockDriftChange.xml
7 ms. Memory: 48128K Free: 24349K (51%)
----------------- Invoking toplevel() on ptolemy.moml.MoMLSimpleApplication@48eaa2e8
----------------- Done invoking toplevel() on ptolemy.moml.MoMLSimpleApplication@48eaa2e8
reloadAllAccessors: .ClockDriftChange

===========================================================================================
----------------- testing Thu Jul 25 05:09:15 UTC 2019 /home/travis/build/icyphy/ptII/ptolemy/domains/de/test/auto/ComposableCausalityAnalysis.xml
----------------- Instantiating /home/travis/build/icyphy/ptII/ptolemy/domains/de/test/auto/ComposableCausalityAnalysis.xml
1 ms. Memory: 48128K Free: 18457K (38%)
----------------- Invoking toplevel() on ptolemy.moml.MoMLSimpleApplication@5505641d
----------------- Done invoking toplevel() on ptolemy.moml.MoMLSimpleApplication@5505641d
reloadAllAccessors: .ComposableCausalityAnalysis

===========================================================================================
----------------- testing Thu Jul 25 05:09:15 UTC 2019 /home/travis/build/icyphy/ptII/ptolemy/domains/de/test/auto/DEFixedPointLimitation.xml
----------------- Instantiating /home/travis/build/icyphy/ptII/ptolemy/domains/de/test/auto/DEFixedPointLimitation.xml
0 ms. Memory: 48128K Free: 13811K (29%)
----------------- Invoking toplevel() on ptolemy.moml.MoMLSimpleApplication@7a8a7934
----------------- Done invoking toplevel() on ptolemy.moml.MoMLSimpleApplication@7a8a7934
reloadAllAccessors: .DEFixedPointLimitation

===========================================================================================
----------------- testing Thu Jul 25 05:09:15 UTC 2019 /home/travis/build/icyphy/ptII/ptolemy/domains/de/test/auto/DEScheduleTest.xml
----------------- Instantiating /home/travis/build/icyphy/ptII/ptolemy/domains/de/test/auto/DEScheduleTest.xml
2 ms. Memory: 48128K Free: 9731K (20%)
----------------- Invoking toplevel() on ptolemy.moml.MoMLSimpleApplication@60fdda54
----------------- Done invoking toplevel() on ptolemy.moml.MoMLSimpleApplication@60fdda54
reloadAllAccessors: .DEScheduleTest

===========================================================================================
----------------- testing Thu Jul 25 05:09:15 UTC 2019 /home/travis/build/icyphy/ptII/ptolemy/domains/de/test/auto/DEinDEwithStartTimes.xml
----------------- Instantiating /home/travis/build/icyphy/ptII/ptolemy/domains/de/test/auto/DEinDEwithStartTimes.xml
1 ms. Memory: 48128K Free: 30652K (64%)
----------------- Invoking toplevel() on ptolemy.moml.MoMLSimpleApplication@3b9597c1
----------------- Done invoking toplevel() on ptolemy.moml.MoMLSimpleApplication@3b9597c1
reloadAllAccessors: .DEinDEwithStartTimes

===========================================================================================
----------------- testing Thu Jul 25 05:09:15 UTC 2019 /home/travis/build/icyphy/ptII/ptolemy/domains/de/test/auto/DEinDEwithStartTimes2.xml
----------------- Instantiating /home/travis/build/icyphy/ptII/ptolemy/domains/de/test/auto/DEinDEwithStartTimes2.xml
2 ms. Memory: 48128K Free: 24180K (50%)
----------------- Invoking toplevel() on ptolemy.moml.MoMLSimpleApplication@414195ba
----------------- Done invoking toplevel() on ptolemy.moml.MoMLSimpleApplication@414195ba
reloadAllAccessors: .DEinDEwithStartTimes2

===========================================================================================
----------------- testing Thu Jul 25 05:09:15 UTC 2019 /home/travis/build/icyphy/ptII/ptolemy/domains/de/test/auto/DateDemo.xml
----------------- Instantiating /home/travis/build/icyphy/ptII/ptolemy/domains/de/test/auto/DateDemo.xml
7 ms. Memory: 48128K Free: 12924K (27%)
----------------- Invoking toplevel() on ptolemy.moml.MoMLSimpleApplication@6434641f
----------------- Done invoking toplevel() on ptolemy.moml.MoMLSimpleApplication@6434641f
reloadAllAccessors: .DateDemo

===========================================================================================
----------------- testing Thu Jul 25 05:09:15 UTC 2019 /home/travis/build/icyphy/ptII/ptolemy/domains/de/test/auto/DateToEvent.xml
----------------- Instantiating /home/travis/build/icyphy/ptII/ptolemy/domains/de/test/auto/DateToEvent.xml
2004 ms. Memory: 48128K Free: 23688K (49%)
----------------- Invoking toplevel() on ptolemy.moml.MoMLSimpleApplication@7cbae21
----------------- Done invoking toplevel() on ptolemy.moml.MoMLSimpleApplication@7cbae21
reloadAllAccessors: .DateToEvent

===========================================================================================
----------------- testing Thu Jul 25 05:09:17 UTC 2019 /home/travis/build/icyphy/ptII/ptolemy/domains/de/test/auto/DepthTest1.xml
----------------- Instantiating /home/travis/build/icyphy/ptII/ptolemy/domains/de/test/auto/DepthTest1.xml
1 ms. Memory: 48128K Free: 20862K (43%)
----------------- Invoking toplevel() on ptolemy.moml.MoMLSimpleApplication@3c0d7df4
----------------- Done invoking toplevel() on ptolemy.moml.MoMLSimpleApplication@3c0d7df4
reloadAllAccessors: .DepthTest1

===========================================================================================
----------------- testing Thu Jul 25 05:09:17 UTC 2019 /home/travis/build/icyphy/ptII/ptolemy/domains/de/test/auto/DepthTest2.xml
----------------- Instantiating /home/travis/build/icyphy/ptII/ptolemy/domains/de/test/auto/DepthTest2.xml
1 ms. Memory: 48128K Free: 14446K (30%)
----------------- Invoking toplevel() on ptolemy.moml.MoMLSimpleApplication@357b0044
----------------- Done invoking toplevel() on ptolemy.moml.MoMLSimpleApplication@357b0044
reloadAllAccessors: .DepthTest2

===========================================================================================
----------------- testing Thu Jul 25 05:09:17 UTC 2019 /home/travis/build/icyphy/ptII/ptolemy/domains/de/test/auto/DepthTest3.xml
----------------- Instantiating /home/travis/build/icyphy/ptII/ptolemy/domains/de/test/auto/DepthTest3.xml
1 ms. Memory: 48128K Free: 11376K (24%)
----------------- Invoking toplevel() on ptolemy.moml.MoMLSimpleApplication@57532556
----------------- Done invoking toplevel() on ptolemy.moml.MoMLSimpleApplication@57532556
reloadAllAccessors: .DepthTest3

===========================================================================================
----------------- testing Thu Jul 25 05:09:17 UTC 2019 /home/travis/build/icyphy/ptII/ptolemy/domains/de/test/auto/DepthTest4.xml
----------------- Instantiating /home/travis/build/icyphy/ptII/ptolemy/domains/de/test/auto/DepthTest4.xml
3 ms. Memory: 48128K Free: 32458K (67%)
----------------- Invoking toplevel() on ptolemy.moml.MoMLSimpleApplication@2c97a59f
----------------- Done invoking toplevel() on ptolemy.moml.MoMLSimpleApplication@2c97a59f
reloadAllAccessors: .DepthTest4

===========================================================================================
----------------- testing Thu Jul 25 05:09:17 UTC 2019 /home/travis/build/icyphy/ptII/ptolemy/domains/de/test/auto/DepthTest5.xml
----------------- Instantiating /home/travis/build/icyphy/ptII/ptolemy/domains/de/test/auto/DepthTest5.xml
2 ms. Memory: 48128K Free: 27142K (56%)
----------------- Invoking toplevel() on ptolemy.moml.MoMLSimpleApplication@2bdbc7f1
----------------- Done invoking toplevel() on ptolemy.moml.MoMLSimpleApplication@2bdbc7f1
reloadAllAccessors: .DepthTest5

===========================================================================================
----------------- testing Thu Jul 25 05:09:17 UTC 2019 /home/travis/build/icyphy/ptII/ptolemy/domains/de/test/auto/DepthTest6.xml
----------------- Instantiating /home/travis/build/icyphy/ptII/ptolemy/domains/de/test/auto/DepthTest6.xml
2 ms. Memory: 48128K Free: 21758K (45%)
----------------- Invoking toplevel() on ptolemy.moml.MoMLSimpleApplication@76097496
----------------- Done invoking toplevel() on ptolemy.moml.MoMLSimpleApplication@76097496
reloadAllAccessors: .DepthTest6

===========================================================================================
----------------- testing Thu Jul 25 05:09:17 UTC 2019 /home/travis/build/icyphy/ptII/ptolemy/domains/de/test/auto/DepthTest7.xml
----------------- Instantiating /home/travis/build/icyphy/ptII/ptolemy/domains/de/test/auto/DepthTest7.xml
1 ms. Memory: 48128K Free: 17004K (35%)
----------------- Invoking toplevel() on ptolemy.moml.MoMLSimpleApplication@51c9f513
----------------- Done invoking toplevel() on ptolemy.moml.MoMLSimpleApplication@51c9f513
reloadAllAccessors: .DepthTest7

===========================================================================================
----------------- testing Thu Jul 25 05:09:17 UTC 2019 /home/travis/build/icyphy/ptII/ptolemy/domains/de/test/auto/EventToDate.xml
----------------- Instantiating /home/travis/build/icyphy/ptII/ptolemy/domains/de/test/auto/EventToDate.xml
3003 ms. Memory: 48128K Free: 29249K (61%)
----------------- Invoking toplevel() on ptolemy.moml.MoMLSimpleApplication@7c14f12d
----------------- Done invoking toplevel() on ptolemy.moml.MoMLSimpleApplication@7c14f12d
reloadAllAccessors: .EventToDate

===========================================================================================
----------------- testing Thu Jul 25 05:09:20 UTC 2019 /home/travis/build/icyphy/ptII/ptolemy/domains/de/test/auto/FSM1.xml
----------------- Instantiating /home/travis/build/icyphy/ptII/ptolemy/domains/de/test/auto/FSM1.xml
10 ms. Memory: 48128K Free: 17150K (36%)
----------------- Invoking toplevel() on ptolemy.moml.MoMLSimpleApplication@6bf40d7c
----------------- Done invoking toplevel() on ptolemy.moml.MoMLSimpleApplication@6bf40d7c
reloadAllAccessors: .FSM1

===========================================================================================
----------------- testing Thu Jul 25 05:09:20 UTC 2019 /home/travis/build/icyphy/ptII/ptolemy/domains/de/test/auto/FSM7.xml
----------------- Instantiating /home/travis/build/icyphy/ptII/ptolemy/domains/de/test/auto/FSM7.xml
20 ms. Memory: 48128K Free: 30783K (64%)
----------------- Invoking toplevel() on ptolemy.moml.MoMLSimpleApplication@26a1d396
----------------- Done invoking toplevel() on ptolemy.moml.MoMLSimpleApplication@26a1d396
reloadAllAccessors: .FSM7

===========================================================================================
----------------- testing Thu Jul 25 05:09:20 UTC 2019 /home/travis/build/icyphy/ptII/ptolemy/domains/de/test/auto/Inspection.xml
----------------- Instantiating /home/travis/build/icyphy/ptII/ptolemy/domains/de/test/auto/Inspection.xml
12 ms. Memory: 48128K Free: 18448K (38%)
----------------- Invoking toplevel() on ptolemy.moml.MoMLSimpleApplication@1f4345c8
----------------- Done invoking toplevel() on ptolemy.moml.MoMLSimpleApplication@1f4345c8
reloadAllAccessors: .Inspection

===========================================================================================
----------------- testing Thu Jul 25 05:09:20 UTC 2019 /home/travis/build/icyphy/ptII/ptolemy/domains/de/test/auto/Iteration.xml
----------------- Instantiating /home/travis/build/icyphy/ptII/ptolemy/domains/de/test/auto/Iteration.xml
11 ms. Memory: 48128K Free: 11471K (24%)
----------------- Invoking toplevel() on ptolemy.moml.MoMLSimpleApplication@12ea1a5e
----------------- Done invoking toplevel() on ptolemy.moml.MoMLSimpleApplication@12ea1a5e
reloadAllAccessors: .Iteration

===========================================================================================
----------------- testing Thu Jul 25 05:09:20 UTC 2019 /home/travis/build/icyphy/ptII/ptolemy/domains/de/test/auto/LineFault.xml
----------------- Instantiating /home/travis/build/icyphy/ptII/ptolemy/domains/de/test/auto/LineFault.xml
382 ms. Memory: 48128K Free: 21018K (44%)
----------------- Invoking toplevel() on ptolemy.moml.MoMLSimpleApplication@33a41cd9
----------------- Done invoking toplevel() on ptolemy.moml.MoMLSimpleApplication@33a41cd9
reloadAllAccessors: .LineFault

===========================================================================================
----------------- testing Thu Jul 25 05:09:20 UTC 2019 /home/travis/build/icyphy/ptII/ptolemy/domains/de/test/auto/MergeModel1Add.xml
----------------- Instantiating /home/travis/build/icyphy/ptII/ptolemy/domains/de/test/auto/MergeModel1Add.xml
6 ms. Memory: 48128K Free: 25386K (53%)
----------------- Invoking toplevel() on ptolemy.moml.MoMLSimpleApplication@b53590
----------------- Done invoking toplevel() on ptolemy.moml.MoMLSimpleApplication@b53590
reloadAllAccessors: .MergeModel1Add

===========================================================================================
----------------- testing Thu Jul 25 05:09:21 UTC 2019 /home/travis/build/icyphy/ptII/ptolemy/domains/de/test/auto/MergeModel2Add.xml
----------------- Instantiating /home/travis/build/icyphy/ptII/ptolemy/domains/de/test/auto/MergeModel2Add.xml
19 ms. Memory: 48128K Free: 30459K (63%)
----------------- Invoking toplevel() on ptolemy.moml.MoMLSimpleApplication@3ece8094
----------------- Done invoking toplevel() on ptolemy.moml.MoMLSimpleApplication@3ece8094
reloadAllAccessors: .MergeModel2Add

===========================================================================================
----------------- testing Thu Jul 25 05:09:21 UTC 2019 /home/travis/build/icyphy/ptII/ptolemy/domains/de/test/auto/MergeModel3Add.xml
----------------- Instantiating /home/travis/build/icyphy/ptII/ptolemy/domains/de/test/auto/MergeModel3Add.xml
4 ms. Memory: 48128K Free: 12750K (26%)
----------------- Invoking toplevel() on ptolemy.moml.MoMLSimpleApplication@10182deb
----------------- Done invoking toplevel() on ptolemy.moml.MoMLSimpleApplication@10182deb
reloadAllAccessors: .MergeModel3Add

===========================================================================================
----------------- testing Thu Jul 25 05:09:21 UTC 2019 /home/travis/build/icyphy/ptII/ptolemy/domains/de/test/auto/MergeWithoutDiscard.xml
----------------- Instantiating /home/travis/build/icyphy/ptII/ptolemy/domains/de/test/auto/MergeWithoutDiscard.xml
1 ms. Memory: 48128K Free: 31293K (65%)
----------------- Invoking toplevel() on ptolemy.moml.MoMLSimpleApplication@145acac2
----------------- Done invoking toplevel() on ptolemy.moml.MoMLSimpleApplication@145acac2
reloadAllAccessors: .MergeWithoutDiscard

===========================================================================================
----------------- testing Thu Jul 25 05:09:21 UTC 2019 /home/travis/build/icyphy/ptII/ptolemy/domains/de/test/auto/Modal1.xml
----------------- Instantiating /home/travis/build/icyphy/ptII/ptolemy/domains/de/test/auto/Modal1.xml
10 ms. Memory: 48128K Free: 19146K (40%)
----------------- Invoking toplevel() on ptolemy.moml.MoMLSimpleApplication@32489289
----------------- Done invoking toplevel() on ptolemy.moml.MoMLSimpleApplication@32489289
reloadAllAccessors: .Modal1

===========================================================================================
----------------- testing Thu Jul 25 05:09:21 UTC 2019 /home/travis/build/icyphy/ptII/ptolemy/domains/de/test/auto/Modal2.xml
----------------- Instantiating /home/travis/build/icyphy/ptII/ptolemy/domains/de/test/auto/Modal2.xml
12 ms. Memory: 48128K Free: 29535K (61%)
----------------- Invoking toplevel() on ptolemy.moml.MoMLSimpleApplication@34089501
----------------- Done invoking toplevel() on ptolemy.moml.MoMLSimpleApplication@34089501
reloadAllAccessors: .Modal2

===========================================================================================
----------------- testing Thu Jul 25 05:09:21 UTC 2019 /home/travis/build/icyphy/ptII/ptolemy/domains/de/test/auto/Modal3.xml
----------------- Instantiating /home/travis/build/icyphy/ptII/ptolemy/domains/de/test/auto/Modal3.xml
7 ms. Memory: 48128K Free: 17276K (36%)
----------------- Invoking toplevel() on ptolemy.moml.MoMLSimpleApplication@65d1a63f
----------------- Done invoking toplevel() on ptolemy.moml.MoMLSimpleApplication@65d1a63f
reloadAllAccessors: .Modal3

===========================================================================================
----------------- testing Thu Jul 25 05:09:21 UTC 2019 /home/travis/build/icyphy/ptII/ptolemy/domains/de/test/auto/Modal4.xml
----------------- Instantiating /home/travis/build/icyphy/ptII/ptolemy/domains/de/test/auto/Modal4.xml
8 ms. Memory: 48128K Free: 26798K (56%)
----------------- Invoking toplevel() on ptolemy.moml.MoMLSimpleApplication@11aaa7ee
----------------- Done invoking toplevel() on ptolemy.moml.MoMLSimpleApplication@11aaa7ee
reloadAllAccessors: .Modal4

===========================================================================================
----------------- testing Thu Jul 25 05:09:21 UTC 2019 /home/travis/build/icyphy/ptII/ptolemy/domains/de/test/auto/Modal5.xml
----------------- Instantiating /home/travis/build/icyphy/ptII/ptolemy/domains/de/test/auto/Modal5.xml
7 ms. Memory: 48128K Free: 13969K (29%)
----------------- Invoking toplevel() on ptolemy.moml.MoMLSimpleApplication@1e242f7e
----------------- Done invoking toplevel() on ptolemy.moml.MoMLSimpleApplication@1e242f7e
reloadAllAccessors: .Modal5

===========================================================================================
----------------- testing Thu Jul 25 05:09:21 UTC 2019 /home/travis/build/icyphy/ptII/ptolemy/domains/de/test/auto/Modal6.xml
----------------- Instantiating /home/travis/build/icyphy/ptII/ptolemy/domains/de/test/auto/Modal6.xml
14 ms. Memory: 58368K Free: 34370K (59%)
----------------- Invoking toplevel() on ptolemy.moml.MoMLSimpleApplication@3b53b36d
----------------- Done invoking toplevel() on ptolemy.moml.MoMLSimpleApplication@3b53b36d
reloadAllAccessors: .Modal6

===========================================================================================
----------------- testing Thu Jul 25 05:09:21 UTC 2019 /home/travis/build/icyphy/ptII/ptolemy/domains/de/test/auto/Modal7.xml
----------------- Instantiating /home/travis/build/icyphy/ptII/ptolemy/domains/de/test/auto/Modal7.xml
6 ms. Memory: 58368K Free: 21386K (37%)
----------------- Invoking toplevel() on ptolemy.moml.MoMLSimpleApplication@1f29479d
----------------- Done invoking toplevel() on ptolemy.moml.MoMLSimpleApplication@1f29479d
reloadAllAccessors: .Modal7

===========================================================================================
----------------- testing Thu Jul 25 05:09:21 UTC 2019 /home/travis/build/icyphy/ptII/ptolemy/domains/de/test/auto/ModalModel.xml
----------------- Instantiating /home/travis/build/icyphy/ptII/ptolemy/domains/de/test/auto/ModalModel.xml
143 ms. Memory: 58368K Free: 32979K (57%)
----------------- Invoking toplevel() on ptolemy.moml.MoMLSimpleApplication@1b6b986b
----------------- Done invoking toplevel() on ptolemy.moml.MoMLSimpleApplication@1b6b986b
reloadAllAccessors: .ModalModel

===========================================================================================
----------------- testing Thu Jul 25 05:09:21 UTC 2019 /home/travis/build/icyphy/ptII/ptolemy/domains/de/test/auto/ModalSource.xml
----------------- Instantiating /home/travis/build/icyphy/ptII/ptolemy/domains/de/test/auto/ModalSource.xml
6 ms. Memory: 58368K Free: 24599K (42%)
----------------- Invoking toplevel() on ptolemy.moml.MoMLSimpleApplication@5270eb74
----------------- Done invoking toplevel() on ptolemy.moml.MoMLSimpleApplication@5270eb74
reloadAllAccessors: .ModalSource

===========================================================================================
----------------- testing Thu Jul 25 05:09:21 UTC 2019 /home/travis/build/icyphy/ptII/ptolemy/domains/de/test/auto/NonInterruptibleTimerZeroDelay.xml
----------------- Instantiating /home/travis/build/icyphy/ptII/ptolemy/domains/de/test/auto/NonInterruptibleTimerZeroDelay.xml
2 ms. Memory: 58368K Free: 21104K (36%)
----------------- Invoking toplevel() on ptolemy.moml.MoMLSimpleApplication@338f69b9
----------------- Done invoking toplevel() on ptolemy.moml.MoMLSimpleApplication@338f69b9
reloadAllAccessors: .NonInterruptibleTimerZeroDelay

===========================================================================================
----------------- testing Thu Jul 25 05:09:21 UTC 2019 /home/travis/build/icyphy/ptII/ptolemy/domains/de/test/auto/OpenQueueingNetwork.xml
----------------- Instantiating /home/travis/build/icyphy/ptII/ptolemy/domains/de/test/auto/OpenQueueingNetwork.xml
2413 ms. Memory: 233472K Free: 178972K (77%)
----------------- Invoking toplevel() on ptolemy.moml.MoMLSimpleApplication@28a8550b
----------------- Done invoking toplevel() on ptolemy.moml.MoMLSimpleApplication@28a8550b
reloadAllAccessors: .OpenQueueingNetwork

===========================================================================================
----------------- testing Thu Jul 25 05:09:24 UTC 2019 /home/travis/build/icyphy/ptII/ptolemy/domains/de/test/auto/OpenQueuingNetwork.xml
----------------- Instantiating /home/travis/build/icyphy/ptII/ptolemy/domains/de/test/auto/OpenQueuingNetwork.xml
200 ms. Memory: 233472K Free: 102682K (44%)
----------------- Invoking toplevel() on ptolemy.moml.MoMLSimpleApplication@6da58e44
----------------- Done invoking toplevel() on ptolemy.moml.MoMLSimpleApplication@6da58e44
reloadAllAccessors: .OpenQueuingNetwork

===========================================================================================
----------------- testing Thu Jul 25 05:09:24 UTC 2019 /home/travis/build/icyphy/ptII/ptolemy/domains/de/test/auto/PeriodicSampler.xml
----------------- Instantiating /home/travis/build/icyphy/ptII/ptolemy/domains/de/test/auto/PeriodicSampler.xml
2 ms. Memory: 233472K Free: 98586K (42%)
----------------- Invoking toplevel() on ptolemy.moml.MoMLSimpleApplication@11e8cb41
----------------- Done invoking toplevel() on ptolemy.moml.MoMLSimpleApplication@11e8cb41
reloadAllAccessors: .PeriodicSampler

===========================================================================================
----------------- testing Thu Jul 25 05:09:24 UTC 2019 /home/travis/build/icyphy/ptII/ptolemy/domains/de/test/auto/PersistentIO.xml
----------------- Instantiating /home/travis/build/icyphy/ptII/ptolemy/domains/de/test/auto/PersistentIO.xml
3 ms. Memory: 233472K Free: 214075K (92%)
----------------- Invoking toplevel() on ptolemy.moml.MoMLSimpleApplication@4af591c8
----------------- Done invoking toplevel() on ptolemy.moml.MoMLSimpleApplication@4af591c8
reloadAllAccessors: .PersistentIO

===========================================================================================
----------------- testing Thu Jul 25 05:09:24 UTC 2019 /home/travis/build/icyphy/ptII/ptolemy/domains/de/test/auto/PortParameterResetOnInitialize.xml
----------------- Instantiating /home/travis/build/icyphy/ptII/ptolemy/domains/de/test/auto/PortParameterResetOnInitialize.xml
2 ms. Memory: 233472K Free: 209459K (90%)
----------------- Invoking toplevel() on ptolemy.moml.MoMLSimpleApplication@3424af77
----------------- Done invoking toplevel() on ptolemy.moml.MoMLSimpleApplication@3424af77
reloadAllAccessors: .PortParameterResetOnInitialize

===========================================================================================
----------------- testing Thu Jul 25 05:09:24 UTC 2019 /home/travis/build/icyphy/ptII/ptolemy/domains/de/test/auto/PortParameterUpdates.xml
----------------- Instantiating /home/travis/build/icyphy/ptII/ptolemy/domains/de/test/auto/PortParameterUpdates.xml
3 ms. Memory: 233472K Free: 202811K (87%)
----------------- Invoking toplevel() on ptolemy.moml.MoMLSimpleApplication@67de142f
----------------- Done invoking toplevel() on ptolemy.moml.MoMLSimpleApplication@67de142f
reloadAllAccessors: .PortParameterUpdates

===========================================================================================
----------------- testing Thu Jul 25 05:09:24 UTC 2019 /home/travis/build/icyphy/ptII/ptolemy/domains/de/test/auto/QueueAndServer.xml
----------------- Instantiating /home/travis/build/icyphy/ptII/ptolemy/domains/de/test/auto/QueueAndServer.xml
5 ms. Memory: 233472K Free: 195129K (84%)
----------------- Invoking toplevel() on ptolemy.moml.MoMLSimpleApplication@751f1321
----------------- Done invoking toplevel() on ptolemy.moml.MoMLSimpleApplication@751f1321
reloadAllAccessors: .QueueAndServer

===========================================================================================
----------------- testing Thu Jul 25 05:09:24 UTC 2019 /home/travis/build/icyphy/ptII/ptolemy/domains/de/test/auto/Records.xml
----------------- Instantiating /home/travis/build/icyphy/ptII/ptolemy/domains/de/test/auto/Records.xml
4 ms. Memory: 233472K Free: 189499K (81%)
----------------- Invoking toplevel() on ptolemy.moml.MoMLSimpleApplication@2b65f626
----------------- Done invoking toplevel() on ptolemy.moml.MoMLSimpleApplication@2b65f626
reloadAllAccessors: .Records

===========================================================================================
----------------- testing Thu Jul 25 05:09:24 UTC 2019 /home/travis/build/icyphy/ptII/ptolemy/domains/de/test/auto/ResetTransitionWithStartTime1.xml
----------------- Instantiating /home/travis/build/icyphy/ptII/ptolemy/domains/de/test/auto/ResetTransitionWithStartTime1.xml
9 ms. Memory: 233472K Free: 181307K (78%)
----------------- Invoking toplevel() on ptolemy.moml.MoMLSimpleApplication@20f480c9
----------------- Done invoking toplevel() on ptolemy.moml.MoMLSimpleApplication@20f480c9
reloadAllAccessors: .ResetTransitionWithStartTime1

===========================================================================================
----------------- testing Thu Jul 25 05:09:24 UTC 2019 /home/travis/build/icyphy/ptII/ptolemy/domains/de/test/auto/ResetTransitionWithStartTime2.xml
----------------- Instantiating /home/travis/build/icyphy/ptII/ptolemy/domains/de/test/auto/ResetTransitionWithStartTime2.xml
5 ms. Memory: 233472K Free: 173115K (74%)
----------------- Invoking toplevel() on ptolemy.moml.MoMLSimpleApplication@7d99495d
----------------- Done invoking toplevel() on ptolemy.moml.MoMLSimpleApplication@7d99495d
reloadAllAccessors: .ResetTransitionWithStartTime2

===========================================================================================
----------------- testing Thu Jul 25 05:09:24 UTC 2019 /home/travis/build/icyphy/ptII/ptolemy/domains/de/test/auto/ResetTransitionWithStartTime3.xml
----------------- Instantiating /home/travis/build/icyphy/ptII/ptolemy/domains/de/test/auto/ResetTransitionWithStartTime3.xml
4 ms. Memory: 233472K Free: 164923K (71%)
----------------- Invoking toplevel() on ptolemy.moml.MoMLSimpleApplication@513de1e
----------------- Done invoking toplevel() on ptolemy.moml.MoMLSimpleApplication@513de1e
reloadAllAccessors: .ResetTransitionWithStartTime3

===========================================================================================
----------------- testing Thu Jul 25 05:09:24 UTC 2019 /home/travis/build/icyphy/ptII/ptolemy/domains/de/test/auto/ResetTransitionWithStartTime4.xml
----------------- Instantiating /home/travis/build/icyphy/ptII/ptolemy/domains/de/test/auto/ResetTransitionWithStartTime4.xml
3 ms. Memory: 233472K Free: 157235K (67%)
----------------- Invoking toplevel() on ptolemy.moml.MoMLSimpleApplication@25ec892f
----------------- Done invoking toplevel() on ptolemy.moml.MoMLSimpleApplication@25ec892f
reloadAllAccessors: .ResetTransitionWithStartTime4

===========================================================================================
----------------- testing Thu Jul 25 05:09:24 UTC 2019 /home/travis/build/icyphy/ptII/ptolemy/domains/de/test/auto/ResettableTimer1.xml
----------------- Instantiating /home/travis/build/icyphy/ptII/ptolemy/domains/de/test/auto/ResettableTimer1.xml
4 ms. Memory: 233472K Free: 153145K (66%)
----------------- Invoking toplevel() on ptolemy.moml.MoMLSimpleApplication@2a3c2d7d
----------------- Done invoking toplevel() on ptolemy.moml.MoMLSimpleApplication@2a3c2d7d
reloadAllAccessors: .ResettableTimer1

===========================================================================================
----------------- testing Thu Jul 25 05:09:24 UTC 2019 /home/travis/build/icyphy/ptII/ptolemy/domains/de/test/auto/ResettableTimer2.xml
----------------- Instantiating /home/travis/build/icyphy/ptII/ptolemy/domains/de/test/auto/ResettableTimer2.xml
1 ms. Memory: 233472K Free: 149035K (64%)
----------------- Invoking toplevel() on ptolemy.moml.MoMLSimpleApplication@e0270bd
----------------- Done invoking toplevel() on ptolemy.moml.MoMLSimpleApplication@e0270bd
reloadAllAccessors: .ResettableTimer2

===========================================================================================
----------------- testing Thu Jul 25 05:09:24 UTC 2019 /home/travis/build/icyphy/ptII/ptolemy/domains/de/test/auto/ResettableTimer3.xml
----------------- Instantiating /home/travis/build/icyphy/ptII/ptolemy/domains/de/test/auto/ResettableTimer3.xml
1 ms. Memory: 233472K Free: 144953K (62%)
----------------- Invoking toplevel() on ptolemy.moml.MoMLSimpleApplication@21f76c5b
----------------- Done invoking toplevel() on ptolemy.moml.MoMLSimpleApplication@21f76c5b
reloadAllAccessors: .ResettableTimer3

===========================================================================================
----------------- testing Thu Jul 25 05:09:24 UTC 2019 /home/travis/build/icyphy/ptII/ptolemy/domains/de/test/auto/ResettableTimer4.xml
----------------- Instantiating /home/travis/build/icyphy/ptII/ptolemy/domains/de/test/auto/ResettableTimer4.xml
1 ms. Memory: 233472K Free: 140857K (60%)
----------------- Invoking toplevel() on ptolemy.moml.MoMLSimpleApplication@55aea2b8
----------------- Done invoking toplevel() on ptolemy.moml.MoMLSimpleApplication@55aea2b8
reloadAllAccessors: .ResettableTimer4

===========================================================================================
----------------- testing Thu Jul 25 05:09:24 UTC 2019 /home/travis/build/icyphy/ptII/ptolemy/domains/de/test/auto/ResettableTimer5.xml
----------------- Instantiating /home/travis/build/icyphy/ptII/ptolemy/domains/de/test/auto/ResettableTimer5.xml
1 ms. Memory: 233472K Free: 136251K (58%)
----------------- Invoking toplevel() on ptolemy.moml.MoMLSimpleApplication@614b51db
----------------- Done invoking toplevel() on ptolemy.moml.MoMLSimpleApplication@614b51db
reloadAllAccessors: .ResettableTimer5

===========================================================================================
----------------- testing Thu Jul 25 05:09:24 UTC 2019 /home/travis/build/icyphy/ptII/ptolemy/domains/de/test/auto/ResettableTimer6.xml
----------------- Instantiating /home/travis/build/icyphy/ptII/ptolemy/domains/de/test/auto/ResettableTimer6.xml
2 ms. Memory: 233472K Free: 131641K (56%)
----------------- Invoking toplevel() on ptolemy.moml.MoMLSimpleApplication@4c7953b0
----------------- Done invoking toplevel() on ptolemy.moml.MoMLSimpleApplication@4c7953b0
reloadAllAccessors: .ResettableTimer6

===========================================================================================
----------------- testing Thu Jul 25 05:09:24 UTC 2019 /home/travis/build/icyphy/ptII/ptolemy/domains/de/test/auto/ServerZeroDelay.xml
----------------- Instantiating /home/travis/build/icyphy/ptII/ptolemy/domains/de/test/auto/ServerZeroDelay.xml
2 ms. Memory: 233472K Free: 127539K (55%)
----------------- Invoking toplevel() on ptolemy.moml.MoMLSimpleApplication@5675f27d
----------------- Done invoking toplevel() on ptolemy.moml.MoMLSimpleApplication@5675f27d
reloadAllAccessors: .ServerZeroDelay

===========================================================================================
----------------- testing Thu Jul 25 05:09:24 UTC 2019 /home/travis/build/icyphy/ptII/ptolemy/domains/de/test/auto/SmartSender.xml
----------------- Instantiating /home/travis/build/icyphy/ptII/ptolemy/domains/de/test/auto/SmartSender.xml
3002 ms. Memory: 233472K Free: 123449K (53%)
----------------- Invoking toplevel() on ptolemy.moml.MoMLSimpleApplication@19bffee6
----------------- Done invoking toplevel() on ptolemy.moml.MoMLSimpleApplication@19bffee6
reloadAllAccessors: .SmartSender

===========================================================================================
----------------- testing Thu Jul 25 05:09:27 UTC 2019 /home/travis/build/icyphy/ptII/ptolemy/domains/de/test/auto/ThreadedComposite.xml
----------------- Instantiating /home/travis/build/icyphy/ptII/ptolemy/domains/de/test/auto/ThreadedComposite.xml
159 ms. Memory: 233472K Free: 98873K (42%)
----------------- Invoking toplevel() on ptolemy.moml.MoMLSimpleApplication@5ab16ea
----------------- Done invoking toplevel() on ptolemy.moml.MoMLSimpleApplication@5ab16ea
reloadAllAccessors: .ThreadedComposite

===========================================================================================
----------------- testing Thu Jul 25 05:09:27 UTC 2019 /home/travis/build/icyphy/ptII/ptolemy/domains/de/test/auto/Time.xml
----------------- Instantiating /home/travis/build/icyphy/ptII/ptolemy/domains/de/test/auto/Time.xml
437 ms. Memory: 233472K Free: 177055K (76%)
----------------- Invoking toplevel() on ptolemy.moml.MoMLSimpleApplication@2bc9bc91
----------------- Done invoking toplevel() on ptolemy.moml.MoMLSimpleApplication@2bc9bc91
reloadAllAccessors: .Time

===========================================================================================
----------------- testing Thu Jul 25 05:09:28 UTC 2019 /home/travis/build/icyphy/ptII/ptolemy/domains/de/test/auto/TimeDelayZeroDelay.xml
----------------- Instantiating /home/travis/build/icyphy/ptII/ptolemy/domains/de/test/auto/TimeDelayZeroDelay.xml
2 ms. Memory: 233472K Free: 172809K (74%)
----------------- Invoking toplevel() on ptolemy.moml.MoMLSimpleApplication@24237d92
----------------- Done invoking toplevel() on ptolemy.moml.MoMLSimpleApplication@24237d92
reloadAllAccessors: .TimeDelayZeroDelay

===========================================================================================
----------------- testing Thu Jul 25 05:09:28 UTC 2019 /home/travis/build/icyphy/ptII/ptolemy/domains/de/test/auto/TimerZeroDelay.xml
----------------- Instantiating /home/travis/build/icyphy/ptII/ptolemy/domains/de/test/auto/TimerZeroDelay.xml
2 ms. Memory: 233472K Free: 168713K (72%)
----------------- Invoking toplevel() on ptolemy.moml.MoMLSimpleApplication@5b4700a6
----------------- Done invoking toplevel() on ptolemy.moml.MoMLSimpleApplication@5b4700a6
reloadAllAccessors: .TimerZeroDelay

===========================================================================================
----------------- testing Thu Jul 25 05:09:28 UTC 2019 /home/travis/build/icyphy/ptII/ptolemy/domains/de/test/auto/TimingParadox.xml
----------------- Instantiating /home/travis/build/icyphy/ptII/ptolemy/domains/de/test/auto/TimingParadox.xml
322 ms. Memory: 233472K Free: 101643K (44%)
----------------- Invoking toplevel() on ptolemy.moml.MoMLSimpleApplication@7816d153
----------------- Done invoking toplevel() on ptolemy.moml.MoMLSimpleApplication@7816d153
reloadAllAccessors: .TimingParadox

===========================================================================================
----------------- testing Thu Jul 25 05:09:28 UTC 2019 /home/travis/build/icyphy/ptII/ptolemy/domains/de/test/auto/TransferInputs.xml
----------------- Instantiating /home/travis/build/icyphy/ptII/ptolemy/domains/de/test/auto/TransferInputs.xml
2 ms. Memory: 233472K Free: 97002K (42%)
----------------- Invoking toplevel() on ptolemy.moml.MoMLSimpleApplication@1b2147b2
----------------- Done invoking toplevel() on ptolemy.moml.MoMLSimpleApplication@1b2147b2
reloadAllAccessors: .TransferInputs

===========================================================================================
----------------- testing Thu Jul 25 05:09:28 UTC 2019 /home/travis/build/icyphy/ptII/ptolemy/domains/de/test/auto/TransferOutputs2.xml
----------------- Instantiating /home/travis/build/icyphy/ptII/ptolemy/domains/de/test/auto/TransferOutputs2.xml
2 ms. Memory: 233472K Free: 88841K (38%)
----------------- Invoking toplevel() on ptolemy.moml.MoMLSimpleApplication@5e7839b3
----------------- Done invoking toplevel() on ptolemy.moml.MoMLSimpleApplication@5e7839b3
reloadAllAccessors: .TransferOutputs2

===========================================================================================
----------------- testing Thu Jul 25 05:09:28 UTC 2019 /home/travis/build/icyphy/ptII/ptolemy/domains/de/test/auto/Trilateration.xml
----------------- Instantiating /home/travis/build/icyphy/ptII/ptolemy/domains/de/test/auto/Trilateration.xml
12370 ms. Memory: 422912K Free: 227057K (54%)
----------------- Invoking toplevel() on ptolemy.moml.MoMLSimpleApplication@2e2df0f1
----------------- Done invoking toplevel() on ptolemy.moml.MoMLSimpleApplication@2e2df0f1
reloadAllAccessors: .Trilateration

===========================================================================================
----------------- testing Thu Jul 25 05:09:41 UTC 2019 /home/travis/build/icyphy/ptII/ptolemy/domains/de/test/auto/TwoSigmaDelta.xml
----------------- Instantiating /home/travis/build/icyphy/ptII/ptolemy/domains/de/test/auto/TwoSigmaDelta.xml
1950 ms. Memory: 422912K Free: 264433K (63%)
----------------- Invoking toplevel() on ptolemy.moml.MoMLSimpleApplication@232ff1a
----------------- Done invoking toplevel() on ptolemy.moml.MoMLSimpleApplication@232ff1a
reloadAllAccessors: .TwoSigmaDelta

===========================================================================================
----------------- testing Thu Jul 25 05:09:43 UTC 2019 /home/travis/build/icyphy/ptII/ptolemy/domains/de/test/auto/VariableDelay.xml
----------------- Instantiating /home/travis/build/icyphy/ptII/ptolemy/domains/de/test/auto/VariableDelay.xml
3 ms. Memory: 422912K Free: 259313K (61%)
----------------- Invoking toplevel() on ptolemy.moml.MoMLSimpleApplication@4f6a405f
----------------- Done invoking toplevel() on ptolemy.moml.MoMLSimpleApplication@4f6a405f
reloadAllAccessors: .VariableDelay

===========================================================================================
----------------- testing Thu Jul 25 05:09:43 UTC 2019 /home/travis/build/icyphy/ptII/ptolemy/domains/de/test/auto/VariableDelay2.xml
----------------- Instantiating /home/travis/build/icyphy/ptII/ptolemy/domains/de/test/auto/VariableDelay2.xml
1 ms. Memory: 422912K Free: 254673K (60%)
----------------- Invoking toplevel() on ptolemy.moml.MoMLSimpleApplication@2ab4cabc
----------------- Done invoking toplevel() on ptolemy.moml.MoMLSimpleApplication@2ab4cabc
reloadAllAccessors: .VariableDelay2

===========================================================================================
----------------- testing Thu Jul 25 05:09:43 UTC 2019 /home/travis/build/icyphy/ptII/ptolemy/domains/de/test/auto/VariableDelayZeroDelay.xml
----------------- Instantiating /home/travis/build/icyphy/ptII/ptolemy/domains/de/test/auto/VariableDelayZeroDelay.xml
2 ms. Memory: 422912K Free: 250607K (59%)
----------------- Invoking toplevel() on ptolemy.moml.MoMLSimpleApplication@5df97633
----------------- Done invoking toplevel() on ptolemy.moml.MoMLSimpleApplication@5df97633
reloadAllAccessors: .VariableDelayZeroDelay

===========================================================================================
----------------- testing Thu Jul 25 05:09:43 UTC 2019 /home/travis/build/icyphy/ptII/ptolemy/domains/de/test/auto/VariableDelayZeroDelay2.xml
----------------- Instantiating /home/travis/build/icyphy/ptII/ptolemy/domains/de/test/auto/VariableDelayZeroDelay2.xml
2 ms. Memory: 422912K Free: 246511K (58%)
----------------- Invoking toplevel() on ptolemy.moml.MoMLSimpleApplication@2a529fd5
----------------- Done invoking toplevel() on ptolemy.moml.MoMLSimpleApplication@2a529fd5
reloadAllAccessors: .VariableDelayZeroDelay2

===========================================================================================
----------------- testing Thu Jul 25 05:09:43 UTC 2019 /home/travis/build/icyphy/ptII/ptolemy/domains/de/test/auto/deInCt.xml
----------------- Instantiating /home/travis/build/icyphy/ptII/ptolemy/domains/de/test/auto/deInCt.xml
0
1
1
1
0
0
0
0
0
1
1
1
0
0
0
0
1
1
1
0
0
0
1
1
1
0
0
0
1
1
1
1
1
0
0
0
0
3 ms. Memory: 422912K Free: 241391K (57%)
----------------- Invoking toplevel() on ptolemy.moml.MoMLSimpleApplication@26ece403
----------------- Done invoking toplevel() on ptolemy.moml.MoMLSimpleApplication@26ece403
reloadAllAccessors: .deInCt

===========================================================================================
----------------- testing Thu Jul 25 05:09:43 UTC 2019 /home/travis/build/icyphy/ptII/ptolemy/domains/de/test/auto/deInCt2.xml
----------------- Instantiating /home/travis/build/icyphy/ptII/ptolemy/domains/de/test/auto/deInCt2.xml
0
1
1
1
0
0
1
1
1
0
0
1
1
1
0
0
1
1
1
0
0
1
1
1
0
0
1
1
1
0
0
1
1
1
0
0
1
1
1
0
0
0
6 ms. Memory: 422912K Free: 236265K (56%)
----------------- Invoking toplevel() on ptolemy.moml.MoMLSimpleApplication@5e0ddca6
----------------- Done invoking toplevel() on ptolemy.moml.MoMLSimpleApplication@5e0ddca6
reloadAllAccessors: .deInCt2

===========================================================================================
----------------- testing Thu Jul 25 05:09:43 UTC 2019 /home/travis/build/icyphy/ptII/ptolemy/domains/de/test/auto/dynamicCausalityInterface1.xml
----------------- Instantiating /home/travis/build/icyphy/ptII/ptolemy/domains/de/test/auto/dynamicCausalityInterface1.xml
1 ms. Memory: 422912K Free: 227055K (54%)
----------------- Invoking toplevel() on ptolemy.moml.MoMLSimpleApplication@51a9538e
----------------- Done invoking toplevel() on ptolemy.moml.MoMLSimpleApplication@51a9538e
reloadAllAccessors: .dynamicCausalityInterface1

===========================================================================================
----------------- testing Thu Jul 25 05:09:43 UTC 2019 /home/travis/build/icyphy/ptII/ptolemy/domains/de/test/auto/fsm_de_test.xml
----------------- Instantiating /home/travis/build/icyphy/ptII/ptolemy/domains/de/test/auto/fsm_de_test.xml
10 ms. Memory: 422912K Free: 217825K (52%)
----------------- Invoking toplevel() on ptolemy.moml.MoMLSimpleApplication@2d86bc30
----------------- Done invoking toplevel() on ptolemy.moml.MoMLSimpleApplication@2d86bc30
reloadAllAccessors: .fsm_de_test

===========================================================================================
----------------- testing Thu Jul 25 05:09:43 UTC 2019 /home/travis/build/icyphy/ptII/ptolemy/domains/de/test/auto/functionDependencyReconstruction.xml
----------------- Instantiating /home/travis/build/icyphy/ptII/ptolemy/domains/de/test/auto/functionDependencyReconstruction.xml
2 ms. Memory: 422912K Free: 202993K (48%)
----------------- Invoking toplevel() on ptolemy.moml.MoMLSimpleApplication@5efc7062
----------------- Done invoking toplevel() on ptolemy.moml.MoMLSimpleApplication@5efc7062
reloadAllAccessors: .functionDependencyReconstruction

===========================================================================================
----------------- testing Thu Jul 25 05:09:44 UTC 2019 /home/travis/build/icyphy/ptII/ptolemy/domains/de/test/auto/multirate.xml
----------------- Instantiating /home/travis/build/icyphy/ptII/ptolemy/domains/de/test/auto/multirate.xml
3 ms. Memory: 422912K Free: 196321K (46%)
----------------- Invoking toplevel() on ptolemy.moml.MoMLSimpleApplication@9f0fb1d
----------------- Done invoking toplevel() on ptolemy.moml.MoMLSimpleApplication@9f0fb1d
reloadAllAccessors: .multirate

===========================================================================================
----------------- testing Thu Jul 25 05:09:44 UTC 2019 /home/travis/build/icyphy/ptII/ptolemy/domains/de/test/auto/multirate2.xml
----------------- Instantiating /home/travis/build/icyphy/ptII/ptolemy/domains/de/test/auto/multirate2.xml
2 ms. Memory: 422912K Free: 189681K (45%)
----------------- Invoking toplevel() on ptolemy.moml.MoMLSimpleApplication@7e747792
----------------- Done invoking toplevel() on ptolemy.moml.MoMLSimpleApplication@7e747792
reloadAllAccessors: .multirate2

===========================================================================================
----------------- testing Thu Jul 25 05:09:44 UTC 2019 /home/travis/build/icyphy/ptII/ptolemy/domains/de/test/auto/realtime.xml
----------------- Instantiating /home/travis/build/icyphy/ptII/ptolemy/domains/de/test/auto/realtime.xml
10001 ms. Memory: 422912K Free: 185071K (44%)
----------------- Invoking toplevel() on ptolemy.moml.MoMLSimpleApplication@b73cd6c
----------------- Done invoking toplevel() on ptolemy.moml.MoMLSimpleApplication@b73cd6c
reloadAllAccessors: .realtime

===========================================================================================
----------------- testing Thu Jul 25 05:09:54 UTC 2019 /home/travis/build/icyphy/ptII/ptolemy/domains/de/test/auto/relationGroup.xml
----------------- Instantiating /home/travis/build/icyphy/ptII/ptolemy/domains/de/test/auto/relationGroup.xml
1 ms. Memory: 422912K Free: 181489K (43%)
----------------- Invoking toplevel() on ptolemy.moml.MoMLSimpleApplication@2abfaccd
----------------- Done invoking toplevel() on ptolemy.moml.MoMLSimpleApplication@2abfaccd
reloadAllAccessors: .relationGroup

===========================================================================================
----------------- testing Thu Jul 25 05:09:54 UTC 2019 /home/travis/build/icyphy/ptII/ptolemy/domains/de/test/auto/relationGroup2.xml
----------------- Instantiating /home/travis/build/icyphy/ptII/ptolemy/domains/de/test/auto/relationGroup2.xml
1 ms. Memory: 422912K Free: 177903K (42%)
----------------- Invoking toplevel() on ptolemy.moml.MoMLSimpleApplication@353d8611
----------------- Done invoking toplevel() on ptolemy.moml.MoMLSimpleApplication@353d8611
reloadAllAccessors: .relationGroup2

===========================================================================================
----------------- testing Thu Jul 25 05:09:54 UTC 2019 /home/travis/build/icyphy/ptII/ptolemy/domains/de/test/auto/sortWithOpaquePorts.xml
----------------- Instantiating /home/travis/build/icyphy/ptII/ptolemy/domains/de/test/auto/sortWithOpaquePorts.xml
1 ms. Memory: 422912K Free: 173297K (41%)
----------------- Invoking toplevel() on ptolemy.moml.MoMLSimpleApplication@7cf968f5
----------------- Done invoking toplevel() on ptolemy.moml.MoMLSimpleApplication@7cf968f5
reloadAllAccessors: .sortWithOpaquePorts

===========================================================================================
----------------- testing Thu Jul 25 05:09:54 UTC 2019 /home/travis/build/icyphy/ptII/ptolemy/domains/de/test/auto/transferInputsandOutputs.xml
----------------- Instantiating /home/travis/build/icyphy/ptII/ptolemy/domains/de/test/auto/transferInputsandOutputs.xml
5 ms. Memory: 422912K Free: 166129K (39%)
----------------- Invoking toplevel() on ptolemy.moml.MoMLSimpleApplication@27c3f9ed
----------------- Done invoking toplevel() on ptolemy.moml.MoMLSimpleApplication@27c3f9ed
reloadAllAccessors: .transferInputsandOutputs

===========================================================================================
----------------- testing Thu Jul 25 05:09:54 UTC 2019 /home/travis/build/icyphy/ptII/ptolemy/domains/de/test/auto/triggerType.xml
----------------- Instantiating /home/travis/build/icyphy/ptII/ptolemy/domains/de/test/auto/triggerType.xml
1 ms. Memory: 422912K Free: 162033K (38%)
----------------- Invoking toplevel() on ptolemy.moml.MoMLSimpleApplication@14fdc026
----------------- Done invoking toplevel() on ptolemy.moml.MoMLSimpleApplication@14fdc026
reloadAllAccessors: .triggerType
AutoTests.java: About to close Vertx.
AutoTests.java: Vertx closed.
]]></system-out>
  <system-err><![CDATA[java.lang.RuntimeException: Execution failed
	at ptolemy.moml.MoMLSimpleApplication$UnloadThread.run(MoMLSimpleApplication.java:402)
Caused by: ptolemy.kernel.util.IllegalActionException: Found a zero delay loop containing .dependencyLoop.original
  in .dependencyLoop and .dependencyLoop.original
	at ptolemy.actor.util.CausalityInterfaceForComposites._computeOutputPortDepth(CausalityInterfaceForComposites.java:759)
	at ptolemy.actor.util.CausalityInterfaceForComposites._computeInputDepth(CausalityInterfaceForComposites.java:696)
	at ptolemy.actor.util.CausalityInterfaceForComposites._computeOutputPortDepth(CausalityInterfaceForComposites.java:765)
	at ptolemy.actor.util.CausalityInterfaceForComposites._computeInputDepth(CausalityInterfaceForComposites.java:696)
	at ptolemy.actor.util.CausalityInterfaceForComposites._computeOutputPortDepth(CausalityInterfaceForComposites.java:765)
	at ptolemy.actor.util.CausalityInterfaceForComposites._computeInputDepth(CausalityInterfaceForComposites.java:696)
	at ptolemy.actor.util.CausalityInterfaceForComposites._computeActorDepth(CausalityInterfaceForComposites.java:532)
	at ptolemy.actor.util.CausalityInterfaceForComposites.checkForCycles(CausalityInterfaceForComposites.java:96)
	at ptolemy.domains.de.kernel.DEDirector.preinitialize(DEDirector.java:1338)
	at ptolemy.actor.CompositeActor.preinitialize(CompositeActor.java:1828)
	at ptolemy.actor.Manager.preinitializeAndResolveTypes(Manager.java:1040)
	at ptolemy.actor.Manager.initialize(Manager.java:710)
	at ptolemy.actor.Manager.execute(Manager.java:356)
	at ptolemy.actor.Manager.run(Manager.java:1263)
	at ptolemy.actor.Manager$PtolemyRunThread.run(Manager.java:1933)
java.lang.RuntimeException: Execution failed
	at ptolemy.moml.MoMLSimpleApplication$UnloadThread.run(MoMLSimpleApplication.java:402)
Caused by: ptolemy.kernel.util.IllegalActionException: Found a zero delay loop containing .dependencyLoop2.original
  in .dependencyLoop2 and .dependencyLoop2.original
	at ptolemy.actor.util.CausalityInterfaceForComposites._computeOutputPortDepth(CausalityInterfaceForComposites.java:759)
	at ptolemy.actor.util.CausalityInterfaceForComposites._computeInputDepth(CausalityInterfaceForComposites.java:696)
	at ptolemy.actor.util.CausalityInterfaceForComposites._computeOutputPortDepth(CausalityInterfaceForComposites.java:765)
	at ptolemy.actor.util.CausalityInterfaceForComposites._computeInputDepth(CausalityInterfaceForComposites.java:696)
	at ptolemy.actor.util.CausalityInterfaceForComposites._computeOutputPortDepth(CausalityInterfaceForComposites.java:765)
	at ptolemy.actor.util.CausalityInterfaceForComposites._computeInputDepth(CausalityInterfaceForComposites.java:696)
	at ptolemy.actor.util.CausalityInterfaceForComposites._computeActorDepth(CausalityInterfaceForComposites.java:532)
	at ptolemy.actor.util.CausalityInterfaceForComposites.checkForCycles(CausalityInterfaceForComposites.java:96)
	at ptolemy.domains.de.kernel.DEDirector.preinitialize(DEDirector.java:1338)
	at ptolemy.actor.CompositeActor.preinitialize(CompositeActor.java:1828)
	at ptolemy.actor.Manager.preinitializeAndResolveTypes(Manager.java:1040)
	at ptolemy.actor.Manager.initialize(Manager.java:710)
	at ptolemy.actor.Manager.execute(Manager.java:356)
	at ptolemy.actor.Manager.run(Manager.java:1263)
	at ptolemy.actor.Manager$PtolemyRunThread.run(Manager.java:1933)
java.lang.RuntimeException: Execution failed
	at ptolemy.moml.MoMLSimpleApplication$UnloadThread.run(MoMLSimpleApplication.java:402)
Caused by: ptolemy.kernel.util.IllegalActionException: Test fails in iteration 1.
Value was: 1.0. Should have been: 2.0
  in .DirectFeedback.Test
	at ptolemy.actor.lib.Test.fire(Test.java:268)
	at ptolemy.domains.de.kernel.DEDirector._fire(DEDirector.java:1949)
	at ptolemy.domains.de.kernel.DEDirector.fire(DEDirector.java:502)
	at ptolemy.actor.CompositeActor.fire(CompositeActor.java:455)
	at ptolemy.actor.Manager.iterate(Manager.java:851)
	at ptolemy.actor.Manager.execute(Manager.java:369)
	at ptolemy.actor.Manager.run(Manager.java:1263)
	at ptolemy.actor.Manager$PtolemyRunThread.run(Manager.java:1933)
java.lang.RuntimeException: Execution failed
	at ptolemy.moml.MoMLSimpleApplication$UnloadThread.run(MoMLSimpleApplication.java:402)
Caused by: ptolemy.kernel.util.IllegalActionException: Found a zero delay loop containing .dependencyLoop.original
  in .dependencyLoop and .dependencyLoop.original
	at ptolemy.actor.util.CausalityInterfaceForComposites._computeOutputPortDepth(CausalityInterfaceForComposites.java:759)
	at ptolemy.actor.util.CausalityInterfaceForComposites._computeInputDepth(CausalityInterfaceForComposites.java:696)
	at ptolemy.actor.util.CausalityInterfaceForComposites._computeOutputPortDepth(CausalityInterfaceForComposites.java:765)
	at ptolemy.actor.util.CausalityInterfaceForComposites._computeInputDepth(CausalityInterfaceForComposites.java:696)
	at ptolemy.actor.util.CausalityInterfaceForComposites._computeOutputPortDepth(CausalityInterfaceForComposites.java:765)
	at ptolemy.actor.util.CausalityInterfaceForComposites._computeInputDepth(CausalityInterfaceForComposites.java:696)
	at ptolemy.actor.util.CausalityInterfaceForComposites._computeActorDepth(CausalityInterfaceForComposites.java:532)
	at ptolemy.actor.util.CausalityInterfaceForComposites.checkForCycles(CausalityInterfaceForComposites.java:96)
	at ptolemy.domains.de.kernel.DEDirector.preinitialize(DEDirector.java:1338)
	at ptolemy.actor.CompositeActor.preinitialize(CompositeActor.java:1828)
	at ptolemy.actor.Manager.preinitializeAndResolveTypes(Manager.java:1040)
	at ptolemy.actor.Manager.initialize(Manager.java:710)
	at ptolemy.actor.Manager.execute(Manager.java:356)
	at ptolemy.actor.Manager.run(Manager.java:1263)
	at ptolemy.actor.Manager$PtolemyRunThread.run(Manager.java:1933)
java.lang.RuntimeException: Execution failed
	at ptolemy.moml.MoMLSimpleApplication$UnloadThread.run(MoMLSimpleApplication.java:402)
Caused by: ptolemy.kernel.util.IllegalActionException: Found a zero delay loop containing .HierarchicalModel.A
  in .HierarchicalModel and .HierarchicalModel.A
	at ptolemy.actor.util.CausalityInterfaceForComposites._computeOutputPortDepth(CausalityInterfaceForComposites.java:759)
	at ptolemy.actor.util.CausalityInterfaceForComposites._computeInputDepth(CausalityInterfaceForComposites.java:696)
	at ptolemy.actor.util.CausalityInterfaceForComposites._computeOutputPortDepth(CausalityInterfaceForComposites.java:765)
	at ptolemy.actor.util.CausalityInterfaceForComposites._computeInputDepth(CausalityInterfaceForComposites.java:696)
	at ptolemy.actor.util.CausalityInterfaceForComposites._computeOutputPortDepth(CausalityInterfaceForComposites.java:765)
	at ptolemy.actor.util.CausalityInterfaceForComposites._computeInputDepth(CausalityInterfaceForComposites.java:696)
	at ptolemy.actor.util.CausalityInterfaceForComposites._computeActorDepth(CausalityInterfaceForComposites.java:532)
	at ptolemy.actor.util.CausalityInterfaceForComposites.checkForCycles(CausalityInterfaceForComposites.java:96)
	at ptolemy.domains.de.kernel.DEDirector.preinitialize(DEDirector.java:1338)
	at ptolemy.actor.CompositeActor.preinitialize(CompositeActor.java:1828)
	at ptolemy.actor.Manager.preinitializeAndResolveTypes(Manager.java:1040)
	at ptolemy.actor.Manager.initialize(Manager.java:710)
	at ptolemy.actor.Manager.execute(Manager.java:356)
	at ptolemy.actor.Manager.run(Manager.java:1263)
	at ptolemy.actor.Manager$PtolemyRunThread.run(Manager.java:1933)
java.lang.RuntimeException: Execution failed
	at ptolemy.moml.MoMLSimpleApplication$UnloadThread.run(MoMLSimpleApplication.java:402)
Caused by: ptolemy.kernel.util.IllegalActionException: Found a zero delay loop containing .dependencyLoop2.original
  in .dependencyLoop2 and .dependencyLoop2.original
	at ptolemy.actor.util.CausalityInterfaceForComposites._computeOutputPortDepth(CausalityInterfaceForComposites.java:759)
	at ptolemy.actor.util.CausalityInterfaceForComposites._computeInputDepth(CausalityInterfaceForComposites.java:696)
	at ptolemy.actor.util.CausalityInterfaceForComposites._computeOutputPortDepth(CausalityInterfaceForComposites.java:765)
	at ptolemy.actor.util.CausalityInterfaceForComposites._computeInputDepth(CausalityInterfaceForComposites.java:696)
	at ptolemy.actor.util.CausalityInterfaceForComposites._computeOutputPortDepth(CausalityInterfaceForComposites.java:765)
	at ptolemy.actor.util.CausalityInterfaceForComposites._computeInputDepth(CausalityInterfaceForComposites.java:696)
	at ptolemy.actor.util.CausalityInterfaceForComposites._computeActorDepth(CausalityInterfaceForComposites.java:532)
	at ptolemy.actor.util.CausalityInterfaceForComposites.checkForCycles(CausalityInterfaceForComposites.java:96)
	at ptolemy.domains.de.kernel.DEDirector.preinitialize(DEDirector.java:1338)
	at ptolemy.actor.CompositeActor.preinitialize(CompositeActor.java:1828)
	at ptolemy.actor.Manager.preinitializeAndResolveTypes(Manager.java:1040)
	at ptolemy.actor.Manager.initialize(Manager.java:710)
	at ptolemy.actor.Manager.execute(Manager.java:356)
	at ptolemy.actor.Manager.run(Manager.java:1263)
	at ptolemy.actor.Manager$PtolemyRunThread.run(Manager.java:1933)
java.lang.RuntimeException: Execution failed
	at ptolemy.moml.MoMLSimpleApplication$UnloadThread.run(MoMLSimpleApplication.java:402)
Caused by: ptolemy.kernel.util.IllegalActionException: Actor is not ready to fire.  Perhaps UpSample.prefire() returned false? Try debugging the actor by selecting "Listen to Actor".  Also, for SDF check moml for tokenConsumptionRate on input.
  in .DESDFClockTest.Play Bell.Copy1:SDF Director and .DESDFClockTest.Play Bell.UpSample
	at ptolemy.actor.sched.StaticSchedulingDirector.fire(StaticSchedulingDirector.java:227)
	at ptolemy.domains.sdf.kernel.SDFDirector.fire(SDFDirector.java:500)
	at ptolemy.actor.CompositeActor.fire(CompositeActor.java:455)
	at ptolemy.domains.de.kernel.DEDirector._fire(DEDirector.java:1949)
	at ptolemy.domains.de.kernel.DEDirector.fire(DEDirector.java:502)
	at ptolemy.actor.CompositeActor.fire(CompositeActor.java:455)
	at ptolemy.actor.Manager.iterate(Manager.java:851)
	at ptolemy.actor.Manager.execute(Manager.java:369)
	at ptolemy.actor.Manager.run(Manager.java:1263)
	at ptolemy.actor.Manager$PtolemyRunThread.run(Manager.java:1933)
java.lang.RuntimeException: Execution failed
	at ptolemy.moml.MoMLSimpleApplication$UnloadThread.run(MoMLSimpleApplication.java:402)
Caused by: ptolemy.kernel.util.IllegalActionException: Actor is not ready to fire.  Perhaps UpSample.prefire() returned false? Try debugging the actor by selecting "Listen to Actor".  Also, for SDF check moml for tokenConsumptionRate on input.
  in .DESDFClockTest.Play Bell.Copy1:SDF Director and .DESDFClockTest.Play Bell.UpSample
	at ptolemy.actor.sched.StaticSchedulingDirector.fire(StaticSchedulingDirector.java:227)
	at ptolemy.domains.sdf.kernel.SDFDirector.fire(SDFDirector.java:500)
	at ptolemy.actor.CompositeActor.fire(CompositeActor.java:455)
	at ptolemy.domains.de.kernel.DEDirector._fire(DEDirector.java:1949)
	at ptolemy.domains.de.kernel.DEDirector.fire(DEDirector.java:502)
	at ptolemy.actor.CompositeActor.fire(CompositeActor.java:455)
	at ptolemy.actor.Manager.iterate(Manager.java:851)
	at ptolemy.actor.Manager.execute(Manager.java:369)
	at ptolemy.actor.Manager.run(Manager.java:1263)
	at ptolemy.actor.Manager$PtolemyRunThread.run(Manager.java:1933)
java.lang.reflect.InvocationTargetException
	at java.base/jdk.internal.reflect.NativeConstructorAccessorImpl.newInstance0(Native Method)
	at java.base/jdk.internal.reflect.NativeConstructorAccessorImpl.newInstance(NativeConstructorAccessorImpl.java:62)
	at java.base/jdk.internal.reflect.DelegatingConstructorAccessorImpl.newInstance(DelegatingConstructorAccessorImpl.java:45)
	at java.base/java.lang.reflect.Constructor.newInstance(Constructor.java:490)
	at ptolemy.util.test.junit.AutoKnownFailedTests.RunModel(AutoKnownFailedTests.java:105)
	at java.base/jdk.internal.reflect.NativeMethodAccessorImpl.invoke0(Native Method)
	at java.base/jdk.internal.reflect.NativeMethodAccessorImpl.invoke(NativeMethodAccessorImpl.java:62)
	at java.base/jdk.internal.reflect.DelegatingMethodAccessorImpl.invoke(DelegatingMethodAccessorImpl.java:43)
	at java.base/java.lang.reflect.Method.invoke(Method.java:566)
	at org.junit.runners.model.FrameworkMethod$1.runReflectiveCall(FrameworkMethod.java:44)
	at org.junit.internal.runners.model.ReflectiveCallable.run(ReflectiveCallable.java:15)
	at org.junit.runners.model.FrameworkMethod.invokeExplosively(FrameworkMethod.java:41)
	at junitparams.internal.InvokeParameterisedMethod.evaluate(InvokeParameterisedMethod.java:102)
	at org.junit.internal.runners.statements.FailOnTimeout$1.run(FailOnTimeout.java:28)
Caused by: ptolemy.kernel.util.IllegalActionException: Actor is not ready to fire.  Perhaps UpSample.prefire() returned false? Try debugging the actor by selecting "Listen to Actor".  Also, for SDF check moml for tokenConsumptionRate on input.
  in .DESDFClockTest.Play Bell.Copy1:SDF Director and .DESDFClockTest.Play Bell.UpSample
	at ptolemy.actor.sched.StaticSchedulingDirector.fire(StaticSchedulingDirector.java:227)
	at ptolemy.domains.sdf.kernel.SDFDirector.fire(SDFDirector.java:500)
	at ptolemy.actor.CompositeActor.fire(CompositeActor.java:455)
	at ptolemy.domains.de.kernel.DEDirector._fire(DEDirector.java:1949)
	at ptolemy.domains.de.kernel.DEDirector.fire(DEDirector.java:502)
	at ptolemy.actor.CompositeActor.fire(CompositeActor.java:455)
	at ptolemy.actor.Manager.iterate(Manager.java:851)
	at ptolemy.actor.Manager.execute(Manager.java:369)
	at ptolemy.actor.Manager.run(Manager.java:1263)
	at ptolemy.actor.Manager$PtolemyRunThread.run(Manager.java:1933)
java.lang.RuntimeException: Execution failed
	at ptolemy.moml.MoMLSimpleApplication$UnloadThread.run(MoMLSimpleApplication.java:402)
Caused by: ptolemy.kernel.util.IllegalActionException: Test fails in iteration 1.
Value was: 1.0. Should have been: 2.0
  in .DirectFeedback.Test
	at ptolemy.actor.lib.Test.fire(Test.java:268)
	at ptolemy.domains.de.kernel.DEDirector._fire(DEDirector.java:1949)
	at ptolemy.domains.de.kernel.DEDirector.fire(DEDirector.java:502)
	at ptolemy.actor.CompositeActor.fire(CompositeActor.java:455)
	at ptolemy.actor.Manager.iterate(Manager.java:851)
	at ptolemy.actor.Manager.execute(Manager.java:369)
	at ptolemy.actor.Manager.run(Manager.java:1263)
	at ptolemy.actor.Manager$PtolemyRunThread.run(Manager.java:1933)
java.lang.reflect.InvocationTargetException
	at java.base/jdk.internal.reflect.NativeConstructorAccessorImpl.newInstance0(Native Method)
	at java.base/jdk.internal.reflect.NativeConstructorAccessorImpl.newInstance(NativeConstructorAccessorImpl.java:62)
	at java.base/jdk.internal.reflect.DelegatingConstructorAccessorImpl.newInstance(DelegatingConstructorAccessorImpl.java:45)
	at java.base/java.lang.reflect.Constructor.newInstance(Constructor.java:490)
	at ptolemy.util.test.junit.AutoKnownFailedTests.RunModel(AutoKnownFailedTests.java:105)
	at java.base/jdk.internal.reflect.NativeMethodAccessorImpl.invoke0(Native Method)
	at java.base/jdk.internal.reflect.NativeMethodAccessorImpl.invoke(NativeMethodAccessorImpl.java:62)
	at java.base/jdk.internal.reflect.DelegatingMethodAccessorImpl.invoke(DelegatingMethodAccessorImpl.java:43)
	at java.base/java.lang.reflect.Method.invoke(Method.java:566)
	at org.junit.runners.model.FrameworkMethod$1.runReflectiveCall(FrameworkMethod.java:44)
	at org.junit.internal.runners.model.ReflectiveCallable.run(ReflectiveCallable.java:15)
	at org.junit.runners.model.FrameworkMethod.invokeExplosively(FrameworkMethod.java:41)
	at junitparams.internal.InvokeParameterisedMethod.evaluate(InvokeParameterisedMethod.java:102)
	at org.junit.internal.runners.statements.FailOnTimeout$1.run(FailOnTimeout.java:28)
Caused by: ptolemy.kernel.util.IllegalActionException: Test fails in iteration 1.
Value was: 1.0. Should have been: 2.0
  in .DirectFeedback.Test
	at ptolemy.actor.lib.Test.fire(Test.java:268)
	at ptolemy.domains.de.kernel.DEDirector._fire(DEDirector.java:1949)
	at ptolemy.domains.de.kernel.DEDirector.fire(DEDirector.java:502)
	at ptolemy.actor.CompositeActor.fire(CompositeActor.java:455)
	at ptolemy.actor.Manager.iterate(Manager.java:851)
	at ptolemy.actor.Manager.execute(Manager.java:369)
	at ptolemy.actor.Manager.run(Manager.java:1263)
	at ptolemy.actor.Manager$PtolemyRunThread.run(Manager.java:1933)
java.lang.RuntimeException: Execution failed
	at ptolemy.moml.MoMLSimpleApplication$UnloadThread.run(MoMLSimpleApplication.java:402)
Caused by: ptolemy.kernel.util.IllegalActionException: Found a zero delay loop containing .HierarchicalModel.A
  in .HierarchicalModel and .HierarchicalModel.A
	at ptolemy.actor.util.CausalityInterfaceForComposites._computeOutputPortDepth(CausalityInterfaceForComposites.java:759)
	at ptolemy.actor.util.CausalityInterfaceForComposites._computeInputDepth(CausalityInterfaceForComposites.java:696)
	at ptolemy.actor.util.CausalityInterfaceForComposites._computeOutputPortDepth(CausalityInterfaceForComposites.java:765)
	at ptolemy.actor.util.CausalityInterfaceForComposites._computeInputDepth(CausalityInterfaceForComposites.java:696)
	at ptolemy.actor.util.CausalityInterfaceForComposites._computeOutputPortDepth(CausalityInterfaceForComposites.java:765)
	at ptolemy.actor.util.CausalityInterfaceForComposites._computeInputDepth(CausalityInterfaceForComposites.java:696)
	at ptolemy.actor.util.CausalityInterfaceForComposites._computeActorDepth(CausalityInterfaceForComposites.java:532)
	at ptolemy.actor.util.CausalityInterfaceForComposites.checkForCycles(CausalityInterfaceForComposites.java:96)
	at ptolemy.domains.de.kernel.DEDirector.preinitialize(DEDirector.java:1338)
	at ptolemy.actor.CompositeActor.preinitialize(CompositeActor.java:1828)
	at ptolemy.actor.Manager.preinitializeAndResolveTypes(Manager.java:1040)
	at ptolemy.actor.Manager.initialize(Manager.java:710)
	at ptolemy.actor.Manager.execute(Manager.java:356)
	at ptolemy.actor.Manager.run(Manager.java:1263)
	at ptolemy.actor.Manager$PtolemyRunThread.run(Manager.java:1933)
java.lang.reflect.InvocationTargetException
	at java.base/jdk.internal.reflect.NativeConstructorAccessorImpl.newInstance0(Native Method)
	at java.base/jdk.internal.reflect.NativeConstructorAccessorImpl.newInstance(NativeConstructorAccessorImpl.java:62)
	at java.base/jdk.internal.reflect.DelegatingConstructorAccessorImpl.newInstance(DelegatingConstructorAccessorImpl.java:45)
	at java.base/java.lang.reflect.Constructor.newInstance(Constructor.java:490)
	at ptolemy.util.test.junit.AutoKnownFailedTests.RunModel(AutoKnownFailedTests.java:105)
	at java.base/jdk.internal.reflect.NativeMethodAccessorImpl.invoke0(Native Method)
	at java.base/jdk.internal.reflect.NativeMethodAccessorImpl.invoke(NativeMethodAccessorImpl.java:62)
	at java.base/jdk.internal.reflect.DelegatingMethodAccessorImpl.invoke(DelegatingMethodAccessorImpl.java:43)
	at java.base/java.lang.reflect.Method.invoke(Method.java:566)
	at org.junit.runners.model.FrameworkMethod$1.runReflectiveCall(FrameworkMethod.java:44)
	at org.junit.internal.runners.model.ReflectiveCallable.run(ReflectiveCallable.java:15)
	at org.junit.runners.model.FrameworkMethod.invokeExplosively(FrameworkMethod.java:41)
	at junitparams.internal.InvokeParameterisedMethod.evaluate(InvokeParameterisedMethod.java:102)
	at org.junit.internal.runners.statements.FailOnTimeout$1.run(FailOnTimeout.java:28)
Caused by: ptolemy.kernel.util.IllegalActionException: Found a zero delay loop containing .HierarchicalModel.A
  in .HierarchicalModel and .HierarchicalModel.A
	at ptolemy.actor.util.CausalityInterfaceForComposites._computeOutputPortDepth(CausalityInterfaceForComposites.java:759)
	at ptolemy.actor.util.CausalityInterfaceForComposites._computeInputDepth(CausalityInterfaceForComposites.java:696)
	at ptolemy.actor.util.CausalityInterfaceForComposites._computeOutputPortDepth(CausalityInterfaceForComposites.java:765)
	at ptolemy.actor.util.CausalityInterfaceForComposites._computeInputDepth(CausalityInterfaceForComposites.java:696)
	at ptolemy.actor.util.CausalityInterfaceForComposites._computeOutputPortDepth(CausalityInterfaceForComposites.java:765)
	at ptolemy.actor.util.CausalityInterfaceForComposites._computeInputDepth(CausalityInterfaceForComposites.java:696)
	at ptolemy.actor.util.CausalityInterfaceForComposites._computeActorDepth(CausalityInterfaceForComposites.java:532)
	at ptolemy.actor.util.CausalityInterfaceForComposites.checkForCycles(CausalityInterfaceForComposites.java:96)
	at ptolemy.domains.de.kernel.DEDirector.preinitialize(DEDirector.java:1338)
	at ptolemy.actor.CompositeActor.preinitialize(CompositeActor.java:1828)
	at ptolemy.actor.Manager.preinitializeAndResolveTypes(Manager.java:1040)
	at ptolemy.actor.Manager.initialize(Manager.java:710)
	at ptolemy.actor.Manager.execute(Manager.java:356)
	at ptolemy.actor.Manager.run(Manager.java:1263)
	at ptolemy.actor.Manager$PtolemyRunThread.run(Manager.java:1933)
java.lang.RuntimeException: Execution failed
	at ptolemy.moml.MoMLSimpleApplication$UnloadThread.run(MoMLSimpleApplication.java:402)
Caused by: ptolemy.kernel.util.IllegalActionException: Found a zero delay loop containing .dependencyLoop.original
  in .dependencyLoop and .dependencyLoop.original
	at ptolemy.actor.util.CausalityInterfaceForComposites._computeOutputPortDepth(CausalityInterfaceForComposites.java:759)
	at ptolemy.actor.util.CausalityInterfaceForComposites._computeInputDepth(CausalityInterfaceForComposites.java:696)
	at ptolemy.actor.util.CausalityInterfaceForComposites._computeOutputPortDepth(CausalityInterfaceForComposites.java:765)
	at ptolemy.actor.util.CausalityInterfaceForComposites._computeInputDepth(CausalityInterfaceForComposites.java:696)
	at ptolemy.actor.util.CausalityInterfaceForComposites._computeOutputPortDepth(CausalityInterfaceForComposites.java:765)
	at ptolemy.actor.util.CausalityInterfaceForComposites._computeInputDepth(CausalityInterfaceForComposites.java:696)
	at ptolemy.actor.util.CausalityInterfaceForComposites._computeActorDepth(CausalityInterfaceForComposites.java:532)
	at ptolemy.actor.util.CausalityInterfaceForComposites.checkForCycles(CausalityInterfaceForComposites.java:96)
	at ptolemy.domains.de.kernel.DEDirector.preinitialize(DEDirector.java:1338)
	at ptolemy.actor.CompositeActor.preinitialize(CompositeActor.java:1828)
	at ptolemy.actor.Manager.preinitializeAndResolveTypes(Manager.java:1040)
	at ptolemy.actor.Manager.initialize(Manager.java:710)
	at ptolemy.actor.Manager.execute(Manager.java:356)
	at ptolemy.actor.Manager.run(Manager.java:1263)
	at ptolemy.actor.Manager$PtolemyRunThread.run(Manager.java:1933)
java.lang.reflect.InvocationTargetException
	at java.base/jdk.internal.reflect.NativeConstructorAccessorImpl.newInstance0(Native Method)
	at java.base/jdk.internal.reflect.NativeConstructorAccessorImpl.newInstance(NativeConstructorAccessorImpl.java:62)
	at java.base/jdk.internal.reflect.DelegatingConstructorAccessorImpl.newInstance(DelegatingConstructorAccessorImpl.java:45)
	at java.base/java.lang.reflect.Constructor.newInstance(Constructor.java:490)
	at ptolemy.util.test.junit.AutoKnownFailedTests.RunModel(AutoKnownFailedTests.java:105)
	at java.base/jdk.internal.reflect.NativeMethodAccessorImpl.invoke0(Native Method)
	at java.base/jdk.internal.reflect.NativeMethodAccessorImpl.invoke(NativeMethodAccessorImpl.java:62)
	at java.base/jdk.internal.reflect.DelegatingMethodAccessorImpl.invoke(DelegatingMethodAccessorImpl.java:43)
	at java.base/java.lang.reflect.Method.invoke(Method.java:566)
	at org.junit.runners.model.FrameworkMethod$1.runReflectiveCall(FrameworkMethod.java:44)
	at org.junit.internal.runners.model.ReflectiveCallable.run(ReflectiveCallable.java:15)
	at org.junit.runners.model.FrameworkMethod.invokeExplosively(FrameworkMethod.java:41)
	at junitparams.internal.InvokeParameterisedMethod.evaluate(InvokeParameterisedMethod.java:102)
	at org.junit.internal.runners.statements.FailOnTimeout$1.run(FailOnTimeout.java:28)
Caused by: ptolemy.kernel.util.IllegalActionException: Found a zero delay loop containing .dependencyLoop.original
  in .dependencyLoop and .dependencyLoop.original
	at ptolemy.actor.util.CausalityInterfaceForComposites._computeOutputPortDepth(CausalityInterfaceForComposites.java:759)
	at ptolemy.actor.util.CausalityInterfaceForComposites._computeInputDepth(CausalityInterfaceForComposites.java:696)
	at ptolemy.actor.util.CausalityInterfaceForComposites._computeOutputPortDepth(CausalityInterfaceForComposites.java:765)
	at ptolemy.actor.util.CausalityInterfaceForComposites._computeInputDepth(CausalityInterfaceForComposites.java:696)
	at ptolemy.actor.util.CausalityInterfaceForComposites._computeOutputPortDepth(CausalityInterfaceForComposites.java:765)
	at ptolemy.actor.util.CausalityInterfaceForComposites._computeInputDepth(CausalityInterfaceForComposites.java:696)
	at ptolemy.actor.util.CausalityInterfaceForComposites._computeActorDepth(CausalityInterfaceForComposites.java:532)
	at ptolemy.actor.util.CausalityInterfaceForComposites.checkForCycles(CausalityInterfaceForComposites.java:96)
	at ptolemy.domains.de.kernel.DEDirector.preinitialize(DEDirector.java:1338)
	at ptolemy.actor.CompositeActor.preinitialize(CompositeActor.java:1828)
	at ptolemy.actor.Manager.preinitializeAndResolveTypes(Manager.java:1040)
	at ptolemy.actor.Manager.initialize(Manager.java:710)
	at ptolemy.actor.Manager.execute(Manager.java:356)
	at ptolemy.actor.Manager.run(Manager.java:1263)
	at ptolemy.actor.Manager$PtolemyRunThread.run(Manager.java:1933)
java.lang.RuntimeException: Execution failed
	at ptolemy.moml.MoMLSimpleApplication$UnloadThread.run(MoMLSimpleApplication.java:402)
Caused by: ptolemy.kernel.util.IllegalActionException: Found a zero delay loop containing .dependencyLoop2.original
  in .dependencyLoop2 and .dependencyLoop2.original
	at ptolemy.actor.util.CausalityInterfaceForComposites._computeOutputPortDepth(CausalityInterfaceForComposites.java:759)
	at ptolemy.actor.util.CausalityInterfaceForComposites._computeInputDepth(CausalityInterfaceForComposites.java:696)
	at ptolemy.actor.util.CausalityInterfaceForComposites._computeOutputPortDepth(CausalityInterfaceForComposites.java:765)
	at ptolemy.actor.util.CausalityInterfaceForComposites._computeInputDepth(CausalityInterfaceForComposites.java:696)
	at ptolemy.actor.util.CausalityInterfaceForComposites._computeOutputPortDepth(CausalityInterfaceForComposites.java:765)
	at ptolemy.actor.util.CausalityInterfaceForComposites._computeInputDepth(CausalityInterfaceForComposites.java:696)
	at ptolemy.actor.util.CausalityInterfaceForComposites._computeActorDepth(CausalityInterfaceForComposites.java:532)
	at ptolemy.actor.util.CausalityInterfaceForComposites.checkForCycles(CausalityInterfaceForComposites.java:96)
	at ptolemy.domains.de.kernel.DEDirector.preinitialize(DEDirector.java:1338)
	at ptolemy.actor.CompositeActor.preinitialize(CompositeActor.java:1828)
	at ptolemy.actor.Manager.preinitializeAndResolveTypes(Manager.java:1040)
	at ptolemy.actor.Manager.initialize(Manager.java:710)
	at ptolemy.actor.Manager.execute(Manager.java:356)
	at ptolemy.actor.Manager.run(Manager.java:1263)
	at ptolemy.actor.Manager$PtolemyRunThread.run(Manager.java:1933)
java.lang.reflect.InvocationTargetException
	at java.base/jdk.internal.reflect.NativeConstructorAccessorImpl.newInstance0(Native Method)
	at java.base/jdk.internal.reflect.NativeConstructorAccessorImpl.newInstance(NativeConstructorAccessorImpl.java:62)
	at java.base/jdk.internal.reflect.DelegatingConstructorAccessorImpl.newInstance(DelegatingConstructorAccessorImpl.java:45)
	at java.base/java.lang.reflect.Constructor.newInstance(Constructor.java:490)
	at ptolemy.util.test.junit.AutoKnownFailedTests.RunModel(AutoKnownFailedTests.java:105)
	at java.base/jdk.internal.reflect.NativeMethodAccessorImpl.invoke0(Native Method)
	at java.base/jdk.internal.reflect.NativeMethodAccessorImpl.invoke(NativeMethodAccessorImpl.java:62)
	at java.base/jdk.internal.reflect.DelegatingMethodAccessorImpl.invoke(DelegatingMethodAccessorImpl.java:43)
	at java.base/java.lang.reflect.Method.invoke(Method.java:566)
	at org.junit.runners.model.FrameworkMethod$1.runReflectiveCall(FrameworkMethod.java:44)
	at org.junit.internal.runners.model.ReflectiveCallable.run(ReflectiveCallable.java:15)
	at org.junit.runners.model.FrameworkMethod.invokeExplosively(FrameworkMethod.java:41)
	at junitparams.internal.InvokeParameterisedMethod.evaluate(InvokeParameterisedMethod.java:102)
	at org.junit.internal.runners.statements.FailOnTimeout$1.run(FailOnTimeout.java:28)
Caused by: ptolemy.kernel.util.IllegalActionException: Found a zero delay loop containing .dependencyLoop2.original
  in .dependencyLoop2 and .dependencyLoop2.original
	at ptolemy.actor.util.CausalityInterfaceForComposites._computeOutputPortDepth(CausalityInterfaceForComposites.java:759)
	at ptolemy.actor.util.CausalityInterfaceForComposites._computeInputDepth(CausalityInterfaceForComposites.java:696)
	at ptolemy.actor.util.CausalityInterfaceForComposites._computeOutputPortDepth(CausalityInterfaceForComposites.java:765)
	at ptolemy.actor.util.CausalityInterfaceForComposites._computeInputDepth(CausalityInterfaceForComposites.java:696)
	at ptolemy.actor.util.CausalityInterfaceForComposites._computeOutputPortDepth(CausalityInterfaceForComposites.java:765)
	at ptolemy.actor.util.CausalityInterfaceForComposites._computeInputDepth(CausalityInterfaceForComposites.java:696)
	at ptolemy.actor.util.CausalityInterfaceForComposites._computeActorDepth(CausalityInterfaceForComposites.java:532)
	at ptolemy.actor.util.CausalityInterfaceForComposites.checkForCycles(CausalityInterfaceForComposites.java:96)
	at ptolemy.domains.de.kernel.DEDirector.preinitialize(DEDirector.java:1338)
	at ptolemy.actor.CompositeActor.preinitialize(CompositeActor.java:1828)
	at ptolemy.actor.Manager.preinitializeAndResolveTypes(Manager.java:1040)
	at ptolemy.actor.Manager.initialize(Manager.java:710)
	at ptolemy.actor.Manager.execute(Manager.java:356)
	at ptolemy.actor.Manager.run(Manager.java:1263)
	at ptolemy.actor.Manager$PtolemyRunThread.run(Manager.java:1933)
]]></system-err>
</testsuite>
