<?xml version="1.0" encoding="UTF-8" ?>
<testsuite errors="0" failures="0" hostname="travis-job-81eb5a14-69de-46fe-a46f-0e353959e26e" name="ptolemy.actor.lib.test.junit.JUnitTclTest" skipped="0" tests="517" time="61.613" timestamp="2020-05-11T14:23:15">
  <properties>
    <property name="npm.executable" value="npm" />
    <property name="env.TRAVIS_ROOT" value="/" />
    <property name="ptII.mk.exists" value="true" />
    <property name="env.TRAVIS_APP_HOST" value="build.travis-ci.org" />
    <property name="env.rvm_bin_path" value="/home/travis/.rvm/bin" />
    <property name="java.home" value="/usr/local/lib/jvm/openjdk11" />
    <property name="env.TRAVIS_JOB_NUMBER" value="1628.8" />
    <property name="env.TRAVIS_HOME" value="/home/travis" />
    <property name="env.DISPLAY" value=":99.0" />
    <property name="env.TRAVIS_INIT" value="systemd" />
    <property name="env.SSH_TTY" value="/dev/pts/0" />
    <property name="java.net.preferIPv4Stack" value="true" />
    <property name="env.RUN_TESTS" value="true" />
    <property name="timeout.short" value="1000000" />
    <property name="junit.formatter" value="xml" />
    <property name="env.TRAVIS_SUDO" value="true" />
    <property name="env.TRAVIS_JOB_NAME" value="" />
    <property name="env.TRAVIS_STACK_NODE_ATTRIBUTES" value="/.node-attributes.yml" />
    <property name="env.LOGNAME" value="travis" />
    <property name="env.PT_TRAVIS_TEST_CORE1_XML" value="true" />
    <property name="jsdoc.home" value="node_modules/@terraswarm/jsdoc" />
    <property name="debuglevel" value="source,lines,vars" />
    <property name="checkstyle.formatter" value="xml" />
    <property name="env._system_version" value="16.04" />
    <property name="bin.vergil.makeable" value="true" />
    <property name="sun.os.patch.level" value="unknown" />
    <property name="java.vendor.url" value="http://java.oracle.com/" />
    <property name="env.TRAVIS_BUILD_WEB_URL" value="https://travis-ci.org/icyphy/ptII/builds/685672789" />
    <property name="java.version" value="11.0.2" />
    <property name="env.TZ" value="UTC" />
    <property name="env.TRAVIS_PULL_REQUEST_SHA" value="" />
    <property name="env.PT_NO_NET" value="true" />
    <property name="env.TRAVIS_SECURE_ENV_VARS" value="true" />
    <property name="env._system_type" value="Linux" />
    <property name="java.vendor.url.bug" value="http://bugreport.java.com/bugreport/" />
    <property name="npmjs-org-is-up" value="true" />
    <property name="env.LANGUAGE" value="en_US.UTF-8" />
    <property name="env.SSH_CLIENT" value="10.52.7.29 47584 22" />
    <property name="env.GEM_HOME" value="/home/travis/.rvm/gems/ruby-2.5.3" />
    <property name="env.HAS_ANTARES_THREE_LITTLE_FRONZIES_BADGE" value="true" />
    <property name="java.version.date" value="2019-01-15" />
    <property name="env.PS4" value="+" />
    <property name="ant.project.invoked-targets" value="build,test.core1.xml" />
    <property name="env.TRAVIS_PULL_REQUEST_BRANCH" value="" />
    <property name="env.TRAVIS_REPO_SLUG" value="icyphy/ptII" />
    <property name="env.XDG_DATA_DIRS" value="/usr/local/share:/usr/share:/var/lib/snapd/desktop" />
    <property name="jdk.debug" value="release" />
    <property name="env.TRAVIS_APT_PROXY" value="http://build-cache.travisci.net" />
    <property name="env.TRAVIS_CPU_ARCH" value="amd64" />
    <property name="node.in.path" value="true" />
    <property name="user.name" value="travis" />
    <property name="java.maxmemory" value="1400m" />
    <property name="env.RUBY_VERSION" value="ruby-2.5.3" />
    <property name="env.LANG" value="en_US.UTF-8" />
    <property name="sun.io.unicode.encoding" value="UnicodeLittle" />
    <property name="sun.jnu.encoding" value="UTF-8" />
    <property name="java.runtime.name" value="OpenJDK Runtime Environment" />
    <property name="usefile" value="false" />
    <property name="return.code" value="0" />
    <property name="junit.single.formatter" value="plain" />
    <property name="env.DYLD_LIBRARY_PATH" value="/home/travis/pthla/certi-tools/lib:" />
    <property name="env.DEBIAN_FRONTEND" value="noninteractive" />
    <property name="env.SSH_CONNECTION" value="10.52.7.29 47584 10.20.0.226 22" />
    <property name="env.MYSQL_UNIX_PORT" value="/var/run/mysqld/mysqld.sock" />
    <property name="env.LC_ALL" value="en_US.UTF-8" />
    <property name="env.TRAVIS_ALLOW_FAILURE" value="" />
    <property name="env.TRAVIS_JOB_WEB_URL" value="https://travis-ci.org/icyphy/ptII/jobs/685672818" />
    <property name="java.specification.name" value="Java Platform API Specification" />
    <property name="node.works" value="true" />
    <property name="user.timezone" value="" />
    <property name="path.separator" value=":" />
    <property name="env.TRAVIS_ENABLE_INFRA_DETECTION" value="true" />
    <property name="env.PYTHON_CFLAGS" value="-g -fstack-protector --param=ssp-buffer-size=4 -Wformat -Werror=format-security" />
    <property name="timeout.long" value="4000000" />
    <property name="env.CERTI_HOME" value="/home/travis/pthla/certi-tools" />
    <property name="ant.file.ptII" value="/home/travis/build/icyphy/ptII/build.xml" />
    <property name="javadoc.packagenames" value="com.*,diva.*,lbnl.*,org.hlacerti.*,org.json.*,org.ptolemy.*,org.terraswarm.*,ptolemy.*,ptserver.*" />
    <property name="file.encoding" value="UTF-8" />
    <property name="env.TRAVIS_PULL_REQUEST_SLUG" value="" />
    <property name="ant.project.default-target" value="build" />
    <property name="env.GIT_ASKPASS" value="echo" />
    <property name="env.HOME" value="/home/travis" />
    <property name="sun.java.command" value="org.apache.tools.ant.taskdefs.optional.junit.JUnitTestRunner ptolemy.actor.lib.test.junit.JUnitTclTest skipNonTests=false filtertrace=true haltOnError=false haltOnFailure=false formatter=org.apache.tools.ant.taskdefs.optional.junit.OutErrSummaryJUnitResultFormatter showoutput=true outputtoformatters=true logfailedtests=true threadid=0 logtestlistenerevents=false formatter=org.apache.tools.ant.taskdefs.optional.junit.XMLJUnitResultFormatter,/home/travis/build/icyphy/ptII/reports/junit/TEST-ptolemy.actor.lib.test.junit.JUnitTclTest.xml crashfile=/home/travis/build/icyphy/ptII/junitvmwatcher3457103558914095792.properties propsfile=/home/travis/build/icyphy/ptII/junit855316225504810392.properties" />
    <property name="env.COMPOSER_NO_INTERACTION" value="1" />
    <property name="env.MANPATH" value="/home/travis/.nvm/versions/node/v7.10.1/share/man:/home/travis/.rvm/rubies/ruby-2.5.3/share/man:/usr/local/cmake-3.12.4/man:/usr/local/clang-7.0.0/share/man:/usr/local/man:/usr/local/share/man:/usr/share/man:/home/travis/.rvm/man" />
    <property name="env.TRAVIS_TIMER_ID" value="097a3948" />
    <property name="ant.file" value="/home/travis/build/icyphy/ptII/build.xml" />
    <property name="env.TRAVIS_COMMIT_RANGE" value="3e950cfe0f3c004454147d0a7dfedd7f8d8e77cc...52bfcaaec950ad6b43d11ffdb9cd3f924b0c1f76" />
    <property name="env._system_name" value="Ubuntu" />
    <property name="ptII.classpath.optional.property" value="/home/travis/build/icyphy/ptII/lib/bsh-2.0b4.jar:/home/travis/build/icyphy/ptII/lib/ptCal.jar:/home/travis/build/icyphy/ptII/lib/java_cup.jar:/home/travis/build/icyphy/ptII/lib/saxon8.jar:/home/travis/build/icyphy/ptII/lib/saxon8-dom.jar:/home/travis/build/icyphy/ptII/lib/chic.jar:/home/travis/build/icyphy/ptII/lib/ptcolt.jar:/home/travis/build/icyphy/ptII/vendors/misc/itext/iText.jar:/home/travis/build/icyphy/ptII/lib/g4ltl.jar:/home/travis/build/icyphy/ptII/lib/StructuralCoder.jar:/home/travis/build/icyphy/ptII/lib/jcerti.jar:/home/travis/build/icyphy/ptII/lib/javax.mail.jar:/home/travis/build/icyphy/ptII/vendors/JMF-2.1.1e/lib/jmf.jar:/home/travis/build/icyphy/ptII/lib/jna-4.0.0-variadic.jar:/home/travis/build/icyphy/ptII/vendors/misc/joystick/Joystick.jar:/home/travis/build/icyphy/ptII/lib/ptjacl.jar:/home/travis/build/icyphy/ptII/lib/jsoup-1.8.2.jar:/home/travis/build/icyphy/ptII/lib/junit-4.8.2.jar:/home/travis/build/icyphy/ptII/lib/JUnitParams-0.4.0.jar:/home/travis/build/icyphy/ptII/ptolemy/actor/lib/excel/jxl.jar:/home/travis/build/icyphy/ptII/lib/jython.jar:/home/travis/build/icyphy/ptII/lib/kieler.jar:/home/travis/build/icyphy/ptII/vendors/opencv/share/OpenCV/java/opencv-341.jar:/home/travis/build/icyphy/ptII/lib/oscP5.jar:/home/travis/build/icyphy/ptII/lib/nrjavaserial-3.11.0.devel.jar:/home/travis/build/icyphy/ptII/vendors/j3d/lib/Linux/j3dcore.jar:/home/travis/build/icyphy/ptII/vendors/j3d/lib/Linux/j3dutils.jar:/home/travis/build/icyphy/ptII/vendors/j3d/lib/Linux/vecmath.jar:/home/travis/build/icyphy/ptII/vendors/jogl/lib/Linux/gluegen-rt-natives-linux-amd64.jar:/home/travis/build/icyphy/ptII/vendors/jogl/lib/Linux/gluegen-rt.jar:/home/travis/build/icyphy/ptII/vendors/jogl/lib/Linux/jogl-all-natives-linux-amd64.jar:/home/travis/build/icyphy/ptII/vendors/jogl/lib/Linux/jogl-all.jar:/home/travis/build/icyphy/ptII/ptolemy/distributed/jini/jar/jini-core.jar:/home/travis/build/icyphy/ptII/ptolemy/distributed/jini/jar/jini-ext.jar:/home/travis/build/icyphy/ptII/ptolemy/distributed/jini/jar/sun-util.jar:/home/travis/build/icyphy/ptII/lib/protobuf-java-2.4.1.jar:/home/travis/build/icyphy/ptII/lib/org.eclipse.paho.client.mqttv3.jar:/home/travis/build/icyphy/ptII/lib/mapss.jar:/home/travis/build/icyphy/ptII/ptolemy/actor/ptalon/antlr/antlr.jar:/home/travis/build/icyphy/ptII/lib/JRI.jar:/home/travis/build/icyphy/ptII/lib/commons-lang-2.6.jar:/home/travis/build/icyphy/ptII/lib/commons-logging-1.1.1.jar:/home/travis/build/icyphy/ptII/lib/sootclasses.jar:/home/travis/build/icyphy/ptII/ptolemy/actor/lib/database/mysql-connector-java-5.1.6-bin.jar:/home/travis/build/icyphy/ptII/vendors/misc/sphinx4/sphinx4-data-5prealpha.jar:/home/travis/build/icyphy/ptII/vendors/misc/sphinx4/sphinx4-core-5prealpha.jar:/home/travis/build/icyphy/ptII/lib/PDFRenderer.jar:/home/travis/build/icyphy/ptII/lib/svgSalamander.jar:/home/travis/build/icyphy/ptII/lib/rsyntaxtextarea-2.6.0-SNAPSHOT.jar:/home/travis/build/icyphy/ptII/lib/hazelcast-3.8.2.jar:/home/travis/build/icyphy/ptII/lib/jackson-annotations-2.9.0.jar:/home/travis/build/icyphy/ptII/lib/jackson-core-2.9.3.jar:/home/travis/build/icyphy/ptII/lib/jackson-databind-2.9.3.jar:/home/travis/build/icyphy/ptII/lib/netty-buffer-4.1.19.Final.jar:/home/travis/build/icyphy/ptII/lib/netty-codec-4.1.19.Final.jar:/home/travis/build/icyphy/ptII/lib/netty-codec-dns-4.1.19.Final.jar:/home/travis/build/icyphy/ptII/lib/netty-codec-http-4.1.19.Final.jar:/home/travis/build/icyphy/ptII/lib/netty-codec-http2-4.1.19.Final.jar:/home/travis/build/icyphy/ptII/lib/netty-common-4.1.19.Final.jar:/home/travis/build/icyphy/ptII/lib/netty-handler-4.1.19.Final.jar:/home/travis/build/icyphy/ptII/lib/netty-resolver-4.1.19.Final.jar:/home/travis/build/icyphy/ptII/lib/netty-resolver-dns-4.1.19.Final.jar:/home/travis/build/icyphy/ptII/lib/netty-transport-4.1.19.Final.jar:/home/travis/build/icyphy/ptII/lib/vertx-codegen-3.5.1.jar:/home/travis/build/icyphy/ptII/lib/vertx-core-3.5.2-SNAPSHOT.jar:/home/travis/build/icyphy/ptII/lib/vertx-hazelcast-3.5.1.jar:/home/travis/build/icyphy/ptII/lib/vertx-lang-js-3.5.1.jar:/home/travis/build/icyphy/ptII/lib/vertx-service-proxy-3.5.1.jar:/home/travis/build/icyphy/ptII/lib/vertx-web-3.5.1.jar:/home/travis/build/icyphy/ptII/lib/slf4j-api-1.7.13.jar:/home/travis/build/icyphy/ptII/lib/slf4j-simple-1.7.13.jar:/home/travis/build/icyphy/ptII/lib/webcam-capture-0.3.12.jar:/home/travis/build/icyphy/ptII/lib/bridj-0.7.0.jar:/home/travis/build/icyphy/ptII/lib/xbjlib-1.1.0.nrjavaserial.jar" />
    <property name="timeout" value="2400000" />
    <property name="test.batch" value="**/junit/*.java" />
    <property name="env._" value="/usr/bin/timeout" />
    <property name="java.io.tmpdir" value="/tmp" />
    <property name="user.language" value="en" />
    <property name="env.TRAVIS_INTERNAL_RUBY_REGEX" value="^ruby-(2\.[0-4]\.[0-9]|1\.9\.3)" />
    <property name="env.HISTCONTROL" value="ignoredups:ignorespace" />
    <property name="env.GOROOT" value="/home/travis/.gimme/versions/go1.11.1.linux.amd64" />
    <property name="line.separator" value="&#xa;" />
    <property name="target" value="11" />
    <property name="env.TRAVIS_BUILD_DIR" value="/home/travis/build/icyphy/ptII" />
    <property name="env.ANT_OPTS" value="-Xmx2048m" />
    <property name="ant.file.type" value="file" />
    <property name="ptolemy.ptII.batchMode" value="true" />
    <property name="env.HISTSIZE" value="1000" />
    <property name="env.MERB_ENV" value="test" />
    <property name="java.vm.info" value="mixed mode" />
    <property name="source" value="11" />
    <property name="java.vm.specification.name" value="Java Virtual Machine Specification" />
    <property name="env.TRAVIS_TEST_RESULT" value="0" />
    <property name="jsdoc.command" value="node_modules/@terraswarm/jsdoc/jsdoc.js" />
    <property name="npm.works" value="true" />
    <property name="cobertura.dir" value="/home/travis/build/icyphy/ptII/vendors/cobertura-2.0.3" />
    <property name="jsdoc.command.exists" value="true" />
    <property name="env.rvm_path" value="/home/travis/.rvm" />
    <property name="env.GEM_PATH" value="/home/travis/.rvm/gems/ruby-2.5.3:/home/travis/.rvm/gems/ruby-2.5.3@global" />
    <property name="env.LC_CTYPE" value="en_US.UTF-8" />
    <property name="env.TRAVIS_CMD" value="$PTII/bin/ptIITravisBuild.sh $SECONDS" />
    <property name="java.awt.printerjob" value="sun.print.PSPrinterJob" />
    <property name="env.TRAVIS_STACK_NAME" value="sardonyx" />
    <property name="env.TRAVIS_TIMER_START_TIME" value="1589206355455911200" />
    <property name="ant.version" value="Apache Ant(TM) version 1.10.1 compiled on February 2 2017" />
    <property name="ptII.reports" value="/home/travis/build/icyphy/ptII/reports" />
    <property name="env.TRAVIS_STACK_TIMESTAMP" value="2019-03-25 16:16:56 UTC" />
    <property name="ant.file.type.ptII" value="file" />
    <property name="env.RBENV_SHELL" value="bash" />
    <property name="os.name" value="Linux" />
    <property name="java.specification.vendor" value="Oracle Corporation" />
    <property name="env.rvm_version" value="1.29.7 (latest)" />
    <property name="env.TRAVIS_INFRA" value="unknown" />
    <property name="env.TERM" value="xterm" />
    <property name="java.vm.name" value="OpenJDK 64-Bit Server VM" />
    <property name="env.TRAVIS_BUILD_NUMBER" value="1628" />
    <property name="env.CI" value="true" />
    <property name="java.library.path" value="/home/travis/pthla/certi-tools/lib:/usr/lib/jni:/usr/local/share/OpenCV/java/:/usr/share/OpenCV/java::/usr/java/packages/lib:/usr/lib64:/lib64:/lib:/usr/lib" />
    <property name="jdk.module.path" value="/home/travis/build/icyphy/ptII/vendors/javafx/javafx-sdk-11.0.2/lib:" />
    <property name="env.rvm_prefix" value="/home/travis" />
    <property name="env.PATH" value="/home/travis/pthla/certi-tools/share/scripts:/home/travis/.rvm/gems/ruby-2.5.3/bin:/home/travis/.rvm/gems/ruby-2.5.3@global/bin:/home/travis/.rvm/rubies/ruby-2.5.3/bin:/home/travis/.rvm/bin:/home/travis/.nvm/versions/node/v7.10.1/bin:./node_modules/.bin:/home/travis/build/icyphy/ptII/bin:/home/travis/pthla/certi-tools/bin:/home/travis/bin:/home/travis/.local/bin:/usr/local/lib/jvm/openjdk11/bin:/opt/pyenv/shims:/home/travis/.phpenv/shims:/home/travis/perl5/perlbrew/bin:/home/travis/gopath/bin:/home/travis/.gimme/versions/go1.11.1.linux.amd64/bin:/usr/local/maven-3.6.0/bin:/usr/local/cmake-3.12.4/bin:/usr/local/clang-7.0.0/bin:/usr/local/sbin:/usr/local/bin:/usr/sbin:/usr/bin:/sbin:/bin:/snap/bin:/home/travis/.phpenv/bin:/opt/pyenv/bin:/home/travis/.yarn/bin" />
    <property name="env.TRAVIS_OS_NAME" value="linux" />
    <property name="ant.java.version" value="9" />
    <property name="basedir" value="/home/travis/build/icyphy/ptII" />
    <property name="java.class.version" value="55.0" />
    <property name="env.SHLVL" value="3" />
    <property name="env.LD_LIBRARY_PATH" value="/home/travis/pthla/certi-tools/lib:/usr/lib/jni:/usr/local/share/OpenCV/java/:/usr/share/OpenCV/java:" />
    <property name="env.RACK_ENV" value="test" />
    <property name="ant.home" value="/home/travis/build/icyphy/ptII/ant" />
    <property name="env.NVM_DIR" value="/home/travis/.nvm" />
    <property name="env.CERTI_FOM_PATH" value="/home/travis/pthla/certi-tools/share/federations" />
    <property name="env.TRAVIS_BUILD_ID" value="685672789" />
    <property name="env.PYENV_ROOT" value="/opt/pyenv" />
    <property name="env.TRAVIS_UID" value="2000" />
    <property name="prism.verbose" value="true" />
    <property name="env.NVM_BIN" value="/home/travis/.nvm/versions/node/v7.10.1/bin" />
    <property name="env.TRAVIS_COMMIT" value="52bfcaaec950ad6b43d11ffdb9cd3f924b0c1f76" />
    <property name="env._system_arch" value="x86_64" />
    <property name="node.executable" value="node" />
    <property name="sun.boot.library.path" value="/usr/local/lib/jvm/openjdk11/lib" />
    <property name="sun.management.compiler" value="HotSpot 64-Bit Tiered Compilers" />
    <property name="java.awt.graphicsenv" value="sun.awt.X11GraphicsEnvironment" />
    <property name="env.GOPATH" value="/home/travis/gopath" />
    <property name="ptolemy.ptII.dir" value="/home/travis/build/icyphy/ptII" />
    <property name="env.USER" value="travis" />
    <property name="env.HISTFILESIZE" value="2000" />
    <property name="env.NVM_INC" value="/home/travis/.nvm/versions/node/v7.10.1/include/node" />
    <property name="timeout.longest" value="19000000" />
    <property name="env.PERLBREW_SHELLRC_VERSION" value="0.86" />
    <property name="env.TRAVIS_STACK_FEATURES" value="basic couchdb disabled-ipv6 docker docker-compose elasticsearch firefox go-toolchain google-chrome jdk memcached mongodb mysql nodejs_interpreter perl_interpreter perlbrew phantomjs postgresql python_interpreter redis ruby_interpreter sqlite xserver" />
    <property name="env.TRAVIS_PULL_REQUEST" value="false" />
    <property name="env.PYENV_SHELL" value="bash" />
    <property name="ant.project.name" value="ptII" />
    <property name="env.ANSI_RESET" value="\033[0m" />
    <property name="java.vm.specification.version" value="11" />
    <property name="env.TRAVIS_DIST" value="xenial" />
    <property name="env.CERTI_VERSION" value="4.0.0" />
    <property name="env.CERTI_HOST" value="localhost" />
    <property name="awt.toolkit" value="sun.awt.X11.XToolkit" />
    <property name="env.MY_RUBY_HOME" value="/home/travis/.rvm/rubies/ruby-2.5.3" />
    <property name="sun.cpu.isalist" value="" />
    <property name="env.TRAVIS_TMPDIR" value="/tmp/tmp.Ff6zgoHGuY" />
    <property name="java.vm.compressedOopsMode" value="Zero based" />
    <property name="os.version" value="4.15.0-1028-gcp" />
    <property name="user.home" value="/home/travis" />
    <property name="java.vm.vendor" value="Oracle Corporation" />
    <property name="env.TRAVIS_TAG" value="nightly" />
    <property name="env.ANSI_YELLOW" value="\033[33;1m" />
    <property name="env.TRAVIS_FILTERED" value="redirect_io" />
    <property name="env.ANSI_GREEN" value="\033[32;1m" />
    <property name="env.JAVA_HOME" value="/usr/local/lib/jvm/openjdk11" />
    <property name="javadoc.excludepackagenames" value="adm.cvs2svn.*,build.*,config.*,doc.coding.templates.*,jni.test.jni.meaningOfLife.*,jni.test.jni.testDeux.*,jni.test.jni.testTrois.*,org.terraswarm.accessor.accessors.web.node_modules.*,org.terraswarm.accessor.accessors.web.hosts.cordova.demo.*,org.terraswarm.accessor.accessors.web.hosts.cordova.plugins.*,org.terraswarm.accessor.accessors-svn.*,pt-modules.*,ptolemy.apps.agilent.*,ptolemy.apps.anytimecontrol.*,ptolemy.apps.apes.*,ptolemy.apps.charon.*,ptolemy.apps.crazyboard.*,ptolemy.apps.eclipse.*,ptolemy.apps.etherealSting.*,ptolemy.apps.fullscreen.*,ptolemy.apps.giotto.*,ptolemy.apps.ia.*,ptolemy.apps.interfaces.*,ptolemy.apps.jmf.*,ptolemy.apps.kurt.*,ptolemy.apps.kvm.*,ptolemy.apps.lego.*,ptolemy.apps.lejos.*,ptolemy.apps.midp.*,ptolemy.apps.mobileCoding.*,ptolemy.apps.pendulum.*,ptolemy.apps.rijndael.*,ptolemy.apps.robot.*,ptolemy.apps.security.*,ptolemy.apps.sobel.*,ptolemy.apps.soot.*,ptolemy.apps.throttle.*,ptolemy.apps.tini.*,ptolemy.apps.transmission.*,ptolemy.apps.vergil.*,ptolemy.apps.waba.*,ptolemy.apps.websensor.*,ptolemy.apps.webstart.*,ptolemy.apps.xsl.*,ptolemy.apps.zaurus.*,ptolemy.codegen.c.actor.lib.oldJavaFiles.*,ptolemy.codegen.dsp.lib.*,ptolemy.codegen.kernel.newInterfaces.*,ptolemy.codegen.lib.*,ptolemy.copernicus.kernel.fragment.*,ptolemy.copernicus.shallow.cg.*,ptolemy.domains.giotto.demo.Hierarchy.Hierarchy.*,ptolemy.domains.giotto.demo.Multimode.Multimode.*,ptolemy.domains.giotto.demo.Simple.Simple.*,ptolemy.domains.gr.lib.experimental.*,ptolemy.domains.gro.*,ptolemy.domains.pdf.*,ptolemy.domains.ptinyos.demo.Surge.output.*,ptolemy.moml.test.NoPackageActor.java*,ptolemy.plot.adm.*,ptolemy.plot.servlet.*,reports.*,signed.*,src.*,target.*,vendors.*,ptolemy.copernicus.applet.*,ptolemy.media.viewer.*,ptolemy.actor.corba.*,doc.doclets.*,ptolemy.apps.eclipse.awt.*,ptolemy.backtrack.*,ptolemy.backtrack.ast.*,ptolemy.cg.adapter.generic.program.procedural.c.mbed*,ptolemy.homer.*,ptolemy.actor.lib.jai.*,org.ptolemy.scala.*,diva.util.java2d.svg.*,ptolemy.domains.ptinyos.*,ptolemy.actor.lib.fmi.fmipp.*,,org.terraswarm.accessor.accessors.web.node_modules.*,org.terraswarm.accessor.accessors-svn,ptolemy.apps.*,ptolemy.actor.ptalon.demo.ptinyos.SendAndReceiveCnt.output,ptolemy.actor.ptalon.demo.ptinyos.SenseToLeds.output,ptolemy.domains.ptinyos.demo.CntToLedsAndRfm.output,ptolemy.domains.ptinyos.demo.RfmToLeds.output,ptolemy.domains.ptinyos.demo.SendAndReceiveCnt.output,ptolemy.domains.ptinyos.demo.SenseToLeds.output,ptolemy.actor.lib.jjs.modules.udpSocket.*" />
    <property name="env.PTII" value="/home/travis/build/icyphy/ptII" />
    <property name="env.XDG_SESSION_ID" value="2" />
    <property name="keystore" value="ptKeystore" />
    <property name="env.TRAVIS_COMMIT_MESSAGE" value="Updating models using array data type." />
    <property name="junit.output.dir" value="/home/travis/build/icyphy/ptII/reports/junit" />
    <property name="npm.return.code" value="0" />
    <property name="user.dir" value="/home/travis/build/icyphy/ptII/ptolemy/actor/lib/test" />
    <property name="env.TRAVIS_NODE_VERSION" value="7" />
    <property name="env.TRAVIS_EVENT_TYPE" value="cron" />
    <property name="env.MAIL" value="/var/mail/travis" />
    <property name="env.PERLBREW_ROOT" value="/home/travis/perl5/perlbrew" />
    <property name="env.PWD" value="/home/travis/build/icyphy/ptII" />
    <property name="timeout.npm" value="45000" />
    <property name="env.TRAVIS_ARCH" value="amd64" />
    <property name="sun.cpu.endian" value="little" />
    <property name="env.PAGER" value="cat" />
    <property name="env.TRAVIS_BUILD_STAGE_NAME" value="test" />
    <property name="env.PERLBREW_HOME" value="/home/travis/.perlbrew" />
    <property name="java.vm.version" value="11.0.2+9" />
    <property name="env.RAILS_ENV" value="test" />
    <property name="java.class.path" value="/home/travis/.ptolemyII:/home/travis/.ptolemyII/*:/home/travis/build/icyphy/ptII:/home/travis/build/icyphy/ptII/lib/bsh-2.0b4.jar:/home/travis/build/icyphy/ptII/lib/ptCal.jar:/home/travis/build/icyphy/ptII/lib/java_cup.jar:/home/travis/build/icyphy/ptII/lib/saxon8.jar:/home/travis/build/icyphy/ptII/lib/saxon8-dom.jar:/home/travis/build/icyphy/ptII/lib/chic.jar:/home/travis/build/icyphy/ptII/lib/ptcolt.jar:/home/travis/build/icyphy/ptII/vendors/misc/itext/iText.jar:/home/travis/build/icyphy/ptII/lib/g4ltl.jar:/home/travis/build/icyphy/ptII/lib/StructuralCoder.jar:/home/travis/build/icyphy/ptII/lib/jcerti.jar:/home/travis/build/icyphy/ptII/lib/javax.mail.jar:/home/travis/build/icyphy/ptII/vendors/JMF-2.1.1e/lib/jmf.jar:/home/travis/build/icyphy/ptII/lib/jna-4.0.0-variadic.jar:/home/travis/build/icyphy/ptII/vendors/misc/joystick/Joystick.jar:/home/travis/build/icyphy/ptII/lib/ptjacl.jar:/home/travis/build/icyphy/ptII/lib/jsoup-1.8.2.jar:/home/travis/build/icyphy/ptII/lib/junit-4.8.2.jar:/home/travis/build/icyphy/ptII/lib/JUnitParams-0.4.0.jar:/home/travis/build/icyphy/ptII/ptolemy/actor/lib/excel/jxl.jar:/home/travis/build/icyphy/ptII/lib/jython.jar:/home/travis/build/icyphy/ptII/lib/kieler.jar:/home/travis/build/icyphy/ptII/vendors/opencv/share/OpenCV/java/opencv-341.jar:/home/travis/build/icyphy/ptII/lib/oscP5.jar:/home/travis/build/icyphy/ptII/lib/nrjavaserial-3.11.0.devel.jar:/home/travis/build/icyphy/ptII/vendors/j3d/lib/Linux/j3dcore.jar:/home/travis/build/icyphy/ptII/vendors/j3d/lib/Linux/j3dutils.jar:/home/travis/build/icyphy/ptII/vendors/j3d/lib/Linux/vecmath.jar:/home/travis/build/icyphy/ptII/vendors/jogl/lib/Linux/gluegen-rt-natives-linux-amd64.jar:/home/travis/build/icyphy/ptII/vendors/jogl/lib/Linux/gluegen-rt.jar:/home/travis/build/icyphy/ptII/vendors/jogl/lib/Linux/jogl-all-natives-linux-amd64.jar:/home/travis/build/icyphy/ptII/vendors/jogl/lib/Linux/jogl-all.jar:/home/travis/build/icyphy/ptII/ptolemy/distributed/jini/jar/jini-core.jar:/home/travis/build/icyphy/ptII/ptolemy/distributed/jini/jar/jini-ext.jar:/home/travis/build/icyphy/ptII/ptolemy/distributed/jini/jar/sun-util.jar:/home/travis/build/icyphy/ptII/lib/protobuf-java-2.4.1.jar:/home/travis/build/icyphy/ptII/lib/org.eclipse.paho.client.mqttv3.jar:/home/travis/build/icyphy/ptII/lib/mapss.jar:/home/travis/build/icyphy/ptII/ptolemy/actor/ptalon/antlr/antlr.jar:/home/travis/build/icyphy/ptII/lib/JRI.jar:/home/travis/build/icyphy/ptII/lib/commons-lang-2.6.jar:/home/travis/build/icyphy/ptII/lib/commons-logging-1.1.1.jar:/home/travis/build/icyphy/ptII/lib/sootclasses.jar:/home/travis/build/icyphy/ptII/ptolemy/actor/lib/database/mysql-connector-java-5.1.6-bin.jar:/home/travis/build/icyphy/ptII/vendors/misc/sphinx4/sphinx4-data-5prealpha.jar:/home/travis/build/icyphy/ptII/vendors/misc/sphinx4/sphinx4-core-5prealpha.jar:/home/travis/build/icyphy/ptII/lib/PDFRenderer.jar:/home/travis/build/icyphy/ptII/lib/svgSalamander.jar:/home/travis/build/icyphy/ptII/lib/rsyntaxtextarea-2.6.0-SNAPSHOT.jar:/home/travis/build/icyphy/ptII/lib/hazelcast-3.8.2.jar:/home/travis/build/icyphy/ptII/lib/jackson-annotations-2.9.0.jar:/home/travis/build/icyphy/ptII/lib/jackson-core-2.9.3.jar:/home/travis/build/icyphy/ptII/lib/jackson-databind-2.9.3.jar:/home/travis/build/icyphy/ptII/lib/netty-buffer-4.1.19.Final.jar:/home/travis/build/icyphy/ptII/lib/netty-codec-4.1.19.Final.jar:/home/travis/build/icyphy/ptII/lib/netty-codec-dns-4.1.19.Final.jar:/home/travis/build/icyphy/ptII/lib/netty-codec-http-4.1.19.Final.jar:/home/travis/build/icyphy/ptII/lib/netty-codec-http2-4.1.19.Final.jar:/home/travis/build/icyphy/ptII/lib/netty-common-4.1.19.Final.jar:/home/travis/build/icyphy/ptII/lib/netty-handler-4.1.19.Final.jar:/home/travis/build/icyphy/ptII/lib/netty-resolver-4.1.19.Final.jar:/home/travis/build/icyphy/ptII/lib/netty-resolver-dns-4.1.19.Final.jar:/home/travis/build/icyphy/ptII/lib/netty-transport-4.1.19.Final.jar:/home/travis/build/icyphy/ptII/lib/vertx-codegen-3.5.1.jar:/home/travis/build/icyphy/ptII/lib/vertx-core-3.5.2-SNAPSHOT.jar:/home/travis/build/icyphy/ptII/lib/vertx-hazelcast-3.5.1.jar:/home/travis/build/icyphy/ptII/lib/vertx-lang-js-3.5.1.jar:/home/travis/build/icyphy/ptII/lib/vertx-service-proxy-3.5.1.jar:/home/travis/build/icyphy/ptII/lib/vertx-web-3.5.1.jar:/home/travis/build/icyphy/ptII/lib/slf4j-api-1.7.13.jar:/home/travis/build/icyphy/ptII/lib/slf4j-simple-1.7.13.jar:/home/travis/build/icyphy/ptII/lib/webcam-capture-0.3.12.jar:/home/travis/build/icyphy/ptII/lib/bridj-0.7.0.jar:/home/travis/build/icyphy/ptII/lib/xbjlib-1.1.0.nrjavaserial.jar:/home/travis/build/icyphy/ptII/ptolemy/moml/test:/home/travis/build/icyphy/ptII/ant/lib/ant-launcher.jar:/home/travis/build/icyphy/ptII/ant/lib/ant.jar:/home/travis/build/icyphy/ptII/ant/lib/ant-junit.jar:/home/travis/build/icyphy/ptII/ant/lib/ant-junit4.jar" />
    <property name="ant.library.dir" value="/home/travis/build/icyphy/ptII/ant/lib" />
    <property name="os.arch" value="amd64" />
    <property name="env.CONTINUOUS_INTEGRATION" value="true" />
    <property name="env.TRAVIS_LANGUAGE" value="node_js" />
    <property name="env.TRAVIS_STACK_LANGUAGES" value="__sardonyx__ c c++ clojure cplusplus cpp default generic go groovy java node_js php pure_java python ruby scala" />
    <property name="test.name" value="ptolemy.actor.lib.test.junit.JUnitTclTest" />
    <property name="env.APT_KEY_DONT_WARN_ON_DANGEROUS_USAGE" value="1" />
    <property name="sun.java.launcher" value="SUN_STANDARD" />
    <property name="env.PYTHON_CONFIGURE_OPTS" value="--enable-unicode=ucs4 --with-wide-unicode --enable-shared --enable-ipv6 --enable-loadable-sqlite-extensions --with-computed-gotos" />
    <property name="ant.core.lib" value="/home/travis/build/icyphy/ptII/ant/lib/ant.jar" />
    <property name="java.vm.specification.vendor" value="Oracle Corporation" />
    <property name="env.BCVTB_HOME" value="/home/travis/build/icyphy/ptII/lbnl" />
    <property name="file.separator" value="/" />
    <property name="spotbugs.home" value="/home/travis/build/icyphy/ptII/vendors/spotbugs-3.1.1" />
    <property name="java.runtime.version" value="11.0.2+9" />
    <property name="env.ANSI_CLEAR" value="\033[0K" />
    <property name="javafx.verbose" value="true" />
    <property name="env.HAS_JOSH_K_SEAL_OF_APPROVAL" value="true" />
    <property name="env.XDG_RUNTIME_DIR" value="/run/user/2000" />
    <property name="env.TRAVIS_OSX_IMAGE" value="" />
    <property name="env.TRAVIS_JOB_ID" value="685672818" />
    <property name="env.TRAVIS_BRANCH" value="master" />
    <property name="user.country" value="US" />
    <property name="env.CERTI_HOME_TRAVIS" value="/home/travis/pthla/certi-tools" />
    <property name="env.SHELL" value="/bin/bash" />
    <property name="java.maxmemory.large" value="3200m" />
    <property name="model" value="" />
    <property name="env.CASHER_DIR" value="/home/travis/.casher" />
    <property name="env.NVM_CD_FLAGS" value="" />
    <property name="java.vendor.version" value="18.9" />
    <property name="jshint.executable" value="/home/travis/node_modules/jshint/bin/jshint" />
    <property name="env.JRUBY_OPTS" value=" --client -J-XX:+TieredCompilation -J-XX:TieredStopAtLevel=1 -J-Xss2m -Xcompile.invokedynamic=false" />
    <property name="java.vendor" value="Oracle Corporation" />
    <property name="env.TRAVIS_PRE_CHEF_BOOTSTRAP_TIME" value="2019-03-25T16:16:42" />
    <property name="env.TRAVIS_STACK_JOB_BOARD_REGISTER" value="/.job-board-register.yml" />
    <property name="env.ANSI_RED" value="\033[31;1m" />
    <property name="java.specification.version" value="11" />
    <property name="env.IRBRC" value="/home/travis/.rvm/rubies/ruby-2.5.3/.irbrc" />
    <property name="env.TRAVIS" value="true" />
    <property name="sun.arch.data.model" value="64" />
  </properties>
  <testcase classname="ptolemy.util.test.junit.TclTests" name="[0] /home/travis/build/icyphy/ptII/ptolemy/actor/lib/test/AbsoluteValue.tcl (RunTclFile)" time="0.537" />
  <testcase classname="ptolemy.util.test.junit.TclTests" name="[1] /home/travis/build/icyphy/ptII/ptolemy/actor/lib/test/AddSubtract.tcl (RunTclFile)" time="0.182" />
  <testcase classname="ptolemy.util.test.junit.TclTests" name="[2] /home/travis/build/icyphy/ptII/ptolemy/actor/lib/test/Average.tcl (RunTclFile)" time="0.065" />
  <testcase classname="ptolemy.util.test.junit.TclTests" name="[3] /home/travis/build/icyphy/ptII/ptolemy/actor/lib/test/Bernoulli.tcl (RunTclFile)" time="0.022" />
  <testcase classname="ptolemy.util.test.junit.TclTests" name="[4] /home/travis/build/icyphy/ptII/ptolemy/actor/lib/test/Clock.tcl (RunTclFile)" time="0.088" />
  <testcase classname="ptolemy.util.test.junit.TclTests" name="[5] /home/travis/build/icyphy/ptII/ptolemy/actor/lib/test/Commutator.tcl (RunTclFile)" time="0.169" />
  <testcase classname="ptolemy.util.test.junit.TclTests" name="[6] /home/travis/build/icyphy/ptII/ptolemy/actor/lib/test/Const.tcl (RunTclFile)" time="0.12" />
  <testcase classname="ptolemy.util.test.junit.TclTests" name="[7] /home/travis/build/icyphy/ptII/ptolemy/actor/lib/test/CurrentTime.tcl (RunTclFile)" time="0.031" />
  <testcase classname="ptolemy.util.test.junit.TclTests" name="[8] /home/travis/build/icyphy/ptII/ptolemy/actor/lib/test/DB.tcl (RunTclFile)" time="0.036" />
  <testcase classname="ptolemy.util.test.junit.TclTests" name="[9] /home/travis/build/icyphy/ptII/ptolemy/actor/lib/test/DiscreteRandomSource.tcl (RunTclFile)" time="0.023" />
  <testcase classname="ptolemy.util.test.junit.TclTests" name="[10] /home/travis/build/icyphy/ptII/ptolemy/actor/lib/test/Distributor.tcl (RunTclFile)" time="0.077" />
  <testcase classname="ptolemy.util.test.junit.TclTests" name="[11] /home/travis/build/icyphy/ptII/ptolemy/actor/lib/test/Exit.tcl (RunTclFile)" time="0.093" />
  <testcase classname="ptolemy.util.test.junit.TclTests" name="[12] /home/travis/build/icyphy/ptII/ptolemy/actor/lib/test/Expression.tcl (RunTclFile)" time="0.102" />
  <testcase classname="ptolemy.util.test.junit.TclTests" name="[13] /home/travis/build/icyphy/ptII/ptolemy/actor/lib/test/Gaussian.tcl (RunTclFile)" time="0.439" />
  <testcase classname="ptolemy.util.test.junit.TclTests" name="[14] /home/travis/build/icyphy/ptII/ptolemy/actor/lib/test/IIR.tcl (RunTclFile)" time="0.045" />
  <testcase classname="ptolemy.util.test.junit.TclTests" name="[15] /home/travis/build/icyphy/ptII/ptolemy/actor/lib/test/Interpolator.tcl (RunTclFile)" time="0.082" />
  <testcase classname="ptolemy.util.test.junit.TclTests" name="[16] /home/travis/build/icyphy/ptII/ptolemy/actor/lib/test/MathFunction.tcl (RunTclFile)" time="0.086" />
  <testcase classname="ptolemy.util.test.junit.TclTests" name="[17] /home/travis/build/icyphy/ptII/ptolemy/actor/lib/test/Maximum.tcl (RunTclFile)" time="0.033" />
  <testcase classname="ptolemy.util.test.junit.TclTests" name="[18] /home/travis/build/icyphy/ptII/ptolemy/actor/lib/test/Minimum.tcl (RunTclFile)" time="0.02" />
  <testcase classname="ptolemy.util.test.junit.TclTests" name="[19] /home/travis/build/icyphy/ptII/ptolemy/actor/lib/test/MultiplyDivide.tcl (RunTclFile)" time="0.034" />
  <testcase classname="ptolemy.util.test.junit.TclTests" name="[20] /home/travis/build/icyphy/ptII/ptolemy/actor/lib/test/OrderedMerge.tcl (RunTclFile)" time="0.108" />
  <testcase classname="ptolemy.util.test.junit.TclTests" name="[21] /home/travis/build/icyphy/ptII/ptolemy/actor/lib/test/Publisher.tcl (RunTclFile)" time="0.734" />
  <testcase classname="ptolemy.util.test.junit.TclTests" name="[22] /home/travis/build/icyphy/ptII/ptolemy/actor/lib/test/Pulse.tcl (RunTclFile)" time="0.075" />
  <testcase classname="ptolemy.util.test.junit.TclTests" name="[23] /home/travis/build/icyphy/ptII/ptolemy/actor/lib/test/Ramp.tcl (RunTclFile)" time="2.082" />
  <testcase classname="ptolemy.util.test.junit.TclTests" name="[24] /home/travis/build/icyphy/ptII/ptolemy/actor/lib/test/RampContinuous.tcl (RunTclFile)" time="0.029" />
  <testcase classname="ptolemy.util.test.junit.TclTests" name="[25] /home/travis/build/icyphy/ptII/ptolemy/actor/lib/test/RecordAssembler.tcl (RunTclFile)" time="0.021" />
  <testcase classname="ptolemy.util.test.junit.TclTests" name="[26] /home/travis/build/icyphy/ptII/ptolemy/actor/lib/test/RecordDisassembler.tcl (RunTclFile)" time="0.037" />
  <testcase classname="ptolemy.util.test.junit.TclTests" name="[27] /home/travis/build/icyphy/ptII/ptolemy/actor/lib/test/Scale.tcl (RunTclFile)" time="0.029" />
  <testcase classname="ptolemy.util.test.junit.TclTests" name="[28] /home/travis/build/icyphy/ptII/ptolemy/actor/lib/test/SequentialClock.tcl (RunTclFile)" time="0.018" />
  <testcase classname="ptolemy.util.test.junit.TclTests" name="[29] /home/travis/build/icyphy/ptII/ptolemy/actor/lib/test/SetVariable.tcl (RunTclFile)" time="0.011" />
  <testcase classname="ptolemy.util.test.junit.TclTests" name="[30] /home/travis/build/icyphy/ptII/ptolemy/actor/lib/test/Sinewave.tcl (RunTclFile)" time="0.058" />
  <testcase classname="ptolemy.util.test.junit.TclTests" name="[31] /home/travis/build/icyphy/ptII/ptolemy/actor/lib/test/SubscriptionAggregator.tcl (RunTclFile)" time="2.149" />
  <testcase classname="ptolemy.util.test.junit.TclTests" name="[32] /home/travis/build/icyphy/ptII/ptolemy/actor/lib/test/Test.tcl (RunTclFile)" time="0.104" />
  <testcase classname="ptolemy.util.test.junit.TclTests" name="[33] /home/travis/build/icyphy/ptII/ptolemy/actor/lib/test/TestExceptionHandler.tcl (RunTclFile)" time="0.013" />
  <testcase classname="ptolemy.util.test.junit.TclTests" name="[34] /home/travis/build/icyphy/ptII/ptolemy/actor/lib/test/UnionDisassembler.tcl (RunTclFile)" time="0.078" />
  <testcase classname="ptolemy.util.test.junit.TclTests" name="[35] /home/travis/build/icyphy/ptII/ptolemy/actor/lib/test/VariableClock.tcl (RunTclFile)" time="0.023" />
  <testcase classname="ptolemy.util.test.junit.AutoKnownFailedTests" name="[0] /home/travis/build/icyphy/ptII/ptolemy/actor/lib/test/auto/knownFailedTests/PublisherPortToplevelSubscriber.xml (RunModel)" time="0.028" />
  <testcase classname="ptolemy.util.test.junit.AutoKnownFailedTests" name="[1] /home/travis/build/icyphy/ptII/ptolemy/actor/lib/test/auto/knownFailedTests/PublisherSubscriberPortToplevel.xml (RunModel)" time="0.02" />
  <testcase classname="ptolemy.util.test.junit.AutoKnownFailedTests" name="[2] /home/travis/build/icyphy/ptII/ptolemy/actor/lib/test/auto/knownFailedTests/PublisherSubscriptionAggregatorPort.xml (RunModel)" time="0.023" />
  <testcase classname="ptolemy.util.test.junit.AutoKnownFailedTests" name="[3] /home/travis/build/icyphy/ptII/ptolemy/actor/lib/test/auto/knownFailedTests/sizedarray3.xml (RunModel)" time="0.025" />
  <testcase classname="ptolemy.util.test.junit.AutoNameArchTests" name="[0] ThereAreNoAutoArchTests (RunModel)" time="0.005" />
  <testcase classname="ptolemy.util.test.junit.AutoTests" name="[0] /home/travis/build/icyphy/ptII/ptolemy/actor/lib/test/auto/AbsoluteValue.xml (RunModel)" time="0.114" />
  <testcase classname="ptolemy.util.test.junit.AutoTests" name="[1] /home/travis/build/icyphy/ptII/ptolemy/actor/lib/test/auto/AbsoluteValue2.xml (RunModel)" time="0.085" />
  <testcase classname="ptolemy.util.test.junit.AutoTests" name="[2] /home/travis/build/icyphy/ptII/ptolemy/actor/lib/test/auto/Accumulator.xml (RunModel)" time="0.077" />
  <testcase classname="ptolemy.util.test.junit.AutoTests" name="[3] /home/travis/build/icyphy/ptII/ptolemy/actor/lib/test/auto/Accumulator2.xml (RunModel)" time="0.041" />
  <testcase classname="ptolemy.util.test.junit.AutoTests" name="[4] /home/travis/build/icyphy/ptII/ptolemy/actor/lib/test/auto/Accumulator3.xml (RunModel)" time="0.024" />
  <testcase classname="ptolemy.util.test.junit.AutoTests" name="[5] /home/travis/build/icyphy/ptII/ptolemy/actor/lib/test/auto/ArrayAppend.xml (RunModel)" time="0.043" />
  <testcase classname="ptolemy.util.test.junit.AutoTests" name="[6] /home/travis/build/icyphy/ptII/ptolemy/actor/lib/test/auto/ArrayAppend2.xml (RunModel)" time="0.417" />
  <testcase classname="ptolemy.util.test.junit.AutoTests" name="[7] /home/travis/build/icyphy/ptII/ptolemy/actor/lib/test/auto/ArrayAppend3.xml (RunModel)" time="0.015" />
  <testcase classname="ptolemy.util.test.junit.AutoTests" name="[8] /home/travis/build/icyphy/ptII/ptolemy/actor/lib/test/auto/ArrayAppend4.xml (RunModel)" time="0.012" />
  <testcase classname="ptolemy.util.test.junit.AutoTests" name="[9] /home/travis/build/icyphy/ptII/ptolemy/actor/lib/test/auto/ArrayAppend5.xml (RunModel)" time="0.022" />
  <testcase classname="ptolemy.util.test.junit.AutoTests" name="[10] /home/travis/build/icyphy/ptII/ptolemy/actor/lib/test/auto/ArrayAppend6.xml (RunModel)" time="0.02" />
  <testcase classname="ptolemy.util.test.junit.AutoTests" name="[11] /home/travis/build/icyphy/ptII/ptolemy/actor/lib/test/auto/ArrayAppendPerformanceTest.xml (RunModel)" time="0.07" />
  <testcase classname="ptolemy.util.test.junit.AutoTests" name="[12] /home/travis/build/icyphy/ptII/ptolemy/actor/lib/test/auto/ArrayAppendWithEmptyInput.xml (RunModel)" time="0.049" />
  <testcase classname="ptolemy.util.test.junit.AutoTests" name="[13] /home/travis/build/icyphy/ptII/ptolemy/actor/lib/test/auto/ArrayAverage.xml (RunModel)" time="0.053" />
  <testcase classname="ptolemy.util.test.junit.AutoTests" name="[14] /home/travis/build/icyphy/ptII/ptolemy/actor/lib/test/auto/ArrayContains.xml (RunModel)" time="0.043" />
  <testcase classname="ptolemy.util.test.junit.AutoTests" name="[15] /home/travis/build/icyphy/ptII/ptolemy/actor/lib/test/auto/ArrayElement.xml (RunModel)" time="0.036" />
  <testcase classname="ptolemy.util.test.junit.AutoTests" name="[16] /home/travis/build/icyphy/ptII/ptolemy/actor/lib/test/auto/ArrayElementAsMatrix.xml (RunModel)" time="0.061" />
  <testcase classname="ptolemy.util.test.junit.AutoTests" name="[17] /home/travis/build/icyphy/ptII/ptolemy/actor/lib/test/auto/ArrayElementI.xml (RunModel)" time="0.018" />
  <testcase classname="ptolemy.util.test.junit.AutoTests" name="[18] /home/travis/build/icyphy/ptII/ptolemy/actor/lib/test/auto/ArrayExtract.xml (RunModel)" time="0.062" />
  <testcase classname="ptolemy.util.test.junit.AutoTests" name="[19] /home/travis/build/icyphy/ptII/ptolemy/actor/lib/test/auto/ArrayExtract2.xml (RunModel)" time="0.018" />
  <testcase classname="ptolemy.util.test.junit.AutoTests" name="[20] /home/travis/build/icyphy/ptII/ptolemy/actor/lib/test/auto/ArrayLength.xml (RunModel)" time="0.032" />
  <testcase classname="ptolemy.util.test.junit.AutoTests" name="[21] /home/travis/build/icyphy/ptII/ptolemy/actor/lib/test/auto/ArrayLevelCrossing.xml (RunModel)" time="0.029" />
  <testcase classname="ptolemy.util.test.junit.AutoTests" name="[22] /home/travis/build/icyphy/ptII/ptolemy/actor/lib/test/auto/ArrayLevelCrossing2.xml (RunModel)" time="0.024" />
  <testcase classname="ptolemy.util.test.junit.AutoTests" name="[23] /home/travis/build/icyphy/ptII/ptolemy/actor/lib/test/auto/ArrayPeakSearch.xml (RunModel)" time="0.041" />
  <testcase classname="ptolemy.util.test.junit.AutoTests" name="[24] /home/travis/build/icyphy/ptII/ptolemy/actor/lib/test/auto/ArrayPeakSearch2.xml (RunModel)" time="0.038" />
  <testcase classname="ptolemy.util.test.junit.AutoTests" name="[25] /home/travis/build/icyphy/ptII/ptolemy/actor/lib/test/auto/ArrayPeakSearch3.xml (RunModel)" time="0.032" />
  <testcase classname="ptolemy.util.test.junit.AutoTests" name="[26] /home/travis/build/icyphy/ptII/ptolemy/actor/lib/test/auto/ArrayRemoveElement.xml (RunModel)" time="0.027" />
  <testcase classname="ptolemy.util.test.junit.AutoTests" name="[27] /home/travis/build/icyphy/ptII/ptolemy/actor/lib/test/auto/ArraySort.xml (RunModel)" time="0.03" />
  <testcase classname="ptolemy.util.test.junit.AutoTests" name="[28] /home/travis/build/icyphy/ptII/ptolemy/actor/lib/test/auto/ArraySum.xml (RunModel)" time="0.017" />
  <testcase classname="ptolemy.util.test.junit.AutoTests" name="[29] /home/travis/build/icyphy/ptII/ptolemy/actor/lib/test/auto/ArrayToElements.xml (RunModel)" time="0.024" />
  <testcase classname="ptolemy.util.test.junit.AutoTests" name="[30] /home/travis/build/icyphy/ptII/ptolemy/actor/lib/test/auto/ArrayToMatrix.xml (RunModel)" time="0.054" />
  <testcase classname="ptolemy.util.test.junit.AutoTests" name="[31] /home/travis/build/icyphy/ptII/ptolemy/actor/lib/test/auto/ArrayUpdate1.xml (RunModel)" time="0.032" />
  <testcase classname="ptolemy.util.test.junit.AutoTests" name="[32] /home/travis/build/icyphy/ptII/ptolemy/actor/lib/test/auto/ArrayUpdate2.xml (RunModel)" time="0.027" />
  <testcase classname="ptolemy.util.test.junit.AutoTests" name="[33] /home/travis/build/icyphy/ptII/ptolemy/actor/lib/test/auto/ArrayUpdate3.xml (RunModel)" time="0.018" />
  <testcase classname="ptolemy.util.test.junit.AutoTests" name="[34] /home/travis/build/icyphy/ptII/ptolemy/actor/lib/test/auto/Assert1.xml (RunModel)" time="0.021" />
  <testcase classname="ptolemy.util.test.junit.AutoTests" name="[35] /home/travis/build/icyphy/ptII/ptolemy/actor/lib/test/auto/Assert2.xml (RunModel)" time="0.01" />
  <testcase classname="ptolemy.util.test.junit.AutoTests" name="[36] /home/travis/build/icyphy/ptII/ptolemy/actor/lib/test/auto/BooleanMultiplexor.xml (RunModel)" time="0.015" />
  <testcase classname="ptolemy.util.test.junit.AutoTests" name="[37] /home/travis/build/icyphy/ptII/ptolemy/actor/lib/test/auto/BooleanMultiplexor2.xml (RunModel)" time="0.026" />
  <testcase classname="ptolemy.util.test.junit.AutoTests" name="[38] /home/travis/build/icyphy/ptII/ptolemy/actor/lib/test/auto/BooleanMultiplexor3.xml (RunModel)" time="0.021" />
  <testcase classname="ptolemy.util.test.junit.AutoTests" name="[39] /home/travis/build/icyphy/ptII/ptolemy/actor/lib/test/auto/BooleanSelect.xml (RunModel)" time="0.026" />
  <testcase classname="ptolemy.util.test.junit.AutoTests" name="[40] /home/travis/build/icyphy/ptII/ptolemy/actor/lib/test/auto/BooleanSelect2.xml (RunModel)" time="0.016" />
  <testcase classname="ptolemy.util.test.junit.AutoTests" name="[41] /home/travis/build/icyphy/ptII/ptolemy/actor/lib/test/auto/BooleanSwitch.xml (RunModel)" time="0.019" />
  <testcase classname="ptolemy.util.test.junit.AutoTests" name="[42] /home/travis/build/icyphy/ptII/ptolemy/actor/lib/test/auto/BooleanSwitch2.xml (RunModel)" time="0.013" />
  <testcase classname="ptolemy.util.test.junit.AutoTests" name="[43] /home/travis/build/icyphy/ptII/ptolemy/actor/lib/test/auto/BooleanSwitchCloningBugWithClassRelationGroup.xml (RunModel)" time="0.035" />
  <testcase classname="ptolemy.util.test.junit.AutoTests" name="[44] /home/travis/build/icyphy/ptII/ptolemy/actor/lib/test/auto/BusActors.xml (RunModel)" time="0.035" />
  <testcase classname="ptolemy.util.test.junit.AutoTests" name="[45] /home/travis/build/icyphy/ptII/ptolemy/actor/lib/test/auto/ClassWrapper.xml (RunModel)" time="0.02" />
  <testcase classname="ptolemy.util.test.junit.AutoTests" name="[46] /home/travis/build/icyphy/ptII/ptolemy/actor/lib/test/auto/Clock.xml (RunModel)" time="0.028" />
  <testcase classname="ptolemy.util.test.junit.AutoTests" name="[47] /home/travis/build/icyphy/ptII/ptolemy/actor/lib/test/auto/Clock10.xml (RunModel)" time="0.068" />
  <testcase classname="ptolemy.util.test.junit.AutoTests" name="[48] /home/travis/build/icyphy/ptII/ptolemy/actor/lib/test/auto/Clock11.xml (RunModel)" time="0.017" />
  <testcase classname="ptolemy.util.test.junit.AutoTests" name="[49] /home/travis/build/icyphy/ptII/ptolemy/actor/lib/test/auto/Clock12.xml (RunModel)" time="0.019" />
  <testcase classname="ptolemy.util.test.junit.AutoTests" name="[50] /home/travis/build/icyphy/ptII/ptolemy/actor/lib/test/auto/Clock13.xml (RunModel)" time="0.015" />
  <testcase classname="ptolemy.util.test.junit.AutoTests" name="[51] /home/travis/build/icyphy/ptII/ptolemy/actor/lib/test/auto/Clock14.xml (RunModel)" time="0.021" />
  <testcase classname="ptolemy.util.test.junit.AutoTests" name="[52] /home/travis/build/icyphy/ptII/ptolemy/actor/lib/test/auto/Clock15.xml (RunModel)" time="0.014" />
  <testcase classname="ptolemy.util.test.junit.AutoTests" name="[53] /home/travis/build/icyphy/ptII/ptolemy/actor/lib/test/auto/Clock16.xml (RunModel)" time="0.097" />
  <testcase classname="ptolemy.util.test.junit.AutoTests" name="[54] /home/travis/build/icyphy/ptII/ptolemy/actor/lib/test/auto/Clock17.xml (RunModel)" time="0.045" />
  <testcase classname="ptolemy.util.test.junit.AutoTests" name="[55] /home/travis/build/icyphy/ptII/ptolemy/actor/lib/test/auto/Clock18.xml (RunModel)" time="0.039" />
  <testcase classname="ptolemy.util.test.junit.AutoTests" name="[56] /home/travis/build/icyphy/ptII/ptolemy/actor/lib/test/auto/Clock19.xml (RunModel)" time="0.034" />
  <testcase classname="ptolemy.util.test.junit.AutoTests" name="[57] /home/travis/build/icyphy/ptII/ptolemy/actor/lib/test/auto/Clock2.xml (RunModel)" time="0.011" />
  <testcase classname="ptolemy.util.test.junit.AutoTests" name="[58] /home/travis/build/icyphy/ptII/ptolemy/actor/lib/test/auto/Clock20.xml (RunModel)" time="0.018" />
  <testcase classname="ptolemy.util.test.junit.AutoTests" name="[59] /home/travis/build/icyphy/ptII/ptolemy/actor/lib/test/auto/Clock21.xml (RunModel)" time="0.013" />
  <testcase classname="ptolemy.util.test.junit.AutoTests" name="[60] /home/travis/build/icyphy/ptII/ptolemy/actor/lib/test/auto/Clock22.xml (RunModel)" time="0.013" />
  <testcase classname="ptolemy.util.test.junit.AutoTests" name="[61] /home/travis/build/icyphy/ptII/ptolemy/actor/lib/test/auto/Clock23.xml (RunModel)" time="0.013" />
  <testcase classname="ptolemy.util.test.junit.AutoTests" name="[62] /home/travis/build/icyphy/ptII/ptolemy/actor/lib/test/auto/Clock24.xml (RunModel)" time="0.015" />
  <testcase classname="ptolemy.util.test.junit.AutoTests" name="[63] /home/travis/build/icyphy/ptII/ptolemy/actor/lib/test/auto/Clock4.xml (RunModel)" time="0.01" />
  <testcase classname="ptolemy.util.test.junit.AutoTests" name="[64] /home/travis/build/icyphy/ptII/ptolemy/actor/lib/test/auto/Clock5.xml (RunModel)" time="0.011" />
  <testcase classname="ptolemy.util.test.junit.AutoTests" name="[65] /home/travis/build/icyphy/ptII/ptolemy/actor/lib/test/auto/Clock6.xml (RunModel)" time="0.008" />
  <testcase classname="ptolemy.util.test.junit.AutoTests" name="[66] /home/travis/build/icyphy/ptII/ptolemy/actor/lib/test/auto/Clock7.xml (RunModel)" time="0.01" />
  <testcase classname="ptolemy.util.test.junit.AutoTests" name="[67] /home/travis/build/icyphy/ptII/ptolemy/actor/lib/test/auto/Clock8.xml (RunModel)" time="0.013" />
  <testcase classname="ptolemy.util.test.junit.AutoTests" name="[68] /home/travis/build/icyphy/ptII/ptolemy/actor/lib/test/auto/Clock9.xml (RunModel)" time="0.013" />
  <testcase classname="ptolemy.util.test.junit.AutoTests" name="[69] /home/travis/build/icyphy/ptII/ptolemy/actor/lib/test/auto/CommDistDiscard.xml (RunModel)" time="0.022" />
  <testcase classname="ptolemy.util.test.junit.AutoTests" name="[70] /home/travis/build/icyphy/ptII/ptolemy/actor/lib/test/auto/Commutator.xml (RunModel)" time="0.012" />
  <testcase classname="ptolemy.util.test.junit.AutoTests" name="[71] /home/travis/build/icyphy/ptII/ptolemy/actor/lib/test/auto/Commutator2.xml (RunModel)" time="0.01" />
  <testcase classname="ptolemy.util.test.junit.AutoTests" name="[72] /home/travis/build/icyphy/ptII/ptolemy/actor/lib/test/auto/Commutator3.xml (RunModel)" time="0.011" />
  <testcase classname="ptolemy.util.test.junit.AutoTests" name="[73] /home/travis/build/icyphy/ptII/ptolemy/actor/lib/test/auto/Compare.xml (RunModel)" time="0.02" />
  <testcase classname="ptolemy.util.test.junit.AutoTests" name="[74] /home/travis/build/icyphy/ptII/ptolemy/actor/lib/test/auto/CompareDE.xml (RunModel)" time="0.019" />
  <testcase classname="ptolemy.util.test.junit.AutoTests" name="[75] /home/travis/build/icyphy/ptII/ptolemy/actor/lib/test/auto/ComplexDivide.xml (RunModel)" time="0.009" />
  <testcase classname="ptolemy.util.test.junit.AutoTests" name="[76] /home/travis/build/icyphy/ptII/ptolemy/actor/lib/test/auto/ComputeHistogram.xml (RunModel)" time="0.064" />
  <testcase classname="ptolemy.util.test.junit.AutoTests" name="[77] /home/travis/build/icyphy/ptII/ptolemy/actor/lib/test/auto/ConfigurationSelect.xml (RunModel)" time="0.032" />
  <testcase classname="ptolemy.util.test.junit.AutoTests" name="[78] /home/travis/build/icyphy/ptII/ptolemy/actor/lib/test/auto/ConfigurationSelect2.xml (RunModel)" time="0.018" />
  <testcase classname="ptolemy.util.test.junit.AutoTests" name="[79] /home/travis/build/icyphy/ptII/ptolemy/actor/lib/test/auto/ConfigurationSwitch.xml (RunModel)" time="0.024" />
  <testcase classname="ptolemy.util.test.junit.AutoTests" name="[80] /home/travis/build/icyphy/ptII/ptolemy/actor/lib/test/auto/ConfigurationSwitch2.xml (RunModel)" time="0.024" />
  <testcase classname="ptolemy.util.test.junit.AutoTests" name="[81] /home/travis/build/icyphy/ptII/ptolemy/actor/lib/test/auto/ConfigurationSwitchCloningBugWithClassRelationGroup.xml (RunModel)" time="0.022" />
  <testcase classname="ptolemy.util.test.junit.AutoTests" name="[82] /home/travis/build/icyphy/ptII/ptolemy/actor/lib/test/auto/ConfigurationSwitchSelectSDF.xml (RunModel)" time="0.016" />
  <testcase classname="ptolemy.util.test.junit.AutoTests" name="[83] /home/travis/build/icyphy/ptII/ptolemy/actor/lib/test/auto/ConfigurationSwitchSelectSDF2.xml (RunModel)" time="0.021" />
  <testcase classname="ptolemy.util.test.junit.AutoTests" name="[84] /home/travis/build/icyphy/ptII/ptolemy/actor/lib/test/auto/Const.xml (RunModel)" time="0.009" />
  <testcase classname="ptolemy.util.test.junit.AutoTests" name="[85] /home/travis/build/icyphy/ptII/ptolemy/actor/lib/test/auto/Const2.xml (RunModel)" time="0.012" />
  <testcase classname="ptolemy.util.test.junit.AutoTests" name="[86] /home/travis/build/icyphy/ptII/ptolemy/actor/lib/test/auto/Const3.xml (RunModel)" time="0.008" />
  <testcase classname="ptolemy.util.test.junit.AutoTests" name="[87] /home/travis/build/icyphy/ptII/ptolemy/actor/lib/test/auto/ConstantPublisherPort1.xml (RunModel)" time="0.027" />
  <testcase classname="ptolemy.util.test.junit.AutoTests" name="[88] /home/travis/build/icyphy/ptII/ptolemy/actor/lib/test/auto/ConstantPublisherPort2.xml (RunModel)" time="0.031" />
  <testcase classname="ptolemy.util.test.junit.AutoTests" name="[89] /home/travis/build/icyphy/ptII/ptolemy/actor/lib/test/auto/ConstantPublisherPort3.xml (RunModel)" time="0.034" />
  <testcase classname="ptolemy.util.test.junit.AutoTests" name="[90] /home/travis/build/icyphy/ptII/ptolemy/actor/lib/test/auto/ConstantPublisherPort4.xml (RunModel)" time="0.017" />
  <testcase classname="ptolemy.util.test.junit.AutoTests" name="[91] /home/travis/build/icyphy/ptII/ptolemy/actor/lib/test/auto/ConstantPublisherPort5.xml (RunModel)" time="0.046" />
  <testcase classname="ptolemy.util.test.junit.AutoTests" name="[92] /home/travis/build/icyphy/ptII/ptolemy/actor/lib/test/auto/ConstantPublisherPort6.xml (RunModel)" time="0.035" />
  <testcase classname="ptolemy.util.test.junit.AutoTests" name="[93] /home/travis/build/icyphy/ptII/ptolemy/actor/lib/test/auto/ConstantPublisherPort7.xml (RunModel)" time="0.037" />
  <testcase classname="ptolemy.util.test.junit.AutoTests" name="[94] /home/travis/build/icyphy/ptII/ptolemy/actor/lib/test/auto/ConstraintMonitor1.xml (RunModel)" time="0.044" />
  <testcase classname="ptolemy.util.test.junit.AutoTests" name="[95] /home/travis/build/icyphy/ptII/ptolemy/actor/lib/test/auto/ConstraintMonitor2.xml (RunModel)" time="0.016" />
  <testcase classname="ptolemy.util.test.junit.AutoTests" name="[96] /home/travis/build/icyphy/ptII/ptolemy/actor/lib/test/auto/ConstraintMonitor3.xml (RunModel)" time="0.016" />
  <testcase classname="ptolemy.util.test.junit.AutoTests" name="[97] /home/travis/build/icyphy/ptII/ptolemy/actor/lib/test/auto/ConstraintMonitor4.xml (RunModel)" time="0.02" />
  <testcase classname="ptolemy.util.test.junit.AutoTests" name="[98] /home/travis/build/icyphy/ptII/ptolemy/actor/lib/test/auto/ConstraintMonitor5.xml (RunModel)" time="0.017" />
  <testcase classname="ptolemy.util.test.junit.AutoTests" name="[99] /home/travis/build/icyphy/ptII/ptolemy/actor/lib/test/auto/ConstraintMonitor6.xml (RunModel)" time="0.018" />
  <testcase classname="ptolemy.util.test.junit.AutoTests" name="[100] /home/travis/build/icyphy/ptII/ptolemy/actor/lib/test/auto/ConstraintMonitor7.xml (RunModel)" time="0.018" />
  <testcase classname="ptolemy.util.test.junit.AutoTests" name="[101] /home/travis/build/icyphy/ptII/ptolemy/actor/lib/test/auto/ConstraintMonitor8.xml (RunModel)" time="0.02" />
  <testcase classname="ptolemy.util.test.junit.AutoTests" name="[102] /home/travis/build/icyphy/ptII/ptolemy/actor/lib/test/auto/Counter.xml (RunModel)" time="0.018" />
  <testcase classname="ptolemy.util.test.junit.AutoTests" name="[103] /home/travis/build/icyphy/ptII/ptolemy/actor/lib/test/auto/CurrentTimeSDF.xml (RunModel)" time="0.013" />
  <testcase classname="ptolemy.util.test.junit.AutoTests" name="[104] /home/travis/build/icyphy/ptII/ptolemy/actor/lib/test/auto/DB.xml (RunModel)" time="0.015" />
  <testcase classname="ptolemy.util.test.junit.AutoTests" name="[105] /home/travis/build/icyphy/ptII/ptolemy/actor/lib/test/auto/DBDE.xml (RunModel)" time="0.016" />
  <testcase classname="ptolemy.util.test.junit.AutoTests" name="[106] /home/travis/build/icyphy/ptII/ptolemy/actor/lib/test/auto/DateConstructor.xml (RunModel)" time="0.082" />
  <testcase classname="ptolemy.util.test.junit.AutoTests" name="[107] /home/travis/build/icyphy/ptII/ptolemy/actor/lib/test/auto/DelayTime.xml (RunModel)" time="0.017" />
  <testcase classname="ptolemy.util.test.junit.AutoTests" name="[108] /home/travis/build/icyphy/ptII/ptolemy/actor/lib/test/auto/Dictionary1.xml (RunModel)" time="0.018" />
  <testcase classname="ptolemy.util.test.junit.AutoTests" name="[109] /home/travis/build/icyphy/ptII/ptolemy/actor/lib/test/auto/Dictionary2.xml (RunModel)" time="0.026" />
  <testcase classname="ptolemy.util.test.junit.AutoTests" name="[110] /home/travis/build/icyphy/ptII/ptolemy/actor/lib/test/auto/Dictionary3.xml (RunModel)" time="0.021" />
  <testcase classname="ptolemy.util.test.junit.AutoTests" name="[111] /home/travis/build/icyphy/ptII/ptolemy/actor/lib/test/auto/Dictionary4.xml (RunModel)" time="0.021" />
  <testcase classname="ptolemy.util.test.junit.AutoTests" name="[112] /home/travis/build/icyphy/ptII/ptolemy/actor/lib/test/auto/Differential.xml (RunModel)" time="0.013" />
  <testcase classname="ptolemy.util.test.junit.AutoTests" name="[113] /home/travis/build/icyphy/ptII/ptolemy/actor/lib/test/auto/Director.xml (RunModel)" time="0.014" />
  <testcase classname="ptolemy.util.test.junit.AutoTests" name="[114] /home/travis/build/icyphy/ptII/ptolemy/actor/lib/test/auto/DiscreteClock.xml (RunModel)" time="0.009" />
  <testcase classname="ptolemy.util.test.junit.AutoTests" name="[115] /home/travis/build/icyphy/ptII/ptolemy/actor/lib/test/auto/DiscreteClock10.xml (RunModel)" time="0.013" />
  <testcase classname="ptolemy.util.test.junit.AutoTests" name="[116] /home/travis/build/icyphy/ptII/ptolemy/actor/lib/test/auto/DiscreteClock11.xml (RunModel)" time="0.016" />
  <testcase classname="ptolemy.util.test.junit.AutoTests" name="[117] /home/travis/build/icyphy/ptII/ptolemy/actor/lib/test/auto/DiscreteClock12.xml (RunModel)" time="0.016" />
  <testcase classname="ptolemy.util.test.junit.AutoTests" name="[118] /home/travis/build/icyphy/ptII/ptolemy/actor/lib/test/auto/DiscreteClock13.xml (RunModel)" time="0.014" />
  <testcase classname="ptolemy.util.test.junit.AutoTests" name="[119] /home/travis/build/icyphy/ptII/ptolemy/actor/lib/test/auto/DiscreteClock14.xml (RunModel)" time="0.021" />
  <testcase classname="ptolemy.util.test.junit.AutoTests" name="[120] /home/travis/build/icyphy/ptII/ptolemy/actor/lib/test/auto/DiscreteClock15.xml (RunModel)" time="0.016" />
  <testcase classname="ptolemy.util.test.junit.AutoTests" name="[121] /home/travis/build/icyphy/ptII/ptolemy/actor/lib/test/auto/DiscreteClock16.xml (RunModel)" time="0.047" />
  <testcase classname="ptolemy.util.test.junit.AutoTests" name="[122] /home/travis/build/icyphy/ptII/ptolemy/actor/lib/test/auto/DiscreteClock17.xml (RunModel)" time="0.044" />
  <testcase classname="ptolemy.util.test.junit.AutoTests" name="[123] /home/travis/build/icyphy/ptII/ptolemy/actor/lib/test/auto/DiscreteClock18.xml (RunModel)" time="0.05" />
  <testcase classname="ptolemy.util.test.junit.AutoTests" name="[124] /home/travis/build/icyphy/ptII/ptolemy/actor/lib/test/auto/DiscreteClock19.xml (RunModel)" time="0.056" />
  <testcase classname="ptolemy.util.test.junit.AutoTests" name="[125] /home/travis/build/icyphy/ptII/ptolemy/actor/lib/test/auto/DiscreteClock2.xml (RunModel)" time="0.013" />
  <testcase classname="ptolemy.util.test.junit.AutoTests" name="[126] /home/travis/build/icyphy/ptII/ptolemy/actor/lib/test/auto/DiscreteClock20.xml (RunModel)" time="0.023" />
  <testcase classname="ptolemy.util.test.junit.AutoTests" name="[127] /home/travis/build/icyphy/ptII/ptolemy/actor/lib/test/auto/DiscreteClock21.xml (RunModel)" time="0.018" />
  <testcase classname="ptolemy.util.test.junit.AutoTests" name="[128] /home/travis/build/icyphy/ptII/ptolemy/actor/lib/test/auto/DiscreteClock22.xml (RunModel)" time="0.024" />
  <testcase classname="ptolemy.util.test.junit.AutoTests" name="[129] /home/travis/build/icyphy/ptII/ptolemy/actor/lib/test/auto/DiscreteClock23.xml (RunModel)" time="0.021" />
  <testcase classname="ptolemy.util.test.junit.AutoTests" name="[130] /home/travis/build/icyphy/ptII/ptolemy/actor/lib/test/auto/DiscreteClock24.xml (RunModel)" time="0.013" />
  <testcase classname="ptolemy.util.test.junit.AutoTests" name="[131] /home/travis/build/icyphy/ptII/ptolemy/actor/lib/test/auto/DiscreteClock4.xml (RunModel)" time="0.014" />
  <testcase classname="ptolemy.util.test.junit.AutoTests" name="[132] /home/travis/build/icyphy/ptII/ptolemy/actor/lib/test/auto/DiscreteClock5.xml (RunModel)" time="0.009" />
  <testcase classname="ptolemy.util.test.junit.AutoTests" name="[133] /home/travis/build/icyphy/ptII/ptolemy/actor/lib/test/auto/DiscreteClock6.xml (RunModel)" time="0.008" />
  <testcase classname="ptolemy.util.test.junit.AutoTests" name="[134] /home/travis/build/icyphy/ptII/ptolemy/actor/lib/test/auto/DiscreteClock7.xml (RunModel)" time="0.012" />
  <testcase classname="ptolemy.util.test.junit.AutoTests" name="[135] /home/travis/build/icyphy/ptII/ptolemy/actor/lib/test/auto/DiscreteClock8.xml (RunModel)" time="0.021" />
  <testcase classname="ptolemy.util.test.junit.AutoTests" name="[136] /home/travis/build/icyphy/ptII/ptolemy/actor/lib/test/auto/DiscreteClock9.xml (RunModel)" time="0.013" />
  <testcase classname="ptolemy.util.test.junit.AutoTests" name="[137] /home/travis/build/icyphy/ptII/ptolemy/actor/lib/test/auto/DisplayArray.xml (RunModel)" time="0.009" />
  <testcase classname="ptolemy.util.test.junit.AutoTests" name="[138] /home/travis/build/icyphy/ptII/ptolemy/actor/lib/test/auto/Distributor.xml (RunModel)" time="0.009" />
  <testcase classname="ptolemy.util.test.junit.AutoTests" name="[139] /home/travis/build/icyphy/ptII/ptolemy/actor/lib/test/auto/Distributor2.xml (RunModel)" time="0.036" />
  <testcase classname="ptolemy.util.test.junit.AutoTests" name="[140] /home/travis/build/icyphy/ptII/ptolemy/actor/lib/test/auto/DownSample.xml (RunModel)" time="0.026" />
  <testcase classname="ptolemy.util.test.junit.AutoTests" name="[141] /home/travis/build/icyphy/ptII/ptolemy/actor/lib/test/auto/ElectronicUnitBase1.xml (RunModel)" time="0.057" />
  <testcase classname="ptolemy.util.test.junit.AutoTests" name="[142] /home/travis/build/icyphy/ptII/ptolemy/actor/lib/test/auto/ElementsToArray.xml (RunModel)" time="0.013" />
  <testcase classname="ptolemy.util.test.junit.AutoTests" name="[143] /home/travis/build/icyphy/ptII/ptolemy/actor/lib/test/auto/Equals.xml (RunModel)" time="0.011" />
  <testcase classname="ptolemy.util.test.junit.AutoTests" name="[144] /home/travis/build/icyphy/ptII/ptolemy/actor/lib/test/auto/Exec.xml (RunModel)" time="0.031" />
  <testcase classname="ptolemy.util.test.junit.AutoTests" name="[145] /home/travis/build/icyphy/ptII/ptolemy/actor/lib/test/auto/ExecEnvironment.xml (RunModel)" time="0.032" />
  <testcase classname="ptolemy.util.test.junit.AutoTests" name="[146] /home/travis/build/icyphy/ptII/ptolemy/actor/lib/test/auto/ExecNonZeroReturnOutput.xml (RunModel)" time="0.191" />
  <testcase classname="ptolemy.util.test.junit.AutoTests" name="[147] /home/travis/build/icyphy/ptII/ptolemy/actor/lib/test/auto/ExecRunDemos.xml (RunModel)" time="10.252" />
  <testcase classname="ptolemy.util.test.junit.AutoTests" name="[148] /home/travis/build/icyphy/ptII/ptolemy/actor/lib/test/auto/ExecStop.xml (RunModel)" time="5.032" />
  <testcase classname="ptolemy.util.test.junit.AutoTests" name="[149] /home/travis/build/icyphy/ptII/ptolemy/actor/lib/test/auto/ExecutionTimeSDF.xml (RunModel)" time="6.032" />
  <testcase classname="ptolemy.util.test.junit.AutoTests" name="[150] /home/travis/build/icyphy/ptII/ptolemy/actor/lib/test/auto/Expression1.xml (RunModel)" time="0.016" />
  <testcase classname="ptolemy.util.test.junit.AutoTests" name="[151] /home/travis/build/icyphy/ptII/ptolemy/actor/lib/test/auto/Expression10.xml (RunModel)" time="0.016" />
  <testcase classname="ptolemy.util.test.junit.AutoTests" name="[152] /home/travis/build/icyphy/ptII/ptolemy/actor/lib/test/auto/Expression11.xml (RunModel)" time="0.01" />
  <testcase classname="ptolemy.util.test.junit.AutoTests" name="[153] /home/travis/build/icyphy/ptII/ptolemy/actor/lib/test/auto/Expression12.xml (RunModel)" time="0.015" />
  <testcase classname="ptolemy.util.test.junit.AutoTests" name="[154] /home/travis/build/icyphy/ptII/ptolemy/actor/lib/test/auto/Expression13.xml (RunModel)" time="0.011" />
  <testcase classname="ptolemy.util.test.junit.AutoTests" name="[155] /home/travis/build/icyphy/ptII/ptolemy/actor/lib/test/auto/Expression14.xml (RunModel)" time="0.02" />
  <testcase classname="ptolemy.util.test.junit.AutoTests" name="[156] /home/travis/build/icyphy/ptII/ptolemy/actor/lib/test/auto/Expression15.xml (RunModel)" time="0.008" />
  <testcase classname="ptolemy.util.test.junit.AutoTests" name="[157] /home/travis/build/icyphy/ptII/ptolemy/actor/lib/test/auto/Expression16.xml (RunModel)" time="0.011" />
  <testcase classname="ptolemy.util.test.junit.AutoTests" name="[158] /home/travis/build/icyphy/ptII/ptolemy/actor/lib/test/auto/Expression17.xml (RunModel)" time="0.011" />
  <testcase classname="ptolemy.util.test.junit.AutoTests" name="[159] /home/travis/build/icyphy/ptII/ptolemy/actor/lib/test/auto/Expression18.xml (RunModel)" time="0.013" />
  <testcase classname="ptolemy.util.test.junit.AutoTests" name="[160] /home/travis/build/icyphy/ptII/ptolemy/actor/lib/test/auto/Expression2.xml (RunModel)" time="0.013" />
  <testcase classname="ptolemy.util.test.junit.AutoTests" name="[161] /home/travis/build/icyphy/ptII/ptolemy/actor/lib/test/auto/Expression3.xml (RunModel)" time="0.013" />
  <testcase classname="ptolemy.util.test.junit.AutoTests" name="[162] /home/travis/build/icyphy/ptII/ptolemy/actor/lib/test/auto/Expression4.xml (RunModel)" time="0.017" />
  <testcase classname="ptolemy.util.test.junit.AutoTests" name="[163] /home/travis/build/icyphy/ptII/ptolemy/actor/lib/test/auto/Expression5.xml (RunModel)" time="0.013" />
  <testcase classname="ptolemy.util.test.junit.AutoTests" name="[164] /home/travis/build/icyphy/ptII/ptolemy/actor/lib/test/auto/Expression6.xml (RunModel)" time="0.009" />
  <testcase classname="ptolemy.util.test.junit.AutoTests" name="[165] /home/travis/build/icyphy/ptII/ptolemy/actor/lib/test/auto/Expression7.xml (RunModel)" time="0.012" />
  <testcase classname="ptolemy.util.test.junit.AutoTests" name="[166] /home/travis/build/icyphy/ptII/ptolemy/actor/lib/test/auto/Expression8.xml (RunModel)" time="0.016" />
  <testcase classname="ptolemy.util.test.junit.AutoTests" name="[167] /home/travis/build/icyphy/ptII/ptolemy/actor/lib/test/auto/Expression9.xml (RunModel)" time="0.008" />
  <testcase classname="ptolemy.util.test.junit.AutoTests" name="[168] /home/travis/build/icyphy/ptII/ptolemy/actor/lib/test/auto/ExpressionConcatenateArrayType.xml (RunModel)" time="0.028" />
  <testcase classname="ptolemy.util.test.junit.AutoTests" name="[169] /home/travis/build/icyphy/ptII/ptolemy/actor/lib/test/auto/ExpressionConcatenateArrayType2.xml (RunModel)" time="0.022" />
  <testcase classname="ptolemy.util.test.junit.AutoTests" name="[170] /home/travis/build/icyphy/ptII/ptolemy/actor/lib/test/auto/ExpressionFix.xml (RunModel)" time="0.048" />
  <testcase classname="ptolemy.util.test.junit.AutoTests" name="[171] /home/travis/build/icyphy/ptII/ptolemy/actor/lib/test/auto/ExpressionFix2.xml (RunModel)" time="0.014" />
  <testcase classname="ptolemy.util.test.junit.AutoTests" name="[172] /home/travis/build/icyphy/ptII/ptolemy/actor/lib/test/auto/ExpressionFix3.xml (RunModel)" time="0.017" />
  <testcase classname="ptolemy.util.test.junit.AutoTests" name="[173] /home/travis/build/icyphy/ptII/ptolemy/actor/lib/test/auto/FileWriter1.xml (RunModel)" time="0.014" />
  <testcase classname="ptolemy.util.test.junit.AutoTests" name="[174] /home/travis/build/icyphy/ptII/ptolemy/actor/lib/test/auto/FileWriter2.xml (RunModel)" time="0.013" />
  <testcase classname="ptolemy.util.test.junit.AutoTests" name="[175] /home/travis/build/icyphy/ptII/ptolemy/actor/lib/test/auto/FileWriter3.xml (RunModel)" time="0.014" />
  <testcase classname="ptolemy.util.test.junit.AutoTests" name="[176] /home/travis/build/icyphy/ptII/ptolemy/actor/lib/test/auto/Gaussian.xml (RunModel)" time="0.016" />
  <testcase classname="ptolemy.util.test.junit.AutoTests" name="[177] /home/travis/build/icyphy/ptII/ptolemy/actor/lib/test/auto/Gaussian1.xml (RunModel)" time="0.022" />
  <testcase classname="ptolemy.util.test.junit.AutoTests" name="[178] /home/travis/build/icyphy/ptII/ptolemy/actor/lib/test/auto/Gaussian2.xml (RunModel)" time="0.023" />
  <testcase classname="ptolemy.util.test.junit.AutoTests" name="[179] /home/travis/build/icyphy/ptII/ptolemy/actor/lib/test/auto/GradientAdaptiveLattice.xml (RunModel)" time="0.017" />
  <testcase classname="ptolemy.util.test.junit.AutoTests" name="[180] /home/travis/build/icyphy/ptII/ptolemy/actor/lib/test/auto/IIR.xml (RunModel)" time="0.011" />
  <testcase classname="ptolemy.util.test.junit.AutoTests" name="[181] /home/travis/build/icyphy/ptII/ptolemy/actor/lib/test/auto/InputOutputTransparentPorts.xml (RunModel)" time="0.054" />
  <testcase classname="ptolemy.util.test.junit.AutoTests" name="[182] /home/travis/build/icyphy/ptII/ptolemy/actor/lib/test/auto/Interpolator.xml (RunModel)" time="0.016" />
  <testcase classname="ptolemy.util.test.junit.AutoTests" name="[183] /home/travis/build/icyphy/ptII/ptolemy/actor/lib/test/auto/InterpolatorFiringLimitDE.xml (RunModel)" time="0.017" />
  <testcase classname="ptolemy.util.test.junit.AutoTests" name="[184] /home/travis/build/icyphy/ptII/ptolemy/actor/lib/test/auto/Lattice.xml (RunModel)" time="0.009" />
  <testcase classname="ptolemy.util.test.junit.AutoTests" name="[185] /home/travis/build/icyphy/ptII/ptolemy/actor/lib/test/auto/LazyAOCTestLazy.xml (RunModel)" time="0.031" />
  <testcase classname="ptolemy.util.test.junit.AutoTests" name="[186] /home/travis/build/icyphy/ptII/ptolemy/actor/lib/test/auto/LazyAOCTestNonLazy.xml (RunModel)" time="0.057" />
  <testcase classname="ptolemy.util.test.junit.AutoTests" name="[187] /home/travis/build/icyphy/ptII/ptolemy/actor/lib/test/auto/LazyInnerClass.xml (RunModel)" time="0.033" />
  <testcase classname="ptolemy.util.test.junit.AutoTests" name="[188] /home/travis/build/icyphy/ptII/ptolemy/actor/lib/test/auto/LazyPubSub.xml (RunModel)" time="0.026" />
  <testcase classname="ptolemy.util.test.junit.AutoTests" name="[189] /home/travis/build/icyphy/ptII/ptolemy/actor/lib/test/auto/LazyPubSub2.xml (RunModel)" time="0.034" />
  <testcase classname="ptolemy.util.test.junit.AutoTests" name="[190] /home/travis/build/icyphy/ptII/ptolemy/actor/lib/test/auto/LazyPubSub3.xml (RunModel)" time="0.052" />
  <testcase classname="ptolemy.util.test.junit.AutoTests" name="[191] /home/travis/build/icyphy/ptII/ptolemy/actor/lib/test/auto/LazySubClassModel.xml (RunModel)" time="0.031" />
  <testcase classname="ptolemy.util.test.junit.AutoTests" name="[192] /home/travis/build/icyphy/ptII/ptolemy/actor/lib/test/auto/LevelCrossTest1.xml (RunModel)" time="0.011" />
  <testcase classname="ptolemy.util.test.junit.AutoTests" name="[193] /home/travis/build/icyphy/ptII/ptolemy/actor/lib/test/auto/LevelCrossTest10.xml (RunModel)" time="0.014" />
  <testcase classname="ptolemy.util.test.junit.AutoTests" name="[194] /home/travis/build/icyphy/ptII/ptolemy/actor/lib/test/auto/LevelCrossTest11.xml (RunModel)" time="0.015" />
  <testcase classname="ptolemy.util.test.junit.AutoTests" name="[195] /home/travis/build/icyphy/ptII/ptolemy/actor/lib/test/auto/LevelCrossTest12.xml (RunModel)" time="0.019" />
  <testcase classname="ptolemy.util.test.junit.AutoTests" name="[196] /home/travis/build/icyphy/ptII/ptolemy/actor/lib/test/auto/LevelCrossTest13.xml (RunModel)" time="0.015" />
  <testcase classname="ptolemy.util.test.junit.AutoTests" name="[197] /home/travis/build/icyphy/ptII/ptolemy/actor/lib/test/auto/LevelCrossTest2.xml (RunModel)" time="0.01" />
  <testcase classname="ptolemy.util.test.junit.AutoTests" name="[198] /home/travis/build/icyphy/ptII/ptolemy/actor/lib/test/auto/LevelCrossTest3.xml (RunModel)" time="0.013" />
  <testcase classname="ptolemy.util.test.junit.AutoTests" name="[199] /home/travis/build/icyphy/ptII/ptolemy/actor/lib/test/auto/LevelCrossTest4.xml (RunModel)" time="0.011" />
  <testcase classname="ptolemy.util.test.junit.AutoTests" name="[200] /home/travis/build/icyphy/ptII/ptolemy/actor/lib/test/auto/LevelCrossTest5.xml (RunModel)" time="0.011" />
  <testcase classname="ptolemy.util.test.junit.AutoTests" name="[201] /home/travis/build/icyphy/ptII/ptolemy/actor/lib/test/auto/LevelCrossTest6.xml (RunModel)" time="0.013" />
  <testcase classname="ptolemy.util.test.junit.AutoTests" name="[202] /home/travis/build/icyphy/ptII/ptolemy/actor/lib/test/auto/LevelCrossTest7.xml (RunModel)" time="0.021" />
  <testcase classname="ptolemy.util.test.junit.AutoTests" name="[203] /home/travis/build/icyphy/ptII/ptolemy/actor/lib/test/auto/LevelCrossTest8.xml (RunModel)" time="0.014" />
  <testcase classname="ptolemy.util.test.junit.AutoTests" name="[204] /home/travis/build/icyphy/ptII/ptolemy/actor/lib/test/auto/LevelCrossTest9.xml (RunModel)" time="0.013" />
  <testcase classname="ptolemy.util.test.junit.AutoTests" name="[205] /home/travis/build/icyphy/ptII/ptolemy/actor/lib/test/auto/LevinsonDurbin.xml (RunModel)" time="0.018" />
  <testcase classname="ptolemy.util.test.junit.AutoTests" name="[206] /home/travis/build/icyphy/ptII/ptolemy/actor/lib/test/auto/LevinsonDurbin2.xml (RunModel)" time="0.019" />
  <testcase classname="ptolemy.util.test.junit.AutoTests" name="[207] /home/travis/build/icyphy/ptII/ptolemy/actor/lib/test/auto/LevinsonDurbin3.xml (RunModel)" time="0.01" />
  <testcase classname="ptolemy.util.test.junit.AutoTests" name="[208] /home/travis/build/icyphy/ptII/ptolemy/actor/lib/test/auto/Limiter.xml (RunModel)" time="0.045" />
  <testcase classname="ptolemy.util.test.junit.AutoTests" name="[209] /home/travis/build/icyphy/ptII/ptolemy/actor/lib/test/auto/LinearDifferenceEquationSystem.xml (RunModel)" time="0.022" />
  <testcase classname="ptolemy.util.test.junit.AutoTests" name="[210] /home/travis/build/icyphy/ptII/ptolemy/actor/lib/test/auto/LookupTable.xml (RunModel)" time="0.012" />
  <testcase classname="ptolemy.util.test.junit.AutoTests" name="[211] /home/travis/build/icyphy/ptII/ptolemy/actor/lib/test/auto/MathFunction.xml (RunModel)" time="0.02" />
  <testcase classname="ptolemy.util.test.junit.AutoTests" name="[212] /home/travis/build/icyphy/ptII/ptolemy/actor/lib/test/auto/MathFunction2.xml (RunModel)" time="0.011" />
  <testcase classname="ptolemy.util.test.junit.AutoTests" name="[213] /home/travis/build/icyphy/ptII/ptolemy/actor/lib/test/auto/MathFunction3.xml (RunModel)" time="0.02" />
  <testcase classname="ptolemy.util.test.junit.AutoTests" name="[214] /home/travis/build/icyphy/ptII/ptolemy/actor/lib/test/auto/MatrixCropBoolean.xml (RunModel)" time="0.014" />
  <testcase classname="ptolemy.util.test.junit.AutoTests" name="[215] /home/travis/build/icyphy/ptII/ptolemy/actor/lib/test/auto/MatrixCropComplex.xml (RunModel)" time="0.017" />
  <testcase classname="ptolemy.util.test.junit.AutoTests" name="[216] /home/travis/build/icyphy/ptII/ptolemy/actor/lib/test/auto/MatrixCropDouble.xml (RunModel)" time="0.009" />
  <testcase classname="ptolemy.util.test.junit.AutoTests" name="[217] /home/travis/build/icyphy/ptII/ptolemy/actor/lib/test/auto/MatrixCropFix.xml (RunModel)" time="0.013" />
  <testcase classname="ptolemy.util.test.junit.AutoTests" name="[218] /home/travis/build/icyphy/ptII/ptolemy/actor/lib/test/auto/MatrixCropInt.xml (RunModel)" time="0.01" />
  <testcase classname="ptolemy.util.test.junit.AutoTests" name="[219] /home/travis/build/icyphy/ptII/ptolemy/actor/lib/test/auto/MatrixCropLong.xml (RunModel)" time="0.01" />
  <testcase classname="ptolemy.util.test.junit.AutoTests" name="[220] /home/travis/build/icyphy/ptII/ptolemy/actor/lib/test/auto/MatrixToArray.xml (RunModel)" time="0.054" />
  <testcase classname="ptolemy.util.test.junit.AutoTests" name="[221] /home/travis/build/icyphy/ptII/ptolemy/actor/lib/test/auto/MaxIndex.xml (RunModel)" time="0.02" />
  <testcase classname="ptolemy.util.test.junit.AutoTests" name="[222] /home/travis/build/icyphy/ptII/ptolemy/actor/lib/test/auto/Maximum.xml (RunModel)" time="0.016" />
  <testcase classname="ptolemy.util.test.junit.AutoTests" name="[223] /home/travis/build/icyphy/ptII/ptolemy/actor/lib/test/auto/MaximumComplex.xml (RunModel)" time="0.016" />
  <testcase classname="ptolemy.util.test.junit.AutoTests" name="[224] /home/travis/build/icyphy/ptII/ptolemy/actor/lib/test/auto/MethodCallTest.xml (RunModel)" time="0.029" />
  <testcase classname="ptolemy.util.test.junit.AutoTests" name="[225] /home/travis/build/icyphy/ptII/ptolemy/actor/lib/test/auto/Minimum.xml (RunModel)" time="0.015" />
  <testcase classname="ptolemy.util.test.junit.AutoTests" name="[226] /home/travis/build/icyphy/ptII/ptolemy/actor/lib/test/auto/MinimumComplex.xml (RunModel)" time="0.028" />
  <testcase classname="ptolemy.util.test.junit.AutoTests" name="[227] /home/travis/build/icyphy/ptII/ptolemy/actor/lib/test/auto/MinimumMultiports.xml (RunModel)" time="0.017" />
  <testcase classname="ptolemy.util.test.junit.AutoTests" name="[228] /home/travis/build/icyphy/ptII/ptolemy/actor/lib/test/auto/ModifyDate.xml (RunModel)" time="0.044" />
  <testcase classname="ptolemy.util.test.junit.AutoTests" name="[229] /home/travis/build/icyphy/ptII/ptolemy/actor/lib/test/auto/ModifyDate2.xml (RunModel)" time="0.025" />
  <testcase classname="ptolemy.util.test.junit.AutoTests" name="[230] /home/travis/build/icyphy/ptII/ptolemy/actor/lib/test/auto/MovingAverage.xml (RunModel)" time="0.012" />
  <testcase classname="ptolemy.util.test.junit.AutoTests" name="[231] /home/travis/build/icyphy/ptII/ptolemy/actor/lib/test/auto/MovingMaximum.xml (RunModel)" time="0.013" />
  <testcase classname="ptolemy.util.test.junit.AutoTests" name="[232] /home/travis/build/icyphy/ptII/ptolemy/actor/lib/test/auto/MultipleLinksToSameRelation.xml (RunModel)" time="0.008" />
  <testcase classname="ptolemy.util.test.junit.AutoTests" name="[233] /home/travis/build/icyphy/ptII/ptolemy/actor/lib/test/auto/MultipleLinksToSameRelationDE.xml (RunModel)" time="0.018" />
  <testcase classname="ptolemy.util.test.junit.AutoTests" name="[234] /home/travis/build/icyphy/ptII/ptolemy/actor/lib/test/auto/Multiplexor.xml (RunModel)" time="0.015" />
  <testcase classname="ptolemy.util.test.junit.AutoTests" name="[235] /home/travis/build/icyphy/ptII/ptolemy/actor/lib/test/auto/Multiplexor1.xml (RunModel)" time="0.011" />
  <testcase classname="ptolemy.util.test.junit.AutoTests" name="[236] /home/travis/build/icyphy/ptII/ptolemy/actor/lib/test/auto/Multiplexor2.xml (RunModel)" time="0.017" />
  <testcase classname="ptolemy.util.test.junit.AutoTests" name="[237] /home/travis/build/icyphy/ptII/ptolemy/actor/lib/test/auto/Multiplexor3.xml (RunModel)" time="0.009" />
  <testcase classname="ptolemy.util.test.junit.AutoTests" name="[238] /home/travis/build/icyphy/ptII/ptolemy/actor/lib/test/auto/MultiplexorDE.xml (RunModel)" time="0.017" />
  <testcase classname="ptolemy.util.test.junit.AutoTests" name="[239] /home/travis/build/icyphy/ptII/ptolemy/actor/lib/test/auto/MultiportBroadcastTest.xml (RunModel)" time="0.106" />
  <testcase classname="ptolemy.util.test.junit.AutoTests" name="[240] /home/travis/build/icyphy/ptII/ptolemy/actor/lib/test/auto/MultiportOutHangDuringGetWidth.xml (RunModel)" time="0.072" />
  <testcase classname="ptolemy.util.test.junit.AutoTests" name="[241] /home/travis/build/icyphy/ptII/ptolemy/actor/lib/test/auto/NilToken.xml (RunModel)" time="0.009" />
  <testcase classname="ptolemy.util.test.junit.AutoTests" name="[242] /home/travis/build/icyphy/ptII/ptolemy/actor/lib/test/auto/NilTokenNonStrictTest.xml (RunModel)" time="0.014" />
  <testcase classname="ptolemy.util.test.junit.AutoTests" name="[243] /home/travis/build/icyphy/ptII/ptolemy/actor/lib/test/auto/NilTokenRecord.xml (RunModel)" time="0.031" />
  <testcase classname="ptolemy.util.test.junit.AutoTests" name="[244] /home/travis/build/icyphy/ptII/ptolemy/actor/lib/test/auto/NilTokenTypeTest.xml (RunModel)" time="0.036" />
  <testcase classname="ptolemy.util.test.junit.AutoTests" name="[245] /home/travis/build/icyphy/ptII/ptolemy/actor/lib/test/auto/ObjectToken1.xml (RunModel)" time="0.008" />
  <testcase classname="ptolemy.util.test.junit.AutoTests" name="[246] /home/travis/build/icyphy/ptII/ptolemy/actor/lib/test/auto/OrderedMerge.xml (RunModel)" time="0.023" />
  <testcase classname="ptolemy.util.test.junit.AutoTests" name="[247] /home/travis/build/icyphy/ptII/ptolemy/actor/lib/test/auto/OrderedRecordDisassembler.xml (RunModel)" time="0.017" />
  <testcase classname="ptolemy.util.test.junit.AutoTests" name="[248] /home/travis/build/icyphy/ptII/ptolemy/actor/lib/test/auto/OrderedRecordDisassembler2.xml (RunModel)" time="0.019" />
  <testcase classname="ptolemy.util.test.junit.AutoTests" name="[249] /home/travis/build/icyphy/ptII/ptolemy/actor/lib/test/auto/OrderedRecordUpdater.xml (RunModel)" time="0.01" />
  <testcase classname="ptolemy.util.test.junit.AutoTests" name="[250] /home/travis/build/icyphy/ptII/ptolemy/actor/lib/test/auto/OrderedRecordUpdater2.xml (RunModel)" time="0.021" />
  <testcase classname="ptolemy.util.test.junit.AutoTests" name="[251] /home/travis/build/icyphy/ptII/ptolemy/actor/lib/test/auto/PhaseUnwrap.xml (RunModel)" time="0.013" />
  <testcase classname="ptolemy.util.test.junit.AutoTests" name="[252] /home/travis/build/icyphy/ptII/ptolemy/actor/lib/test/auto/PoissonClock.xml (RunModel)" time="0.011" />
  <testcase classname="ptolemy.util.test.junit.AutoTests" name="[253] /home/travis/build/icyphy/ptII/ptolemy/actor/lib/test/auto/PoissonClock2.xml (RunModel)" time="0.008" />
  <testcase classname="ptolemy.util.test.junit.AutoTests" name="[254] /home/travis/build/icyphy/ptII/ptolemy/actor/lib/test/auto/PoissonClock3.xml (RunModel)" time="0.024" />
  <testcase classname="ptolemy.util.test.junit.AutoTests" name="[255] /home/travis/build/icyphy/ptII/ptolemy/actor/lib/test/auto/PubSubWithInitialTokens.xml (RunModel)" time="0.018" />
  <testcase classname="ptolemy.util.test.junit.AutoTests" name="[256] /home/travis/build/icyphy/ptII/ptolemy/actor/lib/test/auto/PubSubWithInitialTokens2.xml (RunModel)" time="0.012" />
  <testcase classname="ptolemy.util.test.junit.AutoTests" name="[257] /home/travis/build/icyphy/ptII/ptolemy/actor/lib/test/auto/PublisherClassNoParameter.xml (RunModel)" time="0.024" />
  <testcase classname="ptolemy.util.test.junit.AutoTests" name="[258] /home/travis/build/icyphy/ptII/ptolemy/actor/lib/test/auto/PublisherClassParameter.xml (RunModel)" time="0.022" />
  <testcase classname="ptolemy.util.test.junit.AutoTests" name="[259] /home/travis/build/icyphy/ptII/ptolemy/actor/lib/test/auto/PublisherNonStrictTest.xml (RunModel)" time="0.018" />
  <testcase classname="ptolemy.util.test.junit.AutoTests" name="[260] /home/travis/build/icyphy/ptII/ptolemy/actor/lib/test/auto/PublisherPort1.xml (RunModel)" time="0.011" />
  <testcase classname="ptolemy.util.test.junit.AutoTests" name="[261] /home/travis/build/icyphy/ptII/ptolemy/actor/lib/test/auto/PublisherPort2.xml (RunModel)" time="0.009" />
  <testcase classname="ptolemy.util.test.junit.AutoTests" name="[262] /home/travis/build/icyphy/ptII/ptolemy/actor/lib/test/auto/PublisherPort3.xml (RunModel)" time="0.021" />
  <testcase classname="ptolemy.util.test.junit.AutoTests" name="[263] /home/travis/build/icyphy/ptII/ptolemy/actor/lib/test/auto/PublisherPort4.xml (RunModel)" time="0.015" />
  <testcase classname="ptolemy.util.test.junit.AutoTests" name="[264] /home/travis/build/icyphy/ptII/ptolemy/actor/lib/test/auto/PublisherPort5.xml (RunModel)" time="0.014" />
  <testcase classname="ptolemy.util.test.junit.AutoTests" name="[265] /home/travis/build/icyphy/ptII/ptolemy/actor/lib/test/auto/PublisherPort5LookAlike.xml (RunModel)" time="0.017" />
  <testcase classname="ptolemy.util.test.junit.AutoTests" name="[266] /home/travis/build/icyphy/ptII/ptolemy/actor/lib/test/auto/PublisherPort6.xml (RunModel)" time="0.013" />
  <testcase classname="ptolemy.util.test.junit.AutoTests" name="[267] /home/travis/build/icyphy/ptII/ptolemy/actor/lib/test/auto/PublisherPort7.xml (RunModel)" time="0.016" />
  <testcase classname="ptolemy.util.test.junit.AutoTests" name="[268] /home/travis/build/icyphy/ptII/ptolemy/actor/lib/test/auto/PublisherPort8.xml (RunModel)" time="0.016" />
  <testcase classname="ptolemy.util.test.junit.AutoTests" name="[269] /home/travis/build/icyphy/ptII/ptolemy/actor/lib/test/auto/PublisherPortSubscriberChannelVariablesAOC2.xml (RunModel)" time="0.033" />
  <testcase classname="ptolemy.util.test.junit.AutoTests" name="[270] /home/travis/build/icyphy/ptII/ptolemy/actor/lib/test/auto/PublisherPortSubscriberOpaqueWidthInference.xml (RunModel)" time="0.015" />
  <testcase classname="ptolemy.util.test.junit.AutoTests" name="[271] /home/travis/build/icyphy/ptII/ptolemy/actor/lib/test/auto/PublisherPortSubscriberPortAdjacent.xml (RunModel)" time="0.019" />
  <testcase classname="ptolemy.util.test.junit.AutoTests" name="[272] /home/travis/build/icyphy/ptII/ptolemy/actor/lib/test/auto/PublisherPortSubscriberPortExpression.xml (RunModel)" time="0.016" />
  <testcase classname="ptolemy.util.test.junit.AutoTests" name="[273] /home/travis/build/icyphy/ptII/ptolemy/actor/lib/test/auto/PublisherPortSubscriberPortOpaqueD3Reverse.xml (RunModel)" time="0.04" />
  <testcase classname="ptolemy.util.test.junit.AutoTests" name="[274] /home/travis/build/icyphy/ptII/ptolemy/actor/lib/test/auto/PublisherPortSubscriberPortOpaqueWidthInference.xml (RunModel)" time="0.02" />
  <testcase classname="ptolemy.util.test.junit.AutoTests" name="[275] /home/travis/build/icyphy/ptII/ptolemy/actor/lib/test/auto/PublisherPortToplevelSubscriberPortAOC.xml (RunModel)" time="0.011" />
  <testcase classname="ptolemy.util.test.junit.AutoTests" name="[276] /home/travis/build/icyphy/ptII/ptolemy/actor/lib/test/auto/PublisherSubscriber.xml (RunModel)" time="0.015" />
  <testcase classname="ptolemy.util.test.junit.AutoTests" name="[277] /home/travis/build/icyphy/ptII/ptolemy/actor/lib/test/auto/PublisherSubscriber10.xml (RunModel)" time="0.023" />
  <testcase classname="ptolemy.util.test.junit.AutoTests" name="[278] /home/travis/build/icyphy/ptII/ptolemy/actor/lib/test/auto/PublisherSubscriber10InitialOutputs.xml (RunModel)" time="0.03" />
  <testcase classname="ptolemy.util.test.junit.AutoTests" name="[279] /home/travis/build/icyphy/ptII/ptolemy/actor/lib/test/auto/PublisherSubscriber11.xml (RunModel)" time="0.02" />
  <testcase classname="ptolemy.util.test.junit.AutoTests" name="[280] /home/travis/build/icyphy/ptII/ptolemy/actor/lib/test/auto/PublisherSubscriber12.xml (RunModel)" time="0.023" />
  <testcase classname="ptolemy.util.test.junit.AutoTests" name="[281] /home/travis/build/icyphy/ptII/ptolemy/actor/lib/test/auto/PublisherSubscriber13.xml (RunModel)" time="0.01" />
  <testcase classname="ptolemy.util.test.junit.AutoTests" name="[282] /home/travis/build/icyphy/ptII/ptolemy/actor/lib/test/auto/PublisherSubscriber14.xml (RunModel)" time="0.02" />
  <testcase classname="ptolemy.util.test.junit.AutoTests" name="[283] /home/travis/build/icyphy/ptII/ptolemy/actor/lib/test/auto/PublisherSubscriber2.xml (RunModel)" time="0.011" />
  <testcase classname="ptolemy.util.test.junit.AutoTests" name="[284] /home/travis/build/icyphy/ptII/ptolemy/actor/lib/test/auto/PublisherSubscriber3.xml (RunModel)" time="0.01" />
  <testcase classname="ptolemy.util.test.junit.AutoTests" name="[285] /home/travis/build/icyphy/ptII/ptolemy/actor/lib/test/auto/PublisherSubscriber4.xml (RunModel)" time="0.009" />
  <testcase classname="ptolemy.util.test.junit.AutoTests" name="[286] /home/travis/build/icyphy/ptII/ptolemy/actor/lib/test/auto/PublisherSubscriber5.xml (RunModel)" time="0.012" />
  <testcase classname="ptolemy.util.test.junit.AutoTests" name="[287] /home/travis/build/icyphy/ptII/ptolemy/actor/lib/test/auto/PublisherSubscriber6.xml (RunModel)" time="0.014" />
  <testcase classname="ptolemy.util.test.junit.AutoTests" name="[288] /home/travis/build/icyphy/ptII/ptolemy/actor/lib/test/auto/PublisherSubscriber7.xml (RunModel)" time="0.025" />
  <testcase classname="ptolemy.util.test.junit.AutoTests" name="[289] /home/travis/build/icyphy/ptII/ptolemy/actor/lib/test/auto/PublisherSubscriber8.xml (RunModel)" time="0.025" />
  <testcase classname="ptolemy.util.test.junit.AutoTests" name="[290] /home/travis/build/icyphy/ptII/ptolemy/actor/lib/test/auto/PublisherSubscriber9.xml (RunModel)" time="0.019" />
  <testcase classname="ptolemy.util.test.junit.AutoTests" name="[291] /home/travis/build/icyphy/ptII/ptolemy/actor/lib/test/auto/PublisherSubscriberAdjacent.xml (RunModel)" time="0.016" />
  <testcase classname="ptolemy.util.test.junit.AutoTests" name="[292] /home/travis/build/icyphy/ptII/ptolemy/actor/lib/test/auto/PublisherSubscriberChannelVariablesAOC2.xml (RunModel)" time="0.029" />
  <testcase classname="ptolemy.util.test.junit.AutoTests" name="[293] /home/travis/build/icyphy/ptII/ptolemy/actor/lib/test/auto/PublisherSubscriberD3.xml (RunModel)" time="0.011" />
  <testcase classname="ptolemy.util.test.junit.AutoTests" name="[294] /home/travis/build/icyphy/ptII/ptolemy/actor/lib/test/auto/PublisherSubscriberD3Reverse.xml (RunModel)" time="0.01" />
  <testcase classname="ptolemy.util.test.junit.AutoTests" name="[295] /home/travis/build/icyphy/ptII/ptolemy/actor/lib/test/auto/PublisherSubscriberExpression.xml (RunModel)" time="0.018" />
  <testcase classname="ptolemy.util.test.junit.AutoTests" name="[296] /home/travis/build/icyphy/ptII/ptolemy/actor/lib/test/auto/PublisherSubscriberOpaque.xml (RunModel)" time="0.016" />
  <testcase classname="ptolemy.util.test.junit.AutoTests" name="[297] /home/travis/build/icyphy/ptII/ptolemy/actor/lib/test/auto/PublisherSubscriberOpaqueD3.xml (RunModel)" time="0.024" />
  <testcase classname="ptolemy.util.test.junit.AutoTests" name="[298] /home/travis/build/icyphy/ptII/ptolemy/actor/lib/test/auto/PublisherSubscriberOpaqueD3Reverse.xml (RunModel)" time="0.02" />
  <testcase classname="ptolemy.util.test.junit.AutoTests" name="[299] /home/travis/build/icyphy/ptII/ptolemy/actor/lib/test/auto/PublisherSubscriberOpaqueWidthInference.xml (RunModel)" time="0.016" />
  <testcase classname="ptolemy.util.test.junit.AutoTests" name="[300] /home/travis/build/icyphy/ptII/ptolemy/actor/lib/test/auto/PublisherTestSubscriber.xml (RunModel)" time="0.015" />
  <testcase classname="ptolemy.util.test.junit.AutoTests" name="[301] /home/travis/build/icyphy/ptII/ptolemy/actor/lib/test/auto/PublisherToplevelSubscriberPortAOC.xml (RunModel)" time="0.012" />
  <testcase classname="ptolemy.util.test.junit.AutoTests" name="[302] /home/travis/build/icyphy/ptII/ptolemy/actor/lib/test/auto/PulseFiringLimitDE.xml (RunModel)" time="0.015" />
  <testcase classname="ptolemy.util.test.junit.AutoTests" name="[303] /home/travis/build/icyphy/ptII/ptolemy/actor/lib/test/auto/Ramp1.xml (RunModel)" time="0.007" />
  <testcase classname="ptolemy.util.test.junit.AutoTests" name="[304] /home/travis/build/icyphy/ptII/ptolemy/actor/lib/test/auto/RampFiringLimitDE.xml (RunModel)" time="0.011" />
  <testcase classname="ptolemy.util.test.junit.AutoTests" name="[305] /home/travis/build/icyphy/ptII/ptolemy/actor/lib/test/auto/RampFiringLimitSDF.xml (RunModel)" time="0.011" />
  <testcase classname="ptolemy.util.test.junit.AutoTests" name="[306] /home/travis/build/icyphy/ptII/ptolemy/actor/lib/test/auto/RandomInteger.xml (RunModel)" time="0.009" />
  <testcase classname="ptolemy.util.test.junit.AutoTests" name="[307] /home/travis/build/icyphy/ptII/ptolemy/actor/lib/test/auto/ReadFile1.xml (RunModel)" time="0.008" />
  <testcase classname="ptolemy.util.test.junit.AutoTests" name="[308] /home/travis/build/icyphy/ptII/ptolemy/actor/lib/test/auto/ReadFile2.xml (RunModel)" time="0.008" />
  <testcase classname="ptolemy.util.test.junit.AutoTests" name="[309] /home/travis/build/icyphy/ptII/ptolemy/actor/lib/test/auto/Reader.xml (RunModel)" time="0.014" />
  <testcase classname="ptolemy.util.test.junit.AutoTests" name="[310] /home/travis/build/icyphy/ptII/ptolemy/actor/lib/test/auto/RecordAssemblerDisplayNameTest.xml (RunModel)" time="3.184" />
  <testcase classname="ptolemy.util.test.junit.AutoTests" name="[311] /home/travis/build/icyphy/ptII/ptolemy/actor/lib/test/auto/RecordAssemblerTypeError.xml (RunModel)" time="0.048" />
  <testcase classname="ptolemy.util.test.junit.AutoTests" name="[312] /home/travis/build/icyphy/ptII/ptolemy/actor/lib/test/auto/RecordDisassember.xml (RunModel)" time="0.015" />
  <testcase classname="ptolemy.util.test.junit.AutoTests" name="[313] /home/travis/build/icyphy/ptII/ptolemy/actor/lib/test/auto/RecordDisassemberDisplayNameTest.xml (RunModel)" time="0.036" />
  <testcase classname="ptolemy.util.test.junit.AutoTests" name="[314] /home/travis/build/icyphy/ptII/ptolemy/actor/lib/test/auto/RecordDisassembler.xml (RunModel)" time="0.015" />
  <testcase classname="ptolemy.util.test.junit.AutoTests" name="[315] /home/travis/build/icyphy/ptII/ptolemy/actor/lib/test/auto/RecordDisassembler2.xml (RunModel)" time="0.012" />
  <testcase classname="ptolemy.util.test.junit.AutoTests" name="[316] /home/travis/build/icyphy/ptII/ptolemy/actor/lib/test/auto/RecordUpdater.xml (RunModel)" time="0.011" />
  <testcase classname="ptolemy.util.test.junit.AutoTests" name="[317] /home/travis/build/icyphy/ptII/ptolemy/actor/lib/test/auto/RecordUpdater2.xml (RunModel)" time="0.009" />
  <testcase classname="ptolemy.util.test.junit.AutoTests" name="[318] /home/travis/build/icyphy/ptII/ptolemy/actor/lib/test/auto/RecursiveLattice.xml (RunModel)" time="0.008" />
  <testcase classname="ptolemy.util.test.junit.AutoTests" name="[319] /home/travis/build/icyphy/ptII/ptolemy/actor/lib/test/auto/Router.xml (RunModel)" time="3.026" />
  <testcase classname="ptolemy.util.test.junit.AutoTests" name="[320] /home/travis/build/icyphy/ptII/ptolemy/actor/lib/test/auto/Router2.xml (RunModel)" time="3.044" />
  <testcase classname="ptolemy.util.test.junit.AutoTests" name="[321] /home/travis/build/icyphy/ptII/ptolemy/actor/lib/test/auto/RunningMaximum.xml (RunModel)" time="0.018" />
  <testcase classname="ptolemy.util.test.junit.AutoTests" name="[322] /home/travis/build/icyphy/ptII/ptolemy/actor/lib/test/auto/RunningMinimum.xml (RunModel)" time="0.017" />
  <testcase classname="ptolemy.util.test.junit.AutoTests" name="[323] /home/travis/build/icyphy/ptII/ptolemy/actor/lib/test/auto/Scale.xml (RunModel)" time="0.008" />
  <testcase classname="ptolemy.util.test.junit.AutoTests" name="[324] /home/travis/build/icyphy/ptII/ptolemy/actor/lib/test/auto/Scale2.xml (RunModel)" time="0.009" />
  <testcase classname="ptolemy.util.test.junit.AutoTests" name="[325] /home/travis/build/icyphy/ptII/ptolemy/actor/lib/test/auto/Scale3.xml (RunModel)" time="0.018" />
  <testcase classname="ptolemy.util.test.junit.AutoTests" name="[326] /home/travis/build/icyphy/ptII/ptolemy/actor/lib/test/auto/ScaleArray.xml (RunModel)" time="0.008" />
  <testcase classname="ptolemy.util.test.junit.AutoTests" name="[327] /home/travis/build/icyphy/ptII/ptolemy/actor/lib/test/auto/ScaleArray2.xml (RunModel)" time="0.008" />
  <testcase classname="ptolemy.util.test.junit.AutoTests" name="[328] /home/travis/build/icyphy/ptII/ptolemy/actor/lib/test/auto/ScaleMatrix.xml (RunModel)" time="0.146" />
  <testcase classname="ptolemy.util.test.junit.AutoTests" name="[329] /home/travis/build/icyphy/ptII/ptolemy/actor/lib/test/auto/Select.xml (RunModel)" time="0.015" />
  <testcase classname="ptolemy.util.test.junit.AutoTests" name="[330] /home/travis/build/icyphy/ptII/ptolemy/actor/lib/test/auto/Select2.xml (RunModel)" time="0.008" />
  <testcase classname="ptolemy.util.test.junit.AutoTests" name="[331] /home/travis/build/icyphy/ptII/ptolemy/actor/lib/test/auto/SequenceToArray2.xml (RunModel)" time="0.162" />
  <testcase classname="ptolemy.util.test.junit.AutoTests" name="[332] /home/travis/build/icyphy/ptII/ptolemy/actor/lib/test/auto/SequentialClock.xml (RunModel)" time="0.014" />
  <testcase classname="ptolemy.util.test.junit.AutoTests" name="[333] /home/travis/build/icyphy/ptII/ptolemy/actor/lib/test/auto/SetVariable.xml (RunModel)" time="0.012" />
  <testcase classname="ptolemy.util.test.junit.AutoTests" name="[334] /home/travis/build/icyphy/ptII/ptolemy/actor/lib/test/auto/SetVariable2.xml (RunModel)" time="0.013" />
  <testcase classname="ptolemy.util.test.junit.AutoTests" name="[335] /home/travis/build/icyphy/ptII/ptolemy/actor/lib/test/auto/SetVariable3.xml (RunModel)" time="0.015" />
  <testcase classname="ptolemy.util.test.junit.AutoTests" name="[336] /home/travis/build/icyphy/ptII/ptolemy/actor/lib/test/auto/SetVariable4.xml (RunModel)" time="0.025" />
  <testcase classname="ptolemy.util.test.junit.AutoTests" name="[337] /home/travis/build/icyphy/ptII/ptolemy/actor/lib/test/auto/SetVariable5.xml (RunModel)" time="0.037" />
  <testcase classname="ptolemy.util.test.junit.AutoTests" name="[338] /home/travis/build/icyphy/ptII/ptolemy/actor/lib/test/auto/Sinewave.xml (RunModel)" time="0.025" />
  <testcase classname="ptolemy.util.test.junit.AutoTests" name="[339] /home/travis/build/icyphy/ptII/ptolemy/actor/lib/test/auto/Sinewave2.xml (RunModel)" time="0.017" />
  <testcase classname="ptolemy.util.test.junit.AutoTests" name="[340] /home/travis/build/icyphy/ptII/ptolemy/actor/lib/test/auto/Sinewave3.xml (RunModel)" time="0.023" />
  <testcase classname="ptolemy.util.test.junit.AutoTests" name="[341] /home/travis/build/icyphy/ptII/ptolemy/actor/lib/test/auto/SingleEvent.xml (RunModel)" time="0.007" />
  <testcase classname="ptolemy.util.test.junit.AutoTests" name="[342] /home/travis/build/icyphy/ptII/ptolemy/actor/lib/test/auto/Sleep.xml (RunModel)" time="6.021" />
  <testcase classname="ptolemy.util.test.junit.AutoTests" name="[343] /home/travis/build/icyphy/ptII/ptolemy/actor/lib/test/auto/SleepMultipleFire.xml (RunModel)" time="1.018" />
  <testcase classname="ptolemy.util.test.junit.AutoTests" name="[344] /home/travis/build/icyphy/ptII/ptolemy/actor/lib/test/auto/StopDE.xml (RunModel)" time="0.018" />
  <testcase classname="ptolemy.util.test.junit.AutoTests" name="[345] /home/travis/build/icyphy/ptII/ptolemy/actor/lib/test/auto/StopSDF.xml (RunModel)" time="0.014" />
  <testcase classname="ptolemy.util.test.junit.AutoTests" name="[346] /home/travis/build/icyphy/ptII/ptolemy/actor/lib/test/auto/StringConstant.xml (RunModel)" time="0.016" />
  <testcase classname="ptolemy.util.test.junit.AutoTests" name="[347] /home/travis/build/icyphy/ptII/ptolemy/actor/lib/test/auto/SubscriberPortInitialValues1.xml (RunModel)" time="0.022" />
  <testcase classname="ptolemy.util.test.junit.AutoTests" name="[348] /home/travis/build/icyphy/ptII/ptolemy/actor/lib/test/auto/SubscriberPortInitialValues13.xml (RunModel)" time="0.065" />
  <testcase classname="ptolemy.util.test.junit.AutoTests" name="[349] /home/travis/build/icyphy/ptII/ptolemy/actor/lib/test/auto/SubscriberPortInitialValues14.xml (RunModel)" time="0.018" />
  <testcase classname="ptolemy.util.test.junit.AutoTests" name="[350] /home/travis/build/icyphy/ptII/ptolemy/actor/lib/test/auto/SubscriberPortInitialValues2.xml (RunModel)" time="0.015" />
  <testcase classname="ptolemy.util.test.junit.AutoTests" name="[351] /home/travis/build/icyphy/ptII/ptolemy/actor/lib/test/auto/SubscriberPortInitialValues3.xml (RunModel)" time="0.018" />
  <testcase classname="ptolemy.util.test.junit.AutoTests" name="[352] /home/travis/build/icyphy/ptII/ptolemy/actor/lib/test/auto/SubscriptionAggregator.xml (RunModel)" time="0.01" />
  <testcase classname="ptolemy.util.test.junit.AutoTests" name="[353] /home/travis/build/icyphy/ptII/ptolemy/actor/lib/test/auto/SubscriptionAggregator2.xml (RunModel)" time="0.011" />
  <testcase classname="ptolemy.util.test.junit.AutoTests" name="[354] /home/travis/build/icyphy/ptII/ptolemy/actor/lib/test/auto/SubscriptionAggregator3.xml (RunModel)" time="0.014" />
  <testcase classname="ptolemy.util.test.junit.AutoTests" name="[355] /home/travis/build/icyphy/ptII/ptolemy/actor/lib/test/auto/SubscriptionAggregatorMultiply.xml (RunModel)" time="0.022" />
  <testcase classname="ptolemy.util.test.junit.AutoTests" name="[356] /home/travis/build/icyphy/ptII/ptolemy/actor/lib/test/auto/SubscriptionAggregatorPortMultiply1.xml (RunModel)" time="0.015" />
  <testcase classname="ptolemy.util.test.junit.AutoTests" name="[357] /home/travis/build/icyphy/ptII/ptolemy/actor/lib/test/auto/Switch.xml (RunModel)" time="0.017" />
  <testcase classname="ptolemy.util.test.junit.AutoTests" name="[358] /home/travis/build/icyphy/ptII/ptolemy/actor/lib/test/auto/Switch2.xml (RunModel)" time="0.012" />
  <testcase classname="ptolemy.util.test.junit.AutoTests" name="[359] /home/travis/build/icyphy/ptII/ptolemy/actor/lib/test/auto/SwitchDE.xml (RunModel)" time="0.014" />
  <testcase classname="ptolemy.util.test.junit.AutoTests" name="[360] /home/travis/build/icyphy/ptII/ptolemy/actor/lib/test/auto/SynchronizerDE.xml (RunModel)" time="0.02" />
  <testcase classname="ptolemy.util.test.junit.AutoTests" name="[361] /home/travis/build/icyphy/ptII/ptolemy/actor/lib/test/auto/Test.xml (RunModel)" time="0.014" />
  <testcase classname="ptolemy.util.test.junit.AutoTests" name="[362] /home/travis/build/icyphy/ptII/ptolemy/actor/lib/test/auto/TestExceptionAttribute1.xml (RunModel)" time="0.011" />
  <testcase classname="ptolemy.util.test.junit.AutoTests" name="[363] /home/travis/build/icyphy/ptII/ptolemy/actor/lib/test/auto/TestExceptionAttribute2.xml (RunModel)" time="0.008" />
  <testcase classname="ptolemy.util.test.junit.AutoTests" name="[364] /home/travis/build/icyphy/ptII/ptolemy/actor/lib/test/auto/TestExceptionAttribute3.xml (RunModel)" time="0.013" />
  <testcase classname="ptolemy.util.test.junit.AutoTests" name="[365] /home/travis/build/icyphy/ptII/ptolemy/actor/lib/test/auto/TestExceptionAttribute4.xml (RunModel)" time="0.006" />
  <testcase classname="ptolemy.util.test.junit.AutoTests" name="[366] /home/travis/build/icyphy/ptII/ptolemy/actor/lib/test/auto/TestExceptionHandler1.xml (RunModel)" time="0.005" />
  <testcase classname="ptolemy.util.test.junit.AutoTests" name="[367] /home/travis/build/icyphy/ptII/ptolemy/actor/lib/test/auto/TestExceptionHandler2.xml (RunModel)" time="0.006" />
  <testcase classname="ptolemy.util.test.junit.AutoTests" name="[368] /home/travis/build/icyphy/ptII/ptolemy/actor/lib/test/auto/TestExceptionHandler3.xml (RunModel)" time="0.005" />
  <testcase classname="ptolemy.util.test.junit.AutoTests" name="[369] /home/travis/build/icyphy/ptII/ptolemy/actor/lib/test/auto/TestExceptionHandler4.xml (RunModel)" time="0.006" />
  <testcase classname="ptolemy.util.test.junit.AutoTests" name="[370] /home/travis/build/icyphy/ptII/ptolemy/actor/lib/test/auto/TestRequireCorrectOrder.xml (RunModel)" time="0.009" />
  <testcase classname="ptolemy.util.test.junit.AutoTests" name="[371] /home/travis/build/icyphy/ptII/ptolemy/actor/lib/test/auto/TestSimple.xml (RunModel)" time="0.007" />
  <testcase classname="ptolemy.util.test.junit.AutoTests" name="[372] /home/travis/build/icyphy/ptII/ptolemy/actor/lib/test/auto/ThrowModelError.xml (RunModel)" time="0.01" />
  <testcase classname="ptolemy.util.test.junit.AutoTests" name="[373] /home/travis/build/icyphy/ptII/ptolemy/actor/lib/test/auto/TimeDelayMicrosteps.xml (RunModel)" time="0.014" />
  <testcase classname="ptolemy.util.test.junit.AutoTests" name="[374] /home/travis/build/icyphy/ptII/ptolemy/actor/lib/test/auto/TimeDelayMicrosteps2.xml (RunModel)" time="0.015" />
  <testcase classname="ptolemy.util.test.junit.AutoTests" name="[375] /home/travis/build/icyphy/ptII/ptolemy/actor/lib/test/auto/TimeDelayMicrosteps3.xml (RunModel)" time="0.013" />
  <testcase classname="ptolemy.util.test.junit.AutoTests" name="[376] /home/travis/build/icyphy/ptII/ptolemy/actor/lib/test/auto/TimeDelayVariableMicrosteps.xml (RunModel)" time="0.013" />
  <testcase classname="ptolemy.util.test.junit.AutoTests" name="[377] /home/travis/build/icyphy/ptII/ptolemy/actor/lib/test/auto/TimeGap.xml (RunModel)" time="0.015" />
  <testcase classname="ptolemy.util.test.junit.AutoTests" name="[378] /home/travis/build/icyphy/ptII/ptolemy/actor/lib/test/auto/TimeGap2.xml (RunModel)" time="0.01" />
  <testcase classname="ptolemy.util.test.junit.AutoTests" name="[379] /home/travis/build/icyphy/ptII/ptolemy/actor/lib/test/auto/TimedSinewave.xml (RunModel)" time="0.048" />
  <testcase classname="ptolemy.util.test.junit.AutoTests" name="[380] /home/travis/build/icyphy/ptII/ptolemy/actor/lib/test/auto/TimedSinewavePhase.xml (RunModel)" time="0.04" />
  <testcase classname="ptolemy.util.test.junit.AutoTests" name="[381] /home/travis/build/icyphy/ptII/ptolemy/actor/lib/test/auto/Timer.xml (RunModel)" time="0.016" />
  <testcase classname="ptolemy.util.test.junit.AutoTests" name="[382] /home/travis/build/icyphy/ptII/ptolemy/actor/lib/test/auto/TriangularDistTestModel.xml (RunModel)" time="0.016" />
  <testcase classname="ptolemy.util.test.junit.AutoTests" name="[383] /home/travis/build/icyphy/ptII/ptolemy/actor/lib/test/auto/TrigFunction.xml (RunModel)" time="0.012" />
  <testcase classname="ptolemy.util.test.junit.AutoTests" name="[384] /home/travis/build/icyphy/ptII/ptolemy/actor/lib/test/auto/TrigFunctionDE.xml (RunModel)" time="0.011" />
  <testcase classname="ptolemy.util.test.junit.AutoTests" name="[385] /home/travis/build/icyphy/ptII/ptolemy/actor/lib/test/auto/TrigFunctionInverse.xml (RunModel)" time="0.01" />
  <testcase classname="ptolemy.util.test.junit.AutoTests" name="[386] /home/travis/build/icyphy/ptII/ptolemy/actor/lib/test/auto/TrigFunctionTan.xml (RunModel)" time="0.007" />
  <testcase classname="ptolemy.util.test.junit.AutoTests" name="[387] /home/travis/build/icyphy/ptII/ptolemy/actor/lib/test/auto/TriggeredClock.xml (RunModel)" time="0.009" />
  <testcase classname="ptolemy.util.test.junit.AutoTests" name="[388] /home/travis/build/icyphy/ptII/ptolemy/actor/lib/test/auto/URLDirectoryReader.xml (RunModel)" time="0.116" />
  <testcase classname="ptolemy.util.test.junit.AutoTests" name="[389] /home/travis/build/icyphy/ptII/ptolemy/actor/lib/test/auto/URLDirectoryReader3.xml (RunModel)" time="1.648" />
  <testcase classname="ptolemy.util.test.junit.AutoTests" name="[390] /home/travis/build/icyphy/ptII/ptolemy/actor/lib/test/auto/UnaryMathFunction.xml (RunModel)" time="0.021" />
  <testcase classname="ptolemy.util.test.junit.AutoTests" name="[391] /home/travis/build/icyphy/ptII/ptolemy/actor/lib/test/auto/Uniform.xml (RunModel)" time="0.011" />
  <testcase classname="ptolemy.util.test.junit.AutoTests" name="[392] /home/travis/build/icyphy/ptII/ptolemy/actor/lib/test/auto/UnionDisassemblerTest.xml (RunModel)" time="0.026" />
  <testcase classname="ptolemy.util.test.junit.AutoTests" name="[393] /home/travis/build/icyphy/ptII/ptolemy/actor/lib/test/auto/UtilityFunctions.xml (RunModel)" time="0.009" />
  <testcase classname="ptolemy.util.test.junit.AutoTests" name="[394] /home/travis/build/icyphy/ptII/ptolemy/actor/lib/test/auto/VariableSleep.xml (RunModel)" time="0.511" />
  <testcase classname="ptolemy.util.test.junit.AutoTests" name="[395] /home/travis/build/icyphy/ptII/ptolemy/actor/lib/test/auto/VectorAssemblerDisassemblerCT.xml (RunModel)" time="0.11" />
  <testcase classname="ptolemy.util.test.junit.AutoTests" name="[396] /home/travis/build/icyphy/ptII/ptolemy/actor/lib/test/auto/VectorAssemblerDisassemblerDE.xml (RunModel)" time="0.012" />
  <testcase classname="ptolemy.util.test.junit.AutoTests" name="[397] /home/travis/build/icyphy/ptII/ptolemy/actor/lib/test/auto/VectorAssemblerDisassemblerSDF.xml (RunModel)" time="0.012" />
  <testcase classname="ptolemy.util.test.junit.AutoTests" name="[398] /home/travis/build/icyphy/ptII/ptolemy/actor/lib/test/auto/WallClockTime.xml (RunModel)" time="1.012" />
  <testcase classname="ptolemy.util.test.junit.AutoTests" name="[399] /home/travis/build/icyphy/ptII/ptolemy/actor/lib/test/auto/WidthTestWithSubscriberPublisher.xml (RunModel)" time="0.042" />
  <testcase classname="ptolemy.util.test.junit.AutoTests" name="[400] /home/travis/build/icyphy/ptII/ptolemy/actor/lib/test/auto/WidthTestWithSubscriberPublisher2.xml (RunModel)" time="0.014" />
  <testcase classname="ptolemy.util.test.junit.AutoTests" name="[401] /home/travis/build/icyphy/ptII/ptolemy/actor/lib/test/auto/WidthTestWithSubscriberPublisher3.xml (RunModel)" time="0.012" />
  <testcase classname="ptolemy.util.test.junit.AutoTests" name="[402] /home/travis/build/icyphy/ptII/ptolemy/actor/lib/test/auto/Writer.xml (RunModel)" time="0.008" />
  <testcase classname="ptolemy.util.test.junit.AutoTests" name="[403] /home/travis/build/icyphy/ptII/ptolemy/actor/lib/test/auto/array.xml (RunModel)" time="0.009" />
  <testcase classname="ptolemy.util.test.junit.AutoTests" name="[404] /home/travis/build/icyphy/ptII/ptolemy/actor/lib/test/auto/array2.xml (RunModel)" time="0.028" />
  <testcase classname="ptolemy.util.test.junit.AutoTests" name="[405] /home/travis/build/icyphy/ptII/ptolemy/actor/lib/test/auto/arrayType.xml (RunModel)" time="0.025" />
  <testcase classname="ptolemy.util.test.junit.AutoTests" name="[406] /home/travis/build/icyphy/ptII/ptolemy/actor/lib/test/auto/arrayType10.xml (RunModel)" time="0.009" />
  <testcase classname="ptolemy.util.test.junit.AutoTests" name="[407] /home/travis/build/icyphy/ptII/ptolemy/actor/lib/test/auto/arrayType11.xml (RunModel)" time="0.009" />
  <testcase classname="ptolemy.util.test.junit.AutoTests" name="[408] /home/travis/build/icyphy/ptII/ptolemy/actor/lib/test/auto/arrayType12.xml (RunModel)" time="0.009" />
  <testcase classname="ptolemy.util.test.junit.AutoTests" name="[409] /home/travis/build/icyphy/ptII/ptolemy/actor/lib/test/auto/arrayType13.xml (RunModel)" time="0.009" />
  <testcase classname="ptolemy.util.test.junit.AutoTests" name="[410] /home/travis/build/icyphy/ptII/ptolemy/actor/lib/test/auto/arrayType14.xml (RunModel)" time="0.008" />
  <testcase classname="ptolemy.util.test.junit.AutoTests" name="[411] /home/travis/build/icyphy/ptII/ptolemy/actor/lib/test/auto/arrayType15.xml (RunModel)" time="0.01" />
  <testcase classname="ptolemy.util.test.junit.AutoTests" name="[412] /home/travis/build/icyphy/ptII/ptolemy/actor/lib/test/auto/arrayType16.xml (RunModel)" time="0.009" />
  <testcase classname="ptolemy.util.test.junit.AutoTests" name="[413] /home/travis/build/icyphy/ptII/ptolemy/actor/lib/test/auto/arrayType17.xml (RunModel)" time="0.009" />
  <testcase classname="ptolemy.util.test.junit.AutoTests" name="[414] /home/travis/build/icyphy/ptII/ptolemy/actor/lib/test/auto/arrayType18.xml (RunModel)" time="0.009" />
  <testcase classname="ptolemy.util.test.junit.AutoTests" name="[415] /home/travis/build/icyphy/ptII/ptolemy/actor/lib/test/auto/arrayType19.xml (RunModel)" time="0.009" />
  <testcase classname="ptolemy.util.test.junit.AutoTests" name="[416] /home/travis/build/icyphy/ptII/ptolemy/actor/lib/test/auto/arrayType2.xml (RunModel)" time="0.009" />
  <testcase classname="ptolemy.util.test.junit.AutoTests" name="[417] /home/travis/build/icyphy/ptII/ptolemy/actor/lib/test/auto/arrayType20.xml (RunModel)" time="0.009" />
  <testcase classname="ptolemy.util.test.junit.AutoTests" name="[418] /home/travis/build/icyphy/ptII/ptolemy/actor/lib/test/auto/arrayType21.xml (RunModel)" time="0.008" />
  <testcase classname="ptolemy.util.test.junit.AutoTests" name="[419] /home/travis/build/icyphy/ptII/ptolemy/actor/lib/test/auto/arrayType22.xml (RunModel)" time="0.008" />
  <testcase classname="ptolemy.util.test.junit.AutoTests" name="[420] /home/travis/build/icyphy/ptII/ptolemy/actor/lib/test/auto/arrayType23.xml (RunModel)" time="0.01" />
  <testcase classname="ptolemy.util.test.junit.AutoTests" name="[421] /home/travis/build/icyphy/ptII/ptolemy/actor/lib/test/auto/arrayType24.xml (RunModel)" time="0.012" />
  <testcase classname="ptolemy.util.test.junit.AutoTests" name="[422] /home/travis/build/icyphy/ptII/ptolemy/actor/lib/test/auto/arrayType25.xml (RunModel)" time="0.009" />
  <testcase classname="ptolemy.util.test.junit.AutoTests" name="[423] /home/travis/build/icyphy/ptII/ptolemy/actor/lib/test/auto/arrayType26.xml (RunModel)" time="0.008" />
  <testcase classname="ptolemy.util.test.junit.AutoTests" name="[424] /home/travis/build/icyphy/ptII/ptolemy/actor/lib/test/auto/arrayType27.xml (RunModel)" time="0.008" />
  <testcase classname="ptolemy.util.test.junit.AutoTests" name="[425] /home/travis/build/icyphy/ptII/ptolemy/actor/lib/test/auto/arrayType28.xml (RunModel)" time="0.016" />
  <testcase classname="ptolemy.util.test.junit.AutoTests" name="[426] /home/travis/build/icyphy/ptII/ptolemy/actor/lib/test/auto/arrayType3.xml (RunModel)" time="0.009" />
  <testcase classname="ptolemy.util.test.junit.AutoTests" name="[427] /home/travis/build/icyphy/ptII/ptolemy/actor/lib/test/auto/arrayType4.xml (RunModel)" time="0.009" />
  <testcase classname="ptolemy.util.test.junit.AutoTests" name="[428] /home/travis/build/icyphy/ptII/ptolemy/actor/lib/test/auto/arrayType5.xml (RunModel)" time="0.009" />
  <testcase classname="ptolemy.util.test.junit.AutoTests" name="[429] /home/travis/build/icyphy/ptII/ptolemy/actor/lib/test/auto/arrayType6.xml (RunModel)" time="0.008" />
  <testcase classname="ptolemy.util.test.junit.AutoTests" name="[430] /home/travis/build/icyphy/ptII/ptolemy/actor/lib/test/auto/arrayType7.xml (RunModel)" time="0.017" />
  <testcase classname="ptolemy.util.test.junit.AutoTests" name="[431] /home/travis/build/icyphy/ptII/ptolemy/actor/lib/test/auto/arrayType8.xml (RunModel)" time="0.019" />
  <testcase classname="ptolemy.util.test.junit.AutoTests" name="[432] /home/travis/build/icyphy/ptII/ptolemy/actor/lib/test/auto/arrayType9.xml (RunModel)" time="0.008" />
  <testcase classname="ptolemy.util.test.junit.AutoTests" name="[433] /home/travis/build/icyphy/ptII/ptolemy/actor/lib/test/auto/cast.xml (RunModel)" time="0.008" />
  <testcase classname="ptolemy.util.test.junit.AutoTests" name="[434] /home/travis/build/icyphy/ptII/ptolemy/actor/lib/test/auto/compositeMultiPort.xml (RunModel)" time="0.019" />
  <testcase classname="ptolemy.util.test.junit.AutoTests" name="[435] /home/travis/build/icyphy/ptII/ptolemy/actor/lib/test/auto/expressionCastInference.xml (RunModel)" time="0.012" />
  <testcase classname="ptolemy.util.test.junit.AutoTests" name="[436] /home/travis/build/icyphy/ptII/ptolemy/actor/lib/test/auto/expressionCastInference2.xml (RunModel)" time="0.009" />
  <testcase classname="ptolemy.util.test.junit.AutoTests" name="[437] /home/travis/build/icyphy/ptII/ptolemy/actor/lib/test/auto/expressionInference.xml (RunModel)" time="0.008" />
  <testcase classname="ptolemy.util.test.junit.AutoTests" name="[438] /home/travis/build/icyphy/ptII/ptolemy/actor/lib/test/auto/expression_bug.xml (RunModel)" time="0.01" />
  <testcase classname="ptolemy.util.test.junit.AutoTests" name="[439] /home/travis/build/icyphy/ptII/ptolemy/actor/lib/test/auto/factorial.xml (RunModel)" time="0.053" />
  <testcase classname="ptolemy.util.test.junit.AutoTests" name="[440] /home/travis/build/icyphy/ptII/ptolemy/actor/lib/test/auto/filterTest1.xml (RunModel)" time="0.012" />
  <testcase classname="ptolemy.util.test.junit.AutoTests" name="[441] /home/travis/build/icyphy/ptII/ptolemy/actor/lib/test/auto/funcApplyInConst.xml (RunModel)" time="0.006" />
  <testcase classname="ptolemy.util.test.junit.AutoTests" name="[442] /home/travis/build/icyphy/ptII/ptolemy/actor/lib/test/auto/funcApplyInExpr.xml (RunModel)" time="0.005" />
  <testcase classname="ptolemy.util.test.junit.AutoTests" name="[443] /home/travis/build/icyphy/ptII/ptolemy/actor/lib/test/auto/function.xml (RunModel)" time="0.009" />
  <testcase classname="ptolemy.util.test.junit.AutoTests" name="[444] /home/travis/build/icyphy/ptII/ptolemy/actor/lib/test/auto/function2.xml (RunModel)" time="0.009" />
  <testcase classname="ptolemy.util.test.junit.AutoTests" name="[445] /home/travis/build/icyphy/ptII/ptolemy/actor/lib/test/auto/function3.xml (RunModel)" time="0.007" />
  <testcase classname="ptolemy.util.test.junit.AutoTests" name="[446] /home/travis/build/icyphy/ptII/ptolemy/actor/lib/test/auto/functionClosureTest1.xml (RunModel)" time="0.009" />
  <testcase classname="ptolemy.util.test.junit.AutoTests" name="[447] /home/travis/build/icyphy/ptII/ptolemy/actor/lib/test/auto/functionClosureTest2.xml (RunModel)" time="0.006" />
  <testcase classname="ptolemy.util.test.junit.AutoTests" name="[448] /home/travis/build/icyphy/ptII/ptolemy/actor/lib/test/auto/functionClosureTest3.xml (RunModel)" time="0.008" />
  <testcase classname="ptolemy.util.test.junit.AutoTests" name="[449] /home/travis/build/icyphy/ptII/ptolemy/actor/lib/test/auto/functionClosureTest4.xml (RunModel)" time="0.014" />
  <testcase classname="ptolemy.util.test.junit.AutoTests" name="[450] /home/travis/build/icyphy/ptII/ptolemy/actor/lib/test/auto/functionClosureTest5.xml (RunModel)" time="0.011" />
  <testcase classname="ptolemy.util.test.junit.AutoTests" name="[451] /home/travis/build/icyphy/ptII/ptolemy/actor/lib/test/auto/functionClosureTest6.xml (RunModel)" time="0.009" />
  <testcase classname="ptolemy.util.test.junit.AutoTests" name="[452] /home/travis/build/icyphy/ptII/ptolemy/actor/lib/test/auto/functionsOnArcs.xml (RunModel)" time="0.009" />
  <testcase classname="ptolemy.util.test.junit.AutoTests" name="[453] /home/travis/build/icyphy/ptII/ptolemy/actor/lib/test/auto/functionsOnArcsHOF.xml (RunModel)" time="0.013" />
  <testcase classname="ptolemy.util.test.junit.AutoTests" name="[454] /home/travis/build/icyphy/ptII/ptolemy/actor/lib/test/auto/logic.xml (RunModel)" time="0.017" />
  <testcase classname="ptolemy.util.test.junit.AutoTests" name="[455] /home/travis/build/icyphy/ptII/ptolemy/actor/lib/test/auto/matrixType.xml (RunModel)" time="0.008" />
  <testcase classname="ptolemy.util.test.junit.AutoTests" name="[456] /home/travis/build/icyphy/ptII/ptolemy/actor/lib/test/auto/matrixType10.xml (RunModel)" time="0.009" />
  <testcase classname="ptolemy.util.test.junit.AutoTests" name="[457] /home/travis/build/icyphy/ptII/ptolemy/actor/lib/test/auto/matrixType11.xml (RunModel)" time="0.062" />
  <testcase classname="ptolemy.util.test.junit.AutoTests" name="[458] /home/travis/build/icyphy/ptII/ptolemy/actor/lib/test/auto/matrixType12.xml (RunModel)" time="0.027" />
  <testcase classname="ptolemy.util.test.junit.AutoTests" name="[459] /home/travis/build/icyphy/ptII/ptolemy/actor/lib/test/auto/matrixType13.xml (RunModel)" time="0.037" />
  <testcase classname="ptolemy.util.test.junit.AutoTests" name="[460] /home/travis/build/icyphy/ptII/ptolemy/actor/lib/test/auto/matrixType14.xml (RunModel)" time="0.064" />
  <testcase classname="ptolemy.util.test.junit.AutoTests" name="[461] /home/travis/build/icyphy/ptII/ptolemy/actor/lib/test/auto/matrixType2.xml (RunModel)" time="0.04" />
  <testcase classname="ptolemy.util.test.junit.AutoTests" name="[462] /home/travis/build/icyphy/ptII/ptolemy/actor/lib/test/auto/matrixType3.xml (RunModel)" time="0.026" />
  <testcase classname="ptolemy.util.test.junit.AutoTests" name="[463] /home/travis/build/icyphy/ptII/ptolemy/actor/lib/test/auto/matrixType4.xml (RunModel)" time="0.011" />
  <testcase classname="ptolemy.util.test.junit.AutoTests" name="[464] /home/travis/build/icyphy/ptII/ptolemy/actor/lib/test/auto/matrixType5.xml (RunModel)" time="0.008" />
  <testcase classname="ptolemy.util.test.junit.AutoTests" name="[465] /home/travis/build/icyphy/ptII/ptolemy/actor/lib/test/auto/matrixType6.xml (RunModel)" time="0.007" />
  <testcase classname="ptolemy.util.test.junit.AutoTests" name="[466] /home/travis/build/icyphy/ptII/ptolemy/actor/lib/test/auto/matrixType7.xml (RunModel)" time="0.008" />
  <testcase classname="ptolemy.util.test.junit.AutoTests" name="[467] /home/travis/build/icyphy/ptII/ptolemy/actor/lib/test/auto/matrixType8.xml (RunModel)" time="0.008" />
  <testcase classname="ptolemy.util.test.junit.AutoTests" name="[468] /home/travis/build/icyphy/ptII/ptolemy/actor/lib/test/auto/matrixType9.xml (RunModel)" time="0.008" />
  <testcase classname="ptolemy.util.test.junit.AutoTests" name="[469] /home/travis/build/icyphy/ptII/ptolemy/actor/lib/test/auto/paraFunctest.xml (RunModel)" time="0.007" />
  <testcase classname="ptolemy.util.test.junit.AutoTests" name="[470] /home/travis/build/icyphy/ptII/ptolemy/actor/lib/test/auto/paraFunctest2.xml (RunModel)" time="0.01" />
  <testcase classname="ptolemy.util.test.junit.AutoTests" name="[471] /home/travis/build/icyphy/ptII/ptolemy/actor/lib/test/auto/parameterPassing.xml (RunModel)" time="0.012" />
  <testcase classname="ptolemy.util.test.junit.AutoTests" name="[472] /home/travis/build/icyphy/ptII/ptolemy/actor/lib/test/auto/record.xml (RunModel)" time="0.011" />
  <testcase classname="ptolemy.util.test.junit.AutoTests" name="[473] /home/travis/build/icyphy/ptII/ptolemy/actor/lib/test/auto/sizedarray1.xml (RunModel)" time="0.01" />
  <testcase classname="ptolemy.util.test.junit.AutoTests" name="[474] /home/travis/build/icyphy/ptII/ptolemy/actor/lib/test/auto/sizedarray2.xml (RunModel)" time="0.011" />
  <testcase classname="ptolemy.util.test.junit.AutoTests" name="[475] /home/travis/build/icyphy/ptII/ptolemy/actor/lib/test/auto/twoPublishers.xml (RunModel)" time="0.022" />
  <system-out><![CDATA[/home/travis/build/icyphy/ptII/ptolemy/actor/lib/test/AbsoluteValue.tcl
testDefs.tcl: setting time out to 9000 seconds at Mon May 11 14:23:16 UTC 2020
98 ms. Memory: 129024K Free: 93125K (72%)
4 ms. Memory: 129024K Free: 91077K (71%)
5 ms. Memory: 129024K Free: 90053K (70%)
5 ms. Memory: 129024K Free: 89539K (69%)
/home/travis/build/icyphy/ptII/ptolemy/actor/lib/test/AddSubtract.tcl
16 ms. Memory: 129024K Free: 87477K (68%)
12 ms. Memory: 129024K Free: 86981K (67%)
9 ms. Memory: 129024K Free: 85957K (67%)
13 ms. Memory: 129024K Free: 85429K (66%)
68 ms. Memory: 129024K Free: 82371K (64%)
6 ms. Memory: 129024K Free: 81317K (63%)
/home/travis/build/icyphy/ptII/ptolemy/actor/lib/test/Average.tcl
17 ms. Memory: 129024K Free: 79813K (62%)
19 ms. Memory: 129024K Free: 78789K (61%)
/home/travis/build/icyphy/ptII/ptolemy/actor/lib/test/Bernoulli.tcl
4 ms. Memory: 129024K Free: 77245K (60%)
2 ms. Memory: 129024K Free: 76741K (59%)
/home/travis/build/icyphy/ptII/ptolemy/actor/lib/test/Clock.tcl
preinitializing
resolving types
initializing
executing number 1
wrapping up
idle
26 ms. Memory: 129024K Free: 74179K (57%)
Completed execution with 5 iterations
preinitializing
resolving types
initializing
executing number 1
wrapping up
idle
13 ms. Memory: 129024K Free: 73141K (57%)
Completed execution with 5 iterations
preinitializing
resolving types
initializing
executing number 1
wrapping up
idle
3 ms. Memory: 129024K Free: 72645K (56%)
Completed execution with 5 iterations
/home/travis/build/icyphy/ptII/ptolemy/actor/lib/test/Commutator.tcl
14 ms. Memory: 129024K Free: 70597K (55%)
10 ms. Memory: 129024K Free: 69573K (54%)
9 ms. Memory: 129024K Free: 63925K (50%)
/home/travis/build/icyphy/ptII/ptolemy/actor/lib/test/Const.tcl
4 ms. Memory: 129024K Free: 62405K (48%)
2 ms. Memory: 129024K Free: 61877K (48%)
11 ms. Memory: 129024K Free: 61381K (48%)
10 ms. Memory: 129024K Free: 60867K (47%)
6 ms. Memory: 129024K Free: 60357K (47%)
20 ms. Memory: 129024K Free: 58309K (45%)
9 ms. Memory: 129024K Free: 57285K (44%)
3 ms. Memory: 129024K Free: 56765K (44%)
/home/travis/build/icyphy/ptII/ptolemy/actor/lib/test/CurrentTime.tcl
preinitializing
resolving types
initializing
executing number 1
wrapping up
idle
15 ms. Memory: 129024K Free: 54709K (42%)
Completed execution with 11 iterations
/home/travis/build/icyphy/ptII/ptolemy/actor/lib/test/DB.tcl
4 ms. Memory: 129024K Free: 53189K (41%)
2 ms. Memory: 129024K Free: 52165K (40%)
2 ms. Memory: 129024K Free: 52165K (40%)
/home/travis/build/icyphy/ptII/ptolemy/actor/lib/test/DiscreteRandomSource.tcl
preinitializing
resolving types
initializing
executing number 1
wrapping up
idle
5 ms. Memory: 129024K Free: 50613K (39%)
Completed execution with 4 iterations
preinitializing
resolving types
initializing
executing number 1
wrapping up
idle
2 ms. Memory: 129024K Free: 50117K (39%)
Completed execution with 4 iterations
preinitializing
resolving types
initializing
executing number 1
wrapping up
idle
2 ms. Memory: 129024K Free: 49589K (38%)
Completed execution with 4 iterations
preinitializing
resolving types
initializing
executing number 1
wrapping up
idle
2 ms. Memory: 129024K Free: 49093K (38%)
Completed execution with 4 iterations
preinitializing
resolving types
initializing
executing number 1
wrapping up
idle
4 ms. Memory: 129024K Free: 48565K (38%)
Completed execution with 4 iterations
/home/travis/build/icyphy/ptII/ptolemy/actor/lib/test/Distributor.tcl
28 ms. Memory: 129024K Free: 113717K (88%)
5 ms. Memory: 129024K Free: 113006K (88%)
StreamChangeRequest.changeExecuted(): <deleteEntity name="rec2"/> succeeded
StreamChangeRequest.changeExecuted(): <deleteRelation name="r2"/> succeeded
StreamChangeRequest.changeExecuted(): Record firings per iteration succeeded
15 ms. Memory: 129024K Free: 110541K (86%)
/home/travis/build/icyphy/ptII/ptolemy/actor/lib/test/Exit.tcl
Exit.tcl: this will print a message about Manager.exitAfterWrapup, which can be ignored.
15 ms. Memory: 129024K Free: 107542K (83%)
/home/travis/build/icyphy/ptII/ptolemy/actor/lib/test/Expression.tcl
12 ms. Memory: 129024K Free: 103937K (81%)
3 ms. Memory: 129024K Free: 103492K (80%)
3 ms. Memory: 129024K Free: 102467K (79%)
preinitializing
resolving types
initializing
executing number 1
wrapping up
idle
7 ms. Memory: 129024K Free: 101397K (79%)
Completed execution with 6 iterations
4 ms. Memory: 129024K Free: 100395K (78%)
3 ms. Memory: 129024K Free: 99825K (77%)
7 ms. Memory: 129024K Free: 98253K (76%)
9 ms. Memory: 129024K Free: 96753K (75%)
7 ms. Memory: 129024K Free: 95759K (74%)
/home/travis/build/icyphy/ptII/ptolemy/actor/lib/test/Gaussian.tcl
5 ms. Memory: 129024K Free: 94157K (73%)
sleeping 1 seconds: .......................................................................................................................................................................................................................................................................................................................................................................................................................................................................................................................................................................................................................................................................................................................................................................................................................................................................................................................................................................................................................................................................................................................................................................................................................................................................................................................................................................................................................................................................................................................................................................................................................................................................................................................................................................................................................................................................................................................................................................................................................................................................................................................................................................................................................................................................................................................................................................................................................................................................................................................................................................................................................................................................................................................................................................................................................................................................................................................................................................................................................................................................................................................................................................................................................................................................................................................................................................................................................................................................................................................................................................................................................................................................................................................................................................................................................................................................................................................................................................................................................................................................................................................................................................................................................................................................................................................................................................................................................................................................................................................................................................................................................................................................................................................................................................................................................................................................................................................................................................................................................................................................................................................................................................................................................................................................................................................................................................................................................................................................................................................................................................................................................................................................................................................................................................................................................................................................................................................................................................................................................................................................................................................................................................................................................................................................................................................................................................................................................................................................................................................................................................................................................................................................................................................................................................................................................................................................................................................................................................................................................................................................................................................................................................................................................................................................................................................................................................................................................................................................................................................................................................................................................................................................................................................................................................................................................................................................................................................................................................................................................................................................................................................................................................................................................................................................................................................................................................................................................................................................................................................................................................................................................................................................................................................................................................................................................................................................................................................................................................................................................................................................................................................................................................................................................................................................................................................................................................................................................................................................................................................................................................................................................................................................................................................................................................................................................................................................................................................................................................................................................................................................................................................................................................................................................................................................................................................................................................................................................................................................................................................................................................................................................................................................................................................................................................................................................................................................................................................................................................................................................................................................................................................................................................................................................................................................................................................................................................................................................................................................................................................................................................................................................................................................................................................................................................................................................................................................................................................................................................................................................................................................................................................................................................................................................................................................................................................................................................................................................................................................................................................................................................................................................................................................................................................................................................................................................................................................................................................................................................................................................................................................................................................................................................................................................................................................................................................................................................................................................................................................................................................................................................................................................................................................................................................................................................................................................................................................................................................................................................................................................................................................................................................................................................................................................................................................................................................................................................................................................................................................................................................................................................................................................................................................................................................................................................................................................................................................................................................................................................................................................................................................................................................................................................................................................................................................................................................................................................................................................................................................................................................................................................................................................................................................................................................................................................................................................................................................................................................................................................................................................................................................................................................................................................................................................................................................................................................................................................................................................................................................................................................................................................................................................................................................................................................................................................................................................................................................................................................................................................................................................................................................................................................................................................................................................................................................................................................................................................................................................................................................................................................................................................................................................................................................................................................................................................................................................................................................................................................................................................................................................................................................................................................................................................................................................................................................................................................................................................................................................................................................................................................................................................................................................................................................................................................................................................................................................................................................................................................................................................................................................................................................................................................................................................................................................................................................................................................................................................................................................................................................................................................................................................................................................................................................................................................................................................................................................................................................................................................................................................................................................................................................................................................................................................................................................................................................................................................................................................................................................3 ms. Memory: 129024K Free: 68573K (53%)
6 ms. Memory: 129024K Free: 113585K (88%)
3 ms. Memory: 129024K Free: 113075K (88%)
7 ms. Memory: 129024K Free: 112374K (87%)
3 ms. Memory: 129024K Free: 111537K (86%)
/home/travis/build/icyphy/ptII/ptolemy/actor/lib/test/IIR.tcl
/home/travis/build/icyphy/ptII/ptolemy/actor/lib/test/Interpolator.tcl
4 ms. Memory: 129024K Free: 107955K (84%)
3 ms. Memory: 129024K Free: 107441K (83%)
5 ms. Memory: 129024K Free: 106931K (83%)
1 ms. Memory: 129024K Free: 106403K (82%)
16 ms. Memory: 129024K Free: 105393K (82%)
2 ms. Memory: 129024K Free: 104883K (81%)
1 ms. Memory: 129024K Free: 103859K (80%)
2 ms. Memory: 129024K Free: 102835K (80%)
1 ms. Memory: 129024K Free: 101811K (79%)
2 ms. Memory: 129024K Free: 101267K (78%)
/home/travis/build/icyphy/ptII/ptolemy/actor/lib/test/MathFunction.tcl
5 ms. Memory: 129024K Free: 99235K (77%)
2 ms. Memory: 129024K Free: 97715K (76%)
6 ms. Memory: 129024K Free: 96691K (75%)
2 ms. Memory: 129024K Free: 96171K (75%)
12 ms. Memory: 129024K Free: 94643K (73%)
9 ms. Memory: 129024K Free: 93091K (72%)
/home/travis/build/icyphy/ptII/ptolemy/actor/lib/test/Maximum.tcl
3 ms. Memory: 129024K Free: 91057K (71%)
2 ms. Memory: 129024K Free: 90547K (70%)
2 ms. Memory: 129024K Free: 89523K (69%)
2 ms. Memory: 129024K Free: 89003K (69%)
/home/travis/build/icyphy/ptII/ptolemy/actor/lib/test/Minimum.tcl
3 ms. Memory: 129024K Free: 87475K (68%)
2 ms. Memory: 129024K Free: 86451K (67%)
2 ms. Memory: 129024K Free: 85907K (67%)
2 ms. Memory: 129024K Free: 85427K (66%)
/home/travis/build/icyphy/ptII/ptolemy/actor/lib/test/MultiplyDivide.tcl
4 ms. Memory: 129024K Free: 83379K (65%)
2 ms. Memory: 129024K Free: 82851K (64%)
3 ms. Memory: 129024K Free: 81841K (63%)
2 ms. Memory: 129024K Free: 81331K (63%)
2 ms. Memory: 129024K Free: 80803K (63%)
/home/travis/build/icyphy/ptII/ptolemy/actor/lib/test/OrderedMerge.tcl
Connections changed on port: inputA
Connections changed on port: inputB
Connections changed on port: output
Connections changed on port: output
Connections changed on port: output
Connections changed on port: input
.top. Preinitializing ...
Invoking preinitialize():  .top.OrderedMerge
Called preinitialize()
Invoking preinitialize():  .top.Ramp
Called preinitialize()
Invoking preinitialize():  .top.Ramp2
Called preinitialize()
Invoking preinitialize():  .top.Test
Called preinitialize()
Connections changed on port: inputA
Connections changed on port: output
Connections changed on port: output
Connections changed on port: input
Connections changed on port: inputB
Connections changed on port: output
.top. Finished preinitialize().
Called initialize().
Invoking initialize():  .top.OrderedMerge
Initializing actor: .top.OrderedMerge
Adding a thread: .top.OrderedMerge
Invoking initialize():  .top.Ramp
Initializing actor: .top.Ramp
Adding a thread: .top.Ramp
Invoking initialize():  .top.Ramp2
Initializing actor: .top.Ramp2
Adding a thread: .top.Ramp2
Invoking initialize():  .top.Test
Initializing actor: .top.Test
Adding a thread: .top.Test
Called fire().
Checking for deadlock:
-- Starting thread.
Called initialize()
Called prefire()
Called fire()
-- Starting thread.
Called initialize()
-- Starting thread.
Called initialize()
Called prefire()
Called prefire()
Called fire()
Called fire()
-- Starting thread.
Called initialize()
Called prefire()
Called fire()
There are 0 Blocked actors, 0 Stopped actors, and 4 active threads.
Waiting for actors to stop.
Called postfire()
Called prefire()
Called fire()
Called postfire()
Called prefire()
Called fire()
Called postfire()
Called prefire()
Called fire()
Read input token from inputA with value 0.0
Next port to read input from is inputB
Called postfire()
Called prefire()
Called fire()
Read input token from inputB with value 0.0
Sent output token with value 0.0
Next port to read input from is inputA
Called postfire()
Called prefire()
Called fire()
Read input token from inputA with value 1.0
Checking for deadlock:
There are 1 Blocked actors, 0 Stopped actors, and 4 active threads.
Waiting for actors to stop.
Called postfire()
Called prefire()
Called fire()
-- Read input: 0.0, which is expected to match: 0.0
Called prefire()
Called fire()
Called postfire()
Called prefire()
Called fire()
Sent output token with value 0.0
Next port to read input from is inputB
Called postfire()
Called prefire()
Called fire()
Read input token from inputB with value 1.5
Checking for deadlock:
There are 2 Blocked actors, 0 Stopped actors, and 4 active threads.
Waiting for actors to stop.
Called postfire()
Called prefire()
-- Read input: 0.0, which is expected to match: 0.0
Called fire()
Called prefire()
Called fire()
Checking for deadlock:
There are 3 Blocked actors, 0 Stopped actors, and 4 active threads.
Waiting for actors to stop.
-- Read input: 1.0, which is expected to match: 1.0
Called prefire()
Called fire()
Sent output token with value 1.0
Next port to read input from is inputA
Called postfire()
Called prefire()
Called fire()
Read input token from inputA with value 2.0
Sent output token with value 1.5
Next port to read input from is inputB
Called postfire()
Called prefire()
Called fire()
Read input token from inputB with value 3.0
Checking for deadlock:
There are 1 Blocked actors, 0 Stopped actors, and 4 active threads.
Waiting for actors to stop.
Called postfire()
Called postfire()
Called prefire()
Called prefire()
Called fire()
Called fire()
-- Read input: 1.5, which is expected to match: 1.5
Called prefire()
Called fire()
Checking for deadlock:
There are 3 Blocked actors, 0 Stopped actors, and 4 active threads.
Waiting for actors to stop.
Sent output token with value 2.0
Next port to read input from is inputA
Called postfire()
Called prefire()
Called fire()
Read input token from inputA with value 3.0
Checking for deadlock:
There are 2 Blocked actors, 0 Stopped actors, and 4 active threads.
Waiting for actors to stop.
Called postfire()
Called prefire()
Called fire()
-- Read input: 2.0, which is expected to match: 2.0
Called prefire()
Called fire()
Checking for deadlock:
There are 3 Blocked actors, 0 Stopped actors, and 4 active threads.
Waiting for actors to stop.
-- Read input: 3.0, which is expected to match: 3.0
Called prefire()
Called fire()
Sent output token with value 3.0
Next port to read input from is inputB
Called postfire()
Called prefire()
Called fire()
Read input token from inputB with value 4.5
Sent output token with value 3.0
Next port to read input from is inputA
Called postfire()
Called prefire()
Called fire()
Read input token from inputA with value 4.0
Checking for deadlock:
There are 1 Blocked actors, 0 Stopped actors, and 4 active threads.
Waiting for actors to stop.
Called postfire()
Called postfire()
Called prefire()
Called fire()
-- Read input: 3.0, which is expected to match: 3.0
Called prefire()
Called fire()
Called prefire()
Called fire()
Sent output token with value 4.0
Next port to read input from is inputA
Called postfire()
Called prefire()
Called fire()
Read input token from inputA with value 5.0
Checking for deadlock:
There are 2 Blocked actors, 0 Stopped actors, and 4 active threads.
Waiting for actors to stop.
-- Read input: 4.0, which is expected to match: 4.0
Called prefire()
Called fire()
Past the end of training data. Read and discard all inputs.
Called postfire()
Called prefire()
Called fire()
Checking for deadlock:
There are 3 Blocked actors, 0 Stopped actors, and 4 active threads.
Waiting for actors to stop.
Called prefire()
Called fire()
Past the end of training data. Read and discard all inputs.
Sent output token with value 4.5
Next port to read input from is inputB
Called postfire()
Called prefire()
Called fire()
Read input token from inputB with value 6.0
Sent output token with value 5.0
Next port to read input from is inputA
Called postfire()
Called prefire()
Called fire()
Read input token from inputA with value 6.0
Checking for deadlock:
There are 1 Blocked actors, 0 Stopped actors, and 4 active threads.
Waiting for actors to stop.
Called prefire()
Called fire()
Past the end of training data. Read and discard all inputs.
Called postfire()
Called prefire()
Called postfire()
Called fire()
Called prefire()
Called fire()
Checking for deadlock:
There are 3 Blocked actors, 0 Stopped actors, and 4 active threads.
Waiting for actors to stop.
Called prefire()
Called fire()
Past the end of training data. Read and discard all inputs.
Sent output token with value 6.0
Next port to read input from is inputB
Called postfire()
Called prefire()
Called fire()
Read input token from inputB with value 7.5
Sent output token with value 6.0
Next port to read input from is inputA
Called postfire()
Called prefire()
Called fire()
Read input token from inputA with value 7.0
Checking for deadlock:
There are 1 Blocked actors, 0 Stopped actors, and 4 active threads.
Waiting for actors to stop.
Called postfire()
Called prefire()
Called fire()
Called prefire()
Called postfire()
Called prefire()
Called fire()
Called fire()
Past the end of training data. Read and discard all inputs.
Checking for deadlock:
There are 1 Blocked actors, 0 Stopped actors, and 4 active threads.
Waiting for actors to stop.
Called prefire()
Called fire()
Past the end of training data. Read and discard all inputs.
Sent output token with value 7.0
Next port to read input from is inputA
Called postfire()
Called prefire()
Called fire()
Read input token from inputA with value 8.0
Sent output token with value 7.5
Next port to read input from is inputB
Called postfire()
Called prefire()
Called fire()
Read input token from inputB with value 9.0
Checking for deadlock:
There are 1 Blocked actors, 0 Stopped actors, and 4 active threads.
Waiting for actors to stop.
-- Thread wrapup() called.
Called wrapup()
Thread .top.Ramp is exiting.
-- Thread stopped.
Called prefire()
Called postfire()
Checking for deadlock:
Called prefire()
Called fire()
Called fire()
Past the end of training data. Read and discard all inputs.
There are 0 Blocked actors, 0 Stopped actors, and 3 active threads.
Waiting for actors to stop.
Called prefire()
Called fire()
Past the end of training data. Read and discard all inputs.
Checking for deadlock:
There are 2 Blocked actors, 0 Stopped actors, and 3 active threads.
Waiting for actors to stop.
Sent output token with value 8.0
Next port to read input from is inputA
Called postfire()
Called prefire()
Called fire()
Read input token from inputA with value 9.0
Called prefire()
Called fire()
Past the end of training data. Read and discard all inputs.
Checking for deadlock:
There are 2 Blocked actors, 0 Stopped actors, and 3 active threads.
Waiting for actors to stop.
Sent output token with value 9.0
Next port to read input from is inputB
Called postfire()
Called prefire()
Called fire()
Called postfire()
Read input token from inputB with value 10.5
Called prefire()
Called fire()
Sent output token with value 9.0
Next port to read input from is inputA
Called postfire()
Called prefire()
Called fire()
Checking for deadlock:
There are 2 Blocked actors, 0 Stopped actors, and 3 active threads.
Waiting for actors to stop.
Called prefire()
Called fire()
Past the end of training data. Read and discard all inputs.
Checking for deadlock:
There are 3 Blocked actors, 0 Stopped actors, and 3 active threads.
Actors have stopped.
Checking for deadlock:
There are 3 Blocked actors, 0 Stopped actors, and 3 active threads.
Deadlock detected.
Resolving Deadlock
Checking for deadlock:
There are 3 Blocked actors, 0 Stopped actors, and 3 active threads.
Artificial Deadlock - increasing queue capacity.
increasing the capacity of receiver ptolemy.actor.TypedIOPort {.top.OrderedMerge.inputB} to 2
-- Thread wrapup() called.
Director: Called postfire().
Called wrapup()
Called postfire().
_stopRequested = false
_stopFireRequested = false
Returning from postfire(): true
Thread .top.Ramp2 is exiting.
-- Thread stopped.
Called fire().
Checking for deadlock:
There are 2 Blocked actors, 0 Stopped actors, and 2 active threads.
Actors have stopped.
Checking for deadlock:
There are 2 Blocked actors, 0 Stopped actors, and 2 active threads.
Deadlock detected.
Resolving Deadlock
Checking for deadlock:
There are 2 Blocked actors, 0 Stopped actors, and 2 active threads.
Deadlock detected: no processes blocked on write, but some are blocked on read.
Called postfire().
_stopRequested = false
_stopFireRequested = false
Returning from postfire(): false
Finished deactivating branches.
Called wrapup().
-- Thread wrapup() called.
-- Thread wrapup() called.
Called wrapup()
Called wrapup()
Thread .top.OrderedMerge is exiting.
-- Thread stopped.
-- Blocked Receiver call threw TerminateProcessException.
Thread .top.Test is exiting.
-- Thread stopped.
-- Blocked Receiver call threw TerminateProcessException.
63 ms. Memory: 129024K Free: 75697K (59%)
.top. Preinitializing ...
Invoking preinitialize():  .top.OrderedMerge
Called preinitialize()
Invoking preinitialize():  .top.Ramp
Called preinitialize()
Invoking preinitialize():  .top.Ramp2
Called preinitialize()
Invoking preinitialize():  .top.Test
Called preinitialize()
.top. Finished preinitialize().
Called initialize().
Invoking initialize():  .top.OrderedMerge
Initializing actor: .top.OrderedMerge
Adding a thread: .top.OrderedMerge
Invoking initialize():  .top.Ramp
Initializing actor: .top.Ramp
Adding a thread: .top.Ramp
Invoking initialize():  .top.Ramp2
Initializing actor: .top.Ramp2
Adding a thread: .top.Ramp2
Invoking initialize():  .top.Test
Initializing actor: .top.Test
Adding a thread: .top.Test
-- Starting thread.
Called initialize()
Called prefire()
Called fire()
Called postfire()
Called prefire()
Called fire()
-- Starting thread.
Called initialize()
Called prefire()
Called fire()
-- Starting thread.
Called initialize()
Called prefire()
Called fire()
Called postfire()
Called prefire()
Called fire()
Called fire().
Checking for deadlock:
There are 3 Blocked actors, 0 Stopped actors, and 4 active threads.
Waiting for actors to stop.
-- Starting thread.
Called initialize()
Called prefire()
Called fire()
Called postfire()
Called prefire()
Called fire()
Read input token from inputA with value 0.0
Next port to read input from is inputB
Called postfire()
Called prefire()
Called fire()
Read input token from inputB with value 0.0
Sent output token with value 0.0
Next port to read input from is inputA
Called postfire()
Called prefire()
Called fire()
Read input token from inputA with value 1.0
-- Read input: 0.0, which is expected to match: 0.0
Called prefire()
Called fire()
Checking for deadlock:
There are 1 Blocked actors, 0 Stopped actors, and 4 active threads.
Waiting for actors to stop.
Called postfire()
Called prefire()
Called fire()
Called postfire()
Called prefire()
Called fire()
Checking for deadlock:
There are 3 Blocked actors, 0 Stopped actors, and 4 active threads.
Waiting for actors to stop.
-- Read input: 0.0, which is expected to match: 0.0
Called prefire()
Called fire()
Checking for deadlock:
There are 3 Blocked actors, 0 Stopped actors, and 4 active threads.
Waiting for actors to stop.
Sent output token with value 0.0
Next port to read input from is inputB
Called postfire()
Called prefire()
Called fire()
Checking for deadlock:
There are 2 Blocked actors, 0 Stopped actors, and 4 active threads.
Waiting for actors to stop.
Called postfire()
Called prefire()
Called fire()
Checking for deadlock:
There are 3 Blocked actors, 0 Stopped actors, and 4 active threads.
Waiting for actors to stop.
Read input token from inputB with value 1.5
Sent output token with value 1.0
Next port to read input from is inputA
Called postfire()
Called prefire()
Called fire()
Read input token from inputA with value 2.0
Called postfire()
Called prefire()
Called fire()
Checking for deadlock:
There are 3 Blocked actors, 0 Stopped actors, and 4 active threads.
Waiting for actors to stop.
-- Read input: 1.0, which is expected to match: 1.0
Called prefire()
Called fire()
Checking for deadlock:
There are 3 Blocked actors, 0 Stopped actors, and 4 active threads.
Waiting for actors to stop.
-- Read input: 1.5, which is expected to match: 1.5
Called prefire()
Called fire()
Checking for deadlock:
There are 3 Blocked actors, 0 Stopped actors, and 4 active threads.
Waiting for actors to stop.
Sent output token with value 1.5
Next port to read input from is inputB
Called postfire()
Called prefire()
Called fire()
Checking for deadlock:
There are 2 Blocked actors, 0 Stopped actors, and 4 active threads.
Waiting for actors to stop.
Called postfire()
Called prefire()
Called fire()
Checking for deadlock:
There are 3 Blocked actors, 0 Stopped actors, and 4 active threads.
Waiting for actors to stop.
Read input token from inputB with value 3.0
Sent output token with value 2.0
Next port to read input from is inputA
Called postfire()
Called prefire()
Called fire()
Read input token from inputA with value 3.0
Called postfire()
Called prefire()
Called fire()
Checking for deadlock:
There are 3 Blocked actors, 0 Stopped actors, and 4 active threads.
Waiting for actors to stop.
-- Read input: 2.0, which is expected to match: 2.0
Called prefire()
Called fire()
Checking for deadlock:
There are 3 Blocked actors, 0 Stopped actors, and 4 active threads.
Waiting for actors to stop.
-- Read input: 3.0, which is expected to match: 3.0
Called prefire()
Called fire()
Checking for deadlock:
There are 3 Blocked actors, 0 Stopped actors, and 4 active threads.
Waiting for actors to stop.
Sent output token with value 3.0
Next port to read input from is inputB
Called postfire()
Called prefire()
Called fire()
Checking for deadlock:
There are 2 Blocked actors, 0 Stopped actors, and 4 active threads.
Waiting for actors to stop.
Called postfire()
Called prefire()
Called fire()
Checking for deadlock:
There are 3 Blocked actors, 0 Stopped actors, and 4 active threads.
Waiting for actors to stop.
Read input token from inputB with value 4.5
Sent output token with value 3.0
Next port to read input from is inputA
Called postfire()
Called prefire()
Called fire()
Read input token from inputA with value 4.0
Checking for deadlock:
There are 2 Blocked actors, 0 Stopped actors, and 4 active threads.
Waiting for actors to stop.
Called postfire()
Called prefire()
Called fire()
-- Read input: 3.0, which is expected to match: 3.0
Called prefire()
Called fire()
Checking for deadlock:
There are 3 Blocked actors, 0 Stopped actors, and 4 active threads.
Waiting for actors to stop.
-- Read input: 4.0, which is expected to match: 4.0
Called prefire()
Called fire()
Past the end of training data. Read and discard all inputs.
Checking for deadlock:
There are 3 Blocked actors, 0 Stopped actors, and 4 active threads.
Waiting for actors to stop.
Sent output token with value 4.0
Next port to read input from is inputA
Called postfire()
Called prefire()
Called fire()
Checking for deadlock:
There are 2 Blocked actors, 0 Stopped actors, and 4 active threads.
Waiting for actors to stop.
Called postfire()
Called prefire()
Called fire()
Checking for deadlock:
There are 3 Blocked actors, 0 Stopped actors, and 4 active threads.
Waiting for actors to stop.
Read input token from inputA with value 5.0
Checking for deadlock:
There are 2 Blocked actors, 0 Stopped actors, and 4 active threads.
Waiting for actors to stop.
Called prefire()
Called fire()
Past the end of training data. Read and discard all inputs.
Checking for deadlock:
There are 3 Blocked actors, 0 Stopped actors, and 4 active threads.
Waiting for actors to stop.
Sent output token with value 4.5
Next port to read input from is inputB
Called postfire()
Called prefire()
Called fire()
Checking for deadlock:
There are 2 Blocked actors, 0 Stopped actors, and 4 active threads.
Waiting for actors to stop.
Called postfire()
Called prefire()
Called fire()
Checking for deadlock:
There are 3 Blocked actors, 0 Stopped actors, and 4 active threads.
Waiting for actors to stop.
Read input token from inputB with value 6.0
Sent output token with value 5.0
Next port to read input from is inputA
Called postfire()
Called prefire()
Called fire()
Read input token from inputA with value 6.0
Checking for deadlock:
There are 2 Blocked actors, 0 Stopped actors, and 4 active threads.
Waiting for actors to stop.
Called postfire()
Called prefire()
Called fire()
Called prefire()
Called fire()
Past the end of training data. Read and discard all inputs.
Checking for deadlock:
There are 3 Blocked actors, 0 Stopped actors, and 4 active threads.
Waiting for actors to stop.
Called prefire()
Called fire()
Past the end of training data. Read and discard all inputs.
Checking for deadlock:
There are 3 Blocked actors, 0 Stopped actors, and 4 active threads.
Waiting for actors to stop.
Sent output token with value 6.0
Next port to read input from is inputB
Called postfire()
Called prefire()
Called fire()
Checking for deadlock:
There are 2 Blocked actors, 0 Stopped actors, and 4 active threads.
Waiting for actors to stop.
Called postfire()
Called prefire()
Called fire()
Checking for deadlock:
There are 3 Blocked actors, 0 Stopped actors, and 4 active threads.
Waiting for actors to stop.
Read input token from inputB with value 7.5
Checking for deadlock:
There are 2 Blocked actors, 0 Stopped actors, and 4 active threads.
Waiting for actors to stop.
Called prefire()
Called fire()
Past the end of training data. Read and discard all inputs.
Checking for deadlock:
There are 3 Blocked actors, 0 Stopped actors, and 4 active threads.
Waiting for actors to stop.
Sent output token with value 6.0
Next port to read input from is inputA
Called postfire()
Called prefire()
Called fire()
Called postfire()
Called prefire()
Called fire()
Checking for deadlock:
There are 3 Blocked actors, 0 Stopped actors, and 4 active threads.
Waiting for actors to stop.
Read input token from inputA with value 7.0
Called prefire()
Called fire()
Past the end of training data. Read and discard all inputs.
Checking for deadlock:
There are 3 Blocked actors, 0 Stopped actors, and 4 active threads.
Waiting for actors to stop.
Sent output token with value 7.0
Next port to read input from is inputA
Called postfire()
Called prefire()
Called fire()
-- Thread wrapup() called.
Called wrapup()
Thread .top.Ramp is exiting.
-- Thread stopped.
Checking for deadlock:
There are 2 Blocked actors, 0 Stopped actors, and 3 active threads.
Waiting for actors to stop.
Read input token from inputA with value 8.0
Checking for deadlock:
There are 1 Blocked actors, 0 Stopped actors, and 3 active threads.
Waiting for actors to stop.
Called prefire()
Called fire()
Past the end of training data. Read and discard all inputs.
Checking for deadlock:
There are 2 Blocked actors, 0 Stopped actors, and 3 active threads.
Waiting for actors to stop.
Sent output token with value 7.5
Next port to read input from is inputB
Called postfire()
Called prefire()
Called fire()
Checking for deadlock:
There are 1 Blocked actors, 0 Stopped actors, and 3 active threads.
Waiting for actors to stop.
Called postfire()
Called prefire()
Called fire()
Checking for deadlock:
There are 2 Blocked actors, 0 Stopped actors, and 3 active threads.
Waiting for actors to stop.
Read input token from inputB with value 9.0
Checking for deadlock:
There are 1 Blocked actors, 0 Stopped actors, and 3 active threads.
Waiting for actors to stop.
Called prefire()
Called fire()
Past the end of training data. Read and discard all inputs.
Checking for deadlock:
There are 2 Blocked actors, 0 Stopped actors, and 3 active threads.
Waiting for actors to stop.
Sent output token with value 8.0
Next port to read input from is inputA
Called postfire()
Called prefire()
Called fire()
Read input token from inputA with value 9.0
Called prefire()
Called fire()
Past the end of training data. Read and discard all inputs.
Checking for deadlock:
There are 2 Blocked actors, 0 Stopped actors, and 3 active threads.
Waiting for actors to stop.
Sent output token with value 9.0
Next port to read input from is inputB
Called postfire()
Called prefire()
Called fire()
Checking for deadlock:
There are 1 Blocked actors, 0 Stopped actors, and 3 active threads.
Waiting for actors to stop.
Called postfire()
Called prefire()
Called fire()
Checking for deadlock:
There are 2 Blocked actors, 0 Stopped actors, and 3 active threads.
Waiting for actors to stop.
Read input token from inputB with value 10.5
Checking for deadlock:
There are 1 Blocked actors, 0 Stopped actors, and 3 active threads.
Waiting for actors to stop.
Called prefire()
Called fire()
Past the end of training data. Read and discard all inputs.
Checking for deadlock:
There are 2 Blocked actors, 0 Stopped actors, and 3 active threads.
Waiting for actors to stop.
Sent output token with value 9.0
Next port to read input from is inputA
Called postfire()
Called prefire()
Called fire()
Checking for deadlock:
There are 3 Blocked actors, 0 Stopped actors, and 3 active threads.
Actors have stopped.
Checking for deadlock:
There are 3 Blocked actors, 0 Stopped actors, and 3 active threads.
Deadlock detected.
Resolving Deadlock
Checking for deadlock:
There are 3 Blocked actors, 0 Stopped actors, and 3 active threads.
Artificial Deadlock - increasing queue capacity.
increasing the capacity of receiver ptolemy.actor.TypedIOPort {.top.OrderedMerge.inputB} to 2
Director: Called postfire().
Called postfire().
_stopRequested = false
_stopFireRequested = false
Returning from postfire(): true
Called fire().
Checking for deadlock:
There are 2 Blocked actors, 0 Stopped actors, and 3 active threads.
Waiting for actors to stop.
-- Thread wrapup() called.
Called wrapup()
Thread .top.Ramp2 is exiting.
-- Thread stopped.
Checking for deadlock:
There are 2 Blocked actors, 0 Stopped actors, and 2 active threads.
Actors have stopped.
Checking for deadlock:
There are 2 Blocked actors, 0 Stopped actors, and 2 active threads.
Deadlock detected.
Resolving Deadlock
Checking for deadlock:
There are 2 Blocked actors, 0 Stopped actors, and 2 active threads.
Deadlock detected: no processes blocked on write, but some are blocked on read.
Called postfire().
_stopRequested = false
_stopFireRequested = false
Returning from postfire(): false
Finished deactivating branches.
Called wrapup().
-- Thread wrapup() called.
Called wrapup()
-- Thread wrapup() called.
Called wrapup()
Thread .top.Test is exiting.
-- Thread stopped.
-- Blocked Receiver call threw TerminateProcessException.
Thread .top.OrderedMerge is exiting.
-- Thread stopped.
-- Blocked Receiver call threw TerminateProcessException.
30 ms. Memory: 129024K Free: 73139K (57%)
/home/travis/build/icyphy/ptII/ptolemy/actor/lib/test/Publisher.tcl
22 ms. Memory: 129024K Free: 66995K (52%)
4 ms. Memory: 129024K Free: 61875K (48%)
2 ms. Memory: 129024K Free: 58289K (45%)
8 ms. Memory: 129024K Free: 57251K (44%)
8 ms. Memory: 129024K Free: 112433K (87%)
23 ms. Memory: 129024K Free: 112330K (87%)
8 ms. Memory: 129024K Free: 111908K (87%)
3 ms. Memory: 129024K Free: 110884K (86%)
17 ms. Memory: 129024K Free: 101154K (78%)
3 ms. Memory: 129024K Free: 97058K (75%)
2 ms. Memory: 129024K Free: 96548K (75%)
3 ms. Memory: 129024K Free: 94500K (73%)
5 ms. Memory: 129024K Free: 86818K (67%)
5 ms. Memory: 129024K Free: 77092K (60%)
8 ms. Memory: 129024K Free: 66338K (51%)
/home/travis/build/icyphy/ptII/ptolemy/actor/lib/test/Pulse.tcl
4 ms. Memory: 129024K Free: 77836K (60%)
9 ms. Memory: 129024K Free: 77340K (60%)
1 ms. Memory: 129024K Free: 76796K (60%)
1 ms. Memory: 129024K Free: 76316K (59%)
1 ms. Memory: 129024K Free: 75788K (59%)
7 ms. Memory: 129024K Free: 74709K (58%)
8 ms. Memory: 129024K Free: 73740K (57%)
1 ms. Memory: 129024K Free: 72716K (56%)
1 ms. Memory: 129024K Free: 72220K (56%)
/home/travis/build/icyphy/ptII/ptolemy/actor/lib/test/Ramp.tcl
8 ms. Memory: 129024K Free: 70172K (54%)
3 ms. Memory: 129024K Free: 69644K (54%)
3 ms. Memory: 129024K Free: 68620K (53%)
2 ms. Memory: 129024K Free: 68124K (53%)
5 ms. Memory: 129024K Free: 67100K (52%)
7 ms. Memory: 129024K Free: 66076K (51%)
5 ms. Memory: 129024K Free: 65548K (51%)
5 actors
8000 microseconds per iteration to create
14 ms. Memory: 129024K Free: 62490K (48%)
6 ms. Memory: 129024K Free: 61980K (48%)
2 ms. Memory: 129024K Free: 61436K (48%)
1 ms. Memory: 129024K Free: 60956K (47%)
50 actors
48000 microseconds per iteration to create
42 ms. Memory: 155648K Free: 124968K (80%)
6 ms. Memory: 155648K Free: 123950K (80%)
5 ms. Memory: 155648K Free: 122926K (79%)
5 ms. Memory: 155648K Free: 121902K (78%)
500 actors
1475000 microseconds per iteration to create
272 ms. Memory: 155648K Free: 97932K (63%)
46 ms. Memory: 155648K Free: 92812K (60%)
47 ms. Memory: 155648K Free: 87178K (56%)
36 ms. Memory: 155648K Free: 82058K (53%)
/home/travis/build/icyphy/ptII/ptolemy/actor/lib/test/RampContinuous.tcl
13 ms. Memory: 155648K Free: 80524K (52%)
/home/travis/build/icyphy/ptII/ptolemy/actor/lib/test/RecordAssembler.tcl
7 ms. Memory: 155648K Free: 78971K (51%)
5 ms. Memory: 155648K Free: 77931K (50%)
/home/travis/build/icyphy/ptII/ptolemy/actor/lib/test/RecordDisassembler.tcl
13 ms. Memory: 155648K Free: 76428K (49%)
5 ms. Memory: 155648K Free: 75914K (49%)
4 ms. Memory: 155648K Free: 74380K (48%)
/home/travis/build/icyphy/ptII/ptolemy/actor/lib/test/Scale.tcl
3 ms. Memory: 155648K Free: 72827K (47%)
1 ms. Memory: 155648K Free: 71787K (46%)
2 ms. Memory: 155648K Free: 71308K (46%)
2 ms. Memory: 155648K Free: 70284K (45%)
4 ms. Memory: 155648K Free: 69260K (44%)
/home/travis/build/icyphy/ptII/ptolemy/actor/lib/test/SequentialClock.tcl
preinitializing
resolving types
initializing
executing number 1
wrapping up
idle
4 ms. Memory: 155648K Free: 68236K (44%)
Completed execution with 5 iterations
preinitializing
resolving types
initializing
executing number 1
wrapping up
idle
2 ms. Memory: 155648K Free: 67722K (44%)
Completed execution with 5 iterations
preinitializing
resolving types
initializing
executing number 1
wrapping up
idle
2 ms. Memory: 155648K Free: 67212K (43%)
Completed execution with 5 iterations
/home/travis/build/icyphy/ptII/ptolemy/actor/lib/test/SetVariable.tcl
5 ms. Memory: 155648K Free: 65164K (42%)
/home/travis/build/icyphy/ptII/ptolemy/actor/lib/test/Sinewave.tcl
/home/travis/build/icyphy/ptII/ptolemy/actor/lib/test/SubscriptionAggregator.tcl
11 ms. Memory: 155648K Free: 126246K (81%)
3 ms. Memory: 155648K Free: 125702K (81%)
1 ms. Memory: 155648K Free: 125222K (80%)
0 ms. Memory: 155648K Free: 124708K (80%)
2 ms. Memory: 155648K Free: 121126K (78%)
10 ms. Memory: 155648K Free: 118564K (76%)
...............................................................952 ms. Memory: 345088K Free: 262079K (76%)
/home/travis/build/icyphy/ptII/ptolemy/actor/lib/test/Test.tcl
 The next command will produce a warning about training mode,
   which may be ignored.
7 ms. Memory: 345088K Free: 260023K (75%)
3 ms. Memory: 345088K Free: 259013K (75%)
1 ms. Memory: 345088K Free: 258503K (75%)
1 ms. Memory: 345088K Free: 257989K (75%)
2 ms. Memory: 345088K Free: 257479K (75%)
4 ms. Memory: 345088K Free: 255941K (74%)
3 ms. Memory: 345088K Free: 254917K (74%)
 The next command will produce a warning about training mode,
   which may be ignored.
5 ms. Memory: 345088K Free: 252359K (73%)
 The next command will produce a warning about training mode,
   which may be ignored.
3 ms. Memory: 345088K Free: 251335K (73%)
2 ms. Memory: 345088K Free: 250815K (73%)
1 ms. Memory: 345088K Free: 250311K (73%)
1 ms. Memory: 345088K Free: 249791K (72%)
10 ms. Memory: 345088K Free: 248773K (72%)
8 ms. Memory: 345088K Free: 245191K (71%)
/home/travis/build/icyphy/ptII/ptolemy/actor/lib/test/TestExceptionHandler.tcl
 The next command will produce a warning about training mode,
   which may be ignored.
2 ms. Memory: 345088K Free: 243653K (71%)
1 ms. Memory: 345088K Free: 243143K (70%)
1 ms. Memory: 345088K Free: 242623K (70%)
/home/travis/build/icyphy/ptII/ptolemy/actor/lib/test/UnionDisassembler.tcl
28 ms. Memory: 345088K Free: 235455K (68%)
/home/travis/build/icyphy/ptII/ptolemy/actor/lib/test/VariableClock.tcl
preinitializing
resolving types
initializing
executing number 1
wrapping up
idle
9 ms. Memory: 345088K Free: 233413K (68%)
Completed execution with 11 iterations
preinitializing
resolving types
initializing
executing number 1
wrapping up
idle
4 ms. Memory: 345088K Free: 231879K (67%)
Completed execution with 10 iterations
05/11/20 02:23:23
Failed: 0  Total Tests: 233  ((Passed: 233, Newly Passed: 0)  Known Failed: 0) /home/travis/build/icyphy/ptII/ptolemy/actor/lib/test
----------------- testing (KnownFailure) /home/travis/build/icyphy/ptII/ptolemy/actor/lib/test/auto/knownFailedTests/PublisherPortToplevelSubscriber.xml
0 ms. Memory: 345088K Free: 228807K (66%)
Known Failure: java.lang.reflect.InvocationTargetException
----------------- testing (KnownFailure) /home/travis/build/icyphy/ptII/ptolemy/actor/lib/test/auto/knownFailedTests/PublisherSubscriberPortToplevel.xml
1 ms. Memory: 345088K Free: 225221K (65%)
Known Failure: java.lang.reflect.InvocationTargetException
----------------- testing (KnownFailure) /home/travis/build/icyphy/ptII/ptolemy/actor/lib/test/auto/knownFailedTests/PublisherSubscriptionAggregatorPort.xml
1 ms. Memory: 345088K Free: 221095K (64%)
Known Failure: java.lang.reflect.InvocationTargetException
----------------- testing (KnownFailure) /home/travis/build/icyphy/ptII/ptolemy/actor/lib/test/auto/knownFailedTests/sizedarray3.xml
7 ms. Memory: 345088K Free: 216519K (63%)
Known Failure: java.lang.reflect.InvocationTargetException
No auto/linux-amd64/*.xml tests in /home/travis/build/icyphy/ptII/ptolemy/actor/lib/test
AutoTests.java: About to close Vertx.
AutoTests.java: Vertx closed.

===========================================================================================
----------------- testing Mon May 11 14:23:24 UTC 2020 /home/travis/build/icyphy/ptII/ptolemy/actor/lib/test/auto/AbsoluteValue.xml
----------------- Instantiating /home/travis/build/icyphy/ptII/ptolemy/actor/lib/test/auto/AbsoluteValue.xml
4 ms. Memory: 345088K Free: 193477K (56%)
----------------- Invoking toplevel() on ptolemy.moml.MoMLSimpleApplication@10904610
----------------- Done invoking toplevel() on ptolemy.moml.MoMLSimpleApplication@10904610
reloadAllAccessors: .AbsoluteValue

===========================================================================================
----------------- testing Mon May 11 14:23:24 UTC 2020 /home/travis/build/icyphy/ptII/ptolemy/actor/lib/test/auto/AbsoluteValue2.xml
----------------- Instantiating /home/travis/build/icyphy/ptII/ptolemy/actor/lib/test/auto/AbsoluteValue2.xml
5 ms. Memory: 345088K Free: 186823K (54%)
----------------- Invoking toplevel() on ptolemy.moml.MoMLSimpleApplication@57d3c4c8
----------------- Done invoking toplevel() on ptolemy.moml.MoMLSimpleApplication@57d3c4c8
reloadAllAccessors: .AbsoluteValue2

===========================================================================================
----------------- testing Mon May 11 14:23:24 UTC 2020 /home/travis/build/icyphy/ptII/ptolemy/actor/lib/test/auto/Accumulator.xml
----------------- Instantiating /home/travis/build/icyphy/ptII/ptolemy/actor/lib/test/auto/Accumulator.xml
9 ms. Memory: 345088K Free: 180165K (52%)
----------------- Invoking toplevel() on ptolemy.moml.MoMLSimpleApplication@425a9ffd
----------------- Done invoking toplevel() on ptolemy.moml.MoMLSimpleApplication@425a9ffd
reloadAllAccessors: .Accumulator

===========================================================================================
----------------- testing Mon May 11 14:23:24 UTC 2020 /home/travis/build/icyphy/ptII/ptolemy/actor/lib/test/auto/Accumulator2.xml
----------------- Instantiating /home/travis/build/icyphy/ptII/ptolemy/actor/lib/test/auto/Accumulator2.xml
7 ms. Memory: 345088K Free: 175045K (51%)
----------------- Invoking toplevel() on ptolemy.moml.MoMLSimpleApplication@17dbd35d
----------------- Done invoking toplevel() on ptolemy.moml.MoMLSimpleApplication@17dbd35d
reloadAllAccessors: .Accumulator2

===========================================================================================
----------------- testing Mon May 11 14:23:24 UTC 2020 /home/travis/build/icyphy/ptII/ptolemy/actor/lib/test/auto/Accumulator3.xml
----------------- Instantiating /home/travis/build/icyphy/ptII/ptolemy/actor/lib/test/auto/Accumulator3.xml
10 ms. Memory: 345088K Free: 170949K (50%)
----------------- Invoking toplevel() on ptolemy.moml.MoMLSimpleApplication@662e46ac
----------------- Done invoking toplevel() on ptolemy.moml.MoMLSimpleApplication@662e46ac
reloadAllAccessors: .Accumulator3

===========================================================================================
----------------- testing Mon May 11 14:23:24 UTC 2020 /home/travis/build/icyphy/ptII/ptolemy/actor/lib/test/auto/ArrayAppend.xml
----------------- Instantiating /home/travis/build/icyphy/ptII/ptolemy/actor/lib/test/auto/ArrayAppend.xml
6 ms. Memory: 345088K Free: 164791K (48%)
----------------- Invoking toplevel() on ptolemy.moml.MoMLSimpleApplication@2c526a76
----------------- Done invoking toplevel() on ptolemy.moml.MoMLSimpleApplication@2c526a76
reloadAllAccessors: .ArrayAppend

===========================================================================================
----------------- testing Mon May 11 14:23:24 UTC 2020 /home/travis/build/icyphy/ptII/ptolemy/actor/lib/test/auto/ArrayAppend2.xml
----------------- Instantiating /home/travis/build/icyphy/ptII/ptolemy/actor/lib/test/auto/ArrayAppend2.xml
330 ms. Memory: 345088K Free: 214279K (62%)
----------------- Invoking toplevel() on ptolemy.moml.MoMLSimpleApplication@70af6df5
----------------- Done invoking toplevel() on ptolemy.moml.MoMLSimpleApplication@70af6df5
reloadAllAccessors: .ArrayAppend2

===========================================================================================
----------------- testing Mon May 11 14:23:25 UTC 2020 /home/travis/build/icyphy/ptII/ptolemy/actor/lib/test/auto/ArrayAppend3.xml
----------------- Instantiating /home/travis/build/icyphy/ptII/ptolemy/actor/lib/test/auto/ArrayAppend3.xml
3 ms. Memory: 345088K Free: 208645K (60%)
----------------- Invoking toplevel() on ptolemy.moml.MoMLSimpleApplication@6794789e
----------------- Done invoking toplevel() on ptolemy.moml.MoMLSimpleApplication@6794789e
reloadAllAccessors: .ArrayAppend3

===========================================================================================
----------------- testing Mon May 11 14:23:25 UTC 2020 /home/travis/build/icyphy/ptII/ptolemy/actor/lib/test/auto/ArrayAppend4.xml
----------------- Instantiating /home/travis/build/icyphy/ptII/ptolemy/actor/lib/test/auto/ArrayAppend4.xml
2 ms. Memory: 345088K Free: 203525K (59%)
----------------- Invoking toplevel() on ptolemy.moml.MoMLSimpleApplication@867055c
----------------- Done invoking toplevel() on ptolemy.moml.MoMLSimpleApplication@867055c
reloadAllAccessors: .ArrayAppend4

===========================================================================================
----------------- testing Mon May 11 14:23:25 UTC 2020 /home/travis/build/icyphy/ptII/ptolemy/actor/lib/test/auto/ArrayAppend5.xml
----------------- Instantiating /home/travis/build/icyphy/ptII/ptolemy/actor/lib/test/auto/ArrayAppend5.xml
2 ms. Memory: 345088K Free: 197895K (57%)
----------------- Invoking toplevel() on ptolemy.moml.MoMLSimpleApplication@5b20db68
----------------- Done invoking toplevel() on ptolemy.moml.MoMLSimpleApplication@5b20db68
reloadAllAccessors: .ArrayAppend5

===========================================================================================
----------------- testing Mon May 11 14:23:25 UTC 2020 /home/travis/build/icyphy/ptII/ptolemy/actor/lib/test/auto/ArrayAppend6.xml
----------------- Instantiating /home/travis/build/icyphy/ptII/ptolemy/actor/lib/test/auto/ArrayAppend6.xml
3 ms. Memory: 345088K Free: 192261K (56%)
----------------- Invoking toplevel() on ptolemy.moml.MoMLSimpleApplication@43474c6f
----------------- Done invoking toplevel() on ptolemy.moml.MoMLSimpleApplication@43474c6f
reloadAllAccessors: .ArrayAppend6

===========================================================================================
----------------- testing Mon May 11 14:23:25 UTC 2020 /home/travis/build/icyphy/ptII/ptolemy/actor/lib/test/auto/ArrayAppendPerformanceTest.xml
----------------- Instantiating /home/travis/build/icyphy/ptII/ptolemy/actor/lib/test/auto/ArrayAppendPerformanceTest.xml
38 ms. Memory: 345088K Free: 182021K (53%)
----------------- Invoking toplevel() on ptolemy.moml.MoMLSimpleApplication@40886082
----------------- Done invoking toplevel() on ptolemy.moml.MoMLSimpleApplication@40886082
reloadAllAccessors: .ArrayAppendPerformanceTest

===========================================================================================
----------------- testing Mon May 11 14:23:25 UTC 2020 /home/travis/build/icyphy/ptII/ptolemy/actor/lib/test/auto/ArrayAppendWithEmptyInput.xml
----------------- Instantiating /home/travis/build/icyphy/ptII/ptolemy/actor/lib/test/auto/ArrayAppendWithEmptyInput.xml
14 ms. Memory: 345088K Free: 173829K (50%)
----------------- Invoking toplevel() on ptolemy.moml.MoMLSimpleApplication@6d2529ed
----------------- Done invoking toplevel() on ptolemy.moml.MoMLSimpleApplication@6d2529ed
reloadAllAccessors: .ArrayAppendWithEmptyInput

===========================================================================================
----------------- testing Mon May 11 14:23:25 UTC 2020 /home/travis/build/icyphy/ptII/ptolemy/actor/lib/test/auto/ArrayAverage.xml
----------------- Instantiating /home/travis/build/icyphy/ptII/ptolemy/actor/lib/test/auto/ArrayAverage.xml
5 ms. Memory: 345088K Free: 166151K (48%)
----------------- Invoking toplevel() on ptolemy.moml.MoMLSimpleApplication@2c7c9380
----------------- Done invoking toplevel() on ptolemy.moml.MoMLSimpleApplication@2c7c9380
reloadAllAccessors: .ArrayAverage

===========================================================================================
----------------- testing Mon May 11 14:23:25 UTC 2020 /home/travis/build/icyphy/ptII/ptolemy/actor/lib/test/auto/ArrayContains.xml
----------------- Instantiating /home/travis/build/icyphy/ptII/ptolemy/actor/lib/test/auto/ArrayContains.xml
15 ms. Memory: 345088K Free: 160007K (46%)
----------------- Invoking toplevel() on ptolemy.moml.MoMLSimpleApplication@702da462
----------------- Done invoking toplevel() on ptolemy.moml.MoMLSimpleApplication@702da462
reloadAllAccessors: .ArrayContains

===========================================================================================
----------------- testing Mon May 11 14:23:25 UTC 2020 /home/travis/build/icyphy/ptII/ptolemy/actor/lib/test/auto/ArrayElement.xml
----------------- Instantiating /home/travis/build/icyphy/ptII/ptolemy/actor/lib/test/auto/ArrayElement.xml
7 ms. Memory: 345088K Free: 154373K (45%)
----------------- Invoking toplevel() on ptolemy.moml.MoMLSimpleApplication@32b70b40
----------------- Done invoking toplevel() on ptolemy.moml.MoMLSimpleApplication@32b70b40
reloadAllAccessors: .ArrayElement

===========================================================================================
----------------- testing Mon May 11 14:23:25 UTC 2020 /home/travis/build/icyphy/ptII/ptolemy/actor/lib/test/auto/ArrayElementAsMatrix.xml
----------------- Instantiating /home/travis/build/icyphy/ptII/ptolemy/actor/lib/test/auto/ArrayElementAsMatrix.xml
21 ms. Memory: 345088K Free: 144647K (42%)
----------------- Invoking toplevel() on ptolemy.moml.MoMLSimpleApplication@6516027c
----------------- Done invoking toplevel() on ptolemy.moml.MoMLSimpleApplication@6516027c
reloadAllAccessors: .ArrayElementAsMatrix

===========================================================================================
----------------- testing Mon May 11 14:23:25 UTC 2020 /home/travis/build/icyphy/ptII/ptolemy/actor/lib/test/auto/ArrayElementI.xml
----------------- Instantiating /home/travis/build/icyphy/ptII/ptolemy/actor/lib/test/auto/ArrayElementI.xml
3 ms. Memory: 345088K Free: 139527K (40%)
----------------- Invoking toplevel() on ptolemy.moml.MoMLSimpleApplication@2db69330
----------------- Done invoking toplevel() on ptolemy.moml.MoMLSimpleApplication@2db69330
reloadAllAccessors: .ArrayElementI

===========================================================================================
----------------- testing Mon May 11 14:23:25 UTC 2020 /home/travis/build/icyphy/ptII/ptolemy/actor/lib/test/auto/ArrayExtract.xml
----------------- Instantiating /home/travis/build/icyphy/ptII/ptolemy/actor/lib/test/auto/ArrayExtract.xml
9 ms. Memory: 345088K Free: 293111K (85%)
----------------- Invoking toplevel() on ptolemy.moml.MoMLSimpleApplication@476079f7
----------------- Done invoking toplevel() on ptolemy.moml.MoMLSimpleApplication@476079f7
reloadAllAccessors: .ArrayExtract

===========================================================================================
----------------- testing Mon May 11 14:23:25 UTC 2020 /home/travis/build/icyphy/ptII/ptolemy/actor/lib/test/auto/ArrayExtract2.xml
----------------- Instantiating /home/travis/build/icyphy/ptII/ptolemy/actor/lib/test/auto/ArrayExtract2.xml
6 ms. Memory: 345088K Free: 287495K (83%)
----------------- Invoking toplevel() on ptolemy.moml.MoMLSimpleApplication@5966eee7
----------------- Done invoking toplevel() on ptolemy.moml.MoMLSimpleApplication@5966eee7
reloadAllAccessors: .ArrayExtract2

===========================================================================================
----------------- testing Mon May 11 14:23:25 UTC 2020 /home/travis/build/icyphy/ptII/ptolemy/actor/lib/test/auto/ArrayLength.xml
----------------- Instantiating /home/travis/build/icyphy/ptII/ptolemy/actor/lib/test/auto/ArrayLength.xml
1 ms. Memory: 345088K Free: 283909K (82%)
----------------- Invoking toplevel() on ptolemy.moml.MoMLSimpleApplication@b502e64
----------------- Done invoking toplevel() on ptolemy.moml.MoMLSimpleApplication@b502e64
reloadAllAccessors: .ArrayLength

===========================================================================================
----------------- testing Mon May 11 14:23:25 UTC 2020 /home/travis/build/icyphy/ptII/ptolemy/actor/lib/test/auto/ArrayLevelCrossing.xml
----------------- Instantiating /home/travis/build/icyphy/ptII/ptolemy/actor/lib/test/auto/ArrayLevelCrossing.xml
4 ms. Memory: 345088K Free: 275207K (80%)
----------------- Invoking toplevel() on ptolemy.moml.MoMLSimpleApplication@5c14f62f
----------------- Done invoking toplevel() on ptolemy.moml.MoMLSimpleApplication@5c14f62f
reloadAllAccessors: .ArrayLevelCrossing

===========================================================================================
----------------- testing Mon May 11 14:23:25 UTC 2020 /home/travis/build/icyphy/ptII/ptolemy/actor/lib/test/auto/ArrayLevelCrossing2.xml
----------------- Instantiating /home/travis/build/icyphy/ptII/ptolemy/actor/lib/test/auto/ArrayLevelCrossing2.xml
3 ms. Memory: 345088K Free: 268039K (78%)
----------------- Invoking toplevel() on ptolemy.moml.MoMLSimpleApplication@6b78fac6
----------------- Done invoking toplevel() on ptolemy.moml.MoMLSimpleApplication@6b78fac6
reloadAllAccessors: .ArrayLevelCrossing2

===========================================================================================
----------------- testing Mon May 11 14:23:25 UTC 2020 /home/travis/build/icyphy/ptII/ptolemy/actor/lib/test/auto/ArrayPeakSearch.xml
----------------- Instantiating /home/travis/build/icyphy/ptII/ptolemy/actor/lib/test/auto/ArrayPeakSearch.xml
6 ms. Memory: 345088K Free: 258823K (75%)
----------------- Invoking toplevel() on ptolemy.moml.MoMLSimpleApplication@47198967
----------------- Done invoking toplevel() on ptolemy.moml.MoMLSimpleApplication@47198967
reloadAllAccessors: .ArrayPeakSearch

===========================================================================================
----------------- testing Mon May 11 14:23:25 UTC 2020 /home/travis/build/icyphy/ptII/ptolemy/actor/lib/test/auto/ArrayPeakSearch2.xml
----------------- Instantiating /home/travis/build/icyphy/ptII/ptolemy/actor/lib/test/auto/ArrayPeakSearch2.xml
6 ms. Memory: 345088K Free: 248583K (72%)
----------------- Invoking toplevel() on ptolemy.moml.MoMLSimpleApplication@679e8070
----------------- Done invoking toplevel() on ptolemy.moml.MoMLSimpleApplication@679e8070
reloadAllAccessors: .ArrayPeakSearch2

===========================================================================================
----------------- testing Mon May 11 14:23:25 UTC 2020 /home/travis/build/icyphy/ptII/ptolemy/actor/lib/test/auto/ArrayPeakSearch3.xml
----------------- Instantiating /home/travis/build/icyphy/ptII/ptolemy/actor/lib/test/auto/ArrayPeakSearch3.xml
4 ms. Memory: 345088K Free: 239367K (69%)
----------------- Invoking toplevel() on ptolemy.moml.MoMLSimpleApplication@38d5d1d1
----------------- Done invoking toplevel() on ptolemy.moml.MoMLSimpleApplication@38d5d1d1
reloadAllAccessors: .ArrayPeakSearch3

===========================================================================================
----------------- testing Mon May 11 14:23:25 UTC 2020 /home/travis/build/icyphy/ptII/ptolemy/actor/lib/test/auto/ArrayRemoveElement.xml
----------------- Instantiating /home/travis/build/icyphy/ptII/ptolemy/actor/lib/test/auto/ArrayRemoveElement.xml
3 ms. Memory: 345088K Free: 231685K (67%)
----------------- Invoking toplevel() on ptolemy.moml.MoMLSimpleApplication@7bb27ae7
----------------- Done invoking toplevel() on ptolemy.moml.MoMLSimpleApplication@7bb27ae7
reloadAllAccessors: .ArrayRemoveElement

===========================================================================================
----------------- testing Mon May 11 14:23:25 UTC 2020 /home/travis/build/icyphy/ptII/ptolemy/actor/lib/test/auto/ArraySort.xml
----------------- Instantiating /home/travis/build/icyphy/ptII/ptolemy/actor/lib/test/auto/ArraySort.xml
5 ms. Memory: 345088K Free: 222469K (64%)
----------------- Invoking toplevel() on ptolemy.moml.MoMLSimpleApplication@6873dfbc
----------------- Done invoking toplevel() on ptolemy.moml.MoMLSimpleApplication@6873dfbc
reloadAllAccessors: .ArraySort

===========================================================================================
----------------- testing Mon May 11 14:23:26 UTC 2020 /home/travis/build/icyphy/ptII/ptolemy/actor/lib/test/auto/ArraySum.xml
----------------- Instantiating /home/travis/build/icyphy/ptII/ptolemy/actor/lib/test/auto/ArraySum.xml
5 ms. Memory: 345088K Free: 217349K (63%)
----------------- Invoking toplevel() on ptolemy.moml.MoMLSimpleApplication@68fde155
----------------- Done invoking toplevel() on ptolemy.moml.MoMLSimpleApplication@68fde155
reloadAllAccessors: .ArraySum

===========================================================================================
----------------- testing Mon May 11 14:23:26 UTC 2020 /home/travis/build/icyphy/ptII/ptolemy/actor/lib/test/auto/ArrayToElements.xml
----------------- Instantiating /home/travis/build/icyphy/ptII/ptolemy/actor/lib/test/auto/ArrayToElements.xml
8 ms. Memory: 345088K Free: 211719K (61%)
----------------- Invoking toplevel() on ptolemy.moml.MoMLSimpleApplication@55caffc3
----------------- Done invoking toplevel() on ptolemy.moml.MoMLSimpleApplication@55caffc3
reloadAllAccessors: .ArrayToElements

===========================================================================================
----------------- testing Mon May 11 14:23:26 UTC 2020 /home/travis/build/icyphy/ptII/ptolemy/actor/lib/test/auto/ArrayToMatrix.xml
----------------- Instantiating /home/travis/build/icyphy/ptII/ptolemy/actor/lib/test/auto/ArrayToMatrix.xml
11 ms. Memory: 345088K Free: 197893K (57%)
----------------- Invoking toplevel() on ptolemy.moml.MoMLSimpleApplication@17e42077
----------------- Done invoking toplevel() on ptolemy.moml.MoMLSimpleApplication@17e42077
reloadAllAccessors: .ArrayToMatrix

===========================================================================================
----------------- testing Mon May 11 14:23:26 UTC 2020 /home/travis/build/icyphy/ptII/ptolemy/actor/lib/test/auto/ArrayUpdate1.xml
----------------- Instantiating /home/travis/build/icyphy/ptII/ptolemy/actor/lib/test/auto/ArrayUpdate1.xml
7 ms. Memory: 345088K Free: 192773K (56%)
----------------- Invoking toplevel() on ptolemy.moml.MoMLSimpleApplication@3f3e30d8
----------------- Done invoking toplevel() on ptolemy.moml.MoMLSimpleApplication@3f3e30d8
reloadAllAccessors: .ArrayUpdate1

===========================================================================================
----------------- testing Mon May 11 14:23:26 UTC 2020 /home/travis/build/icyphy/ptII/ptolemy/actor/lib/test/auto/ArrayUpdate2.xml
----------------- Instantiating /home/travis/build/icyphy/ptII/ptolemy/actor/lib/test/auto/ArrayUpdate2.xml
5 ms. Memory: 345088K Free: 186629K (54%)
----------------- Invoking toplevel() on ptolemy.moml.MoMLSimpleApplication@45499034
----------------- Done invoking toplevel() on ptolemy.moml.MoMLSimpleApplication@45499034
reloadAllAccessors: .ArrayUpdate2

===========================================================================================
----------------- testing Mon May 11 14:23:26 UTC 2020 /home/travis/build/icyphy/ptII/ptolemy/actor/lib/test/auto/ArrayUpdate3.xml
----------------- Instantiating /home/travis/build/icyphy/ptII/ptolemy/actor/lib/test/auto/ArrayUpdate3.xml
5 ms. Memory: 345088K Free: 181509K (53%)
----------------- Invoking toplevel() on ptolemy.moml.MoMLSimpleApplication@571c5b95
----------------- Done invoking toplevel() on ptolemy.moml.MoMLSimpleApplication@571c5b95
reloadAllAccessors: .ArrayUpdate3

===========================================================================================
----------------- testing Mon May 11 14:23:26 UTC 2020 /home/travis/build/icyphy/ptII/ptolemy/actor/lib/test/auto/Assert1.xml
----------------- Instantiating /home/travis/build/icyphy/ptII/ptolemy/actor/lib/test/auto/Assert1.xml
5 ms. Memory: 345088K Free: 177413K (51%)
----------------- Invoking toplevel() on ptolemy.moml.MoMLSimpleApplication@6c71b552
----------------- Done invoking toplevel() on ptolemy.moml.MoMLSimpleApplication@6c71b552
reloadAllAccessors: .Assert1

===========================================================================================
----------------- testing Mon May 11 14:23:26 UTC 2020 /home/travis/build/icyphy/ptII/ptolemy/actor/lib/test/auto/Assert2.xml
----------------- Instantiating /home/travis/build/icyphy/ptII/ptolemy/actor/lib/test/auto/Assert2.xml
2 ms. Memory: 345088K Free: 172293K (50%)
----------------- Invoking toplevel() on ptolemy.moml.MoMLSimpleApplication@654b9de1
----------------- Done invoking toplevel() on ptolemy.moml.MoMLSimpleApplication@654b9de1
reloadAllAccessors: .Assert2

===========================================================================================
----------------- testing Mon May 11 14:23:26 UTC 2020 /home/travis/build/icyphy/ptII/ptolemy/actor/lib/test/auto/BooleanMultiplexor.xml
----------------- Instantiating /home/travis/build/icyphy/ptII/ptolemy/actor/lib/test/auto/BooleanMultiplexor.xml
2 ms. Memory: 345088K Free: 167159K (48%)
----------------- Invoking toplevel() on ptolemy.moml.MoMLSimpleApplication@244525f
----------------- Done invoking toplevel() on ptolemy.moml.MoMLSimpleApplication@244525f
reloadAllAccessors: .BooleanMultiplexor

===========================================================================================
----------------- testing Mon May 11 14:23:26 UTC 2020 /home/travis/build/icyphy/ptII/ptolemy/actor/lib/test/auto/BooleanMultiplexor2.xml
----------------- Instantiating /home/travis/build/icyphy/ptII/ptolemy/actor/lib/test/auto/BooleanMultiplexor2.xml
13 ms. Memory: 345088K Free: 160519K (47%)
----------------- Invoking toplevel() on ptolemy.moml.MoMLSimpleApplication@5fd0c083
----------------- Done invoking toplevel() on ptolemy.moml.MoMLSimpleApplication@5fd0c083
reloadAllAccessors: .BooleanMultiplexor2

===========================================================================================
----------------- testing Mon May 11 14:23:26 UTC 2020 /home/travis/build/icyphy/ptII/ptolemy/actor/lib/test/auto/BooleanMultiplexor3.xml
----------------- Instantiating /home/travis/build/icyphy/ptII/ptolemy/actor/lib/test/auto/BooleanMultiplexor3.xml
5 ms. Memory: 345088K Free: 156933K (45%)
----------------- Invoking toplevel() on ptolemy.moml.MoMLSimpleApplication@17947fda
----------------- Done invoking toplevel() on ptolemy.moml.MoMLSimpleApplication@17947fda
reloadAllAccessors: .BooleanMultiplexor3

===========================================================================================
----------------- testing Mon May 11 14:23:26 UTC 2020 /home/travis/build/icyphy/ptII/ptolemy/actor/lib/test/auto/BooleanSelect.xml
----------------- Instantiating /home/travis/build/icyphy/ptII/ptolemy/actor/lib/test/auto/BooleanSelect.xml
9 ms. Memory: 345088K Free: 150759K (44%)
----------------- Invoking toplevel() on ptolemy.moml.MoMLSimpleApplication@734f1fe3
----------------- Done invoking toplevel() on ptolemy.moml.MoMLSimpleApplication@734f1fe3
reloadAllAccessors: .BooleanSelect

===========================================================================================
----------------- testing Mon May 11 14:23:26 UTC 2020 /home/travis/build/icyphy/ptII/ptolemy/actor/lib/test/auto/BooleanSelect2.xml
----------------- Instantiating /home/travis/build/icyphy/ptII/ptolemy/actor/lib/test/auto/BooleanSelect2.xml
3 ms. Memory: 345088K Free: 146693K (43%)
----------------- Invoking toplevel() on ptolemy.moml.MoMLSimpleApplication@75847583
----------------- Done invoking toplevel() on ptolemy.moml.MoMLSimpleApplication@75847583
reloadAllAccessors: .BooleanSelect2

===========================================================================================
----------------- testing Mon May 11 14:23:26 UTC 2020 /home/travis/build/icyphy/ptII/ptolemy/actor/lib/test/auto/BooleanSwitch.xml
----------------- Instantiating /home/travis/build/icyphy/ptII/ptolemy/actor/lib/test/auto/BooleanSwitch.xml
6 ms. Memory: 345088K Free: 140039K (41%)
----------------- Invoking toplevel() on ptolemy.moml.MoMLSimpleApplication@480fd865
----------------- Done invoking toplevel() on ptolemy.moml.MoMLSimpleApplication@480fd865
reloadAllAccessors: .BooleanSwitch

===========================================================================================
----------------- testing Mon May 11 14:23:26 UTC 2020 /home/travis/build/icyphy/ptII/ptolemy/actor/lib/test/auto/BooleanSwitch2.xml
----------------- Instantiating /home/travis/build/icyphy/ptII/ptolemy/actor/lib/test/auto/BooleanSwitch2.xml
2 ms. Memory: 345088K Free: 135943K (39%)
----------------- Invoking toplevel() on ptolemy.moml.MoMLSimpleApplication@7f403ab6
----------------- Done invoking toplevel() on ptolemy.moml.MoMLSimpleApplication@7f403ab6
reloadAllAccessors: .BooleanSwitch2

===========================================================================================
----------------- testing Mon May 11 14:23:26 UTC 2020 /home/travis/build/icyphy/ptII/ptolemy/actor/lib/test/auto/BooleanSwitchCloningBugWithClassRelationGroup.xml
----------------- Instantiating /home/travis/build/icyphy/ptII/ptolemy/actor/lib/test/auto/BooleanSwitchCloningBugWithClassRelationGroup.xml
4 ms. Memory: 345088K Free: 129285K (37%)
----------------- Invoking toplevel() on ptolemy.moml.MoMLSimpleApplication@45285cfc
----------------- Done invoking toplevel() on ptolemy.moml.MoMLSimpleApplication@45285cfc
reloadAllAccessors: .BooleanSwitchCloningBugWithClassRelationGroup

===========================================================================================
----------------- testing Mon May 11 14:23:26 UTC 2020 /home/travis/build/icyphy/ptII/ptolemy/actor/lib/test/auto/BusActors.xml
----------------- Instantiating /home/travis/build/icyphy/ptII/ptolemy/actor/lib/test/auto/BusActors.xml
6 ms. Memory: 345088K Free: 121607K (35%)
----------------- Invoking toplevel() on ptolemy.moml.MoMLSimpleApplication@16116107
----------------- Done invoking toplevel() on ptolemy.moml.MoMLSimpleApplication@16116107
reloadAllAccessors: .BusActors

===========================================================================================
----------------- testing Mon May 11 14:23:26 UTC 2020 /home/travis/build/icyphy/ptII/ptolemy/actor/lib/test/auto/ClassWrapper.xml
----------------- Instantiating /home/travis/build/icyphy/ptII/ptolemy/actor/lib/test/auto/ClassWrapper.xml
3 ms. Memory: 345088K Free: 116997K (34%)
----------------- Invoking toplevel() on ptolemy.moml.MoMLSimpleApplication@243d5631
----------------- Done invoking toplevel() on ptolemy.moml.MoMLSimpleApplication@243d5631
reloadAllAccessors: .ClassWrapper

===========================================================================================
----------------- testing Mon May 11 14:23:26 UTC 2020 /home/travis/build/icyphy/ptII/ptolemy/actor/lib/test/auto/Clock.xml
----------------- Instantiating /home/travis/build/icyphy/ptII/ptolemy/actor/lib/test/auto/Clock.xml
2 ms. Memory: 345088K Free: 113415K (33%)
----------------- Invoking toplevel() on ptolemy.moml.MoMLSimpleApplication@273afac5
----------------- Done invoking toplevel() on ptolemy.moml.MoMLSimpleApplication@273afac5
reloadAllAccessors: .Clock

===========================================================================================
----------------- testing Mon May 11 14:23:26 UTC 2020 /home/travis/build/icyphy/ptII/ptolemy/actor/lib/test/auto/Clock10.xml
----------------- Instantiating /home/travis/build/icyphy/ptII/ptolemy/actor/lib/test/auto/Clock10.xml
3 ms. Memory: 345088K Free: 293127K (85%)
----------------- Invoking toplevel() on ptolemy.moml.MoMLSimpleApplication@2ad23297
----------------- Done invoking toplevel() on ptolemy.moml.MoMLSimpleApplication@2ad23297
reloadAllAccessors: .Clock10

===========================================================================================
----------------- testing Mon May 11 14:23:26 UTC 2020 /home/travis/build/icyphy/ptII/ptolemy/actor/lib/test/auto/Clock11.xml
----------------- Instantiating /home/travis/build/icyphy/ptII/ptolemy/actor/lib/test/auto/Clock11.xml
5 ms. Memory: 345088K Free: 286981K (83%)
----------------- Invoking toplevel() on ptolemy.moml.MoMLSimpleApplication@1df6a068
----------------- Done invoking toplevel() on ptolemy.moml.MoMLSimpleApplication@1df6a068
reloadAllAccessors: .Clock11

===========================================================================================
----------------- testing Mon May 11 14:23:26 UTC 2020 /home/travis/build/icyphy/ptII/ptolemy/actor/lib/test/auto/Clock12.xml
----------------- Instantiating /home/travis/build/icyphy/ptII/ptolemy/actor/lib/test/auto/Clock12.xml
6 ms. Memory: 345088K Free: 280839K (81%)
----------------- Invoking toplevel() on ptolemy.moml.MoMLSimpleApplication@6eeb772
----------------- Done invoking toplevel() on ptolemy.moml.MoMLSimpleApplication@6eeb772
reloadAllAccessors: .Clock12

===========================================================================================
----------------- testing Mon May 11 14:23:26 UTC 2020 /home/travis/build/icyphy/ptII/ptolemy/actor/lib/test/auto/Clock13.xml
----------------- Instantiating /home/travis/build/icyphy/ptII/ptolemy/actor/lib/test/auto/Clock13.xml
2 ms. Memory: 345088K Free: 275199K (80%)
----------------- Invoking toplevel() on ptolemy.moml.MoMLSimpleApplication@178db6b1
----------------- Done invoking toplevel() on ptolemy.moml.MoMLSimpleApplication@178db6b1
reloadAllAccessors: .Clock13

===========================================================================================
----------------- testing Mon May 11 14:23:26 UTC 2020 /home/travis/build/icyphy/ptII/ptolemy/actor/lib/test/auto/Clock14.xml
----------------- Instantiating /home/travis/build/icyphy/ptII/ptolemy/actor/lib/test/auto/Clock14.xml
3 ms. Memory: 345088K Free: 269031K (78%)
----------------- Invoking toplevel() on ptolemy.moml.MoMLSimpleApplication@49c7a92f
----------------- Done invoking toplevel() on ptolemy.moml.MoMLSimpleApplication@49c7a92f
reloadAllAccessors: .Clock14

===========================================================================================
----------------- testing Mon May 11 14:23:26 UTC 2020 /home/travis/build/icyphy/ptII/ptolemy/actor/lib/test/auto/Clock15.xml
----------------- Instantiating /home/travis/build/icyphy/ptII/ptolemy/actor/lib/test/auto/Clock15.xml
2 ms. Memory: 345088K Free: 263431K (76%)
----------------- Invoking toplevel() on ptolemy.moml.MoMLSimpleApplication@5f0caa15
----------------- Done invoking toplevel() on ptolemy.moml.MoMLSimpleApplication@5f0caa15
reloadAllAccessors: .Clock15

===========================================================================================
----------------- testing Mon May 11 14:23:26 UTC 2020 /home/travis/build/icyphy/ptII/ptolemy/actor/lib/test/auto/Clock16.xml
----------------- Instantiating /home/travis/build/icyphy/ptII/ptolemy/actor/lib/test/auto/Clock16.xml
37 ms. Memory: 345088K Free: 248575K (72%)
----------------- Invoking toplevel() on ptolemy.moml.MoMLSimpleApplication@413862b2
----------------- Done invoking toplevel() on ptolemy.moml.MoMLSimpleApplication@413862b2
reloadAllAccessors: .Clock16

===========================================================================================
----------------- testing Mon May 11 14:23:26 UTC 2020 /home/travis/build/icyphy/ptII/ptolemy/actor/lib/test/auto/Clock17.xml
----------------- Instantiating /home/travis/build/icyphy/ptII/ptolemy/actor/lib/test/auto/Clock17.xml
17 ms. Memory: 345088K Free: 234759K (68%)
----------------- Invoking toplevel() on ptolemy.moml.MoMLSimpleApplication@7df876f8
----------------- Done invoking toplevel() on ptolemy.moml.MoMLSimpleApplication@7df876f8
reloadAllAccessors: .Clock17

===========================================================================================
----------------- testing Mon May 11 14:23:26 UTC 2020 /home/travis/build/icyphy/ptII/ptolemy/actor/lib/test/auto/Clock18.xml
----------------- Instantiating /home/travis/build/icyphy/ptII/ptolemy/actor/lib/test/auto/Clock18.xml
11 ms. Memory: 345088K Free: 221447K (64%)
----------------- Invoking toplevel() on ptolemy.moml.MoMLSimpleApplication@2088b735
----------------- Done invoking toplevel() on ptolemy.moml.MoMLSimpleApplication@2088b735
reloadAllAccessors: .Clock18

===========================================================================================
----------------- testing Mon May 11 14:23:26 UTC 2020 /home/travis/build/icyphy/ptII/ptolemy/actor/lib/test/auto/Clock19.xml
----------------- Instantiating /home/travis/build/icyphy/ptII/ptolemy/actor/lib/test/auto/Clock19.xml
10 ms. Memory: 345088K Free: 208631K (60%)
----------------- Invoking toplevel() on ptolemy.moml.MoMLSimpleApplication@55a65018
----------------- Done invoking toplevel() on ptolemy.moml.MoMLSimpleApplication@55a65018
reloadAllAccessors: .Clock19

===========================================================================================
----------------- testing Mon May 11 14:23:26 UTC 2020 /home/travis/build/icyphy/ptII/ptolemy/actor/lib/test/auto/Clock2.xml
----------------- Instantiating /home/travis/build/icyphy/ptII/ptolemy/actor/lib/test/auto/Clock2.xml
4 ms. Memory: 345088K Free: 203519K (59%)
----------------- Invoking toplevel() on ptolemy.moml.MoMLSimpleApplication@3b71da80
----------------- Done invoking toplevel() on ptolemy.moml.MoMLSimpleApplication@3b71da80
reloadAllAccessors: .Clock2

===========================================================================================
----------------- testing Mon May 11 14:23:26 UTC 2020 /home/travis/build/icyphy/ptII/ptolemy/actor/lib/test/auto/Clock20.xml
----------------- Instantiating /home/travis/build/icyphy/ptII/ptolemy/actor/lib/test/auto/Clock20.xml
7 ms. Memory: 345088K Free: 197895K (57%)
----------------- Invoking toplevel() on ptolemy.moml.MoMLSimpleApplication@3101fa9c
----------------- Done invoking toplevel() on ptolemy.moml.MoMLSimpleApplication@3101fa9c
reloadAllAccessors: .Clock20

===========================================================================================
----------------- testing Mon May 11 14:23:27 UTC 2020 /home/travis/build/icyphy/ptII/ptolemy/actor/lib/test/auto/Clock21.xml
----------------- Instantiating /home/travis/build/icyphy/ptII/ptolemy/actor/lib/test/auto/Clock21.xml
3 ms. Memory: 345088K Free: 192775K (56%)
----------------- Invoking toplevel() on ptolemy.moml.MoMLSimpleApplication@48d785cc
----------------- Done invoking toplevel() on ptolemy.moml.MoMLSimpleApplication@48d785cc
reloadAllAccessors: .Clock21

===========================================================================================
----------------- testing Mon May 11 14:23:27 UTC 2020 /home/travis/build/icyphy/ptII/ptolemy/actor/lib/test/auto/Clock22.xml
----------------- Instantiating /home/travis/build/icyphy/ptII/ptolemy/actor/lib/test/auto/Clock22.xml
2 ms. Memory: 345088K Free: 187141K (54%)
----------------- Invoking toplevel() on ptolemy.moml.MoMLSimpleApplication@6d8178fe
----------------- Done invoking toplevel() on ptolemy.moml.MoMLSimpleApplication@6d8178fe
reloadAllAccessors: .Clock22

===========================================================================================
----------------- testing Mon May 11 14:23:27 UTC 2020 /home/travis/build/icyphy/ptII/ptolemy/actor/lib/test/auto/Clock23.xml
----------------- Instantiating /home/travis/build/icyphy/ptII/ptolemy/actor/lib/test/auto/Clock23.xml
2 ms. Memory: 345088K Free: 182021K (53%)
----------------- Invoking toplevel() on ptolemy.moml.MoMLSimpleApplication@2a707b7d
----------------- Done invoking toplevel() on ptolemy.moml.MoMLSimpleApplication@2a707b7d
reloadAllAccessors: .Clock23

===========================================================================================
----------------- testing Mon May 11 14:23:27 UTC 2020 /home/travis/build/icyphy/ptII/ptolemy/actor/lib/test/auto/Clock24.xml
----------------- Instantiating /home/travis/build/icyphy/ptII/ptolemy/actor/lib/test/auto/Clock24.xml
6 ms. Memory: 345088K Free: 176391K (51%)
----------------- Invoking toplevel() on ptolemy.moml.MoMLSimpleApplication@563c62bf
----------------- Done invoking toplevel() on ptolemy.moml.MoMLSimpleApplication@563c62bf
reloadAllAccessors: .Clock24

===========================================================================================
----------------- testing Mon May 11 14:23:27 UTC 2020 /home/travis/build/icyphy/ptII/ptolemy/actor/lib/test/auto/Clock4.xml
----------------- Instantiating /home/travis/build/icyphy/ptII/ptolemy/actor/lib/test/auto/Clock4.xml
1 ms. Memory: 345088K Free: 171271K (50%)
----------------- Invoking toplevel() on ptolemy.moml.MoMLSimpleApplication@dcd44e2
----------------- Done invoking toplevel() on ptolemy.moml.MoMLSimpleApplication@dcd44e2
reloadAllAccessors: .Clock4

===========================================================================================
----------------- testing Mon May 11 14:23:27 UTC 2020 /home/travis/build/icyphy/ptII/ptolemy/actor/lib/test/auto/Clock5.xml
----------------- Instantiating /home/travis/build/icyphy/ptII/ptolemy/actor/lib/test/auto/Clock5.xml
2 ms. Memory: 345088K Free: 166151K (48%)
----------------- Invoking toplevel() on ptolemy.moml.MoMLSimpleApplication@40c06f04
----------------- Done invoking toplevel() on ptolemy.moml.MoMLSimpleApplication@40c06f04
reloadAllAccessors: .Clock5

===========================================================================================
----------------- testing Mon May 11 14:23:27 UTC 2020 /home/travis/build/icyphy/ptII/ptolemy/actor/lib/test/auto/Clock6.xml
----------------- Instantiating /home/travis/build/icyphy/ptII/ptolemy/actor/lib/test/auto/Clock6.xml
1 ms. Memory: 345088K Free: 161541K (47%)
----------------- Invoking toplevel() on ptolemy.moml.MoMLSimpleApplication@2d955444
----------------- Done invoking toplevel() on ptolemy.moml.MoMLSimpleApplication@2d955444
reloadAllAccessors: .Clock6

===========================================================================================
----------------- testing Mon May 11 14:23:27 UTC 2020 /home/travis/build/icyphy/ptII/ptolemy/actor/lib/test/auto/Clock7.xml
----------------- Instantiating /home/travis/build/icyphy/ptII/ptolemy/actor/lib/test/auto/Clock7.xml
2 ms. Memory: 345088K Free: 157445K (46%)
----------------- Invoking toplevel() on ptolemy.moml.MoMLSimpleApplication@2a3e23db
----------------- Done invoking toplevel() on ptolemy.moml.MoMLSimpleApplication@2a3e23db
reloadAllAccessors: .Clock7

===========================================================================================
----------------- testing Mon May 11 14:23:27 UTC 2020 /home/travis/build/icyphy/ptII/ptolemy/actor/lib/test/auto/Clock8.xml
----------------- Instantiating /home/travis/build/icyphy/ptII/ptolemy/actor/lib/test/auto/Clock8.xml
4 ms. Memory: 345088K Free: 151815K (44%)
----------------- Invoking toplevel() on ptolemy.moml.MoMLSimpleApplication@11769235
----------------- Done invoking toplevel() on ptolemy.moml.MoMLSimpleApplication@11769235
reloadAllAccessors: .Clock8

===========================================================================================
----------------- testing Mon May 11 14:23:27 UTC 2020 /home/travis/build/icyphy/ptII/ptolemy/actor/lib/test/auto/Clock9.xml
----------------- Instantiating /home/travis/build/icyphy/ptII/ptolemy/actor/lib/test/auto/Clock9.xml
4 ms. Memory: 345088K Free: 146695K (43%)
----------------- Invoking toplevel() on ptolemy.moml.MoMLSimpleApplication@148525af
----------------- Done invoking toplevel() on ptolemy.moml.MoMLSimpleApplication@148525af
reloadAllAccessors: .Clock9

===========================================================================================
----------------- testing Mon May 11 14:23:27 UTC 2020 /home/travis/build/icyphy/ptII/ptolemy/actor/lib/test/auto/CommDistDiscard.xml
----------------- Instantiating /home/travis/build/icyphy/ptII/ptolemy/actor/lib/test/auto/CommDistDiscard.xml
2 ms. Memory: 345088K Free: 141061K (41%)
----------------- Invoking toplevel() on ptolemy.moml.MoMLSimpleApplication@7f563555
----------------- Done invoking toplevel() on ptolemy.moml.MoMLSimpleApplication@7f563555
reloadAllAccessors: .CommDistDiscard

===========================================================================================
----------------- testing Mon May 11 14:23:27 UTC 2020 /home/travis/build/icyphy/ptII/ptolemy/actor/lib/test/auto/Commutator.xml
----------------- Instantiating /home/travis/build/icyphy/ptII/ptolemy/actor/lib/test/auto/Commutator.xml
2 ms. Memory: 345088K Free: 136455K (40%)
----------------- Invoking toplevel() on ptolemy.moml.MoMLSimpleApplication@6247e8cf
----------------- Done invoking toplevel() on ptolemy.moml.MoMLSimpleApplication@6247e8cf
reloadAllAccessors: .Commutator

===========================================================================================
----------------- testing Mon May 11 14:23:27 UTC 2020 /home/travis/build/icyphy/ptII/ptolemy/actor/lib/test/auto/Commutator2.xml
----------------- Instantiating /home/travis/build/icyphy/ptII/ptolemy/actor/lib/test/auto/Commutator2.xml
1 ms. Memory: 345088K Free: 132359K (38%)
----------------- Invoking toplevel() on ptolemy.moml.MoMLSimpleApplication@170ab372
----------------- Done invoking toplevel() on ptolemy.moml.MoMLSimpleApplication@170ab372
reloadAllAccessors: .Commutator2

===========================================================================================
----------------- testing Mon May 11 14:23:27 UTC 2020 /home/travis/build/icyphy/ptII/ptolemy/actor/lib/test/auto/Commutator3.xml
----------------- Instantiating /home/travis/build/icyphy/ptII/ptolemy/actor/lib/test/auto/Commutator3.xml
2 ms. Memory: 345088K Free: 127749K (37%)
----------------- Invoking toplevel() on ptolemy.moml.MoMLSimpleApplication@481e2f05
----------------- Done invoking toplevel() on ptolemy.moml.MoMLSimpleApplication@481e2f05
reloadAllAccessors: .Commutator3

===========================================================================================
----------------- testing Mon May 11 14:23:27 UTC 2020 /home/travis/build/icyphy/ptII/ptolemy/actor/lib/test/auto/Compare.xml
----------------- Instantiating /home/travis/build/icyphy/ptII/ptolemy/actor/lib/test/auto/Compare.xml
2 ms. Memory: 345088K Free: 121605K (35%)
----------------- Invoking toplevel() on ptolemy.moml.MoMLSimpleApplication@6ef134a
----------------- Done invoking toplevel() on ptolemy.moml.MoMLSimpleApplication@6ef134a
reloadAllAccessors: .Compare

===========================================================================================
----------------- testing Mon May 11 14:23:27 UTC 2020 /home/travis/build/icyphy/ptII/ptolemy/actor/lib/test/auto/CompareDE.xml
----------------- Instantiating /home/travis/build/icyphy/ptII/ptolemy/actor/lib/test/auto/CompareDE.xml
5 ms. Memory: 345088K Free: 113927K (33%)
----------------- Invoking toplevel() on ptolemy.moml.MoMLSimpleApplication@767c162e
----------------- Done invoking toplevel() on ptolemy.moml.MoMLSimpleApplication@767c162e
reloadAllAccessors: .CompareDE

===========================================================================================
----------------- testing Mon May 11 14:23:27 UTC 2020 /home/travis/build/icyphy/ptII/ptolemy/actor/lib/test/auto/ComplexDivide.xml
----------------- Instantiating /home/travis/build/icyphy/ptII/ptolemy/actor/lib/test/auto/ComplexDivide.xml
1 ms. Memory: 345088K Free: 109831K (32%)
----------------- Invoking toplevel() on ptolemy.moml.MoMLSimpleApplication@302f81b0
----------------- Done invoking toplevel() on ptolemy.moml.MoMLSimpleApplication@302f81b0
reloadAllAccessors: .ComplexDivide

===========================================================================================
----------------- testing Mon May 11 14:23:27 UTC 2020 /home/travis/build/icyphy/ptII/ptolemy/actor/lib/test/auto/ComputeHistogram.xml
----------------- Instantiating /home/travis/build/icyphy/ptII/ptolemy/actor/lib/test/auto/ComputeHistogram.xml
32 ms. Memory: 345088K Free: 97543K (28%)
----------------- Invoking toplevel() on ptolemy.moml.MoMLSimpleApplication@554ed272
----------------- Done invoking toplevel() on ptolemy.moml.MoMLSimpleApplication@554ed272
reloadAllAccessors: .ComputeHistogram

===========================================================================================
----------------- testing Mon May 11 14:23:27 UTC 2020 /home/travis/build/icyphy/ptII/ptolemy/actor/lib/test/auto/ConfigurationSelect.xml
----------------- Instantiating /home/travis/build/icyphy/ptII/ptolemy/actor/lib/test/auto/ConfigurationSelect.xml
12 ms. Memory: 671744K Free: 616677K (92%)
----------------- Invoking toplevel() on ptolemy.moml.MoMLSimpleApplication@6dbbaf7a
----------------- Done invoking toplevel() on ptolemy.moml.MoMLSimpleApplication@6dbbaf7a
reloadAllAccessors: .ConfigurationSelect

===========================================================================================
----------------- testing Mon May 11 14:23:27 UTC 2020 /home/travis/build/icyphy/ptII/ptolemy/actor/lib/test/auto/ConfigurationSelect2.xml
----------------- Instantiating /home/travis/build/icyphy/ptII/ptolemy/actor/lib/test/auto/ConfigurationSelect2.xml
3 ms. Memory: 671744K Free: 612103K (91%)
----------------- Invoking toplevel() on ptolemy.moml.MoMLSimpleApplication@55845be2
----------------- Done invoking toplevel() on ptolemy.moml.MoMLSimpleApplication@55845be2
reloadAllAccessors: .ConfigurationSelect2

===========================================================================================
----------------- testing Mon May 11 14:23:27 UTC 2020 /home/travis/build/icyphy/ptII/ptolemy/actor/lib/test/auto/ConfigurationSwitch.xml
----------------- Instantiating /home/travis/build/icyphy/ptII/ptolemy/actor/lib/test/auto/ConfigurationSwitch.xml
2 ms. Memory: 671744K Free: 606983K (90%)
----------------- Invoking toplevel() on ptolemy.moml.MoMLSimpleApplication@640d3169
----------------- Done invoking toplevel() on ptolemy.moml.MoMLSimpleApplication@640d3169
reloadAllAccessors: .ConfigurationSwitch

===========================================================================================
----------------- testing Mon May 11 14:23:27 UTC 2020 /home/travis/build/icyphy/ptII/ptolemy/actor/lib/test/auto/ConfigurationSwitch2.xml
----------------- Instantiating /home/travis/build/icyphy/ptII/ptolemy/actor/lib/test/auto/ConfigurationSwitch2.xml
2 ms. Memory: 671744K Free: 601349K (90%)
----------------- Invoking toplevel() on ptolemy.moml.MoMLSimpleApplication@7cb7fd91
----------------- Done invoking toplevel() on ptolemy.moml.MoMLSimpleApplication@7cb7fd91
reloadAllAccessors: .ConfigurationSwitch2

===========================================================================================
----------------- testing Mon May 11 14:23:27 UTC 2020 /home/travis/build/icyphy/ptII/ptolemy/actor/lib/test/auto/ConfigurationSwitchCloningBugWithClassRelationGroup.xml
----------------- Instantiating /home/travis/build/icyphy/ptII/ptolemy/actor/lib/test/auto/ConfigurationSwitchCloningBugWithClassRelationGroup.xml
2 ms. Memory: 671744K Free: 595205K (89%)
----------------- Invoking toplevel() on ptolemy.moml.MoMLSimpleApplication@6d5f4f2c
----------------- Done invoking toplevel() on ptolemy.moml.MoMLSimpleApplication@6d5f4f2c
reloadAllAccessors: .ConfigurationSwitchCloningBugWithClassRelationGroup

===========================================================================================
----------------- testing Mon May 11 14:23:27 UTC 2020 /home/travis/build/icyphy/ptII/ptolemy/actor/lib/test/auto/ConfigurationSwitchSelectSDF.xml
----------------- Instantiating /home/travis/build/icyphy/ptII/ptolemy/actor/lib/test/auto/ConfigurationSwitchSelectSDF.xml
3 ms. Memory: 671744K Free: 589575K (88%)
----------------- Invoking toplevel() on ptolemy.moml.MoMLSimpleApplication@2d495043
----------------- Done invoking toplevel() on ptolemy.moml.MoMLSimpleApplication@2d495043
reloadAllAccessors: .ConfigurationSwitchSelectSDF

===========================================================================================
----------------- testing Mon May 11 14:23:27 UTC 2020 /home/travis/build/icyphy/ptII/ptolemy/actor/lib/test/auto/ConfigurationSwitchSelectSDF2.xml
----------------- Instantiating /home/travis/build/icyphy/ptII/ptolemy/actor/lib/test/auto/ConfigurationSwitchSelectSDF2.xml
2 ms. Memory: 671744K Free: 583941K (87%)
----------------- Invoking toplevel() on ptolemy.moml.MoMLSimpleApplication@59c1839
----------------- Done invoking toplevel() on ptolemy.moml.MoMLSimpleApplication@59c1839
reloadAllAccessors: .ConfigurationSwitchSelectSDF2

===========================================================================================
----------------- testing Mon May 11 14:23:27 UTC 2020 /home/travis/build/icyphy/ptII/ptolemy/actor/lib/test/auto/Const.xml
----------------- Instantiating /home/travis/build/icyphy/ptII/ptolemy/actor/lib/test/auto/Const.xml
1 ms. Memory: 671744K Free: 580869K (86%)
----------------- Invoking toplevel() on ptolemy.moml.MoMLSimpleApplication@59cc577
----------------- Done invoking toplevel() on ptolemy.moml.MoMLSimpleApplication@59cc577
reloadAllAccessors: .Const

===========================================================================================
----------------- testing Mon May 11 14:23:27 UTC 2020 /home/travis/build/icyphy/ptII/ptolemy/actor/lib/test/auto/Const2.xml
----------------- Instantiating /home/travis/build/icyphy/ptII/ptolemy/actor/lib/test/auto/Const2.xml
2 ms. Memory: 671744K Free: 576773K (86%)
----------------- Invoking toplevel() on ptolemy.moml.MoMLSimpleApplication@3b57b0b3
----------------- Done invoking toplevel() on ptolemy.moml.MoMLSimpleApplication@3b57b0b3
reloadAllAccessors: .Const2

===========================================================================================
----------------- testing Mon May 11 14:23:27 UTC 2020 /home/travis/build/icyphy/ptII/ptolemy/actor/lib/test/auto/Const3.xml
----------------- Instantiating /home/travis/build/icyphy/ptII/ptolemy/actor/lib/test/auto/Const3.xml
2 ms. Memory: 671744K Free: 574215K (85%)
----------------- Invoking toplevel() on ptolemy.moml.MoMLSimpleApplication@69eed78a
----------------- Done invoking toplevel() on ptolemy.moml.MoMLSimpleApplication@69eed78a
reloadAllAccessors: .Const3

===========================================================================================
----------------- testing Mon May 11 14:23:27 UTC 2020 /home/travis/build/icyphy/ptII/ptolemy/actor/lib/test/auto/ConstantPublisherPort1.xml
----------------- Instantiating /home/travis/build/icyphy/ptII/ptolemy/actor/lib/test/auto/ConstantPublisherPort1.xml
6 ms. Memory: 671744K Free: 565509K (84%)
----------------- Invoking toplevel() on ptolemy.moml.MoMLSimpleApplication@2c24c355
----------------- Done invoking toplevel() on ptolemy.moml.MoMLSimpleApplication@2c24c355
reloadAllAccessors: .ConstantPublisherPort1

===========================================================================================
----------------- testing Mon May 11 14:23:27 UTC 2020 /home/travis/build/icyphy/ptII/ptolemy/actor/lib/test/auto/ConstantPublisherPort2.xml
----------------- Instantiating /home/travis/build/icyphy/ptII/ptolemy/actor/lib/test/auto/ConstantPublisherPort2.xml
11 ms. Memory: 671744K Free: 557831K (83%)
----------------- Invoking toplevel() on ptolemy.moml.MoMLSimpleApplication@51ebac0e
----------------- Done invoking toplevel() on ptolemy.moml.MoMLSimpleApplication@51ebac0e
reloadAllAccessors: .ConstantPublisherPort2

===========================================================================================
----------------- testing Mon May 11 14:23:27 UTC 2020 /home/travis/build/icyphy/ptII/ptolemy/actor/lib/test/auto/ConstantPublisherPort3.xml
----------------- Instantiating /home/travis/build/icyphy/ptII/ptolemy/actor/lib/test/auto/ConstantPublisherPort3.xml
6 ms. Memory: 671744K Free: 550663K (82%)
----------------- Invoking toplevel() on ptolemy.moml.MoMLSimpleApplication@6bd86d94
----------------- Done invoking toplevel() on ptolemy.moml.MoMLSimpleApplication@6bd86d94
reloadAllAccessors: .ConstantPublisherPort3

===========================================================================================
----------------- testing Mon May 11 14:23:27 UTC 2020 /home/travis/build/icyphy/ptII/ptolemy/actor/lib/test/auto/ConstantPublisherPort4.xml
----------------- Instantiating /home/travis/build/icyphy/ptII/ptolemy/actor/lib/test/auto/ConstantPublisherPort4.xml
3 ms. Memory: 671744K Free: 543495K (81%)
----------------- Invoking toplevel() on ptolemy.moml.MoMLSimpleApplication@5a7ef152
----------------- Done invoking toplevel() on ptolemy.moml.MoMLSimpleApplication@5a7ef152
reloadAllAccessors: .ConstantPublisherPort4

===========================================================================================
----------------- testing Mon May 11 14:23:27 UTC 2020 /home/travis/build/icyphy/ptII/ptolemy/actor/lib/test/auto/ConstantPublisherPort5.xml
----------------- Instantiating /home/travis/build/icyphy/ptII/ptolemy/actor/lib/test/auto/ConstantPublisherPort5.xml
30 ms. Memory: 671744K Free: 534279K (80%)
----------------- Invoking toplevel() on ptolemy.moml.MoMLSimpleApplication@2e09f9cb
----------------- Done invoking toplevel() on ptolemy.moml.MoMLSimpleApplication@2e09f9cb
reloadAllAccessors: .ConstantPublisherPort5

===========================================================================================
----------------- testing Mon May 11 14:23:27 UTC 2020 /home/travis/build/icyphy/ptII/ptolemy/actor/lib/test/auto/ConstantPublisherPort6.xml
----------------- Instantiating /home/travis/build/icyphy/ptII/ptolemy/actor/lib/test/auto/ConstantPublisherPort6.xml
18 ms. Memory: 671744K Free: 524549K (78%)
----------------- Invoking toplevel() on ptolemy.moml.MoMLSimpleApplication@268c6157
----------------- Done invoking toplevel() on ptolemy.moml.MoMLSimpleApplication@268c6157
reloadAllAccessors: .ConstantPublisherPort6

===========================================================================================
----------------- testing Mon May 11 14:23:27 UTC 2020 /home/travis/build/icyphy/ptII/ptolemy/actor/lib/test/auto/ConstantPublisherPort7.xml
----------------- Instantiating /home/travis/build/icyphy/ptII/ptolemy/actor/lib/test/auto/ConstantPublisherPort7.xml
20 ms. Memory: 671744K Free: 514823K (77%)
----------------- Invoking toplevel() on ptolemy.moml.MoMLSimpleApplication@54463e8d
----------------- Done invoking toplevel() on ptolemy.moml.MoMLSimpleApplication@54463e8d
reloadAllAccessors: .ConstantPublisherPort7

===========================================================================================
----------------- testing Mon May 11 14:23:27 UTC 2020 /home/travis/build/icyphy/ptII/ptolemy/actor/lib/test/auto/ConstraintMonitor1.xml
----------------- Instantiating /home/travis/build/icyphy/ptII/ptolemy/actor/lib/test/auto/ConstraintMonitor1.xml
5 ms. Memory: 671744K Free: 510213K (76%)
----------------- Invoking toplevel() on ptolemy.moml.MoMLSimpleApplication@203a05fd
----------------- Done invoking toplevel() on ptolemy.moml.MoMLSimpleApplication@203a05fd
reloadAllAccessors: .ConstraintMonitor1

===========================================================================================
----------------- testing Mon May 11 14:23:27 UTC 2020 /home/travis/build/icyphy/ptII/ptolemy/actor/lib/test/auto/ConstraintMonitor2.xml
----------------- Instantiating /home/travis/build/icyphy/ptII/ptolemy/actor/lib/test/auto/ConstraintMonitor2.xml
4 ms. Memory: 671744K Free: 505093K (75%)
----------------- Invoking toplevel() on ptolemy.moml.MoMLSimpleApplication@51101e7f
----------------- Done invoking toplevel() on ptolemy.moml.MoMLSimpleApplication@51101e7f
reloadAllAccessors: .ConstraintMonitor2

===========================================================================================
----------------- testing Mon May 11 14:23:27 UTC 2020 /home/travis/build/icyphy/ptII/ptolemy/actor/lib/test/auto/ConstraintMonitor3.xml
----------------- Instantiating /home/travis/build/icyphy/ptII/ptolemy/actor/lib/test/auto/ConstraintMonitor3.xml
1 ms. Memory: 671744K Free: 500487K (75%)
----------------- Invoking toplevel() on ptolemy.moml.MoMLSimpleApplication@2d9eedbf
----------------- Done invoking toplevel() on ptolemy.moml.MoMLSimpleApplication@2d9eedbf
reloadAllAccessors: .ConstraintMonitor3

===========================================================================================
----------------- testing Mon May 11 14:23:27 UTC 2020 /home/travis/build/icyphy/ptII/ptolemy/actor/lib/test/auto/ConstraintMonitor4.xml
----------------- Instantiating /home/travis/build/icyphy/ptII/ptolemy/actor/lib/test/auto/ConstraintMonitor4.xml
6 ms. Memory: 671744K Free: 495877K (74%)
----------------- Invoking toplevel() on ptolemy.moml.MoMLSimpleApplication@1dc5fa3e
----------------- Done invoking toplevel() on ptolemy.moml.MoMLSimpleApplication@1dc5fa3e
reloadAllAccessors: .ConstraintMonitor4

===========================================================================================
----------------- testing Mon May 11 14:23:27 UTC 2020 /home/travis/build/icyphy/ptII/ptolemy/actor/lib/test/auto/ConstraintMonitor5.xml
----------------- Instantiating /home/travis/build/icyphy/ptII/ptolemy/actor/lib/test/auto/ConstraintMonitor5.xml
6 ms. Memory: 671744K Free: 490757K (73%)
----------------- Invoking toplevel() on ptolemy.moml.MoMLSimpleApplication@730eb610
----------------- Done invoking toplevel() on ptolemy.moml.MoMLSimpleApplication@730eb610
reloadAllAccessors: .ConstraintMonitor5

===========================================================================================
----------------- testing Mon May 11 14:23:28 UTC 2020 /home/travis/build/icyphy/ptII/ptolemy/actor/lib/test/auto/ConstraintMonitor6.xml
----------------- Instantiating /home/travis/build/icyphy/ptII/ptolemy/actor/lib/test/auto/ConstraintMonitor6.xml
3 ms. Memory: 671744K Free: 485127K (72%)
----------------- Invoking toplevel() on ptolemy.moml.MoMLSimpleApplication@5506a587
----------------- Done invoking toplevel() on ptolemy.moml.MoMLSimpleApplication@5506a587
reloadAllAccessors: .ConstraintMonitor6

===========================================================================================
----------------- testing Mon May 11 14:23:28 UTC 2020 /home/travis/build/icyphy/ptII/ptolemy/actor/lib/test/auto/ConstraintMonitor7.xml
----------------- Instantiating /home/travis/build/icyphy/ptII/ptolemy/actor/lib/test/auto/ConstraintMonitor7.xml
3 ms. Memory: 671744K Free: 478463K (71%)
----------------- Invoking toplevel() on ptolemy.moml.MoMLSimpleApplication@2183cc47
----------------- Done invoking toplevel() on ptolemy.moml.MoMLSimpleApplication@2183cc47
reloadAllAccessors: .ConstraintMonitor7

===========================================================================================
----------------- testing Mon May 11 14:23:28 UTC 2020 /home/travis/build/icyphy/ptII/ptolemy/actor/lib/test/auto/ConstraintMonitor8.xml
----------------- Instantiating /home/travis/build/icyphy/ptII/ptolemy/actor/lib/test/auto/ConstraintMonitor8.xml
7 ms. Memory: 671744K Free: 470791K (70%)
----------------- Invoking toplevel() on ptolemy.moml.MoMLSimpleApplication@1d82d85a
----------------- Done invoking toplevel() on ptolemy.moml.MoMLSimpleApplication@1d82d85a
reloadAllAccessors: .ConstraintMonitor8

===========================================================================================
----------------- testing Mon May 11 14:23:28 UTC 2020 /home/travis/build/icyphy/ptII/ptolemy/actor/lib/test/auto/Counter.xml
----------------- Instantiating /home/travis/build/icyphy/ptII/ptolemy/actor/lib/test/auto/Counter.xml
3 ms. Memory: 671744K Free: 466181K (69%)
----------------- Invoking toplevel() on ptolemy.moml.MoMLSimpleApplication@4a4f018b
----------------- Done invoking toplevel() on ptolemy.moml.MoMLSimpleApplication@4a4f018b
reloadAllAccessors: .Counter

===========================================================================================
----------------- testing Mon May 11 14:23:28 UTC 2020 /home/travis/build/icyphy/ptII/ptolemy/actor/lib/test/auto/CurrentTimeSDF.xml
----------------- Instantiating /home/travis/build/icyphy/ptII/ptolemy/actor/lib/test/auto/CurrentTimeSDF.xml
2 ms. Memory: 671744K Free: 462085K (69%)
----------------- Invoking toplevel() on ptolemy.moml.MoMLSimpleApplication@743864cf
----------------- Done invoking toplevel() on ptolemy.moml.MoMLSimpleApplication@743864cf
reloadAllAccessors: .CurrentTimeSDF

===========================================================================================
----------------- testing Mon May 11 14:23:28 UTC 2020 /home/travis/build/icyphy/ptII/ptolemy/actor/lib/test/auto/DB.xml
----------------- Instantiating /home/travis/build/icyphy/ptII/ptolemy/actor/lib/test/auto/DB.xml
2 ms. Memory: 671744K Free: 456965K (68%)
----------------- Invoking toplevel() on ptolemy.moml.MoMLSimpleApplication@526033b9
----------------- Done invoking toplevel() on ptolemy.moml.MoMLSimpleApplication@526033b9
reloadAllAccessors: .DB

===========================================================================================
----------------- testing Mon May 11 14:23:28 UTC 2020 /home/travis/build/icyphy/ptII/ptolemy/actor/lib/test/auto/DBDE.xml
----------------- Instantiating /home/travis/build/icyphy/ptII/ptolemy/actor/lib/test/auto/DBDE.xml
2 ms. Memory: 671744K Free: 451335K (67%)
----------------- Invoking toplevel() on ptolemy.moml.MoMLSimpleApplication@64b73fa5
----------------- Done invoking toplevel() on ptolemy.moml.MoMLSimpleApplication@64b73fa5
reloadAllAccessors: .DBDE

===========================================================================================
----------------- testing Mon May 11 14:23:28 UTC 2020 /home/travis/build/icyphy/ptII/ptolemy/actor/lib/test/auto/DateConstructor.xml
----------------- Instantiating /home/travis/build/icyphy/ptII/ptolemy/actor/lib/test/auto/DateConstructor.xml
35 ms. Memory: 671744K Free: 433927K (65%)
----------------- Invoking toplevel() on ptolemy.moml.MoMLSimpleApplication@7c55e2c5
----------------- Done invoking toplevel() on ptolemy.moml.MoMLSimpleApplication@7c55e2c5
reloadAllAccessors: .DateConstructor

===========================================================================================
----------------- testing Mon May 11 14:23:28 UTC 2020 /home/travis/build/icyphy/ptII/ptolemy/actor/lib/test/auto/DelayTime.xml
----------------- Instantiating /home/travis/build/icyphy/ptII/ptolemy/actor/lib/test/auto/DelayTime.xml
5 ms. Memory: 671744K Free: 428807K (64%)
----------------- Invoking toplevel() on ptolemy.moml.MoMLSimpleApplication@d061b99
----------------- Done invoking toplevel() on ptolemy.moml.MoMLSimpleApplication@d061b99
reloadAllAccessors: .DelayTime

===========================================================================================
----------------- testing Mon May 11 14:23:28 UTC 2020 /home/travis/build/icyphy/ptII/ptolemy/actor/lib/test/auto/Dictionary1.xml
----------------- Instantiating /home/travis/build/icyphy/ptII/ptolemy/actor/lib/test/auto/Dictionary1.xml
3 ms. Memory: 671744K Free: 423687K (63%)
----------------- Invoking toplevel() on ptolemy.moml.MoMLSimpleApplication@4c3e71dc
----------------- Done invoking toplevel() on ptolemy.moml.MoMLSimpleApplication@4c3e71dc
reloadAllAccessors: .Dictionary1

===========================================================================================
----------------- testing Mon May 11 14:23:28 UTC 2020 /home/travis/build/icyphy/ptII/ptolemy/actor/lib/test/auto/Dictionary2.xml
----------------- Instantiating /home/travis/build/icyphy/ptII/ptolemy/actor/lib/test/auto/Dictionary2.xml
5 ms. Memory: 671744K Free: 418053K (62%)
----------------- Invoking toplevel() on ptolemy.moml.MoMLSimpleApplication@596ae855
----------------- Done invoking toplevel() on ptolemy.moml.MoMLSimpleApplication@596ae855
reloadAllAccessors: .Dictionary2

===========================================================================================
----------------- testing Mon May 11 14:23:28 UTC 2020 /home/travis/build/icyphy/ptII/ptolemy/actor/lib/test/auto/Dictionary3.xml
----------------- Instantiating /home/travis/build/icyphy/ptII/ptolemy/actor/lib/test/auto/Dictionary3.xml
2 ms. Memory: 671744K Free: 412423K (61%)
----------------- Invoking toplevel() on ptolemy.moml.MoMLSimpleApplication@67945bc4
----------------- Done invoking toplevel() on ptolemy.moml.MoMLSimpleApplication@67945bc4
reloadAllAccessors: .Dictionary3

===========================================================================================
----------------- testing Mon May 11 14:23:28 UTC 2020 /home/travis/build/icyphy/ptII/ptolemy/actor/lib/test/auto/Dictionary4.xml
----------------- Instantiating /home/travis/build/icyphy/ptII/ptolemy/actor/lib/test/auto/Dictionary4.xml
5 ms. Memory: 671744K Free: 405765K (60%)
----------------- Invoking toplevel() on ptolemy.moml.MoMLSimpleApplication@402ba381
----------------- Done invoking toplevel() on ptolemy.moml.MoMLSimpleApplication@402ba381
reloadAllAccessors: .Dictionary4

===========================================================================================
----------------- testing Mon May 11 14:23:28 UTC 2020 /home/travis/build/icyphy/ptII/ptolemy/actor/lib/test/auto/Differential.xml
----------------- Instantiating /home/travis/build/icyphy/ptII/ptolemy/actor/lib/test/auto/Differential.xml
3 ms. Memory: 671744K Free: 401159K (60%)
----------------- Invoking toplevel() on ptolemy.moml.MoMLSimpleApplication@52b0532c
----------------- Done invoking toplevel() on ptolemy.moml.MoMLSimpleApplication@52b0532c
reloadAllAccessors: .Differential

===========================================================================================
----------------- testing Mon May 11 14:23:28 UTC 2020 /home/travis/build/icyphy/ptII/ptolemy/actor/lib/test/auto/Director.xml
----------------- Instantiating /home/travis/build/icyphy/ptII/ptolemy/actor/lib/test/auto/Director.xml
4 ms. Memory: 671744K Free: 397573K (59%)
----------------- Invoking toplevel() on ptolemy.moml.MoMLSimpleApplication@35cf6922
----------------- Done invoking toplevel() on ptolemy.moml.MoMLSimpleApplication@35cf6922
reloadAllAccessors: .Director

===========================================================================================
----------------- testing Mon May 11 14:23:28 UTC 2020 /home/travis/build/icyphy/ptII/ptolemy/actor/lib/test/auto/DiscreteClock.xml
----------------- Instantiating /home/travis/build/icyphy/ptII/ptolemy/actor/lib/test/auto/DiscreteClock.xml
2 ms. Memory: 671744K Free: 393477K (59%)
----------------- Invoking toplevel() on ptolemy.moml.MoMLSimpleApplication@172ae4f
----------------- Done invoking toplevel() on ptolemy.moml.MoMLSimpleApplication@172ae4f
reloadAllAccessors: .DiscreteClock

===========================================================================================
----------------- testing Mon May 11 14:23:28 UTC 2020 /home/travis/build/icyphy/ptII/ptolemy/actor/lib/test/auto/DiscreteClock10.xml
----------------- Instantiating /home/travis/build/icyphy/ptII/ptolemy/actor/lib/test/auto/DiscreteClock10.xml
2 ms. Memory: 671744K Free: 387847K (58%)
----------------- Invoking toplevel() on ptolemy.moml.MoMLSimpleApplication@2bf0f377
----------------- Done invoking toplevel() on ptolemy.moml.MoMLSimpleApplication@2bf0f377
reloadAllAccessors: .DiscreteClock10

===========================================================================================
----------------- testing Mon May 11 14:23:28 UTC 2020 /home/travis/build/icyphy/ptII/ptolemy/actor/lib/test/auto/DiscreteClock11.xml
----------------- Instantiating /home/travis/build/icyphy/ptII/ptolemy/actor/lib/test/auto/DiscreteClock11.xml
3 ms. Memory: 671744K Free: 381703K (57%)
----------------- Invoking toplevel() on ptolemy.moml.MoMLSimpleApplication@10e89a59
----------------- Done invoking toplevel() on ptolemy.moml.MoMLSimpleApplication@10e89a59
reloadAllAccessors: .DiscreteClock11

===========================================================================================
----------------- testing Mon May 11 14:23:28 UTC 2020 /home/travis/build/icyphy/ptII/ptolemy/actor/lib/test/auto/DiscreteClock12.xml
----------------- Instantiating /home/travis/build/icyphy/ptII/ptolemy/actor/lib/test/auto/DiscreteClock12.xml
3 ms. Memory: 671744K Free: 375559K (56%)
----------------- Invoking toplevel() on ptolemy.moml.MoMLSimpleApplication@42711d02
----------------- Done invoking toplevel() on ptolemy.moml.MoMLSimpleApplication@42711d02
reloadAllAccessors: .DiscreteClock12

===========================================================================================
----------------- testing Mon May 11 14:23:28 UTC 2020 /home/travis/build/icyphy/ptII/ptolemy/actor/lib/test/auto/DiscreteClock13.xml
----------------- Instantiating /home/travis/build/icyphy/ptII/ptolemy/actor/lib/test/auto/DiscreteClock13.xml
3 ms. Memory: 671744K Free: 369415K (55%)
----------------- Invoking toplevel() on ptolemy.moml.MoMLSimpleApplication@5ce16404
----------------- Done invoking toplevel() on ptolemy.moml.MoMLSimpleApplication@5ce16404
reloadAllAccessors: .DiscreteClock13

===========================================================================================
----------------- testing Mon May 11 14:23:28 UTC 2020 /home/travis/build/icyphy/ptII/ptolemy/actor/lib/test/auto/DiscreteClock14.xml
----------------- Instantiating /home/travis/build/icyphy/ptII/ptolemy/actor/lib/test/auto/DiscreteClock14.xml
6 ms. Memory: 671744K Free: 363775K (54%)
----------------- Invoking toplevel() on ptolemy.moml.MoMLSimpleApplication@74704ab2
----------------- Done invoking toplevel() on ptolemy.moml.MoMLSimpleApplication@74704ab2
reloadAllAccessors: .DiscreteClock14

===========================================================================================
----------------- testing Mon May 11 14:23:28 UTC 2020 /home/travis/build/icyphy/ptII/ptolemy/actor/lib/test/auto/DiscreteClock15.xml
----------------- Instantiating /home/travis/build/icyphy/ptII/ptolemy/actor/lib/test/auto/DiscreteClock15.xml
5 ms. Memory: 671744K Free: 357607K (53%)
----------------- Invoking toplevel() on ptolemy.moml.MoMLSimpleApplication@599151fa
----------------- Done invoking toplevel() on ptolemy.moml.MoMLSimpleApplication@599151fa
reloadAllAccessors: .DiscreteClock15

===========================================================================================
----------------- testing Mon May 11 14:23:28 UTC 2020 /home/travis/build/icyphy/ptII/ptolemy/actor/lib/test/auto/DiscreteClock16.xml
----------------- Instantiating /home/travis/build/icyphy/ptII/ptolemy/actor/lib/test/auto/DiscreteClock16.xml
18 ms. Memory: 671744K Free: 343815K (51%)
----------------- Invoking toplevel() on ptolemy.moml.MoMLSimpleApplication@5cbf452d
----------------- Done invoking toplevel() on ptolemy.moml.MoMLSimpleApplication@5cbf452d
reloadAllAccessors: .DiscreteClock16

===========================================================================================
----------------- testing Mon May 11 14:23:28 UTC 2020 /home/travis/build/icyphy/ptII/ptolemy/actor/lib/test/auto/DiscreteClock17.xml
----------------- Instantiating /home/travis/build/icyphy/ptII/ptolemy/actor/lib/test/auto/DiscreteClock17.xml
18 ms. Memory: 671744K Free: 328951K (49%)
----------------- Invoking toplevel() on ptolemy.moml.MoMLSimpleApplication@1f4e958c
----------------- Done invoking toplevel() on ptolemy.moml.MoMLSimpleApplication@1f4e958c
reloadAllAccessors: .DiscreteClock17

===========================================================================================
----------------- testing Mon May 11 14:23:28 UTC 2020 /home/travis/build/icyphy/ptII/ptolemy/actor/lib/test/auto/DiscreteClock18.xml
----------------- Instantiating /home/travis/build/icyphy/ptII/ptolemy/actor/lib/test/auto/DiscreteClock18.xml
25 ms. Memory: 671744K Free: 315653K (47%)
----------------- Invoking toplevel() on ptolemy.moml.MoMLSimpleApplication@1711091d
----------------- Done invoking toplevel() on ptolemy.moml.MoMLSimpleApplication@1711091d
reloadAllAccessors: .DiscreteClock18

===========================================================================================
----------------- testing Mon May 11 14:23:28 UTC 2020 /home/travis/build/icyphy/ptII/ptolemy/actor/lib/test/auto/DiscreteClock19.xml
----------------- Instantiating /home/travis/build/icyphy/ptII/ptolemy/actor/lib/test/auto/DiscreteClock19.xml
22 ms. Memory: 671744K Free: 301831K (45%)
----------------- Invoking toplevel() on ptolemy.moml.MoMLSimpleApplication@265468c3
----------------- Done invoking toplevel() on ptolemy.moml.MoMLSimpleApplication@265468c3
reloadAllAccessors: .DiscreteClock19

===========================================================================================
----------------- testing Mon May 11 14:23:28 UTC 2020 /home/travis/build/icyphy/ptII/ptolemy/actor/lib/test/auto/DiscreteClock2.xml
----------------- Instantiating /home/travis/build/icyphy/ptII/ptolemy/actor/lib/test/auto/DiscreteClock2.xml
4 ms. Memory: 671744K Free: 296711K (44%)
----------------- Invoking toplevel() on ptolemy.moml.MoMLSimpleApplication@6d8656e8
----------------- Done invoking toplevel() on ptolemy.moml.MoMLSimpleApplication@6d8656e8
reloadAllAccessors: .DiscreteClock2

===========================================================================================
----------------- testing Mon May 11 14:23:28 UTC 2020 /home/travis/build/icyphy/ptII/ptolemy/actor/lib/test/auto/DiscreteClock20.xml
----------------- Instantiating /home/travis/build/icyphy/ptII/ptolemy/actor/lib/test/auto/DiscreteClock20.xml
7 ms. Memory: 671744K Free: 291077K (43%)
----------------- Invoking toplevel() on ptolemy.moml.MoMLSimpleApplication@3796b038
----------------- Done invoking toplevel() on ptolemy.moml.MoMLSimpleApplication@3796b038
reloadAllAccessors: .DiscreteClock20

===========================================================================================
----------------- testing Mon May 11 14:23:28 UTC 2020 /home/travis/build/icyphy/ptII/ptolemy/actor/lib/test/auto/DiscreteClock21.xml
----------------- Instantiating /home/travis/build/icyphy/ptII/ptolemy/actor/lib/test/auto/DiscreteClock21.xml
5 ms. Memory: 671744K Free: 285957K (43%)
----------------- Invoking toplevel() on ptolemy.moml.MoMLSimpleApplication@457269da
----------------- Done invoking toplevel() on ptolemy.moml.MoMLSimpleApplication@457269da
reloadAllAccessors: .DiscreteClock21

===========================================================================================
----------------- testing Mon May 11 14:23:28 UTC 2020 /home/travis/build/icyphy/ptII/ptolemy/actor/lib/test/auto/DiscreteClock22.xml
----------------- Instantiating /home/travis/build/icyphy/ptII/ptolemy/actor/lib/test/auto/DiscreteClock22.xml
8 ms. Memory: 671744K Free: 280327K (42%)
----------------- Invoking toplevel() on ptolemy.moml.MoMLSimpleApplication@690a0da
----------------- Done invoking toplevel() on ptolemy.moml.MoMLSimpleApplication@690a0da
reloadAllAccessors: .DiscreteClock22

===========================================================================================
----------------- testing Mon May 11 14:23:28 UTC 2020 /home/travis/build/icyphy/ptII/ptolemy/actor/lib/test/auto/DiscreteClock23.xml
----------------- Instantiating /home/travis/build/icyphy/ptII/ptolemy/actor/lib/test/auto/DiscreteClock23.xml
9 ms. Memory: 671744K Free: 274693K (41%)
----------------- Invoking toplevel() on ptolemy.moml.MoMLSimpleApplication@5dca665b
----------------- Done invoking toplevel() on ptolemy.moml.MoMLSimpleApplication@5dca665b
reloadAllAccessors: .DiscreteClock23

===========================================================================================
----------------- testing Mon May 11 14:23:28 UTC 2020 /home/travis/build/icyphy/ptII/ptolemy/actor/lib/test/auto/DiscreteClock24.xml
----------------- Instantiating /home/travis/build/icyphy/ptII/ptolemy/actor/lib/test/auto/DiscreteClock24.xml
4 ms. Memory: 671744K Free: 269063K (40%)
----------------- Invoking toplevel() on ptolemy.moml.MoMLSimpleApplication@285eb0bb
----------------- Done invoking toplevel() on ptolemy.moml.MoMLSimpleApplication@285eb0bb
reloadAllAccessors: .DiscreteClock24

===========================================================================================
----------------- testing Mon May 11 14:23:28 UTC 2020 /home/travis/build/icyphy/ptII/ptolemy/actor/lib/test/auto/DiscreteClock4.xml
----------------- Instantiating /home/travis/build/icyphy/ptII/ptolemy/actor/lib/test/auto/DiscreteClock4.xml
4 ms. Memory: 671744K Free: 263943K (39%)
----------------- Invoking toplevel() on ptolemy.moml.MoMLSimpleApplication@12f074df
----------------- Done invoking toplevel() on ptolemy.moml.MoMLSimpleApplication@12f074df
reloadAllAccessors: .DiscreteClock4

===========================================================================================
----------------- testing Mon May 11 14:23:28 UTC 2020 /home/travis/build/icyphy/ptII/ptolemy/actor/lib/test/auto/DiscreteClock5.xml
----------------- Instantiating /home/travis/build/icyphy/ptII/ptolemy/actor/lib/test/auto/DiscreteClock5.xml
2 ms. Memory: 671744K Free: 258309K (38%)
----------------- Invoking toplevel() on ptolemy.moml.MoMLSimpleApplication@763ec8f1
----------------- Done invoking toplevel() on ptolemy.moml.MoMLSimpleApplication@763ec8f1
reloadAllAccessors: .DiscreteClock5

===========================================================================================
----------------- testing Mon May 11 14:23:28 UTC 2020 /home/travis/build/icyphy/ptII/ptolemy/actor/lib/test/auto/DiscreteClock6.xml
----------------- Instantiating /home/travis/build/icyphy/ptII/ptolemy/actor/lib/test/auto/DiscreteClock6.xml
1 ms. Memory: 671744K Free: 253703K (38%)
----------------- Invoking toplevel() on ptolemy.moml.MoMLSimpleApplication@1b9792a8
----------------- Done invoking toplevel() on ptolemy.moml.MoMLSimpleApplication@1b9792a8
reloadAllAccessors: .DiscreteClock6

===========================================================================================
----------------- testing Mon May 11 14:23:28 UTC 2020 /home/travis/build/icyphy/ptII/ptolemy/actor/lib/test/auto/DiscreteClock7.xml
----------------- Instantiating /home/travis/build/icyphy/ptII/ptolemy/actor/lib/test/auto/DiscreteClock7.xml
1 ms. Memory: 671744K Free: 249093K (37%)
----------------- Invoking toplevel() on ptolemy.moml.MoMLSimpleApplication@25dac4b6
----------------- Done invoking toplevel() on ptolemy.moml.MoMLSimpleApplication@25dac4b6
reloadAllAccessors: .DiscreteClock7

===========================================================================================
----------------- testing Mon May 11 14:23:29 UTC 2020 /home/travis/build/icyphy/ptII/ptolemy/actor/lib/test/auto/DiscreteClock8.xml
----------------- Instantiating /home/travis/build/icyphy/ptII/ptolemy/actor/lib/test/auto/DiscreteClock8.xml
4 ms. Memory: 671744K Free: 243943K (36%)
----------------- Invoking toplevel() on ptolemy.moml.MoMLSimpleApplication@2bc884f4
----------------- Done invoking toplevel() on ptolemy.moml.MoMLSimpleApplication@2bc884f4
reloadAllAccessors: .DiscreteClock8

===========================================================================================
----------------- testing Mon May 11 14:23:29 UTC 2020 /home/travis/build/icyphy/ptII/ptolemy/actor/lib/test/auto/DiscreteClock9.xml
----------------- Instantiating /home/travis/build/icyphy/ptII/ptolemy/actor/lib/test/auto/DiscreteClock9.xml
4 ms. Memory: 671744K Free: 237815K (35%)
----------------- Invoking toplevel() on ptolemy.moml.MoMLSimpleApplication@48181ed9
----------------- Done invoking toplevel() on ptolemy.moml.MoMLSimpleApplication@48181ed9
reloadAllAccessors: .DiscreteClock9

===========================================================================================
----------------- testing Mon May 11 14:23:29 UTC 2020 /home/travis/build/icyphy/ptII/ptolemy/actor/lib/test/auto/DisplayArray.xml
----------------- Instantiating /home/travis/build/icyphy/ptII/ptolemy/actor/lib/test/auto/DisplayArray.xml
2 ms. Memory: 671744K Free: 234247K (35%)
----------------- Invoking toplevel() on ptolemy.moml.MoMLSimpleApplication@b8b0337
----------------- Done invoking toplevel() on ptolemy.moml.MoMLSimpleApplication@b8b0337
reloadAllAccessors: .DisplayArray

===========================================================================================
----------------- testing Mon May 11 14:23:29 UTC 2020 /home/travis/build/icyphy/ptII/ptolemy/actor/lib/test/auto/Distributor.xml
----------------- Instantiating /home/travis/build/icyphy/ptII/ptolemy/actor/lib/test/auto/Distributor.xml
2 ms. Memory: 671744K Free: 229127K (34%)
----------------- Invoking toplevel() on ptolemy.moml.MoMLSimpleApplication@59a53410
----------------- Done invoking toplevel() on ptolemy.moml.MoMLSimpleApplication@59a53410
reloadAllAccessors: .Distributor

===========================================================================================
----------------- testing Mon May 11 14:23:29 UTC 2020 /home/travis/build/icyphy/ptII/ptolemy/actor/lib/test/auto/Distributor2.xml
----------------- Instantiating /home/travis/build/icyphy/ptII/ptolemy/actor/lib/test/auto/Distributor2.xml
2 ms. Memory: 671744K Free: 618215K (92%)
----------------- Invoking toplevel() on ptolemy.moml.MoMLSimpleApplication@7081e30b
----------------- Done invoking toplevel() on ptolemy.moml.MoMLSimpleApplication@7081e30b
reloadAllAccessors: .Distributor2

===========================================================================================
----------------- testing Mon May 11 14:23:29 UTC 2020 /home/travis/build/icyphy/ptII/ptolemy/actor/lib/test/auto/DownSample.xml
----------------- Instantiating /home/travis/build/icyphy/ptII/ptolemy/actor/lib/test/auto/DownSample.xml
2 ms. Memory: 671744K Free: 613639K (91%)
----------------- Invoking toplevel() on ptolemy.moml.MoMLSimpleApplication@2bdbc2fc
----------------- Done invoking toplevel() on ptolemy.moml.MoMLSimpleApplication@2bdbc2fc
reloadAllAccessors: .DownSample

===========================================================================================
----------------- testing Mon May 11 14:23:29 UTC 2020 /home/travis/build/icyphy/ptII/ptolemy/actor/lib/test/auto/ElectronicUnitBase1.xml
----------------- Instantiating /home/travis/build/icyphy/ptII/ptolemy/actor/lib/test/auto/ElectronicUnitBase1.xml
16 ms. Memory: 671744K Free: 597765K (89%)
----------------- Invoking toplevel() on ptolemy.moml.MoMLSimpleApplication@d9c5966
----------------- Done invoking toplevel() on ptolemy.moml.MoMLSimpleApplication@d9c5966
reloadAllAccessors: .ElectronicUnitBase1

===========================================================================================
----------------- testing Mon May 11 14:23:29 UTC 2020 /home/travis/build/icyphy/ptII/ptolemy/actor/lib/test/auto/ElementsToArray.xml
----------------- Instantiating /home/travis/build/icyphy/ptII/ptolemy/actor/lib/test/auto/ElementsToArray.xml
1 ms. Memory: 671744K Free: 592135K (88%)
----------------- Invoking toplevel() on ptolemy.moml.MoMLSimpleApplication@41ee3b27
----------------- Done invoking toplevel() on ptolemy.moml.MoMLSimpleApplication@41ee3b27
reloadAllAccessors: .ElementsToArray

===========================================================================================
----------------- testing Mon May 11 14:23:29 UTC 2020 /home/travis/build/icyphy/ptII/ptolemy/actor/lib/test/auto/Equals.xml
----------------- Instantiating /home/travis/build/icyphy/ptII/ptolemy/actor/lib/test/auto/Equals.xml
1 ms. Memory: 671744K Free: 587525K (87%)
----------------- Invoking toplevel() on ptolemy.moml.MoMLSimpleApplication@15020fdf
----------------- Done invoking toplevel() on ptolemy.moml.MoMLSimpleApplication@15020fdf
reloadAllAccessors: .Equals

===========================================================================================
----------------- testing Mon May 11 14:23:29 UTC 2020 /home/travis/build/icyphy/ptII/ptolemy/actor/lib/test/auto/Exec.xml
----------------- Instantiating /home/travis/build/icyphy/ptII/ptolemy/actor/lib/test/auto/Exec.xml
18 ms. Memory: 671744K Free: 581381K (87%)
----------------- Invoking toplevel() on ptolemy.moml.MoMLSimpleApplication@2c3a0fef
----------------- Done invoking toplevel() on ptolemy.moml.MoMLSimpleApplication@2c3a0fef
reloadAllAccessors: .Exec

===========================================================================================
----------------- testing Mon May 11 14:23:29 UTC 2020 /home/travis/build/icyphy/ptII/ptolemy/actor/lib/test/auto/ExecEnvironment.xml
----------------- Instantiating /home/travis/build/icyphy/ptII/ptolemy/actor/lib/test/auto/ExecEnvironment.xml
20 ms. Memory: 671744K Free: 576775K (86%)
----------------- Invoking toplevel() on ptolemy.moml.MoMLSimpleApplication@6792f040
----------------- Done invoking toplevel() on ptolemy.moml.MoMLSimpleApplication@6792f040
reloadAllAccessors: .ExecEnvironment

===========================================================================================
----------------- testing Mon May 11 14:23:29 UTC 2020 /home/travis/build/icyphy/ptII/ptolemy/actor/lib/test/auto/ExecNonZeroReturnOutput.xml
----------------- Instantiating /home/travis/build/icyphy/ptII/ptolemy/actor/lib/test/auto/ExecNonZeroReturnOutput.xml
162 ms. Memory: 671744K Free: 565511K (84%)
----------------- Invoking toplevel() on ptolemy.moml.MoMLSimpleApplication@71845085
----------------- Done invoking toplevel() on ptolemy.moml.MoMLSimpleApplication@71845085
reloadAllAccessors: .ExecNonZeroReturnOutput

===========================================================================================
----------------- testing Mon May 11 14:23:29 UTC 2020 /home/travis/build/icyphy/ptII/ptolemy/actor/lib/test/auto/ExecRunDemos.xml
----------------- Instantiating /home/travis/build/icyphy/ptII/ptolemy/actor/lib/test/auto/ExecRunDemos.xml
Finished: 77 ms. Memory: 129024K Free: 112154K (87%)

Finished: 79 ms. Memory: 129024K Free: 109589K (85%)

Finished: 80 ms. Memory: 129024K Free: 109556K (85%)

Finished: 101 ms. Memory: 129024K Free: 111222K (86%)

Finished: 64 ms. Memory: 129024K Free: 111881K (87%)

10210 ms. Memory: 671744K Free: 544007K (81%)
----------------- Invoking toplevel() on ptolemy.moml.MoMLSimpleApplication@5b1dfc8b
----------------- Done invoking toplevel() on ptolemy.moml.MoMLSimpleApplication@5b1dfc8b
reloadAllAccessors: .ExecRunDemos

===========================================================================================
----------------- testing Mon May 11 14:23:39 UTC 2020 /home/travis/build/icyphy/ptII/ptolemy/actor/lib/test/auto/ExecStop.xml
----------------- Instantiating /home/travis/build/icyphy/ptII/ptolemy/actor/lib/test/auto/ExecStop.xml
5015 ms. Memory: 671744K Free: 402181K (60%)
----------------- Invoking toplevel() on ptolemy.moml.MoMLSimpleApplication@7eecaf72
----------------- Done invoking toplevel() on ptolemy.moml.MoMLSimpleApplication@7eecaf72
reloadAllAccessors: .ExecStop

===========================================================================================
----------------- testing Mon May 11 14:23:44 UTC 2020 /home/travis/build/icyphy/ptII/ptolemy/actor/lib/test/auto/ExecutionTimeSDF.xml
----------------- Instantiating /home/travis/build/icyphy/ptII/ptolemy/actor/lib/test/auto/ExecutionTimeSDF.xml
Fired ExecutionTime: -602167296
Fired ExecutionTime: 1332400000
Fired ExecutionTime: -200167296
6004 ms. Memory: 671744K Free: 389879K (58%)
----------------- Invoking toplevel() on ptolemy.moml.MoMLSimpleApplication@7d4a1fba
----------------- Done invoking toplevel() on ptolemy.moml.MoMLSimpleApplication@7d4a1fba
reloadAllAccessors: .ExecutionTimeSDF

===========================================================================================
----------------- testing Mon May 11 14:23:50 UTC 2020 /home/travis/build/icyphy/ptII/ptolemy/actor/lib/test/auto/Expression1.xml
----------------- Instantiating /home/travis/build/icyphy/ptII/ptolemy/actor/lib/test/auto/Expression1.xml
1 ms. Memory: 671744K Free: 386821K (58%)
----------------- Invoking toplevel() on ptolemy.moml.MoMLSimpleApplication@688b265f
----------------- Done invoking toplevel() on ptolemy.moml.MoMLSimpleApplication@688b265f
reloadAllAccessors: .Expression1

===========================================================================================
----------------- testing Mon May 11 14:23:50 UTC 2020 /home/travis/build/icyphy/ptII/ptolemy/actor/lib/test/auto/Expression10.xml
----------------- Instantiating /home/travis/build/icyphy/ptII/ptolemy/actor/lib/test/auto/Expression10.xml
8 ms. Memory: 671744K Free: 381191K (57%)
----------------- Invoking toplevel() on ptolemy.moml.MoMLSimpleApplication@69a170f2
----------------- Done invoking toplevel() on ptolemy.moml.MoMLSimpleApplication@69a170f2
reloadAllAccessors: .Expression10

===========================================================================================
----------------- testing Mon May 11 14:23:50 UTC 2020 /home/travis/build/icyphy/ptII/ptolemy/actor/lib/test/auto/Expression11.xml
----------------- Instantiating /home/travis/build/icyphy/ptII/ptolemy/actor/lib/test/auto/Expression11.xml
1 ms. Memory: 671744K Free: 376581K (56%)
----------------- Invoking toplevel() on ptolemy.moml.MoMLSimpleApplication@114b423b
----------------- Done invoking toplevel() on ptolemy.moml.MoMLSimpleApplication@114b423b
reloadAllAccessors: .Expression11

===========================================================================================
----------------- testing Mon May 11 14:23:50 UTC 2020 /home/travis/build/icyphy/ptII/ptolemy/actor/lib/test/auto/Expression12.xml
----------------- Instantiating /home/travis/build/icyphy/ptII/ptolemy/actor/lib/test/auto/Expression12.xml
3 ms. Memory: 671744K Free: 370951K (55%)
----------------- Invoking toplevel() on ptolemy.moml.MoMLSimpleApplication@34c2513b
----------------- Done invoking toplevel() on ptolemy.moml.MoMLSimpleApplication@34c2513b
reloadAllAccessors: .Expression12

===========================================================================================
----------------- testing Mon May 11 14:23:50 UTC 2020 /home/travis/build/icyphy/ptII/ptolemy/actor/lib/test/auto/Expression13.xml
----------------- Instantiating /home/travis/build/icyphy/ptII/ptolemy/actor/lib/test/auto/Expression13.xml
3 ms. Memory: 671744K Free: 365831K (54%)
----------------- Invoking toplevel() on ptolemy.moml.MoMLSimpleApplication@60099eef
----------------- Done invoking toplevel() on ptolemy.moml.MoMLSimpleApplication@60099eef
reloadAllAccessors: .Expression13

===========================================================================================
----------------- testing Mon May 11 14:23:50 UTC 2020 /home/travis/build/icyphy/ptII/ptolemy/actor/lib/test/auto/Expression14.xml
----------------- Instantiating /home/travis/build/icyphy/ptII/ptolemy/actor/lib/test/auto/Expression14.xml
7 ms. Memory: 671744K Free: 360197K (54%)
----------------- Invoking toplevel() on ptolemy.moml.MoMLSimpleApplication@e73661
----------------- Done invoking toplevel() on ptolemy.moml.MoMLSimpleApplication@e73661
reloadAllAccessors: .Expression14

===========================================================================================
----------------- testing Mon May 11 14:23:50 UTC 2020 /home/travis/build/icyphy/ptII/ptolemy/actor/lib/test/auto/Expression15.xml
----------------- Instantiating /home/travis/build/icyphy/ptII/ptolemy/actor/lib/test/auto/Expression15.xml
2 ms. Memory: 671744K Free: 356101K (53%)
----------------- Invoking toplevel() on ptolemy.moml.MoMLSimpleApplication@b16a992
----------------- Done invoking toplevel() on ptolemy.moml.MoMLSimpleApplication@b16a992
reloadAllAccessors: .Expression15

===========================================================================================
----------------- testing Mon May 11 14:23:50 UTC 2020 /home/travis/build/icyphy/ptII/ptolemy/actor/lib/test/auto/Expression16.xml
----------------- Instantiating /home/travis/build/icyphy/ptII/ptolemy/actor/lib/test/auto/Expression16.xml
3 ms. Memory: 671744K Free: 350981K (52%)
----------------- Invoking toplevel() on ptolemy.moml.MoMLSimpleApplication@59fa51f
----------------- Done invoking toplevel() on ptolemy.moml.MoMLSimpleApplication@59fa51f
reloadAllAccessors: .Expression16

===========================================================================================
----------------- testing Mon May 11 14:23:50 UTC 2020 /home/travis/build/icyphy/ptII/ptolemy/actor/lib/test/auto/Expression17.xml
----------------- Instantiating /home/travis/build/icyphy/ptII/ptolemy/actor/lib/test/auto/Expression17.xml
3 ms. Memory: 671744K Free: 345861K (51%)
----------------- Invoking toplevel() on ptolemy.moml.MoMLSimpleApplication@5fa78e8c
----------------- Done invoking toplevel() on ptolemy.moml.MoMLSimpleApplication@5fa78e8c
reloadAllAccessors: .Expression17

===========================================================================================
----------------- testing Mon May 11 14:23:50 UTC 2020 /home/travis/build/icyphy/ptII/ptolemy/actor/lib/test/auto/Expression18.xml
----------------- Instantiating /home/travis/build/icyphy/ptII/ptolemy/actor/lib/test/auto/Expression18.xml
3 ms. Memory: 671744K Free: 340741K (51%)
----------------- Invoking toplevel() on ptolemy.moml.MoMLSimpleApplication@65284e69
----------------- Done invoking toplevel() on ptolemy.moml.MoMLSimpleApplication@65284e69
reloadAllAccessors: .Expression18

===========================================================================================
----------------- testing Mon May 11 14:23:51 UTC 2020 /home/travis/build/icyphy/ptII/ptolemy/actor/lib/test/auto/Expression2.xml
----------------- Instantiating /home/travis/build/icyphy/ptII/ptolemy/actor/lib/test/auto/Expression2.xml
2 ms. Memory: 671744K Free: 336135K (50%)
----------------- Invoking toplevel() on ptolemy.moml.MoMLSimpleApplication@1aeae9d0
----------------- Done invoking toplevel() on ptolemy.moml.MoMLSimpleApplication@1aeae9d0
reloadAllAccessors: .Expression2

===========================================================================================
----------------- testing Mon May 11 14:23:51 UTC 2020 /home/travis/build/icyphy/ptII/ptolemy/actor/lib/test/auto/Expression3.xml
----------------- Instantiating /home/travis/build/icyphy/ptII/ptolemy/actor/lib/test/auto/Expression3.xml
6 ms. Memory: 671744K Free: 331015K (49%)
----------------- Invoking toplevel() on ptolemy.moml.MoMLSimpleApplication@5e56bdf4
----------------- Done invoking toplevel() on ptolemy.moml.MoMLSimpleApplication@5e56bdf4
reloadAllAccessors: .Expression3

===========================================================================================
----------------- testing Mon May 11 14:23:51 UTC 2020 /home/travis/build/icyphy/ptII/ptolemy/actor/lib/test/auto/Expression4.xml
----------------- Instantiating /home/travis/build/icyphy/ptII/ptolemy/actor/lib/test/auto/Expression4.xml
3 ms. Memory: 671744K Free: 323333K (48%)
----------------- Invoking toplevel() on ptolemy.moml.MoMLSimpleApplication@2148af5b
----------------- Done invoking toplevel() on ptolemy.moml.MoMLSimpleApplication@2148af5b
reloadAllAccessors: .Expression4

===========================================================================================
----------------- testing Mon May 11 14:23:51 UTC 2020 /home/travis/build/icyphy/ptII/ptolemy/actor/lib/test/auto/Expression5.xml
----------------- Instantiating /home/travis/build/icyphy/ptII/ptolemy/actor/lib/test/auto/Expression5.xml
5 ms. Memory: 671744K Free: 318213K (47%)
----------------- Invoking toplevel() on ptolemy.moml.MoMLSimpleApplication@cca9b87
----------------- Done invoking toplevel() on ptolemy.moml.MoMLSimpleApplication@cca9b87
reloadAllAccessors: .Expression5

===========================================================================================
----------------- testing Mon May 11 14:23:51 UTC 2020 /home/travis/build/icyphy/ptII/ptolemy/actor/lib/test/auto/Expression6.xml
----------------- Instantiating /home/travis/build/icyphy/ptII/ptolemy/actor/lib/test/auto/Expression6.xml
2 ms. Memory: 671744K Free: 313607K (47%)
----------------- Invoking toplevel() on ptolemy.moml.MoMLSimpleApplication@5b370698
----------------- Done invoking toplevel() on ptolemy.moml.MoMLSimpleApplication@5b370698
reloadAllAccessors: .Expression6

===========================================================================================
----------------- testing Mon May 11 14:23:51 UTC 2020 /home/travis/build/icyphy/ptII/ptolemy/actor/lib/test/auto/Expression7.xml
----------------- Instantiating /home/travis/build/icyphy/ptII/ptolemy/actor/lib/test/auto/Expression7.xml
3 ms. Memory: 671744K Free: 308487K (46%)
----------------- Invoking toplevel() on ptolemy.moml.MoMLSimpleApplication@4bdf5f4f
----------------- Done invoking toplevel() on ptolemy.moml.MoMLSimpleApplication@4bdf5f4f
reloadAllAccessors: .Expression7

===========================================================================================
----------------- testing Mon May 11 14:23:51 UTC 2020 /home/travis/build/icyphy/ptII/ptolemy/actor/lib/test/auto/Expression8.xml
----------------- Instantiating /home/travis/build/icyphy/ptII/ptolemy/actor/lib/test/auto/Expression8.xml
9 ms. Memory: 671744K Free: 303877K (45%)
----------------- Invoking toplevel() on ptolemy.moml.MoMLSimpleApplication@19f47dc3
----------------- Done invoking toplevel() on ptolemy.moml.MoMLSimpleApplication@19f47dc3
reloadAllAccessors: .Expression8

===========================================================================================
----------------- testing Mon May 11 14:23:51 UTC 2020 /home/travis/build/icyphy/ptII/ptolemy/actor/lib/test/auto/Expression9.xml
----------------- Instantiating /home/travis/build/icyphy/ptII/ptolemy/actor/lib/test/auto/Expression9.xml
1 ms. Memory: 671744K Free: 299781K (45%)
----------------- Invoking toplevel() on ptolemy.moml.MoMLSimpleApplication@4bffb38d
----------------- Done invoking toplevel() on ptolemy.moml.MoMLSimpleApplication@4bffb38d
reloadAllAccessors: .Expression9

===========================================================================================
----------------- testing Mon May 11 14:23:51 UTC 2020 /home/travis/build/icyphy/ptII/ptolemy/actor/lib/test/auto/ExpressionConcatenateArrayType.xml
----------------- Instantiating /home/travis/build/icyphy/ptII/ptolemy/actor/lib/test/auto/ExpressionConcatenateArrayType.xml
3 ms. Memory: 671744K Free: 293127K (44%)
----------------- Invoking toplevel() on ptolemy.moml.MoMLSimpleApplication@5e6512b6
----------------- Done invoking toplevel() on ptolemy.moml.MoMLSimpleApplication@5e6512b6
reloadAllAccessors: .ExpressionConcatenateArrayType

===========================================================================================
----------------- testing Mon May 11 14:23:51 UTC 2020 /home/travis/build/icyphy/ptII/ptolemy/actor/lib/test/auto/ExpressionConcatenateArrayType2.xml
----------------- Instantiating /home/travis/build/icyphy/ptII/ptolemy/actor/lib/test/auto/ExpressionConcatenateArrayType2.xml
2 ms. Memory: 671744K Free: 287493K (43%)
----------------- Invoking toplevel() on ptolemy.moml.MoMLSimpleApplication@50a33bed
----------------- Done invoking toplevel() on ptolemy.moml.MoMLSimpleApplication@50a33bed
reloadAllAccessors: .ExpressionConcatenateArrayType2

===========================================================================================
----------------- testing Mon May 11 14:23:51 UTC 2020 /home/travis/build/icyphy/ptII/ptolemy/actor/lib/test/auto/ExpressionFix.xml
----------------- Instantiating /home/travis/build/icyphy/ptII/ptolemy/actor/lib/test/auto/ExpressionFix.xml
24 ms. Memory: 671744K Free: 280839K (42%)
----------------- Invoking toplevel() on ptolemy.moml.MoMLSimpleApplication@1af1f9cf
----------------- Done invoking toplevel() on ptolemy.moml.MoMLSimpleApplication@1af1f9cf
reloadAllAccessors: .ExpressionFix

===========================================================================================
----------------- testing Mon May 11 14:23:51 UTC 2020 /home/travis/build/icyphy/ptII/ptolemy/actor/lib/test/auto/ExpressionFix2.xml
----------------- Instantiating /home/travis/build/icyphy/ptII/ptolemy/actor/lib/test/auto/ExpressionFix2.xml
4 ms. Memory: 671744K Free: 276743K (41%)
----------------- Invoking toplevel() on ptolemy.moml.MoMLSimpleApplication@415481db
----------------- Done invoking toplevel() on ptolemy.moml.MoMLSimpleApplication@415481db
reloadAllAccessors: .ExpressionFix2

===========================================================================================
----------------- testing Mon May 11 14:23:51 UTC 2020 /home/travis/build/icyphy/ptII/ptolemy/actor/lib/test/auto/ExpressionFix3.xml
----------------- Instantiating /home/travis/build/icyphy/ptII/ptolemy/actor/lib/test/auto/ExpressionFix3.xml
5 ms. Memory: 671744K Free: 272133K (41%)
----------------- Invoking toplevel() on ptolemy.moml.MoMLSimpleApplication@226b928
----------------- Done invoking toplevel() on ptolemy.moml.MoMLSimpleApplication@226b928
reloadAllAccessors: .ExpressionFix3

===========================================================================================
----------------- testing Mon May 11 14:23:51 UTC 2020 /home/travis/build/icyphy/ptII/ptolemy/actor/lib/test/auto/FileWriter1.xml
----------------- Instantiating /home/travis/build/icyphy/ptII/ptolemy/actor/lib/test/auto/FileWriter1.xml
5 ms. Memory: 671744K Free: 268551K (40%)
----------------- Invoking toplevel() on ptolemy.moml.MoMLSimpleApplication@2e7780e8
----------------- Done invoking toplevel() on ptolemy.moml.MoMLSimpleApplication@2e7780e8
reloadAllAccessors: .FileWriter1

===========================================================================================
----------------- testing Mon May 11 14:23:51 UTC 2020 /home/travis/build/icyphy/ptII/ptolemy/actor/lib/test/auto/FileWriter2.xml
----------------- Instantiating /home/travis/build/icyphy/ptII/ptolemy/actor/lib/test/auto/FileWriter2.xml
3 ms. Memory: 671744K Free: 263941K (39%)
----------------- Invoking toplevel() on ptolemy.moml.MoMLSimpleApplication@3eac20c5
----------------- Done invoking toplevel() on ptolemy.moml.MoMLSimpleApplication@3eac20c5
reloadAllAccessors: .FileWriter2

===========================================================================================
----------------- testing Mon May 11 14:23:51 UTC 2020 /home/travis/build/icyphy/ptII/ptolemy/actor/lib/test/auto/FileWriter3.xml
----------------- Instantiating /home/travis/build/icyphy/ptII/ptolemy/actor/lib/test/auto/FileWriter3.xml
3 ms. Memory: 671744K Free: 259845K (39%)
----------------- Invoking toplevel() on ptolemy.moml.MoMLSimpleApplication@16c4ca5d
----------------- Done invoking toplevel() on ptolemy.moml.MoMLSimpleApplication@16c4ca5d
reloadAllAccessors: .FileWriter3

===========================================================================================
----------------- testing Mon May 11 14:23:51 UTC 2020 /home/travis/build/icyphy/ptII/ptolemy/actor/lib/test/auto/Gaussian.xml
----------------- Instantiating /home/travis/build/icyphy/ptII/ptolemy/actor/lib/test/auto/Gaussian.xml
4 ms. Memory: 671744K Free: 255239K (38%)
----------------- Invoking toplevel() on ptolemy.moml.MoMLSimpleApplication@19d57fea
----------------- Done invoking toplevel() on ptolemy.moml.MoMLSimpleApplication@19d57fea
reloadAllAccessors: .Gaussian

===========================================================================================
----------------- testing Mon May 11 14:23:51 UTC 2020 /home/travis/build/icyphy/ptII/ptolemy/actor/lib/test/auto/Gaussian1.xml
----------------- Instantiating /home/travis/build/icyphy/ptII/ptolemy/actor/lib/test/auto/Gaussian1.xml
8 ms. Memory: 671744K Free: 249575K (37%)
----------------- Invoking toplevel() on ptolemy.moml.MoMLSimpleApplication@340a54b
----------------- Done invoking toplevel() on ptolemy.moml.MoMLSimpleApplication@340a54b
reloadAllAccessors: .Gaussian1

===========================================================================================
----------------- testing Mon May 11 14:23:51 UTC 2020 /home/travis/build/icyphy/ptII/ptolemy/actor/lib/test/auto/Gaussian2.xml
----------------- Instantiating /home/travis/build/icyphy/ptII/ptolemy/actor/lib/test/auto/Gaussian2.xml
2 ms. Memory: 671744K Free: 243975K (36%)
----------------- Invoking toplevel() on ptolemy.moml.MoMLSimpleApplication@c9ff077
----------------- Done invoking toplevel() on ptolemy.moml.MoMLSimpleApplication@c9ff077
reloadAllAccessors: .Gaussian2

===========================================================================================
----------------- testing Mon May 11 14:23:51 UTC 2020 /home/travis/build/icyphy/ptII/ptolemy/actor/lib/test/auto/GradientAdaptiveLattice.xml
----------------- Instantiating /home/travis/build/icyphy/ptII/ptolemy/actor/lib/test/auto/GradientAdaptiveLattice.xml
3 ms. Memory: 671744K Free: 238855K (36%)
----------------- Invoking toplevel() on ptolemy.moml.MoMLSimpleApplication@3a6ef2b6
----------------- Done invoking toplevel() on ptolemy.moml.MoMLSimpleApplication@3a6ef2b6
reloadAllAccessors: .GradientAdaptiveLattice

===========================================================================================
----------------- testing Mon May 11 14:23:51 UTC 2020 /home/travis/build/icyphy/ptII/ptolemy/actor/lib/test/auto/IIR.xml
----------------- Instantiating /home/travis/build/icyphy/ptII/ptolemy/actor/lib/test/auto/IIR.xml
1 ms. Memory: 671744K Free: 234759K (35%)
----------------- Invoking toplevel() on ptolemy.moml.MoMLSimpleApplication@78842438
----------------- Done invoking toplevel() on ptolemy.moml.MoMLSimpleApplication@78842438
reloadAllAccessors: .IIR

===========================================================================================
----------------- testing Mon May 11 14:23:51 UTC 2020 /home/travis/build/icyphy/ptII/ptolemy/actor/lib/test/auto/InputOutputTransparentPorts.xml
----------------- Instantiating /home/travis/build/icyphy/ptII/ptolemy/actor/lib/test/auto/InputOutputTransparentPorts.xml
31 ms. Memory: 671744K Free: 620544K (92%)
----------------- Invoking toplevel() on ptolemy.moml.MoMLSimpleApplication@511613d5
----------------- Done invoking toplevel() on ptolemy.moml.MoMLSimpleApplication@511613d5
reloadAllAccessors: .InputOutputTransparentPorts

===========================================================================================
----------------- testing Mon May 11 14:23:51 UTC 2020 /home/travis/build/icyphy/ptII/ptolemy/actor/lib/test/auto/Interpolator.xml
----------------- Instantiating /home/travis/build/icyphy/ptII/ptolemy/actor/lib/test/auto/Interpolator.xml
5 ms. Memory: 671744K Free: 616197K (92%)
----------------- Invoking toplevel() on ptolemy.moml.MoMLSimpleApplication@4f0bff7c
----------------- Done invoking toplevel() on ptolemy.moml.MoMLSimpleApplication@4f0bff7c
reloadAllAccessors: .Interpolator

===========================================================================================
----------------- testing Mon May 11 14:23:51 UTC 2020 /home/travis/build/icyphy/ptII/ptolemy/actor/lib/test/auto/InterpolatorFiringLimitDE.xml
----------------- Instantiating /home/travis/build/icyphy/ptII/ptolemy/actor/lib/test/auto/InterpolatorFiringLimitDE.xml
5 ms. Memory: 671744K Free: 610053K (91%)
----------------- Invoking toplevel() on ptolemy.moml.MoMLSimpleApplication@30f3e927
----------------- Done invoking toplevel() on ptolemy.moml.MoMLSimpleApplication@30f3e927
reloadAllAccessors: .InterpolatorFiringLimitDE

===========================================================================================
----------------- testing Mon May 11 14:23:51 UTC 2020 /home/travis/build/icyphy/ptII/ptolemy/actor/lib/test/auto/Lattice.xml
----------------- Instantiating /home/travis/build/icyphy/ptII/ptolemy/actor/lib/test/auto/Lattice.xml
1 ms. Memory: 671744K Free: 605957K (90%)
----------------- Invoking toplevel() on ptolemy.moml.MoMLSimpleApplication@6d03e6d5
----------------- Done invoking toplevel() on ptolemy.moml.MoMLSimpleApplication@6d03e6d5
reloadAllAccessors: .Lattice

===========================================================================================
----------------- testing Mon May 11 14:23:51 UTC 2020 /home/travis/build/icyphy/ptII/ptolemy/actor/lib/test/auto/LazyAOCTestLazy.xml
----------------- Instantiating /home/travis/build/icyphy/ptII/ptolemy/actor/lib/test/auto/LazyAOCTestLazy.xml
19 ms. Memory: 671744K Free: 599799K (89%)
----------------- Invoking toplevel() on ptolemy.moml.MoMLSimpleApplication@68a4046c
----------------- Done invoking toplevel() on ptolemy.moml.MoMLSimpleApplication@68a4046c
reloadAllAccessors: .LazyAOCTestLazy

===========================================================================================
----------------- testing Mon May 11 14:23:51 UTC 2020 /home/travis/build/icyphy/ptII/ptolemy/actor/lib/test/auto/LazyAOCTestNonLazy.xml
----------------- Instantiating /home/travis/build/icyphy/ptII/ptolemy/actor/lib/test/auto/LazyAOCTestNonLazy.xml
2 ms. Memory: 671744K Free: 593159K (88%)
----------------- Invoking toplevel() on ptolemy.moml.MoMLSimpleApplication@2b0a1998
----------------- Done invoking toplevel() on ptolemy.moml.MoMLSimpleApplication@2b0a1998
reloadAllAccessors: .LazyAOCTestNonLazy

===========================================================================================
----------------- testing Mon May 11 14:23:51 UTC 2020 /home/travis/build/icyphy/ptII/ptolemy/actor/lib/test/auto/LazyInnerClass.xml
----------------- Instantiating /home/travis/build/icyphy/ptII/ptolemy/actor/lib/test/auto/LazyInnerClass.xml
11 ms. Memory: 671744K Free: 584453K (87%)
----------------- Invoking toplevel() on ptolemy.moml.MoMLSimpleApplication@6bbeae82
----------------- Done invoking toplevel() on ptolemy.moml.MoMLSimpleApplication@6bbeae82
reloadAllAccessors: .LazyInnerClass

===========================================================================================
----------------- testing Mon May 11 14:23:51 UTC 2020 /home/travis/build/icyphy/ptII/ptolemy/actor/lib/test/auto/LazyPubSub.xml
----------------- Instantiating /home/travis/build/icyphy/ptII/ptolemy/actor/lib/test/auto/LazyPubSub.xml
14 ms. Memory: 671744K Free: 574213K (85%)
----------------- Invoking toplevel() on ptolemy.moml.MoMLSimpleApplication@7b710a8a
----------------- Done invoking toplevel() on ptolemy.moml.MoMLSimpleApplication@7b710a8a
reloadAllAccessors: .LazyPubSub

===========================================================================================
----------------- testing Mon May 11 14:23:51 UTC 2020 /home/travis/build/icyphy/ptII/ptolemy/actor/lib/test/auto/LazyPubSub2.xml
----------------- Instantiating /home/travis/build/icyphy/ptII/ptolemy/actor/lib/test/auto/LazyPubSub2.xml
21 ms. Memory: 671744K Free: 563973K (84%)
----------------- Invoking toplevel() on ptolemy.moml.MoMLSimpleApplication@3c50a673
----------------- Done invoking toplevel() on ptolemy.moml.MoMLSimpleApplication@3c50a673
reloadAllAccessors: .LazyPubSub2

===========================================================================================
----------------- testing Mon May 11 14:23:51 UTC 2020 /home/travis/build/icyphy/ptII/ptolemy/actor/lib/test/auto/LazyPubSub3.xml
----------------- Instantiating /home/travis/build/icyphy/ptII/ptolemy/actor/lib/test/auto/LazyPubSub3.xml
21 ms. Memory: 671744K Free: 553733K (82%)
----------------- Invoking toplevel() on ptolemy.moml.MoMLSimpleApplication@18d39fd9
----------------- Done invoking toplevel() on ptolemy.moml.MoMLSimpleApplication@18d39fd9
reloadAllAccessors: .LazyPubSub3

===========================================================================================
----------------- testing Mon May 11 14:23:51 UTC 2020 /home/travis/build/icyphy/ptII/ptolemy/actor/lib/test/auto/LazySubClassModel.xml
----------------- Instantiating /home/travis/build/icyphy/ptII/ptolemy/actor/lib/test/auto/LazySubClassModel.xml
2 ms. Memory: 671744K Free: 544517K (81%)
----------------- Invoking toplevel() on ptolemy.moml.MoMLSimpleApplication@121509d8
----------------- Done invoking toplevel() on ptolemy.moml.MoMLSimpleApplication@121509d8
reloadAllAccessors: .LazySubClassModel

===========================================================================================
----------------- testing Mon May 11 14:23:51 UTC 2020 /home/travis/build/icyphy/ptII/ptolemy/actor/lib/test/auto/LevelCrossTest1.xml
----------------- Instantiating /home/travis/build/icyphy/ptII/ptolemy/actor/lib/test/auto/LevelCrossTest1.xml
2 ms. Memory: 671744K Free: 539397K (80%)
----------------- Invoking toplevel() on ptolemy.moml.MoMLSimpleApplication@183560b8
----------------- Done invoking toplevel() on ptolemy.moml.MoMLSimpleApplication@183560b8
reloadAllAccessors: .broken

===========================================================================================
----------------- testing Mon May 11 14:23:51 UTC 2020 /home/travis/build/icyphy/ptII/ptolemy/actor/lib/test/auto/LevelCrossTest10.xml
----------------- Instantiating /home/travis/build/icyphy/ptII/ptolemy/actor/lib/test/auto/LevelCrossTest10.xml
2 ms. Memory: 671744K Free: 532229K (79%)
----------------- Invoking toplevel() on ptolemy.moml.MoMLSimpleApplication@399f4afb
----------------- Done invoking toplevel() on ptolemy.moml.MoMLSimpleApplication@399f4afb
reloadAllAccessors: .LevelCrossTest10

===========================================================================================
----------------- testing Mon May 11 14:23:51 UTC 2020 /home/travis/build/icyphy/ptII/ptolemy/actor/lib/test/auto/LevelCrossTest11.xml
----------------- Instantiating /home/travis/build/icyphy/ptII/ptolemy/actor/lib/test/auto/LevelCrossTest11.xml
1 ms. Memory: 671744K Free: 525575K (78%)
----------------- Invoking toplevel() on ptolemy.moml.MoMLSimpleApplication@6eaf6125
----------------- Done invoking toplevel() on ptolemy.moml.MoMLSimpleApplication@6eaf6125
reloadAllAccessors: .LevelCrossTest11

===========================================================================================
----------------- testing Mon May 11 14:23:51 UTC 2020 /home/travis/build/icyphy/ptII/ptolemy/actor/lib/test/auto/LevelCrossTest12.xml
----------------- Instantiating /home/travis/build/icyphy/ptII/ptolemy/actor/lib/test/auto/LevelCrossTest12.xml
1 ms. Memory: 671744K Free: 517383K (77%)
----------------- Invoking toplevel() on ptolemy.moml.MoMLSimpleApplication@2eefa211
----------------- Done invoking toplevel() on ptolemy.moml.MoMLSimpleApplication@2eefa211
reloadAllAccessors: .LevelCrossTest12

===========================================================================================
----------------- testing Mon May 11 14:23:51 UTC 2020 /home/travis/build/icyphy/ptII/ptolemy/actor/lib/test/auto/LevelCrossTest13.xml
----------------- Instantiating /home/travis/build/icyphy/ptII/ptolemy/actor/lib/test/auto/LevelCrossTest13.xml
4 ms. Memory: 671744K Free: 509701K (76%)
----------------- Invoking toplevel() on ptolemy.moml.MoMLSimpleApplication@558d154d
----------------- Done invoking toplevel() on ptolemy.moml.MoMLSimpleApplication@558d154d
reloadAllAccessors: .LevelCrossTest13

===========================================================================================
----------------- testing Mon May 11 14:23:51 UTC 2020 /home/travis/build/icyphy/ptII/ptolemy/actor/lib/test/auto/LevelCrossTest2.xml
----------------- Instantiating /home/travis/build/icyphy/ptII/ptolemy/actor/lib/test/auto/LevelCrossTest2.xml
2 ms. Memory: 671744K Free: 504071K (75%)
----------------- Invoking toplevel() on ptolemy.moml.MoMLSimpleApplication@43d1cd0b
----------------- Done invoking toplevel() on ptolemy.moml.MoMLSimpleApplication@43d1cd0b
reloadAllAccessors: .broken

===========================================================================================
----------------- testing Mon May 11 14:23:51 UTC 2020 /home/travis/build/icyphy/ptII/ptolemy/actor/lib/test/auto/LevelCrossTest3.xml
----------------- Instantiating /home/travis/build/icyphy/ptII/ptolemy/actor/lib/test/auto/LevelCrossTest3.xml
1 ms. Memory: 671744K Free: 497927K (74%)
----------------- Invoking toplevel() on ptolemy.moml.MoMLSimpleApplication@3d428eaf
----------------- Done invoking toplevel() on ptolemy.moml.MoMLSimpleApplication@3d428eaf
reloadAllAccessors: .LevelCrossTest3

===========================================================================================
----------------- testing Mon May 11 14:23:51 UTC 2020 /home/travis/build/icyphy/ptII/ptolemy/actor/lib/test/auto/LevelCrossTest4.xml
----------------- Instantiating /home/travis/build/icyphy/ptII/ptolemy/actor/lib/test/auto/LevelCrossTest4.xml
1 ms. Memory: 671744K Free: 492807K (73%)
----------------- Invoking toplevel() on ptolemy.moml.MoMLSimpleApplication@7f0d0e4c
----------------- Done invoking toplevel() on ptolemy.moml.MoMLSimpleApplication@7f0d0e4c
reloadAllAccessors: .broken

===========================================================================================
----------------- testing Mon May 11 14:23:51 UTC 2020 /home/travis/build/icyphy/ptII/ptolemy/actor/lib/test/auto/LevelCrossTest5.xml
----------------- Instantiating /home/travis/build/icyphy/ptII/ptolemy/actor/lib/test/auto/LevelCrossTest5.xml
1 ms. Memory: 671744K Free: 486663K (72%)
----------------- Invoking toplevel() on ptolemy.moml.MoMLSimpleApplication@366fbd1e
----------------- Done invoking toplevel() on ptolemy.moml.MoMLSimpleApplication@366fbd1e
reloadAllAccessors: .LevelCrossTest5

===========================================================================================
----------------- testing Mon May 11 14:23:51 UTC 2020 /home/travis/build/icyphy/ptII/ptolemy/actor/lib/test/auto/LevelCrossTest6.xml
----------------- Instantiating /home/travis/build/icyphy/ptII/ptolemy/actor/lib/test/auto/LevelCrossTest6.xml
1 ms. Memory: 671744K Free: 479495K (71%)
----------------- Invoking toplevel() on ptolemy.moml.MoMLSimpleApplication@59685bef
----------------- Done invoking toplevel() on ptolemy.moml.MoMLSimpleApplication@59685bef
reloadAllAccessors: .LevelCrossTest6

===========================================================================================
----------------- testing Mon May 11 14:23:52 UTC 2020 /home/travis/build/icyphy/ptII/ptolemy/actor/lib/test/auto/LevelCrossTest7.xml
----------------- Instantiating /home/travis/build/icyphy/ptII/ptolemy/actor/lib/test/auto/LevelCrossTest7.xml
1 ms. Memory: 671744K Free: 472327K (70%)
----------------- Invoking toplevel() on ptolemy.moml.MoMLSimpleApplication@7c90080d
----------------- Done invoking toplevel() on ptolemy.moml.MoMLSimpleApplication@7c90080d
reloadAllAccessors: .LevelCrossTest7

===========================================================================================
----------------- testing Mon May 11 14:23:52 UTC 2020 /home/travis/build/icyphy/ptII/ptolemy/actor/lib/test/auto/LevelCrossTest8.xml
----------------- Instantiating /home/travis/build/icyphy/ptII/ptolemy/actor/lib/test/auto/LevelCrossTest8.xml
1 ms. Memory: 671744K Free: 464645K (69%)
----------------- Invoking toplevel() on ptolemy.moml.MoMLSimpleApplication@311181a4
----------------- Done invoking toplevel() on ptolemy.moml.MoMLSimpleApplication@311181a4
reloadAllAccessors: .LevelCrossTest8

===========================================================================================
----------------- testing Mon May 11 14:23:52 UTC 2020 /home/travis/build/icyphy/ptII/ptolemy/actor/lib/test/auto/LevelCrossTest9.xml
----------------- Instantiating /home/travis/build/icyphy/ptII/ptolemy/actor/lib/test/auto/LevelCrossTest9.xml
2 ms. Memory: 671744K Free: 458501K (68%)
----------------- Invoking toplevel() on ptolemy.moml.MoMLSimpleApplication@28a4f62f
----------------- Done invoking toplevel() on ptolemy.moml.MoMLSimpleApplication@28a4f62f
reloadAllAccessors: .LevelCrossTest9

===========================================================================================
----------------- testing Mon May 11 14:23:52 UTC 2020 /home/travis/build/icyphy/ptII/ptolemy/actor/lib/test/auto/LevinsonDurbin.xml
----------------- Instantiating /home/travis/build/icyphy/ptII/ptolemy/actor/lib/test/auto/LevinsonDurbin.xml
9 ms. Memory: 671744K Free: 454405K (68%)
----------------- Invoking toplevel() on ptolemy.moml.MoMLSimpleApplication@67eb0107
----------------- Done invoking toplevel() on ptolemy.moml.MoMLSimpleApplication@67eb0107
reloadAllAccessors: .LevinsonDurbin

===========================================================================================
----------------- testing Mon May 11 14:23:52 UTC 2020 /home/travis/build/icyphy/ptII/ptolemy/actor/lib/test/auto/LevinsonDurbin2.xml
----------------- Instantiating /home/travis/build/icyphy/ptII/ptolemy/actor/lib/test/auto/LevinsonDurbin2.xml
1 ms. Memory: 671744K Free: 450823K (67%)
----------------- Invoking toplevel() on ptolemy.moml.MoMLSimpleApplication@48973e3e
----------------- Done invoking toplevel() on ptolemy.moml.MoMLSimpleApplication@48973e3e
reloadAllAccessors: .LevinsonDurbin2

===========================================================================================
----------------- testing Mon May 11 14:23:52 UTC 2020 /home/travis/build/icyphy/ptII/ptolemy/actor/lib/test/auto/LevinsonDurbin3.xml
----------------- Instantiating /home/travis/build/icyphy/ptII/ptolemy/actor/lib/test/auto/LevinsonDurbin3.xml
2 ms. Memory: 671744K Free: 446727K (67%)
----------------- Invoking toplevel() on ptolemy.moml.MoMLSimpleApplication@14f6832f
----------------- Done invoking toplevel() on ptolemy.moml.MoMLSimpleApplication@14f6832f
reloadAllAccessors: .LevinsonDurbin3

===========================================================================================
----------------- testing Mon May 11 14:23:52 UTC 2020 /home/travis/build/icyphy/ptII/ptolemy/actor/lib/test/auto/Limiter.xml
----------------- Instantiating /home/travis/build/icyphy/ptII/ptolemy/actor/lib/test/auto/Limiter.xml
11 ms. Memory: 671744K Free: 437511K (65%)
----------------- Invoking toplevel() on ptolemy.moml.MoMLSimpleApplication@23d09c1f
----------------- Done invoking toplevel() on ptolemy.moml.MoMLSimpleApplication@23d09c1f
reloadAllAccessors: .Limiter

===========================================================================================
----------------- testing Mon May 11 14:23:52 UTC 2020 /home/travis/build/icyphy/ptII/ptolemy/actor/lib/test/auto/LinearDifferenceEquationSystem.xml
----------------- Instantiating /home/travis/build/icyphy/ptII/ptolemy/actor/lib/test/auto/LinearDifferenceEquationSystem.xml
4 ms. Memory: 671744K Free: 429829K (64%)
----------------- Invoking toplevel() on ptolemy.moml.MoMLSimpleApplication@bdfde38
----------------- Done invoking toplevel() on ptolemy.moml.MoMLSimpleApplication@bdfde38
reloadAllAccessors: .LinearDifferenceEquationSystem

===========================================================================================
----------------- testing Mon May 11 14:23:52 UTC 2020 /home/travis/build/icyphy/ptII/ptolemy/actor/lib/test/auto/LookupTable.xml
----------------- Instantiating /home/travis/build/icyphy/ptII/ptolemy/actor/lib/test/auto/LookupTable.xml
2 ms. Memory: 671744K Free: 425223K (63%)
----------------- Invoking toplevel() on ptolemy.moml.MoMLSimpleApplication@7184885
----------------- Done invoking toplevel() on ptolemy.moml.MoMLSimpleApplication@7184885
reloadAllAccessors: .LookupTable

===========================================================================================
----------------- testing Mon May 11 14:23:52 UTC 2020 /home/travis/build/icyphy/ptII/ptolemy/actor/lib/test/auto/MathFunction.xml
----------------- Instantiating /home/travis/build/icyphy/ptII/ptolemy/actor/lib/test/auto/MathFunction.xml
2 ms. Memory: 671744K Free: 417031K (62%)
----------------- Invoking toplevel() on ptolemy.moml.MoMLSimpleApplication@49975f86
----------------- Done invoking toplevel() on ptolemy.moml.MoMLSimpleApplication@49975f86
reloadAllAccessors: .MathFunction

===========================================================================================
----------------- testing Mon May 11 14:23:52 UTC 2020 /home/travis/build/icyphy/ptII/ptolemy/actor/lib/test/auto/MathFunction2.xml
----------------- Instantiating /home/travis/build/icyphy/ptII/ptolemy/actor/lib/test/auto/MathFunction2.xml
1 ms. Memory: 671744K Free: 412935K (61%)
----------------- Invoking toplevel() on ptolemy.moml.MoMLSimpleApplication@6a42f986
----------------- Done invoking toplevel() on ptolemy.moml.MoMLSimpleApplication@6a42f986
reloadAllAccessors: .MathFunction2

===========================================================================================
----------------- testing Mon May 11 14:23:52 UTC 2020 /home/travis/build/icyphy/ptII/ptolemy/actor/lib/test/auto/MathFunction3.xml
----------------- Instantiating /home/travis/build/icyphy/ptII/ptolemy/actor/lib/test/auto/MathFunction3.xml
4 ms. Memory: 671744K Free: 405767K (60%)
----------------- Invoking toplevel() on ptolemy.moml.MoMLSimpleApplication@486f132a
----------------- Done invoking toplevel() on ptolemy.moml.MoMLSimpleApplication@486f132a
reloadAllAccessors: .MathFunction3

===========================================================================================
----------------- testing Mon May 11 14:23:52 UTC 2020 /home/travis/build/icyphy/ptII/ptolemy/actor/lib/test/auto/MatrixCropBoolean.xml
----------------- Instantiating /home/travis/build/icyphy/ptII/ptolemy/actor/lib/test/auto/MatrixCropBoolean.xml
2 ms. Memory: 671744K Free: 401151K (60%)
----------------- Invoking toplevel() on ptolemy.moml.MoMLSimpleApplication@7f65f65a
----------------- Done invoking toplevel() on ptolemy.moml.MoMLSimpleApplication@7f65f65a
reloadAllAccessors: .MatrixCropBoolean

===========================================================================================
----------------- testing Mon May 11 14:23:52 UTC 2020 /home/travis/build/icyphy/ptII/ptolemy/actor/lib/test/auto/MatrixCropComplex.xml
----------------- Instantiating /home/travis/build/icyphy/ptII/ptolemy/actor/lib/test/auto/MatrixCropComplex.xml
2 ms. Memory: 671744K Free: 396007K (59%)
----------------- Invoking toplevel() on ptolemy.moml.MoMLSimpleApplication@519be309
----------------- Done invoking toplevel() on ptolemy.moml.MoMLSimpleApplication@519be309
reloadAllAccessors: .MatrixCropComplex

===========================================================================================
----------------- testing Mon May 11 14:23:52 UTC 2020 /home/travis/build/icyphy/ptII/ptolemy/actor/lib/test/auto/MatrixCropDouble.xml
----------------- Instantiating /home/travis/build/icyphy/ptII/ptolemy/actor/lib/test/auto/MatrixCropDouble.xml
3 ms. Memory: 671744K Free: 391431K (58%)
----------------- Invoking toplevel() on ptolemy.moml.MoMLSimpleApplication@72ce5a8e
----------------- Done invoking toplevel() on ptolemy.moml.MoMLSimpleApplication@72ce5a8e
reloadAllAccessors: .MatrixCropDouble

===========================================================================================
----------------- testing Mon May 11 14:23:52 UTC 2020 /home/travis/build/icyphy/ptII/ptolemy/actor/lib/test/auto/MatrixCropFix.xml
----------------- Instantiating /home/travis/build/icyphy/ptII/ptolemy/actor/lib/test/auto/MatrixCropFix.xml
2 ms. Memory: 671744K Free: 386311K (58%)
----------------- Invoking toplevel() on ptolemy.moml.MoMLSimpleApplication@1ba88bda
----------------- Done invoking toplevel() on ptolemy.moml.MoMLSimpleApplication@1ba88bda
reloadAllAccessors: .MatrixCropFix

===========================================================================================
----------------- testing Mon May 11 14:23:52 UTC 2020 /home/travis/build/icyphy/ptII/ptolemy/actor/lib/test/auto/MatrixCropInt.xml
----------------- Instantiating /home/travis/build/icyphy/ptII/ptolemy/actor/lib/test/auto/MatrixCropInt.xml
2 ms. Memory: 671744K Free: 381191K (57%)
----------------- Invoking toplevel() on ptolemy.moml.MoMLSimpleApplication@41b0e011
----------------- Done invoking toplevel() on ptolemy.moml.MoMLSimpleApplication@41b0e011
reloadAllAccessors: .MatrixCropInt

===========================================================================================
----------------- testing Mon May 11 14:23:52 UTC 2020 /home/travis/build/icyphy/ptII/ptolemy/actor/lib/test/auto/MatrixCropLong.xml
----------------- Instantiating /home/travis/build/icyphy/ptII/ptolemy/actor/lib/test/auto/MatrixCropLong.xml
1 ms. Memory: 671744K Free: 376551K (56%)
----------------- Invoking toplevel() on ptolemy.moml.MoMLSimpleApplication@6e19ccfc
----------------- Done invoking toplevel() on ptolemy.moml.MoMLSimpleApplication@6e19ccfc
reloadAllAccessors: .MatrixCropLong

===========================================================================================
----------------- testing Mon May 11 14:23:52 UTC 2020 /home/travis/build/icyphy/ptII/ptolemy/actor/lib/test/auto/MatrixToArray.xml
----------------- Instantiating /home/travis/build/icyphy/ptII/ptolemy/actor/lib/test/auto/MatrixToArray.xml
11 ms. Memory: 671744K Free: 361735K (54%)
----------------- Invoking toplevel() on ptolemy.moml.MoMLSimpleApplication@384d20bc
----------------- Done invoking toplevel() on ptolemy.moml.MoMLSimpleApplication@384d20bc
reloadAllAccessors: .MatrixToArray

===========================================================================================
----------------- testing Mon May 11 14:23:52 UTC 2020 /home/travis/build/icyphy/ptII/ptolemy/actor/lib/test/auto/MaxIndex.xml
----------------- Instantiating /home/travis/build/icyphy/ptII/ptolemy/actor/lib/test/auto/MaxIndex.xml
2 ms. Memory: 671744K Free: 356615K (53%)
----------------- Invoking toplevel() on ptolemy.moml.MoMLSimpleApplication@27e72b42
----------------- Done invoking toplevel() on ptolemy.moml.MoMLSimpleApplication@27e72b42
reloadAllAccessors: .MaxIndex

===========================================================================================
----------------- testing Mon May 11 14:23:52 UTC 2020 /home/travis/build/icyphy/ptII/ptolemy/actor/lib/test/auto/Maximum.xml
----------------- Instantiating /home/travis/build/icyphy/ptII/ptolemy/actor/lib/test/auto/Maximum.xml
6 ms. Memory: 671744K Free: 349927K (52%)
----------------- Invoking toplevel() on ptolemy.moml.MoMLSimpleApplication@634724c5
----------------- Done invoking toplevel() on ptolemy.moml.MoMLSimpleApplication@634724c5
reloadAllAccessors: .Maximum

===========================================================================================
----------------- testing Mon May 11 14:23:52 UTC 2020 /home/travis/build/icyphy/ptII/ptolemy/actor/lib/test/auto/MaximumComplex.xml
----------------- Instantiating /home/travis/build/icyphy/ptII/ptolemy/actor/lib/test/auto/MaximumComplex.xml
4 ms. Memory: 671744K Free: 343799K (51%)
----------------- Invoking toplevel() on ptolemy.moml.MoMLSimpleApplication@6ea7ef46
----------------- Done invoking toplevel() on ptolemy.moml.MoMLSimpleApplication@6ea7ef46
reloadAllAccessors: .MaximumComplex

===========================================================================================
----------------- testing Mon May 11 14:23:52 UTC 2020 /home/travis/build/icyphy/ptII/ptolemy/actor/lib/test/auto/MethodCallTest.xml
----------------- Instantiating /home/travis/build/icyphy/ptII/ptolemy/actor/lib/test/auto/MethodCallTest.xml
3 ms. Memory: 671744K Free: 337159K (50%)
----------------- Invoking toplevel() on ptolemy.moml.MoMLSimpleApplication@764c7bc7
----------------- Done invoking toplevel() on ptolemy.moml.MoMLSimpleApplication@764c7bc7
reloadAllAccessors: .MethodCallTest

===========================================================================================
----------------- testing Mon May 11 14:23:52 UTC 2020 /home/travis/build/icyphy/ptII/ptolemy/actor/lib/test/auto/Minimum.xml
----------------- Instantiating /home/travis/build/icyphy/ptII/ptolemy/actor/lib/test/auto/Minimum.xml
3 ms. Memory: 671744K Free: 330487K (49%)
----------------- Invoking toplevel() on ptolemy.moml.MoMLSimpleApplication@2e5d100f
----------------- Done invoking toplevel() on ptolemy.moml.MoMLSimpleApplication@2e5d100f
reloadAllAccessors: .Minimum

===========================================================================================
----------------- testing Mon May 11 14:23:52 UTC 2020 /home/travis/build/icyphy/ptII/ptolemy/actor/lib/test/auto/MinimumComplex.xml
----------------- Instantiating /home/travis/build/icyphy/ptII/ptolemy/actor/lib/test/auto/MinimumComplex.xml
5 ms. Memory: 671744K Free: 324343K (48%)
----------------- Invoking toplevel() on ptolemy.moml.MoMLSimpleApplication@5c3dcdaa
----------------- Done invoking toplevel() on ptolemy.moml.MoMLSimpleApplication@5c3dcdaa
reloadAllAccessors: .MinimumComplex

===========================================================================================
----------------- testing Mon May 11 14:23:52 UTC 2020 /home/travis/build/icyphy/ptII/ptolemy/actor/lib/test/auto/MinimumMultiports.xml
----------------- Instantiating /home/travis/build/icyphy/ptII/ptolemy/actor/lib/test/auto/MinimumMultiports.xml
4 ms. Memory: 671744K Free: 315655K (47%)
----------------- Invoking toplevel() on ptolemy.moml.MoMLSimpleApplication@3f257962
----------------- Done invoking toplevel() on ptolemy.moml.MoMLSimpleApplication@3f257962
reloadAllAccessors: .MinimumMultiports

===========================================================================================
----------------- testing Mon May 11 14:23:52 UTC 2020 /home/travis/build/icyphy/ptII/ptolemy/actor/lib/test/auto/ModifyDate.xml
----------------- Instantiating /home/travis/build/icyphy/ptII/ptolemy/actor/lib/test/auto/ModifyDate.xml
10 ms. Memory: 671744K Free: 302853K (45%)
----------------- Invoking toplevel() on ptolemy.moml.MoMLSimpleApplication@43e9281f
----------------- Done invoking toplevel() on ptolemy.moml.MoMLSimpleApplication@43e9281f
reloadAllAccessors: .ModifyDate

===========================================================================================
----------------- testing Mon May 11 14:23:52 UTC 2020 /home/travis/build/icyphy/ptII/ptolemy/actor/lib/test/auto/ModifyDate2.xml
----------------- Instantiating /home/travis/build/icyphy/ptII/ptolemy/actor/lib/test/auto/ModifyDate2.xml
4 ms. Memory: 671744K Free: 294151K (44%)
----------------- Invoking toplevel() on ptolemy.moml.MoMLSimpleApplication@59640d10
----------------- Done invoking toplevel() on ptolemy.moml.MoMLSimpleApplication@59640d10
reloadAllAccessors: .ModifyDate2

===========================================================================================
----------------- testing Mon May 11 14:23:52 UTC 2020 /home/travis/build/icyphy/ptII/ptolemy/actor/lib/test/auto/MovingAverage.xml
----------------- Instantiating /home/travis/build/icyphy/ptII/ptolemy/actor/lib/test/auto/MovingAverage.xml
2 ms. Memory: 671744K Free: 289031K (43%)
----------------- Invoking toplevel() on ptolemy.moml.MoMLSimpleApplication@4991b6a
----------------- Done invoking toplevel() on ptolemy.moml.MoMLSimpleApplication@4991b6a
reloadAllAccessors: .MovingAverage

===========================================================================================
----------------- testing Mon May 11 14:23:52 UTC 2020 /home/travis/build/icyphy/ptII/ptolemy/actor/lib/test/auto/MovingMaximum.xml
----------------- Instantiating /home/travis/build/icyphy/ptII/ptolemy/actor/lib/test/auto/MovingMaximum.xml
1 ms. Memory: 671744K Free: 284421K (42%)
----------------- Invoking toplevel() on ptolemy.moml.MoMLSimpleApplication@71393ff9
----------------- Done invoking toplevel() on ptolemy.moml.MoMLSimpleApplication@71393ff9
reloadAllAccessors: .MovingMaximum

===========================================================================================
----------------- testing Mon May 11 14:23:52 UTC 2020 /home/travis/build/icyphy/ptII/ptolemy/actor/lib/test/auto/MultipleLinksToSameRelation.xml
----------------- Instantiating /home/travis/build/icyphy/ptII/ptolemy/actor/lib/test/auto/MultipleLinksToSameRelation.xml
2 ms. Memory: 671744K Free: 280325K (42%)
----------------- Invoking toplevel() on ptolemy.moml.MoMLSimpleApplication@4ea19170
----------------- Done invoking toplevel() on ptolemy.moml.MoMLSimpleApplication@4ea19170
reloadAllAccessors: .MultipleLinksToSameRelation

===========================================================================================
----------------- testing Mon May 11 14:23:52 UTC 2020 /home/travis/build/icyphy/ptII/ptolemy/actor/lib/test/auto/MultipleLinksToSameRelationDE.xml
----------------- Instantiating /home/travis/build/icyphy/ptII/ptolemy/actor/lib/test/auto/MultipleLinksToSameRelationDE.xml
10 ms. Memory: 671744K Free: 275719K (41%)
----------------- Invoking toplevel() on ptolemy.moml.MoMLSimpleApplication@5ccbdab0
----------------- Done invoking toplevel() on ptolemy.moml.MoMLSimpleApplication@5ccbdab0
reloadAllAccessors: .MultipleLinksToSameRelationDE

===========================================================================================
----------------- testing Mon May 11 14:23:52 UTC 2020 /home/travis/build/icyphy/ptII/ptolemy/actor/lib/test/auto/Multiplexor.xml
----------------- Instantiating /home/travis/build/icyphy/ptII/ptolemy/actor/lib/test/auto/Multiplexor.xml
2 ms. Memory: 671744K Free: 270085K (40%)
----------------- Invoking toplevel() on ptolemy.moml.MoMLSimpleApplication@2b60de36
----------------- Done invoking toplevel() on ptolemy.moml.MoMLSimpleApplication@2b60de36
reloadAllAccessors: .Multiplexor

===========================================================================================
----------------- testing Mon May 11 14:23:52 UTC 2020 /home/travis/build/icyphy/ptII/ptolemy/actor/lib/test/auto/Multiplexor1.xml
----------------- Instantiating /home/travis/build/icyphy/ptII/ptolemy/actor/lib/test/auto/Multiplexor1.xml
2 ms. Memory: 671744K Free: 264455K (39%)
----------------- Invoking toplevel() on ptolemy.moml.MoMLSimpleApplication@6fa66dfa
----------------- Done invoking toplevel() on ptolemy.moml.MoMLSimpleApplication@6fa66dfa
reloadAllAccessors: .Multiplexor1

===========================================================================================
----------------- testing Mon May 11 14:23:52 UTC 2020 /home/travis/build/icyphy/ptII/ptolemy/actor/lib/test/auto/Multiplexor2.xml
----------------- Instantiating /home/travis/build/icyphy/ptII/ptolemy/actor/lib/test/auto/Multiplexor2.xml
6 ms. Memory: 671744K Free: 257794K (38%)
----------------- Invoking toplevel() on ptolemy.moml.MoMLSimpleApplication@62b85944
----------------- Done invoking toplevel() on ptolemy.moml.MoMLSimpleApplication@62b85944
reloadAllAccessors: .Multiplexor2

===========================================================================================
----------------- testing Mon May 11 14:23:52 UTC 2020 /home/travis/build/icyphy/ptII/ptolemy/actor/lib/test/auto/Multiplexor3.xml
----------------- Instantiating /home/travis/build/icyphy/ptII/ptolemy/actor/lib/test/auto/Multiplexor3.xml
2 ms. Memory: 671744K Free: 253701K (38%)
----------------- Invoking toplevel() on ptolemy.moml.MoMLSimpleApplication@421076b7
----------------- Done invoking toplevel() on ptolemy.moml.MoMLSimpleApplication@421076b7
reloadAllAccessors: .Multiplexor3

===========================================================================================
----------------- testing Mon May 11 14:23:52 UTC 2020 /home/travis/build/icyphy/ptII/ptolemy/actor/lib/test/auto/MultiplexorDE.xml
----------------- Instantiating /home/travis/build/icyphy/ptII/ptolemy/actor/lib/test/auto/MultiplexorDE.xml
3 ms. Memory: 671744K Free: 245495K (37%)
----------------- Invoking toplevel() on ptolemy.moml.MoMLSimpleApplication@22512d6b
----------------- Done invoking toplevel() on ptolemy.moml.MoMLSimpleApplication@22512d6b
reloadAllAccessors: .MultiplexorDE

===========================================================================================
----------------- testing Mon May 11 14:23:52 UTC 2020 /home/travis/build/icyphy/ptII/ptolemy/actor/lib/test/auto/MultiportBroadcastTest.xml
----------------- Instantiating /home/travis/build/icyphy/ptII/ptolemy/actor/lib/test/auto/MultiportBroadcastTest.xml
96 ms. Memory: 671744K Free: 239359K (36%)
----------------- Invoking toplevel() on ptolemy.moml.MoMLSimpleApplication@207e538e
----------------- Done invoking toplevel() on ptolemy.moml.MoMLSimpleApplication@207e538e
reloadAllAccessors: .MultiportBroadcastTest

===========================================================================================
----------------- testing Mon May 11 14:23:52 UTC 2020 /home/travis/build/icyphy/ptII/ptolemy/actor/lib/test/auto/MultiportOutHangDuringGetWidth.xml
----------------- Instantiating /home/travis/build/icyphy/ptII/ptolemy/actor/lib/test/auto/MultiportOutHangDuringGetWidth.xml
39 ms. Memory: 671744K Free: 619998K (92%)
----------------- Invoking toplevel() on ptolemy.moml.MoMLSimpleApplication@7d4a1522
----------------- Done invoking toplevel() on ptolemy.moml.MoMLSimpleApplication@7d4a1522
reloadAllAccessors: .MultiportOutHangDuringGetWidth

===========================================================================================
----------------- testing Mon May 11 14:23:53 UTC 2020 /home/travis/build/icyphy/ptII/ptolemy/actor/lib/test/auto/NilToken.xml
----------------- Instantiating /home/travis/build/icyphy/ptII/ptolemy/actor/lib/test/auto/NilToken.xml
1 ms. Memory: 671744K Free: 615173K (92%)
----------------- Invoking toplevel() on ptolemy.moml.MoMLSimpleApplication@5d5d84ff
----------------- Done invoking toplevel() on ptolemy.moml.MoMLSimpleApplication@5d5d84ff
reloadAllAccessors: .NilToken

===========================================================================================
----------------- testing Mon May 11 14:23:53 UTC 2020 /home/travis/build/icyphy/ptII/ptolemy/actor/lib/test/auto/NilTokenNonStrictTest.xml
----------------- Instantiating /home/travis/build/icyphy/ptII/ptolemy/actor/lib/test/auto/NilTokenNonStrictTest.xml
1 ms. Memory: 671744K Free: 610053K (91%)
----------------- Invoking toplevel() on ptolemy.moml.MoMLSimpleApplication@135e3a7d
----------------- Done invoking toplevel() on ptolemy.moml.MoMLSimpleApplication@135e3a7d
reloadAllAccessors: .NilTokenNonStrictTest

===========================================================================================
----------------- testing Mon May 11 14:23:53 UTC 2020 /home/travis/build/icyphy/ptII/ptolemy/actor/lib/test/auto/NilTokenRecord.xml
----------------- Instantiating /home/travis/build/icyphy/ptII/ptolemy/actor/lib/test/auto/NilTokenRecord.xml
6 ms. Memory: 671744K Free: 603399K (90%)
----------------- Invoking toplevel() on ptolemy.moml.MoMLSimpleApplication@27cf8040
----------------- Done invoking toplevel() on ptolemy.moml.MoMLSimpleApplication@27cf8040
reloadAllAccessors: .NilTokenRecord

===========================================================================================
----------------- testing Mon May 11 14:23:53 UTC 2020 /home/travis/build/icyphy/ptII/ptolemy/actor/lib/test/auto/NilTokenTypeTest.xml
----------------- Instantiating /home/travis/build/icyphy/ptII/ptolemy/actor/lib/test/auto/NilTokenTypeTest.xml
6 ms. Memory: 671744K Free: 593669K (88%)
----------------- Invoking toplevel() on ptolemy.moml.MoMLSimpleApplication@5ba115b
----------------- Done invoking toplevel() on ptolemy.moml.MoMLSimpleApplication@5ba115b
reloadAllAccessors: .NilTokenTypeTest

===========================================================================================
----------------- testing Mon May 11 14:23:53 UTC 2020 /home/travis/build/icyphy/ptII/ptolemy/actor/lib/test/auto/ObjectToken1.xml
----------------- Instantiating /home/travis/build/icyphy/ptII/ptolemy/actor/lib/test/auto/ObjectToken1.xml
2 ms. Memory: 671744K Free: 589573K (88%)
----------------- Invoking toplevel() on ptolemy.moml.MoMLSimpleApplication@2edebb2e
----------------- Done invoking toplevel() on ptolemy.moml.MoMLSimpleApplication@2edebb2e
reloadAllAccessors: .ObjectToken1

===========================================================================================
----------------- testing Mon May 11 14:23:53 UTC 2020 /home/travis/build/icyphy/ptII/ptolemy/actor/lib/test/auto/OrderedMerge.xml
----------------- Instantiating /home/travis/build/icyphy/ptII/ptolemy/actor/lib/test/auto/OrderedMerge.xml
14 ms. Memory: 671744K Free: 583943K (87%)
----------------- Invoking toplevel() on ptolemy.moml.MoMLSimpleApplication@77bab79a
----------------- Done invoking toplevel() on ptolemy.moml.MoMLSimpleApplication@77bab79a
reloadAllAccessors: .OrderedMerge

===========================================================================================
----------------- testing Mon May 11 14:23:53 UTC 2020 /home/travis/build/icyphy/ptII/ptolemy/actor/lib/test/auto/OrderedRecordDisassembler.xml
----------------- Instantiating /home/travis/build/icyphy/ptII/ptolemy/actor/lib/test/auto/OrderedRecordDisassembler.xml
3 ms. Memory: 671744K Free: 578823K (86%)
----------------- Invoking toplevel() on ptolemy.moml.MoMLSimpleApplication@21385f23
----------------- Done invoking toplevel() on ptolemy.moml.MoMLSimpleApplication@21385f23
reloadAllAccessors: .OrderedRecordDisassembler

===========================================================================================
----------------- testing Mon May 11 14:23:53 UTC 2020 /home/travis/build/icyphy/ptII/ptolemy/actor/lib/test/auto/OrderedRecordDisassembler2.xml
----------------- Instantiating /home/travis/build/icyphy/ptII/ptolemy/actor/lib/test/auto/OrderedRecordDisassembler2.xml
5 ms. Memory: 671744K Free: 571111K (85%)
----------------- Invoking toplevel() on ptolemy.moml.MoMLSimpleApplication@7d7e548c
----------------- Done invoking toplevel() on ptolemy.moml.MoMLSimpleApplication@7d7e548c
reloadAllAccessors: .OrderedRecordDisassembler2

===========================================================================================
----------------- testing Mon May 11 14:23:53 UTC 2020 /home/travis/build/icyphy/ptII/ptolemy/actor/lib/test/auto/OrderedRecordUpdater.xml
----------------- Instantiating /home/travis/build/icyphy/ptII/ptolemy/actor/lib/test/auto/OrderedRecordUpdater.xml
2 ms. Memory: 671744K Free: 566535K (84%)
----------------- Invoking toplevel() on ptolemy.moml.MoMLSimpleApplication@46b88d40
----------------- Done invoking toplevel() on ptolemy.moml.MoMLSimpleApplication@46b88d40
reloadAllAccessors: .RecordUpdater

===========================================================================================
----------------- testing Mon May 11 14:23:53 UTC 2020 /home/travis/build/icyphy/ptII/ptolemy/actor/lib/test/auto/OrderedRecordUpdater2.xml
----------------- Instantiating /home/travis/build/icyphy/ptII/ptolemy/actor/lib/test/auto/OrderedRecordUpdater2.xml
3 ms. Memory: 671744K Free: 561415K (84%)
----------------- Invoking toplevel() on ptolemy.moml.MoMLSimpleApplication@14c3c768
----------------- Done invoking toplevel() on ptolemy.moml.MoMLSimpleApplication@14c3c768
reloadAllAccessors: .RecordUpdater2

===========================================================================================
----------------- testing Mon May 11 14:23:53 UTC 2020 /home/travis/build/icyphy/ptII/ptolemy/actor/lib/test/auto/PhaseUnwrap.xml
----------------- Instantiating /home/travis/build/icyphy/ptII/ptolemy/actor/lib/test/auto/PhaseUnwrap.xml
1 ms. Memory: 671744K Free: 556805K (83%)
----------------- Invoking toplevel() on ptolemy.moml.MoMLSimpleApplication@6fc3eeb7
----------------- Done invoking toplevel() on ptolemy.moml.MoMLSimpleApplication@6fc3eeb7
reloadAllAccessors: .PhaseUnwrap

===========================================================================================
----------------- testing Mon May 11 14:23:53 UTC 2020 /home/travis/build/icyphy/ptII/ptolemy/actor/lib/test/auto/PoissonClock.xml
----------------- Instantiating /home/travis/build/icyphy/ptII/ptolemy/actor/lib/test/auto/PoissonClock.xml
1 ms. Memory: 671744K Free: 552709K (82%)
----------------- Invoking toplevel() on ptolemy.moml.MoMLSimpleApplication@e299662
----------------- Done invoking toplevel() on ptolemy.moml.MoMLSimpleApplication@e299662
reloadAllAccessors: .PoissonClock

===========================================================================================
----------------- testing Mon May 11 14:23:53 UTC 2020 /home/travis/build/icyphy/ptII/ptolemy/actor/lib/test/auto/PoissonClock2.xml
----------------- Instantiating /home/travis/build/icyphy/ptII/ptolemy/actor/lib/test/auto/PoissonClock2.xml
1 ms. Memory: 671744K Free: 548103K (82%)
----------------- Invoking toplevel() on ptolemy.moml.MoMLSimpleApplication@60b72605
----------------- Done invoking toplevel() on ptolemy.moml.MoMLSimpleApplication@60b72605
reloadAllAccessors: .PoissonClock2

===========================================================================================
----------------- testing Mon May 11 14:23:53 UTC 2020 /home/travis/build/icyphy/ptII/ptolemy/actor/lib/test/auto/PoissonClock3.xml
----------------- Instantiating /home/travis/build/icyphy/ptII/ptolemy/actor/lib/test/auto/PoissonClock3.xml
1 ms. Memory: 671744K Free: 543493K (81%)
----------------- Invoking toplevel() on ptolemy.moml.MoMLSimpleApplication@293a4fd3
----------------- Done invoking toplevel() on ptolemy.moml.MoMLSimpleApplication@293a4fd3
reloadAllAccessors: .PoissonClock3

===========================================================================================
----------------- testing Mon May 11 14:23:53 UTC 2020 /home/travis/build/icyphy/ptII/ptolemy/actor/lib/test/auto/PubSubWithInitialTokens.xml
----------------- Instantiating /home/travis/build/icyphy/ptII/ptolemy/actor/lib/test/auto/PubSubWithInitialTokens.xml
2 ms. Memory: 671744K Free: 537319K (80%)
----------------- Invoking toplevel() on ptolemy.moml.MoMLSimpleApplication@7a02225
----------------- Done invoking toplevel() on ptolemy.moml.MoMLSimpleApplication@7a02225
reloadAllAccessors: .PubSubWithInitialTokens

===========================================================================================
----------------- testing Mon May 11 14:23:53 UTC 2020 /home/travis/build/icyphy/ptII/ptolemy/actor/lib/test/auto/PubSubWithInitialTokens2.xml
----------------- Instantiating /home/travis/build/icyphy/ptII/ptolemy/actor/lib/test/auto/PubSubWithInitialTokens2.xml
2 ms. Memory: 671744K Free: 531175K (79%)
----------------- Invoking toplevel() on ptolemy.moml.MoMLSimpleApplication@66fcc71f
----------------- Done invoking toplevel() on ptolemy.moml.MoMLSimpleApplication@66fcc71f
reloadAllAccessors: .PubSubWithInitialTokens2

===========================================================================================
----------------- testing Mon May 11 14:23:53 UTC 2020 /home/travis/build/icyphy/ptII/ptolemy/actor/lib/test/auto/PublisherClassNoParameter.xml
----------------- Instantiating /home/travis/build/icyphy/ptII/ptolemy/actor/lib/test/auto/PublisherClassNoParameter.xml
2 ms. Memory: 671744K Free: 521479K (78%)
----------------- Invoking toplevel() on ptolemy.moml.MoMLSimpleApplication@630ddb70
----------------- Done invoking toplevel() on ptolemy.moml.MoMLSimpleApplication@630ddb70
reloadAllAccessors: .PublisherClassNoParameter

===========================================================================================
----------------- testing Mon May 11 14:23:53 UTC 2020 /home/travis/build/icyphy/ptII/ptolemy/actor/lib/test/auto/PublisherClassParameter.xml
----------------- Instantiating /home/travis/build/icyphy/ptII/ptolemy/actor/lib/test/auto/PublisherClassParameter.xml
2 ms. Memory: 671744K Free: 510725K (76%)
----------------- Invoking toplevel() on ptolemy.moml.MoMLSimpleApplication@529bcc99
----------------- Done invoking toplevel() on ptolemy.moml.MoMLSimpleApplication@529bcc99
reloadAllAccessors: .PublisherClassParameter

===========================================================================================
----------------- testing Mon May 11 14:23:53 UTC 2020 /home/travis/build/icyphy/ptII/ptolemy/actor/lib/test/auto/PublisherNonStrictTest.xml
----------------- Instantiating /home/travis/build/icyphy/ptII/ptolemy/actor/lib/test/auto/PublisherNonStrictTest.xml
6 ms. Memory: 671744K Free: 503047K (75%)
----------------- Invoking toplevel() on ptolemy.moml.MoMLSimpleApplication@269d6d8
----------------- Done invoking toplevel() on ptolemy.moml.MoMLSimpleApplication@269d6d8
reloadAllAccessors: .PublisherNonStrictTest

===========================================================================================
----------------- testing Mon May 11 14:23:53 UTC 2020 /home/travis/build/icyphy/ptII/ptolemy/actor/lib/test/auto/PublisherPort1.xml
----------------- Instantiating /home/travis/build/icyphy/ptII/ptolemy/actor/lib/test/auto/PublisherPort1.xml
2 ms. Memory: 671744K Free: 497383K (74%)
----------------- Invoking toplevel() on ptolemy.moml.MoMLSimpleApplication@6827307b
----------------- Done invoking toplevel() on ptolemy.moml.MoMLSimpleApplication@6827307b
reloadAllAccessors: .PublisherPort1

===========================================================================================
----------------- testing Mon May 11 14:23:53 UTC 2020 /home/travis/build/icyphy/ptII/ptolemy/actor/lib/test/auto/PublisherPort2.xml
----------------- Instantiating /home/travis/build/icyphy/ptII/ptolemy/actor/lib/test/auto/PublisherPort2.xml
1 ms. Memory: 671744K Free: 492293K (73%)
----------------- Invoking toplevel() on ptolemy.moml.MoMLSimpleApplication@4fca4eed
----------------- Done invoking toplevel() on ptolemy.moml.MoMLSimpleApplication@4fca4eed
reloadAllAccessors: .PublisherPort2

===========================================================================================
----------------- testing Mon May 11 14:23:53 UTC 2020 /home/travis/build/icyphy/ptII/ptolemy/actor/lib/test/auto/PublisherPort3.xml
----------------- Instantiating /home/travis/build/icyphy/ptII/ptolemy/actor/lib/test/auto/PublisherPort3.xml
13 ms. Memory: 671744K Free: 485639K (72%)
----------------- Invoking toplevel() on ptolemy.moml.MoMLSimpleApplication@644dd056
----------------- Done invoking toplevel() on ptolemy.moml.MoMLSimpleApplication@644dd056
reloadAllAccessors: .PublisherPort3

===========================================================================================
----------------- testing Mon May 11 14:23:53 UTC 2020 /home/travis/build/icyphy/ptII/ptolemy/actor/lib/test/auto/PublisherPort4.xml
----------------- Instantiating /home/travis/build/icyphy/ptII/ptolemy/actor/lib/test/auto/PublisherPort4.xml
2 ms. Memory: 671744K Free: 479991K (71%)
----------------- Invoking toplevel() on ptolemy.moml.MoMLSimpleApplication@18c35632
----------------- Done invoking toplevel() on ptolemy.moml.MoMLSimpleApplication@18c35632
reloadAllAccessors: .PublisherPort4

===========================================================================================
----------------- testing Mon May 11 14:23:53 UTC 2020 /home/travis/build/icyphy/ptII/ptolemy/actor/lib/test/auto/PublisherPort5.xml
----------------- Instantiating /home/travis/build/icyphy/ptII/ptolemy/actor/lib/test/auto/PublisherPort5.xml
4 ms. Memory: 671744K Free: 471813K (70%)
----------------- Invoking toplevel() on ptolemy.moml.MoMLSimpleApplication@49031ea2
----------------- Done invoking toplevel() on ptolemy.moml.MoMLSimpleApplication@49031ea2
reloadAllAccessors: .PublisherPort5

===========================================================================================
----------------- testing Mon May 11 14:23:53 UTC 2020 /home/travis/build/icyphy/ptII/ptolemy/actor/lib/test/auto/PublisherPort5LookAlike.xml
----------------- Instantiating /home/travis/build/icyphy/ptII/ptolemy/actor/lib/test/auto/PublisherPort5LookAlike.xml
7 ms. Memory: 671744K Free: 464135K (69%)
----------------- Invoking toplevel() on ptolemy.moml.MoMLSimpleApplication@2d9481d0
----------------- Done invoking toplevel() on ptolemy.moml.MoMLSimpleApplication@2d9481d0
reloadAllAccessors: .PublisherPort5LookAlike

===========================================================================================
----------------- testing Mon May 11 14:23:53 UTC 2020 /home/travis/build/icyphy/ptII/ptolemy/actor/lib/test/auto/PublisherPort6.xml
----------------- Instantiating /home/travis/build/icyphy/ptII/ptolemy/actor/lib/test/auto/PublisherPort6.xml
2 ms. Memory: 671744K Free: 457463K (68%)
----------------- Invoking toplevel() on ptolemy.moml.MoMLSimpleApplication@7ebfa82e
----------------- Done invoking toplevel() on ptolemy.moml.MoMLSimpleApplication@7ebfa82e
reloadAllAccessors: .PublisherPort6

===========================================================================================
----------------- testing Mon May 11 14:23:53 UTC 2020 /home/travis/build/icyphy/ptII/ptolemy/actor/lib/test/auto/PublisherPort7.xml
----------------- Instantiating /home/travis/build/icyphy/ptII/ptolemy/actor/lib/test/auto/PublisherPort7.xml
3 ms. Memory: 671744K Free: 449799K (67%)
----------------- Invoking toplevel() on ptolemy.moml.MoMLSimpleApplication@3067ecc4
----------------- Done invoking toplevel() on ptolemy.moml.MoMLSimpleApplication@3067ecc4
reloadAllAccessors: .PublisherPort7

===========================================================================================
----------------- testing Mon May 11 14:23:53 UTC 2020 /home/travis/build/icyphy/ptII/ptolemy/actor/lib/test/auto/PublisherPort8.xml
----------------- Instantiating /home/travis/build/icyphy/ptII/ptolemy/actor/lib/test/auto/PublisherPort8.xml
4 ms. Memory: 671744K Free: 441093K (66%)
----------------- Invoking toplevel() on ptolemy.moml.MoMLSimpleApplication@435c81c6
----------------- Done invoking toplevel() on ptolemy.moml.MoMLSimpleApplication@435c81c6
reloadAllAccessors: .PublisherPort8

===========================================================================================
----------------- testing Mon May 11 14:23:53 UTC 2020 /home/travis/build/icyphy/ptII/ptolemy/actor/lib/test/auto/PublisherPortSubscriberChannelVariablesAOC2.xml
----------------- Instantiating /home/travis/build/icyphy/ptII/ptolemy/actor/lib/test/auto/PublisherPortSubscriberChannelVariablesAOC2.xml
3 ms. Memory: 671744K Free: 423175K (63%)
----------------- Invoking toplevel() on ptolemy.moml.MoMLSimpleApplication@380ce839
----------------- Done invoking toplevel() on ptolemy.moml.MoMLSimpleApplication@380ce839
reloadAllAccessors: .PublisherPortSubscriberChannelVariablesAOC2

===========================================================================================
----------------- testing Mon May 11 14:23:53 UTC 2020 /home/travis/build/icyphy/ptII/ptolemy/actor/lib/test/auto/PublisherPortSubscriberOpaqueWidthInference.xml
----------------- Instantiating /home/travis/build/icyphy/ptII/ptolemy/actor/lib/test/auto/PublisherPortSubscriberOpaqueWidthInference.xml
4 ms. Memory: 671744K Free: 415479K (62%)
----------------- Invoking toplevel() on ptolemy.moml.MoMLSimpleApplication@31a3d713
----------------- Done invoking toplevel() on ptolemy.moml.MoMLSimpleApplication@31a3d713
reloadAllAccessors: .PublisherPortSubscriberOpaqueWidthInference

===========================================================================================
----------------- testing Mon May 11 14:23:53 UTC 2020 /home/travis/build/icyphy/ptII/ptolemy/actor/lib/test/auto/PublisherPortSubscriberPortAdjacent.xml
----------------- Instantiating /home/travis/build/icyphy/ptII/ptolemy/actor/lib/test/auto/PublisherPortSubscriberPortAdjacent.xml
2 ms. Memory: 671744K Free: 406791K (61%)
----------------- Invoking toplevel() on ptolemy.moml.MoMLSimpleApplication@5e2f9a53
----------------- Done invoking toplevel() on ptolemy.moml.MoMLSimpleApplication@5e2f9a53
reloadAllAccessors: .PublisherPortSubscriberPortAdjacent

===========================================================================================
----------------- testing Mon May 11 14:23:53 UTC 2020 /home/travis/build/icyphy/ptII/ptolemy/actor/lib/test/auto/PublisherPortSubscriberPortExpression.xml
----------------- Instantiating /home/travis/build/icyphy/ptII/ptolemy/actor/lib/test/auto/PublisherPortSubscriberPortExpression.xml
4 ms. Memory: 671744K Free: 399103K (59%)
----------------- Invoking toplevel() on ptolemy.moml.MoMLSimpleApplication@1a163bf9
----------------- Done invoking toplevel() on ptolemy.moml.MoMLSimpleApplication@1a163bf9
reloadAllAccessors: .PublisherPortSubscriberPortExpression

===========================================================================================
----------------- testing Mon May 11 14:23:53 UTC 2020 /home/travis/build/icyphy/ptII/ptolemy/actor/lib/test/auto/PublisherPortSubscriberPortOpaqueD3Reverse.xml
----------------- Instantiating /home/travis/build/icyphy/ptII/ptolemy/actor/lib/test/auto/PublisherPortSubscriberPortOpaqueD3Reverse.xml
7 ms. Memory: 671744K Free: 388869K (58%)
----------------- Invoking toplevel() on ptolemy.moml.MoMLSimpleApplication@6790a784
----------------- Done invoking toplevel() on ptolemy.moml.MoMLSimpleApplication@6790a784
reloadAllAccessors: .PublisherPortSubscriberPortOpaqueD3Reverse

===========================================================================================
----------------- testing Mon May 11 14:23:53 UTC 2020 /home/travis/build/icyphy/ptII/ptolemy/actor/lib/test/auto/PublisherPortSubscriberPortOpaqueWidthInference.xml
----------------- Instantiating /home/travis/build/icyphy/ptII/ptolemy/actor/lib/test/auto/PublisherPortSubscriberPortOpaqueWidthInference.xml
3 ms. Memory: 671744K Free: 381191K (57%)
----------------- Invoking toplevel() on ptolemy.moml.MoMLSimpleApplication@5bbe43cb
----------------- Done invoking toplevel() on ptolemy.moml.MoMLSimpleApplication@5bbe43cb
reloadAllAccessors: .PublisherPortSubscriberPortOpaqueWidthInference

===========================================================================================
----------------- testing Mon May 11 14:23:53 UTC 2020 /home/travis/build/icyphy/ptII/ptolemy/actor/lib/test/auto/PublisherPortToplevelSubscriberPortAOC.xml
----------------- Instantiating /home/travis/build/icyphy/ptII/ptolemy/actor/lib/test/auto/PublisherPortToplevelSubscriberPortAOC.xml
.PublisherPortToplevelSubscriberPortAOC.TestExceptionAttribute: initialize() was not invoked, but wrapup() was.  This is unusual, but not always a problem.  For example, exporting JNLP will do this.
0 ms. Memory: 671744K Free: 375047K (56%)
----------------- Invoking toplevel() on ptolemy.moml.MoMLSimpleApplication@2f9f14fc
----------------- Done invoking toplevel() on ptolemy.moml.MoMLSimpleApplication@2f9f14fc
reloadAllAccessors: .PublisherPortToplevelSubscriberPortAOC

===========================================================================================
----------------- testing Mon May 11 14:23:53 UTC 2020 /home/travis/build/icyphy/ptII/ptolemy/actor/lib/test/auto/PublisherSubscriber.xml
----------------- Instantiating /home/travis/build/icyphy/ptII/ptolemy/actor/lib/test/auto/PublisherSubscriber.xml
3 ms. Memory: 671744K Free: 367879K (55%)
----------------- Invoking toplevel() on ptolemy.moml.MoMLSimpleApplication@6ff4e65b
----------------- Done invoking toplevel() on ptolemy.moml.MoMLSimpleApplication@6ff4e65b
reloadAllAccessors: .PublisherSubscriber

===========================================================================================
----------------- testing Mon May 11 14:23:53 UTC 2020 /home/travis/build/icyphy/ptII/ptolemy/actor/lib/test/auto/PublisherSubscriber10.xml
----------------- Instantiating /home/travis/build/icyphy/ptII/ptolemy/actor/lib/test/auto/PublisherSubscriber10.xml
7 ms. Memory: 671744K Free: 358149K (53%)
----------------- Invoking toplevel() on ptolemy.moml.MoMLSimpleApplication@6060316c
----------------- Done invoking toplevel() on ptolemy.moml.MoMLSimpleApplication@6060316c
reloadAllAccessors: .PublisherSubscriber10

===========================================================================================
----------------- testing Mon May 11 14:23:53 UTC 2020 /home/travis/build/icyphy/ptII/ptolemy/actor/lib/test/auto/PublisherSubscriber10InitialOutputs.xml
----------------- Instantiating /home/travis/build/icyphy/ptII/ptolemy/actor/lib/test/auto/PublisherSubscriber10InitialOutputs.xml
14 ms. Memory: 671744K Free: 348933K (52%)
----------------- Invoking toplevel() on ptolemy.moml.MoMLSimpleApplication@7dfab726
----------------- Done invoking toplevel() on ptolemy.moml.MoMLSimpleApplication@7dfab726
reloadAllAccessors: .PublisherSubscriber10InitialOutputs

===========================================================================================
----------------- testing Mon May 11 14:23:53 UTC 2020 /home/travis/build/icyphy/ptII/ptolemy/actor/lib/test/auto/PublisherSubscriber11.xml
----------------- Instantiating /home/travis/build/icyphy/ptII/ptolemy/actor/lib/test/auto/PublisherSubscriber11.xml
3 ms. Memory: 671744K Free: 342759K (51%)
----------------- Invoking toplevel() on ptolemy.moml.MoMLSimpleApplication@19849445
----------------- Done invoking toplevel() on ptolemy.moml.MoMLSimpleApplication@19849445
reloadAllAccessors: .PublisherSubscriber11

===========================================================================================
----------------- testing Mon May 11 14:23:53 UTC 2020 /home/travis/build/icyphy/ptII/ptolemy/actor/lib/test/auto/PublisherSubscriber12.xml
----------------- Instantiating /home/travis/build/icyphy/ptII/ptolemy/actor/lib/test/auto/PublisherSubscriber12.xml
5 ms. Memory: 671744K Free: 336135K (50%)
----------------- Invoking toplevel() on ptolemy.moml.MoMLSimpleApplication@73fe04bc
----------------- Done invoking toplevel() on ptolemy.moml.MoMLSimpleApplication@73fe04bc
reloadAllAccessors: .PublisherSubscriber12

===========================================================================================
----------------- testing Mon May 11 14:23:53 UTC 2020 /home/travis/build/icyphy/ptII/ptolemy/actor/lib/test/auto/PublisherSubscriber13.xml
----------------- Instantiating /home/travis/build/icyphy/ptII/ptolemy/actor/lib/test/auto/PublisherSubscriber13.xml
2 ms. Memory: 671744K Free: 330487K (49%)
----------------- Invoking toplevel() on ptolemy.moml.MoMLSimpleApplication@4cea2a90
----------------- Done invoking toplevel() on ptolemy.moml.MoMLSimpleApplication@4cea2a90
reloadAllAccessors: .PublisherSubscriber13

===========================================================================================
----------------- testing Mon May 11 14:23:53 UTC 2020 /home/travis/build/icyphy/ptII/ptolemy/actor/lib/test/auto/PublisherSubscriber14.xml
----------------- Instantiating /home/travis/build/icyphy/ptII/ptolemy/actor/lib/test/auto/PublisherSubscriber14.xml
2 ms. Memory: 671744K Free: 321799K (48%)
----------------- Invoking toplevel() on ptolemy.moml.MoMLSimpleApplication@31a2bd61
----------------- Done invoking toplevel() on ptolemy.moml.MoMLSimpleApplication@31a2bd61
reloadAllAccessors: .PublisherSubscriber14

===========================================================================================
----------------- testing Mon May 11 14:23:53 UTC 2020 /home/travis/build/icyphy/ptII/ptolemy/actor/lib/test/auto/PublisherSubscriber2.xml
----------------- Instantiating /home/travis/build/icyphy/ptII/ptolemy/actor/lib/test/auto/PublisherSubscriber2.xml
3 ms. Memory: 671744K Free: 316165K (47%)
----------------- Invoking toplevel() on ptolemy.moml.MoMLSimpleApplication@724e1400
----------------- Done invoking toplevel() on ptolemy.moml.MoMLSimpleApplication@724e1400
reloadAllAccessors: .PublisherSubscriber2

===========================================================================================
----------------- testing Mon May 11 14:23:53 UTC 2020 /home/travis/build/icyphy/ptII/ptolemy/actor/lib/test/auto/PublisherSubscriber3.xml
----------------- Instantiating /home/travis/build/icyphy/ptII/ptolemy/actor/lib/test/auto/PublisherSubscriber3.xml
2 ms. Memory: 671744K Free: 310007K (46%)
----------------- Invoking toplevel() on ptolemy.moml.MoMLSimpleApplication@346b8164
----------------- Done invoking toplevel() on ptolemy.moml.MoMLSimpleApplication@346b8164
reloadAllAccessors: .PublisherSubscriber3

===========================================================================================
----------------- testing Mon May 11 14:23:53 UTC 2020 /home/travis/build/icyphy/ptII/ptolemy/actor/lib/test/auto/PublisherSubscriber4.xml
----------------- Instantiating /home/travis/build/icyphy/ptII/ptolemy/actor/lib/test/auto/PublisherSubscriber4.xml
1 ms. Memory: 671744K Free: 304391K (45%)
----------------- Invoking toplevel() on ptolemy.moml.MoMLSimpleApplication@5a6de935
----------------- Done invoking toplevel() on ptolemy.moml.MoMLSimpleApplication@5a6de935
reloadAllAccessors: .PublisherSubscriber4

===========================================================================================
----------------- testing Mon May 11 14:23:53 UTC 2020 /home/travis/build/icyphy/ptII/ptolemy/actor/lib/test/auto/PublisherSubscriber5.xml
----------------- Instantiating /home/travis/build/icyphy/ptII/ptolemy/actor/lib/test/auto/PublisherSubscriber5.xml
2 ms. Memory: 671744K Free: 297727K (44%)
----------------- Invoking toplevel() on ptolemy.moml.MoMLSimpleApplication@7a394d5c
----------------- Done invoking toplevel() on ptolemy.moml.MoMLSimpleApplication@7a394d5c
reloadAllAccessors: .PublisherSubscriber5

===========================================================================================
----------------- testing Mon May 11 14:23:54 UTC 2020 /home/travis/build/icyphy/ptII/ptolemy/actor/lib/test/auto/PublisherSubscriber6.xml
----------------- Instantiating /home/travis/build/icyphy/ptII/ptolemy/actor/lib/test/auto/PublisherSubscriber6.xml
3 ms. Memory: 671744K Free: 291079K (43%)
----------------- Invoking toplevel() on ptolemy.moml.MoMLSimpleApplication@6b1ec2eb
----------------- Done invoking toplevel() on ptolemy.moml.MoMLSimpleApplication@6b1ec2eb
reloadAllAccessors: .PublisherSubscriber6

===========================================================================================
----------------- testing Mon May 11 14:23:54 UTC 2020 /home/travis/build/icyphy/ptII/ptolemy/actor/lib/test/auto/PublisherSubscriber7.xml
----------------- Instantiating /home/travis/build/icyphy/ptII/ptolemy/actor/lib/test/auto/PublisherSubscriber7.xml
6 ms. Memory: 671744K Free: 284407K (42%)
----------------- Invoking toplevel() on ptolemy.moml.MoMLSimpleApplication@3a19f982
----------------- Done invoking toplevel() on ptolemy.moml.MoMLSimpleApplication@3a19f982
reloadAllAccessors: .PublisherSubscriber7

===========================================================================================
----------------- testing Mon May 11 14:23:54 UTC 2020 /home/travis/build/icyphy/ptII/ptolemy/actor/lib/test/auto/PublisherSubscriber8.xml
----------------- Instantiating /home/travis/build/icyphy/ptII/ptolemy/actor/lib/test/auto/PublisherSubscriber8.xml
9 ms. Memory: 671744K Free: 272647K (41%)
----------------- Invoking toplevel() on ptolemy.moml.MoMLSimpleApplication@b4642b3
----------------- Done invoking toplevel() on ptolemy.moml.MoMLSimpleApplication@b4642b3
reloadAllAccessors: .PublisherSubscriber8

===========================================================================================
----------------- testing Mon May 11 14:23:54 UTC 2020 /home/travis/build/icyphy/ptII/ptolemy/actor/lib/test/auto/PublisherSubscriber9.xml
----------------- Instantiating /home/travis/build/icyphy/ptII/ptolemy/actor/lib/test/auto/PublisherSubscriber9.xml
5 ms. Memory: 671744K Free: 265479K (40%)
----------------- Invoking toplevel() on ptolemy.moml.MoMLSimpleApplication@3c4d91e3
----------------- Done invoking toplevel() on ptolemy.moml.MoMLSimpleApplication@3c4d91e3
reloadAllAccessors: .PublisherSubscriber9

===========================================================================================
----------------- testing Mon May 11 14:23:54 UTC 2020 /home/travis/build/icyphy/ptII/ptolemy/actor/lib/test/auto/PublisherSubscriberAdjacent.xml
----------------- Instantiating /home/travis/build/icyphy/ptII/ptolemy/actor/lib/test/auto/PublisherSubscriberAdjacent.xml
1 ms. Memory: 671744K Free: 257287K (38%)
----------------- Invoking toplevel() on ptolemy.moml.MoMLSimpleApplication@60bed1af
----------------- Done invoking toplevel() on ptolemy.moml.MoMLSimpleApplication@60bed1af
reloadAllAccessors: .PublisherSubscriberAdjacent

===========================================================================================
----------------- testing Mon May 11 14:23:54 UTC 2020 /home/travis/build/icyphy/ptII/ptolemy/actor/lib/test/auto/PublisherSubscriberChannelVariablesAOC2.xml
----------------- Instantiating /home/travis/build/icyphy/ptII/ptolemy/actor/lib/test/auto/PublisherSubscriberChannelVariablesAOC2.xml
6 ms. Memory: 671744K Free: 241927K (36%)
----------------- Invoking toplevel() on ptolemy.moml.MoMLSimpleApplication@a8b2ad3
----------------- Done invoking toplevel() on ptolemy.moml.MoMLSimpleApplication@a8b2ad3
reloadAllAccessors: .PublisherSubscriberChannelVariablesAOC2

===========================================================================================
----------------- testing Mon May 11 14:23:54 UTC 2020 /home/travis/build/icyphy/ptII/ptolemy/actor/lib/test/auto/PublisherSubscriberD3.xml
----------------- Instantiating /home/travis/build/icyphy/ptII/ptolemy/actor/lib/test/auto/PublisherSubscriberD3.xml
2 ms. Memory: 671744K Free: 234245K (35%)
----------------- Invoking toplevel() on ptolemy.moml.MoMLSimpleApplication@154443c
----------------- Done invoking toplevel() on ptolemy.moml.MoMLSimpleApplication@154443c
reloadAllAccessors: .PublisherSubscriberD3

===========================================================================================
----------------- testing Mon May 11 14:23:54 UTC 2020 /home/travis/build/icyphy/ptII/ptolemy/actor/lib/test/auto/PublisherSubscriberD3Reverse.xml
----------------- Instantiating /home/travis/build/icyphy/ptII/ptolemy/actor/lib/test/auto/PublisherSubscriberD3Reverse.xml
2 ms. Memory: 671744K Free: 228101K (34%)
----------------- Invoking toplevel() on ptolemy.moml.MoMLSimpleApplication@7089ea76
----------------- Done invoking toplevel() on ptolemy.moml.MoMLSimpleApplication@7089ea76
reloadAllAccessors: .PublisherSubscriberD3Reverse

===========================================================================================
----------------- testing Mon May 11 14:23:54 UTC 2020 /home/travis/build/icyphy/ptII/ptolemy/actor/lib/test/auto/PublisherSubscriberExpression.xml
----------------- Instantiating /home/travis/build/icyphy/ptII/ptolemy/actor/lib/test/auto/PublisherSubscriberExpression.xml
4 ms. Memory: 671744K Free: 612103K (91%)
----------------- Invoking toplevel() on ptolemy.moml.MoMLSimpleApplication@b199104
----------------- Done invoking toplevel() on ptolemy.moml.MoMLSimpleApplication@b199104
reloadAllAccessors: .PublisherSubscriberExpression

===========================================================================================
----------------- testing Mon May 11 14:23:54 UTC 2020 /home/travis/build/icyphy/ptII/ptolemy/actor/lib/test/auto/PublisherSubscriberOpaque.xml
----------------- Instantiating /home/travis/build/icyphy/ptII/ptolemy/actor/lib/test/auto/PublisherSubscriberOpaque.xml
4 ms. Memory: 671744K Free: 603911K (90%)
----------------- Invoking toplevel() on ptolemy.moml.MoMLSimpleApplication@3ab84392
----------------- Done invoking toplevel() on ptolemy.moml.MoMLSimpleApplication@3ab84392
reloadAllAccessors: .PublisherSubscriberOpaque

===========================================================================================
----------------- testing Mon May 11 14:23:54 UTC 2020 /home/travis/build/icyphy/ptII/ptolemy/actor/lib/test/auto/PublisherSubscriberOpaqueD3.xml
----------------- Instantiating /home/travis/build/icyphy/ptII/ptolemy/actor/lib/test/auto/PublisherSubscriberOpaqueD3.xml
8 ms. Memory: 671744K Free: 592647K (88%)
----------------- Invoking toplevel() on ptolemy.moml.MoMLSimpleApplication@296f8db6
----------------- Done invoking toplevel() on ptolemy.moml.MoMLSimpleApplication@296f8db6
reloadAllAccessors: .PublisherSubscriberOpaqueD3

===========================================================================================
----------------- testing Mon May 11 14:23:54 UTC 2020 /home/travis/build/icyphy/ptII/ptolemy/actor/lib/test/auto/PublisherSubscriberOpaqueD3Reverse.xml
----------------- Instantiating /home/travis/build/icyphy/ptII/ptolemy/actor/lib/test/auto/PublisherSubscriberOpaqueD3Reverse.xml
7 ms. Memory: 671744K Free: 581893K (87%)
----------------- Invoking toplevel() on ptolemy.moml.MoMLSimpleApplication@3736cbce
----------------- Done invoking toplevel() on ptolemy.moml.MoMLSimpleApplication@3736cbce
reloadAllAccessors: .PublisherSubscriberOpaqueD3Reverse

===========================================================================================
----------------- testing Mon May 11 14:23:54 UTC 2020 /home/travis/build/icyphy/ptII/ptolemy/actor/lib/test/auto/PublisherSubscriberOpaqueWidthInference.xml
----------------- Instantiating /home/travis/build/icyphy/ptII/ptolemy/actor/lib/test/auto/PublisherSubscriberOpaqueWidthInference.xml
5 ms. Memory: 671744K Free: 573687K (85%)
----------------- Invoking toplevel() on ptolemy.moml.MoMLSimpleApplication@63b45ce5
----------------- Done invoking toplevel() on ptolemy.moml.MoMLSimpleApplication@63b45ce5
reloadAllAccessors: .PublisherSubscriberOpaqueWidthInference

===========================================================================================
----------------- testing Mon May 11 14:23:54 UTC 2020 /home/travis/build/icyphy/ptII/ptolemy/actor/lib/test/auto/PublisherTestSubscriber.xml
----------------- Instantiating /home/travis/build/icyphy/ptII/ptolemy/actor/lib/test/auto/PublisherTestSubscriber.xml
3 ms. Memory: 671744K Free: 566023K (84%)
----------------- Invoking toplevel() on ptolemy.moml.MoMLSimpleApplication@102135fe
----------------- Done invoking toplevel() on ptolemy.moml.MoMLSimpleApplication@102135fe
reloadAllAccessors: .PublisherTestSubscriber

===========================================================================================
----------------- testing Mon May 11 14:23:54 UTC 2020 /home/travis/build/icyphy/ptII/ptolemy/actor/lib/test/auto/PublisherToplevelSubscriberPortAOC.xml
----------------- Instantiating /home/travis/build/icyphy/ptII/ptolemy/actor/lib/test/auto/PublisherToplevelSubscriberPortAOC.xml
2 ms. Memory: 671744K Free: 558855K (83%)
----------------- Invoking toplevel() on ptolemy.moml.MoMLSimpleApplication@560b2526
----------------- Done invoking toplevel() on ptolemy.moml.MoMLSimpleApplication@560b2526
reloadAllAccessors: .PublisherToplevelSubscriberPortAOC

===========================================================================================
----------------- testing Mon May 11 14:23:54 UTC 2020 /home/travis/build/icyphy/ptII/ptolemy/actor/lib/test/auto/PulseFiringLimitDE.xml
----------------- Instantiating /home/travis/build/icyphy/ptII/ptolemy/actor/lib/test/auto/PulseFiringLimitDE.xml
2 ms. Memory: 671744K Free: 552711K (82%)
----------------- Invoking toplevel() on ptolemy.moml.MoMLSimpleApplication@2148c96
----------------- Done invoking toplevel() on ptolemy.moml.MoMLSimpleApplication@2148c96
reloadAllAccessors: .PulseFiringLimitDE

===========================================================================================
----------------- testing Mon May 11 14:23:54 UTC 2020 /home/travis/build/icyphy/ptII/ptolemy/actor/lib/test/auto/Ramp1.xml
----------------- Instantiating /home/travis/build/icyphy/ptII/ptolemy/actor/lib/test/auto/Ramp1.xml
1 ms. Memory: 671744K Free: 548615K (82%)
----------------- Invoking toplevel() on ptolemy.moml.MoMLSimpleApplication@5f04ee5a
----------------- Done invoking toplevel() on ptolemy.moml.MoMLSimpleApplication@5f04ee5a
reloadAllAccessors: .Ramp1

===========================================================================================
----------------- testing Mon May 11 14:23:54 UTC 2020 /home/travis/build/icyphy/ptII/ptolemy/actor/lib/test/auto/RampFiringLimitDE.xml
----------------- Instantiating /home/travis/build/icyphy/ptII/ptolemy/actor/lib/test/auto/RampFiringLimitDE.xml
2 ms. Memory: 671744K Free: 542471K (81%)
----------------- Invoking toplevel() on ptolemy.moml.MoMLSimpleApplication@5f4d8f8c
----------------- Done invoking toplevel() on ptolemy.moml.MoMLSimpleApplication@5f4d8f8c
reloadAllAccessors: .RampFiringLimitDE

===========================================================================================
----------------- testing Mon May 11 14:23:54 UTC 2020 /home/travis/build/icyphy/ptII/ptolemy/actor/lib/test/auto/RampFiringLimitSDF.xml
----------------- Instantiating /home/travis/build/icyphy/ptII/ptolemy/actor/lib/test/auto/RampFiringLimitSDF.xml
2 ms. Memory: 671744K Free: 537351K (80%)
----------------- Invoking toplevel() on ptolemy.moml.MoMLSimpleApplication@4823f1b3
----------------- Done invoking toplevel() on ptolemy.moml.MoMLSimpleApplication@4823f1b3
reloadAllAccessors: .RampFiringLimitSDF

===========================================================================================
----------------- testing Mon May 11 14:23:54 UTC 2020 /home/travis/build/icyphy/ptII/ptolemy/actor/lib/test/auto/RandomInteger.xml
----------------- Instantiating /home/travis/build/icyphy/ptII/ptolemy/actor/lib/test/auto/RandomInteger.xml
2 ms. Memory: 671744K Free: 533255K (79%)
----------------- Invoking toplevel() on ptolemy.moml.MoMLSimpleApplication@374c0f55
----------------- Done invoking toplevel() on ptolemy.moml.MoMLSimpleApplication@374c0f55
reloadAllAccessors: .RandomInteger

===========================================================================================
----------------- testing Mon May 11 14:23:54 UTC 2020 /home/travis/build/icyphy/ptII/ptolemy/actor/lib/test/auto/ReadFile1.xml
----------------- Instantiating /home/travis/build/icyphy/ptII/ptolemy/actor/lib/test/auto/ReadFile1.xml
1 ms. Memory: 671744K Free: 528645K (79%)
----------------- Invoking toplevel() on ptolemy.moml.MoMLSimpleApplication@47df9149
----------------- Done invoking toplevel() on ptolemy.moml.MoMLSimpleApplication@47df9149
reloadAllAccessors: .ReadFile1

===========================================================================================
----------------- testing Mon May 11 14:23:54 UTC 2020 /home/travis/build/icyphy/ptII/ptolemy/actor/lib/test/auto/ReadFile2.xml
----------------- Instantiating /home/travis/build/icyphy/ptII/ptolemy/actor/lib/test/auto/ReadFile2.xml
2 ms. Memory: 671744K Free: 524039K (78%)
----------------- Invoking toplevel() on ptolemy.moml.MoMLSimpleApplication@1c41e34c
----------------- Done invoking toplevel() on ptolemy.moml.MoMLSimpleApplication@1c41e34c
reloadAllAccessors: .ReadFile2

===========================================================================================
----------------- testing Mon May 11 14:23:54 UTC 2020 /home/travis/build/icyphy/ptII/ptolemy/actor/lib/test/auto/Reader.xml
----------------- Instantiating /home/travis/build/icyphy/ptII/ptolemy/actor/lib/test/auto/Reader.xml
actor.lib.Reader is obsolete, use actor.lib.io.ExpressionReader instead
3 ms. Memory: 671744K Free: 519943K (77%)
----------------- Invoking toplevel() on ptolemy.moml.MoMLSimpleApplication@55e09908
----------------- Done invoking toplevel() on ptolemy.moml.MoMLSimpleApplication@55e09908
reloadAllAccessors: .Reader

===========================================================================================
----------------- testing Mon May 11 14:23:54 UTC 2020 /home/travis/build/icyphy/ptII/ptolemy/actor/lib/test/auto/RecordAssemblerDisplayNameTest.xml
----------------- Instantiating /home/travis/build/icyphy/ptII/ptolemy/actor/lib/test/auto/RecordAssemblerDisplayNameTest.xml
3174 ms. Memory: 671744K Free: 488199K (73%)
----------------- Invoking toplevel() on ptolemy.moml.MoMLSimpleApplication@550de32b
----------------- Done invoking toplevel() on ptolemy.moml.MoMLSimpleApplication@550de32b
reloadAllAccessors: .RecordAssemblerDisplayNameTest

===========================================================================================
----------------- testing Mon May 11 14:23:57 UTC 2020 /home/travis/build/icyphy/ptII/ptolemy/actor/lib/test/auto/RecordAssemblerTypeError.xml
----------------- Instantiating /home/travis/build/icyphy/ptII/ptolemy/actor/lib/test/auto/RecordAssemblerTypeError.xml
10 ms. Memory: 671744K Free: 478469K (71%)
----------------- Invoking toplevel() on ptolemy.moml.MoMLSimpleApplication@73bb5693
----------------- Done invoking toplevel() on ptolemy.moml.MoMLSimpleApplication@73bb5693
reloadAllAccessors: .RecordAssemblerTypeError

===========================================================================================
----------------- testing Mon May 11 14:23:57 UTC 2020 /home/travis/build/icyphy/ptII/ptolemy/actor/lib/test/auto/RecordDisassember.xml
----------------- Instantiating /home/travis/build/icyphy/ptII/ptolemy/actor/lib/test/auto/RecordDisassember.xml
3 ms. Memory: 671744K Free: 473863K (71%)
----------------- Invoking toplevel() on ptolemy.moml.MoMLSimpleApplication@6c41911f
----------------- Done invoking toplevel() on ptolemy.moml.MoMLSimpleApplication@6c41911f
reloadAllAccessors: .RecordDisassember

===========================================================================================
----------------- testing Mon May 11 14:23:57 UTC 2020 /home/travis/build/icyphy/ptII/ptolemy/actor/lib/test/auto/RecordDisassemberDisplayNameTest.xml
----------------- Instantiating /home/travis/build/icyphy/ptII/ptolemy/actor/lib/test/auto/RecordDisassemberDisplayNameTest.xml
12 ms. Memory: 671744K Free: 465671K (69%)
----------------- Invoking toplevel() on ptolemy.moml.MoMLSimpleApplication@3d41ed0
----------------- Done invoking toplevel() on ptolemy.moml.MoMLSimpleApplication@3d41ed0
reloadAllAccessors: .RecordDisassemberDisplayNameTest

===========================================================================================
----------------- testing Mon May 11 14:23:57 UTC 2020 /home/travis/build/icyphy/ptII/ptolemy/actor/lib/test/auto/RecordDisassembler.xml
----------------- Instantiating /home/travis/build/icyphy/ptII/ptolemy/actor/lib/test/auto/RecordDisassembler.xml
3 ms. Memory: 671744K Free: 460551K (69%)
----------------- Invoking toplevel() on ptolemy.moml.MoMLSimpleApplication@2a6cdd3e
----------------- Done invoking toplevel() on ptolemy.moml.MoMLSimpleApplication@2a6cdd3e
reloadAllAccessors: .RecordDisassembler

===========================================================================================
----------------- testing Mon May 11 14:23:57 UTC 2020 /home/travis/build/icyphy/ptII/ptolemy/actor/lib/test/auto/RecordDisassembler2.xml
----------------- Instantiating /home/travis/build/icyphy/ptII/ptolemy/actor/lib/test/auto/RecordDisassembler2.xml
3 ms. Memory: 671744K Free: 455431K (68%)
----------------- Invoking toplevel() on ptolemy.moml.MoMLSimpleApplication@2a3c3418
----------------- Done invoking toplevel() on ptolemy.moml.MoMLSimpleApplication@2a3c3418
reloadAllAccessors: .RecordDisassembler2

===========================================================================================
----------------- testing Mon May 11 14:23:57 UTC 2020 /home/travis/build/icyphy/ptII/ptolemy/actor/lib/test/auto/RecordUpdater.xml
----------------- Instantiating /home/travis/build/icyphy/ptII/ptolemy/actor/lib/test/auto/RecordUpdater.xml
2 ms. Memory: 671744K Free: 450821K (67%)
----------------- Invoking toplevel() on ptolemy.moml.MoMLSimpleApplication@19d0ecc8
----------------- Done invoking toplevel() on ptolemy.moml.MoMLSimpleApplication@19d0ecc8
reloadAllAccessors: .RecordUpdater

===========================================================================================
----------------- testing Mon May 11 14:23:57 UTC 2020 /home/travis/build/icyphy/ptII/ptolemy/actor/lib/test/auto/RecordUpdater2.xml
----------------- Instantiating /home/travis/build/icyphy/ptII/ptolemy/actor/lib/test/auto/RecordUpdater2.xml
2 ms. Memory: 671744K Free: 445701K (66%)
----------------- Invoking toplevel() on ptolemy.moml.MoMLSimpleApplication@6b4abca9
----------------- Done invoking toplevel() on ptolemy.moml.MoMLSimpleApplication@6b4abca9
reloadAllAccessors: .RecordUpdater2

===========================================================================================
----------------- testing Mon May 11 14:23:57 UTC 2020 /home/travis/build/icyphy/ptII/ptolemy/actor/lib/test/auto/RecursiveLattice.xml
----------------- Instantiating /home/travis/build/icyphy/ptII/ptolemy/actor/lib/test/auto/RecursiveLattice.xml
1 ms. Memory: 671744K Free: 441605K (66%)
----------------- Invoking toplevel() on ptolemy.moml.MoMLSimpleApplication@4d638931
----------------- Done invoking toplevel() on ptolemy.moml.MoMLSimpleApplication@4d638931
reloadAllAccessors: .RecursiveLattice

===========================================================================================
----------------- testing Mon May 11 14:23:57 UTC 2020 /home/travis/build/icyphy/ptII/ptolemy/actor/lib/test/auto/Router.xml
----------------- Instantiating /home/travis/build/icyphy/ptII/ptolemy/actor/lib/test/auto/Router.xml
3005 ms. Memory: 671744K Free: 430341K (64%)
----------------- Invoking toplevel() on ptolemy.moml.MoMLSimpleApplication@2740deaf
----------------- Done invoking toplevel() on ptolemy.moml.MoMLSimpleApplication@2740deaf
reloadAllAccessors: .Router

===========================================================================================
----------------- testing Mon May 11 14:24:00 UTC 2020 /home/travis/build/icyphy/ptII/ptolemy/actor/lib/test/auto/Router2.xml
----------------- Instantiating /home/travis/build/icyphy/ptII/ptolemy/actor/lib/test/auto/Router2.xml
3009 ms. Memory: 671744K Free: 419591K (62%)
----------------- Invoking toplevel() on ptolemy.moml.MoMLSimpleApplication@4b9c1eee
----------------- Done invoking toplevel() on ptolemy.moml.MoMLSimpleApplication@4b9c1eee
reloadAllAccessors: .Router2

===========================================================================================
----------------- testing Mon May 11 14:24:03 UTC 2020 /home/travis/build/icyphy/ptII/ptolemy/actor/lib/test/auto/RunningMaximum.xml
----------------- Instantiating /home/travis/build/icyphy/ptII/ptolemy/actor/lib/test/auto/RunningMaximum.xml
1 ms. Memory: 671744K Free: 414981K (62%)
----------------- Invoking toplevel() on ptolemy.moml.MoMLSimpleApplication@15e0a7d0
----------------- Done invoking toplevel() on ptolemy.moml.MoMLSimpleApplication@15e0a7d0
reloadAllAccessors: .RunningMaximum

===========================================================================================
----------------- testing Mon May 11 14:24:03 UTC 2020 /home/travis/build/icyphy/ptII/ptolemy/actor/lib/test/auto/RunningMinimum.xml
----------------- Instantiating /home/travis/build/icyphy/ptII/ptolemy/actor/lib/test/auto/RunningMinimum.xml
8 ms. Memory: 671744K Free: 410375K (61%)
----------------- Invoking toplevel() on ptolemy.moml.MoMLSimpleApplication@25d8c54b
----------------- Done invoking toplevel() on ptolemy.moml.MoMLSimpleApplication@25d8c54b
reloadAllAccessors: .RunningMinimum

===========================================================================================
----------------- testing Mon May 11 14:24:03 UTC 2020 /home/travis/build/icyphy/ptII/ptolemy/actor/lib/test/auto/Scale.xml
----------------- Instantiating /home/travis/build/icyphy/ptII/ptolemy/actor/lib/test/auto/Scale.xml
2 ms. Memory: 671744K Free: 405765K (60%)
----------------- Invoking toplevel() on ptolemy.moml.MoMLSimpleApplication@174bfd60
----------------- Done invoking toplevel() on ptolemy.moml.MoMLSimpleApplication@174bfd60
reloadAllAccessors: .Scale

===========================================================================================
----------------- testing Mon May 11 14:24:03 UTC 2020 /home/travis/build/icyphy/ptII/ptolemy/actor/lib/test/auto/Scale2.xml
----------------- Instantiating /home/travis/build/icyphy/ptII/ptolemy/actor/lib/test/auto/Scale2.xml
1 ms. Memory: 671744K Free: 400645K (60%)
----------------- Invoking toplevel() on ptolemy.moml.MoMLSimpleApplication@62667c47
----------------- Done invoking toplevel() on ptolemy.moml.MoMLSimpleApplication@62667c47
reloadAllAccessors: .Scale2

===========================================================================================
----------------- testing Mon May 11 14:24:04 UTC 2020 /home/travis/build/icyphy/ptII/ptolemy/actor/lib/test/auto/Scale3.xml
----------------- Instantiating /home/travis/build/icyphy/ptII/ptolemy/actor/lib/test/auto/Scale3.xml
7 ms. Memory: 671744K Free: 393991K (59%)
----------------- Invoking toplevel() on ptolemy.moml.MoMLSimpleApplication@33cec9d4
----------------- Done invoking toplevel() on ptolemy.moml.MoMLSimpleApplication@33cec9d4
reloadAllAccessors: .Scale3

===========================================================================================
----------------- testing Mon May 11 14:24:04 UTC 2020 /home/travis/build/icyphy/ptII/ptolemy/actor/lib/test/auto/ScaleArray.xml
----------------- Instantiating /home/travis/build/icyphy/ptII/ptolemy/actor/lib/test/auto/ScaleArray.xml
1 ms. Memory: 671744K Free: 389381K (58%)
----------------- Invoking toplevel() on ptolemy.moml.MoMLSimpleApplication@7cdae4fa
----------------- Done invoking toplevel() on ptolemy.moml.MoMLSimpleApplication@7cdae4fa
reloadAllAccessors: .ScaleArray

===========================================================================================
----------------- testing Mon May 11 14:24:04 UTC 2020 /home/travis/build/icyphy/ptII/ptolemy/actor/lib/test/auto/ScaleArray2.xml
----------------- Instantiating /home/travis/build/icyphy/ptII/ptolemy/actor/lib/test/auto/ScaleArray2.xml
1 ms. Memory: 671744K Free: 384775K (57%)
----------------- Invoking toplevel() on ptolemy.moml.MoMLSimpleApplication@23ca3c7c
----------------- Done invoking toplevel() on ptolemy.moml.MoMLSimpleApplication@23ca3c7c
reloadAllAccessors: .ScaleArray2

===========================================================================================
----------------- testing Mon May 11 14:24:04 UTC 2020 /home/travis/build/icyphy/ptII/ptolemy/actor/lib/test/auto/ScaleMatrix.xml
----------------- Instantiating /home/travis/build/icyphy/ptII/ptolemy/actor/lib/test/auto/ScaleMatrix.xml
139 ms. Memory: 671744K Free: 370949K (55%)
----------------- Invoking toplevel() on ptolemy.moml.MoMLSimpleApplication@207bf12d
----------------- Done invoking toplevel() on ptolemy.moml.MoMLSimpleApplication@207bf12d
reloadAllAccessors: .ScaleMatrix

===========================================================================================
----------------- testing Mon May 11 14:24:04 UTC 2020 /home/travis/build/icyphy/ptII/ptolemy/actor/lib/test/auto/Select.xml
----------------- Instantiating /home/travis/build/icyphy/ptII/ptolemy/actor/lib/test/auto/Select.xml
3 ms. Memory: 671744K Free: 364295K (54%)
----------------- Invoking toplevel() on ptolemy.moml.MoMLSimpleApplication@160aec65
----------------- Done invoking toplevel() on ptolemy.moml.MoMLSimpleApplication@160aec65
reloadAllAccessors: .Select

===========================================================================================
----------------- testing Mon May 11 14:24:04 UTC 2020 /home/travis/build/icyphy/ptII/ptolemy/actor/lib/test/auto/Select2.xml
----------------- Instantiating /home/travis/build/icyphy/ptII/ptolemy/actor/lib/test/auto/Select2.xml
1 ms. Memory: 671744K Free: 359685K (54%)
----------------- Invoking toplevel() on ptolemy.moml.MoMLSimpleApplication@5f6d7554
----------------- Done invoking toplevel() on ptolemy.moml.MoMLSimpleApplication@5f6d7554
reloadAllAccessors: .Select2

===========================================================================================
----------------- testing Mon May 11 14:24:04 UTC 2020 /home/travis/build/icyphy/ptII/ptolemy/actor/lib/test/auto/SequenceToArray2.xml
----------------- Instantiating /home/travis/build/icyphy/ptII/ptolemy/actor/lib/test/auto/SequenceToArray2.xml
118 ms. Memory: 671744K Free: 335621K (50%)
----------------- Invoking toplevel() on ptolemy.moml.MoMLSimpleApplication@6ac7541f
----------------- Done invoking toplevel() on ptolemy.moml.MoMLSimpleApplication@6ac7541f
reloadAllAccessors: .SequenceToArray2

===========================================================================================
----------------- testing Mon May 11 14:24:04 UTC 2020 /home/travis/build/icyphy/ptII/ptolemy/actor/lib/test/auto/SequentialClock.xml
----------------- Instantiating /home/travis/build/icyphy/ptII/ptolemy/actor/lib/test/auto/SequentialClock.xml
2 ms. Memory: 671744K Free: 331527K (49%)
----------------- Invoking toplevel() on ptolemy.moml.MoMLSimpleApplication@1004958a
----------------- Done invoking toplevel() on ptolemy.moml.MoMLSimpleApplication@1004958a
reloadAllAccessors: .SequentialClock

===========================================================================================
----------------- testing Mon May 11 14:24:04 UTC 2020 /home/travis/build/icyphy/ptII/ptolemy/actor/lib/test/auto/SetVariable.xml
----------------- Instantiating /home/travis/build/icyphy/ptII/ptolemy/actor/lib/test/auto/SetVariable.xml
3 ms. Memory: 671744K Free: 326917K (49%)
----------------- Invoking toplevel() on ptolemy.moml.MoMLSimpleApplication@5b3e5986
----------------- Done invoking toplevel() on ptolemy.moml.MoMLSimpleApplication@5b3e5986
reloadAllAccessors: .SetVariable

===========================================================================================
----------------- testing Mon May 11 14:24:04 UTC 2020 /home/travis/build/icyphy/ptII/ptolemy/actor/lib/test/auto/SetVariable2.xml
----------------- Instantiating /home/travis/build/icyphy/ptII/ptolemy/actor/lib/test/auto/SetVariable2.xml
5 ms. Memory: 671744K Free: 321287K (48%)
----------------- Invoking toplevel() on ptolemy.moml.MoMLSimpleApplication@2a982eb5
----------------- Done invoking toplevel() on ptolemy.moml.MoMLSimpleApplication@2a982eb5
reloadAllAccessors: .SetVariable2

===========================================================================================
----------------- testing Mon May 11 14:24:04 UTC 2020 /home/travis/build/icyphy/ptII/ptolemy/actor/lib/test/auto/SetVariable3.xml
----------------- Instantiating /home/travis/build/icyphy/ptII/ptolemy/actor/lib/test/auto/SetVariable3.xml
6 ms. Memory: 671744K Free: 316167K (47%)
----------------- Invoking toplevel() on ptolemy.moml.MoMLSimpleApplication@10ffaefa
----------------- Done invoking toplevel() on ptolemy.moml.MoMLSimpleApplication@10ffaefa
reloadAllAccessors: .SetVariable3

===========================================================================================
----------------- testing Mon May 11 14:24:04 UTC 2020 /home/travis/build/icyphy/ptII/ptolemy/actor/lib/test/auto/SetVariable4.xml
----------------- Instantiating /home/travis/build/icyphy/ptII/ptolemy/actor/lib/test/auto/SetVariable4.xml
15 ms. Memory: 671744K Free: 306949K (46%)
----------------- Invoking toplevel() on ptolemy.moml.MoMLSimpleApplication@417c5b1
----------------- Done invoking toplevel() on ptolemy.moml.MoMLSimpleApplication@417c5b1
reloadAllAccessors: .SetVariable4

===========================================================================================
----------------- testing Mon May 11 14:24:04 UTC 2020 /home/travis/build/icyphy/ptII/ptolemy/actor/lib/test/auto/SetVariable5.xml
----------------- Instantiating /home/travis/build/icyphy/ptII/ptolemy/actor/lib/test/auto/SetVariable5.xml
20 ms. Memory: 671744K Free: 297735K (44%)
----------------- Invoking toplevel() on ptolemy.moml.MoMLSimpleApplication@3b52b0d3
----------------- Done invoking toplevel() on ptolemy.moml.MoMLSimpleApplication@3b52b0d3
reloadAllAccessors: .SetVariable5

===========================================================================================
----------------- testing Mon May 11 14:24:04 UTC 2020 /home/travis/build/icyphy/ptII/ptolemy/actor/lib/test/auto/Sinewave.xml
----------------- Instantiating /home/travis/build/icyphy/ptII/ptolemy/actor/lib/test/auto/Sinewave.xml
7 ms. Memory: 671744K Free: 286471K (43%)
----------------- Invoking toplevel() on ptolemy.moml.MoMLSimpleApplication@4621a740
----------------- Done invoking toplevel() on ptolemy.moml.MoMLSimpleApplication@4621a740
reloadAllAccessors: .Sinewave

===========================================================================================
----------------- testing Mon May 11 14:24:04 UTC 2020 /home/travis/build/icyphy/ptII/ptolemy/actor/lib/test/auto/Sinewave2.xml
----------------- Instantiating /home/travis/build/icyphy/ptII/ptolemy/actor/lib/test/auto/Sinewave2.xml
6 ms. Memory: 671744K Free: 278279K (41%)
----------------- Invoking toplevel() on ptolemy.moml.MoMLSimpleApplication@5fd9e3d0
----------------- Done invoking toplevel() on ptolemy.moml.MoMLSimpleApplication@5fd9e3d0
reloadAllAccessors: .Sinewave2

===========================================================================================
----------------- testing Mon May 11 14:24:04 UTC 2020 /home/travis/build/icyphy/ptII/ptolemy/actor/lib/test/auto/Sinewave3.xml
----------------- Instantiating /home/travis/build/icyphy/ptII/ptolemy/actor/lib/test/auto/Sinewave3.xml
11 ms. Memory: 671744K Free: 270087K (40%)
----------------- Invoking toplevel() on ptolemy.moml.MoMLSimpleApplication@69ae190f
----------------- Done invoking toplevel() on ptolemy.moml.MoMLSimpleApplication@69ae190f
reloadAllAccessors: .Sinewave3

===========================================================================================
----------------- testing Mon May 11 14:24:04 UTC 2020 /home/travis/build/icyphy/ptII/ptolemy/actor/lib/test/auto/SingleEvent.xml
----------------- Instantiating /home/travis/build/icyphy/ptII/ptolemy/actor/lib/test/auto/SingleEvent.xml
1 ms. Memory: 671744K Free: 265991K (40%)
----------------- Invoking toplevel() on ptolemy.moml.MoMLSimpleApplication@426dd869
----------------- Done invoking toplevel() on ptolemy.moml.MoMLSimpleApplication@426dd869
reloadAllAccessors: .SingleEvent

===========================================================================================
----------------- testing Mon May 11 14:24:04 UTC 2020 /home/travis/build/icyphy/ptII/ptolemy/actor/lib/test/auto/Sleep.xml
----------------- Instantiating /home/travis/build/icyphy/ptII/ptolemy/actor/lib/test/auto/Sleep.xml
6003 ms. Memory: 671744K Free: 259333K (39%)
----------------- Invoking toplevel() on ptolemy.moml.MoMLSimpleApplication@48521e76
----------------- Done invoking toplevel() on ptolemy.moml.MoMLSimpleApplication@48521e76
reloadAllAccessors: .Sleep

===========================================================================================
----------------- testing Mon May 11 14:24:10 UTC 2020 /home/travis/build/icyphy/ptII/ptolemy/actor/lib/test/auto/SleepMultipleFire.xml
----------------- Instantiating /home/travis/build/icyphy/ptII/ptolemy/actor/lib/test/auto/SleepMultipleFire.xml
1007 ms. Memory: 671744K Free: 253703K (38%)
----------------- Invoking toplevel() on ptolemy.moml.MoMLSimpleApplication@552e9f54
----------------- Done invoking toplevel() on ptolemy.moml.MoMLSimpleApplication@552e9f54
reloadAllAccessors: .SleepMultipleFire

===========================================================================================
----------------- testing Mon May 11 14:24:11 UTC 2020 /home/travis/build/icyphy/ptII/ptolemy/actor/lib/test/auto/StopDE.xml
----------------- Instantiating /home/travis/build/icyphy/ptII/ptolemy/actor/lib/test/auto/StopDE.xml
5 ms. Memory: 671744K Free: 248069K (37%)
----------------- Invoking toplevel() on ptolemy.moml.MoMLSimpleApplication@60dea825
----------------- Done invoking toplevel() on ptolemy.moml.MoMLSimpleApplication@60dea825
reloadAllAccessors: .StopDE

===========================================================================================
----------------- testing Mon May 11 14:24:11 UTC 2020 /home/travis/build/icyphy/ptII/ptolemy/actor/lib/test/auto/StopSDF.xml
----------------- Instantiating /home/travis/build/icyphy/ptII/ptolemy/actor/lib/test/auto/StopSDF.xml
6 ms. Memory: 671744K Free: 242949K (36%)
----------------- Invoking toplevel() on ptolemy.moml.MoMLSimpleApplication@203e4659
----------------- Done invoking toplevel() on ptolemy.moml.MoMLSimpleApplication@203e4659
reloadAllAccessors: .StopSDF

===========================================================================================
----------------- testing Mon May 11 14:24:11 UTC 2020 /home/travis/build/icyphy/ptII/ptolemy/actor/lib/test/auto/StringConstant.xml
----------------- Instantiating /home/travis/build/icyphy/ptII/ptolemy/actor/lib/test/auto/StringConstant.xml
9 ms. Memory: 671744K Free: 238343K (35%)
----------------- Invoking toplevel() on ptolemy.moml.MoMLSimpleApplication@293b3715
----------------- Done invoking toplevel() on ptolemy.moml.MoMLSimpleApplication@293b3715
reloadAllAccessors: .StringConstant

===========================================================================================
----------------- testing Mon May 11 14:24:11 UTC 2020 /home/travis/build/icyphy/ptII/ptolemy/actor/lib/test/auto/SubscriberPortInitialValues1.xml
----------------- Instantiating /home/travis/build/icyphy/ptII/ptolemy/actor/lib/test/auto/SubscriberPortInitialValues1.xml
9 ms. Memory: 671744K Free: 229637K (34%)
----------------- Invoking toplevel() on ptolemy.moml.MoMLSimpleApplication@5249ac7
----------------- Done invoking toplevel() on ptolemy.moml.MoMLSimpleApplication@5249ac7
reloadAllAccessors: .SubscriberPortInitialValues1

===========================================================================================
----------------- testing Mon May 11 14:24:11 UTC 2020 /home/travis/build/icyphy/ptII/ptolemy/actor/lib/test/auto/SubscriberPortInitialValues13.xml
----------------- Instantiating /home/travis/build/icyphy/ptII/ptolemy/actor/lib/test/auto/SubscriberPortInitialValues13.xml
6 ms. Memory: 671744K Free: 610551K (91%)
----------------- Invoking toplevel() on ptolemy.moml.MoMLSimpleApplication@9116594
----------------- Done invoking toplevel() on ptolemy.moml.MoMLSimpleApplication@9116594
reloadAllAccessors: .SubscriberPortInitialValues13

===========================================================================================
----------------- testing Mon May 11 14:24:11 UTC 2020 /home/travis/build/icyphy/ptII/ptolemy/actor/lib/test/auto/SubscriberPortInitialValues14.xml
----------------- Instantiating /home/travis/build/icyphy/ptII/ptolemy/actor/lib/test/auto/SubscriberPortInitialValues14.xml
6 ms. Memory: 671744K Free: 602373K (90%)
----------------- Invoking toplevel() on ptolemy.moml.MoMLSimpleApplication@719e3fbe
----------------- Done invoking toplevel() on ptolemy.moml.MoMLSimpleApplication@719e3fbe
reloadAllAccessors: .SubscriberPortInitialValues14

===========================================================================================
----------------- testing Mon May 11 14:24:11 UTC 2020 /home/travis/build/icyphy/ptII/ptolemy/actor/lib/test/auto/SubscriberPortInitialValues2.xml
----------------- Instantiating /home/travis/build/icyphy/ptII/ptolemy/actor/lib/test/auto/SubscriberPortInitialValues2.xml
4 ms. Memory: 671744K Free: 594695K (89%)
----------------- Invoking toplevel() on ptolemy.moml.MoMLSimpleApplication@2231b927
----------------- Done invoking toplevel() on ptolemy.moml.MoMLSimpleApplication@2231b927
reloadAllAccessors: .SubscriberPortInitialValues2

===========================================================================================
----------------- testing Mon May 11 14:24:11 UTC 2020 /home/travis/build/icyphy/ptII/ptolemy/actor/lib/test/auto/SubscriberPortInitialValues3.xml
----------------- Instantiating /home/travis/build/icyphy/ptII/ptolemy/actor/lib/test/auto/SubscriberPortInitialValues3.xml
4 ms. Memory: 671744K Free: 583941K (87%)
----------------- Invoking toplevel() on ptolemy.moml.MoMLSimpleApplication@21c987ad
----------------- Done invoking toplevel() on ptolemy.moml.MoMLSimpleApplication@21c987ad
reloadAllAccessors: .SubscriberPortInitialValues3

===========================================================================================
----------------- testing Mon May 11 14:24:11 UTC 2020 /home/travis/build/icyphy/ptII/ptolemy/actor/lib/test/auto/SubscriptionAggregator.xml
----------------- Instantiating /home/travis/build/icyphy/ptII/ptolemy/actor/lib/test/auto/SubscriptionAggregator.xml
2 ms. Memory: 671744K Free: 576767K (86%)
----------------- Invoking toplevel() on ptolemy.moml.MoMLSimpleApplication@5e6eee87
----------------- Done invoking toplevel() on ptolemy.moml.MoMLSimpleApplication@5e6eee87
reloadAllAccessors: .SubscriptionAggregator

===========================================================================================
----------------- testing Mon May 11 14:24:11 UTC 2020 /home/travis/build/icyphy/ptII/ptolemy/actor/lib/test/auto/SubscriptionAggregator2.xml
----------------- Instantiating /home/travis/build/icyphy/ptII/ptolemy/actor/lib/test/auto/SubscriptionAggregator2.xml
2 ms. Memory: 671744K Free: 570119K (85%)
----------------- Invoking toplevel() on ptolemy.moml.MoMLSimpleApplication@78cbf1c9
----------------- Done invoking toplevel() on ptolemy.moml.MoMLSimpleApplication@78cbf1c9
reloadAllAccessors: .SubscriptionAggregator2

===========================================================================================
----------------- testing Mon May 11 14:24:11 UTC 2020 /home/travis/build/icyphy/ptII/ptolemy/actor/lib/test/auto/SubscriptionAggregator3.xml
----------------- Instantiating /home/travis/build/icyphy/ptII/ptolemy/actor/lib/test/auto/SubscriptionAggregator3.xml
3 ms. Memory: 671744K Free: 561407K (84%)
----------------- Invoking toplevel() on ptolemy.moml.MoMLSimpleApplication@69e30579
----------------- Done invoking toplevel() on ptolemy.moml.MoMLSimpleApplication@69e30579
reloadAllAccessors: .SubscriptionAggregator3

===========================================================================================
----------------- testing Mon May 11 14:24:11 UTC 2020 /home/travis/build/icyphy/ptII/ptolemy/actor/lib/test/auto/SubscriptionAggregatorMultiply.xml
----------------- Instantiating /home/travis/build/icyphy/ptII/ptolemy/actor/lib/test/auto/SubscriptionAggregatorMultiply.xml
12 ms. Memory: 671744K Free: 553221K (82%)
----------------- Invoking toplevel() on ptolemy.moml.MoMLSimpleApplication@40a19fc8
----------------- Done invoking toplevel() on ptolemy.moml.MoMLSimpleApplication@40a19fc8
reloadAllAccessors: .SubscriptionAggregatorMultiply

===========================================================================================
----------------- testing Mon May 11 14:24:11 UTC 2020 /home/travis/build/icyphy/ptII/ptolemy/actor/lib/test/auto/SubscriptionAggregatorPortMultiply1.xml
----------------- Instantiating /home/travis/build/icyphy/ptII/ptolemy/actor/lib/test/auto/SubscriptionAggregatorPortMultiply1.xml
3 ms. Memory: 671744K Free: 544519K (81%)
----------------- Invoking toplevel() on ptolemy.moml.MoMLSimpleApplication@718acc06
----------------- Done invoking toplevel() on ptolemy.moml.MoMLSimpleApplication@718acc06
reloadAllAccessors: .SubscriptionAggregatorPortMultiply1

===========================================================================================
----------------- testing Mon May 11 14:24:11 UTC 2020 /home/travis/build/icyphy/ptII/ptolemy/actor/lib/test/auto/Switch.xml
----------------- Instantiating /home/travis/build/icyphy/ptII/ptolemy/actor/lib/test/auto/Switch.xml
7 ms. Memory: 671744K Free: 536327K (80%)
----------------- Invoking toplevel() on ptolemy.moml.MoMLSimpleApplication@3a573b74
----------------- Done invoking toplevel() on ptolemy.moml.MoMLSimpleApplication@3a573b74
reloadAllAccessors: .Switch

===========================================================================================
----------------- testing Mon May 11 14:24:11 UTC 2020 /home/travis/build/icyphy/ptII/ptolemy/actor/lib/test/auto/Switch2.xml
----------------- Instantiating /home/travis/build/icyphy/ptII/ptolemy/actor/lib/test/auto/Switch2.xml
2 ms. Memory: 671744K Free: 531717K (79%)
----------------- Invoking toplevel() on ptolemy.moml.MoMLSimpleApplication@5b093efb
----------------- Done invoking toplevel() on ptolemy.moml.MoMLSimpleApplication@5b093efb
reloadAllAccessors: .Switch2

===========================================================================================
----------------- testing Mon May 11 14:24:12 UTC 2020 /home/travis/build/icyphy/ptII/ptolemy/actor/lib/test/auto/SwitchDE.xml
----------------- Instantiating /home/travis/build/icyphy/ptII/ptolemy/actor/lib/test/auto/SwitchDE.xml
3 ms. Memory: 671744K Free: 525063K (78%)
----------------- Invoking toplevel() on ptolemy.moml.MoMLSimpleApplication@6a3a1377
----------------- Done invoking toplevel() on ptolemy.moml.MoMLSimpleApplication@6a3a1377
reloadAllAccessors: .SwitchDE

===========================================================================================
----------------- testing Mon May 11 14:24:12 UTC 2020 /home/travis/build/icyphy/ptII/ptolemy/actor/lib/test/auto/SynchronizerDE.xml
----------------- Instantiating /home/travis/build/icyphy/ptII/ptolemy/actor/lib/test/auto/SynchronizerDE.xml
8 ms. Memory: 671744K Free: 516871K (77%)
----------------- Invoking toplevel() on ptolemy.moml.MoMLSimpleApplication@76d4f9a5
----------------- Done invoking toplevel() on ptolemy.moml.MoMLSimpleApplication@76d4f9a5
reloadAllAccessors: .SynchronizerDE

===========================================================================================
----------------- testing Mon May 11 14:24:12 UTC 2020 /home/travis/build/icyphy/ptII/ptolemy/actor/lib/test/auto/Test.xml
----------------- Instantiating /home/travis/build/icyphy/ptII/ptolemy/actor/lib/test/auto/Test.xml
8 ms. Memory: 671744K Free: 511751K (76%)
----------------- Invoking toplevel() on ptolemy.moml.MoMLSimpleApplication@cd8f43c
----------------- Done invoking toplevel() on ptolemy.moml.MoMLSimpleApplication@cd8f43c
reloadAllAccessors: .Test

===========================================================================================
----------------- testing Mon May 11 14:24:12 UTC 2020 /home/travis/build/icyphy/ptII/ptolemy/actor/lib/test/auto/TestExceptionAttribute1.xml
----------------- Instantiating /home/travis/build/icyphy/ptII/ptolemy/actor/lib/test/auto/TestExceptionAttribute1.xml
1 ms. Memory: 671744K Free: 507655K (76%)
----------------- Invoking toplevel() on ptolemy.moml.MoMLSimpleApplication@1f428883
----------------- Done invoking toplevel() on ptolemy.moml.MoMLSimpleApplication@1f428883
reloadAllAccessors: .TestExceptionAttribute1

===========================================================================================
----------------- testing Mon May 11 14:24:12 UTC 2020 /home/travis/build/icyphy/ptII/ptolemy/actor/lib/test/auto/TestExceptionAttribute2.xml
----------------- Instantiating /home/travis/build/icyphy/ptII/ptolemy/actor/lib/test/auto/TestExceptionAttribute2.xml
2 ms. Memory: 671744K Free: 504069K (75%)
----------------- Invoking toplevel() on ptolemy.moml.MoMLSimpleApplication@6ca13c19
----------------- Done invoking toplevel() on ptolemy.moml.MoMLSimpleApplication@6ca13c19
reloadAllAccessors: .TestExceptionAttribute2

===========================================================================================
----------------- testing Mon May 11 14:24:12 UTC 2020 /home/travis/build/icyphy/ptII/ptolemy/actor/lib/test/auto/TestExceptionAttribute3.xml
----------------- Instantiating /home/travis/build/icyphy/ptII/ptolemy/actor/lib/test/auto/TestExceptionAttribute3.xml
.TestExceptionAttribute3.TestExceptionAttribute: initialize() was not invoked, but wrapup() was.  This is unusual, but not always a problem.  For example, exporting JNLP will do this.
1 ms. Memory: 671744K Free: 500487K (75%)
----------------- Invoking toplevel() on ptolemy.moml.MoMLSimpleApplication@7bf9267f
----------------- Done invoking toplevel() on ptolemy.moml.MoMLSimpleApplication@7bf9267f
reloadAllAccessors: .TestExceptionAttribute3

===========================================================================================
----------------- testing Mon May 11 14:24:12 UTC 2020 /home/travis/build/icyphy/ptII/ptolemy/actor/lib/test/auto/TestExceptionAttribute4.xml
----------------- Instantiating /home/travis/build/icyphy/ptII/ptolemy/actor/lib/test/auto/TestExceptionAttribute4.xml
.TestExceptionAttribute4.TestExceptionAttribute: initialize() was not invoked, but wrapup() was.  This is unusual, but not always a problem.  For example, exporting JNLP will do this.
.TestExceptionAttribute4.TestExceptionAttribute2: initialize() was not invoked, but wrapup() was.  This is unusual, but not always a problem.  For example, exporting JNLP will do this.
1 ms. Memory: 671744K Free: 496391K (74%)
----------------- Invoking toplevel() on ptolemy.moml.MoMLSimpleApplication@3cb6c966
----------------- Done invoking toplevel() on ptolemy.moml.MoMLSimpleApplication@3cb6c966
reloadAllAccessors: .TestExceptionAttribute4

===========================================================================================
----------------- testing Mon May 11 14:24:12 UTC 2020 /home/travis/build/icyphy/ptII/ptolemy/actor/lib/test/auto/TestExceptionHandler1.xml
----------------- Instantiating /home/travis/build/icyphy/ptII/ptolemy/actor/lib/test/auto/TestExceptionHandler1.xml
1 ms. Memory: 671744K Free: 492295K (73%)
----------------- Invoking toplevel() on ptolemy.moml.MoMLSimpleApplication@a7df9e5
----------------- Done invoking toplevel() on ptolemy.moml.MoMLSimpleApplication@a7df9e5
reloadAllAccessors: .TestExceptionHandler1

===========================================================================================
----------------- testing Mon May 11 14:24:12 UTC 2020 /home/travis/build/icyphy/ptII/ptolemy/actor/lib/test/auto/TestExceptionHandler2.xml
----------------- Instantiating /home/travis/build/icyphy/ptII/ptolemy/actor/lib/test/auto/TestExceptionHandler2.xml
1 ms. Memory: 671744K Free: 488709K (73%)
----------------- Invoking toplevel() on ptolemy.moml.MoMLSimpleApplication@e4b6be1
----------------- Done invoking toplevel() on ptolemy.moml.MoMLSimpleApplication@e4b6be1
reloadAllAccessors: .TestExceptionHandler2

===========================================================================================
----------------- testing Mon May 11 14:24:12 UTC 2020 /home/travis/build/icyphy/ptII/ptolemy/actor/lib/test/auto/TestExceptionHandler3.xml
----------------- Instantiating /home/travis/build/icyphy/ptII/ptolemy/actor/lib/test/auto/TestExceptionHandler3.xml
1 ms. Memory: 671744K Free: 485127K (72%)
----------------- Invoking toplevel() on ptolemy.moml.MoMLSimpleApplication@5ed533b9
----------------- Done invoking toplevel() on ptolemy.moml.MoMLSimpleApplication@5ed533b9
reloadAllAccessors: .TestExceptionHandler3

===========================================================================================
----------------- testing Mon May 11 14:24:12 UTC 2020 /home/travis/build/icyphy/ptII/ptolemy/actor/lib/test/auto/TestExceptionHandler4.xml
----------------- Instantiating /home/travis/build/icyphy/ptII/ptolemy/actor/lib/test/auto/TestExceptionHandler4.xml
1 ms. Memory: 671744K Free: 480517K (72%)
----------------- Invoking toplevel() on ptolemy.moml.MoMLSimpleApplication@5847bec8
----------------- Done invoking toplevel() on ptolemy.moml.MoMLSimpleApplication@5847bec8
reloadAllAccessors: .TestExceptionHandler4

===========================================================================================
----------------- testing Mon May 11 14:24:12 UTC 2020 /home/travis/build/icyphy/ptII/ptolemy/actor/lib/test/auto/TestRequireCorrectOrder.xml
----------------- Instantiating /home/travis/build/icyphy/ptII/ptolemy/actor/lib/test/auto/TestRequireCorrectOrder.xml
2 ms. Memory: 671744K Free: 475391K (71%)
----------------- Invoking toplevel() on ptolemy.moml.MoMLSimpleApplication@75e631d9
----------------- Done invoking toplevel() on ptolemy.moml.MoMLSimpleApplication@75e631d9
reloadAllAccessors: .TestRequireCorrectOrder

===========================================================================================
----------------- testing Mon May 11 14:24:12 UTC 2020 /home/travis/build/icyphy/ptII/ptolemy/actor/lib/test/auto/TestSimple.xml
----------------- Instantiating /home/travis/build/icyphy/ptII/ptolemy/actor/lib/test/auto/TestSimple.xml
1 ms. Memory: 671744K Free: 471301K (70%)
----------------- Invoking toplevel() on ptolemy.moml.MoMLSimpleApplication@57caaac9
----------------- Done invoking toplevel() on ptolemy.moml.MoMLSimpleApplication@57caaac9
reloadAllAccessors: .TestSimple

===========================================================================================
----------------- testing Mon May 11 14:24:12 UTC 2020 /home/travis/build/icyphy/ptII/ptolemy/actor/lib/test/auto/ThrowModelError.xml
----------------- Instantiating /home/travis/build/icyphy/ptII/ptolemy/actor/lib/test/auto/ThrowModelError.xml
1 ms. Memory: 671744K Free: 465671K (69%)
----------------- Invoking toplevel() on ptolemy.moml.MoMLSimpleApplication@2b380559
----------------- Done invoking toplevel() on ptolemy.moml.MoMLSimpleApplication@2b380559
reloadAllAccessors: .ThrowModelError

===========================================================================================
----------------- testing Mon May 11 14:24:12 UTC 2020 /home/travis/build/icyphy/ptII/ptolemy/actor/lib/test/auto/TimeDelayMicrosteps.xml
----------------- Instantiating /home/travis/build/icyphy/ptII/ptolemy/actor/lib/test/auto/TimeDelayMicrosteps.xml
4 ms. Memory: 671744K Free: 458983K (68%)
----------------- Invoking toplevel() on ptolemy.moml.MoMLSimpleApplication@6150d2a5
----------------- Done invoking toplevel() on ptolemy.moml.MoMLSimpleApplication@6150d2a5
reloadAllAccessors: .TimeDelayMicrosteps

===========================================================================================
----------------- testing Mon May 11 14:24:12 UTC 2020 /home/travis/build/icyphy/ptII/ptolemy/actor/lib/test/auto/TimeDelayMicrosteps2.xml
----------------- Instantiating /home/travis/build/icyphy/ptII/ptolemy/actor/lib/test/auto/TimeDelayMicrosteps2.xml
4 ms. Memory: 671744K Free: 451815K (67%)
----------------- Invoking toplevel() on ptolemy.moml.MoMLSimpleApplication@1d698737
----------------- Done invoking toplevel() on ptolemy.moml.MoMLSimpleApplication@1d698737
reloadAllAccessors: .TimeDelayMicrosteps2

===========================================================================================
----------------- testing Mon May 11 14:24:12 UTC 2020 /home/travis/build/icyphy/ptII/ptolemy/actor/lib/test/auto/TimeDelayMicrosteps3.xml
----------------- Instantiating /home/travis/build/icyphy/ptII/ptolemy/actor/lib/test/auto/TimeDelayMicrosteps3.xml
3 ms. Memory: 671744K Free: 444647K (66%)
----------------- Invoking toplevel() on ptolemy.moml.MoMLSimpleApplication@253517f
----------------- Done invoking toplevel() on ptolemy.moml.MoMLSimpleApplication@253517f
reloadAllAccessors: .TimeDelayMicrosteps3

===========================================================================================
----------------- testing Mon May 11 14:24:12 UTC 2020 /home/travis/build/icyphy/ptII/ptolemy/actor/lib/test/auto/TimeDelayVariableMicrosteps.xml
----------------- Instantiating /home/travis/build/icyphy/ptII/ptolemy/actor/lib/test/auto/TimeDelayVariableMicrosteps.xml
3 ms. Memory: 671744K Free: 438023K (65%)
----------------- Invoking toplevel() on ptolemy.moml.MoMLSimpleApplication@6ee2e8ca
----------------- Done invoking toplevel() on ptolemy.moml.MoMLSimpleApplication@6ee2e8ca
reloadAllAccessors: .TimeDelayVariableMicrosteps

===========================================================================================
----------------- testing Mon May 11 14:24:12 UTC 2020 /home/travis/build/icyphy/ptII/ptolemy/actor/lib/test/auto/TimeGap.xml
----------------- Instantiating /home/travis/build/icyphy/ptII/ptolemy/actor/lib/test/auto/TimeGap.xml
3 ms. Memory: 671744K Free: 432375K (64%)
----------------- Invoking toplevel() on ptolemy.moml.MoMLSimpleApplication@28ae566c
----------------- Done invoking toplevel() on ptolemy.moml.MoMLSimpleApplication@28ae566c
reloadAllAccessors: .TimeGap

===========================================================================================
----------------- testing Mon May 11 14:24:12 UTC 2020 /home/travis/build/icyphy/ptII/ptolemy/actor/lib/test/auto/TimeGap2.xml
----------------- Instantiating /home/travis/build/icyphy/ptII/ptolemy/actor/lib/test/auto/TimeGap2.xml
1 ms. Memory: 671744K Free: 426759K (64%)
----------------- Invoking toplevel() on ptolemy.moml.MoMLSimpleApplication@70a2b5be
----------------- Done invoking toplevel() on ptolemy.moml.MoMLSimpleApplication@70a2b5be
reloadAllAccessors: .TimeGap2

===========================================================================================
----------------- testing Mon May 11 14:24:12 UTC 2020 /home/travis/build/icyphy/ptII/ptolemy/actor/lib/test/auto/TimedSinewave.xml
----------------- Instantiating /home/travis/build/icyphy/ptII/ptolemy/actor/lib/test/auto/TimedSinewave.xml
22 ms. Memory: 671744K Free: 412423K (61%)
----------------- Invoking toplevel() on ptolemy.moml.MoMLSimpleApplication@39e2a32
----------------- Done invoking toplevel() on ptolemy.moml.MoMLSimpleApplication@39e2a32
reloadAllAccessors: .TimedSinewave

===========================================================================================
----------------- testing Mon May 11 14:24:12 UTC 2020 /home/travis/build/icyphy/ptII/ptolemy/actor/lib/test/auto/TimedSinewavePhase.xml
----------------- Instantiating /home/travis/build/icyphy/ptII/ptolemy/actor/lib/test/auto/TimedSinewavePhase.xml
9 ms. Memory: 671744K Free: 402183K (60%)
----------------- Invoking toplevel() on ptolemy.moml.MoMLSimpleApplication@1d6ea92a
----------------- Done invoking toplevel() on ptolemy.moml.MoMLSimpleApplication@1d6ea92a
reloadAllAccessors: .TimedSinewavePhase

===========================================================================================
----------------- testing Mon May 11 14:24:12 UTC 2020 /home/travis/build/icyphy/ptII/ptolemy/actor/lib/test/auto/Timer.xml
----------------- Instantiating /home/travis/build/icyphy/ptII/ptolemy/actor/lib/test/auto/Timer.xml
2 ms. Memory: 671744K Free: 396549K (59%)
----------------- Invoking toplevel() on ptolemy.moml.MoMLSimpleApplication@27a7d151
----------------- Done invoking toplevel() on ptolemy.moml.MoMLSimpleApplication@27a7d151
reloadAllAccessors: .Timer

===========================================================================================
----------------- testing Mon May 11 14:24:12 UTC 2020 /home/travis/build/icyphy/ptII/ptolemy/actor/lib/test/auto/TriangularDistTestModel.xml
----------------- Instantiating /home/travis/build/icyphy/ptII/ptolemy/actor/lib/test/auto/TriangularDistTestModel.xml
2 ms. Memory: 671744K Free: 390919K (58%)
----------------- Invoking toplevel() on ptolemy.moml.MoMLSimpleApplication@7dbceb7c
----------------- Done invoking toplevel() on ptolemy.moml.MoMLSimpleApplication@7dbceb7c
reloadAllAccessors: .TriangularDistTestModel

===========================================================================================
----------------- testing Mon May 11 14:24:12 UTC 2020 /home/travis/build/icyphy/ptII/ptolemy/actor/lib/test/auto/TrigFunction.xml
----------------- Instantiating /home/travis/build/icyphy/ptII/ptolemy/actor/lib/test/auto/TrigFunction.xml
2 ms. Memory: 671744K Free: 385799K (57%)
----------------- Invoking toplevel() on ptolemy.moml.MoMLSimpleApplication@238e57a9
----------------- Done invoking toplevel() on ptolemy.moml.MoMLSimpleApplication@238e57a9
reloadAllAccessors: .TrigFunction

===========================================================================================
----------------- testing Mon May 11 14:24:12 UTC 2020 /home/travis/build/icyphy/ptII/ptolemy/actor/lib/test/auto/TrigFunctionDE.xml
----------------- Instantiating /home/travis/build/icyphy/ptII/ptolemy/actor/lib/test/auto/TrigFunctionDE.xml
2 ms. Memory: 671744K Free: 380165K (57%)
----------------- Invoking toplevel() on ptolemy.moml.MoMLSimpleApplication@65a4f699
----------------- Done invoking toplevel() on ptolemy.moml.MoMLSimpleApplication@65a4f699
reloadAllAccessors: .TrigFunctionDE

===========================================================================================
----------------- testing Mon May 11 14:24:12 UTC 2020 /home/travis/build/icyphy/ptII/ptolemy/actor/lib/test/auto/TrigFunctionInverse.xml
----------------- Instantiating /home/travis/build/icyphy/ptII/ptolemy/actor/lib/test/auto/TrigFunctionInverse.xml
2 ms. Memory: 671744K Free: 375045K (56%)
----------------- Invoking toplevel() on ptolemy.moml.MoMLSimpleApplication@25a9b5cb
----------------- Done invoking toplevel() on ptolemy.moml.MoMLSimpleApplication@25a9b5cb
reloadAllAccessors: .TrigFunctionInverse

===========================================================================================
----------------- testing Mon May 11 14:24:12 UTC 2020 /home/travis/build/icyphy/ptII/ptolemy/actor/lib/test/auto/TrigFunctionTan.xml
----------------- Instantiating /home/travis/build/icyphy/ptII/ptolemy/actor/lib/test/auto/TrigFunctionTan.xml
1 ms. Memory: 671744K Free: 370439K (55%)
----------------- Invoking toplevel() on ptolemy.moml.MoMLSimpleApplication@4c4aa02
----------------- Done invoking toplevel() on ptolemy.moml.MoMLSimpleApplication@4c4aa02
reloadAllAccessors: .TrigFunctionTan

===========================================================================================
----------------- testing Mon May 11 14:24:12 UTC 2020 /home/travis/build/icyphy/ptII/ptolemy/actor/lib/test/auto/TriggeredClock.xml
----------------- Instantiating /home/travis/build/icyphy/ptII/ptolemy/actor/lib/test/auto/TriggeredClock.xml
1 ms. Memory: 671744K Free: 365319K (54%)
----------------- Invoking toplevel() on ptolemy.moml.MoMLSimpleApplication@286b0f81
----------------- Done invoking toplevel() on ptolemy.moml.MoMLSimpleApplication@286b0f81
reloadAllAccessors: .TriggeredClock

===========================================================================================
----------------- testing Mon May 11 14:24:12 UTC 2020 /home/travis/build/icyphy/ptII/ptolemy/actor/lib/test/auto/URLDirectoryReader.xml
----------------- Instantiating /home/travis/build/icyphy/ptII/ptolemy/actor/lib/test/auto/URLDirectoryReader.xml
39 ms. Memory: 671744K Free: 355079K (53%)
----------------- Invoking toplevel() on ptolemy.moml.MoMLSimpleApplication@35b5e49
----------------- Done invoking toplevel() on ptolemy.moml.MoMLSimpleApplication@35b5e49
reloadAllAccessors: .URLDirectoryReader

===========================================================================================
----------------- testing Mon May 11 14:24:12 UTC 2020 /home/travis/build/icyphy/ptII/ptolemy/actor/lib/test/auto/URLDirectoryReader3.xml
----------------- Instantiating /home/travis/build/icyphy/ptII/ptolemy/actor/lib/test/auto/URLDirectoryReader3.xml
1326 ms. Memory: 671744K Free: 611711K (91%)
----------------- Invoking toplevel() on ptolemy.moml.MoMLSimpleApplication@393ac8fc
----------------- Done invoking toplevel() on ptolemy.moml.MoMLSimpleApplication@393ac8fc
reloadAllAccessors: .URLDirectoryReader3

===========================================================================================
----------------- testing Mon May 11 14:24:14 UTC 2020 /home/travis/build/icyphy/ptII/ptolemy/actor/lib/test/auto/UnaryMathFunction.xml
----------------- Instantiating /home/travis/build/icyphy/ptII/ptolemy/actor/lib/test/auto/UnaryMathFunction.xml
3 ms. Memory: 671744K Free: 602887K (90%)
----------------- Invoking toplevel() on ptolemy.moml.MoMLSimpleApplication@7ee69689
----------------- Done invoking toplevel() on ptolemy.moml.MoMLSimpleApplication@7ee69689
reloadAllAccessors: .UnaryMathFunction

===========================================================================================
----------------- testing Mon May 11 14:24:14 UTC 2020 /home/travis/build/icyphy/ptII/ptolemy/actor/lib/test/auto/Uniform.xml
----------------- Instantiating /home/travis/build/icyphy/ptII/ptolemy/actor/lib/test/auto/Uniform.xml
2 ms. Memory: 671744K Free: 597767K (89%)
----------------- Invoking toplevel() on ptolemy.moml.MoMLSimpleApplication@64511b45
----------------- Done invoking toplevel() on ptolemy.moml.MoMLSimpleApplication@64511b45
reloadAllAccessors: .Uniform

===========================================================================================
----------------- testing Mon May 11 14:24:14 UTC 2020 /home/travis/build/icyphy/ptII/ptolemy/actor/lib/test/auto/UnionDisassemblerTest.xml
----------------- Instantiating /home/travis/build/icyphy/ptII/ptolemy/actor/lib/test/auto/UnionDisassemblerTest.xml
16 ms. Memory: 671744K Free: 594151K (88%)
----------------- Invoking toplevel() on ptolemy.moml.MoMLSimpleApplication@22418f62
----------------- Done invoking toplevel() on ptolemy.moml.MoMLSimpleApplication@22418f62
reloadAllAccessors: .UnionDisassemblerTest

===========================================================================================
----------------- testing Mon May 11 14:24:14 UTC 2020 /home/travis/build/icyphy/ptII/ptolemy/actor/lib/test/auto/UtilityFunctions.xml
----------------- Instantiating /home/travis/build/icyphy/ptII/ptolemy/actor/lib/test/auto/UtilityFunctions.xml
1 ms. Memory: 671744K Free: 590085K (88%)
----------------- Invoking toplevel() on ptolemy.moml.MoMLSimpleApplication@5d1d8f03
----------------- Done invoking toplevel() on ptolemy.moml.MoMLSimpleApplication@5d1d8f03
reloadAllAccessors: .UtilityFunctions

===========================================================================================
----------------- testing Mon May 11 14:24:14 UTC 2020 /home/travis/build/icyphy/ptII/ptolemy/actor/lib/test/auto/VariableSleep.xml
----------------- Instantiating /home/travis/build/icyphy/ptII/ptolemy/actor/lib/test/auto/VariableSleep.xml
503 ms. Memory: 671744K Free: 584455K (87%)
----------------- Invoking toplevel() on ptolemy.moml.MoMLSimpleApplication@38a79f3
----------------- Done invoking toplevel() on ptolemy.moml.MoMLSimpleApplication@38a79f3
reloadAllAccessors: .VariableSleep

===========================================================================================
----------------- testing Mon May 11 14:24:14 UTC 2020 /home/travis/build/icyphy/ptII/ptolemy/actor/lib/test/auto/VectorAssemblerDisassemblerCT.xml
----------------- Instantiating /home/travis/build/icyphy/ptII/ptolemy/actor/lib/test/auto/VectorAssemblerDisassemblerCT.xml
70 ms. Memory: 671744K Free: 563975K (84%)
----------------- Invoking toplevel() on ptolemy.moml.MoMLSimpleApplication@272bea38
----------------- Done invoking toplevel() on ptolemy.moml.MoMLSimpleApplication@272bea38
reloadAllAccessors: .VectorAssemblerDisassemblerCT

===========================================================================================
----------------- testing Mon May 11 14:24:15 UTC 2020 /home/travis/build/icyphy/ptII/ptolemy/actor/lib/test/auto/VectorAssemblerDisassemblerDE.xml
----------------- Instantiating /home/travis/build/icyphy/ptII/ptolemy/actor/lib/test/auto/VectorAssemblerDisassemblerDE.xml
3 ms. Memory: 671744K Free: 556293K (83%)
----------------- Invoking toplevel() on ptolemy.moml.MoMLSimpleApplication@18cd74a6
----------------- Done invoking toplevel() on ptolemy.moml.MoMLSimpleApplication@18cd74a6
reloadAllAccessors: .VectorAssemblerDisassemblerDE

===========================================================================================
----------------- testing Mon May 11 14:24:15 UTC 2020 /home/travis/build/icyphy/ptII/ptolemy/actor/lib/test/auto/VectorAssemblerDisassemblerSDF.xml
----------------- Instantiating /home/travis/build/icyphy/ptII/ptolemy/actor/lib/test/auto/VectorAssemblerDisassemblerSDF.xml
3 ms. Memory: 671744K Free: 550135K (82%)
----------------- Invoking toplevel() on ptolemy.moml.MoMLSimpleApplication@27b285ee
----------------- Done invoking toplevel() on ptolemy.moml.MoMLSimpleApplication@27b285ee
reloadAllAccessors: .VectorAssemblerDisassemblerSDF

===========================================================================================
----------------- testing Mon May 11 14:24:15 UTC 2020 /home/travis/build/icyphy/ptII/ptolemy/actor/lib/test/auto/WallClockTime.xml
----------------- Instantiating /home/travis/build/icyphy/ptII/ptolemy/actor/lib/test/auto/WallClockTime.xml
1004 ms. Memory: 671744K Free: 544519K (81%)
----------------- Invoking toplevel() on ptolemy.moml.MoMLSimpleApplication@6d4b9af7
----------------- Done invoking toplevel() on ptolemy.moml.MoMLSimpleApplication@6d4b9af7
reloadAllAccessors: .WallClockTime

===========================================================================================
----------------- testing Mon May 11 14:24:16 UTC 2020 /home/travis/build/icyphy/ptII/ptolemy/actor/lib/test/auto/WidthTestWithSubscriberPublisher.xml
----------------- Instantiating /home/travis/build/icyphy/ptII/ptolemy/actor/lib/test/auto/WidthTestWithSubscriberPublisher.xml
8 ms. Memory: 671744K Free: 526087K (78%)
----------------- Invoking toplevel() on ptolemy.moml.MoMLSimpleApplication@43142e22
----------------- Done invoking toplevel() on ptolemy.moml.MoMLSimpleApplication@43142e22
reloadAllAccessors: .WidthTestWithSubscriberPublisher

===========================================================================================
----------------- testing Mon May 11 14:24:16 UTC 2020 /home/travis/build/icyphy/ptII/ptolemy/actor/lib/test/auto/WidthTestWithSubscriberPublisher2.xml
----------------- Instantiating /home/travis/build/icyphy/ptII/ptolemy/actor/lib/test/auto/WidthTestWithSubscriberPublisher2.xml
4 ms. Memory: 671744K Free: 519943K (77%)
----------------- Invoking toplevel() on ptolemy.moml.MoMLSimpleApplication@3750c6b2
----------------- Done invoking toplevel() on ptolemy.moml.MoMLSimpleApplication@3750c6b2
reloadAllAccessors: .WidthTestWithSubscriberPublisher2

===========================================================================================
----------------- testing Mon May 11 14:24:16 UTC 2020 /home/travis/build/icyphy/ptII/ptolemy/actor/lib/test/auto/WidthTestWithSubscriberPublisher3.xml
----------------- Instantiating /home/travis/build/icyphy/ptII/ptolemy/actor/lib/test/auto/WidthTestWithSubscriberPublisher3.xml
2 ms. Memory: 671744K Free: 514309K (77%)
----------------- Invoking toplevel() on ptolemy.moml.MoMLSimpleApplication@4ca54365
----------------- Done invoking toplevel() on ptolemy.moml.MoMLSimpleApplication@4ca54365
reloadAllAccessors: .WidthTestWithSubscriberPublisher3

===========================================================================================
----------------- testing Mon May 11 14:24:16 UTC 2020 /home/travis/build/icyphy/ptII/ptolemy/actor/lib/test/auto/Writer.xml
----------------- Instantiating /home/travis/build/icyphy/ptII/ptolemy/actor/lib/test/auto/Writer.xml
0
1
2
3
4
1 ms. Memory: 671744K Free: 509703K (76%)
----------------- Invoking toplevel() on ptolemy.moml.MoMLSimpleApplication@54f07d88
----------------- Done invoking toplevel() on ptolemy.moml.MoMLSimpleApplication@54f07d88
reloadAllAccessors: .Writer

===========================================================================================
----------------- testing Mon May 11 14:24:16 UTC 2020 /home/travis/build/icyphy/ptII/ptolemy/actor/lib/test/auto/array.xml
----------------- Instantiating /home/travis/build/icyphy/ptII/ptolemy/actor/lib/test/auto/array.xml
2 ms. Memory: 671744K Free: 505093K (75%)
----------------- Invoking toplevel() on ptolemy.moml.MoMLSimpleApplication@7f7dd40
----------------- Done invoking toplevel() on ptolemy.moml.MoMLSimpleApplication@7f7dd40
reloadAllAccessors: .array

===========================================================================================
----------------- testing Mon May 11 14:24:16 UTC 2020 /home/travis/build/icyphy/ptII/ptolemy/actor/lib/test/auto/array2.xml
----------------- Instantiating /home/travis/build/icyphy/ptII/ptolemy/actor/lib/test/auto/array2.xml
5 ms. Memory: 671744K Free: 500487K (75%)
----------------- Invoking toplevel() on ptolemy.moml.MoMLSimpleApplication@68a15040
----------------- Done invoking toplevel() on ptolemy.moml.MoMLSimpleApplication@68a15040
reloadAllAccessors: .array2

===========================================================================================
----------------- testing Mon May 11 14:24:16 UTC 2020 /home/travis/build/icyphy/ptII/ptolemy/actor/lib/test/auto/arrayType.xml
----------------- Instantiating /home/travis/build/icyphy/ptII/ptolemy/actor/lib/test/auto/arrayType.xml
2 ms. Memory: 671744K Free: 494853K (74%)
----------------- Invoking toplevel() on ptolemy.moml.MoMLSimpleApplication@5b0c0b8f
----------------- Done invoking toplevel() on ptolemy.moml.MoMLSimpleApplication@5b0c0b8f
reloadAllAccessors: .arrayType

===========================================================================================
----------------- testing Mon May 11 14:24:16 UTC 2020 /home/travis/build/icyphy/ptII/ptolemy/actor/lib/test/auto/arrayType10.xml
----------------- Instantiating /home/travis/build/icyphy/ptII/ptolemy/actor/lib/test/auto/arrayType10.xml
1 ms. Memory: 671744K Free: 490247K (73%)
----------------- Invoking toplevel() on ptolemy.moml.MoMLSimpleApplication@731e5f31
----------------- Done invoking toplevel() on ptolemy.moml.MoMLSimpleApplication@731e5f31
reloadAllAccessors: .arrayType10

===========================================================================================
----------------- testing Mon May 11 14:24:16 UTC 2020 /home/travis/build/icyphy/ptII/ptolemy/actor/lib/test/auto/arrayType11.xml
----------------- Instantiating /home/travis/build/icyphy/ptII/ptolemy/actor/lib/test/auto/arrayType11.xml
1 ms. Memory: 671744K Free: 485637K (72%)
----------------- Invoking toplevel() on ptolemy.moml.MoMLSimpleApplication@7e9d72da
----------------- Done invoking toplevel() on ptolemy.moml.MoMLSimpleApplication@7e9d72da
reloadAllAccessors: .arrayType11

===========================================================================================
----------------- testing Mon May 11 14:24:16 UTC 2020 /home/travis/build/icyphy/ptII/ptolemy/actor/lib/test/auto/arrayType12.xml
----------------- Instantiating /home/travis/build/icyphy/ptII/ptolemy/actor/lib/test/auto/arrayType12.xml
1 ms. Memory: 671744K Free: 480517K (72%)
----------------- Invoking toplevel() on ptolemy.moml.MoMLSimpleApplication@626dd0c
----------------- Done invoking toplevel() on ptolemy.moml.MoMLSimpleApplication@626dd0c
reloadAllAccessors: .arrayType12

===========================================================================================
----------------- testing Mon May 11 14:24:16 UTC 2020 /home/travis/build/icyphy/ptII/ptolemy/actor/lib/test/auto/arrayType13.xml
----------------- Instantiating /home/travis/build/icyphy/ptII/ptolemy/actor/lib/test/auto/arrayType13.xml
1 ms. Memory: 671744K Free: 475397K (71%)
----------------- Invoking toplevel() on ptolemy.moml.MoMLSimpleApplication@44fa2f2c
----------------- Done invoking toplevel() on ptolemy.moml.MoMLSimpleApplication@44fa2f2c
reloadAllAccessors: .arrayType13

===========================================================================================
----------------- testing Mon May 11 14:24:16 UTC 2020 /home/travis/build/icyphy/ptII/ptolemy/actor/lib/test/auto/arrayType14.xml
----------------- Instantiating /home/travis/build/icyphy/ptII/ptolemy/actor/lib/test/auto/arrayType14.xml
2 ms. Memory: 671744K Free: 470277K (70%)
----------------- Invoking toplevel() on ptolemy.moml.MoMLSimpleApplication@7f3fe95b
----------------- Done invoking toplevel() on ptolemy.moml.MoMLSimpleApplication@7f3fe95b
reloadAllAccessors: .arrayType14

===========================================================================================
----------------- testing Mon May 11 14:24:16 UTC 2020 /home/travis/build/icyphy/ptII/ptolemy/actor/lib/test/auto/arrayType15.xml
----------------- Instantiating /home/travis/build/icyphy/ptII/ptolemy/actor/lib/test/auto/arrayType15.xml
2 ms. Memory: 671744K Free: 464647K (69%)
----------------- Invoking toplevel() on ptolemy.moml.MoMLSimpleApplication@64f0c095
----------------- Done invoking toplevel() on ptolemy.moml.MoMLSimpleApplication@64f0c095
reloadAllAccessors: .arrayType15

===========================================================================================
----------------- testing Mon May 11 14:24:16 UTC 2020 /home/travis/build/icyphy/ptII/ptolemy/actor/lib/test/auto/arrayType16.xml
----------------- Instantiating /home/travis/build/icyphy/ptII/ptolemy/actor/lib/test/auto/arrayType16.xml
2 ms. Memory: 671744K Free: 459527K (68%)
----------------- Invoking toplevel() on ptolemy.moml.MoMLSimpleApplication@192fb0dc
----------------- Done invoking toplevel() on ptolemy.moml.MoMLSimpleApplication@192fb0dc
reloadAllAccessors: .arrayType16

===========================================================================================
----------------- testing Mon May 11 14:24:16 UTC 2020 /home/travis/build/icyphy/ptII/ptolemy/actor/lib/test/auto/arrayType17.xml
----------------- Instantiating /home/travis/build/icyphy/ptII/ptolemy/actor/lib/test/auto/arrayType17.xml
1 ms. Memory: 671744K Free: 454407K (68%)
----------------- Invoking toplevel() on ptolemy.moml.MoMLSimpleApplication@2a6f43e0
----------------- Done invoking toplevel() on ptolemy.moml.MoMLSimpleApplication@2a6f43e0
reloadAllAccessors: .arrayType17

===========================================================================================
----------------- testing Mon May 11 14:24:16 UTC 2020 /home/travis/build/icyphy/ptII/ptolemy/actor/lib/test/auto/arrayType18.xml
----------------- Instantiating /home/travis/build/icyphy/ptII/ptolemy/actor/lib/test/auto/arrayType18.xml
2 ms. Memory: 671744K Free: 449287K (67%)
----------------- Invoking toplevel() on ptolemy.moml.MoMLSimpleApplication@32c44974
----------------- Done invoking toplevel() on ptolemy.moml.MoMLSimpleApplication@32c44974
reloadAllAccessors: .arrayType18

===========================================================================================
----------------- testing Mon May 11 14:24:16 UTC 2020 /home/travis/build/icyphy/ptII/ptolemy/actor/lib/test/auto/arrayType19.xml
----------------- Instantiating /home/travis/build/icyphy/ptII/ptolemy/actor/lib/test/auto/arrayType19.xml
1 ms. Memory: 671744K Free: 444677K (66%)
----------------- Invoking toplevel() on ptolemy.moml.MoMLSimpleApplication@3b830718
----------------- Done invoking toplevel() on ptolemy.moml.MoMLSimpleApplication@3b830718
reloadAllAccessors: .arrayType19

===========================================================================================
----------------- testing Mon May 11 14:24:16 UTC 2020 /home/travis/build/icyphy/ptII/ptolemy/actor/lib/test/auto/arrayType2.xml
----------------- Instantiating /home/travis/build/icyphy/ptII/ptolemy/actor/lib/test/auto/arrayType2.xml
2 ms. Memory: 671744K Free: 439047K (65%)
----------------- Invoking toplevel() on ptolemy.moml.MoMLSimpleApplication@7f158fcf
----------------- Done invoking toplevel() on ptolemy.moml.MoMLSimpleApplication@7f158fcf
reloadAllAccessors: .arrayType2

===========================================================================================
----------------- testing Mon May 11 14:24:16 UTC 2020 /home/travis/build/icyphy/ptII/ptolemy/actor/lib/test/auto/arrayType20.xml
----------------- Instantiating /home/travis/build/icyphy/ptII/ptolemy/actor/lib/test/auto/arrayType20.xml
1 ms. Memory: 671744K Free: 434437K (65%)
----------------- Invoking toplevel() on ptolemy.moml.MoMLSimpleApplication@29e3a5a6
----------------- Done invoking toplevel() on ptolemy.moml.MoMLSimpleApplication@29e3a5a6
reloadAllAccessors: .arrayType20

===========================================================================================
----------------- testing Mon May 11 14:24:16 UTC 2020 /home/travis/build/icyphy/ptII/ptolemy/actor/lib/test/auto/arrayType21.xml
----------------- Instantiating /home/travis/build/icyphy/ptII/ptolemy/actor/lib/test/auto/arrayType21.xml
1 ms. Memory: 671744K Free: 429317K (64%)
----------------- Invoking toplevel() on ptolemy.moml.MoMLSimpleApplication@5566b875
----------------- Done invoking toplevel() on ptolemy.moml.MoMLSimpleApplication@5566b875
reloadAllAccessors: .arrayType21

===========================================================================================
----------------- testing Mon May 11 14:24:16 UTC 2020 /home/travis/build/icyphy/ptII/ptolemy/actor/lib/test/auto/arrayType22.xml
----------------- Instantiating /home/travis/build/icyphy/ptII/ptolemy/actor/lib/test/auto/arrayType22.xml
1 ms. Memory: 671744K Free: 424197K (63%)
----------------- Invoking toplevel() on ptolemy.moml.MoMLSimpleApplication@58bc986c
----------------- Done invoking toplevel() on ptolemy.moml.MoMLSimpleApplication@58bc986c
reloadAllAccessors: .arrayType22

===========================================================================================
----------------- testing Mon May 11 14:24:16 UTC 2020 /home/travis/build/icyphy/ptII/ptolemy/actor/lib/test/auto/arrayType23.xml
----------------- Instantiating /home/travis/build/icyphy/ptII/ptolemy/actor/lib/test/auto/arrayType23.xml
2 ms. Memory: 671744K Free: 419591K (62%)
----------------- Invoking toplevel() on ptolemy.moml.MoMLSimpleApplication@365e07d6
----------------- Done invoking toplevel() on ptolemy.moml.MoMLSimpleApplication@365e07d6
reloadAllAccessors: .arrayType23

===========================================================================================
----------------- testing Mon May 11 14:24:16 UTC 2020 /home/travis/build/icyphy/ptII/ptolemy/actor/lib/test/auto/arrayType24.xml
----------------- Instantiating /home/travis/build/icyphy/ptII/ptolemy/actor/lib/test/auto/arrayType24.xml
5 ms. Memory: 671744K Free: 414469K (62%)
----------------- Invoking toplevel() on ptolemy.moml.MoMLSimpleApplication@458a61a2
----------------- Done invoking toplevel() on ptolemy.moml.MoMLSimpleApplication@458a61a2
reloadAllAccessors: .arrayType24

===========================================================================================
----------------- testing Mon May 11 14:24:16 UTC 2020 /home/travis/build/icyphy/ptII/ptolemy/actor/lib/test/auto/arrayType25.xml
----------------- Instantiating /home/travis/build/icyphy/ptII/ptolemy/actor/lib/test/auto/arrayType25.xml
2 ms. Memory: 671744K Free: 409351K (61%)
----------------- Invoking toplevel() on ptolemy.moml.MoMLSimpleApplication@3bd8fcf8
----------------- Done invoking toplevel() on ptolemy.moml.MoMLSimpleApplication@3bd8fcf8
reloadAllAccessors: .arrayType25

===========================================================================================
----------------- testing Mon May 11 14:24:16 UTC 2020 /home/travis/build/icyphy/ptII/ptolemy/actor/lib/test/auto/arrayType26.xml
----------------- Instantiating /home/travis/build/icyphy/ptII/ptolemy/actor/lib/test/auto/arrayType26.xml
2 ms. Memory: 671744K Free: 404231K (60%)
----------------- Invoking toplevel() on ptolemy.moml.MoMLSimpleApplication@38582b67
----------------- Done invoking toplevel() on ptolemy.moml.MoMLSimpleApplication@38582b67
reloadAllAccessors: .arrayType26

===========================================================================================
----------------- testing Mon May 11 14:24:16 UTC 2020 /home/travis/build/icyphy/ptII/ptolemy/actor/lib/test/auto/arrayType27.xml
----------------- Instantiating /home/travis/build/icyphy/ptII/ptolemy/actor/lib/test/auto/arrayType27.xml
1 ms. Memory: 671744K Free: 398597K (59%)
----------------- Invoking toplevel() on ptolemy.moml.MoMLSimpleApplication@323b4b86
----------------- Done invoking toplevel() on ptolemy.moml.MoMLSimpleApplication@323b4b86
reloadAllAccessors: .arrayType27

===========================================================================================
----------------- testing Mon May 11 14:24:16 UTC 2020 /home/travis/build/icyphy/ptII/ptolemy/actor/lib/test/auto/arrayType28.xml
----------------- Instantiating /home/travis/build/icyphy/ptII/ptolemy/actor/lib/test/auto/arrayType28.xml
7 ms. Memory: 671744K Free: 393477K (59%)
----------------- Invoking toplevel() on ptolemy.moml.MoMLSimpleApplication@411ceb90
----------------- Done invoking toplevel() on ptolemy.moml.MoMLSimpleApplication@411ceb90
reloadAllAccessors: .arrayType28

===========================================================================================
----------------- testing Mon May 11 14:24:16 UTC 2020 /home/travis/build/icyphy/ptII/ptolemy/actor/lib/test/auto/arrayType3.xml
----------------- Instantiating /home/travis/build/icyphy/ptII/ptolemy/actor/lib/test/auto/arrayType3.xml
2 ms. Memory: 671744K Free: 387847K (58%)
----------------- Invoking toplevel() on ptolemy.moml.MoMLSimpleApplication@11de2875
----------------- Done invoking toplevel() on ptolemy.moml.MoMLSimpleApplication@11de2875
reloadAllAccessors: .arrayType3

===========================================================================================
----------------- testing Mon May 11 14:24:16 UTC 2020 /home/travis/build/icyphy/ptII/ptolemy/actor/lib/test/auto/arrayType4.xml
----------------- Instantiating /home/travis/build/icyphy/ptII/ptolemy/actor/lib/test/auto/arrayType4.xml
2 ms. Memory: 671744K Free: 382727K (57%)
----------------- Invoking toplevel() on ptolemy.moml.MoMLSimpleApplication@77e4df79
----------------- Done invoking toplevel() on ptolemy.moml.MoMLSimpleApplication@77e4df79
reloadAllAccessors: .arrayType4

===========================================================================================
----------------- testing Mon May 11 14:24:16 UTC 2020 /home/travis/build/icyphy/ptII/ptolemy/actor/lib/test/auto/arrayType5.xml
----------------- Instantiating /home/travis/build/icyphy/ptII/ptolemy/actor/lib/test/auto/arrayType5.xml
1 ms. Memory: 671744K Free: 377607K (56%)
----------------- Invoking toplevel() on ptolemy.moml.MoMLSimpleApplication@64b461e6
----------------- Done invoking toplevel() on ptolemy.moml.MoMLSimpleApplication@64b461e6
reloadAllAccessors: .arrayType5

===========================================================================================
----------------- testing Mon May 11 14:24:16 UTC 2020 /home/travis/build/icyphy/ptII/ptolemy/actor/lib/test/auto/arrayType6.xml
----------------- Instantiating /home/travis/build/icyphy/ptII/ptolemy/actor/lib/test/auto/arrayType6.xml
2 ms. Memory: 671744K Free: 372487K (55%)
----------------- Invoking toplevel() on ptolemy.moml.MoMLSimpleApplication@5e50c131
----------------- Done invoking toplevel() on ptolemy.moml.MoMLSimpleApplication@5e50c131
reloadAllAccessors: .arrayType6

===========================================================================================
----------------- testing Mon May 11 14:24:16 UTC 2020 /home/travis/build/icyphy/ptII/ptolemy/actor/lib/test/auto/arrayType7.xml
----------------- Instantiating /home/travis/build/icyphy/ptII/ptolemy/actor/lib/test/auto/arrayType7.xml
6 ms. Memory: 671744K Free: 367877K (55%)
----------------- Invoking toplevel() on ptolemy.moml.MoMLSimpleApplication@6dbfb74d
----------------- Done invoking toplevel() on ptolemy.moml.MoMLSimpleApplication@6dbfb74d
reloadAllAccessors: .arrayType7

===========================================================================================
----------------- testing Mon May 11 14:24:16 UTC 2020 /home/travis/build/icyphy/ptII/ptolemy/actor/lib/test/auto/arrayType8.xml
----------------- Instantiating /home/travis/build/icyphy/ptII/ptolemy/actor/lib/test/auto/arrayType8.xml
1 ms. Memory: 671744K Free: 362757K (54%)
----------------- Invoking toplevel() on ptolemy.moml.MoMLSimpleApplication@38b4d469
----------------- Done invoking toplevel() on ptolemy.moml.MoMLSimpleApplication@38b4d469
reloadAllAccessors: .arrayType8

===========================================================================================
----------------- testing Mon May 11 14:24:16 UTC 2020 /home/travis/build/icyphy/ptII/ptolemy/actor/lib/test/auto/arrayType9.xml
----------------- Instantiating /home/travis/build/icyphy/ptII/ptolemy/actor/lib/test/auto/arrayType9.xml
1 ms. Memory: 671744K Free: 357637K (53%)
----------------- Invoking toplevel() on ptolemy.moml.MoMLSimpleApplication@51eac9c9
----------------- Done invoking toplevel() on ptolemy.moml.MoMLSimpleApplication@51eac9c9
reloadAllAccessors: .arrayType9

===========================================================================================
----------------- testing Mon May 11 14:24:16 UTC 2020 /home/travis/build/icyphy/ptII/ptolemy/actor/lib/test/auto/cast.xml
----------------- Instantiating /home/travis/build/icyphy/ptII/ptolemy/actor/lib/test/auto/cast.xml
2 ms. Memory: 671744K Free: 353031K (53%)
----------------- Invoking toplevel() on ptolemy.moml.MoMLSimpleApplication@3be51db0
----------------- Done invoking toplevel() on ptolemy.moml.MoMLSimpleApplication@3be51db0
reloadAllAccessors: .cast

===========================================================================================
----------------- testing Mon May 11 14:24:16 UTC 2020 /home/travis/build/icyphy/ptII/ptolemy/actor/lib/test/auto/compositeMultiPort.xml
----------------- Instantiating /home/travis/build/icyphy/ptII/ptolemy/actor/lib/test/auto/compositeMultiPort.xml
5 ms. Memory: 671744K Free: 343815K (51%)
----------------- Invoking toplevel() on ptolemy.moml.MoMLSimpleApplication@77377f19
----------------- Done invoking toplevel() on ptolemy.moml.MoMLSimpleApplication@77377f19
reloadAllAccessors: .compositeMultiPort

===========================================================================================
----------------- testing Mon May 11 14:24:16 UTC 2020 /home/travis/build/icyphy/ptII/ptolemy/actor/lib/test/auto/expressionCastInference.xml
----------------- Instantiating /home/travis/build/icyphy/ptII/ptolemy/actor/lib/test/auto/expressionCastInference.xml
2 ms. Memory: 671744K Free: 339205K (50%)
----------------- Invoking toplevel() on ptolemy.moml.MoMLSimpleApplication@398ca754
----------------- Done invoking toplevel() on ptolemy.moml.MoMLSimpleApplication@398ca754
reloadAllAccessors: .expressionCastInference

===========================================================================================
----------------- testing Mon May 11 14:24:16 UTC 2020 /home/travis/build/icyphy/ptII/ptolemy/actor/lib/test/auto/expressionCastInference2.xml
----------------- Instantiating /home/travis/build/icyphy/ptII/ptolemy/actor/lib/test/auto/expressionCastInference2.xml
2 ms. Memory: 671744K Free: 334085K (50%)
----------------- Invoking toplevel() on ptolemy.moml.MoMLSimpleApplication@361e924a
----------------- Done invoking toplevel() on ptolemy.moml.MoMLSimpleApplication@361e924a
reloadAllAccessors: .expressionCastInference2

===========================================================================================
----------------- testing Mon May 11 14:24:16 UTC 2020 /home/travis/build/icyphy/ptII/ptolemy/actor/lib/test/auto/expressionInference.xml
----------------- Instantiating /home/travis/build/icyphy/ptII/ptolemy/actor/lib/test/auto/expressionInference.xml
1 ms. Memory: 671744K Free: 329989K (49%)
----------------- Invoking toplevel() on ptolemy.moml.MoMLSimpleApplication@70d36fa
----------------- Done invoking toplevel() on ptolemy.moml.MoMLSimpleApplication@70d36fa
reloadAllAccessors: .expressionInference

===========================================================================================
----------------- testing Mon May 11 14:24:16 UTC 2020 /home/travis/build/icyphy/ptII/ptolemy/actor/lib/test/auto/expression_bug.xml
----------------- Instantiating /home/travis/build/icyphy/ptII/ptolemy/actor/lib/test/auto/expression_bug.xml
2 ms. Memory: 671744K Free: 324869K (48%)
----------------- Invoking toplevel() on ptolemy.moml.MoMLSimpleApplication@2d295526
----------------- Done invoking toplevel() on ptolemy.moml.MoMLSimpleApplication@2d295526
reloadAllAccessors: .expression_bug

===========================================================================================
----------------- testing Mon May 11 14:24:16 UTC 2020 /home/travis/build/icyphy/ptII/ptolemy/actor/lib/test/auto/factorial.xml
----------------- Instantiating /home/travis/build/icyphy/ptII/ptolemy/actor/lib/test/auto/factorial.xml
37 ms. Memory: 671744K Free: 316677K (47%)
----------------- Invoking toplevel() on ptolemy.moml.MoMLSimpleApplication@73dab4ca
----------------- Done invoking toplevel() on ptolemy.moml.MoMLSimpleApplication@73dab4ca
reloadAllAccessors: .factorial

===========================================================================================
----------------- testing Mon May 11 14:24:16 UTC 2020 /home/travis/build/icyphy/ptII/ptolemy/actor/lib/test/auto/filterTest1.xml
----------------- Instantiating /home/travis/build/icyphy/ptII/ptolemy/actor/lib/test/auto/filterTest1.xml
3 ms. Memory: 671744K Free: 310533K (46%)
----------------- Invoking toplevel() on ptolemy.moml.MoMLSimpleApplication@641e1edf
----------------- Done invoking toplevel() on ptolemy.moml.MoMLSimpleApplication@641e1edf
reloadAllAccessors: .filterTest1

===========================================================================================
----------------- testing Mon May 11 14:24:16 UTC 2020 /home/travis/build/icyphy/ptII/ptolemy/actor/lib/test/auto/funcApplyInConst.xml
----------------- Instantiating /home/travis/build/icyphy/ptII/ptolemy/actor/lib/test/auto/funcApplyInConst.xml
1 ms. Memory: 671744K Free: 306951K (46%)
----------------- Invoking toplevel() on ptolemy.moml.MoMLSimpleApplication@4f88bd5a
----------------- Done invoking toplevel() on ptolemy.moml.MoMLSimpleApplication@4f88bd5a
reloadAllAccessors: .funcApplyInConst

===========================================================================================
----------------- testing Mon May 11 14:24:16 UTC 2020 /home/travis/build/icyphy/ptII/ptolemy/actor/lib/test/auto/funcApplyInExpr.xml
----------------- Instantiating /home/travis/build/icyphy/ptII/ptolemy/actor/lib/test/auto/funcApplyInExpr.xml
1 ms. Memory: 671744K Free: 303365K (45%)
----------------- Invoking toplevel() on ptolemy.moml.MoMLSimpleApplication@2e6ad808
----------------- Done invoking toplevel() on ptolemy.moml.MoMLSimpleApplication@2e6ad808
reloadAllAccessors: .funcApplyInExpr

===========================================================================================
----------------- testing Mon May 11 14:24:16 UTC 2020 /home/travis/build/icyphy/ptII/ptolemy/actor/lib/test/auto/function.xml
----------------- Instantiating /home/travis/build/icyphy/ptII/ptolemy/actor/lib/test/auto/function.xml
2 ms. Memory: 671744K Free: 298245K (44%)
----------------- Invoking toplevel() on ptolemy.moml.MoMLSimpleApplication@1bc8a313
----------------- Done invoking toplevel() on ptolemy.moml.MoMLSimpleApplication@1bc8a313
reloadAllAccessors: .function

===========================================================================================
----------------- testing Mon May 11 14:24:16 UTC 2020 /home/travis/build/icyphy/ptII/ptolemy/actor/lib/test/auto/function2.xml
----------------- Instantiating /home/travis/build/icyphy/ptII/ptolemy/actor/lib/test/auto/function2.xml
2 ms. Memory: 671744K Free: 293639K (44%)
----------------- Invoking toplevel() on ptolemy.moml.MoMLSimpleApplication@4044adbb
----------------- Done invoking toplevel() on ptolemy.moml.MoMLSimpleApplication@4044adbb
reloadAllAccessors: .function2

===========================================================================================
----------------- testing Mon May 11 14:24:16 UTC 2020 /home/travis/build/icyphy/ptII/ptolemy/actor/lib/test/auto/function3.xml
----------------- Instantiating /home/travis/build/icyphy/ptII/ptolemy/actor/lib/test/auto/function3.xml
1 ms. Memory: 671744K Free: 289543K (43%)
----------------- Invoking toplevel() on ptolemy.moml.MoMLSimpleApplication@715274ff
----------------- Done invoking toplevel() on ptolemy.moml.MoMLSimpleApplication@715274ff
reloadAllAccessors: .function3

===========================================================================================
----------------- testing Mon May 11 14:24:16 UTC 2020 /home/travis/build/icyphy/ptII/ptolemy/actor/lib/test/auto/functionClosureTest1.xml
----------------- Instantiating /home/travis/build/icyphy/ptII/ptolemy/actor/lib/test/auto/functionClosureTest1.xml
2 ms. Memory: 671744K Free: 283909K (42%)
----------------- Invoking toplevel() on ptolemy.moml.MoMLSimpleApplication@2d545522
----------------- Done invoking toplevel() on ptolemy.moml.MoMLSimpleApplication@2d545522
reloadAllAccessors: .functionClosureTest1

===========================================================================================
----------------- testing Mon May 11 14:24:16 UTC 2020 /home/travis/build/icyphy/ptII/ptolemy/actor/lib/test/auto/functionClosureTest2.xml
----------------- Instantiating /home/travis/build/icyphy/ptII/ptolemy/actor/lib/test/auto/functionClosureTest2.xml
1 ms. Memory: 671744K Free: 279813K (42%)
----------------- Invoking toplevel() on ptolemy.moml.MoMLSimpleApplication@13b37f4d
----------------- Done invoking toplevel() on ptolemy.moml.MoMLSimpleApplication@13b37f4d
reloadAllAccessors: .functionClosureTest2

===========================================================================================
----------------- testing Mon May 11 14:24:16 UTC 2020 /home/travis/build/icyphy/ptII/ptolemy/actor/lib/test/auto/functionClosureTest3.xml
----------------- Instantiating /home/travis/build/icyphy/ptII/ptolemy/actor/lib/test/auto/functionClosureTest3.xml
2 ms. Memory: 671744K Free: 274679K (41%)
----------------- Invoking toplevel() on ptolemy.moml.MoMLSimpleApplication@56eb76ba
----------------- Done invoking toplevel() on ptolemy.moml.MoMLSimpleApplication@56eb76ba
reloadAllAccessors: .functionClosureTest3

===========================================================================================
----------------- testing Mon May 11 14:24:16 UTC 2020 /home/travis/build/icyphy/ptII/ptolemy/actor/lib/test/auto/functionClosureTest4.xml
----------------- Instantiating /home/travis/build/icyphy/ptII/ptolemy/actor/lib/test/auto/functionClosureTest4.xml
4 ms. Memory: 671744K Free: 268039K (40%)
----------------- Invoking toplevel() on ptolemy.moml.MoMLSimpleApplication@e432b7a
----------------- Done invoking toplevel() on ptolemy.moml.MoMLSimpleApplication@e432b7a
reloadAllAccessors: .functionClosureTest4

===========================================================================================
----------------- testing Mon May 11 14:24:16 UTC 2020 /home/travis/build/icyphy/ptII/ptolemy/actor/lib/test/auto/functionClosureTest5.xml
----------------- Instantiating /home/travis/build/icyphy/ptII/ptolemy/actor/lib/test/auto/functionClosureTest5.xml
4 ms. Memory: 671744K Free: 262919K (39%)
----------------- Invoking toplevel() on ptolemy.moml.MoMLSimpleApplication@4787bef2
----------------- Done invoking toplevel() on ptolemy.moml.MoMLSimpleApplication@4787bef2
reloadAllAccessors: .functionClosureTest5

===========================================================================================
----------------- testing Mon May 11 14:24:16 UTC 2020 /home/travis/build/icyphy/ptII/ptolemy/actor/lib/test/auto/functionClosureTest6.xml
----------------- Instantiating /home/travis/build/icyphy/ptII/ptolemy/actor/lib/test/auto/functionClosureTest6.xml
3 ms. Memory: 671744K Free: 257799K (38%)
----------------- Invoking toplevel() on ptolemy.moml.MoMLSimpleApplication@d28ec0d
----------------- Done invoking toplevel() on ptolemy.moml.MoMLSimpleApplication@d28ec0d
reloadAllAccessors: .functionClosureTest6

===========================================================================================
----------------- testing Mon May 11 14:24:16 UTC 2020 /home/travis/build/icyphy/ptII/ptolemy/actor/lib/test/auto/functionsOnArcs.xml
----------------- Instantiating /home/travis/build/icyphy/ptII/ptolemy/actor/lib/test/auto/functionsOnArcs.xml
2 ms. Memory: 671744K Free: 252679K (38%)
----------------- Invoking toplevel() on ptolemy.moml.MoMLSimpleApplication@7227380
----------------- Done invoking toplevel() on ptolemy.moml.MoMLSimpleApplication@7227380
reloadAllAccessors: .functionsOnArcs

===========================================================================================
----------------- testing Mon May 11 14:24:16 UTC 2020 /home/travis/build/icyphy/ptII/ptolemy/actor/lib/test/auto/functionsOnArcsHOF.xml
----------------- Instantiating /home/travis/build/icyphy/ptII/ptolemy/actor/lib/test/auto/functionsOnArcsHOF.xml
3 ms. Memory: 671744K Free: 246535K (37%)
----------------- Invoking toplevel() on ptolemy.moml.MoMLSimpleApplication@6de33c4b
----------------- Done invoking toplevel() on ptolemy.moml.MoMLSimpleApplication@6de33c4b
reloadAllAccessors: .functionsOnArcsHOF

===========================================================================================
----------------- testing Mon May 11 14:24:16 UTC 2020 /home/travis/build/icyphy/ptII/ptolemy/actor/lib/test/auto/logic.xml
----------------- Instantiating /home/travis/build/icyphy/ptII/ptolemy/actor/lib/test/auto/logic.xml
2 ms. Memory: 671744K Free: 239367K (36%)
----------------- Invoking toplevel() on ptolemy.moml.MoMLSimpleApplication@768ee274
----------------- Done invoking toplevel() on ptolemy.moml.MoMLSimpleApplication@768ee274
reloadAllAccessors: .logic

===========================================================================================
----------------- testing Mon May 11 14:24:16 UTC 2020 /home/travis/build/icyphy/ptII/ptolemy/actor/lib/test/auto/matrixType.xml
----------------- Instantiating /home/travis/build/icyphy/ptII/ptolemy/actor/lib/test/auto/matrixType.xml
1 ms. Memory: 671744K Free: 233733K (35%)
----------------- Invoking toplevel() on ptolemy.moml.MoMLSimpleApplication@32524174
----------------- Done invoking toplevel() on ptolemy.moml.MoMLSimpleApplication@32524174
reloadAllAccessors: .matrixType

===========================================================================================
----------------- testing Mon May 11 14:24:16 UTC 2020 /home/travis/build/icyphy/ptII/ptolemy/actor/lib/test/auto/matrixType10.xml
----------------- Instantiating /home/travis/build/icyphy/ptII/ptolemy/actor/lib/test/auto/matrixType10.xml
1 ms. Memory: 671744K Free: 229127K (34%)
----------------- Invoking toplevel() on ptolemy.moml.MoMLSimpleApplication@4d83cdcb
----------------- Done invoking toplevel() on ptolemy.moml.MoMLSimpleApplication@4d83cdcb
reloadAllAccessors: .matrixType10

===========================================================================================
----------------- testing Mon May 11 14:24:16 UTC 2020 /home/travis/build/icyphy/ptII/ptolemy/actor/lib/test/auto/matrixType11.xml
----------------- Instantiating /home/travis/build/icyphy/ptII/ptolemy/actor/lib/test/auto/matrixType11.xml
1 ms. Memory: 671744K Free: 614912K (92%)
----------------- Invoking toplevel() on ptolemy.moml.MoMLSimpleApplication@2a19191b
----------------- Done invoking toplevel() on ptolemy.moml.MoMLSimpleApplication@2a19191b
reloadAllAccessors: .matrixType11

===========================================================================================
----------------- testing Mon May 11 14:24:17 UTC 2020 /home/travis/build/icyphy/ptII/ptolemy/actor/lib/test/auto/matrixType12.xml
----------------- Instantiating /home/travis/build/icyphy/ptII/ptolemy/actor/lib/test/auto/matrixType12.xml
2 ms. Memory: 671744K Free: 609543K (91%)
----------------- Invoking toplevel() on ptolemy.moml.MoMLSimpleApplication@f4078e1
----------------- Done invoking toplevel() on ptolemy.moml.MoMLSimpleApplication@f4078e1
reloadAllAccessors: .matrixType12

===========================================================================================
----------------- testing Mon May 11 14:24:17 UTC 2020 /home/travis/build/icyphy/ptII/ptolemy/actor/lib/test/auto/matrixType13.xml
----------------- Instantiating /home/travis/build/icyphy/ptII/ptolemy/actor/lib/test/auto/matrixType13.xml
2 ms. Memory: 671744K Free: 604933K (90%)
----------------- Invoking toplevel() on ptolemy.moml.MoMLSimpleApplication@5e59f13b
----------------- Done invoking toplevel() on ptolemy.moml.MoMLSimpleApplication@5e59f13b
reloadAllAccessors: .matrixType13

===========================================================================================
----------------- testing Mon May 11 14:24:17 UTC 2020 /home/travis/build/icyphy/ptII/ptolemy/actor/lib/test/auto/matrixType14.xml
----------------- Instantiating /home/travis/build/icyphy/ptII/ptolemy/actor/lib/test/auto/matrixType14.xml
4 ms. Memory: 671744K Free: 599813K (89%)
----------------- Invoking toplevel() on ptolemy.moml.MoMLSimpleApplication@49e9901e
----------------- Done invoking toplevel() on ptolemy.moml.MoMLSimpleApplication@49e9901e
reloadAllAccessors: .matrixType14

===========================================================================================
----------------- testing Mon May 11 14:24:17 UTC 2020 /home/travis/build/icyphy/ptII/ptolemy/actor/lib/test/auto/matrixType2.xml
----------------- Instantiating /home/travis/build/icyphy/ptII/ptolemy/actor/lib/test/auto/matrixType2.xml
2 ms. Memory: 671744K Free: 594693K (89%)
----------------- Invoking toplevel() on ptolemy.moml.MoMLSimpleApplication@6deac4e0
----------------- Done invoking toplevel() on ptolemy.moml.MoMLSimpleApplication@6deac4e0
reloadAllAccessors: .matrixType2

===========================================================================================
----------------- testing Mon May 11 14:24:17 UTC 2020 /home/travis/build/icyphy/ptII/ptolemy/actor/lib/test/auto/matrixType3.xml
----------------- Instantiating /home/travis/build/icyphy/ptII/ptolemy/actor/lib/test/auto/matrixType3.xml
1 ms. Memory: 671744K Free: 590087K (88%)
----------------- Invoking toplevel() on ptolemy.moml.MoMLSimpleApplication@604f80f8
----------------- Done invoking toplevel() on ptolemy.moml.MoMLSimpleApplication@604f80f8
reloadAllAccessors: .matrixType3

===========================================================================================
----------------- testing Mon May 11 14:24:17 UTC 2020 /home/travis/build/icyphy/ptII/ptolemy/actor/lib/test/auto/matrixType4.xml
----------------- Instantiating /home/travis/build/icyphy/ptII/ptolemy/actor/lib/test/auto/matrixType4.xml
2 ms. Memory: 671744K Free: 584967K (87%)
----------------- Invoking toplevel() on ptolemy.moml.MoMLSimpleApplication@59909880
----------------- Done invoking toplevel() on ptolemy.moml.MoMLSimpleApplication@59909880
reloadAllAccessors: .matrixType4

===========================================================================================
----------------- testing Mon May 11 14:24:17 UTC 2020 /home/travis/build/icyphy/ptII/ptolemy/actor/lib/test/auto/matrixType5.xml
----------------- Instantiating /home/travis/build/icyphy/ptII/ptolemy/actor/lib/test/auto/matrixType5.xml
1 ms. Memory: 671744K Free: 580357K (86%)
----------------- Invoking toplevel() on ptolemy.moml.MoMLSimpleApplication@63649a56
----------------- Done invoking toplevel() on ptolemy.moml.MoMLSimpleApplication@63649a56
reloadAllAccessors: .matrixType5

===========================================================================================
----------------- testing Mon May 11 14:24:17 UTC 2020 /home/travis/build/icyphy/ptII/ptolemy/actor/lib/test/auto/matrixType6.xml
----------------- Instantiating /home/travis/build/icyphy/ptII/ptolemy/actor/lib/test/auto/matrixType6.xml
1 ms. Memory: 671744K Free: 575237K (86%)
----------------- Invoking toplevel() on ptolemy.moml.MoMLSimpleApplication@40712a9
----------------- Done invoking toplevel() on ptolemy.moml.MoMLSimpleApplication@40712a9
reloadAllAccessors: .matrixType6

===========================================================================================
----------------- testing Mon May 11 14:24:17 UTC 2020 /home/travis/build/icyphy/ptII/ptolemy/actor/lib/test/auto/matrixType7.xml
----------------- Instantiating /home/travis/build/icyphy/ptII/ptolemy/actor/lib/test/auto/matrixType7.xml
2 ms. Memory: 671744K Free: 570631K (85%)
----------------- Invoking toplevel() on ptolemy.moml.MoMLSimpleApplication@2ff0fc98
----------------- Done invoking toplevel() on ptolemy.moml.MoMLSimpleApplication@2ff0fc98
reloadAllAccessors: .matrixType7

===========================================================================================
----------------- testing Mon May 11 14:24:17 UTC 2020 /home/travis/build/icyphy/ptII/ptolemy/actor/lib/test/auto/matrixType8.xml
----------------- Instantiating /home/travis/build/icyphy/ptII/ptolemy/actor/lib/test/auto/matrixType8.xml
2 ms. Memory: 671744K Free: 565511K (84%)
----------------- Invoking toplevel() on ptolemy.moml.MoMLSimpleApplication@2750cece
----------------- Done invoking toplevel() on ptolemy.moml.MoMLSimpleApplication@2750cece
reloadAllAccessors: .matrixType8

===========================================================================================
----------------- testing Mon May 11 14:24:17 UTC 2020 /home/travis/build/icyphy/ptII/ptolemy/actor/lib/test/auto/matrixType9.xml
----------------- Instantiating /home/travis/build/icyphy/ptII/ptolemy/actor/lib/test/auto/matrixType9.xml
1 ms. Memory: 671744K Free: 560901K (83%)
----------------- Invoking toplevel() on ptolemy.moml.MoMLSimpleApplication@2a0ab595
----------------- Done invoking toplevel() on ptolemy.moml.MoMLSimpleApplication@2a0ab595
reloadAllAccessors: .matrixType9

===========================================================================================
----------------- testing Mon May 11 14:24:17 UTC 2020 /home/travis/build/icyphy/ptII/ptolemy/actor/lib/test/auto/paraFunctest.xml
----------------- Instantiating /home/travis/build/icyphy/ptII/ptolemy/actor/lib/test/auto/paraFunctest.xml
1 ms. Memory: 671744K Free: 556805K (83%)
----------------- Invoking toplevel() on ptolemy.moml.MoMLSimpleApplication@5077b689
----------------- Done invoking toplevel() on ptolemy.moml.MoMLSimpleApplication@5077b689
reloadAllAccessors: .paraFunctest

===========================================================================================
----------------- testing Mon May 11 14:24:17 UTC 2020 /home/travis/build/icyphy/ptII/ptolemy/actor/lib/test/auto/paraFunctest2.xml
----------------- Instantiating /home/travis/build/icyphy/ptII/ptolemy/actor/lib/test/auto/paraFunctest2.xml
1 ms. Memory: 671744K Free: 552709K (82%)
----------------- Invoking toplevel() on ptolemy.moml.MoMLSimpleApplication@2a43014f
----------------- Done invoking toplevel() on ptolemy.moml.MoMLSimpleApplication@2a43014f
reloadAllAccessors: .paraFunctest2

===========================================================================================
----------------- testing Mon May 11 14:24:17 UTC 2020 /home/travis/build/icyphy/ptII/ptolemy/actor/lib/test/auto/parameterPassing.xml
----------------- Instantiating /home/travis/build/icyphy/ptII/ptolemy/actor/lib/test/auto/parameterPassing.xml
1 ms. Memory: 671744K Free: 548103K (82%)
----------------- Invoking toplevel() on ptolemy.moml.MoMLSimpleApplication@3e5376cf
----------------- Done invoking toplevel() on ptolemy.moml.MoMLSimpleApplication@3e5376cf
reloadAllAccessors: .parameterPassing

===========================================================================================
----------------- testing Mon May 11 14:24:17 UTC 2020 /home/travis/build/icyphy/ptII/ptolemy/actor/lib/test/auto/record.xml
----------------- Instantiating /home/travis/build/icyphy/ptII/ptolemy/actor/lib/test/auto/record.xml
3 ms. Memory: 671744K Free: 543493K (81%)
----------------- Invoking toplevel() on ptolemy.moml.MoMLSimpleApplication@56fdafc7
----------------- Done invoking toplevel() on ptolemy.moml.MoMLSimpleApplication@56fdafc7
reloadAllAccessors: .record

===========================================================================================
----------------- testing Mon May 11 14:24:17 UTC 2020 /home/travis/build/icyphy/ptII/ptolemy/actor/lib/test/auto/sizedarray1.xml
----------------- Instantiating /home/travis/build/icyphy/ptII/ptolemy/actor/lib/test/auto/sizedarray1.xml
2 ms. Memory: 671744K Free: 537863K (80%)
----------------- Invoking toplevel() on ptolemy.moml.MoMLSimpleApplication@48356c87
----------------- Done invoking toplevel() on ptolemy.moml.MoMLSimpleApplication@48356c87
reloadAllAccessors: .sizedarray1

===========================================================================================
----------------- testing Mon May 11 14:24:17 UTC 2020 /home/travis/build/icyphy/ptII/ptolemy/actor/lib/test/auto/sizedarray2.xml
----------------- Instantiating /home/travis/build/icyphy/ptII/ptolemy/actor/lib/test/auto/sizedarray2.xml
2 ms. Memory: 671744K Free: 532229K (79%)
----------------- Invoking toplevel() on ptolemy.moml.MoMLSimpleApplication@153dbd99
----------------- Done invoking toplevel() on ptolemy.moml.MoMLSimpleApplication@153dbd99
reloadAllAccessors: .sizedarray2

===========================================================================================
----------------- testing Mon May 11 14:24:17 UTC 2020 /home/travis/build/icyphy/ptII/ptolemy/actor/lib/test/auto/twoPublishers.xml
----------------- Instantiating /home/travis/build/icyphy/ptII/ptolemy/actor/lib/test/auto/twoPublishers.xml
6 ms. Memory: 671744K Free: 521479K (78%)
----------------- Invoking toplevel() on ptolemy.moml.MoMLSimpleApplication@30810ed6
----------------- Done invoking toplevel() on ptolemy.moml.MoMLSimpleApplication@30810ed6
reloadAllAccessors: .twoPublishers
AutoTests.java: About to close Vertx.
AutoTests.java: Vertx closed.
]]></system-out>
  <system-err><![CDATA[java.lang.RuntimeException: Execution failed
	at ptolemy.moml.MoMLSimpleApplication$UnloadThread.run(MoMLSimpleApplication.java:402)
Caused by: java.lang.RuntimeException: StringUtilities.exit() was called. Normally, we would exit here because Manager.exitAfterWrapup() was called.  However, because the ptolemy.ptII.exitAfterWrapup property is set, we throw this exception instead.
	at ptolemy.util.StringUtilities.exit(StringUtilities.java:365)
	at ptolemy.actor.Manager.wrapup(Manager.java:1549)
	at ptolemy.actor.Manager.execute(Manager.java:407)
	at ptolemy.actor.Manager.run(Manager.java:1263)
	at ptolemy.actor.Manager$PtolemyRunThread.run(Manager.java:1933)
Warning: '.top.test' is in training mode, set the trainingMode parameter to false before checking in
Warning: '.top.test' is in training mode, set the trainingMode parameter to false before checking in
Warning: '.top.test' is in training mode, set the trainingMode parameter to false before checking in
Warning: '.BooleanSwitch_RegressionTest_WrongTrainingValues.Test' is in training mode, set the trainingMode parameter to false before checking in
Warning: '.BooleanSwitch_RegressionTest_WrongTrainingValues.Test2' is in training mode, set the trainingMode parameter to false before checking in
Warning: '.BooleanSwitch_RegressionTest_WrongTrainingValues.Test2' The test produced 0 tokens.
Warning: '.top.testExceptionHandler' is in training mode, set the trainingMode parameter to false before checking in
java.lang.RuntimeException: Execution failed
	at ptolemy.moml.MoMLSimpleApplication$UnloadThread.run(MoMLSimpleApplication.java:402)
Caused by: ptolemy.kernel.util.IllegalActionException: PublisherPorts cannot be used at the top level, use a Publisher actor instead.
  in .PublisherPortToplevelSubscriber.PublisherPort
	at ptolemy.actor.PublisherPort.preinitialize(PublisherPort.java:403)
	at ptolemy.actor.CompositeActor.preinitialize(CompositeActor.java:1769)
	at ptolemy.actor.Manager.preinitializeAndResolveTypes(Manager.java:1040)
	at ptolemy.actor.Manager.initialize(Manager.java:710)
	at ptolemy.actor.Manager.execute(Manager.java:356)
	at ptolemy.actor.Manager.run(Manager.java:1263)
	at ptolemy.actor.Manager$PtolemyRunThread.run(Manager.java:1933)
java.lang.reflect.InvocationTargetException
	at java.base/jdk.internal.reflect.NativeConstructorAccessorImpl.newInstance0(Native Method)
	at java.base/jdk.internal.reflect.NativeConstructorAccessorImpl.newInstance(NativeConstructorAccessorImpl.java:62)
	at java.base/jdk.internal.reflect.DelegatingConstructorAccessorImpl.newInstance(DelegatingConstructorAccessorImpl.java:45)
	at java.base/java.lang.reflect.Constructor.newInstance(Constructor.java:490)
	at ptolemy.util.test.junit.AutoKnownFailedTests.RunModel(AutoKnownFailedTests.java:105)
	at java.base/jdk.internal.reflect.NativeMethodAccessorImpl.invoke0(Native Method)
	at java.base/jdk.internal.reflect.NativeMethodAccessorImpl.invoke(NativeMethodAccessorImpl.java:62)
	at java.base/jdk.internal.reflect.DelegatingMethodAccessorImpl.invoke(DelegatingMethodAccessorImpl.java:43)
	at java.base/java.lang.reflect.Method.invoke(Method.java:566)
	at org.junit.runners.model.FrameworkMethod$1.runReflectiveCall(FrameworkMethod.java:44)
	at org.junit.internal.runners.model.ReflectiveCallable.run(ReflectiveCallable.java:15)
	at org.junit.runners.model.FrameworkMethod.invokeExplosively(FrameworkMethod.java:41)
	at junitparams.internal.InvokeParameterisedMethod.evaluate(InvokeParameterisedMethod.java:102)
	at org.junit.internal.runners.statements.FailOnTimeout$1.run(FailOnTimeout.java:28)
Caused by: ptolemy.kernel.util.IllegalActionException: PublisherPorts cannot be used at the top level, use a Publisher actor instead.
  in .PublisherPortToplevelSubscriber.PublisherPort
	at ptolemy.actor.PublisherPort.preinitialize(PublisherPort.java:403)
	at ptolemy.actor.CompositeActor.preinitialize(CompositeActor.java:1769)
	at ptolemy.actor.Manager.preinitializeAndResolveTypes(Manager.java:1040)
	at ptolemy.actor.Manager.initialize(Manager.java:710)
	at ptolemy.actor.Manager.execute(Manager.java:356)
	at ptolemy.actor.Manager.run(Manager.java:1263)
	at ptolemy.actor.Manager$PtolemyRunThread.run(Manager.java:1933)
java.lang.RuntimeException: Execution failed
	at ptolemy.moml.MoMLSimpleApplication$UnloadThread.run(MoMLSimpleApplication.java:402)
Caused by: ptolemy.kernel.util.IllegalActionException: SubscriberPorts cannot be used at the top level, use a Subscriber actor instead.
  in .PublisherSubscriberPortToplevel.SubscriberPort
	at ptolemy.actor.SubscriberPort.preinitialize(SubscriberPort.java:328)
	at ptolemy.actor.CompositeActor.preinitialize(CompositeActor.java:1769)
	at ptolemy.actor.Manager.preinitializeAndResolveTypes(Manager.java:1040)
	at ptolemy.actor.Manager.initialize(Manager.java:710)
	at ptolemy.actor.Manager.execute(Manager.java:356)
	at ptolemy.actor.Manager.run(Manager.java:1263)
	at ptolemy.actor.Manager$PtolemyRunThread.run(Manager.java:1933)
java.lang.reflect.InvocationTargetException
	at java.base/jdk.internal.reflect.NativeConstructorAccessorImpl.newInstance0(Native Method)
	at java.base/jdk.internal.reflect.NativeConstructorAccessorImpl.newInstance(NativeConstructorAccessorImpl.java:62)
	at java.base/jdk.internal.reflect.DelegatingConstructorAccessorImpl.newInstance(DelegatingConstructorAccessorImpl.java:45)
	at java.base/java.lang.reflect.Constructor.newInstance(Constructor.java:490)
	at ptolemy.util.test.junit.AutoKnownFailedTests.RunModel(AutoKnownFailedTests.java:105)
	at java.base/jdk.internal.reflect.NativeMethodAccessorImpl.invoke0(Native Method)
	at java.base/jdk.internal.reflect.NativeMethodAccessorImpl.invoke(NativeMethodAccessorImpl.java:62)
	at java.base/jdk.internal.reflect.DelegatingMethodAccessorImpl.invoke(DelegatingMethodAccessorImpl.java:43)
	at java.base/java.lang.reflect.Method.invoke(Method.java:566)
	at org.junit.runners.model.FrameworkMethod$1.runReflectiveCall(FrameworkMethod.java:44)
	at org.junit.internal.runners.model.ReflectiveCallable.run(ReflectiveCallable.java:15)
	at org.junit.runners.model.FrameworkMethod.invokeExplosively(FrameworkMethod.java:41)
	at junitparams.internal.InvokeParameterisedMethod.evaluate(InvokeParameterisedMethod.java:102)
	at org.junit.internal.runners.statements.FailOnTimeout$1.run(FailOnTimeout.java:28)
Caused by: ptolemy.kernel.util.IllegalActionException: SubscriberPorts cannot be used at the top level, use a Subscriber actor instead.
  in .PublisherSubscriberPortToplevel.SubscriberPort
	at ptolemy.actor.SubscriberPort.preinitialize(SubscriberPort.java:328)
	at ptolemy.actor.CompositeActor.preinitialize(CompositeActor.java:1769)
	at ptolemy.actor.Manager.preinitializeAndResolveTypes(Manager.java:1040)
	at ptolemy.actor.Manager.initialize(Manager.java:710)
	at ptolemy.actor.Manager.execute(Manager.java:356)
	at ptolemy.actor.Manager.run(Manager.java:1263)
	at ptolemy.actor.Manager$PtolemyRunThread.run(Manager.java:1933)
java.lang.RuntimeException: Execution failed
	at ptolemy.moml.MoMLSimpleApplication$UnloadThread.run(MoMLSimpleApplication.java:402)
Caused by: ptolemy.kernel.util.IllegalActionException: SubscriptionAggregatorPorts cannot be used at the top level, use a SubscriptionAggregator actor instead.
  in .PublisherSubscriptionAggregatorPort.SubscriptionAggregatorPort
	at ptolemy.actor.SubscriptionAggregatorPort.preinitialize(SubscriptionAggregatorPort.java:353)
	at ptolemy.actor.CompositeActor.preinitialize(CompositeActor.java:1769)
	at ptolemy.actor.Manager.preinitializeAndResolveTypes(Manager.java:1040)
	at ptolemy.actor.Manager.initialize(Manager.java:710)
	at ptolemy.actor.Manager.execute(Manager.java:356)
	at ptolemy.actor.Manager.run(Manager.java:1263)
	at ptolemy.actor.Manager$PtolemyRunThread.run(Manager.java:1933)
java.lang.reflect.InvocationTargetException
	at java.base/jdk.internal.reflect.NativeConstructorAccessorImpl.newInstance0(Native Method)
	at java.base/jdk.internal.reflect.NativeConstructorAccessorImpl.newInstance(NativeConstructorAccessorImpl.java:62)
	at java.base/jdk.internal.reflect.DelegatingConstructorAccessorImpl.newInstance(DelegatingConstructorAccessorImpl.java:45)
	at java.base/java.lang.reflect.Constructor.newInstance(Constructor.java:490)
	at ptolemy.util.test.junit.AutoKnownFailedTests.RunModel(AutoKnownFailedTests.java:105)
	at java.base/jdk.internal.reflect.NativeMethodAccessorImpl.invoke0(Native Method)
	at java.base/jdk.internal.reflect.NativeMethodAccessorImpl.invoke(NativeMethodAccessorImpl.java:62)
	at java.base/jdk.internal.reflect.DelegatingMethodAccessorImpl.invoke(DelegatingMethodAccessorImpl.java:43)
	at java.base/java.lang.reflect.Method.invoke(Method.java:566)
	at org.junit.runners.model.FrameworkMethod$1.runReflectiveCall(FrameworkMethod.java:44)
	at org.junit.internal.runners.model.ReflectiveCallable.run(ReflectiveCallable.java:15)
	at org.junit.runners.model.FrameworkMethod.invokeExplosively(FrameworkMethod.java:41)
	at junitparams.internal.InvokeParameterisedMethod.evaluate(InvokeParameterisedMethod.java:102)
	at org.junit.internal.runners.statements.FailOnTimeout$1.run(FailOnTimeout.java:28)
Caused by: ptolemy.kernel.util.IllegalActionException: SubscriptionAggregatorPorts cannot be used at the top level, use a SubscriptionAggregator actor instead.
  in .PublisherSubscriptionAggregatorPort.SubscriptionAggregatorPort
	at ptolemy.actor.SubscriptionAggregatorPort.preinitialize(SubscriptionAggregatorPort.java:353)
	at ptolemy.actor.CompositeActor.preinitialize(CompositeActor.java:1769)
	at ptolemy.actor.Manager.preinitializeAndResolveTypes(Manager.java:1040)
	at ptolemy.actor.Manager.initialize(Manager.java:710)
	at ptolemy.actor.Manager.execute(Manager.java:356)
	at ptolemy.actor.Manager.run(Manager.java:1263)
	at ptolemy.actor.Manager$PtolemyRunThread.run(Manager.java:1933)
java.lang.RuntimeException: Execution failed
	at ptolemy.moml.MoMLSimpleApplication$UnloadThread.run(MoMLSimpleApplication.java:402)
Caused by: ptolemy.kernel.util.IllegalActionException: TypeTest actor has no training data.
  in .sizedarray3.TypeTest
	at ptolemy.actor.lib.TypeTest.initialize(TypeTest.java:250)
	at ptolemy.actor.Director.initialize(Director.java:938)
	at ptolemy.actor.Director.initialize(Director.java:907)
	at ptolemy.actor.sched.StaticSchedulingDirector.initialize(StaticSchedulingDirector.java:159)
	at ptolemy.domains.sdf.kernel.SDFDirector.initialize(SDFDirector.java:544)
	at ptolemy.actor.CompositeActor.initialize(CompositeActor.java:935)
	at ptolemy.actor.Manager.initialize(Manager.java:724)
	at ptolemy.actor.Manager.execute(Manager.java:356)
	at ptolemy.actor.Manager.run(Manager.java:1263)
	at ptolemy.actor.Manager$PtolemyRunThread.run(Manager.java:1933)
java.lang.reflect.InvocationTargetException
	at java.base/jdk.internal.reflect.NativeConstructorAccessorImpl.newInstance0(Native Method)
	at java.base/jdk.internal.reflect.NativeConstructorAccessorImpl.newInstance(NativeConstructorAccessorImpl.java:62)
	at java.base/jdk.internal.reflect.DelegatingConstructorAccessorImpl.newInstance(DelegatingConstructorAccessorImpl.java:45)
	at java.base/java.lang.reflect.Constructor.newInstance(Constructor.java:490)
	at ptolemy.util.test.junit.AutoKnownFailedTests.RunModel(AutoKnownFailedTests.java:105)
	at java.base/jdk.internal.reflect.NativeMethodAccessorImpl.invoke0(Native Method)
	at java.base/jdk.internal.reflect.NativeMethodAccessorImpl.invoke(NativeMethodAccessorImpl.java:62)
	at java.base/jdk.internal.reflect.DelegatingMethodAccessorImpl.invoke(DelegatingMethodAccessorImpl.java:43)
	at java.base/java.lang.reflect.Method.invoke(Method.java:566)
	at org.junit.runners.model.FrameworkMethod$1.runReflectiveCall(FrameworkMethod.java:44)
	at org.junit.internal.runners.model.ReflectiveCallable.run(ReflectiveCallable.java:15)
	at org.junit.runners.model.FrameworkMethod.invokeExplosively(FrameworkMethod.java:41)
	at junitparams.internal.InvokeParameterisedMethod.evaluate(InvokeParameterisedMethod.java:102)
	at org.junit.internal.runners.statements.FailOnTimeout$1.run(FailOnTimeout.java:28)
Caused by: ptolemy.kernel.util.IllegalActionException: TypeTest actor has no training data.
  in .sizedarray3.TypeTest
	at ptolemy.actor.lib.TypeTest.initialize(TypeTest.java:250)
	at ptolemy.actor.Director.initialize(Director.java:938)
	at ptolemy.actor.Director.initialize(Director.java:907)
	at ptolemy.actor.sched.StaticSchedulingDirector.initialize(StaticSchedulingDirector.java:159)
	at ptolemy.domains.sdf.kernel.SDFDirector.initialize(SDFDirector.java:544)
	at ptolemy.actor.CompositeActor.initialize(CompositeActor.java:935)
	at ptolemy.actor.Manager.initialize(Manager.java:724)
	at ptolemy.actor.Manager.execute(Manager.java:356)
	at ptolemy.actor.Manager.run(Manager.java:1263)
	at ptolemy.actor.Manager$PtolemyRunThread.run(Manager.java:1933)
]]></system-err>
</testsuite>
