<?xml version="1.0" encoding="UTF-8" ?>
<testsuite errors="0" failures="0" hostname="travis-job-03103bc4-fcd2-4020-980c-4e42c744e3ce" name="ptolemy.domains.de.test.junit.JUnitTclTest" skipped="0" tests="101" time="126.73" timestamp="2019-03-14T18:38:23">
  <properties>
    <property name="npm.executable" value="npm" />
    <property name="file.encoding.pkg" value="sun.io" />
    <property name="env.TRAVIS_ROOT" value="/" />
    <property name="ptII.mk.exists" value="true" />
    <property name="env.TRAVIS_APP_HOST" value="build.travis-ci.org" />
    <property name="env.rvm_bin_path" value="/home/travis/.rvm/bin" />
    <property name="java.home" value="/usr/lib/jvm/java-8-oracle/jre" />
    <property name="env.TRAVIS_JOB_NUMBER" value="1048.9" />
    <property name="env.TRAVIS_HOME" value="/home/travis" />
    <property name="env.DISPLAY" value=":99.0" />
    <property name="java.net.preferIPv4Stack" value="true" />
    <property name="env.TRAVIS_INIT" value="upstart" />
    <property name="env.SSH_TTY" value="/dev/pts/0" />
    <property name="env.RUN_TESTS" value="true" />
    <property name="timeout.short" value="1000000" />
    <property name="env.TRAVIS_JOB_NAME" value="" />
    <property name="env.TRAVIS_STACK_NODE_ATTRIBUTES" value="/.node-attributes.yml" />
    <property name="junit.formatter" value="xml" />
    <property name="java.endorsed.dirs" value="/usr/lib/jvm/java-8-oracle/jre/lib/endorsed" />
    <property name="env.TRAVIS_SUDO" value="true" />
    <property name="env.LOGNAME" value="travis" />
    <property name="jsdoc.home" value="node_modules/@terraswarm/jsdoc" />
    <property name="debuglevel" value="source,lines,vars" />
    <property name="checkstyle.formatter" value="xml" />
    <property name="bin.vergil.makeable" value="true" />
    <property name="env._system_version" value="14.04" />
    <property name="sun.os.patch.level" value="unknown" />
    <property name="java.vendor.url" value="http://java.oracle.com/" />
    <property name="env.TRAVIS_BUILD_WEB_URL" value="https://travis-ci.org/icyphy/ptII/builds/506383170" />
    <property name="java.version" value="1.8.0_151" />
    <property name="env.TZ" value="UTC" />
    <property name="env.PT_NO_NET" value="true" />
    <property name="env.TRAVIS_PULL_REQUEST_SHA" value="" />
    <property name="env.TRAVIS_SECURE_ENV_VARS" value="true" />
    <property name="env._system_type" value="Linux" />
    <property name="java.vendor.url.bug" value="http://bugreport.sun.com/bugreport/" />
    <property name="env.SSH_CLIENT" value="10.10.4.112 33388 22" />
    <property name="npmjs-org-is-up" value="true" />
    <property name="env.GEM_HOME" value="/home/travis/.rvm/gems/ruby-2.4.1" />
    <property name="env.HAS_ANTARES_THREE_LITTLE_FRONZIES_BADGE" value="true" />
    <property name="env.PS4" value="+" />
    <property name="ant.project.invoked-targets" value="build,test.core2.xml" />
    <property name="env.TRAVIS_PULL_REQUEST_BRANCH" value="" />
    <property name="env.TRAVIS_REPO_SLUG" value="icyphy/ptII" />
    <property name="env.TRAVIS_APT_PROXY" value="http://build-cache.travisci.net" />
    <property name="node.in.path" value="true" />
    <property name="java.maxmemory" value="1400m" />
    <property name="env.RUBY_VERSION" value="ruby-2.4.1" />
    <property name="user.name" value="travis" />
    <property name="env.LANG" value="en_US.UTF-8" />
    <property name="sun.io.unicode.encoding" value="UnicodeLittle" />
    <property name="sun.jnu.encoding" value="UTF-8" />
    <property name="java.runtime.name" value="Java(TM) SE Runtime Environment" />
    <property name="usefile" value="false" />
    <property name="return.code" value="0" />
    <property name="junit.single.formatter" value="plain" />
    <property name="env.DYLD_LIBRARY_PATH" value="/home/travis/pthla/certi-tools/lib:" />
    <property name="env.DEBIAN_FRONTEND" value="noninteractive" />
    <property name="env.SSH_CONNECTION" value="10.10.4.112 33388 10.20.6.55 22" />
    <property name="env.MYSQL_UNIX_PORT" value="/var/run/mysqld/mysqld.sock" />
    <property name="env.TRAVIS_ALLOW_FAILURE" value="false" />
    <property name="env.LC_ALL" value="en_US.UTF-8" />
    <property name="env.TRAVIS_JOB_WEB_URL" value="https://travis-ci.org/icyphy/ptII/jobs/506383179" />
    <property name="java.specification.name" value="Java Platform API Specification" />
    <property name="node.works" value="true" />
    <property name="user.timezone" value="" />
    <property name="path.separator" value=":" />
    <property name="env.TRAVIS_ENABLE_INFRA_DETECTION" value="true" />
    <property name="env.PYTHON_CFLAGS" value="-g -fstack-protector --param=ssp-buffer-size=4 -Wformat -Werror=format-security" />
    <property name="timeout.long" value="4000000" />
    <property name="env.CERTI_HOME" value="/home/travis/pthla/certi-tools" />
    <property name="file.encoding" value="UTF-8" />
    <property name="ant.file.ptII" value="/home/travis/build/icyphy/ptII/build.xml" />
    <property name="javadoc.packagenames" value="com.*,diva.*,lbnl.*,org.hlacerti.*,org.json.*,org.ptolemy.*,org.terraswarm.*,ptolemy.*,ptserver.*" />
    <property name="env.TRAVIS_PULL_REQUEST_SLUG" value="" />
    <property name="ant.project.default-target" value="build" />
    <property name="env.GIT_ASKPASS" value="echo" />
    <property name="env.HOME" value="/home/travis" />
    <property name="sun.java.command" value="org.apache.tools.ant.taskdefs.optional.junit.JUnitTestRunner ptolemy.domains.de.test.junit.JUnitTclTest skipNonTests=false filtertrace=true haltOnError=false haltOnFailure=false formatter=org.apache.tools.ant.taskdefs.optional.junit.OutErrSummaryJUnitResultFormatter showoutput=true outputtoformatters=true logfailedtests=true threadid=0 logtestlistenerevents=false formatter=org.apache.tools.ant.taskdefs.optional.junit.XMLJUnitResultFormatter,/home/travis/build/icyphy/ptII/reports/junit/TEST-ptolemy.domains.de.test.junit.JUnitTclTest.xml crashfile=/home/travis/build/icyphy/ptII/junitvmwatcher5295514802002379919.properties propsfile=/home/travis/build/icyphy/ptII/junit6051793028214700298.properties" />
    <property name="env.MANPATH" value="/home/travis/.nvm/versions/node/v7.10.1/share/man:/home/travis/.kiex/elixirs/elixir-1.4.5/man:/home/travis/.rvm/rubies/ruby-2.4.1/share/man:/usr/local/man:/usr/local/cmake-3.9.2/man:/usr/local/clang-5.0.0/share/man:/usr/local/share/man:/usr/share/man:/home/travis/.rvm/man" />
    <property name="env.COMPOSER_NO_INTERACTION" value="1" />
    <property name="env.JDK_SWITCHER_DEFAULT" value="oraclejdk8" />
    <property name="env.TRAVIS_TIMER_ID" value="000131d0" />
    <property name="ant.file" value="/home/travis/build/icyphy/ptII/build.xml" />
    <property name="env.TRAVIS_COMMIT_RANGE" value="cdf011915240...67555cc8f7f8" />
    <property name="env._system_name" value="Ubuntu" />
    <property name="timeout" value="2400000" />
    <property name="ptII.classpath.optional.property" value="/home/travis/build/icyphy/ptII/lib/bsh-2.0b4.jar:/home/travis/build/icyphy/ptII/lib/ptCal.jar:/home/travis/build/icyphy/ptII/lib/java_cup.jar:/home/travis/build/icyphy/ptII/lib/saxon8.jar:/home/travis/build/icyphy/ptII/lib/saxon8-dom.jar:/home/travis/build/icyphy/ptII/lib/chic.jar:/home/travis/build/icyphy/ptII/lib/ptcolt.jar:/usr/lib/jvm/java-8-oracle/lib/tools.jar:/home/travis/build/icyphy/ptII/vendors/misc/itext/iText.jar:/home/travis/build/icyphy/ptII/lib/g4ltl.jar:/home/travis/build/icyphy/ptII/lib/StructuralCoder.jar:/home/travis/build/icyphy/ptII/vendors/jai-1_1_2_01/lib/jai_core.jar:/home/travis/build/icyphy/ptII/vendors/jai-1_1_2_01/lib/jai_codec.jar:/home/travis/build/icyphy/ptII/lib/jcerti.jar:/home/travis/build/icyphy/ptII/lib/javax.mail.jar:/home/travis/build/icyphy/ptII/vendors/JMF-2.1.1e/lib/jmf.jar:/home/travis/build/icyphy/ptII/lib/jna-4.0.0-variadic.jar:/home/travis/build/icyphy/ptII/vendors/misc/joystick/Joystick.jar:/home/travis/build/icyphy/ptII/lib/ptjacl.jar:/home/travis/build/icyphy/ptII/lib/jsoup-1.8.2.jar:/home/travis/build/icyphy/ptII/lib/junit-4.8.2.jar:/home/travis/build/icyphy/ptII/lib/JUnitParams-0.4.0.jar:/home/travis/build/icyphy/ptII/ptolemy/actor/lib/excel/jxl.jar:/home/travis/build/icyphy/ptII/lib/jython.jar:/home/travis/build/icyphy/ptII/lib/kieler.jar:/home/travis/build/icyphy/ptII/vendors/opencv/share/OpenCV/java/opencv-341.jar:/home/travis/build/icyphy/ptII/lib/oscP5.jar:/home/travis/build/icyphy/ptII/lib/nrjavaserial-3.11.0.devel.jar:/home/travis/build/icyphy/ptII/vendors/j3d/lib/j3dcore.jar:/home/travis/build/icyphy/ptII/vendors/j3d/lib/j3dutils.jar:/home/travis/build/icyphy/ptII/vendors/j3d/lib/vecmath.jar:/home/travis/build/icyphy/ptII/ptolemy/distributed/jini/jar/jini-core.jar:/home/travis/build/icyphy/ptII/ptolemy/distributed/jini/jar/jini-ext.jar:/home/travis/build/icyphy/ptII/ptolemy/distributed/jini/jar/sun-util.jar:/home/travis/build/icyphy/ptII/lib/protobuf-java-2.4.1.jar:/home/travis/build/icyphy/ptII/lib/org.eclipse.paho.client.mqttv3.jar:/home/travis/build/icyphy/ptII/lib/mapss.jar:/home/travis/build/icyphy/ptII/ptolemy/actor/ptalon/antlr/antlr.jar:/home/travis/build/icyphy/ptII/lib/JRI.jar:/home/travis/build/icyphy/ptII/lib/commons-lang-2.6.jar:/home/travis/build/icyphy/ptII/lib/commons-logging-1.1.1.jar:/home/travis/build/icyphy/ptII/lib/sootclasses.jar:/home/travis/build/icyphy/ptII/ptolemy/actor/lib/database/mysql-connector-java-5.1.6-bin.jar:/home/travis/build/icyphy/ptII/vendors/misc/sphinx4/sphinx4-data-5prealpha.jar:/home/travis/build/icyphy/ptII/vendors/misc/sphinx4/sphinx4-core-5prealpha.jar:/home/travis/build/icyphy/ptII/lib/PDFRenderer.jar:/home/travis/build/icyphy/ptII/lib/svgSalamander.jar:/home/travis/build/icyphy/ptII/lib/rsyntaxtextarea-2.6.0-SNAPSHOT.jar:/home/travis/build/icyphy/ptII/lib/hazelcast-3.8.2.jar:/home/travis/build/icyphy/ptII/lib/jackson-annotations-2.9.0.jar:/home/travis/build/icyphy/ptII/lib/jackson-core-2.9.3.jar:/home/travis/build/icyphy/ptII/lib/jackson-databind-2.9.3.jar:/home/travis/build/icyphy/ptII/lib/netty-buffer-4.1.19.Final.jar:/home/travis/build/icyphy/ptII/lib/netty-codec-4.1.19.Final.jar:/home/travis/build/icyphy/ptII/lib/netty-codec-dns-4.1.19.Final.jar:/home/travis/build/icyphy/ptII/lib/netty-codec-http-4.1.19.Final.jar:/home/travis/build/icyphy/ptII/lib/netty-codec-http2-4.1.19.Final.jar:/home/travis/build/icyphy/ptII/lib/netty-common-4.1.19.Final.jar:/home/travis/build/icyphy/ptII/lib/netty-handler-4.1.19.Final.jar:/home/travis/build/icyphy/ptII/lib/netty-resolver-4.1.19.Final.jar:/home/travis/build/icyphy/ptII/lib/netty-resolver-dns-4.1.19.Final.jar:/home/travis/build/icyphy/ptII/lib/netty-transport-4.1.19.Final.jar:/home/travis/build/icyphy/ptII/lib/vertx-codegen-3.5.1.jar:/home/travis/build/icyphy/ptII/lib/vertx-core-3.5.2-SNAPSHOT.jar:/home/travis/build/icyphy/ptII/lib/vertx-hazelcast-3.5.1.jar:/home/travis/build/icyphy/ptII/lib/vertx-lang-js-3.5.1.jar:/home/travis/build/icyphy/ptII/lib/vertx-service-proxy-3.5.1.jar:/home/travis/build/icyphy/ptII/lib/vertx-web-3.5.1.jar:/home/travis/build/icyphy/ptII/lib/slf4j-api-1.7.13.jar:/home/travis/build/icyphy/ptII/lib/slf4j-simple-1.7.13.jar:/home/travis/build/icyphy/ptII/lib/webcam-capture-0.3.12.jar:/home/travis/build/icyphy/ptII/lib/bridj-0.7.0.jar:/home/travis/build/icyphy/ptII/lib/xbjlib-1.1.0.nrjavaserial.jar" />
    <property name="test.batch" value="**/junit/*.java" />
    <property name="env._" value="/usr/bin/timeout" />
    <property name="java.io.tmpdir" value="/tmp" />
    <property name="env.TRAVIS_INTERNAL_RUBY_REGEX" value="^ruby-(2\.[0-4]\.[0-9]|1\.9\.3)" />
    <property name="user.language" value="en" />
    <property name="env.HISTCONTROL" value="ignoredups:ignorespace" />
    <property name="env.GOROOT" value="/home/travis/.gimme/versions/go1.7.4.linux.amd64" />
    <property name="line.separator" value="&#xa;" />
    <property name="target" value="1.8" />
    <property name="env.TRAVIS_BUILD_DIR" value="/home/travis/build/icyphy/ptII" />
    <property name="env.ANT_OPTS" value="-Xmx2048m" />
    <property name="ant.file.type" value="file" />
    <property name="ptolemy.ptII.batchMode" value="true" />
    <property name="env.HISTSIZE" value="1000" />
    <property name="env.MERB_ENV" value="test" />
    <property name="java.vm.info" value="mixed mode" />
    <property name="source" value="1.8" />
    <property name="java.vm.specification.name" value="Java Virtual Machine Specification" />
    <property name="env.TRAVIS_TEST_RESULT" value="0" />
    <property name="jsdoc.command" value="node_modules/@terraswarm/jsdoc/jsdoc.js" />
    <property name="npm.works" value="true" />
    <property name="cobertura.dir" value="/home/travis/build/icyphy/ptII/vendors/cobertura-2.0.3" />
    <property name="env.rvm_path" value="/home/travis/.rvm" />
    <property name="env.GEM_PATH" value="/home/travis/.rvm/gems/ruby-2.4.1:/home/travis/.rvm/gems/ruby-2.4.1@global" />
    <property name="env.LC_CTYPE" value="en_US.UTF-8" />
    <property name="java.awt.printerjob" value="sun.print.PSPrinterJob" />
    <property name="env.TRAVIS_CMD" value="$PTII/bin/ptIITravisBuild.sh $SECONDS" />
    <property name="env.TRAVIS_STACK_NAME" value="garnet" />
    <property name="env.TRAVIS_TIMER_START_TIME" value="1552588195354443102" />
    <property name="ant.version" value="Apache Ant(TM) version 1.10.1 compiled on February 2 2017" />
    <property name="ptII.reports" value="/home/travis/build/icyphy/ptII/reports" />
    <property name="env.TRAVIS_STACK_TIMESTAMP" value="2017-12-05 19:33:09 UTC" />
    <property name="ant.file.type.ptII" value="file" />
    <property name="env.RBENV_SHELL" value="bash" />
    <property name="os.name" value="Linux" />
    <property name="java.specification.vendor" value="Oracle Corporation" />
    <property name="env.rvm_version" value="1.29.3 (latest)" />
    <property name="env.TRAVIS_INFRA" value="gce" />
    <property name="env.TERM" value="xterm" />
    <property name="java.vm.name" value="Java HotSpot(TM) 64-Bit Server VM" />
    <property name="env.TRAVIS_BUILD_NUMBER" value="1048" />
    <property name="env.CI" value="true" />
    <property name="java.library.path" value="/home/travis/pthla/certi-tools/lib:/usr/lib/jni:/usr/local/share/OpenCV/java/:/usr/share/OpenCV/java::/usr/java/packages/lib/amd64:/usr/lib64:/lib64:/lib:/usr/lib" />
    <property name="env.rvm_prefix" value="/home/travis" />
    <property name="env.PATH" value="/home/travis/pthla/certi-tools/share/scripts:/home/travis/.rvm/gems/ruby-2.4.1/bin:/home/travis/.rvm/gems/ruby-2.4.1@global/bin:/home/travis/.rvm/rubies/ruby-2.4.1/bin:/home/travis/.rvm/bin:/home/travis/.nvm/versions/node/v7.10.1/bin:./node_modules/.bin:/home/travis/build/icyphy/ptII/bin:/home/travis/pthla/certi-tools/bin:/home/travis/bin:/home/travis/.local/bin:/opt/pyenv/shims:/home/travis/.phpenv/shims:/home/travis/perl5/perlbrew/bin:/home/travis/.kiex/elixirs/elixir-1.4.5/bin:/home/travis/.kiex/bin:/home/travis/gopath/bin:/home/travis/.gimme/versions/go1.7.4.linux.amd64/bin:/usr/local/phantomjs/bin:/usr/local/phantomjs:/usr/local/neo4j-3.2.7/bin:/usr/local/maven-3.5.2/bin:/usr/local/cmake-3.9.2/bin:/usr/local/clang-5.0.0/bin:/usr/local/sbin:/usr/local/bin:/usr/sbin:/usr/bin:/sbin:/bin:/home/travis/.phpenv/bin:/opt/pyenv/bin:/home/travis/.yarn/bin" />
    <property name="env.TRAVIS_OS_NAME" value="linux" />
    <property name="ant.java.version" value="1.8" />
    <property name="basedir" value="/home/travis/build/icyphy/ptII" />
    <property name="java.class.version" value="52.0" />
    <property name="env.SHLVL" value="3" />
    <property name="env.LD_LIBRARY_PATH" value="/home/travis/pthla/certi-tools/lib:/usr/lib/jni:/usr/local/share/OpenCV/java/:/usr/share/OpenCV/java:" />
    <property name="env.RACK_ENV" value="test" />
    <property name="ant.home" value="/home/travis/build/icyphy/ptII/ant" />
    <property name="env.PERLBREW_BASHRC_VERSION" value="0.80" />
    <property name="env.NVM_DIR" value="/home/travis/.nvm" />
    <property name="env.TRAVIS_BUILD_ID" value="506383170" />
    <property name="env.CERTI_FOM_PATH" value="/home/travis/pthla/certi-tools/share/federations" />
    <property name="env.PYENV_ROOT" value="/opt/pyenv" />
    <property name="env.TRAVIS_UID" value="2000" />
    <property name="env.rvm_pretty_print_flag" value="auto" />
    <property name="env.NVM_BIN" value="/home/travis/.nvm/versions/node/v7.10.1/bin" />
    <property name="env.TRAVIS_COMMIT" value="67555cc8f7f8bee349ae8a97249408c1f5190cda" />
    <property name="env._system_arch" value="x86_64" />
    <property name="node.executable" value="node" />
    <property name="sun.boot.library.path" value="/usr/lib/jvm/java-8-oracle/jre/lib/amd64" />
    <property name="sun.management.compiler" value="HotSpot 64-Bit Tiered Compilers" />
    <property name="env.GOPATH" value="/home/travis/gopath" />
    <property name="java.awt.graphicsenv" value="sun.awt.X11GraphicsEnvironment" />
    <property name="ptolemy.ptII.dir" value="/home/travis/build/icyphy/ptII" />
    <property name="env.USER" value="travis" />
    <property name="env.HISTFILESIZE" value="2000" />
    <property name="timeout.longest" value="19000000" />
    <property name="env.TRAVIS_STACK_FEATURES" value="basic cassandra chromium couchdb disabled-ipv6 docker docker-compose elasticsearch firefox go-toolchain google-chrome jdk memcached mongodb mysql neo4j nodejs_interpreter perl_interpreter perlbrew phantomjs postgresql python_interpreter rabbitmq redis riak ruby_interpreter sqlite xserver" />
    <property name="env.TRAVIS_PULL_REQUEST" value="false" />
    <property name="env.PYENV_SHELL" value="bash" />
    <property name="ant.project.name" value="ptII" />
    <property name="java.vm.specification.version" value="1.8" />
    <property name="env.ANSI_RESET" value="\033[0m" />
    <property name="env.TRAVIS_DIST" value="trusty" />
    <property name="env.CERTI_VERSION" value="4.0.0" />
    <property name="env.NLSPATH" value="/usr/dt/lib/nls/msg/%L/%N.cat" />
    <property name="awt.toolkit" value="sun.awt.X11.XToolkit" />
    <property name="env.CERTI_HOST" value="localhost" />
    <property name="env.MY_RUBY_HOME" value="/home/travis/.rvm/rubies/ruby-2.4.1" />
    <property name="sun.cpu.isalist" value="" />
    <property name="env.TRAVIS_TMPDIR" value="/tmp/tmp.3TOxIoKIyh" />
    <property name="java.ext.dirs" value="/usr/lib/jvm/java-8-oracle/jre/lib/ext:/usr/java/packages/lib/ext" />
    <property name="os.version" value="4.4.0-101-generic" />
    <property name="user.home" value="/home/travis" />
    <property name="env.MIX_ARCHIVES" value="/home/travis/.kiex/mix/elixir-1.4.5" />
    <property name="java.vm.vendor" value="Oracle Corporation" />
    <property name="env.TRAVIS_TAG" value="nightly" />
    <property name="env.ANSI_YELLOW" value="\033[33;1m" />
    <property name="env.TRAVIS_FILTERED" value="redirect_io" />
    <property name="env.ANSI_GREEN" value="\033[32;1m" />
    <property name="env.JAVA_HOME" value="/usr/lib/jvm/java-8-oracle" />
    <property name="env.PTII" value="/home/travis/build/icyphy/ptII" />
    <property name="javadoc.excludepackagenames" value="adm.cvs2svn.*,build.*,config.*,doc.coding.templates.*,jni.test.jni.meaningOfLife.*,jni.test.jni.testDeux.*,jni.test.jni.testTrois.*,org.terraswarm.accessor.accessors.web.node_modules.*,org.terraswarm.accessor.accessors.web.hosts.cordova.demo.*,org.terraswarm.accessor.accessors.web.hosts.cordova.plugins.*,org.terraswarm.accessor.accessors-svn.*,pt-modules.*,ptolemy.apps.agilent.*,ptolemy.apps.anytimecontrol.*,ptolemy.apps.apes.*,ptolemy.apps.charon.*,ptolemy.apps.crazyboard.*,ptolemy.apps.eclipse.*,ptolemy.apps.etherealSting.*,ptolemy.apps.fullscreen.*,ptolemy.apps.giotto.*,ptolemy.apps.ia.*,ptolemy.apps.interfaces.*,ptolemy.apps.jmf.*,ptolemy.apps.kurt.*,ptolemy.apps.kvm.*,ptolemy.apps.lego.*,ptolemy.apps.lejos.*,ptolemy.apps.midp.*,ptolemy.apps.mobileCoding.*,ptolemy.apps.pendulum.*,ptolemy.apps.rijndael.*,ptolemy.apps.robot.*,ptolemy.apps.security.*,ptolemy.apps.sobel.*,ptolemy.apps.soot.*,ptolemy.apps.throttle.*,ptolemy.apps.tini.*,ptolemy.apps.transmission.*,ptolemy.apps.vergil.*,ptolemy.apps.waba.*,ptolemy.apps.websensor.*,ptolemy.apps.webstart.*,ptolemy.apps.xsl.*,ptolemy.apps.zaurus.*,ptolemy.codegen.c.actor.lib.oldJavaFiles.*,ptolemy.codegen.dsp.lib.*,ptolemy.codegen.kernel.newInterfaces.*,ptolemy.codegen.lib.*,ptolemy.copernicus.kernel.fragment.*,ptolemy.copernicus.shallow.cg.*,ptolemy.domains.giotto.demo.Hierarchy.Hierarchy.*,ptolemy.domains.giotto.demo.Multimode.Multimode.*,ptolemy.domains.giotto.demo.Simple.Simple.*,ptolemy.domains.gr.lib.experimental.*,ptolemy.domains.gro.*,ptolemy.domains.pdf.*,ptolemy.domains.ptinyos.demo.Surge.output.*,ptolemy.moml.test.NoPackageActor.java*,ptolemy.plot.adm.*,ptolemy.plot.servlet.*,reports.*,signed.*,src.*,target.*,vendors.*,ptolemy.apps.eclipse.awt.*,ptolemy.backtrack.*,ptolemy.backtrack.ast.*,ptolemy.cg.adapter.generic.program.procedural.c.mbed*,ptolemy.homer.*,org.ptolemy.scala.*,diva.util.java2d.svg.*,ptolemy.domains.ptinyos.*,ptolemy.actor.lib.fmi.fmipp.*,,org.terraswarm.accessor.accessors.web.node_modules.*,org.terraswarm.accessor.accessors-svn,ptolemy.apps.*,ptolemy.actor.ptalon.demo.ptinyos.SendAndReceiveCnt.output,ptolemy.actor.ptalon.demo.ptinyos.SenseToLeds.output,ptolemy.domains.ptinyos.demo.CntToLedsAndRfm.output,ptolemy.domains.ptinyos.demo.RfmToLeds.output,ptolemy.domains.ptinyos.demo.SendAndReceiveCnt.output,ptolemy.domains.ptinyos.demo.SenseToLeds.output,ptolemy.actor.lib.jjs.modules.udpSocket.*" />
    <property name="env.TRAVIS_COMMIT_MESSAGE" value="Fine tuned documentation and changed a tick2() to tick() and watch for stopRequested" />
    <property name="keystore" value="ptKeystore" />
    <property name="env.XDG_SESSION_ID" value="2" />
    <property name="junit.output.dir" value="/home/travis/build/icyphy/ptII/reports/junit" />
    <property name="npm.return.code" value="0" />
    <property name="user.dir" value="/home/travis/build/icyphy/ptII/ptolemy/domains/de/test" />
    <property name="env.TRAVIS_NODE_VERSION" value="7" />
    <property name="env.XFILESEARCHPATH" value="/usr/dt/app-defaults/%L/Dt" />
    <property name="env.TRAVIS_EVENT_TYPE" value="push" />
    <property name="env.MAIL" value="/var/mail/travis" />
    <property name="env.PWD" value="/home/travis/build/icyphy/ptII" />
    <property name="env.PERLBREW_ROOT" value="/home/travis/perl5/perlbrew" />
    <property name="timeout.npm" value="45000" />
    <property name="env.PT_TRAVIS_TEST_CORE2_XML" value="true" />
    <property name="env.TRAVIS_ARCH" value="amd64" />
    <property name="env.PAGER" value="cat" />
    <property name="sun.cpu.endian" value="little" />
    <property name="env.TRAVIS_BUILD_STAGE_NAME" value="Test" />
    <property name="env.PERLBREW_HOME" value="/home/travis/.perlbrew" />
    <property name="env.RAILS_ENV" value="test" />
    <property name="java.vm.version" value="25.151-b12" />
    <property name="java.class.path" value="/home/travis/build/icyphy/ptII:/home/travis/build/icyphy/ptII/lib/bsh-2.0b4.jar:/home/travis/build/icyphy/ptII/lib/ptCal.jar:/home/travis/build/icyphy/ptII/lib/java_cup.jar:/home/travis/build/icyphy/ptII/lib/saxon8.jar:/home/travis/build/icyphy/ptII/lib/saxon8-dom.jar:/home/travis/build/icyphy/ptII/lib/chic.jar:/home/travis/build/icyphy/ptII/lib/ptcolt.jar:/usr/lib/jvm/java-8-oracle/lib/tools.jar:/home/travis/build/icyphy/ptII/vendors/misc/itext/iText.jar:/home/travis/build/icyphy/ptII/lib/g4ltl.jar:/home/travis/build/icyphy/ptII/lib/StructuralCoder.jar:/home/travis/build/icyphy/ptII/vendors/jai-1_1_2_01/lib/jai_core.jar:/home/travis/build/icyphy/ptII/vendors/jai-1_1_2_01/lib/jai_codec.jar:/home/travis/build/icyphy/ptII/lib/jcerti.jar:/home/travis/build/icyphy/ptII/lib/javax.mail.jar:/home/travis/build/icyphy/ptII/vendors/JMF-2.1.1e/lib/jmf.jar:/home/travis/build/icyphy/ptII/lib/jna-4.0.0-variadic.jar:/home/travis/build/icyphy/ptII/vendors/misc/joystick/Joystick.jar:/home/travis/build/icyphy/ptII/lib/ptjacl.jar:/home/travis/build/icyphy/ptII/lib/jsoup-1.8.2.jar:/home/travis/build/icyphy/ptII/lib/junit-4.8.2.jar:/home/travis/build/icyphy/ptII/lib/JUnitParams-0.4.0.jar:/home/travis/build/icyphy/ptII/ptolemy/actor/lib/excel/jxl.jar:/home/travis/build/icyphy/ptII/lib/jython.jar:/home/travis/build/icyphy/ptII/lib/kieler.jar:/home/travis/build/icyphy/ptII/vendors/opencv/share/OpenCV/java/opencv-341.jar:/home/travis/build/icyphy/ptII/lib/oscP5.jar:/home/travis/build/icyphy/ptII/lib/nrjavaserial-3.11.0.devel.jar:/home/travis/build/icyphy/ptII/vendors/j3d/lib/j3dcore.jar:/home/travis/build/icyphy/ptII/vendors/j3d/lib/j3dutils.jar:/home/travis/build/icyphy/ptII/vendors/j3d/lib/vecmath.jar:/home/travis/build/icyphy/ptII/ptolemy/distributed/jini/jar/jini-core.jar:/home/travis/build/icyphy/ptII/ptolemy/distributed/jini/jar/jini-ext.jar:/home/travis/build/icyphy/ptII/ptolemy/distributed/jini/jar/sun-util.jar:/home/travis/build/icyphy/ptII/lib/protobuf-java-2.4.1.jar:/home/travis/build/icyphy/ptII/lib/org.eclipse.paho.client.mqttv3.jar:/home/travis/build/icyphy/ptII/lib/mapss.jar:/home/travis/build/icyphy/ptII/ptolemy/actor/ptalon/antlr/antlr.jar:/home/travis/build/icyphy/ptII/lib/JRI.jar:/home/travis/build/icyphy/ptII/lib/commons-lang-2.6.jar:/home/travis/build/icyphy/ptII/lib/commons-logging-1.1.1.jar:/home/travis/build/icyphy/ptII/lib/sootclasses.jar:/home/travis/build/icyphy/ptII/ptolemy/actor/lib/database/mysql-connector-java-5.1.6-bin.jar:/home/travis/build/icyphy/ptII/vendors/misc/sphinx4/sphinx4-data-5prealpha.jar:/home/travis/build/icyphy/ptII/vendors/misc/sphinx4/sphinx4-core-5prealpha.jar:/home/travis/build/icyphy/ptII/lib/PDFRenderer.jar:/home/travis/build/icyphy/ptII/lib/svgSalamander.jar:/home/travis/build/icyphy/ptII/lib/rsyntaxtextarea-2.6.0-SNAPSHOT.jar:/home/travis/build/icyphy/ptII/lib/hazelcast-3.8.2.jar:/home/travis/build/icyphy/ptII/lib/jackson-annotations-2.9.0.jar:/home/travis/build/icyphy/ptII/lib/jackson-core-2.9.3.jar:/home/travis/build/icyphy/ptII/lib/jackson-databind-2.9.3.jar:/home/travis/build/icyphy/ptII/lib/netty-buffer-4.1.19.Final.jar:/home/travis/build/icyphy/ptII/lib/netty-codec-4.1.19.Final.jar:/home/travis/build/icyphy/ptII/lib/netty-codec-dns-4.1.19.Final.jar:/home/travis/build/icyphy/ptII/lib/netty-codec-http-4.1.19.Final.jar:/home/travis/build/icyphy/ptII/lib/netty-codec-http2-4.1.19.Final.jar:/home/travis/build/icyphy/ptII/lib/netty-common-4.1.19.Final.jar:/home/travis/build/icyphy/ptII/lib/netty-handler-4.1.19.Final.jar:/home/travis/build/icyphy/ptII/lib/netty-resolver-4.1.19.Final.jar:/home/travis/build/icyphy/ptII/lib/netty-resolver-dns-4.1.19.Final.jar:/home/travis/build/icyphy/ptII/lib/netty-transport-4.1.19.Final.jar:/home/travis/build/icyphy/ptII/lib/vertx-codegen-3.5.1.jar:/home/travis/build/icyphy/ptII/lib/vertx-core-3.5.2-SNAPSHOT.jar:/home/travis/build/icyphy/ptII/lib/vertx-hazelcast-3.5.1.jar:/home/travis/build/icyphy/ptII/lib/vertx-lang-js-3.5.1.jar:/home/travis/build/icyphy/ptII/lib/vertx-service-proxy-3.5.1.jar:/home/travis/build/icyphy/ptII/lib/vertx-web-3.5.1.jar:/home/travis/build/icyphy/ptII/lib/slf4j-api-1.7.13.jar:/home/travis/build/icyphy/ptII/lib/slf4j-simple-1.7.13.jar:/home/travis/build/icyphy/ptII/lib/webcam-capture-0.3.12.jar:/home/travis/build/icyphy/ptII/lib/bridj-0.7.0.jar:/home/travis/build/icyphy/ptII/lib/xbjlib-1.1.0.nrjavaserial.jar:/home/travis/build/icyphy/ptII/ptolemy/moml/test:/home/travis/build/icyphy/ptII/ant/lib/ant-launcher.jar:/home/travis/build/icyphy/ptII/ant/lib/ant.jar:/home/travis/build/icyphy/ptII/ant/lib/ant-junit.jar:/home/travis/build/icyphy/ptII/ant/lib/ant-junit4.jar" />
    <property name="ant.library.dir" value="/home/travis/build/icyphy/ptII/ant/lib" />
    <property name="os.arch" value="amd64" />
    <property name="env.TRAVIS_LANGUAGE" value="node_js" />
    <property name="env.CONTINUOUS_INTEGRATION" value="true" />
    <property name="env.TRAVIS_STACK_LANGUAGES" value="__garnet__ c c++ clojure cplusplus cpp default go groovy java node_js php pure_java python ruby scala" />
    <property name="test.name" value="ptolemy.actor.lib.test.junit.JUnitTclTest" />
    <property name="sun.java.launcher" value="SUN_STANDARD" />
    <property name="env.PYTHON_CONFIGURE_OPTS" value="--enable-unicode=ucs4 --with-wide-unicode --enable-shared --enable-ipv6 --enable-loadable-sqlite-extensions --with-computed-gotos" />
    <property name="ant.core.lib" value="/home/travis/build/icyphy/ptII/ant/lib/ant.jar" />
    <property name="java.vm.specification.vendor" value="Oracle Corporation" />
    <property name="env.BCVTB_HOME" value="/home/travis/build/icyphy/ptII/lbnl" />
    <property name="file.separator" value="/" />
    <property name="spotbugs.home" value="/home/travis/build/icyphy/ptII/vendors/spotbugs-3.1.1" />
    <property name="java.runtime.version" value="1.8.0_151-b12" />
    <property name="sun.boot.class.path" value="/usr/lib/jvm/java-8-oracle/jre/lib/resources.jar:/usr/lib/jvm/java-8-oracle/jre/lib/rt.jar:/usr/lib/jvm/java-8-oracle/jre/lib/sunrsasign.jar:/usr/lib/jvm/java-8-oracle/jre/lib/jsse.jar:/usr/lib/jvm/java-8-oracle/jre/lib/jce.jar:/usr/lib/jvm/java-8-oracle/jre/lib/charsets.jar:/usr/lib/jvm/java-8-oracle/jre/lib/jfr.jar:/usr/lib/jvm/java-8-oracle/jre/classes" />
    <property name="env.ANSI_CLEAR" value="\033[0K" />
    <property name="env.HAS_JOSH_K_SEAL_OF_APPROVAL" value="true" />
    <property name="env.XDG_RUNTIME_DIR" value="/run/user/2000" />
    <property name="env.TRAVIS_OSX_IMAGE" value="" />
    <property name="env.TRAVIS_BRANCH" value="master" />
    <property name="env.TRAVIS_JOB_ID" value="506383179" />
    <property name="user.country" value="US" />
    <property name="env.CERTI_HOME_TRAVIS" value="/home/travis/pthla/certi-tools" />
    <property name="env.SHELL" value="/bin/bash" />
    <property name="java.maxmemory.large" value="5000m" />
    <property name="model" value="" />
    <property name="env.CASHER_DIR" value="/home/travis/.casher" />
    <property name="env.NVM_CD_FLAGS" value="" />
    <property name="jshint.executable" value="/home/travis/node_modules/jshint/bin/jshint" />
    <property name="java.vendor" value="Oracle Corporation" />
    <property name="env.JRUBY_OPTS" value=" --client -J-XX:+TieredCompilation -J-XX:TieredStopAtLevel=1 -J-Xss2m -Xcompile.invokedynamic=false" />
    <property name="env.TRAVIS_PRE_CHEF_BOOTSTRAP_TIME" value="2017-12-05T19:32:55" />
    <property name="env.TRAVIS_STACK_JOB_BOARD_REGISTER" value="/.job-board-register.yml" />
    <property name="env.ELIXIR_VERSION" value="1.4.5" />
    <property name="env.ANSI_RED" value="\033[31;1m" />
    <property name="java.specification.version" value="1.8" />
    <property name="env.TRAVIS" value="true" />
    <property name="env.IRBRC" value="/home/travis/.rvm/rubies/ruby-2.4.1/.irbrc" />
    <property name="sun.arch.data.model" value="64" />
  </properties>
  <testcase classname="ptolemy.util.test.junit.TclTests" name="[0] /home/travis/build/icyphy/ptII/ptolemy/domains/de/test/DependencyLoop.tcl (RunTclFile)" time="0.696" />
  <testcase classname="ptolemy.util.test.junit.TclTests" name="[1] /home/travis/build/icyphy/ptII/ptolemy/domains/de/test/RunDETestsAsQSS.tcl (RunTclFile)" time="86.38" />
  <testcase classname="ptolemy.util.test.junit.AutoKnownFailedTests" name="[0] /home/travis/build/icyphy/ptII/ptolemy/domains/de/test/auto/knownFailedTests/DESDFClockTest.xml (RunModel)" time="2.028" />
  <testcase classname="ptolemy.util.test.junit.AutoKnownFailedTests" name="[1] /home/travis/build/icyphy/ptII/ptolemy/domains/de/test/auto/knownFailedTests/DirectFeedback.xml (RunModel)" time="0.021" />
  <testcase classname="ptolemy.util.test.junit.AutoKnownFailedTests" name="[2] /home/travis/build/icyphy/ptII/ptolemy/domains/de/test/auto/knownFailedTests/FSMSource.xml (RunModel)" time="0.033" />
  <testcase classname="ptolemy.util.test.junit.AutoKnownFailedTests" name="[3] /home/travis/build/icyphy/ptII/ptolemy/domains/de/test/auto/knownFailedTests/HierarchicalModel.xml (RunModel)" time="0.051" />
  <testcase classname="ptolemy.util.test.junit.AutoKnownFailedTests" name="[4] /home/travis/build/icyphy/ptII/ptolemy/domains/de/test/auto/knownFailedTests/dependencyLoop.xml (RunModel)" time="0.035" />
  <testcase classname="ptolemy.util.test.junit.AutoKnownFailedTests" name="[5] /home/travis/build/icyphy/ptII/ptolemy/domains/de/test/auto/knownFailedTests/dependencyLoop2.xml (RunModel)" time="0.041" />
  <testcase classname="ptolemy.util.test.junit.AutoNameArchTests" name="[0] ThereAreNoAutoArchTests (RunModel)" time="0.001" />
  <testcase classname="ptolemy.util.test.junit.AutoTests" name="[0] /home/travis/build/icyphy/ptII/ptolemy/domains/de/test/auto/ActorDepthCalculation_actorWithoutPorts.xml (RunModel)" time="0.028" />
  <testcase classname="ptolemy.util.test.junit.AutoTests" name="[1] /home/travis/build/icyphy/ptII/ptolemy/domains/de/test/auto/AssemblyLine.xml (RunModel)" time="0.027" />
  <testcase classname="ptolemy.util.test.junit.AutoTests" name="[2] /home/travis/build/icyphy/ptII/ptolemy/domains/de/test/auto/CQBug1.xml (RunModel)" time="0.016" />
  <testcase classname="ptolemy.util.test.junit.AutoTests" name="[3] /home/travis/build/icyphy/ptII/ptolemy/domains/de/test/auto/CancelFireAt.xml (RunModel)" time="0.006" />
  <testcase classname="ptolemy.util.test.junit.AutoTests" name="[4] /home/travis/build/icyphy/ptII/ptolemy/domains/de/test/auto/CausalityAndComposabilityAnalysis.xml (RunModel)" time="0.011" />
  <testcase classname="ptolemy.util.test.junit.AutoTests" name="[5] /home/travis/build/icyphy/ptII/ptolemy/domains/de/test/auto/CausalityInterface1.xml (RunModel)" time="0.013" />
  <testcase classname="ptolemy.util.test.junit.AutoTests" name="[6] /home/travis/build/icyphy/ptII/ptolemy/domains/de/test/auto/CausalityInterface15.xml (RunModel)" time="0.025" />
  <testcase classname="ptolemy.util.test.junit.AutoTests" name="[7] /home/travis/build/icyphy/ptII/ptolemy/domains/de/test/auto/CausalityInterface2.xml (RunModel)" time="0.02" />
  <testcase classname="ptolemy.util.test.junit.AutoTests" name="[8] /home/travis/build/icyphy/ptII/ptolemy/domains/de/test/auto/CausalityInterface3.xml (RunModel)" time="0.012" />
  <testcase classname="ptolemy.util.test.junit.AutoTests" name="[9] /home/travis/build/icyphy/ptII/ptolemy/domains/de/test/auto/ClockDrift.xml (RunModel)" time="0.034" />
  <testcase classname="ptolemy.util.test.junit.AutoTests" name="[10] /home/travis/build/icyphy/ptII/ptolemy/domains/de/test/auto/ClockDriftAndValueChange.xml (RunModel)" time="0.03" />
  <testcase classname="ptolemy.util.test.junit.AutoTests" name="[11] /home/travis/build/icyphy/ptII/ptolemy/domains/de/test/auto/ClockDriftChange.xml (RunModel)" time="0.019" />
  <testcase classname="ptolemy.util.test.junit.AutoTests" name="[12] /home/travis/build/icyphy/ptII/ptolemy/domains/de/test/auto/ComposableCausalityAnalysis.xml (RunModel)" time="0.013" />
  <testcase classname="ptolemy.util.test.junit.AutoTests" name="[13] /home/travis/build/icyphy/ptII/ptolemy/domains/de/test/auto/DEFixedPointLimitation.xml (RunModel)" time="0.007" />
  <testcase classname="ptolemy.util.test.junit.AutoTests" name="[14] /home/travis/build/icyphy/ptII/ptolemy/domains/de/test/auto/DEScheduleTest.xml (RunModel)" time="0.025" />
  <testcase classname="ptolemy.util.test.junit.AutoTests" name="[15] /home/travis/build/icyphy/ptII/ptolemy/domains/de/test/auto/DEinDEwithStartTimes.xml (RunModel)" time="0.013" />
  <testcase classname="ptolemy.util.test.junit.AutoTests" name="[16] /home/travis/build/icyphy/ptII/ptolemy/domains/de/test/auto/DEinDEwithStartTimes2.xml (RunModel)" time="0.012" />
  <testcase classname="ptolemy.util.test.junit.AutoTests" name="[17] /home/travis/build/icyphy/ptII/ptolemy/domains/de/test/auto/DateDemo.xml (RunModel)" time="0.022" />
  <testcase classname="ptolemy.util.test.junit.AutoTests" name="[18] /home/travis/build/icyphy/ptII/ptolemy/domains/de/test/auto/DateToEvent.xml (RunModel)" time="2.028" />
  <testcase classname="ptolemy.util.test.junit.AutoTests" name="[19] /home/travis/build/icyphy/ptII/ptolemy/domains/de/test/auto/DepthTest1.xml (RunModel)" time="0.008" />
  <testcase classname="ptolemy.util.test.junit.AutoTests" name="[20] /home/travis/build/icyphy/ptII/ptolemy/domains/de/test/auto/DepthTest2.xml (RunModel)" time="0.018" />
  <testcase classname="ptolemy.util.test.junit.AutoTests" name="[21] /home/travis/build/icyphy/ptII/ptolemy/domains/de/test/auto/DepthTest3.xml (RunModel)" time="0.007" />
  <testcase classname="ptolemy.util.test.junit.AutoTests" name="[22] /home/travis/build/icyphy/ptII/ptolemy/domains/de/test/auto/DepthTest4.xml (RunModel)" time="0.012" />
  <testcase classname="ptolemy.util.test.junit.AutoTests" name="[23] /home/travis/build/icyphy/ptII/ptolemy/domains/de/test/auto/DepthTest5.xml (RunModel)" time="0.014" />
  <testcase classname="ptolemy.util.test.junit.AutoTests" name="[24] /home/travis/build/icyphy/ptII/ptolemy/domains/de/test/auto/DepthTest6.xml (RunModel)" time="0.013" />
  <testcase classname="ptolemy.util.test.junit.AutoTests" name="[25] /home/travis/build/icyphy/ptII/ptolemy/domains/de/test/auto/DepthTest7.xml (RunModel)" time="0.011" />
  <testcase classname="ptolemy.util.test.junit.AutoTests" name="[26] /home/travis/build/icyphy/ptII/ptolemy/domains/de/test/auto/EventToDate.xml (RunModel)" time="3.035" />
  <testcase classname="ptolemy.util.test.junit.AutoTests" name="[27] /home/travis/build/icyphy/ptII/ptolemy/domains/de/test/auto/FSM1.xml (RunModel)" time="0.037" />
  <testcase classname="ptolemy.util.test.junit.AutoTests" name="[28] /home/travis/build/icyphy/ptII/ptolemy/domains/de/test/auto/FSM7.xml (RunModel)" time="0.053" />
  <testcase classname="ptolemy.util.test.junit.AutoTests" name="[29] /home/travis/build/icyphy/ptII/ptolemy/domains/de/test/auto/Inspection.xml (RunModel)" time="0.039" />
  <testcase classname="ptolemy.util.test.junit.AutoTests" name="[30] /home/travis/build/icyphy/ptII/ptolemy/domains/de/test/auto/Iteration.xml (RunModel)" time="0.024" />
  <testcase classname="ptolemy.util.test.junit.AutoTests" name="[31] /home/travis/build/icyphy/ptII/ptolemy/domains/de/test/auto/LineFault.xml (RunModel)" time="0.582" />
  <testcase classname="ptolemy.util.test.junit.AutoTests" name="[32] /home/travis/build/icyphy/ptII/ptolemy/domains/de/test/auto/MergeModel1Add.xml (RunModel)" time="0.036" />
  <testcase classname="ptolemy.util.test.junit.AutoTests" name="[33] /home/travis/build/icyphy/ptII/ptolemy/domains/de/test/auto/MergeModel2Add.xml (RunModel)" time="0.036" />
  <testcase classname="ptolemy.util.test.junit.AutoTests" name="[34] /home/travis/build/icyphy/ptII/ptolemy/domains/de/test/auto/MergeModel3Add.xml (RunModel)" time="0.043" />
  <testcase classname="ptolemy.util.test.junit.AutoTests" name="[35] /home/travis/build/icyphy/ptII/ptolemy/domains/de/test/auto/MergeWithoutDiscard.xml (RunModel)" time="0.009" />
  <testcase classname="ptolemy.util.test.junit.AutoTests" name="[36] /home/travis/build/icyphy/ptII/ptolemy/domains/de/test/auto/Modal1.xml (RunModel)" time="0.035" />
  <testcase classname="ptolemy.util.test.junit.AutoTests" name="[37] /home/travis/build/icyphy/ptII/ptolemy/domains/de/test/auto/Modal2.xml (RunModel)" time="0.026" />
  <testcase classname="ptolemy.util.test.junit.AutoTests" name="[38] /home/travis/build/icyphy/ptII/ptolemy/domains/de/test/auto/Modal3.xml (RunModel)" time="0.03" />
  <testcase classname="ptolemy.util.test.junit.AutoTests" name="[39] /home/travis/build/icyphy/ptII/ptolemy/domains/de/test/auto/Modal4.xml (RunModel)" time="0.024" />
  <testcase classname="ptolemy.util.test.junit.AutoTests" name="[40] /home/travis/build/icyphy/ptII/ptolemy/domains/de/test/auto/Modal5.xml (RunModel)" time="0.031" />
  <testcase classname="ptolemy.util.test.junit.AutoTests" name="[41] /home/travis/build/icyphy/ptII/ptolemy/domains/de/test/auto/Modal6.xml (RunModel)" time="0.025" />
  <testcase classname="ptolemy.util.test.junit.AutoTests" name="[42] /home/travis/build/icyphy/ptII/ptolemy/domains/de/test/auto/Modal7.xml (RunModel)" time="0.026" />
  <testcase classname="ptolemy.util.test.junit.AutoTests" name="[43] /home/travis/build/icyphy/ptII/ptolemy/domains/de/test/auto/ModalModel.xml (RunModel)" time="0.16" />
  <testcase classname="ptolemy.util.test.junit.AutoTests" name="[44] /home/travis/build/icyphy/ptII/ptolemy/domains/de/test/auto/ModalSource.xml (RunModel)" time="0.022" />
  <testcase classname="ptolemy.util.test.junit.AutoTests" name="[45] /home/travis/build/icyphy/ptII/ptolemy/domains/de/test/auto/NonInterruptibleTimerZeroDelay.xml (RunModel)" time="0.009" />
  <testcase classname="ptolemy.util.test.junit.AutoTests" name="[46] /home/travis/build/icyphy/ptII/ptolemy/domains/de/test/auto/OpenQueueingNetwork.xml (RunModel)" time="2.293" />
  <testcase classname="ptolemy.util.test.junit.AutoTests" name="[47] /home/travis/build/icyphy/ptII/ptolemy/domains/de/test/auto/OpenQueuingNetwork.xml (RunModel)" time="0.272" />
  <testcase classname="ptolemy.util.test.junit.AutoTests" name="[48] /home/travis/build/icyphy/ptII/ptolemy/domains/de/test/auto/PeriodicSampler.xml (RunModel)" time="0.008" />
  <testcase classname="ptolemy.util.test.junit.AutoTests" name="[49] /home/travis/build/icyphy/ptII/ptolemy/domains/de/test/auto/PersistentIO.xml (RunModel)" time="0.019" />
  <testcase classname="ptolemy.util.test.junit.AutoTests" name="[50] /home/travis/build/icyphy/ptII/ptolemy/domains/de/test/auto/PortParameterResetOnInitialize.xml (RunModel)" time="0.009" />
  <testcase classname="ptolemy.util.test.junit.AutoTests" name="[51] /home/travis/build/icyphy/ptII/ptolemy/domains/de/test/auto/PortParameterUpdates.xml (RunModel)" time="0.017" />
  <testcase classname="ptolemy.util.test.junit.AutoTests" name="[52] /home/travis/build/icyphy/ptII/ptolemy/domains/de/test/auto/QueueAndServer.xml (RunModel)" time="0.026" />
  <testcase classname="ptolemy.util.test.junit.AutoTests" name="[53] /home/travis/build/icyphy/ptII/ptolemy/domains/de/test/auto/Records.xml (RunModel)" time="0.02" />
  <testcase classname="ptolemy.util.test.junit.AutoTests" name="[54] /home/travis/build/icyphy/ptII/ptolemy/domains/de/test/auto/ResetTransitionWithStartTime1.xml (RunModel)" time="0.021" />
  <testcase classname="ptolemy.util.test.junit.AutoTests" name="[55] /home/travis/build/icyphy/ptII/ptolemy/domains/de/test/auto/ResetTransitionWithStartTime2.xml (RunModel)" time="0.018" />
  <testcase classname="ptolemy.util.test.junit.AutoTests" name="[56] /home/travis/build/icyphy/ptII/ptolemy/domains/de/test/auto/ResetTransitionWithStartTime3.xml (RunModel)" time="0.02" />
  <testcase classname="ptolemy.util.test.junit.AutoTests" name="[57] /home/travis/build/icyphy/ptII/ptolemy/domains/de/test/auto/ResetTransitionWithStartTime4.xml (RunModel)" time="0.018" />
  <testcase classname="ptolemy.util.test.junit.AutoTests" name="[58] /home/travis/build/icyphy/ptII/ptolemy/domains/de/test/auto/ResettableTimer1.xml (RunModel)" time="0.01" />
  <testcase classname="ptolemy.util.test.junit.AutoTests" name="[59] /home/travis/build/icyphy/ptII/ptolemy/domains/de/test/auto/ResettableTimer2.xml (RunModel)" time="0.009" />
  <testcase classname="ptolemy.util.test.junit.AutoTests" name="[60] /home/travis/build/icyphy/ptII/ptolemy/domains/de/test/auto/ResettableTimer3.xml (RunModel)" time="0.007" />
  <testcase classname="ptolemy.util.test.junit.AutoTests" name="[61] /home/travis/build/icyphy/ptII/ptolemy/domains/de/test/auto/ResettableTimer4.xml (RunModel)" time="0.007" />
  <testcase classname="ptolemy.util.test.junit.AutoTests" name="[62] /home/travis/build/icyphy/ptII/ptolemy/domains/de/test/auto/ResettableTimer5.xml (RunModel)" time="0.009" />
  <testcase classname="ptolemy.util.test.junit.AutoTests" name="[63] /home/travis/build/icyphy/ptII/ptolemy/domains/de/test/auto/ResettableTimer6.xml (RunModel)" time="0.01" />
  <testcase classname="ptolemy.util.test.junit.AutoTests" name="[64] /home/travis/build/icyphy/ptII/ptolemy/domains/de/test/auto/ServerZeroDelay.xml (RunModel)" time="0.011" />
  <testcase classname="ptolemy.util.test.junit.AutoTests" name="[65] /home/travis/build/icyphy/ptII/ptolemy/domains/de/test/auto/SmartSender.xml (RunModel)" time="3.015" />
  <testcase classname="ptolemy.util.test.junit.AutoTests" name="[66] /home/travis/build/icyphy/ptII/ptolemy/domains/de/test/auto/ThreadedComposite.xml (RunModel)" time="0.14" />
  <testcase classname="ptolemy.util.test.junit.AutoTests" name="[67] /home/travis/build/icyphy/ptII/ptolemy/domains/de/test/auto/Time.xml (RunModel)" time="0.453" />
  <testcase classname="ptolemy.util.test.junit.AutoTests" name="[68] /home/travis/build/icyphy/ptII/ptolemy/domains/de/test/auto/TimeDelayZeroDelay.xml (RunModel)" time="0.01" />
  <testcase classname="ptolemy.util.test.junit.AutoTests" name="[69] /home/travis/build/icyphy/ptII/ptolemy/domains/de/test/auto/TimerZeroDelay.xml (RunModel)" time="0.009" />
  <testcase classname="ptolemy.util.test.junit.AutoTests" name="[70] /home/travis/build/icyphy/ptII/ptolemy/domains/de/test/auto/TimingParadox.xml (RunModel)" time="0.343" />
  <testcase classname="ptolemy.util.test.junit.AutoTests" name="[71] /home/travis/build/icyphy/ptII/ptolemy/domains/de/test/auto/TransferInputs.xml (RunModel)" time="0.012" />
  <testcase classname="ptolemy.util.test.junit.AutoTests" name="[72] /home/travis/build/icyphy/ptII/ptolemy/domains/de/test/auto/TransferOutputs2.xml (RunModel)" time="0.016" />
  <testcase classname="ptolemy.util.test.junit.AutoTests" name="[73] /home/travis/build/icyphy/ptII/ptolemy/domains/de/test/auto/Trilateration.xml (RunModel)" time="11.377" />
  <testcase classname="ptolemy.util.test.junit.AutoTests" name="[74] /home/travis/build/icyphy/ptII/ptolemy/domains/de/test/auto/TwoSigmaDelta.xml (RunModel)" time="2.061" />
  <testcase classname="ptolemy.util.test.junit.AutoTests" name="[75] /home/travis/build/icyphy/ptII/ptolemy/domains/de/test/auto/VariableDelay.xml (RunModel)" time="0.009" />
  <testcase classname="ptolemy.util.test.junit.AutoTests" name="[76] /home/travis/build/icyphy/ptII/ptolemy/domains/de/test/auto/VariableDelay2.xml (RunModel)" time="0.009" />
  <testcase classname="ptolemy.util.test.junit.AutoTests" name="[77] /home/travis/build/icyphy/ptII/ptolemy/domains/de/test/auto/VariableDelayZeroDelay.xml (RunModel)" time="0.009" />
  <testcase classname="ptolemy.util.test.junit.AutoTests" name="[78] /home/travis/build/icyphy/ptII/ptolemy/domains/de/test/auto/VariableDelayZeroDelay2.xml (RunModel)" time="0.008" />
  <testcase classname="ptolemy.util.test.junit.AutoTests" name="[79] /home/travis/build/icyphy/ptII/ptolemy/domains/de/test/auto/deInCt.xml (RunModel)" time="0.013" />
  <testcase classname="ptolemy.util.test.junit.AutoTests" name="[80] /home/travis/build/icyphy/ptII/ptolemy/domains/de/test/auto/deInCt2.xml (RunModel)" time="0.012" />
  <testcase classname="ptolemy.util.test.junit.AutoTests" name="[81] /home/travis/build/icyphy/ptII/ptolemy/domains/de/test/auto/dynamicCausalityInterface1.xml (RunModel)" time="0.017" />
  <testcase classname="ptolemy.util.test.junit.AutoTests" name="[82] /home/travis/build/icyphy/ptII/ptolemy/domains/de/test/auto/fsm_de_test.xml (RunModel)" time="0.019" />
  <testcase classname="ptolemy.util.test.junit.AutoTests" name="[83] /home/travis/build/icyphy/ptII/ptolemy/domains/de/test/auto/functionDependencyReconstruction.xml (RunModel)" time="0.029" />
  <testcase classname="ptolemy.util.test.junit.AutoTests" name="[84] /home/travis/build/icyphy/ptII/ptolemy/domains/de/test/auto/multirate.xml (RunModel)" time="0.013" />
  <testcase classname="ptolemy.util.test.junit.AutoTests" name="[85] /home/travis/build/icyphy/ptII/ptolemy/domains/de/test/auto/multirate2.xml (RunModel)" time="0.015" />
  <testcase classname="ptolemy.util.test.junit.AutoTests" name="[86] /home/travis/build/icyphy/ptII/ptolemy/domains/de/test/auto/realtime.xml (RunModel)" time="10.009" />
  <testcase classname="ptolemy.util.test.junit.AutoTests" name="[87] /home/travis/build/icyphy/ptII/ptolemy/domains/de/test/auto/relationGroup.xml (RunModel)" time="0.008" />
  <testcase classname="ptolemy.util.test.junit.AutoTests" name="[88] /home/travis/build/icyphy/ptII/ptolemy/domains/de/test/auto/relationGroup2.xml (RunModel)" time="0.006" />
  <testcase classname="ptolemy.util.test.junit.AutoTests" name="[89] /home/travis/build/icyphy/ptII/ptolemy/domains/de/test/auto/sortWithOpaquePorts.xml (RunModel)" time="0.006" />
  <testcase classname="ptolemy.util.test.junit.AutoTests" name="[90] /home/travis/build/icyphy/ptII/ptolemy/domains/de/test/auto/transferInputsandOutputs.xml (RunModel)" time="0.015" />
  <testcase classname="ptolemy.util.test.junit.AutoTests" name="[91] /home/travis/build/icyphy/ptII/ptolemy/domains/de/test/auto/triggerType.xml (RunModel)" time="0.008" />
  <system-out><![CDATA[/home/travis/build/icyphy/ptII/ptolemy/domains/de/test/DependencyLoop.tcl
testDefs.tcl: setting time out to 9000 seconds at Thu Mar 14 18:38:23 UTC 2019
15 ms. Memory: 116224K Free: 97650K (84%)
26 ms. Memory: 146944K Free: 141221K (96%)
/home/travis/build/icyphy/ptII/ptolemy/domains/de/test/RunDETestsAsQSS.tcl
Run the DE tests using ptolemy.domains.qss.test.QSSDirectorTest, which extends QSSDirector and prints a message in the constructors.
------------------ testing $PTII/ptolemy/domains/de/test/auto/knownFailedTests/dependencyLoop.xml (Known Failure) 
7 ms. Memory: 146944K Free: 136975K (93%)


==== $PTIIhome/travis/build/icyphy/ptII/ptolemy/domains/de/test/../../../../: Auto Automatic test in file $PTII/ptolemy/domains/de/test/auto/knownFailedTests/dependencyLoop.xml
==== Contents of test case:

	    # FIXME: we should use $relativeFilename here, but it
	    # might have backslashes under Windows, which causes no end
	    # of trouble.
	    createAndExecute $file
	    list {}
	
.... Test generated KNOWN error:
    while executing
ptolemy.kernel.util.IllegalActionException: Found a zero delay loop containing .dependencyLoop.original
  in .dependencyLoop and .dependencyLoop.original
	at ptolemy.actor.util.CausalityInterfaceForComposites._computeOutputPortDepth(CausalityInterfaceForComposites.java:759)
	at ptolemy.actor.util.CausalityInterfaceForComposites._computeInputDepth(CausalityInterfaceForComposites.java:696)
	at ptolemy.actor.util.CausalityInterfaceForComposites._computeOutputPortDepth(CausalityInterfaceForComposites.java:765)
	at ptolemy.actor.util.CausalityInterfaceForComposites._computeInputDepth(CausalityInterfaceForComposites.java:696)
	at ptolemy.actor.util.CausalityInterfaceForComposites._computeOutputPortDepth(CausalityInterfaceForComposites.java:765)
	at ptolemy.actor.util.CausalityInterfaceForComposites._computeInputDepth(CausalityInterfaceForComposites.java:696)
	at ptolemy.actor.util.CausalityInterfaceForComposites._computeActorDepth(CausalityInterfaceForComposites.java:532)
	at ptolemy.actor.util.CausalityInterfaceForComposites.checkForCycles(CausalityInterfaceForComposites.java:96)
	at ptolemy.domains.de.kernel.DEDirector.preinitialize(DEDirector.java:1338)
	at ptolemy.actor.CompositeActor.preinitialize(CompositeActor.java:1828)
	at ptolemy.actor.Manager.preinitializeAndResolveTypes(Manager.java:1040)
	at ptolemy.actor.Manager.initialize(Manager.java:710)
	at ptolemy.actor.Manager.execute(Manager.java:356)
	at ptolemy.actor.Manager.run(Manager.java:1263)
	at ptolemy.actor.Manager$PtolemyRunThread.run(Manager.java:1915)

    while executing
ptolemy.kernel.util.IllegalActionException: Found a zero delay loop containing .dependencyLoop.original
  in .dependencyLoop and .dependencyLoop.original
    while executing
"java::new ptolemy.moml.MoMLSimpleApplication $file
"
    (procedure "createAndExecute" line 2)
    invoked from within
"createAndExecute $file"
    ("uplevel" body line 5)
    invoked from within
"uplevel $contents_of_test"
------------------ testing $PTII/ptolemy/domains/de/test/auto/knownFailedTests/DESDFClockTest.xml (Known Failure) 
2088 ms. Memory: 146944K Free: 121411K (83%)


==== $PTIIhome/travis/build/icyphy/ptII/ptolemy/domains/de/test/../../../../: Auto Automatic test in file $PTII/ptolemy/domains/de/test/auto/knownFailedTests/DESDFClockTest.xml
==== Contents of test case:

	    # FIXME: we should use $relativeFilename here, but it
	    # might have backslashes under Windows, which causes no end
	    # of trouble.
	    createAndExecute $file
	    list {}
	
.... Test generated KNOWN error:
    while executing
ptolemy.kernel.util.IllegalActionException: Actor is not ready to fire.  Perhaps UpSample.prefire() returned false? Try debugging the actor by selecting "Listen to Actor".  Also, for SDF check moml for tokenConsumptionRate on input.
  in .DESDFClockTest.Play Bell.Copy1:SDF Director and .DESDFClockTest.Play Bell.UpSample
	at ptolemy.actor.sched.StaticSchedulingDirector.fire(StaticSchedulingDirector.java:227)
	at ptolemy.domains.sdf.kernel.SDFDirector.fire(SDFDirector.java:500)
	at ptolemy.actor.CompositeActor.fire(CompositeActor.java:455)
	at ptolemy.domains.de.kernel.DEDirector._fire(DEDirector.java:1949)
	at ptolemy.domains.de.kernel.DEDirector.fire(DEDirector.java:502)
	at ptolemy.actor.CompositeActor.fire(CompositeActor.java:455)
	at ptolemy.actor.Manager.iterate(Manager.java:851)
	at ptolemy.actor.Manager.execute(Manager.java:369)
	at ptolemy.actor.Manager.run(Manager.java:1263)
	at ptolemy.actor.Manager$PtolemyRunThread.run(Manager.java:1915)

    while executing
ptolemy.kernel.util.IllegalActionException: Actor is not ready to fire.  Perhaps UpSample.prefire() returned false? Try debugging the actor by selecting "Listen to Actor".  Also, for SDF check moml for tokenConsumptionRate on input.
  in .DESDFClockTest.Play Bell.Copy1:SDF Director and .DESDFClockTest.Play Bell.UpSample
    while executing
"java::new ptolemy.moml.MoMLSimpleApplication $file
"
    (procedure "createAndExecute" line 2)
    invoked from within
"createAndExecute $file"
    ("uplevel" body line 5)
    invoked from within
"uplevel $contents_of_test"
------------------ testing $PTII/ptolemy/domains/de/test/auto/knownFailedTests/FSMSource.xml (Known Failure) 
43 ms. Memory: 146944K Free: 112560K (77%)
!!!! Auto was marked as failing, but now passes
------------------ testing $PTII/ptolemy/domains/de/test/auto/knownFailedTests/dependencyLoop2.xml (Known Failure) 
6 ms. Memory: 146944K Free: 110676K (75%)


==== $PTIIhome/travis/build/icyphy/ptII/ptolemy/domains/de/test/../../../../: Auto Automatic test in file $PTII/ptolemy/domains/de/test/auto/knownFailedTests/dependencyLoop2.xml
==== Contents of test case:

	    # FIXME: we should use $relativeFilename here, but it
	    # might have backslashes under Windows, which causes no end
	    # of trouble.
	    createAndExecute $file
	    list {}
	
.... Test generated KNOWN error:
    while executing
ptolemy.kernel.util.IllegalActionException: Found a zero delay loop containing .dependencyLoop2.original
  in .dependencyLoop2 and .dependencyLoop2.original
	at ptolemy.actor.util.CausalityInterfaceForComposites._computeOutputPortDepth(CausalityInterfaceForComposites.java:759)
	at ptolemy.actor.util.CausalityInterfaceForComposites._computeInputDepth(CausalityInterfaceForComposites.java:696)
	at ptolemy.actor.util.CausalityInterfaceForComposites._computeOutputPortDepth(CausalityInterfaceForComposites.java:765)
	at ptolemy.actor.util.CausalityInterfaceForComposites._computeInputDepth(CausalityInterfaceForComposites.java:696)
	at ptolemy.actor.util.CausalityInterfaceForComposites._computeOutputPortDepth(CausalityInterfaceForComposites.java:765)
	at ptolemy.actor.util.CausalityInterfaceForComposites._computeInputDepth(CausalityInterfaceForComposites.java:696)
	at ptolemy.actor.util.CausalityInterfaceForComposites._computeActorDepth(CausalityInterfaceForComposites.java:532)
	at ptolemy.actor.util.CausalityInterfaceForComposites.checkForCycles(CausalityInterfaceForComposites.java:96)
	at ptolemy.domains.de.kernel.DEDirector.preinitialize(DEDirector.java:1338)
	at ptolemy.actor.CompositeActor.preinitialize(CompositeActor.java:1828)
	at ptolemy.actor.Manager.preinitializeAndResolveTypes(Manager.java:1040)
	at ptolemy.actor.Manager.initialize(Manager.java:710)
	at ptolemy.actor.Manager.execute(Manager.java:356)
	at ptolemy.actor.Manager.run(Manager.java:1263)
	at ptolemy.actor.Manager$PtolemyRunThread.run(Manager.java:1915)

    while executing
ptolemy.kernel.util.IllegalActionException: Found a zero delay loop containing .dependencyLoop2.original
  in .dependencyLoop2 and .dependencyLoop2.original
    while executing
"java::new ptolemy.moml.MoMLSimpleApplication $file
"
    (procedure "createAndExecute" line 2)
    invoked from within
"createAndExecute $file"
    ("uplevel" body line 5)
    invoked from within
"uplevel $contents_of_test"
------------------ testing $PTII/ptolemy/domains/de/test/auto/knownFailedTests/HierarchicalModel.xml (Known Failure) 
5 ms. Memory: 146944K Free: 90514K (62%)


==== $PTIIhome/travis/build/icyphy/ptII/ptolemy/domains/de/test/../../../../: Auto Automatic test in file $PTII/ptolemy/domains/de/test/auto/knownFailedTests/HierarchicalModel.xml
==== Contents of test case:

	    # FIXME: we should use $relativeFilename here, but it
	    # might have backslashes under Windows, which causes no end
	    # of trouble.
	    createAndExecute $file
	    list {}
	
.... Test generated KNOWN error:
    while executing
ptolemy.kernel.util.IllegalActionException: Found a zero delay loop containing .HierarchicalModel.A
  in .HierarchicalModel and .HierarchicalModel.A
	at ptolemy.actor.util.CausalityInterfaceForComposites._computeOutputPortDepth(CausalityInterfaceForComposites.java:759)
	at ptolemy.actor.util.CausalityInterfaceForComposites._computeInputDepth(CausalityInterfaceForComposites.java:696)
	at ptolemy.actor.util.CausalityInterfaceForComposites._computeOutputPortDepth(CausalityInterfaceForComposites.java:765)
	at ptolemy.actor.util.CausalityInterfaceForComposites._computeInputDepth(CausalityInterfaceForComposites.java:696)
	at ptolemy.actor.util.CausalityInterfaceForComposites._computeOutputPortDepth(CausalityInterfaceForComposites.java:765)
	at ptolemy.actor.util.CausalityInterfaceForComposites._computeInputDepth(CausalityInterfaceForComposites.java:696)
	at ptolemy.actor.util.CausalityInterfaceForComposites._computeActorDepth(CausalityInterfaceForComposites.java:532)
	at ptolemy.actor.util.CausalityInterfaceForComposites.checkForCycles(CausalityInterfaceForComposites.java:96)
	at ptolemy.domains.de.kernel.DEDirector.preinitialize(DEDirector.java:1338)
	at ptolemy.actor.CompositeActor.preinitialize(CompositeActor.java:1828)
	at ptolemy.actor.Manager.preinitializeAndResolveTypes(Manager.java:1040)
	at ptolemy.actor.Manager.initialize(Manager.java:710)
	at ptolemy.actor.Manager.execute(Manager.java:356)
	at ptolemy.actor.Manager.run(Manager.java:1263)
	at ptolemy.actor.Manager$PtolemyRunThread.run(Manager.java:1915)

    while executing
ptolemy.kernel.util.IllegalActionException: Found a zero delay loop containing .HierarchicalModel.A
  in .HierarchicalModel and .HierarchicalModel.A
    while executing
"java::new ptolemy.moml.MoMLSimpleApplication $file
"
    (procedure "createAndExecute" line 2)
    invoked from within
"createAndExecute $file"
    ("uplevel" body line 5)
    invoked from within
"uplevel $contents_of_test"
------------------ testing $PTII/ptolemy/domains/de/test/auto/knownFailedTests/DirectFeedback.xml (Known Failure) 
4 ms. Memory: 146944K Free: 86404K (59%)


==== $PTIIhome/travis/build/icyphy/ptII/ptolemy/domains/de/test/../../../../: Auto Automatic test in file $PTII/ptolemy/domains/de/test/auto/knownFailedTests/DirectFeedback.xml
==== Contents of test case:

	    # FIXME: we should use $relativeFilename here, but it
	    # might have backslashes under Windows, which causes no end
	    # of trouble.
	    createAndExecute $file
	    list {}
	
.... Test generated KNOWN error:
    while executing
ptolemy.kernel.util.IllegalActionException: Test fails in iteration 1.
Value was: 1.0. Should have been: 2.0
  in .DirectFeedback.Test
	at ptolemy.actor.lib.Test.fire(Test.java:268)
	at ptolemy.domains.de.kernel.DEDirector._fire(DEDirector.java:1949)
	at ptolemy.domains.de.kernel.DEDirector.fire(DEDirector.java:502)
	at ptolemy.actor.CompositeActor.fire(CompositeActor.java:455)
	at ptolemy.actor.Manager.iterate(Manager.java:851)
	at ptolemy.actor.Manager.execute(Manager.java:369)
	at ptolemy.actor.Manager.run(Manager.java:1263)
	at ptolemy.actor.Manager$PtolemyRunThread.run(Manager.java:1915)

    while executing
ptolemy.kernel.util.IllegalActionException: Test fails in iteration 1.
Value was: 1.0. Should have been: 2.0
  in .DirectFeedback.Test
    while executing
"java::new ptolemy.moml.MoMLSimpleApplication $file
"
    (procedure "createAndExecute" line 2)
    invoked from within
"createAndExecute $file"
    ("uplevel" body line 5)
    invoked from within
"uplevel $contents_of_test"
------------------ testing $PTII/ptolemy/domains/de/test/auto/ActorDepthCalculation_actorWithoutPorts.xml
auto.tcl: Setting watchdog for 200 seconds at Thu Mar 14 18:38:26 UTC 2019
4 ms. Memory: 146944K Free: 138677K (94%)
ptolemy.util.test.WatchDog.cancel(): canceling Thu Mar 14 18:38:26 UTC 2019
auto.tcl: Setting watchdog for 200 seconds at Thu Mar 14 18:38:26 UTC 2019
4 ms. Memory: 146944K Free: 137657K (94%)
ptolemy.util.test.WatchDog.cancel(): canceling Thu Mar 14 18:38:26 UTC 2019
------------------ testing $PTII/ptolemy/domains/de/test/auto/AssemblyLine.xml
auto.tcl: Setting watchdog for 200 seconds at Thu Mar 14 18:38:26 UTC 2019
27 ms. Memory: 208384K Free: 183398K (88%)
ptolemy.util.test.WatchDog.cancel(): canceling Thu Mar 14 18:38:27 UTC 2019
auto.tcl: Setting watchdog for 200 seconds at Thu Mar 14 18:38:27 UTC 2019
10 ms. Memory: 208384K Free: 183398K (88%)
ptolemy.util.test.WatchDog.cancel(): canceling Thu Mar 14 18:38:27 UTC 2019
------------------ testing $PTII/ptolemy/domains/de/test/auto/CQBug1.xml
auto.tcl: Setting watchdog for 200 seconds at Thu Mar 14 18:38:27 UTC 2019
3 ms. Memory: 208384K Free: 197903K (95%)
ptolemy.util.test.WatchDog.cancel(): canceling Thu Mar 14 18:38:27 UTC 2019
auto.tcl: Setting watchdog for 200 seconds at Thu Mar 14 18:38:27 UTC 2019
2 ms. Memory: 208384K Free: 197903K (95%)
ptolemy.util.test.WatchDog.cancel(): canceling Thu Mar 14 18:38:27 UTC 2019
------------------ testing $PTII/ptolemy/domains/de/test/auto/CancelFireAt.xml
auto.tcl: Setting watchdog for 200 seconds at Thu Mar 14 18:38:27 UTC 2019
3 ms. Memory: 208384K Free: 201559K (97%)
ptolemy.util.test.WatchDog.cancel(): canceling Thu Mar 14 18:38:27 UTC 2019
auto.tcl: Setting watchdog for 200 seconds at Thu Mar 14 18:38:27 UTC 2019
6 ms. Memory: 208384K Free: 199518K (96%)
ptolemy.util.test.WatchDog.cancel(): canceling Thu Mar 14 18:38:27 UTC 2019
------------------ testing $PTII/ptolemy/domains/de/test/auto/CausalityAndComposabilityAnalysis.xml
auto.tcl: Setting watchdog for 200 seconds at Thu Mar 14 18:38:27 UTC 2019
14 ms. Memory: 208384K Free: 198580K (95%)
ptolemy.util.test.WatchDog.cancel(): canceling Thu Mar 14 18:38:27 UTC 2019
auto.tcl: Setting watchdog for 200 seconds at Thu Mar 14 18:38:27 UTC 2019
5 ms. Memory: 208384K Free: 196531K (94%)
ptolemy.util.test.WatchDog.cancel(): canceling Thu Mar 14 18:38:27 UTC 2019
------------------ testing $PTII/ptolemy/domains/de/test/auto/CausalityInterface1.xml
auto.tcl: Setting watchdog for 200 seconds at Thu Mar 14 18:38:27 UTC 2019
10 ms. Memory: 208384K Free: 196460K (94%)
ptolemy.util.test.WatchDog.cancel(): canceling Thu Mar 14 18:38:27 UTC 2019
auto.tcl: Setting watchdog for 200 seconds at Thu Mar 14 18:38:27 UTC 2019
9 ms. Memory: 208384K Free: 196460K (94%)
ptolemy.util.test.WatchDog.cancel(): canceling Thu Mar 14 18:38:27 UTC 2019
------------------ testing $PTII/ptolemy/domains/de/test/auto/CausalityInterface15.xml
auto.tcl: Setting watchdog for 200 seconds at Thu Mar 14 18:38:27 UTC 2019
9 ms. Memory: 208384K Free: 196443K (94%)
ptolemy.util.test.WatchDog.cancel(): canceling Thu Mar 14 18:38:27 UTC 2019
auto.tcl: Setting watchdog for 200 seconds at Thu Mar 14 18:38:27 UTC 2019
4 ms. Memory: 208384K Free: 196443K (94%)
ptolemy.util.test.WatchDog.cancel(): canceling Thu Mar 14 18:38:27 UTC 2019
------------------ testing $PTII/ptolemy/domains/de/test/auto/CausalityInterface2.xml
auto.tcl: Setting watchdog for 200 seconds at Thu Mar 14 18:38:27 UTC 2019
5 ms. Memory: 208384K Free: 196449K (94%)
ptolemy.util.test.WatchDog.cancel(): canceling Thu Mar 14 18:38:27 UTC 2019
auto.tcl: Setting watchdog for 200 seconds at Thu Mar 14 18:38:27 UTC 2019
5 ms. Memory: 208384K Free: 196449K (94%)
ptolemy.util.test.WatchDog.cancel(): canceling Thu Mar 14 18:38:27 UTC 2019
------------------ testing $PTII/ptolemy/domains/de/test/auto/CausalityInterface3.xml
auto.tcl: Setting watchdog for 200 seconds at Thu Mar 14 18:38:27 UTC 2019
7 ms. Memory: 208384K Free: 196463K (94%)
ptolemy.util.test.WatchDog.cancel(): canceling Thu Mar 14 18:38:27 UTC 2019
auto.tcl: Setting watchdog for 200 seconds at Thu Mar 14 18:38:27 UTC 2019
6 ms. Memory: 208384K Free: 196463K (94%)
ptolemy.util.test.WatchDog.cancel(): canceling Thu Mar 14 18:38:27 UTC 2019
------------------ testing $PTII/ptolemy/domains/de/test/auto/ClockDrift.xml
auto.tcl: Setting watchdog for 200 seconds at Thu Mar 14 18:38:27 UTC 2019
93 ms. Memory: 208384K Free: 187855K (90%)
ptolemy.util.test.WatchDog.cancel(): canceling Thu Mar 14 18:38:27 UTC 2019
auto.tcl: Setting watchdog for 200 seconds at Thu Mar 14 18:38:27 UTC 2019
48 ms. Memory: 208384K Free: 185798K (89%)
ptolemy.util.test.WatchDog.cancel(): canceling Thu Mar 14 18:38:28 UTC 2019
------------------ testing $PTII/ptolemy/domains/de/test/auto/ClockDriftAndValueChange.xml
auto.tcl: Setting watchdog for 200 seconds at Thu Mar 14 18:38:28 UTC 2019
50 ms. Memory: 208384K Free: 189716K (91%)
ptolemy.util.test.WatchDog.cancel(): canceling Thu Mar 14 18:38:28 UTC 2019
auto.tcl: Setting watchdog for 200 seconds at Thu Mar 14 18:38:28 UTC 2019
38 ms. Memory: 208384K Free: 185634K (89%)
ptolemy.util.test.WatchDog.cancel(): canceling Thu Mar 14 18:38:28 UTC 2019
------------------ testing $PTII/ptolemy/domains/de/test/auto/ClockDriftChange.xml
auto.tcl: Setting watchdog for 200 seconds at Thu Mar 14 18:38:28 UTC 2019
23 ms. Memory: 208384K Free: 191476K (92%)
ptolemy.util.test.WatchDog.cancel(): canceling Thu Mar 14 18:38:28 UTC 2019
auto.tcl: Setting watchdog for 200 seconds at Thu Mar 14 18:38:28 UTC 2019
18 ms. Memory: 208384K Free: 189435K (91%)
ptolemy.util.test.WatchDog.cancel(): canceling Thu Mar 14 18:38:28 UTC 2019
------------------ testing $PTII/ptolemy/domains/de/test/auto/ComposableCausalityAnalysis.xml
auto.tcl: Setting watchdog for 200 seconds at Thu Mar 14 18:38:28 UTC 2019
2 ms. Memory: 208384K Free: 196332K (94%)
ptolemy.util.test.WatchDog.cancel(): canceling Thu Mar 14 18:38:28 UTC 2019
auto.tcl: Setting watchdog for 200 seconds at Thu Mar 14 18:38:28 UTC 2019
2 ms. Memory: 208384K Free: 194275K (93%)
ptolemy.util.test.WatchDog.cancel(): canceling Thu Mar 14 18:38:28 UTC 2019
------------------ testing $PTII/ptolemy/domains/de/test/auto/DEFixedPointLimitation.xml
auto.tcl: Setting watchdog for 200 seconds at Thu Mar 14 18:38:28 UTC 2019
3 ms. Memory: 208384K Free: 198446K (95%)
ptolemy.util.test.WatchDog.cancel(): canceling Thu Mar 14 18:38:28 UTC 2019
auto.tcl: Setting watchdog for 200 seconds at Thu Mar 14 18:38:28 UTC 2019
1 ms. Memory: 208384K Free: 196404K (94%)
ptolemy.util.test.WatchDog.cancel(): canceling Thu Mar 14 18:38:28 UTC 2019
------------------ testing $PTII/ptolemy/domains/de/test/auto/DEScheduleTest.xml
auto.tcl: Setting watchdog for 200 seconds at Thu Mar 14 18:38:28 UTC 2019
7 ms. Memory: 208384K Free: 198482K (95%)
ptolemy.util.test.WatchDog.cancel(): canceling Thu Mar 14 18:38:28 UTC 2019
auto.tcl: Setting watchdog for 200 seconds at Thu Mar 14 18:38:28 UTC 2019
5 ms. Memory: 208384K Free: 196425K (94%)
ptolemy.util.test.WatchDog.cancel(): canceling Thu Mar 14 18:38:28 UTC 2019
------------------ testing $PTII/ptolemy/domains/de/test/auto/DEinDEwithStartTimes.xml
auto.tcl: Setting watchdog for 200 seconds at Thu Mar 14 18:38:28 UTC 2019
6 ms. Memory: 208384K Free: 196426K (94%)
ptolemy.util.test.WatchDog.cancel(): canceling Thu Mar 14 18:38:28 UTC 2019
auto.tcl: Setting watchdog for 200 seconds at Thu Mar 14 18:38:28 UTC 2019
4 ms. Memory: 208384K Free: 196426K (94%)
ptolemy.util.test.WatchDog.cancel(): canceling Thu Mar 14 18:38:28 UTC 2019
------------------ testing $PTII/ptolemy/domains/de/test/auto/DEinDEwithStartTimes2.xml
auto.tcl: Setting watchdog for 200 seconds at Thu Mar 14 18:38:28 UTC 2019
8 ms. Memory: 208384K Free: 196405K (94%)
ptolemy.util.test.WatchDog.cancel(): canceling Thu Mar 14 18:38:28 UTC 2019
auto.tcl: Setting watchdog for 200 seconds at Thu Mar 14 18:38:28 UTC 2019
3 ms. Memory: 208384K Free: 194364K (93%)
ptolemy.util.test.WatchDog.cancel(): canceling Thu Mar 14 18:38:28 UTC 2019
------------------ testing $PTII/ptolemy/domains/de/test/auto/DateDemo.xml
auto.tcl: Setting watchdog for 200 seconds at Thu Mar 14 18:38:28 UTC 2019
11 ms. Memory: 208384K Free: 189010K (91%)
ptolemy.util.test.WatchDog.cancel(): canceling Thu Mar 14 18:38:28 UTC 2019
auto.tcl: Setting watchdog for 200 seconds at Thu Mar 14 18:38:28 UTC 2019
6 ms. Memory: 208384K Free: 186952K (90%)
ptolemy.util.test.WatchDog.cancel(): canceling Thu Mar 14 18:38:28 UTC 2019
------------------ testing $PTII/ptolemy/domains/de/test/auto/DateToEvent.xml
auto.tcl: Setting watchdog for 200 seconds at Thu Mar 14 18:38:28 UTC 2019
2015 ms. Memory: 208384K Free: 183813K (88%)
ptolemy.util.test.WatchDog.cancel(): canceling Thu Mar 14 18:38:31 UTC 2019
auto.tcl: Setting watchdog for 200 seconds at Thu Mar 14 18:38:31 UTC 2019
2006 ms. Memory: 208384K Free: 183813K (88%)
ptolemy.util.test.WatchDog.cancel(): canceling Thu Mar 14 18:38:33 UTC 2019
------------------ testing $PTII/ptolemy/domains/de/test/auto/DepthTest1.xml
auto.tcl: Setting watchdog for 200 seconds at Thu Mar 14 18:38:33 UTC 2019
2 ms. Memory: 208384K Free: 198009K (95%)
ptolemy.util.test.WatchDog.cancel(): canceling Thu Mar 14 18:38:33 UTC 2019
auto.tcl: Setting watchdog for 200 seconds at Thu Mar 14 18:38:33 UTC 2019
2 ms. Memory: 208384K Free: 198009K (95%)
ptolemy.util.test.WatchDog.cancel(): canceling Thu Mar 14 18:38:33 UTC 2019
------------------ testing $PTII/ptolemy/domains/de/test/auto/DepthTest2.xml
auto.tcl: Setting watchdog for 200 seconds at Thu Mar 14 18:38:33 UTC 2019
4 ms. Memory: 208384K Free: 194344K (93%)
ptolemy.util.test.WatchDog.cancel(): canceling Thu Mar 14 18:38:33 UTC 2019
auto.tcl: Setting watchdog for 200 seconds at Thu Mar 14 18:38:33 UTC 2019
7 ms. Memory: 208384K Free: 194344K (93%)
ptolemy.util.test.WatchDog.cancel(): canceling Thu Mar 14 18:38:33 UTC 2019
------------------ testing $PTII/ptolemy/domains/de/test/auto/DepthTest3.xml
auto.tcl: Setting watchdog for 200 seconds at Thu Mar 14 18:38:33 UTC 2019
5 ms. Memory: 208384K Free: 198360K (95%)
ptolemy.util.test.WatchDog.cancel(): canceling Thu Mar 14 18:38:33 UTC 2019
auto.tcl: Setting watchdog for 200 seconds at Thu Mar 14 18:38:33 UTC 2019
1 ms. Memory: 208384K Free: 198360K (95%)
ptolemy.util.test.WatchDog.cancel(): canceling Thu Mar 14 18:38:33 UTC 2019
------------------ testing $PTII/ptolemy/domains/de/test/auto/DepthTest4.xml
auto.tcl: Setting watchdog for 200 seconds at Thu Mar 14 18:38:33 UTC 2019
6 ms. Memory: 208384K Free: 196374K (94%)
ptolemy.util.test.WatchDog.cancel(): canceling Thu Mar 14 18:38:33 UTC 2019
auto.tcl: Setting watchdog for 200 seconds at Thu Mar 14 18:38:33 UTC 2019
2 ms. Memory: 208384K Free: 196374K (94%)
ptolemy.util.test.WatchDog.cancel(): canceling Thu Mar 14 18:38:33 UTC 2019
------------------ testing $PTII/ptolemy/domains/de/test/auto/DepthTest5.xml
auto.tcl: Setting watchdog for 200 seconds at Thu Mar 14 18:38:33 UTC 2019
5 ms. Memory: 208384K Free: 196345K (94%)
ptolemy.util.test.WatchDog.cancel(): canceling Thu Mar 14 18:38:33 UTC 2019
auto.tcl: Setting watchdog for 200 seconds at Thu Mar 14 18:38:33 UTC 2019
2 ms. Memory: 208384K Free: 196345K (94%)
ptolemy.util.test.WatchDog.cancel(): canceling Thu Mar 14 18:38:33 UTC 2019
------------------ testing $PTII/ptolemy/domains/de/test/auto/DepthTest6.xml
auto.tcl: Setting watchdog for 200 seconds at Thu Mar 14 18:38:33 UTC 2019
7 ms. Memory: 208384K Free: 196848K (94%)
ptolemy.util.test.WatchDog.cancel(): canceling Thu Mar 14 18:38:33 UTC 2019
auto.tcl: Setting watchdog for 200 seconds at Thu Mar 14 18:38:33 UTC 2019
2 ms. Memory: 208384K Free: 196848K (94%)
ptolemy.util.test.WatchDog.cancel(): canceling Thu Mar 14 18:38:33 UTC 2019
------------------ testing $PTII/ptolemy/domains/de/test/auto/DepthTest7.xml
auto.tcl: Setting watchdog for 200 seconds at Thu Mar 14 18:38:33 UTC 2019
3 ms. Memory: 208384K Free: 196278K (94%)
ptolemy.util.test.WatchDog.cancel(): canceling Thu Mar 14 18:38:33 UTC 2019
auto.tcl: Setting watchdog for 200 seconds at Thu Mar 14 18:38:33 UTC 2019
1 ms. Memory: 208384K Free: 196278K (94%)
ptolemy.util.test.WatchDog.cancel(): canceling Thu Mar 14 18:38:33 UTC 2019
------------------ testing $PTII/ptolemy/domains/de/test/auto/EventToDate.xml
auto.tcl: Setting watchdog for 200 seconds at Thu Mar 14 18:38:33 UTC 2019
3005 ms. Memory: 208384K Free: 188119K (90%)
ptolemy.util.test.WatchDog.cancel(): canceling Thu Mar 14 18:38:36 UTC 2019
auto.tcl: Setting watchdog for 200 seconds at Thu Mar 14 18:38:36 UTC 2019
3003 ms. Memory: 208384K Free: 186077K (89%)
ptolemy.util.test.WatchDog.cancel(): canceling Thu Mar 14 18:38:39 UTC 2019
------------------ testing $PTII/ptolemy/domains/de/test/auto/FSM1.xml
auto.tcl: Setting watchdog for 200 seconds at Thu Mar 14 18:38:39 UTC 2019
36 ms. Memory: 208384K Free: 189431K (91%)
ptolemy.util.test.WatchDog.cancel(): canceling Thu Mar 14 18:38:39 UTC 2019
auto.tcl: Setting watchdog for 200 seconds at Thu Mar 14 18:38:39 UTC 2019
26 ms. Memory: 208384K Free: 185316K (89%)
ptolemy.util.test.WatchDog.cancel(): canceling Thu Mar 14 18:38:39 UTC 2019
------------------ testing $PTII/ptolemy/domains/de/test/auto/FSM7.xml
auto.tcl: Setting watchdog for 200 seconds at Thu Mar 14 18:38:39 UTC 2019
16 ms. Memory: 208384K Free: 190185K (91%)
ptolemy.util.test.WatchDog.cancel(): canceling Thu Mar 14 18:38:39 UTC 2019
auto.tcl: Setting watchdog for 200 seconds at Thu Mar 14 18:38:39 UTC 2019
13 ms. Memory: 208384K Free: 185583K (89%)
ptolemy.util.test.WatchDog.cancel(): canceling Thu Mar 14 18:38:39 UTC 2019
------------------ testing $PTII/ptolemy/domains/de/test/auto/Inspection.xml
auto.tcl: Setting watchdog for 200 seconds at Thu Mar 14 18:38:39 UTC 2019
49 ms. Memory: 208384K Free: 189343K (91%)
ptolemy.util.test.WatchDog.cancel(): canceling Thu Mar 14 18:38:40 UTC 2019
auto.tcl: Setting watchdog for 200 seconds at Thu Mar 14 18:38:40 UTC 2019
29 ms. Memory: 208384K Free: 187301K (90%)
ptolemy.util.test.WatchDog.cancel(): canceling Thu Mar 14 18:38:40 UTC 2019
------------------ testing $PTII/ptolemy/domains/de/test/auto/Iteration.xml
auto.tcl: Setting watchdog for 200 seconds at Thu Mar 14 18:38:40 UTC 2019
15 ms. Memory: 208384K Free: 196629K (94%)
ptolemy.util.test.WatchDog.cancel(): canceling Thu Mar 14 18:38:40 UTC 2019
auto.tcl: Setting watchdog for 200 seconds at Thu Mar 14 18:38:40 UTC 2019
10 ms. Memory: 208384K Free: 194580K (93%)
ptolemy.util.test.WatchDog.cancel(): canceling Thu Mar 14 18:38:40 UTC 2019
------------------ testing $PTII/ptolemy/domains/de/test/auto/LineFault.xml
auto.tcl: Setting watchdog for 200 seconds at Thu Mar 14 18:38:40 UTC 2019
792 ms. Memory: 208384K Free: 200050K (96%)
ptolemy.util.test.WatchDog.cancel(): canceling Thu Mar 14 18:38:41 UTC 2019
auto.tcl: Setting watchdog for 200 seconds at Thu Mar 14 18:38:41 UTC 2019
616 ms. Memory: 208384K Free: 142897K (69%)
ptolemy.util.test.WatchDog.cancel(): canceling Thu Mar 14 18:38:41 UTC 2019
------------------ testing $PTII/ptolemy/domains/de/test/auto/MergeModel1Add.xml
auto.tcl: Setting watchdog for 200 seconds at Thu Mar 14 18:38:41 UTC 2019
31 ms. Memory: 331264K Free: 300749K (91%)
ptolemy.util.test.WatchDog.cancel(): canceling Thu Mar 14 18:38:42 UTC 2019
auto.tcl: Setting watchdog for 200 seconds at Thu Mar 14 18:38:42 UTC 2019
13 ms. Memory: 331264K Free: 300749K (91%)
ptolemy.util.test.WatchDog.cancel(): canceling Thu Mar 14 18:38:42 UTC 2019
------------------ testing $PTII/ptolemy/domains/de/test/auto/MergeModel2Add.xml
auto.tcl: Setting watchdog for 200 seconds at Thu Mar 14 18:38:42 UTC 2019
20 ms. Memory: 331264K Free: 305682K (92%)
ptolemy.util.test.WatchDog.cancel(): canceling Thu Mar 14 18:38:42 UTC 2019
auto.tcl: Setting watchdog for 200 seconds at Thu Mar 14 18:38:42 UTC 2019
14 ms. Memory: 331264K Free: 302096K (91%)
ptolemy.util.test.WatchDog.cancel(): canceling Thu Mar 14 18:38:42 UTC 2019
------------------ testing $PTII/ptolemy/domains/de/test/auto/MergeModel3Add.xml
auto.tcl: Setting watchdog for 200 seconds at Thu Mar 14 18:38:42 UTC 2019
9 ms. Memory: 331264K Free: 305699K (92%)
ptolemy.util.test.WatchDog.cancel(): canceling Thu Mar 14 18:38:42 UTC 2019
auto.tcl: Setting watchdog for 200 seconds at Thu Mar 14 18:38:42 UTC 2019
8 ms. Memory: 331264K Free: 302129K (91%)
ptolemy.util.test.WatchDog.cancel(): canceling Thu Mar 14 18:38:42 UTC 2019
------------------ testing $PTII/ptolemy/domains/de/test/auto/MergeWithoutDiscard.xml
auto.tcl: Setting watchdog for 200 seconds at Thu Mar 14 18:38:42 UTC 2019
2 ms. Memory: 331264K Free: 316021K (95%)
ptolemy.util.test.WatchDog.cancel(): canceling Thu Mar 14 18:38:42 UTC 2019
auto.tcl: Setting watchdog for 200 seconds at Thu Mar 14 18:38:42 UTC 2019
1 ms. Memory: 331264K Free: 316021K (95%)
ptolemy.util.test.WatchDog.cancel(): canceling Thu Mar 14 18:38:42 UTC 2019
------------------ testing $PTII/ptolemy/domains/de/test/auto/Modal1.xml
auto.tcl: Setting watchdog for 200 seconds at Thu Mar 14 18:38:42 UTC 2019
14 ms. Memory: 331264K Free: 310291K (94%)
ptolemy.util.test.WatchDog.cancel(): canceling Thu Mar 14 18:38:42 UTC 2019
auto.tcl: Setting watchdog for 200 seconds at Thu Mar 14 18:38:42 UTC 2019
16 ms. Memory: 331264K Free: 306713K (93%)
ptolemy.util.test.WatchDog.cancel(): canceling Thu Mar 14 18:38:42 UTC 2019
------------------ testing $PTII/ptolemy/domains/de/test/auto/Modal2.xml
auto.tcl: Setting watchdog for 200 seconds at Thu Mar 14 18:38:42 UTC 2019
15 ms. Memory: 331264K Free: 310181K (94%)
ptolemy.util.test.WatchDog.cancel(): canceling Thu Mar 14 18:38:42 UTC 2019
auto.tcl: Setting watchdog for 200 seconds at Thu Mar 14 18:38:42 UTC 2019
17 ms. Memory: 331264K Free: 306595K (93%)
ptolemy.util.test.WatchDog.cancel(): canceling Thu Mar 14 18:38:42 UTC 2019
------------------ testing $PTII/ptolemy/domains/de/test/auto/Modal3.xml
auto.tcl: Setting watchdog for 200 seconds at Thu Mar 14 18:38:42 UTC 2019
15 ms. Memory: 331264K Free: 310822K (94%)
ptolemy.util.test.WatchDog.cancel(): canceling Thu Mar 14 18:38:42 UTC 2019
auto.tcl: Setting watchdog for 200 seconds at Thu Mar 14 18:38:42 UTC 2019
15 ms. Memory: 331264K Free: 306569K (93%)
ptolemy.util.test.WatchDog.cancel(): canceling Thu Mar 14 18:38:42 UTC 2019
------------------ testing $PTII/ptolemy/domains/de/test/auto/Modal4.xml
auto.tcl: Setting watchdog for 200 seconds at Thu Mar 14 18:38:42 UTC 2019
25 ms. Memory: 331264K Free: 310160K (94%)
ptolemy.util.test.WatchDog.cancel(): canceling Thu Mar 14 18:38:42 UTC 2019
auto.tcl: Setting watchdog for 200 seconds at Thu Mar 14 18:38:42 UTC 2019
24 ms. Memory: 331264K Free: 306590K (93%)
ptolemy.util.test.WatchDog.cancel(): canceling Thu Mar 14 18:38:42 UTC 2019
------------------ testing $PTII/ptolemy/domains/de/test/auto/Modal5.xml
auto.tcl: Setting watchdog for 200 seconds at Thu Mar 14 18:38:42 UTC 2019
18 ms. Memory: 331264K Free: 310155K (94%)
ptolemy.util.test.WatchDog.cancel(): canceling Thu Mar 14 18:38:43 UTC 2019
auto.tcl: Setting watchdog for 200 seconds at Thu Mar 14 18:38:43 UTC 2019
14 ms. Memory: 331264K Free: 306569K (93%)
ptolemy.util.test.WatchDog.cancel(): canceling Thu Mar 14 18:38:43 UTC 2019
------------------ testing $PTII/ptolemy/domains/de/test/auto/Modal6.xml
auto.tcl: Setting watchdog for 200 seconds at Thu Mar 14 18:38:43 UTC 2019
14 ms. Memory: 331264K Free: 310144K (94%)
ptolemy.util.test.WatchDog.cancel(): canceling Thu Mar 14 18:38:43 UTC 2019
auto.tcl: Setting watchdog for 200 seconds at Thu Mar 14 18:38:43 UTC 2019
18 ms. Memory: 331264K Free: 306566K (93%)
ptolemy.util.test.WatchDog.cancel(): canceling Thu Mar 14 18:38:43 UTC 2019
------------------ testing $PTII/ptolemy/domains/de/test/auto/Modal7.xml
auto.tcl: Setting watchdog for 200 seconds at Thu Mar 14 18:38:43 UTC 2019
16 ms. Memory: 331264K Free: 306574K (93%)
ptolemy.util.test.WatchDog.cancel(): canceling Thu Mar 14 18:38:43 UTC 2019
auto.tcl: Setting watchdog for 200 seconds at Thu Mar 14 18:38:43 UTC 2019
10 ms. Memory: 331264K Free: 302988K (91%)
ptolemy.util.test.WatchDog.cancel(): canceling Thu Mar 14 18:38:43 UTC 2019
------------------ testing $PTII/ptolemy/domains/de/test/auto/ModalModel.xml
auto.tcl: Setting watchdog for 200 seconds at Thu Mar 14 18:38:43 UTC 2019
216 ms. Memory: 331264K Free: 247519K (75%)
ptolemy.util.test.WatchDog.cancel(): canceling Thu Mar 14 18:38:43 UTC 2019
auto.tcl: Setting watchdog for 200 seconds at Thu Mar 14 18:38:43 UTC 2019
195 ms. Memory: 331264K Free: 190230K (57%)
ptolemy.util.test.WatchDog.cancel(): canceling Thu Mar 14 18:38:43 UTC 2019
------------------ testing $PTII/ptolemy/domains/de/test/auto/ModalSource.xml
auto.tcl: Setting watchdog for 200 seconds at Thu Mar 14 18:38:43 UTC 2019
9 ms. Memory: 331264K Free: 316196K (95%)
ptolemy.util.test.WatchDog.cancel(): canceling Thu Mar 14 18:38:43 UTC 2019
auto.tcl: Setting watchdog for 200 seconds at Thu Mar 14 18:38:43 UTC 2019
6 ms. Memory: 331264K Free: 312920K (94%)
ptolemy.util.test.WatchDog.cancel(): canceling Thu Mar 14 18:38:43 UTC 2019
------------------ testing $PTII/ptolemy/domains/de/test/auto/NonInterruptibleTimerZeroDelay.xml
auto.tcl: Setting watchdog for 200 seconds at Thu Mar 14 18:38:43 UTC 2019
4 ms. Memory: 331264K Free: 320570K (97%)
ptolemy.util.test.WatchDog.cancel(): canceling Thu Mar 14 18:38:43 UTC 2019
auto.tcl: Setting watchdog for 200 seconds at Thu Mar 14 18:38:43 UTC 2019
3 ms. Memory: 331264K Free: 317286K (96%)
ptolemy.util.test.WatchDog.cancel(): canceling Thu Mar 14 18:38:43 UTC 2019
------------------ testing $PTII/ptolemy/domains/de/test/auto/OpenQueueingNetwork.xml
auto.tcl: Setting watchdog for 200 seconds at Thu Mar 14 18:38:44 UTC 2019
2682 ms. Memory: 573952K Free: 413801K (72%)
ptolemy.util.test.WatchDog.cancel(): canceling Thu Mar 14 18:38:46 UTC 2019
auto.tcl: Setting watchdog for 200 seconds at Thu Mar 14 18:38:46 UTC 2019
2510 ms. Memory: 550912K Free: 298642K (54%)
ptolemy.util.test.WatchDog.cancel(): canceling Thu Mar 14 18:38:49 UTC 2019
------------------ testing $PTII/ptolemy/domains/de/test/auto/OpenQueuingNetwork.xml
auto.tcl: Setting watchdog for 200 seconds at Thu Mar 14 18:38:49 UTC 2019
231 ms. Memory: 549888K Free: 434793K (79%)
ptolemy.util.test.WatchDog.cancel(): canceling Thu Mar 14 18:38:49 UTC 2019
auto.tcl: Setting watchdog for 200 seconds at Thu Mar 14 18:38:49 UTC 2019
228 ms. Memory: 549888K Free: 375390K (68%)
ptolemy.util.test.WatchDog.cancel(): canceling Thu Mar 14 18:38:49 UTC 2019
------------------ testing $PTII/ptolemy/domains/de/test/auto/PeriodicSampler.xml
auto.tcl: Setting watchdog for 200 seconds at Thu Mar 14 18:38:49 UTC 2019
4 ms. Memory: 551936K Free: 535079K (97%)
ptolemy.util.test.WatchDog.cancel(): canceling Thu Mar 14 18:38:50 UTC 2019
auto.tcl: Setting watchdog for 200 seconds at Thu Mar 14 18:38:50 UTC 2019
2 ms. Memory: 551936K Free: 535079K (97%)
ptolemy.util.test.WatchDog.cancel(): canceling Thu Mar 14 18:38:50 UTC 2019
------------------ testing $PTII/ptolemy/domains/de/test/auto/PersistentIO.xml
auto.tcl: Setting watchdog for 200 seconds at Thu Mar 14 18:38:50 UTC 2019
9 ms. Memory: 549376K Free: 526511K (96%)
ptolemy.util.test.WatchDog.cancel(): canceling Thu Mar 14 18:38:50 UTC 2019
auto.tcl: Setting watchdog for 200 seconds at Thu Mar 14 18:38:50 UTC 2019
4 ms. Memory: 549376K Free: 526511K (96%)
ptolemy.util.test.WatchDog.cancel(): canceling Thu Mar 14 18:38:50 UTC 2019
------------------ testing $PTII/ptolemy/domains/de/test/auto/PortParameterResetOnInitialize.xml
auto.tcl: Setting watchdog for 200 seconds at Thu Mar 14 18:38:50 UTC 2019
2 ms. Memory: 551424K Free: 530349K (96%)
ptolemy.util.test.WatchDog.cancel(): canceling Thu Mar 14 18:38:50 UTC 2019
auto.tcl: Setting watchdog for 200 seconds at Thu Mar 14 18:38:50 UTC 2019
2 ms. Memory: 551424K Free: 530349K (96%)
ptolemy.util.test.WatchDog.cancel(): canceling Thu Mar 14 18:38:50 UTC 2019
------------------ testing $PTII/ptolemy/domains/de/test/auto/PortParameterUpdates.xml
auto.tcl: Setting watchdog for 200 seconds at Thu Mar 14 18:38:50 UTC 2019
4 ms. Memory: 549376K Free: 527891K (96%)
ptolemy.util.test.WatchDog.cancel(): canceling Thu Mar 14 18:38:50 UTC 2019
auto.tcl: Setting watchdog for 200 seconds at Thu Mar 14 18:38:50 UTC 2019
3 ms. Memory: 549376K Free: 527891K (96%)
ptolemy.util.test.WatchDog.cancel(): canceling Thu Mar 14 18:38:50 UTC 2019
------------------ testing $PTII/ptolemy/domains/de/test/auto/QueueAndServer.xml
auto.tcl: Setting watchdog for 200 seconds at Thu Mar 14 18:38:50 UTC 2019
12 ms. Memory: 551424K Free: 534582K (97%)
ptolemy.util.test.WatchDog.cancel(): canceling Thu Mar 14 18:38:50 UTC 2019
auto.tcl: Setting watchdog for 200 seconds at Thu Mar 14 18:38:50 UTC 2019
5 ms. Memory: 551424K Free: 527973K (96%)
ptolemy.util.test.WatchDog.cancel(): canceling Thu Mar 14 18:38:50 UTC 2019
------------------ testing $PTII/ptolemy/domains/de/test/auto/Records.xml
auto.tcl: Setting watchdog for 200 seconds at Thu Mar 14 18:38:50 UTC 2019
11 ms. Memory: 549376K Free: 532475K (97%)
ptolemy.util.test.WatchDog.cancel(): canceling Thu Mar 14 18:38:50 UTC 2019
auto.tcl: Setting watchdog for 200 seconds at Thu Mar 14 18:38:50 UTC 2019
2 ms. Memory: 549376K Free: 532475K (97%)
ptolemy.util.test.WatchDog.cancel(): canceling Thu Mar 14 18:38:50 UTC 2019
------------------ testing $PTII/ptolemy/domains/de/test/auto/ResetTransitionWithStartTime1.xml
auto.tcl: Setting watchdog for 200 seconds at Thu Mar 14 18:38:50 UTC 2019
15 ms. Memory: 551424K Free: 534547K (97%)
ptolemy.util.test.WatchDog.cancel(): canceling Thu Mar 14 18:38:50 UTC 2019
auto.tcl: Setting watchdog for 200 seconds at Thu Mar 14 18:38:50 UTC 2019
6 ms. Memory: 551424K Free: 527931K (96%)
ptolemy.util.test.WatchDog.cancel(): canceling Thu Mar 14 18:38:50 UTC 2019
------------------ testing $PTII/ptolemy/domains/de/test/auto/ResetTransitionWithStartTime2.xml
auto.tcl: Setting watchdog for 200 seconds at Thu Mar 14 18:38:50 UTC 2019
6 ms. Memory: 549376K Free: 533034K (97%)
ptolemy.util.test.WatchDog.cancel(): canceling Thu Mar 14 18:38:50 UTC 2019
auto.tcl: Setting watchdog for 200 seconds at Thu Mar 14 18:38:50 UTC 2019
5 ms. Memory: 549376K Free: 526417K (96%)
ptolemy.util.test.WatchDog.cancel(): canceling Thu Mar 14 18:38:50 UTC 2019
------------------ testing $PTII/ptolemy/domains/de/test/auto/ResetTransitionWithStartTime3.xml
auto.tcl: Setting watchdog for 200 seconds at Thu Mar 14 18:38:50 UTC 2019
7 ms. Memory: 550912K Free: 533887K (97%)
ptolemy.util.test.WatchDog.cancel(): canceling Thu Mar 14 18:38:50 UTC 2019
auto.tcl: Setting watchdog for 200 seconds at Thu Mar 14 18:38:50 UTC 2019
6 ms. Memory: 550912K Free: 527271K (96%)
ptolemy.util.test.WatchDog.cancel(): canceling Thu Mar 14 18:38:50 UTC 2019
------------------ testing $PTII/ptolemy/domains/de/test/auto/ResetTransitionWithStartTime4.xml
auto.tcl: Setting watchdog for 200 seconds at Thu Mar 14 18:38:50 UTC 2019
4 ms. Memory: 549376K Free: 532349K (97%)
ptolemy.util.test.WatchDog.cancel(): canceling Thu Mar 14 18:38:50 UTC 2019
auto.tcl: Setting watchdog for 200 seconds at Thu Mar 14 18:38:50 UTC 2019
4 ms. Memory: 549376K Free: 525733K (96%)
ptolemy.util.test.WatchDog.cancel(): canceling Thu Mar 14 18:38:50 UTC 2019
------------------ testing $PTII/ptolemy/domains/de/test/auto/ResettableTimer1.xml
auto.tcl: Setting watchdog for 200 seconds at Thu Mar 14 18:38:50 UTC 2019
4 ms. Memory: 550912K Free: 533880K (97%)
ptolemy.util.test.WatchDog.cancel(): canceling Thu Mar 14 18:38:50 UTC 2019
auto.tcl: Setting watchdog for 200 seconds at Thu Mar 14 18:38:50 UTC 2019
4 ms. Memory: 550912K Free: 533880K (97%)
ptolemy.util.test.WatchDog.cancel(): canceling Thu Mar 14 18:38:50 UTC 2019
------------------ testing $PTII/ptolemy/domains/de/test/auto/ResettableTimer2.xml
auto.tcl: Setting watchdog for 200 seconds at Thu Mar 14 18:38:50 UTC 2019
2 ms. Memory: 549376K Free: 532946K (97%)
ptolemy.util.test.WatchDog.cancel(): canceling Thu Mar 14 18:38:50 UTC 2019
auto.tcl: Setting watchdog for 200 seconds at Thu Mar 14 18:38:50 UTC 2019
2 ms. Memory: 549376K Free: 532946K (97%)
ptolemy.util.test.WatchDog.cancel(): canceling Thu Mar 14 18:38:50 UTC 2019
------------------ testing $PTII/ptolemy/domains/de/test/auto/ResettableTimer3.xml
auto.tcl: Setting watchdog for 200 seconds at Thu Mar 14 18:38:50 UTC 2019
2 ms. Memory: 550912K Free: 533938K (97%)
ptolemy.util.test.WatchDog.cancel(): canceling Thu Mar 14 18:38:50 UTC 2019
auto.tcl: Setting watchdog for 200 seconds at Thu Mar 14 18:38:50 UTC 2019
1 ms. Memory: 550912K Free: 533938K (97%)
ptolemy.util.test.WatchDog.cancel(): canceling Thu Mar 14 18:38:50 UTC 2019
------------------ testing $PTII/ptolemy/domains/de/test/auto/ResettableTimer4.xml
auto.tcl: Setting watchdog for 200 seconds at Thu Mar 14 18:38:50 UTC 2019
2 ms. Memory: 549376K Free: 532958K (97%)
ptolemy.util.test.WatchDog.cancel(): canceling Thu Mar 14 18:38:50 UTC 2019
auto.tcl: Setting watchdog for 200 seconds at Thu Mar 14 18:38:50 UTC 2019
2 ms. Memory: 549376K Free: 532958K (97%)
ptolemy.util.test.WatchDog.cancel(): canceling Thu Mar 14 18:38:50 UTC 2019
------------------ testing $PTII/ptolemy/domains/de/test/auto/ResettableTimer5.xml
auto.tcl: Setting watchdog for 200 seconds at Thu Mar 14 18:38:51 UTC 2019
2 ms. Memory: 550400K Free: 529300K (96%)
ptolemy.util.test.WatchDog.cancel(): canceling Thu Mar 14 18:38:51 UTC 2019
auto.tcl: Setting watchdog for 200 seconds at Thu Mar 14 18:38:51 UTC 2019
2 ms. Memory: 550400K Free: 529300K (96%)
ptolemy.util.test.WatchDog.cancel(): canceling Thu Mar 14 18:38:51 UTC 2019
------------------ testing $PTII/ptolemy/domains/de/test/auto/ResettableTimer6.xml
auto.tcl: Setting watchdog for 200 seconds at Thu Mar 14 18:38:51 UTC 2019
2 ms. Memory: 549376K Free: 518323K (94%)
ptolemy.util.test.WatchDog.cancel(): canceling Thu Mar 14 18:38:51 UTC 2019
auto.tcl: Setting watchdog for 200 seconds at Thu Mar 14 18:38:51 UTC 2019
2 ms. Memory: 549376K Free: 518323K (94%)
ptolemy.util.test.WatchDog.cancel(): canceling Thu Mar 14 18:38:51 UTC 2019
------------------ testing $PTII/ptolemy/domains/de/test/auto/ServerZeroDelay.xml
auto.tcl: Setting watchdog for 200 seconds at Thu Mar 14 18:38:51 UTC 2019
7 ms. Memory: 550400K Free: 533920K (97%)
ptolemy.util.test.WatchDog.cancel(): canceling Thu Mar 14 18:38:51 UTC 2019
auto.tcl: Setting watchdog for 200 seconds at Thu Mar 14 18:38:51 UTC 2019
2 ms. Memory: 550400K Free: 533920K (97%)
ptolemy.util.test.WatchDog.cancel(): canceling Thu Mar 14 18:38:51 UTC 2019
------------------ testing $PTII/ptolemy/domains/de/test/auto/SmartSender.xml
auto.tcl: Setting watchdog for 200 seconds at Thu Mar 14 18:38:51 UTC 2019
3002 ms. Memory: 549376K Free: 532348K (97%)
ptolemy.util.test.WatchDog.cancel(): canceling Thu Mar 14 18:38:54 UTC 2019
auto.tcl: Setting watchdog for 200 seconds at Thu Mar 14 18:38:54 UTC 2019
3001 ms. Memory: 549376K Free: 532348K (97%)
ptolemy.util.test.WatchDog.cancel(): canceling Thu Mar 14 18:38:57 UTC 2019
------------------ testing $PTII/ptolemy/domains/de/test/auto/ThreadedComposite.xml
auto.tcl: Setting watchdog for 200 seconds at Thu Mar 14 18:38:57 UTC 2019
195 ms. Memory: 550400K Free: 512746K (93%)
ptolemy.util.test.WatchDog.cancel(): canceling Thu Mar 14 18:38:57 UTC 2019
auto.tcl: Setting watchdog for 200 seconds at Thu Mar 14 18:38:57 UTC 2019
189 ms. Memory: 550400K Free: 492107K (89%)
ptolemy.util.test.WatchDog.cancel(): canceling Thu Mar 14 18:38:57 UTC 2019
------------------ testing $PTII/ptolemy/domains/de/test/auto/Time.xml
auto.tcl: Setting watchdog for 200 seconds at Thu Mar 14 18:38:57 UTC 2019
514 ms. Memory: 549376K Free: 475916K (87%)
ptolemy.util.test.WatchDog.cancel(): canceling Thu Mar 14 18:38:58 UTC 2019
auto.tcl: Setting watchdog for 200 seconds at Thu Mar 14 18:38:58 UTC 2019
530 ms. Memory: 549376K Free: 416513K (76%)
ptolemy.util.test.WatchDog.cancel(): canceling Thu Mar 14 18:38:58 UTC 2019
------------------ testing $PTII/ptolemy/domains/de/test/auto/TimeDelayZeroDelay.xml
auto.tcl: Setting watchdog for 200 seconds at Thu Mar 14 18:38:58 UTC 2019
3 ms. Memory: 550400K Free: 533294K (97%)
ptolemy.util.test.WatchDog.cancel(): canceling Thu Mar 14 18:38:58 UTC 2019
auto.tcl: Setting watchdog for 200 seconds at Thu Mar 14 18:38:58 UTC 2019
2 ms. Memory: 550400K Free: 533294K (97%)
ptolemy.util.test.WatchDog.cancel(): canceling Thu Mar 14 18:38:58 UTC 2019
------------------ testing $PTII/ptolemy/domains/de/test/auto/TimerZeroDelay.xml
auto.tcl: Setting watchdog for 200 seconds at Thu Mar 14 18:38:58 UTC 2019
2 ms. Memory: 549376K Free: 532857K (97%)
ptolemy.util.test.WatchDog.cancel(): canceling Thu Mar 14 18:38:58 UTC 2019
auto.tcl: Setting watchdog for 200 seconds at Thu Mar 14 18:38:58 UTC 2019
2 ms. Memory: 549376K Free: 532857K (97%)
ptolemy.util.test.WatchDog.cancel(): canceling Thu Mar 14 18:38:58 UTC 2019
------------------ testing $PTII/ptolemy/domains/de/test/auto/TimingParadox.xml
auto.tcl: Setting watchdog for 200 seconds at Thu Mar 14 18:38:58 UTC 2019
358 ms. Memory: 549888K Free: 462347K (84%)
ptolemy.util.test.WatchDog.cancel(): canceling Thu Mar 14 18:38:59 UTC 2019
auto.tcl: Setting watchdog for 200 seconds at Thu Mar 14 18:38:59 UTC 2019
352 ms. Memory: 549888K Free: 429345K (78%)
ptolemy.util.test.WatchDog.cancel(): canceling Thu Mar 14 18:38:59 UTC 2019
------------------ testing $PTII/ptolemy/domains/de/test/auto/TransferInputs.xml
auto.tcl: Setting watchdog for 200 seconds at Thu Mar 14 18:38:59 UTC 2019
2 ms. Memory: 549888K Free: 532331K (97%)
ptolemy.util.test.WatchDog.cancel(): canceling Thu Mar 14 18:38:59 UTC 2019
auto.tcl: Setting watchdog for 200 seconds at Thu Mar 14 18:38:59 UTC 2019
2 ms. Memory: 549888K Free: 532331K (97%)
ptolemy.util.test.WatchDog.cancel(): canceling Thu Mar 14 18:38:59 UTC 2019
------------------ testing $PTII/ptolemy/domains/de/test/auto/TransferOutputs2.xml
auto.tcl: Setting watchdog for 200 seconds at Thu Mar 14 18:38:59 UTC 2019
3 ms. Memory: 549376K Free: 526319K (96%)
ptolemy.util.test.WatchDog.cancel(): canceling Thu Mar 14 18:38:59 UTC 2019
auto.tcl: Setting watchdog for 200 seconds at Thu Mar 14 18:38:59 UTC 2019
6 ms. Memory: 549376K Free: 526319K (96%)
ptolemy.util.test.WatchDog.cancel(): canceling Thu Mar 14 18:38:59 UTC 2019
------------------ testing $PTII/ptolemy/domains/de/test/auto/Trilateration.xml
auto.tcl: Setting watchdog for 200 seconds at Thu Mar 14 18:38:59 UTC 2019
12715 ms. Memory: 453632K Free: 109504K (24%)
ptolemy.util.test.WatchDog.cancel(): canceling Thu Mar 14 18:39:13 UTC 2019
auto.tcl: Setting watchdog for 200 seconds at Thu Mar 14 18:39:13 UTC 2019
10501 ms. Memory: 331264K Free: 210981K (64%)
ptolemy.util.test.WatchDog.cancel(): canceling Thu Mar 14 18:39:24 UTC 2019
------------------ testing $PTII/ptolemy/domains/de/test/auto/TwoSigmaDelta.xml
auto.tcl: Setting watchdog for 200 seconds at Thu Mar 14 18:39:24 UTC 2019
2689 ms. Memory: 320000K Free: 275174K (86%)
ptolemy.util.test.WatchDog.cancel(): canceling Thu Mar 14 18:39:27 UTC 2019
auto.tcl: Setting watchdog for 200 seconds at Thu Mar 14 18:39:27 UTC 2019
1989 ms. Memory: 307712K Free: 269603K (88%)
ptolemy.util.test.WatchDog.cancel(): canceling Thu Mar 14 18:39:29 UTC 2019
------------------ testing $PTII/ptolemy/domains/de/test/auto/VariableDelay.xml
auto.tcl: Setting watchdog for 200 seconds at Thu Mar 14 18:39:29 UTC 2019
3 ms. Memory: 309760K Free: 296127K (96%)
ptolemy.util.test.WatchDog.cancel(): canceling Thu Mar 14 18:39:29 UTC 2019
auto.tcl: Setting watchdog for 200 seconds at Thu Mar 14 18:39:29 UTC 2019
2 ms. Memory: 309760K Free: 292754K (95%)
ptolemy.util.test.WatchDog.cancel(): canceling Thu Mar 14 18:39:29 UTC 2019
------------------ testing $PTII/ptolemy/domains/de/test/auto/VariableDelay2.xml
auto.tcl: Setting watchdog for 200 seconds at Thu Mar 14 18:39:29 UTC 2019
2 ms. Memory: 307712K Free: 293387K (95%)
ptolemy.util.test.WatchDog.cancel(): canceling Thu Mar 14 18:39:29 UTC 2019
auto.tcl: Setting watchdog for 200 seconds at Thu Mar 14 18:39:29 UTC 2019
2 ms. Memory: 307712K Free: 293387K (95%)
ptolemy.util.test.WatchDog.cancel(): canceling Thu Mar 14 18:39:29 UTC 2019
------------------ testing $PTII/ptolemy/domains/de/test/auto/VariableDelayZeroDelay.xml
auto.tcl: Setting watchdog for 200 seconds at Thu Mar 14 18:39:29 UTC 2019
3 ms. Memory: 309248K Free: 296040K (96%)
ptolemy.util.test.WatchDog.cancel(): canceling Thu Mar 14 18:39:29 UTC 2019
auto.tcl: Setting watchdog for 200 seconds at Thu Mar 14 18:39:29 UTC 2019
2 ms. Memory: 309248K Free: 292651K (95%)
ptolemy.util.test.WatchDog.cancel(): canceling Thu Mar 14 18:39:29 UTC 2019
------------------ testing $PTII/ptolemy/domains/de/test/auto/VariableDelayZeroDelay2.xml
auto.tcl: Setting watchdog for 200 seconds at Thu Mar 14 18:39:29 UTC 2019
2 ms. Memory: 307712K Free: 294501K (96%)
ptolemy.util.test.WatchDog.cancel(): canceling Thu Mar 14 18:39:29 UTC 2019
auto.tcl: Setting watchdog for 200 seconds at Thu Mar 14 18:39:29 UTC 2019
2 ms. Memory: 307712K Free: 291113K (95%)
ptolemy.util.test.WatchDog.cancel(): canceling Thu Mar 14 18:39:29 UTC 2019
------------------ testing $PTII/ptolemy/domains/de/test/auto/deInCt.xml
auto.tcl: Setting watchdog for 200 seconds at Thu Mar 14 18:39:29 UTC 2019
0
1
1
0
0
0
1
1
1
1
1
0
0
0
1
1
1
0
0
0
1
1
1
0
0
0
1
1
1
0
0
0
1
1
1
1
1
1
0
0
0
23 ms. Memory: 309248K Free: 292627K (95%)
ptolemy.util.test.WatchDog.cancel(): canceling Thu Mar 14 18:39:29 UTC 2019
auto.tcl: Setting watchdog for 200 seconds at Thu Mar 14 18:39:29 UTC 2019
0
1
1
1
1
1
0
0
0
0
0
0
0
1
1
1
0
0
0
1
1
1
0
0
0
1
1
1
1
9 ms. Memory: 309248K Free: 292627K (95%)
ptolemy.util.test.WatchDog.cancel(): canceling Thu Mar 14 18:39:29 UTC 2019
------------------ testing $PTII/ptolemy/domains/de/test/auto/deInCt2.xml
auto.tcl: Setting watchdog for 200 seconds at Thu Mar 14 18:39:29 UTC 2019
0
1
1
1
0
0
1
1
1
0
0
1
1
1
0
0
1
1
1
0
0
1
1
1
0
0
1
1
1
0
0
1
1
1
0
0
1
1
1
0
0
0
9 ms. Memory: 307712K Free: 293360K (95%)
ptolemy.util.test.WatchDog.cancel(): canceling Thu Mar 14 18:39:29 UTC 2019
auto.tcl: Setting watchdog for 200 seconds at Thu Mar 14 18:39:29 UTC 2019
0
1
1
1
0
0
1
1
1
0
0
1
1
1
0
0
1
1
1
0
0
1
1
1
0
0
1
1
1
0
0
1
1
1
0
0
1
1
1
0
0
0
4 ms. Memory: 307712K Free: 293360K (95%)
ptolemy.util.test.WatchDog.cancel(): canceling Thu Mar 14 18:39:29 UTC 2019
------------------ testing $PTII/ptolemy/domains/de/test/auto/dynamicCausalityInterface1.xml
auto.tcl: Setting watchdog for 200 seconds at Thu Mar 14 18:39:29 UTC 2019
1 ms. Memory: 308736K Free: 291028K (94%)
ptolemy.util.test.WatchDog.cancel(): canceling Thu Mar 14 18:39:29 UTC 2019
auto.tcl: Setting watchdog for 200 seconds at Thu Mar 14 18:39:29 UTC 2019
1 ms. Memory: 308736K Free: 291028K (94%)
ptolemy.util.test.WatchDog.cancel(): canceling Thu Mar 14 18:39:29 UTC 2019
------------------ testing $PTII/ptolemy/domains/de/test/auto/fsm_de_test.xml
auto.tcl: Setting watchdog for 200 seconds at Thu Mar 14 18:39:29 UTC 2019
10 ms. Memory: 307712K Free: 289882K (94%)
ptolemy.util.test.WatchDog.cancel(): canceling Thu Mar 14 18:39:29 UTC 2019
auto.tcl: Setting watchdog for 200 seconds at Thu Mar 14 18:39:29 UTC 2019
4 ms. Memory: 307712K Free: 289882K (94%)
ptolemy.util.test.WatchDog.cancel(): canceling Thu Mar 14 18:39:29 UTC 2019
------------------ testing $PTII/ptolemy/domains/de/test/auto/functionDependencyReconstruction.xml
auto.tcl: Setting watchdog for 200 seconds at Thu Mar 14 18:39:29 UTC 2019
2 ms. Memory: 308736K Free: 284176K (92%)
ptolemy.util.test.WatchDog.cancel(): canceling Thu Mar 14 18:39:29 UTC 2019
auto.tcl: Setting watchdog for 200 seconds at Thu Mar 14 18:39:29 UTC 2019
3 ms. Memory: 308736K Free: 284176K (92%)
ptolemy.util.test.WatchDog.cancel(): canceling Thu Mar 14 18:39:29 UTC 2019
------------------ testing $PTII/ptolemy/domains/de/test/auto/multirate.xml
auto.tcl: Setting watchdog for 200 seconds at Thu Mar 14 18:39:29 UTC 2019
3 ms. Memory: 307712K Free: 290867K (95%)
ptolemy.util.test.WatchDog.cancel(): canceling Thu Mar 14 18:39:29 UTC 2019
auto.tcl: Setting watchdog for 200 seconds at Thu Mar 14 18:39:29 UTC 2019
3 ms. Memory: 307712K Free: 290867K (95%)
ptolemy.util.test.WatchDog.cancel(): canceling Thu Mar 14 18:39:29 UTC 2019
------------------ testing $PTII/ptolemy/domains/de/test/auto/multirate2.xml
auto.tcl: Setting watchdog for 200 seconds at Thu Mar 14 18:39:29 UTC 2019
3 ms. Memory: 308736K Free: 292095K (95%)
ptolemy.util.test.WatchDog.cancel(): canceling Thu Mar 14 18:39:29 UTC 2019
auto.tcl: Setting watchdog for 200 seconds at Thu Mar 14 18:39:29 UTC 2019
3 ms. Memory: 308736K Free: 292095K (95%)
ptolemy.util.test.WatchDog.cancel(): canceling Thu Mar 14 18:39:29 UTC 2019
------------------ testing $PTII/ptolemy/domains/de/test/auto/realtime.xml
auto.tcl: Setting watchdog for 200 seconds at Thu Mar 14 18:39:29 UTC 2019
10001 ms. Memory: 307712K Free: 291049K (95%)
ptolemy.util.test.WatchDog.cancel(): canceling Thu Mar 14 18:39:39 UTC 2019
auto.tcl: Setting watchdog for 200 seconds at Thu Mar 14 18:39:39 UTC 2019
10001 ms. Memory: 307712K Free: 291049K (95%)
ptolemy.util.test.WatchDog.cancel(): canceling Thu Mar 14 18:39:49 UTC 2019
------------------ testing $PTII/ptolemy/domains/de/test/auto/relationGroup.xml
auto.tcl: Setting watchdog for 200 seconds at Thu Mar 14 18:39:49 UTC 2019
2 ms. Memory: 308224K Free: 294979K (96%)
ptolemy.util.test.WatchDog.cancel(): canceling Thu Mar 14 18:39:49 UTC 2019
auto.tcl: Setting watchdog for 200 seconds at Thu Mar 14 18:39:49 UTC 2019
1 ms. Memory: 308224K Free: 294979K (96%)
ptolemy.util.test.WatchDog.cancel(): canceling Thu Mar 14 18:39:49 UTC 2019
------------------ testing $PTII/ptolemy/domains/de/test/auto/relationGroup2.xml
auto.tcl: Setting watchdog for 200 seconds at Thu Mar 14 18:39:50 UTC 2019
2 ms. Memory: 307712K Free: 294493K (96%)
ptolemy.util.test.WatchDog.cancel(): canceling Thu Mar 14 18:39:50 UTC 2019
auto.tcl: Setting watchdog for 200 seconds at Thu Mar 14 18:39:50 UTC 2019
2 ms. Memory: 307712K Free: 294493K (96%)
ptolemy.util.test.WatchDog.cancel(): canceling Thu Mar 14 18:39:50 UTC 2019
------------------ testing $PTII/ptolemy/domains/de/test/auto/sortWithOpaquePorts.xml
auto.tcl: Setting watchdog for 200 seconds at Thu Mar 14 18:39:50 UTC 2019
2 ms. Memory: 308224K Free: 295005K (96%)
ptolemy.util.test.WatchDog.cancel(): canceling Thu Mar 14 18:39:50 UTC 2019
auto.tcl: Setting watchdog for 200 seconds at Thu Mar 14 18:39:50 UTC 2019
3 ms. Memory: 308224K Free: 291632K (95%)
ptolemy.util.test.WatchDog.cancel(): canceling Thu Mar 14 18:39:50 UTC 2019
------------------ testing $PTII/ptolemy/domains/de/test/auto/transferInputsandOutputs.xml
auto.tcl: Setting watchdog for 200 seconds at Thu Mar 14 18:39:50 UTC 2019
3 ms. Memory: 307712K Free: 291092K (95%)
ptolemy.util.test.WatchDog.cancel(): canceling Thu Mar 14 18:39:50 UTC 2019
auto.tcl: Setting watchdog for 200 seconds at Thu Mar 14 18:39:50 UTC 2019
2 ms. Memory: 307712K Free: 287711K (94%)
ptolemy.util.test.WatchDog.cancel(): canceling Thu Mar 14 18:39:50 UTC 2019
------------------ testing $PTII/ptolemy/domains/de/test/auto/triggerType.xml
auto.tcl: Setting watchdog for 200 seconds at Thu Mar 14 18:39:50 UTC 2019
1 ms. Memory: 308224K Free: 294941K (96%)
ptolemy.util.test.WatchDog.cancel(): canceling Thu Mar 14 18:39:50 UTC 2019
auto.tcl: Setting watchdog for 200 seconds at Thu Mar 14 18:39:50 UTC 2019
1 ms. Memory: 308224K Free: 291569K (95%)
ptolemy.util.test.WatchDog.cancel(): canceling Thu Mar 14 18:39:50 UTC 2019
03/14/19 06:39:50
Failed: 0  Total Tests: 192  ((Passed: 187, Newly Passed: 1)  Known Failed: 5) /home/travis/build/icyphy/ptII/ptolemy/domains/de/test
03/14/19 06:39:50
Failed: 0  Total Tests: 192  ((Passed: 187, Newly Passed: 1)  Known Failed: 5) /home/travis/build/icyphy/ptII/ptolemy/domains/de/test
----------------- testing (KnownFailure) /home/travis/build/icyphy/ptII/ptolemy/domains/de/test/auto/knownFailedTests/DESDFClockTest.xml
2009 ms. Memory: 307712K Free: 285395K (93%)
Known Failure: java.lang.reflect.InvocationTargetException
----------------- testing (KnownFailure) /home/travis/build/icyphy/ptII/ptolemy/domains/de/test/auto/knownFailedTests/DirectFeedback.xml
5 ms. Memory: 307712K Free: 267290K (87%)
Known Failure: java.lang.reflect.InvocationTargetException
----------------- testing (KnownFailure) /home/travis/build/icyphy/ptII/ptolemy/domains/de/test/auto/knownFailedTests/FSMSource.xml
16 ms. Memory: 307712K Free: 244652K (80%)
----------------- testing (KnownFailure) /home/travis/build/icyphy/ptII/ptolemy/domains/de/test/auto/knownFailedTests/HierarchicalModel.xml
3 ms. Memory: 307712K Free: 222004K (72%)
Known Failure: java.lang.reflect.InvocationTargetException
----------------- testing (KnownFailure) /home/travis/build/icyphy/ptII/ptolemy/domains/de/test/auto/knownFailedTests/dependencyLoop.xml
2 ms. Memory: 307712K Free: 190313K (62%)
Known Failure: java.lang.reflect.InvocationTargetException
----------------- testing (KnownFailure) /home/travis/build/icyphy/ptII/ptolemy/domains/de/test/auto/knownFailedTests/dependencyLoop2.xml
4 ms. Memory: 307712K Free: 158614K (52%)
Known Failure: java.lang.reflect.InvocationTargetException
No auto/linux-amd64/*.xml tests in /home/travis/build/icyphy/ptII/ptolemy/domains/de/test
AutoTests.java: About to close Vertx.
AutoTests.java: Vertx closed.

===========================================================================================
----------------- testing Thu Mar 14 18:39:52 UTC 2019 /home/travis/build/icyphy/ptII/ptolemy/domains/de/test/auto/ActorDepthCalculation_actorWithoutPorts.xml
----------------- Instantiating /home/travis/build/icyphy/ptII/ptolemy/domains/de/test/auto/ActorDepthCalculation_actorWithoutPorts.xml
2 ms. Memory: 307712K Free: 135983K (44%)
----------------- Invoking toplevel() on ptolemy.moml.MoMLSimpleApplication@1a7ba8e
----------------- Done invoking toplevel() on ptolemy.moml.MoMLSimpleApplication@1a7ba8e
reloadAllAccessors: .ActorDepthCalculation_actorWithoutPorts

===========================================================================================
----------------- testing Thu Mar 14 18:39:52 UTC 2019 /home/travis/build/icyphy/ptII/ptolemy/domains/de/test/auto/AssemblyLine.xml
----------------- Instantiating /home/travis/build/icyphy/ptII/ptolemy/domains/de/test/auto/AssemblyLine.xml
6 ms. Memory: 307712K Free: 122404K (40%)
----------------- Invoking toplevel() on ptolemy.moml.MoMLSimpleApplication@5c7cc40c
----------------- Done invoking toplevel() on ptolemy.moml.MoMLSimpleApplication@5c7cc40c
reloadAllAccessors: .AssemblyLine

===========================================================================================
----------------- testing Thu Mar 14 18:39:52 UTC 2019 /home/travis/build/icyphy/ptII/ptolemy/domains/de/test/auto/CQBug1.xml
----------------- Instantiating /home/travis/build/icyphy/ptII/ptolemy/domains/de/test/auto/CQBug1.xml
1 ms. Memory: 307712K Free: 113352K (37%)
----------------- Invoking toplevel() on ptolemy.moml.MoMLSimpleApplication@7b42c024
----------------- Done invoking toplevel() on ptolemy.moml.MoMLSimpleApplication@7b42c024
reloadAllAccessors: .CQBug1

===========================================================================================
----------------- testing Thu Mar 14 18:39:52 UTC 2019 /home/travis/build/icyphy/ptII/ptolemy/domains/de/test/auto/CancelFireAt.xml
----------------- Instantiating /home/travis/build/icyphy/ptII/ptolemy/domains/de/test/auto/CancelFireAt.xml
1 ms. Memory: 307712K Free: 104300K (34%)
----------------- Invoking toplevel() on ptolemy.moml.MoMLSimpleApplication@62c0694a
----------------- Done invoking toplevel() on ptolemy.moml.MoMLSimpleApplication@62c0694a
reloadAllAccessors: .CancelFireAt

===========================================================================================
----------------- testing Thu Mar 14 18:39:52 UTC 2019 /home/travis/build/icyphy/ptII/ptolemy/domains/de/test/auto/CausalityAndComposabilityAnalysis.xml
----------------- Instantiating /home/travis/build/icyphy/ptII/ptolemy/domains/de/test/auto/CausalityAndComposabilityAnalysis.xml
1 ms. Memory: 307712K Free: 95248K (31%)
----------------- Invoking toplevel() on ptolemy.moml.MoMLSimpleApplication@abf2f5e
----------------- Done invoking toplevel() on ptolemy.moml.MoMLSimpleApplication@abf2f5e
reloadAllAccessors: .CausalityAndComposabilityAnalysis

===========================================================================================
----------------- testing Thu Mar 14 18:39:52 UTC 2019 /home/travis/build/icyphy/ptII/ptolemy/domains/de/test/auto/CausalityInterface1.xml
----------------- Instantiating /home/travis/build/icyphy/ptII/ptolemy/domains/de/test/auto/CausalityInterface1.xml
4 ms. Memory: 307712K Free: 82823K (27%)
----------------- Invoking toplevel() on ptolemy.moml.MoMLSimpleApplication@60c37845
----------------- Done invoking toplevel() on ptolemy.moml.MoMLSimpleApplication@60c37845
reloadAllAccessors: .CausalityInterface1

===========================================================================================
----------------- testing Thu Mar 14 18:39:52 UTC 2019 /home/travis/build/icyphy/ptII/ptolemy/domains/de/test/auto/CausalityInterface15.xml
----------------- Instantiating /home/travis/build/icyphy/ptII/ptolemy/domains/de/test/auto/CausalityInterface15.xml
11 ms. Memory: 298496K Free: 288469K (97%)
----------------- Invoking toplevel() on ptolemy.moml.MoMLSimpleApplication@69c30746
----------------- Done invoking toplevel() on ptolemy.moml.MoMLSimpleApplication@69c30746
reloadAllAccessors: .CausalityInterface15

===========================================================================================
----------------- testing Thu Mar 14 18:39:52 UTC 2019 /home/travis/build/icyphy/ptII/ptolemy/domains/de/test/auto/CausalityInterface2.xml
----------------- Instantiating /home/travis/build/icyphy/ptII/ptolemy/domains/de/test/auto/CausalityInterface2.xml
2 ms. Memory: 298496K Free: 277626K (93%)
----------------- Invoking toplevel() on ptolemy.moml.MoMLSimpleApplication@62eff490
----------------- Done invoking toplevel() on ptolemy.moml.MoMLSimpleApplication@62eff490
reloadAllAccessors: .CausalityInterface2

===========================================================================================
----------------- testing Thu Mar 14 18:39:52 UTC 2019 /home/travis/build/icyphy/ptII/ptolemy/domains/de/test/auto/CausalityInterface3.xml
----------------- Instantiating /home/travis/build/icyphy/ptII/ptolemy/domains/de/test/auto/CausalityInterface3.xml
2 ms. Memory: 298496K Free: 271128K (91%)
----------------- Invoking toplevel() on ptolemy.moml.MoMLSimpleApplication@189daa87
----------------- Done invoking toplevel() on ptolemy.moml.MoMLSimpleApplication@189daa87
reloadAllAccessors: .CausalityInterface3

===========================================================================================
----------------- testing Thu Mar 14 18:39:52 UTC 2019 /home/travis/build/icyphy/ptII/ptolemy/domains/de/test/auto/ClockDrift.xml
----------------- Instantiating /home/travis/build/icyphy/ptII/ptolemy/domains/de/test/auto/ClockDrift.xml
13 ms. Memory: 298496K Free: 255944K (86%)
----------------- Invoking toplevel() on ptolemy.moml.MoMLSimpleApplication@2d6e1b7f
----------------- Done invoking toplevel() on ptolemy.moml.MoMLSimpleApplication@2d6e1b7f
reloadAllAccessors: .ClockDrift

===========================================================================================
----------------- testing Thu Mar 14 18:39:52 UTC 2019 /home/travis/build/icyphy/ptII/ptolemy/domains/de/test/auto/ClockDriftAndValueChange.xml
----------------- Instantiating /home/travis/build/icyphy/ptII/ptolemy/domains/de/test/auto/ClockDriftAndValueChange.xml
11 ms. Memory: 298496K Free: 240743K (81%)
----------------- Invoking toplevel() on ptolemy.moml.MoMLSimpleApplication@1ecfb9c7
----------------- Done invoking toplevel() on ptolemy.moml.MoMLSimpleApplication@1ecfb9c7
reloadAllAccessors: .ClockDriftAndValueChange

===========================================================================================
----------------- testing Thu Mar 14 18:39:52 UTC 2019 /home/travis/build/icyphy/ptII/ptolemy/domains/de/test/auto/ClockDriftChange.xml
----------------- Instantiating /home/travis/build/icyphy/ptII/ptolemy/domains/de/test/auto/ClockDriftChange.xml
8 ms. Memory: 298496K Free: 225596K (76%)
----------------- Invoking toplevel() on ptolemy.moml.MoMLSimpleApplication@2d889b87
----------------- Done invoking toplevel() on ptolemy.moml.MoMLSimpleApplication@2d889b87
reloadAllAccessors: .ClockDriftChange

===========================================================================================
----------------- testing Thu Mar 14 18:39:52 UTC 2019 /home/travis/build/icyphy/ptII/ptolemy/domains/de/test/auto/ComposableCausalityAnalysis.xml
----------------- Instantiating /home/travis/build/icyphy/ptII/ptolemy/domains/de/test/auto/ComposableCausalityAnalysis.xml
1 ms. Memory: 298496K Free: 216909K (73%)
----------------- Invoking toplevel() on ptolemy.moml.MoMLSimpleApplication@62952558
----------------- Done invoking toplevel() on ptolemy.moml.MoMLSimpleApplication@62952558
reloadAllAccessors: .ComposableCausalityAnalysis

===========================================================================================
----------------- testing Thu Mar 14 18:39:52 UTC 2019 /home/travis/build/icyphy/ptII/ptolemy/domains/de/test/auto/DEFixedPointLimitation.xml
----------------- Instantiating /home/travis/build/icyphy/ptII/ptolemy/domains/de/test/auto/DEFixedPointLimitation.xml
0 ms. Memory: 298496K Free: 210403K (70%)
----------------- Invoking toplevel() on ptolemy.moml.MoMLSimpleApplication@2cd292fd
----------------- Done invoking toplevel() on ptolemy.moml.MoMLSimpleApplication@2cd292fd
reloadAllAccessors: .DEFixedPointLimitation

===========================================================================================
----------------- testing Thu Mar 14 18:39:52 UTC 2019 /home/travis/build/icyphy/ptII/ptolemy/domains/de/test/auto/DEScheduleTest.xml
----------------- Instantiating /home/travis/build/icyphy/ptII/ptolemy/domains/de/test/auto/DEScheduleTest.xml
2 ms. Memory: 298496K Free: 203890K (68%)
----------------- Invoking toplevel() on ptolemy.moml.MoMLSimpleApplication@3e8170f1
----------------- Done invoking toplevel() on ptolemy.moml.MoMLSimpleApplication@3e8170f1
reloadAllAccessors: .DEScheduleTest

===========================================================================================
----------------- testing Thu Mar 14 18:39:52 UTC 2019 /home/travis/build/icyphy/ptII/ptolemy/domains/de/test/auto/DEinDEwithStartTimes.xml
----------------- Instantiating /home/travis/build/icyphy/ptII/ptolemy/domains/de/test/auto/DEinDEwithStartTimes.xml
2 ms. Memory: 298496K Free: 195203K (65%)
----------------- Invoking toplevel() on ptolemy.moml.MoMLSimpleApplication@21dc52fc
----------------- Done invoking toplevel() on ptolemy.moml.MoMLSimpleApplication@21dc52fc
reloadAllAccessors: .DEinDEwithStartTimes

===========================================================================================
----------------- testing Thu Mar 14 18:39:52 UTC 2019 /home/travis/build/icyphy/ptII/ptolemy/domains/de/test/auto/DEinDEwithStartTimes2.xml
----------------- Instantiating /home/travis/build/icyphy/ptII/ptolemy/domains/de/test/auto/DEinDEwithStartTimes2.xml
2 ms. Memory: 298496K Free: 184387K (62%)
----------------- Invoking toplevel() on ptolemy.moml.MoMLSimpleApplication@f0c4ec
----------------- Done invoking toplevel() on ptolemy.moml.MoMLSimpleApplication@f0c4ec
reloadAllAccessors: .DEinDEwithStartTimes2

===========================================================================================
----------------- testing Thu Mar 14 18:39:52 UTC 2019 /home/travis/build/icyphy/ptII/ptolemy/domains/de/test/auto/DateDemo.xml
----------------- Instantiating /home/travis/build/icyphy/ptII/ptolemy/domains/de/test/auto/DateDemo.xml
4 ms. Memory: 298496K Free: 171344K (57%)
----------------- Invoking toplevel() on ptolemy.moml.MoMLSimpleApplication@6faecb2b
----------------- Done invoking toplevel() on ptolemy.moml.MoMLSimpleApplication@6faecb2b
reloadAllAccessors: .DateDemo

===========================================================================================
----------------- testing Thu Mar 14 18:39:52 UTC 2019 /home/travis/build/icyphy/ptII/ptolemy/domains/de/test/auto/DateToEvent.xml
----------------- Instantiating /home/travis/build/icyphy/ptII/ptolemy/domains/de/test/auto/DateToEvent.xml
2003 ms. Memory: 298496K Free: 151796K (51%)
----------------- Invoking toplevel() on ptolemy.moml.MoMLSimpleApplication@9cd64f1
----------------- Done invoking toplevel() on ptolemy.moml.MoMLSimpleApplication@9cd64f1
reloadAllAccessors: .DateToEvent

===========================================================================================
----------------- testing Thu Mar 14 18:39:54 UTC 2019 /home/travis/build/icyphy/ptII/ptolemy/domains/de/test/auto/DepthTest1.xml
----------------- Instantiating /home/travis/build/icyphy/ptII/ptolemy/domains/de/test/auto/DepthTest1.xml
1 ms. Memory: 298496K Free: 147464K (49%)
----------------- Invoking toplevel() on ptolemy.moml.MoMLSimpleApplication@7c5a4787
----------------- Done invoking toplevel() on ptolemy.moml.MoMLSimpleApplication@7c5a4787
reloadAllAccessors: .DepthTest1

===========================================================================================
----------------- testing Thu Mar 14 18:39:54 UTC 2019 /home/travis/build/icyphy/ptII/ptolemy/domains/de/test/auto/DepthTest2.xml
----------------- Instantiating /home/travis/build/icyphy/ptII/ptolemy/domains/de/test/auto/DepthTest2.xml
2 ms. Memory: 298496K Free: 136665K (46%)
----------------- Invoking toplevel() on ptolemy.moml.MoMLSimpleApplication@7bf66375
----------------- Done invoking toplevel() on ptolemy.moml.MoMLSimpleApplication@7bf66375
reloadAllAccessors: .DepthTest2

===========================================================================================
----------------- testing Thu Mar 14 18:39:54 UTC 2019 /home/travis/build/icyphy/ptII/ptolemy/domains/de/test/auto/DepthTest3.xml
----------------- Instantiating /home/travis/build/icyphy/ptII/ptolemy/domains/de/test/auto/DepthTest3.xml
1 ms. Memory: 298496K Free: 130167K (44%)
----------------- Invoking toplevel() on ptolemy.moml.MoMLSimpleApplication@316f56ff
----------------- Done invoking toplevel() on ptolemy.moml.MoMLSimpleApplication@316f56ff
reloadAllAccessors: .DepthTest3

===========================================================================================
----------------- testing Thu Mar 14 18:39:54 UTC 2019 /home/travis/build/icyphy/ptII/ptolemy/domains/de/test/auto/DepthTest4.xml
----------------- Instantiating /home/travis/build/icyphy/ptII/ptolemy/domains/de/test/auto/DepthTest4.xml
1 ms. Memory: 298496K Free: 123654K (41%)
----------------- Invoking toplevel() on ptolemy.moml.MoMLSimpleApplication@6d4134a6
----------------- Done invoking toplevel() on ptolemy.moml.MoMLSimpleApplication@6d4134a6
reloadAllAccessors: .DepthTest4

===========================================================================================
----------------- testing Thu Mar 14 18:39:54 UTC 2019 /home/travis/build/icyphy/ptII/ptolemy/domains/de/test/auto/DepthTest5.xml
----------------- Instantiating /home/travis/build/icyphy/ptII/ptolemy/domains/de/test/auto/DepthTest5.xml
1 ms. Memory: 298496K Free: 114959K (39%)
----------------- Invoking toplevel() on ptolemy.moml.MoMLSimpleApplication@1b8b6ea4
----------------- Done invoking toplevel() on ptolemy.moml.MoMLSimpleApplication@1b8b6ea4
reloadAllAccessors: .DepthTest5

===========================================================================================
----------------- testing Thu Mar 14 18:39:54 UTC 2019 /home/travis/build/icyphy/ptII/ptolemy/domains/de/test/auto/DepthTest6.xml
----------------- Instantiating /home/travis/build/icyphy/ptII/ptolemy/domains/de/test/auto/DepthTest6.xml
2 ms. Memory: 298496K Free: 106295K (36%)
----------------- Invoking toplevel() on ptolemy.moml.MoMLSimpleApplication@1990d149
----------------- Done invoking toplevel() on ptolemy.moml.MoMLSimpleApplication@1990d149
reloadAllAccessors: .DepthTest6

===========================================================================================
----------------- testing Thu Mar 14 18:39:54 UTC 2019 /home/travis/build/icyphy/ptII/ptolemy/domains/de/test/auto/DepthTest7.xml
----------------- Instantiating /home/travis/build/icyphy/ptII/ptolemy/domains/de/test/auto/DepthTest7.xml
2 ms. Memory: 298496K Free: 97662K (33%)
----------------- Invoking toplevel() on ptolemy.moml.MoMLSimpleApplication@3167f717
----------------- Done invoking toplevel() on ptolemy.moml.MoMLSimpleApplication@3167f717
reloadAllAccessors: .DepthTest7

===========================================================================================
----------------- testing Thu Mar 14 18:39:55 UTC 2019 /home/travis/build/icyphy/ptII/ptolemy/domains/de/test/auto/EventToDate.xml
----------------- Instantiating /home/travis/build/icyphy/ptII/ptolemy/domains/de/test/auto/EventToDate.xml
3004 ms. Memory: 298496K Free: 80303K (27%)
----------------- Invoking toplevel() on ptolemy.moml.MoMLSimpleApplication@1e9359cd
----------------- Done invoking toplevel() on ptolemy.moml.MoMLSimpleApplication@1e9359cd
reloadAllAccessors: .EventToDate

===========================================================================================
----------------- testing Thu Mar 14 18:39:58 UTC 2019 /home/travis/build/icyphy/ptII/ptolemy/domains/de/test/auto/FSM1.xml
----------------- Instantiating /home/travis/build/icyphy/ptII/ptolemy/domains/de/test/auto/FSM1.xml
15 ms. Memory: 289280K Free: 273550K (95%)
----------------- Invoking toplevel() on ptolemy.moml.MoMLSimpleApplication@62e2c91c
----------------- Done invoking toplevel() on ptolemy.moml.MoMLSimpleApplication@62e2c91c
reloadAllAccessors: .FSM1

===========================================================================================
----------------- testing Thu Mar 14 18:39:58 UTC 2019 /home/travis/build/icyphy/ptII/ptolemy/domains/de/test/auto/FSM7.xml
----------------- Instantiating /home/travis/build/icyphy/ptII/ptolemy/domains/de/test/auto/FSM7.xml
12 ms. Memory: 289280K Free: 257614K (89%)
----------------- Invoking toplevel() on ptolemy.moml.MoMLSimpleApplication@5fb3c380
----------------- Done invoking toplevel() on ptolemy.moml.MoMLSimpleApplication@5fb3c380
reloadAllAccessors: .FSM7

===========================================================================================
----------------- testing Thu Mar 14 18:39:58 UTC 2019 /home/travis/build/icyphy/ptII/ptolemy/domains/de/test/auto/Inspection.xml
----------------- Instantiating /home/travis/build/icyphy/ptII/ptolemy/domains/de/test/auto/Inspection.xml
17 ms. Memory: 289280K Free: 243082K (84%)
----------------- Invoking toplevel() on ptolemy.moml.MoMLSimpleApplication@33d8b5f6
----------------- Done invoking toplevel() on ptolemy.moml.MoMLSimpleApplication@33d8b5f6
reloadAllAccessors: .Inspection

===========================================================================================
----------------- testing Thu Mar 14 18:39:58 UTC 2019 /home/travis/build/icyphy/ptII/ptolemy/domains/de/test/auto/Iteration.xml
----------------- Instantiating /home/travis/build/icyphy/ptII/ptolemy/domains/de/test/auto/Iteration.xml
9 ms. Memory: 289280K Free: 233391K (81%)
----------------- Invoking toplevel() on ptolemy.moml.MoMLSimpleApplication@5968d299
----------------- Done invoking toplevel() on ptolemy.moml.MoMLSimpleApplication@5968d299
reloadAllAccessors: .Iteration

===========================================================================================
----------------- testing Thu Mar 14 18:39:58 UTC 2019 /home/travis/build/icyphy/ptII/ptolemy/domains/de/test/auto/LineFault.xml
----------------- Instantiating /home/travis/build/icyphy/ptII/ptolemy/domains/de/test/auto/LineFault.xml
453 ms. Memory: 289280K Free: 116996K (40%)
----------------- Invoking toplevel() on ptolemy.moml.MoMLSimpleApplication@1d11043b
----------------- Done invoking toplevel() on ptolemy.moml.MoMLSimpleApplication@1d11043b
reloadAllAccessors: .LineFault

===========================================================================================
----------------- testing Thu Mar 14 18:39:58 UTC 2019 /home/travis/build/icyphy/ptII/ptolemy/domains/de/test/auto/MergeModel1Add.xml
----------------- Instantiating /home/travis/build/icyphy/ptII/ptolemy/domains/de/test/auto/MergeModel1Add.xml
5 ms. Memory: 289280K Free: 96203K (33%)
----------------- Invoking toplevel() on ptolemy.moml.MoMLSimpleApplication@695f18d1
----------------- Done invoking toplevel() on ptolemy.moml.MoMLSimpleApplication@695f18d1
reloadAllAccessors: .MergeModel1Add

===========================================================================================
----------------- testing Thu Mar 14 18:39:58 UTC 2019 /home/travis/build/icyphy/ptII/ptolemy/domains/de/test/auto/MergeModel2Add.xml
----------------- Instantiating /home/travis/build/icyphy/ptII/ptolemy/domains/de/test/auto/MergeModel2Add.xml
7 ms. Memory: 289280K Free: 76120K (26%)
----------------- Invoking toplevel() on ptolemy.moml.MoMLSimpleApplication@3423b50b
----------------- Done invoking toplevel() on ptolemy.moml.MoMLSimpleApplication@3423b50b
reloadAllAccessors: .MergeModel2Add

===========================================================================================
----------------- testing Thu Mar 14 18:39:58 UTC 2019 /home/travis/build/icyphy/ptII/ptolemy/domains/de/test/auto/MergeModel3Add.xml
----------------- Instantiating /home/travis/build/icyphy/ptII/ptolemy/domains/de/test/auto/MergeModel3Add.xml
6 ms. Memory: 280064K Free: 254779K (91%)
----------------- Invoking toplevel() on ptolemy.moml.MoMLSimpleApplication@4769da24
----------------- Done invoking toplevel() on ptolemy.moml.MoMLSimpleApplication@4769da24
reloadAllAccessors: .MergeModel3Add

===========================================================================================
----------------- testing Thu Mar 14 18:39:58 UTC 2019 /home/travis/build/icyphy/ptII/ptolemy/domains/de/test/auto/MergeWithoutDiscard.xml
----------------- Instantiating /home/travis/build/icyphy/ptII/ptolemy/domains/de/test/auto/MergeWithoutDiscard.xml
2 ms. Memory: 280064K Free: 247912K (89%)
----------------- Invoking toplevel() on ptolemy.moml.MoMLSimpleApplication@1ea5a39c
----------------- Done invoking toplevel() on ptolemy.moml.MoMLSimpleApplication@1ea5a39c
reloadAllAccessors: .MergeWithoutDiscard

===========================================================================================
----------------- testing Thu Mar 14 18:39:58 UTC 2019 /home/travis/build/icyphy/ptII/ptolemy/domains/de/test/auto/Modal1.xml
----------------- Instantiating /home/travis/build/icyphy/ptII/ptolemy/domains/de/test/auto/Modal1.xml
6 ms. Memory: 280064K Free: 233063K (83%)
----------------- Invoking toplevel() on ptolemy.moml.MoMLSimpleApplication@24fb0b10
----------------- Done invoking toplevel() on ptolemy.moml.MoMLSimpleApplication@24fb0b10
reloadAllAccessors: .Modal1

===========================================================================================
----------------- testing Thu Mar 14 18:39:58 UTC 2019 /home/travis/build/icyphy/ptII/ptolemy/domains/de/test/auto/Modal2.xml
----------------- Instantiating /home/travis/build/icyphy/ptII/ptolemy/domains/de/test/auto/Modal2.xml
6 ms. Memory: 280064K Free: 219093K (78%)
----------------- Invoking toplevel() on ptolemy.moml.MoMLSimpleApplication@7ff441e
----------------- Done invoking toplevel() on ptolemy.moml.MoMLSimpleApplication@7ff441e
reloadAllAccessors: .Modal2

===========================================================================================
----------------- testing Thu Mar 14 18:39:58 UTC 2019 /home/travis/build/icyphy/ptII/ptolemy/domains/de/test/auto/Modal3.xml
----------------- Instantiating /home/travis/build/icyphy/ptII/ptolemy/domains/de/test/auto/Modal3.xml
7 ms. Memory: 280064K Free: 204252K (73%)
----------------- Invoking toplevel() on ptolemy.moml.MoMLSimpleApplication@6be92a0d
----------------- Done invoking toplevel() on ptolemy.moml.MoMLSimpleApplication@6be92a0d
reloadAllAccessors: .Modal3

===========================================================================================
----------------- testing Thu Mar 14 18:39:59 UTC 2019 /home/travis/build/icyphy/ptII/ptolemy/domains/de/test/auto/Modal4.xml
----------------- Instantiating /home/travis/build/icyphy/ptII/ptolemy/domains/de/test/auto/Modal4.xml
8 ms. Memory: 280064K Free: 190322K (68%)
----------------- Invoking toplevel() on ptolemy.moml.MoMLSimpleApplication@68d1ff34
----------------- Done invoking toplevel() on ptolemy.moml.MoMLSimpleApplication@68d1ff34
reloadAllAccessors: .Modal4

===========================================================================================
----------------- testing Thu Mar 14 18:39:59 UTC 2019 /home/travis/build/icyphy/ptII/ptolemy/domains/de/test/auto/Modal5.xml
----------------- Instantiating /home/travis/build/icyphy/ptII/ptolemy/domains/de/test/auto/Modal5.xml
8 ms. Memory: 280064K Free: 175489K (63%)
----------------- Invoking toplevel() on ptolemy.moml.MoMLSimpleApplication@7ff827b6
----------------- Done invoking toplevel() on ptolemy.moml.MoMLSimpleApplication@7ff827b6
reloadAllAccessors: .Modal5

===========================================================================================
----------------- testing Thu Mar 14 18:39:59 UTC 2019 /home/travis/build/icyphy/ptII/ptolemy/domains/de/test/auto/Modal6.xml
----------------- Instantiating /home/travis/build/icyphy/ptII/ptolemy/domains/de/test/auto/Modal6.xml
9 ms. Memory: 280064K Free: 161535K (58%)
----------------- Invoking toplevel() on ptolemy.moml.MoMLSimpleApplication@28314518
----------------- Done invoking toplevel() on ptolemy.moml.MoMLSimpleApplication@28314518
reloadAllAccessors: .Modal6

===========================================================================================
----------------- testing Thu Mar 14 18:39:59 UTC 2019 /home/travis/build/icyphy/ptII/ptolemy/domains/de/test/auto/Modal7.xml
----------------- Instantiating /home/travis/build/icyphy/ptII/ptolemy/domains/de/test/auto/Modal7.xml
6 ms. Memory: 280064K Free: 144700K (52%)
----------------- Invoking toplevel() on ptolemy.moml.MoMLSimpleApplication@73d8781a
----------------- Done invoking toplevel() on ptolemy.moml.MoMLSimpleApplication@73d8781a
reloadAllAccessors: .Modal7

===========================================================================================
----------------- testing Thu Mar 14 18:39:59 UTC 2019 /home/travis/build/icyphy/ptII/ptolemy/domains/de/test/auto/ModalModel.xml
----------------- Instantiating /home/travis/build/icyphy/ptII/ptolemy/domains/de/test/auto/ModalModel.xml
123 ms. Memory: 272384K Free: 262050K (96%)
----------------- Invoking toplevel() on ptolemy.moml.MoMLSimpleApplication@769f31e3
----------------- Done invoking toplevel() on ptolemy.moml.MoMLSimpleApplication@769f31e3
reloadAllAccessors: .ModalModel

===========================================================================================
----------------- testing Thu Mar 14 18:39:59 UTC 2019 /home/travis/build/icyphy/ptII/ptolemy/domains/de/test/auto/ModalSource.xml
----------------- Instantiating /home/travis/build/icyphy/ptII/ptolemy/domains/de/test/auto/ModalSource.xml
4 ms. Memory: 272384K Free: 251409K (92%)
----------------- Invoking toplevel() on ptolemy.moml.MoMLSimpleApplication@517d82
----------------- Done invoking toplevel() on ptolemy.moml.MoMLSimpleApplication@517d82
reloadAllAccessors: .ModalSource

===========================================================================================
----------------- testing Thu Mar 14 18:39:59 UTC 2019 /home/travis/build/icyphy/ptII/ptolemy/domains/de/test/auto/NonInterruptibleTimerZeroDelay.xml
----------------- Instantiating /home/travis/build/icyphy/ptII/ptolemy/domains/de/test/auto/NonInterruptibleTimerZeroDelay.xml
2 ms. Memory: 272384K Free: 245733K (90%)
----------------- Invoking toplevel() on ptolemy.moml.MoMLSimpleApplication@5eb081ce
----------------- Done invoking toplevel() on ptolemy.moml.MoMLSimpleApplication@5eb081ce
reloadAllAccessors: .NonInterruptibleTimerZeroDelay

===========================================================================================
----------------- testing Thu Mar 14 18:39:59 UTC 2019 /home/travis/build/icyphy/ptII/ptolemy/domains/de/test/auto/OpenQueueingNetwork.xml
----------------- Instantiating /home/travis/build/icyphy/ptII/ptolemy/domains/de/test/auto/OpenQueueingNetwork.xml
2208 ms. Memory: 318464K Free: 94618K (30%)
----------------- Invoking toplevel() on ptolemy.moml.MoMLSimpleApplication@643d575d
----------------- Done invoking toplevel() on ptolemy.moml.MoMLSimpleApplication@643d575d
reloadAllAccessors: .OpenQueueingNetwork

===========================================================================================
----------------- testing Thu Mar 14 18:40:01 UTC 2019 /home/travis/build/icyphy/ptII/ptolemy/domains/de/test/auto/OpenQueuingNetwork.xml
----------------- Instantiating /home/travis/build/icyphy/ptII/ptolemy/domains/de/test/auto/OpenQueuingNetwork.xml
220 ms. Memory: 309760K Free: 234034K (76%)
----------------- Invoking toplevel() on ptolemy.moml.MoMLSimpleApplication@180a5a27
----------------- Done invoking toplevel() on ptolemy.moml.MoMLSimpleApplication@180a5a27
reloadAllAccessors: .OpenQueuingNetwork

===========================================================================================
----------------- testing Thu Mar 14 18:40:01 UTC 2019 /home/travis/build/icyphy/ptII/ptolemy/domains/de/test/auto/PeriodicSampler.xml
----------------- Instantiating /home/travis/build/icyphy/ptII/ptolemy/domains/de/test/auto/PeriodicSampler.xml
2 ms. Memory: 309760K Free: 226601K (73%)
----------------- Invoking toplevel() on ptolemy.moml.MoMLSimpleApplication@1d50a224
----------------- Done invoking toplevel() on ptolemy.moml.MoMLSimpleApplication@1d50a224
reloadAllAccessors: .PeriodicSampler

===========================================================================================
----------------- testing Thu Mar 14 18:40:01 UTC 2019 /home/travis/build/icyphy/ptII/ptolemy/domains/de/test/auto/PersistentIO.xml
----------------- Instantiating /home/travis/build/icyphy/ptII/ptolemy/domains/de/test/auto/PersistentIO.xml
4 ms. Memory: 309760K Free: 214631K (69%)
----------------- Invoking toplevel() on ptolemy.moml.MoMLSimpleApplication@6f804f16
----------------- Done invoking toplevel() on ptolemy.moml.MoMLSimpleApplication@6f804f16
reloadAllAccessors: .PersistentIO

===========================================================================================
----------------- testing Thu Mar 14 18:40:01 UTC 2019 /home/travis/build/icyphy/ptII/ptolemy/domains/de/test/auto/PortParameterResetOnInitialize.xml
----------------- Instantiating /home/travis/build/icyphy/ptII/ptolemy/domains/de/test/auto/PortParameterResetOnInitialize.xml
1 ms. Memory: 309760K Free: 207504K (67%)
----------------- Invoking toplevel() on ptolemy.moml.MoMLSimpleApplication@7284d27a
----------------- Done invoking toplevel() on ptolemy.moml.MoMLSimpleApplication@7284d27a
reloadAllAccessors: .PortParameterResetOnInitialize

===========================================================================================
----------------- testing Thu Mar 14 18:40:01 UTC 2019 /home/travis/build/icyphy/ptII/ptolemy/domains/de/test/auto/PortParameterUpdates.xml
----------------- Instantiating /home/travis/build/icyphy/ptII/ptolemy/domains/de/test/auto/PortParameterUpdates.xml
6 ms. Memory: 309760K Free: 197803K (64%)
----------------- Invoking toplevel() on ptolemy.moml.MoMLSimpleApplication@7790de78
----------------- Done invoking toplevel() on ptolemy.moml.MoMLSimpleApplication@7790de78
reloadAllAccessors: .PortParameterUpdates

===========================================================================================
----------------- testing Thu Mar 14 18:40:01 UTC 2019 /home/travis/build/icyphy/ptII/ptolemy/domains/de/test/auto/QueueAndServer.xml
----------------- Instantiating /home/travis/build/icyphy/ptII/ptolemy/domains/de/test/auto/QueueAndServer.xml
6 ms. Memory: 309760K Free: 188114K (61%)
----------------- Invoking toplevel() on ptolemy.moml.MoMLSimpleApplication@1e7a4306
----------------- Done invoking toplevel() on ptolemy.moml.MoMLSimpleApplication@1e7a4306
reloadAllAccessors: .QueueAndServer

===========================================================================================
----------------- testing Thu Mar 14 18:40:01 UTC 2019 /home/travis/build/icyphy/ptII/ptolemy/domains/de/test/auto/Records.xml
----------------- Instantiating /home/travis/build/icyphy/ptII/ptolemy/domains/de/test/auto/Records.xml
7 ms. Memory: 309760K Free: 180987K (58%)
----------------- Invoking toplevel() on ptolemy.moml.MoMLSimpleApplication@2ddef328
----------------- Done invoking toplevel() on ptolemy.moml.MoMLSimpleApplication@2ddef328
reloadAllAccessors: .Records

===========================================================================================
----------------- testing Thu Mar 14 18:40:02 UTC 2019 /home/travis/build/icyphy/ptII/ptolemy/domains/de/test/auto/ResetTransitionWithStartTime1.xml
----------------- Instantiating /home/travis/build/icyphy/ptII/ptolemy/domains/de/test/auto/ResetTransitionWithStartTime1.xml
4 ms. Memory: 309760K Free: 171294K (55%)
----------------- Invoking toplevel() on ptolemy.moml.MoMLSimpleApplication@37ea0e9e
----------------- Done invoking toplevel() on ptolemy.moml.MoMLSimpleApplication@37ea0e9e
reloadAllAccessors: .ResetTransitionWithStartTime1

===========================================================================================
----------------- testing Thu Mar 14 18:40:02 UTC 2019 /home/travis/build/icyphy/ptII/ptolemy/domains/de/test/auto/ResetTransitionWithStartTime2.xml
----------------- Instantiating /home/travis/build/icyphy/ptII/ptolemy/domains/de/test/auto/ResetTransitionWithStartTime2.xml
4 ms. Memory: 309760K Free: 161592K (52%)
----------------- Invoking toplevel() on ptolemy.moml.MoMLSimpleApplication@a4184bc
----------------- Done invoking toplevel() on ptolemy.moml.MoMLSimpleApplication@a4184bc
reloadAllAccessors: .ResetTransitionWithStartTime2

===========================================================================================
----------------- testing Thu Mar 14 18:40:02 UTC 2019 /home/travis/build/icyphy/ptII/ptolemy/domains/de/test/auto/ResetTransitionWithStartTime3.xml
----------------- Instantiating /home/travis/build/icyphy/ptII/ptolemy/domains/de/test/auto/ResetTransitionWithStartTime3.xml
4 ms. Memory: 309760K Free: 152213K (49%)
----------------- Invoking toplevel() on ptolemy.moml.MoMLSimpleApplication@4cda0a06
----------------- Done invoking toplevel() on ptolemy.moml.MoMLSimpleApplication@4cda0a06
reloadAllAccessors: .ResetTransitionWithStartTime3

===========================================================================================
----------------- testing Thu Mar 14 18:40:02 UTC 2019 /home/travis/build/icyphy/ptII/ptolemy/domains/de/test/auto/ResetTransitionWithStartTime4.xml
----------------- Instantiating /home/travis/build/icyphy/ptII/ptolemy/domains/de/test/auto/ResetTransitionWithStartTime4.xml
3 ms. Memory: 309760K Free: 142528K (46%)
----------------- Invoking toplevel() on ptolemy.moml.MoMLSimpleApplication@314a8907
----------------- Done invoking toplevel() on ptolemy.moml.MoMLSimpleApplication@314a8907
reloadAllAccessors: .ResetTransitionWithStartTime4

===========================================================================================
----------------- testing Thu Mar 14 18:40:02 UTC 2019 /home/travis/build/icyphy/ptII/ptolemy/domains/de/test/auto/ResettableTimer1.xml
----------------- Instantiating /home/travis/build/icyphy/ptII/ptolemy/domains/de/test/auto/ResettableTimer1.xml
2 ms. Memory: 309760K Free: 135095K (44%)
----------------- Invoking toplevel() on ptolemy.moml.MoMLSimpleApplication@590a5e38
----------------- Done invoking toplevel() on ptolemy.moml.MoMLSimpleApplication@590a5e38
reloadAllAccessors: .ResettableTimer1

===========================================================================================
----------------- testing Thu Mar 14 18:40:02 UTC 2019 /home/travis/build/icyphy/ptII/ptolemy/domains/de/test/auto/ResettableTimer2.xml
----------------- Instantiating /home/travis/build/icyphy/ptII/ptolemy/domains/de/test/auto/ResettableTimer2.xml
2 ms. Memory: 309760K Free: 127662K (41%)
----------------- Invoking toplevel() on ptolemy.moml.MoMLSimpleApplication@e2ec39f
----------------- Done invoking toplevel() on ptolemy.moml.MoMLSimpleApplication@e2ec39f
reloadAllAccessors: .ResettableTimer2

===========================================================================================
----------------- testing Thu Mar 14 18:40:02 UTC 2019 /home/travis/build/icyphy/ptII/ptolemy/domains/de/test/auto/ResettableTimer3.xml
----------------- Instantiating /home/travis/build/icyphy/ptII/ptolemy/domains/de/test/auto/ResettableTimer3.xml
1 ms. Memory: 309760K Free: 120535K (39%)
----------------- Invoking toplevel() on ptolemy.moml.MoMLSimpleApplication@52783560
----------------- Done invoking toplevel() on ptolemy.moml.MoMLSimpleApplication@52783560
reloadAllAccessors: .ResettableTimer3

===========================================================================================
----------------- testing Thu Mar 14 18:40:02 UTC 2019 /home/travis/build/icyphy/ptII/ptolemy/domains/de/test/auto/ResettableTimer4.xml
----------------- Instantiating /home/travis/build/icyphy/ptII/ptolemy/domains/de/test/auto/ResettableTimer4.xml
1 ms. Memory: 309760K Free: 113102K (37%)
----------------- Invoking toplevel() on ptolemy.moml.MoMLSimpleApplication@129ad60e
----------------- Done invoking toplevel() on ptolemy.moml.MoMLSimpleApplication@129ad60e
reloadAllAccessors: .ResettableTimer4

===========================================================================================
----------------- testing Thu Mar 14 18:40:02 UTC 2019 /home/travis/build/icyphy/ptII/ptolemy/domains/de/test/auto/ResettableTimer5.xml
----------------- Instantiating /home/travis/build/icyphy/ptII/ptolemy/domains/de/test/auto/ResettableTimer5.xml
1 ms. Memory: 309760K Free: 105669K (34%)
----------------- Invoking toplevel() on ptolemy.moml.MoMLSimpleApplication@7ac87261
----------------- Done invoking toplevel() on ptolemy.moml.MoMLSimpleApplication@7ac87261
reloadAllAccessors: .ResettableTimer5

===========================================================================================
----------------- testing Thu Mar 14 18:40:02 UTC 2019 /home/travis/build/icyphy/ptII/ptolemy/domains/de/test/auto/ResettableTimer6.xml
----------------- Instantiating /home/travis/build/icyphy/ptII/ptolemy/domains/de/test/auto/ResettableTimer6.xml
1 ms. Memory: 309760K Free: 98542K (32%)
----------------- Invoking toplevel() on ptolemy.moml.MoMLSimpleApplication@13e4c345
----------------- Done invoking toplevel() on ptolemy.moml.MoMLSimpleApplication@13e4c345
reloadAllAccessors: .ResettableTimer6

===========================================================================================
----------------- testing Thu Mar 14 18:40:02 UTC 2019 /home/travis/build/icyphy/ptII/ptolemy/domains/de/test/auto/ServerZeroDelay.xml
----------------- Instantiating /home/travis/build/icyphy/ptII/ptolemy/domains/de/test/auto/ServerZeroDelay.xml
5 ms. Memory: 309760K Free: 91109K (29%)
----------------- Invoking toplevel() on ptolemy.moml.MoMLSimpleApplication@46646931
----------------- Done invoking toplevel() on ptolemy.moml.MoMLSimpleApplication@46646931
reloadAllAccessors: .ServerZeroDelay

===========================================================================================
----------------- testing Thu Mar 14 18:40:02 UTC 2019 /home/travis/build/icyphy/ptII/ptolemy/domains/de/test/auto/SmartSender.xml
----------------- Instantiating /home/travis/build/icyphy/ptII/ptolemy/domains/de/test/auto/SmartSender.xml
3001 ms. Memory: 309760K Free: 83692K (27%)
----------------- Invoking toplevel() on ptolemy.moml.MoMLSimpleApplication@5bb55091
----------------- Done invoking toplevel() on ptolemy.moml.MoMLSimpleApplication@5bb55091
reloadAllAccessors: .SmartSender

===========================================================================================
----------------- testing Thu Mar 14 18:40:05 UTC 2019 /home/travis/build/icyphy/ptII/ptolemy/domains/de/test/auto/ThreadedComposite.xml
----------------- Instantiating /home/travis/build/icyphy/ptII/ptolemy/domains/de/test/auto/ThreadedComposite.xml
94 ms. Memory: 299008K Free: 276450K (92%)
----------------- Invoking toplevel() on ptolemy.moml.MoMLSimpleApplication@21303cad
----------------- Done invoking toplevel() on ptolemy.moml.MoMLSimpleApplication@21303cad
reloadAllAccessors: .ThreadedComposite

===========================================================================================
----------------- testing Thu Mar 14 18:40:05 UTC 2019 /home/travis/build/icyphy/ptII/ptolemy/domains/de/test/auto/Time.xml
----------------- Instantiating /home/travis/build/icyphy/ptII/ptolemy/domains/de/test/auto/Time.xml
443 ms. Memory: 299008K Free: 221414K (74%)
----------------- Invoking toplevel() on ptolemy.moml.MoMLSimpleApplication@7a1d595b
----------------- Done invoking toplevel() on ptolemy.moml.MoMLSimpleApplication@7a1d595b
reloadAllAccessors: .Time

===========================================================================================
----------------- testing Thu Mar 14 18:40:05 UTC 2019 /home/travis/build/icyphy/ptII/ptolemy/domains/de/test/auto/TimeDelayZeroDelay.xml
----------------- Instantiating /home/travis/build/icyphy/ptII/ptolemy/domains/de/test/auto/TimeDelayZeroDelay.xml
1 ms. Memory: 299008K Free: 214377K (72%)
----------------- Invoking toplevel() on ptolemy.moml.MoMLSimpleApplication@3c70adeb
----------------- Done invoking toplevel() on ptolemy.moml.MoMLSimpleApplication@3c70adeb
reloadAllAccessors: .TimeDelayZeroDelay

===========================================================================================
----------------- testing Thu Mar 14 18:40:05 UTC 2019 /home/travis/build/icyphy/ptII/ptolemy/domains/de/test/auto/TimerZeroDelay.xml
----------------- Instantiating /home/travis/build/icyphy/ptII/ptolemy/domains/de/test/auto/TimerZeroDelay.xml
1 ms. Memory: 299008K Free: 207339K (69%)
----------------- Invoking toplevel() on ptolemy.moml.MoMLSimpleApplication@3fced666
----------------- Done invoking toplevel() on ptolemy.moml.MoMLSimpleApplication@3fced666
reloadAllAccessors: .TimerZeroDelay

===========================================================================================
----------------- testing Thu Mar 14 18:40:05 UTC 2019 /home/travis/build/icyphy/ptII/ptolemy/domains/de/test/auto/TimingParadox.xml
----------------- Instantiating /home/travis/build/icyphy/ptII/ptolemy/domains/de/test/auto/TimingParadox.xml
286 ms. Memory: 299008K Free: 139436K (47%)
----------------- Invoking toplevel() on ptolemy.moml.MoMLSimpleApplication@7959aa60
----------------- Done invoking toplevel() on ptolemy.moml.MoMLSimpleApplication@7959aa60
reloadAllAccessors: .TimingParadox

===========================================================================================
----------------- testing Thu Mar 14 18:40:06 UTC 2019 /home/travis/build/icyphy/ptII/ptolemy/domains/de/test/auto/TransferInputs.xml
----------------- Instantiating /home/travis/build/icyphy/ptII/ptolemy/domains/de/test/auto/TransferInputs.xml
2 ms. Memory: 299008K Free: 132399K (44%)
----------------- Invoking toplevel() on ptolemy.moml.MoMLSimpleApplication@588a3d5b
----------------- Done invoking toplevel() on ptolemy.moml.MoMLSimpleApplication@588a3d5b
reloadAllAccessors: .TransferInputs

===========================================================================================
----------------- testing Thu Mar 14 18:40:06 UTC 2019 /home/travis/build/icyphy/ptII/ptolemy/domains/de/test/auto/TransferOutputs2.xml
----------------- Instantiating /home/travis/build/icyphy/ptII/ptolemy/domains/de/test/auto/TransferOutputs2.xml
2 ms. Memory: 299008K Free: 123198K (41%)
----------------- Invoking toplevel() on ptolemy.moml.MoMLSimpleApplication@69e298fb
----------------- Done invoking toplevel() on ptolemy.moml.MoMLSimpleApplication@69e298fb
reloadAllAccessors: .TransferOutputs2

===========================================================================================
----------------- testing Thu Mar 14 18:40:06 UTC 2019 /home/travis/build/icyphy/ptII/ptolemy/domains/de/test/auto/Trilateration.xml
----------------- Instantiating /home/travis/build/icyphy/ptII/ptolemy/domains/de/test/auto/Trilateration.xml
10721 ms. Memory: 522240K Free: 339868K (65%)
----------------- Invoking toplevel() on ptolemy.moml.MoMLSimpleApplication@3faae58f
----------------- Done invoking toplevel() on ptolemy.moml.MoMLSimpleApplication@3faae58f
reloadAllAccessors: .Trilateration

===========================================================================================
----------------- testing Thu Mar 14 18:40:17 UTC 2019 /home/travis/build/icyphy/ptII/ptolemy/domains/de/test/auto/TwoSigmaDelta.xml
----------------- Instantiating /home/travis/build/icyphy/ptII/ptolemy/domains/de/test/auto/TwoSigmaDelta.xml
2019 ms. Memory: 506368K Free: 469328K (93%)
----------------- Invoking toplevel() on ptolemy.moml.MoMLSimpleApplication@5e6a63e2
----------------- Done invoking toplevel() on ptolemy.moml.MoMLSimpleApplication@5e6a63e2
reloadAllAccessors: .TwoSigmaDelta

===========================================================================================
----------------- testing Thu Mar 14 18:40:19 UTC 2019 /home/travis/build/icyphy/ptII/ptolemy/domains/de/test/auto/VariableDelay.xml
----------------- Instantiating /home/travis/build/icyphy/ptII/ptolemy/domains/de/test/auto/VariableDelay.xml
2 ms. Memory: 506368K Free: 455816K (90%)
----------------- Invoking toplevel() on ptolemy.moml.MoMLSimpleApplication@b657c8c
----------------- Done invoking toplevel() on ptolemy.moml.MoMLSimpleApplication@b657c8c
reloadAllAccessors: .VariableDelay

===========================================================================================
----------------- testing Thu Mar 14 18:40:19 UTC 2019 /home/travis/build/icyphy/ptII/ptolemy/domains/de/test/auto/VariableDelay2.xml
----------------- Instantiating /home/travis/build/icyphy/ptII/ptolemy/domains/de/test/auto/VariableDelay2.xml
1 ms. Memory: 506368K Free: 446920K (88%)
----------------- Invoking toplevel() on ptolemy.moml.MoMLSimpleApplication@6bf32c25
----------------- Done invoking toplevel() on ptolemy.moml.MoMLSimpleApplication@6bf32c25
reloadAllAccessors: .VariableDelay2

===========================================================================================
----------------- testing Thu Mar 14 18:40:19 UTC 2019 /home/travis/build/icyphy/ptII/ptolemy/domains/de/test/auto/VariableDelayZeroDelay.xml
----------------- Instantiating /home/travis/build/icyphy/ptII/ptolemy/domains/de/test/auto/VariableDelayZeroDelay.xml
2 ms. Memory: 506368K Free: 438024K (87%)
----------------- Invoking toplevel() on ptolemy.moml.MoMLSimpleApplication@4df42747
----------------- Done invoking toplevel() on ptolemy.moml.MoMLSimpleApplication@4df42747
reloadAllAccessors: .VariableDelayZeroDelay

===========================================================================================
----------------- testing Thu Mar 14 18:40:19 UTC 2019 /home/travis/build/icyphy/ptII/ptolemy/domains/de/test/auto/VariableDelayZeroDelay2.xml
----------------- Instantiating /home/travis/build/icyphy/ptII/ptolemy/domains/de/test/auto/VariableDelayZeroDelay2.xml
2 ms. Memory: 506368K Free: 429127K (85%)
----------------- Invoking toplevel() on ptolemy.moml.MoMLSimpleApplication@74873631
----------------- Done invoking toplevel() on ptolemy.moml.MoMLSimpleApplication@74873631
reloadAllAccessors: .VariableDelayZeroDelay2

===========================================================================================
----------------- testing Thu Mar 14 18:40:19 UTC 2019 /home/travis/build/icyphy/ptII/ptolemy/domains/de/test/auto/deInCt.xml
----------------- Instantiating /home/travis/build/icyphy/ptII/ptolemy/domains/de/test/auto/deInCt.xml
0
1
1
1
0
0
0
1
1
1
0
0
0
1
1
1
0
0
0
1
1
1
0
0
0
1
1
1
0
0
1
1
1
0
0
0
0
1
1
1
0
0
0
1
1
1
1
1
1
1
5 ms. Memory: 506368K Free: 419986K (83%)
----------------- Invoking toplevel() on ptolemy.moml.MoMLSimpleApplication@27171d36
----------------- Done invoking toplevel() on ptolemy.moml.MoMLSimpleApplication@27171d36
reloadAllAccessors: .deInCt

===========================================================================================
----------------- testing Thu Mar 14 18:40:19 UTC 2019 /home/travis/build/icyphy/ptII/ptolemy/domains/de/test/auto/deInCt2.xml
----------------- Instantiating /home/travis/build/icyphy/ptII/ptolemy/domains/de/test/auto/deInCt2.xml
0
1
1
1
0
0
1
1
1
0
0
1
1
1
0
0
1
1
1
0
0
1
1
1
0
0
1
1
1
0
0
1
1
1
0
0
1
1
1
0
0
0
4 ms. Memory: 506368K Free: 411090K (81%)
----------------- Invoking toplevel() on ptolemy.moml.MoMLSimpleApplication@37ece129
----------------- Done invoking toplevel() on ptolemy.moml.MoMLSimpleApplication@37ece129
reloadAllAccessors: .deInCt2

===========================================================================================
----------------- testing Thu Mar 14 18:40:19 UTC 2019 /home/travis/build/icyphy/ptII/ptolemy/domains/de/test/auto/dynamicCausalityInterface1.xml
----------------- Instantiating /home/travis/build/icyphy/ptII/ptolemy/domains/de/test/auto/dynamicCausalityInterface1.xml
0 ms. Memory: 506368K Free: 393752K (78%)
----------------- Invoking toplevel() on ptolemy.moml.MoMLSimpleApplication@68d0ac59
----------------- Done invoking toplevel() on ptolemy.moml.MoMLSimpleApplication@68d0ac59
reloadAllAccessors: .dynamicCausalityInterface1

===========================================================================================
----------------- testing Thu Mar 14 18:40:19 UTC 2019 /home/travis/build/icyphy/ptII/ptolemy/domains/de/test/auto/fsm_de_test.xml
----------------- Instantiating /home/travis/build/icyphy/ptII/ptolemy/domains/de/test/auto/fsm_de_test.xml
4 ms. Memory: 506368K Free: 380645K (75%)
----------------- Invoking toplevel() on ptolemy.moml.MoMLSimpleApplication@3a361284
----------------- Done invoking toplevel() on ptolemy.moml.MoMLSimpleApplication@3a361284
reloadAllAccessors: .fsm_de_test

===========================================================================================
----------------- testing Thu Mar 14 18:40:19 UTC 2019 /home/travis/build/icyphy/ptII/ptolemy/domains/de/test/auto/functionDependencyReconstruction.xml
----------------- Instantiating /home/travis/build/icyphy/ptII/ptolemy/domains/de/test/auto/functionDependencyReconstruction.xml
2 ms. Memory: 506368K Free: 358869K (71%)
----------------- Invoking toplevel() on ptolemy.moml.MoMLSimpleApplication@669f1759
----------------- Done invoking toplevel() on ptolemy.moml.MoMLSimpleApplication@669f1759
reloadAllAccessors: .functionDependencyReconstruction

===========================================================================================
----------------- testing Thu Mar 14 18:40:19 UTC 2019 /home/travis/build/icyphy/ptII/ptolemy/domains/de/test/auto/multirate.xml
----------------- Instantiating /home/travis/build/icyphy/ptII/ptolemy/domains/de/test/auto/multirate.xml
2 ms. Memory: 506368K Free: 345761K (68%)
----------------- Invoking toplevel() on ptolemy.moml.MoMLSimpleApplication@2708bbb1
----------------- Done invoking toplevel() on ptolemy.moml.MoMLSimpleApplication@2708bbb1
reloadAllAccessors: .multirate

===========================================================================================
----------------- testing Thu Mar 14 18:40:19 UTC 2019 /home/travis/build/icyphy/ptII/ptolemy/domains/de/test/auto/multirate2.xml
----------------- Instantiating /home/travis/build/icyphy/ptII/ptolemy/domains/de/test/auto/multirate2.xml
2 ms. Memory: 506368K Free: 332660K (66%)
----------------- Invoking toplevel() on ptolemy.moml.MoMLSimpleApplication@3abe3444
----------------- Done invoking toplevel() on ptolemy.moml.MoMLSimpleApplication@3abe3444
reloadAllAccessors: .multirate2

===========================================================================================
----------------- testing Thu Mar 14 18:40:19 UTC 2019 /home/travis/build/icyphy/ptII/ptolemy/domains/de/test/auto/realtime.xml
----------------- Instantiating /home/travis/build/icyphy/ptII/ptolemy/domains/de/test/auto/realtime.xml
10002 ms. Memory: 506368K Free: 323763K (64%)
----------------- Invoking toplevel() on ptolemy.moml.MoMLSimpleApplication@68bc0720
----------------- Done invoking toplevel() on ptolemy.moml.MoMLSimpleApplication@68bc0720
reloadAllAccessors: .realtime

===========================================================================================
----------------- testing Thu Mar 14 18:40:29 UTC 2019 /home/travis/build/icyphy/ptII/ptolemy/domains/de/test/auto/relationGroup.xml
----------------- Instantiating /home/travis/build/icyphy/ptII/ptolemy/domains/de/test/auto/relationGroup.xml
2 ms. Memory: 506368K Free: 314622K (62%)
----------------- Invoking toplevel() on ptolemy.moml.MoMLSimpleApplication@25b10fa0
----------------- Done invoking toplevel() on ptolemy.moml.MoMLSimpleApplication@25b10fa0
reloadAllAccessors: .relationGroup

===========================================================================================
----------------- testing Thu Mar 14 18:40:29 UTC 2019 /home/travis/build/icyphy/ptII/ptolemy/domains/de/test/auto/relationGroup2.xml
----------------- Instantiating /home/travis/build/icyphy/ptII/ptolemy/domains/de/test/auto/relationGroup2.xml
1 ms. Memory: 506368K Free: 305726K (60%)
----------------- Invoking toplevel() on ptolemy.moml.MoMLSimpleApplication@537ea7fb
----------------- Done invoking toplevel() on ptolemy.moml.MoMLSimpleApplication@537ea7fb
reloadAllAccessors: .relationGroup2

===========================================================================================
----------------- testing Thu Mar 14 18:40:29 UTC 2019 /home/travis/build/icyphy/ptII/ptolemy/domains/de/test/auto/sortWithOpaquePorts.xml
----------------- Instantiating /home/travis/build/icyphy/ptII/ptolemy/domains/de/test/auto/sortWithOpaquePorts.xml
1 ms. Memory: 506368K Free: 296830K (59%)
----------------- Invoking toplevel() on ptolemy.moml.MoMLSimpleApplication@40da3686
----------------- Done invoking toplevel() on ptolemy.moml.MoMLSimpleApplication@40da3686
reloadAllAccessors: .sortWithOpaquePorts

===========================================================================================
----------------- testing Thu Mar 14 18:40:29 UTC 2019 /home/travis/build/icyphy/ptII/ptolemy/domains/de/test/auto/transferInputsandOutputs.xml
----------------- Instantiating /home/travis/build/icyphy/ptII/ptolemy/domains/de/test/auto/transferInputsandOutputs.xml
2 ms. Memory: 506368K Free: 283713K (56%)
----------------- Invoking toplevel() on ptolemy.moml.MoMLSimpleApplication@5f48b2c0
----------------- Done invoking toplevel() on ptolemy.moml.MoMLSimpleApplication@5f48b2c0
reloadAllAccessors: .transferInputsandOutputs

===========================================================================================
----------------- testing Thu Mar 14 18:40:29 UTC 2019 /home/travis/build/icyphy/ptII/ptolemy/domains/de/test/auto/triggerType.xml
----------------- Instantiating /home/travis/build/icyphy/ptII/ptolemy/domains/de/test/auto/triggerType.xml
1 ms. Memory: 506368K Free: 274572K (54%)
----------------- Invoking toplevel() on ptolemy.moml.MoMLSimpleApplication@37d400a0
----------------- Done invoking toplevel() on ptolemy.moml.MoMLSimpleApplication@37d400a0
reloadAllAccessors: .triggerType
AutoTests.java: About to close Vertx.
AutoTests.java: Vertx closed.
]]></system-out>
  <system-err><![CDATA[java.lang.RuntimeException: Execution failed
	at ptolemy.moml.MoMLSimpleApplication$UnloadThread.run(MoMLSimpleApplication.java:402)
Caused by: ptolemy.kernel.util.IllegalActionException: Found a zero delay loop containing .dependencyLoop.original
  in .dependencyLoop and .dependencyLoop.original
	at ptolemy.actor.util.CausalityInterfaceForComposites._computeOutputPortDepth(CausalityInterfaceForComposites.java:759)
	at ptolemy.actor.util.CausalityInterfaceForComposites._computeInputDepth(CausalityInterfaceForComposites.java:696)
	at ptolemy.actor.util.CausalityInterfaceForComposites._computeOutputPortDepth(CausalityInterfaceForComposites.java:765)
	at ptolemy.actor.util.CausalityInterfaceForComposites._computeInputDepth(CausalityInterfaceForComposites.java:696)
	at ptolemy.actor.util.CausalityInterfaceForComposites._computeOutputPortDepth(CausalityInterfaceForComposites.java:765)
	at ptolemy.actor.util.CausalityInterfaceForComposites._computeInputDepth(CausalityInterfaceForComposites.java:696)
	at ptolemy.actor.util.CausalityInterfaceForComposites._computeActorDepth(CausalityInterfaceForComposites.java:532)
	at ptolemy.actor.util.CausalityInterfaceForComposites.checkForCycles(CausalityInterfaceForComposites.java:96)
	at ptolemy.domains.de.kernel.DEDirector.preinitialize(DEDirector.java:1338)
	at ptolemy.actor.CompositeActor.preinitialize(CompositeActor.java:1828)
	at ptolemy.actor.Manager.preinitializeAndResolveTypes(Manager.java:1040)
	at ptolemy.actor.Manager.initialize(Manager.java:710)
	at ptolemy.actor.Manager.execute(Manager.java:356)
	at ptolemy.actor.Manager.run(Manager.java:1263)
	at ptolemy.actor.Manager$PtolemyRunThread.run(Manager.java:1915)
java.lang.RuntimeException: Execution failed
	at ptolemy.moml.MoMLSimpleApplication$UnloadThread.run(MoMLSimpleApplication.java:402)
Caused by: ptolemy.kernel.util.IllegalActionException: Found a zero delay loop containing .dependencyLoop2.original
  in .dependencyLoop2 and .dependencyLoop2.original
	at ptolemy.actor.util.CausalityInterfaceForComposites._computeOutputPortDepth(CausalityInterfaceForComposites.java:759)
	at ptolemy.actor.util.CausalityInterfaceForComposites._computeInputDepth(CausalityInterfaceForComposites.java:696)
	at ptolemy.actor.util.CausalityInterfaceForComposites._computeOutputPortDepth(CausalityInterfaceForComposites.java:765)
	at ptolemy.actor.util.CausalityInterfaceForComposites._computeInputDepth(CausalityInterfaceForComposites.java:696)
	at ptolemy.actor.util.CausalityInterfaceForComposites._computeOutputPortDepth(CausalityInterfaceForComposites.java:765)
	at ptolemy.actor.util.CausalityInterfaceForComposites._computeInputDepth(CausalityInterfaceForComposites.java:696)
	at ptolemy.actor.util.CausalityInterfaceForComposites._computeActorDepth(CausalityInterfaceForComposites.java:532)
	at ptolemy.actor.util.CausalityInterfaceForComposites.checkForCycles(CausalityInterfaceForComposites.java:96)
	at ptolemy.domains.de.kernel.DEDirector.preinitialize(DEDirector.java:1338)
	at ptolemy.actor.CompositeActor.preinitialize(CompositeActor.java:1828)
	at ptolemy.actor.Manager.preinitializeAndResolveTypes(Manager.java:1040)
	at ptolemy.actor.Manager.initialize(Manager.java:710)
	at ptolemy.actor.Manager.execute(Manager.java:356)
	at ptolemy.actor.Manager.run(Manager.java:1263)
	at ptolemy.actor.Manager$PtolemyRunThread.run(Manager.java:1915)
java.lang.RuntimeException: Execution failed
	at ptolemy.moml.MoMLSimpleApplication$UnloadThread.run(MoMLSimpleApplication.java:402)
Caused by: ptolemy.kernel.util.IllegalActionException: Found a zero delay loop containing .dependencyLoop.original
  in .dependencyLoop and .dependencyLoop.original
	at ptolemy.actor.util.CausalityInterfaceForComposites._computeOutputPortDepth(CausalityInterfaceForComposites.java:759)
	at ptolemy.actor.util.CausalityInterfaceForComposites._computeInputDepth(CausalityInterfaceForComposites.java:696)
	at ptolemy.actor.util.CausalityInterfaceForComposites._computeOutputPortDepth(CausalityInterfaceForComposites.java:765)
	at ptolemy.actor.util.CausalityInterfaceForComposites._computeInputDepth(CausalityInterfaceForComposites.java:696)
	at ptolemy.actor.util.CausalityInterfaceForComposites._computeOutputPortDepth(CausalityInterfaceForComposites.java:765)
	at ptolemy.actor.util.CausalityInterfaceForComposites._computeInputDepth(CausalityInterfaceForComposites.java:696)
	at ptolemy.actor.util.CausalityInterfaceForComposites._computeActorDepth(CausalityInterfaceForComposites.java:532)
	at ptolemy.actor.util.CausalityInterfaceForComposites.checkForCycles(CausalityInterfaceForComposites.java:96)
	at ptolemy.domains.de.kernel.DEDirector.preinitialize(DEDirector.java:1338)
	at ptolemy.actor.CompositeActor.preinitialize(CompositeActor.java:1828)
	at ptolemy.actor.Manager.preinitializeAndResolveTypes(Manager.java:1040)
	at ptolemy.actor.Manager.initialize(Manager.java:710)
	at ptolemy.actor.Manager.execute(Manager.java:356)
	at ptolemy.actor.Manager.run(Manager.java:1263)
	at ptolemy.actor.Manager$PtolemyRunThread.run(Manager.java:1915)
java.lang.RuntimeException: Execution failed
	at ptolemy.moml.MoMLSimpleApplication$UnloadThread.run(MoMLSimpleApplication.java:402)
Caused by: ptolemy.kernel.util.IllegalActionException: Actor is not ready to fire.  Perhaps UpSample.prefire() returned false? Try debugging the actor by selecting "Listen to Actor".  Also, for SDF check moml for tokenConsumptionRate on input.
  in .DESDFClockTest.Play Bell.Copy1:SDF Director and .DESDFClockTest.Play Bell.UpSample
	at ptolemy.actor.sched.StaticSchedulingDirector.fire(StaticSchedulingDirector.java:227)
	at ptolemy.domains.sdf.kernel.SDFDirector.fire(SDFDirector.java:500)
	at ptolemy.actor.CompositeActor.fire(CompositeActor.java:455)
	at ptolemy.domains.de.kernel.DEDirector._fire(DEDirector.java:1949)
	at ptolemy.domains.de.kernel.DEDirector.fire(DEDirector.java:502)
	at ptolemy.actor.CompositeActor.fire(CompositeActor.java:455)
	at ptolemy.actor.Manager.iterate(Manager.java:851)
	at ptolemy.actor.Manager.execute(Manager.java:369)
	at ptolemy.actor.Manager.run(Manager.java:1263)
	at ptolemy.actor.Manager$PtolemyRunThread.run(Manager.java:1915)
java.lang.RuntimeException: Execution failed
	at ptolemy.moml.MoMLSimpleApplication$UnloadThread.run(MoMLSimpleApplication.java:402)
Caused by: ptolemy.kernel.util.IllegalActionException: Found a zero delay loop containing .dependencyLoop2.original
  in .dependencyLoop2 and .dependencyLoop2.original
	at ptolemy.actor.util.CausalityInterfaceForComposites._computeOutputPortDepth(CausalityInterfaceForComposites.java:759)
	at ptolemy.actor.util.CausalityInterfaceForComposites._computeInputDepth(CausalityInterfaceForComposites.java:696)
	at ptolemy.actor.util.CausalityInterfaceForComposites._computeOutputPortDepth(CausalityInterfaceForComposites.java:765)
	at ptolemy.actor.util.CausalityInterfaceForComposites._computeInputDepth(CausalityInterfaceForComposites.java:696)
	at ptolemy.actor.util.CausalityInterfaceForComposites._computeOutputPortDepth(CausalityInterfaceForComposites.java:765)
	at ptolemy.actor.util.CausalityInterfaceForComposites._computeInputDepth(CausalityInterfaceForComposites.java:696)
	at ptolemy.actor.util.CausalityInterfaceForComposites._computeActorDepth(CausalityInterfaceForComposites.java:532)
	at ptolemy.actor.util.CausalityInterfaceForComposites.checkForCycles(CausalityInterfaceForComposites.java:96)
	at ptolemy.domains.de.kernel.DEDirector.preinitialize(DEDirector.java:1338)
	at ptolemy.actor.CompositeActor.preinitialize(CompositeActor.java:1828)
	at ptolemy.actor.Manager.preinitializeAndResolveTypes(Manager.java:1040)
	at ptolemy.actor.Manager.initialize(Manager.java:710)
	at ptolemy.actor.Manager.execute(Manager.java:356)
	at ptolemy.actor.Manager.run(Manager.java:1263)
	at ptolemy.actor.Manager$PtolemyRunThread.run(Manager.java:1915)
java.lang.RuntimeException: Execution failed
	at ptolemy.moml.MoMLSimpleApplication$UnloadThread.run(MoMLSimpleApplication.java:402)
Caused by: ptolemy.kernel.util.IllegalActionException: Found a zero delay loop containing .HierarchicalModel.A
  in .HierarchicalModel and .HierarchicalModel.A
	at ptolemy.actor.util.CausalityInterfaceForComposites._computeOutputPortDepth(CausalityInterfaceForComposites.java:759)
	at ptolemy.actor.util.CausalityInterfaceForComposites._computeInputDepth(CausalityInterfaceForComposites.java:696)
	at ptolemy.actor.util.CausalityInterfaceForComposites._computeOutputPortDepth(CausalityInterfaceForComposites.java:765)
	at ptolemy.actor.util.CausalityInterfaceForComposites._computeInputDepth(CausalityInterfaceForComposites.java:696)
	at ptolemy.actor.util.CausalityInterfaceForComposites._computeOutputPortDepth(CausalityInterfaceForComposites.java:765)
	at ptolemy.actor.util.CausalityInterfaceForComposites._computeInputDepth(CausalityInterfaceForComposites.java:696)
	at ptolemy.actor.util.CausalityInterfaceForComposites._computeActorDepth(CausalityInterfaceForComposites.java:532)
	at ptolemy.actor.util.CausalityInterfaceForComposites.checkForCycles(CausalityInterfaceForComposites.java:96)
	at ptolemy.domains.de.kernel.DEDirector.preinitialize(DEDirector.java:1338)
	at ptolemy.actor.CompositeActor.preinitialize(CompositeActor.java:1828)
	at ptolemy.actor.Manager.preinitializeAndResolveTypes(Manager.java:1040)
	at ptolemy.actor.Manager.initialize(Manager.java:710)
	at ptolemy.actor.Manager.execute(Manager.java:356)
	at ptolemy.actor.Manager.run(Manager.java:1263)
	at ptolemy.actor.Manager$PtolemyRunThread.run(Manager.java:1915)
java.lang.RuntimeException: Execution failed
	at ptolemy.moml.MoMLSimpleApplication$UnloadThread.run(MoMLSimpleApplication.java:402)
Caused by: ptolemy.kernel.util.IllegalActionException: Test fails in iteration 1.
Value was: 1.0. Should have been: 2.0
  in .DirectFeedback.Test
	at ptolemy.actor.lib.Test.fire(Test.java:268)
	at ptolemy.domains.de.kernel.DEDirector._fire(DEDirector.java:1949)
	at ptolemy.domains.de.kernel.DEDirector.fire(DEDirector.java:502)
	at ptolemy.actor.CompositeActor.fire(CompositeActor.java:455)
	at ptolemy.actor.Manager.iterate(Manager.java:851)
	at ptolemy.actor.Manager.execute(Manager.java:369)
	at ptolemy.actor.Manager.run(Manager.java:1263)
	at ptolemy.actor.Manager$PtolemyRunThread.run(Manager.java:1915)
java.lang.RuntimeException: Execution failed
	at ptolemy.moml.MoMLSimpleApplication$UnloadThread.run(MoMLSimpleApplication.java:402)
Caused by: ptolemy.kernel.util.IllegalActionException: Actor is not ready to fire.  Perhaps UpSample.prefire() returned false? Try debugging the actor by selecting "Listen to Actor".  Also, for SDF check moml for tokenConsumptionRate on input.
  in .DESDFClockTest.Play Bell.Copy1:SDF Director and .DESDFClockTest.Play Bell.UpSample
	at ptolemy.actor.sched.StaticSchedulingDirector.fire(StaticSchedulingDirector.java:227)
	at ptolemy.domains.sdf.kernel.SDFDirector.fire(SDFDirector.java:500)
	at ptolemy.actor.CompositeActor.fire(CompositeActor.java:455)
	at ptolemy.domains.de.kernel.DEDirector._fire(DEDirector.java:1949)
	at ptolemy.domains.de.kernel.DEDirector.fire(DEDirector.java:502)
	at ptolemy.actor.CompositeActor.fire(CompositeActor.java:455)
	at ptolemy.actor.Manager.iterate(Manager.java:851)
	at ptolemy.actor.Manager.execute(Manager.java:369)
	at ptolemy.actor.Manager.run(Manager.java:1263)
	at ptolemy.actor.Manager$PtolemyRunThread.run(Manager.java:1915)
java.lang.reflect.InvocationTargetException
	at sun.reflect.NativeConstructorAccessorImpl.newInstance0(Native Method)
	at sun.reflect.NativeConstructorAccessorImpl.newInstance(NativeConstructorAccessorImpl.java:62)
	at sun.reflect.DelegatingConstructorAccessorImpl.newInstance(DelegatingConstructorAccessorImpl.java:45)
	at java.lang.reflect.Constructor.newInstance(Constructor.java:423)
	at ptolemy.util.test.junit.AutoKnownFailedTests.RunModel(AutoKnownFailedTests.java:105)
	at sun.reflect.NativeMethodAccessorImpl.invoke0(Native Method)
	at sun.reflect.NativeMethodAccessorImpl.invoke(NativeMethodAccessorImpl.java:62)
	at sun.reflect.DelegatingMethodAccessorImpl.invoke(DelegatingMethodAccessorImpl.java:43)
	at java.lang.reflect.Method.invoke(Method.java:498)
	at org.junit.runners.model.FrameworkMethod$1.runReflectiveCall(FrameworkMethod.java:44)
	at org.junit.internal.runners.model.ReflectiveCallable.run(ReflectiveCallable.java:15)
	at org.junit.runners.model.FrameworkMethod.invokeExplosively(FrameworkMethod.java:41)
	at junitparams.internal.InvokeParameterisedMethod.evaluate(InvokeParameterisedMethod.java:102)
	at org.junit.internal.runners.statements.FailOnTimeout$1.run(FailOnTimeout.java:28)
Caused by: ptolemy.kernel.util.IllegalActionException: Actor is not ready to fire.  Perhaps UpSample.prefire() returned false? Try debugging the actor by selecting "Listen to Actor".  Also, for SDF check moml for tokenConsumptionRate on input.
  in .DESDFClockTest.Play Bell.Copy1:SDF Director and .DESDFClockTest.Play Bell.UpSample
	at ptolemy.actor.sched.StaticSchedulingDirector.fire(StaticSchedulingDirector.java:227)
	at ptolemy.domains.sdf.kernel.SDFDirector.fire(SDFDirector.java:500)
	at ptolemy.actor.CompositeActor.fire(CompositeActor.java:455)
	at ptolemy.domains.de.kernel.DEDirector._fire(DEDirector.java:1949)
	at ptolemy.domains.de.kernel.DEDirector.fire(DEDirector.java:502)
	at ptolemy.actor.CompositeActor.fire(CompositeActor.java:455)
	at ptolemy.actor.Manager.iterate(Manager.java:851)
	at ptolemy.actor.Manager.execute(Manager.java:369)
	at ptolemy.actor.Manager.run(Manager.java:1263)
	at ptolemy.actor.Manager$PtolemyRunThread.run(Manager.java:1915)
java.lang.RuntimeException: Execution failed
	at ptolemy.moml.MoMLSimpleApplication$UnloadThread.run(MoMLSimpleApplication.java:402)
Caused by: ptolemy.kernel.util.IllegalActionException: Test fails in iteration 1.
Value was: 1.0. Should have been: 2.0
  in .DirectFeedback.Test
	at ptolemy.actor.lib.Test.fire(Test.java:268)
	at ptolemy.domains.de.kernel.DEDirector._fire(DEDirector.java:1949)
	at ptolemy.domains.de.kernel.DEDirector.fire(DEDirector.java:502)
	at ptolemy.actor.CompositeActor.fire(CompositeActor.java:455)
	at ptolemy.actor.Manager.iterate(Manager.java:851)
	at ptolemy.actor.Manager.execute(Manager.java:369)
	at ptolemy.actor.Manager.run(Manager.java:1263)
	at ptolemy.actor.Manager$PtolemyRunThread.run(Manager.java:1915)
java.lang.reflect.InvocationTargetException
	at sun.reflect.NativeConstructorAccessorImpl.newInstance0(Native Method)
	at sun.reflect.NativeConstructorAccessorImpl.newInstance(NativeConstructorAccessorImpl.java:62)
	at sun.reflect.DelegatingConstructorAccessorImpl.newInstance(DelegatingConstructorAccessorImpl.java:45)
	at java.lang.reflect.Constructor.newInstance(Constructor.java:423)
	at ptolemy.util.test.junit.AutoKnownFailedTests.RunModel(AutoKnownFailedTests.java:105)
	at sun.reflect.NativeMethodAccessorImpl.invoke0(Native Method)
	at sun.reflect.NativeMethodAccessorImpl.invoke(NativeMethodAccessorImpl.java:62)
	at sun.reflect.DelegatingMethodAccessorImpl.invoke(DelegatingMethodAccessorImpl.java:43)
	at java.lang.reflect.Method.invoke(Method.java:498)
	at org.junit.runners.model.FrameworkMethod$1.runReflectiveCall(FrameworkMethod.java:44)
	at org.junit.internal.runners.model.ReflectiveCallable.run(ReflectiveCallable.java:15)
	at org.junit.runners.model.FrameworkMethod.invokeExplosively(FrameworkMethod.java:41)
	at junitparams.internal.InvokeParameterisedMethod.evaluate(InvokeParameterisedMethod.java:102)
	at org.junit.internal.runners.statements.FailOnTimeout$1.run(FailOnTimeout.java:28)
Caused by: ptolemy.kernel.util.IllegalActionException: Test fails in iteration 1.
Value was: 1.0. Should have been: 2.0
  in .DirectFeedback.Test
	at ptolemy.actor.lib.Test.fire(Test.java:268)
	at ptolemy.domains.de.kernel.DEDirector._fire(DEDirector.java:1949)
	at ptolemy.domains.de.kernel.DEDirector.fire(DEDirector.java:502)
	at ptolemy.actor.CompositeActor.fire(CompositeActor.java:455)
	at ptolemy.actor.Manager.iterate(Manager.java:851)
	at ptolemy.actor.Manager.execute(Manager.java:369)
	at ptolemy.actor.Manager.run(Manager.java:1263)
	at ptolemy.actor.Manager$PtolemyRunThread.run(Manager.java:1915)
java.lang.RuntimeException: Execution failed
	at ptolemy.moml.MoMLSimpleApplication$UnloadThread.run(MoMLSimpleApplication.java:402)
Caused by: ptolemy.kernel.util.IllegalActionException: Found a zero delay loop containing .HierarchicalModel.A
  in .HierarchicalModel and .HierarchicalModel.A
	at ptolemy.actor.util.CausalityInterfaceForComposites._computeOutputPortDepth(CausalityInterfaceForComposites.java:759)
	at ptolemy.actor.util.CausalityInterfaceForComposites._computeInputDepth(CausalityInterfaceForComposites.java:696)
	at ptolemy.actor.util.CausalityInterfaceForComposites._computeOutputPortDepth(CausalityInterfaceForComposites.java:765)
	at ptolemy.actor.util.CausalityInterfaceForComposites._computeInputDepth(CausalityInterfaceForComposites.java:696)
	at ptolemy.actor.util.CausalityInterfaceForComposites._computeOutputPortDepth(CausalityInterfaceForComposites.java:765)
	at ptolemy.actor.util.CausalityInterfaceForComposites._computeInputDepth(CausalityInterfaceForComposites.java:696)
	at ptolemy.actor.util.CausalityInterfaceForComposites._computeActorDepth(CausalityInterfaceForComposites.java:532)
	at ptolemy.actor.util.CausalityInterfaceForComposites.checkForCycles(CausalityInterfaceForComposites.java:96)
	at ptolemy.domains.de.kernel.DEDirector.preinitialize(DEDirector.java:1338)
	at ptolemy.actor.CompositeActor.preinitialize(CompositeActor.java:1828)
	at ptolemy.actor.Manager.preinitializeAndResolveTypes(Manager.java:1040)
	at ptolemy.actor.Manager.initialize(Manager.java:710)
	at ptolemy.actor.Manager.execute(Manager.java:356)
	at ptolemy.actor.Manager.run(Manager.java:1263)
	at ptolemy.actor.Manager$PtolemyRunThread.run(Manager.java:1915)
java.lang.reflect.InvocationTargetException
	at sun.reflect.NativeConstructorAccessorImpl.newInstance0(Native Method)
	at sun.reflect.NativeConstructorAccessorImpl.newInstance(NativeConstructorAccessorImpl.java:62)
	at sun.reflect.DelegatingConstructorAccessorImpl.newInstance(DelegatingConstructorAccessorImpl.java:45)
	at java.lang.reflect.Constructor.newInstance(Constructor.java:423)
	at ptolemy.util.test.junit.AutoKnownFailedTests.RunModel(AutoKnownFailedTests.java:105)
	at sun.reflect.NativeMethodAccessorImpl.invoke0(Native Method)
	at sun.reflect.NativeMethodAccessorImpl.invoke(NativeMethodAccessorImpl.java:62)
	at sun.reflect.DelegatingMethodAccessorImpl.invoke(DelegatingMethodAccessorImpl.java:43)
	at java.lang.reflect.Method.invoke(Method.java:498)
	at org.junit.runners.model.FrameworkMethod$1.runReflectiveCall(FrameworkMethod.java:44)
	at org.junit.internal.runners.model.ReflectiveCallable.run(ReflectiveCallable.java:15)
	at org.junit.runners.model.FrameworkMethod.invokeExplosively(FrameworkMethod.java:41)
	at junitparams.internal.InvokeParameterisedMethod.evaluate(InvokeParameterisedMethod.java:102)
	at org.junit.internal.runners.statements.FailOnTimeout$1.run(FailOnTimeout.java:28)
Caused by: ptolemy.kernel.util.IllegalActionException: Found a zero delay loop containing .HierarchicalModel.A
  in .HierarchicalModel and .HierarchicalModel.A
	at ptolemy.actor.util.CausalityInterfaceForComposites._computeOutputPortDepth(CausalityInterfaceForComposites.java:759)
	at ptolemy.actor.util.CausalityInterfaceForComposites._computeInputDepth(CausalityInterfaceForComposites.java:696)
	at ptolemy.actor.util.CausalityInterfaceForComposites._computeOutputPortDepth(CausalityInterfaceForComposites.java:765)
	at ptolemy.actor.util.CausalityInterfaceForComposites._computeInputDepth(CausalityInterfaceForComposites.java:696)
	at ptolemy.actor.util.CausalityInterfaceForComposites._computeOutputPortDepth(CausalityInterfaceForComposites.java:765)
	at ptolemy.actor.util.CausalityInterfaceForComposites._computeInputDepth(CausalityInterfaceForComposites.java:696)
	at ptolemy.actor.util.CausalityInterfaceForComposites._computeActorDepth(CausalityInterfaceForComposites.java:532)
	at ptolemy.actor.util.CausalityInterfaceForComposites.checkForCycles(CausalityInterfaceForComposites.java:96)
	at ptolemy.domains.de.kernel.DEDirector.preinitialize(DEDirector.java:1338)
	at ptolemy.actor.CompositeActor.preinitialize(CompositeActor.java:1828)
	at ptolemy.actor.Manager.preinitializeAndResolveTypes(Manager.java:1040)
	at ptolemy.actor.Manager.initialize(Manager.java:710)
	at ptolemy.actor.Manager.execute(Manager.java:356)
	at ptolemy.actor.Manager.run(Manager.java:1263)
	at ptolemy.actor.Manager$PtolemyRunThread.run(Manager.java:1915)
java.lang.RuntimeException: Execution failed
	at ptolemy.moml.MoMLSimpleApplication$UnloadThread.run(MoMLSimpleApplication.java:402)
Caused by: ptolemy.kernel.util.IllegalActionException: Found a zero delay loop containing .dependencyLoop.original
  in .dependencyLoop and .dependencyLoop.original
	at ptolemy.actor.util.CausalityInterfaceForComposites._computeOutputPortDepth(CausalityInterfaceForComposites.java:759)
	at ptolemy.actor.util.CausalityInterfaceForComposites._computeInputDepth(CausalityInterfaceForComposites.java:696)
	at ptolemy.actor.util.CausalityInterfaceForComposites._computeOutputPortDepth(CausalityInterfaceForComposites.java:765)
	at ptolemy.actor.util.CausalityInterfaceForComposites._computeInputDepth(CausalityInterfaceForComposites.java:696)
	at ptolemy.actor.util.CausalityInterfaceForComposites._computeOutputPortDepth(CausalityInterfaceForComposites.java:765)
	at ptolemy.actor.util.CausalityInterfaceForComposites._computeInputDepth(CausalityInterfaceForComposites.java:696)
	at ptolemy.actor.util.CausalityInterfaceForComposites._computeActorDepth(CausalityInterfaceForComposites.java:532)
	at ptolemy.actor.util.CausalityInterfaceForComposites.checkForCycles(CausalityInterfaceForComposites.java:96)
	at ptolemy.domains.de.kernel.DEDirector.preinitialize(DEDirector.java:1338)
	at ptolemy.actor.CompositeActor.preinitialize(CompositeActor.java:1828)
	at ptolemy.actor.Manager.preinitializeAndResolveTypes(Manager.java:1040)
	at ptolemy.actor.Manager.initialize(Manager.java:710)
	at ptolemy.actor.Manager.execute(Manager.java:356)
	at ptolemy.actor.Manager.run(Manager.java:1263)
	at ptolemy.actor.Manager$PtolemyRunThread.run(Manager.java:1915)
java.lang.reflect.InvocationTargetException
	at sun.reflect.NativeConstructorAccessorImpl.newInstance0(Native Method)
	at sun.reflect.NativeConstructorAccessorImpl.newInstance(NativeConstructorAccessorImpl.java:62)
	at sun.reflect.DelegatingConstructorAccessorImpl.newInstance(DelegatingConstructorAccessorImpl.java:45)
	at java.lang.reflect.Constructor.newInstance(Constructor.java:423)
	at ptolemy.util.test.junit.AutoKnownFailedTests.RunModel(AutoKnownFailedTests.java:105)
	at sun.reflect.NativeMethodAccessorImpl.invoke0(Native Method)
	at sun.reflect.NativeMethodAccessorImpl.invoke(NativeMethodAccessorImpl.java:62)
	at sun.reflect.DelegatingMethodAccessorImpl.invoke(DelegatingMethodAccessorImpl.java:43)
	at java.lang.reflect.Method.invoke(Method.java:498)
	at org.junit.runners.model.FrameworkMethod$1.runReflectiveCall(FrameworkMethod.java:44)
	at org.junit.internal.runners.model.ReflectiveCallable.run(ReflectiveCallable.java:15)
	at org.junit.runners.model.FrameworkMethod.invokeExplosively(FrameworkMethod.java:41)
	at junitparams.internal.InvokeParameterisedMethod.evaluate(InvokeParameterisedMethod.java:102)
	at org.junit.internal.runners.statements.FailOnTimeout$1.run(FailOnTimeout.java:28)
Caused by: ptolemy.kernel.util.IllegalActionException: Found a zero delay loop containing .dependencyLoop.original
  in .dependencyLoop and .dependencyLoop.original
	at ptolemy.actor.util.CausalityInterfaceForComposites._computeOutputPortDepth(CausalityInterfaceForComposites.java:759)
	at ptolemy.actor.util.CausalityInterfaceForComposites._computeInputDepth(CausalityInterfaceForComposites.java:696)
	at ptolemy.actor.util.CausalityInterfaceForComposites._computeOutputPortDepth(CausalityInterfaceForComposites.java:765)
	at ptolemy.actor.util.CausalityInterfaceForComposites._computeInputDepth(CausalityInterfaceForComposites.java:696)
	at ptolemy.actor.util.CausalityInterfaceForComposites._computeOutputPortDepth(CausalityInterfaceForComposites.java:765)
	at ptolemy.actor.util.CausalityInterfaceForComposites._computeInputDepth(CausalityInterfaceForComposites.java:696)
	at ptolemy.actor.util.CausalityInterfaceForComposites._computeActorDepth(CausalityInterfaceForComposites.java:532)
	at ptolemy.actor.util.CausalityInterfaceForComposites.checkForCycles(CausalityInterfaceForComposites.java:96)
	at ptolemy.domains.de.kernel.DEDirector.preinitialize(DEDirector.java:1338)
	at ptolemy.actor.CompositeActor.preinitialize(CompositeActor.java:1828)
	at ptolemy.actor.Manager.preinitializeAndResolveTypes(Manager.java:1040)
	at ptolemy.actor.Manager.initialize(Manager.java:710)
	at ptolemy.actor.Manager.execute(Manager.java:356)
	at ptolemy.actor.Manager.run(Manager.java:1263)
	at ptolemy.actor.Manager$PtolemyRunThread.run(Manager.java:1915)
java.lang.RuntimeException: Execution failed
	at ptolemy.moml.MoMLSimpleApplication$UnloadThread.run(MoMLSimpleApplication.java:402)
Caused by: ptolemy.kernel.util.IllegalActionException: Found a zero delay loop containing .dependencyLoop2.original
  in .dependencyLoop2 and .dependencyLoop2.original
	at ptolemy.actor.util.CausalityInterfaceForComposites._computeOutputPortDepth(CausalityInterfaceForComposites.java:759)
	at ptolemy.actor.util.CausalityInterfaceForComposites._computeInputDepth(CausalityInterfaceForComposites.java:696)
	at ptolemy.actor.util.CausalityInterfaceForComposites._computeOutputPortDepth(CausalityInterfaceForComposites.java:765)
	at ptolemy.actor.util.CausalityInterfaceForComposites._computeInputDepth(CausalityInterfaceForComposites.java:696)
	at ptolemy.actor.util.CausalityInterfaceForComposites._computeOutputPortDepth(CausalityInterfaceForComposites.java:765)
	at ptolemy.actor.util.CausalityInterfaceForComposites._computeInputDepth(CausalityInterfaceForComposites.java:696)
	at ptolemy.actor.util.CausalityInterfaceForComposites._computeActorDepth(CausalityInterfaceForComposites.java:532)
	at ptolemy.actor.util.CausalityInterfaceForComposites.checkForCycles(CausalityInterfaceForComposites.java:96)
	at ptolemy.domains.de.kernel.DEDirector.preinitialize(DEDirector.java:1338)
	at ptolemy.actor.CompositeActor.preinitialize(CompositeActor.java:1828)
	at ptolemy.actor.Manager.preinitializeAndResolveTypes(Manager.java:1040)
	at ptolemy.actor.Manager.initialize(Manager.java:710)
	at ptolemy.actor.Manager.execute(Manager.java:356)
	at ptolemy.actor.Manager.run(Manager.java:1263)
	at ptolemy.actor.Manager$PtolemyRunThread.run(Manager.java:1915)
java.lang.reflect.InvocationTargetException
	at sun.reflect.NativeConstructorAccessorImpl.newInstance0(Native Method)
	at sun.reflect.NativeConstructorAccessorImpl.newInstance(NativeConstructorAccessorImpl.java:62)
	at sun.reflect.DelegatingConstructorAccessorImpl.newInstance(DelegatingConstructorAccessorImpl.java:45)
	at java.lang.reflect.Constructor.newInstance(Constructor.java:423)
	at ptolemy.util.test.junit.AutoKnownFailedTests.RunModel(AutoKnownFailedTests.java:105)
	at sun.reflect.NativeMethodAccessorImpl.invoke0(Native Method)
	at sun.reflect.NativeMethodAccessorImpl.invoke(NativeMethodAccessorImpl.java:62)
	at sun.reflect.DelegatingMethodAccessorImpl.invoke(DelegatingMethodAccessorImpl.java:43)
	at java.lang.reflect.Method.invoke(Method.java:498)
	at org.junit.runners.model.FrameworkMethod$1.runReflectiveCall(FrameworkMethod.java:44)
	at org.junit.internal.runners.model.ReflectiveCallable.run(ReflectiveCallable.java:15)
	at org.junit.runners.model.FrameworkMethod.invokeExplosively(FrameworkMethod.java:41)
	at junitparams.internal.InvokeParameterisedMethod.evaluate(InvokeParameterisedMethod.java:102)
	at org.junit.internal.runners.statements.FailOnTimeout$1.run(FailOnTimeout.java:28)
Caused by: ptolemy.kernel.util.IllegalActionException: Found a zero delay loop containing .dependencyLoop2.original
  in .dependencyLoop2 and .dependencyLoop2.original
	at ptolemy.actor.util.CausalityInterfaceForComposites._computeOutputPortDepth(CausalityInterfaceForComposites.java:759)
	at ptolemy.actor.util.CausalityInterfaceForComposites._computeInputDepth(CausalityInterfaceForComposites.java:696)
	at ptolemy.actor.util.CausalityInterfaceForComposites._computeOutputPortDepth(CausalityInterfaceForComposites.java:765)
	at ptolemy.actor.util.CausalityInterfaceForComposites._computeInputDepth(CausalityInterfaceForComposites.java:696)
	at ptolemy.actor.util.CausalityInterfaceForComposites._computeOutputPortDepth(CausalityInterfaceForComposites.java:765)
	at ptolemy.actor.util.CausalityInterfaceForComposites._computeInputDepth(CausalityInterfaceForComposites.java:696)
	at ptolemy.actor.util.CausalityInterfaceForComposites._computeActorDepth(CausalityInterfaceForComposites.java:532)
	at ptolemy.actor.util.CausalityInterfaceForComposites.checkForCycles(CausalityInterfaceForComposites.java:96)
	at ptolemy.domains.de.kernel.DEDirector.preinitialize(DEDirector.java:1338)
	at ptolemy.actor.CompositeActor.preinitialize(CompositeActor.java:1828)
	at ptolemy.actor.Manager.preinitializeAndResolveTypes(Manager.java:1040)
	at ptolemy.actor.Manager.initialize(Manager.java:710)
	at ptolemy.actor.Manager.execute(Manager.java:356)
	at ptolemy.actor.Manager.run(Manager.java:1263)
	at ptolemy.actor.Manager$PtolemyRunThread.run(Manager.java:1915)
]]></system-err>
</testsuite>
