<?xml version="1.0" encoding="UTF-8" ?>
<testsuite errors="0" failures="0" hostname="travis-job-fb0a8ce3-c31e-4ac4-ac18-cafcc14254d9" name="ptolemy.actor.lib.test.junit.JUnitTclTest" skipped="0" tests="517" time="64.631" timestamp="2020-07-23T15:14:53">
  <properties>
    <property name="npm.executable" value="npm" />
    <property name="env.TRAVIS_ROOT" value="/" />
    <property name="ptII.mk.exists" value="true" />
    <property name="env.TRAVIS_APP_HOST" value="build.travis-ci.org" />
    <property name="env.rvm_bin_path" value="/home/travis/.rvm/bin" />
    <property name="java.home" value="/usr/local/lib/jvm/openjdk11" />
    <property name="env.TRAVIS_JOB_NUMBER" value="1701.8" />
    <property name="env.TRAVIS_HOME" value="/home/travis" />
    <property name="env.DISPLAY" value=":99.0" />
    <property name="env.TRAVIS_INIT" value="systemd" />
    <property name="env.SSH_TTY" value="/dev/pts/0" />
    <property name="java.net.preferIPv4Stack" value="true" />
    <property name="env.RUN_TESTS" value="true" />
    <property name="timeout.short" value="1000000" />
    <property name="junit.formatter" value="xml" />
    <property name="env.TRAVIS_SUDO" value="true" />
    <property name="env.TRAVIS_JOB_NAME" value="" />
    <property name="env.TRAVIS_STACK_NODE_ATTRIBUTES" value="/.node-attributes.yml" />
    <property name="env.LOGNAME" value="travis" />
    <property name="env.PT_TRAVIS_TEST_CORE1_XML" value="true" />
    <property name="jsdoc.home" value="node_modules/@terraswarm/jsdoc" />
    <property name="debuglevel" value="source,lines,vars" />
    <property name="checkstyle.formatter" value="xml" />
    <property name="bin.vergil.makeable" value="true" />
    <property name="sun.os.patch.level" value="unknown" />
    <property name="java.vendor.url" value="http://java.oracle.com/" />
    <property name="env.TRAVIS_BUILD_WEB_URL" value="https://travis-ci.org/icyphy/ptII/builds/711125593" />
    <property name="java.version" value="11.0.2" />
    <property name="env.TZ" value="UTC" />
    <property name="env.TRAVIS_PULL_REQUEST_SHA" value="" />
    <property name="env.PT_NO_NET" value="true" />
    <property name="env.TRAVIS_SECURE_ENV_VARS" value="true" />
    <property name="java.vendor.url.bug" value="http://bugreport.java.com/bugreport/" />
    <property name="npmjs-org-is-up" value="true" />
    <property name="env.LANGUAGE" value="en_US.UTF-8" />
    <property name="env.SSH_CLIENT" value="10.16.3.80 51544 22" />
    <property name="env.GEM_HOME" value="/home/travis/.rvm/gems/ruby-2.5.3" />
    <property name="env.HAS_ANTARES_THREE_LITTLE_FRONZIES_BADGE" value="true" />
    <property name="java.version.date" value="2019-01-15" />
    <property name="env.PS4" value="+" />
    <property name="ant.project.invoked-targets" value="build,test.core1.xml" />
    <property name="env.TRAVIS_PULL_REQUEST_BRANCH" value="" />
    <property name="env.TRAVIS_REPO_SLUG" value="icyphy/ptII" />
    <property name="env.XDG_DATA_DIRS" value="/usr/local/share:/usr/share:/var/lib/snapd/desktop" />
    <property name="jdk.debug" value="release" />
    <property name="env.TRAVIS_APT_PROXY" value="http://build-cache.travisci.net" />
    <property name="env.TRAVIS_CPU_ARCH" value="amd64" />
    <property name="node.in.path" value="true" />
    <property name="user.name" value="travis" />
    <property name="java.maxmemory" value="1400m" />
    <property name="env.RUBY_VERSION" value="ruby-2.5.3" />
    <property name="env.LANG" value="en_US.UTF-8" />
    <property name="sun.io.unicode.encoding" value="UnicodeLittle" />
    <property name="sun.jnu.encoding" value="UTF-8" />
    <property name="java.runtime.name" value="OpenJDK Runtime Environment" />
    <property name="usefile" value="false" />
    <property name="return.code" value="0" />
    <property name="junit.single.formatter" value="plain" />
    <property name="env.DYLD_LIBRARY_PATH" value="/home/travis/pthla/certi-tools/lib:" />
    <property name="env.DEBIAN_FRONTEND" value="noninteractive" />
    <property name="env.SSH_CONNECTION" value="10.16.3.80 51544 10.20.0.166 22" />
    <property name="env.MYSQL_UNIX_PORT" value="/var/run/mysqld/mysqld.sock" />
    <property name="env.LC_ALL" value="en_US.UTF-8" />
    <property name="env.TRAVIS_ALLOW_FAILURE" value="" />
    <property name="env.TRAVIS_JOB_WEB_URL" value="https://travis-ci.org/icyphy/ptII/jobs/711125605" />
    <property name="java.specification.name" value="Java Platform API Specification" />
    <property name="node.works" value="true" />
    <property name="user.timezone" value="" />
    <property name="path.separator" value=":" />
    <property name="env.TRAVIS_ENABLE_INFRA_DETECTION" value="true" />
    <property name="env.PYTHON_CFLAGS" value="-g -fstack-protector --param=ssp-buffer-size=4 -Wformat -Werror=format-security" />
    <property name="timeout.long" value="4000000" />
    <property name="env.CERTI_HOME" value="/home/travis/pthla/certi-tools" />
    <property name="ant.file.ptII" value="/home/travis/build/icyphy/ptII/build.xml" />
    <property name="javadoc.packagenames" value="com.*,diva.*,lbnl.*,org.hlacerti.*,org.json.*,org.ptolemy.*,org.terraswarm.*,ptolemy.*,ptserver.*" />
    <property name="file.encoding" value="UTF-8" />
    <property name="env.TRAVIS_PULL_REQUEST_SLUG" value="" />
    <property name="ant.project.default-target" value="build" />
    <property name="env.GIT_ASKPASS" value="echo" />
    <property name="env.HOME" value="/home/travis" />
    <property name="sun.java.command" value="org.apache.tools.ant.taskdefs.optional.junit.JUnitTestRunner ptolemy.actor.lib.test.junit.JUnitTclTest skipNonTests=false filtertrace=true haltOnError=false haltOnFailure=false formatter=org.apache.tools.ant.taskdefs.optional.junit.OutErrSummaryJUnitResultFormatter showoutput=true outputtoformatters=true logfailedtests=true threadid=0 logtestlistenerevents=false formatter=org.apache.tools.ant.taskdefs.optional.junit.XMLJUnitResultFormatter,/home/travis/build/icyphy/ptII/reports/junit/TEST-ptolemy.actor.lib.test.junit.JUnitTclTest.xml crashfile=/home/travis/build/icyphy/ptII/junitvmwatcher1059973595245733511.properties propsfile=/home/travis/build/icyphy/ptII/junit6307768805254963354.properties" />
    <property name="env.COMPOSER_NO_INTERACTION" value="1" />
    <property name="env.MANPATH" value="/home/travis/.nvm/versions/node/v7.10.1/share/man:/home/travis/.rvm/rubies/ruby-2.5.3/share/man:/usr/local/cmake-3.12.4/man:/usr/local/clang-7.0.0/share/man:/usr/local/man:/usr/local/share/man:/usr/share/man:/home/travis/.rvm/man" />
    <property name="env.TRAVIS_TIMER_ID" value="0d35b400" />
    <property name="ant.file" value="/home/travis/build/icyphy/ptII/build.xml" />
    <property name="env.TRAVIS_COMMIT_RANGE" value="52bfcaaec950ad6b43d11ffdb9cd3f924b0c1f76...b35224f56f004d2ddee20d896da1232955e7256f" />
    <property name="ptII.classpath.optional.property" value="/home/travis/build/icyphy/ptII/lib/bsh-2.0b4.jar:/home/travis/build/icyphy/ptII/lib/ptCal.jar:/home/travis/build/icyphy/ptII/lib/java_cup.jar:/home/travis/build/icyphy/ptII/lib/saxon8.jar:/home/travis/build/icyphy/ptII/lib/saxon8-dom.jar:/home/travis/build/icyphy/ptII/lib/chic.jar:/home/travis/build/icyphy/ptII/lib/ptcolt.jar:/home/travis/build/icyphy/ptII/vendors/misc/itext/iText.jar:/home/travis/build/icyphy/ptII/lib/g4ltl.jar:/home/travis/build/icyphy/ptII/lib/StructuralCoder.jar:/home/travis/build/icyphy/ptII/lib/jcerti.jar:/home/travis/build/icyphy/ptII/lib/javax.mail.jar:/home/travis/build/icyphy/ptII/vendors/JMF-2.1.1e/lib/jmf.jar:/home/travis/build/icyphy/ptII/lib/jna-4.0.0-variadic.jar:/home/travis/build/icyphy/ptII/vendors/misc/joystick/Joystick.jar:/home/travis/build/icyphy/ptII/lib/ptjacl.jar:/home/travis/build/icyphy/ptII/lib/jsoup-1.8.2.jar:/home/travis/build/icyphy/ptII/lib/junit-4.8.2.jar:/home/travis/build/icyphy/ptII/lib/JUnitParams-0.4.0.jar:/home/travis/build/icyphy/ptII/ptolemy/actor/lib/excel/jxl.jar:/home/travis/build/icyphy/ptII/lib/jython.jar:/home/travis/build/icyphy/ptII/lib/kieler.jar:/home/travis/build/icyphy/ptII/vendors/opencv/share/OpenCV/java/opencv-341.jar:/home/travis/build/icyphy/ptII/lib/oscP5.jar:/home/travis/build/icyphy/ptII/lib/nrjavaserial-3.11.0.devel.jar:/home/travis/build/icyphy/ptII/vendors/j3d/lib/Linux/j3dcore.jar:/home/travis/build/icyphy/ptII/vendors/j3d/lib/Linux/j3dutils.jar:/home/travis/build/icyphy/ptII/vendors/j3d/lib/Linux/vecmath.jar:/home/travis/build/icyphy/ptII/vendors/jogl/lib/Linux/gluegen-rt-natives-linux-amd64.jar:/home/travis/build/icyphy/ptII/vendors/jogl/lib/Linux/gluegen-rt.jar:/home/travis/build/icyphy/ptII/vendors/jogl/lib/Linux/jogl-all-natives-linux-amd64.jar:/home/travis/build/icyphy/ptII/vendors/jogl/lib/Linux/jogl-all.jar:/home/travis/build/icyphy/ptII/ptolemy/distributed/jini/jar/jini-core.jar:/home/travis/build/icyphy/ptII/ptolemy/distributed/jini/jar/jini-ext.jar:/home/travis/build/icyphy/ptII/ptolemy/distributed/jini/jar/sun-util.jar:/home/travis/build/icyphy/ptII/lib/protobuf-java-2.4.1.jar:/home/travis/build/icyphy/ptII/lib/org.eclipse.paho.client.mqttv3.jar:/home/travis/build/icyphy/ptII/lib/mapss.jar:/home/travis/build/icyphy/ptII/ptolemy/actor/ptalon/antlr/antlr.jar:/home/travis/build/icyphy/ptII/lib/JRI.jar:/home/travis/build/icyphy/ptII/lib/commons-lang-2.6.jar:/home/travis/build/icyphy/ptII/lib/commons-logging-1.1.1.jar:/home/travis/build/icyphy/ptII/lib/sootclasses.jar:/home/travis/build/icyphy/ptII/ptolemy/actor/lib/database/mysql-connector-java-5.1.6-bin.jar:/home/travis/build/icyphy/ptII/vendors/misc/sphinx4/sphinx4-data-5prealpha.jar:/home/travis/build/icyphy/ptII/vendors/misc/sphinx4/sphinx4-core-5prealpha.jar:/home/travis/build/icyphy/ptII/lib/PDFRenderer.jar:/home/travis/build/icyphy/ptII/lib/svgSalamander.jar:/home/travis/build/icyphy/ptII/lib/rsyntaxtextarea-2.6.0-SNAPSHOT.jar:/home/travis/build/icyphy/ptII/lib/hazelcast-3.8.2.jar:/home/travis/build/icyphy/ptII/lib/jackson-annotations-2.9.0.jar:/home/travis/build/icyphy/ptII/lib/jackson-core-2.9.3.jar:/home/travis/build/icyphy/ptII/lib/jackson-databind-2.9.3.jar:/home/travis/build/icyphy/ptII/lib/netty-buffer-4.1.19.Final.jar:/home/travis/build/icyphy/ptII/lib/netty-codec-4.1.19.Final.jar:/home/travis/build/icyphy/ptII/lib/netty-codec-dns-4.1.19.Final.jar:/home/travis/build/icyphy/ptII/lib/netty-codec-http-4.1.19.Final.jar:/home/travis/build/icyphy/ptII/lib/netty-codec-http2-4.1.19.Final.jar:/home/travis/build/icyphy/ptII/lib/netty-common-4.1.19.Final.jar:/home/travis/build/icyphy/ptII/lib/netty-handler-4.1.19.Final.jar:/home/travis/build/icyphy/ptII/lib/netty-resolver-4.1.19.Final.jar:/home/travis/build/icyphy/ptII/lib/netty-resolver-dns-4.1.19.Final.jar:/home/travis/build/icyphy/ptII/lib/netty-transport-4.1.19.Final.jar:/home/travis/build/icyphy/ptII/lib/vertx-codegen-3.5.1.jar:/home/travis/build/icyphy/ptII/lib/vertx-core-3.5.2-SNAPSHOT.jar:/home/travis/build/icyphy/ptII/lib/vertx-hazelcast-3.5.1.jar:/home/travis/build/icyphy/ptII/lib/vertx-lang-js-3.5.1.jar:/home/travis/build/icyphy/ptII/lib/vertx-service-proxy-3.5.1.jar:/home/travis/build/icyphy/ptII/lib/vertx-web-3.5.1.jar:/home/travis/build/icyphy/ptII/lib/slf4j-api-1.7.13.jar:/home/travis/build/icyphy/ptII/lib/slf4j-simple-1.7.13.jar:/home/travis/build/icyphy/ptII/lib/webcam-capture-0.3.12.jar:/home/travis/build/icyphy/ptII/lib/bridj-0.7.0.jar:/home/travis/build/icyphy/ptII/lib/xbjlib-1.1.0.nrjavaserial.jar" />
    <property name="timeout" value="2400000" />
    <property name="test.batch" value="**/junit/*.java" />
    <property name="env._" value="/usr/bin/timeout" />
    <property name="java.io.tmpdir" value="/tmp" />
    <property name="user.language" value="en" />
    <property name="env.TRAVIS_INTERNAL_RUBY_REGEX" value="^ruby-(2\.[0-4]\.[0-9]|1\.9\.3)" />
    <property name="env.HISTCONTROL" value="ignoredups:ignorespace" />
    <property name="env.GOROOT" value="/home/travis/.gimme/versions/go1.11.1.linux.amd64" />
    <property name="line.separator" value="&#xa;" />
    <property name="target" value="11" />
    <property name="env.TRAVIS_BUILD_DIR" value="/home/travis/build/icyphy/ptII" />
    <property name="env.ANT_OPTS" value="-Xmx2048m" />
    <property name="ant.file.type" value="file" />
    <property name="ptolemy.ptII.batchMode" value="true" />
    <property name="env.HISTSIZE" value="1000" />
    <property name="env.MERB_ENV" value="test" />
    <property name="java.vm.info" value="mixed mode" />
    <property name="source" value="11" />
    <property name="java.vm.specification.name" value="Java Virtual Machine Specification" />
    <property name="env.TRAVIS_TEST_RESULT" value="0" />
    <property name="jsdoc.command" value="node_modules/@terraswarm/jsdoc/jsdoc.js" />
    <property name="npm.works" value="true" />
    <property name="cobertura.dir" value="/home/travis/build/icyphy/ptII/vendors/cobertura-2.0.3" />
    <property name="jsdoc.command.exists" value="true" />
    <property name="env.rvm_path" value="/home/travis/.rvm" />
    <property name="env.GEM_PATH" value="/home/travis/.rvm/gems/ruby-2.5.3:/home/travis/.rvm/gems/ruby-2.5.3@global" />
    <property name="env.LC_CTYPE" value="en_US.UTF-8" />
    <property name="env.TRAVIS_CMD" value="$PTII/bin/ptIITravisBuild.sh $SECONDS" />
    <property name="java.awt.printerjob" value="sun.print.PSPrinterJob" />
    <property name="env.TRAVIS_STACK_NAME" value="sardonyx" />
    <property name="env.TRAVIS_TIMER_START_TIME" value="1595516569787654825" />
    <property name="ant.version" value="Apache Ant(TM) version 1.10.1 compiled on February 2 2017" />
    <property name="ptII.reports" value="/home/travis/build/icyphy/ptII/reports" />
    <property name="env.TRAVIS_STACK_TIMESTAMP" value="2020-06-24 13:13:18 UTC" />
    <property name="ant.file.type.ptII" value="file" />
    <property name="env.RBENV_SHELL" value="bash" />
    <property name="os.name" value="Linux" />
    <property name="java.specification.vendor" value="Oracle Corporation" />
    <property name="env.rvm_version" value="1.29.10 (latest)" />
    <property name="env.TRAVIS_INFRA" value="unknown" />
    <property name="env.TERM" value="xterm" />
    <property name="java.vm.name" value="OpenJDK 64-Bit Server VM" />
    <property name="env.TRAVIS_BUILD_NUMBER" value="1701" />
    <property name="env.CI" value="true" />
    <property name="java.library.path" value="/home/travis/pthla/certi-tools/lib:/usr/lib/jni:/usr/local/share/OpenCV/java/:/usr/share/OpenCV/java::/usr/java/packages/lib:/usr/lib64:/lib64:/lib:/usr/lib" />
    <property name="jdk.module.path" value="/home/travis/build/icyphy/ptII/vendors/javafx/javafx-sdk-11.0.2/lib:" />
    <property name="env.rvm_prefix" value="/home/travis" />
    <property name="env.PATH" value="/home/travis/pthla/certi-tools/share/scripts:/home/travis/.rvm/gems/ruby-2.5.3/bin:/home/travis/.rvm/gems/ruby-2.5.3@global/bin:/home/travis/.rvm/rubies/ruby-2.5.3/bin:/home/travis/.rvm/bin:/home/travis/.nvm/versions/node/v7.10.1/bin:./node_modules/.bin:/home/travis/build/icyphy/ptII/bin:/home/travis/pthla/certi-tools/bin:/home/travis/bin:/home/travis/.local/bin:/usr/local/lib/jvm/openjdk11/bin:/opt/pyenv/shims:/home/travis/.phpenv/shims:/home/travis/perl5/perlbrew/bin:/home/travis/gopath/bin:/home/travis/.gimme/versions/go1.11.1.linux.amd64/bin:/usr/local/maven-3.6.3/bin:/usr/local/cmake-3.12.4/bin:/usr/local/clang-7.0.0/bin:/usr/local/sbin:/usr/local/bin:/usr/sbin:/usr/bin:/sbin:/bin:/snap/bin:/home/travis/.phpenv/bin:/opt/pyenv/bin:/home/travis/.yarn/bin" />
    <property name="env.TRAVIS_OS_NAME" value="linux" />
    <property name="ant.java.version" value="9" />
    <property name="basedir" value="/home/travis/build/icyphy/ptII" />
    <property name="java.class.version" value="55.0" />
    <property name="env.SHLVL" value="3" />
    <property name="env.LD_LIBRARY_PATH" value="/home/travis/pthla/certi-tools/lib:/usr/lib/jni:/usr/local/share/OpenCV/java/:/usr/share/OpenCV/java:" />
    <property name="env.RACK_ENV" value="test" />
    <property name="ant.home" value="/home/travis/build/icyphy/ptII/ant" />
    <property name="env.NVM_DIR" value="/home/travis/.nvm" />
    <property name="env.CERTI_FOM_PATH" value="/home/travis/pthla/certi-tools/share/federations" />
    <property name="env.TRAVIS_BUILD_ID" value="711125593" />
    <property name="env.PYENV_ROOT" value="/opt/pyenv" />
    <property name="env.TRAVIS_UID" value="2000" />
    <property name="prism.verbose" value="true" />
    <property name="env.NVM_BIN" value="/home/travis/.nvm/versions/node/v7.10.1/bin" />
    <property name="env.TRAVIS_COMMIT" value="b35224f56f004d2ddee20d896da1232955e7256f" />
    <property name="node.executable" value="node" />
    <property name="sun.boot.library.path" value="/usr/local/lib/jvm/openjdk11/lib" />
    <property name="sun.management.compiler" value="HotSpot 64-Bit Tiered Compilers" />
    <property name="java.awt.graphicsenv" value="sun.awt.X11GraphicsEnvironment" />
    <property name="env.GOPATH" value="/home/travis/gopath" />
    <property name="ptolemy.ptII.dir" value="/home/travis/build/icyphy/ptII" />
    <property name="env.USER" value="travis" />
    <property name="env.HISTFILESIZE" value="2000" />
    <property name="env.NVM_INC" value="/home/travis/.nvm/versions/node/v7.10.1/include/node" />
    <property name="timeout.longest" value="19000000" />
    <property name="env.PERLBREW_SHELLRC_VERSION" value="0.88" />
    <property name="env.TRAVIS_STACK_FEATURES" value="basic couchdb disabled-ipv6 docker docker-compose elasticsearch firefox go-toolchain google-chrome jdk memcached mongodb mysql nodejs_interpreter perl_interpreter perlbrew phantomjs postgresql python_interpreter redis ruby_interpreter sqlite xserver" />
    <property name="env.TRAVIS_PULL_REQUEST" value="false" />
    <property name="env.PYENV_SHELL" value="bash" />
    <property name="ant.project.name" value="ptII" />
    <property name="env.ANSI_RESET" value="\033[0m" />
    <property name="java.vm.specification.version" value="11" />
    <property name="env.TRAVIS_DIST" value="xenial" />
    <property name="env.CERTI_VERSION" value="4.0.0" />
    <property name="env.CERTI_HOST" value="localhost" />
    <property name="awt.toolkit" value="sun.awt.X11.XToolkit" />
    <property name="env.MY_RUBY_HOME" value="/home/travis/.rvm/rubies/ruby-2.5.3" />
    <property name="sun.cpu.isalist" value="" />
    <property name="env.TRAVIS_TMPDIR" value="/tmp/tmp.InZPkrb8fW" />
    <property name="java.vm.compressedOopsMode" value="Zero based" />
    <property name="os.version" value="4.15.0-1077-gcp" />
    <property name="user.home" value="/home/travis" />
    <property name="java.vm.vendor" value="Oracle Corporation" />
    <property name="env.TRAVIS_TAG" value="nightly" />
    <property name="env.ANSI_YELLOW" value="\033[33;1m" />
    <property name="env.TRAVIS_FILTERED" value="redirect_io" />
    <property name="env.ANSI_GREEN" value="\033[32;1m" />
    <property name="env.JAVA_HOME" value="/usr/local/lib/jvm/openjdk11" />
    <property name="javadoc.excludepackagenames" value="adm.cvs2svn.*,build.*,config.*,doc.coding.templates.*,jni.test.jni.meaningOfLife.*,jni.test.jni.testDeux.*,jni.test.jni.testTrois.*,org.terraswarm.accessor.accessors.web.node_modules.*,org.terraswarm.accessor.accessors.web.hosts.cordova.demo.*,org.terraswarm.accessor.accessors.web.hosts.cordova.plugins.*,org.terraswarm.accessor.accessors-svn.*,pt-modules.*,ptolemy.apps.agilent.*,ptolemy.apps.anytimecontrol.*,ptolemy.apps.apes.*,ptolemy.apps.charon.*,ptolemy.apps.crazyboard.*,ptolemy.apps.eclipse.*,ptolemy.apps.etherealSting.*,ptolemy.apps.fullscreen.*,ptolemy.apps.giotto.*,ptolemy.apps.ia.*,ptolemy.apps.interfaces.*,ptolemy.apps.jmf.*,ptolemy.apps.kurt.*,ptolemy.apps.kvm.*,ptolemy.apps.lego.*,ptolemy.apps.lejos.*,ptolemy.apps.midp.*,ptolemy.apps.mobileCoding.*,ptolemy.apps.pendulum.*,ptolemy.apps.rijndael.*,ptolemy.apps.robot.*,ptolemy.apps.security.*,ptolemy.apps.sobel.*,ptolemy.apps.soot.*,ptolemy.apps.throttle.*,ptolemy.apps.tini.*,ptolemy.apps.transmission.*,ptolemy.apps.vergil.*,ptolemy.apps.waba.*,ptolemy.apps.websensor.*,ptolemy.apps.webstart.*,ptolemy.apps.xsl.*,ptolemy.apps.zaurus.*,ptolemy.codegen.c.actor.lib.oldJavaFiles.*,ptolemy.codegen.dsp.lib.*,ptolemy.codegen.kernel.newInterfaces.*,ptolemy.codegen.lib.*,ptolemy.copernicus.kernel.fragment.*,ptolemy.copernicus.shallow.cg.*,ptolemy.domains.giotto.demo.Hierarchy.Hierarchy.*,ptolemy.domains.giotto.demo.Multimode.Multimode.*,ptolemy.domains.giotto.demo.Simple.Simple.*,ptolemy.domains.gr.lib.experimental.*,ptolemy.domains.gro.*,ptolemy.domains.pdf.*,ptolemy.domains.ptinyos.demo.Surge.output.*,ptolemy.moml.test.NoPackageActor.java*,ptolemy.plot.adm.*,ptolemy.plot.servlet.*,reports.*,signed.*,src.*,target.*,vendors.*,ptolemy.copernicus.applet.*,ptolemy.media.viewer.*,ptolemy.actor.corba.*,doc.doclets.*,ptolemy.apps.eclipse.awt.*,ptolemy.backtrack.*,ptolemy.backtrack.ast.*,ptolemy.cg.adapter.generic.program.procedural.c.mbed*,ptolemy.homer.*,ptolemy.actor.lib.jai.*,org.ptolemy.scala.*,diva.util.java2d.svg.*,ptolemy.domains.ptinyos.*,ptolemy.actor.lib.fmi.fmipp.*,,org.terraswarm.accessor.accessors.web.node_modules.*,org.terraswarm.accessor.accessors-svn,ptolemy.apps.*,ptolemy.actor.ptalon.demo.ptinyos.SendAndReceiveCnt.output,ptolemy.actor.ptalon.demo.ptinyos.SenseToLeds.output,ptolemy.domains.ptinyos.demo.CntToLedsAndRfm.output,ptolemy.domains.ptinyos.demo.RfmToLeds.output,ptolemy.domains.ptinyos.demo.SendAndReceiveCnt.output,ptolemy.domains.ptinyos.demo.SenseToLeds.output,ptolemy.actor.lib.jjs.modules.udpSocket.*" />
    <property name="env.PTII" value="/home/travis/build/icyphy/ptII" />
    <property name="env.XDG_SESSION_ID" value="2" />
    <property name="keystore" value="ptKeystore" />
    <property name="env.TRAVIS_COMMIT_MESSAGE" value="Updated Export HTML Action to use the right script paths for online files and to get better fonts and layout. Also updated the DOP Center seating chart." />
    <property name="junit.output.dir" value="/home/travis/build/icyphy/ptII/reports/junit" />
    <property name="npm.return.code" value="0" />
    <property name="user.dir" value="/home/travis/build/icyphy/ptII/ptolemy/actor/lib/test" />
    <property name="env.TRAVIS_NODE_VERSION" value="7" />
    <property name="env.TRAVIS_EVENT_TYPE" value="cron" />
    <property name="env.MAIL" value="/var/mail/travis" />
    <property name="env.PERLBREW_ROOT" value="/home/travis/perl5/perlbrew" />
    <property name="env.PWD" value="/home/travis/build/icyphy/ptII" />
    <property name="timeout.npm" value="45000" />
    <property name="env.TRAVIS_ARCH" value="amd64" />
    <property name="sun.cpu.endian" value="little" />
    <property name="env.PAGER" value="cat" />
    <property name="env.TRAVIS_BUILD_STAGE_NAME" value="test" />
    <property name="env.PERLBREW_HOME" value="/home/travis/.perlbrew" />
    <property name="java.vm.version" value="11.0.2+9" />
    <property name="env.RAILS_ENV" value="test" />
    <property name="java.class.path" value="/home/travis/.ptolemyII:/home/travis/.ptolemyII/*:/home/travis/build/icyphy/ptII:/home/travis/build/icyphy/ptII/lib/bsh-2.0b4.jar:/home/travis/build/icyphy/ptII/lib/ptCal.jar:/home/travis/build/icyphy/ptII/lib/java_cup.jar:/home/travis/build/icyphy/ptII/lib/saxon8.jar:/home/travis/build/icyphy/ptII/lib/saxon8-dom.jar:/home/travis/build/icyphy/ptII/lib/chic.jar:/home/travis/build/icyphy/ptII/lib/ptcolt.jar:/home/travis/build/icyphy/ptII/vendors/misc/itext/iText.jar:/home/travis/build/icyphy/ptII/lib/g4ltl.jar:/home/travis/build/icyphy/ptII/lib/StructuralCoder.jar:/home/travis/build/icyphy/ptII/lib/jcerti.jar:/home/travis/build/icyphy/ptII/lib/javax.mail.jar:/home/travis/build/icyphy/ptII/vendors/JMF-2.1.1e/lib/jmf.jar:/home/travis/build/icyphy/ptII/lib/jna-4.0.0-variadic.jar:/home/travis/build/icyphy/ptII/vendors/misc/joystick/Joystick.jar:/home/travis/build/icyphy/ptII/lib/ptjacl.jar:/home/travis/build/icyphy/ptII/lib/jsoup-1.8.2.jar:/home/travis/build/icyphy/ptII/lib/junit-4.8.2.jar:/home/travis/build/icyphy/ptII/lib/JUnitParams-0.4.0.jar:/home/travis/build/icyphy/ptII/ptolemy/actor/lib/excel/jxl.jar:/home/travis/build/icyphy/ptII/lib/jython.jar:/home/travis/build/icyphy/ptII/lib/kieler.jar:/home/travis/build/icyphy/ptII/vendors/opencv/share/OpenCV/java/opencv-341.jar:/home/travis/build/icyphy/ptII/lib/oscP5.jar:/home/travis/build/icyphy/ptII/lib/nrjavaserial-3.11.0.devel.jar:/home/travis/build/icyphy/ptII/vendors/j3d/lib/Linux/j3dcore.jar:/home/travis/build/icyphy/ptII/vendors/j3d/lib/Linux/j3dutils.jar:/home/travis/build/icyphy/ptII/vendors/j3d/lib/Linux/vecmath.jar:/home/travis/build/icyphy/ptII/vendors/jogl/lib/Linux/gluegen-rt-natives-linux-amd64.jar:/home/travis/build/icyphy/ptII/vendors/jogl/lib/Linux/gluegen-rt.jar:/home/travis/build/icyphy/ptII/vendors/jogl/lib/Linux/jogl-all-natives-linux-amd64.jar:/home/travis/build/icyphy/ptII/vendors/jogl/lib/Linux/jogl-all.jar:/home/travis/build/icyphy/ptII/ptolemy/distributed/jini/jar/jini-core.jar:/home/travis/build/icyphy/ptII/ptolemy/distributed/jini/jar/jini-ext.jar:/home/travis/build/icyphy/ptII/ptolemy/distributed/jini/jar/sun-util.jar:/home/travis/build/icyphy/ptII/lib/protobuf-java-2.4.1.jar:/home/travis/build/icyphy/ptII/lib/org.eclipse.paho.client.mqttv3.jar:/home/travis/build/icyphy/ptII/lib/mapss.jar:/home/travis/build/icyphy/ptII/ptolemy/actor/ptalon/antlr/antlr.jar:/home/travis/build/icyphy/ptII/lib/JRI.jar:/home/travis/build/icyphy/ptII/lib/commons-lang-2.6.jar:/home/travis/build/icyphy/ptII/lib/commons-logging-1.1.1.jar:/home/travis/build/icyphy/ptII/lib/sootclasses.jar:/home/travis/build/icyphy/ptII/ptolemy/actor/lib/database/mysql-connector-java-5.1.6-bin.jar:/home/travis/build/icyphy/ptII/vendors/misc/sphinx4/sphinx4-data-5prealpha.jar:/home/travis/build/icyphy/ptII/vendors/misc/sphinx4/sphinx4-core-5prealpha.jar:/home/travis/build/icyphy/ptII/lib/PDFRenderer.jar:/home/travis/build/icyphy/ptII/lib/svgSalamander.jar:/home/travis/build/icyphy/ptII/lib/rsyntaxtextarea-2.6.0-SNAPSHOT.jar:/home/travis/build/icyphy/ptII/lib/hazelcast-3.8.2.jar:/home/travis/build/icyphy/ptII/lib/jackson-annotations-2.9.0.jar:/home/travis/build/icyphy/ptII/lib/jackson-core-2.9.3.jar:/home/travis/build/icyphy/ptII/lib/jackson-databind-2.9.3.jar:/home/travis/build/icyphy/ptII/lib/netty-buffer-4.1.19.Final.jar:/home/travis/build/icyphy/ptII/lib/netty-codec-4.1.19.Final.jar:/home/travis/build/icyphy/ptII/lib/netty-codec-dns-4.1.19.Final.jar:/home/travis/build/icyphy/ptII/lib/netty-codec-http-4.1.19.Final.jar:/home/travis/build/icyphy/ptII/lib/netty-codec-http2-4.1.19.Final.jar:/home/travis/build/icyphy/ptII/lib/netty-common-4.1.19.Final.jar:/home/travis/build/icyphy/ptII/lib/netty-handler-4.1.19.Final.jar:/home/travis/build/icyphy/ptII/lib/netty-resolver-4.1.19.Final.jar:/home/travis/build/icyphy/ptII/lib/netty-resolver-dns-4.1.19.Final.jar:/home/travis/build/icyphy/ptII/lib/netty-transport-4.1.19.Final.jar:/home/travis/build/icyphy/ptII/lib/vertx-codegen-3.5.1.jar:/home/travis/build/icyphy/ptII/lib/vertx-core-3.5.2-SNAPSHOT.jar:/home/travis/build/icyphy/ptII/lib/vertx-hazelcast-3.5.1.jar:/home/travis/build/icyphy/ptII/lib/vertx-lang-js-3.5.1.jar:/home/travis/build/icyphy/ptII/lib/vertx-service-proxy-3.5.1.jar:/home/travis/build/icyphy/ptII/lib/vertx-web-3.5.1.jar:/home/travis/build/icyphy/ptII/lib/slf4j-api-1.7.13.jar:/home/travis/build/icyphy/ptII/lib/slf4j-simple-1.7.13.jar:/home/travis/build/icyphy/ptII/lib/webcam-capture-0.3.12.jar:/home/travis/build/icyphy/ptII/lib/bridj-0.7.0.jar:/home/travis/build/icyphy/ptII/lib/xbjlib-1.1.0.nrjavaserial.jar:/home/travis/build/icyphy/ptII/ptolemy/moml/test:/home/travis/build/icyphy/ptII/ant/lib/ant-launcher.jar:/home/travis/build/icyphy/ptII/ant/lib/ant.jar:/home/travis/build/icyphy/ptII/ant/lib/ant-junit.jar:/home/travis/build/icyphy/ptII/ant/lib/ant-junit4.jar" />
    <property name="ant.library.dir" value="/home/travis/build/icyphy/ptII/ant/lib" />
    <property name="os.arch" value="amd64" />
    <property name="env.CONTINUOUS_INTEGRATION" value="true" />
    <property name="env.TRAVIS_LANGUAGE" value="node_js" />
    <property name="env.TRAVIS_STACK_LANGUAGES" value="__sardonyx__ c c++ clojure cplusplus cpp default generic go groovy java node_js php pure_java python ruby scala" />
    <property name="test.name" value="ptolemy.actor.lib.test.junit.JUnitTclTest" />
    <property name="env.APT_KEY_DONT_WARN_ON_DANGEROUS_USAGE" value="1" />
    <property name="sun.java.launcher" value="SUN_STANDARD" />
    <property name="env.PYTHON_CONFIGURE_OPTS" value="--enable-unicode=ucs4 --with-wide-unicode --enable-shared --enable-ipv6 --enable-loadable-sqlite-extensions --with-computed-gotos" />
    <property name="ant.core.lib" value="/home/travis/build/icyphy/ptII/ant/lib/ant.jar" />
    <property name="java.vm.specification.vendor" value="Oracle Corporation" />
    <property name="env.BCVTB_HOME" value="/home/travis/build/icyphy/ptII/lbnl" />
    <property name="file.separator" value="/" />
    <property name="spotbugs.home" value="/home/travis/build/icyphy/ptII/vendors/spotbugs-3.1.1" />
    <property name="java.runtime.version" value="11.0.2+9" />
    <property name="env.ANSI_CLEAR" value="\033[0K" />
    <property name="javafx.verbose" value="true" />
    <property name="env.HAS_JOSH_K_SEAL_OF_APPROVAL" value="true" />
    <property name="env.XDG_RUNTIME_DIR" value="/run/user/2000" />
    <property name="env.TRAVIS_OSX_IMAGE" value="" />
    <property name="env.TRAVIS_JOB_ID" value="711125605" />
    <property name="env.TRAVIS_BRANCH" value="master" />
    <property name="user.country" value="US" />
    <property name="env.CERTI_HOME_TRAVIS" value="/home/travis/pthla/certi-tools" />
    <property name="env.SHELL" value="/bin/bash" />
    <property name="java.maxmemory.large" value="3200m" />
    <property name="model" value="" />
    <property name="env.CASHER_DIR" value="/home/travis/.casher" />
    <property name="env.NVM_CD_FLAGS" value="" />
    <property name="java.vendor.version" value="18.9" />
    <property name="jshint.executable" value="/home/travis/node_modules/jshint/bin/jshint" />
    <property name="env.JRUBY_OPTS" value=" --client -J-XX:+TieredCompilation -J-XX:TieredStopAtLevel=1 -J-Xss2m -Xcompile.invokedynamic=false" />
    <property name="java.vendor" value="Oracle Corporation" />
    <property name="env.TRAVIS_PRE_CHEF_BOOTSTRAP_TIME" value="2020-06-24T13:13:03" />
    <property name="env.TRAVIS_STACK_JOB_BOARD_REGISTER" value="/.job-board-register.yml" />
    <property name="env.ANSI_RED" value="\033[31;1m" />
    <property name="java.specification.version" value="11" />
    <property name="env.IRBRC" value="/home/travis/.rvm/rubies/ruby-2.5.3/.irbrc" />
    <property name="env.TRAVIS" value="true" />
    <property name="sun.arch.data.model" value="64" />
  </properties>
  <testcase classname="ptolemy.util.test.junit.TclTests" name="[0] /home/travis/build/icyphy/ptII/ptolemy/actor/lib/test/AbsoluteValue.tcl (RunTclFile)" time="0.594" />
  <testcase classname="ptolemy.util.test.junit.TclTests" name="[1] /home/travis/build/icyphy/ptII/ptolemy/actor/lib/test/AddSubtract.tcl (RunTclFile)" time="0.211" />
  <testcase classname="ptolemy.util.test.junit.TclTests" name="[2] /home/travis/build/icyphy/ptII/ptolemy/actor/lib/test/Average.tcl (RunTclFile)" time="0.085" />
  <testcase classname="ptolemy.util.test.junit.TclTests" name="[3] /home/travis/build/icyphy/ptII/ptolemy/actor/lib/test/Bernoulli.tcl (RunTclFile)" time="0.022" />
  <testcase classname="ptolemy.util.test.junit.TclTests" name="[4] /home/travis/build/icyphy/ptII/ptolemy/actor/lib/test/Clock.tcl (RunTclFile)" time="0.087" />
  <testcase classname="ptolemy.util.test.junit.TclTests" name="[5] /home/travis/build/icyphy/ptII/ptolemy/actor/lib/test/Commutator.tcl (RunTclFile)" time="0.177" />
  <testcase classname="ptolemy.util.test.junit.TclTests" name="[6] /home/travis/build/icyphy/ptII/ptolemy/actor/lib/test/Const.tcl (RunTclFile)" time="0.135" />
  <testcase classname="ptolemy.util.test.junit.TclTests" name="[7] /home/travis/build/icyphy/ptII/ptolemy/actor/lib/test/CurrentTime.tcl (RunTclFile)" time="0.048" />
  <testcase classname="ptolemy.util.test.junit.TclTests" name="[8] /home/travis/build/icyphy/ptII/ptolemy/actor/lib/test/DB.tcl (RunTclFile)" time="0.048" />
  <testcase classname="ptolemy.util.test.junit.TclTests" name="[9] /home/travis/build/icyphy/ptII/ptolemy/actor/lib/test/DiscreteRandomSource.tcl (RunTclFile)" time="0.066" />
  <testcase classname="ptolemy.util.test.junit.TclTests" name="[10] /home/travis/build/icyphy/ptII/ptolemy/actor/lib/test/Distributor.tcl (RunTclFile)" time="0.112" />
  <testcase classname="ptolemy.util.test.junit.TclTests" name="[11] /home/travis/build/icyphy/ptII/ptolemy/actor/lib/test/Exit.tcl (RunTclFile)" time="0.088" />
  <testcase classname="ptolemy.util.test.junit.TclTests" name="[12] /home/travis/build/icyphy/ptII/ptolemy/actor/lib/test/Expression.tcl (RunTclFile)" time="0.138" />
  <testcase classname="ptolemy.util.test.junit.TclTests" name="[13] /home/travis/build/icyphy/ptII/ptolemy/actor/lib/test/Gaussian.tcl (RunTclFile)" time="0.921" />
  <testcase classname="ptolemy.util.test.junit.TclTests" name="[14] /home/travis/build/icyphy/ptII/ptolemy/actor/lib/test/IIR.tcl (RunTclFile)" time="0.051" />
  <testcase classname="ptolemy.util.test.junit.TclTests" name="[15] /home/travis/build/icyphy/ptII/ptolemy/actor/lib/test/Interpolator.tcl (RunTclFile)" time="0.058" />
  <testcase classname="ptolemy.util.test.junit.TclTests" name="[16] /home/travis/build/icyphy/ptII/ptolemy/actor/lib/test/MathFunction.tcl (RunTclFile)" time="0.044" />
  <testcase classname="ptolemy.util.test.junit.TclTests" name="[17] /home/travis/build/icyphy/ptII/ptolemy/actor/lib/test/Maximum.tcl (RunTclFile)" time="0.037" />
  <testcase classname="ptolemy.util.test.junit.TclTests" name="[18] /home/travis/build/icyphy/ptII/ptolemy/actor/lib/test/Minimum.tcl (RunTclFile)" time="0.033" />
  <testcase classname="ptolemy.util.test.junit.TclTests" name="[19] /home/travis/build/icyphy/ptII/ptolemy/actor/lib/test/MultiplyDivide.tcl (RunTclFile)" time="0.052" />
  <testcase classname="ptolemy.util.test.junit.TclTests" name="[20] /home/travis/build/icyphy/ptII/ptolemy/actor/lib/test/OrderedMerge.tcl (RunTclFile)" time="0.134" />
  <testcase classname="ptolemy.util.test.junit.TclTests" name="[21] /home/travis/build/icyphy/ptII/ptolemy/actor/lib/test/Publisher.tcl (RunTclFile)" time="0.938" />
  <testcase classname="ptolemy.util.test.junit.TclTests" name="[22] /home/travis/build/icyphy/ptII/ptolemy/actor/lib/test/Pulse.tcl (RunTclFile)" time="0.075" />
  <testcase classname="ptolemy.util.test.junit.TclTests" name="[23] /home/travis/build/icyphy/ptII/ptolemy/actor/lib/test/Ramp.tcl (RunTclFile)" time="2.318" />
  <testcase classname="ptolemy.util.test.junit.TclTests" name="[24] /home/travis/build/icyphy/ptII/ptolemy/actor/lib/test/RampContinuous.tcl (RunTclFile)" time="0.021" />
  <testcase classname="ptolemy.util.test.junit.TclTests" name="[25] /home/travis/build/icyphy/ptII/ptolemy/actor/lib/test/RecordAssembler.tcl (RunTclFile)" time="0.017" />
  <testcase classname="ptolemy.util.test.junit.TclTests" name="[26] /home/travis/build/icyphy/ptII/ptolemy/actor/lib/test/RecordDisassembler.tcl (RunTclFile)" time="0.037" />
  <testcase classname="ptolemy.util.test.junit.TclTests" name="[27] /home/travis/build/icyphy/ptII/ptolemy/actor/lib/test/Scale.tcl (RunTclFile)" time="0.031" />
  <testcase classname="ptolemy.util.test.junit.TclTests" name="[28] /home/travis/build/icyphy/ptII/ptolemy/actor/lib/test/SequentialClock.tcl (RunTclFile)" time="0.017" />
  <testcase classname="ptolemy.util.test.junit.TclTests" name="[29] /home/travis/build/icyphy/ptII/ptolemy/actor/lib/test/SetVariable.tcl (RunTclFile)" time="0.011" />
  <testcase classname="ptolemy.util.test.junit.TclTests" name="[30] /home/travis/build/icyphy/ptII/ptolemy/actor/lib/test/Sinewave.tcl (RunTclFile)" time="0.069" />
  <testcase classname="ptolemy.util.test.junit.TclTests" name="[31] /home/travis/build/icyphy/ptII/ptolemy/actor/lib/test/SubscriptionAggregator.tcl (RunTclFile)" time="2.421" />
  <testcase classname="ptolemy.util.test.junit.TclTests" name="[32] /home/travis/build/icyphy/ptII/ptolemy/actor/lib/test/Test.tcl (RunTclFile)" time="0.088" />
  <testcase classname="ptolemy.util.test.junit.TclTests" name="[33] /home/travis/build/icyphy/ptII/ptolemy/actor/lib/test/TestExceptionHandler.tcl (RunTclFile)" time="0.013" />
  <testcase classname="ptolemy.util.test.junit.TclTests" name="[34] /home/travis/build/icyphy/ptII/ptolemy/actor/lib/test/UnionDisassembler.tcl (RunTclFile)" time="0.053" />
  <testcase classname="ptolemy.util.test.junit.TclTests" name="[35] /home/travis/build/icyphy/ptII/ptolemy/actor/lib/test/VariableClock.tcl (RunTclFile)" time="0.016" />
  <testcase classname="ptolemy.util.test.junit.AutoKnownFailedTests" name="[0] /home/travis/build/icyphy/ptII/ptolemy/actor/lib/test/auto/knownFailedTests/PublisherPortToplevelSubscriber.xml (RunModel)" time="0.029" />
  <testcase classname="ptolemy.util.test.junit.AutoKnownFailedTests" name="[1] /home/travis/build/icyphy/ptII/ptolemy/actor/lib/test/auto/knownFailedTests/PublisherSubscriberPortToplevel.xml (RunModel)" time="0.022" />
  <testcase classname="ptolemy.util.test.junit.AutoKnownFailedTests" name="[2] /home/travis/build/icyphy/ptII/ptolemy/actor/lib/test/auto/knownFailedTests/PublisherSubscriptionAggregatorPort.xml (RunModel)" time="0.024" />
  <testcase classname="ptolemy.util.test.junit.AutoKnownFailedTests" name="[3] /home/travis/build/icyphy/ptII/ptolemy/actor/lib/test/auto/knownFailedTests/sizedarray3.xml (RunModel)" time="0.027" />
  <testcase classname="ptolemy.util.test.junit.AutoNameArchTests" name="[0] ThereAreNoAutoArchTests (RunModel)" time="0.005" />
  <testcase classname="ptolemy.util.test.junit.AutoTests" name="[0] /home/travis/build/icyphy/ptII/ptolemy/actor/lib/test/auto/AbsoluteValue.xml (RunModel)" time="0.119" />
  <testcase classname="ptolemy.util.test.junit.AutoTests" name="[1] /home/travis/build/icyphy/ptII/ptolemy/actor/lib/test/auto/AbsoluteValue2.xml (RunModel)" time="0.094" />
  <testcase classname="ptolemy.util.test.junit.AutoTests" name="[2] /home/travis/build/icyphy/ptII/ptolemy/actor/lib/test/auto/Accumulator.xml (RunModel)" time="0.05" />
  <testcase classname="ptolemy.util.test.junit.AutoTests" name="[3] /home/travis/build/icyphy/ptII/ptolemy/actor/lib/test/auto/Accumulator2.xml (RunModel)" time="0.069" />
  <testcase classname="ptolemy.util.test.junit.AutoTests" name="[4] /home/travis/build/icyphy/ptII/ptolemy/actor/lib/test/auto/Accumulator3.xml (RunModel)" time="0.049" />
  <testcase classname="ptolemy.util.test.junit.AutoTests" name="[5] /home/travis/build/icyphy/ptII/ptolemy/actor/lib/test/auto/ArrayAppend.xml (RunModel)" time="0.028" />
  <testcase classname="ptolemy.util.test.junit.AutoTests" name="[6] /home/travis/build/icyphy/ptII/ptolemy/actor/lib/test/auto/ArrayAppend2.xml (RunModel)" time="0.471" />
  <testcase classname="ptolemy.util.test.junit.AutoTests" name="[7] /home/travis/build/icyphy/ptII/ptolemy/actor/lib/test/auto/ArrayAppend3.xml (RunModel)" time="0.029" />
  <testcase classname="ptolemy.util.test.junit.AutoTests" name="[8] /home/travis/build/icyphy/ptII/ptolemy/actor/lib/test/auto/ArrayAppend4.xml (RunModel)" time="0.03" />
  <testcase classname="ptolemy.util.test.junit.AutoTests" name="[9] /home/travis/build/icyphy/ptII/ptolemy/actor/lib/test/auto/ArrayAppend5.xml (RunModel)" time="0.02" />
  <testcase classname="ptolemy.util.test.junit.AutoTests" name="[10] /home/travis/build/icyphy/ptII/ptolemy/actor/lib/test/auto/ArrayAppend6.xml (RunModel)" time="0.024" />
  <testcase classname="ptolemy.util.test.junit.AutoTests" name="[11] /home/travis/build/icyphy/ptII/ptolemy/actor/lib/test/auto/ArrayAppendPerformanceTest.xml (RunModel)" time="0.063" />
  <testcase classname="ptolemy.util.test.junit.AutoTests" name="[12] /home/travis/build/icyphy/ptII/ptolemy/actor/lib/test/auto/ArrayAppendWithEmptyInput.xml (RunModel)" time="0.054" />
  <testcase classname="ptolemy.util.test.junit.AutoTests" name="[13] /home/travis/build/icyphy/ptII/ptolemy/actor/lib/test/auto/ArrayAverage.xml (RunModel)" time="0.068" />
  <testcase classname="ptolemy.util.test.junit.AutoTests" name="[14] /home/travis/build/icyphy/ptII/ptolemy/actor/lib/test/auto/ArrayContains.xml (RunModel)" time="0.035" />
  <testcase classname="ptolemy.util.test.junit.AutoTests" name="[15] /home/travis/build/icyphy/ptII/ptolemy/actor/lib/test/auto/ArrayElement.xml (RunModel)" time="0.019" />
  <testcase classname="ptolemy.util.test.junit.AutoTests" name="[16] /home/travis/build/icyphy/ptII/ptolemy/actor/lib/test/auto/ArrayElementAsMatrix.xml (RunModel)" time="0.048" />
  <testcase classname="ptolemy.util.test.junit.AutoTests" name="[17] /home/travis/build/icyphy/ptII/ptolemy/actor/lib/test/auto/ArrayElementI.xml (RunModel)" time="0.044" />
  <testcase classname="ptolemy.util.test.junit.AutoTests" name="[18] /home/travis/build/icyphy/ptII/ptolemy/actor/lib/test/auto/ArrayExtract.xml (RunModel)" time="0.033" />
  <testcase classname="ptolemy.util.test.junit.AutoTests" name="[19] /home/travis/build/icyphy/ptII/ptolemy/actor/lib/test/auto/ArrayExtract2.xml (RunModel)" time="0.027" />
  <testcase classname="ptolemy.util.test.junit.AutoTests" name="[20] /home/travis/build/icyphy/ptII/ptolemy/actor/lib/test/auto/ArrayLength.xml (RunModel)" time="0.024" />
  <testcase classname="ptolemy.util.test.junit.AutoTests" name="[21] /home/travis/build/icyphy/ptII/ptolemy/actor/lib/test/auto/ArrayLevelCrossing.xml (RunModel)" time="0.042" />
  <testcase classname="ptolemy.util.test.junit.AutoTests" name="[22] /home/travis/build/icyphy/ptII/ptolemy/actor/lib/test/auto/ArrayLevelCrossing2.xml (RunModel)" time="0.032" />
  <testcase classname="ptolemy.util.test.junit.AutoTests" name="[23] /home/travis/build/icyphy/ptII/ptolemy/actor/lib/test/auto/ArrayPeakSearch.xml (RunModel)" time="0.044" />
  <testcase classname="ptolemy.util.test.junit.AutoTests" name="[24] /home/travis/build/icyphy/ptII/ptolemy/actor/lib/test/auto/ArrayPeakSearch2.xml (RunModel)" time="0.046" />
  <testcase classname="ptolemy.util.test.junit.AutoTests" name="[25] /home/travis/build/icyphy/ptII/ptolemy/actor/lib/test/auto/ArrayPeakSearch3.xml (RunModel)" time="0.043" />
  <testcase classname="ptolemy.util.test.junit.AutoTests" name="[26] /home/travis/build/icyphy/ptII/ptolemy/actor/lib/test/auto/ArrayRemoveElement.xml (RunModel)" time="0.038" />
  <testcase classname="ptolemy.util.test.junit.AutoTests" name="[27] /home/travis/build/icyphy/ptII/ptolemy/actor/lib/test/auto/ArraySort.xml (RunModel)" time="0.038" />
  <testcase classname="ptolemy.util.test.junit.AutoTests" name="[28] /home/travis/build/icyphy/ptII/ptolemy/actor/lib/test/auto/ArraySum.xml (RunModel)" time="0.019" />
  <testcase classname="ptolemy.util.test.junit.AutoTests" name="[29] /home/travis/build/icyphy/ptII/ptolemy/actor/lib/test/auto/ArrayToElements.xml (RunModel)" time="0.02" />
  <testcase classname="ptolemy.util.test.junit.AutoTests" name="[30] /home/travis/build/icyphy/ptII/ptolemy/actor/lib/test/auto/ArrayToMatrix.xml (RunModel)" time="0.064" />
  <testcase classname="ptolemy.util.test.junit.AutoTests" name="[31] /home/travis/build/icyphy/ptII/ptolemy/actor/lib/test/auto/ArrayUpdate1.xml (RunModel)" time="0.015" />
  <testcase classname="ptolemy.util.test.junit.AutoTests" name="[32] /home/travis/build/icyphy/ptII/ptolemy/actor/lib/test/auto/ArrayUpdate2.xml (RunModel)" time="0.032" />
  <testcase classname="ptolemy.util.test.junit.AutoTests" name="[33] /home/travis/build/icyphy/ptII/ptolemy/actor/lib/test/auto/ArrayUpdate3.xml (RunModel)" time="0.022" />
  <testcase classname="ptolemy.util.test.junit.AutoTests" name="[34] /home/travis/build/icyphy/ptII/ptolemy/actor/lib/test/auto/Assert1.xml (RunModel)" time="0.025" />
  <testcase classname="ptolemy.util.test.junit.AutoTests" name="[35] /home/travis/build/icyphy/ptII/ptolemy/actor/lib/test/auto/Assert2.xml (RunModel)" time="0.015" />
  <testcase classname="ptolemy.util.test.junit.AutoTests" name="[36] /home/travis/build/icyphy/ptII/ptolemy/actor/lib/test/auto/BooleanMultiplexor.xml (RunModel)" time="0.017" />
  <testcase classname="ptolemy.util.test.junit.AutoTests" name="[37] /home/travis/build/icyphy/ptII/ptolemy/actor/lib/test/auto/BooleanMultiplexor2.xml (RunModel)" time="0.03" />
  <testcase classname="ptolemy.util.test.junit.AutoTests" name="[38] /home/travis/build/icyphy/ptII/ptolemy/actor/lib/test/auto/BooleanMultiplexor3.xml (RunModel)" time="0.022" />
  <testcase classname="ptolemy.util.test.junit.AutoTests" name="[39] /home/travis/build/icyphy/ptII/ptolemy/actor/lib/test/auto/BooleanSelect.xml (RunModel)" time="0.026" />
  <testcase classname="ptolemy.util.test.junit.AutoTests" name="[40] /home/travis/build/icyphy/ptII/ptolemy/actor/lib/test/auto/BooleanSelect2.xml (RunModel)" time="0.019" />
  <testcase classname="ptolemy.util.test.junit.AutoTests" name="[41] /home/travis/build/icyphy/ptII/ptolemy/actor/lib/test/auto/BooleanSwitch.xml (RunModel)" time="0.022" />
  <testcase classname="ptolemy.util.test.junit.AutoTests" name="[42] /home/travis/build/icyphy/ptII/ptolemy/actor/lib/test/auto/BooleanSwitch2.xml (RunModel)" time="0.014" />
  <testcase classname="ptolemy.util.test.junit.AutoTests" name="[43] /home/travis/build/icyphy/ptII/ptolemy/actor/lib/test/auto/BooleanSwitchCloningBugWithClassRelationGroup.xml (RunModel)" time="0.035" />
  <testcase classname="ptolemy.util.test.junit.AutoTests" name="[44] /home/travis/build/icyphy/ptII/ptolemy/actor/lib/test/auto/BusActors.xml (RunModel)" time="0.04" />
  <testcase classname="ptolemy.util.test.junit.AutoTests" name="[45] /home/travis/build/icyphy/ptII/ptolemy/actor/lib/test/auto/ClassWrapper.xml (RunModel)" time="0.024" />
  <testcase classname="ptolemy.util.test.junit.AutoTests" name="[46] /home/travis/build/icyphy/ptII/ptolemy/actor/lib/test/auto/Clock.xml (RunModel)" time="0.017" />
  <testcase classname="ptolemy.util.test.junit.AutoTests" name="[47] /home/travis/build/icyphy/ptII/ptolemy/actor/lib/test/auto/Clock10.xml (RunModel)" time="0.022" />
  <testcase classname="ptolemy.util.test.junit.AutoTests" name="[48] /home/travis/build/icyphy/ptII/ptolemy/actor/lib/test/auto/Clock11.xml (RunModel)" time="0.029" />
  <testcase classname="ptolemy.util.test.junit.AutoTests" name="[49] /home/travis/build/icyphy/ptII/ptolemy/actor/lib/test/auto/Clock12.xml (RunModel)" time="0.029" />
  <testcase classname="ptolemy.util.test.junit.AutoTests" name="[50] /home/travis/build/icyphy/ptII/ptolemy/actor/lib/test/auto/Clock13.xml (RunModel)" time="0.017" />
  <testcase classname="ptolemy.util.test.junit.AutoTests" name="[51] /home/travis/build/icyphy/ptII/ptolemy/actor/lib/test/auto/Clock14.xml (RunModel)" time="0.017" />
  <testcase classname="ptolemy.util.test.junit.AutoTests" name="[52] /home/travis/build/icyphy/ptII/ptolemy/actor/lib/test/auto/Clock15.xml (RunModel)" time="0.031" />
  <testcase classname="ptolemy.util.test.junit.AutoTests" name="[53] /home/travis/build/icyphy/ptII/ptolemy/actor/lib/test/auto/Clock16.xml (RunModel)" time="0.103" />
  <testcase classname="ptolemy.util.test.junit.AutoTests" name="[54] /home/travis/build/icyphy/ptII/ptolemy/actor/lib/test/auto/Clock17.xml (RunModel)" time="0.05" />
  <testcase classname="ptolemy.util.test.junit.AutoTests" name="[55] /home/travis/build/icyphy/ptII/ptolemy/actor/lib/test/auto/Clock18.xml (RunModel)" time="0.047" />
  <testcase classname="ptolemy.util.test.junit.AutoTests" name="[56] /home/travis/build/icyphy/ptII/ptolemy/actor/lib/test/auto/Clock19.xml (RunModel)" time="0.043" />
  <testcase classname="ptolemy.util.test.junit.AutoTests" name="[57] /home/travis/build/icyphy/ptII/ptolemy/actor/lib/test/auto/Clock2.xml (RunModel)" time="0.014" />
  <testcase classname="ptolemy.util.test.junit.AutoTests" name="[58] /home/travis/build/icyphy/ptII/ptolemy/actor/lib/test/auto/Clock20.xml (RunModel)" time="0.023" />
  <testcase classname="ptolemy.util.test.junit.AutoTests" name="[59] /home/travis/build/icyphy/ptII/ptolemy/actor/lib/test/auto/Clock21.xml (RunModel)" time="0.016" />
  <testcase classname="ptolemy.util.test.junit.AutoTests" name="[60] /home/travis/build/icyphy/ptII/ptolemy/actor/lib/test/auto/Clock22.xml (RunModel)" time="0.015" />
  <testcase classname="ptolemy.util.test.junit.AutoTests" name="[61] /home/travis/build/icyphy/ptII/ptolemy/actor/lib/test/auto/Clock23.xml (RunModel)" time="0.02" />
  <testcase classname="ptolemy.util.test.junit.AutoTests" name="[62] /home/travis/build/icyphy/ptII/ptolemy/actor/lib/test/auto/Clock24.xml (RunModel)" time="0.017" />
  <testcase classname="ptolemy.util.test.junit.AutoTests" name="[63] /home/travis/build/icyphy/ptII/ptolemy/actor/lib/test/auto/Clock4.xml (RunModel)" time="0.013" />
  <testcase classname="ptolemy.util.test.junit.AutoTests" name="[64] /home/travis/build/icyphy/ptII/ptolemy/actor/lib/test/auto/Clock5.xml (RunModel)" time="0.011" />
  <testcase classname="ptolemy.util.test.junit.AutoTests" name="[65] /home/travis/build/icyphy/ptII/ptolemy/actor/lib/test/auto/Clock6.xml (RunModel)" time="0.015" />
  <testcase classname="ptolemy.util.test.junit.AutoTests" name="[66] /home/travis/build/icyphy/ptII/ptolemy/actor/lib/test/auto/Clock7.xml (RunModel)" time="0.011" />
  <testcase classname="ptolemy.util.test.junit.AutoTests" name="[67] /home/travis/build/icyphy/ptII/ptolemy/actor/lib/test/auto/Clock8.xml (RunModel)" time="0.017" />
  <testcase classname="ptolemy.util.test.junit.AutoTests" name="[68] /home/travis/build/icyphy/ptII/ptolemy/actor/lib/test/auto/Clock9.xml (RunModel)" time="0.017" />
  <testcase classname="ptolemy.util.test.junit.AutoTests" name="[69] /home/travis/build/icyphy/ptII/ptolemy/actor/lib/test/auto/CommDistDiscard.xml (RunModel)" time="0.023" />
  <testcase classname="ptolemy.util.test.junit.AutoTests" name="[70] /home/travis/build/icyphy/ptII/ptolemy/actor/lib/test/auto/Commutator.xml (RunModel)" time="0.018" />
  <testcase classname="ptolemy.util.test.junit.AutoTests" name="[71] /home/travis/build/icyphy/ptII/ptolemy/actor/lib/test/auto/Commutator2.xml (RunModel)" time="0.01" />
  <testcase classname="ptolemy.util.test.junit.AutoTests" name="[72] /home/travis/build/icyphy/ptII/ptolemy/actor/lib/test/auto/Commutator3.xml (RunModel)" time="0.011" />
  <testcase classname="ptolemy.util.test.junit.AutoTests" name="[73] /home/travis/build/icyphy/ptII/ptolemy/actor/lib/test/auto/Compare.xml (RunModel)" time="0.022" />
  <testcase classname="ptolemy.util.test.junit.AutoTests" name="[74] /home/travis/build/icyphy/ptII/ptolemy/actor/lib/test/auto/CompareDE.xml (RunModel)" time="0.021" />
  <testcase classname="ptolemy.util.test.junit.AutoTests" name="[75] /home/travis/build/icyphy/ptII/ptolemy/actor/lib/test/auto/ComplexDivide.xml (RunModel)" time="0.012" />
  <testcase classname="ptolemy.util.test.junit.AutoTests" name="[76] /home/travis/build/icyphy/ptII/ptolemy/actor/lib/test/auto/ComputeHistogram.xml (RunModel)" time="0.066" />
  <testcase classname="ptolemy.util.test.junit.AutoTests" name="[77] /home/travis/build/icyphy/ptII/ptolemy/actor/lib/test/auto/ConfigurationSelect.xml (RunModel)" time="0.053" />
  <testcase classname="ptolemy.util.test.junit.AutoTests" name="[78] /home/travis/build/icyphy/ptII/ptolemy/actor/lib/test/auto/ConfigurationSelect2.xml (RunModel)" time="0.022" />
  <testcase classname="ptolemy.util.test.junit.AutoTests" name="[79] /home/travis/build/icyphy/ptII/ptolemy/actor/lib/test/auto/ConfigurationSwitch.xml (RunModel)" time="0.033" />
  <testcase classname="ptolemy.util.test.junit.AutoTests" name="[80] /home/travis/build/icyphy/ptII/ptolemy/actor/lib/test/auto/ConfigurationSwitch2.xml (RunModel)" time="0.026" />
  <testcase classname="ptolemy.util.test.junit.AutoTests" name="[81] /home/travis/build/icyphy/ptII/ptolemy/actor/lib/test/auto/ConfigurationSwitchCloningBugWithClassRelationGroup.xml (RunModel)" time="0.028" />
  <testcase classname="ptolemy.util.test.junit.AutoTests" name="[82] /home/travis/build/icyphy/ptII/ptolemy/actor/lib/test/auto/ConfigurationSwitchSelectSDF.xml (RunModel)" time="0.019" />
  <testcase classname="ptolemy.util.test.junit.AutoTests" name="[83] /home/travis/build/icyphy/ptII/ptolemy/actor/lib/test/auto/ConfigurationSwitchSelectSDF2.xml (RunModel)" time="0.03" />
  <testcase classname="ptolemy.util.test.junit.AutoTests" name="[84] /home/travis/build/icyphy/ptII/ptolemy/actor/lib/test/auto/Const.xml (RunModel)" time="0.01" />
  <testcase classname="ptolemy.util.test.junit.AutoTests" name="[85] /home/travis/build/icyphy/ptII/ptolemy/actor/lib/test/auto/Const2.xml (RunModel)" time="0.013" />
  <testcase classname="ptolemy.util.test.junit.AutoTests" name="[86] /home/travis/build/icyphy/ptII/ptolemy/actor/lib/test/auto/Const3.xml (RunModel)" time="0.008" />
  <testcase classname="ptolemy.util.test.junit.AutoTests" name="[87] /home/travis/build/icyphy/ptII/ptolemy/actor/lib/test/auto/ConstantPublisherPort1.xml (RunModel)" time="0.029" />
  <testcase classname="ptolemy.util.test.junit.AutoTests" name="[88] /home/travis/build/icyphy/ptII/ptolemy/actor/lib/test/auto/ConstantPublisherPort2.xml (RunModel)" time="0.033" />
  <testcase classname="ptolemy.util.test.junit.AutoTests" name="[89] /home/travis/build/icyphy/ptII/ptolemy/actor/lib/test/auto/ConstantPublisherPort3.xml (RunModel)" time="0.031" />
  <testcase classname="ptolemy.util.test.junit.AutoTests" name="[90] /home/travis/build/icyphy/ptII/ptolemy/actor/lib/test/auto/ConstantPublisherPort4.xml (RunModel)" time="0.021" />
  <testcase classname="ptolemy.util.test.junit.AutoTests" name="[91] /home/travis/build/icyphy/ptII/ptolemy/actor/lib/test/auto/ConstantPublisherPort5.xml (RunModel)" time="0.052" />
  <testcase classname="ptolemy.util.test.junit.AutoTests" name="[92] /home/travis/build/icyphy/ptII/ptolemy/actor/lib/test/auto/ConstantPublisherPort6.xml (RunModel)" time="0.036" />
  <testcase classname="ptolemy.util.test.junit.AutoTests" name="[93] /home/travis/build/icyphy/ptII/ptolemy/actor/lib/test/auto/ConstantPublisherPort7.xml (RunModel)" time="0.035" />
  <testcase classname="ptolemy.util.test.junit.AutoTests" name="[94] /home/travis/build/icyphy/ptII/ptolemy/actor/lib/test/auto/ConstraintMonitor1.xml (RunModel)" time="0.036" />
  <testcase classname="ptolemy.util.test.junit.AutoTests" name="[95] /home/travis/build/icyphy/ptII/ptolemy/actor/lib/test/auto/ConstraintMonitor2.xml (RunModel)" time="0.017" />
  <testcase classname="ptolemy.util.test.junit.AutoTests" name="[96] /home/travis/build/icyphy/ptII/ptolemy/actor/lib/test/auto/ConstraintMonitor3.xml (RunModel)" time="0.017" />
  <testcase classname="ptolemy.util.test.junit.AutoTests" name="[97] /home/travis/build/icyphy/ptII/ptolemy/actor/lib/test/auto/ConstraintMonitor4.xml (RunModel)" time="0.019" />
  <testcase classname="ptolemy.util.test.junit.AutoTests" name="[98] /home/travis/build/icyphy/ptII/ptolemy/actor/lib/test/auto/ConstraintMonitor5.xml (RunModel)" time="0.016" />
  <testcase classname="ptolemy.util.test.junit.AutoTests" name="[99] /home/travis/build/icyphy/ptII/ptolemy/actor/lib/test/auto/ConstraintMonitor6.xml (RunModel)" time="0.016" />
  <testcase classname="ptolemy.util.test.junit.AutoTests" name="[100] /home/travis/build/icyphy/ptII/ptolemy/actor/lib/test/auto/ConstraintMonitor7.xml (RunModel)" time="0.02" />
  <testcase classname="ptolemy.util.test.junit.AutoTests" name="[101] /home/travis/build/icyphy/ptII/ptolemy/actor/lib/test/auto/ConstraintMonitor8.xml (RunModel)" time="0.025" />
  <testcase classname="ptolemy.util.test.junit.AutoTests" name="[102] /home/travis/build/icyphy/ptII/ptolemy/actor/lib/test/auto/Counter.xml (RunModel)" time="0.015" />
  <testcase classname="ptolemy.util.test.junit.AutoTests" name="[103] /home/travis/build/icyphy/ptII/ptolemy/actor/lib/test/auto/CurrentTimeSDF.xml (RunModel)" time="0.01" />
  <testcase classname="ptolemy.util.test.junit.AutoTests" name="[104] /home/travis/build/icyphy/ptII/ptolemy/actor/lib/test/auto/DB.xml (RunModel)" time="0.015" />
  <testcase classname="ptolemy.util.test.junit.AutoTests" name="[105] /home/travis/build/icyphy/ptII/ptolemy/actor/lib/test/auto/DBDE.xml (RunModel)" time="0.016" />
  <testcase classname="ptolemy.util.test.junit.AutoTests" name="[106] /home/travis/build/icyphy/ptII/ptolemy/actor/lib/test/auto/DateConstructor.xml (RunModel)" time="0.091" />
  <testcase classname="ptolemy.util.test.junit.AutoTests" name="[107] /home/travis/build/icyphy/ptII/ptolemy/actor/lib/test/auto/DelayTime.xml (RunModel)" time="0.025" />
  <testcase classname="ptolemy.util.test.junit.AutoTests" name="[108] /home/travis/build/icyphy/ptII/ptolemy/actor/lib/test/auto/Dictionary1.xml (RunModel)" time="0.032" />
  <testcase classname="ptolemy.util.test.junit.AutoTests" name="[109] /home/travis/build/icyphy/ptII/ptolemy/actor/lib/test/auto/Dictionary2.xml (RunModel)" time="0.023" />
  <testcase classname="ptolemy.util.test.junit.AutoTests" name="[110] /home/travis/build/icyphy/ptII/ptolemy/actor/lib/test/auto/Dictionary3.xml (RunModel)" time="0.019" />
  <testcase classname="ptolemy.util.test.junit.AutoTests" name="[111] /home/travis/build/icyphy/ptII/ptolemy/actor/lib/test/auto/Dictionary4.xml (RunModel)" time="0.029" />
  <testcase classname="ptolemy.util.test.junit.AutoTests" name="[112] /home/travis/build/icyphy/ptII/ptolemy/actor/lib/test/auto/Differential.xml (RunModel)" time="0.015" />
  <testcase classname="ptolemy.util.test.junit.AutoTests" name="[113] /home/travis/build/icyphy/ptII/ptolemy/actor/lib/test/auto/Director.xml (RunModel)" time="0.013" />
  <testcase classname="ptolemy.util.test.junit.AutoTests" name="[114] /home/travis/build/icyphy/ptII/ptolemy/actor/lib/test/auto/DiscreteClock.xml (RunModel)" time="0.012" />
  <testcase classname="ptolemy.util.test.junit.AutoTests" name="[115] /home/travis/build/icyphy/ptII/ptolemy/actor/lib/test/auto/DiscreteClock10.xml (RunModel)" time="0.018" />
  <testcase classname="ptolemy.util.test.junit.AutoTests" name="[116] /home/travis/build/icyphy/ptII/ptolemy/actor/lib/test/auto/DiscreteClock11.xml (RunModel)" time="0.016" />
  <testcase classname="ptolemy.util.test.junit.AutoTests" name="[117] /home/travis/build/icyphy/ptII/ptolemy/actor/lib/test/auto/DiscreteClock12.xml (RunModel)" time="0.02" />
  <testcase classname="ptolemy.util.test.junit.AutoTests" name="[118] /home/travis/build/icyphy/ptII/ptolemy/actor/lib/test/auto/DiscreteClock13.xml (RunModel)" time="0.02" />
  <testcase classname="ptolemy.util.test.junit.AutoTests" name="[119] /home/travis/build/icyphy/ptII/ptolemy/actor/lib/test/auto/DiscreteClock14.xml (RunModel)" time="0.02" />
  <testcase classname="ptolemy.util.test.junit.AutoTests" name="[120] /home/travis/build/icyphy/ptII/ptolemy/actor/lib/test/auto/DiscreteClock15.xml (RunModel)" time="0.019" />
  <testcase classname="ptolemy.util.test.junit.AutoTests" name="[121] /home/travis/build/icyphy/ptII/ptolemy/actor/lib/test/auto/DiscreteClock16.xml (RunModel)" time="0.05" />
  <testcase classname="ptolemy.util.test.junit.AutoTests" name="[122] /home/travis/build/icyphy/ptII/ptolemy/actor/lib/test/auto/DiscreteClock17.xml (RunModel)" time="0.041" />
  <testcase classname="ptolemy.util.test.junit.AutoTests" name="[123] /home/travis/build/icyphy/ptII/ptolemy/actor/lib/test/auto/DiscreteClock18.xml (RunModel)" time="0.04" />
  <testcase classname="ptolemy.util.test.junit.AutoTests" name="[124] /home/travis/build/icyphy/ptII/ptolemy/actor/lib/test/auto/DiscreteClock19.xml (RunModel)" time="0.043" />
  <testcase classname="ptolemy.util.test.junit.AutoTests" name="[125] /home/travis/build/icyphy/ptII/ptolemy/actor/lib/test/auto/DiscreteClock2.xml (RunModel)" time="0.015" />
  <testcase classname="ptolemy.util.test.junit.AutoTests" name="[126] /home/travis/build/icyphy/ptII/ptolemy/actor/lib/test/auto/DiscreteClock20.xml (RunModel)" time="0.024" />
  <testcase classname="ptolemy.util.test.junit.AutoTests" name="[127] /home/travis/build/icyphy/ptII/ptolemy/actor/lib/test/auto/DiscreteClock21.xml (RunModel)" time="0.021" />
  <testcase classname="ptolemy.util.test.junit.AutoTests" name="[128] /home/travis/build/icyphy/ptII/ptolemy/actor/lib/test/auto/DiscreteClock22.xml (RunModel)" time="0.037" />
  <testcase classname="ptolemy.util.test.junit.AutoTests" name="[129] /home/travis/build/icyphy/ptII/ptolemy/actor/lib/test/auto/DiscreteClock23.xml (RunModel)" time="0.028" />
  <testcase classname="ptolemy.util.test.junit.AutoTests" name="[130] /home/travis/build/icyphy/ptII/ptolemy/actor/lib/test/auto/DiscreteClock24.xml (RunModel)" time="0.018" />
  <testcase classname="ptolemy.util.test.junit.AutoTests" name="[131] /home/travis/build/icyphy/ptII/ptolemy/actor/lib/test/auto/DiscreteClock4.xml (RunModel)" time="0.014" />
  <testcase classname="ptolemy.util.test.junit.AutoTests" name="[132] /home/travis/build/icyphy/ptII/ptolemy/actor/lib/test/auto/DiscreteClock5.xml (RunModel)" time="0.011" />
  <testcase classname="ptolemy.util.test.junit.AutoTests" name="[133] /home/travis/build/icyphy/ptII/ptolemy/actor/lib/test/auto/DiscreteClock6.xml (RunModel)" time="0.008" />
  <testcase classname="ptolemy.util.test.junit.AutoTests" name="[134] /home/travis/build/icyphy/ptII/ptolemy/actor/lib/test/auto/DiscreteClock7.xml (RunModel)" time="0.011" />
  <testcase classname="ptolemy.util.test.junit.AutoTests" name="[135] /home/travis/build/icyphy/ptII/ptolemy/actor/lib/test/auto/DiscreteClock8.xml (RunModel)" time="0.03" />
  <testcase classname="ptolemy.util.test.junit.AutoTests" name="[136] /home/travis/build/icyphy/ptII/ptolemy/actor/lib/test/auto/DiscreteClock9.xml (RunModel)" time="0.016" />
  <testcase classname="ptolemy.util.test.junit.AutoTests" name="[137] /home/travis/build/icyphy/ptII/ptolemy/actor/lib/test/auto/DisplayArray.xml (RunModel)" time="0.01" />
  <testcase classname="ptolemy.util.test.junit.AutoTests" name="[138] /home/travis/build/icyphy/ptII/ptolemy/actor/lib/test/auto/Distributor.xml (RunModel)" time="0.011" />
  <testcase classname="ptolemy.util.test.junit.AutoTests" name="[139] /home/travis/build/icyphy/ptII/ptolemy/actor/lib/test/auto/Distributor2.xml (RunModel)" time="0.011" />
  <testcase classname="ptolemy.util.test.junit.AutoTests" name="[140] /home/travis/build/icyphy/ptII/ptolemy/actor/lib/test/auto/DownSample.xml (RunModel)" time="0.011" />
  <testcase classname="ptolemy.util.test.junit.AutoTests" name="[141] /home/travis/build/icyphy/ptII/ptolemy/actor/lib/test/auto/ElectronicUnitBase1.xml (RunModel)" time="0.064" />
  <testcase classname="ptolemy.util.test.junit.AutoTests" name="[142] /home/travis/build/icyphy/ptII/ptolemy/actor/lib/test/auto/ElementsToArray.xml (RunModel)" time="0.011" />
  <testcase classname="ptolemy.util.test.junit.AutoTests" name="[143] /home/travis/build/icyphy/ptII/ptolemy/actor/lib/test/auto/Equals.xml (RunModel)" time="0.018" />
  <testcase classname="ptolemy.util.test.junit.AutoTests" name="[144] /home/travis/build/icyphy/ptII/ptolemy/actor/lib/test/auto/Exec.xml (RunModel)" time="0.027" />
  <testcase classname="ptolemy.util.test.junit.AutoTests" name="[145] /home/travis/build/icyphy/ptII/ptolemy/actor/lib/test/auto/ExecEnvironment.xml (RunModel)" time="0.038" />
  <testcase classname="ptolemy.util.test.junit.AutoTests" name="[146] /home/travis/build/icyphy/ptII/ptolemy/actor/lib/test/auto/ExecNonZeroReturnOutput.xml (RunModel)" time="0.194" />
  <testcase classname="ptolemy.util.test.junit.AutoTests" name="[147] /home/travis/build/icyphy/ptII/ptolemy/actor/lib/test/auto/ExecRunDemos.xml (RunModel)" time="10.858" />
  <testcase classname="ptolemy.util.test.junit.AutoTests" name="[148] /home/travis/build/icyphy/ptII/ptolemy/actor/lib/test/auto/ExecStop.xml (RunModel)" time="5.043" />
  <testcase classname="ptolemy.util.test.junit.AutoTests" name="[149] /home/travis/build/icyphy/ptII/ptolemy/actor/lib/test/auto/ExecutionTimeSDF.xml (RunModel)" time="6.034" />
  <testcase classname="ptolemy.util.test.junit.AutoTests" name="[150] /home/travis/build/icyphy/ptII/ptolemy/actor/lib/test/auto/Expression1.xml (RunModel)" time="0.012" />
  <testcase classname="ptolemy.util.test.junit.AutoTests" name="[151] /home/travis/build/icyphy/ptII/ptolemy/actor/lib/test/auto/Expression10.xml (RunModel)" time="0.022" />
  <testcase classname="ptolemy.util.test.junit.AutoTests" name="[152] /home/travis/build/icyphy/ptII/ptolemy/actor/lib/test/auto/Expression11.xml (RunModel)" time="0.012" />
  <testcase classname="ptolemy.util.test.junit.AutoTests" name="[153] /home/travis/build/icyphy/ptII/ptolemy/actor/lib/test/auto/Expression12.xml (RunModel)" time="0.021" />
  <testcase classname="ptolemy.util.test.junit.AutoTests" name="[154] /home/travis/build/icyphy/ptII/ptolemy/actor/lib/test/auto/Expression13.xml (RunModel)" time="0.034" />
  <testcase classname="ptolemy.util.test.junit.AutoTests" name="[155] /home/travis/build/icyphy/ptII/ptolemy/actor/lib/test/auto/Expression14.xml (RunModel)" time="0.016" />
  <testcase classname="ptolemy.util.test.junit.AutoTests" name="[156] /home/travis/build/icyphy/ptII/ptolemy/actor/lib/test/auto/Expression15.xml (RunModel)" time="0.008" />
  <testcase classname="ptolemy.util.test.junit.AutoTests" name="[157] /home/travis/build/icyphy/ptII/ptolemy/actor/lib/test/auto/Expression16.xml (RunModel)" time="0.014" />
  <testcase classname="ptolemy.util.test.junit.AutoTests" name="[158] /home/travis/build/icyphy/ptII/ptolemy/actor/lib/test/auto/Expression17.xml (RunModel)" time="0.016" />
  <testcase classname="ptolemy.util.test.junit.AutoTests" name="[159] /home/travis/build/icyphy/ptII/ptolemy/actor/lib/test/auto/Expression18.xml (RunModel)" time="0.018" />
  <testcase classname="ptolemy.util.test.junit.AutoTests" name="[160] /home/travis/build/icyphy/ptII/ptolemy/actor/lib/test/auto/Expression2.xml (RunModel)" time="0.013" />
  <testcase classname="ptolemy.util.test.junit.AutoTests" name="[161] /home/travis/build/icyphy/ptII/ptolemy/actor/lib/test/auto/Expression3.xml (RunModel)" time="0.015" />
  <testcase classname="ptolemy.util.test.junit.AutoTests" name="[162] /home/travis/build/icyphy/ptII/ptolemy/actor/lib/test/auto/Expression4.xml (RunModel)" time="0.02" />
  <testcase classname="ptolemy.util.test.junit.AutoTests" name="[163] /home/travis/build/icyphy/ptII/ptolemy/actor/lib/test/auto/Expression5.xml (RunModel)" time="0.012" />
  <testcase classname="ptolemy.util.test.junit.AutoTests" name="[164] /home/travis/build/icyphy/ptII/ptolemy/actor/lib/test/auto/Expression6.xml (RunModel)" time="0.01" />
  <testcase classname="ptolemy.util.test.junit.AutoTests" name="[165] /home/travis/build/icyphy/ptII/ptolemy/actor/lib/test/auto/Expression7.xml (RunModel)" time="0.032" />
  <testcase classname="ptolemy.util.test.junit.AutoTests" name="[166] /home/travis/build/icyphy/ptII/ptolemy/actor/lib/test/auto/Expression8.xml (RunModel)" time="0.019" />
  <testcase classname="ptolemy.util.test.junit.AutoTests" name="[167] /home/travis/build/icyphy/ptII/ptolemy/actor/lib/test/auto/Expression9.xml (RunModel)" time="0.008" />
  <testcase classname="ptolemy.util.test.junit.AutoTests" name="[168] /home/travis/build/icyphy/ptII/ptolemy/actor/lib/test/auto/ExpressionConcatenateArrayType.xml (RunModel)" time="0.026" />
  <testcase classname="ptolemy.util.test.junit.AutoTests" name="[169] /home/travis/build/icyphy/ptII/ptolemy/actor/lib/test/auto/ExpressionConcatenateArrayType2.xml (RunModel)" time="0.023" />
  <testcase classname="ptolemy.util.test.junit.AutoTests" name="[170] /home/travis/build/icyphy/ptII/ptolemy/actor/lib/test/auto/ExpressionFix.xml (RunModel)" time="0.051" />
  <testcase classname="ptolemy.util.test.junit.AutoTests" name="[171] /home/travis/build/icyphy/ptII/ptolemy/actor/lib/test/auto/ExpressionFix2.xml (RunModel)" time="0.013" />
  <testcase classname="ptolemy.util.test.junit.AutoTests" name="[172] /home/travis/build/icyphy/ptII/ptolemy/actor/lib/test/auto/ExpressionFix3.xml (RunModel)" time="0.018" />
  <testcase classname="ptolemy.util.test.junit.AutoTests" name="[173] /home/travis/build/icyphy/ptII/ptolemy/actor/lib/test/auto/FileWriter1.xml (RunModel)" time="0.01" />
  <testcase classname="ptolemy.util.test.junit.AutoTests" name="[174] /home/travis/build/icyphy/ptII/ptolemy/actor/lib/test/auto/FileWriter2.xml (RunModel)" time="0.011" />
  <testcase classname="ptolemy.util.test.junit.AutoTests" name="[175] /home/travis/build/icyphy/ptII/ptolemy/actor/lib/test/auto/FileWriter3.xml (RunModel)" time="0.014" />
  <testcase classname="ptolemy.util.test.junit.AutoTests" name="[176] /home/travis/build/icyphy/ptII/ptolemy/actor/lib/test/auto/Gaussian.xml (RunModel)" time="0.012" />
  <testcase classname="ptolemy.util.test.junit.AutoTests" name="[177] /home/travis/build/icyphy/ptII/ptolemy/actor/lib/test/auto/Gaussian1.xml (RunModel)" time="0.021" />
  <testcase classname="ptolemy.util.test.junit.AutoTests" name="[178] /home/travis/build/icyphy/ptII/ptolemy/actor/lib/test/auto/Gaussian2.xml (RunModel)" time="0.023" />
  <testcase classname="ptolemy.util.test.junit.AutoTests" name="[179] /home/travis/build/icyphy/ptII/ptolemy/actor/lib/test/auto/GradientAdaptiveLattice.xml (RunModel)" time="0.015" />
  <testcase classname="ptolemy.util.test.junit.AutoTests" name="[180] /home/travis/build/icyphy/ptII/ptolemy/actor/lib/test/auto/IIR.xml (RunModel)" time="0.012" />
  <testcase classname="ptolemy.util.test.junit.AutoTests" name="[181] /home/travis/build/icyphy/ptII/ptolemy/actor/lib/test/auto/InputOutputTransparentPorts.xml (RunModel)" time="0.019" />
  <testcase classname="ptolemy.util.test.junit.AutoTests" name="[182] /home/travis/build/icyphy/ptII/ptolemy/actor/lib/test/auto/Interpolator.xml (RunModel)" time="0.012" />
  <testcase classname="ptolemy.util.test.junit.AutoTests" name="[183] /home/travis/build/icyphy/ptII/ptolemy/actor/lib/test/auto/InterpolatorFiringLimitDE.xml (RunModel)" time="0.013" />
  <testcase classname="ptolemy.util.test.junit.AutoTests" name="[184] /home/travis/build/icyphy/ptII/ptolemy/actor/lib/test/auto/Lattice.xml (RunModel)" time="0.009" />
  <testcase classname="ptolemy.util.test.junit.AutoTests" name="[185] /home/travis/build/icyphy/ptII/ptolemy/actor/lib/test/auto/LazyAOCTestLazy.xml (RunModel)" time="0.044" />
  <testcase classname="ptolemy.util.test.junit.AutoTests" name="[186] /home/travis/build/icyphy/ptII/ptolemy/actor/lib/test/auto/LazyAOCTestNonLazy.xml (RunModel)" time="0.047" />
  <testcase classname="ptolemy.util.test.junit.AutoTests" name="[187] /home/travis/build/icyphy/ptII/ptolemy/actor/lib/test/auto/LazyInnerClass.xml (RunModel)" time="0.06" />
  <testcase classname="ptolemy.util.test.junit.AutoTests" name="[188] /home/travis/build/icyphy/ptII/ptolemy/actor/lib/test/auto/LazyPubSub.xml (RunModel)" time="0.054" />
  <testcase classname="ptolemy.util.test.junit.AutoTests" name="[189] /home/travis/build/icyphy/ptII/ptolemy/actor/lib/test/auto/LazyPubSub2.xml (RunModel)" time="0.032" />
  <testcase classname="ptolemy.util.test.junit.AutoTests" name="[190] /home/travis/build/icyphy/ptII/ptolemy/actor/lib/test/auto/LazyPubSub3.xml (RunModel)" time="0.032" />
  <testcase classname="ptolemy.util.test.junit.AutoTests" name="[191] /home/travis/build/icyphy/ptII/ptolemy/actor/lib/test/auto/LazySubClassModel.xml (RunModel)" time="0.023" />
  <testcase classname="ptolemy.util.test.junit.AutoTests" name="[192] /home/travis/build/icyphy/ptII/ptolemy/actor/lib/test/auto/LevelCrossTest1.xml (RunModel)" time="0.011" />
  <testcase classname="ptolemy.util.test.junit.AutoTests" name="[193] /home/travis/build/icyphy/ptII/ptolemy/actor/lib/test/auto/LevelCrossTest10.xml (RunModel)" time="0.018" />
  <testcase classname="ptolemy.util.test.junit.AutoTests" name="[194] /home/travis/build/icyphy/ptII/ptolemy/actor/lib/test/auto/LevelCrossTest11.xml (RunModel)" time="0.018" />
  <testcase classname="ptolemy.util.test.junit.AutoTests" name="[195] /home/travis/build/icyphy/ptII/ptolemy/actor/lib/test/auto/LevelCrossTest12.xml (RunModel)" time="0.02" />
  <testcase classname="ptolemy.util.test.junit.AutoTests" name="[196] /home/travis/build/icyphy/ptII/ptolemy/actor/lib/test/auto/LevelCrossTest13.xml (RunModel)" time="0.021" />
  <testcase classname="ptolemy.util.test.junit.AutoTests" name="[197] /home/travis/build/icyphy/ptII/ptolemy/actor/lib/test/auto/LevelCrossTest2.xml (RunModel)" time="0.013" />
  <testcase classname="ptolemy.util.test.junit.AutoTests" name="[198] /home/travis/build/icyphy/ptII/ptolemy/actor/lib/test/auto/LevelCrossTest3.xml (RunModel)" time="0.015" />
  <testcase classname="ptolemy.util.test.junit.AutoTests" name="[199] /home/travis/build/icyphy/ptII/ptolemy/actor/lib/test/auto/LevelCrossTest4.xml (RunModel)" time="0.014" />
  <testcase classname="ptolemy.util.test.junit.AutoTests" name="[200] /home/travis/build/icyphy/ptII/ptolemy/actor/lib/test/auto/LevelCrossTest5.xml (RunModel)" time="0.02" />
  <testcase classname="ptolemy.util.test.junit.AutoTests" name="[201] /home/travis/build/icyphy/ptII/ptolemy/actor/lib/test/auto/LevelCrossTest6.xml (RunModel)" time="0.02" />
  <testcase classname="ptolemy.util.test.junit.AutoTests" name="[202] /home/travis/build/icyphy/ptII/ptolemy/actor/lib/test/auto/LevelCrossTest7.xml (RunModel)" time="0.019" />
  <testcase classname="ptolemy.util.test.junit.AutoTests" name="[203] /home/travis/build/icyphy/ptII/ptolemy/actor/lib/test/auto/LevelCrossTest8.xml (RunModel)" time="0.017" />
  <testcase classname="ptolemy.util.test.junit.AutoTests" name="[204] /home/travis/build/icyphy/ptII/ptolemy/actor/lib/test/auto/LevelCrossTest9.xml (RunModel)" time="0.017" />
  <testcase classname="ptolemy.util.test.junit.AutoTests" name="[205] /home/travis/build/icyphy/ptII/ptolemy/actor/lib/test/auto/LevinsonDurbin.xml (RunModel)" time="0.018" />
  <testcase classname="ptolemy.util.test.junit.AutoTests" name="[206] /home/travis/build/icyphy/ptII/ptolemy/actor/lib/test/auto/LevinsonDurbin2.xml (RunModel)" time="0.013" />
  <testcase classname="ptolemy.util.test.junit.AutoTests" name="[207] /home/travis/build/icyphy/ptII/ptolemy/actor/lib/test/auto/LevinsonDurbin3.xml (RunModel)" time="0.011" />
  <testcase classname="ptolemy.util.test.junit.AutoTests" name="[208] /home/travis/build/icyphy/ptII/ptolemy/actor/lib/test/auto/Limiter.xml (RunModel)" time="0.046" />
  <testcase classname="ptolemy.util.test.junit.AutoTests" name="[209] /home/travis/build/icyphy/ptII/ptolemy/actor/lib/test/auto/LinearDifferenceEquationSystem.xml (RunModel)" time="0.024" />
  <testcase classname="ptolemy.util.test.junit.AutoTests" name="[210] /home/travis/build/icyphy/ptII/ptolemy/actor/lib/test/auto/LookupTable.xml (RunModel)" time="0.011" />
  <testcase classname="ptolemy.util.test.junit.AutoTests" name="[211] /home/travis/build/icyphy/ptII/ptolemy/actor/lib/test/auto/MathFunction.xml (RunModel)" time="0.035" />
  <testcase classname="ptolemy.util.test.junit.AutoTests" name="[212] /home/travis/build/icyphy/ptII/ptolemy/actor/lib/test/auto/MathFunction2.xml (RunModel)" time="0.024" />
  <testcase classname="ptolemy.util.test.junit.AutoTests" name="[213] /home/travis/build/icyphy/ptII/ptolemy/actor/lib/test/auto/MathFunction3.xml (RunModel)" time="0.02" />
  <testcase classname="ptolemy.util.test.junit.AutoTests" name="[214] /home/travis/build/icyphy/ptII/ptolemy/actor/lib/test/auto/MatrixCropBoolean.xml (RunModel)" time="0.013" />
  <testcase classname="ptolemy.util.test.junit.AutoTests" name="[215] /home/travis/build/icyphy/ptII/ptolemy/actor/lib/test/auto/MatrixCropComplex.xml (RunModel)" time="0.011" />
  <testcase classname="ptolemy.util.test.junit.AutoTests" name="[216] /home/travis/build/icyphy/ptII/ptolemy/actor/lib/test/auto/MatrixCropDouble.xml (RunModel)" time="0.012" />
  <testcase classname="ptolemy.util.test.junit.AutoTests" name="[217] /home/travis/build/icyphy/ptII/ptolemy/actor/lib/test/auto/MatrixCropFix.xml (RunModel)" time="0.016" />
  <testcase classname="ptolemy.util.test.junit.AutoTests" name="[218] /home/travis/build/icyphy/ptII/ptolemy/actor/lib/test/auto/MatrixCropInt.xml (RunModel)" time="0.011" />
  <testcase classname="ptolemy.util.test.junit.AutoTests" name="[219] /home/travis/build/icyphy/ptII/ptolemy/actor/lib/test/auto/MatrixCropLong.xml (RunModel)" time="0.012" />
  <testcase classname="ptolemy.util.test.junit.AutoTests" name="[220] /home/travis/build/icyphy/ptII/ptolemy/actor/lib/test/auto/MatrixToArray.xml (RunModel)" time="0.083" />
  <testcase classname="ptolemy.util.test.junit.AutoTests" name="[221] /home/travis/build/icyphy/ptII/ptolemy/actor/lib/test/auto/MaxIndex.xml (RunModel)" time="0.017" />
  <testcase classname="ptolemy.util.test.junit.AutoTests" name="[222] /home/travis/build/icyphy/ptII/ptolemy/actor/lib/test/auto/Maximum.xml (RunModel)" time="0.018" />
  <testcase classname="ptolemy.util.test.junit.AutoTests" name="[223] /home/travis/build/icyphy/ptII/ptolemy/actor/lib/test/auto/MaximumComplex.xml (RunModel)" time="0.015" />
  <testcase classname="ptolemy.util.test.junit.AutoTests" name="[224] /home/travis/build/icyphy/ptII/ptolemy/actor/lib/test/auto/MethodCallTest.xml (RunModel)" time="0.024" />
  <testcase classname="ptolemy.util.test.junit.AutoTests" name="[225] /home/travis/build/icyphy/ptII/ptolemy/actor/lib/test/auto/Minimum.xml (RunModel)" time="0.015" />
  <testcase classname="ptolemy.util.test.junit.AutoTests" name="[226] /home/travis/build/icyphy/ptII/ptolemy/actor/lib/test/auto/MinimumComplex.xml (RunModel)" time="0.026" />
  <testcase classname="ptolemy.util.test.junit.AutoTests" name="[227] /home/travis/build/icyphy/ptII/ptolemy/actor/lib/test/auto/MinimumMultiports.xml (RunModel)" time="0.017" />
  <testcase classname="ptolemy.util.test.junit.AutoTests" name="[228] /home/travis/build/icyphy/ptII/ptolemy/actor/lib/test/auto/ModifyDate.xml (RunModel)" time="0.045" />
  <testcase classname="ptolemy.util.test.junit.AutoTests" name="[229] /home/travis/build/icyphy/ptII/ptolemy/actor/lib/test/auto/ModifyDate2.xml (RunModel)" time="0.028" />
  <testcase classname="ptolemy.util.test.junit.AutoTests" name="[230] /home/travis/build/icyphy/ptII/ptolemy/actor/lib/test/auto/MovingAverage.xml (RunModel)" time="0.011" />
  <testcase classname="ptolemy.util.test.junit.AutoTests" name="[231] /home/travis/build/icyphy/ptII/ptolemy/actor/lib/test/auto/MovingMaximum.xml (RunModel)" time="0.012" />
  <testcase classname="ptolemy.util.test.junit.AutoTests" name="[232] /home/travis/build/icyphy/ptII/ptolemy/actor/lib/test/auto/MultipleLinksToSameRelation.xml (RunModel)" time="0.008" />
  <testcase classname="ptolemy.util.test.junit.AutoTests" name="[233] /home/travis/build/icyphy/ptII/ptolemy/actor/lib/test/auto/MultipleLinksToSameRelationDE.xml (RunModel)" time="0.008" />
  <testcase classname="ptolemy.util.test.junit.AutoTests" name="[234] /home/travis/build/icyphy/ptII/ptolemy/actor/lib/test/auto/Multiplexor.xml (RunModel)" time="0.011" />
  <testcase classname="ptolemy.util.test.junit.AutoTests" name="[235] /home/travis/build/icyphy/ptII/ptolemy/actor/lib/test/auto/Multiplexor1.xml (RunModel)" time="0.011" />
  <testcase classname="ptolemy.util.test.junit.AutoTests" name="[236] /home/travis/build/icyphy/ptII/ptolemy/actor/lib/test/auto/Multiplexor2.xml (RunModel)" time="0.013" />
  <testcase classname="ptolemy.util.test.junit.AutoTests" name="[237] /home/travis/build/icyphy/ptII/ptolemy/actor/lib/test/auto/Multiplexor3.xml (RunModel)" time="0.009" />
  <testcase classname="ptolemy.util.test.junit.AutoTests" name="[238] /home/travis/build/icyphy/ptII/ptolemy/actor/lib/test/auto/MultiplexorDE.xml (RunModel)" time="0.023" />
  <testcase classname="ptolemy.util.test.junit.AutoTests" name="[239] /home/travis/build/icyphy/ptII/ptolemy/actor/lib/test/auto/MultiportBroadcastTest.xml (RunModel)" time="0.114" />
  <testcase classname="ptolemy.util.test.junit.AutoTests" name="[240] /home/travis/build/icyphy/ptII/ptolemy/actor/lib/test/auto/MultiportOutHangDuringGetWidth.xml (RunModel)" time="0.039" />
  <testcase classname="ptolemy.util.test.junit.AutoTests" name="[241] /home/travis/build/icyphy/ptII/ptolemy/actor/lib/test/auto/NilToken.xml (RunModel)" time="0.011" />
  <testcase classname="ptolemy.util.test.junit.AutoTests" name="[242] /home/travis/build/icyphy/ptII/ptolemy/actor/lib/test/auto/NilTokenNonStrictTest.xml (RunModel)" time="0.011" />
  <testcase classname="ptolemy.util.test.junit.AutoTests" name="[243] /home/travis/build/icyphy/ptII/ptolemy/actor/lib/test/auto/NilTokenRecord.xml (RunModel)" time="0.027" />
  <testcase classname="ptolemy.util.test.junit.AutoTests" name="[244] /home/travis/build/icyphy/ptII/ptolemy/actor/lib/test/auto/NilTokenTypeTest.xml (RunModel)" time="0.03" />
  <testcase classname="ptolemy.util.test.junit.AutoTests" name="[245] /home/travis/build/icyphy/ptII/ptolemy/actor/lib/test/auto/ObjectToken1.xml (RunModel)" time="0.008" />
  <testcase classname="ptolemy.util.test.junit.AutoTests" name="[246] /home/travis/build/icyphy/ptII/ptolemy/actor/lib/test/auto/OrderedMerge.xml (RunModel)" time="0.018" />
  <testcase classname="ptolemy.util.test.junit.AutoTests" name="[247] /home/travis/build/icyphy/ptII/ptolemy/actor/lib/test/auto/OrderedRecordDisassembler.xml (RunModel)" time="0.017" />
  <testcase classname="ptolemy.util.test.junit.AutoTests" name="[248] /home/travis/build/icyphy/ptII/ptolemy/actor/lib/test/auto/OrderedRecordDisassembler2.xml (RunModel)" time="0.019" />
  <testcase classname="ptolemy.util.test.junit.AutoTests" name="[249] /home/travis/build/icyphy/ptII/ptolemy/actor/lib/test/auto/OrderedRecordUpdater.xml (RunModel)" time="0.012" />
  <testcase classname="ptolemy.util.test.junit.AutoTests" name="[250] /home/travis/build/icyphy/ptII/ptolemy/actor/lib/test/auto/OrderedRecordUpdater2.xml (RunModel)" time="0.02" />
  <testcase classname="ptolemy.util.test.junit.AutoTests" name="[251] /home/travis/build/icyphy/ptII/ptolemy/actor/lib/test/auto/PhaseUnwrap.xml (RunModel)" time="0.013" />
  <testcase classname="ptolemy.util.test.junit.AutoTests" name="[252] /home/travis/build/icyphy/ptII/ptolemy/actor/lib/test/auto/PoissonClock.xml (RunModel)" time="0.011" />
  <testcase classname="ptolemy.util.test.junit.AutoTests" name="[253] /home/travis/build/icyphy/ptII/ptolemy/actor/lib/test/auto/PoissonClock2.xml (RunModel)" time="0.009" />
  <testcase classname="ptolemy.util.test.junit.AutoTests" name="[254] /home/travis/build/icyphy/ptII/ptolemy/actor/lib/test/auto/PoissonClock3.xml (RunModel)" time="0.026" />
  <testcase classname="ptolemy.util.test.junit.AutoTests" name="[255] /home/travis/build/icyphy/ptII/ptolemy/actor/lib/test/auto/PubSubWithInitialTokens.xml (RunModel)" time="0.019" />
  <testcase classname="ptolemy.util.test.junit.AutoTests" name="[256] /home/travis/build/icyphy/ptII/ptolemy/actor/lib/test/auto/PubSubWithInitialTokens2.xml (RunModel)" time="0.018" />
  <testcase classname="ptolemy.util.test.junit.AutoTests" name="[257] /home/travis/build/icyphy/ptII/ptolemy/actor/lib/test/auto/PublisherClassNoParameter.xml (RunModel)" time="0.025" />
  <testcase classname="ptolemy.util.test.junit.AutoTests" name="[258] /home/travis/build/icyphy/ptII/ptolemy/actor/lib/test/auto/PublisherClassParameter.xml (RunModel)" time="0.022" />
  <testcase classname="ptolemy.util.test.junit.AutoTests" name="[259] /home/travis/build/icyphy/ptII/ptolemy/actor/lib/test/auto/PublisherNonStrictTest.xml (RunModel)" time="0.015" />
  <testcase classname="ptolemy.util.test.junit.AutoTests" name="[260] /home/travis/build/icyphy/ptII/ptolemy/actor/lib/test/auto/PublisherPort1.xml (RunModel)" time="0.01" />
  <testcase classname="ptolemy.util.test.junit.AutoTests" name="[261] /home/travis/build/icyphy/ptII/ptolemy/actor/lib/test/auto/PublisherPort2.xml (RunModel)" time="0.008" />
  <testcase classname="ptolemy.util.test.junit.AutoTests" name="[262] /home/travis/build/icyphy/ptII/ptolemy/actor/lib/test/auto/PublisherPort3.xml (RunModel)" time="0.022" />
  <testcase classname="ptolemy.util.test.junit.AutoTests" name="[263] /home/travis/build/icyphy/ptII/ptolemy/actor/lib/test/auto/PublisherPort4.xml (RunModel)" time="0.018" />
  <testcase classname="ptolemy.util.test.junit.AutoTests" name="[264] /home/travis/build/icyphy/ptII/ptolemy/actor/lib/test/auto/PublisherPort5.xml (RunModel)" time="0.016" />
  <testcase classname="ptolemy.util.test.junit.AutoTests" name="[265] /home/travis/build/icyphy/ptII/ptolemy/actor/lib/test/auto/PublisherPort5LookAlike.xml (RunModel)" time="0.02" />
  <testcase classname="ptolemy.util.test.junit.AutoTests" name="[266] /home/travis/build/icyphy/ptII/ptolemy/actor/lib/test/auto/PublisherPort6.xml (RunModel)" time="0.012" />
  <testcase classname="ptolemy.util.test.junit.AutoTests" name="[267] /home/travis/build/icyphy/ptII/ptolemy/actor/lib/test/auto/PublisherPort7.xml (RunModel)" time="0.017" />
  <testcase classname="ptolemy.util.test.junit.AutoTests" name="[268] /home/travis/build/icyphy/ptII/ptolemy/actor/lib/test/auto/PublisherPort8.xml (RunModel)" time="0.026" />
  <testcase classname="ptolemy.util.test.junit.AutoTests" name="[269] /home/travis/build/icyphy/ptII/ptolemy/actor/lib/test/auto/PublisherPortSubscriberChannelVariablesAOC2.xml (RunModel)" time="0.066" />
  <testcase classname="ptolemy.util.test.junit.AutoTests" name="[270] /home/travis/build/icyphy/ptII/ptolemy/actor/lib/test/auto/PublisherPortSubscriberOpaqueWidthInference.xml (RunModel)" time="0.02" />
  <testcase classname="ptolemy.util.test.junit.AutoTests" name="[271] /home/travis/build/icyphy/ptII/ptolemy/actor/lib/test/auto/PublisherPortSubscriberPortAdjacent.xml (RunModel)" time="0.018" />
  <testcase classname="ptolemy.util.test.junit.AutoTests" name="[272] /home/travis/build/icyphy/ptII/ptolemy/actor/lib/test/auto/PublisherPortSubscriberPortExpression.xml (RunModel)" time="0.014" />
  <testcase classname="ptolemy.util.test.junit.AutoTests" name="[273] /home/travis/build/icyphy/ptII/ptolemy/actor/lib/test/auto/PublisherPortSubscriberPortOpaqueD3Reverse.xml (RunModel)" time="0.018" />
  <testcase classname="ptolemy.util.test.junit.AutoTests" name="[274] /home/travis/build/icyphy/ptII/ptolemy/actor/lib/test/auto/PublisherPortSubscriberPortOpaqueWidthInference.xml (RunModel)" time="0.014" />
  <testcase classname="ptolemy.util.test.junit.AutoTests" name="[275] /home/travis/build/icyphy/ptII/ptolemy/actor/lib/test/auto/PublisherPortToplevelSubscriberPortAOC.xml (RunModel)" time="0.011" />
  <testcase classname="ptolemy.util.test.junit.AutoTests" name="[276] /home/travis/build/icyphy/ptII/ptolemy/actor/lib/test/auto/PublisherSubscriber.xml (RunModel)" time="0.013" />
  <testcase classname="ptolemy.util.test.junit.AutoTests" name="[277] /home/travis/build/icyphy/ptII/ptolemy/actor/lib/test/auto/PublisherSubscriber10.xml (RunModel)" time="0.022" />
  <testcase classname="ptolemy.util.test.junit.AutoTests" name="[278] /home/travis/build/icyphy/ptII/ptolemy/actor/lib/test/auto/PublisherSubscriber10InitialOutputs.xml (RunModel)" time="0.027" />
  <testcase classname="ptolemy.util.test.junit.AutoTests" name="[279] /home/travis/build/icyphy/ptII/ptolemy/actor/lib/test/auto/PublisherSubscriber11.xml (RunModel)" time="0.023" />
  <testcase classname="ptolemy.util.test.junit.AutoTests" name="[280] /home/travis/build/icyphy/ptII/ptolemy/actor/lib/test/auto/PublisherSubscriber12.xml (RunModel)" time="0.014" />
  <testcase classname="ptolemy.util.test.junit.AutoTests" name="[281] /home/travis/build/icyphy/ptII/ptolemy/actor/lib/test/auto/PublisherSubscriber13.xml (RunModel)" time="0.009" />
  <testcase classname="ptolemy.util.test.junit.AutoTests" name="[282] /home/travis/build/icyphy/ptII/ptolemy/actor/lib/test/auto/PublisherSubscriber14.xml (RunModel)" time="0.021" />
  <testcase classname="ptolemy.util.test.junit.AutoTests" name="[283] /home/travis/build/icyphy/ptII/ptolemy/actor/lib/test/auto/PublisherSubscriber2.xml (RunModel)" time="0.011" />
  <testcase classname="ptolemy.util.test.junit.AutoTests" name="[284] /home/travis/build/icyphy/ptII/ptolemy/actor/lib/test/auto/PublisherSubscriber3.xml (RunModel)" time="0.009" />
  <testcase classname="ptolemy.util.test.junit.AutoTests" name="[285] /home/travis/build/icyphy/ptII/ptolemy/actor/lib/test/auto/PublisherSubscriber4.xml (RunModel)" time="0.017" />
  <testcase classname="ptolemy.util.test.junit.AutoTests" name="[286] /home/travis/build/icyphy/ptII/ptolemy/actor/lib/test/auto/PublisherSubscriber5.xml (RunModel)" time="0.012" />
  <testcase classname="ptolemy.util.test.junit.AutoTests" name="[287] /home/travis/build/icyphy/ptII/ptolemy/actor/lib/test/auto/PublisherSubscriber6.xml (RunModel)" time="0.016" />
  <testcase classname="ptolemy.util.test.junit.AutoTests" name="[288] /home/travis/build/icyphy/ptII/ptolemy/actor/lib/test/auto/PublisherSubscriber7.xml (RunModel)" time="0.018" />
  <testcase classname="ptolemy.util.test.junit.AutoTests" name="[289] /home/travis/build/icyphy/ptII/ptolemy/actor/lib/test/auto/PublisherSubscriber8.xml (RunModel)" time="0.033" />
  <testcase classname="ptolemy.util.test.junit.AutoTests" name="[290] /home/travis/build/icyphy/ptII/ptolemy/actor/lib/test/auto/PublisherSubscriber9.xml (RunModel)" time="0.019" />
  <testcase classname="ptolemy.util.test.junit.AutoTests" name="[291] /home/travis/build/icyphy/ptII/ptolemy/actor/lib/test/auto/PublisherSubscriberAdjacent.xml (RunModel)" time="0.016" />
  <testcase classname="ptolemy.util.test.junit.AutoTests" name="[292] /home/travis/build/icyphy/ptII/ptolemy/actor/lib/test/auto/PublisherSubscriberChannelVariablesAOC2.xml (RunModel)" time="0.024" />
  <testcase classname="ptolemy.util.test.junit.AutoTests" name="[293] /home/travis/build/icyphy/ptII/ptolemy/actor/lib/test/auto/PublisherSubscriberD3.xml (RunModel)" time="0.013" />
  <testcase classname="ptolemy.util.test.junit.AutoTests" name="[294] /home/travis/build/icyphy/ptII/ptolemy/actor/lib/test/auto/PublisherSubscriberD3Reverse.xml (RunModel)" time="0.011" />
  <testcase classname="ptolemy.util.test.junit.AutoTests" name="[295] /home/travis/build/icyphy/ptII/ptolemy/actor/lib/test/auto/PublisherSubscriberExpression.xml (RunModel)" time="0.018" />
  <testcase classname="ptolemy.util.test.junit.AutoTests" name="[296] /home/travis/build/icyphy/ptII/ptolemy/actor/lib/test/auto/PublisherSubscriberOpaque.xml (RunModel)" time="0.014" />
  <testcase classname="ptolemy.util.test.junit.AutoTests" name="[297] /home/travis/build/icyphy/ptII/ptolemy/actor/lib/test/auto/PublisherSubscriberOpaqueD3.xml (RunModel)" time="0.022" />
  <testcase classname="ptolemy.util.test.junit.AutoTests" name="[298] /home/travis/build/icyphy/ptII/ptolemy/actor/lib/test/auto/PublisherSubscriberOpaqueD3Reverse.xml (RunModel)" time="0.021" />
  <testcase classname="ptolemy.util.test.junit.AutoTests" name="[299] /home/travis/build/icyphy/ptII/ptolemy/actor/lib/test/auto/PublisherSubscriberOpaqueWidthInference.xml (RunModel)" time="0.017" />
  <testcase classname="ptolemy.util.test.junit.AutoTests" name="[300] /home/travis/build/icyphy/ptII/ptolemy/actor/lib/test/auto/PublisherTestSubscriber.xml (RunModel)" time="0.015" />
  <testcase classname="ptolemy.util.test.junit.AutoTests" name="[301] /home/travis/build/icyphy/ptII/ptolemy/actor/lib/test/auto/PublisherToplevelSubscriberPortAOC.xml (RunModel)" time="0.012" />
  <testcase classname="ptolemy.util.test.junit.AutoTests" name="[302] /home/travis/build/icyphy/ptII/ptolemy/actor/lib/test/auto/PulseFiringLimitDE.xml (RunModel)" time="0.016" />
  <testcase classname="ptolemy.util.test.junit.AutoTests" name="[303] /home/travis/build/icyphy/ptII/ptolemy/actor/lib/test/auto/Ramp1.xml (RunModel)" time="0.007" />
  <testcase classname="ptolemy.util.test.junit.AutoTests" name="[304] /home/travis/build/icyphy/ptII/ptolemy/actor/lib/test/auto/RampFiringLimitDE.xml (RunModel)" time="0.011" />
  <testcase classname="ptolemy.util.test.junit.AutoTests" name="[305] /home/travis/build/icyphy/ptII/ptolemy/actor/lib/test/auto/RampFiringLimitSDF.xml (RunModel)" time="0.011" />
  <testcase classname="ptolemy.util.test.junit.AutoTests" name="[306] /home/travis/build/icyphy/ptII/ptolemy/actor/lib/test/auto/RandomInteger.xml (RunModel)" time="0.009" />
  <testcase classname="ptolemy.util.test.junit.AutoTests" name="[307] /home/travis/build/icyphy/ptII/ptolemy/actor/lib/test/auto/ReadFile1.xml (RunModel)" time="0.009" />
  <testcase classname="ptolemy.util.test.junit.AutoTests" name="[308] /home/travis/build/icyphy/ptII/ptolemy/actor/lib/test/auto/ReadFile2.xml (RunModel)" time="0.007" />
  <testcase classname="ptolemy.util.test.junit.AutoTests" name="[309] /home/travis/build/icyphy/ptII/ptolemy/actor/lib/test/auto/Reader.xml (RunModel)" time="0.01" />
  <testcase classname="ptolemy.util.test.junit.AutoTests" name="[310] /home/travis/build/icyphy/ptII/ptolemy/actor/lib/test/auto/RecordAssemblerDisplayNameTest.xml (RunModel)" time="3.409" />
  <testcase classname="ptolemy.util.test.junit.AutoTests" name="[311] /home/travis/build/icyphy/ptII/ptolemy/actor/lib/test/auto/RecordAssemblerTypeError.xml (RunModel)" time="0.024" />
  <testcase classname="ptolemy.util.test.junit.AutoTests" name="[312] /home/travis/build/icyphy/ptII/ptolemy/actor/lib/test/auto/RecordDisassember.xml (RunModel)" time="0.016" />
  <testcase classname="ptolemy.util.test.junit.AutoTests" name="[313] /home/travis/build/icyphy/ptII/ptolemy/actor/lib/test/auto/RecordDisassemberDisplayNameTest.xml (RunModel)" time="0.025" />
  <testcase classname="ptolemy.util.test.junit.AutoTests" name="[314] /home/travis/build/icyphy/ptII/ptolemy/actor/lib/test/auto/RecordDisassembler.xml (RunModel)" time="0.009" />
  <testcase classname="ptolemy.util.test.junit.AutoTests" name="[315] /home/travis/build/icyphy/ptII/ptolemy/actor/lib/test/auto/RecordDisassembler2.xml (RunModel)" time="0.011" />
  <testcase classname="ptolemy.util.test.junit.AutoTests" name="[316] /home/travis/build/icyphy/ptII/ptolemy/actor/lib/test/auto/RecordUpdater.xml (RunModel)" time="0.009" />
  <testcase classname="ptolemy.util.test.junit.AutoTests" name="[317] /home/travis/build/icyphy/ptII/ptolemy/actor/lib/test/auto/RecordUpdater2.xml (RunModel)" time="0.009" />
  <testcase classname="ptolemy.util.test.junit.AutoTests" name="[318] /home/travis/build/icyphy/ptII/ptolemy/actor/lib/test/auto/RecursiveLattice.xml (RunModel)" time="0.008" />
  <testcase classname="ptolemy.util.test.junit.AutoTests" name="[319] /home/travis/build/icyphy/ptII/ptolemy/actor/lib/test/auto/Router.xml (RunModel)" time="3.026" />
  <testcase classname="ptolemy.util.test.junit.AutoTests" name="[320] /home/travis/build/icyphy/ptII/ptolemy/actor/lib/test/auto/Router2.xml (RunModel)" time="3.028" />
  <testcase classname="ptolemy.util.test.junit.AutoTests" name="[321] /home/travis/build/icyphy/ptII/ptolemy/actor/lib/test/auto/RunningMaximum.xml (RunModel)" time="0.021" />
  <testcase classname="ptolemy.util.test.junit.AutoTests" name="[322] /home/travis/build/icyphy/ptII/ptolemy/actor/lib/test/auto/RunningMinimum.xml (RunModel)" time="0.011" />
  <testcase classname="ptolemy.util.test.junit.AutoTests" name="[323] /home/travis/build/icyphy/ptII/ptolemy/actor/lib/test/auto/Scale.xml (RunModel)" time="0.025" />
  <testcase classname="ptolemy.util.test.junit.AutoTests" name="[324] /home/travis/build/icyphy/ptII/ptolemy/actor/lib/test/auto/Scale2.xml (RunModel)" time="0.012" />
  <testcase classname="ptolemy.util.test.junit.AutoTests" name="[325] /home/travis/build/icyphy/ptII/ptolemy/actor/lib/test/auto/Scale3.xml (RunModel)" time="0.013" />
  <testcase classname="ptolemy.util.test.junit.AutoTests" name="[326] /home/travis/build/icyphy/ptII/ptolemy/actor/lib/test/auto/ScaleArray.xml (RunModel)" time="0.008" />
  <testcase classname="ptolemy.util.test.junit.AutoTests" name="[327] /home/travis/build/icyphy/ptII/ptolemy/actor/lib/test/auto/ScaleArray2.xml (RunModel)" time="0.007" />
  <testcase classname="ptolemy.util.test.junit.AutoTests" name="[328] /home/travis/build/icyphy/ptII/ptolemy/actor/lib/test/auto/ScaleMatrix.xml (RunModel)" time="0.149" />
  <testcase classname="ptolemy.util.test.junit.AutoTests" name="[329] /home/travis/build/icyphy/ptII/ptolemy/actor/lib/test/auto/Select.xml (RunModel)" time="0.02" />
  <testcase classname="ptolemy.util.test.junit.AutoTests" name="[330] /home/travis/build/icyphy/ptII/ptolemy/actor/lib/test/auto/Select2.xml (RunModel)" time="0.009" />
  <testcase classname="ptolemy.util.test.junit.AutoTests" name="[331] /home/travis/build/icyphy/ptII/ptolemy/actor/lib/test/auto/SequenceToArray2.xml (RunModel)" time="0.129" />
  <testcase classname="ptolemy.util.test.junit.AutoTests" name="[332] /home/travis/build/icyphy/ptII/ptolemy/actor/lib/test/auto/SequentialClock.xml (RunModel)" time="0.007" />
  <testcase classname="ptolemy.util.test.junit.AutoTests" name="[333] /home/travis/build/icyphy/ptII/ptolemy/actor/lib/test/auto/SetVariable.xml (RunModel)" time="0.011" />
  <testcase classname="ptolemy.util.test.junit.AutoTests" name="[334] /home/travis/build/icyphy/ptII/ptolemy/actor/lib/test/auto/SetVariable2.xml (RunModel)" time="0.008" />
  <testcase classname="ptolemy.util.test.junit.AutoTests" name="[335] /home/travis/build/icyphy/ptII/ptolemy/actor/lib/test/auto/SetVariable3.xml (RunModel)" time="0.04" />
  <testcase classname="ptolemy.util.test.junit.AutoTests" name="[336] /home/travis/build/icyphy/ptII/ptolemy/actor/lib/test/auto/SetVariable4.xml (RunModel)" time="0.029" />
  <testcase classname="ptolemy.util.test.junit.AutoTests" name="[337] /home/travis/build/icyphy/ptII/ptolemy/actor/lib/test/auto/SetVariable5.xml (RunModel)" time="0.036" />
  <testcase classname="ptolemy.util.test.junit.AutoTests" name="[338] /home/travis/build/icyphy/ptII/ptolemy/actor/lib/test/auto/Sinewave.xml (RunModel)" time="0.03" />
  <testcase classname="ptolemy.util.test.junit.AutoTests" name="[339] /home/travis/build/icyphy/ptII/ptolemy/actor/lib/test/auto/Sinewave2.xml (RunModel)" time="0.016" />
  <testcase classname="ptolemy.util.test.junit.AutoTests" name="[340] /home/travis/build/icyphy/ptII/ptolemy/actor/lib/test/auto/Sinewave3.xml (RunModel)" time="0.021" />
  <testcase classname="ptolemy.util.test.junit.AutoTests" name="[341] /home/travis/build/icyphy/ptII/ptolemy/actor/lib/test/auto/SingleEvent.xml (RunModel)" time="0.01" />
  <testcase classname="ptolemy.util.test.junit.AutoTests" name="[342] /home/travis/build/icyphy/ptII/ptolemy/actor/lib/test/auto/Sleep.xml (RunModel)" time="6.02" />
  <testcase classname="ptolemy.util.test.junit.AutoTests" name="[343] /home/travis/build/icyphy/ptII/ptolemy/actor/lib/test/auto/SleepMultipleFire.xml (RunModel)" time="1.021" />
  <testcase classname="ptolemy.util.test.junit.AutoTests" name="[344] /home/travis/build/icyphy/ptII/ptolemy/actor/lib/test/auto/StopDE.xml (RunModel)" time="0.023" />
  <testcase classname="ptolemy.util.test.junit.AutoTests" name="[345] /home/travis/build/icyphy/ptII/ptolemy/actor/lib/test/auto/StopSDF.xml (RunModel)" time="0.012" />
  <testcase classname="ptolemy.util.test.junit.AutoTests" name="[346] /home/travis/build/icyphy/ptII/ptolemy/actor/lib/test/auto/StringConstant.xml (RunModel)" time="0.017" />
  <testcase classname="ptolemy.util.test.junit.AutoTests" name="[347] /home/travis/build/icyphy/ptII/ptolemy/actor/lib/test/auto/SubscriberPortInitialValues1.xml (RunModel)" time="0.024" />
  <testcase classname="ptolemy.util.test.junit.AutoTests" name="[348] /home/travis/build/icyphy/ptII/ptolemy/actor/lib/test/auto/SubscriberPortInitialValues13.xml (RunModel)" time="0.026" />
  <testcase classname="ptolemy.util.test.junit.AutoTests" name="[349] /home/travis/build/icyphy/ptII/ptolemy/actor/lib/test/auto/SubscriberPortInitialValues14.xml (RunModel)" time="0.017" />
  <testcase classname="ptolemy.util.test.junit.AutoTests" name="[350] /home/travis/build/icyphy/ptII/ptolemy/actor/lib/test/auto/SubscriberPortInitialValues2.xml (RunModel)" time="0.016" />
  <testcase classname="ptolemy.util.test.junit.AutoTests" name="[351] /home/travis/build/icyphy/ptII/ptolemy/actor/lib/test/auto/SubscriberPortInitialValues3.xml (RunModel)" time="0.02" />
  <testcase classname="ptolemy.util.test.junit.AutoTests" name="[352] /home/travis/build/icyphy/ptII/ptolemy/actor/lib/test/auto/SubscriptionAggregator.xml (RunModel)" time="0.011" />
  <testcase classname="ptolemy.util.test.junit.AutoTests" name="[353] /home/travis/build/icyphy/ptII/ptolemy/actor/lib/test/auto/SubscriptionAggregator2.xml (RunModel)" time="0.01" />
  <testcase classname="ptolemy.util.test.junit.AutoTests" name="[354] /home/travis/build/icyphy/ptII/ptolemy/actor/lib/test/auto/SubscriptionAggregator3.xml (RunModel)" time="0.015" />
  <testcase classname="ptolemy.util.test.junit.AutoTests" name="[355] /home/travis/build/icyphy/ptII/ptolemy/actor/lib/test/auto/SubscriptionAggregatorMultiply.xml (RunModel)" time="0.02" />
  <testcase classname="ptolemy.util.test.junit.AutoTests" name="[356] /home/travis/build/icyphy/ptII/ptolemy/actor/lib/test/auto/SubscriptionAggregatorPortMultiply1.xml (RunModel)" time="0.02" />
  <testcase classname="ptolemy.util.test.junit.AutoTests" name="[357] /home/travis/build/icyphy/ptII/ptolemy/actor/lib/test/auto/Switch.xml (RunModel)" time="0.02" />
  <testcase classname="ptolemy.util.test.junit.AutoTests" name="[358] /home/travis/build/icyphy/ptII/ptolemy/actor/lib/test/auto/Switch2.xml (RunModel)" time="0.013" />
  <testcase classname="ptolemy.util.test.junit.AutoTests" name="[359] /home/travis/build/icyphy/ptII/ptolemy/actor/lib/test/auto/SwitchDE.xml (RunModel)" time="0.015" />
  <testcase classname="ptolemy.util.test.junit.AutoTests" name="[360] /home/travis/build/icyphy/ptII/ptolemy/actor/lib/test/auto/SynchronizerDE.xml (RunModel)" time="0.021" />
  <testcase classname="ptolemy.util.test.junit.AutoTests" name="[361] /home/travis/build/icyphy/ptII/ptolemy/actor/lib/test/auto/Test.xml (RunModel)" time="0.016" />
  <testcase classname="ptolemy.util.test.junit.AutoTests" name="[362] /home/travis/build/icyphy/ptII/ptolemy/actor/lib/test/auto/TestExceptionAttribute1.xml (RunModel)" time="0.011" />
  <testcase classname="ptolemy.util.test.junit.AutoTests" name="[363] /home/travis/build/icyphy/ptII/ptolemy/actor/lib/test/auto/TestExceptionAttribute2.xml (RunModel)" time="0.008" />
  <testcase classname="ptolemy.util.test.junit.AutoTests" name="[364] /home/travis/build/icyphy/ptII/ptolemy/actor/lib/test/auto/TestExceptionAttribute3.xml (RunModel)" time="0.013" />
  <testcase classname="ptolemy.util.test.junit.AutoTests" name="[365] /home/travis/build/icyphy/ptII/ptolemy/actor/lib/test/auto/TestExceptionAttribute4.xml (RunModel)" time="0.008" />
  <testcase classname="ptolemy.util.test.junit.AutoTests" name="[366] /home/travis/build/icyphy/ptII/ptolemy/actor/lib/test/auto/TestExceptionHandler1.xml (RunModel)" time="0.009" />
  <testcase classname="ptolemy.util.test.junit.AutoTests" name="[367] /home/travis/build/icyphy/ptII/ptolemy/actor/lib/test/auto/TestExceptionHandler2.xml (RunModel)" time="0.013" />
  <testcase classname="ptolemy.util.test.junit.AutoTests" name="[368] /home/travis/build/icyphy/ptII/ptolemy/actor/lib/test/auto/TestExceptionHandler3.xml (RunModel)" time="0.006" />
  <testcase classname="ptolemy.util.test.junit.AutoTests" name="[369] /home/travis/build/icyphy/ptII/ptolemy/actor/lib/test/auto/TestExceptionHandler4.xml (RunModel)" time="0.007" />
  <testcase classname="ptolemy.util.test.junit.AutoTests" name="[370] /home/travis/build/icyphy/ptII/ptolemy/actor/lib/test/auto/TestRequireCorrectOrder.xml (RunModel)" time="0.01" />
  <testcase classname="ptolemy.util.test.junit.AutoTests" name="[371] /home/travis/build/icyphy/ptII/ptolemy/actor/lib/test/auto/TestSimple.xml (RunModel)" time="0.007" />
  <testcase classname="ptolemy.util.test.junit.AutoTests" name="[372] /home/travis/build/icyphy/ptII/ptolemy/actor/lib/test/auto/ThrowModelError.xml (RunModel)" time="0.011" />
  <testcase classname="ptolemy.util.test.junit.AutoTests" name="[373] /home/travis/build/icyphy/ptII/ptolemy/actor/lib/test/auto/TimeDelayMicrosteps.xml (RunModel)" time="0.014" />
  <testcase classname="ptolemy.util.test.junit.AutoTests" name="[374] /home/travis/build/icyphy/ptII/ptolemy/actor/lib/test/auto/TimeDelayMicrosteps2.xml (RunModel)" time="0.017" />
  <testcase classname="ptolemy.util.test.junit.AutoTests" name="[375] /home/travis/build/icyphy/ptII/ptolemy/actor/lib/test/auto/TimeDelayMicrosteps3.xml (RunModel)" time="0.012" />
  <testcase classname="ptolemy.util.test.junit.AutoTests" name="[376] /home/travis/build/icyphy/ptII/ptolemy/actor/lib/test/auto/TimeDelayVariableMicrosteps.xml (RunModel)" time="0.014" />
  <testcase classname="ptolemy.util.test.junit.AutoTests" name="[377] /home/travis/build/icyphy/ptII/ptolemy/actor/lib/test/auto/TimeGap.xml (RunModel)" time="0.015" />
  <testcase classname="ptolemy.util.test.junit.AutoTests" name="[378] /home/travis/build/icyphy/ptII/ptolemy/actor/lib/test/auto/TimeGap2.xml (RunModel)" time="0.011" />
  <testcase classname="ptolemy.util.test.junit.AutoTests" name="[379] /home/travis/build/icyphy/ptII/ptolemy/actor/lib/test/auto/TimedSinewave.xml (RunModel)" time="0.047" />
  <testcase classname="ptolemy.util.test.junit.AutoTests" name="[380] /home/travis/build/icyphy/ptII/ptolemy/actor/lib/test/auto/TimedSinewavePhase.xml (RunModel)" time="0.032" />
  <testcase classname="ptolemy.util.test.junit.AutoTests" name="[381] /home/travis/build/icyphy/ptII/ptolemy/actor/lib/test/auto/Timer.xml (RunModel)" time="0.016" />
  <testcase classname="ptolemy.util.test.junit.AutoTests" name="[382] /home/travis/build/icyphy/ptII/ptolemy/actor/lib/test/auto/TriangularDistTestModel.xml (RunModel)" time="0.017" />
  <testcase classname="ptolemy.util.test.junit.AutoTests" name="[383] /home/travis/build/icyphy/ptII/ptolemy/actor/lib/test/auto/TrigFunction.xml (RunModel)" time="0.01" />
  <testcase classname="ptolemy.util.test.junit.AutoTests" name="[384] /home/travis/build/icyphy/ptII/ptolemy/actor/lib/test/auto/TrigFunctionDE.xml (RunModel)" time="0.01" />
  <testcase classname="ptolemy.util.test.junit.AutoTests" name="[385] /home/travis/build/icyphy/ptII/ptolemy/actor/lib/test/auto/TrigFunctionInverse.xml (RunModel)" time="0.009" />
  <testcase classname="ptolemy.util.test.junit.AutoTests" name="[386] /home/travis/build/icyphy/ptII/ptolemy/actor/lib/test/auto/TrigFunctionTan.xml (RunModel)" time="0.014" />
  <testcase classname="ptolemy.util.test.junit.AutoTests" name="[387] /home/travis/build/icyphy/ptII/ptolemy/actor/lib/test/auto/TriggeredClock.xml (RunModel)" time="0.009" />
  <testcase classname="ptolemy.util.test.junit.AutoTests" name="[388] /home/travis/build/icyphy/ptII/ptolemy/actor/lib/test/auto/URLDirectoryReader.xml (RunModel)" time="0.131" />
  <testcase classname="ptolemy.util.test.junit.AutoTests" name="[389] /home/travis/build/icyphy/ptII/ptolemy/actor/lib/test/auto/URLDirectoryReader3.xml (RunModel)" time="1.761" />
  <testcase classname="ptolemy.util.test.junit.AutoTests" name="[390] /home/travis/build/icyphy/ptII/ptolemy/actor/lib/test/auto/UnaryMathFunction.xml (RunModel)" time="0.028" />
  <testcase classname="ptolemy.util.test.junit.AutoTests" name="[391] /home/travis/build/icyphy/ptII/ptolemy/actor/lib/test/auto/Uniform.xml (RunModel)" time="0.011" />
  <testcase classname="ptolemy.util.test.junit.AutoTests" name="[392] /home/travis/build/icyphy/ptII/ptolemy/actor/lib/test/auto/UnionDisassemblerTest.xml (RunModel)" time="0.016" />
  <testcase classname="ptolemy.util.test.junit.AutoTests" name="[393] /home/travis/build/icyphy/ptII/ptolemy/actor/lib/test/auto/UtilityFunctions.xml (RunModel)" time="0.007" />
  <testcase classname="ptolemy.util.test.junit.AutoTests" name="[394] /home/travis/build/icyphy/ptII/ptolemy/actor/lib/test/auto/VariableSleep.xml (RunModel)" time="0.511" />
  <testcase classname="ptolemy.util.test.junit.AutoTests" name="[395] /home/travis/build/icyphy/ptII/ptolemy/actor/lib/test/auto/VectorAssemblerDisassemblerCT.xml (RunModel)" time="0.097" />
  <testcase classname="ptolemy.util.test.junit.AutoTests" name="[396] /home/travis/build/icyphy/ptII/ptolemy/actor/lib/test/auto/VectorAssemblerDisassemblerDE.xml (RunModel)" time="0.018" />
  <testcase classname="ptolemy.util.test.junit.AutoTests" name="[397] /home/travis/build/icyphy/ptII/ptolemy/actor/lib/test/auto/VectorAssemblerDisassemblerSDF.xml (RunModel)" time="0.011" />
  <testcase classname="ptolemy.util.test.junit.AutoTests" name="[398] /home/travis/build/icyphy/ptII/ptolemy/actor/lib/test/auto/WallClockTime.xml (RunModel)" time="1.013" />
  <testcase classname="ptolemy.util.test.junit.AutoTests" name="[399] /home/travis/build/icyphy/ptII/ptolemy/actor/lib/test/auto/WidthTestWithSubscriberPublisher.xml (RunModel)" time="0.048" />
  <testcase classname="ptolemy.util.test.junit.AutoTests" name="[400] /home/travis/build/icyphy/ptII/ptolemy/actor/lib/test/auto/WidthTestWithSubscriberPublisher2.xml (RunModel)" time="0.014" />
  <testcase classname="ptolemy.util.test.junit.AutoTests" name="[401] /home/travis/build/icyphy/ptII/ptolemy/actor/lib/test/auto/WidthTestWithSubscriberPublisher3.xml (RunModel)" time="0.012" />
  <testcase classname="ptolemy.util.test.junit.AutoTests" name="[402] /home/travis/build/icyphy/ptII/ptolemy/actor/lib/test/auto/Writer.xml (RunModel)" time="0.007" />
  <testcase classname="ptolemy.util.test.junit.AutoTests" name="[403] /home/travis/build/icyphy/ptII/ptolemy/actor/lib/test/auto/array.xml (RunModel)" time="0.009" />
  <testcase classname="ptolemy.util.test.junit.AutoTests" name="[404] /home/travis/build/icyphy/ptII/ptolemy/actor/lib/test/auto/array2.xml (RunModel)" time="0.011" />
  <testcase classname="ptolemy.util.test.junit.AutoTests" name="[405] /home/travis/build/icyphy/ptII/ptolemy/actor/lib/test/auto/arrayType.xml (RunModel)" time="0.017" />
  <testcase classname="ptolemy.util.test.junit.AutoTests" name="[406] /home/travis/build/icyphy/ptII/ptolemy/actor/lib/test/auto/arrayType10.xml (RunModel)" time="0.008" />
  <testcase classname="ptolemy.util.test.junit.AutoTests" name="[407] /home/travis/build/icyphy/ptII/ptolemy/actor/lib/test/auto/arrayType11.xml (RunModel)" time="0.008" />
  <testcase classname="ptolemy.util.test.junit.AutoTests" name="[408] /home/travis/build/icyphy/ptII/ptolemy/actor/lib/test/auto/arrayType12.xml (RunModel)" time="0.008" />
  <testcase classname="ptolemy.util.test.junit.AutoTests" name="[409] /home/travis/build/icyphy/ptII/ptolemy/actor/lib/test/auto/arrayType13.xml (RunModel)" time="0.009" />
  <testcase classname="ptolemy.util.test.junit.AutoTests" name="[410] /home/travis/build/icyphy/ptII/ptolemy/actor/lib/test/auto/arrayType14.xml (RunModel)" time="0.01" />
  <testcase classname="ptolemy.util.test.junit.AutoTests" name="[411] /home/travis/build/icyphy/ptII/ptolemy/actor/lib/test/auto/arrayType15.xml (RunModel)" time="0.01" />
  <testcase classname="ptolemy.util.test.junit.AutoTests" name="[412] /home/travis/build/icyphy/ptII/ptolemy/actor/lib/test/auto/arrayType16.xml (RunModel)" time="0.008" />
  <testcase classname="ptolemy.util.test.junit.AutoTests" name="[413] /home/travis/build/icyphy/ptII/ptolemy/actor/lib/test/auto/arrayType17.xml (RunModel)" time="0.008" />
  <testcase classname="ptolemy.util.test.junit.AutoTests" name="[414] /home/travis/build/icyphy/ptII/ptolemy/actor/lib/test/auto/arrayType18.xml (RunModel)" time="0.008" />
  <testcase classname="ptolemy.util.test.junit.AutoTests" name="[415] /home/travis/build/icyphy/ptII/ptolemy/actor/lib/test/auto/arrayType19.xml (RunModel)" time="0.008" />
  <testcase classname="ptolemy.util.test.junit.AutoTests" name="[416] /home/travis/build/icyphy/ptII/ptolemy/actor/lib/test/auto/arrayType2.xml (RunModel)" time="0.023" />
  <testcase classname="ptolemy.util.test.junit.AutoTests" name="[417] /home/travis/build/icyphy/ptII/ptolemy/actor/lib/test/auto/arrayType20.xml (RunModel)" time="0.008" />
  <testcase classname="ptolemy.util.test.junit.AutoTests" name="[418] /home/travis/build/icyphy/ptII/ptolemy/actor/lib/test/auto/arrayType21.xml (RunModel)" time="0.007" />
  <testcase classname="ptolemy.util.test.junit.AutoTests" name="[419] /home/travis/build/icyphy/ptII/ptolemy/actor/lib/test/auto/arrayType22.xml (RunModel)" time="0.007" />
  <testcase classname="ptolemy.util.test.junit.AutoTests" name="[420] /home/travis/build/icyphy/ptII/ptolemy/actor/lib/test/auto/arrayType23.xml (RunModel)" time="0.007" />
  <testcase classname="ptolemy.util.test.junit.AutoTests" name="[421] /home/travis/build/icyphy/ptII/ptolemy/actor/lib/test/auto/arrayType24.xml (RunModel)" time="0.009" />
  <testcase classname="ptolemy.util.test.junit.AutoTests" name="[422] /home/travis/build/icyphy/ptII/ptolemy/actor/lib/test/auto/arrayType25.xml (RunModel)" time="0.008" />
  <testcase classname="ptolemy.util.test.junit.AutoTests" name="[423] /home/travis/build/icyphy/ptII/ptolemy/actor/lib/test/auto/arrayType26.xml (RunModel)" time="0.007" />
  <testcase classname="ptolemy.util.test.junit.AutoTests" name="[424] /home/travis/build/icyphy/ptII/ptolemy/actor/lib/test/auto/arrayType27.xml (RunModel)" time="0.008" />
  <testcase classname="ptolemy.util.test.junit.AutoTests" name="[425] /home/travis/build/icyphy/ptII/ptolemy/actor/lib/test/auto/arrayType28.xml (RunModel)" time="0.008" />
  <testcase classname="ptolemy.util.test.junit.AutoTests" name="[426] /home/travis/build/icyphy/ptII/ptolemy/actor/lib/test/auto/arrayType3.xml (RunModel)" time="0.008" />
  <testcase classname="ptolemy.util.test.junit.AutoTests" name="[427] /home/travis/build/icyphy/ptII/ptolemy/actor/lib/test/auto/arrayType4.xml (RunModel)" time="0.008" />
  <testcase classname="ptolemy.util.test.junit.AutoTests" name="[428] /home/travis/build/icyphy/ptII/ptolemy/actor/lib/test/auto/arrayType5.xml (RunModel)" time="0.008" />
  <testcase classname="ptolemy.util.test.junit.AutoTests" name="[429] /home/travis/build/icyphy/ptII/ptolemy/actor/lib/test/auto/arrayType6.xml (RunModel)" time="0.023" />
  <testcase classname="ptolemy.util.test.junit.AutoTests" name="[430] /home/travis/build/icyphy/ptII/ptolemy/actor/lib/test/auto/arrayType7.xml (RunModel)" time="0.014" />
  <testcase classname="ptolemy.util.test.junit.AutoTests" name="[431] /home/travis/build/icyphy/ptII/ptolemy/actor/lib/test/auto/arrayType8.xml (RunModel)" time="0.009" />
  <testcase classname="ptolemy.util.test.junit.AutoTests" name="[432] /home/travis/build/icyphy/ptII/ptolemy/actor/lib/test/auto/arrayType9.xml (RunModel)" time="0.007" />
  <testcase classname="ptolemy.util.test.junit.AutoTests" name="[433] /home/travis/build/icyphy/ptII/ptolemy/actor/lib/test/auto/cast.xml (RunModel)" time="0.007" />
  <testcase classname="ptolemy.util.test.junit.AutoTests" name="[434] /home/travis/build/icyphy/ptII/ptolemy/actor/lib/test/auto/compositeMultiPort.xml (RunModel)" time="0.015" />
  <testcase classname="ptolemy.util.test.junit.AutoTests" name="[435] /home/travis/build/icyphy/ptII/ptolemy/actor/lib/test/auto/expressionCastInference.xml (RunModel)" time="0.008" />
  <testcase classname="ptolemy.util.test.junit.AutoTests" name="[436] /home/travis/build/icyphy/ptII/ptolemy/actor/lib/test/auto/expressionCastInference2.xml (RunModel)" time="0.008" />
  <testcase classname="ptolemy.util.test.junit.AutoTests" name="[437] /home/travis/build/icyphy/ptII/ptolemy/actor/lib/test/auto/expressionInference.xml (RunModel)" time="0.007" />
  <testcase classname="ptolemy.util.test.junit.AutoTests" name="[438] /home/travis/build/icyphy/ptII/ptolemy/actor/lib/test/auto/expression_bug.xml (RunModel)" time="0.007" />
  <testcase classname="ptolemy.util.test.junit.AutoTests" name="[439] /home/travis/build/icyphy/ptII/ptolemy/actor/lib/test/auto/factorial.xml (RunModel)" time="0.056" />
  <testcase classname="ptolemy.util.test.junit.AutoTests" name="[440] /home/travis/build/icyphy/ptII/ptolemy/actor/lib/test/auto/filterTest1.xml (RunModel)" time="0.015" />
  <testcase classname="ptolemy.util.test.junit.AutoTests" name="[441] /home/travis/build/icyphy/ptII/ptolemy/actor/lib/test/auto/funcApplyInConst.xml (RunModel)" time="0.067" />
  <testcase classname="ptolemy.util.test.junit.AutoTests" name="[442] /home/travis/build/icyphy/ptII/ptolemy/actor/lib/test/auto/funcApplyInExpr.xml (RunModel)" time="0.027" />
  <testcase classname="ptolemy.util.test.junit.AutoTests" name="[443] /home/travis/build/icyphy/ptII/ptolemy/actor/lib/test/auto/function.xml (RunModel)" time="0.032" />
  <testcase classname="ptolemy.util.test.junit.AutoTests" name="[444] /home/travis/build/icyphy/ptII/ptolemy/actor/lib/test/auto/function2.xml (RunModel)" time="0.035" />
  <testcase classname="ptolemy.util.test.junit.AutoTests" name="[445] /home/travis/build/icyphy/ptII/ptolemy/actor/lib/test/auto/function3.xml (RunModel)" time="0.049" />
  <testcase classname="ptolemy.util.test.junit.AutoTests" name="[446] /home/travis/build/icyphy/ptII/ptolemy/actor/lib/test/auto/functionClosureTest1.xml (RunModel)" time="0.021" />
  <testcase classname="ptolemy.util.test.junit.AutoTests" name="[447] /home/travis/build/icyphy/ptII/ptolemy/actor/lib/test/auto/functionClosureTest2.xml (RunModel)" time="0.006" />
  <testcase classname="ptolemy.util.test.junit.AutoTests" name="[448] /home/travis/build/icyphy/ptII/ptolemy/actor/lib/test/auto/functionClosureTest3.xml (RunModel)" time="0.025" />
  <testcase classname="ptolemy.util.test.junit.AutoTests" name="[449] /home/travis/build/icyphy/ptII/ptolemy/actor/lib/test/auto/functionClosureTest4.xml (RunModel)" time="0.028" />
  <testcase classname="ptolemy.util.test.junit.AutoTests" name="[450] /home/travis/build/icyphy/ptII/ptolemy/actor/lib/test/auto/functionClosureTest5.xml (RunModel)" time="0.013" />
  <testcase classname="ptolemy.util.test.junit.AutoTests" name="[451] /home/travis/build/icyphy/ptII/ptolemy/actor/lib/test/auto/functionClosureTest6.xml (RunModel)" time="0.008" />
  <testcase classname="ptolemy.util.test.junit.AutoTests" name="[452] /home/travis/build/icyphy/ptII/ptolemy/actor/lib/test/auto/functionsOnArcs.xml (RunModel)" time="0.009" />
  <testcase classname="ptolemy.util.test.junit.AutoTests" name="[453] /home/travis/build/icyphy/ptII/ptolemy/actor/lib/test/auto/functionsOnArcsHOF.xml (RunModel)" time="0.011" />
  <testcase classname="ptolemy.util.test.junit.AutoTests" name="[454] /home/travis/build/icyphy/ptII/ptolemy/actor/lib/test/auto/logic.xml (RunModel)" time="0.015" />
  <testcase classname="ptolemy.util.test.junit.AutoTests" name="[455] /home/travis/build/icyphy/ptII/ptolemy/actor/lib/test/auto/matrixType.xml (RunModel)" time="0.008" />
  <testcase classname="ptolemy.util.test.junit.AutoTests" name="[456] /home/travis/build/icyphy/ptII/ptolemy/actor/lib/test/auto/matrixType10.xml (RunModel)" time="0.009" />
  <testcase classname="ptolemy.util.test.junit.AutoTests" name="[457] /home/travis/build/icyphy/ptII/ptolemy/actor/lib/test/auto/matrixType11.xml (RunModel)" time="0.009" />
  <testcase classname="ptolemy.util.test.junit.AutoTests" name="[458] /home/travis/build/icyphy/ptII/ptolemy/actor/lib/test/auto/matrixType12.xml (RunModel)" time="0.01" />
  <testcase classname="ptolemy.util.test.junit.AutoTests" name="[459] /home/travis/build/icyphy/ptII/ptolemy/actor/lib/test/auto/matrixType13.xml (RunModel)" time="0.008" />
  <testcase classname="ptolemy.util.test.junit.AutoTests" name="[460] /home/travis/build/icyphy/ptII/ptolemy/actor/lib/test/auto/matrixType14.xml (RunModel)" time="0.01" />
  <testcase classname="ptolemy.util.test.junit.AutoTests" name="[461] /home/travis/build/icyphy/ptII/ptolemy/actor/lib/test/auto/matrixType2.xml (RunModel)" time="0.009" />
  <testcase classname="ptolemy.util.test.junit.AutoTests" name="[462] /home/travis/build/icyphy/ptII/ptolemy/actor/lib/test/auto/matrixType3.xml (RunModel)" time="0.01" />
  <testcase classname="ptolemy.util.test.junit.AutoTests" name="[463] /home/travis/build/icyphy/ptII/ptolemy/actor/lib/test/auto/matrixType4.xml (RunModel)" time="0.008" />
  <testcase classname="ptolemy.util.test.junit.AutoTests" name="[464] /home/travis/build/icyphy/ptII/ptolemy/actor/lib/test/auto/matrixType5.xml (RunModel)" time="0.008" />
  <testcase classname="ptolemy.util.test.junit.AutoTests" name="[465] /home/travis/build/icyphy/ptII/ptolemy/actor/lib/test/auto/matrixType6.xml (RunModel)" time="0.009" />
  <testcase classname="ptolemy.util.test.junit.AutoTests" name="[466] /home/travis/build/icyphy/ptII/ptolemy/actor/lib/test/auto/matrixType7.xml (RunModel)" time="0.009" />
  <testcase classname="ptolemy.util.test.junit.AutoTests" name="[467] /home/travis/build/icyphy/ptII/ptolemy/actor/lib/test/auto/matrixType8.xml (RunModel)" time="0.009" />
  <testcase classname="ptolemy.util.test.junit.AutoTests" name="[468] /home/travis/build/icyphy/ptII/ptolemy/actor/lib/test/auto/matrixType9.xml (RunModel)" time="0.008" />
  <testcase classname="ptolemy.util.test.junit.AutoTests" name="[469] /home/travis/build/icyphy/ptII/ptolemy/actor/lib/test/auto/paraFunctest.xml (RunModel)" time="0.007" />
  <testcase classname="ptolemy.util.test.junit.AutoTests" name="[470] /home/travis/build/icyphy/ptII/ptolemy/actor/lib/test/auto/paraFunctest2.xml (RunModel)" time="0.009" />
  <testcase classname="ptolemy.util.test.junit.AutoTests" name="[471] /home/travis/build/icyphy/ptII/ptolemy/actor/lib/test/auto/parameterPassing.xml (RunModel)" time="0.013" />
  <testcase classname="ptolemy.util.test.junit.AutoTests" name="[472] /home/travis/build/icyphy/ptII/ptolemy/actor/lib/test/auto/record.xml (RunModel)" time="0.012" />
  <testcase classname="ptolemy.util.test.junit.AutoTests" name="[473] /home/travis/build/icyphy/ptII/ptolemy/actor/lib/test/auto/sizedarray1.xml (RunModel)" time="0.01" />
  <testcase classname="ptolemy.util.test.junit.AutoTests" name="[474] /home/travis/build/icyphy/ptII/ptolemy/actor/lib/test/auto/sizedarray2.xml (RunModel)" time="0.011" />
  <testcase classname="ptolemy.util.test.junit.AutoTests" name="[475] /home/travis/build/icyphy/ptII/ptolemy/actor/lib/test/auto/twoPublishers.xml (RunModel)" time="0.027" />
  <system-out><![CDATA[/home/travis/build/icyphy/ptII/ptolemy/actor/lib/test/AbsoluteValue.tcl
testDefs.tcl: setting time out to 9000 seconds at Thu Jul 23 15:14:53 UTC 2020
108 ms. Memory: 129024K Free: 92614K (72%)
8 ms. Memory: 129024K Free: 90551K (70%)
21 ms. Memory: 129024K Free: 90056K (70%)
14 ms. Memory: 129024K Free: 89032K (69%)
/home/travis/build/icyphy/ptII/ptolemy/actor/lib/test/AddSubtract.tcl
22 ms. Memory: 129024K Free: 86984K (67%)
6 ms. Memory: 129024K Free: 86455K (67%)
11 ms. Memory: 129024K Free: 85446K (66%)
16 ms. Memory: 129024K Free: 84936K (66%)
84 ms. Memory: 129024K Free: 81864K (63%)
12 ms. Memory: 129024K Free: 81319K (63%)
/home/travis/build/icyphy/ptII/ptolemy/actor/lib/test/Average.tcl
19 ms. Memory: 129024K Free: 79295K (61%)
16 ms. Memory: 129024K Free: 78278K (61%)
/home/travis/build/icyphy/ptII/ptolemy/actor/lib/test/Bernoulli.tcl
5 ms. Memory: 129024K Free: 76744K (59%)
2 ms. Memory: 129024K Free: 76215K (59%)
/home/travis/build/icyphy/ptII/ptolemy/actor/lib/test/Clock.tcl
preinitializing
resolving types
initializing
executing number 1
wrapping up
idle
21 ms. Memory: 129024K Free: 73672K (57%)
Completed execution with 5 iterations
preinitializing
resolving types
initializing
executing number 1
wrapping up
idle
11 ms. Memory: 129024K Free: 72648K (56%)
Completed execution with 5 iterations
preinitializing
resolving types
initializing
executing number 1
wrapping up
idle
4 ms. Memory: 129024K Free: 72119K (56%)
Completed execution with 5 iterations
/home/travis/build/icyphy/ptII/ptolemy/actor/lib/test/Commutator.tcl
7 ms. Memory: 129024K Free: 70086K (54%)
6 ms. Memory: 129024K Free: 69062K (54%)
18 ms. Memory: 129024K Free: 63432K (49%)
/home/travis/build/icyphy/ptII/ptolemy/actor/lib/test/Const.tcl
12 ms. Memory: 129024K Free: 61894K (48%)
5 ms. Memory: 129024K Free: 61384K (48%)
4 ms. Memory: 129024K Free: 60855K (47%)
2 ms. Memory: 129024K Free: 60360K (47%)
3 ms. Memory: 129024K Free: 59846K (46%)
19 ms. Memory: 129024K Free: 58312K (45%)
20 ms. Memory: 129024K Free: 56759K (44%)
11 ms. Memory: 129024K Free: 56264K (44%)
/home/travis/build/icyphy/ptII/ptolemy/actor/lib/test/CurrentTime.tcl
preinitializing
resolving types
initializing
executing number 1
wrapping up
idle
20 ms. Memory: 129024K Free: 54216K (42%)
Completed execution with 11 iterations
/home/travis/build/icyphy/ptII/ptolemy/actor/lib/test/DB.tcl
7 ms. Memory: 129024K Free: 52663K (41%)
7 ms. Memory: 129024K Free: 52168K (40%)
3 ms. Memory: 129024K Free: 51654K (40%)
/home/travis/build/icyphy/ptII/ptolemy/actor/lib/test/DiscreteRandomSource.tcl
preinitializing
resolving types
initializing
executing number 1
wrapping up
idle
13 ms. Memory: 129024K Free: 50120K (39%)
Completed execution with 4 iterations
preinitializing
resolving types
initializing
executing number 1
wrapping up
idle
7 ms. Memory: 129024K Free: 49599K (38%)
Completed execution with 4 iterations
preinitializing
resolving types
initializing
executing number 1
wrapping up
idle
7 ms. Memory: 129024K Free: 49096K (38%)
Completed execution with 4 iterations
preinitializing
resolving types
initializing
executing number 1
wrapping up
idle
18 ms. Memory: 129024K Free: 48567K (38%)
Completed execution with 4 iterations
preinitializing
resolving types
initializing
executing number 1
wrapping up
idle
5 ms. Memory: 129024K Free: 48072K (37%)
Completed execution with 4 iterations
/home/travis/build/icyphy/ptII/ptolemy/actor/lib/test/Distributor.tcl
12 ms. Memory: 129024K Free: 113199K (88%)
11 ms. Memory: 129024K Free: 112159K (87%)
StreamChangeRequest.changeExecuted(): <deleteEntity name="rec2"/> succeeded
StreamChangeRequest.changeExecuted(): <deleteRelation name="r2"/> succeeded
StreamChangeRequest.changeExecuted(): Record firings per iteration succeeded
5 ms. Memory: 129024K Free: 110111K (85%)
/home/travis/build/icyphy/ptII/ptolemy/actor/lib/test/Exit.tcl
Exit.tcl: this will print a message about Manager.exitAfterWrapup, which can be ignored.
14 ms. Memory: 129024K Free: 107188K (83%)
/home/travis/build/icyphy/ptII/ptolemy/actor/lib/test/Expression.tcl
29 ms. Memory: 129024K Free: 103513K (80%)
6 ms. Memory: 129024K Free: 102951K (80%)
2 ms. Memory: 129024K Free: 102443K (79%)
preinitializing
resolving types
initializing
executing number 1
wrapping up
idle
14 ms. Memory: 129024K Free: 100895K (78%)
Completed execution with 6 iterations
9 ms. Memory: 129024K Free: 99879K (77%)
5 ms. Memory: 129024K Free: 99379K (77%)
9 ms. Memory: 129024K Free: 97831K (76%)
7 ms. Memory: 129024K Free: 96791K (75%)
8 ms. Memory: 129024K Free: 95321K (74%)
/home/travis/build/icyphy/ptII/ptolemy/actor/lib/test/Gaussian.tcl
5 ms. Memory: 129024K Free: 93741K (73%)
sleeping 1 seconds: ...................................................................................................................................................................................................................................................................................................................................................................................................................................................................................................................................................................................................................................................................................................................................................................................................................................................................................................................................................................................................................................................................................................................................................................................................................................................................................................................................................................................................................................................................................................................................................................................................................................................................................................................................................................................................................................................................................................................................................................................................................................................................................................................................................................................................................................................................................................................................................................................................................................................................................................................................................................................................................................................................................................................................................................................................................................................................................................................................................................................................................................................................................................................................................................................................................................................................................................................................................................................................................................................................................................................................................................................................................................................................................................................................................................................................................................................................................................................................................................................................................................................................................................................................................................................................................................................................................................................................................................................................................................................................................................................................................................................................................................................................................................................................................................................................................................................................................................................................................................................................................................................................................................................................................................................................................................................................................................................................................................................................................................................................................................................................................................................................................................................................................................................................................................................................................................................................................................................................................................................................................................................................................................................................................................................................................................................................................................................................................................................................................................................................................................................................................................................................................................................................................................................................................................................................................................................................................................................................................................................................................................................................................................................................................................................................................................................................................................................................................................................................................................................................................................................................................................................................................................................................................................................................................................................................................................................................................................................................................................................................................................................................................................................................................................................................................................................................................................................................................................................................................................................................................................................................................................................................................................................................................................................................................................................................................................................................................................................................................................................................................................................................................................................................................................................................................................................................................................................................................................................................................................................................................................................................................................................................................................................................................................................................................................................................................................................................................................................................................................................................................................................................................................................................................................................................................................................................................................................................................................................................................................................................................................................................................................................................................................................................................................................................................................................................................................................................................................................................................................................................................................................................................................................................................................................................................................................................................................................................................................................................................................................................................................................................................................................................................................................................................................................................................................................................................................................................................................................................................................................................................................................................................................................................................................................................................................................................................................................................................................................................................................................................................................................................................................................................................................................................................................................................................................................................................................................................................................................................................................................................................................................................................................................................................................................................................................................................................................................................................................................................................................................................................................................................................................................................................................................................................................................................................................................................................................................................................................................................................................................................................................................................................................................................................................................................................................................................................................................................................................................................................................................................................................................................................................................................................................................................................................................................................................................................................................................................................................................................................................................................................................................................................................................................................................................................................................................................................................................................................................................................................................................................................................................................................................................................................................................................................................................................................................................................................................................................................................................................................................................................................................................................................................................................................................................................................................................................................................................................................................................................................................................................................................................................................................................................................................................................................................................................................................................................................................................................................................................................................................................................................................................................................................................................................................................................................................................................................................................................................................................................................................................................................................................................................................................................................................................................................................................................................................................................................................................................................................................................................................................................................................................................................................................................................................................................................................................................................................................................................................................................................................................................................................................................................................................................................................................................................................................................................................................................................................................................................................................................................................................................................................................................................................................................................................................................................................................................................................................................................................................................................................................................................................................................................................................................................................................................................................................................................................................................................................................................................................................................................................................................................................................................................................................................................................................................................................................................................................................................................................................................................................................................................................................................................................................................................................................................................................................................................................................................................................................................................................................................................................................................................................................................................................................................................................................................................................................................................................................................................................................................................................................................................................................................................................................................................................................................................................................................................................................................................................................................................................................................................................................................................................................................................................................................................................................................................................................................................................................................................................................................................................................................................................................................................................................................................................................................................................................................................................................................................................................................................................................................................................................................................................................................................................................................................................................................................................................................................................................................................................................................................................................................................................................................................................................................................................................................................................................................................................................................................................................................................................................................................................................................................................................................................................................................................................................................................................................................................................................................................................................................................................................................................................................................................................................................................................................................................................................................................................................................................................................................................................................................................................................................................................................................................................................................................................................................................................................................................................................................................................................................................................................................................................................................................................................................................................................................................................................................................................................................................................................................................................................................................................................................................................................................................................................................................................................................................................................................................................................................................................................................................................................................................................................................................................................................................................................................................................................................................................................................................................................................................................................................................................................................................................................................................................................................................................................................................................................................................................................................................................................................................................................................................................................................................................................................................................................................................................................................................................................................................................................................................................................................................................................................................................................................................................................................................................................................................................................................................................................................................................................................................................................................................................................................................................................................................................................................................................................................................................................................................................................................................................................................................................................................................................................................................................................................................................................................................................................................................................................................................................................................................................................................................................................................................................................................................................................................................................................................................................................................................................................................................................................................................................................................................................................................................................................................................................................................................................................................................................................................................................................................................................................................................................................................................................................................................................................................................................................................................................................................................................................................................................................................................................................................................................................................................................................................................................................................................................................................................................................................................................................................................................................................................................................................................................................................................................................................................................................................................................................................................................................................................................................................................................................................................................................................................................................................................................................................................................................................................................................................................................................................................................................................................................................................................................................................................................................................................................................................................................................................................................................................................................................................................................................................................................................................................................................................................................................................................................................................................................................................................................................................................................................................................................................................................................................................................................................................................................................................................................................................................................................................................................................................................................................................................................................................................................................................................................................................................................................................................................................................................................................................................................................................................................................................................................................................................................................................................................................................................................................................................................................................................................................................................................................................................................................................................................................................................................................................................................................................................................................................................................................................................................................................................................................................................................................................................................................................................................................................................................................................................................................................................................................................................................................................................................................................................................................................................................................................................................................................................................................................................................................................................................................................................................................................................................................................................................................................................................................................................................................................................................................................................................................................................................................................................................................................................................................................................................................................................................................................................................................................................................................................................................................................................................................................................................................................................................................................................................................................................................................................................................................................................................................................................................................................................................................................................................................................................................................................................................................................................................................................................................................................................................................................................................................................................................................................................................................................................................................................................................................................................................................................................................................................................................................................................................................................................................................................................................................................................................................................................................................................................................................................................................................................................................................................................................................................................................................................................................................................................................................................................................................................................................................................................................................................................................................................................................................................................................................................................................................................................................................................................................................................................................................................................................................................................................................................................................................................................................................................................................................................................................................................................................................................................................................................................................................................................................................................................................................................................................................................................................................................................................................................................................................................................................................................................................................................................................................................................................................................................................................................................................................................................................................................................................................................................................................................................................................................................................................................................................................................................................................................................................................................................................................................................................................................................................................................................................................................................................................................................................................................................................................................................................................................................................................................................................................................................................................................................................................................................................................................................................................................................................................................................................................................................................................................................................................................................................................................................................................................................................................................................................................................................................................................................................................................................................................................................................................................................................................................................................................................................................................................................................................................................................................................................................................................................................................................................................................................................................................................................................................................................................................................................................................................................................................................................................................................................................................................................................................................................................................................................................................................................................................................................................................................................................................................................................................................................................................................................................................................................................................................................................................................................................................................................................................................................................................................................................................................................................................................................................................................................................................................................................................................................................................................................................................................................................................................................................................................................................................................................................................................................................................................................................................................................................................................................................................................................................................................................................................................................................................................................................................................................................................................................................................................................................................................................................................................................................................................................................................................................................................................................................................................................................................................................................................................................................................................................................................................................................................................................................................................................................................................................................................................................................................................................................................................................................................................................................................................................................................................................................................................................................................................................................................................................................................................................................................................................................................................................................................................................................................................................................................................................................................................................................................................................................................................................................................................................................................................................................................................................................................................................................................................................................................................................................................................................................................................................................................................................................................................................................................................................................................................................................................................................................................................................................................................................................................................................................................................................................................................................................................................................................................................................................................................................................................................................................................................................................................................................................................................................................................................................................................................................................................................................................................................................................................................................................................................................................................................................................................................................................................................................................................................................................................................................................................................................................................................................................................................................................................................................................................................................................................................................................................................................................................................................................................................................................................................................................................................................................................................................................................................................................................................................................................................................................................................................................................................................................................................................................................................................................................................................................................................................................................................................................................................................................................................................................................................................................................................................................................................................................................................................................................................................................................................................................................................................................................................................................................................................................................................................................................................................................................................................................................................................................................................................................................................................................................................................................................................................................................................................................................................................................................................................................................................................................................................................................................................................................................................................................................................................................................................................................................................................................................................................................................................................................................................................................................................................................................................................................................................................................................................................................................................................................................................................................................................................................................................................................................................................................................................................................................................................................................................................................................................................................................................................................................................................................................................................................................................................................................................................................................................................................................................................................................................................................................................................................................................................................................................................................................................................................................................................................................................................................................................................................................................................................................................................................................................................................................................................................................................................................................................................................................................................................................................................................................................................................................................................................................................................................................................................................................................................................................................................................................................................................................................................................................................................................................................................................................................................................................................................................................................................................................................................................................................................................................................................................................................................................................................................................................................................................................................................................................................................................................................................................................................................................................................................................................................................................................................................................................................................................................................................................................................................................................................................................................................................................................................................................................................................................................................................................................................................................................................................................................................................................................................................................................................................................................................................................................................................................................................................................................................................................................................................................................................................................................................................................................................................................................................................................................................................................................................................................................................................................................................................................................................................................................................................................................................................................................................................................................................................................................................................................................................3 ms. Memory: 129024K Free: 80561K (62%)
3 ms. Memory: 129024K Free: 79537K (62%)
2 ms. Memory: 129024K Free: 79041K (61%)
4 ms. Memory: 129024K Free: 78330K (61%)
10 ms. Memory: 129024K Free: 77503K (60%)
/home/travis/build/icyphy/ptII/ptolemy/actor/lib/test/IIR.tcl
/home/travis/build/icyphy/ptII/ptolemy/actor/lib/test/Interpolator.tcl
3 ms. Memory: 129024K Free: 73921K (57%)
1 ms. Memory: 129024K Free: 73377K (57%)
2 ms. Memory: 129024K Free: 72897K (56%)
2 ms. Memory: 129024K Free: 72383K (56%)
2 ms. Memory: 129024K Free: 71345K (55%)
2 ms. Memory: 129024K Free: 70335K (55%)
5 ms. Memory: 129024K Free: 69825K (54%)
3 ms. Memory: 129024K Free: 68801K (53%)
2 ms. Memory: 129024K Free: 67777K (53%)
3 ms. Memory: 129024K Free: 66753K (52%)
/home/travis/build/icyphy/ptII/ptolemy/actor/lib/test/MathFunction.tcl
5 ms. Memory: 129024K Free: 64705K (50%)
3 ms. Memory: 129024K Free: 63681K (49%)
2 ms. Memory: 129024K Free: 62657K (49%)
2 ms. Memory: 129024K Free: 62137K (48%)
3 ms. Memory: 129024K Free: 60609K (47%)
7 ms. Memory: 129024K Free: 58561K (45%)
/home/travis/build/icyphy/ptII/ptolemy/actor/lib/test/Maximum.tcl
4 ms. Memory: 129024K Free: 57009K (44%)
7 ms. Memory: 129024K Free: 55999K (43%)
6 ms. Memory: 129024K Free: 55489K (43%)
5 ms. Memory: 129024K Free: 54975K (43%)
/home/travis/build/icyphy/ptII/ptolemy/actor/lib/test/Minimum.tcl
7 ms. Memory: 129024K Free: 52927K (41%)
5 ms. Memory: 129024K Free: 52417K (41%)
3 ms. Memory: 129024K Free: 51903K (40%)
2 ms. Memory: 129024K Free: 50879K (39%)
/home/travis/build/icyphy/ptII/ptolemy/actor/lib/test/MultiplyDivide.tcl
9 ms. Memory: 129024K Free: 49345K (38%)
8 ms. Memory: 129024K Free: 48321K (37%)
4 ms. Memory: 129024K Free: 47807K (37%)
9 ms. Memory: 129024K Free: 112593K (87%)
2 ms. Memory: 129024K Free: 112097K (87%)
/home/travis/build/icyphy/ptII/ptolemy/actor/lib/test/OrderedMerge.tcl
Connections changed on port: inputA
Connections changed on port: inputB
Connections changed on port: output
Connections changed on port: output
Connections changed on port: output
Connections changed on port: input
.top. Preinitializing ...
Invoking preinitialize():  .top.OrderedMerge
Called preinitialize()
Invoking preinitialize():  .top.Ramp
Called preinitialize()
Invoking preinitialize():  .top.Ramp2
Called preinitialize()
Invoking preinitialize():  .top.Test
Called preinitialize()
Connections changed on port: inputA
Connections changed on port: output
Connections changed on port: output
Connections changed on port: input
Connections changed on port: inputB
Connections changed on port: output
.top. Finished preinitialize().
Called initialize().
Invoking initialize():  .top.OrderedMerge
Initializing actor: .top.OrderedMerge
Adding a thread: .top.OrderedMerge
Invoking initialize():  .top.Ramp
Initializing actor: .top.Ramp
Adding a thread: .top.Ramp
Invoking initialize():  .top.Ramp2
Initializing actor: .top.Ramp2
Adding a thread: .top.Ramp2
Invoking initialize():  .top.Test
Initializing actor: .top.Test
Adding a thread: .top.Test
Called fire().
Checking for deadlock:
-- Starting thread.
Called initialize()
Called prefire()
Called fire()
-- Starting thread.
Called initialize()
Called prefire()
Called fire()
-- Starting thread.
Called initialize()
Called prefire()
-- Starting thread.
Called fire()
Called initialize()
Called prefire()
Called fire()
There are 0 Blocked actors, 0 Stopped actors, and 4 active threads.
Waiting for actors to stop.
Checking for deadlock:
There are 1 Blocked actors, 0 Stopped actors, and 4 active threads.
Waiting for actors to stop.
Called postfire()
Called prefire()
Called fire()
Called postfire()
Called prefire()
Called fire()
Called postfire()
Called prefire()
Called fire()
Checking for deadlock:
There are 3 Blocked actors, 0 Stopped actors, and 4 active threads.
Waiting for actors to stop.
Read input token from inputA with value 0.0
Next port to read input from is inputB
Called postfire()
Called prefire()
Called fire()
Read input token from inputB with value 0.0
Sent output token with value 0.0
Next port to read input from is inputA
Called postfire()
Called prefire()
Called fire()
Read input token from inputA with value 1.0
Called postfire()
Called prefire()
Called fire()
-- Read input: 0.0, which is expected to match: 0.0
Called prefire()
Called fire()
Checking for deadlock:
There are 2 Blocked actors, 0 Stopped actors, and 4 active threads.
Waiting for actors to stop.
Called postfire()
Called prefire()
Called fire()
Sent output token with value 0.0
-- Read input: 0.0, which is expected to match: 0.0
Called prefire()
Called fire()
Next port to read input from is inputB
Called postfire()
Called prefire()
Called fire()
Read input token from inputB with value 1.5
Sent output token with value 1.0
Next port to read input from is inputA
Called postfire()
Called prefire()
Called fire()
Read input token from inputA with value 2.0
Checking for deadlock:
Called postfire()
Called prefire()
Called fire()
There are 1 Blocked actors, 0 Stopped actors, and 4 active threads.
Waiting for actors to stop.
-- Read input: 1.0, which is expected to match: 1.0
Called prefire()
Called fire()
Called postfire()
Called prefire()
Called fire()
Checking for deadlock:
There are 3 Blocked actors, 0 Stopped actors, and 4 active threads.
Waiting for actors to stop.
Checking for deadlock:
-- Read input: 1.5, which is expected to match: 1.5
Sent output token with value 1.5
Called prefire()
Called fire()
Next port to read input from is inputB
Called postfire()
Called prefire()
Called fire()
There are 2 Blocked actors, 0 Stopped actors, and 4 active threads.
Waiting for actors to stop.
Checking for deadlock:
Read input token from inputB with value 3.0
There are 2 Blocked actors, 0 Stopped actors, and 4 active threads.
Waiting for actors to stop.
Called postfire()
Called prefire()
Sent output token with value 2.0
Called fire()
Next port to read input from is inputA
Called postfire()
Called prefire()
Called fire()
-- Read input: 2.0, which is expected to match: 2.0
Read input token from inputA with value 3.0
Called prefire()
Called fire()
Sent output token with value 3.0
-- Read input: 3.0, which is expected to match: 3.0
Next port to read input from is inputB
Called postfire()
Called prefire()
Called fire()
Called prefire()
Called fire()
Read input token from inputB with value 4.5
Sent output token with value 3.0
Next port to read input from is inputA
Called postfire()
Called prefire()
Called fire()
Checking for deadlock:
There are 1 Blocked actors, 0 Stopped actors, and 4 active threads.
Waiting for actors to stop.
Called postfire()
Called prefire()
Called fire()
-- Read input: 3.0, which is expected to match: 3.0
Called prefire()
Called fire()
Called postfire()
Called prefire()
Called fire()
Checking for deadlock:
There are 3 Blocked actors, 0 Stopped actors, and 4 active threads.
Waiting for actors to stop.
Checking for deadlock:
There are 2 Blocked actors, 0 Stopped actors, and 4 active threads.
Waiting for actors to stop.
Read input token from inputA with value 4.0
Called postfire()
Called prefire()
Called fire()
Checking for deadlock:
There are 2 Blocked actors, 0 Stopped actors, and 4 active threads.
Waiting for actors to stop.
-- Read input: 4.0, which is expected to match: 4.0
Called prefire()
Called fire()
Past the end of training data. Read and discard all inputs.
Checking for deadlock:
There are 3 Blocked actors, 0 Stopped actors, and 4 active threads.
Waiting for actors to stop.
Sent output token with value 4.0
Next port to read input from is inputA
Called postfire()
Called prefire()
Called fire()
Read input token from inputA with value 5.0
Sent output token with value 4.5
Next port to read input from is inputB
Called postfire()
Called prefire()
Called fire()
Read input token from inputB with value 6.0
Called prefire()
Called fire()
Past the end of training data. Read and discard all inputs.
Called postfire()
Called prefire()
Called fire()
Checking for deadlock:
There are 2 Blocked actors, 0 Stopped actors, and 4 active threads.
Waiting for actors to stop.
Called postfire()
Called prefire()
Called fire()
Sent output token with value 5.0
Next port to read input from is inputA
Called postfire()
Called prefire()
Called fire()
Read input token from inputA with value 6.0
Checking for deadlock:
There are 2 Blocked actors, 0 Stopped actors, and 4 active threads.
Waiting for actors to stop.
Called prefire()
Called fire()
Past the end of training data. Read and discard all inputs.
Called postfire()
Called prefire()
Called fire()
Checking for deadlock:
There are 3 Blocked actors, 0 Stopped actors, and 4 active threads.
Waiting for actors to stop.
Sent output token with value 6.0
Next port to read input from is inputB
Called postfire()
Called prefire()
Called fire()
Read input token from inputB with value 7.5
Called prefire()
Called fire()
Past the end of training data. Read and discard all inputs.
Checking for deadlock:
There are 2 Blocked actors, 0 Stopped actors, and 4 active threads.
Waiting for actors to stop.
Called postfire()
Called prefire()
Called fire()
Checking for deadlock:
There are 3 Blocked actors, 0 Stopped actors, and 4 active threads.
Waiting for actors to stop.
Sent output token with value 6.0
Next port to read input from is inputA
Called postfire()
Called prefire()
Called fire()
Read input token from inputA with value 7.0
Called prefire()
Called fire()
Past the end of training data. Read and discard all inputs.
Checking for deadlock:
There are 2 Blocked actors, 0 Stopped actors, and 4 active threads.
Waiting for actors to stop.
Called postfire()
Called prefire()
Called fire()
Sent output token with value 7.0
Next port to read input from is inputA
Called postfire()
Called prefire()
Called fire()
Read input token from inputA with value 8.0
Checking for deadlock:
There are 2 Blocked actors, 0 Stopped actors, and 4 active threads.
Waiting for actors to stop.
Called prefire()
Called fire()
Past the end of training data. Read and discard all inputs.
-- Thread wrapup() called.
Called wrapup()
Thread .top.Ramp is exiting.
-- Thread stopped.
Checking for deadlock:
There are 2 Blocked actors, 0 Stopped actors, and 3 active threads.
Waiting for actors to stop.
Sent output token with value 7.5
Next port to read input from is inputB
Called postfire()
Called prefire()
Called fire()
Read input token from inputB with value 9.0
Called postfire()
Called prefire()
Called fire()
Called prefire()
Called fire()
Past the end of training data. Read and discard all inputs.
Sent output token with value 8.0
Next port to read input from is inputA
Called postfire()
Called prefire()
Called fire()
Read input token from inputA with value 9.0
Checking for deadlock:
There are 2 Blocked actors, 0 Stopped actors, and 3 active threads.
Waiting for actors to stop.
Called prefire()
Called fire()
Past the end of training data. Read and discard all inputs.
Checking for deadlock:
There are 2 Blocked actors, 0 Stopped actors, and 3 active threads.
Waiting for actors to stop.
Sent output token with value 9.0
Next port to read input from is inputB
Called postfire()
Called prefire()
Called fire()
Read input token from inputB with value 10.5
Called prefire()
Called fire()
Past the end of training data. Read and discard all inputs.
Checking for deadlock:
There are 1 Blocked actors, 0 Stopped actors, and 3 active threads.
Waiting for actors to stop.
Called postfire()
Called prefire()
Called fire()
Sent output token with value 9.0
Next port to read input from is inputA
Called postfire()
Called prefire()
Called fire()
Checking for deadlock:
There are 2 Blocked actors, 0 Stopped actors, and 3 active threads.
Waiting for actors to stop.
Called prefire()
Called fire()
Past the end of training data. Read and discard all inputs.
Checking for deadlock:
There are 3 Blocked actors, 0 Stopped actors, and 3 active threads.
Actors have stopped.
Checking for deadlock:
There are 3 Blocked actors, 0 Stopped actors, and 3 active threads.
Deadlock detected.
Resolving Deadlock
Checking for deadlock:
There are 3 Blocked actors, 0 Stopped actors, and 3 active threads.
Artificial Deadlock - increasing queue capacity.
increasing the capacity of receiver ptolemy.actor.TypedIOPort {.top.OrderedMerge.inputB} to 2
-- Thread wrapup() called.
Called wrapup()
Thread .top.Ramp2 is exiting.
-- Thread stopped.
Director: Called postfire().
Called postfire().
_stopRequested = false
_stopFireRequested = false
Returning from postfire(): true
Called fire().
Checking for deadlock:
There are 2 Blocked actors, 0 Stopped actors, and 2 active threads.
Actors have stopped.
Checking for deadlock:
There are 2 Blocked actors, 0 Stopped actors, and 2 active threads.
Deadlock detected.
Resolving Deadlock
Checking for deadlock:
There are 2 Blocked actors, 0 Stopped actors, and 2 active threads.
Deadlock detected: no processes blocked on write, but some are blocked on read.
Called postfire().
_stopRequested = false
_stopFireRequested = false
Returning from postfire(): false
Finished deactivating branches.
Called wrapup().
-- Thread wrapup() called.
Called wrapup()
Thread .top.Test is exiting.
-- Thread stopped.
-- Blocked Receiver call threw TerminateProcessException.
-- Thread wrapup() called.
Called wrapup()
Thread .top.OrderedMerge is exiting.
-- Thread stopped.
-- Blocked Receiver call threw TerminateProcessException.
72 ms. Memory: 129024K Free: 106977K (83%)
.top. Preinitializing ...
Invoking preinitialize():  .top.OrderedMerge
Called preinitialize()
Invoking preinitialize():  .top.Ramp
Called preinitialize()
Invoking preinitialize():  .top.Ramp2
Called preinitialize()
Invoking preinitialize():  .top.Test
Called preinitialize()
.top. Finished preinitialize().
Called initialize().
Invoking initialize():  .top.OrderedMerge
Initializing actor: .top.OrderedMerge
Adding a thread: .top.OrderedMerge
Invoking initialize():  .top.Ramp
Initializing actor: .top.Ramp
Adding a thread: .top.Ramp
Invoking initialize():  .top.Ramp2
Initializing actor: .top.Ramp2
Adding a thread: .top.Ramp2
Invoking initialize():  .top.Test
Initializing actor: .top.Test
Adding a thread: .top.Test
-- Starting thread.
Called initialize()
Called prefire()
Called fire()
-- Starting thread.
Called initialize()
Called prefire()
Called fire()
Called postfire()
Called prefire()
Called fire()
-- Starting thread.
Called initialize()
Called prefire()
Called fire()
Called postfire()
Called prefire()
Called fire()
Called fire().
Checking for deadlock:
There are 3 Blocked actors, 0 Stopped actors, and 4 active threads.
Waiting for actors to stop.
-- Starting thread.
Called initialize()
Called prefire()
Called fire()
Called postfire()
Called prefire()
Called fire()
Read input token from inputA with value 0.0
Checking for deadlock:
There are 3 Blocked actors, 0 Stopped actors, and 4 active threads.
Waiting for actors to stop.
Next port to read input from is inputB
Called postfire()
Called prefire()
Called fire()
Read input token from inputB with value 0.0
Sent output token with value 0.0
Next port to read input from is inputA
Called postfire()
Called prefire()
Called fire()
Read input token from inputA with value 1.0
Called postfire()
Called prefire()
Called fire()
-- Read input: 0.0, which is expected to match: 0.0
Called prefire()
Called fire()
Called postfire()
Called prefire()
Called fire()
Checking for deadlock:
There are 3 Blocked actors, 0 Stopped actors, and 4 active threads.
Waiting for actors to stop.
Sent output token with value 0.0
-- Read input: 0.0, which is expected to match: 0.0
Next port to read input from is inputB
Called postfire()
Called prefire()
Called prefire()
Called fire()
Called fire()
Checking for deadlock:
Read input token from inputB with value 1.5
There are 2 Blocked actors, 0 Stopped actors, and 4 active threads.
Waiting for actors to stop.
Sent output token with value 1.0
Called postfire()
Called prefire()
Called fire()
Next port to read input from is inputA
Called postfire()
Called prefire()
Checking for deadlock:
Called fire()
There are 2 Blocked actors, 0 Stopped actors, and 4 active threads.
Waiting for actors to stop.
Read input token from inputA with value 2.0
-- Read input: 1.0, which is expected to match: 1.0
Called prefire()
Called fire()
Sent output token with value 1.5
Next port to read input from is inputB
Called postfire()
Called prefire()
Called fire()
-- Read input: 1.5, which is expected to match: 1.5
Called prefire()
Called fire()
Read input token from inputB with value 3.0
Called postfire()
Called prefire()
Called fire()
-- Read input: 2.0, which is expected to match: 2.0
Called prefire()
Called fire()
Checking for deadlock:
There are 2 Blocked actors, 0 Stopped actors, and 4 active threads.
Waiting for actors to stop.
Called postfire()
Called prefire()
Called fire()
Checking for deadlock:
There are 3 Blocked actors, 0 Stopped actors, and 4 active threads.
Waiting for actors to stop.
Sent output token with value 2.0
Next port to read input from is inputA
Called postfire()
Called prefire()
Called fire()
Read input token from inputA with value 3.0
Checking for deadlock:
There are 2 Blocked actors, 0 Stopped actors, and 4 active threads.
Waiting for actors to stop.
Called postfire()
Called prefire()
Sent output token with value 3.0
Checking for deadlock:
There are 1 Blocked actors, 0 Stopped actors, and 4 active threads.
Waiting for actors to stop.
-- Read input: 3.0, which is expected to match: 3.0
Called prefire()
Called fire()
Called fire()
Next port to read input from is inputB
Called postfire()
Called prefire()
Called fire()
Called postfire()
Read input token from inputB with value 4.5
Called prefire()
Called fire()
Sent output token with value 3.0
-- Read input: 3.0, which is expected to match: 3.0
Next port to read input from is inputA
Called postfire()
Called prefire()
Called fire()
Checking for deadlock:
There are 2 Blocked actors, 0 Stopped actors, and 4 active threads.
Waiting for actors to stop.
Called prefire()
Called fire()
Read input token from inputA with value 4.0
Checking for deadlock:
There are 2 Blocked actors, 0 Stopped actors, and 4 active threads.
Waiting for actors to stop.
Called postfire()
Called prefire()
Sent output token with value 4.0
Next port to read input from is inputA
Called postfire()
Called prefire()
Called fire()
-- Read input: 4.0, which is expected to match: 4.0
Read input token from inputA with value 5.0
Called prefire()
Called fire()
Past the end of training data. Read and discard all inputs.
Called prefire()
Called fire()
Past the end of training data. Read and discard all inputs.
Checking for deadlock:
There are 2 Blocked actors, 0 Stopped actors, and 4 active threads.
Waiting for actors to stop.
Called fire()
Sent output token with value 4.5
Called postfire()
Next port to read input from is inputB
Called prefire()
Called fire()
Called postfire()
Called prefire()
Called fire()
Called postfire()
Called prefire()
Called fire()
Read input token from inputB with value 6.0
Checking for deadlock:
There are 2 Blocked actors, 0 Stopped actors, and 4 active threads.
Sent output token with value 5.0
Waiting for actors to stop.
Next port to read input from is inputA
Called postfire()
Called prefire()
Called prefire()
Called fire()
Called fire()
Past the end of training data. Read and discard all inputs.
Called postfire()
Read input token from inputA with value 6.0
Called prefire()
Called fire()
Sent output token with value 6.0
Called prefire()
Called fire()
Past the end of training data. Read and discard all inputs.
Next port to read input from is inputB
Called postfire()
Called prefire()
Checking for deadlock:
Called fire()
There are 3 Blocked actors, 0 Stopped actors, and 4 active threads.
Waiting for actors to stop.
Read input token from inputB with value 7.5
Called postfire()
Called prefire()
Called fire()
Sent output token with value 6.0
Checking for deadlock:
There are 2 Blocked actors, 0 Stopped actors, and 4 active threads.
Waiting for actors to stop.
Called prefire()
Called fire()
Past the end of training data. Read and discard all inputs.
Next port to read input from is inputA
Called postfire()
Called prefire()
Called fire()
Checking for deadlock:
There are 3 Blocked actors, 0 Stopped actors, and 4 active threads.
Waiting for actors to stop.
Called postfire()
Called prefire()
Called fire()
Read input token from inputA with value 7.0
Called prefire()
Called fire()
Sent output token with value 7.0
Past the end of training data. Read and discard all inputs.
Checking for deadlock:
Next port to read input from is inputA
There are 3 Blocked actors, 0 Stopped actors, and 4 active threads.
Waiting for actors to stop.
Called postfire()
Called prefire()
Called fire()
Checking for deadlock:
Read input token from inputA with value 8.0
There are 2 Blocked actors, 0 Stopped actors, and 4 active threads.
Waiting for actors to stop.
Sent output token with value 7.5
-- Thread wrapup() called.
Called wrapup()
Next port to read input from is inputB
Called postfire()
Thread .top.Ramp is exiting.
Called prefire()
-- Thread stopped.
Called fire()
Read input token from inputB with value 9.0
Checking for deadlock:
There are 1 Blocked actors, 0 Stopped actors, and 3 active threads.
Waiting for actors to stop.
Called postfire()
Called prefire()
Called fire()
Called prefire()
Called fire()
Past the end of training data. Read and discard all inputs.
Checking for deadlock:
There are 2 Blocked actors, 0 Stopped actors, and 3 active threads.
Waiting for actors to stop.
Called prefire()
Called fire()
Past the end of training data. Read and discard all inputs.
Sent output token with value 8.0
Checking for deadlock:
There are 2 Blocked actors, 0 Stopped actors, and 3 active threads.
Waiting for actors to stop.
Next port to read input from is inputA
Called postfire()
Called prefire()
Called fire()
Read input token from inputA with value 9.0
Sent output token with value 9.0
Called prefire()
Called fire()
Past the end of training data. Read and discard all inputs.
Next port to read input from is inputB
Called postfire()
Called prefire()
Called fire()
Checking for deadlock:
There are 1 Blocked actors, 0 Stopped actors, and 3 active threads.
Waiting for actors to stop.
Read input token from inputB with value 10.5
Called postfire()
Called prefire()
Called fire()
Sent output token with value 9.0
Called prefire()
Next port to read input from is inputA
Called postfire()
Called prefire()
Called fire()
Past the end of training data. Read and discard all inputs.
Called fire()
Checking for deadlock:
There are 3 Blocked actors, 0 Stopped actors, and 3 active threads.
Actors have stopped.
Checking for deadlock:
There are 3 Blocked actors, 0 Stopped actors, and 3 active threads.
Deadlock detected.
Resolving Deadlock
Checking for deadlock:
There are 3 Blocked actors, 0 Stopped actors, and 3 active threads.
Artificial Deadlock - increasing queue capacity.
increasing the capacity of receiver ptolemy.actor.TypedIOPort {.top.OrderedMerge.inputB} to 2
Director: Called postfire().
Called postfire().
_stopRequested = false
_stopFireRequested = false
Returning from postfire(): true
Called fire().
Checking for deadlock:
There are 2 Blocked actors, 0 Stopped actors, and 3 active threads.
Waiting for actors to stop.
-- Thread wrapup() called.
Called wrapup()
Thread .top.Ramp2 is exiting.
-- Thread stopped.
Checking for deadlock:
There are 2 Blocked actors, 0 Stopped actors, and 2 active threads.
Actors have stopped.
Checking for deadlock:
There are 2 Blocked actors, 0 Stopped actors, and 2 active threads.
Deadlock detected.
Resolving Deadlock
Checking for deadlock:
There are 2 Blocked actors, 0 Stopped actors, and 2 active threads.
Deadlock detected: no processes blocked on write, but some are blocked on read.
Called postfire().
_stopRequested = false
_stopFireRequested = false
Returning from postfire(): false
Finished deactivating branches.
Called wrapup().
-- Thread wrapup() called.
Called wrapup()
-- Thread wrapup() called.
Called wrapup()
Thread .top.OrderedMerge is exiting.
-- Thread stopped.
-- Blocked Receiver call threw TerminateProcessException.
Thread .top.Test is exiting.
-- Thread stopped.
-- Blocked Receiver call threw TerminateProcessException.
44 ms. Memory: 129024K Free: 104415K (81%)
/home/travis/build/icyphy/ptII/ptolemy/actor/lib/test/Publisher.tcl
26 ms. Memory: 129024K Free: 98257K (76%)
12 ms. Memory: 129024K Free: 93151K (72%)
3 ms. Memory: 129024K Free: 89569K (69%)
4 ms. Memory: 129024K Free: 88545K (69%)
3 ms. Memory: 129024K Free: 87521K (68%)
4 ms. Memory: 129024K Free: 86993K (67%)
2 ms. Memory: 129024K Free: 85983K (67%)
4 ms. Memory: 129024K Free: 84945K (66%)
39 ms. Memory: 129024K Free: 108763K (84%)
15 ms. Memory: 129024K Free: 105181K (82%)
5 ms. Memory: 129024K Free: 104661K (81%)
5 ms. Memory: 129024K Free: 102109K (79%)
6 ms. Memory: 129024K Free: 94421K (73%)
6 ms. Memory: 129024K Free: 85211K (66%)
8 ms. Memory: 129024K Free: 73947K (57%)
/home/travis/build/icyphy/ptII/ptolemy/actor/lib/test/Pulse.tcl
3 ms. Memory: 155648K Free: 129815K (83%)
2 ms. Memory: 155648K Free: 129301K (83%)
2 ms. Memory: 155648K Free: 128791K (83%)
9 ms. Memory: 155648K Free: 128277K (82%)
1 ms. Memory: 155648K Free: 127767K (82%)
8 ms. Memory: 155648K Free: 126229K (81%)
11 ms. Memory: 155648K Free: 125191K (80%)
6 ms. Memory: 155648K Free: 124695K (80%)
2 ms. Memory: 155648K Free: 124181K (80%)
/home/travis/build/icyphy/ptII/ptolemy/actor/lib/test/Ramp.tcl
7 ms. Memory: 155648K Free: 122058K (78%)
5 ms. Memory: 155648K Free: 121109K (78%)
5 ms. Memory: 155648K Free: 120599K (77%)
3 ms. Memory: 155648K Free: 119575K (77%)
7 ms. Memory: 155648K Free: 119047K (76%)
9 ms. Memory: 155648K Free: 118037K (76%)
5 ms. Memory: 155648K Free: 117013K (75%)
5 actors
10000 microseconds per iteration to create
15 ms. Memory: 155648K Free: 114455K (74%)
2 ms. Memory: 155648K Free: 113941K (73%)
2 ms. Memory: 155648K Free: 113431K (73%)
5 ms. Memory: 155648K Free: 112407K (72%)
50 actors
54000 microseconds per iteration to create
39 ms. Memory: 155648K Free: 97047K (62%)
18 ms. Memory: 155648K Free: 96023K (62%)
5 ms. Memory: 155648K Free: 94999K (61%)
12 ms. Memory: 155648K Free: 93975K (60%)
500 actors
1665000 microseconds per iteration to create
256 ms. Memory: 155648K Free: 98760K (63%)
49 ms. Memory: 155648K Free: 93640K (60%)
56 ms. Memory: 155648K Free: 88520K (57%)
49 ms. Memory: 155648K Free: 82886K (53%)
/home/travis/build/icyphy/ptII/ptolemy/actor/lib/test/RampContinuous.tcl
10 ms. Memory: 155648K Free: 81848K (53%)
/home/travis/build/icyphy/ptII/ptolemy/actor/lib/test/RecordAssembler.tcl
6 ms. Memory: 155648K Free: 80328K (52%)
3 ms. Memory: 155648K Free: 79304K (51%)
/home/travis/build/icyphy/ptII/ptolemy/actor/lib/test/RecordDisassembler.tcl
14 ms. Memory: 155648K Free: 77256K (50%)
3 ms. Memory: 155648K Free: 76728K (49%)
4 ms. Memory: 155648K Free: 75208K (48%)
/home/travis/build/icyphy/ptII/ptolemy/actor/lib/test/Scale.tcl
3 ms. Memory: 155648K Free: 73656K (47%)
2 ms. Memory: 155648K Free: 72616K (47%)
2 ms. Memory: 155648K Free: 72136K (46%)
4 ms. Memory: 155648K Free: 71112K (46%)
3 ms. Memory: 155648K Free: 70584K (45%)
/home/travis/build/icyphy/ptII/ptolemy/actor/lib/test/SequentialClock.tcl
preinitializing
resolving types
initializing
executing number 1
wrapping up
idle
3 ms. Memory: 155648K Free: 69064K (44%)
Completed execution with 5 iterations
preinitializing
resolving types
initializing
executing number 1
wrapping up
idle
2 ms. Memory: 155648K Free: 68536K (44%)
Completed execution with 5 iterations
preinitializing
resolving types
initializing
executing number 1
wrapping up
idle
1 ms. Memory: 155648K Free: 68040K (44%)
Completed execution with 5 iterations
/home/travis/build/icyphy/ptII/ptolemy/actor/lib/test/SetVariable.tcl
4 ms. Memory: 155648K Free: 65992K (42%)
/home/travis/build/icyphy/ptII/ptolemy/actor/lib/test/Sinewave.tcl
/home/travis/build/icyphy/ptII/ptolemy/actor/lib/test/SubscriptionAggregator.tcl
13 ms. Memory: 155648K Free: 54728K (35%)
13 ms. Memory: 155648K Free: 54200K (35%)
1 ms. Memory: 155648K Free: 53704K (35%)
1 ms. Memory: 155648K Free: 53176K (34%)
2 ms. Memory: 155648K Free: 49608K (32%)
33 ms. Memory: 155648K Free: 130768K (84%)
...............................................................1004 ms. Memory: 293888K Free: 234142K (80%)
/home/travis/build/icyphy/ptII/ptolemy/actor/lib/test/Test.tcl
 The next command will produce a warning about training mode,
   which may be ignored.
5 ms. Memory: 293888K Free: 232096K (79%)
3 ms. Memory: 293888K Free: 231552K (79%)
1 ms. Memory: 293888K Free: 230544K (78%)
1 ms. Memory: 293888K Free: 230048K (78%)
2 ms. Memory: 293888K Free: 229534K (78%)
3 ms. Memory: 293888K Free: 228480K (78%)
4 ms. Memory: 293888K Free: 226976K (77%)
 The next command will produce a warning about training mode,
   which may be ignored.
4 ms. Memory: 293888K Free: 224928K (77%)
 The next command will produce a warning about training mode,
   which may be ignored.
3 ms. Memory: 293888K Free: 223376K (76%)
2 ms. Memory: 293888K Free: 222880K (76%)
1 ms. Memory: 293888K Free: 222366K (76%)
2 ms. Memory: 293888K Free: 221856K (75%)
6 ms. Memory: 293888K Free: 220832K (75%)
3 ms. Memory: 293888K Free: 217232K (74%)
/home/travis/build/icyphy/ptII/ptolemy/actor/lib/test/TestExceptionHandler.tcl
 The next command will produce a warning about training mode,
   which may be ignored.
4 ms. Memory: 293888K Free: 216216K (74%)
1 ms. Memory: 293888K Free: 215696K (73%)
2 ms. Memory: 293888K Free: 214688K (73%)
/home/travis/build/icyphy/ptII/ptolemy/actor/lib/test/UnionDisassembler.tcl
15 ms. Memory: 293888K Free: 207520K (71%)
/home/travis/build/icyphy/ptII/ptolemy/actor/lib/test/VariableClock.tcl
preinitializing
resolving types
initializing
executing number 1
wrapping up
idle
4 ms. Memory: 293888K Free: 205968K (70%)
Completed execution with 11 iterations
preinitializing
resolving types
initializing
executing number 1
wrapping up
idle
4 ms. Memory: 293888K Free: 204448K (70%)
Completed execution with 10 iterations
07/23/20 03:15:02
Failed: 0  Total Tests: 233  ((Passed: 233, Newly Passed: 0)  Known Failed: 0) /home/travis/build/icyphy/ptII/ptolemy/actor/lib/test
----------------- testing (KnownFailure) /home/travis/build/icyphy/ptII/ptolemy/actor/lib/test/auto/knownFailedTests/PublisherPortToplevelSubscriber.xml
1 ms. Memory: 293888K Free: 200862K (68%)
Known Failure: java.lang.reflect.InvocationTargetException
----------------- testing (KnownFailure) /home/travis/build/icyphy/ptII/ptolemy/actor/lib/test/auto/knownFailedTests/PublisherSubscriberPortToplevel.xml
0 ms. Memory: 293888K Free: 196766K (67%)
Known Failure: java.lang.reflect.InvocationTargetException
----------------- testing (KnownFailure) /home/travis/build/icyphy/ptII/ptolemy/actor/lib/test/auto/knownFailedTests/PublisherSubscriptionAggregatorPort.xml
0 ms. Memory: 293888K Free: 192670K (66%)
Known Failure: java.lang.reflect.InvocationTargetException
----------------- testing (KnownFailure) /home/travis/build/icyphy/ptII/ptolemy/actor/lib/test/auto/knownFailedTests/sizedarray3.xml
5 ms. Memory: 293888K Free: 188064K (64%)
Known Failure: java.lang.reflect.InvocationTargetException
No auto/linux-amd64/*.xml tests in /home/travis/build/icyphy/ptII/ptolemy/actor/lib/test
AutoTests.java: About to close Vertx.
AutoTests.java: Vertx closed.

===========================================================================================
----------------- testing Thu Jul 23 15:15:03 UTC 2020 /home/travis/build/icyphy/ptII/ptolemy/actor/lib/test/auto/AbsoluteValue.xml
----------------- Instantiating /home/travis/build/icyphy/ptII/ptolemy/actor/lib/test/auto/AbsoluteValue.xml
5 ms. Memory: 293888K Free: 165022K (56%)
----------------- Invoking toplevel() on ptolemy.moml.MoMLSimpleApplication@6ca83ddf
----------------- Done invoking toplevel() on ptolemy.moml.MoMLSimpleApplication@6ca83ddf
reloadAllAccessors: .AbsoluteValue

===========================================================================================
----------------- testing Thu Jul 23 15:15:03 UTC 2020 /home/travis/build/icyphy/ptII/ptolemy/actor/lib/test/auto/AbsoluteValue2.xml
----------------- Instantiating /home/travis/build/icyphy/ptII/ptolemy/actor/lib/test/auto/AbsoluteValue2.xml
6 ms. Memory: 293888K Free: 158368K (54%)
----------------- Invoking toplevel() on ptolemy.moml.MoMLSimpleApplication@7d1fbb88
----------------- Done invoking toplevel() on ptolemy.moml.MoMLSimpleApplication@7d1fbb88
reloadAllAccessors: .AbsoluteValue2

===========================================================================================
----------------- testing Thu Jul 23 15:15:03 UTC 2020 /home/travis/build/icyphy/ptII/ptolemy/actor/lib/test/auto/Accumulator.xml
----------------- Instantiating /home/travis/build/icyphy/ptII/ptolemy/actor/lib/test/auto/Accumulator.xml
14 ms. Memory: 293888K Free: 152224K (52%)
----------------- Invoking toplevel() on ptolemy.moml.MoMLSimpleApplication@32e5be96
----------------- Done invoking toplevel() on ptolemy.moml.MoMLSimpleApplication@32e5be96
reloadAllAccessors: .Accumulator

===========================================================================================
----------------- testing Thu Jul 23 15:15:03 UTC 2020 /home/travis/build/icyphy/ptII/ptolemy/actor/lib/test/auto/Accumulator2.xml
----------------- Instantiating /home/travis/build/icyphy/ptII/ptolemy/actor/lib/test/auto/Accumulator2.xml
5 ms. Memory: 293888K Free: 146590K (50%)
----------------- Invoking toplevel() on ptolemy.moml.MoMLSimpleApplication@8e3ef1a
----------------- Done invoking toplevel() on ptolemy.moml.MoMLSimpleApplication@8e3ef1a
reloadAllAccessors: .Accumulator2

===========================================================================================
----------------- testing Thu Jul 23 15:15:03 UTC 2020 /home/travis/build/icyphy/ptII/ptolemy/actor/lib/test/auto/Accumulator3.xml
----------------- Instantiating /home/travis/build/icyphy/ptII/ptolemy/actor/lib/test/auto/Accumulator3.xml
4 ms. Memory: 293888K Free: 142494K (48%)
----------------- Invoking toplevel() on ptolemy.moml.MoMLSimpleApplication@3449dcb7
----------------- Done invoking toplevel() on ptolemy.moml.MoMLSimpleApplication@3449dcb7
reloadAllAccessors: .Accumulator3

===========================================================================================
----------------- testing Thu Jul 23 15:15:03 UTC 2020 /home/travis/build/icyphy/ptII/ptolemy/actor/lib/test/auto/ArrayAppend.xml
----------------- Instantiating /home/travis/build/icyphy/ptII/ptolemy/actor/lib/test/auto/ArrayAppend.xml
4 ms. Memory: 293888K Free: 135840K (46%)
----------------- Invoking toplevel() on ptolemy.moml.MoMLSimpleApplication@6a523d5d
----------------- Done invoking toplevel() on ptolemy.moml.MoMLSimpleApplication@6a523d5d
reloadAllAccessors: .ArrayAppend

===========================================================================================
----------------- testing Thu Jul 23 15:15:03 UTC 2020 /home/travis/build/icyphy/ptII/ptolemy/actor/lib/test/auto/ArrayAppend2.xml
----------------- Instantiating /home/travis/build/icyphy/ptII/ptolemy/actor/lib/test/auto/ArrayAppend2.xml
439 ms. Memory: 293888K Free: 208947K (71%)
----------------- Invoking toplevel() on ptolemy.moml.MoMLSimpleApplication@47965ccd
----------------- Done invoking toplevel() on ptolemy.moml.MoMLSimpleApplication@47965ccd
reloadAllAccessors: .ArrayAppend2

===========================================================================================
----------------- testing Thu Jul 23 15:15:04 UTC 2020 /home/travis/build/icyphy/ptII/ptolemy/actor/lib/test/auto/ArrayAppend3.xml
----------------- Instantiating /home/travis/build/icyphy/ptII/ptolemy/actor/lib/test/auto/ArrayAppend3.xml
4 ms. Memory: 293888K Free: 203317K (69%)
----------------- Invoking toplevel() on ptolemy.moml.MoMLSimpleApplication@552bbe1a
----------------- Done invoking toplevel() on ptolemy.moml.MoMLSimpleApplication@552bbe1a
reloadAllAccessors: .ArrayAppend3

===========================================================================================
----------------- testing Thu Jul 23 15:15:04 UTC 2020 /home/travis/build/icyphy/ptII/ptolemy/actor/lib/test/auto/ArrayAppend4.xml
----------------- Instantiating /home/travis/build/icyphy/ptII/ptolemy/actor/lib/test/auto/ArrayAppend4.xml
5 ms. Memory: 293888K Free: 197683K (67%)
----------------- Invoking toplevel() on ptolemy.moml.MoMLSimpleApplication@1b20c6d0
----------------- Done invoking toplevel() on ptolemy.moml.MoMLSimpleApplication@1b20c6d0
reloadAllAccessors: .ArrayAppend4

===========================================================================================
----------------- testing Thu Jul 23 15:15:04 UTC 2020 /home/travis/build/icyphy/ptII/ptolemy/actor/lib/test/auto/ArrayAppend5.xml
----------------- Instantiating /home/travis/build/icyphy/ptII/ptolemy/actor/lib/test/auto/ArrayAppend5.xml
4 ms. Memory: 293888K Free: 192563K (66%)
----------------- Invoking toplevel() on ptolemy.moml.MoMLSimpleApplication@26d3d1e5
----------------- Done invoking toplevel() on ptolemy.moml.MoMLSimpleApplication@26d3d1e5
reloadAllAccessors: .ArrayAppend5

===========================================================================================
----------------- testing Thu Jul 23 15:15:04 UTC 2020 /home/travis/build/icyphy/ptII/ptolemy/actor/lib/test/auto/ArrayAppend6.xml
----------------- Instantiating /home/travis/build/icyphy/ptII/ptolemy/actor/lib/test/auto/ArrayAppend6.xml
6 ms. Memory: 293888K Free: 186933K (64%)
----------------- Invoking toplevel() on ptolemy.moml.MoMLSimpleApplication@43474c6f
----------------- Done invoking toplevel() on ptolemy.moml.MoMLSimpleApplication@43474c6f
reloadAllAccessors: .ArrayAppend6

===========================================================================================
----------------- testing Thu Jul 23 15:15:04 UTC 2020 /home/travis/build/icyphy/ptII/ptolemy/actor/lib/test/auto/ArrayAppendPerformanceTest.xml
----------------- Instantiating /home/travis/build/icyphy/ptII/ptolemy/actor/lib/test/auto/ArrayAppendPerformanceTest.xml
36 ms. Memory: 293888K Free: 176179K (60%)
----------------- Invoking toplevel() on ptolemy.moml.MoMLSimpleApplication@51e2ddb3
----------------- Done invoking toplevel() on ptolemy.moml.MoMLSimpleApplication@51e2ddb3
reloadAllAccessors: .ArrayAppendPerformanceTest

===========================================================================================
----------------- testing Thu Jul 23 15:15:04 UTC 2020 /home/travis/build/icyphy/ptII/ptolemy/actor/lib/test/auto/ArrayAppendWithEmptyInput.xml
----------------- Instantiating /home/travis/build/icyphy/ptII/ptolemy/actor/lib/test/auto/ArrayAppendWithEmptyInput.xml
15 ms. Memory: 293888K Free: 167987K (57%)
----------------- Invoking toplevel() on ptolemy.moml.MoMLSimpleApplication@9aaadf
----------------- Done invoking toplevel() on ptolemy.moml.MoMLSimpleApplication@9aaadf
reloadAllAccessors: .ArrayAppendWithEmptyInput

===========================================================================================
----------------- testing Thu Jul 23 15:15:04 UTC 2020 /home/travis/build/icyphy/ptII/ptolemy/actor/lib/test/auto/ArrayAverage.xml
----------------- Instantiating /home/travis/build/icyphy/ptII/ptolemy/actor/lib/test/auto/ArrayAverage.xml
8 ms. Memory: 293888K Free: 160309K (55%)
----------------- Invoking toplevel() on ptolemy.moml.MoMLSimpleApplication@6e23d8d9
----------------- Done invoking toplevel() on ptolemy.moml.MoMLSimpleApplication@6e23d8d9
reloadAllAccessors: .ArrayAverage

===========================================================================================
----------------- testing Thu Jul 23 15:15:04 UTC 2020 /home/travis/build/icyphy/ptII/ptolemy/actor/lib/test/auto/ArrayContains.xml
----------------- Instantiating /home/travis/build/icyphy/ptII/ptolemy/actor/lib/test/auto/ArrayContains.xml
8 ms. Memory: 293888K Free: 154165K (52%)
----------------- Invoking toplevel() on ptolemy.moml.MoMLSimpleApplication@5ea59e56
----------------- Done invoking toplevel() on ptolemy.moml.MoMLSimpleApplication@5ea59e56
reloadAllAccessors: .ArrayContains

===========================================================================================
----------------- testing Thu Jul 23 15:15:04 UTC 2020 /home/travis/build/icyphy/ptII/ptolemy/actor/lib/test/auto/ArrayElement.xml
----------------- Instantiating /home/travis/build/icyphy/ptII/ptolemy/actor/lib/test/auto/ArrayElement.xml
4 ms. Memory: 293888K Free: 148531K (51%)
----------------- Invoking toplevel() on ptolemy.moml.MoMLSimpleApplication@32caee6d
----------------- Done invoking toplevel() on ptolemy.moml.MoMLSimpleApplication@32caee6d
reloadAllAccessors: .ArrayElement

===========================================================================================
----------------- testing Thu Jul 23 15:15:04 UTC 2020 /home/travis/build/icyphy/ptII/ptolemy/actor/lib/test/auto/ArrayElementAsMatrix.xml
----------------- Instantiating /home/travis/build/icyphy/ptII/ptolemy/actor/lib/test/auto/ArrayElementAsMatrix.xml
10 ms. Memory: 293888K Free: 138805K (47%)
----------------- Invoking toplevel() on ptolemy.moml.MoMLSimpleApplication@28bd3e3d
----------------- Done invoking toplevel() on ptolemy.moml.MoMLSimpleApplication@28bd3e3d
reloadAllAccessors: .ArrayElementAsMatrix

===========================================================================================
----------------- testing Thu Jul 23 15:15:04 UTC 2020 /home/travis/build/icyphy/ptII/ptolemy/actor/lib/test/auto/ArrayElementI.xml
----------------- Instantiating /home/travis/build/icyphy/ptII/ptolemy/actor/lib/test/auto/ArrayElementI.xml
7 ms. Memory: 293888K Free: 133171K (45%)
----------------- Invoking toplevel() on ptolemy.moml.MoMLSimpleApplication@625574ed
----------------- Done invoking toplevel() on ptolemy.moml.MoMLSimpleApplication@625574ed
reloadAllAccessors: .ArrayElementI

===========================================================================================
----------------- testing Thu Jul 23 15:15:04 UTC 2020 /home/travis/build/icyphy/ptII/ptolemy/actor/lib/test/auto/ArrayExtract.xml
----------------- Instantiating /home/travis/build/icyphy/ptII/ptolemy/actor/lib/test/auto/ArrayExtract.xml
7 ms. Memory: 293888K Free: 124979K (43%)
----------------- Invoking toplevel() on ptolemy.moml.MoMLSimpleApplication@78a7ded
----------------- Done invoking toplevel() on ptolemy.moml.MoMLSimpleApplication@78a7ded
reloadAllAccessors: .ArrayExtract

===========================================================================================
----------------- testing Thu Jul 23 15:15:04 UTC 2020 /home/travis/build/icyphy/ptII/ptolemy/actor/lib/test/auto/ArrayExtract2.xml
----------------- Instantiating /home/travis/build/icyphy/ptII/ptolemy/actor/lib/test/auto/ArrayExtract2.xml
3 ms. Memory: 293888K Free: 119349K (41%)
----------------- Invoking toplevel() on ptolemy.moml.MoMLSimpleApplication@16ae7eb3
----------------- Done invoking toplevel() on ptolemy.moml.MoMLSimpleApplication@16ae7eb3
reloadAllAccessors: .ArrayExtract2

===========================================================================================
----------------- testing Thu Jul 23 15:15:04 UTC 2020 /home/travis/build/icyphy/ptII/ptolemy/actor/lib/test/auto/ArrayLength.xml
----------------- Instantiating /home/travis/build/icyphy/ptII/ptolemy/actor/lib/test/auto/ArrayLength.xml
3 ms. Memory: 293888K Free: 115763K (39%)
----------------- Invoking toplevel() on ptolemy.moml.MoMLSimpleApplication@243e98b7
----------------- Done invoking toplevel() on ptolemy.moml.MoMLSimpleApplication@243e98b7
reloadAllAccessors: .ArrayLength

===========================================================================================
----------------- testing Thu Jul 23 15:15:04 UTC 2020 /home/travis/build/icyphy/ptII/ptolemy/actor/lib/test/auto/ArrayLevelCrossing.xml
----------------- Instantiating /home/travis/build/icyphy/ptII/ptolemy/actor/lib/test/auto/ArrayLevelCrossing.xml
7 ms. Memory: 293888K Free: 107571K (37%)
----------------- Invoking toplevel() on ptolemy.moml.MoMLSimpleApplication@1807c1de
----------------- Done invoking toplevel() on ptolemy.moml.MoMLSimpleApplication@1807c1de
reloadAllAccessors: .ArrayLevelCrossing

===========================================================================================
----------------- testing Thu Jul 23 15:15:04 UTC 2020 /home/travis/build/icyphy/ptII/ptolemy/actor/lib/test/auto/ArrayLevelCrossing2.xml
----------------- Instantiating /home/travis/build/icyphy/ptII/ptolemy/actor/lib/test/auto/ArrayLevelCrossing2.xml
4 ms. Memory: 293888K Free: 100373K (34%)
----------------- Invoking toplevel() on ptolemy.moml.MoMLSimpleApplication@6703aa85
----------------- Done invoking toplevel() on ptolemy.moml.MoMLSimpleApplication@6703aa85
reloadAllAccessors: .ArrayLevelCrossing2

===========================================================================================
----------------- testing Thu Jul 23 15:15:04 UTC 2020 /home/travis/build/icyphy/ptII/ptolemy/actor/lib/test/auto/ArrayPeakSearch.xml
----------------- Instantiating /home/travis/build/icyphy/ptII/ptolemy/actor/lib/test/auto/ArrayPeakSearch.xml
9 ms. Memory: 293888K Free: 91187K (31%)
----------------- Invoking toplevel() on ptolemy.moml.MoMLSimpleApplication@631905b2
----------------- Done invoking toplevel() on ptolemy.moml.MoMLSimpleApplication@631905b2
reloadAllAccessors: .ArrayPeakSearch

===========================================================================================
----------------- testing Thu Jul 23 15:15:04 UTC 2020 /home/travis/build/icyphy/ptII/ptolemy/actor/lib/test/auto/ArrayPeakSearch2.xml
----------------- Instantiating /home/travis/build/icyphy/ptII/ptolemy/actor/lib/test/auto/ArrayPeakSearch2.xml
10 ms. Memory: 293888K Free: 80933K (28%)
----------------- Invoking toplevel() on ptolemy.moml.MoMLSimpleApplication@19b4eab2
----------------- Done invoking toplevel() on ptolemy.moml.MoMLSimpleApplication@19b4eab2
reloadAllAccessors: .ArrayPeakSearch2

===========================================================================================
----------------- testing Thu Jul 23 15:15:04 UTC 2020 /home/travis/build/icyphy/ptII/ptolemy/actor/lib/test/auto/ArrayPeakSearch3.xml
----------------- Instantiating /home/travis/build/icyphy/ptII/ptolemy/actor/lib/test/auto/ArrayPeakSearch3.xml
7 ms. Memory: 293888K Free: 232517K (79%)
----------------- Invoking toplevel() on ptolemy.moml.MoMLSimpleApplication@2a4b273d
----------------- Done invoking toplevel() on ptolemy.moml.MoMLSimpleApplication@2a4b273d
reloadAllAccessors: .ArrayPeakSearch3

===========================================================================================
----------------- testing Thu Jul 23 15:15:04 UTC 2020 /home/travis/build/icyphy/ptII/ptolemy/actor/lib/test/auto/ArrayRemoveElement.xml
----------------- Instantiating /home/travis/build/icyphy/ptII/ptolemy/actor/lib/test/auto/ArrayRemoveElement.xml
4 ms. Memory: 293888K Free: 224839K (77%)
----------------- Invoking toplevel() on ptolemy.moml.MoMLSimpleApplication@52ce700f
----------------- Done invoking toplevel() on ptolemy.moml.MoMLSimpleApplication@52ce700f
reloadAllAccessors: .ArrayRemoveElement

===========================================================================================
----------------- testing Thu Jul 23 15:15:04 UTC 2020 /home/travis/build/icyphy/ptII/ptolemy/actor/lib/test/auto/ArraySort.xml
----------------- Instantiating /home/travis/build/icyphy/ptII/ptolemy/actor/lib/test/auto/ArraySort.xml
7 ms. Memory: 293888K Free: 215623K (73%)
----------------- Invoking toplevel() on ptolemy.moml.MoMLSimpleApplication@1b5c4d2a
----------------- Done invoking toplevel() on ptolemy.moml.MoMLSimpleApplication@1b5c4d2a
reloadAllAccessors: .ArraySort

===========================================================================================
----------------- testing Thu Jul 23 15:15:04 UTC 2020 /home/travis/build/icyphy/ptII/ptolemy/actor/lib/test/auto/ArraySum.xml
----------------- Instantiating /home/travis/build/icyphy/ptII/ptolemy/actor/lib/test/auto/ArraySum.xml
6 ms. Memory: 293888K Free: 210503K (72%)
----------------- Invoking toplevel() on ptolemy.moml.MoMLSimpleApplication@5f4b863c
----------------- Done invoking toplevel() on ptolemy.moml.MoMLSimpleApplication@5f4b863c
reloadAllAccessors: .ArraySum

===========================================================================================
----------------- testing Thu Jul 23 15:15:05 UTC 2020 /home/travis/build/icyphy/ptII/ptolemy/actor/lib/test/auto/ArrayToElements.xml
----------------- Instantiating /home/travis/build/icyphy/ptII/ptolemy/actor/lib/test/auto/ArrayToElements.xml
7 ms. Memory: 293888K Free: 204869K (70%)
----------------- Invoking toplevel() on ptolemy.moml.MoMLSimpleApplication@25eca342
----------------- Done invoking toplevel() on ptolemy.moml.MoMLSimpleApplication@25eca342
reloadAllAccessors: .ArrayToElements

===========================================================================================
----------------- testing Thu Jul 23 15:15:05 UTC 2020 /home/travis/build/icyphy/ptII/ptolemy/actor/lib/test/auto/ArrayToMatrix.xml
----------------- Instantiating /home/travis/build/icyphy/ptII/ptolemy/actor/lib/test/auto/ArrayToMatrix.xml
12 ms. Memory: 293888K Free: 191047K (65%)
----------------- Invoking toplevel() on ptolemy.moml.MoMLSimpleApplication@46cfeea9
----------------- Done invoking toplevel() on ptolemy.moml.MoMLSimpleApplication@46cfeea9
reloadAllAccessors: .ArrayToMatrix

===========================================================================================
----------------- testing Thu Jul 23 15:15:05 UTC 2020 /home/travis/build/icyphy/ptII/ptolemy/actor/lib/test/auto/ArrayUpdate1.xml
----------------- Instantiating /home/travis/build/icyphy/ptII/ptolemy/actor/lib/test/auto/ArrayUpdate1.xml
4 ms. Memory: 293888K Free: 185927K (63%)
----------------- Invoking toplevel() on ptolemy.moml.MoMLSimpleApplication@23e13230
----------------- Done invoking toplevel() on ptolemy.moml.MoMLSimpleApplication@23e13230
reloadAllAccessors: .ArrayUpdate1

===========================================================================================
----------------- testing Thu Jul 23 15:15:05 UTC 2020 /home/travis/build/icyphy/ptII/ptolemy/actor/lib/test/auto/ArrayUpdate2.xml
----------------- Instantiating /home/travis/build/icyphy/ptII/ptolemy/actor/lib/test/auto/ArrayUpdate2.xml
7 ms. Memory: 293888K Free: 180293K (61%)
----------------- Invoking toplevel() on ptolemy.moml.MoMLSimpleApplication@dd31972
----------------- Done invoking toplevel() on ptolemy.moml.MoMLSimpleApplication@dd31972
reloadAllAccessors: .ArrayUpdate2

===========================================================================================
----------------- testing Thu Jul 23 15:15:05 UTC 2020 /home/travis/build/icyphy/ptII/ptolemy/actor/lib/test/auto/ArrayUpdate3.xml
----------------- Instantiating /home/travis/build/icyphy/ptII/ptolemy/actor/lib/test/auto/ArrayUpdate3.xml
5 ms. Memory: 293888K Free: 174663K (59%)
----------------- Invoking toplevel() on ptolemy.moml.MoMLSimpleApplication@54412179
----------------- Done invoking toplevel() on ptolemy.moml.MoMLSimpleApplication@54412179
reloadAllAccessors: .ArrayUpdate3

===========================================================================================
----------------- testing Thu Jul 23 15:15:05 UTC 2020 /home/travis/build/icyphy/ptII/ptolemy/actor/lib/test/auto/Assert1.xml
----------------- Instantiating /home/travis/build/icyphy/ptII/ptolemy/actor/lib/test/auto/Assert1.xml
6 ms. Memory: 293888K Free: 170053K (58%)
----------------- Invoking toplevel() on ptolemy.moml.MoMLSimpleApplication@3999da45
----------------- Done invoking toplevel() on ptolemy.moml.MoMLSimpleApplication@3999da45
reloadAllAccessors: .Assert1

===========================================================================================
----------------- testing Thu Jul 23 15:15:05 UTC 2020 /home/travis/build/icyphy/ptII/ptolemy/actor/lib/test/auto/Assert2.xml
----------------- Instantiating /home/travis/build/icyphy/ptII/ptolemy/actor/lib/test/auto/Assert2.xml
3 ms. Memory: 293888K Free: 164423K (56%)
----------------- Invoking toplevel() on ptolemy.moml.MoMLSimpleApplication@5af15a05
----------------- Done invoking toplevel() on ptolemy.moml.MoMLSimpleApplication@5af15a05
reloadAllAccessors: .Assert2

===========================================================================================
----------------- testing Thu Jul 23 15:15:05 UTC 2020 /home/travis/build/icyphy/ptII/ptolemy/actor/lib/test/auto/BooleanMultiplexor.xml
----------------- Instantiating /home/travis/build/icyphy/ptII/ptolemy/actor/lib/test/auto/BooleanMultiplexor.xml
3 ms. Memory: 293888K Free: 159303K (54%)
----------------- Invoking toplevel() on ptolemy.moml.MoMLSimpleApplication@2935f5d0
----------------- Done invoking toplevel() on ptolemy.moml.MoMLSimpleApplication@2935f5d0
reloadAllAccessors: .BooleanMultiplexor

===========================================================================================
----------------- testing Thu Jul 23 15:15:05 UTC 2020 /home/travis/build/icyphy/ptII/ptolemy/actor/lib/test/auto/BooleanMultiplexor2.xml
----------------- Instantiating /home/travis/build/icyphy/ptII/ptolemy/actor/lib/test/auto/BooleanMultiplexor2.xml
12 ms. Memory: 293888K Free: 152645K (52%)
----------------- Invoking toplevel() on ptolemy.moml.MoMLSimpleApplication@49b74008
----------------- Done invoking toplevel() on ptolemy.moml.MoMLSimpleApplication@49b74008
reloadAllAccessors: .BooleanMultiplexor2

===========================================================================================
----------------- testing Thu Jul 23 15:15:05 UTC 2020 /home/travis/build/icyphy/ptII/ptolemy/actor/lib/test/auto/BooleanMultiplexor3.xml
----------------- Instantiating /home/travis/build/icyphy/ptII/ptolemy/actor/lib/test/auto/BooleanMultiplexor3.xml
4 ms. Memory: 293888K Free: 149063K (51%)
----------------- Invoking toplevel() on ptolemy.moml.MoMLSimpleApplication@2da52c92
----------------- Done invoking toplevel() on ptolemy.moml.MoMLSimpleApplication@2da52c92
reloadAllAccessors: .BooleanMultiplexor3

===========================================================================================
----------------- testing Thu Jul 23 15:15:05 UTC 2020 /home/travis/build/icyphy/ptII/ptolemy/actor/lib/test/auto/BooleanSelect.xml
----------------- Instantiating /home/travis/build/icyphy/ptII/ptolemy/actor/lib/test/auto/BooleanSelect.xml
9 ms. Memory: 293888K Free: 142919K (49%)
----------------- Invoking toplevel() on ptolemy.moml.MoMLSimpleApplication@23206e95
----------------- Done invoking toplevel() on ptolemy.moml.MoMLSimpleApplication@23206e95
reloadAllAccessors: .BooleanSelect

===========================================================================================
----------------- testing Thu Jul 23 15:15:05 UTC 2020 /home/travis/build/icyphy/ptII/ptolemy/actor/lib/test/auto/BooleanSelect2.xml
----------------- Instantiating /home/travis/build/icyphy/ptII/ptolemy/actor/lib/test/auto/BooleanSelect2.xml
1 ms. Memory: 293888K Free: 138823K (47%)
----------------- Invoking toplevel() on ptolemy.moml.MoMLSimpleApplication@8957c44
----------------- Done invoking toplevel() on ptolemy.moml.MoMLSimpleApplication@8957c44
reloadAllAccessors: .BooleanSelect2

===========================================================================================
----------------- testing Thu Jul 23 15:15:05 UTC 2020 /home/travis/build/icyphy/ptII/ptolemy/actor/lib/test/auto/BooleanSwitch.xml
----------------- Instantiating /home/travis/build/icyphy/ptII/ptolemy/actor/lib/test/auto/BooleanSwitch.xml
4 ms. Memory: 293888K Free: 132165K (45%)
----------------- Invoking toplevel() on ptolemy.moml.MoMLSimpleApplication@71f7f1ae
----------------- Done invoking toplevel() on ptolemy.moml.MoMLSimpleApplication@71f7f1ae
reloadAllAccessors: .BooleanSwitch

===========================================================================================
----------------- testing Thu Jul 23 15:15:05 UTC 2020 /home/travis/build/icyphy/ptII/ptolemy/actor/lib/test/auto/BooleanSwitch2.xml
----------------- Instantiating /home/travis/build/icyphy/ptII/ptolemy/actor/lib/test/auto/BooleanSwitch2.xml
1 ms. Memory: 293888K Free: 127559K (43%)
----------------- Invoking toplevel() on ptolemy.moml.MoMLSimpleApplication@7592bc51
----------------- Done invoking toplevel() on ptolemy.moml.MoMLSimpleApplication@7592bc51
reloadAllAccessors: .BooleanSwitch2

===========================================================================================
----------------- testing Thu Jul 23 15:15:05 UTC 2020 /home/travis/build/icyphy/ptII/ptolemy/actor/lib/test/auto/BooleanSwitchCloningBugWithClassRelationGroup.xml
----------------- Instantiating /home/travis/build/icyphy/ptII/ptolemy/actor/lib/test/auto/BooleanSwitchCloningBugWithClassRelationGroup.xml
4 ms. Memory: 293888K Free: 120901K (41%)
----------------- Invoking toplevel() on ptolemy.moml.MoMLSimpleApplication@58f32b3f
----------------- Done invoking toplevel() on ptolemy.moml.MoMLSimpleApplication@58f32b3f
reloadAllAccessors: .BooleanSwitchCloningBugWithClassRelationGroup

===========================================================================================
----------------- testing Thu Jul 23 15:15:05 UTC 2020 /home/travis/build/icyphy/ptII/ptolemy/actor/lib/test/auto/BusActors.xml
----------------- Instantiating /home/travis/build/icyphy/ptII/ptolemy/actor/lib/test/auto/BusActors.xml
6 ms. Memory: 293888K Free: 113223K (39%)
----------------- Invoking toplevel() on ptolemy.moml.MoMLSimpleApplication@5e6a617f
----------------- Done invoking toplevel() on ptolemy.moml.MoMLSimpleApplication@5e6a617f
reloadAllAccessors: .BusActors

===========================================================================================
----------------- testing Thu Jul 23 15:15:05 UTC 2020 /home/travis/build/icyphy/ptII/ptolemy/actor/lib/test/auto/ClassWrapper.xml
----------------- Instantiating /home/travis/build/icyphy/ptII/ptolemy/actor/lib/test/auto/ClassWrapper.xml
4 ms. Memory: 293888K Free: 108613K (37%)
----------------- Invoking toplevel() on ptolemy.moml.MoMLSimpleApplication@59caf3ab
----------------- Done invoking toplevel() on ptolemy.moml.MoMLSimpleApplication@59caf3ab
reloadAllAccessors: .ClassWrapper

===========================================================================================
----------------- testing Thu Jul 23 15:15:05 UTC 2020 /home/travis/build/icyphy/ptII/ptolemy/actor/lib/test/auto/Clock.xml
----------------- Instantiating /home/travis/build/icyphy/ptII/ptolemy/actor/lib/test/auto/Clock.xml
9 ms. Memory: 293888K Free: 105031K (36%)
----------------- Invoking toplevel() on ptolemy.moml.MoMLSimpleApplication@7de8c370
----------------- Done invoking toplevel() on ptolemy.moml.MoMLSimpleApplication@7de8c370
reloadAllAccessors: .Clock

===========================================================================================
----------------- testing Thu Jul 23 15:15:05 UTC 2020 /home/travis/build/icyphy/ptII/ptolemy/actor/lib/test/auto/Clock10.xml
----------------- Instantiating /home/travis/build/icyphy/ptII/ptolemy/actor/lib/test/auto/Clock10.xml
3 ms. Memory: 293888K Free: 98887K (34%)
----------------- Invoking toplevel() on ptolemy.moml.MoMLSimpleApplication@180168cf
----------------- Done invoking toplevel() on ptolemy.moml.MoMLSimpleApplication@180168cf
reloadAllAccessors: .Clock10

===========================================================================================
----------------- testing Thu Jul 23 15:15:05 UTC 2020 /home/travis/build/icyphy/ptII/ptolemy/actor/lib/test/auto/Clock11.xml
----------------- Instantiating /home/travis/build/icyphy/ptII/ptolemy/actor/lib/test/auto/Clock11.xml
4 ms. Memory: 293888K Free: 93253K (32%)
----------------- Invoking toplevel() on ptolemy.moml.MoMLSimpleApplication@4618e0ea
----------------- Done invoking toplevel() on ptolemy.moml.MoMLSimpleApplication@4618e0ea
reloadAllAccessors: .Clock11

===========================================================================================
----------------- testing Thu Jul 23 15:15:05 UTC 2020 /home/travis/build/icyphy/ptII/ptolemy/actor/lib/test/auto/Clock12.xml
----------------- Instantiating /home/travis/build/icyphy/ptII/ptolemy/actor/lib/test/auto/Clock12.xml
4 ms. Memory: 293888K Free: 87109K (30%)
----------------- Invoking toplevel() on ptolemy.moml.MoMLSimpleApplication@485e22eb
----------------- Done invoking toplevel() on ptolemy.moml.MoMLSimpleApplication@485e22eb
reloadAllAccessors: .Clock12

===========================================================================================
----------------- testing Thu Jul 23 15:15:05 UTC 2020 /home/travis/build/icyphy/ptII/ptolemy/actor/lib/test/auto/Clock13.xml
----------------- Instantiating /home/travis/build/icyphy/ptII/ptolemy/actor/lib/test/auto/Clock13.xml
3 ms. Memory: 293888K Free: 81479K (28%)
----------------- Invoking toplevel() on ptolemy.moml.MoMLSimpleApplication@578b3689
----------------- Done invoking toplevel() on ptolemy.moml.MoMLSimpleApplication@578b3689
reloadAllAccessors: .Clock13

===========================================================================================
----------------- testing Thu Jul 23 15:15:05 UTC 2020 /home/travis/build/icyphy/ptII/ptolemy/actor/lib/test/auto/Clock14.xml
----------------- Instantiating /home/travis/build/icyphy/ptII/ptolemy/actor/lib/test/auto/Clock14.xml
5 ms. Memory: 293888K Free: 75335K (26%)
----------------- Invoking toplevel() on ptolemy.moml.MoMLSimpleApplication@5f55d678
----------------- Done invoking toplevel() on ptolemy.moml.MoMLSimpleApplication@5f55d678
reloadAllAccessors: .Clock14

===========================================================================================
----------------- testing Thu Jul 23 15:15:05 UTC 2020 /home/travis/build/icyphy/ptII/ptolemy/actor/lib/test/auto/Clock15.xml
----------------- Instantiating /home/travis/build/icyphy/ptII/ptolemy/actor/lib/test/auto/Clock15.xml
5 ms. Memory: 293888K Free: 238149K (81%)
----------------- Invoking toplevel() on ptolemy.moml.MoMLSimpleApplication@25262f05
----------------- Done invoking toplevel() on ptolemy.moml.MoMLSimpleApplication@25262f05
reloadAllAccessors: .Clock15

===========================================================================================
----------------- testing Thu Jul 23 15:15:05 UTC 2020 /home/travis/build/icyphy/ptII/ptolemy/actor/lib/test/auto/Clock16.xml
----------------- Instantiating /home/travis/build/icyphy/ptII/ptolemy/actor/lib/test/auto/Clock16.xml
40 ms. Memory: 293888K Free: 223806K (76%)
----------------- Invoking toplevel() on ptolemy.moml.MoMLSimpleApplication@757350fa
----------------- Done invoking toplevel() on ptolemy.moml.MoMLSimpleApplication@757350fa
reloadAllAccessors: .Clock16

===========================================================================================
----------------- testing Thu Jul 23 15:15:05 UTC 2020 /home/travis/build/icyphy/ptII/ptolemy/actor/lib/test/auto/Clock17.xml
----------------- Instantiating /home/travis/build/icyphy/ptII/ptolemy/actor/lib/test/auto/Clock17.xml
23 ms. Memory: 293888K Free: 209462K (71%)
----------------- Invoking toplevel() on ptolemy.moml.MoMLSimpleApplication@48a1d471
----------------- Done invoking toplevel() on ptolemy.moml.MoMLSimpleApplication@48a1d471
reloadAllAccessors: .Clock17

===========================================================================================
----------------- testing Thu Jul 23 15:15:05 UTC 2020 /home/travis/build/icyphy/ptII/ptolemy/actor/lib/test/auto/Clock18.xml
----------------- Instantiating /home/travis/build/icyphy/ptII/ptolemy/actor/lib/test/auto/Clock18.xml
16 ms. Memory: 293888K Free: 196679K (67%)
----------------- Invoking toplevel() on ptolemy.moml.MoMLSimpleApplication@b86649b
----------------- Done invoking toplevel() on ptolemy.moml.MoMLSimpleApplication@b86649b
reloadAllAccessors: .Clock18

===========================================================================================
----------------- testing Thu Jul 23 15:15:05 UTC 2020 /home/travis/build/icyphy/ptII/ptolemy/actor/lib/test/auto/Clock19.xml
----------------- Instantiating /home/travis/build/icyphy/ptII/ptolemy/actor/lib/test/auto/Clock19.xml
15 ms. Memory: 293888K Free: 183367K (62%)
----------------- Invoking toplevel() on ptolemy.moml.MoMLSimpleApplication@19a31a6f
----------------- Done invoking toplevel() on ptolemy.moml.MoMLSimpleApplication@19a31a6f
reloadAllAccessors: .Clock19

===========================================================================================
----------------- testing Thu Jul 23 15:15:06 UTC 2020 /home/travis/build/icyphy/ptII/ptolemy/actor/lib/test/auto/Clock2.xml
----------------- Instantiating /home/travis/build/icyphy/ptII/ptolemy/actor/lib/test/auto/Clock2.xml
7 ms. Memory: 293888K Free: 178726K (61%)
----------------- Invoking toplevel() on ptolemy.moml.MoMLSimpleApplication@39344225
----------------- Done invoking toplevel() on ptolemy.moml.MoMLSimpleApplication@39344225
reloadAllAccessors: .Clock2

===========================================================================================
----------------- testing Thu Jul 23 15:15:06 UTC 2020 /home/travis/build/icyphy/ptII/ptolemy/actor/lib/test/auto/Clock20.xml
----------------- Instantiating /home/travis/build/icyphy/ptII/ptolemy/actor/lib/test/auto/Clock20.xml
10 ms. Memory: 293888K Free: 173127K (59%)
----------------- Invoking toplevel() on ptolemy.moml.MoMLSimpleApplication@43bdc08b
----------------- Done invoking toplevel() on ptolemy.moml.MoMLSimpleApplication@43bdc08b
reloadAllAccessors: .Clock20

===========================================================================================
----------------- testing Thu Jul 23 15:15:06 UTC 2020 /home/travis/build/icyphy/ptII/ptolemy/actor/lib/test/auto/Clock21.xml
----------------- Instantiating /home/travis/build/icyphy/ptII/ptolemy/actor/lib/test/auto/Clock21.xml
5 ms. Memory: 293888K Free: 167493K (57%)
----------------- Invoking toplevel() on ptolemy.moml.MoMLSimpleApplication@b5f7cae
----------------- Done invoking toplevel() on ptolemy.moml.MoMLSimpleApplication@b5f7cae
reloadAllAccessors: .Clock21

===========================================================================================
----------------- testing Thu Jul 23 15:15:06 UTC 2020 /home/travis/build/icyphy/ptII/ptolemy/actor/lib/test/auto/Clock22.xml
----------------- Instantiating /home/travis/build/icyphy/ptII/ptolemy/actor/lib/test/auto/Clock22.xml
5 ms. Memory: 293888K Free: 162373K (55%)
----------------- Invoking toplevel() on ptolemy.moml.MoMLSimpleApplication@2f11a644
----------------- Done invoking toplevel() on ptolemy.moml.MoMLSimpleApplication@2f11a644
reloadAllAccessors: .Clock22

===========================================================================================
----------------- testing Thu Jul 23 15:15:06 UTC 2020 /home/travis/build/icyphy/ptII/ptolemy/actor/lib/test/auto/Clock23.xml
----------------- Instantiating /home/travis/build/icyphy/ptII/ptolemy/actor/lib/test/auto/Clock23.xml
6 ms. Memory: 293888K Free: 156743K (53%)
----------------- Invoking toplevel() on ptolemy.moml.MoMLSimpleApplication@525d5ac5
----------------- Done invoking toplevel() on ptolemy.moml.MoMLSimpleApplication@525d5ac5
reloadAllAccessors: .Clock23

===========================================================================================
----------------- testing Thu Jul 23 15:15:06 UTC 2020 /home/travis/build/icyphy/ptII/ptolemy/actor/lib/test/auto/Clock24.xml
----------------- Instantiating /home/travis/build/icyphy/ptII/ptolemy/actor/lib/test/auto/Clock24.xml
6 ms. Memory: 293888K Free: 151623K (52%)
----------------- Invoking toplevel() on ptolemy.moml.MoMLSimpleApplication@3efd5c92
----------------- Done invoking toplevel() on ptolemy.moml.MoMLSimpleApplication@3efd5c92
reloadAllAccessors: .Clock24

===========================================================================================
----------------- testing Thu Jul 23 15:15:06 UTC 2020 /home/travis/build/icyphy/ptII/ptolemy/actor/lib/test/auto/Clock4.xml
----------------- Instantiating /home/travis/build/icyphy/ptII/ptolemy/actor/lib/test/auto/Clock4.xml
1 ms. Memory: 293888K Free: 146503K (50%)
----------------- Invoking toplevel() on ptolemy.moml.MoMLSimpleApplication@7a251270
----------------- Done invoking toplevel() on ptolemy.moml.MoMLSimpleApplication@7a251270
reloadAllAccessors: .Clock4

===========================================================================================
----------------- testing Thu Jul 23 15:15:06 UTC 2020 /home/travis/build/icyphy/ptII/ptolemy/actor/lib/test/auto/Clock5.xml
----------------- Instantiating /home/travis/build/icyphy/ptII/ptolemy/actor/lib/test/auto/Clock5.xml
1 ms. Memory: 293888K Free: 141383K (48%)
----------------- Invoking toplevel() on ptolemy.moml.MoMLSimpleApplication@6620bb24
----------------- Done invoking toplevel() on ptolemy.moml.MoMLSimpleApplication@6620bb24
reloadAllAccessors: .Clock5

===========================================================================================
----------------- testing Thu Jul 23 15:15:06 UTC 2020 /home/travis/build/icyphy/ptII/ptolemy/actor/lib/test/auto/Clock6.xml
----------------- Instantiating /home/travis/build/icyphy/ptII/ptolemy/actor/lib/test/auto/Clock6.xml
1 ms. Memory: 293888K Free: 137287K (47%)
----------------- Invoking toplevel() on ptolemy.moml.MoMLSimpleApplication@6ec3fa05
----------------- Done invoking toplevel() on ptolemy.moml.MoMLSimpleApplication@6ec3fa05
reloadAllAccessors: .Clock6

===========================================================================================
----------------- testing Thu Jul 23 15:15:06 UTC 2020 /home/travis/build/icyphy/ptII/ptolemy/actor/lib/test/auto/Clock7.xml
----------------- Instantiating /home/travis/build/icyphy/ptII/ptolemy/actor/lib/test/auto/Clock7.xml
2 ms. Memory: 293888K Free: 132677K (45%)
----------------- Invoking toplevel() on ptolemy.moml.MoMLSimpleApplication@a92b1bf
----------------- Done invoking toplevel() on ptolemy.moml.MoMLSimpleApplication@a92b1bf
reloadAllAccessors: .Clock7

===========================================================================================
----------------- testing Thu Jul 23 15:15:06 UTC 2020 /home/travis/build/icyphy/ptII/ptolemy/actor/lib/test/auto/Clock8.xml
----------------- Instantiating /home/travis/build/icyphy/ptII/ptolemy/actor/lib/test/auto/Clock8.xml
7 ms. Memory: 293888K Free: 127526K (43%)
----------------- Invoking toplevel() on ptolemy.moml.MoMLSimpleApplication@1ada29a
----------------- Done invoking toplevel() on ptolemy.moml.MoMLSimpleApplication@1ada29a
reloadAllAccessors: .Clock8

===========================================================================================
----------------- testing Thu Jul 23 15:15:06 UTC 2020 /home/travis/build/icyphy/ptII/ptolemy/actor/lib/test/auto/Clock9.xml
----------------- Instantiating /home/travis/build/icyphy/ptII/ptolemy/actor/lib/test/auto/Clock9.xml
7 ms. Memory: 293888K Free: 121927K (41%)
----------------- Invoking toplevel() on ptolemy.moml.MoMLSimpleApplication@7d67834b
----------------- Done invoking toplevel() on ptolemy.moml.MoMLSimpleApplication@7d67834b
reloadAllAccessors: .Clock9

===========================================================================================
----------------- testing Thu Jul 23 15:15:06 UTC 2020 /home/travis/build/icyphy/ptII/ptolemy/actor/lib/test/auto/CommDistDiscard.xml
----------------- Instantiating /home/travis/build/icyphy/ptII/ptolemy/actor/lib/test/auto/CommDistDiscard.xml
4 ms. Memory: 293888K Free: 116807K (40%)
----------------- Invoking toplevel() on ptolemy.moml.MoMLSimpleApplication@5415e7f6
----------------- Done invoking toplevel() on ptolemy.moml.MoMLSimpleApplication@5415e7f6
reloadAllAccessors: .CommDistDiscard

===========================================================================================
----------------- testing Thu Jul 23 15:15:06 UTC 2020 /home/travis/build/icyphy/ptII/ptolemy/actor/lib/test/auto/Commutator.xml
----------------- Instantiating /home/travis/build/icyphy/ptII/ptolemy/actor/lib/test/auto/Commutator.xml
3 ms. Memory: 293888K Free: 112197K (38%)
----------------- Invoking toplevel() on ptolemy.moml.MoMLSimpleApplication@18a99697
----------------- Done invoking toplevel() on ptolemy.moml.MoMLSimpleApplication@18a99697
reloadAllAccessors: .Commutator

===========================================================================================
----------------- testing Thu Jul 23 15:15:06 UTC 2020 /home/travis/build/icyphy/ptII/ptolemy/actor/lib/test/auto/Commutator2.xml
----------------- Instantiating /home/travis/build/icyphy/ptII/ptolemy/actor/lib/test/auto/Commutator2.xml
2 ms. Memory: 293888K Free: 107591K (37%)
----------------- Invoking toplevel() on ptolemy.moml.MoMLSimpleApplication@665249b0
----------------- Done invoking toplevel() on ptolemy.moml.MoMLSimpleApplication@665249b0
reloadAllAccessors: .Commutator2

===========================================================================================
----------------- testing Thu Jul 23 15:15:06 UTC 2020 /home/travis/build/icyphy/ptII/ptolemy/actor/lib/test/auto/Commutator3.xml
----------------- Instantiating /home/travis/build/icyphy/ptII/ptolemy/actor/lib/test/auto/Commutator3.xml
2 ms. Memory: 293888K Free: 103495K (35%)
----------------- Invoking toplevel() on ptolemy.moml.MoMLSimpleApplication@27a1c811
----------------- Done invoking toplevel() on ptolemy.moml.MoMLSimpleApplication@27a1c811
reloadAllAccessors: .Commutator3

===========================================================================================
----------------- testing Thu Jul 23 15:15:06 UTC 2020 /home/travis/build/icyphy/ptII/ptolemy/actor/lib/test/auto/Compare.xml
----------------- Instantiating /home/travis/build/icyphy/ptII/ptolemy/actor/lib/test/auto/Compare.xml
2 ms. Memory: 293888K Free: 96837K (33%)
----------------- Invoking toplevel() on ptolemy.moml.MoMLSimpleApplication@16d00ff
----------------- Done invoking toplevel() on ptolemy.moml.MoMLSimpleApplication@16d00ff
reloadAllAccessors: .Compare

===========================================================================================
----------------- testing Thu Jul 23 15:15:06 UTC 2020 /home/travis/build/icyphy/ptII/ptolemy/actor/lib/test/auto/CompareDE.xml
----------------- Instantiating /home/travis/build/icyphy/ptII/ptolemy/actor/lib/test/auto/CompareDE.xml
4 ms. Memory: 293888K Free: 90183K (31%)
----------------- Invoking toplevel() on ptolemy.moml.MoMLSimpleApplication@4c9bc22f
----------------- Done invoking toplevel() on ptolemy.moml.MoMLSimpleApplication@4c9bc22f
reloadAllAccessors: .CompareDE

===========================================================================================
----------------- testing Thu Jul 23 15:15:06 UTC 2020 /home/travis/build/icyphy/ptII/ptolemy/actor/lib/test/auto/ComplexDivide.xml
----------------- Instantiating /home/travis/build/icyphy/ptII/ptolemy/actor/lib/test/auto/ComplexDivide.xml
1 ms. Memory: 293888K Free: 86087K (29%)
----------------- Invoking toplevel() on ptolemy.moml.MoMLSimpleApplication@17ab30e4
----------------- Done invoking toplevel() on ptolemy.moml.MoMLSimpleApplication@17ab30e4
reloadAllAccessors: .ComplexDivide

===========================================================================================
----------------- testing Thu Jul 23 15:15:06 UTC 2020 /home/travis/build/icyphy/ptII/ptolemy/actor/lib/test/auto/ComputeHistogram.xml
----------------- Instantiating /home/travis/build/icyphy/ptII/ptolemy/actor/lib/test/auto/ComputeHistogram.xml
32 ms. Memory: 293888K Free: 73285K (25%)
----------------- Invoking toplevel() on ptolemy.moml.MoMLSimpleApplication@2ea64e35
----------------- Done invoking toplevel() on ptolemy.moml.MoMLSimpleApplication@2ea64e35
reloadAllAccessors: .ComputeHistogram

===========================================================================================
----------------- testing Thu Jul 23 15:15:06 UTC 2020 /home/travis/build/icyphy/ptII/ptolemy/actor/lib/test/auto/ConfigurationSelect.xml
----------------- Instantiating /home/travis/build/icyphy/ptII/ptolemy/actor/lib/test/auto/ConfigurationSelect.xml
32 ms. Memory: 571392K Free: 517822K (91%)
----------------- Invoking toplevel() on ptolemy.moml.MoMLSimpleApplication@43a7b641
----------------- Done invoking toplevel() on ptolemy.moml.MoMLSimpleApplication@43a7b641
reloadAllAccessors: .ConfigurationSelect

===========================================================================================
----------------- testing Thu Jul 23 15:15:06 UTC 2020 /home/travis/build/icyphy/ptII/ptolemy/actor/lib/test/auto/ConfigurationSelect2.xml
----------------- Instantiating /home/travis/build/icyphy/ptII/ptolemy/actor/lib/test/auto/ConfigurationSelect2.xml
2 ms. Memory: 571392K Free: 512716K (90%)
----------------- Invoking toplevel() on ptolemy.moml.MoMLSimpleApplication@72a0ee8b
----------------- Done invoking toplevel() on ptolemy.moml.MoMLSimpleApplication@72a0ee8b
reloadAllAccessors: .ConfigurationSelect2

===========================================================================================
----------------- testing Thu Jul 23 15:15:06 UTC 2020 /home/travis/build/icyphy/ptII/ptolemy/actor/lib/test/auto/ConfigurationSwitch.xml
----------------- Instantiating /home/travis/build/icyphy/ptII/ptolemy/actor/lib/test/auto/ConfigurationSwitch.xml
10 ms. Memory: 571392K Free: 507086K (89%)
----------------- Invoking toplevel() on ptolemy.moml.MoMLSimpleApplication@77fd167a
----------------- Done invoking toplevel() on ptolemy.moml.MoMLSimpleApplication@77fd167a
reloadAllAccessors: .ConfigurationSwitch

===========================================================================================
----------------- testing Thu Jul 23 15:15:06 UTC 2020 /home/travis/build/icyphy/ptII/ptolemy/actor/lib/test/auto/ConfigurationSwitch2.xml
----------------- Instantiating /home/travis/build/icyphy/ptII/ptolemy/actor/lib/test/auto/ConfigurationSwitch2.xml
3 ms. Memory: 571392K Free: 501966K (88%)
----------------- Invoking toplevel() on ptolemy.moml.MoMLSimpleApplication@1ea3ff5f
----------------- Done invoking toplevel() on ptolemy.moml.MoMLSimpleApplication@1ea3ff5f
reloadAllAccessors: .ConfigurationSwitch2

===========================================================================================
----------------- testing Thu Jul 23 15:15:06 UTC 2020 /home/travis/build/icyphy/ptII/ptolemy/actor/lib/test/auto/ConfigurationSwitchCloningBugWithClassRelationGroup.xml
----------------- Instantiating /home/travis/build/icyphy/ptII/ptolemy/actor/lib/test/auto/ConfigurationSwitchCloningBugWithClassRelationGroup.xml
1 ms. Memory: 571392K Free: 495308K (87%)
----------------- Invoking toplevel() on ptolemy.moml.MoMLSimpleApplication@233fc543
----------------- Done invoking toplevel() on ptolemy.moml.MoMLSimpleApplication@233fc543
reloadAllAccessors: .ConfigurationSwitchCloningBugWithClassRelationGroup

===========================================================================================
----------------- testing Thu Jul 23 15:15:06 UTC 2020 /home/travis/build/icyphy/ptII/ptolemy/actor/lib/test/auto/ConfigurationSwitchSelectSDF.xml
----------------- Instantiating /home/travis/build/icyphy/ptII/ptolemy/actor/lib/test/auto/ConfigurationSwitchSelectSDF.xml
3 ms. Memory: 571392K Free: 489678K (86%)
----------------- Invoking toplevel() on ptolemy.moml.MoMLSimpleApplication@2cec947a
----------------- Done invoking toplevel() on ptolemy.moml.MoMLSimpleApplication@2cec947a
reloadAllAccessors: .ConfigurationSwitchSelectSDF

===========================================================================================
----------------- testing Thu Jul 23 15:15:06 UTC 2020 /home/travis/build/icyphy/ptII/ptolemy/actor/lib/test/auto/ConfigurationSwitchSelectSDF2.xml
----------------- Instantiating /home/travis/build/icyphy/ptII/ptolemy/actor/lib/test/auto/ConfigurationSwitchSelectSDF2.xml
13 ms. Memory: 571392K Free: 484044K (85%)
----------------- Invoking toplevel() on ptolemy.moml.MoMLSimpleApplication@18b2d76f
----------------- Done invoking toplevel() on ptolemy.moml.MoMLSimpleApplication@18b2d76f
reloadAllAccessors: .ConfigurationSwitchSelectSDF2

===========================================================================================
----------------- testing Thu Jul 23 15:15:06 UTC 2020 /home/travis/build/icyphy/ptII/ptolemy/actor/lib/test/auto/Const.xml
----------------- Instantiating /home/travis/build/icyphy/ptII/ptolemy/actor/lib/test/auto/Const.xml
2 ms. Memory: 571392K Free: 480462K (84%)
----------------- Invoking toplevel() on ptolemy.moml.MoMLSimpleApplication@eaed208
----------------- Done invoking toplevel() on ptolemy.moml.MoMLSimpleApplication@eaed208
reloadAllAccessors: .Const

===========================================================================================
----------------- testing Thu Jul 23 15:15:06 UTC 2020 /home/travis/build/icyphy/ptII/ptolemy/actor/lib/test/auto/Const2.xml
----------------- Instantiating /home/travis/build/icyphy/ptII/ptolemy/actor/lib/test/auto/Const2.xml
2 ms. Memory: 571392K Free: 475852K (83%)
----------------- Invoking toplevel() on ptolemy.moml.MoMLSimpleApplication@302be6c8
----------------- Done invoking toplevel() on ptolemy.moml.MoMLSimpleApplication@302be6c8
reloadAllAccessors: .Const2

===========================================================================================
----------------- testing Thu Jul 23 15:15:06 UTC 2020 /home/travis/build/icyphy/ptII/ptolemy/actor/lib/test/auto/Const3.xml
----------------- Instantiating /home/travis/build/icyphy/ptII/ptolemy/actor/lib/test/auto/Const3.xml
2 ms. Memory: 571392K Free: 473294K (83%)
----------------- Invoking toplevel() on ptolemy.moml.MoMLSimpleApplication@2922d7c2
----------------- Done invoking toplevel() on ptolemy.moml.MoMLSimpleApplication@2922d7c2
reloadAllAccessors: .Const3

===========================================================================================
----------------- testing Thu Jul 23 15:15:06 UTC 2020 /home/travis/build/icyphy/ptII/ptolemy/actor/lib/test/auto/ConstantPublisherPort1.xml
----------------- Instantiating /home/travis/build/icyphy/ptII/ptolemy/actor/lib/test/auto/ConstantPublisherPort1.xml
7 ms. Memory: 571392K Free: 464078K (81%)
----------------- Invoking toplevel() on ptolemy.moml.MoMLSimpleApplication@27b2986f
----------------- Done invoking toplevel() on ptolemy.moml.MoMLSimpleApplication@27b2986f
reloadAllAccessors: .ConstantPublisherPort1

===========================================================================================
----------------- testing Thu Jul 23 15:15:06 UTC 2020 /home/travis/build/icyphy/ptII/ptolemy/actor/lib/test/auto/ConstantPublisherPort2.xml
----------------- Instantiating /home/travis/build/icyphy/ptII/ptolemy/actor/lib/test/auto/ConstantPublisherPort2.xml
14 ms. Memory: 571392K Free: 456910K (80%)
----------------- Invoking toplevel() on ptolemy.moml.MoMLSimpleApplication@578902b4
----------------- Done invoking toplevel() on ptolemy.moml.MoMLSimpleApplication@578902b4
reloadAllAccessors: .ConstantPublisherPort2

===========================================================================================
----------------- testing Thu Jul 23 15:15:06 UTC 2020 /home/travis/build/icyphy/ptII/ptolemy/actor/lib/test/auto/ConstantPublisherPort3.xml
----------------- Instantiating /home/travis/build/icyphy/ptII/ptolemy/actor/lib/test/auto/ConstantPublisherPort3.xml
12 ms. Memory: 571392K Free: 449228K (79%)
----------------- Invoking toplevel() on ptolemy.moml.MoMLSimpleApplication@1ca8105d
----------------- Done invoking toplevel() on ptolemy.moml.MoMLSimpleApplication@1ca8105d
reloadAllAccessors: .ConstantPublisherPort3

===========================================================================================
----------------- testing Thu Jul 23 15:15:06 UTC 2020 /home/travis/build/icyphy/ptII/ptolemy/actor/lib/test/auto/ConstantPublisherPort4.xml
----------------- Instantiating /home/travis/build/icyphy/ptII/ptolemy/actor/lib/test/auto/ConstantPublisherPort4.xml
5 ms. Memory: 571392K Free: 442046K (77%)
----------------- Invoking toplevel() on ptolemy.moml.MoMLSimpleApplication@71d7eba5
----------------- Done invoking toplevel() on ptolemy.moml.MoMLSimpleApplication@71d7eba5
reloadAllAccessors: .ConstantPublisherPort4

===========================================================================================
----------------- testing Thu Jul 23 15:15:06 UTC 2020 /home/travis/build/icyphy/ptII/ptolemy/actor/lib/test/auto/ConstantPublisherPort5.xml
----------------- Instantiating /home/travis/build/icyphy/ptII/ptolemy/actor/lib/test/auto/ConstantPublisherPort5.xml
33 ms. Memory: 571392K Free: 432844K (76%)
----------------- Invoking toplevel() on ptolemy.moml.MoMLSimpleApplication@1e78d0b5
----------------- Done invoking toplevel() on ptolemy.moml.MoMLSimpleApplication@1e78d0b5
reloadAllAccessors: .ConstantPublisherPort5

===========================================================================================
----------------- testing Thu Jul 23 15:15:06 UTC 2020 /home/travis/build/icyphy/ptII/ptolemy/actor/lib/test/auto/ConstantPublisherPort6.xml
----------------- Instantiating /home/travis/build/icyphy/ptII/ptolemy/actor/lib/test/auto/ConstantPublisherPort6.xml
17 ms. Memory: 571392K Free: 423628K (74%)
----------------- Invoking toplevel() on ptolemy.moml.MoMLSimpleApplication@2a0013f3
----------------- Done invoking toplevel() on ptolemy.moml.MoMLSimpleApplication@2a0013f3
reloadAllAccessors: .ConstantPublisherPort6

===========================================================================================
----------------- testing Thu Jul 23 15:15:07 UTC 2020 /home/travis/build/icyphy/ptII/ptolemy/actor/lib/test/auto/ConstantPublisherPort7.xml
----------------- Instantiating /home/travis/build/icyphy/ptII/ptolemy/actor/lib/test/auto/ConstantPublisherPort7.xml
16 ms. Memory: 571392K Free: 413902K (72%)
----------------- Invoking toplevel() on ptolemy.moml.MoMLSimpleApplication@16cbf327
----------------- Done invoking toplevel() on ptolemy.moml.MoMLSimpleApplication@16cbf327
reloadAllAccessors: .ConstantPublisherPort7

===========================================================================================
----------------- testing Thu Jul 23 15:15:07 UTC 2020 /home/travis/build/icyphy/ptII/ptolemy/actor/lib/test/auto/ConstraintMonitor1.xml
----------------- Instantiating /home/travis/build/icyphy/ptII/ptolemy/actor/lib/test/auto/ConstraintMonitor1.xml
3 ms. Memory: 571392K Free: 408782K (72%)
----------------- Invoking toplevel() on ptolemy.moml.MoMLSimpleApplication@14b04e42
----------------- Done invoking toplevel() on ptolemy.moml.MoMLSimpleApplication@14b04e42
reloadAllAccessors: .ConstraintMonitor1

===========================================================================================
----------------- testing Thu Jul 23 15:15:07 UTC 2020 /home/travis/build/icyphy/ptII/ptolemy/actor/lib/test/auto/ConstraintMonitor2.xml
----------------- Instantiating /home/travis/build/icyphy/ptII/ptolemy/actor/lib/test/auto/ConstraintMonitor2.xml
5 ms. Memory: 571392K Free: 404172K (71%)
----------------- Invoking toplevel() on ptolemy.moml.MoMLSimpleApplication@6bea24d1
----------------- Done invoking toplevel() on ptolemy.moml.MoMLSimpleApplication@6bea24d1
reloadAllAccessors: .ConstraintMonitor2

===========================================================================================
----------------- testing Thu Jul 23 15:15:07 UTC 2020 /home/travis/build/icyphy/ptII/ptolemy/actor/lib/test/auto/ConstraintMonitor3.xml
----------------- Instantiating /home/travis/build/icyphy/ptII/ptolemy/actor/lib/test/auto/ConstraintMonitor3.xml
3 ms. Memory: 571392K Free: 399566K (70%)
----------------- Invoking toplevel() on ptolemy.moml.MoMLSimpleApplication@310c060a
----------------- Done invoking toplevel() on ptolemy.moml.MoMLSimpleApplication@310c060a
reloadAllAccessors: .ConstraintMonitor3

===========================================================================================
----------------- testing Thu Jul 23 15:15:07 UTC 2020 /home/travis/build/icyphy/ptII/ptolemy/actor/lib/test/auto/ConstraintMonitor4.xml
----------------- Instantiating /home/travis/build/icyphy/ptII/ptolemy/actor/lib/test/auto/ConstraintMonitor4.xml
4 ms. Memory: 571392K Free: 394956K (69%)
----------------- Invoking toplevel() on ptolemy.moml.MoMLSimpleApplication@6a0534f0
----------------- Done invoking toplevel() on ptolemy.moml.MoMLSimpleApplication@6a0534f0
reloadAllAccessors: .ConstraintMonitor4

===========================================================================================
----------------- testing Thu Jul 23 15:15:07 UTC 2020 /home/travis/build/icyphy/ptII/ptolemy/actor/lib/test/auto/ConstraintMonitor5.xml
----------------- Instantiating /home/travis/build/icyphy/ptII/ptolemy/actor/lib/test/auto/ConstraintMonitor5.xml
5 ms. Memory: 571392K Free: 389836K (68%)
----------------- Invoking toplevel() on ptolemy.moml.MoMLSimpleApplication@17ac4a1f
----------------- Done invoking toplevel() on ptolemy.moml.MoMLSimpleApplication@17ac4a1f
reloadAllAccessors: .ConstraintMonitor5

===========================================================================================
----------------- testing Thu Jul 23 15:15:07 UTC 2020 /home/travis/build/icyphy/ptII/ptolemy/actor/lib/test/auto/ConstraintMonitor6.xml
----------------- Instantiating /home/travis/build/icyphy/ptII/ptolemy/actor/lib/test/auto/ConstraintMonitor6.xml
3 ms. Memory: 571392K Free: 383678K (67%)
----------------- Invoking toplevel() on ptolemy.moml.MoMLSimpleApplication@445c61fa
----------------- Done invoking toplevel() on ptolemy.moml.MoMLSimpleApplication@445c61fa
reloadAllAccessors: .ConstraintMonitor6

===========================================================================================
----------------- testing Thu Jul 23 15:15:07 UTC 2020 /home/travis/build/icyphy/ptII/ptolemy/actor/lib/test/auto/ConstraintMonitor7.xml
----------------- Instantiating /home/travis/build/icyphy/ptII/ptolemy/actor/lib/test/auto/ConstraintMonitor7.xml
5 ms. Memory: 571392K Free: 377518K (66%)
----------------- Invoking toplevel() on ptolemy.moml.MoMLSimpleApplication@12555929
----------------- Done invoking toplevel() on ptolemy.moml.MoMLSimpleApplication@12555929
reloadAllAccessors: .ConstraintMonitor7

===========================================================================================
----------------- testing Thu Jul 23 15:15:07 UTC 2020 /home/travis/build/icyphy/ptII/ptolemy/actor/lib/test/auto/ConstraintMonitor8.xml
----------------- Instantiating /home/travis/build/icyphy/ptII/ptolemy/actor/lib/test/auto/ConstraintMonitor8.xml
7 ms. Memory: 571392K Free: 370380K (65%)
----------------- Invoking toplevel() on ptolemy.moml.MoMLSimpleApplication@1d82d85a
----------------- Done invoking toplevel() on ptolemy.moml.MoMLSimpleApplication@1d82d85a
reloadAllAccessors: .ConstraintMonitor8

===========================================================================================
----------------- testing Thu Jul 23 15:15:07 UTC 2020 /home/travis/build/icyphy/ptII/ptolemy/actor/lib/test/auto/Counter.xml
----------------- Instantiating /home/travis/build/icyphy/ptII/ptolemy/actor/lib/test/auto/Counter.xml
2 ms. Memory: 571392K Free: 365260K (64%)
----------------- Invoking toplevel() on ptolemy.moml.MoMLSimpleApplication@40902e6c
----------------- Done invoking toplevel() on ptolemy.moml.MoMLSimpleApplication@40902e6c
reloadAllAccessors: .Counter

===========================================================================================
----------------- testing Thu Jul 23 15:15:07 UTC 2020 /home/travis/build/icyphy/ptII/ptolemy/actor/lib/test/auto/CurrentTimeSDF.xml
----------------- Instantiating /home/travis/build/icyphy/ptII/ptolemy/actor/lib/test/auto/CurrentTimeSDF.xml
2 ms. Memory: 571392K Free: 361164K (63%)
----------------- Invoking toplevel() on ptolemy.moml.MoMLSimpleApplication@2bc352a3
----------------- Done invoking toplevel() on ptolemy.moml.MoMLSimpleApplication@2bc352a3
reloadAllAccessors: .CurrentTimeSDF

===========================================================================================
----------------- testing Thu Jul 23 15:15:07 UTC 2020 /home/travis/build/icyphy/ptII/ptolemy/actor/lib/test/auto/DB.xml
----------------- Instantiating /home/travis/build/icyphy/ptII/ptolemy/actor/lib/test/auto/DB.xml
2 ms. Memory: 571392K Free: 356558K (62%)
----------------- Invoking toplevel() on ptolemy.moml.MoMLSimpleApplication@fb360
----------------- Done invoking toplevel() on ptolemy.moml.MoMLSimpleApplication@fb360
reloadAllAccessors: .DB

===========================================================================================
----------------- testing Thu Jul 23 15:15:07 UTC 2020 /home/travis/build/icyphy/ptII/ptolemy/actor/lib/test/auto/DBDE.xml
----------------- Instantiating /home/travis/build/icyphy/ptII/ptolemy/actor/lib/test/auto/DBDE.xml
4 ms. Memory: 571392K Free: 350414K (61%)
----------------- Invoking toplevel() on ptolemy.moml.MoMLSimpleApplication@243c086f
----------------- Done invoking toplevel() on ptolemy.moml.MoMLSimpleApplication@243c086f
reloadAllAccessors: .DBDE

===========================================================================================
----------------- testing Thu Jul 23 15:15:07 UTC 2020 /home/travis/build/icyphy/ptII/ptolemy/actor/lib/test/auto/DateConstructor.xml
----------------- Instantiating /home/travis/build/icyphy/ptII/ptolemy/actor/lib/test/auto/DateConstructor.xml
33 ms. Memory: 571392K Free: 333006K (58%)
----------------- Invoking toplevel() on ptolemy.moml.MoMLSimpleApplication@3ada896c
----------------- Done invoking toplevel() on ptolemy.moml.MoMLSimpleApplication@3ada896c
reloadAllAccessors: .DateConstructor

===========================================================================================
----------------- testing Thu Jul 23 15:15:07 UTC 2020 /home/travis/build/icyphy/ptII/ptolemy/actor/lib/test/auto/DelayTime.xml
----------------- Instantiating /home/travis/build/icyphy/ptII/ptolemy/actor/lib/test/auto/DelayTime.xml
8 ms. Memory: 571392K Free: 327886K (57%)
----------------- Invoking toplevel() on ptolemy.moml.MoMLSimpleApplication@5bedc126
----------------- Done invoking toplevel() on ptolemy.moml.MoMLSimpleApplication@5bedc126
reloadAllAccessors: .DelayTime

===========================================================================================
----------------- testing Thu Jul 23 15:15:07 UTC 2020 /home/travis/build/icyphy/ptII/ptolemy/actor/lib/test/auto/Dictionary1.xml
----------------- Instantiating /home/travis/build/icyphy/ptII/ptolemy/actor/lib/test/auto/Dictionary1.xml
9 ms. Memory: 571392K Free: 322252K (56%)
----------------- Invoking toplevel() on ptolemy.moml.MoMLSimpleApplication@32134ab
----------------- Done invoking toplevel() on ptolemy.moml.MoMLSimpleApplication@32134ab
reloadAllAccessors: .Dictionary1

===========================================================================================
----------------- testing Thu Jul 23 15:15:07 UTC 2020 /home/travis/build/icyphy/ptII/ptolemy/actor/lib/test/auto/Dictionary2.xml
----------------- Instantiating /home/travis/build/icyphy/ptII/ptolemy/actor/lib/test/auto/Dictionary2.xml
3 ms. Memory: 571392K Free: 316622K (55%)
----------------- Invoking toplevel() on ptolemy.moml.MoMLSimpleApplication@387b2ece
----------------- Done invoking toplevel() on ptolemy.moml.MoMLSimpleApplication@387b2ece
reloadAllAccessors: .Dictionary2

===========================================================================================
----------------- testing Thu Jul 23 15:15:07 UTC 2020 /home/travis/build/icyphy/ptII/ptolemy/actor/lib/test/auto/Dictionary3.xml
----------------- Instantiating /home/travis/build/icyphy/ptII/ptolemy/actor/lib/test/auto/Dictionary3.xml
2 ms. Memory: 571392K Free: 310988K (54%)
----------------- Invoking toplevel() on ptolemy.moml.MoMLSimpleApplication@16571e94
----------------- Done invoking toplevel() on ptolemy.moml.MoMLSimpleApplication@16571e94
reloadAllAccessors: .Dictionary3

===========================================================================================
----------------- testing Thu Jul 23 15:15:07 UTC 2020 /home/travis/build/icyphy/ptII/ptolemy/actor/lib/test/auto/Dictionary4.xml
----------------- Instantiating /home/travis/build/icyphy/ptII/ptolemy/actor/lib/test/auto/Dictionary4.xml
5 ms. Memory: 571392K Free: 304334K (53%)
----------------- Invoking toplevel() on ptolemy.moml.MoMLSimpleApplication@2515c325
----------------- Done invoking toplevel() on ptolemy.moml.MoMLSimpleApplication@2515c325
reloadAllAccessors: .Dictionary4

===========================================================================================
----------------- testing Thu Jul 23 15:15:07 UTC 2020 /home/travis/build/icyphy/ptII/ptolemy/actor/lib/test/auto/Differential.xml
----------------- Instantiating /home/travis/build/icyphy/ptII/ptolemy/actor/lib/test/auto/Differential.xml
3 ms. Memory: 571392K Free: 299724K (52%)
----------------- Invoking toplevel() on ptolemy.moml.MoMLSimpleApplication@7c5f0209
----------------- Done invoking toplevel() on ptolemy.moml.MoMLSimpleApplication@7c5f0209
reloadAllAccessors: .Differential

===========================================================================================
----------------- testing Thu Jul 23 15:15:07 UTC 2020 /home/travis/build/icyphy/ptII/ptolemy/actor/lib/test/auto/Director.xml
----------------- Instantiating /home/travis/build/icyphy/ptII/ptolemy/actor/lib/test/auto/Director.xml
2 ms. Memory: 571392K Free: 296142K (52%)
----------------- Invoking toplevel() on ptolemy.moml.MoMLSimpleApplication@53e8c422
----------------- Done invoking toplevel() on ptolemy.moml.MoMLSimpleApplication@53e8c422
reloadAllAccessors: .Director

===========================================================================================
----------------- testing Thu Jul 23 15:15:07 UTC 2020 /home/travis/build/icyphy/ptII/ptolemy/actor/lib/test/auto/DiscreteClock.xml
----------------- Instantiating /home/travis/build/icyphy/ptII/ptolemy/actor/lib/test/auto/DiscreteClock.xml
3 ms. Memory: 571392K Free: 292556K (51%)
----------------- Invoking toplevel() on ptolemy.moml.MoMLSimpleApplication@33a67e08
----------------- Done invoking toplevel() on ptolemy.moml.MoMLSimpleApplication@33a67e08
reloadAllAccessors: .DiscreteClock

===========================================================================================
----------------- testing Thu Jul 23 15:15:07 UTC 2020 /home/travis/build/icyphy/ptII/ptolemy/actor/lib/test/auto/DiscreteClock10.xml
----------------- Instantiating /home/travis/build/icyphy/ptII/ptolemy/actor/lib/test/auto/DiscreteClock10.xml
4 ms. Memory: 571392K Free: 286412K (50%)
----------------- Invoking toplevel() on ptolemy.moml.MoMLSimpleApplication@33595d0e
----------------- Done invoking toplevel() on ptolemy.moml.MoMLSimpleApplication@33595d0e
reloadAllAccessors: .DiscreteClock10

===========================================================================================
----------------- testing Thu Jul 23 15:15:07 UTC 2020 /home/travis/build/icyphy/ptII/ptolemy/actor/lib/test/auto/DiscreteClock11.xml
----------------- Instantiating /home/travis/build/icyphy/ptII/ptolemy/actor/lib/test/auto/DiscreteClock11.xml
3 ms. Memory: 571392K Free: 280268K (49%)
----------------- Invoking toplevel() on ptolemy.moml.MoMLSimpleApplication@190ddd0f
----------------- Done invoking toplevel() on ptolemy.moml.MoMLSimpleApplication@190ddd0f
reloadAllAccessors: .DiscreteClock11

===========================================================================================
----------------- testing Thu Jul 23 15:15:07 UTC 2020 /home/travis/build/icyphy/ptII/ptolemy/actor/lib/test/auto/DiscreteClock12.xml
----------------- Instantiating /home/travis/build/icyphy/ptII/ptolemy/actor/lib/test/auto/DiscreteClock12.xml
3 ms. Memory: 571392K Free: 274124K (48%)
----------------- Invoking toplevel() on ptolemy.moml.MoMLSimpleApplication@78cbffae
----------------- Done invoking toplevel() on ptolemy.moml.MoMLSimpleApplication@78cbffae
reloadAllAccessors: .DiscreteClock12

===========================================================================================
----------------- testing Thu Jul 23 15:15:07 UTC 2020 /home/travis/build/icyphy/ptII/ptolemy/actor/lib/test/auto/DiscreteClock13.xml
----------------- Instantiating /home/travis/build/icyphy/ptII/ptolemy/actor/lib/test/auto/DiscreteClock13.xml
7 ms. Memory: 571392K Free: 268494K (47%)
----------------- Invoking toplevel() on ptolemy.moml.MoMLSimpleApplication@2ed717f6
----------------- Done invoking toplevel() on ptolemy.moml.MoMLSimpleApplication@2ed717f6
reloadAllAccessors: .DiscreteClock13

===========================================================================================
----------------- testing Thu Jul 23 15:15:07 UTC 2020 /home/travis/build/icyphy/ptII/ptolemy/actor/lib/test/auto/DiscreteClock14.xml
----------------- Instantiating /home/travis/build/icyphy/ptII/ptolemy/actor/lib/test/auto/DiscreteClock14.xml
5 ms. Memory: 571392K Free: 262350K (46%)
----------------- Invoking toplevel() on ptolemy.moml.MoMLSimpleApplication@5d4d0aaa
----------------- Done invoking toplevel() on ptolemy.moml.MoMLSimpleApplication@5d4d0aaa
reloadAllAccessors: .DiscreteClock14

===========================================================================================
----------------- testing Thu Jul 23 15:15:07 UTC 2020 /home/travis/build/icyphy/ptII/ptolemy/actor/lib/test/auto/DiscreteClock15.xml
----------------- Instantiating /home/travis/build/icyphy/ptII/ptolemy/actor/lib/test/auto/DiscreteClock15.xml
6 ms. Memory: 571392K Free: 256206K (45%)
----------------- Invoking toplevel() on ptolemy.moml.MoMLSimpleApplication@591e80b1
----------------- Done invoking toplevel() on ptolemy.moml.MoMLSimpleApplication@591e80b1
reloadAllAccessors: .DiscreteClock15

===========================================================================================
----------------- testing Thu Jul 23 15:15:07 UTC 2020 /home/travis/build/icyphy/ptII/ptolemy/actor/lib/test/auto/DiscreteClock16.xml
----------------- Instantiating /home/travis/build/icyphy/ptII/ptolemy/actor/lib/test/auto/DiscreteClock16.xml
17 ms. Memory: 571392K Free: 242350K (42%)
----------------- Invoking toplevel() on ptolemy.moml.MoMLSimpleApplication@2dca4c95
----------------- Done invoking toplevel() on ptolemy.moml.MoMLSimpleApplication@2dca4c95
reloadAllAccessors: .DiscreteClock16

===========================================================================================
----------------- testing Thu Jul 23 15:15:07 UTC 2020 /home/travis/build/icyphy/ptII/ptolemy/actor/lib/test/auto/DiscreteClock17.xml
----------------- Instantiating /home/travis/build/icyphy/ptII/ptolemy/actor/lib/test/auto/DiscreteClock17.xml
14 ms. Memory: 571392K Free: 228558K (40%)
----------------- Invoking toplevel() on ptolemy.moml.MoMLSimpleApplication@31df2455
----------------- Done invoking toplevel() on ptolemy.moml.MoMLSimpleApplication@31df2455
reloadAllAccessors: .DiscreteClock17

===========================================================================================
----------------- testing Thu Jul 23 15:15:07 UTC 2020 /home/travis/build/icyphy/ptII/ptolemy/actor/lib/test/auto/DiscreteClock18.xml
----------------- Instantiating /home/travis/build/icyphy/ptII/ptolemy/actor/lib/test/auto/DiscreteClock18.xml
14 ms. Memory: 571392K Free: 214718K (38%)
----------------- Invoking toplevel() on ptolemy.moml.MoMLSimpleApplication@2c23cb1d
----------------- Done invoking toplevel() on ptolemy.moml.MoMLSimpleApplication@2c23cb1d
reloadAllAccessors: .DiscreteClock18

===========================================================================================
----------------- testing Thu Jul 23 15:15:08 UTC 2020 /home/travis/build/icyphy/ptII/ptolemy/actor/lib/test/auto/DiscreteClock19.xml
----------------- Instantiating /home/travis/build/icyphy/ptII/ptolemy/actor/lib/test/auto/DiscreteClock19.xml
14 ms. Memory: 571392K Free: 200910K (35%)
----------------- Invoking toplevel() on ptolemy.moml.MoMLSimpleApplication@73c78b83
----------------- Done invoking toplevel() on ptolemy.moml.MoMLSimpleApplication@73c78b83
reloadAllAccessors: .DiscreteClock19

===========================================================================================
----------------- testing Thu Jul 23 15:15:08 UTC 2020 /home/travis/build/icyphy/ptII/ptolemy/actor/lib/test/auto/DiscreteClock2.xml
----------------- Instantiating /home/travis/build/icyphy/ptII/ptolemy/actor/lib/test/auto/DiscreteClock2.xml
5 ms. Memory: 571392K Free: 195790K (34%)
----------------- Invoking toplevel() on ptolemy.moml.MoMLSimpleApplication@21249b76
----------------- Done invoking toplevel() on ptolemy.moml.MoMLSimpleApplication@21249b76
reloadAllAccessors: .DiscreteClock2

===========================================================================================
----------------- testing Thu Jul 23 15:15:08 UTC 2020 /home/travis/build/icyphy/ptII/ptolemy/actor/lib/test/auto/DiscreteClock20.xml
----------------- Instantiating /home/travis/build/icyphy/ptII/ptolemy/actor/lib/test/auto/DiscreteClock20.xml
9 ms. Memory: 571392K Free: 190670K (33%)
----------------- Invoking toplevel() on ptolemy.moml.MoMLSimpleApplication@4253e629
----------------- Done invoking toplevel() on ptolemy.moml.MoMLSimpleApplication@4253e629
reloadAllAccessors: .DiscreteClock20

===========================================================================================
----------------- testing Thu Jul 23 15:15:08 UTC 2020 /home/travis/build/icyphy/ptII/ptolemy/actor/lib/test/auto/DiscreteClock21.xml
----------------- Instantiating /home/travis/build/icyphy/ptII/ptolemy/actor/lib/test/auto/DiscreteClock21.xml
6 ms. Memory: 571392K Free: 185036K (32%)
----------------- Invoking toplevel() on ptolemy.moml.MoMLSimpleApplication@2545a046
----------------- Done invoking toplevel() on ptolemy.moml.MoMLSimpleApplication@2545a046
reloadAllAccessors: .DiscreteClock21

===========================================================================================
----------------- testing Thu Jul 23 15:15:08 UTC 2020 /home/travis/build/icyphy/ptII/ptolemy/actor/lib/test/auto/DiscreteClock22.xml
----------------- Instantiating /home/travis/build/icyphy/ptII/ptolemy/actor/lib/test/auto/DiscreteClock22.xml
25 ms. Memory: 571392K Free: 516344K (90%)
----------------- Invoking toplevel() on ptolemy.moml.MoMLSimpleApplication@2374300c
----------------- Done invoking toplevel() on ptolemy.moml.MoMLSimpleApplication@2374300c
reloadAllAccessors: .DiscreteClock22

===========================================================================================
----------------- testing Thu Jul 23 15:15:08 UTC 2020 /home/travis/build/icyphy/ptII/ptolemy/actor/lib/test/auto/DiscreteClock23.xml
----------------- Instantiating /home/travis/build/icyphy/ptII/ptolemy/actor/lib/test/auto/DiscreteClock23.xml
14 ms. Memory: 571392K Free: 510199K (89%)
----------------- Invoking toplevel() on ptolemy.moml.MoMLSimpleApplication@2a7a641b
----------------- Done invoking toplevel() on ptolemy.moml.MoMLSimpleApplication@2a7a641b
reloadAllAccessors: .DiscreteClock23

===========================================================================================
----------------- testing Thu Jul 23 15:15:08 UTC 2020 /home/travis/build/icyphy/ptII/ptolemy/actor/lib/test/auto/DiscreteClock24.xml
----------------- Instantiating /home/travis/build/icyphy/ptII/ptolemy/actor/lib/test/auto/DiscreteClock24.xml
5 ms. Memory: 571392K Free: 504565K (88%)
----------------- Invoking toplevel() on ptolemy.moml.MoMLSimpleApplication@4fe38d8c
----------------- Done invoking toplevel() on ptolemy.moml.MoMLSimpleApplication@4fe38d8c
reloadAllAccessors: .DiscreteClock24

===========================================================================================
----------------- testing Thu Jul 23 15:15:08 UTC 2020 /home/travis/build/icyphy/ptII/ptolemy/actor/lib/test/auto/DiscreteClock4.xml
----------------- Instantiating /home/travis/build/icyphy/ptII/ptolemy/actor/lib/test/auto/DiscreteClock4.xml
4 ms. Memory: 571392K Free: 499431K (87%)
----------------- Invoking toplevel() on ptolemy.moml.MoMLSimpleApplication@66d7aa5b
----------------- Done invoking toplevel() on ptolemy.moml.MoMLSimpleApplication@66d7aa5b
reloadAllAccessors: .DiscreteClock4

===========================================================================================
----------------- testing Thu Jul 23 15:15:08 UTC 2020 /home/travis/build/icyphy/ptII/ptolemy/actor/lib/test/auto/DiscreteClock5.xml
----------------- Instantiating /home/travis/build/icyphy/ptII/ptolemy/actor/lib/test/auto/DiscreteClock5.xml
2 ms. Memory: 571392K Free: 493815K (86%)
----------------- Invoking toplevel() on ptolemy.moml.MoMLSimpleApplication@3b38d72c
----------------- Done invoking toplevel() on ptolemy.moml.MoMLSimpleApplication@3b38d72c
reloadAllAccessors: .DiscreteClock5

===========================================================================================
----------------- testing Thu Jul 23 15:15:08 UTC 2020 /home/travis/build/icyphy/ptII/ptolemy/actor/lib/test/auto/DiscreteClock6.xml
----------------- Instantiating /home/travis/build/icyphy/ptII/ptolemy/actor/lib/test/auto/DiscreteClock6.xml
1 ms. Memory: 571392K Free: 489205K (86%)
----------------- Invoking toplevel() on ptolemy.moml.MoMLSimpleApplication@7a5053ae
----------------- Done invoking toplevel() on ptolemy.moml.MoMLSimpleApplication@7a5053ae
reloadAllAccessors: .DiscreteClock6

===========================================================================================
----------------- testing Thu Jul 23 15:15:08 UTC 2020 /home/travis/build/icyphy/ptII/ptolemy/actor/lib/test/auto/DiscreteClock7.xml
----------------- Instantiating /home/travis/build/icyphy/ptII/ptolemy/actor/lib/test/auto/DiscreteClock7.xml
2 ms. Memory: 571392K Free: 484085K (85%)
----------------- Invoking toplevel() on ptolemy.moml.MoMLSimpleApplication@1ffc2c77
----------------- Done invoking toplevel() on ptolemy.moml.MoMLSimpleApplication@1ffc2c77
reloadAllAccessors: .DiscreteClock7

===========================================================================================
----------------- testing Thu Jul 23 15:15:08 UTC 2020 /home/travis/build/icyphy/ptII/ptolemy/actor/lib/test/auto/DiscreteClock8.xml
----------------- Instantiating /home/travis/build/icyphy/ptII/ptolemy/actor/lib/test/auto/DiscreteClock8.xml
4 ms. Memory: 571392K Free: 478935K (84%)
----------------- Invoking toplevel() on ptolemy.moml.MoMLSimpleApplication@3633bc0d
----------------- Done invoking toplevel() on ptolemy.moml.MoMLSimpleApplication@3633bc0d
reloadAllAccessors: .DiscreteClock8

===========================================================================================
----------------- testing Thu Jul 23 15:15:08 UTC 2020 /home/travis/build/icyphy/ptII/ptolemy/actor/lib/test/auto/DiscreteClock9.xml
----------------- Instantiating /home/travis/build/icyphy/ptII/ptolemy/actor/lib/test/auto/DiscreteClock9.xml
5 ms. Memory: 571392K Free: 472791K (83%)
----------------- Invoking toplevel() on ptolemy.moml.MoMLSimpleApplication@10a15a8e
----------------- Done invoking toplevel() on ptolemy.moml.MoMLSimpleApplication@10a15a8e
reloadAllAccessors: .DiscreteClock9

===========================================================================================
----------------- testing Thu Jul 23 15:15:08 UTC 2020 /home/travis/build/icyphy/ptII/ptolemy/actor/lib/test/auto/DisplayArray.xml
----------------- Instantiating /home/travis/build/icyphy/ptII/ptolemy/actor/lib/test/auto/DisplayArray.xml
2 ms. Memory: 571392K Free: 469239K (82%)
----------------- Invoking toplevel() on ptolemy.moml.MoMLSimpleApplication@8fd760b
----------------- Done invoking toplevel() on ptolemy.moml.MoMLSimpleApplication@8fd760b
reloadAllAccessors: .DisplayArray

===========================================================================================
----------------- testing Thu Jul 23 15:15:08 UTC 2020 /home/travis/build/icyphy/ptII/ptolemy/actor/lib/test/auto/Distributor.xml
----------------- Instantiating /home/travis/build/icyphy/ptII/ptolemy/actor/lib/test/auto/Distributor.xml
1 ms. Memory: 571392K Free: 464119K (81%)
----------------- Invoking toplevel() on ptolemy.moml.MoMLSimpleApplication@5ec2de8f
----------------- Done invoking toplevel() on ptolemy.moml.MoMLSimpleApplication@5ec2de8f
reloadAllAccessors: .Distributor

===========================================================================================
----------------- testing Thu Jul 23 15:15:08 UTC 2020 /home/travis/build/icyphy/ptII/ptolemy/actor/lib/test/auto/Distributor2.xml
----------------- Instantiating /home/travis/build/icyphy/ptII/ptolemy/actor/lib/test/auto/Distributor2.xml
2 ms. Memory: 571392K Free: 458999K (80%)
----------------- Invoking toplevel() on ptolemy.moml.MoMLSimpleApplication@4f5ff711
----------------- Done invoking toplevel() on ptolemy.moml.MoMLSimpleApplication@4f5ff711
reloadAllAccessors: .Distributor2

===========================================================================================
----------------- testing Thu Jul 23 15:15:08 UTC 2020 /home/travis/build/icyphy/ptII/ptolemy/actor/lib/test/auto/DownSample.xml
----------------- Instantiating /home/travis/build/icyphy/ptII/ptolemy/actor/lib/test/auto/DownSample.xml
2 ms. Memory: 571392K Free: 454389K (80%)
----------------- Invoking toplevel() on ptolemy.moml.MoMLSimpleApplication@2de5eb2e
----------------- Done invoking toplevel() on ptolemy.moml.MoMLSimpleApplication@2de5eb2e
reloadAllAccessors: .DownSample

===========================================================================================
----------------- testing Thu Jul 23 15:15:08 UTC 2020 /home/travis/build/icyphy/ptII/ptolemy/actor/lib/test/auto/ElectronicUnitBase1.xml
----------------- Instantiating /home/travis/build/icyphy/ptII/ptolemy/actor/lib/test/auto/ElectronicUnitBase1.xml
17 ms. Memory: 571392K Free: 439029K (77%)
----------------- Invoking toplevel() on ptolemy.moml.MoMLSimpleApplication@6b8f5432
----------------- Done invoking toplevel() on ptolemy.moml.MoMLSimpleApplication@6b8f5432
reloadAllAccessors: .ElectronicUnitBase1

===========================================================================================
----------------- testing Thu Jul 23 15:15:08 UTC 2020 /home/travis/build/icyphy/ptII/ptolemy/actor/lib/test/auto/ElementsToArray.xml
----------------- Instantiating /home/travis/build/icyphy/ptII/ptolemy/actor/lib/test/auto/ElementsToArray.xml
2 ms. Memory: 571392K Free: 433909K (76%)
----------------- Invoking toplevel() on ptolemy.moml.MoMLSimpleApplication@3000be5d
----------------- Done invoking toplevel() on ptolemy.moml.MoMLSimpleApplication@3000be5d
reloadAllAccessors: .ElementsToArray

===========================================================================================
----------------- testing Thu Jul 23 15:15:08 UTC 2020 /home/travis/build/icyphy/ptII/ptolemy/actor/lib/test/auto/Equals.xml
----------------- Instantiating /home/travis/build/icyphy/ptII/ptolemy/actor/lib/test/auto/Equals.xml
3 ms. Memory: 571392K Free: 429303K (75%)
----------------- Invoking toplevel() on ptolemy.moml.MoMLSimpleApplication@468fe97f
----------------- Done invoking toplevel() on ptolemy.moml.MoMLSimpleApplication@468fe97f
reloadAllAccessors: .Equals

===========================================================================================
----------------- testing Thu Jul 23 15:15:08 UTC 2020 /home/travis/build/icyphy/ptII/ptolemy/actor/lib/test/auto/Exec.xml
----------------- Instantiating /home/travis/build/icyphy/ptII/ptolemy/actor/lib/test/auto/Exec.xml
16 ms. Memory: 571392K Free: 423159K (74%)
----------------- Invoking toplevel() on ptolemy.moml.MoMLSimpleApplication@7e12e37e
----------------- Done invoking toplevel() on ptolemy.moml.MoMLSimpleApplication@7e12e37e
reloadAllAccessors: .Exec

===========================================================================================
----------------- testing Thu Jul 23 15:15:08 UTC 2020 /home/travis/build/icyphy/ptII/ptolemy/actor/lib/test/auto/ExecEnvironment.xml
----------------- Instantiating /home/travis/build/icyphy/ptII/ptolemy/actor/lib/test/auto/ExecEnvironment.xml
20 ms. Memory: 571392K Free: 418039K (73%)
----------------- Invoking toplevel() on ptolemy.moml.MoMLSimpleApplication@610b8bba
----------------- Done invoking toplevel() on ptolemy.moml.MoMLSimpleApplication@610b8bba
reloadAllAccessors: .ExecEnvironment

===========================================================================================
----------------- testing Thu Jul 23 15:15:08 UTC 2020 /home/travis/build/icyphy/ptII/ptolemy/actor/lib/test/auto/ExecNonZeroReturnOutput.xml
----------------- Instantiating /home/travis/build/icyphy/ptII/ptolemy/actor/lib/test/auto/ExecNonZeroReturnOutput.xml
174 ms. Memory: 571392K Free: 407285K (71%)
----------------- Invoking toplevel() on ptolemy.moml.MoMLSimpleApplication@5a491038
----------------- Done invoking toplevel() on ptolemy.moml.MoMLSimpleApplication@5a491038
reloadAllAccessors: .ExecNonZeroReturnOutput

===========================================================================================
----------------- testing Thu Jul 23 15:15:08 UTC 2020 /home/travis/build/icyphy/ptII/ptolemy/actor/lib/test/auto/ExecRunDemos.xml
----------------- Instantiating /home/travis/build/icyphy/ptII/ptolemy/actor/lib/test/auto/ExecRunDemos.xml
Finished: 67 ms. Memory: 129024K Free: 112397K (87%)

Finished: 96 ms. Memory: 129024K Free: 109746K (85%)

Finished: 72 ms. Memory: 129024K Free: 109681K (85%)

Finished: 63 ms. Memory: 129024K Free: 111098K (86%)

Finished: 75 ms. Memory: 129024K Free: 111897K (87%)

10811 ms. Memory: 571392K Free: 385269K (67%)
----------------- Invoking toplevel() on ptolemy.moml.MoMLSimpleApplication@61ff9a6a
----------------- Done invoking toplevel() on ptolemy.moml.MoMLSimpleApplication@61ff9a6a
reloadAllAccessors: .ExecRunDemos

===========================================================================================
----------------- testing Thu Jul 23 15:15:19 UTC 2020 /home/travis/build/icyphy/ptII/ptolemy/actor/lib/test/auto/ExecStop.xml
----------------- Instantiating /home/travis/build/icyphy/ptII/ptolemy/actor/lib/test/auto/ExecStop.xml
5021 ms. Memory: 571392K Free: 270583K (47%)
----------------- Invoking toplevel() on ptolemy.moml.MoMLSimpleApplication@1b60962
----------------- Done invoking toplevel() on ptolemy.moml.MoMLSimpleApplication@1b60962
reloadAllAccessors: .ExecStop

===========================================================================================
----------------- testing Thu Jul 23 15:15:24 UTC 2020 /home/travis/build/icyphy/ptII/ptolemy/actor/lib/test/auto/ExecutionTimeSDF.xml
----------------- Instantiating /home/travis/build/icyphy/ptII/ptolemy/actor/lib/test/auto/ExecutionTimeSDF.xml
Fired ExecutionTime: 2099200000
Fired ExecutionTime: 1319600000
Fired ExecutionTime: 1335200000
6005 ms. Memory: 571392K Free: 258295K (45%)
----------------- Invoking toplevel() on ptolemy.moml.MoMLSimpleApplication@2e86626e
----------------- Done invoking toplevel() on ptolemy.moml.MoMLSimpleApplication@2e86626e
reloadAllAccessors: .ExecutionTimeSDF

===========================================================================================
----------------- testing Thu Jul 23 15:15:30 UTC 2020 /home/travis/build/icyphy/ptII/ptolemy/actor/lib/test/auto/Expression1.xml
----------------- Instantiating /home/travis/build/icyphy/ptII/ptolemy/actor/lib/test/auto/Expression1.xml
1 ms. Memory: 571392K Free: 254709K (45%)
----------------- Invoking toplevel() on ptolemy.moml.MoMLSimpleApplication@48d69dd3
----------------- Done invoking toplevel() on ptolemy.moml.MoMLSimpleApplication@48d69dd3
reloadAllAccessors: .Expression1

===========================================================================================
----------------- testing Thu Jul 23 15:15:30 UTC 2020 /home/travis/build/icyphy/ptII/ptolemy/actor/lib/test/auto/Expression10.xml
----------------- Instantiating /home/travis/build/icyphy/ptII/ptolemy/actor/lib/test/auto/Expression10.xml
5 ms. Memory: 571392K Free: 249589K (44%)
----------------- Invoking toplevel() on ptolemy.moml.MoMLSimpleApplication@2eb0bcfb
----------------- Done invoking toplevel() on ptolemy.moml.MoMLSimpleApplication@2eb0bcfb
reloadAllAccessors: .Expression10

===========================================================================================
----------------- testing Thu Jul 23 15:15:30 UTC 2020 /home/travis/build/icyphy/ptII/ptolemy/actor/lib/test/auto/Expression11.xml
----------------- Instantiating /home/travis/build/icyphy/ptII/ptolemy/actor/lib/test/auto/Expression11.xml
3 ms. Memory: 571392K Free: 244983K (43%)
----------------- Invoking toplevel() on ptolemy.moml.MoMLSimpleApplication@c6948cf
----------------- Done invoking toplevel() on ptolemy.moml.MoMLSimpleApplication@c6948cf
reloadAllAccessors: .Expression11

===========================================================================================
----------------- testing Thu Jul 23 15:15:30 UTC 2020 /home/travis/build/icyphy/ptII/ptolemy/actor/lib/test/auto/Expression12.xml
----------------- Instantiating /home/travis/build/icyphy/ptII/ptolemy/actor/lib/test/auto/Expression12.xml
2 ms. Memory: 571392K Free: 239349K (42%)
----------------- Invoking toplevel() on ptolemy.moml.MoMLSimpleApplication@485e193c
----------------- Done invoking toplevel() on ptolemy.moml.MoMLSimpleApplication@485e193c
reloadAllAccessors: .Expression12

===========================================================================================
----------------- testing Thu Jul 23 15:15:30 UTC 2020 /home/travis/build/icyphy/ptII/ptolemy/actor/lib/test/auto/Expression13.xml
----------------- Instantiating /home/travis/build/icyphy/ptII/ptolemy/actor/lib/test/auto/Expression13.xml
9 ms. Memory: 571392K Free: 234229K (41%)
----------------- Invoking toplevel() on ptolemy.moml.MoMLSimpleApplication@52bce2bd
----------------- Done invoking toplevel() on ptolemy.moml.MoMLSimpleApplication@52bce2bd
reloadAllAccessors: .Expression13

===========================================================================================
----------------- testing Thu Jul 23 15:15:30 UTC 2020 /home/travis/build/icyphy/ptII/ptolemy/actor/lib/test/auto/Expression14.xml
----------------- Instantiating /home/travis/build/icyphy/ptII/ptolemy/actor/lib/test/auto/Expression14.xml
3 ms. Memory: 571392K Free: 228599K (40%)
----------------- Invoking toplevel() on ptolemy.moml.MoMLSimpleApplication@60a031da
----------------- Done invoking toplevel() on ptolemy.moml.MoMLSimpleApplication@60a031da
reloadAllAccessors: .Expression14

===========================================================================================
----------------- testing Thu Jul 23 15:15:30 UTC 2020 /home/travis/build/icyphy/ptII/ptolemy/actor/lib/test/auto/Expression15.xml
----------------- Instantiating /home/travis/build/icyphy/ptII/ptolemy/actor/lib/test/auto/Expression15.xml
2 ms. Memory: 571392K Free: 224503K (39%)
----------------- Invoking toplevel() on ptolemy.moml.MoMLSimpleApplication@2005b7fd
----------------- Done invoking toplevel() on ptolemy.moml.MoMLSimpleApplication@2005b7fd
reloadAllAccessors: .Expression15

===========================================================================================
----------------- testing Thu Jul 23 15:15:30 UTC 2020 /home/travis/build/icyphy/ptII/ptolemy/actor/lib/test/auto/Expression16.xml
----------------- Instantiating /home/travis/build/icyphy/ptII/ptolemy/actor/lib/test/auto/Expression16.xml
6 ms. Memory: 571392K Free: 219383K (38%)
----------------- Invoking toplevel() on ptolemy.moml.MoMLSimpleApplication@191bac91
----------------- Done invoking toplevel() on ptolemy.moml.MoMLSimpleApplication@191bac91
reloadAllAccessors: .Expression16

===========================================================================================
----------------- testing Thu Jul 23 15:15:30 UTC 2020 /home/travis/build/icyphy/ptII/ptolemy/actor/lib/test/auto/Expression17.xml
----------------- Instantiating /home/travis/build/icyphy/ptII/ptolemy/actor/lib/test/auto/Expression17.xml
2 ms. Memory: 571392K Free: 214263K (37%)
----------------- Invoking toplevel() on ptolemy.moml.MoMLSimpleApplication@33c2c719
----------------- Done invoking toplevel() on ptolemy.moml.MoMLSimpleApplication@33c2c719
reloadAllAccessors: .Expression17

===========================================================================================
----------------- testing Thu Jul 23 15:15:30 UTC 2020 /home/travis/build/icyphy/ptII/ptolemy/actor/lib/test/auto/Expression18.xml
----------------- Instantiating /home/travis/build/icyphy/ptII/ptolemy/actor/lib/test/auto/Expression18.xml
3 ms. Memory: 571392K Free: 208629K (37%)
----------------- Invoking toplevel() on ptolemy.moml.MoMLSimpleApplication@50fb8493
----------------- Done invoking toplevel() on ptolemy.moml.MoMLSimpleApplication@50fb8493
reloadAllAccessors: .Expression18

===========================================================================================
----------------- testing Thu Jul 23 15:15:30 UTC 2020 /home/travis/build/icyphy/ptII/ptolemy/actor/lib/test/auto/Expression2.xml
----------------- Instantiating /home/travis/build/icyphy/ptII/ptolemy/actor/lib/test/auto/Expression2.xml
3 ms. Memory: 571392K Free: 204023K (36%)
----------------- Invoking toplevel() on ptolemy.moml.MoMLSimpleApplication@24025966
----------------- Done invoking toplevel() on ptolemy.moml.MoMLSimpleApplication@24025966
reloadAllAccessors: .Expression2

===========================================================================================
----------------- testing Thu Jul 23 15:15:30 UTC 2020 /home/travis/build/icyphy/ptII/ptolemy/actor/lib/test/auto/Expression3.xml
----------------- Instantiating /home/travis/build/icyphy/ptII/ptolemy/actor/lib/test/auto/Expression3.xml
6 ms. Memory: 571392K Free: 198903K (35%)
----------------- Invoking toplevel() on ptolemy.moml.MoMLSimpleApplication@ae674f0
----------------- Done invoking toplevel() on ptolemy.moml.MoMLSimpleApplication@ae674f0
reloadAllAccessors: .Expression3

===========================================================================================
----------------- testing Thu Jul 23 15:15:30 UTC 2020 /home/travis/build/icyphy/ptII/ptolemy/actor/lib/test/auto/Expression4.xml
----------------- Instantiating /home/travis/build/icyphy/ptII/ptolemy/actor/lib/test/auto/Expression4.xml
4 ms. Memory: 571392K Free: 191221K (33%)
----------------- Invoking toplevel() on ptolemy.moml.MoMLSimpleApplication@229c6314
----------------- Done invoking toplevel() on ptolemy.moml.MoMLSimpleApplication@229c6314
reloadAllAccessors: .Expression4

===========================================================================================
----------------- testing Thu Jul 23 15:15:31 UTC 2020 /home/travis/build/icyphy/ptII/ptolemy/actor/lib/test/auto/Expression5.xml
----------------- Instantiating /home/travis/build/icyphy/ptII/ptolemy/actor/lib/test/auto/Expression5.xml
4 ms. Memory: 571392K Free: 186101K (33%)
----------------- Invoking toplevel() on ptolemy.moml.MoMLSimpleApplication@64f7c338
----------------- Done invoking toplevel() on ptolemy.moml.MoMLSimpleApplication@64f7c338
reloadAllAccessors: .Expression5

===========================================================================================
----------------- testing Thu Jul 23 15:15:31 UTC 2020 /home/travis/build/icyphy/ptII/ptolemy/actor/lib/test/auto/Expression6.xml
----------------- Instantiating /home/travis/build/icyphy/ptII/ptolemy/actor/lib/test/auto/Expression6.xml
2 ms. Memory: 571392K Free: 181495K (32%)
----------------- Invoking toplevel() on ptolemy.moml.MoMLSimpleApplication@1c2abda6
----------------- Done invoking toplevel() on ptolemy.moml.MoMLSimpleApplication@1c2abda6
reloadAllAccessors: .Expression6

===========================================================================================
----------------- testing Thu Jul 23 15:15:31 UTC 2020 /home/travis/build/icyphy/ptII/ptolemy/actor/lib/test/auto/Expression7.xml
----------------- Instantiating /home/travis/build/icyphy/ptII/ptolemy/actor/lib/test/auto/Expression7.xml
3 ms. Memory: 571392K Free: 513759K (90%)
----------------- Invoking toplevel() on ptolemy.moml.MoMLSimpleApplication@47a17b31
----------------- Done invoking toplevel() on ptolemy.moml.MoMLSimpleApplication@47a17b31
reloadAllAccessors: .Expression7

===========================================================================================
----------------- testing Thu Jul 23 15:15:31 UTC 2020 /home/travis/build/icyphy/ptII/ptolemy/actor/lib/test/auto/Expression8.xml
----------------- Instantiating /home/travis/build/icyphy/ptII/ptolemy/actor/lib/test/auto/Expression8.xml
12 ms. Memory: 571392K Free: 508639K (89%)
----------------- Invoking toplevel() on ptolemy.moml.MoMLSimpleApplication@57f191be
----------------- Done invoking toplevel() on ptolemy.moml.MoMLSimpleApplication@57f191be
reloadAllAccessors: .Expression8

===========================================================================================
----------------- testing Thu Jul 23 15:15:31 UTC 2020 /home/travis/build/icyphy/ptII/ptolemy/actor/lib/test/auto/Expression9.xml
----------------- Instantiating /home/travis/build/icyphy/ptII/ptolemy/actor/lib/test/auto/Expression9.xml
1 ms. Memory: 571392K Free: 504543K (88%)
----------------- Invoking toplevel() on ptolemy.moml.MoMLSimpleApplication@1d33fe
----------------- Done invoking toplevel() on ptolemy.moml.MoMLSimpleApplication@1d33fe
reloadAllAccessors: .Expression9

===========================================================================================
----------------- testing Thu Jul 23 15:15:31 UTC 2020 /home/travis/build/icyphy/ptII/ptolemy/actor/lib/test/auto/ExpressionConcatenateArrayType.xml
----------------- Instantiating /home/travis/build/icyphy/ptII/ptolemy/actor/lib/test/auto/ExpressionConcatenateArrayType.xml
3 ms. Memory: 571392K Free: 497889K (87%)
----------------- Invoking toplevel() on ptolemy.moml.MoMLSimpleApplication@5a296af6
----------------- Done invoking toplevel() on ptolemy.moml.MoMLSimpleApplication@5a296af6
reloadAllAccessors: .ExpressionConcatenateArrayType

===========================================================================================
----------------- testing Thu Jul 23 15:15:31 UTC 2020 /home/travis/build/icyphy/ptII/ptolemy/actor/lib/test/auto/ExpressionConcatenateArrayType2.xml
----------------- Instantiating /home/travis/build/icyphy/ptII/ptolemy/actor/lib/test/auto/ExpressionConcatenateArrayType2.xml
2 ms. Memory: 571392K Free: 492255K (86%)
----------------- Invoking toplevel() on ptolemy.moml.MoMLSimpleApplication@4086c9ce
----------------- Done invoking toplevel() on ptolemy.moml.MoMLSimpleApplication@4086c9ce
reloadAllAccessors: .ExpressionConcatenateArrayType2

===========================================================================================
----------------- testing Thu Jul 23 15:15:31 UTC 2020 /home/travis/build/icyphy/ptII/ptolemy/actor/lib/test/auto/ExpressionFix.xml
----------------- Instantiating /home/travis/build/icyphy/ptII/ptolemy/actor/lib/test/auto/ExpressionFix.xml
29 ms. Memory: 571392K Free: 485601K (85%)
----------------- Invoking toplevel() on ptolemy.moml.MoMLSimpleApplication@35a4e986
----------------- Done invoking toplevel() on ptolemy.moml.MoMLSimpleApplication@35a4e986
reloadAllAccessors: .ExpressionFix

===========================================================================================
----------------- testing Thu Jul 23 15:15:31 UTC 2020 /home/travis/build/icyphy/ptII/ptolemy/actor/lib/test/auto/ExpressionFix2.xml
----------------- Instantiating /home/travis/build/icyphy/ptII/ptolemy/actor/lib/test/auto/ExpressionFix2.xml
3 ms. Memory: 571392K Free: 482015K (84%)
----------------- Invoking toplevel() on ptolemy.moml.MoMLSimpleApplication@7080f4c4
----------------- Done invoking toplevel() on ptolemy.moml.MoMLSimpleApplication@7080f4c4
reloadAllAccessors: .ExpressionFix2

===========================================================================================
----------------- testing Thu Jul 23 15:15:31 UTC 2020 /home/travis/build/icyphy/ptII/ptolemy/actor/lib/test/auto/ExpressionFix3.xml
----------------- Instantiating /home/travis/build/icyphy/ptII/ptolemy/actor/lib/test/auto/ExpressionFix3.xml
4 ms. Memory: 571392K Free: 477919K (84%)
----------------- Invoking toplevel() on ptolemy.moml.MoMLSimpleApplication@14731f02
----------------- Done invoking toplevel() on ptolemy.moml.MoMLSimpleApplication@14731f02
reloadAllAccessors: .ExpressionFix3

===========================================================================================
----------------- testing Thu Jul 23 15:15:31 UTC 2020 /home/travis/build/icyphy/ptII/ptolemy/actor/lib/test/auto/FileWriter1.xml
----------------- Instantiating /home/travis/build/icyphy/ptII/ptolemy/actor/lib/test/auto/FileWriter1.xml
2 ms. Memory: 571392K Free: 473823K (83%)
----------------- Invoking toplevel() on ptolemy.moml.MoMLSimpleApplication@3515b82
----------------- Done invoking toplevel() on ptolemy.moml.MoMLSimpleApplication@3515b82
reloadAllAccessors: .FileWriter1

===========================================================================================
----------------- testing Thu Jul 23 15:15:31 UTC 2020 /home/travis/build/icyphy/ptII/ptolemy/actor/lib/test/auto/FileWriter2.xml
----------------- Instantiating /home/travis/build/icyphy/ptII/ptolemy/actor/lib/test/auto/FileWriter2.xml
3 ms. Memory: 571392K Free: 469217K (82%)
----------------- Invoking toplevel() on ptolemy.moml.MoMLSimpleApplication@6672f65c
----------------- Done invoking toplevel() on ptolemy.moml.MoMLSimpleApplication@6672f65c
reloadAllAccessors: .FileWriter2

===========================================================================================
----------------- testing Thu Jul 23 15:15:31 UTC 2020 /home/travis/build/icyphy/ptII/ptolemy/actor/lib/test/auto/FileWriter3.xml
----------------- Instantiating /home/travis/build/icyphy/ptII/ptolemy/actor/lib/test/auto/FileWriter3.xml
4 ms. Memory: 571392K Free: 465121K (81%)
----------------- Invoking toplevel() on ptolemy.moml.MoMLSimpleApplication@57243a8d
----------------- Done invoking toplevel() on ptolemy.moml.MoMLSimpleApplication@57243a8d
reloadAllAccessors: .FileWriter3

===========================================================================================
----------------- testing Thu Jul 23 15:15:31 UTC 2020 /home/travis/build/icyphy/ptII/ptolemy/actor/lib/test/auto/Gaussian.xml
----------------- Instantiating /home/travis/build/icyphy/ptII/ptolemy/actor/lib/test/auto/Gaussian.xml
3 ms. Memory: 571392K Free: 460511K (81%)
----------------- Invoking toplevel() on ptolemy.moml.MoMLSimpleApplication@619f8fe5
----------------- Done invoking toplevel() on ptolemy.moml.MoMLSimpleApplication@619f8fe5
reloadAllAccessors: .Gaussian

===========================================================================================
----------------- testing Thu Jul 23 15:15:31 UTC 2020 /home/travis/build/icyphy/ptII/ptolemy/actor/lib/test/auto/Gaussian1.xml
----------------- Instantiating /home/travis/build/icyphy/ptII/ptolemy/actor/lib/test/auto/Gaussian1.xml
10 ms. Memory: 571392K Free: 455377K (80%)
----------------- Invoking toplevel() on ptolemy.moml.MoMLSimpleApplication@1a2eac44
----------------- Done invoking toplevel() on ptolemy.moml.MoMLSimpleApplication@1a2eac44
reloadAllAccessors: .Gaussian1

===========================================================================================
----------------- testing Thu Jul 23 15:15:31 UTC 2020 /home/travis/build/icyphy/ptII/ptolemy/actor/lib/test/auto/Gaussian2.xml
----------------- Instantiating /home/travis/build/icyphy/ptII/ptolemy/actor/lib/test/auto/Gaussian2.xml
2 ms. Memory: 571392K Free: 449761K (79%)
----------------- Invoking toplevel() on ptolemy.moml.MoMLSimpleApplication@c187569
----------------- Done invoking toplevel() on ptolemy.moml.MoMLSimpleApplication@c187569
reloadAllAccessors: .Gaussian2

===========================================================================================
----------------- testing Thu Jul 23 15:15:31 UTC 2020 /home/travis/build/icyphy/ptII/ptolemy/actor/lib/test/auto/GradientAdaptiveLattice.xml
----------------- Instantiating /home/travis/build/icyphy/ptII/ptolemy/actor/lib/test/auto/GradientAdaptiveLattice.xml
3 ms. Memory: 571392K Free: 444641K (78%)
----------------- Invoking toplevel() on ptolemy.moml.MoMLSimpleApplication@8a1295a
----------------- Done invoking toplevel() on ptolemy.moml.MoMLSimpleApplication@8a1295a
reloadAllAccessors: .GradientAdaptiveLattice

===========================================================================================
----------------- testing Thu Jul 23 15:15:31 UTC 2020 /home/travis/build/icyphy/ptII/ptolemy/actor/lib/test/auto/IIR.xml
----------------- Instantiating /home/travis/build/icyphy/ptII/ptolemy/actor/lib/test/auto/IIR.xml
2 ms. Memory: 571392K Free: 440031K (77%)
----------------- Invoking toplevel() on ptolemy.moml.MoMLSimpleApplication@121fffb5
----------------- Done invoking toplevel() on ptolemy.moml.MoMLSimpleApplication@121fffb5
reloadAllAccessors: .IIR

===========================================================================================
----------------- testing Thu Jul 23 15:15:31 UTC 2020 /home/travis/build/icyphy/ptII/ptolemy/actor/lib/test/auto/InputOutputTransparentPorts.xml
----------------- Instantiating /home/travis/build/icyphy/ptII/ptolemy/actor/lib/test/auto/InputOutputTransparentPorts.xml
2 ms. Memory: 571392K Free: 432863K (76%)
----------------- Invoking toplevel() on ptolemy.moml.MoMLSimpleApplication@782cbf5f
----------------- Done invoking toplevel() on ptolemy.moml.MoMLSimpleApplication@782cbf5f
reloadAllAccessors: .InputOutputTransparentPorts

===========================================================================================
----------------- testing Thu Jul 23 15:15:31 UTC 2020 /home/travis/build/icyphy/ptII/ptolemy/actor/lib/test/auto/Interpolator.xml
----------------- Instantiating /home/travis/build/icyphy/ptII/ptolemy/actor/lib/test/auto/Interpolator.xml
4 ms. Memory: 571392K Free: 428767K (75%)
----------------- Invoking toplevel() on ptolemy.moml.MoMLSimpleApplication@6392dc6a
----------------- Done invoking toplevel() on ptolemy.moml.MoMLSimpleApplication@6392dc6a
reloadAllAccessors: .Interpolator

===========================================================================================
----------------- testing Thu Jul 23 15:15:31 UTC 2020 /home/travis/build/icyphy/ptII/ptolemy/actor/lib/test/auto/InterpolatorFiringLimitDE.xml
----------------- Instantiating /home/travis/build/icyphy/ptII/ptolemy/actor/lib/test/auto/InterpolatorFiringLimitDE.xml
2 ms. Memory: 571392K Free: 422623K (74%)
----------------- Invoking toplevel() on ptolemy.moml.MoMLSimpleApplication@89a9748
----------------- Done invoking toplevel() on ptolemy.moml.MoMLSimpleApplication@89a9748
reloadAllAccessors: .InterpolatorFiringLimitDE

===========================================================================================
----------------- testing Thu Jul 23 15:15:31 UTC 2020 /home/travis/build/icyphy/ptII/ptolemy/actor/lib/test/auto/Lattice.xml
----------------- Instantiating /home/travis/build/icyphy/ptII/ptolemy/actor/lib/test/auto/Lattice.xml
1 ms. Memory: 571392K Free: 419041K (73%)
----------------- Invoking toplevel() on ptolemy.moml.MoMLSimpleApplication@7c23f7f8
----------------- Done invoking toplevel() on ptolemy.moml.MoMLSimpleApplication@7c23f7f8
reloadAllAccessors: .Lattice

===========================================================================================
----------------- testing Thu Jul 23 15:15:31 UTC 2020 /home/travis/build/icyphy/ptII/ptolemy/actor/lib/test/auto/LazyAOCTestLazy.xml
----------------- Instantiating /home/travis/build/icyphy/ptII/ptolemy/actor/lib/test/auto/LazyAOCTestLazy.xml
16 ms. Memory: 571392K Free: 412897K (72%)
----------------- Invoking toplevel() on ptolemy.moml.MoMLSimpleApplication@4b593639
----------------- Done invoking toplevel() on ptolemy.moml.MoMLSimpleApplication@4b593639
reloadAllAccessors: .LazyAOCTestLazy

===========================================================================================
----------------- testing Thu Jul 23 15:15:31 UTC 2020 /home/travis/build/icyphy/ptII/ptolemy/actor/lib/test/auto/LazyAOCTestNonLazy.xml
----------------- Instantiating /home/travis/build/icyphy/ptII/ptolemy/actor/lib/test/auto/LazyAOCTestNonLazy.xml
2 ms. Memory: 571392K Free: 406239K (71%)
----------------- Invoking toplevel() on ptolemy.moml.MoMLSimpleApplication@7a0bb3fd
----------------- Done invoking toplevel() on ptolemy.moml.MoMLSimpleApplication@7a0bb3fd
reloadAllAccessors: .LazyAOCTestNonLazy

===========================================================================================
----------------- testing Thu Jul 23 15:15:31 UTC 2020 /home/travis/build/icyphy/ptII/ptolemy/actor/lib/test/auto/LazyInnerClass.xml
----------------- Instantiating /home/travis/build/icyphy/ptII/ptolemy/actor/lib/test/auto/LazyInnerClass.xml
32 ms. Memory: 571392K Free: 397537K (70%)
----------------- Invoking toplevel() on ptolemy.moml.MoMLSimpleApplication@104948e5
----------------- Done invoking toplevel() on ptolemy.moml.MoMLSimpleApplication@104948e5
reloadAllAccessors: .LazyInnerClass

===========================================================================================
----------------- testing Thu Jul 23 15:15:31 UTC 2020 /home/travis/build/icyphy/ptII/ptolemy/actor/lib/test/auto/LazyPubSub.xml
----------------- Instantiating /home/travis/build/icyphy/ptII/ptolemy/actor/lib/test/auto/LazyPubSub.xml
26 ms. Memory: 571392K Free: 387297K (68%)
----------------- Invoking toplevel() on ptolemy.moml.MoMLSimpleApplication@556dbe9f
----------------- Done invoking toplevel() on ptolemy.moml.MoMLSimpleApplication@556dbe9f
reloadAllAccessors: .LazyPubSub

===========================================================================================
----------------- testing Thu Jul 23 15:15:31 UTC 2020 /home/travis/build/icyphy/ptII/ptolemy/actor/lib/test/auto/LazyPubSub2.xml
----------------- Instantiating /home/travis/build/icyphy/ptII/ptolemy/actor/lib/test/auto/LazyPubSub2.xml
16 ms. Memory: 571392K Free: 377057K (66%)
----------------- Invoking toplevel() on ptolemy.moml.MoMLSimpleApplication@21e08d18
----------------- Done invoking toplevel() on ptolemy.moml.MoMLSimpleApplication@21e08d18
reloadAllAccessors: .LazyPubSub2

===========================================================================================
----------------- testing Thu Jul 23 15:15:31 UTC 2020 /home/travis/build/icyphy/ptII/ptolemy/actor/lib/test/auto/LazyPubSub3.xml
----------------- Instantiating /home/travis/build/icyphy/ptII/ptolemy/actor/lib/test/auto/LazyPubSub3.xml
16 ms. Memory: 571392K Free: 366817K (64%)
----------------- Invoking toplevel() on ptolemy.moml.MoMLSimpleApplication@57e0ba16
----------------- Done invoking toplevel() on ptolemy.moml.MoMLSimpleApplication@57e0ba16
reloadAllAccessors: .LazyPubSub3

===========================================================================================
----------------- testing Thu Jul 23 15:15:31 UTC 2020 /home/travis/build/icyphy/ptII/ptolemy/actor/lib/test/auto/LazySubClassModel.xml
----------------- Instantiating /home/travis/build/icyphy/ptII/ptolemy/actor/lib/test/auto/LazySubClassModel.xml
1 ms. Memory: 571392K Free: 357601K (63%)
----------------- Invoking toplevel() on ptolemy.moml.MoMLSimpleApplication@281bebc1
----------------- Done invoking toplevel() on ptolemy.moml.MoMLSimpleApplication@281bebc1
reloadAllAccessors: .LazySubClassModel

===========================================================================================
----------------- testing Thu Jul 23 15:15:31 UTC 2020 /home/travis/build/icyphy/ptII/ptolemy/actor/lib/test/auto/LevelCrossTest1.xml
----------------- Instantiating /home/travis/build/icyphy/ptII/ptolemy/actor/lib/test/auto/LevelCrossTest1.xml
2 ms. Memory: 571392K Free: 352991K (62%)
----------------- Invoking toplevel() on ptolemy.moml.MoMLSimpleApplication@5343e519
----------------- Done invoking toplevel() on ptolemy.moml.MoMLSimpleApplication@5343e519
reloadAllAccessors: .broken

===========================================================================================
----------------- testing Thu Jul 23 15:15:31 UTC 2020 /home/travis/build/icyphy/ptII/ptolemy/actor/lib/test/auto/LevelCrossTest10.xml
----------------- Instantiating /home/travis/build/icyphy/ptII/ptolemy/actor/lib/test/auto/LevelCrossTest10.xml
1 ms. Memory: 571392K Free: 345823K (61%)
----------------- Invoking toplevel() on ptolemy.moml.MoMLSimpleApplication@2b851f16
----------------- Done invoking toplevel() on ptolemy.moml.MoMLSimpleApplication@2b851f16
reloadAllAccessors: .LevelCrossTest10

===========================================================================================
----------------- testing Thu Jul 23 15:15:31 UTC 2020 /home/travis/build/icyphy/ptII/ptolemy/actor/lib/test/auto/LevelCrossTest11.xml
----------------- Instantiating /home/travis/build/icyphy/ptII/ptolemy/actor/lib/test/auto/LevelCrossTest11.xml
1 ms. Memory: 571392K Free: 338145K (59%)
----------------- Invoking toplevel() on ptolemy.moml.MoMLSimpleApplication@28e00c3e
----------------- Done invoking toplevel() on ptolemy.moml.MoMLSimpleApplication@28e00c3e
reloadAllAccessors: .LevelCrossTest11

===========================================================================================
----------------- testing Thu Jul 23 15:15:31 UTC 2020 /home/travis/build/icyphy/ptII/ptolemy/actor/lib/test/auto/LevelCrossTest12.xml
----------------- Instantiating /home/travis/build/icyphy/ptII/ptolemy/actor/lib/test/auto/LevelCrossTest12.xml
1 ms. Memory: 571392K Free: 331487K (58%)
----------------- Invoking toplevel() on ptolemy.moml.MoMLSimpleApplication@54e53fad
----------------- Done invoking toplevel() on ptolemy.moml.MoMLSimpleApplication@54e53fad
reloadAllAccessors: .LevelCrossTest12

===========================================================================================
----------------- testing Thu Jul 23 15:15:31 UTC 2020 /home/travis/build/icyphy/ptII/ptolemy/actor/lib/test/auto/LevelCrossTest13.xml
----------------- Instantiating /home/travis/build/icyphy/ptII/ptolemy/actor/lib/test/auto/LevelCrossTest13.xml
6 ms. Memory: 571392K Free: 324319K (57%)
----------------- Invoking toplevel() on ptolemy.moml.MoMLSimpleApplication@40be154c
----------------- Done invoking toplevel() on ptolemy.moml.MoMLSimpleApplication@40be154c
reloadAllAccessors: .LevelCrossTest13

===========================================================================================
----------------- testing Thu Jul 23 15:15:31 UTC 2020 /home/travis/build/icyphy/ptII/ptolemy/actor/lib/test/auto/LevelCrossTest2.xml
----------------- Instantiating /home/travis/build/icyphy/ptII/ptolemy/actor/lib/test/auto/LevelCrossTest2.xml
1 ms. Memory: 571392K Free: 318689K (56%)
----------------- Invoking toplevel() on ptolemy.moml.MoMLSimpleApplication@12006dfc
----------------- Done invoking toplevel() on ptolemy.moml.MoMLSimpleApplication@12006dfc
reloadAllAccessors: .broken

===========================================================================================
----------------- testing Thu Jul 23 15:15:31 UTC 2020 /home/travis/build/icyphy/ptII/ptolemy/actor/lib/test/auto/LevelCrossTest3.xml
----------------- Instantiating /home/travis/build/icyphy/ptII/ptolemy/actor/lib/test/auto/LevelCrossTest3.xml
1 ms. Memory: 571392K Free: 312545K (55%)
----------------- Invoking toplevel() on ptolemy.moml.MoMLSimpleApplication@21e02991
----------------- Done invoking toplevel() on ptolemy.moml.MoMLSimpleApplication@21e02991
reloadAllAccessors: .LevelCrossTest3

===========================================================================================
----------------- testing Thu Jul 23 15:15:31 UTC 2020 /home/travis/build/icyphy/ptII/ptolemy/actor/lib/test/auto/LevelCrossTest4.xml
----------------- Instantiating /home/travis/build/icyphy/ptII/ptolemy/actor/lib/test/auto/LevelCrossTest4.xml
1 ms. Memory: 571392K Free: 306911K (54%)
----------------- Invoking toplevel() on ptolemy.moml.MoMLSimpleApplication@6ba5c2ea
----------------- Done invoking toplevel() on ptolemy.moml.MoMLSimpleApplication@6ba5c2ea
reloadAllAccessors: .broken

===========================================================================================
----------------- testing Thu Jul 23 15:15:31 UTC 2020 /home/travis/build/icyphy/ptII/ptolemy/actor/lib/test/auto/LevelCrossTest5.xml
----------------- Instantiating /home/travis/build/icyphy/ptII/ptolemy/actor/lib/test/auto/LevelCrossTest5.xml
4 ms. Memory: 571392K Free: 300257K (53%)
----------------- Invoking toplevel() on ptolemy.moml.MoMLSimpleApplication@8165349
----------------- Done invoking toplevel() on ptolemy.moml.MoMLSimpleApplication@8165349
reloadAllAccessors: .LevelCrossTest5

===========================================================================================
----------------- testing Thu Jul 23 15:15:31 UTC 2020 /home/travis/build/icyphy/ptII/ptolemy/actor/lib/test/auto/LevelCrossTest6.xml
----------------- Instantiating /home/travis/build/icyphy/ptII/ptolemy/actor/lib/test/auto/LevelCrossTest6.xml
1 ms. Memory: 571392K Free: 293599K (51%)
----------------- Invoking toplevel() on ptolemy.moml.MoMLSimpleApplication@d86d3dc
----------------- Done invoking toplevel() on ptolemy.moml.MoMLSimpleApplication@d86d3dc
reloadAllAccessors: .LevelCrossTest6

===========================================================================================
----------------- testing Thu Jul 23 15:15:32 UTC 2020 /home/travis/build/icyphy/ptII/ptolemy/actor/lib/test/auto/LevelCrossTest7.xml
----------------- Instantiating /home/travis/build/icyphy/ptII/ptolemy/actor/lib/test/auto/LevelCrossTest7.xml
1 ms. Memory: 571392K Free: 284897K (50%)
----------------- Invoking toplevel() on ptolemy.moml.MoMLSimpleApplication@49d5ff3
----------------- Done invoking toplevel() on ptolemy.moml.MoMLSimpleApplication@49d5ff3
reloadAllAccessors: .LevelCrossTest7

===========================================================================================
----------------- testing Thu Jul 23 15:15:32 UTC 2020 /home/travis/build/icyphy/ptII/ptolemy/actor/lib/test/auto/LevelCrossTest8.xml
----------------- Instantiating /home/travis/build/icyphy/ptII/ptolemy/actor/lib/test/auto/LevelCrossTest8.xml
1 ms. Memory: 571392K Free: 278239K (49%)
----------------- Invoking toplevel() on ptolemy.moml.MoMLSimpleApplication@7505d8a0
----------------- Done invoking toplevel() on ptolemy.moml.MoMLSimpleApplication@7505d8a0
reloadAllAccessors: .LevelCrossTest8

===========================================================================================
----------------- testing Thu Jul 23 15:15:32 UTC 2020 /home/travis/build/icyphy/ptII/ptolemy/actor/lib/test/auto/LevelCrossTest9.xml
----------------- Instantiating /home/travis/build/icyphy/ptII/ptolemy/actor/lib/test/auto/LevelCrossTest9.xml
2 ms. Memory: 571392K Free: 271071K (47%)
----------------- Invoking toplevel() on ptolemy.moml.MoMLSimpleApplication@6531f76a
----------------- Done invoking toplevel() on ptolemy.moml.MoMLSimpleApplication@6531f76a
reloadAllAccessors: .LevelCrossTest9

===========================================================================================
----------------- testing Thu Jul 23 15:15:32 UTC 2020 /home/travis/build/icyphy/ptII/ptolemy/actor/lib/test/auto/LevinsonDurbin.xml
----------------- Instantiating /home/travis/build/icyphy/ptII/ptolemy/actor/lib/test/auto/LevinsonDurbin.xml
10 ms. Memory: 571392K Free: 266975K (47%)
----------------- Invoking toplevel() on ptolemy.moml.MoMLSimpleApplication@1b6f8f06
----------------- Done invoking toplevel() on ptolemy.moml.MoMLSimpleApplication@1b6f8f06
reloadAllAccessors: .LevinsonDurbin

===========================================================================================
----------------- testing Thu Jul 23 15:15:32 UTC 2020 /home/travis/build/icyphy/ptII/ptolemy/actor/lib/test/auto/LevinsonDurbin2.xml
----------------- Instantiating /home/travis/build/icyphy/ptII/ptolemy/actor/lib/test/auto/LevinsonDurbin2.xml
1 ms. Memory: 571392K Free: 262879K (46%)
----------------- Invoking toplevel() on ptolemy.moml.MoMLSimpleApplication@47e3fe63
----------------- Done invoking toplevel() on ptolemy.moml.MoMLSimpleApplication@47e3fe63
reloadAllAccessors: .LevinsonDurbin2

===========================================================================================
----------------- testing Thu Jul 23 15:15:32 UTC 2020 /home/travis/build/icyphy/ptII/ptolemy/actor/lib/test/auto/LevinsonDurbin3.xml
----------------- Instantiating /home/travis/build/icyphy/ptII/ptolemy/actor/lib/test/auto/LevinsonDurbin3.xml
3 ms. Memory: 571392K Free: 258783K (45%)
----------------- Invoking toplevel() on ptolemy.moml.MoMLSimpleApplication@30ac8046
----------------- Done invoking toplevel() on ptolemy.moml.MoMLSimpleApplication@30ac8046
reloadAllAccessors: .LevinsonDurbin3

===========================================================================================
----------------- testing Thu Jul 23 15:15:32 UTC 2020 /home/travis/build/icyphy/ptII/ptolemy/actor/lib/test/auto/Limiter.xml
----------------- Instantiating /home/travis/build/icyphy/ptII/ptolemy/actor/lib/test/auto/Limiter.xml
7 ms. Memory: 571392K Free: 249537K (44%)
----------------- Invoking toplevel() on ptolemy.moml.MoMLSimpleApplication@6079f4d
----------------- Done invoking toplevel() on ptolemy.moml.MoMLSimpleApplication@6079f4d
reloadAllAccessors: .Limiter

===========================================================================================
----------------- testing Thu Jul 23 15:15:32 UTC 2020 /home/travis/build/icyphy/ptII/ptolemy/actor/lib/test/auto/LinearDifferenceEquationSystem.xml
----------------- Instantiating /home/travis/build/icyphy/ptII/ptolemy/actor/lib/test/auto/LinearDifferenceEquationSystem.xml
4 ms. Memory: 571392K Free: 242399K (42%)
----------------- Invoking toplevel() on ptolemy.moml.MoMLSimpleApplication@655247dd
----------------- Done invoking toplevel() on ptolemy.moml.MoMLSimpleApplication@655247dd
reloadAllAccessors: .LinearDifferenceEquationSystem

===========================================================================================
----------------- testing Thu Jul 23 15:15:32 UTC 2020 /home/travis/build/icyphy/ptII/ptolemy/actor/lib/test/auto/LookupTable.xml
----------------- Instantiating /home/travis/build/icyphy/ptII/ptolemy/actor/lib/test/auto/LookupTable.xml
1 ms. Memory: 571392K Free: 237793K (42%)
----------------- Invoking toplevel() on ptolemy.moml.MoMLSimpleApplication@2fdd5ca0
----------------- Done invoking toplevel() on ptolemy.moml.MoMLSimpleApplication@2fdd5ca0
reloadAllAccessors: .LookupTable

===========================================================================================
----------------- testing Thu Jul 23 15:15:32 UTC 2020 /home/travis/build/icyphy/ptII/ptolemy/actor/lib/test/auto/MathFunction.xml
----------------- Instantiating /home/travis/build/icyphy/ptII/ptolemy/actor/lib/test/auto/MathFunction.xml
11 ms. Memory: 571392K Free: 229601K (40%)
----------------- Invoking toplevel() on ptolemy.moml.MoMLSimpleApplication@4e5c40f1
----------------- Done invoking toplevel() on ptolemy.moml.MoMLSimpleApplication@4e5c40f1
reloadAllAccessors: .MathFunction

===========================================================================================
----------------- testing Thu Jul 23 15:15:32 UTC 2020 /home/travis/build/icyphy/ptII/ptolemy/actor/lib/test/auto/MathFunction2.xml
----------------- Instantiating /home/travis/build/icyphy/ptII/ptolemy/actor/lib/test/auto/MathFunction2.xml
5 ms. Memory: 571392K Free: 225505K (39%)
----------------- Invoking toplevel() on ptolemy.moml.MoMLSimpleApplication@cd690d1
----------------- Done invoking toplevel() on ptolemy.moml.MoMLSimpleApplication@cd690d1
reloadAllAccessors: .MathFunction2

===========================================================================================
----------------- testing Thu Jul 23 15:15:32 UTC 2020 /home/travis/build/icyphy/ptII/ptolemy/actor/lib/test/auto/MathFunction3.xml
----------------- Instantiating /home/travis/build/icyphy/ptII/ptolemy/actor/lib/test/auto/MathFunction3.xml
2 ms. Memory: 571392K Free: 218337K (38%)
----------------- Invoking toplevel() on ptolemy.moml.MoMLSimpleApplication@111b9ba2
----------------- Done invoking toplevel() on ptolemy.moml.MoMLSimpleApplication@111b9ba2
reloadAllAccessors: .MathFunction3

===========================================================================================
----------------- testing Thu Jul 23 15:15:32 UTC 2020 /home/travis/build/icyphy/ptII/ptolemy/actor/lib/test/auto/MatrixCropBoolean.xml
----------------- Instantiating /home/travis/build/icyphy/ptII/ptolemy/actor/lib/test/auto/MatrixCropBoolean.xml
2 ms. Memory: 571392K Free: 213217K (37%)
----------------- Invoking toplevel() on ptolemy.moml.MoMLSimpleApplication@7f770ffd
----------------- Done invoking toplevel() on ptolemy.moml.MoMLSimpleApplication@7f770ffd
reloadAllAccessors: .MatrixCropBoolean

===========================================================================================
----------------- testing Thu Jul 23 15:15:32 UTC 2020 /home/travis/build/icyphy/ptII/ptolemy/actor/lib/test/auto/MatrixCropComplex.xml
----------------- Instantiating /home/travis/build/icyphy/ptII/ptolemy/actor/lib/test/auto/MatrixCropComplex.xml
2 ms. Memory: 571392K Free: 208601K (37%)
----------------- Invoking toplevel() on ptolemy.moml.MoMLSimpleApplication@23ae3ade
----------------- Done invoking toplevel() on ptolemy.moml.MoMLSimpleApplication@23ae3ade
reloadAllAccessors: .MatrixCropComplex

===========================================================================================
----------------- testing Thu Jul 23 15:15:32 UTC 2020 /home/travis/build/icyphy/ptII/ptolemy/actor/lib/test/auto/MatrixCropDouble.xml
----------------- Instantiating /home/travis/build/icyphy/ptII/ptolemy/actor/lib/test/auto/MatrixCropDouble.xml
2 ms. Memory: 571392K Free: 203473K (36%)
----------------- Invoking toplevel() on ptolemy.moml.MoMLSimpleApplication@5ecf8cd
----------------- Done invoking toplevel() on ptolemy.moml.MoMLSimpleApplication@5ecf8cd
reloadAllAccessors: .MatrixCropDouble

===========================================================================================
----------------- testing Thu Jul 23 15:15:32 UTC 2020 /home/travis/build/icyphy/ptII/ptolemy/actor/lib/test/auto/MatrixCropFix.xml
----------------- Instantiating /home/travis/build/icyphy/ptII/ptolemy/actor/lib/test/auto/MatrixCropFix.xml
2 ms. Memory: 571392K Free: 198337K (35%)
----------------- Invoking toplevel() on ptolemy.moml.MoMLSimpleApplication@7916b128
----------------- Done invoking toplevel() on ptolemy.moml.MoMLSimpleApplication@7916b128
reloadAllAccessors: .MatrixCropFix

===========================================================================================
----------------- testing Thu Jul 23 15:15:32 UTC 2020 /home/travis/build/icyphy/ptII/ptolemy/actor/lib/test/auto/MatrixCropInt.xml
----------------- Instantiating /home/travis/build/icyphy/ptII/ptolemy/actor/lib/test/auto/MatrixCropInt.xml
1 ms. Memory: 571392K Free: 193217K (34%)
----------------- Invoking toplevel() on ptolemy.moml.MoMLSimpleApplication@46a45c49
----------------- Done invoking toplevel() on ptolemy.moml.MoMLSimpleApplication@46a45c49
reloadAllAccessors: .MatrixCropInt

===========================================================================================
----------------- testing Thu Jul 23 15:15:32 UTC 2020 /home/travis/build/icyphy/ptII/ptolemy/actor/lib/test/auto/MatrixCropLong.xml
----------------- Instantiating /home/travis/build/icyphy/ptII/ptolemy/actor/lib/test/auto/MatrixCropLong.xml
1 ms. Memory: 571392K Free: 188097K (33%)
----------------- Invoking toplevel() on ptolemy.moml.MoMLSimpleApplication@67697bd7
----------------- Done invoking toplevel() on ptolemy.moml.MoMLSimpleApplication@67697bd7
reloadAllAccessors: .MatrixCropLong

===========================================================================================
----------------- testing Thu Jul 23 15:15:32 UTC 2020 /home/travis/build/icyphy/ptII/ptolemy/actor/lib/test/auto/MatrixToArray.xml
----------------- Instantiating /home/travis/build/icyphy/ptII/ptolemy/actor/lib/test/auto/MatrixToArray.xml
5 ms. Memory: 571392K Free: 509511K (89%)
----------------- Invoking toplevel() on ptolemy.moml.MoMLSimpleApplication@6d270cf8
----------------- Done invoking toplevel() on ptolemy.moml.MoMLSimpleApplication@6d270cf8
reloadAllAccessors: .MatrixToArray

===========================================================================================
----------------- testing Thu Jul 23 15:15:32 UTC 2020 /home/travis/build/icyphy/ptII/ptolemy/actor/lib/test/auto/MaxIndex.xml
----------------- Instantiating /home/travis/build/icyphy/ptII/ptolemy/actor/lib/test/auto/MaxIndex.xml
8 ms. Memory: 571392K Free: 504391K (88%)
----------------- Invoking toplevel() on ptolemy.moml.MoMLSimpleApplication@4c099125
----------------- Done invoking toplevel() on ptolemy.moml.MoMLSimpleApplication@4c099125
reloadAllAccessors: .MaxIndex

===========================================================================================
----------------- testing Thu Jul 23 15:15:32 UTC 2020 /home/travis/build/icyphy/ptII/ptolemy/actor/lib/test/auto/Maximum.xml
----------------- Instantiating /home/travis/build/icyphy/ptII/ptolemy/actor/lib/test/auto/Maximum.xml
3 ms. Memory: 571392K Free: 497702K (87%)
----------------- Invoking toplevel() on ptolemy.moml.MoMLSimpleApplication@12dedb06
----------------- Done invoking toplevel() on ptolemy.moml.MoMLSimpleApplication@12dedb06
reloadAllAccessors: .Maximum

===========================================================================================
----------------- testing Thu Jul 23 15:15:32 UTC 2020 /home/travis/build/icyphy/ptII/ptolemy/actor/lib/test/auto/MaximumComplex.xml
----------------- Instantiating /home/travis/build/icyphy/ptII/ptolemy/actor/lib/test/auto/MaximumComplex.xml
5 ms. Memory: 571392K Free: 491589K (86%)
----------------- Invoking toplevel() on ptolemy.moml.MoMLSimpleApplication@76961f81
----------------- Done invoking toplevel() on ptolemy.moml.MoMLSimpleApplication@76961f81
reloadAllAccessors: .MaximumComplex

===========================================================================================
----------------- testing Thu Jul 23 15:15:32 UTC 2020 /home/travis/build/icyphy/ptII/ptolemy/actor/lib/test/auto/MethodCallTest.xml
----------------- Instantiating /home/travis/build/icyphy/ptII/ptolemy/actor/lib/test/auto/MethodCallTest.xml
2 ms. Memory: 571392K Free: 484935K (85%)
----------------- Invoking toplevel() on ptolemy.moml.MoMLSimpleApplication@351c21ab
----------------- Done invoking toplevel() on ptolemy.moml.MoMLSimpleApplication@351c21ab
reloadAllAccessors: .MethodCallTest

===========================================================================================
----------------- testing Thu Jul 23 15:15:32 UTC 2020 /home/travis/build/icyphy/ptII/ptolemy/actor/lib/test/auto/Minimum.xml
----------------- Instantiating /home/travis/build/icyphy/ptII/ptolemy/actor/lib/test/auto/Minimum.xml
3 ms. Memory: 571392K Free: 478277K (84%)
----------------- Invoking toplevel() on ptolemy.moml.MoMLSimpleApplication@639298bd
----------------- Done invoking toplevel() on ptolemy.moml.MoMLSimpleApplication@639298bd
reloadAllAccessors: .Minimum

===========================================================================================
----------------- testing Thu Jul 23 15:15:32 UTC 2020 /home/travis/build/icyphy/ptII/ptolemy/actor/lib/test/auto/MinimumComplex.xml
----------------- Instantiating /home/travis/build/icyphy/ptII/ptolemy/actor/lib/test/auto/MinimumComplex.xml
3 ms. Memory: 571392K Free: 472133K (83%)
----------------- Invoking toplevel() on ptolemy.moml.MoMLSimpleApplication@249d67ce
----------------- Done invoking toplevel() on ptolemy.moml.MoMLSimpleApplication@249d67ce
reloadAllAccessors: .MinimumComplex

===========================================================================================
----------------- testing Thu Jul 23 15:15:32 UTC 2020 /home/travis/build/icyphy/ptII/ptolemy/actor/lib/test/auto/MinimumMultiports.xml
----------------- Instantiating /home/travis/build/icyphy/ptII/ptolemy/actor/lib/test/auto/MinimumMultiports.xml
3 ms. Memory: 571392K Free: 463431K (81%)
----------------- Invoking toplevel() on ptolemy.moml.MoMLSimpleApplication@5692a53d
----------------- Done invoking toplevel() on ptolemy.moml.MoMLSimpleApplication@5692a53d
reloadAllAccessors: .MinimumMultiports

===========================================================================================
----------------- testing Thu Jul 23 15:15:32 UTC 2020 /home/travis/build/icyphy/ptII/ptolemy/actor/lib/test/auto/ModifyDate.xml
----------------- Instantiating /home/travis/build/icyphy/ptII/ptolemy/actor/lib/test/auto/ModifyDate.xml
12 ms. Memory: 571392K Free: 450629K (79%)
----------------- Invoking toplevel() on ptolemy.moml.MoMLSimpleApplication@1611bc2e
----------------- Done invoking toplevel() on ptolemy.moml.MoMLSimpleApplication@1611bc2e
reloadAllAccessors: .ModifyDate

===========================================================================================
----------------- testing Thu Jul 23 15:15:32 UTC 2020 /home/travis/build/icyphy/ptII/ptolemy/actor/lib/test/auto/ModifyDate2.xml
----------------- Instantiating /home/travis/build/icyphy/ptII/ptolemy/actor/lib/test/auto/ModifyDate2.xml
3 ms. Memory: 571392K Free: 441927K (77%)
----------------- Invoking toplevel() on ptolemy.moml.MoMLSimpleApplication@12daa04a
----------------- Done invoking toplevel() on ptolemy.moml.MoMLSimpleApplication@12daa04a
reloadAllAccessors: .ModifyDate2

===========================================================================================
----------------- testing Thu Jul 23 15:15:32 UTC 2020 /home/travis/build/icyphy/ptII/ptolemy/actor/lib/test/auto/MovingAverage.xml
----------------- Instantiating /home/travis/build/icyphy/ptII/ptolemy/actor/lib/test/auto/MovingAverage.xml
2 ms. Memory: 571392K Free: 436807K (76%)
----------------- Invoking toplevel() on ptolemy.moml.MoMLSimpleApplication@afa6880
----------------- Done invoking toplevel() on ptolemy.moml.MoMLSimpleApplication@afa6880
reloadAllAccessors: .MovingAverage

===========================================================================================
----------------- testing Thu Jul 23 15:15:32 UTC 2020 /home/travis/build/icyphy/ptII/ptolemy/actor/lib/test/auto/MovingMaximum.xml
----------------- Instantiating /home/travis/build/icyphy/ptII/ptolemy/actor/lib/test/auto/MovingMaximum.xml
2 ms. Memory: 571392K Free: 432197K (76%)
----------------- Invoking toplevel() on ptolemy.moml.MoMLSimpleApplication@16d2af6c
----------------- Done invoking toplevel() on ptolemy.moml.MoMLSimpleApplication@16d2af6c
reloadAllAccessors: .MovingMaximum

===========================================================================================
----------------- testing Thu Jul 23 15:15:32 UTC 2020 /home/travis/build/icyphy/ptII/ptolemy/actor/lib/test/auto/MultipleLinksToSameRelation.xml
----------------- Instantiating /home/travis/build/icyphy/ptII/ptolemy/actor/lib/test/auto/MultipleLinksToSameRelation.xml
2 ms. Memory: 571392K Free: 428101K (75%)
----------------- Invoking toplevel() on ptolemy.moml.MoMLSimpleApplication@b693f54
----------------- Done invoking toplevel() on ptolemy.moml.MoMLSimpleApplication@b693f54
reloadAllAccessors: .MultipleLinksToSameRelation

===========================================================================================
----------------- testing Thu Jul 23 15:15:32 UTC 2020 /home/travis/build/icyphy/ptII/ptolemy/actor/lib/test/auto/MultipleLinksToSameRelationDE.xml
----------------- Instantiating /home/travis/build/icyphy/ptII/ptolemy/actor/lib/test/auto/MultipleLinksToSameRelationDE.xml
2 ms. Memory: 571392K Free: 423495K (74%)
----------------- Invoking toplevel() on ptolemy.moml.MoMLSimpleApplication@bc5446a
----------------- Done invoking toplevel() on ptolemy.moml.MoMLSimpleApplication@bc5446a
reloadAllAccessors: .MultipleLinksToSameRelationDE

===========================================================================================
----------------- testing Thu Jul 23 15:15:32 UTC 2020 /home/travis/build/icyphy/ptII/ptolemy/actor/lib/test/auto/Multiplexor.xml
----------------- Instantiating /home/travis/build/icyphy/ptII/ptolemy/actor/lib/test/auto/Multiplexor.xml
2 ms. Memory: 571392K Free: 417861K (73%)
----------------- Invoking toplevel() on ptolemy.moml.MoMLSimpleApplication@3a5810f8
----------------- Done invoking toplevel() on ptolemy.moml.MoMLSimpleApplication@3a5810f8
reloadAllAccessors: .Multiplexor

===========================================================================================
----------------- testing Thu Jul 23 15:15:32 UTC 2020 /home/travis/build/icyphy/ptII/ptolemy/actor/lib/test/auto/Multiplexor1.xml
----------------- Instantiating /home/travis/build/icyphy/ptII/ptolemy/actor/lib/test/auto/Multiplexor1.xml
2 ms. Memory: 571392K Free: 412231K (72%)
----------------- Invoking toplevel() on ptolemy.moml.MoMLSimpleApplication@41f20558
----------------- Done invoking toplevel() on ptolemy.moml.MoMLSimpleApplication@41f20558
reloadAllAccessors: .Multiplexor1

===========================================================================================
----------------- testing Thu Jul 23 15:15:32 UTC 2020 /home/travis/build/icyphy/ptII/ptolemy/actor/lib/test/auto/Multiplexor2.xml
----------------- Instantiating /home/travis/build/icyphy/ptII/ptolemy/actor/lib/test/auto/Multiplexor2.xml
2 ms. Memory: 571392K Free: 405573K (71%)
----------------- Invoking toplevel() on ptolemy.moml.MoMLSimpleApplication@3048c07a
----------------- Done invoking toplevel() on ptolemy.moml.MoMLSimpleApplication@3048c07a
reloadAllAccessors: .Multiplexor2

===========================================================================================
----------------- testing Thu Jul 23 15:15:32 UTC 2020 /home/travis/build/icyphy/ptII/ptolemy/actor/lib/test/auto/Multiplexor3.xml
----------------- Instantiating /home/travis/build/icyphy/ptII/ptolemy/actor/lib/test/auto/Multiplexor3.xml
2 ms. Memory: 571392K Free: 401477K (70%)
----------------- Invoking toplevel() on ptolemy.moml.MoMLSimpleApplication@20369c8b
----------------- Done invoking toplevel() on ptolemy.moml.MoMLSimpleApplication@20369c8b
reloadAllAccessors: .Multiplexor3

===========================================================================================
----------------- testing Thu Jul 23 15:15:32 UTC 2020 /home/travis/build/icyphy/ptII/ptolemy/actor/lib/test/auto/MultiplexorDE.xml
----------------- Instantiating /home/travis/build/icyphy/ptII/ptolemy/actor/lib/test/auto/MultiplexorDE.xml
2 ms. Memory: 571392K Free: 393799K (69%)
----------------- Invoking toplevel() on ptolemy.moml.MoMLSimpleApplication@57ea7bf0
----------------- Done invoking toplevel() on ptolemy.moml.MoMLSimpleApplication@57ea7bf0
reloadAllAccessors: .MultiplexorDE

===========================================================================================
----------------- testing Thu Jul 23 15:15:32 UTC 2020 /home/travis/build/icyphy/ptII/ptolemy/actor/lib/test/auto/MultiportBroadcastTest.xml
----------------- Instantiating /home/travis/build/icyphy/ptII/ptolemy/actor/lib/test/auto/MultiportBroadcastTest.xml
105 ms. Memory: 571392K Free: 387655K (68%)
----------------- Invoking toplevel() on ptolemy.moml.MoMLSimpleApplication@4bfb178e
----------------- Done invoking toplevel() on ptolemy.moml.MoMLSimpleApplication@4bfb178e
reloadAllAccessors: .MultiportBroadcastTest

===========================================================================================
----------------- testing Thu Jul 23 15:15:32 UTC 2020 /home/travis/build/icyphy/ptII/ptolemy/actor/lib/test/auto/MultiportOutHangDuringGetWidth.xml
----------------- Instantiating /home/travis/build/icyphy/ptII/ptolemy/actor/lib/test/auto/MultiportOutHangDuringGetWidth.xml
5 ms. Memory: 571392K Free: 375367K (66%)
----------------- Invoking toplevel() on ptolemy.moml.MoMLSimpleApplication@c42e65
----------------- Done invoking toplevel() on ptolemy.moml.MoMLSimpleApplication@c42e65
reloadAllAccessors: .MultiportOutHangDuringGetWidth

===========================================================================================
----------------- testing Thu Jul 23 15:15:33 UTC 2020 /home/travis/build/icyphy/ptII/ptolemy/actor/lib/test/auto/NilToken.xml
----------------- Instantiating /home/travis/build/icyphy/ptII/ptolemy/actor/lib/test/auto/NilToken.xml
1 ms. Memory: 571392K Free: 371271K (65%)
----------------- Invoking toplevel() on ptolemy.moml.MoMLSimpleApplication@2d978486
----------------- Done invoking toplevel() on ptolemy.moml.MoMLSimpleApplication@2d978486
reloadAllAccessors: .NilToken

===========================================================================================
----------------- testing Thu Jul 23 15:15:33 UTC 2020 /home/travis/build/icyphy/ptII/ptolemy/actor/lib/test/auto/NilTokenNonStrictTest.xml
----------------- Instantiating /home/travis/build/icyphy/ptII/ptolemy/actor/lib/test/auto/NilTokenNonStrictTest.xml
1 ms. Memory: 571392K Free: 366661K (64%)
----------------- Invoking toplevel() on ptolemy.moml.MoMLSimpleApplication@2faaf05a
----------------- Done invoking toplevel() on ptolemy.moml.MoMLSimpleApplication@2faaf05a
reloadAllAccessors: .NilTokenNonStrictTest

===========================================================================================
----------------- testing Thu Jul 23 15:15:33 UTC 2020 /home/travis/build/icyphy/ptII/ptolemy/actor/lib/test/auto/NilTokenRecord.xml
----------------- Instantiating /home/travis/build/icyphy/ptII/ptolemy/actor/lib/test/auto/NilTokenRecord.xml
6 ms. Memory: 571392K Free: 359493K (63%)
----------------- Invoking toplevel() on ptolemy.moml.MoMLSimpleApplication@41fb6523
----------------- Done invoking toplevel() on ptolemy.moml.MoMLSimpleApplication@41fb6523
reloadAllAccessors: .NilTokenRecord

===========================================================================================
----------------- testing Thu Jul 23 15:15:33 UTC 2020 /home/travis/build/icyphy/ptII/ptolemy/actor/lib/test/auto/NilTokenTypeTest.xml
----------------- Instantiating /home/travis/build/icyphy/ptII/ptolemy/actor/lib/test/auto/NilTokenTypeTest.xml
9 ms. Memory: 571392K Free: 349253K (61%)
----------------- Invoking toplevel() on ptolemy.moml.MoMLSimpleApplication@3dcfad1b
----------------- Done invoking toplevel() on ptolemy.moml.MoMLSimpleApplication@3dcfad1b
reloadAllAccessors: .NilTokenTypeTest

===========================================================================================
----------------- testing Thu Jul 23 15:15:33 UTC 2020 /home/travis/build/icyphy/ptII/ptolemy/actor/lib/test/auto/ObjectToken1.xml
----------------- Instantiating /home/travis/build/icyphy/ptII/ptolemy/actor/lib/test/auto/ObjectToken1.xml
3 ms. Memory: 571392K Free: 345157K (60%)
----------------- Invoking toplevel() on ptolemy.moml.MoMLSimpleApplication@78d71ee2
----------------- Done invoking toplevel() on ptolemy.moml.MoMLSimpleApplication@78d71ee2
reloadAllAccessors: .ObjectToken1

===========================================================================================
----------------- testing Thu Jul 23 15:15:33 UTC 2020 /home/travis/build/icyphy/ptII/ptolemy/actor/lib/test/auto/OrderedMerge.xml
----------------- Instantiating /home/travis/build/icyphy/ptII/ptolemy/actor/lib/test/auto/OrderedMerge.xml
10 ms. Memory: 571392K Free: 339527K (59%)
----------------- Invoking toplevel() on ptolemy.moml.MoMLSimpleApplication@23091459
----------------- Done invoking toplevel() on ptolemy.moml.MoMLSimpleApplication@23091459
reloadAllAccessors: .OrderedMerge

===========================================================================================
----------------- testing Thu Jul 23 15:15:33 UTC 2020 /home/travis/build/icyphy/ptII/ptolemy/actor/lib/test/auto/OrderedRecordDisassembler.xml
----------------- Instantiating /home/travis/build/icyphy/ptII/ptolemy/actor/lib/test/auto/OrderedRecordDisassembler.xml
3 ms. Memory: 571392K Free: 334407K (59%)
----------------- Invoking toplevel() on ptolemy.moml.MoMLSimpleApplication@388c1713
----------------- Done invoking toplevel() on ptolemy.moml.MoMLSimpleApplication@388c1713
reloadAllAccessors: .OrderedRecordDisassembler

===========================================================================================
----------------- testing Thu Jul 23 15:15:33 UTC 2020 /home/travis/build/icyphy/ptII/ptolemy/actor/lib/test/auto/OrderedRecordDisassembler2.xml
----------------- Instantiating /home/travis/build/icyphy/ptII/ptolemy/actor/lib/test/auto/OrderedRecordDisassembler2.xml
4 ms. Memory: 571392K Free: 326710K (57%)
----------------- Invoking toplevel() on ptolemy.moml.MoMLSimpleApplication@7953316d
----------------- Done invoking toplevel() on ptolemy.moml.MoMLSimpleApplication@7953316d
reloadAllAccessors: .OrderedRecordDisassembler2

===========================================================================================
----------------- testing Thu Jul 23 15:15:33 UTC 2020 /home/travis/build/icyphy/ptII/ptolemy/actor/lib/test/auto/OrderedRecordUpdater.xml
----------------- Instantiating /home/travis/build/icyphy/ptII/ptolemy/actor/lib/test/auto/OrderedRecordUpdater.xml
1 ms. Memory: 571392K Free: 321605K (56%)
----------------- Invoking toplevel() on ptolemy.moml.MoMLSimpleApplication@465c4120
----------------- Done invoking toplevel() on ptolemy.moml.MoMLSimpleApplication@465c4120
reloadAllAccessors: .RecordUpdater

===========================================================================================
----------------- testing Thu Jul 23 15:15:33 UTC 2020 /home/travis/build/icyphy/ptII/ptolemy/actor/lib/test/auto/OrderedRecordUpdater2.xml
----------------- Instantiating /home/travis/build/icyphy/ptII/ptolemy/actor/lib/test/auto/OrderedRecordUpdater2.xml
3 ms. Memory: 571392K Free: 316485K (55%)
----------------- Invoking toplevel() on ptolemy.moml.MoMLSimpleApplication@292bc46b
----------------- Done invoking toplevel() on ptolemy.moml.MoMLSimpleApplication@292bc46b
reloadAllAccessors: .RecordUpdater2

===========================================================================================
----------------- testing Thu Jul 23 15:15:33 UTC 2020 /home/travis/build/icyphy/ptII/ptolemy/actor/lib/test/auto/PhaseUnwrap.xml
----------------- Instantiating /home/travis/build/icyphy/ptII/ptolemy/actor/lib/test/auto/PhaseUnwrap.xml
2 ms. Memory: 571392K Free: 311879K (55%)
----------------- Invoking toplevel() on ptolemy.moml.MoMLSimpleApplication@60a9bfb6
----------------- Done invoking toplevel() on ptolemy.moml.MoMLSimpleApplication@60a9bfb6
reloadAllAccessors: .PhaseUnwrap

===========================================================================================
----------------- testing Thu Jul 23 15:15:33 UTC 2020 /home/travis/build/icyphy/ptII/ptolemy/actor/lib/test/auto/PoissonClock.xml
----------------- Instantiating /home/travis/build/icyphy/ptII/ptolemy/actor/lib/test/auto/PoissonClock.xml
2 ms. Memory: 571392K Free: 307783K (54%)
----------------- Invoking toplevel() on ptolemy.moml.MoMLSimpleApplication@6fec0298
----------------- Done invoking toplevel() on ptolemy.moml.MoMLSimpleApplication@6fec0298
reloadAllAccessors: .PoissonClock

===========================================================================================
----------------- testing Thu Jul 23 15:15:33 UTC 2020 /home/travis/build/icyphy/ptII/ptolemy/actor/lib/test/auto/PoissonClock2.xml
----------------- Instantiating /home/travis/build/icyphy/ptII/ptolemy/actor/lib/test/auto/PoissonClock2.xml
1 ms. Memory: 571392K Free: 303173K (53%)
----------------- Invoking toplevel() on ptolemy.moml.MoMLSimpleApplication@2c2c62bd
----------------- Done invoking toplevel() on ptolemy.moml.MoMLSimpleApplication@2c2c62bd
reloadAllAccessors: .PoissonClock2

===========================================================================================
----------------- testing Thu Jul 23 15:15:33 UTC 2020 /home/travis/build/icyphy/ptII/ptolemy/actor/lib/test/auto/PoissonClock3.xml
----------------- Instantiating /home/travis/build/icyphy/ptII/ptolemy/actor/lib/test/auto/PoissonClock3.xml
1 ms. Memory: 571392K Free: 298567K (52%)
----------------- Invoking toplevel() on ptolemy.moml.MoMLSimpleApplication@f4b87ec
----------------- Done invoking toplevel() on ptolemy.moml.MoMLSimpleApplication@f4b87ec
reloadAllAccessors: .PoissonClock3

===========================================================================================
----------------- testing Thu Jul 23 15:15:33 UTC 2020 /home/travis/build/icyphy/ptII/ptolemy/actor/lib/test/auto/PubSubWithInitialTokens.xml
----------------- Instantiating /home/travis/build/icyphy/ptII/ptolemy/actor/lib/test/auto/PubSubWithInitialTokens.xml
5 ms. Memory: 571392K Free: 292902K (51%)
----------------- Invoking toplevel() on ptolemy.moml.MoMLSimpleApplication@223a29fd
----------------- Done invoking toplevel() on ptolemy.moml.MoMLSimpleApplication@223a29fd
reloadAllAccessors: .PubSubWithInitialTokens

===========================================================================================
----------------- testing Thu Jul 23 15:15:33 UTC 2020 /home/travis/build/icyphy/ptII/ptolemy/actor/lib/test/auto/PubSubWithInitialTokens2.xml
----------------- Instantiating /home/travis/build/icyphy/ptII/ptolemy/actor/lib/test/auto/PubSubWithInitialTokens2.xml
2 ms. Memory: 571392K Free: 286774K (50%)
----------------- Invoking toplevel() on ptolemy.moml.MoMLSimpleApplication@54820030
----------------- Done invoking toplevel() on ptolemy.moml.MoMLSimpleApplication@54820030
reloadAllAccessors: .PubSubWithInitialTokens2

===========================================================================================
----------------- testing Thu Jul 23 15:15:33 UTC 2020 /home/travis/build/icyphy/ptII/ptolemy/actor/lib/test/auto/PublisherClassNoParameter.xml
----------------- Instantiating /home/travis/build/icyphy/ptII/ptolemy/actor/lib/test/auto/PublisherClassNoParameter.xml
2 ms. Memory: 571392K Free: 277063K (48%)
----------------- Invoking toplevel() on ptolemy.moml.MoMLSimpleApplication@41552145
----------------- Done invoking toplevel() on ptolemy.moml.MoMLSimpleApplication@41552145
reloadAllAccessors: .PublisherClassNoParameter

===========================================================================================
----------------- testing Thu Jul 23 15:15:33 UTC 2020 /home/travis/build/icyphy/ptII/ptolemy/actor/lib/test/auto/PublisherClassParameter.xml
----------------- Instantiating /home/travis/build/icyphy/ptII/ptolemy/actor/lib/test/auto/PublisherClassParameter.xml
2 ms. Memory: 571392K Free: 266823K (47%)
----------------- Invoking toplevel() on ptolemy.moml.MoMLSimpleApplication@5a3963b5
----------------- Done invoking toplevel() on ptolemy.moml.MoMLSimpleApplication@5a3963b5
reloadAllAccessors: .PublisherClassParameter

===========================================================================================
----------------- testing Thu Jul 23 15:15:33 UTC 2020 /home/travis/build/icyphy/ptII/ptolemy/actor/lib/test/auto/PublisherNonStrictTest.xml
----------------- Instantiating /home/travis/build/icyphy/ptII/ptolemy/actor/lib/test/auto/PublisherNonStrictTest.xml
3 ms. Memory: 571392K Free: 258631K (45%)
----------------- Invoking toplevel() on ptolemy.moml.MoMLSimpleApplication@688f0a33
----------------- Done invoking toplevel() on ptolemy.moml.MoMLSimpleApplication@688f0a33
reloadAllAccessors: .PublisherNonStrictTest

===========================================================================================
----------------- testing Thu Jul 23 15:15:33 UTC 2020 /home/travis/build/icyphy/ptII/ptolemy/actor/lib/test/auto/PublisherPort1.xml
----------------- Instantiating /home/travis/build/icyphy/ptII/ptolemy/actor/lib/test/auto/PublisherPort1.xml
3 ms. Memory: 571392K Free: 252487K (44%)
----------------- Invoking toplevel() on ptolemy.moml.MoMLSimpleApplication@3844a4cd
----------------- Done invoking toplevel() on ptolemy.moml.MoMLSimpleApplication@3844a4cd
reloadAllAccessors: .PublisherPort1

===========================================================================================
----------------- testing Thu Jul 23 15:15:33 UTC 2020 /home/travis/build/icyphy/ptII/ptolemy/actor/lib/test/auto/PublisherPort2.xml
----------------- Instantiating /home/travis/build/icyphy/ptII/ptolemy/actor/lib/test/auto/PublisherPort2.xml
2 ms. Memory: 571392K Free: 247367K (43%)
----------------- Invoking toplevel() on ptolemy.moml.MoMLSimpleApplication@64251048
----------------- Done invoking toplevel() on ptolemy.moml.MoMLSimpleApplication@64251048
reloadAllAccessors: .PublisherPort2

===========================================================================================
----------------- testing Thu Jul 23 15:15:33 UTC 2020 /home/travis/build/icyphy/ptII/ptolemy/actor/lib/test/auto/PublisherPort3.xml
----------------- Instantiating /home/travis/build/icyphy/ptII/ptolemy/actor/lib/test/auto/PublisherPort3.xml
12 ms. Memory: 571392K Free: 240678K (42%)
----------------- Invoking toplevel() on ptolemy.moml.MoMLSimpleApplication@489b3aa8
----------------- Done invoking toplevel() on ptolemy.moml.MoMLSimpleApplication@489b3aa8
reloadAllAccessors: .PublisherPort3

===========================================================================================
----------------- testing Thu Jul 23 15:15:33 UTC 2020 /home/travis/build/icyphy/ptII/ptolemy/actor/lib/test/auto/PublisherPort4.xml
----------------- Instantiating /home/travis/build/icyphy/ptII/ptolemy/actor/lib/test/auto/PublisherPort4.xml
5 ms. Memory: 571392K Free: 235079K (41%)
----------------- Invoking toplevel() on ptolemy.moml.MoMLSimpleApplication@48892eac
----------------- Done invoking toplevel() on ptolemy.moml.MoMLSimpleApplication@48892eac
reloadAllAccessors: .PublisherPort4

===========================================================================================
----------------- testing Thu Jul 23 15:15:33 UTC 2020 /home/travis/build/icyphy/ptII/ptolemy/actor/lib/test/auto/PublisherPort5.xml
----------------- Instantiating /home/travis/build/icyphy/ptII/ptolemy/actor/lib/test/auto/PublisherPort5.xml
4 ms. Memory: 571392K Free: 227397K (40%)
----------------- Invoking toplevel() on ptolemy.moml.MoMLSimpleApplication@7b0b18d0
----------------- Done invoking toplevel() on ptolemy.moml.MoMLSimpleApplication@7b0b18d0
reloadAllAccessors: .PublisherPort5

===========================================================================================
----------------- testing Thu Jul 23 15:15:33 UTC 2020 /home/travis/build/icyphy/ptII/ptolemy/actor/lib/test/auto/PublisherPort5LookAlike.xml
----------------- Instantiating /home/travis/build/icyphy/ptII/ptolemy/actor/lib/test/auto/PublisherPort5LookAlike.xml
7 ms. Memory: 571392K Free: 219719K (38%)
----------------- Invoking toplevel() on ptolemy.moml.MoMLSimpleApplication@2466745f
----------------- Done invoking toplevel() on ptolemy.moml.MoMLSimpleApplication@2466745f
reloadAllAccessors: .PublisherPort5LookAlike

===========================================================================================
----------------- testing Thu Jul 23 15:15:33 UTC 2020 /home/travis/build/icyphy/ptII/ptolemy/actor/lib/test/auto/PublisherPort6.xml
----------------- Instantiating /home/travis/build/icyphy/ptII/ptolemy/actor/lib/test/auto/PublisherPort6.xml
2 ms. Memory: 571392K Free: 213061K (37%)
----------------- Invoking toplevel() on ptolemy.moml.MoMLSimpleApplication@55f7c770
----------------- Done invoking toplevel() on ptolemy.moml.MoMLSimpleApplication@55f7c770
reloadAllAccessors: .PublisherPort6

===========================================================================================
----------------- testing Thu Jul 23 15:15:33 UTC 2020 /home/travis/build/icyphy/ptII/ptolemy/actor/lib/test/auto/PublisherPort7.xml
----------------- Instantiating /home/travis/build/icyphy/ptII/ptolemy/actor/lib/test/auto/PublisherPort7.xml
3 ms. Memory: 571392K Free: 205383K (36%)
----------------- Invoking toplevel() on ptolemy.moml.MoMLSimpleApplication@20ca4b4e
----------------- Done invoking toplevel() on ptolemy.moml.MoMLSimpleApplication@20ca4b4e
reloadAllAccessors: .PublisherPort7

===========================================================================================
----------------- testing Thu Jul 23 15:15:33 UTC 2020 /home/travis/build/icyphy/ptII/ptolemy/actor/lib/test/auto/PublisherPort8.xml
----------------- Instantiating /home/travis/build/icyphy/ptII/ptolemy/actor/lib/test/auto/PublisherPort8.xml
4 ms. Memory: 571392K Free: 196677K (34%)
----------------- Invoking toplevel() on ptolemy.moml.MoMLSimpleApplication@7a95d055
----------------- Done invoking toplevel() on ptolemy.moml.MoMLSimpleApplication@7a95d055
reloadAllAccessors: .PublisherPort8

===========================================================================================
----------------- testing Thu Jul 23 15:15:33 UTC 2020 /home/travis/build/icyphy/ptII/ptolemy/actor/lib/test/auto/PublisherPortSubscriberChannelVariablesAOC2.xml
----------------- Instantiating /home/travis/build/icyphy/ptII/ptolemy/actor/lib/test/auto/PublisherPortSubscriberChannelVariablesAOC2.xml
34 ms. Memory: 571392K Free: 516388K (90%)
----------------- Invoking toplevel() on ptolemy.moml.MoMLSimpleApplication@2f1890b7
----------------- Done invoking toplevel() on ptolemy.moml.MoMLSimpleApplication@2f1890b7
reloadAllAccessors: .PublisherPortSubscriberChannelVariablesAOC2

===========================================================================================
----------------- testing Thu Jul 23 15:15:33 UTC 2020 /home/travis/build/icyphy/ptII/ptolemy/actor/lib/test/auto/PublisherPortSubscriberOpaqueWidthInference.xml
----------------- Instantiating /home/travis/build/icyphy/ptII/ptolemy/actor/lib/test/auto/PublisherPortSubscriberOpaqueWidthInference.xml
3 ms. Memory: 571392K Free: 507463K (89%)
----------------- Invoking toplevel() on ptolemy.moml.MoMLSimpleApplication@2ef3d56b
----------------- Done invoking toplevel() on ptolemy.moml.MoMLSimpleApplication@2ef3d56b
reloadAllAccessors: .PublisherPortSubscriberOpaqueWidthInference

===========================================================================================
----------------- testing Thu Jul 23 15:15:33 UTC 2020 /home/travis/build/icyphy/ptII/ptolemy/actor/lib/test/auto/PublisherPortSubscriberPortAdjacent.xml
----------------- Instantiating /home/travis/build/icyphy/ptII/ptolemy/actor/lib/test/auto/PublisherPortSubscriberPortAdjacent.xml
1 ms. Memory: 571392K Free: 499271K (87%)
----------------- Invoking toplevel() on ptolemy.moml.MoMLSimpleApplication@7c429f19
----------------- Done invoking toplevel() on ptolemy.moml.MoMLSimpleApplication@7c429f19
reloadAllAccessors: .PublisherPortSubscriberPortAdjacent

===========================================================================================
----------------- testing Thu Jul 23 15:15:33 UTC 2020 /home/travis/build/icyphy/ptII/ptolemy/actor/lib/test/auto/PublisherPortSubscriberPortExpression.xml
----------------- Instantiating /home/travis/build/icyphy/ptII/ptolemy/actor/lib/test/auto/PublisherPortSubscriberPortExpression.xml
3 ms. Memory: 571392K Free: 491574K (86%)
----------------- Invoking toplevel() on ptolemy.moml.MoMLSimpleApplication@ba26c42
----------------- Done invoking toplevel() on ptolemy.moml.MoMLSimpleApplication@ba26c42
reloadAllAccessors: .PublisherPortSubscriberPortExpression

===========================================================================================
----------------- testing Thu Jul 23 15:15:33 UTC 2020 /home/travis/build/icyphy/ptII/ptolemy/actor/lib/test/auto/PublisherPortSubscriberPortOpaqueD3Reverse.xml
----------------- Instantiating /home/travis/build/icyphy/ptII/ptolemy/actor/lib/test/auto/PublisherPortSubscriberPortOpaqueD3Reverse.xml
6 ms. Memory: 571392K Free: 481349K (84%)
----------------- Invoking toplevel() on ptolemy.moml.MoMLSimpleApplication@4d816e42
----------------- Done invoking toplevel() on ptolemy.moml.MoMLSimpleApplication@4d816e42
reloadAllAccessors: .PublisherPortSubscriberPortOpaqueD3Reverse

===========================================================================================
----------------- testing Thu Jul 23 15:15:33 UTC 2020 /home/travis/build/icyphy/ptII/ptolemy/actor/lib/test/auto/PublisherPortSubscriberPortOpaqueWidthInference.xml
----------------- Instantiating /home/travis/build/icyphy/ptII/ptolemy/actor/lib/test/auto/PublisherPortSubscriberPortOpaqueWidthInference.xml
3 ms. Memory: 571392K Free: 473671K (83%)
----------------- Invoking toplevel() on ptolemy.moml.MoMLSimpleApplication@65b21bed
----------------- Done invoking toplevel() on ptolemy.moml.MoMLSimpleApplication@65b21bed
reloadAllAccessors: .PublisherPortSubscriberPortOpaqueWidthInference

===========================================================================================
----------------- testing Thu Jul 23 15:15:33 UTC 2020 /home/travis/build/icyphy/ptII/ptolemy/actor/lib/test/auto/PublisherPortToplevelSubscriberPortAOC.xml
----------------- Instantiating /home/travis/build/icyphy/ptII/ptolemy/actor/lib/test/auto/PublisherPortToplevelSubscriberPortAOC.xml
.PublisherPortToplevelSubscriberPortAOC.TestExceptionAttribute: initialize() was not invoked, but wrapup() was.  This is unusual, but not always a problem.  For example, exporting JNLP will do this.
1 ms. Memory: 571392K Free: 467527K (82%)
----------------- Invoking toplevel() on ptolemy.moml.MoMLSimpleApplication@118a26f2
----------------- Done invoking toplevel() on ptolemy.moml.MoMLSimpleApplication@118a26f2
reloadAllAccessors: .PublisherPortToplevelSubscriberPortAOC

===========================================================================================
----------------- testing Thu Jul 23 15:15:33 UTC 2020 /home/travis/build/icyphy/ptII/ptolemy/actor/lib/test/auto/PublisherSubscriber.xml
----------------- Instantiating /home/travis/build/icyphy/ptII/ptolemy/actor/lib/test/auto/PublisherSubscriber.xml
3 ms. Memory: 571392K Free: 460359K (81%)
----------------- Invoking toplevel() on ptolemy.moml.MoMLSimpleApplication@211729a7
----------------- Done invoking toplevel() on ptolemy.moml.MoMLSimpleApplication@211729a7
reloadAllAccessors: .PublisherSubscriber

===========================================================================================
----------------- testing Thu Jul 23 15:15:33 UTC 2020 /home/travis/build/icyphy/ptII/ptolemy/actor/lib/test/auto/PublisherSubscriber10.xml
----------------- Instantiating /home/travis/build/icyphy/ptII/ptolemy/actor/lib/test/auto/PublisherSubscriber10.xml
6 ms. Memory: 571392K Free: 450629K (79%)
----------------- Invoking toplevel() on ptolemy.moml.MoMLSimpleApplication@34a1d69a
----------------- Done invoking toplevel() on ptolemy.moml.MoMLSimpleApplication@34a1d69a
reloadAllAccessors: .PublisherSubscriber10

===========================================================================================
----------------- testing Thu Jul 23 15:15:33 UTC 2020 /home/travis/build/icyphy/ptII/ptolemy/actor/lib/test/auto/PublisherSubscriber10InitialOutputs.xml
----------------- Instantiating /home/travis/build/icyphy/ptII/ptolemy/actor/lib/test/auto/PublisherSubscriber10InitialOutputs.xml
11 ms. Memory: 571392K Free: 441413K (77%)
----------------- Invoking toplevel() on ptolemy.moml.MoMLSimpleApplication@434ba4b8
----------------- Done invoking toplevel() on ptolemy.moml.MoMLSimpleApplication@434ba4b8
reloadAllAccessors: .PublisherSubscriber10InitialOutputs

===========================================================================================
----------------- testing Thu Jul 23 15:15:33 UTC 2020 /home/travis/build/icyphy/ptII/ptolemy/actor/lib/test/auto/PublisherSubscriber11.xml
----------------- Instantiating /home/travis/build/icyphy/ptII/ptolemy/actor/lib/test/auto/PublisherSubscriber11.xml
5 ms. Memory: 571392K Free: 435236K (76%)
----------------- Invoking toplevel() on ptolemy.moml.MoMLSimpleApplication@1f3e27cd
----------------- Done invoking toplevel() on ptolemy.moml.MoMLSimpleApplication@1f3e27cd
reloadAllAccessors: .PublisherSubscriber11

===========================================================================================
----------------- testing Thu Jul 23 15:15:33 UTC 2020 /home/travis/build/icyphy/ptII/ptolemy/actor/lib/test/auto/PublisherSubscriber12.xml
----------------- Instantiating /home/travis/build/icyphy/ptII/ptolemy/actor/lib/test/auto/PublisherSubscriber12.xml
4 ms. Memory: 571392K Free: 428094K (75%)
----------------- Invoking toplevel() on ptolemy.moml.MoMLSimpleApplication@2e36185f
----------------- Done invoking toplevel() on ptolemy.moml.MoMLSimpleApplication@2e36185f
reloadAllAccessors: .PublisherSubscriber12

===========================================================================================
----------------- testing Thu Jul 23 15:15:33 UTC 2020 /home/travis/build/icyphy/ptII/ptolemy/actor/lib/test/auto/PublisherSubscriber13.xml
----------------- Instantiating /home/travis/build/icyphy/ptII/ptolemy/actor/lib/test/auto/PublisherSubscriber13.xml
2 ms. Memory: 571392K Free: 422471K (74%)
----------------- Invoking toplevel() on ptolemy.moml.MoMLSimpleApplication@1799dbec
----------------- Done invoking toplevel() on ptolemy.moml.MoMLSimpleApplication@1799dbec
reloadAllAccessors: .PublisherSubscriber13

===========================================================================================
----------------- testing Thu Jul 23 15:15:33 UTC 2020 /home/travis/build/icyphy/ptII/ptolemy/actor/lib/test/auto/PublisherSubscriber14.xml
----------------- Instantiating /home/travis/build/icyphy/ptII/ptolemy/actor/lib/test/auto/PublisherSubscriber14.xml
2 ms. Memory: 571392K Free: 413255K (72%)
----------------- Invoking toplevel() on ptolemy.moml.MoMLSimpleApplication@74561836
----------------- Done invoking toplevel() on ptolemy.moml.MoMLSimpleApplication@74561836
reloadAllAccessors: .PublisherSubscriber14

===========================================================================================
----------------- testing Thu Jul 23 15:15:33 UTC 2020 /home/travis/build/icyphy/ptII/ptolemy/actor/lib/test/auto/PublisherSubscriber2.xml
----------------- Instantiating /home/travis/build/icyphy/ptII/ptolemy/actor/lib/test/auto/PublisherSubscriber2.xml
4 ms. Memory: 571392K Free: 407590K (71%)
----------------- Invoking toplevel() on ptolemy.moml.MoMLSimpleApplication@37db3610
----------------- Done invoking toplevel() on ptolemy.moml.MoMLSimpleApplication@37db3610
reloadAllAccessors: .PublisherSubscriber2

===========================================================================================
----------------- testing Thu Jul 23 15:15:33 UTC 2020 /home/travis/build/icyphy/ptII/ptolemy/actor/lib/test/auto/PublisherSubscriber3.xml
----------------- Instantiating /home/travis/build/icyphy/ptII/ptolemy/actor/lib/test/auto/PublisherSubscriber3.xml
2 ms. Memory: 571392K Free: 401991K (70%)
----------------- Invoking toplevel() on ptolemy.moml.MoMLSimpleApplication@15c7c62c
----------------- Done invoking toplevel() on ptolemy.moml.MoMLSimpleApplication@15c7c62c
reloadAllAccessors: .PublisherSubscriber3

===========================================================================================
----------------- testing Thu Jul 23 15:15:33 UTC 2020 /home/travis/build/icyphy/ptII/ptolemy/actor/lib/test/auto/PublisherSubscriber4.xml
----------------- Instantiating /home/travis/build/icyphy/ptII/ptolemy/actor/lib/test/auto/PublisherSubscriber4.xml
2 ms. Memory: 571392K Free: 396871K (69%)
----------------- Invoking toplevel() on ptolemy.moml.MoMLSimpleApplication@77233b10
----------------- Done invoking toplevel() on ptolemy.moml.MoMLSimpleApplication@77233b10
reloadAllAccessors: .PublisherSubscriber4

===========================================================================================
----------------- testing Thu Jul 23 15:15:34 UTC 2020 /home/travis/build/icyphy/ptII/ptolemy/actor/lib/test/auto/PublisherSubscriber5.xml
----------------- Instantiating /home/travis/build/icyphy/ptII/ptolemy/actor/lib/test/auto/PublisherSubscriber5.xml
2 ms. Memory: 571392K Free: 390198K (68%)
----------------- Invoking toplevel() on ptolemy.moml.MoMLSimpleApplication@52d57ae5
----------------- Done invoking toplevel() on ptolemy.moml.MoMLSimpleApplication@52d57ae5
reloadAllAccessors: .PublisherSubscriber5

===========================================================================================
----------------- testing Thu Jul 23 15:15:34 UTC 2020 /home/travis/build/icyphy/ptII/ptolemy/actor/lib/test/auto/PublisherSubscriber6.xml
----------------- Instantiating /home/travis/build/icyphy/ptII/ptolemy/actor/lib/test/auto/PublisherSubscriber6.xml
5 ms. Memory: 571392K Free: 383559K (67%)
----------------- Invoking toplevel() on ptolemy.moml.MoMLSimpleApplication@904a40
----------------- Done invoking toplevel() on ptolemy.moml.MoMLSimpleApplication@904a40
reloadAllAccessors: .PublisherSubscriber6

===========================================================================================
----------------- testing Thu Jul 23 15:15:34 UTC 2020 /home/travis/build/icyphy/ptII/ptolemy/actor/lib/test/auto/PublisherSubscriber7.xml
----------------- Instantiating /home/travis/build/icyphy/ptII/ptolemy/actor/lib/test/auto/PublisherSubscriber7.xml
7 ms. Memory: 571392K Free: 376886K (66%)
----------------- Invoking toplevel() on ptolemy.moml.MoMLSimpleApplication@5acc3f7c
----------------- Done invoking toplevel() on ptolemy.moml.MoMLSimpleApplication@5acc3f7c
reloadAllAccessors: .PublisherSubscriber7

===========================================================================================
----------------- testing Thu Jul 23 15:15:34 UTC 2020 /home/travis/build/icyphy/ptII/ptolemy/actor/lib/test/auto/PublisherSubscriber8.xml
----------------- Instantiating /home/travis/build/icyphy/ptII/ptolemy/actor/lib/test/auto/PublisherSubscriber8.xml
16 ms. Memory: 571392K Free: 364613K (64%)
----------------- Invoking toplevel() on ptolemy.moml.MoMLSimpleApplication@23c688c8
----------------- Done invoking toplevel() on ptolemy.moml.MoMLSimpleApplication@23c688c8
reloadAllAccessors: .PublisherSubscriber8

===========================================================================================
----------------- testing Thu Jul 23 15:15:34 UTC 2020 /home/travis/build/icyphy/ptII/ptolemy/actor/lib/test/auto/PublisherSubscriber9.xml
----------------- Instantiating /home/travis/build/icyphy/ptII/ptolemy/actor/lib/test/auto/PublisherSubscriber9.xml
3 ms. Memory: 571392K Free: 357438K (63%)
----------------- Invoking toplevel() on ptolemy.moml.MoMLSimpleApplication@70281b1b
----------------- Done invoking toplevel() on ptolemy.moml.MoMLSimpleApplication@70281b1b
reloadAllAccessors: .PublisherSubscriber9

===========================================================================================
----------------- testing Thu Jul 23 15:15:34 UTC 2020 /home/travis/build/icyphy/ptII/ptolemy/actor/lib/test/auto/PublisherSubscriberAdjacent.xml
----------------- Instantiating /home/travis/build/icyphy/ptII/ptolemy/actor/lib/test/auto/PublisherSubscriberAdjacent.xml
2 ms. Memory: 571392K Free: 349253K (61%)
----------------- Invoking toplevel() on ptolemy.moml.MoMLSimpleApplication@2aef651a
----------------- Done invoking toplevel() on ptolemy.moml.MoMLSimpleApplication@2aef651a
reloadAllAccessors: .PublisherSubscriberAdjacent

===========================================================================================
----------------- testing Thu Jul 23 15:15:34 UTC 2020 /home/travis/build/icyphy/ptII/ptolemy/actor/lib/test/auto/PublisherSubscriberChannelVariablesAOC2.xml
----------------- Instantiating /home/travis/build/icyphy/ptII/ptolemy/actor/lib/test/auto/PublisherSubscriberChannelVariablesAOC2.xml
3 ms. Memory: 571392K Free: 334407K (59%)
----------------- Invoking toplevel() on ptolemy.moml.MoMLSimpleApplication@3b873ce1
----------------- Done invoking toplevel() on ptolemy.moml.MoMLSimpleApplication@3b873ce1
reloadAllAccessors: .PublisherSubscriberChannelVariablesAOC2

===========================================================================================
----------------- testing Thu Jul 23 15:15:34 UTC 2020 /home/travis/build/icyphy/ptII/ptolemy/actor/lib/test/auto/PublisherSubscriberD3.xml
----------------- Instantiating /home/travis/build/icyphy/ptII/ptolemy/actor/lib/test/auto/PublisherSubscriberD3.xml
1 ms. Memory: 571392K Free: 327239K (57%)
----------------- Invoking toplevel() on ptolemy.moml.MoMLSimpleApplication@344c0b8b
----------------- Done invoking toplevel() on ptolemy.moml.MoMLSimpleApplication@344c0b8b
reloadAllAccessors: .PublisherSubscriberD3

===========================================================================================
----------------- testing Thu Jul 23 15:15:34 UTC 2020 /home/travis/build/icyphy/ptII/ptolemy/actor/lib/test/auto/PublisherSubscriberD3Reverse.xml
----------------- Instantiating /home/travis/build/icyphy/ptII/ptolemy/actor/lib/test/auto/PublisherSubscriberD3Reverse.xml
1 ms. Memory: 571392K Free: 320581K (56%)
----------------- Invoking toplevel() on ptolemy.moml.MoMLSimpleApplication@5d8a9843
----------------- Done invoking toplevel() on ptolemy.moml.MoMLSimpleApplication@5d8a9843
reloadAllAccessors: .PublisherSubscriberD3Reverse

===========================================================================================
----------------- testing Thu Jul 23 15:15:34 UTC 2020 /home/travis/build/icyphy/ptII/ptolemy/actor/lib/test/auto/PublisherSubscriberExpression.xml
----------------- Instantiating /home/travis/build/icyphy/ptII/ptolemy/actor/lib/test/auto/PublisherSubscriberExpression.xml
3 ms. Memory: 571392K Free: 311879K (55%)
----------------- Invoking toplevel() on ptolemy.moml.MoMLSimpleApplication@b199104
----------------- Done invoking toplevel() on ptolemy.moml.MoMLSimpleApplication@b199104
reloadAllAccessors: .PublisherSubscriberExpression

===========================================================================================
----------------- testing Thu Jul 23 15:15:34 UTC 2020 /home/travis/build/icyphy/ptII/ptolemy/actor/lib/test/auto/PublisherSubscriberOpaque.xml
----------------- Instantiating /home/travis/build/icyphy/ptII/ptolemy/actor/lib/test/auto/PublisherSubscriberOpaque.xml
4 ms. Memory: 571392K Free: 303687K (53%)
----------------- Invoking toplevel() on ptolemy.moml.MoMLSimpleApplication@2e858159
----------------- Done invoking toplevel() on ptolemy.moml.MoMLSimpleApplication@2e858159
reloadAllAccessors: .PublisherSubscriberOpaque

===========================================================================================
----------------- testing Thu Jul 23 15:15:34 UTC 2020 /home/travis/build/icyphy/ptII/ptolemy/actor/lib/test/auto/PublisherSubscriberOpaqueD3.xml
----------------- Instantiating /home/travis/build/icyphy/ptII/ptolemy/actor/lib/test/auto/PublisherSubscriberOpaqueD3.xml
5 ms. Memory: 571392K Free: 292423K (51%)
----------------- Invoking toplevel() on ptolemy.moml.MoMLSimpleApplication@4eeac7f3
----------------- Done invoking toplevel() on ptolemy.moml.MoMLSimpleApplication@4eeac7f3
reloadAllAccessors: .PublisherSubscriberOpaqueD3

===========================================================================================
----------------- testing Thu Jul 23 15:15:34 UTC 2020 /home/travis/build/icyphy/ptII/ptolemy/actor/lib/test/auto/PublisherSubscriberOpaqueD3Reverse.xml
----------------- Instantiating /home/travis/build/icyphy/ptII/ptolemy/actor/lib/test/auto/PublisherSubscriberOpaqueD3Reverse.xml
8 ms. Memory: 571392K Free: 281669K (49%)
----------------- Invoking toplevel() on ptolemy.moml.MoMLSimpleApplication@53b10d36
----------------- Done invoking toplevel() on ptolemy.moml.MoMLSimpleApplication@53b10d36
reloadAllAccessors: .PublisherSubscriberOpaqueD3Reverse

===========================================================================================
----------------- testing Thu Jul 23 15:15:34 UTC 2020 /home/travis/build/icyphy/ptII/ptolemy/actor/lib/test/auto/PublisherSubscriberOpaqueWidthInference.xml
----------------- Instantiating /home/travis/build/icyphy/ptII/ptolemy/actor/lib/test/auto/PublisherSubscriberOpaqueWidthInference.xml
4 ms. Memory: 571392K Free: 273462K (48%)
----------------- Invoking toplevel() on ptolemy.moml.MoMLSimpleApplication@40c6f9b4
----------------- Done invoking toplevel() on ptolemy.moml.MoMLSimpleApplication@40c6f9b4
reloadAllAccessors: .PublisherSubscriberOpaqueWidthInference

===========================================================================================
----------------- testing Thu Jul 23 15:15:34 UTC 2020 /home/travis/build/icyphy/ptII/ptolemy/actor/lib/test/auto/PublisherTestSubscriber.xml
----------------- Instantiating /home/travis/build/icyphy/ptII/ptolemy/actor/lib/test/auto/PublisherTestSubscriber.xml
3 ms. Memory: 571392K Free: 265270K (46%)
----------------- Invoking toplevel() on ptolemy.moml.MoMLSimpleApplication@12c94363
----------------- Done invoking toplevel() on ptolemy.moml.MoMLSimpleApplication@12c94363
reloadAllAccessors: .PublisherTestSubscriber

===========================================================================================
----------------- testing Thu Jul 23 15:15:34 UTC 2020 /home/travis/build/icyphy/ptII/ptolemy/actor/lib/test/auto/PublisherToplevelSubscriberPortAOC.xml
----------------- Instantiating /home/travis/build/icyphy/ptII/ptolemy/actor/lib/test/auto/PublisherToplevelSubscriberPortAOC.xml
2 ms. Memory: 571392K Free: 259134K (45%)
----------------- Invoking toplevel() on ptolemy.moml.MoMLSimpleApplication@5246f405
----------------- Done invoking toplevel() on ptolemy.moml.MoMLSimpleApplication@5246f405
reloadAllAccessors: .PublisherToplevelSubscriberPortAOC

===========================================================================================
----------------- testing Thu Jul 23 15:15:34 UTC 2020 /home/travis/build/icyphy/ptII/ptolemy/actor/lib/test/auto/PulseFiringLimitDE.xml
----------------- Instantiating /home/travis/build/icyphy/ptII/ptolemy/actor/lib/test/auto/PulseFiringLimitDE.xml
2 ms. Memory: 571392K Free: 252997K (44%)
----------------- Invoking toplevel() on ptolemy.moml.MoMLSimpleApplication@7864d3f2
----------------- Done invoking toplevel() on ptolemy.moml.MoMLSimpleApplication@7864d3f2
reloadAllAccessors: .PulseFiringLimitDE

===========================================================================================
----------------- testing Thu Jul 23 15:15:34 UTC 2020 /home/travis/build/icyphy/ptII/ptolemy/actor/lib/test/auto/Ramp1.xml
----------------- Instantiating /home/travis/build/icyphy/ptII/ptolemy/actor/lib/test/auto/Ramp1.xml
1 ms. Memory: 571392K Free: 248894K (44%)
----------------- Invoking toplevel() on ptolemy.moml.MoMLSimpleApplication@f27f56a
----------------- Done invoking toplevel() on ptolemy.moml.MoMLSimpleApplication@f27f56a
reloadAllAccessors: .Ramp1

===========================================================================================
----------------- testing Thu Jul 23 15:15:34 UTC 2020 /home/travis/build/icyphy/ptII/ptolemy/actor/lib/test/auto/RampFiringLimitDE.xml
----------------- Instantiating /home/travis/build/icyphy/ptII/ptolemy/actor/lib/test/auto/RampFiringLimitDE.xml
2 ms. Memory: 571392K Free: 242742K (42%)
----------------- Invoking toplevel() on ptolemy.moml.MoMLSimpleApplication@3da62d0e
----------------- Done invoking toplevel() on ptolemy.moml.MoMLSimpleApplication@3da62d0e
reloadAllAccessors: .RampFiringLimitDE

===========================================================================================
----------------- testing Thu Jul 23 15:15:34 UTC 2020 /home/travis/build/icyphy/ptII/ptolemy/actor/lib/test/auto/RampFiringLimitSDF.xml
----------------- Instantiating /home/travis/build/icyphy/ptII/ptolemy/actor/lib/test/auto/RampFiringLimitSDF.xml
2 ms. Memory: 571392K Free: 237127K (41%)
----------------- Invoking toplevel() on ptolemy.moml.MoMLSimpleApplication@44e31a33
----------------- Done invoking toplevel() on ptolemy.moml.MoMLSimpleApplication@44e31a33
reloadAllAccessors: .RampFiringLimitSDF

===========================================================================================
----------------- testing Thu Jul 23 15:15:34 UTC 2020 /home/travis/build/icyphy/ptII/ptolemy/actor/lib/test/auto/RandomInteger.xml
----------------- Instantiating /home/travis/build/icyphy/ptII/ptolemy/actor/lib/test/auto/RandomInteger.xml
1 ms. Memory: 571392K Free: 233031K (41%)
----------------- Invoking toplevel() on ptolemy.moml.MoMLSimpleApplication@d51f8a
----------------- Done invoking toplevel() on ptolemy.moml.MoMLSimpleApplication@d51f8a
reloadAllAccessors: .RandomInteger

===========================================================================================
----------------- testing Thu Jul 23 15:15:34 UTC 2020 /home/travis/build/icyphy/ptII/ptolemy/actor/lib/test/auto/ReadFile1.xml
----------------- Instantiating /home/travis/build/icyphy/ptII/ptolemy/actor/lib/test/auto/ReadFile1.xml
2 ms. Memory: 571392K Free: 228414K (40%)
----------------- Invoking toplevel() on ptolemy.moml.MoMLSimpleApplication@4320ddb5
----------------- Done invoking toplevel() on ptolemy.moml.MoMLSimpleApplication@4320ddb5
reloadAllAccessors: .ReadFile1

===========================================================================================
----------------- testing Thu Jul 23 15:15:34 UTC 2020 /home/travis/build/icyphy/ptII/ptolemy/actor/lib/test/auto/ReadFile2.xml
----------------- Instantiating /home/travis/build/icyphy/ptII/ptolemy/actor/lib/test/auto/ReadFile2.xml
1 ms. Memory: 571392K Free: 224325K (39%)
----------------- Invoking toplevel() on ptolemy.moml.MoMLSimpleApplication@1210d932
----------------- Done invoking toplevel() on ptolemy.moml.MoMLSimpleApplication@1210d932
reloadAllAccessors: .ReadFile2

===========================================================================================
----------------- testing Thu Jul 23 15:15:34 UTC 2020 /home/travis/build/icyphy/ptII/ptolemy/actor/lib/test/auto/Reader.xml
----------------- Instantiating /home/travis/build/icyphy/ptII/ptolemy/actor/lib/test/auto/Reader.xml
actor.lib.Reader is obsolete, use actor.lib.io.ExpressionReader instead
1 ms. Memory: 571392K Free: 219719K (38%)
----------------- Invoking toplevel() on ptolemy.moml.MoMLSimpleApplication@212fd7a
----------------- Done invoking toplevel() on ptolemy.moml.MoMLSimpleApplication@212fd7a
reloadAllAccessors: .Reader

===========================================================================================
----------------- testing Thu Jul 23 15:15:34 UTC 2020 /home/travis/build/icyphy/ptII/ptolemy/actor/lib/test/auto/RecordAssemblerDisplayNameTest.xml
----------------- Instantiating /home/travis/build/icyphy/ptII/ptolemy/actor/lib/test/auto/RecordAssemblerDisplayNameTest.xml
3397 ms. Memory: 571392K Free: 347719K (61%)
----------------- Invoking toplevel() on ptolemy.moml.MoMLSimpleApplication@2b363e38
----------------- Done invoking toplevel() on ptolemy.moml.MoMLSimpleApplication@2b363e38
reloadAllAccessors: .RecordAssemblerDisplayNameTest

===========================================================================================
----------------- testing Thu Jul 23 15:15:37 UTC 2020 /home/travis/build/icyphy/ptII/ptolemy/actor/lib/test/auto/RecordAssemblerTypeError.xml
----------------- Instantiating /home/travis/build/icyphy/ptII/ptolemy/actor/lib/test/auto/RecordAssemblerTypeError.xml
4 ms. Memory: 571392K Free: 337989K (59%)
----------------- Invoking toplevel() on ptolemy.moml.MoMLSimpleApplication@73bb5693
----------------- Done invoking toplevel() on ptolemy.moml.MoMLSimpleApplication@73bb5693
reloadAllAccessors: .RecordAssemblerTypeError

===========================================================================================
----------------- testing Thu Jul 23 15:15:37 UTC 2020 /home/travis/build/icyphy/ptII/ptolemy/actor/lib/test/auto/RecordDisassember.xml
----------------- Instantiating /home/travis/build/icyphy/ptII/ptolemy/actor/lib/test/auto/RecordDisassember.xml
3 ms. Memory: 571392K Free: 333383K (58%)
----------------- Invoking toplevel() on ptolemy.moml.MoMLSimpleApplication@70656cfe
----------------- Done invoking toplevel() on ptolemy.moml.MoMLSimpleApplication@70656cfe
reloadAllAccessors: .RecordDisassember

===========================================================================================
----------------- testing Thu Jul 23 15:15:37 UTC 2020 /home/travis/build/icyphy/ptII/ptolemy/actor/lib/test/auto/RecordDisassemberDisplayNameTest.xml
----------------- Instantiating /home/travis/build/icyphy/ptII/ptolemy/actor/lib/test/auto/RecordDisassemberDisplayNameTest.xml
5 ms. Memory: 571392K Free: 325191K (57%)
----------------- Invoking toplevel() on ptolemy.moml.MoMLSimpleApplication@132883b0
----------------- Done invoking toplevel() on ptolemy.moml.MoMLSimpleApplication@132883b0
reloadAllAccessors: .RecordDisassemberDisplayNameTest

===========================================================================================
----------------- testing Thu Jul 23 15:15:37 UTC 2020 /home/travis/build/icyphy/ptII/ptolemy/actor/lib/test/auto/RecordDisassembler.xml
----------------- Instantiating /home/travis/build/icyphy/ptII/ptolemy/actor/lib/test/auto/RecordDisassembler.xml
3 ms. Memory: 571392K Free: 320071K (56%)
----------------- Invoking toplevel() on ptolemy.moml.MoMLSimpleApplication@2a6cdd3e
----------------- Done invoking toplevel() on ptolemy.moml.MoMLSimpleApplication@2a6cdd3e
reloadAllAccessors: .RecordDisassembler

===========================================================================================
----------------- testing Thu Jul 23 15:15:37 UTC 2020 /home/travis/build/icyphy/ptII/ptolemy/actor/lib/test/auto/RecordDisassembler2.xml
----------------- Instantiating /home/travis/build/icyphy/ptII/ptolemy/actor/lib/test/auto/RecordDisassembler2.xml
2 ms. Memory: 571392K Free: 314951K (55%)
----------------- Invoking toplevel() on ptolemy.moml.MoMLSimpleApplication@2a3c3418
----------------- Done invoking toplevel() on ptolemy.moml.MoMLSimpleApplication@2a3c3418
reloadAllAccessors: .RecordDisassembler2

===========================================================================================
----------------- testing Thu Jul 23 15:15:37 UTC 2020 /home/travis/build/icyphy/ptII/ptolemy/actor/lib/test/auto/RecordUpdater.xml
----------------- Instantiating /home/travis/build/icyphy/ptII/ptolemy/actor/lib/test/auto/RecordUpdater.xml
1 ms. Memory: 571392K Free: 310341K (54%)
----------------- Invoking toplevel() on ptolemy.moml.MoMLSimpleApplication@19d0ecc8
----------------- Done invoking toplevel() on ptolemy.moml.MoMLSimpleApplication@19d0ecc8
reloadAllAccessors: .RecordUpdater

===========================================================================================
----------------- testing Thu Jul 23 15:15:37 UTC 2020 /home/travis/build/icyphy/ptII/ptolemy/actor/lib/test/auto/RecordUpdater2.xml
----------------- Instantiating /home/travis/build/icyphy/ptII/ptolemy/actor/lib/test/auto/RecordUpdater2.xml
2 ms. Memory: 571392K Free: 304711K (53%)
----------------- Invoking toplevel() on ptolemy.moml.MoMLSimpleApplication@6b4abca9
----------------- Done invoking toplevel() on ptolemy.moml.MoMLSimpleApplication@6b4abca9
reloadAllAccessors: .RecordUpdater2

===========================================================================================
----------------- testing Thu Jul 23 15:15:37 UTC 2020 /home/travis/build/icyphy/ptII/ptolemy/actor/lib/test/auto/RecursiveLattice.xml
----------------- Instantiating /home/travis/build/icyphy/ptII/ptolemy/actor/lib/test/auto/RecursiveLattice.xml
2 ms. Memory: 571392K Free: 300615K (53%)
----------------- Invoking toplevel() on ptolemy.moml.MoMLSimpleApplication@4d638931
----------------- Done invoking toplevel() on ptolemy.moml.MoMLSimpleApplication@4d638931
reloadAllAccessors: .RecursiveLattice

===========================================================================================
----------------- testing Thu Jul 23 15:15:38 UTC 2020 /home/travis/build/icyphy/ptII/ptolemy/actor/lib/test/auto/Router.xml
----------------- Instantiating /home/travis/build/icyphy/ptII/ptolemy/actor/lib/test/auto/Router.xml
3004 ms. Memory: 571392K Free: 290375K (51%)
----------------- Invoking toplevel() on ptolemy.moml.MoMLSimpleApplication@2740deaf
----------------- Done invoking toplevel() on ptolemy.moml.MoMLSimpleApplication@2740deaf
reloadAllAccessors: .Router

===========================================================================================
----------------- testing Thu Jul 23 15:15:41 UTC 2020 /home/travis/build/icyphy/ptII/ptolemy/actor/lib/test/auto/Router2.xml
----------------- Instantiating /home/travis/build/icyphy/ptII/ptolemy/actor/lib/test/auto/Router2.xml
3003 ms. Memory: 571392K Free: 279621K (49%)
----------------- Invoking toplevel() on ptolemy.moml.MoMLSimpleApplication@4b9c1eee
----------------- Done invoking toplevel() on ptolemy.moml.MoMLSimpleApplication@4b9c1eee
reloadAllAccessors: .Router2

===========================================================================================
----------------- testing Thu Jul 23 15:15:44 UTC 2020 /home/travis/build/icyphy/ptII/ptolemy/actor/lib/test/auto/RunningMaximum.xml
----------------- Instantiating /home/travis/build/icyphy/ptII/ptolemy/actor/lib/test/auto/RunningMaximum.xml
3 ms. Memory: 571392K Free: 274501K (48%)
----------------- Invoking toplevel() on ptolemy.moml.MoMLSimpleApplication@15e0a7d0
----------------- Done invoking toplevel() on ptolemy.moml.MoMLSimpleApplication@15e0a7d0
reloadAllAccessors: .RunningMaximum

===========================================================================================
----------------- testing Thu Jul 23 15:15:44 UTC 2020 /home/travis/build/icyphy/ptII/ptolemy/actor/lib/test/auto/RunningMinimum.xml
----------------- Instantiating /home/travis/build/icyphy/ptII/ptolemy/actor/lib/test/auto/RunningMinimum.xml
2 ms. Memory: 571392K Free: 269895K (47%)
----------------- Invoking toplevel() on ptolemy.moml.MoMLSimpleApplication@25d8c54b
----------------- Done invoking toplevel() on ptolemy.moml.MoMLSimpleApplication@25d8c54b
reloadAllAccessors: .RunningMinimum

===========================================================================================
----------------- testing Thu Jul 23 15:15:44 UTC 2020 /home/travis/build/icyphy/ptII/ptolemy/actor/lib/test/auto/Scale.xml
----------------- Instantiating /home/travis/build/icyphy/ptII/ptolemy/actor/lib/test/auto/Scale.xml
2 ms. Memory: 571392K Free: 265285K (46%)
----------------- Invoking toplevel() on ptolemy.moml.MoMLSimpleApplication@3d24155a
----------------- Done invoking toplevel() on ptolemy.moml.MoMLSimpleApplication@3d24155a
reloadAllAccessors: .Scale

===========================================================================================
----------------- testing Thu Jul 23 15:15:44 UTC 2020 /home/travis/build/icyphy/ptII/ptolemy/actor/lib/test/auto/Scale2.xml
----------------- Instantiating /home/travis/build/icyphy/ptII/ptolemy/actor/lib/test/auto/Scale2.xml
2 ms. Memory: 571392K Free: 260679K (46%)
----------------- Invoking toplevel() on ptolemy.moml.MoMLSimpleApplication@29b5c1ae
----------------- Done invoking toplevel() on ptolemy.moml.MoMLSimpleApplication@29b5c1ae
reloadAllAccessors: .Scale2

===========================================================================================
----------------- testing Thu Jul 23 15:15:44 UTC 2020 /home/travis/build/icyphy/ptII/ptolemy/actor/lib/test/auto/Scale3.xml
----------------- Instantiating /home/travis/build/icyphy/ptII/ptolemy/actor/lib/test/auto/Scale3.xml
3 ms. Memory: 571392K Free: 254021K (44%)
----------------- Invoking toplevel() on ptolemy.moml.MoMLSimpleApplication@718ece83
----------------- Done invoking toplevel() on ptolemy.moml.MoMLSimpleApplication@718ece83
reloadAllAccessors: .Scale3

===========================================================================================
----------------- testing Thu Jul 23 15:15:44 UTC 2020 /home/travis/build/icyphy/ptII/ptolemy/actor/lib/test/auto/ScaleArray.xml
----------------- Instantiating /home/travis/build/icyphy/ptII/ptolemy/actor/lib/test/auto/ScaleArray.xml
2 ms. Memory: 571392K Free: 249415K (44%)
----------------- Invoking toplevel() on ptolemy.moml.MoMLSimpleApplication@38713819
----------------- Done invoking toplevel() on ptolemy.moml.MoMLSimpleApplication@38713819
reloadAllAccessors: .ScaleArray

===========================================================================================
----------------- testing Thu Jul 23 15:15:44 UTC 2020 /home/travis/build/icyphy/ptII/ptolemy/actor/lib/test/auto/ScaleArray2.xml
----------------- Instantiating /home/travis/build/icyphy/ptII/ptolemy/actor/lib/test/auto/ScaleArray2.xml
2 ms. Memory: 571392K Free: 244805K (43%)
----------------- Invoking toplevel() on ptolemy.moml.MoMLSimpleApplication@4bc3925c
----------------- Done invoking toplevel() on ptolemy.moml.MoMLSimpleApplication@4bc3925c
reloadAllAccessors: .ScaleArray2

===========================================================================================
----------------- testing Thu Jul 23 15:15:44 UTC 2020 /home/travis/build/icyphy/ptII/ptolemy/actor/lib/test/auto/ScaleMatrix.xml
----------------- Instantiating /home/travis/build/icyphy/ptII/ptolemy/actor/lib/test/auto/ScaleMatrix.xml
141 ms. Memory: 571392K Free: 229959K (40%)
----------------- Invoking toplevel() on ptolemy.moml.MoMLSimpleApplication@207bf12d
----------------- Done invoking toplevel() on ptolemy.moml.MoMLSimpleApplication@207bf12d
reloadAllAccessors: .ScaleMatrix

===========================================================================================
----------------- testing Thu Jul 23 15:15:44 UTC 2020 /home/travis/build/icyphy/ptII/ptolemy/actor/lib/test/auto/Select.xml
----------------- Instantiating /home/travis/build/icyphy/ptII/ptolemy/actor/lib/test/auto/Select.xml
2 ms. Memory: 571392K Free: 223270K (39%)
----------------- Invoking toplevel() on ptolemy.moml.MoMLSimpleApplication@160aec65
----------------- Done invoking toplevel() on ptolemy.moml.MoMLSimpleApplication@160aec65
reloadAllAccessors: .Select

===========================================================================================
----------------- testing Thu Jul 23 15:15:44 UTC 2020 /home/travis/build/icyphy/ptII/ptolemy/actor/lib/test/auto/Select2.xml
----------------- Instantiating /home/travis/build/icyphy/ptII/ptolemy/actor/lib/test/auto/Select2.xml
1 ms. Memory: 571392K Free: 218695K (38%)
----------------- Invoking toplevel() on ptolemy.moml.MoMLSimpleApplication@722052ab
----------------- Done invoking toplevel() on ptolemy.moml.MoMLSimpleApplication@722052ab
reloadAllAccessors: .Select2

===========================================================================================
----------------- testing Thu Jul 23 15:15:44 UTC 2020 /home/travis/build/icyphy/ptII/ptolemy/actor/lib/test/auto/SequenceToArray2.xml
----------------- Instantiating /home/travis/build/icyphy/ptII/ptolemy/actor/lib/test/auto/SequenceToArray2.xml
93 ms. Memory: 571392K Free: 195143K (34%)
----------------- Invoking toplevel() on ptolemy.moml.MoMLSimpleApplication@16778dbd
----------------- Done invoking toplevel() on ptolemy.moml.MoMLSimpleApplication@16778dbd
reloadAllAccessors: .SequenceToArray2

===========================================================================================
----------------- testing Thu Jul 23 15:15:44 UTC 2020 /home/travis/build/icyphy/ptII/ptolemy/actor/lib/test/auto/SequentialClock.xml
----------------- Instantiating /home/travis/build/icyphy/ptII/ptolemy/actor/lib/test/auto/SequentialClock.xml
2 ms. Memory: 571392K Free: 191047K (33%)
----------------- Invoking toplevel() on ptolemy.moml.MoMLSimpleApplication@31775098
----------------- Done invoking toplevel() on ptolemy.moml.MoMLSimpleApplication@31775098
reloadAllAccessors: .SequentialClock

===========================================================================================
----------------- testing Thu Jul 23 15:15:44 UTC 2020 /home/travis/build/icyphy/ptII/ptolemy/actor/lib/test/auto/SetVariable.xml
----------------- Instantiating /home/travis/build/icyphy/ptII/ptolemy/actor/lib/test/auto/SetVariable.xml
5 ms. Memory: 571392K Free: 186437K (33%)
----------------- Invoking toplevel() on ptolemy.moml.MoMLSimpleApplication@3c34782c
----------------- Done invoking toplevel() on ptolemy.moml.MoMLSimpleApplication@3c34782c
reloadAllAccessors: .SetVariable

===========================================================================================
----------------- testing Thu Jul 23 15:15:44 UTC 2020 /home/travis/build/icyphy/ptII/ptolemy/actor/lib/test/auto/SetVariable2.xml
----------------- Instantiating /home/travis/build/icyphy/ptII/ptolemy/actor/lib/test/auto/SetVariable2.xml
2 ms. Memory: 571392K Free: 181317K (32%)
----------------- Invoking toplevel() on ptolemy.moml.MoMLSimpleApplication@1cc6d3ad
----------------- Done invoking toplevel() on ptolemy.moml.MoMLSimpleApplication@1cc6d3ad
reloadAllAccessors: .SetVariable2

===========================================================================================
----------------- testing Thu Jul 23 15:15:44 UTC 2020 /home/travis/build/icyphy/ptII/ptolemy/actor/lib/test/auto/SetVariable3.xml
----------------- Instantiating /home/travis/build/icyphy/ptII/ptolemy/actor/lib/test/auto/SetVariable3.xml
7 ms. Memory: 571392K Free: 513607K (90%)
----------------- Invoking toplevel() on ptolemy.moml.MoMLSimpleApplication@4b66f101
----------------- Done invoking toplevel() on ptolemy.moml.MoMLSimpleApplication@4b66f101
reloadAllAccessors: .SetVariable3

===========================================================================================
----------------- testing Thu Jul 23 15:15:44 UTC 2020 /home/travis/build/icyphy/ptII/ptolemy/actor/lib/test/auto/SetVariable4.xml
----------------- Instantiating /home/travis/build/icyphy/ptII/ptolemy/actor/lib/test/auto/SetVariable4.xml
19 ms. Memory: 571392K Free: 503367K (88%)
----------------- Invoking toplevel() on ptolemy.moml.MoMLSimpleApplication@6a12eaba
----------------- Done invoking toplevel() on ptolemy.moml.MoMLSimpleApplication@6a12eaba
reloadAllAccessors: .SetVariable4

===========================================================================================
----------------- testing Thu Jul 23 15:15:44 UTC 2020 /home/travis/build/icyphy/ptII/ptolemy/actor/lib/test/auto/SetVariable5.xml
----------------- Instantiating /home/travis/build/icyphy/ptII/ptolemy/actor/lib/test/auto/SetVariable5.xml
18 ms. Memory: 571392K Free: 494151K (86%)
----------------- Invoking toplevel() on ptolemy.moml.MoMLSimpleApplication@14871321
----------------- Done invoking toplevel() on ptolemy.moml.MoMLSimpleApplication@14871321
reloadAllAccessors: .SetVariable5

===========================================================================================
----------------- testing Thu Jul 23 15:15:44 UTC 2020 /home/travis/build/icyphy/ptII/ptolemy/actor/lib/test/auto/Sinewave.xml
----------------- Instantiating /home/travis/build/icyphy/ptII/ptolemy/actor/lib/test/auto/Sinewave.xml
8 ms. Memory: 571392K Free: 483911K (85%)
----------------- Invoking toplevel() on ptolemy.moml.MoMLSimpleApplication@1460fd19
----------------- Done invoking toplevel() on ptolemy.moml.MoMLSimpleApplication@1460fd19
reloadAllAccessors: .Sinewave

===========================================================================================
----------------- testing Thu Jul 23 15:15:44 UTC 2020 /home/travis/build/icyphy/ptII/ptolemy/actor/lib/test/auto/Sinewave2.xml
----------------- Instantiating /home/travis/build/icyphy/ptII/ptolemy/actor/lib/test/auto/Sinewave2.xml
5 ms. Memory: 571392K Free: 475205K (83%)
----------------- Invoking toplevel() on ptolemy.moml.MoMLSimpleApplication@a732da6
----------------- Done invoking toplevel() on ptolemy.moml.MoMLSimpleApplication@a732da6
reloadAllAccessors: .Sinewave2

===========================================================================================
----------------- testing Thu Jul 23 15:15:44 UTC 2020 /home/travis/build/icyphy/ptII/ptolemy/actor/lib/test/auto/Sinewave3.xml
----------------- Instantiating /home/travis/build/icyphy/ptII/ptolemy/actor/lib/test/auto/Sinewave3.xml
8 ms. Memory: 571392K Free: 466998K (82%)
----------------- Invoking toplevel() on ptolemy.moml.MoMLSimpleApplication@73533d8d
----------------- Done invoking toplevel() on ptolemy.moml.MoMLSimpleApplication@73533d8d
reloadAllAccessors: .Sinewave3

===========================================================================================
----------------- testing Thu Jul 23 15:15:44 UTC 2020 /home/travis/build/icyphy/ptII/ptolemy/actor/lib/test/auto/SingleEvent.xml
----------------- Instantiating /home/travis/build/icyphy/ptII/ptolemy/actor/lib/test/auto/SingleEvent.xml
3 ms. Memory: 571392K Free: 462917K (81%)
----------------- Invoking toplevel() on ptolemy.moml.MoMLSimpleApplication@1fb08bbf
----------------- Done invoking toplevel() on ptolemy.moml.MoMLSimpleApplication@1fb08bbf
reloadAllAccessors: .SingleEvent

===========================================================================================
----------------- testing Thu Jul 23 15:15:44 UTC 2020 /home/travis/build/icyphy/ptII/ptolemy/actor/lib/test/auto/Sleep.xml
----------------- Instantiating /home/travis/build/icyphy/ptII/ptolemy/actor/lib/test/auto/Sleep.xml
6004 ms. Memory: 571392K Free: 456742K (80%)
----------------- Invoking toplevel() on ptolemy.moml.MoMLSimpleApplication@79c6e4c3
----------------- Done invoking toplevel() on ptolemy.moml.MoMLSimpleApplication@79c6e4c3
reloadAllAccessors: .Sleep

===========================================================================================
----------------- testing Thu Jul 23 15:15:50 UTC 2020 /home/travis/build/icyphy/ptII/ptolemy/actor/lib/test/auto/SleepMultipleFire.xml
----------------- Instantiating /home/travis/build/icyphy/ptII/ptolemy/actor/lib/test/auto/SleepMultipleFire.xml
1005 ms. Memory: 571392K Free: 451143K (79%)
----------------- Invoking toplevel() on ptolemy.moml.MoMLSimpleApplication@2ace08b9
----------------- Done invoking toplevel() on ptolemy.moml.MoMLSimpleApplication@2ace08b9
reloadAllAccessors: .SleepMultipleFire

===========================================================================================
----------------- testing Thu Jul 23 15:15:51 UTC 2020 /home/travis/build/icyphy/ptII/ptolemy/actor/lib/test/auto/StopDE.xml
----------------- Instantiating /home/travis/build/icyphy/ptII/ptolemy/actor/lib/test/auto/StopDE.xml
8 ms. Memory: 571392K Free: 445509K (78%)
----------------- Invoking toplevel() on ptolemy.moml.MoMLSimpleApplication@7712e288
----------------- Done invoking toplevel() on ptolemy.moml.MoMLSimpleApplication@7712e288
reloadAllAccessors: .StopDE

===========================================================================================
----------------- testing Thu Jul 23 15:15:51 UTC 2020 /home/travis/build/icyphy/ptII/ptolemy/actor/lib/test/auto/StopSDF.xml
----------------- Instantiating /home/travis/build/icyphy/ptII/ptolemy/actor/lib/test/auto/StopSDF.xml
3 ms. Memory: 571392K Free: 439879K (77%)
----------------- Invoking toplevel() on ptolemy.moml.MoMLSimpleApplication@6967b2a8
----------------- Done invoking toplevel() on ptolemy.moml.MoMLSimpleApplication@6967b2a8
reloadAllAccessors: .StopSDF

===========================================================================================
----------------- testing Thu Jul 23 15:15:51 UTC 2020 /home/travis/build/icyphy/ptII/ptolemy/actor/lib/test/auto/StringConstant.xml
----------------- Instantiating /home/travis/build/icyphy/ptII/ptolemy/actor/lib/test/auto/StringConstant.xml
11 ms. Memory: 571392K Free: 435269K (76%)
----------------- Invoking toplevel() on ptolemy.moml.MoMLSimpleApplication@22b577a3
----------------- Done invoking toplevel() on ptolemy.moml.MoMLSimpleApplication@22b577a3
reloadAllAccessors: .StringConstant

===========================================================================================
----------------- testing Thu Jul 23 15:15:51 UTC 2020 /home/travis/build/icyphy/ptII/ptolemy/actor/lib/test/auto/SubscriberPortInitialValues1.xml
----------------- Instantiating /home/travis/build/icyphy/ptII/ptolemy/actor/lib/test/auto/SubscriberPortInitialValues1.xml
7 ms. Memory: 571392K Free: 426567K (75%)
----------------- Invoking toplevel() on ptolemy.moml.MoMLSimpleApplication@1551a6c1
----------------- Done invoking toplevel() on ptolemy.moml.MoMLSimpleApplication@1551a6c1
reloadAllAccessors: .SubscriberPortInitialValues1

===========================================================================================
----------------- testing Thu Jul 23 15:15:51 UTC 2020 /home/travis/build/icyphy/ptII/ptolemy/actor/lib/test/auto/SubscriberPortInitialValues13.xml
----------------- Instantiating /home/travis/build/icyphy/ptII/ptolemy/actor/lib/test/auto/SubscriberPortInitialValues13.xml
6 ms. Memory: 571392K Free: 412741K (72%)
----------------- Invoking toplevel() on ptolemy.moml.MoMLSimpleApplication@78360ac1
----------------- Done invoking toplevel() on ptolemy.moml.MoMLSimpleApplication@78360ac1
reloadAllAccessors: .SubscriberPortInitialValues13

===========================================================================================
----------------- testing Thu Jul 23 15:15:51 UTC 2020 /home/travis/build/icyphy/ptII/ptolemy/actor/lib/test/auto/SubscriberPortInitialValues14.xml
----------------- Instantiating /home/travis/build/icyphy/ptII/ptolemy/actor/lib/test/auto/SubscriberPortInitialValues14.xml
6 ms. Memory: 571392K Free: 405063K (71%)
----------------- Invoking toplevel() on ptolemy.moml.MoMLSimpleApplication@405d0534
----------------- Done invoking toplevel() on ptolemy.moml.MoMLSimpleApplication@405d0534
reloadAllAccessors: .SubscriberPortInitialValues14

===========================================================================================
----------------- testing Thu Jul 23 15:15:51 UTC 2020 /home/travis/build/icyphy/ptII/ptolemy/actor/lib/test/auto/SubscriberPortInitialValues2.xml
----------------- Instantiating /home/travis/build/icyphy/ptII/ptolemy/actor/lib/test/auto/SubscriberPortInitialValues2.xml
4 ms. Memory: 571392K Free: 397381K (70%)
----------------- Invoking toplevel() on ptolemy.moml.MoMLSimpleApplication@1233fc10
----------------- Done invoking toplevel() on ptolemy.moml.MoMLSimpleApplication@1233fc10
reloadAllAccessors: .SubscriberPortInitialValues2

===========================================================================================
----------------- testing Thu Jul 23 15:15:51 UTC 2020 /home/travis/build/icyphy/ptII/ptolemy/actor/lib/test/auto/SubscriberPortInitialValues3.xml
----------------- Instantiating /home/travis/build/icyphy/ptII/ptolemy/actor/lib/test/auto/SubscriberPortInitialValues3.xml
4 ms. Memory: 571392K Free: 386631K (68%)
----------------- Invoking toplevel() on ptolemy.moml.MoMLSimpleApplication@3469e8c2
----------------- Done invoking toplevel() on ptolemy.moml.MoMLSimpleApplication@3469e8c2
reloadAllAccessors: .SubscriberPortInitialValues3

===========================================================================================
----------------- testing Thu Jul 23 15:15:52 UTC 2020 /home/travis/build/icyphy/ptII/ptolemy/actor/lib/test/auto/SubscriptionAggregator.xml
----------------- Instantiating /home/travis/build/icyphy/ptII/ptolemy/actor/lib/test/auto/SubscriptionAggregator.xml
3 ms. Memory: 571392K Free: 379463K (66%)
----------------- Invoking toplevel() on ptolemy.moml.MoMLSimpleApplication@6efdcc42
----------------- Done invoking toplevel() on ptolemy.moml.MoMLSimpleApplication@6efdcc42
reloadAllAccessors: .SubscriptionAggregator

===========================================================================================
----------------- testing Thu Jul 23 15:15:52 UTC 2020 /home/travis/build/icyphy/ptII/ptolemy/actor/lib/test/auto/SubscriptionAggregator2.xml
----------------- Instantiating /home/travis/build/icyphy/ptII/ptolemy/actor/lib/test/auto/SubscriptionAggregator2.xml
3 ms. Memory: 571392K Free: 372790K (65%)
----------------- Invoking toplevel() on ptolemy.moml.MoMLSimpleApplication@3d2bb482
----------------- Done invoking toplevel() on ptolemy.moml.MoMLSimpleApplication@3d2bb482
reloadAllAccessors: .SubscriptionAggregator2

===========================================================================================
----------------- testing Thu Jul 23 15:15:52 UTC 2020 /home/travis/build/icyphy/ptII/ptolemy/actor/lib/test/auto/SubscriptionAggregator3.xml
----------------- Instantiating /home/travis/build/icyphy/ptII/ptolemy/actor/lib/test/auto/SubscriptionAggregator3.xml
4 ms. Memory: 571392K Free: 364103K (64%)
----------------- Invoking toplevel() on ptolemy.moml.MoMLSimpleApplication@6cac5ab6
----------------- Done invoking toplevel() on ptolemy.moml.MoMLSimpleApplication@6cac5ab6
reloadAllAccessors: .SubscriptionAggregator3

===========================================================================================
----------------- testing Thu Jul 23 15:15:52 UTC 2020 /home/travis/build/icyphy/ptII/ptolemy/actor/lib/test/auto/SubscriptionAggregatorMultiply.xml
----------------- Instantiating /home/travis/build/icyphy/ptII/ptolemy/actor/lib/test/auto/SubscriptionAggregatorMultiply.xml
9 ms. Memory: 571392K Free: 355911K (62%)
----------------- Invoking toplevel() on ptolemy.moml.MoMLSimpleApplication@3bc4a54c
----------------- Done invoking toplevel() on ptolemy.moml.MoMLSimpleApplication@3bc4a54c
reloadAllAccessors: .SubscriptionAggregatorMultiply

===========================================================================================
----------------- testing Thu Jul 23 15:15:52 UTC 2020 /home/travis/build/icyphy/ptII/ptolemy/actor/lib/test/auto/SubscriptionAggregatorPortMultiply1.xml
----------------- Instantiating /home/travis/build/icyphy/ptII/ptolemy/actor/lib/test/auto/SubscriptionAggregatorPortMultiply1.xml
3 ms. Memory: 571392K Free: 347719K (61%)
----------------- Invoking toplevel() on ptolemy.moml.MoMLSimpleApplication@2469baf2
----------------- Done invoking toplevel() on ptolemy.moml.MoMLSimpleApplication@2469baf2
reloadAllAccessors: .SubscriptionAggregatorPortMultiply1

===========================================================================================
----------------- testing Thu Jul 23 15:15:52 UTC 2020 /home/travis/build/icyphy/ptII/ptolemy/actor/lib/test/auto/Switch.xml
----------------- Instantiating /home/travis/build/icyphy/ptII/ptolemy/actor/lib/test/auto/Switch.xml
7 ms. Memory: 571392K Free: 339527K (59%)
----------------- Invoking toplevel() on ptolemy.moml.MoMLSimpleApplication@43c7b463
----------------- Done invoking toplevel() on ptolemy.moml.MoMLSimpleApplication@43c7b463
reloadAllAccessors: .Switch

===========================================================================================
----------------- testing Thu Jul 23 15:15:52 UTC 2020 /home/travis/build/icyphy/ptII/ptolemy/actor/lib/test/auto/Switch2.xml
----------------- Instantiating /home/travis/build/icyphy/ptII/ptolemy/actor/lib/test/auto/Switch2.xml
2 ms. Memory: 571392K Free: 334917K (59%)
----------------- Invoking toplevel() on ptolemy.moml.MoMLSimpleApplication@271e6230
----------------- Done invoking toplevel() on ptolemy.moml.MoMLSimpleApplication@271e6230
reloadAllAccessors: .Switch2

===========================================================================================
----------------- testing Thu Jul 23 15:15:52 UTC 2020 /home/travis/build/icyphy/ptII/ptolemy/actor/lib/test/auto/SwitchDE.xml
----------------- Instantiating /home/travis/build/icyphy/ptII/ptolemy/actor/lib/test/auto/SwitchDE.xml
4 ms. Memory: 571392K Free: 328263K (57%)
----------------- Invoking toplevel() on ptolemy.moml.MoMLSimpleApplication@660b40c8
----------------- Done invoking toplevel() on ptolemy.moml.MoMLSimpleApplication@660b40c8
reloadAllAccessors: .SwitchDE

===========================================================================================
----------------- testing Thu Jul 23 15:15:52 UTC 2020 /home/travis/build/icyphy/ptII/ptolemy/actor/lib/test/auto/SynchronizerDE.xml
----------------- Instantiating /home/travis/build/icyphy/ptII/ptolemy/actor/lib/test/auto/SynchronizerDE.xml
6 ms. Memory: 571392K Free: 320071K (56%)
----------------- Invoking toplevel() on ptolemy.moml.MoMLSimpleApplication@7eb225e7
----------------- Done invoking toplevel() on ptolemy.moml.MoMLSimpleApplication@7eb225e7
reloadAllAccessors: .SynchronizerDE

===========================================================================================
----------------- testing Thu Jul 23 15:15:52 UTC 2020 /home/travis/build/icyphy/ptII/ptolemy/actor/lib/test/auto/Test.xml
----------------- Instantiating /home/travis/build/icyphy/ptII/ptolemy/actor/lib/test/auto/Test.xml
10 ms. Memory: 571392K Free: 314951K (55%)
----------------- Invoking toplevel() on ptolemy.moml.MoMLSimpleApplication@685bda22
----------------- Done invoking toplevel() on ptolemy.moml.MoMLSimpleApplication@685bda22
reloadAllAccessors: .Test

===========================================================================================
----------------- testing Thu Jul 23 15:15:52 UTC 2020 /home/travis/build/icyphy/ptII/ptolemy/actor/lib/test/auto/TestExceptionAttribute1.xml
----------------- Instantiating /home/travis/build/icyphy/ptII/ptolemy/actor/lib/test/auto/TestExceptionAttribute1.xml
1 ms. Memory: 571392K Free: 311365K (54%)
----------------- Invoking toplevel() on ptolemy.moml.MoMLSimpleApplication@ec4aebb
----------------- Done invoking toplevel() on ptolemy.moml.MoMLSimpleApplication@ec4aebb
reloadAllAccessors: .TestExceptionAttribute1

===========================================================================================
----------------- testing Thu Jul 23 15:15:52 UTC 2020 /home/travis/build/icyphy/ptII/ptolemy/actor/lib/test/auto/TestExceptionAttribute2.xml
----------------- Instantiating /home/travis/build/icyphy/ptII/ptolemy/actor/lib/test/auto/TestExceptionAttribute2.xml
1 ms. Memory: 571392K Free: 307269K (54%)
----------------- Invoking toplevel() on ptolemy.moml.MoMLSimpleApplication@ff24063
----------------- Done invoking toplevel() on ptolemy.moml.MoMLSimpleApplication@ff24063
reloadAllAccessors: .TestExceptionAttribute2

===========================================================================================
----------------- testing Thu Jul 23 15:15:52 UTC 2020 /home/travis/build/icyphy/ptII/ptolemy/actor/lib/test/auto/TestExceptionAttribute3.xml
----------------- Instantiating /home/travis/build/icyphy/ptII/ptolemy/actor/lib/test/auto/TestExceptionAttribute3.xml
.TestExceptionAttribute3.TestExceptionAttribute: initialize() was not invoked, but wrapup() was.  This is unusual, but not always a problem.  For example, exporting JNLP will do this.
0 ms. Memory: 571392K Free: 303687K (53%)
----------------- Invoking toplevel() on ptolemy.moml.MoMLSimpleApplication@49328d34
----------------- Done invoking toplevel() on ptolemy.moml.MoMLSimpleApplication@49328d34
reloadAllAccessors: .TestExceptionAttribute3

===========================================================================================
----------------- testing Thu Jul 23 15:15:52 UTC 2020 /home/travis/build/icyphy/ptII/ptolemy/actor/lib/test/auto/TestExceptionAttribute4.xml
----------------- Instantiating /home/travis/build/icyphy/ptII/ptolemy/actor/lib/test/auto/TestExceptionAttribute4.xml
.TestExceptionAttribute4.TestExceptionAttribute: initialize() was not invoked, but wrapup() was.  This is unusual, but not always a problem.  For example, exporting JNLP will do this.
.TestExceptionAttribute4.TestExceptionAttribute2: initialize() was not invoked, but wrapup() was.  This is unusual, but not always a problem.  For example, exporting JNLP will do this.
1 ms. Memory: 571392K Free: 299591K (52%)
----------------- Invoking toplevel() on ptolemy.moml.MoMLSimpleApplication@1035b18
----------------- Done invoking toplevel() on ptolemy.moml.MoMLSimpleApplication@1035b18
reloadAllAccessors: .TestExceptionAttribute4

===========================================================================================
----------------- testing Thu Jul 23 15:15:52 UTC 2020 /home/travis/build/icyphy/ptII/ptolemy/actor/lib/test/auto/TestExceptionHandler1.xml
----------------- Instantiating /home/travis/build/icyphy/ptII/ptolemy/actor/lib/test/auto/TestExceptionHandler1.xml
1 ms. Memory: 571392K Free: 295495K (52%)
----------------- Invoking toplevel() on ptolemy.moml.MoMLSimpleApplication@6bd7e5d8
----------------- Done invoking toplevel() on ptolemy.moml.MoMLSimpleApplication@6bd7e5d8
reloadAllAccessors: .TestExceptionHandler1

===========================================================================================
----------------- testing Thu Jul 23 15:15:52 UTC 2020 /home/travis/build/icyphy/ptII/ptolemy/actor/lib/test/auto/TestExceptionHandler2.xml
----------------- Instantiating /home/travis/build/icyphy/ptII/ptolemy/actor/lib/test/auto/TestExceptionHandler2.xml
2 ms. Memory: 571392K Free: 291909K (51%)
----------------- Invoking toplevel() on ptolemy.moml.MoMLSimpleApplication@798e3809
----------------- Done invoking toplevel() on ptolemy.moml.MoMLSimpleApplication@798e3809
reloadAllAccessors: .TestExceptionHandler2

===========================================================================================
----------------- testing Thu Jul 23 15:15:52 UTC 2020 /home/travis/build/icyphy/ptII/ptolemy/actor/lib/test/auto/TestExceptionHandler3.xml
----------------- Instantiating /home/travis/build/icyphy/ptII/ptolemy/actor/lib/test/auto/TestExceptionHandler3.xml
1 ms. Memory: 571392K Free: 288327K (50%)
----------------- Invoking toplevel() on ptolemy.moml.MoMLSimpleApplication@3382fc00
----------------- Done invoking toplevel() on ptolemy.moml.MoMLSimpleApplication@3382fc00
reloadAllAccessors: .TestExceptionHandler3

===========================================================================================
----------------- testing Thu Jul 23 15:15:52 UTC 2020 /home/travis/build/icyphy/ptII/ptolemy/actor/lib/test/auto/TestExceptionHandler4.xml
----------------- Instantiating /home/travis/build/icyphy/ptII/ptolemy/actor/lib/test/auto/TestExceptionHandler4.xml
1 ms. Memory: 571392K Free: 283717K (50%)
----------------- Invoking toplevel() on ptolemy.moml.MoMLSimpleApplication@f4e2d5d
----------------- Done invoking toplevel() on ptolemy.moml.MoMLSimpleApplication@f4e2d5d
reloadAllAccessors: .TestExceptionHandler4

===========================================================================================
----------------- testing Thu Jul 23 15:15:52 UTC 2020 /home/travis/build/icyphy/ptII/ptolemy/actor/lib/test/auto/TestRequireCorrectOrder.xml
----------------- Instantiating /home/travis/build/icyphy/ptII/ptolemy/actor/lib/test/auto/TestRequireCorrectOrder.xml
3 ms. Memory: 571392K Free: 278566K (49%)
----------------- Invoking toplevel() on ptolemy.moml.MoMLSimpleApplication@599d90bb
----------------- Done invoking toplevel() on ptolemy.moml.MoMLSimpleApplication@599d90bb
reloadAllAccessors: .TestRequireCorrectOrder

===========================================================================================
----------------- testing Thu Jul 23 15:15:52 UTC 2020 /home/travis/build/icyphy/ptII/ptolemy/actor/lib/test/auto/TestSimple.xml
----------------- Instantiating /home/travis/build/icyphy/ptII/ptolemy/actor/lib/test/auto/TestSimple.xml
1 ms. Memory: 571392K Free: 273991K (48%)
----------------- Invoking toplevel() on ptolemy.moml.MoMLSimpleApplication@7e794889
----------------- Done invoking toplevel() on ptolemy.moml.MoMLSimpleApplication@7e794889
reloadAllAccessors: .TestSimple

===========================================================================================
----------------- testing Thu Jul 23 15:15:52 UTC 2020 /home/travis/build/icyphy/ptII/ptolemy/actor/lib/test/auto/ThrowModelError.xml
----------------- Instantiating /home/travis/build/icyphy/ptII/ptolemy/actor/lib/test/auto/ThrowModelError.xml
2 ms. Memory: 571392K Free: 268871K (47%)
----------------- Invoking toplevel() on ptolemy.moml.MoMLSimpleApplication@a30a923
----------------- Done invoking toplevel() on ptolemy.moml.MoMLSimpleApplication@a30a923
reloadAllAccessors: .ThrowModelError

===========================================================================================
----------------- testing Thu Jul 23 15:15:52 UTC 2020 /home/travis/build/icyphy/ptII/ptolemy/actor/lib/test/auto/TimeDelayMicrosteps.xml
----------------- Instantiating /home/travis/build/icyphy/ptII/ptolemy/actor/lib/test/auto/TimeDelayMicrosteps.xml
3 ms. Memory: 571392K Free: 262182K (46%)
----------------- Invoking toplevel() on ptolemy.moml.MoMLSimpleApplication@51865f06
----------------- Done invoking toplevel() on ptolemy.moml.MoMLSimpleApplication@51865f06
reloadAllAccessors: .TimeDelayMicrosteps

===========================================================================================
----------------- testing Thu Jul 23 15:15:52 UTC 2020 /home/travis/build/icyphy/ptII/ptolemy/actor/lib/test/auto/TimeDelayMicrosteps2.xml
----------------- Instantiating /home/travis/build/icyphy/ptII/ptolemy/actor/lib/test/auto/TimeDelayMicrosteps2.xml
4 ms. Memory: 571392K Free: 255038K (45%)
----------------- Invoking toplevel() on ptolemy.moml.MoMLSimpleApplication@edad6a
----------------- Done invoking toplevel() on ptolemy.moml.MoMLSimpleApplication@edad6a
reloadAllAccessors: .TimeDelayMicrosteps2

===========================================================================================
----------------- testing Thu Jul 23 15:15:52 UTC 2020 /home/travis/build/icyphy/ptII/ptolemy/actor/lib/test/auto/TimeDelayMicrosteps3.xml
----------------- Instantiating /home/travis/build/icyphy/ptII/ptolemy/actor/lib/test/auto/TimeDelayMicrosteps3.xml
3 ms. Memory: 571392K Free: 247846K (43%)
----------------- Invoking toplevel() on ptolemy.moml.MoMLSimpleApplication@66693214
----------------- Done invoking toplevel() on ptolemy.moml.MoMLSimpleApplication@66693214
reloadAllAccessors: .TimeDelayMicrosteps3

===========================================================================================
----------------- testing Thu Jul 23 15:15:52 UTC 2020 /home/travis/build/icyphy/ptII/ptolemy/actor/lib/test/auto/TimeDelayVariableMicrosteps.xml
----------------- Instantiating /home/travis/build/icyphy/ptII/ptolemy/actor/lib/test/auto/TimeDelayVariableMicrosteps.xml
3 ms. Memory: 571392K Free: 241733K (42%)
----------------- Invoking toplevel() on ptolemy.moml.MoMLSimpleApplication@38ae7ce0
----------------- Done invoking toplevel() on ptolemy.moml.MoMLSimpleApplication@38ae7ce0
reloadAllAccessors: .TimeDelayVariableMicrosteps

===========================================================================================
----------------- testing Thu Jul 23 15:15:52 UTC 2020 /home/travis/build/icyphy/ptII/ptolemy/actor/lib/test/auto/TimeGap.xml
----------------- Instantiating /home/travis/build/icyphy/ptII/ptolemy/actor/lib/test/auto/TimeGap.xml
3 ms. Memory: 571392K Free: 236582K (41%)
----------------- Invoking toplevel() on ptolemy.moml.MoMLSimpleApplication@55ae6238
----------------- Done invoking toplevel() on ptolemy.moml.MoMLSimpleApplication@55ae6238
reloadAllAccessors: .TimeGap

===========================================================================================
----------------- testing Thu Jul 23 15:15:52 UTC 2020 /home/travis/build/icyphy/ptII/ptolemy/actor/lib/test/auto/TimeGap2.xml
----------------- Instantiating /home/travis/build/icyphy/ptII/ptolemy/actor/lib/test/auto/TimeGap2.xml
1 ms. Memory: 571392K Free: 230462K (40%)
----------------- Invoking toplevel() on ptolemy.moml.MoMLSimpleApplication@52d4ae28
----------------- Done invoking toplevel() on ptolemy.moml.MoMLSimpleApplication@52d4ae28
reloadAllAccessors: .TimeGap2

===========================================================================================
----------------- testing Thu Jul 23 15:15:52 UTC 2020 /home/travis/build/icyphy/ptII/ptolemy/actor/lib/test/auto/TimedSinewave.xml
----------------- Instantiating /home/travis/build/icyphy/ptII/ptolemy/actor/lib/test/auto/TimedSinewave.xml
13 ms. Memory: 571392K Free: 216133K (38%)
----------------- Invoking toplevel() on ptolemy.moml.MoMLSimpleApplication@25a4ca17
----------------- Done invoking toplevel() on ptolemy.moml.MoMLSimpleApplication@25a4ca17
reloadAllAccessors: .TimedSinewave

===========================================================================================
----------------- testing Thu Jul 23 15:15:52 UTC 2020 /home/travis/build/icyphy/ptII/ptolemy/actor/lib/test/auto/TimedSinewavePhase.xml
----------------- Instantiating /home/travis/build/icyphy/ptII/ptolemy/actor/lib/test/auto/TimedSinewavePhase.xml
10 ms. Memory: 571392K Free: 206407K (36%)
----------------- Invoking toplevel() on ptolemy.moml.MoMLSimpleApplication@34613939
----------------- Done invoking toplevel() on ptolemy.moml.MoMLSimpleApplication@34613939
reloadAllAccessors: .TimedSinewavePhase

===========================================================================================
----------------- testing Thu Jul 23 15:15:52 UTC 2020 /home/travis/build/icyphy/ptII/ptolemy/actor/lib/test/auto/Timer.xml
----------------- Instantiating /home/travis/build/icyphy/ptII/ptolemy/actor/lib/test/auto/Timer.xml
2 ms. Memory: 571392K Free: 200263K (35%)
----------------- Invoking toplevel() on ptolemy.moml.MoMLSimpleApplication@566d2003
----------------- Done invoking toplevel() on ptolemy.moml.MoMLSimpleApplication@566d2003
reloadAllAccessors: .Timer

===========================================================================================
----------------- testing Thu Jul 23 15:15:52 UTC 2020 /home/travis/build/icyphy/ptII/ptolemy/actor/lib/test/auto/TriangularDistTestModel.xml
----------------- Instantiating /home/travis/build/icyphy/ptII/ptolemy/actor/lib/test/auto/TriangularDistTestModel.xml
2 ms. Memory: 571392K Free: 194614K (34%)
----------------- Invoking toplevel() on ptolemy.moml.MoMLSimpleApplication@4c9521e8
----------------- Done invoking toplevel() on ptolemy.moml.MoMLSimpleApplication@4c9521e8
reloadAllAccessors: .TriangularDistTestModel

===========================================================================================
----------------- testing Thu Jul 23 15:15:52 UTC 2020 /home/travis/build/icyphy/ptII/ptolemy/actor/lib/test/auto/TrigFunction.xml
----------------- Instantiating /home/travis/build/icyphy/ptII/ptolemy/actor/lib/test/auto/TrigFunction.xml
2 ms. Memory: 571392K Free: 190023K (33%)
----------------- Invoking toplevel() on ptolemy.moml.MoMLSimpleApplication@4266960e
----------------- Done invoking toplevel() on ptolemy.moml.MoMLSimpleApplication@4266960e
reloadAllAccessors: .TrigFunction

===========================================================================================
----------------- testing Thu Jul 23 15:15:52 UTC 2020 /home/travis/build/icyphy/ptII/ptolemy/actor/lib/test/auto/TrigFunctionDE.xml
----------------- Instantiating /home/travis/build/icyphy/ptII/ptolemy/actor/lib/test/auto/TrigFunctionDE.xml
2 ms. Memory: 571392K Free: 183879K (32%)
----------------- Invoking toplevel() on ptolemy.moml.MoMLSimpleApplication@70d15cec
----------------- Done invoking toplevel() on ptolemy.moml.MoMLSimpleApplication@70d15cec
reloadAllAccessors: .TrigFunctionDE

===========================================================================================
----------------- testing Thu Jul 23 15:15:52 UTC 2020 /home/travis/build/icyphy/ptII/ptolemy/actor/lib/test/auto/TrigFunctionInverse.xml
----------------- Instantiating /home/travis/build/icyphy/ptII/ptolemy/actor/lib/test/auto/TrigFunctionInverse.xml
1 ms. Memory: 571392K Free: 178759K (31%)
----------------- Invoking toplevel() on ptolemy.moml.MoMLSimpleApplication@20ce2977
----------------- Done invoking toplevel() on ptolemy.moml.MoMLSimpleApplication@20ce2977
reloadAllAccessors: .TrigFunctionInverse

===========================================================================================
----------------- testing Thu Jul 23 15:15:52 UTC 2020 /home/travis/build/icyphy/ptII/ptolemy/actor/lib/test/auto/TrigFunctionTan.xml
----------------- Instantiating /home/travis/build/icyphy/ptII/ptolemy/actor/lib/test/auto/TrigFunctionTan.xml
2 ms. Memory: 571392K Free: 511655K (90%)
----------------- Invoking toplevel() on ptolemy.moml.MoMLSimpleApplication@47b07949
----------------- Done invoking toplevel() on ptolemy.moml.MoMLSimpleApplication@47b07949
reloadAllAccessors: .TrigFunctionTan

===========================================================================================
----------------- testing Thu Jul 23 15:15:52 UTC 2020 /home/travis/build/icyphy/ptII/ptolemy/actor/lib/test/auto/TriggeredClock.xml
----------------- Instantiating /home/travis/build/icyphy/ptII/ptolemy/actor/lib/test/auto/TriggeredClock.xml
2 ms. Memory: 571392K Free: 506007K (89%)
----------------- Invoking toplevel() on ptolemy.moml.MoMLSimpleApplication@4c2dd829
----------------- Done invoking toplevel() on ptolemy.moml.MoMLSimpleApplication@4c2dd829
reloadAllAccessors: .TriggeredClock

===========================================================================================
----------------- testing Thu Jul 23 15:15:52 UTC 2020 /home/travis/build/icyphy/ptII/ptolemy/actor/lib/test/auto/URLDirectoryReader.xml
----------------- Instantiating /home/travis/build/icyphy/ptII/ptolemy/actor/lib/test/auto/URLDirectoryReader.xml
45 ms. Memory: 571392K Free: 496805K (87%)
----------------- Invoking toplevel() on ptolemy.moml.MoMLSimpleApplication@4ee83ea
----------------- Done invoking toplevel() on ptolemy.moml.MoMLSimpleApplication@4ee83ea
reloadAllAccessors: .URLDirectoryReader

===========================================================================================
----------------- testing Thu Jul 23 15:15:52 UTC 2020 /home/travis/build/icyphy/ptII/ptolemy/actor/lib/test/auto/URLDirectoryReader3.xml
----------------- Instantiating /home/travis/build/icyphy/ptII/ptolemy/actor/lib/test/auto/URLDirectoryReader3.xml
1416 ms. Memory: 571392K Free: 509640K (89%)
----------------- Invoking toplevel() on ptolemy.moml.MoMLSimpleApplication@19034df2
----------------- Done invoking toplevel() on ptolemy.moml.MoMLSimpleApplication@19034df2
reloadAllAccessors: .URLDirectoryReader3

===========================================================================================
----------------- testing Thu Jul 23 15:15:54 UTC 2020 /home/travis/build/icyphy/ptII/ptolemy/actor/lib/test/auto/UnaryMathFunction.xml
----------------- Instantiating /home/travis/build/icyphy/ptII/ptolemy/actor/lib/test/auto/UnaryMathFunction.xml
2 ms. Memory: 571392K Free: 501914K (88%)
----------------- Invoking toplevel() on ptolemy.moml.MoMLSimpleApplication@2ccb7b7b
----------------- Done invoking toplevel() on ptolemy.moml.MoMLSimpleApplication@2ccb7b7b
reloadAllAccessors: .UnaryMathFunction

===========================================================================================
----------------- testing Thu Jul 23 15:15:54 UTC 2020 /home/travis/build/icyphy/ptII/ptolemy/actor/lib/test/auto/Uniform.xml
----------------- Instantiating /home/travis/build/icyphy/ptII/ptolemy/actor/lib/test/auto/Uniform.xml
1 ms. Memory: 571392K Free: 497308K (87%)
----------------- Invoking toplevel() on ptolemy.moml.MoMLSimpleApplication@17d8521c
----------------- Done invoking toplevel() on ptolemy.moml.MoMLSimpleApplication@17d8521c
reloadAllAccessors: .Uniform

===========================================================================================
----------------- testing Thu Jul 23 15:15:54 UTC 2020 /home/travis/build/icyphy/ptII/ptolemy/actor/lib/test/auto/UnionDisassemblerTest.xml
----------------- Instantiating /home/travis/build/icyphy/ptII/ptolemy/actor/lib/test/auto/UnionDisassemblerTest.xml
16 ms. Memory: 571392K Free: 493707K (86%)
----------------- Invoking toplevel() on ptolemy.moml.MoMLSimpleApplication@aaaa9c2
----------------- Done invoking toplevel() on ptolemy.moml.MoMLSimpleApplication@aaaa9c2
reloadAllAccessors: .UnionDisassemblerTest

===========================================================================================
----------------- testing Thu Jul 23 15:15:54 UTC 2020 /home/travis/build/icyphy/ptII/ptolemy/actor/lib/test/auto/UtilityFunctions.xml
----------------- Instantiating /home/travis/build/icyphy/ptII/ptolemy/actor/lib/test/auto/UtilityFunctions.xml
1 ms. Memory: 571392K Free: 489116K (86%)
----------------- Invoking toplevel() on ptolemy.moml.MoMLSimpleApplication@2d6dc502
----------------- Done invoking toplevel() on ptolemy.moml.MoMLSimpleApplication@2d6dc502
reloadAllAccessors: .UtilityFunctions

===========================================================================================
----------------- testing Thu Jul 23 15:15:54 UTC 2020 /home/travis/build/icyphy/ptII/ptolemy/actor/lib/test/auto/VariableSleep.xml
----------------- Instantiating /home/travis/build/icyphy/ptII/ptolemy/actor/lib/test/auto/VariableSleep.xml
503 ms. Memory: 571392K Free: 483996K (85%)
----------------- Invoking toplevel() on ptolemy.moml.MoMLSimpleApplication@c19652a
----------------- Done invoking toplevel() on ptolemy.moml.MoMLSimpleApplication@c19652a
reloadAllAccessors: .VariableSleep

===========================================================================================
----------------- testing Thu Jul 23 15:15:55 UTC 2020 /home/travis/build/icyphy/ptII/ptolemy/actor/lib/test/auto/VectorAssemblerDisassemblerCT.xml
----------------- Instantiating /home/travis/build/icyphy/ptII/ptolemy/actor/lib/test/auto/VectorAssemblerDisassemblerCT.xml
60 ms. Memory: 571392K Free: 464026K (81%)
----------------- Invoking toplevel() on ptolemy.moml.MoMLSimpleApplication@5162685d
----------------- Done invoking toplevel() on ptolemy.moml.MoMLSimpleApplication@5162685d
reloadAllAccessors: .VectorAssemblerDisassemblerCT

===========================================================================================
----------------- testing Thu Jul 23 15:15:55 UTC 2020 /home/travis/build/icyphy/ptII/ptolemy/actor/lib/test/auto/VectorAssemblerDisassemblerDE.xml
----------------- Instantiating /home/travis/build/icyphy/ptII/ptolemy/actor/lib/test/auto/VectorAssemblerDisassemblerDE.xml
8 ms. Memory: 571392K Free: 456348K (80%)
----------------- Invoking toplevel() on ptolemy.moml.MoMLSimpleApplication@18e7d44d
----------------- Done invoking toplevel() on ptolemy.moml.MoMLSimpleApplication@18e7d44d
reloadAllAccessors: .VectorAssemblerDisassemblerDE

===========================================================================================
----------------- testing Thu Jul 23 15:15:55 UTC 2020 /home/travis/build/icyphy/ptII/ptolemy/actor/lib/test/auto/VectorAssemblerDisassemblerSDF.xml
----------------- Instantiating /home/travis/build/icyphy/ptII/ptolemy/actor/lib/test/auto/VectorAssemblerDisassemblerSDF.xml
2 ms. Memory: 571392K Free: 449690K (79%)
----------------- Invoking toplevel() on ptolemy.moml.MoMLSimpleApplication@14de719d
----------------- Done invoking toplevel() on ptolemy.moml.MoMLSimpleApplication@14de719d
reloadAllAccessors: .VectorAssemblerDisassemblerSDF

===========================================================================================
----------------- testing Thu Jul 23 15:15:55 UTC 2020 /home/travis/build/icyphy/ptII/ptolemy/actor/lib/test/auto/WallClockTime.xml
----------------- Instantiating /home/travis/build/icyphy/ptII/ptolemy/actor/lib/test/auto/WallClockTime.xml
1004 ms. Memory: 571392K Free: 444570K (78%)
----------------- Invoking toplevel() on ptolemy.moml.MoMLSimpleApplication@1fdd17ff
----------------- Done invoking toplevel() on ptolemy.moml.MoMLSimpleApplication@1fdd17ff
reloadAllAccessors: .WallClockTime

===========================================================================================
----------------- testing Thu Jul 23 15:15:56 UTC 2020 /home/travis/build/icyphy/ptII/ptolemy/actor/lib/test/auto/WidthTestWithSubscriberPublisher.xml
----------------- Instantiating /home/travis/build/icyphy/ptII/ptolemy/actor/lib/test/auto/WidthTestWithSubscriberPublisher.xml
6 ms. Memory: 571392K Free: 426652K (75%)
----------------- Invoking toplevel() on ptolemy.moml.MoMLSimpleApplication@697f17e0
----------------- Done invoking toplevel() on ptolemy.moml.MoMLSimpleApplication@697f17e0
reloadAllAccessors: .WidthTestWithSubscriberPublisher

===========================================================================================
----------------- testing Thu Jul 23 15:15:56 UTC 2020 /home/travis/build/icyphy/ptII/ptolemy/actor/lib/test/auto/WidthTestWithSubscriberPublisher2.xml
----------------- Instantiating /home/travis/build/icyphy/ptII/ptolemy/actor/lib/test/auto/WidthTestWithSubscriberPublisher2.xml
2 ms. Memory: 571392K Free: 419994K (74%)
----------------- Invoking toplevel() on ptolemy.moml.MoMLSimpleApplication@40cb5e1a
----------------- Done invoking toplevel() on ptolemy.moml.MoMLSimpleApplication@40cb5e1a
reloadAllAccessors: .WidthTestWithSubscriberPublisher2

===========================================================================================
----------------- testing Thu Jul 23 15:15:56 UTC 2020 /home/travis/build/icyphy/ptII/ptolemy/actor/lib/test/auto/WidthTestWithSubscriberPublisher3.xml
----------------- Instantiating /home/travis/build/icyphy/ptII/ptolemy/actor/lib/test/auto/WidthTestWithSubscriberPublisher3.xml
1 ms. Memory: 571392K Free: 414364K (73%)
----------------- Invoking toplevel() on ptolemy.moml.MoMLSimpleApplication@5cdf0f9b
----------------- Done invoking toplevel() on ptolemy.moml.MoMLSimpleApplication@5cdf0f9b
reloadAllAccessors: .WidthTestWithSubscriberPublisher3

===========================================================================================
----------------- testing Thu Jul 23 15:15:56 UTC 2020 /home/travis/build/icyphy/ptII/ptolemy/actor/lib/test/auto/Writer.xml
----------------- Instantiating /home/travis/build/icyphy/ptII/ptolemy/actor/lib/test/auto/Writer.xml
0
1
2
3
4
2 ms. Memory: 571392K Free: 410268K (72%)
----------------- Invoking toplevel() on ptolemy.moml.MoMLSimpleApplication@1a6b00c1
----------------- Done invoking toplevel() on ptolemy.moml.MoMLSimpleApplication@1a6b00c1
reloadAllAccessors: .Writer

===========================================================================================
----------------- testing Thu Jul 23 15:15:56 UTC 2020 /home/travis/build/icyphy/ptII/ptolemy/actor/lib/test/auto/array.xml
----------------- Instantiating /home/travis/build/icyphy/ptII/ptolemy/actor/lib/test/auto/array.xml
2 ms. Memory: 571392K Free: 405148K (71%)
----------------- Invoking toplevel() on ptolemy.moml.MoMLSimpleApplication@521882eb
----------------- Done invoking toplevel() on ptolemy.moml.MoMLSimpleApplication@521882eb
reloadAllAccessors: .array

===========================================================================================
----------------- testing Thu Jul 23 15:15:56 UTC 2020 /home/travis/build/icyphy/ptII/ptolemy/actor/lib/test/auto/array2.xml
----------------- Instantiating /home/travis/build/icyphy/ptII/ptolemy/actor/lib/test/auto/array2.xml
5 ms. Memory: 571392K Free: 400028K (70%)
----------------- Invoking toplevel() on ptolemy.moml.MoMLSimpleApplication@43e3374
----------------- Done invoking toplevel() on ptolemy.moml.MoMLSimpleApplication@43e3374
reloadAllAccessors: .array2

===========================================================================================
----------------- testing Thu Jul 23 15:15:56 UTC 2020 /home/travis/build/icyphy/ptII/ptolemy/actor/lib/test/auto/arrayType.xml
----------------- Instantiating /home/travis/build/icyphy/ptII/ptolemy/actor/lib/test/auto/arrayType.xml
2 ms. Memory: 571392K Free: 394908K (69%)
----------------- Invoking toplevel() on ptolemy.moml.MoMLSimpleApplication@3e9ecac0
----------------- Done invoking toplevel() on ptolemy.moml.MoMLSimpleApplication@3e9ecac0
reloadAllAccessors: .arrayType

===========================================================================================
----------------- testing Thu Jul 23 15:15:56 UTC 2020 /home/travis/build/icyphy/ptII/ptolemy/actor/lib/test/auto/arrayType10.xml
----------------- Instantiating /home/travis/build/icyphy/ptII/ptolemy/actor/lib/test/auto/arrayType10.xml
1 ms. Memory: 571392K Free: 389788K (68%)
----------------- Invoking toplevel() on ptolemy.moml.MoMLSimpleApplication@6f9d5c78
----------------- Done invoking toplevel() on ptolemy.moml.MoMLSimpleApplication@6f9d5c78
reloadAllAccessors: .arrayType10

===========================================================================================
----------------- testing Thu Jul 23 15:15:56 UTC 2020 /home/travis/build/icyphy/ptII/ptolemy/actor/lib/test/auto/arrayType11.xml
----------------- Instantiating /home/travis/build/icyphy/ptII/ptolemy/actor/lib/test/auto/arrayType11.xml
2 ms. Memory: 571392K Free: 385178K (67%)
----------------- Invoking toplevel() on ptolemy.moml.MoMLSimpleApplication@339ce3b3
----------------- Done invoking toplevel() on ptolemy.moml.MoMLSimpleApplication@339ce3b3
reloadAllAccessors: .arrayType11

===========================================================================================
----------------- testing Thu Jul 23 15:15:56 UTC 2020 /home/travis/build/icyphy/ptII/ptolemy/actor/lib/test/auto/arrayType12.xml
----------------- Instantiating /home/travis/build/icyphy/ptII/ptolemy/actor/lib/test/auto/arrayType12.xml
2 ms. Memory: 571392K Free: 380572K (67%)
----------------- Invoking toplevel() on ptolemy.moml.MoMLSimpleApplication@5d3a9614
----------------- Done invoking toplevel() on ptolemy.moml.MoMLSimpleApplication@5d3a9614
reloadAllAccessors: .arrayType12

===========================================================================================
----------------- testing Thu Jul 23 15:15:56 UTC 2020 /home/travis/build/icyphy/ptII/ptolemy/actor/lib/test/auto/arrayType13.xml
----------------- Instantiating /home/travis/build/icyphy/ptII/ptolemy/actor/lib/test/auto/arrayType13.xml
2 ms. Memory: 571392K Free: 374938K (66%)
----------------- Invoking toplevel() on ptolemy.moml.MoMLSimpleApplication@52b74ef4
----------------- Done invoking toplevel() on ptolemy.moml.MoMLSimpleApplication@52b74ef4
reloadAllAccessors: .arrayType13

===========================================================================================
----------------- testing Thu Jul 23 15:15:56 UTC 2020 /home/travis/build/icyphy/ptII/ptolemy/actor/lib/test/auto/arrayType14.xml
----------------- Instantiating /home/travis/build/icyphy/ptII/ptolemy/actor/lib/test/auto/arrayType14.xml
2 ms. Memory: 571392K Free: 369818K (65%)
----------------- Invoking toplevel() on ptolemy.moml.MoMLSimpleApplication@4f27eb99
----------------- Done invoking toplevel() on ptolemy.moml.MoMLSimpleApplication@4f27eb99
reloadAllAccessors: .arrayType14

===========================================================================================
----------------- testing Thu Jul 23 15:15:56 UTC 2020 /home/travis/build/icyphy/ptII/ptolemy/actor/lib/test/auto/arrayType15.xml
----------------- Instantiating /home/travis/build/icyphy/ptII/ptolemy/actor/lib/test/auto/arrayType15.xml
3 ms. Memory: 571392K Free: 364698K (64%)
----------------- Invoking toplevel() on ptolemy.moml.MoMLSimpleApplication@39d931f3
----------------- Done invoking toplevel() on ptolemy.moml.MoMLSimpleApplication@39d931f3
reloadAllAccessors: .arrayType15

===========================================================================================
----------------- testing Thu Jul 23 15:15:56 UTC 2020 /home/travis/build/icyphy/ptII/ptolemy/actor/lib/test/auto/arrayType16.xml
----------------- Instantiating /home/travis/build/icyphy/ptII/ptolemy/actor/lib/test/auto/arrayType16.xml
2 ms. Memory: 571392K Free: 359068K (63%)
----------------- Invoking toplevel() on ptolemy.moml.MoMLSimpleApplication@3d0531c6
----------------- Done invoking toplevel() on ptolemy.moml.MoMLSimpleApplication@3d0531c6
reloadAllAccessors: .arrayType16

===========================================================================================
----------------- testing Thu Jul 23 15:15:56 UTC 2020 /home/travis/build/icyphy/ptII/ptolemy/actor/lib/test/auto/arrayType17.xml
----------------- Instantiating /home/travis/build/icyphy/ptII/ptolemy/actor/lib/test/auto/arrayType17.xml
2 ms. Memory: 571392K Free: 353948K (62%)
----------------- Invoking toplevel() on ptolemy.moml.MoMLSimpleApplication@65837826
----------------- Done invoking toplevel() on ptolemy.moml.MoMLSimpleApplication@65837826
reloadAllAccessors: .arrayType17

===========================================================================================
----------------- testing Thu Jul 23 15:15:56 UTC 2020 /home/travis/build/icyphy/ptII/ptolemy/actor/lib/test/auto/arrayType18.xml
----------------- Instantiating /home/travis/build/icyphy/ptII/ptolemy/actor/lib/test/auto/arrayType18.xml
2 ms. Memory: 571392K Free: 349338K (61%)
----------------- Invoking toplevel() on ptolemy.moml.MoMLSimpleApplication@23f64f79
----------------- Done invoking toplevel() on ptolemy.moml.MoMLSimpleApplication@23f64f79
reloadAllAccessors: .arrayType18

===========================================================================================
----------------- testing Thu Jul 23 15:15:56 UTC 2020 /home/travis/build/icyphy/ptII/ptolemy/actor/lib/test/auto/arrayType19.xml
----------------- Instantiating /home/travis/build/icyphy/ptII/ptolemy/actor/lib/test/auto/arrayType19.xml
1 ms. Memory: 571392K Free: 344218K (60%)
----------------- Invoking toplevel() on ptolemy.moml.MoMLSimpleApplication@34b73a3b
----------------- Done invoking toplevel() on ptolemy.moml.MoMLSimpleApplication@34b73a3b
reloadAllAccessors: .arrayType19

===========================================================================================
----------------- testing Thu Jul 23 15:15:56 UTC 2020 /home/travis/build/icyphy/ptII/ptolemy/actor/lib/test/auto/arrayType2.xml
----------------- Instantiating /home/travis/build/icyphy/ptII/ptolemy/actor/lib/test/auto/arrayType2.xml
1 ms. Memory: 571392K Free: 339083K (59%)
----------------- Invoking toplevel() on ptolemy.moml.MoMLSimpleApplication@4a713a5a
----------------- Done invoking toplevel() on ptolemy.moml.MoMLSimpleApplication@4a713a5a
reloadAllAccessors: .arrayType2

===========================================================================================
----------------- testing Thu Jul 23 15:15:56 UTC 2020 /home/travis/build/icyphy/ptII/ptolemy/actor/lib/test/auto/arrayType20.xml
----------------- Instantiating /home/travis/build/icyphy/ptII/ptolemy/actor/lib/test/auto/arrayType20.xml
2 ms. Memory: 571392K Free: 333978K (58%)
----------------- Invoking toplevel() on ptolemy.moml.MoMLSimpleApplication@5ad137b4
----------------- Done invoking toplevel() on ptolemy.moml.MoMLSimpleApplication@5ad137b4
reloadAllAccessors: .arrayType20

===========================================================================================
----------------- testing Thu Jul 23 15:15:56 UTC 2020 /home/travis/build/icyphy/ptII/ptolemy/actor/lib/test/auto/arrayType21.xml
----------------- Instantiating /home/travis/build/icyphy/ptII/ptolemy/actor/lib/test/auto/arrayType21.xml
1 ms. Memory: 571392K Free: 329372K (58%)
----------------- Invoking toplevel() on ptolemy.moml.MoMLSimpleApplication@5416910a
----------------- Done invoking toplevel() on ptolemy.moml.MoMLSimpleApplication@5416910a
reloadAllAccessors: .arrayType21

===========================================================================================
----------------- testing Thu Jul 23 15:15:56 UTC 2020 /home/travis/build/icyphy/ptII/ptolemy/actor/lib/test/auto/arrayType22.xml
----------------- Instantiating /home/travis/build/icyphy/ptII/ptolemy/actor/lib/test/auto/arrayType22.xml
2 ms. Memory: 571392K Free: 324762K (57%)
----------------- Invoking toplevel() on ptolemy.moml.MoMLSimpleApplication@69a3cb77
----------------- Done invoking toplevel() on ptolemy.moml.MoMLSimpleApplication@69a3cb77
reloadAllAccessors: .arrayType22

===========================================================================================
----------------- testing Thu Jul 23 15:15:56 UTC 2020 /home/travis/build/icyphy/ptII/ptolemy/actor/lib/test/auto/arrayType23.xml
----------------- Instantiating /home/travis/build/icyphy/ptII/ptolemy/actor/lib/test/auto/arrayType23.xml
2 ms. Memory: 571392K Free: 319642K (56%)
----------------- Invoking toplevel() on ptolemy.moml.MoMLSimpleApplication@2c488fd7
----------------- Done invoking toplevel() on ptolemy.moml.MoMLSimpleApplication@2c488fd7
reloadAllAccessors: .arrayType23

===========================================================================================
----------------- testing Thu Jul 23 15:15:56 UTC 2020 /home/travis/build/icyphy/ptII/ptolemy/actor/lib/test/auto/arrayType24.xml
----------------- Instantiating /home/travis/build/icyphy/ptII/ptolemy/actor/lib/test/auto/arrayType24.xml
3 ms. Memory: 571392K Free: 315036K (55%)
----------------- Invoking toplevel() on ptolemy.moml.MoMLSimpleApplication@5937877d
----------------- Done invoking toplevel() on ptolemy.moml.MoMLSimpleApplication@5937877d
reloadAllAccessors: .arrayType24

===========================================================================================
----------------- testing Thu Jul 23 15:15:56 UTC 2020 /home/travis/build/icyphy/ptII/ptolemy/actor/lib/test/auto/arrayType25.xml
----------------- Instantiating /home/travis/build/icyphy/ptII/ptolemy/actor/lib/test/auto/arrayType25.xml
2 ms. Memory: 571392K Free: 309916K (54%)
----------------- Invoking toplevel() on ptolemy.moml.MoMLSimpleApplication@43c1bec6
----------------- Done invoking toplevel() on ptolemy.moml.MoMLSimpleApplication@43c1bec6
reloadAllAccessors: .arrayType25

===========================================================================================
----------------- testing Thu Jul 23 15:15:56 UTC 2020 /home/travis/build/icyphy/ptII/ptolemy/actor/lib/test/auto/arrayType26.xml
----------------- Instantiating /home/travis/build/icyphy/ptII/ptolemy/actor/lib/test/auto/arrayType26.xml
2 ms. Memory: 571392K Free: 304282K (53%)
----------------- Invoking toplevel() on ptolemy.moml.MoMLSimpleApplication@9eb655a
----------------- Done invoking toplevel() on ptolemy.moml.MoMLSimpleApplication@9eb655a
reloadAllAccessors: .arrayType26

===========================================================================================
----------------- testing Thu Jul 23 15:15:56 UTC 2020 /home/travis/build/icyphy/ptII/ptolemy/actor/lib/test/auto/arrayType27.xml
----------------- Instantiating /home/travis/build/icyphy/ptII/ptolemy/actor/lib/test/auto/arrayType27.xml
2 ms. Memory: 571392K Free: 299162K (52%)
----------------- Invoking toplevel() on ptolemy.moml.MoMLSimpleApplication@5b0c0b8f
----------------- Done invoking toplevel() on ptolemy.moml.MoMLSimpleApplication@5b0c0b8f
reloadAllAccessors: .arrayType27

===========================================================================================
----------------- testing Thu Jul 23 15:15:56 UTC 2020 /home/travis/build/icyphy/ptII/ptolemy/actor/lib/test/auto/arrayType28.xml
----------------- Instantiating /home/travis/build/icyphy/ptII/ptolemy/actor/lib/test/auto/arrayType28.xml
2 ms. Memory: 571392K Free: 293532K (51%)
----------------- Invoking toplevel() on ptolemy.moml.MoMLSimpleApplication@1aa6a61b
----------------- Done invoking toplevel() on ptolemy.moml.MoMLSimpleApplication@1aa6a61b
reloadAllAccessors: .arrayType28

===========================================================================================
----------------- testing Thu Jul 23 15:15:56 UTC 2020 /home/travis/build/icyphy/ptII/ptolemy/actor/lib/test/auto/arrayType3.xml
----------------- Instantiating /home/travis/build/icyphy/ptII/ptolemy/actor/lib/test/auto/arrayType3.xml
1 ms. Memory: 571392K Free: 288412K (50%)
----------------- Invoking toplevel() on ptolemy.moml.MoMLSimpleApplication@20dbd132
----------------- Done invoking toplevel() on ptolemy.moml.MoMLSimpleApplication@20dbd132
reloadAllAccessors: .arrayType3

===========================================================================================
----------------- testing Thu Jul 23 15:15:56 UTC 2020 /home/travis/build/icyphy/ptII/ptolemy/actor/lib/test/auto/arrayType4.xml
----------------- Instantiating /home/travis/build/icyphy/ptII/ptolemy/actor/lib/test/auto/arrayType4.xml
2 ms. Memory: 571392K Free: 283292K (50%)
----------------- Invoking toplevel() on ptolemy.moml.MoMLSimpleApplication@44fa2f2c
----------------- Done invoking toplevel() on ptolemy.moml.MoMLSimpleApplication@44fa2f2c
reloadAllAccessors: .arrayType4

===========================================================================================
----------------- testing Thu Jul 23 15:15:56 UTC 2020 /home/travis/build/icyphy/ptII/ptolemy/actor/lib/test/auto/arrayType5.xml
----------------- Instantiating /home/travis/build/icyphy/ptII/ptolemy/actor/lib/test/auto/arrayType5.xml
1 ms. Memory: 571392K Free: 277643K (49%)
----------------- Invoking toplevel() on ptolemy.moml.MoMLSimpleApplication@1f0eeb8f
----------------- Done invoking toplevel() on ptolemy.moml.MoMLSimpleApplication@1f0eeb8f
reloadAllAccessors: .arrayType5

===========================================================================================
----------------- testing Thu Jul 23 15:15:56 UTC 2020 /home/travis/build/icyphy/ptII/ptolemy/actor/lib/test/auto/arrayType6.xml
----------------- Instantiating /home/travis/build/icyphy/ptII/ptolemy/actor/lib/test/auto/arrayType6.xml
1 ms. Memory: 571392K Free: 273052K (48%)
----------------- Invoking toplevel() on ptolemy.moml.MoMLSimpleApplication@688319c4
----------------- Done invoking toplevel() on ptolemy.moml.MoMLSimpleApplication@688319c4
reloadAllAccessors: .arrayType6

===========================================================================================
----------------- testing Thu Jul 23 15:15:56 UTC 2020 /home/travis/build/icyphy/ptII/ptolemy/actor/lib/test/auto/arrayType7.xml
----------------- Instantiating /home/travis/build/icyphy/ptII/ptolemy/actor/lib/test/auto/arrayType7.xml
6 ms. Memory: 571392K Free: 267932K (47%)
----------------- Invoking toplevel() on ptolemy.moml.MoMLSimpleApplication@b97e76f
----------------- Done invoking toplevel() on ptolemy.moml.MoMLSimpleApplication@b97e76f
reloadAllAccessors: .arrayType7

===========================================================================================
----------------- testing Thu Jul 23 15:15:56 UTC 2020 /home/travis/build/icyphy/ptII/ptolemy/actor/lib/test/auto/arrayType8.xml
----------------- Instantiating /home/travis/build/icyphy/ptII/ptolemy/actor/lib/test/auto/arrayType8.xml
1 ms. Memory: 571392K Free: 263322K (46%)
----------------- Invoking toplevel() on ptolemy.moml.MoMLSimpleApplication@6c1bb622
----------------- Done invoking toplevel() on ptolemy.moml.MoMLSimpleApplication@6c1bb622
reloadAllAccessors: .arrayType8

===========================================================================================
----------------- testing Thu Jul 23 15:15:56 UTC 2020 /home/travis/build/icyphy/ptII/ptolemy/actor/lib/test/auto/arrayType9.xml
----------------- Instantiating /home/travis/build/icyphy/ptII/ptolemy/actor/lib/test/auto/arrayType9.xml
1 ms. Memory: 571392K Free: 258716K (45%)
----------------- Invoking toplevel() on ptolemy.moml.MoMLSimpleApplication@290c5b9
----------------- Done invoking toplevel() on ptolemy.moml.MoMLSimpleApplication@290c5b9
reloadAllAccessors: .arrayType9

===========================================================================================
----------------- testing Thu Jul 23 15:15:56 UTC 2020 /home/travis/build/icyphy/ptII/ptolemy/actor/lib/test/auto/cast.xml
----------------- Instantiating /home/travis/build/icyphy/ptII/ptolemy/actor/lib/test/auto/cast.xml
2 ms. Memory: 571392K Free: 253596K (44%)
----------------- Invoking toplevel() on ptolemy.moml.MoMLSimpleApplication@2c4ea070
----------------- Done invoking toplevel() on ptolemy.moml.MoMLSimpleApplication@2c4ea070
reloadAllAccessors: .cast

===========================================================================================
----------------- testing Thu Jul 23 15:15:56 UTC 2020 /home/travis/build/icyphy/ptII/ptolemy/actor/lib/test/auto/compositeMultiPort.xml
----------------- Instantiating /home/travis/build/icyphy/ptII/ptolemy/actor/lib/test/auto/compositeMultiPort.xml
3 ms. Memory: 571392K Free: 244875K (43%)
----------------- Invoking toplevel() on ptolemy.moml.MoMLSimpleApplication@6b87e3d
----------------- Done invoking toplevel() on ptolemy.moml.MoMLSimpleApplication@6b87e3d
reloadAllAccessors: .compositeMultiPort

===========================================================================================
----------------- testing Thu Jul 23 15:15:56 UTC 2020 /home/travis/build/icyphy/ptII/ptolemy/actor/lib/test/auto/expressionCastInference.xml
----------------- Instantiating /home/travis/build/icyphy/ptII/ptolemy/actor/lib/test/auto/expressionCastInference.xml
2 ms. Memory: 571392K Free: 239770K (42%)
----------------- Invoking toplevel() on ptolemy.moml.MoMLSimpleApplication@35c80d0c
----------------- Done invoking toplevel() on ptolemy.moml.MoMLSimpleApplication@35c80d0c
reloadAllAccessors: .expressionCastInference

===========================================================================================
----------------- testing Thu Jul 23 15:15:56 UTC 2020 /home/travis/build/icyphy/ptII/ptolemy/actor/lib/test/auto/expressionCastInference2.xml
----------------- Instantiating /home/travis/build/icyphy/ptII/ptolemy/actor/lib/test/auto/expressionCastInference2.xml
2 ms. Memory: 571392K Free: 235164K (41%)
----------------- Invoking toplevel() on ptolemy.moml.MoMLSimpleApplication@515ee205
----------------- Done invoking toplevel() on ptolemy.moml.MoMLSimpleApplication@515ee205
reloadAllAccessors: .expressionCastInference2

===========================================================================================
----------------- testing Thu Jul 23 15:15:56 UTC 2020 /home/travis/build/icyphy/ptII/ptolemy/actor/lib/test/auto/expressionInference.xml
----------------- Instantiating /home/travis/build/icyphy/ptII/ptolemy/actor/lib/test/auto/expressionInference.xml
1 ms. Memory: 571392K Free: 231068K (40%)
----------------- Invoking toplevel() on ptolemy.moml.MoMLSimpleApplication@20ece5e8
----------------- Done invoking toplevel() on ptolemy.moml.MoMLSimpleApplication@20ece5e8
reloadAllAccessors: .expressionInference

===========================================================================================
----------------- testing Thu Jul 23 15:15:56 UTC 2020 /home/travis/build/icyphy/ptII/ptolemy/actor/lib/test/auto/expression_bug.xml
----------------- Instantiating /home/travis/build/icyphy/ptII/ptolemy/actor/lib/test/auto/expression_bug.xml
1 ms. Memory: 571392K Free: 226458K (40%)
----------------- Invoking toplevel() on ptolemy.moml.MoMLSimpleApplication@4316ae1d
----------------- Done invoking toplevel() on ptolemy.moml.MoMLSimpleApplication@4316ae1d
reloadAllAccessors: .expression_bug

===========================================================================================
----------------- testing Thu Jul 23 15:15:56 UTC 2020 /home/travis/build/icyphy/ptII/ptolemy/actor/lib/test/auto/factorial.xml
----------------- Instantiating /home/travis/build/icyphy/ptII/ptolemy/actor/lib/test/auto/factorial.xml
36 ms. Memory: 571392K Free: 218266K (38%)
----------------- Invoking toplevel() on ptolemy.moml.MoMLSimpleApplication@299ed8a4
----------------- Done invoking toplevel() on ptolemy.moml.MoMLSimpleApplication@299ed8a4
reloadAllAccessors: .factorial

===========================================================================================
----------------- testing Thu Jul 23 15:15:56 UTC 2020 /home/travis/build/icyphy/ptII/ptolemy/actor/lib/test/auto/filterTest1.xml
----------------- Instantiating /home/travis/build/icyphy/ptII/ptolemy/actor/lib/test/auto/filterTest1.xml
3 ms. Memory: 571392K Free: 212122K (37%)
----------------- Invoking toplevel() on ptolemy.moml.MoMLSimpleApplication@16aa597e
----------------- Done invoking toplevel() on ptolemy.moml.MoMLSimpleApplication@16aa597e
reloadAllAccessors: .filterTest1

===========================================================================================
----------------- testing Thu Jul 23 15:15:56 UTC 2020 /home/travis/build/icyphy/ptII/ptolemy/actor/lib/test/auto/funcApplyInConst.xml
----------------- Instantiating /home/travis/build/icyphy/ptII/ptolemy/actor/lib/test/auto/funcApplyInConst.xml
1 ms. Memory: 571392K Free: 513721K (90%)
----------------- Invoking toplevel() on ptolemy.moml.MoMLSimpleApplication@72b0de2d
----------------- Done invoking toplevel() on ptolemy.moml.MoMLSimpleApplication@72b0de2d
reloadAllAccessors: .funcApplyInConst

===========================================================================================
----------------- testing Thu Jul 23 15:15:57 UTC 2020 /home/travis/build/icyphy/ptII/ptolemy/actor/lib/test/auto/funcApplyInExpr.xml
----------------- Instantiating /home/travis/build/icyphy/ptII/ptolemy/actor/lib/test/auto/funcApplyInExpr.xml
5 ms. Memory: 571392K Free: 509625K (89%)
----------------- Invoking toplevel() on ptolemy.moml.MoMLSimpleApplication@50d80bb7
----------------- Done invoking toplevel() on ptolemy.moml.MoMLSimpleApplication@50d80bb7
reloadAllAccessors: .funcApplyInExpr

===========================================================================================
----------------- testing Thu Jul 23 15:15:57 UTC 2020 /home/travis/build/icyphy/ptII/ptolemy/actor/lib/test/auto/function.xml
----------------- Instantiating /home/travis/build/icyphy/ptII/ptolemy/actor/lib/test/auto/function.xml
2 ms. Memory: 571392K Free: 505019K (88%)
----------------- Invoking toplevel() on ptolemy.moml.MoMLSimpleApplication@5a5d1c05
----------------- Done invoking toplevel() on ptolemy.moml.MoMLSimpleApplication@5a5d1c05
reloadAllAccessors: .function

===========================================================================================
----------------- testing Thu Jul 23 15:15:57 UTC 2020 /home/travis/build/icyphy/ptII/ptolemy/actor/lib/test/auto/function2.xml
----------------- Instantiating /home/travis/build/icyphy/ptII/ptolemy/actor/lib/test/auto/function2.xml
2 ms. Memory: 571392K Free: 499899K (87%)
----------------- Invoking toplevel() on ptolemy.moml.MoMLSimpleApplication@1daf3ae6
----------------- Done invoking toplevel() on ptolemy.moml.MoMLSimpleApplication@1daf3ae6
reloadAllAccessors: .function2

===========================================================================================
----------------- testing Thu Jul 23 15:15:57 UTC 2020 /home/travis/build/icyphy/ptII/ptolemy/actor/lib/test/auto/function3.xml
----------------- Instantiating /home/travis/build/icyphy/ptII/ptolemy/actor/lib/test/auto/function3.xml
1 ms. Memory: 571392K Free: 496313K (87%)
----------------- Invoking toplevel() on ptolemy.moml.MoMLSimpleApplication@4253854
----------------- Done invoking toplevel() on ptolemy.moml.MoMLSimpleApplication@4253854
reloadAllAccessors: .function3

===========================================================================================
----------------- testing Thu Jul 23 15:15:57 UTC 2020 /home/travis/build/icyphy/ptII/ptolemy/actor/lib/test/auto/functionClosureTest1.xml
----------------- Instantiating /home/travis/build/icyphy/ptII/ptolemy/actor/lib/test/auto/functionClosureTest1.xml
1 ms. Memory: 571392K Free: 490162K (86%)
----------------- Invoking toplevel() on ptolemy.moml.MoMLSimpleApplication@31d43932
----------------- Done invoking toplevel() on ptolemy.moml.MoMLSimpleApplication@31d43932
reloadAllAccessors: .functionClosureTest1

===========================================================================================
----------------- testing Thu Jul 23 15:15:57 UTC 2020 /home/travis/build/icyphy/ptII/ptolemy/actor/lib/test/auto/functionClosureTest2.xml
----------------- Instantiating /home/travis/build/icyphy/ptII/ptolemy/actor/lib/test/auto/functionClosureTest2.xml
1 ms. Memory: 571392K Free: 486587K (85%)
----------------- Invoking toplevel() on ptolemy.moml.MoMLSimpleApplication@35aeb7d1
----------------- Done invoking toplevel() on ptolemy.moml.MoMLSimpleApplication@35aeb7d1
reloadAllAccessors: .functionClosureTest2

===========================================================================================
----------------- testing Thu Jul 23 15:15:57 UTC 2020 /home/travis/build/icyphy/ptII/ptolemy/actor/lib/test/auto/functionClosureTest3.xml
----------------- Instantiating /home/travis/build/icyphy/ptII/ptolemy/actor/lib/test/auto/functionClosureTest3.xml
2 ms. Memory: 571392K Free: 480938K (84%)
----------------- Invoking toplevel() on ptolemy.moml.MoMLSimpleApplication@27c15413
----------------- Done invoking toplevel() on ptolemy.moml.MoMLSimpleApplication@27c15413
reloadAllAccessors: .functionClosureTest3

===========================================================================================
----------------- testing Thu Jul 23 15:15:57 UTC 2020 /home/travis/build/icyphy/ptII/ptolemy/actor/lib/test/auto/functionClosureTest4.xml
----------------- Instantiating /home/travis/build/icyphy/ptII/ptolemy/actor/lib/test/auto/functionClosureTest4.xml
4 ms. Memory: 571392K Free: 474809K (83%)
----------------- Invoking toplevel() on ptolemy.moml.MoMLSimpleApplication@4c19a21b
----------------- Done invoking toplevel() on ptolemy.moml.MoMLSimpleApplication@4c19a21b
reloadAllAccessors: .functionClosureTest4

===========================================================================================
----------------- testing Thu Jul 23 15:15:57 UTC 2020 /home/travis/build/icyphy/ptII/ptolemy/actor/lib/test/auto/functionClosureTest5.xml
----------------- Instantiating /home/travis/build/icyphy/ptII/ptolemy/actor/lib/test/auto/functionClosureTest5.xml
4 ms. Memory: 571392K Free: 469179K (82%)
----------------- Invoking toplevel() on ptolemy.moml.MoMLSimpleApplication@3b37c68c
----------------- Done invoking toplevel() on ptolemy.moml.MoMLSimpleApplication@3b37c68c
reloadAllAccessors: .functionClosureTest5

===========================================================================================
----------------- testing Thu Jul 23 15:15:57 UTC 2020 /home/travis/build/icyphy/ptII/ptolemy/actor/lib/test/auto/functionClosureTest6.xml
----------------- Instantiating /home/travis/build/icyphy/ptII/ptolemy/actor/lib/test/auto/functionClosureTest6.xml
1 ms. Memory: 571392K Free: 464562K (81%)
----------------- Invoking toplevel() on ptolemy.moml.MoMLSimpleApplication@5059278e
----------------- Done invoking toplevel() on ptolemy.moml.MoMLSimpleApplication@5059278e
reloadAllAccessors: .functionClosureTest6

===========================================================================================
----------------- testing Thu Jul 23 15:15:57 UTC 2020 /home/travis/build/icyphy/ptII/ptolemy/actor/lib/test/auto/functionsOnArcs.xml
----------------- Instantiating /home/travis/build/icyphy/ptII/ptolemy/actor/lib/test/auto/functionsOnArcs.xml
1 ms. Memory: 571392K Free: 459449K (80%)
----------------- Invoking toplevel() on ptolemy.moml.MoMLSimpleApplication@14d1103b
----------------- Done invoking toplevel() on ptolemy.moml.MoMLSimpleApplication@14d1103b
reloadAllAccessors: .functionsOnArcs

===========================================================================================
----------------- testing Thu Jul 23 15:15:57 UTC 2020 /home/travis/build/icyphy/ptII/ptolemy/actor/lib/test/auto/functionsOnArcsHOF.xml
----------------- Instantiating /home/travis/build/icyphy/ptII/ptolemy/actor/lib/test/auto/functionsOnArcsHOF.xml
3 ms. Memory: 571392K Free: 453305K (79%)
----------------- Invoking toplevel() on ptolemy.moml.MoMLSimpleApplication@360c4420
----------------- Done invoking toplevel() on ptolemy.moml.MoMLSimpleApplication@360c4420
reloadAllAccessors: .functionsOnArcsHOF

===========================================================================================
----------------- testing Thu Jul 23 15:15:57 UTC 2020 /home/travis/build/icyphy/ptII/ptolemy/actor/lib/test/auto/logic.xml
----------------- Instantiating /home/travis/build/icyphy/ptII/ptolemy/actor/lib/test/auto/logic.xml
2 ms. Memory: 571392K Free: 446137K (78%)
----------------- Invoking toplevel() on ptolemy.moml.MoMLSimpleApplication@1b053b5a
----------------- Done invoking toplevel() on ptolemy.moml.MoMLSimpleApplication@1b053b5a
reloadAllAccessors: .logic

===========================================================================================
----------------- testing Thu Jul 23 15:15:57 UTC 2020 /home/travis/build/icyphy/ptII/ptolemy/actor/lib/test/auto/matrixType.xml
----------------- Instantiating /home/travis/build/icyphy/ptII/ptolemy/actor/lib/test/auto/matrixType.xml
1 ms. Memory: 571392K Free: 441017K (77%)
----------------- Invoking toplevel() on ptolemy.moml.MoMLSimpleApplication@72376bb9
----------------- Done invoking toplevel() on ptolemy.moml.MoMLSimpleApplication@72376bb9
reloadAllAccessors: .matrixType

===========================================================================================
----------------- testing Thu Jul 23 15:15:57 UTC 2020 /home/travis/build/icyphy/ptII/ptolemy/actor/lib/test/auto/matrixType10.xml
----------------- Instantiating /home/travis/build/icyphy/ptII/ptolemy/actor/lib/test/auto/matrixType10.xml
2 ms. Memory: 571392K Free: 436411K (76%)
----------------- Invoking toplevel() on ptolemy.moml.MoMLSimpleApplication@1869f901
----------------- Done invoking toplevel() on ptolemy.moml.MoMLSimpleApplication@1869f901
reloadAllAccessors: .matrixType10

===========================================================================================
----------------- testing Thu Jul 23 15:15:57 UTC 2020 /home/travis/build/icyphy/ptII/ptolemy/actor/lib/test/auto/matrixType11.xml
----------------- Instantiating /home/travis/build/icyphy/ptII/ptolemy/actor/lib/test/auto/matrixType11.xml
1 ms. Memory: 571392K Free: 431291K (75%)
----------------- Invoking toplevel() on ptolemy.moml.MoMLSimpleApplication@13a83af6
----------------- Done invoking toplevel() on ptolemy.moml.MoMLSimpleApplication@13a83af6
reloadAllAccessors: .matrixType11

===========================================================================================
----------------- testing Thu Jul 23 15:15:57 UTC 2020 /home/travis/build/icyphy/ptII/ptolemy/actor/lib/test/auto/matrixType12.xml
----------------- Instantiating /home/travis/build/icyphy/ptII/ptolemy/actor/lib/test/auto/matrixType12.xml
1 ms. Memory: 571392K Free: 426681K (75%)
----------------- Invoking toplevel() on ptolemy.moml.MoMLSimpleApplication@65cb6b47
----------------- Done invoking toplevel() on ptolemy.moml.MoMLSimpleApplication@65cb6b47
reloadAllAccessors: .matrixType12

===========================================================================================
----------------- testing Thu Jul 23 15:15:57 UTC 2020 /home/travis/build/icyphy/ptII/ptolemy/actor/lib/test/auto/matrixType13.xml
----------------- Instantiating /home/travis/build/icyphy/ptII/ptolemy/actor/lib/test/auto/matrixType13.xml
1 ms. Memory: 571392K Free: 421561K (74%)
----------------- Invoking toplevel() on ptolemy.moml.MoMLSimpleApplication@18d739ae
----------------- Done invoking toplevel() on ptolemy.moml.MoMLSimpleApplication@18d739ae
reloadAllAccessors: .matrixType13

===========================================================================================
----------------- testing Thu Jul 23 15:15:57 UTC 2020 /home/travis/build/icyphy/ptII/ptolemy/actor/lib/test/auto/matrixType14.xml
----------------- Instantiating /home/travis/build/icyphy/ptII/ptolemy/actor/lib/test/auto/matrixType14.xml
2 ms. Memory: 571392K Free: 416441K (73%)
----------------- Invoking toplevel() on ptolemy.moml.MoMLSimpleApplication@3cd79c2
----------------- Done invoking toplevel() on ptolemy.moml.MoMLSimpleApplication@3cd79c2
reloadAllAccessors: .matrixType14

===========================================================================================
----------------- testing Thu Jul 23 15:15:57 UTC 2020 /home/travis/build/icyphy/ptII/ptolemy/actor/lib/test/auto/matrixType2.xml
----------------- Instantiating /home/travis/build/icyphy/ptII/ptolemy/actor/lib/test/auto/matrixType2.xml
2 ms. Memory: 571392K Free: 411321K (72%)
----------------- Invoking toplevel() on ptolemy.moml.MoMLSimpleApplication@6a81fd09
----------------- Done invoking toplevel() on ptolemy.moml.MoMLSimpleApplication@6a81fd09
reloadAllAccessors: .matrixType2

===========================================================================================
----------------- testing Thu Jul 23 15:15:57 UTC 2020 /home/travis/build/icyphy/ptII/ptolemy/actor/lib/test/auto/matrixType3.xml
----------------- Instantiating /home/travis/build/icyphy/ptII/ptolemy/actor/lib/test/auto/matrixType3.xml
3 ms. Memory: 571392K Free: 406715K (71%)
----------------- Invoking toplevel() on ptolemy.moml.MoMLSimpleApplication@9dfd45a
----------------- Done invoking toplevel() on ptolemy.moml.MoMLSimpleApplication@9dfd45a
reloadAllAccessors: .matrixType3

===========================================================================================
----------------- testing Thu Jul 23 15:15:57 UTC 2020 /home/travis/build/icyphy/ptII/ptolemy/actor/lib/test/auto/matrixType4.xml
----------------- Instantiating /home/travis/build/icyphy/ptII/ptolemy/actor/lib/test/auto/matrixType4.xml
2 ms. Memory: 571392K Free: 401595K (70%)
----------------- Invoking toplevel() on ptolemy.moml.MoMLSimpleApplication@2ad053c4
----------------- Done invoking toplevel() on ptolemy.moml.MoMLSimpleApplication@2ad053c4
reloadAllAccessors: .matrixType4

===========================================================================================
----------------- testing Thu Jul 23 15:15:57 UTC 2020 /home/travis/build/icyphy/ptII/ptolemy/actor/lib/test/auto/matrixType5.xml
----------------- Instantiating /home/travis/build/icyphy/ptII/ptolemy/actor/lib/test/auto/matrixType5.xml
1 ms. Memory: 571392K Free: 396985K (69%)
----------------- Invoking toplevel() on ptolemy.moml.MoMLSimpleApplication@8393d69
----------------- Done invoking toplevel() on ptolemy.moml.MoMLSimpleApplication@8393d69
reloadAllAccessors: .matrixType5

===========================================================================================
----------------- testing Thu Jul 23 15:15:57 UTC 2020 /home/travis/build/icyphy/ptII/ptolemy/actor/lib/test/auto/matrixType6.xml
----------------- Instantiating /home/travis/build/icyphy/ptII/ptolemy/actor/lib/test/auto/matrixType6.xml
1 ms. Memory: 571392K Free: 391865K (69%)
----------------- Invoking toplevel() on ptolemy.moml.MoMLSimpleApplication@899583a
----------------- Done invoking toplevel() on ptolemy.moml.MoMLSimpleApplication@899583a
reloadAllAccessors: .matrixType6

===========================================================================================
----------------- testing Thu Jul 23 15:15:57 UTC 2020 /home/travis/build/icyphy/ptII/ptolemy/actor/lib/test/auto/matrixType7.xml
----------------- Instantiating /home/travis/build/icyphy/ptII/ptolemy/actor/lib/test/auto/matrixType7.xml
2 ms. Memory: 571392K Free: 387259K (68%)
----------------- Invoking toplevel() on ptolemy.moml.MoMLSimpleApplication@458d9aee
----------------- Done invoking toplevel() on ptolemy.moml.MoMLSimpleApplication@458d9aee
reloadAllAccessors: .matrixType7

===========================================================================================
----------------- testing Thu Jul 23 15:15:57 UTC 2020 /home/travis/build/icyphy/ptII/ptolemy/actor/lib/test/auto/matrixType8.xml
----------------- Instantiating /home/travis/build/icyphy/ptII/ptolemy/actor/lib/test/auto/matrixType8.xml
1 ms. Memory: 571392K Free: 382139K (67%)
----------------- Invoking toplevel() on ptolemy.moml.MoMLSimpleApplication@3135e285
----------------- Done invoking toplevel() on ptolemy.moml.MoMLSimpleApplication@3135e285
reloadAllAccessors: .matrixType8

===========================================================================================
----------------- testing Thu Jul 23 15:15:57 UTC 2020 /home/travis/build/icyphy/ptII/ptolemy/actor/lib/test/auto/matrixType9.xml
----------------- Instantiating /home/travis/build/icyphy/ptII/ptolemy/actor/lib/test/auto/matrixType9.xml
1 ms. Memory: 571392K Free: 377529K (66%)
----------------- Invoking toplevel() on ptolemy.moml.MoMLSimpleApplication@19fc903e
----------------- Done invoking toplevel() on ptolemy.moml.MoMLSimpleApplication@19fc903e
reloadAllAccessors: .matrixType9

===========================================================================================
----------------- testing Thu Jul 23 15:15:57 UTC 2020 /home/travis/build/icyphy/ptII/ptolemy/actor/lib/test/auto/paraFunctest.xml
----------------- Instantiating /home/travis/build/icyphy/ptII/ptolemy/actor/lib/test/auto/paraFunctest.xml
2 ms. Memory: 571392K Free: 372923K (65%)
----------------- Invoking toplevel() on ptolemy.moml.MoMLSimpleApplication@d9996ba
----------------- Done invoking toplevel() on ptolemy.moml.MoMLSimpleApplication@d9996ba
reloadAllAccessors: .paraFunctest

===========================================================================================
----------------- testing Thu Jul 23 15:15:57 UTC 2020 /home/travis/build/icyphy/ptII/ptolemy/actor/lib/test/auto/paraFunctest2.xml
----------------- Instantiating /home/travis/build/icyphy/ptII/ptolemy/actor/lib/test/auto/paraFunctest2.xml
2 ms. Memory: 571392K Free: 368313K (64%)
----------------- Invoking toplevel() on ptolemy.moml.MoMLSimpleApplication@dfeb901
----------------- Done invoking toplevel() on ptolemy.moml.MoMLSimpleApplication@dfeb901
reloadAllAccessors: .paraFunctest2

===========================================================================================
----------------- testing Thu Jul 23 15:15:57 UTC 2020 /home/travis/build/icyphy/ptII/ptolemy/actor/lib/test/auto/parameterPassing.xml
----------------- Instantiating /home/travis/build/icyphy/ptII/ptolemy/actor/lib/test/auto/parameterPassing.xml
1 ms. Memory: 571392K Free: 363707K (64%)
----------------- Invoking toplevel() on ptolemy.moml.MoMLSimpleApplication@59c7827e
----------------- Done invoking toplevel() on ptolemy.moml.MoMLSimpleApplication@59c7827e
reloadAllAccessors: .parameterPassing

===========================================================================================
----------------- testing Thu Jul 23 15:15:57 UTC 2020 /home/travis/build/icyphy/ptII/ptolemy/actor/lib/test/auto/record.xml
----------------- Instantiating /home/travis/build/icyphy/ptII/ptolemy/actor/lib/test/auto/record.xml
3 ms. Memory: 571392K Free: 358587K (63%)
----------------- Invoking toplevel() on ptolemy.moml.MoMLSimpleApplication@2dd179dd
----------------- Done invoking toplevel() on ptolemy.moml.MoMLSimpleApplication@2dd179dd
reloadAllAccessors: .record

===========================================================================================
----------------- testing Thu Jul 23 15:15:57 UTC 2020 /home/travis/build/icyphy/ptII/ptolemy/actor/lib/test/auto/sizedarray1.xml
----------------- Instantiating /home/travis/build/icyphy/ptII/ptolemy/actor/lib/test/auto/sizedarray1.xml
2 ms. Memory: 571392K Free: 352953K (62%)
----------------- Invoking toplevel() on ptolemy.moml.MoMLSimpleApplication@60a16007
----------------- Done invoking toplevel() on ptolemy.moml.MoMLSimpleApplication@60a16007
reloadAllAccessors: .sizedarray1

===========================================================================================
----------------- testing Thu Jul 23 15:15:57 UTC 2020 /home/travis/build/icyphy/ptII/ptolemy/actor/lib/test/auto/sizedarray2.xml
----------------- Instantiating /home/travis/build/icyphy/ptII/ptolemy/actor/lib/test/auto/sizedarray2.xml
2 ms. Memory: 571392K Free: 347833K (61%)
----------------- Invoking toplevel() on ptolemy.moml.MoMLSimpleApplication@75fb3dbb
----------------- Done invoking toplevel() on ptolemy.moml.MoMLSimpleApplication@75fb3dbb
reloadAllAccessors: .sizedarray2

===========================================================================================
----------------- testing Thu Jul 23 15:15:57 UTC 2020 /home/travis/build/icyphy/ptII/ptolemy/actor/lib/test/auto/twoPublishers.xml
----------------- Instantiating /home/travis/build/icyphy/ptII/ptolemy/actor/lib/test/auto/twoPublishers.xml
6 ms. Memory: 571392K Free: 336554K (59%)
----------------- Invoking toplevel() on ptolemy.moml.MoMLSimpleApplication@1df0eb5c
----------------- Done invoking toplevel() on ptolemy.moml.MoMLSimpleApplication@1df0eb5c
reloadAllAccessors: .twoPublishers
AutoTests.java: About to close Vertx.
AutoTests.java: Vertx closed.
]]></system-out>
  <system-err><![CDATA[java.lang.RuntimeException: Execution failed
	at ptolemy.moml.MoMLSimpleApplication$UnloadThread.run(MoMLSimpleApplication.java:402)
Caused by: java.lang.RuntimeException: StringUtilities.exit() was called. Normally, we would exit here because Manager.exitAfterWrapup() was called.  However, because the ptolemy.ptII.exitAfterWrapup property is set, we throw this exception instead.
	at ptolemy.util.StringUtilities.exit(StringUtilities.java:365)
	at ptolemy.actor.Manager.wrapup(Manager.java:1549)
	at ptolemy.actor.Manager.execute(Manager.java:407)
	at ptolemy.actor.Manager.run(Manager.java:1263)
	at ptolemy.actor.Manager$PtolemyRunThread.run(Manager.java:1933)
Warning: '.top.test' is in training mode, set the trainingMode parameter to false before checking in
Warning: '.top.test' is in training mode, set the trainingMode parameter to false before checking in
Warning: '.top.test' is in training mode, set the trainingMode parameter to false before checking in
Warning: '.BooleanSwitch_RegressionTest_WrongTrainingValues.Test' is in training mode, set the trainingMode parameter to false before checking in
Warning: '.BooleanSwitch_RegressionTest_WrongTrainingValues.Test2' is in training mode, set the trainingMode parameter to false before checking in
Warning: '.BooleanSwitch_RegressionTest_WrongTrainingValues.Test2' The test produced 0 tokens.
Warning: '.top.testExceptionHandler' is in training mode, set the trainingMode parameter to false before checking in
java.lang.RuntimeException: Execution failed
	at ptolemy.moml.MoMLSimpleApplication$UnloadThread.run(MoMLSimpleApplication.java:402)
Caused by: ptolemy.kernel.util.IllegalActionException: PublisherPorts cannot be used at the top level, use a Publisher actor instead.
  in .PublisherPortToplevelSubscriber.PublisherPort
	at ptolemy.actor.PublisherPort.preinitialize(PublisherPort.java:403)
	at ptolemy.actor.CompositeActor.preinitialize(CompositeActor.java:1769)
	at ptolemy.actor.Manager.preinitializeAndResolveTypes(Manager.java:1040)
	at ptolemy.actor.Manager.initialize(Manager.java:710)
	at ptolemy.actor.Manager.execute(Manager.java:356)
	at ptolemy.actor.Manager.run(Manager.java:1263)
	at ptolemy.actor.Manager$PtolemyRunThread.run(Manager.java:1933)
java.lang.reflect.InvocationTargetException
	at java.base/jdk.internal.reflect.NativeConstructorAccessorImpl.newInstance0(Native Method)
	at java.base/jdk.internal.reflect.NativeConstructorAccessorImpl.newInstance(NativeConstructorAccessorImpl.java:62)
	at java.base/jdk.internal.reflect.DelegatingConstructorAccessorImpl.newInstance(DelegatingConstructorAccessorImpl.java:45)
	at java.base/java.lang.reflect.Constructor.newInstance(Constructor.java:490)
	at ptolemy.util.test.junit.AutoKnownFailedTests.RunModel(AutoKnownFailedTests.java:105)
	at java.base/jdk.internal.reflect.NativeMethodAccessorImpl.invoke0(Native Method)
	at java.base/jdk.internal.reflect.NativeMethodAccessorImpl.invoke(NativeMethodAccessorImpl.java:62)
	at java.base/jdk.internal.reflect.DelegatingMethodAccessorImpl.invoke(DelegatingMethodAccessorImpl.java:43)
	at java.base/java.lang.reflect.Method.invoke(Method.java:566)
	at org.junit.runners.model.FrameworkMethod$1.runReflectiveCall(FrameworkMethod.java:44)
	at org.junit.internal.runners.model.ReflectiveCallable.run(ReflectiveCallable.java:15)
	at org.junit.runners.model.FrameworkMethod.invokeExplosively(FrameworkMethod.java:41)
	at junitparams.internal.InvokeParameterisedMethod.evaluate(InvokeParameterisedMethod.java:102)
	at org.junit.internal.runners.statements.FailOnTimeout$1.run(FailOnTimeout.java:28)
Caused by: ptolemy.kernel.util.IllegalActionException: PublisherPorts cannot be used at the top level, use a Publisher actor instead.
  in .PublisherPortToplevelSubscriber.PublisherPort
	at ptolemy.actor.PublisherPort.preinitialize(PublisherPort.java:403)
	at ptolemy.actor.CompositeActor.preinitialize(CompositeActor.java:1769)
	at ptolemy.actor.Manager.preinitializeAndResolveTypes(Manager.java:1040)
	at ptolemy.actor.Manager.initialize(Manager.java:710)
	at ptolemy.actor.Manager.execute(Manager.java:356)
	at ptolemy.actor.Manager.run(Manager.java:1263)
	at ptolemy.actor.Manager$PtolemyRunThread.run(Manager.java:1933)
java.lang.RuntimeException: Execution failed
	at ptolemy.moml.MoMLSimpleApplication$UnloadThread.run(MoMLSimpleApplication.java:402)
Caused by: ptolemy.kernel.util.IllegalActionException: SubscriberPorts cannot be used at the top level, use a Subscriber actor instead.
  in .PublisherSubscriberPortToplevel.SubscriberPort
	at ptolemy.actor.SubscriberPort.preinitialize(SubscriberPort.java:328)
	at ptolemy.actor.CompositeActor.preinitialize(CompositeActor.java:1769)
	at ptolemy.actor.Manager.preinitializeAndResolveTypes(Manager.java:1040)
	at ptolemy.actor.Manager.initialize(Manager.java:710)
	at ptolemy.actor.Manager.execute(Manager.java:356)
	at ptolemy.actor.Manager.run(Manager.java:1263)
	at ptolemy.actor.Manager$PtolemyRunThread.run(Manager.java:1933)
java.lang.reflect.InvocationTargetException
	at java.base/jdk.internal.reflect.NativeConstructorAccessorImpl.newInstance0(Native Method)
	at java.base/jdk.internal.reflect.NativeConstructorAccessorImpl.newInstance(NativeConstructorAccessorImpl.java:62)
	at java.base/jdk.internal.reflect.DelegatingConstructorAccessorImpl.newInstance(DelegatingConstructorAccessorImpl.java:45)
	at java.base/java.lang.reflect.Constructor.newInstance(Constructor.java:490)
	at ptolemy.util.test.junit.AutoKnownFailedTests.RunModel(AutoKnownFailedTests.java:105)
	at java.base/jdk.internal.reflect.NativeMethodAccessorImpl.invoke0(Native Method)
	at java.base/jdk.internal.reflect.NativeMethodAccessorImpl.invoke(NativeMethodAccessorImpl.java:62)
	at java.base/jdk.internal.reflect.DelegatingMethodAccessorImpl.invoke(DelegatingMethodAccessorImpl.java:43)
	at java.base/java.lang.reflect.Method.invoke(Method.java:566)
	at org.junit.runners.model.FrameworkMethod$1.runReflectiveCall(FrameworkMethod.java:44)
	at org.junit.internal.runners.model.ReflectiveCallable.run(ReflectiveCallable.java:15)
	at org.junit.runners.model.FrameworkMethod.invokeExplosively(FrameworkMethod.java:41)
	at junitparams.internal.InvokeParameterisedMethod.evaluate(InvokeParameterisedMethod.java:102)
	at org.junit.internal.runners.statements.FailOnTimeout$1.run(FailOnTimeout.java:28)
Caused by: ptolemy.kernel.util.IllegalActionException: SubscriberPorts cannot be used at the top level, use a Subscriber actor instead.
  in .PublisherSubscriberPortToplevel.SubscriberPort
	at ptolemy.actor.SubscriberPort.preinitialize(SubscriberPort.java:328)
	at ptolemy.actor.CompositeActor.preinitialize(CompositeActor.java:1769)
	at ptolemy.actor.Manager.preinitializeAndResolveTypes(Manager.java:1040)
	at ptolemy.actor.Manager.initialize(Manager.java:710)
	at ptolemy.actor.Manager.execute(Manager.java:356)
	at ptolemy.actor.Manager.run(Manager.java:1263)
	at ptolemy.actor.Manager$PtolemyRunThread.run(Manager.java:1933)
java.lang.RuntimeException: Execution failed
	at ptolemy.moml.MoMLSimpleApplication$UnloadThread.run(MoMLSimpleApplication.java:402)
Caused by: ptolemy.kernel.util.IllegalActionException: SubscriptionAggregatorPorts cannot be used at the top level, use a SubscriptionAggregator actor instead.
  in .PublisherSubscriptionAggregatorPort.SubscriptionAggregatorPort
	at ptolemy.actor.SubscriptionAggregatorPort.preinitialize(SubscriptionAggregatorPort.java:353)
	at ptolemy.actor.CompositeActor.preinitialize(CompositeActor.java:1769)
	at ptolemy.actor.Manager.preinitializeAndResolveTypes(Manager.java:1040)
	at ptolemy.actor.Manager.initialize(Manager.java:710)
	at ptolemy.actor.Manager.execute(Manager.java:356)
	at ptolemy.actor.Manager.run(Manager.java:1263)
	at ptolemy.actor.Manager$PtolemyRunThread.run(Manager.java:1933)
java.lang.reflect.InvocationTargetException
	at java.base/jdk.internal.reflect.NativeConstructorAccessorImpl.newInstance0(Native Method)
	at java.base/jdk.internal.reflect.NativeConstructorAccessorImpl.newInstance(NativeConstructorAccessorImpl.java:62)
	at java.base/jdk.internal.reflect.DelegatingConstructorAccessorImpl.newInstance(DelegatingConstructorAccessorImpl.java:45)
	at java.base/java.lang.reflect.Constructor.newInstance(Constructor.java:490)
	at ptolemy.util.test.junit.AutoKnownFailedTests.RunModel(AutoKnownFailedTests.java:105)
	at java.base/jdk.internal.reflect.NativeMethodAccessorImpl.invoke0(Native Method)
	at java.base/jdk.internal.reflect.NativeMethodAccessorImpl.invoke(NativeMethodAccessorImpl.java:62)
	at java.base/jdk.internal.reflect.DelegatingMethodAccessorImpl.invoke(DelegatingMethodAccessorImpl.java:43)
	at java.base/java.lang.reflect.Method.invoke(Method.java:566)
	at org.junit.runners.model.FrameworkMethod$1.runReflectiveCall(FrameworkMethod.java:44)
	at org.junit.internal.runners.model.ReflectiveCallable.run(ReflectiveCallable.java:15)
	at org.junit.runners.model.FrameworkMethod.invokeExplosively(FrameworkMethod.java:41)
	at junitparams.internal.InvokeParameterisedMethod.evaluate(InvokeParameterisedMethod.java:102)
	at org.junit.internal.runners.statements.FailOnTimeout$1.run(FailOnTimeout.java:28)
Caused by: ptolemy.kernel.util.IllegalActionException: SubscriptionAggregatorPorts cannot be used at the top level, use a SubscriptionAggregator actor instead.
  in .PublisherSubscriptionAggregatorPort.SubscriptionAggregatorPort
	at ptolemy.actor.SubscriptionAggregatorPort.preinitialize(SubscriptionAggregatorPort.java:353)
	at ptolemy.actor.CompositeActor.preinitialize(CompositeActor.java:1769)
	at ptolemy.actor.Manager.preinitializeAndResolveTypes(Manager.java:1040)
	at ptolemy.actor.Manager.initialize(Manager.java:710)
	at ptolemy.actor.Manager.execute(Manager.java:356)
	at ptolemy.actor.Manager.run(Manager.java:1263)
	at ptolemy.actor.Manager$PtolemyRunThread.run(Manager.java:1933)
java.lang.RuntimeException: Execution failed
	at ptolemy.moml.MoMLSimpleApplication$UnloadThread.run(MoMLSimpleApplication.java:402)
Caused by: ptolemy.kernel.util.IllegalActionException: TypeTest actor has no training data.
  in .sizedarray3.TypeTest
	at ptolemy.actor.lib.TypeTest.initialize(TypeTest.java:250)
	at ptolemy.actor.Director.initialize(Director.java:938)
	at ptolemy.actor.Director.initialize(Director.java:907)
	at ptolemy.actor.sched.StaticSchedulingDirector.initialize(StaticSchedulingDirector.java:159)
	at ptolemy.domains.sdf.kernel.SDFDirector.initialize(SDFDirector.java:544)
	at ptolemy.actor.CompositeActor.initialize(CompositeActor.java:935)
	at ptolemy.actor.Manager.initialize(Manager.java:724)
	at ptolemy.actor.Manager.execute(Manager.java:356)
	at ptolemy.actor.Manager.run(Manager.java:1263)
	at ptolemy.actor.Manager$PtolemyRunThread.run(Manager.java:1933)
java.lang.reflect.InvocationTargetException
	at java.base/jdk.internal.reflect.NativeConstructorAccessorImpl.newInstance0(Native Method)
	at java.base/jdk.internal.reflect.NativeConstructorAccessorImpl.newInstance(NativeConstructorAccessorImpl.java:62)
	at java.base/jdk.internal.reflect.DelegatingConstructorAccessorImpl.newInstance(DelegatingConstructorAccessorImpl.java:45)
	at java.base/java.lang.reflect.Constructor.newInstance(Constructor.java:490)
	at ptolemy.util.test.junit.AutoKnownFailedTests.RunModel(AutoKnownFailedTests.java:105)
	at java.base/jdk.internal.reflect.NativeMethodAccessorImpl.invoke0(Native Method)
	at java.base/jdk.internal.reflect.NativeMethodAccessorImpl.invoke(NativeMethodAccessorImpl.java:62)
	at java.base/jdk.internal.reflect.DelegatingMethodAccessorImpl.invoke(DelegatingMethodAccessorImpl.java:43)
	at java.base/java.lang.reflect.Method.invoke(Method.java:566)
	at org.junit.runners.model.FrameworkMethod$1.runReflectiveCall(FrameworkMethod.java:44)
	at org.junit.internal.runners.model.ReflectiveCallable.run(ReflectiveCallable.java:15)
	at org.junit.runners.model.FrameworkMethod.invokeExplosively(FrameworkMethod.java:41)
	at junitparams.internal.InvokeParameterisedMethod.evaluate(InvokeParameterisedMethod.java:102)
	at org.junit.internal.runners.statements.FailOnTimeout$1.run(FailOnTimeout.java:28)
Caused by: ptolemy.kernel.util.IllegalActionException: TypeTest actor has no training data.
  in .sizedarray3.TypeTest
	at ptolemy.actor.lib.TypeTest.initialize(TypeTest.java:250)
	at ptolemy.actor.Director.initialize(Director.java:938)
	at ptolemy.actor.Director.initialize(Director.java:907)
	at ptolemy.actor.sched.StaticSchedulingDirector.initialize(StaticSchedulingDirector.java:159)
	at ptolemy.domains.sdf.kernel.SDFDirector.initialize(SDFDirector.java:544)
	at ptolemy.actor.CompositeActor.initialize(CompositeActor.java:935)
	at ptolemy.actor.Manager.initialize(Manager.java:724)
	at ptolemy.actor.Manager.execute(Manager.java:356)
	at ptolemy.actor.Manager.run(Manager.java:1263)
	at ptolemy.actor.Manager$PtolemyRunThread.run(Manager.java:1933)
]]></system-err>
</testsuite>
