<?xml version="1.0" encoding="UTF-8" ?>
<testsuite errors="0" failures="0" hostname="travis-job-162ee7e2-00ec-4584-9569-22a257178966" name="ptolemy.domains.de.test.junit.JUnitTclTest" skipped="0" tests="101" time="134.221" timestamp="2019-12-09T06:21:46">
  <properties>
    <property name="npm.executable" value="npm" />
    <property name="env.TRAVIS_ROOT" value="/" />
    <property name="ptII.mk.exists" value="true" />
    <property name="env.TRAVIS_APP_HOST" value="build.travis-ci.org" />
    <property name="env.rvm_bin_path" value="/home/travis/.rvm/bin" />
    <property name="java.home" value="/usr/local/lib/jvm/openjdk11" />
    <property name="env.TRAVIS_JOB_NUMBER" value="1422.9" />
    <property name="env.TRAVIS_HOME" value="/home/travis" />
    <property name="env.DISPLAY" value=":99.0" />
    <property name="env.TRAVIS_INIT" value="systemd" />
    <property name="env.SSH_TTY" value="/dev/pts/0" />
    <property name="java.net.preferIPv4Stack" value="true" />
    <property name="env.RUN_TESTS" value="true" />
    <property name="timeout.short" value="1000000" />
    <property name="junit.formatter" value="xml" />
    <property name="env.TRAVIS_SUDO" value="true" />
    <property name="env.TRAVIS_JOB_NAME" value="" />
    <property name="env.TRAVIS_STACK_NODE_ATTRIBUTES" value="/.node-attributes.yml" />
    <property name="env.LOGNAME" value="travis" />
    <property name="jsdoc.home" value="node_modules/@terraswarm/jsdoc" />
    <property name="debuglevel" value="source,lines,vars" />
    <property name="checkstyle.formatter" value="xml" />
    <property name="env._system_version" value="16.04" />
    <property name="bin.vergil.makeable" value="true" />
    <property name="sun.os.patch.level" value="unknown" />
    <property name="java.vendor.url" value="http://java.oracle.com/" />
    <property name="env.TRAVIS_BUILD_WEB_URL" value="https://travis-ci.org/icyphy/ptII/builds/622494071" />
    <property name="java.version" value="11.0.2" />
    <property name="env.TZ" value="UTC" />
    <property name="env.TRAVIS_PULL_REQUEST_SHA" value="" />
    <property name="env.PT_NO_NET" value="true" />
    <property name="env.TRAVIS_SECURE_ENV_VARS" value="true" />
    <property name="env._system_type" value="Linux" />
    <property name="java.vendor.url.bug" value="http://bugreport.java.com/bugreport/" />
    <property name="npmjs-org-is-up" value="true" />
    <property name="env.LANGUAGE" value="en_US.UTF-8" />
    <property name="env.SSH_CLIENT" value="10.24.6.8 48972 22" />
    <property name="env.GEM_HOME" value="/home/travis/.rvm/gems/ruby-2.5.3" />
    <property name="env.HAS_ANTARES_THREE_LITTLE_FRONZIES_BADGE" value="true" />
    <property name="java.version.date" value="2019-01-15" />
    <property name="env.PS4" value="+" />
    <property name="ant.project.invoked-targets" value="build,test.core2.xml" />
    <property name="env.TRAVIS_PULL_REQUEST_BRANCH" value="" />
    <property name="env.TRAVIS_REPO_SLUG" value="icyphy/ptII" />
    <property name="env.XDG_DATA_DIRS" value="/usr/local/share:/usr/share:/var/lib/snapd/desktop" />
    <property name="jdk.debug" value="release" />
    <property name="env.TRAVIS_APT_PROXY" value="http://apt.cache.travis-ci.com" />
    <property name="env.TRAVIS_CPU_ARCH" value="amd64" />
    <property name="node.in.path" value="true" />
    <property name="user.name" value="travis" />
    <property name="java.maxmemory" value="1400m" />
    <property name="env.RUBY_VERSION" value="ruby-2.5.3" />
    <property name="env.LANG" value="en_US.UTF-8" />
    <property name="sun.io.unicode.encoding" value="UnicodeLittle" />
    <property name="sun.jnu.encoding" value="UTF-8" />
    <property name="java.runtime.name" value="OpenJDK Runtime Environment" />
    <property name="usefile" value="false" />
    <property name="return.code" value="0" />
    <property name="junit.single.formatter" value="plain" />
    <property name="env.DYLD_LIBRARY_PATH" value="/home/travis/pthla/certi-tools/lib:" />
    <property name="env.DEBIAN_FRONTEND" value="noninteractive" />
    <property name="env.SSH_CONNECTION" value="10.24.6.8 48972 10.20.0.59 22" />
    <property name="env.MYSQL_UNIX_PORT" value="/var/run/mysqld/mysqld.sock" />
    <property name="env.LC_ALL" value="en_US.UTF-8" />
    <property name="env.TRAVIS_ALLOW_FAILURE" value="false" />
    <property name="env.TRAVIS_JOB_WEB_URL" value="https://travis-ci.org/icyphy/ptII/jobs/622494080" />
    <property name="java.specification.name" value="Java Platform API Specification" />
    <property name="node.works" value="true" />
    <property name="user.timezone" value="" />
    <property name="path.separator" value=":" />
    <property name="env.TRAVIS_ENABLE_INFRA_DETECTION" value="true" />
    <property name="env.PYTHON_CFLAGS" value="-g -fstack-protector --param=ssp-buffer-size=4 -Wformat -Werror=format-security" />
    <property name="timeout.long" value="4000000" />
    <property name="env.CERTI_HOME" value="/home/travis/pthla/certi-tools" />
    <property name="ant.file.ptII" value="/home/travis/build/icyphy/ptII/build.xml" />
    <property name="javadoc.packagenames" value="com.*,diva.*,lbnl.*,org.hlacerti.*,org.json.*,org.ptolemy.*,org.terraswarm.*,ptolemy.*,ptserver.*" />
    <property name="file.encoding" value="UTF-8" />
    <property name="env.TRAVIS_PULL_REQUEST_SLUG" value="" />
    <property name="ant.project.default-target" value="build" />
    <property name="env.GIT_ASKPASS" value="echo" />
    <property name="env.HOME" value="/home/travis" />
    <property name="sun.java.command" value="org.apache.tools.ant.taskdefs.optional.junit.JUnitTestRunner ptolemy.domains.de.test.junit.JUnitTclTest skipNonTests=false filtertrace=true haltOnError=false haltOnFailure=false formatter=org.apache.tools.ant.taskdefs.optional.junit.OutErrSummaryJUnitResultFormatter showoutput=true outputtoformatters=true logfailedtests=true threadid=0 logtestlistenerevents=false formatter=org.apache.tools.ant.taskdefs.optional.junit.XMLJUnitResultFormatter,/home/travis/build/icyphy/ptII/reports/junit/TEST-ptolemy.domains.de.test.junit.JUnitTclTest.xml crashfile=/home/travis/build/icyphy/ptII/junitvmwatcher15582566776173058450.properties propsfile=/home/travis/build/icyphy/ptII/junit9904516561231551365.properties" />
    <property name="env.COMPOSER_NO_INTERACTION" value="1" />
    <property name="env.MANPATH" value="/home/travis/.nvm/versions/node/v7.10.1/share/man:/home/travis/.rvm/rubies/ruby-2.5.3/share/man:/usr/local/cmake-3.12.4/man:/usr/local/clang-7.0.0/share/man:/usr/local/man:/usr/local/share/man:/usr/share/man:/home/travis/.rvm/man" />
    <property name="env.TRAVIS_TIMER_ID" value="04add618" />
    <property name="ant.file" value="/home/travis/build/icyphy/ptII/build.xml" />
    <property name="env.TRAVIS_COMMIT_RANGE" value="45a1af74cde64810f1a740ff9bd66386be4e642c...11deb69804adb5926cd4863c8231df6048994796" />
    <property name="env._system_name" value="Ubuntu" />
    <property name="ptII.classpath.optional.property" value="/home/travis/build/icyphy/ptII/lib/bsh-2.0b4.jar:/home/travis/build/icyphy/ptII/lib/ptCal.jar:/home/travis/build/icyphy/ptII/lib/java_cup.jar:/home/travis/build/icyphy/ptII/lib/saxon8.jar:/home/travis/build/icyphy/ptII/lib/saxon8-dom.jar:/home/travis/build/icyphy/ptII/lib/chic.jar:/home/travis/build/icyphy/ptII/lib/ptcolt.jar:/home/travis/build/icyphy/ptII/vendors/misc/itext/iText.jar:/home/travis/build/icyphy/ptII/lib/g4ltl.jar:/home/travis/build/icyphy/ptII/lib/StructuralCoder.jar:/home/travis/build/icyphy/ptII/lib/jcerti.jar:/home/travis/build/icyphy/ptII/lib/javax.mail.jar:/home/travis/build/icyphy/ptII/vendors/JMF-2.1.1e/lib/jmf.jar:/home/travis/build/icyphy/ptII/lib/jna-4.0.0-variadic.jar:/home/travis/build/icyphy/ptII/vendors/misc/joystick/Joystick.jar:/home/travis/build/icyphy/ptII/lib/ptjacl.jar:/home/travis/build/icyphy/ptII/lib/jsoup-1.8.2.jar:/home/travis/build/icyphy/ptII/lib/junit-4.8.2.jar:/home/travis/build/icyphy/ptII/lib/JUnitParams-0.4.0.jar:/home/travis/build/icyphy/ptII/ptolemy/actor/lib/excel/jxl.jar:/home/travis/build/icyphy/ptII/lib/jython.jar:/home/travis/build/icyphy/ptII/lib/kieler.jar:/home/travis/build/icyphy/ptII/vendors/opencv/share/OpenCV/java/opencv-341.jar:/home/travis/build/icyphy/ptII/lib/oscP5.jar:/home/travis/build/icyphy/ptII/lib/nrjavaserial-3.11.0.devel.jar:/home/travis/build/icyphy/ptII/vendors/j3d/lib/Linux/j3dcore.jar:/home/travis/build/icyphy/ptII/vendors/j3d/lib/Linux/j3dutils.jar:/home/travis/build/icyphy/ptII/vendors/j3d/lib/Linux/vecmath.jar:/home/travis/build/icyphy/ptII/vendors/jogl/lib/Linux/gluegen-rt-natives-linux-amd64.jar:/home/travis/build/icyphy/ptII/vendors/jogl/lib/Linux/gluegen-rt.jar:/home/travis/build/icyphy/ptII/vendors/jogl/lib/Linux/jogl-all-natives-linux-amd64.jar:/home/travis/build/icyphy/ptII/vendors/jogl/lib/Linux/jogl-all.jar:/home/travis/build/icyphy/ptII/ptolemy/distributed/jini/jar/jini-core.jar:/home/travis/build/icyphy/ptII/ptolemy/distributed/jini/jar/jini-ext.jar:/home/travis/build/icyphy/ptII/ptolemy/distributed/jini/jar/sun-util.jar:/home/travis/build/icyphy/ptII/lib/protobuf-java-2.4.1.jar:/home/travis/build/icyphy/ptII/lib/org.eclipse.paho.client.mqttv3.jar:/home/travis/build/icyphy/ptII/lib/mapss.jar:/home/travis/build/icyphy/ptII/ptolemy/actor/ptalon/antlr/antlr.jar:/home/travis/build/icyphy/ptII/lib/JRI.jar:/home/travis/build/icyphy/ptII/lib/commons-lang-2.6.jar:/home/travis/build/icyphy/ptII/lib/commons-logging-1.1.1.jar:/home/travis/build/icyphy/ptII/lib/sootclasses.jar:/home/travis/build/icyphy/ptII/ptolemy/actor/lib/database/mysql-connector-java-5.1.6-bin.jar:/home/travis/build/icyphy/ptII/vendors/misc/sphinx4/sphinx4-data-5prealpha.jar:/home/travis/build/icyphy/ptII/vendors/misc/sphinx4/sphinx4-core-5prealpha.jar:/home/travis/build/icyphy/ptII/lib/PDFRenderer.jar:/home/travis/build/icyphy/ptII/lib/svgSalamander.jar:/home/travis/build/icyphy/ptII/lib/rsyntaxtextarea-2.6.0-SNAPSHOT.jar:/home/travis/build/icyphy/ptII/lib/hazelcast-3.8.2.jar:/home/travis/build/icyphy/ptII/lib/jackson-annotations-2.9.0.jar:/home/travis/build/icyphy/ptII/lib/jackson-core-2.9.3.jar:/home/travis/build/icyphy/ptII/lib/jackson-databind-2.9.3.jar:/home/travis/build/icyphy/ptII/lib/netty-buffer-4.1.19.Final.jar:/home/travis/build/icyphy/ptII/lib/netty-codec-4.1.19.Final.jar:/home/travis/build/icyphy/ptII/lib/netty-codec-dns-4.1.19.Final.jar:/home/travis/build/icyphy/ptII/lib/netty-codec-http-4.1.19.Final.jar:/home/travis/build/icyphy/ptII/lib/netty-codec-http2-4.1.19.Final.jar:/home/travis/build/icyphy/ptII/lib/netty-common-4.1.19.Final.jar:/home/travis/build/icyphy/ptII/lib/netty-handler-4.1.19.Final.jar:/home/travis/build/icyphy/ptII/lib/netty-resolver-4.1.19.Final.jar:/home/travis/build/icyphy/ptII/lib/netty-resolver-dns-4.1.19.Final.jar:/home/travis/build/icyphy/ptII/lib/netty-transport-4.1.19.Final.jar:/home/travis/build/icyphy/ptII/lib/vertx-codegen-3.5.1.jar:/home/travis/build/icyphy/ptII/lib/vertx-core-3.5.2-SNAPSHOT.jar:/home/travis/build/icyphy/ptII/lib/vertx-hazelcast-3.5.1.jar:/home/travis/build/icyphy/ptII/lib/vertx-lang-js-3.5.1.jar:/home/travis/build/icyphy/ptII/lib/vertx-service-proxy-3.5.1.jar:/home/travis/build/icyphy/ptII/lib/vertx-web-3.5.1.jar:/home/travis/build/icyphy/ptII/lib/slf4j-api-1.7.13.jar:/home/travis/build/icyphy/ptII/lib/slf4j-simple-1.7.13.jar:/home/travis/build/icyphy/ptII/lib/webcam-capture-0.3.12.jar:/home/travis/build/icyphy/ptII/lib/bridj-0.7.0.jar:/home/travis/build/icyphy/ptII/lib/xbjlib-1.1.0.nrjavaserial.jar" />
    <property name="timeout" value="2400000" />
    <property name="test.batch" value="**/junit/*.java" />
    <property name="env._" value="/usr/bin/timeout" />
    <property name="java.io.tmpdir" value="/tmp" />
    <property name="user.language" value="en" />
    <property name="env.TRAVIS_INTERNAL_RUBY_REGEX" value="^ruby-(2\.[0-4]\.[0-9]|1\.9\.3)" />
    <property name="env.HISTCONTROL" value="ignoredups:ignorespace" />
    <property name="env.GOROOT" value="/home/travis/.gimme/versions/go1.11.1.linux.amd64" />
    <property name="line.separator" value="&#xa;" />
    <property name="target" value="11" />
    <property name="env.TRAVIS_BUILD_DIR" value="/home/travis/build/icyphy/ptII" />
    <property name="env.ANT_OPTS" value="-Xmx2048m" />
    <property name="ant.file.type" value="file" />
    <property name="ptolemy.ptII.batchMode" value="true" />
    <property name="env.HISTSIZE" value="1000" />
    <property name="env.MERB_ENV" value="test" />
    <property name="java.vm.info" value="mixed mode" />
    <property name="source" value="11" />
    <property name="java.vm.specification.name" value="Java Virtual Machine Specification" />
    <property name="env.TRAVIS_TEST_RESULT" value="0" />
    <property name="jsdoc.command" value="node_modules/@terraswarm/jsdoc/jsdoc.js" />
    <property name="npm.works" value="true" />
    <property name="cobertura.dir" value="/home/travis/build/icyphy/ptII/vendors/cobertura-2.0.3" />
    <property name="jsdoc.command.exists" value="true" />
    <property name="env.rvm_path" value="/home/travis/.rvm" />
    <property name="env.GEM_PATH" value="/home/travis/.rvm/gems/ruby-2.5.3:/home/travis/.rvm/gems/ruby-2.5.3@global" />
    <property name="env.LC_CTYPE" value="en_US.UTF-8" />
    <property name="env.TRAVIS_CMD" value="$PTII/bin/ptIITravisBuild.sh $SECONDS" />
    <property name="java.awt.printerjob" value="sun.print.PSPrinterJob" />
    <property name="env.TRAVIS_STACK_NAME" value="sardonyx" />
    <property name="env.TRAVIS_TIMER_START_TIME" value="1575872259778382247" />
    <property name="ant.version" value="Apache Ant(TM) version 1.10.1 compiled on February 2 2017" />
    <property name="ptII.reports" value="/home/travis/build/icyphy/ptII/reports" />
    <property name="env.TRAVIS_STACK_TIMESTAMP" value="2019-03-25 16:16:56 UTC" />
    <property name="ant.file.type.ptII" value="file" />
    <property name="env.RBENV_SHELL" value="bash" />
    <property name="os.name" value="Linux" />
    <property name="java.specification.vendor" value="Oracle Corporation" />
    <property name="env.rvm_version" value="1.29.7 (latest)" />
    <property name="env.TRAVIS_INFRA" value="gce" />
    <property name="env.TERM" value="xterm" />
    <property name="java.vm.name" value="OpenJDK 64-Bit Server VM" />
    <property name="env.TRAVIS_BUILD_NUMBER" value="1422" />
    <property name="env.CI" value="true" />
    <property name="java.library.path" value="/home/travis/pthla/certi-tools/lib:/usr/lib/jni:/usr/local/share/OpenCV/java/:/usr/share/OpenCV/java::/usr/java/packages/lib:/usr/lib64:/lib64:/lib:/usr/lib" />
    <property name="jdk.module.path" value="/home/travis/build/icyphy/ptII/vendors/javafx/javafx-sdk-11.0.2/lib:" />
    <property name="env.rvm_prefix" value="/home/travis" />
    <property name="env.PATH" value="/home/travis/pthla/certi-tools/share/scripts:/home/travis/.rvm/gems/ruby-2.5.3/bin:/home/travis/.rvm/gems/ruby-2.5.3@global/bin:/home/travis/.rvm/rubies/ruby-2.5.3/bin:/home/travis/.rvm/bin:/home/travis/.nvm/versions/node/v7.10.1/bin:./node_modules/.bin:/home/travis/build/icyphy/ptII/bin:/home/travis/pthla/certi-tools/bin:/home/travis/bin:/home/travis/.local/bin:/usr/local/lib/jvm/openjdk11/bin:/opt/pyenv/shims:/home/travis/.phpenv/shims:/home/travis/perl5/perlbrew/bin:/home/travis/gopath/bin:/home/travis/.gimme/versions/go1.11.1.linux.amd64/bin:/usr/local/maven-3.6.0/bin:/usr/local/cmake-3.12.4/bin:/usr/local/clang-7.0.0/bin:/usr/local/sbin:/usr/local/bin:/usr/sbin:/usr/bin:/sbin:/bin:/snap/bin:/home/travis/.phpenv/bin:/opt/pyenv/bin:/home/travis/.yarn/bin" />
    <property name="env.TRAVIS_OS_NAME" value="linux" />
    <property name="ant.java.version" value="9" />
    <property name="basedir" value="/home/travis/build/icyphy/ptII" />
    <property name="java.class.version" value="55.0" />
    <property name="env.SHLVL" value="3" />
    <property name="env.LD_LIBRARY_PATH" value="/home/travis/pthla/certi-tools/lib:/usr/lib/jni:/usr/local/share/OpenCV/java/:/usr/share/OpenCV/java:" />
    <property name="env.RACK_ENV" value="test" />
    <property name="ant.home" value="/home/travis/build/icyphy/ptII/ant" />
    <property name="env.NVM_DIR" value="/home/travis/.nvm" />
    <property name="env.CERTI_FOM_PATH" value="/home/travis/pthla/certi-tools/share/federations" />
    <property name="env.TRAVIS_BUILD_ID" value="622494071" />
    <property name="env.PYENV_ROOT" value="/opt/pyenv" />
    <property name="env.TRAVIS_UID" value="2000" />
    <property name="prism.verbose" value="true" />
    <property name="env.NVM_BIN" value="/home/travis/.nvm/versions/node/v7.10.1/bin" />
    <property name="env.TRAVIS_COMMIT" value="11deb69804adb5926cd4863c8231df6048994796" />
    <property name="env._system_arch" value="x86_64" />
    <property name="node.executable" value="node" />
    <property name="sun.boot.library.path" value="/usr/local/lib/jvm/openjdk11/lib" />
    <property name="sun.management.compiler" value="HotSpot 64-Bit Tiered Compilers" />
    <property name="java.awt.graphicsenv" value="sun.awt.X11GraphicsEnvironment" />
    <property name="env.GOPATH" value="/home/travis/gopath" />
    <property name="ptolemy.ptII.dir" value="/home/travis/build/icyphy/ptII" />
    <property name="env.USER" value="travis" />
    <property name="env.HISTFILESIZE" value="2000" />
    <property name="timeout.longest" value="19000000" />
    <property name="env.PERLBREW_SHELLRC_VERSION" value="0.86" />
    <property name="env.TRAVIS_STACK_FEATURES" value="basic couchdb disabled-ipv6 docker docker-compose elasticsearch firefox go-toolchain google-chrome jdk memcached mongodb mysql nodejs_interpreter perl_interpreter perlbrew phantomjs postgresql python_interpreter redis ruby_interpreter sqlite xserver" />
    <property name="env.TRAVIS_PULL_REQUEST" value="false" />
    <property name="env.PYENV_SHELL" value="bash" />
    <property name="ant.project.name" value="ptII" />
    <property name="env.ANSI_RESET" value="\033[0m" />
    <property name="java.vm.specification.version" value="11" />
    <property name="env.TRAVIS_DIST" value="xenial" />
    <property name="env.CERTI_VERSION" value="4.0.0" />
    <property name="env.CERTI_HOST" value="localhost" />
    <property name="awt.toolkit" value="sun.awt.X11.XToolkit" />
    <property name="env.MY_RUBY_HOME" value="/home/travis/.rvm/rubies/ruby-2.5.3" />
    <property name="sun.cpu.isalist" value="" />
    <property name="env.TRAVIS_TMPDIR" value="/tmp/tmp.VL3GTp0hNx" />
    <property name="java.vm.compressedOopsMode" value="Zero based" />
    <property name="os.version" value="4.15.0-1028-gcp" />
    <property name="user.home" value="/home/travis" />
    <property name="java.vm.vendor" value="Oracle Corporation" />
    <property name="env.TRAVIS_TAG" value="nightly" />
    <property name="env.ANSI_YELLOW" value="\033[33;1m" />
    <property name="env.TRAVIS_FILTERED" value="redirect_io" />
    <property name="env.ANSI_GREEN" value="\033[32;1m" />
    <property name="env.JAVA_HOME" value="/usr/local/lib/jvm/openjdk11" />
    <property name="javadoc.excludepackagenames" value="adm.cvs2svn.*,build.*,config.*,doc.coding.templates.*,jni.test.jni.meaningOfLife.*,jni.test.jni.testDeux.*,jni.test.jni.testTrois.*,org.terraswarm.accessor.accessors.web.node_modules.*,org.terraswarm.accessor.accessors.web.hosts.cordova.demo.*,org.terraswarm.accessor.accessors.web.hosts.cordova.plugins.*,org.terraswarm.accessor.accessors-svn.*,pt-modules.*,ptolemy.apps.agilent.*,ptolemy.apps.anytimecontrol.*,ptolemy.apps.apes.*,ptolemy.apps.charon.*,ptolemy.apps.crazyboard.*,ptolemy.apps.eclipse.*,ptolemy.apps.etherealSting.*,ptolemy.apps.fullscreen.*,ptolemy.apps.giotto.*,ptolemy.apps.ia.*,ptolemy.apps.interfaces.*,ptolemy.apps.jmf.*,ptolemy.apps.kurt.*,ptolemy.apps.kvm.*,ptolemy.apps.lego.*,ptolemy.apps.lejos.*,ptolemy.apps.midp.*,ptolemy.apps.mobileCoding.*,ptolemy.apps.pendulum.*,ptolemy.apps.rijndael.*,ptolemy.apps.robot.*,ptolemy.apps.security.*,ptolemy.apps.sobel.*,ptolemy.apps.soot.*,ptolemy.apps.throttle.*,ptolemy.apps.tini.*,ptolemy.apps.transmission.*,ptolemy.apps.vergil.*,ptolemy.apps.waba.*,ptolemy.apps.websensor.*,ptolemy.apps.webstart.*,ptolemy.apps.xsl.*,ptolemy.apps.zaurus.*,ptolemy.codegen.c.actor.lib.oldJavaFiles.*,ptolemy.codegen.dsp.lib.*,ptolemy.codegen.kernel.newInterfaces.*,ptolemy.codegen.lib.*,ptolemy.copernicus.kernel.fragment.*,ptolemy.copernicus.shallow.cg.*,ptolemy.domains.giotto.demo.Hierarchy.Hierarchy.*,ptolemy.domains.giotto.demo.Multimode.Multimode.*,ptolemy.domains.giotto.demo.Simple.Simple.*,ptolemy.domains.gr.lib.experimental.*,ptolemy.domains.gro.*,ptolemy.domains.pdf.*,ptolemy.domains.ptinyos.demo.Surge.output.*,ptolemy.moml.test.NoPackageActor.java*,ptolemy.plot.adm.*,ptolemy.plot.servlet.*,reports.*,signed.*,src.*,target.*,vendors.*,ptolemy.copernicus.applet.*,ptolemy.media.viewer.*,ptolemy.actor.corba.*,doc.doclets.*,ptolemy.apps.eclipse.awt.*,ptolemy.backtrack.*,ptolemy.backtrack.ast.*,ptolemy.cg.adapter.generic.program.procedural.c.mbed*,ptolemy.homer.*,ptolemy.actor.lib.jai.*,org.ptolemy.scala.*,diva.util.java2d.svg.*,ptolemy.domains.ptinyos.*,ptolemy.actor.lib.fmi.fmipp.*,,org.terraswarm.accessor.accessors.web.node_modules.*,org.terraswarm.accessor.accessors-svn,ptolemy.apps.*,ptolemy.actor.ptalon.demo.ptinyos.SendAndReceiveCnt.output,ptolemy.actor.ptalon.demo.ptinyos.SenseToLeds.output,ptolemy.domains.ptinyos.demo.CntToLedsAndRfm.output,ptolemy.domains.ptinyos.demo.RfmToLeds.output,ptolemy.domains.ptinyos.demo.SendAndReceiveCnt.output,ptolemy.domains.ptinyos.demo.SenseToLeds.output,ptolemy.actor.lib.jjs.modules.udpSocket.*" />
    <property name="env.PTII" value="/home/travis/build/icyphy/ptII" />
    <property name="env.XDG_SESSION_ID" value="2" />
    <property name="keystore" value="ptKeystore" />
    <property name="env.TRAVIS_COMMIT_MESSAGE" value="Conform a model to new HlaManager design." />
    <property name="junit.output.dir" value="/home/travis/build/icyphy/ptII/reports/junit" />
    <property name="npm.return.code" value="0" />
    <property name="user.dir" value="/home/travis/build/icyphy/ptII/ptolemy/domains/de/test" />
    <property name="env.TRAVIS_NODE_VERSION" value="7" />
    <property name="env.TRAVIS_EVENT_TYPE" value="cron" />
    <property name="env.MAIL" value="/var/mail/travis" />
    <property name="env.PERLBREW_ROOT" value="/home/travis/perl5/perlbrew" />
    <property name="env.PWD" value="/home/travis/build/icyphy/ptII" />
    <property name="timeout.npm" value="45000" />
    <property name="env.PT_TRAVIS_TEST_CORE2_XML" value="true" />
    <property name="env.TRAVIS_ARCH" value="amd64" />
    <property name="sun.cpu.endian" value="little" />
    <property name="env.PAGER" value="cat" />
    <property name="env.TRAVIS_BUILD_STAGE_NAME" value="Test" />
    <property name="env.PERLBREW_HOME" value="/home/travis/.perlbrew" />
    <property name="java.vm.version" value="11.0.2+9" />
    <property name="env.RAILS_ENV" value="test" />
    <property name="java.class.path" value="/home/travis/build/icyphy/ptII:/home/travis/build/icyphy/ptII/lib/bsh-2.0b4.jar:/home/travis/build/icyphy/ptII/lib/ptCal.jar:/home/travis/build/icyphy/ptII/lib/java_cup.jar:/home/travis/build/icyphy/ptII/lib/saxon8.jar:/home/travis/build/icyphy/ptII/lib/saxon8-dom.jar:/home/travis/build/icyphy/ptII/lib/chic.jar:/home/travis/build/icyphy/ptII/lib/ptcolt.jar:/home/travis/build/icyphy/ptII/vendors/misc/itext/iText.jar:/home/travis/build/icyphy/ptII/lib/g4ltl.jar:/home/travis/build/icyphy/ptII/lib/StructuralCoder.jar:/home/travis/build/icyphy/ptII/lib/jcerti.jar:/home/travis/build/icyphy/ptII/lib/javax.mail.jar:/home/travis/build/icyphy/ptII/vendors/JMF-2.1.1e/lib/jmf.jar:/home/travis/build/icyphy/ptII/lib/jna-4.0.0-variadic.jar:/home/travis/build/icyphy/ptII/vendors/misc/joystick/Joystick.jar:/home/travis/build/icyphy/ptII/lib/ptjacl.jar:/home/travis/build/icyphy/ptII/lib/jsoup-1.8.2.jar:/home/travis/build/icyphy/ptII/lib/junit-4.8.2.jar:/home/travis/build/icyphy/ptII/lib/JUnitParams-0.4.0.jar:/home/travis/build/icyphy/ptII/ptolemy/actor/lib/excel/jxl.jar:/home/travis/build/icyphy/ptII/lib/jython.jar:/home/travis/build/icyphy/ptII/lib/kieler.jar:/home/travis/build/icyphy/ptII/vendors/opencv/share/OpenCV/java/opencv-341.jar:/home/travis/build/icyphy/ptII/lib/oscP5.jar:/home/travis/build/icyphy/ptII/lib/nrjavaserial-3.11.0.devel.jar:/home/travis/build/icyphy/ptII/vendors/j3d/lib/Linux/j3dcore.jar:/home/travis/build/icyphy/ptII/vendors/j3d/lib/Linux/j3dutils.jar:/home/travis/build/icyphy/ptII/vendors/j3d/lib/Linux/vecmath.jar:/home/travis/build/icyphy/ptII/vendors/jogl/lib/Linux/gluegen-rt-natives-linux-amd64.jar:/home/travis/build/icyphy/ptII/vendors/jogl/lib/Linux/gluegen-rt.jar:/home/travis/build/icyphy/ptII/vendors/jogl/lib/Linux/jogl-all-natives-linux-amd64.jar:/home/travis/build/icyphy/ptII/vendors/jogl/lib/Linux/jogl-all.jar:/home/travis/build/icyphy/ptII/ptolemy/distributed/jini/jar/jini-core.jar:/home/travis/build/icyphy/ptII/ptolemy/distributed/jini/jar/jini-ext.jar:/home/travis/build/icyphy/ptII/ptolemy/distributed/jini/jar/sun-util.jar:/home/travis/build/icyphy/ptII/lib/protobuf-java-2.4.1.jar:/home/travis/build/icyphy/ptII/lib/org.eclipse.paho.client.mqttv3.jar:/home/travis/build/icyphy/ptII/lib/mapss.jar:/home/travis/build/icyphy/ptII/ptolemy/actor/ptalon/antlr/antlr.jar:/home/travis/build/icyphy/ptII/lib/JRI.jar:/home/travis/build/icyphy/ptII/lib/commons-lang-2.6.jar:/home/travis/build/icyphy/ptII/lib/commons-logging-1.1.1.jar:/home/travis/build/icyphy/ptII/lib/sootclasses.jar:/home/travis/build/icyphy/ptII/ptolemy/actor/lib/database/mysql-connector-java-5.1.6-bin.jar:/home/travis/build/icyphy/ptII/vendors/misc/sphinx4/sphinx4-data-5prealpha.jar:/home/travis/build/icyphy/ptII/vendors/misc/sphinx4/sphinx4-core-5prealpha.jar:/home/travis/build/icyphy/ptII/lib/PDFRenderer.jar:/home/travis/build/icyphy/ptII/lib/svgSalamander.jar:/home/travis/build/icyphy/ptII/lib/rsyntaxtextarea-2.6.0-SNAPSHOT.jar:/home/travis/build/icyphy/ptII/lib/hazelcast-3.8.2.jar:/home/travis/build/icyphy/ptII/lib/jackson-annotations-2.9.0.jar:/home/travis/build/icyphy/ptII/lib/jackson-core-2.9.3.jar:/home/travis/build/icyphy/ptII/lib/jackson-databind-2.9.3.jar:/home/travis/build/icyphy/ptII/lib/netty-buffer-4.1.19.Final.jar:/home/travis/build/icyphy/ptII/lib/netty-codec-4.1.19.Final.jar:/home/travis/build/icyphy/ptII/lib/netty-codec-dns-4.1.19.Final.jar:/home/travis/build/icyphy/ptII/lib/netty-codec-http-4.1.19.Final.jar:/home/travis/build/icyphy/ptII/lib/netty-codec-http2-4.1.19.Final.jar:/home/travis/build/icyphy/ptII/lib/netty-common-4.1.19.Final.jar:/home/travis/build/icyphy/ptII/lib/netty-handler-4.1.19.Final.jar:/home/travis/build/icyphy/ptII/lib/netty-resolver-4.1.19.Final.jar:/home/travis/build/icyphy/ptII/lib/netty-resolver-dns-4.1.19.Final.jar:/home/travis/build/icyphy/ptII/lib/netty-transport-4.1.19.Final.jar:/home/travis/build/icyphy/ptII/lib/vertx-codegen-3.5.1.jar:/home/travis/build/icyphy/ptII/lib/vertx-core-3.5.2-SNAPSHOT.jar:/home/travis/build/icyphy/ptII/lib/vertx-hazelcast-3.5.1.jar:/home/travis/build/icyphy/ptII/lib/vertx-lang-js-3.5.1.jar:/home/travis/build/icyphy/ptII/lib/vertx-service-proxy-3.5.1.jar:/home/travis/build/icyphy/ptII/lib/vertx-web-3.5.1.jar:/home/travis/build/icyphy/ptII/lib/slf4j-api-1.7.13.jar:/home/travis/build/icyphy/ptII/lib/slf4j-simple-1.7.13.jar:/home/travis/build/icyphy/ptII/lib/webcam-capture-0.3.12.jar:/home/travis/build/icyphy/ptII/lib/bridj-0.7.0.jar:/home/travis/build/icyphy/ptII/lib/xbjlib-1.1.0.nrjavaserial.jar:/home/travis/build/icyphy/ptII/ptolemy/moml/test:/home/travis/build/icyphy/ptII/ant/lib/ant-launcher.jar:/home/travis/build/icyphy/ptII/ant/lib/ant.jar:/home/travis/build/icyphy/ptII/ant/lib/ant-junit.jar:/home/travis/build/icyphy/ptII/ant/lib/ant-junit4.jar" />
    <property name="ant.library.dir" value="/home/travis/build/icyphy/ptII/ant/lib" />
    <property name="os.arch" value="amd64" />
    <property name="env.CONTINUOUS_INTEGRATION" value="true" />
    <property name="env.TRAVIS_LANGUAGE" value="node_js" />
    <property name="env.TRAVIS_STACK_LANGUAGES" value="__sardonyx__ c c++ clojure cplusplus cpp default generic go groovy java node_js php pure_java python ruby scala" />
    <property name="test.name" value="ptolemy.actor.lib.test.junit.JUnitTclTest" />
    <property name="env.APT_KEY_DONT_WARN_ON_DANGEROUS_USAGE" value="1" />
    <property name="sun.java.launcher" value="SUN_STANDARD" />
    <property name="env.PYTHON_CONFIGURE_OPTS" value="--enable-unicode=ucs4 --with-wide-unicode --enable-shared --enable-ipv6 --enable-loadable-sqlite-extensions --with-computed-gotos" />
    <property name="ant.core.lib" value="/home/travis/build/icyphy/ptII/ant/lib/ant.jar" />
    <property name="java.vm.specification.vendor" value="Oracle Corporation" />
    <property name="env.BCVTB_HOME" value="/home/travis/build/icyphy/ptII/lbnl" />
    <property name="file.separator" value="/" />
    <property name="spotbugs.home" value="/home/travis/build/icyphy/ptII/vendors/spotbugs-3.1.1" />
    <property name="java.runtime.version" value="11.0.2+9" />
    <property name="env.ANSI_CLEAR" value="\033[0K" />
    <property name="javafx.verbose" value="true" />
    <property name="env.HAS_JOSH_K_SEAL_OF_APPROVAL" value="true" />
    <property name="env.XDG_RUNTIME_DIR" value="/run/user/2000" />
    <property name="env.TRAVIS_OSX_IMAGE" value="" />
    <property name="env.TRAVIS_JOB_ID" value="622494080" />
    <property name="env.TRAVIS_BRANCH" value="master" />
    <property name="user.country" value="US" />
    <property name="env.CERTI_HOME_TRAVIS" value="/home/travis/pthla/certi-tools" />
    <property name="env.SHELL" value="/bin/bash" />
    <property name="java.maxmemory.large" value="3200m" />
    <property name="model" value="" />
    <property name="env.CASHER_DIR" value="/home/travis/.casher" />
    <property name="env.NVM_CD_FLAGS" value="" />
    <property name="java.vendor.version" value="18.9" />
    <property name="jshint.executable" value="/home/travis/node_modules/jshint/bin/jshint" />
    <property name="env.JRUBY_OPTS" value=" --client -J-XX:+TieredCompilation -J-XX:TieredStopAtLevel=1 -J-Xss2m -Xcompile.invokedynamic=false" />
    <property name="java.vendor" value="Oracle Corporation" />
    <property name="env.TRAVIS_PRE_CHEF_BOOTSTRAP_TIME" value="2019-03-25T16:16:42" />
    <property name="env.TRAVIS_STACK_JOB_BOARD_REGISTER" value="/.job-board-register.yml" />
    <property name="env.ANSI_RED" value="\033[31;1m" />
    <property name="java.specification.version" value="11" />
    <property name="env.IRBRC" value="/home/travis/.rvm/rubies/ruby-2.5.3/.irbrc" />
    <property name="env.TRAVIS" value="true" />
    <property name="sun.arch.data.model" value="64" />
  </properties>
  <testcase classname="ptolemy.util.test.junit.TclTests" name="[0] /home/travis/build/icyphy/ptII/ptolemy/domains/de/test/DependencyLoop.tcl (RunTclFile)" time="1.104" />
  <testcase classname="ptolemy.util.test.junit.TclTests" name="[1] /home/travis/build/icyphy/ptII/ptolemy/domains/de/test/RunDETestsAsQSS.tcl (RunTclFile)" time="90.49" />
  <testcase classname="ptolemy.util.test.junit.AutoKnownFailedTests" name="[0] /home/travis/build/icyphy/ptII/ptolemy/domains/de/test/auto/knownFailedTests/DESDFClockTest.xml (RunModel)" time="2.053" />
  <testcase classname="ptolemy.util.test.junit.AutoKnownFailedTests" name="[1] /home/travis/build/icyphy/ptII/ptolemy/domains/de/test/auto/knownFailedTests/DirectFeedback.xml (RunModel)" time="0.019" />
  <testcase classname="ptolemy.util.test.junit.AutoKnownFailedTests" name="[2] /home/travis/build/icyphy/ptII/ptolemy/domains/de/test/auto/knownFailedTests/FSMSource.xml (RunModel)" time="0.041" />
  <testcase classname="ptolemy.util.test.junit.AutoKnownFailedTests" name="[3] /home/travis/build/icyphy/ptII/ptolemy/domains/de/test/auto/knownFailedTests/HierarchicalModel.xml (RunModel)" time="0.044" />
  <testcase classname="ptolemy.util.test.junit.AutoKnownFailedTests" name="[4] /home/travis/build/icyphy/ptII/ptolemy/domains/de/test/auto/knownFailedTests/dependencyLoop.xml (RunModel)" time="0.048" />
  <testcase classname="ptolemy.util.test.junit.AutoKnownFailedTests" name="[5] /home/travis/build/icyphy/ptII/ptolemy/domains/de/test/auto/knownFailedTests/dependencyLoop2.xml (RunModel)" time="0.05" />
  <testcase classname="ptolemy.util.test.junit.AutoNameArchTests" name="[0] ThereAreNoAutoArchTests (RunModel)" time="0.002" />
  <testcase classname="ptolemy.util.test.junit.AutoTests" name="[0] /home/travis/build/icyphy/ptII/ptolemy/domains/de/test/auto/ActorDepthCalculation_actorWithoutPorts.xml (RunModel)" time="0.03" />
  <testcase classname="ptolemy.util.test.junit.AutoTests" name="[1] /home/travis/build/icyphy/ptII/ptolemy/domains/de/test/auto/AssemblyLine.xml (RunModel)" time="0.026" />
  <testcase classname="ptolemy.util.test.junit.AutoTests" name="[2] /home/travis/build/icyphy/ptII/ptolemy/domains/de/test/auto/CQBug1.xml (RunModel)" time="0.008" />
  <testcase classname="ptolemy.util.test.junit.AutoTests" name="[3] /home/travis/build/icyphy/ptII/ptolemy/domains/de/test/auto/CancelFireAt.xml (RunModel)" time="0.02" />
  <testcase classname="ptolemy.util.test.junit.AutoTests" name="[4] /home/travis/build/icyphy/ptII/ptolemy/domains/de/test/auto/CausalityAndComposabilityAnalysis.xml (RunModel)" time="0.034" />
  <testcase classname="ptolemy.util.test.junit.AutoTests" name="[5] /home/travis/build/icyphy/ptII/ptolemy/domains/de/test/auto/CausalityInterface1.xml (RunModel)" time="0.019" />
  <testcase classname="ptolemy.util.test.junit.AutoTests" name="[6] /home/travis/build/icyphy/ptII/ptolemy/domains/de/test/auto/CausalityInterface15.xml (RunModel)" time="0.019" />
  <testcase classname="ptolemy.util.test.junit.AutoTests" name="[7] /home/travis/build/icyphy/ptII/ptolemy/domains/de/test/auto/CausalityInterface2.xml (RunModel)" time="0.015" />
  <testcase classname="ptolemy.util.test.junit.AutoTests" name="[8] /home/travis/build/icyphy/ptII/ptolemy/domains/de/test/auto/CausalityInterface3.xml (RunModel)" time="0.016" />
  <testcase classname="ptolemy.util.test.junit.AutoTests" name="[9] /home/travis/build/icyphy/ptII/ptolemy/domains/de/test/auto/ClockDrift.xml (RunModel)" time="0.05" />
  <testcase classname="ptolemy.util.test.junit.AutoTests" name="[10] /home/travis/build/icyphy/ptII/ptolemy/domains/de/test/auto/ClockDriftAndValueChange.xml (RunModel)" time="0.034" />
  <testcase classname="ptolemy.util.test.junit.AutoTests" name="[11] /home/travis/build/icyphy/ptII/ptolemy/domains/de/test/auto/ClockDriftChange.xml (RunModel)" time="0.03" />
  <testcase classname="ptolemy.util.test.junit.AutoTests" name="[12] /home/travis/build/icyphy/ptII/ptolemy/domains/de/test/auto/ComposableCausalityAnalysis.xml (RunModel)" time="0.016" />
  <testcase classname="ptolemy.util.test.junit.AutoTests" name="[13] /home/travis/build/icyphy/ptII/ptolemy/domains/de/test/auto/DEFixedPointLimitation.xml (RunModel)" time="0.01" />
  <testcase classname="ptolemy.util.test.junit.AutoTests" name="[14] /home/travis/build/icyphy/ptII/ptolemy/domains/de/test/auto/DEScheduleTest.xml (RunModel)" time="0.02" />
  <testcase classname="ptolemy.util.test.junit.AutoTests" name="[15] /home/travis/build/icyphy/ptII/ptolemy/domains/de/test/auto/DEinDEwithStartTimes.xml (RunModel)" time="0.019" />
  <testcase classname="ptolemy.util.test.junit.AutoTests" name="[16] /home/travis/build/icyphy/ptII/ptolemy/domains/de/test/auto/DEinDEwithStartTimes2.xml (RunModel)" time="0.018" />
  <testcase classname="ptolemy.util.test.junit.AutoTests" name="[17] /home/travis/build/icyphy/ptII/ptolemy/domains/de/test/auto/DateDemo.xml (RunModel)" time="0.034" />
  <testcase classname="ptolemy.util.test.junit.AutoTests" name="[18] /home/travis/build/icyphy/ptII/ptolemy/domains/de/test/auto/DateToEvent.xml (RunModel)" time="2.049" />
  <testcase classname="ptolemy.util.test.junit.AutoTests" name="[19] /home/travis/build/icyphy/ptII/ptolemy/domains/de/test/auto/DepthTest1.xml (RunModel)" time="0.01" />
  <testcase classname="ptolemy.util.test.junit.AutoTests" name="[20] /home/travis/build/icyphy/ptII/ptolemy/domains/de/test/auto/DepthTest2.xml (RunModel)" time="0.019" />
  <testcase classname="ptolemy.util.test.junit.AutoTests" name="[21] /home/travis/build/icyphy/ptII/ptolemy/domains/de/test/auto/DepthTest3.xml (RunModel)" time="0.017" />
  <testcase classname="ptolemy.util.test.junit.AutoTests" name="[22] /home/travis/build/icyphy/ptII/ptolemy/domains/de/test/auto/DepthTest4.xml (RunModel)" time="0.019" />
  <testcase classname="ptolemy.util.test.junit.AutoTests" name="[23] /home/travis/build/icyphy/ptII/ptolemy/domains/de/test/auto/DepthTest5.xml (RunModel)" time="0.012" />
  <testcase classname="ptolemy.util.test.junit.AutoTests" name="[24] /home/travis/build/icyphy/ptII/ptolemy/domains/de/test/auto/DepthTest6.xml (RunModel)" time="0.017" />
  <testcase classname="ptolemy.util.test.junit.AutoTests" name="[25] /home/travis/build/icyphy/ptII/ptolemy/domains/de/test/auto/DepthTest7.xml (RunModel)" time="0.011" />
  <testcase classname="ptolemy.util.test.junit.AutoTests" name="[26] /home/travis/build/icyphy/ptII/ptolemy/domains/de/test/auto/EventToDate.xml (RunModel)" time="3.045" />
  <testcase classname="ptolemy.util.test.junit.AutoTests" name="[27] /home/travis/build/icyphy/ptII/ptolemy/domains/de/test/auto/FSM1.xml (RunModel)" time="0.054" />
  <testcase classname="ptolemy.util.test.junit.AutoTests" name="[28] /home/travis/build/icyphy/ptII/ptolemy/domains/de/test/auto/FSM7.xml (RunModel)" time="0.05" />
  <testcase classname="ptolemy.util.test.junit.AutoTests" name="[29] /home/travis/build/icyphy/ptII/ptolemy/domains/de/test/auto/Inspection.xml (RunModel)" time="0.052" />
  <testcase classname="ptolemy.util.test.junit.AutoTests" name="[30] /home/travis/build/icyphy/ptII/ptolemy/domains/de/test/auto/Iteration.xml (RunModel)" time="0.026" />
  <testcase classname="ptolemy.util.test.junit.AutoTests" name="[31] /home/travis/build/icyphy/ptII/ptolemy/domains/de/test/auto/LineFault.xml (RunModel)" time="0.645" />
  <testcase classname="ptolemy.util.test.junit.AutoTests" name="[32] /home/travis/build/icyphy/ptII/ptolemy/domains/de/test/auto/MergeModel1Add.xml (RunModel)" time="0.054" />
  <testcase classname="ptolemy.util.test.junit.AutoTests" name="[33] /home/travis/build/icyphy/ptII/ptolemy/domains/de/test/auto/MergeModel2Add.xml (RunModel)" time="0.038" />
  <testcase classname="ptolemy.util.test.junit.AutoTests" name="[34] /home/travis/build/icyphy/ptII/ptolemy/domains/de/test/auto/MergeModel3Add.xml (RunModel)" time="0.054" />
  <testcase classname="ptolemy.util.test.junit.AutoTests" name="[35] /home/travis/build/icyphy/ptII/ptolemy/domains/de/test/auto/MergeWithoutDiscard.xml (RunModel)" time="0.017" />
  <testcase classname="ptolemy.util.test.junit.AutoTests" name="[36] /home/travis/build/icyphy/ptII/ptolemy/domains/de/test/auto/Modal1.xml (RunModel)" time="0.038" />
  <testcase classname="ptolemy.util.test.junit.AutoTests" name="[37] /home/travis/build/icyphy/ptII/ptolemy/domains/de/test/auto/Modal2.xml (RunModel)" time="0.038" />
  <testcase classname="ptolemy.util.test.junit.AutoTests" name="[38] /home/travis/build/icyphy/ptII/ptolemy/domains/de/test/auto/Modal3.xml (RunModel)" time="0.032" />
  <testcase classname="ptolemy.util.test.junit.AutoTests" name="[39] /home/travis/build/icyphy/ptII/ptolemy/domains/de/test/auto/Modal4.xml (RunModel)" time="0.03" />
  <testcase classname="ptolemy.util.test.junit.AutoTests" name="[40] /home/travis/build/icyphy/ptII/ptolemy/domains/de/test/auto/Modal5.xml (RunModel)" time="0.028" />
  <testcase classname="ptolemy.util.test.junit.AutoTests" name="[41] /home/travis/build/icyphy/ptII/ptolemy/domains/de/test/auto/Modal6.xml (RunModel)" time="0.028" />
  <testcase classname="ptolemy.util.test.junit.AutoTests" name="[42] /home/travis/build/icyphy/ptII/ptolemy/domains/de/test/auto/Modal7.xml (RunModel)" time="0.03" />
  <testcase classname="ptolemy.util.test.junit.AutoTests" name="[43] /home/travis/build/icyphy/ptII/ptolemy/domains/de/test/auto/ModalModel.xml (RunModel)" time="0.168" />
  <testcase classname="ptolemy.util.test.junit.AutoTests" name="[44] /home/travis/build/icyphy/ptII/ptolemy/domains/de/test/auto/ModalSource.xml (RunModel)" time="0.028" />
  <testcase classname="ptolemy.util.test.junit.AutoTests" name="[45] /home/travis/build/icyphy/ptII/ptolemy/domains/de/test/auto/NonInterruptibleTimerZeroDelay.xml (RunModel)" time="0.01" />
  <testcase classname="ptolemy.util.test.junit.AutoTests" name="[46] /home/travis/build/icyphy/ptII/ptolemy/domains/de/test/auto/OpenQueueingNetwork.xml (RunModel)" time="2.656" />
  <testcase classname="ptolemy.util.test.junit.AutoTests" name="[47] /home/travis/build/icyphy/ptII/ptolemy/domains/de/test/auto/OpenQueuingNetwork.xml (RunModel)" time="0.298" />
  <testcase classname="ptolemy.util.test.junit.AutoTests" name="[48] /home/travis/build/icyphy/ptII/ptolemy/domains/de/test/auto/PeriodicSampler.xml (RunModel)" time="0.013" />
  <testcase classname="ptolemy.util.test.junit.AutoTests" name="[49] /home/travis/build/icyphy/ptII/ptolemy/domains/de/test/auto/PersistentIO.xml (RunModel)" time="0.031" />
  <testcase classname="ptolemy.util.test.junit.AutoTests" name="[50] /home/travis/build/icyphy/ptII/ptolemy/domains/de/test/auto/PortParameterResetOnInitialize.xml (RunModel)" time="0.021" />
  <testcase classname="ptolemy.util.test.junit.AutoTests" name="[51] /home/travis/build/icyphy/ptII/ptolemy/domains/de/test/auto/PortParameterUpdates.xml (RunModel)" time="0.014" />
  <testcase classname="ptolemy.util.test.junit.AutoTests" name="[52] /home/travis/build/icyphy/ptII/ptolemy/domains/de/test/auto/QueueAndServer.xml (RunModel)" time="0.023" />
  <testcase classname="ptolemy.util.test.junit.AutoTests" name="[53] /home/travis/build/icyphy/ptII/ptolemy/domains/de/test/auto/Records.xml (RunModel)" time="0.018" />
  <testcase classname="ptolemy.util.test.junit.AutoTests" name="[54] /home/travis/build/icyphy/ptII/ptolemy/domains/de/test/auto/ResetTransitionWithStartTime1.xml (RunModel)" time="0.022" />
  <testcase classname="ptolemy.util.test.junit.AutoTests" name="[55] /home/travis/build/icyphy/ptII/ptolemy/domains/de/test/auto/ResetTransitionWithStartTime2.xml (RunModel)" time="0.02" />
  <testcase classname="ptolemy.util.test.junit.AutoTests" name="[56] /home/travis/build/icyphy/ptII/ptolemy/domains/de/test/auto/ResetTransitionWithStartTime3.xml (RunModel)" time="0.017" />
  <testcase classname="ptolemy.util.test.junit.AutoTests" name="[57] /home/travis/build/icyphy/ptII/ptolemy/domains/de/test/auto/ResetTransitionWithStartTime4.xml (RunModel)" time="0.017" />
  <testcase classname="ptolemy.util.test.junit.AutoTests" name="[58] /home/travis/build/icyphy/ptII/ptolemy/domains/de/test/auto/ResettableTimer1.xml (RunModel)" time="0.014" />
  <testcase classname="ptolemy.util.test.junit.AutoTests" name="[59] /home/travis/build/icyphy/ptII/ptolemy/domains/de/test/auto/ResettableTimer2.xml (RunModel)" time="0.008" />
  <testcase classname="ptolemy.util.test.junit.AutoTests" name="[60] /home/travis/build/icyphy/ptII/ptolemy/domains/de/test/auto/ResettableTimer3.xml (RunModel)" time="0.008" />
  <testcase classname="ptolemy.util.test.junit.AutoTests" name="[61] /home/travis/build/icyphy/ptII/ptolemy/domains/de/test/auto/ResettableTimer4.xml (RunModel)" time="0.01" />
  <testcase classname="ptolemy.util.test.junit.AutoTests" name="[62] /home/travis/build/icyphy/ptII/ptolemy/domains/de/test/auto/ResettableTimer5.xml (RunModel)" time="0.009" />
  <testcase classname="ptolemy.util.test.junit.AutoTests" name="[63] /home/travis/build/icyphy/ptII/ptolemy/domains/de/test/auto/ResettableTimer6.xml (RunModel)" time="0.015" />
  <testcase classname="ptolemy.util.test.junit.AutoTests" name="[64] /home/travis/build/icyphy/ptII/ptolemy/domains/de/test/auto/ServerZeroDelay.xml (RunModel)" time="0.011" />
  <testcase classname="ptolemy.util.test.junit.AutoTests" name="[65] /home/travis/build/icyphy/ptII/ptolemy/domains/de/test/auto/SmartSender.xml (RunModel)" time="3.01" />
  <testcase classname="ptolemy.util.test.junit.AutoTests" name="[66] /home/travis/build/icyphy/ptII/ptolemy/domains/de/test/auto/ThreadedComposite.xml (RunModel)" time="0.113" />
  <testcase classname="ptolemy.util.test.junit.AutoTests" name="[67] /home/travis/build/icyphy/ptII/ptolemy/domains/de/test/auto/Time.xml (RunModel)" time="0.474" />
  <testcase classname="ptolemy.util.test.junit.AutoTests" name="[68] /home/travis/build/icyphy/ptII/ptolemy/domains/de/test/auto/TimeDelayZeroDelay.xml (RunModel)" time="0.012" />
  <testcase classname="ptolemy.util.test.junit.AutoTests" name="[69] /home/travis/build/icyphy/ptII/ptolemy/domains/de/test/auto/TimerZeroDelay.xml (RunModel)" time="0.01" />
  <testcase classname="ptolemy.util.test.junit.AutoTests" name="[70] /home/travis/build/icyphy/ptII/ptolemy/domains/de/test/auto/TimingParadox.xml (RunModel)" time="0.382" />
  <testcase classname="ptolemy.util.test.junit.AutoTests" name="[71] /home/travis/build/icyphy/ptII/ptolemy/domains/de/test/auto/TransferInputs.xml (RunModel)" time="0.013" />
  <testcase classname="ptolemy.util.test.junit.AutoTests" name="[72] /home/travis/build/icyphy/ptII/ptolemy/domains/de/test/auto/TransferOutputs2.xml (RunModel)" time="0.014" />
  <testcase classname="ptolemy.util.test.junit.AutoTests" name="[73] /home/travis/build/icyphy/ptII/ptolemy/domains/de/test/auto/Trilateration.xml (RunModel)" time="13.377" />
  <testcase classname="ptolemy.util.test.junit.AutoTests" name="[74] /home/travis/build/icyphy/ptII/ptolemy/domains/de/test/auto/TwoSigmaDelta.xml (RunModel)" time="2.004" />
  <testcase classname="ptolemy.util.test.junit.AutoTests" name="[75] /home/travis/build/icyphy/ptII/ptolemy/domains/de/test/auto/VariableDelay.xml (RunModel)" time="0.023" />
  <testcase classname="ptolemy.util.test.junit.AutoTests" name="[76] /home/travis/build/icyphy/ptII/ptolemy/domains/de/test/auto/VariableDelay2.xml (RunModel)" time="0.02" />
  <testcase classname="ptolemy.util.test.junit.AutoTests" name="[77] /home/travis/build/icyphy/ptII/ptolemy/domains/de/test/auto/VariableDelayZeroDelay.xml (RunModel)" time="0.011" />
  <testcase classname="ptolemy.util.test.junit.AutoTests" name="[78] /home/travis/build/icyphy/ptII/ptolemy/domains/de/test/auto/VariableDelayZeroDelay2.xml (RunModel)" time="0.011" />
  <testcase classname="ptolemy.util.test.junit.AutoTests" name="[79] /home/travis/build/icyphy/ptII/ptolemy/domains/de/test/auto/deInCt.xml (RunModel)" time="0.018" />
  <testcase classname="ptolemy.util.test.junit.AutoTests" name="[80] /home/travis/build/icyphy/ptII/ptolemy/domains/de/test/auto/deInCt2.xml (RunModel)" time="0.025" />
  <testcase classname="ptolemy.util.test.junit.AutoTests" name="[81] /home/travis/build/icyphy/ptII/ptolemy/domains/de/test/auto/dynamicCausalityInterface1.xml (RunModel)" time="0.019" />
  <testcase classname="ptolemy.util.test.junit.AutoTests" name="[82] /home/travis/build/icyphy/ptII/ptolemy/domains/de/test/auto/fsm_de_test.xml (RunModel)" time="0.028" />
  <testcase classname="ptolemy.util.test.junit.AutoTests" name="[83] /home/travis/build/icyphy/ptII/ptolemy/domains/de/test/auto/functionDependencyReconstruction.xml (RunModel)" time="0.04" />
  <testcase classname="ptolemy.util.test.junit.AutoTests" name="[84] /home/travis/build/icyphy/ptII/ptolemy/domains/de/test/auto/multirate.xml (RunModel)" time="0.017" />
  <testcase classname="ptolemy.util.test.junit.AutoTests" name="[85] /home/travis/build/icyphy/ptII/ptolemy/domains/de/test/auto/multirate2.xml (RunModel)" time="0.017" />
  <testcase classname="ptolemy.util.test.junit.AutoTests" name="[86] /home/travis/build/icyphy/ptII/ptolemy/domains/de/test/auto/realtime.xml (RunModel)" time="10.014" />
  <testcase classname="ptolemy.util.test.junit.AutoTests" name="[87] /home/travis/build/icyphy/ptII/ptolemy/domains/de/test/auto/relationGroup.xml (RunModel)" time="0.013" />
  <testcase classname="ptolemy.util.test.junit.AutoTests" name="[88] /home/travis/build/icyphy/ptII/ptolemy/domains/de/test/auto/relationGroup2.xml (RunModel)" time="0.007" />
  <testcase classname="ptolemy.util.test.junit.AutoTests" name="[89] /home/travis/build/icyphy/ptII/ptolemy/domains/de/test/auto/sortWithOpaquePorts.xml (RunModel)" time="0.009" />
  <testcase classname="ptolemy.util.test.junit.AutoTests" name="[90] /home/travis/build/icyphy/ptII/ptolemy/domains/de/test/auto/transferInputsandOutputs.xml (RunModel)" time="0.015" />
  <testcase classname="ptolemy.util.test.junit.AutoTests" name="[91] /home/travis/build/icyphy/ptII/ptolemy/domains/de/test/auto/triggerType.xml (RunModel)" time="0.009" />
  <system-out><![CDATA[/home/travis/build/icyphy/ptII/ptolemy/domains/de/test/DependencyLoop.tcl
testDefs.tcl: setting time out to 9000 seconds at Mon Dec 09 06:21:46 UTC 2019
94 ms. Memory: 120832K Free: 72134K (60%)
29 ms. Memory: 120832K Free: 54719K (45%)
/home/travis/build/icyphy/ptII/ptolemy/domains/de/test/RunDETestsAsQSS.tcl
Run the DE tests using ptolemy.domains.qss.test.QSSDirectorTest, which extends QSSDirector and prints a message in the constructors.
------------------ testing $PTII/ptolemy/domains/de/test/auto/knownFailedTests/DirectFeedback.xml (Known Failure) 
64 ms. Memory: 120832K Free: 48582K (40%)


==== $PTIIhome/travis/build/icyphy/ptII/ptolemy/domains/de/test/../../../../: Auto Automatic test in file $PTII/ptolemy/domains/de/test/auto/knownFailedTests/DirectFeedback.xml
==== Contents of test case:

	    # FIXME: we should use $relativeFilename here, but it
	    # might have backslashes under Windows, which causes no end
	    # of trouble.
	    createAndExecute $file
	    list {}
	
.... Test generated KNOWN error:
    while executing
ptolemy.kernel.util.IllegalActionException: Test fails in iteration 1.
Value was: 1.0. Should have been: 2.0
  in .DirectFeedback.Test
	at ptolemy.actor.lib.Test.fire(Test.java:268)
	at ptolemy.domains.de.kernel.DEDirector._fire(DEDirector.java:1949)
	at ptolemy.domains.de.kernel.DEDirector.fire(DEDirector.java:502)
	at ptolemy.actor.CompositeActor.fire(CompositeActor.java:455)
	at ptolemy.actor.Manager.iterate(Manager.java:851)
	at ptolemy.actor.Manager.execute(Manager.java:369)
	at ptolemy.actor.Manager.run(Manager.java:1263)
	at ptolemy.actor.Manager$PtolemyRunThread.run(Manager.java:1933)

    while executing
ptolemy.kernel.util.IllegalActionException: Test fails in iteration 1.
Value was: 1.0. Should have been: 2.0
  in .DirectFeedback.Test
    while executing
"java::new ptolemy.moml.MoMLSimpleApplication $file
"
    (procedure "createAndExecute" line 2)
    invoked from within
"createAndExecute $file"
    ("uplevel" body line 5)
    invoked from within
"uplevel $contents_of_test"
------------------ testing $PTII/ptolemy/domains/de/test/auto/knownFailedTests/dependencyLoop.xml (Known Failure) 
54 ms. Memory: 120832K Free: 108237K (90%)


==== $PTIIhome/travis/build/icyphy/ptII/ptolemy/domains/de/test/../../../../: Auto Automatic test in file $PTII/ptolemy/domains/de/test/auto/knownFailedTests/dependencyLoop.xml
==== Contents of test case:

	    # FIXME: we should use $relativeFilename here, but it
	    # might have backslashes under Windows, which causes no end
	    # of trouble.
	    createAndExecute $file
	    list {}
	
.... Test generated KNOWN error:
    while executing
ptolemy.kernel.util.IllegalActionException: Found a zero delay loop containing .dependencyLoop.original
  in .dependencyLoop and .dependencyLoop.original
	at ptolemy.actor.util.CausalityInterfaceForComposites._computeOutputPortDepth(CausalityInterfaceForComposites.java:759)
	at ptolemy.actor.util.CausalityInterfaceForComposites._computeInputDepth(CausalityInterfaceForComposites.java:696)
	at ptolemy.actor.util.CausalityInterfaceForComposites._computeOutputPortDepth(CausalityInterfaceForComposites.java:765)
	at ptolemy.actor.util.CausalityInterfaceForComposites._computeInputDepth(CausalityInterfaceForComposites.java:696)
	at ptolemy.actor.util.CausalityInterfaceForComposites._computeOutputPortDepth(CausalityInterfaceForComposites.java:765)
	at ptolemy.actor.util.CausalityInterfaceForComposites._computeInputDepth(CausalityInterfaceForComposites.java:696)
	at ptolemy.actor.util.CausalityInterfaceForComposites._computeActorDepth(CausalityInterfaceForComposites.java:532)
	at ptolemy.actor.util.CausalityInterfaceForComposites.checkForCycles(CausalityInterfaceForComposites.java:96)
	at ptolemy.domains.de.kernel.DEDirector.preinitialize(DEDirector.java:1338)
	at ptolemy.actor.CompositeActor.preinitialize(CompositeActor.java:1828)
	at ptolemy.actor.Manager.preinitializeAndResolveTypes(Manager.java:1040)
	at ptolemy.actor.Manager.initialize(Manager.java:710)
	at ptolemy.actor.Manager.execute(Manager.java:356)
	at ptolemy.actor.Manager.run(Manager.java:1263)
	at ptolemy.actor.Manager$PtolemyRunThread.run(Manager.java:1933)

    while executing
ptolemy.kernel.util.IllegalActionException: Found a zero delay loop containing .dependencyLoop.original
  in .dependencyLoop and .dependencyLoop.original
    while executing
"java::new ptolemy.moml.MoMLSimpleApplication $file
"
    (procedure "createAndExecute" line 2)
    invoked from within
"createAndExecute $file"
    ("uplevel" body line 5)
    invoked from within
"uplevel $contents_of_test"
------------------ testing $PTII/ptolemy/domains/de/test/auto/knownFailedTests/FSMSource.xml (Known Failure) 
58 ms. Memory: 120832K Free: 99080K (82%)
!!!! Auto was marked as failing, but now passes
------------------ testing $PTII/ptolemy/domains/de/test/auto/knownFailedTests/HierarchicalModel.xml (Known Failure) 
7 ms. Memory: 120832K Free: 81657K (68%)


==== $PTIIhome/travis/build/icyphy/ptII/ptolemy/domains/de/test/../../../../: Auto Automatic test in file $PTII/ptolemy/domains/de/test/auto/knownFailedTests/HierarchicalModel.xml
==== Contents of test case:

	    # FIXME: we should use $relativeFilename here, but it
	    # might have backslashes under Windows, which causes no end
	    # of trouble.
	    createAndExecute $file
	    list {}
	
.... Test generated KNOWN error:
    while executing
ptolemy.kernel.util.IllegalActionException: Found a zero delay loop containing .HierarchicalModel.A
  in .HierarchicalModel and .HierarchicalModel.A
	at ptolemy.actor.util.CausalityInterfaceForComposites._computeOutputPortDepth(CausalityInterfaceForComposites.java:759)
	at ptolemy.actor.util.CausalityInterfaceForComposites._computeInputDepth(CausalityInterfaceForComposites.java:696)
	at ptolemy.actor.util.CausalityInterfaceForComposites._computeOutputPortDepth(CausalityInterfaceForComposites.java:765)
	at ptolemy.actor.util.CausalityInterfaceForComposites._computeInputDepth(CausalityInterfaceForComposites.java:696)
	at ptolemy.actor.util.CausalityInterfaceForComposites._computeOutputPortDepth(CausalityInterfaceForComposites.java:765)
	at ptolemy.actor.util.CausalityInterfaceForComposites._computeInputDepth(CausalityInterfaceForComposites.java:696)
	at ptolemy.actor.util.CausalityInterfaceForComposites._computeActorDepth(CausalityInterfaceForComposites.java:532)
	at ptolemy.actor.util.CausalityInterfaceForComposites.checkForCycles(CausalityInterfaceForComposites.java:96)
	at ptolemy.domains.de.kernel.DEDirector.preinitialize(DEDirector.java:1338)
	at ptolemy.actor.CompositeActor.preinitialize(CompositeActor.java:1828)
	at ptolemy.actor.Manager.preinitializeAndResolveTypes(Manager.java:1040)
	at ptolemy.actor.Manager.initialize(Manager.java:710)
	at ptolemy.actor.Manager.execute(Manager.java:356)
	at ptolemy.actor.Manager.run(Manager.java:1263)
	at ptolemy.actor.Manager$PtolemyRunThread.run(Manager.java:1933)

    while executing
ptolemy.kernel.util.IllegalActionException: Found a zero delay loop containing .HierarchicalModel.A
  in .HierarchicalModel and .HierarchicalModel.A
    while executing
"java::new ptolemy.moml.MoMLSimpleApplication $file
"
    (procedure "createAndExecute" line 2)
    invoked from within
"createAndExecute $file"
    ("uplevel" body line 5)
    invoked from within
"uplevel $contents_of_test"
------------------ testing $PTII/ptolemy/domains/de/test/auto/knownFailedTests/dependencyLoop2.xml (Known Failure) 
25 ms. Memory: 120832K Free: 105332K (87%)


==== $PTIIhome/travis/build/icyphy/ptII/ptolemy/domains/de/test/../../../../: Auto Automatic test in file $PTII/ptolemy/domains/de/test/auto/knownFailedTests/dependencyLoop2.xml
==== Contents of test case:

	    # FIXME: we should use $relativeFilename here, but it
	    # might have backslashes under Windows, which causes no end
	    # of trouble.
	    createAndExecute $file
	    list {}
	
.... Test generated KNOWN error:
    while executing
ptolemy.kernel.util.IllegalActionException: Found a zero delay loop containing .dependencyLoop2.original
  in .dependencyLoop2 and .dependencyLoop2.original
	at ptolemy.actor.util.CausalityInterfaceForComposites._computeOutputPortDepth(CausalityInterfaceForComposites.java:759)
	at ptolemy.actor.util.CausalityInterfaceForComposites._computeInputDepth(CausalityInterfaceForComposites.java:696)
	at ptolemy.actor.util.CausalityInterfaceForComposites._computeOutputPortDepth(CausalityInterfaceForComposites.java:765)
	at ptolemy.actor.util.CausalityInterfaceForComposites._computeInputDepth(CausalityInterfaceForComposites.java:696)
	at ptolemy.actor.util.CausalityInterfaceForComposites._computeOutputPortDepth(CausalityInterfaceForComposites.java:765)
	at ptolemy.actor.util.CausalityInterfaceForComposites._computeInputDepth(CausalityInterfaceForComposites.java:696)
	at ptolemy.actor.util.CausalityInterfaceForComposites._computeActorDepth(CausalityInterfaceForComposites.java:532)
	at ptolemy.actor.util.CausalityInterfaceForComposites.checkForCycles(CausalityInterfaceForComposites.java:96)
	at ptolemy.domains.de.kernel.DEDirector.preinitialize(DEDirector.java:1338)
	at ptolemy.actor.CompositeActor.preinitialize(CompositeActor.java:1828)
	at ptolemy.actor.Manager.preinitializeAndResolveTypes(Manager.java:1040)
	at ptolemy.actor.Manager.initialize(Manager.java:710)
	at ptolemy.actor.Manager.execute(Manager.java:356)
	at ptolemy.actor.Manager.run(Manager.java:1263)
	at ptolemy.actor.Manager$PtolemyRunThread.run(Manager.java:1933)

    while executing
ptolemy.kernel.util.IllegalActionException: Found a zero delay loop containing .dependencyLoop2.original
  in .dependencyLoop2 and .dependencyLoop2.original
    while executing
"java::new ptolemy.moml.MoMLSimpleApplication $file
"
    (procedure "createAndExecute" line 2)
    invoked from within
"createAndExecute $file"
    ("uplevel" body line 5)
    invoked from within
"uplevel $contents_of_test"
------------------ testing $PTII/ptolemy/domains/de/test/auto/knownFailedTests/DESDFClockTest.xml (Known Failure) 
2047 ms. Memory: 120832K Free: 92530K (77%)


==== $PTIIhome/travis/build/icyphy/ptII/ptolemy/domains/de/test/../../../../: Auto Automatic test in file $PTII/ptolemy/domains/de/test/auto/knownFailedTests/DESDFClockTest.xml
==== Contents of test case:

	    # FIXME: we should use $relativeFilename here, but it
	    # might have backslashes under Windows, which causes no end
	    # of trouble.
	    createAndExecute $file
	    list {}
	
.... Test generated KNOWN error:
    while executing
ptolemy.kernel.util.IllegalActionException: Actor is not ready to fire.  Perhaps UpSample.prefire() returned false? Try debugging the actor by selecting "Listen to Actor".  Also, for SDF check moml for tokenConsumptionRate on input.
  in .DESDFClockTest.Play Bell.Copy1:SDF Director and .DESDFClockTest.Play Bell.UpSample
	at ptolemy.actor.sched.StaticSchedulingDirector.fire(StaticSchedulingDirector.java:227)
	at ptolemy.domains.sdf.kernel.SDFDirector.fire(SDFDirector.java:500)
	at ptolemy.actor.CompositeActor.fire(CompositeActor.java:455)
	at ptolemy.domains.de.kernel.DEDirector._fire(DEDirector.java:1949)
	at ptolemy.domains.de.kernel.DEDirector.fire(DEDirector.java:502)
	at ptolemy.actor.CompositeActor.fire(CompositeActor.java:455)
	at ptolemy.actor.Manager.iterate(Manager.java:851)
	at ptolemy.actor.Manager.execute(Manager.java:369)
	at ptolemy.actor.Manager.run(Manager.java:1263)
	at ptolemy.actor.Manager$PtolemyRunThread.run(Manager.java:1933)

    while executing
ptolemy.kernel.util.IllegalActionException: Actor is not ready to fire.  Perhaps UpSample.prefire() returned false? Try debugging the actor by selecting "Listen to Actor".  Also, for SDF check moml for tokenConsumptionRate on input.
  in .DESDFClockTest.Play Bell.Copy1:SDF Director and .DESDFClockTest.Play Bell.UpSample
    while executing
"java::new ptolemy.moml.MoMLSimpleApplication $file
"
    (procedure "createAndExecute" line 2)
    invoked from within
"createAndExecute $file"
    ("uplevel" body line 5)
    invoked from within
"uplevel $contents_of_test"
------------------ testing $PTII/ptolemy/domains/de/test/auto/ActorDepthCalculation_actorWithoutPorts.xml
auto.tcl: Setting watchdog for 200 seconds at Mon Dec 09 06:21:50 UTC 2019
14 ms. Memory: 120832K Free: 84852K (70%)
ptolemy.util.test.WatchDog.cancel(): canceling Mon Dec 09 06:21:50 UTC 2019
auto.tcl: Setting watchdog for 200 seconds at Mon Dec 09 06:21:50 UTC 2019
7 ms. Memory: 120832K Free: 83300K (69%)
ptolemy.util.test.WatchDog.cancel(): canceling Mon Dec 09 06:21:50 UTC 2019
------------------ testing $PTII/ptolemy/domains/de/test/auto/AssemblyLine.xml
auto.tcl: Setting watchdog for 200 seconds at Mon Dec 09 06:21:51 UTC 2019
19 ms. Memory: 48128K Free: 25516K (53%)
ptolemy.util.test.WatchDog.cancel(): canceling Mon Dec 09 06:21:51 UTC 2019
auto.tcl: Setting watchdog for 200 seconds at Mon Dec 09 06:21:51 UTC 2019
12 ms. Memory: 48128K Free: 25084K (52%)
ptolemy.util.test.WatchDog.cancel(): canceling Mon Dec 09 06:21:51 UTC 2019
------------------ testing $PTII/ptolemy/domains/de/test/auto/CQBug1.xml
auto.tcl: Setting watchdog for 200 seconds at Mon Dec 09 06:21:51 UTC 2019
3 ms. Memory: 48128K Free: 31572K (66%)
ptolemy.util.test.WatchDog.cancel(): canceling Mon Dec 09 06:21:51 UTC 2019
auto.tcl: Setting watchdog for 200 seconds at Mon Dec 09 06:21:51 UTC 2019
2 ms. Memory: 48128K Free: 31132K (65%)
ptolemy.util.test.WatchDog.cancel(): canceling Mon Dec 09 06:21:51 UTC 2019
------------------ testing $PTII/ptolemy/domains/de/test/auto/CancelFireAt.xml
auto.tcl: Setting watchdog for 200 seconds at Mon Dec 09 06:21:51 UTC 2019
3 ms. Memory: 45056K Free: 29704K (66%)
ptolemy.util.test.WatchDog.cancel(): canceling Mon Dec 09 06:21:51 UTC 2019
auto.tcl: Setting watchdog for 200 seconds at Mon Dec 09 06:21:51 UTC 2019
2 ms. Memory: 45056K Free: 29320K (65%)
ptolemy.util.test.WatchDog.cancel(): canceling Mon Dec 09 06:21:51 UTC 2019
------------------ testing $PTII/ptolemy/domains/de/test/auto/CausalityAndComposabilityAnalysis.xml
auto.tcl: Setting watchdog for 200 seconds at Mon Dec 09 06:21:51 UTC 2019
14 ms. Memory: 45056K Free: 27685K (61%)
ptolemy.util.test.WatchDog.cancel(): canceling Mon Dec 09 06:21:51 UTC 2019
auto.tcl: Setting watchdog for 200 seconds at Mon Dec 09 06:21:51 UTC 2019
5 ms. Memory: 45056K Free: 26902K (60%)
ptolemy.util.test.WatchDog.cancel(): canceling Mon Dec 09 06:21:51 UTC 2019
------------------ testing $PTII/ptolemy/domains/de/test/auto/CausalityInterface1.xml
auto.tcl: Setting watchdog for 200 seconds at Mon Dec 09 06:21:51 UTC 2019
28 ms. Memory: 45056K Free: 26365K (59%)
ptolemy.util.test.WatchDog.cancel(): canceling Mon Dec 09 06:21:51 UTC 2019
auto.tcl: Setting watchdog for 200 seconds at Mon Dec 09 06:21:51 UTC 2019
4 ms. Memory: 45056K Free: 25398K (56%)
ptolemy.util.test.WatchDog.cancel(): canceling Mon Dec 09 06:21:51 UTC 2019
------------------ testing $PTII/ptolemy/domains/de/test/auto/CausalityInterface15.xml
auto.tcl: Setting watchdog for 200 seconds at Mon Dec 09 06:21:51 UTC 2019
9 ms. Memory: 45056K Free: 26073K (58%)
ptolemy.util.test.WatchDog.cancel(): canceling Mon Dec 09 06:21:51 UTC 2019
auto.tcl: Setting watchdog for 200 seconds at Mon Dec 09 06:21:51 UTC 2019
7 ms. Memory: 45056K Free: 25373K (56%)
ptolemy.util.test.WatchDog.cancel(): canceling Mon Dec 09 06:21:51 UTC 2019
------------------ testing $PTII/ptolemy/domains/de/test/auto/CausalityInterface2.xml
auto.tcl: Setting watchdog for 200 seconds at Mon Dec 09 06:21:51 UTC 2019
4 ms. Memory: 45056K Free: 27090K (60%)
ptolemy.util.test.WatchDog.cancel(): canceling Mon Dec 09 06:21:51 UTC 2019
auto.tcl: Setting watchdog for 200 seconds at Mon Dec 09 06:21:51 UTC 2019
3 ms. Memory: 45056K Free: 26378K (59%)
ptolemy.util.test.WatchDog.cancel(): canceling Mon Dec 09 06:21:51 UTC 2019
------------------ testing $PTII/ptolemy/domains/de/test/auto/CausalityInterface3.xml
auto.tcl: Setting watchdog for 200 seconds at Mon Dec 09 06:21:52 UTC 2019
3 ms. Memory: 45056K Free: 26542K (59%)
ptolemy.util.test.WatchDog.cancel(): canceling Mon Dec 09 06:21:52 UTC 2019
auto.tcl: Setting watchdog for 200 seconds at Mon Dec 09 06:21:52 UTC 2019
3 ms. Memory: 45056K Free: 25767K (57%)
ptolemy.util.test.WatchDog.cancel(): canceling Mon Dec 09 06:21:52 UTC 2019
------------------ testing $PTII/ptolemy/domains/de/test/auto/ClockDrift.xml
auto.tcl: Setting watchdog for 200 seconds at Mon Dec 09 06:21:52 UTC 2019
80 ms. Memory: 45056K Free: 19126K (42%)
ptolemy.util.test.WatchDog.cancel(): canceling Mon Dec 09 06:21:52 UTC 2019
auto.tcl: Setting watchdog for 200 seconds at Mon Dec 09 06:21:52 UTC 2019
51 ms. Memory: 45056K Free: 16142K (36%)
ptolemy.util.test.WatchDog.cancel(): canceling Mon Dec 09 06:21:52 UTC 2019
------------------ testing $PTII/ptolemy/domains/de/test/auto/ClockDriftAndValueChange.xml
auto.tcl: Setting watchdog for 200 seconds at Mon Dec 09 06:21:52 UTC 2019
37 ms. Memory: 45056K Free: 19216K (43%)
ptolemy.util.test.WatchDog.cancel(): canceling Mon Dec 09 06:21:52 UTC 2019
auto.tcl: Setting watchdog for 200 seconds at Mon Dec 09 06:21:52 UTC 2019
21 ms. Memory: 45056K Free: 16372K (36%)
ptolemy.util.test.WatchDog.cancel(): canceling Mon Dec 09 06:21:52 UTC 2019
------------------ testing $PTII/ptolemy/domains/de/test/auto/ClockDriftChange.xml
auto.tcl: Setting watchdog for 200 seconds at Mon Dec 09 06:21:52 UTC 2019
24 ms. Memory: 45056K Free: 21265K (47%)
ptolemy.util.test.WatchDog.cancel(): canceling Mon Dec 09 06:21:52 UTC 2019
auto.tcl: Setting watchdog for 200 seconds at Mon Dec 09 06:21:52 UTC 2019
32 ms. Memory: 45056K Free: 18735K (42%)
ptolemy.util.test.WatchDog.cancel(): canceling Mon Dec 09 06:21:52 UTC 2019
------------------ testing $PTII/ptolemy/domains/de/test/auto/ComposableCausalityAnalysis.xml
auto.tcl: Setting watchdog for 200 seconds at Mon Dec 09 06:21:52 UTC 2019
3 ms. Memory: 45056K Free: 25855K (57%)
ptolemy.util.test.WatchDog.cancel(): canceling Mon Dec 09 06:21:52 UTC 2019
auto.tcl: Setting watchdog for 200 seconds at Mon Dec 09 06:21:52 UTC 2019
5 ms. Memory: 45056K Free: 24603K (55%)
ptolemy.util.test.WatchDog.cancel(): canceling Mon Dec 09 06:21:52 UTC 2019
------------------ testing $PTII/ptolemy/domains/de/test/auto/DEFixedPointLimitation.xml
auto.tcl: Setting watchdog for 200 seconds at Mon Dec 09 06:21:52 UTC 2019
2 ms. Memory: 45056K Free: 27248K (60%)
ptolemy.util.test.WatchDog.cancel(): canceling Mon Dec 09 06:21:52 UTC 2019
auto.tcl: Setting watchdog for 200 seconds at Mon Dec 09 06:21:52 UTC 2019
2 ms. Memory: 45056K Free: 26337K (58%)
ptolemy.util.test.WatchDog.cancel(): canceling Mon Dec 09 06:21:52 UTC 2019
------------------ testing $PTII/ptolemy/domains/de/test/auto/DEScheduleTest.xml
auto.tcl: Setting watchdog for 200 seconds at Mon Dec 09 06:21:52 UTC 2019
4 ms. Memory: 45056K Free: 27562K (61%)
ptolemy.util.test.WatchDog.cancel(): canceling Mon Dec 09 06:21:52 UTC 2019
auto.tcl: Setting watchdog for 200 seconds at Mon Dec 09 06:21:52 UTC 2019
3 ms. Memory: 45056K Free: 26823K (60%)
ptolemy.util.test.WatchDog.cancel(): canceling Mon Dec 09 06:21:52 UTC 2019
------------------ testing $PTII/ptolemy/domains/de/test/auto/DEinDEwithStartTimes.xml
auto.tcl: Setting watchdog for 200 seconds at Mon Dec 09 06:21:52 UTC 2019
5 ms. Memory: 45056K Free: 25692K (57%)
ptolemy.util.test.WatchDog.cancel(): canceling Mon Dec 09 06:21:52 UTC 2019
auto.tcl: Setting watchdog for 200 seconds at Mon Dec 09 06:21:52 UTC 2019
6 ms. Memory: 45056K Free: 24668K (55%)
ptolemy.util.test.WatchDog.cancel(): canceling Mon Dec 09 06:21:53 UTC 2019
------------------ testing $PTII/ptolemy/domains/de/test/auto/DEinDEwithStartTimes2.xml
auto.tcl: Setting watchdog for 200 seconds at Mon Dec 09 06:21:53 UTC 2019
5 ms. Memory: 45056K Free: 24922K (55%)
ptolemy.util.test.WatchDog.cancel(): canceling Mon Dec 09 06:21:53 UTC 2019
auto.tcl: Setting watchdog for 200 seconds at Mon Dec 09 06:21:53 UTC 2019
4 ms. Memory: 45056K Free: 23623K (52%)
ptolemy.util.test.WatchDog.cancel(): canceling Mon Dec 09 06:21:53 UTC 2019
------------------ testing $PTII/ptolemy/domains/de/test/auto/DateDemo.xml
auto.tcl: Setting watchdog for 200 seconds at Mon Dec 09 06:21:53 UTC 2019
13 ms. Memory: 45056K Free: 19275K (43%)
ptolemy.util.test.WatchDog.cancel(): canceling Mon Dec 09 06:21:53 UTC 2019
auto.tcl: Setting watchdog for 200 seconds at Mon Dec 09 06:21:53 UTC 2019
8 ms. Memory: 45056K Free: 17740K (39%)
ptolemy.util.test.WatchDog.cancel(): canceling Mon Dec 09 06:21:53 UTC 2019
------------------ testing $PTII/ptolemy/domains/de/test/auto/DateToEvent.xml
auto.tcl: Setting watchdog for 200 seconds at Mon Dec 09 06:21:53 UTC 2019
2010 ms. Memory: 45056K Free: 14959K (33%)
ptolemy.util.test.WatchDog.cancel(): canceling Mon Dec 09 06:21:55 UTC 2019
auto.tcl: Setting watchdog for 200 seconds at Mon Dec 09 06:21:55 UTC 2019
2005 ms. Memory: 45056K Free: 14228K (32%)
ptolemy.util.test.WatchDog.cancel(): canceling Mon Dec 09 06:21:57 UTC 2019
------------------ testing $PTII/ptolemy/domains/de/test/auto/DepthTest1.xml
auto.tcl: Setting watchdog for 200 seconds at Mon Dec 09 06:21:57 UTC 2019
5 ms. Memory: 45056K Free: 28479K (63%)
ptolemy.util.test.WatchDog.cancel(): canceling Mon Dec 09 06:21:57 UTC 2019
auto.tcl: Setting watchdog for 200 seconds at Mon Dec 09 06:21:57 UTC 2019
2 ms. Memory: 45056K Free: 27971K (62%)
ptolemy.util.test.WatchDog.cancel(): canceling Mon Dec 09 06:21:57 UTC 2019
------------------ testing $PTII/ptolemy/domains/de/test/auto/DepthTest2.xml
auto.tcl: Setting watchdog for 200 seconds at Mon Dec 09 06:21:57 UTC 2019
6 ms. Memory: 45056K Free: 24704K (55%)
ptolemy.util.test.WatchDog.cancel(): canceling Mon Dec 09 06:21:57 UTC 2019
auto.tcl: Setting watchdog for 200 seconds at Mon Dec 09 06:21:57 UTC 2019
3 ms. Memory: 45056K Free: 24312K (54%)
ptolemy.util.test.WatchDog.cancel(): canceling Mon Dec 09 06:21:57 UTC 2019
------------------ testing $PTII/ptolemy/domains/de/test/auto/DepthTest3.xml
auto.tcl: Setting watchdog for 200 seconds at Mon Dec 09 06:21:57 UTC 2019
12 ms. Memory: 45056K Free: 28187K (63%)
ptolemy.util.test.WatchDog.cancel(): canceling Mon Dec 09 06:21:57 UTC 2019
auto.tcl: Setting watchdog for 200 seconds at Mon Dec 09 06:21:57 UTC 2019
2 ms. Memory: 45056K Free: 27809K (62%)
ptolemy.util.test.WatchDog.cancel(): canceling Mon Dec 09 06:21:57 UTC 2019
------------------ testing $PTII/ptolemy/domains/de/test/auto/DepthTest4.xml
auto.tcl: Setting watchdog for 200 seconds at Mon Dec 09 06:21:57 UTC 2019
5 ms. Memory: 45056K Free: 26544K (59%)
ptolemy.util.test.WatchDog.cancel(): canceling Mon Dec 09 06:21:57 UTC 2019
auto.tcl: Setting watchdog for 200 seconds at Mon Dec 09 06:21:57 UTC 2019
2 ms. Memory: 45056K Free: 25806K (57%)
ptolemy.util.test.WatchDog.cancel(): canceling Mon Dec 09 06:21:57 UTC 2019
------------------ testing $PTII/ptolemy/domains/de/test/auto/DepthTest5.xml
auto.tcl: Setting watchdog for 200 seconds at Mon Dec 09 06:21:57 UTC 2019
5 ms. Memory: 45056K Free: 25944K (58%)
ptolemy.util.test.WatchDog.cancel(): canceling Mon Dec 09 06:21:57 UTC 2019
auto.tcl: Setting watchdog for 200 seconds at Mon Dec 09 06:21:57 UTC 2019
3 ms. Memory: 45056K Free: 25177K (56%)
ptolemy.util.test.WatchDog.cancel(): canceling Mon Dec 09 06:21:57 UTC 2019
------------------ testing $PTII/ptolemy/domains/de/test/auto/DepthTest6.xml
auto.tcl: Setting watchdog for 200 seconds at Mon Dec 09 06:21:57 UTC 2019
8 ms. Memory: 45056K Free: 25688K (57%)
ptolemy.util.test.WatchDog.cancel(): canceling Mon Dec 09 06:21:57 UTC 2019
auto.tcl: Setting watchdog for 200 seconds at Mon Dec 09 06:21:57 UTC 2019
3 ms. Memory: 45056K Free: 25126K (56%)
ptolemy.util.test.WatchDog.cancel(): canceling Mon Dec 09 06:21:57 UTC 2019
------------------ testing $PTII/ptolemy/domains/de/test/auto/DepthTest7.xml
auto.tcl: Setting watchdog for 200 seconds at Mon Dec 09 06:21:57 UTC 2019
4 ms. Memory: 45056K Free: 26307K (58%)
ptolemy.util.test.WatchDog.cancel(): canceling Mon Dec 09 06:21:58 UTC 2019
auto.tcl: Setting watchdog for 200 seconds at Mon Dec 09 06:21:58 UTC 2019
3 ms. Memory: 45056K Free: 25404K (56%)
ptolemy.util.test.WatchDog.cancel(): canceling Mon Dec 09 06:21:58 UTC 2019
------------------ testing $PTII/ptolemy/domains/de/test/auto/EventToDate.xml
auto.tcl: Setting watchdog for 200 seconds at Mon Dec 09 06:21:58 UTC 2019
3007 ms. Memory: 45056K Free: 17040K (38%)
ptolemy.util.test.WatchDog.cancel(): canceling Mon Dec 09 06:22:01 UTC 2019
auto.tcl: Setting watchdog for 200 seconds at Mon Dec 09 06:22:01 UTC 2019
3003 ms. Memory: 45056K Free: 16542K (37%)
ptolemy.util.test.WatchDog.cancel(): canceling Mon Dec 09 06:22:04 UTC 2019
------------------ testing $PTII/ptolemy/domains/de/test/auto/FSM1.xml
auto.tcl: Setting watchdog for 200 seconds at Mon Dec 09 06:22:04 UTC 2019
25 ms. Memory: 45056K Free: 18473K (41%)
ptolemy.util.test.WatchDog.cancel(): canceling Mon Dec 09 06:22:04 UTC 2019
auto.tcl: Setting watchdog for 200 seconds at Mon Dec 09 06:22:04 UTC 2019
18 ms. Memory: 45056K Free: 15210K (34%)
ptolemy.util.test.WatchDog.cancel(): canceling Mon Dec 09 06:22:04 UTC 2019
------------------ testing $PTII/ptolemy/domains/de/test/auto/FSM7.xml
auto.tcl: Setting watchdog for 200 seconds at Mon Dec 09 06:22:04 UTC 2019
15 ms. Memory: 45056K Free: 18221K (40%)
ptolemy.util.test.WatchDog.cancel(): canceling Mon Dec 09 06:22:04 UTC 2019
auto.tcl: Setting watchdog for 200 seconds at Mon Dec 09 06:22:04 UTC 2019
28 ms. Memory: 45056K Free: 15112K (34%)
ptolemy.util.test.WatchDog.cancel(): canceling Mon Dec 09 06:22:04 UTC 2019
------------------ testing $PTII/ptolemy/domains/de/test/auto/Inspection.xml
auto.tcl: Setting watchdog for 200 seconds at Mon Dec 09 06:22:04 UTC 2019
24 ms. Memory: 45056K Free: 18233K (40%)
ptolemy.util.test.WatchDog.cancel(): canceling Mon Dec 09 06:22:04 UTC 2019
auto.tcl: Setting watchdog for 200 seconds at Mon Dec 09 06:22:04 UTC 2019
22 ms. Memory: 45056K Free: 16481K (37%)
ptolemy.util.test.WatchDog.cancel(): canceling Mon Dec 09 06:22:04 UTC 2019
------------------ testing $PTII/ptolemy/domains/de/test/auto/Iteration.xml
auto.tcl: Setting watchdog for 200 seconds at Mon Dec 09 06:22:04 UTC 2019
11 ms. Memory: 45056K Free: 23934K (53%)
ptolemy.util.test.WatchDog.cancel(): canceling Mon Dec 09 06:22:04 UTC 2019
auto.tcl: Setting watchdog for 200 seconds at Mon Dec 09 06:22:04 UTC 2019
8 ms. Memory: 45056K Free: 22520K (50%)
ptolemy.util.test.WatchDog.cancel(): canceling Mon Dec 09 06:22:04 UTC 2019
------------------ testing $PTII/ptolemy/domains/de/test/auto/LineFault.xml
auto.tcl: Setting watchdog for 200 seconds at Mon Dec 09 06:22:04 UTC 2019
703 ms. Memory: 45056K Free: 25305K (56%)
ptolemy.util.test.WatchDog.cancel(): canceling Mon Dec 09 06:22:05 UTC 2019
auto.tcl: Setting watchdog for 200 seconds at Mon Dec 09 06:22:05 UTC 2019
630 ms. Memory: 58368K Free: 23809K (41%)
ptolemy.util.test.WatchDog.cancel(): canceling Mon Dec 09 06:22:06 UTC 2019
------------------ testing $PTII/ptolemy/domains/de/test/auto/MergeModel1Add.xml
auto.tcl: Setting watchdog for 200 seconds at Mon Dec 09 06:22:06 UTC 2019
30 ms. Memory: 55296K Free: 20158K (36%)
ptolemy.util.test.WatchDog.cancel(): canceling Mon Dec 09 06:22:06 UTC 2019
auto.tcl: Setting watchdog for 200 seconds at Mon Dec 09 06:22:06 UTC 2019
11 ms. Memory: 55296K Free: 18569K (34%)
ptolemy.util.test.WatchDog.cancel(): canceling Mon Dec 09 06:22:06 UTC 2019
------------------ testing $PTII/ptolemy/domains/de/test/auto/MergeModel2Add.xml
auto.tcl: Setting watchdog for 200 seconds at Mon Dec 09 06:22:06 UTC 2019
9 ms. Memory: 48128K Free: 14836K (31%)
ptolemy.util.test.WatchDog.cancel(): canceling Mon Dec 09 06:22:06 UTC 2019
auto.tcl: Setting watchdog for 200 seconds at Mon Dec 09 06:22:06 UTC 2019
8 ms. Memory: 48128K Free: 13106K (27%)
ptolemy.util.test.WatchDog.cancel(): canceling Mon Dec 09 06:22:06 UTC 2019
------------------ testing $PTII/ptolemy/domains/de/test/auto/MergeModel3Add.xml
auto.tcl: Setting watchdog for 200 seconds at Mon Dec 09 06:22:06 UTC 2019
10 ms. Memory: 48128K Free: 15109K (31%)
ptolemy.util.test.WatchDog.cancel(): canceling Mon Dec 09 06:22:06 UTC 2019
auto.tcl: Setting watchdog for 200 seconds at Mon Dec 09 06:22:06 UTC 2019
11 ms. Memory: 48128K Free: 13507K (28%)
ptolemy.util.test.WatchDog.cancel(): canceling Mon Dec 09 06:22:06 UTC 2019
------------------ testing $PTII/ptolemy/domains/de/test/auto/MergeWithoutDiscard.xml
auto.tcl: Setting watchdog for 200 seconds at Mon Dec 09 06:22:06 UTC 2019
2 ms. Memory: 48128K Free: 29624K (62%)
ptolemy.util.test.WatchDog.cancel(): canceling Mon Dec 09 06:22:06 UTC 2019
auto.tcl: Setting watchdog for 200 seconds at Mon Dec 09 06:22:06 UTC 2019
2 ms. Memory: 48128K Free: 29190K (61%)
ptolemy.util.test.WatchDog.cancel(): canceling Mon Dec 09 06:22:06 UTC 2019
------------------ testing $PTII/ptolemy/domains/de/test/auto/Modal1.xml
auto.tcl: Setting watchdog for 200 seconds at Mon Dec 09 06:22:06 UTC 2019
16 ms. Memory: 48128K Free: 21575K (45%)
ptolemy.util.test.WatchDog.cancel(): canceling Mon Dec 09 06:22:07 UTC 2019
auto.tcl: Setting watchdog for 200 seconds at Mon Dec 09 06:22:07 UTC 2019
12 ms. Memory: 48128K Free: 18135K (38%)
ptolemy.util.test.WatchDog.cancel(): canceling Mon Dec 09 06:22:07 UTC 2019
------------------ testing $PTII/ptolemy/domains/de/test/auto/Modal2.xml
auto.tcl: Setting watchdog for 200 seconds at Mon Dec 09 06:22:07 UTC 2019
11 ms. Memory: 48128K Free: 21667K (45%)
ptolemy.util.test.WatchDog.cancel(): canceling Mon Dec 09 06:22:07 UTC 2019
auto.tcl: Setting watchdog for 200 seconds at Mon Dec 09 06:22:07 UTC 2019
12 ms. Memory: 48128K Free: 18437K (38%)
ptolemy.util.test.WatchDog.cancel(): canceling Mon Dec 09 06:22:07 UTC 2019
------------------ testing $PTII/ptolemy/domains/de/test/auto/Modal3.xml
auto.tcl: Setting watchdog for 200 seconds at Mon Dec 09 06:22:07 UTC 2019
17 ms. Memory: 48128K Free: 21636K (45%)
ptolemy.util.test.WatchDog.cancel(): canceling Mon Dec 09 06:22:07 UTC 2019
auto.tcl: Setting watchdog for 200 seconds at Mon Dec 09 06:22:07 UTC 2019
13 ms. Memory: 48128K Free: 18078K (38%)
ptolemy.util.test.WatchDog.cancel(): canceling Mon Dec 09 06:22:07 UTC 2019
------------------ testing $PTII/ptolemy/domains/de/test/auto/Modal4.xml
auto.tcl: Setting watchdog for 200 seconds at Mon Dec 09 06:22:07 UTC 2019
13 ms. Memory: 48128K Free: 20625K (43%)
ptolemy.util.test.WatchDog.cancel(): canceling Mon Dec 09 06:22:07 UTC 2019
auto.tcl: Setting watchdog for 200 seconds at Mon Dec 09 06:22:07 UTC 2019
16 ms. Memory: 48128K Free: 16760K (35%)
ptolemy.util.test.WatchDog.cancel(): canceling Mon Dec 09 06:22:07 UTC 2019
------------------ testing $PTII/ptolemy/domains/de/test/auto/Modal5.xml
auto.tcl: Setting watchdog for 200 seconds at Mon Dec 09 06:22:07 UTC 2019
24 ms. Memory: 48128K Free: 20611K (43%)
ptolemy.util.test.WatchDog.cancel(): canceling Mon Dec 09 06:22:07 UTC 2019
auto.tcl: Setting watchdog for 200 seconds at Mon Dec 09 06:22:07 UTC 2019
14 ms. Memory: 48128K Free: 16771K (35%)
ptolemy.util.test.WatchDog.cancel(): canceling Mon Dec 09 06:22:07 UTC 2019
------------------ testing $PTII/ptolemy/domains/de/test/auto/Modal6.xml
auto.tcl: Setting watchdog for 200 seconds at Mon Dec 09 06:22:07 UTC 2019
12 ms. Memory: 48128K Free: 21386K (44%)
ptolemy.util.test.WatchDog.cancel(): canceling Mon Dec 09 06:22:07 UTC 2019
auto.tcl: Setting watchdog for 200 seconds at Mon Dec 09 06:22:07 UTC 2019
14 ms. Memory: 48128K Free: 17412K (36%)
ptolemy.util.test.WatchDog.cancel(): canceling Mon Dec 09 06:22:07 UTC 2019
------------------ testing $PTII/ptolemy/domains/de/test/auto/Modal7.xml
auto.tcl: Setting watchdog for 200 seconds at Mon Dec 09 06:22:07 UTC 2019
16 ms. Memory: 48128K Free: 20562K (43%)
ptolemy.util.test.WatchDog.cancel(): canceling Mon Dec 09 06:22:07 UTC 2019
auto.tcl: Setting watchdog for 200 seconds at Mon Dec 09 06:22:07 UTC 2019
13 ms. Memory: 48128K Free: 17090K (36%)
ptolemy.util.test.WatchDog.cancel(): canceling Mon Dec 09 06:22:07 UTC 2019
------------------ testing $PTII/ptolemy/domains/de/test/auto/ModalModel.xml
auto.tcl: Setting watchdog for 200 seconds at Mon Dec 09 06:22:07 UTC 2019
239 ms. Memory: 58368K Free: 38001K (65%)
ptolemy.util.test.WatchDog.cancel(): canceling Mon Dec 09 06:22:08 UTC 2019
auto.tcl: Setting watchdog for 200 seconds at Mon Dec 09 06:22:08 UTC 2019
206 ms. Memory: 58368K Free: 31768K (54%)
ptolemy.util.test.WatchDog.cancel(): canceling Mon Dec 09 06:22:08 UTC 2019
------------------ testing $PTII/ptolemy/domains/de/test/auto/ModalSource.xml
auto.tcl: Setting watchdog for 200 seconds at Mon Dec 09 06:22:08 UTC 2019
6 ms. Memory: 51200K Free: 28516K (56%)
ptolemy.util.test.WatchDog.cancel(): canceling Mon Dec 09 06:22:08 UTC 2019
auto.tcl: Setting watchdog for 200 seconds at Mon Dec 09 06:22:08 UTC 2019
5 ms. Memory: 51200K Free: 26443K (52%)
ptolemy.util.test.WatchDog.cancel(): canceling Mon Dec 09 06:22:08 UTC 2019
------------------ testing $PTII/ptolemy/domains/de/test/auto/NonInterruptibleTimerZeroDelay.xml
auto.tcl: Setting watchdog for 200 seconds at Mon Dec 09 06:22:08 UTC 2019
3 ms. Memory: 51200K Free: 33472K (65%)
ptolemy.util.test.WatchDog.cancel(): canceling Mon Dec 09 06:22:08 UTC 2019
auto.tcl: Setting watchdog for 200 seconds at Mon Dec 09 06:22:08 UTC 2019
2 ms. Memory: 51200K Free: 32751K (64%)
ptolemy.util.test.WatchDog.cancel(): canceling Mon Dec 09 06:22:08 UTC 2019
------------------ testing $PTII/ptolemy/domains/de/test/auto/OpenQueueingNetwork.xml
auto.tcl: Setting watchdog for 200 seconds at Mon Dec 09 06:22:08 UTC 2019
3032 ms. Memory: 102400K Free: 75107K (73%)
ptolemy.util.test.WatchDog.cancel(): canceling Mon Dec 09 06:22:11 UTC 2019
auto.tcl: Setting watchdog for 200 seconds at Mon Dec 09 06:22:11 UTC 2019
2612 ms. Memory: 147456K Free: 71971K (49%)
ptolemy.util.test.WatchDog.cancel(): canceling Mon Dec 09 06:22:14 UTC 2019
------------------ testing $PTII/ptolemy/domains/de/test/auto/OpenQueuingNetwork.xml
auto.tcl: Setting watchdog for 200 seconds at Mon Dec 09 06:22:14 UTC 2019
256 ms. Memory: 55296K Free: 25044K (45%)
ptolemy.util.test.WatchDog.cancel(): canceling Mon Dec 09 06:22:14 UTC 2019
auto.tcl: Setting watchdog for 200 seconds at Mon Dec 09 06:22:14 UTC 2019
254 ms. Memory: 55296K Free: 33556K (61%)
ptolemy.util.test.WatchDog.cancel(): canceling Mon Dec 09 06:22:14 UTC 2019
------------------ testing $PTII/ptolemy/domains/de/test/auto/PeriodicSampler.xml
auto.tcl: Setting watchdog for 200 seconds at Mon Dec 09 06:22:14 UTC 2019
3 ms. Memory: 51200K Free: 32628K (64%)
ptolemy.util.test.WatchDog.cancel(): canceling Mon Dec 09 06:22:14 UTC 2019
auto.tcl: Setting watchdog for 200 seconds at Mon Dec 09 06:22:14 UTC 2019
2 ms. Memory: 51200K Free: 32135K (63%)
ptolemy.util.test.WatchDog.cancel(): canceling Mon Dec 09 06:22:14 UTC 2019
------------------ testing $PTII/ptolemy/domains/de/test/auto/PersistentIO.xml
auto.tcl: Setting watchdog for 200 seconds at Mon Dec 09 06:22:15 UTC 2019
20 ms. Memory: 48128K Free: 24481K (51%)
ptolemy.util.test.WatchDog.cancel(): canceling Mon Dec 09 06:22:15 UTC 2019
auto.tcl: Setting watchdog for 200 seconds at Mon Dec 09 06:22:15 UTC 2019
4 ms. Memory: 48128K Free: 23029K (48%)
ptolemy.util.test.WatchDog.cancel(): canceling Mon Dec 09 06:22:15 UTC 2019
------------------ testing $PTII/ptolemy/domains/de/test/auto/PortParameterResetOnInitialize.xml
auto.tcl: Setting watchdog for 200 seconds at Mon Dec 09 06:22:15 UTC 2019
2 ms. Memory: 48128K Free: 29448K (61%)
ptolemy.util.test.WatchDog.cancel(): canceling Mon Dec 09 06:22:15 UTC 2019
auto.tcl: Setting watchdog for 200 seconds at Mon Dec 09 06:22:15 UTC 2019
2 ms. Memory: 48128K Free: 28975K (60%)
ptolemy.util.test.WatchDog.cancel(): canceling Mon Dec 09 06:22:15 UTC 2019
------------------ testing $PTII/ptolemy/domains/de/test/auto/PortParameterUpdates.xml
auto.tcl: Setting watchdog for 200 seconds at Mon Dec 09 06:22:15 UTC 2019
6 ms. Memory: 48128K Free: 27563K (57%)
ptolemy.util.test.WatchDog.cancel(): canceling Mon Dec 09 06:22:15 UTC 2019
auto.tcl: Setting watchdog for 200 seconds at Mon Dec 09 06:22:15 UTC 2019
7 ms. Memory: 48128K Free: 26108K (54%)
ptolemy.util.test.WatchDog.cancel(): canceling Mon Dec 09 06:22:15 UTC 2019
------------------ testing $PTII/ptolemy/domains/de/test/auto/QueueAndServer.xml
auto.tcl: Setting watchdog for 200 seconds at Mon Dec 09 06:22:15 UTC 2019
17 ms. Memory: 48128K Free: 26482K (55%)
ptolemy.util.test.WatchDog.cancel(): canceling Mon Dec 09 06:22:15 UTC 2019
auto.tcl: Setting watchdog for 200 seconds at Mon Dec 09 06:22:15 UTC 2019
8 ms. Memory: 48128K Free: 25057K (52%)
ptolemy.util.test.WatchDog.cancel(): canceling Mon Dec 09 06:22:15 UTC 2019
------------------ testing $PTII/ptolemy/domains/de/test/auto/Records.xml
auto.tcl: Setting watchdog for 200 seconds at Mon Dec 09 06:22:15 UTC 2019
2 ms. Memory: 48128K Free: 29009K (60%)
ptolemy.util.test.WatchDog.cancel(): canceling Mon Dec 09 06:22:15 UTC 2019
auto.tcl: Setting watchdog for 200 seconds at Mon Dec 09 06:22:15 UTC 2019
2 ms. Memory: 48128K Free: 28517K (59%)
ptolemy.util.test.WatchDog.cancel(): canceling Mon Dec 09 06:22:15 UTC 2019
------------------ testing $PTII/ptolemy/domains/de/test/auto/ResetTransitionWithStartTime1.xml
auto.tcl: Setting watchdog for 200 seconds at Mon Dec 09 06:22:15 UTC 2019
7 ms. Memory: 48128K Free: 25964K (54%)
ptolemy.util.test.WatchDog.cancel(): canceling Mon Dec 09 06:22:15 UTC 2019
auto.tcl: Setting watchdog for 200 seconds at Mon Dec 09 06:22:15 UTC 2019
6 ms. Memory: 48128K Free: 23445K (49%)
ptolemy.util.test.WatchDog.cancel(): canceling Mon Dec 09 06:22:15 UTC 2019
------------------ testing $PTII/ptolemy/domains/de/test/auto/ResetTransitionWithStartTime2.xml
auto.tcl: Setting watchdog for 200 seconds at Mon Dec 09 06:22:15 UTC 2019
11 ms. Memory: 48128K Free: 25920K (54%)
ptolemy.util.test.WatchDog.cancel(): canceling Mon Dec 09 06:22:15 UTC 2019
auto.tcl: Setting watchdog for 200 seconds at Mon Dec 09 06:22:15 UTC 2019
6 ms. Memory: 48128K Free: 23384K (49%)
ptolemy.util.test.WatchDog.cancel(): canceling Mon Dec 09 06:22:15 UTC 2019
------------------ testing $PTII/ptolemy/domains/de/test/auto/ResetTransitionWithStartTime3.xml
auto.tcl: Setting watchdog for 200 seconds at Mon Dec 09 06:22:15 UTC 2019
10 ms. Memory: 48128K Free: 25919K (54%)
ptolemy.util.test.WatchDog.cancel(): canceling Mon Dec 09 06:22:15 UTC 2019
auto.tcl: Setting watchdog for 200 seconds at Mon Dec 09 06:22:15 UTC 2019
5 ms. Memory: 48128K Free: 23855K (50%)
ptolemy.util.test.WatchDog.cancel(): canceling Mon Dec 09 06:22:15 UTC 2019
------------------ testing $PTII/ptolemy/domains/de/test/auto/ResetTransitionWithStartTime4.xml
auto.tcl: Setting watchdog for 200 seconds at Mon Dec 09 06:22:15 UTC 2019
7 ms. Memory: 48128K Free: 26389K (55%)
ptolemy.util.test.WatchDog.cancel(): canceling Mon Dec 09 06:22:15 UTC 2019
auto.tcl: Setting watchdog for 200 seconds at Mon Dec 09 06:22:15 UTC 2019
2 ms. Memory: 48128K Free: 24996K (52%)
ptolemy.util.test.WatchDog.cancel(): canceling Mon Dec 09 06:22:15 UTC 2019
------------------ testing $PTII/ptolemy/domains/de/test/auto/ResettableTimer1.xml
auto.tcl: Setting watchdog for 200 seconds at Mon Dec 09 06:22:15 UTC 2019
3 ms. Memory: 48128K Free: 30407K (63%)
ptolemy.util.test.WatchDog.cancel(): canceling Mon Dec 09 06:22:15 UTC 2019
auto.tcl: Setting watchdog for 200 seconds at Mon Dec 09 06:22:15 UTC 2019
2 ms. Memory: 48128K Free: 29530K (61%)
ptolemy.util.test.WatchDog.cancel(): canceling Mon Dec 09 06:22:15 UTC 2019
------------------ testing $PTII/ptolemy/domains/de/test/auto/ResettableTimer2.xml
auto.tcl: Setting watchdog for 200 seconds at Mon Dec 09 06:22:15 UTC 2019
2 ms. Memory: 48128K Free: 30229K (63%)
ptolemy.util.test.WatchDog.cancel(): canceling Mon Dec 09 06:22:15 UTC 2019
auto.tcl: Setting watchdog for 200 seconds at Mon Dec 09 06:22:15 UTC 2019
2 ms. Memory: 48128K Free: 29109K (60%)
ptolemy.util.test.WatchDog.cancel(): canceling Mon Dec 09 06:22:15 UTC 2019
------------------ testing $PTII/ptolemy/domains/de/test/auto/ResettableTimer3.xml
auto.tcl: Setting watchdog for 200 seconds at Mon Dec 09 06:22:15 UTC 2019
1 ms. Memory: 48128K Free: 30494K (63%)
ptolemy.util.test.WatchDog.cancel(): canceling Mon Dec 09 06:22:15 UTC 2019
auto.tcl: Setting watchdog for 200 seconds at Mon Dec 09 06:22:16 UTC 2019
1 ms. Memory: 48128K Free: 29594K (61%)
ptolemy.util.test.WatchDog.cancel(): canceling Mon Dec 09 06:22:16 UTC 2019
------------------ testing $PTII/ptolemy/domains/de/test/auto/ResettableTimer4.xml
auto.tcl: Setting watchdog for 200 seconds at Mon Dec 09 06:22:16 UTC 2019
1 ms. Memory: 48128K Free: 30105K (63%)
ptolemy.util.test.WatchDog.cancel(): canceling Mon Dec 09 06:22:16 UTC 2019
auto.tcl: Setting watchdog for 200 seconds at Mon Dec 09 06:22:16 UTC 2019
1 ms. Memory: 48128K Free: 29607K (62%)
ptolemy.util.test.WatchDog.cancel(): canceling Mon Dec 09 06:22:16 UTC 2019
------------------ testing $PTII/ptolemy/domains/de/test/auto/ResettableTimer5.xml
auto.tcl: Setting watchdog for 200 seconds at Mon Dec 09 06:22:16 UTC 2019
2 ms. Memory: 48128K Free: 29549K (61%)
ptolemy.util.test.WatchDog.cancel(): canceling Mon Dec 09 06:22:16 UTC 2019
auto.tcl: Setting watchdog for 200 seconds at Mon Dec 09 06:22:16 UTC 2019
1 ms. Memory: 48128K Free: 29093K (60%)
ptolemy.util.test.WatchDog.cancel(): canceling Mon Dec 09 06:22:16 UTC 2019
------------------ testing $PTII/ptolemy/domains/de/test/auto/ResettableTimer6.xml
auto.tcl: Setting watchdog for 200 seconds at Mon Dec 09 06:22:16 UTC 2019
2 ms. Memory: 48128K Free: 29525K (61%)
ptolemy.util.test.WatchDog.cancel(): canceling Mon Dec 09 06:22:16 UTC 2019
auto.tcl: Setting watchdog for 200 seconds at Mon Dec 09 06:22:16 UTC 2019
2 ms. Memory: 48128K Free: 29029K (60%)
ptolemy.util.test.WatchDog.cancel(): canceling Mon Dec 09 06:22:16 UTC 2019
------------------ testing $PTII/ptolemy/domains/de/test/auto/ServerZeroDelay.xml
auto.tcl: Setting watchdog for 200 seconds at Mon Dec 09 06:22:16 UTC 2019
3 ms. Memory: 48128K Free: 30045K (62%)
ptolemy.util.test.WatchDog.cancel(): canceling Mon Dec 09 06:22:16 UTC 2019
auto.tcl: Setting watchdog for 200 seconds at Mon Dec 09 06:22:16 UTC 2019
2 ms. Memory: 48128K Free: 29083K (60%)
ptolemy.util.test.WatchDog.cancel(): canceling Mon Dec 09 06:22:16 UTC 2019
------------------ testing $PTII/ptolemy/domains/de/test/auto/SmartSender.xml
auto.tcl: Setting watchdog for 200 seconds at Mon Dec 09 06:22:16 UTC 2019
3001 ms. Memory: 48128K Free: 30072K (62%)
ptolemy.util.test.WatchDog.cancel(): canceling Mon Dec 09 06:22:19 UTC 2019
auto.tcl: Setting watchdog for 200 seconds at Mon Dec 09 06:22:19 UTC 2019
3001 ms. Memory: 48128K Free: 29568K (61%)
ptolemy.util.test.WatchDog.cancel(): canceling Mon Dec 09 06:22:22 UTC 2019
------------------ testing $PTII/ptolemy/domains/de/test/auto/ThreadedComposite.xml
auto.tcl: Setting watchdog for 200 seconds at Mon Dec 09 06:22:22 UTC 2019
216 ms. Memory: 48128K Free: 10597K (22%)
ptolemy.util.test.WatchDog.cancel(): canceling Mon Dec 09 06:22:22 UTC 2019
auto.tcl: Setting watchdog for 200 seconds at Mon Dec 09 06:22:22 UTC 2019
136 ms. Memory: 48128K Free: 23711K (49%)
ptolemy.util.test.WatchDog.cancel(): canceling Mon Dec 09 06:22:22 UTC 2019
------------------ testing $PTII/ptolemy/domains/de/test/auto/Time.xml
auto.tcl: Setting watchdog for 200 seconds at Mon Dec 09 06:22:22 UTC 2019
538 ms. Memory: 48128K Free: 27150K (56%)
ptolemy.util.test.WatchDog.cancel(): canceling Mon Dec 09 06:22:23 UTC 2019
auto.tcl: Setting watchdog for 200 seconds at Mon Dec 09 06:22:23 UTC 2019
492 ms. Memory: 48128K Free: 23102K (48%)
ptolemy.util.test.WatchDog.cancel(): canceling Mon Dec 09 06:22:23 UTC 2019
------------------ testing $PTII/ptolemy/domains/de/test/auto/TimeDelayZeroDelay.xml
auto.tcl: Setting watchdog for 200 seconds at Mon Dec 09 06:22:23 UTC 2019
3 ms. Memory: 48128K Free: 30462K (63%)
ptolemy.util.test.WatchDog.cancel(): canceling Mon Dec 09 06:22:23 UTC 2019
auto.tcl: Setting watchdog for 200 seconds at Mon Dec 09 06:22:23 UTC 2019
4 ms. Memory: 48128K Free: 29572K (61%)
ptolemy.util.test.WatchDog.cancel(): canceling Mon Dec 09 06:22:23 UTC 2019
------------------ testing $PTII/ptolemy/domains/de/test/auto/TimerZeroDelay.xml
auto.tcl: Setting watchdog for 200 seconds at Mon Dec 09 06:22:24 UTC 2019
2 ms. Memory: 48128K Free: 30504K (63%)
ptolemy.util.test.WatchDog.cancel(): canceling Mon Dec 09 06:22:24 UTC 2019
auto.tcl: Setting watchdog for 200 seconds at Mon Dec 09 06:22:24 UTC 2019
2 ms. Memory: 48128K Free: 29615K (62%)
ptolemy.util.test.WatchDog.cancel(): canceling Mon Dec 09 06:22:24 UTC 2019
------------------ testing $PTII/ptolemy/domains/de/test/auto/TimingParadox.xml
auto.tcl: Setting watchdog for 200 seconds at Mon Dec 09 06:22:24 UTC 2019
389 ms. Memory: 61440K Free: 33955K (55%)
ptolemy.util.test.WatchDog.cancel(): canceling Mon Dec 09 06:22:24 UTC 2019
auto.tcl: Setting watchdog for 200 seconds at Mon Dec 09 06:22:24 UTC 2019
354 ms. Memory: 61440K Free: 30393K (49%)
ptolemy.util.test.WatchDog.cancel(): canceling Mon Dec 09 06:22:24 UTC 2019
------------------ testing $PTII/ptolemy/domains/de/test/auto/TransferInputs.xml
auto.tcl: Setting watchdog for 200 seconds at Mon Dec 09 06:22:24 UTC 2019
2 ms. Memory: 55296K Free: 35658K (64%)
ptolemy.util.test.WatchDog.cancel(): canceling Mon Dec 09 06:22:24 UTC 2019
auto.tcl: Setting watchdog for 200 seconds at Mon Dec 09 06:22:24 UTC 2019
2 ms. Memory: 55296K Free: 34750K (63%)
ptolemy.util.test.WatchDog.cancel(): canceling Mon Dec 09 06:22:24 UTC 2019
------------------ testing $PTII/ptolemy/domains/de/test/auto/TransferOutputs2.xml
auto.tcl: Setting watchdog for 200 seconds at Mon Dec 09 06:22:25 UTC 2019
2 ms. Memory: 51200K Free: 28991K (57%)
ptolemy.util.test.WatchDog.cancel(): canceling Mon Dec 09 06:22:25 UTC 2019
auto.tcl: Setting watchdog for 200 seconds at Mon Dec 09 06:22:25 UTC 2019
3 ms. Memory: 51200K Free: 27594K (54%)
ptolemy.util.test.WatchDog.cancel(): canceling Mon Dec 09 06:22:25 UTC 2019
------------------ testing $PTII/ptolemy/domains/de/test/auto/Trilateration.xml
auto.tcl: Setting watchdog for 200 seconds at Mon Dec 09 06:22:25 UTC 2019
14068 ms. Memory: 451584K Free: 323747K (72%)
ptolemy.util.test.WatchDog.cancel(): canceling Mon Dec 09 06:22:40 UTC 2019
auto.tcl: Setting watchdog for 200 seconds at Mon Dec 09 06:22:40 UTC 2019
11338 ms. Memory: 451584K Free: 348602K (77%)
ptolemy.util.test.WatchDog.cancel(): canceling Mon Dec 09 06:22:51 UTC 2019
------------------ testing $PTII/ptolemy/domains/de/test/auto/TwoSigmaDelta.xml
auto.tcl: Setting watchdog for 200 seconds at Mon Dec 09 06:22:51 UTC 2019
2831 ms. Memory: 89088K Free: 14827K (17%)
ptolemy.util.test.WatchDog.cancel(): canceling Mon Dec 09 06:22:54 UTC 2019
auto.tcl: Setting watchdog for 200 seconds at Mon Dec 09 06:22:54 UTC 2019
2164 ms. Memory: 89088K Free: 59393K (67%)
ptolemy.util.test.WatchDog.cancel(): canceling Mon Dec 09 06:22:56 UTC 2019
------------------ testing $PTII/ptolemy/domains/de/test/auto/VariableDelay.xml
auto.tcl: Setting watchdog for 200 seconds at Mon Dec 09 06:22:56 UTC 2019
9 ms. Memory: 51200K Free: 32028K (63%)
ptolemy.util.test.WatchDog.cancel(): canceling Mon Dec 09 06:22:56 UTC 2019
auto.tcl: Setting watchdog for 200 seconds at Mon Dec 09 06:22:56 UTC 2019
2 ms. Memory: 51200K Free: 31034K (61%)
ptolemy.util.test.WatchDog.cancel(): canceling Mon Dec 09 06:22:56 UTC 2019
------------------ testing $PTII/ptolemy/domains/de/test/auto/VariableDelay2.xml
auto.tcl: Setting watchdog for 200 seconds at Mon Dec 09 06:22:57 UTC 2019
5 ms. Memory: 51200K Free: 31968K (62%)
ptolemy.util.test.WatchDog.cancel(): canceling Mon Dec 09 06:22:57 UTC 2019
auto.tcl: Setting watchdog for 200 seconds at Mon Dec 09 06:22:57 UTC 2019
2 ms. Memory: 51200K Free: 31470K (61%)
ptolemy.util.test.WatchDog.cancel(): canceling Mon Dec 09 06:22:57 UTC 2019
------------------ testing $PTII/ptolemy/domains/de/test/auto/VariableDelayZeroDelay.xml
auto.tcl: Setting watchdog for 200 seconds at Mon Dec 09 06:22:57 UTC 2019
2 ms. Memory: 51200K Free: 32494K (63%)
ptolemy.util.test.WatchDog.cancel(): canceling Mon Dec 09 06:22:57 UTC 2019
auto.tcl: Setting watchdog for 200 seconds at Mon Dec 09 06:22:57 UTC 2019
2 ms. Memory: 51200K Free: 31950K (62%)
ptolemy.util.test.WatchDog.cancel(): canceling Mon Dec 09 06:22:57 UTC 2019
------------------ testing $PTII/ptolemy/domains/de/test/auto/VariableDelayZeroDelay2.xml
auto.tcl: Setting watchdog for 200 seconds at Mon Dec 09 06:22:57 UTC 2019
2 ms. Memory: 51200K Free: 32493K (63%)
ptolemy.util.test.WatchDog.cancel(): canceling Mon Dec 09 06:22:57 UTC 2019
auto.tcl: Setting watchdog for 200 seconds at Mon Dec 09 06:22:57 UTC 2019
1 ms. Memory: 51200K Free: 31469K (61%)
ptolemy.util.test.WatchDog.cancel(): canceling Mon Dec 09 06:22:57 UTC 2019
------------------ testing $PTII/ptolemy/domains/de/test/auto/deInCt.xml
auto.tcl: Setting watchdog for 200 seconds at Mon Dec 09 06:22:57 UTC 2019
0
1
1
1
0
0
0
1
1
1
1
1
0
0
0
1
1
0
0
0
1
1
1
0
0
0
1
1
1
0
0
0
1
1
1
0
0
0
1
1
1
0
0
0
0
0
0
25 ms. Memory: 51200K Free: 31467K (61%)
ptolemy.util.test.WatchDog.cancel(): canceling Mon Dec 09 06:22:57 UTC 2019
auto.tcl: Setting watchdog for 200 seconds at Mon Dec 09 06:22:57 UTC 2019
0
1
1
1
1
1
0
0
0
1
1
1
0
0
0
1
1
1
1
0
0
0
1
1
1
1
0
0
1
1
1
0
0
0
1
1
1
1
1
6 ms. Memory: 51200K Free: 29929K (58%)
ptolemy.util.test.WatchDog.cancel(): canceling Mon Dec 09 06:22:57 UTC 2019
------------------ testing $PTII/ptolemy/domains/de/test/auto/deInCt2.xml
auto.tcl: Setting watchdog for 200 seconds at Mon Dec 09 06:22:57 UTC 2019
0
1
1
1
0
0
1
1
1
0
0
1
1
1
0
0
1
1
1
0
0
1
1
1
0
0
1
1
1
0
0
1
1
1
0
0
1
1
1
0
0
0
9 ms. Memory: 51200K Free: 31469K (61%)
ptolemy.util.test.WatchDog.cancel(): canceling Mon Dec 09 06:22:57 UTC 2019
auto.tcl: Setting watchdog for 200 seconds at Mon Dec 09 06:22:57 UTC 2019
0
1
1
1
0
0
1
1
1
0
0
1
1
1
0
0
1
1
1
0
0
1
1
1
0
0
1
1
1
0
0
1
1
1
0
0
1
1
1
0
0
0
4 ms. Memory: 51200K Free: 29917K (58%)
ptolemy.util.test.WatchDog.cancel(): canceling Mon Dec 09 06:22:57 UTC 2019
------------------ testing $PTII/ptolemy/domains/de/test/auto/dynamicCausalityInterface1.xml
auto.tcl: Setting watchdog for 200 seconds at Mon Dec 09 06:22:57 UTC 2019
2 ms. Memory: 51200K Free: 27367K (53%)
ptolemy.util.test.WatchDog.cancel(): canceling Mon Dec 09 06:22:57 UTC 2019
auto.tcl: Setting watchdog for 200 seconds at Mon Dec 09 06:22:57 UTC 2019
0 ms. Memory: 51200K Free: 26853K (52%)
ptolemy.util.test.WatchDog.cancel(): canceling Mon Dec 09 06:22:57 UTC 2019
------------------ testing $PTII/ptolemy/domains/de/test/auto/fsm_de_test.xml
auto.tcl: Setting watchdog for 200 seconds at Mon Dec 09 06:22:57 UTC 2019
11 ms. Memory: 51200K Free: 27266K (53%)
ptolemy.util.test.WatchDog.cancel(): canceling Mon Dec 09 06:22:57 UTC 2019
auto.tcl: Setting watchdog for 200 seconds at Mon Dec 09 06:22:57 UTC 2019
7 ms. Memory: 51200K Free: 25218K (49%)
ptolemy.util.test.WatchDog.cancel(): canceling Mon Dec 09 06:22:57 UTC 2019
------------------ testing $PTII/ptolemy/domains/de/test/auto/functionDependencyReconstruction.xml
auto.tcl: Setting watchdog for 200 seconds at Mon Dec 09 06:22:57 UTC 2019
3 ms. Memory: 51200K Free: 21234K (41%)
ptolemy.util.test.WatchDog.cancel(): canceling Mon Dec 09 06:22:57 UTC 2019
auto.tcl: Setting watchdog for 200 seconds at Mon Dec 09 06:22:57 UTC 2019
2 ms. Memory: 51200K Free: 19063K (37%)
ptolemy.util.test.WatchDog.cancel(): canceling Mon Dec 09 06:22:57 UTC 2019
------------------ testing $PTII/ptolemy/domains/de/test/auto/multirate.xml
auto.tcl: Setting watchdog for 200 seconds at Mon Dec 09 06:22:57 UTC 2019
4 ms. Memory: 51200K Free: 29908K (58%)
ptolemy.util.test.WatchDog.cancel(): canceling Mon Dec 09 06:22:57 UTC 2019
auto.tcl: Setting watchdog for 200 seconds at Mon Dec 09 06:22:57 UTC 2019
4 ms. Memory: 51200K Free: 28181K (55%)
ptolemy.util.test.WatchDog.cancel(): canceling Mon Dec 09 06:22:57 UTC 2019
------------------ testing $PTII/ptolemy/domains/de/test/auto/multirate2.xml
auto.tcl: Setting watchdog for 200 seconds at Mon Dec 09 06:22:57 UTC 2019
5 ms. Memory: 51200K Free: 30062K (59%)
ptolemy.util.test.WatchDog.cancel(): canceling Mon Dec 09 06:22:57 UTC 2019
auto.tcl: Setting watchdog for 200 seconds at Mon Dec 09 06:22:57 UTC 2019
2 ms. Memory: 51200K Free: 28343K (55%)
ptolemy.util.test.WatchDog.cancel(): canceling Mon Dec 09 06:22:57 UTC 2019
------------------ testing $PTII/ptolemy/domains/de/test/auto/realtime.xml
auto.tcl: Setting watchdog for 200 seconds at Mon Dec 09 06:22:57 UTC 2019
10002 ms. Memory: 51200K Free: 32138K (63%)
ptolemy.util.test.WatchDog.cancel(): canceling Mon Dec 09 06:23:07 UTC 2019
auto.tcl: Setting watchdog for 200 seconds at Mon Dec 09 06:23:07 UTC 2019
10001 ms. Memory: 51200K Free: 31594K (62%)
ptolemy.util.test.WatchDog.cancel(): canceling Mon Dec 09 06:23:17 UTC 2019
------------------ testing $PTII/ptolemy/domains/de/test/auto/relationGroup.xml
auto.tcl: Setting watchdog for 200 seconds at Mon Dec 09 06:23:17 UTC 2019
6 ms. Memory: 51200K Free: 33219K (65%)
ptolemy.util.test.WatchDog.cancel(): canceling Mon Dec 09 06:23:17 UTC 2019
auto.tcl: Setting watchdog for 200 seconds at Mon Dec 09 06:23:17 UTC 2019
2 ms. Memory: 51200K Free: 32691K (64%)
ptolemy.util.test.WatchDog.cancel(): canceling Mon Dec 09 06:23:17 UTC 2019
------------------ testing $PTII/ptolemy/domains/de/test/auto/relationGroup2.xml
auto.tcl: Setting watchdog for 200 seconds at Mon Dec 09 06:23:17 UTC 2019
1 ms. Memory: 51200K Free: 33255K (65%)
ptolemy.util.test.WatchDog.cancel(): canceling Mon Dec 09 06:23:18 UTC 2019
auto.tcl: Setting watchdog for 200 seconds at Mon Dec 09 06:23:18 UTC 2019
2 ms. Memory: 51200K Free: 32760K (64%)
ptolemy.util.test.WatchDog.cancel(): canceling Mon Dec 09 06:23:18 UTC 2019
------------------ testing $PTII/ptolemy/domains/de/test/auto/sortWithOpaquePorts.xml
auto.tcl: Setting watchdog for 200 seconds at Mon Dec 09 06:23:18 UTC 2019
1 ms. Memory: 51200K Free: 31992K (62%)
ptolemy.util.test.WatchDog.cancel(): canceling Mon Dec 09 06:23:18 UTC 2019
auto.tcl: Setting watchdog for 200 seconds at Mon Dec 09 06:23:18 UTC 2019
3 ms. Memory: 51200K Free: 30969K (60%)
ptolemy.util.test.WatchDog.cancel(): canceling Mon Dec 09 06:23:18 UTC 2019
------------------ testing $PTII/ptolemy/domains/de/test/auto/transferInputsandOutputs.xml
auto.tcl: Setting watchdog for 200 seconds at Mon Dec 09 06:23:18 UTC 2019
5 ms. Memory: 51200K Free: 29435K (57%)
ptolemy.util.test.WatchDog.cancel(): canceling Mon Dec 09 06:23:18 UTC 2019
auto.tcl: Setting watchdog for 200 seconds at Mon Dec 09 06:23:18 UTC 2019
3 ms. Memory: 51200K Free: 28411K (55%)
ptolemy.util.test.WatchDog.cancel(): canceling Mon Dec 09 06:23:18 UTC 2019
------------------ testing $PTII/ptolemy/domains/de/test/auto/triggerType.xml
auto.tcl: Setting watchdog for 200 seconds at Mon Dec 09 06:23:18 UTC 2019
2 ms. Memory: 51200K Free: 32461K (63%)
ptolemy.util.test.WatchDog.cancel(): canceling Mon Dec 09 06:23:18 UTC 2019
auto.tcl: Setting watchdog for 200 seconds at Mon Dec 09 06:23:18 UTC 2019
2 ms. Memory: 51200K Free: 31437K (61%)
ptolemy.util.test.WatchDog.cancel(): canceling Mon Dec 09 06:23:18 UTC 2019
12/09/19 06:23:18
Failed: 0  Total Tests: 192  ((Passed: 187, Newly Passed: 1)  Known Failed: 5) /home/travis/build/icyphy/ptII/ptolemy/domains/de/test
12/09/19 06:23:18
Failed: 0  Total Tests: 192  ((Passed: 187, Newly Passed: 1)  Known Failed: 5) /home/travis/build/icyphy/ptII/ptolemy/domains/de/test
----------------- testing (KnownFailure) /home/travis/build/icyphy/ptII/ptolemy/domains/de/test/auto/knownFailedTests/DESDFClockTest.xml
2015 ms. Memory: 51200K Free: 25345K (50%)
Known Failure: java.lang.reflect.InvocationTargetException
----------------- testing (KnownFailure) /home/travis/build/icyphy/ptII/ptolemy/domains/de/test/auto/knownFailedTests/DirectFeedback.xml
2 ms. Memory: 51200K Free: 21249K (42%)
Known Failure: java.lang.reflect.InvocationTargetException
----------------- testing (KnownFailure) /home/travis/build/icyphy/ptII/ptolemy/domains/de/test/auto/knownFailedTests/FSMSource.xml
23 ms. Memory: 51200K Free: 14081K (28%)
----------------- testing (KnownFailure) /home/travis/build/icyphy/ptII/ptolemy/domains/de/test/auto/knownFailedTests/HierarchicalModel.xml
3 ms. Memory: 51200K Free: 27291K (53%)
Known Failure: java.lang.reflect.InvocationTargetException
----------------- testing (KnownFailure) /home/travis/build/icyphy/ptII/ptolemy/domains/de/test/auto/knownFailedTests/dependencyLoop.xml
3 ms. Memory: 51200K Free: 11984K (23%)
Known Failure: java.lang.reflect.InvocationTargetException
----------------- testing (KnownFailure) /home/travis/build/icyphy/ptII/ptolemy/domains/de/test/auto/knownFailedTests/dependencyLoop2.xml
4 ms. Memory: 51200K Free: 25978K (51%)
Known Failure: java.lang.reflect.InvocationTargetException
No auto/linux-amd64/*.xml tests in /home/travis/build/icyphy/ptII/ptolemy/domains/de/test
AutoTests.java: About to close Vertx.
AutoTests.java: Vertx closed.

===========================================================================================
----------------- testing Mon Dec 09 06:23:20 UTC 2019 /home/travis/build/icyphy/ptII/ptolemy/domains/de/test/auto/ActorDepthCalculation_actorWithoutPorts.xml
----------------- Instantiating /home/travis/build/icyphy/ptII/ptolemy/domains/de/test/auto/ActorDepthCalculation_actorWithoutPorts.xml
3 ms. Memory: 51200K Free: 19073K (37%)
----------------- Invoking toplevel() on ptolemy.moml.MoMLSimpleApplication@7d0e08f1
----------------- Done invoking toplevel() on ptolemy.moml.MoMLSimpleApplication@7d0e08f1
reloadAllAccessors: .ActorDepthCalculation_actorWithoutPorts

===========================================================================================
----------------- testing Mon Dec 09 06:23:20 UTC 2019 /home/travis/build/icyphy/ptII/ptolemy/domains/de/test/auto/AssemblyLine.xml
----------------- Instantiating /home/travis/build/icyphy/ptII/ptolemy/domains/de/test/auto/AssemblyLine.xml
4 ms. Memory: 51200K Free: 11704K (23%)
----------------- Invoking toplevel() on ptolemy.moml.MoMLSimpleApplication@53841e81
----------------- Done invoking toplevel() on ptolemy.moml.MoMLSimpleApplication@53841e81
reloadAllAccessors: .AssemblyLine

===========================================================================================
----------------- testing Mon Dec 09 06:23:20 UTC 2019 /home/travis/build/icyphy/ptII/ptolemy/domains/de/test/auto/CQBug1.xml
----------------- Instantiating /home/travis/build/icyphy/ptII/ptolemy/domains/de/test/auto/CQBug1.xml
1 ms. Memory: 51200K Free: 8610K (17%)
----------------- Invoking toplevel() on ptolemy.moml.MoMLSimpleApplication@6db097a
----------------- Done invoking toplevel() on ptolemy.moml.MoMLSimpleApplication@6db097a
reloadAllAccessors: .CQBug1

===========================================================================================
----------------- testing Mon Dec 09 06:23:20 UTC 2019 /home/travis/build/icyphy/ptII/ptolemy/domains/de/test/auto/CancelFireAt.xml
----------------- Instantiating /home/travis/build/icyphy/ptII/ptolemy/domains/de/test/auto/CancelFireAt.xml
9 ms. Memory: 51200K Free: 34876K (68%)
----------------- Invoking toplevel() on ptolemy.moml.MoMLSimpleApplication@25c8a0ff
----------------- Done invoking toplevel() on ptolemy.moml.MoMLSimpleApplication@25c8a0ff
reloadAllAccessors: .CancelFireAt

===========================================================================================
----------------- testing Mon Dec 09 06:23:20 UTC 2019 /home/travis/build/icyphy/ptII/ptolemy/domains/de/test/auto/CausalityAndComposabilityAnalysis.xml
----------------- Instantiating /home/travis/build/icyphy/ptII/ptolemy/domains/de/test/auto/CausalityAndComposabilityAnalysis.xml
2 ms. Memory: 51200K Free: 30528K (60%)
----------------- Invoking toplevel() on ptolemy.moml.MoMLSimpleApplication@70eb7eef
----------------- Done invoking toplevel() on ptolemy.moml.MoMLSimpleApplication@70eb7eef
reloadAllAccessors: .CausalityAndComposabilityAnalysis

===========================================================================================
----------------- testing Mon Dec 09 06:23:20 UTC 2019 /home/travis/build/icyphy/ptII/ptolemy/domains/de/test/auto/CausalityInterface1.xml
----------------- Instantiating /home/travis/build/icyphy/ptII/ptolemy/domains/de/test/auto/CausalityInterface1.xml
6 ms. Memory: 51200K Free: 25416K (50%)
----------------- Invoking toplevel() on ptolemy.moml.MoMLSimpleApplication@4c070364
----------------- Done invoking toplevel() on ptolemy.moml.MoMLSimpleApplication@4c070364
reloadAllAccessors: .CausalityInterface1

===========================================================================================
----------------- testing Mon Dec 09 06:23:20 UTC 2019 /home/travis/build/icyphy/ptII/ptolemy/domains/de/test/auto/CausalityInterface15.xml
----------------- Instantiating /home/travis/build/icyphy/ptII/ptolemy/domains/de/test/auto/CausalityInterface15.xml
2 ms. Memory: 51200K Free: 19953K (39%)
----------------- Invoking toplevel() on ptolemy.moml.MoMLSimpleApplication@23ed0ced
----------------- Done invoking toplevel() on ptolemy.moml.MoMLSimpleApplication@23ed0ced
reloadAllAccessors: .CausalityInterface15

===========================================================================================
----------------- testing Mon Dec 09 06:23:20 UTC 2019 /home/travis/build/icyphy/ptII/ptolemy/domains/de/test/auto/CausalityInterface2.xml
----------------- Instantiating /home/travis/build/icyphy/ptII/ptolemy/domains/de/test/auto/CausalityInterface2.xml
2 ms. Memory: 51200K Free: 15479K (30%)
----------------- Invoking toplevel() on ptolemy.moml.MoMLSimpleApplication@699fb2a3
----------------- Done invoking toplevel() on ptolemy.moml.MoMLSimpleApplication@699fb2a3
reloadAllAccessors: .CausalityInterface2

===========================================================================================
----------------- testing Mon Dec 09 06:23:20 UTC 2019 /home/travis/build/icyphy/ptII/ptolemy/domains/de/test/auto/CausalityInterface3.xml
----------------- Instantiating /home/travis/build/icyphy/ptII/ptolemy/domains/de/test/auto/CausalityInterface3.xml
3 ms. Memory: 51200K Free: 10662K (21%)
----------------- Invoking toplevel() on ptolemy.moml.MoMLSimpleApplication@4ea705be
----------------- Done invoking toplevel() on ptolemy.moml.MoMLSimpleApplication@4ea705be
reloadAllAccessors: .CausalityInterface3

===========================================================================================
----------------- testing Mon Dec 09 06:23:20 UTC 2019 /home/travis/build/icyphy/ptII/ptolemy/domains/de/test/auto/ClockDrift.xml
----------------- Instantiating /home/travis/build/icyphy/ptII/ptolemy/domains/de/test/auto/ClockDrift.xml
17 ms. Memory: 51200K Free: 27388K (53%)
----------------- Invoking toplevel() on ptolemy.moml.MoMLSimpleApplication@1e6d3a9d
----------------- Done invoking toplevel() on ptolemy.moml.MoMLSimpleApplication@1e6d3a9d
reloadAllAccessors: .ClockDrift

===========================================================================================
----------------- testing Mon Dec 09 06:23:20 UTC 2019 /home/travis/build/icyphy/ptII/ptolemy/domains/de/test/auto/ClockDriftAndValueChange.xml
----------------- Instantiating /home/travis/build/icyphy/ptII/ptolemy/domains/de/test/auto/ClockDriftAndValueChange.xml
11 ms. Memory: 51200K Free: 15741K (31%)
----------------- Invoking toplevel() on ptolemy.moml.MoMLSimpleApplication@13068d8c
----------------- Done invoking toplevel() on ptolemy.moml.MoMLSimpleApplication@13068d8c
reloadAllAccessors: .ClockDriftAndValueChange

===========================================================================================
----------------- testing Mon Dec 09 06:23:20 UTC 2019 /home/travis/build/icyphy/ptII/ptolemy/domains/de/test/auto/ClockDriftChange.xml
----------------- Instantiating /home/travis/build/icyphy/ptII/ptolemy/domains/de/test/auto/ClockDriftChange.xml
11 ms. Memory: 51200K Free: 33524K (65%)
----------------- Invoking toplevel() on ptolemy.moml.MoMLSimpleApplication@686aec10
----------------- Done invoking toplevel() on ptolemy.moml.MoMLSimpleApplication@686aec10
reloadAllAccessors: .ClockDriftChange

===========================================================================================
----------------- testing Mon Dec 09 06:23:20 UTC 2019 /home/travis/build/icyphy/ptII/ptolemy/domains/de/test/auto/ComposableCausalityAnalysis.xml
----------------- Instantiating /home/travis/build/icyphy/ptII/ptolemy/domains/de/test/auto/ComposableCausalityAnalysis.xml
1 ms. Memory: 51200K Free: 27634K (54%)
----------------- Invoking toplevel() on ptolemy.moml.MoMLSimpleApplication@2d99da01
----------------- Done invoking toplevel() on ptolemy.moml.MoMLSimpleApplication@2d99da01
reloadAllAccessors: .ComposableCausalityAnalysis

===========================================================================================
----------------- testing Mon Dec 09 06:23:20 UTC 2019 /home/travis/build/icyphy/ptII/ptolemy/domains/de/test/auto/DEFixedPointLimitation.xml
----------------- Instantiating /home/travis/build/icyphy/ptII/ptolemy/domains/de/test/auto/DEFixedPointLimitation.xml
1 ms. Memory: 51200K Free: 23181K (45%)
----------------- Invoking toplevel() on ptolemy.moml.MoMLSimpleApplication@108b2be1
----------------- Done invoking toplevel() on ptolemy.moml.MoMLSimpleApplication@108b2be1
reloadAllAccessors: .DEFixedPointLimitation

===========================================================================================
----------------- testing Mon Dec 09 06:23:20 UTC 2019 /home/travis/build/icyphy/ptII/ptolemy/domains/de/test/auto/DEScheduleTest.xml
----------------- Instantiating /home/travis/build/icyphy/ptII/ptolemy/domains/de/test/auto/DEScheduleTest.xml
3 ms. Memory: 51200K Free: 18849K (37%)
----------------- Invoking toplevel() on ptolemy.moml.MoMLSimpleApplication@6d1f332a
----------------- Done invoking toplevel() on ptolemy.moml.MoMLSimpleApplication@6d1f332a
reloadAllAccessors: .DEScheduleTest

===========================================================================================
----------------- testing Mon Dec 09 06:23:20 UTC 2019 /home/travis/build/icyphy/ptII/ptolemy/domains/de/test/auto/DEinDEwithStartTimes.xml
----------------- Instantiating /home/travis/build/icyphy/ptII/ptolemy/domains/de/test/auto/DEinDEwithStartTimes.xml
4 ms. Memory: 51200K Free: 12998K (25%)
----------------- Invoking toplevel() on ptolemy.moml.MoMLSimpleApplication@714c1588
----------------- Done invoking toplevel() on ptolemy.moml.MoMLSimpleApplication@714c1588
reloadAllAccessors: .DEinDEwithStartTimes

===========================================================================================
----------------- testing Mon Dec 09 06:23:21 UTC 2019 /home/travis/build/icyphy/ptII/ptolemy/domains/de/test/auto/DEinDEwithStartTimes2.xml
----------------- Instantiating /home/travis/build/icyphy/ptII/ptolemy/domains/de/test/auto/DEinDEwithStartTimes2.xml
3 ms. Memory: 51200K Free: 33808K (66%)
----------------- Invoking toplevel() on ptolemy.moml.MoMLSimpleApplication@1b99451e
----------------- Done invoking toplevel() on ptolemy.moml.MoMLSimpleApplication@1b99451e
reloadAllAccessors: .DEinDEwithStartTimes2

===========================================================================================
----------------- testing Mon Dec 09 06:23:21 UTC 2019 /home/travis/build/icyphy/ptII/ptolemy/domains/de/test/auto/DateDemo.xml
----------------- Instantiating /home/travis/build/icyphy/ptII/ptolemy/domains/de/test/auto/DateDemo.xml
9 ms. Memory: 51200K Free: 22731K (44%)
----------------- Invoking toplevel() on ptolemy.moml.MoMLSimpleApplication@70d1617
----------------- Done invoking toplevel() on ptolemy.moml.MoMLSimpleApplication@70d1617
reloadAllAccessors: .DateDemo

===========================================================================================
----------------- testing Mon Dec 09 06:23:21 UTC 2019 /home/travis/build/icyphy/ptII/ptolemy/domains/de/test/auto/DateToEvent.xml
----------------- Instantiating /home/travis/build/icyphy/ptII/ptolemy/domains/de/test/auto/DateToEvent.xml
2005 ms. Memory: 51200K Free: 34475K (67%)
----------------- Invoking toplevel() on ptolemy.moml.MoMLSimpleApplication@19d26bf8
----------------- Done invoking toplevel() on ptolemy.moml.MoMLSimpleApplication@19d26bf8
reloadAllAccessors: .DateToEvent

===========================================================================================
----------------- testing Mon Dec 09 06:23:23 UTC 2019 /home/travis/build/icyphy/ptII/ptolemy/domains/de/test/auto/DepthTest1.xml
----------------- Instantiating /home/travis/build/icyphy/ptII/ptolemy/domains/de/test/auto/DepthTest1.xml
2 ms. Memory: 51200K Free: 31389K (61%)
----------------- Invoking toplevel() on ptolemy.moml.MoMLSimpleApplication@5f39f111
----------------- Done invoking toplevel() on ptolemy.moml.MoMLSimpleApplication@5f39f111
reloadAllAccessors: .DepthTest1

===========================================================================================
----------------- testing Mon Dec 09 06:23:23 UTC 2019 /home/travis/build/icyphy/ptII/ptolemy/domains/de/test/auto/DepthTest2.xml
----------------- Instantiating /home/travis/build/icyphy/ptII/ptolemy/domains/de/test/auto/DepthTest2.xml
2 ms. Memory: 51200K Free: 24982K (49%)
----------------- Invoking toplevel() on ptolemy.moml.MoMLSimpleApplication@5119a39d
----------------- Done invoking toplevel() on ptolemy.moml.MoMLSimpleApplication@5119a39d
reloadAllAccessors: .DepthTest2

===========================================================================================
----------------- testing Mon Dec 09 06:23:23 UTC 2019 /home/travis/build/icyphy/ptII/ptolemy/domains/de/test/auto/DepthTest3.xml
----------------- Instantiating /home/travis/build/icyphy/ptII/ptolemy/domains/de/test/auto/DepthTest3.xml
10 ms. Memory: 51200K Free: 21872K (43%)
----------------- Invoking toplevel() on ptolemy.moml.MoMLSimpleApplication@1735b6fc
----------------- Done invoking toplevel() on ptolemy.moml.MoMLSimpleApplication@1735b6fc
reloadAllAccessors: .DepthTest3

===========================================================================================
----------------- testing Mon Dec 09 06:23:23 UTC 2019 /home/travis/build/icyphy/ptII/ptolemy/domains/de/test/auto/DepthTest4.xml
----------------- Instantiating /home/travis/build/icyphy/ptII/ptolemy/domains/de/test/auto/DepthTest4.xml
1 ms. Memory: 51200K Free: 17067K (33%)
----------------- Invoking toplevel() on ptolemy.moml.MoMLSimpleApplication@6227c6b5
----------------- Done invoking toplevel() on ptolemy.moml.MoMLSimpleApplication@6227c6b5
reloadAllAccessors: .DepthTest4

===========================================================================================
----------------- testing Mon Dec 09 06:23:23 UTC 2019 /home/travis/build/icyphy/ptII/ptolemy/domains/de/test/auto/DepthTest5.xml
----------------- Instantiating /home/travis/build/icyphy/ptII/ptolemy/domains/de/test/auto/DepthTest5.xml
1 ms. Memory: 51200K Free: 11947K (23%)
----------------- Invoking toplevel() on ptolemy.moml.MoMLSimpleApplication@6585e02a
----------------- Done invoking toplevel() on ptolemy.moml.MoMLSimpleApplication@6585e02a
reloadAllAccessors: .DepthTest5

===========================================================================================
----------------- testing Mon Dec 09 06:23:23 UTC 2019 /home/travis/build/icyphy/ptII/ptolemy/domains/de/test/auto/DepthTest6.xml
----------------- Instantiating /home/travis/build/icyphy/ptII/ptolemy/domains/de/test/auto/DepthTest6.xml
2 ms. Memory: 51200K Free: 34585K (68%)
----------------- Invoking toplevel() on ptolemy.moml.MoMLSimpleApplication@2ff636f
----------------- Done invoking toplevel() on ptolemy.moml.MoMLSimpleApplication@2ff636f
reloadAllAccessors: .DepthTest6

===========================================================================================
----------------- testing Mon Dec 09 06:23:23 UTC 2019 /home/travis/build/icyphy/ptII/ptolemy/domains/de/test/auto/DepthTest7.xml
----------------- Instantiating /home/travis/build/icyphy/ptII/ptolemy/domains/de/test/auto/DepthTest7.xml
2 ms. Memory: 51200K Free: 29481K (58%)
----------------- Invoking toplevel() on ptolemy.moml.MoMLSimpleApplication@52b772e5
----------------- Done invoking toplevel() on ptolemy.moml.MoMLSimpleApplication@52b772e5
reloadAllAccessors: .DepthTest7

===========================================================================================
----------------- testing Mon Dec 09 06:23:23 UTC 2019 /home/travis/build/icyphy/ptII/ptolemy/domains/de/test/auto/EventToDate.xml
----------------- Instantiating /home/travis/build/icyphy/ptII/ptolemy/domains/de/test/auto/EventToDate.xml
3006 ms. Memory: 51200K Free: 15816K (31%)
----------------- Invoking toplevel() on ptolemy.moml.MoMLSimpleApplication@26838ebc
----------------- Done invoking toplevel() on ptolemy.moml.MoMLSimpleApplication@26838ebc
reloadAllAccessors: .EventToDate

===========================================================================================
----------------- testing Mon Dec 09 06:23:26 UTC 2019 /home/travis/build/icyphy/ptII/ptolemy/domains/de/test/auto/FSM1.xml
----------------- Instantiating /home/travis/build/icyphy/ptII/ptolemy/domains/de/test/auto/FSM1.xml
24 ms. Memory: 51200K Free: 31449K (61%)
----------------- Invoking toplevel() on ptolemy.moml.MoMLSimpleApplication@7b598164
----------------- Done invoking toplevel() on ptolemy.moml.MoMLSimpleApplication@7b598164
reloadAllAccessors: .FSM1

===========================================================================================
----------------- testing Mon Dec 09 06:23:26 UTC 2019 /home/travis/build/icyphy/ptII/ptolemy/domains/de/test/auto/FSM7.xml
----------------- Instantiating /home/travis/build/icyphy/ptII/ptolemy/domains/de/test/auto/FSM7.xml
18 ms. Memory: 51200K Free: 19137K (37%)
----------------- Invoking toplevel() on ptolemy.moml.MoMLSimpleApplication@7207807d
----------------- Done invoking toplevel() on ptolemy.moml.MoMLSimpleApplication@7207807d
reloadAllAccessors: .FSM7

===========================================================================================
----------------- testing Mon Dec 09 06:23:26 UTC 2019 /home/travis/build/icyphy/ptII/ptolemy/domains/de/test/auto/Inspection.xml
----------------- Instantiating /home/travis/build/icyphy/ptII/ptolemy/domains/de/test/auto/Inspection.xml
23 ms. Memory: 51200K Free: 34481K (67%)
----------------- Invoking toplevel() on ptolemy.moml.MoMLSimpleApplication@45fe2f51
----------------- Done invoking toplevel() on ptolemy.moml.MoMLSimpleApplication@45fe2f51
reloadAllAccessors: .Inspection

===========================================================================================
----------------- testing Mon Dec 09 06:23:26 UTC 2019 /home/travis/build/icyphy/ptII/ptolemy/domains/de/test/auto/Iteration.xml
----------------- Instantiating /home/travis/build/icyphy/ptII/ptolemy/domains/de/test/auto/Iteration.xml
11 ms. Memory: 51200K Free: 27602K (54%)
----------------- Invoking toplevel() on ptolemy.moml.MoMLSimpleApplication@fd8cc42
----------------- Done invoking toplevel() on ptolemy.moml.MoMLSimpleApplication@fd8cc42
reloadAllAccessors: .Iteration

===========================================================================================
----------------- testing Mon Dec 09 06:23:26 UTC 2019 /home/travis/build/icyphy/ptII/ptolemy/domains/de/test/auto/LineFault.xml
----------------- Instantiating /home/travis/build/icyphy/ptII/ptolemy/domains/de/test/auto/LineFault.xml
510 ms. Memory: 51200K Free: 18974K (37%)
----------------- Invoking toplevel() on ptolemy.moml.MoMLSimpleApplication@7fca4f0
----------------- Done invoking toplevel() on ptolemy.moml.MoMLSimpleApplication@7fca4f0
reloadAllAccessors: .LineFault

===========================================================================================
----------------- testing Mon Dec 09 06:23:27 UTC 2019 /home/travis/build/icyphy/ptII/ptolemy/domains/de/test/auto/MergeModel1Add.xml
----------------- Instantiating /home/travis/build/icyphy/ptII/ptolemy/domains/de/test/auto/MergeModel1Add.xml
5 ms. Memory: 51200K Free: 26161K (51%)
----------------- Invoking toplevel() on ptolemy.moml.MoMLSimpleApplication@63f8db2c
----------------- Done invoking toplevel() on ptolemy.moml.MoMLSimpleApplication@63f8db2c
reloadAllAccessors: .MergeModel1Add

===========================================================================================
----------------- testing Mon Dec 09 06:23:27 UTC 2019 /home/travis/build/icyphy/ptII/ptolemy/domains/de/test/auto/MergeModel2Add.xml
----------------- Instantiating /home/travis/build/icyphy/ptII/ptolemy/domains/de/test/auto/MergeModel2Add.xml
10 ms. Memory: 51200K Free: 34244K (67%)
----------------- Invoking toplevel() on ptolemy.moml.MoMLSimpleApplication@3ece8094
----------------- Done invoking toplevel() on ptolemy.moml.MoMLSimpleApplication@3ece8094
reloadAllAccessors: .MergeModel2Add

===========================================================================================
----------------- testing Mon Dec 09 06:23:27 UTC 2019 /home/travis/build/icyphy/ptII/ptolemy/domains/de/test/auto/MergeModel3Add.xml
----------------- Instantiating /home/travis/build/icyphy/ptII/ptolemy/domains/de/test/auto/MergeModel3Add.xml
6 ms. Memory: 51200K Free: 16678K (33%)
----------------- Invoking toplevel() on ptolemy.moml.MoMLSimpleApplication@167e71ae
----------------- Done invoking toplevel() on ptolemy.moml.MoMLSimpleApplication@167e71ae
reloadAllAccessors: .MergeModel3Add

===========================================================================================
----------------- testing Mon Dec 09 06:23:27 UTC 2019 /home/travis/build/icyphy/ptII/ptolemy/domains/de/test/auto/MergeWithoutDiscard.xml
----------------- Instantiating /home/travis/build/icyphy/ptII/ptolemy/domains/de/test/auto/MergeWithoutDiscard.xml
1 ms. Memory: 51200K Free: 12286K (24%)
----------------- Invoking toplevel() on ptolemy.moml.MoMLSimpleApplication@260bc9ce
----------------- Done invoking toplevel() on ptolemy.moml.MoMLSimpleApplication@260bc9ce
reloadAllAccessors: .MergeWithoutDiscard

===========================================================================================
----------------- testing Mon Dec 09 06:23:27 UTC 2019 /home/travis/build/icyphy/ptII/ptolemy/domains/de/test/auto/Modal1.xml
----------------- Instantiating /home/travis/build/icyphy/ptII/ptolemy/domains/de/test/auto/Modal1.xml
9 ms. Memory: 51200K Free: 26019K (51%)
----------------- Invoking toplevel() on ptolemy.moml.MoMLSimpleApplication@32489289
----------------- Done invoking toplevel() on ptolemy.moml.MoMLSimpleApplication@32489289
reloadAllAccessors: .Modal1

===========================================================================================
----------------- testing Mon Dec 09 06:23:27 UTC 2019 /home/travis/build/icyphy/ptII/ptolemy/domains/de/test/auto/Modal2.xml
----------------- Instantiating /home/travis/build/icyphy/ptII/ptolemy/domains/de/test/auto/Modal2.xml
19 ms. Memory: 51200K Free: 13918K (27%)
----------------- Invoking toplevel() on ptolemy.moml.MoMLSimpleApplication@34089501
----------------- Done invoking toplevel() on ptolemy.moml.MoMLSimpleApplication@34089501
reloadAllAccessors: .Modal2

===========================================================================================
----------------- testing Mon Dec 09 06:23:27 UTC 2019 /home/travis/build/icyphy/ptII/ptolemy/domains/de/test/auto/Modal3.xml
----------------- Instantiating /home/travis/build/icyphy/ptII/ptolemy/domains/de/test/auto/Modal3.xml
7 ms. Memory: 51200K Free: 27345K (53%)
----------------- Invoking toplevel() on ptolemy.moml.MoMLSimpleApplication@17b05476
----------------- Done invoking toplevel() on ptolemy.moml.MoMLSimpleApplication@17b05476
reloadAllAccessors: .Modal3

===========================================================================================
----------------- testing Mon Dec 09 06:23:27 UTC 2019 /home/travis/build/icyphy/ptII/ptolemy/domains/de/test/auto/Modal4.xml
----------------- Instantiating /home/travis/build/icyphy/ptII/ptolemy/domains/de/test/auto/Modal4.xml
11 ms. Memory: 51200K Free: 14321K (28%)
----------------- Invoking toplevel() on ptolemy.moml.MoMLSimpleApplication@7c2fa221
----------------- Done invoking toplevel() on ptolemy.moml.MoMLSimpleApplication@7c2fa221
reloadAllAccessors: .Modal4

===========================================================================================
----------------- testing Mon Dec 09 06:23:27 UTC 2019 /home/travis/build/icyphy/ptII/ptolemy/domains/de/test/auto/Modal5.xml
----------------- Instantiating /home/travis/build/icyphy/ptII/ptolemy/domains/de/test/auto/Modal5.xml
8 ms. Memory: 51200K Free: 27030K (53%)
----------------- Invoking toplevel() on ptolemy.moml.MoMLSimpleApplication@37dcdb2d
----------------- Done invoking toplevel() on ptolemy.moml.MoMLSimpleApplication@37dcdb2d
reloadAllAccessors: .Modal5

===========================================================================================
----------------- testing Mon Dec 09 06:23:27 UTC 2019 /home/travis/build/icyphy/ptII/ptolemy/domains/de/test/auto/Modal6.xml
----------------- Instantiating /home/travis/build/icyphy/ptII/ptolemy/domains/de/test/auto/Modal6.xml
9 ms. Memory: 51200K Free: 14766K (29%)
----------------- Invoking toplevel() on ptolemy.moml.MoMLSimpleApplication@3b53b36d
----------------- Done invoking toplevel() on ptolemy.moml.MoMLSimpleApplication@3b53b36d
reloadAllAccessors: .Modal6

===========================================================================================
----------------- testing Mon Dec 09 06:23:27 UTC 2019 /home/travis/build/icyphy/ptII/ptolemy/domains/de/test/auto/Modal7.xml
----------------- Instantiating /home/travis/build/icyphy/ptII/ptolemy/domains/de/test/auto/Modal7.xml
7 ms. Memory: 51200K Free: 27050K (53%)
----------------- Invoking toplevel() on ptolemy.moml.MoMLSimpleApplication@77a36dbf
----------------- Done invoking toplevel() on ptolemy.moml.MoMLSimpleApplication@77a36dbf
reloadAllAccessors: .Modal7

===========================================================================================
----------------- testing Mon Dec 09 06:23:27 UTC 2019 /home/travis/build/icyphy/ptII/ptolemy/domains/de/test/auto/ModalModel.xml
----------------- Instantiating /home/travis/build/icyphy/ptII/ptolemy/domains/de/test/auto/ModalModel.xml
128 ms. Memory: 51200K Free: 10209K (20%)
----------------- Invoking toplevel() on ptolemy.moml.MoMLSimpleApplication@643bdec5
----------------- Done invoking toplevel() on ptolemy.moml.MoMLSimpleApplication@643bdec5
reloadAllAccessors: .ModalModel

===========================================================================================
----------------- testing Mon Dec 09 06:23:27 UTC 2019 /home/travis/build/icyphy/ptII/ptolemy/domains/de/test/auto/ModalSource.xml
----------------- Instantiating /home/travis/build/icyphy/ptII/ptolemy/domains/de/test/auto/ModalSource.xml
9 ms. Memory: 61440K Free: 37464K (61%)
----------------- Invoking toplevel() on ptolemy.moml.MoMLSimpleApplication@714f6e75
----------------- Done invoking toplevel() on ptolemy.moml.MoMLSimpleApplication@714f6e75
reloadAllAccessors: .ModalSource

===========================================================================================
----------------- testing Mon Dec 09 06:23:27 UTC 2019 /home/travis/build/icyphy/ptII/ptolemy/domains/de/test/auto/NonInterruptibleTimerZeroDelay.xml
----------------- Instantiating /home/travis/build/icyphy/ptII/ptolemy/domains/de/test/auto/NonInterruptibleTimerZeroDelay.xml
2 ms. Memory: 61440K Free: 33724K (55%)
----------------- Invoking toplevel() on ptolemy.moml.MoMLSimpleApplication@2ea020a9
----------------- Done invoking toplevel() on ptolemy.moml.MoMLSimpleApplication@2ea020a9
reloadAllAccessors: .NonInterruptibleTimerZeroDelay

===========================================================================================
----------------- testing Mon Dec 09 06:23:27 UTC 2019 /home/travis/build/icyphy/ptII/ptolemy/domains/de/test/auto/OpenQueueingNetwork.xml
----------------- Instantiating /home/travis/build/icyphy/ptII/ptolemy/domains/de/test/auto/OpenQueueingNetwork.xml
2566 ms. Memory: 159744K Free: 81521K (51%)
----------------- Invoking toplevel() on ptolemy.moml.MoMLSimpleApplication@61a822c8
----------------- Done invoking toplevel() on ptolemy.moml.MoMLSimpleApplication@61a822c8
reloadAllAccessors: .OpenQueueingNetwork

===========================================================================================
----------------- testing Mon Dec 09 06:23:30 UTC 2019 /home/travis/build/icyphy/ptII/ptolemy/domains/de/test/auto/OpenQueuingNetwork.xml
----------------- Instantiating /home/travis/build/icyphy/ptII/ptolemy/domains/de/test/auto/OpenQueuingNetwork.xml
240 ms. Memory: 159744K Free: 88027K (55%)
----------------- Invoking toplevel() on ptolemy.moml.MoMLSimpleApplication@468fb76f
----------------- Done invoking toplevel() on ptolemy.moml.MoMLSimpleApplication@468fb76f
reloadAllAccessors: .OpenQueuingNetwork

===========================================================================================
----------------- testing Mon Dec 09 06:23:30 UTC 2019 /home/travis/build/icyphy/ptII/ptolemy/domains/de/test/auto/PeriodicSampler.xml
----------------- Instantiating /home/travis/build/icyphy/ptII/ptolemy/domains/de/test/auto/PeriodicSampler.xml
1 ms. Memory: 159744K Free: 83931K (53%)
----------------- Invoking toplevel() on ptolemy.moml.MoMLSimpleApplication@40526d36
----------------- Done invoking toplevel() on ptolemy.moml.MoMLSimpleApplication@40526d36
reloadAllAccessors: .PeriodicSampler

===========================================================================================
----------------- testing Mon Dec 09 06:23:30 UTC 2019 /home/travis/build/icyphy/ptII/ptolemy/domains/de/test/auto/PersistentIO.xml
----------------- Instantiating /home/travis/build/icyphy/ptII/ptolemy/domains/de/test/auto/PersistentIO.xml
17 ms. Memory: 159744K Free: 74205K (46%)
----------------- Invoking toplevel() on ptolemy.moml.MoMLSimpleApplication@7d2d7051
----------------- Done invoking toplevel() on ptolemy.moml.MoMLSimpleApplication@7d2d7051
reloadAllAccessors: .PersistentIO

===========================================================================================
----------------- testing Mon Dec 09 06:23:30 UTC 2019 /home/travis/build/icyphy/ptII/ptolemy/domains/de/test/auto/PortParameterResetOnInitialize.xml
----------------- Instantiating /home/travis/build/icyphy/ptII/ptolemy/domains/de/test/auto/PortParameterResetOnInitialize.xml
4 ms. Memory: 159744K Free: 69589K (44%)
----------------- Invoking toplevel() on ptolemy.moml.MoMLSimpleApplication@e416e33
----------------- Done invoking toplevel() on ptolemy.moml.MoMLSimpleApplication@e416e33
reloadAllAccessors: .PortParameterResetOnInitialize

===========================================================================================
----------------- testing Mon Dec 09 06:23:30 UTC 2019 /home/travis/build/icyphy/ptII/ptolemy/domains/de/test/auto/PortParameterUpdates.xml
----------------- Instantiating /home/travis/build/icyphy/ptII/ptolemy/domains/de/test/auto/PortParameterUpdates.xml
3 ms. Memory: 159744K Free: 63437K (40%)
----------------- Invoking toplevel() on ptolemy.moml.MoMLSimpleApplication@1f795046
----------------- Done invoking toplevel() on ptolemy.moml.MoMLSimpleApplication@1f795046
reloadAllAccessors: .PortParameterUpdates

===========================================================================================
----------------- testing Mon Dec 09 06:23:30 UTC 2019 /home/travis/build/icyphy/ptII/ptolemy/domains/de/test/auto/QueueAndServer.xml
----------------- Instantiating /home/travis/build/icyphy/ptII/ptolemy/domains/de/test/auto/QueueAndServer.xml
9 ms. Memory: 159744K Free: 143451K (90%)
----------------- Invoking toplevel() on ptolemy.moml.MoMLSimpleApplication@441bbd0f
----------------- Done invoking toplevel() on ptolemy.moml.MoMLSimpleApplication@441bbd0f
reloadAllAccessors: .QueueAndServer

===========================================================================================
----------------- testing Mon Dec 09 06:23:30 UTC 2019 /home/travis/build/icyphy/ptII/ptolemy/domains/de/test/auto/Records.xml
----------------- Instantiating /home/travis/build/icyphy/ptII/ptolemy/domains/de/test/auto/Records.xml
4 ms. Memory: 159744K Free: 137653K (86%)
----------------- Invoking toplevel() on ptolemy.moml.MoMLSimpleApplication@61c2b623
----------------- Done invoking toplevel() on ptolemy.moml.MoMLSimpleApplication@61c2b623
reloadAllAccessors: .Records

===========================================================================================
----------------- testing Mon Dec 09 06:23:30 UTC 2019 /home/travis/build/icyphy/ptII/ptolemy/domains/de/test/auto/ResetTransitionWithStartTime1.xml
----------------- Instantiating /home/travis/build/icyphy/ptII/ptolemy/domains/de/test/auto/ResetTransitionWithStartTime1.xml
9 ms. Memory: 159744K Free: 129431K (81%)
----------------- Invoking toplevel() on ptolemy.moml.MoMLSimpleApplication@31da50df
----------------- Done invoking toplevel() on ptolemy.moml.MoMLSimpleApplication@31da50df
reloadAllAccessors: .ResetTransitionWithStartTime1

===========================================================================================
----------------- testing Mon Dec 09 06:23:30 UTC 2019 /home/travis/build/icyphy/ptII/ptolemy/domains/de/test/auto/ResetTransitionWithStartTime2.xml
----------------- Instantiating /home/travis/build/icyphy/ptII/ptolemy/domains/de/test/auto/ResetTransitionWithStartTime2.xml
6 ms. Memory: 159744K Free: 121255K (76%)
----------------- Invoking toplevel() on ptolemy.moml.MoMLSimpleApplication@7ca6510a
----------------- Done invoking toplevel() on ptolemy.moml.MoMLSimpleApplication@7ca6510a
reloadAllAccessors: .ResetTransitionWithStartTime2

===========================================================================================
----------------- testing Mon Dec 09 06:23:30 UTC 2019 /home/travis/build/icyphy/ptII/ptolemy/domains/de/test/auto/ResetTransitionWithStartTime3.xml
----------------- Instantiating /home/travis/build/icyphy/ptII/ptolemy/domains/de/test/auto/ResetTransitionWithStartTime3.xml
4 ms. Memory: 159744K Free: 113077K (71%)
----------------- Invoking toplevel() on ptolemy.moml.MoMLSimpleApplication@725d4d76
----------------- Done invoking toplevel() on ptolemy.moml.MoMLSimpleApplication@725d4d76
reloadAllAccessors: .ResetTransitionWithStartTime3

===========================================================================================
----------------- testing Mon Dec 09 06:23:30 UTC 2019 /home/travis/build/icyphy/ptII/ptolemy/domains/de/test/auto/ResetTransitionWithStartTime4.xml
----------------- Instantiating /home/travis/build/icyphy/ptII/ptolemy/domains/de/test/auto/ResetTransitionWithStartTime4.xml
3 ms. Memory: 159744K Free: 105399K (66%)
----------------- Invoking toplevel() on ptolemy.moml.MoMLSimpleApplication@2406a6c9
----------------- Done invoking toplevel() on ptolemy.moml.MoMLSimpleApplication@2406a6c9
reloadAllAccessors: .ResetTransitionWithStartTime4

===========================================================================================
----------------- testing Mon Dec 09 06:23:30 UTC 2019 /home/travis/build/icyphy/ptII/ptolemy/domains/de/test/auto/ResettableTimer1.xml
----------------- Instantiating /home/travis/build/icyphy/ptII/ptolemy/domains/de/test/auto/ResettableTimer1.xml
2 ms. Memory: 159744K Free: 101303K (63%)
----------------- Invoking toplevel() on ptolemy.moml.MoMLSimpleApplication@4e24ef60
----------------- Done invoking toplevel() on ptolemy.moml.MoMLSimpleApplication@4e24ef60
reloadAllAccessors: .ResettableTimer1

===========================================================================================
----------------- testing Mon Dec 09 06:23:30 UTC 2019 /home/travis/build/icyphy/ptII/ptolemy/domains/de/test/auto/ResettableTimer2.xml
----------------- Instantiating /home/travis/build/icyphy/ptII/ptolemy/domains/de/test/auto/ResettableTimer2.xml
2 ms. Memory: 159744K Free: 97207K (61%)
----------------- Invoking toplevel() on ptolemy.moml.MoMLSimpleApplication@404bd90
----------------- Done invoking toplevel() on ptolemy.moml.MoMLSimpleApplication@404bd90
reloadAllAccessors: .ResettableTimer2

===========================================================================================
----------------- testing Mon Dec 09 06:23:30 UTC 2019 /home/travis/build/icyphy/ptII/ptolemy/domains/de/test/auto/ResettableTimer3.xml
----------------- Instantiating /home/travis/build/icyphy/ptII/ptolemy/domains/de/test/auto/ResettableTimer3.xml
1 ms. Memory: 159744K Free: 93111K (58%)
----------------- Invoking toplevel() on ptolemy.moml.MoMLSimpleApplication@1d64c032
----------------- Done invoking toplevel() on ptolemy.moml.MoMLSimpleApplication@1d64c032
reloadAllAccessors: .ResettableTimer3

===========================================================================================
----------------- testing Mon Dec 09 06:23:30 UTC 2019 /home/travis/build/icyphy/ptII/ptolemy/domains/de/test/auto/ResettableTimer4.xml
----------------- Instantiating /home/travis/build/icyphy/ptII/ptolemy/domains/de/test/auto/ResettableTimer4.xml
2 ms. Memory: 159744K Free: 89015K (56%)
----------------- Invoking toplevel() on ptolemy.moml.MoMLSimpleApplication@4e6d74ec
----------------- Done invoking toplevel() on ptolemy.moml.MoMLSimpleApplication@4e6d74ec
reloadAllAccessors: .ResettableTimer4

===========================================================================================
----------------- testing Mon Dec 09 06:23:30 UTC 2019 /home/travis/build/icyphy/ptII/ptolemy/domains/de/test/auto/ResettableTimer5.xml
----------------- Instantiating /home/travis/build/icyphy/ptII/ptolemy/domains/de/test/auto/ResettableTimer5.xml
2 ms. Memory: 159744K Free: 84919K (53%)
----------------- Invoking toplevel() on ptolemy.moml.MoMLSimpleApplication@3543c639
----------------- Done invoking toplevel() on ptolemy.moml.MoMLSimpleApplication@3543c639
reloadAllAccessors: .ResettableTimer5

===========================================================================================
----------------- testing Mon Dec 09 06:23:30 UTC 2019 /home/travis/build/icyphy/ptII/ptolemy/domains/de/test/auto/ResettableTimer6.xml
----------------- Instantiating /home/travis/build/icyphy/ptII/ptolemy/domains/de/test/auto/ResettableTimer6.xml
6 ms. Memory: 159744K Free: 80306K (50%)
----------------- Invoking toplevel() on ptolemy.moml.MoMLSimpleApplication@440d228f
----------------- Done invoking toplevel() on ptolemy.moml.MoMLSimpleApplication@440d228f
reloadAllAccessors: .ResettableTimer6

===========================================================================================
----------------- testing Mon Dec 09 06:23:30 UTC 2019 /home/travis/build/icyphy/ptII/ptolemy/domains/de/test/auto/ServerZeroDelay.xml
----------------- Instantiating /home/travis/build/icyphy/ptII/ptolemy/domains/de/test/auto/ServerZeroDelay.xml
2 ms. Memory: 159744K Free: 76183K (48%)
----------------- Invoking toplevel() on ptolemy.moml.MoMLSimpleApplication@ab7163f
----------------- Done invoking toplevel() on ptolemy.moml.MoMLSimpleApplication@ab7163f
reloadAllAccessors: .ServerZeroDelay

===========================================================================================
----------------- testing Mon Dec 09 06:23:31 UTC 2019 /home/travis/build/icyphy/ptII/ptolemy/domains/de/test/auto/SmartSender.xml
----------------- Instantiating /home/travis/build/icyphy/ptII/ptolemy/domains/de/test/auto/SmartSender.xml
3001 ms. Memory: 159744K Free: 72117K (45%)
----------------- Invoking toplevel() on ptolemy.moml.MoMLSimpleApplication@659e53d6
----------------- Done invoking toplevel() on ptolemy.moml.MoMLSimpleApplication@659e53d6
reloadAllAccessors: .SmartSender

===========================================================================================
----------------- testing Mon Dec 09 06:23:34 UTC 2019 /home/travis/build/icyphy/ptII/ptolemy/domains/de/test/auto/ThreadedComposite.xml
----------------- Instantiating /home/travis/build/icyphy/ptII/ptolemy/domains/de/test/auto/ThreadedComposite.xml
92 ms. Memory: 159744K Free: 143291K (90%)
----------------- Invoking toplevel() on ptolemy.moml.MoMLSimpleApplication@5ff5c80b
----------------- Done invoking toplevel() on ptolemy.moml.MoMLSimpleApplication@5ff5c80b
reloadAllAccessors: .ThreadedComposite

===========================================================================================
----------------- testing Mon Dec 09 06:23:34 UTC 2019 /home/travis/build/icyphy/ptII/ptolemy/domains/de/test/auto/Time.xml
----------------- Instantiating /home/travis/build/icyphy/ptII/ptolemy/domains/de/test/auto/Time.xml
463 ms. Memory: 159744K Free: 88917K (56%)
----------------- Invoking toplevel() on ptolemy.moml.MoMLSimpleApplication@3d455f4a
----------------- Done invoking toplevel() on ptolemy.moml.MoMLSimpleApplication@3d455f4a
reloadAllAccessors: .Time

===========================================================================================
----------------- testing Mon Dec 09 06:23:34 UTC 2019 /home/travis/build/icyphy/ptII/ptolemy/domains/de/test/auto/TimeDelayZeroDelay.xml
----------------- Instantiating /home/travis/build/icyphy/ptII/ptolemy/domains/de/test/auto/TimeDelayZeroDelay.xml
2 ms. Memory: 159744K Free: 84821K (53%)
----------------- Invoking toplevel() on ptolemy.moml.MoMLSimpleApplication@63c9615a
----------------- Done invoking toplevel() on ptolemy.moml.MoMLSimpleApplication@63c9615a
reloadAllAccessors: .TimeDelayZeroDelay

===========================================================================================
----------------- testing Mon Dec 09 06:23:34 UTC 2019 /home/travis/build/icyphy/ptII/ptolemy/domains/de/test/auto/TimerZeroDelay.xml
----------------- Instantiating /home/travis/build/icyphy/ptII/ptolemy/domains/de/test/auto/TimerZeroDelay.xml
2 ms. Memory: 159744K Free: 80725K (51%)
----------------- Invoking toplevel() on ptolemy.moml.MoMLSimpleApplication@2a387388
----------------- Done invoking toplevel() on ptolemy.moml.MoMLSimpleApplication@2a387388
reloadAllAccessors: .TimerZeroDelay

===========================================================================================
----------------- testing Mon Dec 09 06:23:34 UTC 2019 /home/travis/build/icyphy/ptII/ptolemy/domains/de/test/auto/TimingParadox.xml
----------------- Instantiating /home/travis/build/icyphy/ptII/ptolemy/domains/de/test/auto/TimingParadox.xml
308 ms. Memory: 159744K Free: 106455K (67%)
----------------- Invoking toplevel() on ptolemy.moml.MoMLSimpleApplication@3b9b2bd2
----------------- Done invoking toplevel() on ptolemy.moml.MoMLSimpleApplication@3b9b2bd2
reloadAllAccessors: .TimingParadox

===========================================================================================
----------------- testing Mon Dec 09 06:23:35 UTC 2019 /home/travis/build/icyphy/ptII/ptolemy/domains/de/test/auto/TransferInputs.xml
----------------- Instantiating /home/travis/build/icyphy/ptII/ptolemy/domains/de/test/auto/TransferInputs.xml
1 ms. Memory: 159744K Free: 101831K (64%)
----------------- Invoking toplevel() on ptolemy.moml.MoMLSimpleApplication@48ef00a2
----------------- Done invoking toplevel() on ptolemy.moml.MoMLSimpleApplication@48ef00a2
reloadAllAccessors: .TransferInputs

===========================================================================================
----------------- testing Mon Dec 09 06:23:35 UTC 2019 /home/travis/build/icyphy/ptII/ptolemy/domains/de/test/auto/TransferOutputs2.xml
----------------- Instantiating /home/travis/build/icyphy/ptII/ptolemy/domains/de/test/auto/TransferOutputs2.xml
2 ms. Memory: 159744K Free: 94167K (59%)
----------------- Invoking toplevel() on ptolemy.moml.MoMLSimpleApplication@2ca2c964
----------------- Done invoking toplevel() on ptolemy.moml.MoMLSimpleApplication@2ca2c964
reloadAllAccessors: .TransferOutputs2

===========================================================================================
----------------- testing Mon Dec 09 06:23:35 UTC 2019 /home/travis/build/icyphy/ptII/ptolemy/domains/de/test/auto/Trilateration.xml
----------------- Instantiating /home/travis/build/icyphy/ptII/ptolemy/domains/de/test/auto/Trilateration.xml
12664 ms. Memory: 439296K Free: 245985K (56%)
----------------- Invoking toplevel() on ptolemy.moml.MoMLSimpleApplication@40fcf82a
----------------- Done invoking toplevel() on ptolemy.moml.MoMLSimpleApplication@40fcf82a
reloadAllAccessors: .Trilateration

===========================================================================================
----------------- testing Mon Dec 09 06:23:48 UTC 2019 /home/travis/build/icyphy/ptII/ptolemy/domains/de/test/auto/TwoSigmaDelta.xml
----------------- Instantiating /home/travis/build/icyphy/ptII/ptolemy/domains/de/test/auto/TwoSigmaDelta.xml
1946 ms. Memory: 439296K Free: 301887K (69%)
----------------- Invoking toplevel() on ptolemy.moml.MoMLSimpleApplication@2f46df9f
----------------- Done invoking toplevel() on ptolemy.moml.MoMLSimpleApplication@2f46df9f
reloadAllAccessors: .TwoSigmaDelta

===========================================================================================
----------------- testing Mon Dec 09 06:23:50 UTC 2019 /home/travis/build/icyphy/ptII/ptolemy/domains/de/test/auto/VariableDelay.xml
----------------- Instantiating /home/travis/build/icyphy/ptII/ptolemy/domains/de/test/auto/VariableDelay.xml
3 ms. Memory: 439296K Free: 296767K (68%)
----------------- Invoking toplevel() on ptolemy.moml.MoMLSimpleApplication@11d8fbc3
----------------- Done invoking toplevel() on ptolemy.moml.MoMLSimpleApplication@11d8fbc3
reloadAllAccessors: .VariableDelay

===========================================================================================
----------------- testing Mon Dec 09 06:23:50 UTC 2019 /home/travis/build/icyphy/ptII/ptolemy/domains/de/test/auto/VariableDelay2.xml
----------------- Instantiating /home/travis/build/icyphy/ptII/ptolemy/domains/de/test/auto/VariableDelay2.xml
2 ms. Memory: 439296K Free: 292143K (67%)
----------------- Invoking toplevel() on ptolemy.moml.MoMLSimpleApplication@28db4eb0
----------------- Done invoking toplevel() on ptolemy.moml.MoMLSimpleApplication@28db4eb0
reloadAllAccessors: .VariableDelay2

===========================================================================================
----------------- testing Mon Dec 09 06:23:50 UTC 2019 /home/travis/build/icyphy/ptII/ptolemy/domains/de/test/auto/VariableDelayZeroDelay.xml
----------------- Instantiating /home/travis/build/icyphy/ptII/ptolemy/domains/de/test/auto/VariableDelayZeroDelay.xml
3 ms. Memory: 439296K Free: 288061K (66%)
----------------- Invoking toplevel() on ptolemy.moml.MoMLSimpleApplication@7accc7e1
----------------- Done invoking toplevel() on ptolemy.moml.MoMLSimpleApplication@7accc7e1
reloadAllAccessors: .VariableDelayZeroDelay

===========================================================================================
----------------- testing Mon Dec 09 06:23:50 UTC 2019 /home/travis/build/icyphy/ptII/ptolemy/domains/de/test/auto/VariableDelayZeroDelay2.xml
----------------- Instantiating /home/travis/build/icyphy/ptII/ptolemy/domains/de/test/auto/VariableDelayZeroDelay2.xml
3 ms. Memory: 439296K Free: 283455K (65%)
----------------- Invoking toplevel() on ptolemy.moml.MoMLSimpleApplication@3190ff06
----------------- Done invoking toplevel() on ptolemy.moml.MoMLSimpleApplication@3190ff06
reloadAllAccessors: .VariableDelayZeroDelay2

===========================================================================================
----------------- testing Mon Dec 09 06:23:50 UTC 2019 /home/travis/build/icyphy/ptII/ptolemy/domains/de/test/auto/deInCt.xml
----------------- Instantiating /home/travis/build/icyphy/ptII/ptolemy/domains/de/test/auto/deInCt.xml
0
1
1
1
0
0
0
1
1
1
1
0
0
0
0
1
1
0
0
1
1
1
0
0
0
1
1
1
0
0
1
1
1
0
0
0
1
1
1
1
0
0
0
1
1
1
0
0
0
1
1
1
1
0
0
0
0
9 ms. Memory: 439296K Free: 278335K (63%)
----------------- Invoking toplevel() on ptolemy.moml.MoMLSimpleApplication@390b67fb
----------------- Done invoking toplevel() on ptolemy.moml.MoMLSimpleApplication@390b67fb
reloadAllAccessors: .deInCt

===========================================================================================
----------------- testing Mon Dec 09 06:23:50 UTC 2019 /home/travis/build/icyphy/ptII/ptolemy/domains/de/test/auto/deInCt2.xml
----------------- Instantiating /home/travis/build/icyphy/ptII/ptolemy/domains/de/test/auto/deInCt2.xml
0
1
1
1
0
0
1
1
1
0
0
1
1
1
0
0
1
1
1
0
0
1
1
1
0
0
1
1
1
0
0
1
1
1
0
0
1
1
1
0
0
0
16 ms. Memory: 439296K Free: 273213K (62%)
----------------- Invoking toplevel() on ptolemy.moml.MoMLSimpleApplication@45adf24d
----------------- Done invoking toplevel() on ptolemy.moml.MoMLSimpleApplication@45adf24d
reloadAllAccessors: .deInCt2

===========================================================================================
----------------- testing Mon Dec 09 06:23:50 UTC 2019 /home/travis/build/icyphy/ptII/ptolemy/domains/de/test/auto/dynamicCausalityInterface1.xml
----------------- Instantiating /home/travis/build/icyphy/ptII/ptolemy/domains/de/test/auto/dynamicCausalityInterface1.xml
1 ms. Memory: 439296K Free: 263999K (60%)
----------------- Invoking toplevel() on ptolemy.moml.MoMLSimpleApplication@2125d68f
----------------- Done invoking toplevel() on ptolemy.moml.MoMLSimpleApplication@2125d68f
reloadAllAccessors: .dynamicCausalityInterface1

===========================================================================================
----------------- testing Mon Dec 09 06:23:50 UTC 2019 /home/travis/build/icyphy/ptII/ptolemy/domains/de/test/auto/fsm_de_test.xml
----------------- Instantiating /home/travis/build/icyphy/ptII/ptolemy/domains/de/test/auto/fsm_de_test.xml
6 ms. Memory: 439296K Free: 254783K (58%)
----------------- Invoking toplevel() on ptolemy.moml.MoMLSimpleApplication@5d4d1908
----------------- Done invoking toplevel() on ptolemy.moml.MoMLSimpleApplication@5d4d1908
reloadAllAccessors: .fsm_de_test

===========================================================================================
----------------- testing Mon Dec 09 06:23:50 UTC 2019 /home/travis/build/icyphy/ptII/ptolemy/domains/de/test/auto/functionDependencyReconstruction.xml
----------------- Instantiating /home/travis/build/icyphy/ptII/ptolemy/domains/de/test/auto/functionDependencyReconstruction.xml
3 ms. Memory: 439296K Free: 239933K (55%)
----------------- Invoking toplevel() on ptolemy.moml.MoMLSimpleApplication@18373b1c
----------------- Done invoking toplevel() on ptolemy.moml.MoMLSimpleApplication@18373b1c
reloadAllAccessors: .functionDependencyReconstruction

===========================================================================================
----------------- testing Mon Dec 09 06:23:50 UTC 2019 /home/travis/build/icyphy/ptII/ptolemy/domains/de/test/auto/multirate.xml
----------------- Instantiating /home/travis/build/icyphy/ptII/ptolemy/domains/de/test/auto/multirate.xml
3 ms. Memory: 439296K Free: 233279K (53%)
----------------- Invoking toplevel() on ptolemy.moml.MoMLSimpleApplication@6772636b
----------------- Done invoking toplevel() on ptolemy.moml.MoMLSimpleApplication@6772636b
reloadAllAccessors: .multirate

===========================================================================================
----------------- testing Mon Dec 09 06:23:50 UTC 2019 /home/travis/build/icyphy/ptII/ptolemy/domains/de/test/auto/multirate2.xml
----------------- Instantiating /home/travis/build/icyphy/ptII/ptolemy/domains/de/test/auto/multirate2.xml
3 ms. Memory: 439296K Free: 226607K (52%)
----------------- Invoking toplevel() on ptolemy.moml.MoMLSimpleApplication@4a413cef
----------------- Done invoking toplevel() on ptolemy.moml.MoMLSimpleApplication@4a413cef
reloadAllAccessors: .multirate2

===========================================================================================
----------------- testing Mon Dec 09 06:23:50 UTC 2019 /home/travis/build/icyphy/ptII/ptolemy/domains/de/test/auto/realtime.xml
----------------- Instantiating /home/travis/build/icyphy/ptII/ptolemy/domains/de/test/auto/realtime.xml
10003 ms. Memory: 439296K Free: 221501K (50%)
----------------- Invoking toplevel() on ptolemy.moml.MoMLSimpleApplication@3e5cf122
----------------- Done invoking toplevel() on ptolemy.moml.MoMLSimpleApplication@3e5cf122
reloadAllAccessors: .realtime

===========================================================================================
----------------- testing Mon Dec 09 06:24:00 UTC 2019 /home/travis/build/icyphy/ptII/ptolemy/domains/de/test/auto/relationGroup.xml
----------------- Instantiating /home/travis/build/icyphy/ptII/ptolemy/domains/de/test/auto/relationGroup.xml
1 ms. Memory: 439296K Free: 217919K (50%)
----------------- Invoking toplevel() on ptolemy.moml.MoMLSimpleApplication@5fbe38fb
----------------- Done invoking toplevel() on ptolemy.moml.MoMLSimpleApplication@5fbe38fb
reloadAllAccessors: .relationGroup

===========================================================================================
----------------- testing Mon Dec 09 06:24:00 UTC 2019 /home/travis/build/icyphy/ptII/ptolemy/domains/de/test/auto/relationGroup2.xml
----------------- Instantiating /home/travis/build/icyphy/ptII/ptolemy/domains/de/test/auto/relationGroup2.xml
1 ms. Memory: 439296K Free: 214333K (49%)
----------------- Invoking toplevel() on ptolemy.moml.MoMLSimpleApplication@7e67dffe
----------------- Done invoking toplevel() on ptolemy.moml.MoMLSimpleApplication@7e67dffe
reloadAllAccessors: .relationGroup2

===========================================================================================
----------------- testing Mon Dec 09 06:24:00 UTC 2019 /home/travis/build/icyphy/ptII/ptolemy/domains/de/test/auto/sortWithOpaquePorts.xml
----------------- Instantiating /home/travis/build/icyphy/ptII/ptolemy/domains/de/test/auto/sortWithOpaquePorts.xml
1 ms. Memory: 439296K Free: 209727K (48%)
----------------- Invoking toplevel() on ptolemy.moml.MoMLSimpleApplication@7c4028c4
----------------- Done invoking toplevel() on ptolemy.moml.MoMLSimpleApplication@7c4028c4
reloadAllAccessors: .sortWithOpaquePorts

===========================================================================================
----------------- testing Mon Dec 09 06:24:00 UTC 2019 /home/travis/build/icyphy/ptII/ptolemy/domains/de/test/auto/transferInputsandOutputs.xml
----------------- Instantiating /home/travis/build/icyphy/ptII/ptolemy/domains/de/test/auto/transferInputsandOutputs.xml
2 ms. Memory: 439296K Free: 202559K (46%)
----------------- Invoking toplevel() on ptolemy.moml.MoMLSimpleApplication@4dc20a62
----------------- Done invoking toplevel() on ptolemy.moml.MoMLSimpleApplication@4dc20a62
reloadAllAccessors: .transferInputsandOutputs

===========================================================================================
----------------- testing Mon Dec 09 06:24:00 UTC 2019 /home/travis/build/icyphy/ptII/ptolemy/domains/de/test/auto/triggerType.xml
----------------- Instantiating /home/travis/build/icyphy/ptII/ptolemy/domains/de/test/auto/triggerType.xml
2 ms. Memory: 439296K Free: 198463K (45%)
----------------- Invoking toplevel() on ptolemy.moml.MoMLSimpleApplication@32fdddea
----------------- Done invoking toplevel() on ptolemy.moml.MoMLSimpleApplication@32fdddea
reloadAllAccessors: .triggerType
AutoTests.java: About to close Vertx.
AutoTests.java: Vertx closed.
]]></system-out>
  <system-err><![CDATA[java.lang.RuntimeException: Execution failed
	at ptolemy.moml.MoMLSimpleApplication$UnloadThread.run(MoMLSimpleApplication.java:402)
Caused by: ptolemy.kernel.util.IllegalActionException: Found a zero delay loop containing .dependencyLoop.original
  in .dependencyLoop and .dependencyLoop.original
	at ptolemy.actor.util.CausalityInterfaceForComposites._computeOutputPortDepth(CausalityInterfaceForComposites.java:759)
	at ptolemy.actor.util.CausalityInterfaceForComposites._computeInputDepth(CausalityInterfaceForComposites.java:696)
	at ptolemy.actor.util.CausalityInterfaceForComposites._computeOutputPortDepth(CausalityInterfaceForComposites.java:765)
	at ptolemy.actor.util.CausalityInterfaceForComposites._computeInputDepth(CausalityInterfaceForComposites.java:696)
	at ptolemy.actor.util.CausalityInterfaceForComposites._computeOutputPortDepth(CausalityInterfaceForComposites.java:765)
	at ptolemy.actor.util.CausalityInterfaceForComposites._computeInputDepth(CausalityInterfaceForComposites.java:696)
	at ptolemy.actor.util.CausalityInterfaceForComposites._computeActorDepth(CausalityInterfaceForComposites.java:532)
	at ptolemy.actor.util.CausalityInterfaceForComposites.checkForCycles(CausalityInterfaceForComposites.java:96)
	at ptolemy.domains.de.kernel.DEDirector.preinitialize(DEDirector.java:1338)
	at ptolemy.actor.CompositeActor.preinitialize(CompositeActor.java:1828)
	at ptolemy.actor.Manager.preinitializeAndResolveTypes(Manager.java:1040)
	at ptolemy.actor.Manager.initialize(Manager.java:710)
	at ptolemy.actor.Manager.execute(Manager.java:356)
	at ptolemy.actor.Manager.run(Manager.java:1263)
	at ptolemy.actor.Manager$PtolemyRunThread.run(Manager.java:1933)
java.lang.RuntimeException: Execution failed
	at ptolemy.moml.MoMLSimpleApplication$UnloadThread.run(MoMLSimpleApplication.java:402)
Caused by: ptolemy.kernel.util.IllegalActionException: Found a zero delay loop containing .dependencyLoop2.original
  in .dependencyLoop2 and .dependencyLoop2.original
	at ptolemy.actor.util.CausalityInterfaceForComposites._computeOutputPortDepth(CausalityInterfaceForComposites.java:759)
	at ptolemy.actor.util.CausalityInterfaceForComposites._computeInputDepth(CausalityInterfaceForComposites.java:696)
	at ptolemy.actor.util.CausalityInterfaceForComposites._computeOutputPortDepth(CausalityInterfaceForComposites.java:765)
	at ptolemy.actor.util.CausalityInterfaceForComposites._computeInputDepth(CausalityInterfaceForComposites.java:696)
	at ptolemy.actor.util.CausalityInterfaceForComposites._computeOutputPortDepth(CausalityInterfaceForComposites.java:765)
	at ptolemy.actor.util.CausalityInterfaceForComposites._computeInputDepth(CausalityInterfaceForComposites.java:696)
	at ptolemy.actor.util.CausalityInterfaceForComposites._computeActorDepth(CausalityInterfaceForComposites.java:532)
	at ptolemy.actor.util.CausalityInterfaceForComposites.checkForCycles(CausalityInterfaceForComposites.java:96)
	at ptolemy.domains.de.kernel.DEDirector.preinitialize(DEDirector.java:1338)
	at ptolemy.actor.CompositeActor.preinitialize(CompositeActor.java:1828)
	at ptolemy.actor.Manager.preinitializeAndResolveTypes(Manager.java:1040)
	at ptolemy.actor.Manager.initialize(Manager.java:710)
	at ptolemy.actor.Manager.execute(Manager.java:356)
	at ptolemy.actor.Manager.run(Manager.java:1263)
	at ptolemy.actor.Manager$PtolemyRunThread.run(Manager.java:1933)
java.lang.RuntimeException: Execution failed
	at ptolemy.moml.MoMLSimpleApplication$UnloadThread.run(MoMLSimpleApplication.java:402)
Caused by: ptolemy.kernel.util.IllegalActionException: Test fails in iteration 1.
Value was: 1.0. Should have been: 2.0
  in .DirectFeedback.Test
	at ptolemy.actor.lib.Test.fire(Test.java:268)
	at ptolemy.domains.de.kernel.DEDirector._fire(DEDirector.java:1949)
	at ptolemy.domains.de.kernel.DEDirector.fire(DEDirector.java:502)
	at ptolemy.actor.CompositeActor.fire(CompositeActor.java:455)
	at ptolemy.actor.Manager.iterate(Manager.java:851)
	at ptolemy.actor.Manager.execute(Manager.java:369)
	at ptolemy.actor.Manager.run(Manager.java:1263)
	at ptolemy.actor.Manager$PtolemyRunThread.run(Manager.java:1933)
java.lang.RuntimeException: Execution failed
	at ptolemy.moml.MoMLSimpleApplication$UnloadThread.run(MoMLSimpleApplication.java:402)
Caused by: ptolemy.kernel.util.IllegalActionException: Found a zero delay loop containing .dependencyLoop.original
  in .dependencyLoop and .dependencyLoop.original
	at ptolemy.actor.util.CausalityInterfaceForComposites._computeOutputPortDepth(CausalityInterfaceForComposites.java:759)
	at ptolemy.actor.util.CausalityInterfaceForComposites._computeInputDepth(CausalityInterfaceForComposites.java:696)
	at ptolemy.actor.util.CausalityInterfaceForComposites._computeOutputPortDepth(CausalityInterfaceForComposites.java:765)
	at ptolemy.actor.util.CausalityInterfaceForComposites._computeInputDepth(CausalityInterfaceForComposites.java:696)
	at ptolemy.actor.util.CausalityInterfaceForComposites._computeOutputPortDepth(CausalityInterfaceForComposites.java:765)
	at ptolemy.actor.util.CausalityInterfaceForComposites._computeInputDepth(CausalityInterfaceForComposites.java:696)
	at ptolemy.actor.util.CausalityInterfaceForComposites._computeActorDepth(CausalityInterfaceForComposites.java:532)
	at ptolemy.actor.util.CausalityInterfaceForComposites.checkForCycles(CausalityInterfaceForComposites.java:96)
	at ptolemy.domains.de.kernel.DEDirector.preinitialize(DEDirector.java:1338)
	at ptolemy.actor.CompositeActor.preinitialize(CompositeActor.java:1828)
	at ptolemy.actor.Manager.preinitializeAndResolveTypes(Manager.java:1040)
	at ptolemy.actor.Manager.initialize(Manager.java:710)
	at ptolemy.actor.Manager.execute(Manager.java:356)
	at ptolemy.actor.Manager.run(Manager.java:1263)
	at ptolemy.actor.Manager$PtolemyRunThread.run(Manager.java:1933)
java.lang.RuntimeException: Execution failed
	at ptolemy.moml.MoMLSimpleApplication$UnloadThread.run(MoMLSimpleApplication.java:402)
Caused by: ptolemy.kernel.util.IllegalActionException: Found a zero delay loop containing .HierarchicalModel.A
  in .HierarchicalModel and .HierarchicalModel.A
	at ptolemy.actor.util.CausalityInterfaceForComposites._computeOutputPortDepth(CausalityInterfaceForComposites.java:759)
	at ptolemy.actor.util.CausalityInterfaceForComposites._computeInputDepth(CausalityInterfaceForComposites.java:696)
	at ptolemy.actor.util.CausalityInterfaceForComposites._computeOutputPortDepth(CausalityInterfaceForComposites.java:765)
	at ptolemy.actor.util.CausalityInterfaceForComposites._computeInputDepth(CausalityInterfaceForComposites.java:696)
	at ptolemy.actor.util.CausalityInterfaceForComposites._computeOutputPortDepth(CausalityInterfaceForComposites.java:765)
	at ptolemy.actor.util.CausalityInterfaceForComposites._computeInputDepth(CausalityInterfaceForComposites.java:696)
	at ptolemy.actor.util.CausalityInterfaceForComposites._computeActorDepth(CausalityInterfaceForComposites.java:532)
	at ptolemy.actor.util.CausalityInterfaceForComposites.checkForCycles(CausalityInterfaceForComposites.java:96)
	at ptolemy.domains.de.kernel.DEDirector.preinitialize(DEDirector.java:1338)
	at ptolemy.actor.CompositeActor.preinitialize(CompositeActor.java:1828)
	at ptolemy.actor.Manager.preinitializeAndResolveTypes(Manager.java:1040)
	at ptolemy.actor.Manager.initialize(Manager.java:710)
	at ptolemy.actor.Manager.execute(Manager.java:356)
	at ptolemy.actor.Manager.run(Manager.java:1263)
	at ptolemy.actor.Manager$PtolemyRunThread.run(Manager.java:1933)
java.lang.RuntimeException: Execution failed
	at ptolemy.moml.MoMLSimpleApplication$UnloadThread.run(MoMLSimpleApplication.java:402)
Caused by: ptolemy.kernel.util.IllegalActionException: Found a zero delay loop containing .dependencyLoop2.original
  in .dependencyLoop2 and .dependencyLoop2.original
	at ptolemy.actor.util.CausalityInterfaceForComposites._computeOutputPortDepth(CausalityInterfaceForComposites.java:759)
	at ptolemy.actor.util.CausalityInterfaceForComposites._computeInputDepth(CausalityInterfaceForComposites.java:696)
	at ptolemy.actor.util.CausalityInterfaceForComposites._computeOutputPortDepth(CausalityInterfaceForComposites.java:765)
	at ptolemy.actor.util.CausalityInterfaceForComposites._computeInputDepth(CausalityInterfaceForComposites.java:696)
	at ptolemy.actor.util.CausalityInterfaceForComposites._computeOutputPortDepth(CausalityInterfaceForComposites.java:765)
	at ptolemy.actor.util.CausalityInterfaceForComposites._computeInputDepth(CausalityInterfaceForComposites.java:696)
	at ptolemy.actor.util.CausalityInterfaceForComposites._computeActorDepth(CausalityInterfaceForComposites.java:532)
	at ptolemy.actor.util.CausalityInterfaceForComposites.checkForCycles(CausalityInterfaceForComposites.java:96)
	at ptolemy.domains.de.kernel.DEDirector.preinitialize(DEDirector.java:1338)
	at ptolemy.actor.CompositeActor.preinitialize(CompositeActor.java:1828)
	at ptolemy.actor.Manager.preinitializeAndResolveTypes(Manager.java:1040)
	at ptolemy.actor.Manager.initialize(Manager.java:710)
	at ptolemy.actor.Manager.execute(Manager.java:356)
	at ptolemy.actor.Manager.run(Manager.java:1263)
	at ptolemy.actor.Manager$PtolemyRunThread.run(Manager.java:1933)
java.lang.RuntimeException: Execution failed
	at ptolemy.moml.MoMLSimpleApplication$UnloadThread.run(MoMLSimpleApplication.java:402)
Caused by: ptolemy.kernel.util.IllegalActionException: Actor is not ready to fire.  Perhaps UpSample.prefire() returned false? Try debugging the actor by selecting "Listen to Actor".  Also, for SDF check moml for tokenConsumptionRate on input.
  in .DESDFClockTest.Play Bell.Copy1:SDF Director and .DESDFClockTest.Play Bell.UpSample
	at ptolemy.actor.sched.StaticSchedulingDirector.fire(StaticSchedulingDirector.java:227)
	at ptolemy.domains.sdf.kernel.SDFDirector.fire(SDFDirector.java:500)
	at ptolemy.actor.CompositeActor.fire(CompositeActor.java:455)
	at ptolemy.domains.de.kernel.DEDirector._fire(DEDirector.java:1949)
	at ptolemy.domains.de.kernel.DEDirector.fire(DEDirector.java:502)
	at ptolemy.actor.CompositeActor.fire(CompositeActor.java:455)
	at ptolemy.actor.Manager.iterate(Manager.java:851)
	at ptolemy.actor.Manager.execute(Manager.java:369)
	at ptolemy.actor.Manager.run(Manager.java:1263)
	at ptolemy.actor.Manager$PtolemyRunThread.run(Manager.java:1933)
java.lang.RuntimeException: Execution failed
	at ptolemy.moml.MoMLSimpleApplication$UnloadThread.run(MoMLSimpleApplication.java:402)
Caused by: ptolemy.kernel.util.IllegalActionException: Actor is not ready to fire.  Perhaps UpSample.prefire() returned false? Try debugging the actor by selecting "Listen to Actor".  Also, for SDF check moml for tokenConsumptionRate on input.
  in .DESDFClockTest.Play Bell.Copy1:SDF Director and .DESDFClockTest.Play Bell.UpSample
	at ptolemy.actor.sched.StaticSchedulingDirector.fire(StaticSchedulingDirector.java:227)
	at ptolemy.domains.sdf.kernel.SDFDirector.fire(SDFDirector.java:500)
	at ptolemy.actor.CompositeActor.fire(CompositeActor.java:455)
	at ptolemy.domains.de.kernel.DEDirector._fire(DEDirector.java:1949)
	at ptolemy.domains.de.kernel.DEDirector.fire(DEDirector.java:502)
	at ptolemy.actor.CompositeActor.fire(CompositeActor.java:455)
	at ptolemy.actor.Manager.iterate(Manager.java:851)
	at ptolemy.actor.Manager.execute(Manager.java:369)
	at ptolemy.actor.Manager.run(Manager.java:1263)
	at ptolemy.actor.Manager$PtolemyRunThread.run(Manager.java:1933)
java.lang.reflect.InvocationTargetException
	at java.base/jdk.internal.reflect.NativeConstructorAccessorImpl.newInstance0(Native Method)
	at java.base/jdk.internal.reflect.NativeConstructorAccessorImpl.newInstance(NativeConstructorAccessorImpl.java:62)
	at java.base/jdk.internal.reflect.DelegatingConstructorAccessorImpl.newInstance(DelegatingConstructorAccessorImpl.java:45)
	at java.base/java.lang.reflect.Constructor.newInstance(Constructor.java:490)
	at ptolemy.util.test.junit.AutoKnownFailedTests.RunModel(AutoKnownFailedTests.java:105)
	at java.base/jdk.internal.reflect.NativeMethodAccessorImpl.invoke0(Native Method)
	at java.base/jdk.internal.reflect.NativeMethodAccessorImpl.invoke(NativeMethodAccessorImpl.java:62)
	at java.base/jdk.internal.reflect.DelegatingMethodAccessorImpl.invoke(DelegatingMethodAccessorImpl.java:43)
	at java.base/java.lang.reflect.Method.invoke(Method.java:566)
	at org.junit.runners.model.FrameworkMethod$1.runReflectiveCall(FrameworkMethod.java:44)
	at org.junit.internal.runners.model.ReflectiveCallable.run(ReflectiveCallable.java:15)
	at org.junit.runners.model.FrameworkMethod.invokeExplosively(FrameworkMethod.java:41)
	at junitparams.internal.InvokeParameterisedMethod.evaluate(InvokeParameterisedMethod.java:102)
	at org.junit.internal.runners.statements.FailOnTimeout$1.run(FailOnTimeout.java:28)
Caused by: ptolemy.kernel.util.IllegalActionException: Actor is not ready to fire.  Perhaps UpSample.prefire() returned false? Try debugging the actor by selecting "Listen to Actor".  Also, for SDF check moml for tokenConsumptionRate on input.
  in .DESDFClockTest.Play Bell.Copy1:SDF Director and .DESDFClockTest.Play Bell.UpSample
	at ptolemy.actor.sched.StaticSchedulingDirector.fire(StaticSchedulingDirector.java:227)
	at ptolemy.domains.sdf.kernel.SDFDirector.fire(SDFDirector.java:500)
	at ptolemy.actor.CompositeActor.fire(CompositeActor.java:455)
	at ptolemy.domains.de.kernel.DEDirector._fire(DEDirector.java:1949)
	at ptolemy.domains.de.kernel.DEDirector.fire(DEDirector.java:502)
	at ptolemy.actor.CompositeActor.fire(CompositeActor.java:455)
	at ptolemy.actor.Manager.iterate(Manager.java:851)
	at ptolemy.actor.Manager.execute(Manager.java:369)
	at ptolemy.actor.Manager.run(Manager.java:1263)
	at ptolemy.actor.Manager$PtolemyRunThread.run(Manager.java:1933)
java.lang.RuntimeException: Execution failed
	at ptolemy.moml.MoMLSimpleApplication$UnloadThread.run(MoMLSimpleApplication.java:402)
Caused by: ptolemy.kernel.util.IllegalActionException: Test fails in iteration 1.
Value was: 1.0. Should have been: 2.0
  in .DirectFeedback.Test
	at ptolemy.actor.lib.Test.fire(Test.java:268)
	at ptolemy.domains.de.kernel.DEDirector._fire(DEDirector.java:1949)
	at ptolemy.domains.de.kernel.DEDirector.fire(DEDirector.java:502)
	at ptolemy.actor.CompositeActor.fire(CompositeActor.java:455)
	at ptolemy.actor.Manager.iterate(Manager.java:851)
	at ptolemy.actor.Manager.execute(Manager.java:369)
	at ptolemy.actor.Manager.run(Manager.java:1263)
	at ptolemy.actor.Manager$PtolemyRunThread.run(Manager.java:1933)
java.lang.reflect.InvocationTargetException
	at java.base/jdk.internal.reflect.NativeConstructorAccessorImpl.newInstance0(Native Method)
	at java.base/jdk.internal.reflect.NativeConstructorAccessorImpl.newInstance(NativeConstructorAccessorImpl.java:62)
	at java.base/jdk.internal.reflect.DelegatingConstructorAccessorImpl.newInstance(DelegatingConstructorAccessorImpl.java:45)
	at java.base/java.lang.reflect.Constructor.newInstance(Constructor.java:490)
	at ptolemy.util.test.junit.AutoKnownFailedTests.RunModel(AutoKnownFailedTests.java:105)
	at java.base/jdk.internal.reflect.NativeMethodAccessorImpl.invoke0(Native Method)
	at java.base/jdk.internal.reflect.NativeMethodAccessorImpl.invoke(NativeMethodAccessorImpl.java:62)
	at java.base/jdk.internal.reflect.DelegatingMethodAccessorImpl.invoke(DelegatingMethodAccessorImpl.java:43)
	at java.base/java.lang.reflect.Method.invoke(Method.java:566)
	at org.junit.runners.model.FrameworkMethod$1.runReflectiveCall(FrameworkMethod.java:44)
	at org.junit.internal.runners.model.ReflectiveCallable.run(ReflectiveCallable.java:15)
	at org.junit.runners.model.FrameworkMethod.invokeExplosively(FrameworkMethod.java:41)
	at junitparams.internal.InvokeParameterisedMethod.evaluate(InvokeParameterisedMethod.java:102)
	at org.junit.internal.runners.statements.FailOnTimeout$1.run(FailOnTimeout.java:28)
Caused by: ptolemy.kernel.util.IllegalActionException: Test fails in iteration 1.
Value was: 1.0. Should have been: 2.0
  in .DirectFeedback.Test
	at ptolemy.actor.lib.Test.fire(Test.java:268)
	at ptolemy.domains.de.kernel.DEDirector._fire(DEDirector.java:1949)
	at ptolemy.domains.de.kernel.DEDirector.fire(DEDirector.java:502)
	at ptolemy.actor.CompositeActor.fire(CompositeActor.java:455)
	at ptolemy.actor.Manager.iterate(Manager.java:851)
	at ptolemy.actor.Manager.execute(Manager.java:369)
	at ptolemy.actor.Manager.run(Manager.java:1263)
	at ptolemy.actor.Manager$PtolemyRunThread.run(Manager.java:1933)
java.lang.RuntimeException: Execution failed
	at ptolemy.moml.MoMLSimpleApplication$UnloadThread.run(MoMLSimpleApplication.java:402)
Caused by: ptolemy.kernel.util.IllegalActionException: Found a zero delay loop containing .HierarchicalModel.A
  in .HierarchicalModel and .HierarchicalModel.A
	at ptolemy.actor.util.CausalityInterfaceForComposites._computeOutputPortDepth(CausalityInterfaceForComposites.java:759)
	at ptolemy.actor.util.CausalityInterfaceForComposites._computeInputDepth(CausalityInterfaceForComposites.java:696)
	at ptolemy.actor.util.CausalityInterfaceForComposites._computeOutputPortDepth(CausalityInterfaceForComposites.java:765)
	at ptolemy.actor.util.CausalityInterfaceForComposites._computeInputDepth(CausalityInterfaceForComposites.java:696)
	at ptolemy.actor.util.CausalityInterfaceForComposites._computeOutputPortDepth(CausalityInterfaceForComposites.java:765)
	at ptolemy.actor.util.CausalityInterfaceForComposites._computeInputDepth(CausalityInterfaceForComposites.java:696)
	at ptolemy.actor.util.CausalityInterfaceForComposites._computeActorDepth(CausalityInterfaceForComposites.java:532)
	at ptolemy.actor.util.CausalityInterfaceForComposites.checkForCycles(CausalityInterfaceForComposites.java:96)
	at ptolemy.domains.de.kernel.DEDirector.preinitialize(DEDirector.java:1338)
	at ptolemy.actor.CompositeActor.preinitialize(CompositeActor.java:1828)
	at ptolemy.actor.Manager.preinitializeAndResolveTypes(Manager.java:1040)
	at ptolemy.actor.Manager.initialize(Manager.java:710)
	at ptolemy.actor.Manager.execute(Manager.java:356)
	at ptolemy.actor.Manager.run(Manager.java:1263)
	at ptolemy.actor.Manager$PtolemyRunThread.run(Manager.java:1933)
java.lang.reflect.InvocationTargetException
	at java.base/jdk.internal.reflect.NativeConstructorAccessorImpl.newInstance0(Native Method)
	at java.base/jdk.internal.reflect.NativeConstructorAccessorImpl.newInstance(NativeConstructorAccessorImpl.java:62)
	at java.base/jdk.internal.reflect.DelegatingConstructorAccessorImpl.newInstance(DelegatingConstructorAccessorImpl.java:45)
	at java.base/java.lang.reflect.Constructor.newInstance(Constructor.java:490)
	at ptolemy.util.test.junit.AutoKnownFailedTests.RunModel(AutoKnownFailedTests.java:105)
	at java.base/jdk.internal.reflect.NativeMethodAccessorImpl.invoke0(Native Method)
	at java.base/jdk.internal.reflect.NativeMethodAccessorImpl.invoke(NativeMethodAccessorImpl.java:62)
	at java.base/jdk.internal.reflect.DelegatingMethodAccessorImpl.invoke(DelegatingMethodAccessorImpl.java:43)
	at java.base/java.lang.reflect.Method.invoke(Method.java:566)
	at org.junit.runners.model.FrameworkMethod$1.runReflectiveCall(FrameworkMethod.java:44)
	at org.junit.internal.runners.model.ReflectiveCallable.run(ReflectiveCallable.java:15)
	at org.junit.runners.model.FrameworkMethod.invokeExplosively(FrameworkMethod.java:41)
	at junitparams.internal.InvokeParameterisedMethod.evaluate(InvokeParameterisedMethod.java:102)
	at org.junit.internal.runners.statements.FailOnTimeout$1.run(FailOnTimeout.java:28)
Caused by: ptolemy.kernel.util.IllegalActionException: Found a zero delay loop containing .HierarchicalModel.A
  in .HierarchicalModel and .HierarchicalModel.A
	at ptolemy.actor.util.CausalityInterfaceForComposites._computeOutputPortDepth(CausalityInterfaceForComposites.java:759)
	at ptolemy.actor.util.CausalityInterfaceForComposites._computeInputDepth(CausalityInterfaceForComposites.java:696)
	at ptolemy.actor.util.CausalityInterfaceForComposites._computeOutputPortDepth(CausalityInterfaceForComposites.java:765)
	at ptolemy.actor.util.CausalityInterfaceForComposites._computeInputDepth(CausalityInterfaceForComposites.java:696)
	at ptolemy.actor.util.CausalityInterfaceForComposites._computeOutputPortDepth(CausalityInterfaceForComposites.java:765)
	at ptolemy.actor.util.CausalityInterfaceForComposites._computeInputDepth(CausalityInterfaceForComposites.java:696)
	at ptolemy.actor.util.CausalityInterfaceForComposites._computeActorDepth(CausalityInterfaceForComposites.java:532)
	at ptolemy.actor.util.CausalityInterfaceForComposites.checkForCycles(CausalityInterfaceForComposites.java:96)
	at ptolemy.domains.de.kernel.DEDirector.preinitialize(DEDirector.java:1338)
	at ptolemy.actor.CompositeActor.preinitialize(CompositeActor.java:1828)
	at ptolemy.actor.Manager.preinitializeAndResolveTypes(Manager.java:1040)
	at ptolemy.actor.Manager.initialize(Manager.java:710)
	at ptolemy.actor.Manager.execute(Manager.java:356)
	at ptolemy.actor.Manager.run(Manager.java:1263)
	at ptolemy.actor.Manager$PtolemyRunThread.run(Manager.java:1933)
java.lang.RuntimeException: Execution failed
	at ptolemy.moml.MoMLSimpleApplication$UnloadThread.run(MoMLSimpleApplication.java:402)
Caused by: ptolemy.kernel.util.IllegalActionException: Found a zero delay loop containing .dependencyLoop.original
  in .dependencyLoop and .dependencyLoop.original
	at ptolemy.actor.util.CausalityInterfaceForComposites._computeOutputPortDepth(CausalityInterfaceForComposites.java:759)
	at ptolemy.actor.util.CausalityInterfaceForComposites._computeInputDepth(CausalityInterfaceForComposites.java:696)
	at ptolemy.actor.util.CausalityInterfaceForComposites._computeOutputPortDepth(CausalityInterfaceForComposites.java:765)
	at ptolemy.actor.util.CausalityInterfaceForComposites._computeInputDepth(CausalityInterfaceForComposites.java:696)
	at ptolemy.actor.util.CausalityInterfaceForComposites._computeOutputPortDepth(CausalityInterfaceForComposites.java:765)
	at ptolemy.actor.util.CausalityInterfaceForComposites._computeInputDepth(CausalityInterfaceForComposites.java:696)
	at ptolemy.actor.util.CausalityInterfaceForComposites._computeActorDepth(CausalityInterfaceForComposites.java:532)
	at ptolemy.actor.util.CausalityInterfaceForComposites.checkForCycles(CausalityInterfaceForComposites.java:96)
	at ptolemy.domains.de.kernel.DEDirector.preinitialize(DEDirector.java:1338)
	at ptolemy.actor.CompositeActor.preinitialize(CompositeActor.java:1828)
	at ptolemy.actor.Manager.preinitializeAndResolveTypes(Manager.java:1040)
	at ptolemy.actor.Manager.initialize(Manager.java:710)
	at ptolemy.actor.Manager.execute(Manager.java:356)
	at ptolemy.actor.Manager.run(Manager.java:1263)
	at ptolemy.actor.Manager$PtolemyRunThread.run(Manager.java:1933)
java.lang.reflect.InvocationTargetException
	at java.base/jdk.internal.reflect.NativeConstructorAccessorImpl.newInstance0(Native Method)
	at java.base/jdk.internal.reflect.NativeConstructorAccessorImpl.newInstance(NativeConstructorAccessorImpl.java:62)
	at java.base/jdk.internal.reflect.DelegatingConstructorAccessorImpl.newInstance(DelegatingConstructorAccessorImpl.java:45)
	at java.base/java.lang.reflect.Constructor.newInstance(Constructor.java:490)
	at ptolemy.util.test.junit.AutoKnownFailedTests.RunModel(AutoKnownFailedTests.java:105)
	at java.base/jdk.internal.reflect.NativeMethodAccessorImpl.invoke0(Native Method)
	at java.base/jdk.internal.reflect.NativeMethodAccessorImpl.invoke(NativeMethodAccessorImpl.java:62)
	at java.base/jdk.internal.reflect.DelegatingMethodAccessorImpl.invoke(DelegatingMethodAccessorImpl.java:43)
	at java.base/java.lang.reflect.Method.invoke(Method.java:566)
	at org.junit.runners.model.FrameworkMethod$1.runReflectiveCall(FrameworkMethod.java:44)
	at org.junit.internal.runners.model.ReflectiveCallable.run(ReflectiveCallable.java:15)
	at org.junit.runners.model.FrameworkMethod.invokeExplosively(FrameworkMethod.java:41)
	at junitparams.internal.InvokeParameterisedMethod.evaluate(InvokeParameterisedMethod.java:102)
	at org.junit.internal.runners.statements.FailOnTimeout$1.run(FailOnTimeout.java:28)
Caused by: ptolemy.kernel.util.IllegalActionException: Found a zero delay loop containing .dependencyLoop.original
  in .dependencyLoop and .dependencyLoop.original
	at ptolemy.actor.util.CausalityInterfaceForComposites._computeOutputPortDepth(CausalityInterfaceForComposites.java:759)
	at ptolemy.actor.util.CausalityInterfaceForComposites._computeInputDepth(CausalityInterfaceForComposites.java:696)
	at ptolemy.actor.util.CausalityInterfaceForComposites._computeOutputPortDepth(CausalityInterfaceForComposites.java:765)
	at ptolemy.actor.util.CausalityInterfaceForComposites._computeInputDepth(CausalityInterfaceForComposites.java:696)
	at ptolemy.actor.util.CausalityInterfaceForComposites._computeOutputPortDepth(CausalityInterfaceForComposites.java:765)
	at ptolemy.actor.util.CausalityInterfaceForComposites._computeInputDepth(CausalityInterfaceForComposites.java:696)
	at ptolemy.actor.util.CausalityInterfaceForComposites._computeActorDepth(CausalityInterfaceForComposites.java:532)
	at ptolemy.actor.util.CausalityInterfaceForComposites.checkForCycles(CausalityInterfaceForComposites.java:96)
	at ptolemy.domains.de.kernel.DEDirector.preinitialize(DEDirector.java:1338)
	at ptolemy.actor.CompositeActor.preinitialize(CompositeActor.java:1828)
	at ptolemy.actor.Manager.preinitializeAndResolveTypes(Manager.java:1040)
	at ptolemy.actor.Manager.initialize(Manager.java:710)
	at ptolemy.actor.Manager.execute(Manager.java:356)
	at ptolemy.actor.Manager.run(Manager.java:1263)
	at ptolemy.actor.Manager$PtolemyRunThread.run(Manager.java:1933)
java.lang.RuntimeException: Execution failed
	at ptolemy.moml.MoMLSimpleApplication$UnloadThread.run(MoMLSimpleApplication.java:402)
Caused by: ptolemy.kernel.util.IllegalActionException: Found a zero delay loop containing .dependencyLoop2.original
  in .dependencyLoop2 and .dependencyLoop2.original
	at ptolemy.actor.util.CausalityInterfaceForComposites._computeOutputPortDepth(CausalityInterfaceForComposites.java:759)
	at ptolemy.actor.util.CausalityInterfaceForComposites._computeInputDepth(CausalityInterfaceForComposites.java:696)
	at ptolemy.actor.util.CausalityInterfaceForComposites._computeOutputPortDepth(CausalityInterfaceForComposites.java:765)
	at ptolemy.actor.util.CausalityInterfaceForComposites._computeInputDepth(CausalityInterfaceForComposites.java:696)
	at ptolemy.actor.util.CausalityInterfaceForComposites._computeOutputPortDepth(CausalityInterfaceForComposites.java:765)
	at ptolemy.actor.util.CausalityInterfaceForComposites._computeInputDepth(CausalityInterfaceForComposites.java:696)
	at ptolemy.actor.util.CausalityInterfaceForComposites._computeActorDepth(CausalityInterfaceForComposites.java:532)
	at ptolemy.actor.util.CausalityInterfaceForComposites.checkForCycles(CausalityInterfaceForComposites.java:96)
	at ptolemy.domains.de.kernel.DEDirector.preinitialize(DEDirector.java:1338)
	at ptolemy.actor.CompositeActor.preinitialize(CompositeActor.java:1828)
	at ptolemy.actor.Manager.preinitializeAndResolveTypes(Manager.java:1040)
	at ptolemy.actor.Manager.initialize(Manager.java:710)
	at ptolemy.actor.Manager.execute(Manager.java:356)
	at ptolemy.actor.Manager.run(Manager.java:1263)
	at ptolemy.actor.Manager$PtolemyRunThread.run(Manager.java:1933)
java.lang.reflect.InvocationTargetException
	at java.base/jdk.internal.reflect.NativeConstructorAccessorImpl.newInstance0(Native Method)
	at java.base/jdk.internal.reflect.NativeConstructorAccessorImpl.newInstance(NativeConstructorAccessorImpl.java:62)
	at java.base/jdk.internal.reflect.DelegatingConstructorAccessorImpl.newInstance(DelegatingConstructorAccessorImpl.java:45)
	at java.base/java.lang.reflect.Constructor.newInstance(Constructor.java:490)
	at ptolemy.util.test.junit.AutoKnownFailedTests.RunModel(AutoKnownFailedTests.java:105)
	at java.base/jdk.internal.reflect.NativeMethodAccessorImpl.invoke0(Native Method)
	at java.base/jdk.internal.reflect.NativeMethodAccessorImpl.invoke(NativeMethodAccessorImpl.java:62)
	at java.base/jdk.internal.reflect.DelegatingMethodAccessorImpl.invoke(DelegatingMethodAccessorImpl.java:43)
	at java.base/java.lang.reflect.Method.invoke(Method.java:566)
	at org.junit.runners.model.FrameworkMethod$1.runReflectiveCall(FrameworkMethod.java:44)
	at org.junit.internal.runners.model.ReflectiveCallable.run(ReflectiveCallable.java:15)
	at org.junit.runners.model.FrameworkMethod.invokeExplosively(FrameworkMethod.java:41)
	at junitparams.internal.InvokeParameterisedMethod.evaluate(InvokeParameterisedMethod.java:102)
	at org.junit.internal.runners.statements.FailOnTimeout$1.run(FailOnTimeout.java:28)
Caused by: ptolemy.kernel.util.IllegalActionException: Found a zero delay loop containing .dependencyLoop2.original
  in .dependencyLoop2 and .dependencyLoop2.original
	at ptolemy.actor.util.CausalityInterfaceForComposites._computeOutputPortDepth(CausalityInterfaceForComposites.java:759)
	at ptolemy.actor.util.CausalityInterfaceForComposites._computeInputDepth(CausalityInterfaceForComposites.java:696)
	at ptolemy.actor.util.CausalityInterfaceForComposites._computeOutputPortDepth(CausalityInterfaceForComposites.java:765)
	at ptolemy.actor.util.CausalityInterfaceForComposites._computeInputDepth(CausalityInterfaceForComposites.java:696)
	at ptolemy.actor.util.CausalityInterfaceForComposites._computeOutputPortDepth(CausalityInterfaceForComposites.java:765)
	at ptolemy.actor.util.CausalityInterfaceForComposites._computeInputDepth(CausalityInterfaceForComposites.java:696)
	at ptolemy.actor.util.CausalityInterfaceForComposites._computeActorDepth(CausalityInterfaceForComposites.java:532)
	at ptolemy.actor.util.CausalityInterfaceForComposites.checkForCycles(CausalityInterfaceForComposites.java:96)
	at ptolemy.domains.de.kernel.DEDirector.preinitialize(DEDirector.java:1338)
	at ptolemy.actor.CompositeActor.preinitialize(CompositeActor.java:1828)
	at ptolemy.actor.Manager.preinitializeAndResolveTypes(Manager.java:1040)
	at ptolemy.actor.Manager.initialize(Manager.java:710)
	at ptolemy.actor.Manager.execute(Manager.java:356)
	at ptolemy.actor.Manager.run(Manager.java:1263)
	at ptolemy.actor.Manager$PtolemyRunThread.run(Manager.java:1933)
]]></system-err>
</testsuite>
