<?xml version="1.0" encoding="UTF-8" ?>
<testsuite errors="0" failures="0" hostname="travis-job-39ddd2ef-3d44-4d1e-b9df-ca689027d755" name="ptolemy.domains.continuous.test.junit.JUnitTclTest" skipped="0" tests="155" time="85.832" timestamp="2018-09-09T02:22:27">
  <properties>
    <property name="npm.executable" value="npm" />
    <property name="file.encoding.pkg" value="sun.io" />
    <property name="ptII.mk.exists" value="true" />
    <property name="env.rvm_bin_path" value="/home/travis/.rvm/bin" />
    <property name="java.home" value="/usr/lib/jvm/java-8-oracle/jre" />
    <property name="env.TRAVIS_JOB_NUMBER" value="724.9" />
    <property name="env.DISPLAY" value=":99.0" />
    <property name="java.net.preferIPv4Stack" value="true" />
    <property name="env.TRAVIS_INIT" value="upstart" />
    <property name="env.SSH_TTY" value="/dev/pts/0" />
    <property name="env.RUN_TESTS" value="false" />
    <property name="timeout.short" value="1000000" />
    <property name="env.TRAVIS_STACK_NODE_ATTRIBUTES" value="/.node-attributes.yml" />
    <property name="junit.formatter" value="xml" />
    <property name="java.endorsed.dirs" value="/usr/lib/jvm/java-8-oracle/jre/lib/endorsed" />
    <property name="env.TRAVIS_SUDO" value="true" />
    <property name="env.LOGNAME" value="travis" />
    <property name="jsdoc.home" value="node_modules/@terraswarm/jsdoc" />
    <property name="debuglevel" value="source,lines,vars" />
    <property name="checkstyle.formatter" value="xml" />
    <property name="bin.vergil.makeable" value="true" />
    <property name="env._system_version" value="14.04" />
    <property name="sun.os.patch.level" value="unknown" />
    <property name="java.vendor.url" value="http://java.oracle.com/" />
    <property name="java.version" value="1.8.0_151" />
    <property name="env.TZ" value="UTC" />
    <property name="env.PT_NO_NET" value="true" />
    <property name="env.TRAVIS_PULL_REQUEST_SHA" value="" />
    <property name="env.TRAVIS_SECURE_ENV_VARS" value="true" />
    <property name="env._system_type" value="Linux" />
    <property name="java.vendor.url.bug" value="http://bugreport.sun.com/bugreport/" />
    <property name="env.SSH_CLIENT" value="10.10.16.9 51886 22" />
    <property name="npmjs-org-is-up" value="true" />
    <property name="env.GEM_HOME" value="/home/travis/.rvm/gems/ruby-2.4.1" />
    <property name="env.HAS_ANTARES_THREE_LITTLE_FRONZIES_BADGE" value="true" />
    <property name="env.PS4" value="+" />
    <property name="ant.project.invoked-targets" value="build,test.core2.xml" />
    <property name="env.TRAVIS_PULL_REQUEST_BRANCH" value="" />
    <property name="env.TRAVIS_REPO_SLUG" value="icyphy/ptII" />
    <property name="node.in.path" value="true" />
    <property name="java.maxmemory" value="1400m" />
    <property name="env.RUBY_VERSION" value="ruby-2.4.1" />
    <property name="user.name" value="travis" />
    <property name="env.LANG" value="en_US.UTF-8" />
    <property name="sun.io.unicode.encoding" value="UnicodeLittle" />
    <property name="sun.jnu.encoding" value="UTF-8" />
    <property name="java.runtime.name" value="Java(TM) SE Runtime Environment" />
    <property name="usefile" value="false" />
    <property name="return.code" value="0" />
    <property name="junit.single.formatter" value="plain" />
    <property name="env.DYLD_LIBRARY_PATH" value="/home/travis/pthla/certi-tools/lib:" />
    <property name="env.DEBIAN_FRONTEND" value="noninteractive" />
    <property name="env.SSH_CONNECTION" value="10.10.16.9 51886 10.20.0.176 22" />
    <property name="env.MYSQL_UNIX_PORT" value="/var/run/mysqld/mysqld.sock" />
    <property name="env.TRAVIS_ALLOW_FAILURE" value="false" />
    <property name="env.LC_ALL" value="en_US.UTF-8" />
    <property name="java.specification.name" value="Java Platform API Specification" />
    <property name="node.works" value="true" />
    <property name="user.timezone" value="" />
    <property name="path.separator" value=":" />
    <property name="env.PYTHON_CFLAGS" value="-g -fstack-protector --param=ssp-buffer-size=4 -Wformat -Werror=format-security" />
    <property name="timeout.long" value="4000000" />
    <property name="env.CERTI_HOME" value="/home/travis/pthla/certi-tools" />
    <property name="file.encoding" value="UTF-8" />
    <property name="ant.file.ptII" value="/home/travis/build/icyphy/ptII/build.xml" />
    <property name="javadoc.packagenames" value="com.*,diva.*,lbnl.*,org.hlacerti.*,org.json.*,org.ptolemy.*,org.terraswarm.*,ptolemy.*,ptserver.*" />
    <property name="env.TRAVIS_PULL_REQUEST_SLUG" value="" />
    <property name="ant.project.default-target" value="build" />
    <property name="env.GIT_ASKPASS" value="echo" />
    <property name="env.HOME" value="/home/travis" />
    <property name="sun.java.command" value="org.apache.tools.ant.taskdefs.optional.junit.JUnitTestRunner ptolemy.domains.continuous.test.junit.JUnitTclTest skipNonTests=false filtertrace=true haltOnError=false haltOnFailure=false formatter=org.apache.tools.ant.taskdefs.optional.junit.OutErrSummaryJUnitResultFormatter showoutput=true outputtoformatters=true logfailedtests=true threadid=0 logtestlistenerevents=false formatter=org.apache.tools.ant.taskdefs.optional.junit.XMLJUnitResultFormatter,/home/travis/build/icyphy/ptII/reports/junit/TEST-ptolemy.domains.continuous.test.junit.JUnitTclTest.xml crashfile=/home/travis/build/icyphy/ptII/junitvmwatcher8542314671320350525.properties propsfile=/home/travis/build/icyphy/ptII/junit608172819178725004.properties" />
    <property name="env.MANPATH" value="/home/travis/.nvm/versions/node/v7.10.1/share/man:/home/travis/.kiex/elixirs/elixir-1.4.5/man:/home/travis/.rvm/rubies/ruby-2.4.1/share/man:/usr/local/man:/usr/local/cmake-3.9.2/man:/usr/local/clang-5.0.0/share/man:/usr/local/share/man:/usr/share/man:/home/travis/.rvm/man" />
    <property name="env.COMPOSER_NO_INTERACTION" value="1" />
    <property name="env.JDK_SWITCHER_DEFAULT" value="oraclejdk8" />
    <property name="ant.file" value="/home/travis/build/icyphy/ptII/build.xml" />
    <property name="env.TRAVIS_COMMIT_RANGE" value="c044cb6dc88aec8d9f1ff10d3d6a6137edbceeff...0ab21fb3a645caa3718ae0e80a93ee8e243b51e9" />
    <property name="env._system_name" value="Ubuntu" />
    <property name="timeout" value="2400000" />
    <property name="ptII.classpath.optional.property" value="/home/travis/build/icyphy/ptII/lib/bsh-2.0b4.jar:/home/travis/build/icyphy/ptII/lib/ptCal.jar:/home/travis/build/icyphy/ptII/lib/java_cup.jar:/home/travis/build/icyphy/ptII/lib/saxon8.jar:/home/travis/build/icyphy/ptII/lib/saxon8-dom.jar:/home/travis/build/icyphy/ptII/lib/chic.jar:/home/travis/build/icyphy/ptII/lib/ptcolt.jar:/usr/lib/jvm/java-8-oracle/lib/tools.jar:/usr/lib/eclipse/plugins/org.eclipse.jdt.core_3.8.2.dist.jar:/usr/lib/eclipse/plugins/org.eclipse.core.runtime_3.8.0.dist.jar:/usr/lib/eclipse/plugins/org.eclipse.osgi_3.8.1.dist.jar:/usr/lib/eclipse/plugins/org.eclipse.core.resources_3.8.1.dist.jar:/usr/lib/eclipse/plugins/org.eclipse.equinox.common_3.6.100.dist.jar:/usr/lib/eclipse/plugins/org.eclipse.core.jobs_3.5.200.dist.jar:/usr/lib/eclipse/plugins/org.eclipse.core.contenttype_3.4.200.dist.jar:/usr/lib/eclipse/plugins/org.eclipse.equinox.preferences_3.5.0.dist.jar:/usr/lib/eclipse/plugins/org.eclipse.text_3.5.200.dist.jar:/usr/lib/eclipse/plugins/org.eclipse.ui.workbench_3.8.1.dist.jar:/usr/lib/eclipse/plugins/org.eclipse.jface_3.8.0.dist.jar:/usr/lib/eclipse/plugins/org.eclipse.swt_3.8.2.jar:/usr/lib/eclipse/plugins/org.eclipse.jface.text_3.8.1.dist.jar:/usr/lib/eclipse/plugins/org.eclipse.ui.workbench.texteditor_3.8.0.dist.jar:/usr/lib/eclipse/plugins/org.eclipse.ui.editors_3.8.0.dist.jar:/usr/lib/eclipse/plugins/org.eclipse.core.commands_3.6.1.dist.jar:/usr/lib/eclipse/plugins/org.eclipse.equinox.registry_3.5.200.dist.jar:/usr/lib/eclipse/plugins/org.eclipse.ui.console_3.5.100.dist.jar:/usr/lib/eclipse/plugins/org.eclipse.ui.forms_3.5.200.dist.jar:/usr/lib/eclipse/plugins/org.eclipse.ui.ide_3.8.1.dist.jar:/home/travis/build/icyphy/ptII/vendors/oracle/dbxml.jar:/home/travis/build/icyphy/ptII/vendors/oracle/db.jar:/home/travis/build/icyphy/ptII/vendors/misc/itext/iText.jar:/home/travis/build/icyphy/ptII/lib/g4ltl.jar:/home/travis/build/icyphy/ptII/lib/StructuralCoder.jar:/home/travis/build/icyphy/ptII/lib/org-openide-util.jar:/home/travis/build/icyphy/ptII/lib/org-openide-util-lookup.jar:/home/travis/build/icyphy/ptII/lib/org-netbeans-api-visual.jar:/home/travis/build/icyphy/ptII/vendors/jai-1_1_2_01/lib/jai_core.jar:/home/travis/build/icyphy/ptII/vendors/jai-1_1_2_01/lib/jai_codec.jar:/home/travis/build/icyphy/ptII/lib/jcerti.jar:/home/travis/build/icyphy/ptII/lib/smack.jar:/home/travis/build/icyphy/ptII/lib/smackx.jar:/home/travis/build/icyphy/ptII/lib/jetty-all-8.1.5-v20120716.jar:/home/travis/build/icyphy/ptII/lib/javax.servlet-api-3.0.1.jar:/home/travis/build/icyphy/ptII/lib/javax.mail.jar:/home/travis/build/icyphy/ptII/vendors/JMF-2.1.1e/lib/jmf.jar:/home/travis/build/icyphy/ptII/lib/jna-4.0.0-variadic.jar:/home/travis/build/icyphy/ptII/vendors/misc/joystick/Joystick.jar:/home/travis/build/icyphy/ptII/lib/ptjacl.jar:/home/travis/build/icyphy/ptII/lib/jsoup-1.8.2.jar:/home/travis/build/icyphy/ptII/lib/junit-4.8.2.jar:/home/travis/build/icyphy/ptII/lib/JUnitParams-0.4.0.jar:/home/travis/build/icyphy/ptII/ptolemy/actor/lib/excel/jxl.jar:/home/travis/build/icyphy/ptII/lib/jython.jar:/home/travis/build/icyphy/ptII/lib/kieler.jar:/home/travis/build/icyphy/ptII/vendors/opencv/share/OpenCV/java/opencv-341.jar:/home/travis/build/icyphy/ptII/lib/oscP5.jar:/home/travis/build/icyphy/ptII/lib/nrjavaserial-3.11.0.devel.jar:/home/travis/build/icyphy/ptII/vendors/j3d/lib/j3dcore.jar:/home/travis/build/icyphy/ptII/vendors/j3d/lib/j3dutils.jar:/home/travis/build/icyphy/ptII/vendors/j3d/lib/vecmath.jar:/home/travis/build/icyphy/ptII/ptolemy/distributed/jini/jar/jini-core.jar:/home/travis/build/icyphy/ptII/ptolemy/distributed/jini/jar/jini-ext.jar:/home/travis/build/icyphy/ptII/ptolemy/distributed/jini/jar/sun-util.jar:/home/travis/build/icyphy/ptII/lib/protobuf-java-2.4.1.jar:/home/travis/build/icyphy/ptII/lib/org.eclipse.paho.client.mqttv3.jar:/home/travis/build/icyphy/ptII/ptserver/lib/hessian-4.0.7.jar:/home/travis/build/icyphy/ptII/ptserver/lib/wmqtt.jar:/home/travis/build/icyphy/ptII/lib/mapss.jar:/home/travis/build/icyphy/ptII/ptolemy/actor/ptalon/antlr/antlr.jar:/home/travis/build/icyphy/ptII/lib/JRI.jar:/home/travis/build/icyphy/ptII/lib/commons-lang-2.6.jar:/home/travis/build/icyphy/ptII/lib/commons-logging-1.1.1.jar:/home/travis/build/icyphy/ptII/lib/sootclasses.jar:/home/travis/build/icyphy/ptII/ptolemy/actor/lib/database/mysql-connector-java-5.1.6-bin.jar:/home/travis/build/icyphy/ptII/vendors/misc/sphinx4/sphinx4-data-5prealpha.jar:/home/travis/build/icyphy/ptII/vendors/misc/sphinx4/sphinx4-core-5prealpha.jar:/home/travis/build/icyphy/ptII/lib/PDFRenderer.jar:/home/travis/build/icyphy/ptII/lib/svgSalamander.jar:/home/travis/build/icyphy/ptII/lib/rsyntaxtextarea-2.6.0-SNAPSHOT.jar:/home/travis/build/icyphy/ptII/lib/hazelcast-3.8.2.jar:/home/travis/build/icyphy/ptII/lib/jackson-annotations-2.9.0.jar:/home/travis/build/icyphy/ptII/lib/jackson-core-2.9.3.jar:/home/travis/build/icyphy/ptII/lib/jackson-databind-2.9.3.jar:/home/travis/build/icyphy/ptII/lib/netty-buffer-4.1.19.Final.jar:/home/travis/build/icyphy/ptII/lib/netty-codec-4.1.19.Final.jar:/home/travis/build/icyphy/ptII/lib/netty-codec-dns-4.1.19.Final.jar:/home/travis/build/icyphy/ptII/lib/netty-codec-http-4.1.19.Final.jar:/home/travis/build/icyphy/ptII/lib/netty-codec-http2-4.1.19.Final.jar:/home/travis/build/icyphy/ptII/lib/netty-common-4.1.19.Final.jar:/home/travis/build/icyphy/ptII/lib/netty-handler-4.1.19.Final.jar:/home/travis/build/icyphy/ptII/lib/netty-resolver-4.1.19.Final.jar:/home/travis/build/icyphy/ptII/lib/netty-resolver-dns-4.1.19.Final.jar:/home/travis/build/icyphy/ptII/lib/netty-transport-4.1.19.Final.jar:/home/travis/build/icyphy/ptII/lib/vertx-codegen-3.5.1.jar:/home/travis/build/icyphy/ptII/lib/vertx-core-3.5.2-SNAPSHOT.jar:/home/travis/build/icyphy/ptII/lib/vertx-hazelcast-3.5.1.jar:/home/travis/build/icyphy/ptII/lib/vertx-lang-js-3.5.1.jar:/home/travis/build/icyphy/ptII/lib/vertx-service-proxy-3.5.1.jar:/home/travis/build/icyphy/ptII/lib/vertx-web-3.5.1.jar:/home/travis/build/icyphy/ptII/lib/slf4j-api-1.7.13.jar:/home/travis/build/icyphy/ptII/lib/slf4j-simple-1.7.13.jar:/home/travis/build/icyphy/ptII/lib/webcam-capture-0.3.12.jar:/home/travis/build/icyphy/ptII/lib/bridj-0.7.0.jar:/home/travis/build/icyphy/ptII/lib/xbjlib-1.1.0.nrjavaserial.jar" />
    <property name="test.batch" value="**/junit/*.java" />
    <property name="env._" value="/usr/bin/timeout" />
    <property name="java.io.tmpdir" value="/tmp" />
    <property name="user.language" value="en" />
    <property name="env.HISTCONTROL" value="ignoredups:ignorespace" />
    <property name="env.GOROOT" value="/home/travis/.gimme/versions/go1.7.4.linux.amd64" />
    <property name="line.separator" value="&#xa;" />
    <property name="target" value="1.8" />
    <property name="env.TRAVIS_BUILD_DIR" value="/home/travis/build/icyphy/ptII" />
    <property name="env.ANT_OPTS" value="-Xmx2048m" />
    <property name="ant.file.type" value="file" />
    <property name="ptolemy.ptII.batchMode" value="true" />
    <property name="env.HISTSIZE" value="1000" />
    <property name="env.MERB_ENV" value="test" />
    <property name="java.vm.info" value="mixed mode" />
    <property name="source" value="1.8" />
    <property name="java.vm.specification.name" value="Java Virtual Machine Specification" />
    <property name="env.TRAVIS_TEST_RESULT" value="0" />
    <property name="jsdoc.command" value="node_modules/@terraswarm/jsdoc/jsdoc.js" />
    <property name="npm.works" value="true" />
    <property name="cobertura.dir" value="/home/travis/build/icyphy/ptII/vendors/cobertura-2.0.3" />
    <property name="env.rvm_path" value="/home/travis/.rvm" />
    <property name="env.GEM_PATH" value="/home/travis/.rvm/gems/ruby-2.4.1:/home/travis/.rvm/gems/ruby-2.4.1@global" />
    <property name="env.LC_CTYPE" value="en_US.UTF-8" />
    <property name="java.awt.printerjob" value="sun.print.PSPrinterJob" />
    <property name="env.TRAVIS_STACK_NAME" value="garnet" />
    <property name="ant.version" value="Apache Ant(TM) version 1.10.1 compiled on February 2 2017" />
    <property name="ptII.reports" value="/home/travis/build/icyphy/ptII/reports" />
    <property name="env.TRAVIS_STACK_TIMESTAMP" value="2017-12-05 19:33:09 UTC" />
    <property name="ant.file.type.ptII" value="file" />
    <property name="env.RBENV_SHELL" value="bash" />
    <property name="os.name" value="Linux" />
    <property name="java.specification.vendor" value="Oracle Corporation" />
    <property name="env.rvm_version" value="1.29.3 (latest)" />
    <property name="env.TERM" value="xterm" />
    <property name="java.vm.name" value="Java HotSpot(TM) 64-Bit Server VM" />
    <property name="env.TRAVIS_BUILD_NUMBER" value="724" />
    <property name="env.CI" value="true" />
    <property name="java.library.path" value="/home/travis/pthla/certi-tools/lib:/usr/lib/jni:/usr/local/share/OpenCV/java/:/usr/share/OpenCV/java::/usr/java/packages/lib/amd64:/usr/lib64:/lib64:/lib:/usr/lib" />
    <property name="env.rvm_prefix" value="/home/travis" />
    <property name="env.PATH" value="/home/travis/pthla/certi-tools/share/scripts:/home/travis/.rvm/gems/ruby-2.4.1/bin:/home/travis/.rvm/gems/ruby-2.4.1@global/bin:/home/travis/.rvm/rubies/ruby-2.4.1/bin:/home/travis/.rvm/bin:/home/travis/.nvm/versions/node/v7.10.1/bin:./node_modules/.bin:/home/travis/build/icyphy/ptII/bin:/home/travis/pthla/certi-tools/bin:/home/travis/bin:/home/travis/.local/bin:/opt/pyenv/shims:/home/travis/.phpenv/shims:/home/travis/perl5/perlbrew/bin:/home/travis/.kiex/elixirs/elixir-1.4.5/bin:/home/travis/.kiex/bin:/home/travis/gopath/bin:/home/travis/.gimme/versions/go1.7.4.linux.amd64/bin:/usr/local/phantomjs/bin:/usr/local/phantomjs:/usr/local/neo4j-3.2.7/bin:/usr/local/maven-3.5.2/bin:/usr/local/cmake-3.9.2/bin:/usr/local/clang-5.0.0/bin:/usr/local/sbin:/usr/local/bin:/usr/sbin:/usr/bin:/sbin:/bin:/home/travis/.phpenv/bin:/opt/pyenv/bin:/home/travis/.yarn/bin" />
    <property name="env.TRAVIS_OS_NAME" value="linux" />
    <property name="ant.java.version" value="1.8" />
    <property name="basedir" value="/home/travis/build/icyphy/ptII" />
    <property name="java.class.version" value="52.0" />
    <property name="env.SHLVL" value="3" />
    <property name="env.LD_LIBRARY_PATH" value="/home/travis/pthla/certi-tools/lib:/usr/lib/jni:/usr/local/share/OpenCV/java/:/usr/share/OpenCV/java:" />
    <property name="env.RACK_ENV" value="test" />
    <property name="ant.home" value="/home/travis/build/icyphy/ptII/ant" />
    <property name="env.NVM_DIR" value="/home/travis/.nvm" />
    <property name="env.PERLBREW_BASHRC_VERSION" value="0.80" />
    <property name="env.CERTI_FOM_PATH" value="/home/travis/pthla/certi-tools/share/federations" />
    <property name="env.TRAVIS_BUILD_ID" value="426236786" />
    <property name="env.PYENV_ROOT" value="/opt/pyenv" />
    <property name="env.TRAVIS_UID" value="2000" />
    <property name="env.rvm_pretty_print_flag" value="auto" />
    <property name="env.NVM_BIN" value="/home/travis/.nvm/versions/node/v7.10.1/bin" />
    <property name="env.TRAVIS_COMMIT" value="0ab21fb3a645caa3718ae0e80a93ee8e243b51e9" />
    <property name="env._system_arch" value="x86_64" />
    <property name="node.executable" value="node" />
    <property name="sun.boot.library.path" value="/usr/lib/jvm/java-8-oracle/jre/lib/amd64" />
    <property name="sun.management.compiler" value="HotSpot 64-Bit Tiered Compilers" />
    <property name="env.GOPATH" value="/home/travis/gopath" />
    <property name="java.awt.graphicsenv" value="sun.awt.X11GraphicsEnvironment" />
    <property name="ptolemy.ptII.dir" value="/home/travis/build/icyphy/ptII" />
    <property name="env.USER" value="travis" />
    <property name="env.HISTFILESIZE" value="2000" />
    <property name="timeout.longest" value="19000000" />
    <property name="env.TRAVIS_STACK_FEATURES" value="basic cassandra chromium couchdb disabled-ipv6 docker docker-compose elasticsearch firefox go-toolchain google-chrome jdk memcached mongodb mysql neo4j nodejs_interpreter perl_interpreter perlbrew phantomjs postgresql python_interpreter rabbitmq redis riak ruby_interpreter sqlite xserver" />
    <property name="env.TRAVIS_PULL_REQUEST" value="false" />
    <property name="env.PYENV_SHELL" value="bash" />
    <property name="ant.project.name" value="ptII" />
    <property name="java.vm.specification.version" value="1.8" />
    <property name="env.TRAVIS_DIST" value="trusty" />
    <property name="env.CERTI_VERSION" value="4.0.0" />
    <property name="env.NLSPATH" value="/usr/dt/lib/nls/msg/%L/%N.cat" />
    <property name="awt.toolkit" value="sun.awt.X11.XToolkit" />
    <property name="env.CERTI_HOST" value="localhost" />
    <property name="env.MY_RUBY_HOME" value="/home/travis/.rvm/rubies/ruby-2.4.1" />
    <property name="sun.cpu.isalist" value="" />
    <property name="java.ext.dirs" value="/usr/lib/jvm/java-8-oracle/jre/lib/ext:/usr/java/packages/lib/ext" />
    <property name="os.version" value="4.4.0-101-generic" />
    <property name="user.home" value="/home/travis" />
    <property name="env.MIX_ARCHIVES" value="/home/travis/.kiex/mix/elixir-1.4.5" />
    <property name="java.vm.vendor" value="Oracle Corporation" />
    <property name="env.TRAVIS_TAG" value="nightly" />
    <property name="env.TRAVIS_FILTERED" value="redirect_io" />
    <property name="env.JAVA_HOME" value="/usr/lib/jvm/java-8-oracle" />
    <property name="env.PTII" value="/home/travis/build/icyphy/ptII" />
    <property name="javadoc.excludepackagenames" value="adm.cvs2svn.*,build.*,config.*,doc.coding.templates.*,jni.test.jni.meaningOfLife.*,jni.test.jni.testDeux.*,jni.test.jni.testTrois.*,org.terraswarm.accessor.accessors.web.node_modules.*,org.terraswarm.accessor.accessors.web.hosts.cordova.demo.*,org.terraswarm.accessor.accessors.web.hosts.cordova.plugins.*,org.terraswarm.accessor.accessors-svn.*,pt-modules.*,ptolemy.apps.agilent.*,ptolemy.apps.anytimecontrol.*,ptolemy.apps.apes.*,ptolemy.apps.charon.*,ptolemy.apps.crazyboard.*,ptolemy.apps.eclipse.*,ptolemy.apps.etherealSting.*,ptolemy.apps.fullscreen.*,ptolemy.apps.giotto.*,ptolemy.apps.ia.*,ptolemy.apps.interfaces.*,ptolemy.apps.jmf.*,ptolemy.apps.kurt.*,ptolemy.apps.kvm.*,ptolemy.apps.lego.*,ptolemy.apps.lejos.*,ptolemy.apps.midp.*,ptolemy.apps.mobileCoding.*,ptolemy.apps.pendulum.*,ptolemy.apps.rijndael.*,ptolemy.apps.robot.*,ptolemy.apps.security.*,ptolemy.apps.sobel.*,ptolemy.apps.soot.*,ptolemy.apps.throttle.*,ptolemy.apps.tini.*,ptolemy.apps.transmission.*,ptolemy.apps.vergil.*,ptolemy.apps.waba.*,ptolemy.apps.websensor.*,ptolemy.apps.webstart.*,ptolemy.apps.xsl.*,ptolemy.apps.zaurus.*,ptolemy.backtrack.eclipse.plugin.*,ptolemy.backtrack.test.*,ptolemy.codegen.c.actor.lib.oldJavaFiles.*,ptolemy.codegen.dsp.lib.*,ptolemy.codegen.kernel.newInterfaces.*,ptolemy.codegen.lib.*,ptolemy.copernicus.kernel.fragment.*,ptolemy.copernicus.shallow.cg.*,ptolemy.domains.giotto.demo.Hierarchy.Hierarchy.*,ptolemy.domains.giotto.demo.Multimode.Multimode.*,ptolemy.domains.giotto.demo.Simple.Simple.*,ptolemy.domains.gr.lib.experimental.*,ptolemy.domains.gro.*,ptolemy.domains.pdf.*,ptolemy.domains.ptinyos.demo.Surge.output.*,ptolemy.moml.test.NoPackageActor.java*,ptolemy.plot.adm.*,ptolemy.plot.servlet.*,reports.*,signed.*,src.*,target.*,vendors.*,ptolemy.cg.adapter.generic.program.procedural.c.mbed*,ptolemy.actor.lib.fmi.fmus.omc*,ptolemy.domains.openmodelica*,ptdb.kernel.bl.save.test.*,ptdb.kernel.bl.load.test.*,ptdb.kernel.bl.search.test.*,ptdb.kernel.bl.migration.test.*,ptdb.kernel.database.test.*,ptdb.test.*,ptdb.gui.test.*,org.ptolemy.scala.*,diva.util.java2d.svg.*,ptolemy.domains.ptinyos.*,ptolemy.actor.lib.fmi.fmipp.*,,org.terraswarm.accessor.accessors.web.node_modules.*,org.terraswarm.accessor.accessors-svn,ptolemy.apps.*,ptolemy.actor.ptalon.demo.ptinyos.SendAndReceiveCnt.output,ptolemy.actor.ptalon.demo.ptinyos.SenseToLeds.output,ptolemy.domains.ptinyos.demo.CntToLedsAndRfm.output,ptolemy.domains.ptinyos.demo.RfmToLeds.output,ptolemy.domains.ptinyos.demo.SendAndReceiveCnt.output,ptolemy.domains.ptinyos.demo.SenseToLeds.output,ptolemy.actor.lib.jjs.modules.udpSocket.*" />
    <property name="env.TRAVIS_COMMIT_MESSAGE" value="Added example where the Turtle format can be used to load a raw ontology into the semantic repo." />
    <property name="keystore" value="ptKeystore" />
    <property name="env.XDG_SESSION_ID" value="2" />
    <property name="junit.output.dir" value="/home/travis/build/icyphy/ptII/reports/junit" />
    <property name="npm.return.code" value="0" />
    <property name="user.dir" value="/home/travis/build/icyphy/ptII/ptolemy/domains/continuous/test" />
    <property name="env.TRAVIS_NODE_VERSION" value="7" />
    <property name="env.XFILESEARCHPATH" value="/usr/dt/app-defaults/%L/Dt" />
    <property name="env.TRAVIS_EVENT_TYPE" value="cron" />
    <property name="env.MAIL" value="/var/mail/travis" />
    <property name="env.PERLBREW_ROOT" value="/home/travis/perl5/perlbrew" />
    <property name="env.PWD" value="/home/travis/build/icyphy/ptII" />
    <property name="timeout.npm" value="45000" />
    <property name="env.PT_TRAVIS_TEST_CORE2_XML" value="true" />
    <property name="env.PAGER" value="cat" />
    <property name="sun.cpu.endian" value="little" />
    <property name="env.TRAVIS_BUILD_STAGE_NAME" value="Test" />
    <property name="env.PERLBREW_HOME" value="/home/travis/.perlbrew" />
    <property name="env.RAILS_ENV" value="test" />
    <property name="java.vm.version" value="25.151-b12" />
    <property name="java.class.path" value="/home/travis/build/icyphy/ptII:/home/travis/build/icyphy/ptII/lib/bsh-2.0b4.jar:/home/travis/build/icyphy/ptII/lib/ptCal.jar:/home/travis/build/icyphy/ptII/lib/java_cup.jar:/home/travis/build/icyphy/ptII/lib/saxon8.jar:/home/travis/build/icyphy/ptII/lib/saxon8-dom.jar:/home/travis/build/icyphy/ptII/lib/chic.jar:/home/travis/build/icyphy/ptII/lib/ptcolt.jar:/usr/lib/jvm/java-8-oracle/lib/tools.jar:/usr/lib/eclipse/plugins/org.eclipse.jdt.core_3.8.2.dist.jar:/usr/lib/eclipse/plugins/org.eclipse.core.runtime_3.8.0.dist.jar:/usr/lib/eclipse/plugins/org.eclipse.osgi_3.8.1.dist.jar:/usr/lib/eclipse/plugins/org.eclipse.core.resources_3.8.1.dist.jar:/usr/lib/eclipse/plugins/org.eclipse.equinox.common_3.6.100.dist.jar:/usr/lib/eclipse/plugins/org.eclipse.core.jobs_3.5.200.dist.jar:/usr/lib/eclipse/plugins/org.eclipse.core.contenttype_3.4.200.dist.jar:/usr/lib/eclipse/plugins/org.eclipse.equinox.preferences_3.5.0.dist.jar:/usr/lib/eclipse/plugins/org.eclipse.text_3.5.200.dist.jar:/usr/lib/eclipse/plugins/org.eclipse.ui.workbench_3.8.1.dist.jar:/usr/lib/eclipse/plugins/org.eclipse.jface_3.8.0.dist.jar:/usr/lib/eclipse/plugins/org.eclipse.swt_3.8.2.jar:/usr/lib/eclipse/plugins/org.eclipse.jface.text_3.8.1.dist.jar:/usr/lib/eclipse/plugins/org.eclipse.ui.workbench.texteditor_3.8.0.dist.jar:/usr/lib/eclipse/plugins/org.eclipse.ui.editors_3.8.0.dist.jar:/usr/lib/eclipse/plugins/org.eclipse.core.commands_3.6.1.dist.jar:/usr/lib/eclipse/plugins/org.eclipse.equinox.registry_3.5.200.dist.jar:/usr/lib/eclipse/plugins/org.eclipse.ui.console_3.5.100.dist.jar:/usr/lib/eclipse/plugins/org.eclipse.ui.forms_3.5.200.dist.jar:/usr/lib/eclipse/plugins/org.eclipse.ui.ide_3.8.1.dist.jar:/home/travis/build/icyphy/ptII/vendors/oracle/dbxml.jar:/home/travis/build/icyphy/ptII/vendors/oracle/db.jar:/home/travis/build/icyphy/ptII/vendors/misc/itext/iText.jar:/home/travis/build/icyphy/ptII/lib/g4ltl.jar:/home/travis/build/icyphy/ptII/lib/StructuralCoder.jar:/home/travis/build/icyphy/ptII/lib/org-openide-util.jar:/home/travis/build/icyphy/ptII/lib/org-openide-util-lookup.jar:/home/travis/build/icyphy/ptII/lib/org-netbeans-api-visual.jar:/home/travis/build/icyphy/ptII/vendors/jai-1_1_2_01/lib/jai_core.jar:/home/travis/build/icyphy/ptII/vendors/jai-1_1_2_01/lib/jai_codec.jar:/home/travis/build/icyphy/ptII/lib/jcerti.jar:/home/travis/build/icyphy/ptII/lib/smack.jar:/home/travis/build/icyphy/ptII/lib/smackx.jar:/home/travis/build/icyphy/ptII/lib/jetty-all-8.1.5-v20120716.jar:/home/travis/build/icyphy/ptII/lib/javax.servlet-api-3.0.1.jar:/home/travis/build/icyphy/ptII/lib/javax.mail.jar:/home/travis/build/icyphy/ptII/vendors/JMF-2.1.1e/lib/jmf.jar:/home/travis/build/icyphy/ptII/lib/jna-4.0.0-variadic.jar:/home/travis/build/icyphy/ptII/vendors/misc/joystick/Joystick.jar:/home/travis/build/icyphy/ptII/lib/ptjacl.jar:/home/travis/build/icyphy/ptII/lib/jsoup-1.8.2.jar:/home/travis/build/icyphy/ptII/lib/junit-4.8.2.jar:/home/travis/build/icyphy/ptII/lib/JUnitParams-0.4.0.jar:/home/travis/build/icyphy/ptII/ptolemy/actor/lib/excel/jxl.jar:/home/travis/build/icyphy/ptII/lib/jython.jar:/home/travis/build/icyphy/ptII/lib/kieler.jar:/home/travis/build/icyphy/ptII/vendors/opencv/share/OpenCV/java/opencv-341.jar:/home/travis/build/icyphy/ptII/lib/oscP5.jar:/home/travis/build/icyphy/ptII/lib/nrjavaserial-3.11.0.devel.jar:/home/travis/build/icyphy/ptII/vendors/j3d/lib/j3dcore.jar:/home/travis/build/icyphy/ptII/vendors/j3d/lib/j3dutils.jar:/home/travis/build/icyphy/ptII/vendors/j3d/lib/vecmath.jar:/home/travis/build/icyphy/ptII/ptolemy/distributed/jini/jar/jini-core.jar:/home/travis/build/icyphy/ptII/ptolemy/distributed/jini/jar/jini-ext.jar:/home/travis/build/icyphy/ptII/ptolemy/distributed/jini/jar/sun-util.jar:/home/travis/build/icyphy/ptII/lib/protobuf-java-2.4.1.jar:/home/travis/build/icyphy/ptII/lib/org.eclipse.paho.client.mqttv3.jar:/home/travis/build/icyphy/ptII/ptserver/lib/hessian-4.0.7.jar:/home/travis/build/icyphy/ptII/ptserver/lib/wmqtt.jar:/home/travis/build/icyphy/ptII/lib/mapss.jar:/home/travis/build/icyphy/ptII/ptolemy/actor/ptalon/antlr/antlr.jar:/home/travis/build/icyphy/ptII/lib/JRI.jar:/home/travis/build/icyphy/ptII/lib/commons-lang-2.6.jar:/home/travis/build/icyphy/ptII/lib/commons-logging-1.1.1.jar:/home/travis/build/icyphy/ptII/lib/sootclasses.jar:/home/travis/build/icyphy/ptII/ptolemy/actor/lib/database/mysql-connector-java-5.1.6-bin.jar:/home/travis/build/icyphy/ptII/vendors/misc/sphinx4/sphinx4-data-5prealpha.jar:/home/travis/build/icyphy/ptII/vendors/misc/sphinx4/sphinx4-core-5prealpha.jar:/home/travis/build/icyphy/ptII/lib/PDFRenderer.jar:/home/travis/build/icyphy/ptII/lib/svgSalamander.jar:/home/travis/build/icyphy/ptII/lib/rsyntaxtextarea-2.6.0-SNAPSHOT.jar:/home/travis/build/icyphy/ptII/lib/hazelcast-3.8.2.jar:/home/travis/build/icyphy/ptII/lib/jackson-annotations-2.9.0.jar:/home/travis/build/icyphy/ptII/lib/jackson-core-2.9.3.jar:/home/travis/build/icyphy/ptII/lib/jackson-databind-2.9.3.jar:/home/travis/build/icyphy/ptII/lib/netty-buffer-4.1.19.Final.jar:/home/travis/build/icyphy/ptII/lib/netty-codec-4.1.19.Final.jar:/home/travis/build/icyphy/ptII/lib/netty-codec-dns-4.1.19.Final.jar:/home/travis/build/icyphy/ptII/lib/netty-codec-http-4.1.19.Final.jar:/home/travis/build/icyphy/ptII/lib/netty-codec-http2-4.1.19.Final.jar:/home/travis/build/icyphy/ptII/lib/netty-common-4.1.19.Final.jar:/home/travis/build/icyphy/ptII/lib/netty-handler-4.1.19.Final.jar:/home/travis/build/icyphy/ptII/lib/netty-resolver-4.1.19.Final.jar:/home/travis/build/icyphy/ptII/lib/netty-resolver-dns-4.1.19.Final.jar:/home/travis/build/icyphy/ptII/lib/netty-transport-4.1.19.Final.jar:/home/travis/build/icyphy/ptII/lib/vertx-codegen-3.5.1.jar:/home/travis/build/icyphy/ptII/lib/vertx-core-3.5.2-SNAPSHOT.jar:/home/travis/build/icyphy/ptII/lib/vertx-hazelcast-3.5.1.jar:/home/travis/build/icyphy/ptII/lib/vertx-lang-js-3.5.1.jar:/home/travis/build/icyphy/ptII/lib/vertx-service-proxy-3.5.1.jar:/home/travis/build/icyphy/ptII/lib/vertx-web-3.5.1.jar:/home/travis/build/icyphy/ptII/lib/slf4j-api-1.7.13.jar:/home/travis/build/icyphy/ptII/lib/slf4j-simple-1.7.13.jar:/home/travis/build/icyphy/ptII/lib/webcam-capture-0.3.12.jar:/home/travis/build/icyphy/ptII/lib/bridj-0.7.0.jar:/home/travis/build/icyphy/ptII/lib/xbjlib-1.1.0.nrjavaserial.jar:/home/travis/build/icyphy/ptII/ptolemy/moml/test:/home/travis/build/icyphy/ptII/ant/lib/ant-launcher.jar:/home/travis/build/icyphy/ptII/ant/lib/ant.jar:/home/travis/build/icyphy/ptII/ant/lib/ant-junit.jar:/home/travis/build/icyphy/ptII/ant/lib/ant-junit4.jar" />
    <property name="ant.library.dir" value="/home/travis/build/icyphy/ptII/ant/lib" />
    <property name="os.arch" value="amd64" />
    <property name="env.TRAVIS_LANGUAGE" value="node_js" />
    <property name="env.CONTINUOUS_INTEGRATION" value="true" />
    <property name="env.TRAVIS_STACK_LANGUAGES" value="__garnet__ c c++ clojure cplusplus cpp default go groovy java node_js php pure_java python ruby scala" />
    <property name="test.name" value="ptolemy.actor.lib.test.junit.JUnitTclTest" />
    <property name="sun.java.launcher" value="SUN_STANDARD" />
    <property name="env.PYTHON_CONFIGURE_OPTS" value="--enable-unicode=ucs4 --with-wide-unicode --enable-shared --enable-ipv6 --enable-loadable-sqlite-extensions --with-computed-gotos" />
    <property name="ant.core.lib" value="/home/travis/build/icyphy/ptII/ant/lib/ant.jar" />
    <property name="java.vm.specification.vendor" value="Oracle Corporation" />
    <property name="env.BCVTB_HOME" value="/home/travis/build/icyphy/ptII/lbnl" />
    <property name="file.separator" value="/" />
    <property name="java.runtime.version" value="1.8.0_151-b12" />
    <property name="spotbugs.home" value="/home/travis/build/icyphy/ptII/vendors/spotbugs-3.1.1" />
    <property name="sun.boot.class.path" value="/usr/lib/jvm/java-8-oracle/jre/lib/resources.jar:/usr/lib/jvm/java-8-oracle/jre/lib/rt.jar:/usr/lib/jvm/java-8-oracle/jre/lib/sunrsasign.jar:/usr/lib/jvm/java-8-oracle/jre/lib/jsse.jar:/usr/lib/jvm/java-8-oracle/jre/lib/jce.jar:/usr/lib/jvm/java-8-oracle/jre/lib/charsets.jar:/usr/lib/jvm/java-8-oracle/jre/lib/jfr.jar:/usr/lib/jvm/java-8-oracle/jre/classes" />
    <property name="env.HAS_JOSH_K_SEAL_OF_APPROVAL" value="true" />
    <property name="env.XDG_RUNTIME_DIR" value="/run/user/2000" />
    <property name="env.TRAVIS_OSX_IMAGE" value="" />
    <property name="env.TRAVIS_BRANCH" value="master" />
    <property name="env.TRAVIS_JOB_ID" value="426236795" />
    <property name="user.country" value="US" />
    <property name="env.CERTI_HOME_TRAVIS" value="/home/travis/pthla/certi-tools" />
    <property name="env.SHELL" value="/bin/bash" />
    <property name="java.maxmemory.large" value="5000m" />
    <property name="model" value="" />
    <property name="env.CASHER_DIR" value="/home/travis/.casher" />
    <property name="env.NVM_CD_FLAGS" value="" />
    <property name="jshint.executable" value="/home/travis/node_modules/jshint/bin/jshint" />
    <property name="java.vendor" value="Oracle Corporation" />
    <property name="env.JRUBY_OPTS" value=" --client -J-XX:+TieredCompilation -J-XX:TieredStopAtLevel=1 -J-Xss2m -Xcompile.invokedynamic=false" />
    <property name="env.TRAVIS_PRE_CHEF_BOOTSTRAP_TIME" value="2017-12-05T19:32:55" />
    <property name="env.ELIXIR_VERSION" value="1.4.5" />
    <property name="env.TRAVIS_STACK_JOB_BOARD_REGISTER" value="/.job-board-register.yml" />
    <property name="java.specification.version" value="1.8" />
    <property name="env.TRAVIS" value="true" />
    <property name="env.IRBRC" value="/home/travis/.rvm/rubies/ruby-2.4.1/.irbrc" />
    <property name="sun.arch.data.model" value="64" />
  </properties>
  <testcase classname="ptolemy.util.test.junit.TclTests" name="[0] ThereAreNoTclTests (RunTclFile)" time="0.001" />
  <testcase classname="ptolemy.util.test.junit.AutoKnownFailedTests" name="[0] ThereAreNoKnowFailedTests (RunModel)" time="0.001" />
  <testcase classname="ptolemy.util.test.junit.AutoNameArchTests" name="[0] ThereAreNoAutoArchTests (RunModel)" time="0.0" />
  <testcase classname="ptolemy.util.test.junit.AutoTests" name="[0] /home/travis/build/icyphy/ptII/ptolemy/domains/continuous/test/auto/BouncingBall.xml (RunModel)" time="3.143" />
  <testcase classname="ptolemy.util.test.junit.AutoTests" name="[1] /home/travis/build/icyphy/ptII/ptolemy/domains/continuous/test/auto/BouncingBallWithoutGR.xml (RunModel)" time="1.001" />
  <testcase classname="ptolemy.util.test.junit.AutoTests" name="[2] /home/travis/build/icyphy/ptII/ptolemy/domains/continuous/test/auto/Brownian.xml (RunModel)" time="0.075" />
  <testcase classname="ptolemy.util.test.junit.AutoTests" name="[3] /home/travis/build/icyphy/ptII/ptolemy/domains/continuous/test/auto/CarTracking.xml (RunModel)" time="4.349" />
  <testcase classname="ptolemy.util.test.junit.AutoTests" name="[4] /home/travis/build/icyphy/ptII/ptolemy/domains/continuous/test/auto/CartPendulum.xml (RunModel)" time="0.542" />
  <testcase classname="ptolemy.util.test.junit.AutoTests" name="[5] /home/travis/build/icyphy/ptII/ptolemy/domains/continuous/test/auto/CausalityInterface10.xml (RunModel)" time="0.05" />
  <testcase classname="ptolemy.util.test.junit.AutoTests" name="[6] /home/travis/build/icyphy/ptII/ptolemy/domains/continuous/test/auto/CausalityInterface11.xml (RunModel)" time="0.038" />
  <testcase classname="ptolemy.util.test.junit.AutoTests" name="[7] /home/travis/build/icyphy/ptII/ptolemy/domains/continuous/test/auto/CausalityInterface12.xml (RunModel)" time="0.045" />
  <testcase classname="ptolemy.util.test.junit.AutoTests" name="[8] /home/travis/build/icyphy/ptII/ptolemy/domains/continuous/test/auto/CausalityInterface13.xml (RunModel)" time="0.032" />
  <testcase classname="ptolemy.util.test.junit.AutoTests" name="[9] /home/travis/build/icyphy/ptII/ptolemy/domains/continuous/test/auto/CausalityInterface14.xml (RunModel)" time="0.026" />
  <testcase classname="ptolemy.util.test.junit.AutoTests" name="[10] /home/travis/build/icyphy/ptII/ptolemy/domains/continuous/test/auto/CausalityInterface4.xml (RunModel)" time="0.028" />
  <testcase classname="ptolemy.util.test.junit.AutoTests" name="[11] /home/travis/build/icyphy/ptII/ptolemy/domains/continuous/test/auto/CausalityInterface5.xml (RunModel)" time="0.061" />
  <testcase classname="ptolemy.util.test.junit.AutoTests" name="[12] /home/travis/build/icyphy/ptII/ptolemy/domains/continuous/test/auto/CausalityInterface6.xml (RunModel)" time="0.039" />
  <testcase classname="ptolemy.util.test.junit.AutoTests" name="[13] /home/travis/build/icyphy/ptII/ptolemy/domains/continuous/test/auto/CausalityInterface7.xml (RunModel)" time="0.056" />
  <testcase classname="ptolemy.util.test.junit.AutoTests" name="[14] /home/travis/build/icyphy/ptII/ptolemy/domains/continuous/test/auto/CausalityInterface8.xml (RunModel)" time="0.051" />
  <testcase classname="ptolemy.util.test.junit.AutoTests" name="[15] /home/travis/build/icyphy/ptII/ptolemy/domains/continuous/test/auto/CausalityInterface9.xml (RunModel)" time="0.065" />
  <testcase classname="ptolemy.util.test.junit.AutoTests" name="[16] /home/travis/build/icyphy/ptII/ptolemy/domains/continuous/test/auto/CausalityInterfaceFeedback1.xml (RunModel)" time="0.03" />
  <testcase classname="ptolemy.util.test.junit.AutoTests" name="[17] /home/travis/build/icyphy/ptII/ptolemy/domains/continuous/test/auto/CausalityInterfaceFeedback2.xml (RunModel)" time="0.048" />
  <testcase classname="ptolemy.util.test.junit.AutoTests" name="[18] /home/travis/build/icyphy/ptII/ptolemy/domains/continuous/test/auto/CompareWithCurrentTime.xml (RunModel)" time="0.034" />
  <testcase classname="ptolemy.util.test.junit.AutoTests" name="[19] /home/travis/build/icyphy/ptII/ptolemy/domains/continuous/test/auto/ComparedClocks.xml (RunModel)" time="0.084" />
  <testcase classname="ptolemy.util.test.junit.AutoTests" name="[20] /home/travis/build/icyphy/ptII/ptolemy/domains/continuous/test/auto/ContinuousAOCClone.xml (RunModel)" time="2.739" />
  <testcase classname="ptolemy.util.test.junit.AutoTests" name="[21] /home/travis/build/icyphy/ptII/ptolemy/domains/continuous/test/auto/ContinuousClock.xml (RunModel)" time="0.11" />
  <testcase classname="ptolemy.util.test.junit.AutoTests" name="[22] /home/travis/build/icyphy/ptII/ptolemy/domains/continuous/test/auto/ContinuousInContinuous.xml (RunModel)" time="0.099" />
  <testcase classname="ptolemy.util.test.junit.AutoTests" name="[23] /home/travis/build/icyphy/ptII/ptolemy/domains/continuous/test/auto/ContinuousInContinuousInContinuous.xml (RunModel)" time="0.033" />
  <testcase classname="ptolemy.util.test.junit.AutoTests" name="[24] /home/travis/build/icyphy/ptII/ptolemy/domains/continuous/test/auto/ContinuousInDE.xml (RunModel)" time="0.12" />
  <testcase classname="ptolemy.util.test.junit.AutoTests" name="[25] /home/travis/build/icyphy/ptII/ptolemy/domains/continuous/test/auto/ContinuousInDE2.xml (RunModel)" time="0.103" />
  <testcase classname="ptolemy.util.test.junit.AutoTests" name="[26] /home/travis/build/icyphy/ptII/ptolemy/domains/continuous/test/auto/ContinuousInDE3.xml (RunModel)" time="0.072" />
  <testcase classname="ptolemy.util.test.junit.AutoTests" name="[27] /home/travis/build/icyphy/ptII/ptolemy/domains/continuous/test/auto/ContinuousInDE4.xml (RunModel)" time="0.044" />
  <testcase classname="ptolemy.util.test.junit.AutoTests" name="[28] /home/travis/build/icyphy/ptII/ptolemy/domains/continuous/test/auto/ContinuousInDEDifferentRefinements.xml (RunModel)" time="0.129" />
  <testcase classname="ptolemy.util.test.junit.AutoTests" name="[29] /home/travis/build/icyphy/ptII/ptolemy/domains/continuous/test/auto/ContinuousInDEDifferentRefinementsPreemptive.xml (RunModel)" time="0.114" />
  <testcase classname="ptolemy.util.test.junit.AutoTests" name="[30] /home/travis/build/icyphy/ptII/ptolemy/domains/continuous/test/auto/ContinuousInDEInContinuous2.xml (RunModel)" time="0.062" />
  <testcase classname="ptolemy.util.test.junit.AutoTests" name="[31] /home/travis/build/icyphy/ptII/ptolemy/domains/continuous/test/auto/ContinuousInDEInContinuous3.xml (RunModel)" time="0.083" />
  <testcase classname="ptolemy.util.test.junit.AutoTests" name="[32] /home/travis/build/icyphy/ptII/ptolemy/domains/continuous/test/auto/ContinuousInDEInput.xml (RunModel)" time="0.043" />
  <testcase classname="ptolemy.util.test.junit.AutoTests" name="[33] /home/travis/build/icyphy/ptII/ptolemy/domains/continuous/test/auto/ContinuousInDEInput2.xml (RunModel)" time="0.042" />
  <testcase classname="ptolemy.util.test.junit.AutoTests" name="[34] /home/travis/build/icyphy/ptII/ptolemy/domains/continuous/test/auto/ContinuousInDEInput3.xml (RunModel)" time="0.05" />
  <testcase classname="ptolemy.util.test.junit.AutoTests" name="[35] /home/travis/build/icyphy/ptII/ptolemy/domains/continuous/test/auto/ContinuousInDESharingRefinement.xml (RunModel)" time="0.23" />
  <testcase classname="ptolemy.util.test.junit.AutoTests" name="[36] /home/travis/build/icyphy/ptII/ptolemy/domains/continuous/test/auto/ContinuousInDEwithNoPorts.xml (RunModel)" time="0.021" />
  <testcase classname="ptolemy.util.test.junit.AutoTests" name="[37] /home/travis/build/icyphy/ptII/ptolemy/domains/continuous/test/auto/ContinuousInsideDE.xml (RunModel)" time="0.093" />
  <testcase classname="ptolemy.util.test.junit.AutoTests" name="[38] /home/travis/build/icyphy/ptII/ptolemy/domains/continuous/test/auto/ContinuousMerge1.xml (RunModel)" time="0.021" />
  <testcase classname="ptolemy.util.test.junit.AutoTests" name="[39] /home/travis/build/icyphy/ptII/ptolemy/domains/continuous/test/auto/ContinuousMerge2.xml (RunModel)" time="0.043" />
  <testcase classname="ptolemy.util.test.junit.AutoTests" name="[40] /home/travis/build/icyphy/ptII/ptolemy/domains/continuous/test/auto/ContinuousMerge3.xml (RunModel)" time="0.072" />
  <testcase classname="ptolemy.util.test.junit.AutoTests" name="[41] /home/travis/build/icyphy/ptII/ptolemy/domains/continuous/test/auto/ContinuousWithinContinuous.xml (RunModel)" time="0.069" />
  <testcase classname="ptolemy.util.test.junit.AutoTests" name="[42] /home/travis/build/icyphy/ptII/ptolemy/domains/continuous/test/auto/ContinuousWithinContinuous2.xml (RunModel)" time="0.092" />
  <testcase classname="ptolemy.util.test.junit.AutoTests" name="[43] /home/travis/build/icyphy/ptII/ptolemy/domains/continuous/test/auto/ContinuousWithinContinuous3.xml (RunModel)" time="0.038" />
  <testcase classname="ptolemy.util.test.junit.AutoTests" name="[44] /home/travis/build/icyphy/ptII/ptolemy/domains/continuous/test/auto/ContinuousWithinContinuous4.xml (RunModel)" time="0.108" />
  <testcase classname="ptolemy.util.test.junit.AutoTests" name="[45] /home/travis/build/icyphy/ptII/ptolemy/domains/continuous/test/auto/ContinuousWithinContinuous5.xml (RunModel)" time="0.034" />
  <testcase classname="ptolemy.util.test.junit.AutoTests" name="[46] /home/travis/build/icyphy/ptII/ptolemy/domains/continuous/test/auto/ContinuousWithinContinuous6.xml (RunModel)" time="0.03" />
  <testcase classname="ptolemy.util.test.junit.AutoTests" name="[47] /home/travis/build/icyphy/ptII/ptolemy/domains/continuous/test/auto/ContinuousWithinContinuous7.xml (RunModel)" time="0.088" />
  <testcase classname="ptolemy.util.test.junit.AutoTests" name="[48] /home/travis/build/icyphy/ptII/ptolemy/domains/continuous/test/auto/DCMotor.xml (RunModel)" time="18.073" />
  <testcase classname="ptolemy.util.test.junit.AutoTests" name="[49] /home/travis/build/icyphy/ptII/ptolemy/domains/continuous/test/auto/DEInContinuous.xml (RunModel)" time="0.028" />
  <testcase classname="ptolemy.util.test.junit.AutoTests" name="[50] /home/travis/build/icyphy/ptII/ptolemy/domains/continuous/test/auto/DEinContinuous2.xml (RunModel)" time="0.029" />
  <testcase classname="ptolemy.util.test.junit.AutoTests" name="[51] /home/travis/build/icyphy/ptII/ptolemy/domains/continuous/test/auto/Derivative.xml (RunModel)" time="0.253" />
  <testcase classname="ptolemy.util.test.junit.AutoTests" name="[52] /home/travis/build/icyphy/ptII/ptolemy/domains/continuous/test/auto/Derivative1.xml (RunModel)" time="0.052" />
  <testcase classname="ptolemy.util.test.junit.AutoTests" name="[53] /home/travis/build/icyphy/ptII/ptolemy/domains/continuous/test/auto/DiscreteClock.xml (RunModel)" time="0.02" />
  <testcase classname="ptolemy.util.test.junit.AutoTests" name="[54] /home/travis/build/icyphy/ptII/ptolemy/domains/continuous/test/auto/EfficiencyCurve.xml (RunModel)" time="0.111" />
  <testcase classname="ptolemy.util.test.junit.AutoTests" name="[55] /home/travis/build/icyphy/ptII/ptolemy/domains/continuous/test/auto/ExponentialResponse.xml (RunModel)" time="0.15" />
  <testcase classname="ptolemy.util.test.junit.AutoTests" name="[56] /home/travis/build/icyphy/ptII/ptolemy/domains/continuous/test/auto/ExponentialResponseRK45.xml (RunModel)" time="0.042" />
  <testcase classname="ptolemy.util.test.junit.AutoTests" name="[57] /home/travis/build/icyphy/ptII/ptolemy/domains/continuous/test/auto/Friction.xml (RunModel)" time="1.744" />
  <testcase classname="ptolemy.util.test.junit.AutoTests" name="[58] /home/travis/build/icyphy/ptII/ptolemy/domains/continuous/test/auto/FurutaPendulum.xml (RunModel)" time="3.554" />
  <testcase classname="ptolemy.util.test.junit.AutoTests" name="[59] /home/travis/build/icyphy/ptII/ptolemy/domains/continuous/test/auto/HierarchicalExecution.xml (RunModel)" time="3.087" />
  <testcase classname="ptolemy.util.test.junit.AutoTests" name="[60] /home/travis/build/icyphy/ptII/ptolemy/domains/continuous/test/auto/HybridPlant.xml (RunModel)" time="0.707" />
  <testcase classname="ptolemy.util.test.junit.AutoTests" name="[61] /home/travis/build/icyphy/ptII/ptolemy/domains/continuous/test/auto/Hysteresis.xml (RunModel)" time="0.228" />
  <testcase classname="ptolemy.util.test.junit.AutoTests" name="[62] /home/travis/build/icyphy/ptII/ptolemy/domains/continuous/test/auto/HysteresisWithRandomDelay.xml (RunModel)" time="0.27" />
  <testcase classname="ptolemy.util.test.junit.AutoTests" name="[63] /home/travis/build/icyphy/ptII/ptolemy/domains/continuous/test/auto/HysteresisWithRandomLosses.xml (RunModel)" time="2.981" />
  <testcase classname="ptolemy.util.test.junit.AutoTests" name="[64] /home/travis/build/icyphy/ptII/ptolemy/domains/continuous/test/auto/ImmediateTransitions.xml (RunModel)" time="0.034" />
  <testcase classname="ptolemy.util.test.junit.AutoTests" name="[65] /home/travis/build/icyphy/ptII/ptolemy/domains/continuous/test/auto/ImpulseFeedback.xml (RunModel)" time="0.023" />
  <testcase classname="ptolemy.util.test.junit.AutoTests" name="[66] /home/travis/build/icyphy/ptII/ptolemy/domains/continuous/test/auto/ImpulseFeedback2.xml (RunModel)" time="0.023" />
  <testcase classname="ptolemy.util.test.junit.AutoTests" name="[67] /home/travis/build/icyphy/ptII/ptolemy/domains/continuous/test/auto/IncreasingRatePoisson.xml (RunModel)" time="0.908" />
  <testcase classname="ptolemy.util.test.junit.AutoTests" name="[68] /home/travis/build/icyphy/ptII/ptolemy/domains/continuous/test/auto/InitialStateFeedback.xml (RunModel)" time="0.014" />
  <testcase classname="ptolemy.util.test.junit.AutoTests" name="[69] /home/travis/build/icyphy/ptII/ptolemy/domains/continuous/test/auto/Integration.xml (RunModel)" time="0.014" />
  <testcase classname="ptolemy.util.test.junit.AutoTests" name="[70] /home/travis/build/icyphy/ptII/ptolemy/domains/continuous/test/auto/Integration2.xml (RunModel)" time="0.112" />
  <testcase classname="ptolemy.util.test.junit.AutoTests" name="[71] /home/travis/build/icyphy/ptII/ptolemy/domains/continuous/test/auto/Integration3.xml (RunModel)" time="0.036" />
  <testcase classname="ptolemy.util.test.junit.AutoTests" name="[72] /home/travis/build/icyphy/ptII/ptolemy/domains/continuous/test/auto/Integration5.xml (RunModel)" time="0.015" />
  <testcase classname="ptolemy.util.test.junit.AutoTests" name="[73] /home/travis/build/icyphy/ptII/ptolemy/domains/continuous/test/auto/IntegratorImpulse.xml (RunModel)" time="0.014" />
  <testcase classname="ptolemy.util.test.junit.AutoTests" name="[74] /home/travis/build/icyphy/ptII/ptolemy/domains/continuous/test/auto/IntegratorImpulse2.xml (RunModel)" time="0.014" />
  <testcase classname="ptolemy.util.test.junit.AutoTests" name="[75] /home/travis/build/icyphy/ptII/ptolemy/domains/continuous/test/auto/LevelCrossing1.xml (RunModel)" time="0.014" />
  <testcase classname="ptolemy.util.test.junit.AutoTests" name="[76] /home/travis/build/icyphy/ptII/ptolemy/domains/continuous/test/auto/LevelCrossing2.xml (RunModel)" time="0.013" />
  <testcase classname="ptolemy.util.test.junit.AutoTests" name="[77] /home/travis/build/icyphy/ptII/ptolemy/domains/continuous/test/auto/LevelCrossing3.xml (RunModel)" time="0.014" />
  <testcase classname="ptolemy.util.test.junit.AutoTests" name="[78] /home/travis/build/icyphy/ptII/ptolemy/domains/continuous/test/auto/LevelCrossing4.xml (RunModel)" time="0.014" />
  <testcase classname="ptolemy.util.test.junit.AutoTests" name="[79] /home/travis/build/icyphy/ptII/ptolemy/domains/continuous/test/auto/LevelCrossing5.xml (RunModel)" time="0.014" />
  <testcase classname="ptolemy.util.test.junit.AutoTests" name="[80] /home/travis/build/icyphy/ptII/ptolemy/domains/continuous/test/auto/LevelCrossing6.xml (RunModel)" time="0.025" />
  <testcase classname="ptolemy.util.test.junit.AutoTests" name="[81] /home/travis/build/icyphy/ptII/ptolemy/domains/continuous/test/auto/LevelCrossingDetector.xml (RunModel)" time="0.041" />
  <testcase classname="ptolemy.util.test.junit.AutoTests" name="[82] /home/travis/build/icyphy/ptII/ptolemy/domains/continuous/test/auto/LevelCrossingDetectorDetectingDirections.xml (RunModel)" time="0.087" />
  <testcase classname="ptolemy.util.test.junit.AutoTests" name="[83] /home/travis/build/icyphy/ptII/ptolemy/domains/continuous/test/auto/LevelCrossingDetectorDetectsGlitches.xml (RunModel)" time="0.068" />
  <testcase classname="ptolemy.util.test.junit.AutoTests" name="[84] /home/travis/build/icyphy/ptII/ptolemy/domains/continuous/test/auto/LevelCrossingNoInitialOuput.xml (RunModel)" time="0.016" />
  <testcase classname="ptolemy.util.test.junit.AutoTests" name="[85] /home/travis/build/icyphy/ptII/ptolemy/domains/continuous/test/auto/LinearStateSpaceExample.xml (RunModel)" time="0.037" />
  <testcase classname="ptolemy.util.test.junit.AutoTests" name="[86] /home/travis/build/icyphy/ptII/ptolemy/domains/continuous/test/auto/Lorenz.xml (RunModel)" time="4.882" />
  <testcase classname="ptolemy.util.test.junit.AutoTests" name="[87] /home/travis/build/icyphy/ptII/ptolemy/domains/continuous/test/auto/LorenzDifferentialSystem.xml (RunModel)" time="1.124" />
  <testcase classname="ptolemy.util.test.junit.AutoTests" name="[88] /home/travis/build/icyphy/ptII/ptolemy/domains/continuous/test/auto/LorenzDifferentialSystemWithInput.xml (RunModel)" time="1.874" />
  <testcase classname="ptolemy.util.test.junit.AutoTests" name="[89] /home/travis/build/icyphy/ptII/ptolemy/domains/continuous/test/auto/LorenzDifferentialSystemWithTime.xml (RunModel)" time="0.753" />
  <testcase classname="ptolemy.util.test.junit.AutoTests" name="[90] /home/travis/build/icyphy/ptII/ptolemy/domains/continuous/test/auto/Microsteps.xml (RunModel)" time="0.03" />
  <testcase classname="ptolemy.util.test.junit.AutoTests" name="[91] /home/travis/build/icyphy/ptII/ptolemy/domains/continuous/test/auto/Modal1.xml (RunModel)" time="0.044" />
  <testcase classname="ptolemy.util.test.junit.AutoTests" name="[92] /home/travis/build/icyphy/ptII/ptolemy/domains/continuous/test/auto/Modal2.xml (RunModel)" time="0.042" />
  <testcase classname="ptolemy.util.test.junit.AutoTests" name="[93] /home/travis/build/icyphy/ptII/ptolemy/domains/continuous/test/auto/ModalTransitionGuardWithReset.xml (RunModel)" time="0.032" />
  <testcase classname="ptolemy.util.test.junit.AutoTests" name="[94] /home/travis/build/icyphy/ptII/ptolemy/domains/continuous/test/auto/ModalTransitionGuardWithResetUsingPreemptiveTransition.xml (RunModel)" time="0.042" />
  <testcase classname="ptolemy.util.test.junit.AutoTests" name="[95] /home/travis/build/icyphy/ptII/ptolemy/domains/continuous/test/auto/ModalTransitionGuardWithResetUsingPreemptiveTransition2.xml (RunModel)" time="0.032" />
  <testcase classname="ptolemy.util.test.junit.AutoTests" name="[96] /home/travis/build/icyphy/ptII/ptolemy/domains/continuous/test/auto/ModalTransitionGuardWithResetUsingPreemptiveTransition3.xml (RunModel)" time="0.031" />
  <testcase classname="ptolemy.util.test.junit.AutoTests" name="[97] /home/travis/build/icyphy/ptII/ptolemy/domains/continuous/test/auto/NewtonsCradle.xml (RunModel)" time="0.942" />
  <testcase classname="ptolemy.util.test.junit.AutoTests" name="[98] /home/travis/build/icyphy/ptII/ptolemy/domains/continuous/test/auto/NewtonsCradleAnimated.xml (RunModel)" time="1.53" />
  <testcase classname="ptolemy.util.test.junit.AutoTests" name="[99] /home/travis/build/icyphy/ptII/ptolemy/domains/continuous/test/auto/NewtonsCradleComplicated.xml (RunModel)" time="1.047" />
  <testcase classname="ptolemy.util.test.junit.AutoTests" name="[100] /home/travis/build/icyphy/ptII/ptolemy/domains/continuous/test/auto/NewtonsCradleNondeterministic.xml (RunModel)" time="0.831" />
  <testcase classname="ptolemy.util.test.junit.AutoTests" name="[101] /home/travis/build/icyphy/ptII/ptolemy/domains/continuous/test/auto/NewtonsCradlePerfectlyInelastic1.xml (RunModel)" time="1.389" />
  <testcase classname="ptolemy.util.test.junit.AutoTests" name="[102] /home/travis/build/icyphy/ptII/ptolemy/domains/continuous/test/auto/Noise.xml (RunModel)" time="0.222" />
  <testcase classname="ptolemy.util.test.junit.AutoTests" name="[103] /home/travis/build/icyphy/ptII/ptolemy/domains/continuous/test/auto/NoiseSpectrum.xml (RunModel)" time="0.866" />
  <testcase classname="ptolemy.util.test.junit.AutoTests" name="[104] /home/travis/build/icyphy/ptII/ptolemy/domains/continuous/test/auto/ParameterizedNewtonsCradleAnimated.xml (RunModel)" time="0.402" />
  <testcase classname="ptolemy.util.test.junit.AutoTests" name="[105] /home/travis/build/icyphy/ptII/ptolemy/domains/continuous/test/auto/ParameterizedNewtonsCradleAnimatedNondeterministic.xml (RunModel)" time="1.266" />
  <testcase classname="ptolemy.util.test.junit.AutoTests" name="[106] /home/travis/build/icyphy/ptII/ptolemy/domains/continuous/test/auto/Pendulum3D.xml (RunModel)" time="0.191" />
  <testcase classname="ptolemy.util.test.junit.AutoTests" name="[107] /home/travis/build/icyphy/ptII/ptolemy/domains/continuous/test/auto/PeriodicSampler.xml (RunModel)" time="0.015" />
  <testcase classname="ptolemy.util.test.junit.AutoTests" name="[108] /home/travis/build/icyphy/ptII/ptolemy/domains/continuous/test/auto/PeriodicSampler1.xml (RunModel)" time="0.048" />
  <testcase classname="ptolemy.util.test.junit.AutoTests" name="[109] /home/travis/build/icyphy/ptII/ptolemy/domains/continuous/test/auto/PeriodicSampler2.xml (RunModel)" time="0.088" />
  <testcase classname="ptolemy.util.test.junit.AutoTests" name="[110] /home/travis/build/icyphy/ptII/ptolemy/domains/continuous/test/auto/Poisson.xml (RunModel)" time="0.573" />
  <testcase classname="ptolemy.util.test.junit.AutoTests" name="[111] /home/travis/build/icyphy/ptII/ptolemy/domains/continuous/test/auto/PoissonClock.xml (RunModel)" time="0.011" />
  <testcase classname="ptolemy.util.test.junit.AutoTests" name="[112] /home/travis/build/icyphy/ptII/ptolemy/domains/continuous/test/auto/PoissonClock2.xml (RunModel)" time="0.013" />
  <testcase classname="ptolemy.util.test.junit.AutoTests" name="[113] /home/travis/build/icyphy/ptII/ptolemy/domains/continuous/test/auto/PortParameterHierarchy.xml (RunModel)" time="0.022" />
  <testcase classname="ptolemy.util.test.junit.AutoTests" name="[114] /home/travis/build/icyphy/ptII/ptolemy/domains/continuous/test/auto/RandomHybridPlant.xml (RunModel)" time="0.619" />
  <testcase classname="ptolemy.util.test.junit.AutoTests" name="[115] /home/travis/build/icyphy/ptII/ptolemy/domains/continuous/test/auto/ResetTransitionWithStartTime1.xml (RunModel)" time="0.033" />
  <testcase classname="ptolemy.util.test.junit.AutoTests" name="[116] /home/travis/build/icyphy/ptII/ptolemy/domains/continuous/test/auto/ResetTransitionWithStartTime2.xml (RunModel)" time="0.04" />
  <testcase classname="ptolemy.util.test.junit.AutoTests" name="[117] /home/travis/build/icyphy/ptII/ptolemy/domains/continuous/test/auto/ResetTransitionWithStartTime3.xml (RunModel)" time="0.047" />
  <testcase classname="ptolemy.util.test.junit.AutoTests" name="[118] /home/travis/build/icyphy/ptII/ptolemy/domains/continuous/test/auto/ResetTransitionWithStartTime4.xml (RunModel)" time="0.025" />
  <testcase classname="ptolemy.util.test.junit.AutoTests" name="[119] /home/travis/build/icyphy/ptII/ptolemy/domains/continuous/test/auto/ResetTransitionWithStartTime5.xml (RunModel)" time="0.037" />
  <testcase classname="ptolemy.util.test.junit.AutoTests" name="[120] /home/travis/build/icyphy/ptII/ptolemy/domains/continuous/test/auto/ResetTransitionWithStartTime6.xml (RunModel)" time="0.027" />
  <testcase classname="ptolemy.util.test.junit.AutoTests" name="[121] /home/travis/build/icyphy/ptII/ptolemy/domains/continuous/test/auto/SRinContinuous.xml (RunModel)" time="0.033" />
  <testcase classname="ptolemy.util.test.junit.AutoTests" name="[122] /home/travis/build/icyphy/ptII/ptolemy/domains/continuous/test/auto/SampledClocks.xml (RunModel)" time="0.054" />
  <testcase classname="ptolemy.util.test.junit.AutoTests" name="[123] /home/travis/build/icyphy/ptII/ptolemy/domains/continuous/test/auto/Satellite.xml (RunModel)" time="0.855" />
  <testcase classname="ptolemy.util.test.junit.AutoTests" name="[124] /home/travis/build/icyphy/ptII/ptolemy/domains/continuous/test/auto/SigmaDelta.xml (RunModel)" time="2.713" />
  <testcase classname="ptolemy.util.test.junit.AutoTests" name="[125] /home/travis/build/icyphy/ptII/ptolemy/domains/continuous/test/auto/SinuBouncingBall.xml (RunModel)" time="0.766" />
  <testcase classname="ptolemy.util.test.junit.AutoTests" name="[126] /home/travis/build/icyphy/ptII/ptolemy/domains/continuous/test/auto/Sinusoid.xml (RunModel)" time="0.021" />
  <testcase classname="ptolemy.util.test.junit.AutoTests" name="[127] /home/travis/build/icyphy/ptII/ptolemy/domains/continuous/test/auto/SinusoidInNoise.xml (RunModel)" time="1.025" />
  <testcase classname="ptolemy.util.test.junit.AutoTests" name="[128] /home/travis/build/icyphy/ptII/ptolemy/domains/continuous/test/auto/SinusoidRK45.xml (RunModel)" time="0.011" />
  <testcase classname="ptolemy.util.test.junit.AutoTests" name="[129] /home/travis/build/icyphy/ptII/ptolemy/domains/continuous/test/auto/SinusoidWithMultipleImpulses.xml (RunModel)" time="0.014" />
  <testcase classname="ptolemy.util.test.junit.AutoTests" name="[130] /home/travis/build/icyphy/ptII/ptolemy/domains/continuous/test/auto/SquareWave.xml (RunModel)" time="0.208" />
  <testcase classname="ptolemy.util.test.junit.AutoTests" name="[131] /home/travis/build/icyphy/ptII/ptolemy/domains/continuous/test/auto/Starmac.xml (RunModel)" time="3.5" />
  <testcase classname="ptolemy.util.test.junit.AutoTests" name="[132] /home/travis/build/icyphy/ptII/ptolemy/domains/continuous/test/auto/StaticUnits.xml (RunModel)" time="3.382" />
  <testcase classname="ptolemy.util.test.junit.AutoTests" name="[133] /home/travis/build/icyphy/ptII/ptolemy/domains/continuous/test/auto/StickyMasses.xml (RunModel)" time="0.21" />
  <testcase classname="ptolemy.util.test.junit.AutoTests" name="[134] /home/travis/build/icyphy/ptII/ptolemy/domains/continuous/test/auto/StopTime.xml (RunModel)" time="0.072" />
  <testcase classname="ptolemy.util.test.junit.AutoTests" name="[135] /home/travis/build/icyphy/ptII/ptolemy/domains/continuous/test/auto/StopTime2.xml (RunModel)" time="0.078" />
  <testcase classname="ptolemy.util.test.junit.AutoTests" name="[136] /home/travis/build/icyphy/ptII/ptolemy/domains/continuous/test/auto/Switch.xml (RunModel)" time="0.078" />
  <testcase classname="ptolemy.util.test.junit.AutoTests" name="[137] /home/travis/build/icyphy/ptII/ptolemy/domains/continuous/test/auto/Thermostat.xml (RunModel)" time="0.254" />
  <testcase classname="ptolemy.util.test.junit.AutoTests" name="[138] /home/travis/build/icyphy/ptII/ptolemy/domains/continuous/test/auto/TimeDelay.xml (RunModel)" time="0.015" />
  <testcase classname="ptolemy.util.test.junit.AutoTests" name="[139] /home/travis/build/icyphy/ptII/ptolemy/domains/continuous/test/auto/TimeDelay2.xml (RunModel)" time="0.035" />
  <testcase classname="ptolemy.util.test.junit.AutoTests" name="[140] /home/travis/build/icyphy/ptII/ptolemy/domains/continuous/test/auto/TimeDelay3.xml (RunModel)" time="0.017" />
  <testcase classname="ptolemy.util.test.junit.AutoTests" name="[141] /home/travis/build/icyphy/ptII/ptolemy/domains/continuous/test/auto/TransferAbsentToInside.xml (RunModel)" time="0.123" />
  <testcase classname="ptolemy.util.test.junit.AutoTests" name="[142] /home/travis/build/icyphy/ptII/ptolemy/domains/continuous/test/auto/Transmission.xml (RunModel)" time="0.924" />
  <testcase classname="ptolemy.util.test.junit.AutoTests" name="[143] /home/travis/build/icyphy/ptII/ptolemy/domains/continuous/test/auto/TriggeredContinuousClock.xml (RunModel)" time="0.09" />
  <testcase classname="ptolemy.util.test.junit.AutoTests" name="[144] /home/travis/build/icyphy/ptII/ptolemy/domains/continuous/test/auto/TwoMachineInfiniteBusControl.xml (RunModel)" time="2.537" />
  <testcase classname="ptolemy.util.test.junit.AutoTests" name="[145] /home/travis/build/icyphy/ptII/ptolemy/domains/continuous/test/auto/V2V.xml (RunModel)" time="0.845" />
  <testcase classname="ptolemy.util.test.junit.AutoTests" name="[146] /home/travis/build/icyphy/ptII/ptolemy/domains/continuous/test/auto/hierarchicalModalModel.xml (RunModel)" time="0.039" />
  <testcase classname="ptolemy.util.test.junit.AutoTests" name="[147] /home/travis/build/icyphy/ptII/ptolemy/domains/continuous/test/auto/hierarchicalModalModel1.xml (RunModel)" time="0.034" />
  <testcase classname="ptolemy.util.test.junit.AutoTests" name="[148] /home/travis/build/icyphy/ptII/ptolemy/domains/continuous/test/auto/hierarchicalModalModel2.xml (RunModel)" time="0.049" />
  <testcase classname="ptolemy.util.test.junit.AutoTests" name="[149] /home/travis/build/icyphy/ptII/ptolemy/domains/continuous/test/auto/hierarchicalModalModel3.xml (RunModel)" time="0.026" />
  <testcase classname="ptolemy.util.test.junit.AutoTests" name="[150] /home/travis/build/icyphy/ptII/ptolemy/domains/continuous/test/auto/hierarchicalModalModel4.xml (RunModel)" time="0.03" />
  <testcase classname="ptolemy.util.test.junit.AutoTests" name="[151] /home/travis/build/icyphy/ptII/ptolemy/domains/continuous/test/auto/junk.xml (RunModel)" time="0.21" />
  <system-out><![CDATA[No tcl tests in /home/travis/build/icyphy/ptII/ptolemy/domains/continuous/test
No auto/knownFailedTests/*.xml tests in /home/travis/build/icyphy/ptII/ptolemy/domains/continuous/test
No auto/linux-amd64/*.xml tests in /home/travis/build/icyphy/ptII/ptolemy/domains/continuous/test
AutoTests.java: About to close Vertx.
AutoTests.java: Vertx closed.

===========================================================================================
----------------- testing Sun Sep 09 02:22:27 UTC 2018 /home/travis/build/icyphy/ptII/ptolemy/domains/continuous/test/auto/BouncingBall.xml
----------------- Instantiating /home/travis/build/icyphy/ptII/ptolemy/domains/continuous/test/auto/BouncingBall.xml
2612 ms. Memory: 208896K Free: 82763K (40%)
----------------- Invoking toplevel() on ptolemy.moml.MoMLSimpleApplication@5fce5609
----------------- Done invoking toplevel() on ptolemy.moml.MoMLSimpleApplication@5fce5609
reloadAllAccessors: .BouncingBall

===========================================================================================
----------------- testing Sun Sep 09 02:22:30 UTC 2018 /home/travis/build/icyphy/ptII/ptolemy/domains/continuous/test/auto/BouncingBallWithoutGR.xml
----------------- Instantiating /home/travis/build/icyphy/ptII/ptolemy/domains/continuous/test/auto/BouncingBallWithoutGR.xml
865 ms. Memory: 332288K Free: 145411K (44%)
----------------- Invoking toplevel() on ptolemy.moml.MoMLSimpleApplication@2abd6446
----------------- Done invoking toplevel() on ptolemy.moml.MoMLSimpleApplication@2abd6446
reloadAllAccessors: .BouncingBallWithoutGR

===========================================================================================
----------------- testing Sun Sep 09 02:22:31 UTC 2018 /home/travis/build/icyphy/ptII/ptolemy/domains/continuous/test/auto/Brownian.xml
----------------- Instantiating /home/travis/build/icyphy/ptII/ptolemy/domains/continuous/test/auto/Brownian.xml
26 ms. Memory: 332288K Free: 133141K (40%)
----------------- Invoking toplevel() on ptolemy.moml.MoMLSimpleApplication@5a97f44d
----------------- Done invoking toplevel() on ptolemy.moml.MoMLSimpleApplication@5a97f44d
reloadAllAccessors: .Brownian

===========================================================================================
----------------- testing Sun Sep 09 02:22:31 UTC 2018 /home/travis/build/icyphy/ptII/ptolemy/domains/continuous/test/auto/CarTracking.xml
----------------- Instantiating /home/travis/build/icyphy/ptII/ptolemy/domains/continuous/test/auto/CarTracking.xml
3910 ms. Memory: 479744K Free: 325028K (68%)
----------------- Invoking toplevel() on ptolemy.moml.MoMLSimpleApplication@6a3ccecf
----------------- Done invoking toplevel() on ptolemy.moml.MoMLSimpleApplication@6a3ccecf
reloadAllAccessors: .CarTracking

===========================================================================================
----------------- testing Sun Sep 09 02:22:36 UTC 2018 /home/travis/build/icyphy/ptII/ptolemy/domains/continuous/test/auto/CartPendulum.xml
----------------- Instantiating /home/travis/build/icyphy/ptII/ptolemy/domains/continuous/test/auto/CartPendulum.xml
403 ms. Memory: 479744K Free: 220800K (46%)
----------------- Invoking toplevel() on ptolemy.moml.MoMLSimpleApplication@5df7029a
----------------- Done invoking toplevel() on ptolemy.moml.MoMLSimpleApplication@5df7029a
reloadAllAccessors: .CartPendulum

===========================================================================================
----------------- testing Sun Sep 09 02:22:36 UTC 2018 /home/travis/build/icyphy/ptII/ptolemy/domains/continuous/test/auto/CausalityInterface10.xml
----------------- Instantiating /home/travis/build/icyphy/ptII/ptolemy/domains/continuous/test/auto/CausalityInterface10.xml
13 ms. Memory: 479744K Free: 207678K (43%)
----------------- Invoking toplevel() on ptolemy.moml.MoMLSimpleApplication@555828c3
----------------- Done invoking toplevel() on ptolemy.moml.MoMLSimpleApplication@555828c3
reloadAllAccessors: .CausalityInterface10

===========================================================================================
----------------- testing Sun Sep 09 02:22:36 UTC 2018 /home/travis/build/icyphy/ptII/ptolemy/domains/continuous/test/auto/CausalityInterface11.xml
----------------- Instantiating /home/travis/build/icyphy/ptII/ptolemy/domains/continuous/test/auto/CausalityInterface11.xml
9 ms. Memory: 479744K Free: 199808K (42%)
----------------- Invoking toplevel() on ptolemy.moml.MoMLSimpleApplication@2730cdf4
----------------- Done invoking toplevel() on ptolemy.moml.MoMLSimpleApplication@2730cdf4
reloadAllAccessors: .CausalityInterface11

===========================================================================================
----------------- testing Sun Sep 09 02:22:36 UTC 2018 /home/travis/build/icyphy/ptII/ptolemy/domains/continuous/test/auto/CausalityInterface12.xml
----------------- Instantiating /home/travis/build/icyphy/ptII/ptolemy/domains/continuous/test/auto/CausalityInterface12.xml
5 ms. Memory: 479744K Free: 186795K (39%)
----------------- Invoking toplevel() on ptolemy.moml.MoMLSimpleApplication@37423b41
----------------- Done invoking toplevel() on ptolemy.moml.MoMLSimpleApplication@37423b41
reloadAllAccessors: .CausalityInterface12

===========================================================================================
----------------- testing Sun Sep 09 02:22:36 UTC 2018 /home/travis/build/icyphy/ptII/ptolemy/domains/continuous/test/auto/CausalityInterface13.xml
----------------- Instantiating /home/travis/build/icyphy/ptII/ptolemy/domains/continuous/test/auto/CausalityInterface13.xml
3 ms. Memory: 479744K Free: 176307K (37%)
----------------- Invoking toplevel() on ptolemy.moml.MoMLSimpleApplication@1318a1a3
----------------- Done invoking toplevel() on ptolemy.moml.MoMLSimpleApplication@1318a1a3
reloadAllAccessors: .CausalityInterface13

===========================================================================================
----------------- testing Sun Sep 09 02:22:37 UTC 2018 /home/travis/build/icyphy/ptII/ptolemy/domains/continuous/test/auto/CausalityInterface14.xml
----------------- Instantiating /home/travis/build/icyphy/ptII/ptolemy/domains/continuous/test/auto/CausalityInterface14.xml
3 ms. Memory: 479744K Free: 168437K (35%)
----------------- Invoking toplevel() on ptolemy.moml.MoMLSimpleApplication@1c0dc930
----------------- Done invoking toplevel() on ptolemy.moml.MoMLSimpleApplication@1c0dc930
reloadAllAccessors: .CausalityInterface14

===========================================================================================
----------------- testing Sun Sep 09 02:22:37 UTC 2018 /home/travis/build/icyphy/ptII/ptolemy/domains/continuous/test/auto/CausalityInterface4.xml
----------------- Instantiating /home/travis/build/icyphy/ptII/ptolemy/domains/continuous/test/auto/CausalityInterface4.xml
3 ms. Memory: 479744K Free: 155423K (32%)
----------------- Invoking toplevel() on ptolemy.moml.MoMLSimpleApplication@3ea0dbd4
----------------- Done invoking toplevel() on ptolemy.moml.MoMLSimpleApplication@3ea0dbd4
reloadAllAccessors: .CausalityInterface4

===========================================================================================
----------------- testing Sun Sep 09 02:22:37 UTC 2018 /home/travis/build/icyphy/ptII/ptolemy/domains/continuous/test/auto/CausalityInterface5.xml
----------------- Instantiating /home/travis/build/icyphy/ptII/ptolemy/domains/continuous/test/auto/CausalityInterface5.xml
16 ms. Memory: 479744K Free: 144951K (30%)
----------------- Invoking toplevel() on ptolemy.moml.MoMLSimpleApplication@4fffc4b4
----------------- Done invoking toplevel() on ptolemy.moml.MoMLSimpleApplication@4fffc4b4
reloadAllAccessors: .CausalityInterface5

===========================================================================================
----------------- testing Sun Sep 09 02:22:37 UTC 2018 /home/travis/build/icyphy/ptII/ptolemy/domains/continuous/test/auto/CausalityInterface6.xml
----------------- Instantiating /home/travis/build/icyphy/ptII/ptolemy/domains/continuous/test/auto/CausalityInterface6.xml
8 ms. Memory: 479744K Free: 137081K (29%)
----------------- Invoking toplevel() on ptolemy.moml.MoMLSimpleApplication@6f0e29ef
----------------- Done invoking toplevel() on ptolemy.moml.MoMLSimpleApplication@6f0e29ef
reloadAllAccessors: .CausalityInterface6

===========================================================================================
----------------- testing Sun Sep 09 02:22:37 UTC 2018 /home/travis/build/icyphy/ptII/ptolemy/domains/continuous/test/auto/CausalityInterface7.xml
----------------- Instantiating /home/travis/build/icyphy/ptII/ptolemy/domains/continuous/test/auto/CausalityInterface7.xml
18 ms. Memory: 479744K Free: 121458K (25%)
----------------- Invoking toplevel() on ptolemy.moml.MoMLSimpleApplication@7040d9a
----------------- Done invoking toplevel() on ptolemy.moml.MoMLSimpleApplication@7040d9a
reloadAllAccessors: .CausalityInterface7

===========================================================================================
----------------- testing Sun Sep 09 02:22:37 UTC 2018 /home/travis/build/icyphy/ptII/ptolemy/domains/continuous/test/auto/CausalityInterface8.xml
----------------- Instantiating /home/travis/build/icyphy/ptII/ptolemy/domains/continuous/test/auto/CausalityInterface8.xml
8 ms. Memory: 479744K Free: 108344K (23%)
----------------- Invoking toplevel() on ptolemy.moml.MoMLSimpleApplication@429d1b70
----------------- Done invoking toplevel() on ptolemy.moml.MoMLSimpleApplication@429d1b70
reloadAllAccessors: .CausalityInterface8

===========================================================================================
----------------- testing Sun Sep 09 02:22:37 UTC 2018 /home/travis/build/icyphy/ptII/ptolemy/domains/continuous/test/auto/CausalityInterface9.xml
----------------- Instantiating /home/travis/build/icyphy/ptII/ptolemy/domains/continuous/test/auto/CausalityInterface9.xml
13 ms. Memory: 479744K Free: 92603K (19%)
----------------- Invoking toplevel() on ptolemy.moml.MoMLSimpleApplication@47213159
----------------- Done invoking toplevel() on ptolemy.moml.MoMLSimpleApplication@47213159
reloadAllAccessors: .CausalityInterface9

===========================================================================================
----------------- testing Sun Sep 09 02:22:37 UTC 2018 /home/travis/build/icyphy/ptII/ptolemy/domains/continuous/test/auto/CausalityInterfaceFeedback1.xml
----------------- Instantiating /home/travis/build/icyphy/ptII/ptolemy/domains/continuous/test/auto/CausalityInterfaceFeedback1.xml
7 ms. Memory: 479744K Free: 82115K (17%)
----------------- Invoking toplevel() on ptolemy.moml.MoMLSimpleApplication@26cd7ac4
----------------- Done invoking toplevel() on ptolemy.moml.MoMLSimpleApplication@26cd7ac4
reloadAllAccessors: .CausalityInterfaceFeedback1

===========================================================================================
----------------- testing Sun Sep 09 02:22:37 UTC 2018 /home/travis/build/icyphy/ptII/ptolemy/domains/continuous/test/auto/CausalityInterfaceFeedback2.xml
----------------- Instantiating /home/travis/build/icyphy/ptII/ptolemy/domains/continuous/test/auto/CausalityInterfaceFeedback2.xml
3 ms. Memory: 456192K Free: 437678K (96%)
----------------- Invoking toplevel() on ptolemy.moml.MoMLSimpleApplication@1021909f
----------------- Done invoking toplevel() on ptolemy.moml.MoMLSimpleApplication@1021909f
reloadAllAccessors: .CausalityInterfaceFeedback2

===========================================================================================
----------------- testing Sun Sep 09 02:22:37 UTC 2018 /home/travis/build/icyphy/ptII/ptolemy/domains/continuous/test/auto/CompareWithCurrentTime.xml
----------------- Instantiating /home/travis/build/icyphy/ptII/ptolemy/domains/continuous/test/auto/CompareWithCurrentTime.xml
5 ms. Memory: 456192K Free: 428549K (94%)
----------------- Invoking toplevel() on ptolemy.moml.MoMLSimpleApplication@7f3dd519
----------------- Done invoking toplevel() on ptolemy.moml.MoMLSimpleApplication@7f3dd519
reloadAllAccessors: .CompareWithCurrentTime

===========================================================================================
----------------- testing Sun Sep 09 02:22:37 UTC 2018 /home/travis/build/icyphy/ptII/ptolemy/domains/continuous/test/auto/ComparedClocks.xml
----------------- Instantiating /home/travis/build/icyphy/ptII/ptolemy/domains/continuous/test/auto/ComparedClocks.xml
8 ms. Memory: 456192K Free: 406037K (89%)
----------------- Invoking toplevel() on ptolemy.moml.MoMLSimpleApplication@4e8e2240
----------------- Done invoking toplevel() on ptolemy.moml.MoMLSimpleApplication@4e8e2240
reloadAllAccessors: .ComparedClocks

===========================================================================================
----------------- testing Sun Sep 09 02:22:37 UTC 2018 /home/travis/build/icyphy/ptII/ptolemy/domains/continuous/test/auto/ContinuousAOCClone.xml
----------------- Instantiating /home/travis/build/icyphy/ptII/ptolemy/domains/continuous/test/auto/ContinuousAOCClone.xml
2489 ms. Memory: 444416K Free: 245387K (55%)
----------------- Invoking toplevel() on ptolemy.moml.MoMLSimpleApplication@5fb28e25
----------------- Done invoking toplevel() on ptolemy.moml.MoMLSimpleApplication@5fb28e25
reloadAllAccessors: .ContinuousAOCClone

===========================================================================================
----------------- testing Sun Sep 09 02:22:40 UTC 2018 /home/travis/build/icyphy/ptII/ptolemy/domains/continuous/test/auto/ContinuousClock.xml
----------------- Instantiating /home/travis/build/icyphy/ptII/ptolemy/domains/continuous/test/auto/ContinuousClock.xml
36 ms. Memory: 444416K Free: 217984K (49%)
----------------- Invoking toplevel() on ptolemy.moml.MoMLSimpleApplication@2e695513
----------------- Done invoking toplevel() on ptolemy.moml.MoMLSimpleApplication@2e695513
reloadAllAccessors: .ContinuousClock

===========================================================================================
----------------- testing Sun Sep 09 02:22:40 UTC 2018 /home/travis/build/icyphy/ptII/ptolemy/domains/continuous/test/auto/ContinuousInContinuous.xml
----------------- Instantiating /home/travis/build/icyphy/ptII/ptolemy/domains/continuous/test/auto/ContinuousInContinuous.xml
47 ms. Memory: 444416K Free: 190645K (43%)
----------------- Invoking toplevel() on ptolemy.moml.MoMLSimpleApplication@218e4508
----------------- Done invoking toplevel() on ptolemy.moml.MoMLSimpleApplication@218e4508
reloadAllAccessors: .ContinuousInContinuous

===========================================================================================
----------------- testing Sun Sep 09 02:22:40 UTC 2018 /home/travis/build/icyphy/ptII/ptolemy/domains/continuous/test/auto/ContinuousInContinuousInContinuous.xml
----------------- Instantiating /home/travis/build/icyphy/ptII/ptolemy/domains/continuous/test/auto/ContinuousInContinuousInContinuous.xml
8 ms. Memory: 444416K Free: 180072K (41%)
----------------- Invoking toplevel() on ptolemy.moml.MoMLSimpleApplication@33def17c
----------------- Done invoking toplevel() on ptolemy.moml.MoMLSimpleApplication@33def17c
reloadAllAccessors: .ContinuousInContinuousInContinuous

===========================================================================================
----------------- testing Sun Sep 09 02:22:40 UTC 2018 /home/travis/build/icyphy/ptII/ptolemy/domains/continuous/test/auto/ContinuousInDE.xml
----------------- Instantiating /home/travis/build/icyphy/ptII/ptolemy/domains/continuous/test/auto/ContinuousInDE.xml
95 ms. Memory: 444416K Free: 164710K (37%)
----------------- Invoking toplevel() on ptolemy.moml.MoMLSimpleApplication@6b979d82
----------------- Done invoking toplevel() on ptolemy.moml.MoMLSimpleApplication@6b979d82
reloadAllAccessors: .ContinuousInDE

===========================================================================================
----------------- testing Sun Sep 09 02:22:40 UTC 2018 /home/travis/build/icyphy/ptII/ptolemy/domains/continuous/test/auto/ContinuousInDE2.xml
----------------- Instantiating /home/travis/build/icyphy/ptII/ptolemy/domains/continuous/test/auto/ContinuousInDE2.xml
53 ms. Memory: 444416K Free: 152764K (34%)
----------------- Invoking toplevel() on ptolemy.moml.MoMLSimpleApplication@267b9008
----------------- Done invoking toplevel() on ptolemy.moml.MoMLSimpleApplication@267b9008
reloadAllAccessors: .ContinuousInDE2

===========================================================================================
----------------- testing Sun Sep 09 02:22:40 UTC 2018 /home/travis/build/icyphy/ptII/ptolemy/domains/continuous/test/auto/ContinuousInDE3.xml
----------------- Instantiating /home/travis/build/icyphy/ptII/ptolemy/domains/continuous/test/auto/ContinuousInDE3.xml
44 ms. Memory: 444416K Free: 139789K (31%)
----------------- Invoking toplevel() on ptolemy.moml.MoMLSimpleApplication@20480485
----------------- Done invoking toplevel() on ptolemy.moml.MoMLSimpleApplication@20480485
reloadAllAccessors: .ContinuousInDE3

===========================================================================================
----------------- testing Sun Sep 09 02:22:40 UTC 2018 /home/travis/build/icyphy/ptII/ptolemy/domains/continuous/test/auto/ContinuousInDE4.xml
----------------- Instantiating /home/travis/build/icyphy/ptII/ptolemy/domains/continuous/test/auto/ContinuousInDE4.xml
20 ms. Memory: 444416K Free: 131586K (30%)
----------------- Invoking toplevel() on ptolemy.moml.MoMLSimpleApplication@78caad0e
----------------- Done invoking toplevel() on ptolemy.moml.MoMLSimpleApplication@78caad0e
reloadAllAccessors: .ContinuousInDE4

===========================================================================================
----------------- testing Sun Sep 09 02:22:40 UTC 2018 /home/travis/build/icyphy/ptII/ptolemy/domains/continuous/test/auto/ContinuousInDEDifferentRefinements.xml
----------------- Instantiating /home/travis/build/icyphy/ptII/ptolemy/domains/continuous/test/auto/ContinuousInDEDifferentRefinements.xml
63 ms. Memory: 444416K Free: 94655K (21%)
----------------- Invoking toplevel() on ptolemy.moml.MoMLSimpleApplication@6c99e928
----------------- Done invoking toplevel() on ptolemy.moml.MoMLSimpleApplication@6c99e928
reloadAllAccessors: .ContinuousInDEDifferentRefinements

===========================================================================================
----------------- testing Sun Sep 09 02:22:41 UTC 2018 /home/travis/build/icyphy/ptII/ptolemy/domains/continuous/test/auto/ContinuousInDEDifferentRefinementsPreemptive.xml
----------------- Instantiating /home/travis/build/icyphy/ptII/ptolemy/domains/continuous/test/auto/ContinuousInDEDifferentRefinementsPreemptive.xml
68 ms. Memory: 423424K Free: 396200K (94%)
----------------- Invoking toplevel() on ptolemy.moml.MoMLSimpleApplication@65a8edc
----------------- Done invoking toplevel() on ptolemy.moml.MoMLSimpleApplication@65a8edc
reloadAllAccessors: .ContinuousInDEDifferentRefinementsPreemptive

===========================================================================================
----------------- testing Sun Sep 09 02:22:41 UTC 2018 /home/travis/build/icyphy/ptII/ptolemy/domains/continuous/test/auto/ContinuousInDEInContinuous2.xml
----------------- Instantiating /home/travis/build/icyphy/ptII/ptolemy/domains/continuous/test/auto/ContinuousInDEInContinuous2.xml
40 ms. Memory: 423424K Free: 377586K (89%)
----------------- Invoking toplevel() on ptolemy.moml.MoMLSimpleApplication@3c7c50b2
----------------- Done invoking toplevel() on ptolemy.moml.MoMLSimpleApplication@3c7c50b2
reloadAllAccessors: .ContinuousInDEInContinuous2

===========================================================================================
----------------- testing Sun Sep 09 02:22:41 UTC 2018 /home/travis/build/icyphy/ptII/ptolemy/domains/continuous/test/auto/ContinuousInDEInContinuous3.xml
----------------- Instantiating /home/travis/build/icyphy/ptII/ptolemy/domains/continuous/test/auto/ContinuousInDEInContinuous3.xml
41 ms. Memory: 423424K Free: 360932K (85%)
----------------- Invoking toplevel() on ptolemy.moml.MoMLSimpleApplication@fdfc499
----------------- Done invoking toplevel() on ptolemy.moml.MoMLSimpleApplication@fdfc499
reloadAllAccessors: .ContinuousInDEInContinuous3

===========================================================================================
----------------- testing Sun Sep 09 02:22:41 UTC 2018 /home/travis/build/icyphy/ptII/ptolemy/domains/continuous/test/auto/ContinuousInDEInput.xml
----------------- Instantiating /home/travis/build/icyphy/ptII/ptolemy/domains/continuous/test/auto/ContinuousInDEInput.xml
19 ms. Memory: 423424K Free: 348848K (82%)
----------------- Invoking toplevel() on ptolemy.moml.MoMLSimpleApplication@4a160761
----------------- Done invoking toplevel() on ptolemy.moml.MoMLSimpleApplication@4a160761
reloadAllAccessors: .ContinuousInDEInput

===========================================================================================
----------------- testing Sun Sep 09 02:22:41 UTC 2018 /home/travis/build/icyphy/ptII/ptolemy/domains/continuous/test/auto/ContinuousInDEInput2.xml
----------------- Instantiating /home/travis/build/icyphy/ptII/ptolemy/domains/continuous/test/auto/ContinuousInDEInput2.xml
18 ms. Memory: 423424K Free: 339049K (80%)
----------------- Invoking toplevel() on ptolemy.moml.MoMLSimpleApplication@7846369b
----------------- Done invoking toplevel() on ptolemy.moml.MoMLSimpleApplication@7846369b
reloadAllAccessors: .ContinuousInDEInput2

===========================================================================================
----------------- testing Sun Sep 09 02:22:41 UTC 2018 /home/travis/build/icyphy/ptII/ptolemy/domains/continuous/test/auto/ContinuousInDEInput3.xml
----------------- Instantiating /home/travis/build/icyphy/ptII/ptolemy/domains/continuous/test/auto/ContinuousInDEInput3.xml
13 ms. Memory: 423424K Free: 329241K (78%)
----------------- Invoking toplevel() on ptolemy.moml.MoMLSimpleApplication@42a8f6ef
----------------- Done invoking toplevel() on ptolemy.moml.MoMLSimpleApplication@42a8f6ef
reloadAllAccessors: .ContinuousInDEInput3

===========================================================================================
----------------- testing Sun Sep 09 02:22:41 UTC 2018 /home/travis/build/icyphy/ptII/ptolemy/domains/continuous/test/auto/ContinuousInDESharingRefinement.xml
----------------- Instantiating /home/travis/build/icyphy/ptII/ptolemy/domains/continuous/test/auto/ContinuousInDESharingRefinement.xml
194 ms. Memory: 423424K Free: 231698K (55%)
----------------- Invoking toplevel() on ptolemy.moml.MoMLSimpleApplication@31428101
----------------- Done invoking toplevel() on ptolemy.moml.MoMLSimpleApplication@31428101
reloadAllAccessors: .ContinuousInDESharingRefinement

===========================================================================================
----------------- testing Sun Sep 09 02:22:41 UTC 2018 /home/travis/build/icyphy/ptII/ptolemy/domains/continuous/test/auto/ContinuousInDEwithNoPorts.xml
----------------- Instantiating /home/travis/build/icyphy/ptII/ptolemy/domains/continuous/test/auto/ContinuousInDEwithNoPorts.xml
5 ms. Memory: 423424K Free: 224183K (53%)
----------------- Invoking toplevel() on ptolemy.moml.MoMLSimpleApplication@39ada03f
----------------- Done invoking toplevel() on ptolemy.moml.MoMLSimpleApplication@39ada03f
reloadAllAccessors: .ContinuousInDEwithNoPorts

===========================================================================================
----------------- testing Sun Sep 09 02:22:41 UTC 2018 /home/travis/build/icyphy/ptII/ptolemy/domains/continuous/test/auto/ContinuousInsideDE.xml
----------------- Instantiating /home/travis/build/icyphy/ptII/ptolemy/domains/continuous/test/auto/ContinuousInsideDE.xml
52 ms. Memory: 423424K Free: 209806K (50%)
----------------- Invoking toplevel() on ptolemy.moml.MoMLSimpleApplication@5a073e44
----------------- Done invoking toplevel() on ptolemy.moml.MoMLSimpleApplication@5a073e44
reloadAllAccessors: .ContinuousInsideDE

===========================================================================================
----------------- testing Sun Sep 09 02:22:41 UTC 2018 /home/travis/build/icyphy/ptII/ptolemy/domains/continuous/test/auto/ContinuousMerge1.xml
----------------- Instantiating /home/travis/build/icyphy/ptII/ptolemy/domains/continuous/test/auto/ContinuousMerge1.xml
7 ms. Memory: 423424K Free: 202292K (48%)
----------------- Invoking toplevel() on ptolemy.moml.MoMLSimpleApplication@47e3d222
----------------- Done invoking toplevel() on ptolemy.moml.MoMLSimpleApplication@47e3d222
reloadAllAccessors: .ContinuousMerge1

===========================================================================================
----------------- testing Sun Sep 09 02:22:41 UTC 2018 /home/travis/build/icyphy/ptII/ptolemy/domains/continuous/test/auto/ContinuousMerge2.xml
----------------- Instantiating /home/travis/build/icyphy/ptII/ptolemy/domains/continuous/test/auto/ContinuousMerge2.xml
13 ms. Memory: 423424K Free: 187907K (44%)
----------------- Invoking toplevel() on ptolemy.moml.MoMLSimpleApplication@680d697a
----------------- Done invoking toplevel() on ptolemy.moml.MoMLSimpleApplication@680d697a
reloadAllAccessors: .ContinuousMerge2

===========================================================================================
----------------- testing Sun Sep 09 02:22:41 UTC 2018 /home/travis/build/icyphy/ptII/ptolemy/domains/continuous/test/auto/ContinuousMerge3.xml
----------------- Instantiating /home/travis/build/icyphy/ptII/ptolemy/domains/continuous/test/auto/ContinuousMerge3.xml
53 ms. Memory: 423424K Free: 173546K (41%)
----------------- Invoking toplevel() on ptolemy.moml.MoMLSimpleApplication@70070c85
----------------- Done invoking toplevel() on ptolemy.moml.MoMLSimpleApplication@70070c85
reloadAllAccessors: .ContinuousMerge3

===========================================================================================
----------------- testing Sun Sep 09 02:22:41 UTC 2018 /home/travis/build/icyphy/ptII/ptolemy/domains/continuous/test/auto/ContinuousWithinContinuous.xml
----------------- Instantiating /home/travis/build/icyphy/ptII/ptolemy/domains/continuous/test/auto/ContinuousWithinContinuous.xml
46 ms. Memory: 423424K Free: 160761K (38%)
----------------- Invoking toplevel() on ptolemy.moml.MoMLSimpleApplication@61674e53
----------------- Done invoking toplevel() on ptolemy.moml.MoMLSimpleApplication@61674e53
reloadAllAccessors: .ContinuousWithinContinuous

===========================================================================================
----------------- testing Sun Sep 09 02:22:42 UTC 2018 /home/travis/build/icyphy/ptII/ptolemy/domains/continuous/test/auto/ContinuousWithinContinuous2.xml
----------------- Instantiating /home/travis/build/icyphy/ptII/ptolemy/domains/continuous/test/auto/ContinuousWithinContinuous2.xml
80 ms. Memory: 423424K Free: 146400K (35%)
----------------- Invoking toplevel() on ptolemy.moml.MoMLSimpleApplication@2bfc1268
----------------- Done invoking toplevel() on ptolemy.moml.MoMLSimpleApplication@2bfc1268
reloadAllAccessors: .ContinuousWithinContinuous2

===========================================================================================
----------------- testing Sun Sep 09 02:22:42 UTC 2018 /home/travis/build/icyphy/ptII/ptolemy/domains/continuous/test/auto/ContinuousWithinContinuous3.xml
----------------- Instantiating /home/travis/build/icyphy/ptII/ptolemy/domains/continuous/test/auto/ContinuousWithinContinuous3.xml
18 ms. Memory: 423424K Free: 136560K (32%)
----------------- Invoking toplevel() on ptolemy.moml.MoMLSimpleApplication@3cea4508
----------------- Done invoking toplevel() on ptolemy.moml.MoMLSimpleApplication@3cea4508
reloadAllAccessors: .ContinuousWithinContinuous3

===========================================================================================
----------------- testing Sun Sep 09 02:22:42 UTC 2018 /home/travis/build/icyphy/ptII/ptolemy/domains/continuous/test/auto/ContinuousWithinContinuous4.xml
----------------- Instantiating /home/travis/build/icyphy/ptII/ptolemy/domains/continuous/test/auto/ContinuousWithinContinuous4.xml
84 ms. Memory: 423424K Free: 122216K (29%)
----------------- Invoking toplevel() on ptolemy.moml.MoMLSimpleApplication@789bc8b5
----------------- Done invoking toplevel() on ptolemy.moml.MoMLSimpleApplication@789bc8b5
reloadAllAccessors: .ContinuousWithinContinuous4

===========================================================================================
----------------- testing Sun Sep 09 02:22:42 UTC 2018 /home/travis/build/icyphy/ptII/ptolemy/domains/continuous/test/auto/ContinuousWithinContinuous5.xml
----------------- Instantiating /home/travis/build/icyphy/ptII/ptolemy/domains/continuous/test/auto/ContinuousWithinContinuous5.xml
14 ms. Memory: 423424K Free: 112408K (27%)
----------------- Invoking toplevel() on ptolemy.moml.MoMLSimpleApplication@7f18f863
----------------- Done invoking toplevel() on ptolemy.moml.MoMLSimpleApplication@7f18f863
reloadAllAccessors: .ContinuousWithinContinuous5

===========================================================================================
----------------- testing Sun Sep 09 02:22:42 UTC 2018 /home/travis/build/icyphy/ptII/ptolemy/domains/continuous/test/auto/ContinuousWithinContinuous6.xml
----------------- Instantiating /home/travis/build/icyphy/ptII/ptolemy/domains/continuous/test/auto/ContinuousWithinContinuous6.xml
14 ms. Memory: 423424K Free: 101916K (24%)
----------------- Invoking toplevel() on ptolemy.moml.MoMLSimpleApplication@4cb6b379
----------------- Done invoking toplevel() on ptolemy.moml.MoMLSimpleApplication@4cb6b379
reloadAllAccessors: .ContinuousWithinContinuous6

===========================================================================================
----------------- testing Sun Sep 09 02:22:42 UTC 2018 /home/travis/build/icyphy/ptII/ptolemy/domains/continuous/test/auto/ContinuousWithinContinuous7.xml
----------------- Instantiating /home/travis/build/icyphy/ptII/ptolemy/domains/continuous/test/auto/ContinuousWithinContinuous7.xml
73 ms. Memory: 423424K Free: 87555K (21%)
----------------- Invoking toplevel() on ptolemy.moml.MoMLSimpleApplication@486a6412
----------------- Done invoking toplevel() on ptolemy.moml.MoMLSimpleApplication@486a6412
reloadAllAccessors: .ContinuousWithinContinuous7

===========================================================================================
----------------- testing Sun Sep 09 02:22:42 UTC 2018 /home/travis/build/icyphy/ptII/ptolemy/domains/continuous/test/auto/DCMotor.xml
----------------- Instantiating /home/travis/build/icyphy/ptII/ptolemy/domains/continuous/test/auto/DCMotor.xml
17968 ms. Memory: 264704K Free: 192308K (73%)
----------------- Invoking toplevel() on ptolemy.moml.MoMLSimpleApplication@1b5addbe
----------------- Done invoking toplevel() on ptolemy.moml.MoMLSimpleApplication@1b5addbe
reloadAllAccessors: .DCMotor

===========================================================================================
----------------- testing Sun Sep 09 02:23:00 UTC 2018 /home/travis/build/icyphy/ptII/ptolemy/domains/continuous/test/auto/DEInContinuous.xml
----------------- Instantiating /home/travis/build/icyphy/ptII/ptolemy/domains/continuous/test/auto/DEInContinuous.xml
11 ms. Memory: 264704K Free: 179888K (68%)
----------------- Invoking toplevel() on ptolemy.moml.MoMLSimpleApplication@18bc60ea
----------------- Done invoking toplevel() on ptolemy.moml.MoMLSimpleApplication@18bc60ea
reloadAllAccessors: .DEInContinuous

===========================================================================================
----------------- testing Sun Sep 09 02:23:00 UTC 2018 /home/travis/build/icyphy/ptII/ptolemy/domains/continuous/test/auto/DEinContinuous2.xml
----------------- Instantiating /home/travis/build/icyphy/ptII/ptolemy/domains/continuous/test/auto/DEinContinuous2.xml
8 ms. Memory: 264704K Free: 167978K (63%)
----------------- Invoking toplevel() on ptolemy.moml.MoMLSimpleApplication@42102b50
----------------- Done invoking toplevel() on ptolemy.moml.MoMLSimpleApplication@42102b50
reloadAllAccessors: .DEinContinuous2

===========================================================================================
----------------- testing Sun Sep 09 02:23:00 UTC 2018 /home/travis/build/icyphy/ptII/ptolemy/domains/continuous/test/auto/Derivative.xml
----------------- Instantiating /home/travis/build/icyphy/ptII/ptolemy/domains/continuous/test/auto/Derivative.xml
193 ms. Memory: 264704K Free: 130384K (49%)
----------------- Invoking toplevel() on ptolemy.moml.MoMLSimpleApplication@328faa52
----------------- Done invoking toplevel() on ptolemy.moml.MoMLSimpleApplication@328faa52
reloadAllAccessors: .Derivative2

===========================================================================================
----------------- testing Sun Sep 09 02:23:00 UTC 2018 /home/travis/build/icyphy/ptII/ptolemy/domains/continuous/test/auto/Derivative1.xml
----------------- Instantiating /home/travis/build/icyphy/ptII/ptolemy/domains/continuous/test/auto/Derivative1.xml
20 ms. Memory: 264704K Free: 111417K (42%)
----------------- Invoking toplevel() on ptolemy.moml.MoMLSimpleApplication@521c58de
----------------- Done invoking toplevel() on ptolemy.moml.MoMLSimpleApplication@521c58de
reloadAllAccessors: .Derivative1

===========================================================================================
----------------- testing Sun Sep 09 02:23:00 UTC 2018 /home/travis/build/icyphy/ptII/ptolemy/domains/continuous/test/auto/DiscreteClock.xml
----------------- Instantiating /home/travis/build/icyphy/ptII/ptolemy/domains/continuous/test/auto/DiscreteClock.xml
5 ms. Memory: 264704K Free: 99522K (38%)
----------------- Invoking toplevel() on ptolemy.moml.MoMLSimpleApplication@60450d
----------------- Done invoking toplevel() on ptolemy.moml.MoMLSimpleApplication@60450d
reloadAllAccessors: .DiscreteClock

===========================================================================================
----------------- testing Sun Sep 09 02:23:00 UTC 2018 /home/travis/build/icyphy/ptII/ptolemy/domains/continuous/test/auto/EfficiencyCurve.xml
----------------- Instantiating /home/travis/build/icyphy/ptII/ptolemy/domains/continuous/test/auto/EfficiencyCurve.xml
59 ms. Memory: 264704K Free: 83945K (32%)
----------------- Invoking toplevel() on ptolemy.moml.MoMLSimpleApplication@51275331
----------------- Done invoking toplevel() on ptolemy.moml.MoMLSimpleApplication@51275331
reloadAllAccessors: .EfficiencyCurve

===========================================================================================
----------------- testing Sun Sep 09 02:23:01 UTC 2018 /home/travis/build/icyphy/ptII/ptolemy/domains/continuous/test/auto/ExponentialResponse.xml
----------------- Instantiating /home/travis/build/icyphy/ptII/ptolemy/domains/continuous/test/auto/ExponentialResponse.xml
133 ms. Memory: 261120K Free: 245249K (94%)
----------------- Invoking toplevel() on ptolemy.moml.MoMLSimpleApplication@2ec90738
----------------- Done invoking toplevel() on ptolemy.moml.MoMLSimpleApplication@2ec90738
reloadAllAccessors: .ExponentialResponse

===========================================================================================
----------------- testing Sun Sep 09 02:23:01 UTC 2018 /home/travis/build/icyphy/ptII/ptolemy/domains/continuous/test/auto/ExponentialResponseRK45.xml
----------------- Instantiating /home/travis/build/icyphy/ptII/ptolemy/domains/continuous/test/auto/ExponentialResponseRK45.xml
30 ms. Memory: 261120K Free: 235555K (90%)
----------------- Invoking toplevel() on ptolemy.moml.MoMLSimpleApplication@3bd8741
----------------- Done invoking toplevel() on ptolemy.moml.MoMLSimpleApplication@3bd8741
reloadAllAccessors: .ExponentialResponseRK45

===========================================================================================
----------------- testing Sun Sep 09 02:23:01 UTC 2018 /home/travis/build/icyphy/ptII/ptolemy/domains/continuous/test/auto/Friction.xml
----------------- Instantiating /home/travis/build/icyphy/ptII/ptolemy/domains/continuous/test/auto/Friction.xml
1604 ms. Memory: 243200K Free: 119888K (49%)
----------------- Invoking toplevel() on ptolemy.moml.MoMLSimpleApplication@567a34d
----------------- Done invoking toplevel() on ptolemy.moml.MoMLSimpleApplication@567a34d
reloadAllAccessors: .Friction

===========================================================================================
----------------- testing Sun Sep 09 02:23:02 UTC 2018 /home/travis/build/icyphy/ptII/ptolemy/domains/continuous/test/auto/FurutaPendulum.xml
----------------- Instantiating /home/travis/build/icyphy/ptII/ptolemy/domains/continuous/test/auto/FurutaPendulum.xml
3356 ms. Memory: 224256K Free: 68521K (31%)
----------------- Invoking toplevel() on ptolemy.moml.MoMLSimpleApplication@152e73b
----------------- Done invoking toplevel() on ptolemy.moml.MoMLSimpleApplication@152e73b
reloadAllAccessors: .FurutaPendulum

===========================================================================================
----------------- testing Sun Sep 09 02:23:06 UTC 2018 /home/travis/build/icyphy/ptII/ptolemy/domains/continuous/test/auto/HierarchicalExecution.xml
----------------- Instantiating /home/travis/build/icyphy/ptII/ptolemy/domains/continuous/test/auto/HierarchicalExecution.xml
2677 ms. Memory: 208384K Free: 151528K (73%)
----------------- Invoking toplevel() on ptolemy.moml.MoMLSimpleApplication@6ae36dd2
----------------- Done invoking toplevel() on ptolemy.moml.MoMLSimpleApplication@6ae36dd2
reloadAllAccessors: .HierarchicalExecution

===========================================================================================
----------------- testing Sun Sep 09 02:23:09 UTC 2018 /home/travis/build/icyphy/ptII/ptolemy/domains/continuous/test/auto/HybridPlant.xml
----------------- Instantiating /home/travis/build/icyphy/ptII/ptolemy/domains/continuous/test/auto/HybridPlant.xml
620 ms. Memory: 199168K Free: 117101K (59%)
----------------- Invoking toplevel() on ptolemy.moml.MoMLSimpleApplication@3a5d759a
----------------- Done invoking toplevel() on ptolemy.moml.MoMLSimpleApplication@3a5d759a
reloadAllAccessors: .HybridPlant

===========================================================================================
----------------- testing Sun Sep 09 02:23:10 UTC 2018 /home/travis/build/icyphy/ptII/ptolemy/domains/continuous/test/auto/Hysteresis.xml
----------------- Instantiating /home/travis/build/icyphy/ptII/ptolemy/domains/continuous/test/auto/Hysteresis.xml
182 ms. Memory: 195072K Free: 166749K (85%)
----------------- Invoking toplevel() on ptolemy.moml.MoMLSimpleApplication@1441f321
----------------- Done invoking toplevel() on ptolemy.moml.MoMLSimpleApplication@1441f321
reloadAllAccessors: .Hysteresis

===========================================================================================
----------------- testing Sun Sep 09 02:23:10 UTC 2018 /home/travis/build/icyphy/ptII/ptolemy/domains/continuous/test/auto/HysteresisWithRandomDelay.xml
----------------- Instantiating /home/travis/build/icyphy/ptII/ptolemy/domains/continuous/test/auto/HysteresisWithRandomDelay.xml
205 ms. Memory: 195072K Free: 88912K (46%)
----------------- Invoking toplevel() on ptolemy.moml.MoMLSimpleApplication@31a865d7
----------------- Done invoking toplevel() on ptolemy.moml.MoMLSimpleApplication@31a865d7
reloadAllAccessors: .HysteresisWithRandomDelay

===========================================================================================
----------------- testing Sun Sep 09 02:23:10 UTC 2018 /home/travis/build/icyphy/ptII/ptolemy/domains/continuous/test/auto/HysteresisWithRandomLosses.xml
----------------- Instantiating /home/travis/build/icyphy/ptII/ptolemy/domains/continuous/test/auto/HysteresisWithRandomLosses.xml
2901 ms. Memory: 274944K Free: 228596K (83%)
----------------- Invoking toplevel() on ptolemy.moml.MoMLSimpleApplication@20b9b777
----------------- Done invoking toplevel() on ptolemy.moml.MoMLSimpleApplication@20b9b777
reloadAllAccessors: .HysteresisWithRandomLosses

===========================================================================================
----------------- testing Sun Sep 09 02:23:13 UTC 2018 /home/travis/build/icyphy/ptII/ptolemy/domains/continuous/test/auto/ImmediateTransitions.xml
----------------- Instantiating /home/travis/build/icyphy/ptII/ptolemy/domains/continuous/test/auto/ImmediateTransitions.xml
10 ms. Memory: 274944K Free: 214936K (78%)
----------------- Invoking toplevel() on ptolemy.moml.MoMLSimpleApplication@271918b
----------------- Done invoking toplevel() on ptolemy.moml.MoMLSimpleApplication@271918b
reloadAllAccessors: .ImmediateTransitions

===========================================================================================
----------------- testing Sun Sep 09 02:23:13 UTC 2018 /home/travis/build/icyphy/ptII/ptolemy/domains/continuous/test/auto/ImpulseFeedback.xml
----------------- Instantiating /home/travis/build/icyphy/ptII/ptolemy/domains/continuous/test/auto/ImpulseFeedback.xml
9 ms. Memory: 274944K Free: 202756K (74%)
----------------- Invoking toplevel() on ptolemy.moml.MoMLSimpleApplication@88f4f18
----------------- Done invoking toplevel() on ptolemy.moml.MoMLSimpleApplication@88f4f18
reloadAllAccessors: .ImpulseFeedback

===========================================================================================
----------------- testing Sun Sep 09 02:23:13 UTC 2018 /home/travis/build/icyphy/ptII/ptolemy/domains/continuous/test/auto/ImpulseFeedback2.xml
----------------- Instantiating /home/travis/build/icyphy/ptII/ptolemy/domains/continuous/test/auto/ImpulseFeedback2.xml
6 ms. Memory: 274944K Free: 190532K (69%)
----------------- Invoking toplevel() on ptolemy.moml.MoMLSimpleApplication@6d5479c7
----------------- Done invoking toplevel() on ptolemy.moml.MoMLSimpleApplication@6d5479c7
reloadAllAccessors: .ImpulseFeedback2

===========================================================================================
----------------- testing Sun Sep 09 02:23:13 UTC 2018 /home/travis/build/icyphy/ptII/ptolemy/domains/continuous/test/auto/IncreasingRatePoisson.xml
----------------- Instantiating /home/travis/build/icyphy/ptII/ptolemy/domains/continuous/test/auto/IncreasingRatePoisson.xml
880 ms. Memory: 259584K Free: 226283K (87%)
----------------- Invoking toplevel() on ptolemy.moml.MoMLSimpleApplication@30a7177
----------------- Done invoking toplevel() on ptolemy.moml.MoMLSimpleApplication@30a7177
reloadAllAccessors: .IncreasingRatePoisson

===========================================================================================
----------------- testing Sun Sep 09 02:23:14 UTC 2018 /home/travis/build/icyphy/ptII/ptolemy/domains/continuous/test/auto/InitialStateFeedback.xml
----------------- Instantiating /home/travis/build/icyphy/ptII/ptolemy/domains/continuous/test/auto/InitialStateFeedback.xml
4 ms. Memory: 259584K Free: 218384K (84%)
----------------- Invoking toplevel() on ptolemy.moml.MoMLSimpleApplication@3e663e06
----------------- Done invoking toplevel() on ptolemy.moml.MoMLSimpleApplication@3e663e06
reloadAllAccessors: .InitialStateFeedback

===========================================================================================
----------------- testing Sun Sep 09 02:23:14 UTC 2018 /home/travis/build/icyphy/ptII/ptolemy/domains/continuous/test/auto/Integration.xml
----------------- Instantiating /home/travis/build/icyphy/ptII/ptolemy/domains/continuous/test/auto/Integration.xml
2 ms. Memory: 259584K Free: 212242K (82%)
----------------- Invoking toplevel() on ptolemy.moml.MoMLSimpleApplication@3e10d4f0
----------------- Done invoking toplevel() on ptolemy.moml.MoMLSimpleApplication@3e10d4f0
reloadAllAccessors: .Integration

===========================================================================================
----------------- testing Sun Sep 09 02:23:14 UTC 2018 /home/travis/build/icyphy/ptII/ptolemy/domains/continuous/test/auto/Integration2.xml
----------------- Instantiating /home/travis/build/icyphy/ptII/ptolemy/domains/continuous/test/auto/Integration2.xml
99 ms. Memory: 259584K Free: 193967K (75%)
----------------- Invoking toplevel() on ptolemy.moml.MoMLSimpleApplication@36d3ba39
----------------- Done invoking toplevel() on ptolemy.moml.MoMLSimpleApplication@36d3ba39
reloadAllAccessors: .Integration2

===========================================================================================
----------------- testing Sun Sep 09 02:23:14 UTC 2018 /home/travis/build/icyphy/ptII/ptolemy/domains/continuous/test/auto/Integration3.xml
----------------- Instantiating /home/travis/build/icyphy/ptII/ptolemy/domains/continuous/test/auto/Integration3.xml
5 ms. Memory: 259584K Free: 187925K (72%)
----------------- Invoking toplevel() on ptolemy.moml.MoMLSimpleApplication@5c9ef1bf
----------------- Done invoking toplevel() on ptolemy.moml.MoMLSimpleApplication@5c9ef1bf
reloadAllAccessors: .Integration3

===========================================================================================
----------------- testing Sun Sep 09 02:23:15 UTC 2018 /home/travis/build/icyphy/ptII/ptolemy/domains/continuous/test/auto/Integration5.xml
----------------- Instantiating /home/travis/build/icyphy/ptII/ptolemy/domains/continuous/test/auto/Integration5.xml
2 ms. Memory: 259584K Free: 181851K (70%)
----------------- Invoking toplevel() on ptolemy.moml.MoMLSimpleApplication@2c25db87
----------------- Done invoking toplevel() on ptolemy.moml.MoMLSimpleApplication@2c25db87
reloadAllAccessors: .Integration5

===========================================================================================
----------------- testing Sun Sep 09 02:23:15 UTC 2018 /home/travis/build/icyphy/ptII/ptolemy/domains/continuous/test/auto/IntegratorImpulse.xml
----------------- Instantiating /home/travis/build/icyphy/ptII/ptolemy/domains/continuous/test/auto/IntegratorImpulse.xml
2 ms. Memory: 259584K Free: 175772K (68%)
----------------- Invoking toplevel() on ptolemy.moml.MoMLSimpleApplication@6b05a6c4
----------------- Done invoking toplevel() on ptolemy.moml.MoMLSimpleApplication@6b05a6c4
reloadAllAccessors: .IntegratorImpulse

===========================================================================================
----------------- testing Sun Sep 09 02:23:15 UTC 2018 /home/travis/build/icyphy/ptII/ptolemy/domains/continuous/test/auto/IntegratorImpulse2.xml
----------------- Instantiating /home/travis/build/icyphy/ptII/ptolemy/domains/continuous/test/auto/IntegratorImpulse2.xml
5 ms. Memory: 259584K Free: 169675K (65%)
----------------- Invoking toplevel() on ptolemy.moml.MoMLSimpleApplication@14a165d5
----------------- Done invoking toplevel() on ptolemy.moml.MoMLSimpleApplication@14a165d5
reloadAllAccessors: .IntegratorImpulse2

===========================================================================================
----------------- testing Sun Sep 09 02:23:15 UTC 2018 /home/travis/build/icyphy/ptII/ptolemy/domains/continuous/test/auto/LevelCrossing1.xml
----------------- Instantiating /home/travis/build/icyphy/ptII/ptolemy/domains/continuous/test/auto/LevelCrossing1.xml
2 ms. Memory: 259584K Free: 161845K (62%)
----------------- Invoking toplevel() on ptolemy.moml.MoMLSimpleApplication@65c0b169
----------------- Done invoking toplevel() on ptolemy.moml.MoMLSimpleApplication@65c0b169
reloadAllAccessors: .LevelCrossing1

===========================================================================================
----------------- testing Sun Sep 09 02:23:15 UTC 2018 /home/travis/build/icyphy/ptII/ptolemy/domains/continuous/test/auto/LevelCrossing2.xml
----------------- Instantiating /home/travis/build/icyphy/ptII/ptolemy/domains/continuous/test/auto/LevelCrossing2.xml
3 ms. Memory: 259584K Free: 154015K (59%)
----------------- Invoking toplevel() on ptolemy.moml.MoMLSimpleApplication@6db7ac7a
----------------- Done invoking toplevel() on ptolemy.moml.MoMLSimpleApplication@6db7ac7a
reloadAllAccessors: .LevelCrossing2

===========================================================================================
----------------- testing Sun Sep 09 02:23:15 UTC 2018 /home/travis/build/icyphy/ptII/ptolemy/domains/continuous/test/auto/LevelCrossing3.xml
----------------- Instantiating /home/travis/build/icyphy/ptII/ptolemy/domains/continuous/test/auto/LevelCrossing3.xml
2 ms. Memory: 259584K Free: 146169K (56%)
----------------- Invoking toplevel() on ptolemy.moml.MoMLSimpleApplication@41e5c663
----------------- Done invoking toplevel() on ptolemy.moml.MoMLSimpleApplication@41e5c663
reloadAllAccessors: .LevelCrossing3

===========================================================================================
----------------- testing Sun Sep 09 02:23:15 UTC 2018 /home/travis/build/icyphy/ptII/ptolemy/domains/continuous/test/auto/LevelCrossing4.xml
----------------- Instantiating /home/travis/build/icyphy/ptII/ptolemy/domains/continuous/test/auto/LevelCrossing4.xml
3 ms. Memory: 259584K Free: 138270K (53%)
----------------- Invoking toplevel() on ptolemy.moml.MoMLSimpleApplication@7a8cd8d
----------------- Done invoking toplevel() on ptolemy.moml.MoMLSimpleApplication@7a8cd8d
reloadAllAccessors: .LevelCrossing4

===========================================================================================
----------------- testing Sun Sep 09 02:23:15 UTC 2018 /home/travis/build/icyphy/ptII/ptolemy/domains/continuous/test/auto/LevelCrossing5.xml
----------------- Instantiating /home/travis/build/icyphy/ptII/ptolemy/domains/continuous/test/auto/LevelCrossing5.xml
4 ms. Memory: 259584K Free: 130432K (50%)
----------------- Invoking toplevel() on ptolemy.moml.MoMLSimpleApplication@46b958ba
----------------- Done invoking toplevel() on ptolemy.moml.MoMLSimpleApplication@46b958ba
reloadAllAccessors: .LevelCrossing5

===========================================================================================
----------------- testing Sun Sep 09 02:23:15 UTC 2018 /home/travis/build/icyphy/ptII/ptolemy/domains/continuous/test/auto/LevelCrossing6.xml
----------------- Instantiating /home/travis/build/icyphy/ptII/ptolemy/domains/continuous/test/auto/LevelCrossing6.xml
3 ms. Memory: 259584K Free: 122610K (47%)
----------------- Invoking toplevel() on ptolemy.moml.MoMLSimpleApplication@3a0cd7d0
----------------- Done invoking toplevel() on ptolemy.moml.MoMLSimpleApplication@3a0cd7d0
reloadAllAccessors: .LevelCrossing6

===========================================================================================
----------------- testing Sun Sep 09 02:23:15 UTC 2018 /home/travis/build/icyphy/ptII/ptolemy/domains/continuous/test/auto/LevelCrossingDetector.xml
----------------- Instantiating /home/travis/build/icyphy/ptII/ptolemy/domains/continuous/test/auto/LevelCrossingDetector.xml
14 ms. Memory: 259584K Free: 107746K (42%)
----------------- Invoking toplevel() on ptolemy.moml.MoMLSimpleApplication@7e31470a
----------------- Done invoking toplevel() on ptolemy.moml.MoMLSimpleApplication@7e31470a
reloadAllAccessors: .LevelCrossingDetector

===========================================================================================
----------------- testing Sun Sep 09 02:23:15 UTC 2018 /home/travis/build/icyphy/ptII/ptolemy/domains/continuous/test/auto/LevelCrossingDetectorDetectingDirections.xml
----------------- Instantiating /home/travis/build/icyphy/ptII/ptolemy/domains/continuous/test/auto/LevelCrossingDetectorDetectingDirections.xml
58 ms. Memory: 259584K Free: 85958K (33%)
----------------- Invoking toplevel() on ptolemy.moml.MoMLSimpleApplication@10605849
----------------- Done invoking toplevel() on ptolemy.moml.MoMLSimpleApplication@10605849
reloadAllAccessors: .LevelCrossingDetectorDetectingDirections

===========================================================================================
----------------- testing Sun Sep 09 02:23:15 UTC 2018 /home/travis/build/icyphy/ptII/ptolemy/domains/continuous/test/auto/LevelCrossingDetectorDetectsGlitches.xml
----------------- Instantiating /home/travis/build/icyphy/ptII/ptolemy/domains/continuous/test/auto/LevelCrossingDetectorDetectsGlitches.xml
28 ms. Memory: 259584K Free: 58868K (23%)
----------------- Invoking toplevel() on ptolemy.moml.MoMLSimpleApplication@53d104e7
----------------- Done invoking toplevel() on ptolemy.moml.MoMLSimpleApplication@53d104e7
reloadAllAccessors: .LevelCrossingDetectorDetectsGlitches

===========================================================================================
----------------- testing Sun Sep 09 02:23:15 UTC 2018 /home/travis/build/icyphy/ptII/ptolemy/domains/continuous/test/auto/LevelCrossingNoInitialOuput.xml
----------------- Instantiating /home/travis/build/icyphy/ptII/ptolemy/domains/continuous/test/auto/LevelCrossingNoInitialOuput.xml
4 ms. Memory: 248320K Free: 215202K (87%)
----------------- Invoking toplevel() on ptolemy.moml.MoMLSimpleApplication@33fcb553
----------------- Done invoking toplevel() on ptolemy.moml.MoMLSimpleApplication@33fcb553
reloadAllAccessors: .LevelCrossingNoInitialOuput

===========================================================================================
----------------- testing Sun Sep 09 02:23:15 UTC 2018 /home/travis/build/icyphy/ptII/ptolemy/domains/continuous/test/auto/LinearStateSpaceExample.xml
----------------- Instantiating /home/travis/build/icyphy/ptII/ptolemy/domains/continuous/test/auto/LinearStateSpaceExample.xml
19 ms. Memory: 248320K Free: 204236K (82%)
----------------- Invoking toplevel() on ptolemy.moml.MoMLSimpleApplication@1678c53a
----------------- Done invoking toplevel() on ptolemy.moml.MoMLSimpleApplication@1678c53a
reloadAllAccessors: .LinearStateSpace_Example

===========================================================================================
----------------- testing Sun Sep 09 02:23:15 UTC 2018 /home/travis/build/icyphy/ptII/ptolemy/domains/continuous/test/auto/Lorenz.xml
----------------- Instantiating /home/travis/build/icyphy/ptII/ptolemy/domains/continuous/test/auto/Lorenz.xml
4797 ms. Memory: 233472K Free: 70703K (30%)
----------------- Invoking toplevel() on ptolemy.moml.MoMLSimpleApplication@7d91c278
----------------- Done invoking toplevel() on ptolemy.moml.MoMLSimpleApplication@7d91c278
reloadAllAccessors: .Lorenz

===========================================================================================
----------------- testing Sun Sep 09 02:23:20 UTC 2018 /home/travis/build/icyphy/ptII/ptolemy/domains/continuous/test/auto/LorenzDifferentialSystem.xml
----------------- Instantiating /home/travis/build/icyphy/ptII/ptolemy/domains/continuous/test/auto/LorenzDifferentialSystem.xml
1009 ms. Memory: 227840K Free: 46183K (20%)
----------------- Invoking toplevel() on ptolemy.moml.MoMLSimpleApplication@33c2a2
----------------- Done invoking toplevel() on ptolemy.moml.MoMLSimpleApplication@33c2a2
reloadAllAccessors: .LorenzDifferentialSystem

===========================================================================================
----------------- testing Sun Sep 09 02:23:21 UTC 2018 /home/travis/build/icyphy/ptII/ptolemy/domains/continuous/test/auto/LorenzDifferentialSystemWithInput.xml
----------------- Instantiating /home/travis/build/icyphy/ptII/ptolemy/domains/continuous/test/auto/LorenzDifferentialSystemWithInput.xml
1692 ms. Memory: 215552K Free: 99150K (46%)
----------------- Invoking toplevel() on ptolemy.moml.MoMLSimpleApplication@708f2c55
----------------- Done invoking toplevel() on ptolemy.moml.MoMLSimpleApplication@708f2c55
reloadAllAccessors: .LorenzDifferentialSystemWithInput

===========================================================================================
----------------- testing Sun Sep 09 02:23:23 UTC 2018 /home/travis/build/icyphy/ptII/ptolemy/domains/continuous/test/auto/LorenzDifferentialSystemWithTime.xml
----------------- Instantiating /home/travis/build/icyphy/ptII/ptolemy/domains/continuous/test/auto/LorenzDifferentialSystemWithTime.xml
729 ms. Memory: 207360K Free: 100038K (48%)
----------------- Invoking toplevel() on ptolemy.moml.MoMLSimpleApplication@2dc8ecba
----------------- Done invoking toplevel() on ptolemy.moml.MoMLSimpleApplication@2dc8ecba
reloadAllAccessors: .LorenzDifferentialSystemWithTime

===========================================================================================
----------------- testing Sun Sep 09 02:23:24 UTC 2018 /home/travis/build/icyphy/ptII/ptolemy/domains/continuous/test/auto/Microsteps.xml
----------------- Instantiating /home/travis/build/icyphy/ptII/ptolemy/domains/continuous/test/auto/Microsteps.xml
6 ms. Memory: 207360K Free: 92144K (44%)
----------------- Invoking toplevel() on ptolemy.moml.MoMLSimpleApplication@23fc1b1d
----------------- Done invoking toplevel() on ptolemy.moml.MoMLSimpleApplication@23fc1b1d
reloadAllAccessors: .Microsteps

===========================================================================================
----------------- testing Sun Sep 09 02:23:24 UTC 2018 /home/travis/build/icyphy/ptII/ptolemy/domains/continuous/test/auto/Modal1.xml
----------------- Instantiating /home/travis/build/icyphy/ptII/ptolemy/domains/continuous/test/auto/Modal1.xml
16 ms. Memory: 207360K Free: 74790K (36%)
----------------- Invoking toplevel() on ptolemy.moml.MoMLSimpleApplication@5c4413fd
----------------- Done invoking toplevel() on ptolemy.moml.MoMLSimpleApplication@5c4413fd
reloadAllAccessors: .Modal1

===========================================================================================
----------------- testing Sun Sep 09 02:23:24 UTC 2018 /home/travis/build/icyphy/ptII/ptolemy/domains/continuous/test/auto/Modal2.xml
----------------- Instantiating /home/travis/build/icyphy/ptII/ptolemy/domains/continuous/test/auto/Modal2.xml
16 ms. Memory: 207360K Free: 56201K (27%)
----------------- Invoking toplevel() on ptolemy.moml.MoMLSimpleApplication@3527d93e
----------------- Done invoking toplevel() on ptolemy.moml.MoMLSimpleApplication@3527d93e
reloadAllAccessors: .Modal2

===========================================================================================
----------------- testing Sun Sep 09 02:23:24 UTC 2018 /home/travis/build/icyphy/ptII/ptolemy/domains/continuous/test/auto/ModalTransitionGuardWithReset.xml
----------------- Instantiating /home/travis/build/icyphy/ptII/ptolemy/domains/continuous/test/auto/ModalTransitionGuardWithReset.xml
15 ms. Memory: 207360K Free: 43884K (21%)
----------------- Invoking toplevel() on ptolemy.moml.MoMLSimpleApplication@36c48f06
----------------- Done invoking toplevel() on ptolemy.moml.MoMLSimpleApplication@36c48f06
reloadAllAccessors: .ModalTransitionGuardWithReset

===========================================================================================
----------------- testing Sun Sep 09 02:23:24 UTC 2018 /home/travis/build/icyphy/ptII/ptolemy/domains/continuous/test/auto/ModalTransitionGuardWithResetUsingPreemptiveTransition.xml
----------------- Instantiating /home/travis/build/icyphy/ptII/ptolemy/domains/continuous/test/auto/ModalTransitionGuardWithResetUsingPreemptiveTransition.xml
17 ms. Memory: 202752K Free: 151942K (75%)
----------------- Invoking toplevel() on ptolemy.moml.MoMLSimpleApplication@20569647
----------------- Done invoking toplevel() on ptolemy.moml.MoMLSimpleApplication@20569647
reloadAllAccessors: .ModalTransitionGuardWithResetUsingPreemptiveTransition

===========================================================================================
----------------- testing Sun Sep 09 02:23:24 UTC 2018 /home/travis/build/icyphy/ptII/ptolemy/domains/continuous/test/auto/ModalTransitionGuardWithResetUsingPreemptiveTransition2.xml
----------------- Instantiating /home/travis/build/icyphy/ptII/ptolemy/domains/continuous/test/auto/ModalTransitionGuardWithResetUsingPreemptiveTransition2.xml
11 ms. Memory: 202752K Free: 139777K (69%)
----------------- Invoking toplevel() on ptolemy.moml.MoMLSimpleApplication@1f84db9c
----------------- Done invoking toplevel() on ptolemy.moml.MoMLSimpleApplication@1f84db9c
reloadAllAccessors: .ModalTransitionGuardWithResetUsingPreemptiveTransition2

===========================================================================================
----------------- testing Sun Sep 09 02:23:24 UTC 2018 /home/travis/build/icyphy/ptII/ptolemy/domains/continuous/test/auto/ModalTransitionGuardWithResetUsingPreemptiveTransition3.xml
----------------- Instantiating /home/travis/build/icyphy/ptII/ptolemy/domains/continuous/test/auto/ModalTransitionGuardWithResetUsingPreemptiveTransition3.xml
14 ms. Memory: 202752K Free: 128263K (63%)
----------------- Invoking toplevel() on ptolemy.moml.MoMLSimpleApplication@7429f45e
----------------- Done invoking toplevel() on ptolemy.moml.MoMLSimpleApplication@7429f45e
reloadAllAccessors: .ModalTransitionGuardWithResetUsingPreemptiveTransition3

===========================================================================================
----------------- testing Sun Sep 09 02:23:24 UTC 2018 /home/travis/build/icyphy/ptII/ptolemy/domains/continuous/test/auto/NewtonsCradle.xml
----------------- Instantiating /home/travis/build/icyphy/ptII/ptolemy/domains/continuous/test/auto/NewtonsCradle.xml
773 ms. Memory: 221696K Free: 130787K (59%)
----------------- Invoking toplevel() on ptolemy.moml.MoMLSimpleApplication@d4472e6
----------------- Done invoking toplevel() on ptolemy.moml.MoMLSimpleApplication@d4472e6
reloadAllAccessors: .NewtonsCradle

===========================================================================================
----------------- testing Sun Sep 09 02:23:25 UTC 2018 /home/travis/build/icyphy/ptII/ptolemy/domains/continuous/test/auto/NewtonsCradleAnimated.xml
----------------- Instantiating /home/travis/build/icyphy/ptII/ptolemy/domains/continuous/test/auto/NewtonsCradleAnimated.xml
1379 ms. Memory: 243200K Free: 40717K (17%)
----------------- Invoking toplevel() on ptolemy.moml.MoMLSimpleApplication@3e70d6c6
----------------- Done invoking toplevel() on ptolemy.moml.MoMLSimpleApplication@3e70d6c6
reloadAllAccessors: .NewtonsCradleAnimated

===========================================================================================
----------------- testing Sun Sep 09 02:23:26 UTC 2018 /home/travis/build/icyphy/ptII/ptolemy/domains/continuous/test/auto/NewtonsCradleComplicated.xml
----------------- Instantiating /home/travis/build/icyphy/ptII/ptolemy/domains/continuous/test/auto/NewtonsCradleComplicated.xml
900 ms. Memory: 315904K Free: 203788K (65%)
----------------- Invoking toplevel() on ptolemy.moml.MoMLSimpleApplication@7aac97d3
----------------- Done invoking toplevel() on ptolemy.moml.MoMLSimpleApplication@7aac97d3
reloadAllAccessors: .NewtonsCradleComplicated

===========================================================================================
----------------- testing Sun Sep 09 02:23:27 UTC 2018 /home/travis/build/icyphy/ptII/ptolemy/domains/continuous/test/auto/NewtonsCradleNondeterministic.xml
----------------- Instantiating /home/travis/build/icyphy/ptII/ptolemy/domains/continuous/test/auto/NewtonsCradleNondeterministic.xml
717 ms. Memory: 363520K Free: 264518K (73%)
----------------- Invoking toplevel() on ptolemy.moml.MoMLSimpleApplication@545902a9
----------------- Done invoking toplevel() on ptolemy.moml.MoMLSimpleApplication@545902a9
reloadAllAccessors: .NewtonsCradleNondeterministic

===========================================================================================
----------------- testing Sun Sep 09 02:23:28 UTC 2018 /home/travis/build/icyphy/ptII/ptolemy/domains/continuous/test/auto/NewtonsCradlePerfectlyInelastic1.xml
----------------- Instantiating /home/travis/build/icyphy/ptII/ptolemy/domains/continuous/test/auto/NewtonsCradlePerfectlyInelastic1.xml
1269 ms. Memory: 420352K Free: 285652K (68%)
----------------- Invoking toplevel() on ptolemy.moml.MoMLSimpleApplication@17e70946
----------------- Done invoking toplevel() on ptolemy.moml.MoMLSimpleApplication@17e70946
reloadAllAccessors: .NewtonsCradlePerfectlyInelastic1

===========================================================================================
----------------- testing Sun Sep 09 02:23:30 UTC 2018 /home/travis/build/icyphy/ptII/ptolemy/domains/continuous/test/auto/Noise.xml
----------------- Instantiating /home/travis/build/icyphy/ptII/ptolemy/domains/continuous/test/auto/Noise.xml
185 ms. Memory: 420352K Free: 215441K (51%)
----------------- Invoking toplevel() on ptolemy.moml.MoMLSimpleApplication@547779ea
----------------- Done invoking toplevel() on ptolemy.moml.MoMLSimpleApplication@547779ea
reloadAllAccessors: .Noise

===========================================================================================
----------------- testing Sun Sep 09 02:23:30 UTC 2018 /home/travis/build/icyphy/ptII/ptolemy/domains/continuous/test/auto/NoiseSpectrum.xml
----------------- Instantiating /home/travis/build/icyphy/ptII/ptolemy/domains/continuous/test/auto/NoiseSpectrum.xml
771 ms. Memory: 420352K Free: 70776K (17%)
----------------- Invoking toplevel() on ptolemy.moml.MoMLSimpleApplication@1fb19c5f
----------------- Done invoking toplevel() on ptolemy.moml.MoMLSimpleApplication@1fb19c5f
reloadAllAccessors: .NoiseSpectrum

===========================================================================================
----------------- testing Sun Sep 09 02:23:31 UTC 2018 /home/travis/build/icyphy/ptII/ptolemy/domains/continuous/test/auto/ParameterizedNewtonsCradleAnimated.xml
----------------- Instantiating /home/travis/build/icyphy/ptII/ptolemy/domains/continuous/test/auto/ParameterizedNewtonsCradleAnimated.xml
287 ms. Memory: 403968K Free: 274237K (68%)
----------------- Invoking toplevel() on ptolemy.moml.MoMLSimpleApplication@1b4421a4
----------------- Done invoking toplevel() on ptolemy.moml.MoMLSimpleApplication@1b4421a4
reloadAllAccessors: .ParameterizedNewtonsCradleAnimated

===========================================================================================
----------------- testing Sun Sep 09 02:23:31 UTC 2018 /home/travis/build/icyphy/ptII/ptolemy/domains/continuous/test/auto/ParameterizedNewtonsCradleAnimatedNondeterministic.xml
----------------- Instantiating /home/travis/build/icyphy/ptII/ptolemy/domains/continuous/test/auto/ParameterizedNewtonsCradleAnimatedNondeterministic.xml
1141 ms. Memory: 470016K Free: 325048K (69%)
----------------- Invoking toplevel() on ptolemy.moml.MoMLSimpleApplication@12297e0a
----------------- Done invoking toplevel() on ptolemy.moml.MoMLSimpleApplication@12297e0a
reloadAllAccessors: .ParameterizedNewtonsCradleAnimatedNondeterministic

===========================================================================================
----------------- testing Sun Sep 09 02:23:32 UTC 2018 /home/travis/build/icyphy/ptII/ptolemy/domains/continuous/test/auto/Pendulum3D.xml
----------------- Instantiating /home/travis/build/icyphy/ptII/ptolemy/domains/continuous/test/auto/Pendulum3D.xml
121 ms. Memory: 470016K Free: 265437K (56%)
----------------- Invoking toplevel() on ptolemy.moml.MoMLSimpleApplication@137df39c
----------------- Done invoking toplevel() on ptolemy.moml.MoMLSimpleApplication@137df39c
reloadAllAccessors: .Pendulum3D

===========================================================================================
----------------- testing Sun Sep 09 02:23:33 UTC 2018 /home/travis/build/icyphy/ptII/ptolemy/domains/continuous/test/auto/PeriodicSampler.xml
----------------- Instantiating /home/travis/build/icyphy/ptII/ptolemy/domains/continuous/test/auto/PeriodicSampler.xml
2 ms. Memory: 470016K Free: 256824K (55%)
----------------- Invoking toplevel() on ptolemy.moml.MoMLSimpleApplication@79b28c57
----------------- Done invoking toplevel() on ptolemy.moml.MoMLSimpleApplication@79b28c57
reloadAllAccessors: .PeriodicSampler

===========================================================================================
----------------- testing Sun Sep 09 02:23:33 UTC 2018 /home/travis/build/icyphy/ptII/ptolemy/domains/continuous/test/auto/PeriodicSampler1.xml
----------------- Instantiating /home/travis/build/icyphy/ptII/ptolemy/domains/continuous/test/auto/PeriodicSampler1.xml
18 ms. Memory: 470016K Free: 235299K (50%)
----------------- Invoking toplevel() on ptolemy.moml.MoMLSimpleApplication@12f8d4bb
----------------- Done invoking toplevel() on ptolemy.moml.MoMLSimpleApplication@12f8d4bb
reloadAllAccessors: .PeriodicSampler1

===========================================================================================
----------------- testing Sun Sep 09 02:23:33 UTC 2018 /home/travis/build/icyphy/ptII/ptolemy/domains/continuous/test/auto/PeriodicSampler2.xml
----------------- Instantiating /home/travis/build/icyphy/ptII/ptolemy/domains/continuous/test/auto/PeriodicSampler2.xml
56 ms. Memory: 470016K Free: 200808K (43%)
----------------- Invoking toplevel() on ptolemy.moml.MoMLSimpleApplication@797f1e15
----------------- Done invoking toplevel() on ptolemy.moml.MoMLSimpleApplication@797f1e15
reloadAllAccessors: .PeriodicSampler2

===========================================================================================
----------------- testing Sun Sep 09 02:23:33 UTC 2018 /home/travis/build/icyphy/ptII/ptolemy/domains/continuous/test/auto/Poisson.xml
----------------- Instantiating /home/travis/build/icyphy/ptII/ptolemy/domains/continuous/test/auto/Poisson.xml
549 ms. Memory: 450048K Free: 334197K (74%)
----------------- Invoking toplevel() on ptolemy.moml.MoMLSimpleApplication@522741f9
----------------- Done invoking toplevel() on ptolemy.moml.MoMLSimpleApplication@522741f9
reloadAllAccessors: .Poisson

===========================================================================================
----------------- testing Sun Sep 09 02:23:33 UTC 2018 /home/travis/build/icyphy/ptII/ptolemy/domains/continuous/test/auto/PoissonClock.xml
----------------- Instantiating /home/travis/build/icyphy/ptII/ptolemy/domains/continuous/test/auto/PoissonClock.xml
1 ms. Memory: 450048K Free: 326437K (73%)
----------------- Invoking toplevel() on ptolemy.moml.MoMLSimpleApplication@20d26f0b
----------------- Done invoking toplevel() on ptolemy.moml.MoMLSimpleApplication@20d26f0b
reloadAllAccessors: .PoissonClock

===========================================================================================
----------------- testing Sun Sep 09 02:23:33 UTC 2018 /home/travis/build/icyphy/ptII/ptolemy/domains/continuous/test/auto/PoissonClock2.xml
----------------- Instantiating /home/travis/build/icyphy/ptII/ptolemy/domains/continuous/test/auto/PoissonClock2.xml
4 ms. Memory: 450048K Free: 319978K (71%)
----------------- Invoking toplevel() on ptolemy.moml.MoMLSimpleApplication@4ccadfe4
----------------- Done invoking toplevel() on ptolemy.moml.MoMLSimpleApplication@4ccadfe4
reloadAllAccessors: .PoissonClock2

===========================================================================================
----------------- testing Sun Sep 09 02:23:33 UTC 2018 /home/travis/build/icyphy/ptII/ptolemy/domains/continuous/test/auto/PortParameterHierarchy.xml
----------------- Instantiating /home/travis/build/icyphy/ptII/ptolemy/domains/continuous/test/auto/PortParameterHierarchy.xml
8 ms. Memory: 450048K Free: 311677K (69%)
----------------- Invoking toplevel() on ptolemy.moml.MoMLSimpleApplication@dd11f4a
----------------- Done invoking toplevel() on ptolemy.moml.MoMLSimpleApplication@dd11f4a
reloadAllAccessors: .PortParameterHierarchy

===========================================================================================
----------------- testing Sun Sep 09 02:23:33 UTC 2018 /home/travis/build/icyphy/ptII/ptolemy/domains/continuous/test/auto/RandomHybridPlant.xml
----------------- Instantiating /home/travis/build/icyphy/ptII/ptolemy/domains/continuous/test/auto/RandomHybridPlant.xml
564 ms. Memory: 450048K Free: 20315K (5%)
----------------- Invoking toplevel() on ptolemy.moml.MoMLSimpleApplication@19b9248c
----------------- Done invoking toplevel() on ptolemy.moml.MoMLSimpleApplication@19b9248c
reloadAllAccessors: .RandomHybridPlant

===========================================================================================
----------------- testing Sun Sep 09 02:23:34 UTC 2018 /home/travis/build/icyphy/ptII/ptolemy/domains/continuous/test/auto/ResetTransitionWithStartTime1.xml
----------------- Instantiating /home/travis/build/icyphy/ptII/ptolemy/domains/continuous/test/auto/ResetTransitionWithStartTime1.xml
15 ms. Memory: 433152K Free: 354623K (82%)
----------------- Invoking toplevel() on ptolemy.moml.MoMLSimpleApplication@5f92f5b1
----------------- Done invoking toplevel() on ptolemy.moml.MoMLSimpleApplication@5f92f5b1
reloadAllAccessors: .ResetTransitionWithStartTime1

===========================================================================================
----------------- testing Sun Sep 09 02:23:34 UTC 2018 /home/travis/build/icyphy/ptII/ptolemy/domains/continuous/test/auto/ResetTransitionWithStartTime2.xml
----------------- Instantiating /home/travis/build/icyphy/ptII/ptolemy/domains/continuous/test/auto/ResetTransitionWithStartTime2.xml
23 ms. Memory: 433152K Free: 337262K (78%)
----------------- Invoking toplevel() on ptolemy.moml.MoMLSimpleApplication@3894d5ca
----------------- Done invoking toplevel() on ptolemy.moml.MoMLSimpleApplication@3894d5ca
reloadAllAccessors: .ResetTransitionWithStartTime2

===========================================================================================
----------------- testing Sun Sep 09 02:23:34 UTC 2018 /home/travis/build/icyphy/ptII/ptolemy/domains/continuous/test/auto/ResetTransitionWithStartTime3.xml
----------------- Instantiating /home/travis/build/icyphy/ptII/ptolemy/domains/continuous/test/auto/ResetTransitionWithStartTime3.xml
31 ms. Memory: 433152K Free: 319901K (74%)
----------------- Invoking toplevel() on ptolemy.moml.MoMLSimpleApplication@216c5c02
----------------- Done invoking toplevel() on ptolemy.moml.MoMLSimpleApplication@216c5c02
reloadAllAccessors: .ResetTransitionWithStartTime3

===========================================================================================
----------------- testing Sun Sep 09 02:23:34 UTC 2018 /home/travis/build/icyphy/ptII/ptolemy/domains/continuous/test/auto/ResetTransitionWithStartTime4.xml
----------------- Instantiating /home/travis/build/icyphy/ptII/ptolemy/domains/continuous/test/auto/ResetTransitionWithStartTime4.xml
8 ms. Memory: 433152K Free: 307229K (71%)
----------------- Invoking toplevel() on ptolemy.moml.MoMLSimpleApplication@13fe6696
----------------- Done invoking toplevel() on ptolemy.moml.MoMLSimpleApplication@13fe6696
reloadAllAccessors: .ResetTransitionWithStartTime4

===========================================================================================
----------------- testing Sun Sep 09 02:23:34 UTC 2018 /home/travis/build/icyphy/ptII/ptolemy/domains/continuous/test/auto/ResetTransitionWithStartTime5.xml
----------------- Instantiating /home/travis/build/icyphy/ptII/ptolemy/domains/continuous/test/auto/ResetTransitionWithStartTime5.xml
22 ms. Memory: 433152K Free: 289859K (67%)
----------------- Invoking toplevel() on ptolemy.moml.MoMLSimpleApplication@5e194d38
----------------- Done invoking toplevel() on ptolemy.moml.MoMLSimpleApplication@5e194d38
reloadAllAccessors: .ResetTransitionWithStartTime5

===========================================================================================
----------------- testing Sun Sep 09 02:23:34 UTC 2018 /home/travis/build/icyphy/ptII/ptolemy/domains/continuous/test/auto/ResetTransitionWithStartTime6.xml
----------------- Instantiating /home/travis/build/icyphy/ptII/ptolemy/domains/continuous/test/auto/ResetTransitionWithStartTime6.xml
12 ms. Memory: 433152K Free: 277200K (64%)
----------------- Invoking toplevel() on ptolemy.moml.MoMLSimpleApplication@98ba819
----------------- Done invoking toplevel() on ptolemy.moml.MoMLSimpleApplication@98ba819
reloadAllAccessors: .ResetTransitionWithStartTime6

===========================================================================================
----------------- testing Sun Sep 09 02:23:34 UTC 2018 /home/travis/build/icyphy/ptII/ptolemy/domains/continuous/test/auto/SRinContinuous.xml
----------------- Instantiating /home/travis/build/icyphy/ptII/ptolemy/domains/continuous/test/auto/SRinContinuous.xml
8 ms. Memory: 433152K Free: 266889K (62%)
----------------- Invoking toplevel() on ptolemy.moml.MoMLSimpleApplication@28bdca62
----------------- Done invoking toplevel() on ptolemy.moml.MoMLSimpleApplication@28bdca62
reloadAllAccessors: .SRinContinuous

===========================================================================================
----------------- testing Sun Sep 09 02:23:34 UTC 2018 /home/travis/build/icyphy/ptII/ptolemy/domains/continuous/test/auto/SampledClocks.xml
----------------- Instantiating /home/travis/build/icyphy/ptII/ptolemy/domains/continuous/test/auto/SampledClocks.xml
6 ms. Memory: 433152K Free: 249542K (58%)
----------------- Invoking toplevel() on ptolemy.moml.MoMLSimpleApplication@62459007
----------------- Done invoking toplevel() on ptolemy.moml.MoMLSimpleApplication@62459007
reloadAllAccessors: .SampledClocks

===========================================================================================
----------------- testing Sun Sep 09 02:23:34 UTC 2018 /home/travis/build/icyphy/ptII/ptolemy/domains/continuous/test/auto/Satellite.xml
----------------- Instantiating /home/travis/build/icyphy/ptII/ptolemy/domains/continuous/test/auto/Satellite.xml
812 ms. Memory: 433152K Free: 70390K (16%)
----------------- Invoking toplevel() on ptolemy.moml.MoMLSimpleApplication@6bdb40b1
----------------- Done invoking toplevel() on ptolemy.moml.MoMLSimpleApplication@6bdb40b1
reloadAllAccessors: .Satellite

===========================================================================================
----------------- testing Sun Sep 09 02:23:35 UTC 2018 /home/travis/build/icyphy/ptII/ptolemy/domains/continuous/test/auto/SigmaDelta.xml
----------------- Instantiating /home/travis/build/icyphy/ptII/ptolemy/domains/continuous/test/auto/SigmaDelta.xml
2584 ms. Memory: 421888K Free: 34649K (8%)
----------------- Invoking toplevel() on ptolemy.moml.MoMLSimpleApplication@7d126a78
----------------- Done invoking toplevel() on ptolemy.moml.MoMLSimpleApplication@7d126a78
reloadAllAccessors: .SigmaDelta

===========================================================================================
----------------- testing Sun Sep 09 02:23:38 UTC 2018 /home/travis/build/icyphy/ptII/ptolemy/domains/continuous/test/auto/SinuBouncingBall.xml
----------------- Instantiating /home/travis/build/icyphy/ptII/ptolemy/domains/continuous/test/auto/SinuBouncingBall.xml
600 ms. Memory: 402944K Free: 128609K (32%)
----------------- Invoking toplevel() on ptolemy.moml.MoMLSimpleApplication@34c0b02c
----------------- Done invoking toplevel() on ptolemy.moml.MoMLSimpleApplication@34c0b02c
reloadAllAccessors: .SinuBouncingBall

===========================================================================================
----------------- testing Sun Sep 09 02:23:39 UTC 2018 /home/travis/build/icyphy/ptII/ptolemy/domains/continuous/test/auto/Sinusoid.xml
----------------- Instantiating /home/travis/build/icyphy/ptII/ptolemy/domains/continuous/test/auto/Sinusoid.xml
5 ms. Memory: 402944K Free: 121260K (30%)
----------------- Invoking toplevel() on ptolemy.moml.MoMLSimpleApplication@53d08010
----------------- Done invoking toplevel() on ptolemy.moml.MoMLSimpleApplication@53d08010
reloadAllAccessors: .Sinusoid

===========================================================================================
----------------- testing Sun Sep 09 02:23:39 UTC 2018 /home/travis/build/icyphy/ptII/ptolemy/domains/continuous/test/auto/SinusoidInNoise.xml
----------------- Instantiating /home/travis/build/icyphy/ptII/ptolemy/domains/continuous/test/auto/SinusoidInNoise.xml
984 ms. Memory: 390144K Free: 223611K (57%)
----------------- Invoking toplevel() on ptolemy.moml.MoMLSimpleApplication@747d8a9f
----------------- Done invoking toplevel() on ptolemy.moml.MoMLSimpleApplication@747d8a9f
reloadAllAccessors: .SinusoidInNoise

===========================================================================================
----------------- testing Sun Sep 09 02:23:40 UTC 2018 /home/travis/build/icyphy/ptII/ptolemy/domains/continuous/test/auto/SinusoidRK45.xml
----------------- Instantiating /home/travis/build/icyphy/ptII/ptolemy/domains/continuous/test/auto/SinusoidRK45.xml
2 ms. Memory: 390144K Free: 215371K (55%)
----------------- Invoking toplevel() on ptolemy.moml.MoMLSimpleApplication@3770b9da
----------------- Done invoking toplevel() on ptolemy.moml.MoMLSimpleApplication@3770b9da
reloadAllAccessors: .SinusoidRK45

===========================================================================================
----------------- testing Sun Sep 09 02:23:40 UTC 2018 /home/travis/build/icyphy/ptII/ptolemy/domains/continuous/test/auto/SinusoidWithMultipleImpulses.xml
----------------- Instantiating /home/travis/build/icyphy/ptII/ptolemy/domains/continuous/test/auto/SinusoidWithMultipleImpulses.xml
4 ms. Memory: 390144K Free: 208326K (53%)
----------------- Invoking toplevel() on ptolemy.moml.MoMLSimpleApplication@38b2ae32
----------------- Done invoking toplevel() on ptolemy.moml.MoMLSimpleApplication@38b2ae32
reloadAllAccessors: .SinusoidWithMultipleImpulses

===========================================================================================
----------------- testing Sun Sep 09 02:23:40 UTC 2018 /home/travis/build/icyphy/ptII/ptolemy/domains/continuous/test/auto/SquareWave.xml
----------------- Instantiating /home/travis/build/icyphy/ptII/ptolemy/domains/continuous/test/auto/SquareWave.xml
168 ms. Memory: 390144K Free: 174660K (45%)
----------------- Invoking toplevel() on ptolemy.moml.MoMLSimpleApplication@189583d1
----------------- Done invoking toplevel() on ptolemy.moml.MoMLSimpleApplication@189583d1
reloadAllAccessors: .SquareWave

===========================================================================================
----------------- testing Sun Sep 09 02:23:40 UTC 2018 /home/travis/build/icyphy/ptII/ptolemy/domains/continuous/test/auto/Starmac.xml
----------------- Instantiating /home/travis/build/icyphy/ptII/ptolemy/domains/continuous/test/auto/Starmac.xml
3094 ms. Memory: 453120K Free: 174227K (38%)
----------------- Invoking toplevel() on ptolemy.moml.MoMLSimpleApplication@59045e50
----------------- Done invoking toplevel() on ptolemy.moml.MoMLSimpleApplication@59045e50
reloadAllAccessors: .Starmac

===========================================================================================
----------------- testing Sun Sep 09 02:23:43 UTC 2018 /home/travis/build/icyphy/ptII/ptolemy/domains/continuous/test/auto/StaticUnits.xml
----------------- Instantiating /home/travis/build/icyphy/ptII/ptolemy/domains/continuous/test/auto/StaticUnits.xml
2929 ms. Memory: 502272K Free: 191828K (38%)
----------------- Invoking toplevel() on ptolemy.moml.MoMLSimpleApplication@2a45e430
----------------- Done invoking toplevel() on ptolemy.moml.MoMLSimpleApplication@2a45e430
reloadAllAccessors: .StaticUnits

===========================================================================================
----------------- testing Sun Sep 09 02:23:47 UTC 2018 /home/travis/build/icyphy/ptII/ptolemy/domains/continuous/test/auto/StickyMasses.xml
----------------- Instantiating /home/travis/build/icyphy/ptII/ptolemy/domains/continuous/test/auto/StickyMasses.xml
147 ms. Memory: 502272K Free: 133119K (27%)
----------------- Invoking toplevel() on ptolemy.moml.MoMLSimpleApplication@46fca8f3
----------------- Done invoking toplevel() on ptolemy.moml.MoMLSimpleApplication@46fca8f3
reloadAllAccessors: .StickyMasses

===========================================================================================
----------------- testing Sun Sep 09 02:23:47 UTC 2018 /home/travis/build/icyphy/ptII/ptolemy/domains/continuous/test/auto/StopTime.xml
----------------- Instantiating /home/travis/build/icyphy/ptII/ptolemy/domains/continuous/test/auto/StopTime.xml
48 ms. Memory: 502272K Free: 105604K (21%)
----------------- Invoking toplevel() on ptolemy.moml.MoMLSimpleApplication@5cb8c944
----------------- Done invoking toplevel() on ptolemy.moml.MoMLSimpleApplication@5cb8c944
reloadAllAccessors: .StopTime

===========================================================================================
----------------- testing Sun Sep 09 02:23:47 UTC 2018 /home/travis/build/icyphy/ptII/ptolemy/domains/continuous/test/auto/StopTime2.xml
----------------- Instantiating /home/travis/build/icyphy/ptII/ptolemy/domains/continuous/test/auto/StopTime2.xml
49 ms. Memory: 502272K Free: 80417K (16%)
----------------- Invoking toplevel() on ptolemy.moml.MoMLSimpleApplication@181eee51
----------------- Done invoking toplevel() on ptolemy.moml.MoMLSimpleApplication@181eee51
reloadAllAccessors: .StopTime2

===========================================================================================
----------------- testing Sun Sep 09 02:23:47 UTC 2018 /home/travis/build/icyphy/ptII/ptolemy/domains/continuous/test/auto/Switch.xml
----------------- Instantiating /home/travis/build/icyphy/ptII/ptolemy/domains/continuous/test/auto/Switch.xml
50 ms. Memory: 502272K Free: 52967K (11%)
----------------- Invoking toplevel() on ptolemy.moml.MoMLSimpleApplication@79115621
----------------- Done invoking toplevel() on ptolemy.moml.MoMLSimpleApplication@79115621
reloadAllAccessors: .Switch

===========================================================================================
----------------- testing Sun Sep 09 02:23:47 UTC 2018 /home/travis/build/icyphy/ptII/ptolemy/domains/continuous/test/auto/Thermostat.xml
----------------- Instantiating /home/travis/build/icyphy/ptII/ptolemy/domains/continuous/test/auto/Thermostat.xml
217 ms. Memory: 477184K Free: 393180K (82%)
----------------- Invoking toplevel() on ptolemy.moml.MoMLSimpleApplication@643bf40d
----------------- Done invoking toplevel() on ptolemy.moml.MoMLSimpleApplication@643bf40d
reloadAllAccessors: .Thermostat

===========================================================================================
----------------- testing Sun Sep 09 02:23:48 UTC 2018 /home/travis/build/icyphy/ptII/ptolemy/domains/continuous/test/auto/TimeDelay.xml
----------------- Instantiating /home/travis/build/icyphy/ptII/ptolemy/domains/continuous/test/auto/TimeDelay.xml
6 ms. Memory: 477184K Free: 383755K (80%)
----------------- Invoking toplevel() on ptolemy.moml.MoMLSimpleApplication@41a179ee
----------------- Done invoking toplevel() on ptolemy.moml.MoMLSimpleApplication@41a179ee
reloadAllAccessors: .TimeDelay

===========================================================================================
----------------- testing Sun Sep 09 02:23:48 UTC 2018 /home/travis/build/icyphy/ptII/ptolemy/domains/continuous/test/auto/TimeDelay2.xml
----------------- Instantiating /home/travis/build/icyphy/ptII/ptolemy/domains/continuous/test/auto/TimeDelay2.xml
11 ms. Memory: 477184K Free: 368790K (77%)
----------------- Invoking toplevel() on ptolemy.moml.MoMLSimpleApplication@24243b6e
----------------- Done invoking toplevel() on ptolemy.moml.MoMLSimpleApplication@24243b6e
reloadAllAccessors: .TimeDelay2

===========================================================================================
----------------- testing Sun Sep 09 02:23:48 UTC 2018 /home/travis/build/icyphy/ptII/ptolemy/domains/continuous/test/auto/TimeDelay3.xml
----------------- Instantiating /home/travis/build/icyphy/ptII/ptolemy/domains/continuous/test/auto/TimeDelay3.xml
7 ms. Memory: 477184K Free: 359426K (75%)
----------------- Invoking toplevel() on ptolemy.moml.MoMLSimpleApplication@48ca2766
----------------- Done invoking toplevel() on ptolemy.moml.MoMLSimpleApplication@48ca2766
reloadAllAccessors: .TimeDelay3

===========================================================================================
----------------- testing Sun Sep 09 02:23:48 UTC 2018 /home/travis/build/icyphy/ptII/ptolemy/domains/continuous/test/auto/TransferAbsentToInside.xml
----------------- Instantiating /home/travis/build/icyphy/ptII/ptolemy/domains/continuous/test/auto/TransferAbsentToInside.xml
31 ms. Memory: 477184K Free: 299297K (63%)
----------------- Invoking toplevel() on ptolemy.moml.MoMLSimpleApplication@2d2b0e1
----------------- Done invoking toplevel() on ptolemy.moml.MoMLSimpleApplication@2d2b0e1
reloadAllAccessors: .TransferAbsentToInside

===========================================================================================
----------------- testing Sun Sep 09 02:23:48 UTC 2018 /home/travis/build/icyphy/ptII/ptolemy/domains/continuous/test/auto/Transmission.xml
----------------- Instantiating /home/travis/build/icyphy/ptII/ptolemy/domains/continuous/test/auto/Transmission.xml
887 ms. Memory: 477184K Free: 61695K (13%)
----------------- Invoking toplevel() on ptolemy.moml.MoMLSimpleApplication@6fda7c02
----------------- Done invoking toplevel() on ptolemy.moml.MoMLSimpleApplication@6fda7c02
reloadAllAccessors: .Transmission

===========================================================================================
----------------- testing Sun Sep 09 02:23:49 UTC 2018 /home/travis/build/icyphy/ptII/ptolemy/domains/continuous/test/auto/TriggeredContinuousClock.xml
----------------- Instantiating /home/travis/build/icyphy/ptII/ptolemy/domains/continuous/test/auto/TriggeredContinuousClock.xml
48 ms. Memory: 457728K Free: 429861K (94%)
----------------- Invoking toplevel() on ptolemy.moml.MoMLSimpleApplication@694e00fb
----------------- Done invoking toplevel() on ptolemy.moml.MoMLSimpleApplication@694e00fb
reloadAllAccessors: .TriggeredContinuousClock

===========================================================================================
----------------- testing Sun Sep 09 02:23:49 UTC 2018 /home/travis/build/icyphy/ptII/ptolemy/domains/continuous/test/auto/TwoMachineInfiniteBusControl.xml
----------------- Instantiating /home/travis/build/icyphy/ptII/ptolemy/domains/continuous/test/auto/TwoMachineInfiniteBusControl.xml
2375 ms. Memory: 440320K Free: 255291K (58%)
----------------- Invoking toplevel() on ptolemy.moml.MoMLSimpleApplication@13f6c0ea
----------------- Done invoking toplevel() on ptolemy.moml.MoMLSimpleApplication@13f6c0ea
reloadAllAccessors: .TwoMachineInfiniteBusControl

===========================================================================================
----------------- testing Sun Sep 09 02:23:51 UTC 2018 /home/travis/build/icyphy/ptII/ptolemy/domains/continuous/test/auto/V2V.xml
----------------- Instantiating /home/travis/build/icyphy/ptII/ptolemy/domains/continuous/test/auto/V2V.xml
741 ms. Memory: 440320K Free: 54357K (12%)
----------------- Invoking toplevel() on ptolemy.moml.MoMLSimpleApplication@473e7337
----------------- Done invoking toplevel() on ptolemy.moml.MoMLSimpleApplication@473e7337
reloadAllAccessors: .V2V

===========================================================================================
----------------- testing Sun Sep 09 02:23:52 UTC 2018 /home/travis/build/icyphy/ptII/ptolemy/domains/continuous/test/auto/hierarchicalModalModel.xml
----------------- Instantiating /home/travis/build/icyphy/ptII/ptolemy/domains/continuous/test/auto/hierarchicalModalModel.xml
14 ms. Memory: 421376K Free: 398823K (95%)
----------------- Invoking toplevel() on ptolemy.moml.MoMLSimpleApplication@41644265
----------------- Done invoking toplevel() on ptolemy.moml.MoMLSimpleApplication@41644265
reloadAllAccessors: .hierarchicalModalModel

===========================================================================================
----------------- testing Sun Sep 09 02:23:52 UTC 2018 /home/travis/build/icyphy/ptII/ptolemy/domains/continuous/test/auto/hierarchicalModalModel1.xml
----------------- Instantiating /home/travis/build/icyphy/ptII/ptolemy/domains/continuous/test/auto/hierarchicalModalModel1.xml
9 ms. Memory: 421376K Free: 380297K (90%)
----------------- Invoking toplevel() on ptolemy.moml.MoMLSimpleApplication@298a2cd3
----------------- Done invoking toplevel() on ptolemy.moml.MoMLSimpleApplication@298a2cd3
reloadAllAccessors: .hierarchicalModalModel1

===========================================================================================
----------------- testing Sun Sep 09 02:23:52 UTC 2018 /home/travis/build/icyphy/ptII/ptolemy/domains/continuous/test/auto/hierarchicalModalModel2.xml
----------------- Instantiating /home/travis/build/icyphy/ptII/ptolemy/domains/continuous/test/auto/hierarchicalModalModel2.xml
15 ms. Memory: 421376K Free: 364632K (87%)
----------------- Invoking toplevel() on ptolemy.moml.MoMLSimpleApplication@25832dd7
----------------- Done invoking toplevel() on ptolemy.moml.MoMLSimpleApplication@25832dd7
reloadAllAccessors: .hierarchicalModalModel2

===========================================================================================
----------------- testing Sun Sep 09 02:23:52 UTC 2018 /home/travis/build/icyphy/ptII/ptolemy/domains/continuous/test/auto/hierarchicalModalModel3.xml
----------------- Instantiating /home/travis/build/icyphy/ptII/ptolemy/domains/continuous/test/auto/hierarchicalModalModel3.xml
7 ms. Memory: 421376K Free: 350841K (83%)
----------------- Invoking toplevel() on ptolemy.moml.MoMLSimpleApplication@556d1773
----------------- Done invoking toplevel() on ptolemy.moml.MoMLSimpleApplication@556d1773
reloadAllAccessors: .hierarchicalModalModel3

===========================================================================================
----------------- testing Sun Sep 09 02:23:52 UTC 2018 /home/travis/build/icyphy/ptII/ptolemy/domains/continuous/test/auto/hierarchicalModalModel4.xml
----------------- Instantiating /home/travis/build/icyphy/ptII/ptolemy/domains/continuous/test/auto/hierarchicalModalModel4.xml
6 ms. Memory: 421376K Free: 335178K (80%)
----------------- Invoking toplevel() on ptolemy.moml.MoMLSimpleApplication@2be9e5cb
----------------- Done invoking toplevel() on ptolemy.moml.MoMLSimpleApplication@2be9e5cb
reloadAllAccessors: .hierarchicalModalModel4

===========================================================================================
----------------- testing Sun Sep 09 02:23:52 UTC 2018 /home/travis/build/icyphy/ptII/ptolemy/domains/continuous/test/auto/junk.xml
----------------- Instantiating /home/travis/build/icyphy/ptII/ptolemy/domains/continuous/test/auto/junk.xml
177 ms. Memory: 421376K Free: 297614K (71%)
----------------- Invoking toplevel() on ptolemy.moml.MoMLSimpleApplication@5fb81b0d
----------------- Done invoking toplevel() on ptolemy.moml.MoMLSimpleApplication@5fb81b0d
reloadAllAccessors: .junk
AutoTests.java: About to close Vertx.
AutoTests.java: Vertx closed.
]]></system-out>
  <system-err><![CDATA[Warning: '.HysteresisWithRandomDelay.NonStrictTest' The test produced only 221 tokens, yet the correctValues parameter was expecting 222 tokens.
Warning: '.HysteresisWithRandomDelay.NonStrictTest2' The test produced only 220 tokens, yet the correctValues parameter was expecting 221 tokens.
Warning: '.HysteresisWithRandomDelay.NonStrictTest3' The test produced only 25 tokens, yet the correctValues parameter was expecting 30 tokens.
Warning: '.IncreasingRatePoisson.NonStrictTest' The test produced only 384 tokens, yet the correctValues parameter was expecting 402 tokens.
Warning: '.Poisson.NonStrictTest' The test produced only 415 tokens, yet the correctValues parameter was expecting 430 tokens.
]]></system-err>
</testsuite>
