<?xml version="1.0" encoding="UTF-8" ?>
<testsuite errors="0" failures="0" hostname="travis-job-c2325949-8b22-414d-8c89-c1a0f1d40a28" name="ptolemy.domains.de.test.junit.JUnitTclTest" skipped="0" tests="101" time="127.331" timestamp="2018-06-20T23:06:09">
  <properties>
    <property name="npm.executable" value="npm" />
    <property name="file.encoding.pkg" value="sun.io" />
    <property name="ptII.mk.exists" value="true" />
    <property name="env.rvm_bin_path" value="/home/travis/.rvm/bin" />
    <property name="java.home" value="/usr/lib/jvm/java-8-oracle/jre" />
    <property name="env.TRAVIS_JOB_NUMBER" value="623.9" />
    <property name="env.DISPLAY" value=":99.0" />
    <property name="java.net.preferIPv4Stack" value="true" />
    <property name="env.SSH_TTY" value="/dev/pts/0" />
    <property name="env.RUN_TESTS" value="true" />
    <property name="timeout.short" value="1000000" />
    <property name="env.TRAVIS_STACK_NODE_ATTRIBUTES" value="/.node-attributes.yml" />
    <property name="junit.formatter" value="xml" />
    <property name="java.endorsed.dirs" value="/usr/lib/jvm/java-8-oracle/jre/lib/endorsed" />
    <property name="env.TRAVIS_SUDO" value="true" />
    <property name="env.LOGNAME" value="travis" />
    <property name="jsdoc.home" value="node_modules/@terraswarm/jsdoc" />
    <property name="debuglevel" value="source,lines,vars" />
    <property name="checkstyle.formatter" value="xml" />
    <property name="bin.vergil.makeable" value="true" />
    <property name="env._system_version" value="14.04" />
    <property name="sun.os.patch.level" value="unknown" />
    <property name="java.vendor.url" value="http://java.oracle.com/" />
    <property name="java.version" value="1.8.0_151" />
    <property name="env.TZ" value="UTC" />
    <property name="env.PT_NO_NET" value="true" />
    <property name="env.TRAVIS_PULL_REQUEST_SHA" value="" />
    <property name="env.TRAVIS_SECURE_ENV_VARS" value="true" />
    <property name="env._system_type" value="Linux" />
    <property name="java.vendor.url.bug" value="http://bugreport.sun.com/bugreport/" />
    <property name="env.SSH_CLIENT" value="10.10.4.27 48152 22" />
    <property name="npmjs-org-is-up" value="true" />
    <property name="env.GEM_HOME" value="/home/travis/.rvm/gems/ruby-2.4.1" />
    <property name="env.HAS_ANTARES_THREE_LITTLE_FRONZIES_BADGE" value="true" />
    <property name="env.PS4" value="+" />
    <property name="ant.project.invoked-targets" value="build,test.core2.xml" />
    <property name="env.TRAVIS_PULL_REQUEST_BRANCH" value="" />
    <property name="env.TRAVIS_REPO_SLUG" value="icyphy/ptII" />
    <property name="node.in.path" value="true" />
    <property name="java.maxmemory" value="1400m" />
    <property name="env.RUBY_VERSION" value="ruby-2.4.1" />
    <property name="user.name" value="travis" />
    <property name="env.LANG" value="en_US.UTF-8" />
    <property name="sun.io.unicode.encoding" value="UnicodeLittle" />
    <property name="sun.jnu.encoding" value="UTF-8" />
    <property name="java.runtime.name" value="Java(TM) SE Runtime Environment" />
    <property name="usefile" value="false" />
    <property name="return.code" value="0" />
    <property name="junit.single.formatter" value="plain" />
    <property name="env.DYLD_LIBRARY_PATH" value="/home/travis/pthla/certi-tools/lib:" />
    <property name="env.DEBIAN_FRONTEND" value="noninteractive" />
    <property name="env.SSH_CONNECTION" value="10.10.4.27 48152 10.20.0.129 22" />
    <property name="env.MYSQL_UNIX_PORT" value="/var/run/mysqld/mysqld.sock" />
    <property name="env.TRAVIS_ALLOW_FAILURE" value="false" />
    <property name="env.LC_ALL" value="en_US.UTF-8" />
    <property name="java.specification.name" value="Java Platform API Specification" />
    <property name="node.works" value="true" />
    <property name="user.timezone" value="" />
    <property name="path.separator" value=":" />
    <property name="env.PYTHON_CFLAGS" value="-g -fstack-protector --param=ssp-buffer-size=4 -Wformat -Werror=format-security" />
    <property name="timeout.long" value="4000000" />
    <property name="env.CERTI_HOME" value="/home/travis/pthla/certi-tools" />
    <property name="file.encoding" value="UTF-8" />
    <property name="ant.file.ptII" value="/home/travis/build/icyphy/ptII/build.xml" />
    <property name="javadoc.packagenames" value="com.*,diva.*,lbnl.*,org.hlacerti.*,org.json.*,org.ptolemy.*,org.terraswarm.*,ptolemy.*,ptserver.*" />
    <property name="env.TRAVIS_PULL_REQUEST_SLUG" value="" />
    <property name="ant.project.default-target" value="build" />
    <property name="env.GIT_ASKPASS" value="echo" />
    <property name="env.HOME" value="/home/travis" />
    <property name="sun.java.command" value="org.apache.tools.ant.taskdefs.optional.junit.JUnitTestRunner ptolemy.domains.de.test.junit.JUnitTclTest skipNonTests=false filtertrace=true haltOnError=false haltOnFailure=false formatter=org.apache.tools.ant.taskdefs.optional.junit.OutErrSummaryJUnitResultFormatter showoutput=true outputtoformatters=true logfailedtests=true threadid=0 logtestlistenerevents=false formatter=org.apache.tools.ant.taskdefs.optional.junit.XMLJUnitResultFormatter,/home/travis/build/icyphy/ptII/reports/junit/TEST-ptolemy.domains.de.test.junit.JUnitTclTest.xml crashfile=/home/travis/build/icyphy/ptII/junitvmwatcher8871090411297228512.properties propsfile=/home/travis/build/icyphy/ptII/junit8725691771996865527.properties" />
    <property name="env.MANPATH" value="/home/travis/.nvm/versions/node/v7.10.1/share/man:/home/travis/.kiex/elixirs/elixir-1.4.5/man:/home/travis/.rvm/rubies/ruby-2.4.1/share/man:/usr/local/man:/usr/local/cmake-3.9.2/man:/usr/local/clang-5.0.0/share/man:/usr/local/share/man:/usr/share/man:/home/travis/.rvm/man" />
    <property name="env.COMPOSER_NO_INTERACTION" value="1" />
    <property name="env.JDK_SWITCHER_DEFAULT" value="oraclejdk8" />
    <property name="ant.file" value="/home/travis/build/icyphy/ptII/build.xml" />
    <property name="env.TRAVIS_COMMIT_RANGE" value="61517b739402...eb8bce35f002" />
    <property name="env._system_name" value="Ubuntu" />
    <property name="timeout" value="2400000" />
    <property name="ptII.classpath.optional.property" value="/home/travis/build/icyphy/ptII/lib/bsh-2.0b4.jar:/home/travis/build/icyphy/ptII/lib/ptCal.jar:/home/travis/build/icyphy/ptII/lib/java_cup.jar:/home/travis/build/icyphy/ptII/lib/saxon8.jar:/home/travis/build/icyphy/ptII/lib/saxon8-dom.jar:/home/travis/build/icyphy/ptII/lib/chic.jar:/home/travis/build/icyphy/ptII/lib/ptcolt.jar:/usr/lib/jvm/java-8-oracle/lib/tools.jar:/usr/lib/eclipse/plugins/org.eclipse.jdt.core_3.8.2.dist.jar:/usr/lib/eclipse/plugins/org.eclipse.core.runtime_3.8.0.dist.jar:/usr/lib/eclipse/plugins/org.eclipse.osgi_3.8.1.dist.jar:/usr/lib/eclipse/plugins/org.eclipse.core.resources_3.8.1.dist.jar:/usr/lib/eclipse/plugins/org.eclipse.equinox.common_3.6.100.dist.jar:/usr/lib/eclipse/plugins/org.eclipse.core.jobs_3.5.200.dist.jar:/usr/lib/eclipse/plugins/org.eclipse.core.contenttype_3.4.200.dist.jar:/usr/lib/eclipse/plugins/org.eclipse.equinox.preferences_3.5.0.dist.jar:/usr/lib/eclipse/plugins/org.eclipse.text_3.5.200.dist.jar:/usr/lib/eclipse/plugins/org.eclipse.ui.workbench_3.8.1.dist.jar:/usr/lib/eclipse/plugins/org.eclipse.jface_3.8.0.dist.jar:/usr/lib/eclipse/plugins/org.eclipse.swt_3.8.2.jar:/usr/lib/eclipse/plugins/org.eclipse.jface.text_3.8.1.dist.jar:/usr/lib/eclipse/plugins/org.eclipse.ui.workbench.texteditor_3.8.0.dist.jar:/usr/lib/eclipse/plugins/org.eclipse.ui.editors_3.8.0.dist.jar:/usr/lib/eclipse/plugins/org.eclipse.core.commands_3.6.1.dist.jar:/usr/lib/eclipse/plugins/org.eclipse.equinox.registry_3.5.200.dist.jar:/usr/lib/eclipse/plugins/org.eclipse.ui.console_3.5.100.dist.jar:/usr/lib/eclipse/plugins/org.eclipse.ui.forms_3.5.200.dist.jar:/usr/lib/eclipse/plugins/org.eclipse.ui.ide_3.8.1.dist.jar:/home/travis/build/icyphy/ptII/vendors/oracle/dbxml.jar:/home/travis/build/icyphy/ptII/vendors/oracle/db.jar:/home/travis/build/icyphy/ptII/vendors/misc/itext/iText.jar:/home/travis/build/icyphy/ptII/lib/g4ltl.jar:/home/travis/build/icyphy/ptII/lib/StructuralCoder.jar:/home/travis/build/icyphy/ptII/lib/org-openide-util.jar:/home/travis/build/icyphy/ptII/lib/org-openide-util-lookup.jar:/home/travis/build/icyphy/ptII/lib/org-netbeans-api-visual.jar:/home/travis/build/icyphy/ptII/vendors/jai-1_1_2_01/lib/jai_core.jar:/home/travis/build/icyphy/ptII/vendors/jai-1_1_2_01/lib/jai_codec.jar:/home/travis/build/icyphy/ptII/lib/jcerti.jar:/home/travis/build/icyphy/ptII/lib/smack.jar:/home/travis/build/icyphy/ptII/lib/smackx.jar:/home/travis/build/icyphy/ptII/lib/jetty-all-8.1.5-v20120716.jar:/home/travis/build/icyphy/ptII/lib/javax.servlet-api-3.0.1.jar:/home/travis/build/icyphy/ptII/lib/javax.mail.jar:/home/travis/build/icyphy/ptII/vendors/JMF-2.1.1e/lib/jmf.jar:/home/travis/build/icyphy/ptII/lib/jna-4.0.0-variadic.jar:/home/travis/build/icyphy/ptII/vendors/misc/joystick/Joystick.jar:/home/travis/build/icyphy/ptII/lib/ptjacl.jar:/home/travis/build/icyphy/ptII/lib/jsoup-1.8.2.jar:/home/travis/build/icyphy/ptII/lib/junit-4.8.2.jar:/home/travis/build/icyphy/ptII/lib/JUnitParams-0.4.0.jar:/home/travis/build/icyphy/ptII/ptolemy/actor/lib/excel/jxl.jar:/home/travis/build/icyphy/ptII/lib/jython.jar:/home/travis/build/icyphy/ptII/lib/kieler.jar:/home/travis/build/icyphy/ptII/vendors/opencv/share/OpenCV/java/opencv-341.jar:/home/travis/build/icyphy/ptII/lib/oscP5.jar:/home/travis/build/icyphy/ptII/lib/nrjavaserial-3.11.0.devel.jar:/home/travis/build/icyphy/ptII/vendors/j3d/lib/j3dcore.jar:/home/travis/build/icyphy/ptII/vendors/j3d/lib/j3dutils.jar:/home/travis/build/icyphy/ptII/vendors/j3d/lib/vecmath.jar:/home/travis/build/icyphy/ptII/ptolemy/distributed/jini/jar/jini-core.jar:/home/travis/build/icyphy/ptII/ptolemy/distributed/jini/jar/jini-ext.jar:/home/travis/build/icyphy/ptII/ptolemy/distributed/jini/jar/sun-util.jar:/home/travis/build/icyphy/ptII/lib/protobuf-java-2.4.1.jar:/home/travis/build/icyphy/ptII/lib/org.eclipse.paho.client.mqttv3.jar:/home/travis/build/icyphy/ptII/ptserver/lib/hessian-4.0.7.jar:/home/travis/build/icyphy/ptII/ptserver/lib/wmqtt.jar:/home/travis/build/icyphy/ptII/lib/mapss.jar:/home/travis/build/icyphy/ptII/ptolemy/actor/ptalon/antlr/antlr.jar:/home/travis/build/icyphy/ptII/lib/JRI.jar:/home/travis/build/icyphy/ptII/lib/commons-lang-2.6.jar:/home/travis/build/icyphy/ptII/lib/commons-logging-1.1.1.jar:/home/travis/build/icyphy/ptII/lib/sootclasses.jar:/home/travis/build/icyphy/ptII/ptolemy/actor/lib/database/mysql-connector-java-5.1.6-bin.jar:/home/travis/build/icyphy/ptII/vendors/misc/sphinx4/sphinx4-data-5prealpha.jar:/home/travis/build/icyphy/ptII/vendors/misc/sphinx4/sphinx4-core-5prealpha.jar:/home/travis/build/icyphy/ptII/lib/PDFRenderer.jar:/home/travis/build/icyphy/ptII/lib/svgSalamander.jar:/home/travis/build/icyphy/ptII/lib/rsyntaxtextarea-2.6.0-SNAPSHOT.jar:/home/travis/build/icyphy/ptII/lib/hazelcast-3.8.2.jar:/home/travis/build/icyphy/ptII/lib/jackson-annotations-2.9.0.jar:/home/travis/build/icyphy/ptII/lib/jackson-core-2.9.3.jar:/home/travis/build/icyphy/ptII/lib/jackson-databind-2.9.3.jar:/home/travis/build/icyphy/ptII/lib/netty-buffer-4.1.19.Final.jar:/home/travis/build/icyphy/ptII/lib/netty-codec-4.1.19.Final.jar:/home/travis/build/icyphy/ptII/lib/netty-codec-dns-4.1.19.Final.jar:/home/travis/build/icyphy/ptII/lib/netty-codec-http-4.1.19.Final.jar:/home/travis/build/icyphy/ptII/lib/netty-codec-http2-4.1.19.Final.jar:/home/travis/build/icyphy/ptII/lib/netty-common-4.1.19.Final.jar:/home/travis/build/icyphy/ptII/lib/netty-handler-4.1.19.Final.jar:/home/travis/build/icyphy/ptII/lib/netty-resolver-4.1.19.Final.jar:/home/travis/build/icyphy/ptII/lib/netty-resolver-dns-4.1.19.Final.jar:/home/travis/build/icyphy/ptII/lib/netty-transport-4.1.19.Final.jar:/home/travis/build/icyphy/ptII/lib/vertx-codegen-3.5.1.jar:/home/travis/build/icyphy/ptII/lib/vertx-core-3.5.2-SNAPSHOT.jar:/home/travis/build/icyphy/ptII/lib/vertx-hazelcast-3.5.1.jar:/home/travis/build/icyphy/ptII/lib/vertx-lang-js-3.5.1.jar:/home/travis/build/icyphy/ptII/lib/vertx-service-proxy-3.5.1.jar:/home/travis/build/icyphy/ptII/lib/vertx-web-3.5.1.jar:/home/travis/build/icyphy/ptII/lib/slf4j-api-1.7.13.jar:/home/travis/build/icyphy/ptII/lib/slf4j-simple-1.7.13.jar:/home/travis/build/icyphy/ptII/lib/webcam-capture-0.3.12.jar:/home/travis/build/icyphy/ptII/lib/bridj-0.7.0.jar:/home/travis/build/icyphy/ptII/lib/xbjlib-1.1.0.nrjavaserial.jar" />
    <property name="test.batch" value="**/junit/*.java" />
    <property name="env._" value="/usr/bin/timeout" />
    <property name="java.io.tmpdir" value="/tmp" />
    <property name="user.language" value="en" />
    <property name="env.HISTCONTROL" value="ignoredups:ignorespace" />
    <property name="env.GOROOT" value="/home/travis/.gimme/versions/go1.7.4.linux.amd64" />
    <property name="line.separator" value="&#xa;" />
    <property name="target" value="1.8" />
    <property name="env.TRAVIS_BUILD_DIR" value="/home/travis/build/icyphy/ptII" />
    <property name="env.ANT_OPTS" value="-Xmx2048m" />
    <property name="ant.file.type" value="file" />
    <property name="ptolemy.ptII.batchMode" value="true" />
    <property name="env.HISTSIZE" value="1000" />
    <property name="env.MERB_ENV" value="test" />
    <property name="java.vm.info" value="mixed mode" />
    <property name="source" value="1.8" />
    <property name="java.vm.specification.name" value="Java Virtual Machine Specification" />
    <property name="env.TRAVIS_TEST_RESULT" value="0" />
    <property name="jsdoc.command" value="node_modules/@terraswarm/jsdoc/jsdoc.js" />
    <property name="npm.works" value="true" />
    <property name="cobertura.dir" value="/home/travis/build/icyphy/ptII/vendors/cobertura-2.0.3" />
    <property name="env.rvm_path" value="/home/travis/.rvm" />
    <property name="env.GEM_PATH" value="/home/travis/.rvm/gems/ruby-2.4.1:/home/travis/.rvm/gems/ruby-2.4.1@global" />
    <property name="env.LC_CTYPE" value="en_US.UTF-8" />
    <property name="java.awt.printerjob" value="sun.print.PSPrinterJob" />
    <property name="env.TRAVIS_STACK_NAME" value="garnet" />
    <property name="ant.version" value="Apache Ant(TM) version 1.10.1 compiled on February 2 2017" />
    <property name="ptII.reports" value="/home/travis/build/icyphy/ptII/reports" />
    <property name="env.TRAVIS_STACK_TIMESTAMP" value="2017-12-05 19:33:09 UTC" />
    <property name="ant.file.type.ptII" value="file" />
    <property name="env.RBENV_SHELL" value="bash" />
    <property name="os.name" value="Linux" />
    <property name="java.specification.vendor" value="Oracle Corporation" />
    <property name="env.rvm_version" value="1.29.3 (latest)" />
    <property name="env.TERM" value="xterm" />
    <property name="java.vm.name" value="Java HotSpot(TM) 64-Bit Server VM" />
    <property name="env.TRAVIS_BUILD_NUMBER" value="623" />
    <property name="env.CI" value="true" />
    <property name="java.library.path" value="/home/travis/pthla/certi-tools/lib:/usr/lib/jni:/usr/local/share/OpenCV/java/:/usr/share/OpenCV/java::/usr/java/packages/lib/amd64:/usr/lib64:/lib64:/lib:/usr/lib" />
    <property name="env.rvm_prefix" value="/home/travis" />
    <property name="env.PATH" value="/home/travis/pthla/certi-tools/share/scripts:/home/travis/.rvm/gems/ruby-2.4.1/bin:/home/travis/.rvm/gems/ruby-2.4.1@global/bin:/home/travis/.rvm/rubies/ruby-2.4.1/bin:/home/travis/.rvm/bin:/home/travis/.nvm/versions/node/v7.10.1/bin:./node_modules/.bin:/home/travis/build/icyphy/ptII/bin:/home/travis/pthla/certi-tools/bin:/home/travis/bin:/home/travis/.local/bin:/opt/pyenv/shims:/home/travis/.phpenv/shims:/home/travis/perl5/perlbrew/bin:/home/travis/.kiex/elixirs/elixir-1.4.5/bin:/home/travis/.kiex/bin:/home/travis/gopath/bin:/home/travis/.gimme/versions/go1.7.4.linux.amd64/bin:/usr/local/phantomjs/bin:/usr/local/phantomjs:/usr/local/neo4j-3.2.7/bin:/usr/local/maven-3.5.2/bin:/usr/local/cmake-3.9.2/bin:/usr/local/clang-5.0.0/bin:/usr/local/sbin:/usr/local/bin:/usr/sbin:/usr/bin:/sbin:/bin:/home/travis/.phpenv/bin:/opt/pyenv/bin:/home/travis/.yarn/bin" />
    <property name="env.TRAVIS_OS_NAME" value="linux" />
    <property name="ant.java.version" value="1.8" />
    <property name="basedir" value="/home/travis/build/icyphy/ptII" />
    <property name="java.class.version" value="52.0" />
    <property name="env.SHLVL" value="3" />
    <property name="env.LD_LIBRARY_PATH" value="/home/travis/pthla/certi-tools/lib:/usr/lib/jni:/usr/local/share/OpenCV/java/:/usr/share/OpenCV/java:" />
    <property name="env.RACK_ENV" value="test" />
    <property name="ant.home" value="/home/travis/build/icyphy/ptII/ant" />
    <property name="env.NVM_DIR" value="/home/travis/.nvm" />
    <property name="env.PERLBREW_BASHRC_VERSION" value="0.80" />
    <property name="env.CERTI_FOM_PATH" value="/home/travis/pthla/certi-tools/share/federations" />
    <property name="env.TRAVIS_BUILD_ID" value="394779474" />
    <property name="env.PYENV_ROOT" value="/opt/pyenv" />
    <property name="env.TRAVIS_UID" value="2000" />
    <property name="env.rvm_pretty_print_flag" value="auto" />
    <property name="env.NVM_BIN" value="/home/travis/.nvm/versions/node/v7.10.1/bin" />
    <property name="env.TRAVIS_COMMIT" value="eb8bce35f002558a371533bbbe9cddaf9cff2be5" />
    <property name="env._system_arch" value="x86_64" />
    <property name="node.executable" value="node" />
    <property name="sun.boot.library.path" value="/usr/lib/jvm/java-8-oracle/jre/lib/amd64" />
    <property name="sun.management.compiler" value="HotSpot 64-Bit Tiered Compilers" />
    <property name="env.GOPATH" value="/home/travis/gopath" />
    <property name="java.awt.graphicsenv" value="sun.awt.X11GraphicsEnvironment" />
    <property name="ptolemy.ptII.dir" value="/home/travis/build/icyphy/ptII" />
    <property name="env.USER" value="travis" />
    <property name="env.HISTFILESIZE" value="2000" />
    <property name="timeout.longest" value="19000000" />
    <property name="env.TRAVIS_STACK_FEATURES" value="basic cassandra chromium couchdb disabled-ipv6 docker docker-compose elasticsearch firefox go-toolchain google-chrome jdk memcached mongodb mysql neo4j nodejs_interpreter perl_interpreter perlbrew phantomjs postgresql python_interpreter rabbitmq redis riak ruby_interpreter sqlite xserver" />
    <property name="env.TRAVIS_PULL_REQUEST" value="false" />
    <property name="env.PYENV_SHELL" value="bash" />
    <property name="ant.project.name" value="ptII" />
    <property name="java.vm.specification.version" value="1.8" />
    <property name="env.CERTI_VERSION" value="4.0.0" />
    <property name="env.NLSPATH" value="/usr/dt/lib/nls/msg/%L/%N.cat" />
    <property name="awt.toolkit" value="sun.awt.X11.XToolkit" />
    <property name="env.CERTI_HOST" value="localhost" />
    <property name="env.MY_RUBY_HOME" value="/home/travis/.rvm/rubies/ruby-2.4.1" />
    <property name="sun.cpu.isalist" value="" />
    <property name="java.ext.dirs" value="/usr/lib/jvm/java-8-oracle/jre/lib/ext:/usr/java/packages/lib/ext" />
    <property name="os.version" value="4.4.0-101-generic" />
    <property name="user.home" value="/home/travis" />
    <property name="env.MIX_ARCHIVES" value="/home/travis/.kiex/mix/elixir-1.4.5" />
    <property name="java.vm.vendor" value="Oracle Corporation" />
    <property name="env.TRAVIS_TAG" value="nightly" />
    <property name="env.TRAVIS_FILTERED" value="redirect_io" />
    <property name="javadoc.excludepackagenames" value="adm.cvs2svn.*,build.*,config.*,doc.coding.templates.*,jni.test.jni.meaningOfLife.*,jni.test.jni.testDeux.*,jni.test.jni.testTrois.*,org.terraswarm.accessor.accessors.web.node_modules.*,org.terraswarm.accessor.accessors.web.hosts.cordova.demo.*,org.terraswarm.accessor.accessors.web.hosts.cordova.plugins.*,org.terraswarm.accessor.accessors-svn.*,pt-modules.*,ptolemy.apps.agilent.*,ptolemy.apps.anytimecontrol.*,ptolemy.apps.apes.*,ptolemy.apps.charon.*,ptolemy.apps.crazyboard.*,ptolemy.apps.eclipse.*,ptolemy.apps.etherealSting.*,ptolemy.apps.fullscreen.*,ptolemy.apps.giotto.*,ptolemy.apps.ia.*,ptolemy.apps.interfaces.*,ptolemy.apps.jmf.*,ptolemy.apps.kurt.*,ptolemy.apps.kvm.*,ptolemy.apps.lego.*,ptolemy.apps.lejos.*,ptolemy.apps.midp.*,ptolemy.apps.mobileCoding.*,ptolemy.apps.pendulum.*,ptolemy.apps.rijndael.*,ptolemy.apps.robot.*,ptolemy.apps.security.*,ptolemy.apps.sobel.*,ptolemy.apps.soot.*,ptolemy.apps.throttle.*,ptolemy.apps.tini.*,ptolemy.apps.transmission.*,ptolemy.apps.vergil.*,ptolemy.apps.waba.*,ptolemy.apps.websensor.*,ptolemy.apps.webstart.*,ptolemy.apps.xsl.*,ptolemy.apps.zaurus.*,ptolemy.backtrack.eclipse.plugin.*,ptolemy.backtrack.test.*,ptolemy.codegen.c.actor.lib.oldJavaFiles.*,ptolemy.codegen.dsp.lib.*,ptolemy.codegen.kernel.newInterfaces.*,ptolemy.codegen.lib.*,ptolemy.copernicus.kernel.fragment.*,ptolemy.copernicus.shallow.cg.*,ptolemy.domains.giotto.demo.Hierarchy.Hierarchy.*,ptolemy.domains.giotto.demo.Multimode.Multimode.*,ptolemy.domains.giotto.demo.Simple.Simple.*,ptolemy.domains.gr.lib.experimental.*,ptolemy.domains.gro.*,ptolemy.domains.pdf.*,ptolemy.domains.ptinyos.demo.Surge.output.*,ptolemy.moml.test.NoPackageActor.java*,ptolemy.plot.adm.*,ptolemy.plot.servlet.*,reports.*,signed.*,src.*,target.*,vendors.*,ptolemy.cg.adapter.generic.program.procedural.c.mbed*,ptolemy.actor.lib.fmi.fmus.omc*,ptolemy.domains.openmodelica*,ptdb.kernel.bl.save.test.*,ptdb.kernel.bl.load.test.*,ptdb.kernel.bl.search.test.*,ptdb.kernel.bl.migration.test.*,ptdb.kernel.database.test.*,ptdb.test.*,ptdb.gui.test.*,org.ptolemy.scala.*,diva.util.java2d.svg.*,ptolemy.domains.ptinyos.*,ptolemy.actor.lib.fmi.fmipp.*,,org.terraswarm.accessor.accessors.web.node_modules.*,org.terraswarm.accessor.accessors-svn,ptolemy.apps.*,ptolemy.actor.ptalon.demo.ptinyos.SendAndReceiveCnt.output,ptolemy.actor.ptalon.demo.ptinyos.SenseToLeds.output,ptolemy.domains.ptinyos.demo.CntToLedsAndRfm.output,ptolemy.domains.ptinyos.demo.RfmToLeds.output,ptolemy.domains.ptinyos.demo.SendAndReceiveCnt.output,ptolemy.domains.ptinyos.demo.SenseToLeds.output,ptolemy.actor.lib.jjs.modules.udpSocket.*" />
    <property name="env.JAVA_HOME" value="/usr/lib/jvm/java-8-oracle" />
    <property name="env.PTII" value="/home/travis/build/icyphy/ptII" />
    <property name="env.TRAVIS_COMMIT_MESSAGE" value="Updated for 11.1.devel" />
    <property name="keystore" value="ptKeystore" />
    <property name="env.XDG_SESSION_ID" value="2" />
    <property name="junit.output.dir" value="/home/travis/build/icyphy/ptII/reports/junit" />
    <property name="npm.return.code" value="0" />
    <property name="user.dir" value="/home/travis/build/icyphy/ptII/ptolemy/domains/de/test" />
    <property name="env.TRAVIS_NODE_VERSION" value="7" />
    <property name="env.XFILESEARCHPATH" value="/usr/dt/app-defaults/%L/Dt" />
    <property name="env.TRAVIS_EVENT_TYPE" value="push" />
    <property name="env.MAIL" value="/var/mail/travis" />
    <property name="env.PWD" value="/home/travis/build/icyphy/ptII" />
    <property name="env.PERLBREW_ROOT" value="/home/travis/perl5/perlbrew" />
    <property name="timeout.npm" value="45000" />
    <property name="env.PT_TRAVIS_TEST_CORE2_XML" value="true" />
    <property name="env.PAGER" value="cat" />
    <property name="sun.cpu.endian" value="little" />
    <property name="env.TRAVIS_BUILD_STAGE_NAME" value="Test" />
    <property name="env.PERLBREW_HOME" value="/home/travis/.perlbrew" />
    <property name="env.RAILS_ENV" value="test" />
    <property name="java.vm.version" value="25.151-b12" />
    <property name="java.class.path" value="/home/travis/build/icyphy/ptII:/home/travis/build/icyphy/ptII/lib/bsh-2.0b4.jar:/home/travis/build/icyphy/ptII/lib/ptCal.jar:/home/travis/build/icyphy/ptII/lib/java_cup.jar:/home/travis/build/icyphy/ptII/lib/saxon8.jar:/home/travis/build/icyphy/ptII/lib/saxon8-dom.jar:/home/travis/build/icyphy/ptII/lib/chic.jar:/home/travis/build/icyphy/ptII/lib/ptcolt.jar:/usr/lib/jvm/java-8-oracle/lib/tools.jar:/usr/lib/eclipse/plugins/org.eclipse.jdt.core_3.8.2.dist.jar:/usr/lib/eclipse/plugins/org.eclipse.core.runtime_3.8.0.dist.jar:/usr/lib/eclipse/plugins/org.eclipse.osgi_3.8.1.dist.jar:/usr/lib/eclipse/plugins/org.eclipse.core.resources_3.8.1.dist.jar:/usr/lib/eclipse/plugins/org.eclipse.equinox.common_3.6.100.dist.jar:/usr/lib/eclipse/plugins/org.eclipse.core.jobs_3.5.200.dist.jar:/usr/lib/eclipse/plugins/org.eclipse.core.contenttype_3.4.200.dist.jar:/usr/lib/eclipse/plugins/org.eclipse.equinox.preferences_3.5.0.dist.jar:/usr/lib/eclipse/plugins/org.eclipse.text_3.5.200.dist.jar:/usr/lib/eclipse/plugins/org.eclipse.ui.workbench_3.8.1.dist.jar:/usr/lib/eclipse/plugins/org.eclipse.jface_3.8.0.dist.jar:/usr/lib/eclipse/plugins/org.eclipse.swt_3.8.2.jar:/usr/lib/eclipse/plugins/org.eclipse.jface.text_3.8.1.dist.jar:/usr/lib/eclipse/plugins/org.eclipse.ui.workbench.texteditor_3.8.0.dist.jar:/usr/lib/eclipse/plugins/org.eclipse.ui.editors_3.8.0.dist.jar:/usr/lib/eclipse/plugins/org.eclipse.core.commands_3.6.1.dist.jar:/usr/lib/eclipse/plugins/org.eclipse.equinox.registry_3.5.200.dist.jar:/usr/lib/eclipse/plugins/org.eclipse.ui.console_3.5.100.dist.jar:/usr/lib/eclipse/plugins/org.eclipse.ui.forms_3.5.200.dist.jar:/usr/lib/eclipse/plugins/org.eclipse.ui.ide_3.8.1.dist.jar:/home/travis/build/icyphy/ptII/vendors/oracle/dbxml.jar:/home/travis/build/icyphy/ptII/vendors/oracle/db.jar:/home/travis/build/icyphy/ptII/vendors/misc/itext/iText.jar:/home/travis/build/icyphy/ptII/lib/g4ltl.jar:/home/travis/build/icyphy/ptII/lib/StructuralCoder.jar:/home/travis/build/icyphy/ptII/lib/org-openide-util.jar:/home/travis/build/icyphy/ptII/lib/org-openide-util-lookup.jar:/home/travis/build/icyphy/ptII/lib/org-netbeans-api-visual.jar:/home/travis/build/icyphy/ptII/vendors/jai-1_1_2_01/lib/jai_core.jar:/home/travis/build/icyphy/ptII/vendors/jai-1_1_2_01/lib/jai_codec.jar:/home/travis/build/icyphy/ptII/lib/jcerti.jar:/home/travis/build/icyphy/ptII/lib/smack.jar:/home/travis/build/icyphy/ptII/lib/smackx.jar:/home/travis/build/icyphy/ptII/lib/jetty-all-8.1.5-v20120716.jar:/home/travis/build/icyphy/ptII/lib/javax.servlet-api-3.0.1.jar:/home/travis/build/icyphy/ptII/lib/javax.mail.jar:/home/travis/build/icyphy/ptII/vendors/JMF-2.1.1e/lib/jmf.jar:/home/travis/build/icyphy/ptII/lib/jna-4.0.0-variadic.jar:/home/travis/build/icyphy/ptII/vendors/misc/joystick/Joystick.jar:/home/travis/build/icyphy/ptII/lib/ptjacl.jar:/home/travis/build/icyphy/ptII/lib/jsoup-1.8.2.jar:/home/travis/build/icyphy/ptII/lib/junit-4.8.2.jar:/home/travis/build/icyphy/ptII/lib/JUnitParams-0.4.0.jar:/home/travis/build/icyphy/ptII/ptolemy/actor/lib/excel/jxl.jar:/home/travis/build/icyphy/ptII/lib/jython.jar:/home/travis/build/icyphy/ptII/lib/kieler.jar:/home/travis/build/icyphy/ptII/vendors/opencv/share/OpenCV/java/opencv-341.jar:/home/travis/build/icyphy/ptII/lib/oscP5.jar:/home/travis/build/icyphy/ptII/lib/nrjavaserial-3.11.0.devel.jar:/home/travis/build/icyphy/ptII/vendors/j3d/lib/j3dcore.jar:/home/travis/build/icyphy/ptII/vendors/j3d/lib/j3dutils.jar:/home/travis/build/icyphy/ptII/vendors/j3d/lib/vecmath.jar:/home/travis/build/icyphy/ptII/ptolemy/distributed/jini/jar/jini-core.jar:/home/travis/build/icyphy/ptII/ptolemy/distributed/jini/jar/jini-ext.jar:/home/travis/build/icyphy/ptII/ptolemy/distributed/jini/jar/sun-util.jar:/home/travis/build/icyphy/ptII/lib/protobuf-java-2.4.1.jar:/home/travis/build/icyphy/ptII/lib/org.eclipse.paho.client.mqttv3.jar:/home/travis/build/icyphy/ptII/ptserver/lib/hessian-4.0.7.jar:/home/travis/build/icyphy/ptII/ptserver/lib/wmqtt.jar:/home/travis/build/icyphy/ptII/lib/mapss.jar:/home/travis/build/icyphy/ptII/ptolemy/actor/ptalon/antlr/antlr.jar:/home/travis/build/icyphy/ptII/lib/JRI.jar:/home/travis/build/icyphy/ptII/lib/commons-lang-2.6.jar:/home/travis/build/icyphy/ptII/lib/commons-logging-1.1.1.jar:/home/travis/build/icyphy/ptII/lib/sootclasses.jar:/home/travis/build/icyphy/ptII/ptolemy/actor/lib/database/mysql-connector-java-5.1.6-bin.jar:/home/travis/build/icyphy/ptII/vendors/misc/sphinx4/sphinx4-data-5prealpha.jar:/home/travis/build/icyphy/ptII/vendors/misc/sphinx4/sphinx4-core-5prealpha.jar:/home/travis/build/icyphy/ptII/lib/PDFRenderer.jar:/home/travis/build/icyphy/ptII/lib/svgSalamander.jar:/home/travis/build/icyphy/ptII/lib/rsyntaxtextarea-2.6.0-SNAPSHOT.jar:/home/travis/build/icyphy/ptII/lib/hazelcast-3.8.2.jar:/home/travis/build/icyphy/ptII/lib/jackson-annotations-2.9.0.jar:/home/travis/build/icyphy/ptII/lib/jackson-core-2.9.3.jar:/home/travis/build/icyphy/ptII/lib/jackson-databind-2.9.3.jar:/home/travis/build/icyphy/ptII/lib/netty-buffer-4.1.19.Final.jar:/home/travis/build/icyphy/ptII/lib/netty-codec-4.1.19.Final.jar:/home/travis/build/icyphy/ptII/lib/netty-codec-dns-4.1.19.Final.jar:/home/travis/build/icyphy/ptII/lib/netty-codec-http-4.1.19.Final.jar:/home/travis/build/icyphy/ptII/lib/netty-codec-http2-4.1.19.Final.jar:/home/travis/build/icyphy/ptII/lib/netty-common-4.1.19.Final.jar:/home/travis/build/icyphy/ptII/lib/netty-handler-4.1.19.Final.jar:/home/travis/build/icyphy/ptII/lib/netty-resolver-4.1.19.Final.jar:/home/travis/build/icyphy/ptII/lib/netty-resolver-dns-4.1.19.Final.jar:/home/travis/build/icyphy/ptII/lib/netty-transport-4.1.19.Final.jar:/home/travis/build/icyphy/ptII/lib/vertx-codegen-3.5.1.jar:/home/travis/build/icyphy/ptII/lib/vertx-core-3.5.2-SNAPSHOT.jar:/home/travis/build/icyphy/ptII/lib/vertx-hazelcast-3.5.1.jar:/home/travis/build/icyphy/ptII/lib/vertx-lang-js-3.5.1.jar:/home/travis/build/icyphy/ptII/lib/vertx-service-proxy-3.5.1.jar:/home/travis/build/icyphy/ptII/lib/vertx-web-3.5.1.jar:/home/travis/build/icyphy/ptII/lib/slf4j-api-1.7.13.jar:/home/travis/build/icyphy/ptII/lib/slf4j-simple-1.7.13.jar:/home/travis/build/icyphy/ptII/lib/webcam-capture-0.3.12.jar:/home/travis/build/icyphy/ptII/lib/bridj-0.7.0.jar:/home/travis/build/icyphy/ptII/lib/xbjlib-1.1.0.nrjavaserial.jar:/home/travis/build/icyphy/ptII/ptolemy/moml/test:/home/travis/build/icyphy/ptII/ant/lib/ant-launcher.jar:/home/travis/build/icyphy/ptII/ant/lib/ant.jar:/home/travis/build/icyphy/ptII/ant/lib/ant-junit.jar:/home/travis/build/icyphy/ptII/ant/lib/ant-junit4.jar" />
    <property name="ant.library.dir" value="/home/travis/build/icyphy/ptII/ant/lib" />
    <property name="os.arch" value="amd64" />
    <property name="env.TRAVIS_LANGUAGE" value="node_js" />
    <property name="env.CONTINUOUS_INTEGRATION" value="true" />
    <property name="env.TRAVIS_STACK_LANGUAGES" value="__garnet__ c c++ clojure cplusplus cpp default go groovy java node_js php pure_java python ruby scala" />
    <property name="test.name" value="ptolemy.actor.lib.test.junit.JUnitTclTest" />
    <property name="sun.java.launcher" value="SUN_STANDARD" />
    <property name="env.PYTHON_CONFIGURE_OPTS" value="--enable-unicode=ucs4 --with-wide-unicode --enable-shared --enable-ipv6 --enable-loadable-sqlite-extensions --with-computed-gotos" />
    <property name="ant.core.lib" value="/home/travis/build/icyphy/ptII/ant/lib/ant.jar" />
    <property name="java.vm.specification.vendor" value="Oracle Corporation" />
    <property name="env.BCVTB_HOME" value="/home/travis/build/icyphy/ptII/lbnl" />
    <property name="file.separator" value="/" />
    <property name="java.runtime.version" value="1.8.0_151-b12" />
    <property name="spotbugs.home" value="/home/travis/build/icyphy/ptII/vendors/spotbugs-3.1.1" />
    <property name="sun.boot.class.path" value="/usr/lib/jvm/java-8-oracle/jre/lib/resources.jar:/usr/lib/jvm/java-8-oracle/jre/lib/rt.jar:/usr/lib/jvm/java-8-oracle/jre/lib/sunrsasign.jar:/usr/lib/jvm/java-8-oracle/jre/lib/jsse.jar:/usr/lib/jvm/java-8-oracle/jre/lib/jce.jar:/usr/lib/jvm/java-8-oracle/jre/lib/charsets.jar:/usr/lib/jvm/java-8-oracle/jre/lib/jfr.jar:/usr/lib/jvm/java-8-oracle/jre/classes" />
    <property name="env.HAS_JOSH_K_SEAL_OF_APPROVAL" value="true" />
    <property name="env.TRAVIS_OSX_IMAGE" value="" />
    <property name="env.XDG_RUNTIME_DIR" value="/run/user/2000" />
    <property name="env.TRAVIS_BRANCH" value="master" />
    <property name="env.TRAVIS_JOB_ID" value="394779483" />
    <property name="env.CERTI_HOME_TRAVIS" value="/home/travis/pthla/certi-tools" />
    <property name="user.country" value="US" />
    <property name="env.SHELL" value="/bin/bash" />
    <property name="java.maxmemory.large" value="5000m" />
    <property name="model" value="" />
    <property name="env.CASHER_DIR" value="/home/travis/.casher" />
    <property name="env.NVM_CD_FLAGS" value="" />
    <property name="jshint.executable" value="/home/travis/node_modules/jshint/bin/jshint" />
    <property name="java.vendor" value="Oracle Corporation" />
    <property name="env.JRUBY_OPTS" value=" --client -J-XX:+TieredCompilation -J-XX:TieredStopAtLevel=1 -J-Xss2m -Xcompile.invokedynamic=false" />
    <property name="env.TRAVIS_PRE_CHEF_BOOTSTRAP_TIME" value="2017-12-05T19:32:55" />
    <property name="env.TRAVIS_STACK_JOB_BOARD_REGISTER" value="/.job-board-register.yml" />
    <property name="env.ELIXIR_VERSION" value="1.4.5" />
    <property name="java.specification.version" value="1.8" />
    <property name="env.IRBRC" value="/home/travis/.rvm/rubies/ruby-2.4.1/.irbrc" />
    <property name="env.TRAVIS" value="true" />
    <property name="sun.arch.data.model" value="64" />
  </properties>
  <testcase classname="ptolemy.util.test.junit.TclTests" name="[0] /home/travis/build/icyphy/ptII/ptolemy/domains/de/test/DependencyLoop.tcl (RunTclFile)" time="0.674" />
  <testcase classname="ptolemy.util.test.junit.TclTests" name="[1] /home/travis/build/icyphy/ptII/ptolemy/domains/de/test/RunDETestsAsQSS.tcl (RunTclFile)" time="86.814" />
  <testcase classname="ptolemy.util.test.junit.AutoKnownFailedTests" name="[0] /home/travis/build/icyphy/ptII/ptolemy/domains/de/test/auto/knownFailedTests/DESDFClockTest.xml (RunModel)" time="2.03" />
  <testcase classname="ptolemy.util.test.junit.AutoKnownFailedTests" name="[1] /home/travis/build/icyphy/ptII/ptolemy/domains/de/test/auto/knownFailedTests/DirectFeedback.xml (RunModel)" time="0.009" />
  <testcase classname="ptolemy.util.test.junit.AutoKnownFailedTests" name="[2] /home/travis/build/icyphy/ptII/ptolemy/domains/de/test/auto/knownFailedTests/FSMSource.xml (RunModel)" time="0.014" />
  <testcase classname="ptolemy.util.test.junit.AutoKnownFailedTests" name="[3] /home/travis/build/icyphy/ptII/ptolemy/domains/de/test/auto/knownFailedTests/HierarchicalModel.xml (RunModel)" time="0.03" />
  <testcase classname="ptolemy.util.test.junit.AutoKnownFailedTests" name="[4] /home/travis/build/icyphy/ptII/ptolemy/domains/de/test/auto/knownFailedTests/dependencyLoop.xml (RunModel)" time="0.031" />
  <testcase classname="ptolemy.util.test.junit.AutoKnownFailedTests" name="[5] /home/travis/build/icyphy/ptII/ptolemy/domains/de/test/auto/knownFailedTests/dependencyLoop2.xml (RunModel)" time="0.04" />
  <testcase classname="ptolemy.util.test.junit.AutoNameArchTests" name="[0] ThereAreNoAutoArchTests (RunModel)" time="0.001" />
  <testcase classname="ptolemy.util.test.junit.AutoTests" name="[0] /home/travis/build/icyphy/ptII/ptolemy/domains/de/test/auto/ActorDepthCalculation_actorWithoutPorts.xml (RunModel)" time="0.015" />
  <testcase classname="ptolemy.util.test.junit.AutoTests" name="[1] /home/travis/build/icyphy/ptII/ptolemy/domains/de/test/auto/AssemblyLine.xml (RunModel)" time="0.016" />
  <testcase classname="ptolemy.util.test.junit.AutoTests" name="[2] /home/travis/build/icyphy/ptII/ptolemy/domains/de/test/auto/CQBug1.xml (RunModel)" time="0.005" />
  <testcase classname="ptolemy.util.test.junit.AutoTests" name="[3] /home/travis/build/icyphy/ptII/ptolemy/domains/de/test/auto/CancelFireAt.xml (RunModel)" time="0.005" />
  <testcase classname="ptolemy.util.test.junit.AutoTests" name="[4] /home/travis/build/icyphy/ptII/ptolemy/domains/de/test/auto/CausalityAndComposabilityAnalysis.xml (RunModel)" time="0.008" />
  <testcase classname="ptolemy.util.test.junit.AutoTests" name="[5] /home/travis/build/icyphy/ptII/ptolemy/domains/de/test/auto/CausalityInterface1.xml (RunModel)" time="0.008" />
  <testcase classname="ptolemy.util.test.junit.AutoTests" name="[6] /home/travis/build/icyphy/ptII/ptolemy/domains/de/test/auto/CausalityInterface15.xml (RunModel)" time="0.009" />
  <testcase classname="ptolemy.util.test.junit.AutoTests" name="[7] /home/travis/build/icyphy/ptII/ptolemy/domains/de/test/auto/CausalityInterface2.xml (RunModel)" time="0.008" />
  <testcase classname="ptolemy.util.test.junit.AutoTests" name="[8] /home/travis/build/icyphy/ptII/ptolemy/domains/de/test/auto/CausalityInterface3.xml (RunModel)" time="0.008" />
  <testcase classname="ptolemy.util.test.junit.AutoTests" name="[9] /home/travis/build/icyphy/ptII/ptolemy/domains/de/test/auto/ClockDrift.xml (RunModel)" time="0.023" />
  <testcase classname="ptolemy.util.test.junit.AutoTests" name="[10] /home/travis/build/icyphy/ptII/ptolemy/domains/de/test/auto/ClockDriftAndValueChange.xml (RunModel)" time="0.023" />
  <testcase classname="ptolemy.util.test.junit.AutoTests" name="[11] /home/travis/build/icyphy/ptII/ptolemy/domains/de/test/auto/ClockDriftChange.xml (RunModel)" time="0.019" />
  <testcase classname="ptolemy.util.test.junit.AutoTests" name="[12] /home/travis/build/icyphy/ptII/ptolemy/domains/de/test/auto/ComposableCausalityAnalysis.xml (RunModel)" time="0.018" />
  <testcase classname="ptolemy.util.test.junit.AutoTests" name="[13] /home/travis/build/icyphy/ptII/ptolemy/domains/de/test/auto/DEFixedPointLimitation.xml (RunModel)" time="0.007" />
  <testcase classname="ptolemy.util.test.junit.AutoTests" name="[14] /home/travis/build/icyphy/ptII/ptolemy/domains/de/test/auto/DEScheduleTest.xml (RunModel)" time="0.008" />
  <testcase classname="ptolemy.util.test.junit.AutoTests" name="[15] /home/travis/build/icyphy/ptII/ptolemy/domains/de/test/auto/DEinDEwithStartTimes.xml (RunModel)" time="0.015" />
  <testcase classname="ptolemy.util.test.junit.AutoTests" name="[16] /home/travis/build/icyphy/ptII/ptolemy/domains/de/test/auto/DEinDEwithStartTimes2.xml (RunModel)" time="0.016" />
  <testcase classname="ptolemy.util.test.junit.AutoTests" name="[17] /home/travis/build/icyphy/ptII/ptolemy/domains/de/test/auto/DateDemo.xml (RunModel)" time="0.028" />
  <testcase classname="ptolemy.util.test.junit.AutoTests" name="[18] /home/travis/build/icyphy/ptII/ptolemy/domains/de/test/auto/DateToEvent.xml (RunModel)" time="2.034" />
  <testcase classname="ptolemy.util.test.junit.AutoTests" name="[19] /home/travis/build/icyphy/ptII/ptolemy/domains/de/test/auto/DepthTest1.xml (RunModel)" time="0.015" />
  <testcase classname="ptolemy.util.test.junit.AutoTests" name="[20] /home/travis/build/icyphy/ptII/ptolemy/domains/de/test/auto/DepthTest2.xml (RunModel)" time="0.021" />
  <testcase classname="ptolemy.util.test.junit.AutoTests" name="[21] /home/travis/build/icyphy/ptII/ptolemy/domains/de/test/auto/DepthTest3.xml (RunModel)" time="0.008" />
  <testcase classname="ptolemy.util.test.junit.AutoTests" name="[22] /home/travis/build/icyphy/ptII/ptolemy/domains/de/test/auto/DepthTest4.xml (RunModel)" time="0.015" />
  <testcase classname="ptolemy.util.test.junit.AutoTests" name="[23] /home/travis/build/icyphy/ptII/ptolemy/domains/de/test/auto/DepthTest5.xml (RunModel)" time="0.014" />
  <testcase classname="ptolemy.util.test.junit.AutoTests" name="[24] /home/travis/build/icyphy/ptII/ptolemy/domains/de/test/auto/DepthTest6.xml (RunModel)" time="0.014" />
  <testcase classname="ptolemy.util.test.junit.AutoTests" name="[25] /home/travis/build/icyphy/ptII/ptolemy/domains/de/test/auto/DepthTest7.xml (RunModel)" time="0.012" />
  <testcase classname="ptolemy.util.test.junit.AutoTests" name="[26] /home/travis/build/icyphy/ptII/ptolemy/domains/de/test/auto/EventToDate.xml (RunModel)" time="3.034" />
  <testcase classname="ptolemy.util.test.junit.AutoTests" name="[27] /home/travis/build/icyphy/ptII/ptolemy/domains/de/test/auto/FSM1.xml (RunModel)" time="0.03" />
  <testcase classname="ptolemy.util.test.junit.AutoTests" name="[28] /home/travis/build/icyphy/ptII/ptolemy/domains/de/test/auto/FSM7.xml (RunModel)" time="0.029" />
  <testcase classname="ptolemy.util.test.junit.AutoTests" name="[29] /home/travis/build/icyphy/ptII/ptolemy/domains/de/test/auto/Inspection.xml (RunModel)" time="0.037" />
  <testcase classname="ptolemy.util.test.junit.AutoTests" name="[30] /home/travis/build/icyphy/ptII/ptolemy/domains/de/test/auto/Iteration.xml (RunModel)" time="0.019" />
  <testcase classname="ptolemy.util.test.junit.AutoTests" name="[31] /home/travis/build/icyphy/ptII/ptolemy/domains/de/test/auto/LineFault.xml (RunModel)" time="0.539" />
  <testcase classname="ptolemy.util.test.junit.AutoTests" name="[32] /home/travis/build/icyphy/ptII/ptolemy/domains/de/test/auto/MergeModel1Add.xml (RunModel)" time="0.042" />
  <testcase classname="ptolemy.util.test.junit.AutoTests" name="[33] /home/travis/build/icyphy/ptII/ptolemy/domains/de/test/auto/MergeModel2Add.xml (RunModel)" time="0.033" />
  <testcase classname="ptolemy.util.test.junit.AutoTests" name="[34] /home/travis/build/icyphy/ptII/ptolemy/domains/de/test/auto/MergeModel3Add.xml (RunModel)" time="0.039" />
  <testcase classname="ptolemy.util.test.junit.AutoTests" name="[35] /home/travis/build/icyphy/ptII/ptolemy/domains/de/test/auto/MergeWithoutDiscard.xml (RunModel)" time="0.011" />
  <testcase classname="ptolemy.util.test.junit.AutoTests" name="[36] /home/travis/build/icyphy/ptII/ptolemy/domains/de/test/auto/Modal1.xml (RunModel)" time="0.031" />
  <testcase classname="ptolemy.util.test.junit.AutoTests" name="[37] /home/travis/build/icyphy/ptII/ptolemy/domains/de/test/auto/Modal2.xml (RunModel)" time="0.031" />
  <testcase classname="ptolemy.util.test.junit.AutoTests" name="[38] /home/travis/build/icyphy/ptII/ptolemy/domains/de/test/auto/Modal3.xml (RunModel)" time="0.025" />
  <testcase classname="ptolemy.util.test.junit.AutoTests" name="[39] /home/travis/build/icyphy/ptII/ptolemy/domains/de/test/auto/Modal4.xml (RunModel)" time="0.035" />
  <testcase classname="ptolemy.util.test.junit.AutoTests" name="[40] /home/travis/build/icyphy/ptII/ptolemy/domains/de/test/auto/Modal5.xml (RunModel)" time="0.033" />
  <testcase classname="ptolemy.util.test.junit.AutoTests" name="[41] /home/travis/build/icyphy/ptII/ptolemy/domains/de/test/auto/Modal6.xml (RunModel)" time="0.025" />
  <testcase classname="ptolemy.util.test.junit.AutoTests" name="[42] /home/travis/build/icyphy/ptII/ptolemy/domains/de/test/auto/Modal7.xml (RunModel)" time="0.029" />
  <testcase classname="ptolemy.util.test.junit.AutoTests" name="[43] /home/travis/build/icyphy/ptII/ptolemy/domains/de/test/auto/ModalModel.xml (RunModel)" time="0.154" />
  <testcase classname="ptolemy.util.test.junit.AutoTests" name="[44] /home/travis/build/icyphy/ptII/ptolemy/domains/de/test/auto/ModalSource.xml (RunModel)" time="0.02" />
  <testcase classname="ptolemy.util.test.junit.AutoTests" name="[45] /home/travis/build/icyphy/ptII/ptolemy/domains/de/test/auto/NonInterruptibleTimerZeroDelay.xml (RunModel)" time="0.011" />
  <testcase classname="ptolemy.util.test.junit.AutoTests" name="[46] /home/travis/build/icyphy/ptII/ptolemy/domains/de/test/auto/OpenQueueingNetwork.xml (RunModel)" time="2.152" />
  <testcase classname="ptolemy.util.test.junit.AutoTests" name="[47] /home/travis/build/icyphy/ptII/ptolemy/domains/de/test/auto/OpenQueuingNetwork.xml (RunModel)" time="0.258" />
  <testcase classname="ptolemy.util.test.junit.AutoTests" name="[48] /home/travis/build/icyphy/ptII/ptolemy/domains/de/test/auto/PeriodicSampler.xml (RunModel)" time="0.008" />
  <testcase classname="ptolemy.util.test.junit.AutoTests" name="[49] /home/travis/build/icyphy/ptII/ptolemy/domains/de/test/auto/PersistentIO.xml (RunModel)" time="0.032" />
  <testcase classname="ptolemy.util.test.junit.AutoTests" name="[50] /home/travis/build/icyphy/ptII/ptolemy/domains/de/test/auto/PortParameterResetOnInitialize.xml (RunModel)" time="0.014" />
  <testcase classname="ptolemy.util.test.junit.AutoTests" name="[51] /home/travis/build/icyphy/ptII/ptolemy/domains/de/test/auto/PortParameterUpdates.xml (RunModel)" time="0.023" />
  <testcase classname="ptolemy.util.test.junit.AutoTests" name="[52] /home/travis/build/icyphy/ptII/ptolemy/domains/de/test/auto/QueueAndServer.xml (RunModel)" time="0.021" />
  <testcase classname="ptolemy.util.test.junit.AutoTests" name="[53] /home/travis/build/icyphy/ptII/ptolemy/domains/de/test/auto/Records.xml (RunModel)" time="0.013" />
  <testcase classname="ptolemy.util.test.junit.AutoTests" name="[54] /home/travis/build/icyphy/ptII/ptolemy/domains/de/test/auto/ResetTransitionWithStartTime1.xml (RunModel)" time="0.017" />
  <testcase classname="ptolemy.util.test.junit.AutoTests" name="[55] /home/travis/build/icyphy/ptII/ptolemy/domains/de/test/auto/ResetTransitionWithStartTime2.xml (RunModel)" time="0.016" />
  <testcase classname="ptolemy.util.test.junit.AutoTests" name="[56] /home/travis/build/icyphy/ptII/ptolemy/domains/de/test/auto/ResetTransitionWithStartTime3.xml (RunModel)" time="0.017" />
  <testcase classname="ptolemy.util.test.junit.AutoTests" name="[57] /home/travis/build/icyphy/ptII/ptolemy/domains/de/test/auto/ResetTransitionWithStartTime4.xml (RunModel)" time="0.017" />
  <testcase classname="ptolemy.util.test.junit.AutoTests" name="[58] /home/travis/build/icyphy/ptII/ptolemy/domains/de/test/auto/ResettableTimer1.xml (RunModel)" time="0.011" />
  <testcase classname="ptolemy.util.test.junit.AutoTests" name="[59] /home/travis/build/icyphy/ptII/ptolemy/domains/de/test/auto/ResettableTimer2.xml (RunModel)" time="0.01" />
  <testcase classname="ptolemy.util.test.junit.AutoTests" name="[60] /home/travis/build/icyphy/ptII/ptolemy/domains/de/test/auto/ResettableTimer3.xml (RunModel)" time="0.009" />
  <testcase classname="ptolemy.util.test.junit.AutoTests" name="[61] /home/travis/build/icyphy/ptII/ptolemy/domains/de/test/auto/ResettableTimer4.xml (RunModel)" time="0.008" />
  <testcase classname="ptolemy.util.test.junit.AutoTests" name="[62] /home/travis/build/icyphy/ptII/ptolemy/domains/de/test/auto/ResettableTimer5.xml (RunModel)" time="0.01" />
  <testcase classname="ptolemy.util.test.junit.AutoTests" name="[63] /home/travis/build/icyphy/ptII/ptolemy/domains/de/test/auto/ResettableTimer6.xml (RunModel)" time="0.011" />
  <testcase classname="ptolemy.util.test.junit.AutoTests" name="[64] /home/travis/build/icyphy/ptII/ptolemy/domains/de/test/auto/ServerZeroDelay.xml (RunModel)" time="0.01" />
  <testcase classname="ptolemy.util.test.junit.AutoTests" name="[65] /home/travis/build/icyphy/ptII/ptolemy/domains/de/test/auto/SmartSender.xml (RunModel)" time="3.009" />
  <testcase classname="ptolemy.util.test.junit.AutoTests" name="[66] /home/travis/build/icyphy/ptII/ptolemy/domains/de/test/auto/ThreadedComposite.xml (RunModel)" time="0.129" />
  <testcase classname="ptolemy.util.test.junit.AutoTests" name="[67] /home/travis/build/icyphy/ptII/ptolemy/domains/de/test/auto/Time.xml (RunModel)" time="0.425" />
  <testcase classname="ptolemy.util.test.junit.AutoTests" name="[68] /home/travis/build/icyphy/ptII/ptolemy/domains/de/test/auto/TimeDelayZeroDelay.xml (RunModel)" time="0.015" />
  <testcase classname="ptolemy.util.test.junit.AutoTests" name="[69] /home/travis/build/icyphy/ptII/ptolemy/domains/de/test/auto/TimerZeroDelay.xml (RunModel)" time="0.013" />
  <testcase classname="ptolemy.util.test.junit.AutoTests" name="[70] /home/travis/build/icyphy/ptII/ptolemy/domains/de/test/auto/TimingParadox.xml (RunModel)" time="0.329" />
  <testcase classname="ptolemy.util.test.junit.AutoTests" name="[71] /home/travis/build/icyphy/ptII/ptolemy/domains/de/test/auto/TransferInputs.xml (RunModel)" time="0.013" />
  <testcase classname="ptolemy.util.test.junit.AutoTests" name="[72] /home/travis/build/icyphy/ptII/ptolemy/domains/de/test/auto/TransferOutputs2.xml (RunModel)" time="0.015" />
  <testcase classname="ptolemy.util.test.junit.AutoTests" name="[73] /home/travis/build/icyphy/ptII/ptolemy/domains/de/test/auto/Trilateration.xml (RunModel)" time="11.888" />
  <testcase classname="ptolemy.util.test.junit.AutoTests" name="[74] /home/travis/build/icyphy/ptII/ptolemy/domains/de/test/auto/TwoSigmaDelta.xml (RunModel)" time="2.113" />
  <testcase classname="ptolemy.util.test.junit.AutoTests" name="[75] /home/travis/build/icyphy/ptII/ptolemy/domains/de/test/auto/VariableDelay.xml (RunModel)" time="0.01" />
  <testcase classname="ptolemy.util.test.junit.AutoTests" name="[76] /home/travis/build/icyphy/ptII/ptolemy/domains/de/test/auto/VariableDelay2.xml (RunModel)" time="0.009" />
  <testcase classname="ptolemy.util.test.junit.AutoTests" name="[77] /home/travis/build/icyphy/ptII/ptolemy/domains/de/test/auto/VariableDelayZeroDelay.xml (RunModel)" time="0.01" />
  <testcase classname="ptolemy.util.test.junit.AutoTests" name="[78] /home/travis/build/icyphy/ptII/ptolemy/domains/de/test/auto/VariableDelayZeroDelay2.xml (RunModel)" time="0.01" />
  <testcase classname="ptolemy.util.test.junit.AutoTests" name="[79] /home/travis/build/icyphy/ptII/ptolemy/domains/de/test/auto/deInCt.xml (RunModel)" time="0.014" />
  <testcase classname="ptolemy.util.test.junit.AutoTests" name="[80] /home/travis/build/icyphy/ptII/ptolemy/domains/de/test/auto/deInCt2.xml (RunModel)" time="0.014" />
  <testcase classname="ptolemy.util.test.junit.AutoTests" name="[81] /home/travis/build/icyphy/ptII/ptolemy/domains/de/test/auto/dynamicCausalityInterface1.xml (RunModel)" time="0.017" />
  <testcase classname="ptolemy.util.test.junit.AutoTests" name="[82] /home/travis/build/icyphy/ptII/ptolemy/domains/de/test/auto/fsm_de_test.xml (RunModel)" time="0.031" />
  <testcase classname="ptolemy.util.test.junit.AutoTests" name="[83] /home/travis/build/icyphy/ptII/ptolemy/domains/de/test/auto/functionDependencyReconstruction.xml (RunModel)" time="0.034" />
  <testcase classname="ptolemy.util.test.junit.AutoTests" name="[84] /home/travis/build/icyphy/ptII/ptolemy/domains/de/test/auto/multirate.xml (RunModel)" time="0.017" />
  <testcase classname="ptolemy.util.test.junit.AutoTests" name="[85] /home/travis/build/icyphy/ptII/ptolemy/domains/de/test/auto/multirate2.xml (RunModel)" time="0.016" />
  <testcase classname="ptolemy.util.test.junit.AutoTests" name="[86] /home/travis/build/icyphy/ptII/ptolemy/domains/de/test/auto/realtime.xml (RunModel)" time="10.011" />
  <testcase classname="ptolemy.util.test.junit.AutoTests" name="[87] /home/travis/build/icyphy/ptII/ptolemy/domains/de/test/auto/relationGroup.xml (RunModel)" time="0.017" />
  <testcase classname="ptolemy.util.test.junit.AutoTests" name="[88] /home/travis/build/icyphy/ptII/ptolemy/domains/de/test/auto/relationGroup2.xml (RunModel)" time="0.017" />
  <testcase classname="ptolemy.util.test.junit.AutoTests" name="[89] /home/travis/build/icyphy/ptII/ptolemy/domains/de/test/auto/sortWithOpaquePorts.xml (RunModel)" time="0.012" />
  <testcase classname="ptolemy.util.test.junit.AutoTests" name="[90] /home/travis/build/icyphy/ptII/ptolemy/domains/de/test/auto/transferInputsandOutputs.xml (RunModel)" time="0.015" />
  <testcase classname="ptolemy.util.test.junit.AutoTests" name="[91] /home/travis/build/icyphy/ptII/ptolemy/domains/de/test/auto/triggerType.xml (RunModel)" time="0.009" />
  <system-out><![CDATA[/home/travis/build/icyphy/ptII/ptolemy/domains/de/test/DependencyLoop.tcl
testDefs.tcl: setting time out to 9000 seconds at Wed Jun 20 23:06:09 UTC 2018
13 ms. Memory: 116224K Free: 93459K (80%)
6 ms. Memory: 146944K Free: 135482K (92%)
/home/travis/build/icyphy/ptII/ptolemy/domains/de/test/RunDETestsAsQSS.tcl
Run the DE tests using ptolemy.domains.qss.test.QSSDirectorTest, which extends QSSDirector and prints a message in the constructors.
------------------ testing $PTII/ptolemy/domains/de/test/auto/knownFailedTests/dependencyLoop.xml (Known Failure) 
6 ms. Memory: 146944K Free: 131970K (90%)


==== $PTIIhome/travis/build/icyphy/ptII/ptolemy/domains/de/test/../../../../: Auto Automatic test in file $PTII/ptolemy/domains/de/test/auto/knownFailedTests/dependencyLoop.xml
==== Contents of test case:

	    # FIXME: we should use $relativeFilename here, but it
	    # might have backslashes under Windows, which causes no end
	    # of trouble.
	    createAndExecute $file
	    list {}
	
.... Test generated KNOWN error:
    while executing
ptolemy.kernel.util.IllegalActionException: Found a zero delay loop containing .dependencyLoop.original
  in .dependencyLoop and .dependencyLoop.original
	at ptolemy.actor.util.CausalityInterfaceForComposites._computeOutputPortDepth(CausalityInterfaceForComposites.java:759)
	at ptolemy.actor.util.CausalityInterfaceForComposites._computeInputDepth(CausalityInterfaceForComposites.java:696)
	at ptolemy.actor.util.CausalityInterfaceForComposites._computeOutputPortDepth(CausalityInterfaceForComposites.java:765)
	at ptolemy.actor.util.CausalityInterfaceForComposites._computeInputDepth(CausalityInterfaceForComposites.java:696)
	at ptolemy.actor.util.CausalityInterfaceForComposites._computeOutputPortDepth(CausalityInterfaceForComposites.java:765)
	at ptolemy.actor.util.CausalityInterfaceForComposites._computeInputDepth(CausalityInterfaceForComposites.java:696)
	at ptolemy.actor.util.CausalityInterfaceForComposites._computeActorDepth(CausalityInterfaceForComposites.java:532)
	at ptolemy.actor.util.CausalityInterfaceForComposites.checkForCycles(CausalityInterfaceForComposites.java:96)
	at ptolemy.domains.de.kernel.DEDirector.preinitialize(DEDirector.java:1338)
	at ptolemy.actor.CompositeActor.preinitialize(CompositeActor.java:1828)
	at ptolemy.actor.Manager.preinitializeAndResolveTypes(Manager.java:1040)
	at ptolemy.actor.Manager.initialize(Manager.java:710)
	at ptolemy.actor.Manager.execute(Manager.java:356)
	at ptolemy.actor.Manager.run(Manager.java:1263)
	at ptolemy.actor.Manager$PtolemyRunThread.run(Manager.java:1915)

    while executing
ptolemy.kernel.util.IllegalActionException: Found a zero delay loop containing .dependencyLoop.original
  in .dependencyLoop and .dependencyLoop.original
    while executing
"java::new ptolemy.moml.MoMLSimpleApplication $file
"
    (procedure "createAndExecute" line 2)
    invoked from within
"createAndExecute $file"
    ("uplevel" body line 5)
    invoked from within
"uplevel $contents_of_test"
------------------ testing $PTII/ptolemy/domains/de/test/auto/knownFailedTests/DESDFClockTest.xml (Known Failure) 
2068 ms. Memory: 146944K Free: 116609K (79%)


==== $PTIIhome/travis/build/icyphy/ptII/ptolemy/domains/de/test/../../../../: Auto Automatic test in file $PTII/ptolemy/domains/de/test/auto/knownFailedTests/DESDFClockTest.xml
==== Contents of test case:

	    # FIXME: we should use $relativeFilename here, but it
	    # might have backslashes under Windows, which causes no end
	    # of trouble.
	    createAndExecute $file
	    list {}
	
.... Test generated KNOWN error:
    while executing
ptolemy.kernel.util.IllegalActionException: Actor is not ready to fire.  Perhaps UpSample.prefire() returned false? Try debugging the actor by selecting "Listen to Actor".  Also, for SDF check moml for tokenConsumptionRate on input.
  in .DESDFClockTest.Play Bell.Copy1:SDF Director and .DESDFClockTest.Play Bell.UpSample
	at ptolemy.actor.sched.StaticSchedulingDirector.fire(StaticSchedulingDirector.java:227)
	at ptolemy.domains.sdf.kernel.SDFDirector.fire(SDFDirector.java:500)
	at ptolemy.actor.CompositeActor.fire(CompositeActor.java:455)
	at ptolemy.domains.de.kernel.DEDirector._fire(DEDirector.java:1949)
	at ptolemy.domains.de.kernel.DEDirector.fire(DEDirector.java:502)
	at ptolemy.actor.CompositeActor.fire(CompositeActor.java:455)
	at ptolemy.actor.Manager.iterate(Manager.java:851)
	at ptolemy.actor.Manager.execute(Manager.java:369)
	at ptolemy.actor.Manager.run(Manager.java:1263)
	at ptolemy.actor.Manager$PtolemyRunThread.run(Manager.java:1915)

    while executing
ptolemy.kernel.util.IllegalActionException: Actor is not ready to fire.  Perhaps UpSample.prefire() returned false? Try debugging the actor by selecting "Listen to Actor".  Also, for SDF check moml for tokenConsumptionRate on input.
  in .DESDFClockTest.Play Bell.Copy1:SDF Director and .DESDFClockTest.Play Bell.UpSample
    while executing
"java::new ptolemy.moml.MoMLSimpleApplication $file
"
    (procedure "createAndExecute" line 2)
    invoked from within
"createAndExecute $file"
    ("uplevel" body line 5)
    invoked from within
"uplevel $contents_of_test"
------------------ testing $PTII/ptolemy/domains/de/test/auto/knownFailedTests/FSMSource.xml (Known Failure) 
20 ms. Memory: 146944K Free: 107681K (73%)
!!!! Auto was marked as failing, but now passes
------------------ testing $PTII/ptolemy/domains/de/test/auto/knownFailedTests/dependencyLoop2.xml (Known Failure) 
7 ms. Memory: 146944K Free: 105798K (72%)


==== $PTIIhome/travis/build/icyphy/ptII/ptolemy/domains/de/test/../../../../: Auto Automatic test in file $PTII/ptolemy/domains/de/test/auto/knownFailedTests/dependencyLoop2.xml
==== Contents of test case:

	    # FIXME: we should use $relativeFilename here, but it
	    # might have backslashes under Windows, which causes no end
	    # of trouble.
	    createAndExecute $file
	    list {}
	
.... Test generated KNOWN error:
    while executing
ptolemy.kernel.util.IllegalActionException: Found a zero delay loop containing .dependencyLoop2.original
  in .dependencyLoop2 and .dependencyLoop2.original
	at ptolemy.actor.util.CausalityInterfaceForComposites._computeOutputPortDepth(CausalityInterfaceForComposites.java:759)
	at ptolemy.actor.util.CausalityInterfaceForComposites._computeInputDepth(CausalityInterfaceForComposites.java:696)
	at ptolemy.actor.util.CausalityInterfaceForComposites._computeOutputPortDepth(CausalityInterfaceForComposites.java:765)
	at ptolemy.actor.util.CausalityInterfaceForComposites._computeInputDepth(CausalityInterfaceForComposites.java:696)
	at ptolemy.actor.util.CausalityInterfaceForComposites._computeOutputPortDepth(CausalityInterfaceForComposites.java:765)
	at ptolemy.actor.util.CausalityInterfaceForComposites._computeInputDepth(CausalityInterfaceForComposites.java:696)
	at ptolemy.actor.util.CausalityInterfaceForComposites._computeActorDepth(CausalityInterfaceForComposites.java:532)
	at ptolemy.actor.util.CausalityInterfaceForComposites.checkForCycles(CausalityInterfaceForComposites.java:96)
	at ptolemy.domains.de.kernel.DEDirector.preinitialize(DEDirector.java:1338)
	at ptolemy.actor.CompositeActor.preinitialize(CompositeActor.java:1828)
	at ptolemy.actor.Manager.preinitializeAndResolveTypes(Manager.java:1040)
	at ptolemy.actor.Manager.initialize(Manager.java:710)
	at ptolemy.actor.Manager.execute(Manager.java:356)
	at ptolemy.actor.Manager.run(Manager.java:1263)
	at ptolemy.actor.Manager$PtolemyRunThread.run(Manager.java:1915)

    while executing
ptolemy.kernel.util.IllegalActionException: Found a zero delay loop containing .dependencyLoop2.original
  in .dependencyLoop2 and .dependencyLoop2.original
    while executing
"java::new ptolemy.moml.MoMLSimpleApplication $file
"
    (procedure "createAndExecute" line 2)
    invoked from within
"createAndExecute $file"
    ("uplevel" body line 5)
    invoked from within
"uplevel $contents_of_test"
------------------ testing $PTII/ptolemy/domains/de/test/auto/knownFailedTests/HierarchicalModel.xml (Known Failure) 
18 ms. Memory: 146944K Free: 84135K (57%)


==== $PTIIhome/travis/build/icyphy/ptII/ptolemy/domains/de/test/../../../../: Auto Automatic test in file $PTII/ptolemy/domains/de/test/auto/knownFailedTests/HierarchicalModel.xml
==== Contents of test case:

	    # FIXME: we should use $relativeFilename here, but it
	    # might have backslashes under Windows, which causes no end
	    # of trouble.
	    createAndExecute $file
	    list {}
	
.... Test generated KNOWN error:
    while executing
ptolemy.kernel.util.IllegalActionException: Found a zero delay loop containing .HierarchicalModel.A
  in .HierarchicalModel and .HierarchicalModel.A
	at ptolemy.actor.util.CausalityInterfaceForComposites._computeOutputPortDepth(CausalityInterfaceForComposites.java:759)
	at ptolemy.actor.util.CausalityInterfaceForComposites._computeInputDepth(CausalityInterfaceForComposites.java:696)
	at ptolemy.actor.util.CausalityInterfaceForComposites._computeOutputPortDepth(CausalityInterfaceForComposites.java:765)
	at ptolemy.actor.util.CausalityInterfaceForComposites._computeInputDepth(CausalityInterfaceForComposites.java:696)
	at ptolemy.actor.util.CausalityInterfaceForComposites._computeOutputPortDepth(CausalityInterfaceForComposites.java:765)
	at ptolemy.actor.util.CausalityInterfaceForComposites._computeInputDepth(CausalityInterfaceForComposites.java:696)
	at ptolemy.actor.util.CausalityInterfaceForComposites._computeActorDepth(CausalityInterfaceForComposites.java:532)
	at ptolemy.actor.util.CausalityInterfaceForComposites.checkForCycles(CausalityInterfaceForComposites.java:96)
	at ptolemy.domains.de.kernel.DEDirector.preinitialize(DEDirector.java:1338)
	at ptolemy.actor.CompositeActor.preinitialize(CompositeActor.java:1828)
	at ptolemy.actor.Manager.preinitializeAndResolveTypes(Manager.java:1040)
	at ptolemy.actor.Manager.initialize(Manager.java:710)
	at ptolemy.actor.Manager.execute(Manager.java:356)
	at ptolemy.actor.Manager.run(Manager.java:1263)
	at ptolemy.actor.Manager$PtolemyRunThread.run(Manager.java:1915)

    while executing
ptolemy.kernel.util.IllegalActionException: Found a zero delay loop containing .HierarchicalModel.A
  in .HierarchicalModel and .HierarchicalModel.A
    while executing
"java::new ptolemy.moml.MoMLSimpleApplication $file
"
    (procedure "createAndExecute" line 2)
    invoked from within
"createAndExecute $file"
    ("uplevel" body line 5)
    invoked from within
"uplevel $contents_of_test"
------------------ testing $PTII/ptolemy/domains/de/test/auto/knownFailedTests/DirectFeedback.xml (Known Failure) 
4 ms. Memory: 146944K Free: 141425K (96%)


==== $PTIIhome/travis/build/icyphy/ptII/ptolemy/domains/de/test/../../../../: Auto Automatic test in file $PTII/ptolemy/domains/de/test/auto/knownFailedTests/DirectFeedback.xml
==== Contents of test case:

	    # FIXME: we should use $relativeFilename here, but it
	    # might have backslashes under Windows, which causes no end
	    # of trouble.
	    createAndExecute $file
	    list {}
	
.... Test generated KNOWN error:
    while executing
ptolemy.kernel.util.IllegalActionException: Test fails in iteration 1.
Value was: 1.0. Should have been: 2.0
  in .DirectFeedback.Test
	at ptolemy.actor.lib.Test.fire(Test.java:268)
	at ptolemy.domains.de.kernel.DEDirector._fire(DEDirector.java:1949)
	at ptolemy.domains.de.kernel.DEDirector.fire(DEDirector.java:502)
	at ptolemy.actor.CompositeActor.fire(CompositeActor.java:455)
	at ptolemy.actor.Manager.iterate(Manager.java:851)
	at ptolemy.actor.Manager.execute(Manager.java:369)
	at ptolemy.actor.Manager.run(Manager.java:1263)
	at ptolemy.actor.Manager$PtolemyRunThread.run(Manager.java:1915)

    while executing
ptolemy.kernel.util.IllegalActionException: Test fails in iteration 1.
Value was: 1.0. Should have been: 2.0
  in .DirectFeedback.Test
    while executing
"java::new ptolemy.moml.MoMLSimpleApplication $file
"
    (procedure "createAndExecute" line 2)
    invoked from within
"createAndExecute $file"
    ("uplevel" body line 5)
    invoked from within
"uplevel $contents_of_test"
------------------ testing $PTII/ptolemy/domains/de/test/auto/ActorDepthCalculation_actorWithoutPorts.xml
auto.tcl: Setting watchdog for 200 seconds at Wed Jun 20 23:06:12 UTC 2018
4 ms. Memory: 146944K Free: 132512K (90%)
ptolemy.util.test.WatchDog.cancel(): canceling Wed Jun 20 23:06:12 UTC 2018
auto.tcl: Setting watchdog for 200 seconds at Wed Jun 20 23:06:12 UTC 2018
5 ms. Memory: 146944K Free: 131480K (89%)
ptolemy.util.test.WatchDog.cancel(): canceling Wed Jun 20 23:06:12 UTC 2018
------------------ testing $PTII/ptolemy/domains/de/test/auto/AssemblyLine.xml
auto.tcl: Setting watchdog for 200 seconds at Wed Jun 20 23:06:13 UTC 2018
19 ms. Memory: 208384K Free: 182885K (88%)
ptolemy.util.test.WatchDog.cancel(): canceling Wed Jun 20 23:06:13 UTC 2018
auto.tcl: Setting watchdog for 200 seconds at Wed Jun 20 23:06:13 UTC 2018
18 ms. Memory: 208384K Free: 182885K (88%)
ptolemy.util.test.WatchDog.cancel(): canceling Wed Jun 20 23:06:13 UTC 2018
------------------ testing $PTII/ptolemy/domains/de/test/auto/CQBug1.xml
auto.tcl: Setting watchdog for 200 seconds at Wed Jun 20 23:06:13 UTC 2018
11 ms. Memory: 208384K Free: 197739K (95%)
ptolemy.util.test.WatchDog.cancel(): canceling Wed Jun 20 23:06:13 UTC 2018
auto.tcl: Setting watchdog for 200 seconds at Wed Jun 20 23:06:13 UTC 2018
2 ms. Memory: 208384K Free: 197739K (95%)
ptolemy.util.test.WatchDog.cancel(): canceling Wed Jun 20 23:06:13 UTC 2018
------------------ testing $PTII/ptolemy/domains/de/test/auto/CancelFireAt.xml
auto.tcl: Setting watchdog for 200 seconds at Wed Jun 20 23:06:13 UTC 2018
4 ms. Memory: 208384K Free: 201446K (97%)
ptolemy.util.test.WatchDog.cancel(): canceling Wed Jun 20 23:06:13 UTC 2018
auto.tcl: Setting watchdog for 200 seconds at Wed Jun 20 23:06:13 UTC 2018
4 ms. Memory: 208384K Free: 199354K (96%)
ptolemy.util.test.WatchDog.cancel(): canceling Wed Jun 20 23:06:13 UTC 2018
------------------ testing $PTII/ptolemy/domains/de/test/auto/CausalityAndComposabilityAnalysis.xml
auto.tcl: Setting watchdog for 200 seconds at Wed Jun 20 23:06:13 UTC 2018
14 ms. Memory: 208384K Free: 196514K (94%)
ptolemy.util.test.WatchDog.cancel(): canceling Wed Jun 20 23:06:13 UTC 2018
auto.tcl: Setting watchdog for 200 seconds at Wed Jun 20 23:06:13 UTC 2018
9 ms. Memory: 208384K Free: 196514K (94%)
ptolemy.util.test.WatchDog.cancel(): canceling Wed Jun 20 23:06:13 UTC 2018
------------------ testing $PTII/ptolemy/domains/de/test/auto/CausalityInterface1.xml
auto.tcl: Setting watchdog for 200 seconds at Wed Jun 20 23:06:13 UTC 2018
16 ms. Memory: 208384K Free: 196427K (94%)
ptolemy.util.test.WatchDog.cancel(): canceling Wed Jun 20 23:06:13 UTC 2018
auto.tcl: Setting watchdog for 200 seconds at Wed Jun 20 23:06:13 UTC 2018
4 ms. Memory: 208384K Free: 196427K (94%)
ptolemy.util.test.WatchDog.cancel(): canceling Wed Jun 20 23:06:13 UTC 2018
------------------ testing $PTII/ptolemy/domains/de/test/auto/CausalityInterface15.xml
auto.tcl: Setting watchdog for 200 seconds at Wed Jun 20 23:06:13 UTC 2018
10 ms. Memory: 208384K Free: 196434K (94%)
ptolemy.util.test.WatchDog.cancel(): canceling Wed Jun 20 23:06:13 UTC 2018
auto.tcl: Setting watchdog for 200 seconds at Wed Jun 20 23:06:13 UTC 2018
5 ms. Memory: 208384K Free: 196434K (94%)
ptolemy.util.test.WatchDog.cancel(): canceling Wed Jun 20 23:06:13 UTC 2018
------------------ testing $PTII/ptolemy/domains/de/test/auto/CausalityInterface2.xml
auto.tcl: Setting watchdog for 200 seconds at Wed Jun 20 23:06:13 UTC 2018
5 ms. Memory: 208384K Free: 196738K (94%)
ptolemy.util.test.WatchDog.cancel(): canceling Wed Jun 20 23:06:13 UTC 2018
auto.tcl: Setting watchdog for 200 seconds at Wed Jun 20 23:06:13 UTC 2018
6 ms. Memory: 208384K Free: 196400K (94%)
ptolemy.util.test.WatchDog.cancel(): canceling Wed Jun 20 23:06:13 UTC 2018
------------------ testing $PTII/ptolemy/domains/de/test/auto/CausalityInterface3.xml
auto.tcl: Setting watchdog for 200 seconds at Wed Jun 20 23:06:13 UTC 2018
12 ms. Memory: 208384K Free: 196429K (94%)
ptolemy.util.test.WatchDog.cancel(): canceling Wed Jun 20 23:06:13 UTC 2018
auto.tcl: Setting watchdog for 200 seconds at Wed Jun 20 23:06:13 UTC 2018
3 ms. Memory: 208384K Free: 196429K (94%)
ptolemy.util.test.WatchDog.cancel(): canceling Wed Jun 20 23:06:13 UTC 2018
------------------ testing $PTII/ptolemy/domains/de/test/auto/ClockDrift.xml
auto.tcl: Setting watchdog for 200 seconds at Wed Jun 20 23:06:14 UTC 2018
104 ms. Memory: 208384K Free: 187644K (90%)
ptolemy.util.test.WatchDog.cancel(): canceling Wed Jun 20 23:06:14 UTC 2018
auto.tcl: Setting watchdog for 200 seconds at Wed Jun 20 23:06:14 UTC 2018
65 ms. Memory: 208384K Free: 185536K (89%)
ptolemy.util.test.WatchDog.cancel(): canceling Wed Jun 20 23:06:14 UTC 2018
------------------ testing $PTII/ptolemy/domains/de/test/auto/ClockDriftAndValueChange.xml
auto.tcl: Setting watchdog for 200 seconds at Wed Jun 20 23:06:14 UTC 2018
31 ms. Memory: 208384K Free: 187487K (90%)
ptolemy.util.test.WatchDog.cancel(): canceling Wed Jun 20 23:06:14 UTC 2018
auto.tcl: Setting watchdog for 200 seconds at Wed Jun 20 23:06:14 UTC 2018
24 ms. Memory: 208384K Free: 185379K (89%)
ptolemy.util.test.WatchDog.cancel(): canceling Wed Jun 20 23:06:14 UTC 2018
------------------ testing $PTII/ptolemy/domains/de/test/auto/ClockDriftChange.xml
auto.tcl: Setting watchdog for 200 seconds at Wed Jun 20 23:06:14 UTC 2018
42 ms. Memory: 208384K Free: 190835K (92%)
ptolemy.util.test.WatchDog.cancel(): canceling Wed Jun 20 23:06:14 UTC 2018
auto.tcl: Setting watchdog for 200 seconds at Wed Jun 20 23:06:14 UTC 2018
25 ms. Memory: 208384K Free: 188727K (91%)
ptolemy.util.test.WatchDog.cancel(): canceling Wed Jun 20 23:06:14 UTC 2018
------------------ testing $PTII/ptolemy/domains/de/test/auto/ComposableCausalityAnalysis.xml
auto.tcl: Setting watchdog for 200 seconds at Wed Jun 20 23:06:14 UTC 2018
2 ms. Memory: 208384K Free: 196282K (94%)
ptolemy.util.test.WatchDog.cancel(): canceling Wed Jun 20 23:06:14 UTC 2018
auto.tcl: Setting watchdog for 200 seconds at Wed Jun 20 23:06:14 UTC 2018
4 ms. Memory: 208384K Free: 194182K (93%)
ptolemy.util.test.WatchDog.cancel(): canceling Wed Jun 20 23:06:14 UTC 2018
------------------ testing $PTII/ptolemy/domains/de/test/auto/DEFixedPointLimitation.xml
auto.tcl: Setting watchdog for 200 seconds at Wed Jun 20 23:06:14 UTC 2018
4 ms. Memory: 208384K Free: 196346K (94%)
ptolemy.util.test.WatchDog.cancel(): canceling Wed Jun 20 23:06:14 UTC 2018
auto.tcl: Setting watchdog for 200 seconds at Wed Jun 20 23:06:14 UTC 2018
2 ms. Memory: 208384K Free: 196346K (94%)
ptolemy.util.test.WatchDog.cancel(): canceling Wed Jun 20 23:06:14 UTC 2018
------------------ testing $PTII/ptolemy/domains/de/test/auto/DEScheduleTest.xml
auto.tcl: Setting watchdog for 200 seconds at Wed Jun 20 23:06:14 UTC 2018
4 ms. Memory: 208384K Free: 198828K (95%)
ptolemy.util.test.WatchDog.cancel(): canceling Wed Jun 20 23:06:14 UTC 2018
auto.tcl: Setting watchdog for 200 seconds at Wed Jun 20 23:06:14 UTC 2018
4 ms. Memory: 208384K Free: 196382K (94%)
ptolemy.util.test.WatchDog.cancel(): canceling Wed Jun 20 23:06:14 UTC 2018
------------------ testing $PTII/ptolemy/domains/de/test/auto/DEinDEwithStartTimes.xml
auto.tcl: Setting watchdog for 200 seconds at Wed Jun 20 23:06:14 UTC 2018
6 ms. Memory: 208384K Free: 196360K (94%)
ptolemy.util.test.WatchDog.cancel(): canceling Wed Jun 20 23:06:14 UTC 2018
auto.tcl: Setting watchdog for 200 seconds at Wed Jun 20 23:06:14 UTC 2018
3 ms. Memory: 208384K Free: 194252K (93%)
ptolemy.util.test.WatchDog.cancel(): canceling Wed Jun 20 23:06:14 UTC 2018
------------------ testing $PTII/ptolemy/domains/de/test/auto/DEinDEwithStartTimes2.xml
auto.tcl: Setting watchdog for 200 seconds at Wed Jun 20 23:06:14 UTC 2018
4 ms. Memory: 208384K Free: 196700K (94%)
ptolemy.util.test.WatchDog.cancel(): canceling Wed Jun 20 23:06:15 UTC 2018
auto.tcl: Setting watchdog for 200 seconds at Wed Jun 20 23:06:15 UTC 2018
3 ms. Memory: 208384K Free: 194592K (93%)
ptolemy.util.test.WatchDog.cancel(): canceling Wed Jun 20 23:06:15 UTC 2018
------------------ testing $PTII/ptolemy/domains/de/test/auto/DateDemo.xml
auto.tcl: Setting watchdog for 200 seconds at Wed Jun 20 23:06:15 UTC 2018
11 ms. Memory: 208384K Free: 188800K (91%)
ptolemy.util.test.WatchDog.cancel(): canceling Wed Jun 20 23:06:15 UTC 2018
auto.tcl: Setting watchdog for 200 seconds at Wed Jun 20 23:06:15 UTC 2018
7 ms. Memory: 208384K Free: 186692K (90%)
ptolemy.util.test.WatchDog.cancel(): canceling Wed Jun 20 23:06:15 UTC 2018
------------------ testing $PTII/ptolemy/domains/de/test/auto/DateToEvent.xml
auto.tcl: Setting watchdog for 200 seconds at Wed Jun 20 23:06:15 UTC 2018
2010 ms. Memory: 208384K Free: 183490K (88%)
ptolemy.util.test.WatchDog.cancel(): canceling Wed Jun 20 23:06:17 UTC 2018
auto.tcl: Setting watchdog for 200 seconds at Wed Jun 20 23:06:17 UTC 2018
2007 ms. Memory: 208384K Free: 183490K (88%)
ptolemy.util.test.WatchDog.cancel(): canceling Wed Jun 20 23:06:19 UTC 2018
------------------ testing $PTII/ptolemy/domains/de/test/auto/DepthTest1.xml
auto.tcl: Setting watchdog for 200 seconds at Wed Jun 20 23:06:19 UTC 2018
3 ms. Memory: 208384K Free: 195898K (94%)
ptolemy.util.test.WatchDog.cancel(): canceling Wed Jun 20 23:06:19 UTC 2018
auto.tcl: Setting watchdog for 200 seconds at Wed Jun 20 23:06:19 UTC 2018
2 ms. Memory: 208384K Free: 195898K (94%)
ptolemy.util.test.WatchDog.cancel(): canceling Wed Jun 20 23:06:19 UTC 2018
------------------ testing $PTII/ptolemy/domains/de/test/auto/DepthTest2.xml
auto.tcl: Setting watchdog for 200 seconds at Wed Jun 20 23:06:19 UTC 2018
5 ms. Memory: 208384K Free: 194236K (93%)
ptolemy.util.test.WatchDog.cancel(): canceling Wed Jun 20 23:06:19 UTC 2018
auto.tcl: Setting watchdog for 200 seconds at Wed Jun 20 23:06:19 UTC 2018
2 ms. Memory: 208384K Free: 194236K (93%)
ptolemy.util.test.WatchDog.cancel(): canceling Wed Jun 20 23:06:19 UTC 2018
------------------ testing $PTII/ptolemy/domains/de/test/auto/DepthTest3.xml
auto.tcl: Setting watchdog for 200 seconds at Wed Jun 20 23:06:19 UTC 2018
2 ms. Memory: 208384K Free: 198352K (95%)
ptolemy.util.test.WatchDog.cancel(): canceling Wed Jun 20 23:06:19 UTC 2018
auto.tcl: Setting watchdog for 200 seconds at Wed Jun 20 23:06:19 UTC 2018
3 ms. Memory: 208384K Free: 198352K (95%)
ptolemy.util.test.WatchDog.cancel(): canceling Wed Jun 20 23:06:19 UTC 2018
------------------ testing $PTII/ptolemy/domains/de/test/auto/DepthTest4.xml
auto.tcl: Setting watchdog for 200 seconds at Wed Jun 20 23:06:19 UTC 2018
3 ms. Memory: 208384K Free: 196348K (94%)
ptolemy.util.test.WatchDog.cancel(): canceling Wed Jun 20 23:06:19 UTC 2018
auto.tcl: Setting watchdog for 200 seconds at Wed Jun 20 23:06:19 UTC 2018
3 ms. Memory: 208384K Free: 196348K (94%)
ptolemy.util.test.WatchDog.cancel(): canceling Wed Jun 20 23:06:19 UTC 2018
------------------ testing $PTII/ptolemy/domains/de/test/auto/DepthTest5.xml
auto.tcl: Setting watchdog for 200 seconds at Wed Jun 20 23:06:19 UTC 2018
8 ms. Memory: 208384K Free: 196309K (94%)
ptolemy.util.test.WatchDog.cancel(): canceling Wed Jun 20 23:06:19 UTC 2018
auto.tcl: Setting watchdog for 200 seconds at Wed Jun 20 23:06:19 UTC 2018
2 ms. Memory: 208384K Free: 196309K (94%)
ptolemy.util.test.WatchDog.cancel(): canceling Wed Jun 20 23:06:19 UTC 2018
------------------ testing $PTII/ptolemy/domains/de/test/auto/DepthTest6.xml
auto.tcl: Setting watchdog for 200 seconds at Wed Jun 20 23:06:19 UTC 2018
6 ms. Memory: 208384K Free: 196621K (94%)
ptolemy.util.test.WatchDog.cancel(): canceling Wed Jun 20 23:06:19 UTC 2018
auto.tcl: Setting watchdog for 200 seconds at Wed Jun 20 23:06:19 UTC 2018
2 ms. Memory: 208384K Free: 196621K (94%)
ptolemy.util.test.WatchDog.cancel(): canceling Wed Jun 20 23:06:19 UTC 2018
------------------ testing $PTII/ptolemy/domains/de/test/auto/DepthTest7.xml
auto.tcl: Setting watchdog for 200 seconds at Wed Jun 20 23:06:19 UTC 2018
3 ms. Memory: 208384K Free: 196234K (94%)
ptolemy.util.test.WatchDog.cancel(): canceling Wed Jun 20 23:06:19 UTC 2018
auto.tcl: Setting watchdog for 200 seconds at Wed Jun 20 23:06:19 UTC 2018
2 ms. Memory: 208384K Free: 196234K (94%)
ptolemy.util.test.WatchDog.cancel(): canceling Wed Jun 20 23:06:19 UTC 2018
------------------ testing $PTII/ptolemy/domains/de/test/auto/EventToDate.xml
auto.tcl: Setting watchdog for 200 seconds at Wed Jun 20 23:06:19 UTC 2018
3009 ms. Memory: 208384K Free: 185787K (89%)
ptolemy.util.test.WatchDog.cancel(): canceling Wed Jun 20 23:06:22 UTC 2018
auto.tcl: Setting watchdog for 200 seconds at Wed Jun 20 23:06:22 UTC 2018
3004 ms. Memory: 208384K Free: 185787K (89%)
ptolemy.util.test.WatchDog.cancel(): canceling Wed Jun 20 23:06:25 UTC 2018
------------------ testing $PTII/ptolemy/domains/de/test/auto/FSM1.xml
auto.tcl: Setting watchdog for 200 seconds at Wed Jun 20 23:06:25 UTC 2018
32 ms. Memory: 208384K Free: 189279K (91%)
ptolemy.util.test.WatchDog.cancel(): canceling Wed Jun 20 23:06:25 UTC 2018
auto.tcl: Setting watchdog for 200 seconds at Wed Jun 20 23:06:25 UTC 2018
21 ms. Memory: 208384K Free: 185079K (89%)
ptolemy.util.test.WatchDog.cancel(): canceling Wed Jun 20 23:06:26 UTC 2018
------------------ testing $PTII/ptolemy/domains/de/test/auto/FSM7.xml
auto.tcl: Setting watchdog for 200 seconds at Wed Jun 20 23:06:26 UTC 2018
28 ms. Memory: 208384K Free: 187405K (90%)
ptolemy.util.test.WatchDog.cancel(): canceling Wed Jun 20 23:06:26 UTC 2018
auto.tcl: Setting watchdog for 200 seconds at Wed Jun 20 23:06:26 UTC 2018
21 ms. Memory: 208384K Free: 185305K (89%)
ptolemy.util.test.WatchDog.cancel(): canceling Wed Jun 20 23:06:26 UTC 2018
------------------ testing $PTII/ptolemy/domains/de/test/auto/Inspection.xml
auto.tcl: Setting watchdog for 200 seconds at Wed Jun 20 23:06:26 UTC 2018
22 ms. Memory: 208384K Free: 188618K (91%)
ptolemy.util.test.WatchDog.cancel(): canceling Wed Jun 20 23:06:26 UTC 2018
auto.tcl: Setting watchdog for 200 seconds at Wed Jun 20 23:06:26 UTC 2018
21 ms. Memory: 208384K Free: 186510K (90%)
ptolemy.util.test.WatchDog.cancel(): canceling Wed Jun 20 23:06:26 UTC 2018
------------------ testing $PTII/ptolemy/domains/de/test/auto/Iteration.xml
auto.tcl: Setting watchdog for 200 seconds at Wed Jun 20 23:06:26 UTC 2018
12 ms. Memory: 208384K Free: 196394K (94%)
ptolemy.util.test.WatchDog.cancel(): canceling Wed Jun 20 23:06:26 UTC 2018
auto.tcl: Setting watchdog for 200 seconds at Wed Jun 20 23:06:26 UTC 2018
8 ms. Memory: 208384K Free: 194302K (93%)
ptolemy.util.test.WatchDog.cancel(): canceling Wed Jun 20 23:06:26 UTC 2018
------------------ testing $PTII/ptolemy/domains/de/test/auto/LineFault.xml
auto.tcl: Setting watchdog for 200 seconds at Wed Jun 20 23:06:26 UTC 2018
649 ms. Memory: 208384K Free: 196247K (94%)
ptolemy.util.test.WatchDog.cancel(): canceling Wed Jun 20 23:06:27 UTC 2018
auto.tcl: Setting watchdog for 200 seconds at Wed Jun 20 23:06:27 UTC 2018
546 ms. Memory: 208384K Free: 140829K (68%)
ptolemy.util.test.WatchDog.cancel(): canceling Wed Jun 20 23:06:27 UTC 2018
------------------ testing $PTII/ptolemy/domains/de/test/auto/MergeModel1Add.xml
auto.tcl: Setting watchdog for 200 seconds at Wed Jun 20 23:06:27 UTC 2018
25 ms. Memory: 331264K Free: 298876K (90%)
ptolemy.util.test.WatchDog.cancel(): canceling Wed Jun 20 23:06:28 UTC 2018
auto.tcl: Setting watchdog for 200 seconds at Wed Jun 20 23:06:28 UTC 2018
15 ms. Memory: 331264K Free: 298876K (90%)
ptolemy.util.test.WatchDog.cancel(): canceling Wed Jun 20 23:06:28 UTC 2018
------------------ testing $PTII/ptolemy/domains/de/test/auto/MergeModel2Add.xml
auto.tcl: Setting watchdog for 200 seconds at Wed Jun 20 23:06:28 UTC 2018
10 ms. Memory: 331264K Free: 304169K (92%)
ptolemy.util.test.WatchDog.cancel(): canceling Wed Jun 20 23:06:28 UTC 2018
auto.tcl: Setting watchdog for 200 seconds at Wed Jun 20 23:06:28 UTC 2018
7 ms. Memory: 331264K Free: 300214K (91%)
ptolemy.util.test.WatchDog.cancel(): canceling Wed Jun 20 23:06:28 UTC 2018
------------------ testing $PTII/ptolemy/domains/de/test/auto/MergeModel3Add.xml
auto.tcl: Setting watchdog for 200 seconds at Wed Jun 20 23:06:28 UTC 2018
9 ms. Memory: 331264K Free: 304171K (92%)
ptolemy.util.test.WatchDog.cancel(): canceling Wed Jun 20 23:06:28 UTC 2018
auto.tcl: Setting watchdog for 200 seconds at Wed Jun 20 23:06:28 UTC 2018
8 ms. Memory: 331264K Free: 300232K (91%)
ptolemy.util.test.WatchDog.cancel(): canceling Wed Jun 20 23:06:28 UTC 2018
------------------ testing $PTII/ptolemy/domains/de/test/auto/MergeWithoutDiscard.xml
auto.tcl: Setting watchdog for 200 seconds at Wed Jun 20 23:06:28 UTC 2018
2 ms. Memory: 331264K Free: 315325K (95%)
ptolemy.util.test.WatchDog.cancel(): canceling Wed Jun 20 23:06:28 UTC 2018
auto.tcl: Setting watchdog for 200 seconds at Wed Jun 20 23:06:28 UTC 2018
1 ms. Memory: 331264K Free: 311386K (94%)
ptolemy.util.test.WatchDog.cancel(): canceling Wed Jun 20 23:06:28 UTC 2018
------------------ testing $PTII/ptolemy/domains/de/test/auto/Modal1.xml
auto.tcl: Setting watchdog for 200 seconds at Wed Jun 20 23:06:28 UTC 2018
20 ms. Memory: 331264K Free: 309930K (94%)
ptolemy.util.test.WatchDog.cancel(): canceling Wed Jun 20 23:06:28 UTC 2018
auto.tcl: Setting watchdog for 200 seconds at Wed Jun 20 23:06:28 UTC 2018
19 ms. Memory: 331264K Free: 305991K (92%)
ptolemy.util.test.WatchDog.cancel(): canceling Wed Jun 20 23:06:28 UTC 2018
------------------ testing $PTII/ptolemy/domains/de/test/auto/Modal2.xml
auto.tcl: Setting watchdog for 200 seconds at Wed Jun 20 23:06:28 UTC 2018
18 ms. Memory: 331264K Free: 309759K (94%)
ptolemy.util.test.WatchDog.cancel(): canceling Wed Jun 20 23:06:28 UTC 2018
auto.tcl: Setting watchdog for 200 seconds at Wed Jun 20 23:06:28 UTC 2018
9 ms. Memory: 331264K Free: 305820K (92%)
ptolemy.util.test.WatchDog.cancel(): canceling Wed Jun 20 23:06:28 UTC 2018
------------------ testing $PTII/ptolemy/domains/de/test/auto/Modal3.xml
auto.tcl: Setting watchdog for 200 seconds at Wed Jun 20 23:06:28 UTC 2018
9 ms. Memory: 331264K Free: 309850K (94%)
ptolemy.util.test.WatchDog.cancel(): canceling Wed Jun 20 23:06:28 UTC 2018
auto.tcl: Setting watchdog for 200 seconds at Wed Jun 20 23:06:28 UTC 2018
9 ms. Memory: 331264K Free: 305625K (92%)
ptolemy.util.test.WatchDog.cancel(): canceling Wed Jun 20 23:06:28 UTC 2018
------------------ testing $PTII/ptolemy/domains/de/test/auto/Modal4.xml
auto.tcl: Setting watchdog for 200 seconds at Wed Jun 20 23:06:28 UTC 2018
24 ms. Memory: 331264K Free: 309592K (93%)
ptolemy.util.test.WatchDog.cancel(): canceling Wed Jun 20 23:06:28 UTC 2018
auto.tcl: Setting watchdog for 200 seconds at Wed Jun 20 23:06:28 UTC 2018
16 ms. Memory: 331264K Free: 305637K (92%)
ptolemy.util.test.WatchDog.cancel(): canceling Wed Jun 20 23:06:28 UTC 2018
------------------ testing $PTII/ptolemy/domains/de/test/auto/Modal5.xml
auto.tcl: Setting watchdog for 200 seconds at Wed Jun 20 23:06:28 UTC 2018
20 ms. Memory: 331264K Free: 309564K (93%)
ptolemy.util.test.WatchDog.cancel(): canceling Wed Jun 20 23:06:28 UTC 2018
auto.tcl: Setting watchdog for 200 seconds at Wed Jun 20 23:06:28 UTC 2018
10 ms. Memory: 331264K Free: 305609K (92%)
ptolemy.util.test.WatchDog.cancel(): canceling Wed Jun 20 23:06:28 UTC 2018
------------------ testing $PTII/ptolemy/domains/de/test/auto/Modal6.xml
auto.tcl: Setting watchdog for 200 seconds at Wed Jun 20 23:06:28 UTC 2018
15 ms. Memory: 331264K Free: 309561K (93%)
ptolemy.util.test.WatchDog.cancel(): canceling Wed Jun 20 23:06:29 UTC 2018
auto.tcl: Setting watchdog for 200 seconds at Wed Jun 20 23:06:29 UTC 2018
15 ms. Memory: 331264K Free: 305606K (92%)
ptolemy.util.test.WatchDog.cancel(): canceling Wed Jun 20 23:06:29 UTC 2018
------------------ testing $PTII/ptolemy/domains/de/test/auto/Modal7.xml
auto.tcl: Setting watchdog for 200 seconds at Wed Jun 20 23:06:29 UTC 2018
10 ms. Memory: 331264K Free: 309545K (93%)
ptolemy.util.test.WatchDog.cancel(): canceling Wed Jun 20 23:06:29 UTC 2018
auto.tcl: Setting watchdog for 200 seconds at Wed Jun 20 23:06:29 UTC 2018
9 ms. Memory: 331264K Free: 305591K (92%)
ptolemy.util.test.WatchDog.cancel(): canceling Wed Jun 20 23:06:29 UTC 2018
------------------ testing $PTII/ptolemy/domains/de/test/auto/ModalModel.xml
auto.tcl: Setting watchdog for 200 seconds at Wed Jun 20 23:06:29 UTC 2018
199 ms. Memory: 331264K Free: 248368K (75%)
ptolemy.util.test.WatchDog.cancel(): canceling Wed Jun 20 23:06:29 UTC 2018
auto.tcl: Setting watchdog for 200 seconds at Wed Jun 20 23:06:29 UTC 2018
176 ms. Memory: 331264K Free: 193090K (58%)
ptolemy.util.test.WatchDog.cancel(): canceling Wed Jun 20 23:06:29 UTC 2018
------------------ testing $PTII/ptolemy/domains/de/test/auto/ModalSource.xml
auto.tcl: Setting watchdog for 200 seconds at Wed Jun 20 23:06:29 UTC 2018
10 ms. Memory: 331264K Free: 316308K (95%)
ptolemy.util.test.WatchDog.cancel(): canceling Wed Jun 20 23:06:29 UTC 2018
auto.tcl: Setting watchdog for 200 seconds at Wed Jun 20 23:06:29 UTC 2018
5 ms. Memory: 331264K Free: 312783K (94%)
ptolemy.util.test.WatchDog.cancel(): canceling Wed Jun 20 23:06:29 UTC 2018
------------------ testing $PTII/ptolemy/domains/de/test/auto/NonInterruptibleTimerZeroDelay.xml
auto.tcl: Setting watchdog for 200 seconds at Wed Jun 20 23:06:29 UTC 2018
4 ms. Memory: 331264K Free: 320680K (97%)
ptolemy.util.test.WatchDog.cancel(): canceling Wed Jun 20 23:06:29 UTC 2018
auto.tcl: Setting watchdog for 200 seconds at Wed Jun 20 23:06:29 UTC 2018
2 ms. Memory: 331264K Free: 317139K (96%)
ptolemy.util.test.WatchDog.cancel(): canceling Wed Jun 20 23:06:29 UTC 2018
------------------ testing $PTII/ptolemy/domains/de/test/auto/OpenQueueingNetwork.xml
auto.tcl: Setting watchdog for 200 seconds at Wed Jun 20 23:06:29 UTC 2018
2491 ms. Memory: 573952K Free: 421734K (73%)
ptolemy.util.test.WatchDog.cancel(): canceling Wed Jun 20 23:06:32 UTC 2018
auto.tcl: Setting watchdog for 200 seconds at Wed Jun 20 23:06:32 UTC 2018
2216 ms. Memory: 574464K Free: 355351K (62%)
ptolemy.util.test.WatchDog.cancel(): canceling Wed Jun 20 23:06:34 UTC 2018
------------------ testing $PTII/ptolemy/domains/de/test/auto/OpenQueuingNetwork.xml
auto.tcl: Setting watchdog for 200 seconds at Wed Jun 20 23:06:34 UTC 2018
223 ms. Memory: 1064960K Free: 945673K (89%)
ptolemy.util.test.WatchDog.cancel(): canceling Wed Jun 20 23:06:35 UTC 2018
auto.tcl: Setting watchdog for 200 seconds at Wed Jun 20 23:06:35 UTC 2018
225 ms. Memory: 1064960K Free: 888230K (83%)
ptolemy.util.test.WatchDog.cancel(): canceling Wed Jun 20 23:06:35 UTC 2018
------------------ testing $PTII/ptolemy/domains/de/test/auto/PeriodicSampler.xml
auto.tcl: Setting watchdog for 200 seconds at Wed Jun 20 23:06:35 UTC 2018
2 ms. Memory: 1065472K Free: 1029144K (97%)
ptolemy.util.test.WatchDog.cancel(): canceling Wed Jun 20 23:06:35 UTC 2018
auto.tcl: Setting watchdog for 200 seconds at Wed Jun 20 23:06:35 UTC 2018
2 ms. Memory: 1065472K Free: 1029144K (97%)
ptolemy.util.test.WatchDog.cancel(): canceling Wed Jun 20 23:06:35 UTC 2018
------------------ testing $PTII/ptolemy/domains/de/test/auto/PersistentIO.xml
auto.tcl: Setting watchdog for 200 seconds at Wed Jun 20 23:06:35 UTC 2018
15 ms. Memory: 1064960K Free: 1029215K (97%)
ptolemy.util.test.WatchDog.cancel(): canceling Wed Jun 20 23:06:35 UTC 2018
auto.tcl: Setting watchdog for 200 seconds at Wed Jun 20 23:06:35 UTC 2018
4 ms. Memory: 1064960K Free: 1029215K (97%)
ptolemy.util.test.WatchDog.cancel(): canceling Wed Jun 20 23:06:35 UTC 2018
------------------ testing $PTII/ptolemy/domains/de/test/auto/PortParameterResetOnInitialize.xml
auto.tcl: Setting watchdog for 200 seconds at Wed Jun 20 23:06:35 UTC 2018
2 ms. Memory: 1065472K Free: 1029106K (97%)
ptolemy.util.test.WatchDog.cancel(): canceling Wed Jun 20 23:06:35 UTC 2018
auto.tcl: Setting watchdog for 200 seconds at Wed Jun 20 23:06:35 UTC 2018
2 ms. Memory: 1065472K Free: 1029106K (97%)
ptolemy.util.test.WatchDog.cancel(): canceling Wed Jun 20 23:06:35 UTC 2018
------------------ testing $PTII/ptolemy/domains/de/test/auto/PortParameterUpdates.xml
auto.tcl: Setting watchdog for 200 seconds at Wed Jun 20 23:06:35 UTC 2018
3 ms. Memory: 1065472K Free: 1029721K (97%)
ptolemy.util.test.WatchDog.cancel(): canceling Wed Jun 20 23:06:35 UTC 2018
auto.tcl: Setting watchdog for 200 seconds at Wed Jun 20 23:06:35 UTC 2018
5 ms. Memory: 1065472K Free: 1029721K (97%)
ptolemy.util.test.WatchDog.cancel(): canceling Wed Jun 20 23:06:35 UTC 2018
------------------ testing $PTII/ptolemy/domains/de/test/auto/QueueAndServer.xml
auto.tcl: Setting watchdog for 200 seconds at Wed Jun 20 23:06:35 UTC 2018
13 ms. Memory: 1065472K Free: 1039022K (98%)
ptolemy.util.test.WatchDog.cancel(): canceling Wed Jun 20 23:06:35 UTC 2018
auto.tcl: Setting watchdog for 200 seconds at Wed Jun 20 23:06:35 UTC 2018
6 ms. Memory: 1065472K Free: 1039022K (98%)
ptolemy.util.test.WatchDog.cancel(): canceling Wed Jun 20 23:06:35 UTC 2018
------------------ testing $PTII/ptolemy/domains/de/test/auto/Records.xml
auto.tcl: Setting watchdog for 200 seconds at Wed Jun 20 23:06:35 UTC 2018
12 ms. Memory: 1065472K Free: 1038964K (98%)
ptolemy.util.test.WatchDog.cancel(): canceling Wed Jun 20 23:06:35 UTC 2018
auto.tcl: Setting watchdog for 200 seconds at Wed Jun 20 23:06:35 UTC 2018
2 ms. Memory: 1065472K Free: 1038964K (98%)
ptolemy.util.test.WatchDog.cancel(): canceling Wed Jun 20 23:06:35 UTC 2018
------------------ testing $PTII/ptolemy/domains/de/test/auto/ResetTransitionWithStartTime1.xml
auto.tcl: Setting watchdog for 200 seconds at Wed Jun 20 23:06:35 UTC 2018
13 ms. Memory: 1065472K Free: 1038989K (98%)
ptolemy.util.test.WatchDog.cancel(): canceling Wed Jun 20 23:06:35 UTC 2018
auto.tcl: Setting watchdog for 200 seconds at Wed Jun 20 23:06:35 UTC 2018
5 ms. Memory: 1065472K Free: 1038989K (98%)
ptolemy.util.test.WatchDog.cancel(): canceling Wed Jun 20 23:06:35 UTC 2018
------------------ testing $PTII/ptolemy/domains/de/test/auto/ResetTransitionWithStartTime2.xml
auto.tcl: Setting watchdog for 200 seconds at Wed Jun 20 23:06:35 UTC 2018
6 ms. Memory: 1064448K Free: 1038438K (98%)
ptolemy.util.test.WatchDog.cancel(): canceling Wed Jun 20 23:06:35 UTC 2018
auto.tcl: Setting watchdog for 200 seconds at Wed Jun 20 23:06:35 UTC 2018
11 ms. Memory: 1064448K Free: 1038438K (98%)
ptolemy.util.test.WatchDog.cancel(): canceling Wed Jun 20 23:06:35 UTC 2018
------------------ testing $PTII/ptolemy/domains/de/test/auto/ResetTransitionWithStartTime3.xml
auto.tcl: Setting watchdog for 200 seconds at Wed Jun 20 23:06:36 UTC 2018
6 ms. Memory: 1064960K Free: 1038467K (98%)
ptolemy.util.test.WatchDog.cancel(): canceling Wed Jun 20 23:06:36 UTC 2018
auto.tcl: Setting watchdog for 200 seconds at Wed Jun 20 23:06:36 UTC 2018
3 ms. Memory: 1064960K Free: 1038467K (98%)
ptolemy.util.test.WatchDog.cancel(): canceling Wed Jun 20 23:06:36 UTC 2018
------------------ testing $PTII/ptolemy/domains/de/test/auto/ResetTransitionWithStartTime4.xml
auto.tcl: Setting watchdog for 200 seconds at Wed Jun 20 23:06:36 UTC 2018
5 ms. Memory: 1064960K Free: 1038465K (98%)
ptolemy.util.test.WatchDog.cancel(): canceling Wed Jun 20 23:06:36 UTC 2018
auto.tcl: Setting watchdog for 200 seconds at Wed Jun 20 23:06:36 UTC 2018
5 ms. Memory: 1064960K Free: 1038465K (98%)
ptolemy.util.test.WatchDog.cancel(): canceling Wed Jun 20 23:06:36 UTC 2018
------------------ testing $PTII/ptolemy/domains/de/test/auto/ResettableTimer1.xml
auto.tcl: Setting watchdog for 200 seconds at Wed Jun 20 23:06:36 UTC 2018
2 ms. Memory: 1064960K Free: 1038461K (98%)
ptolemy.util.test.WatchDog.cancel(): canceling Wed Jun 20 23:06:36 UTC 2018
auto.tcl: Setting watchdog for 200 seconds at Wed Jun 20 23:06:36 UTC 2018
2 ms. Memory: 1064960K Free: 1038461K (98%)
ptolemy.util.test.WatchDog.cancel(): canceling Wed Jun 20 23:06:36 UTC 2018
------------------ testing $PTII/ptolemy/domains/de/test/auto/ResettableTimer2.xml
auto.tcl: Setting watchdog for 200 seconds at Wed Jun 20 23:06:36 UTC 2018
8 ms. Memory: 1064960K Free: 1039001K (98%)
ptolemy.util.test.WatchDog.cancel(): canceling Wed Jun 20 23:06:36 UTC 2018
auto.tcl: Setting watchdog for 200 seconds at Wed Jun 20 23:06:36 UTC 2018
2 ms. Memory: 1064960K Free: 1039001K (98%)
ptolemy.util.test.WatchDog.cancel(): canceling Wed Jun 20 23:06:36 UTC 2018
------------------ testing $PTII/ptolemy/domains/de/test/auto/ResettableTimer3.xml
auto.tcl: Setting watchdog for 200 seconds at Wed Jun 20 23:06:36 UTC 2018
1 ms. Memory: 1064960K Free: 1038519K (98%)
ptolemy.util.test.WatchDog.cancel(): canceling Wed Jun 20 23:06:36 UTC 2018
auto.tcl: Setting watchdog for 200 seconds at Wed Jun 20 23:06:36 UTC 2018
1 ms. Memory: 1064960K Free: 1038519K (98%)
ptolemy.util.test.WatchDog.cancel(): canceling Wed Jun 20 23:06:36 UTC 2018
------------------ testing $PTII/ptolemy/domains/de/test/auto/ResettableTimer4.xml
auto.tcl: Setting watchdog for 200 seconds at Wed Jun 20 23:06:36 UTC 2018
2 ms. Memory: 1063936K Free: 1037989K (98%)
ptolemy.util.test.WatchDog.cancel(): canceling Wed Jun 20 23:06:36 UTC 2018
auto.tcl: Setting watchdog for 200 seconds at Wed Jun 20 23:06:36 UTC 2018
1 ms. Memory: 1063936K Free: 1037989K (98%)
ptolemy.util.test.WatchDog.cancel(): canceling Wed Jun 20 23:06:36 UTC 2018
------------------ testing $PTII/ptolemy/domains/de/test/auto/ResettableTimer5.xml
auto.tcl: Setting watchdog for 200 seconds at Wed Jun 20 23:06:36 UTC 2018
2 ms. Memory: 1064448K Free: 1028680K (97%)
ptolemy.util.test.WatchDog.cancel(): canceling Wed Jun 20 23:06:36 UTC 2018
auto.tcl: Setting watchdog for 200 seconds at Wed Jun 20 23:06:36 UTC 2018
1 ms. Memory: 1064448K Free: 1028680K (97%)
ptolemy.util.test.WatchDog.cancel(): canceling Wed Jun 20 23:06:36 UTC 2018
------------------ testing $PTII/ptolemy/domains/de/test/auto/ResettableTimer6.xml
auto.tcl: Setting watchdog for 200 seconds at Wed Jun 20 23:06:36 UTC 2018
2 ms. Memory: 1064448K Free: 1028147K (97%)
ptolemy.util.test.WatchDog.cancel(): canceling Wed Jun 20 23:06:36 UTC 2018
auto.tcl: Setting watchdog for 200 seconds at Wed Jun 20 23:06:36 UTC 2018
1 ms. Memory: 1064448K Free: 1028147K (97%)
ptolemy.util.test.WatchDog.cancel(): canceling Wed Jun 20 23:06:36 UTC 2018
------------------ testing $PTII/ptolemy/domains/de/test/auto/ServerZeroDelay.xml
auto.tcl: Setting watchdog for 200 seconds at Wed Jun 20 23:06:36 UTC 2018
4 ms. Memory: 1064448K Free: 1038440K (98%)
ptolemy.util.test.WatchDog.cancel(): canceling Wed Jun 20 23:06:36 UTC 2018
auto.tcl: Setting watchdog for 200 seconds at Wed Jun 20 23:06:36 UTC 2018
2 ms. Memory: 1064448K Free: 1038440K (98%)
ptolemy.util.test.WatchDog.cancel(): canceling Wed Jun 20 23:06:36 UTC 2018
------------------ testing $PTII/ptolemy/domains/de/test/auto/SmartSender.xml
auto.tcl: Setting watchdog for 200 seconds at Wed Jun 20 23:06:36 UTC 2018
3002 ms. Memory: 1064448K Free: 1028615K (97%)
ptolemy.util.test.WatchDog.cancel(): canceling Wed Jun 20 23:06:39 UTC 2018
auto.tcl: Setting watchdog for 200 seconds at Wed Jun 20 23:06:39 UTC 2018
3001 ms. Memory: 1064448K Free: 1028615K (97%)
ptolemy.util.test.WatchDog.cancel(): canceling Wed Jun 20 23:06:42 UTC 2018
------------------ testing $PTII/ptolemy/domains/de/test/auto/ThreadedComposite.xml
auto.tcl: Setting watchdog for 200 seconds at Wed Jun 20 23:06:42 UTC 2018
190 ms. Memory: 1064448K Free: 996996K (94%)
ptolemy.util.test.WatchDog.cancel(): canceling Wed Jun 20 23:06:42 UTC 2018
auto.tcl: Setting watchdog for 200 seconds at Wed Jun 20 23:06:42 UTC 2018
118 ms. Memory: 1064448K Free: 977355K (92%)
ptolemy.util.test.WatchDog.cancel(): canceling Wed Jun 20 23:06:43 UTC 2018
------------------ testing $PTII/ptolemy/domains/de/test/auto/Time.xml
auto.tcl: Setting watchdog for 200 seconds at Wed Jun 20 23:06:43 UTC 2018
498 ms. Memory: 1064448K Free: 988578K (93%)
ptolemy.util.test.WatchDog.cancel(): canceling Wed Jun 20 23:06:43 UTC 2018
auto.tcl: Setting watchdog for 200 seconds at Wed Jun 20 23:06:43 UTC 2018
466 ms. Memory: 1064448K Free: 931105K (87%)
ptolemy.util.test.WatchDog.cancel(): canceling Wed Jun 20 23:06:44 UTC 2018
------------------ testing $PTII/ptolemy/domains/de/test/auto/TimeDelayZeroDelay.xml
auto.tcl: Setting watchdog for 200 seconds at Wed Jun 20 23:06:44 UTC 2018
2 ms. Memory: 1064448K Free: 1037876K (98%)
ptolemy.util.test.WatchDog.cancel(): canceling Wed Jun 20 23:06:44 UTC 2018
auto.tcl: Setting watchdog for 200 seconds at Wed Jun 20 23:06:44 UTC 2018
2 ms. Memory: 1064448K Free: 1037876K (98%)
ptolemy.util.test.WatchDog.cancel(): canceling Wed Jun 20 23:06:44 UTC 2018
------------------ testing $PTII/ptolemy/domains/de/test/auto/TimerZeroDelay.xml
auto.tcl: Setting watchdog for 200 seconds at Wed Jun 20 23:06:44 UTC 2018
2 ms. Memory: 1063424K Free: 1037379K (98%)
ptolemy.util.test.WatchDog.cancel(): canceling Wed Jun 20 23:06:44 UTC 2018
auto.tcl: Setting watchdog for 200 seconds at Wed Jun 20 23:06:44 UTC 2018
1 ms. Memory: 1063424K Free: 1037379K (98%)
ptolemy.util.test.WatchDog.cancel(): canceling Wed Jun 20 23:06:44 UTC 2018
------------------ testing $PTII/ptolemy/domains/de/test/auto/TimingParadox.xml
auto.tcl: Setting watchdog for 200 seconds at Wed Jun 20 23:06:44 UTC 2018
341 ms. Memory: 1063936K Free: 973448K (91%)
ptolemy.util.test.WatchDog.cancel(): canceling Wed Jun 20 23:06:44 UTC 2018
auto.tcl: Setting watchdog for 200 seconds at Wed Jun 20 23:06:44 UTC 2018
325 ms. Memory: 1063936K Free: 938964K (88%)
ptolemy.util.test.WatchDog.cancel(): canceling Wed Jun 20 23:06:44 UTC 2018
------------------ testing $PTII/ptolemy/domains/de/test/auto/TransferInputs.xml
auto.tcl: Setting watchdog for 200 seconds at Wed Jun 20 23:06:45 UTC 2018
2 ms. Memory: 1063424K Free: 1036294K (97%)
ptolemy.util.test.WatchDog.cancel(): canceling Wed Jun 20 23:06:45 UTC 2018
auto.tcl: Setting watchdog for 200 seconds at Wed Jun 20 23:06:45 UTC 2018
1 ms. Memory: 1063424K Free: 1036294K (97%)
ptolemy.util.test.WatchDog.cancel(): canceling Wed Jun 20 23:06:45 UTC 2018
------------------ testing $PTII/ptolemy/domains/de/test/auto/TransferOutputs2.xml
auto.tcl: Setting watchdog for 200 seconds at Wed Jun 20 23:06:45 UTC 2018
4 ms. Memory: 1063936K Free: 1028092K (97%)
ptolemy.util.test.WatchDog.cancel(): canceling Wed Jun 20 23:06:45 UTC 2018
auto.tcl: Setting watchdog for 200 seconds at Wed Jun 20 23:06:45 UTC 2018
3 ms. Memory: 1063936K Free: 1028092K (97%)
ptolemy.util.test.WatchDog.cancel(): canceling Wed Jun 20 23:06:45 UTC 2018
------------------ testing $PTII/ptolemy/domains/de/test/auto/Trilateration.xml
auto.tcl: Setting watchdog for 200 seconds at Wed Jun 20 23:06:45 UTC 2018
13836 ms. Memory: 933376K Free: 745568K (80%)
ptolemy.util.test.WatchDog.cancel(): canceling Wed Jun 20 23:06:59 UTC 2018
auto.tcl: Setting watchdog for 200 seconds at Wed Jun 20 23:06:59 UTC 2018
11002 ms. Memory: 812544K Free: 464576K (57%)
ptolemy.util.test.WatchDog.cancel(): canceling Wed Jun 20 23:07:10 UTC 2018
------------------ testing $PTII/ptolemy/domains/de/test/auto/TwoSigmaDelta.xml
auto.tcl: Setting watchdog for 200 seconds at Wed Jun 20 23:07:11 UTC 2018
2619 ms. Memory: 816640K Free: 526726K (64%)
ptolemy.util.test.WatchDog.cancel(): canceling Wed Jun 20 23:07:13 UTC 2018
auto.tcl: Setting watchdog for 200 seconds at Wed Jun 20 23:07:13 UTC 2018
1918 ms. Memory: 816640K Free: 294194K (36%)
ptolemy.util.test.WatchDog.cancel(): canceling Wed Jun 20 23:07:15 UTC 2018
------------------ testing $PTII/ptolemy/domains/de/test/auto/VariableDelay.xml
auto.tcl: Setting watchdog for 200 seconds at Wed Jun 20 23:07:15 UTC 2018
3 ms. Memory: 813056K Free: 789994K (97%)
ptolemy.util.test.WatchDog.cancel(): canceling Wed Jun 20 23:07:15 UTC 2018
auto.tcl: Setting watchdog for 200 seconds at Wed Jun 20 23:07:15 UTC 2018
2 ms. Memory: 813056K Free: 789994K (97%)
ptolemy.util.test.WatchDog.cancel(): canceling Wed Jun 20 23:07:15 UTC 2018
------------------ testing $PTII/ptolemy/domains/de/test/auto/VariableDelay2.xml
auto.tcl: Setting watchdog for 200 seconds at Wed Jun 20 23:07:15 UTC 2018
6 ms. Memory: 812544K Free: 789937K (97%)
ptolemy.util.test.WatchDog.cancel(): canceling Wed Jun 20 23:07:15 UTC 2018
auto.tcl: Setting watchdog for 200 seconds at Wed Jun 20 23:07:15 UTC 2018
2 ms. Memory: 812544K Free: 789937K (97%)
ptolemy.util.test.WatchDog.cancel(): canceling Wed Jun 20 23:07:15 UTC 2018
------------------ testing $PTII/ptolemy/domains/de/test/auto/VariableDelayZeroDelay.xml
auto.tcl: Setting watchdog for 200 seconds at Wed Jun 20 23:07:15 UTC 2018
2 ms. Memory: 812544K Free: 789936K (97%)
ptolemy.util.test.WatchDog.cancel(): canceling Wed Jun 20 23:07:15 UTC 2018
auto.tcl: Setting watchdog for 200 seconds at Wed Jun 20 23:07:15 UTC 2018
2 ms. Memory: 812544K Free: 789936K (97%)
ptolemy.util.test.WatchDog.cancel(): canceling Wed Jun 20 23:07:15 UTC 2018
------------------ testing $PTII/ptolemy/domains/de/test/auto/VariableDelayZeroDelay2.xml
auto.tcl: Setting watchdog for 200 seconds at Wed Jun 20 23:07:15 UTC 2018
5 ms. Memory: 816128K Free: 786206K (96%)
ptolemy.util.test.WatchDog.cancel(): canceling Wed Jun 20 23:07:16 UTC 2018
auto.tcl: Setting watchdog for 200 seconds at Wed Jun 20 23:07:16 UTC 2018
2 ms. Memory: 816128K Free: 786206K (96%)
ptolemy.util.test.WatchDog.cancel(): canceling Wed Jun 20 23:07:16 UTC 2018
------------------ testing $PTII/ptolemy/domains/de/test/auto/deInCt.xml
auto.tcl: Setting watchdog for 200 seconds at Wed Jun 20 23:07:16 UTC 2018
0
1
1
1
0
0
0
0
1
1
1
1
0
0
0
1
1
1
0
0
0
0
1
1
1
0
0
0
1
1
1
1
0
0
0
0
14 ms. Memory: 812544K Free: 782578K (96%)
ptolemy.util.test.WatchDog.cancel(): canceling Wed Jun 20 23:07:16 UTC 2018
auto.tcl: Setting watchdog for 200 seconds at Wed Jun 20 23:07:16 UTC 2018
0
1
1
1
0
0
0
1
1
1
1
0
0
0
1
1
0
0
0
1
1
1
0
0
1
1
1
1
1
0
0
0
1
1
1
0
0
0
1
1
1
1
0
0
0
0
11 ms. Memory: 812544K Free: 782578K (96%)
ptolemy.util.test.WatchDog.cancel(): canceling Wed Jun 20 23:07:16 UTC 2018
------------------ testing $PTII/ptolemy/domains/de/test/auto/deInCt2.xml
auto.tcl: Setting watchdog for 200 seconds at Wed Jun 20 23:07:16 UTC 2018
0
1
1
1
0
0
1
1
1
0
0
1
1
1
0
0
1
1
1
0
0
1
1
1
0
0
1
1
1
0
0
1
1
1
0
0
1
1
1
0
0
0
13 ms. Memory: 815616K Free: 785650K (96%)
ptolemy.util.test.WatchDog.cancel(): canceling Wed Jun 20 23:07:16 UTC 2018
auto.tcl: Setting watchdog for 200 seconds at Wed Jun 20 23:07:16 UTC 2018
0
1
1
1
0
0
1
1
1
0
0
1
1
1
0
0
1
1
1
0
0
1
1
1
0
0
1
1
1
0
0
1
1
1
0
0
1
1
1
0
0
0
11 ms. Memory: 815616K Free: 785650K (96%)
ptolemy.util.test.WatchDog.cancel(): canceling Wed Jun 20 23:07:16 UTC 2018
------------------ testing $PTII/ptolemy/domains/de/test/auto/dynamicCausalityInterface1.xml
auto.tcl: Setting watchdog for 200 seconds at Wed Jun 20 23:07:16 UTC 2018
1 ms. Memory: 812544K Free: 789927K (97%)
ptolemy.util.test.WatchDog.cancel(): canceling Wed Jun 20 23:07:16 UTC 2018
auto.tcl: Setting watchdog for 200 seconds at Wed Jun 20 23:07:16 UTC 2018
1 ms. Memory: 812544K Free: 789927K (97%)
ptolemy.util.test.WatchDog.cancel(): canceling Wed Jun 20 23:07:16 UTC 2018
------------------ testing $PTII/ptolemy/domains/de/test/auto/fsm_de_test.xml
auto.tcl: Setting watchdog for 200 seconds at Wed Jun 20 23:07:16 UTC 2018
10 ms. Memory: 815104K Free: 785071K (96%)
ptolemy.util.test.WatchDog.cancel(): canceling Wed Jun 20 23:07:16 UTC 2018
auto.tcl: Setting watchdog for 200 seconds at Wed Jun 20 23:07:16 UTC 2018
8 ms. Memory: 815104K Free: 785071K (96%)
ptolemy.util.test.WatchDog.cancel(): canceling Wed Jun 20 23:07:16 UTC 2018
------------------ testing $PTII/ptolemy/domains/de/test/auto/functionDependencyReconstruction.xml
auto.tcl: Setting watchdog for 200 seconds at Wed Jun 20 23:07:16 UTC 2018
3 ms. Memory: 812544K Free: 772053K (95%)
ptolemy.util.test.WatchDog.cancel(): canceling Wed Jun 20 23:07:16 UTC 2018
auto.tcl: Setting watchdog for 200 seconds at Wed Jun 20 23:07:16 UTC 2018
3 ms. Memory: 812544K Free: 772053K (95%)
ptolemy.util.test.WatchDog.cancel(): canceling Wed Jun 20 23:07:16 UTC 2018
------------------ testing $PTII/ptolemy/domains/de/test/auto/multirate.xml
auto.tcl: Setting watchdog for 200 seconds at Wed Jun 20 23:07:16 UTC 2018
3 ms. Memory: 814592K Free: 784426K (96%)
ptolemy.util.test.WatchDog.cancel(): canceling Wed Jun 20 23:07:16 UTC 2018
auto.tcl: Setting watchdog for 200 seconds at Wed Jun 20 23:07:16 UTC 2018
3 ms. Memory: 814592K Free: 784426K (96%)
ptolemy.util.test.WatchDog.cancel(): canceling Wed Jun 20 23:07:16 UTC 2018
------------------ testing $PTII/ptolemy/domains/de/test/auto/multirate2.xml
auto.tcl: Setting watchdog for 200 seconds at Wed Jun 20 23:07:16 UTC 2018
3 ms. Memory: 812544K Free: 782566K (96%)
ptolemy.util.test.WatchDog.cancel(): canceling Wed Jun 20 23:07:16 UTC 2018
auto.tcl: Setting watchdog for 200 seconds at Wed Jun 20 23:07:16 UTC 2018
3 ms. Memory: 812544K Free: 782566K (96%)
ptolemy.util.test.WatchDog.cancel(): canceling Wed Jun 20 23:07:16 UTC 2018
------------------ testing $PTII/ptolemy/domains/de/test/auto/realtime.xml
auto.tcl: Setting watchdog for 200 seconds at Wed Jun 20 23:07:16 UTC 2018
10003 ms. Memory: 814592K Free: 784571K (96%)
ptolemy.util.test.WatchDog.cancel(): canceling Wed Jun 20 23:07:26 UTC 2018
auto.tcl: Setting watchdog for 200 seconds at Wed Jun 20 23:07:26 UTC 2018
10001 ms. Memory: 814592K Free: 784571K (96%)
ptolemy.util.test.WatchDog.cancel(): canceling Wed Jun 20 23:07:36 UTC 2018
------------------ testing $PTII/ptolemy/domains/de/test/auto/relationGroup.xml
auto.tcl: Setting watchdog for 200 seconds at Wed Jun 20 23:07:36 UTC 2018
1 ms. Memory: 812544K Free: 782590K (96%)
ptolemy.util.test.WatchDog.cancel(): canceling Wed Jun 20 23:07:36 UTC 2018
auto.tcl: Setting watchdog for 200 seconds at Wed Jun 20 23:07:36 UTC 2018
1 ms. Memory: 812544K Free: 782590K (96%)
ptolemy.util.test.WatchDog.cancel(): canceling Wed Jun 20 23:07:36 UTC 2018
------------------ testing $PTII/ptolemy/domains/de/test/auto/relationGroup2.xml
auto.tcl: Setting watchdog for 200 seconds at Wed Jun 20 23:07:36 UTC 2018
1 ms. Memory: 814080K Free: 784152K (96%)
ptolemy.util.test.WatchDog.cancel(): canceling Wed Jun 20 23:07:36 UTC 2018
auto.tcl: Setting watchdog for 200 seconds at Wed Jun 20 23:07:36 UTC 2018
1 ms. Memory: 814080K Free: 784152K (96%)
ptolemy.util.test.WatchDog.cancel(): canceling Wed Jun 20 23:07:36 UTC 2018
------------------ testing $PTII/ptolemy/domains/de/test/auto/sortWithOpaquePorts.xml
auto.tcl: Setting watchdog for 200 seconds at Wed Jun 20 23:07:36 UTC 2018
1 ms. Memory: 812544K Free: 782618K (96%)
ptolemy.util.test.WatchDog.cancel(): canceling Wed Jun 20 23:07:36 UTC 2018
auto.tcl: Setting watchdog for 200 seconds at Wed Jun 20 23:07:36 UTC 2018
2 ms. Memory: 812544K Free: 782618K (96%)
ptolemy.util.test.WatchDog.cancel(): canceling Wed Jun 20 23:07:36 UTC 2018
------------------ testing $PTII/ptolemy/domains/de/test/auto/transferInputsandOutputs.xml
auto.tcl: Setting watchdog for 200 seconds at Wed Jun 20 23:07:36 UTC 2018
1 ms. Memory: 814080K Free: 784141K (96%)
ptolemy.util.test.WatchDog.cancel(): canceling Wed Jun 20 23:07:36 UTC 2018
auto.tcl: Setting watchdog for 200 seconds at Wed Jun 20 23:07:36 UTC 2018
2 ms. Memory: 814080K Free: 784141K (96%)
ptolemy.util.test.WatchDog.cancel(): canceling Wed Jun 20 23:07:36 UTC 2018
------------------ testing $PTII/ptolemy/domains/de/test/auto/triggerType.xml
auto.tcl: Setting watchdog for 200 seconds at Wed Jun 20 23:07:36 UTC 2018
1 ms. Memory: 812544K Free: 782555K (96%)
ptolemy.util.test.WatchDog.cancel(): canceling Wed Jun 20 23:07:36 UTC 2018
auto.tcl: Setting watchdog for 200 seconds at Wed Jun 20 23:07:36 UTC 2018
1 ms. Memory: 812544K Free: 782555K (96%)
ptolemy.util.test.WatchDog.cancel(): canceling Wed Jun 20 23:07:36 UTC 2018
06/20/18 11:07:36
Failed: 0  Total Tests: 192  ((Passed: 187, Newly Passed: 1)  Known Failed: 5) /home/travis/build/icyphy/ptII/ptolemy/domains/de/test
06/20/18 11:07:36
Failed: 0  Total Tests: 192  ((Passed: 187, Newly Passed: 1)  Known Failed: 5) /home/travis/build/icyphy/ptII/ptolemy/domains/de/test
----------------- testing (KnownFailure) /home/travis/build/icyphy/ptII/ptolemy/domains/de/test/auto/knownFailedTests/DESDFClockTest.xml
2007 ms. Memory: 813568K Free: 768969K (95%)
Known Failure: java.lang.reflect.InvocationTargetException
----------------- testing (KnownFailure) /home/travis/build/icyphy/ptII/ptolemy/domains/de/test/auto/knownFailedTests/DirectFeedback.xml
1 ms. Memory: 813568K Free: 710478K (87%)
Known Failure: java.lang.reflect.InvocationTargetException
----------------- testing (KnownFailure) /home/travis/build/icyphy/ptII/ptolemy/domains/de/test/auto/knownFailedTests/FSMSource.xml
3 ms. Memory: 813568K Free: 651987K (80%)
----------------- testing (KnownFailure) /home/travis/build/icyphy/ptII/ptolemy/domains/de/test/auto/knownFailedTests/HierarchicalModel.xml
3 ms. Memory: 813568K Free: 608102K (75%)
Known Failure: java.lang.reflect.InvocationTargetException
----------------- testing (KnownFailure) /home/travis/build/icyphy/ptII/ptolemy/domains/de/test/auto/knownFailedTests/dependencyLoop.xml
2 ms. Memory: 813568K Free: 549611K (68%)
Known Failure: java.lang.reflect.InvocationTargetException
----------------- testing (KnownFailure) /home/travis/build/icyphy/ptII/ptolemy/domains/de/test/auto/knownFailedTests/dependencyLoop2.xml
6 ms. Memory: 813568K Free: 476497K (59%)
Known Failure: java.lang.reflect.InvocationTargetException
No auto/linux-amd64/*.xml tests in /home/travis/build/icyphy/ptII/ptolemy/domains/de/test
AutoTests.java: About to close Vertx.
AutoTests.java: Vertx closed.

===========================================================================================
----------------- testing Wed Jun 20 23:07:39 UTC 2018 /home/travis/build/icyphy/ptII/ptolemy/domains/de/test/auto/ActorDepthCalculation_actorWithoutPorts.xml
----------------- Instantiating /home/travis/build/icyphy/ptII/ptolemy/domains/de/test/auto/ActorDepthCalculation_actorWithoutPorts.xml
1 ms. Memory: 813568K Free: 388761K (48%)
----------------- Invoking toplevel() on ptolemy.moml.MoMLSimpleApplication@7d41a8ec
----------------- Done invoking toplevel() on ptolemy.moml.MoMLSimpleApplication@7d41a8ec
reloadAllAccessors: .ActorDepthCalculation_actorWithoutPorts

===========================================================================================
----------------- testing Wed Jun 20 23:07:39 UTC 2018 /home/travis/build/icyphy/ptII/ptolemy/domains/de/test/auto/AssemblyLine.xml
----------------- Instantiating /home/travis/build/icyphy/ptII/ptolemy/domains/de/test/auto/AssemblyLine.xml
2 ms. Memory: 813568K Free: 359515K (44%)
----------------- Invoking toplevel() on ptolemy.moml.MoMLSimpleApplication@4b4066ff
----------------- Done invoking toplevel() on ptolemy.moml.MoMLSimpleApplication@4b4066ff
reloadAllAccessors: .AssemblyLine

===========================================================================================
----------------- testing Wed Jun 20 23:07:39 UTC 2018 /home/travis/build/icyphy/ptII/ptolemy/domains/de/test/auto/CQBug1.xml
----------------- Instantiating /home/travis/build/icyphy/ptII/ptolemy/domains/de/test/auto/CQBug1.xml
1 ms. Memory: 813568K Free: 330270K (41%)
----------------- Invoking toplevel() on ptolemy.moml.MoMLSimpleApplication@37e673f
----------------- Done invoking toplevel() on ptolemy.moml.MoMLSimpleApplication@37e673f
reloadAllAccessors: .CQBug1

===========================================================================================
----------------- testing Wed Jun 20 23:07:39 UTC 2018 /home/travis/build/icyphy/ptII/ptolemy/domains/de/test/auto/CancelFireAt.xml
----------------- Instantiating /home/travis/build/icyphy/ptII/ptolemy/domains/de/test/auto/CancelFireAt.xml
0 ms. Memory: 813568K Free: 301024K (37%)
----------------- Invoking toplevel() on ptolemy.moml.MoMLSimpleApplication@686b21e7
----------------- Done invoking toplevel() on ptolemy.moml.MoMLSimpleApplication@686b21e7
reloadAllAccessors: .CancelFireAt

===========================================================================================
----------------- testing Wed Jun 20 23:07:39 UTC 2018 /home/travis/build/icyphy/ptII/ptolemy/domains/de/test/auto/CausalityAndComposabilityAnalysis.xml
----------------- Instantiating /home/travis/build/icyphy/ptII/ptolemy/domains/de/test/auto/CausalityAndComposabilityAnalysis.xml
1 ms. Memory: 813568K Free: 271779K (33%)
----------------- Invoking toplevel() on ptolemy.moml.MoMLSimpleApplication@4e541955
----------------- Done invoking toplevel() on ptolemy.moml.MoMLSimpleApplication@4e541955
reloadAllAccessors: .CausalityAndComposabilityAnalysis

===========================================================================================
----------------- testing Wed Jun 20 23:07:39 UTC 2018 /home/travis/build/icyphy/ptII/ptolemy/domains/de/test/auto/CausalityInterface1.xml
----------------- Instantiating /home/travis/build/icyphy/ptII/ptolemy/domains/de/test/auto/CausalityInterface1.xml
3 ms. Memory: 813568K Free: 242533K (30%)
----------------- Invoking toplevel() on ptolemy.moml.MoMLSimpleApplication@36f8a70a
----------------- Done invoking toplevel() on ptolemy.moml.MoMLSimpleApplication@36f8a70a
reloadAllAccessors: .CausalityInterface1

===========================================================================================
----------------- testing Wed Jun 20 23:07:39 UTC 2018 /home/travis/build/icyphy/ptII/ptolemy/domains/de/test/auto/CausalityInterface15.xml
----------------- Instantiating /home/travis/build/icyphy/ptII/ptolemy/domains/de/test/auto/CausalityInterface15.xml
1 ms. Memory: 813568K Free: 213288K (26%)
----------------- Invoking toplevel() on ptolemy.moml.MoMLSimpleApplication@1203f4fa
----------------- Done invoking toplevel() on ptolemy.moml.MoMLSimpleApplication@1203f4fa
reloadAllAccessors: .CausalityInterface15

===========================================================================================
----------------- testing Wed Jun 20 23:07:39 UTC 2018 /home/travis/build/icyphy/ptII/ptolemy/domains/de/test/auto/CausalityInterface2.xml
----------------- Instantiating /home/travis/build/icyphy/ptII/ptolemy/domains/de/test/auto/CausalityInterface2.xml
1 ms. Memory: 813568K Free: 184042K (23%)
----------------- Invoking toplevel() on ptolemy.moml.MoMLSimpleApplication@74118638
----------------- Done invoking toplevel() on ptolemy.moml.MoMLSimpleApplication@74118638
reloadAllAccessors: .CausalityInterface2

===========================================================================================
----------------- testing Wed Jun 20 23:07:39 UTC 2018 /home/travis/build/icyphy/ptII/ptolemy/domains/de/test/auto/CausalityInterface3.xml
----------------- Instantiating /home/travis/build/icyphy/ptII/ptolemy/domains/de/test/auto/CausalityInterface3.xml
1 ms. Memory: 813568K Free: 154797K (19%)
----------------- Invoking toplevel() on ptolemy.moml.MoMLSimpleApplication@49ecda3c
----------------- Done invoking toplevel() on ptolemy.moml.MoMLSimpleApplication@49ecda3c
reloadAllAccessors: .CausalityInterface3

===========================================================================================
----------------- testing Wed Jun 20 23:07:39 UTC 2018 /home/travis/build/icyphy/ptII/ptolemy/domains/de/test/auto/ClockDrift.xml
----------------- Instantiating /home/travis/build/icyphy/ptII/ptolemy/domains/de/test/auto/ClockDrift.xml
9 ms. Memory: 813568K Free: 125551K (15%)
----------------- Invoking toplevel() on ptolemy.moml.MoMLSimpleApplication@5a1468c7
----------------- Done invoking toplevel() on ptolemy.moml.MoMLSimpleApplication@5a1468c7
reloadAllAccessors: .ClockDrift

===========================================================================================
----------------- testing Wed Jun 20 23:07:39 UTC 2018 /home/travis/build/icyphy/ptII/ptolemy/domains/de/test/auto/ClockDriftAndValueChange.xml
----------------- Instantiating /home/travis/build/icyphy/ptII/ptolemy/domains/de/test/auto/ClockDriftAndValueChange.xml
8 ms. Memory: 813568K Free: 96306K (12%)
----------------- Invoking toplevel() on ptolemy.moml.MoMLSimpleApplication@2dc03516
----------------- Done invoking toplevel() on ptolemy.moml.MoMLSimpleApplication@2dc03516
reloadAllAccessors: .ClockDriftAndValueChange

===========================================================================================
----------------- testing Wed Jun 20 23:07:39 UTC 2018 /home/travis/build/icyphy/ptII/ptolemy/domains/de/test/auto/ClockDriftChange.xml
----------------- Instantiating /home/travis/build/icyphy/ptII/ptolemy/domains/de/test/auto/ClockDriftChange.xml
7 ms. Memory: 813568K Free: 77552K (10%)
----------------- Invoking toplevel() on ptolemy.moml.MoMLSimpleApplication@47de9765
----------------- Done invoking toplevel() on ptolemy.moml.MoMLSimpleApplication@47de9765
reloadAllAccessors: .ClockDriftChange

===========================================================================================
----------------- testing Wed Jun 20 23:07:39 UTC 2018 /home/travis/build/icyphy/ptII/ptolemy/domains/de/test/auto/ComposableCausalityAnalysis.xml
----------------- Instantiating /home/travis/build/icyphy/ptII/ptolemy/domains/de/test/auto/ComposableCausalityAnalysis.xml
1 ms. Memory: 777728K Free: 744731K (96%)
----------------- Invoking toplevel() on ptolemy.moml.MoMLSimpleApplication@71e60035
----------------- Done invoking toplevel() on ptolemy.moml.MoMLSimpleApplication@71e60035
reloadAllAccessors: .ComposableCausalityAnalysis

===========================================================================================
----------------- testing Wed Jun 20 23:07:39 UTC 2018 /home/travis/build/icyphy/ptII/ptolemy/domains/de/test/auto/DEFixedPointLimitation.xml
----------------- Instantiating /home/travis/build/icyphy/ptII/ptolemy/domains/de/test/auto/DEFixedPointLimitation.xml
1 ms. Memory: 777728K Free: 710420K (91%)
----------------- Invoking toplevel() on ptolemy.moml.MoMLSimpleApplication@2257fe3b
----------------- Done invoking toplevel() on ptolemy.moml.MoMLSimpleApplication@2257fe3b
reloadAllAccessors: .DEFixedPointLimitation

===========================================================================================
----------------- testing Wed Jun 20 23:07:39 UTC 2018 /home/travis/build/icyphy/ptII/ptolemy/domains/de/test/auto/DEScheduleTest.xml
----------------- Instantiating /home/travis/build/icyphy/ptII/ptolemy/domains/de/test/auto/DEScheduleTest.xml
1 ms. Memory: 777728K Free: 682567K (88%)
----------------- Invoking toplevel() on ptolemy.moml.MoMLSimpleApplication@72f2edc4
----------------- Done invoking toplevel() on ptolemy.moml.MoMLSimpleApplication@72f2edc4
reloadAllAccessors: .DEScheduleTest

===========================================================================================
----------------- testing Wed Jun 20 23:07:39 UTC 2018 /home/travis/build/icyphy/ptII/ptolemy/domains/de/test/auto/DEinDEwithStartTimes.xml
----------------- Instantiating /home/travis/build/icyphy/ptII/ptolemy/domains/de/test/auto/DEinDEwithStartTimes.xml
1 ms. Memory: 777728K Free: 654714K (84%)
----------------- Invoking toplevel() on ptolemy.moml.MoMLSimpleApplication@350c2a60
----------------- Done invoking toplevel() on ptolemy.moml.MoMLSimpleApplication@350c2a60
reloadAllAccessors: .DEinDEwithStartTimes

===========================================================================================
----------------- testing Wed Jun 20 23:07:39 UTC 2018 /home/travis/build/icyphy/ptII/ptolemy/domains/de/test/auto/DEinDEwithStartTimes2.xml
----------------- Instantiating /home/travis/build/icyphy/ptII/ptolemy/domains/de/test/auto/DEinDEwithStartTimes2.xml
2 ms. Memory: 777728K Free: 626835K (81%)
----------------- Invoking toplevel() on ptolemy.moml.MoMLSimpleApplication@5901ba7f
----------------- Done invoking toplevel() on ptolemy.moml.MoMLSimpleApplication@5901ba7f
reloadAllAccessors: .DEinDEwithStartTimes2

===========================================================================================
----------------- testing Wed Jun 20 23:07:39 UTC 2018 /home/travis/build/icyphy/ptII/ptolemy/domains/de/test/auto/DateDemo.xml
----------------- Instantiating /home/travis/build/icyphy/ptII/ptolemy/domains/de/test/auto/DateDemo.xml
9 ms. Memory: 777728K Free: 598982K (77%)
----------------- Invoking toplevel() on ptolemy.moml.MoMLSimpleApplication@6da5ea09
----------------- Done invoking toplevel() on ptolemy.moml.MoMLSimpleApplication@6da5ea09
reloadAllAccessors: .DateDemo

===========================================================================================
----------------- testing Wed Jun 20 23:07:39 UTC 2018 /home/travis/build/icyphy/ptII/ptolemy/domains/de/test/auto/DateToEvent.xml
----------------- Instantiating /home/travis/build/icyphy/ptII/ptolemy/domains/de/test/auto/DateToEvent.xml
2004 ms. Memory: 777728K Free: 557187K (72%)
----------------- Invoking toplevel() on ptolemy.moml.MoMLSimpleApplication@52f8e63b
----------------- Done invoking toplevel() on ptolemy.moml.MoMLSimpleApplication@52f8e63b
reloadAllAccessors: .DateToEvent

===========================================================================================
----------------- testing Wed Jun 20 23:07:41 UTC 2018 /home/travis/build/icyphy/ptII/ptolemy/domains/de/test/auto/DepthTest1.xml
----------------- Instantiating /home/travis/build/icyphy/ptII/ptolemy/domains/de/test/auto/DepthTest1.xml
1 ms. Memory: 777728K Free: 529334K (68%)
----------------- Invoking toplevel() on ptolemy.moml.MoMLSimpleApplication@4ce1268d
----------------- Done invoking toplevel() on ptolemy.moml.MoMLSimpleApplication@4ce1268d
reloadAllAccessors: .DepthTest1

===========================================================================================
----------------- testing Wed Jun 20 23:07:41 UTC 2018 /home/travis/build/icyphy/ptII/ptolemy/domains/de/test/auto/DepthTest2.xml
----------------- Instantiating /home/travis/build/icyphy/ptII/ptolemy/domains/de/test/auto/DepthTest2.xml
2 ms. Memory: 777728K Free: 501481K (64%)
----------------- Invoking toplevel() on ptolemy.moml.MoMLSimpleApplication@2591f940
----------------- Done invoking toplevel() on ptolemy.moml.MoMLSimpleApplication@2591f940
reloadAllAccessors: .DepthTest2

===========================================================================================
----------------- testing Wed Jun 20 23:07:41 UTC 2018 /home/travis/build/icyphy/ptII/ptolemy/domains/de/test/auto/DepthTest3.xml
----------------- Instantiating /home/travis/build/icyphy/ptII/ptolemy/domains/de/test/auto/DepthTest3.xml
1 ms. Memory: 777728K Free: 473629K (61%)
----------------- Invoking toplevel() on ptolemy.moml.MoMLSimpleApplication@14294a89
----------------- Done invoking toplevel() on ptolemy.moml.MoMLSimpleApplication@14294a89
reloadAllAccessors: .DepthTest3

===========================================================================================
----------------- testing Wed Jun 20 23:07:41 UTC 2018 /home/travis/build/icyphy/ptII/ptolemy/domains/de/test/auto/DepthTest4.xml
----------------- Instantiating /home/travis/build/icyphy/ptII/ptolemy/domains/de/test/auto/DepthTest4.xml
3 ms. Memory: 777728K Free: 445776K (57%)
----------------- Invoking toplevel() on ptolemy.moml.MoMLSimpleApplication@64e7ee3
----------------- Done invoking toplevel() on ptolemy.moml.MoMLSimpleApplication@64e7ee3
reloadAllAccessors: .DepthTest4

===========================================================================================
----------------- testing Wed Jun 20 23:07:41 UTC 2018 /home/travis/build/icyphy/ptII/ptolemy/domains/de/test/auto/DepthTest5.xml
----------------- Instantiating /home/travis/build/icyphy/ptII/ptolemy/domains/de/test/auto/DepthTest5.xml
1 ms. Memory: 777728K Free: 417923K (54%)
----------------- Invoking toplevel() on ptolemy.moml.MoMLSimpleApplication@3d02cb9c
----------------- Done invoking toplevel() on ptolemy.moml.MoMLSimpleApplication@3d02cb9c
reloadAllAccessors: .DepthTest5

===========================================================================================
----------------- testing Wed Jun 20 23:07:41 UTC 2018 /home/travis/build/icyphy/ptII/ptolemy/domains/de/test/auto/DepthTest6.xml
----------------- Instantiating /home/travis/build/icyphy/ptII/ptolemy/domains/de/test/auto/DepthTest6.xml
2 ms. Memory: 777728K Free: 390070K (50%)
----------------- Invoking toplevel() on ptolemy.moml.MoMLSimpleApplication@3c0f8e16
----------------- Done invoking toplevel() on ptolemy.moml.MoMLSimpleApplication@3c0f8e16
reloadAllAccessors: .DepthTest6

===========================================================================================
----------------- testing Wed Jun 20 23:07:41 UTC 2018 /home/travis/build/icyphy/ptII/ptolemy/domains/de/test/auto/DepthTest7.xml
----------------- Instantiating /home/travis/build/icyphy/ptII/ptolemy/domains/de/test/auto/DepthTest7.xml
1 ms. Memory: 777728K Free: 362217K (47%)
----------------- Invoking toplevel() on ptolemy.moml.MoMLSimpleApplication@2335bebc
----------------- Done invoking toplevel() on ptolemy.moml.MoMLSimpleApplication@2335bebc
reloadAllAccessors: .DepthTest7

===========================================================================================
----------------- testing Wed Jun 20 23:07:41 UTC 2018 /home/travis/build/icyphy/ptII/ptolemy/domains/de/test/auto/EventToDate.xml
----------------- Instantiating /home/travis/build/icyphy/ptII/ptolemy/domains/de/test/auto/EventToDate.xml
3003 ms. Memory: 777728K Free: 313963K (40%)
----------------- Invoking toplevel() on ptolemy.moml.MoMLSimpleApplication@39e90609
----------------- Done invoking toplevel() on ptolemy.moml.MoMLSimpleApplication@39e90609
reloadAllAccessors: .EventToDate

===========================================================================================
----------------- testing Wed Jun 20 23:07:44 UTC 2018 /home/travis/build/icyphy/ptII/ptolemy/domains/de/test/auto/FSM1.xml
----------------- Instantiating /home/travis/build/icyphy/ptII/ptolemy/domains/de/test/auto/FSM1.xml
8 ms. Memory: 777728K Free: 286111K (37%)
----------------- Invoking toplevel() on ptolemy.moml.MoMLSimpleApplication@11f17ff0
----------------- Done invoking toplevel() on ptolemy.moml.MoMLSimpleApplication@11f17ff0
reloadAllAccessors: .FSM1

===========================================================================================
----------------- testing Wed Jun 20 23:07:44 UTC 2018 /home/travis/build/icyphy/ptII/ptolemy/domains/de/test/auto/FSM7.xml
----------------- Instantiating /home/travis/build/icyphy/ptII/ptolemy/domains/de/test/auto/FSM7.xml
8 ms. Memory: 777728K Free: 258258K (33%)
----------------- Invoking toplevel() on ptolemy.moml.MoMLSimpleApplication@617a7596
----------------- Done invoking toplevel() on ptolemy.moml.MoMLSimpleApplication@617a7596
reloadAllAccessors: .FSM7

===========================================================================================
----------------- testing Wed Jun 20 23:07:44 UTC 2018 /home/travis/build/icyphy/ptII/ptolemy/domains/de/test/auto/Inspection.xml
----------------- Instantiating /home/travis/build/icyphy/ptII/ptolemy/domains/de/test/auto/Inspection.xml
12 ms. Memory: 777728K Free: 230405K (30%)
----------------- Invoking toplevel() on ptolemy.moml.MoMLSimpleApplication@25f31240
----------------- Done invoking toplevel() on ptolemy.moml.MoMLSimpleApplication@25f31240
reloadAllAccessors: .Inspection

===========================================================================================
----------------- testing Wed Jun 20 23:07:44 UTC 2018 /home/travis/build/icyphy/ptII/ptolemy/domains/de/test/auto/Iteration.xml
----------------- Instantiating /home/travis/build/icyphy/ptII/ptolemy/domains/de/test/auto/Iteration.xml
4 ms. Memory: 777728K Free: 202552K (26%)
----------------- Invoking toplevel() on ptolemy.moml.MoMLSimpleApplication@1b99ed02
----------------- Done invoking toplevel() on ptolemy.moml.MoMLSimpleApplication@1b99ed02
reloadAllAccessors: .Iteration

===========================================================================================
----------------- testing Wed Jun 20 23:07:44 UTC 2018 /home/travis/build/icyphy/ptII/ptolemy/domains/de/test/auto/LineFault.xml
----------------- Instantiating /home/travis/build/icyphy/ptII/ptolemy/domains/de/test/auto/LineFault.xml
414 ms. Memory: 777728K Free: 77182K (10%)
----------------- Invoking toplevel() on ptolemy.moml.MoMLSimpleApplication@6eb88437
----------------- Done invoking toplevel() on ptolemy.moml.MoMLSimpleApplication@6eb88437
reloadAllAccessors: .LineFault

===========================================================================================
----------------- testing Wed Jun 20 23:07:45 UTC 2018 /home/travis/build/icyphy/ptII/ptolemy/domains/de/test/auto/MergeModel1Add.xml
----------------- Instantiating /home/travis/build/icyphy/ptII/ptolemy/domains/de/test/auto/MergeModel1Add.xml
6 ms. Memory: 745472K Free: 713355K (96%)
----------------- Invoking toplevel() on ptolemy.moml.MoMLSimpleApplication@23559811
----------------- Done invoking toplevel() on ptolemy.moml.MoMLSimpleApplication@23559811
reloadAllAccessors: .MergeModel1Add

===========================================================================================
----------------- testing Wed Jun 20 23:07:45 UTC 2018 /home/travis/build/icyphy/ptII/ptolemy/domains/de/test/auto/MergeModel2Add.xml
----------------- Instantiating /home/travis/build/icyphy/ptII/ptolemy/domains/de/test/auto/MergeModel2Add.xml
5 ms. Memory: 745472K Free: 682740K (92%)
----------------- Invoking toplevel() on ptolemy.moml.MoMLSimpleApplication@1bed6fc3
----------------- Done invoking toplevel() on ptolemy.moml.MoMLSimpleApplication@1bed6fc3
reloadAllAccessors: .MergeModel2Add

===========================================================================================
----------------- testing Wed Jun 20 23:07:45 UTC 2018 /home/travis/build/icyphy/ptII/ptolemy/domains/de/test/auto/MergeModel3Add.xml
----------------- Instantiating /home/travis/build/icyphy/ptII/ptolemy/domains/de/test/auto/MergeModel3Add.xml
4 ms. Memory: 745472K Free: 656202K (88%)
----------------- Invoking toplevel() on ptolemy.moml.MoMLSimpleApplication@567b3abb
----------------- Done invoking toplevel() on ptolemy.moml.MoMLSimpleApplication@567b3abb
reloadAllAccessors: .MergeModel3Add

===========================================================================================
----------------- testing Wed Jun 20 23:07:45 UTC 2018 /home/travis/build/icyphy/ptII/ptolemy/domains/de/test/auto/MergeWithoutDiscard.xml
----------------- Instantiating /home/travis/build/icyphy/ptII/ptolemy/domains/de/test/auto/MergeWithoutDiscard.xml
2 ms. Memory: 745472K Free: 642942K (86%)
----------------- Invoking toplevel() on ptolemy.moml.MoMLSimpleApplication@21a841c8
----------------- Done invoking toplevel() on ptolemy.moml.MoMLSimpleApplication@21a841c8
reloadAllAccessors: .MergeWithoutDiscard

===========================================================================================
----------------- testing Wed Jun 20 23:07:45 UTC 2018 /home/travis/build/icyphy/ptII/ptolemy/domains/de/test/auto/Modal1.xml
----------------- Instantiating /home/travis/build/icyphy/ptII/ptolemy/domains/de/test/auto/Modal1.xml
11 ms. Memory: 745472K Free: 623026K (84%)
----------------- Invoking toplevel() on ptolemy.moml.MoMLSimpleApplication@79b4fc61
----------------- Done invoking toplevel() on ptolemy.moml.MoMLSimpleApplication@79b4fc61
reloadAllAccessors: .Modal1

===========================================================================================
----------------- testing Wed Jun 20 23:07:45 UTC 2018 /home/travis/build/icyphy/ptII/ptolemy/domains/de/test/auto/Modal2.xml
----------------- Instantiating /home/travis/build/icyphy/ptII/ptolemy/domains/de/test/auto/Modal2.xml
9 ms. Memory: 745472K Free: 603127K (81%)
----------------- Invoking toplevel() on ptolemy.moml.MoMLSimpleApplication@144b8400
----------------- Done invoking toplevel() on ptolemy.moml.MoMLSimpleApplication@144b8400
reloadAllAccessors: .Modal2

===========================================================================================
----------------- testing Wed Jun 20 23:07:45 UTC 2018 /home/travis/build/icyphy/ptII/ptolemy/domains/de/test/auto/Modal3.xml
----------------- Instantiating /home/travis/build/icyphy/ptII/ptolemy/domains/de/test/auto/Modal3.xml
6 ms. Memory: 745472K Free: 583228K (78%)
----------------- Invoking toplevel() on ptolemy.moml.MoMLSimpleApplication@174df29
----------------- Done invoking toplevel() on ptolemy.moml.MoMLSimpleApplication@174df29
reloadAllAccessors: .Modal3

===========================================================================================
----------------- testing Wed Jun 20 23:07:45 UTC 2018 /home/travis/build/icyphy/ptII/ptolemy/domains/de/test/auto/Modal4.xml
----------------- Instantiating /home/travis/build/icyphy/ptII/ptolemy/domains/de/test/auto/Modal4.xml
10 ms. Memory: 745472K Free: 563320K (76%)
----------------- Invoking toplevel() on ptolemy.moml.MoMLSimpleApplication@4a91e0ea
----------------- Done invoking toplevel() on ptolemy.moml.MoMLSimpleApplication@4a91e0ea
reloadAllAccessors: .Modal4

===========================================================================================
----------------- testing Wed Jun 20 23:07:45 UTC 2018 /home/travis/build/icyphy/ptII/ptolemy/domains/de/test/auto/Modal5.xml
----------------- Instantiating /home/travis/build/icyphy/ptII/ptolemy/domains/de/test/auto/Modal5.xml
9 ms. Memory: 745472K Free: 543413K (73%)
----------------- Invoking toplevel() on ptolemy.moml.MoMLSimpleApplication@29a70a8b
----------------- Done invoking toplevel() on ptolemy.moml.MoMLSimpleApplication@29a70a8b
reloadAllAccessors: .Modal5

===========================================================================================
----------------- testing Wed Jun 20 23:07:45 UTC 2018 /home/travis/build/icyphy/ptII/ptolemy/domains/de/test/auto/Modal6.xml
----------------- Instantiating /home/travis/build/icyphy/ptII/ptolemy/domains/de/test/auto/Modal6.xml
7 ms. Memory: 745472K Free: 519420K (70%)
----------------- Invoking toplevel() on ptolemy.moml.MoMLSimpleApplication@3e69f4a3
----------------- Done invoking toplevel() on ptolemy.moml.MoMLSimpleApplication@3e69f4a3
reloadAllAccessors: .Modal6

===========================================================================================
----------------- testing Wed Jun 20 23:07:45 UTC 2018 /home/travis/build/icyphy/ptII/ptolemy/domains/de/test/auto/Modal7.xml
----------------- Instantiating /home/travis/build/icyphy/ptII/ptolemy/domains/de/test/auto/Modal7.xml
7 ms. Memory: 745472K Free: 499513K (67%)
----------------- Invoking toplevel() on ptolemy.moml.MoMLSimpleApplication@31def17f
----------------- Done invoking toplevel() on ptolemy.moml.MoMLSimpleApplication@31def17f
reloadAllAccessors: .Modal7

===========================================================================================
----------------- testing Wed Jun 20 23:07:45 UTC 2018 /home/travis/build/icyphy/ptII/ptolemy/domains/de/test/auto/ModalModel.xml
----------------- Instantiating /home/travis/build/icyphy/ptII/ptolemy/domains/de/test/auto/ModalModel.xml
113 ms. Memory: 745472K Free: 426483K (57%)
----------------- Invoking toplevel() on ptolemy.moml.MoMLSimpleApplication@30e6b6b
----------------- Done invoking toplevel() on ptolemy.moml.MoMLSimpleApplication@30e6b6b
reloadAllAccessors: .ModalModel

===========================================================================================
----------------- testing Wed Jun 20 23:07:45 UTC 2018 /home/travis/build/icyphy/ptII/ptolemy/domains/de/test/auto/ModalSource.xml
----------------- Instantiating /home/travis/build/icyphy/ptII/ptolemy/domains/de/test/auto/ModalSource.xml
4 ms. Memory: 745472K Free: 413222K (55%)
----------------- Invoking toplevel() on ptolemy.moml.MoMLSimpleApplication@622b10f9
----------------- Done invoking toplevel() on ptolemy.moml.MoMLSimpleApplication@622b10f9
reloadAllAccessors: .ModalSource

===========================================================================================
----------------- testing Wed Jun 20 23:07:45 UTC 2018 /home/travis/build/icyphy/ptII/ptolemy/domains/de/test/auto/NonInterruptibleTimerZeroDelay.xml
----------------- Instantiating /home/travis/build/icyphy/ptII/ptolemy/domains/de/test/auto/NonInterruptibleTimerZeroDelay.xml
2 ms. Memory: 745472K Free: 399961K (54%)
----------------- Invoking toplevel() on ptolemy.moml.MoMLSimpleApplication@29e5fad4
----------------- Done invoking toplevel() on ptolemy.moml.MoMLSimpleApplication@29e5fad4
reloadAllAccessors: .NonInterruptibleTimerZeroDelay

===========================================================================================
----------------- testing Wed Jun 20 23:07:45 UTC 2018 /home/travis/build/icyphy/ptII/ptolemy/domains/de/test/auto/OpenQueueingNetwork.xml
----------------- Instantiating /home/travis/build/icyphy/ptII/ptolemy/domains/de/test/auto/OpenQueueingNetwork.xml
2059 ms. Memory: 714240K Free: 422048K (59%)
----------------- Invoking toplevel() on ptolemy.moml.MoMLSimpleApplication@6febdb69
----------------- Done invoking toplevel() on ptolemy.moml.MoMLSimpleApplication@6febdb69
reloadAllAccessors: .OpenQueueingNetwork

===========================================================================================
----------------- testing Wed Jun 20 23:07:47 UTC 2018 /home/travis/build/icyphy/ptII/ptolemy/domains/de/test/auto/OpenQueuingNetwork.xml
----------------- Instantiating /home/travis/build/icyphy/ptII/ptolemy/domains/de/test/auto/OpenQueuingNetwork.xml
205 ms. Memory: 714240K Free: 323271K (45%)
----------------- Invoking toplevel() on ptolemy.moml.MoMLSimpleApplication@6a6434ae
----------------- Done invoking toplevel() on ptolemy.moml.MoMLSimpleApplication@6a6434ae
reloadAllAccessors: .OpenQueuingNetwork

===========================================================================================
----------------- testing Wed Jun 20 23:07:48 UTC 2018 /home/travis/build/icyphy/ptII/ptolemy/domains/de/test/auto/PeriodicSampler.xml
----------------- Instantiating /home/travis/build/icyphy/ptII/ptolemy/domains/de/test/auto/PeriodicSampler.xml
1 ms. Memory: 714240K Free: 314847K (44%)
----------------- Invoking toplevel() on ptolemy.moml.MoMLSimpleApplication@2dd3decd
----------------- Done invoking toplevel() on ptolemy.moml.MoMLSimpleApplication@2dd3decd
reloadAllAccessors: .PeriodicSampler

===========================================================================================
----------------- testing Wed Jun 20 23:07:48 UTC 2018 /home/travis/build/icyphy/ptII/ptolemy/domains/de/test/auto/PersistentIO.xml
----------------- Instantiating /home/travis/build/icyphy/ptII/ptolemy/domains/de/test/auto/PersistentIO.xml
7 ms. Memory: 714240K Free: 302195K (42%)
----------------- Invoking toplevel() on ptolemy.moml.MoMLSimpleApplication@d46347
----------------- Done invoking toplevel() on ptolemy.moml.MoMLSimpleApplication@d46347
reloadAllAccessors: .PersistentIO

===========================================================================================
----------------- testing Wed Jun 20 23:07:48 UTC 2018 /home/travis/build/icyphy/ptII/ptolemy/domains/de/test/auto/PortParameterResetOnInitialize.xml
----------------- Instantiating /home/travis/build/icyphy/ptII/ptolemy/domains/de/test/auto/PortParameterResetOnInitialize.xml
2 ms. Memory: 714240K Free: 293771K (41%)
----------------- Invoking toplevel() on ptolemy.moml.MoMLSimpleApplication@20c1a643
----------------- Done invoking toplevel() on ptolemy.moml.MoMLSimpleApplication@20c1a643
reloadAllAccessors: .PortParameterResetOnInitialize

===========================================================================================
----------------- testing Wed Jun 20 23:07:48 UTC 2018 /home/travis/build/icyphy/ptII/ptolemy/domains/de/test/auto/PortParameterUpdates.xml
----------------- Instantiating /home/travis/build/icyphy/ptII/ptolemy/domains/de/test/auto/PortParameterUpdates.xml
3 ms. Memory: 714240K Free: 281109K (39%)
----------------- Invoking toplevel() on ptolemy.moml.MoMLSimpleApplication@1b38c4ef
----------------- Done invoking toplevel() on ptolemy.moml.MoMLSimpleApplication@1b38c4ef
reloadAllAccessors: .PortParameterUpdates

===========================================================================================
----------------- testing Wed Jun 20 23:07:48 UTC 2018 /home/travis/build/icyphy/ptII/ptolemy/domains/de/test/auto/QueueAndServer.xml
----------------- Instantiating /home/travis/build/icyphy/ptII/ptolemy/domains/de/test/auto/QueueAndServer.xml
4 ms. Memory: 714240K Free: 265895K (37%)
----------------- Invoking toplevel() on ptolemy.moml.MoMLSimpleApplication@945b667
----------------- Done invoking toplevel() on ptolemy.moml.MoMLSimpleApplication@945b667
reloadAllAccessors: .QueueAndServer

===========================================================================================
----------------- testing Wed Jun 20 23:07:48 UTC 2018 /home/travis/build/icyphy/ptII/ptolemy/domains/de/test/auto/Records.xml
----------------- Instantiating /home/travis/build/icyphy/ptII/ptolemy/domains/de/test/auto/Records.xml
1 ms. Memory: 714240K Free: 253243K (35%)
----------------- Invoking toplevel() on ptolemy.moml.MoMLSimpleApplication@7492b2d8
----------------- Done invoking toplevel() on ptolemy.moml.MoMLSimpleApplication@7492b2d8
reloadAllAccessors: .Records

===========================================================================================
----------------- testing Wed Jun 20 23:07:48 UTC 2018 /home/travis/build/icyphy/ptII/ptolemy/domains/de/test/auto/ResetTransitionWithStartTime1.xml
----------------- Instantiating /home/travis/build/icyphy/ptII/ptolemy/domains/de/test/auto/ResetTransitionWithStartTime1.xml
4 ms. Memory: 714240K Free: 240591K (34%)
----------------- Invoking toplevel() on ptolemy.moml.MoMLSimpleApplication@77291d82
----------------- Done invoking toplevel() on ptolemy.moml.MoMLSimpleApplication@77291d82
reloadAllAccessors: .ResetTransitionWithStartTime1

===========================================================================================
----------------- testing Wed Jun 20 23:07:48 UTC 2018 /home/travis/build/icyphy/ptII/ptolemy/domains/de/test/auto/ResetTransitionWithStartTime2.xml
----------------- Instantiating /home/travis/build/icyphy/ptII/ptolemy/domains/de/test/auto/ResetTransitionWithStartTime2.xml
4 ms. Memory: 714240K Free: 227939K (32%)
----------------- Invoking toplevel() on ptolemy.moml.MoMLSimpleApplication@37e3d21a
----------------- Done invoking toplevel() on ptolemy.moml.MoMLSimpleApplication@37e3d21a
reloadAllAccessors: .ResetTransitionWithStartTime2

===========================================================================================
----------------- testing Wed Jun 20 23:07:48 UTC 2018 /home/travis/build/icyphy/ptII/ptolemy/domains/de/test/auto/ResetTransitionWithStartTime3.xml
----------------- Instantiating /home/travis/build/icyphy/ptII/ptolemy/domains/de/test/auto/ResetTransitionWithStartTime3.xml
4 ms. Memory: 714240K Free: 215286K (30%)
----------------- Invoking toplevel() on ptolemy.moml.MoMLSimpleApplication@a4184bc
----------------- Done invoking toplevel() on ptolemy.moml.MoMLSimpleApplication@a4184bc
reloadAllAccessors: .ResetTransitionWithStartTime3

===========================================================================================
----------------- testing Wed Jun 20 23:07:48 UTC 2018 /home/travis/build/icyphy/ptII/ptolemy/domains/de/test/auto/ResetTransitionWithStartTime4.xml
----------------- Instantiating /home/travis/build/icyphy/ptII/ptolemy/domains/de/test/auto/ResetTransitionWithStartTime4.xml
3 ms. Memory: 714240K Free: 200057K (28%)
----------------- Invoking toplevel() on ptolemy.moml.MoMLSimpleApplication@4ab65900
----------------- Done invoking toplevel() on ptolemy.moml.MoMLSimpleApplication@4ab65900
reloadAllAccessors: .ResetTransitionWithStartTime4

===========================================================================================
----------------- testing Wed Jun 20 23:07:48 UTC 2018 /home/travis/build/icyphy/ptII/ptolemy/domains/de/test/auto/ResettableTimer1.xml
----------------- Instantiating /home/travis/build/icyphy/ptII/ptolemy/domains/de/test/auto/ResettableTimer1.xml
2 ms. Memory: 714240K Free: 191633K (27%)
----------------- Invoking toplevel() on ptolemy.moml.MoMLSimpleApplication@1dd91a52
----------------- Done invoking toplevel() on ptolemy.moml.MoMLSimpleApplication@1dd91a52
reloadAllAccessors: .ResettableTimer1

===========================================================================================
----------------- testing Wed Jun 20 23:07:48 UTC 2018 /home/travis/build/icyphy/ptII/ptolemy/domains/de/test/auto/ResettableTimer2.xml
----------------- Instantiating /home/travis/build/icyphy/ptII/ptolemy/domains/de/test/auto/ResettableTimer2.xml
1 ms. Memory: 714240K Free: 183209K (26%)
----------------- Invoking toplevel() on ptolemy.moml.MoMLSimpleApplication@d8a0a07
----------------- Done invoking toplevel() on ptolemy.moml.MoMLSimpleApplication@d8a0a07
reloadAllAccessors: .ResettableTimer2

===========================================================================================
----------------- testing Wed Jun 20 23:07:48 UTC 2018 /home/travis/build/icyphy/ptII/ptolemy/domains/de/test/auto/ResettableTimer3.xml
----------------- Instantiating /home/travis/build/icyphy/ptII/ptolemy/domains/de/test/auto/ResettableTimer3.xml
1 ms. Memory: 714240K Free: 174784K (24%)
----------------- Invoking toplevel() on ptolemy.moml.MoMLSimpleApplication@4ca3c43c
----------------- Done invoking toplevel() on ptolemy.moml.MoMLSimpleApplication@4ca3c43c
reloadAllAccessors: .ResettableTimer3

===========================================================================================
----------------- testing Wed Jun 20 23:07:48 UTC 2018 /home/travis/build/icyphy/ptII/ptolemy/domains/de/test/auto/ResettableTimer4.xml
----------------- Instantiating /home/travis/build/icyphy/ptII/ptolemy/domains/de/test/auto/ResettableTimer4.xml
1 ms. Memory: 714240K Free: 166360K (23%)
----------------- Invoking toplevel() on ptolemy.moml.MoMLSimpleApplication@152eed7f
----------------- Done invoking toplevel() on ptolemy.moml.MoMLSimpleApplication@152eed7f
reloadAllAccessors: .ResettableTimer4

===========================================================================================
----------------- testing Wed Jun 20 23:07:48 UTC 2018 /home/travis/build/icyphy/ptII/ptolemy/domains/de/test/auto/ResettableTimer5.xml
----------------- Instantiating /home/travis/build/icyphy/ptII/ptolemy/domains/de/test/auto/ResettableTimer5.xml
1 ms. Memory: 714240K Free: 155359K (22%)
----------------- Invoking toplevel() on ptolemy.moml.MoMLSimpleApplication@578059bb
----------------- Done invoking toplevel() on ptolemy.moml.MoMLSimpleApplication@578059bb
reloadAllAccessors: .ResettableTimer5

===========================================================================================
----------------- testing Wed Jun 20 23:07:48 UTC 2018 /home/travis/build/icyphy/ptII/ptolemy/domains/de/test/auto/ResettableTimer6.xml
----------------- Instantiating /home/travis/build/icyphy/ptII/ptolemy/domains/de/test/auto/ResettableTimer6.xml
1 ms. Memory: 714240K Free: 146935K (21%)
----------------- Invoking toplevel() on ptolemy.moml.MoMLSimpleApplication@248bea9a
----------------- Done invoking toplevel() on ptolemy.moml.MoMLSimpleApplication@248bea9a
reloadAllAccessors: .ResettableTimer6

===========================================================================================
----------------- testing Wed Jun 20 23:07:48 UTC 2018 /home/travis/build/icyphy/ptII/ptolemy/domains/de/test/auto/ServerZeroDelay.xml
----------------- Instantiating /home/travis/build/icyphy/ptII/ptolemy/domains/de/test/auto/ServerZeroDelay.xml
2 ms. Memory: 714240K Free: 138510K (19%)
----------------- Invoking toplevel() on ptolemy.moml.MoMLSimpleApplication@113aaf73
----------------- Done invoking toplevel() on ptolemy.moml.MoMLSimpleApplication@113aaf73
reloadAllAccessors: .ServerZeroDelay

===========================================================================================
----------------- testing Wed Jun 20 23:07:48 UTC 2018 /home/travis/build/icyphy/ptII/ptolemy/domains/de/test/auto/SmartSender.xml
----------------- Instantiating /home/travis/build/icyphy/ptII/ptolemy/domains/de/test/auto/SmartSender.xml
3001 ms. Memory: 714240K Free: 130086K (18%)
----------------- Invoking toplevel() on ptolemy.moml.MoMLSimpleApplication@38c0e8a7
----------------- Done invoking toplevel() on ptolemy.moml.MoMLSimpleApplication@38c0e8a7
reloadAllAccessors: .SmartSender

===========================================================================================
----------------- testing Wed Jun 20 23:07:51 UTC 2018 /home/travis/build/icyphy/ptII/ptolemy/domains/de/test/auto/ThreadedComposite.xml
----------------- Instantiating /home/travis/build/icyphy/ptII/ptolemy/domains/de/test/auto/ThreadedComposite.xml
106 ms. Memory: 714240K Free: 104790K (15%)
----------------- Invoking toplevel() on ptolemy.moml.MoMLSimpleApplication@21303cad
----------------- Done invoking toplevel() on ptolemy.moml.MoMLSimpleApplication@21303cad
reloadAllAccessors: .ThreadedComposite

===========================================================================================
----------------- testing Wed Jun 20 23:07:51 UTC 2018 /home/travis/build/icyphy/ptII/ptolemy/domains/de/test/auto/Time.xml
----------------- Instantiating /home/travis/build/icyphy/ptII/ptolemy/domains/de/test/auto/Time.xml
414 ms. Memory: 683520K Free: 649517K (95%)
----------------- Invoking toplevel() on ptolemy.moml.MoMLSimpleApplication@39a8fe79
----------------- Done invoking toplevel() on ptolemy.moml.MoMLSimpleApplication@39a8fe79
reloadAllAccessors: .Time

===========================================================================================
----------------- testing Wed Jun 20 23:07:52 UTC 2018 /home/travis/build/icyphy/ptII/ptolemy/domains/de/test/auto/TimeDelayZeroDelay.xml
----------------- Instantiating /home/travis/build/icyphy/ptII/ptolemy/domains/de/test/auto/TimeDelayZeroDelay.xml
3 ms. Memory: 683520K Free: 637797K (93%)
----------------- Invoking toplevel() on ptolemy.moml.MoMLSimpleApplication@28fb0adf
----------------- Done invoking toplevel() on ptolemy.moml.MoMLSimpleApplication@28fb0adf
reloadAllAccessors: .TimeDelayZeroDelay

===========================================================================================
----------------- testing Wed Jun 20 23:07:52 UTC 2018 /home/travis/build/icyphy/ptII/ptolemy/domains/de/test/auto/TimerZeroDelay.xml
----------------- Instantiating /home/travis/build/icyphy/ptII/ptolemy/domains/de/test/auto/TimerZeroDelay.xml
4 ms. Memory: 683520K Free: 629769K (92%)
----------------- Invoking toplevel() on ptolemy.moml.MoMLSimpleApplication@33a8af4b
----------------- Done invoking toplevel() on ptolemy.moml.MoMLSimpleApplication@33a8af4b
reloadAllAccessors: .TimerZeroDelay

===========================================================================================
----------------- testing Wed Jun 20 23:07:52 UTC 2018 /home/travis/build/icyphy/ptII/ptolemy/domains/de/test/auto/TimingParadox.xml
----------------- Instantiating /home/travis/build/icyphy/ptII/ptolemy/domains/de/test/auto/TimingParadox.xml
268 ms. Memory: 683520K Free: 557449K (82%)
----------------- Invoking toplevel() on ptolemy.moml.MoMLSimpleApplication@4d3bb1fd
----------------- Done invoking toplevel() on ptolemy.moml.MoMLSimpleApplication@4d3bb1fd
reloadAllAccessors: .TimingParadox

===========================================================================================
----------------- testing Wed Jun 20 23:07:52 UTC 2018 /home/travis/build/icyphy/ptII/ptolemy/domains/de/test/auto/TransferInputs.xml
----------------- Instantiating /home/travis/build/icyphy/ptII/ptolemy/domains/de/test/auto/TransferInputs.xml
1 ms. Memory: 683520K Free: 547737K (80%)
----------------- Invoking toplevel() on ptolemy.moml.MoMLSimpleApplication@2bbabbd
----------------- Done invoking toplevel() on ptolemy.moml.MoMLSimpleApplication@2bbabbd
reloadAllAccessors: .TransferInputs

===========================================================================================
----------------- testing Wed Jun 20 23:07:52 UTC 2018 /home/travis/build/icyphy/ptII/ptolemy/domains/de/test/auto/TransferOutputs2.xml
----------------- Instantiating /home/travis/build/icyphy/ptII/ptolemy/domains/de/test/auto/TransferOutputs2.xml
2 ms. Memory: 683520K Free: 535687K (78%)
----------------- Invoking toplevel() on ptolemy.moml.MoMLSimpleApplication@31a1ccfd
----------------- Done invoking toplevel() on ptolemy.moml.MoMLSimpleApplication@31a1ccfd
reloadAllAccessors: .TransferOutputs2

===========================================================================================
----------------- testing Wed Jun 20 23:07:52 UTC 2018 /home/travis/build/icyphy/ptII/ptolemy/domains/de/test/auto/Trilateration.xml
----------------- Instantiating /home/travis/build/icyphy/ptII/ptolemy/domains/de/test/auto/Trilateration.xml
11203 ms. Memory: 555008K Free: 269421K (49%)
----------------- Invoking toplevel() on ptolemy.moml.MoMLSimpleApplication@3d3b11be
----------------- Done invoking toplevel() on ptolemy.moml.MoMLSimpleApplication@3d3b11be
reloadAllAccessors: .Trilateration

===========================================================================================
----------------- testing Wed Jun 20 23:08:04 UTC 2018 /home/travis/build/icyphy/ptII/ptolemy/domains/de/test/auto/TwoSigmaDelta.xml
----------------- Instantiating /home/travis/build/icyphy/ptII/ptolemy/domains/de/test/auto/TwoSigmaDelta.xml
2075 ms. Memory: 539136K Free: 428025K (79%)
----------------- Invoking toplevel() on ptolemy.moml.MoMLSimpleApplication@10394ca5
----------------- Done invoking toplevel() on ptolemy.moml.MoMLSimpleApplication@10394ca5
reloadAllAccessors: .TwoSigmaDelta

===========================================================================================
----------------- testing Wed Jun 20 23:08:06 UTC 2018 /home/travis/build/icyphy/ptII/ptolemy/domains/de/test/auto/VariableDelay.xml
----------------- Instantiating /home/travis/build/icyphy/ptII/ptolemy/domains/de/test/auto/VariableDelay.xml
2 ms. Memory: 539136K Free: 413215K (77%)
----------------- Invoking toplevel() on ptolemy.moml.MoMLSimpleApplication@1cde26b6
----------------- Done invoking toplevel() on ptolemy.moml.MoMLSimpleApplication@1cde26b6
reloadAllAccessors: .VariableDelay

===========================================================================================
----------------- testing Wed Jun 20 23:08:06 UTC 2018 /home/travis/build/icyphy/ptII/ptolemy/domains/de/test/auto/VariableDelay2.xml
----------------- Instantiating /home/travis/build/icyphy/ptII/ptolemy/domains/de/test/auto/VariableDelay2.xml
1 ms. Memory: 539136K Free: 403642K (75%)
----------------- Invoking toplevel() on ptolemy.moml.MoMLSimpleApplication@ee61db6
----------------- Done invoking toplevel() on ptolemy.moml.MoMLSimpleApplication@ee61db6
reloadAllAccessors: .VariableDelay2

===========================================================================================
----------------- testing Wed Jun 20 23:08:06 UTC 2018 /home/travis/build/icyphy/ptII/ptolemy/domains/de/test/auto/VariableDelayZeroDelay.xml
----------------- Instantiating /home/travis/build/icyphy/ptII/ptolemy/domains/de/test/auto/VariableDelayZeroDelay.xml
2 ms. Memory: 539136K Free: 394069K (73%)
----------------- Invoking toplevel() on ptolemy.moml.MoMLSimpleApplication@64d1e654
----------------- Done invoking toplevel() on ptolemy.moml.MoMLSimpleApplication@64d1e654
reloadAllAccessors: .VariableDelayZeroDelay

===========================================================================================
----------------- testing Wed Jun 20 23:08:06 UTC 2018 /home/travis/build/icyphy/ptII/ptolemy/domains/de/test/auto/VariableDelayZeroDelay2.xml
----------------- Instantiating /home/travis/build/icyphy/ptII/ptolemy/domains/de/test/auto/VariableDelayZeroDelay2.xml
1 ms. Memory: 539136K Free: 384496K (71%)
----------------- Invoking toplevel() on ptolemy.moml.MoMLSimpleApplication@6e4a3012
----------------- Done invoking toplevel() on ptolemy.moml.MoMLSimpleApplication@6e4a3012
reloadAllAccessors: .VariableDelayZeroDelay2

===========================================================================================
----------------- testing Wed Jun 20 23:08:06 UTC 2018 /home/travis/build/icyphy/ptII/ptolemy/domains/de/test/auto/deInCt.xml
----------------- Instantiating /home/travis/build/icyphy/ptII/ptolemy/domains/de/test/auto/deInCt.xml
0
1
1
1
0
0
0
0
1
1
1
1
1
1
0
0
0
0
1
1
1
0
0
0
1
1
1
0
0
0
1
1
1
5 ms. Memory: 539136K Free: 374923K (70%)
----------------- Invoking toplevel() on ptolemy.moml.MoMLSimpleApplication@687cf62d
----------------- Done invoking toplevel() on ptolemy.moml.MoMLSimpleApplication@687cf62d
reloadAllAccessors: .deInCt

===========================================================================================
----------------- testing Wed Jun 20 23:08:06 UTC 2018 /home/travis/build/icyphy/ptII/ptolemy/domains/de/test/auto/deInCt2.xml
----------------- Instantiating /home/travis/build/icyphy/ptII/ptolemy/domains/de/test/auto/deInCt2.xml
0
1
1
1
0
0
1
1
1
0
0
1
1
1
0
0
1
1
1
0
0
1
1
1
0
0
1
1
1
0
0
1
1
1
0
0
1
1
1
0
0
0
6 ms. Memory: 539136K Free: 365351K (68%)
----------------- Invoking toplevel() on ptolemy.moml.MoMLSimpleApplication@2d5390ad
----------------- Done invoking toplevel() on ptolemy.moml.MoMLSimpleApplication@2d5390ad
reloadAllAccessors: .deInCt2

===========================================================================================
----------------- testing Wed Jun 20 23:08:06 UTC 2018 /home/travis/build/icyphy/ptII/ptolemy/domains/de/test/auto/dynamicCausalityInterface1.xml
----------------- Instantiating /home/travis/build/icyphy/ptII/ptolemy/domains/de/test/auto/dynamicCausalityInterface1.xml
1 ms. Memory: 539136K Free: 346714K (64%)
----------------- Invoking toplevel() on ptolemy.moml.MoMLSimpleApplication@28b44562
----------------- Done invoking toplevel() on ptolemy.moml.MoMLSimpleApplication@28b44562
reloadAllAccessors: .dynamicCausalityInterface1

===========================================================================================
----------------- testing Wed Jun 20 23:08:06 UTC 2018 /home/travis/build/icyphy/ptII/ptolemy/domains/de/test/auto/fsm_de_test.xml
----------------- Instantiating /home/travis/build/icyphy/ptII/ptolemy/domains/de/test/auto/fsm_de_test.xml
13 ms. Memory: 539136K Free: 332614K (62%)
----------------- Invoking toplevel() on ptolemy.moml.MoMLSimpleApplication@9b8ab7e
----------------- Done invoking toplevel() on ptolemy.moml.MoMLSimpleApplication@9b8ab7e
reloadAllAccessors: .fsm_de_test

===========================================================================================
----------------- testing Wed Jun 20 23:08:06 UTC 2018 /home/travis/build/icyphy/ptII/ptolemy/domains/de/test/auto/functionDependencyReconstruction.xml
----------------- Instantiating /home/travis/build/icyphy/ptII/ptolemy/domains/de/test/auto/functionDependencyReconstruction.xml
2 ms. Memory: 539136K Free: 309462K (57%)
----------------- Invoking toplevel() on ptolemy.moml.MoMLSimpleApplication@2d3f2e2b
----------------- Done invoking toplevel() on ptolemy.moml.MoMLSimpleApplication@2d3f2e2b
reloadAllAccessors: .functionDependencyReconstruction

===========================================================================================
----------------- testing Wed Jun 20 23:08:06 UTC 2018 /home/travis/build/icyphy/ptII/ptolemy/domains/de/test/auto/multirate.xml
----------------- Instantiating /home/travis/build/icyphy/ptII/ptolemy/domains/de/test/auto/multirate.xml
3 ms. Memory: 539136K Free: 295357K (55%)
----------------- Invoking toplevel() on ptolemy.moml.MoMLSimpleApplication@7a546c3d
----------------- Done invoking toplevel() on ptolemy.moml.MoMLSimpleApplication@7a546c3d
reloadAllAccessors: .multirate

===========================================================================================
----------------- testing Wed Jun 20 23:08:06 UTC 2018 /home/travis/build/icyphy/ptII/ptolemy/domains/de/test/auto/multirate2.xml
----------------- Instantiating /home/travis/build/icyphy/ptII/ptolemy/domains/de/test/auto/multirate2.xml
2 ms. Memory: 539136K Free: 281252K (52%)
----------------- Invoking toplevel() on ptolemy.moml.MoMLSimpleApplication@58977fd5
----------------- Done invoking toplevel() on ptolemy.moml.MoMLSimpleApplication@58977fd5
reloadAllAccessors: .multirate2

===========================================================================================
----------------- testing Wed Jun 20 23:08:06 UTC 2018 /home/travis/build/icyphy/ptII/ptolemy/domains/de/test/auto/realtime.xml
----------------- Instantiating /home/travis/build/icyphy/ptII/ptolemy/domains/de/test/auto/realtime.xml
10001 ms. Memory: 539136K Free: 271679K (50%)
----------------- Invoking toplevel() on ptolemy.moml.MoMLSimpleApplication@6152a03d
----------------- Done invoking toplevel() on ptolemy.moml.MoMLSimpleApplication@6152a03d
reloadAllAccessors: .realtime

===========================================================================================
----------------- testing Wed Jun 20 23:08:16 UTC 2018 /home/travis/build/icyphy/ptII/ptolemy/domains/de/test/auto/relationGroup.xml
----------------- Instantiating /home/travis/build/icyphy/ptII/ptolemy/domains/de/test/auto/relationGroup.xml
1 ms. Memory: 539136K Free: 262106K (49%)
----------------- Invoking toplevel() on ptolemy.moml.MoMLSimpleApplication@244f10b3
----------------- Done invoking toplevel() on ptolemy.moml.MoMLSimpleApplication@244f10b3
reloadAllAccessors: .relationGroup

===========================================================================================
----------------- testing Wed Jun 20 23:08:16 UTC 2018 /home/travis/build/icyphy/ptII/ptolemy/domains/de/test/auto/relationGroup2.xml
----------------- Instantiating /home/travis/build/icyphy/ptII/ptolemy/domains/de/test/auto/relationGroup2.xml
2 ms. Memory: 539136K Free: 252534K (47%)
----------------- Invoking toplevel() on ptolemy.moml.MoMLSimpleApplication@3490c07f
----------------- Done invoking toplevel() on ptolemy.moml.MoMLSimpleApplication@3490c07f
reloadAllAccessors: .relationGroup2

===========================================================================================
----------------- testing Wed Jun 20 23:08:16 UTC 2018 /home/travis/build/icyphy/ptII/ptolemy/domains/de/test/auto/sortWithOpaquePorts.xml
----------------- Instantiating /home/travis/build/icyphy/ptII/ptolemy/domains/de/test/auto/sortWithOpaquePorts.xml
2 ms. Memory: 539136K Free: 242961K (45%)
----------------- Invoking toplevel() on ptolemy.moml.MoMLSimpleApplication@54b0ca57
----------------- Done invoking toplevel() on ptolemy.moml.MoMLSimpleApplication@54b0ca57
reloadAllAccessors: .sortWithOpaquePorts

===========================================================================================
----------------- testing Wed Jun 20 23:08:16 UTC 2018 /home/travis/build/icyphy/ptII/ptolemy/domains/de/test/auto/transferInputsandOutputs.xml
----------------- Instantiating /home/travis/build/icyphy/ptII/ptolemy/domains/de/test/auto/transferInputsandOutputs.xml
1 ms. Memory: 539136K Free: 228872K (42%)
----------------- Invoking toplevel() on ptolemy.moml.MoMLSimpleApplication@2200ef69
----------------- Done invoking toplevel() on ptolemy.moml.MoMLSimpleApplication@2200ef69
reloadAllAccessors: .transferInputsandOutputs

===========================================================================================
----------------- testing Wed Jun 20 23:08:16 UTC 2018 /home/travis/build/icyphy/ptII/ptolemy/domains/de/test/auto/triggerType.xml
----------------- Instantiating /home/travis/build/icyphy/ptII/ptolemy/domains/de/test/auto/triggerType.xml
1 ms. Memory: 539136K Free: 219299K (41%)
----------------- Invoking toplevel() on ptolemy.moml.MoMLSimpleApplication@6774bc6b
----------------- Done invoking toplevel() on ptolemy.moml.MoMLSimpleApplication@6774bc6b
reloadAllAccessors: .triggerType
AutoTests.java: About to close Vertx.
AutoTests.java: Vertx closed.
]]></system-out>
  <system-err><![CDATA[java.lang.RuntimeException: Execution failed
	at ptolemy.moml.MoMLSimpleApplication$UnloadThread.run(MoMLSimpleApplication.java:402)
Caused by: ptolemy.kernel.util.IllegalActionException: Found a zero delay loop containing .dependencyLoop.original
  in .dependencyLoop and .dependencyLoop.original
	at ptolemy.actor.util.CausalityInterfaceForComposites._computeOutputPortDepth(CausalityInterfaceForComposites.java:759)
	at ptolemy.actor.util.CausalityInterfaceForComposites._computeInputDepth(CausalityInterfaceForComposites.java:696)
	at ptolemy.actor.util.CausalityInterfaceForComposites._computeOutputPortDepth(CausalityInterfaceForComposites.java:765)
	at ptolemy.actor.util.CausalityInterfaceForComposites._computeInputDepth(CausalityInterfaceForComposites.java:696)
	at ptolemy.actor.util.CausalityInterfaceForComposites._computeOutputPortDepth(CausalityInterfaceForComposites.java:765)
	at ptolemy.actor.util.CausalityInterfaceForComposites._computeInputDepth(CausalityInterfaceForComposites.java:696)
	at ptolemy.actor.util.CausalityInterfaceForComposites._computeActorDepth(CausalityInterfaceForComposites.java:532)
	at ptolemy.actor.util.CausalityInterfaceForComposites.checkForCycles(CausalityInterfaceForComposites.java:96)
	at ptolemy.domains.de.kernel.DEDirector.preinitialize(DEDirector.java:1338)
	at ptolemy.actor.CompositeActor.preinitialize(CompositeActor.java:1828)
	at ptolemy.actor.Manager.preinitializeAndResolveTypes(Manager.java:1040)
	at ptolemy.actor.Manager.initialize(Manager.java:710)
	at ptolemy.actor.Manager.execute(Manager.java:356)
	at ptolemy.actor.Manager.run(Manager.java:1263)
	at ptolemy.actor.Manager$PtolemyRunThread.run(Manager.java:1915)
java.lang.RuntimeException: Execution failed
	at ptolemy.moml.MoMLSimpleApplication$UnloadThread.run(MoMLSimpleApplication.java:402)
Caused by: ptolemy.kernel.util.IllegalActionException: Found a zero delay loop containing .dependencyLoop2.original
  in .dependencyLoop2 and .dependencyLoop2.original
	at ptolemy.actor.util.CausalityInterfaceForComposites._computeOutputPortDepth(CausalityInterfaceForComposites.java:759)
	at ptolemy.actor.util.CausalityInterfaceForComposites._computeInputDepth(CausalityInterfaceForComposites.java:696)
	at ptolemy.actor.util.CausalityInterfaceForComposites._computeOutputPortDepth(CausalityInterfaceForComposites.java:765)
	at ptolemy.actor.util.CausalityInterfaceForComposites._computeInputDepth(CausalityInterfaceForComposites.java:696)
	at ptolemy.actor.util.CausalityInterfaceForComposites._computeOutputPortDepth(CausalityInterfaceForComposites.java:765)
	at ptolemy.actor.util.CausalityInterfaceForComposites._computeInputDepth(CausalityInterfaceForComposites.java:696)
	at ptolemy.actor.util.CausalityInterfaceForComposites._computeActorDepth(CausalityInterfaceForComposites.java:532)
	at ptolemy.actor.util.CausalityInterfaceForComposites.checkForCycles(CausalityInterfaceForComposites.java:96)
	at ptolemy.domains.de.kernel.DEDirector.preinitialize(DEDirector.java:1338)
	at ptolemy.actor.CompositeActor.preinitialize(CompositeActor.java:1828)
	at ptolemy.actor.Manager.preinitializeAndResolveTypes(Manager.java:1040)
	at ptolemy.actor.Manager.initialize(Manager.java:710)
	at ptolemy.actor.Manager.execute(Manager.java:356)
	at ptolemy.actor.Manager.run(Manager.java:1263)
	at ptolemy.actor.Manager$PtolemyRunThread.run(Manager.java:1915)
java.lang.RuntimeException: Execution failed
	at ptolemy.moml.MoMLSimpleApplication$UnloadThread.run(MoMLSimpleApplication.java:402)
Caused by: ptolemy.kernel.util.IllegalActionException: Found a zero delay loop containing .dependencyLoop.original
  in .dependencyLoop and .dependencyLoop.original
	at ptolemy.actor.util.CausalityInterfaceForComposites._computeOutputPortDepth(CausalityInterfaceForComposites.java:759)
	at ptolemy.actor.util.CausalityInterfaceForComposites._computeInputDepth(CausalityInterfaceForComposites.java:696)
	at ptolemy.actor.util.CausalityInterfaceForComposites._computeOutputPortDepth(CausalityInterfaceForComposites.java:765)
	at ptolemy.actor.util.CausalityInterfaceForComposites._computeInputDepth(CausalityInterfaceForComposites.java:696)
	at ptolemy.actor.util.CausalityInterfaceForComposites._computeOutputPortDepth(CausalityInterfaceForComposites.java:765)
	at ptolemy.actor.util.CausalityInterfaceForComposites._computeInputDepth(CausalityInterfaceForComposites.java:696)
	at ptolemy.actor.util.CausalityInterfaceForComposites._computeActorDepth(CausalityInterfaceForComposites.java:532)
	at ptolemy.actor.util.CausalityInterfaceForComposites.checkForCycles(CausalityInterfaceForComposites.java:96)
	at ptolemy.domains.de.kernel.DEDirector.preinitialize(DEDirector.java:1338)
	at ptolemy.actor.CompositeActor.preinitialize(CompositeActor.java:1828)
	at ptolemy.actor.Manager.preinitializeAndResolveTypes(Manager.java:1040)
	at ptolemy.actor.Manager.initialize(Manager.java:710)
	at ptolemy.actor.Manager.execute(Manager.java:356)
	at ptolemy.actor.Manager.run(Manager.java:1263)
	at ptolemy.actor.Manager$PtolemyRunThread.run(Manager.java:1915)
java.lang.RuntimeException: Execution failed
	at ptolemy.moml.MoMLSimpleApplication$UnloadThread.run(MoMLSimpleApplication.java:402)
Caused by: ptolemy.kernel.util.IllegalActionException: Actor is not ready to fire.  Perhaps UpSample.prefire() returned false? Try debugging the actor by selecting "Listen to Actor".  Also, for SDF check moml for tokenConsumptionRate on input.
  in .DESDFClockTest.Play Bell.Copy1:SDF Director and .DESDFClockTest.Play Bell.UpSample
	at ptolemy.actor.sched.StaticSchedulingDirector.fire(StaticSchedulingDirector.java:227)
	at ptolemy.domains.sdf.kernel.SDFDirector.fire(SDFDirector.java:500)
	at ptolemy.actor.CompositeActor.fire(CompositeActor.java:455)
	at ptolemy.domains.de.kernel.DEDirector._fire(DEDirector.java:1949)
	at ptolemy.domains.de.kernel.DEDirector.fire(DEDirector.java:502)
	at ptolemy.actor.CompositeActor.fire(CompositeActor.java:455)
	at ptolemy.actor.Manager.iterate(Manager.java:851)
	at ptolemy.actor.Manager.execute(Manager.java:369)
	at ptolemy.actor.Manager.run(Manager.java:1263)
	at ptolemy.actor.Manager$PtolemyRunThread.run(Manager.java:1915)
java.lang.RuntimeException: Execution failed
	at ptolemy.moml.MoMLSimpleApplication$UnloadThread.run(MoMLSimpleApplication.java:402)
Caused by: ptolemy.kernel.util.IllegalActionException: Found a zero delay loop containing .dependencyLoop2.original
  in .dependencyLoop2 and .dependencyLoop2.original
	at ptolemy.actor.util.CausalityInterfaceForComposites._computeOutputPortDepth(CausalityInterfaceForComposites.java:759)
	at ptolemy.actor.util.CausalityInterfaceForComposites._computeInputDepth(CausalityInterfaceForComposites.java:696)
	at ptolemy.actor.util.CausalityInterfaceForComposites._computeOutputPortDepth(CausalityInterfaceForComposites.java:765)
	at ptolemy.actor.util.CausalityInterfaceForComposites._computeInputDepth(CausalityInterfaceForComposites.java:696)
	at ptolemy.actor.util.CausalityInterfaceForComposites._computeOutputPortDepth(CausalityInterfaceForComposites.java:765)
	at ptolemy.actor.util.CausalityInterfaceForComposites._computeInputDepth(CausalityInterfaceForComposites.java:696)
	at ptolemy.actor.util.CausalityInterfaceForComposites._computeActorDepth(CausalityInterfaceForComposites.java:532)
	at ptolemy.actor.util.CausalityInterfaceForComposites.checkForCycles(CausalityInterfaceForComposites.java:96)
	at ptolemy.domains.de.kernel.DEDirector.preinitialize(DEDirector.java:1338)
	at ptolemy.actor.CompositeActor.preinitialize(CompositeActor.java:1828)
	at ptolemy.actor.Manager.preinitializeAndResolveTypes(Manager.java:1040)
	at ptolemy.actor.Manager.initialize(Manager.java:710)
	at ptolemy.actor.Manager.execute(Manager.java:356)
	at ptolemy.actor.Manager.run(Manager.java:1263)
	at ptolemy.actor.Manager$PtolemyRunThread.run(Manager.java:1915)
java.lang.RuntimeException: Execution failed
	at ptolemy.moml.MoMLSimpleApplication$UnloadThread.run(MoMLSimpleApplication.java:402)
Caused by: ptolemy.kernel.util.IllegalActionException: Found a zero delay loop containing .HierarchicalModel.A
  in .HierarchicalModel and .HierarchicalModel.A
	at ptolemy.actor.util.CausalityInterfaceForComposites._computeOutputPortDepth(CausalityInterfaceForComposites.java:759)
	at ptolemy.actor.util.CausalityInterfaceForComposites._computeInputDepth(CausalityInterfaceForComposites.java:696)
	at ptolemy.actor.util.CausalityInterfaceForComposites._computeOutputPortDepth(CausalityInterfaceForComposites.java:765)
	at ptolemy.actor.util.CausalityInterfaceForComposites._computeInputDepth(CausalityInterfaceForComposites.java:696)
	at ptolemy.actor.util.CausalityInterfaceForComposites._computeOutputPortDepth(CausalityInterfaceForComposites.java:765)
	at ptolemy.actor.util.CausalityInterfaceForComposites._computeInputDepth(CausalityInterfaceForComposites.java:696)
	at ptolemy.actor.util.CausalityInterfaceForComposites._computeActorDepth(CausalityInterfaceForComposites.java:532)
	at ptolemy.actor.util.CausalityInterfaceForComposites.checkForCycles(CausalityInterfaceForComposites.java:96)
	at ptolemy.domains.de.kernel.DEDirector.preinitialize(DEDirector.java:1338)
	at ptolemy.actor.CompositeActor.preinitialize(CompositeActor.java:1828)
	at ptolemy.actor.Manager.preinitializeAndResolveTypes(Manager.java:1040)
	at ptolemy.actor.Manager.initialize(Manager.java:710)
	at ptolemy.actor.Manager.execute(Manager.java:356)
	at ptolemy.actor.Manager.run(Manager.java:1263)
	at ptolemy.actor.Manager$PtolemyRunThread.run(Manager.java:1915)
java.lang.RuntimeException: Execution failed
	at ptolemy.moml.MoMLSimpleApplication$UnloadThread.run(MoMLSimpleApplication.java:402)
Caused by: ptolemy.kernel.util.IllegalActionException: Test fails in iteration 1.
Value was: 1.0. Should have been: 2.0
  in .DirectFeedback.Test
	at ptolemy.actor.lib.Test.fire(Test.java:268)
	at ptolemy.domains.de.kernel.DEDirector._fire(DEDirector.java:1949)
	at ptolemy.domains.de.kernel.DEDirector.fire(DEDirector.java:502)
	at ptolemy.actor.CompositeActor.fire(CompositeActor.java:455)
	at ptolemy.actor.Manager.iterate(Manager.java:851)
	at ptolemy.actor.Manager.execute(Manager.java:369)
	at ptolemy.actor.Manager.run(Manager.java:1263)
	at ptolemy.actor.Manager$PtolemyRunThread.run(Manager.java:1915)
java.lang.RuntimeException: Execution failed
	at ptolemy.moml.MoMLSimpleApplication$UnloadThread.run(MoMLSimpleApplication.java:402)
Caused by: ptolemy.kernel.util.IllegalActionException: Actor is not ready to fire.  Perhaps UpSample.prefire() returned false? Try debugging the actor by selecting "Listen to Actor".  Also, for SDF check moml for tokenConsumptionRate on input.
  in .DESDFClockTest.Play Bell.Copy1:SDF Director and .DESDFClockTest.Play Bell.UpSample
	at ptolemy.actor.sched.StaticSchedulingDirector.fire(StaticSchedulingDirector.java:227)
	at ptolemy.domains.sdf.kernel.SDFDirector.fire(SDFDirector.java:500)
	at ptolemy.actor.CompositeActor.fire(CompositeActor.java:455)
	at ptolemy.domains.de.kernel.DEDirector._fire(DEDirector.java:1949)
	at ptolemy.domains.de.kernel.DEDirector.fire(DEDirector.java:502)
	at ptolemy.actor.CompositeActor.fire(CompositeActor.java:455)
	at ptolemy.actor.Manager.iterate(Manager.java:851)
	at ptolemy.actor.Manager.execute(Manager.java:369)
	at ptolemy.actor.Manager.run(Manager.java:1263)
	at ptolemy.actor.Manager$PtolemyRunThread.run(Manager.java:1915)
java.lang.reflect.InvocationTargetException
	at sun.reflect.NativeConstructorAccessorImpl.newInstance0(Native Method)
	at sun.reflect.NativeConstructorAccessorImpl.newInstance(NativeConstructorAccessorImpl.java:62)
	at sun.reflect.DelegatingConstructorAccessorImpl.newInstance(DelegatingConstructorAccessorImpl.java:45)
	at java.lang.reflect.Constructor.newInstance(Constructor.java:423)
	at ptolemy.util.test.junit.AutoKnownFailedTests.RunModel(AutoKnownFailedTests.java:107)
	at sun.reflect.NativeMethodAccessorImpl.invoke0(Native Method)
	at sun.reflect.NativeMethodAccessorImpl.invoke(NativeMethodAccessorImpl.java:62)
	at sun.reflect.DelegatingMethodAccessorImpl.invoke(DelegatingMethodAccessorImpl.java:43)
	at java.lang.reflect.Method.invoke(Method.java:498)
	at org.junit.runners.model.FrameworkMethod$1.runReflectiveCall(FrameworkMethod.java:44)
	at org.junit.internal.runners.model.ReflectiveCallable.run(ReflectiveCallable.java:15)
	at org.junit.runners.model.FrameworkMethod.invokeExplosively(FrameworkMethod.java:41)
	at junitparams.internal.InvokeParameterisedMethod.evaluate(InvokeParameterisedMethod.java:102)
	at org.junit.internal.runners.statements.FailOnTimeout$1.run(FailOnTimeout.java:28)
Caused by: ptolemy.kernel.util.IllegalActionException: Actor is not ready to fire.  Perhaps UpSample.prefire() returned false? Try debugging the actor by selecting "Listen to Actor".  Also, for SDF check moml for tokenConsumptionRate on input.
  in .DESDFClockTest.Play Bell.Copy1:SDF Director and .DESDFClockTest.Play Bell.UpSample
	at ptolemy.actor.sched.StaticSchedulingDirector.fire(StaticSchedulingDirector.java:227)
	at ptolemy.domains.sdf.kernel.SDFDirector.fire(SDFDirector.java:500)
	at ptolemy.actor.CompositeActor.fire(CompositeActor.java:455)
	at ptolemy.domains.de.kernel.DEDirector._fire(DEDirector.java:1949)
	at ptolemy.domains.de.kernel.DEDirector.fire(DEDirector.java:502)
	at ptolemy.actor.CompositeActor.fire(CompositeActor.java:455)
	at ptolemy.actor.Manager.iterate(Manager.java:851)
	at ptolemy.actor.Manager.execute(Manager.java:369)
	at ptolemy.actor.Manager.run(Manager.java:1263)
	at ptolemy.actor.Manager$PtolemyRunThread.run(Manager.java:1915)
java.lang.RuntimeException: Execution failed
	at ptolemy.moml.MoMLSimpleApplication$UnloadThread.run(MoMLSimpleApplication.java:402)
Caused by: ptolemy.kernel.util.IllegalActionException: Test fails in iteration 1.
Value was: 1.0. Should have been: 2.0
  in .DirectFeedback.Test
	at ptolemy.actor.lib.Test.fire(Test.java:268)
	at ptolemy.domains.de.kernel.DEDirector._fire(DEDirector.java:1949)
	at ptolemy.domains.de.kernel.DEDirector.fire(DEDirector.java:502)
	at ptolemy.actor.CompositeActor.fire(CompositeActor.java:455)
	at ptolemy.actor.Manager.iterate(Manager.java:851)
	at ptolemy.actor.Manager.execute(Manager.java:369)
	at ptolemy.actor.Manager.run(Manager.java:1263)
	at ptolemy.actor.Manager$PtolemyRunThread.run(Manager.java:1915)
java.lang.reflect.InvocationTargetException
	at sun.reflect.NativeConstructorAccessorImpl.newInstance0(Native Method)
	at sun.reflect.NativeConstructorAccessorImpl.newInstance(NativeConstructorAccessorImpl.java:62)
	at sun.reflect.DelegatingConstructorAccessorImpl.newInstance(DelegatingConstructorAccessorImpl.java:45)
	at java.lang.reflect.Constructor.newInstance(Constructor.java:423)
	at ptolemy.util.test.junit.AutoKnownFailedTests.RunModel(AutoKnownFailedTests.java:107)
	at sun.reflect.NativeMethodAccessorImpl.invoke0(Native Method)
	at sun.reflect.NativeMethodAccessorImpl.invoke(NativeMethodAccessorImpl.java:62)
	at sun.reflect.DelegatingMethodAccessorImpl.invoke(DelegatingMethodAccessorImpl.java:43)
	at java.lang.reflect.Method.invoke(Method.java:498)
	at org.junit.runners.model.FrameworkMethod$1.runReflectiveCall(FrameworkMethod.java:44)
	at org.junit.internal.runners.model.ReflectiveCallable.run(ReflectiveCallable.java:15)
	at org.junit.runners.model.FrameworkMethod.invokeExplosively(FrameworkMethod.java:41)
	at junitparams.internal.InvokeParameterisedMethod.evaluate(InvokeParameterisedMethod.java:102)
	at org.junit.internal.runners.statements.FailOnTimeout$1.run(FailOnTimeout.java:28)
Caused by: ptolemy.kernel.util.IllegalActionException: Test fails in iteration 1.
Value was: 1.0. Should have been: 2.0
  in .DirectFeedback.Test
	at ptolemy.actor.lib.Test.fire(Test.java:268)
	at ptolemy.domains.de.kernel.DEDirector._fire(DEDirector.java:1949)
	at ptolemy.domains.de.kernel.DEDirector.fire(DEDirector.java:502)
	at ptolemy.actor.CompositeActor.fire(CompositeActor.java:455)
	at ptolemy.actor.Manager.iterate(Manager.java:851)
	at ptolemy.actor.Manager.execute(Manager.java:369)
	at ptolemy.actor.Manager.run(Manager.java:1263)
	at ptolemy.actor.Manager$PtolemyRunThread.run(Manager.java:1915)
java.lang.RuntimeException: Execution failed
	at ptolemy.moml.MoMLSimpleApplication$UnloadThread.run(MoMLSimpleApplication.java:402)
Caused by: ptolemy.kernel.util.IllegalActionException: Found a zero delay loop containing .HierarchicalModel.A
  in .HierarchicalModel and .HierarchicalModel.A
	at ptolemy.actor.util.CausalityInterfaceForComposites._computeOutputPortDepth(CausalityInterfaceForComposites.java:759)
	at ptolemy.actor.util.CausalityInterfaceForComposites._computeInputDepth(CausalityInterfaceForComposites.java:696)
	at ptolemy.actor.util.CausalityInterfaceForComposites._computeOutputPortDepth(CausalityInterfaceForComposites.java:765)
	at ptolemy.actor.util.CausalityInterfaceForComposites._computeInputDepth(CausalityInterfaceForComposites.java:696)
	at ptolemy.actor.util.CausalityInterfaceForComposites._computeOutputPortDepth(CausalityInterfaceForComposites.java:765)
	at ptolemy.actor.util.CausalityInterfaceForComposites._computeInputDepth(CausalityInterfaceForComposites.java:696)
	at ptolemy.actor.util.CausalityInterfaceForComposites._computeActorDepth(CausalityInterfaceForComposites.java:532)
	at ptolemy.actor.util.CausalityInterfaceForComposites.checkForCycles(CausalityInterfaceForComposites.java:96)
	at ptolemy.domains.de.kernel.DEDirector.preinitialize(DEDirector.java:1338)
	at ptolemy.actor.CompositeActor.preinitialize(CompositeActor.java:1828)
	at ptolemy.actor.Manager.preinitializeAndResolveTypes(Manager.java:1040)
	at ptolemy.actor.Manager.initialize(Manager.java:710)
	at ptolemy.actor.Manager.execute(Manager.java:356)
	at ptolemy.actor.Manager.run(Manager.java:1263)
	at ptolemy.actor.Manager$PtolemyRunThread.run(Manager.java:1915)
java.lang.reflect.InvocationTargetException
	at sun.reflect.NativeConstructorAccessorImpl.newInstance0(Native Method)
	at sun.reflect.NativeConstructorAccessorImpl.newInstance(NativeConstructorAccessorImpl.java:62)
	at sun.reflect.DelegatingConstructorAccessorImpl.newInstance(DelegatingConstructorAccessorImpl.java:45)
	at java.lang.reflect.Constructor.newInstance(Constructor.java:423)
	at ptolemy.util.test.junit.AutoKnownFailedTests.RunModel(AutoKnownFailedTests.java:107)
	at sun.reflect.NativeMethodAccessorImpl.invoke0(Native Method)
	at sun.reflect.NativeMethodAccessorImpl.invoke(NativeMethodAccessorImpl.java:62)
	at sun.reflect.DelegatingMethodAccessorImpl.invoke(DelegatingMethodAccessorImpl.java:43)
	at java.lang.reflect.Method.invoke(Method.java:498)
	at org.junit.runners.model.FrameworkMethod$1.runReflectiveCall(FrameworkMethod.java:44)
	at org.junit.internal.runners.model.ReflectiveCallable.run(ReflectiveCallable.java:15)
	at org.junit.runners.model.FrameworkMethod.invokeExplosively(FrameworkMethod.java:41)
	at junitparams.internal.InvokeParameterisedMethod.evaluate(InvokeParameterisedMethod.java:102)
	at org.junit.internal.runners.statements.FailOnTimeout$1.run(FailOnTimeout.java:28)
Caused by: ptolemy.kernel.util.IllegalActionException: Found a zero delay loop containing .HierarchicalModel.A
  in .HierarchicalModel and .HierarchicalModel.A
	at ptolemy.actor.util.CausalityInterfaceForComposites._computeOutputPortDepth(CausalityInterfaceForComposites.java:759)
	at ptolemy.actor.util.CausalityInterfaceForComposites._computeInputDepth(CausalityInterfaceForComposites.java:696)
	at ptolemy.actor.util.CausalityInterfaceForComposites._computeOutputPortDepth(CausalityInterfaceForComposites.java:765)
	at ptolemy.actor.util.CausalityInterfaceForComposites._computeInputDepth(CausalityInterfaceForComposites.java:696)
	at ptolemy.actor.util.CausalityInterfaceForComposites._computeOutputPortDepth(CausalityInterfaceForComposites.java:765)
	at ptolemy.actor.util.CausalityInterfaceForComposites._computeInputDepth(CausalityInterfaceForComposites.java:696)
	at ptolemy.actor.util.CausalityInterfaceForComposites._computeActorDepth(CausalityInterfaceForComposites.java:532)
	at ptolemy.actor.util.CausalityInterfaceForComposites.checkForCycles(CausalityInterfaceForComposites.java:96)
	at ptolemy.domains.de.kernel.DEDirector.preinitialize(DEDirector.java:1338)
	at ptolemy.actor.CompositeActor.preinitialize(CompositeActor.java:1828)
	at ptolemy.actor.Manager.preinitializeAndResolveTypes(Manager.java:1040)
	at ptolemy.actor.Manager.initialize(Manager.java:710)
	at ptolemy.actor.Manager.execute(Manager.java:356)
	at ptolemy.actor.Manager.run(Manager.java:1263)
	at ptolemy.actor.Manager$PtolemyRunThread.run(Manager.java:1915)
java.lang.RuntimeException: Execution failed
	at ptolemy.moml.MoMLSimpleApplication$UnloadThread.run(MoMLSimpleApplication.java:402)
Caused by: ptolemy.kernel.util.IllegalActionException: Found a zero delay loop containing .dependencyLoop.original
  in .dependencyLoop and .dependencyLoop.original
	at ptolemy.actor.util.CausalityInterfaceForComposites._computeOutputPortDepth(CausalityInterfaceForComposites.java:759)
	at ptolemy.actor.util.CausalityInterfaceForComposites._computeInputDepth(CausalityInterfaceForComposites.java:696)
	at ptolemy.actor.util.CausalityInterfaceForComposites._computeOutputPortDepth(CausalityInterfaceForComposites.java:765)
	at ptolemy.actor.util.CausalityInterfaceForComposites._computeInputDepth(CausalityInterfaceForComposites.java:696)
	at ptolemy.actor.util.CausalityInterfaceForComposites._computeOutputPortDepth(CausalityInterfaceForComposites.java:765)
	at ptolemy.actor.util.CausalityInterfaceForComposites._computeInputDepth(CausalityInterfaceForComposites.java:696)
	at ptolemy.actor.util.CausalityInterfaceForComposites._computeActorDepth(CausalityInterfaceForComposites.java:532)
	at ptolemy.actor.util.CausalityInterfaceForComposites.checkForCycles(CausalityInterfaceForComposites.java:96)
	at ptolemy.domains.de.kernel.DEDirector.preinitialize(DEDirector.java:1338)
	at ptolemy.actor.CompositeActor.preinitialize(CompositeActor.java:1828)
	at ptolemy.actor.Manager.preinitializeAndResolveTypes(Manager.java:1040)
	at ptolemy.actor.Manager.initialize(Manager.java:710)
	at ptolemy.actor.Manager.execute(Manager.java:356)
	at ptolemy.actor.Manager.run(Manager.java:1263)
	at ptolemy.actor.Manager$PtolemyRunThread.run(Manager.java:1915)
java.lang.reflect.InvocationTargetException
	at sun.reflect.NativeConstructorAccessorImpl.newInstance0(Native Method)
	at sun.reflect.NativeConstructorAccessorImpl.newInstance(NativeConstructorAccessorImpl.java:62)
	at sun.reflect.DelegatingConstructorAccessorImpl.newInstance(DelegatingConstructorAccessorImpl.java:45)
	at java.lang.reflect.Constructor.newInstance(Constructor.java:423)
	at ptolemy.util.test.junit.AutoKnownFailedTests.RunModel(AutoKnownFailedTests.java:107)
	at sun.reflect.NativeMethodAccessorImpl.invoke0(Native Method)
	at sun.reflect.NativeMethodAccessorImpl.invoke(NativeMethodAccessorImpl.java:62)
	at sun.reflect.DelegatingMethodAccessorImpl.invoke(DelegatingMethodAccessorImpl.java:43)
	at java.lang.reflect.Method.invoke(Method.java:498)
	at org.junit.runners.model.FrameworkMethod$1.runReflectiveCall(FrameworkMethod.java:44)
	at org.junit.internal.runners.model.ReflectiveCallable.run(ReflectiveCallable.java:15)
	at org.junit.runners.model.FrameworkMethod.invokeExplosively(FrameworkMethod.java:41)
	at junitparams.internal.InvokeParameterisedMethod.evaluate(InvokeParameterisedMethod.java:102)
	at org.junit.internal.runners.statements.FailOnTimeout$1.run(FailOnTimeout.java:28)
Caused by: ptolemy.kernel.util.IllegalActionException: Found a zero delay loop containing .dependencyLoop.original
  in .dependencyLoop and .dependencyLoop.original
	at ptolemy.actor.util.CausalityInterfaceForComposites._computeOutputPortDepth(CausalityInterfaceForComposites.java:759)
	at ptolemy.actor.util.CausalityInterfaceForComposites._computeInputDepth(CausalityInterfaceForComposites.java:696)
	at ptolemy.actor.util.CausalityInterfaceForComposites._computeOutputPortDepth(CausalityInterfaceForComposites.java:765)
	at ptolemy.actor.util.CausalityInterfaceForComposites._computeInputDepth(CausalityInterfaceForComposites.java:696)
	at ptolemy.actor.util.CausalityInterfaceForComposites._computeOutputPortDepth(CausalityInterfaceForComposites.java:765)
	at ptolemy.actor.util.CausalityInterfaceForComposites._computeInputDepth(CausalityInterfaceForComposites.java:696)
	at ptolemy.actor.util.CausalityInterfaceForComposites._computeActorDepth(CausalityInterfaceForComposites.java:532)
	at ptolemy.actor.util.CausalityInterfaceForComposites.checkForCycles(CausalityInterfaceForComposites.java:96)
	at ptolemy.domains.de.kernel.DEDirector.preinitialize(DEDirector.java:1338)
	at ptolemy.actor.CompositeActor.preinitialize(CompositeActor.java:1828)
	at ptolemy.actor.Manager.preinitializeAndResolveTypes(Manager.java:1040)
	at ptolemy.actor.Manager.initialize(Manager.java:710)
	at ptolemy.actor.Manager.execute(Manager.java:356)
	at ptolemy.actor.Manager.run(Manager.java:1263)
	at ptolemy.actor.Manager$PtolemyRunThread.run(Manager.java:1915)
java.lang.RuntimeException: Execution failed
	at ptolemy.moml.MoMLSimpleApplication$UnloadThread.run(MoMLSimpleApplication.java:402)
Caused by: ptolemy.kernel.util.IllegalActionException: Found a zero delay loop containing .dependencyLoop2.original
  in .dependencyLoop2 and .dependencyLoop2.original
	at ptolemy.actor.util.CausalityInterfaceForComposites._computeOutputPortDepth(CausalityInterfaceForComposites.java:759)
	at ptolemy.actor.util.CausalityInterfaceForComposites._computeInputDepth(CausalityInterfaceForComposites.java:696)
	at ptolemy.actor.util.CausalityInterfaceForComposites._computeOutputPortDepth(CausalityInterfaceForComposites.java:765)
	at ptolemy.actor.util.CausalityInterfaceForComposites._computeInputDepth(CausalityInterfaceForComposites.java:696)
	at ptolemy.actor.util.CausalityInterfaceForComposites._computeOutputPortDepth(CausalityInterfaceForComposites.java:765)
	at ptolemy.actor.util.CausalityInterfaceForComposites._computeInputDepth(CausalityInterfaceForComposites.java:696)
	at ptolemy.actor.util.CausalityInterfaceForComposites._computeActorDepth(CausalityInterfaceForComposites.java:532)
	at ptolemy.actor.util.CausalityInterfaceForComposites.checkForCycles(CausalityInterfaceForComposites.java:96)
	at ptolemy.domains.de.kernel.DEDirector.preinitialize(DEDirector.java:1338)
	at ptolemy.actor.CompositeActor.preinitialize(CompositeActor.java:1828)
	at ptolemy.actor.Manager.preinitializeAndResolveTypes(Manager.java:1040)
	at ptolemy.actor.Manager.initialize(Manager.java:710)
	at ptolemy.actor.Manager.execute(Manager.java:356)
	at ptolemy.actor.Manager.run(Manager.java:1263)
	at ptolemy.actor.Manager$PtolemyRunThread.run(Manager.java:1915)
java.lang.reflect.InvocationTargetException
	at sun.reflect.NativeConstructorAccessorImpl.newInstance0(Native Method)
	at sun.reflect.NativeConstructorAccessorImpl.newInstance(NativeConstructorAccessorImpl.java:62)
	at sun.reflect.DelegatingConstructorAccessorImpl.newInstance(DelegatingConstructorAccessorImpl.java:45)
	at java.lang.reflect.Constructor.newInstance(Constructor.java:423)
	at ptolemy.util.test.junit.AutoKnownFailedTests.RunModel(AutoKnownFailedTests.java:107)
	at sun.reflect.NativeMethodAccessorImpl.invoke0(Native Method)
	at sun.reflect.NativeMethodAccessorImpl.invoke(NativeMethodAccessorImpl.java:62)
	at sun.reflect.DelegatingMethodAccessorImpl.invoke(DelegatingMethodAccessorImpl.java:43)
	at java.lang.reflect.Method.invoke(Method.java:498)
	at org.junit.runners.model.FrameworkMethod$1.runReflectiveCall(FrameworkMethod.java:44)
	at org.junit.internal.runners.model.ReflectiveCallable.run(ReflectiveCallable.java:15)
	at org.junit.runners.model.FrameworkMethod.invokeExplosively(FrameworkMethod.java:41)
	at junitparams.internal.InvokeParameterisedMethod.evaluate(InvokeParameterisedMethod.java:102)
	at org.junit.internal.runners.statements.FailOnTimeout$1.run(FailOnTimeout.java:28)
Caused by: ptolemy.kernel.util.IllegalActionException: Found a zero delay loop containing .dependencyLoop2.original
  in .dependencyLoop2 and .dependencyLoop2.original
	at ptolemy.actor.util.CausalityInterfaceForComposites._computeOutputPortDepth(CausalityInterfaceForComposites.java:759)
	at ptolemy.actor.util.CausalityInterfaceForComposites._computeInputDepth(CausalityInterfaceForComposites.java:696)
	at ptolemy.actor.util.CausalityInterfaceForComposites._computeOutputPortDepth(CausalityInterfaceForComposites.java:765)
	at ptolemy.actor.util.CausalityInterfaceForComposites._computeInputDepth(CausalityInterfaceForComposites.java:696)
	at ptolemy.actor.util.CausalityInterfaceForComposites._computeOutputPortDepth(CausalityInterfaceForComposites.java:765)
	at ptolemy.actor.util.CausalityInterfaceForComposites._computeInputDepth(CausalityInterfaceForComposites.java:696)
	at ptolemy.actor.util.CausalityInterfaceForComposites._computeActorDepth(CausalityInterfaceForComposites.java:532)
	at ptolemy.actor.util.CausalityInterfaceForComposites.checkForCycles(CausalityInterfaceForComposites.java:96)
	at ptolemy.domains.de.kernel.DEDirector.preinitialize(DEDirector.java:1338)
	at ptolemy.actor.CompositeActor.preinitialize(CompositeActor.java:1828)
	at ptolemy.actor.Manager.preinitializeAndResolveTypes(Manager.java:1040)
	at ptolemy.actor.Manager.initialize(Manager.java:710)
	at ptolemy.actor.Manager.execute(Manager.java:356)
	at ptolemy.actor.Manager.run(Manager.java:1263)
	at ptolemy.actor.Manager$PtolemyRunThread.run(Manager.java:1915)
]]></system-err>
</testsuite>
