<?xml version="1.0" encoding="UTF-8" ?>
<testsuite errors="1" failures="2" hostname="travis-job-2a6e6fdc-80d1-4d41-84e0-1c2f451e2711" name="ptolemy.actor.lib.test.junit.JUnitTclTest" skipped="0" tests="517" time="64.875" timestamp="2019-06-21T10:44:09">
  <properties>
    <property name="npm.executable" value="npm" />
    <property name="env.TRAVIS_ROOT" value="/" />
    <property name="ptII.mk.exists" value="true" />
    <property name="env.TRAVIS_APP_HOST" value="build.travis-ci.org" />
    <property name="env.rvm_bin_path" value="/home/travis/.rvm/bin" />
    <property name="java.home" value="/usr/local/lib/jvm/openjdk11" />
    <property name="env.TRAVIS_JOB_NUMBER" value="1175.8" />
    <property name="env.TRAVIS_HOME" value="/home/travis" />
    <property name="env.DISPLAY" value=":99.0" />
    <property name="env.TRAVIS_INIT" value="systemd" />
    <property name="env.SSH_TTY" value="/dev/pts/0" />
    <property name="java.net.preferIPv4Stack" value="true" />
    <property name="env.RUN_TESTS" value="true" />
    <property name="timeout.short" value="1000000" />
    <property name="junit.formatter" value="xml" />
    <property name="env.TRAVIS_SUDO" value="true" />
    <property name="env.TRAVIS_JOB_NAME" value="" />
    <property name="env.TRAVIS_STACK_NODE_ATTRIBUTES" value="/.node-attributes.yml" />
    <property name="env.LOGNAME" value="travis" />
    <property name="env.PT_TRAVIS_TEST_CORE1_XML" value="true" />
    <property name="jsdoc.home" value="node_modules/@terraswarm/jsdoc" />
    <property name="debuglevel" value="source,lines,vars" />
    <property name="checkstyle.formatter" value="xml" />
    <property name="env._system_version" value="16.04" />
    <property name="bin.vergil.makeable" value="true" />
    <property name="sun.os.patch.level" value="unknown" />
    <property name="java.vendor.url" value="http://java.oracle.com/" />
    <property name="env.TRAVIS_BUILD_WEB_URL" value="https://travis-ci.org/icyphy/ptII/builds/548506843" />
    <property name="java.version" value="11.0.2" />
    <property name="env.TZ" value="UTC" />
    <property name="env.TRAVIS_PULL_REQUEST_SHA" value="" />
    <property name="env.PT_NO_NET" value="true" />
    <property name="env.TRAVIS_SECURE_ENV_VARS" value="true" />
    <property name="env._system_type" value="Linux" />
    <property name="java.vendor.url.bug" value="http://bugreport.java.com/bugreport/" />
    <property name="npmjs-org-is-up" value="true" />
    <property name="env.LANGUAGE" value="en_US.UTF-8" />
    <property name="env.SSH_CLIENT" value="10.10.16.26 33530 22" />
    <property name="env.GEM_HOME" value="/home/travis/.rvm/gems/ruby-2.5.3" />
    <property name="env.HAS_ANTARES_THREE_LITTLE_FRONZIES_BADGE" value="true" />
    <property name="java.version.date" value="2019-01-15" />
    <property name="env.PS4" value="+" />
    <property name="ant.project.invoked-targets" value="build,test.core1.xml" />
    <property name="env.TRAVIS_PULL_REQUEST_BRANCH" value="" />
    <property name="env.TRAVIS_REPO_SLUG" value="icyphy/ptII" />
    <property name="env.XDG_DATA_DIRS" value="/usr/local/share:/usr/share:/var/lib/snapd/desktop" />
    <property name="jdk.debug" value="release" />
    <property name="env.TRAVIS_APT_PROXY" value="http://apt.cache.travis-ci.com" />
    <property name="node.in.path" value="true" />
    <property name="user.name" value="travis" />
    <property name="java.maxmemory" value="1400m" />
    <property name="env.RUBY_VERSION" value="ruby-2.5.3" />
    <property name="env.LANG" value="en_US.UTF-8" />
    <property name="sun.io.unicode.encoding" value="UnicodeLittle" />
    <property name="sun.jnu.encoding" value="UTF-8" />
    <property name="java.runtime.name" value="OpenJDK Runtime Environment" />
    <property name="usefile" value="false" />
    <property name="return.code" value="0" />
    <property name="junit.single.formatter" value="plain" />
    <property name="env.DYLD_LIBRARY_PATH" value="/home/travis/pthla/certi-tools/lib:" />
    <property name="env.DEBIAN_FRONTEND" value="noninteractive" />
    <property name="env.SSH_CONNECTION" value="10.10.16.26 33530 10.20.0.63 22" />
    <property name="env.MYSQL_UNIX_PORT" value="/var/run/mysqld/mysqld.sock" />
    <property name="env.LC_ALL" value="en_US.UTF-8" />
    <property name="env.TRAVIS_ALLOW_FAILURE" value="false" />
    <property name="env.TRAVIS_JOB_WEB_URL" value="https://travis-ci.org/icyphy/ptII/jobs/548506851" />
    <property name="java.specification.name" value="Java Platform API Specification" />
    <property name="node.works" value="true" />
    <property name="user.timezone" value="" />
    <property name="path.separator" value=":" />
    <property name="env.TRAVIS_ENABLE_INFRA_DETECTION" value="true" />
    <property name="env.PYTHON_CFLAGS" value="-g -fstack-protector --param=ssp-buffer-size=4 -Wformat -Werror=format-security" />
    <property name="timeout.long" value="4000000" />
    <property name="env.CERTI_HOME" value="/home/travis/pthla/certi-tools" />
    <property name="ant.file.ptII" value="/home/travis/build/icyphy/ptII/build.xml" />
    <property name="javadoc.packagenames" value="com.*,diva.*,lbnl.*,org.hlacerti.*,org.json.*,org.ptolemy.*,org.terraswarm.*,ptolemy.*,ptserver.*" />
    <property name="file.encoding" value="UTF-8" />
    <property name="env.TRAVIS_PULL_REQUEST_SLUG" value="" />
    <property name="ant.project.default-target" value="build" />
    <property name="env.GIT_ASKPASS" value="echo" />
    <property name="env.HOME" value="/home/travis" />
    <property name="sun.java.command" value="org.apache.tools.ant.taskdefs.optional.junit.JUnitTestRunner ptolemy.actor.lib.test.junit.JUnitTclTest skipNonTests=false filtertrace=true haltOnError=false haltOnFailure=false formatter=org.apache.tools.ant.taskdefs.optional.junit.OutErrSummaryJUnitResultFormatter showoutput=true outputtoformatters=true logfailedtests=true threadid=0 logtestlistenerevents=false formatter=org.apache.tools.ant.taskdefs.optional.junit.XMLJUnitResultFormatter,/home/travis/build/icyphy/ptII/reports/junit/TEST-ptolemy.actor.lib.test.junit.JUnitTclTest.xml crashfile=/home/travis/build/icyphy/ptII/junitvmwatcher9547450608842258816.properties propsfile=/home/travis/build/icyphy/ptII/junit11926579958124878139.properties" />
    <property name="env.COMPOSER_NO_INTERACTION" value="1" />
    <property name="env.MANPATH" value="/home/travis/.nvm/versions/node/v7.10.1/share/man:/home/travis/.rvm/rubies/ruby-2.5.3/share/man:/usr/local/cmake-3.12.4/man:/usr/local/clang-7.0.0/share/man:/usr/local/man:/usr/local/share/man:/usr/share/man:/home/travis/.rvm/man" />
    <property name="env.TRAVIS_TIMER_ID" value="0a42ab96" />
    <property name="ant.file" value="/home/travis/build/icyphy/ptII/build.xml" />
    <property name="env.TRAVIS_COMMIT_RANGE" value="21a84221cb4bcd37fabfbb95be95dcadf98df169...02afe38d468878b3a6dab5418f36a6f702f8c5ef" />
    <property name="env._system_name" value="Ubuntu" />
    <property name="ptII.classpath.optional.property" value="/home/travis/build/icyphy/ptII/lib/bsh-2.0b4.jar:/home/travis/build/icyphy/ptII/lib/ptCal.jar:/home/travis/build/icyphy/ptII/lib/java_cup.jar:/home/travis/build/icyphy/ptII/lib/saxon8.jar:/home/travis/build/icyphy/ptII/lib/saxon8-dom.jar:/home/travis/build/icyphy/ptII/lib/chic.jar:/home/travis/build/icyphy/ptII/lib/ptcolt.jar:/home/travis/build/icyphy/ptII/vendors/misc/itext/iText.jar:/home/travis/build/icyphy/ptII/lib/g4ltl.jar:/home/travis/build/icyphy/ptII/lib/StructuralCoder.jar:/home/travis/build/icyphy/ptII/vendors/jai-1_1_2_01/lib/jai_core.jar:/home/travis/build/icyphy/ptII/vendors/jai-1_1_2_01/lib/jai_codec.jar:/home/travis/build/icyphy/ptII/lib/jcerti.jar:/home/travis/build/icyphy/ptII/lib/javax.mail.jar:/home/travis/build/icyphy/ptII/vendors/JMF-2.1.1e/lib/jmf.jar:/home/travis/build/icyphy/ptII/lib/jna-4.0.0-variadic.jar:/home/travis/build/icyphy/ptII/vendors/misc/joystick/Joystick.jar:/home/travis/build/icyphy/ptII/lib/ptjacl.jar:/home/travis/build/icyphy/ptII/lib/jsoup-1.8.2.jar:/home/travis/build/icyphy/ptII/lib/junit-4.8.2.jar:/home/travis/build/icyphy/ptII/lib/JUnitParams-0.4.0.jar:/home/travis/build/icyphy/ptII/ptolemy/actor/lib/excel/jxl.jar:/home/travis/build/icyphy/ptII/lib/jython.jar:/home/travis/build/icyphy/ptII/lib/kieler.jar:/home/travis/build/icyphy/ptII/vendors/opencv/share/OpenCV/java/opencv-341.jar:/home/travis/build/icyphy/ptII/lib/oscP5.jar:/home/travis/build/icyphy/ptII/lib/nrjavaserial-3.11.0.devel.jar:/home/travis/build/icyphy/ptII/vendors/j3d/lib/j3dcore.jar:/home/travis/build/icyphy/ptII/vendors/j3d/lib/j3dutils.jar:/home/travis/build/icyphy/ptII/vendors/j3d/lib/vecmath.jar:/home/travis/build/icyphy/ptII/ptolemy/distributed/jini/jar/jini-core.jar:/home/travis/build/icyphy/ptII/ptolemy/distributed/jini/jar/jini-ext.jar:/home/travis/build/icyphy/ptII/ptolemy/distributed/jini/jar/sun-util.jar:/home/travis/build/icyphy/ptII/lib/protobuf-java-2.4.1.jar:/home/travis/build/icyphy/ptII/lib/org.eclipse.paho.client.mqttv3.jar:/home/travis/build/icyphy/ptII/lib/mapss.jar:/home/travis/build/icyphy/ptII/ptolemy/actor/ptalon/antlr/antlr.jar:/home/travis/build/icyphy/ptII/lib/JRI.jar:/home/travis/build/icyphy/ptII/lib/commons-lang-2.6.jar:/home/travis/build/icyphy/ptII/lib/commons-logging-1.1.1.jar:/home/travis/build/icyphy/ptII/lib/sootclasses.jar:/home/travis/build/icyphy/ptII/ptolemy/actor/lib/database/mysql-connector-java-5.1.6-bin.jar:/home/travis/build/icyphy/ptII/vendors/misc/sphinx4/sphinx4-data-5prealpha.jar:/home/travis/build/icyphy/ptII/vendors/misc/sphinx4/sphinx4-core-5prealpha.jar:/home/travis/build/icyphy/ptII/lib/PDFRenderer.jar:/home/travis/build/icyphy/ptII/lib/svgSalamander.jar:/home/travis/build/icyphy/ptII/lib/rsyntaxtextarea-2.6.0-SNAPSHOT.jar:/home/travis/build/icyphy/ptII/lib/hazelcast-3.8.2.jar:/home/travis/build/icyphy/ptII/lib/jackson-annotations-2.9.0.jar:/home/travis/build/icyphy/ptII/lib/jackson-core-2.9.3.jar:/home/travis/build/icyphy/ptII/lib/jackson-databind-2.9.3.jar:/home/travis/build/icyphy/ptII/lib/netty-buffer-4.1.19.Final.jar:/home/travis/build/icyphy/ptII/lib/netty-codec-4.1.19.Final.jar:/home/travis/build/icyphy/ptII/lib/netty-codec-dns-4.1.19.Final.jar:/home/travis/build/icyphy/ptII/lib/netty-codec-http-4.1.19.Final.jar:/home/travis/build/icyphy/ptII/lib/netty-codec-http2-4.1.19.Final.jar:/home/travis/build/icyphy/ptII/lib/netty-common-4.1.19.Final.jar:/home/travis/build/icyphy/ptII/lib/netty-handler-4.1.19.Final.jar:/home/travis/build/icyphy/ptII/lib/netty-resolver-4.1.19.Final.jar:/home/travis/build/icyphy/ptII/lib/netty-resolver-dns-4.1.19.Final.jar:/home/travis/build/icyphy/ptII/lib/netty-transport-4.1.19.Final.jar:/home/travis/build/icyphy/ptII/lib/vertx-codegen-3.5.1.jar:/home/travis/build/icyphy/ptII/lib/vertx-core-3.5.2-SNAPSHOT.jar:/home/travis/build/icyphy/ptII/lib/vertx-hazelcast-3.5.1.jar:/home/travis/build/icyphy/ptII/lib/vertx-lang-js-3.5.1.jar:/home/travis/build/icyphy/ptII/lib/vertx-service-proxy-3.5.1.jar:/home/travis/build/icyphy/ptII/lib/vertx-web-3.5.1.jar:/home/travis/build/icyphy/ptII/lib/slf4j-api-1.7.13.jar:/home/travis/build/icyphy/ptII/lib/slf4j-simple-1.7.13.jar:/home/travis/build/icyphy/ptII/lib/webcam-capture-0.3.12.jar:/home/travis/build/icyphy/ptII/lib/bridj-0.7.0.jar:/home/travis/build/icyphy/ptII/lib/xbjlib-1.1.0.nrjavaserial.jar" />
    <property name="timeout" value="2400000" />
    <property name="test.batch" value="**/junit/*.java" />
    <property name="env._" value="/usr/bin/timeout" />
    <property name="java.io.tmpdir" value="/tmp" />
    <property name="user.language" value="en" />
    <property name="env.TRAVIS_INTERNAL_RUBY_REGEX" value="^ruby-(2\.[0-4]\.[0-9]|1\.9\.3)" />
    <property name="env.HISTCONTROL" value="ignoredups:ignorespace" />
    <property name="env.GOROOT" value="/home/travis/.gimme/versions/go1.11.1.linux.amd64" />
    <property name="line.separator" value="&#xa;" />
    <property name="target" value="11" />
    <property name="env.TRAVIS_BUILD_DIR" value="/home/travis/build/icyphy/ptII" />
    <property name="env.ANT_OPTS" value="-Xmx2048m" />
    <property name="ant.file.type" value="file" />
    <property name="ptolemy.ptII.batchMode" value="true" />
    <property name="env.HISTSIZE" value="1000" />
    <property name="env.MERB_ENV" value="test" />
    <property name="java.vm.info" value="mixed mode" />
    <property name="source" value="11" />
    <property name="java.vm.specification.name" value="Java Virtual Machine Specification" />
    <property name="env.TRAVIS_TEST_RESULT" value="0" />
    <property name="jsdoc.command" value="node_modules/@terraswarm/jsdoc/jsdoc.js" />
    <property name="npm.works" value="true" />
    <property name="cobertura.dir" value="/home/travis/build/icyphy/ptII/vendors/cobertura-2.0.3" />
    <property name="env.rvm_path" value="/home/travis/.rvm" />
    <property name="env.GEM_PATH" value="/home/travis/.rvm/gems/ruby-2.5.3:/home/travis/.rvm/gems/ruby-2.5.3@global" />
    <property name="env.LC_CTYPE" value="en_US.UTF-8" />
    <property name="env.TRAVIS_CMD" value="$PTII/bin/ptIITravisBuild.sh $SECONDS" />
    <property name="java.awt.printerjob" value="sun.print.PSPrinterJob" />
    <property name="env.TRAVIS_STACK_NAME" value="sardonyx" />
    <property name="env.TRAVIS_TIMER_START_TIME" value="1561113166366579407" />
    <property name="ant.version" value="Apache Ant(TM) version 1.10.1 compiled on February 2 2017" />
    <property name="ptII.reports" value="/home/travis/build/icyphy/ptII/reports" />
    <property name="env.TRAVIS_STACK_TIMESTAMP" value="2019-03-25 16:16:56 UTC" />
    <property name="ant.file.type.ptII" value="file" />
    <property name="env.RBENV_SHELL" value="bash" />
    <property name="os.name" value="Linux" />
    <property name="java.specification.vendor" value="Oracle Corporation" />
    <property name="env.rvm_version" value="1.29.7 (latest)" />
    <property name="env.TRAVIS_INFRA" value="gce" />
    <property name="env.TERM" value="xterm" />
    <property name="java.vm.name" value="OpenJDK 64-Bit Server VM" />
    <property name="env.TRAVIS_BUILD_NUMBER" value="1175" />
    <property name="env.CI" value="true" />
    <property name="java.library.path" value="/home/travis/pthla/certi-tools/lib:/usr/lib/jni:/usr/local/share/OpenCV/java/:/usr/share/OpenCV/java::/usr/java/packages/lib:/usr/lib64:/lib64:/lib:/usr/lib" />
    <property name="env.rvm_prefix" value="/home/travis" />
    <property name="env.PATH" value="/home/travis/pthla/certi-tools/share/scripts:/home/travis/.rvm/gems/ruby-2.5.3/bin:/home/travis/.rvm/gems/ruby-2.5.3@global/bin:/home/travis/.rvm/rubies/ruby-2.5.3/bin:/home/travis/.rvm/bin:/home/travis/.nvm/versions/node/v7.10.1/bin:./node_modules/.bin:/home/travis/build/icyphy/ptII/bin:/home/travis/pthla/certi-tools/bin:/home/travis/bin:/home/travis/.local/bin:/usr/local/lib/jvm/openjdk11/bin:/opt/pyenv/shims:/home/travis/.phpenv/shims:/home/travis/perl5/perlbrew/bin:/home/travis/gopath/bin:/home/travis/.gimme/versions/go1.11.1.linux.amd64/bin:/usr/local/maven-3.6.0/bin:/usr/local/cmake-3.12.4/bin:/usr/local/clang-7.0.0/bin:/usr/local/sbin:/usr/local/bin:/usr/sbin:/usr/bin:/sbin:/bin:/snap/bin:/home/travis/.phpenv/bin:/opt/pyenv/bin:/home/travis/.yarn/bin" />
    <property name="env.TRAVIS_OS_NAME" value="linux" />
    <property name="ant.java.version" value="9" />
    <property name="basedir" value="/home/travis/build/icyphy/ptII" />
    <property name="java.class.version" value="55.0" />
    <property name="env.SHLVL" value="3" />
    <property name="env.LD_LIBRARY_PATH" value="/home/travis/pthla/certi-tools/lib:/usr/lib/jni:/usr/local/share/OpenCV/java/:/usr/share/OpenCV/java:" />
    <property name="env.RACK_ENV" value="test" />
    <property name="ant.home" value="/home/travis/build/icyphy/ptII/ant" />
    <property name="env.NVM_DIR" value="/home/travis/.nvm" />
    <property name="env.CERTI_FOM_PATH" value="/home/travis/pthla/certi-tools/share/federations" />
    <property name="env.TRAVIS_BUILD_ID" value="548506843" />
    <property name="env.PYENV_ROOT" value="/opt/pyenv" />
    <property name="env.TRAVIS_UID" value="2000" />
    <property name="env.NVM_BIN" value="/home/travis/.nvm/versions/node/v7.10.1/bin" />
    <property name="env.TRAVIS_COMMIT" value="02afe38d468878b3a6dab5418f36a6f702f8c5ef" />
    <property name="env._system_arch" value="x86_64" />
    <property name="node.executable" value="node" />
    <property name="sun.boot.library.path" value="/usr/local/lib/jvm/openjdk11/lib" />
    <property name="sun.management.compiler" value="HotSpot 64-Bit Tiered Compilers" />
    <property name="java.awt.graphicsenv" value="sun.awt.X11GraphicsEnvironment" />
    <property name="env.GOPATH" value="/home/travis/gopath" />
    <property name="ptolemy.ptII.dir" value="/home/travis/build/icyphy/ptII" />
    <property name="env.USER" value="travis" />
    <property name="env.HISTFILESIZE" value="2000" />
    <property name="timeout.longest" value="19000000" />
    <property name="env.PERLBREW_SHELLRC_VERSION" value="0.86" />
    <property name="env.TRAVIS_STACK_FEATURES" value="basic couchdb disabled-ipv6 docker docker-compose elasticsearch firefox go-toolchain google-chrome jdk memcached mongodb mysql nodejs_interpreter perl_interpreter perlbrew phantomjs postgresql python_interpreter redis ruby_interpreter sqlite xserver" />
    <property name="env.TRAVIS_PULL_REQUEST" value="false" />
    <property name="env.PYENV_SHELL" value="bash" />
    <property name="ant.project.name" value="ptII" />
    <property name="env.ANSI_RESET" value="\033[0m" />
    <property name="java.vm.specification.version" value="11" />
    <property name="env.TRAVIS_DIST" value="xenial" />
    <property name="env.CERTI_VERSION" value="4.0.0" />
    <property name="env.CERTI_HOST" value="localhost" />
    <property name="awt.toolkit" value="sun.awt.X11.XToolkit" />
    <property name="env.MY_RUBY_HOME" value="/home/travis/.rvm/rubies/ruby-2.5.3" />
    <property name="sun.cpu.isalist" value="" />
    <property name="env.TRAVIS_TMPDIR" value="/tmp/tmp.HKPJxKx08G" />
    <property name="java.vm.compressedOopsMode" value="Zero based" />
    <property name="os.version" value="4.15.0-1028-gcp" />
    <property name="user.home" value="/home/travis" />
    <property name="java.vm.vendor" value="Oracle Corporation" />
    <property name="env.TRAVIS_TAG" value="nightly" />
    <property name="env.ANSI_YELLOW" value="\033[33;1m" />
    <property name="env.TRAVIS_FILTERED" value="redirect_io" />
    <property name="env.ANSI_GREEN" value="\033[32;1m" />
    <property name="env.JAVA_HOME" value="/usr/local/lib/jvm/openjdk11" />
    <property name="javadoc.excludepackagenames" value="adm.cvs2svn.*,build.*,config.*,doc.coding.templates.*,jni.test.jni.meaningOfLife.*,jni.test.jni.testDeux.*,jni.test.jni.testTrois.*,org.terraswarm.accessor.accessors.web.node_modules.*,org.terraswarm.accessor.accessors.web.hosts.cordova.demo.*,org.terraswarm.accessor.accessors.web.hosts.cordova.plugins.*,org.terraswarm.accessor.accessors-svn.*,pt-modules.*,ptolemy.apps.agilent.*,ptolemy.apps.anytimecontrol.*,ptolemy.apps.apes.*,ptolemy.apps.charon.*,ptolemy.apps.crazyboard.*,ptolemy.apps.eclipse.*,ptolemy.apps.etherealSting.*,ptolemy.apps.fullscreen.*,ptolemy.apps.giotto.*,ptolemy.apps.ia.*,ptolemy.apps.interfaces.*,ptolemy.apps.jmf.*,ptolemy.apps.kurt.*,ptolemy.apps.kvm.*,ptolemy.apps.lego.*,ptolemy.apps.lejos.*,ptolemy.apps.midp.*,ptolemy.apps.mobileCoding.*,ptolemy.apps.pendulum.*,ptolemy.apps.rijndael.*,ptolemy.apps.robot.*,ptolemy.apps.security.*,ptolemy.apps.sobel.*,ptolemy.apps.soot.*,ptolemy.apps.throttle.*,ptolemy.apps.tini.*,ptolemy.apps.transmission.*,ptolemy.apps.vergil.*,ptolemy.apps.waba.*,ptolemy.apps.websensor.*,ptolemy.apps.webstart.*,ptolemy.apps.xsl.*,ptolemy.apps.zaurus.*,ptolemy.codegen.c.actor.lib.oldJavaFiles.*,ptolemy.codegen.dsp.lib.*,ptolemy.codegen.kernel.newInterfaces.*,ptolemy.codegen.lib.*,ptolemy.copernicus.kernel.fragment.*,ptolemy.copernicus.shallow.cg.*,ptolemy.domains.giotto.demo.Hierarchy.Hierarchy.*,ptolemy.domains.giotto.demo.Multimode.Multimode.*,ptolemy.domains.giotto.demo.Simple.Simple.*,ptolemy.domains.gr.lib.experimental.*,ptolemy.domains.gro.*,ptolemy.domains.pdf.*,ptolemy.domains.ptinyos.demo.Surge.output.*,ptolemy.moml.test.NoPackageActor.java*,ptolemy.plot.adm.*,ptolemy.plot.servlet.*,reports.*,signed.*,src.*,target.*,vendors.*,ptolemy.copernicus.applet.*,ptolemy.media.viewer.*,ptolemy.actor.corba.*,doc.doclets.*,ptolemy.apps.eclipse.awt.*,ptolemy.backtrack.*,ptolemy.backtrack.ast.*,ptolemy.cg.adapter.generic.program.procedural.c.mbed*,ptolemy.homer.*,ptolemy.actor.lib.jjs.modules.audio.*,org.ptolemy.scala.*,diva.util.java2d.svg.*,ptolemy.domains.ptinyos.*,ptolemy.actor.lib.fmi.fmipp.*,,org.terraswarm.accessor.accessors.web.node_modules.*,org.terraswarm.accessor.accessors-svn,ptolemy.apps.*,ptolemy.actor.ptalon.demo.ptinyos.SendAndReceiveCnt.output,ptolemy.actor.ptalon.demo.ptinyos.SenseToLeds.output,ptolemy.domains.ptinyos.demo.CntToLedsAndRfm.output,ptolemy.domains.ptinyos.demo.RfmToLeds.output,ptolemy.domains.ptinyos.demo.SendAndReceiveCnt.output,ptolemy.domains.ptinyos.demo.SenseToLeds.output,ptolemy.actor.lib.jjs.modules.udpSocket.*" />
    <property name="env.PTII" value="/home/travis/build/icyphy/ptII" />
    <property name="env.XDG_SESSION_ID" value="2" />
    <property name="keystore" value="ptKeystore" />
    <property name="env.TRAVIS_COMMIT_MESSAGE" value="Updated Travis yml file to start xvfb using services." />
    <property name="junit.output.dir" value="/home/travis/build/icyphy/ptII/reports/junit" />
    <property name="npm.return.code" value="0" />
    <property name="user.dir" value="/home/travis/build/icyphy/ptII/ptolemy/actor/lib/test" />
    <property name="env.TRAVIS_NODE_VERSION" value="7" />
    <property name="env.TRAVIS_EVENT_TYPE" value="cron" />
    <property name="env.MAIL" value="/var/mail/travis" />
    <property name="env.PERLBREW_ROOT" value="/home/travis/perl5/perlbrew" />
    <property name="env.PWD" value="/home/travis/build/icyphy/ptII" />
    <property name="timeout.npm" value="45000" />
    <property name="env.TRAVIS_ARCH" value="amd64" />
    <property name="sun.cpu.endian" value="little" />
    <property name="env.PAGER" value="cat" />
    <property name="env.TRAVIS_BUILD_STAGE_NAME" value="Test" />
    <property name="env.PERLBREW_HOME" value="/home/travis/.perlbrew" />
    <property name="java.vm.version" value="11.0.2+9" />
    <property name="env.RAILS_ENV" value="test" />
    <property name="java.class.path" value="/home/travis/.ptolemyII:/home/travis/.ptolemyII/*:/home/travis/build/icyphy/ptII:/home/travis/build/icyphy/ptII/lib/bsh-2.0b4.jar:/home/travis/build/icyphy/ptII/lib/ptCal.jar:/home/travis/build/icyphy/ptII/lib/java_cup.jar:/home/travis/build/icyphy/ptII/lib/saxon8.jar:/home/travis/build/icyphy/ptII/lib/saxon8-dom.jar:/home/travis/build/icyphy/ptII/lib/chic.jar:/home/travis/build/icyphy/ptII/lib/ptcolt.jar:/home/travis/build/icyphy/ptII/vendors/misc/itext/iText.jar:/home/travis/build/icyphy/ptII/lib/g4ltl.jar:/home/travis/build/icyphy/ptII/lib/StructuralCoder.jar:/home/travis/build/icyphy/ptII/vendors/jai-1_1_2_01/lib/jai_core.jar:/home/travis/build/icyphy/ptII/vendors/jai-1_1_2_01/lib/jai_codec.jar:/home/travis/build/icyphy/ptII/lib/jcerti.jar:/home/travis/build/icyphy/ptII/lib/javax.mail.jar:/home/travis/build/icyphy/ptII/vendors/JMF-2.1.1e/lib/jmf.jar:/home/travis/build/icyphy/ptII/lib/jna-4.0.0-variadic.jar:/home/travis/build/icyphy/ptII/vendors/misc/joystick/Joystick.jar:/home/travis/build/icyphy/ptII/lib/ptjacl.jar:/home/travis/build/icyphy/ptII/lib/jsoup-1.8.2.jar:/home/travis/build/icyphy/ptII/lib/junit-4.8.2.jar:/home/travis/build/icyphy/ptII/lib/JUnitParams-0.4.0.jar:/home/travis/build/icyphy/ptII/ptolemy/actor/lib/excel/jxl.jar:/home/travis/build/icyphy/ptII/lib/jython.jar:/home/travis/build/icyphy/ptII/lib/kieler.jar:/home/travis/build/icyphy/ptII/vendors/opencv/share/OpenCV/java/opencv-341.jar:/home/travis/build/icyphy/ptII/lib/oscP5.jar:/home/travis/build/icyphy/ptII/lib/nrjavaserial-3.11.0.devel.jar:/home/travis/build/icyphy/ptII/vendors/j3d/lib/j3dcore.jar:/home/travis/build/icyphy/ptII/vendors/j3d/lib/j3dutils.jar:/home/travis/build/icyphy/ptII/vendors/j3d/lib/vecmath.jar:/home/travis/build/icyphy/ptII/ptolemy/distributed/jini/jar/jini-core.jar:/home/travis/build/icyphy/ptII/ptolemy/distributed/jini/jar/jini-ext.jar:/home/travis/build/icyphy/ptII/ptolemy/distributed/jini/jar/sun-util.jar:/home/travis/build/icyphy/ptII/lib/protobuf-java-2.4.1.jar:/home/travis/build/icyphy/ptII/lib/org.eclipse.paho.client.mqttv3.jar:/home/travis/build/icyphy/ptII/lib/mapss.jar:/home/travis/build/icyphy/ptII/ptolemy/actor/ptalon/antlr/antlr.jar:/home/travis/build/icyphy/ptII/lib/JRI.jar:/home/travis/build/icyphy/ptII/lib/commons-lang-2.6.jar:/home/travis/build/icyphy/ptII/lib/commons-logging-1.1.1.jar:/home/travis/build/icyphy/ptII/lib/sootclasses.jar:/home/travis/build/icyphy/ptII/ptolemy/actor/lib/database/mysql-connector-java-5.1.6-bin.jar:/home/travis/build/icyphy/ptII/vendors/misc/sphinx4/sphinx4-data-5prealpha.jar:/home/travis/build/icyphy/ptII/vendors/misc/sphinx4/sphinx4-core-5prealpha.jar:/home/travis/build/icyphy/ptII/lib/PDFRenderer.jar:/home/travis/build/icyphy/ptII/lib/svgSalamander.jar:/home/travis/build/icyphy/ptII/lib/rsyntaxtextarea-2.6.0-SNAPSHOT.jar:/home/travis/build/icyphy/ptII/lib/hazelcast-3.8.2.jar:/home/travis/build/icyphy/ptII/lib/jackson-annotations-2.9.0.jar:/home/travis/build/icyphy/ptII/lib/jackson-core-2.9.3.jar:/home/travis/build/icyphy/ptII/lib/jackson-databind-2.9.3.jar:/home/travis/build/icyphy/ptII/lib/netty-buffer-4.1.19.Final.jar:/home/travis/build/icyphy/ptII/lib/netty-codec-4.1.19.Final.jar:/home/travis/build/icyphy/ptII/lib/netty-codec-dns-4.1.19.Final.jar:/home/travis/build/icyphy/ptII/lib/netty-codec-http-4.1.19.Final.jar:/home/travis/build/icyphy/ptII/lib/netty-codec-http2-4.1.19.Final.jar:/home/travis/build/icyphy/ptII/lib/netty-common-4.1.19.Final.jar:/home/travis/build/icyphy/ptII/lib/netty-handler-4.1.19.Final.jar:/home/travis/build/icyphy/ptII/lib/netty-resolver-4.1.19.Final.jar:/home/travis/build/icyphy/ptII/lib/netty-resolver-dns-4.1.19.Final.jar:/home/travis/build/icyphy/ptII/lib/netty-transport-4.1.19.Final.jar:/home/travis/build/icyphy/ptII/lib/vertx-codegen-3.5.1.jar:/home/travis/build/icyphy/ptII/lib/vertx-core-3.5.2-SNAPSHOT.jar:/home/travis/build/icyphy/ptII/lib/vertx-hazelcast-3.5.1.jar:/home/travis/build/icyphy/ptII/lib/vertx-lang-js-3.5.1.jar:/home/travis/build/icyphy/ptII/lib/vertx-service-proxy-3.5.1.jar:/home/travis/build/icyphy/ptII/lib/vertx-web-3.5.1.jar:/home/travis/build/icyphy/ptII/lib/slf4j-api-1.7.13.jar:/home/travis/build/icyphy/ptII/lib/slf4j-simple-1.7.13.jar:/home/travis/build/icyphy/ptII/lib/webcam-capture-0.3.12.jar:/home/travis/build/icyphy/ptII/lib/bridj-0.7.0.jar:/home/travis/build/icyphy/ptII/lib/xbjlib-1.1.0.nrjavaserial.jar:/home/travis/build/icyphy/ptII/ptolemy/moml/test:/home/travis/build/icyphy/ptII/ant/lib/ant-launcher.jar:/home/travis/build/icyphy/ptII/ant/lib/ant.jar:/home/travis/build/icyphy/ptII/ant/lib/ant-junit.jar:/home/travis/build/icyphy/ptII/ant/lib/ant-junit4.jar" />
    <property name="ant.library.dir" value="/home/travis/build/icyphy/ptII/ant/lib" />
    <property name="os.arch" value="amd64" />
    <property name="env.CONTINUOUS_INTEGRATION" value="true" />
    <property name="env.TRAVIS_LANGUAGE" value="node_js" />
    <property name="env.TRAVIS_STACK_LANGUAGES" value="__sardonyx__ c c++ clojure cplusplus cpp default generic go groovy java node_js php pure_java python ruby scala" />
    <property name="test.name" value="ptolemy.actor.lib.test.junit.JUnitTclTest" />
    <property name="env.APT_KEY_DONT_WARN_ON_DANGEROUS_USAGE" value="1" />
    <property name="sun.java.launcher" value="SUN_STANDARD" />
    <property name="env.PYTHON_CONFIGURE_OPTS" value="--enable-unicode=ucs4 --with-wide-unicode --enable-shared --enable-ipv6 --enable-loadable-sqlite-extensions --with-computed-gotos" />
    <property name="ant.core.lib" value="/home/travis/build/icyphy/ptII/ant/lib/ant.jar" />
    <property name="java.vm.specification.vendor" value="Oracle Corporation" />
    <property name="env.BCVTB_HOME" value="/home/travis/build/icyphy/ptII/lbnl" />
    <property name="file.separator" value="/" />
    <property name="spotbugs.home" value="/home/travis/build/icyphy/ptII/vendors/spotbugs-3.1.1" />
    <property name="java.runtime.version" value="11.0.2+9" />
    <property name="env.ANSI_CLEAR" value="\033[0K" />
    <property name="env.HAS_JOSH_K_SEAL_OF_APPROVAL" value="true" />
    <property name="env.XDG_RUNTIME_DIR" value="/run/user/2000" />
    <property name="env.TRAVIS_OSX_IMAGE" value="" />
    <property name="env.TRAVIS_JOB_ID" value="548506851" />
    <property name="env.TRAVIS_BRANCH" value="master" />
    <property name="user.country" value="US" />
    <property name="env.CERTI_HOME_TRAVIS" value="/home/travis/pthla/certi-tools" />
    <property name="env.SHELL" value="/bin/bash" />
    <property name="java.maxmemory.large" value="5000m" />
    <property name="model" value="" />
    <property name="env.CASHER_DIR" value="/home/travis/.casher" />
    <property name="env.NVM_CD_FLAGS" value="" />
    <property name="java.vendor.version" value="18.9" />
    <property name="jshint.executable" value="/home/travis/node_modules/jshint/bin/jshint" />
    <property name="env.JRUBY_OPTS" value=" --client -J-XX:+TieredCompilation -J-XX:TieredStopAtLevel=1 -J-Xss2m -Xcompile.invokedynamic=false" />
    <property name="java.vendor" value="Oracle Corporation" />
    <property name="env.TRAVIS_PRE_CHEF_BOOTSTRAP_TIME" value="2019-03-25T16:16:42" />
    <property name="env.TRAVIS_STACK_JOB_BOARD_REGISTER" value="/.job-board-register.yml" />
    <property name="env.ANSI_RED" value="\033[31;1m" />
    <property name="java.specification.version" value="11" />
    <property name="env.IRBRC" value="/home/travis/.rvm/rubies/ruby-2.5.3/.irbrc" />
    <property name="env.TRAVIS" value="true" />
    <property name="sun.arch.data.model" value="64" />
  </properties>
  <testcase classname="ptolemy.util.test.junit.TclTests" name="[0] /home/travis/build/icyphy/ptII/ptolemy/actor/lib/test/AbsoluteValue.tcl (RunTclFile)" time="0.575" />
  <testcase classname="ptolemy.util.test.junit.TclTests" name="[1] /home/travis/build/icyphy/ptII/ptolemy/actor/lib/test/AddSubtract.tcl (RunTclFile)" time="0.154" />
  <testcase classname="ptolemy.util.test.junit.TclTests" name="[2] /home/travis/build/icyphy/ptII/ptolemy/actor/lib/test/Average.tcl (RunTclFile)" time="0.07" />
  <testcase classname="ptolemy.util.test.junit.TclTests" name="[3] /home/travis/build/icyphy/ptII/ptolemy/actor/lib/test/Bernoulli.tcl (RunTclFile)" time="0.055" />
  <testcase classname="ptolemy.util.test.junit.TclTests" name="[4] /home/travis/build/icyphy/ptII/ptolemy/actor/lib/test/Clock.tcl (RunTclFile)" time="0.144" />
  <testcase classname="ptolemy.util.test.junit.TclTests" name="[5] /home/travis/build/icyphy/ptII/ptolemy/actor/lib/test/Commutator.tcl (RunTclFile)" time="0.23">
    <failure message="Number of failed tests is has increased. expected:&lt;0&gt; but was:&lt;1&gt;" type="junit.framework.AssertionFailedError">junit.framework.AssertionFailedError: Number of failed tests is has increased. expected:&lt;0&gt; but was:&lt;1&gt;
	at ptolemy.util.test.junit.TclTests.RunTclFile(TclTests.java:286)
	at java.base/jdk.internal.reflect.NativeMethodAccessorImpl.invoke0(Native Method)
	at java.base/jdk.internal.reflect.NativeMethodAccessorImpl.invoke(NativeMethodAccessorImpl.java:62)
	at java.base/jdk.internal.reflect.DelegatingMethodAccessorImpl.invoke(DelegatingMethodAccessorImpl.java:43)
	at junitparams.internal.InvokeParameterisedMethod.evaluate(InvokeParameterisedMethod.java:102)
	at junitparams.internal.ParameterisedTestMethodRunner.runMethodInvoker(ParameterisedTestMethodRunner.java:47)
	at junitparams.internal.ParameterisedTestMethodRunner.runTestMethod(ParameterisedTestMethodRunner.java:41)
	at junitparams.internal.ParameterisedTestClassRunner.runParameterisedTest(ParameterisedTestClassRunner.java:143)
	at junitparams.JUnitParamsRunner.runChild(JUnitParamsRunner.java:237)
	at junitparams.JUnitParamsRunner.runChild(JUnitParamsRunner.java:215)
</failure>
  </testcase>
  <testcase classname="ptolemy.util.test.junit.TclTests" name="[6] /home/travis/build/icyphy/ptII/ptolemy/actor/lib/test/Const.tcl (RunTclFile)" time="0.15" />
  <testcase classname="ptolemy.util.test.junit.TclTests" name="[7] /home/travis/build/icyphy/ptII/ptolemy/actor/lib/test/CurrentTime.tcl (RunTclFile)" time="0.047" />
  <testcase classname="ptolemy.util.test.junit.TclTests" name="[8] /home/travis/build/icyphy/ptII/ptolemy/actor/lib/test/DB.tcl (RunTclFile)" time="0.021" />
  <testcase classname="ptolemy.util.test.junit.TclTests" name="[9] /home/travis/build/icyphy/ptII/ptolemy/actor/lib/test/DiscreteRandomSource.tcl (RunTclFile)" time="0.027" />
  <testcase classname="ptolemy.util.test.junit.TclTests" name="[10] /home/travis/build/icyphy/ptII/ptolemy/actor/lib/test/Distributor.tcl (RunTclFile)" time="0.077" />
  <testcase classname="ptolemy.util.test.junit.TclTests" name="[11] /home/travis/build/icyphy/ptII/ptolemy/actor/lib/test/Exit.tcl (RunTclFile)" time="0.083" />
  <testcase classname="ptolemy.util.test.junit.TclTests" name="[12] /home/travis/build/icyphy/ptII/ptolemy/actor/lib/test/Expression.tcl (RunTclFile)" time="0.156" />
  <testcase classname="ptolemy.util.test.junit.TclTests" name="[13] /home/travis/build/icyphy/ptII/ptolemy/actor/lib/test/Gaussian.tcl (RunTclFile)" time="0.261" />
  <testcase classname="ptolemy.util.test.junit.TclTests" name="[14] /home/travis/build/icyphy/ptII/ptolemy/actor/lib/test/IIR.tcl (RunTclFile)" time="0.046" />
  <testcase classname="ptolemy.util.test.junit.TclTests" name="[15] /home/travis/build/icyphy/ptII/ptolemy/actor/lib/test/Interpolator.tcl (RunTclFile)" time="0.116" />
  <testcase classname="ptolemy.util.test.junit.TclTests" name="[16] /home/travis/build/icyphy/ptII/ptolemy/actor/lib/test/MathFunction.tcl (RunTclFile)" time="0.076" />
  <testcase classname="ptolemy.util.test.junit.TclTests" name="[17] /home/travis/build/icyphy/ptII/ptolemy/actor/lib/test/Maximum.tcl (RunTclFile)" time="0.038" />
  <testcase classname="ptolemy.util.test.junit.TclTests" name="[18] /home/travis/build/icyphy/ptII/ptolemy/actor/lib/test/Minimum.tcl (RunTclFile)" time="0.033" />
  <testcase classname="ptolemy.util.test.junit.TclTests" name="[19] /home/travis/build/icyphy/ptII/ptolemy/actor/lib/test/MultiplyDivide.tcl (RunTclFile)" time="0.034" />
  <testcase classname="ptolemy.util.test.junit.TclTests" name="[20] /home/travis/build/icyphy/ptII/ptolemy/actor/lib/test/OrderedMerge.tcl (RunTclFile)" time="0.14" />
  <testcase classname="ptolemy.util.test.junit.TclTests" name="[21] /home/travis/build/icyphy/ptII/ptolemy/actor/lib/test/Publisher.tcl (RunTclFile)" time="0.86" />
  <testcase classname="ptolemy.util.test.junit.TclTests" name="[22] /home/travis/build/icyphy/ptII/ptolemy/actor/lib/test/Pulse.tcl (RunTclFile)" time="0.038" />
  <testcase classname="ptolemy.util.test.junit.TclTests" name="[23] /home/travis/build/icyphy/ptII/ptolemy/actor/lib/test/Ramp.tcl (RunTclFile)" time="2.417" />
  <testcase classname="ptolemy.util.test.junit.TclTests" name="[24] /home/travis/build/icyphy/ptII/ptolemy/actor/lib/test/RampContinuous.tcl (RunTclFile)" time="0.026" />
  <testcase classname="ptolemy.util.test.junit.TclTests" name="[25] /home/travis/build/icyphy/ptII/ptolemy/actor/lib/test/RecordAssembler.tcl (RunTclFile)" time="0.018" />
  <testcase classname="ptolemy.util.test.junit.TclTests" name="[26] /home/travis/build/icyphy/ptII/ptolemy/actor/lib/test/RecordDisassembler.tcl (RunTclFile)" time="0.023" />
  <testcase classname="ptolemy.util.test.junit.TclTests" name="[27] /home/travis/build/icyphy/ptII/ptolemy/actor/lib/test/Scale.tcl (RunTclFile)" time="0.021" />
  <testcase classname="ptolemy.util.test.junit.TclTests" name="[28] /home/travis/build/icyphy/ptII/ptolemy/actor/lib/test/SequentialClock.tcl (RunTclFile)" time="0.014" />
  <testcase classname="ptolemy.util.test.junit.TclTests" name="[29] /home/travis/build/icyphy/ptII/ptolemy/actor/lib/test/SetVariable.tcl (RunTclFile)" time="0.019">
    <failure message="Number of failed tests is has increased. expected:&lt;1&gt; but was:&lt;2&gt;" type="junit.framework.AssertionFailedError">junit.framework.AssertionFailedError: Number of failed tests is has increased. expected:&lt;1&gt; but was:&lt;2&gt;
	at ptolemy.util.test.junit.TclTests.RunTclFile(TclTests.java:286)
	at jdk.internal.reflect.GeneratedMethodAccessor19.invoke(Unknown Source)
	at java.base/jdk.internal.reflect.DelegatingMethodAccessorImpl.invoke(DelegatingMethodAccessorImpl.java:43)
	at junitparams.internal.InvokeParameterisedMethod.evaluate(InvokeParameterisedMethod.java:102)
	at junitparams.internal.ParameterisedTestMethodRunner.runMethodInvoker(ParameterisedTestMethodRunner.java:47)
	at junitparams.internal.ParameterisedTestMethodRunner.runTestMethod(ParameterisedTestMethodRunner.java:41)
	at junitparams.internal.ParameterisedTestClassRunner.runParameterisedTest(ParameterisedTestClassRunner.java:143)
	at junitparams.JUnitParamsRunner.runChild(JUnitParamsRunner.java:237)
	at junitparams.JUnitParamsRunner.runChild(JUnitParamsRunner.java:215)
</failure>
  </testcase>
  <testcase classname="ptolemy.util.test.junit.TclTests" name="[30] /home/travis/build/icyphy/ptII/ptolemy/actor/lib/test/Sinewave.tcl (RunTclFile)" time="0.027" />
  <testcase classname="ptolemy.util.test.junit.TclTests" name="[31] /home/travis/build/icyphy/ptII/ptolemy/actor/lib/test/SubscriptionAggregator.tcl (RunTclFile)" time="2.421" />
  <testcase classname="ptolemy.util.test.junit.TclTests" name="[32] /home/travis/build/icyphy/ptII/ptolemy/actor/lib/test/Test.tcl (RunTclFile)" time="0.135" />
  <testcase classname="ptolemy.util.test.junit.TclTests" name="[33] /home/travis/build/icyphy/ptII/ptolemy/actor/lib/test/TestExceptionHandler.tcl (RunTclFile)" time="0.017" />
  <testcase classname="ptolemy.util.test.junit.TclTests" name="[34] /home/travis/build/icyphy/ptII/ptolemy/actor/lib/test/UnionDisassembler.tcl (RunTclFile)" time="0.065" />
  <testcase classname="ptolemy.util.test.junit.TclTests" name="[35] /home/travis/build/icyphy/ptII/ptolemy/actor/lib/test/VariableClock.tcl (RunTclFile)" time="0.016" />
  <testcase classname="ptolemy.util.test.junit.AutoKnownFailedTests" name="[0] /home/travis/build/icyphy/ptII/ptolemy/actor/lib/test/auto/knownFailedTests/PublisherPortToplevelSubscriber.xml (RunModel)" time="0.028" />
  <testcase classname="ptolemy.util.test.junit.AutoKnownFailedTests" name="[1] /home/travis/build/icyphy/ptII/ptolemy/actor/lib/test/auto/knownFailedTests/PublisherSubscriberPortToplevel.xml (RunModel)" time="0.026" />
  <testcase classname="ptolemy.util.test.junit.AutoKnownFailedTests" name="[2] /home/travis/build/icyphy/ptII/ptolemy/actor/lib/test/auto/knownFailedTests/PublisherSubscriptionAggregatorPort.xml (RunModel)" time="0.026" />
  <testcase classname="ptolemy.util.test.junit.AutoKnownFailedTests" name="[3] /home/travis/build/icyphy/ptII/ptolemy/actor/lib/test/auto/knownFailedTests/sizedarray3.xml (RunModel)" time="0.03" />
  <testcase classname="ptolemy.util.test.junit.AutoNameArchTests" name="[0] ThereAreNoAutoArchTests (RunModel)" time="0.005" />
  <testcase classname="ptolemy.util.test.junit.AutoTests" name="[0] /home/travis/build/icyphy/ptII/ptolemy/actor/lib/test/auto/AbsoluteValue.xml (RunModel)" time="0.063" />
  <testcase classname="ptolemy.util.test.junit.AutoTests" name="[1] /home/travis/build/icyphy/ptII/ptolemy/actor/lib/test/auto/AbsoluteValue2.xml (RunModel)" time="0.112" />
  <testcase classname="ptolemy.util.test.junit.AutoTests" name="[2] /home/travis/build/icyphy/ptII/ptolemy/actor/lib/test/auto/Accumulator.xml (RunModel)" time="0.073" />
  <testcase classname="ptolemy.util.test.junit.AutoTests" name="[3] /home/travis/build/icyphy/ptII/ptolemy/actor/lib/test/auto/Accumulator2.xml (RunModel)" time="0.059" />
  <testcase classname="ptolemy.util.test.junit.AutoTests" name="[4] /home/travis/build/icyphy/ptII/ptolemy/actor/lib/test/auto/Accumulator3.xml (RunModel)" time="0.038" />
  <testcase classname="ptolemy.util.test.junit.AutoTests" name="[5] /home/travis/build/icyphy/ptII/ptolemy/actor/lib/test/auto/ArrayAppend.xml (RunModel)" time="0.047" />
  <testcase classname="ptolemy.util.test.junit.AutoTests" name="[6] /home/travis/build/icyphy/ptII/ptolemy/actor/lib/test/auto/ArrayAppend2.xml (RunModel)" time="0.424" />
  <testcase classname="ptolemy.util.test.junit.AutoTests" name="[7] /home/travis/build/icyphy/ptII/ptolemy/actor/lib/test/auto/ArrayAppend3.xml (RunModel)" time="0.047" />
  <testcase classname="ptolemy.util.test.junit.AutoTests" name="[8] /home/travis/build/icyphy/ptII/ptolemy/actor/lib/test/auto/ArrayAppend4.xml (RunModel)" time="0.018" />
  <testcase classname="ptolemy.util.test.junit.AutoTests" name="[9] /home/travis/build/icyphy/ptII/ptolemy/actor/lib/test/auto/ArrayAppend5.xml (RunModel)" time="0.028" />
  <testcase classname="ptolemy.util.test.junit.AutoTests" name="[10] /home/travis/build/icyphy/ptII/ptolemy/actor/lib/test/auto/ArrayAppend6.xml (RunModel)" time="0.022" />
  <testcase classname="ptolemy.util.test.junit.AutoTests" name="[11] /home/travis/build/icyphy/ptII/ptolemy/actor/lib/test/auto/ArrayAppendPerformanceTest.xml (RunModel)" time="0.065" />
  <testcase classname="ptolemy.util.test.junit.AutoTests" name="[12] /home/travis/build/icyphy/ptII/ptolemy/actor/lib/test/auto/ArrayAppendWithEmptyInput.xml (RunModel)" time="0.035" />
  <testcase classname="ptolemy.util.test.junit.AutoTests" name="[13] /home/travis/build/icyphy/ptII/ptolemy/actor/lib/test/auto/ArrayAverage.xml (RunModel)" time="0.047" />
  <testcase classname="ptolemy.util.test.junit.AutoTests" name="[14] /home/travis/build/icyphy/ptII/ptolemy/actor/lib/test/auto/ArrayContains.xml (RunModel)" time="0.038" />
  <testcase classname="ptolemy.util.test.junit.AutoTests" name="[15] /home/travis/build/icyphy/ptII/ptolemy/actor/lib/test/auto/ArrayElement.xml (RunModel)" time="0.023" />
  <testcase classname="ptolemy.util.test.junit.AutoTests" name="[16] /home/travis/build/icyphy/ptII/ptolemy/actor/lib/test/auto/ArrayElementAsMatrix.xml (RunModel)" time="0.082" />
  <testcase classname="ptolemy.util.test.junit.AutoTests" name="[17] /home/travis/build/icyphy/ptII/ptolemy/actor/lib/test/auto/ArrayElementI.xml (RunModel)" time="0.024" />
  <testcase classname="ptolemy.util.test.junit.AutoTests" name="[18] /home/travis/build/icyphy/ptII/ptolemy/actor/lib/test/auto/ArrayExtract.xml (RunModel)" time="0.046" />
  <testcase classname="ptolemy.util.test.junit.AutoTests" name="[19] /home/travis/build/icyphy/ptII/ptolemy/actor/lib/test/auto/ArrayExtract2.xml (RunModel)" time="0.02" />
  <testcase classname="ptolemy.util.test.junit.AutoTests" name="[20] /home/travis/build/icyphy/ptII/ptolemy/actor/lib/test/auto/ArrayLength.xml (RunModel)" time="0.019" />
  <testcase classname="ptolemy.util.test.junit.AutoTests" name="[21] /home/travis/build/icyphy/ptII/ptolemy/actor/lib/test/auto/ArrayLevelCrossing.xml (RunModel)" time="0.036" />
  <testcase classname="ptolemy.util.test.junit.AutoTests" name="[22] /home/travis/build/icyphy/ptII/ptolemy/actor/lib/test/auto/ArrayLevelCrossing2.xml (RunModel)" time="0.025" />
  <testcase classname="ptolemy.util.test.junit.AutoTests" name="[23] /home/travis/build/icyphy/ptII/ptolemy/actor/lib/test/auto/ArrayPeakSearch.xml (RunModel)" time="0.04" />
  <testcase classname="ptolemy.util.test.junit.AutoTests" name="[24] /home/travis/build/icyphy/ptII/ptolemy/actor/lib/test/auto/ArrayPeakSearch2.xml (RunModel)" time="0.039" />
  <testcase classname="ptolemy.util.test.junit.AutoTests" name="[25] /home/travis/build/icyphy/ptII/ptolemy/actor/lib/test/auto/ArrayPeakSearch3.xml (RunModel)" time="0.039" />
  <testcase classname="ptolemy.util.test.junit.AutoTests" name="[26] /home/travis/build/icyphy/ptII/ptolemy/actor/lib/test/auto/ArrayRemoveElement.xml (RunModel)" time="0.033" />
  <testcase classname="ptolemy.util.test.junit.AutoTests" name="[27] /home/travis/build/icyphy/ptII/ptolemy/actor/lib/test/auto/ArraySort.xml (RunModel)" time="0.038" />
  <testcase classname="ptolemy.util.test.junit.AutoTests" name="[28] /home/travis/build/icyphy/ptII/ptolemy/actor/lib/test/auto/ArraySum.xml (RunModel)" time="0.019" />
  <testcase classname="ptolemy.util.test.junit.AutoTests" name="[29] /home/travis/build/icyphy/ptII/ptolemy/actor/lib/test/auto/ArrayToElements.xml (RunModel)" time="0.024" />
  <testcase classname="ptolemy.util.test.junit.AutoTests" name="[30] /home/travis/build/icyphy/ptII/ptolemy/actor/lib/test/auto/ArrayToMatrix.xml (RunModel)" time="0.067" />
  <testcase classname="ptolemy.util.test.junit.AutoTests" name="[31] /home/travis/build/icyphy/ptII/ptolemy/actor/lib/test/auto/ArrayUpdate1.xml (RunModel)" time="0.024" />
  <testcase classname="ptolemy.util.test.junit.AutoTests" name="[32] /home/travis/build/icyphy/ptII/ptolemy/actor/lib/test/auto/ArrayUpdate2.xml (RunModel)" time="0.03" />
  <testcase classname="ptolemy.util.test.junit.AutoTests" name="[33] /home/travis/build/icyphy/ptII/ptolemy/actor/lib/test/auto/ArrayUpdate3.xml (RunModel)" time="0.021" />
  <testcase classname="ptolemy.util.test.junit.AutoTests" name="[34] /home/travis/build/icyphy/ptII/ptolemy/actor/lib/test/auto/Assert1.xml (RunModel)" time="0.019" />
  <testcase classname="ptolemy.util.test.junit.AutoTests" name="[35] /home/travis/build/icyphy/ptII/ptolemy/actor/lib/test/auto/Assert2.xml (RunModel)" time="0.017" />
  <testcase classname="ptolemy.util.test.junit.AutoTests" name="[36] /home/travis/build/icyphy/ptII/ptolemy/actor/lib/test/auto/BooleanMultiplexor.xml (RunModel)" time="0.018" />
  <testcase classname="ptolemy.util.test.junit.AutoTests" name="[37] /home/travis/build/icyphy/ptII/ptolemy/actor/lib/test/auto/BooleanMultiplexor2.xml (RunModel)" time="0.029" />
  <testcase classname="ptolemy.util.test.junit.AutoTests" name="[38] /home/travis/build/icyphy/ptII/ptolemy/actor/lib/test/auto/BooleanMultiplexor3.xml (RunModel)" time="0.018" />
  <testcase classname="ptolemy.util.test.junit.AutoTests" name="[39] /home/travis/build/icyphy/ptII/ptolemy/actor/lib/test/auto/BooleanSelect.xml (RunModel)" time="0.02" />
  <testcase classname="ptolemy.util.test.junit.AutoTests" name="[40] /home/travis/build/icyphy/ptII/ptolemy/actor/lib/test/auto/BooleanSelect2.xml (RunModel)" time="0.017" />
  <testcase classname="ptolemy.util.test.junit.AutoTests" name="[41] /home/travis/build/icyphy/ptII/ptolemy/actor/lib/test/auto/BooleanSwitch.xml (RunModel)" time="0.033" />
  <testcase classname="ptolemy.util.test.junit.AutoTests" name="[42] /home/travis/build/icyphy/ptII/ptolemy/actor/lib/test/auto/BooleanSwitch2.xml (RunModel)" time="0.014" />
  <testcase classname="ptolemy.util.test.junit.AutoTests" name="[43] /home/travis/build/icyphy/ptII/ptolemy/actor/lib/test/auto/BooleanSwitchCloningBugWithClassRelationGroup.xml (RunModel)" time="0.044" />
  <testcase classname="ptolemy.util.test.junit.AutoTests" name="[44] /home/travis/build/icyphy/ptII/ptolemy/actor/lib/test/auto/BusActors.xml (RunModel)" time="0.073" />
  <testcase classname="ptolemy.util.test.junit.AutoTests" name="[45] /home/travis/build/icyphy/ptII/ptolemy/actor/lib/test/auto/ClassWrapper.xml (RunModel)" time="0.029" />
  <testcase classname="ptolemy.util.test.junit.AutoTests" name="[46] /home/travis/build/icyphy/ptII/ptolemy/actor/lib/test/auto/Clock.xml (RunModel)" time="0.01" />
  <testcase classname="ptolemy.util.test.junit.AutoTests" name="[47] /home/travis/build/icyphy/ptII/ptolemy/actor/lib/test/auto/Clock10.xml (RunModel)" time="0.021" />
  <testcase classname="ptolemy.util.test.junit.AutoTests" name="[48] /home/travis/build/icyphy/ptII/ptolemy/actor/lib/test/auto/Clock11.xml (RunModel)" time="0.026" />
  <testcase classname="ptolemy.util.test.junit.AutoTests" name="[49] /home/travis/build/icyphy/ptII/ptolemy/actor/lib/test/auto/Clock12.xml (RunModel)" time="0.028" />
  <testcase classname="ptolemy.util.test.junit.AutoTests" name="[50] /home/travis/build/icyphy/ptII/ptolemy/actor/lib/test/auto/Clock13.xml (RunModel)" time="0.022" />
  <testcase classname="ptolemy.util.test.junit.AutoTests" name="[51] /home/travis/build/icyphy/ptII/ptolemy/actor/lib/test/auto/Clock14.xml (RunModel)" time="0.027" />
  <testcase classname="ptolemy.util.test.junit.AutoTests" name="[52] /home/travis/build/icyphy/ptII/ptolemy/actor/lib/test/auto/Clock15.xml (RunModel)" time="0.019" />
  <testcase classname="ptolemy.util.test.junit.AutoTests" name="[53] /home/travis/build/icyphy/ptII/ptolemy/actor/lib/test/auto/Clock16.xml (RunModel)" time="0.122" />
  <testcase classname="ptolemy.util.test.junit.AutoTests" name="[54] /home/travis/build/icyphy/ptII/ptolemy/actor/lib/test/auto/Clock17.xml (RunModel)" time="0.07" />
  <testcase classname="ptolemy.util.test.junit.AutoTests" name="[55] /home/travis/build/icyphy/ptII/ptolemy/actor/lib/test/auto/Clock18.xml (RunModel)" time="0.064" />
  <testcase classname="ptolemy.util.test.junit.AutoTests" name="[56] /home/travis/build/icyphy/ptII/ptolemy/actor/lib/test/auto/Clock19.xml (RunModel)" time="0.059" />
  <testcase classname="ptolemy.util.test.junit.AutoTests" name="[57] /home/travis/build/icyphy/ptII/ptolemy/actor/lib/test/auto/Clock2.xml (RunModel)" time="0.02" />
  <testcase classname="ptolemy.util.test.junit.AutoTests" name="[58] /home/travis/build/icyphy/ptII/ptolemy/actor/lib/test/auto/Clock20.xml (RunModel)" time="0.024" />
  <testcase classname="ptolemy.util.test.junit.AutoTests" name="[59] /home/travis/build/icyphy/ptII/ptolemy/actor/lib/test/auto/Clock21.xml (RunModel)" time="0.021" />
  <testcase classname="ptolemy.util.test.junit.AutoTests" name="[60] /home/travis/build/icyphy/ptII/ptolemy/actor/lib/test/auto/Clock22.xml (RunModel)" time="0.017" />
  <testcase classname="ptolemy.util.test.junit.AutoTests" name="[61] /home/travis/build/icyphy/ptII/ptolemy/actor/lib/test/auto/Clock23.xml (RunModel)" time="0.018" />
  <testcase classname="ptolemy.util.test.junit.AutoTests" name="[62] /home/travis/build/icyphy/ptII/ptolemy/actor/lib/test/auto/Clock24.xml (RunModel)" time="0.019" />
  <testcase classname="ptolemy.util.test.junit.AutoTests" name="[63] /home/travis/build/icyphy/ptII/ptolemy/actor/lib/test/auto/Clock4.xml (RunModel)" time="0.022" />
  <testcase classname="ptolemy.util.test.junit.AutoTests" name="[64] /home/travis/build/icyphy/ptII/ptolemy/actor/lib/test/auto/Clock5.xml (RunModel)" time="0.022" />
  <testcase classname="ptolemy.util.test.junit.AutoTests" name="[65] /home/travis/build/icyphy/ptII/ptolemy/actor/lib/test/auto/Clock6.xml (RunModel)" time="0.012" />
  <testcase classname="ptolemy.util.test.junit.AutoTests" name="[66] /home/travis/build/icyphy/ptII/ptolemy/actor/lib/test/auto/Clock7.xml (RunModel)" time="0.017" />
  <testcase classname="ptolemy.util.test.junit.AutoTests" name="[67] /home/travis/build/icyphy/ptII/ptolemy/actor/lib/test/auto/Clock8.xml (RunModel)" time="0.017" />
  <testcase classname="ptolemy.util.test.junit.AutoTests" name="[68] /home/travis/build/icyphy/ptII/ptolemy/actor/lib/test/auto/Clock9.xml (RunModel)" time="0.018" />
  <testcase classname="ptolemy.util.test.junit.AutoTests" name="[69] /home/travis/build/icyphy/ptII/ptolemy/actor/lib/test/auto/CommDistDiscard.xml (RunModel)" time="0.029" />
  <testcase classname="ptolemy.util.test.junit.AutoTests" name="[70] /home/travis/build/icyphy/ptII/ptolemy/actor/lib/test/auto/Commutator.xml (RunModel)" time="0.02" />
  <testcase classname="ptolemy.util.test.junit.AutoTests" name="[71] /home/travis/build/icyphy/ptII/ptolemy/actor/lib/test/auto/Commutator2.xml (RunModel)" time="0.015" />
  <testcase classname="ptolemy.util.test.junit.AutoTests" name="[72] /home/travis/build/icyphy/ptII/ptolemy/actor/lib/test/auto/Commutator3.xml (RunModel)" time="0.018" />
  <testcase classname="ptolemy.util.test.junit.AutoTests" name="[73] /home/travis/build/icyphy/ptII/ptolemy/actor/lib/test/auto/Compare.xml (RunModel)" time="0.026" />
  <testcase classname="ptolemy.util.test.junit.AutoTests" name="[74] /home/travis/build/icyphy/ptII/ptolemy/actor/lib/test/auto/CompareDE.xml (RunModel)" time="0.023" />
  <testcase classname="ptolemy.util.test.junit.AutoTests" name="[75] /home/travis/build/icyphy/ptII/ptolemy/actor/lib/test/auto/ComplexDivide.xml (RunModel)" time="0.016" />
  <testcase classname="ptolemy.util.test.junit.AutoTests" name="[76] /home/travis/build/icyphy/ptII/ptolemy/actor/lib/test/auto/ComputeHistogram.xml (RunModel)" time="0.116" />
  <testcase classname="ptolemy.util.test.junit.AutoTests" name="[77] /home/travis/build/icyphy/ptII/ptolemy/actor/lib/test/auto/ConfigurationSelect.xml (RunModel)" time="0.021" />
  <testcase classname="ptolemy.util.test.junit.AutoTests" name="[78] /home/travis/build/icyphy/ptII/ptolemy/actor/lib/test/auto/ConfigurationSelect2.xml (RunModel)" time="0.017" />
  <testcase classname="ptolemy.util.test.junit.AutoTests" name="[79] /home/travis/build/icyphy/ptII/ptolemy/actor/lib/test/auto/ConfigurationSwitch.xml (RunModel)" time="0.027" />
  <testcase classname="ptolemy.util.test.junit.AutoTests" name="[80] /home/travis/build/icyphy/ptII/ptolemy/actor/lib/test/auto/ConfigurationSwitch2.xml (RunModel)" time="0.024" />
  <testcase classname="ptolemy.util.test.junit.AutoTests" name="[81] /home/travis/build/icyphy/ptII/ptolemy/actor/lib/test/auto/ConfigurationSwitchCloningBugWithClassRelationGroup.xml (RunModel)" time="0.017" />
  <testcase classname="ptolemy.util.test.junit.AutoTests" name="[82] /home/travis/build/icyphy/ptII/ptolemy/actor/lib/test/auto/ConfigurationSwitchSelectSDF.xml (RunModel)" time="0.015" />
  <testcase classname="ptolemy.util.test.junit.AutoTests" name="[83] /home/travis/build/icyphy/ptII/ptolemy/actor/lib/test/auto/ConfigurationSwitchSelectSDF2.xml (RunModel)" time="0.014" />
  <testcase classname="ptolemy.util.test.junit.AutoTests" name="[84] /home/travis/build/icyphy/ptII/ptolemy/actor/lib/test/auto/Const.xml (RunModel)" time="0.007" />
  <testcase classname="ptolemy.util.test.junit.AutoTests" name="[85] /home/travis/build/icyphy/ptII/ptolemy/actor/lib/test/auto/Const2.xml (RunModel)" time="0.015" />
  <testcase classname="ptolemy.util.test.junit.AutoTests" name="[86] /home/travis/build/icyphy/ptII/ptolemy/actor/lib/test/auto/Const3.xml (RunModel)" time="0.014" />
  <testcase classname="ptolemy.util.test.junit.AutoTests" name="[87] /home/travis/build/icyphy/ptII/ptolemy/actor/lib/test/auto/ConstantPublisherPort1.xml (RunModel)" time="0.025" />
  <testcase classname="ptolemy.util.test.junit.AutoTests" name="[88] /home/travis/build/icyphy/ptII/ptolemy/actor/lib/test/auto/ConstantPublisherPort2.xml (RunModel)" time="0.044" />
  <testcase classname="ptolemy.util.test.junit.AutoTests" name="[89] /home/travis/build/icyphy/ptII/ptolemy/actor/lib/test/auto/ConstantPublisherPort3.xml (RunModel)" time="0.023" />
  <testcase classname="ptolemy.util.test.junit.AutoTests" name="[90] /home/travis/build/icyphy/ptII/ptolemy/actor/lib/test/auto/ConstantPublisherPort4.xml (RunModel)" time="0.018" />
  <testcase classname="ptolemy.util.test.junit.AutoTests" name="[91] /home/travis/build/icyphy/ptII/ptolemy/actor/lib/test/auto/ConstantPublisherPort5.xml (RunModel)" time="0.053" />
  <testcase classname="ptolemy.util.test.junit.AutoTests" name="[92] /home/travis/build/icyphy/ptII/ptolemy/actor/lib/test/auto/ConstantPublisherPort6.xml (RunModel)" time="0.033" />
  <testcase classname="ptolemy.util.test.junit.AutoTests" name="[93] /home/travis/build/icyphy/ptII/ptolemy/actor/lib/test/auto/ConstantPublisherPort7.xml (RunModel)" time="0.037" />
  <testcase classname="ptolemy.util.test.junit.AutoTests" name="[94] /home/travis/build/icyphy/ptII/ptolemy/actor/lib/test/auto/ConstraintMonitor1.xml (RunModel)" time="0.045" />
  <testcase classname="ptolemy.util.test.junit.AutoTests" name="[95] /home/travis/build/icyphy/ptII/ptolemy/actor/lib/test/auto/ConstraintMonitor2.xml (RunModel)" time="0.017" />
  <testcase classname="ptolemy.util.test.junit.AutoTests" name="[96] /home/travis/build/icyphy/ptII/ptolemy/actor/lib/test/auto/ConstraintMonitor3.xml (RunModel)" time="0.016" />
  <testcase classname="ptolemy.util.test.junit.AutoTests" name="[97] /home/travis/build/icyphy/ptII/ptolemy/actor/lib/test/auto/ConstraintMonitor4.xml (RunModel)" time="0.015" />
  <testcase classname="ptolemy.util.test.junit.AutoTests" name="[98] /home/travis/build/icyphy/ptII/ptolemy/actor/lib/test/auto/ConstraintMonitor5.xml (RunModel)" time="0.011" />
  <testcase classname="ptolemy.util.test.junit.AutoTests" name="[99] /home/travis/build/icyphy/ptII/ptolemy/actor/lib/test/auto/ConstraintMonitor6.xml (RunModel)" time="0.017" />
  <testcase classname="ptolemy.util.test.junit.AutoTests" name="[100] /home/travis/build/icyphy/ptII/ptolemy/actor/lib/test/auto/ConstraintMonitor7.xml (RunModel)" time="0.022" />
  <testcase classname="ptolemy.util.test.junit.AutoTests" name="[101] /home/travis/build/icyphy/ptII/ptolemy/actor/lib/test/auto/ConstraintMonitor8.xml (RunModel)" time="0.019" />
  <testcase classname="ptolemy.util.test.junit.AutoTests" name="[102] /home/travis/build/icyphy/ptII/ptolemy/actor/lib/test/auto/Counter.xml (RunModel)" time="0.014" />
  <testcase classname="ptolemy.util.test.junit.AutoTests" name="[103] /home/travis/build/icyphy/ptII/ptolemy/actor/lib/test/auto/CurrentTimeSDF.xml (RunModel)" time="0.009" />
  <testcase classname="ptolemy.util.test.junit.AutoTests" name="[104] /home/travis/build/icyphy/ptII/ptolemy/actor/lib/test/auto/DB.xml (RunModel)" time="0.013" />
  <testcase classname="ptolemy.util.test.junit.AutoTests" name="[105] /home/travis/build/icyphy/ptII/ptolemy/actor/lib/test/auto/DBDE.xml (RunModel)" time="0.013" />
  <testcase classname="ptolemy.util.test.junit.AutoTests" name="[106] /home/travis/build/icyphy/ptII/ptolemy/actor/lib/test/auto/DateConstructor.xml (RunModel)" time="0.067" />
  <testcase classname="ptolemy.util.test.junit.AutoTests" name="[107] /home/travis/build/icyphy/ptII/ptolemy/actor/lib/test/auto/DelayTime.xml (RunModel)" time="0.018" />
  <testcase classname="ptolemy.util.test.junit.AutoTests" name="[108] /home/travis/build/icyphy/ptII/ptolemy/actor/lib/test/auto/Dictionary1.xml (RunModel)" time="0.018" />
  <testcase classname="ptolemy.util.test.junit.AutoTests" name="[109] /home/travis/build/icyphy/ptII/ptolemy/actor/lib/test/auto/Dictionary2.xml (RunModel)" time="0.014" />
  <testcase classname="ptolemy.util.test.junit.AutoTests" name="[110] /home/travis/build/icyphy/ptII/ptolemy/actor/lib/test/auto/Dictionary3.xml (RunModel)" time="0.016" />
  <testcase classname="ptolemy.util.test.junit.AutoTests" name="[111] /home/travis/build/icyphy/ptII/ptolemy/actor/lib/test/auto/Dictionary4.xml (RunModel)" time="0.02" />
  <testcase classname="ptolemy.util.test.junit.AutoTests" name="[112] /home/travis/build/icyphy/ptII/ptolemy/actor/lib/test/auto/Differential.xml (RunModel)" time="0.014" />
  <testcase classname="ptolemy.util.test.junit.AutoTests" name="[113] /home/travis/build/icyphy/ptII/ptolemy/actor/lib/test/auto/Director.xml (RunModel)" time="0.017" />
  <testcase classname="ptolemy.util.test.junit.AutoTests" name="[114] /home/travis/build/icyphy/ptII/ptolemy/actor/lib/test/auto/DiscreteClock.xml (RunModel)" time="0.009" />
  <testcase classname="ptolemy.util.test.junit.AutoTests" name="[115] /home/travis/build/icyphy/ptII/ptolemy/actor/lib/test/auto/DiscreteClock10.xml (RunModel)" time="0.017" />
  <testcase classname="ptolemy.util.test.junit.AutoTests" name="[116] /home/travis/build/icyphy/ptII/ptolemy/actor/lib/test/auto/DiscreteClock11.xml (RunModel)" time="0.016" />
  <testcase classname="ptolemy.util.test.junit.AutoTests" name="[117] /home/travis/build/icyphy/ptII/ptolemy/actor/lib/test/auto/DiscreteClock12.xml (RunModel)" time="0.015" />
  <testcase classname="ptolemy.util.test.junit.AutoTests" name="[118] /home/travis/build/icyphy/ptII/ptolemy/actor/lib/test/auto/DiscreteClock13.xml (RunModel)" time="0.013" />
  <testcase classname="ptolemy.util.test.junit.AutoTests" name="[119] /home/travis/build/icyphy/ptII/ptolemy/actor/lib/test/auto/DiscreteClock14.xml (RunModel)" time="0.016" />
  <testcase classname="ptolemy.util.test.junit.AutoTests" name="[120] /home/travis/build/icyphy/ptII/ptolemy/actor/lib/test/auto/DiscreteClock15.xml (RunModel)" time="0.014" />
  <testcase classname="ptolemy.util.test.junit.AutoTests" name="[121] /home/travis/build/icyphy/ptII/ptolemy/actor/lib/test/auto/DiscreteClock16.xml (RunModel)" time="0.041" />
  <testcase classname="ptolemy.util.test.junit.AutoTests" name="[122] /home/travis/build/icyphy/ptII/ptolemy/actor/lib/test/auto/DiscreteClock17.xml (RunModel)" time="0.039" />
  <testcase classname="ptolemy.util.test.junit.AutoTests" name="[123] /home/travis/build/icyphy/ptII/ptolemy/actor/lib/test/auto/DiscreteClock18.xml (RunModel)" time="0.034" />
  <testcase classname="ptolemy.util.test.junit.AutoTests" name="[124] /home/travis/build/icyphy/ptII/ptolemy/actor/lib/test/auto/DiscreteClock19.xml (RunModel)" time="0.074" />
  <testcase classname="ptolemy.util.test.junit.AutoTests" name="[125] /home/travis/build/icyphy/ptII/ptolemy/actor/lib/test/auto/DiscreteClock2.xml (RunModel)" time="0.013" />
  <testcase classname="ptolemy.util.test.junit.AutoTests" name="[126] /home/travis/build/icyphy/ptII/ptolemy/actor/lib/test/auto/DiscreteClock20.xml (RunModel)" time="0.015" />
  <testcase classname="ptolemy.util.test.junit.AutoTests" name="[127] /home/travis/build/icyphy/ptII/ptolemy/actor/lib/test/auto/DiscreteClock21.xml (RunModel)" time="0.018" />
  <testcase classname="ptolemy.util.test.junit.AutoTests" name="[128] /home/travis/build/icyphy/ptII/ptolemy/actor/lib/test/auto/DiscreteClock22.xml (RunModel)" time="0.015" />
  <testcase classname="ptolemy.util.test.junit.AutoTests" name="[129] /home/travis/build/icyphy/ptII/ptolemy/actor/lib/test/auto/DiscreteClock23.xml (RunModel)" time="0.015" />
  <testcase classname="ptolemy.util.test.junit.AutoTests" name="[130] /home/travis/build/icyphy/ptII/ptolemy/actor/lib/test/auto/DiscreteClock24.xml (RunModel)" time="0.017" />
  <testcase classname="ptolemy.util.test.junit.AutoTests" name="[131] /home/travis/build/icyphy/ptII/ptolemy/actor/lib/test/auto/DiscreteClock4.xml (RunModel)" time="0.013" />
  <testcase classname="ptolemy.util.test.junit.AutoTests" name="[132] /home/travis/build/icyphy/ptII/ptolemy/actor/lib/test/auto/DiscreteClock5.xml (RunModel)" time="0.011" />
  <testcase classname="ptolemy.util.test.junit.AutoTests" name="[133] /home/travis/build/icyphy/ptII/ptolemy/actor/lib/test/auto/DiscreteClock6.xml (RunModel)" time="0.015" />
  <testcase classname="ptolemy.util.test.junit.AutoTests" name="[134] /home/travis/build/icyphy/ptII/ptolemy/actor/lib/test/auto/DiscreteClock7.xml (RunModel)" time="0.029" />
  <testcase classname="ptolemy.util.test.junit.AutoTests" name="[135] /home/travis/build/icyphy/ptII/ptolemy/actor/lib/test/auto/DiscreteClock8.xml (RunModel)" time="0.011" />
  <testcase classname="ptolemy.util.test.junit.AutoTests" name="[136] /home/travis/build/icyphy/ptII/ptolemy/actor/lib/test/auto/DiscreteClock9.xml (RunModel)" time="0.013" />
  <testcase classname="ptolemy.util.test.junit.AutoTests" name="[137] /home/travis/build/icyphy/ptII/ptolemy/actor/lib/test/auto/DisplayArray.xml (RunModel)" time="0.013" />
  <testcase classname="ptolemy.util.test.junit.AutoTests" name="[138] /home/travis/build/icyphy/ptII/ptolemy/actor/lib/test/auto/Distributor.xml (RunModel)" time="0.009" />
  <testcase classname="ptolemy.util.test.junit.AutoTests" name="[139] /home/travis/build/icyphy/ptII/ptolemy/actor/lib/test/auto/Distributor2.xml (RunModel)" time="0.011" />
  <testcase classname="ptolemy.util.test.junit.AutoTests" name="[140] /home/travis/build/icyphy/ptII/ptolemy/actor/lib/test/auto/DownSample.xml (RunModel)" time="0.01" />
  <testcase classname="ptolemy.util.test.junit.AutoTests" name="[141] /home/travis/build/icyphy/ptII/ptolemy/actor/lib/test/auto/ElectronicUnitBase1.xml (RunModel)" time="0.061" />
  <testcase classname="ptolemy.util.test.junit.AutoTests" name="[142] /home/travis/build/icyphy/ptII/ptolemy/actor/lib/test/auto/ElementsToArray.xml (RunModel)" time="0.012" />
  <testcase classname="ptolemy.util.test.junit.AutoTests" name="[143] /home/travis/build/icyphy/ptII/ptolemy/actor/lib/test/auto/Equals.xml (RunModel)" time="0.014" />
  <testcase classname="ptolemy.util.test.junit.AutoTests" name="[144] /home/travis/build/icyphy/ptII/ptolemy/actor/lib/test/auto/Exec.xml (RunModel)" time="0.033" />
  <testcase classname="ptolemy.util.test.junit.AutoTests" name="[145] /home/travis/build/icyphy/ptII/ptolemy/actor/lib/test/auto/ExecEnvironment.xml (RunModel)" time="0.047" />
  <testcase classname="ptolemy.util.test.junit.AutoTests" name="[146] /home/travis/build/icyphy/ptII/ptolemy/actor/lib/test/auto/ExecNonZeroReturnOutput.xml (RunModel)" time="0.225" />
  <testcase classname="ptolemy.util.test.junit.AutoTests" name="[147] /home/travis/build/icyphy/ptII/ptolemy/actor/lib/test/auto/ExecRunDemos.xml (RunModel)" time="10.962">
    <error type="java.lang.reflect.InvocationTargetException">java.lang.reflect.InvocationTargetException
	at jdk.internal.reflect.GeneratedConstructorAccessor36.newInstance(Unknown Source)
	at java.base/jdk.internal.reflect.DelegatingConstructorAccessorImpl.newInstance(DelegatingConstructorAccessorImpl.java:45)
	at java.base/java.lang.reflect.Constructor.newInstance(Constructor.java:490)
	at ptolemy.util.test.junit.AutoTests.RunModel(AutoTests.java:193)
	at jdk.internal.reflect.GeneratedMethodAccessor43.invoke(Unknown Source)
	at java.base/jdk.internal.reflect.DelegatingMethodAccessorImpl.invoke(DelegatingMethodAccessorImpl.java:43)
	at junitparams.internal.InvokeParameterisedMethod.evaluate(InvokeParameterisedMethod.java:102)
Caused by: ptolemy.kernel.util.IllegalActionException: Test fails in iteration 0.
Value was: &quot;WARNING: An illegal reflective access operation has occurred\nWARNING: Illegal reflective access by io.netty.util.internal.ReflectionUtil (file:/home/travis/build/icyphy/ptII/lib/netty-common-4.1.19.Final.jar) to constructor java.nio.DirectByteBuffer(long,int)\nWARNING: Please consider reporting this to the maintainers of io.netty.util.internal.ReflectionUtil\nWARNING: Use --illegal-access=warn to enable warnings of further illegal reflective access operations\nWARNING: All illegal access operations will be denied in a future release\n&quot;. Should have been: &quot;&quot;
  in .ExecRunDemos.Test
	at ptolemy.actor.lib.Test.fire(Test.java:268)
	at ptolemy.actor.AtomicActor.iterate(AtomicActor.java:512)
	at ptolemy.actor.sched.StaticSchedulingDirector.fire(StaticSchedulingDirector.java:216)
	at ptolemy.domains.sdf.kernel.SDFDirector.fire(SDFDirector.java:500)
	at ptolemy.actor.CompositeActor.fire(CompositeActor.java:455)
	at ptolemy.actor.Manager.iterate(Manager.java:851)
	at ptolemy.actor.Manager.execute(Manager.java:369)
	at ptolemy.actor.Manager.run(Manager.java:1263)
	at ptolemy.actor.Manager$PtolemyRunThread.run(Manager.java:1915)
</error>
  </testcase>
  <testcase classname="ptolemy.util.test.junit.AutoTests" name="[148] /home/travis/build/icyphy/ptII/ptolemy/actor/lib/test/auto/ExecStop.xml (RunModel)" time="5.031" />
  <testcase classname="ptolemy.util.test.junit.AutoTests" name="[149] /home/travis/build/icyphy/ptII/ptolemy/actor/lib/test/auto/ExecutionTimeSDF.xml (RunModel)" time="6.04" />
  <testcase classname="ptolemy.util.test.junit.AutoTests" name="[150] /home/travis/build/icyphy/ptII/ptolemy/actor/lib/test/auto/Expression1.xml (RunModel)" time="0.008" />
  <testcase classname="ptolemy.util.test.junit.AutoTests" name="[151] /home/travis/build/icyphy/ptII/ptolemy/actor/lib/test/auto/Expression10.xml (RunModel)" time="0.045" />
  <testcase classname="ptolemy.util.test.junit.AutoTests" name="[152] /home/travis/build/icyphy/ptII/ptolemy/actor/lib/test/auto/Expression11.xml (RunModel)" time="0.034" />
  <testcase classname="ptolemy.util.test.junit.AutoTests" name="[153] /home/travis/build/icyphy/ptII/ptolemy/actor/lib/test/auto/Expression12.xml (RunModel)" time="0.017" />
  <testcase classname="ptolemy.util.test.junit.AutoTests" name="[154] /home/travis/build/icyphy/ptII/ptolemy/actor/lib/test/auto/Expression13.xml (RunModel)" time="0.014" />
  <testcase classname="ptolemy.util.test.junit.AutoTests" name="[155] /home/travis/build/icyphy/ptII/ptolemy/actor/lib/test/auto/Expression14.xml (RunModel)" time="0.021" />
  <testcase classname="ptolemy.util.test.junit.AutoTests" name="[156] /home/travis/build/icyphy/ptII/ptolemy/actor/lib/test/auto/Expression15.xml (RunModel)" time="0.01" />
  <testcase classname="ptolemy.util.test.junit.AutoTests" name="[157] /home/travis/build/icyphy/ptII/ptolemy/actor/lib/test/auto/Expression16.xml (RunModel)" time="0.015" />
  <testcase classname="ptolemy.util.test.junit.AutoTests" name="[158] /home/travis/build/icyphy/ptII/ptolemy/actor/lib/test/auto/Expression17.xml (RunModel)" time="0.013" />
  <testcase classname="ptolemy.util.test.junit.AutoTests" name="[159] /home/travis/build/icyphy/ptII/ptolemy/actor/lib/test/auto/Expression18.xml (RunModel)" time="0.056" />
  <testcase classname="ptolemy.util.test.junit.AutoTests" name="[160] /home/travis/build/icyphy/ptII/ptolemy/actor/lib/test/auto/Expression2.xml (RunModel)" time="0.015" />
  <testcase classname="ptolemy.util.test.junit.AutoTests" name="[161] /home/travis/build/icyphy/ptII/ptolemy/actor/lib/test/auto/Expression3.xml (RunModel)" time="0.014" />
  <testcase classname="ptolemy.util.test.junit.AutoTests" name="[162] /home/travis/build/icyphy/ptII/ptolemy/actor/lib/test/auto/Expression4.xml (RunModel)" time="0.02" />
  <testcase classname="ptolemy.util.test.junit.AutoTests" name="[163] /home/travis/build/icyphy/ptII/ptolemy/actor/lib/test/auto/Expression5.xml (RunModel)" time="0.013" />
  <testcase classname="ptolemy.util.test.junit.AutoTests" name="[164] /home/travis/build/icyphy/ptII/ptolemy/actor/lib/test/auto/Expression6.xml (RunModel)" time="0.01" />
  <testcase classname="ptolemy.util.test.junit.AutoTests" name="[165] /home/travis/build/icyphy/ptII/ptolemy/actor/lib/test/auto/Expression7.xml (RunModel)" time="0.012" />
  <testcase classname="ptolemy.util.test.junit.AutoTests" name="[166] /home/travis/build/icyphy/ptII/ptolemy/actor/lib/test/auto/Expression8.xml (RunModel)" time="0.017" />
  <testcase classname="ptolemy.util.test.junit.AutoTests" name="[167] /home/travis/build/icyphy/ptII/ptolemy/actor/lib/test/auto/Expression9.xml (RunModel)" time="0.01" />
  <testcase classname="ptolemy.util.test.junit.AutoTests" name="[168] /home/travis/build/icyphy/ptII/ptolemy/actor/lib/test/auto/ExpressionConcatenateArrayType.xml (RunModel)" time="0.036" />
  <testcase classname="ptolemy.util.test.junit.AutoTests" name="[169] /home/travis/build/icyphy/ptII/ptolemy/actor/lib/test/auto/ExpressionConcatenateArrayType2.xml (RunModel)" time="0.018" />
  <testcase classname="ptolemy.util.test.junit.AutoTests" name="[170] /home/travis/build/icyphy/ptII/ptolemy/actor/lib/test/auto/ExpressionFix.xml (RunModel)" time="0.044" />
  <testcase classname="ptolemy.util.test.junit.AutoTests" name="[171] /home/travis/build/icyphy/ptII/ptolemy/actor/lib/test/auto/ExpressionFix2.xml (RunModel)" time="0.015" />
  <testcase classname="ptolemy.util.test.junit.AutoTests" name="[172] /home/travis/build/icyphy/ptII/ptolemy/actor/lib/test/auto/ExpressionFix3.xml (RunModel)" time="0.014" />
  <testcase classname="ptolemy.util.test.junit.AutoTests" name="[173] /home/travis/build/icyphy/ptII/ptolemy/actor/lib/test/auto/FileWriter1.xml (RunModel)" time="0.012" />
  <testcase classname="ptolemy.util.test.junit.AutoTests" name="[174] /home/travis/build/icyphy/ptII/ptolemy/actor/lib/test/auto/FileWriter2.xml (RunModel)" time="0.011" />
  <testcase classname="ptolemy.util.test.junit.AutoTests" name="[175] /home/travis/build/icyphy/ptII/ptolemy/actor/lib/test/auto/FileWriter3.xml (RunModel)" time="0.017" />
  <testcase classname="ptolemy.util.test.junit.AutoTests" name="[176] /home/travis/build/icyphy/ptII/ptolemy/actor/lib/test/auto/Gaussian.xml (RunModel)" time="0.014" />
  <testcase classname="ptolemy.util.test.junit.AutoTests" name="[177] /home/travis/build/icyphy/ptII/ptolemy/actor/lib/test/auto/Gaussian1.xml (RunModel)" time="0.025" />
  <testcase classname="ptolemy.util.test.junit.AutoTests" name="[178] /home/travis/build/icyphy/ptII/ptolemy/actor/lib/test/auto/Gaussian2.xml (RunModel)" time="0.018" />
  <testcase classname="ptolemy.util.test.junit.AutoTests" name="[179] /home/travis/build/icyphy/ptII/ptolemy/actor/lib/test/auto/GradientAdaptiveLattice.xml (RunModel)" time="0.017" />
  <testcase classname="ptolemy.util.test.junit.AutoTests" name="[180] /home/travis/build/icyphy/ptII/ptolemy/actor/lib/test/auto/IIR.xml (RunModel)" time="0.011" />
  <testcase classname="ptolemy.util.test.junit.AutoTests" name="[181] /home/travis/build/icyphy/ptII/ptolemy/actor/lib/test/auto/InputOutputTransparentPorts.xml (RunModel)" time="0.021" />
  <testcase classname="ptolemy.util.test.junit.AutoTests" name="[182] /home/travis/build/icyphy/ptII/ptolemy/actor/lib/test/auto/Interpolator.xml (RunModel)" time="0.016" />
  <testcase classname="ptolemy.util.test.junit.AutoTests" name="[183] /home/travis/build/icyphy/ptII/ptolemy/actor/lib/test/auto/InterpolatorFiringLimitDE.xml (RunModel)" time="0.015" />
  <testcase classname="ptolemy.util.test.junit.AutoTests" name="[184] /home/travis/build/icyphy/ptII/ptolemy/actor/lib/test/auto/Lattice.xml (RunModel)" time="0.009" />
  <testcase classname="ptolemy.util.test.junit.AutoTests" name="[185] /home/travis/build/icyphy/ptII/ptolemy/actor/lib/test/auto/LazyAOCTestLazy.xml (RunModel)" time="0.025" />
  <testcase classname="ptolemy.util.test.junit.AutoTests" name="[186] /home/travis/build/icyphy/ptII/ptolemy/actor/lib/test/auto/LazyAOCTestNonLazy.xml (RunModel)" time="0.035" />
  <testcase classname="ptolemy.util.test.junit.AutoTests" name="[187] /home/travis/build/icyphy/ptII/ptolemy/actor/lib/test/auto/LazyInnerClass.xml (RunModel)" time="0.019" />
  <testcase classname="ptolemy.util.test.junit.AutoTests" name="[188] /home/travis/build/icyphy/ptII/ptolemy/actor/lib/test/auto/LazyPubSub.xml (RunModel)" time="0.066" />
  <testcase classname="ptolemy.util.test.junit.AutoTests" name="[189] /home/travis/build/icyphy/ptII/ptolemy/actor/lib/test/auto/LazyPubSub2.xml (RunModel)" time="0.084" />
  <testcase classname="ptolemy.util.test.junit.AutoTests" name="[190] /home/travis/build/icyphy/ptII/ptolemy/actor/lib/test/auto/LazyPubSub3.xml (RunModel)" time="0.055" />
  <testcase classname="ptolemy.util.test.junit.AutoTests" name="[191] /home/travis/build/icyphy/ptII/ptolemy/actor/lib/test/auto/LazySubClassModel.xml (RunModel)" time="0.032" />
  <testcase classname="ptolemy.util.test.junit.AutoTests" name="[192] /home/travis/build/icyphy/ptII/ptolemy/actor/lib/test/auto/LevelCrossTest1.xml (RunModel)" time="0.014" />
  <testcase classname="ptolemy.util.test.junit.AutoTests" name="[193] /home/travis/build/icyphy/ptII/ptolemy/actor/lib/test/auto/LevelCrossTest10.xml (RunModel)" time="0.017" />
  <testcase classname="ptolemy.util.test.junit.AutoTests" name="[194] /home/travis/build/icyphy/ptII/ptolemy/actor/lib/test/auto/LevelCrossTest11.xml (RunModel)" time="0.017" />
  <testcase classname="ptolemy.util.test.junit.AutoTests" name="[195] /home/travis/build/icyphy/ptII/ptolemy/actor/lib/test/auto/LevelCrossTest12.xml (RunModel)" time="0.022" />
  <testcase classname="ptolemy.util.test.junit.AutoTests" name="[196] /home/travis/build/icyphy/ptII/ptolemy/actor/lib/test/auto/LevelCrossTest13.xml (RunModel)" time="0.016" />
  <testcase classname="ptolemy.util.test.junit.AutoTests" name="[197] /home/travis/build/icyphy/ptII/ptolemy/actor/lib/test/auto/LevelCrossTest2.xml (RunModel)" time="0.012" />
  <testcase classname="ptolemy.util.test.junit.AutoTests" name="[198] /home/travis/build/icyphy/ptII/ptolemy/actor/lib/test/auto/LevelCrossTest3.xml (RunModel)" time="0.016" />
  <testcase classname="ptolemy.util.test.junit.AutoTests" name="[199] /home/travis/build/icyphy/ptII/ptolemy/actor/lib/test/auto/LevelCrossTest4.xml (RunModel)" time="0.013" />
  <testcase classname="ptolemy.util.test.junit.AutoTests" name="[200] /home/travis/build/icyphy/ptII/ptolemy/actor/lib/test/auto/LevelCrossTest5.xml (RunModel)" time="0.013" />
  <testcase classname="ptolemy.util.test.junit.AutoTests" name="[201] /home/travis/build/icyphy/ptII/ptolemy/actor/lib/test/auto/LevelCrossTest6.xml (RunModel)" time="0.016" />
  <testcase classname="ptolemy.util.test.junit.AutoTests" name="[202] /home/travis/build/icyphy/ptII/ptolemy/actor/lib/test/auto/LevelCrossTest7.xml (RunModel)" time="0.025" />
  <testcase classname="ptolemy.util.test.junit.AutoTests" name="[203] /home/travis/build/icyphy/ptII/ptolemy/actor/lib/test/auto/LevelCrossTest8.xml (RunModel)" time="0.016" />
  <testcase classname="ptolemy.util.test.junit.AutoTests" name="[204] /home/travis/build/icyphy/ptII/ptolemy/actor/lib/test/auto/LevelCrossTest9.xml (RunModel)" time="0.017" />
  <testcase classname="ptolemy.util.test.junit.AutoTests" name="[205] /home/travis/build/icyphy/ptII/ptolemy/actor/lib/test/auto/LevinsonDurbin.xml (RunModel)" time="0.016" />
  <testcase classname="ptolemy.util.test.junit.AutoTests" name="[206] /home/travis/build/icyphy/ptII/ptolemy/actor/lib/test/auto/LevinsonDurbin2.xml (RunModel)" time="0.014" />
  <testcase classname="ptolemy.util.test.junit.AutoTests" name="[207] /home/travis/build/icyphy/ptII/ptolemy/actor/lib/test/auto/LevinsonDurbin3.xml (RunModel)" time="0.01" />
  <testcase classname="ptolemy.util.test.junit.AutoTests" name="[208] /home/travis/build/icyphy/ptII/ptolemy/actor/lib/test/auto/Limiter.xml (RunModel)" time="0.049" />
  <testcase classname="ptolemy.util.test.junit.AutoTests" name="[209] /home/travis/build/icyphy/ptII/ptolemy/actor/lib/test/auto/LinearDifferenceEquationSystem.xml (RunModel)" time="0.03" />
  <testcase classname="ptolemy.util.test.junit.AutoTests" name="[210] /home/travis/build/icyphy/ptII/ptolemy/actor/lib/test/auto/LookupTable.xml (RunModel)" time="0.018" />
  <testcase classname="ptolemy.util.test.junit.AutoTests" name="[211] /home/travis/build/icyphy/ptII/ptolemy/actor/lib/test/auto/MathFunction.xml (RunModel)" time="0.022" />
  <testcase classname="ptolemy.util.test.junit.AutoTests" name="[212] /home/travis/build/icyphy/ptII/ptolemy/actor/lib/test/auto/MathFunction2.xml (RunModel)" time="0.012" />
  <testcase classname="ptolemy.util.test.junit.AutoTests" name="[213] /home/travis/build/icyphy/ptII/ptolemy/actor/lib/test/auto/MathFunction3.xml (RunModel)" time="0.026" />
  <testcase classname="ptolemy.util.test.junit.AutoTests" name="[214] /home/travis/build/icyphy/ptII/ptolemy/actor/lib/test/auto/MatrixCropBoolean.xml (RunModel)" time="0.017" />
  <testcase classname="ptolemy.util.test.junit.AutoTests" name="[215] /home/travis/build/icyphy/ptII/ptolemy/actor/lib/test/auto/MatrixCropComplex.xml (RunModel)" time="0.01" />
  <testcase classname="ptolemy.util.test.junit.AutoTests" name="[216] /home/travis/build/icyphy/ptII/ptolemy/actor/lib/test/auto/MatrixCropDouble.xml (RunModel)" time="0.009" />
  <testcase classname="ptolemy.util.test.junit.AutoTests" name="[217] /home/travis/build/icyphy/ptII/ptolemy/actor/lib/test/auto/MatrixCropFix.xml (RunModel)" time="0.014" />
  <testcase classname="ptolemy.util.test.junit.AutoTests" name="[218] /home/travis/build/icyphy/ptII/ptolemy/actor/lib/test/auto/MatrixCropInt.xml (RunModel)" time="0.012" />
  <testcase classname="ptolemy.util.test.junit.AutoTests" name="[219] /home/travis/build/icyphy/ptII/ptolemy/actor/lib/test/auto/MatrixCropLong.xml (RunModel)" time="0.01" />
  <testcase classname="ptolemy.util.test.junit.AutoTests" name="[220] /home/travis/build/icyphy/ptII/ptolemy/actor/lib/test/auto/MatrixToArray.xml (RunModel)" time="0.061" />
  <testcase classname="ptolemy.util.test.junit.AutoTests" name="[221] /home/travis/build/icyphy/ptII/ptolemy/actor/lib/test/auto/MaxIndex.xml (RunModel)" time="0.015" />
  <testcase classname="ptolemy.util.test.junit.AutoTests" name="[222] /home/travis/build/icyphy/ptII/ptolemy/actor/lib/test/auto/Maximum.xml (RunModel)" time="0.015" />
  <testcase classname="ptolemy.util.test.junit.AutoTests" name="[223] /home/travis/build/icyphy/ptII/ptolemy/actor/lib/test/auto/MaximumComplex.xml (RunModel)" time="0.022" />
  <testcase classname="ptolemy.util.test.junit.AutoTests" name="[224] /home/travis/build/icyphy/ptII/ptolemy/actor/lib/test/auto/MethodCallTest.xml (RunModel)" time="0.025" />
  <testcase classname="ptolemy.util.test.junit.AutoTests" name="[225] /home/travis/build/icyphy/ptII/ptolemy/actor/lib/test/auto/Minimum.xml (RunModel)" time="0.016" />
  <testcase classname="ptolemy.util.test.junit.AutoTests" name="[226] /home/travis/build/icyphy/ptII/ptolemy/actor/lib/test/auto/MinimumComplex.xml (RunModel)" time="0.026" />
  <testcase classname="ptolemy.util.test.junit.AutoTests" name="[227] /home/travis/build/icyphy/ptII/ptolemy/actor/lib/test/auto/MinimumMultiports.xml (RunModel)" time="0.021" />
  <testcase classname="ptolemy.util.test.junit.AutoTests" name="[228] /home/travis/build/icyphy/ptII/ptolemy/actor/lib/test/auto/ModifyDate.xml (RunModel)" time="0.047" />
  <testcase classname="ptolemy.util.test.junit.AutoTests" name="[229] /home/travis/build/icyphy/ptII/ptolemy/actor/lib/test/auto/ModifyDate2.xml (RunModel)" time="0.036" />
  <testcase classname="ptolemy.util.test.junit.AutoTests" name="[230] /home/travis/build/icyphy/ptII/ptolemy/actor/lib/test/auto/MovingAverage.xml (RunModel)" time="0.016" />
  <testcase classname="ptolemy.util.test.junit.AutoTests" name="[231] /home/travis/build/icyphy/ptII/ptolemy/actor/lib/test/auto/MovingMaximum.xml (RunModel)" time="0.013" />
  <testcase classname="ptolemy.util.test.junit.AutoTests" name="[232] /home/travis/build/icyphy/ptII/ptolemy/actor/lib/test/auto/MultipleLinksToSameRelation.xml (RunModel)" time="0.011" />
  <testcase classname="ptolemy.util.test.junit.AutoTests" name="[233] /home/travis/build/icyphy/ptII/ptolemy/actor/lib/test/auto/MultipleLinksToSameRelationDE.xml (RunModel)" time="0.009" />
  <testcase classname="ptolemy.util.test.junit.AutoTests" name="[234] /home/travis/build/icyphy/ptII/ptolemy/actor/lib/test/auto/Multiplexor.xml (RunModel)" time="0.013" />
  <testcase classname="ptolemy.util.test.junit.AutoTests" name="[235] /home/travis/build/icyphy/ptII/ptolemy/actor/lib/test/auto/Multiplexor1.xml (RunModel)" time="0.012" />
  <testcase classname="ptolemy.util.test.junit.AutoTests" name="[236] /home/travis/build/icyphy/ptII/ptolemy/actor/lib/test/auto/Multiplexor2.xml (RunModel)" time="0.017" />
  <testcase classname="ptolemy.util.test.junit.AutoTests" name="[237] /home/travis/build/icyphy/ptII/ptolemy/actor/lib/test/auto/Multiplexor3.xml (RunModel)" time="0.009" />
  <testcase classname="ptolemy.util.test.junit.AutoTests" name="[238] /home/travis/build/icyphy/ptII/ptolemy/actor/lib/test/auto/MultiplexorDE.xml (RunModel)" time="0.019" />
  <testcase classname="ptolemy.util.test.junit.AutoTests" name="[239] /home/travis/build/icyphy/ptII/ptolemy/actor/lib/test/auto/MultiportBroadcastTest.xml (RunModel)" time="0.103" />
  <testcase classname="ptolemy.util.test.junit.AutoTests" name="[240] /home/travis/build/icyphy/ptII/ptolemy/actor/lib/test/auto/MultiportOutHangDuringGetWidth.xml (RunModel)" time="0.041" />
  <testcase classname="ptolemy.util.test.junit.AutoTests" name="[241] /home/travis/build/icyphy/ptII/ptolemy/actor/lib/test/auto/NilToken.xml (RunModel)" time="0.012" />
  <testcase classname="ptolemy.util.test.junit.AutoTests" name="[242] /home/travis/build/icyphy/ptII/ptolemy/actor/lib/test/auto/NilTokenNonStrictTest.xml (RunModel)" time="0.011" />
  <testcase classname="ptolemy.util.test.junit.AutoTests" name="[243] /home/travis/build/icyphy/ptII/ptolemy/actor/lib/test/auto/NilTokenRecord.xml (RunModel)" time="0.032" />
  <testcase classname="ptolemy.util.test.junit.AutoTests" name="[244] /home/travis/build/icyphy/ptII/ptolemy/actor/lib/test/auto/NilTokenTypeTest.xml (RunModel)" time="0.035" />
  <testcase classname="ptolemy.util.test.junit.AutoTests" name="[245] /home/travis/build/icyphy/ptII/ptolemy/actor/lib/test/auto/ObjectToken1.xml (RunModel)" time="0.008" />
  <testcase classname="ptolemy.util.test.junit.AutoTests" name="[246] /home/travis/build/icyphy/ptII/ptolemy/actor/lib/test/auto/OrderedMerge.xml (RunModel)" time="0.019" />
  <testcase classname="ptolemy.util.test.junit.AutoTests" name="[247] /home/travis/build/icyphy/ptII/ptolemy/actor/lib/test/auto/OrderedRecordDisassembler.xml (RunModel)" time="0.023" />
  <testcase classname="ptolemy.util.test.junit.AutoTests" name="[248] /home/travis/build/icyphy/ptII/ptolemy/actor/lib/test/auto/OrderedRecordDisassembler2.xml (RunModel)" time="0.02" />
  <testcase classname="ptolemy.util.test.junit.AutoTests" name="[249] /home/travis/build/icyphy/ptII/ptolemy/actor/lib/test/auto/OrderedRecordUpdater.xml (RunModel)" time="0.011" />
  <testcase classname="ptolemy.util.test.junit.AutoTests" name="[250] /home/travis/build/icyphy/ptII/ptolemy/actor/lib/test/auto/OrderedRecordUpdater2.xml (RunModel)" time="0.02" />
  <testcase classname="ptolemy.util.test.junit.AutoTests" name="[251] /home/travis/build/icyphy/ptII/ptolemy/actor/lib/test/auto/PhaseUnwrap.xml (RunModel)" time="0.014" />
  <testcase classname="ptolemy.util.test.junit.AutoTests" name="[252] /home/travis/build/icyphy/ptII/ptolemy/actor/lib/test/auto/PoissonClock.xml (RunModel)" time="0.012" />
  <testcase classname="ptolemy.util.test.junit.AutoTests" name="[253] /home/travis/build/icyphy/ptII/ptolemy/actor/lib/test/auto/PoissonClock2.xml (RunModel)" time="0.009" />
  <testcase classname="ptolemy.util.test.junit.AutoTests" name="[254] /home/travis/build/icyphy/ptII/ptolemy/actor/lib/test/auto/PoissonClock3.xml (RunModel)" time="0.028" />
  <testcase classname="ptolemy.util.test.junit.AutoTests" name="[255] /home/travis/build/icyphy/ptII/ptolemy/actor/lib/test/auto/PubSubWithInitialTokens.xml (RunModel)" time="0.02" />
  <testcase classname="ptolemy.util.test.junit.AutoTests" name="[256] /home/travis/build/icyphy/ptII/ptolemy/actor/lib/test/auto/PubSubWithInitialTokens2.xml (RunModel)" time="0.016" />
  <testcase classname="ptolemy.util.test.junit.AutoTests" name="[257] /home/travis/build/icyphy/ptII/ptolemy/actor/lib/test/auto/PublisherClassNoParameter.xml (RunModel)" time="0.028" />
  <testcase classname="ptolemy.util.test.junit.AutoTests" name="[258] /home/travis/build/icyphy/ptII/ptolemy/actor/lib/test/auto/PublisherClassParameter.xml (RunModel)" time="0.029" />
  <testcase classname="ptolemy.util.test.junit.AutoTests" name="[259] /home/travis/build/icyphy/ptII/ptolemy/actor/lib/test/auto/PublisherNonStrictTest.xml (RunModel)" time="0.016" />
  <testcase classname="ptolemy.util.test.junit.AutoTests" name="[260] /home/travis/build/icyphy/ptII/ptolemy/actor/lib/test/auto/PublisherPort1.xml (RunModel)" time="0.013" />
  <testcase classname="ptolemy.util.test.junit.AutoTests" name="[261] /home/travis/build/icyphy/ptII/ptolemy/actor/lib/test/auto/PublisherPort2.xml (RunModel)" time="0.01" />
  <testcase classname="ptolemy.util.test.junit.AutoTests" name="[262] /home/travis/build/icyphy/ptII/ptolemy/actor/lib/test/auto/PublisherPort3.xml (RunModel)" time="0.02" />
  <testcase classname="ptolemy.util.test.junit.AutoTests" name="[263] /home/travis/build/icyphy/ptII/ptolemy/actor/lib/test/auto/PublisherPort4.xml (RunModel)" time="0.021" />
  <testcase classname="ptolemy.util.test.junit.AutoTests" name="[264] /home/travis/build/icyphy/ptII/ptolemy/actor/lib/test/auto/PublisherPort5.xml (RunModel)" time="0.016" />
  <testcase classname="ptolemy.util.test.junit.AutoTests" name="[265] /home/travis/build/icyphy/ptII/ptolemy/actor/lib/test/auto/PublisherPort5LookAlike.xml (RunModel)" time="0.061" />
  <testcase classname="ptolemy.util.test.junit.AutoTests" name="[266] /home/travis/build/icyphy/ptII/ptolemy/actor/lib/test/auto/PublisherPort6.xml (RunModel)" time="0.014" />
  <testcase classname="ptolemy.util.test.junit.AutoTests" name="[267] /home/travis/build/icyphy/ptII/ptolemy/actor/lib/test/auto/PublisherPort7.xml (RunModel)" time="0.024" />
  <testcase classname="ptolemy.util.test.junit.AutoTests" name="[268] /home/travis/build/icyphy/ptII/ptolemy/actor/lib/test/auto/PublisherPort8.xml (RunModel)" time="0.02" />
  <testcase classname="ptolemy.util.test.junit.AutoTests" name="[269] /home/travis/build/icyphy/ptII/ptolemy/actor/lib/test/auto/PublisherPortSubscriberChannelVariablesAOC2.xml (RunModel)" time="0.046" />
  <testcase classname="ptolemy.util.test.junit.AutoTests" name="[270] /home/travis/build/icyphy/ptII/ptolemy/actor/lib/test/auto/PublisherPortSubscriberOpaqueWidthInference.xml (RunModel)" time="0.017" />
  <testcase classname="ptolemy.util.test.junit.AutoTests" name="[271] /home/travis/build/icyphy/ptII/ptolemy/actor/lib/test/auto/PublisherPortSubscriberPortAdjacent.xml (RunModel)" time="0.017" />
  <testcase classname="ptolemy.util.test.junit.AutoTests" name="[272] /home/travis/build/icyphy/ptII/ptolemy/actor/lib/test/auto/PublisherPortSubscriberPortExpression.xml (RunModel)" time="0.018" />
  <testcase classname="ptolemy.util.test.junit.AutoTests" name="[273] /home/travis/build/icyphy/ptII/ptolemy/actor/lib/test/auto/PublisherPortSubscriberPortOpaqueD3Reverse.xml (RunModel)" time="0.021" />
  <testcase classname="ptolemy.util.test.junit.AutoTests" name="[274] /home/travis/build/icyphy/ptII/ptolemy/actor/lib/test/auto/PublisherPortSubscriberPortOpaqueWidthInference.xml (RunModel)" time="0.014" />
  <testcase classname="ptolemy.util.test.junit.AutoTests" name="[275] /home/travis/build/icyphy/ptII/ptolemy/actor/lib/test/auto/PublisherPortToplevelSubscriberPortAOC.xml (RunModel)" time="0.012" />
  <testcase classname="ptolemy.util.test.junit.AutoTests" name="[276] /home/travis/build/icyphy/ptII/ptolemy/actor/lib/test/auto/PublisherSubscriber.xml (RunModel)" time="0.013" />
  <testcase classname="ptolemy.util.test.junit.AutoTests" name="[277] /home/travis/build/icyphy/ptII/ptolemy/actor/lib/test/auto/PublisherSubscriber10.xml (RunModel)" time="0.021" />
  <testcase classname="ptolemy.util.test.junit.AutoTests" name="[278] /home/travis/build/icyphy/ptII/ptolemy/actor/lib/test/auto/PublisherSubscriber10InitialOutputs.xml (RunModel)" time="0.03" />
  <testcase classname="ptolemy.util.test.junit.AutoTests" name="[279] /home/travis/build/icyphy/ptII/ptolemy/actor/lib/test/auto/PublisherSubscriber11.xml (RunModel)" time="0.017" />
  <testcase classname="ptolemy.util.test.junit.AutoTests" name="[280] /home/travis/build/icyphy/ptII/ptolemy/actor/lib/test/auto/PublisherSubscriber12.xml (RunModel)" time="0.015" />
  <testcase classname="ptolemy.util.test.junit.AutoTests" name="[281] /home/travis/build/icyphy/ptII/ptolemy/actor/lib/test/auto/PublisherSubscriber13.xml (RunModel)" time="0.011" />
  <testcase classname="ptolemy.util.test.junit.AutoTests" name="[282] /home/travis/build/icyphy/ptII/ptolemy/actor/lib/test/auto/PublisherSubscriber14.xml (RunModel)" time="0.023" />
  <testcase classname="ptolemy.util.test.junit.AutoTests" name="[283] /home/travis/build/icyphy/ptII/ptolemy/actor/lib/test/auto/PublisherSubscriber2.xml (RunModel)" time="0.012" />
  <testcase classname="ptolemy.util.test.junit.AutoTests" name="[284] /home/travis/build/icyphy/ptII/ptolemy/actor/lib/test/auto/PublisherSubscriber3.xml (RunModel)" time="0.021" />
  <testcase classname="ptolemy.util.test.junit.AutoTests" name="[285] /home/travis/build/icyphy/ptII/ptolemy/actor/lib/test/auto/PublisherSubscriber4.xml (RunModel)" time="0.01" />
  <testcase classname="ptolemy.util.test.junit.AutoTests" name="[286] /home/travis/build/icyphy/ptII/ptolemy/actor/lib/test/auto/PublisherSubscriber5.xml (RunModel)" time="0.013" />
  <testcase classname="ptolemy.util.test.junit.AutoTests" name="[287] /home/travis/build/icyphy/ptII/ptolemy/actor/lib/test/auto/PublisherSubscriber6.xml (RunModel)" time="0.016" />
  <testcase classname="ptolemy.util.test.junit.AutoTests" name="[288] /home/travis/build/icyphy/ptII/ptolemy/actor/lib/test/auto/PublisherSubscriber7.xml (RunModel)" time="0.018" />
  <testcase classname="ptolemy.util.test.junit.AutoTests" name="[289] /home/travis/build/icyphy/ptII/ptolemy/actor/lib/test/auto/PublisherSubscriber8.xml (RunModel)" time="0.036" />
  <testcase classname="ptolemy.util.test.junit.AutoTests" name="[290] /home/travis/build/icyphy/ptII/ptolemy/actor/lib/test/auto/PublisherSubscriber9.xml (RunModel)" time="0.015" />
  <testcase classname="ptolemy.util.test.junit.AutoTests" name="[291] /home/travis/build/icyphy/ptII/ptolemy/actor/lib/test/auto/PublisherSubscriberAdjacent.xml (RunModel)" time="0.016" />
  <testcase classname="ptolemy.util.test.junit.AutoTests" name="[292] /home/travis/build/icyphy/ptII/ptolemy/actor/lib/test/auto/PublisherSubscriberChannelVariablesAOC2.xml (RunModel)" time="0.028" />
  <testcase classname="ptolemy.util.test.junit.AutoTests" name="[293] /home/travis/build/icyphy/ptII/ptolemy/actor/lib/test/auto/PublisherSubscriberD3.xml (RunModel)" time="0.015" />
  <testcase classname="ptolemy.util.test.junit.AutoTests" name="[294] /home/travis/build/icyphy/ptII/ptolemy/actor/lib/test/auto/PublisherSubscriberD3Reverse.xml (RunModel)" time="0.011" />
  <testcase classname="ptolemy.util.test.junit.AutoTests" name="[295] /home/travis/build/icyphy/ptII/ptolemy/actor/lib/test/auto/PublisherSubscriberExpression.xml (RunModel)" time="0.021" />
  <testcase classname="ptolemy.util.test.junit.AutoTests" name="[296] /home/travis/build/icyphy/ptII/ptolemy/actor/lib/test/auto/PublisherSubscriberOpaque.xml (RunModel)" time="0.016" />
  <testcase classname="ptolemy.util.test.junit.AutoTests" name="[297] /home/travis/build/icyphy/ptII/ptolemy/actor/lib/test/auto/PublisherSubscriberOpaqueD3.xml (RunModel)" time="0.025" />
  <testcase classname="ptolemy.util.test.junit.AutoTests" name="[298] /home/travis/build/icyphy/ptII/ptolemy/actor/lib/test/auto/PublisherSubscriberOpaqueD3Reverse.xml (RunModel)" time="0.024" />
  <testcase classname="ptolemy.util.test.junit.AutoTests" name="[299] /home/travis/build/icyphy/ptII/ptolemy/actor/lib/test/auto/PublisherSubscriberOpaqueWidthInference.xml (RunModel)" time="0.023" />
  <testcase classname="ptolemy.util.test.junit.AutoTests" name="[300] /home/travis/build/icyphy/ptII/ptolemy/actor/lib/test/auto/PublisherTestSubscriber.xml (RunModel)" time="0.019" />
  <testcase classname="ptolemy.util.test.junit.AutoTests" name="[301] /home/travis/build/icyphy/ptII/ptolemy/actor/lib/test/auto/PublisherToplevelSubscriberPortAOC.xml (RunModel)" time="0.013" />
  <testcase classname="ptolemy.util.test.junit.AutoTests" name="[302] /home/travis/build/icyphy/ptII/ptolemy/actor/lib/test/auto/PulseFiringLimitDE.xml (RunModel)" time="0.017" />
  <testcase classname="ptolemy.util.test.junit.AutoTests" name="[303] /home/travis/build/icyphy/ptII/ptolemy/actor/lib/test/auto/Ramp1.xml (RunModel)" time="0.008" />
  <testcase classname="ptolemy.util.test.junit.AutoTests" name="[304] /home/travis/build/icyphy/ptII/ptolemy/actor/lib/test/auto/RampFiringLimitDE.xml (RunModel)" time="0.012" />
  <testcase classname="ptolemy.util.test.junit.AutoTests" name="[305] /home/travis/build/icyphy/ptII/ptolemy/actor/lib/test/auto/RampFiringLimitSDF.xml (RunModel)" time="0.01" />
  <testcase classname="ptolemy.util.test.junit.AutoTests" name="[306] /home/travis/build/icyphy/ptII/ptolemy/actor/lib/test/auto/RandomInteger.xml (RunModel)" time="0.009" />
  <testcase classname="ptolemy.util.test.junit.AutoTests" name="[307] /home/travis/build/icyphy/ptII/ptolemy/actor/lib/test/auto/ReadFile1.xml (RunModel)" time="0.008" />
  <testcase classname="ptolemy.util.test.junit.AutoTests" name="[308] /home/travis/build/icyphy/ptII/ptolemy/actor/lib/test/auto/ReadFile2.xml (RunModel)" time="0.07" />
  <testcase classname="ptolemy.util.test.junit.AutoTests" name="[309] /home/travis/build/icyphy/ptII/ptolemy/actor/lib/test/auto/Reader.xml (RunModel)" time="0.014" />
  <testcase classname="ptolemy.util.test.junit.AutoTests" name="[310] /home/travis/build/icyphy/ptII/ptolemy/actor/lib/test/auto/RecordAssemblerDisplayNameTest.xml (RunModel)" time="3.644" />
  <testcase classname="ptolemy.util.test.junit.AutoTests" name="[311] /home/travis/build/icyphy/ptII/ptolemy/actor/lib/test/auto/RecordAssemblerTypeError.xml (RunModel)" time="0.035" />
  <testcase classname="ptolemy.util.test.junit.AutoTests" name="[312] /home/travis/build/icyphy/ptII/ptolemy/actor/lib/test/auto/RecordDisassember.xml (RunModel)" time="0.014" />
  <testcase classname="ptolemy.util.test.junit.AutoTests" name="[313] /home/travis/build/icyphy/ptII/ptolemy/actor/lib/test/auto/RecordDisassemberDisplayNameTest.xml (RunModel)" time="0.018" />
  <testcase classname="ptolemy.util.test.junit.AutoTests" name="[314] /home/travis/build/icyphy/ptII/ptolemy/actor/lib/test/auto/RecordDisassembler.xml (RunModel)" time="0.01" />
  <testcase classname="ptolemy.util.test.junit.AutoTests" name="[315] /home/travis/build/icyphy/ptII/ptolemy/actor/lib/test/auto/RecordDisassembler2.xml (RunModel)" time="0.011" />
  <testcase classname="ptolemy.util.test.junit.AutoTests" name="[316] /home/travis/build/icyphy/ptII/ptolemy/actor/lib/test/auto/RecordUpdater.xml (RunModel)" time="0.012" />
  <testcase classname="ptolemy.util.test.junit.AutoTests" name="[317] /home/travis/build/icyphy/ptII/ptolemy/actor/lib/test/auto/RecordUpdater2.xml (RunModel)" time="0.01" />
  <testcase classname="ptolemy.util.test.junit.AutoTests" name="[318] /home/travis/build/icyphy/ptII/ptolemy/actor/lib/test/auto/RecursiveLattice.xml (RunModel)" time="0.009" />
  <testcase classname="ptolemy.util.test.junit.AutoTests" name="[319] /home/travis/build/icyphy/ptII/ptolemy/actor/lib/test/auto/Router.xml (RunModel)" time="3.027" />
  <testcase classname="ptolemy.util.test.junit.AutoTests" name="[320] /home/travis/build/icyphy/ptII/ptolemy/actor/lib/test/auto/Router2.xml (RunModel)" time="3.024" />
  <testcase classname="ptolemy.util.test.junit.AutoTests" name="[321] /home/travis/build/icyphy/ptII/ptolemy/actor/lib/test/auto/RunningMaximum.xml (RunModel)" time="0.019" />
  <testcase classname="ptolemy.util.test.junit.AutoTests" name="[322] /home/travis/build/icyphy/ptII/ptolemy/actor/lib/test/auto/RunningMinimum.xml (RunModel)" time="0.035" />
  <testcase classname="ptolemy.util.test.junit.AutoTests" name="[323] /home/travis/build/icyphy/ptII/ptolemy/actor/lib/test/auto/Scale.xml (RunModel)" time="0.008" />
  <testcase classname="ptolemy.util.test.junit.AutoTests" name="[324] /home/travis/build/icyphy/ptII/ptolemy/actor/lib/test/auto/Scale2.xml (RunModel)" time="0.01" />
  <testcase classname="ptolemy.util.test.junit.AutoTests" name="[325] /home/travis/build/icyphy/ptII/ptolemy/actor/lib/test/auto/Scale3.xml (RunModel)" time="0.014" />
  <testcase classname="ptolemy.util.test.junit.AutoTests" name="[326] /home/travis/build/icyphy/ptII/ptolemy/actor/lib/test/auto/ScaleArray.xml (RunModel)" time="0.008" />
  <testcase classname="ptolemy.util.test.junit.AutoTests" name="[327] /home/travis/build/icyphy/ptII/ptolemy/actor/lib/test/auto/ScaleArray2.xml (RunModel)" time="0.009" />
  <testcase classname="ptolemy.util.test.junit.AutoTests" name="[328] /home/travis/build/icyphy/ptII/ptolemy/actor/lib/test/auto/ScaleMatrix.xml (RunModel)" time="0.18" />
  <testcase classname="ptolemy.util.test.junit.AutoTests" name="[329] /home/travis/build/icyphy/ptII/ptolemy/actor/lib/test/auto/Select.xml (RunModel)" time="0.021" />
  <testcase classname="ptolemy.util.test.junit.AutoTests" name="[330] /home/travis/build/icyphy/ptII/ptolemy/actor/lib/test/auto/Select2.xml (RunModel)" time="0.008" />
  <testcase classname="ptolemy.util.test.junit.AutoTests" name="[331] /home/travis/build/icyphy/ptII/ptolemy/actor/lib/test/auto/SequenceToArray2.xml (RunModel)" time="0.165" />
  <testcase classname="ptolemy.util.test.junit.AutoTests" name="[332] /home/travis/build/icyphy/ptII/ptolemy/actor/lib/test/auto/SequentialClock.xml (RunModel)" time="0.01" />
  <testcase classname="ptolemy.util.test.junit.AutoTests" name="[333] /home/travis/build/icyphy/ptII/ptolemy/actor/lib/test/auto/SetVariable.xml (RunModel)" time="0.01" />
  <testcase classname="ptolemy.util.test.junit.AutoTests" name="[334] /home/travis/build/icyphy/ptII/ptolemy/actor/lib/test/auto/SetVariable2.xml (RunModel)" time="0.012" />
  <testcase classname="ptolemy.util.test.junit.AutoTests" name="[335] /home/travis/build/icyphy/ptII/ptolemy/actor/lib/test/auto/SetVariable3.xml (RunModel)" time="0.017" />
  <testcase classname="ptolemy.util.test.junit.AutoTests" name="[336] /home/travis/build/icyphy/ptII/ptolemy/actor/lib/test/auto/SetVariable4.xml (RunModel)" time="0.033" />
  <testcase classname="ptolemy.util.test.junit.AutoTests" name="[337] /home/travis/build/icyphy/ptII/ptolemy/actor/lib/test/auto/SetVariable5.xml (RunModel)" time="0.027" />
  <testcase classname="ptolemy.util.test.junit.AutoTests" name="[338] /home/travis/build/icyphy/ptII/ptolemy/actor/lib/test/auto/Sinewave.xml (RunModel)" time="0.027" />
  <testcase classname="ptolemy.util.test.junit.AutoTests" name="[339] /home/travis/build/icyphy/ptII/ptolemy/actor/lib/test/auto/Sinewave2.xml (RunModel)" time="0.018" />
  <testcase classname="ptolemy.util.test.junit.AutoTests" name="[340] /home/travis/build/icyphy/ptII/ptolemy/actor/lib/test/auto/Sinewave3.xml (RunModel)" time="0.027" />
  <testcase classname="ptolemy.util.test.junit.AutoTests" name="[341] /home/travis/build/icyphy/ptII/ptolemy/actor/lib/test/auto/SingleEvent.xml (RunModel)" time="0.008" />
  <testcase classname="ptolemy.util.test.junit.AutoTests" name="[342] /home/travis/build/icyphy/ptII/ptolemy/actor/lib/test/auto/Sleep.xml (RunModel)" time="6.024" />
  <testcase classname="ptolemy.util.test.junit.AutoTests" name="[343] /home/travis/build/icyphy/ptII/ptolemy/actor/lib/test/auto/SleepMultipleFire.xml (RunModel)" time="1.018" />
  <testcase classname="ptolemy.util.test.junit.AutoTests" name="[344] /home/travis/build/icyphy/ptII/ptolemy/actor/lib/test/auto/StopDE.xml (RunModel)" time="0.015" />
  <testcase classname="ptolemy.util.test.junit.AutoTests" name="[345] /home/travis/build/icyphy/ptII/ptolemy/actor/lib/test/auto/StopSDF.xml (RunModel)" time="0.013" />
  <testcase classname="ptolemy.util.test.junit.AutoTests" name="[346] /home/travis/build/icyphy/ptII/ptolemy/actor/lib/test/auto/StringConstant.xml (RunModel)" time="0.019" />
  <testcase classname="ptolemy.util.test.junit.AutoTests" name="[347] /home/travis/build/icyphy/ptII/ptolemy/actor/lib/test/auto/SubscriberPortInitialValues1.xml (RunModel)" time="0.02" />
  <testcase classname="ptolemy.util.test.junit.AutoTests" name="[348] /home/travis/build/icyphy/ptII/ptolemy/actor/lib/test/auto/SubscriberPortInitialValues13.xml (RunModel)" time="0.032" />
  <testcase classname="ptolemy.util.test.junit.AutoTests" name="[349] /home/travis/build/icyphy/ptII/ptolemy/actor/lib/test/auto/SubscriberPortInitialValues14.xml (RunModel)" time="0.017" />
  <testcase classname="ptolemy.util.test.junit.AutoTests" name="[350] /home/travis/build/icyphy/ptII/ptolemy/actor/lib/test/auto/SubscriberPortInitialValues2.xml (RunModel)" time="0.018" />
  <testcase classname="ptolemy.util.test.junit.AutoTests" name="[351] /home/travis/build/icyphy/ptII/ptolemy/actor/lib/test/auto/SubscriberPortInitialValues3.xml (RunModel)" time="0.022" />
  <testcase classname="ptolemy.util.test.junit.AutoTests" name="[352] /home/travis/build/icyphy/ptII/ptolemy/actor/lib/test/auto/SubscriptionAggregator.xml (RunModel)" time="0.012" />
  <testcase classname="ptolemy.util.test.junit.AutoTests" name="[353] /home/travis/build/icyphy/ptII/ptolemy/actor/lib/test/auto/SubscriptionAggregator2.xml (RunModel)" time="0.013" />
  <testcase classname="ptolemy.util.test.junit.AutoTests" name="[354] /home/travis/build/icyphy/ptII/ptolemy/actor/lib/test/auto/SubscriptionAggregator3.xml (RunModel)" time="0.018" />
  <testcase classname="ptolemy.util.test.junit.AutoTests" name="[355] /home/travis/build/icyphy/ptII/ptolemy/actor/lib/test/auto/SubscriptionAggregatorMultiply.xml (RunModel)" time="0.016" />
  <testcase classname="ptolemy.util.test.junit.AutoTests" name="[356] /home/travis/build/icyphy/ptII/ptolemy/actor/lib/test/auto/SubscriptionAggregatorPortMultiply1.xml (RunModel)" time="0.014" />
  <testcase classname="ptolemy.util.test.junit.AutoTests" name="[357] /home/travis/build/icyphy/ptII/ptolemy/actor/lib/test/auto/Switch.xml (RunModel)" time="0.018" />
  <testcase classname="ptolemy.util.test.junit.AutoTests" name="[358] /home/travis/build/icyphy/ptII/ptolemy/actor/lib/test/auto/Switch2.xml (RunModel)" time="0.015" />
  <testcase classname="ptolemy.util.test.junit.AutoTests" name="[359] /home/travis/build/icyphy/ptII/ptolemy/actor/lib/test/auto/SwitchDE.xml (RunModel)" time="0.017" />
  <testcase classname="ptolemy.util.test.junit.AutoTests" name="[360] /home/travis/build/icyphy/ptII/ptolemy/actor/lib/test/auto/SynchronizerDE.xml (RunModel)" time="0.023" />
  <testcase classname="ptolemy.util.test.junit.AutoTests" name="[361] /home/travis/build/icyphy/ptII/ptolemy/actor/lib/test/auto/Test.xml (RunModel)" time="0.018" />
  <testcase classname="ptolemy.util.test.junit.AutoTests" name="[362] /home/travis/build/icyphy/ptII/ptolemy/actor/lib/test/auto/TestExceptionAttribute1.xml (RunModel)" time="0.008" />
  <testcase classname="ptolemy.util.test.junit.AutoTests" name="[363] /home/travis/build/icyphy/ptII/ptolemy/actor/lib/test/auto/TestExceptionAttribute2.xml (RunModel)" time="0.013" />
  <testcase classname="ptolemy.util.test.junit.AutoTests" name="[364] /home/travis/build/icyphy/ptII/ptolemy/actor/lib/test/auto/TestExceptionAttribute3.xml (RunModel)" time="0.008" />
  <testcase classname="ptolemy.util.test.junit.AutoTests" name="[365] /home/travis/build/icyphy/ptII/ptolemy/actor/lib/test/auto/TestExceptionAttribute4.xml (RunModel)" time="0.009" />
  <testcase classname="ptolemy.util.test.junit.AutoTests" name="[366] /home/travis/build/icyphy/ptII/ptolemy/actor/lib/test/auto/TestExceptionHandler1.xml (RunModel)" time="0.01" />
  <testcase classname="ptolemy.util.test.junit.AutoTests" name="[367] /home/travis/build/icyphy/ptII/ptolemy/actor/lib/test/auto/TestExceptionHandler2.xml (RunModel)" time="0.018" />
  <testcase classname="ptolemy.util.test.junit.AutoTests" name="[368] /home/travis/build/icyphy/ptII/ptolemy/actor/lib/test/auto/TestExceptionHandler3.xml (RunModel)" time="0.006" />
  <testcase classname="ptolemy.util.test.junit.AutoTests" name="[369] /home/travis/build/icyphy/ptII/ptolemy/actor/lib/test/auto/TestExceptionHandler4.xml (RunModel)" time="0.006" />
  <testcase classname="ptolemy.util.test.junit.AutoTests" name="[370] /home/travis/build/icyphy/ptII/ptolemy/actor/lib/test/auto/TestRequireCorrectOrder.xml (RunModel)" time="0.011" />
  <testcase classname="ptolemy.util.test.junit.AutoTests" name="[371] /home/travis/build/icyphy/ptII/ptolemy/actor/lib/test/auto/TestSimple.xml (RunModel)" time="0.011" />
  <testcase classname="ptolemy.util.test.junit.AutoTests" name="[372] /home/travis/build/icyphy/ptII/ptolemy/actor/lib/test/auto/ThrowModelError.xml (RunModel)" time="0.011" />
  <testcase classname="ptolemy.util.test.junit.AutoTests" name="[373] /home/travis/build/icyphy/ptII/ptolemy/actor/lib/test/auto/TimeDelayMicrosteps.xml (RunModel)" time="0.014" />
  <testcase classname="ptolemy.util.test.junit.AutoTests" name="[374] /home/travis/build/icyphy/ptII/ptolemy/actor/lib/test/auto/TimeDelayMicrosteps2.xml (RunModel)" time="0.015" />
  <testcase classname="ptolemy.util.test.junit.AutoTests" name="[375] /home/travis/build/icyphy/ptII/ptolemy/actor/lib/test/auto/TimeDelayMicrosteps3.xml (RunModel)" time="0.013" />
  <testcase classname="ptolemy.util.test.junit.AutoTests" name="[376] /home/travis/build/icyphy/ptII/ptolemy/actor/lib/test/auto/TimeDelayVariableMicrosteps.xml (RunModel)" time="0.013" />
  <testcase classname="ptolemy.util.test.junit.AutoTests" name="[377] /home/travis/build/icyphy/ptII/ptolemy/actor/lib/test/auto/TimeGap.xml (RunModel)" time="0.017" />
  <testcase classname="ptolemy.util.test.junit.AutoTests" name="[378] /home/travis/build/icyphy/ptII/ptolemy/actor/lib/test/auto/TimeGap2.xml (RunModel)" time="0.011" />
  <testcase classname="ptolemy.util.test.junit.AutoTests" name="[379] /home/travis/build/icyphy/ptII/ptolemy/actor/lib/test/auto/TimedSinewave.xml (RunModel)" time="0.06" />
  <testcase classname="ptolemy.util.test.junit.AutoTests" name="[380] /home/travis/build/icyphy/ptII/ptolemy/actor/lib/test/auto/TimedSinewavePhase.xml (RunModel)" time="0.088" />
  <testcase classname="ptolemy.util.test.junit.AutoTests" name="[381] /home/travis/build/icyphy/ptII/ptolemy/actor/lib/test/auto/Timer.xml (RunModel)" time="0.021" />
  <testcase classname="ptolemy.util.test.junit.AutoTests" name="[382] /home/travis/build/icyphy/ptII/ptolemy/actor/lib/test/auto/TriangularDistTestModel.xml (RunModel)" time="0.015" />
  <testcase classname="ptolemy.util.test.junit.AutoTests" name="[383] /home/travis/build/icyphy/ptII/ptolemy/actor/lib/test/auto/TrigFunction.xml (RunModel)" time="0.009" />
  <testcase classname="ptolemy.util.test.junit.AutoTests" name="[384] /home/travis/build/icyphy/ptII/ptolemy/actor/lib/test/auto/TrigFunctionDE.xml (RunModel)" time="0.011" />
  <testcase classname="ptolemy.util.test.junit.AutoTests" name="[385] /home/travis/build/icyphy/ptII/ptolemy/actor/lib/test/auto/TrigFunctionInverse.xml (RunModel)" time="0.009" />
  <testcase classname="ptolemy.util.test.junit.AutoTests" name="[386] /home/travis/build/icyphy/ptII/ptolemy/actor/lib/test/auto/TrigFunctionTan.xml (RunModel)" time="0.007" />
  <testcase classname="ptolemy.util.test.junit.AutoTests" name="[387] /home/travis/build/icyphy/ptII/ptolemy/actor/lib/test/auto/TriggeredClock.xml (RunModel)" time="0.008" />
  <testcase classname="ptolemy.util.test.junit.AutoTests" name="[388] /home/travis/build/icyphy/ptII/ptolemy/actor/lib/test/auto/URLDirectoryReader.xml (RunModel)" time="0.112" />
  <testcase classname="ptolemy.util.test.junit.AutoTests" name="[389] /home/travis/build/icyphy/ptII/ptolemy/actor/lib/test/auto/URLDirectoryReader3.xml (RunModel)" time="1.423" />
  <testcase classname="ptolemy.util.test.junit.AutoTests" name="[390] /home/travis/build/icyphy/ptII/ptolemy/actor/lib/test/auto/UnaryMathFunction.xml (RunModel)" time="0.053" />
  <testcase classname="ptolemy.util.test.junit.AutoTests" name="[391] /home/travis/build/icyphy/ptII/ptolemy/actor/lib/test/auto/Uniform.xml (RunModel)" time="0.019" />
  <testcase classname="ptolemy.util.test.junit.AutoTests" name="[392] /home/travis/build/icyphy/ptII/ptolemy/actor/lib/test/auto/UnionDisassemblerTest.xml (RunModel)" time="0.019" />
  <testcase classname="ptolemy.util.test.junit.AutoTests" name="[393] /home/travis/build/icyphy/ptII/ptolemy/actor/lib/test/auto/UtilityFunctions.xml (RunModel)" time="0.008" />
  <testcase classname="ptolemy.util.test.junit.AutoTests" name="[394] /home/travis/build/icyphy/ptII/ptolemy/actor/lib/test/auto/VariableSleep.xml (RunModel)" time="0.519" />
  <testcase classname="ptolemy.util.test.junit.AutoTests" name="[395] /home/travis/build/icyphy/ptII/ptolemy/actor/lib/test/auto/VectorAssemblerDisassemblerCT.xml (RunModel)" time="0.112" />
  <testcase classname="ptolemy.util.test.junit.AutoTests" name="[396] /home/travis/build/icyphy/ptII/ptolemy/actor/lib/test/auto/VectorAssemblerDisassemblerDE.xml (RunModel)" time="0.013" />
  <testcase classname="ptolemy.util.test.junit.AutoTests" name="[397] /home/travis/build/icyphy/ptII/ptolemy/actor/lib/test/auto/VectorAssemblerDisassemblerSDF.xml (RunModel)" time="0.013" />
  <testcase classname="ptolemy.util.test.junit.AutoTests" name="[398] /home/travis/build/icyphy/ptII/ptolemy/actor/lib/test/auto/WallClockTime.xml (RunModel)" time="1.014" />
  <testcase classname="ptolemy.util.test.junit.AutoTests" name="[399] /home/travis/build/icyphy/ptII/ptolemy/actor/lib/test/auto/WidthTestWithSubscriberPublisher.xml (RunModel)" time="0.041" />
  <testcase classname="ptolemy.util.test.junit.AutoTests" name="[400] /home/travis/build/icyphy/ptII/ptolemy/actor/lib/test/auto/WidthTestWithSubscriberPublisher2.xml (RunModel)" time="0.016" />
  <testcase classname="ptolemy.util.test.junit.AutoTests" name="[401] /home/travis/build/icyphy/ptII/ptolemy/actor/lib/test/auto/WidthTestWithSubscriberPublisher3.xml (RunModel)" time="0.011" />
  <testcase classname="ptolemy.util.test.junit.AutoTests" name="[402] /home/travis/build/icyphy/ptII/ptolemy/actor/lib/test/auto/Writer.xml (RunModel)" time="0.008" />
  <testcase classname="ptolemy.util.test.junit.AutoTests" name="[403] /home/travis/build/icyphy/ptII/ptolemy/actor/lib/test/auto/array.xml (RunModel)" time="0.009" />
  <testcase classname="ptolemy.util.test.junit.AutoTests" name="[404] /home/travis/build/icyphy/ptII/ptolemy/actor/lib/test/auto/array2.xml (RunModel)" time="0.014" />
  <testcase classname="ptolemy.util.test.junit.AutoTests" name="[405] /home/travis/build/icyphy/ptII/ptolemy/actor/lib/test/auto/arrayType.xml (RunModel)" time="0.012" />
  <testcase classname="ptolemy.util.test.junit.AutoTests" name="[406] /home/travis/build/icyphy/ptII/ptolemy/actor/lib/test/auto/arrayType10.xml (RunModel)" time="0.008" />
  <testcase classname="ptolemy.util.test.junit.AutoTests" name="[407] /home/travis/build/icyphy/ptII/ptolemy/actor/lib/test/auto/arrayType11.xml (RunModel)" time="0.009" />
  <testcase classname="ptolemy.util.test.junit.AutoTests" name="[408] /home/travis/build/icyphy/ptII/ptolemy/actor/lib/test/auto/arrayType12.xml (RunModel)" time="0.009" />
  <testcase classname="ptolemy.util.test.junit.AutoTests" name="[409] /home/travis/build/icyphy/ptII/ptolemy/actor/lib/test/auto/arrayType13.xml (RunModel)" time="0.009" />
  <testcase classname="ptolemy.util.test.junit.AutoTests" name="[410] /home/travis/build/icyphy/ptII/ptolemy/actor/lib/test/auto/arrayType14.xml (RunModel)" time="0.012" />
  <testcase classname="ptolemy.util.test.junit.AutoTests" name="[411] /home/travis/build/icyphy/ptII/ptolemy/actor/lib/test/auto/arrayType15.xml (RunModel)" time="0.009" />
  <testcase classname="ptolemy.util.test.junit.AutoTests" name="[412] /home/travis/build/icyphy/ptII/ptolemy/actor/lib/test/auto/arrayType16.xml (RunModel)" time="0.01" />
  <testcase classname="ptolemy.util.test.junit.AutoTests" name="[413] /home/travis/build/icyphy/ptII/ptolemy/actor/lib/test/auto/arrayType17.xml (RunModel)" time="0.011" />
  <testcase classname="ptolemy.util.test.junit.AutoTests" name="[414] /home/travis/build/icyphy/ptII/ptolemy/actor/lib/test/auto/arrayType18.xml (RunModel)" time="0.009" />
  <testcase classname="ptolemy.util.test.junit.AutoTests" name="[415] /home/travis/build/icyphy/ptII/ptolemy/actor/lib/test/auto/arrayType19.xml (RunModel)" time="0.008" />
  <testcase classname="ptolemy.util.test.junit.AutoTests" name="[416] /home/travis/build/icyphy/ptII/ptolemy/actor/lib/test/auto/arrayType2.xml (RunModel)" time="0.009" />
  <testcase classname="ptolemy.util.test.junit.AutoTests" name="[417] /home/travis/build/icyphy/ptII/ptolemy/actor/lib/test/auto/arrayType20.xml (RunModel)" time="0.009" />
  <testcase classname="ptolemy.util.test.junit.AutoTests" name="[418] /home/travis/build/icyphy/ptII/ptolemy/actor/lib/test/auto/arrayType21.xml (RunModel)" time="0.009" />
  <testcase classname="ptolemy.util.test.junit.AutoTests" name="[419] /home/travis/build/icyphy/ptII/ptolemy/actor/lib/test/auto/arrayType22.xml (RunModel)" time="0.008" />
  <testcase classname="ptolemy.util.test.junit.AutoTests" name="[420] /home/travis/build/icyphy/ptII/ptolemy/actor/lib/test/auto/arrayType23.xml (RunModel)" time="0.008" />
  <testcase classname="ptolemy.util.test.junit.AutoTests" name="[421] /home/travis/build/icyphy/ptII/ptolemy/actor/lib/test/auto/arrayType24.xml (RunModel)" time="0.01" />
  <testcase classname="ptolemy.util.test.junit.AutoTests" name="[422] /home/travis/build/icyphy/ptII/ptolemy/actor/lib/test/auto/arrayType25.xml (RunModel)" time="0.009" />
  <testcase classname="ptolemy.util.test.junit.AutoTests" name="[423] /home/travis/build/icyphy/ptII/ptolemy/actor/lib/test/auto/arrayType26.xml (RunModel)" time="0.009" />
  <testcase classname="ptolemy.util.test.junit.AutoTests" name="[424] /home/travis/build/icyphy/ptII/ptolemy/actor/lib/test/auto/arrayType27.xml (RunModel)" time="0.009" />
  <testcase classname="ptolemy.util.test.junit.AutoTests" name="[425] /home/travis/build/icyphy/ptII/ptolemy/actor/lib/test/auto/arrayType28.xml (RunModel)" time="0.01" />
  <testcase classname="ptolemy.util.test.junit.AutoTests" name="[426] /home/travis/build/icyphy/ptII/ptolemy/actor/lib/test/auto/arrayType3.xml (RunModel)" time="0.009" />
  <testcase classname="ptolemy.util.test.junit.AutoTests" name="[427] /home/travis/build/icyphy/ptII/ptolemy/actor/lib/test/auto/arrayType4.xml (RunModel)" time="0.011" />
  <testcase classname="ptolemy.util.test.junit.AutoTests" name="[428] /home/travis/build/icyphy/ptII/ptolemy/actor/lib/test/auto/arrayType5.xml (RunModel)" time="0.009" />
  <testcase classname="ptolemy.util.test.junit.AutoTests" name="[429] /home/travis/build/icyphy/ptII/ptolemy/actor/lib/test/auto/arrayType6.xml (RunModel)" time="0.009" />
  <testcase classname="ptolemy.util.test.junit.AutoTests" name="[430] /home/travis/build/icyphy/ptII/ptolemy/actor/lib/test/auto/arrayType7.xml (RunModel)" time="0.009" />
  <testcase classname="ptolemy.util.test.junit.AutoTests" name="[431] /home/travis/build/icyphy/ptII/ptolemy/actor/lib/test/auto/arrayType8.xml (RunModel)" time="0.015" />
  <testcase classname="ptolemy.util.test.junit.AutoTests" name="[432] /home/travis/build/icyphy/ptII/ptolemy/actor/lib/test/auto/arrayType9.xml (RunModel)" time="0.009" />
  <testcase classname="ptolemy.util.test.junit.AutoTests" name="[433] /home/travis/build/icyphy/ptII/ptolemy/actor/lib/test/auto/cast.xml (RunModel)" time="0.009" />
  <testcase classname="ptolemy.util.test.junit.AutoTests" name="[434] /home/travis/build/icyphy/ptII/ptolemy/actor/lib/test/auto/compositeMultiPort.xml (RunModel)" time="0.019" />
  <testcase classname="ptolemy.util.test.junit.AutoTests" name="[435] /home/travis/build/icyphy/ptII/ptolemy/actor/lib/test/auto/expressionCastInference.xml (RunModel)" time="0.021" />
  <testcase classname="ptolemy.util.test.junit.AutoTests" name="[436] /home/travis/build/icyphy/ptII/ptolemy/actor/lib/test/auto/expressionCastInference2.xml (RunModel)" time="0.011" />
  <testcase classname="ptolemy.util.test.junit.AutoTests" name="[437] /home/travis/build/icyphy/ptII/ptolemy/actor/lib/test/auto/expressionInference.xml (RunModel)" time="0.007" />
  <testcase classname="ptolemy.util.test.junit.AutoTests" name="[438] /home/travis/build/icyphy/ptII/ptolemy/actor/lib/test/auto/expression_bug.xml (RunModel)" time="0.008" />
  <testcase classname="ptolemy.util.test.junit.AutoTests" name="[439] /home/travis/build/icyphy/ptII/ptolemy/actor/lib/test/auto/factorial.xml (RunModel)" time="0.066" />
  <testcase classname="ptolemy.util.test.junit.AutoTests" name="[440] /home/travis/build/icyphy/ptII/ptolemy/actor/lib/test/auto/filterTest1.xml (RunModel)" time="0.013" />
  <testcase classname="ptolemy.util.test.junit.AutoTests" name="[441] /home/travis/build/icyphy/ptII/ptolemy/actor/lib/test/auto/funcApplyInConst.xml (RunModel)" time="0.006" />
  <testcase classname="ptolemy.util.test.junit.AutoTests" name="[442] /home/travis/build/icyphy/ptII/ptolemy/actor/lib/test/auto/funcApplyInExpr.xml (RunModel)" time="0.006" />
  <testcase classname="ptolemy.util.test.junit.AutoTests" name="[443] /home/travis/build/icyphy/ptII/ptolemy/actor/lib/test/auto/function.xml (RunModel)" time="0.011" />
  <testcase classname="ptolemy.util.test.junit.AutoTests" name="[444] /home/travis/build/icyphy/ptII/ptolemy/actor/lib/test/auto/function2.xml (RunModel)" time="0.009" />
  <testcase classname="ptolemy.util.test.junit.AutoTests" name="[445] /home/travis/build/icyphy/ptII/ptolemy/actor/lib/test/auto/function3.xml (RunModel)" time="0.008" />
  <testcase classname="ptolemy.util.test.junit.AutoTests" name="[446] /home/travis/build/icyphy/ptII/ptolemy/actor/lib/test/auto/functionClosureTest1.xml (RunModel)" time="0.095" />
  <testcase classname="ptolemy.util.test.junit.AutoTests" name="[447] /home/travis/build/icyphy/ptII/ptolemy/actor/lib/test/auto/functionClosureTest2.xml (RunModel)" time="0.035" />
  <testcase classname="ptolemy.util.test.junit.AutoTests" name="[448] /home/travis/build/icyphy/ptII/ptolemy/actor/lib/test/auto/functionClosureTest3.xml (RunModel)" time="0.048" />
  <testcase classname="ptolemy.util.test.junit.AutoTests" name="[449] /home/travis/build/icyphy/ptII/ptolemy/actor/lib/test/auto/functionClosureTest4.xml (RunModel)" time="0.046" />
  <testcase classname="ptolemy.util.test.junit.AutoTests" name="[450] /home/travis/build/icyphy/ptII/ptolemy/actor/lib/test/auto/functionClosureTest5.xml (RunModel)" time="0.057" />
  <testcase classname="ptolemy.util.test.junit.AutoTests" name="[451] /home/travis/build/icyphy/ptII/ptolemy/actor/lib/test/auto/functionClosureTest6.xml (RunModel)" time="0.03" />
  <testcase classname="ptolemy.util.test.junit.AutoTests" name="[452] /home/travis/build/icyphy/ptII/ptolemy/actor/lib/test/auto/functionsOnArcs.xml (RunModel)" time="0.035" />
  <testcase classname="ptolemy.util.test.junit.AutoTests" name="[453] /home/travis/build/icyphy/ptII/ptolemy/actor/lib/test/auto/functionsOnArcsHOF.xml (RunModel)" time="0.032" />
  <testcase classname="ptolemy.util.test.junit.AutoTests" name="[454] /home/travis/build/icyphy/ptII/ptolemy/actor/lib/test/auto/logic.xml (RunModel)" time="0.019" />
  <testcase classname="ptolemy.util.test.junit.AutoTests" name="[455] /home/travis/build/icyphy/ptII/ptolemy/actor/lib/test/auto/matrixType.xml (RunModel)" time="0.01" />
  <testcase classname="ptolemy.util.test.junit.AutoTests" name="[456] /home/travis/build/icyphy/ptII/ptolemy/actor/lib/test/auto/matrixType10.xml (RunModel)" time="0.01" />
  <testcase classname="ptolemy.util.test.junit.AutoTests" name="[457] /home/travis/build/icyphy/ptII/ptolemy/actor/lib/test/auto/matrixType11.xml (RunModel)" time="0.009" />
  <testcase classname="ptolemy.util.test.junit.AutoTests" name="[458] /home/travis/build/icyphy/ptII/ptolemy/actor/lib/test/auto/matrixType12.xml (RunModel)" time="0.011" />
  <testcase classname="ptolemy.util.test.junit.AutoTests" name="[459] /home/travis/build/icyphy/ptII/ptolemy/actor/lib/test/auto/matrixType13.xml (RunModel)" time="0.009" />
  <testcase classname="ptolemy.util.test.junit.AutoTests" name="[460] /home/travis/build/icyphy/ptII/ptolemy/actor/lib/test/auto/matrixType14.xml (RunModel)" time="0.011" />
  <testcase classname="ptolemy.util.test.junit.AutoTests" name="[461] /home/travis/build/icyphy/ptII/ptolemy/actor/lib/test/auto/matrixType2.xml (RunModel)" time="0.01" />
  <testcase classname="ptolemy.util.test.junit.AutoTests" name="[462] /home/travis/build/icyphy/ptII/ptolemy/actor/lib/test/auto/matrixType3.xml (RunModel)" time="0.011" />
  <testcase classname="ptolemy.util.test.junit.AutoTests" name="[463] /home/travis/build/icyphy/ptII/ptolemy/actor/lib/test/auto/matrixType4.xml (RunModel)" time="0.008" />
  <testcase classname="ptolemy.util.test.junit.AutoTests" name="[464] /home/travis/build/icyphy/ptII/ptolemy/actor/lib/test/auto/matrixType5.xml (RunModel)" time="0.011" />
  <testcase classname="ptolemy.util.test.junit.AutoTests" name="[465] /home/travis/build/icyphy/ptII/ptolemy/actor/lib/test/auto/matrixType6.xml (RunModel)" time="0.008" />
  <testcase classname="ptolemy.util.test.junit.AutoTests" name="[466] /home/travis/build/icyphy/ptII/ptolemy/actor/lib/test/auto/matrixType7.xml (RunModel)" time="0.009" />
  <testcase classname="ptolemy.util.test.junit.AutoTests" name="[467] /home/travis/build/icyphy/ptII/ptolemy/actor/lib/test/auto/matrixType8.xml (RunModel)" time="0.009" />
  <testcase classname="ptolemy.util.test.junit.AutoTests" name="[468] /home/travis/build/icyphy/ptII/ptolemy/actor/lib/test/auto/matrixType9.xml (RunModel)" time="0.009" />
  <testcase classname="ptolemy.util.test.junit.AutoTests" name="[469] /home/travis/build/icyphy/ptII/ptolemy/actor/lib/test/auto/paraFunctest.xml (RunModel)" time="0.008" />
  <testcase classname="ptolemy.util.test.junit.AutoTests" name="[470] /home/travis/build/icyphy/ptII/ptolemy/actor/lib/test/auto/paraFunctest2.xml (RunModel)" time="0.01" />
  <testcase classname="ptolemy.util.test.junit.AutoTests" name="[471] /home/travis/build/icyphy/ptII/ptolemy/actor/lib/test/auto/parameterPassing.xml (RunModel)" time="0.008" />
  <testcase classname="ptolemy.util.test.junit.AutoTests" name="[472] /home/travis/build/icyphy/ptII/ptolemy/actor/lib/test/auto/record.xml (RunModel)" time="0.009" />
  <testcase classname="ptolemy.util.test.junit.AutoTests" name="[473] /home/travis/build/icyphy/ptII/ptolemy/actor/lib/test/auto/sizedarray1.xml (RunModel)" time="0.011" />
  <testcase classname="ptolemy.util.test.junit.AutoTests" name="[474] /home/travis/build/icyphy/ptII/ptolemy/actor/lib/test/auto/sizedarray2.xml (RunModel)" time="0.011" />
  <testcase classname="ptolemy.util.test.junit.AutoTests" name="[475] /home/travis/build/icyphy/ptII/ptolemy/actor/lib/test/auto/twoPublishers.xml (RunModel)" time="0.035" />
  <system-out><![CDATA[/home/travis/build/icyphy/ptII/ptolemy/actor/lib/test/AbsoluteValue.tcl
testDefs.tcl: setting time out to 9000 seconds at Fri Jun 21 10:44:09 UTC 2019
109 ms. Memory: 120832K Free: 100356K (83%)
6 ms. Memory: 120832K Free: 98286K (81%)
5 ms. Memory: 120832K Free: 97549K (81%)
14 ms. Memory: 120832K Free: 96840K (80%)
/home/travis/build/icyphy/ptII/ptolemy/actor/lib/test/AddSubtract.tcl
28 ms. Memory: 120832K Free: 107425K (89%)
15 ms. Memory: 120832K Free: 106826K (88%)
6 ms. Memory: 120832K Free: 105964K (88%)
7 ms. Memory: 120832K Free: 105347K (87%)
43 ms. Memory: 120832K Free: 102305K (85%)
6 ms. Memory: 120832K Free: 101706K (84%)
/home/travis/build/icyphy/ptII/ptolemy/actor/lib/test/Average.tcl
16 ms. Memory: 120832K Free: 99818K (83%)
10 ms. Memory: 120832K Free: 98772K (82%)
/home/travis/build/icyphy/ptII/ptolemy/actor/lib/test/Bernoulli.tcl
5 ms. Memory: 120832K Free: 97155K (80%)
2 ms. Memory: 120832K Free: 96724K (80%)
/home/travis/build/icyphy/ptII/ptolemy/actor/lib/test/Clock.tcl
preinitializing
resolving types
initializing
executing number 1
wrapping up
idle
38 ms. Memory: 120832K Free: 94113K (78%)
Completed execution with 5 iterations
preinitializing
resolving types
initializing
executing number 1
wrapping up
idle
10 ms. Memory: 120832K Free: 93067K (77%)
Completed execution with 5 iterations
preinitializing
resolving types
initializing
executing number 1
wrapping up
idle
4 ms. Memory: 120832K Free: 92628K (77%)
Completed execution with 5 iterations
/home/travis/build/icyphy/ptII/ptolemy/actor/lib/test/Commutator.tcl
15 ms. Memory: 120832K Free: 90596K (75%)
14 ms. Memory: 120832K Free: 89594K (74%)


==== $PTII/ptolemy/actor/lib/test/Commutator.tcl: Commutator-4.1 run with mutations
==== Contents of test case:

    # Grab stdout and put it into results
    jdkCapture {
	$m addChangeListener  [java::new ptolemy.kernel.util.StreamChangeListener]

	set dir [$e0 getDirector]
	#	$dir addDebugListener  #		[java::new ptolemy.kernel.util.StreamListener]
	$m initialize
	$m iterate
	set c1 [java::new ptolemy.moml.MoMLChangeRequest $e0 $e0  {<deleteEntity name="ramp1"/>}]
	set c2 [java::new ptolemy.moml.MoMLChangeRequest $e0 $e0  {<deleteRelation name="r1"/>}]
	$e0 requestChange $c1
	$e0 requestChange $c2
	$m iterate
	$m wrapup
    } results
    # The MoML within <group> ...</group> comes 
    # from SDFScheduler._setBufferSize
    list $results  [enumToTokenValues [$rec getRecord 0]]

==== Result was:
{} {0 0 1}
---- Result should have been:
{StreamChangeRequest.changeExecuted(): <deleteEntity name="ramp1"/> succeeded
StreamChangeRequest.changeExecuted(): <deleteRelation name="r1"/> succeeded
StreamChangeRequest.changeExecuted(): Record firings per iteration succeeded
} {0 0 1}
---- Commutator-4.1 FAILED
19 ms. Memory: 162816K Free: 146571K (90%)
/home/travis/build/icyphy/ptII/ptolemy/actor/lib/test/Const.tcl
14 ms. Memory: 162816K Free: 144499K (89%)
4 ms. Memory: 162816K Free: 144019K (88%)
8 ms. Memory: 162816K Free: 143499K (88%)
5 ms. Memory: 162816K Free: 142995K (88%)
5 ms. Memory: 162816K Free: 141971K (87%)
19 ms. Memory: 162816K Free: 140419K (86%)
5 ms. Memory: 162816K Free: 139403K (86%)
11 ms. Memory: 162816K Free: 138899K (85%)
/home/travis/build/icyphy/ptII/ptolemy/actor/lib/test/CurrentTime.tcl
preinitializing
resolving types
initializing
executing number 1
wrapping up
idle
9 ms. Memory: 162816K Free: 136851K (84%)
Completed execution with 11 iterations
/home/travis/build/icyphy/ptII/ptolemy/actor/lib/test/DB.tcl
5 ms. Memory: 162816K Free: 135299K (83%)
2 ms. Memory: 162816K Free: 134289K (82%)
2 ms. Memory: 162816K Free: 134289K (82%)
/home/travis/build/icyphy/ptII/ptolemy/actor/lib/test/DiscreteRandomSource.tcl
preinitializing
resolving types
initializing
executing number 1
wrapping up
idle
5 ms. Memory: 162816K Free: 132755K (82%)
Completed execution with 4 iterations
preinitializing
resolving types
initializing
executing number 1
wrapping up
idle
3 ms. Memory: 162816K Free: 132227K (81%)
Completed execution with 4 iterations
preinitializing
resolving types
initializing
executing number 1
wrapping up
idle
3 ms. Memory: 162816K Free: 131731K (81%)
Completed execution with 4 iterations
preinitializing
resolving types
initializing
executing number 1
wrapping up
idle
2 ms. Memory: 162816K Free: 131211K (81%)
Completed execution with 4 iterations
preinitializing
resolving types
initializing
executing number 1
wrapping up
idle
3 ms. Memory: 162816K Free: 130707K (80%)
Completed execution with 4 iterations
/home/travis/build/icyphy/ptII/ptolemy/actor/lib/test/Distributor.tcl
7 ms. Memory: 162816K Free: 129155K (79%)
15 ms. Memory: 162816K Free: 128659K (79%)
StreamChangeRequest.changeExecuted(): <deleteEntity name="rec2"/> succeeded
StreamChangeRequest.changeExecuted(): <deleteRelation name="r2"/> succeeded
StreamChangeRequest.changeExecuted(): Record firings per iteration succeeded
9 ms. Memory: 162816K Free: 126091K (77%)
/home/travis/build/icyphy/ptII/ptolemy/actor/lib/test/Exit.tcl
Exit.tcl: this will print a message about Manager.exitAfterWrapup, which can be ignored.
7 ms. Memory: 162816K Free: 122779K (75%)
/home/travis/build/icyphy/ptII/ptolemy/actor/lib/test/Expression.tcl
21 ms. Memory: 162816K Free: 119443K (73%)
7 ms. Memory: 162816K Free: 118419K (73%)
4 ms. Memory: 162816K Free: 117905K (72%)
preinitializing
resolving types
initializing
executing number 1
wrapping up
idle
14 ms. Memory: 162816K Free: 116371K (71%)
Completed execution with 6 iterations
13 ms. Memory: 162816K Free: 114827K (71%)
4 ms. Memory: 162816K Free: 114323K (70%)
12 ms. Memory: 162816K Free: 112771K (69%)
16 ms. Memory: 162816K Free: 148214K (91%)
9 ms. Memory: 162816K Free: 146780K (90%)
/home/travis/build/icyphy/ptII/ptolemy/actor/lib/test/Gaussian.tcl
9 ms. Memory: 162816K Free: 145228K (89%)
sleeping 1 seconds: ........................................................................................................................................................................................................................................................................................................................................................................................................................................................................................................................................................................................................................................................................................................................................................................................................................................................................................................................................................................................................................................................................................................................................................................................................................................................................................................................................................................................................................................................................................................................................................................................................................................................................................................................................................................................................................................................................................................................................................................................................................................................................................................................................................................................................................................................................................................................................................................................................................................................................................................................................................................................................................................................................................................................................................................................................................................................................................................................................................................................................................................................................................................................................................................................................................................................................................................................................................................................................................................................................................................................................................................................................................................................................................................................................................................................................................................................................................................................................................................................................................................................................................................................................................................................................................................................................................................................................................................................................................................................................................................................................................................................................................................................................................................................................................................................................................................................................................................................................................................................................................................................................................................................................................................................................................................................................................................................................................................................................................................................................................................................................................................................................................................................................................................................................................................................................................................................................................................................................................................................................................................................................................................................................................................................................................................................................................................................................................................................................................................................................................................................................................................................................................................................................................................................................................................................................................................................................................................................................................................................................................................................................................................................................................................................................................................................................................................................................................................................................................................................................................................................................................................................................................................................................................................................................................................................................................................................................................................................................................................................................................................................................................................................................................................................................................................................................................................................................................2 ms. Memory: 162816K Free: 110940K (68%)
11 ms. Memory: 162816K Free: 109916K (68%)
2 ms. Memory: 162816K Free: 109388K (67%)
2 ms. Memory: 162816K Free: 108892K (67%)
2 ms. Memory: 162816K Free: 108348K (67%)
/home/travis/build/icyphy/ptII/ptolemy/actor/lib/test/IIR.tcl
/home/travis/build/icyphy/ptII/ptolemy/actor/lib/test/Interpolator.tcl
4 ms. Memory: 162816K Free: 104282K (64%)
2 ms. Memory: 162816K Free: 103772K (64%)
3 ms. Memory: 162816K Free: 103228K (63%)
4 ms. Memory: 162816K Free: 102748K (63%)
3 ms. Memory: 162816K Free: 101724K (62%)
10 ms. Memory: 162816K Free: 101196K (62%)
3 ms. Memory: 162816K Free: 100172K (62%)
2 ms. Memory: 162816K Free: 99148K (61%)
3 ms. Memory: 162816K Free: 98652K (61%)
8 ms. Memory: 162816K Free: 97628K (60%)
/home/travis/build/icyphy/ptII/ptolemy/actor/lib/test/MathFunction.tcl
12 ms. Memory: 162816K Free: 95580K (59%)
7 ms. Memory: 162816K Free: 94556K (58%)
2 ms. Memory: 162816K Free: 93532K (57%)
2 ms. Memory: 162816K Free: 92508K (57%)
4 ms. Memory: 162816K Free: 90940K (56%)
6 ms. Memory: 162816K Free: 89436K (55%)
/home/travis/build/icyphy/ptII/ptolemy/actor/lib/test/Maximum.tcl
5 ms. Memory: 162816K Free: 87388K (54%)
3 ms. Memory: 162816K Free: 86860K (53%)
5 ms. Memory: 162816K Free: 85836K (53%)
3 ms. Memory: 162816K Free: 85340K (52%)
/home/travis/build/icyphy/ptII/ptolemy/actor/lib/test/Minimum.tcl
7 ms. Memory: 162816K Free: 83802K (51%)
3 ms. Memory: 162816K Free: 83290K (51%)
2 ms. Memory: 162816K Free: 82268K (51%)
4 ms. Memory: 162816K Free: 81754K (50%)
/home/travis/build/icyphy/ptII/ptolemy/actor/lib/test/MultiplyDivide.tcl
11 ms. Memory: 162816K Free: 79692K (49%)
3 ms. Memory: 162816K Free: 79196K (49%)
3 ms. Memory: 162816K Free: 78172K (48%)
3 ms. Memory: 162816K Free: 77644K (48%)
2 ms. Memory: 162816K Free: 77148K (47%)
/home/travis/build/icyphy/ptII/ptolemy/actor/lib/test/OrderedMerge.tcl
Connections changed on port: inputA
Connections changed on port: inputB
Connections changed on port: output
Connections changed on port: output
Connections changed on port: output
Connections changed on port: input
.top. Preinitializing ...
Invoking preinitialize():  .top.OrderedMerge
Called preinitialize()
Invoking preinitialize():  .top.Ramp
Called preinitialize()
Invoking preinitialize():  .top.Ramp2
Called preinitialize()
Invoking preinitialize():  .top.Test
Called preinitialize()
Connections changed on port: inputA
Connections changed on port: output
Connections changed on port: output
Connections changed on port: input
Connections changed on port: inputB
Connections changed on port: output
.top. Finished preinitialize().
Called initialize().
Invoking initialize():  .top.OrderedMerge
Initializing actor: .top.OrderedMerge
Adding a thread: .top.OrderedMerge
Invoking initialize():  .top.Ramp
Initializing actor: .top.Ramp
Adding a thread: .top.Ramp
Invoking initialize():  .top.Ramp2
Initializing actor: .top.Ramp2
Adding a thread: .top.Ramp2
Invoking initialize():  .top.Test
Initializing actor: .top.Test
Adding a thread: .top.Test
Called fire().
Checking for deadlock:
-- Starting thread.
Called initialize()
Called prefire()
Called fire()
-- Starting thread.
Called initialize()
-- Starting thread.
Called initialize()
Called prefire()
Called fire()
Called prefire()
Called fire()
-- Starting thread.
Called initialize()
Called prefire()
Called fire()
There are 0 Blocked actors, 0 Stopped actors, and 4 active threads.
Waiting for actors to stop.
Called postfire()
Called prefire()
Called fire()
Called postfire()
Called prefire()
Called fire()
Checking for deadlock:
There are 2 Blocked actors, 0 Stopped actors, and 4 active threads.
Waiting for actors to stop.
Called postfire()
Called prefire()
Called fire()
Checking for deadlock:
There are 3 Blocked actors, 0 Stopped actors, and 4 active threads.
Waiting for actors to stop.
Read input token from inputA with value 0.0
Next port to read input from is inputB
Called postfire()
Called prefire()
Called fire()
Called postfire()
Called prefire()
Called fire()
Checking for deadlock:
There are 3 Blocked actors, 0 Stopped actors, and 4 active threads.
Waiting for actors to stop.
Read input token from inputB with value 0.0
Checking for deadlock:
There are 2 Blocked actors, 0 Stopped actors, and 4 active threads.
Waiting for actors to stop.
-- Read input: 0.0, which is expected to match: 0.0
Called prefire()
Called fire()
Checking for deadlock:
There are 3 Blocked actors, 0 Stopped actors, and 4 active threads.
Waiting for actors to stop.
Sent output token with value 0.0
Next port to read input from is inputA
Called postfire()
Called prefire()
Called fire()
Checking for deadlock:
There are 2 Blocked actors, 0 Stopped actors, and 4 active threads.
Waiting for actors to stop.
Called postfire()
Called prefire()
Called fire()
Checking for deadlock:
There are 3 Blocked actors, 0 Stopped actors, and 4 active threads.
Read input token from inputA with value 1.0
Waiting for actors to stop.
Checking for deadlock:
There are 2 Blocked actors, 0 Stopped actors, and 4 active threads.
Waiting for actors to stop.
-- Read input: 0.0, which is expected to match: 0.0
Called prefire()
Called fire()
Checking for deadlock:
There are 3 Blocked actors, 0 Stopped actors, and 4 active threads.
Sent output token with value 0.0
Waiting for actors to stop.
Next port to read input from is inputB
Called postfire()
Called prefire()
Called fire()
Called postfire()
Called prefire()
Called fire()
Checking for deadlock:
There are 3 Blocked actors, 0 Stopped actors, and 4 active threads.
Waiting for actors to stop.
Read input token from inputB with value 1.5
-- Read input: 1.0, which is expected to match: 1.0
Called prefire()
Called fire()
Checking for deadlock:
There are 3 Blocked actors, 0 Stopped actors, and 4 active threads.
Sent output token with value 1.0
Waiting for actors to stop.
Next port to read input from is inputA
Called postfire()
Called prefire()
Called fire()
Checking for deadlock:
There are 2 Blocked actors, 0 Stopped actors, and 4 active threads.
Waiting for actors to stop.
Read input token from inputA with value 2.0
Called postfire()
Called prefire()
Called fire()
Checking for deadlock:
There are 3 Blocked actors, 0 Stopped actors, and 4 active threads.
Waiting for actors to stop.
Sent output token with value 1.5
Checking for deadlock:
There are 2 Blocked actors, 0 Stopped actors, and 4 active threads.
Waiting for actors to stop.
-- Read input: 1.5, which is expected to match: 1.5
Called prefire()
Called fire()
Checking for deadlock:
Next port to read input from is inputB
There are 3 Blocked actors, 0 Stopped actors, and 4 active threads.
Waiting for actors to stop.
Called postfire()
Called prefire()
Called fire()
Checking for deadlock:
There are 2 Blocked actors, 0 Stopped actors, and 4 active threads.
Waiting for actors to stop.
Called postfire()
Called prefire()
Called fire()
Checking for deadlock:
There are 3 Blocked actors, 0 Stopped actors, and 4 active threads.
Waiting for actors to stop.
Read input token from inputB with value 3.0
Checking for deadlock:
There are 2 Blocked actors, 0 Stopped actors, and 4 active threads.
Waiting for actors to stop.
-- Read input: 2.0, which is expected to match: 2.0
Called prefire()
Called fire()
Checking for deadlock:
Sent output token with value 2.0
There are 3 Blocked actors, 0 Stopped actors, and 4 active threads.
Waiting for actors to stop.
Next port to read input from is inputA
Called postfire()
Called prefire()
Called fire()
Checking for deadlock:
There are 2 Blocked actors, 0 Stopped actors, and 4 active threads.
Waiting for actors to stop.
Read input token from inputA with value 3.0
Called postfire()
Called prefire()
Called fire()
Checking for deadlock:
There are 3 Blocked actors, 0 Stopped actors, and 4 active threads.
Waiting for actors to stop.
Checking for deadlock:
There are 2 Blocked actors, 0 Stopped actors, and 4 active threads.
Waiting for actors to stop.
Sent output token with value 3.0
-- Read input: 3.0, which is expected to match: 3.0
Called prefire()
Called fire()
Checking for deadlock:
There are 3 Blocked actors, 0 Stopped actors, and 4 active threads.
Waiting for actors to stop.
Next port to read input from is inputB
Called postfire()
Called prefire()
Called fire()
Checking for deadlock:
There are 2 Blocked actors, 0 Stopped actors, and 4 active threads.
Read input token from inputB with value 4.5
Waiting for actors to stop.
Checking for deadlock:
There are 1 Blocked actors, 0 Stopped actors, and 4 active threads.
Waiting for actors to stop.
Called postfire()
Called prefire()
Called fire()
Checking for deadlock:
There are 2 Blocked actors, 0 Stopped actors, and 4 active threads.
Waiting for actors to stop.
-- Read input: 3.0, which is expected to match: 3.0
Called prefire()
Called fire()
Checking for deadlock:
Sent output token with value 3.0
There are 3 Blocked actors, 0 Stopped actors, and 4 active threads.
Waiting for actors to stop.
Next port to read input from is inputA
Called postfire()
Called prefire()
Called fire()
Called postfire()
Called prefire()
Called fire()
Checking for deadlock:
There are 3 Blocked actors, 0 Stopped actors, and 4 active threads.
Waiting for actors to stop.
Read input token from inputA with value 4.0
-- Read input: 4.0, which is expected to match: 4.0
Called prefire()
Called fire()
Past the end of training data. Read and discard all inputs.
Checking for deadlock:
There are 3 Blocked actors, 0 Stopped actors, and 4 active threads.
Waiting for actors to stop.
Sent output token with value 4.0
Next port to read input from is inputA
Called postfire()
Called prefire()
Called fire()
Called postfire()
Called prefire()
Called fire()
Checking for deadlock:
There are 3 Blocked actors, 0 Stopped actors, and 4 active threads.
Waiting for actors to stop.
Read input token from inputA with value 5.0
Called prefire()
Called fire()
Past the end of training data. Read and discard all inputs.
Checking for deadlock:
There are 3 Blocked actors, 0 Stopped actors, and 4 active threads.
Waiting for actors to stop.
Sent output token with value 4.5
Next port to read input from is inputB
Called postfire()
Called prefire()
Called fire()
Checking for deadlock:
There are 2 Blocked actors, 0 Stopped actors, and 4 active threads.
Waiting for actors to stop.
Called postfire()
Called prefire()
Called fire()
Checking for deadlock:
Read input token from inputB with value 6.0
There are 3 Blocked actors, 0 Stopped actors, and 4 active threads.
Waiting for actors to stop.
Checking for deadlock:
There are 2 Blocked actors, 0 Stopped actors, and 4 active threads.
Waiting for actors to stop.
Sent output token with value 5.0
Called prefire()
Called fire()
Past the end of training data. Read and discard all inputs.
Checking for deadlock:
There are 3 Blocked actors, 0 Stopped actors, and 4 active threads.
Waiting for actors to stop.
Next port to read input from is inputA
Called postfire()
Called prefire()
Called fire()
Checking for deadlock:
There are 2 Blocked actors, 0 Stopped actors, and 4 active threads.
Read input token from inputA with value 6.0
Waiting for actors to stop.
Called postfire()
Called prefire()
Called fire()
Checking for deadlock:
There are 3 Blocked actors, 0 Stopped actors, and 4 active threads.
Waiting for actors to stop.
Checking for deadlock:
Sent output token with value 6.0
There are 2 Blocked actors, 0 Stopped actors, and 4 active threads.
Waiting for actors to stop.
Called prefire()
Called fire()
Past the end of training data. Read and discard all inputs.
Checking for deadlock:
Next port to read input from is inputB
There are 3 Blocked actors, 0 Stopped actors, and 4 active threads.
Waiting for actors to stop.
Called postfire()
Called prefire()
Called fire()
Checking for deadlock:
There are 2 Blocked actors, 0 Stopped actors, and 4 active threads.
Waiting for actors to stop.
Called postfire()
Called prefire()
Called fire()
Checking for deadlock:
Read input token from inputB with value 7.5
There are 3 Blocked actors, 0 Stopped actors, and 4 active threads.
Waiting for actors to stop.
Checking for deadlock:
There are 2 Blocked actors, 0 Stopped actors, and 4 active threads.
Called prefire()
Waiting for actors to stop.
Called fire()
Past the end of training data. Read and discard all inputs.
Checking for deadlock:
There are 3 Blocked actors, 0 Stopped actors, and 4 active threads.
Waiting for actors to stop.
Sent output token with value 6.0
Next port to read input from is inputA
Called postfire()
Called prefire()
Called fire()
Checking for deadlock:
There are 2 Blocked actors, 0 Stopped actors, and 4 active threads.
Waiting for actors to stop.
Read input token from inputA with value 7.0
Called postfire()
Called prefire()
Called fire()
Checking for deadlock:
There are 3 Blocked actors, 0 Stopped actors, and 4 active threads.
Waiting for actors to stop.
Checking for deadlock:
There are 2 Blocked actors, 0 Stopped actors, and 4 active threads.
Waiting for actors to stop.
Sent output token with value 7.0
Called prefire()
Called fire()
Past the end of training data. Read and discard all inputs.
Checking for deadlock:
There are 3 Blocked actors, 0 Stopped actors, and 4 active threads.
Next port to read input from is inputA
Called postfire()
Called prefire()
Called fire()
Waiting for actors to stop.
Checking for deadlock:
There are 2 Blocked actors, 0 Stopped actors, and 4 active threads.
Waiting for actors to stop.
Read input token from inputA with value 8.0
-- Thread wrapup() called.
Called wrapup()
Thread .top.Ramp is exiting.
-- Thread stopped.
Checking for deadlock:
There are 2 Blocked actors, 0 Stopped actors, and 3 active threads.
Waiting for actors to stop.
Checking for deadlock:
There are 1 Blocked actors, 0 Stopped actors, and 3 active threads.
Waiting for actors to stop.
Called prefire()
Called fire()
Past the end of training data. Read and discard all inputs.
Checking for deadlock:
Sent output token with value 7.5
There are 2 Blocked actors, 0 Stopped actors, and 3 active threads.
Waiting for actors to stop.
Next port to read input from is inputB
Called postfire()
Called prefire()
Called fire()
Checking for deadlock:
There are 1 Blocked actors, 0 Stopped actors, and 3 active threads.
Waiting for actors to stop.
Called postfire()
Called prefire()
Called fire()
Checking for deadlock:
Read input token from inputB with value 9.0
There are 2 Blocked actors, 0 Stopped actors, and 3 active threads.
Waiting for actors to stop.
Checking for deadlock:
Sent output token with value 8.0
There are 1 Blocked actors, 0 Stopped actors, and 3 active threads.
Waiting for actors to stop.
Called prefire()
Called fire()
Past the end of training data. Read and discard all inputs.
Checking for deadlock:
There are 2 Blocked actors, 0 Stopped actors, and 3 active threads.
Waiting for actors to stop.
Next port to read input from is inputA
Called postfire()
Called prefire()
Called fire()
Read input token from inputA with value 9.0
Called prefire()
Called fire()
Past the end of training data. Read and discard all inputs.
Checking for deadlock:
There are 2 Blocked actors, 0 Stopped actors, and 3 active threads.
Waiting for actors to stop.
Sent output token with value 9.0
Next port to read input from is inputB
Called postfire()
Called prefire()
Called fire()
Checking for deadlock:
There are 1 Blocked actors, 0 Stopped actors, and 3 active threads.
Waiting for actors to stop.
Read input token from inputB with value 10.5
Called postfire()
Called prefire()
Called fire()
Checking for deadlock:
There are 2 Blocked actors, 0 Stopped actors, and 3 active threads.
Waiting for actors to stop.
Checking for deadlock:
There are 1 Blocked actors, 0 Stopped actors, and 3 active threads.
Waiting for actors to stop.
Called prefire()
Called fire()
Past the end of training data. Read and discard all inputs.
Checking for deadlock:
Sent output token with value 9.0
There are 2 Blocked actors, 0 Stopped actors, and 3 active threads.
Waiting for actors to stop.
Next port to read input from is inputA
Called postfire()
Called prefire()
Called fire()
Checking for deadlock:
There are 3 Blocked actors, 0 Stopped actors, and 3 active threads.
Actors have stopped.
Checking for deadlock:
There are 3 Blocked actors, 0 Stopped actors, and 3 active threads.
Deadlock detected.
Resolving Deadlock
Checking for deadlock:
There are 3 Blocked actors, 0 Stopped actors, and 3 active threads.
Artificial Deadlock - increasing queue capacity.
increasing the capacity of receiver ptolemy.actor.TypedIOPort {.top.OrderedMerge.inputB} to 2
-- Thread wrapup() called.
Director: Called postfire().
Called postfire().
Called wrapup()
_stopRequested = false
_stopFireRequested = false
Returning from postfire(): true
Thread .top.Ramp2 is exiting.
-- Thread stopped.
Called fire().
Checking for deadlock:
There are 2 Blocked actors, 0 Stopped actors, and 2 active threads.
Actors have stopped.
Checking for deadlock:
There are 2 Blocked actors, 0 Stopped actors, and 2 active threads.
Deadlock detected.
Resolving Deadlock
Checking for deadlock:
There are 2 Blocked actors, 0 Stopped actors, and 2 active threads.
Deadlock detected: no processes blocked on write, but some are blocked on read.
Called postfire().
_stopRequested = false
_stopFireRequested = false
Returning from postfire(): false
Finished deactivating branches.
Called wrapup().
-- Thread wrapup() called.
Called wrapup()
Thread .top.Test is exiting.
-- Thread stopped.
-- Blocked Receiver call threw TerminateProcessException.
-- Thread wrapup() called.
Called wrapup()
Thread .top.OrderedMerge is exiting.
-- Thread stopped.
-- Blocked Receiver call threw TerminateProcessException.
67 ms. Memory: 162816K Free: 72028K (44%)
.top. Preinitializing ...
Invoking preinitialize():  .top.OrderedMerge
Called preinitialize()
Invoking preinitialize():  .top.Ramp
Called preinitialize()
Invoking preinitialize():  .top.Ramp2
Called preinitialize()
Invoking preinitialize():  .top.Test
Called preinitialize()
.top. Finished preinitialize().
Called initialize().
Invoking initialize():  .top.OrderedMerge
Initializing actor: .top.OrderedMerge
Adding a thread: .top.OrderedMerge
Invoking initialize():  .top.Ramp
Initializing actor: .top.Ramp
Adding a thread: .top.Ramp
Invoking initialize():  .top.Ramp2
Initializing actor: .top.Ramp2
Adding a thread: .top.Ramp2
Invoking initialize():  .top.Test
Initializing actor: .top.Test
Adding a thread: .top.Test
-- Starting thread.
Called initialize()
Called prefire()
Called fire()
-- Starting thread.
Called initialize()
Called prefire()
Called fire()
Called postfire()
Called prefire()
Called fire()
-- Starting thread.
Called initialize()
Called prefire()
Called fire()
Called postfire()
Called prefire()
Called fire()
Called fire().
Checking for deadlock:
There are 3 Blocked actors, 0 Stopped actors, and 4 active threads.
Waiting for actors to stop.
-- Starting thread.
Called initialize()
Called prefire()
Called fire()
Read input token from inputA with value 0.0
Next port to read input from is inputB
Called postfire()
Called prefire()
Called fire()
Read input token from inputB with value 0.0
Sent output token with value 0.0
Next port to read input from is inputA
Called postfire()
Called prefire()
Called fire()
Checking for deadlock:
There are 1 Blocked actors, 0 Stopped actors, and 4 active threads.
Waiting for actors to stop.
Called postfire()
Called prefire()
Called fire()
Checking for deadlock:
There are 2 Blocked actors, 0 Stopped actors, and 4 active threads.
Waiting for actors to stop.
Called postfire()
Called prefire()
Called fire()
-- Read input: 0.0, which is expected to match: 0.0
Called prefire()
Called fire()
Checking for deadlock:
There are 3 Blocked actors, 0 Stopped actors, and 4 active threads.
Waiting for actors to stop.
Read input token from inputA with value 1.0
Sent output token with value 0.0
Next port to read input from is inputB
Called postfire()
Called prefire()
Called fire()
Read input token from inputB with value 1.5
-- Read input: 0.0, which is expected to match: 0.0
Called prefire()
Called fire()
Called postfire()
Called prefire()
Called fire()
Checking for deadlock:
There are 2 Blocked actors, 0 Stopped actors, and 4 active threads.
Waiting for actors to stop.
Called postfire()
Called prefire()
Called fire()
Checking for deadlock:
There are 3 Blocked actors, 0 Stopped actors, and 4 active threads.
Waiting for actors to stop.
Checking for deadlock:
There are 2 Blocked actors, 0 Stopped actors, and 4 active threads.
Waiting for actors to stop.
Sent output token with value 1.0
Next port to read input from is inputA
Called postfire()
Called prefire()
Called fire()
Read input token from inputA with value 2.0
Called postfire()
-- Read input: 1.0, which is expected to match: 1.0
Called prefire()
Called fire()
Called prefire()
Called fire()
Checking for deadlock:
There are 3 Blocked actors, 0 Stopped actors, and 4 active threads.
Waiting for actors to stop.
Checking for deadlock:
Sent output token with value 1.5
There are 2 Blocked actors, 0 Stopped actors, and 4 active threads.
Waiting for actors to stop.
-- Read input: 1.5, which is expected to match: 1.5
Called prefire()
Called fire()
Next port to read input from is inputB
Called postfire()
Called prefire()
Called fire()
Checking for deadlock:
There are 2 Blocked actors, 0 Stopped actors, and 4 active threads.
Read input token from inputB with value 3.0
Waiting for actors to stop.
Sent output token with value 2.0
Called postfire()
Called prefire()
Next port to read input from is inputA
Called postfire()
Called fire()
Checking for deadlock:
There are 2 Blocked actors, 0 Stopped actors, and 4 active threads.
Waiting for actors to stop.
-- Read input: 2.0, which is expected to match: 2.0
Called prefire()
Called fire()
Checking for deadlock:
There are 3 Blocked actors, 0 Stopped actors, and 4 active threads.
Waiting for actors to stop.
Called prefire()
Called fire()
Read input token from inputA with value 3.0
Sent output token with value 3.0
Next port to read input from is inputB
Called postfire()
Called prefire()
Called fire()
Read input token from inputB with value 4.5
Checking for deadlock:
There are 0 Blocked actors, 0 Stopped actors, and 4 active threads.
-- Read input: 3.0, which is expected to match: 3.0
Waiting for actors to stop.
Called prefire()
Called fire()
Called postfire()
Called prefire()
Called postfire()
Called prefire()
Checking for deadlock:
There are 1 Blocked actors, 0 Stopped actors, and 4 active threads.
Waiting for actors to stop.
Called fire()
Called fire()
Checking for deadlock:
There are 2 Blocked actors, 0 Stopped actors, and 4 active threads.
Waiting for actors to stop.
Sent output token with value 3.0
Next port to read input from is inputA
Called postfire()
Called prefire()
Called fire()
Read input token from inputA with value 4.0
Checking for deadlock:
There are 2 Blocked actors, 0 Stopped actors, and 4 active threads.
Waiting for actors to stop.
Called postfire()
Called prefire()
Called fire()
Checking for deadlock:
There are 2 Blocked actors, 0 Stopped actors, and 4 active threads.
Waiting for actors to stop.
-- Read input: 3.0, which is expected to match: 3.0
Called prefire()
Called fire()
Checking for deadlock:
There are 3 Blocked actors, 0 Stopped actors, and 4 active threads.
Waiting for actors to stop.
Sent output token with value 4.0
Next port to read input from is inputA
Called postfire()
Called prefire()
Called fire()
Read input token from inputA with value 5.0
Called postfire()
Called prefire()
Called fire()
Checking for deadlock:
There are 3 Blocked actors, 0 Stopped actors, and 4 active threads.
Waiting for actors to stop.
-- Read input: 4.0, which is expected to match: 4.0
Called prefire()
Called fire()
Past the end of training data. Read and discard all inputs.
Checking for deadlock:
There are 3 Blocked actors, 0 Stopped actors, and 4 active threads.
Waiting for actors to stop.
Sent output token with value 4.5
Next port to read input from is inputB
Called postfire()
Called prefire()
Called fire()
Read input token from inputB with value 6.0
Checking for deadlock:
There are 2 Blocked actors, 0 Stopped actors, and 4 active threads.
Waiting for actors to stop.
Called postfire()
Called prefire()
Called fire()
Checking for deadlock:
Called prefire()
There are 2 Blocked actors, 0 Stopped actors, and 4 active threads.
Waiting for actors to stop.
Called fire()
Past the end of training data. Read and discard all inputs.
Checking for deadlock:
There are 3 Blocked actors, 0 Stopped actors, and 4 active threads.
Waiting for actors to stop.
Checking for deadlock:
There are 2 Blocked actors, 0 Stopped actors, and 4 active threads.
Waiting for actors to stop.
Sent output token with value 5.0
Next port to read input from is inputA
Called postfire()
Called prefire()
Called fire()
Checking for deadlock:
There are 1 Blocked actors, 0 Stopped actors, and 4 active threads.
Waiting for actors to stop.
Called postfire()
Called prefire()
Called fire()
Called prefire()
Checking for deadlock:
Read input token from inputA with value 6.0
Called fire()
There are 2 Blocked actors, 0 Stopped actors, and 4 active threads.
Waiting for actors to stop.
Past the end of training data. Read and discard all inputs.
Checking for deadlock:
Called prefire()
There are 2 Blocked actors, 0 Stopped actors, and 4 active threads.
Waiting for actors to stop.
Called fire()
Past the end of training data. Read and discard all inputs.
Checking for deadlock:
There are 3 Blocked actors, 0 Stopped actors, and 4 active threads.
Waiting for actors to stop.
Sent output token with value 6.0
Next port to read input from is inputB
Called postfire()
Called prefire()
Called fire()
Read input token from inputB with value 7.5
Sent output token with value 6.0
Next port to read input from is inputA
Called postfire()
Called prefire()
Called fire()
Read input token from inputA with value 7.0
Checking for deadlock:
Called postfire()
There are 1 Blocked actors, 0 Stopped actors, and 4 active threads.
Waiting for actors to stop.
Called prefire()
Called fire()
Called postfire()
Called prefire()
Called fire()
Checking for deadlock:
Called prefire()
There are 2 Blocked actors, 0 Stopped actors, and 4 active threads.
Waiting for actors to stop.
Called fire()
Past the end of training data. Read and discard all inputs.
Checking for deadlock:
There are 3 Blocked actors, 0 Stopped actors, and 4 active threads.
Waiting for actors to stop.
Sent output token with value 7.0
Next port to read input from is inputA
Called postfire()
Called prefire()
Called fire()
Read input token from inputA with value 8.0
Called prefire()
Called fire()
Past the end of training data. Read and discard all inputs.
Checking for deadlock:
There are 2 Blocked actors, 0 Stopped actors, and 4 active threads.
Waiting for actors to stop.
-- Thread wrapup() called.
Called wrapup()
Thread .top.Ramp is exiting.
-- Thread stopped.
Checking for deadlock:
There are 2 Blocked actors, 0 Stopped actors, and 3 active threads.
Waiting for actors to stop.
Checking for deadlock:
There are 1 Blocked actors, 0 Stopped actors, and 3 active threads.
Waiting for actors to stop.
Sent output token with value 7.5
Next port to read input from is inputB
Called postfire()
Called prefire()
Called fire()
Read input token from inputB with value 9.0
Called prefire()
Called fire()
Past the end of training data. Read and discard all inputs.
Called postfire()
Called prefire()
Called fire()
Checking for deadlock:
There are 2 Blocked actors, 0 Stopped actors, and 3 active threads.
Waiting for actors to stop.
Sent output token with value 8.0
Next port to read input from is inputA
Called postfire()
Called prefire()
Called fire()
Read input token from inputA with value 9.0
Checking for deadlock:
Called prefire()
There are 1 Blocked actors, 0 Stopped actors, and 3 active threads.
Called fire()
Waiting for actors to stop.
Past the end of training data. Read and discard all inputs.
Checking for deadlock:
There are 2 Blocked actors, 0 Stopped actors, and 3 active threads.
Waiting for actors to stop.
Sent output token with value 9.0
Next port to read input from is inputB
Called postfire()
Called prefire()
Called fire()
Read input token from inputB with value 10.5
Called prefire()
Called fire()
Checking for deadlock:
Past the end of training data. Read and discard all inputs.
There are 0 Blocked actors, 0 Stopped actors, and 3 active threads.
Waiting for actors to stop.
Called postfire()
Called prefire()
Called fire()
Sent output token with value 9.0
Next port to read input from is inputA
Called postfire()
Called prefire()
Called fire()
Called prefire()
Called fire()
Past the end of training data. Read and discard all inputs.
Checking for deadlock:
There are 3 Blocked actors, 0 Stopped actors, and 3 active threads.
Actors have stopped.
Checking for deadlock:
There are 3 Blocked actors, 0 Stopped actors, and 3 active threads.
Deadlock detected.
Resolving Deadlock
Checking for deadlock:
There are 3 Blocked actors, 0 Stopped actors, and 3 active threads.
Artificial Deadlock - increasing queue capacity.
increasing the capacity of receiver ptolemy.actor.TypedIOPort {.top.OrderedMerge.inputB} to 2
Director: Called postfire().
Called postfire().
-- Thread wrapup() called.
_stopRequested = false
Called wrapup()
_stopFireRequested = false
Returning from postfire(): true
Thread .top.Ramp2 is exiting.
-- Thread stopped.
Called fire().
Checking for deadlock:
There are 2 Blocked actors, 0 Stopped actors, and 2 active threads.
Actors have stopped.
Checking for deadlock:
There are 2 Blocked actors, 0 Stopped actors, and 2 active threads.
Deadlock detected.
Resolving Deadlock
Checking for deadlock:
There are 2 Blocked actors, 0 Stopped actors, and 2 active threads.
Deadlock detected: no processes blocked on write, but some are blocked on read.
Called postfire().
_stopRequested = false
_stopFireRequested = false
Returning from postfire(): false
Finished deactivating branches.
Called wrapup().
-- Thread wrapup() called.
Called wrapup()
Thread .top.Test is exiting.
-- Thread stopped.
-- Blocked Receiver call threw TerminateProcessException.
-- Thread wrapup() called.
Called wrapup()
Thread .top.OrderedMerge is exiting.
-- Thread stopped.
-- Blocked Receiver call threw TerminateProcessException.
55 ms. Memory: 162816K Free: 69466K (43%)
/home/travis/build/icyphy/ptII/ptolemy/actor/lib/test/Publisher.tcl
12 ms. Memory: 162816K Free: 63322K (39%)
16 ms. Memory: 162816K Free: 142871K (88%)
7 ms. Memory: 162816K Free: 138765K (85%)
4 ms. Memory: 162816K Free: 138271K (85%)
2 ms. Memory: 162816K Free: 137247K (84%)
3 ms. Memory: 162816K Free: 136223K (84%)
2 ms. Memory: 162816K Free: 135709K (83%)
3 ms. Memory: 162816K Free: 134685K (83%)
32 ms. Memory: 162816K Free: 124959K (77%)
6 ms. Memory: 162816K Free: 120863K (74%)
3 ms. Memory: 162816K Free: 120335K (74%)
5 ms. Memory: 162816K Free: 118301K (73%)
18 ms. Memory: 162816K Free: 110623K (68%)
6 ms. Memory: 162816K Free: 101407K (62%)
6 ms. Memory: 162816K Free: 90143K (55%)
/home/travis/build/icyphy/ptII/ptolemy/actor/lib/test/Pulse.tcl
2 ms. Memory: 162816K Free: 120396K (74%)
1 ms. Memory: 162816K Free: 119886K (74%)
1 ms. Memory: 162816K Free: 119372K (73%)
1 ms. Memory: 162816K Free: 118862K (73%)
1 ms. Memory: 162816K Free: 118348K (73%)
6 ms. Memory: 162816K Free: 117324K (72%)
2 ms. Memory: 162816K Free: 116300K (71%)
1 ms. Memory: 162816K Free: 115790K (71%)
1 ms. Memory: 162816K Free: 114766K (70%)
/home/travis/build/icyphy/ptII/ptolemy/actor/lib/test/Ramp.tcl
3 ms. Memory: 162816K Free: 113214K (70%)
1 ms. Memory: 162816K Free: 112198K (69%)
1 ms. Memory: 162816K Free: 111694K (69%)
1 ms. Memory: 162816K Free: 110670K (68%)
3 ms. Memory: 162816K Free: 110142K (68%)
4 ms. Memory: 162816K Free: 109132K (67%)
5 ms. Memory: 162816K Free: 108108K (66%)
5 actors
5000 microseconds per iteration to create
5 ms. Memory: 162816K Free: 105550K (65%)
1 ms. Memory: 162816K Free: 105030K (65%)
1 ms. Memory: 162816K Free: 104006K (64%)
2 ms. Memory: 162816K Free: 103502K (64%)
50 actors
29000 microseconds per iteration to create
25 ms. Memory: 162816K Free: 88142K (54%)
5 ms. Memory: 162816K Free: 87118K (54%)
4 ms. Memory: 162816K Free: 86094K (53%)
5 ms. Memory: 162816K Free: 85070K (52%)
500 actors
1808000 microseconds per iteration to create
329 ms. Memory: 222208K Free: 182419K (82%)
54 ms. Memory: 222208K Free: 177299K (80%)
55 ms. Memory: 222208K Free: 172179K (77%)
42 ms. Memory: 222208K Free: 167059K (75%)
/home/travis/build/icyphy/ptII/ptolemy/actor/lib/test/RampContinuous.tcl
8 ms. Memory: 222208K Free: 165521K (74%)
/home/travis/build/icyphy/ptII/ptolemy/actor/lib/test/RecordAssembler.tcl
5 ms. Memory: 222208K Free: 163987K (74%)
3 ms. Memory: 222208K Free: 162963K (73%)
/home/travis/build/icyphy/ptII/ptolemy/actor/lib/test/RecordDisassembler.tcl
6 ms. Memory: 222208K Free: 161411K (73%)
2 ms. Memory: 222208K Free: 160915K (72%)
4 ms. Memory: 222208K Free: 159377K (72%)
/home/travis/build/icyphy/ptII/ptolemy/actor/lib/test/Scale.tcl
3 ms. Memory: 222208K Free: 157843K (71%)
2 ms. Memory: 222208K Free: 156819K (71%)
1 ms. Memory: 222208K Free: 156275K (70%)
2 ms. Memory: 222208K Free: 155281K (70%)
4 ms. Memory: 222208K Free: 154243K (69%)
/home/travis/build/icyphy/ptII/ptolemy/actor/lib/test/SequentialClock.tcl
preinitializing
resolving types
initializing
executing number 1
wrapping up
idle
2 ms. Memory: 222208K Free: 153203K (69%)
Completed execution with 5 iterations
preinitializing
resolving types
initializing
executing number 1
wrapping up
idle
1 ms. Memory: 222208K Free: 152723K (69%)
Completed execution with 5 iterations
preinitializing
resolving types
initializing
executing number 1
wrapping up
idle
1 ms. Memory: 222208K Free: 152209K (68%)
Completed execution with 5 iterations
/home/travis/build/icyphy/ptII/ptolemy/actor/lib/test/SetVariable.tcl
4 ms. Memory: 222208K Free: 150161K (68%)


==== $PTII/ptolemy/actor/lib/test/SetVariable.tcl: SetVariable-3.1 changeFailed
==== Contents of test case:

    #Uses 2.1 above
    jdkCaptureErr {
        # This test was failing if we ran Exit.tcl and then this test.
        # MessageHandler.error() now actually throws the Exception.
	catch {$setVariable changeFailed [java::null]  [java::new Exception {Test exception for SetVariable.changeFailed()}]} errMsg
    } results
    list [string range $results 0 89] "\n" $errMsg

==== Result was:
{java.lang.Exception: Test exception for SetVariable.changeFailed()
	at java.base/jdk.inter} {
} {java.lang.RuntimeException: java.lang.Exception: Test exception for SetVariable.changeFailed()}
---- Result should have been:
{java.lang.Exception: Test exception for SetVariable.changeFailed()
	at sun.reflect.NativeC} {
} {java.lang.RuntimeException: java.lang.Exception: Test exception for SetVariable.changeFailed()}
---- SetVariable-3.1 FAILED
/home/travis/build/icyphy/ptII/ptolemy/actor/lib/test/Sinewave.tcl
/home/travis/build/icyphy/ptII/ptolemy/actor/lib/test/SubscriptionAggregator.tcl
4 ms. Memory: 222208K Free: 138387K (62%)
2 ms. Memory: 222208K Free: 137859K (62%)
1 ms. Memory: 222208K Free: 137363K (62%)
1 ms. Memory: 222208K Free: 136819K (62%)
2 ms. Memory: 222208K Free: 133763K (60%)
11 ms. Memory: 222208K Free: 131219K (59%)
...............................................................1160 ms. Memory: 314368K Free: 222471K (71%)
/home/travis/build/icyphy/ptII/ptolemy/actor/lib/test/Test.tcl
 The next command will produce a warning about training mode,
   which may be ignored.
4 ms. Memory: 314368K Free: 220425K (70%)
17 ms. Memory: 314368K Free: 219401K (70%)
2 ms. Memory: 314368K Free: 218881K (70%)
2 ms. Memory: 314368K Free: 218377K (69%)
10 ms. Memory: 314368K Free: 217863K (69%)
3 ms. Memory: 314368K Free: 216329K (69%)
3 ms. Memory: 314368K Free: 215305K (68%)
 The next command will produce a warning about training mode,
   which may be ignored.
17 ms. Memory: 314368K Free: 212743K (68%)
 The next command will produce a warning about training mode,
   which may be ignored.
2 ms. Memory: 314368K Free: 211719K (67%)
1 ms. Memory: 314368K Free: 211209K (67%)
1 ms. Memory: 314368K Free: 210681K (67%)
3 ms. Memory: 314368K Free: 210185K (67%)
8 ms. Memory: 314368K Free: 209161K (67%)
4 ms. Memory: 314368K Free: 205561K (65%)
/home/travis/build/icyphy/ptII/ptolemy/actor/lib/test/TestExceptionHandler.tcl
 The next command will produce a warning about training mode,
   which may be ignored.
3 ms. Memory: 314368K Free: 204041K (65%)
1 ms. Memory: 314368K Free: 203497K (65%)
0 ms. Memory: 314368K Free: 203017K (65%)
/home/travis/build/icyphy/ptII/ptolemy/actor/lib/test/UnionDisassembler.tcl
15 ms. Memory: 314368K Free: 195849K (62%)
/home/travis/build/icyphy/ptII/ptolemy/actor/lib/test/VariableClock.tcl
preinitializing
resolving types
initializing
executing number 1
wrapping up
idle
3 ms. Memory: 314368K Free: 193801K (62%)
Completed execution with 11 iterations
preinitializing
resolving types
initializing
executing number 1
wrapping up
idle
3 ms. Memory: 314368K Free: 192777K (61%)
Completed execution with 10 iterations
06/21/19 10:44:18
Failed: 2  Total Tests: 234  ((Passed: 232, Newly Passed: 0)  Known Failed: 0) /home/travis/build/icyphy/ptII/ptolemy/actor/lib/test
----------------- testing (KnownFailure) /home/travis/build/icyphy/ptII/ptolemy/actor/lib/test/auto/knownFailedTests/PublisherPortToplevelSubscriber.xml
0 ms. Memory: 314368K Free: 189191K (60%)
Known Failure: java.lang.reflect.InvocationTargetException
----------------- testing (KnownFailure) /home/travis/build/icyphy/ptII/ptolemy/actor/lib/test/auto/knownFailedTests/PublisherSubscriberPortToplevel.xml
0 ms. Memory: 314368K Free: 185095K (59%)
Known Failure: java.lang.reflect.InvocationTargetException
----------------- testing (KnownFailure) /home/travis/build/icyphy/ptII/ptolemy/actor/lib/test/auto/knownFailedTests/PublisherSubscriptionAggregatorPort.xml
1 ms. Memory: 314368K Free: 180999K (58%)
Known Failure: java.lang.reflect.InvocationTargetException
----------------- testing (KnownFailure) /home/travis/build/icyphy/ptII/ptolemy/actor/lib/test/auto/knownFailedTests/sizedarray3.xml
3 ms. Memory: 314368K Free: 176903K (56%)
Known Failure: java.lang.reflect.InvocationTargetException
No auto/linux-amd64/*.xml tests in /home/travis/build/icyphy/ptII/ptolemy/actor/lib/test
AutoTests.java: About to close Vertx.
AutoTests.java: Vertx closed.

===========================================================================================
----------------- testing Fri Jun 21 10:44:19 UTC 2019 /home/travis/build/icyphy/ptII/ptolemy/actor/lib/test/auto/AbsoluteValue.xml
----------------- Instantiating /home/travis/build/icyphy/ptII/ptolemy/actor/lib/test/auto/AbsoluteValue.xml
11 ms. Memory: 314368K Free: 155913K (50%)
----------------- Invoking toplevel() on ptolemy.moml.MoMLSimpleApplication@23aeaae9
----------------- Done invoking toplevel() on ptolemy.moml.MoMLSimpleApplication@23aeaae9
reloadAllAccessors: .AbsoluteValue

===========================================================================================
----------------- testing Fri Jun 21 10:44:19 UTC 2019 /home/travis/build/icyphy/ptII/ptolemy/actor/lib/test/auto/AbsoluteValue2.xml
----------------- Instantiating /home/travis/build/icyphy/ptII/ptolemy/actor/lib/test/auto/AbsoluteValue2.xml
5 ms. Memory: 314368K Free: 147207K (47%)
----------------- Invoking toplevel() on ptolemy.moml.MoMLSimpleApplication@1926edf8
----------------- Done invoking toplevel() on ptolemy.moml.MoMLSimpleApplication@1926edf8
reloadAllAccessors: .AbsoluteValue2

===========================================================================================
----------------- testing Fri Jun 21 10:44:19 UTC 2019 /home/travis/build/icyphy/ptII/ptolemy/actor/lib/test/auto/Accumulator.xml
----------------- Instantiating /home/travis/build/icyphy/ptII/ptolemy/actor/lib/test/auto/Accumulator.xml
6 ms. Memory: 314368K Free: 140553K (45%)
----------------- Invoking toplevel() on ptolemy.moml.MoMLSimpleApplication@48f8120e
----------------- Done invoking toplevel() on ptolemy.moml.MoMLSimpleApplication@48f8120e
reloadAllAccessors: .Accumulator

===========================================================================================
----------------- testing Fri Jun 21 10:44:19 UTC 2019 /home/travis/build/icyphy/ptII/ptolemy/actor/lib/test/auto/Accumulator2.xml
----------------- Instantiating /home/travis/build/icyphy/ptII/ptolemy/actor/lib/test/auto/Accumulator2.xml
3 ms. Memory: 314368K Free: 135433K (43%)
----------------- Invoking toplevel() on ptolemy.moml.MoMLSimpleApplication@60bb105b
----------------- Done invoking toplevel() on ptolemy.moml.MoMLSimpleApplication@60bb105b
reloadAllAccessors: .Accumulator2

===========================================================================================
----------------- testing Fri Jun 21 10:44:19 UTC 2019 /home/travis/build/icyphy/ptII/ptolemy/actor/lib/test/auto/Accumulator3.xml
----------------- Instantiating /home/travis/build/icyphy/ptII/ptolemy/actor/lib/test/auto/Accumulator3.xml
3 ms. Memory: 314368K Free: 130823K (42%)
----------------- Invoking toplevel() on ptolemy.moml.MoMLSimpleApplication@1607dae5
----------------- Done invoking toplevel() on ptolemy.moml.MoMLSimpleApplication@1607dae5
reloadAllAccessors: .Accumulator3

===========================================================================================
----------------- testing Fri Jun 21 10:44:19 UTC 2019 /home/travis/build/icyphy/ptII/ptolemy/actor/lib/test/auto/ArrayAppend.xml
----------------- Instantiating /home/travis/build/icyphy/ptII/ptolemy/actor/lib/test/auto/ArrayAppend.xml
9 ms. Memory: 314368K Free: 125193K (40%)
----------------- Invoking toplevel() on ptolemy.moml.MoMLSimpleApplication@756e3362
----------------- Done invoking toplevel() on ptolemy.moml.MoMLSimpleApplication@756e3362
reloadAllAccessors: .ArrayAppend

===========================================================================================
----------------- testing Fri Jun 21 10:44:19 UTC 2019 /home/travis/build/icyphy/ptII/ptolemy/actor/lib/test/auto/ArrayAppend2.xml
----------------- Instantiating /home/travis/build/icyphy/ptII/ptolemy/actor/lib/test/auto/ArrayAppend2.xml
402 ms. Memory: 314368K Free: 211165K (67%)
----------------- Invoking toplevel() on ptolemy.moml.MoMLSimpleApplication@45a1c7e5
----------------- Done invoking toplevel() on ptolemy.moml.MoMLSimpleApplication@45a1c7e5
reloadAllAccessors: .ArrayAppend2

===========================================================================================
----------------- testing Fri Jun 21 10:44:20 UTC 2019 /home/travis/build/icyphy/ptII/ptolemy/actor/lib/test/auto/ArrayAppend3.xml
----------------- Instantiating /home/travis/build/icyphy/ptII/ptolemy/actor/lib/test/auto/ArrayAppend3.xml
3 ms. Memory: 314368K Free: 205982K (66%)
----------------- Invoking toplevel() on ptolemy.moml.MoMLSimpleApplication@2c4da5ae
----------------- Done invoking toplevel() on ptolemy.moml.MoMLSimpleApplication@2c4da5ae
reloadAllAccessors: .ArrayAppend3

===========================================================================================
----------------- testing Fri Jun 21 10:44:20 UTC 2019 /home/travis/build/icyphy/ptII/ptolemy/actor/lib/test/auto/ArrayAppend4.xml
----------------- Instantiating /home/travis/build/icyphy/ptII/ptolemy/actor/lib/test/auto/ArrayAppend4.xml
3 ms. Memory: 314368K Free: 200862K (64%)
----------------- Invoking toplevel() on ptolemy.moml.MoMLSimpleApplication@5e3ef823
----------------- Done invoking toplevel() on ptolemy.moml.MoMLSimpleApplication@5e3ef823
reloadAllAccessors: .ArrayAppend4

===========================================================================================
----------------- testing Fri Jun 21 10:44:20 UTC 2019 /home/travis/build/icyphy/ptII/ptolemy/actor/lib/test/auto/ArrayAppend5.xml
----------------- Instantiating /home/travis/build/icyphy/ptII/ptolemy/actor/lib/test/auto/ArrayAppend5.xml
11 ms. Memory: 314368K Free: 195742K (62%)
----------------- Invoking toplevel() on ptolemy.moml.MoMLSimpleApplication@64e20ee0
----------------- Done invoking toplevel() on ptolemy.moml.MoMLSimpleApplication@64e20ee0
reloadAllAccessors: .ArrayAppend5

===========================================================================================
----------------- testing Fri Jun 21 10:44:20 UTC 2019 /home/travis/build/icyphy/ptII/ptolemy/actor/lib/test/auto/ArrayAppend6.xml
----------------- Instantiating /home/travis/build/icyphy/ptII/ptolemy/actor/lib/test/auto/ArrayAppend6.xml
2 ms. Memory: 314368K Free: 190622K (61%)
----------------- Invoking toplevel() on ptolemy.moml.MoMLSimpleApplication@7d18febe
----------------- Done invoking toplevel() on ptolemy.moml.MoMLSimpleApplication@7d18febe
reloadAllAccessors: .ArrayAppend6

===========================================================================================
----------------- testing Fri Jun 21 10:44:20 UTC 2019 /home/travis/build/icyphy/ptII/ptolemy/actor/lib/test/auto/ArrayAppendPerformanceTest.xml
----------------- Instantiating /home/travis/build/icyphy/ptII/ptolemy/actor/lib/test/auto/ArrayAppendPerformanceTest.xml
32 ms. Memory: 314368K Free: 180382K (57%)
----------------- Invoking toplevel() on ptolemy.moml.MoMLSimpleApplication@39c56edb
----------------- Done invoking toplevel() on ptolemy.moml.MoMLSimpleApplication@39c56edb
reloadAllAccessors: .ArrayAppendPerformanceTest

===========================================================================================
----------------- testing Fri Jun 21 10:44:20 UTC 2019 /home/travis/build/icyphy/ptII/ptolemy/actor/lib/test/auto/ArrayAppendWithEmptyInput.xml
----------------- Instantiating /home/travis/build/icyphy/ptII/ptolemy/actor/lib/test/auto/ArrayAppendWithEmptyInput.xml
9 ms. Memory: 314368K Free: 172190K (55%)
----------------- Invoking toplevel() on ptolemy.moml.MoMLSimpleApplication@41ba38a3
----------------- Done invoking toplevel() on ptolemy.moml.MoMLSimpleApplication@41ba38a3
reloadAllAccessors: .ArrayAppendWithEmptyInput

===========================================================================================
----------------- testing Fri Jun 21 10:44:20 UTC 2019 /home/travis/build/icyphy/ptII/ptolemy/actor/lib/test/auto/ArrayAverage.xml
----------------- Instantiating /home/travis/build/icyphy/ptII/ptolemy/actor/lib/test/auto/ArrayAverage.xml
13 ms. Memory: 314368K Free: 164512K (52%)
----------------- Invoking toplevel() on ptolemy.moml.MoMLSimpleApplication@30ad732c
----------------- Done invoking toplevel() on ptolemy.moml.MoMLSimpleApplication@30ad732c
reloadAllAccessors: .ArrayAverage

===========================================================================================
----------------- testing Fri Jun 21 10:44:20 UTC 2019 /home/travis/build/icyphy/ptII/ptolemy/actor/lib/test/auto/ArrayContains.xml
----------------- Instantiating /home/travis/build/icyphy/ptII/ptolemy/actor/lib/test/auto/ArrayContains.xml
12 ms. Memory: 314368K Free: 158878K (51%)
----------------- Invoking toplevel() on ptolemy.moml.MoMLSimpleApplication@684320ea
----------------- Done invoking toplevel() on ptolemy.moml.MoMLSimpleApplication@684320ea
reloadAllAccessors: .ArrayContains

===========================================================================================
----------------- testing Fri Jun 21 10:44:20 UTC 2019 /home/travis/build/icyphy/ptII/ptolemy/actor/lib/test/auto/ArrayElement.xml
----------------- Instantiating /home/travis/build/icyphy/ptII/ptolemy/actor/lib/test/auto/ArrayElement.xml
5 ms. Memory: 314368K Free: 153248K (49%)
----------------- Invoking toplevel() on ptolemy.moml.MoMLSimpleApplication@7e261138
----------------- Done invoking toplevel() on ptolemy.moml.MoMLSimpleApplication@7e261138
reloadAllAccessors: .ArrayElement

===========================================================================================
----------------- testing Fri Jun 21 10:44:20 UTC 2019 /home/travis/build/icyphy/ptII/ptolemy/actor/lib/test/auto/ArrayElementAsMatrix.xml
----------------- Instantiating /home/travis/build/icyphy/ptII/ptolemy/actor/lib/test/auto/ArrayElementAsMatrix.xml
17 ms. Memory: 314368K Free: 143008K (45%)
----------------- Invoking toplevel() on ptolemy.moml.MoMLSimpleApplication@16f06da2
----------------- Done invoking toplevel() on ptolemy.moml.MoMLSimpleApplication@16f06da2
reloadAllAccessors: .ArrayElementAsMatrix

===========================================================================================
----------------- testing Fri Jun 21 10:44:20 UTC 2019 /home/travis/build/icyphy/ptII/ptolemy/actor/lib/test/auto/ArrayElementI.xml
----------------- Instantiating /home/travis/build/icyphy/ptII/ptolemy/actor/lib/test/auto/ArrayElementI.xml
4 ms. Memory: 314368K Free: 263427K (84%)
----------------- Invoking toplevel() on ptolemy.moml.MoMLSimpleApplication@1ebde1c8
----------------- Done invoking toplevel() on ptolemy.moml.MoMLSimpleApplication@1ebde1c8
reloadAllAccessors: .ArrayElementI

===========================================================================================
----------------- testing Fri Jun 21 10:44:20 UTC 2019 /home/travis/build/icyphy/ptII/ptolemy/actor/lib/test/auto/ArrayExtract.xml
----------------- Instantiating /home/travis/build/icyphy/ptII/ptolemy/actor/lib/test/auto/ArrayExtract.xml
9 ms. Memory: 314368K Free: 255745K (81%)
----------------- Invoking toplevel() on ptolemy.moml.MoMLSimpleApplication@3f3da9d8
----------------- Done invoking toplevel() on ptolemy.moml.MoMLSimpleApplication@3f3da9d8
reloadAllAccessors: .ArrayExtract

===========================================================================================
----------------- testing Fri Jun 21 10:44:20 UTC 2019 /home/travis/build/icyphy/ptII/ptolemy/actor/lib/test/auto/ArrayExtract2.xml
----------------- Instantiating /home/travis/build/icyphy/ptII/ptolemy/actor/lib/test/auto/ArrayExtract2.xml
2 ms. Memory: 314368K Free: 250115K (80%)
----------------- Invoking toplevel() on ptolemy.moml.MoMLSimpleApplication@66ad1d05
----------------- Done invoking toplevel() on ptolemy.moml.MoMLSimpleApplication@66ad1d05
reloadAllAccessors: .ArrayExtract2

===========================================================================================
----------------- testing Fri Jun 21 10:44:20 UTC 2019 /home/travis/build/icyphy/ptII/ptolemy/actor/lib/test/auto/ArrayLength.xml
----------------- Instantiating /home/travis/build/icyphy/ptII/ptolemy/actor/lib/test/auto/ArrayLength.xml
1 ms. Memory: 314368K Free: 246529K (78%)
----------------- Invoking toplevel() on ptolemy.moml.MoMLSimpleApplication@19388825
----------------- Done invoking toplevel() on ptolemy.moml.MoMLSimpleApplication@19388825
reloadAllAccessors: .ArrayLength

===========================================================================================
----------------- testing Fri Jun 21 10:44:20 UTC 2019 /home/travis/build/icyphy/ptII/ptolemy/actor/lib/test/auto/ArrayLevelCrossing.xml
----------------- Instantiating /home/travis/build/icyphy/ptII/ptolemy/actor/lib/test/auto/ArrayLevelCrossing.xml
5 ms. Memory: 314368K Free: 238337K (76%)
----------------- Invoking toplevel() on ptolemy.moml.MoMLSimpleApplication@10dfae72
----------------- Done invoking toplevel() on ptolemy.moml.MoMLSimpleApplication@10dfae72
reloadAllAccessors: .ArrayLevelCrossing

===========================================================================================
----------------- testing Fri Jun 21 10:44:20 UTC 2019 /home/travis/build/icyphy/ptII/ptolemy/actor/lib/test/auto/ArrayLevelCrossing2.xml
----------------- Instantiating /home/travis/build/icyphy/ptII/ptolemy/actor/lib/test/auto/ArrayLevelCrossing2.xml
3 ms. Memory: 314368K Free: 231155K (74%)
----------------- Invoking toplevel() on ptolemy.moml.MoMLSimpleApplication@562f799
----------------- Done invoking toplevel() on ptolemy.moml.MoMLSimpleApplication@562f799
reloadAllAccessors: .ArrayLevelCrossing2

===========================================================================================
----------------- testing Fri Jun 21 10:44:20 UTC 2019 /home/travis/build/icyphy/ptII/ptolemy/actor/lib/test/auto/ArrayPeakSearch.xml
----------------- Instantiating /home/travis/build/icyphy/ptII/ptolemy/actor/lib/test/auto/ArrayPeakSearch.xml
7 ms. Memory: 314368K Free: 221953K (71%)
----------------- Invoking toplevel() on ptolemy.moml.MoMLSimpleApplication@321b37c5
----------------- Done invoking toplevel() on ptolemy.moml.MoMLSimpleApplication@321b37c5
reloadAllAccessors: .ArrayPeakSearch

===========================================================================================
----------------- testing Fri Jun 21 10:44:20 UTC 2019 /home/travis/build/icyphy/ptII/ptolemy/actor/lib/test/auto/ArrayPeakSearch2.xml
----------------- Instantiating /home/travis/build/icyphy/ptII/ptolemy/actor/lib/test/auto/ArrayPeakSearch2.xml
5 ms. Memory: 314368K Free: 211699K (67%)
----------------- Invoking toplevel() on ptolemy.moml.MoMLSimpleApplication@1ad74745
----------------- Done invoking toplevel() on ptolemy.moml.MoMLSimpleApplication@1ad74745
reloadAllAccessors: .ArrayPeakSearch2

===========================================================================================
----------------- testing Fri Jun 21 10:44:20 UTC 2019 /home/travis/build/icyphy/ptII/ptolemy/actor/lib/test/auto/ArrayPeakSearch3.xml
----------------- Instantiating /home/travis/build/icyphy/ptII/ptolemy/actor/lib/test/auto/ArrayPeakSearch3.xml
6 ms. Memory: 314368K Free: 202497K (64%)
----------------- Invoking toplevel() on ptolemy.moml.MoMLSimpleApplication@3c2044d1
----------------- Done invoking toplevel() on ptolemy.moml.MoMLSimpleApplication@3c2044d1
reloadAllAccessors: .ArrayPeakSearch3

===========================================================================================
----------------- testing Fri Jun 21 10:44:20 UTC 2019 /home/travis/build/icyphy/ptII/ptolemy/actor/lib/test/auto/ArrayRemoveElement.xml
----------------- Instantiating /home/travis/build/icyphy/ptII/ptolemy/actor/lib/test/auto/ArrayRemoveElement.xml
6 ms. Memory: 314368K Free: 194819K (62%)
----------------- Invoking toplevel() on ptolemy.moml.MoMLSimpleApplication@55e7fa82
----------------- Done invoking toplevel() on ptolemy.moml.MoMLSimpleApplication@55e7fa82
reloadAllAccessors: .ArrayRemoveElement

===========================================================================================
----------------- testing Fri Jun 21 10:44:20 UTC 2019 /home/travis/build/icyphy/ptII/ptolemy/actor/lib/test/auto/ArraySort.xml
----------------- Instantiating /home/travis/build/icyphy/ptII/ptolemy/actor/lib/test/auto/ArraySort.xml
9 ms. Memory: 314368K Free: 186113K (59%)
----------------- Invoking toplevel() on ptolemy.moml.MoMLSimpleApplication@18fae652
----------------- Done invoking toplevel() on ptolemy.moml.MoMLSimpleApplication@18fae652
reloadAllAccessors: .ArraySort

===========================================================================================
----------------- testing Fri Jun 21 10:44:20 UTC 2019 /home/travis/build/icyphy/ptII/ptolemy/actor/lib/test/auto/ArraySum.xml
----------------- Instantiating /home/travis/build/icyphy/ptII/ptolemy/actor/lib/test/auto/ArraySum.xml
6 ms. Memory: 314368K Free: 180483K (57%)
----------------- Invoking toplevel() on ptolemy.moml.MoMLSimpleApplication@7ea2eb19
----------------- Done invoking toplevel() on ptolemy.moml.MoMLSimpleApplication@7ea2eb19
reloadAllAccessors: .ArraySum

===========================================================================================
----------------- testing Fri Jun 21 10:44:21 UTC 2019 /home/travis/build/icyphy/ptII/ptolemy/actor/lib/test/auto/ArrayToElements.xml
----------------- Instantiating /home/travis/build/icyphy/ptII/ptolemy/actor/lib/test/auto/ArrayToElements.xml
9 ms. Memory: 314368K Free: 175363K (56%)
----------------- Invoking toplevel() on ptolemy.moml.MoMLSimpleApplication@708e8e0e
----------------- Done invoking toplevel() on ptolemy.moml.MoMLSimpleApplication@708e8e0e
reloadAllAccessors: .ArrayToElements

===========================================================================================
----------------- testing Fri Jun 21 10:44:21 UTC 2019 /home/travis/build/icyphy/ptII/ptolemy/actor/lib/test/auto/ArrayToMatrix.xml
----------------- Instantiating /home/travis/build/icyphy/ptII/ptolemy/actor/lib/test/auto/ArrayToMatrix.xml
17 ms. Memory: 314368K Free: 161027K (51%)
----------------- Invoking toplevel() on ptolemy.moml.MoMLSimpleApplication@20c996e3
----------------- Done invoking toplevel() on ptolemy.moml.MoMLSimpleApplication@20c996e3
reloadAllAccessors: .ArrayToMatrix

===========================================================================================
----------------- testing Fri Jun 21 10:44:21 UTC 2019 /home/travis/build/icyphy/ptII/ptolemy/actor/lib/test/auto/ArrayUpdate1.xml
----------------- Instantiating /home/travis/build/icyphy/ptII/ptolemy/actor/lib/test/auto/ArrayUpdate1.xml
5 ms. Memory: 314368K Free: 156417K (50%)
----------------- Invoking toplevel() on ptolemy.moml.MoMLSimpleApplication@1e36b572
----------------- Done invoking toplevel() on ptolemy.moml.MoMLSimpleApplication@1e36b572
reloadAllAccessors: .ArrayUpdate1

===========================================================================================
----------------- testing Fri Jun 21 10:44:21 UTC 2019 /home/travis/build/icyphy/ptII/ptolemy/actor/lib/test/auto/ArrayUpdate2.xml
----------------- Instantiating /home/travis/build/icyphy/ptII/ptolemy/actor/lib/test/auto/ArrayUpdate2.xml
13 ms. Memory: 314368K Free: 150273K (48%)
----------------- Invoking toplevel() on ptolemy.moml.MoMLSimpleApplication@63a7c73e
----------------- Done invoking toplevel() on ptolemy.moml.MoMLSimpleApplication@63a7c73e
reloadAllAccessors: .ArrayUpdate2

===========================================================================================
----------------- testing Fri Jun 21 10:44:21 UTC 2019 /home/travis/build/icyphy/ptII/ptolemy/actor/lib/test/auto/ArrayUpdate3.xml
----------------- Instantiating /home/travis/build/icyphy/ptII/ptolemy/actor/lib/test/auto/ArrayUpdate3.xml
7 ms. Memory: 314368K Free: 145667K (46%)
----------------- Invoking toplevel() on ptolemy.moml.MoMLSimpleApplication@41bf07e0
----------------- Done invoking toplevel() on ptolemy.moml.MoMLSimpleApplication@41bf07e0
reloadAllAccessors: .ArrayUpdate3

===========================================================================================
----------------- testing Fri Jun 21 10:44:21 UTC 2019 /home/travis/build/icyphy/ptII/ptolemy/actor/lib/test/auto/Assert1.xml
----------------- Instantiating /home/travis/build/icyphy/ptII/ptolemy/actor/lib/test/auto/Assert1.xml
3 ms. Memory: 314368K Free: 141057K (45%)
----------------- Invoking toplevel() on ptolemy.moml.MoMLSimpleApplication@5e60c5a7
----------------- Done invoking toplevel() on ptolemy.moml.MoMLSimpleApplication@5e60c5a7
reloadAllAccessors: .Assert1

===========================================================================================
----------------- testing Fri Jun 21 10:44:21 UTC 2019 /home/travis/build/icyphy/ptII/ptolemy/actor/lib/test/auto/Assert2.xml
----------------- Instantiating /home/travis/build/icyphy/ptII/ptolemy/actor/lib/test/auto/Assert2.xml
2 ms. Memory: 314368K Free: 135923K (43%)
----------------- Invoking toplevel() on ptolemy.moml.MoMLSimpleApplication@5280a83e
----------------- Done invoking toplevel() on ptolemy.moml.MoMLSimpleApplication@5280a83e
reloadAllAccessors: .Assert2

===========================================================================================
----------------- testing Fri Jun 21 10:44:21 UTC 2019 /home/travis/build/icyphy/ptII/ptolemy/actor/lib/test/auto/BooleanMultiplexor.xml
----------------- Instantiating /home/travis/build/icyphy/ptII/ptolemy/actor/lib/test/auto/BooleanMultiplexor.xml
2 ms. Memory: 314368K Free: 129787K (41%)
----------------- Invoking toplevel() on ptolemy.moml.MoMLSimpleApplication@3f159caf
----------------- Done invoking toplevel() on ptolemy.moml.MoMLSimpleApplication@3f159caf
reloadAllAccessors: .BooleanMultiplexor

===========================================================================================
----------------- testing Fri Jun 21 10:44:21 UTC 2019 /home/travis/build/icyphy/ptII/ptolemy/actor/lib/test/auto/BooleanMultiplexor2.xml
----------------- Instantiating /home/travis/build/icyphy/ptII/ptolemy/actor/lib/test/auto/BooleanMultiplexor2.xml
14 ms. Memory: 314368K Free: 123649K (39%)
----------------- Invoking toplevel() on ptolemy.moml.MoMLSimpleApplication@46ab541d
----------------- Done invoking toplevel() on ptolemy.moml.MoMLSimpleApplication@46ab541d
reloadAllAccessors: .BooleanMultiplexor2

===========================================================================================
----------------- testing Fri Jun 21 10:44:21 UTC 2019 /home/travis/build/icyphy/ptII/ptolemy/actor/lib/test/auto/BooleanMultiplexor3.xml
----------------- Instantiating /home/travis/build/icyphy/ptII/ptolemy/actor/lib/test/auto/BooleanMultiplexor3.xml
1 ms. Memory: 314368K Free: 119553K (38%)
----------------- Invoking toplevel() on ptolemy.moml.MoMLSimpleApplication@687ae986
----------------- Done invoking toplevel() on ptolemy.moml.MoMLSimpleApplication@687ae986
reloadAllAccessors: .BooleanMultiplexor3

===========================================================================================
----------------- testing Fri Jun 21 10:44:21 UTC 2019 /home/travis/build/icyphy/ptII/ptolemy/actor/lib/test/auto/BooleanSelect.xml
----------------- Instantiating /home/travis/build/icyphy/ptII/ptolemy/actor/lib/test/auto/BooleanSelect.xml
5 ms. Memory: 314368K Free: 113923K (36%)
----------------- Invoking toplevel() on ptolemy.moml.MoMLSimpleApplication@32436bb2
----------------- Done invoking toplevel() on ptolemy.moml.MoMLSimpleApplication@32436bb2
reloadAllAccessors: .BooleanSelect

===========================================================================================
----------------- testing Fri Jun 21 10:44:21 UTC 2019 /home/travis/build/icyphy/ptII/ptolemy/actor/lib/test/auto/BooleanSelect2.xml
----------------- Instantiating /home/travis/build/icyphy/ptII/ptolemy/actor/lib/test/auto/BooleanSelect2.xml
2 ms. Memory: 314368K Free: 109313K (35%)
----------------- Invoking toplevel() on ptolemy.moml.MoMLSimpleApplication@2f04317a
----------------- Done invoking toplevel() on ptolemy.moml.MoMLSimpleApplication@2f04317a
reloadAllAccessors: .BooleanSelect2

===========================================================================================
----------------- testing Fri Jun 21 10:44:21 UTC 2019 /home/travis/build/icyphy/ptII/ptolemy/actor/lib/test/auto/BooleanSwitch.xml
----------------- Instantiating /home/travis/build/icyphy/ptII/ptolemy/actor/lib/test/auto/BooleanSwitch.xml
15 ms. Memory: 314368K Free: 103169K (33%)
----------------- Invoking toplevel() on ptolemy.moml.MoMLSimpleApplication@6569a63d
----------------- Done invoking toplevel() on ptolemy.moml.MoMLSimpleApplication@6569a63d
reloadAllAccessors: .BooleanSwitch

===========================================================================================
----------------- testing Fri Jun 21 10:44:21 UTC 2019 /home/travis/build/icyphy/ptII/ptolemy/actor/lib/test/auto/BooleanSwitch2.xml
----------------- Instantiating /home/travis/build/icyphy/ptII/ptolemy/actor/lib/test/auto/BooleanSwitch2.xml
2 ms. Memory: 314368K Free: 99073K (32%)
----------------- Invoking toplevel() on ptolemy.moml.MoMLSimpleApplication@3282ccc5
----------------- Done invoking toplevel() on ptolemy.moml.MoMLSimpleApplication@3282ccc5
reloadAllAccessors: .BooleanSwitch2

===========================================================================================
----------------- testing Fri Jun 21 10:44:21 UTC 2019 /home/travis/build/icyphy/ptII/ptolemy/actor/lib/test/auto/BooleanSwitchCloningBugWithClassRelationGroup.xml
----------------- Instantiating /home/travis/build/icyphy/ptII/ptolemy/actor/lib/test/auto/BooleanSwitchCloningBugWithClassRelationGroup.xml
5 ms. Memory: 314368K Free: 92419K (29%)
----------------- Invoking toplevel() on ptolemy.moml.MoMLSimpleApplication@1a2fad12
----------------- Done invoking toplevel() on ptolemy.moml.MoMLSimpleApplication@1a2fad12
reloadAllAccessors: .BooleanSwitchCloningBugWithClassRelationGroup

===========================================================================================
----------------- testing Fri Jun 21 10:44:21 UTC 2019 /home/travis/build/icyphy/ptII/ptolemy/actor/lib/test/auto/BusActors.xml
----------------- Instantiating /home/travis/build/icyphy/ptII/ptolemy/actor/lib/test/auto/BusActors.xml
4 ms. Memory: 570368K Free: 519425K (91%)
----------------- Invoking toplevel() on ptolemy.moml.MoMLSimpleApplication@705b83e4
----------------- Done invoking toplevel() on ptolemy.moml.MoMLSimpleApplication@705b83e4
reloadAllAccessors: .BusActors

===========================================================================================
----------------- testing Fri Jun 21 10:44:21 UTC 2019 /home/travis/build/icyphy/ptII/ptolemy/actor/lib/test/auto/ClassWrapper.xml
----------------- Instantiating /home/travis/build/icyphy/ptII/ptolemy/actor/lib/test/auto/ClassWrapper.xml
4 ms. Memory: 570368K Free: 514819K (90%)
----------------- Invoking toplevel() on ptolemy.moml.MoMLSimpleApplication@434055b3
----------------- Done invoking toplevel() on ptolemy.moml.MoMLSimpleApplication@434055b3
reloadAllAccessors: .ClassWrapper

===========================================================================================
----------------- testing Fri Jun 21 10:44:21 UTC 2019 /home/travis/build/icyphy/ptII/ptolemy/actor/lib/test/auto/Clock.xml
----------------- Instantiating /home/travis/build/icyphy/ptII/ptolemy/actor/lib/test/auto/Clock.xml
2 ms. Memory: 570368K Free: 510723K (90%)
----------------- Invoking toplevel() on ptolemy.moml.MoMLSimpleApplication@202ea22c
----------------- Done invoking toplevel() on ptolemy.moml.MoMLSimpleApplication@202ea22c
reloadAllAccessors: .Clock

===========================================================================================
----------------- testing Fri Jun 21 10:44:21 UTC 2019 /home/travis/build/icyphy/ptII/ptolemy/actor/lib/test/auto/Clock10.xml
----------------- Instantiating /home/travis/build/icyphy/ptII/ptolemy/actor/lib/test/auto/Clock10.xml
4 ms. Memory: 570368K Free: 505089K (89%)
----------------- Invoking toplevel() on ptolemy.moml.MoMLSimpleApplication@cfe13d
----------------- Done invoking toplevel() on ptolemy.moml.MoMLSimpleApplication@cfe13d
reloadAllAccessors: .Clock10

===========================================================================================
----------------- testing Fri Jun 21 10:44:21 UTC 2019 /home/travis/build/icyphy/ptII/ptolemy/actor/lib/test/auto/Clock11.xml
----------------- Instantiating /home/travis/build/icyphy/ptII/ptolemy/actor/lib/test/auto/Clock11.xml
9 ms. Memory: 570368K Free: 498945K (87%)
----------------- Invoking toplevel() on ptolemy.moml.MoMLSimpleApplication@312d811c
----------------- Done invoking toplevel() on ptolemy.moml.MoMLSimpleApplication@312d811c
reloadAllAccessors: .Clock11

===========================================================================================
----------------- testing Fri Jun 21 10:44:21 UTC 2019 /home/travis/build/icyphy/ptII/ptolemy/actor/lib/test/auto/Clock12.xml
----------------- Instantiating /home/travis/build/icyphy/ptII/ptolemy/actor/lib/test/auto/Clock12.xml
6 ms. Memory: 570368K Free: 493315K (86%)
----------------- Invoking toplevel() on ptolemy.moml.MoMLSimpleApplication@34dfe615
----------------- Done invoking toplevel() on ptolemy.moml.MoMLSimpleApplication@34dfe615
reloadAllAccessors: .Clock12

===========================================================================================
----------------- testing Fri Jun 21 10:44:21 UTC 2019 /home/travis/build/icyphy/ptII/ptolemy/actor/lib/test/auto/Clock13.xml
----------------- Instantiating /home/travis/build/icyphy/ptII/ptolemy/actor/lib/test/auto/Clock13.xml
5 ms. Memory: 570368K Free: 487171K (85%)
----------------- Invoking toplevel() on ptolemy.moml.MoMLSimpleApplication@45319396
----------------- Done invoking toplevel() on ptolemy.moml.MoMLSimpleApplication@45319396
reloadAllAccessors: .Clock13

===========================================================================================
----------------- testing Fri Jun 21 10:44:21 UTC 2019 /home/travis/build/icyphy/ptII/ptolemy/actor/lib/test/auto/Clock14.xml
----------------- Instantiating /home/travis/build/icyphy/ptII/ptolemy/actor/lib/test/auto/Clock14.xml
7 ms. Memory: 570368K Free: 481523K (84%)
----------------- Invoking toplevel() on ptolemy.moml.MoMLSimpleApplication@3180e3bf
----------------- Done invoking toplevel() on ptolemy.moml.MoMLSimpleApplication@3180e3bf
reloadAllAccessors: .Clock14

===========================================================================================
----------------- testing Fri Jun 21 10:44:21 UTC 2019 /home/travis/build/icyphy/ptII/ptolemy/actor/lib/test/auto/Clock15.xml
----------------- Instantiating /home/travis/build/icyphy/ptII/ptolemy/actor/lib/test/auto/Clock15.xml
4 ms. Memory: 570368K Free: 475379K (83%)
----------------- Invoking toplevel() on ptolemy.moml.MoMLSimpleApplication@2ac56b66
----------------- Done invoking toplevel() on ptolemy.moml.MoMLSimpleApplication@2ac56b66
reloadAllAccessors: .Clock15

===========================================================================================
----------------- testing Fri Jun 21 10:44:21 UTC 2019 /home/travis/build/icyphy/ptII/ptolemy/actor/lib/test/auto/Clock16.xml
----------------- Instantiating /home/travis/build/icyphy/ptII/ptolemy/actor/lib/test/auto/Clock16.xml
39 ms. Memory: 570368K Free: 461539K (81%)
----------------- Invoking toplevel() on ptolemy.moml.MoMLSimpleApplication@7d1eb50
----------------- Done invoking toplevel() on ptolemy.moml.MoMLSimpleApplication@7d1eb50
reloadAllAccessors: .Clock16

===========================================================================================
----------------- testing Fri Jun 21 10:44:21 UTC 2019 /home/travis/build/icyphy/ptII/ptolemy/actor/lib/test/auto/Clock17.xml
----------------- Instantiating /home/travis/build/icyphy/ptII/ptolemy/actor/lib/test/auto/Clock17.xml
37 ms. Memory: 570368K Free: 447731K (78%)
----------------- Invoking toplevel() on ptolemy.moml.MoMLSimpleApplication@489dd04c
----------------- Done invoking toplevel() on ptolemy.moml.MoMLSimpleApplication@489dd04c
reloadAllAccessors: .Clock17

===========================================================================================
----------------- testing Fri Jun 21 10:44:22 UTC 2019 /home/travis/build/icyphy/ptII/ptolemy/actor/lib/test/auto/Clock18.xml
----------------- Instantiating /home/travis/build/icyphy/ptII/ptolemy/actor/lib/test/auto/Clock18.xml
28 ms. Memory: 570368K Free: 434403K (76%)
----------------- Invoking toplevel() on ptolemy.moml.MoMLSimpleApplication@3c0ef2b1
----------------- Done invoking toplevel() on ptolemy.moml.MoMLSimpleApplication@3c0ef2b1
reloadAllAccessors: .Clock18

===========================================================================================
----------------- testing Fri Jun 21 10:44:22 UTC 2019 /home/travis/build/icyphy/ptII/ptolemy/actor/lib/test/auto/Clock19.xml
----------------- Instantiating /home/travis/build/icyphy/ptII/ptolemy/actor/lib/test/auto/Clock19.xml
19 ms. Memory: 570368K Free: 421635K (74%)
----------------- Invoking toplevel() on ptolemy.moml.MoMLSimpleApplication@14898025
----------------- Done invoking toplevel() on ptolemy.moml.MoMLSimpleApplication@14898025
reloadAllAccessors: .Clock19

===========================================================================================
----------------- testing Fri Jun 21 10:44:22 UTC 2019 /home/travis/build/icyphy/ptII/ptolemy/actor/lib/test/auto/Clock2.xml
----------------- Instantiating /home/travis/build/icyphy/ptII/ptolemy/actor/lib/test/auto/Clock2.xml
10 ms. Memory: 570368K Free: 416995K (73%)
----------------- Invoking toplevel() on ptolemy.moml.MoMLSimpleApplication@7b5ce28d
----------------- Done invoking toplevel() on ptolemy.moml.MoMLSimpleApplication@7b5ce28d
reloadAllAccessors: .Clock2

===========================================================================================
----------------- testing Fri Jun 21 10:44:22 UTC 2019 /home/travis/build/icyphy/ptII/ptolemy/actor/lib/test/auto/Clock20.xml
----------------- Instantiating /home/travis/build/icyphy/ptII/ptolemy/actor/lib/test/auto/Clock20.xml
9 ms. Memory: 570368K Free: 411905K (72%)
----------------- Invoking toplevel() on ptolemy.moml.MoMLSimpleApplication@500fb8c5
----------------- Done invoking toplevel() on ptolemy.moml.MoMLSimpleApplication@500fb8c5
reloadAllAccessors: .Clock20

===========================================================================================
----------------- testing Fri Jun 21 10:44:22 UTC 2019 /home/travis/build/icyphy/ptII/ptolemy/actor/lib/test/auto/Clock21.xml
----------------- Instantiating /home/travis/build/icyphy/ptII/ptolemy/actor/lib/test/auto/Clock21.xml
7 ms. Memory: 570368K Free: 406275K (71%)
----------------- Invoking toplevel() on ptolemy.moml.MoMLSimpleApplication@4e852344
----------------- Done invoking toplevel() on ptolemy.moml.MoMLSimpleApplication@4e852344
reloadAllAccessors: .Clock21

===========================================================================================
----------------- testing Fri Jun 21 10:44:22 UTC 2019 /home/travis/build/icyphy/ptII/ptolemy/actor/lib/test/auto/Clock22.xml
----------------- Instantiating /home/travis/build/icyphy/ptII/ptolemy/actor/lib/test/auto/Clock22.xml
3 ms. Memory: 570368K Free: 400641K (70%)
----------------- Invoking toplevel() on ptolemy.moml.MoMLSimpleApplication@12a14007
----------------- Done invoking toplevel() on ptolemy.moml.MoMLSimpleApplication@12a14007
reloadAllAccessors: .Clock22

===========================================================================================
----------------- testing Fri Jun 21 10:44:22 UTC 2019 /home/travis/build/icyphy/ptII/ptolemy/actor/lib/test/auto/Clock23.xml
----------------- Instantiating /home/travis/build/icyphy/ptII/ptolemy/actor/lib/test/auto/Clock23.xml
4 ms. Memory: 570368K Free: 395521K (69%)
----------------- Invoking toplevel() on ptolemy.moml.MoMLSimpleApplication@5c80d735
----------------- Done invoking toplevel() on ptolemy.moml.MoMLSimpleApplication@5c80d735
reloadAllAccessors: .Clock23

===========================================================================================
----------------- testing Fri Jun 21 10:44:22 UTC 2019 /home/travis/build/icyphy/ptII/ptolemy/actor/lib/test/auto/Clock24.xml
----------------- Instantiating /home/travis/build/icyphy/ptII/ptolemy/actor/lib/test/auto/Clock24.xml
3 ms. Memory: 570368K Free: 389891K (68%)
----------------- Invoking toplevel() on ptolemy.moml.MoMLSimpleApplication@21eb9794
----------------- Done invoking toplevel() on ptolemy.moml.MoMLSimpleApplication@21eb9794
reloadAllAccessors: .Clock24

===========================================================================================
----------------- testing Fri Jun 21 10:44:22 UTC 2019 /home/travis/build/icyphy/ptII/ptolemy/actor/lib/test/auto/Clock4.xml
----------------- Instantiating /home/travis/build/icyphy/ptII/ptolemy/actor/lib/test/auto/Clock4.xml
5 ms. Memory: 570368K Free: 385251K (68%)
----------------- Invoking toplevel() on ptolemy.moml.MoMLSimpleApplication@2af91937
----------------- Done invoking toplevel() on ptolemy.moml.MoMLSimpleApplication@2af91937
reloadAllAccessors: .Clock4

===========================================================================================
----------------- testing Fri Jun 21 10:44:22 UTC 2019 /home/travis/build/icyphy/ptII/ptolemy/actor/lib/test/auto/Clock5.xml
----------------- Instantiating /home/travis/build/icyphy/ptII/ptolemy/actor/lib/test/auto/Clock5.xml
4 ms. Memory: 570368K Free: 379651K (67%)
----------------- Invoking toplevel() on ptolemy.moml.MoMLSimpleApplication@6e400f7
----------------- Done invoking toplevel() on ptolemy.moml.MoMLSimpleApplication@6e400f7
reloadAllAccessors: .Clock5

===========================================================================================
----------------- testing Fri Jun 21 10:44:22 UTC 2019 /home/travis/build/icyphy/ptII/ptolemy/actor/lib/test/auto/Clock6.xml
----------------- Instantiating /home/travis/build/icyphy/ptII/ptolemy/actor/lib/test/auto/Clock6.xml
2 ms. Memory: 570368K Free: 376065K (66%)
----------------- Invoking toplevel() on ptolemy.moml.MoMLSimpleApplication@2e765c50
----------------- Done invoking toplevel() on ptolemy.moml.MoMLSimpleApplication@2e765c50
reloadAllAccessors: .Clock6

===========================================================================================
----------------- testing Fri Jun 21 10:44:22 UTC 2019 /home/travis/build/icyphy/ptII/ptolemy/actor/lib/test/auto/Clock7.xml
----------------- Instantiating /home/travis/build/icyphy/ptII/ptolemy/actor/lib/test/auto/Clock7.xml
4 ms. Memory: 570368K Free: 370945K (65%)
----------------- Invoking toplevel() on ptolemy.moml.MoMLSimpleApplication@3668c226
----------------- Done invoking toplevel() on ptolemy.moml.MoMLSimpleApplication@3668c226
reloadAllAccessors: .Clock7

===========================================================================================
----------------- testing Fri Jun 21 10:44:22 UTC 2019 /home/travis/build/icyphy/ptII/ptolemy/actor/lib/test/auto/Clock8.xml
----------------- Instantiating /home/travis/build/icyphy/ptII/ptolemy/actor/lib/test/auto/Clock8.xml
4 ms. Memory: 570368K Free: 365315K (64%)
----------------- Invoking toplevel() on ptolemy.moml.MoMLSimpleApplication@2a7136d6
----------------- Done invoking toplevel() on ptolemy.moml.MoMLSimpleApplication@2a7136d6
reloadAllAccessors: .Clock8

===========================================================================================
----------------- testing Fri Jun 21 10:44:22 UTC 2019 /home/travis/build/icyphy/ptII/ptolemy/actor/lib/test/auto/Clock9.xml
----------------- Instantiating /home/travis/build/icyphy/ptII/ptolemy/actor/lib/test/auto/Clock9.xml
5 ms. Memory: 570368K Free: 360195K (63%)
----------------- Invoking toplevel() on ptolemy.moml.MoMLSimpleApplication@1e696e82
----------------- Done invoking toplevel() on ptolemy.moml.MoMLSimpleApplication@1e696e82
reloadAllAccessors: .Clock9

===========================================================================================
----------------- testing Fri Jun 21 10:44:22 UTC 2019 /home/travis/build/icyphy/ptII/ptolemy/actor/lib/test/auto/CommDistDiscard.xml
----------------- Instantiating /home/travis/build/icyphy/ptII/ptolemy/actor/lib/test/auto/CommDistDiscard.xml
5 ms. Memory: 570368K Free: 354561K (62%)
----------------- Invoking toplevel() on ptolemy.moml.MoMLSimpleApplication@65bc83e2
----------------- Done invoking toplevel() on ptolemy.moml.MoMLSimpleApplication@65bc83e2
reloadAllAccessors: .CommDistDiscard

===========================================================================================
----------------- testing Fri Jun 21 10:44:22 UTC 2019 /home/travis/build/icyphy/ptII/ptolemy/actor/lib/test/auto/Commutator.xml
----------------- Instantiating /home/travis/build/icyphy/ptII/ptolemy/actor/lib/test/auto/Commutator.xml
3 ms. Memory: 570368K Free: 350465K (61%)
----------------- Invoking toplevel() on ptolemy.moml.MoMLSimpleApplication@b610d0
----------------- Done invoking toplevel() on ptolemy.moml.MoMLSimpleApplication@b610d0
reloadAllAccessors: .Commutator

===========================================================================================
----------------- testing Fri Jun 21 10:44:22 UTC 2019 /home/travis/build/icyphy/ptII/ptolemy/actor/lib/test/auto/Commutator2.xml
----------------- Instantiating /home/travis/build/icyphy/ptII/ptolemy/actor/lib/test/auto/Commutator2.xml
3 ms. Memory: 570368K Free: 345859K (61%)
----------------- Invoking toplevel() on ptolemy.moml.MoMLSimpleApplication@1b728aa4
----------------- Done invoking toplevel() on ptolemy.moml.MoMLSimpleApplication@1b728aa4
reloadAllAccessors: .Commutator2

===========================================================================================
----------------- testing Fri Jun 21 10:44:22 UTC 2019 /home/travis/build/icyphy/ptII/ptolemy/actor/lib/test/auto/Commutator3.xml
----------------- Instantiating /home/travis/build/icyphy/ptII/ptolemy/actor/lib/test/auto/Commutator3.xml
2 ms. Memory: 570368K Free: 341249K (60%)
----------------- Invoking toplevel() on ptolemy.moml.MoMLSimpleApplication@57f6b48c
----------------- Done invoking toplevel() on ptolemy.moml.MoMLSimpleApplication@57f6b48c
reloadAllAccessors: .Commutator3

===========================================================================================
----------------- testing Fri Jun 21 10:44:22 UTC 2019 /home/travis/build/icyphy/ptII/ptolemy/actor/lib/test/auto/Compare.xml
----------------- Instantiating /home/travis/build/icyphy/ptII/ptolemy/actor/lib/test/auto/Compare.xml
3 ms. Memory: 570368K Free: 335105K (59%)
----------------- Invoking toplevel() on ptolemy.moml.MoMLSimpleApplication@2b19dd07
----------------- Done invoking toplevel() on ptolemy.moml.MoMLSimpleApplication@2b19dd07
reloadAllAccessors: .Compare

===========================================================================================
----------------- testing Fri Jun 21 10:44:22 UTC 2019 /home/travis/build/icyphy/ptII/ptolemy/actor/lib/test/auto/CompareDE.xml
----------------- Instantiating /home/travis/build/icyphy/ptII/ptolemy/actor/lib/test/auto/CompareDE.xml
4 ms. Memory: 570368K Free: 327427K (57%)
----------------- Invoking toplevel() on ptolemy.moml.MoMLSimpleApplication@32a34828
----------------- Done invoking toplevel() on ptolemy.moml.MoMLSimpleApplication@32a34828
reloadAllAccessors: .CompareDE

===========================================================================================
----------------- testing Fri Jun 21 10:44:22 UTC 2019 /home/travis/build/icyphy/ptII/ptolemy/actor/lib/test/auto/ComplexDivide.xml
----------------- Instantiating /home/travis/build/icyphy/ptII/ptolemy/actor/lib/test/auto/ComplexDivide.xml
2 ms. Memory: 570368K Free: 323841K (57%)
----------------- Invoking toplevel() on ptolemy.moml.MoMLSimpleApplication@421d4c0c
----------------- Done invoking toplevel() on ptolemy.moml.MoMLSimpleApplication@421d4c0c
reloadAllAccessors: .ComplexDivide

===========================================================================================
----------------- testing Fri Jun 21 10:44:22 UTC 2019 /home/travis/build/icyphy/ptII/ptolemy/actor/lib/test/auto/ComputeHistogram.xml
----------------- Instantiating /home/travis/build/icyphy/ptII/ptolemy/actor/lib/test/auto/ComputeHistogram.xml
74 ms. Memory: 570368K Free: 520821K (91%)
----------------- Invoking toplevel() on ptolemy.moml.MoMLSimpleApplication@4ffdff90
----------------- Done invoking toplevel() on ptolemy.moml.MoMLSimpleApplication@4ffdff90
reloadAllAccessors: .ComputeHistogram

===========================================================================================
----------------- testing Fri Jun 21 10:44:22 UTC 2019 /home/travis/build/icyphy/ptII/ptolemy/actor/lib/test/auto/ConfigurationSelect.xml
----------------- Instantiating /home/travis/build/icyphy/ptII/ptolemy/actor/lib/test/auto/ConfigurationSelect.xml
9 ms. Memory: 570368K Free: 514677K (90%)
----------------- Invoking toplevel() on ptolemy.moml.MoMLSimpleApplication@4849cf3d
----------------- Done invoking toplevel() on ptolemy.moml.MoMLSimpleApplication@4849cf3d
reloadAllAccessors: .ConfigurationSelect

===========================================================================================
----------------- testing Fri Jun 21 10:44:22 UTC 2019 /home/travis/build/icyphy/ptII/ptolemy/actor/lib/test/auto/ConfigurationSelect2.xml
----------------- Instantiating /home/travis/build/icyphy/ptII/ptolemy/actor/lib/test/auto/ConfigurationSelect2.xml
2 ms. Memory: 570368K Free: 510067K (89%)
----------------- Invoking toplevel() on ptolemy.moml.MoMLSimpleApplication@3de3ae0
----------------- Done invoking toplevel() on ptolemy.moml.MoMLSimpleApplication@3de3ae0
reloadAllAccessors: .ConfigurationSelect2

===========================================================================================
----------------- testing Fri Jun 21 10:44:22 UTC 2019 /home/travis/build/icyphy/ptII/ptolemy/actor/lib/test/auto/ConfigurationSwitch.xml
----------------- Instantiating /home/travis/build/icyphy/ptII/ptolemy/actor/lib/test/auto/ConfigurationSwitch.xml
2 ms. Memory: 570368K Free: 504947K (89%)
----------------- Invoking toplevel() on ptolemy.moml.MoMLSimpleApplication@752142c0
----------------- Done invoking toplevel() on ptolemy.moml.MoMLSimpleApplication@752142c0
reloadAllAccessors: .ConfigurationSwitch

===========================================================================================
----------------- testing Fri Jun 21 10:44:22 UTC 2019 /home/travis/build/icyphy/ptII/ptolemy/actor/lib/test/auto/ConfigurationSwitch2.xml
----------------- Instantiating /home/travis/build/icyphy/ptII/ptolemy/actor/lib/test/auto/ConfigurationSwitch2.xml
4 ms. Memory: 570368K Free: 499317K (88%)
----------------- Invoking toplevel() on ptolemy.moml.MoMLSimpleApplication@10b90e95
----------------- Done invoking toplevel() on ptolemy.moml.MoMLSimpleApplication@10b90e95
reloadAllAccessors: .ConfigurationSwitch2

===========================================================================================
----------------- testing Fri Jun 21 10:44:22 UTC 2019 /home/travis/build/icyphy/ptII/ptolemy/actor/lib/test/auto/ConfigurationSwitchCloningBugWithClassRelationGroup.xml
----------------- Instantiating /home/travis/build/icyphy/ptII/ptolemy/actor/lib/test/auto/ConfigurationSwitchCloningBugWithClassRelationGroup.xml
2 ms. Memory: 570368K Free: 492149K (86%)
----------------- Invoking toplevel() on ptolemy.moml.MoMLSimpleApplication@49de834
----------------- Done invoking toplevel() on ptolemy.moml.MoMLSimpleApplication@49de834
reloadAllAccessors: .ConfigurationSwitchCloningBugWithClassRelationGroup

===========================================================================================
----------------- testing Fri Jun 21 10:44:22 UTC 2019 /home/travis/build/icyphy/ptII/ptolemy/actor/lib/test/auto/ConfigurationSwitchSelectSDF.xml
----------------- Instantiating /home/travis/build/icyphy/ptII/ptolemy/actor/lib/test/auto/ConfigurationSwitchSelectSDF.xml
3 ms. Memory: 570368K Free: 487029K (85%)
----------------- Invoking toplevel() on ptolemy.moml.MoMLSimpleApplication@140b815b
----------------- Done invoking toplevel() on ptolemy.moml.MoMLSimpleApplication@140b815b
reloadAllAccessors: .ConfigurationSwitchSelectSDF

===========================================================================================
----------------- testing Fri Jun 21 10:44:22 UTC 2019 /home/travis/build/icyphy/ptII/ptolemy/actor/lib/test/auto/ConfigurationSwitchSelectSDF2.xml
----------------- Instantiating /home/travis/build/icyphy/ptII/ptolemy/actor/lib/test/auto/ConfigurationSwitchSelectSDF2.xml
3 ms. Memory: 570368K Free: 480885K (84%)
----------------- Invoking toplevel() on ptolemy.moml.MoMLSimpleApplication@f1a514f
----------------- Done invoking toplevel() on ptolemy.moml.MoMLSimpleApplication@f1a514f
reloadAllAccessors: .ConfigurationSwitchSelectSDF2

===========================================================================================
----------------- testing Fri Jun 21 10:44:22 UTC 2019 /home/travis/build/icyphy/ptII/ptolemy/actor/lib/test/auto/Const.xml
----------------- Instantiating /home/travis/build/icyphy/ptII/ptolemy/actor/lib/test/auto/Const.xml
1 ms. Memory: 570368K Free: 477299K (84%)
----------------- Invoking toplevel() on ptolemy.moml.MoMLSimpleApplication@7909eeb4
----------------- Done invoking toplevel() on ptolemy.moml.MoMLSimpleApplication@7909eeb4
reloadAllAccessors: .Const

===========================================================================================
----------------- testing Fri Jun 21 10:44:23 UTC 2019 /home/travis/build/icyphy/ptII/ptolemy/actor/lib/test/auto/Const2.xml
----------------- Instantiating /home/travis/build/icyphy/ptII/ptolemy/actor/lib/test/auto/Const2.xml
2 ms. Memory: 570368K Free: 473717K (83%)
----------------- Invoking toplevel() on ptolemy.moml.MoMLSimpleApplication@7dbf141a
----------------- Done invoking toplevel() on ptolemy.moml.MoMLSimpleApplication@7dbf141a
reloadAllAccessors: .Const2

===========================================================================================
----------------- testing Fri Jun 21 10:44:23 UTC 2019 /home/travis/build/icyphy/ptII/ptolemy/actor/lib/test/auto/Const3.xml
----------------- Instantiating /home/travis/build/icyphy/ptII/ptolemy/actor/lib/test/auto/Const3.xml
7 ms. Memory: 570368K Free: 470645K (83%)
----------------- Invoking toplevel() on ptolemy.moml.MoMLSimpleApplication@710f50df
----------------- Done invoking toplevel() on ptolemy.moml.MoMLSimpleApplication@710f50df
reloadAllAccessors: .Const3

===========================================================================================
----------------- testing Fri Jun 21 10:44:23 UTC 2019 /home/travis/build/icyphy/ptII/ptolemy/actor/lib/test/auto/ConstantPublisherPort1.xml
----------------- Instantiating /home/travis/build/icyphy/ptII/ptolemy/actor/lib/test/auto/ConstantPublisherPort1.xml
6 ms. Memory: 570368K Free: 462453K (81%)
----------------- Invoking toplevel() on ptolemy.moml.MoMLSimpleApplication@6f319af9
----------------- Done invoking toplevel() on ptolemy.moml.MoMLSimpleApplication@6f319af9
reloadAllAccessors: .ConstantPublisherPort1

===========================================================================================
----------------- testing Fri Jun 21 10:44:23 UTC 2019 /home/travis/build/icyphy/ptII/ptolemy/actor/lib/test/auto/ConstantPublisherPort2.xml
----------------- Instantiating /home/travis/build/icyphy/ptII/ptolemy/actor/lib/test/auto/ConstantPublisherPort2.xml
12 ms. Memory: 570368K Free: 454261K (80%)
----------------- Invoking toplevel() on ptolemy.moml.MoMLSimpleApplication@24f6b3db
----------------- Done invoking toplevel() on ptolemy.moml.MoMLSimpleApplication@24f6b3db
reloadAllAccessors: .ConstantPublisherPort2

===========================================================================================
----------------- testing Fri Jun 21 10:44:23 UTC 2019 /home/travis/build/icyphy/ptII/ptolemy/actor/lib/test/auto/ConstantPublisherPort3.xml
----------------- Instantiating /home/travis/build/icyphy/ptII/ptolemy/actor/lib/test/auto/ConstantPublisherPort3.xml
6 ms. Memory: 570368K Free: 446579K (78%)
----------------- Invoking toplevel() on ptolemy.moml.MoMLSimpleApplication@6e8bed3a
----------------- Done invoking toplevel() on ptolemy.moml.MoMLSimpleApplication@6e8bed3a
reloadAllAccessors: .ConstantPublisherPort3

===========================================================================================
----------------- testing Fri Jun 21 10:44:23 UTC 2019 /home/travis/build/icyphy/ptII/ptolemy/actor/lib/test/auto/ConstantPublisherPort4.xml
----------------- Instantiating /home/travis/build/icyphy/ptII/ptolemy/actor/lib/test/auto/ConstantPublisherPort4.xml
3 ms. Memory: 570368K Free: 439925K (77%)
----------------- Invoking toplevel() on ptolemy.moml.MoMLSimpleApplication@5f45711
----------------- Done invoking toplevel() on ptolemy.moml.MoMLSimpleApplication@5f45711
reloadAllAccessors: .ConstantPublisherPort4

===========================================================================================
----------------- testing Fri Jun 21 10:44:23 UTC 2019 /home/travis/build/icyphy/ptII/ptolemy/actor/lib/test/auto/ConstantPublisherPort5.xml
----------------- Instantiating /home/travis/build/icyphy/ptII/ptolemy/actor/lib/test/auto/ConstantPublisherPort5.xml
36 ms. Memory: 570368K Free: 429685K (75%)
----------------- Invoking toplevel() on ptolemy.moml.MoMLSimpleApplication@b395ee7
----------------- Done invoking toplevel() on ptolemy.moml.MoMLSimpleApplication@b395ee7
reloadAllAccessors: .ConstantPublisherPort5

===========================================================================================
----------------- testing Fri Jun 21 10:44:23 UTC 2019 /home/travis/build/icyphy/ptII/ptolemy/actor/lib/test/auto/ConstantPublisherPort6.xml
----------------- Instantiating /home/travis/build/icyphy/ptII/ptolemy/actor/lib/test/auto/ConstantPublisherPort6.xml
17 ms. Memory: 570368K Free: 420979K (74%)
----------------- Invoking toplevel() on ptolemy.moml.MoMLSimpleApplication@76683bf8
----------------- Done invoking toplevel() on ptolemy.moml.MoMLSimpleApplication@76683bf8
reloadAllAccessors: .ConstantPublisherPort6

===========================================================================================
----------------- testing Fri Jun 21 10:44:23 UTC 2019 /home/travis/build/icyphy/ptII/ptolemy/actor/lib/test/auto/ConstantPublisherPort7.xml
----------------- Instantiating /home/travis/build/icyphy/ptII/ptolemy/actor/lib/test/auto/ConstantPublisherPort7.xml
19 ms. Memory: 570368K Free: 411253K (72%)
----------------- Invoking toplevel() on ptolemy.moml.MoMLSimpleApplication@41073d34
----------------- Done invoking toplevel() on ptolemy.moml.MoMLSimpleApplication@41073d34
reloadAllAccessors: .ConstantPublisherPort7

===========================================================================================
----------------- testing Fri Jun 21 10:44:23 UTC 2019 /home/travis/build/icyphy/ptII/ptolemy/actor/lib/test/auto/ConstraintMonitor1.xml
----------------- Instantiating /home/travis/build/icyphy/ptII/ptolemy/actor/lib/test/auto/ConstraintMonitor1.xml
6 ms. Memory: 570368K Free: 406133K (71%)
----------------- Invoking toplevel() on ptolemy.moml.MoMLSimpleApplication@4c68322
----------------- Done invoking toplevel() on ptolemy.moml.MoMLSimpleApplication@4c68322
reloadAllAccessors: .ConstraintMonitor1

===========================================================================================
----------------- testing Fri Jun 21 10:44:23 UTC 2019 /home/travis/build/icyphy/ptII/ptolemy/actor/lib/test/auto/ConstraintMonitor2.xml
----------------- Instantiating /home/travis/build/icyphy/ptII/ptolemy/actor/lib/test/auto/ConstraintMonitor2.xml
6 ms. Memory: 570368K Free: 402037K (70%)
----------------- Invoking toplevel() on ptolemy.moml.MoMLSimpleApplication@7e1105de
----------------- Done invoking toplevel() on ptolemy.moml.MoMLSimpleApplication@7e1105de
reloadAllAccessors: .ConstraintMonitor2

===========================================================================================
----------------- testing Fri Jun 21 10:44:23 UTC 2019 /home/travis/build/icyphy/ptII/ptolemy/actor/lib/test/auto/ConstraintMonitor3.xml
----------------- Instantiating /home/travis/build/icyphy/ptII/ptolemy/actor/lib/test/auto/ConstraintMonitor3.xml
5 ms. Memory: 570368K Free: 397427K (70%)
----------------- Invoking toplevel() on ptolemy.moml.MoMLSimpleApplication@6b41bb2c
----------------- Done invoking toplevel() on ptolemy.moml.MoMLSimpleApplication@6b41bb2c
reloadAllAccessors: .ConstraintMonitor3

===========================================================================================
----------------- testing Fri Jun 21 10:44:23 UTC 2019 /home/travis/build/icyphy/ptII/ptolemy/actor/lib/test/auto/ConstraintMonitor4.xml
----------------- Instantiating /home/travis/build/icyphy/ptII/ptolemy/actor/lib/test/auto/ConstraintMonitor4.xml
4 ms. Memory: 570368K Free: 392307K (69%)
----------------- Invoking toplevel() on ptolemy.moml.MoMLSimpleApplication@d06cb36
----------------- Done invoking toplevel() on ptolemy.moml.MoMLSimpleApplication@d06cb36
reloadAllAccessors: .ConstraintMonitor4

===========================================================================================
----------------- testing Fri Jun 21 10:44:23 UTC 2019 /home/travis/build/icyphy/ptII/ptolemy/actor/lib/test/auto/ConstraintMonitor5.xml
----------------- Instantiating /home/travis/build/icyphy/ptII/ptolemy/actor/lib/test/auto/ConstraintMonitor5.xml
2 ms. Memory: 570368K Free: 387701K (68%)
----------------- Invoking toplevel() on ptolemy.moml.MoMLSimpleApplication@5f81f3e2
----------------- Done invoking toplevel() on ptolemy.moml.MoMLSimpleApplication@5f81f3e2
reloadAllAccessors: .ConstraintMonitor5

===========================================================================================
----------------- testing Fri Jun 21 10:44:23 UTC 2019 /home/travis/build/icyphy/ptII/ptolemy/actor/lib/test/auto/ConstraintMonitor6.xml
----------------- Instantiating /home/travis/build/icyphy/ptII/ptolemy/actor/lib/test/auto/ConstraintMonitor6.xml
5 ms. Memory: 570368K Free: 381557K (67%)
----------------- Invoking toplevel() on ptolemy.moml.MoMLSimpleApplication@4fa28303
----------------- Done invoking toplevel() on ptolemy.moml.MoMLSimpleApplication@4fa28303
reloadAllAccessors: .ConstraintMonitor6

===========================================================================================
----------------- testing Fri Jun 21 10:44:23 UTC 2019 /home/travis/build/icyphy/ptII/ptolemy/actor/lib/test/auto/ConstraintMonitor7.xml
----------------- Instantiating /home/travis/build/icyphy/ptII/ptolemy/actor/lib/test/auto/ConstraintMonitor7.xml
6 ms. Memory: 570368K Free: 375413K (66%)
----------------- Invoking toplevel() on ptolemy.moml.MoMLSimpleApplication@7e38f46d
----------------- Done invoking toplevel() on ptolemy.moml.MoMLSimpleApplication@7e38f46d
reloadAllAccessors: .ConstraintMonitor7

===========================================================================================
----------------- testing Fri Jun 21 10:44:23 UTC 2019 /home/travis/build/icyphy/ptII/ptolemy/actor/lib/test/auto/ConstraintMonitor8.xml
----------------- Instantiating /home/travis/build/icyphy/ptII/ptolemy/actor/lib/test/auto/ConstraintMonitor8.xml
6 ms. Memory: 570368K Free: 367731K (64%)
----------------- Invoking toplevel() on ptolemy.moml.MoMLSimpleApplication@56329c60
----------------- Done invoking toplevel() on ptolemy.moml.MoMLSimpleApplication@56329c60
reloadAllAccessors: .ConstraintMonitor8

===========================================================================================
----------------- testing Fri Jun 21 10:44:23 UTC 2019 /home/travis/build/icyphy/ptII/ptolemy/actor/lib/test/auto/Counter.xml
----------------- Instantiating /home/travis/build/icyphy/ptII/ptolemy/actor/lib/test/auto/Counter.xml
2 ms. Memory: 570368K Free: 362611K (64%)
----------------- Invoking toplevel() on ptolemy.moml.MoMLSimpleApplication@2403d0ad
----------------- Done invoking toplevel() on ptolemy.moml.MoMLSimpleApplication@2403d0ad
reloadAllAccessors: .Counter

===========================================================================================
----------------- testing Fri Jun 21 10:44:23 UTC 2019 /home/travis/build/icyphy/ptII/ptolemy/actor/lib/test/auto/CurrentTimeSDF.xml
----------------- Instantiating /home/travis/build/icyphy/ptII/ptolemy/actor/lib/test/auto/CurrentTimeSDF.xml
2 ms. Memory: 570368K Free: 359029K (63%)
----------------- Invoking toplevel() on ptolemy.moml.MoMLSimpleApplication@69a5491c
----------------- Done invoking toplevel() on ptolemy.moml.MoMLSimpleApplication@69a5491c
reloadAllAccessors: .CurrentTimeSDF

===========================================================================================
----------------- testing Fri Jun 21 10:44:23 UTC 2019 /home/travis/build/icyphy/ptII/ptolemy/actor/lib/test/auto/DB.xml
----------------- Instantiating /home/travis/build/icyphy/ptII/ptolemy/actor/lib/test/auto/DB.xml
2 ms. Memory: 570368K Free: 353395K (62%)
----------------- Invoking toplevel() on ptolemy.moml.MoMLSimpleApplication@45e04080
----------------- Done invoking toplevel() on ptolemy.moml.MoMLSimpleApplication@45e04080
reloadAllAccessors: .DB

===========================================================================================
----------------- testing Fri Jun 21 10:44:23 UTC 2019 /home/travis/build/icyphy/ptII/ptolemy/actor/lib/test/auto/DBDE.xml
----------------- Instantiating /home/travis/build/icyphy/ptII/ptolemy/actor/lib/test/auto/DBDE.xml
2 ms. Memory: 570368K Free: 347237K (61%)
----------------- Invoking toplevel() on ptolemy.moml.MoMLSimpleApplication@5b541472
----------------- Done invoking toplevel() on ptolemy.moml.MoMLSimpleApplication@5b541472
reloadAllAccessors: .DBDE

===========================================================================================
----------------- testing Fri Jun 21 10:44:23 UTC 2019 /home/travis/build/icyphy/ptII/ptolemy/actor/lib/test/auto/DateConstructor.xml
----------------- Instantiating /home/travis/build/icyphy/ptII/ptolemy/actor/lib/test/auto/DateConstructor.xml
32 ms. Memory: 570368K Free: 330357K (58%)
----------------- Invoking toplevel() on ptolemy.moml.MoMLSimpleApplication@625c103f
----------------- Done invoking toplevel() on ptolemy.moml.MoMLSimpleApplication@625c103f
reloadAllAccessors: .DateConstructor

===========================================================================================
----------------- testing Fri Jun 21 10:44:23 UTC 2019 /home/travis/build/icyphy/ptII/ptolemy/actor/lib/test/auto/DelayTime.xml
----------------- Instantiating /home/travis/build/icyphy/ptII/ptolemy/actor/lib/test/auto/DelayTime.xml
7 ms. Memory: 570368K Free: 325237K (57%)
----------------- Invoking toplevel() on ptolemy.moml.MoMLSimpleApplication@3e31ccac
----------------- Done invoking toplevel() on ptolemy.moml.MoMLSimpleApplication@3e31ccac
reloadAllAccessors: .DelayTime

===========================================================================================
----------------- testing Fri Jun 21 10:44:23 UTC 2019 /home/travis/build/icyphy/ptII/ptolemy/actor/lib/test/auto/Dictionary1.xml
----------------- Instantiating /home/travis/build/icyphy/ptII/ptolemy/actor/lib/test/auto/Dictionary1.xml
1 ms. Memory: 570368K Free: 319603K (56%)
----------------- Invoking toplevel() on ptolemy.moml.MoMLSimpleApplication@3e96143f
----------------- Done invoking toplevel() on ptolemy.moml.MoMLSimpleApplication@3e96143f
reloadAllAccessors: .Dictionary1

===========================================================================================
----------------- testing Fri Jun 21 10:44:23 UTC 2019 /home/travis/build/icyphy/ptII/ptolemy/actor/lib/test/auto/Dictionary2.xml
----------------- Instantiating /home/travis/build/icyphy/ptII/ptolemy/actor/lib/test/auto/Dictionary2.xml
2 ms. Memory: 570368K Free: 314483K (55%)
----------------- Invoking toplevel() on ptolemy.moml.MoMLSimpleApplication@51681bd4
----------------- Done invoking toplevel() on ptolemy.moml.MoMLSimpleApplication@51681bd4
reloadAllAccessors: .Dictionary2

===========================================================================================
----------------- testing Fri Jun 21 10:44:23 UTC 2019 /home/travis/build/icyphy/ptII/ptolemy/actor/lib/test/auto/Dictionary3.xml
----------------- Instantiating /home/travis/build/icyphy/ptII/ptolemy/actor/lib/test/auto/Dictionary3.xml
2 ms. Memory: 570368K Free: 308853K (54%)
----------------- Invoking toplevel() on ptolemy.moml.MoMLSimpleApplication@17145063
----------------- Done invoking toplevel() on ptolemy.moml.MoMLSimpleApplication@17145063
reloadAllAccessors: .Dictionary3

===========================================================================================
----------------- testing Fri Jun 21 10:44:23 UTC 2019 /home/travis/build/icyphy/ptII/ptolemy/actor/lib/test/auto/Dictionary4.xml
----------------- Instantiating /home/travis/build/icyphy/ptII/ptolemy/actor/lib/test/auto/Dictionary4.xml
4 ms. Memory: 570368K Free: 301685K (53%)
----------------- Invoking toplevel() on ptolemy.moml.MoMLSimpleApplication@10172d35
----------------- Done invoking toplevel() on ptolemy.moml.MoMLSimpleApplication@10172d35
reloadAllAccessors: .Dictionary4

===========================================================================================
----------------- testing Fri Jun 21 10:44:23 UTC 2019 /home/travis/build/icyphy/ptII/ptolemy/actor/lib/test/auto/Differential.xml
----------------- Instantiating /home/travis/build/icyphy/ptII/ptolemy/actor/lib/test/auto/Differential.xml
2 ms. Memory: 570368K Free: 297075K (52%)
----------------- Invoking toplevel() on ptolemy.moml.MoMLSimpleApplication@2cd671ca
----------------- Done invoking toplevel() on ptolemy.moml.MoMLSimpleApplication@2cd671ca
reloadAllAccessors: .Differential

===========================================================================================
----------------- testing Fri Jun 21 10:44:23 UTC 2019 /home/travis/build/icyphy/ptII/ptolemy/actor/lib/test/auto/Director.xml
----------------- Instantiating /home/travis/build/icyphy/ptII/ptolemy/actor/lib/test/auto/Director.xml
4 ms. Memory: 570368K Free: 294003K (52%)
----------------- Invoking toplevel() on ptolemy.moml.MoMLSimpleApplication@73a17bd3
----------------- Done invoking toplevel() on ptolemy.moml.MoMLSimpleApplication@73a17bd3
reloadAllAccessors: .Director

===========================================================================================
----------------- testing Fri Jun 21 10:44:23 UTC 2019 /home/travis/build/icyphy/ptII/ptolemy/actor/lib/test/auto/DiscreteClock.xml
----------------- Instantiating /home/travis/build/icyphy/ptII/ptolemy/actor/lib/test/auto/DiscreteClock.xml
2 ms. Memory: 570368K Free: 289907K (51%)
----------------- Invoking toplevel() on ptolemy.moml.MoMLSimpleApplication@6c9c5da7
----------------- Done invoking toplevel() on ptolemy.moml.MoMLSimpleApplication@6c9c5da7
reloadAllAccessors: .DiscreteClock

===========================================================================================
----------------- testing Fri Jun 21 10:44:23 UTC 2019 /home/travis/build/icyphy/ptII/ptolemy/actor/lib/test/auto/DiscreteClock10.xml
----------------- Instantiating /home/travis/build/icyphy/ptII/ptolemy/actor/lib/test/auto/DiscreteClock10.xml
5 ms. Memory: 570368K Free: 283763K (50%)
----------------- Invoking toplevel() on ptolemy.moml.MoMLSimpleApplication@78ad56a4
----------------- Done invoking toplevel() on ptolemy.moml.MoMLSimpleApplication@78ad56a4
reloadAllAccessors: .DiscreteClock10

===========================================================================================
----------------- testing Fri Jun 21 10:44:23 UTC 2019 /home/travis/build/icyphy/ptII/ptolemy/actor/lib/test/auto/DiscreteClock11.xml
----------------- Instantiating /home/travis/build/icyphy/ptII/ptolemy/actor/lib/test/auto/DiscreteClock11.xml
3 ms. Memory: 570368K Free: 278133K (49%)
----------------- Invoking toplevel() on ptolemy.moml.MoMLSimpleApplication@665105e8
----------------- Done invoking toplevel() on ptolemy.moml.MoMLSimpleApplication@665105e8
reloadAllAccessors: .DiscreteClock11

===========================================================================================
----------------- testing Fri Jun 21 10:44:23 UTC 2019 /home/travis/build/icyphy/ptII/ptolemy/actor/lib/test/auto/DiscreteClock12.xml
----------------- Instantiating /home/travis/build/icyphy/ptII/ptolemy/actor/lib/test/auto/DiscreteClock12.xml
2 ms. Memory: 570368K Free: 271989K (48%)
----------------- Invoking toplevel() on ptolemy.moml.MoMLSimpleApplication@625e80e3
----------------- Done invoking toplevel() on ptolemy.moml.MoMLSimpleApplication@625e80e3
reloadAllAccessors: .DiscreteClock12

===========================================================================================
----------------- testing Fri Jun 21 10:44:23 UTC 2019 /home/travis/build/icyphy/ptII/ptolemy/actor/lib/test/auto/DiscreteClock13.xml
----------------- Instantiating /home/travis/build/icyphy/ptII/ptolemy/actor/lib/test/auto/DiscreteClock13.xml
3 ms. Memory: 570368K Free: 265845K (47%)
----------------- Invoking toplevel() on ptolemy.moml.MoMLSimpleApplication@29c5f78f
----------------- Done invoking toplevel() on ptolemy.moml.MoMLSimpleApplication@29c5f78f
reloadAllAccessors: .DiscreteClock13

===========================================================================================
----------------- testing Fri Jun 21 10:44:23 UTC 2019 /home/travis/build/icyphy/ptII/ptolemy/actor/lib/test/auto/DiscreteClock14.xml
----------------- Instantiating /home/travis/build/icyphy/ptII/ptolemy/actor/lib/test/auto/DiscreteClock14.xml
3 ms. Memory: 570368K Free: 259701K (46%)
----------------- Invoking toplevel() on ptolemy.moml.MoMLSimpleApplication@585dc692
----------------- Done invoking toplevel() on ptolemy.moml.MoMLSimpleApplication@585dc692
reloadAllAccessors: .DiscreteClock14

===========================================================================================
----------------- testing Fri Jun 21 10:44:23 UTC 2019 /home/travis/build/icyphy/ptII/ptolemy/actor/lib/test/auto/DiscreteClock15.xml
----------------- Instantiating /home/travis/build/icyphy/ptII/ptolemy/actor/lib/test/auto/DiscreteClock15.xml
3 ms. Memory: 570368K Free: 254053K (45%)
----------------- Invoking toplevel() on ptolemy.moml.MoMLSimpleApplication@4398547b
----------------- Done invoking toplevel() on ptolemy.moml.MoMLSimpleApplication@4398547b
reloadAllAccessors: .DiscreteClock15

===========================================================================================
----------------- testing Fri Jun 21 10:44:23 UTC 2019 /home/travis/build/icyphy/ptII/ptolemy/actor/lib/test/auto/DiscreteClock16.xml
----------------- Instantiating /home/travis/build/icyphy/ptII/ptolemy/actor/lib/test/auto/DiscreteClock16.xml
14 ms. Memory: 570368K Free: 240245K (42%)
----------------- Invoking toplevel() on ptolemy.moml.MoMLSimpleApplication@13015ffd
----------------- Done invoking toplevel() on ptolemy.moml.MoMLSimpleApplication@13015ffd
reloadAllAccessors: .DiscreteClock16

===========================================================================================
----------------- testing Fri Jun 21 10:44:24 UTC 2019 /home/travis/build/icyphy/ptII/ptolemy/actor/lib/test/auto/DiscreteClock17.xml
----------------- Instantiating /home/travis/build/icyphy/ptII/ptolemy/actor/lib/test/auto/DiscreteClock17.xml
13 ms. Memory: 570368K Free: 225395K (40%)
----------------- Invoking toplevel() on ptolemy.moml.MoMLSimpleApplication@254f7d99
----------------- Done invoking toplevel() on ptolemy.moml.MoMLSimpleApplication@254f7d99
reloadAllAccessors: .DiscreteClock17

===========================================================================================
----------------- testing Fri Jun 21 10:44:24 UTC 2019 /home/travis/build/icyphy/ptII/ptolemy/actor/lib/test/auto/DiscreteClock18.xml
----------------- Instantiating /home/travis/build/icyphy/ptII/ptolemy/actor/lib/test/auto/DiscreteClock18.xml
11 ms. Memory: 570368K Free: 212083K (37%)
----------------- Invoking toplevel() on ptolemy.moml.MoMLSimpleApplication@50571086
----------------- Done invoking toplevel() on ptolemy.moml.MoMLSimpleApplication@50571086
reloadAllAccessors: .DiscreteClock18

===========================================================================================
----------------- testing Fri Jun 21 10:44:24 UTC 2019 /home/travis/build/icyphy/ptII/ptolemy/actor/lib/test/auto/DiscreteClock19.xml
----------------- Instantiating /home/travis/build/icyphy/ptII/ptolemy/actor/lib/test/auto/DiscreteClock19.xml
13 ms. Memory: 570368K Free: 518904K (91%)
----------------- Invoking toplevel() on ptolemy.moml.MoMLSimpleApplication@14ca4e6
----------------- Done invoking toplevel() on ptolemy.moml.MoMLSimpleApplication@14ca4e6
reloadAllAccessors: .DiscreteClock19

===========================================================================================
----------------- testing Fri Jun 21 10:44:24 UTC 2019 /home/travis/build/icyphy/ptII/ptolemy/actor/lib/test/auto/DiscreteClock2.xml
----------------- Instantiating /home/travis/build/icyphy/ptII/ptolemy/actor/lib/test/auto/DiscreteClock2.xml
4 ms. Memory: 570368K Free: 513779K (90%)
----------------- Invoking toplevel() on ptolemy.moml.MoMLSimpleApplication@a845f13
----------------- Done invoking toplevel() on ptolemy.moml.MoMLSimpleApplication@a845f13
reloadAllAccessors: .DiscreteClock2

===========================================================================================
----------------- testing Fri Jun 21 10:44:24 UTC 2019 /home/travis/build/icyphy/ptII/ptolemy/actor/lib/test/auto/DiscreteClock20.xml
----------------- Instantiating /home/travis/build/icyphy/ptII/ptolemy/actor/lib/test/auto/DiscreteClock20.xml
5 ms. Memory: 570368K Free: 508163K (89%)
----------------- Invoking toplevel() on ptolemy.moml.MoMLSimpleApplication@68f36ba7
----------------- Done invoking toplevel() on ptolemy.moml.MoMLSimpleApplication@68f36ba7
reloadAllAccessors: .DiscreteClock20

===========================================================================================
----------------- testing Fri Jun 21 10:44:24 UTC 2019 /home/travis/build/icyphy/ptII/ptolemy/actor/lib/test/auto/DiscreteClock21.xml
----------------- Instantiating /home/travis/build/icyphy/ptII/ptolemy/actor/lib/test/auto/DiscreteClock21.xml
7 ms. Memory: 570368K Free: 502529K (88%)
----------------- Invoking toplevel() on ptolemy.moml.MoMLSimpleApplication@729a98a9
----------------- Done invoking toplevel() on ptolemy.moml.MoMLSimpleApplication@729a98a9
reloadAllAccessors: .DiscreteClock21

===========================================================================================
----------------- testing Fri Jun 21 10:44:24 UTC 2019 /home/travis/build/icyphy/ptII/ptolemy/actor/lib/test/auto/DiscreteClock22.xml
----------------- Instantiating /home/travis/build/icyphy/ptII/ptolemy/actor/lib/test/auto/DiscreteClock22.xml
6 ms. Memory: 570368K Free: 496899K (87%)
----------------- Invoking toplevel() on ptolemy.moml.MoMLSimpleApplication@54bad0cc
----------------- Done invoking toplevel() on ptolemy.moml.MoMLSimpleApplication@54bad0cc
reloadAllAccessors: .DiscreteClock22

===========================================================================================
----------------- testing Fri Jun 21 10:44:24 UTC 2019 /home/travis/build/icyphy/ptII/ptolemy/actor/lib/test/auto/DiscreteClock23.xml
----------------- Instantiating /home/travis/build/icyphy/ptII/ptolemy/actor/lib/test/auto/DiscreteClock23.xml
5 ms. Memory: 570368K Free: 491779K (86%)
----------------- Invoking toplevel() on ptolemy.moml.MoMLSimpleApplication@35b6396c
----------------- Done invoking toplevel() on ptolemy.moml.MoMLSimpleApplication@35b6396c
reloadAllAccessors: .DiscreteClock23

===========================================================================================
----------------- testing Fri Jun 21 10:44:24 UTC 2019 /home/travis/build/icyphy/ptII/ptolemy/actor/lib/test/auto/DiscreteClock24.xml
----------------- Instantiating /home/travis/build/icyphy/ptII/ptolemy/actor/lib/test/auto/DiscreteClock24.xml
7 ms. Memory: 570368K Free: 486145K (85%)
----------------- Invoking toplevel() on ptolemy.moml.MoMLSimpleApplication@36c234c4
----------------- Done invoking toplevel() on ptolemy.moml.MoMLSimpleApplication@36c234c4
reloadAllAccessors: .DiscreteClock24

===========================================================================================
----------------- testing Fri Jun 21 10:44:24 UTC 2019 /home/travis/build/icyphy/ptII/ptolemy/actor/lib/test/auto/DiscreteClock4.xml
----------------- Instantiating /home/travis/build/icyphy/ptII/ptolemy/actor/lib/test/auto/DiscreteClock4.xml
4 ms. Memory: 570368K Free: 480515K (84%)
----------------- Invoking toplevel() on ptolemy.moml.MoMLSimpleApplication@41ae07cc
----------------- Done invoking toplevel() on ptolemy.moml.MoMLSimpleApplication@41ae07cc
reloadAllAccessors: .DiscreteClock4

===========================================================================================
----------------- testing Fri Jun 21 10:44:24 UTC 2019 /home/travis/build/icyphy/ptII/ptolemy/actor/lib/test/auto/DiscreteClock5.xml
----------------- Instantiating /home/travis/build/icyphy/ptII/ptolemy/actor/lib/test/auto/DiscreteClock5.xml
2 ms. Memory: 570368K Free: 474867K (83%)
----------------- Invoking toplevel() on ptolemy.moml.MoMLSimpleApplication@200b91a7
----------------- Done invoking toplevel() on ptolemy.moml.MoMLSimpleApplication@200b91a7
reloadAllAccessors: .DiscreteClock5

===========================================================================================
----------------- testing Fri Jun 21 10:44:24 UTC 2019 /home/travis/build/icyphy/ptII/ptolemy/actor/lib/test/auto/DiscreteClock6.xml
----------------- Instantiating /home/travis/build/icyphy/ptII/ptolemy/actor/lib/test/auto/DiscreteClock6.xml
1 ms. Memory: 570368K Free: 471299K (83%)
----------------- Invoking toplevel() on ptolemy.moml.MoMLSimpleApplication@16fe4cf
----------------- Done invoking toplevel() on ptolemy.moml.MoMLSimpleApplication@16fe4cf
reloadAllAccessors: .DiscreteClock6

===========================================================================================
----------------- testing Fri Jun 21 10:44:24 UTC 2019 /home/travis/build/icyphy/ptII/ptolemy/actor/lib/test/auto/DiscreteClock7.xml
----------------- Instantiating /home/travis/build/icyphy/ptII/ptolemy/actor/lib/test/auto/DiscreteClock7.xml
2 ms. Memory: 570368K Free: 466689K (82%)
----------------- Invoking toplevel() on ptolemy.moml.MoMLSimpleApplication@57a8fb10
----------------- Done invoking toplevel() on ptolemy.moml.MoMLSimpleApplication@57a8fb10
reloadAllAccessors: .DiscreteClock7

===========================================================================================
----------------- testing Fri Jun 21 10:44:24 UTC 2019 /home/travis/build/icyphy/ptII/ptolemy/actor/lib/test/auto/DiscreteClock8.xml
----------------- Instantiating /home/travis/build/icyphy/ptII/ptolemy/actor/lib/test/auto/DiscreteClock8.xml
2 ms. Memory: 570368K Free: 461059K (81%)
----------------- Invoking toplevel() on ptolemy.moml.MoMLSimpleApplication@7dcb64a1
----------------- Done invoking toplevel() on ptolemy.moml.MoMLSimpleApplication@7dcb64a1
reloadAllAccessors: .DiscreteClock8

===========================================================================================
----------------- testing Fri Jun 21 10:44:24 UTC 2019 /home/travis/build/icyphy/ptII/ptolemy/actor/lib/test/auto/DiscreteClock9.xml
----------------- Instantiating /home/travis/build/icyphy/ptII/ptolemy/actor/lib/test/auto/DiscreteClock9.xml
5 ms. Memory: 570368K Free: 455395K (80%)
----------------- Invoking toplevel() on ptolemy.moml.MoMLSimpleApplication@7d3c11cc
----------------- Done invoking toplevel() on ptolemy.moml.MoMLSimpleApplication@7d3c11cc
reloadAllAccessors: .DiscreteClock9

===========================================================================================
----------------- testing Fri Jun 21 10:44:24 UTC 2019 /home/travis/build/icyphy/ptII/ptolemy/actor/lib/test/auto/DisplayArray.xml
----------------- Instantiating /home/travis/build/icyphy/ptII/ptolemy/actor/lib/test/auto/DisplayArray.xml
3 ms. Memory: 570368K Free: 451843K (79%)
----------------- Invoking toplevel() on ptolemy.moml.MoMLSimpleApplication@6c1aa081
----------------- Done invoking toplevel() on ptolemy.moml.MoMLSimpleApplication@6c1aa081
reloadAllAccessors: .DisplayArray

===========================================================================================
----------------- testing Fri Jun 21 10:44:24 UTC 2019 /home/travis/build/icyphy/ptII/ptolemy/actor/lib/test/auto/Distributor.xml
----------------- Instantiating /home/travis/build/icyphy/ptII/ptolemy/actor/lib/test/auto/Distributor.xml
2 ms. Memory: 570368K Free: 447233K (78%)
----------------- Invoking toplevel() on ptolemy.moml.MoMLSimpleApplication@7367e26a
----------------- Done invoking toplevel() on ptolemy.moml.MoMLSimpleApplication@7367e26a
reloadAllAccessors: .Distributor

===========================================================================================
----------------- testing Fri Jun 21 10:44:24 UTC 2019 /home/travis/build/icyphy/ptII/ptolemy/actor/lib/test/auto/Distributor2.xml
----------------- Instantiating /home/travis/build/icyphy/ptII/ptolemy/actor/lib/test/auto/Distributor2.xml
1 ms. Memory: 570368K Free: 442627K (78%)
----------------- Invoking toplevel() on ptolemy.moml.MoMLSimpleApplication@1a97ccb9
----------------- Done invoking toplevel() on ptolemy.moml.MoMLSimpleApplication@1a97ccb9
reloadAllAccessors: .Distributor2

===========================================================================================
----------------- testing Fri Jun 21 10:44:24 UTC 2019 /home/travis/build/icyphy/ptII/ptolemy/actor/lib/test/auto/DownSample.xml
----------------- Instantiating /home/travis/build/icyphy/ptII/ptolemy/actor/lib/test/auto/DownSample.xml
1 ms. Memory: 570368K Free: 438017K (77%)
----------------- Invoking toplevel() on ptolemy.moml.MoMLSimpleApplication@31895e56
----------------- Done invoking toplevel() on ptolemy.moml.MoMLSimpleApplication@31895e56
reloadAllAccessors: .DownSample

===========================================================================================
----------------- testing Fri Jun 21 10:44:24 UTC 2019 /home/travis/build/icyphy/ptII/ptolemy/actor/lib/test/auto/ElectronicUnitBase1.xml
----------------- Instantiating /home/travis/build/icyphy/ptII/ptolemy/actor/lib/test/auto/ElectronicUnitBase1.xml
17 ms. Memory: 570368K Free: 422147K (74%)
----------------- Invoking toplevel() on ptolemy.moml.MoMLSimpleApplication@1fe6e643
----------------- Done invoking toplevel() on ptolemy.moml.MoMLSimpleApplication@1fe6e643
reloadAllAccessors: .ElectronicUnitBase1

===========================================================================================
----------------- testing Fri Jun 21 10:44:24 UTC 2019 /home/travis/build/icyphy/ptII/ptolemy/actor/lib/test/auto/ElementsToArray.xml
----------------- Instantiating /home/travis/build/icyphy/ptII/ptolemy/actor/lib/test/auto/ElementsToArray.xml
3 ms. Memory: 570368K Free: 417027K (73%)
----------------- Invoking toplevel() on ptolemy.moml.MoMLSimpleApplication@4eac8a33
----------------- Done invoking toplevel() on ptolemy.moml.MoMLSimpleApplication@4eac8a33
reloadAllAccessors: .ElementsToArray

===========================================================================================
----------------- testing Fri Jun 21 10:44:24 UTC 2019 /home/travis/build/icyphy/ptII/ptolemy/actor/lib/test/auto/Equals.xml
----------------- Instantiating /home/travis/build/icyphy/ptII/ptolemy/actor/lib/test/auto/Equals.xml
3 ms. Memory: 570368K Free: 412931K (72%)
----------------- Invoking toplevel() on ptolemy.moml.MoMLSimpleApplication@1c427fac
----------------- Done invoking toplevel() on ptolemy.moml.MoMLSimpleApplication@1c427fac
reloadAllAccessors: .Equals

===========================================================================================
----------------- testing Fri Jun 21 10:44:24 UTC 2019 /home/travis/build/icyphy/ptII/ptolemy/actor/lib/test/auto/Exec.xml
----------------- Instantiating /home/travis/build/icyphy/ptII/ptolemy/actor/lib/test/auto/Exec.xml
22 ms. Memory: 570368K Free: 407297K (71%)
----------------- Invoking toplevel() on ptolemy.moml.MoMLSimpleApplication@25cc10dd
----------------- Done invoking toplevel() on ptolemy.moml.MoMLSimpleApplication@25cc10dd
reloadAllAccessors: .Exec

===========================================================================================
----------------- testing Fri Jun 21 10:44:24 UTC 2019 /home/travis/build/icyphy/ptII/ptolemy/actor/lib/test/auto/ExecEnvironment.xml
----------------- Instantiating /home/travis/build/icyphy/ptII/ptolemy/actor/lib/test/auto/ExecEnvironment.xml
35 ms. Memory: 570368K Free: 401667K (70%)
----------------- Invoking toplevel() on ptolemy.moml.MoMLSimpleApplication@1bb049b6
----------------- Done invoking toplevel() on ptolemy.moml.MoMLSimpleApplication@1bb049b6
reloadAllAccessors: .ExecEnvironment

===========================================================================================
----------------- testing Fri Jun 21 10:44:24 UTC 2019 /home/travis/build/icyphy/ptII/ptolemy/actor/lib/test/auto/ExecNonZeroReturnOutput.xml
----------------- Instantiating /home/travis/build/icyphy/ptII/ptolemy/actor/lib/test/auto/ExecNonZeroReturnOutput.xml
199 ms. Memory: 570368K Free: 390403K (68%)
----------------- Invoking toplevel() on ptolemy.moml.MoMLSimpleApplication@22da78f5
----------------- Done invoking toplevel() on ptolemy.moml.MoMLSimpleApplication@22da78f5
reloadAllAccessors: .ExecNonZeroReturnOutput

===========================================================================================
----------------- testing Fri Jun 21 10:44:24 UTC 2019 /home/travis/build/icyphy/ptII/ptolemy/actor/lib/test/auto/ExecRunDemos.xml
----------------- Instantiating /home/travis/build/icyphy/ptII/ptolemy/actor/lib/test/auto/ExecRunDemos.xml
10917 ms. Memory: 570368K Free: 370947K (65%)

===========================================================================================
----------------- testing Fri Jun 21 10:44:35 UTC 2019 /home/travis/build/icyphy/ptII/ptolemy/actor/lib/test/auto/ExecStop.xml
----------------- Instantiating /home/travis/build/icyphy/ptII/ptolemy/actor/lib/test/auto/ExecStop.xml
5015 ms. Memory: 570368K Free: 249089K (44%)
----------------- Invoking toplevel() on ptolemy.moml.MoMLSimpleApplication@30701cce
----------------- Done invoking toplevel() on ptolemy.moml.MoMLSimpleApplication@30701cce
reloadAllAccessors: .ExecStop

===========================================================================================
----------------- testing Fri Jun 21 10:44:40 UTC 2019 /home/travis/build/icyphy/ptII/ptolemy/actor/lib/test/auto/ExecutionTimeSDF.xml
----------------- Instantiating /home/travis/build/icyphy/ptII/ptolemy/actor/lib/test/auto/ExecutionTimeSDF.xml
Fired ExecutionTime: 2126400000
Fired ExecutionTime: 1067600000
Fired ExecutionTime: -840567296
6008 ms. Memory: 570368K Free: 237299K (42%)
----------------- Invoking toplevel() on ptolemy.moml.MoMLSimpleApplication@5422d6f5
----------------- Done invoking toplevel() on ptolemy.moml.MoMLSimpleApplication@5422d6f5
reloadAllAccessors: .ExecutionTimeSDF

===========================================================================================
----------------- testing Fri Jun 21 10:44:46 UTC 2019 /home/travis/build/icyphy/ptII/ptolemy/actor/lib/test/auto/Expression1.xml
----------------- Instantiating /home/travis/build/icyphy/ptII/ptolemy/actor/lib/test/auto/Expression1.xml
2 ms. Memory: 570368K Free: 233731K (41%)
----------------- Invoking toplevel() on ptolemy.moml.MoMLSimpleApplication@16fff5c9
----------------- Done invoking toplevel() on ptolemy.moml.MoMLSimpleApplication@16fff5c9
reloadAllAccessors: .Expression1

===========================================================================================
----------------- testing Fri Jun 21 10:44:47 UTC 2019 /home/travis/build/icyphy/ptII/ptolemy/actor/lib/test/auto/Expression10.xml
----------------- Instantiating /home/travis/build/icyphy/ptII/ptolemy/actor/lib/test/auto/Expression10.xml
11 ms. Memory: 570368K Free: 228097K (40%)
----------------- Invoking toplevel() on ptolemy.moml.MoMLSimpleApplication@6d0dff87
----------------- Done invoking toplevel() on ptolemy.moml.MoMLSimpleApplication@6d0dff87
reloadAllAccessors: .Expression10

===========================================================================================
----------------- testing Fri Jun 21 10:44:47 UTC 2019 /home/travis/build/icyphy/ptII/ptolemy/actor/lib/test/auto/Expression11.xml
----------------- Instantiating /home/travis/build/icyphy/ptII/ptolemy/actor/lib/test/auto/Expression11.xml
2 ms. Memory: 570368K Free: 223491K (39%)
----------------- Invoking toplevel() on ptolemy.moml.MoMLSimpleApplication@5488a516
----------------- Done invoking toplevel() on ptolemy.moml.MoMLSimpleApplication@5488a516
reloadAllAccessors: .Expression11

===========================================================================================
----------------- testing Fri Jun 21 10:44:47 UTC 2019 /home/travis/build/icyphy/ptII/ptolemy/actor/lib/test/auto/Expression12.xml
----------------- Instantiating /home/travis/build/icyphy/ptII/ptolemy/actor/lib/test/auto/Expression12.xml
4 ms. Memory: 570368K Free: 218371K (38%)
----------------- Invoking toplevel() on ptolemy.moml.MoMLSimpleApplication@12ec7b71
----------------- Done invoking toplevel() on ptolemy.moml.MoMLSimpleApplication@12ec7b71
reloadAllAccessors: .Expression12

===========================================================================================
----------------- testing Fri Jun 21 10:44:47 UTC 2019 /home/travis/build/icyphy/ptII/ptolemy/actor/lib/test/auto/Expression13.xml
----------------- Instantiating /home/travis/build/icyphy/ptII/ptolemy/actor/lib/test/auto/Expression13.xml
5 ms. Memory: 570368K Free: 213251K (37%)
----------------- Invoking toplevel() on ptolemy.moml.MoMLSimpleApplication@6daee14a
----------------- Done invoking toplevel() on ptolemy.moml.MoMLSimpleApplication@6daee14a
reloadAllAccessors: .Expression13

===========================================================================================
----------------- testing Fri Jun 21 10:44:47 UTC 2019 /home/travis/build/icyphy/ptII/ptolemy/actor/lib/test/auto/Expression14.xml
----------------- Instantiating /home/travis/build/icyphy/ptII/ptolemy/actor/lib/test/auto/Expression14.xml
9 ms. Memory: 570368K Free: 207107K (36%)
----------------- Invoking toplevel() on ptolemy.moml.MoMLSimpleApplication@7db0e728
----------------- Done invoking toplevel() on ptolemy.moml.MoMLSimpleApplication@7db0e728
reloadAllAccessors: .Expression14

===========================================================================================
----------------- testing Fri Jun 21 10:44:47 UTC 2019 /home/travis/build/icyphy/ptII/ptolemy/actor/lib/test/auto/Expression15.xml
----------------- Instantiating /home/travis/build/icyphy/ptII/ptolemy/actor/lib/test/auto/Expression15.xml
2 ms. Memory: 570368K Free: 203011K (36%)
----------------- Invoking toplevel() on ptolemy.moml.MoMLSimpleApplication@1f35b35
----------------- Done invoking toplevel() on ptolemy.moml.MoMLSimpleApplication@1f35b35
reloadAllAccessors: .Expression15

===========================================================================================
----------------- testing Fri Jun 21 10:44:47 UTC 2019 /home/travis/build/icyphy/ptII/ptolemy/actor/lib/test/auto/Expression16.xml
----------------- Instantiating /home/travis/build/icyphy/ptII/ptolemy/actor/lib/test/auto/Expression16.xml
3 ms. Memory: 570368K Free: 197891K (35%)
----------------- Invoking toplevel() on ptolemy.moml.MoMLSimpleApplication@5f57124c
----------------- Done invoking toplevel() on ptolemy.moml.MoMLSimpleApplication@5f57124c
reloadAllAccessors: .Expression16

===========================================================================================
----------------- testing Fri Jun 21 10:44:47 UTC 2019 /home/travis/build/icyphy/ptII/ptolemy/actor/lib/test/auto/Expression17.xml
----------------- Instantiating /home/travis/build/icyphy/ptII/ptolemy/actor/lib/test/auto/Expression17.xml
4 ms. Memory: 570368K Free: 193281K (34%)
----------------- Invoking toplevel() on ptolemy.moml.MoMLSimpleApplication@199219c4
----------------- Done invoking toplevel() on ptolemy.moml.MoMLSimpleApplication@199219c4
reloadAllAccessors: .Expression17

===========================================================================================
----------------- testing Fri Jun 21 10:44:47 UTC 2019 /home/travis/build/icyphy/ptII/ptolemy/actor/lib/test/auto/Expression18.xml
----------------- Instantiating /home/travis/build/icyphy/ptII/ptolemy/actor/lib/test/auto/Expression18.xml
2 ms. Memory: 570368K Free: 519425K (91%)
----------------- Invoking toplevel() on ptolemy.moml.MoMLSimpleApplication@6561fbb1
----------------- Done invoking toplevel() on ptolemy.moml.MoMLSimpleApplication@6561fbb1
reloadAllAccessors: .Expression18

===========================================================================================
----------------- testing Fri Jun 21 10:44:47 UTC 2019 /home/travis/build/icyphy/ptII/ptolemy/actor/lib/test/auto/Expression2.xml
----------------- Instantiating /home/travis/build/icyphy/ptII/ptolemy/actor/lib/test/auto/Expression2.xml
4 ms. Memory: 570368K Free: 514305K (90%)
----------------- Invoking toplevel() on ptolemy.moml.MoMLSimpleApplication@5c19c5c6
----------------- Done invoking toplevel() on ptolemy.moml.MoMLSimpleApplication@5c19c5c6
reloadAllAccessors: .Expression2

===========================================================================================
----------------- testing Fri Jun 21 10:44:47 UTC 2019 /home/travis/build/icyphy/ptII/ptolemy/actor/lib/test/auto/Expression3.xml
----------------- Instantiating /home/travis/build/icyphy/ptII/ptolemy/actor/lib/test/auto/Expression3.xml
7 ms. Memory: 570368K Free: 509185K (89%)
----------------- Invoking toplevel() on ptolemy.moml.MoMLSimpleApplication@4c437505
----------------- Done invoking toplevel() on ptolemy.moml.MoMLSimpleApplication@4c437505
reloadAllAccessors: .Expression3

===========================================================================================
----------------- testing Fri Jun 21 10:44:47 UTC 2019 /home/travis/build/icyphy/ptII/ptolemy/actor/lib/test/auto/Expression4.xml
----------------- Instantiating /home/travis/build/icyphy/ptII/ptolemy/actor/lib/test/auto/Expression4.xml
6 ms. Memory: 570368K Free: 501507K (88%)
----------------- Invoking toplevel() on ptolemy.moml.MoMLSimpleApplication@7f5f409e
----------------- Done invoking toplevel() on ptolemy.moml.MoMLSimpleApplication@7f5f409e
reloadAllAccessors: .Expression4

===========================================================================================
----------------- testing Fri Jun 21 10:44:47 UTC 2019 /home/travis/build/icyphy/ptII/ptolemy/actor/lib/test/auto/Expression5.xml
----------------- Instantiating /home/travis/build/icyphy/ptII/ptolemy/actor/lib/test/auto/Expression5.xml
4 ms. Memory: 570368K Free: 496387K (87%)
----------------- Invoking toplevel() on ptolemy.moml.MoMLSimpleApplication@42d826f2
----------------- Done invoking toplevel() on ptolemy.moml.MoMLSimpleApplication@42d826f2
reloadAllAccessors: .Expression5

===========================================================================================
----------------- testing Fri Jun 21 10:44:47 UTC 2019 /home/travis/build/icyphy/ptII/ptolemy/actor/lib/test/auto/Expression6.xml
----------------- Instantiating /home/travis/build/icyphy/ptII/ptolemy/actor/lib/test/auto/Expression6.xml
2 ms. Memory: 570368K Free: 491777K (86%)
----------------- Invoking toplevel() on ptolemy.moml.MoMLSimpleApplication@67d2d971
----------------- Done invoking toplevel() on ptolemy.moml.MoMLSimpleApplication@67d2d971
reloadAllAccessors: .Expression6

===========================================================================================
----------------- testing Fri Jun 21 10:44:47 UTC 2019 /home/travis/build/icyphy/ptII/ptolemy/actor/lib/test/auto/Expression7.xml
----------------- Instantiating /home/travis/build/icyphy/ptII/ptolemy/actor/lib/test/auto/Expression7.xml
3 ms. Memory: 570368K Free: 487171K (85%)
----------------- Invoking toplevel() on ptolemy.moml.MoMLSimpleApplication@30d360cb
----------------- Done invoking toplevel() on ptolemy.moml.MoMLSimpleApplication@30d360cb
reloadAllAccessors: .Expression7

===========================================================================================
----------------- testing Fri Jun 21 10:44:47 UTC 2019 /home/travis/build/icyphy/ptII/ptolemy/actor/lib/test/auto/Expression8.xml
----------------- Instantiating /home/travis/build/icyphy/ptII/ptolemy/actor/lib/test/auto/Expression8.xml
9 ms. Memory: 570368K Free: 482051K (85%)
----------------- Invoking toplevel() on ptolemy.moml.MoMLSimpleApplication@3082ffd4
----------------- Done invoking toplevel() on ptolemy.moml.MoMLSimpleApplication@3082ffd4
reloadAllAccessors: .Expression8

===========================================================================================
----------------- testing Fri Jun 21 10:44:47 UTC 2019 /home/travis/build/icyphy/ptII/ptolemy/actor/lib/test/auto/Expression9.xml
----------------- Instantiating /home/travis/build/icyphy/ptII/ptolemy/actor/lib/test/auto/Expression9.xml
1 ms. Memory: 570368K Free: 477955K (84%)
----------------- Invoking toplevel() on ptolemy.moml.MoMLSimpleApplication@35699b70
----------------- Done invoking toplevel() on ptolemy.moml.MoMLSimpleApplication@35699b70
reloadAllAccessors: .Expression9

===========================================================================================
----------------- testing Fri Jun 21 10:44:47 UTC 2019 /home/travis/build/icyphy/ptII/ptolemy/actor/lib/test/auto/ExpressionConcatenateArrayType.xml
----------------- Instantiating /home/travis/build/icyphy/ptII/ptolemy/actor/lib/test/auto/ExpressionConcatenateArrayType.xml
3 ms. Memory: 570368K Free: 471297K (83%)
----------------- Invoking toplevel() on ptolemy.moml.MoMLSimpleApplication@29f57747
----------------- Done invoking toplevel() on ptolemy.moml.MoMLSimpleApplication@29f57747
reloadAllAccessors: .ExpressionConcatenateArrayType

===========================================================================================
----------------- testing Fri Jun 21 10:44:47 UTC 2019 /home/travis/build/icyphy/ptII/ptolemy/actor/lib/test/auto/ExpressionConcatenateArrayType2.xml
----------------- Instantiating /home/travis/build/icyphy/ptII/ptolemy/actor/lib/test/auto/ExpressionConcatenateArrayType2.xml
2 ms. Memory: 570368K Free: 465667K (82%)
----------------- Invoking toplevel() on ptolemy.moml.MoMLSimpleApplication@4a4422f
----------------- Done invoking toplevel() on ptolemy.moml.MoMLSimpleApplication@4a4422f
reloadAllAccessors: .ExpressionConcatenateArrayType2

===========================================================================================
----------------- testing Fri Jun 21 10:44:47 UTC 2019 /home/travis/build/icyphy/ptII/ptolemy/actor/lib/test/auto/ExpressionFix.xml
----------------- Instantiating /home/travis/build/icyphy/ptII/ptolemy/actor/lib/test/auto/ExpressionFix.xml
25 ms. Memory: 570368K Free: 459521K (81%)
----------------- Invoking toplevel() on ptolemy.moml.MoMLSimpleApplication@42116e78
----------------- Done invoking toplevel() on ptolemy.moml.MoMLSimpleApplication@42116e78
reloadAllAccessors: .ExpressionFix

===========================================================================================
----------------- testing Fri Jun 21 10:44:47 UTC 2019 /home/travis/build/icyphy/ptII/ptolemy/actor/lib/test/auto/ExpressionFix2.xml
----------------- Instantiating /home/travis/build/icyphy/ptII/ptolemy/actor/lib/test/auto/ExpressionFix2.xml
2 ms. Memory: 570368K Free: 455427K (80%)
----------------- Invoking toplevel() on ptolemy.moml.MoMLSimpleApplication@ccc1617
----------------- Done invoking toplevel() on ptolemy.moml.MoMLSimpleApplication@ccc1617
reloadAllAccessors: .ExpressionFix2

===========================================================================================
----------------- testing Fri Jun 21 10:44:47 UTC 2019 /home/travis/build/icyphy/ptII/ptolemy/actor/lib/test/auto/ExpressionFix3.xml
----------------- Instantiating /home/travis/build/icyphy/ptII/ptolemy/actor/lib/test/auto/ExpressionFix3.xml
3 ms. Memory: 570368K Free: 450817K (79%)
----------------- Invoking toplevel() on ptolemy.moml.MoMLSimpleApplication@2c99cecd
----------------- Done invoking toplevel() on ptolemy.moml.MoMLSimpleApplication@2c99cecd
reloadAllAccessors: .ExpressionFix3

===========================================================================================
----------------- testing Fri Jun 21 10:44:47 UTC 2019 /home/travis/build/icyphy/ptII/ptolemy/actor/lib/test/auto/FileWriter1.xml
----------------- Instantiating /home/travis/build/icyphy/ptII/ptolemy/actor/lib/test/auto/FileWriter1.xml
3 ms. Memory: 570368K Free: 446721K (78%)
----------------- Invoking toplevel() on ptolemy.moml.MoMLSimpleApplication@635ee0ad
----------------- Done invoking toplevel() on ptolemy.moml.MoMLSimpleApplication@635ee0ad
reloadAllAccessors: .FileWriter1

===========================================================================================
----------------- testing Fri Jun 21 10:44:47 UTC 2019 /home/travis/build/icyphy/ptII/ptolemy/actor/lib/test/auto/FileWriter2.xml
----------------- Instantiating /home/travis/build/icyphy/ptII/ptolemy/actor/lib/test/auto/FileWriter2.xml
3 ms. Memory: 570368K Free: 442115K (78%)
----------------- Invoking toplevel() on ptolemy.moml.MoMLSimpleApplication@66ecdbbd
----------------- Done invoking toplevel() on ptolemy.moml.MoMLSimpleApplication@66ecdbbd
reloadAllAccessors: .FileWriter2

===========================================================================================
----------------- testing Fri Jun 21 10:44:47 UTC 2019 /home/travis/build/icyphy/ptII/ptolemy/actor/lib/test/auto/FileWriter3.xml
----------------- Instantiating /home/travis/build/icyphy/ptII/ptolemy/actor/lib/test/auto/FileWriter3.xml
7 ms. Memory: 570368K Free: 438019K (77%)
----------------- Invoking toplevel() on ptolemy.moml.MoMLSimpleApplication@439c4b73
----------------- Done invoking toplevel() on ptolemy.moml.MoMLSimpleApplication@439c4b73
reloadAllAccessors: .FileWriter3

===========================================================================================
----------------- testing Fri Jun 21 10:44:47 UTC 2019 /home/travis/build/icyphy/ptII/ptolemy/actor/lib/test/auto/Gaussian.xml
----------------- Instantiating /home/travis/build/icyphy/ptII/ptolemy/actor/lib/test/auto/Gaussian.xml
2 ms. Memory: 570368K Free: 433923K (76%)
----------------- Invoking toplevel() on ptolemy.moml.MoMLSimpleApplication@68a20f52
----------------- Done invoking toplevel() on ptolemy.moml.MoMLSimpleApplication@68a20f52
reloadAllAccessors: .Gaussian

===========================================================================================
----------------- testing Fri Jun 21 10:44:47 UTC 2019 /home/travis/build/icyphy/ptII/ptolemy/actor/lib/test/auto/Gaussian1.xml
----------------- Instantiating /home/travis/build/icyphy/ptII/ptolemy/actor/lib/test/auto/Gaussian1.xml
12 ms. Memory: 570368K Free: 428259K (75%)
----------------- Invoking toplevel() on ptolemy.moml.MoMLSimpleApplication@30e03d50
----------------- Done invoking toplevel() on ptolemy.moml.MoMLSimpleApplication@30e03d50
reloadAllAccessors: .Gaussian1

===========================================================================================
----------------- testing Fri Jun 21 10:44:47 UTC 2019 /home/travis/build/icyphy/ptII/ptolemy/actor/lib/test/auto/Gaussian2.xml
----------------- Instantiating /home/travis/build/icyphy/ptII/ptolemy/actor/lib/test/auto/Gaussian2.xml
2 ms. Memory: 570368K Free: 422659K (74%)
----------------- Invoking toplevel() on ptolemy.moml.MoMLSimpleApplication@34c294dd
----------------- Done invoking toplevel() on ptolemy.moml.MoMLSimpleApplication@34c294dd
reloadAllAccessors: .Gaussian2

===========================================================================================
----------------- testing Fri Jun 21 10:44:47 UTC 2019 /home/travis/build/icyphy/ptII/ptolemy/actor/lib/test/auto/GradientAdaptiveLattice.xml
----------------- Instantiating /home/travis/build/icyphy/ptII/ptolemy/actor/lib/test/auto/GradientAdaptiveLattice.xml
2 ms. Memory: 570368K Free: 417539K (73%)
----------------- Invoking toplevel() on ptolemy.moml.MoMLSimpleApplication@38cfcbb6
----------------- Done invoking toplevel() on ptolemy.moml.MoMLSimpleApplication@38cfcbb6
reloadAllAccessors: .GradientAdaptiveLattice

===========================================================================================
----------------- testing Fri Jun 21 10:44:47 UTC 2019 /home/travis/build/icyphy/ptII/ptolemy/actor/lib/test/auto/IIR.xml
----------------- Instantiating /home/travis/build/icyphy/ptII/ptolemy/actor/lib/test/auto/IIR.xml
1 ms. Memory: 570368K Free: 412929K (72%)
----------------- Invoking toplevel() on ptolemy.moml.MoMLSimpleApplication@3d3a1941
----------------- Done invoking toplevel() on ptolemy.moml.MoMLSimpleApplication@3d3a1941
reloadAllAccessors: .IIR

===========================================================================================
----------------- testing Fri Jun 21 10:44:47 UTC 2019 /home/travis/build/icyphy/ptII/ptolemy/actor/lib/test/auto/InputOutputTransparentPorts.xml
----------------- Instantiating /home/travis/build/icyphy/ptII/ptolemy/actor/lib/test/auto/InputOutputTransparentPorts.xml
4 ms. Memory: 570368K Free: 405761K (71%)
----------------- Invoking toplevel() on ptolemy.moml.MoMLSimpleApplication@281199bd
----------------- Done invoking toplevel() on ptolemy.moml.MoMLSimpleApplication@281199bd
reloadAllAccessors: .InputOutputTransparentPorts

===========================================================================================
----------------- testing Fri Jun 21 10:44:47 UTC 2019 /home/travis/build/icyphy/ptII/ptolemy/actor/lib/test/auto/Interpolator.xml
----------------- Instantiating /home/travis/build/icyphy/ptII/ptolemy/actor/lib/test/auto/Interpolator.xml
4 ms. Memory: 570368K Free: 401665K (70%)
----------------- Invoking toplevel() on ptolemy.moml.MoMLSimpleApplication@6c9aaea
----------------- Done invoking toplevel() on ptolemy.moml.MoMLSimpleApplication@6c9aaea
reloadAllAccessors: .Interpolator

===========================================================================================
----------------- testing Fri Jun 21 10:44:47 UTC 2019 /home/travis/build/icyphy/ptII/ptolemy/actor/lib/test/auto/InterpolatorFiringLimitDE.xml
----------------- Instantiating /home/travis/build/icyphy/ptII/ptolemy/actor/lib/test/auto/InterpolatorFiringLimitDE.xml
2 ms. Memory: 570368K Free: 396035K (69%)
----------------- Invoking toplevel() on ptolemy.moml.MoMLSimpleApplication@3a7252a6
----------------- Done invoking toplevel() on ptolemy.moml.MoMLSimpleApplication@3a7252a6
reloadAllAccessors: .InterpolatorFiringLimitDE

===========================================================================================
----------------- testing Fri Jun 21 10:44:47 UTC 2019 /home/travis/build/icyphy/ptII/ptolemy/actor/lib/test/auto/Lattice.xml
----------------- Instantiating /home/travis/build/icyphy/ptII/ptolemy/actor/lib/test/auto/Lattice.xml
1 ms. Memory: 570368K Free: 391939K (69%)
----------------- Invoking toplevel() on ptolemy.moml.MoMLSimpleApplication@770624e8
----------------- Done invoking toplevel() on ptolemy.moml.MoMLSimpleApplication@770624e8
reloadAllAccessors: .Lattice

===========================================================================================
----------------- testing Fri Jun 21 10:44:47 UTC 2019 /home/travis/build/icyphy/ptII/ptolemy/actor/lib/test/auto/LazyAOCTestLazy.xml
----------------- Instantiating /home/travis/build/icyphy/ptII/ptolemy/actor/lib/test/auto/LazyAOCTestLazy.xml
9 ms. Memory: 570368K Free: 385795K (68%)
----------------- Invoking toplevel() on ptolemy.moml.MoMLSimpleApplication@c42f7ae
----------------- Done invoking toplevel() on ptolemy.moml.MoMLSimpleApplication@c42f7ae
reloadAllAccessors: .LazyAOCTestLazy

===========================================================================================
----------------- testing Fri Jun 21 10:44:47 UTC 2019 /home/travis/build/icyphy/ptII/ptolemy/actor/lib/test/auto/LazyAOCTestNonLazy.xml
----------------- Instantiating /home/travis/build/icyphy/ptII/ptolemy/actor/lib/test/auto/LazyAOCTestNonLazy.xml
2 ms. Memory: 570368K Free: 379651K (67%)
----------------- Invoking toplevel() on ptolemy.moml.MoMLSimpleApplication@1de57e74
----------------- Done invoking toplevel() on ptolemy.moml.MoMLSimpleApplication@1de57e74
reloadAllAccessors: .LazyAOCTestNonLazy

===========================================================================================
----------------- testing Fri Jun 21 10:44:47 UTC 2019 /home/travis/build/icyphy/ptII/ptolemy/actor/lib/test/auto/LazyInnerClass.xml
----------------- Instantiating /home/travis/build/icyphy/ptII/ptolemy/actor/lib/test/auto/LazyInnerClass.xml
11 ms. Memory: 570368K Free: 370915K (65%)
----------------- Invoking toplevel() on ptolemy.moml.MoMLSimpleApplication@7f324467
----------------- Done invoking toplevel() on ptolemy.moml.MoMLSimpleApplication@7f324467
reloadAllAccessors: .LazyInnerClass

===========================================================================================
----------------- testing Fri Jun 21 10:44:47 UTC 2019 /home/travis/build/icyphy/ptII/ptolemy/actor/lib/test/auto/LazyPubSub.xml
----------------- Instantiating /home/travis/build/icyphy/ptII/ptolemy/actor/lib/test/auto/LazyPubSub.xml
27 ms. Memory: 570368K Free: 360705K (63%)
----------------- Invoking toplevel() on ptolemy.moml.MoMLSimpleApplication@3f01edf9
----------------- Done invoking toplevel() on ptolemy.moml.MoMLSimpleApplication@3f01edf9
reloadAllAccessors: .LazyPubSub

===========================================================================================
----------------- testing Fri Jun 21 10:44:47 UTC 2019 /home/travis/build/icyphy/ptII/ptolemy/actor/lib/test/auto/LazyPubSub2.xml
----------------- Instantiating /home/travis/build/icyphy/ptII/ptolemy/actor/lib/test/auto/LazyPubSub2.xml
35 ms. Memory: 570368K Free: 350979K (62%)
----------------- Invoking toplevel() on ptolemy.moml.MoMLSimpleApplication@63ea48a6
----------------- Done invoking toplevel() on ptolemy.moml.MoMLSimpleApplication@63ea48a6
reloadAllAccessors: .LazyPubSub2

===========================================================================================
----------------- testing Fri Jun 21 10:44:48 UTC 2019 /home/travis/build/icyphy/ptII/ptolemy/actor/lib/test/auto/LazyPubSub3.xml
----------------- Instantiating /home/travis/build/icyphy/ptII/ptolemy/actor/lib/test/auto/LazyPubSub3.xml
12 ms. Memory: 570368K Free: 340739K (60%)
----------------- Invoking toplevel() on ptolemy.moml.MoMLSimpleApplication@d06060e
----------------- Done invoking toplevel() on ptolemy.moml.MoMLSimpleApplication@d06060e
reloadAllAccessors: .LazyPubSub3

===========================================================================================
----------------- testing Fri Jun 21 10:44:48 UTC 2019 /home/travis/build/icyphy/ptII/ptolemy/actor/lib/test/auto/LazySubClassModel.xml
----------------- Instantiating /home/travis/build/icyphy/ptII/ptolemy/actor/lib/test/auto/LazySubClassModel.xml
3 ms. Memory: 570368K Free: 332033K (58%)
----------------- Invoking toplevel() on ptolemy.moml.MoMLSimpleApplication@7e14f5f0
----------------- Done invoking toplevel() on ptolemy.moml.MoMLSimpleApplication@7e14f5f0
reloadAllAccessors: .LazySubClassModel

===========================================================================================
----------------- testing Fri Jun 21 10:44:48 UTC 2019 /home/travis/build/icyphy/ptII/ptolemy/actor/lib/test/auto/LevelCrossTest1.xml
----------------- Instantiating /home/travis/build/icyphy/ptII/ptolemy/actor/lib/test/auto/LevelCrossTest1.xml
2 ms. Memory: 570368K Free: 326403K (57%)
----------------- Invoking toplevel() on ptolemy.moml.MoMLSimpleApplication@511e3aa3
----------------- Done invoking toplevel() on ptolemy.moml.MoMLSimpleApplication@511e3aa3
reloadAllAccessors: .broken

===========================================================================================
----------------- testing Fri Jun 21 10:44:48 UTC 2019 /home/travis/build/icyphy/ptII/ptolemy/actor/lib/test/auto/LevelCrossTest10.xml
----------------- Instantiating /home/travis/build/icyphy/ptII/ptolemy/actor/lib/test/auto/LevelCrossTest10.xml
2 ms. Memory: 570368K Free: 319235K (56%)
----------------- Invoking toplevel() on ptolemy.moml.MoMLSimpleApplication@38fc8a45
----------------- Done invoking toplevel() on ptolemy.moml.MoMLSimpleApplication@38fc8a45
reloadAllAccessors: .LevelCrossTest10

===========================================================================================
----------------- testing Fri Jun 21 10:44:48 UTC 2019 /home/travis/build/icyphy/ptII/ptolemy/actor/lib/test/auto/LevelCrossTest11.xml
----------------- Instantiating /home/travis/build/icyphy/ptII/ptolemy/actor/lib/test/auto/LevelCrossTest11.xml
2 ms. Memory: 570368K Free: 312067K (55%)
----------------- Invoking toplevel() on ptolemy.moml.MoMLSimpleApplication@1da38f9
----------------- Done invoking toplevel() on ptolemy.moml.MoMLSimpleApplication@1da38f9
reloadAllAccessors: .LevelCrossTest11

===========================================================================================
----------------- testing Fri Jun 21 10:44:48 UTC 2019 /home/travis/build/icyphy/ptII/ptolemy/actor/lib/test/auto/LevelCrossTest12.xml
----------------- Instantiating /home/travis/build/icyphy/ptII/ptolemy/actor/lib/test/auto/LevelCrossTest12.xml
1 ms. Memory: 570368K Free: 305409K (54%)
----------------- Invoking toplevel() on ptolemy.moml.MoMLSimpleApplication@26993eef
----------------- Done invoking toplevel() on ptolemy.moml.MoMLSimpleApplication@26993eef
reloadAllAccessors: .LevelCrossTest12

===========================================================================================
----------------- testing Fri Jun 21 10:44:48 UTC 2019 /home/travis/build/icyphy/ptII/ptolemy/actor/lib/test/auto/LevelCrossTest13.xml
----------------- Instantiating /home/travis/build/icyphy/ptII/ptolemy/actor/lib/test/auto/LevelCrossTest13.xml
1 ms. Memory: 570368K Free: 297731K (52%)
----------------- Invoking toplevel() on ptolemy.moml.MoMLSimpleApplication@7aa47931
----------------- Done invoking toplevel() on ptolemy.moml.MoMLSimpleApplication@7aa47931
reloadAllAccessors: .LevelCrossTest13

===========================================================================================
----------------- testing Fri Jun 21 10:44:48 UTC 2019 /home/travis/build/icyphy/ptII/ptolemy/actor/lib/test/auto/LevelCrossTest2.xml
----------------- Instantiating /home/travis/build/icyphy/ptII/ptolemy/actor/lib/test/auto/LevelCrossTest2.xml
1 ms. Memory: 570368K Free: 292097K (51%)
----------------- Invoking toplevel() on ptolemy.moml.MoMLSimpleApplication@1e7d58ae
----------------- Done invoking toplevel() on ptolemy.moml.MoMLSimpleApplication@1e7d58ae
reloadAllAccessors: .broken

===========================================================================================
----------------- testing Fri Jun 21 10:44:48 UTC 2019 /home/travis/build/icyphy/ptII/ptolemy/actor/lib/test/auto/LevelCrossTest3.xml
----------------- Instantiating /home/travis/build/icyphy/ptII/ptolemy/actor/lib/test/auto/LevelCrossTest3.xml
2 ms. Memory: 570368K Free: 285923K (50%)
----------------- Invoking toplevel() on ptolemy.moml.MoMLSimpleApplication@657d8b13
----------------- Done invoking toplevel() on ptolemy.moml.MoMLSimpleApplication@657d8b13
reloadAllAccessors: .LevelCrossTest3

===========================================================================================
----------------- testing Fri Jun 21 10:44:48 UTC 2019 /home/travis/build/icyphy/ptII/ptolemy/actor/lib/test/auto/LevelCrossTest4.xml
----------------- Instantiating /home/travis/build/icyphy/ptII/ptolemy/actor/lib/test/auto/LevelCrossTest4.xml
2 ms. Memory: 570368K Free: 279809K (49%)
----------------- Invoking toplevel() on ptolemy.moml.MoMLSimpleApplication@13059794
----------------- Done invoking toplevel() on ptolemy.moml.MoMLSimpleApplication@13059794
reloadAllAccessors: .broken

===========================================================================================
----------------- testing Fri Jun 21 10:44:48 UTC 2019 /home/travis/build/icyphy/ptII/ptolemy/actor/lib/test/auto/LevelCrossTest5.xml
----------------- Instantiating /home/travis/build/icyphy/ptII/ptolemy/actor/lib/test/auto/LevelCrossTest5.xml
2 ms. Memory: 570368K Free: 273155K (48%)
----------------- Invoking toplevel() on ptolemy.moml.MoMLSimpleApplication@611eb5dc
----------------- Done invoking toplevel() on ptolemy.moml.MoMLSimpleApplication@611eb5dc
reloadAllAccessors: .LevelCrossTest5

===========================================================================================
----------------- testing Fri Jun 21 10:44:48 UTC 2019 /home/travis/build/icyphy/ptII/ptolemy/actor/lib/test/auto/LevelCrossTest6.xml
----------------- Instantiating /home/travis/build/icyphy/ptII/ptolemy/actor/lib/test/auto/LevelCrossTest6.xml
1 ms. Memory: 570368K Free: 265987K (47%)
----------------- Invoking toplevel() on ptolemy.moml.MoMLSimpleApplication@34a20f8b
----------------- Done invoking toplevel() on ptolemy.moml.MoMLSimpleApplication@34a20f8b
reloadAllAccessors: .LevelCrossTest6

===========================================================================================
----------------- testing Fri Jun 21 10:44:48 UTC 2019 /home/travis/build/icyphy/ptII/ptolemy/actor/lib/test/auto/LevelCrossTest7.xml
----------------- Instantiating /home/travis/build/icyphy/ptII/ptolemy/actor/lib/test/auto/LevelCrossTest7.xml
4 ms. Memory: 570368K Free: 258305K (45%)
----------------- Invoking toplevel() on ptolemy.moml.MoMLSimpleApplication@19b3bfc6
----------------- Done invoking toplevel() on ptolemy.moml.MoMLSimpleApplication@19b3bfc6
reloadAllAccessors: .LevelCrossTest7

===========================================================================================
----------------- testing Fri Jun 21 10:44:48 UTC 2019 /home/travis/build/icyphy/ptII/ptolemy/actor/lib/test/auto/LevelCrossTest8.xml
----------------- Instantiating /home/travis/build/icyphy/ptII/ptolemy/actor/lib/test/auto/LevelCrossTest8.xml
1 ms. Memory: 570368K Free: 251651K (44%)
----------------- Invoking toplevel() on ptolemy.moml.MoMLSimpleApplication@4faed5e8
----------------- Done invoking toplevel() on ptolemy.moml.MoMLSimpleApplication@4faed5e8
reloadAllAccessors: .LevelCrossTest8

===========================================================================================
----------------- testing Fri Jun 21 10:44:48 UTC 2019 /home/travis/build/icyphy/ptII/ptolemy/actor/lib/test/auto/LevelCrossTest9.xml
----------------- Instantiating /home/travis/build/icyphy/ptII/ptolemy/actor/lib/test/auto/LevelCrossTest9.xml
2 ms. Memory: 570368K Free: 244483K (43%)
----------------- Invoking toplevel() on ptolemy.moml.MoMLSimpleApplication@726ffff8
----------------- Done invoking toplevel() on ptolemy.moml.MoMLSimpleApplication@726ffff8
reloadAllAccessors: .LevelCrossTest9

===========================================================================================
----------------- testing Fri Jun 21 10:44:48 UTC 2019 /home/travis/build/icyphy/ptII/ptolemy/actor/lib/test/auto/LevinsonDurbin.xml
----------------- Instantiating /home/travis/build/icyphy/ptII/ptolemy/actor/lib/test/auto/LevinsonDurbin.xml
8 ms. Memory: 570368K Free: 240387K (42%)
----------------- Invoking toplevel() on ptolemy.moml.MoMLSimpleApplication@331cba19
----------------- Done invoking toplevel() on ptolemy.moml.MoMLSimpleApplication@331cba19
reloadAllAccessors: .LevinsonDurbin

===========================================================================================
----------------- testing Fri Jun 21 10:44:48 UTC 2019 /home/travis/build/icyphy/ptII/ptolemy/actor/lib/test/auto/LevinsonDurbin2.xml
----------------- Instantiating /home/travis/build/icyphy/ptII/ptolemy/actor/lib/test/auto/LevinsonDurbin2.xml
2 ms. Memory: 570368K Free: 236291K (41%)
----------------- Invoking toplevel() on ptolemy.moml.MoMLSimpleApplication@27dd01a2
----------------- Done invoking toplevel() on ptolemy.moml.MoMLSimpleApplication@27dd01a2
reloadAllAccessors: .LevinsonDurbin2

===========================================================================================
----------------- testing Fri Jun 21 10:44:48 UTC 2019 /home/travis/build/icyphy/ptII/ptolemy/actor/lib/test/auto/LevinsonDurbin3.xml
----------------- Instantiating /home/travis/build/icyphy/ptII/ptolemy/actor/lib/test/auto/LevinsonDurbin3.xml
2 ms. Memory: 570368K Free: 232195K (41%)
----------------- Invoking toplevel() on ptolemy.moml.MoMLSimpleApplication@343ddb4a
----------------- Done invoking toplevel() on ptolemy.moml.MoMLSimpleApplication@343ddb4a
reloadAllAccessors: .LevinsonDurbin3

===========================================================================================
----------------- testing Fri Jun 21 10:44:48 UTC 2019 /home/travis/build/icyphy/ptII/ptolemy/actor/lib/test/auto/Limiter.xml
----------------- Instantiating /home/travis/build/icyphy/ptII/ptolemy/actor/lib/test/auto/Limiter.xml
7 ms. Memory: 570368K Free: 222979K (39%)
----------------- Invoking toplevel() on ptolemy.moml.MoMLSimpleApplication@114e4d06
----------------- Done invoking toplevel() on ptolemy.moml.MoMLSimpleApplication@114e4d06
reloadAllAccessors: .Limiter

===========================================================================================
----------------- testing Fri Jun 21 10:44:48 UTC 2019 /home/travis/build/icyphy/ptII/ptolemy/actor/lib/test/auto/LinearDifferenceEquationSystem.xml
----------------- Instantiating /home/travis/build/icyphy/ptII/ptolemy/actor/lib/test/auto/LinearDifferenceEquationSystem.xml
9 ms. Memory: 570368K Free: 215811K (38%)
----------------- Invoking toplevel() on ptolemy.moml.MoMLSimpleApplication@357d4eeb
----------------- Done invoking toplevel() on ptolemy.moml.MoMLSimpleApplication@357d4eeb
reloadAllAccessors: .LinearDifferenceEquationSystem

===========================================================================================
----------------- testing Fri Jun 21 10:44:48 UTC 2019 /home/travis/build/icyphy/ptII/ptolemy/actor/lib/test/auto/LookupTable.xml
----------------- Instantiating /home/travis/build/icyphy/ptII/ptolemy/actor/lib/test/auto/LookupTable.xml
2 ms. Memory: 570368K Free: 211201K (37%)
----------------- Invoking toplevel() on ptolemy.moml.MoMLSimpleApplication@e502c04
----------------- Done invoking toplevel() on ptolemy.moml.MoMLSimpleApplication@e502c04
reloadAllAccessors: .LookupTable

===========================================================================================
----------------- testing Fri Jun 21 10:44:48 UTC 2019 /home/travis/build/icyphy/ptII/ptolemy/actor/lib/test/auto/MathFunction.xml
----------------- Instantiating /home/travis/build/icyphy/ptII/ptolemy/actor/lib/test/auto/MathFunction.xml
3 ms. Memory: 570368K Free: 203009K (36%)
----------------- Invoking toplevel() on ptolemy.moml.MoMLSimpleApplication@2261973b
----------------- Done invoking toplevel() on ptolemy.moml.MoMLSimpleApplication@2261973b
reloadAllAccessors: .MathFunction

===========================================================================================
----------------- testing Fri Jun 21 10:44:48 UTC 2019 /home/travis/build/icyphy/ptII/ptolemy/actor/lib/test/auto/MathFunction2.xml
----------------- Instantiating /home/travis/build/icyphy/ptII/ptolemy/actor/lib/test/auto/MathFunction2.xml
1 ms. Memory: 570368K Free: 198913K (35%)
----------------- Invoking toplevel() on ptolemy.moml.MoMLSimpleApplication@8e7db71
----------------- Done invoking toplevel() on ptolemy.moml.MoMLSimpleApplication@8e7db71
reloadAllAccessors: .MathFunction2

===========================================================================================
----------------- testing Fri Jun 21 10:44:48 UTC 2019 /home/travis/build/icyphy/ptII/ptolemy/actor/lib/test/auto/MathFunction3.xml
----------------- Instantiating /home/travis/build/icyphy/ptII/ptolemy/actor/lib/test/auto/MathFunction3.xml
11 ms. Memory: 570368K Free: 191745K (34%)
----------------- Invoking toplevel() on ptolemy.moml.MoMLSimpleApplication@81620f8
----------------- Done invoking toplevel() on ptolemy.moml.MoMLSimpleApplication@81620f8
reloadAllAccessors: .MathFunction3

===========================================================================================
----------------- testing Fri Jun 21 10:44:48 UTC 2019 /home/travis/build/icyphy/ptII/ptolemy/actor/lib/test/auto/MatrixCropBoolean.xml
----------------- Instantiating /home/travis/build/icyphy/ptII/ptolemy/actor/lib/test/auto/MatrixCropBoolean.xml
2 ms. Memory: 570368K Free: 516835K (91%)
----------------- Invoking toplevel() on ptolemy.moml.MoMLSimpleApplication@655cd898
----------------- Done invoking toplevel() on ptolemy.moml.MoMLSimpleApplication@655cd898
reloadAllAccessors: .MatrixCropBoolean

===========================================================================================
----------------- testing Fri Jun 21 10:44:48 UTC 2019 /home/travis/build/icyphy/ptII/ptolemy/actor/lib/test/auto/MatrixCropComplex.xml
----------------- Instantiating /home/travis/build/icyphy/ptII/ptolemy/actor/lib/test/auto/MatrixCropComplex.xml
2 ms. Memory: 570368K Free: 511731K (90%)
----------------- Invoking toplevel() on ptolemy.moml.MoMLSimpleApplication@456166de
----------------- Done invoking toplevel() on ptolemy.moml.MoMLSimpleApplication@456166de
reloadAllAccessors: .MatrixCropComplex

===========================================================================================
----------------- testing Fri Jun 21 10:44:48 UTC 2019 /home/travis/build/icyphy/ptII/ptolemy/actor/lib/test/auto/MatrixCropDouble.xml
----------------- Instantiating /home/travis/build/icyphy/ptII/ptolemy/actor/lib/test/auto/MatrixCropDouble.xml
3 ms. Memory: 570368K Free: 506611K (89%)
----------------- Invoking toplevel() on ptolemy.moml.MoMLSimpleApplication@5f1f80ca
----------------- Done invoking toplevel() on ptolemy.moml.MoMLSimpleApplication@5f1f80ca
reloadAllAccessors: .MatrixCropDouble

===========================================================================================
----------------- testing Fri Jun 21 10:44:48 UTC 2019 /home/travis/build/icyphy/ptII/ptolemy/actor/lib/test/auto/MatrixCropFix.xml
----------------- Instantiating /home/travis/build/icyphy/ptII/ptolemy/actor/lib/test/auto/MatrixCropFix.xml
3 ms. Memory: 570368K Free: 501491K (88%)
----------------- Invoking toplevel() on ptolemy.moml.MoMLSimpleApplication@59a8a93e
----------------- Done invoking toplevel() on ptolemy.moml.MoMLSimpleApplication@59a8a93e
reloadAllAccessors: .MatrixCropFix

===========================================================================================
----------------- testing Fri Jun 21 10:44:48 UTC 2019 /home/travis/build/icyphy/ptII/ptolemy/actor/lib/test/auto/MatrixCropInt.xml
----------------- Instantiating /home/travis/build/icyphy/ptII/ptolemy/actor/lib/test/auto/MatrixCropInt.xml
2 ms. Memory: 570368K Free: 496899K (87%)
----------------- Invoking toplevel() on ptolemy.moml.MoMLSimpleApplication@71a56c31
----------------- Done invoking toplevel() on ptolemy.moml.MoMLSimpleApplication@71a56c31
reloadAllAccessors: .MatrixCropInt

===========================================================================================
----------------- testing Fri Jun 21 10:44:48 UTC 2019 /home/travis/build/icyphy/ptII/ptolemy/actor/lib/test/auto/MatrixCropLong.xml
----------------- Instantiating /home/travis/build/icyphy/ptII/ptolemy/actor/lib/test/auto/MatrixCropLong.xml
2 ms. Memory: 570368K Free: 492259K (86%)
----------------- Invoking toplevel() on ptolemy.moml.MoMLSimpleApplication@44dfeb7d
----------------- Done invoking toplevel() on ptolemy.moml.MoMLSimpleApplication@44dfeb7d
reloadAllAccessors: .MatrixCropLong

===========================================================================================
----------------- testing Fri Jun 21 10:44:48 UTC 2019 /home/travis/build/icyphy/ptII/ptolemy/actor/lib/test/auto/MatrixToArray.xml
----------------- Instantiating /home/travis/build/icyphy/ptII/ptolemy/actor/lib/test/auto/MatrixToArray.xml
11 ms. Memory: 570368K Free: 476419K (84%)
----------------- Invoking toplevel() on ptolemy.moml.MoMLSimpleApplication@3ef8ce08
----------------- Done invoking toplevel() on ptolemy.moml.MoMLSimpleApplication@3ef8ce08
reloadAllAccessors: .MatrixToArray

===========================================================================================
----------------- testing Fri Jun 21 10:44:48 UTC 2019 /home/travis/build/icyphy/ptII/ptolemy/actor/lib/test/auto/MaxIndex.xml
----------------- Instantiating /home/travis/build/icyphy/ptII/ptolemy/actor/lib/test/auto/MaxIndex.xml
2 ms. Memory: 570368K Free: 471809K (83%)
----------------- Invoking toplevel() on ptolemy.moml.MoMLSimpleApplication@f210eed
----------------- Done invoking toplevel() on ptolemy.moml.MoMLSimpleApplication@f210eed
reloadAllAccessors: .MaxIndex

===========================================================================================
----------------- testing Fri Jun 21 10:44:48 UTC 2019 /home/travis/build/icyphy/ptII/ptolemy/actor/lib/test/auto/Maximum.xml
----------------- Instantiating /home/travis/build/icyphy/ptII/ptolemy/actor/lib/test/auto/Maximum.xml
3 ms. Memory: 570368K Free: 465155K (82%)
----------------- Invoking toplevel() on ptolemy.moml.MoMLSimpleApplication@4a53185f
----------------- Done invoking toplevel() on ptolemy.moml.MoMLSimpleApplication@4a53185f
reloadAllAccessors: .Maximum

===========================================================================================
----------------- testing Fri Jun 21 10:44:48 UTC 2019 /home/travis/build/icyphy/ptII/ptolemy/actor/lib/test/auto/MaximumComplex.xml
----------------- Instantiating /home/travis/build/icyphy/ptII/ptolemy/actor/lib/test/auto/MaximumComplex.xml
10 ms. Memory: 570368K Free: 459011K (80%)
----------------- Invoking toplevel() on ptolemy.moml.MoMLSimpleApplication@12f0c3bd
----------------- Done invoking toplevel() on ptolemy.moml.MoMLSimpleApplication@12f0c3bd
reloadAllAccessors: .MaximumComplex

===========================================================================================
----------------- testing Fri Jun 21 10:44:48 UTC 2019 /home/travis/build/icyphy/ptII/ptolemy/actor/lib/test/auto/MethodCallTest.xml
----------------- Instantiating /home/travis/build/icyphy/ptII/ptolemy/actor/lib/test/auto/MethodCallTest.xml
2 ms. Memory: 570368K Free: 452353K (79%)
----------------- Invoking toplevel() on ptolemy.moml.MoMLSimpleApplication@17aa9251
----------------- Done invoking toplevel() on ptolemy.moml.MoMLSimpleApplication@17aa9251
reloadAllAccessors: .MethodCallTest

===========================================================================================
----------------- testing Fri Jun 21 10:44:48 UTC 2019 /home/travis/build/icyphy/ptII/ptolemy/actor/lib/test/auto/Minimum.xml
----------------- Instantiating /home/travis/build/icyphy/ptII/ptolemy/actor/lib/test/auto/Minimum.xml
2 ms. Memory: 570368K Free: 445699K (78%)
----------------- Invoking toplevel() on ptolemy.moml.MoMLSimpleApplication@119e0aae
----------------- Done invoking toplevel() on ptolemy.moml.MoMLSimpleApplication@119e0aae
reloadAllAccessors: .Minimum

===========================================================================================
----------------- testing Fri Jun 21 10:44:48 UTC 2019 /home/travis/build/icyphy/ptII/ptolemy/actor/lib/test/auto/MinimumComplex.xml
----------------- Instantiating /home/travis/build/icyphy/ptII/ptolemy/actor/lib/test/auto/MinimumComplex.xml
4 ms. Memory: 570368K Free: 439555K (77%)
----------------- Invoking toplevel() on ptolemy.moml.MoMLSimpleApplication@77addbfe
----------------- Done invoking toplevel() on ptolemy.moml.MoMLSimpleApplication@77addbfe
reloadAllAccessors: .MinimumComplex

===========================================================================================
----------------- testing Fri Jun 21 10:44:49 UTC 2019 /home/travis/build/icyphy/ptII/ptolemy/actor/lib/test/auto/MinimumMultiports.xml
----------------- Instantiating /home/travis/build/icyphy/ptII/ptolemy/actor/lib/test/auto/MinimumMultiports.xml
4 ms. Memory: 570368K Free: 430843K (76%)
----------------- Invoking toplevel() on ptolemy.moml.MoMLSimpleApplication@15700a45
----------------- Done invoking toplevel() on ptolemy.moml.MoMLSimpleApplication@15700a45
reloadAllAccessors: .MinimumMultiports

===========================================================================================
----------------- testing Fri Jun 21 10:44:49 UTC 2019 /home/travis/build/icyphy/ptII/ptolemy/actor/lib/test/auto/ModifyDate.xml
----------------- Instantiating /home/travis/build/icyphy/ptII/ptolemy/actor/lib/test/auto/ModifyDate.xml
11 ms. Memory: 570368K Free: 418051K (73%)
----------------- Invoking toplevel() on ptolemy.moml.MoMLSimpleApplication@25246e0a
----------------- Done invoking toplevel() on ptolemy.moml.MoMLSimpleApplication@25246e0a
reloadAllAccessors: .ModifyDate

===========================================================================================
----------------- testing Fri Jun 21 10:44:49 UTC 2019 /home/travis/build/icyphy/ptII/ptolemy/actor/lib/test/auto/ModifyDate2.xml
----------------- Instantiating /home/travis/build/icyphy/ptII/ptolemy/actor/lib/test/auto/ModifyDate2.xml
5 ms. Memory: 570368K Free: 409345K (72%)
----------------- Invoking toplevel() on ptolemy.moml.MoMLSimpleApplication@4b98cb7d
----------------- Done invoking toplevel() on ptolemy.moml.MoMLSimpleApplication@4b98cb7d
reloadAllAccessors: .ModifyDate2

===========================================================================================
----------------- testing Fri Jun 21 10:44:49 UTC 2019 /home/travis/build/icyphy/ptII/ptolemy/actor/lib/test/auto/MovingAverage.xml
----------------- Instantiating /home/travis/build/icyphy/ptII/ptolemy/actor/lib/test/auto/MovingAverage.xml
6 ms. Memory: 570368K Free: 404225K (71%)
----------------- Invoking toplevel() on ptolemy.moml.MoMLSimpleApplication@4903c2e
----------------- Done invoking toplevel() on ptolemy.moml.MoMLSimpleApplication@4903c2e
reloadAllAccessors: .MovingAverage

===========================================================================================
----------------- testing Fri Jun 21 10:44:49 UTC 2019 /home/travis/build/icyphy/ptII/ptolemy/actor/lib/test/auto/MovingMaximum.xml
----------------- Instantiating /home/travis/build/icyphy/ptII/ptolemy/actor/lib/test/auto/MovingMaximum.xml
2 ms. Memory: 570368K Free: 399619K (70%)
----------------- Invoking toplevel() on ptolemy.moml.MoMLSimpleApplication@6daf3aeb
----------------- Done invoking toplevel() on ptolemy.moml.MoMLSimpleApplication@6daf3aeb
reloadAllAccessors: .MovingMaximum

===========================================================================================
----------------- testing Fri Jun 21 10:44:49 UTC 2019 /home/travis/build/icyphy/ptII/ptolemy/actor/lib/test/auto/MultipleLinksToSameRelation.xml
----------------- Instantiating /home/travis/build/icyphy/ptII/ptolemy/actor/lib/test/auto/MultipleLinksToSameRelation.xml
5 ms. Memory: 570368K Free: 395523K (69%)
----------------- Invoking toplevel() on ptolemy.moml.MoMLSimpleApplication@37486088
----------------- Done invoking toplevel() on ptolemy.moml.MoMLSimpleApplication@37486088
reloadAllAccessors: .MultipleLinksToSameRelation

===========================================================================================
----------------- testing Fri Jun 21 10:44:49 UTC 2019 /home/travis/build/icyphy/ptII/ptolemy/actor/lib/test/auto/MultipleLinksToSameRelationDE.xml
----------------- Instantiating /home/travis/build/icyphy/ptII/ptolemy/actor/lib/test/auto/MultipleLinksToSameRelationDE.xml
2 ms. Memory: 570368K Free: 390883K (69%)
----------------- Invoking toplevel() on ptolemy.moml.MoMLSimpleApplication@1069bd7d
----------------- Done invoking toplevel() on ptolemy.moml.MoMLSimpleApplication@1069bd7d
reloadAllAccessors: .MultipleLinksToSameRelationDE

===========================================================================================
----------------- testing Fri Jun 21 10:44:49 UTC 2019 /home/travis/build/icyphy/ptII/ptolemy/actor/lib/test/auto/Multiplexor.xml
----------------- Instantiating /home/travis/build/icyphy/ptII/ptolemy/actor/lib/test/auto/Multiplexor.xml
2 ms. Memory: 570368K Free: 385283K (68%)
----------------- Invoking toplevel() on ptolemy.moml.MoMLSimpleApplication@3ba5480c
----------------- Done invoking toplevel() on ptolemy.moml.MoMLSimpleApplication@3ba5480c
reloadAllAccessors: .Multiplexor

===========================================================================================
----------------- testing Fri Jun 21 10:44:49 UTC 2019 /home/travis/build/icyphy/ptII/ptolemy/actor/lib/test/auto/Multiplexor1.xml
----------------- Instantiating /home/travis/build/icyphy/ptII/ptolemy/actor/lib/test/auto/Multiplexor1.xml
2 ms. Memory: 570368K Free: 379619K (67%)
----------------- Invoking toplevel() on ptolemy.moml.MoMLSimpleApplication@163b415d
----------------- Done invoking toplevel() on ptolemy.moml.MoMLSimpleApplication@163b415d
reloadAllAccessors: .Multiplexor1

===========================================================================================
----------------- testing Fri Jun 21 10:44:49 UTC 2019 /home/travis/build/icyphy/ptII/ptolemy/actor/lib/test/auto/Multiplexor2.xml
----------------- Instantiating /home/travis/build/icyphy/ptII/ptolemy/actor/lib/test/auto/Multiplexor2.xml
6 ms. Memory: 570368K Free: 372995K (65%)
----------------- Invoking toplevel() on ptolemy.moml.MoMLSimpleApplication@49fd30c2
----------------- Done invoking toplevel() on ptolemy.moml.MoMLSimpleApplication@49fd30c2
reloadAllAccessors: .Multiplexor2

===========================================================================================
----------------- testing Fri Jun 21 10:44:49 UTC 2019 /home/travis/build/icyphy/ptII/ptolemy/actor/lib/test/auto/Multiplexor3.xml
----------------- Instantiating /home/travis/build/icyphy/ptII/ptolemy/actor/lib/test/auto/Multiplexor3.xml
2 ms. Memory: 570368K Free: 368899K (65%)
----------------- Invoking toplevel() on ptolemy.moml.MoMLSimpleApplication@5f72873a
----------------- Done invoking toplevel() on ptolemy.moml.MoMLSimpleApplication@5f72873a
reloadAllAccessors: .Multiplexor3

===========================================================================================
----------------- testing Fri Jun 21 10:44:49 UTC 2019 /home/travis/build/icyphy/ptII/ptolemy/actor/lib/test/auto/MultiplexorDE.xml
----------------- Instantiating /home/travis/build/icyphy/ptII/ptolemy/actor/lib/test/auto/MultiplexorDE.xml
2 ms. Memory: 570368K Free: 361187K (63%)
----------------- Invoking toplevel() on ptolemy.moml.MoMLSimpleApplication@39d914b6
----------------- Done invoking toplevel() on ptolemy.moml.MoMLSimpleApplication@39d914b6
reloadAllAccessors: .MultiplexorDE

===========================================================================================
----------------- testing Fri Jun 21 10:44:49 UTC 2019 /home/travis/build/icyphy/ptII/ptolemy/actor/lib/test/auto/MultiportBroadcastTest.xml
----------------- Instantiating /home/travis/build/icyphy/ptII/ptolemy/actor/lib/test/auto/MultiportBroadcastTest.xml
93 ms. Memory: 570368K Free: 354561K (62%)
----------------- Invoking toplevel() on ptolemy.moml.MoMLSimpleApplication@74f8ff6
----------------- Done invoking toplevel() on ptolemy.moml.MoMLSimpleApplication@74f8ff6
reloadAllAccessors: .MultiportBroadcastTest

===========================================================================================
----------------- testing Fri Jun 21 10:44:49 UTC 2019 /home/travis/build/icyphy/ptII/ptolemy/actor/lib/test/auto/MultiportOutHangDuringGetWidth.xml
----------------- Instantiating /home/travis/build/icyphy/ptII/ptolemy/actor/lib/test/auto/MultiportOutHangDuringGetWidth.xml
6 ms. Memory: 570368K Free: 342755K (60%)
----------------- Invoking toplevel() on ptolemy.moml.MoMLSimpleApplication@5af5f4d8
----------------- Done invoking toplevel() on ptolemy.moml.MoMLSimpleApplication@5af5f4d8
reloadAllAccessors: .MultiportOutHangDuringGetWidth

===========================================================================================
----------------- testing Fri Jun 21 10:44:49 UTC 2019 /home/travis/build/icyphy/ptII/ptolemy/actor/lib/test/auto/NilToken.xml
----------------- Instantiating /home/travis/build/icyphy/ptII/ptolemy/actor/lib/test/auto/NilToken.xml
1 ms. Memory: 570368K Free: 338689K (59%)
----------------- Invoking toplevel() on ptolemy.moml.MoMLSimpleApplication@6c6a11a3
----------------- Done invoking toplevel() on ptolemy.moml.MoMLSimpleApplication@6c6a11a3
reloadAllAccessors: .NilToken

===========================================================================================
----------------- testing Fri Jun 21 10:44:49 UTC 2019 /home/travis/build/icyphy/ptII/ptolemy/actor/lib/test/auto/NilTokenNonStrictTest.xml
----------------- Instantiating /home/travis/build/icyphy/ptII/ptolemy/actor/lib/test/auto/NilTokenNonStrictTest.xml
2 ms. Memory: 570368K Free: 333569K (58%)
----------------- Invoking toplevel() on ptolemy.moml.MoMLSimpleApplication@1ab1e4fa
----------------- Done invoking toplevel() on ptolemy.moml.MoMLSimpleApplication@1ab1e4fa
reloadAllAccessors: .NilTokenNonStrictTest

===========================================================================================
----------------- testing Fri Jun 21 10:44:49 UTC 2019 /home/travis/build/icyphy/ptII/ptolemy/actor/lib/test/auto/NilTokenRecord.xml
----------------- Instantiating /home/travis/build/icyphy/ptII/ptolemy/actor/lib/test/auto/NilTokenRecord.xml
13 ms. Memory: 570368K Free: 326915K (57%)
----------------- Invoking toplevel() on ptolemy.moml.MoMLSimpleApplication@484747d4
----------------- Done invoking toplevel() on ptolemy.moml.MoMLSimpleApplication@484747d4
reloadAllAccessors: .NilTokenRecord

===========================================================================================
----------------- testing Fri Jun 21 10:44:49 UTC 2019 /home/travis/build/icyphy/ptII/ptolemy/actor/lib/test/auto/NilTokenTypeTest.xml
----------------- Instantiating /home/travis/build/icyphy/ptII/ptolemy/actor/lib/test/auto/NilTokenTypeTest.xml
7 ms. Memory: 570368K Free: 317185K (56%)
----------------- Invoking toplevel() on ptolemy.moml.MoMLSimpleApplication@46685d73
----------------- Done invoking toplevel() on ptolemy.moml.MoMLSimpleApplication@46685d73
reloadAllAccessors: .NilTokenTypeTest

===========================================================================================
----------------- testing Fri Jun 21 10:44:49 UTC 2019 /home/travis/build/icyphy/ptII/ptolemy/actor/lib/test/auto/ObjectToken1.xml
----------------- Instantiating /home/travis/build/icyphy/ptII/ptolemy/actor/lib/test/auto/ObjectToken1.xml
2 ms. Memory: 570368K Free: 313089K (55%)
----------------- Invoking toplevel() on ptolemy.moml.MoMLSimpleApplication@4deb3b3b
----------------- Done invoking toplevel() on ptolemy.moml.MoMLSimpleApplication@4deb3b3b
reloadAllAccessors: .ObjectToken1

===========================================================================================
----------------- testing Fri Jun 21 10:44:49 UTC 2019 /home/travis/build/icyphy/ptII/ptolemy/actor/lib/test/auto/OrderedMerge.xml
----------------- Instantiating /home/travis/build/icyphy/ptII/ptolemy/actor/lib/test/auto/OrderedMerge.xml
9 ms. Memory: 570368K Free: 307459K (54%)
----------------- Invoking toplevel() on ptolemy.moml.MoMLSimpleApplication@3bf39d43
----------------- Done invoking toplevel() on ptolemy.moml.MoMLSimpleApplication@3bf39d43
reloadAllAccessors: .OrderedMerge

===========================================================================================
----------------- testing Fri Jun 21 10:44:49 UTC 2019 /home/travis/build/icyphy/ptII/ptolemy/actor/lib/test/auto/OrderedRecordDisassembler.xml
----------------- Instantiating /home/travis/build/icyphy/ptII/ptolemy/actor/lib/test/auto/OrderedRecordDisassembler.xml
3 ms. Memory: 570368K Free: 302339K (53%)
----------------- Invoking toplevel() on ptolemy.moml.MoMLSimpleApplication@372392c7
----------------- Done invoking toplevel() on ptolemy.moml.MoMLSimpleApplication@372392c7
reloadAllAccessors: .OrderedRecordDisassembler

===========================================================================================
----------------- testing Fri Jun 21 10:44:49 UTC 2019 /home/travis/build/icyphy/ptII/ptolemy/actor/lib/test/auto/OrderedRecordDisassembler2.xml
----------------- Instantiating /home/travis/build/icyphy/ptII/ptolemy/actor/lib/test/auto/OrderedRecordDisassembler2.xml
5 ms. Memory: 570368K Free: 294627K (52%)
----------------- Invoking toplevel() on ptolemy.moml.MoMLSimpleApplication@61321c91
----------------- Done invoking toplevel() on ptolemy.moml.MoMLSimpleApplication@61321c91
reloadAllAccessors: .OrderedRecordDisassembler2

===========================================================================================
----------------- testing Fri Jun 21 10:44:49 UTC 2019 /home/travis/build/icyphy/ptII/ptolemy/actor/lib/test/auto/OrderedRecordUpdater.xml
----------------- Instantiating /home/travis/build/icyphy/ptII/ptolemy/actor/lib/test/auto/OrderedRecordUpdater.xml
2 ms. Memory: 570368K Free: 289537K (51%)
----------------- Invoking toplevel() on ptolemy.moml.MoMLSimpleApplication@668839b6
----------------- Done invoking toplevel() on ptolemy.moml.MoMLSimpleApplication@668839b6
reloadAllAccessors: .RecordUpdater

===========================================================================================
----------------- testing Fri Jun 21 10:44:49 UTC 2019 /home/travis/build/icyphy/ptII/ptolemy/actor/lib/test/auto/OrderedRecordUpdater2.xml
----------------- Instantiating /home/travis/build/icyphy/ptII/ptolemy/actor/lib/test/auto/OrderedRecordUpdater2.xml
3 ms. Memory: 570368K Free: 284417K (50%)
----------------- Invoking toplevel() on ptolemy.moml.MoMLSimpleApplication@49410695
----------------- Done invoking toplevel() on ptolemy.moml.MoMLSimpleApplication@49410695
reloadAllAccessors: .RecordUpdater2

===========================================================================================
----------------- testing Fri Jun 21 10:44:49 UTC 2019 /home/travis/build/icyphy/ptII/ptolemy/actor/lib/test/auto/PhaseUnwrap.xml
----------------- Instantiating /home/travis/build/icyphy/ptII/ptolemy/actor/lib/test/auto/PhaseUnwrap.xml
2 ms. Memory: 570368K Free: 279811K (49%)
----------------- Invoking toplevel() on ptolemy.moml.MoMLSimpleApplication@542e5d5
----------------- Done invoking toplevel() on ptolemy.moml.MoMLSimpleApplication@542e5d5
reloadAllAccessors: .PhaseUnwrap

===========================================================================================
----------------- testing Fri Jun 21 10:44:49 UTC 2019 /home/travis/build/icyphy/ptII/ptolemy/actor/lib/test/auto/PoissonClock.xml
----------------- Instantiating /home/travis/build/icyphy/ptII/ptolemy/actor/lib/test/auto/PoissonClock.xml
2 ms. Memory: 570368K Free: 275715K (48%)
----------------- Invoking toplevel() on ptolemy.moml.MoMLSimpleApplication@68630276
----------------- Done invoking toplevel() on ptolemy.moml.MoMLSimpleApplication@68630276
reloadAllAccessors: .PoissonClock

===========================================================================================
----------------- testing Fri Jun 21 10:44:49 UTC 2019 /home/travis/build/icyphy/ptII/ptolemy/actor/lib/test/auto/PoissonClock2.xml
----------------- Instantiating /home/travis/build/icyphy/ptII/ptolemy/actor/lib/test/auto/PoissonClock2.xml
2 ms. Memory: 570368K Free: 271105K (48%)
----------------- Invoking toplevel() on ptolemy.moml.MoMLSimpleApplication@5bbf345e
----------------- Done invoking toplevel() on ptolemy.moml.MoMLSimpleApplication@5bbf345e
reloadAllAccessors: .PoissonClock2

===========================================================================================
----------------- testing Fri Jun 21 10:44:49 UTC 2019 /home/travis/build/icyphy/ptII/ptolemy/actor/lib/test/auto/PoissonClock3.xml
----------------- Instantiating /home/travis/build/icyphy/ptII/ptolemy/actor/lib/test/auto/PoissonClock3.xml
1 ms. Memory: 570368K Free: 266499K (47%)
----------------- Invoking toplevel() on ptolemy.moml.MoMLSimpleApplication@6bf4208e
----------------- Done invoking toplevel() on ptolemy.moml.MoMLSimpleApplication@6bf4208e
reloadAllAccessors: .PoissonClock3

===========================================================================================
----------------- testing Fri Jun 21 10:44:49 UTC 2019 /home/travis/build/icyphy/ptII/ptolemy/actor/lib/test/auto/PubSubWithInitialTokens.xml
----------------- Instantiating /home/travis/build/icyphy/ptII/ptolemy/actor/lib/test/auto/PubSubWithInitialTokens.xml
2 ms. Memory: 570368K Free: 260859K (46%)
----------------- Invoking toplevel() on ptolemy.moml.MoMLSimpleApplication@685028c3
----------------- Done invoking toplevel() on ptolemy.moml.MoMLSimpleApplication@685028c3
reloadAllAccessors: .PubSubWithInitialTokens

===========================================================================================
----------------- testing Fri Jun 21 10:44:49 UTC 2019 /home/travis/build/icyphy/ptII/ptolemy/actor/lib/test/auto/PubSubWithInitialTokens2.xml
----------------- Instantiating /home/travis/build/icyphy/ptII/ptolemy/actor/lib/test/auto/PubSubWithInitialTokens2.xml
2 ms. Memory: 570368K Free: 254707K (45%)
----------------- Invoking toplevel() on ptolemy.moml.MoMLSimpleApplication@7cbfca24
----------------- Done invoking toplevel() on ptolemy.moml.MoMLSimpleApplication@7cbfca24
reloadAllAccessors: .PubSubWithInitialTokens2

===========================================================================================
----------------- testing Fri Jun 21 10:44:49 UTC 2019 /home/travis/build/icyphy/ptII/ptolemy/actor/lib/test/auto/PublisherClassNoParameter.xml
----------------- Instantiating /home/travis/build/icyphy/ptII/ptolemy/actor/lib/test/auto/PublisherClassNoParameter.xml
2 ms. Memory: 570368K Free: 244995K (43%)
----------------- Invoking toplevel() on ptolemy.moml.MoMLSimpleApplication@1fd6feb7
----------------- Done invoking toplevel() on ptolemy.moml.MoMLSimpleApplication@1fd6feb7
reloadAllAccessors: .PublisherClassNoParameter

===========================================================================================
----------------- testing Fri Jun 21 10:44:49 UTC 2019 /home/travis/build/icyphy/ptII/ptolemy/actor/lib/test/auto/PublisherClassParameter.xml
----------------- Instantiating /home/travis/build/icyphy/ptII/ptolemy/actor/lib/test/auto/PublisherClassParameter.xml
2 ms. Memory: 570368K Free: 234755K (41%)
----------------- Invoking toplevel() on ptolemy.moml.MoMLSimpleApplication@53bf46bd
----------------- Done invoking toplevel() on ptolemy.moml.MoMLSimpleApplication@53bf46bd
reloadAllAccessors: .PublisherClassParameter

===========================================================================================
----------------- testing Fri Jun 21 10:44:49 UTC 2019 /home/travis/build/icyphy/ptII/ptolemy/actor/lib/test/auto/PublisherNonStrictTest.xml
----------------- Instantiating /home/travis/build/icyphy/ptII/ptolemy/actor/lib/test/auto/PublisherNonStrictTest.xml
2 ms. Memory: 570368K Free: 226563K (40%)
----------------- Invoking toplevel() on ptolemy.moml.MoMLSimpleApplication@477dbd27
----------------- Done invoking toplevel() on ptolemy.moml.MoMLSimpleApplication@477dbd27
reloadAllAccessors: .PublisherNonStrictTest

===========================================================================================
----------------- testing Fri Jun 21 10:44:49 UTC 2019 /home/travis/build/icyphy/ptII/ptolemy/actor/lib/test/auto/PublisherPort1.xml
----------------- Instantiating /home/travis/build/icyphy/ptII/ptolemy/actor/lib/test/auto/PublisherPort1.xml
3 ms. Memory: 570368K Free: 220915K (39%)
----------------- Invoking toplevel() on ptolemy.moml.MoMLSimpleApplication@2dc6bb0f
----------------- Done invoking toplevel() on ptolemy.moml.MoMLSimpleApplication@2dc6bb0f
reloadAllAccessors: .PublisherPort1

===========================================================================================
----------------- testing Fri Jun 21 10:44:49 UTC 2019 /home/travis/build/icyphy/ptII/ptolemy/actor/lib/test/auto/PublisherPort2.xml
----------------- Instantiating /home/travis/build/icyphy/ptII/ptolemy/actor/lib/test/auto/PublisherPort2.xml
1 ms. Memory: 570368K Free: 215809K (38%)
----------------- Invoking toplevel() on ptolemy.moml.MoMLSimpleApplication@2e8c69b3
----------------- Done invoking toplevel() on ptolemy.moml.MoMLSimpleApplication@2e8c69b3
reloadAllAccessors: .PublisherPort2

===========================================================================================
----------------- testing Fri Jun 21 10:44:49 UTC 2019 /home/travis/build/icyphy/ptII/ptolemy/actor/lib/test/auto/PublisherPort3.xml
----------------- Instantiating /home/travis/build/icyphy/ptII/ptolemy/actor/lib/test/auto/PublisherPort3.xml
10 ms. Memory: 570368K Free: 209155K (37%)
----------------- Invoking toplevel() on ptolemy.moml.MoMLSimpleApplication@27de9757
----------------- Done invoking toplevel() on ptolemy.moml.MoMLSimpleApplication@27de9757
reloadAllAccessors: .PublisherPort3

===========================================================================================
----------------- testing Fri Jun 21 10:44:49 UTC 2019 /home/travis/build/icyphy/ptII/ptolemy/actor/lib/test/auto/PublisherPort4.xml
----------------- Instantiating /home/travis/build/icyphy/ptII/ptolemy/actor/lib/test/auto/PublisherPort4.xml
2 ms. Memory: 570368K Free: 203515K (36%)
----------------- Invoking toplevel() on ptolemy.moml.MoMLSimpleApplication@443a66f2
----------------- Done invoking toplevel() on ptolemy.moml.MoMLSimpleApplication@443a66f2
reloadAllAccessors: .PublisherPort4

===========================================================================================
----------------- testing Fri Jun 21 10:44:49 UTC 2019 /home/travis/build/icyphy/ptII/ptolemy/actor/lib/test/auto/PublisherPort5.xml
----------------- Instantiating /home/travis/build/icyphy/ptII/ptolemy/actor/lib/test/auto/PublisherPort5.xml
4 ms. Memory: 570368K Free: 195843K (34%)
----------------- Invoking toplevel() on ptolemy.moml.MoMLSimpleApplication@4a672588
----------------- Done invoking toplevel() on ptolemy.moml.MoMLSimpleApplication@4a672588
reloadAllAccessors: .PublisherPort5

===========================================================================================
----------------- testing Fri Jun 21 10:44:49 UTC 2019 /home/travis/build/icyphy/ptII/ptolemy/actor/lib/test/auto/PublisherPort5LookAlike.xml
----------------- Instantiating /home/travis/build/icyphy/ptII/ptolemy/actor/lib/test/auto/PublisherPort5LookAlike.xml
8 ms. Memory: 570368K Free: 518913K (91%)
----------------- Invoking toplevel() on ptolemy.moml.MoMLSimpleApplication@1e2162b7
----------------- Done invoking toplevel() on ptolemy.moml.MoMLSimpleApplication@1e2162b7
reloadAllAccessors: .PublisherPort5LookAlike

===========================================================================================
----------------- testing Fri Jun 21 10:44:50 UTC 2019 /home/travis/build/icyphy/ptII/ptolemy/actor/lib/test/auto/PublisherPort6.xml
----------------- Instantiating /home/travis/build/icyphy/ptII/ptolemy/actor/lib/test/auto/PublisherPort6.xml
3 ms. Memory: 570368K Free: 511739K (90%)
----------------- Invoking toplevel() on ptolemy.moml.MoMLSimpleApplication@767deb5a
----------------- Done invoking toplevel() on ptolemy.moml.MoMLSimpleApplication@767deb5a
reloadAllAccessors: .PublisherPort6

===========================================================================================
----------------- testing Fri Jun 21 10:44:50 UTC 2019 /home/travis/build/icyphy/ptII/ptolemy/actor/lib/test/auto/PublisherPort7.xml
----------------- Instantiating /home/travis/build/icyphy/ptII/ptolemy/actor/lib/test/auto/PublisherPort7.xml
11 ms. Memory: 570368K Free: 504067K (88%)
----------------- Invoking toplevel() on ptolemy.moml.MoMLSimpleApplication@1bcefa4
----------------- Done invoking toplevel() on ptolemy.moml.MoMLSimpleApplication@1bcefa4
reloadAllAccessors: .PublisherPort7

===========================================================================================
----------------- testing Fri Jun 21 10:44:50 UTC 2019 /home/travis/build/icyphy/ptII/ptolemy/actor/lib/test/auto/PublisherPort8.xml
----------------- Instantiating /home/travis/build/icyphy/ptII/ptolemy/actor/lib/test/auto/PublisherPort8.xml
5 ms. Memory: 570368K Free: 495361K (87%)
----------------- Invoking toplevel() on ptolemy.moml.MoMLSimpleApplication@1d6cdca3
----------------- Done invoking toplevel() on ptolemy.moml.MoMLSimpleApplication@1d6cdca3
reloadAllAccessors: .PublisherPort8

===========================================================================================
----------------- testing Fri Jun 21 10:44:50 UTC 2019 /home/travis/build/icyphy/ptII/ptolemy/actor/lib/test/auto/PublisherPortSubscriberChannelVariablesAOC2.xml
----------------- Instantiating /home/travis/build/icyphy/ptII/ptolemy/actor/lib/test/auto/PublisherPortSubscriberChannelVariablesAOC2.xml
4 ms. Memory: 570368K Free: 477953K (84%)
----------------- Invoking toplevel() on ptolemy.moml.MoMLSimpleApplication@57e99ec7
----------------- Done invoking toplevel() on ptolemy.moml.MoMLSimpleApplication@57e99ec7
reloadAllAccessors: .PublisherPortSubscriberChannelVariablesAOC2

===========================================================================================
----------------- testing Fri Jun 21 10:44:50 UTC 2019 /home/travis/build/icyphy/ptII/ptolemy/actor/lib/test/auto/PublisherPortSubscriberOpaqueWidthInference.xml
----------------- Instantiating /home/travis/build/icyphy/ptII/ptolemy/actor/lib/test/auto/PublisherPortSubscriberOpaqueWidthInference.xml
3 ms. Memory: 570368K Free: 470275K (82%)
----------------- Invoking toplevel() on ptolemy.moml.MoMLSimpleApplication@3cd930a6
----------------- Done invoking toplevel() on ptolemy.moml.MoMLSimpleApplication@3cd930a6
reloadAllAccessors: .PublisherPortSubscriberOpaqueWidthInference

===========================================================================================
----------------- testing Fri Jun 21 10:44:50 UTC 2019 /home/travis/build/icyphy/ptII/ptolemy/actor/lib/test/auto/PublisherPortSubscriberPortAdjacent.xml
----------------- Instantiating /home/travis/build/icyphy/ptII/ptolemy/actor/lib/test/auto/PublisherPortSubscriberPortAdjacent.xml
2 ms. Memory: 570368K Free: 462083K (81%)
----------------- Invoking toplevel() on ptolemy.moml.MoMLSimpleApplication@483e4447
----------------- Done invoking toplevel() on ptolemy.moml.MoMLSimpleApplication@483e4447
reloadAllAccessors: .PublisherPortSubscriberPortAdjacent

===========================================================================================
----------------- testing Fri Jun 21 10:44:50 UTC 2019 /home/travis/build/icyphy/ptII/ptolemy/actor/lib/test/auto/PublisherPortSubscriberPortExpression.xml
----------------- Instantiating /home/travis/build/icyphy/ptII/ptolemy/actor/lib/test/auto/PublisherPortSubscriberPortExpression.xml
5 ms. Memory: 570368K Free: 454395K (80%)
----------------- Invoking toplevel() on ptolemy.moml.MoMLSimpleApplication@16ad8714
----------------- Done invoking toplevel() on ptolemy.moml.MoMLSimpleApplication@16ad8714
reloadAllAccessors: .PublisherPortSubscriberPortExpression

===========================================================================================
----------------- testing Fri Jun 21 10:44:50 UTC 2019 /home/travis/build/icyphy/ptII/ptolemy/actor/lib/test/auto/PublisherPortSubscriberPortOpaqueD3Reverse.xml
----------------- Instantiating /home/travis/build/icyphy/ptII/ptolemy/actor/lib/test/auto/PublisherPortSubscriberPortOpaqueD3Reverse.xml
8 ms. Memory: 570368K Free: 444161K (78%)
----------------- Invoking toplevel() on ptolemy.moml.MoMLSimpleApplication@6d02b782
----------------- Done invoking toplevel() on ptolemy.moml.MoMLSimpleApplication@6d02b782
reloadAllAccessors: .PublisherPortSubscriberPortOpaqueD3Reverse

===========================================================================================
----------------- testing Fri Jun 21 10:44:50 UTC 2019 /home/travis/build/icyphy/ptII/ptolemy/actor/lib/test/auto/PublisherPortSubscriberPortOpaqueWidthInference.xml
----------------- Instantiating /home/travis/build/icyphy/ptII/ptolemy/actor/lib/test/auto/PublisherPortSubscriberPortOpaqueWidthInference.xml
3 ms. Memory: 570368K Free: 436483K (77%)
----------------- Invoking toplevel() on ptolemy.moml.MoMLSimpleApplication@335f5721
----------------- Done invoking toplevel() on ptolemy.moml.MoMLSimpleApplication@335f5721
reloadAllAccessors: .PublisherPortSubscriberPortOpaqueWidthInference

===========================================================================================
----------------- testing Fri Jun 21 10:44:50 UTC 2019 /home/travis/build/icyphy/ptII/ptolemy/actor/lib/test/auto/PublisherPortToplevelSubscriberPortAOC.xml
----------------- Instantiating /home/travis/build/icyphy/ptII/ptolemy/actor/lib/test/auto/PublisherPortToplevelSubscriberPortAOC.xml
.PublisherPortToplevelSubscriberPortAOC.TestExceptionAttribute: initialize() was not invoked, but wrapup() was.  This is unusual, but not always a problem.  For example, exporting JNLP will do this.
2 ms. Memory: 570368K Free: 430849K (76%)
----------------- Invoking toplevel() on ptolemy.moml.MoMLSimpleApplication@19b4091e
----------------- Done invoking toplevel() on ptolemy.moml.MoMLSimpleApplication@19b4091e
reloadAllAccessors: .PublisherPortToplevelSubscriberPortAOC

===========================================================================================
----------------- testing Fri Jun 21 10:44:50 UTC 2019 /home/travis/build/icyphy/ptII/ptolemy/actor/lib/test/auto/PublisherSubscriber.xml
----------------- Instantiating /home/travis/build/icyphy/ptII/ptolemy/actor/lib/test/auto/PublisherSubscriber.xml
3 ms. Memory: 570368K Free: 423651K (74%)
----------------- Invoking toplevel() on ptolemy.moml.MoMLSimpleApplication@1fb4e9ea
----------------- Done invoking toplevel() on ptolemy.moml.MoMLSimpleApplication@1fb4e9ea
reloadAllAccessors: .PublisherSubscriber

===========================================================================================
----------------- testing Fri Jun 21 10:44:50 UTC 2019 /home/travis/build/icyphy/ptII/ptolemy/actor/lib/test/auto/PublisherSubscriber10.xml
----------------- Instantiating /home/travis/build/icyphy/ptII/ptolemy/actor/lib/test/auto/PublisherSubscriber10.xml
7 ms. Memory: 570368K Free: 413955K (73%)
----------------- Invoking toplevel() on ptolemy.moml.MoMLSimpleApplication@7b0d96b1
----------------- Done invoking toplevel() on ptolemy.moml.MoMLSimpleApplication@7b0d96b1
reloadAllAccessors: .PublisherSubscriber10

===========================================================================================
----------------- testing Fri Jun 21 10:44:50 UTC 2019 /home/travis/build/icyphy/ptII/ptolemy/actor/lib/test/auto/PublisherSubscriber10InitialOutputs.xml
----------------- Instantiating /home/travis/build/icyphy/ptII/ptolemy/actor/lib/test/auto/PublisherSubscriber10InitialOutputs.xml
15 ms. Memory: 570368K Free: 404739K (71%)
----------------- Invoking toplevel() on ptolemy.moml.MoMLSimpleApplication@1e811060
----------------- Done invoking toplevel() on ptolemy.moml.MoMLSimpleApplication@1e811060
reloadAllAccessors: .PublisherSubscriber10InitialOutputs

===========================================================================================
----------------- testing Fri Jun 21 10:44:50 UTC 2019 /home/travis/build/icyphy/ptII/ptolemy/actor/lib/test/auto/PublisherSubscriber11.xml
----------------- Instantiating /home/travis/build/icyphy/ptII/ptolemy/actor/lib/test/auto/PublisherSubscriber11.xml
3 ms. Memory: 570368K Free: 398595K (70%)
----------------- Invoking toplevel() on ptolemy.moml.MoMLSimpleApplication@4503c2cd
----------------- Done invoking toplevel() on ptolemy.moml.MoMLSimpleApplication@4503c2cd
reloadAllAccessors: .PublisherSubscriber11

===========================================================================================
----------------- testing Fri Jun 21 10:44:50 UTC 2019 /home/travis/build/icyphy/ptII/ptolemy/actor/lib/test/auto/PublisherSubscriber12.xml
----------------- Instantiating /home/travis/build/icyphy/ptII/ptolemy/actor/lib/test/auto/PublisherSubscriber12.xml
5 ms. Memory: 570368K Free: 391937K (69%)
----------------- Invoking toplevel() on ptolemy.moml.MoMLSimpleApplication@8ba7ece
----------------- Done invoking toplevel() on ptolemy.moml.MoMLSimpleApplication@8ba7ece
reloadAllAccessors: .PublisherSubscriber12

===========================================================================================
----------------- testing Fri Jun 21 10:44:50 UTC 2019 /home/travis/build/icyphy/ptII/ptolemy/actor/lib/test/auto/PublisherSubscriber13.xml
----------------- Instantiating /home/travis/build/icyphy/ptII/ptolemy/actor/lib/test/auto/PublisherSubscriber13.xml
2 ms. Memory: 570368K Free: 386307K (68%)
----------------- Invoking toplevel() on ptolemy.moml.MoMLSimpleApplication@516b27d7
----------------- Done invoking toplevel() on ptolemy.moml.MoMLSimpleApplication@516b27d7
reloadAllAccessors: .PublisherSubscriber13

===========================================================================================
----------------- testing Fri Jun 21 10:44:50 UTC 2019 /home/travis/build/icyphy/ptII/ptolemy/actor/lib/test/auto/PublisherSubscriber14.xml
----------------- Instantiating /home/travis/build/icyphy/ptII/ptolemy/actor/lib/test/auto/PublisherSubscriber14.xml
2 ms. Memory: 570368K Free: 377587K (66%)
----------------- Invoking toplevel() on ptolemy.moml.MoMLSimpleApplication@1c8bd5bb
----------------- Done invoking toplevel() on ptolemy.moml.MoMLSimpleApplication@1c8bd5bb
reloadAllAccessors: .PublisherSubscriber14

===========================================================================================
----------------- testing Fri Jun 21 10:44:50 UTC 2019 /home/travis/build/icyphy/ptII/ptolemy/actor/lib/test/auto/PublisherSubscriber2.xml
----------------- Instantiating /home/travis/build/icyphy/ptII/ptolemy/actor/lib/test/auto/PublisherSubscriber2.xml
4 ms. Memory: 570368K Free: 371971K (65%)
----------------- Invoking toplevel() on ptolemy.moml.MoMLSimpleApplication@673bb449
----------------- Done invoking toplevel() on ptolemy.moml.MoMLSimpleApplication@673bb449
reloadAllAccessors: .PublisherSubscriber2

===========================================================================================
----------------- testing Fri Jun 21 10:44:50 UTC 2019 /home/travis/build/icyphy/ptII/ptolemy/actor/lib/test/auto/PublisherSubscriber3.xml
----------------- Instantiating /home/travis/build/icyphy/ptII/ptolemy/actor/lib/test/auto/PublisherSubscriber3.xml
2 ms. Memory: 570368K Free: 366323K (64%)
----------------- Invoking toplevel() on ptolemy.moml.MoMLSimpleApplication@4eb8b5ba
----------------- Done invoking toplevel() on ptolemy.moml.MoMLSimpleApplication@4eb8b5ba
reloadAllAccessors: .PublisherSubscriber3

===========================================================================================
----------------- testing Fri Jun 21 10:44:50 UTC 2019 /home/travis/build/icyphy/ptII/ptolemy/actor/lib/test/auto/PublisherSubscriber4.xml
----------------- Instantiating /home/travis/build/icyphy/ptII/ptolemy/actor/lib/test/auto/PublisherSubscriber4.xml
2 ms. Memory: 570368K Free: 361217K (63%)
----------------- Invoking toplevel() on ptolemy.moml.MoMLSimpleApplication@4c39d4cf
----------------- Done invoking toplevel() on ptolemy.moml.MoMLSimpleApplication@4c39d4cf
reloadAllAccessors: .PublisherSubscriber4

===========================================================================================
----------------- testing Fri Jun 21 10:44:50 UTC 2019 /home/travis/build/icyphy/ptII/ptolemy/actor/lib/test/auto/PublisherSubscriber5.xml
----------------- Instantiating /home/travis/build/icyphy/ptII/ptolemy/actor/lib/test/auto/PublisherSubscriber5.xml
2 ms. Memory: 570368K Free: 354563K (62%)
----------------- Invoking toplevel() on ptolemy.moml.MoMLSimpleApplication@7ded4e2b
----------------- Done invoking toplevel() on ptolemy.moml.MoMLSimpleApplication@7ded4e2b
reloadAllAccessors: .PublisherSubscriber5

===========================================================================================
----------------- testing Fri Jun 21 10:44:50 UTC 2019 /home/travis/build/icyphy/ptII/ptolemy/actor/lib/test/auto/PublisherSubscriber6.xml
----------------- Instantiating /home/travis/build/icyphy/ptII/ptolemy/actor/lib/test/auto/PublisherSubscriber6.xml
4 ms. Memory: 570368K Free: 347891K (61%)
----------------- Invoking toplevel() on ptolemy.moml.MoMLSimpleApplication@4c101112
----------------- Done invoking toplevel() on ptolemy.moml.MoMLSimpleApplication@4c101112
reloadAllAccessors: .PublisherSubscriber6

===========================================================================================
----------------- testing Fri Jun 21 10:44:50 UTC 2019 /home/travis/build/icyphy/ptII/ptolemy/actor/lib/test/auto/PublisherSubscriber7.xml
----------------- Instantiating /home/travis/build/icyphy/ptII/ptolemy/actor/lib/test/auto/PublisherSubscriber7.xml
8 ms. Memory: 570368K Free: 341251K (60%)
----------------- Invoking toplevel() on ptolemy.moml.MoMLSimpleApplication@5d6c122
----------------- Done invoking toplevel() on ptolemy.moml.MoMLSimpleApplication@5d6c122
reloadAllAccessors: .PublisherSubscriber7

===========================================================================================
----------------- testing Fri Jun 21 10:44:50 UTC 2019 /home/travis/build/icyphy/ptII/ptolemy/actor/lib/test/auto/PublisherSubscriber8.xml
----------------- Instantiating /home/travis/build/icyphy/ptII/ptolemy/actor/lib/test/auto/PublisherSubscriber8.xml
23 ms. Memory: 570368K Free: 328963K (58%)
----------------- Invoking toplevel() on ptolemy.moml.MoMLSimpleApplication@5681b5b0
----------------- Done invoking toplevel() on ptolemy.moml.MoMLSimpleApplication@5681b5b0
reloadAllAccessors: .PublisherSubscriber8

===========================================================================================
----------------- testing Fri Jun 21 10:44:50 UTC 2019 /home/travis/build/icyphy/ptII/ptolemy/actor/lib/test/auto/PublisherSubscriber9.xml
----------------- Instantiating /home/travis/build/icyphy/ptII/ptolemy/actor/lib/test/auto/PublisherSubscriber9.xml
3 ms. Memory: 570368K Free: 321795K (56%)
----------------- Invoking toplevel() on ptolemy.moml.MoMLSimpleApplication@280d93a2
----------------- Done invoking toplevel() on ptolemy.moml.MoMLSimpleApplication@280d93a2
reloadAllAccessors: .PublisherSubscriber9

===========================================================================================
----------------- testing Fri Jun 21 10:44:50 UTC 2019 /home/travis/build/icyphy/ptII/ptolemy/actor/lib/test/auto/PublisherSubscriberAdjacent.xml
----------------- Instantiating /home/travis/build/icyphy/ptII/ptolemy/actor/lib/test/auto/PublisherSubscriberAdjacent.xml
2 ms. Memory: 570368K Free: 313603K (55%)
----------------- Invoking toplevel() on ptolemy.moml.MoMLSimpleApplication@1586cd6c
----------------- Done invoking toplevel() on ptolemy.moml.MoMLSimpleApplication@1586cd6c
reloadAllAccessors: .PublisherSubscriberAdjacent

===========================================================================================
----------------- testing Fri Jun 21 10:44:50 UTC 2019 /home/travis/build/icyphy/ptII/ptolemy/actor/lib/test/auto/PublisherSubscriberChannelVariablesAOC2.xml
----------------- Instantiating /home/travis/build/icyphy/ptII/ptolemy/actor/lib/test/auto/PublisherSubscriberChannelVariablesAOC2.xml
3 ms. Memory: 570368K Free: 299267K (52%)
----------------- Invoking toplevel() on ptolemy.moml.MoMLSimpleApplication@4b875c7c
----------------- Done invoking toplevel() on ptolemy.moml.MoMLSimpleApplication@4b875c7c
reloadAllAccessors: .PublisherSubscriberChannelVariablesAOC2

===========================================================================================
----------------- testing Fri Jun 21 10:44:50 UTC 2019 /home/travis/build/icyphy/ptII/ptolemy/actor/lib/test/auto/PublisherSubscriberD3.xml
----------------- Instantiating /home/travis/build/icyphy/ptII/ptolemy/actor/lib/test/auto/PublisherSubscriberD3.xml
2 ms. Memory: 570368K Free: 292099K (51%)
----------------- Invoking toplevel() on ptolemy.moml.MoMLSimpleApplication@4376e587
----------------- Done invoking toplevel() on ptolemy.moml.MoMLSimpleApplication@4376e587
reloadAllAccessors: .PublisherSubscriberD3

===========================================================================================
----------------- testing Fri Jun 21 10:44:50 UTC 2019 /home/travis/build/icyphy/ptII/ptolemy/actor/lib/test/auto/PublisherSubscriberD3Reverse.xml
----------------- Instantiating /home/travis/build/icyphy/ptII/ptolemy/actor/lib/test/auto/PublisherSubscriberD3Reverse.xml
1 ms. Memory: 570368K Free: 285955K (50%)
----------------- Invoking toplevel() on ptolemy.moml.MoMLSimpleApplication@3f6e9f52
----------------- Done invoking toplevel() on ptolemy.moml.MoMLSimpleApplication@3f6e9f52
reloadAllAccessors: .PublisherSubscriberD3Reverse

===========================================================================================
----------------- testing Fri Jun 21 10:44:50 UTC 2019 /home/travis/build/icyphy/ptII/ptolemy/actor/lib/test/auto/PublisherSubscriberExpression.xml
----------------- Instantiating /home/travis/build/icyphy/ptII/ptolemy/actor/lib/test/auto/PublisherSubscriberExpression.xml
4 ms. Memory: 570368K Free: 277235K (49%)
----------------- Invoking toplevel() on ptolemy.moml.MoMLSimpleApplication@4b7e0765
----------------- Done invoking toplevel() on ptolemy.moml.MoMLSimpleApplication@4b7e0765
reloadAllAccessors: .PublisherSubscriberExpression

===========================================================================================
----------------- testing Fri Jun 21 10:44:50 UTC 2019 /home/travis/build/icyphy/ptII/ptolemy/actor/lib/test/auto/PublisherSubscriberOpaque.xml
----------------- Instantiating /home/travis/build/icyphy/ptII/ptolemy/actor/lib/test/auto/PublisherSubscriberOpaque.xml
4 ms. Memory: 570368K Free: 269043K (47%)
----------------- Invoking toplevel() on ptolemy.moml.MoMLSimpleApplication@6fe69624
----------------- Done invoking toplevel() on ptolemy.moml.MoMLSimpleApplication@6fe69624
reloadAllAccessors: .PublisherSubscriberOpaque

===========================================================================================
----------------- testing Fri Jun 21 10:44:50 UTC 2019 /home/travis/build/icyphy/ptII/ptolemy/actor/lib/test/auto/PublisherSubscriberOpaqueD3.xml
----------------- Instantiating /home/travis/build/icyphy/ptII/ptolemy/actor/lib/test/auto/PublisherSubscriberOpaqueD3.xml
5 ms. Memory: 570368K Free: 257793K (45%)
----------------- Invoking toplevel() on ptolemy.moml.MoMLSimpleApplication@51728069
----------------- Done invoking toplevel() on ptolemy.moml.MoMLSimpleApplication@51728069
reloadAllAccessors: .PublisherSubscriberOpaqueD3

===========================================================================================
----------------- testing Fri Jun 21 10:44:50 UTC 2019 /home/travis/build/icyphy/ptII/ptolemy/actor/lib/test/auto/PublisherSubscriberOpaqueD3Reverse.xml
----------------- Instantiating /home/travis/build/icyphy/ptII/ptolemy/actor/lib/test/auto/PublisherSubscriberOpaqueD3Reverse.xml
8 ms. Memory: 570368K Free: 247043K (43%)
----------------- Invoking toplevel() on ptolemy.moml.MoMLSimpleApplication@1110124c
----------------- Done invoking toplevel() on ptolemy.moml.MoMLSimpleApplication@1110124c
reloadAllAccessors: .PublisherSubscriberOpaqueD3Reverse

===========================================================================================
----------------- testing Fri Jun 21 10:44:50 UTC 2019 /home/travis/build/icyphy/ptII/ptolemy/actor/lib/test/auto/PublisherSubscriberOpaqueWidthInference.xml
----------------- Instantiating /home/travis/build/icyphy/ptII/ptolemy/actor/lib/test/auto/PublisherSubscriberOpaqueWidthInference.xml
4 ms. Memory: 570368K Free: 238851K (42%)
----------------- Invoking toplevel() on ptolemy.moml.MoMLSimpleApplication@765cefcb
----------------- Done invoking toplevel() on ptolemy.moml.MoMLSimpleApplication@765cefcb
reloadAllAccessors: .PublisherSubscriberOpaqueWidthInference

===========================================================================================
----------------- testing Fri Jun 21 10:44:50 UTC 2019 /home/travis/build/icyphy/ptII/ptolemy/actor/lib/test/auto/PublisherTestSubscriber.xml
----------------- Instantiating /home/travis/build/icyphy/ptII/ptolemy/actor/lib/test/auto/PublisherTestSubscriber.xml
3 ms. Memory: 570368K Free: 231163K (41%)
----------------- Invoking toplevel() on ptolemy.moml.MoMLSimpleApplication@25de7dd5
----------------- Done invoking toplevel() on ptolemy.moml.MoMLSimpleApplication@25de7dd5
reloadAllAccessors: .PublisherTestSubscriber

===========================================================================================
----------------- testing Fri Jun 21 10:44:50 UTC 2019 /home/travis/build/icyphy/ptII/ptolemy/actor/lib/test/auto/PublisherToplevelSubscriberPortAOC.xml
----------------- Instantiating /home/travis/build/icyphy/ptII/ptolemy/actor/lib/test/auto/PublisherToplevelSubscriberPortAOC.xml
2 ms. Memory: 570368K Free: 224515K (39%)
----------------- Invoking toplevel() on ptolemy.moml.MoMLSimpleApplication@7733e336
----------------- Done invoking toplevel() on ptolemy.moml.MoMLSimpleApplication@7733e336
reloadAllAccessors: .PublisherToplevelSubscriberPortAOC

===========================================================================================
----------------- testing Fri Jun 21 10:44:50 UTC 2019 /home/travis/build/icyphy/ptII/ptolemy/actor/lib/test/auto/PulseFiringLimitDE.xml
----------------- Instantiating /home/travis/build/icyphy/ptII/ptolemy/actor/lib/test/auto/PulseFiringLimitDE.xml
2 ms. Memory: 570368K Free: 218371K (38%)
----------------- Invoking toplevel() on ptolemy.moml.MoMLSimpleApplication@7e836228
----------------- Done invoking toplevel() on ptolemy.moml.MoMLSimpleApplication@7e836228
reloadAllAccessors: .PulseFiringLimitDE

===========================================================================================
----------------- testing Fri Jun 21 10:44:50 UTC 2019 /home/travis/build/icyphy/ptII/ptolemy/actor/lib/test/auto/Ramp1.xml
----------------- Instantiating /home/travis/build/icyphy/ptII/ptolemy/actor/lib/test/auto/Ramp1.xml
1 ms. Memory: 570368K Free: 214275K (38%)
----------------- Invoking toplevel() on ptolemy.moml.MoMLSimpleApplication@6d742191
----------------- Done invoking toplevel() on ptolemy.moml.MoMLSimpleApplication@6d742191
reloadAllAccessors: .Ramp1

===========================================================================================
----------------- testing Fri Jun 21 10:44:50 UTC 2019 /home/travis/build/icyphy/ptII/ptolemy/actor/lib/test/auto/RampFiringLimitDE.xml
----------------- Instantiating /home/travis/build/icyphy/ptII/ptolemy/actor/lib/test/auto/RampFiringLimitDE.xml
3 ms. Memory: 570368K Free: 208131K (36%)
----------------- Invoking toplevel() on ptolemy.moml.MoMLSimpleApplication@11e88903
----------------- Done invoking toplevel() on ptolemy.moml.MoMLSimpleApplication@11e88903
reloadAllAccessors: .RampFiringLimitDE

===========================================================================================
----------------- testing Fri Jun 21 10:44:50 UTC 2019 /home/travis/build/icyphy/ptII/ptolemy/actor/lib/test/auto/RampFiringLimitSDF.xml
----------------- Instantiating /home/travis/build/icyphy/ptII/ptolemy/actor/lib/test/auto/RampFiringLimitSDF.xml
2 ms. Memory: 570368K Free: 203011K (36%)
----------------- Invoking toplevel() on ptolemy.moml.MoMLSimpleApplication@26f33ba1
----------------- Done invoking toplevel() on ptolemy.moml.MoMLSimpleApplication@26f33ba1
reloadAllAccessors: .RampFiringLimitSDF

===========================================================================================
----------------- testing Fri Jun 21 10:44:50 UTC 2019 /home/travis/build/icyphy/ptII/ptolemy/actor/lib/test/auto/RandomInteger.xml
----------------- Instantiating /home/travis/build/icyphy/ptII/ptolemy/actor/lib/test/auto/RandomInteger.xml
2 ms. Memory: 570368K Free: 198915K (35%)
----------------- Invoking toplevel() on ptolemy.moml.MoMLSimpleApplication@c379ac8
----------------- Done invoking toplevel() on ptolemy.moml.MoMLSimpleApplication@c379ac8
reloadAllAccessors: .RandomInteger

===========================================================================================
----------------- testing Fri Jun 21 10:44:50 UTC 2019 /home/travis/build/icyphy/ptII/ptolemy/actor/lib/test/auto/ReadFile1.xml
----------------- Instantiating /home/travis/build/icyphy/ptII/ptolemy/actor/lib/test/auto/ReadFile1.xml
1 ms. Memory: 570368K Free: 194291K (34%)
----------------- Invoking toplevel() on ptolemy.moml.MoMLSimpleApplication@584914b8
----------------- Done invoking toplevel() on ptolemy.moml.MoMLSimpleApplication@584914b8
reloadAllAccessors: .ReadFile1

===========================================================================================
----------------- testing Fri Jun 21 10:44:50 UTC 2019 /home/travis/build/icyphy/ptII/ptolemy/actor/lib/test/auto/ReadFile2.xml
----------------- Instantiating /home/travis/build/icyphy/ptII/ptolemy/actor/lib/test/auto/ReadFile2.xml
63 ms. Memory: 570368K Free: 520961K (91%)
----------------- Invoking toplevel() on ptolemy.moml.MoMLSimpleApplication@27836fc6
----------------- Done invoking toplevel() on ptolemy.moml.MoMLSimpleApplication@27836fc6
reloadAllAccessors: .ReadFile2

===========================================================================================
----------------- testing Fri Jun 21 10:44:51 UTC 2019 /home/travis/build/icyphy/ptII/ptolemy/actor/lib/test/auto/Reader.xml
----------------- Instantiating /home/travis/build/icyphy/ptII/ptolemy/actor/lib/test/auto/Reader.xml
actor.lib.Reader is obsolete, use actor.lib.io.ExpressionReader instead
5 ms. Memory: 570368K Free: 516355K (91%)
----------------- Invoking toplevel() on ptolemy.moml.MoMLSimpleApplication@6b39ba8d
----------------- Done invoking toplevel() on ptolemy.moml.MoMLSimpleApplication@6b39ba8d
reloadAllAccessors: .Reader

===========================================================================================
----------------- testing Fri Jun 21 10:44:51 UTC 2019 /home/travis/build/icyphy/ptII/ptolemy/actor/lib/test/auto/RecordAssemblerDisplayNameTest.xml
----------------- Instantiating /home/travis/build/icyphy/ptII/ptolemy/actor/lib/test/auto/RecordAssemblerDisplayNameTest.xml
3628 ms. Memory: 570368K Free: 328449K (58%)
----------------- Invoking toplevel() on ptolemy.moml.MoMLSimpleApplication@59c85ca6
----------------- Done invoking toplevel() on ptolemy.moml.MoMLSimpleApplication@59c85ca6
reloadAllAccessors: .RecordAssemblerDisplayNameTest

===========================================================================================
----------------- testing Fri Jun 21 10:44:54 UTC 2019 /home/travis/build/icyphy/ptII/ptolemy/actor/lib/test/auto/RecordAssemblerTypeError.xml
----------------- Instantiating /home/travis/build/icyphy/ptII/ptolemy/actor/lib/test/auto/RecordAssemblerTypeError.xml
7 ms. Memory: 570368K Free: 318723K (56%)
----------------- Invoking toplevel() on ptolemy.moml.MoMLSimpleApplication@31bbc0ce
----------------- Done invoking toplevel() on ptolemy.moml.MoMLSimpleApplication@31bbc0ce
reloadAllAccessors: .RecordAssemblerTypeError

===========================================================================================
----------------- testing Fri Jun 21 10:44:54 UTC 2019 /home/travis/build/icyphy/ptII/ptolemy/actor/lib/test/auto/RecordDisassember.xml
----------------- Instantiating /home/travis/build/icyphy/ptII/ptolemy/actor/lib/test/auto/RecordDisassember.xml
3 ms. Memory: 570368K Free: 314083K (55%)
----------------- Invoking toplevel() on ptolemy.moml.MoMLSimpleApplication@2b186eb4
----------------- Done invoking toplevel() on ptolemy.moml.MoMLSimpleApplication@2b186eb4
reloadAllAccessors: .RecordDisassember

===========================================================================================
----------------- testing Fri Jun 21 10:44:54 UTC 2019 /home/travis/build/icyphy/ptII/ptolemy/actor/lib/test/auto/RecordDisassemberDisplayNameTest.xml
----------------- Instantiating /home/travis/build/icyphy/ptII/ptolemy/actor/lib/test/auto/RecordDisassemberDisplayNameTest.xml
6 ms. Memory: 570368K Free: 306435K (54%)
----------------- Invoking toplevel() on ptolemy.moml.MoMLSimpleApplication@e4b9214
----------------- Done invoking toplevel() on ptolemy.moml.MoMLSimpleApplication@e4b9214
reloadAllAccessors: .RecordDisassemberDisplayNameTest

===========================================================================================
----------------- testing Fri Jun 21 10:44:54 UTC 2019 /home/travis/build/icyphy/ptII/ptolemy/actor/lib/test/auto/RecordDisassembler.xml
----------------- Instantiating /home/travis/build/icyphy/ptII/ptolemy/actor/lib/test/auto/RecordDisassembler.xml
3 ms. Memory: 570368K Free: 301315K (53%)
----------------- Invoking toplevel() on ptolemy.moml.MoMLSimpleApplication@71a1fc0e
----------------- Done invoking toplevel() on ptolemy.moml.MoMLSimpleApplication@71a1fc0e
reloadAllAccessors: .RecordDisassembler

===========================================================================================
----------------- testing Fri Jun 21 10:44:54 UTC 2019 /home/travis/build/icyphy/ptII/ptolemy/actor/lib/test/auto/RecordDisassembler2.xml
----------------- Instantiating /home/travis/build/icyphy/ptII/ptolemy/actor/lib/test/auto/RecordDisassembler2.xml
3 ms. Memory: 570368K Free: 296195K (52%)
----------------- Invoking toplevel() on ptolemy.moml.MoMLSimpleApplication@56899804
----------------- Done invoking toplevel() on ptolemy.moml.MoMLSimpleApplication@56899804
reloadAllAccessors: .RecordDisassembler2

===========================================================================================
----------------- testing Fri Jun 21 10:44:54 UTC 2019 /home/travis/build/icyphy/ptII/ptolemy/actor/lib/test/auto/RecordUpdater.xml
----------------- Instantiating /home/travis/build/icyphy/ptII/ptolemy/actor/lib/test/auto/RecordUpdater.xml
2 ms. Memory: 570368K Free: 291585K (51%)
----------------- Invoking toplevel() on ptolemy.moml.MoMLSimpleApplication@152f0061
----------------- Done invoking toplevel() on ptolemy.moml.MoMLSimpleApplication@152f0061
reloadAllAccessors: .RecordUpdater

===========================================================================================
----------------- testing Fri Jun 21 10:44:54 UTC 2019 /home/travis/build/icyphy/ptII/ptolemy/actor/lib/test/auto/RecordUpdater2.xml
----------------- Instantiating /home/travis/build/icyphy/ptII/ptolemy/actor/lib/test/auto/RecordUpdater2.xml
1 ms. Memory: 570368K Free: 286979K (50%)
----------------- Invoking toplevel() on ptolemy.moml.MoMLSimpleApplication@49c242d6
----------------- Done invoking toplevel() on ptolemy.moml.MoMLSimpleApplication@49c242d6
reloadAllAccessors: .RecordUpdater2

===========================================================================================
----------------- testing Fri Jun 21 10:44:54 UTC 2019 /home/travis/build/icyphy/ptII/ptolemy/actor/lib/test/auto/RecursiveLattice.xml
----------------- Instantiating /home/travis/build/icyphy/ptII/ptolemy/actor/lib/test/auto/RecursiveLattice.xml
2 ms. Memory: 570368K Free: 282369K (50%)
----------------- Invoking toplevel() on ptolemy.moml.MoMLSimpleApplication@64539a4f
----------------- Done invoking toplevel() on ptolemy.moml.MoMLSimpleApplication@64539a4f
reloadAllAccessors: .RecursiveLattice

===========================================================================================
----------------- testing Fri Jun 21 10:44:54 UTC 2019 /home/travis/build/icyphy/ptII/ptolemy/actor/lib/test/auto/Router.xml
----------------- Instantiating /home/travis/build/icyphy/ptII/ptolemy/actor/lib/test/auto/Router.xml
3004 ms. Memory: 570368K Free: 270081K (47%)
----------------- Invoking toplevel() on ptolemy.moml.MoMLSimpleApplication@68ee4282
----------------- Done invoking toplevel() on ptolemy.moml.MoMLSimpleApplication@68ee4282
reloadAllAccessors: .Router

===========================================================================================
----------------- testing Fri Jun 21 10:44:57 UTC 2019 /home/travis/build/icyphy/ptII/ptolemy/actor/lib/test/auto/Router2.xml
----------------- Instantiating /home/travis/build/icyphy/ptII/ptolemy/actor/lib/test/auto/Router2.xml
3004 ms. Memory: 570368K Free: 259331K (45%)
----------------- Invoking toplevel() on ptolemy.moml.MoMLSimpleApplication@4129be6f
----------------- Done invoking toplevel() on ptolemy.moml.MoMLSimpleApplication@4129be6f
reloadAllAccessors: .Router2

===========================================================================================
----------------- testing Fri Jun 21 10:45:00 UTC 2019 /home/travis/build/icyphy/ptII/ptolemy/actor/lib/test/auto/RunningMaximum.xml
----------------- Instantiating /home/travis/build/icyphy/ptII/ptolemy/actor/lib/test/auto/RunningMaximum.xml
2 ms. Memory: 570368K Free: 254721K (45%)
----------------- Invoking toplevel() on ptolemy.moml.MoMLSimpleApplication@7a45668c
----------------- Done invoking toplevel() on ptolemy.moml.MoMLSimpleApplication@7a45668c
reloadAllAccessors: .RunningMaximum

===========================================================================================
----------------- testing Fri Jun 21 10:45:00 UTC 2019 /home/travis/build/icyphy/ptII/ptolemy/actor/lib/test/auto/RunningMinimum.xml
----------------- Instantiating /home/travis/build/icyphy/ptII/ptolemy/actor/lib/test/auto/RunningMinimum.xml
1 ms. Memory: 570368K Free: 250115K (44%)
----------------- Invoking toplevel() on ptolemy.moml.MoMLSimpleApplication@8d257ac
----------------- Done invoking toplevel() on ptolemy.moml.MoMLSimpleApplication@8d257ac
reloadAllAccessors: .RunningMinimum

===========================================================================================
----------------- testing Fri Jun 21 10:45:01 UTC 2019 /home/travis/build/icyphy/ptII/ptolemy/actor/lib/test/auto/Scale.xml
----------------- Instantiating /home/travis/build/icyphy/ptII/ptolemy/actor/lib/test/auto/Scale.xml
2 ms. Memory: 570368K Free: 245505K (43%)
----------------- Invoking toplevel() on ptolemy.moml.MoMLSimpleApplication@7793ff23
----------------- Done invoking toplevel() on ptolemy.moml.MoMLSimpleApplication@7793ff23
reloadAllAccessors: .Scale

===========================================================================================
----------------- testing Fri Jun 21 10:45:01 UTC 2019 /home/travis/build/icyphy/ptII/ptolemy/actor/lib/test/auto/Scale2.xml
----------------- Instantiating /home/travis/build/icyphy/ptII/ptolemy/actor/lib/test/auto/Scale2.xml
2 ms. Memory: 570368K Free: 240899K (42%)
----------------- Invoking toplevel() on ptolemy.moml.MoMLSimpleApplication@3bdd7be3
----------------- Done invoking toplevel() on ptolemy.moml.MoMLSimpleApplication@3bdd7be3
reloadAllAccessors: .Scale2

===========================================================================================
----------------- testing Fri Jun 21 10:45:01 UTC 2019 /home/travis/build/icyphy/ptII/ptolemy/actor/lib/test/auto/Scale3.xml
----------------- Instantiating /home/travis/build/icyphy/ptII/ptolemy/actor/lib/test/auto/Scale3.xml
4 ms. Memory: 570368K Free: 234755K (41%)
----------------- Invoking toplevel() on ptolemy.moml.MoMLSimpleApplication@7fa0965b
----------------- Done invoking toplevel() on ptolemy.moml.MoMLSimpleApplication@7fa0965b
reloadAllAccessors: .Scale3

===========================================================================================
----------------- testing Fri Jun 21 10:45:01 UTC 2019 /home/travis/build/icyphy/ptII/ptolemy/actor/lib/test/auto/ScaleArray.xml
----------------- Instantiating /home/travis/build/icyphy/ptII/ptolemy/actor/lib/test/auto/ScaleArray.xml
1 ms. Memory: 570368K Free: 230145K (40%)
----------------- Invoking toplevel() on ptolemy.moml.MoMLSimpleApplication@2f8be6d4
----------------- Done invoking toplevel() on ptolemy.moml.MoMLSimpleApplication@2f8be6d4
reloadAllAccessors: .ScaleArray

===========================================================================================
----------------- testing Fri Jun 21 10:45:01 UTC 2019 /home/travis/build/icyphy/ptII/ptolemy/actor/lib/test/auto/ScaleArray2.xml
----------------- Instantiating /home/travis/build/icyphy/ptII/ptolemy/actor/lib/test/auto/ScaleArray2.xml
1 ms. Memory: 570368K Free: 225539K (40%)
----------------- Invoking toplevel() on ptolemy.moml.MoMLSimpleApplication@7dba7b09
----------------- Done invoking toplevel() on ptolemy.moml.MoMLSimpleApplication@7dba7b09
reloadAllAccessors: .ScaleArray2

===========================================================================================
----------------- testing Fri Jun 21 10:45:01 UTC 2019 /home/travis/build/icyphy/ptII/ptolemy/actor/lib/test/auto/ScaleMatrix.xml
----------------- Instantiating /home/travis/build/icyphy/ptII/ptolemy/actor/lib/test/auto/ScaleMatrix.xml
173 ms. Memory: 570368K Free: 211203K (37%)
----------------- Invoking toplevel() on ptolemy.moml.MoMLSimpleApplication@2da65e8b
----------------- Done invoking toplevel() on ptolemy.moml.MoMLSimpleApplication@2da65e8b
reloadAllAccessors: .ScaleMatrix

===========================================================================================
----------------- testing Fri Jun 21 10:45:01 UTC 2019 /home/travis/build/icyphy/ptII/ptolemy/actor/lib/test/auto/Select.xml
----------------- Instantiating /home/travis/build/icyphy/ptII/ptolemy/actor/lib/test/auto/Select.xml
2 ms. Memory: 570368K Free: 205059K (36%)
----------------- Invoking toplevel() on ptolemy.moml.MoMLSimpleApplication@1713b01c
----------------- Done invoking toplevel() on ptolemy.moml.MoMLSimpleApplication@1713b01c
reloadAllAccessors: .Select

===========================================================================================
----------------- testing Fri Jun 21 10:45:01 UTC 2019 /home/travis/build/icyphy/ptII/ptolemy/actor/lib/test/auto/Select2.xml
----------------- Instantiating /home/travis/build/icyphy/ptII/ptolemy/actor/lib/test/auto/Select2.xml
1 ms. Memory: 570368K Free: 199939K (35%)
----------------- Invoking toplevel() on ptolemy.moml.MoMLSimpleApplication@23ac605f
----------------- Done invoking toplevel() on ptolemy.moml.MoMLSimpleApplication@23ac605f
reloadAllAccessors: .Select2

===========================================================================================
----------------- testing Fri Jun 21 10:45:01 UTC 2019 /home/travis/build/icyphy/ptII/ptolemy/actor/lib/test/auto/SequenceToArray2.xml
----------------- Instantiating /home/travis/build/icyphy/ptII/ptolemy/actor/lib/test/auto/SequenceToArray2.xml
89 ms. Memory: 570368K Free: 506627K (89%)
----------------- Invoking toplevel() on ptolemy.moml.MoMLSimpleApplication@536de136
----------------- Done invoking toplevel() on ptolemy.moml.MoMLSimpleApplication@536de136
reloadAllAccessors: .SequenceToArray2

===========================================================================================
----------------- testing Fri Jun 21 10:45:01 UTC 2019 /home/travis/build/icyphy/ptII/ptolemy/actor/lib/test/auto/SequentialClock.xml
----------------- Instantiating /home/travis/build/icyphy/ptII/ptolemy/actor/lib/test/auto/SequentialClock.xml
1 ms. Memory: 570368K Free: 502017K (88%)
----------------- Invoking toplevel() on ptolemy.moml.MoMLSimpleApplication@4a0e5fad
----------------- Done invoking toplevel() on ptolemy.moml.MoMLSimpleApplication@4a0e5fad
reloadAllAccessors: .SequentialClock

===========================================================================================
----------------- testing Fri Jun 21 10:45:01 UTC 2019 /home/travis/build/icyphy/ptII/ptolemy/actor/lib/test/auto/SetVariable.xml
----------------- Instantiating /home/travis/build/icyphy/ptII/ptolemy/actor/lib/test/auto/SetVariable.xml
2 ms. Memory: 570368K Free: 497411K (87%)
----------------- Invoking toplevel() on ptolemy.moml.MoMLSimpleApplication@53e689c3
----------------- Done invoking toplevel() on ptolemy.moml.MoMLSimpleApplication@53e689c3
reloadAllAccessors: .SetVariable

===========================================================================================
----------------- testing Fri Jun 21 10:45:01 UTC 2019 /home/travis/build/icyphy/ptII/ptolemy/actor/lib/test/auto/SetVariable2.xml
----------------- Instantiating /home/travis/build/icyphy/ptII/ptolemy/actor/lib/test/auto/SetVariable2.xml
4 ms. Memory: 570368K Free: 492291K (86%)
----------------- Invoking toplevel() on ptolemy.moml.MoMLSimpleApplication@61c3fb15
----------------- Done invoking toplevel() on ptolemy.moml.MoMLSimpleApplication@61c3fb15
reloadAllAccessors: .SetVariable2

===========================================================================================
----------------- testing Fri Jun 21 10:45:01 UTC 2019 /home/travis/build/icyphy/ptII/ptolemy/actor/lib/test/auto/SetVariable3.xml
----------------- Instantiating /home/travis/build/icyphy/ptII/ptolemy/actor/lib/test/auto/SetVariable3.xml
8 ms. Memory: 570368K Free: 486657K (85%)
----------------- Invoking toplevel() on ptolemy.moml.MoMLSimpleApplication@53586588
----------------- Done invoking toplevel() on ptolemy.moml.MoMLSimpleApplication@53586588
reloadAllAccessors: .SetVariable3

===========================================================================================
----------------- testing Fri Jun 21 10:45:01 UTC 2019 /home/travis/build/icyphy/ptII/ptolemy/actor/lib/test/auto/SetVariable4.xml
----------------- Instantiating /home/travis/build/icyphy/ptII/ptolemy/actor/lib/test/auto/SetVariable4.xml
21 ms. Memory: 570368K Free: 476929K (84%)
----------------- Invoking toplevel() on ptolemy.moml.MoMLSimpleApplication@55e6b76e
----------------- Done invoking toplevel() on ptolemy.moml.MoMLSimpleApplication@55e6b76e
reloadAllAccessors: .SetVariable4

===========================================================================================
----------------- testing Fri Jun 21 10:45:01 UTC 2019 /home/travis/build/icyphy/ptII/ptolemy/actor/lib/test/auto/SetVariable5.xml
----------------- Instantiating /home/travis/build/icyphy/ptII/ptolemy/actor/lib/test/auto/SetVariable5.xml
9 ms. Memory: 570368K Free: 467715K (82%)
----------------- Invoking toplevel() on ptolemy.moml.MoMLSimpleApplication@786e6158
----------------- Done invoking toplevel() on ptolemy.moml.MoMLSimpleApplication@786e6158
reloadAllAccessors: .SetVariable5

===========================================================================================
----------------- testing Fri Jun 21 10:45:01 UTC 2019 /home/travis/build/icyphy/ptII/ptolemy/actor/lib/test/auto/Sinewave.xml
----------------- Instantiating /home/travis/build/icyphy/ptII/ptolemy/actor/lib/test/auto/Sinewave.xml
7 ms. Memory: 570368K Free: 457475K (80%)
----------------- Invoking toplevel() on ptolemy.moml.MoMLSimpleApplication@e495649
----------------- Done invoking toplevel() on ptolemy.moml.MoMLSimpleApplication@e495649
reloadAllAccessors: .Sinewave

===========================================================================================
----------------- testing Fri Jun 21 10:45:01 UTC 2019 /home/travis/build/icyphy/ptII/ptolemy/actor/lib/test/auto/Sinewave2.xml
----------------- Instantiating /home/travis/build/icyphy/ptII/ptolemy/actor/lib/test/auto/Sinewave2.xml
7 ms. Memory: 570368K Free: 449283K (79%)
----------------- Invoking toplevel() on ptolemy.moml.MoMLSimpleApplication@777429f9
----------------- Done invoking toplevel() on ptolemy.moml.MoMLSimpleApplication@777429f9
reloadAllAccessors: .Sinewave2

===========================================================================================
----------------- testing Fri Jun 21 10:45:01 UTC 2019 /home/travis/build/icyphy/ptII/ptolemy/actor/lib/test/auto/Sinewave3.xml
----------------- Instantiating /home/travis/build/icyphy/ptII/ptolemy/actor/lib/test/auto/Sinewave3.xml
11 ms. Memory: 570368K Free: 441091K (77%)
----------------- Invoking toplevel() on ptolemy.moml.MoMLSimpleApplication@7fdf8154
----------------- Done invoking toplevel() on ptolemy.moml.MoMLSimpleApplication@7fdf8154
reloadAllAccessors: .Sinewave3

===========================================================================================
----------------- testing Fri Jun 21 10:45:01 UTC 2019 /home/travis/build/icyphy/ptII/ptolemy/actor/lib/test/auto/SingleEvent.xml
----------------- Instantiating /home/travis/build/icyphy/ptII/ptolemy/actor/lib/test/auto/SingleEvent.xml
1 ms. Memory: 570368K Free: 436995K (77%)
----------------- Invoking toplevel() on ptolemy.moml.MoMLSimpleApplication@52c97c42
----------------- Done invoking toplevel() on ptolemy.moml.MoMLSimpleApplication@52c97c42
reloadAllAccessors: .SingleEvent

===========================================================================================
----------------- testing Fri Jun 21 10:45:01 UTC 2019 /home/travis/build/icyphy/ptII/ptolemy/actor/lib/test/auto/Sleep.xml
----------------- Instantiating /home/travis/build/icyphy/ptII/ptolemy/actor/lib/test/auto/Sleep.xml
6003 ms. Memory: 570368K Free: 431347K (76%)
----------------- Invoking toplevel() on ptolemy.moml.MoMLSimpleApplication@462a5ad
----------------- Done invoking toplevel() on ptolemy.moml.MoMLSimpleApplication@462a5ad
reloadAllAccessors: .Sleep

===========================================================================================
----------------- testing Fri Jun 21 10:45:07 UTC 2019 /home/travis/build/icyphy/ptII/ptolemy/actor/lib/test/auto/SleepMultipleFire.xml
----------------- Instantiating /home/travis/build/icyphy/ptII/ptolemy/actor/lib/test/auto/SleepMultipleFire.xml
1006 ms. Memory: 570368K Free: 425217K (75%)
----------------- Invoking toplevel() on ptolemy.moml.MoMLSimpleApplication@62c01cd8
----------------- Done invoking toplevel() on ptolemy.moml.MoMLSimpleApplication@62c01cd8
reloadAllAccessors: .SleepMultipleFire

===========================================================================================
----------------- testing Fri Jun 21 10:45:08 UTC 2019 /home/travis/build/icyphy/ptII/ptolemy/actor/lib/test/auto/StopDE.xml
----------------- Instantiating /home/travis/build/icyphy/ptII/ptolemy/actor/lib/test/auto/StopDE.xml
4 ms. Memory: 570368K Free: 419587K (74%)
----------------- Invoking toplevel() on ptolemy.moml.MoMLSimpleApplication@5b26d94d
----------------- Done invoking toplevel() on ptolemy.moml.MoMLSimpleApplication@5b26d94d
reloadAllAccessors: .StopDE

===========================================================================================
----------------- testing Fri Jun 21 10:45:08 UTC 2019 /home/travis/build/icyphy/ptII/ptolemy/actor/lib/test/auto/StopSDF.xml
----------------- Instantiating /home/travis/build/icyphy/ptII/ptolemy/actor/lib/test/auto/StopSDF.xml
4 ms. Memory: 570368K Free: 414467K (73%)
----------------- Invoking toplevel() on ptolemy.moml.MoMLSimpleApplication@89413f1
----------------- Done invoking toplevel() on ptolemy.moml.MoMLSimpleApplication@89413f1
reloadAllAccessors: .StopSDF

===========================================================================================
----------------- testing Fri Jun 21 10:45:08 UTC 2019 /home/travis/build/icyphy/ptII/ptolemy/actor/lib/test/auto/StringConstant.xml
----------------- Instantiating /home/travis/build/icyphy/ptII/ptolemy/actor/lib/test/auto/StringConstant.xml
12 ms. Memory: 570368K Free: 409857K (72%)
----------------- Invoking toplevel() on ptolemy.moml.MoMLSimpleApplication@749f6a6f
----------------- Done invoking toplevel() on ptolemy.moml.MoMLSimpleApplication@749f6a6f
reloadAllAccessors: .StringConstant

===========================================================================================
----------------- testing Fri Jun 21 10:45:08 UTC 2019 /home/travis/build/icyphy/ptII/ptolemy/actor/lib/test/auto/SubscriberPortInitialValues1.xml
----------------- Instantiating /home/travis/build/icyphy/ptII/ptolemy/actor/lib/test/auto/SubscriberPortInitialValues1.xml
8 ms. Memory: 570368K Free: 401155K (70%)
----------------- Invoking toplevel() on ptolemy.moml.MoMLSimpleApplication@4122308c
----------------- Done invoking toplevel() on ptolemy.moml.MoMLSimpleApplication@4122308c
reloadAllAccessors: .SubscriberPortInitialValues1

===========================================================================================
----------------- testing Fri Jun 21 10:45:08 UTC 2019 /home/travis/build/icyphy/ptII/ptolemy/actor/lib/test/auto/SubscriberPortInitialValues13.xml
----------------- Instantiating /home/travis/build/icyphy/ptII/ptolemy/actor/lib/test/auto/SubscriberPortInitialValues13.xml
5 ms. Memory: 570368K Free: 388353K (68%)
----------------- Invoking toplevel() on ptolemy.moml.MoMLSimpleApplication@4cdf0445
----------------- Done invoking toplevel() on ptolemy.moml.MoMLSimpleApplication@4cdf0445
reloadAllAccessors: .SubscriberPortInitialValues13

===========================================================================================
----------------- testing Fri Jun 21 10:45:08 UTC 2019 /home/travis/build/icyphy/ptII/ptolemy/actor/lib/test/auto/SubscriberPortInitialValues14.xml
----------------- Instantiating /home/travis/build/icyphy/ptII/ptolemy/actor/lib/test/auto/SubscriberPortInitialValues14.xml
4 ms. Memory: 570368K Free: 380675K (67%)
----------------- Invoking toplevel() on ptolemy.moml.MoMLSimpleApplication@7981006c
----------------- Done invoking toplevel() on ptolemy.moml.MoMLSimpleApplication@7981006c
reloadAllAccessors: .SubscriberPortInitialValues14

===========================================================================================
----------------- testing Fri Jun 21 10:45:08 UTC 2019 /home/travis/build/icyphy/ptII/ptolemy/actor/lib/test/auto/SubscriberPortInitialValues2.xml
----------------- Instantiating /home/travis/build/icyphy/ptII/ptolemy/actor/lib/test/auto/SubscriberPortInitialValues2.xml
5 ms. Memory: 570368K Free: 372483K (65%)
----------------- Invoking toplevel() on ptolemy.moml.MoMLSimpleApplication@593f551
----------------- Done invoking toplevel() on ptolemy.moml.MoMLSimpleApplication@593f551
reloadAllAccessors: .SubscriberPortInitialValues2

===========================================================================================
----------------- testing Fri Jun 21 10:45:08 UTC 2019 /home/travis/build/icyphy/ptII/ptolemy/actor/lib/test/auto/SubscriberPortInitialValues3.xml
----------------- Instantiating /home/travis/build/icyphy/ptII/ptolemy/actor/lib/test/auto/SubscriberPortInitialValues3.xml
4 ms. Memory: 570368K Free: 361729K (63%)
----------------- Invoking toplevel() on ptolemy.moml.MoMLSimpleApplication@3c8f58e6
----------------- Done invoking toplevel() on ptolemy.moml.MoMLSimpleApplication@3c8f58e6
reloadAllAccessors: .SubscriberPortInitialValues3

===========================================================================================
----------------- testing Fri Jun 21 10:45:08 UTC 2019 /home/travis/build/icyphy/ptII/ptolemy/actor/lib/test/auto/SubscriptionAggregator.xml
----------------- Instantiating /home/travis/build/icyphy/ptII/ptolemy/actor/lib/test/auto/SubscriptionAggregator.xml
2 ms. Memory: 570368K Free: 355075K (62%)
----------------- Invoking toplevel() on ptolemy.moml.MoMLSimpleApplication@14b64910
----------------- Done invoking toplevel() on ptolemy.moml.MoMLSimpleApplication@14b64910
reloadAllAccessors: .SubscriptionAggregator

===========================================================================================
----------------- testing Fri Jun 21 10:45:08 UTC 2019 /home/travis/build/icyphy/ptII/ptolemy/actor/lib/test/auto/SubscriptionAggregator2.xml
----------------- Instantiating /home/travis/build/icyphy/ptII/ptolemy/actor/lib/test/auto/SubscriptionAggregator2.xml
3 ms. Memory: 570368K Free: 348411K (61%)
----------------- Invoking toplevel() on ptolemy.moml.MoMLSimpleApplication@19034e43
----------------- Done invoking toplevel() on ptolemy.moml.MoMLSimpleApplication@19034e43
reloadAllAccessors: .SubscriptionAggregator2

===========================================================================================
----------------- testing Fri Jun 21 10:45:08 UTC 2019 /home/travis/build/icyphy/ptII/ptolemy/actor/lib/test/auto/SubscriptionAggregator3.xml
----------------- Instantiating /home/travis/build/icyphy/ptII/ptolemy/actor/lib/test/auto/SubscriptionAggregator3.xml
4 ms. Memory: 570368K Free: 340219K (60%)
----------------- Invoking toplevel() on ptolemy.moml.MoMLSimpleApplication@76ed2778
----------------- Done invoking toplevel() on ptolemy.moml.MoMLSimpleApplication@76ed2778
reloadAllAccessors: .SubscriptionAggregator3

===========================================================================================
----------------- testing Fri Jun 21 10:45:09 UTC 2019 /home/travis/build/icyphy/ptII/ptolemy/actor/lib/test/auto/SubscriptionAggregatorMultiply.xml
----------------- Instantiating /home/travis/build/icyphy/ptII/ptolemy/actor/lib/test/auto/SubscriptionAggregatorMultiply.xml
3 ms. Memory: 570368K Free: 332027K (58%)
----------------- Invoking toplevel() on ptolemy.moml.MoMLSimpleApplication@605841f8
----------------- Done invoking toplevel() on ptolemy.moml.MoMLSimpleApplication@605841f8
reloadAllAccessors: .SubscriptionAggregatorMultiply

===========================================================================================
----------------- testing Fri Jun 21 10:45:09 UTC 2019 /home/travis/build/icyphy/ptII/ptolemy/actor/lib/test/auto/SubscriptionAggregatorPortMultiply1.xml
----------------- Instantiating /home/travis/build/icyphy/ptII/ptolemy/actor/lib/test/auto/SubscriptionAggregatorPortMultiply1.xml
4 ms. Memory: 570368K Free: 323841K (57%)
----------------- Invoking toplevel() on ptolemy.moml.MoMLSimpleApplication@3583b848
----------------- Done invoking toplevel() on ptolemy.moml.MoMLSimpleApplication@3583b848
reloadAllAccessors: .SubscriptionAggregatorPortMultiply1

===========================================================================================
----------------- testing Fri Jun 21 10:45:09 UTC 2019 /home/travis/build/icyphy/ptII/ptolemy/actor/lib/test/auto/Switch.xml
----------------- Instantiating /home/travis/build/icyphy/ptII/ptolemy/actor/lib/test/auto/Switch.xml
7 ms. Memory: 570368K Free: 315649K (55%)
----------------- Invoking toplevel() on ptolemy.moml.MoMLSimpleApplication@4f861e67
----------------- Done invoking toplevel() on ptolemy.moml.MoMLSimpleApplication@4f861e67
reloadAllAccessors: .Switch

===========================================================================================
----------------- testing Fri Jun 21 10:45:09 UTC 2019 /home/travis/build/icyphy/ptII/ptolemy/actor/lib/test/auto/Switch2.xml
----------------- Instantiating /home/travis/build/icyphy/ptII/ptolemy/actor/lib/test/auto/Switch2.xml
1 ms. Memory: 570368K Free: 311043K (55%)
----------------- Invoking toplevel() on ptolemy.moml.MoMLSimpleApplication@646b979c
----------------- Done invoking toplevel() on ptolemy.moml.MoMLSimpleApplication@646b979c
reloadAllAccessors: .Switch2

===========================================================================================
----------------- testing Fri Jun 21 10:45:09 UTC 2019 /home/travis/build/icyphy/ptII/ptolemy/actor/lib/test/auto/SwitchDE.xml
----------------- Instantiating /home/travis/build/icyphy/ptII/ptolemy/actor/lib/test/auto/SwitchDE.xml
4 ms. Memory: 570368K Free: 304899K (53%)
----------------- Invoking toplevel() on ptolemy.moml.MoMLSimpleApplication@45b98fc1
----------------- Done invoking toplevel() on ptolemy.moml.MoMLSimpleApplication@45b98fc1
reloadAllAccessors: .SwitchDE

===========================================================================================
----------------- testing Fri Jun 21 10:45:09 UTC 2019 /home/travis/build/icyphy/ptII/ptolemy/actor/lib/test/auto/SynchronizerDE.xml
----------------- Instantiating /home/travis/build/icyphy/ptII/ptolemy/actor/lib/test/auto/SynchronizerDE.xml
7 ms. Memory: 570368K Free: 296707K (52%)
----------------- Invoking toplevel() on ptolemy.moml.MoMLSimpleApplication@4b72374e
----------------- Done invoking toplevel() on ptolemy.moml.MoMLSimpleApplication@4b72374e
reloadAllAccessors: .SynchronizerDE

===========================================================================================
----------------- testing Fri Jun 21 10:45:09 UTC 2019 /home/travis/build/icyphy/ptII/ptolemy/actor/lib/test/auto/Test.xml
----------------- Instantiating /home/travis/build/icyphy/ptII/ptolemy/actor/lib/test/auto/Test.xml
6 ms. Memory: 570368K Free: 291067K (51%)
----------------- Invoking toplevel() on ptolemy.moml.MoMLSimpleApplication@116c78eb
----------------- Done invoking toplevel() on ptolemy.moml.MoMLSimpleApplication@116c78eb
reloadAllAccessors: .Test

===========================================================================================
----------------- testing Fri Jun 21 10:45:09 UTC 2019 /home/travis/build/icyphy/ptII/ptolemy/actor/lib/test/auto/TestExceptionAttribute1.xml
----------------- Instantiating /home/travis/build/icyphy/ptII/ptolemy/actor/lib/test/auto/TestExceptionAttribute1.xml
2 ms. Memory: 570368K Free: 287491K (50%)
----------------- Invoking toplevel() on ptolemy.moml.MoMLSimpleApplication@5da92f33
----------------- Done invoking toplevel() on ptolemy.moml.MoMLSimpleApplication@5da92f33
reloadAllAccessors: .TestExceptionAttribute1

===========================================================================================
----------------- testing Fri Jun 21 10:45:09 UTC 2019 /home/travis/build/icyphy/ptII/ptolemy/actor/lib/test/auto/TestExceptionAttribute2.xml
----------------- Instantiating /home/travis/build/icyphy/ptII/ptolemy/actor/lib/test/auto/TestExceptionAttribute2.xml
3 ms. Memory: 570368K Free: 283905K (50%)
----------------- Invoking toplevel() on ptolemy.moml.MoMLSimpleApplication@f9357e9
----------------- Done invoking toplevel() on ptolemy.moml.MoMLSimpleApplication@f9357e9
reloadAllAccessors: .TestExceptionAttribute2

===========================================================================================
----------------- testing Fri Jun 21 10:45:09 UTC 2019 /home/travis/build/icyphy/ptII/ptolemy/actor/lib/test/auto/TestExceptionAttribute3.xml
----------------- Instantiating /home/travis/build/icyphy/ptII/ptolemy/actor/lib/test/auto/TestExceptionAttribute3.xml
.TestExceptionAttribute3.TestExceptionAttribute: initialize() was not invoked, but wrapup() was.  This is unusual, but not always a problem.  For example, exporting JNLP will do this.
1 ms. Memory: 570368K Free: 280323K (49%)
----------------- Invoking toplevel() on ptolemy.moml.MoMLSimpleApplication@178f75ba
----------------- Done invoking toplevel() on ptolemy.moml.MoMLSimpleApplication@178f75ba
reloadAllAccessors: .TestExceptionAttribute3

===========================================================================================
----------------- testing Fri Jun 21 10:45:09 UTC 2019 /home/travis/build/icyphy/ptII/ptolemy/actor/lib/test/auto/TestExceptionAttribute4.xml
----------------- Instantiating /home/travis/build/icyphy/ptII/ptolemy/actor/lib/test/auto/TestExceptionAttribute4.xml
.TestExceptionAttribute4.TestExceptionAttribute: initialize() was not invoked, but wrapup() was.  This is unusual, but not always a problem.  For example, exporting JNLP will do this.
.TestExceptionAttribute4.TestExceptionAttribute2: initialize() was not invoked, but wrapup() was.  This is unusual, but not always a problem.  For example, exporting JNLP will do this.
1 ms. Memory: 570368K Free: 276227K (48%)
----------------- Invoking toplevel() on ptolemy.moml.MoMLSimpleApplication@6c53eb89
----------------- Done invoking toplevel() on ptolemy.moml.MoMLSimpleApplication@6c53eb89
reloadAllAccessors: .TestExceptionAttribute4

===========================================================================================
----------------- testing Fri Jun 21 10:45:09 UTC 2019 /home/travis/build/icyphy/ptII/ptolemy/actor/lib/test/auto/TestExceptionHandler1.xml
----------------- Instantiating /home/travis/build/icyphy/ptII/ptolemy/actor/lib/test/auto/TestExceptionHandler1.xml
1 ms. Memory: 570368K Free: 272641K (48%)
----------------- Invoking toplevel() on ptolemy.moml.MoMLSimpleApplication@3395d512
----------------- Done invoking toplevel() on ptolemy.moml.MoMLSimpleApplication@3395d512
reloadAllAccessors: .TestExceptionHandler1

===========================================================================================
----------------- testing Fri Jun 21 10:45:09 UTC 2019 /home/travis/build/icyphy/ptII/ptolemy/actor/lib/test/auto/TestExceptionHandler2.xml
----------------- Instantiating /home/travis/build/icyphy/ptII/ptolemy/actor/lib/test/auto/TestExceptionHandler2.xml
2 ms. Memory: 570368K Free: 268545K (47%)
----------------- Invoking toplevel() on ptolemy.moml.MoMLSimpleApplication@17fd37f5
----------------- Done invoking toplevel() on ptolemy.moml.MoMLSimpleApplication@17fd37f5
reloadAllAccessors: .TestExceptionHandler2

===========================================================================================
----------------- testing Fri Jun 21 10:45:09 UTC 2019 /home/travis/build/icyphy/ptII/ptolemy/actor/lib/test/auto/TestExceptionHandler3.xml
----------------- Instantiating /home/travis/build/icyphy/ptII/ptolemy/actor/lib/test/auto/TestExceptionHandler3.xml
1 ms. Memory: 570368K Free: 264963K (46%)
----------------- Invoking toplevel() on ptolemy.moml.MoMLSimpleApplication@4c014265
----------------- Done invoking toplevel() on ptolemy.moml.MoMLSimpleApplication@4c014265
reloadAllAccessors: .TestExceptionHandler3

===========================================================================================
----------------- testing Fri Jun 21 10:45:09 UTC 2019 /home/travis/build/icyphy/ptII/ptolemy/actor/lib/test/auto/TestExceptionHandler4.xml
----------------- Instantiating /home/travis/build/icyphy/ptII/ptolemy/actor/lib/test/auto/TestExceptionHandler4.xml
1 ms. Memory: 570368K Free: 260867K (46%)
----------------- Invoking toplevel() on ptolemy.moml.MoMLSimpleApplication@69da93a6
----------------- Done invoking toplevel() on ptolemy.moml.MoMLSimpleApplication@69da93a6
reloadAllAccessors: .TestExceptionHandler4

===========================================================================================
----------------- testing Fri Jun 21 10:45:09 UTC 2019 /home/travis/build/icyphy/ptII/ptolemy/actor/lib/test/auto/TestRequireCorrectOrder.xml
----------------- Instantiating /home/travis/build/icyphy/ptII/ptolemy/actor/lib/test/auto/TestRequireCorrectOrder.xml
3 ms. Memory: 570368K Free: 255747K (45%)
----------------- Invoking toplevel() on ptolemy.moml.MoMLSimpleApplication@cb16929
----------------- Done invoking toplevel() on ptolemy.moml.MoMLSimpleApplication@cb16929
reloadAllAccessors: .TestRequireCorrectOrder

===========================================================================================
----------------- testing Fri Jun 21 10:45:09 UTC 2019 /home/travis/build/icyphy/ptII/ptolemy/actor/lib/test/auto/TestSimple.xml
----------------- Instantiating /home/travis/build/icyphy/ptII/ptolemy/actor/lib/test/auto/TestSimple.xml
5 ms. Memory: 570368K Free: 251651K (44%)
----------------- Invoking toplevel() on ptolemy.moml.MoMLSimpleApplication@5cfcd34a
----------------- Done invoking toplevel() on ptolemy.moml.MoMLSimpleApplication@5cfcd34a
reloadAllAccessors: .TestSimple

===========================================================================================
----------------- testing Fri Jun 21 10:45:09 UTC 2019 /home/travis/build/icyphy/ptII/ptolemy/actor/lib/test/auto/ThrowModelError.xml
----------------- Instantiating /home/travis/build/icyphy/ptII/ptolemy/actor/lib/test/auto/ThrowModelError.xml
2 ms. Memory: 570368K Free: 246531K (43%)
----------------- Invoking toplevel() on ptolemy.moml.MoMLSimpleApplication@4a482f13
----------------- Done invoking toplevel() on ptolemy.moml.MoMLSimpleApplication@4a482f13
reloadAllAccessors: .ThrowModelError

===========================================================================================
----------------- testing Fri Jun 21 10:45:09 UTC 2019 /home/travis/build/icyphy/ptII/ptolemy/actor/lib/test/auto/TimeDelayMicrosteps.xml
----------------- Instantiating /home/travis/build/icyphy/ptII/ptolemy/actor/lib/test/auto/TimeDelayMicrosteps.xml
3 ms. Memory: 570368K Free: 239859K (42%)
----------------- Invoking toplevel() on ptolemy.moml.MoMLSimpleApplication@ba62d89
----------------- Done invoking toplevel() on ptolemy.moml.MoMLSimpleApplication@ba62d89
reloadAllAccessors: .TimeDelayMicrosteps

===========================================================================================
----------------- testing Fri Jun 21 10:45:09 UTC 2019 /home/travis/build/icyphy/ptII/ptolemy/actor/lib/test/auto/TimeDelayMicrosteps2.xml
----------------- Instantiating /home/travis/build/icyphy/ptII/ptolemy/actor/lib/test/auto/TimeDelayMicrosteps2.xml
4 ms. Memory: 570368K Free: 232691K (41%)
----------------- Invoking toplevel() on ptolemy.moml.MoMLSimpleApplication@5c2acf23
----------------- Done invoking toplevel() on ptolemy.moml.MoMLSimpleApplication@5c2acf23
reloadAllAccessors: .TimeDelayMicrosteps2

===========================================================================================
----------------- testing Fri Jun 21 10:45:09 UTC 2019 /home/travis/build/icyphy/ptII/ptolemy/actor/lib/test/auto/TimeDelayMicrosteps3.xml
----------------- Instantiating /home/travis/build/icyphy/ptII/ptolemy/actor/lib/test/auto/TimeDelayMicrosteps3.xml
3 ms. Memory: 570368K Free: 226547K (40%)
----------------- Invoking toplevel() on ptolemy.moml.MoMLSimpleApplication@4dda054
----------------- Done invoking toplevel() on ptolemy.moml.MoMLSimpleApplication@4dda054
reloadAllAccessors: .TimeDelayMicrosteps3

===========================================================================================
----------------- testing Fri Jun 21 10:45:09 UTC 2019 /home/travis/build/icyphy/ptII/ptolemy/actor/lib/test/auto/TimeDelayVariableMicrosteps.xml
----------------- Instantiating /home/travis/build/icyphy/ptII/ptolemy/actor/lib/test/auto/TimeDelayVariableMicrosteps.xml
3 ms. Memory: 570368K Free: 219393K (38%)
----------------- Invoking toplevel() on ptolemy.moml.MoMLSimpleApplication@773d892
----------------- Done invoking toplevel() on ptolemy.moml.MoMLSimpleApplication@773d892
reloadAllAccessors: .TimeDelayVariableMicrosteps

===========================================================================================
----------------- testing Fri Jun 21 10:45:09 UTC 2019 /home/travis/build/icyphy/ptII/ptolemy/actor/lib/test/auto/TimeGap.xml
----------------- Instantiating /home/travis/build/icyphy/ptII/ptolemy/actor/lib/test/auto/TimeGap.xml
3 ms. Memory: 570368K Free: 214243K (38%)
----------------- Invoking toplevel() on ptolemy.moml.MoMLSimpleApplication@27a34c29
----------------- Done invoking toplevel() on ptolemy.moml.MoMLSimpleApplication@27a34c29
reloadAllAccessors: .TimeGap

===========================================================================================
----------------- testing Fri Jun 21 10:45:09 UTC 2019 /home/travis/build/icyphy/ptII/ptolemy/actor/lib/test/auto/TimeGap2.xml
----------------- Instantiating /home/travis/build/icyphy/ptII/ptolemy/actor/lib/test/auto/TimeGap2.xml
2 ms. Memory: 570368K Free: 208643K (37%)
----------------- Invoking toplevel() on ptolemy.moml.MoMLSimpleApplication@3aff00b8
----------------- Done invoking toplevel() on ptolemy.moml.MoMLSimpleApplication@3aff00b8
reloadAllAccessors: .TimeGap2

===========================================================================================
----------------- testing Fri Jun 21 10:45:09 UTC 2019 /home/travis/build/icyphy/ptII/ptolemy/actor/lib/test/auto/TimedSinewave.xml
----------------- Instantiating /home/travis/build/icyphy/ptII/ptolemy/actor/lib/test/auto/TimedSinewave.xml
32 ms. Memory: 570368K Free: 194817K (34%)
----------------- Invoking toplevel() on ptolemy.moml.MoMLSimpleApplication@5097499d
----------------- Done invoking toplevel() on ptolemy.moml.MoMLSimpleApplication@5097499d
reloadAllAccessors: .TimedSinewave

===========================================================================================
----------------- testing Fri Jun 21 10:45:09 UTC 2019 /home/travis/build/icyphy/ptII/ptolemy/actor/lib/test/auto/TimedSinewavePhase.xml
----------------- Instantiating /home/travis/build/icyphy/ptII/ptolemy/actor/lib/test/auto/TimedSinewavePhase.xml
11 ms. Memory: 570368K Free: 513793K (90%)
----------------- Invoking toplevel() on ptolemy.moml.MoMLSimpleApplication@951408c
----------------- Done invoking toplevel() on ptolemy.moml.MoMLSimpleApplication@951408c
reloadAllAccessors: .TimedSinewavePhase

===========================================================================================
----------------- testing Fri Jun 21 10:45:09 UTC 2019 /home/travis/build/icyphy/ptII/ptolemy/actor/lib/test/auto/Timer.xml
----------------- Instantiating /home/travis/build/icyphy/ptII/ptolemy/actor/lib/test/auto/Timer.xml
2 ms. Memory: 570368K Free: 507643K (89%)
----------------- Invoking toplevel() on ptolemy.moml.MoMLSimpleApplication@21b0c38a
----------------- Done invoking toplevel() on ptolemy.moml.MoMLSimpleApplication@21b0c38a
reloadAllAccessors: .Timer

===========================================================================================
----------------- testing Fri Jun 21 10:45:09 UTC 2019 /home/travis/build/icyphy/ptII/ptolemy/actor/lib/test/auto/TriangularDistTestModel.xml
----------------- Instantiating /home/travis/build/icyphy/ptII/ptolemy/actor/lib/test/auto/TriangularDistTestModel.xml
2 ms. Memory: 570368K Free: 502019K (88%)
----------------- Invoking toplevel() on ptolemy.moml.MoMLSimpleApplication@f4de8cb
----------------- Done invoking toplevel() on ptolemy.moml.MoMLSimpleApplication@f4de8cb
reloadAllAccessors: .TriangularDistTestModel

===========================================================================================
----------------- testing Fri Jun 21 10:45:09 UTC 2019 /home/travis/build/icyphy/ptII/ptolemy/actor/lib/test/auto/TrigFunction.xml
----------------- Instantiating /home/travis/build/icyphy/ptII/ptolemy/actor/lib/test/auto/TrigFunction.xml
1 ms. Memory: 570368K Free: 497409K (87%)
----------------- Invoking toplevel() on ptolemy.moml.MoMLSimpleApplication@51429a22
----------------- Done invoking toplevel() on ptolemy.moml.MoMLSimpleApplication@51429a22
reloadAllAccessors: .TrigFunction

===========================================================================================
----------------- testing Fri Jun 21 10:45:09 UTC 2019 /home/travis/build/icyphy/ptII/ptolemy/actor/lib/test/auto/TrigFunctionDE.xml
----------------- Instantiating /home/travis/build/icyphy/ptII/ptolemy/actor/lib/test/auto/TrigFunctionDE.xml
2 ms. Memory: 570368K Free: 491779K (86%)
----------------- Invoking toplevel() on ptolemy.moml.MoMLSimpleApplication@53ebdaf6
----------------- Done invoking toplevel() on ptolemy.moml.MoMLSimpleApplication@53ebdaf6
reloadAllAccessors: .TrigFunctionDE

===========================================================================================
----------------- testing Fri Jun 21 10:45:09 UTC 2019 /home/travis/build/icyphy/ptII/ptolemy/actor/lib/test/auto/TrigFunctionInverse.xml
----------------- Instantiating /home/travis/build/icyphy/ptII/ptolemy/actor/lib/test/auto/TrigFunctionInverse.xml
2 ms. Memory: 570368K Free: 486145K (85%)
----------------- Invoking toplevel() on ptolemy.moml.MoMLSimpleApplication@3220f61a
----------------- Done invoking toplevel() on ptolemy.moml.MoMLSimpleApplication@3220f61a
reloadAllAccessors: .TrigFunctionInverse

===========================================================================================
----------------- testing Fri Jun 21 10:45:09 UTC 2019 /home/travis/build/icyphy/ptII/ptolemy/actor/lib/test/auto/TrigFunctionTan.xml
----------------- Instantiating /home/travis/build/icyphy/ptII/ptolemy/actor/lib/test/auto/TrigFunctionTan.xml
1 ms. Memory: 570368K Free: 482049K (85%)
----------------- Invoking toplevel() on ptolemy.moml.MoMLSimpleApplication@c0314a8
----------------- Done invoking toplevel() on ptolemy.moml.MoMLSimpleApplication@c0314a8
reloadAllAccessors: .TrigFunctionTan

===========================================================================================
----------------- testing Fri Jun 21 10:45:09 UTC 2019 /home/travis/build/icyphy/ptII/ptolemy/actor/lib/test/auto/TriggeredClock.xml
----------------- Instantiating /home/travis/build/icyphy/ptII/ptolemy/actor/lib/test/auto/TriggeredClock.xml
2 ms. Memory: 570368K Free: 477411K (84%)
----------------- Invoking toplevel() on ptolemy.moml.MoMLSimpleApplication@58cea4d3
----------------- Done invoking toplevel() on ptolemy.moml.MoMLSimpleApplication@58cea4d3
reloadAllAccessors: .TriggeredClock

===========================================================================================
----------------- testing Fri Jun 21 10:45:09 UTC 2019 /home/travis/build/icyphy/ptII/ptolemy/actor/lib/test/auto/URLDirectoryReader.xml
----------------- Instantiating /home/travis/build/icyphy/ptII/ptolemy/actor/lib/test/auto/URLDirectoryReader.xml
50 ms. Memory: 570368K Free: 467203K (82%)
----------------- Invoking toplevel() on ptolemy.moml.MoMLSimpleApplication@28c01026
----------------- Done invoking toplevel() on ptolemy.moml.MoMLSimpleApplication@28c01026
reloadAllAccessors: .URLDirectoryReader

===========================================================================================
----------------- testing Fri Jun 21 10:45:09 UTC 2019 /home/travis/build/icyphy/ptII/ptolemy/actor/lib/test/auto/URLDirectoryReader3.xml
----------------- Instantiating /home/travis/build/icyphy/ptII/ptolemy/actor/lib/test/auto/URLDirectoryReader3.xml
1188 ms. Memory: 570368K Free: 513283K (90%)
----------------- Invoking toplevel() on ptolemy.moml.MoMLSimpleApplication@47152602
----------------- Done invoking toplevel() on ptolemy.moml.MoMLSimpleApplication@47152602
reloadAllAccessors: .URLDirectoryReader3

===========================================================================================
----------------- testing Fri Jun 21 10:45:11 UTC 2019 /home/travis/build/icyphy/ptII/ptolemy/actor/lib/test/auto/UnaryMathFunction.xml
----------------- Instantiating /home/travis/build/icyphy/ptII/ptolemy/actor/lib/test/auto/UnaryMathFunction.xml
5 ms. Memory: 570368K Free: 505091K (89%)
----------------- Invoking toplevel() on ptolemy.moml.MoMLSimpleApplication@4d60e608
----------------- Done invoking toplevel() on ptolemy.moml.MoMLSimpleApplication@4d60e608
reloadAllAccessors: .UnaryMathFunction

===========================================================================================
----------------- testing Fri Jun 21 10:45:11 UTC 2019 /home/travis/build/icyphy/ptII/ptolemy/actor/lib/test/auto/Uniform.xml
----------------- Instantiating /home/travis/build/icyphy/ptII/ptolemy/actor/lib/test/auto/Uniform.xml
5 ms. Memory: 570368K Free: 500475K (88%)
----------------- Invoking toplevel() on ptolemy.moml.MoMLSimpleApplication@72ec4fd1
----------------- Done invoking toplevel() on ptolemy.moml.MoMLSimpleApplication@72ec4fd1
reloadAllAccessors: .Uniform

===========================================================================================
----------------- testing Fri Jun 21 10:45:11 UTC 2019 /home/travis/build/icyphy/ptII/ptolemy/actor/lib/test/auto/UnionDisassemblerTest.xml
----------------- Instantiating /home/travis/build/icyphy/ptII/ptolemy/actor/lib/test/auto/UnionDisassemblerTest.xml
18 ms. Memory: 570368K Free: 496899K (87%)
----------------- Invoking toplevel() on ptolemy.moml.MoMLSimpleApplication@50805639
----------------- Done invoking toplevel() on ptolemy.moml.MoMLSimpleApplication@50805639
reloadAllAccessors: .UnionDisassemblerTest

===========================================================================================
----------------- testing Fri Jun 21 10:45:11 UTC 2019 /home/travis/build/icyphy/ptII/ptolemy/actor/lib/test/auto/UtilityFunctions.xml
----------------- Instantiating /home/travis/build/icyphy/ptII/ptolemy/actor/lib/test/auto/UtilityFunctions.xml
1 ms. Memory: 570368K Free: 492803K (86%)
----------------- Invoking toplevel() on ptolemy.moml.MoMLSimpleApplication@6685543f
----------------- Done invoking toplevel() on ptolemy.moml.MoMLSimpleApplication@6685543f
reloadAllAccessors: .UtilityFunctions

===========================================================================================
----------------- testing Fri Jun 21 10:45:11 UTC 2019 /home/travis/build/icyphy/ptII/ptolemy/actor/lib/test/auto/VariableSleep.xml
----------------- Instantiating /home/travis/build/icyphy/ptII/ptolemy/actor/lib/test/auto/VariableSleep.xml
510 ms. Memory: 570368K Free: 487683K (86%)
----------------- Invoking toplevel() on ptolemy.moml.MoMLSimpleApplication@723b85a
----------------- Done invoking toplevel() on ptolemy.moml.MoMLSimpleApplication@723b85a
reloadAllAccessors: .VariableSleep

===========================================================================================
----------------- testing Fri Jun 21 10:45:11 UTC 2019 /home/travis/build/icyphy/ptII/ptolemy/actor/lib/test/auto/VectorAssemblerDisassemblerCT.xml
----------------- Instantiating /home/travis/build/icyphy/ptII/ptolemy/actor/lib/test/auto/VectorAssemblerDisassemblerCT.xml
71 ms. Memory: 570368K Free: 467203K (82%)
----------------- Invoking toplevel() on ptolemy.moml.MoMLSimpleApplication@1bd3c885
----------------- Done invoking toplevel() on ptolemy.moml.MoMLSimpleApplication@1bd3c885
reloadAllAccessors: .VectorAssemblerDisassemblerCT

===========================================================================================
----------------- testing Fri Jun 21 10:45:12 UTC 2019 /home/travis/build/icyphy/ptII/ptolemy/actor/lib/test/auto/VectorAssemblerDisassemblerDE.xml
----------------- Instantiating /home/travis/build/icyphy/ptII/ptolemy/actor/lib/test/auto/VectorAssemblerDisassemblerDE.xml
3 ms. Memory: 570368K Free: 459521K (81%)
----------------- Invoking toplevel() on ptolemy.moml.MoMLSimpleApplication@237d5143
----------------- Done invoking toplevel() on ptolemy.moml.MoMLSimpleApplication@237d5143
reloadAllAccessors: .VectorAssemblerDisassemblerDE

===========================================================================================
----------------- testing Fri Jun 21 10:45:12 UTC 2019 /home/travis/build/icyphy/ptII/ptolemy/actor/lib/test/auto/VectorAssemblerDisassemblerSDF.xml
----------------- Instantiating /home/travis/build/icyphy/ptII/ptolemy/actor/lib/test/auto/VectorAssemblerDisassemblerSDF.xml
3 ms. Memory: 570368K Free: 453363K (79%)
----------------- Invoking toplevel() on ptolemy.moml.MoMLSimpleApplication@2d020042
----------------- Done invoking toplevel() on ptolemy.moml.MoMLSimpleApplication@2d020042
reloadAllAccessors: .VectorAssemblerDisassemblerSDF

===========================================================================================
----------------- testing Fri Jun 21 10:45:12 UTC 2019 /home/travis/build/icyphy/ptII/ptolemy/actor/lib/test/auto/WallClockTime.xml
----------------- Instantiating /home/travis/build/icyphy/ptII/ptolemy/actor/lib/test/auto/WallClockTime.xml
1006 ms. Memory: 570368K Free: 448257K (79%)
----------------- Invoking toplevel() on ptolemy.moml.MoMLSimpleApplication@1ea7cdb5
----------------- Done invoking toplevel() on ptolemy.moml.MoMLSimpleApplication@1ea7cdb5
reloadAllAccessors: .WallClockTime

===========================================================================================
----------------- testing Fri Jun 21 10:45:13 UTC 2019 /home/travis/build/icyphy/ptII/ptolemy/actor/lib/test/auto/WidthTestWithSubscriberPublisher.xml
----------------- Instantiating /home/travis/build/icyphy/ptII/ptolemy/actor/lib/test/auto/WidthTestWithSubscriberPublisher.xml
9 ms. Memory: 570368K Free: 429825K (75%)
----------------- Invoking toplevel() on ptolemy.moml.MoMLSimpleApplication@2242bf97
----------------- Done invoking toplevel() on ptolemy.moml.MoMLSimpleApplication@2242bf97
reloadAllAccessors: .WidthTestWithSubscriberPublisher

===========================================================================================
----------------- testing Fri Jun 21 10:45:13 UTC 2019 /home/travis/build/icyphy/ptII/ptolemy/actor/lib/test/auto/WidthTestWithSubscriberPublisher2.xml
----------------- Instantiating /home/travis/build/icyphy/ptII/ptolemy/actor/lib/test/auto/WidthTestWithSubscriberPublisher2.xml
3 ms. Memory: 570368K Free: 422657K (74%)
----------------- Invoking toplevel() on ptolemy.moml.MoMLSimpleApplication@3d81805e
----------------- Done invoking toplevel() on ptolemy.moml.MoMLSimpleApplication@3d81805e
reloadAllAccessors: .WidthTestWithSubscriberPublisher2

===========================================================================================
----------------- testing Fri Jun 21 10:45:13 UTC 2019 /home/travis/build/icyphy/ptII/ptolemy/actor/lib/test/auto/WidthTestWithSubscriberPublisher3.xml
----------------- Instantiating /home/travis/build/icyphy/ptII/ptolemy/actor/lib/test/auto/WidthTestWithSubscriberPublisher3.xml
1 ms. Memory: 570368K Free: 417027K (73%)
----------------- Invoking toplevel() on ptolemy.moml.MoMLSimpleApplication@2b1a0600
----------------- Done invoking toplevel() on ptolemy.moml.MoMLSimpleApplication@2b1a0600
reloadAllAccessors: .WidthTestWithSubscriberPublisher3

===========================================================================================
----------------- testing Fri Jun 21 10:45:13 UTC 2019 /home/travis/build/icyphy/ptII/ptolemy/actor/lib/test/auto/Writer.xml
----------------- Instantiating /home/travis/build/icyphy/ptII/ptolemy/actor/lib/test/auto/Writer.xml
0
1
2
3
4
2 ms. Memory: 570368K Free: 412931K (72%)
----------------- Invoking toplevel() on ptolemy.moml.MoMLSimpleApplication@44549bab
----------------- Done invoking toplevel() on ptolemy.moml.MoMLSimpleApplication@44549bab
reloadAllAccessors: .Writer

===========================================================================================
----------------- testing Fri Jun 21 10:45:13 UTC 2019 /home/travis/build/icyphy/ptII/ptolemy/actor/lib/test/auto/array.xml
----------------- Instantiating /home/travis/build/icyphy/ptII/ptolemy/actor/lib/test/auto/array.xml
2 ms. Memory: 570368K Free: 407811K (71%)
----------------- Invoking toplevel() on ptolemy.moml.MoMLSimpleApplication@6af02418
----------------- Done invoking toplevel() on ptolemy.moml.MoMLSimpleApplication@6af02418
reloadAllAccessors: .array

===========================================================================================
----------------- testing Fri Jun 21 10:45:13 UTC 2019 /home/travis/build/icyphy/ptII/ptolemy/actor/lib/test/auto/array2.xml
----------------- Instantiating /home/travis/build/icyphy/ptII/ptolemy/actor/lib/test/auto/array2.xml
7 ms. Memory: 570368K Free: 403187K (71%)
----------------- Invoking toplevel() on ptolemy.moml.MoMLSimpleApplication@1362661c
----------------- Done invoking toplevel() on ptolemy.moml.MoMLSimpleApplication@1362661c
reloadAllAccessors: .array2

===========================================================================================
----------------- testing Fri Jun 21 10:45:13 UTC 2019 /home/travis/build/icyphy/ptII/ptolemy/actor/lib/test/auto/arrayType.xml
----------------- Instantiating /home/travis/build/icyphy/ptII/ptolemy/actor/lib/test/auto/arrayType.xml
1 ms. Memory: 570368K Free: 398081K (70%)
----------------- Invoking toplevel() on ptolemy.moml.MoMLSimpleApplication@2fac566c
----------------- Done invoking toplevel() on ptolemy.moml.MoMLSimpleApplication@2fac566c
reloadAllAccessors: .arrayType

===========================================================================================
----------------- testing Fri Jun 21 10:45:13 UTC 2019 /home/travis/build/icyphy/ptII/ptolemy/actor/lib/test/auto/arrayType10.xml
----------------- Instantiating /home/travis/build/icyphy/ptII/ptolemy/actor/lib/test/auto/arrayType10.xml
2 ms. Memory: 570368K Free: 392961K (69%)
----------------- Invoking toplevel() on ptolemy.moml.MoMLSimpleApplication@63d934a5
----------------- Done invoking toplevel() on ptolemy.moml.MoMLSimpleApplication@63d934a5
reloadAllAccessors: .arrayType10

===========================================================================================
----------------- testing Fri Jun 21 10:45:13 UTC 2019 /home/travis/build/icyphy/ptII/ptolemy/actor/lib/test/auto/arrayType11.xml
----------------- Instantiating /home/travis/build/icyphy/ptII/ptolemy/actor/lib/test/auto/arrayType11.xml
1 ms. Memory: 570368K Free: 388355K (68%)
----------------- Invoking toplevel() on ptolemy.moml.MoMLSimpleApplication@1f7f9ebd
----------------- Done invoking toplevel() on ptolemy.moml.MoMLSimpleApplication@1f7f9ebd
reloadAllAccessors: .arrayType11

===========================================================================================
----------------- testing Fri Jun 21 10:45:13 UTC 2019 /home/travis/build/icyphy/ptII/ptolemy/actor/lib/test/auto/arrayType12.xml
----------------- Instantiating /home/travis/build/icyphy/ptII/ptolemy/actor/lib/test/auto/arrayType12.xml
1 ms. Memory: 570368K Free: 383745K (67%)
----------------- Invoking toplevel() on ptolemy.moml.MoMLSimpleApplication@61ddb44f
----------------- Done invoking toplevel() on ptolemy.moml.MoMLSimpleApplication@61ddb44f
reloadAllAccessors: .arrayType12

===========================================================================================
----------------- testing Fri Jun 21 10:45:13 UTC 2019 /home/travis/build/icyphy/ptII/ptolemy/actor/lib/test/auto/arrayType13.xml
----------------- Instantiating /home/travis/build/icyphy/ptII/ptolemy/actor/lib/test/auto/arrayType13.xml
1 ms. Memory: 570368K Free: 378115K (66%)
----------------- Invoking toplevel() on ptolemy.moml.MoMLSimpleApplication@5897faa9
----------------- Done invoking toplevel() on ptolemy.moml.MoMLSimpleApplication@5897faa9
reloadAllAccessors: .arrayType13

===========================================================================================
----------------- testing Fri Jun 21 10:45:13 UTC 2019 /home/travis/build/icyphy/ptII/ptolemy/actor/lib/test/auto/arrayType14.xml
----------------- Instantiating /home/travis/build/icyphy/ptII/ptolemy/actor/lib/test/auto/arrayType14.xml
4 ms. Memory: 570368K Free: 372995K (65%)
----------------- Invoking toplevel() on ptolemy.moml.MoMLSimpleApplication@193f4db0
----------------- Done invoking toplevel() on ptolemy.moml.MoMLSimpleApplication@193f4db0
reloadAllAccessors: .arrayType14

===========================================================================================
----------------- testing Fri Jun 21 10:45:13 UTC 2019 /home/travis/build/icyphy/ptII/ptolemy/actor/lib/test/auto/arrayType15.xml
----------------- Instantiating /home/travis/build/icyphy/ptII/ptolemy/actor/lib/test/auto/arrayType15.xml
1 ms. Memory: 570368K Free: 367875K (64%)
----------------- Invoking toplevel() on ptolemy.moml.MoMLSimpleApplication@14372740
----------------- Done invoking toplevel() on ptolemy.moml.MoMLSimpleApplication@14372740
reloadAllAccessors: .arrayType15

===========================================================================================
----------------- testing Fri Jun 21 10:45:13 UTC 2019 /home/travis/build/icyphy/ptII/ptolemy/actor/lib/test/auto/arrayType16.xml
----------------- Instantiating /home/travis/build/icyphy/ptII/ptolemy/actor/lib/test/auto/arrayType16.xml
2 ms. Memory: 570368K Free: 362241K (64%)
----------------- Invoking toplevel() on ptolemy.moml.MoMLSimpleApplication@50617073
----------------- Done invoking toplevel() on ptolemy.moml.MoMLSimpleApplication@50617073
reloadAllAccessors: .arrayType16

===========================================================================================
----------------- testing Fri Jun 21 10:45:13 UTC 2019 /home/travis/build/icyphy/ptII/ptolemy/actor/lib/test/auto/arrayType17.xml
----------------- Instantiating /home/travis/build/icyphy/ptII/ptolemy/actor/lib/test/auto/arrayType17.xml
3 ms. Memory: 570368K Free: 357121K (63%)
----------------- Invoking toplevel() on ptolemy.moml.MoMLSimpleApplication@554e9f34
----------------- Done invoking toplevel() on ptolemy.moml.MoMLSimpleApplication@554e9f34
reloadAllAccessors: .arrayType17

===========================================================================================
----------------- testing Fri Jun 21 10:45:13 UTC 2019 /home/travis/build/icyphy/ptII/ptolemy/actor/lib/test/auto/arrayType18.xml
----------------- Instantiating /home/travis/build/icyphy/ptII/ptolemy/actor/lib/test/auto/arrayType18.xml
1 ms. Memory: 570368K Free: 352001K (62%)
----------------- Invoking toplevel() on ptolemy.moml.MoMLSimpleApplication@35596cfc
----------------- Done invoking toplevel() on ptolemy.moml.MoMLSimpleApplication@35596cfc
reloadAllAccessors: .arrayType18

===========================================================================================
----------------- testing Fri Jun 21 10:45:13 UTC 2019 /home/travis/build/icyphy/ptII/ptolemy/actor/lib/test/auto/arrayType19.xml
----------------- Instantiating /home/travis/build/icyphy/ptII/ptolemy/actor/lib/test/auto/arrayType19.xml
1 ms. Memory: 570368K Free: 347395K (61%)
----------------- Invoking toplevel() on ptolemy.moml.MoMLSimpleApplication@3539d7f9
----------------- Done invoking toplevel() on ptolemy.moml.MoMLSimpleApplication@3539d7f9
reloadAllAccessors: .arrayType19

===========================================================================================
----------------- testing Fri Jun 21 10:45:13 UTC 2019 /home/travis/build/icyphy/ptII/ptolemy/actor/lib/test/auto/arrayType2.xml
----------------- Instantiating /home/travis/build/icyphy/ptII/ptolemy/actor/lib/test/auto/arrayType2.xml
2 ms. Memory: 570368K Free: 342275K (60%)
----------------- Invoking toplevel() on ptolemy.moml.MoMLSimpleApplication@4f7501c0
----------------- Done invoking toplevel() on ptolemy.moml.MoMLSimpleApplication@4f7501c0
reloadAllAccessors: .arrayType2

===========================================================================================
----------------- testing Fri Jun 21 10:45:13 UTC 2019 /home/travis/build/icyphy/ptII/ptolemy/actor/lib/test/auto/arrayType20.xml
----------------- Instantiating /home/travis/build/icyphy/ptII/ptolemy/actor/lib/test/auto/arrayType20.xml
1 ms. Memory: 570368K Free: 336641K (59%)
----------------- Invoking toplevel() on ptolemy.moml.MoMLSimpleApplication@3e0a0a9f
----------------- Done invoking toplevel() on ptolemy.moml.MoMLSimpleApplication@3e0a0a9f
reloadAllAccessors: .arrayType20

===========================================================================================
----------------- testing Fri Jun 21 10:45:13 UTC 2019 /home/travis/build/icyphy/ptII/ptolemy/actor/lib/test/auto/arrayType21.xml
----------------- Instantiating /home/travis/build/icyphy/ptII/ptolemy/actor/lib/test/auto/arrayType21.xml
2 ms. Memory: 570368K Free: 332035K (58%)
----------------- Invoking toplevel() on ptolemy.moml.MoMLSimpleApplication@4a2906f6
----------------- Done invoking toplevel() on ptolemy.moml.MoMLSimpleApplication@4a2906f6
reloadAllAccessors: .arrayType21

===========================================================================================
----------------- testing Fri Jun 21 10:45:13 UTC 2019 /home/travis/build/icyphy/ptII/ptolemy/actor/lib/test/auto/arrayType22.xml
----------------- Instantiating /home/travis/build/icyphy/ptII/ptolemy/actor/lib/test/auto/arrayType22.xml
1 ms. Memory: 570368K Free: 327425K (57%)
----------------- Invoking toplevel() on ptolemy.moml.MoMLSimpleApplication@21dde6e4
----------------- Done invoking toplevel() on ptolemy.moml.MoMLSimpleApplication@21dde6e4
reloadAllAccessors: .arrayType22

===========================================================================================
----------------- testing Fri Jun 21 10:45:13 UTC 2019 /home/travis/build/icyphy/ptII/ptolemy/actor/lib/test/auto/arrayType23.xml
----------------- Instantiating /home/travis/build/icyphy/ptII/ptolemy/actor/lib/test/auto/arrayType23.xml
1 ms. Memory: 570368K Free: 322305K (57%)
----------------- Invoking toplevel() on ptolemy.moml.MoMLSimpleApplication@38c72c15
----------------- Done invoking toplevel() on ptolemy.moml.MoMLSimpleApplication@38c72c15
reloadAllAccessors: .arrayType23

===========================================================================================
----------------- testing Fri Jun 21 10:45:13 UTC 2019 /home/travis/build/icyphy/ptII/ptolemy/actor/lib/test/auto/arrayType24.xml
----------------- Instantiating /home/travis/build/icyphy/ptII/ptolemy/actor/lib/test/auto/arrayType24.xml
1 ms. Memory: 570368K Free: 317699K (56%)
----------------- Invoking toplevel() on ptolemy.moml.MoMLSimpleApplication@43447a74
----------------- Done invoking toplevel() on ptolemy.moml.MoMLSimpleApplication@43447a74
reloadAllAccessors: .arrayType24

===========================================================================================
----------------- testing Fri Jun 21 10:45:13 UTC 2019 /home/travis/build/icyphy/ptII/ptolemy/actor/lib/test/auto/arrayType25.xml
----------------- Instantiating /home/travis/build/icyphy/ptII/ptolemy/actor/lib/test/auto/arrayType25.xml
2 ms. Memory: 570368K Free: 312579K (55%)
----------------- Invoking toplevel() on ptolemy.moml.MoMLSimpleApplication@35569956
----------------- Done invoking toplevel() on ptolemy.moml.MoMLSimpleApplication@35569956
reloadAllAccessors: .arrayType25

===========================================================================================
----------------- testing Fri Jun 21 10:45:13 UTC 2019 /home/travis/build/icyphy/ptII/ptolemy/actor/lib/test/auto/arrayType26.xml
----------------- Instantiating /home/travis/build/icyphy/ptII/ptolemy/actor/lib/test/auto/arrayType26.xml
2 ms. Memory: 570368K Free: 306945K (54%)
----------------- Invoking toplevel() on ptolemy.moml.MoMLSimpleApplication@9d14738
----------------- Done invoking toplevel() on ptolemy.moml.MoMLSimpleApplication@9d14738
reloadAllAccessors: .arrayType26

===========================================================================================
----------------- testing Fri Jun 21 10:45:13 UTC 2019 /home/travis/build/icyphy/ptII/ptolemy/actor/lib/test/auto/arrayType27.xml
----------------- Instantiating /home/travis/build/icyphy/ptII/ptolemy/actor/lib/test/auto/arrayType27.xml
2 ms. Memory: 570368K Free: 301825K (53%)
----------------- Invoking toplevel() on ptolemy.moml.MoMLSimpleApplication@6a2daeb9
----------------- Done invoking toplevel() on ptolemy.moml.MoMLSimpleApplication@6a2daeb9
reloadAllAccessors: .arrayType27

===========================================================================================
----------------- testing Fri Jun 21 10:45:13 UTC 2019 /home/travis/build/icyphy/ptII/ptolemy/actor/lib/test/auto/arrayType28.xml
----------------- Instantiating /home/travis/build/icyphy/ptII/ptolemy/actor/lib/test/auto/arrayType28.xml
2 ms. Memory: 570368K Free: 296195K (52%)
----------------- Invoking toplevel() on ptolemy.moml.MoMLSimpleApplication@49830f3
----------------- Done invoking toplevel() on ptolemy.moml.MoMLSimpleApplication@49830f3
reloadAllAccessors: .arrayType28

===========================================================================================
----------------- testing Fri Jun 21 10:45:13 UTC 2019 /home/travis/build/icyphy/ptII/ptolemy/actor/lib/test/auto/arrayType3.xml
----------------- Instantiating /home/travis/build/icyphy/ptII/ptolemy/actor/lib/test/auto/arrayType3.xml
1 ms. Memory: 570368K Free: 291075K (51%)
----------------- Invoking toplevel() on ptolemy.moml.MoMLSimpleApplication@66e8d58e
----------------- Done invoking toplevel() on ptolemy.moml.MoMLSimpleApplication@66e8d58e
reloadAllAccessors: .arrayType3

===========================================================================================
----------------- testing Fri Jun 21 10:45:13 UTC 2019 /home/travis/build/icyphy/ptII/ptolemy/actor/lib/test/auto/arrayType4.xml
----------------- Instantiating /home/travis/build/icyphy/ptII/ptolemy/actor/lib/test/auto/arrayType4.xml
3 ms. Memory: 570368K Free: 285955K (50%)
----------------- Invoking toplevel() on ptolemy.moml.MoMLSimpleApplication@8eca139
----------------- Done invoking toplevel() on ptolemy.moml.MoMLSimpleApplication@8eca139
reloadAllAccessors: .arrayType4

===========================================================================================
----------------- testing Fri Jun 21 10:45:13 UTC 2019 /home/travis/build/icyphy/ptII/ptolemy/actor/lib/test/auto/arrayType5.xml
----------------- Instantiating /home/travis/build/icyphy/ptII/ptolemy/actor/lib/test/auto/arrayType5.xml
2 ms. Memory: 570368K Free: 280321K (49%)
----------------- Invoking toplevel() on ptolemy.moml.MoMLSimpleApplication@3bf5ac7a
----------------- Done invoking toplevel() on ptolemy.moml.MoMLSimpleApplication@3bf5ac7a
reloadAllAccessors: .arrayType5

===========================================================================================
----------------- testing Fri Jun 21 10:45:13 UTC 2019 /home/travis/build/icyphy/ptII/ptolemy/actor/lib/test/auto/arrayType6.xml
----------------- Instantiating /home/travis/build/icyphy/ptII/ptolemy/actor/lib/test/auto/arrayType6.xml
1 ms. Memory: 570368K Free: 275715K (48%)
----------------- Invoking toplevel() on ptolemy.moml.MoMLSimpleApplication@5610f610
----------------- Done invoking toplevel() on ptolemy.moml.MoMLSimpleApplication@5610f610
reloadAllAccessors: .arrayType6

===========================================================================================
----------------- testing Fri Jun 21 10:45:13 UTC 2019 /home/travis/build/icyphy/ptII/ptolemy/actor/lib/test/auto/arrayType7.xml
----------------- Instantiating /home/travis/build/icyphy/ptII/ptolemy/actor/lib/test/auto/arrayType7.xml
2 ms. Memory: 570368K Free: 270595K (47%)
----------------- Invoking toplevel() on ptolemy.moml.MoMLSimpleApplication@157b8b22
----------------- Done invoking toplevel() on ptolemy.moml.MoMLSimpleApplication@157b8b22
reloadAllAccessors: .arrayType7

===========================================================================================
----------------- testing Fri Jun 21 10:45:13 UTC 2019 /home/travis/build/icyphy/ptII/ptolemy/actor/lib/test/auto/arrayType8.xml
----------------- Instantiating /home/travis/build/icyphy/ptII/ptolemy/actor/lib/test/auto/arrayType8.xml
8 ms. Memory: 570368K Free: 265985K (47%)
----------------- Invoking toplevel() on ptolemy.moml.MoMLSimpleApplication@5d82bf10
----------------- Done invoking toplevel() on ptolemy.moml.MoMLSimpleApplication@5d82bf10
reloadAllAccessors: .arrayType8

===========================================================================================
----------------- testing Fri Jun 21 10:45:13 UTC 2019 /home/travis/build/icyphy/ptII/ptolemy/actor/lib/test/auto/arrayType9.xml
----------------- Instantiating /home/travis/build/icyphy/ptII/ptolemy/actor/lib/test/auto/arrayType9.xml
2 ms. Memory: 570368K Free: 261379K (46%)
----------------- Invoking toplevel() on ptolemy.moml.MoMLSimpleApplication@1c8b5439
----------------- Done invoking toplevel() on ptolemy.moml.MoMLSimpleApplication@1c8b5439
reloadAllAccessors: .arrayType9

===========================================================================================
----------------- testing Fri Jun 21 10:45:13 UTC 2019 /home/travis/build/icyphy/ptII/ptolemy/actor/lib/test/auto/cast.xml
----------------- Instantiating /home/travis/build/icyphy/ptII/ptolemy/actor/lib/test/auto/cast.xml
3 ms. Memory: 570368K Free: 256259K (45%)
----------------- Invoking toplevel() on ptolemy.moml.MoMLSimpleApplication@1e7841f5
----------------- Done invoking toplevel() on ptolemy.moml.MoMLSimpleApplication@1e7841f5
reloadAllAccessors: .cast

===========================================================================================
----------------- testing Fri Jun 21 10:45:13 UTC 2019 /home/travis/build/icyphy/ptII/ptolemy/actor/lib/test/auto/compositeMultiPort.xml
----------------- Instantiating /home/travis/build/icyphy/ptII/ptolemy/actor/lib/test/auto/compositeMultiPort.xml
3 ms. Memory: 570368K Free: 247547K (43%)
----------------- Invoking toplevel() on ptolemy.moml.MoMLSimpleApplication@1544e511
----------------- Done invoking toplevel() on ptolemy.moml.MoMLSimpleApplication@1544e511
reloadAllAccessors: .compositeMultiPort

===========================================================================================
----------------- testing Fri Jun 21 10:45:13 UTC 2019 /home/travis/build/icyphy/ptII/ptolemy/actor/lib/test/auto/expressionCastInference.xml
----------------- Instantiating /home/travis/build/icyphy/ptII/ptolemy/actor/lib/test/auto/expressionCastInference.xml
14 ms. Memory: 570368K Free: 242433K (43%)
----------------- Invoking toplevel() on ptolemy.moml.MoMLSimpleApplication@64f1cc99
----------------- Done invoking toplevel() on ptolemy.moml.MoMLSimpleApplication@64f1cc99
reloadAllAccessors: .expressionCastInference

===========================================================================================
----------------- testing Fri Jun 21 10:45:13 UTC 2019 /home/travis/build/icyphy/ptII/ptolemy/actor/lib/test/auto/expressionCastInference2.xml
----------------- Instantiating /home/travis/build/icyphy/ptII/ptolemy/actor/lib/test/auto/expressionCastInference2.xml
2 ms. Memory: 570368K Free: 237827K (42%)
----------------- Invoking toplevel() on ptolemy.moml.MoMLSimpleApplication@63a2c7c4
----------------- Done invoking toplevel() on ptolemy.moml.MoMLSimpleApplication@63a2c7c4
reloadAllAccessors: .expressionCastInference2

===========================================================================================
----------------- testing Fri Jun 21 10:45:13 UTC 2019 /home/travis/build/icyphy/ptII/ptolemy/actor/lib/test/auto/expressionInference.xml
----------------- Instantiating /home/travis/build/icyphy/ptII/ptolemy/actor/lib/test/auto/expressionInference.xml
1 ms. Memory: 570368K Free: 233731K (41%)
----------------- Invoking toplevel() on ptolemy.moml.MoMLSimpleApplication@26ec6875
----------------- Done invoking toplevel() on ptolemy.moml.MoMLSimpleApplication@26ec6875
reloadAllAccessors: .expressionInference

===========================================================================================
----------------- testing Fri Jun 21 10:45:13 UTC 2019 /home/travis/build/icyphy/ptII/ptolemy/actor/lib/test/auto/expression_bug.xml
----------------- Instantiating /home/travis/build/icyphy/ptII/ptolemy/actor/lib/test/auto/expression_bug.xml
1 ms. Memory: 570368K Free: 229121K (40%)
----------------- Invoking toplevel() on ptolemy.moml.MoMLSimpleApplication@51e1a586
----------------- Done invoking toplevel() on ptolemy.moml.MoMLSimpleApplication@51e1a586
reloadAllAccessors: .expression_bug

===========================================================================================
----------------- testing Fri Jun 21 10:45:13 UTC 2019 /home/travis/build/icyphy/ptII/ptolemy/actor/lib/test/auto/factorial.xml
----------------- Instantiating /home/travis/build/icyphy/ptII/ptolemy/actor/lib/test/auto/factorial.xml
43 ms. Memory: 570368K Free: 220929K (39%)
----------------- Invoking toplevel() on ptolemy.moml.MoMLSimpleApplication@3279e9f0
----------------- Done invoking toplevel() on ptolemy.moml.MoMLSimpleApplication@3279e9f0
reloadAllAccessors: .factorial

===========================================================================================
----------------- testing Fri Jun 21 10:45:13 UTC 2019 /home/travis/build/icyphy/ptII/ptolemy/actor/lib/test/auto/filterTest1.xml
----------------- Instantiating /home/travis/build/icyphy/ptII/ptolemy/actor/lib/test/auto/filterTest1.xml
3 ms. Memory: 570368K Free: 214785K (38%)
----------------- Invoking toplevel() on ptolemy.moml.MoMLSimpleApplication@374975e5
----------------- Done invoking toplevel() on ptolemy.moml.MoMLSimpleApplication@374975e5
reloadAllAccessors: .filterTest1

===========================================================================================
----------------- testing Fri Jun 21 10:45:13 UTC 2019 /home/travis/build/icyphy/ptII/ptolemy/actor/lib/test/auto/funcApplyInConst.xml
----------------- Instantiating /home/travis/build/icyphy/ptII/ptolemy/actor/lib/test/auto/funcApplyInConst.xml
1 ms. Memory: 570368K Free: 211203K (37%)
----------------- Invoking toplevel() on ptolemy.moml.MoMLSimpleApplication@2f934cf0
----------------- Done invoking toplevel() on ptolemy.moml.MoMLSimpleApplication@2f934cf0
reloadAllAccessors: .funcApplyInConst

===========================================================================================
----------------- testing Fri Jun 21 10:45:13 UTC 2019 /home/travis/build/icyphy/ptII/ptolemy/actor/lib/test/auto/funcApplyInExpr.xml
----------------- Instantiating /home/travis/build/icyphy/ptII/ptolemy/actor/lib/test/auto/funcApplyInExpr.xml
1 ms. Memory: 570368K Free: 207107K (36%)
----------------- Invoking toplevel() on ptolemy.moml.MoMLSimpleApplication@71316295
----------------- Done invoking toplevel() on ptolemy.moml.MoMLSimpleApplication@71316295
reloadAllAccessors: .funcApplyInExpr

===========================================================================================
----------------- testing Fri Jun 21 10:45:13 UTC 2019 /home/travis/build/icyphy/ptII/ptolemy/actor/lib/test/auto/function.xml
----------------- Instantiating /home/travis/build/icyphy/ptII/ptolemy/actor/lib/test/auto/function.xml
2 ms. Memory: 570368K Free: 202497K (36%)
----------------- Invoking toplevel() on ptolemy.moml.MoMLSimpleApplication@29da94a7
----------------- Done invoking toplevel() on ptolemy.moml.MoMLSimpleApplication@29da94a7
reloadAllAccessors: .function

===========================================================================================
----------------- testing Fri Jun 21 10:45:13 UTC 2019 /home/travis/build/icyphy/ptII/ptolemy/actor/lib/test/auto/function2.xml
----------------- Instantiating /home/travis/build/icyphy/ptII/ptolemy/actor/lib/test/auto/function2.xml
2 ms. Memory: 570368K Free: 197891K (35%)
----------------- Invoking toplevel() on ptolemy.moml.MoMLSimpleApplication@7c9e60cf
----------------- Done invoking toplevel() on ptolemy.moml.MoMLSimpleApplication@7c9e60cf
reloadAllAccessors: .function2

===========================================================================================
----------------- testing Fri Jun 21 10:45:13 UTC 2019 /home/travis/build/icyphy/ptII/ptolemy/actor/lib/test/auto/function3.xml
----------------- Instantiating /home/travis/build/icyphy/ptII/ptolemy/actor/lib/test/auto/function3.xml
2 ms. Memory: 570368K Free: 193795K (34%)
----------------- Invoking toplevel() on ptolemy.moml.MoMLSimpleApplication@5934f3d9
----------------- Done invoking toplevel() on ptolemy.moml.MoMLSimpleApplication@5934f3d9
reloadAllAccessors: .function3

===========================================================================================
----------------- testing Fri Jun 21 10:45:13 UTC 2019 /home/travis/build/icyphy/ptII/ptolemy/actor/lib/test/auto/functionClosureTest1.xml
----------------- Instantiating /home/travis/build/icyphy/ptII/ptolemy/actor/lib/test/auto/functionClosureTest1.xml
5 ms. Memory: 570368K Free: 516710K (91%)
----------------- Invoking toplevel() on ptolemy.moml.MoMLSimpleApplication@2428825
----------------- Done invoking toplevel() on ptolemy.moml.MoMLSimpleApplication@2428825
reloadAllAccessors: .functionClosureTest1

===========================================================================================
----------------- testing Fri Jun 21 10:45:13 UTC 2019 /home/travis/build/icyphy/ptII/ptolemy/actor/lib/test/auto/functionClosureTest2.xml
----------------- Instantiating /home/travis/build/icyphy/ptII/ptolemy/actor/lib/test/auto/functionClosureTest2.xml
1 ms. Memory: 570368K Free: 512614K (90%)
----------------- Invoking toplevel() on ptolemy.moml.MoMLSimpleApplication@440e6920
----------------- Done invoking toplevel() on ptolemy.moml.MoMLSimpleApplication@440e6920
reloadAllAccessors: .functionClosureTest2

===========================================================================================
----------------- testing Fri Jun 21 10:45:13 UTC 2019 /home/travis/build/icyphy/ptII/ptolemy/actor/lib/test/auto/functionClosureTest3.xml
----------------- Instantiating /home/travis/build/icyphy/ptII/ptolemy/actor/lib/test/auto/functionClosureTest3.xml
2 ms. Memory: 570368K Free: 507494K (89%)
----------------- Invoking toplevel() on ptolemy.moml.MoMLSimpleApplication@1b95a841
----------------- Done invoking toplevel() on ptolemy.moml.MoMLSimpleApplication@1b95a841
reloadAllAccessors: .functionClosureTest3

===========================================================================================
----------------- testing Fri Jun 21 10:45:14 UTC 2019 /home/travis/build/icyphy/ptII/ptolemy/actor/lib/test/auto/functionClosureTest4.xml
----------------- Instantiating /home/travis/build/icyphy/ptII/ptolemy/actor/lib/test/auto/functionClosureTest4.xml
5 ms. Memory: 570368K Free: 500836K (88%)
----------------- Invoking toplevel() on ptolemy.moml.MoMLSimpleApplication@1feb882e
----------------- Done invoking toplevel() on ptolemy.moml.MoMLSimpleApplication@1feb882e
reloadAllAccessors: .functionClosureTest4

===========================================================================================
----------------- testing Fri Jun 21 10:45:14 UTC 2019 /home/travis/build/icyphy/ptII/ptolemy/actor/lib/test/auto/functionClosureTest5.xml
----------------- Instantiating /home/travis/build/icyphy/ptII/ptolemy/actor/lib/test/auto/functionClosureTest5.xml
37 ms. Memory: 570368K Free: 495206K (87%)
----------------- Invoking toplevel() on ptolemy.moml.MoMLSimpleApplication@6509d13b
----------------- Done invoking toplevel() on ptolemy.moml.MoMLSimpleApplication@6509d13b
reloadAllAccessors: .functionClosureTest5

===========================================================================================
----------------- testing Fri Jun 21 10:45:14 UTC 2019 /home/travis/build/icyphy/ptII/ptolemy/actor/lib/test/auto/functionClosureTest6.xml
----------------- Instantiating /home/travis/build/icyphy/ptII/ptolemy/actor/lib/test/auto/functionClosureTest6.xml
2 ms. Memory: 570368K Free: 490086K (86%)
----------------- Invoking toplevel() on ptolemy.moml.MoMLSimpleApplication@414e5607
----------------- Done invoking toplevel() on ptolemy.moml.MoMLSimpleApplication@414e5607
reloadAllAccessors: .functionClosureTest6

===========================================================================================
----------------- testing Fri Jun 21 10:45:14 UTC 2019 /home/travis/build/icyphy/ptII/ptolemy/actor/lib/test/auto/functionsOnArcs.xml
----------------- Instantiating /home/travis/build/icyphy/ptII/ptolemy/actor/lib/test/auto/functionsOnArcs.xml
2 ms. Memory: 570368K Free: 484966K (85%)
----------------- Invoking toplevel() on ptolemy.moml.MoMLSimpleApplication@57077257
----------------- Done invoking toplevel() on ptolemy.moml.MoMLSimpleApplication@57077257
reloadAllAccessors: .functionsOnArcs

===========================================================================================
----------------- testing Fri Jun 21 10:45:14 UTC 2019 /home/travis/build/icyphy/ptII/ptolemy/actor/lib/test/auto/functionsOnArcsHOF.xml
----------------- Instantiating /home/travis/build/icyphy/ptII/ptolemy/actor/lib/test/auto/functionsOnArcsHOF.xml
4 ms. Memory: 570368K Free: 478822K (84%)
----------------- Invoking toplevel() on ptolemy.moml.MoMLSimpleApplication@a2b6d02
----------------- Done invoking toplevel() on ptolemy.moml.MoMLSimpleApplication@a2b6d02
reloadAllAccessors: .functionsOnArcsHOF

===========================================================================================
----------------- testing Fri Jun 21 10:45:14 UTC 2019 /home/travis/build/icyphy/ptII/ptolemy/actor/lib/test/auto/logic.xml
----------------- Instantiating /home/travis/build/icyphy/ptII/ptolemy/actor/lib/test/auto/logic.xml
2 ms. Memory: 570368K Free: 471654K (83%)
----------------- Invoking toplevel() on ptolemy.moml.MoMLSimpleApplication@3755fe4b
----------------- Done invoking toplevel() on ptolemy.moml.MoMLSimpleApplication@3755fe4b
reloadAllAccessors: .logic

===========================================================================================
----------------- testing Fri Jun 21 10:45:14 UTC 2019 /home/travis/build/icyphy/ptII/ptolemy/actor/lib/test/auto/matrixType.xml
----------------- Instantiating /home/travis/build/icyphy/ptII/ptolemy/actor/lib/test/auto/matrixType.xml
2 ms. Memory: 570368K Free: 466020K (82%)
----------------- Invoking toplevel() on ptolemy.moml.MoMLSimpleApplication@79409eda
----------------- Done invoking toplevel() on ptolemy.moml.MoMLSimpleApplication@79409eda
reloadAllAccessors: .matrixType

===========================================================================================
----------------- testing Fri Jun 21 10:45:14 UTC 2019 /home/travis/build/icyphy/ptII/ptolemy/actor/lib/test/auto/matrixType10.xml
----------------- Instantiating /home/travis/build/icyphy/ptII/ptolemy/actor/lib/test/auto/matrixType10.xml
2 ms. Memory: 570368K Free: 461414K (81%)
----------------- Invoking toplevel() on ptolemy.moml.MoMLSimpleApplication@6723123
----------------- Done invoking toplevel() on ptolemy.moml.MoMLSimpleApplication@6723123
reloadAllAccessors: .matrixType10

===========================================================================================
----------------- testing Fri Jun 21 10:45:14 UTC 2019 /home/travis/build/icyphy/ptII/ptolemy/actor/lib/test/auto/matrixType11.xml
----------------- Instantiating /home/travis/build/icyphy/ptII/ptolemy/actor/lib/test/auto/matrixType11.xml
1 ms. Memory: 570368K Free: 456294K (80%)
----------------- Invoking toplevel() on ptolemy.moml.MoMLSimpleApplication@683b01ae
----------------- Done invoking toplevel() on ptolemy.moml.MoMLSimpleApplication@683b01ae
reloadAllAccessors: .matrixType11

===========================================================================================
----------------- testing Fri Jun 21 10:45:14 UTC 2019 /home/travis/build/icyphy/ptII/ptolemy/actor/lib/test/auto/matrixType12.xml
----------------- Instantiating /home/travis/build/icyphy/ptII/ptolemy/actor/lib/test/auto/matrixType12.xml
2 ms. Memory: 570368K Free: 451684K (79%)
----------------- Invoking toplevel() on ptolemy.moml.MoMLSimpleApplication@5eaa3dc4
----------------- Done invoking toplevel() on ptolemy.moml.MoMLSimpleApplication@5eaa3dc4
reloadAllAccessors: .matrixType12

===========================================================================================
----------------- testing Fri Jun 21 10:45:14 UTC 2019 /home/travis/build/icyphy/ptII/ptolemy/actor/lib/test/auto/matrixType13.xml
----------------- Instantiating /home/travis/build/icyphy/ptII/ptolemy/actor/lib/test/auto/matrixType13.xml
1 ms. Memory: 570368K Free: 447078K (78%)
----------------- Invoking toplevel() on ptolemy.moml.MoMLSimpleApplication@6f860892
----------------- Done invoking toplevel() on ptolemy.moml.MoMLSimpleApplication@6f860892
reloadAllAccessors: .matrixType13

===========================================================================================
----------------- testing Fri Jun 21 10:45:14 UTC 2019 /home/travis/build/icyphy/ptII/ptolemy/actor/lib/test/auto/matrixType14.xml
----------------- Instantiating /home/travis/build/icyphy/ptII/ptolemy/actor/lib/test/auto/matrixType14.xml
1 ms. Memory: 570368K Free: 441444K (77%)
----------------- Invoking toplevel() on ptolemy.moml.MoMLSimpleApplication@18dd32fe
----------------- Done invoking toplevel() on ptolemy.moml.MoMLSimpleApplication@18dd32fe
reloadAllAccessors: .matrixType14

===========================================================================================
----------------- testing Fri Jun 21 10:45:14 UTC 2019 /home/travis/build/icyphy/ptII/ptolemy/actor/lib/test/auto/matrixType2.xml
----------------- Instantiating /home/travis/build/icyphy/ptII/ptolemy/actor/lib/test/auto/matrixType2.xml
2 ms. Memory: 570368K Free: 436324K (76%)
----------------- Invoking toplevel() on ptolemy.moml.MoMLSimpleApplication@a7e376a
----------------- Done invoking toplevel() on ptolemy.moml.MoMLSimpleApplication@a7e376a
reloadAllAccessors: .matrixType2

===========================================================================================
----------------- testing Fri Jun 21 10:45:14 UTC 2019 /home/travis/build/icyphy/ptII/ptolemy/actor/lib/test/auto/matrixType3.xml
----------------- Instantiating /home/travis/build/icyphy/ptII/ptolemy/actor/lib/test/auto/matrixType3.xml
3 ms. Memory: 570368K Free: 431204K (76%)
----------------- Invoking toplevel() on ptolemy.moml.MoMLSimpleApplication@3866c7a
----------------- Done invoking toplevel() on ptolemy.moml.MoMLSimpleApplication@3866c7a
reloadAllAccessors: .matrixType3

===========================================================================================
----------------- testing Fri Jun 21 10:45:14 UTC 2019 /home/travis/build/icyphy/ptII/ptolemy/actor/lib/test/auto/matrixType4.xml
----------------- Instantiating /home/travis/build/icyphy/ptII/ptolemy/actor/lib/test/auto/matrixType4.xml
1 ms. Memory: 570368K Free: 426598K (75%)
----------------- Invoking toplevel() on ptolemy.moml.MoMLSimpleApplication@7f7c7932
----------------- Done invoking toplevel() on ptolemy.moml.MoMLSimpleApplication@7f7c7932
reloadAllAccessors: .matrixType4

===========================================================================================
----------------- testing Fri Jun 21 10:45:14 UTC 2019 /home/travis/build/icyphy/ptII/ptolemy/actor/lib/test/auto/matrixType5.xml
----------------- Instantiating /home/travis/build/icyphy/ptII/ptolemy/actor/lib/test/auto/matrixType5.xml
1 ms. Memory: 570368K Free: 421478K (74%)
----------------- Invoking toplevel() on ptolemy.moml.MoMLSimpleApplication@37180b2e
----------------- Done invoking toplevel() on ptolemy.moml.MoMLSimpleApplication@37180b2e
reloadAllAccessors: .matrixType5

===========================================================================================
----------------- testing Fri Jun 21 10:45:14 UTC 2019 /home/travis/build/icyphy/ptII/ptolemy/actor/lib/test/auto/matrixType6.xml
----------------- Instantiating /home/travis/build/icyphy/ptII/ptolemy/actor/lib/test/auto/matrixType6.xml
2 ms. Memory: 570368K Free: 416868K (73%)
----------------- Invoking toplevel() on ptolemy.moml.MoMLSimpleApplication@5227f518
----------------- Done invoking toplevel() on ptolemy.moml.MoMLSimpleApplication@5227f518
reloadAllAccessors: .matrixType6

===========================================================================================
----------------- testing Fri Jun 21 10:45:14 UTC 2019 /home/travis/build/icyphy/ptII/ptolemy/actor/lib/test/auto/matrixType7.xml
----------------- Instantiating /home/travis/build/icyphy/ptII/ptolemy/actor/lib/test/auto/matrixType7.xml
1 ms. Memory: 570368K Free: 411748K (72%)
----------------- Invoking toplevel() on ptolemy.moml.MoMLSimpleApplication@2e32e880
----------------- Done invoking toplevel() on ptolemy.moml.MoMLSimpleApplication@2e32e880
reloadAllAccessors: .matrixType7

===========================================================================================
----------------- testing Fri Jun 21 10:45:14 UTC 2019 /home/travis/build/icyphy/ptII/ptolemy/actor/lib/test/auto/matrixType8.xml
----------------- Instantiating /home/travis/build/icyphy/ptII/ptolemy/actor/lib/test/auto/matrixType8.xml
2 ms. Memory: 570368K Free: 407142K (71%)
----------------- Invoking toplevel() on ptolemy.moml.MoMLSimpleApplication@b580d9f
----------------- Done invoking toplevel() on ptolemy.moml.MoMLSimpleApplication@b580d9f
reloadAllAccessors: .matrixType8

===========================================================================================
----------------- testing Fri Jun 21 10:45:14 UTC 2019 /home/travis/build/icyphy/ptII/ptolemy/actor/lib/test/auto/matrixType9.xml
----------------- Instantiating /home/travis/build/icyphy/ptII/ptolemy/actor/lib/test/auto/matrixType9.xml
1 ms. Memory: 570368K Free: 402022K (70%)
----------------- Invoking toplevel() on ptolemy.moml.MoMLSimpleApplication@31db6d30
----------------- Done invoking toplevel() on ptolemy.moml.MoMLSimpleApplication@31db6d30
reloadAllAccessors: .matrixType9

===========================================================================================
----------------- testing Fri Jun 21 10:45:14 UTC 2019 /home/travis/build/icyphy/ptII/ptolemy/actor/lib/test/auto/paraFunctest.xml
----------------- Instantiating /home/travis/build/icyphy/ptII/ptolemy/actor/lib/test/auto/paraFunctest.xml
1 ms. Memory: 570368K Free: 397926K (70%)
----------------- Invoking toplevel() on ptolemy.moml.MoMLSimpleApplication@24ec9598
----------------- Done invoking toplevel() on ptolemy.moml.MoMLSimpleApplication@24ec9598
reloadAllAccessors: .paraFunctest

===========================================================================================
----------------- testing Fri Jun 21 10:45:14 UTC 2019 /home/travis/build/icyphy/ptII/ptolemy/actor/lib/test/auto/paraFunctest2.xml
----------------- Instantiating /home/travis/build/icyphy/ptII/ptolemy/actor/lib/test/auto/paraFunctest2.xml
1 ms. Memory: 570368K Free: 393316K (69%)
----------------- Invoking toplevel() on ptolemy.moml.MoMLSimpleApplication@6bfe6654
----------------- Done invoking toplevel() on ptolemy.moml.MoMLSimpleApplication@6bfe6654
reloadAllAccessors: .paraFunctest2

===========================================================================================
----------------- testing Fri Jun 21 10:45:14 UTC 2019 /home/travis/build/icyphy/ptII/ptolemy/actor/lib/test/auto/parameterPassing.xml
----------------- Instantiating /home/travis/build/icyphy/ptII/ptolemy/actor/lib/test/auto/parameterPassing.xml
1 ms. Memory: 570368K Free: 389220K (68%)
----------------- Invoking toplevel() on ptolemy.moml.MoMLSimpleApplication@2f23d9a
----------------- Done invoking toplevel() on ptolemy.moml.MoMLSimpleApplication@2f23d9a
reloadAllAccessors: .parameterPassing

===========================================================================================
----------------- testing Fri Jun 21 10:45:14 UTC 2019 /home/travis/build/icyphy/ptII/ptolemy/actor/lib/test/auto/record.xml
----------------- Instantiating /home/travis/build/icyphy/ptII/ptolemy/actor/lib/test/auto/record.xml
2 ms. Memory: 570368K Free: 384100K (67%)
----------------- Invoking toplevel() on ptolemy.moml.MoMLSimpleApplication@31397353
----------------- Done invoking toplevel() on ptolemy.moml.MoMLSimpleApplication@31397353
reloadAllAccessors: .record

===========================================================================================
----------------- testing Fri Jun 21 10:45:14 UTC 2019 /home/travis/build/icyphy/ptII/ptolemy/actor/lib/test/auto/sizedarray1.xml
----------------- Instantiating /home/travis/build/icyphy/ptII/ptolemy/actor/lib/test/auto/sizedarray1.xml
1 ms. Memory: 570368K Free: 378980K (66%)
----------------- Invoking toplevel() on ptolemy.moml.MoMLSimpleApplication@38fe4ac2
----------------- Done invoking toplevel() on ptolemy.moml.MoMLSimpleApplication@38fe4ac2
reloadAllAccessors: .sizedarray1

===========================================================================================
----------------- testing Fri Jun 21 10:45:14 UTC 2019 /home/travis/build/icyphy/ptII/ptolemy/actor/lib/test/auto/sizedarray2.xml
----------------- Instantiating /home/travis/build/icyphy/ptII/ptolemy/actor/lib/test/auto/sizedarray2.xml
3 ms. Memory: 570368K Free: 373350K (65%)
----------------- Invoking toplevel() on ptolemy.moml.MoMLSimpleApplication@6ecd1882
----------------- Done invoking toplevel() on ptolemy.moml.MoMLSimpleApplication@6ecd1882
reloadAllAccessors: .sizedarray2

===========================================================================================
----------------- testing Fri Jun 21 10:45:14 UTC 2019 /home/travis/build/icyphy/ptII/ptolemy/actor/lib/test/auto/twoPublishers.xml
----------------- Instantiating /home/travis/build/icyphy/ptII/ptolemy/actor/lib/test/auto/twoPublishers.xml
6 ms. Memory: 570368K Free: 362582K (64%)
----------------- Invoking toplevel() on ptolemy.moml.MoMLSimpleApplication@40332bc2
----------------- Done invoking toplevel() on ptolemy.moml.MoMLSimpleApplication@40332bc2
reloadAllAccessors: .twoPublishers
AutoTests.java: About to close Vertx.
AutoTests.java: Vertx closed.
]]></system-out>
  <system-err><![CDATA[java.lang.RuntimeException: Execution failed
	at ptolemy.moml.MoMLSimpleApplication$UnloadThread.run(MoMLSimpleApplication.java:402)
Caused by: java.lang.RuntimeException: StringUtilities.exit() was called. Normally, we would exit here because Manager.exitAfterWrapup() was called.  However, because the ptolemy.ptII.exitAfterWrapup property is set, we throw this exception instead.
	at ptolemy.util.StringUtilities.exit(StringUtilities.java:363)
	at ptolemy.actor.Manager.wrapup(Manager.java:1531)
	at ptolemy.actor.Manager.execute(Manager.java:407)
	at ptolemy.actor.Manager.run(Manager.java:1263)
	at ptolemy.actor.Manager$PtolemyRunThread.run(Manager.java:1915)
Warning: '.top.test' is in training mode, set the trainingMode parameter to false before checking in
Warning: '.top.test' is in training mode, set the trainingMode parameter to false before checking in
Warning: '.top.test' is in training mode, set the trainingMode parameter to false before checking in
Warning: '.BooleanSwitch_RegressionTest_WrongTrainingValues.Test' is in training mode, set the trainingMode parameter to false before checking in
Warning: '.BooleanSwitch_RegressionTest_WrongTrainingValues.Test2' is in training mode, set the trainingMode parameter to false before checking in
Warning: '.BooleanSwitch_RegressionTest_WrongTrainingValues.Test2' The test produced 0 tokens.
Warning: '.top.testExceptionHandler' is in training mode, set the trainingMode parameter to false before checking in
java.lang.RuntimeException: Execution failed
	at ptolemy.moml.MoMLSimpleApplication$UnloadThread.run(MoMLSimpleApplication.java:402)
Caused by: ptolemy.kernel.util.IllegalActionException: PublisherPorts cannot be used at the top level, use a Publisher actor instead.
  in .PublisherPortToplevelSubscriber.PublisherPort
	at ptolemy.actor.PublisherPort.preinitialize(PublisherPort.java:403)
	at ptolemy.actor.CompositeActor.preinitialize(CompositeActor.java:1769)
	at ptolemy.actor.Manager.preinitializeAndResolveTypes(Manager.java:1040)
	at ptolemy.actor.Manager.initialize(Manager.java:710)
	at ptolemy.actor.Manager.execute(Manager.java:356)
	at ptolemy.actor.Manager.run(Manager.java:1263)
	at ptolemy.actor.Manager$PtolemyRunThread.run(Manager.java:1915)
java.lang.reflect.InvocationTargetException
	at java.base/jdk.internal.reflect.NativeConstructorAccessorImpl.newInstance0(Native Method)
	at java.base/jdk.internal.reflect.NativeConstructorAccessorImpl.newInstance(NativeConstructorAccessorImpl.java:62)
	at java.base/jdk.internal.reflect.DelegatingConstructorAccessorImpl.newInstance(DelegatingConstructorAccessorImpl.java:45)
	at java.base/java.lang.reflect.Constructor.newInstance(Constructor.java:490)
	at ptolemy.util.test.junit.AutoKnownFailedTests.RunModel(AutoKnownFailedTests.java:105)
	at java.base/jdk.internal.reflect.NativeMethodAccessorImpl.invoke0(Native Method)
	at java.base/jdk.internal.reflect.NativeMethodAccessorImpl.invoke(NativeMethodAccessorImpl.java:62)
	at java.base/jdk.internal.reflect.DelegatingMethodAccessorImpl.invoke(DelegatingMethodAccessorImpl.java:43)
	at java.base/java.lang.reflect.Method.invoke(Method.java:566)
	at org.junit.runners.model.FrameworkMethod$1.runReflectiveCall(FrameworkMethod.java:44)
	at org.junit.internal.runners.model.ReflectiveCallable.run(ReflectiveCallable.java:15)
	at org.junit.runners.model.FrameworkMethod.invokeExplosively(FrameworkMethod.java:41)
	at junitparams.internal.InvokeParameterisedMethod.evaluate(InvokeParameterisedMethod.java:102)
	at org.junit.internal.runners.statements.FailOnTimeout$1.run(FailOnTimeout.java:28)
Caused by: ptolemy.kernel.util.IllegalActionException: PublisherPorts cannot be used at the top level, use a Publisher actor instead.
  in .PublisherPortToplevelSubscriber.PublisherPort
	at ptolemy.actor.PublisherPort.preinitialize(PublisherPort.java:403)
	at ptolemy.actor.CompositeActor.preinitialize(CompositeActor.java:1769)
	at ptolemy.actor.Manager.preinitializeAndResolveTypes(Manager.java:1040)
	at ptolemy.actor.Manager.initialize(Manager.java:710)
	at ptolemy.actor.Manager.execute(Manager.java:356)
	at ptolemy.actor.Manager.run(Manager.java:1263)
	at ptolemy.actor.Manager$PtolemyRunThread.run(Manager.java:1915)
java.lang.RuntimeException: Execution failed
	at ptolemy.moml.MoMLSimpleApplication$UnloadThread.run(MoMLSimpleApplication.java:402)
Caused by: ptolemy.kernel.util.IllegalActionException: SubscriberPorts cannot be used at the top level, use a Subscriber actor instead.
  in .PublisherSubscriberPortToplevel.SubscriberPort
	at ptolemy.actor.SubscriberPort.preinitialize(SubscriberPort.java:328)
	at ptolemy.actor.CompositeActor.preinitialize(CompositeActor.java:1769)
	at ptolemy.actor.Manager.preinitializeAndResolveTypes(Manager.java:1040)
	at ptolemy.actor.Manager.initialize(Manager.java:710)
	at ptolemy.actor.Manager.execute(Manager.java:356)
	at ptolemy.actor.Manager.run(Manager.java:1263)
	at ptolemy.actor.Manager$PtolemyRunThread.run(Manager.java:1915)
java.lang.reflect.InvocationTargetException
	at java.base/jdk.internal.reflect.NativeConstructorAccessorImpl.newInstance0(Native Method)
	at java.base/jdk.internal.reflect.NativeConstructorAccessorImpl.newInstance(NativeConstructorAccessorImpl.java:62)
	at java.base/jdk.internal.reflect.DelegatingConstructorAccessorImpl.newInstance(DelegatingConstructorAccessorImpl.java:45)
	at java.base/java.lang.reflect.Constructor.newInstance(Constructor.java:490)
	at ptolemy.util.test.junit.AutoKnownFailedTests.RunModel(AutoKnownFailedTests.java:105)
	at java.base/jdk.internal.reflect.NativeMethodAccessorImpl.invoke0(Native Method)
	at java.base/jdk.internal.reflect.NativeMethodAccessorImpl.invoke(NativeMethodAccessorImpl.java:62)
	at java.base/jdk.internal.reflect.DelegatingMethodAccessorImpl.invoke(DelegatingMethodAccessorImpl.java:43)
	at java.base/java.lang.reflect.Method.invoke(Method.java:566)
	at org.junit.runners.model.FrameworkMethod$1.runReflectiveCall(FrameworkMethod.java:44)
	at org.junit.internal.runners.model.ReflectiveCallable.run(ReflectiveCallable.java:15)
	at org.junit.runners.model.FrameworkMethod.invokeExplosively(FrameworkMethod.java:41)
	at junitparams.internal.InvokeParameterisedMethod.evaluate(InvokeParameterisedMethod.java:102)
	at org.junit.internal.runners.statements.FailOnTimeout$1.run(FailOnTimeout.java:28)
Caused by: ptolemy.kernel.util.IllegalActionException: SubscriberPorts cannot be used at the top level, use a Subscriber actor instead.
  in .PublisherSubscriberPortToplevel.SubscriberPort
	at ptolemy.actor.SubscriberPort.preinitialize(SubscriberPort.java:328)
	at ptolemy.actor.CompositeActor.preinitialize(CompositeActor.java:1769)
	at ptolemy.actor.Manager.preinitializeAndResolveTypes(Manager.java:1040)
	at ptolemy.actor.Manager.initialize(Manager.java:710)
	at ptolemy.actor.Manager.execute(Manager.java:356)
	at ptolemy.actor.Manager.run(Manager.java:1263)
	at ptolemy.actor.Manager$PtolemyRunThread.run(Manager.java:1915)
java.lang.RuntimeException: Execution failed
	at ptolemy.moml.MoMLSimpleApplication$UnloadThread.run(MoMLSimpleApplication.java:402)
Caused by: ptolemy.kernel.util.IllegalActionException: SubscriptionAggregatorPorts cannot be used at the top level, use a SubscriptionAggregator actor instead.
  in .PublisherSubscriptionAggregatorPort.SubscriptionAggregatorPort
	at ptolemy.actor.SubscriptionAggregatorPort.preinitialize(SubscriptionAggregatorPort.java:353)
	at ptolemy.actor.CompositeActor.preinitialize(CompositeActor.java:1769)
	at ptolemy.actor.Manager.preinitializeAndResolveTypes(Manager.java:1040)
	at ptolemy.actor.Manager.initialize(Manager.java:710)
	at ptolemy.actor.Manager.execute(Manager.java:356)
	at ptolemy.actor.Manager.run(Manager.java:1263)
	at ptolemy.actor.Manager$PtolemyRunThread.run(Manager.java:1915)
java.lang.reflect.InvocationTargetException
	at java.base/jdk.internal.reflect.NativeConstructorAccessorImpl.newInstance0(Native Method)
	at java.base/jdk.internal.reflect.NativeConstructorAccessorImpl.newInstance(NativeConstructorAccessorImpl.java:62)
	at java.base/jdk.internal.reflect.DelegatingConstructorAccessorImpl.newInstance(DelegatingConstructorAccessorImpl.java:45)
	at java.base/java.lang.reflect.Constructor.newInstance(Constructor.java:490)
	at ptolemy.util.test.junit.AutoKnownFailedTests.RunModel(AutoKnownFailedTests.java:105)
	at java.base/jdk.internal.reflect.NativeMethodAccessorImpl.invoke0(Native Method)
	at java.base/jdk.internal.reflect.NativeMethodAccessorImpl.invoke(NativeMethodAccessorImpl.java:62)
	at java.base/jdk.internal.reflect.DelegatingMethodAccessorImpl.invoke(DelegatingMethodAccessorImpl.java:43)
	at java.base/java.lang.reflect.Method.invoke(Method.java:566)
	at org.junit.runners.model.FrameworkMethod$1.runReflectiveCall(FrameworkMethod.java:44)
	at org.junit.internal.runners.model.ReflectiveCallable.run(ReflectiveCallable.java:15)
	at org.junit.runners.model.FrameworkMethod.invokeExplosively(FrameworkMethod.java:41)
	at junitparams.internal.InvokeParameterisedMethod.evaluate(InvokeParameterisedMethod.java:102)
	at org.junit.internal.runners.statements.FailOnTimeout$1.run(FailOnTimeout.java:28)
Caused by: ptolemy.kernel.util.IllegalActionException: SubscriptionAggregatorPorts cannot be used at the top level, use a SubscriptionAggregator actor instead.
  in .PublisherSubscriptionAggregatorPort.SubscriptionAggregatorPort
	at ptolemy.actor.SubscriptionAggregatorPort.preinitialize(SubscriptionAggregatorPort.java:353)
	at ptolemy.actor.CompositeActor.preinitialize(CompositeActor.java:1769)
	at ptolemy.actor.Manager.preinitializeAndResolveTypes(Manager.java:1040)
	at ptolemy.actor.Manager.initialize(Manager.java:710)
	at ptolemy.actor.Manager.execute(Manager.java:356)
	at ptolemy.actor.Manager.run(Manager.java:1263)
	at ptolemy.actor.Manager$PtolemyRunThread.run(Manager.java:1915)
java.lang.RuntimeException: Execution failed
	at ptolemy.moml.MoMLSimpleApplication$UnloadThread.run(MoMLSimpleApplication.java:402)
Caused by: ptolemy.kernel.util.IllegalActionException: TypeTest actor has no training data.
  in .sizedarray3.TypeTest
	at ptolemy.actor.lib.TypeTest.initialize(TypeTest.java:250)
	at ptolemy.actor.Director.initialize(Director.java:938)
	at ptolemy.actor.Director.initialize(Director.java:907)
	at ptolemy.actor.sched.StaticSchedulingDirector.initialize(StaticSchedulingDirector.java:159)
	at ptolemy.domains.sdf.kernel.SDFDirector.initialize(SDFDirector.java:544)
	at ptolemy.actor.CompositeActor.initialize(CompositeActor.java:935)
	at ptolemy.actor.Manager.initialize(Manager.java:724)
	at ptolemy.actor.Manager.execute(Manager.java:356)
	at ptolemy.actor.Manager.run(Manager.java:1263)
	at ptolemy.actor.Manager$PtolemyRunThread.run(Manager.java:1915)
java.lang.reflect.InvocationTargetException
	at java.base/jdk.internal.reflect.NativeConstructorAccessorImpl.newInstance0(Native Method)
	at java.base/jdk.internal.reflect.NativeConstructorAccessorImpl.newInstance(NativeConstructorAccessorImpl.java:62)
	at java.base/jdk.internal.reflect.DelegatingConstructorAccessorImpl.newInstance(DelegatingConstructorAccessorImpl.java:45)
	at java.base/java.lang.reflect.Constructor.newInstance(Constructor.java:490)
	at ptolemy.util.test.junit.AutoKnownFailedTests.RunModel(AutoKnownFailedTests.java:105)
	at java.base/jdk.internal.reflect.NativeMethodAccessorImpl.invoke0(Native Method)
	at java.base/jdk.internal.reflect.NativeMethodAccessorImpl.invoke(NativeMethodAccessorImpl.java:62)
	at java.base/jdk.internal.reflect.DelegatingMethodAccessorImpl.invoke(DelegatingMethodAccessorImpl.java:43)
	at java.base/java.lang.reflect.Method.invoke(Method.java:566)
	at org.junit.runners.model.FrameworkMethod$1.runReflectiveCall(FrameworkMethod.java:44)
	at org.junit.internal.runners.model.ReflectiveCallable.run(ReflectiveCallable.java:15)
	at org.junit.runners.model.FrameworkMethod.invokeExplosively(FrameworkMethod.java:41)
	at junitparams.internal.InvokeParameterisedMethod.evaluate(InvokeParameterisedMethod.java:102)
	at org.junit.internal.runners.statements.FailOnTimeout$1.run(FailOnTimeout.java:28)
Caused by: ptolemy.kernel.util.IllegalActionException: TypeTest actor has no training data.
  in .sizedarray3.TypeTest
	at ptolemy.actor.lib.TypeTest.initialize(TypeTest.java:250)
	at ptolemy.actor.Director.initialize(Director.java:938)
	at ptolemy.actor.Director.initialize(Director.java:907)
	at ptolemy.actor.sched.StaticSchedulingDirector.initialize(StaticSchedulingDirector.java:159)
	at ptolemy.domains.sdf.kernel.SDFDirector.initialize(SDFDirector.java:544)
	at ptolemy.actor.CompositeActor.initialize(CompositeActor.java:935)
	at ptolemy.actor.Manager.initialize(Manager.java:724)
	at ptolemy.actor.Manager.execute(Manager.java:356)
	at ptolemy.actor.Manager.run(Manager.java:1263)
	at ptolemy.actor.Manager$PtolemyRunThread.run(Manager.java:1915)
java.lang.RuntimeException: Execution failed
	at ptolemy.moml.MoMLSimpleApplication$UnloadThread.run(MoMLSimpleApplication.java:402)
Caused by: ptolemy.kernel.util.IllegalActionException: Test fails in iteration 0.
Value was: "WARNING: An illegal reflective access operation has occurred\nWARNING: Illegal reflective access by io.netty.util.internal.ReflectionUtil (file:/home/travis/build/icyphy/ptII/lib/netty-common-4.1.19.Final.jar) to constructor java.nio.DirectByteBuffer(long,int)\nWARNING: Please consider reporting this to the maintainers of io.netty.util.internal.ReflectionUtil\nWARNING: Use --illegal-access=warn to enable warnings of further illegal reflective access operations\nWARNING: All illegal access operations will be denied in a future release\n". Should have been: ""
  in .ExecRunDemos.Test
	at ptolemy.actor.lib.Test.fire(Test.java:268)
	at ptolemy.actor.AtomicActor.iterate(AtomicActor.java:512)
	at ptolemy.actor.sched.StaticSchedulingDirector.fire(StaticSchedulingDirector.java:216)
	at ptolemy.domains.sdf.kernel.SDFDirector.fire(SDFDirector.java:500)
	at ptolemy.actor.CompositeActor.fire(CompositeActor.java:455)
	at ptolemy.actor.Manager.iterate(Manager.java:851)
	at ptolemy.actor.Manager.execute(Manager.java:369)
	at ptolemy.actor.Manager.run(Manager.java:1263)
	at ptolemy.actor.Manager$PtolemyRunThread.run(Manager.java:1915)
]]></system-err>
</testsuite>
