<?xml version="1.0" encoding="UTF-8" ?>
<testsuite errors="0" failures="0" hostname="travis-job-d4c35bbd-e82d-4f4f-9be5-7e6df3b52ba1" name="ptolemy.domains.de.test.junit.JUnitTclTest" skipped="0" tests="101" time="124.329" timestamp="2020-09-04T15:37:24">
  <properties>
    <property name="npm.executable" value="npm" />
    <property name="env.TRAVIS_ROOT" value="/" />
    <property name="ptII.mk.exists" value="true" />
    <property name="env.TRAVIS_APP_HOST" value="build.travis-ci.org" />
    <property name="env.rvm_bin_path" value="/home/travis/.rvm/bin" />
    <property name="java.home" value="/usr/local/lib/jvm/openjdk11" />
    <property name="env.TRAVIS_JOB_NUMBER" value="1754.9" />
    <property name="env.TRAVIS_HOME" value="/home/travis" />
    <property name="env.DISPLAY" value=":99.0" />
    <property name="env.TRAVIS_INIT" value="systemd" />
    <property name="env.SSH_TTY" value="/dev/pts/0" />
    <property name="java.net.preferIPv4Stack" value="true" />
    <property name="env.RUN_TESTS" value="true" />
    <property name="timeout.short" value="1000000" />
    <property name="junit.formatter" value="xml" />
    <property name="env.TRAVIS_SUDO" value="true" />
    <property name="env.TRAVIS_JOB_NAME" value="" />
    <property name="env.TRAVIS_STACK_NODE_ATTRIBUTES" value="/.node-attributes.yml" />
    <property name="env.LOGNAME" value="travis" />
    <property name="jsdoc.home" value="node_modules/@terraswarm/jsdoc" />
    <property name="debuglevel" value="source,lines,vars" />
    <property name="checkstyle.formatter" value="xml" />
    <property name="bin.vergil.makeable" value="true" />
    <property name="sun.os.patch.level" value="unknown" />
    <property name="java.vendor.url" value="http://java.oracle.com/" />
    <property name="env.TRAVIS_BUILD_WEB_URL" value="https://travis-ci.org/icyphy/ptII/builds/724202729" />
    <property name="java.version" value="11.0.2" />
    <property name="env.TZ" value="UTC" />
    <property name="env.TRAVIS_PULL_REQUEST_SHA" value="" />
    <property name="env.PT_NO_NET" value="true" />
    <property name="env.TRAVIS_SECURE_ENV_VARS" value="true" />
    <property name="java.vendor.url.bug" value="http://bugreport.java.com/bugreport/" />
    <property name="npmjs-org-is-up" value="true" />
    <property name="env.LANGUAGE" value="en_US.UTF-8" />
    <property name="env.SSH_CLIENT" value="10.16.0.71 46564 22" />
    <property name="env.GEM_HOME" value="/home/travis/.rvm/gems/ruby-2.5.3" />
    <property name="env.HAS_ANTARES_THREE_LITTLE_FRONZIES_BADGE" value="true" />
    <property name="java.version.date" value="2019-01-15" />
    <property name="env.PS4" value="+" />
    <property name="ant.project.invoked-targets" value="build,test.core2.xml" />
    <property name="env.TRAVIS_PULL_REQUEST_BRANCH" value="" />
    <property name="env.TRAVIS_REPO_SLUG" value="icyphy/ptII" />
    <property name="env.XDG_DATA_DIRS" value="/usr/local/share:/usr/share:/var/lib/snapd/desktop" />
    <property name="jdk.debug" value="release" />
    <property name="env.TRAVIS_APT_PROXY" value="http://build-cache.travisci.net" />
    <property name="env.TRAVIS_CPU_ARCH" value="amd64" />
    <property name="node.in.path" value="true" />
    <property name="user.name" value="travis" />
    <property name="java.maxmemory" value="1400m" />
    <property name="env.RUBY_VERSION" value="ruby-2.5.3" />
    <property name="env.LANG" value="en_US.UTF-8" />
    <property name="sun.io.unicode.encoding" value="UnicodeLittle" />
    <property name="sun.jnu.encoding" value="UTF-8" />
    <property name="java.runtime.name" value="OpenJDK Runtime Environment" />
    <property name="usefile" value="false" />
    <property name="return.code" value="0" />
    <property name="junit.single.formatter" value="plain" />
    <property name="env.DYLD_LIBRARY_PATH" value="/home/travis/pthla/certi-tools/lib:" />
    <property name="env.DEBIAN_FRONTEND" value="noninteractive" />
    <property name="env.SSH_CONNECTION" value="10.16.0.71 46564 10.20.0.89 22" />
    <property name="env.MYSQL_UNIX_PORT" value="/var/run/mysqld/mysqld.sock" />
    <property name="env.LC_ALL" value="en_US.UTF-8" />
    <property name="env.TRAVIS_ALLOW_FAILURE" value="" />
    <property name="env.TRAVIS_JOB_WEB_URL" value="https://travis-ci.org/icyphy/ptII/jobs/724202739" />
    <property name="java.specification.name" value="Java Platform API Specification" />
    <property name="node.works" value="true" />
    <property name="user.timezone" value="" />
    <property name="path.separator" value=":" />
    <property name="env.TRAVIS_ENABLE_INFRA_DETECTION" value="true" />
    <property name="env.PYTHON_CFLAGS" value="-g -fstack-protector --param=ssp-buffer-size=4 -Wformat -Werror=format-security" />
    <property name="timeout.long" value="4000000" />
    <property name="env.CERTI_HOME" value="/home/travis/pthla/certi-tools" />
    <property name="ant.file.ptII" value="/home/travis/build/icyphy/ptII/build.xml" />
    <property name="javadoc.packagenames" value="com.*,diva.*,lbnl.*,org.hlacerti.*,org.json.*,org.ptolemy.*,org.terraswarm.*,ptolemy.*,ptserver.*" />
    <property name="file.encoding" value="UTF-8" />
    <property name="env.TRAVIS_PULL_REQUEST_SLUG" value="" />
    <property name="ant.project.default-target" value="build" />
    <property name="env.GIT_ASKPASS" value="echo" />
    <property name="env.HOME" value="/home/travis" />
    <property name="sun.java.command" value="org.apache.tools.ant.taskdefs.optional.junit.JUnitTestRunner ptolemy.domains.de.test.junit.JUnitTclTest skipNonTests=false filtertrace=true haltOnError=false haltOnFailure=false formatter=org.apache.tools.ant.taskdefs.optional.junit.OutErrSummaryJUnitResultFormatter showoutput=true outputtoformatters=true logfailedtests=true threadid=0 logtestlistenerevents=false formatter=org.apache.tools.ant.taskdefs.optional.junit.XMLJUnitResultFormatter,/home/travis/build/icyphy/ptII/reports/junit/TEST-ptolemy.domains.de.test.junit.JUnitTclTest.xml crashfile=/home/travis/build/icyphy/ptII/junitvmwatcher3635344353044918897.properties propsfile=/home/travis/build/icyphy/ptII/junit7445850542319328909.properties" />
    <property name="env.COMPOSER_NO_INTERACTION" value="1" />
    <property name="env.MANPATH" value="/home/travis/.nvm/versions/node/v7.10.1/share/man:/home/travis/.rvm/rubies/ruby-2.5.3/share/man:/usr/local/cmake-3.12.4/man:/usr/local/clang-7.0.0/share/man:/usr/local/man:/usr/local/share/man:/usr/share/man:/home/travis/.rvm/man" />
    <property name="env.TRAVIS_TIMER_ID" value="1b6ba6f3" />
    <property name="ant.file" value="/home/travis/build/icyphy/ptII/build.xml" />
    <property name="env.TRAVIS_COMMIT_RANGE" value="3bb573e462e9b4151952318d01b7e361e9f419ad...74248200255084cca0f8d02e5ad09f36c0965423" />
    <property name="ptII.classpath.optional.property" value="/home/travis/build/icyphy/ptII/lib/bsh-2.0b4.jar:/home/travis/build/icyphy/ptII/lib/ptCal.jar:/home/travis/build/icyphy/ptII/lib/java_cup.jar:/home/travis/build/icyphy/ptII/lib/saxon8.jar:/home/travis/build/icyphy/ptII/lib/saxon8-dom.jar:/home/travis/build/icyphy/ptII/lib/chic.jar:/home/travis/build/icyphy/ptII/lib/ptcolt.jar:/home/travis/build/icyphy/ptII/vendors/misc/itext/iText.jar:/home/travis/build/icyphy/ptII/lib/g4ltl.jar:/home/travis/build/icyphy/ptII/lib/StructuralCoder.jar:/home/travis/build/icyphy/ptII/lib/jcerti.jar:/home/travis/build/icyphy/ptII/lib/javax.mail.jar:/home/travis/build/icyphy/ptII/vendors/JMF-2.1.1e/lib/jmf.jar:/home/travis/build/icyphy/ptII/lib/jna-4.0.0-variadic.jar:/home/travis/build/icyphy/ptII/vendors/misc/joystick/Joystick.jar:/home/travis/build/icyphy/ptII/lib/ptjacl.jar:/home/travis/build/icyphy/ptII/lib/jsoup-1.8.2.jar:/home/travis/build/icyphy/ptII/lib/junit-4.8.2.jar:/home/travis/build/icyphy/ptII/lib/JUnitParams-0.4.0.jar:/home/travis/build/icyphy/ptII/ptolemy/actor/lib/excel/jxl.jar:/home/travis/build/icyphy/ptII/lib/jython.jar:/home/travis/build/icyphy/ptII/lib/kieler.jar:/home/travis/build/icyphy/ptII/vendors/opencv/share/OpenCV/java/opencv-341.jar:/home/travis/build/icyphy/ptII/lib/oscP5.jar:/home/travis/build/icyphy/ptII/lib/nrjavaserial-3.11.0.devel.jar:/home/travis/build/icyphy/ptII/vendors/j3d/lib/Linux/j3dcore.jar:/home/travis/build/icyphy/ptII/vendors/j3d/lib/Linux/j3dutils.jar:/home/travis/build/icyphy/ptII/vendors/j3d/lib/Linux/vecmath.jar:/home/travis/build/icyphy/ptII/vendors/jogl/lib/Linux/gluegen-rt-natives-linux-amd64.jar:/home/travis/build/icyphy/ptII/vendors/jogl/lib/Linux/gluegen-rt.jar:/home/travis/build/icyphy/ptII/vendors/jogl/lib/Linux/jogl-all-natives-linux-amd64.jar:/home/travis/build/icyphy/ptII/vendors/jogl/lib/Linux/jogl-all.jar:/home/travis/build/icyphy/ptII/ptolemy/distributed/jini/jar/jini-core.jar:/home/travis/build/icyphy/ptII/ptolemy/distributed/jini/jar/jini-ext.jar:/home/travis/build/icyphy/ptII/ptolemy/distributed/jini/jar/sun-util.jar:/home/travis/build/icyphy/ptII/lib/protobuf-java-2.4.1.jar:/home/travis/build/icyphy/ptII/lib/org.eclipse.paho.client.mqttv3.jar:/home/travis/build/icyphy/ptII/lib/mapss.jar:/home/travis/build/icyphy/ptII/ptolemy/actor/ptalon/antlr/antlr.jar:/home/travis/build/icyphy/ptII/lib/JRI.jar:/home/travis/build/icyphy/ptII/lib/commons-lang-2.6.jar:/home/travis/build/icyphy/ptII/lib/commons-logging-1.1.1.jar:/home/travis/build/icyphy/ptII/lib/sootclasses.jar:/home/travis/build/icyphy/ptII/ptolemy/actor/lib/database/mysql-connector-java-5.1.6-bin.jar:/home/travis/build/icyphy/ptII/vendors/misc/sphinx4/sphinx4-data-5prealpha.jar:/home/travis/build/icyphy/ptII/vendors/misc/sphinx4/sphinx4-core-5prealpha.jar:/home/travis/build/icyphy/ptII/lib/PDFRenderer.jar:/home/travis/build/icyphy/ptII/lib/svgSalamander.jar:/home/travis/build/icyphy/ptII/lib/rsyntaxtextarea-2.6.0-SNAPSHOT.jar:/home/travis/build/icyphy/ptII/lib/hazelcast-3.8.2.jar:/home/travis/build/icyphy/ptII/lib/jackson-annotations-2.9.0.jar:/home/travis/build/icyphy/ptII/lib/jackson-core-2.9.3.jar:/home/travis/build/icyphy/ptII/lib/jackson-databind-2.9.3.jar:/home/travis/build/icyphy/ptII/lib/netty-buffer-4.1.19.Final.jar:/home/travis/build/icyphy/ptII/lib/netty-codec-4.1.19.Final.jar:/home/travis/build/icyphy/ptII/lib/netty-codec-dns-4.1.19.Final.jar:/home/travis/build/icyphy/ptII/lib/netty-codec-http-4.1.19.Final.jar:/home/travis/build/icyphy/ptII/lib/netty-codec-http2-4.1.19.Final.jar:/home/travis/build/icyphy/ptII/lib/netty-common-4.1.19.Final.jar:/home/travis/build/icyphy/ptII/lib/netty-handler-4.1.19.Final.jar:/home/travis/build/icyphy/ptII/lib/netty-resolver-4.1.19.Final.jar:/home/travis/build/icyphy/ptII/lib/netty-resolver-dns-4.1.19.Final.jar:/home/travis/build/icyphy/ptII/lib/netty-transport-4.1.19.Final.jar:/home/travis/build/icyphy/ptII/lib/vertx-codegen-3.5.1.jar:/home/travis/build/icyphy/ptII/lib/vertx-core-3.5.2-SNAPSHOT.jar:/home/travis/build/icyphy/ptII/lib/vertx-hazelcast-3.5.1.jar:/home/travis/build/icyphy/ptII/lib/vertx-lang-js-3.5.1.jar:/home/travis/build/icyphy/ptII/lib/vertx-service-proxy-3.5.1.jar:/home/travis/build/icyphy/ptII/lib/vertx-web-3.5.1.jar:/home/travis/build/icyphy/ptII/lib/slf4j-api-1.7.13.jar:/home/travis/build/icyphy/ptII/lib/slf4j-simple-1.7.13.jar:/home/travis/build/icyphy/ptII/lib/webcam-capture-0.3.12.jar:/home/travis/build/icyphy/ptII/lib/bridj-0.7.0.jar:/home/travis/build/icyphy/ptII/lib/xbjlib-1.1.0.nrjavaserial.jar" />
    <property name="timeout" value="2400000" />
    <property name="test.batch" value="**/junit/*.java" />
    <property name="env._" value="/usr/bin/timeout" />
    <property name="java.io.tmpdir" value="/tmp" />
    <property name="user.language" value="en" />
    <property name="env.TRAVIS_INTERNAL_RUBY_REGEX" value="^ruby-(2\.[0-4]\.[0-9]|1\.9\.3)" />
    <property name="env.HISTCONTROL" value="ignoredups:ignorespace" />
    <property name="env.GOROOT" value="/home/travis/.gimme/versions/go1.11.1.linux.amd64" />
    <property name="line.separator" value="&#xa;" />
    <property name="target" value="11" />
    <property name="env.TRAVIS_BUILD_DIR" value="/home/travis/build/icyphy/ptII" />
    <property name="env.ANT_OPTS" value="-Xmx2048m" />
    <property name="ant.file.type" value="file" />
    <property name="ptolemy.ptII.batchMode" value="true" />
    <property name="env.HISTSIZE" value="1000" />
    <property name="env.MERB_ENV" value="test" />
    <property name="java.vm.info" value="mixed mode" />
    <property name="source" value="11" />
    <property name="java.vm.specification.name" value="Java Virtual Machine Specification" />
    <property name="env.TRAVIS_TEST_RESULT" value="0" />
    <property name="jsdoc.command" value="node_modules/@terraswarm/jsdoc/jsdoc.js" />
    <property name="npm.works" value="true" />
    <property name="cobertura.dir" value="/home/travis/build/icyphy/ptII/vendors/cobertura-2.0.3" />
    <property name="jsdoc.command.exists" value="true" />
    <property name="env.rvm_path" value="/home/travis/.rvm" />
    <property name="env.GEM_PATH" value="/home/travis/.rvm/gems/ruby-2.5.3:/home/travis/.rvm/gems/ruby-2.5.3@global" />
    <property name="env.LC_CTYPE" value="en_US.UTF-8" />
    <property name="env.TRAVIS_CMD" value="$PTII/bin/ptIITravisBuild.sh $SECONDS" />
    <property name="java.awt.printerjob" value="sun.print.PSPrinterJob" />
    <property name="env.TRAVIS_STACK_NAME" value="sardonyx" />
    <property name="env.TRAVIS_TIMER_START_TIME" value="1599233618650481354" />
    <property name="ant.version" value="Apache Ant(TM) version 1.10.1 compiled on February 2 2017" />
    <property name="ptII.reports" value="/home/travis/build/icyphy/ptII/reports" />
    <property name="env.TRAVIS_STACK_TIMESTAMP" value="2020-06-24 13:13:18 UTC" />
    <property name="ant.file.type.ptII" value="file" />
    <property name="env.RBENV_SHELL" value="bash" />
    <property name="os.name" value="Linux" />
    <property name="java.specification.vendor" value="Oracle Corporation" />
    <property name="env.rvm_version" value="1.29.10 (latest)" />
    <property name="env.TRAVIS_INFRA" value="unknown" />
    <property name="env.TERM" value="xterm" />
    <property name="java.vm.name" value="OpenJDK 64-Bit Server VM" />
    <property name="env.TRAVIS_BUILD_NUMBER" value="1754" />
    <property name="env.CI" value="true" />
    <property name="java.library.path" value="/home/travis/pthla/certi-tools/lib:/usr/lib/jni:/usr/local/share/OpenCV/java/:/usr/share/OpenCV/java::/usr/java/packages/lib:/usr/lib64:/lib64:/lib:/usr/lib" />
    <property name="jdk.module.path" value="/home/travis/build/icyphy/ptII/vendors/javafx/javafx-sdk-11.0.2/lib:" />
    <property name="env.rvm_prefix" value="/home/travis" />
    <property name="env.PATH" value="/home/travis/pthla/certi-tools/share/scripts:/home/travis/.rvm/gems/ruby-2.5.3/bin:/home/travis/.rvm/gems/ruby-2.5.3@global/bin:/home/travis/.rvm/rubies/ruby-2.5.3/bin:/home/travis/.rvm/bin:/home/travis/.nvm/versions/node/v7.10.1/bin:./node_modules/.bin:/home/travis/build/icyphy/ptII/bin:/home/travis/pthla/certi-tools/bin:/home/travis/bin:/home/travis/.local/bin:/usr/local/lib/jvm/openjdk11/bin:/opt/pyenv/shims:/home/travis/.phpenv/shims:/home/travis/perl5/perlbrew/bin:/home/travis/gopath/bin:/home/travis/.gimme/versions/go1.11.1.linux.amd64/bin:/usr/local/maven-3.6.3/bin:/usr/local/cmake-3.12.4/bin:/usr/local/clang-7.0.0/bin:/usr/local/sbin:/usr/local/bin:/usr/sbin:/usr/bin:/sbin:/bin:/snap/bin:/home/travis/.phpenv/bin:/opt/pyenv/bin:/home/travis/.yarn/bin" />
    <property name="env.TRAVIS_OS_NAME" value="linux" />
    <property name="ant.java.version" value="9" />
    <property name="basedir" value="/home/travis/build/icyphy/ptII" />
    <property name="java.class.version" value="55.0" />
    <property name="env.SHLVL" value="3" />
    <property name="env.LD_LIBRARY_PATH" value="/home/travis/pthla/certi-tools/lib:/usr/lib/jni:/usr/local/share/OpenCV/java/:/usr/share/OpenCV/java:" />
    <property name="env.RACK_ENV" value="test" />
    <property name="ant.home" value="/home/travis/build/icyphy/ptII/ant" />
    <property name="env.NVM_DIR" value="/home/travis/.nvm" />
    <property name="env.CERTI_FOM_PATH" value="/home/travis/pthla/certi-tools/share/federations" />
    <property name="env.TRAVIS_BUILD_ID" value="724202729" />
    <property name="env.PYENV_ROOT" value="/opt/pyenv" />
    <property name="env.TRAVIS_UID" value="2000" />
    <property name="prism.verbose" value="true" />
    <property name="env.NVM_BIN" value="/home/travis/.nvm/versions/node/v7.10.1/bin" />
    <property name="env.TRAVIS_COMMIT" value="74248200255084cca0f8d02e5ad09f36c0965423" />
    <property name="node.executable" value="node" />
    <property name="sun.boot.library.path" value="/usr/local/lib/jvm/openjdk11/lib" />
    <property name="sun.management.compiler" value="HotSpot 64-Bit Tiered Compilers" />
    <property name="java.awt.graphicsenv" value="sun.awt.X11GraphicsEnvironment" />
    <property name="env.GOPATH" value="/home/travis/gopath" />
    <property name="ptolemy.ptII.dir" value="/home/travis/build/icyphy/ptII" />
    <property name="env.USER" value="travis" />
    <property name="env.HISTFILESIZE" value="2000" />
    <property name="env.NVM_INC" value="/home/travis/.nvm/versions/node/v7.10.1/include/node" />
    <property name="timeout.longest" value="19000000" />
    <property name="env.PERLBREW_SHELLRC_VERSION" value="0.88" />
    <property name="env.TRAVIS_STACK_FEATURES" value="basic couchdb disabled-ipv6 docker docker-compose elasticsearch firefox go-toolchain google-chrome jdk memcached mongodb mysql nodejs_interpreter perl_interpreter perlbrew phantomjs postgresql python_interpreter redis ruby_interpreter sqlite xserver" />
    <property name="env.TRAVIS_PULL_REQUEST" value="false" />
    <property name="env.PYENV_SHELL" value="bash" />
    <property name="ant.project.name" value="ptII" />
    <property name="env.ANSI_RESET" value="\033[0m" />
    <property name="java.vm.specification.version" value="11" />
    <property name="env.TRAVIS_DIST" value="xenial" />
    <property name="env.CERTI_VERSION" value="4.0.0" />
    <property name="env.CERTI_HOST" value="localhost" />
    <property name="awt.toolkit" value="sun.awt.X11.XToolkit" />
    <property name="env.MY_RUBY_HOME" value="/home/travis/.rvm/rubies/ruby-2.5.3" />
    <property name="sun.cpu.isalist" value="" />
    <property name="env.TRAVIS_TMPDIR" value="/tmp/tmp.ykymtr2iGt" />
    <property name="java.vm.compressedOopsMode" value="Zero based" />
    <property name="os.version" value="4.15.0-1077-gcp" />
    <property name="user.home" value="/home/travis" />
    <property name="java.vm.vendor" value="Oracle Corporation" />
    <property name="env.TRAVIS_TAG" value="nightly" />
    <property name="env.ANSI_YELLOW" value="\033[33;1m" />
    <property name="env.TRAVIS_FILTERED" value="redirect_io" />
    <property name="env.ANSI_GREEN" value="\033[32;1m" />
    <property name="env.JAVA_HOME" value="/usr/local/lib/jvm/openjdk11" />
    <property name="javadoc.excludepackagenames" value="adm.cvs2svn.*,build.*,config.*,doc.coding.templates.*,jni.test.jni.meaningOfLife.*,jni.test.jni.testDeux.*,jni.test.jni.testTrois.*,org.terraswarm.accessor.accessors.web.node_modules.*,org.terraswarm.accessor.accessors.web.hosts.cordova.demo.*,org.terraswarm.accessor.accessors.web.hosts.cordova.plugins.*,org.terraswarm.accessor.accessors-svn.*,pt-modules.*,ptolemy.apps.agilent.*,ptolemy.apps.anytimecontrol.*,ptolemy.apps.apes.*,ptolemy.apps.charon.*,ptolemy.apps.crazyboard.*,ptolemy.apps.eclipse.*,ptolemy.apps.etherealSting.*,ptolemy.apps.fullscreen.*,ptolemy.apps.giotto.*,ptolemy.apps.ia.*,ptolemy.apps.interfaces.*,ptolemy.apps.jmf.*,ptolemy.apps.kurt.*,ptolemy.apps.kvm.*,ptolemy.apps.lego.*,ptolemy.apps.lejos.*,ptolemy.apps.midp.*,ptolemy.apps.mobileCoding.*,ptolemy.apps.pendulum.*,ptolemy.apps.rijndael.*,ptolemy.apps.robot.*,ptolemy.apps.security.*,ptolemy.apps.sobel.*,ptolemy.apps.soot.*,ptolemy.apps.throttle.*,ptolemy.apps.tini.*,ptolemy.apps.transmission.*,ptolemy.apps.vergil.*,ptolemy.apps.waba.*,ptolemy.apps.websensor.*,ptolemy.apps.webstart.*,ptolemy.apps.xsl.*,ptolemy.apps.zaurus.*,ptolemy.codegen.c.actor.lib.oldJavaFiles.*,ptolemy.codegen.dsp.lib.*,ptolemy.codegen.kernel.newInterfaces.*,ptolemy.codegen.lib.*,ptolemy.copernicus.kernel.fragment.*,ptolemy.copernicus.shallow.cg.*,ptolemy.domains.giotto.demo.Hierarchy.Hierarchy.*,ptolemy.domains.giotto.demo.Multimode.Multimode.*,ptolemy.domains.giotto.demo.Simple.Simple.*,ptolemy.domains.gr.lib.experimental.*,ptolemy.domains.gro.*,ptolemy.domains.pdf.*,ptolemy.domains.ptinyos.demo.Surge.output.*,ptolemy.moml.test.NoPackageActor.java*,ptolemy.plot.adm.*,ptolemy.plot.servlet.*,reports.*,signed.*,src.*,target.*,vendors.*,ptolemy.copernicus.applet.*,ptolemy.media.viewer.*,ptolemy.actor.corba.*,doc.doclets.*,ptolemy.apps.eclipse.awt.*,ptolemy.backtrack.*,ptolemy.backtrack.ast.*,ptolemy.cg.adapter.generic.program.procedural.c.mbed*,ptolemy.homer.*,ptolemy.actor.lib.jai.*,org.ptolemy.scala.*,diva.util.java2d.svg.*,ptolemy.domains.ptinyos.*,ptolemy.actor.lib.fmi.fmipp.*,,org.terraswarm.accessor.accessors.web.node_modules.*,org.terraswarm.accessor.accessors-svn,ptolemy.apps.*,ptolemy.actor.ptalon.demo.ptinyos.SendAndReceiveCnt.output,ptolemy.actor.ptalon.demo.ptinyos.SenseToLeds.output,ptolemy.domains.ptinyos.demo.CntToLedsAndRfm.output,ptolemy.domains.ptinyos.demo.RfmToLeds.output,ptolemy.domains.ptinyos.demo.SendAndReceiveCnt.output,ptolemy.domains.ptinyos.demo.SenseToLeds.output,ptolemy.actor.lib.jjs.modules.udpSocket.*" />
    <property name="env.PTII" value="/home/travis/build/icyphy/ptII" />
    <property name="env.XDG_SESSION_ID" value="2" />
    <property name="keystore" value="ptKeystore" />
    <property name="env.TRAVIS_COMMIT_MESSAGE" value="Exclude org/hlacerti/newModels1516e/VariableArrayPTIIJavaFed" />
    <property name="junit.output.dir" value="/home/travis/build/icyphy/ptII/reports/junit" />
    <property name="npm.return.code" value="0" />
    <property name="user.dir" value="/home/travis/build/icyphy/ptII/ptolemy/domains/de/test" />
    <property name="env.TRAVIS_NODE_VERSION" value="7" />
    <property name="env.TRAVIS_EVENT_TYPE" value="cron" />
    <property name="env.MAIL" value="/var/mail/travis" />
    <property name="env.PERLBREW_ROOT" value="/home/travis/perl5/perlbrew" />
    <property name="env.PWD" value="/home/travis/build/icyphy/ptII" />
    <property name="timeout.npm" value="45000" />
    <property name="env.PT_TRAVIS_TEST_CORE2_XML" value="true" />
    <property name="env.TRAVIS_ARCH" value="amd64" />
    <property name="sun.cpu.endian" value="little" />
    <property name="env.PAGER" value="cat" />
    <property name="env.TRAVIS_BUILD_STAGE_NAME" value="test" />
    <property name="env.PERLBREW_HOME" value="/home/travis/.perlbrew" />
    <property name="java.vm.version" value="11.0.2+9" />
    <property name="env.RAILS_ENV" value="test" />
    <property name="java.class.path" value="/home/travis/build/icyphy/ptII:/home/travis/build/icyphy/ptII/lib/bsh-2.0b4.jar:/home/travis/build/icyphy/ptII/lib/ptCal.jar:/home/travis/build/icyphy/ptII/lib/java_cup.jar:/home/travis/build/icyphy/ptII/lib/saxon8.jar:/home/travis/build/icyphy/ptII/lib/saxon8-dom.jar:/home/travis/build/icyphy/ptII/lib/chic.jar:/home/travis/build/icyphy/ptII/lib/ptcolt.jar:/home/travis/build/icyphy/ptII/vendors/misc/itext/iText.jar:/home/travis/build/icyphy/ptII/lib/g4ltl.jar:/home/travis/build/icyphy/ptII/lib/StructuralCoder.jar:/home/travis/build/icyphy/ptII/lib/jcerti.jar:/home/travis/build/icyphy/ptII/lib/javax.mail.jar:/home/travis/build/icyphy/ptII/vendors/JMF-2.1.1e/lib/jmf.jar:/home/travis/build/icyphy/ptII/lib/jna-4.0.0-variadic.jar:/home/travis/build/icyphy/ptII/vendors/misc/joystick/Joystick.jar:/home/travis/build/icyphy/ptII/lib/ptjacl.jar:/home/travis/build/icyphy/ptII/lib/jsoup-1.8.2.jar:/home/travis/build/icyphy/ptII/lib/junit-4.8.2.jar:/home/travis/build/icyphy/ptII/lib/JUnitParams-0.4.0.jar:/home/travis/build/icyphy/ptII/ptolemy/actor/lib/excel/jxl.jar:/home/travis/build/icyphy/ptII/lib/jython.jar:/home/travis/build/icyphy/ptII/lib/kieler.jar:/home/travis/build/icyphy/ptII/vendors/opencv/share/OpenCV/java/opencv-341.jar:/home/travis/build/icyphy/ptII/lib/oscP5.jar:/home/travis/build/icyphy/ptII/lib/nrjavaserial-3.11.0.devel.jar:/home/travis/build/icyphy/ptII/vendors/j3d/lib/Linux/j3dcore.jar:/home/travis/build/icyphy/ptII/vendors/j3d/lib/Linux/j3dutils.jar:/home/travis/build/icyphy/ptII/vendors/j3d/lib/Linux/vecmath.jar:/home/travis/build/icyphy/ptII/vendors/jogl/lib/Linux/gluegen-rt-natives-linux-amd64.jar:/home/travis/build/icyphy/ptII/vendors/jogl/lib/Linux/gluegen-rt.jar:/home/travis/build/icyphy/ptII/vendors/jogl/lib/Linux/jogl-all-natives-linux-amd64.jar:/home/travis/build/icyphy/ptII/vendors/jogl/lib/Linux/jogl-all.jar:/home/travis/build/icyphy/ptII/ptolemy/distributed/jini/jar/jini-core.jar:/home/travis/build/icyphy/ptII/ptolemy/distributed/jini/jar/jini-ext.jar:/home/travis/build/icyphy/ptII/ptolemy/distributed/jini/jar/sun-util.jar:/home/travis/build/icyphy/ptII/lib/protobuf-java-2.4.1.jar:/home/travis/build/icyphy/ptII/lib/org.eclipse.paho.client.mqttv3.jar:/home/travis/build/icyphy/ptII/lib/mapss.jar:/home/travis/build/icyphy/ptII/ptolemy/actor/ptalon/antlr/antlr.jar:/home/travis/build/icyphy/ptII/lib/JRI.jar:/home/travis/build/icyphy/ptII/lib/commons-lang-2.6.jar:/home/travis/build/icyphy/ptII/lib/commons-logging-1.1.1.jar:/home/travis/build/icyphy/ptII/lib/sootclasses.jar:/home/travis/build/icyphy/ptII/ptolemy/actor/lib/database/mysql-connector-java-5.1.6-bin.jar:/home/travis/build/icyphy/ptII/vendors/misc/sphinx4/sphinx4-data-5prealpha.jar:/home/travis/build/icyphy/ptII/vendors/misc/sphinx4/sphinx4-core-5prealpha.jar:/home/travis/build/icyphy/ptII/lib/PDFRenderer.jar:/home/travis/build/icyphy/ptII/lib/svgSalamander.jar:/home/travis/build/icyphy/ptII/lib/rsyntaxtextarea-2.6.0-SNAPSHOT.jar:/home/travis/build/icyphy/ptII/lib/hazelcast-3.8.2.jar:/home/travis/build/icyphy/ptII/lib/jackson-annotations-2.9.0.jar:/home/travis/build/icyphy/ptII/lib/jackson-core-2.9.3.jar:/home/travis/build/icyphy/ptII/lib/jackson-databind-2.9.3.jar:/home/travis/build/icyphy/ptII/lib/netty-buffer-4.1.19.Final.jar:/home/travis/build/icyphy/ptII/lib/netty-codec-4.1.19.Final.jar:/home/travis/build/icyphy/ptII/lib/netty-codec-dns-4.1.19.Final.jar:/home/travis/build/icyphy/ptII/lib/netty-codec-http-4.1.19.Final.jar:/home/travis/build/icyphy/ptII/lib/netty-codec-http2-4.1.19.Final.jar:/home/travis/build/icyphy/ptII/lib/netty-common-4.1.19.Final.jar:/home/travis/build/icyphy/ptII/lib/netty-handler-4.1.19.Final.jar:/home/travis/build/icyphy/ptII/lib/netty-resolver-4.1.19.Final.jar:/home/travis/build/icyphy/ptII/lib/netty-resolver-dns-4.1.19.Final.jar:/home/travis/build/icyphy/ptII/lib/netty-transport-4.1.19.Final.jar:/home/travis/build/icyphy/ptII/lib/vertx-codegen-3.5.1.jar:/home/travis/build/icyphy/ptII/lib/vertx-core-3.5.2-SNAPSHOT.jar:/home/travis/build/icyphy/ptII/lib/vertx-hazelcast-3.5.1.jar:/home/travis/build/icyphy/ptII/lib/vertx-lang-js-3.5.1.jar:/home/travis/build/icyphy/ptII/lib/vertx-service-proxy-3.5.1.jar:/home/travis/build/icyphy/ptII/lib/vertx-web-3.5.1.jar:/home/travis/build/icyphy/ptII/lib/slf4j-api-1.7.13.jar:/home/travis/build/icyphy/ptII/lib/slf4j-simple-1.7.13.jar:/home/travis/build/icyphy/ptII/lib/webcam-capture-0.3.12.jar:/home/travis/build/icyphy/ptII/lib/bridj-0.7.0.jar:/home/travis/build/icyphy/ptII/lib/xbjlib-1.1.0.nrjavaserial.jar:/home/travis/build/icyphy/ptII/ptolemy/moml/test:/home/travis/build/icyphy/ptII/ant/lib/ant-launcher.jar:/home/travis/build/icyphy/ptII/ant/lib/ant.jar:/home/travis/build/icyphy/ptII/ant/lib/ant-junit.jar:/home/travis/build/icyphy/ptII/ant/lib/ant-junit4.jar" />
    <property name="ant.library.dir" value="/home/travis/build/icyphy/ptII/ant/lib" />
    <property name="os.arch" value="amd64" />
    <property name="env.CONTINUOUS_INTEGRATION" value="true" />
    <property name="env.TRAVIS_LANGUAGE" value="node_js" />
    <property name="env.TRAVIS_STACK_LANGUAGES" value="__sardonyx__ c c++ clojure cplusplus cpp default generic go groovy java node_js php pure_java python ruby scala" />
    <property name="test.name" value="ptolemy.actor.lib.test.junit.JUnitTclTest" />
    <property name="env.APT_KEY_DONT_WARN_ON_DANGEROUS_USAGE" value="1" />
    <property name="sun.java.launcher" value="SUN_STANDARD" />
    <property name="env.PYTHON_CONFIGURE_OPTS" value="--enable-unicode=ucs4 --with-wide-unicode --enable-shared --enable-ipv6 --enable-loadable-sqlite-extensions --with-computed-gotos" />
    <property name="ant.core.lib" value="/home/travis/build/icyphy/ptII/ant/lib/ant.jar" />
    <property name="java.vm.specification.vendor" value="Oracle Corporation" />
    <property name="env.BCVTB_HOME" value="/home/travis/build/icyphy/ptII/lbnl" />
    <property name="file.separator" value="/" />
    <property name="spotbugs.home" value="/home/travis/build/icyphy/ptII/vendors/spotbugs-3.1.1" />
    <property name="java.runtime.version" value="11.0.2+9" />
    <property name="javafx.verbose" value="true" />
    <property name="env.ANSI_CLEAR" value="\033[0K" />
    <property name="env.HAS_JOSH_K_SEAL_OF_APPROVAL" value="true" />
    <property name="env.XDG_RUNTIME_DIR" value="/run/user/2000" />
    <property name="env.TRAVIS_OSX_IMAGE" value="" />
    <property name="env.TRAVIS_JOB_ID" value="724202739" />
    <property name="env.TRAVIS_BRANCH" value="master" />
    <property name="user.country" value="US" />
    <property name="env.CERTI_HOME_TRAVIS" value="/home/travis/pthla/certi-tools" />
    <property name="env.SHELL" value="/bin/bash" />
    <property name="java.maxmemory.large" value="3200m" />
    <property name="model" value="" />
    <property name="env.CASHER_DIR" value="/home/travis/.casher" />
    <property name="env.NVM_CD_FLAGS" value="" />
    <property name="java.vendor.version" value="18.9" />
    <property name="jshint.executable" value="/home/travis/node_modules/jshint/bin/jshint" />
    <property name="env.JRUBY_OPTS" value=" --client -J-XX:+TieredCompilation -J-XX:TieredStopAtLevel=1 -J-Xss2m -Xcompile.invokedynamic=false" />
    <property name="java.vendor" value="Oracle Corporation" />
    <property name="env.TRAVIS_PRE_CHEF_BOOTSTRAP_TIME" value="2020-06-24T13:13:03" />
    <property name="env.TRAVIS_STACK_JOB_BOARD_REGISTER" value="/.job-board-register.yml" />
    <property name="env.ANSI_RED" value="\033[31;1m" />
    <property name="java.specification.version" value="11" />
    <property name="env.IRBRC" value="/home/travis/.rvm/rubies/ruby-2.5.3/.irbrc" />
    <property name="env.TRAVIS" value="true" />
    <property name="sun.arch.data.model" value="64" />
  </properties>
  <testcase classname="ptolemy.util.test.junit.TclTests" name="[0] /home/travis/build/icyphy/ptII/ptolemy/domains/de/test/DependencyLoop.tcl (RunTclFile)" time="1.086" />
  <testcase classname="ptolemy.util.test.junit.TclTests" name="[1] /home/travis/build/icyphy/ptII/ptolemy/domains/de/test/RunDETestsAsQSS.tcl (RunTclFile)" time="83.98" />
  <testcase classname="ptolemy.util.test.junit.AutoKnownFailedTests" name="[0] /home/travis/build/icyphy/ptII/ptolemy/domains/de/test/auto/knownFailedTests/DESDFClockTest.xml (RunModel)" time="2.052" />
  <testcase classname="ptolemy.util.test.junit.AutoKnownFailedTests" name="[1] /home/travis/build/icyphy/ptII/ptolemy/domains/de/test/auto/knownFailedTests/DirectFeedback.xml (RunModel)" time="0.011" />
  <testcase classname="ptolemy.util.test.junit.AutoKnownFailedTests" name="[2] /home/travis/build/icyphy/ptII/ptolemy/domains/de/test/auto/knownFailedTests/FSMSource.xml (RunModel)" time="0.021" />
  <testcase classname="ptolemy.util.test.junit.AutoKnownFailedTests" name="[3] /home/travis/build/icyphy/ptII/ptolemy/domains/de/test/auto/knownFailedTests/HierarchicalModel.xml (RunModel)" time="0.048" />
  <testcase classname="ptolemy.util.test.junit.AutoKnownFailedTests" name="[4] /home/travis/build/icyphy/ptII/ptolemy/domains/de/test/auto/knownFailedTests/dependencyLoop.xml (RunModel)" time="0.035" />
  <testcase classname="ptolemy.util.test.junit.AutoKnownFailedTests" name="[5] /home/travis/build/icyphy/ptII/ptolemy/domains/de/test/auto/knownFailedTests/dependencyLoop2.xml (RunModel)" time="0.038" />
  <testcase classname="ptolemy.util.test.junit.AutoNameArchTests" name="[0] ThereAreNoAutoArchTests (RunModel)" time="0.001" />
  <testcase classname="ptolemy.util.test.junit.AutoTests" name="[0] /home/travis/build/icyphy/ptII/ptolemy/domains/de/test/auto/ActorDepthCalculation_actorWithoutPorts.xml (RunModel)" time="0.023" />
  <testcase classname="ptolemy.util.test.junit.AutoTests" name="[1] /home/travis/build/icyphy/ptII/ptolemy/domains/de/test/auto/AssemblyLine.xml (RunModel)" time="0.027" />
  <testcase classname="ptolemy.util.test.junit.AutoTests" name="[2] /home/travis/build/icyphy/ptII/ptolemy/domains/de/test/auto/CQBug1.xml (RunModel)" time="0.008" />
  <testcase classname="ptolemy.util.test.junit.AutoTests" name="[3] /home/travis/build/icyphy/ptII/ptolemy/domains/de/test/auto/CancelFireAt.xml (RunModel)" time="0.021" />
  <testcase classname="ptolemy.util.test.junit.AutoTests" name="[4] /home/travis/build/icyphy/ptII/ptolemy/domains/de/test/auto/CausalityAndComposabilityAnalysis.xml (RunModel)" time="0.02" />
  <testcase classname="ptolemy.util.test.junit.AutoTests" name="[5] /home/travis/build/icyphy/ptII/ptolemy/domains/de/test/auto/CausalityInterface1.xml (RunModel)" time="0.013" />
  <testcase classname="ptolemy.util.test.junit.AutoTests" name="[6] /home/travis/build/icyphy/ptII/ptolemy/domains/de/test/auto/CausalityInterface15.xml (RunModel)" time="0.015" />
  <testcase classname="ptolemy.util.test.junit.AutoTests" name="[7] /home/travis/build/icyphy/ptII/ptolemy/domains/de/test/auto/CausalityInterface2.xml (RunModel)" time="0.014" />
  <testcase classname="ptolemy.util.test.junit.AutoTests" name="[8] /home/travis/build/icyphy/ptII/ptolemy/domains/de/test/auto/CausalityInterface3.xml (RunModel)" time="0.012" />
  <testcase classname="ptolemy.util.test.junit.AutoTests" name="[9] /home/travis/build/icyphy/ptII/ptolemy/domains/de/test/auto/ClockDrift.xml (RunModel)" time="0.043" />
  <testcase classname="ptolemy.util.test.junit.AutoTests" name="[10] /home/travis/build/icyphy/ptII/ptolemy/domains/de/test/auto/ClockDriftAndValueChange.xml (RunModel)" time="0.031" />
  <testcase classname="ptolemy.util.test.junit.AutoTests" name="[11] /home/travis/build/icyphy/ptII/ptolemy/domains/de/test/auto/ClockDriftChange.xml (RunModel)" time="0.035" />
  <testcase classname="ptolemy.util.test.junit.AutoTests" name="[12] /home/travis/build/icyphy/ptII/ptolemy/domains/de/test/auto/ComposableCausalityAnalysis.xml (RunModel)" time="0.015" />
  <testcase classname="ptolemy.util.test.junit.AutoTests" name="[13] /home/travis/build/icyphy/ptII/ptolemy/domains/de/test/auto/DEFixedPointLimitation.xml (RunModel)" time="0.009" />
  <testcase classname="ptolemy.util.test.junit.AutoTests" name="[14] /home/travis/build/icyphy/ptII/ptolemy/domains/de/test/auto/DEScheduleTest.xml (RunModel)" time="0.014" />
  <testcase classname="ptolemy.util.test.junit.AutoTests" name="[15] /home/travis/build/icyphy/ptII/ptolemy/domains/de/test/auto/DEinDEwithStartTimes.xml (RunModel)" time="0.015" />
  <testcase classname="ptolemy.util.test.junit.AutoTests" name="[16] /home/travis/build/icyphy/ptII/ptolemy/domains/de/test/auto/DEinDEwithStartTimes2.xml (RunModel)" time="0.022" />
  <testcase classname="ptolemy.util.test.junit.AutoTests" name="[17] /home/travis/build/icyphy/ptII/ptolemy/domains/de/test/auto/DateDemo.xml (RunModel)" time="0.029" />
  <testcase classname="ptolemy.util.test.junit.AutoTests" name="[18] /home/travis/build/icyphy/ptII/ptolemy/domains/de/test/auto/DateToEvent.xml (RunModel)" time="2.046" />
  <testcase classname="ptolemy.util.test.junit.AutoTests" name="[19] /home/travis/build/icyphy/ptII/ptolemy/domains/de/test/auto/DepthTest1.xml (RunModel)" time="0.009" />
  <testcase classname="ptolemy.util.test.junit.AutoTests" name="[20] /home/travis/build/icyphy/ptII/ptolemy/domains/de/test/auto/DepthTest2.xml (RunModel)" time="0.02" />
  <testcase classname="ptolemy.util.test.junit.AutoTests" name="[21] /home/travis/build/icyphy/ptII/ptolemy/domains/de/test/auto/DepthTest3.xml (RunModel)" time="0.009" />
  <testcase classname="ptolemy.util.test.junit.AutoTests" name="[22] /home/travis/build/icyphy/ptII/ptolemy/domains/de/test/auto/DepthTest4.xml (RunModel)" time="0.012" />
  <testcase classname="ptolemy.util.test.junit.AutoTests" name="[23] /home/travis/build/icyphy/ptII/ptolemy/domains/de/test/auto/DepthTest5.xml (RunModel)" time="0.014" />
  <testcase classname="ptolemy.util.test.junit.AutoTests" name="[24] /home/travis/build/icyphy/ptII/ptolemy/domains/de/test/auto/DepthTest6.xml (RunModel)" time="0.015" />
  <testcase classname="ptolemy.util.test.junit.AutoTests" name="[25] /home/travis/build/icyphy/ptII/ptolemy/domains/de/test/auto/DepthTest7.xml (RunModel)" time="0.013" />
  <testcase classname="ptolemy.util.test.junit.AutoTests" name="[26] /home/travis/build/icyphy/ptII/ptolemy/domains/de/test/auto/EventToDate.xml (RunModel)" time="3.041" />
  <testcase classname="ptolemy.util.test.junit.AutoTests" name="[27] /home/travis/build/icyphy/ptII/ptolemy/domains/de/test/auto/FSM1.xml (RunModel)" time="0.055" />
  <testcase classname="ptolemy.util.test.junit.AutoTests" name="[28] /home/travis/build/icyphy/ptII/ptolemy/domains/de/test/auto/FSM7.xml (RunModel)" time="0.043" />
  <testcase classname="ptolemy.util.test.junit.AutoTests" name="[29] /home/travis/build/icyphy/ptII/ptolemy/domains/de/test/auto/Inspection.xml (RunModel)" time="0.044" />
  <testcase classname="ptolemy.util.test.junit.AutoTests" name="[30] /home/travis/build/icyphy/ptII/ptolemy/domains/de/test/auto/Iteration.xml (RunModel)" time="0.023" />
  <testcase classname="ptolemy.util.test.junit.AutoTests" name="[31] /home/travis/build/icyphy/ptII/ptolemy/domains/de/test/auto/LineFault.xml (RunModel)" time="0.574" />
  <testcase classname="ptolemy.util.test.junit.AutoTests" name="[32] /home/travis/build/icyphy/ptII/ptolemy/domains/de/test/auto/MergeModel1Add.xml (RunModel)" time="0.053" />
  <testcase classname="ptolemy.util.test.junit.AutoTests" name="[33] /home/travis/build/icyphy/ptII/ptolemy/domains/de/test/auto/MergeModel2Add.xml (RunModel)" time="0.038" />
  <testcase classname="ptolemy.util.test.junit.AutoTests" name="[34] /home/travis/build/icyphy/ptII/ptolemy/domains/de/test/auto/MergeModel3Add.xml (RunModel)" time="0.047" />
  <testcase classname="ptolemy.util.test.junit.AutoTests" name="[35] /home/travis/build/icyphy/ptII/ptolemy/domains/de/test/auto/MergeWithoutDiscard.xml (RunModel)" time="0.012" />
  <testcase classname="ptolemy.util.test.junit.AutoTests" name="[36] /home/travis/build/icyphy/ptII/ptolemy/domains/de/test/auto/Modal1.xml (RunModel)" time="0.032" />
  <testcase classname="ptolemy.util.test.junit.AutoTests" name="[37] /home/travis/build/icyphy/ptII/ptolemy/domains/de/test/auto/Modal2.xml (RunModel)" time="0.028" />
  <testcase classname="ptolemy.util.test.junit.AutoTests" name="[38] /home/travis/build/icyphy/ptII/ptolemy/domains/de/test/auto/Modal3.xml (RunModel)" time="0.029" />
  <testcase classname="ptolemy.util.test.junit.AutoTests" name="[39] /home/travis/build/icyphy/ptII/ptolemy/domains/de/test/auto/Modal4.xml (RunModel)" time="0.031" />
  <testcase classname="ptolemy.util.test.junit.AutoTests" name="[40] /home/travis/build/icyphy/ptII/ptolemy/domains/de/test/auto/Modal5.xml (RunModel)" time="0.03" />
  <testcase classname="ptolemy.util.test.junit.AutoTests" name="[41] /home/travis/build/icyphy/ptII/ptolemy/domains/de/test/auto/Modal6.xml (RunModel)" time="0.03" />
  <testcase classname="ptolemy.util.test.junit.AutoTests" name="[42] /home/travis/build/icyphy/ptII/ptolemy/domains/de/test/auto/Modal7.xml (RunModel)" time="0.031" />
  <testcase classname="ptolemy.util.test.junit.AutoTests" name="[43] /home/travis/build/icyphy/ptII/ptolemy/domains/de/test/auto/ModalModel.xml (RunModel)" time="0.18" />
  <testcase classname="ptolemy.util.test.junit.AutoTests" name="[44] /home/travis/build/icyphy/ptII/ptolemy/domains/de/test/auto/ModalSource.xml (RunModel)" time="0.019" />
  <testcase classname="ptolemy.util.test.junit.AutoTests" name="[45] /home/travis/build/icyphy/ptII/ptolemy/domains/de/test/auto/NonInterruptibleTimerZeroDelay.xml (RunModel)" time="0.009" />
  <testcase classname="ptolemy.util.test.junit.AutoTests" name="[46] /home/travis/build/icyphy/ptII/ptolemy/domains/de/test/auto/OpenQueueingNetwork.xml (RunModel)" time="2.428" />
  <testcase classname="ptolemy.util.test.junit.AutoTests" name="[47] /home/travis/build/icyphy/ptII/ptolemy/domains/de/test/auto/OpenQueuingNetwork.xml (RunModel)" time="0.274" />
  <testcase classname="ptolemy.util.test.junit.AutoTests" name="[48] /home/travis/build/icyphy/ptII/ptolemy/domains/de/test/auto/PeriodicSampler.xml (RunModel)" time="0.01" />
  <testcase classname="ptolemy.util.test.junit.AutoTests" name="[49] /home/travis/build/icyphy/ptII/ptolemy/domains/de/test/auto/PersistentIO.xml (RunModel)" time="0.023" />
  <testcase classname="ptolemy.util.test.junit.AutoTests" name="[50] /home/travis/build/icyphy/ptII/ptolemy/domains/de/test/auto/PortParameterResetOnInitialize.xml (RunModel)" time="0.012" />
  <testcase classname="ptolemy.util.test.junit.AutoTests" name="[51] /home/travis/build/icyphy/ptII/ptolemy/domains/de/test/auto/PortParameterUpdates.xml (RunModel)" time="0.013" />
  <testcase classname="ptolemy.util.test.junit.AutoTests" name="[52] /home/travis/build/icyphy/ptII/ptolemy/domains/de/test/auto/QueueAndServer.xml (RunModel)" time="0.02" />
  <testcase classname="ptolemy.util.test.junit.AutoTests" name="[53] /home/travis/build/icyphy/ptII/ptolemy/domains/de/test/auto/Records.xml (RunModel)" time="0.013" />
  <testcase classname="ptolemy.util.test.junit.AutoTests" name="[54] /home/travis/build/icyphy/ptII/ptolemy/domains/de/test/auto/ResetTransitionWithStartTime1.xml (RunModel)" time="0.02" />
  <testcase classname="ptolemy.util.test.junit.AutoTests" name="[55] /home/travis/build/icyphy/ptII/ptolemy/domains/de/test/auto/ResetTransitionWithStartTime2.xml (RunModel)" time="0.025" />
  <testcase classname="ptolemy.util.test.junit.AutoTests" name="[56] /home/travis/build/icyphy/ptII/ptolemy/domains/de/test/auto/ResetTransitionWithStartTime3.xml (RunModel)" time="0.022" />
  <testcase classname="ptolemy.util.test.junit.AutoTests" name="[57] /home/travis/build/icyphy/ptII/ptolemy/domains/de/test/auto/ResetTransitionWithStartTime4.xml (RunModel)" time="0.019" />
  <testcase classname="ptolemy.util.test.junit.AutoTests" name="[58] /home/travis/build/icyphy/ptII/ptolemy/domains/de/test/auto/ResettableTimer1.xml (RunModel)" time="0.015" />
  <testcase classname="ptolemy.util.test.junit.AutoTests" name="[59] /home/travis/build/icyphy/ptII/ptolemy/domains/de/test/auto/ResettableTimer2.xml (RunModel)" time="0.01" />
  <testcase classname="ptolemy.util.test.junit.AutoTests" name="[60] /home/travis/build/icyphy/ptII/ptolemy/domains/de/test/auto/ResettableTimer3.xml (RunModel)" time="0.009" />
  <testcase classname="ptolemy.util.test.junit.AutoTests" name="[61] /home/travis/build/icyphy/ptII/ptolemy/domains/de/test/auto/ResettableTimer4.xml (RunModel)" time="0.01" />
  <testcase classname="ptolemy.util.test.junit.AutoTests" name="[62] /home/travis/build/icyphy/ptII/ptolemy/domains/de/test/auto/ResettableTimer5.xml (RunModel)" time="0.009" />
  <testcase classname="ptolemy.util.test.junit.AutoTests" name="[63] /home/travis/build/icyphy/ptII/ptolemy/domains/de/test/auto/ResettableTimer6.xml (RunModel)" time="0.016" />
  <testcase classname="ptolemy.util.test.junit.AutoTests" name="[64] /home/travis/build/icyphy/ptII/ptolemy/domains/de/test/auto/ServerZeroDelay.xml (RunModel)" time="0.01" />
  <testcase classname="ptolemy.util.test.junit.AutoTests" name="[65] /home/travis/build/icyphy/ptII/ptolemy/domains/de/test/auto/SmartSender.xml (RunModel)" time="3.01" />
  <testcase classname="ptolemy.util.test.junit.AutoTests" name="[66] /home/travis/build/icyphy/ptII/ptolemy/domains/de/test/auto/ThreadedComposite.xml (RunModel)" time="0.221" />
  <testcase classname="ptolemy.util.test.junit.AutoTests" name="[67] /home/travis/build/icyphy/ptII/ptolemy/domains/de/test/auto/Time.xml (RunModel)" time="0.36" />
  <testcase classname="ptolemy.util.test.junit.AutoTests" name="[68] /home/travis/build/icyphy/ptII/ptolemy/domains/de/test/auto/TimeDelayZeroDelay.xml (RunModel)" time="0.018" />
  <testcase classname="ptolemy.util.test.junit.AutoTests" name="[69] /home/travis/build/icyphy/ptII/ptolemy/domains/de/test/auto/TimerZeroDelay.xml (RunModel)" time="0.011" />
  <testcase classname="ptolemy.util.test.junit.AutoTests" name="[70] /home/travis/build/icyphy/ptII/ptolemy/domains/de/test/auto/TimingParadox.xml (RunModel)" time="0.319" />
  <testcase classname="ptolemy.util.test.junit.AutoTests" name="[71] /home/travis/build/icyphy/ptII/ptolemy/domains/de/test/auto/TransferInputs.xml (RunModel)" time="0.015" />
  <testcase classname="ptolemy.util.test.junit.AutoTests" name="[72] /home/travis/build/icyphy/ptII/ptolemy/domains/de/test/auto/TransferOutputs2.xml (RunModel)" time="0.014" />
  <testcase classname="ptolemy.util.test.junit.AutoTests" name="[73] /home/travis/build/icyphy/ptII/ptolemy/domains/de/test/auto/Trilateration.xml (RunModel)" time="10.686" />
  <testcase classname="ptolemy.util.test.junit.AutoTests" name="[74] /home/travis/build/icyphy/ptII/ptolemy/domains/de/test/auto/TwoSigmaDelta.xml (RunModel)" time="1.82" />
  <testcase classname="ptolemy.util.test.junit.AutoTests" name="[75] /home/travis/build/icyphy/ptII/ptolemy/domains/de/test/auto/VariableDelay.xml (RunModel)" time="0.021" />
  <testcase classname="ptolemy.util.test.junit.AutoTests" name="[76] /home/travis/build/icyphy/ptII/ptolemy/domains/de/test/auto/VariableDelay2.xml (RunModel)" time="0.012" />
  <testcase classname="ptolemy.util.test.junit.AutoTests" name="[77] /home/travis/build/icyphy/ptII/ptolemy/domains/de/test/auto/VariableDelayZeroDelay.xml (RunModel)" time="0.019" />
  <testcase classname="ptolemy.util.test.junit.AutoTests" name="[78] /home/travis/build/icyphy/ptII/ptolemy/domains/de/test/auto/VariableDelayZeroDelay2.xml (RunModel)" time="0.024" />
  <testcase classname="ptolemy.util.test.junit.AutoTests" name="[79] /home/travis/build/icyphy/ptII/ptolemy/domains/de/test/auto/deInCt.xml (RunModel)" time="0.036" />
  <testcase classname="ptolemy.util.test.junit.AutoTests" name="[80] /home/travis/build/icyphy/ptII/ptolemy/domains/de/test/auto/deInCt2.xml (RunModel)" time="0.034" />
  <testcase classname="ptolemy.util.test.junit.AutoTests" name="[81] /home/travis/build/icyphy/ptII/ptolemy/domains/de/test/auto/dynamicCausalityInterface1.xml (RunModel)" time="0.042" />
  <testcase classname="ptolemy.util.test.junit.AutoTests" name="[82] /home/travis/build/icyphy/ptII/ptolemy/domains/de/test/auto/fsm_de_test.xml (RunModel)" time="0.031" />
  <testcase classname="ptolemy.util.test.junit.AutoTests" name="[83] /home/travis/build/icyphy/ptII/ptolemy/domains/de/test/auto/functionDependencyReconstruction.xml (RunModel)" time="0.073" />
  <testcase classname="ptolemy.util.test.junit.AutoTests" name="[84] /home/travis/build/icyphy/ptII/ptolemy/domains/de/test/auto/multirate.xml (RunModel)" time="0.039" />
  <testcase classname="ptolemy.util.test.junit.AutoTests" name="[85] /home/travis/build/icyphy/ptII/ptolemy/domains/de/test/auto/multirate2.xml (RunModel)" time="0.03" />
  <testcase classname="ptolemy.util.test.junit.AutoTests" name="[86] /home/travis/build/icyphy/ptII/ptolemy/domains/de/test/auto/realtime.xml (RunModel)" time="10.011" />
  <testcase classname="ptolemy.util.test.junit.AutoTests" name="[87] /home/travis/build/icyphy/ptII/ptolemy/domains/de/test/auto/relationGroup.xml (RunModel)" time="0.015" />
  <testcase classname="ptolemy.util.test.junit.AutoTests" name="[88] /home/travis/build/icyphy/ptII/ptolemy/domains/de/test/auto/relationGroup2.xml (RunModel)" time="0.013" />
  <testcase classname="ptolemy.util.test.junit.AutoTests" name="[89] /home/travis/build/icyphy/ptII/ptolemy/domains/de/test/auto/sortWithOpaquePorts.xml (RunModel)" time="0.013" />
  <testcase classname="ptolemy.util.test.junit.AutoTests" name="[90] /home/travis/build/icyphy/ptII/ptolemy/domains/de/test/auto/transferInputsandOutputs.xml (RunModel)" time="0.016" />
  <testcase classname="ptolemy.util.test.junit.AutoTests" name="[91] /home/travis/build/icyphy/ptII/ptolemy/domains/de/test/auto/triggerType.xml (RunModel)" time="0.009" />
  <system-out><![CDATA[/home/travis/build/icyphy/ptII/ptolemy/domains/de/test/DependencyLoop.tcl
testDefs.tcl: setting time out to 9000 seconds at Fri Sep 04 15:37:24 UTC 2020
76 ms. Memory: 129024K Free: 78278K (61%)
24 ms. Memory: 129024K Free: 60870K (47%)
/home/travis/build/icyphy/ptII/ptolemy/domains/de/test/RunDETestsAsQSS.tcl
Run the DE tests using ptolemy.domains.qss.test.QSSDirectorTest, which extends QSSDirector and prints a message in the constructors.
------------------ testing $PTII/ptolemy/domains/de/test/auto/knownFailedTests/DirectFeedback.xml (Known Failure) 
57 ms. Memory: 129024K Free: 55240K (43%)


==== $PTIIhome/travis/build/icyphy/ptII/ptolemy/domains/de/test/../../../../: Auto Automatic test in file $PTII/ptolemy/domains/de/test/auto/knownFailedTests/DirectFeedback.xml
==== Contents of test case:

	    # FIXME: we should use $relativeFilename here, but it
	    # might have backslashes under Windows, which causes no end
	    # of trouble.
	    createAndExecute $file
	    list {}
	
.... Test generated KNOWN error:
    while executing
ptolemy.kernel.util.IllegalActionException: Test fails in iteration 1.
Value was: 1.0. Should have been: 2.0
  in .DirectFeedback.Test
	at ptolemy.actor.lib.Test.fire(Test.java:268)
	at ptolemy.domains.de.kernel.DEDirector._fire(DEDirector.java:1949)
	at ptolemy.domains.de.kernel.DEDirector.fire(DEDirector.java:502)
	at ptolemy.actor.CompositeActor.fire(CompositeActor.java:455)
	at ptolemy.actor.Manager.iterate(Manager.java:851)
	at ptolemy.actor.Manager.execute(Manager.java:369)
	at ptolemy.actor.Manager.run(Manager.java:1263)
	at ptolemy.actor.Manager$PtolemyRunThread.run(Manager.java:1933)

    while executing
ptolemy.kernel.util.IllegalActionException: Test fails in iteration 1.
Value was: 1.0. Should have been: 2.0
  in .DirectFeedback.Test
    while executing
"java::new ptolemy.moml.MoMLSimpleApplication $file
"
    (procedure "createAndExecute" line 2)
    invoked from within
"createAndExecute $file"
    ("uplevel" body line 5)
    invoked from within
"uplevel $contents_of_test"
------------------ testing $PTII/ptolemy/domains/de/test/auto/knownFailedTests/dependencyLoop.xml (Known Failure) 
25 ms. Memory: 129024K Free: 52168K (40%)


==== $PTIIhome/travis/build/icyphy/ptII/ptolemy/domains/de/test/../../../../: Auto Automatic test in file $PTII/ptolemy/domains/de/test/auto/knownFailedTests/dependencyLoop.xml
==== Contents of test case:

	    # FIXME: we should use $relativeFilename here, but it
	    # might have backslashes under Windows, which causes no end
	    # of trouble.
	    createAndExecute $file
	    list {}
	
.... Test generated KNOWN error:
    while executing
ptolemy.kernel.util.IllegalActionException: Found a zero delay loop containing .dependencyLoop.original
  in .dependencyLoop and .dependencyLoop.original
	at ptolemy.actor.util.CausalityInterfaceForComposites._computeOutputPortDepth(CausalityInterfaceForComposites.java:759)
	at ptolemy.actor.util.CausalityInterfaceForComposites._computeInputDepth(CausalityInterfaceForComposites.java:696)
	at ptolemy.actor.util.CausalityInterfaceForComposites._computeOutputPortDepth(CausalityInterfaceForComposites.java:765)
	at ptolemy.actor.util.CausalityInterfaceForComposites._computeInputDepth(CausalityInterfaceForComposites.java:696)
	at ptolemy.actor.util.CausalityInterfaceForComposites._computeOutputPortDepth(CausalityInterfaceForComposites.java:765)
	at ptolemy.actor.util.CausalityInterfaceForComposites._computeInputDepth(CausalityInterfaceForComposites.java:696)
	at ptolemy.actor.util.CausalityInterfaceForComposites._computeActorDepth(CausalityInterfaceForComposites.java:532)
	at ptolemy.actor.util.CausalityInterfaceForComposites.checkForCycles(CausalityInterfaceForComposites.java:96)
	at ptolemy.domains.de.kernel.DEDirector.preinitialize(DEDirector.java:1338)
	at ptolemy.actor.CompositeActor.preinitialize(CompositeActor.java:1828)
	at ptolemy.actor.Manager.preinitializeAndResolveTypes(Manager.java:1040)
	at ptolemy.actor.Manager.initialize(Manager.java:710)
	at ptolemy.actor.Manager.execute(Manager.java:356)
	at ptolemy.actor.Manager.run(Manager.java:1263)
	at ptolemy.actor.Manager$PtolemyRunThread.run(Manager.java:1933)

    while executing
ptolemy.kernel.util.IllegalActionException: Found a zero delay loop containing .dependencyLoop.original
  in .dependencyLoop and .dependencyLoop.original
    while executing
"java::new ptolemy.moml.MoMLSimpleApplication $file
"
    (procedure "createAndExecute" line 2)
    invoked from within
"createAndExecute $file"
    ("uplevel" body line 5)
    invoked from within
"uplevel $contents_of_test"
------------------ testing $PTII/ptolemy/domains/de/test/auto/knownFailedTests/FSMSource.xml (Known Failure) 
58 ms. Memory: 129024K Free: 111337K (86%)
!!!! Auto was marked as failing, but now passes
------------------ testing $PTII/ptolemy/domains/de/test/auto/knownFailedTests/HierarchicalModel.xml (Known Failure) 
15 ms. Memory: 129024K Free: 93891K (73%)


==== $PTIIhome/travis/build/icyphy/ptII/ptolemy/domains/de/test/../../../../: Auto Automatic test in file $PTII/ptolemy/domains/de/test/auto/knownFailedTests/HierarchicalModel.xml
==== Contents of test case:

	    # FIXME: we should use $relativeFilename here, but it
	    # might have backslashes under Windows, which causes no end
	    # of trouble.
	    createAndExecute $file
	    list {}
	
.... Test generated KNOWN error:
    while executing
ptolemy.kernel.util.IllegalActionException: Found a zero delay loop containing .HierarchicalModel.A
  in .HierarchicalModel and .HierarchicalModel.A
	at ptolemy.actor.util.CausalityInterfaceForComposites._computeOutputPortDepth(CausalityInterfaceForComposites.java:759)
	at ptolemy.actor.util.CausalityInterfaceForComposites._computeInputDepth(CausalityInterfaceForComposites.java:696)
	at ptolemy.actor.util.CausalityInterfaceForComposites._computeOutputPortDepth(CausalityInterfaceForComposites.java:765)
	at ptolemy.actor.util.CausalityInterfaceForComposites._computeInputDepth(CausalityInterfaceForComposites.java:696)
	at ptolemy.actor.util.CausalityInterfaceForComposites._computeOutputPortDepth(CausalityInterfaceForComposites.java:765)
	at ptolemy.actor.util.CausalityInterfaceForComposites._computeInputDepth(CausalityInterfaceForComposites.java:696)
	at ptolemy.actor.util.CausalityInterfaceForComposites._computeActorDepth(CausalityInterfaceForComposites.java:532)
	at ptolemy.actor.util.CausalityInterfaceForComposites.checkForCycles(CausalityInterfaceForComposites.java:96)
	at ptolemy.domains.de.kernel.DEDirector.preinitialize(DEDirector.java:1338)
	at ptolemy.actor.CompositeActor.preinitialize(CompositeActor.java:1828)
	at ptolemy.actor.Manager.preinitializeAndResolveTypes(Manager.java:1040)
	at ptolemy.actor.Manager.initialize(Manager.java:710)
	at ptolemy.actor.Manager.execute(Manager.java:356)
	at ptolemy.actor.Manager.run(Manager.java:1263)
	at ptolemy.actor.Manager$PtolemyRunThread.run(Manager.java:1933)

    while executing
ptolemy.kernel.util.IllegalActionException: Found a zero delay loop containing .HierarchicalModel.A
  in .HierarchicalModel and .HierarchicalModel.A
    while executing
"java::new ptolemy.moml.MoMLSimpleApplication $file
"
    (procedure "createAndExecute" line 2)
    invoked from within
"createAndExecute $file"
    ("uplevel" body line 5)
    invoked from within
"uplevel $contents_of_test"
------------------ testing $PTII/ptolemy/domains/de/test/auto/knownFailedTests/dependencyLoop2.xml (Known Failure) 
12 ms. Memory: 129024K Free: 77523K (60%)


==== $PTIIhome/travis/build/icyphy/ptII/ptolemy/domains/de/test/../../../../: Auto Automatic test in file $PTII/ptolemy/domains/de/test/auto/knownFailedTests/dependencyLoop2.xml
==== Contents of test case:

	    # FIXME: we should use $relativeFilename here, but it
	    # might have backslashes under Windows, which causes no end
	    # of trouble.
	    createAndExecute $file
	    list {}
	
.... Test generated KNOWN error:
    while executing
ptolemy.kernel.util.IllegalActionException: Found a zero delay loop containing .dependencyLoop2.original
  in .dependencyLoop2 and .dependencyLoop2.original
	at ptolemy.actor.util.CausalityInterfaceForComposites._computeOutputPortDepth(CausalityInterfaceForComposites.java:759)
	at ptolemy.actor.util.CausalityInterfaceForComposites._computeInputDepth(CausalityInterfaceForComposites.java:696)
	at ptolemy.actor.util.CausalityInterfaceForComposites._computeOutputPortDepth(CausalityInterfaceForComposites.java:765)
	at ptolemy.actor.util.CausalityInterfaceForComposites._computeInputDepth(CausalityInterfaceForComposites.java:696)
	at ptolemy.actor.util.CausalityInterfaceForComposites._computeOutputPortDepth(CausalityInterfaceForComposites.java:765)
	at ptolemy.actor.util.CausalityInterfaceForComposites._computeInputDepth(CausalityInterfaceForComposites.java:696)
	at ptolemy.actor.util.CausalityInterfaceForComposites._computeActorDepth(CausalityInterfaceForComposites.java:532)
	at ptolemy.actor.util.CausalityInterfaceForComposites.checkForCycles(CausalityInterfaceForComposites.java:96)
	at ptolemy.domains.de.kernel.DEDirector.preinitialize(DEDirector.java:1338)
	at ptolemy.actor.CompositeActor.preinitialize(CompositeActor.java:1828)
	at ptolemy.actor.Manager.preinitializeAndResolveTypes(Manager.java:1040)
	at ptolemy.actor.Manager.initialize(Manager.java:710)
	at ptolemy.actor.Manager.execute(Manager.java:356)
	at ptolemy.actor.Manager.run(Manager.java:1263)
	at ptolemy.actor.Manager$PtolemyRunThread.run(Manager.java:1933)

    while executing
ptolemy.kernel.util.IllegalActionException: Found a zero delay loop containing .dependencyLoop2.original
  in .dependencyLoop2 and .dependencyLoop2.original
    while executing
"java::new ptolemy.moml.MoMLSimpleApplication $file
"
    (procedure "createAndExecute" line 2)
    invoked from within
"createAndExecute $file"
    ("uplevel" body line 5)
    invoked from within
"uplevel $contents_of_test"
------------------ testing $PTII/ptolemy/domains/de/test/auto/knownFailedTests/DESDFClockTest.xml (Known Failure) 
2039 ms. Memory: 129024K Free: 106331K (82%)


==== $PTIIhome/travis/build/icyphy/ptII/ptolemy/domains/de/test/../../../../: Auto Automatic test in file $PTII/ptolemy/domains/de/test/auto/knownFailedTests/DESDFClockTest.xml
==== Contents of test case:

	    # FIXME: we should use $relativeFilename here, but it
	    # might have backslashes under Windows, which causes no end
	    # of trouble.
	    createAndExecute $file
	    list {}
	
.... Test generated KNOWN error:
    while executing
ptolemy.kernel.util.IllegalActionException: Actor is not ready to fire.  Perhaps UpSample.prefire() returned false? Try debugging the actor by selecting "Listen to Actor".  Also, for SDF check moml for tokenConsumptionRate on input.
  in .DESDFClockTest.Play Bell.Copy1:SDF Director and .DESDFClockTest.Play Bell.UpSample
	at ptolemy.actor.sched.StaticSchedulingDirector.fire(StaticSchedulingDirector.java:227)
	at ptolemy.domains.sdf.kernel.SDFDirector.fire(SDFDirector.java:500)
	at ptolemy.actor.CompositeActor.fire(CompositeActor.java:455)
	at ptolemy.domains.de.kernel.DEDirector._fire(DEDirector.java:1949)
	at ptolemy.domains.de.kernel.DEDirector.fire(DEDirector.java:502)
	at ptolemy.actor.CompositeActor.fire(CompositeActor.java:455)
	at ptolemy.actor.Manager.iterate(Manager.java:851)
	at ptolemy.actor.Manager.execute(Manager.java:369)
	at ptolemy.actor.Manager.run(Manager.java:1263)
	at ptolemy.actor.Manager$PtolemyRunThread.run(Manager.java:1933)

    while executing
ptolemy.kernel.util.IllegalActionException: Actor is not ready to fire.  Perhaps UpSample.prefire() returned false? Try debugging the actor by selecting "Listen to Actor".  Also, for SDF check moml for tokenConsumptionRate on input.
  in .DESDFClockTest.Play Bell.Copy1:SDF Director and .DESDFClockTest.Play Bell.UpSample
    while executing
"java::new ptolemy.moml.MoMLSimpleApplication $file
"
    (procedure "createAndExecute" line 2)
    invoked from within
"createAndExecute $file"
    ("uplevel" body line 5)
    invoked from within
"uplevel $contents_of_test"
------------------ testing $PTII/ptolemy/domains/de/test/auto/ActorDepthCalculation_actorWithoutPorts.xml
auto.tcl: Setting watchdog for 200 seconds at Fri Sep 04 15:37:28 UTC 2020
8 ms. Memory: 129024K Free: 98635K (76%)
ptolemy.util.test.WatchDog.cancel(): canceling Fri Sep 04 15:37:28 UTC 2020
auto.tcl: Setting watchdog for 200 seconds at Fri Sep 04 15:37:28 UTC 2020
5 ms. Memory: 129024K Free: 97115K (75%)
ptolemy.util.test.WatchDog.cancel(): canceling Fri Sep 04 15:37:28 UTC 2020
------------------ testing $PTII/ptolemy/domains/de/test/auto/AssemblyLine.xml
auto.tcl: Setting watchdog for 200 seconds at Fri Sep 04 15:37:29 UTC 2020
7 ms. Memory: 55296K Free: 31560K (57%)
ptolemy.util.test.WatchDog.cancel(): canceling Fri Sep 04 15:37:29 UTC 2020
auto.tcl: Setting watchdog for 200 seconds at Fri Sep 04 15:37:29 UTC 2020
15 ms. Memory: 55296K Free: 31048K (56%)
ptolemy.util.test.WatchDog.cancel(): canceling Fri Sep 04 15:37:29 UTC 2020
------------------ testing $PTII/ptolemy/domains/de/test/auto/CQBug1.xml
auto.tcl: Setting watchdog for 200 seconds at Fri Sep 04 15:37:29 UTC 2020
11 ms. Memory: 55296K Free: 37918K (69%)
ptolemy.util.test.WatchDog.cancel(): canceling Fri Sep 04 15:37:29 UTC 2020
auto.tcl: Setting watchdog for 200 seconds at Fri Sep 04 15:37:29 UTC 2020
2 ms. Memory: 55296K Free: 37411K (68%)
ptolemy.util.test.WatchDog.cancel(): canceling Fri Sep 04 15:37:29 UTC 2020
------------------ testing $PTII/ptolemy/domains/de/test/auto/CancelFireAt.xml
auto.tcl: Setting watchdog for 200 seconds at Fri Sep 04 15:37:29 UTC 2020
2 ms. Memory: 51200K Free: 34727K (68%)
ptolemy.util.test.WatchDog.cancel(): canceling Fri Sep 04 15:37:29 UTC 2020
auto.tcl: Setting watchdog for 200 seconds at Fri Sep 04 15:37:29 UTC 2020
2 ms. Memory: 51200K Free: 34226K (67%)
ptolemy.util.test.WatchDog.cancel(): canceling Fri Sep 04 15:37:29 UTC 2020
------------------ testing $PTII/ptolemy/domains/de/test/auto/CausalityAndComposabilityAnalysis.xml
auto.tcl: Setting watchdog for 200 seconds at Fri Sep 04 15:37:29 UTC 2020
9 ms. Memory: 51200K Free: 32416K (63%)
ptolemy.util.test.WatchDog.cancel(): canceling Fri Sep 04 15:37:29 UTC 2020
auto.tcl: Setting watchdog for 200 seconds at Fri Sep 04 15:37:29 UTC 2020
4 ms. Memory: 51200K Free: 31952K (62%)
ptolemy.util.test.WatchDog.cancel(): canceling Fri Sep 04 15:37:29 UTC 2020
------------------ testing $PTII/ptolemy/domains/de/test/auto/CausalityInterface1.xml
auto.tcl: Setting watchdog for 200 seconds at Fri Sep 04 15:37:29 UTC 2020
23 ms. Memory: 51200K Free: 31377K (61%)
ptolemy.util.test.WatchDog.cancel(): canceling Fri Sep 04 15:37:29 UTC 2020
auto.tcl: Setting watchdog for 200 seconds at Fri Sep 04 15:37:29 UTC 2020
4 ms. Memory: 51200K Free: 30414K (59%)
ptolemy.util.test.WatchDog.cancel(): canceling Fri Sep 04 15:37:29 UTC 2020
------------------ testing $PTII/ptolemy/domains/de/test/auto/CausalityInterface15.xml
auto.tcl: Setting watchdog for 200 seconds at Fri Sep 04 15:37:29 UTC 2020
11 ms. Memory: 51200K Free: 31555K (62%)
ptolemy.util.test.WatchDog.cancel(): canceling Fri Sep 04 15:37:29 UTC 2020
auto.tcl: Setting watchdog for 200 seconds at Fri Sep 04 15:37:29 UTC 2020
7 ms. Memory: 51200K Free: 30364K (59%)
ptolemy.util.test.WatchDog.cancel(): canceling Fri Sep 04 15:37:29 UTC 2020
------------------ testing $PTII/ptolemy/domains/de/test/auto/CausalityInterface2.xml
auto.tcl: Setting watchdog for 200 seconds at Fri Sep 04 15:37:29 UTC 2020
4 ms. Memory: 51200K Free: 32004K (63%)
ptolemy.util.test.WatchDog.cancel(): canceling Fri Sep 04 15:37:29 UTC 2020
auto.tcl: Setting watchdog for 200 seconds at Fri Sep 04 15:37:29 UTC 2020
3 ms. Memory: 51200K Free: 31334K (61%)
ptolemy.util.test.WatchDog.cancel(): canceling Fri Sep 04 15:37:29 UTC 2020
------------------ testing $PTII/ptolemy/domains/de/test/auto/CausalityInterface3.xml
auto.tcl: Setting watchdog for 200 seconds at Fri Sep 04 15:37:29 UTC 2020
6 ms. Memory: 51200K Free: 31441K (61%)
ptolemy.util.test.WatchDog.cancel(): canceling Fri Sep 04 15:37:29 UTC 2020
auto.tcl: Setting watchdog for 200 seconds at Fri Sep 04 15:37:29 UTC 2020
3 ms. Memory: 51200K Free: 30958K (60%)
ptolemy.util.test.WatchDog.cancel(): canceling Fri Sep 04 15:37:29 UTC 2020
------------------ testing $PTII/ptolemy/domains/de/test/auto/ClockDrift.xml
auto.tcl: Setting watchdog for 200 seconds at Fri Sep 04 15:37:29 UTC 2020
84 ms. Memory: 51200K Free: 24143K (47%)
ptolemy.util.test.WatchDog.cancel(): canceling Fri Sep 04 15:37:29 UTC 2020
auto.tcl: Setting watchdog for 200 seconds at Fri Sep 04 15:37:29 UTC 2020
51 ms. Memory: 51200K Free: 21132K (41%)
ptolemy.util.test.WatchDog.cancel(): canceling Fri Sep 04 15:37:29 UTC 2020
------------------ testing $PTII/ptolemy/domains/de/test/auto/ClockDriftAndValueChange.xml
auto.tcl: Setting watchdog for 200 seconds at Fri Sep 04 15:37:30 UTC 2020
22 ms. Memory: 51200K Free: 24500K (48%)
ptolemy.util.test.WatchDog.cancel(): canceling Fri Sep 04 15:37:30 UTC 2020
auto.tcl: Setting watchdog for 200 seconds at Fri Sep 04 15:37:30 UTC 2020
19 ms. Memory: 51200K Free: 21428K (42%)
ptolemy.util.test.WatchDog.cancel(): canceling Fri Sep 04 15:37:30 UTC 2020
------------------ testing $PTII/ptolemy/domains/de/test/auto/ClockDriftChange.xml
auto.tcl: Setting watchdog for 200 seconds at Fri Sep 04 15:37:30 UTC 2020
20 ms. Memory: 51200K Free: 26036K (51%)
ptolemy.util.test.WatchDog.cancel(): canceling Fri Sep 04 15:37:30 UTC 2020
auto.tcl: Setting watchdog for 200 seconds at Fri Sep 04 15:37:30 UTC 2020
18 ms. Memory: 51200K Free: 23478K (46%)
ptolemy.util.test.WatchDog.cancel(): canceling Fri Sep 04 15:37:30 UTC 2020
------------------ testing $PTII/ptolemy/domains/de/test/auto/ComposableCausalityAnalysis.xml
auto.tcl: Setting watchdog for 200 seconds at Fri Sep 04 15:37:30 UTC 2020
2 ms. Memory: 51200K Free: 30804K (60%)
ptolemy.util.test.WatchDog.cancel(): canceling Fri Sep 04 15:37:30 UTC 2020
auto.tcl: Setting watchdog for 200 seconds at Fri Sep 04 15:37:30 UTC 2020
4 ms. Memory: 51200K Free: 29834K (58%)
ptolemy.util.test.WatchDog.cancel(): canceling Fri Sep 04 15:37:30 UTC 2020
------------------ testing $PTII/ptolemy/domains/de/test/auto/DEFixedPointLimitation.xml
auto.tcl: Setting watchdog for 200 seconds at Fri Sep 04 15:37:30 UTC 2020
2 ms. Memory: 51200K Free: 32220K (63%)
ptolemy.util.test.WatchDog.cancel(): canceling Fri Sep 04 15:37:30 UTC 2020
auto.tcl: Setting watchdog for 200 seconds at Fri Sep 04 15:37:30 UTC 2020
1 ms. Memory: 51200K Free: 31360K (61%)
ptolemy.util.test.WatchDog.cancel(): canceling Fri Sep 04 15:37:30 UTC 2020
------------------ testing $PTII/ptolemy/domains/de/test/auto/DEScheduleTest.xml
auto.tcl: Setting watchdog for 200 seconds at Fri Sep 04 15:37:30 UTC 2020
4 ms. Memory: 51200K Free: 32579K (64%)
ptolemy.util.test.WatchDog.cancel(): canceling Fri Sep 04 15:37:30 UTC 2020
auto.tcl: Setting watchdog for 200 seconds at Fri Sep 04 15:37:30 UTC 2020
3 ms. Memory: 51200K Free: 31823K (62%)
ptolemy.util.test.WatchDog.cancel(): canceling Fri Sep 04 15:37:30 UTC 2020
------------------ testing $PTII/ptolemy/domains/de/test/auto/DEinDEwithStartTimes.xml
auto.tcl: Setting watchdog for 200 seconds at Fri Sep 04 15:37:30 UTC 2020
7 ms. Memory: 51200K Free: 30749K (60%)
ptolemy.util.test.WatchDog.cancel(): canceling Fri Sep 04 15:37:30 UTC 2020
auto.tcl: Setting watchdog for 200 seconds at Fri Sep 04 15:37:30 UTC 2020
5 ms. Memory: 51200K Free: 29725K (58%)
ptolemy.util.test.WatchDog.cancel(): canceling Fri Sep 04 15:37:30 UTC 2020
------------------ testing $PTII/ptolemy/domains/de/test/auto/DEinDEwithStartTimes2.xml
auto.tcl: Setting watchdog for 200 seconds at Fri Sep 04 15:37:30 UTC 2020
7 ms. Memory: 51200K Free: 29912K (58%)
ptolemy.util.test.WatchDog.cancel(): canceling Fri Sep 04 15:37:30 UTC 2020
auto.tcl: Setting watchdog for 200 seconds at Fri Sep 04 15:37:30 UTC 2020
3 ms. Memory: 51200K Free: 28832K (56%)
ptolemy.util.test.WatchDog.cancel(): canceling Fri Sep 04 15:37:30 UTC 2020
------------------ testing $PTII/ptolemy/domains/de/test/auto/DateDemo.xml
auto.tcl: Setting watchdog for 200 seconds at Fri Sep 04 15:37:30 UTC 2020
19 ms. Memory: 51200K Free: 24025K (47%)
ptolemy.util.test.WatchDog.cancel(): canceling Fri Sep 04 15:37:30 UTC 2020
auto.tcl: Setting watchdog for 200 seconds at Fri Sep 04 15:37:30 UTC 2020
8 ms. Memory: 51200K Free: 22647K (44%)
ptolemy.util.test.WatchDog.cancel(): canceling Fri Sep 04 15:37:30 UTC 2020
------------------ testing $PTII/ptolemy/domains/de/test/auto/DateToEvent.xml
auto.tcl: Setting watchdog for 200 seconds at Fri Sep 04 15:37:30 UTC 2020
2014 ms. Memory: 51200K Free: 20244K (40%)
ptolemy.util.test.WatchDog.cancel(): canceling Fri Sep 04 15:37:32 UTC 2020
auto.tcl: Setting watchdog for 200 seconds at Fri Sep 04 15:37:32 UTC 2020
2004 ms. Memory: 51200K Free: 19399K (38%)
ptolemy.util.test.WatchDog.cancel(): canceling Fri Sep 04 15:37:34 UTC 2020
------------------ testing $PTII/ptolemy/domains/de/test/auto/DepthTest1.xml
auto.tcl: Setting watchdog for 200 seconds at Fri Sep 04 15:37:34 UTC 2020
3 ms. Memory: 51200K Free: 33834K (66%)
ptolemy.util.test.WatchDog.cancel(): canceling Fri Sep 04 15:37:34 UTC 2020
auto.tcl: Setting watchdog for 200 seconds at Fri Sep 04 15:37:34 UTC 2020
2 ms. Memory: 51200K Free: 32908K (64%)
ptolemy.util.test.WatchDog.cancel(): canceling Fri Sep 04 15:37:34 UTC 2020
------------------ testing $PTII/ptolemy/domains/de/test/auto/DepthTest2.xml
auto.tcl: Setting watchdog for 200 seconds at Fri Sep 04 15:37:35 UTC 2020
4 ms. Memory: 51200K Free: 30201K (59%)
ptolemy.util.test.WatchDog.cancel(): canceling Fri Sep 04 15:37:35 UTC 2020
auto.tcl: Setting watchdog for 200 seconds at Fri Sep 04 15:37:35 UTC 2020
2 ms. Memory: 51200K Free: 29768K (58%)
ptolemy.util.test.WatchDog.cancel(): canceling Fri Sep 04 15:37:35 UTC 2020
------------------ testing $PTII/ptolemy/domains/de/test/auto/DepthTest3.xml
auto.tcl: Setting watchdog for 200 seconds at Fri Sep 04 15:37:35 UTC 2020
7 ms. Memory: 51200K Free: 33757K (66%)
ptolemy.util.test.WatchDog.cancel(): canceling Fri Sep 04 15:37:35 UTC 2020
auto.tcl: Setting watchdog for 200 seconds at Fri Sep 04 15:37:35 UTC 2020
2 ms. Memory: 51200K Free: 33271K (65%)
ptolemy.util.test.WatchDog.cancel(): canceling Fri Sep 04 15:37:35 UTC 2020
------------------ testing $PTII/ptolemy/domains/de/test/auto/DepthTest4.xml
auto.tcl: Setting watchdog for 200 seconds at Fri Sep 04 15:37:35 UTC 2020
3 ms. Memory: 51200K Free: 31968K (62%)
ptolemy.util.test.WatchDog.cancel(): canceling Fri Sep 04 15:37:35 UTC 2020
auto.tcl: Setting watchdog for 200 seconds at Fri Sep 04 15:37:35 UTC 2020
2 ms. Memory: 51200K Free: 31290K (61%)
ptolemy.util.test.WatchDog.cancel(): canceling Fri Sep 04 15:37:35 UTC 2020
------------------ testing $PTII/ptolemy/domains/de/test/auto/DepthTest5.xml
auto.tcl: Setting watchdog for 200 seconds at Fri Sep 04 15:37:35 UTC 2020
4 ms. Memory: 51200K Free: 31417K (61%)
ptolemy.util.test.WatchDog.cancel(): canceling Fri Sep 04 15:37:35 UTC 2020
auto.tcl: Setting watchdog for 200 seconds at Fri Sep 04 15:37:35 UTC 2020
2 ms. Memory: 51200K Free: 30681K (60%)
ptolemy.util.test.WatchDog.cancel(): canceling Fri Sep 04 15:37:35 UTC 2020
------------------ testing $PTII/ptolemy/domains/de/test/auto/DepthTest6.xml
auto.tcl: Setting watchdog for 200 seconds at Fri Sep 04 15:37:35 UTC 2020
3 ms. Memory: 51200K Free: 30860K (60%)
ptolemy.util.test.WatchDog.cancel(): canceling Fri Sep 04 15:37:35 UTC 2020
auto.tcl: Setting watchdog for 200 seconds at Fri Sep 04 15:37:35 UTC 2020
2 ms. Memory: 51200K Free: 30193K (59%)
ptolemy.util.test.WatchDog.cancel(): canceling Fri Sep 04 15:37:35 UTC 2020
------------------ testing $PTII/ptolemy/domains/de/test/auto/DepthTest7.xml
auto.tcl: Setting watchdog for 200 seconds at Fri Sep 04 15:37:35 UTC 2020
3 ms. Memory: 51200K Free: 31887K (62%)
ptolemy.util.test.WatchDog.cancel(): canceling Fri Sep 04 15:37:35 UTC 2020
auto.tcl: Setting watchdog for 200 seconds at Fri Sep 04 15:37:35 UTC 2020
2 ms. Memory: 51200K Free: 31228K (61%)
ptolemy.util.test.WatchDog.cancel(): canceling Fri Sep 04 15:37:35 UTC 2020
------------------ testing $PTII/ptolemy/domains/de/test/auto/EventToDate.xml
auto.tcl: Setting watchdog for 200 seconds at Fri Sep 04 15:37:35 UTC 2020
3009 ms. Memory: 51200K Free: 22708K (44%)
ptolemy.util.test.WatchDog.cancel(): canceling Fri Sep 04 15:37:38 UTC 2020
auto.tcl: Setting watchdog for 200 seconds at Fri Sep 04 15:37:38 UTC 2020
3004 ms. Memory: 51200K Free: 22050K (43%)
ptolemy.util.test.WatchDog.cancel(): canceling Fri Sep 04 15:37:41 UTC 2020
------------------ testing $PTII/ptolemy/domains/de/test/auto/FSM1.xml
auto.tcl: Setting watchdog for 200 seconds at Fri Sep 04 15:37:41 UTC 2020
20 ms. Memory: 51200K Free: 23382K (46%)
ptolemy.util.test.WatchDog.cancel(): canceling Fri Sep 04 15:37:41 UTC 2020
auto.tcl: Setting watchdog for 200 seconds at Fri Sep 04 15:37:41 UTC 2020
26 ms. Memory: 51200K Free: 20262K (40%)
ptolemy.util.test.WatchDog.cancel(): canceling Fri Sep 04 15:37:41 UTC 2020
------------------ testing $PTII/ptolemy/domains/de/test/auto/FSM7.xml
auto.tcl: Setting watchdog for 200 seconds at Fri Sep 04 15:37:41 UTC 2020
16 ms. Memory: 51200K Free: 23874K (47%)
ptolemy.util.test.WatchDog.cancel(): canceling Fri Sep 04 15:37:41 UTC 2020
auto.tcl: Setting watchdog for 200 seconds at Fri Sep 04 15:37:41 UTC 2020
13 ms. Memory: 51200K Free: 20466K (40%)
ptolemy.util.test.WatchDog.cancel(): canceling Fri Sep 04 15:37:41 UTC 2020
------------------ testing $PTII/ptolemy/domains/de/test/auto/Inspection.xml
auto.tcl: Setting watchdog for 200 seconds at Fri Sep 04 15:37:41 UTC 2020
37 ms. Memory: 51200K Free: 23643K (46%)
ptolemy.util.test.WatchDog.cancel(): canceling Fri Sep 04 15:37:41 UTC 2020
auto.tcl: Setting watchdog for 200 seconds at Fri Sep 04 15:37:41 UTC 2020
30 ms. Memory: 51200K Free: 21949K (43%)
ptolemy.util.test.WatchDog.cancel(): canceling Fri Sep 04 15:37:41 UTC 2020
------------------ testing $PTII/ptolemy/domains/de/test/auto/Iteration.xml
auto.tcl: Setting watchdog for 200 seconds at Fri Sep 04 15:37:41 UTC 2020
11 ms. Memory: 51200K Free: 29190K (57%)
ptolemy.util.test.WatchDog.cancel(): canceling Fri Sep 04 15:37:41 UTC 2020
auto.tcl: Setting watchdog for 200 seconds at Fri Sep 04 15:37:41 UTC 2020
6 ms. Memory: 51200K Free: 28007K (55%)
ptolemy.util.test.WatchDog.cancel(): canceling Fri Sep 04 15:37:41 UTC 2020
------------------ testing $PTII/ptolemy/domains/de/test/auto/LineFault.xml
auto.tcl: Setting watchdog for 200 seconds at Fri Sep 04 15:37:42 UTC 2020
622 ms. Memory: 62464K Free: 43136K (69%)
ptolemy.util.test.WatchDog.cancel(): canceling Fri Sep 04 15:37:42 UTC 2020
auto.tcl: Setting watchdog for 200 seconds at Fri Sep 04 15:37:42 UTC 2020
501 ms. Memory: 62464K Free: 17485K (28%)
ptolemy.util.test.WatchDog.cancel(): canceling Fri Sep 04 15:37:43 UTC 2020
------------------ testing $PTII/ptolemy/domains/de/test/auto/MergeModel1Add.xml
auto.tcl: Setting watchdog for 200 seconds at Fri Sep 04 15:37:43 UTC 2020
33 ms. Memory: 58368K Free: 22550K (39%)
ptolemy.util.test.WatchDog.cancel(): canceling Fri Sep 04 15:37:43 UTC 2020
auto.tcl: Setting watchdog for 200 seconds at Fri Sep 04 15:37:43 UTC 2020
11 ms. Memory: 58368K Free: 20812K (36%)
ptolemy.util.test.WatchDog.cancel(): canceling Fri Sep 04 15:37:43 UTC 2020
------------------ testing $PTII/ptolemy/domains/de/test/auto/MergeModel2Add.xml
auto.tcl: Setting watchdog for 200 seconds at Fri Sep 04 15:37:43 UTC 2020
11 ms. Memory: 51200K Free: 17424K (34%)
ptolemy.util.test.WatchDog.cancel(): canceling Fri Sep 04 15:37:43 UTC 2020
auto.tcl: Setting watchdog for 200 seconds at Fri Sep 04 15:37:43 UTC 2020
10 ms. Memory: 51200K Free: 15971K (31%)
ptolemy.util.test.WatchDog.cancel(): canceling Fri Sep 04 15:37:43 UTC 2020
------------------ testing $PTII/ptolemy/domains/de/test/auto/MergeModel3Add.xml
auto.tcl: Setting watchdog for 200 seconds at Fri Sep 04 15:37:43 UTC 2020
7 ms. Memory: 51200K Free: 17453K (34%)
ptolemy.util.test.WatchDog.cancel(): canceling Fri Sep 04 15:37:43 UTC 2020
auto.tcl: Setting watchdog for 200 seconds at Fri Sep 04 15:37:43 UTC 2020
8 ms. Memory: 51200K Free: 16060K (31%)
ptolemy.util.test.WatchDog.cancel(): canceling Fri Sep 04 15:37:43 UTC 2020
------------------ testing $PTII/ptolemy/domains/de/test/auto/MergeWithoutDiscard.xml
auto.tcl: Setting watchdog for 200 seconds at Fri Sep 04 15:37:43 UTC 2020
2 ms. Memory: 51200K Free: 32352K (63%)
ptolemy.util.test.WatchDog.cancel(): canceling Fri Sep 04 15:37:43 UTC 2020
auto.tcl: Setting watchdog for 200 seconds at Fri Sep 04 15:37:43 UTC 2020
2 ms. Memory: 51200K Free: 31868K (62%)
ptolemy.util.test.WatchDog.cancel(): canceling Fri Sep 04 15:37:43 UTC 2020
------------------ testing $PTII/ptolemy/domains/de/test/auto/Modal1.xml
auto.tcl: Setting watchdog for 200 seconds at Fri Sep 04 15:37:43 UTC 2020
17 ms. Memory: 51200K Free: 23942K (47%)
ptolemy.util.test.WatchDog.cancel(): canceling Fri Sep 04 15:37:43 UTC 2020
auto.tcl: Setting watchdog for 200 seconds at Fri Sep 04 15:37:43 UTC 2020
16 ms. Memory: 51200K Free: 20466K (40%)
ptolemy.util.test.WatchDog.cancel(): canceling Fri Sep 04 15:37:44 UTC 2020
------------------ testing $PTII/ptolemy/domains/de/test/auto/Modal2.xml
auto.tcl: Setting watchdog for 200 seconds at Fri Sep 04 15:37:44 UTC 2020
12 ms. Memory: 51200K Free: 24348K (48%)
ptolemy.util.test.WatchDog.cancel(): canceling Fri Sep 04 15:37:44 UTC 2020
auto.tcl: Setting watchdog for 200 seconds at Fri Sep 04 15:37:44 UTC 2020
11 ms. Memory: 51200K Free: 20818K (41%)
ptolemy.util.test.WatchDog.cancel(): canceling Fri Sep 04 15:37:44 UTC 2020
------------------ testing $PTII/ptolemy/domains/de/test/auto/Modal3.xml
auto.tcl: Setting watchdog for 200 seconds at Fri Sep 04 15:37:44 UTC 2020
21 ms. Memory: 51200K Free: 23743K (46%)
ptolemy.util.test.WatchDog.cancel(): canceling Fri Sep 04 15:37:44 UTC 2020
auto.tcl: Setting watchdog for 200 seconds at Fri Sep 04 15:37:44 UTC 2020
15 ms. Memory: 51200K Free: 20815K (41%)
ptolemy.util.test.WatchDog.cancel(): canceling Fri Sep 04 15:37:44 UTC 2020
------------------ testing $PTII/ptolemy/domains/de/test/auto/Modal4.xml
auto.tcl: Setting watchdog for 200 seconds at Fri Sep 04 15:37:44 UTC 2020
24 ms. Memory: 51200K Free: 23040K (45%)
ptolemy.util.test.WatchDog.cancel(): canceling Fri Sep 04 15:37:44 UTC 2020
auto.tcl: Setting watchdog for 200 seconds at Fri Sep 04 15:37:44 UTC 2020
21 ms. Memory: 51200K Free: 19308K (38%)
ptolemy.util.test.WatchDog.cancel(): canceling Fri Sep 04 15:37:44 UTC 2020
------------------ testing $PTII/ptolemy/domains/de/test/auto/Modal5.xml
auto.tcl: Setting watchdog for 200 seconds at Fri Sep 04 15:37:44 UTC 2020
26 ms. Memory: 51200K Free: 23027K (45%)
ptolemy.util.test.WatchDog.cancel(): canceling Fri Sep 04 15:37:44 UTC 2020
auto.tcl: Setting watchdog for 200 seconds at Fri Sep 04 15:37:44 UTC 2020
14 ms. Memory: 51200K Free: 19348K (38%)
ptolemy.util.test.WatchDog.cancel(): canceling Fri Sep 04 15:37:44 UTC 2020
------------------ testing $PTII/ptolemy/domains/de/test/auto/Modal6.xml
auto.tcl: Setting watchdog for 200 seconds at Fri Sep 04 15:37:44 UTC 2020
14 ms. Memory: 51200K Free: 24049K (47%)
ptolemy.util.test.WatchDog.cancel(): canceling Fri Sep 04 15:37:44 UTC 2020
auto.tcl: Setting watchdog for 200 seconds at Fri Sep 04 15:37:44 UTC 2020
14 ms. Memory: 51200K Free: 19796K (39%)
ptolemy.util.test.WatchDog.cancel(): canceling Fri Sep 04 15:37:44 UTC 2020
------------------ testing $PTII/ptolemy/domains/de/test/auto/Modal7.xml
auto.tcl: Setting watchdog for 200 seconds at Fri Sep 04 15:37:44 UTC 2020
15 ms. Memory: 51200K Free: 22996K (45%)
ptolemy.util.test.WatchDog.cancel(): canceling Fri Sep 04 15:37:44 UTC 2020
auto.tcl: Setting watchdog for 200 seconds at Fri Sep 04 15:37:44 UTC 2020
13 ms. Memory: 51200K Free: 19333K (38%)
ptolemy.util.test.WatchDog.cancel(): canceling Fri Sep 04 15:37:44 UTC 2020
------------------ testing $PTII/ptolemy/domains/de/test/auto/ModalModel.xml
auto.tcl: Setting watchdog for 200 seconds at Fri Sep 04 15:37:44 UTC 2020
210 ms. Memory: 51200K Free: 18379K (36%)
ptolemy.util.test.WatchDog.cancel(): canceling Fri Sep 04 15:37:44 UTC 2020
auto.tcl: Setting watchdog for 200 seconds at Fri Sep 04 15:37:44 UTC 2020
190 ms. Memory: 51200K Free: 12191K (24%)
ptolemy.util.test.WatchDog.cancel(): canceling Fri Sep 04 15:37:45 UTC 2020
------------------ testing $PTII/ptolemy/domains/de/test/auto/ModalSource.xml
auto.tcl: Setting watchdog for 200 seconds at Fri Sep 04 15:37:45 UTC 2020
10 ms. Memory: 51200K Free: 27882K (54%)
ptolemy.util.test.WatchDog.cancel(): canceling Fri Sep 04 15:37:45 UTC 2020
auto.tcl: Setting watchdog for 200 seconds at Fri Sep 04 15:37:45 UTC 2020
7 ms. Memory: 51200K Free: 25834K (50%)
ptolemy.util.test.WatchDog.cancel(): canceling Fri Sep 04 15:37:45 UTC 2020
------------------ testing $PTII/ptolemy/domains/de/test/auto/NonInterruptibleTimerZeroDelay.xml
auto.tcl: Setting watchdog for 200 seconds at Fri Sep 04 15:37:45 UTC 2020
4 ms. Memory: 51200K Free: 33022K (64%)
ptolemy.util.test.WatchDog.cancel(): canceling Fri Sep 04 15:37:45 UTC 2020
auto.tcl: Setting watchdog for 200 seconds at Fri Sep 04 15:37:45 UTC 2020
3 ms. Memory: 51200K Free: 32158K (63%)
ptolemy.util.test.WatchDog.cancel(): canceling Fri Sep 04 15:37:45 UTC 2020
------------------ testing $PTII/ptolemy/domains/de/test/auto/OpenQueueingNetwork.xml
auto.tcl: Setting watchdog for 200 seconds at Fri Sep 04 15:37:45 UTC 2020
2962 ms. Memory: 103424K Free: 58494K (57%)
ptolemy.util.test.WatchDog.cancel(): canceling Fri Sep 04 15:37:48 UTC 2020
auto.tcl: Setting watchdog for 200 seconds at Fri Sep 04 15:37:48 UTC 2020
2410 ms. Memory: 150528K Free: 60085K (40%)
ptolemy.util.test.WatchDog.cancel(): canceling Fri Sep 04 15:37:50 UTC 2020
------------------ testing $PTII/ptolemy/domains/de/test/auto/OpenQueuingNetwork.xml
auto.tcl: Setting watchdog for 200 seconds at Fri Sep 04 15:37:51 UTC 2020
265 ms. Memory: 55296K Free: 24868K (45%)
ptolemy.util.test.WatchDog.cancel(): canceling Fri Sep 04 15:37:51 UTC 2020
auto.tcl: Setting watchdog for 200 seconds at Fri Sep 04 15:37:51 UTC 2020
228 ms. Memory: 55296K Free: 33957K (61%)
ptolemy.util.test.WatchDog.cancel(): canceling Fri Sep 04 15:37:51 UTC 2020
------------------ testing $PTII/ptolemy/domains/de/test/auto/PeriodicSampler.xml
auto.tcl: Setting watchdog for 200 seconds at Fri Sep 04 15:37:51 UTC 2020
2 ms. Memory: 55296K Free: 36112K (65%)
ptolemy.util.test.WatchDog.cancel(): canceling Fri Sep 04 15:37:51 UTC 2020
auto.tcl: Setting watchdog for 200 seconds at Fri Sep 04 15:37:51 UTC 2020
2 ms. Memory: 55296K Free: 35584K (64%)
ptolemy.util.test.WatchDog.cancel(): canceling Fri Sep 04 15:37:51 UTC 2020
------------------ testing $PTII/ptolemy/domains/de/test/auto/PersistentIO.xml
auto.tcl: Setting watchdog for 200 seconds at Fri Sep 04 15:37:51 UTC 2020
10 ms. Memory: 51200K Free: 26940K (53%)
ptolemy.util.test.WatchDog.cancel(): canceling Fri Sep 04 15:37:51 UTC 2020
auto.tcl: Setting watchdog for 200 seconds at Fri Sep 04 15:37:51 UTC 2020
4 ms. Memory: 51200K Free: 25440K (50%)
ptolemy.util.test.WatchDog.cancel(): canceling Fri Sep 04 15:37:51 UTC 2020
------------------ testing $PTII/ptolemy/domains/de/test/auto/PortParameterResetOnInitialize.xml
auto.tcl: Setting watchdog for 200 seconds at Fri Sep 04 15:37:51 UTC 2020
7 ms. Memory: 51200K Free: 31924K (62%)
ptolemy.util.test.WatchDog.cancel(): canceling Fri Sep 04 15:37:51 UTC 2020
auto.tcl: Setting watchdog for 200 seconds at Fri Sep 04 15:37:51 UTC 2020
2 ms. Memory: 51200K Free: 31434K (61%)
ptolemy.util.test.WatchDog.cancel(): canceling Fri Sep 04 15:37:51 UTC 2020
------------------ testing $PTII/ptolemy/domains/de/test/auto/PortParameterUpdates.xml
auto.tcl: Setting watchdog for 200 seconds at Fri Sep 04 15:37:51 UTC 2020
4 ms. Memory: 51200K Free: 30008K (59%)
ptolemy.util.test.WatchDog.cancel(): canceling Fri Sep 04 15:37:51 UTC 2020
auto.tcl: Setting watchdog for 200 seconds at Fri Sep 04 15:37:51 UTC 2020
5 ms. Memory: 51200K Free: 28990K (57%)
ptolemy.util.test.WatchDog.cancel(): canceling Fri Sep 04 15:37:51 UTC 2020
------------------ testing $PTII/ptolemy/domains/de/test/auto/QueueAndServer.xml
auto.tcl: Setting watchdog for 200 seconds at Fri Sep 04 15:37:51 UTC 2020
14 ms. Memory: 51200K Free: 29187K (57%)
ptolemy.util.test.WatchDog.cancel(): canceling Fri Sep 04 15:37:51 UTC 2020
auto.tcl: Setting watchdog for 200 seconds at Fri Sep 04 15:37:51 UTC 2020
8 ms. Memory: 51200K Free: 27447K (54%)
ptolemy.util.test.WatchDog.cancel(): canceling Fri Sep 04 15:37:51 UTC 2020
------------------ testing $PTII/ptolemy/domains/de/test/auto/Records.xml
auto.tcl: Setting watchdog for 200 seconds at Fri Sep 04 15:37:52 UTC 2020
3 ms. Memory: 51200K Free: 31179K (61%)
ptolemy.util.test.WatchDog.cancel(): canceling Fri Sep 04 15:37:52 UTC 2020
auto.tcl: Setting watchdog for 200 seconds at Fri Sep 04 15:37:52 UTC 2020
1 ms. Memory: 51200K Free: 30678K (60%)
ptolemy.util.test.WatchDog.cancel(): canceling Fri Sep 04 15:37:52 UTC 2020
------------------ testing $PTII/ptolemy/domains/de/test/auto/ResetTransitionWithStartTime1.xml
auto.tcl: Setting watchdog for 200 seconds at Fri Sep 04 15:37:52 UTC 2020
8 ms. Memory: 51200K Free: 28424K (56%)
ptolemy.util.test.WatchDog.cancel(): canceling Fri Sep 04 15:37:52 UTC 2020
auto.tcl: Setting watchdog for 200 seconds at Fri Sep 04 15:37:52 UTC 2020
6 ms. Memory: 51200K Free: 26376K (52%)
ptolemy.util.test.WatchDog.cancel(): canceling Fri Sep 04 15:37:52 UTC 2020
------------------ testing $PTII/ptolemy/domains/de/test/auto/ResetTransitionWithStartTime2.xml
auto.tcl: Setting watchdog for 200 seconds at Fri Sep 04 15:37:52 UTC 2020
6 ms. Memory: 51200K Free: 28379K (55%)
ptolemy.util.test.WatchDog.cancel(): canceling Fri Sep 04 15:37:52 UTC 2020
auto.tcl: Setting watchdog for 200 seconds at Fri Sep 04 15:37:52 UTC 2020
6 ms. Memory: 51200K Free: 26358K (51%)
ptolemy.util.test.WatchDog.cancel(): canceling Fri Sep 04 15:37:52 UTC 2020
------------------ testing $PTII/ptolemy/domains/de/test/auto/ResetTransitionWithStartTime3.xml
auto.tcl: Setting watchdog for 200 seconds at Fri Sep 04 15:37:52 UTC 2020
9 ms. Memory: 51200K Free: 28378K (55%)
ptolemy.util.test.WatchDog.cancel(): canceling Fri Sep 04 15:37:52 UTC 2020
auto.tcl: Setting watchdog for 200 seconds at Fri Sep 04 15:37:52 UTC 2020
7 ms. Memory: 51200K Free: 26357K (51%)
ptolemy.util.test.WatchDog.cancel(): canceling Fri Sep 04 15:37:52 UTC 2020
------------------ testing $PTII/ptolemy/domains/de/test/auto/ResetTransitionWithStartTime4.xml
auto.tcl: Setting watchdog for 200 seconds at Fri Sep 04 15:37:52 UTC 2020
11 ms. Memory: 51200K Free: 29042K (57%)
ptolemy.util.test.WatchDog.cancel(): canceling Fri Sep 04 15:37:52 UTC 2020
auto.tcl: Setting watchdog for 200 seconds at Fri Sep 04 15:37:52 UTC 2020
5 ms. Memory: 51200K Free: 27353K (53%)
ptolemy.util.test.WatchDog.cancel(): canceling Fri Sep 04 15:37:52 UTC 2020
------------------ testing $PTII/ptolemy/domains/de/test/auto/ResettableTimer1.xml
auto.tcl: Setting watchdog for 200 seconds at Fri Sep 04 15:37:52 UTC 2020
2 ms. Memory: 51200K Free: 32553K (64%)
ptolemy.util.test.WatchDog.cancel(): canceling Fri Sep 04 15:37:52 UTC 2020
auto.tcl: Setting watchdog for 200 seconds at Fri Sep 04 15:37:52 UTC 2020
2 ms. Memory: 51200K Free: 31961K (62%)
ptolemy.util.test.WatchDog.cancel(): canceling Fri Sep 04 15:37:52 UTC 2020
------------------ testing $PTII/ptolemy/domains/de/test/auto/ResettableTimer2.xml
auto.tcl: Setting watchdog for 200 seconds at Fri Sep 04 15:37:52 UTC 2020
2 ms. Memory: 51200K Free: 32580K (64%)
ptolemy.util.test.WatchDog.cancel(): canceling Fri Sep 04 15:37:52 UTC 2020
auto.tcl: Setting watchdog for 200 seconds at Fri Sep 04 15:37:52 UTC 2020
2 ms. Memory: 51200K Free: 31499K (62%)
ptolemy.util.test.WatchDog.cancel(): canceling Fri Sep 04 15:37:52 UTC 2020
------------------ testing $PTII/ptolemy/domains/de/test/auto/ResettableTimer3.xml
auto.tcl: Setting watchdog for 200 seconds at Fri Sep 04 15:37:52 UTC 2020
1 ms. Memory: 51200K Free: 33021K (64%)
ptolemy.util.test.WatchDog.cancel(): canceling Fri Sep 04 15:37:52 UTC 2020
auto.tcl: Setting watchdog for 200 seconds at Fri Sep 04 15:37:52 UTC 2020
1 ms. Memory: 51200K Free: 32530K (64%)
ptolemy.util.test.WatchDog.cancel(): canceling Fri Sep 04 15:37:52 UTC 2020
------------------ testing $PTII/ptolemy/domains/de/test/auto/ResettableTimer4.xml
auto.tcl: Setting watchdog for 200 seconds at Fri Sep 04 15:37:52 UTC 2020
1 ms. Memory: 51200K Free: 32544K (64%)
ptolemy.util.test.WatchDog.cancel(): canceling Fri Sep 04 15:37:52 UTC 2020
auto.tcl: Setting watchdog for 200 seconds at Fri Sep 04 15:37:52 UTC 2020
2 ms. Memory: 51200K Free: 32032K (63%)
ptolemy.util.test.WatchDog.cancel(): canceling Fri Sep 04 15:37:52 UTC 2020
------------------ testing $PTII/ptolemy/domains/de/test/auto/ResettableTimer5.xml
auto.tcl: Setting watchdog for 200 seconds at Fri Sep 04 15:37:52 UTC 2020
3 ms. Memory: 51200K Free: 32009K (63%)
ptolemy.util.test.WatchDog.cancel(): canceling Fri Sep 04 15:37:52 UTC 2020
auto.tcl: Setting watchdog for 200 seconds at Fri Sep 04 15:37:52 UTC 2020
1 ms. Memory: 51200K Free: 31518K (62%)
ptolemy.util.test.WatchDog.cancel(): canceling Fri Sep 04 15:37:52 UTC 2020
------------------ testing $PTII/ptolemy/domains/de/test/auto/ResettableTimer6.xml
auto.tcl: Setting watchdog for 200 seconds at Fri Sep 04 15:37:52 UTC 2020
2 ms. Memory: 51200K Free: 31985K (62%)
ptolemy.util.test.WatchDog.cancel(): canceling Fri Sep 04 15:37:52 UTC 2020
auto.tcl: Setting watchdog for 200 seconds at Fri Sep 04 15:37:52 UTC 2020
2 ms. Memory: 51200K Free: 31489K (62%)
ptolemy.util.test.WatchDog.cancel(): canceling Fri Sep 04 15:37:52 UTC 2020
------------------ testing $PTII/ptolemy/domains/de/test/auto/ServerZeroDelay.xml
auto.tcl: Setting watchdog for 200 seconds at Fri Sep 04 15:37:52 UTC 2020
6 ms. Memory: 51200K Free: 32505K (63%)
ptolemy.util.test.WatchDog.cancel(): canceling Fri Sep 04 15:37:52 UTC 2020
auto.tcl: Setting watchdog for 200 seconds at Fri Sep 04 15:37:52 UTC 2020
3 ms. Memory: 51200K Free: 31490K (62%)
ptolemy.util.test.WatchDog.cancel(): canceling Fri Sep 04 15:37:52 UTC 2020
------------------ testing $PTII/ptolemy/domains/de/test/auto/SmartSender.xml
auto.tcl: Setting watchdog for 200 seconds at Fri Sep 04 15:37:52 UTC 2020
3001 ms. Memory: 51200K Free: 32505K (63%)
ptolemy.util.test.WatchDog.cancel(): canceling Fri Sep 04 15:37:55 UTC 2020
auto.tcl: Setting watchdog for 200 seconds at Fri Sep 04 15:37:55 UTC 2020
3002 ms. Memory: 51200K Free: 32006K (63%)
ptolemy.util.test.WatchDog.cancel(): canceling Fri Sep 04 15:37:58 UTC 2020
------------------ testing $PTII/ptolemy/domains/de/test/auto/ThreadedComposite.xml
auto.tcl: Setting watchdog for 200 seconds at Fri Sep 04 15:37:58 UTC 2020
224 ms. Memory: 51200K Free: 13056K (26%)
ptolemy.util.test.WatchDog.cancel(): canceling Fri Sep 04 15:37:59 UTC 2020
auto.tcl: Setting watchdog for 200 seconds at Fri Sep 04 15:37:59 UTC 2020
184 ms. Memory: 61440K Free: 37386K (61%)
ptolemy.util.test.WatchDog.cancel(): canceling Fri Sep 04 15:37:59 UTC 2020
------------------ testing $PTII/ptolemy/domains/de/test/auto/Time.xml
auto.tcl: Setting watchdog for 200 seconds at Fri Sep 04 15:37:59 UTC 2020
415 ms. Memory: 55296K Free: 12827K (23%)
ptolemy.util.test.WatchDog.cancel(): canceling Fri Sep 04 15:37:59 UTC 2020
auto.tcl: Setting watchdog for 200 seconds at Fri Sep 04 15:37:59 UTC 2020
384 ms. Memory: 55296K Free: 19096K (35%)
ptolemy.util.test.WatchDog.cancel(): canceling Fri Sep 04 15:38:00 UTC 2020
------------------ testing $PTII/ptolemy/domains/de/test/auto/TimeDelayZeroDelay.xml
auto.tcl: Setting watchdog for 200 seconds at Fri Sep 04 15:38:00 UTC 2020
2 ms. Memory: 51200K Free: 32428K (63%)
ptolemy.util.test.WatchDog.cancel(): canceling Fri Sep 04 15:38:00 UTC 2020
auto.tcl: Setting watchdog for 200 seconds at Fri Sep 04 15:38:00 UTC 2020
2 ms. Memory: 51200K Free: 31550K (62%)
ptolemy.util.test.WatchDog.cancel(): canceling Fri Sep 04 15:38:00 UTC 2020
------------------ testing $PTII/ptolemy/domains/de/test/auto/TimerZeroDelay.xml
auto.tcl: Setting watchdog for 200 seconds at Fri Sep 04 15:38:00 UTC 2020
3 ms. Memory: 51200K Free: 32897K (64%)
ptolemy.util.test.WatchDog.cancel(): canceling Fri Sep 04 15:38:00 UTC 2020
auto.tcl: Setting watchdog for 200 seconds at Fri Sep 04 15:38:00 UTC 2020
2 ms. Memory: 51200K Free: 32471K (63%)
ptolemy.util.test.WatchDog.cancel(): canceling Fri Sep 04 15:38:00 UTC 2020
------------------ testing $PTII/ptolemy/domains/de/test/auto/TimingParadox.xml
auto.tcl: Setting watchdog for 200 seconds at Fri Sep 04 15:38:00 UTC 2020
270 ms. Memory: 51200K Free: 20578K (40%)
ptolemy.util.test.WatchDog.cancel(): canceling Fri Sep 04 15:38:00 UTC 2020
auto.tcl: Setting watchdog for 200 seconds at Fri Sep 04 15:38:00 UTC 2020
269 ms. Memory: 51200K Free: 10934K (21%)
ptolemy.util.test.WatchDog.cancel(): canceling Fri Sep 04 15:38:01 UTC 2020
------------------ testing $PTII/ptolemy/domains/de/test/auto/TransferInputs.xml
auto.tcl: Setting watchdog for 200 seconds at Fri Sep 04 15:38:01 UTC 2020
1 ms. Memory: 51200K Free: 30947K (60%)
ptolemy.util.test.WatchDog.cancel(): canceling Fri Sep 04 15:38:01 UTC 2020
auto.tcl: Setting watchdog for 200 seconds at Fri Sep 04 15:38:01 UTC 2020
1 ms. Memory: 51200K Free: 30033K (59%)
ptolemy.util.test.WatchDog.cancel(): canceling Fri Sep 04 15:38:01 UTC 2020
------------------ testing $PTII/ptolemy/domains/de/test/auto/TransferOutputs2.xml
auto.tcl: Setting watchdog for 200 seconds at Fri Sep 04 15:38:01 UTC 2020
3 ms. Memory: 51200K Free: 28381K (55%)
ptolemy.util.test.WatchDog.cancel(): canceling Fri Sep 04 15:38:01 UTC 2020
auto.tcl: Setting watchdog for 200 seconds at Fri Sep 04 15:38:01 UTC 2020
3 ms. Memory: 51200K Free: 26963K (53%)
ptolemy.util.test.WatchDog.cancel(): canceling Fri Sep 04 15:38:01 UTC 2020
------------------ testing $PTII/ptolemy/domains/de/test/auto/Trilateration.xml
auto.tcl: Setting watchdog for 200 seconds at Fri Sep 04 15:38:01 UTC 2020
12691 ms. Memory: 527360K Free: 404652K (77%)
ptolemy.util.test.WatchDog.cancel(): canceling Fri Sep 04 15:38:15 UTC 2020
auto.tcl: Setting watchdog for 200 seconds at Fri Sep 04 15:38:15 UTC 2020
9185 ms. Memory: 527360K Free: 267944K (51%)
ptolemy.util.test.WatchDog.cancel(): canceling Fri Sep 04 15:38:24 UTC 2020
------------------ testing $PTII/ptolemy/domains/de/test/auto/TwoSigmaDelta.xml
auto.tcl: Setting watchdog for 200 seconds at Fri Sep 04 15:38:24 UTC 2020
2208 ms. Memory: 89088K Free: 21945K (25%)
ptolemy.util.test.WatchDog.cancel(): canceling Fri Sep 04 15:38:26 UTC 2020
auto.tcl: Setting watchdog for 200 seconds at Fri Sep 04 15:38:26 UTC 2020
1736 ms. Memory: 89088K Free: 18388K (21%)
ptolemy.util.test.WatchDog.cancel(): canceling Fri Sep 04 15:38:28 UTC 2020
------------------ testing $PTII/ptolemy/domains/de/test/auto/VariableDelay.xml
auto.tcl: Setting watchdog for 200 seconds at Fri Sep 04 15:38:28 UTC 2020
3 ms. Memory: 55296K Free: 35516K (64%)
ptolemy.util.test.WatchDog.cancel(): canceling Fri Sep 04 15:38:28 UTC 2020
auto.tcl: Setting watchdog for 200 seconds at Fri Sep 04 15:38:28 UTC 2020
2 ms. Memory: 55296K Free: 34492K (62%)
ptolemy.util.test.WatchDog.cancel(): canceling Fri Sep 04 15:38:28 UTC 2020
------------------ testing $PTII/ptolemy/domains/de/test/auto/VariableDelay2.xml
auto.tcl: Setting watchdog for 200 seconds at Fri Sep 04 15:38:28 UTC 2020
7 ms. Memory: 51200K Free: 32033K (63%)
ptolemy.util.test.WatchDog.cancel(): canceling Fri Sep 04 15:38:28 UTC 2020
auto.tcl: Setting watchdog for 200 seconds at Fri Sep 04 15:38:28 UTC 2020
2 ms. Memory: 51200K Free: 31521K (62%)
ptolemy.util.test.WatchDog.cancel(): canceling Fri Sep 04 15:38:28 UTC 2020
------------------ testing $PTII/ptolemy/domains/de/test/auto/VariableDelayZeroDelay.xml
auto.tcl: Setting watchdog for 200 seconds at Fri Sep 04 15:38:28 UTC 2020
2 ms. Memory: 51200K Free: 32363K (63%)
ptolemy.util.test.WatchDog.cancel(): canceling Fri Sep 04 15:38:28 UTC 2020
auto.tcl: Setting watchdog for 200 seconds at Fri Sep 04 15:38:28 UTC 2020
2 ms. Memory: 51200K Free: 31861K (62%)
ptolemy.util.test.WatchDog.cancel(): canceling Fri Sep 04 15:38:28 UTC 2020
------------------ testing $PTII/ptolemy/domains/de/test/auto/VariableDelayZeroDelay2.xml
auto.tcl: Setting watchdog for 200 seconds at Fri Sep 04 15:38:28 UTC 2020
3 ms. Memory: 51200K Free: 32361K (63%)
ptolemy.util.test.WatchDog.cancel(): canceling Fri Sep 04 15:38:28 UTC 2020
auto.tcl: Setting watchdog for 200 seconds at Fri Sep 04 15:38:28 UTC 2020
2 ms. Memory: 51200K Free: 31337K (61%)
ptolemy.util.test.WatchDog.cancel(): canceling Fri Sep 04 15:38:28 UTC 2020
------------------ testing $PTII/ptolemy/domains/de/test/auto/deInCt.xml
auto.tcl: Setting watchdog for 200 seconds at Fri Sep 04 15:38:28 UTC 2020
0
1
1
1
0
0
0
1
1
1
0
0
1
1
1
0
0
1
1
1
0
0
0
1
1
1
0
0
0
0
1
1
1
1
1
1
1
1
15 ms. Memory: 51200K Free: 31334K (61%)
ptolemy.util.test.WatchDog.cancel(): canceling Fri Sep 04 15:38:28 UTC 2020
auto.tcl: Setting watchdog for 200 seconds at Fri Sep 04 15:38:28 UTC 2020
0
1
1
1
0
0
1
1
1
0
0
0
0
0
0
0
1
1
1
0
0
1
1
1
0
0
1
1
1
1
0
0
0
0
9 ms. Memory: 51200K Free: 29807K (58%)
ptolemy.util.test.WatchDog.cancel(): canceling Fri Sep 04 15:38:28 UTC 2020
------------------ testing $PTII/ptolemy/domains/de/test/auto/deInCt2.xml
auto.tcl: Setting watchdog for 200 seconds at Fri Sep 04 15:38:28 UTC 2020
0
1
1
1
0
0
1
1
1
0
0
1
1
1
0
0
1
1
1
0
0
1
1
1
0
0
1
1
1
0
0
1
1
1
0
0
1
1
1
0
0
0
15 ms. Memory: 51200K Free: 31336K (61%)
ptolemy.util.test.WatchDog.cancel(): canceling Fri Sep 04 15:38:28 UTC 2020
auto.tcl: Setting watchdog for 200 seconds at Fri Sep 04 15:38:28 UTC 2020
0
1
1
1
0
0
1
1
1
0
0
1
1
1
0
0
1
1
1
0
0
1
1
1
0
0
1
1
1
0
0
1
1
1
0
0
1
1
1
0
0
0
6 ms. Memory: 51200K Free: 29802K (58%)
ptolemy.util.test.WatchDog.cancel(): canceling Fri Sep 04 15:38:28 UTC 2020
------------------ testing $PTII/ptolemy/domains/de/test/auto/dynamicCausalityInterface1.xml
auto.tcl: Setting watchdog for 200 seconds at Fri Sep 04 15:38:28 UTC 2020
1 ms. Memory: 51200K Free: 27235K (53%)
ptolemy.util.test.WatchDog.cancel(): canceling Fri Sep 04 15:38:28 UTC 2020
auto.tcl: Setting watchdog for 200 seconds at Fri Sep 04 15:38:28 UTC 2020
1 ms. Memory: 51200K Free: 26718K (52%)
ptolemy.util.test.WatchDog.cancel(): canceling Fri Sep 04 15:38:28 UTC 2020
------------------ testing $PTII/ptolemy/domains/de/test/auto/fsm_de_test.xml
auto.tcl: Setting watchdog for 200 seconds at Fri Sep 04 15:38:28 UTC 2020
6 ms. Memory: 51200K Free: 27133K (53%)
ptolemy.util.test.WatchDog.cancel(): canceling Fri Sep 04 15:38:28 UTC 2020
auto.tcl: Setting watchdog for 200 seconds at Fri Sep 04 15:38:28 UTC 2020
7 ms. Memory: 51200K Free: 25085K (49%)
ptolemy.util.test.WatchDog.cancel(): canceling Fri Sep 04 15:38:28 UTC 2020
------------------ testing $PTII/ptolemy/domains/de/test/auto/functionDependencyReconstruction.xml
auto.tcl: Setting watchdog for 200 seconds at Fri Sep 04 15:38:28 UTC 2020
3 ms. Memory: 51200K Free: 21124K (41%)
ptolemy.util.test.WatchDog.cancel(): canceling Fri Sep 04 15:38:29 UTC 2020
auto.tcl: Setting watchdog for 200 seconds at Fri Sep 04 15:38:29 UTC 2020
3 ms. Memory: 51200K Free: 19435K (38%)
ptolemy.util.test.WatchDog.cancel(): canceling Fri Sep 04 15:38:29 UTC 2020
------------------ testing $PTII/ptolemy/domains/de/test/auto/multirate.xml
auto.tcl: Setting watchdog for 200 seconds at Fri Sep 04 15:38:29 UTC 2020
4 ms. Memory: 51200K Free: 29774K (58%)
ptolemy.util.test.WatchDog.cancel(): canceling Fri Sep 04 15:38:29 UTC 2020
auto.tcl: Setting watchdog for 200 seconds at Fri Sep 04 15:38:29 UTC 2020
3 ms. Memory: 51200K Free: 28032K (55%)
ptolemy.util.test.WatchDog.cancel(): canceling Fri Sep 04 15:38:29 UTC 2020
------------------ testing $PTII/ptolemy/domains/de/test/auto/multirate2.xml
auto.tcl: Setting watchdog for 200 seconds at Fri Sep 04 15:38:29 UTC 2020
7 ms. Memory: 51200K Free: 29730K (58%)
ptolemy.util.test.WatchDog.cancel(): canceling Fri Sep 04 15:38:29 UTC 2020
auto.tcl: Setting watchdog for 200 seconds at Fri Sep 04 15:38:29 UTC 2020
3 ms. Memory: 51200K Free: 28210K (55%)
ptolemy.util.test.WatchDog.cancel(): canceling Fri Sep 04 15:38:29 UTC 2020
------------------ testing $PTII/ptolemy/domains/de/test/auto/realtime.xml
auto.tcl: Setting watchdog for 200 seconds at Fri Sep 04 15:38:29 UTC 2020
10001 ms. Memory: 51200K Free: 32016K (63%)
ptolemy.util.test.WatchDog.cancel(): canceling Fri Sep 04 15:38:39 UTC 2020
auto.tcl: Setting watchdog for 200 seconds at Fri Sep 04 15:38:39 UTC 2020
10001 ms. Memory: 51200K Free: 31281K (61%)
ptolemy.util.test.WatchDog.cancel(): canceling Fri Sep 04 15:38:49 UTC 2020
------------------ testing $PTII/ptolemy/domains/de/test/auto/relationGroup.xml
auto.tcl: Setting watchdog for 200 seconds at Fri Sep 04 15:38:49 UTC 2020
2 ms. Memory: 51200K Free: 33095K (65%)
ptolemy.util.test.WatchDog.cancel(): canceling Fri Sep 04 15:38:49 UTC 2020
auto.tcl: Setting watchdog for 200 seconds at Fri Sep 04 15:38:49 UTC 2020
2 ms. Memory: 51200K Free: 32592K (64%)
ptolemy.util.test.WatchDog.cancel(): canceling Fri Sep 04 15:38:49 UTC 2020
------------------ testing $PTII/ptolemy/domains/de/test/auto/relationGroup2.xml
auto.tcl: Setting watchdog for 200 seconds at Fri Sep 04 15:38:49 UTC 2020
1 ms. Memory: 51200K Free: 33120K (65%)
ptolemy.util.test.WatchDog.cancel(): canceling Fri Sep 04 15:38:49 UTC 2020
auto.tcl: Setting watchdog for 200 seconds at Fri Sep 04 15:38:49 UTC 2020
1 ms. Memory: 51200K Free: 32601K (64%)
ptolemy.util.test.WatchDog.cancel(): canceling Fri Sep 04 15:38:49 UTC 2020
------------------ testing $PTII/ptolemy/domains/de/test/auto/sortWithOpaquePorts.xml
auto.tcl: Setting watchdog for 200 seconds at Fri Sep 04 15:38:49 UTC 2020
1 ms. Memory: 51200K Free: 32386K (63%)
ptolemy.util.test.WatchDog.cancel(): canceling Fri Sep 04 15:38:49 UTC 2020
auto.tcl: Setting watchdog for 200 seconds at Fri Sep 04 15:38:49 UTC 2020
1 ms. Memory: 51200K Free: 30858K (60%)
ptolemy.util.test.WatchDog.cancel(): canceling Fri Sep 04 15:38:49 UTC 2020
------------------ testing $PTII/ptolemy/domains/de/test/auto/transferInputsandOutputs.xml
auto.tcl: Setting watchdog for 200 seconds at Fri Sep 04 15:38:49 UTC 2020
2 ms. Memory: 51200K Free: 29301K (57%)
ptolemy.util.test.WatchDog.cancel(): canceling Fri Sep 04 15:38:49 UTC 2020
auto.tcl: Setting watchdog for 200 seconds at Fri Sep 04 15:38:49 UTC 2020
2 ms. Memory: 51200K Free: 28277K (55%)
ptolemy.util.test.WatchDog.cancel(): canceling Fri Sep 04 15:38:49 UTC 2020
------------------ testing $PTII/ptolemy/domains/de/test/auto/triggerType.xml
auto.tcl: Setting watchdog for 200 seconds at Fri Sep 04 15:38:49 UTC 2020
1 ms. Memory: 51200K Free: 32326K (63%)
ptolemy.util.test.WatchDog.cancel(): canceling Fri Sep 04 15:38:49 UTC 2020
auto.tcl: Setting watchdog for 200 seconds at Fri Sep 04 15:38:49 UTC 2020
2 ms. Memory: 51200K Free: 31309K (61%)
ptolemy.util.test.WatchDog.cancel(): canceling Fri Sep 04 15:38:49 UTC 2020
09/04/20 03:38:49
Failed: 0  Total Tests: 192  ((Passed: 187, Newly Passed: 1)  Known Failed: 5) /home/travis/build/icyphy/ptII/ptolemy/domains/de/test
09/04/20 03:38:49
Failed: 0  Total Tests: 192  ((Passed: 187, Newly Passed: 1)  Known Failed: 5) /home/travis/build/icyphy/ptII/ptolemy/domains/de/test
----------------- testing (KnownFailure) /home/travis/build/icyphy/ptII/ptolemy/domains/de/test/auto/knownFailedTests/DESDFClockTest.xml
2012 ms. Memory: 51200K Free: 25721K (50%)
Known Failure: java.lang.reflect.InvocationTargetException
----------------- testing (KnownFailure) /home/travis/build/icyphy/ptII/ptolemy/domains/de/test/auto/knownFailedTests/DirectFeedback.xml
1 ms. Memory: 51200K Free: 22139K (43%)
Known Failure: java.lang.reflect.InvocationTargetException
----------------- testing (KnownFailure) /home/travis/build/icyphy/ptII/ptolemy/domains/de/test/auto/knownFailedTests/FSMSource.xml
6 ms. Memory: 51200K Free: 14971K (29%)
----------------- testing (KnownFailure) /home/travis/build/icyphy/ptII/ptolemy/domains/de/test/auto/knownFailedTests/HierarchicalModel.xml
3 ms. Memory: 51200K Free: 27184K (53%)
Known Failure: java.lang.reflect.InvocationTargetException
----------------- testing (KnownFailure) /home/travis/build/icyphy/ptII/ptolemy/domains/de/test/auto/knownFailedTests/dependencyLoop.xml
2 ms. Memory: 51200K Free: 12187K (24%)
Known Failure: java.lang.reflect.InvocationTargetException
----------------- testing (KnownFailure) /home/travis/build/icyphy/ptII/ptolemy/domains/de/test/auto/knownFailedTests/dependencyLoop2.xml
2 ms. Memory: 51200K Free: 25088K (49%)
Known Failure: java.lang.reflect.InvocationTargetException
No auto/linux-amd64/*.xml tests in /home/travis/build/icyphy/ptII/ptolemy/domains/de/test
AutoTests.java: About to close Vertx.
AutoTests.java: Vertx closed.

===========================================================================================
----------------- testing Fri Sep 04 15:38:51 UTC 2020 /home/travis/build/icyphy/ptII/ptolemy/domains/de/test/auto/ActorDepthCalculation_actorWithoutPorts.xml
----------------- Instantiating /home/travis/build/icyphy/ptII/ptolemy/domains/de/test/auto/ActorDepthCalculation_actorWithoutPorts.xml
2 ms. Memory: 51200K Free: 18268K (36%)
----------------- Invoking toplevel() on ptolemy.moml.MoMLSimpleApplication@2e401e17
----------------- Done invoking toplevel() on ptolemy.moml.MoMLSimpleApplication@2e401e17
reloadAllAccessors: .ActorDepthCalculation_actorWithoutPorts

===========================================================================================
----------------- testing Fri Sep 04 15:38:51 UTC 2020 /home/travis/build/icyphy/ptII/ptolemy/domains/de/test/auto/AssemblyLine.xml
----------------- Instantiating /home/travis/build/icyphy/ptII/ptolemy/domains/de/test/auto/AssemblyLine.xml
3 ms. Memory: 51200K Free: 11122K (22%)
----------------- Invoking toplevel() on ptolemy.moml.MoMLSimpleApplication@2d117adf
----------------- Done invoking toplevel() on ptolemy.moml.MoMLSimpleApplication@2d117adf
reloadAllAccessors: .AssemblyLine

===========================================================================================
----------------- testing Fri Sep 04 15:38:51 UTC 2020 /home/travis/build/icyphy/ptII/ptolemy/domains/de/test/auto/CQBug1.xml
----------------- Instantiating /home/travis/build/icyphy/ptII/ptolemy/domains/de/test/auto/CQBug1.xml
1 ms. Memory: 51200K Free: 8329K (16%)
----------------- Invoking toplevel() on ptolemy.moml.MoMLSimpleApplication@28fefdd2
----------------- Done invoking toplevel() on ptolemy.moml.MoMLSimpleApplication@28fefdd2
reloadAllAccessors: .CQBug1

===========================================================================================
----------------- testing Fri Sep 04 15:38:51 UTC 2020 /home/travis/build/icyphy/ptII/ptolemy/domains/de/test/auto/CancelFireAt.xml
----------------- Instantiating /home/travis/build/icyphy/ptII/ptolemy/domains/de/test/auto/CancelFireAt.xml
8 ms. Memory: 51200K Free: 33892K (66%)
----------------- Invoking toplevel() on ptolemy.moml.MoMLSimpleApplication@17efb48a
----------------- Done invoking toplevel() on ptolemy.moml.MoMLSimpleApplication@17efb48a
reloadAllAccessors: .CancelFireAt

===========================================================================================
----------------- testing Fri Sep 04 15:38:51 UTC 2020 /home/travis/build/icyphy/ptII/ptolemy/domains/de/test/auto/CausalityAndComposabilityAnalysis.xml
----------------- Instantiating /home/travis/build/icyphy/ptII/ptolemy/domains/de/test/auto/CausalityAndComposabilityAnalysis.xml
2 ms. Memory: 51200K Free: 29565K (58%)
----------------- Invoking toplevel() on ptolemy.moml.MoMLSimpleApplication@4534517d
----------------- Done invoking toplevel() on ptolemy.moml.MoMLSimpleApplication@4534517d
reloadAllAccessors: .CausalityAndComposabilityAnalysis

===========================================================================================
----------------- testing Fri Sep 04 15:38:51 UTC 2020 /home/travis/build/icyphy/ptII/ptolemy/domains/de/test/auto/CausalityInterface1.xml
----------------- Instantiating /home/travis/build/icyphy/ptII/ptolemy/domains/de/test/auto/CausalityInterface1.xml
6 ms. Memory: 51200K Free: 24722K (48%)
----------------- Invoking toplevel() on ptolemy.moml.MoMLSimpleApplication@3fa16604
----------------- Done invoking toplevel() on ptolemy.moml.MoMLSimpleApplication@3fa16604
reloadAllAccessors: .CausalityInterface1

===========================================================================================
----------------- testing Fri Sep 04 15:38:51 UTC 2020 /home/travis/build/icyphy/ptII/ptolemy/domains/de/test/auto/CausalityInterface15.xml
----------------- Instantiating /home/travis/build/icyphy/ptII/ptolemy/domains/de/test/auto/CausalityInterface15.xml
2 ms. Memory: 51200K Free: 19295K (38%)
----------------- Invoking toplevel() on ptolemy.moml.MoMLSimpleApplication@437dee55
----------------- Done invoking toplevel() on ptolemy.moml.MoMLSimpleApplication@437dee55
reloadAllAccessors: .CausalityInterface15

===========================================================================================
----------------- testing Fri Sep 04 15:38:51 UTC 2020 /home/travis/build/icyphy/ptII/ptolemy/domains/de/test/auto/CausalityInterface2.xml
----------------- Instantiating /home/travis/build/icyphy/ptII/ptolemy/domains/de/test/auto/CausalityInterface2.xml
2 ms. Memory: 51200K Free: 14760K (29%)
----------------- Invoking toplevel() on ptolemy.moml.MoMLSimpleApplication@2686f4cb
----------------- Done invoking toplevel() on ptolemy.moml.MoMLSimpleApplication@2686f4cb
reloadAllAccessors: .CausalityInterface2

===========================================================================================
----------------- testing Fri Sep 04 15:38:51 UTC 2020 /home/travis/build/icyphy/ptII/ptolemy/domains/de/test/auto/CausalityInterface3.xml
----------------- Instantiating /home/travis/build/icyphy/ptII/ptolemy/domains/de/test/auto/CausalityInterface3.xml
2 ms. Memory: 51200K Free: 9809K (19%)
----------------- Invoking toplevel() on ptolemy.moml.MoMLSimpleApplication@5e39f053
----------------- Done invoking toplevel() on ptolemy.moml.MoMLSimpleApplication@5e39f053
reloadAllAccessors: .CausalityInterface3

===========================================================================================
----------------- testing Fri Sep 04 15:38:51 UTC 2020 /home/travis/build/icyphy/ptII/ptolemy/domains/de/test/auto/ClockDrift.xml
----------------- Instantiating /home/travis/build/icyphy/ptII/ptolemy/domains/de/test/auto/ClockDrift.xml
15 ms. Memory: 51200K Free: 25592K (50%)
----------------- Invoking toplevel() on ptolemy.moml.MoMLSimpleApplication@1c0152c7
----------------- Done invoking toplevel() on ptolemy.moml.MoMLSimpleApplication@1c0152c7
reloadAllAccessors: .ClockDrift

===========================================================================================
----------------- testing Fri Sep 04 15:38:52 UTC 2020 /home/travis/build/icyphy/ptII/ptolemy/domains/de/test/auto/ClockDriftAndValueChange.xml
----------------- Instantiating /home/travis/build/icyphy/ptII/ptolemy/domains/de/test/auto/ClockDriftAndValueChange.xml
10 ms. Memory: 51200K Free: 14052K (27%)
----------------- Invoking toplevel() on ptolemy.moml.MoMLSimpleApplication@747a1705
----------------- Done invoking toplevel() on ptolemy.moml.MoMLSimpleApplication@747a1705
reloadAllAccessors: .ClockDriftAndValueChange

===========================================================================================
----------------- testing Fri Sep 04 15:38:52 UTC 2020 /home/travis/build/icyphy/ptII/ptolemy/domains/de/test/auto/ClockDriftChange.xml
----------------- Instantiating /home/travis/build/icyphy/ptII/ptolemy/domains/de/test/auto/ClockDriftChange.xml
9 ms. Memory: 51200K Free: 31762K (62%)
----------------- Invoking toplevel() on ptolemy.moml.MoMLSimpleApplication@51efedc5
----------------- Done invoking toplevel() on ptolemy.moml.MoMLSimpleApplication@51efedc5
reloadAllAccessors: .ClockDriftChange

===========================================================================================
----------------- testing Fri Sep 04 15:38:52 UTC 2020 /home/travis/build/icyphy/ptII/ptolemy/domains/de/test/auto/ComposableCausalityAnalysis.xml
----------------- Instantiating /home/travis/build/icyphy/ptII/ptolemy/domains/de/test/auto/ComposableCausalityAnalysis.xml
1 ms. Memory: 51200K Free: 26147K (51%)
----------------- Invoking toplevel() on ptolemy.moml.MoMLSimpleApplication@4c8575e4
----------------- Done invoking toplevel() on ptolemy.moml.MoMLSimpleApplication@4c8575e4
reloadAllAccessors: .ComposableCausalityAnalysis

===========================================================================================
----------------- testing Fri Sep 04 15:38:52 UTC 2020 /home/travis/build/icyphy/ptII/ptolemy/domains/de/test/auto/DEFixedPointLimitation.xml
----------------- Instantiating /home/travis/build/icyphy/ptII/ptolemy/domains/de/test/auto/DEFixedPointLimitation.xml
0 ms. Memory: 51200K Free: 21709K (42%)
----------------- Invoking toplevel() on ptolemy.moml.MoMLSimpleApplication@c12f82e
----------------- Done invoking toplevel() on ptolemy.moml.MoMLSimpleApplication@c12f82e
reloadAllAccessors: .DEFixedPointLimitation

===========================================================================================
----------------- testing Fri Sep 04 15:38:52 UTC 2020 /home/travis/build/icyphy/ptII/ptolemy/domains/de/test/auto/DEScheduleTest.xml
----------------- Instantiating /home/travis/build/icyphy/ptII/ptolemy/domains/de/test/auto/DEScheduleTest.xml
2 ms. Memory: 51200K Free: 17426K (34%)
----------------- Invoking toplevel() on ptolemy.moml.MoMLSimpleApplication@5c679d4e
----------------- Done invoking toplevel() on ptolemy.moml.MoMLSimpleApplication@5c679d4e
reloadAllAccessors: .DEScheduleTest

===========================================================================================
----------------- testing Fri Sep 04 15:38:52 UTC 2020 /home/travis/build/icyphy/ptII/ptolemy/domains/de/test/auto/DEinDEwithStartTimes.xml
----------------- Instantiating /home/travis/build/icyphy/ptII/ptolemy/domains/de/test/auto/DEinDEwithStartTimes.xml
2 ms. Memory: 51200K Free: 11619K (23%)
----------------- Invoking toplevel() on ptolemy.moml.MoMLSimpleApplication@2a7b7c07
----------------- Done invoking toplevel() on ptolemy.moml.MoMLSimpleApplication@2a7b7c07
reloadAllAccessors: .DEinDEwithStartTimes

===========================================================================================
----------------- testing Fri Sep 04 15:38:52 UTC 2020 /home/travis/build/icyphy/ptII/ptolemy/domains/de/test/auto/DEinDEwithStartTimes2.xml
----------------- Instantiating /home/travis/build/icyphy/ptII/ptolemy/domains/de/test/auto/DEinDEwithStartTimes2.xml
2 ms. Memory: 51200K Free: 32729K (64%)
----------------- Invoking toplevel() on ptolemy.moml.MoMLSimpleApplication@59fd7832
----------------- Done invoking toplevel() on ptolemy.moml.MoMLSimpleApplication@59fd7832
reloadAllAccessors: .DEinDEwithStartTimes2

===========================================================================================
----------------- testing Fri Sep 04 15:38:52 UTC 2020 /home/travis/build/icyphy/ptII/ptolemy/domains/de/test/auto/DateDemo.xml
----------------- Instantiating /home/travis/build/icyphy/ptII/ptolemy/domains/de/test/auto/DateDemo.xml
6 ms. Memory: 51200K Free: 21876K (43%)
----------------- Invoking toplevel() on ptolemy.moml.MoMLSimpleApplication@4f68083c
----------------- Done invoking toplevel() on ptolemy.moml.MoMLSimpleApplication@4f68083c
reloadAllAccessors: .DateDemo

===========================================================================================
----------------- testing Fri Sep 04 15:38:52 UTC 2020 /home/travis/build/icyphy/ptII/ptolemy/domains/de/test/auto/DateToEvent.xml
----------------- Instantiating /home/travis/build/icyphy/ptII/ptolemy/domains/de/test/auto/DateToEvent.xml
2005 ms. Memory: 51200K Free: 32585K (64%)
----------------- Invoking toplevel() on ptolemy.moml.MoMLSimpleApplication@14c427cd
----------------- Done invoking toplevel() on ptolemy.moml.MoMLSimpleApplication@14c427cd
reloadAllAccessors: .DateToEvent

===========================================================================================
----------------- testing Fri Sep 04 15:38:54 UTC 2020 /home/travis/build/icyphy/ptII/ptolemy/domains/de/test/auto/DepthTest1.xml
----------------- Instantiating /home/travis/build/icyphy/ptII/ptolemy/domains/de/test/auto/DepthTest1.xml
1 ms. Memory: 51200K Free: 29706K (58%)
----------------- Invoking toplevel() on ptolemy.moml.MoMLSimpleApplication@d4c97e1
----------------- Done invoking toplevel() on ptolemy.moml.MoMLSimpleApplication@d4c97e1
reloadAllAccessors: .DepthTest1

===========================================================================================
----------------- testing Fri Sep 04 15:38:54 UTC 2020 /home/travis/build/icyphy/ptII/ptolemy/domains/de/test/auto/DepthTest2.xml
----------------- Instantiating /home/travis/build/icyphy/ptII/ptolemy/domains/de/test/auto/DepthTest2.xml
2 ms. Memory: 51200K Free: 23369K (46%)
----------------- Invoking toplevel() on ptolemy.moml.MoMLSimpleApplication@fa6a262
----------------- Done invoking toplevel() on ptolemy.moml.MoMLSimpleApplication@fa6a262
reloadAllAccessors: .DepthTest2

===========================================================================================
----------------- testing Fri Sep 04 15:38:54 UTC 2020 /home/travis/build/icyphy/ptII/ptolemy/domains/de/test/auto/DepthTest3.xml
----------------- Instantiating /home/travis/build/icyphy/ptII/ptolemy/domains/de/test/auto/DepthTest3.xml
1 ms. Memory: 51200K Free: 20490K (40%)
----------------- Invoking toplevel() on ptolemy.moml.MoMLSimpleApplication@125c40e4
----------------- Done invoking toplevel() on ptolemy.moml.MoMLSimpleApplication@125c40e4
reloadAllAccessors: .DepthTest3

===========================================================================================
----------------- testing Fri Sep 04 15:38:54 UTC 2020 /home/travis/build/icyphy/ptII/ptolemy/domains/de/test/auto/DepthTest4.xml
----------------- Instantiating /home/travis/build/icyphy/ptII/ptolemy/domains/de/test/auto/DepthTest4.xml
1 ms. Memory: 51200K Free: 15572K (30%)
----------------- Invoking toplevel() on ptolemy.moml.MoMLSimpleApplication@7f9acb49
----------------- Done invoking toplevel() on ptolemy.moml.MoMLSimpleApplication@7f9acb49
reloadAllAccessors: .DepthTest4

===========================================================================================
----------------- testing Fri Sep 04 15:38:54 UTC 2020 /home/travis/build/icyphy/ptII/ptolemy/domains/de/test/auto/DepthTest5.xml
----------------- Instantiating /home/travis/build/icyphy/ptII/ptolemy/domains/de/test/auto/DepthTest5.xml
2 ms. Memory: 51200K Free: 10264K (20%)
----------------- Invoking toplevel() on ptolemy.moml.MoMLSimpleApplication@624f9721
----------------- Done invoking toplevel() on ptolemy.moml.MoMLSimpleApplication@624f9721
reloadAllAccessors: .DepthTest5

===========================================================================================
----------------- testing Fri Sep 04 15:38:54 UTC 2020 /home/travis/build/icyphy/ptII/ptolemy/domains/de/test/auto/DepthTest6.xml
----------------- Instantiating /home/travis/build/icyphy/ptII/ptolemy/domains/de/test/auto/DepthTest6.xml
2 ms. Memory: 51200K Free: 31796K (62%)
----------------- Invoking toplevel() on ptolemy.moml.MoMLSimpleApplication@32b0da85
----------------- Done invoking toplevel() on ptolemy.moml.MoMLSimpleApplication@32b0da85
reloadAllAccessors: .DepthTest6

===========================================================================================
----------------- testing Fri Sep 04 15:38:54 UTC 2020 /home/travis/build/icyphy/ptII/ptolemy/domains/de/test/auto/DepthTest7.xml
----------------- Instantiating /home/travis/build/icyphy/ptII/ptolemy/domains/de/test/auto/DepthTest7.xml
2 ms. Memory: 51200K Free: 26708K (52%)
----------------- Invoking toplevel() on ptolemy.moml.MoMLSimpleApplication@aeb519b
----------------- Done invoking toplevel() on ptolemy.moml.MoMLSimpleApplication@aeb519b
reloadAllAccessors: .DepthTest7

===========================================================================================
----------------- testing Fri Sep 04 15:38:54 UTC 2020 /home/travis/build/icyphy/ptII/ptolemy/domains/de/test/auto/EventToDate.xml
----------------- Instantiating /home/travis/build/icyphy/ptII/ptolemy/domains/de/test/auto/EventToDate.xml
3003 ms. Memory: 51200K Free: 13662K (27%)
----------------- Invoking toplevel() on ptolemy.moml.MoMLSimpleApplication@3c679ef3
----------------- Done invoking toplevel() on ptolemy.moml.MoMLSimpleApplication@3c679ef3
reloadAllAccessors: .EventToDate

===========================================================================================
----------------- testing Fri Sep 04 15:38:57 UTC 2020 /home/travis/build/icyphy/ptII/ptolemy/domains/de/test/auto/FSM1.xml
----------------- Instantiating /home/travis/build/icyphy/ptII/ptolemy/domains/de/test/auto/FSM1.xml
30 ms. Memory: 51200K Free: 28300K (55%)
----------------- Invoking toplevel() on ptolemy.moml.MoMLSimpleApplication@7ce48cea
----------------- Done invoking toplevel() on ptolemy.moml.MoMLSimpleApplication@7ce48cea
reloadAllAccessors: .FSM1

===========================================================================================
----------------- testing Fri Sep 04 15:38:57 UTC 2020 /home/travis/build/icyphy/ptII/ptolemy/domains/de/test/auto/FSM7.xml
----------------- Instantiating /home/travis/build/icyphy/ptII/ptolemy/domains/de/test/auto/FSM7.xml
23 ms. Memory: 51200K Free: 16041K (31%)
----------------- Invoking toplevel() on ptolemy.moml.MoMLSimpleApplication@d8e2af4
----------------- Done invoking toplevel() on ptolemy.moml.MoMLSimpleApplication@d8e2af4
reloadAllAccessors: .FSM7

===========================================================================================
----------------- testing Fri Sep 04 15:38:57 UTC 2020 /home/travis/build/icyphy/ptII/ptolemy/domains/de/test/auto/Inspection.xml
----------------- Instantiating /home/travis/build/icyphy/ptII/ptolemy/domains/de/test/auto/Inspection.xml
14 ms. Memory: 51200K Free: 30291K (59%)
----------------- Invoking toplevel() on ptolemy.moml.MoMLSimpleApplication@50a3d354
----------------- Done invoking toplevel() on ptolemy.moml.MoMLSimpleApplication@50a3d354
reloadAllAccessors: .Inspection

===========================================================================================
----------------- testing Fri Sep 04 15:38:57 UTC 2020 /home/travis/build/icyphy/ptII/ptolemy/domains/de/test/auto/Iteration.xml
----------------- Instantiating /home/travis/build/icyphy/ptII/ptolemy/domains/de/test/auto/Iteration.xml
10 ms. Memory: 51200K Free: 23488K (46%)
----------------- Invoking toplevel() on ptolemy.moml.MoMLSimpleApplication@24b6c3c0
----------------- Done invoking toplevel() on ptolemy.moml.MoMLSimpleApplication@24b6c3c0
reloadAllAccessors: .Iteration

===========================================================================================
----------------- testing Fri Sep 04 15:38:57 UTC 2020 /home/travis/build/icyphy/ptII/ptolemy/domains/de/test/auto/LineFault.xml
----------------- Instantiating /home/travis/build/icyphy/ptII/ptolemy/domains/de/test/auto/LineFault.xml
457 ms. Memory: 51200K Free: 12389K (24%)
----------------- Invoking toplevel() on ptolemy.moml.MoMLSimpleApplication@38e1392a
----------------- Done invoking toplevel() on ptolemy.moml.MoMLSimpleApplication@38e1392a
reloadAllAccessors: .LineFault

===========================================================================================
----------------- testing Fri Sep 04 15:38:58 UTC 2020 /home/travis/build/icyphy/ptII/ptolemy/domains/de/test/auto/MergeModel1Add.xml
----------------- Instantiating /home/travis/build/icyphy/ptII/ptolemy/domains/de/test/auto/MergeModel1Add.xml
6 ms. Memory: 51200K Free: 20108K (39%)
----------------- Invoking toplevel() on ptolemy.moml.MoMLSimpleApplication@2d7cafed
----------------- Done invoking toplevel() on ptolemy.moml.MoMLSimpleApplication@2d7cafed
reloadAllAccessors: .MergeModel1Add

===========================================================================================
----------------- testing Fri Sep 04 15:38:58 UTC 2020 /home/travis/build/icyphy/ptII/ptolemy/domains/de/test/auto/MergeModel2Add.xml
----------------- Instantiating /home/travis/build/icyphy/ptII/ptolemy/domains/de/test/auto/MergeModel2Add.xml
5 ms. Memory: 51200K Free: 27060K (53%)
----------------- Invoking toplevel() on ptolemy.moml.MoMLSimpleApplication@14334558
----------------- Done invoking toplevel() on ptolemy.moml.MoMLSimpleApplication@14334558
reloadAllAccessors: .MergeModel2Add

===========================================================================================
----------------- testing Fri Sep 04 15:38:58 UTC 2020 /home/travis/build/icyphy/ptII/ptolemy/domains/de/test/auto/MergeModel3Add.xml
----------------- Instantiating /home/travis/build/icyphy/ptII/ptolemy/domains/de/test/auto/MergeModel3Add.xml
11 ms. Memory: 51200K Free: 34424K (67%)
----------------- Invoking toplevel() on ptolemy.moml.MoMLSimpleApplication@13537c4b
----------------- Done invoking toplevel() on ptolemy.moml.MoMLSimpleApplication@13537c4b
reloadAllAccessors: .MergeModel3Add

===========================================================================================
----------------- testing Fri Sep 04 15:38:58 UTC 2020 /home/travis/build/icyphy/ptII/ptolemy/domains/de/test/auto/MergeWithoutDiscard.xml
----------------- Instantiating /home/travis/build/icyphy/ptII/ptolemy/domains/de/test/auto/MergeWithoutDiscard.xml
1 ms. Memory: 51200K Free: 29908K (58%)
----------------- Invoking toplevel() on ptolemy.moml.MoMLSimpleApplication@3f7cf2ab
----------------- Done invoking toplevel() on ptolemy.moml.MoMLSimpleApplication@3f7cf2ab
reloadAllAccessors: .MergeWithoutDiscard

===========================================================================================
----------------- testing Fri Sep 04 15:38:58 UTC 2020 /home/travis/build/icyphy/ptII/ptolemy/domains/de/test/auto/Modal1.xml
----------------- Instantiating /home/travis/build/icyphy/ptII/ptolemy/domains/de/test/auto/Modal1.xml
7 ms. Memory: 51200K Free: 17882K (35%)
----------------- Invoking toplevel() on ptolemy.moml.MoMLSimpleApplication@40811825
----------------- Done invoking toplevel() on ptolemy.moml.MoMLSimpleApplication@40811825
reloadAllAccessors: .Modal1

===========================================================================================
----------------- testing Fri Sep 04 15:38:58 UTC 2020 /home/travis/build/icyphy/ptII/ptolemy/domains/de/test/auto/Modal2.xml
----------------- Instantiating /home/travis/build/icyphy/ptII/ptolemy/domains/de/test/auto/Modal2.xml
9 ms. Memory: 51200K Free: 30707K (60%)
----------------- Invoking toplevel() on ptolemy.moml.MoMLSimpleApplication@698c10ab
----------------- Done invoking toplevel() on ptolemy.moml.MoMLSimpleApplication@698c10ab
reloadAllAccessors: .Modal2

===========================================================================================
----------------- testing Fri Sep 04 15:38:58 UTC 2020 /home/travis/build/icyphy/ptII/ptolemy/domains/de/test/auto/Modal3.xml
----------------- Instantiating /home/travis/build/icyphy/ptII/ptolemy/domains/de/test/auto/Modal3.xml
7 ms. Memory: 51200K Free: 18730K (37%)
----------------- Invoking toplevel() on ptolemy.moml.MoMLSimpleApplication@2883a537
----------------- Done invoking toplevel() on ptolemy.moml.MoMLSimpleApplication@2883a537
reloadAllAccessors: .Modal3

===========================================================================================
----------------- testing Fri Sep 04 15:38:58 UTC 2020 /home/travis/build/icyphy/ptII/ptolemy/domains/de/test/auto/Modal4.xml
----------------- Instantiating /home/travis/build/icyphy/ptII/ptolemy/domains/de/test/auto/Modal4.xml
10 ms. Memory: 51200K Free: 30272K (59%)
----------------- Invoking toplevel() on ptolemy.moml.MoMLSimpleApplication@2b152426
----------------- Done invoking toplevel() on ptolemy.moml.MoMLSimpleApplication@2b152426
reloadAllAccessors: .Modal4

===========================================================================================
----------------- testing Fri Sep 04 15:38:58 UTC 2020 /home/travis/build/icyphy/ptII/ptolemy/domains/de/test/auto/Modal5.xml
----------------- Instantiating /home/travis/build/icyphy/ptII/ptolemy/domains/de/test/auto/Modal5.xml
9 ms. Memory: 51200K Free: 17508K (34%)
----------------- Invoking toplevel() on ptolemy.moml.MoMLSimpleApplication@79d000a8
----------------- Done invoking toplevel() on ptolemy.moml.MoMLSimpleApplication@79d000a8
reloadAllAccessors: .Modal5

===========================================================================================
----------------- testing Fri Sep 04 15:38:58 UTC 2020 /home/travis/build/icyphy/ptII/ptolemy/domains/de/test/auto/Modal6.xml
----------------- Instantiating /home/travis/build/icyphy/ptII/ptolemy/domains/de/test/auto/Modal6.xml
8 ms. Memory: 51200K Free: 30045K (59%)
----------------- Invoking toplevel() on ptolemy.moml.MoMLSimpleApplication@1b0c139a
----------------- Done invoking toplevel() on ptolemy.moml.MoMLSimpleApplication@1b0c139a
reloadAllAccessors: .Modal6

===========================================================================================
----------------- testing Fri Sep 04 15:38:58 UTC 2020 /home/travis/build/icyphy/ptII/ptolemy/domains/de/test/auto/Modal7.xml
----------------- Instantiating /home/travis/build/icyphy/ptII/ptolemy/domains/de/test/auto/Modal7.xml
8 ms. Memory: 51200K Free: 16962K (33%)
----------------- Invoking toplevel() on ptolemy.moml.MoMLSimpleApplication@4bb3df28
----------------- Done invoking toplevel() on ptolemy.moml.MoMLSimpleApplication@4bb3df28
reloadAllAccessors: .Modal7

===========================================================================================
----------------- testing Fri Sep 04 15:38:58 UTC 2020 /home/travis/build/icyphy/ptII/ptolemy/domains/de/test/auto/ModalModel.xml
----------------- Instantiating /home/travis/build/icyphy/ptII/ptolemy/domains/de/test/auto/ModalModel.xml
138 ms. Memory: 62464K Free: 34189K (55%)
----------------- Invoking toplevel() on ptolemy.moml.MoMLSimpleApplication@5b699d7d
----------------- Done invoking toplevel() on ptolemy.moml.MoMLSimpleApplication@5b699d7d
reloadAllAccessors: .ModalModel

===========================================================================================
----------------- testing Fri Sep 04 15:38:58 UTC 2020 /home/travis/build/icyphy/ptII/ptolemy/domains/de/test/auto/ModalSource.xml
----------------- Instantiating /home/travis/build/icyphy/ptII/ptolemy/domains/de/test/auto/ModalSource.xml
5 ms. Memory: 62464K Free: 25997K (42%)
----------------- Invoking toplevel() on ptolemy.moml.MoMLSimpleApplication@65b11c93
----------------- Done invoking toplevel() on ptolemy.moml.MoMLSimpleApplication@65b11c93
reloadAllAccessors: .ModalSource

===========================================================================================
----------------- testing Fri Sep 04 15:38:58 UTC 2020 /home/travis/build/icyphy/ptII/ptolemy/domains/de/test/auto/NonInterruptibleTimerZeroDelay.xml
----------------- Instantiating /home/travis/build/icyphy/ptII/ptolemy/domains/de/test/auto/NonInterruptibleTimerZeroDelay.xml
2 ms. Memory: 62464K Free: 22319K (36%)
----------------- Invoking toplevel() on ptolemy.moml.MoMLSimpleApplication@12ae6251
----------------- Done invoking toplevel() on ptolemy.moml.MoMLSimpleApplication@12ae6251
reloadAllAccessors: .NonInterruptibleTimerZeroDelay

===========================================================================================
----------------- testing Fri Sep 04 15:38:58 UTC 2020 /home/travis/build/icyphy/ptII/ptolemy/domains/de/test/auto/OpenQueueingNetwork.xml
----------------- Instantiating /home/travis/build/icyphy/ptII/ptolemy/domains/de/test/auto/OpenQueueingNetwork.xml
2341 ms. Memory: 121856K Free: 88562K (73%)
----------------- Invoking toplevel() on ptolemy.moml.MoMLSimpleApplication@31d0fd81
----------------- Done invoking toplevel() on ptolemy.moml.MoMLSimpleApplication@31d0fd81
reloadAllAccessors: .OpenQueueingNetwork

===========================================================================================
----------------- testing Fri Sep 04 15:39:01 UTC 2020 /home/travis/build/icyphy/ptII/ptolemy/domains/de/test/auto/OpenQueuingNetwork.xml
----------------- Instantiating /home/travis/build/icyphy/ptII/ptolemy/domains/de/test/auto/OpenQueuingNetwork.xml
220 ms. Memory: 121856K Free: 81762K (67%)
----------------- Invoking toplevel() on ptolemy.moml.MoMLSimpleApplication@366e7651
----------------- Done invoking toplevel() on ptolemy.moml.MoMLSimpleApplication@366e7651
reloadAllAccessors: .OpenQueuingNetwork

===========================================================================================
----------------- testing Fri Sep 04 15:39:01 UTC 2020 /home/travis/build/icyphy/ptII/ptolemy/domains/de/test/auto/PeriodicSampler.xml
----------------- Instantiating /home/travis/build/icyphy/ptII/ptolemy/domains/de/test/auto/PeriodicSampler.xml
2 ms. Memory: 121856K Free: 77152K (63%)
----------------- Invoking toplevel() on ptolemy.moml.MoMLSimpleApplication@6ee41cd0
----------------- Done invoking toplevel() on ptolemy.moml.MoMLSimpleApplication@6ee41cd0
reloadAllAccessors: .PeriodicSampler

===========================================================================================
----------------- testing Fri Sep 04 15:39:01 UTC 2020 /home/travis/build/icyphy/ptII/ptolemy/domains/de/test/auto/PersistentIO.xml
----------------- Instantiating /home/travis/build/icyphy/ptII/ptolemy/domains/de/test/auto/PersistentIO.xml
3 ms. Memory: 121856K Free: 67426K (55%)
----------------- Invoking toplevel() on ptolemy.moml.MoMLSimpleApplication@66a8d6b9
----------------- Done invoking toplevel() on ptolemy.moml.MoMLSimpleApplication@66a8d6b9
reloadAllAccessors: .PersistentIO

===========================================================================================
----------------- testing Fri Sep 04 15:39:01 UTC 2020 /home/travis/build/icyphy/ptII/ptolemy/domains/de/test/auto/PortParameterResetOnInitialize.xml
----------------- Instantiating /home/travis/build/icyphy/ptII/ptolemy/domains/de/test/auto/PortParameterResetOnInitialize.xml
4 ms. Memory: 121856K Free: 62802K (52%)
----------------- Invoking toplevel() on ptolemy.moml.MoMLSimpleApplication@31fbf537
----------------- Done invoking toplevel() on ptolemy.moml.MoMLSimpleApplication@31fbf537
reloadAllAccessors: .PortParameterResetOnInitialize

===========================================================================================
----------------- testing Fri Sep 04 15:39:01 UTC 2020 /home/travis/build/icyphy/ptII/ptolemy/domains/de/test/auto/PortParameterUpdates.xml
----------------- Instantiating /home/travis/build/icyphy/ptII/ptolemy/domains/de/test/auto/PortParameterUpdates.xml
3 ms. Memory: 121856K Free: 56658K (46%)
----------------- Invoking toplevel() on ptolemy.moml.MoMLSimpleApplication@7e367374
----------------- Done invoking toplevel() on ptolemy.moml.MoMLSimpleApplication@7e367374
reloadAllAccessors: .PortParameterUpdates

===========================================================================================
----------------- testing Fri Sep 04 15:39:01 UTC 2020 /home/travis/build/icyphy/ptII/ptolemy/domains/de/test/auto/QueueAndServer.xml
----------------- Instantiating /home/travis/build/icyphy/ptII/ptolemy/domains/de/test/auto/QueueAndServer.xml
4 ms. Memory: 121856K Free: 48480K (40%)
----------------- Invoking toplevel() on ptolemy.moml.MoMLSimpleApplication@7e9029fd
----------------- Done invoking toplevel() on ptolemy.moml.MoMLSimpleApplication@7e9029fd
reloadAllAccessors: .QueueAndServer

===========================================================================================
----------------- testing Fri Sep 04 15:39:01 UTC 2020 /home/travis/build/icyphy/ptII/ptolemy/domains/de/test/auto/Records.xml
----------------- Instantiating /home/travis/build/icyphy/ptII/ptolemy/domains/de/test/auto/Records.xml
3 ms. Memory: 121856K Free: 42850K (35%)
----------------- Invoking toplevel() on ptolemy.moml.MoMLSimpleApplication@39f8b8e9
----------------- Done invoking toplevel() on ptolemy.moml.MoMLSimpleApplication@39f8b8e9
reloadAllAccessors: .Records

===========================================================================================
----------------- testing Fri Sep 04 15:39:01 UTC 2020 /home/travis/build/icyphy/ptII/ptolemy/domains/de/test/auto/ResetTransitionWithStartTime1.xml
----------------- Instantiating /home/travis/build/icyphy/ptII/ptolemy/domains/de/test/auto/ResetTransitionWithStartTime1.xml
8 ms. Memory: 121856K Free: 34658K (28%)
----------------- Invoking toplevel() on ptolemy.moml.MoMLSimpleApplication@28a2dd03
----------------- Done invoking toplevel() on ptolemy.moml.MoMLSimpleApplication@28a2dd03
reloadAllAccessors: .ResetTransitionWithStartTime1

===========================================================================================
----------------- testing Fri Sep 04 15:39:01 UTC 2020 /home/travis/build/icyphy/ptII/ptolemy/domains/de/test/auto/ResetTransitionWithStartTime2.xml
----------------- Instantiating /home/travis/build/icyphy/ptII/ptolemy/domains/de/test/auto/ResetTransitionWithStartTime2.xml
4 ms. Memory: 121856K Free: 97632K (80%)
----------------- Invoking toplevel() on ptolemy.moml.MoMLSimpleApplication@1a3183b1
----------------- Done invoking toplevel() on ptolemy.moml.MoMLSimpleApplication@1a3183b1
reloadAllAccessors: .ResetTransitionWithStartTime2

===========================================================================================
----------------- testing Fri Sep 04 15:39:01 UTC 2020 /home/travis/build/icyphy/ptII/ptolemy/domains/de/test/auto/ResetTransitionWithStartTime3.xml
----------------- Instantiating /home/travis/build/icyphy/ptII/ptolemy/domains/de/test/auto/ResetTransitionWithStartTime3.xml
4 ms. Memory: 121856K Free: 89440K (73%)
----------------- Invoking toplevel() on ptolemy.moml.MoMLSimpleApplication@2a930f0e
----------------- Done invoking toplevel() on ptolemy.moml.MoMLSimpleApplication@2a930f0e
reloadAllAccessors: .ResetTransitionWithStartTime3

===========================================================================================
----------------- testing Fri Sep 04 15:39:01 UTC 2020 /home/travis/build/icyphy/ptII/ptolemy/domains/de/test/auto/ResetTransitionWithStartTime4.xml
----------------- Instantiating /home/travis/build/icyphy/ptII/ptolemy/domains/de/test/auto/ResetTransitionWithStartTime4.xml
4 ms. Memory: 121856K Free: 81752K (67%)
----------------- Invoking toplevel() on ptolemy.moml.MoMLSimpleApplication@6671a457
----------------- Done invoking toplevel() on ptolemy.moml.MoMLSimpleApplication@6671a457
reloadAllAccessors: .ResetTransitionWithStartTime4

===========================================================================================
----------------- testing Fri Sep 04 15:39:01 UTC 2020 /home/travis/build/icyphy/ptII/ptolemy/domains/de/test/auto/ResettableTimer1.xml
----------------- Instantiating /home/travis/build/icyphy/ptII/ptolemy/domains/de/test/auto/ResettableTimer1.xml
4 ms. Memory: 121856K Free: 77648K (64%)
----------------- Invoking toplevel() on ptolemy.moml.MoMLSimpleApplication@3840666f
----------------- Done invoking toplevel() on ptolemy.moml.MoMLSimpleApplication@3840666f
reloadAllAccessors: .ResettableTimer1

===========================================================================================
----------------- testing Fri Sep 04 15:39:01 UTC 2020 /home/travis/build/icyphy/ptII/ptolemy/domains/de/test/auto/ResettableTimer2.xml
----------------- Instantiating /home/travis/build/icyphy/ptII/ptolemy/domains/de/test/auto/ResettableTimer2.xml
2 ms. Memory: 121856K Free: 73552K (60%)
----------------- Invoking toplevel() on ptolemy.moml.MoMLSimpleApplication@5a8ec7c6
----------------- Done invoking toplevel() on ptolemy.moml.MoMLSimpleApplication@5a8ec7c6
reloadAllAccessors: .ResettableTimer2

===========================================================================================
----------------- testing Fri Sep 04 15:39:01 UTC 2020 /home/travis/build/icyphy/ptII/ptolemy/domains/de/test/auto/ResettableTimer3.xml
----------------- Instantiating /home/travis/build/icyphy/ptII/ptolemy/domains/de/test/auto/ResettableTimer3.xml
1 ms. Memory: 121856K Free: 69470K (57%)
----------------- Invoking toplevel() on ptolemy.moml.MoMLSimpleApplication@534f8d2c
----------------- Done invoking toplevel() on ptolemy.moml.MoMLSimpleApplication@534f8d2c
reloadAllAccessors: .ResettableTimer3

===========================================================================================
----------------- testing Fri Sep 04 15:39:01 UTC 2020 /home/travis/build/icyphy/ptII/ptolemy/domains/de/test/auto/ResettableTimer4.xml
----------------- Instantiating /home/travis/build/icyphy/ptII/ptolemy/domains/de/test/auto/ResettableTimer4.xml
1 ms. Memory: 121856K Free: 65374K (54%)
----------------- Invoking toplevel() on ptolemy.moml.MoMLSimpleApplication@3a07fdb7
----------------- Done invoking toplevel() on ptolemy.moml.MoMLSimpleApplication@3a07fdb7
reloadAllAccessors: .ResettableTimer4

===========================================================================================
----------------- testing Fri Sep 04 15:39:01 UTC 2020 /home/travis/build/icyphy/ptII/ptolemy/domains/de/test/auto/ResettableTimer5.xml
----------------- Instantiating /home/travis/build/icyphy/ptII/ptolemy/domains/de/test/auto/ResettableTimer5.xml
2 ms. Memory: 121856K Free: 61278K (50%)
----------------- Invoking toplevel() on ptolemy.moml.MoMLSimpleApplication@762b2f9c
----------------- Done invoking toplevel() on ptolemy.moml.MoMLSimpleApplication@762b2f9c
reloadAllAccessors: .ResettableTimer5

===========================================================================================
----------------- testing Fri Sep 04 15:39:01 UTC 2020 /home/travis/build/icyphy/ptII/ptolemy/domains/de/test/auto/ResettableTimer6.xml
----------------- Instantiating /home/travis/build/icyphy/ptII/ptolemy/domains/de/test/auto/ResettableTimer6.xml
8 ms. Memory: 121856K Free: 56670K (47%)
----------------- Invoking toplevel() on ptolemy.moml.MoMLSimpleApplication@2d4c5252
----------------- Done invoking toplevel() on ptolemy.moml.MoMLSimpleApplication@2d4c5252
reloadAllAccessors: .ResettableTimer6

===========================================================================================
----------------- testing Fri Sep 04 15:39:01 UTC 2020 /home/travis/build/icyphy/ptII/ptolemy/domains/de/test/auto/ServerZeroDelay.xml
----------------- Instantiating /home/travis/build/icyphy/ptII/ptolemy/domains/de/test/auto/ServerZeroDelay.xml
2 ms. Memory: 121856K Free: 52576K (43%)
----------------- Invoking toplevel() on ptolemy.moml.MoMLSimpleApplication@15eed60b
----------------- Done invoking toplevel() on ptolemy.moml.MoMLSimpleApplication@15eed60b
reloadAllAccessors: .ServerZeroDelay

===========================================================================================
----------------- testing Fri Sep 04 15:39:01 UTC 2020 /home/travis/build/icyphy/ptII/ptolemy/domains/de/test/auto/SmartSender.xml
----------------- Instantiating /home/travis/build/icyphy/ptII/ptolemy/domains/de/test/auto/SmartSender.xml
3001 ms. Memory: 121856K Free: 48480K (40%)
----------------- Invoking toplevel() on ptolemy.moml.MoMLSimpleApplication@5e2a6805
----------------- Done invoking toplevel() on ptolemy.moml.MoMLSimpleApplication@5e2a6805
reloadAllAccessors: .SmartSender

===========================================================================================
----------------- testing Fri Sep 04 15:39:04 UTC 2020 /home/travis/build/icyphy/ptII/ptolemy/domains/de/test/auto/ThreadedComposite.xml
----------------- Instantiating /home/travis/build/icyphy/ptII/ptolemy/domains/de/test/auto/ThreadedComposite.xml
199 ms. Memory: 121856K Free: 91479K (75%)
----------------- Invoking toplevel() on ptolemy.moml.MoMLSimpleApplication@255428e9
----------------- Done invoking toplevel() on ptolemy.moml.MoMLSimpleApplication@255428e9
reloadAllAccessors: .ThreadedComposite

===========================================================================================
----------------- testing Fri Sep 04 15:39:04 UTC 2020 /home/travis/build/icyphy/ptII/ptolemy/domains/de/test/auto/Time.xml
----------------- Instantiating /home/travis/build/icyphy/ptII/ptolemy/domains/de/test/auto/Time.xml
350 ms. Memory: 121856K Free: 37556K (31%)
----------------- Invoking toplevel() on ptolemy.moml.MoMLSimpleApplication@a5fc45d
----------------- Done invoking toplevel() on ptolemy.moml.MoMLSimpleApplication@a5fc45d
reloadAllAccessors: .Time

===========================================================================================
----------------- testing Fri Sep 04 15:39:05 UTC 2020 /home/travis/build/icyphy/ptII/ptolemy/domains/de/test/auto/TimeDelayZeroDelay.xml
----------------- Instantiating /home/travis/build/icyphy/ptII/ptolemy/domains/de/test/auto/TimeDelayZeroDelay.xml
10 ms. Memory: 146432K Free: 128994K (88%)
----------------- Invoking toplevel() on ptolemy.moml.MoMLSimpleApplication@548c90eb
----------------- Done invoking toplevel() on ptolemy.moml.MoMLSimpleApplication@548c90eb
reloadAllAccessors: .TimeDelayZeroDelay

===========================================================================================
----------------- testing Fri Sep 04 15:39:05 UTC 2020 /home/travis/build/icyphy/ptII/ptolemy/domains/de/test/auto/TimerZeroDelay.xml
----------------- Instantiating /home/travis/build/icyphy/ptII/ptolemy/domains/de/test/auto/TimerZeroDelay.xml
2 ms. Memory: 146432K Free: 124677K (85%)
----------------- Invoking toplevel() on ptolemy.moml.MoMLSimpleApplication@5d4a0489
----------------- Done invoking toplevel() on ptolemy.moml.MoMLSimpleApplication@5d4a0489
reloadAllAccessors: .TimerZeroDelay

===========================================================================================
----------------- testing Fri Sep 04 15:39:05 UTC 2020 /home/travis/build/icyphy/ptII/ptolemy/domains/de/test/auto/TimingParadox.xml
----------------- Instantiating /home/travis/build/icyphy/ptII/ptolemy/domains/de/test/auto/TimingParadox.xml
246 ms. Memory: 146432K Free: 57107K (39%)
----------------- Invoking toplevel() on ptolemy.moml.MoMLSimpleApplication@3ed3b802
----------------- Done invoking toplevel() on ptolemy.moml.MoMLSimpleApplication@3ed3b802
reloadAllAccessors: .TimingParadox

===========================================================================================
----------------- testing Fri Sep 04 15:39:05 UTC 2020 /home/travis/build/icyphy/ptII/ptolemy/domains/de/test/auto/TransferInputs.xml
----------------- Instantiating /home/travis/build/icyphy/ptII/ptolemy/domains/de/test/auto/TransferInputs.xml
1 ms. Memory: 146432K Free: 52501K (36%)
----------------- Invoking toplevel() on ptolemy.moml.MoMLSimpleApplication@71e1c2bb
----------------- Done invoking toplevel() on ptolemy.moml.MoMLSimpleApplication@71e1c2bb
reloadAllAccessors: .TransferInputs

===========================================================================================
----------------- testing Fri Sep 04 15:39:05 UTC 2020 /home/travis/build/icyphy/ptII/ptolemy/domains/de/test/auto/TransferOutputs2.xml
----------------- Instantiating /home/travis/build/icyphy/ptII/ptolemy/domains/de/test/auto/TransferOutputs2.xml
1 ms. Memory: 146432K Free: 44309K (30%)
----------------- Invoking toplevel() on ptolemy.moml.MoMLSimpleApplication@5c4ccd5f
----------------- Done invoking toplevel() on ptolemy.moml.MoMLSimpleApplication@5c4ccd5f
reloadAllAccessors: .TransferOutputs2

===========================================================================================
----------------- testing Fri Sep 04 15:39:05 UTC 2020 /home/travis/build/icyphy/ptII/ptolemy/domains/de/test/auto/Trilateration.xml
----------------- Instantiating /home/travis/build/icyphy/ptII/ptolemy/domains/de/test/auto/Trilateration.xml
10010 ms. Memory: 385024K Free: 274385K (71%)
----------------- Invoking toplevel() on ptolemy.moml.MoMLSimpleApplication@247d257a
----------------- Done invoking toplevel() on ptolemy.moml.MoMLSimpleApplication@247d257a
reloadAllAccessors: .Trilateration

===========================================================================================
----------------- testing Fri Sep 04 15:39:16 UTC 2020 /home/travis/build/icyphy/ptII/ptolemy/domains/de/test/auto/TwoSigmaDelta.xml
----------------- Instantiating /home/travis/build/icyphy/ptII/ptolemy/domains/de/test/auto/TwoSigmaDelta.xml
1758 ms. Memory: 385024K Free: 300502K (78%)
----------------- Invoking toplevel() on ptolemy.moml.MoMLSimpleApplication@7929e855
----------------- Done invoking toplevel() on ptolemy.moml.MoMLSimpleApplication@7929e855
reloadAllAccessors: .TwoSigmaDelta

===========================================================================================
----------------- testing Fri Sep 04 15:39:18 UTC 2020 /home/travis/build/icyphy/ptII/ptolemy/domains/de/test/auto/VariableDelay.xml
----------------- Instantiating /home/travis/build/icyphy/ptII/ptolemy/domains/de/test/auto/VariableDelay.xml
1 ms. Memory: 385024K Free: 295376K (77%)
----------------- Invoking toplevel() on ptolemy.moml.MoMLSimpleApplication@1de82f51
----------------- Done invoking toplevel() on ptolemy.moml.MoMLSimpleApplication@1de82f51
reloadAllAccessors: .VariableDelay

===========================================================================================
----------------- testing Fri Sep 04 15:39:18 UTC 2020 /home/travis/build/icyphy/ptII/ptolemy/domains/de/test/auto/VariableDelay2.xml
----------------- Instantiating /home/travis/build/icyphy/ptII/ptolemy/domains/de/test/auto/VariableDelay2.xml
1 ms. Memory: 385024K Free: 290776K (76%)
----------------- Invoking toplevel() on ptolemy.moml.MoMLSimpleApplication@249dc6fb
----------------- Done invoking toplevel() on ptolemy.moml.MoMLSimpleApplication@249dc6fb
reloadAllAccessors: .VariableDelay2

===========================================================================================
----------------- testing Fri Sep 04 15:39:18 UTC 2020 /home/travis/build/icyphy/ptII/ptolemy/domains/de/test/auto/VariableDelayZeroDelay.xml
----------------- Instantiating /home/travis/build/icyphy/ptII/ptolemy/domains/de/test/auto/VariableDelayZeroDelay.xml
8 ms. Memory: 385024K Free: 286680K (74%)
----------------- Invoking toplevel() on ptolemy.moml.MoMLSimpleApplication@12e3bdd9
----------------- Done invoking toplevel() on ptolemy.moml.MoMLSimpleApplication@12e3bdd9
reloadAllAccessors: .VariableDelayZeroDelay

===========================================================================================
----------------- testing Fri Sep 04 15:39:18 UTC 2020 /home/travis/build/icyphy/ptII/ptolemy/domains/de/test/auto/VariableDelayZeroDelay2.xml
----------------- Instantiating /home/travis/build/icyphy/ptII/ptolemy/domains/de/test/auto/VariableDelayZeroDelay2.xml
2 ms. Memory: 385024K Free: 282584K (73%)
----------------- Invoking toplevel() on ptolemy.moml.MoMLSimpleApplication@30e64ee9
----------------- Done invoking toplevel() on ptolemy.moml.MoMLSimpleApplication@30e64ee9
reloadAllAccessors: .VariableDelayZeroDelay2

===========================================================================================
----------------- testing Fri Sep 04 15:39:18 UTC 2020 /home/travis/build/icyphy/ptII/ptolemy/domains/de/test/auto/deInCt.xml
----------------- Instantiating /home/travis/build/icyphy/ptII/ptolemy/domains/de/test/auto/deInCt.xml
0
1
1
0
0
0
0
1
1
1
0
0
0
1
1
1
1
0
0
0
1
1
1
1
0
0
0
1
1
1
0
0
0
1
1
1
0
0
0
1
1
1
1
1
0
0
0
1
1
1
1
15 ms. Memory: 385024K Free: 277464K (72%)
----------------- Invoking toplevel() on ptolemy.moml.MoMLSimpleApplication@2a0398c1
----------------- Done invoking toplevel() on ptolemy.moml.MoMLSimpleApplication@2a0398c1
reloadAllAccessors: .deInCt

===========================================================================================
----------------- testing Fri Sep 04 15:39:18 UTC 2020 /home/travis/build/icyphy/ptII/ptolemy/domains/de/test/auto/deInCt2.xml
----------------- Instantiating /home/travis/build/icyphy/ptII/ptolemy/domains/de/test/auto/deInCt2.xml
0
1
1
1
0
0
1
1
1
0
0
1
1
1
0
0
1
1
1
0
0
1
1
1
0
0
1
1
1
0
0
1
1
1
0
0
1
1
1
0
0
0
14 ms. Memory: 385024K Free: 272344K (71%)
----------------- Invoking toplevel() on ptolemy.moml.MoMLSimpleApplication@601fca23
----------------- Done invoking toplevel() on ptolemy.moml.MoMLSimpleApplication@601fca23
reloadAllAccessors: .deInCt2

===========================================================================================
----------------- testing Fri Sep 04 15:39:18 UTC 2020 /home/travis/build/icyphy/ptII/ptolemy/domains/de/test/auto/dynamicCausalityInterface1.xml
----------------- Instantiating /home/travis/build/icyphy/ptII/ptolemy/domains/de/test/auto/dynamicCausalityInterface1.xml
1 ms. Memory: 385024K Free: 263128K (68%)
----------------- Invoking toplevel() on ptolemy.moml.MoMLSimpleApplication@5dddea91
----------------- Done invoking toplevel() on ptolemy.moml.MoMLSimpleApplication@5dddea91
reloadAllAccessors: .dynamicCausalityInterface1

===========================================================================================
----------------- testing Fri Sep 04 15:39:18 UTC 2020 /home/travis/build/icyphy/ptII/ptolemy/domains/de/test/auto/fsm_de_test.xml
----------------- Instantiating /home/travis/build/icyphy/ptII/ptolemy/domains/de/test/auto/fsm_de_test.xml
15 ms. Memory: 385024K Free: 253912K (66%)
----------------- Invoking toplevel() on ptolemy.moml.MoMLSimpleApplication@2ab35ca6
----------------- Done invoking toplevel() on ptolemy.moml.MoMLSimpleApplication@2ab35ca6
reloadAllAccessors: .fsm_de_test

===========================================================================================
----------------- testing Fri Sep 04 15:39:18 UTC 2020 /home/travis/build/icyphy/ptII/ptolemy/domains/de/test/auto/functionDependencyReconstruction.xml
----------------- Instantiating /home/travis/build/icyphy/ptII/ptolemy/domains/de/test/auto/functionDependencyReconstruction.xml
2 ms. Memory: 385024K Free: 239062K (62%)
----------------- Invoking toplevel() on ptolemy.moml.MoMLSimpleApplication@486ab03f
----------------- Done invoking toplevel() on ptolemy.moml.MoMLSimpleApplication@486ab03f
reloadAllAccessors: .functionDependencyReconstruction

===========================================================================================
----------------- testing Fri Sep 04 15:39:18 UTC 2020 /home/travis/build/icyphy/ptII/ptolemy/domains/de/test/auto/multirate.xml
----------------- Instantiating /home/travis/build/icyphy/ptII/ptolemy/domains/de/test/auto/multirate.xml
2 ms. Memory: 385024K Free: 232408K (60%)
----------------- Invoking toplevel() on ptolemy.moml.MoMLSimpleApplication@51961732
----------------- Done invoking toplevel() on ptolemy.moml.MoMLSimpleApplication@51961732
reloadAllAccessors: .multirate

===========================================================================================
----------------- testing Fri Sep 04 15:39:18 UTC 2020 /home/travis/build/icyphy/ptII/ptolemy/domains/de/test/auto/multirate2.xml
----------------- Instantiating /home/travis/build/icyphy/ptII/ptolemy/domains/de/test/auto/multirate2.xml
2 ms. Memory: 385024K Free: 225736K (59%)
----------------- Invoking toplevel() on ptolemy.moml.MoMLSimpleApplication@5bae95a0
----------------- Done invoking toplevel() on ptolemy.moml.MoMLSimpleApplication@5bae95a0
reloadAllAccessors: .multirate2

===========================================================================================
----------------- testing Fri Sep 04 15:39:18 UTC 2020 /home/travis/build/icyphy/ptII/ptolemy/domains/de/test/auto/realtime.xml
----------------- Instantiating /home/travis/build/icyphy/ptII/ptolemy/domains/de/test/auto/realtime.xml
10002 ms. Memory: 385024K Free: 221144K (57%)
----------------- Invoking toplevel() on ptolemy.moml.MoMLSimpleApplication@236e6d89
----------------- Done invoking toplevel() on ptolemy.moml.MoMLSimpleApplication@236e6d89
reloadAllAccessors: .realtime

===========================================================================================
----------------- testing Fri Sep 04 15:39:28 UTC 2020 /home/travis/build/icyphy/ptII/ptolemy/domains/de/test/auto/relationGroup.xml
----------------- Instantiating /home/travis/build/icyphy/ptII/ptolemy/domains/de/test/auto/relationGroup.xml
3 ms. Memory: 385024K Free: 217558K (57%)
----------------- Invoking toplevel() on ptolemy.moml.MoMLSimpleApplication@271898bb
----------------- Done invoking toplevel() on ptolemy.moml.MoMLSimpleApplication@271898bb
reloadAllAccessors: .relationGroup

===========================================================================================
----------------- testing Fri Sep 04 15:39:28 UTC 2020 /home/travis/build/icyphy/ptII/ptolemy/domains/de/test/auto/relationGroup2.xml
----------------- Instantiating /home/travis/build/icyphy/ptII/ptolemy/domains/de/test/auto/relationGroup2.xml
2 ms. Memory: 385024K Free: 213976K (56%)
----------------- Invoking toplevel() on ptolemy.moml.MoMLSimpleApplication@3bbbc2f4
----------------- Done invoking toplevel() on ptolemy.moml.MoMLSimpleApplication@3bbbc2f4
reloadAllAccessors: .relationGroup2

===========================================================================================
----------------- testing Fri Sep 04 15:39:28 UTC 2020 /home/travis/build/icyphy/ptII/ptolemy/domains/de/test/auto/sortWithOpaquePorts.xml
----------------- Instantiating /home/travis/build/icyphy/ptII/ptolemy/domains/de/test/auto/sortWithOpaquePorts.xml
2 ms. Memory: 385024K Free: 209352K (54%)
----------------- Invoking toplevel() on ptolemy.moml.MoMLSimpleApplication@7f7fc564
----------------- Done invoking toplevel() on ptolemy.moml.MoMLSimpleApplication@7f7fc564
reloadAllAccessors: .sortWithOpaquePorts

===========================================================================================
----------------- testing Fri Sep 04 15:39:28 UTC 2020 /home/travis/build/icyphy/ptII/ptolemy/domains/de/test/auto/transferInputsandOutputs.xml
----------------- Instantiating /home/travis/build/icyphy/ptII/ptolemy/domains/de/test/auto/transferInputsandOutputs.xml
1 ms. Memory: 385024K Free: 202198K (53%)
----------------- Invoking toplevel() on ptolemy.moml.MoMLSimpleApplication@5b84e567
----------------- Done invoking toplevel() on ptolemy.moml.MoMLSimpleApplication@5b84e567
reloadAllAccessors: .transferInputsandOutputs

===========================================================================================
----------------- testing Fri Sep 04 15:39:28 UTC 2020 /home/travis/build/icyphy/ptII/ptolemy/domains/de/test/auto/triggerType.xml
----------------- Instantiating /home/travis/build/icyphy/ptII/ptolemy/domains/de/test/auto/triggerType.xml
2 ms. Memory: 385024K Free: 198088K (51%)
----------------- Invoking toplevel() on ptolemy.moml.MoMLSimpleApplication@3cbca0f4
----------------- Done invoking toplevel() on ptolemy.moml.MoMLSimpleApplication@3cbca0f4
reloadAllAccessors: .triggerType
AutoTests.java: About to close Vertx.
AutoTests.java: Vertx closed.
]]></system-out>
  <system-err><![CDATA[java.lang.RuntimeException: Execution failed
	at ptolemy.moml.MoMLSimpleApplication$UnloadThread.run(MoMLSimpleApplication.java:402)
Caused by: ptolemy.kernel.util.IllegalActionException: Found a zero delay loop containing .dependencyLoop.original
  in .dependencyLoop and .dependencyLoop.original
	at ptolemy.actor.util.CausalityInterfaceForComposites._computeOutputPortDepth(CausalityInterfaceForComposites.java:759)
	at ptolemy.actor.util.CausalityInterfaceForComposites._computeInputDepth(CausalityInterfaceForComposites.java:696)
	at ptolemy.actor.util.CausalityInterfaceForComposites._computeOutputPortDepth(CausalityInterfaceForComposites.java:765)
	at ptolemy.actor.util.CausalityInterfaceForComposites._computeInputDepth(CausalityInterfaceForComposites.java:696)
	at ptolemy.actor.util.CausalityInterfaceForComposites._computeOutputPortDepth(CausalityInterfaceForComposites.java:765)
	at ptolemy.actor.util.CausalityInterfaceForComposites._computeInputDepth(CausalityInterfaceForComposites.java:696)
	at ptolemy.actor.util.CausalityInterfaceForComposites._computeActorDepth(CausalityInterfaceForComposites.java:532)
	at ptolemy.actor.util.CausalityInterfaceForComposites.checkForCycles(CausalityInterfaceForComposites.java:96)
	at ptolemy.domains.de.kernel.DEDirector.preinitialize(DEDirector.java:1338)
	at ptolemy.actor.CompositeActor.preinitialize(CompositeActor.java:1828)
	at ptolemy.actor.Manager.preinitializeAndResolveTypes(Manager.java:1040)
	at ptolemy.actor.Manager.initialize(Manager.java:710)
	at ptolemy.actor.Manager.execute(Manager.java:356)
	at ptolemy.actor.Manager.run(Manager.java:1263)
	at ptolemy.actor.Manager$PtolemyRunThread.run(Manager.java:1933)
java.lang.RuntimeException: Execution failed
	at ptolemy.moml.MoMLSimpleApplication$UnloadThread.run(MoMLSimpleApplication.java:402)
Caused by: ptolemy.kernel.util.IllegalActionException: Found a zero delay loop containing .dependencyLoop2.original
  in .dependencyLoop2 and .dependencyLoop2.original
	at ptolemy.actor.util.CausalityInterfaceForComposites._computeOutputPortDepth(CausalityInterfaceForComposites.java:759)
	at ptolemy.actor.util.CausalityInterfaceForComposites._computeInputDepth(CausalityInterfaceForComposites.java:696)
	at ptolemy.actor.util.CausalityInterfaceForComposites._computeOutputPortDepth(CausalityInterfaceForComposites.java:765)
	at ptolemy.actor.util.CausalityInterfaceForComposites._computeInputDepth(CausalityInterfaceForComposites.java:696)
	at ptolemy.actor.util.CausalityInterfaceForComposites._computeOutputPortDepth(CausalityInterfaceForComposites.java:765)
	at ptolemy.actor.util.CausalityInterfaceForComposites._computeInputDepth(CausalityInterfaceForComposites.java:696)
	at ptolemy.actor.util.CausalityInterfaceForComposites._computeActorDepth(CausalityInterfaceForComposites.java:532)
	at ptolemy.actor.util.CausalityInterfaceForComposites.checkForCycles(CausalityInterfaceForComposites.java:96)
	at ptolemy.domains.de.kernel.DEDirector.preinitialize(DEDirector.java:1338)
	at ptolemy.actor.CompositeActor.preinitialize(CompositeActor.java:1828)
	at ptolemy.actor.Manager.preinitializeAndResolveTypes(Manager.java:1040)
	at ptolemy.actor.Manager.initialize(Manager.java:710)
	at ptolemy.actor.Manager.execute(Manager.java:356)
	at ptolemy.actor.Manager.run(Manager.java:1263)
	at ptolemy.actor.Manager$PtolemyRunThread.run(Manager.java:1933)
java.lang.RuntimeException: Execution failed
	at ptolemy.moml.MoMLSimpleApplication$UnloadThread.run(MoMLSimpleApplication.java:402)
Caused by: ptolemy.kernel.util.IllegalActionException: Test fails in iteration 1.
Value was: 1.0. Should have been: 2.0
  in .DirectFeedback.Test
	at ptolemy.actor.lib.Test.fire(Test.java:268)
	at ptolemy.domains.de.kernel.DEDirector._fire(DEDirector.java:1949)
	at ptolemy.domains.de.kernel.DEDirector.fire(DEDirector.java:502)
	at ptolemy.actor.CompositeActor.fire(CompositeActor.java:455)
	at ptolemy.actor.Manager.iterate(Manager.java:851)
	at ptolemy.actor.Manager.execute(Manager.java:369)
	at ptolemy.actor.Manager.run(Manager.java:1263)
	at ptolemy.actor.Manager$PtolemyRunThread.run(Manager.java:1933)
java.lang.RuntimeException: Execution failed
	at ptolemy.moml.MoMLSimpleApplication$UnloadThread.run(MoMLSimpleApplication.java:402)
Caused by: ptolemy.kernel.util.IllegalActionException: Found a zero delay loop containing .dependencyLoop.original
  in .dependencyLoop and .dependencyLoop.original
	at ptolemy.actor.util.CausalityInterfaceForComposites._computeOutputPortDepth(CausalityInterfaceForComposites.java:759)
	at ptolemy.actor.util.CausalityInterfaceForComposites._computeInputDepth(CausalityInterfaceForComposites.java:696)
	at ptolemy.actor.util.CausalityInterfaceForComposites._computeOutputPortDepth(CausalityInterfaceForComposites.java:765)
	at ptolemy.actor.util.CausalityInterfaceForComposites._computeInputDepth(CausalityInterfaceForComposites.java:696)
	at ptolemy.actor.util.CausalityInterfaceForComposites._computeOutputPortDepth(CausalityInterfaceForComposites.java:765)
	at ptolemy.actor.util.CausalityInterfaceForComposites._computeInputDepth(CausalityInterfaceForComposites.java:696)
	at ptolemy.actor.util.CausalityInterfaceForComposites._computeActorDepth(CausalityInterfaceForComposites.java:532)
	at ptolemy.actor.util.CausalityInterfaceForComposites.checkForCycles(CausalityInterfaceForComposites.java:96)
	at ptolemy.domains.de.kernel.DEDirector.preinitialize(DEDirector.java:1338)
	at ptolemy.actor.CompositeActor.preinitialize(CompositeActor.java:1828)
	at ptolemy.actor.Manager.preinitializeAndResolveTypes(Manager.java:1040)
	at ptolemy.actor.Manager.initialize(Manager.java:710)
	at ptolemy.actor.Manager.execute(Manager.java:356)
	at ptolemy.actor.Manager.run(Manager.java:1263)
	at ptolemy.actor.Manager$PtolemyRunThread.run(Manager.java:1933)
java.lang.RuntimeException: Execution failed
	at ptolemy.moml.MoMLSimpleApplication$UnloadThread.run(MoMLSimpleApplication.java:402)
Caused by: ptolemy.kernel.util.IllegalActionException: Found a zero delay loop containing .HierarchicalModel.A
  in .HierarchicalModel and .HierarchicalModel.A
	at ptolemy.actor.util.CausalityInterfaceForComposites._computeOutputPortDepth(CausalityInterfaceForComposites.java:759)
	at ptolemy.actor.util.CausalityInterfaceForComposites._computeInputDepth(CausalityInterfaceForComposites.java:696)
	at ptolemy.actor.util.CausalityInterfaceForComposites._computeOutputPortDepth(CausalityInterfaceForComposites.java:765)
	at ptolemy.actor.util.CausalityInterfaceForComposites._computeInputDepth(CausalityInterfaceForComposites.java:696)
	at ptolemy.actor.util.CausalityInterfaceForComposites._computeOutputPortDepth(CausalityInterfaceForComposites.java:765)
	at ptolemy.actor.util.CausalityInterfaceForComposites._computeInputDepth(CausalityInterfaceForComposites.java:696)
	at ptolemy.actor.util.CausalityInterfaceForComposites._computeActorDepth(CausalityInterfaceForComposites.java:532)
	at ptolemy.actor.util.CausalityInterfaceForComposites.checkForCycles(CausalityInterfaceForComposites.java:96)
	at ptolemy.domains.de.kernel.DEDirector.preinitialize(DEDirector.java:1338)
	at ptolemy.actor.CompositeActor.preinitialize(CompositeActor.java:1828)
	at ptolemy.actor.Manager.preinitializeAndResolveTypes(Manager.java:1040)
	at ptolemy.actor.Manager.initialize(Manager.java:710)
	at ptolemy.actor.Manager.execute(Manager.java:356)
	at ptolemy.actor.Manager.run(Manager.java:1263)
	at ptolemy.actor.Manager$PtolemyRunThread.run(Manager.java:1933)
java.lang.RuntimeException: Execution failed
	at ptolemy.moml.MoMLSimpleApplication$UnloadThread.run(MoMLSimpleApplication.java:402)
Caused by: ptolemy.kernel.util.IllegalActionException: Found a zero delay loop containing .dependencyLoop2.original
  in .dependencyLoop2 and .dependencyLoop2.original
	at ptolemy.actor.util.CausalityInterfaceForComposites._computeOutputPortDepth(CausalityInterfaceForComposites.java:759)
	at ptolemy.actor.util.CausalityInterfaceForComposites._computeInputDepth(CausalityInterfaceForComposites.java:696)
	at ptolemy.actor.util.CausalityInterfaceForComposites._computeOutputPortDepth(CausalityInterfaceForComposites.java:765)
	at ptolemy.actor.util.CausalityInterfaceForComposites._computeInputDepth(CausalityInterfaceForComposites.java:696)
	at ptolemy.actor.util.CausalityInterfaceForComposites._computeOutputPortDepth(CausalityInterfaceForComposites.java:765)
	at ptolemy.actor.util.CausalityInterfaceForComposites._computeInputDepth(CausalityInterfaceForComposites.java:696)
	at ptolemy.actor.util.CausalityInterfaceForComposites._computeActorDepth(CausalityInterfaceForComposites.java:532)
	at ptolemy.actor.util.CausalityInterfaceForComposites.checkForCycles(CausalityInterfaceForComposites.java:96)
	at ptolemy.domains.de.kernel.DEDirector.preinitialize(DEDirector.java:1338)
	at ptolemy.actor.CompositeActor.preinitialize(CompositeActor.java:1828)
	at ptolemy.actor.Manager.preinitializeAndResolveTypes(Manager.java:1040)
	at ptolemy.actor.Manager.initialize(Manager.java:710)
	at ptolemy.actor.Manager.execute(Manager.java:356)
	at ptolemy.actor.Manager.run(Manager.java:1263)
	at ptolemy.actor.Manager$PtolemyRunThread.run(Manager.java:1933)
java.lang.RuntimeException: Execution failed
	at ptolemy.moml.MoMLSimpleApplication$UnloadThread.run(MoMLSimpleApplication.java:402)
Caused by: ptolemy.kernel.util.IllegalActionException: Actor is not ready to fire.  Perhaps UpSample.prefire() returned false? Try debugging the actor by selecting "Listen to Actor".  Also, for SDF check moml for tokenConsumptionRate on input.
  in .DESDFClockTest.Play Bell.Copy1:SDF Director and .DESDFClockTest.Play Bell.UpSample
	at ptolemy.actor.sched.StaticSchedulingDirector.fire(StaticSchedulingDirector.java:227)
	at ptolemy.domains.sdf.kernel.SDFDirector.fire(SDFDirector.java:500)
	at ptolemy.actor.CompositeActor.fire(CompositeActor.java:455)
	at ptolemy.domains.de.kernel.DEDirector._fire(DEDirector.java:1949)
	at ptolemy.domains.de.kernel.DEDirector.fire(DEDirector.java:502)
	at ptolemy.actor.CompositeActor.fire(CompositeActor.java:455)
	at ptolemy.actor.Manager.iterate(Manager.java:851)
	at ptolemy.actor.Manager.execute(Manager.java:369)
	at ptolemy.actor.Manager.run(Manager.java:1263)
	at ptolemy.actor.Manager$PtolemyRunThread.run(Manager.java:1933)
java.lang.RuntimeException: Execution failed
	at ptolemy.moml.MoMLSimpleApplication$UnloadThread.run(MoMLSimpleApplication.java:402)
Caused by: ptolemy.kernel.util.IllegalActionException: Actor is not ready to fire.  Perhaps UpSample.prefire() returned false? Try debugging the actor by selecting "Listen to Actor".  Also, for SDF check moml for tokenConsumptionRate on input.
  in .DESDFClockTest.Play Bell.Copy1:SDF Director and .DESDFClockTest.Play Bell.UpSample
	at ptolemy.actor.sched.StaticSchedulingDirector.fire(StaticSchedulingDirector.java:227)
	at ptolemy.domains.sdf.kernel.SDFDirector.fire(SDFDirector.java:500)
	at ptolemy.actor.CompositeActor.fire(CompositeActor.java:455)
	at ptolemy.domains.de.kernel.DEDirector._fire(DEDirector.java:1949)
	at ptolemy.domains.de.kernel.DEDirector.fire(DEDirector.java:502)
	at ptolemy.actor.CompositeActor.fire(CompositeActor.java:455)
	at ptolemy.actor.Manager.iterate(Manager.java:851)
	at ptolemy.actor.Manager.execute(Manager.java:369)
	at ptolemy.actor.Manager.run(Manager.java:1263)
	at ptolemy.actor.Manager$PtolemyRunThread.run(Manager.java:1933)
java.lang.reflect.InvocationTargetException
	at java.base/jdk.internal.reflect.NativeConstructorAccessorImpl.newInstance0(Native Method)
	at java.base/jdk.internal.reflect.NativeConstructorAccessorImpl.newInstance(NativeConstructorAccessorImpl.java:62)
	at java.base/jdk.internal.reflect.DelegatingConstructorAccessorImpl.newInstance(DelegatingConstructorAccessorImpl.java:45)
	at java.base/java.lang.reflect.Constructor.newInstance(Constructor.java:490)
	at ptolemy.util.test.junit.AutoKnownFailedTests.RunModel(AutoKnownFailedTests.java:105)
	at java.base/jdk.internal.reflect.NativeMethodAccessorImpl.invoke0(Native Method)
	at java.base/jdk.internal.reflect.NativeMethodAccessorImpl.invoke(NativeMethodAccessorImpl.java:62)
	at java.base/jdk.internal.reflect.DelegatingMethodAccessorImpl.invoke(DelegatingMethodAccessorImpl.java:43)
	at java.base/java.lang.reflect.Method.invoke(Method.java:566)
	at org.junit.runners.model.FrameworkMethod$1.runReflectiveCall(FrameworkMethod.java:44)
	at org.junit.internal.runners.model.ReflectiveCallable.run(ReflectiveCallable.java:15)
	at org.junit.runners.model.FrameworkMethod.invokeExplosively(FrameworkMethod.java:41)
	at junitparams.internal.InvokeParameterisedMethod.evaluate(InvokeParameterisedMethod.java:102)
	at org.junit.internal.runners.statements.FailOnTimeout$1.run(FailOnTimeout.java:28)
Caused by: ptolemy.kernel.util.IllegalActionException: Actor is not ready to fire.  Perhaps UpSample.prefire() returned false? Try debugging the actor by selecting "Listen to Actor".  Also, for SDF check moml for tokenConsumptionRate on input.
  in .DESDFClockTest.Play Bell.Copy1:SDF Director and .DESDFClockTest.Play Bell.UpSample
	at ptolemy.actor.sched.StaticSchedulingDirector.fire(StaticSchedulingDirector.java:227)
	at ptolemy.domains.sdf.kernel.SDFDirector.fire(SDFDirector.java:500)
	at ptolemy.actor.CompositeActor.fire(CompositeActor.java:455)
	at ptolemy.domains.de.kernel.DEDirector._fire(DEDirector.java:1949)
	at ptolemy.domains.de.kernel.DEDirector.fire(DEDirector.java:502)
	at ptolemy.actor.CompositeActor.fire(CompositeActor.java:455)
	at ptolemy.actor.Manager.iterate(Manager.java:851)
	at ptolemy.actor.Manager.execute(Manager.java:369)
	at ptolemy.actor.Manager.run(Manager.java:1263)
	at ptolemy.actor.Manager$PtolemyRunThread.run(Manager.java:1933)
java.lang.RuntimeException: Execution failed
	at ptolemy.moml.MoMLSimpleApplication$UnloadThread.run(MoMLSimpleApplication.java:402)
Caused by: ptolemy.kernel.util.IllegalActionException: Test fails in iteration 1.
Value was: 1.0. Should have been: 2.0
  in .DirectFeedback.Test
	at ptolemy.actor.lib.Test.fire(Test.java:268)
	at ptolemy.domains.de.kernel.DEDirector._fire(DEDirector.java:1949)
	at ptolemy.domains.de.kernel.DEDirector.fire(DEDirector.java:502)
	at ptolemy.actor.CompositeActor.fire(CompositeActor.java:455)
	at ptolemy.actor.Manager.iterate(Manager.java:851)
	at ptolemy.actor.Manager.execute(Manager.java:369)
	at ptolemy.actor.Manager.run(Manager.java:1263)
	at ptolemy.actor.Manager$PtolemyRunThread.run(Manager.java:1933)
java.lang.reflect.InvocationTargetException
	at java.base/jdk.internal.reflect.NativeConstructorAccessorImpl.newInstance0(Native Method)
	at java.base/jdk.internal.reflect.NativeConstructorAccessorImpl.newInstance(NativeConstructorAccessorImpl.java:62)
	at java.base/jdk.internal.reflect.DelegatingConstructorAccessorImpl.newInstance(DelegatingConstructorAccessorImpl.java:45)
	at java.base/java.lang.reflect.Constructor.newInstance(Constructor.java:490)
	at ptolemy.util.test.junit.AutoKnownFailedTests.RunModel(AutoKnownFailedTests.java:105)
	at java.base/jdk.internal.reflect.NativeMethodAccessorImpl.invoke0(Native Method)
	at java.base/jdk.internal.reflect.NativeMethodAccessorImpl.invoke(NativeMethodAccessorImpl.java:62)
	at java.base/jdk.internal.reflect.DelegatingMethodAccessorImpl.invoke(DelegatingMethodAccessorImpl.java:43)
	at java.base/java.lang.reflect.Method.invoke(Method.java:566)
	at org.junit.runners.model.FrameworkMethod$1.runReflectiveCall(FrameworkMethod.java:44)
	at org.junit.internal.runners.model.ReflectiveCallable.run(ReflectiveCallable.java:15)
	at org.junit.runners.model.FrameworkMethod.invokeExplosively(FrameworkMethod.java:41)
	at junitparams.internal.InvokeParameterisedMethod.evaluate(InvokeParameterisedMethod.java:102)
	at org.junit.internal.runners.statements.FailOnTimeout$1.run(FailOnTimeout.java:28)
Caused by: ptolemy.kernel.util.IllegalActionException: Test fails in iteration 1.
Value was: 1.0. Should have been: 2.0
  in .DirectFeedback.Test
	at ptolemy.actor.lib.Test.fire(Test.java:268)
	at ptolemy.domains.de.kernel.DEDirector._fire(DEDirector.java:1949)
	at ptolemy.domains.de.kernel.DEDirector.fire(DEDirector.java:502)
	at ptolemy.actor.CompositeActor.fire(CompositeActor.java:455)
	at ptolemy.actor.Manager.iterate(Manager.java:851)
	at ptolemy.actor.Manager.execute(Manager.java:369)
	at ptolemy.actor.Manager.run(Manager.java:1263)
	at ptolemy.actor.Manager$PtolemyRunThread.run(Manager.java:1933)
java.lang.RuntimeException: Execution failed
	at ptolemy.moml.MoMLSimpleApplication$UnloadThread.run(MoMLSimpleApplication.java:402)
Caused by: ptolemy.kernel.util.IllegalActionException: Found a zero delay loop containing .HierarchicalModel.A
  in .HierarchicalModel and .HierarchicalModel.A
	at ptolemy.actor.util.CausalityInterfaceForComposites._computeOutputPortDepth(CausalityInterfaceForComposites.java:759)
	at ptolemy.actor.util.CausalityInterfaceForComposites._computeInputDepth(CausalityInterfaceForComposites.java:696)
	at ptolemy.actor.util.CausalityInterfaceForComposites._computeOutputPortDepth(CausalityInterfaceForComposites.java:765)
	at ptolemy.actor.util.CausalityInterfaceForComposites._computeInputDepth(CausalityInterfaceForComposites.java:696)
	at ptolemy.actor.util.CausalityInterfaceForComposites._computeOutputPortDepth(CausalityInterfaceForComposites.java:765)
	at ptolemy.actor.util.CausalityInterfaceForComposites._computeInputDepth(CausalityInterfaceForComposites.java:696)
	at ptolemy.actor.util.CausalityInterfaceForComposites._computeActorDepth(CausalityInterfaceForComposites.java:532)
	at ptolemy.actor.util.CausalityInterfaceForComposites.checkForCycles(CausalityInterfaceForComposites.java:96)
	at ptolemy.domains.de.kernel.DEDirector.preinitialize(DEDirector.java:1338)
	at ptolemy.actor.CompositeActor.preinitialize(CompositeActor.java:1828)
	at ptolemy.actor.Manager.preinitializeAndResolveTypes(Manager.java:1040)
	at ptolemy.actor.Manager.initialize(Manager.java:710)
	at ptolemy.actor.Manager.execute(Manager.java:356)
	at ptolemy.actor.Manager.run(Manager.java:1263)
	at ptolemy.actor.Manager$PtolemyRunThread.run(Manager.java:1933)
java.lang.reflect.InvocationTargetException
	at java.base/jdk.internal.reflect.NativeConstructorAccessorImpl.newInstance0(Native Method)
	at java.base/jdk.internal.reflect.NativeConstructorAccessorImpl.newInstance(NativeConstructorAccessorImpl.java:62)
	at java.base/jdk.internal.reflect.DelegatingConstructorAccessorImpl.newInstance(DelegatingConstructorAccessorImpl.java:45)
	at java.base/java.lang.reflect.Constructor.newInstance(Constructor.java:490)
	at ptolemy.util.test.junit.AutoKnownFailedTests.RunModel(AutoKnownFailedTests.java:105)
	at java.base/jdk.internal.reflect.NativeMethodAccessorImpl.invoke0(Native Method)
	at java.base/jdk.internal.reflect.NativeMethodAccessorImpl.invoke(NativeMethodAccessorImpl.java:62)
	at java.base/jdk.internal.reflect.DelegatingMethodAccessorImpl.invoke(DelegatingMethodAccessorImpl.java:43)
	at java.base/java.lang.reflect.Method.invoke(Method.java:566)
	at org.junit.runners.model.FrameworkMethod$1.runReflectiveCall(FrameworkMethod.java:44)
	at org.junit.internal.runners.model.ReflectiveCallable.run(ReflectiveCallable.java:15)
	at org.junit.runners.model.FrameworkMethod.invokeExplosively(FrameworkMethod.java:41)
	at junitparams.internal.InvokeParameterisedMethod.evaluate(InvokeParameterisedMethod.java:102)
	at org.junit.internal.runners.statements.FailOnTimeout$1.run(FailOnTimeout.java:28)
Caused by: ptolemy.kernel.util.IllegalActionException: Found a zero delay loop containing .HierarchicalModel.A
  in .HierarchicalModel and .HierarchicalModel.A
	at ptolemy.actor.util.CausalityInterfaceForComposites._computeOutputPortDepth(CausalityInterfaceForComposites.java:759)
	at ptolemy.actor.util.CausalityInterfaceForComposites._computeInputDepth(CausalityInterfaceForComposites.java:696)
	at ptolemy.actor.util.CausalityInterfaceForComposites._computeOutputPortDepth(CausalityInterfaceForComposites.java:765)
	at ptolemy.actor.util.CausalityInterfaceForComposites._computeInputDepth(CausalityInterfaceForComposites.java:696)
	at ptolemy.actor.util.CausalityInterfaceForComposites._computeOutputPortDepth(CausalityInterfaceForComposites.java:765)
	at ptolemy.actor.util.CausalityInterfaceForComposites._computeInputDepth(CausalityInterfaceForComposites.java:696)
	at ptolemy.actor.util.CausalityInterfaceForComposites._computeActorDepth(CausalityInterfaceForComposites.java:532)
	at ptolemy.actor.util.CausalityInterfaceForComposites.checkForCycles(CausalityInterfaceForComposites.java:96)
	at ptolemy.domains.de.kernel.DEDirector.preinitialize(DEDirector.java:1338)
	at ptolemy.actor.CompositeActor.preinitialize(CompositeActor.java:1828)
	at ptolemy.actor.Manager.preinitializeAndResolveTypes(Manager.java:1040)
	at ptolemy.actor.Manager.initialize(Manager.java:710)
	at ptolemy.actor.Manager.execute(Manager.java:356)
	at ptolemy.actor.Manager.run(Manager.java:1263)
	at ptolemy.actor.Manager$PtolemyRunThread.run(Manager.java:1933)
java.lang.RuntimeException: Execution failed
	at ptolemy.moml.MoMLSimpleApplication$UnloadThread.run(MoMLSimpleApplication.java:402)
Caused by: ptolemy.kernel.util.IllegalActionException: Found a zero delay loop containing .dependencyLoop.original
  in .dependencyLoop and .dependencyLoop.original
	at ptolemy.actor.util.CausalityInterfaceForComposites._computeOutputPortDepth(CausalityInterfaceForComposites.java:759)
	at ptolemy.actor.util.CausalityInterfaceForComposites._computeInputDepth(CausalityInterfaceForComposites.java:696)
	at ptolemy.actor.util.CausalityInterfaceForComposites._computeOutputPortDepth(CausalityInterfaceForComposites.java:765)
	at ptolemy.actor.util.CausalityInterfaceForComposites._computeInputDepth(CausalityInterfaceForComposites.java:696)
	at ptolemy.actor.util.CausalityInterfaceForComposites._computeOutputPortDepth(CausalityInterfaceForComposites.java:765)
	at ptolemy.actor.util.CausalityInterfaceForComposites._computeInputDepth(CausalityInterfaceForComposites.java:696)
	at ptolemy.actor.util.CausalityInterfaceForComposites._computeActorDepth(CausalityInterfaceForComposites.java:532)
	at ptolemy.actor.util.CausalityInterfaceForComposites.checkForCycles(CausalityInterfaceForComposites.java:96)
	at ptolemy.domains.de.kernel.DEDirector.preinitialize(DEDirector.java:1338)
	at ptolemy.actor.CompositeActor.preinitialize(CompositeActor.java:1828)
	at ptolemy.actor.Manager.preinitializeAndResolveTypes(Manager.java:1040)
	at ptolemy.actor.Manager.initialize(Manager.java:710)
	at ptolemy.actor.Manager.execute(Manager.java:356)
	at ptolemy.actor.Manager.run(Manager.java:1263)
	at ptolemy.actor.Manager$PtolemyRunThread.run(Manager.java:1933)
java.lang.reflect.InvocationTargetException
	at java.base/jdk.internal.reflect.NativeConstructorAccessorImpl.newInstance0(Native Method)
	at java.base/jdk.internal.reflect.NativeConstructorAccessorImpl.newInstance(NativeConstructorAccessorImpl.java:62)
	at java.base/jdk.internal.reflect.DelegatingConstructorAccessorImpl.newInstance(DelegatingConstructorAccessorImpl.java:45)
	at java.base/java.lang.reflect.Constructor.newInstance(Constructor.java:490)
	at ptolemy.util.test.junit.AutoKnownFailedTests.RunModel(AutoKnownFailedTests.java:105)
	at java.base/jdk.internal.reflect.NativeMethodAccessorImpl.invoke0(Native Method)
	at java.base/jdk.internal.reflect.NativeMethodAccessorImpl.invoke(NativeMethodAccessorImpl.java:62)
	at java.base/jdk.internal.reflect.DelegatingMethodAccessorImpl.invoke(DelegatingMethodAccessorImpl.java:43)
	at java.base/java.lang.reflect.Method.invoke(Method.java:566)
	at org.junit.runners.model.FrameworkMethod$1.runReflectiveCall(FrameworkMethod.java:44)
	at org.junit.internal.runners.model.ReflectiveCallable.run(ReflectiveCallable.java:15)
	at org.junit.runners.model.FrameworkMethod.invokeExplosively(FrameworkMethod.java:41)
	at junitparams.internal.InvokeParameterisedMethod.evaluate(InvokeParameterisedMethod.java:102)
	at org.junit.internal.runners.statements.FailOnTimeout$1.run(FailOnTimeout.java:28)
Caused by: ptolemy.kernel.util.IllegalActionException: Found a zero delay loop containing .dependencyLoop.original
  in .dependencyLoop and .dependencyLoop.original
	at ptolemy.actor.util.CausalityInterfaceForComposites._computeOutputPortDepth(CausalityInterfaceForComposites.java:759)
	at ptolemy.actor.util.CausalityInterfaceForComposites._computeInputDepth(CausalityInterfaceForComposites.java:696)
	at ptolemy.actor.util.CausalityInterfaceForComposites._computeOutputPortDepth(CausalityInterfaceForComposites.java:765)
	at ptolemy.actor.util.CausalityInterfaceForComposites._computeInputDepth(CausalityInterfaceForComposites.java:696)
	at ptolemy.actor.util.CausalityInterfaceForComposites._computeOutputPortDepth(CausalityInterfaceForComposites.java:765)
	at ptolemy.actor.util.CausalityInterfaceForComposites._computeInputDepth(CausalityInterfaceForComposites.java:696)
	at ptolemy.actor.util.CausalityInterfaceForComposites._computeActorDepth(CausalityInterfaceForComposites.java:532)
	at ptolemy.actor.util.CausalityInterfaceForComposites.checkForCycles(CausalityInterfaceForComposites.java:96)
	at ptolemy.domains.de.kernel.DEDirector.preinitialize(DEDirector.java:1338)
	at ptolemy.actor.CompositeActor.preinitialize(CompositeActor.java:1828)
	at ptolemy.actor.Manager.preinitializeAndResolveTypes(Manager.java:1040)
	at ptolemy.actor.Manager.initialize(Manager.java:710)
	at ptolemy.actor.Manager.execute(Manager.java:356)
	at ptolemy.actor.Manager.run(Manager.java:1263)
	at ptolemy.actor.Manager$PtolemyRunThread.run(Manager.java:1933)
java.lang.RuntimeException: Execution failed
	at ptolemy.moml.MoMLSimpleApplication$UnloadThread.run(MoMLSimpleApplication.java:402)
Caused by: ptolemy.kernel.util.IllegalActionException: Found a zero delay loop containing .dependencyLoop2.original
  in .dependencyLoop2 and .dependencyLoop2.original
	at ptolemy.actor.util.CausalityInterfaceForComposites._computeOutputPortDepth(CausalityInterfaceForComposites.java:759)
	at ptolemy.actor.util.CausalityInterfaceForComposites._computeInputDepth(CausalityInterfaceForComposites.java:696)
	at ptolemy.actor.util.CausalityInterfaceForComposites._computeOutputPortDepth(CausalityInterfaceForComposites.java:765)
	at ptolemy.actor.util.CausalityInterfaceForComposites._computeInputDepth(CausalityInterfaceForComposites.java:696)
	at ptolemy.actor.util.CausalityInterfaceForComposites._computeOutputPortDepth(CausalityInterfaceForComposites.java:765)
	at ptolemy.actor.util.CausalityInterfaceForComposites._computeInputDepth(CausalityInterfaceForComposites.java:696)
	at ptolemy.actor.util.CausalityInterfaceForComposites._computeActorDepth(CausalityInterfaceForComposites.java:532)
	at ptolemy.actor.util.CausalityInterfaceForComposites.checkForCycles(CausalityInterfaceForComposites.java:96)
	at ptolemy.domains.de.kernel.DEDirector.preinitialize(DEDirector.java:1338)
	at ptolemy.actor.CompositeActor.preinitialize(CompositeActor.java:1828)
	at ptolemy.actor.Manager.preinitializeAndResolveTypes(Manager.java:1040)
	at ptolemy.actor.Manager.initialize(Manager.java:710)
	at ptolemy.actor.Manager.execute(Manager.java:356)
	at ptolemy.actor.Manager.run(Manager.java:1263)
	at ptolemy.actor.Manager$PtolemyRunThread.run(Manager.java:1933)
java.lang.reflect.InvocationTargetException
	at java.base/jdk.internal.reflect.NativeConstructorAccessorImpl.newInstance0(Native Method)
	at java.base/jdk.internal.reflect.NativeConstructorAccessorImpl.newInstance(NativeConstructorAccessorImpl.java:62)
	at java.base/jdk.internal.reflect.DelegatingConstructorAccessorImpl.newInstance(DelegatingConstructorAccessorImpl.java:45)
	at java.base/java.lang.reflect.Constructor.newInstance(Constructor.java:490)
	at ptolemy.util.test.junit.AutoKnownFailedTests.RunModel(AutoKnownFailedTests.java:105)
	at java.base/jdk.internal.reflect.NativeMethodAccessorImpl.invoke0(Native Method)
	at java.base/jdk.internal.reflect.NativeMethodAccessorImpl.invoke(NativeMethodAccessorImpl.java:62)
	at java.base/jdk.internal.reflect.DelegatingMethodAccessorImpl.invoke(DelegatingMethodAccessorImpl.java:43)
	at java.base/java.lang.reflect.Method.invoke(Method.java:566)
	at org.junit.runners.model.FrameworkMethod$1.runReflectiveCall(FrameworkMethod.java:44)
	at org.junit.internal.runners.model.ReflectiveCallable.run(ReflectiveCallable.java:15)
	at org.junit.runners.model.FrameworkMethod.invokeExplosively(FrameworkMethod.java:41)
	at junitparams.internal.InvokeParameterisedMethod.evaluate(InvokeParameterisedMethod.java:102)
	at org.junit.internal.runners.statements.FailOnTimeout$1.run(FailOnTimeout.java:28)
Caused by: ptolemy.kernel.util.IllegalActionException: Found a zero delay loop containing .dependencyLoop2.original
  in .dependencyLoop2 and .dependencyLoop2.original
	at ptolemy.actor.util.CausalityInterfaceForComposites._computeOutputPortDepth(CausalityInterfaceForComposites.java:759)
	at ptolemy.actor.util.CausalityInterfaceForComposites._computeInputDepth(CausalityInterfaceForComposites.java:696)
	at ptolemy.actor.util.CausalityInterfaceForComposites._computeOutputPortDepth(CausalityInterfaceForComposites.java:765)
	at ptolemy.actor.util.CausalityInterfaceForComposites._computeInputDepth(CausalityInterfaceForComposites.java:696)
	at ptolemy.actor.util.CausalityInterfaceForComposites._computeOutputPortDepth(CausalityInterfaceForComposites.java:765)
	at ptolemy.actor.util.CausalityInterfaceForComposites._computeInputDepth(CausalityInterfaceForComposites.java:696)
	at ptolemy.actor.util.CausalityInterfaceForComposites._computeActorDepth(CausalityInterfaceForComposites.java:532)
	at ptolemy.actor.util.CausalityInterfaceForComposites.checkForCycles(CausalityInterfaceForComposites.java:96)
	at ptolemy.domains.de.kernel.DEDirector.preinitialize(DEDirector.java:1338)
	at ptolemy.actor.CompositeActor.preinitialize(CompositeActor.java:1828)
	at ptolemy.actor.Manager.preinitializeAndResolveTypes(Manager.java:1040)
	at ptolemy.actor.Manager.initialize(Manager.java:710)
	at ptolemy.actor.Manager.execute(Manager.java:356)
	at ptolemy.actor.Manager.run(Manager.java:1263)
	at ptolemy.actor.Manager$PtolemyRunThread.run(Manager.java:1933)
]]></system-err>
</testsuite>
