<?xml version="1.0" encoding="UTF-8" ?>
<testsuite errors="0" failures="0" hostname="travis-job-91a6104e-2306-4535-9a48-61de47a1f4ca" name="ptolemy.actor.lib.test.junit.JUnitTclTest" skipped="0" tests="517" time="62.166" timestamp="2018-08-07T01:46:34">
  <properties>
    <property name="npm.executable" value="npm" />
    <property name="file.encoding.pkg" value="sun.io" />
    <property name="ptII.mk.exists" value="true" />
    <property name="env.rvm_bin_path" value="/home/travis/.rvm/bin" />
    <property name="java.home" value="/usr/lib/jvm/java-8-oracle/jre" />
    <property name="env.TRAVIS_JOB_NUMBER" value="682.8" />
    <property name="env.DISPLAY" value=":99.0" />
    <property name="java.net.preferIPv4Stack" value="true" />
    <property name="env.TRAVIS_INIT" value="upstart" />
    <property name="env.SSH_TTY" value="/dev/pts/0" />
    <property name="env.RUN_TESTS" value="false" />
    <property name="timeout.short" value="1000000" />
    <property name="env.TRAVIS_STACK_NODE_ATTRIBUTES" value="/.node-attributes.yml" />
    <property name="junit.formatter" value="xml" />
    <property name="java.endorsed.dirs" value="/usr/lib/jvm/java-8-oracle/jre/lib/endorsed" />
    <property name="env.TRAVIS_SUDO" value="true" />
    <property name="env.LOGNAME" value="travis" />
    <property name="env.PT_TRAVIS_TEST_CORE1_XML" value="true" />
    <property name="jsdoc.home" value="node_modules/@terraswarm/jsdoc" />
    <property name="debuglevel" value="source,lines,vars" />
    <property name="checkstyle.formatter" value="xml" />
    <property name="bin.vergil.makeable" value="true" />
    <property name="env._system_version" value="14.04" />
    <property name="sun.os.patch.level" value="unknown" />
    <property name="java.vendor.url" value="http://java.oracle.com/" />
    <property name="java.version" value="1.8.0_151" />
    <property name="env.TZ" value="UTC" />
    <property name="env.PT_NO_NET" value="true" />
    <property name="env.TRAVIS_PULL_REQUEST_SHA" value="" />
    <property name="env.TRAVIS_SECURE_ENV_VARS" value="true" />
    <property name="env._system_type" value="Linux" />
    <property name="java.vendor.url.bug" value="http://bugreport.sun.com/bugreport/" />
    <property name="env.SSH_CLIENT" value="10.10.16.2 45406 22" />
    <property name="npmjs-org-is-up" value="true" />
    <property name="env.GEM_HOME" value="/home/travis/.rvm/gems/ruby-2.4.1" />
    <property name="env.HAS_ANTARES_THREE_LITTLE_FRONZIES_BADGE" value="true" />
    <property name="env.PS4" value="+" />
    <property name="ant.project.invoked-targets" value="build,test.core1.xml" />
    <property name="env.TRAVIS_PULL_REQUEST_BRANCH" value="" />
    <property name="env.TRAVIS_REPO_SLUG" value="icyphy/ptII" />
    <property name="node.in.path" value="true" />
    <property name="java.maxmemory" value="1400m" />
    <property name="env.RUBY_VERSION" value="ruby-2.4.1" />
    <property name="user.name" value="travis" />
    <property name="env.LANG" value="en_US.UTF-8" />
    <property name="sun.io.unicode.encoding" value="UnicodeLittle" />
    <property name="sun.jnu.encoding" value="UTF-8" />
    <property name="java.runtime.name" value="Java(TM) SE Runtime Environment" />
    <property name="usefile" value="false" />
    <property name="return.code" value="0" />
    <property name="junit.single.formatter" value="plain" />
    <property name="env.DYLD_LIBRARY_PATH" value="/home/travis/pthla/certi-tools/lib:" />
    <property name="env.DEBIAN_FRONTEND" value="noninteractive" />
    <property name="env.SSH_CONNECTION" value="10.10.16.2 45406 10.20.0.54 22" />
    <property name="env.MYSQL_UNIX_PORT" value="/var/run/mysqld/mysqld.sock" />
    <property name="env.TRAVIS_ALLOW_FAILURE" value="false" />
    <property name="env.LC_ALL" value="en_US.UTF-8" />
    <property name="java.specification.name" value="Java Platform API Specification" />
    <property name="node.works" value="true" />
    <property name="user.timezone" value="" />
    <property name="path.separator" value=":" />
    <property name="env.PYTHON_CFLAGS" value="-g -fstack-protector --param=ssp-buffer-size=4 -Wformat -Werror=format-security" />
    <property name="timeout.long" value="4000000" />
    <property name="env.CERTI_HOME" value="/home/travis/pthla/certi-tools" />
    <property name="file.encoding" value="UTF-8" />
    <property name="ant.file.ptII" value="/home/travis/build/icyphy/ptII/build.xml" />
    <property name="javadoc.packagenames" value="com.*,diva.*,lbnl.*,org.hlacerti.*,org.json.*,org.ptolemy.*,org.terraswarm.*,ptolemy.*,ptserver.*" />
    <property name="env.TRAVIS_PULL_REQUEST_SLUG" value="" />
    <property name="ant.project.default-target" value="build" />
    <property name="env.GIT_ASKPASS" value="echo" />
    <property name="env.HOME" value="/home/travis" />
    <property name="sun.java.command" value="org.apache.tools.ant.taskdefs.optional.junit.JUnitTestRunner ptolemy.actor.lib.test.junit.JUnitTclTest skipNonTests=false filtertrace=true haltOnError=false haltOnFailure=false formatter=org.apache.tools.ant.taskdefs.optional.junit.OutErrSummaryJUnitResultFormatter showoutput=true outputtoformatters=true logfailedtests=true threadid=0 logtestlistenerevents=false formatter=org.apache.tools.ant.taskdefs.optional.junit.XMLJUnitResultFormatter,/home/travis/build/icyphy/ptII/reports/junit/TEST-ptolemy.actor.lib.test.junit.JUnitTclTest.xml crashfile=/home/travis/build/icyphy/ptII/junitvmwatcher4434266520462855212.properties propsfile=/home/travis/build/icyphy/ptII/junit6993943992772069904.properties" />
    <property name="env.MANPATH" value="/home/travis/.nvm/versions/node/v7.10.1/share/man:/home/travis/.kiex/elixirs/elixir-1.4.5/man:/home/travis/.rvm/rubies/ruby-2.4.1/share/man:/usr/local/man:/usr/local/cmake-3.9.2/man:/usr/local/clang-5.0.0/share/man:/usr/local/share/man:/usr/share/man:/home/travis/.rvm/man" />
    <property name="env.COMPOSER_NO_INTERACTION" value="1" />
    <property name="env.JDK_SWITCHER_DEFAULT" value="oraclejdk8" />
    <property name="ant.file" value="/home/travis/build/icyphy/ptII/build.xml" />
    <property name="env.TRAVIS_COMMIT_RANGE" value="9306933f8736eb21e4646ecd0366406a9fb889f9...9c38733458b1fb1d06265d679068a5e4ba110532" />
    <property name="env._system_name" value="Ubuntu" />
    <property name="timeout" value="2400000" />
    <property name="ptII.classpath.optional.property" value="/home/travis/build/icyphy/ptII/lib/bsh-2.0b4.jar:/home/travis/build/icyphy/ptII/lib/ptCal.jar:/home/travis/build/icyphy/ptII/lib/java_cup.jar:/home/travis/build/icyphy/ptII/lib/saxon8.jar:/home/travis/build/icyphy/ptII/lib/saxon8-dom.jar:/home/travis/build/icyphy/ptII/lib/chic.jar:/home/travis/build/icyphy/ptII/lib/ptcolt.jar:/usr/lib/jvm/java-8-oracle/lib/tools.jar:/usr/lib/eclipse/plugins/org.eclipse.jdt.core_3.8.2.dist.jar:/usr/lib/eclipse/plugins/org.eclipse.core.runtime_3.8.0.dist.jar:/usr/lib/eclipse/plugins/org.eclipse.osgi_3.8.1.dist.jar:/usr/lib/eclipse/plugins/org.eclipse.core.resources_3.8.1.dist.jar:/usr/lib/eclipse/plugins/org.eclipse.equinox.common_3.6.100.dist.jar:/usr/lib/eclipse/plugins/org.eclipse.core.jobs_3.5.200.dist.jar:/usr/lib/eclipse/plugins/org.eclipse.core.contenttype_3.4.200.dist.jar:/usr/lib/eclipse/plugins/org.eclipse.equinox.preferences_3.5.0.dist.jar:/usr/lib/eclipse/plugins/org.eclipse.text_3.5.200.dist.jar:/usr/lib/eclipse/plugins/org.eclipse.ui.workbench_3.8.1.dist.jar:/usr/lib/eclipse/plugins/org.eclipse.jface_3.8.0.dist.jar:/usr/lib/eclipse/plugins/org.eclipse.swt_3.8.2.jar:/usr/lib/eclipse/plugins/org.eclipse.jface.text_3.8.1.dist.jar:/usr/lib/eclipse/plugins/org.eclipse.ui.workbench.texteditor_3.8.0.dist.jar:/usr/lib/eclipse/plugins/org.eclipse.ui.editors_3.8.0.dist.jar:/usr/lib/eclipse/plugins/org.eclipse.core.commands_3.6.1.dist.jar:/usr/lib/eclipse/plugins/org.eclipse.equinox.registry_3.5.200.dist.jar:/usr/lib/eclipse/plugins/org.eclipse.ui.console_3.5.100.dist.jar:/usr/lib/eclipse/plugins/org.eclipse.ui.forms_3.5.200.dist.jar:/usr/lib/eclipse/plugins/org.eclipse.ui.ide_3.8.1.dist.jar:/home/travis/build/icyphy/ptII/vendors/oracle/dbxml.jar:/home/travis/build/icyphy/ptII/vendors/oracle/db.jar:/home/travis/build/icyphy/ptII/vendors/misc/itext/iText.jar:/home/travis/build/icyphy/ptII/lib/g4ltl.jar:/home/travis/build/icyphy/ptII/lib/StructuralCoder.jar:/home/travis/build/icyphy/ptII/lib/org-openide-util.jar:/home/travis/build/icyphy/ptII/lib/org-openide-util-lookup.jar:/home/travis/build/icyphy/ptII/lib/org-netbeans-api-visual.jar:/home/travis/build/icyphy/ptII/vendors/jai-1_1_2_01/lib/jai_core.jar:/home/travis/build/icyphy/ptII/vendors/jai-1_1_2_01/lib/jai_codec.jar:/home/travis/build/icyphy/ptII/lib/jcerti.jar:/home/travis/build/icyphy/ptII/lib/smack.jar:/home/travis/build/icyphy/ptII/lib/smackx.jar:/home/travis/build/icyphy/ptII/lib/jetty-all-8.1.5-v20120716.jar:/home/travis/build/icyphy/ptII/lib/javax.servlet-api-3.0.1.jar:/home/travis/build/icyphy/ptII/lib/javax.mail.jar:/home/travis/build/icyphy/ptII/vendors/JMF-2.1.1e/lib/jmf.jar:/home/travis/build/icyphy/ptII/lib/jna-4.0.0-variadic.jar:/home/travis/build/icyphy/ptII/vendors/misc/joystick/Joystick.jar:/home/travis/build/icyphy/ptII/lib/ptjacl.jar:/home/travis/build/icyphy/ptII/lib/jsoup-1.8.2.jar:/home/travis/build/icyphy/ptII/lib/junit-4.8.2.jar:/home/travis/build/icyphy/ptII/lib/JUnitParams-0.4.0.jar:/home/travis/build/icyphy/ptII/ptolemy/actor/lib/excel/jxl.jar:/home/travis/build/icyphy/ptII/lib/jython.jar:/home/travis/build/icyphy/ptII/lib/kieler.jar:/home/travis/build/icyphy/ptII/vendors/opencv/share/OpenCV/java/opencv-341.jar:/home/travis/build/icyphy/ptII/lib/oscP5.jar:/home/travis/build/icyphy/ptII/lib/nrjavaserial-3.11.0.devel.jar:/home/travis/build/icyphy/ptII/vendors/j3d/lib/j3dcore.jar:/home/travis/build/icyphy/ptII/vendors/j3d/lib/j3dutils.jar:/home/travis/build/icyphy/ptII/vendors/j3d/lib/vecmath.jar:/home/travis/build/icyphy/ptII/ptolemy/distributed/jini/jar/jini-core.jar:/home/travis/build/icyphy/ptII/ptolemy/distributed/jini/jar/jini-ext.jar:/home/travis/build/icyphy/ptII/ptolemy/distributed/jini/jar/sun-util.jar:/home/travis/build/icyphy/ptII/lib/protobuf-java-2.4.1.jar:/home/travis/build/icyphy/ptII/lib/org.eclipse.paho.client.mqttv3.jar:/home/travis/build/icyphy/ptII/ptserver/lib/hessian-4.0.7.jar:/home/travis/build/icyphy/ptII/ptserver/lib/wmqtt.jar:/home/travis/build/icyphy/ptII/lib/mapss.jar:/home/travis/build/icyphy/ptII/ptolemy/actor/ptalon/antlr/antlr.jar:/home/travis/build/icyphy/ptII/lib/JRI.jar:/home/travis/build/icyphy/ptII/lib/commons-lang-2.6.jar:/home/travis/build/icyphy/ptII/lib/commons-logging-1.1.1.jar:/home/travis/build/icyphy/ptII/lib/sootclasses.jar:/home/travis/build/icyphy/ptII/ptolemy/actor/lib/database/mysql-connector-java-5.1.6-bin.jar:/home/travis/build/icyphy/ptII/vendors/misc/sphinx4/sphinx4-data-5prealpha.jar:/home/travis/build/icyphy/ptII/vendors/misc/sphinx4/sphinx4-core-5prealpha.jar:/home/travis/build/icyphy/ptII/lib/PDFRenderer.jar:/home/travis/build/icyphy/ptII/lib/svgSalamander.jar:/home/travis/build/icyphy/ptII/lib/rsyntaxtextarea-2.6.0-SNAPSHOT.jar:/home/travis/build/icyphy/ptII/lib/hazelcast-3.8.2.jar:/home/travis/build/icyphy/ptII/lib/jackson-annotations-2.9.0.jar:/home/travis/build/icyphy/ptII/lib/jackson-core-2.9.3.jar:/home/travis/build/icyphy/ptII/lib/jackson-databind-2.9.3.jar:/home/travis/build/icyphy/ptII/lib/netty-buffer-4.1.19.Final.jar:/home/travis/build/icyphy/ptII/lib/netty-codec-4.1.19.Final.jar:/home/travis/build/icyphy/ptII/lib/netty-codec-dns-4.1.19.Final.jar:/home/travis/build/icyphy/ptII/lib/netty-codec-http-4.1.19.Final.jar:/home/travis/build/icyphy/ptII/lib/netty-codec-http2-4.1.19.Final.jar:/home/travis/build/icyphy/ptII/lib/netty-common-4.1.19.Final.jar:/home/travis/build/icyphy/ptII/lib/netty-handler-4.1.19.Final.jar:/home/travis/build/icyphy/ptII/lib/netty-resolver-4.1.19.Final.jar:/home/travis/build/icyphy/ptII/lib/netty-resolver-dns-4.1.19.Final.jar:/home/travis/build/icyphy/ptII/lib/netty-transport-4.1.19.Final.jar:/home/travis/build/icyphy/ptII/lib/vertx-codegen-3.5.1.jar:/home/travis/build/icyphy/ptII/lib/vertx-core-3.5.2-SNAPSHOT.jar:/home/travis/build/icyphy/ptII/lib/vertx-hazelcast-3.5.1.jar:/home/travis/build/icyphy/ptII/lib/vertx-lang-js-3.5.1.jar:/home/travis/build/icyphy/ptII/lib/vertx-service-proxy-3.5.1.jar:/home/travis/build/icyphy/ptII/lib/vertx-web-3.5.1.jar:/home/travis/build/icyphy/ptII/lib/slf4j-api-1.7.13.jar:/home/travis/build/icyphy/ptII/lib/slf4j-simple-1.7.13.jar:/home/travis/build/icyphy/ptII/lib/webcam-capture-0.3.12.jar:/home/travis/build/icyphy/ptII/lib/bridj-0.7.0.jar:/home/travis/build/icyphy/ptII/lib/xbjlib-1.1.0.nrjavaserial.jar" />
    <property name="test.batch" value="**/junit/*.java" />
    <property name="env._" value="/usr/bin/timeout" />
    <property name="java.io.tmpdir" value="/tmp" />
    <property name="user.language" value="en" />
    <property name="env.HISTCONTROL" value="ignoredups:ignorespace" />
    <property name="env.GOROOT" value="/home/travis/.gimme/versions/go1.7.4.linux.amd64" />
    <property name="line.separator" value="&#xa;" />
    <property name="target" value="1.8" />
    <property name="env.TRAVIS_BUILD_DIR" value="/home/travis/build/icyphy/ptII" />
    <property name="env.ANT_OPTS" value="-Xmx2048m" />
    <property name="ant.file.type" value="file" />
    <property name="ptolemy.ptII.batchMode" value="true" />
    <property name="env.HISTSIZE" value="1000" />
    <property name="env.MERB_ENV" value="test" />
    <property name="java.vm.info" value="mixed mode" />
    <property name="source" value="1.8" />
    <property name="java.vm.specification.name" value="Java Virtual Machine Specification" />
    <property name="env.TRAVIS_TEST_RESULT" value="0" />
    <property name="jsdoc.command" value="node_modules/@terraswarm/jsdoc/jsdoc.js" />
    <property name="npm.works" value="true" />
    <property name="cobertura.dir" value="/home/travis/build/icyphy/ptII/vendors/cobertura-2.0.3" />
    <property name="env.rvm_path" value="/home/travis/.rvm" />
    <property name="env.GEM_PATH" value="/home/travis/.rvm/gems/ruby-2.4.1:/home/travis/.rvm/gems/ruby-2.4.1@global" />
    <property name="env.LC_CTYPE" value="en_US.UTF-8" />
    <property name="java.awt.printerjob" value="sun.print.PSPrinterJob" />
    <property name="env.TRAVIS_STACK_NAME" value="garnet" />
    <property name="ant.version" value="Apache Ant(TM) version 1.10.1 compiled on February 2 2017" />
    <property name="ptII.reports" value="/home/travis/build/icyphy/ptII/reports" />
    <property name="env.TRAVIS_STACK_TIMESTAMP" value="2017-12-05 19:33:09 UTC" />
    <property name="ant.file.type.ptII" value="file" />
    <property name="env.RBENV_SHELL" value="bash" />
    <property name="os.name" value="Linux" />
    <property name="java.specification.vendor" value="Oracle Corporation" />
    <property name="env.rvm_version" value="1.29.3 (latest)" />
    <property name="env.TERM" value="xterm" />
    <property name="java.vm.name" value="Java HotSpot(TM) 64-Bit Server VM" />
    <property name="env.TRAVIS_BUILD_NUMBER" value="682" />
    <property name="env.CI" value="true" />
    <property name="java.library.path" value="/home/travis/pthla/certi-tools/lib:/usr/lib/jni:/usr/local/share/OpenCV/java/:/usr/share/OpenCV/java::/usr/java/packages/lib/amd64:/usr/lib64:/lib64:/lib:/usr/lib" />
    <property name="env.rvm_prefix" value="/home/travis" />
    <property name="env.PATH" value="/home/travis/pthla/certi-tools/share/scripts:/home/travis/.rvm/gems/ruby-2.4.1/bin:/home/travis/.rvm/gems/ruby-2.4.1@global/bin:/home/travis/.rvm/rubies/ruby-2.4.1/bin:/home/travis/.rvm/bin:/home/travis/.nvm/versions/node/v7.10.1/bin:./node_modules/.bin:/home/travis/build/icyphy/ptII/bin:/home/travis/pthla/certi-tools/bin:/home/travis/bin:/home/travis/.local/bin:/opt/pyenv/shims:/home/travis/.phpenv/shims:/home/travis/perl5/perlbrew/bin:/home/travis/.kiex/elixirs/elixir-1.4.5/bin:/home/travis/.kiex/bin:/home/travis/gopath/bin:/home/travis/.gimme/versions/go1.7.4.linux.amd64/bin:/usr/local/phantomjs/bin:/usr/local/phantomjs:/usr/local/neo4j-3.2.7/bin:/usr/local/maven-3.5.2/bin:/usr/local/cmake-3.9.2/bin:/usr/local/clang-5.0.0/bin:/usr/local/sbin:/usr/local/bin:/usr/sbin:/usr/bin:/sbin:/bin:/home/travis/.phpenv/bin:/opt/pyenv/bin:/home/travis/.yarn/bin" />
    <property name="env.TRAVIS_OS_NAME" value="linux" />
    <property name="ant.java.version" value="1.8" />
    <property name="basedir" value="/home/travis/build/icyphy/ptII" />
    <property name="java.class.version" value="52.0" />
    <property name="env.SHLVL" value="3" />
    <property name="env.LD_LIBRARY_PATH" value="/home/travis/pthla/certi-tools/lib:/usr/lib/jni:/usr/local/share/OpenCV/java/:/usr/share/OpenCV/java:" />
    <property name="env.RACK_ENV" value="test" />
    <property name="ant.home" value="/home/travis/build/icyphy/ptII/ant" />
    <property name="env.NVM_DIR" value="/home/travis/.nvm" />
    <property name="env.PERLBREW_BASHRC_VERSION" value="0.80" />
    <property name="env.CERTI_FOM_PATH" value="/home/travis/pthla/certi-tools/share/federations" />
    <property name="env.TRAVIS_BUILD_ID" value="412910809" />
    <property name="env.PYENV_ROOT" value="/opt/pyenv" />
    <property name="env.TRAVIS_UID" value="2000" />
    <property name="env.rvm_pretty_print_flag" value="auto" />
    <property name="env.NVM_BIN" value="/home/travis/.nvm/versions/node/v7.10.1/bin" />
    <property name="env.TRAVIS_COMMIT" value="9c38733458b1fb1d06265d679068a5e4ba110532" />
    <property name="env._system_arch" value="x86_64" />
    <property name="node.executable" value="node" />
    <property name="sun.boot.library.path" value="/usr/lib/jvm/java-8-oracle/jre/lib/amd64" />
    <property name="sun.management.compiler" value="HotSpot 64-Bit Tiered Compilers" />
    <property name="env.GOPATH" value="/home/travis/gopath" />
    <property name="java.awt.graphicsenv" value="sun.awt.X11GraphicsEnvironment" />
    <property name="ptolemy.ptII.dir" value="/home/travis/build/icyphy/ptII" />
    <property name="env.USER" value="travis" />
    <property name="env.HISTFILESIZE" value="2000" />
    <property name="timeout.longest" value="19000000" />
    <property name="env.TRAVIS_STACK_FEATURES" value="basic cassandra chromium couchdb disabled-ipv6 docker docker-compose elasticsearch firefox go-toolchain google-chrome jdk memcached mongodb mysql neo4j nodejs_interpreter perl_interpreter perlbrew phantomjs postgresql python_interpreter rabbitmq redis riak ruby_interpreter sqlite xserver" />
    <property name="env.TRAVIS_PULL_REQUEST" value="false" />
    <property name="env.PYENV_SHELL" value="bash" />
    <property name="ant.project.name" value="ptII" />
    <property name="java.vm.specification.version" value="1.8" />
    <property name="env.TRAVIS_DIST" value="trusty" />
    <property name="env.CERTI_VERSION" value="4.0.0" />
    <property name="env.NLSPATH" value="/usr/dt/lib/nls/msg/%L/%N.cat" />
    <property name="awt.toolkit" value="sun.awt.X11.XToolkit" />
    <property name="env.CERTI_HOST" value="localhost" />
    <property name="env.MY_RUBY_HOME" value="/home/travis/.rvm/rubies/ruby-2.4.1" />
    <property name="sun.cpu.isalist" value="" />
    <property name="java.ext.dirs" value="/usr/lib/jvm/java-8-oracle/jre/lib/ext:/usr/java/packages/lib/ext" />
    <property name="os.version" value="4.4.0-101-generic" />
    <property name="user.home" value="/home/travis" />
    <property name="env.MIX_ARCHIVES" value="/home/travis/.kiex/mix/elixir-1.4.5" />
    <property name="java.vm.vendor" value="Oracle Corporation" />
    <property name="env.TRAVIS_TAG" value="nightly" />
    <property name="env.TRAVIS_FILTERED" value="redirect_io" />
    <property name="env.JAVA_HOME" value="/usr/lib/jvm/java-8-oracle" />
    <property name="env.PTII" value="/home/travis/build/icyphy/ptII" />
    <property name="javadoc.excludepackagenames" value="adm.cvs2svn.*,build.*,config.*,doc.coding.templates.*,jni.test.jni.meaningOfLife.*,jni.test.jni.testDeux.*,jni.test.jni.testTrois.*,org.terraswarm.accessor.accessors.web.node_modules.*,org.terraswarm.accessor.accessors.web.hosts.cordova.demo.*,org.terraswarm.accessor.accessors.web.hosts.cordova.plugins.*,org.terraswarm.accessor.accessors-svn.*,pt-modules.*,ptolemy.apps.agilent.*,ptolemy.apps.anytimecontrol.*,ptolemy.apps.apes.*,ptolemy.apps.charon.*,ptolemy.apps.crazyboard.*,ptolemy.apps.eclipse.*,ptolemy.apps.etherealSting.*,ptolemy.apps.fullscreen.*,ptolemy.apps.giotto.*,ptolemy.apps.ia.*,ptolemy.apps.interfaces.*,ptolemy.apps.jmf.*,ptolemy.apps.kurt.*,ptolemy.apps.kvm.*,ptolemy.apps.lego.*,ptolemy.apps.lejos.*,ptolemy.apps.midp.*,ptolemy.apps.mobileCoding.*,ptolemy.apps.pendulum.*,ptolemy.apps.rijndael.*,ptolemy.apps.robot.*,ptolemy.apps.security.*,ptolemy.apps.sobel.*,ptolemy.apps.soot.*,ptolemy.apps.throttle.*,ptolemy.apps.tini.*,ptolemy.apps.transmission.*,ptolemy.apps.vergil.*,ptolemy.apps.waba.*,ptolemy.apps.websensor.*,ptolemy.apps.webstart.*,ptolemy.apps.xsl.*,ptolemy.apps.zaurus.*,ptolemy.backtrack.eclipse.plugin.*,ptolemy.backtrack.test.*,ptolemy.codegen.c.actor.lib.oldJavaFiles.*,ptolemy.codegen.dsp.lib.*,ptolemy.codegen.kernel.newInterfaces.*,ptolemy.codegen.lib.*,ptolemy.copernicus.kernel.fragment.*,ptolemy.copernicus.shallow.cg.*,ptolemy.domains.giotto.demo.Hierarchy.Hierarchy.*,ptolemy.domains.giotto.demo.Multimode.Multimode.*,ptolemy.domains.giotto.demo.Simple.Simple.*,ptolemy.domains.gr.lib.experimental.*,ptolemy.domains.gro.*,ptolemy.domains.pdf.*,ptolemy.domains.ptinyos.demo.Surge.output.*,ptolemy.moml.test.NoPackageActor.java*,ptolemy.plot.adm.*,ptolemy.plot.servlet.*,reports.*,signed.*,src.*,target.*,vendors.*,ptolemy.cg.adapter.generic.program.procedural.c.mbed*,ptolemy.actor.lib.fmi.fmus.omc*,ptolemy.domains.openmodelica*,ptdb.kernel.bl.save.test.*,ptdb.kernel.bl.load.test.*,ptdb.kernel.bl.search.test.*,ptdb.kernel.bl.migration.test.*,ptdb.kernel.database.test.*,ptdb.test.*,ptdb.gui.test.*,org.ptolemy.scala.*,diva.util.java2d.svg.*,ptolemy.domains.ptinyos.*,ptolemy.actor.lib.fmi.fmipp.*,,org.terraswarm.accessor.accessors.web.node_modules.*,org.terraswarm.accessor.accessors-svn,ptolemy.apps.*,ptolemy.actor.ptalon.demo.ptinyos.SendAndReceiveCnt.output,ptolemy.actor.ptalon.demo.ptinyos.SenseToLeds.output,ptolemy.domains.ptinyos.demo.CntToLedsAndRfm.output,ptolemy.domains.ptinyos.demo.RfmToLeds.output,ptolemy.domains.ptinyos.demo.SendAndReceiveCnt.output,ptolemy.domains.ptinyos.demo.SenseToLeds.output,ptolemy.actor.lib.jjs.modules.udpSocket.*" />
    <property name="env.TRAVIS_COMMIT_MESSAGE" value="Merge branch &apos;master&apos; of https://github.com/icyphy/ptII" />
    <property name="keystore" value="ptKeystore" />
    <property name="env.XDG_SESSION_ID" value="2" />
    <property name="junit.output.dir" value="/home/travis/build/icyphy/ptII/reports/junit" />
    <property name="npm.return.code" value="0" />
    <property name="user.dir" value="/home/travis/build/icyphy/ptII/ptolemy/actor/lib/test" />
    <property name="env.TRAVIS_NODE_VERSION" value="7" />
    <property name="env.XFILESEARCHPATH" value="/usr/dt/app-defaults/%L/Dt" />
    <property name="env.TRAVIS_EVENT_TYPE" value="cron" />
    <property name="env.MAIL" value="/var/mail/travis" />
    <property name="env.PERLBREW_ROOT" value="/home/travis/perl5/perlbrew" />
    <property name="env.PWD" value="/home/travis/build/icyphy/ptII" />
    <property name="timeout.npm" value="45000" />
    <property name="env.PAGER" value="cat" />
    <property name="sun.cpu.endian" value="little" />
    <property name="env.TRAVIS_BUILD_STAGE_NAME" value="Test" />
    <property name="env.PERLBREW_HOME" value="/home/travis/.perlbrew" />
    <property name="env.RAILS_ENV" value="test" />
    <property name="java.vm.version" value="25.151-b12" />
    <property name="java.class.path" value="/home/travis/.ptolemyII:/home/travis/.ptolemyII/*:/home/travis/build/icyphy/ptII:/home/travis/build/icyphy/ptII/lib/bsh-2.0b4.jar:/home/travis/build/icyphy/ptII/lib/ptCal.jar:/home/travis/build/icyphy/ptII/lib/java_cup.jar:/home/travis/build/icyphy/ptII/lib/saxon8.jar:/home/travis/build/icyphy/ptII/lib/saxon8-dom.jar:/home/travis/build/icyphy/ptII/lib/chic.jar:/home/travis/build/icyphy/ptII/lib/ptcolt.jar:/usr/lib/jvm/java-8-oracle/lib/tools.jar:/usr/lib/eclipse/plugins/org.eclipse.jdt.core_3.8.2.dist.jar:/usr/lib/eclipse/plugins/org.eclipse.core.runtime_3.8.0.dist.jar:/usr/lib/eclipse/plugins/org.eclipse.osgi_3.8.1.dist.jar:/usr/lib/eclipse/plugins/org.eclipse.core.resources_3.8.1.dist.jar:/usr/lib/eclipse/plugins/org.eclipse.equinox.common_3.6.100.dist.jar:/usr/lib/eclipse/plugins/org.eclipse.core.jobs_3.5.200.dist.jar:/usr/lib/eclipse/plugins/org.eclipse.core.contenttype_3.4.200.dist.jar:/usr/lib/eclipse/plugins/org.eclipse.equinox.preferences_3.5.0.dist.jar:/usr/lib/eclipse/plugins/org.eclipse.text_3.5.200.dist.jar:/usr/lib/eclipse/plugins/org.eclipse.ui.workbench_3.8.1.dist.jar:/usr/lib/eclipse/plugins/org.eclipse.jface_3.8.0.dist.jar:/usr/lib/eclipse/plugins/org.eclipse.swt_3.8.2.jar:/usr/lib/eclipse/plugins/org.eclipse.jface.text_3.8.1.dist.jar:/usr/lib/eclipse/plugins/org.eclipse.ui.workbench.texteditor_3.8.0.dist.jar:/usr/lib/eclipse/plugins/org.eclipse.ui.editors_3.8.0.dist.jar:/usr/lib/eclipse/plugins/org.eclipse.core.commands_3.6.1.dist.jar:/usr/lib/eclipse/plugins/org.eclipse.equinox.registry_3.5.200.dist.jar:/usr/lib/eclipse/plugins/org.eclipse.ui.console_3.5.100.dist.jar:/usr/lib/eclipse/plugins/org.eclipse.ui.forms_3.5.200.dist.jar:/usr/lib/eclipse/plugins/org.eclipse.ui.ide_3.8.1.dist.jar:/home/travis/build/icyphy/ptII/vendors/oracle/dbxml.jar:/home/travis/build/icyphy/ptII/vendors/oracle/db.jar:/home/travis/build/icyphy/ptII/vendors/misc/itext/iText.jar:/home/travis/build/icyphy/ptII/lib/g4ltl.jar:/home/travis/build/icyphy/ptII/lib/StructuralCoder.jar:/home/travis/build/icyphy/ptII/lib/org-openide-util.jar:/home/travis/build/icyphy/ptII/lib/org-openide-util-lookup.jar:/home/travis/build/icyphy/ptII/lib/org-netbeans-api-visual.jar:/home/travis/build/icyphy/ptII/vendors/jai-1_1_2_01/lib/jai_core.jar:/home/travis/build/icyphy/ptII/vendors/jai-1_1_2_01/lib/jai_codec.jar:/home/travis/build/icyphy/ptII/lib/jcerti.jar:/home/travis/build/icyphy/ptII/lib/smack.jar:/home/travis/build/icyphy/ptII/lib/smackx.jar:/home/travis/build/icyphy/ptII/lib/jetty-all-8.1.5-v20120716.jar:/home/travis/build/icyphy/ptII/lib/javax.servlet-api-3.0.1.jar:/home/travis/build/icyphy/ptII/lib/javax.mail.jar:/home/travis/build/icyphy/ptII/vendors/JMF-2.1.1e/lib/jmf.jar:/home/travis/build/icyphy/ptII/lib/jna-4.0.0-variadic.jar:/home/travis/build/icyphy/ptII/vendors/misc/joystick/Joystick.jar:/home/travis/build/icyphy/ptII/lib/ptjacl.jar:/home/travis/build/icyphy/ptII/lib/jsoup-1.8.2.jar:/home/travis/build/icyphy/ptII/lib/junit-4.8.2.jar:/home/travis/build/icyphy/ptII/lib/JUnitParams-0.4.0.jar:/home/travis/build/icyphy/ptII/ptolemy/actor/lib/excel/jxl.jar:/home/travis/build/icyphy/ptII/lib/jython.jar:/home/travis/build/icyphy/ptII/lib/kieler.jar:/home/travis/build/icyphy/ptII/vendors/opencv/share/OpenCV/java/opencv-341.jar:/home/travis/build/icyphy/ptII/lib/oscP5.jar:/home/travis/build/icyphy/ptII/lib/nrjavaserial-3.11.0.devel.jar:/home/travis/build/icyphy/ptII/vendors/j3d/lib/j3dcore.jar:/home/travis/build/icyphy/ptII/vendors/j3d/lib/j3dutils.jar:/home/travis/build/icyphy/ptII/vendors/j3d/lib/vecmath.jar:/home/travis/build/icyphy/ptII/ptolemy/distributed/jini/jar/jini-core.jar:/home/travis/build/icyphy/ptII/ptolemy/distributed/jini/jar/jini-ext.jar:/home/travis/build/icyphy/ptII/ptolemy/distributed/jini/jar/sun-util.jar:/home/travis/build/icyphy/ptII/lib/protobuf-java-2.4.1.jar:/home/travis/build/icyphy/ptII/lib/org.eclipse.paho.client.mqttv3.jar:/home/travis/build/icyphy/ptII/ptserver/lib/hessian-4.0.7.jar:/home/travis/build/icyphy/ptII/ptserver/lib/wmqtt.jar:/home/travis/build/icyphy/ptII/lib/mapss.jar:/home/travis/build/icyphy/ptII/ptolemy/actor/ptalon/antlr/antlr.jar:/home/travis/build/icyphy/ptII/lib/JRI.jar:/home/travis/build/icyphy/ptII/lib/commons-lang-2.6.jar:/home/travis/build/icyphy/ptII/lib/commons-logging-1.1.1.jar:/home/travis/build/icyphy/ptII/lib/sootclasses.jar:/home/travis/build/icyphy/ptII/ptolemy/actor/lib/database/mysql-connector-java-5.1.6-bin.jar:/home/travis/build/icyphy/ptII/vendors/misc/sphinx4/sphinx4-data-5prealpha.jar:/home/travis/build/icyphy/ptII/vendors/misc/sphinx4/sphinx4-core-5prealpha.jar:/home/travis/build/icyphy/ptII/lib/PDFRenderer.jar:/home/travis/build/icyphy/ptII/lib/svgSalamander.jar:/home/travis/build/icyphy/ptII/lib/rsyntaxtextarea-2.6.0-SNAPSHOT.jar:/home/travis/build/icyphy/ptII/lib/hazelcast-3.8.2.jar:/home/travis/build/icyphy/ptII/lib/jackson-annotations-2.9.0.jar:/home/travis/build/icyphy/ptII/lib/jackson-core-2.9.3.jar:/home/travis/build/icyphy/ptII/lib/jackson-databind-2.9.3.jar:/home/travis/build/icyphy/ptII/lib/netty-buffer-4.1.19.Final.jar:/home/travis/build/icyphy/ptII/lib/netty-codec-4.1.19.Final.jar:/home/travis/build/icyphy/ptII/lib/netty-codec-dns-4.1.19.Final.jar:/home/travis/build/icyphy/ptII/lib/netty-codec-http-4.1.19.Final.jar:/home/travis/build/icyphy/ptII/lib/netty-codec-http2-4.1.19.Final.jar:/home/travis/build/icyphy/ptII/lib/netty-common-4.1.19.Final.jar:/home/travis/build/icyphy/ptII/lib/netty-handler-4.1.19.Final.jar:/home/travis/build/icyphy/ptII/lib/netty-resolver-4.1.19.Final.jar:/home/travis/build/icyphy/ptII/lib/netty-resolver-dns-4.1.19.Final.jar:/home/travis/build/icyphy/ptII/lib/netty-transport-4.1.19.Final.jar:/home/travis/build/icyphy/ptII/lib/vertx-codegen-3.5.1.jar:/home/travis/build/icyphy/ptII/lib/vertx-core-3.5.2-SNAPSHOT.jar:/home/travis/build/icyphy/ptII/lib/vertx-hazelcast-3.5.1.jar:/home/travis/build/icyphy/ptII/lib/vertx-lang-js-3.5.1.jar:/home/travis/build/icyphy/ptII/lib/vertx-service-proxy-3.5.1.jar:/home/travis/build/icyphy/ptII/lib/vertx-web-3.5.1.jar:/home/travis/build/icyphy/ptII/lib/slf4j-api-1.7.13.jar:/home/travis/build/icyphy/ptII/lib/slf4j-simple-1.7.13.jar:/home/travis/build/icyphy/ptII/lib/webcam-capture-0.3.12.jar:/home/travis/build/icyphy/ptII/lib/bridj-0.7.0.jar:/home/travis/build/icyphy/ptII/lib/xbjlib-1.1.0.nrjavaserial.jar:/home/travis/build/icyphy/ptII/ptolemy/moml/test:/home/travis/build/icyphy/ptII/ant/lib/ant-launcher.jar:/home/travis/build/icyphy/ptII/ant/lib/ant.jar:/home/travis/build/icyphy/ptII/ant/lib/ant-junit.jar:/home/travis/build/icyphy/ptII/ant/lib/ant-junit4.jar" />
    <property name="ant.library.dir" value="/home/travis/build/icyphy/ptII/ant/lib" />
    <property name="os.arch" value="amd64" />
    <property name="env.TRAVIS_LANGUAGE" value="node_js" />
    <property name="env.CONTINUOUS_INTEGRATION" value="true" />
    <property name="env.TRAVIS_STACK_LANGUAGES" value="__garnet__ c c++ clojure cplusplus cpp default go groovy java node_js php pure_java python ruby scala" />
    <property name="test.name" value="ptolemy.actor.lib.test.junit.JUnitTclTest" />
    <property name="sun.java.launcher" value="SUN_STANDARD" />
    <property name="env.PYTHON_CONFIGURE_OPTS" value="--enable-unicode=ucs4 --with-wide-unicode --enable-shared --enable-ipv6 --enable-loadable-sqlite-extensions --with-computed-gotos" />
    <property name="ant.core.lib" value="/home/travis/build/icyphy/ptII/ant/lib/ant.jar" />
    <property name="java.vm.specification.vendor" value="Oracle Corporation" />
    <property name="env.BCVTB_HOME" value="/home/travis/build/icyphy/ptII/lbnl" />
    <property name="file.separator" value="/" />
    <property name="java.runtime.version" value="1.8.0_151-b12" />
    <property name="spotbugs.home" value="/home/travis/build/icyphy/ptII/vendors/spotbugs-3.1.1" />
    <property name="sun.boot.class.path" value="/usr/lib/jvm/java-8-oracle/jre/lib/resources.jar:/usr/lib/jvm/java-8-oracle/jre/lib/rt.jar:/usr/lib/jvm/java-8-oracle/jre/lib/sunrsasign.jar:/usr/lib/jvm/java-8-oracle/jre/lib/jsse.jar:/usr/lib/jvm/java-8-oracle/jre/lib/jce.jar:/usr/lib/jvm/java-8-oracle/jre/lib/charsets.jar:/usr/lib/jvm/java-8-oracle/jre/lib/jfr.jar:/usr/lib/jvm/java-8-oracle/jre/classes" />
    <property name="env.HAS_JOSH_K_SEAL_OF_APPROVAL" value="true" />
    <property name="env.XDG_RUNTIME_DIR" value="/run/user/2000" />
    <property name="env.TRAVIS_OSX_IMAGE" value="" />
    <property name="env.TRAVIS_BRANCH" value="master" />
    <property name="env.TRAVIS_JOB_ID" value="412910817" />
    <property name="user.country" value="US" />
    <property name="env.CERTI_HOME_TRAVIS" value="/home/travis/pthla/certi-tools" />
    <property name="env.SHELL" value="/bin/bash" />
    <property name="java.maxmemory.large" value="5000m" />
    <property name="model" value="" />
    <property name="env.CASHER_DIR" value="/home/travis/.casher" />
    <property name="env.NVM_CD_FLAGS" value="" />
    <property name="jshint.executable" value="/home/travis/node_modules/jshint/bin/jshint" />
    <property name="java.vendor" value="Oracle Corporation" />
    <property name="env.JRUBY_OPTS" value=" --client -J-XX:+TieredCompilation -J-XX:TieredStopAtLevel=1 -J-Xss2m -Xcompile.invokedynamic=false" />
    <property name="env.TRAVIS_PRE_CHEF_BOOTSTRAP_TIME" value="2017-12-05T19:32:55" />
    <property name="env.ELIXIR_VERSION" value="1.4.5" />
    <property name="env.TRAVIS_STACK_JOB_BOARD_REGISTER" value="/.job-board-register.yml" />
    <property name="java.specification.version" value="1.8" />
    <property name="env.TRAVIS" value="true" />
    <property name="env.IRBRC" value="/home/travis/.rvm/rubies/ruby-2.4.1/.irbrc" />
    <property name="sun.arch.data.model" value="64" />
  </properties>
  <testcase classname="ptolemy.util.test.junit.TclTests" name="[0] /home/travis/build/icyphy/ptII/ptolemy/actor/lib/test/AbsoluteValue.tcl (RunTclFile)" time="0.458" />
  <testcase classname="ptolemy.util.test.junit.TclTests" name="[1] /home/travis/build/icyphy/ptII/ptolemy/actor/lib/test/AddSubtract.tcl (RunTclFile)" time="0.064" />
  <testcase classname="ptolemy.util.test.junit.TclTests" name="[2] /home/travis/build/icyphy/ptII/ptolemy/actor/lib/test/Average.tcl (RunTclFile)" time="0.052" />
  <testcase classname="ptolemy.util.test.junit.TclTests" name="[3] /home/travis/build/icyphy/ptII/ptolemy/actor/lib/test/Bernoulli.tcl (RunTclFile)" time="0.035" />
  <testcase classname="ptolemy.util.test.junit.TclTests" name="[4] /home/travis/build/icyphy/ptII/ptolemy/actor/lib/test/Clock.tcl (RunTclFile)" time="0.099" />
  <testcase classname="ptolemy.util.test.junit.TclTests" name="[5] /home/travis/build/icyphy/ptII/ptolemy/actor/lib/test/Commutator.tcl (RunTclFile)" time="0.132" />
  <testcase classname="ptolemy.util.test.junit.TclTests" name="[6] /home/travis/build/icyphy/ptII/ptolemy/actor/lib/test/Const.tcl (RunTclFile)" time="0.149" />
  <testcase classname="ptolemy.util.test.junit.TclTests" name="[7] /home/travis/build/icyphy/ptII/ptolemy/actor/lib/test/CurrentTime.tcl (RunTclFile)" time="0.022" />
  <testcase classname="ptolemy.util.test.junit.TclTests" name="[8] /home/travis/build/icyphy/ptII/ptolemy/actor/lib/test/DB.tcl (RunTclFile)" time="0.02" />
  <testcase classname="ptolemy.util.test.junit.TclTests" name="[9] /home/travis/build/icyphy/ptII/ptolemy/actor/lib/test/DiscreteRandomSource.tcl (RunTclFile)" time="0.024" />
  <testcase classname="ptolemy.util.test.junit.TclTests" name="[10] /home/travis/build/icyphy/ptII/ptolemy/actor/lib/test/Distributor.tcl (RunTclFile)" time="0.038" />
  <testcase classname="ptolemy.util.test.junit.TclTests" name="[11] /home/travis/build/icyphy/ptII/ptolemy/actor/lib/test/Exit.tcl (RunTclFile)" time="0.039" />
  <testcase classname="ptolemy.util.test.junit.TclTests" name="[12] /home/travis/build/icyphy/ptII/ptolemy/actor/lib/test/Expression.tcl (RunTclFile)" time="0.098" />
  <testcase classname="ptolemy.util.test.junit.TclTests" name="[13] /home/travis/build/icyphy/ptII/ptolemy/actor/lib/test/Gaussian.tcl (RunTclFile)" time="0.996" />
  <testcase classname="ptolemy.util.test.junit.TclTests" name="[14] /home/travis/build/icyphy/ptII/ptolemy/actor/lib/test/IIR.tcl (RunTclFile)" time="0.036" />
  <testcase classname="ptolemy.util.test.junit.TclTests" name="[15] /home/travis/build/icyphy/ptII/ptolemy/actor/lib/test/Interpolator.tcl (RunTclFile)" time="0.078" />
  <testcase classname="ptolemy.util.test.junit.TclTests" name="[16] /home/travis/build/icyphy/ptII/ptolemy/actor/lib/test/MathFunction.tcl (RunTclFile)" time="0.056" />
  <testcase classname="ptolemy.util.test.junit.TclTests" name="[17] /home/travis/build/icyphy/ptII/ptolemy/actor/lib/test/Maximum.tcl (RunTclFile)" time="0.056" />
  <testcase classname="ptolemy.util.test.junit.TclTests" name="[18] /home/travis/build/icyphy/ptII/ptolemy/actor/lib/test/Minimum.tcl (RunTclFile)" time="0.048" />
  <testcase classname="ptolemy.util.test.junit.TclTests" name="[19] /home/travis/build/icyphy/ptII/ptolemy/actor/lib/test/MultiplyDivide.tcl (RunTclFile)" time="0.051" />
  <testcase classname="ptolemy.util.test.junit.TclTests" name="[20] /home/travis/build/icyphy/ptII/ptolemy/actor/lib/test/OrderedMerge.tcl (RunTclFile)" time="0.114" />
  <testcase classname="ptolemy.util.test.junit.TclTests" name="[21] /home/travis/build/icyphy/ptII/ptolemy/actor/lib/test/Publisher.tcl (RunTclFile)" time="0.752" />
  <testcase classname="ptolemy.util.test.junit.TclTests" name="[22] /home/travis/build/icyphy/ptII/ptolemy/actor/lib/test/Pulse.tcl (RunTclFile)" time="0.071" />
  <testcase classname="ptolemy.util.test.junit.TclTests" name="[23] /home/travis/build/icyphy/ptII/ptolemy/actor/lib/test/Ramp.tcl (RunTclFile)" time="2.098" />
  <testcase classname="ptolemy.util.test.junit.TclTests" name="[24] /home/travis/build/icyphy/ptII/ptolemy/actor/lib/test/RampContinuous.tcl (RunTclFile)" time="0.024" />
  <testcase classname="ptolemy.util.test.junit.TclTests" name="[25] /home/travis/build/icyphy/ptII/ptolemy/actor/lib/test/RecordAssembler.tcl (RunTclFile)" time="0.019" />
  <testcase classname="ptolemy.util.test.junit.TclTests" name="[26] /home/travis/build/icyphy/ptII/ptolemy/actor/lib/test/RecordDisassembler.tcl (RunTclFile)" time="0.03" />
  <testcase classname="ptolemy.util.test.junit.TclTests" name="[27] /home/travis/build/icyphy/ptII/ptolemy/actor/lib/test/Scale.tcl (RunTclFile)" time="0.035" />
  <testcase classname="ptolemy.util.test.junit.TclTests" name="[28] /home/travis/build/icyphy/ptII/ptolemy/actor/lib/test/SequentialClock.tcl (RunTclFile)" time="0.026" />
  <testcase classname="ptolemy.util.test.junit.TclTests" name="[29] /home/travis/build/icyphy/ptII/ptolemy/actor/lib/test/SetVariable.tcl (RunTclFile)" time="0.018" />
  <testcase classname="ptolemy.util.test.junit.TclTests" name="[30] /home/travis/build/icyphy/ptII/ptolemy/actor/lib/test/Sinewave.tcl (RunTclFile)" time="0.084" />
  <testcase classname="ptolemy.util.test.junit.TclTests" name="[31] /home/travis/build/icyphy/ptII/ptolemy/actor/lib/test/SubscriptionAggregator.tcl (RunTclFile)" time="1.99" />
  <testcase classname="ptolemy.util.test.junit.TclTests" name="[32] /home/travis/build/icyphy/ptII/ptolemy/actor/lib/test/Test.tcl (RunTclFile)" time="0.075" />
  <testcase classname="ptolemy.util.test.junit.TclTests" name="[33] /home/travis/build/icyphy/ptII/ptolemy/actor/lib/test/TestExceptionHandler.tcl (RunTclFile)" time="0.013" />
  <testcase classname="ptolemy.util.test.junit.TclTests" name="[34] /home/travis/build/icyphy/ptII/ptolemy/actor/lib/test/UnionDisassembler.tcl (RunTclFile)" time="0.077" />
  <testcase classname="ptolemy.util.test.junit.TclTests" name="[35] /home/travis/build/icyphy/ptII/ptolemy/actor/lib/test/VariableClock.tcl (RunTclFile)" time="0.029" />
  <testcase classname="ptolemy.util.test.junit.AutoKnownFailedTests" name="[0] /home/travis/build/icyphy/ptII/ptolemy/actor/lib/test/auto/knownFailedTests/PublisherPortToplevelSubscriber.xml (RunModel)" time="0.018" />
  <testcase classname="ptolemy.util.test.junit.AutoKnownFailedTests" name="[1] /home/travis/build/icyphy/ptII/ptolemy/actor/lib/test/auto/knownFailedTests/PublisherSubscriberPortToplevel.xml (RunModel)" time="0.025" />
  <testcase classname="ptolemy.util.test.junit.AutoKnownFailedTests" name="[2] /home/travis/build/icyphy/ptII/ptolemy/actor/lib/test/auto/knownFailedTests/PublisherSubscriptionAggregatorPort.xml (RunModel)" time="0.023" />
  <testcase classname="ptolemy.util.test.junit.AutoKnownFailedTests" name="[3] /home/travis/build/icyphy/ptII/ptolemy/actor/lib/test/auto/knownFailedTests/sizedarray3.xml (RunModel)" time="0.023" />
  <testcase classname="ptolemy.util.test.junit.AutoNameArchTests" name="[0] ThereAreNoAutoArchTests (RunModel)" time="0.076" />
  <testcase classname="ptolemy.util.test.junit.AutoTests" name="[0] /home/travis/build/icyphy/ptII/ptolemy/actor/lib/test/auto/AbsoluteValue.xml (RunModel)" time="0.12" />
  <testcase classname="ptolemy.util.test.junit.AutoTests" name="[1] /home/travis/build/icyphy/ptII/ptolemy/actor/lib/test/auto/AbsoluteValue2.xml (RunModel)" time="0.064" />
  <testcase classname="ptolemy.util.test.junit.AutoTests" name="[2] /home/travis/build/icyphy/ptII/ptolemy/actor/lib/test/auto/Accumulator.xml (RunModel)" time="0.06" />
  <testcase classname="ptolemy.util.test.junit.AutoTests" name="[3] /home/travis/build/icyphy/ptII/ptolemy/actor/lib/test/auto/Accumulator2.xml (RunModel)" time="0.041" />
  <testcase classname="ptolemy.util.test.junit.AutoTests" name="[4] /home/travis/build/icyphy/ptII/ptolemy/actor/lib/test/auto/Accumulator3.xml (RunModel)" time="0.027" />
  <testcase classname="ptolemy.util.test.junit.AutoTests" name="[5] /home/travis/build/icyphy/ptII/ptolemy/actor/lib/test/auto/ArrayAppend.xml (RunModel)" time="0.028" />
  <testcase classname="ptolemy.util.test.junit.AutoTests" name="[6] /home/travis/build/icyphy/ptII/ptolemy/actor/lib/test/auto/ArrayAppend2.xml (RunModel)" time="0.329" />
  <testcase classname="ptolemy.util.test.junit.AutoTests" name="[7] /home/travis/build/icyphy/ptII/ptolemy/actor/lib/test/auto/ArrayAppend3.xml (RunModel)" time="0.023" />
  <testcase classname="ptolemy.util.test.junit.AutoTests" name="[8] /home/travis/build/icyphy/ptII/ptolemy/actor/lib/test/auto/ArrayAppend4.xml (RunModel)" time="0.028" />
  <testcase classname="ptolemy.util.test.junit.AutoTests" name="[9] /home/travis/build/icyphy/ptII/ptolemy/actor/lib/test/auto/ArrayAppend5.xml (RunModel)" time="0.028" />
  <testcase classname="ptolemy.util.test.junit.AutoTests" name="[10] /home/travis/build/icyphy/ptII/ptolemy/actor/lib/test/auto/ArrayAppend6.xml (RunModel)" time="0.024" />
  <testcase classname="ptolemy.util.test.junit.AutoTests" name="[11] /home/travis/build/icyphy/ptII/ptolemy/actor/lib/test/auto/ArrayAppendPerformanceTest.xml (RunModel)" time="0.053" />
  <testcase classname="ptolemy.util.test.junit.AutoTests" name="[12] /home/travis/build/icyphy/ptII/ptolemy/actor/lib/test/auto/ArrayAppendWithEmptyInput.xml (RunModel)" time="0.056" />
  <testcase classname="ptolemy.util.test.junit.AutoTests" name="[13] /home/travis/build/icyphy/ptII/ptolemy/actor/lib/test/auto/ArrayAverage.xml (RunModel)" time="0.068" />
  <testcase classname="ptolemy.util.test.junit.AutoTests" name="[14] /home/travis/build/icyphy/ptII/ptolemy/actor/lib/test/auto/ArrayContains.xml (RunModel)" time="0.04" />
  <testcase classname="ptolemy.util.test.junit.AutoTests" name="[15] /home/travis/build/icyphy/ptII/ptolemy/actor/lib/test/auto/ArrayElement.xml (RunModel)" time="0.028" />
  <testcase classname="ptolemy.util.test.junit.AutoTests" name="[16] /home/travis/build/icyphy/ptII/ptolemy/actor/lib/test/auto/ArrayElementAsMatrix.xml (RunModel)" time="0.045" />
  <testcase classname="ptolemy.util.test.junit.AutoTests" name="[17] /home/travis/build/icyphy/ptII/ptolemy/actor/lib/test/auto/ArrayElementI.xml (RunModel)" time="0.024" />
  <testcase classname="ptolemy.util.test.junit.AutoTests" name="[18] /home/travis/build/icyphy/ptII/ptolemy/actor/lib/test/auto/ArrayExtract.xml (RunModel)" time="0.031" />
  <testcase classname="ptolemy.util.test.junit.AutoTests" name="[19] /home/travis/build/icyphy/ptII/ptolemy/actor/lib/test/auto/ArrayExtract2.xml (RunModel)" time="0.017" />
  <testcase classname="ptolemy.util.test.junit.AutoTests" name="[20] /home/travis/build/icyphy/ptII/ptolemy/actor/lib/test/auto/ArrayLength.xml (RunModel)" time="0.016" />
  <testcase classname="ptolemy.util.test.junit.AutoTests" name="[21] /home/travis/build/icyphy/ptII/ptolemy/actor/lib/test/auto/ArrayLevelCrossing.xml (RunModel)" time="0.031" />
  <testcase classname="ptolemy.util.test.junit.AutoTests" name="[22] /home/travis/build/icyphy/ptII/ptolemy/actor/lib/test/auto/ArrayLevelCrossing2.xml (RunModel)" time="0.022" />
  <testcase classname="ptolemy.util.test.junit.AutoTests" name="[23] /home/travis/build/icyphy/ptII/ptolemy/actor/lib/test/auto/ArrayPeakSearch.xml (RunModel)" time="0.082" />
  <testcase classname="ptolemy.util.test.junit.AutoTests" name="[24] /home/travis/build/icyphy/ptII/ptolemy/actor/lib/test/auto/ArrayPeakSearch2.xml (RunModel)" time="0.047" />
  <testcase classname="ptolemy.util.test.junit.AutoTests" name="[25] /home/travis/build/icyphy/ptII/ptolemy/actor/lib/test/auto/ArrayPeakSearch3.xml (RunModel)" time="0.039" />
  <testcase classname="ptolemy.util.test.junit.AutoTests" name="[26] /home/travis/build/icyphy/ptII/ptolemy/actor/lib/test/auto/ArrayRemoveElement.xml (RunModel)" time="0.031" />
  <testcase classname="ptolemy.util.test.junit.AutoTests" name="[27] /home/travis/build/icyphy/ptII/ptolemy/actor/lib/test/auto/ArraySort.xml (RunModel)" time="0.036" />
  <testcase classname="ptolemy.util.test.junit.AutoTests" name="[28] /home/travis/build/icyphy/ptII/ptolemy/actor/lib/test/auto/ArraySum.xml (RunModel)" time="0.02" />
  <testcase classname="ptolemy.util.test.junit.AutoTests" name="[29] /home/travis/build/icyphy/ptII/ptolemy/actor/lib/test/auto/ArrayToElements.xml (RunModel)" time="0.024" />
  <testcase classname="ptolemy.util.test.junit.AutoTests" name="[30] /home/travis/build/icyphy/ptII/ptolemy/actor/lib/test/auto/ArrayToMatrix.xml (RunModel)" time="0.077" />
  <testcase classname="ptolemy.util.test.junit.AutoTests" name="[31] /home/travis/build/icyphy/ptII/ptolemy/actor/lib/test/auto/ArrayUpdate1.xml (RunModel)" time="0.014" />
  <testcase classname="ptolemy.util.test.junit.AutoTests" name="[32] /home/travis/build/icyphy/ptII/ptolemy/actor/lib/test/auto/ArrayUpdate2.xml (RunModel)" time="0.019" />
  <testcase classname="ptolemy.util.test.junit.AutoTests" name="[33] /home/travis/build/icyphy/ptII/ptolemy/actor/lib/test/auto/ArrayUpdate3.xml (RunModel)" time="0.012" />
  <testcase classname="ptolemy.util.test.junit.AutoTests" name="[34] /home/travis/build/icyphy/ptII/ptolemy/actor/lib/test/auto/Assert1.xml (RunModel)" time="0.023" />
  <testcase classname="ptolemy.util.test.junit.AutoTests" name="[35] /home/travis/build/icyphy/ptII/ptolemy/actor/lib/test/auto/Assert2.xml (RunModel)" time="0.015" />
  <testcase classname="ptolemy.util.test.junit.AutoTests" name="[36] /home/travis/build/icyphy/ptII/ptolemy/actor/lib/test/auto/BooleanMultiplexor.xml (RunModel)" time="0.015" />
  <testcase classname="ptolemy.util.test.junit.AutoTests" name="[37] /home/travis/build/icyphy/ptII/ptolemy/actor/lib/test/auto/BooleanMultiplexor2.xml (RunModel)" time="0.016" />
  <testcase classname="ptolemy.util.test.junit.AutoTests" name="[38] /home/travis/build/icyphy/ptII/ptolemy/actor/lib/test/auto/BooleanMultiplexor3.xml (RunModel)" time="0.012" />
  <testcase classname="ptolemy.util.test.junit.AutoTests" name="[39] /home/travis/build/icyphy/ptII/ptolemy/actor/lib/test/auto/BooleanSelect.xml (RunModel)" time="0.018" />
  <testcase classname="ptolemy.util.test.junit.AutoTests" name="[40] /home/travis/build/icyphy/ptII/ptolemy/actor/lib/test/auto/BooleanSelect2.xml (RunModel)" time="0.014" />
  <testcase classname="ptolemy.util.test.junit.AutoTests" name="[41] /home/travis/build/icyphy/ptII/ptolemy/actor/lib/test/auto/BooleanSwitch.xml (RunModel)" time="0.016" />
  <testcase classname="ptolemy.util.test.junit.AutoTests" name="[42] /home/travis/build/icyphy/ptII/ptolemy/actor/lib/test/auto/BooleanSwitch2.xml (RunModel)" time="0.014" />
  <testcase classname="ptolemy.util.test.junit.AutoTests" name="[43] /home/travis/build/icyphy/ptII/ptolemy/actor/lib/test/auto/BooleanSwitchCloningBugWithClassRelationGroup.xml (RunModel)" time="0.031" />
  <testcase classname="ptolemy.util.test.junit.AutoTests" name="[44] /home/travis/build/icyphy/ptII/ptolemy/actor/lib/test/auto/BusActors.xml (RunModel)" time="0.035" />
  <testcase classname="ptolemy.util.test.junit.AutoTests" name="[45] /home/travis/build/icyphy/ptII/ptolemy/actor/lib/test/auto/ClassWrapper.xml (RunModel)" time="0.011" />
  <testcase classname="ptolemy.util.test.junit.AutoTests" name="[46] /home/travis/build/icyphy/ptII/ptolemy/actor/lib/test/auto/Clock.xml (RunModel)" time="0.012" />
  <testcase classname="ptolemy.util.test.junit.AutoTests" name="[47] /home/travis/build/icyphy/ptII/ptolemy/actor/lib/test/auto/Clock10.xml (RunModel)" time="0.021" />
  <testcase classname="ptolemy.util.test.junit.AutoTests" name="[48] /home/travis/build/icyphy/ptII/ptolemy/actor/lib/test/auto/Clock11.xml (RunModel)" time="0.022" />
  <testcase classname="ptolemy.util.test.junit.AutoTests" name="[49] /home/travis/build/icyphy/ptII/ptolemy/actor/lib/test/auto/Clock12.xml (RunModel)" time="0.023" />
  <testcase classname="ptolemy.util.test.junit.AutoTests" name="[50] /home/travis/build/icyphy/ptII/ptolemy/actor/lib/test/auto/Clock13.xml (RunModel)" time="0.022" />
  <testcase classname="ptolemy.util.test.junit.AutoTests" name="[51] /home/travis/build/icyphy/ptII/ptolemy/actor/lib/test/auto/Clock14.xml (RunModel)" time="0.022" />
  <testcase classname="ptolemy.util.test.junit.AutoTests" name="[52] /home/travis/build/icyphy/ptII/ptolemy/actor/lib/test/auto/Clock15.xml (RunModel)" time="0.017" />
  <testcase classname="ptolemy.util.test.junit.AutoTests" name="[53] /home/travis/build/icyphy/ptII/ptolemy/actor/lib/test/auto/Clock16.xml (RunModel)" time="0.099" />
  <testcase classname="ptolemy.util.test.junit.AutoTests" name="[54] /home/travis/build/icyphy/ptII/ptolemy/actor/lib/test/auto/Clock17.xml (RunModel)" time="0.087" />
  <testcase classname="ptolemy.util.test.junit.AutoTests" name="[55] /home/travis/build/icyphy/ptII/ptolemy/actor/lib/test/auto/Clock18.xml (RunModel)" time="0.061" />
  <testcase classname="ptolemy.util.test.junit.AutoTests" name="[56] /home/travis/build/icyphy/ptII/ptolemy/actor/lib/test/auto/Clock19.xml (RunModel)" time="0.05" />
  <testcase classname="ptolemy.util.test.junit.AutoTests" name="[57] /home/travis/build/icyphy/ptII/ptolemy/actor/lib/test/auto/Clock2.xml (RunModel)" time="0.019" />
  <testcase classname="ptolemy.util.test.junit.AutoTests" name="[58] /home/travis/build/icyphy/ptII/ptolemy/actor/lib/test/auto/Clock20.xml (RunModel)" time="0.026" />
  <testcase classname="ptolemy.util.test.junit.AutoTests" name="[59] /home/travis/build/icyphy/ptII/ptolemy/actor/lib/test/auto/Clock21.xml (RunModel)" time="0.02" />
  <testcase classname="ptolemy.util.test.junit.AutoTests" name="[60] /home/travis/build/icyphy/ptII/ptolemy/actor/lib/test/auto/Clock22.xml (RunModel)" time="0.028" />
  <testcase classname="ptolemy.util.test.junit.AutoTests" name="[61] /home/travis/build/icyphy/ptII/ptolemy/actor/lib/test/auto/Clock23.xml (RunModel)" time="0.02" />
  <testcase classname="ptolemy.util.test.junit.AutoTests" name="[62] /home/travis/build/icyphy/ptII/ptolemy/actor/lib/test/auto/Clock24.xml (RunModel)" time="0.017" />
  <testcase classname="ptolemy.util.test.junit.AutoTests" name="[63] /home/travis/build/icyphy/ptII/ptolemy/actor/lib/test/auto/Clock4.xml (RunModel)" time="0.016" />
  <testcase classname="ptolemy.util.test.junit.AutoTests" name="[64] /home/travis/build/icyphy/ptII/ptolemy/actor/lib/test/auto/Clock5.xml (RunModel)" time="0.018" />
  <testcase classname="ptolemy.util.test.junit.AutoTests" name="[65] /home/travis/build/icyphy/ptII/ptolemy/actor/lib/test/auto/Clock6.xml (RunModel)" time="0.011" />
  <testcase classname="ptolemy.util.test.junit.AutoTests" name="[66] /home/travis/build/icyphy/ptII/ptolemy/actor/lib/test/auto/Clock7.xml (RunModel)" time="0.011" />
  <testcase classname="ptolemy.util.test.junit.AutoTests" name="[67] /home/travis/build/icyphy/ptII/ptolemy/actor/lib/test/auto/Clock8.xml (RunModel)" time="0.012" />
  <testcase classname="ptolemy.util.test.junit.AutoTests" name="[68] /home/travis/build/icyphy/ptII/ptolemy/actor/lib/test/auto/Clock9.xml (RunModel)" time="0.017" />
  <testcase classname="ptolemy.util.test.junit.AutoTests" name="[69] /home/travis/build/icyphy/ptII/ptolemy/actor/lib/test/auto/CommDistDiscard.xml (RunModel)" time="0.017" />
  <testcase classname="ptolemy.util.test.junit.AutoTests" name="[70] /home/travis/build/icyphy/ptII/ptolemy/actor/lib/test/auto/Commutator.xml (RunModel)" time="0.016" />
  <testcase classname="ptolemy.util.test.junit.AutoTests" name="[71] /home/travis/build/icyphy/ptII/ptolemy/actor/lib/test/auto/Commutator2.xml (RunModel)" time="0.012" />
  <testcase classname="ptolemy.util.test.junit.AutoTests" name="[72] /home/travis/build/icyphy/ptII/ptolemy/actor/lib/test/auto/Commutator3.xml (RunModel)" time="0.014" />
  <testcase classname="ptolemy.util.test.junit.AutoTests" name="[73] /home/travis/build/icyphy/ptII/ptolemy/actor/lib/test/auto/Compare.xml (RunModel)" time="0.021" />
  <testcase classname="ptolemy.util.test.junit.AutoTests" name="[74] /home/travis/build/icyphy/ptII/ptolemy/actor/lib/test/auto/CompareDE.xml (RunModel)" time="0.021" />
  <testcase classname="ptolemy.util.test.junit.AutoTests" name="[75] /home/travis/build/icyphy/ptII/ptolemy/actor/lib/test/auto/ComplexDivide.xml (RunModel)" time="0.01" />
  <testcase classname="ptolemy.util.test.junit.AutoTests" name="[76] /home/travis/build/icyphy/ptII/ptolemy/actor/lib/test/auto/ComputeHistogram.xml (RunModel)" time="0.072" />
  <testcase classname="ptolemy.util.test.junit.AutoTests" name="[77] /home/travis/build/icyphy/ptII/ptolemy/actor/lib/test/auto/ConfigurationSelect.xml (RunModel)" time="0.022" />
  <testcase classname="ptolemy.util.test.junit.AutoTests" name="[78] /home/travis/build/icyphy/ptII/ptolemy/actor/lib/test/auto/ConfigurationSelect2.xml (RunModel)" time="0.014" />
  <testcase classname="ptolemy.util.test.junit.AutoTests" name="[79] /home/travis/build/icyphy/ptII/ptolemy/actor/lib/test/auto/ConfigurationSwitch.xml (RunModel)" time="0.024" />
  <testcase classname="ptolemy.util.test.junit.AutoTests" name="[80] /home/travis/build/icyphy/ptII/ptolemy/actor/lib/test/auto/ConfigurationSwitch2.xml (RunModel)" time="0.02" />
  <testcase classname="ptolemy.util.test.junit.AutoTests" name="[81] /home/travis/build/icyphy/ptII/ptolemy/actor/lib/test/auto/ConfigurationSwitchCloningBugWithClassRelationGroup.xml (RunModel)" time="0.018" />
  <testcase classname="ptolemy.util.test.junit.AutoTests" name="[82] /home/travis/build/icyphy/ptII/ptolemy/actor/lib/test/auto/ConfigurationSwitchSelectSDF.xml (RunModel)" time="0.014" />
  <testcase classname="ptolemy.util.test.junit.AutoTests" name="[83] /home/travis/build/icyphy/ptII/ptolemy/actor/lib/test/auto/ConfigurationSwitchSelectSDF2.xml (RunModel)" time="0.013" />
  <testcase classname="ptolemy.util.test.junit.AutoTests" name="[84] /home/travis/build/icyphy/ptII/ptolemy/actor/lib/test/auto/Const.xml (RunModel)" time="0.007" />
  <testcase classname="ptolemy.util.test.junit.AutoTests" name="[85] /home/travis/build/icyphy/ptII/ptolemy/actor/lib/test/auto/Const2.xml (RunModel)" time="0.01" />
  <testcase classname="ptolemy.util.test.junit.AutoTests" name="[86] /home/travis/build/icyphy/ptII/ptolemy/actor/lib/test/auto/Const3.xml (RunModel)" time="0.009" />
  <testcase classname="ptolemy.util.test.junit.AutoTests" name="[87] /home/travis/build/icyphy/ptII/ptolemy/actor/lib/test/auto/ConstantPublisherPort1.xml (RunModel)" time="0.027" />
  <testcase classname="ptolemy.util.test.junit.AutoTests" name="[88] /home/travis/build/icyphy/ptII/ptolemy/actor/lib/test/auto/ConstantPublisherPort2.xml (RunModel)" time="0.028" />
  <testcase classname="ptolemy.util.test.junit.AutoTests" name="[89] /home/travis/build/icyphy/ptII/ptolemy/actor/lib/test/auto/ConstantPublisherPort3.xml (RunModel)" time="0.031" />
  <testcase classname="ptolemy.util.test.junit.AutoTests" name="[90] /home/travis/build/icyphy/ptII/ptolemy/actor/lib/test/auto/ConstantPublisherPort4.xml (RunModel)" time="0.022" />
  <testcase classname="ptolemy.util.test.junit.AutoTests" name="[91] /home/travis/build/icyphy/ptII/ptolemy/actor/lib/test/auto/ConstantPublisherPort5.xml (RunModel)" time="0.053" />
  <testcase classname="ptolemy.util.test.junit.AutoTests" name="[92] /home/travis/build/icyphy/ptII/ptolemy/actor/lib/test/auto/ConstantPublisherPort6.xml (RunModel)" time="0.023" />
  <testcase classname="ptolemy.util.test.junit.AutoTests" name="[93] /home/travis/build/icyphy/ptII/ptolemy/actor/lib/test/auto/ConstantPublisherPort7.xml (RunModel)" time="0.032" />
  <testcase classname="ptolemy.util.test.junit.AutoTests" name="[94] /home/travis/build/icyphy/ptII/ptolemy/actor/lib/test/auto/ConstraintMonitor1.xml (RunModel)" time="0.037" />
  <testcase classname="ptolemy.util.test.junit.AutoTests" name="[95] /home/travis/build/icyphy/ptII/ptolemy/actor/lib/test/auto/ConstraintMonitor2.xml (RunModel)" time="0.019" />
  <testcase classname="ptolemy.util.test.junit.AutoTests" name="[96] /home/travis/build/icyphy/ptII/ptolemy/actor/lib/test/auto/ConstraintMonitor3.xml (RunModel)" time="0.016" />
  <testcase classname="ptolemy.util.test.junit.AutoTests" name="[97] /home/travis/build/icyphy/ptII/ptolemy/actor/lib/test/auto/ConstraintMonitor4.xml (RunModel)" time="0.018" />
  <testcase classname="ptolemy.util.test.junit.AutoTests" name="[98] /home/travis/build/icyphy/ptII/ptolemy/actor/lib/test/auto/ConstraintMonitor5.xml (RunModel)" time="0.019" />
  <testcase classname="ptolemy.util.test.junit.AutoTests" name="[99] /home/travis/build/icyphy/ptII/ptolemy/actor/lib/test/auto/ConstraintMonitor6.xml (RunModel)" time="0.026" />
  <testcase classname="ptolemy.util.test.junit.AutoTests" name="[100] /home/travis/build/icyphy/ptII/ptolemy/actor/lib/test/auto/ConstraintMonitor7.xml (RunModel)" time="0.023" />
  <testcase classname="ptolemy.util.test.junit.AutoTests" name="[101] /home/travis/build/icyphy/ptII/ptolemy/actor/lib/test/auto/ConstraintMonitor8.xml (RunModel)" time="0.025" />
  <testcase classname="ptolemy.util.test.junit.AutoTests" name="[102] /home/travis/build/icyphy/ptII/ptolemy/actor/lib/test/auto/Counter.xml (RunModel)" time="0.013" />
  <testcase classname="ptolemy.util.test.junit.AutoTests" name="[103] /home/travis/build/icyphy/ptII/ptolemy/actor/lib/test/auto/CurrentTimeSDF.xml (RunModel)" time="0.012" />
  <testcase classname="ptolemy.util.test.junit.AutoTests" name="[104] /home/travis/build/icyphy/ptII/ptolemy/actor/lib/test/auto/DB.xml (RunModel)" time="0.014" />
  <testcase classname="ptolemy.util.test.junit.AutoTests" name="[105] /home/travis/build/icyphy/ptII/ptolemy/actor/lib/test/auto/DBDE.xml (RunModel)" time="0.015" />
  <testcase classname="ptolemy.util.test.junit.AutoTests" name="[106] /home/travis/build/icyphy/ptII/ptolemy/actor/lib/test/auto/DateConstructor.xml (RunModel)" time="0.067" />
  <testcase classname="ptolemy.util.test.junit.AutoTests" name="[107] /home/travis/build/icyphy/ptII/ptolemy/actor/lib/test/auto/DelayTime.xml (RunModel)" time="0.02" />
  <testcase classname="ptolemy.util.test.junit.AutoTests" name="[108] /home/travis/build/icyphy/ptII/ptolemy/actor/lib/test/auto/Dictionary1.xml (RunModel)" time="0.018" />
  <testcase classname="ptolemy.util.test.junit.AutoTests" name="[109] /home/travis/build/icyphy/ptII/ptolemy/actor/lib/test/auto/Dictionary2.xml (RunModel)" time="0.025" />
  <testcase classname="ptolemy.util.test.junit.AutoTests" name="[110] /home/travis/build/icyphy/ptII/ptolemy/actor/lib/test/auto/Dictionary3.xml (RunModel)" time="0.013" />
  <testcase classname="ptolemy.util.test.junit.AutoTests" name="[111] /home/travis/build/icyphy/ptII/ptolemy/actor/lib/test/auto/Dictionary4.xml (RunModel)" time="0.016" />
  <testcase classname="ptolemy.util.test.junit.AutoTests" name="[112] /home/travis/build/icyphy/ptII/ptolemy/actor/lib/test/auto/Differential.xml (RunModel)" time="0.01" />
  <testcase classname="ptolemy.util.test.junit.AutoTests" name="[113] /home/travis/build/icyphy/ptII/ptolemy/actor/lib/test/auto/Director.xml (RunModel)" time="0.01" />
  <testcase classname="ptolemy.util.test.junit.AutoTests" name="[114] /home/travis/build/icyphy/ptII/ptolemy/actor/lib/test/auto/DiscreteClock.xml (RunModel)" time="0.008" />
  <testcase classname="ptolemy.util.test.junit.AutoTests" name="[115] /home/travis/build/icyphy/ptII/ptolemy/actor/lib/test/auto/DiscreteClock10.xml (RunModel)" time="0.013" />
  <testcase classname="ptolemy.util.test.junit.AutoTests" name="[116] /home/travis/build/icyphy/ptII/ptolemy/actor/lib/test/auto/DiscreteClock11.xml (RunModel)" time="0.013" />
  <testcase classname="ptolemy.util.test.junit.AutoTests" name="[117] /home/travis/build/icyphy/ptII/ptolemy/actor/lib/test/auto/DiscreteClock12.xml (RunModel)" time="0.013" />
  <testcase classname="ptolemy.util.test.junit.AutoTests" name="[118] /home/travis/build/icyphy/ptII/ptolemy/actor/lib/test/auto/DiscreteClock13.xml (RunModel)" time="0.016" />
  <testcase classname="ptolemy.util.test.junit.AutoTests" name="[119] /home/travis/build/icyphy/ptII/ptolemy/actor/lib/test/auto/DiscreteClock14.xml (RunModel)" time="0.017" />
  <testcase classname="ptolemy.util.test.junit.AutoTests" name="[120] /home/travis/build/icyphy/ptII/ptolemy/actor/lib/test/auto/DiscreteClock15.xml (RunModel)" time="0.017" />
  <testcase classname="ptolemy.util.test.junit.AutoTests" name="[121] /home/travis/build/icyphy/ptII/ptolemy/actor/lib/test/auto/DiscreteClock16.xml (RunModel)" time="0.04" />
  <testcase classname="ptolemy.util.test.junit.AutoTests" name="[122] /home/travis/build/icyphy/ptII/ptolemy/actor/lib/test/auto/DiscreteClock17.xml (RunModel)" time="0.042" />
  <testcase classname="ptolemy.util.test.junit.AutoTests" name="[123] /home/travis/build/icyphy/ptII/ptolemy/actor/lib/test/auto/DiscreteClock18.xml (RunModel)" time="0.656" />
  <testcase classname="ptolemy.util.test.junit.AutoTests" name="[124] /home/travis/build/icyphy/ptII/ptolemy/actor/lib/test/auto/DiscreteClock19.xml (RunModel)" time="0.049" />
  <testcase classname="ptolemy.util.test.junit.AutoTests" name="[125] /home/travis/build/icyphy/ptII/ptolemy/actor/lib/test/auto/DiscreteClock2.xml (RunModel)" time="0.008" />
  <testcase classname="ptolemy.util.test.junit.AutoTests" name="[126] /home/travis/build/icyphy/ptII/ptolemy/actor/lib/test/auto/DiscreteClock20.xml (RunModel)" time="0.015" />
  <testcase classname="ptolemy.util.test.junit.AutoTests" name="[127] /home/travis/build/icyphy/ptII/ptolemy/actor/lib/test/auto/DiscreteClock21.xml (RunModel)" time="0.015" />
  <testcase classname="ptolemy.util.test.junit.AutoTests" name="[128] /home/travis/build/icyphy/ptII/ptolemy/actor/lib/test/auto/DiscreteClock22.xml (RunModel)" time="0.013" />
  <testcase classname="ptolemy.util.test.junit.AutoTests" name="[129] /home/travis/build/icyphy/ptII/ptolemy/actor/lib/test/auto/DiscreteClock23.xml (RunModel)" time="0.016" />
  <testcase classname="ptolemy.util.test.junit.AutoTests" name="[130] /home/travis/build/icyphy/ptII/ptolemy/actor/lib/test/auto/DiscreteClock24.xml (RunModel)" time="0.016" />
  <testcase classname="ptolemy.util.test.junit.AutoTests" name="[131] /home/travis/build/icyphy/ptII/ptolemy/actor/lib/test/auto/DiscreteClock4.xml (RunModel)" time="0.012" />
  <testcase classname="ptolemy.util.test.junit.AutoTests" name="[132] /home/travis/build/icyphy/ptII/ptolemy/actor/lib/test/auto/DiscreteClock5.xml (RunModel)" time="0.01" />
  <testcase classname="ptolemy.util.test.junit.AutoTests" name="[133] /home/travis/build/icyphy/ptII/ptolemy/actor/lib/test/auto/DiscreteClock6.xml (RunModel)" time="0.008" />
  <testcase classname="ptolemy.util.test.junit.AutoTests" name="[134] /home/travis/build/icyphy/ptII/ptolemy/actor/lib/test/auto/DiscreteClock7.xml (RunModel)" time="0.01" />
  <testcase classname="ptolemy.util.test.junit.AutoTests" name="[135] /home/travis/build/icyphy/ptII/ptolemy/actor/lib/test/auto/DiscreteClock8.xml (RunModel)" time="0.016" />
  <testcase classname="ptolemy.util.test.junit.AutoTests" name="[136] /home/travis/build/icyphy/ptII/ptolemy/actor/lib/test/auto/DiscreteClock9.xml (RunModel)" time="0.017" />
  <testcase classname="ptolemy.util.test.junit.AutoTests" name="[137] /home/travis/build/icyphy/ptII/ptolemy/actor/lib/test/auto/DisplayArray.xml (RunModel)" time="0.008" />
  <testcase classname="ptolemy.util.test.junit.AutoTests" name="[138] /home/travis/build/icyphy/ptII/ptolemy/actor/lib/test/auto/Distributor.xml (RunModel)" time="0.013" />
  <testcase classname="ptolemy.util.test.junit.AutoTests" name="[139] /home/travis/build/icyphy/ptII/ptolemy/actor/lib/test/auto/Distributor2.xml (RunModel)" time="0.013" />
  <testcase classname="ptolemy.util.test.junit.AutoTests" name="[140] /home/travis/build/icyphy/ptII/ptolemy/actor/lib/test/auto/DownSample.xml (RunModel)" time="0.015" />
  <testcase classname="ptolemy.util.test.junit.AutoTests" name="[141] /home/travis/build/icyphy/ptII/ptolemy/actor/lib/test/auto/ElectronicUnitBase1.xml (RunModel)" time="0.073" />
  <testcase classname="ptolemy.util.test.junit.AutoTests" name="[142] /home/travis/build/icyphy/ptII/ptolemy/actor/lib/test/auto/ElementsToArray.xml (RunModel)" time="0.011" />
  <testcase classname="ptolemy.util.test.junit.AutoTests" name="[143] /home/travis/build/icyphy/ptII/ptolemy/actor/lib/test/auto/Equals.xml (RunModel)" time="0.015" />
  <testcase classname="ptolemy.util.test.junit.AutoTests" name="[144] /home/travis/build/icyphy/ptII/ptolemy/actor/lib/test/auto/Exec.xml (RunModel)" time="0.02" />
  <testcase classname="ptolemy.util.test.junit.AutoTests" name="[145] /home/travis/build/icyphy/ptII/ptolemy/actor/lib/test/auto/ExecEnvironment.xml (RunModel)" time="0.032" />
  <testcase classname="ptolemy.util.test.junit.AutoTests" name="[146] /home/travis/build/icyphy/ptII/ptolemy/actor/lib/test/auto/ExecNonZeroReturnOutput.xml (RunModel)" time="0.152" />
  <testcase classname="ptolemy.util.test.junit.AutoTests" name="[147] /home/travis/build/icyphy/ptII/ptolemy/actor/lib/test/auto/ExecRunDemos.xml (RunModel)" time="9.548" />
  <testcase classname="ptolemy.util.test.junit.AutoTests" name="[148] /home/travis/build/icyphy/ptII/ptolemy/actor/lib/test/auto/ExecStop.xml (RunModel)" time="5.023" />
  <testcase classname="ptolemy.util.test.junit.AutoTests" name="[149] /home/travis/build/icyphy/ptII/ptolemy/actor/lib/test/auto/ExecutionTimeSDF.xml (RunModel)" time="6.029" />
  <testcase classname="ptolemy.util.test.junit.AutoTests" name="[150] /home/travis/build/icyphy/ptII/ptolemy/actor/lib/test/auto/Expression1.xml (RunModel)" time="0.014" />
  <testcase classname="ptolemy.util.test.junit.AutoTests" name="[151] /home/travis/build/icyphy/ptII/ptolemy/actor/lib/test/auto/Expression10.xml (RunModel)" time="0.016" />
  <testcase classname="ptolemy.util.test.junit.AutoTests" name="[152] /home/travis/build/icyphy/ptII/ptolemy/actor/lib/test/auto/Expression11.xml (RunModel)" time="0.013" />
  <testcase classname="ptolemy.util.test.junit.AutoTests" name="[153] /home/travis/build/icyphy/ptII/ptolemy/actor/lib/test/auto/Expression12.xml (RunModel)" time="0.016" />
  <testcase classname="ptolemy.util.test.junit.AutoTests" name="[154] /home/travis/build/icyphy/ptII/ptolemy/actor/lib/test/auto/Expression13.xml (RunModel)" time="0.014" />
  <testcase classname="ptolemy.util.test.junit.AutoTests" name="[155] /home/travis/build/icyphy/ptII/ptolemy/actor/lib/test/auto/Expression14.xml (RunModel)" time="0.018" />
  <testcase classname="ptolemy.util.test.junit.AutoTests" name="[156] /home/travis/build/icyphy/ptII/ptolemy/actor/lib/test/auto/Expression15.xml (RunModel)" time="0.009" />
  <testcase classname="ptolemy.util.test.junit.AutoTests" name="[157] /home/travis/build/icyphy/ptII/ptolemy/actor/lib/test/auto/Expression16.xml (RunModel)" time="0.013" />
  <testcase classname="ptolemy.util.test.junit.AutoTests" name="[158] /home/travis/build/icyphy/ptII/ptolemy/actor/lib/test/auto/Expression17.xml (RunModel)" time="0.013" />
  <testcase classname="ptolemy.util.test.junit.AutoTests" name="[159] /home/travis/build/icyphy/ptII/ptolemy/actor/lib/test/auto/Expression18.xml (RunModel)" time="0.015" />
  <testcase classname="ptolemy.util.test.junit.AutoTests" name="[160] /home/travis/build/icyphy/ptII/ptolemy/actor/lib/test/auto/Expression2.xml (RunModel)" time="0.014" />
  <testcase classname="ptolemy.util.test.junit.AutoTests" name="[161] /home/travis/build/icyphy/ptII/ptolemy/actor/lib/test/auto/Expression3.xml (RunModel)" time="0.013" />
  <testcase classname="ptolemy.util.test.junit.AutoTests" name="[162] /home/travis/build/icyphy/ptII/ptolemy/actor/lib/test/auto/Expression4.xml (RunModel)" time="0.024" />
  <testcase classname="ptolemy.util.test.junit.AutoTests" name="[163] /home/travis/build/icyphy/ptII/ptolemy/actor/lib/test/auto/Expression5.xml (RunModel)" time="0.012" />
  <testcase classname="ptolemy.util.test.junit.AutoTests" name="[164] /home/travis/build/icyphy/ptII/ptolemy/actor/lib/test/auto/Expression6.xml (RunModel)" time="0.01" />
  <testcase classname="ptolemy.util.test.junit.AutoTests" name="[165] /home/travis/build/icyphy/ptII/ptolemy/actor/lib/test/auto/Expression7.xml (RunModel)" time="0.012" />
  <testcase classname="ptolemy.util.test.junit.AutoTests" name="[166] /home/travis/build/icyphy/ptII/ptolemy/actor/lib/test/auto/Expression8.xml (RunModel)" time="0.011" />
  <testcase classname="ptolemy.util.test.junit.AutoTests" name="[167] /home/travis/build/icyphy/ptII/ptolemy/actor/lib/test/auto/Expression9.xml (RunModel)" time="0.009" />
  <testcase classname="ptolemy.util.test.junit.AutoTests" name="[168] /home/travis/build/icyphy/ptII/ptolemy/actor/lib/test/auto/ExpressionConcatenateArrayType.xml (RunModel)" time="0.025" />
  <testcase classname="ptolemy.util.test.junit.AutoTests" name="[169] /home/travis/build/icyphy/ptII/ptolemy/actor/lib/test/auto/ExpressionConcatenateArrayType2.xml (RunModel)" time="0.016" />
  <testcase classname="ptolemy.util.test.junit.AutoTests" name="[170] /home/travis/build/icyphy/ptII/ptolemy/actor/lib/test/auto/ExpressionFix.xml (RunModel)" time="0.026" />
  <testcase classname="ptolemy.util.test.junit.AutoTests" name="[171] /home/travis/build/icyphy/ptII/ptolemy/actor/lib/test/auto/ExpressionFix2.xml (RunModel)" time="0.008" />
  <testcase classname="ptolemy.util.test.junit.AutoTests" name="[172] /home/travis/build/icyphy/ptII/ptolemy/actor/lib/test/auto/ExpressionFix3.xml (RunModel)" time="0.009" />
  <testcase classname="ptolemy.util.test.junit.AutoTests" name="[173] /home/travis/build/icyphy/ptII/ptolemy/actor/lib/test/auto/FileWriter1.xml (RunModel)" time="0.009" />
  <testcase classname="ptolemy.util.test.junit.AutoTests" name="[174] /home/travis/build/icyphy/ptII/ptolemy/actor/lib/test/auto/FileWriter2.xml (RunModel)" time="0.009" />
  <testcase classname="ptolemy.util.test.junit.AutoTests" name="[175] /home/travis/build/icyphy/ptII/ptolemy/actor/lib/test/auto/FileWriter3.xml (RunModel)" time="0.014" />
  <testcase classname="ptolemy.util.test.junit.AutoTests" name="[176] /home/travis/build/icyphy/ptII/ptolemy/actor/lib/test/auto/Gaussian.xml (RunModel)" time="0.01" />
  <testcase classname="ptolemy.util.test.junit.AutoTests" name="[177] /home/travis/build/icyphy/ptII/ptolemy/actor/lib/test/auto/Gaussian1.xml (RunModel)" time="0.012" />
  <testcase classname="ptolemy.util.test.junit.AutoTests" name="[178] /home/travis/build/icyphy/ptII/ptolemy/actor/lib/test/auto/Gaussian2.xml (RunModel)" time="0.014" />
  <testcase classname="ptolemy.util.test.junit.AutoTests" name="[179] /home/travis/build/icyphy/ptII/ptolemy/actor/lib/test/auto/GradientAdaptiveLattice.xml (RunModel)" time="0.016" />
  <testcase classname="ptolemy.util.test.junit.AutoTests" name="[180] /home/travis/build/icyphy/ptII/ptolemy/actor/lib/test/auto/IIR.xml (RunModel)" time="0.011" />
  <testcase classname="ptolemy.util.test.junit.AutoTests" name="[181] /home/travis/build/icyphy/ptII/ptolemy/actor/lib/test/auto/InputOutputTransparentPorts.xml (RunModel)" time="0.02" />
  <testcase classname="ptolemy.util.test.junit.AutoTests" name="[182] /home/travis/build/icyphy/ptII/ptolemy/actor/lib/test/auto/Interpolator.xml (RunModel)" time="0.01" />
  <testcase classname="ptolemy.util.test.junit.AutoTests" name="[183] /home/travis/build/icyphy/ptII/ptolemy/actor/lib/test/auto/InterpolatorFiringLimitDE.xml (RunModel)" time="0.013" />
  <testcase classname="ptolemy.util.test.junit.AutoTests" name="[184] /home/travis/build/icyphy/ptII/ptolemy/actor/lib/test/auto/Lattice.xml (RunModel)" time="0.008" />
  <testcase classname="ptolemy.util.test.junit.AutoTests" name="[185] /home/travis/build/icyphy/ptII/ptolemy/actor/lib/test/auto/LazyAOCTestLazy.xml (RunModel)" time="0.02" />
  <testcase classname="ptolemy.util.test.junit.AutoTests" name="[186] /home/travis/build/icyphy/ptII/ptolemy/actor/lib/test/auto/LazyAOCTestNonLazy.xml (RunModel)" time="0.046" />
  <testcase classname="ptolemy.util.test.junit.AutoTests" name="[187] /home/travis/build/icyphy/ptII/ptolemy/actor/lib/test/auto/LazyInnerClass.xml (RunModel)" time="0.034" />
  <testcase classname="ptolemy.util.test.junit.AutoTests" name="[188] /home/travis/build/icyphy/ptII/ptolemy/actor/lib/test/auto/LazyPubSub.xml (RunModel)" time="0.067" />
  <testcase classname="ptolemy.util.test.junit.AutoTests" name="[189] /home/travis/build/icyphy/ptII/ptolemy/actor/lib/test/auto/LazyPubSub2.xml (RunModel)" time="0.064" />
  <testcase classname="ptolemy.util.test.junit.AutoTests" name="[190] /home/travis/build/icyphy/ptII/ptolemy/actor/lib/test/auto/LazyPubSub3.xml (RunModel)" time="0.029" />
  <testcase classname="ptolemy.util.test.junit.AutoTests" name="[191] /home/travis/build/icyphy/ptII/ptolemy/actor/lib/test/auto/LazySubClassModel.xml (RunModel)" time="0.023" />
  <testcase classname="ptolemy.util.test.junit.AutoTests" name="[192] /home/travis/build/icyphy/ptII/ptolemy/actor/lib/test/auto/LevelCrossTest1.xml (RunModel)" time="0.01" />
  <testcase classname="ptolemy.util.test.junit.AutoTests" name="[193] /home/travis/build/icyphy/ptII/ptolemy/actor/lib/test/auto/LevelCrossTest10.xml (RunModel)" time="0.021" />
  <testcase classname="ptolemy.util.test.junit.AutoTests" name="[194] /home/travis/build/icyphy/ptII/ptolemy/actor/lib/test/auto/LevelCrossTest11.xml (RunModel)" time="0.014" />
  <testcase classname="ptolemy.util.test.junit.AutoTests" name="[195] /home/travis/build/icyphy/ptII/ptolemy/actor/lib/test/auto/LevelCrossTest12.xml (RunModel)" time="0.015" />
  <testcase classname="ptolemy.util.test.junit.AutoTests" name="[196] /home/travis/build/icyphy/ptII/ptolemy/actor/lib/test/auto/LevelCrossTest13.xml (RunModel)" time="0.014" />
  <testcase classname="ptolemy.util.test.junit.AutoTests" name="[197] /home/travis/build/icyphy/ptII/ptolemy/actor/lib/test/auto/LevelCrossTest2.xml (RunModel)" time="0.012" />
  <testcase classname="ptolemy.util.test.junit.AutoTests" name="[198] /home/travis/build/icyphy/ptII/ptolemy/actor/lib/test/auto/LevelCrossTest3.xml (RunModel)" time="0.013" />
  <testcase classname="ptolemy.util.test.junit.AutoTests" name="[199] /home/travis/build/icyphy/ptII/ptolemy/actor/lib/test/auto/LevelCrossTest4.xml (RunModel)" time="0.012" />
  <testcase classname="ptolemy.util.test.junit.AutoTests" name="[200] /home/travis/build/icyphy/ptII/ptolemy/actor/lib/test/auto/LevelCrossTest5.xml (RunModel)" time="0.016" />
  <testcase classname="ptolemy.util.test.junit.AutoTests" name="[201] /home/travis/build/icyphy/ptII/ptolemy/actor/lib/test/auto/LevelCrossTest6.xml (RunModel)" time="0.015" />
  <testcase classname="ptolemy.util.test.junit.AutoTests" name="[202] /home/travis/build/icyphy/ptII/ptolemy/actor/lib/test/auto/LevelCrossTest7.xml (RunModel)" time="0.018" />
  <testcase classname="ptolemy.util.test.junit.AutoTests" name="[203] /home/travis/build/icyphy/ptII/ptolemy/actor/lib/test/auto/LevelCrossTest8.xml (RunModel)" time="0.014" />
  <testcase classname="ptolemy.util.test.junit.AutoTests" name="[204] /home/travis/build/icyphy/ptII/ptolemy/actor/lib/test/auto/LevelCrossTest9.xml (RunModel)" time="0.016" />
  <testcase classname="ptolemy.util.test.junit.AutoTests" name="[205] /home/travis/build/icyphy/ptII/ptolemy/actor/lib/test/auto/LevinsonDurbin.xml (RunModel)" time="0.009" />
  <testcase classname="ptolemy.util.test.junit.AutoTests" name="[206] /home/travis/build/icyphy/ptII/ptolemy/actor/lib/test/auto/LevinsonDurbin2.xml (RunModel)" time="0.009" />
  <testcase classname="ptolemy.util.test.junit.AutoTests" name="[207] /home/travis/build/icyphy/ptII/ptolemy/actor/lib/test/auto/LevinsonDurbin3.xml (RunModel)" time="0.009" />
  <testcase classname="ptolemy.util.test.junit.AutoTests" name="[208] /home/travis/build/icyphy/ptII/ptolemy/actor/lib/test/auto/Limiter.xml (RunModel)" time="0.029" />
  <testcase classname="ptolemy.util.test.junit.AutoTests" name="[209] /home/travis/build/icyphy/ptII/ptolemy/actor/lib/test/auto/LinearDifferenceEquationSystem.xml (RunModel)" time="0.024" />
  <testcase classname="ptolemy.util.test.junit.AutoTests" name="[210] /home/travis/build/icyphy/ptII/ptolemy/actor/lib/test/auto/LookupTable.xml (RunModel)" time="0.01" />
  <testcase classname="ptolemy.util.test.junit.AutoTests" name="[211] /home/travis/build/icyphy/ptII/ptolemy/actor/lib/test/auto/MathFunction.xml (RunModel)" time="0.021" />
  <testcase classname="ptolemy.util.test.junit.AutoTests" name="[212] /home/travis/build/icyphy/ptII/ptolemy/actor/lib/test/auto/MathFunction2.xml (RunModel)" time="0.008" />
  <testcase classname="ptolemy.util.test.junit.AutoTests" name="[213] /home/travis/build/icyphy/ptII/ptolemy/actor/lib/test/auto/MathFunction3.xml (RunModel)" time="0.019" />
  <testcase classname="ptolemy.util.test.junit.AutoTests" name="[214] /home/travis/build/icyphy/ptII/ptolemy/actor/lib/test/auto/MatrixCropBoolean.xml (RunModel)" time="0.011" />
  <testcase classname="ptolemy.util.test.junit.AutoTests" name="[215] /home/travis/build/icyphy/ptII/ptolemy/actor/lib/test/auto/MatrixCropComplex.xml (RunModel)" time="0.01" />
  <testcase classname="ptolemy.util.test.junit.AutoTests" name="[216] /home/travis/build/icyphy/ptII/ptolemy/actor/lib/test/auto/MatrixCropDouble.xml (RunModel)" time="0.01" />
  <testcase classname="ptolemy.util.test.junit.AutoTests" name="[217] /home/travis/build/icyphy/ptII/ptolemy/actor/lib/test/auto/MatrixCropFix.xml (RunModel)" time="0.011" />
  <testcase classname="ptolemy.util.test.junit.AutoTests" name="[218] /home/travis/build/icyphy/ptII/ptolemy/actor/lib/test/auto/MatrixCropInt.xml (RunModel)" time="0.01" />
  <testcase classname="ptolemy.util.test.junit.AutoTests" name="[219] /home/travis/build/icyphy/ptII/ptolemy/actor/lib/test/auto/MatrixCropLong.xml (RunModel)" time="0.01" />
  <testcase classname="ptolemy.util.test.junit.AutoTests" name="[220] /home/travis/build/icyphy/ptII/ptolemy/actor/lib/test/auto/MatrixToArray.xml (RunModel)" time="0.048" />
  <testcase classname="ptolemy.util.test.junit.AutoTests" name="[221] /home/travis/build/icyphy/ptII/ptolemy/actor/lib/test/auto/MaxIndex.xml (RunModel)" time="0.011" />
  <testcase classname="ptolemy.util.test.junit.AutoTests" name="[222] /home/travis/build/icyphy/ptII/ptolemy/actor/lib/test/auto/Maximum.xml (RunModel)" time="0.013" />
  <testcase classname="ptolemy.util.test.junit.AutoTests" name="[223] /home/travis/build/icyphy/ptII/ptolemy/actor/lib/test/auto/MaximumComplex.xml (RunModel)" time="0.017" />
  <testcase classname="ptolemy.util.test.junit.AutoTests" name="[224] /home/travis/build/icyphy/ptII/ptolemy/actor/lib/test/auto/MethodCallTest.xml (RunModel)" time="0.021" />
  <testcase classname="ptolemy.util.test.junit.AutoTests" name="[225] /home/travis/build/icyphy/ptII/ptolemy/actor/lib/test/auto/Minimum.xml (RunModel)" time="0.015" />
  <testcase classname="ptolemy.util.test.junit.AutoTests" name="[226] /home/travis/build/icyphy/ptII/ptolemy/actor/lib/test/auto/MinimumComplex.xml (RunModel)" time="0.014" />
  <testcase classname="ptolemy.util.test.junit.AutoTests" name="[227] /home/travis/build/icyphy/ptII/ptolemy/actor/lib/test/auto/MinimumMultiports.xml (RunModel)" time="0.021" />
  <testcase classname="ptolemy.util.test.junit.AutoTests" name="[228] /home/travis/build/icyphy/ptII/ptolemy/actor/lib/test/auto/ModifyDate.xml (RunModel)" time="0.044" />
  <testcase classname="ptolemy.util.test.junit.AutoTests" name="[229] /home/travis/build/icyphy/ptII/ptolemy/actor/lib/test/auto/ModifyDate2.xml (RunModel)" time="0.034" />
  <testcase classname="ptolemy.util.test.junit.AutoTests" name="[230] /home/travis/build/icyphy/ptII/ptolemy/actor/lib/test/auto/MovingAverage.xml (RunModel)" time="0.014" />
  <testcase classname="ptolemy.util.test.junit.AutoTests" name="[231] /home/travis/build/icyphy/ptII/ptolemy/actor/lib/test/auto/MovingMaximum.xml (RunModel)" time="0.012" />
  <testcase classname="ptolemy.util.test.junit.AutoTests" name="[232] /home/travis/build/icyphy/ptII/ptolemy/actor/lib/test/auto/MultipleLinksToSameRelation.xml (RunModel)" time="0.009" />
  <testcase classname="ptolemy.util.test.junit.AutoTests" name="[233] /home/travis/build/icyphy/ptII/ptolemy/actor/lib/test/auto/MultipleLinksToSameRelationDE.xml (RunModel)" time="0.01" />
  <testcase classname="ptolemy.util.test.junit.AutoTests" name="[234] /home/travis/build/icyphy/ptII/ptolemy/actor/lib/test/auto/Multiplexor.xml (RunModel)" time="0.014" />
  <testcase classname="ptolemy.util.test.junit.AutoTests" name="[235] /home/travis/build/icyphy/ptII/ptolemy/actor/lib/test/auto/Multiplexor1.xml (RunModel)" time="0.014" />
  <testcase classname="ptolemy.util.test.junit.AutoTests" name="[236] /home/travis/build/icyphy/ptII/ptolemy/actor/lib/test/auto/Multiplexor2.xml (RunModel)" time="0.015" />
  <testcase classname="ptolemy.util.test.junit.AutoTests" name="[237] /home/travis/build/icyphy/ptII/ptolemy/actor/lib/test/auto/Multiplexor3.xml (RunModel)" time="0.01" />
  <testcase classname="ptolemy.util.test.junit.AutoTests" name="[238] /home/travis/build/icyphy/ptII/ptolemy/actor/lib/test/auto/MultiplexorDE.xml (RunModel)" time="0.019" />
  <testcase classname="ptolemy.util.test.junit.AutoTests" name="[239] /home/travis/build/icyphy/ptII/ptolemy/actor/lib/test/auto/MultiportBroadcastTest.xml (RunModel)" time="0.097" />
  <testcase classname="ptolemy.util.test.junit.AutoTests" name="[240] /home/travis/build/icyphy/ptII/ptolemy/actor/lib/test/auto/MultiportOutHangDuringGetWidth.xml (RunModel)" time="0.032" />
  <testcase classname="ptolemy.util.test.junit.AutoTests" name="[241] /home/travis/build/icyphy/ptII/ptolemy/actor/lib/test/auto/NilToken.xml (RunModel)" time="0.007" />
  <testcase classname="ptolemy.util.test.junit.AutoTests" name="[242] /home/travis/build/icyphy/ptII/ptolemy/actor/lib/test/auto/NilTokenNonStrictTest.xml (RunModel)" time="0.011" />
  <testcase classname="ptolemy.util.test.junit.AutoTests" name="[243] /home/travis/build/icyphy/ptII/ptolemy/actor/lib/test/auto/NilTokenRecord.xml (RunModel)" time="0.02" />
  <testcase classname="ptolemy.util.test.junit.AutoTests" name="[244] /home/travis/build/icyphy/ptII/ptolemy/actor/lib/test/auto/NilTokenTypeTest.xml (RunModel)" time="0.031" />
  <testcase classname="ptolemy.util.test.junit.AutoTests" name="[245] /home/travis/build/icyphy/ptII/ptolemy/actor/lib/test/auto/ObjectToken1.xml (RunModel)" time="0.007" />
  <testcase classname="ptolemy.util.test.junit.AutoTests" name="[246] /home/travis/build/icyphy/ptII/ptolemy/actor/lib/test/auto/OrderedMerge.xml (RunModel)" time="0.012" />
  <testcase classname="ptolemy.util.test.junit.AutoTests" name="[247] /home/travis/build/icyphy/ptII/ptolemy/actor/lib/test/auto/OrderedRecordDisassembler.xml (RunModel)" time="0.017" />
  <testcase classname="ptolemy.util.test.junit.AutoTests" name="[248] /home/travis/build/icyphy/ptII/ptolemy/actor/lib/test/auto/OrderedRecordDisassembler2.xml (RunModel)" time="0.018" />
  <testcase classname="ptolemy.util.test.junit.AutoTests" name="[249] /home/travis/build/icyphy/ptII/ptolemy/actor/lib/test/auto/OrderedRecordUpdater.xml (RunModel)" time="0.009" />
  <testcase classname="ptolemy.util.test.junit.AutoTests" name="[250] /home/travis/build/icyphy/ptII/ptolemy/actor/lib/test/auto/OrderedRecordUpdater2.xml (RunModel)" time="0.01" />
  <testcase classname="ptolemy.util.test.junit.AutoTests" name="[251] /home/travis/build/icyphy/ptII/ptolemy/actor/lib/test/auto/PhaseUnwrap.xml (RunModel)" time="0.013" />
  <testcase classname="ptolemy.util.test.junit.AutoTests" name="[252] /home/travis/build/icyphy/ptII/ptolemy/actor/lib/test/auto/PoissonClock.xml (RunModel)" time="0.009" />
  <testcase classname="ptolemy.util.test.junit.AutoTests" name="[253] /home/travis/build/icyphy/ptII/ptolemy/actor/lib/test/auto/PoissonClock2.xml (RunModel)" time="0.007" />
  <testcase classname="ptolemy.util.test.junit.AutoTests" name="[254] /home/travis/build/icyphy/ptII/ptolemy/actor/lib/test/auto/PoissonClock3.xml (RunModel)" time="0.01" />
  <testcase classname="ptolemy.util.test.junit.AutoTests" name="[255] /home/travis/build/icyphy/ptII/ptolemy/actor/lib/test/auto/PubSubWithInitialTokens.xml (RunModel)" time="0.011" />
  <testcase classname="ptolemy.util.test.junit.AutoTests" name="[256] /home/travis/build/icyphy/ptII/ptolemy/actor/lib/test/auto/PubSubWithInitialTokens2.xml (RunModel)" time="0.011" />
  <testcase classname="ptolemy.util.test.junit.AutoTests" name="[257] /home/travis/build/icyphy/ptII/ptolemy/actor/lib/test/auto/PublisherClassNoParameter.xml (RunModel)" time="0.022" />
  <testcase classname="ptolemy.util.test.junit.AutoTests" name="[258] /home/travis/build/icyphy/ptII/ptolemy/actor/lib/test/auto/PublisherClassParameter.xml (RunModel)" time="0.022" />
  <testcase classname="ptolemy.util.test.junit.AutoTests" name="[259] /home/travis/build/icyphy/ptII/ptolemy/actor/lib/test/auto/PublisherNonStrictTest.xml (RunModel)" time="0.015" />
  <testcase classname="ptolemy.util.test.junit.AutoTests" name="[260] /home/travis/build/icyphy/ptII/ptolemy/actor/lib/test/auto/PublisherPort1.xml (RunModel)" time="0.011" />
  <testcase classname="ptolemy.util.test.junit.AutoTests" name="[261] /home/travis/build/icyphy/ptII/ptolemy/actor/lib/test/auto/PublisherPort2.xml (RunModel)" time="0.008" />
  <testcase classname="ptolemy.util.test.junit.AutoTests" name="[262] /home/travis/build/icyphy/ptII/ptolemy/actor/lib/test/auto/PublisherPort3.xml (RunModel)" time="0.012" />
  <testcase classname="ptolemy.util.test.junit.AutoTests" name="[263] /home/travis/build/icyphy/ptII/ptolemy/actor/lib/test/auto/PublisherPort4.xml (RunModel)" time="0.011" />
  <testcase classname="ptolemy.util.test.junit.AutoTests" name="[264] /home/travis/build/icyphy/ptII/ptolemy/actor/lib/test/auto/PublisherPort5.xml (RunModel)" time="0.015" />
  <testcase classname="ptolemy.util.test.junit.AutoTests" name="[265] /home/travis/build/icyphy/ptII/ptolemy/actor/lib/test/auto/PublisherPort5LookAlike.xml (RunModel)" time="0.016" />
  <testcase classname="ptolemy.util.test.junit.AutoTests" name="[266] /home/travis/build/icyphy/ptII/ptolemy/actor/lib/test/auto/PublisherPort6.xml (RunModel)" time="0.014" />
  <testcase classname="ptolemy.util.test.junit.AutoTests" name="[267] /home/travis/build/icyphy/ptII/ptolemy/actor/lib/test/auto/PublisherPort7.xml (RunModel)" time="0.016" />
  <testcase classname="ptolemy.util.test.junit.AutoTests" name="[268] /home/travis/build/icyphy/ptII/ptolemy/actor/lib/test/auto/PublisherPort8.xml (RunModel)" time="0.019" />
  <testcase classname="ptolemy.util.test.junit.AutoTests" name="[269] /home/travis/build/icyphy/ptII/ptolemy/actor/lib/test/auto/PublisherPortSubscriberChannelVariablesAOC2.xml (RunModel)" time="0.036" />
  <testcase classname="ptolemy.util.test.junit.AutoTests" name="[270] /home/travis/build/icyphy/ptII/ptolemy/actor/lib/test/auto/PublisherPortSubscriberOpaqueWidthInference.xml (RunModel)" time="0.017" />
  <testcase classname="ptolemy.util.test.junit.AutoTests" name="[271] /home/travis/build/icyphy/ptII/ptolemy/actor/lib/test/auto/PublisherPortSubscriberPortAdjacent.xml (RunModel)" time="0.019" />
  <testcase classname="ptolemy.util.test.junit.AutoTests" name="[272] /home/travis/build/icyphy/ptII/ptolemy/actor/lib/test/auto/PublisherPortSubscriberPortExpression.xml (RunModel)" time="0.018" />
  <testcase classname="ptolemy.util.test.junit.AutoTests" name="[273] /home/travis/build/icyphy/ptII/ptolemy/actor/lib/test/auto/PublisherPortSubscriberPortOpaqueD3Reverse.xml (RunModel)" time="0.022" />
  <testcase classname="ptolemy.util.test.junit.AutoTests" name="[274] /home/travis/build/icyphy/ptII/ptolemy/actor/lib/test/auto/PublisherPortSubscriberPortOpaqueWidthInference.xml (RunModel)" time="0.018" />
  <testcase classname="ptolemy.util.test.junit.AutoTests" name="[275] /home/travis/build/icyphy/ptII/ptolemy/actor/lib/test/auto/PublisherPortToplevelSubscriberPortAOC.xml (RunModel)" time="0.011" />
  <testcase classname="ptolemy.util.test.junit.AutoTests" name="[276] /home/travis/build/icyphy/ptII/ptolemy/actor/lib/test/auto/PublisherSubscriber.xml (RunModel)" time="0.016" />
  <testcase classname="ptolemy.util.test.junit.AutoTests" name="[277] /home/travis/build/icyphy/ptII/ptolemy/actor/lib/test/auto/PublisherSubscriber10.xml (RunModel)" time="0.022" />
  <testcase classname="ptolemy.util.test.junit.AutoTests" name="[278] /home/travis/build/icyphy/ptII/ptolemy/actor/lib/test/auto/PublisherSubscriber10InitialOutputs.xml (RunModel)" time="0.02" />
  <testcase classname="ptolemy.util.test.junit.AutoTests" name="[279] /home/travis/build/icyphy/ptII/ptolemy/actor/lib/test/auto/PublisherSubscriber11.xml (RunModel)" time="0.017" />
  <testcase classname="ptolemy.util.test.junit.AutoTests" name="[280] /home/travis/build/icyphy/ptII/ptolemy/actor/lib/test/auto/PublisherSubscriber12.xml (RunModel)" time="0.014" />
  <testcase classname="ptolemy.util.test.junit.AutoTests" name="[281] /home/travis/build/icyphy/ptII/ptolemy/actor/lib/test/auto/PublisherSubscriber13.xml (RunModel)" time="0.01" />
  <testcase classname="ptolemy.util.test.junit.AutoTests" name="[282] /home/travis/build/icyphy/ptII/ptolemy/actor/lib/test/auto/PublisherSubscriber14.xml (RunModel)" time="0.026" />
  <testcase classname="ptolemy.util.test.junit.AutoTests" name="[283] /home/travis/build/icyphy/ptII/ptolemy/actor/lib/test/auto/PublisherSubscriber2.xml (RunModel)" time="0.011" />
  <testcase classname="ptolemy.util.test.junit.AutoTests" name="[284] /home/travis/build/icyphy/ptII/ptolemy/actor/lib/test/auto/PublisherSubscriber3.xml (RunModel)" time="0.012" />
  <testcase classname="ptolemy.util.test.junit.AutoTests" name="[285] /home/travis/build/icyphy/ptII/ptolemy/actor/lib/test/auto/PublisherSubscriber4.xml (RunModel)" time="0.009" />
  <testcase classname="ptolemy.util.test.junit.AutoTests" name="[286] /home/travis/build/icyphy/ptII/ptolemy/actor/lib/test/auto/PublisherSubscriber5.xml (RunModel)" time="0.013" />
  <testcase classname="ptolemy.util.test.junit.AutoTests" name="[287] /home/travis/build/icyphy/ptII/ptolemy/actor/lib/test/auto/PublisherSubscriber6.xml (RunModel)" time="0.02" />
  <testcase classname="ptolemy.util.test.junit.AutoTests" name="[288] /home/travis/build/icyphy/ptII/ptolemy/actor/lib/test/auto/PublisherSubscriber7.xml (RunModel)" time="0.02" />
  <testcase classname="ptolemy.util.test.junit.AutoTests" name="[289] /home/travis/build/icyphy/ptII/ptolemy/actor/lib/test/auto/PublisherSubscriber8.xml (RunModel)" time="0.036" />
  <testcase classname="ptolemy.util.test.junit.AutoTests" name="[290] /home/travis/build/icyphy/ptII/ptolemy/actor/lib/test/auto/PublisherSubscriber9.xml (RunModel)" time="0.022" />
  <testcase classname="ptolemy.util.test.junit.AutoTests" name="[291] /home/travis/build/icyphy/ptII/ptolemy/actor/lib/test/auto/PublisherSubscriberAdjacent.xml (RunModel)" time="0.023" />
  <testcase classname="ptolemy.util.test.junit.AutoTests" name="[292] /home/travis/build/icyphy/ptII/ptolemy/actor/lib/test/auto/PublisherSubscriberChannelVariablesAOC2.xml (RunModel)" time="0.031" />
  <testcase classname="ptolemy.util.test.junit.AutoTests" name="[293] /home/travis/build/icyphy/ptII/ptolemy/actor/lib/test/auto/PublisherSubscriberD3.xml (RunModel)" time="0.016" />
  <testcase classname="ptolemy.util.test.junit.AutoTests" name="[294] /home/travis/build/icyphy/ptII/ptolemy/actor/lib/test/auto/PublisherSubscriberD3Reverse.xml (RunModel)" time="0.015" />
  <testcase classname="ptolemy.util.test.junit.AutoTests" name="[295] /home/travis/build/icyphy/ptII/ptolemy/actor/lib/test/auto/PublisherSubscriberExpression.xml (RunModel)" time="0.03" />
  <testcase classname="ptolemy.util.test.junit.AutoTests" name="[296] /home/travis/build/icyphy/ptII/ptolemy/actor/lib/test/auto/PublisherSubscriberOpaque.xml (RunModel)" time="0.017" />
  <testcase classname="ptolemy.util.test.junit.AutoTests" name="[297] /home/travis/build/icyphy/ptII/ptolemy/actor/lib/test/auto/PublisherSubscriberOpaqueD3.xml (RunModel)" time="0.024" />
  <testcase classname="ptolemy.util.test.junit.AutoTests" name="[298] /home/travis/build/icyphy/ptII/ptolemy/actor/lib/test/auto/PublisherSubscriberOpaqueD3Reverse.xml (RunModel)" time="0.021" />
  <testcase classname="ptolemy.util.test.junit.AutoTests" name="[299] /home/travis/build/icyphy/ptII/ptolemy/actor/lib/test/auto/PublisherSubscriberOpaqueWidthInference.xml (RunModel)" time="0.018" />
  <testcase classname="ptolemy.util.test.junit.AutoTests" name="[300] /home/travis/build/icyphy/ptII/ptolemy/actor/lib/test/auto/PublisherTestSubscriber.xml (RunModel)" time="0.016" />
  <testcase classname="ptolemy.util.test.junit.AutoTests" name="[301] /home/travis/build/icyphy/ptII/ptolemy/actor/lib/test/auto/PublisherToplevelSubscriberPortAOC.xml (RunModel)" time="0.011" />
  <testcase classname="ptolemy.util.test.junit.AutoTests" name="[302] /home/travis/build/icyphy/ptII/ptolemy/actor/lib/test/auto/PulseFiringLimitDE.xml (RunModel)" time="0.014" />
  <testcase classname="ptolemy.util.test.junit.AutoTests" name="[303] /home/travis/build/icyphy/ptII/ptolemy/actor/lib/test/auto/Ramp1.xml (RunModel)" time="0.007" />
  <testcase classname="ptolemy.util.test.junit.AutoTests" name="[304] /home/travis/build/icyphy/ptII/ptolemy/actor/lib/test/auto/RampFiringLimitDE.xml (RunModel)" time="0.012" />
  <testcase classname="ptolemy.util.test.junit.AutoTests" name="[305] /home/travis/build/icyphy/ptII/ptolemy/actor/lib/test/auto/RampFiringLimitSDF.xml (RunModel)" time="0.011" />
  <testcase classname="ptolemy.util.test.junit.AutoTests" name="[306] /home/travis/build/icyphy/ptII/ptolemy/actor/lib/test/auto/RandomInteger.xml (RunModel)" time="0.008" />
  <testcase classname="ptolemy.util.test.junit.AutoTests" name="[307] /home/travis/build/icyphy/ptII/ptolemy/actor/lib/test/auto/ReadFile1.xml (RunModel)" time="0.01" />
  <testcase classname="ptolemy.util.test.junit.AutoTests" name="[308] /home/travis/build/icyphy/ptII/ptolemy/actor/lib/test/auto/ReadFile2.xml (RunModel)" time="0.008" />
  <testcase classname="ptolemy.util.test.junit.AutoTests" name="[309] /home/travis/build/icyphy/ptII/ptolemy/actor/lib/test/auto/Reader.xml (RunModel)" time="0.009" />
  <testcase classname="ptolemy.util.test.junit.AutoTests" name="[310] /home/travis/build/icyphy/ptII/ptolemy/actor/lib/test/auto/RecordAssemblerDisplayNameTest.xml (RunModel)" time="3.748" />
  <testcase classname="ptolemy.util.test.junit.AutoTests" name="[311] /home/travis/build/icyphy/ptII/ptolemy/actor/lib/test/auto/RecordAssemblerTypeError.xml (RunModel)" time="0.041" />
  <testcase classname="ptolemy.util.test.junit.AutoTests" name="[312] /home/travis/build/icyphy/ptII/ptolemy/actor/lib/test/auto/RecordDisassember.xml (RunModel)" time="0.011" />
  <testcase classname="ptolemy.util.test.junit.AutoTests" name="[313] /home/travis/build/icyphy/ptII/ptolemy/actor/lib/test/auto/RecordDisassemberDisplayNameTest.xml (RunModel)" time="0.021" />
  <testcase classname="ptolemy.util.test.junit.AutoTests" name="[314] /home/travis/build/icyphy/ptII/ptolemy/actor/lib/test/auto/RecordDisassembler.xml (RunModel)" time="0.011" />
  <testcase classname="ptolemy.util.test.junit.AutoTests" name="[315] /home/travis/build/icyphy/ptII/ptolemy/actor/lib/test/auto/RecordDisassembler2.xml (RunModel)" time="0.011" />
  <testcase classname="ptolemy.util.test.junit.AutoTests" name="[316] /home/travis/build/icyphy/ptII/ptolemy/actor/lib/test/auto/RecordUpdater.xml (RunModel)" time="0.009" />
  <testcase classname="ptolemy.util.test.junit.AutoTests" name="[317] /home/travis/build/icyphy/ptII/ptolemy/actor/lib/test/auto/RecordUpdater2.xml (RunModel)" time="0.01" />
  <testcase classname="ptolemy.util.test.junit.AutoTests" name="[318] /home/travis/build/icyphy/ptII/ptolemy/actor/lib/test/auto/RecursiveLattice.xml (RunModel)" time="0.01" />
  <testcase classname="ptolemy.util.test.junit.AutoTests" name="[319] /home/travis/build/icyphy/ptII/ptolemy/actor/lib/test/auto/Router.xml (RunModel)" time="3.024" />
  <testcase classname="ptolemy.util.test.junit.AutoTests" name="[320] /home/travis/build/icyphy/ptII/ptolemy/actor/lib/test/auto/Router2.xml (RunModel)" time="3.055" />
  <testcase classname="ptolemy.util.test.junit.AutoTests" name="[321] /home/travis/build/icyphy/ptII/ptolemy/actor/lib/test/auto/RunningMaximum.xml (RunModel)" time="0.033" />
  <testcase classname="ptolemy.util.test.junit.AutoTests" name="[322] /home/travis/build/icyphy/ptII/ptolemy/actor/lib/test/auto/RunningMinimum.xml (RunModel)" time="0.021" />
  <testcase classname="ptolemy.util.test.junit.AutoTests" name="[323] /home/travis/build/icyphy/ptII/ptolemy/actor/lib/test/auto/Scale.xml (RunModel)" time="0.008" />
  <testcase classname="ptolemy.util.test.junit.AutoTests" name="[324] /home/travis/build/icyphy/ptII/ptolemy/actor/lib/test/auto/Scale2.xml (RunModel)" time="0.011" />
  <testcase classname="ptolemy.util.test.junit.AutoTests" name="[325] /home/travis/build/icyphy/ptII/ptolemy/actor/lib/test/auto/Scale3.xml (RunModel)" time="0.016" />
  <testcase classname="ptolemy.util.test.junit.AutoTests" name="[326] /home/travis/build/icyphy/ptII/ptolemy/actor/lib/test/auto/ScaleArray.xml (RunModel)" time="0.008" />
  <testcase classname="ptolemy.util.test.junit.AutoTests" name="[327] /home/travis/build/icyphy/ptII/ptolemy/actor/lib/test/auto/ScaleArray2.xml (RunModel)" time="0.009" />
  <testcase classname="ptolemy.util.test.junit.AutoTests" name="[328] /home/travis/build/icyphy/ptII/ptolemy/actor/lib/test/auto/ScaleMatrix.xml (RunModel)" time="0.118" />
  <testcase classname="ptolemy.util.test.junit.AutoTests" name="[329] /home/travis/build/icyphy/ptII/ptolemy/actor/lib/test/auto/Select.xml (RunModel)" time="0.014" />
  <testcase classname="ptolemy.util.test.junit.AutoTests" name="[330] /home/travis/build/icyphy/ptII/ptolemy/actor/lib/test/auto/Select2.xml (RunModel)" time="0.009" />
  <testcase classname="ptolemy.util.test.junit.AutoTests" name="[331] /home/travis/build/icyphy/ptII/ptolemy/actor/lib/test/auto/SequenceToArray2.xml (RunModel)" time="0.11" />
  <testcase classname="ptolemy.util.test.junit.AutoTests" name="[332] /home/travis/build/icyphy/ptII/ptolemy/actor/lib/test/auto/SequentialClock.xml (RunModel)" time="0.009" />
  <testcase classname="ptolemy.util.test.junit.AutoTests" name="[333] /home/travis/build/icyphy/ptII/ptolemy/actor/lib/test/auto/SetVariable.xml (RunModel)" time="0.011" />
  <testcase classname="ptolemy.util.test.junit.AutoTests" name="[334] /home/travis/build/icyphy/ptII/ptolemy/actor/lib/test/auto/SetVariable2.xml (RunModel)" time="0.009" />
  <testcase classname="ptolemy.util.test.junit.AutoTests" name="[335] /home/travis/build/icyphy/ptII/ptolemy/actor/lib/test/auto/SetVariable3.xml (RunModel)" time="0.01" />
  <testcase classname="ptolemy.util.test.junit.AutoTests" name="[336] /home/travis/build/icyphy/ptII/ptolemy/actor/lib/test/auto/SetVariable4.xml (RunModel)" time="0.026" />
  <testcase classname="ptolemy.util.test.junit.AutoTests" name="[337] /home/travis/build/icyphy/ptII/ptolemy/actor/lib/test/auto/SetVariable5.xml (RunModel)" time="0.031" />
  <testcase classname="ptolemy.util.test.junit.AutoTests" name="[338] /home/travis/build/icyphy/ptII/ptolemy/actor/lib/test/auto/Sinewave.xml (RunModel)" time="0.029" />
  <testcase classname="ptolemy.util.test.junit.AutoTests" name="[339] /home/travis/build/icyphy/ptII/ptolemy/actor/lib/test/auto/Sinewave2.xml (RunModel)" time="0.017" />
  <testcase classname="ptolemy.util.test.junit.AutoTests" name="[340] /home/travis/build/icyphy/ptII/ptolemy/actor/lib/test/auto/Sinewave3.xml (RunModel)" time="0.017" />
  <testcase classname="ptolemy.util.test.junit.AutoTests" name="[341] /home/travis/build/icyphy/ptII/ptolemy/actor/lib/test/auto/SingleEvent.xml (RunModel)" time="0.007" />
  <testcase classname="ptolemy.util.test.junit.AutoTests" name="[342] /home/travis/build/icyphy/ptII/ptolemy/actor/lib/test/auto/Sleep.xml (RunModel)" time="6.013" />
  <testcase classname="ptolemy.util.test.junit.AutoTests" name="[343] /home/travis/build/icyphy/ptII/ptolemy/actor/lib/test/auto/SleepMultipleFire.xml (RunModel)" time="1.019" />
  <testcase classname="ptolemy.util.test.junit.AutoTests" name="[344] /home/travis/build/icyphy/ptII/ptolemy/actor/lib/test/auto/StopDE.xml (RunModel)" time="0.014" />
  <testcase classname="ptolemy.util.test.junit.AutoTests" name="[345] /home/travis/build/icyphy/ptII/ptolemy/actor/lib/test/auto/StopSDF.xml (RunModel)" time="0.014" />
  <testcase classname="ptolemy.util.test.junit.AutoTests" name="[346] /home/travis/build/icyphy/ptII/ptolemy/actor/lib/test/auto/StringConstant.xml (RunModel)" time="0.01" />
  <testcase classname="ptolemy.util.test.junit.AutoTests" name="[347] /home/travis/build/icyphy/ptII/ptolemy/actor/lib/test/auto/SubscriberPortInitialValues1.xml (RunModel)" time="0.021" />
  <testcase classname="ptolemy.util.test.junit.AutoTests" name="[348] /home/travis/build/icyphy/ptII/ptolemy/actor/lib/test/auto/SubscriberPortInitialValues13.xml (RunModel)" time="0.031" />
  <testcase classname="ptolemy.util.test.junit.AutoTests" name="[349] /home/travis/build/icyphy/ptII/ptolemy/actor/lib/test/auto/SubscriberPortInitialValues14.xml (RunModel)" time="0.02" />
  <testcase classname="ptolemy.util.test.junit.AutoTests" name="[350] /home/travis/build/icyphy/ptII/ptolemy/actor/lib/test/auto/SubscriberPortInitialValues2.xml (RunModel)" time="0.021" />
  <testcase classname="ptolemy.util.test.junit.AutoTests" name="[351] /home/travis/build/icyphy/ptII/ptolemy/actor/lib/test/auto/SubscriberPortInitialValues3.xml (RunModel)" time="0.021" />
  <testcase classname="ptolemy.util.test.junit.AutoTests" name="[352] /home/travis/build/icyphy/ptII/ptolemy/actor/lib/test/auto/SubscriptionAggregator.xml (RunModel)" time="0.011" />
  <testcase classname="ptolemy.util.test.junit.AutoTests" name="[353] /home/travis/build/icyphy/ptII/ptolemy/actor/lib/test/auto/SubscriptionAggregator2.xml (RunModel)" time="0.012" />
  <testcase classname="ptolemy.util.test.junit.AutoTests" name="[354] /home/travis/build/icyphy/ptII/ptolemy/actor/lib/test/auto/SubscriptionAggregator3.xml (RunModel)" time="0.017" />
  <testcase classname="ptolemy.util.test.junit.AutoTests" name="[355] /home/travis/build/icyphy/ptII/ptolemy/actor/lib/test/auto/SubscriptionAggregatorMultiply.xml (RunModel)" time="0.017" />
  <testcase classname="ptolemy.util.test.junit.AutoTests" name="[356] /home/travis/build/icyphy/ptII/ptolemy/actor/lib/test/auto/SubscriptionAggregatorPortMultiply1.xml (RunModel)" time="0.02" />
  <testcase classname="ptolemy.util.test.junit.AutoTests" name="[357] /home/travis/build/icyphy/ptII/ptolemy/actor/lib/test/auto/Switch.xml (RunModel)" time="0.014" />
  <testcase classname="ptolemy.util.test.junit.AutoTests" name="[358] /home/travis/build/icyphy/ptII/ptolemy/actor/lib/test/auto/Switch2.xml (RunModel)" time="0.01" />
  <testcase classname="ptolemy.util.test.junit.AutoTests" name="[359] /home/travis/build/icyphy/ptII/ptolemy/actor/lib/test/auto/SwitchDE.xml (RunModel)" time="0.013" />
  <testcase classname="ptolemy.util.test.junit.AutoTests" name="[360] /home/travis/build/icyphy/ptII/ptolemy/actor/lib/test/auto/SynchronizerDE.xml (RunModel)" time="0.021" />
  <testcase classname="ptolemy.util.test.junit.AutoTests" name="[361] /home/travis/build/icyphy/ptII/ptolemy/actor/lib/test/auto/Test.xml (RunModel)" time="0.01" />
  <testcase classname="ptolemy.util.test.junit.AutoTests" name="[362] /home/travis/build/icyphy/ptII/ptolemy/actor/lib/test/auto/TestExceptionAttribute1.xml (RunModel)" time="0.006" />
  <testcase classname="ptolemy.util.test.junit.AutoTests" name="[363] /home/travis/build/icyphy/ptII/ptolemy/actor/lib/test/auto/TestExceptionAttribute2.xml (RunModel)" time="0.006" />
  <testcase classname="ptolemy.util.test.junit.AutoTests" name="[364] /home/travis/build/icyphy/ptII/ptolemy/actor/lib/test/auto/TestExceptionAttribute3.xml (RunModel)" time="0.006" />
  <testcase classname="ptolemy.util.test.junit.AutoTests" name="[365] /home/travis/build/icyphy/ptII/ptolemy/actor/lib/test/auto/TestExceptionAttribute4.xml (RunModel)" time="0.008" />
  <testcase classname="ptolemy.util.test.junit.AutoTests" name="[366] /home/travis/build/icyphy/ptII/ptolemy/actor/lib/test/auto/TestExceptionHandler1.xml (RunModel)" time="0.007" />
  <testcase classname="ptolemy.util.test.junit.AutoTests" name="[367] /home/travis/build/icyphy/ptII/ptolemy/actor/lib/test/auto/TestExceptionHandler2.xml (RunModel)" time="0.008" />
  <testcase classname="ptolemy.util.test.junit.AutoTests" name="[368] /home/travis/build/icyphy/ptII/ptolemy/actor/lib/test/auto/TestExceptionHandler3.xml (RunModel)" time="0.007" />
  <testcase classname="ptolemy.util.test.junit.AutoTests" name="[369] /home/travis/build/icyphy/ptII/ptolemy/actor/lib/test/auto/TestExceptionHandler4.xml (RunModel)" time="0.012" />
  <testcase classname="ptolemy.util.test.junit.AutoTests" name="[370] /home/travis/build/icyphy/ptII/ptolemy/actor/lib/test/auto/TestRequireCorrectOrder.xml (RunModel)" time="0.013" />
  <testcase classname="ptolemy.util.test.junit.AutoTests" name="[371] /home/travis/build/icyphy/ptII/ptolemy/actor/lib/test/auto/TestSimple.xml (RunModel)" time="0.011" />
  <testcase classname="ptolemy.util.test.junit.AutoTests" name="[372] /home/travis/build/icyphy/ptII/ptolemy/actor/lib/test/auto/ThrowModelError.xml (RunModel)" time="0.011" />
  <testcase classname="ptolemy.util.test.junit.AutoTests" name="[373] /home/travis/build/icyphy/ptII/ptolemy/actor/lib/test/auto/TimeDelayMicrosteps.xml (RunModel)" time="0.015" />
  <testcase classname="ptolemy.util.test.junit.AutoTests" name="[374] /home/travis/build/icyphy/ptII/ptolemy/actor/lib/test/auto/TimeDelayMicrosteps2.xml (RunModel)" time="0.017" />
  <testcase classname="ptolemy.util.test.junit.AutoTests" name="[375] /home/travis/build/icyphy/ptII/ptolemy/actor/lib/test/auto/TimeDelayMicrosteps3.xml (RunModel)" time="0.013" />
  <testcase classname="ptolemy.util.test.junit.AutoTests" name="[376] /home/travis/build/icyphy/ptII/ptolemy/actor/lib/test/auto/TimeDelayVariableMicrosteps.xml (RunModel)" time="0.013" />
  <testcase classname="ptolemy.util.test.junit.AutoTests" name="[377] /home/travis/build/icyphy/ptII/ptolemy/actor/lib/test/auto/TimeGap.xml (RunModel)" time="0.015" />
  <testcase classname="ptolemy.util.test.junit.AutoTests" name="[378] /home/travis/build/icyphy/ptII/ptolemy/actor/lib/test/auto/TimeGap2.xml (RunModel)" time="0.014" />
  <testcase classname="ptolemy.util.test.junit.AutoTests" name="[379] /home/travis/build/icyphy/ptII/ptolemy/actor/lib/test/auto/TimedSinewave.xml (RunModel)" time="0.063" />
  <testcase classname="ptolemy.util.test.junit.AutoTests" name="[380] /home/travis/build/icyphy/ptII/ptolemy/actor/lib/test/auto/TimedSinewavePhase.xml (RunModel)" time="0.025" />
  <testcase classname="ptolemy.util.test.junit.AutoTests" name="[381] /home/travis/build/icyphy/ptII/ptolemy/actor/lib/test/auto/Timer.xml (RunModel)" time="0.012" />
  <testcase classname="ptolemy.util.test.junit.AutoTests" name="[382] /home/travis/build/icyphy/ptII/ptolemy/actor/lib/test/auto/TriangularDistTestModel.xml (RunModel)" time="0.015" />
  <testcase classname="ptolemy.util.test.junit.AutoTests" name="[383] /home/travis/build/icyphy/ptII/ptolemy/actor/lib/test/auto/TrigFunction.xml (RunModel)" time="0.008" />
  <testcase classname="ptolemy.util.test.junit.AutoTests" name="[384] /home/travis/build/icyphy/ptII/ptolemy/actor/lib/test/auto/TrigFunctionDE.xml (RunModel)" time="0.012" />
  <testcase classname="ptolemy.util.test.junit.AutoTests" name="[385] /home/travis/build/icyphy/ptII/ptolemy/actor/lib/test/auto/TrigFunctionInverse.xml (RunModel)" time="0.01" />
  <testcase classname="ptolemy.util.test.junit.AutoTests" name="[386] /home/travis/build/icyphy/ptII/ptolemy/actor/lib/test/auto/TrigFunctionTan.xml (RunModel)" time="0.007" />
  <testcase classname="ptolemy.util.test.junit.AutoTests" name="[387] /home/travis/build/icyphy/ptII/ptolemy/actor/lib/test/auto/TriggeredClock.xml (RunModel)" time="0.009" />
  <testcase classname="ptolemy.util.test.junit.AutoTests" name="[388] /home/travis/build/icyphy/ptII/ptolemy/actor/lib/test/auto/URLDirectoryReader.xml (RunModel)" time="0.078" />
  <testcase classname="ptolemy.util.test.junit.AutoTests" name="[389] /home/travis/build/icyphy/ptII/ptolemy/actor/lib/test/auto/URLDirectoryReader3.xml (RunModel)" time="1.532" />
  <testcase classname="ptolemy.util.test.junit.AutoTests" name="[390] /home/travis/build/icyphy/ptII/ptolemy/actor/lib/test/auto/UnaryMathFunction.xml (RunModel)" time="0.023" />
  <testcase classname="ptolemy.util.test.junit.AutoTests" name="[391] /home/travis/build/icyphy/ptII/ptolemy/actor/lib/test/auto/Uniform.xml (RunModel)" time="0.013" />
  <testcase classname="ptolemy.util.test.junit.AutoTests" name="[392] /home/travis/build/icyphy/ptII/ptolemy/actor/lib/test/auto/UnionDisassemblerTest.xml (RunModel)" time="0.008" />
  <testcase classname="ptolemy.util.test.junit.AutoTests" name="[393] /home/travis/build/icyphy/ptII/ptolemy/actor/lib/test/auto/UtilityFunctions.xml (RunModel)" time="0.007" />
  <testcase classname="ptolemy.util.test.junit.AutoTests" name="[394] /home/travis/build/icyphy/ptII/ptolemy/actor/lib/test/auto/VariableSleep.xml (RunModel)" time="0.514" />
  <testcase classname="ptolemy.util.test.junit.AutoTests" name="[395] /home/travis/build/icyphy/ptII/ptolemy/actor/lib/test/auto/VectorAssemblerDisassemblerCT.xml (RunModel)" time="0.14" />
  <testcase classname="ptolemy.util.test.junit.AutoTests" name="[396] /home/travis/build/icyphy/ptII/ptolemy/actor/lib/test/auto/VectorAssemblerDisassemblerDE.xml (RunModel)" time="0.016" />
  <testcase classname="ptolemy.util.test.junit.AutoTests" name="[397] /home/travis/build/icyphy/ptII/ptolemy/actor/lib/test/auto/VectorAssemblerDisassemblerSDF.xml (RunModel)" time="0.015" />
  <testcase classname="ptolemy.util.test.junit.AutoTests" name="[398] /home/travis/build/icyphy/ptII/ptolemy/actor/lib/test/auto/WallClockTime.xml (RunModel)" time="1.014" />
  <testcase classname="ptolemy.util.test.junit.AutoTests" name="[399] /home/travis/build/icyphy/ptII/ptolemy/actor/lib/test/auto/WidthTestWithSubscriberPublisher.xml (RunModel)" time="0.053" />
  <testcase classname="ptolemy.util.test.junit.AutoTests" name="[400] /home/travis/build/icyphy/ptII/ptolemy/actor/lib/test/auto/WidthTestWithSubscriberPublisher2.xml (RunModel)" time="0.017" />
  <testcase classname="ptolemy.util.test.junit.AutoTests" name="[401] /home/travis/build/icyphy/ptII/ptolemy/actor/lib/test/auto/WidthTestWithSubscriberPublisher3.xml (RunModel)" time="0.012" />
  <testcase classname="ptolemy.util.test.junit.AutoTests" name="[402] /home/travis/build/icyphy/ptII/ptolemy/actor/lib/test/auto/Writer.xml (RunModel)" time="0.008" />
  <testcase classname="ptolemy.util.test.junit.AutoTests" name="[403] /home/travis/build/icyphy/ptII/ptolemy/actor/lib/test/auto/array.xml (RunModel)" time="0.01" />
  <testcase classname="ptolemy.util.test.junit.AutoTests" name="[404] /home/travis/build/icyphy/ptII/ptolemy/actor/lib/test/auto/array2.xml (RunModel)" time="0.012" />
  <testcase classname="ptolemy.util.test.junit.AutoTests" name="[405] /home/travis/build/icyphy/ptII/ptolemy/actor/lib/test/auto/arrayType.xml (RunModel)" time="0.011" />
  <testcase classname="ptolemy.util.test.junit.AutoTests" name="[406] /home/travis/build/icyphy/ptII/ptolemy/actor/lib/test/auto/arrayType10.xml (RunModel)" time="0.012" />
  <testcase classname="ptolemy.util.test.junit.AutoTests" name="[407] /home/travis/build/icyphy/ptII/ptolemy/actor/lib/test/auto/arrayType11.xml (RunModel)" time="0.009" />
  <testcase classname="ptolemy.util.test.junit.AutoTests" name="[408] /home/travis/build/icyphy/ptII/ptolemy/actor/lib/test/auto/arrayType12.xml (RunModel)" time="0.01" />
  <testcase classname="ptolemy.util.test.junit.AutoTests" name="[409] /home/travis/build/icyphy/ptII/ptolemy/actor/lib/test/auto/arrayType13.xml (RunModel)" time="0.009" />
  <testcase classname="ptolemy.util.test.junit.AutoTests" name="[410] /home/travis/build/icyphy/ptII/ptolemy/actor/lib/test/auto/arrayType14.xml (RunModel)" time="0.011" />
  <testcase classname="ptolemy.util.test.junit.AutoTests" name="[411] /home/travis/build/icyphy/ptII/ptolemy/actor/lib/test/auto/arrayType15.xml (RunModel)" time="0.01" />
  <testcase classname="ptolemy.util.test.junit.AutoTests" name="[412] /home/travis/build/icyphy/ptII/ptolemy/actor/lib/test/auto/arrayType16.xml (RunModel)" time="0.01" />
  <testcase classname="ptolemy.util.test.junit.AutoTests" name="[413] /home/travis/build/icyphy/ptII/ptolemy/actor/lib/test/auto/arrayType17.xml (RunModel)" time="0.01" />
  <testcase classname="ptolemy.util.test.junit.AutoTests" name="[414] /home/travis/build/icyphy/ptII/ptolemy/actor/lib/test/auto/arrayType18.xml (RunModel)" time="0.009" />
  <testcase classname="ptolemy.util.test.junit.AutoTests" name="[415] /home/travis/build/icyphy/ptII/ptolemy/actor/lib/test/auto/arrayType19.xml (RunModel)" time="0.009" />
  <testcase classname="ptolemy.util.test.junit.AutoTests" name="[416] /home/travis/build/icyphy/ptII/ptolemy/actor/lib/test/auto/arrayType2.xml (RunModel)" time="0.01" />
  <testcase classname="ptolemy.util.test.junit.AutoTests" name="[417] /home/travis/build/icyphy/ptII/ptolemy/actor/lib/test/auto/arrayType20.xml (RunModel)" time="0.011" />
  <testcase classname="ptolemy.util.test.junit.AutoTests" name="[418] /home/travis/build/icyphy/ptII/ptolemy/actor/lib/test/auto/arrayType21.xml (RunModel)" time="0.009" />
  <testcase classname="ptolemy.util.test.junit.AutoTests" name="[419] /home/travis/build/icyphy/ptII/ptolemy/actor/lib/test/auto/arrayType22.xml (RunModel)" time="0.009" />
  <testcase classname="ptolemy.util.test.junit.AutoTests" name="[420] /home/travis/build/icyphy/ptII/ptolemy/actor/lib/test/auto/arrayType23.xml (RunModel)" time="0.009" />
  <testcase classname="ptolemy.util.test.junit.AutoTests" name="[421] /home/travis/build/icyphy/ptII/ptolemy/actor/lib/test/auto/arrayType24.xml (RunModel)" time="0.009" />
  <testcase classname="ptolemy.util.test.junit.AutoTests" name="[422] /home/travis/build/icyphy/ptII/ptolemy/actor/lib/test/auto/arrayType25.xml (RunModel)" time="0.01" />
  <testcase classname="ptolemy.util.test.junit.AutoTests" name="[423] /home/travis/build/icyphy/ptII/ptolemy/actor/lib/test/auto/arrayType26.xml (RunModel)" time="0.01" />
  <testcase classname="ptolemy.util.test.junit.AutoTests" name="[424] /home/travis/build/icyphy/ptII/ptolemy/actor/lib/test/auto/arrayType27.xml (RunModel)" time="0.01" />
  <testcase classname="ptolemy.util.test.junit.AutoTests" name="[425] /home/travis/build/icyphy/ptII/ptolemy/actor/lib/test/auto/arrayType28.xml (RunModel)" time="0.009" />
  <testcase classname="ptolemy.util.test.junit.AutoTests" name="[426] /home/travis/build/icyphy/ptII/ptolemy/actor/lib/test/auto/arrayType3.xml (RunModel)" time="0.012" />
  <testcase classname="ptolemy.util.test.junit.AutoTests" name="[427] /home/travis/build/icyphy/ptII/ptolemy/actor/lib/test/auto/arrayType4.xml (RunModel)" time="0.017" />
  <testcase classname="ptolemy.util.test.junit.AutoTests" name="[428] /home/travis/build/icyphy/ptII/ptolemy/actor/lib/test/auto/arrayType5.xml (RunModel)" time="0.01" />
  <testcase classname="ptolemy.util.test.junit.AutoTests" name="[429] /home/travis/build/icyphy/ptII/ptolemy/actor/lib/test/auto/arrayType6.xml (RunModel)" time="0.009" />
  <testcase classname="ptolemy.util.test.junit.AutoTests" name="[430] /home/travis/build/icyphy/ptII/ptolemy/actor/lib/test/auto/arrayType7.xml (RunModel)" time="0.008" />
  <testcase classname="ptolemy.util.test.junit.AutoTests" name="[431] /home/travis/build/icyphy/ptII/ptolemy/actor/lib/test/auto/arrayType8.xml (RunModel)" time="0.01" />
  <testcase classname="ptolemy.util.test.junit.AutoTests" name="[432] /home/travis/build/icyphy/ptII/ptolemy/actor/lib/test/auto/arrayType9.xml (RunModel)" time="0.009" />
  <testcase classname="ptolemy.util.test.junit.AutoTests" name="[433] /home/travis/build/icyphy/ptII/ptolemy/actor/lib/test/auto/cast.xml (RunModel)" time="0.01" />
  <testcase classname="ptolemy.util.test.junit.AutoTests" name="[434] /home/travis/build/icyphy/ptII/ptolemy/actor/lib/test/auto/compositeMultiPort.xml (RunModel)" time="0.02" />
  <testcase classname="ptolemy.util.test.junit.AutoTests" name="[435] /home/travis/build/icyphy/ptII/ptolemy/actor/lib/test/auto/expressionCastInference.xml (RunModel)" time="0.008" />
  <testcase classname="ptolemy.util.test.junit.AutoTests" name="[436] /home/travis/build/icyphy/ptII/ptolemy/actor/lib/test/auto/expressionCastInference2.xml (RunModel)" time="0.008" />
  <testcase classname="ptolemy.util.test.junit.AutoTests" name="[437] /home/travis/build/icyphy/ptII/ptolemy/actor/lib/test/auto/expressionInference.xml (RunModel)" time="0.008" />
  <testcase classname="ptolemy.util.test.junit.AutoTests" name="[438] /home/travis/build/icyphy/ptII/ptolemy/actor/lib/test/auto/expression_bug.xml (RunModel)" time="0.008" />
  <testcase classname="ptolemy.util.test.junit.AutoTests" name="[439] /home/travis/build/icyphy/ptII/ptolemy/actor/lib/test/auto/factorial.xml (RunModel)" time="0.053" />
  <testcase classname="ptolemy.util.test.junit.AutoTests" name="[440] /home/travis/build/icyphy/ptII/ptolemy/actor/lib/test/auto/filterTest1.xml (RunModel)" time="0.013" />
  <testcase classname="ptolemy.util.test.junit.AutoTests" name="[441] /home/travis/build/icyphy/ptII/ptolemy/actor/lib/test/auto/funcApplyInConst.xml (RunModel)" time="0.006" />
  <testcase classname="ptolemy.util.test.junit.AutoTests" name="[442] /home/travis/build/icyphy/ptII/ptolemy/actor/lib/test/auto/funcApplyInExpr.xml (RunModel)" time="0.007" />
  <testcase classname="ptolemy.util.test.junit.AutoTests" name="[443] /home/travis/build/icyphy/ptII/ptolemy/actor/lib/test/auto/function.xml (RunModel)" time="0.009" />
  <testcase classname="ptolemy.util.test.junit.AutoTests" name="[444] /home/travis/build/icyphy/ptII/ptolemy/actor/lib/test/auto/function2.xml (RunModel)" time="0.009" />
  <testcase classname="ptolemy.util.test.junit.AutoTests" name="[445] /home/travis/build/icyphy/ptII/ptolemy/actor/lib/test/auto/function3.xml (RunModel)" time="0.007" />
  <testcase classname="ptolemy.util.test.junit.AutoTests" name="[446] /home/travis/build/icyphy/ptII/ptolemy/actor/lib/test/auto/functionClosureTest1.xml (RunModel)" time="0.013" />
  <testcase classname="ptolemy.util.test.junit.AutoTests" name="[447] /home/travis/build/icyphy/ptII/ptolemy/actor/lib/test/auto/functionClosureTest2.xml (RunModel)" time="0.008" />
  <testcase classname="ptolemy.util.test.junit.AutoTests" name="[448] /home/travis/build/icyphy/ptII/ptolemy/actor/lib/test/auto/functionClosureTest3.xml (RunModel)" time="0.012" />
  <testcase classname="ptolemy.util.test.junit.AutoTests" name="[449] /home/travis/build/icyphy/ptII/ptolemy/actor/lib/test/auto/functionClosureTest4.xml (RunModel)" time="0.015" />
  <testcase classname="ptolemy.util.test.junit.AutoTests" name="[450] /home/travis/build/icyphy/ptII/ptolemy/actor/lib/test/auto/functionClosureTest5.xml (RunModel)" time="0.024" />
  <testcase classname="ptolemy.util.test.junit.AutoTests" name="[451] /home/travis/build/icyphy/ptII/ptolemy/actor/lib/test/auto/functionClosureTest6.xml (RunModel)" time="0.008" />
  <testcase classname="ptolemy.util.test.junit.AutoTests" name="[452] /home/travis/build/icyphy/ptII/ptolemy/actor/lib/test/auto/functionsOnArcs.xml (RunModel)" time="0.011" />
  <testcase classname="ptolemy.util.test.junit.AutoTests" name="[453] /home/travis/build/icyphy/ptII/ptolemy/actor/lib/test/auto/functionsOnArcsHOF.xml (RunModel)" time="0.014" />
  <testcase classname="ptolemy.util.test.junit.AutoTests" name="[454] /home/travis/build/icyphy/ptII/ptolemy/actor/lib/test/auto/logic.xml (RunModel)" time="0.018" />
  <testcase classname="ptolemy.util.test.junit.AutoTests" name="[455] /home/travis/build/icyphy/ptII/ptolemy/actor/lib/test/auto/matrixType.xml (RunModel)" time="0.009" />
  <testcase classname="ptolemy.util.test.junit.AutoTests" name="[456] /home/travis/build/icyphy/ptII/ptolemy/actor/lib/test/auto/matrixType10.xml (RunModel)" time="0.009" />
  <testcase classname="ptolemy.util.test.junit.AutoTests" name="[457] /home/travis/build/icyphy/ptII/ptolemy/actor/lib/test/auto/matrixType11.xml (RunModel)" time="0.009" />
  <testcase classname="ptolemy.util.test.junit.AutoTests" name="[458] /home/travis/build/icyphy/ptII/ptolemy/actor/lib/test/auto/matrixType12.xml (RunModel)" time="0.009" />
  <testcase classname="ptolemy.util.test.junit.AutoTests" name="[459] /home/travis/build/icyphy/ptII/ptolemy/actor/lib/test/auto/matrixType13.xml (RunModel)" time="0.01" />
  <testcase classname="ptolemy.util.test.junit.AutoTests" name="[460] /home/travis/build/icyphy/ptII/ptolemy/actor/lib/test/auto/matrixType14.xml (RunModel)" time="0.01" />
  <testcase classname="ptolemy.util.test.junit.AutoTests" name="[461] /home/travis/build/icyphy/ptII/ptolemy/actor/lib/test/auto/matrixType2.xml (RunModel)" time="0.01" />
  <testcase classname="ptolemy.util.test.junit.AutoTests" name="[462] /home/travis/build/icyphy/ptII/ptolemy/actor/lib/test/auto/matrixType3.xml (RunModel)" time="0.009" />
  <testcase classname="ptolemy.util.test.junit.AutoTests" name="[463] /home/travis/build/icyphy/ptII/ptolemy/actor/lib/test/auto/matrixType4.xml (RunModel)" time="0.009" />
  <testcase classname="ptolemy.util.test.junit.AutoTests" name="[464] /home/travis/build/icyphy/ptII/ptolemy/actor/lib/test/auto/matrixType5.xml (RunModel)" time="0.009" />
  <testcase classname="ptolemy.util.test.junit.AutoTests" name="[465] /home/travis/build/icyphy/ptII/ptolemy/actor/lib/test/auto/matrixType6.xml (RunModel)" time="0.008" />
  <testcase classname="ptolemy.util.test.junit.AutoTests" name="[466] /home/travis/build/icyphy/ptII/ptolemy/actor/lib/test/auto/matrixType7.xml (RunModel)" time="0.009" />
  <testcase classname="ptolemy.util.test.junit.AutoTests" name="[467] /home/travis/build/icyphy/ptII/ptolemy/actor/lib/test/auto/matrixType8.xml (RunModel)" time="0.01" />
  <testcase classname="ptolemy.util.test.junit.AutoTests" name="[468] /home/travis/build/icyphy/ptII/ptolemy/actor/lib/test/auto/matrixType9.xml (RunModel)" time="0.009" />
  <testcase classname="ptolemy.util.test.junit.AutoTests" name="[469] /home/travis/build/icyphy/ptII/ptolemy/actor/lib/test/auto/paraFunctest.xml (RunModel)" time="0.008" />
  <testcase classname="ptolemy.util.test.junit.AutoTests" name="[470] /home/travis/build/icyphy/ptII/ptolemy/actor/lib/test/auto/paraFunctest2.xml (RunModel)" time="0.008" />
  <testcase classname="ptolemy.util.test.junit.AutoTests" name="[471] /home/travis/build/icyphy/ptII/ptolemy/actor/lib/test/auto/parameterPassing.xml (RunModel)" time="0.008" />
  <testcase classname="ptolemy.util.test.junit.AutoTests" name="[472] /home/travis/build/icyphy/ptII/ptolemy/actor/lib/test/auto/record.xml (RunModel)" time="0.009" />
  <testcase classname="ptolemy.util.test.junit.AutoTests" name="[473] /home/travis/build/icyphy/ptII/ptolemy/actor/lib/test/auto/sizedarray1.xml (RunModel)" time="0.009" />
  <testcase classname="ptolemy.util.test.junit.AutoTests" name="[474] /home/travis/build/icyphy/ptII/ptolemy/actor/lib/test/auto/sizedarray2.xml (RunModel)" time="0.011" />
  <testcase classname="ptolemy.util.test.junit.AutoTests" name="[475] /home/travis/build/icyphy/ptII/ptolemy/actor/lib/test/auto/twoPublishers.xml (RunModel)" time="0.019" />
  <system-out><![CDATA[/home/travis/build/icyphy/ptII/ptolemy/actor/lib/test/AbsoluteValue.tcl
testDefs.tcl: setting time out to 9000 seconds at Tue Aug 07 01:46:34 UTC 2018
82 ms. Memory: 116224K Free: 106792K (92%)
4 ms. Memory: 116224K Free: 105601K (91%)
5 ms. Memory: 116224K Free: 104411K (90%)
4 ms. Memory: 116224K Free: 103816K (89%)
/home/travis/build/icyphy/ptII/ptolemy/actor/lib/test/AddSubtract.tcl
10 ms. Memory: 116224K Free: 101998K (88%)
6 ms. Memory: 116224K Free: 100783K (87%)
5 ms. Memory: 116224K Free: 100188K (86%)
6 ms. Memory: 116224K Free: 99585K (86%)
6 ms. Memory: 116224K Free: 98966K (85%)
5 ms. Memory: 116224K Free: 98331K (85%)
/home/travis/build/icyphy/ptII/ptolemy/actor/lib/test/Average.tcl
11 ms. Memory: 116224K Free: 96513K (83%)
7 ms. Memory: 116224K Free: 95307K (82%)
/home/travis/build/icyphy/ptII/ptolemy/actor/lib/test/Bernoulli.tcl
13 ms. Memory: 116224K Free: 93481K (80%)
2 ms. Memory: 116224K Free: 92878K (80%)
/home/travis/build/icyphy/ptII/ptolemy/actor/lib/test/Clock.tcl
preinitializing
resolving types
initializing
executing number 1
wrapping up
idle
21 ms. Memory: 116224K Free: 90481K (78%)
Completed execution with 5 iterations
preinitializing
resolving types
initializing
executing number 1
wrapping up
idle
3 ms. Memory: 116224K Free: 89846K (77%)
Completed execution with 5 iterations
preinitializing
resolving types
initializing
executing number 1
wrapping up
idle
3 ms. Memory: 116224K Free: 88628K (76%)
Completed execution with 5 iterations
/home/travis/build/icyphy/ptII/ptolemy/actor/lib/test/Commutator.tcl
5 ms. Memory: 116224K Free: 86811K (75%)
6 ms. Memory: 116224K Free: 85604K (74%)
16 ms. Memory: 116224K Free: 81318K (70%)
/home/travis/build/icyphy/ptII/ptolemy/actor/lib/test/Const.tcl
4 ms. Memory: 116224K Free: 109467K (94%)
9 ms. Memory: 116224K Free: 108852K (94%)
6 ms. Memory: 116224K Free: 108237K (93%)
10 ms. Memory: 116224K Free: 107622K (93%)
2 ms. Memory: 116224K Free: 107007K (92%)
22 ms. Memory: 116224K Free: 105177K (90%)
8 ms. Memory: 116224K Free: 104578K (90%)
7 ms. Memory: 116224K Free: 103355K (89%)
/home/travis/build/icyphy/ptII/ptolemy/actor/lib/test/CurrentTime.tcl
preinitializing
resolving types
initializing
executing number 1
wrapping up
idle
8 ms. Memory: 116224K Free: 101526K (87%)
Completed execution with 11 iterations
/home/travis/build/icyphy/ptII/ptolemy/actor/lib/test/DB.tcl
4 ms. Memory: 116224K Free: 99720K (86%)
2 ms. Memory: 116224K Free: 99081K (85%)
2 ms. Memory: 116224K Free: 98466K (85%)
/home/travis/build/icyphy/ptII/ptolemy/actor/lib/test/DiscreteRandomSource.tcl
preinitializing
resolving types
initializing
executing number 1
wrapping up
idle
4 ms. Memory: 116224K Free: 97235K (84%)
Completed execution with 4 iterations
preinitializing
resolving types
initializing
executing number 1
wrapping up
idle
2 ms. Memory: 116224K Free: 96620K (83%)
Completed execution with 4 iterations
preinitializing
resolving types
initializing
executing number 1
wrapping up
idle
2 ms. Memory: 116224K Free: 96021K (83%)
Completed execution with 4 iterations
preinitializing
resolving types
initializing
executing number 1
wrapping up
idle
2 ms. Memory: 116224K Free: 96021K (83%)
Completed execution with 4 iterations
preinitializing
resolving types
initializing
executing number 1
wrapping up
idle
3 ms. Memory: 116224K Free: 95382K (82%)
Completed execution with 4 iterations
/home/travis/build/icyphy/ptII/ptolemy/actor/lib/test/Distributor.tcl
5 ms. Memory: 116224K Free: 93544K (80%)
3 ms. Memory: 116224K Free: 92929K (80%)
StreamChangeRequest.changeExecuted(): <deleteEntity name="rec2"/> succeeded
StreamChangeRequest.changeExecuted(): <deleteRelation name="r2"/> succeeded
StreamChangeRequest.changeExecuted(): Record firings per iteration succeeded
5 ms. Memory: 116224K Free: 90468K (78%)
/home/travis/build/icyphy/ptII/ptolemy/actor/lib/test/Exit.tcl
Exit.tcl: this will print a message about Manager.exitAfterWrapup, which can be ignored.
3 ms. Memory: 116224K Free: 87414K (75%)
/home/travis/build/icyphy/ptII/ptolemy/actor/lib/test/Expression.tcl
6 ms. Memory: 116224K Free: 84366K (73%)
4 ms. Memory: 116224K Free: 83759K (72%)
3 ms. Memory: 116224K Free: 83160K (72%)
preinitializing
resolving types
initializing
executing number 1
wrapping up
idle
6 ms. Memory: 116224K Free: 81961K (71%)
Completed execution with 6 iterations
18 ms. Memory: 116224K Free: 110764K (95%)
3 ms. Memory: 116224K Free: 110045K (95%)
5 ms. Memory: 116224K Free: 108866K (94%)
4 ms. Memory: 116224K Free: 107688K (93%)
4 ms. Memory: 116224K Free: 106493K (92%)
/home/travis/build/icyphy/ptII/ptolemy/actor/lib/test/Gaussian.tcl
4 ms. Memory: 116224K Free: 104725K (90%)
sleeping 1 seconds: .............................................................................................................................................................................................................................................................................................................................................................................................................................................................................................................................................................................................................................................................................................................................................................................................................................................................................................................................................................................................................................................................................................................................................................................................................................................................................................................................................................................................................................................................................................................................................................................................................................................................................................................................................................................................................................................................................................................................................................................................................................................................................................................................................................................................................................................................................................................................................................................................................................................................................................................................................................................................................................................................................................................................................................................................................................................................................................................................................................................................................................................................................................................................................................................................................................................................................................................................................................................................................................................................................................................................................................................................................................................................................................................................................................................................................................................................................................................................................................................................................................................................................................................................................................................................................................................................................................................................................................................................................................................................................................................................................................................................................................................................................................................................................................................................................................................................................................................................................................................................................................................................................................................................................................................................................................................................................................................................................................................................................................................................................................................................................................................................................................................................................................................................................................................................................................................................................................................................................................................................................................................................................................................................................................................................................................................................................................................................................................................................................................................................................................................................................................................................................................................................................................................................................................................................................................................................................................................................................................................................................................................................................................................................................................................................................................................................................................................................................................................................................................................................................................................................................................................................................................................................................................................................................................................................................................................................................................................................................................................................................................................................................................................................................................................................................................................................................................................................................................................................................................................................................................................................................................................................................................................................................................................................................................................................................................................................................................................................................................................................................................................................................................................................................................................................................................................................................................................................................................................................................................................................................................................................................................................................................................................................................................................................................................................................................................................................................................................................................................................................................................................................................................................................................................................................................................................................................................................................................................................................................................................................................................................................................................................................................................................................................................................................................................................................................................................................................................................................................................................................................................................................................................................................................................................................................................................................................................................................................................................................................................................................................................................................................................................................................................................................................................................................................................................................................................................................................................................................................................................................................................................................................................................................................................................................................................................................................................................................................................................................................................................................................................................................................................................................................................................................................................................................................................................................................................................................................................................................................................................................................................................................................................................................................................................................................................................................................................................................................................................................................................................................................................................................................................................................................................................................................................................................................................................................................................................................................................................................................................................................................................................................................................................................................................................................................................................................................................................................................................................................................................................................................................................................................................................................................................................................................................................................................................................................................................................................................................................................................................................................................................................................................................................................................................................................................................................................................................................................................................................................................................................................................................................................................................................................................................................................................................................................................................................................................................................................................................................................................................................................................................................................................................................................................................................................................................................................................................................................................................................................................................................................................................................................................................................................................................................................................................................................................................................................................................................................................................................................................................................................................................................................................................................................................................................................................................................................................................................................................................................................................................................................................................................................................................................................................................................................................................................................................................................................................................................................................................................................................................................................................................................................................................................................................................................................................................................................................................................................................................................................................................................................................................................................................................................................................................................................................................................................................................................................................................................................................................................................................................................................................................................................................................................................................................................................................................................................................................................................................................................................................................................................................................................................................................................................................................................................................................................................................................................................................................................................................................................................................................................................................................................................................................................................................................................................................................................................................................................................................................................................................................................................................................................................................................................................................................................................................................................................................................................................................................................................................................................................................................................................................................................................................................................................................................................................................................................................................................................................................................................................................................................................................................................................................................................................................................................................................................................................................................................................................................................................................................................................................................................................................................................................................................................................................................................................................................................................................................................................................................................................................................................................................................................................................................................................................................................................................................................................................................................................................................................................................................................................................................................................................................................................................................................................................................................................................................................................................................................................................................................................................................................................................................................................................................................................................................................................................................................................................................................................................................................................................................................................................................................................................................................................................................................................................................................................................................................................................................................................................................................................................................................................................................................................................................................................................................................................................................................................................................................................................................................................................................................................................................................................................................................................................................................................................................................................................................................................................................................................................................................................................................................................................................................................................................................................................................................................................................................................................................................................................................................................................................................................................................................................................................................................................................................................................................................................................................................................................................................................................................................................................................................................................................................................................................................................................................................................................................................................................................................................................................................................................................................................................................................................................................................................................................................................................................................................................................................................................................................................................................................................................................................................................................................................................................................................................................................................................................................................................................................................................................................................................................................................................................................................................................................................................................................................................................................................................................................................................................................................................................................................................................................................................................................................................................................................................................................................................................................................................................................................................................................................................................................................................................................................................................................................................................................................................................................................................................................................................................................................................................................................................................................................................................................................................................................................................................................................................................................................................................................................................................................................................................................................................................................................................................................................................................................................................................................................................................................................................................................................................................................................................................................................................................................................................................................................................................................................................................................................................................................................................................................................................................................................................................................................................................................................................................................................................................................................................................................................................................................................................................................................................................................................................................................................................................................................................................................................................................................................................................................................................................................................................................................................................................................................................................................................................................................................................................................................................................................................................................................................................................................................................................................................................................................................................................................................................................................................................................................................................................................................................................................................................................................................................................................................................................................................................................................................................................................................................................................................................................................................................................................................................................................................................................................................................................................................................................................................................................................................................................................................................................................................................................................................................................................................................................................................................................................................................................................................................................................................................................................................................................................................................................................................................................................................................................................................................................................................................................................................................................................................................................................................................................................................................................................................................................................................................................................................................................................................................................................................................................................................................................................................................................................................................................................................................................................................................................................................................................................................................................................................................................................................................................................................................................................................................................................................................................................................................................................................................................................................................................................................................................................................................................................................................................................................................................................................................................................................................................................................................................................................................................................................................................................................................................................................................................................................................................................................................................................................................................................................................................................................................................................................................................................................................................................................................................................................................................................................................................................................................................................................................................................................................................................................................................................................................................................................................................................................................................................................................................................................................................................................................................................................................................................................................................................................................................................................................................................................................................................................................................................................................................................................................................................................................................................................................................................................................................................................................................................................................................................................................................................................................................................................................................................................................................................................................................................................................................................................................................................................................................................................................................................................................................................................................................................................................................................................................................................................................................................................................................................................................................................................................................................................................................................................................................................................................................................................................................................................................................................................................................................................................................................................................................................................................................................................................................................................................................................................................................................................................................................................................................................................................................................................................................................................................................................................................................................................................................................................................................................................................................................................................................................................................................................................................................................................................................................................................................................................................................................................................................................................................................................................................................................................................................................................................................................................................................................................................................................................................................................................................................................................................................................................................................................................................................................................................................................................................................................................................................................................................................................................................................................................................................................................................................................................................................................................................................................................................................................................................................................................................................................................................................................................................................................................................................................................................................................................................................................................................................................................................................................................................................................................................................................................................................................................................................................................................................................................................................................................................................................................................................................................................................................................................................................................................................................................................................................................................................................................................................................................................................................................................................................................................................................................................................................................................................................................................................................................................................................................................................................................................................................................................................................................................................................................................................................................................................................................................................................................................................................................................................................................................................................................................................................................................................................................................................................................................................................................................................................................................................................................................................................................................................................................................................................................................................................................................................................................................................................................................................................................................................................................................................................................................................................................................................................................................................................................................................................................................................................................................................................................................................................................................................................................................................................................................................................................................................................................................................................................................................................................................................................................................................................................................................................................................................................................................................................................................................................................................................................................................................................................................................................................................................................................................................................................................................................................................................................................................................................................................................................................................................................................................................................................................................................................................................................................................................................................................................................................................................................................................................................................................................................................................................................................................................................................................................................................................................................................................................................................................................................................................................................................................................................................................................................................................................................................................................................................................................................................................................................................................................................................................................................................................................................................................................................................................................................................................................................................................................................................................................................................................................................................................................................................................................................................................................................................................................................................................................................................................................................................................................................................................................................................................................................................................................................................................................................................................................................................................................................................................................................................................................................................................................................................................................................................................................................................................................................................................................................................................................................................................................................................................................................................................................................................................................................................................................................................................................................................................................................................................................................................................................................................................................................................................................................................................................................................................................................................................................................................................................................................................................................................................................................................................................................................................................................................................................................................................................................................................................................................................................................................................................................................................................................................................................................................................................................................................................................................................................................................................................................................................................................................................................................................................................................................................................................................................................................................................................................................................................................................................................................................................................................................................................................................................................................................................................................................................................................................................................................................................................................................................................................................................................................................................................................................................................................................................................................................................................................................................................................................................................................................................................................................................................................................................................................................................................................................................................................................................................................................................................................................................................................................................................................................................................................................................................................................................................................................................................................................................................................................................................................................................................................................................................................................................................................................................................................................................................................................................................................................................................................................................................................................................................................................................................................................................................................................................................................................................................................................................................................................................................................................................................................................................................................................................................................................................................................................................................................................................................................................................................................................................................................................................5 ms. Memory: 208896K Free: 111423K (53%)
7 ms. Memory: 208896K Free: 108993K (52%)
4 ms. Memory: 208896K Free: 108655K (52%)
2 ms. Memory: 208896K Free: 108655K (52%)
2 ms. Memory: 208896K Free: 108655K (52%)
/home/travis/build/icyphy/ptII/ptolemy/actor/lib/test/IIR.tcl
/home/travis/build/icyphy/ptII/ptolemy/actor/lib/test/Interpolator.tcl
3 ms. Memory: 208896K Free: 103795K (50%)
1 ms. Memory: 208896K Free: 103795K (50%)
2 ms. Memory: 208896K Free: 103795K (50%)
2 ms. Memory: 208896K Free: 101365K (49%)
3 ms. Memory: 208896K Free: 101365K (49%)
3 ms. Memory: 208896K Free: 101365K (49%)
3 ms. Memory: 208896K Free: 98935K (47%)
3 ms. Memory: 208896K Free: 98935K (47%)
7 ms. Memory: 208896K Free: 98935K (47%)
9 ms. Memory: 208896K Free: 96505K (46%)
/home/travis/build/icyphy/ptII/ptolemy/actor/lib/test/MathFunction.tcl
5 ms. Memory: 208896K Free: 94075K (45%)
2 ms. Memory: 208896K Free: 94075K (45%)
2 ms. Memory: 208896K Free: 91646K (44%)
2 ms. Memory: 208896K Free: 91646K (44%)
3 ms. Memory: 208896K Free: 89216K (43%)
6 ms. Memory: 208896K Free: 89216K (43%)
/home/travis/build/icyphy/ptII/ptolemy/actor/lib/test/Maximum.tcl
17 ms. Memory: 208896K Free: 86786K (42%)
3 ms. Memory: 208896K Free: 86786K (42%)
11 ms. Memory: 208896K Free: 84356K (40%)
3 ms. Memory: 208896K Free: 84356K (40%)
/home/travis/build/icyphy/ptII/ptolemy/actor/lib/test/Minimum.tcl
10 ms. Memory: 208896K Free: 81926K (39%)
3 ms. Memory: 208896K Free: 81926K (39%)
2 ms. Memory: 208896K Free: 81926K (39%)
2 ms. Memory: 208896K Free: 80883K (39%)
/home/travis/build/icyphy/ptII/ptolemy/actor/lib/test/MultiplyDivide.tcl
22 ms. Memory: 208896K Free: 200663K (96%)
3 ms. Memory: 208896K Free: 200663K (96%)
2 ms. Memory: 208896K Free: 198223K (95%)
3 ms. Memory: 208896K Free: 198223K (95%)
2 ms. Memory: 208896K Free: 198003K (95%)
/home/travis/build/icyphy/ptII/ptolemy/actor/lib/test/OrderedMerge.tcl
Connections changed on port: inputA
Connections changed on port: inputB
Connections changed on port: output
Connections changed on port: output
Connections changed on port: output
Connections changed on port: input
.top. Preinitializing ...
Invoking preinitialize():  .top.OrderedMerge
Called preinitialize()
Invoking preinitialize():  .top.Ramp
Called preinitialize()
Invoking preinitialize():  .top.Ramp2
Called preinitialize()
Invoking preinitialize():  .top.Test
Called preinitialize()
Connections changed on port: inputA
Connections changed on port: output
Connections changed on port: inputB
Connections changed on port: output
Connections changed on port: output
Connections changed on port: input
.top. Finished preinitialize().
Called initialize().
Invoking initialize():  .top.OrderedMerge
Initializing actor: .top.OrderedMerge
Adding a thread: .top.OrderedMerge
Invoking initialize():  .top.Ramp
Initializing actor: .top.Ramp
Adding a thread: .top.Ramp
Invoking initialize():  .top.Ramp2
Initializing actor: .top.Ramp2
Adding a thread: .top.Ramp2
Invoking initialize():  .top.Test
Initializing actor: .top.Test
Adding a thread: .top.Test
-- Starting thread.
-- Starting thread.
Called initialize()
Called initialize()
Called prefire()
Called fire()
Called fire().
Checking for deadlock:
There are 0 Blocked actors, 0 Stopped actors, and 4 active threads.
Waiting for actors to stop.
Called prefire()
Called fire()
-- Starting thread.
Called initialize()
Called postfire()
Called prefire()
Called fire()
Checking for deadlock:
There are 2 Blocked actors, 0 Stopped actors, and 4 active threads.
Waiting for actors to stop.
Called prefire()
Called fire()
-- Starting thread.
Called initialize()
Called postfire()
Called prefire()
Called fire()
Checking for deadlock:
There are 3 Blocked actors, 0 Stopped actors, and 4 active threads.
Waiting for actors to stop.
Called prefire()
Called fire()
Checking for deadlock:
There are 2 Blocked actors, 0 Stopped actors, and 4 active threads.
Waiting for actors to stop.
Read input token from inputA with value 0.0
Next port to read input from is inputB
Called postfire()
Called prefire()
Called fire()
Read input token from inputB with value 0.0
Sent output token with value 0.0
Next port to read input from is inputA
Called postfire()
Called prefire()
Called fire()
-- Read input: 0.0, which is expected to match: 0.0
Called prefire()
Called fire()
Checking for deadlock:
There are 2 Blocked actors, 0 Stopped actors, and 4 active threads.
Waiting for actors to stop.
Called postfire()
Called prefire()
Called fire()
Checking for deadlock:
There are 3 Blocked actors, 0 Stopped actors, and 4 active threads.
Waiting for actors to stop.
Read input token from inputA with value 1.0
Sent output token with value 0.0
Next port to read input from is inputB
Called postfire()
Called prefire()
Called fire()
Read input token from inputB with value 1.5
Checking for deadlock:
There are 1 Blocked actors, 0 Stopped actors, and 4 active threads.
Waiting for actors to stop.
Called postfire()
Called prefire()
Called fire()
Checking for deadlock:
There are 2 Blocked actors, 0 Stopped actors, and 4 active threads.
Waiting for actors to stop.
-- Read input: 0.0, which is expected to match: 0.0
Called prefire()
Called fire()
Called postfire()
Called prefire()
Called fire()
Called postfire()
Called prefire()
Called fire()
Checking for deadlock:
There are 3 Blocked actors, 0 Stopped actors, and 4 active threads.
Waiting for actors to stop.
-- Read input: 1.0, which is expected to match: 1.0
Called prefire()
Called fire()
Checking for deadlock:
There are 3 Blocked actors, 0 Stopped actors, and 4 active threads.
Waiting for actors to stop.
Sent output token with value 1.0
Next port to read input from is inputA
Called postfire()
Called prefire()
Called fire()
Checking for deadlock:
There are 2 Blocked actors, 0 Stopped actors, and 4 active threads.
Waiting for actors to stop.
Called postfire()
Called prefire()
Called fire()
Checking for deadlock:
There are 3 Blocked actors, 0 Stopped actors, and 4 active threads.
Waiting for actors to stop.
Read input token from inputA with value 2.0
Checking for deadlock:
There are 2 Blocked actors, 0 Stopped actors, and 4 active threads.
Waiting for actors to stop.
-- Read input: 1.5, which is expected to match: 1.5
Called prefire()
Called fire()
Checking for deadlock:
There are 3 Blocked actors, 0 Stopped actors, and 4 active threads.
Waiting for actors to stop.
Sent output token with value 1.5
Next port to read input from is inputB
Called postfire()
Called prefire()
Called fire()
Read input token from inputB with value 3.0
Sent output token with value 2.0
Next port to read input from is inputA
Called postfire()
Called prefire()
Called fire()
Read input token from inputA with value 3.0
Checking for deadlock:
There are 1 Blocked actors, 0 Stopped actors, and 4 active threads.
Waiting for actors to stop.
Called postfire()
Called prefire()
Called fire()
-- Read input: 2.0, which is expected to match: 2.0
Called prefire()
Called fire()
Checking for deadlock:
There are 2 Blocked actors, 0 Stopped actors, and 4 active threads.
Waiting for actors to stop.
Called postfire()
Called prefire()
Called fire()
Checking for deadlock:
There are 3 Blocked actors, 0 Stopped actors, and 4 active threads.
Waiting for actors to stop.
-- Read input: 3.0, which is expected to match: 3.0
Called prefire()
Called fire()
Checking for deadlock:
There are 3 Blocked actors, 0 Stopped actors, and 4 active threads.
Waiting for actors to stop.
Sent output token with value 3.0
Next port to read input from is inputB
Called postfire()
Called prefire()
Called fire()
Read input token from inputB with value 4.5
Sent output token with value 3.0
Next port to read input from is inputA
Called postfire()
Called prefire()
Called fire()
Read input token from inputA with value 4.0
Called postfire()
Called prefire()
Called fire()
Checking for deadlock:
There are 2 Blocked actors, 0 Stopped actors, and 4 active threads.
Waiting for actors to stop.
-- Read input: 3.0, which is expected to match: 3.0
Called prefire()
Called fire()
Called postfire()
Called prefire()
Called fire()
Checking for deadlock:
There are 3 Blocked actors, 0 Stopped actors, and 4 active threads.
Waiting for actors to stop.
Checking for deadlock:
There are 2 Blocked actors, 0 Stopped actors, and 4 active threads.
Waiting for actors to stop.
-- Read input: 4.0, which is expected to match: 4.0
Called prefire()
Called fire()
Past the end of training data. Read and discard all inputs.
Checking for deadlock:
There are 3 Blocked actors, 0 Stopped actors, and 4 active threads.
Waiting for actors to stop.
Sent output token with value 4.0
Next port to read input from is inputA
Called postfire()
Called prefire()
Called fire()
Read input token from inputA with value 5.0
Sent output token with value 4.5
Next port to read input from is inputB
Called postfire()
Called prefire()
Called fire()
Read input token from inputB with value 6.0
Called postfire()
Called prefire()
Called fire()
Checking for deadlock:
There are 2 Blocked actors, 0 Stopped actors, and 4 active threads.
Waiting for actors to stop.
Called prefire()
Called fire()
Past the end of training data. Read and discard all inputs.
Called postfire()
Called prefire()
Called fire()
Checking for deadlock:
There are 3 Blocked actors, 0 Stopped actors, and 4 active threads.
Waiting for actors to stop.
Checking for deadlock:
There are 2 Blocked actors, 0 Stopped actors, and 4 active threads.
Waiting for actors to stop.
Called prefire()
Called fire()
Past the end of training data. Read and discard all inputs.
Checking for deadlock:
There are 3 Blocked actors, 0 Stopped actors, and 4 active threads.
Waiting for actors to stop.
Sent output token with value 5.0
Next port to read input from is inputA
Called postfire()
Called prefire()
Called fire()
Read input token from inputA with value 6.0
Sent output token with value 6.0
Next port to read input from is inputB
Called postfire()
Called prefire()
Called fire()
Read input token from inputB with value 7.5
Called postfire()
Called prefire()
Called fire()
Checking for deadlock:
There are 1 Blocked actors, 0 Stopped actors, and 4 active threads.
Waiting for actors to stop.
Called prefire()
Called fire()
Past the end of training data. Read and discard all inputs.
Checking for deadlock:
There are 2 Blocked actors, 0 Stopped actors, and 4 active threads.
Waiting for actors to stop.
Called postfire()
Called prefire()
Called fire()
Checking for deadlock:
There are 3 Blocked actors, 0 Stopped actors, and 4 active threads.
Waiting for actors to stop.
Called prefire()
Called fire()
Past the end of training data. Read and discard all inputs.
Checking for deadlock:
There are 3 Blocked actors, 0 Stopped actors, and 4 active threads.
Waiting for actors to stop.
Sent output token with value 6.0
Next port to read input from is inputA
Called postfire()
Called prefire()
Called fire()
Read input token from inputA with value 7.0
Sent output token with value 7.0
Next port to read input from is inputA
Called postfire()
Called prefire()
Called fire()
Checking for deadlock:
There are 2 Blocked actors, 0 Stopped actors, and 4 active threads.
Waiting for actors to stop.
Called prefire()
Called fire()
Past the end of training data. Read and discard all inputs.
Checking for deadlock:
There are 3 Blocked actors, 0 Stopped actors, and 4 active threads.
Waiting for actors to stop.
Called postfire()
Called prefire()
Called fire()
Checking for deadlock:
There are 3 Blocked actors, 0 Stopped actors, and 4 active threads.
Waiting for actors to stop.
Checking for deadlock:
Read input token from inputA with value 8.0
There are 2 Blocked actors, 0 Stopped actors, and 4 active threads.
Waiting for actors to stop.
-- Thread wrapup() called.
Called wrapup()
Thread .top.Ramp is exiting.
-- Thread stopped.
Checking for deadlock:
There are 1 Blocked actors, 0 Stopped actors, and 3 active threads.
Waiting for actors to stop.
Called prefire()
Called fire()
Past the end of training data. Read and discard all inputs.
Checking for deadlock:
There are 2 Blocked actors, 0 Stopped actors, and 3 active threads.
Waiting for actors to stop.
Sent output token with value 7.5
Next port to read input from is inputB
Called postfire()
Called prefire()
Called fire()
Called postfire()
Called prefire()
Called fire()
Checking for deadlock:
There are 2 Blocked actors, 0 Stopped actors, and 3 active threads.
Waiting for actors to stop.
Read input token from inputB with value 9.0
Called prefire()
Called fire()
Past the end of training data. Read and discard all inputs.
Checking for deadlock:
There are 2 Blocked actors, 0 Stopped actors, and 3 active threads.
Waiting for actors to stop.
Sent output token with value 8.0
Next port to read input from is inputA
Called postfire()
Called prefire()
Called fire()
Read input token from inputA with value 9.0
Checking for deadlock:
There are 1 Blocked actors, 0 Stopped actors, and 3 active threads.
Waiting for actors to stop.
Called prefire()
Called fire()
Past the end of training data. Read and discard all inputs.
Checking for deadlock:
There are 2 Blocked actors, 0 Stopped actors, and 3 active threads.
Waiting for actors to stop.
Sent output token with value 9.0
Next port to read input from is inputB
Called postfire()
Called prefire()
Called fire()
Called postfire()
Called prefire()
Called fire()
Checking for deadlock:
There are 2 Blocked actors, 0 Stopped actors, and 3 active threads.
Waiting for actors to stop.
Read input token from inputB with value 10.5
Called prefire()
Called fire()
Past the end of training data. Read and discard all inputs.
Checking for deadlock:
There are 2 Blocked actors, 0 Stopped actors, and 3 active threads.
Waiting for actors to stop.
Sent output token with value 9.0
Next port to read input from is inputA
Called postfire()
Called prefire()
Called fire()
Checking for deadlock:
There are 3 Blocked actors, 0 Stopped actors, and 3 active threads.
Actors have stopped.
Checking for deadlock:
There are 3 Blocked actors, 0 Stopped actors, and 3 active threads.
Deadlock detected.
Resolving Deadlock
Checking for deadlock:
There are 3 Blocked actors, 0 Stopped actors, and 3 active threads.
Artificial Deadlock - increasing queue capacity.
increasing the capacity of receiver ptolemy.actor.TypedIOPort {.top.OrderedMerge.inputB} to 2
Director: Called postfire().
Called postfire().
_stopRequested = false
_stopFireRequested = false
Returning from postfire(): true
Called fire().
Checking for deadlock:
There are 2 Blocked actors, 0 Stopped actors, and 3 active threads.
Waiting for actors to stop.
-- Thread wrapup() called.
Called wrapup()
Thread .top.Ramp2 is exiting.
-- Thread stopped.
Checking for deadlock:
There are 2 Blocked actors, 0 Stopped actors, and 2 active threads.
Actors have stopped.
Checking for deadlock:
There are 2 Blocked actors, 0 Stopped actors, and 2 active threads.
Deadlock detected.
Resolving Deadlock
Checking for deadlock:
There are 2 Blocked actors, 0 Stopped actors, and 2 active threads.
Deadlock detected: no processes blocked on write, but some are blocked on read.
Called postfire().
_stopRequested = false
_stopFireRequested = false
Returning from postfire(): false
Finished deactivating branches.
Called wrapup().
-- Thread wrapup() called.
Called wrapup()
Thread .top.OrderedMerge is exiting.
-- Thread wrapup() called.
Called wrapup()
Thread .top.Test is exiting.
-- Thread stopped.
-- Blocked Receiver call threw TerminateProcessException.
28 ms. Memory: 208896K Free: 190648K (91%)
.top. Preinitializing ...
Invoking preinitialize():  .top.OrderedMerge
Called preinitialize()
Invoking preinitialize():  .top.Ramp
Called preinitialize()
Invoking preinitialize():  .top.Ramp2
Called preinitialize()
Invoking preinitialize():  .top.Test
Called preinitialize()
.top. Finished preinitialize().
Called initialize().
Invoking initialize():  .top.OrderedMerge
Initializing actor: .top.OrderedMerge
Adding a thread: .top.OrderedMerge
Invoking initialize():  .top.Ramp
Initializing actor: .top.Ramp
Adding a thread: .top.Ramp
Invoking initialize():  .top.Ramp2
Initializing actor: .top.Ramp2
Adding a thread: .top.Ramp2
Invoking initialize():  .top.Test
Initializing actor: .top.Test
Adding a thread: .top.Test
-- Thread stopped.
-- Blocked Receiver call threw TerminateProcessException.
-- Starting thread.
Called initialize()
Called prefire()
Called fire()
-- Starting thread.
Called initialize()
Called prefire()
Called fire()
Called postfire()
Called prefire()
Called fire()
-- Starting thread.
Called initialize()
Called prefire()
Called fire()
Called postfire()
Called prefire()
Called fire()
Called fire().
Checking for deadlock:
There are 3 Blocked actors, 0 Stopped actors, and 4 active threads.
Waiting for actors to stop.
-- Starting thread.
Called initialize()
Called prefire()
Called fire()
Checking for deadlock:
There are 2 Blocked actors, 0 Stopped actors, and 4 active threads.
Waiting for actors to stop.
Called postfire()
Called prefire()
Called fire()
Checking for deadlock:
There are 3 Blocked actors, 0 Stopped actors, and 4 active threads.
Waiting for actors to stop.
Read input token from inputA with value 0.0
Next port to read input from is inputB
Called postfire()
Called prefire()
Called fire()
Checking for deadlock:
There are 2 Blocked actors, 0 Stopped actors, and 4 active threads.
Waiting for actors to stop.
Called postfire()
Called prefire()
Called fire()
Checking for deadlock:
There are 3 Blocked actors, 0 Stopped actors, and 4 active threads.
Waiting for actors to stop.
Read input token from inputB with value 0.0
Checking for deadlock:
There are 2 Blocked actors, 0 Stopped actors, and 4 active threads.
Waiting for actors to stop.
-- Read input: 0.0, which is expected to match: 0.0
Called prefire()
Called fire()
Checking for deadlock:
There are 3 Blocked actors, 0 Stopped actors, and 4 active threads.
Waiting for actors to stop.
Sent output token with value 0.0
Next port to read input from is inputA
Called postfire()
Called prefire()
Called fire()
Checking for deadlock:
There are 2 Blocked actors, 0 Stopped actors, and 4 active threads.
Waiting for actors to stop.
Called postfire()
Called prefire()
Called fire()
Checking for deadlock:
There are 3 Blocked actors, 0 Stopped actors, and 4 active threads.
Waiting for actors to stop.
Read input token from inputA with value 1.0
Checking for deadlock:
There are 2 Blocked actors, 0 Stopped actors, and 4 active threads.
Waiting for actors to stop.
-- Read input: 0.0, which is expected to match: 0.0
Called prefire()
Called fire()
Checking for deadlock:
There are 3 Blocked actors, 0 Stopped actors, and 4 active threads.
Waiting for actors to stop.
Sent output token with value 0.0
Next port to read input from is inputB
Called postfire()
Called prefire()
Called fire()
Checking for deadlock:
There are 2 Blocked actors, 0 Stopped actors, and 4 active threads.
Waiting for actors to stop.
Called postfire()
Called prefire()
Called fire()
Checking for deadlock:
There are 3 Blocked actors, 0 Stopped actors, and 4 active threads.
Waiting for actors to stop.
Read input token from inputB with value 1.5
Checking for deadlock:
There are 2 Blocked actors, 0 Stopped actors, and 4 active threads.
Waiting for actors to stop.
-- Read input: 1.0, which is expected to match: 1.0
Called prefire()
Called fire()
Checking for deadlock:
There are 3 Blocked actors, 0 Stopped actors, and 4 active threads.
Waiting for actors to stop.
Sent output token with value 1.0
Next port to read input from is inputA
Called postfire()
Called prefire()
Called fire()
Checking for deadlock:
There are 2 Blocked actors, 0 Stopped actors, and 4 active threads.
Waiting for actors to stop.
Called postfire()
Called prefire()
Called fire()
Checking for deadlock:
There are 3 Blocked actors, 0 Stopped actors, and 4 active threads.
Waiting for actors to stop.
Read input token from inputA with value 2.0
Checking for deadlock:
There are 2 Blocked actors, 0 Stopped actors, and 4 active threads.
Waiting for actors to stop.
-- Read input: 1.5, which is expected to match: 1.5
Called prefire()
Called fire()
Checking for deadlock:
There are 3 Blocked actors, 0 Stopped actors, and 4 active threads.
Waiting for actors to stop.
Sent output token with value 1.5
Next port to read input from is inputB
Called postfire()
Called prefire()
Called fire()
Checking for deadlock:
There are 2 Blocked actors, 0 Stopped actors, and 4 active threads.
Waiting for actors to stop.
Called postfire()
Called prefire()
Called fire()
Checking for deadlock:
There are 3 Blocked actors, 0 Stopped actors, and 4 active threads.
Waiting for actors to stop.
Read input token from inputB with value 3.0
Checking for deadlock:
There are 2 Blocked actors, 0 Stopped actors, and 4 active threads.
Waiting for actors to stop.
-- Read input: 2.0, which is expected to match: 2.0
Called prefire()
Called fire()
Checking for deadlock:
There are 3 Blocked actors, 0 Stopped actors, and 4 active threads.
Waiting for actors to stop.
Sent output token with value 2.0
Next port to read input from is inputA
Called postfire()
Called prefire()
Called fire()
Read input token from inputA with value 3.0
Checking for deadlock:
There are 2 Blocked actors, 0 Stopped actors, and 4 active threads.
Waiting for actors to stop.
Sent output token with value 3.0
Next port to read input from is inputB
Called postfire()
-- Read input: 3.0, which is expected to match: 3.0
Called prefire()
Called fire()
Called prefire()
Called fire()
Checking for deadlock:
Read input token from inputB with value 4.5
There are 1 Blocked actors, 0 Stopped actors, and 4 active threads.
Waiting for actors to stop.
Called postfire()
Called prefire()
Called fire()
Sent output token with value 3.0
Called postfire()
Called prefire()
Called fire()
Next port to read input from is inputA
Called postfire()
Called prefire()
Called fire()
Checking for deadlock:
There are 2 Blocked actors, 0 Stopped actors, and 4 active threads.
Waiting for actors to stop.
-- Read input: 3.0, which is expected to match: 3.0
Called prefire()
Called fire()
Read input token from inputA with value 4.0
Checking for deadlock:
There are 2 Blocked actors, 0 Stopped actors, and 4 active threads.
Waiting for actors to stop.
Sent output token with value 4.0
Checking for deadlock:
There are 1 Blocked actors, 0 Stopped actors, and 4 active threads.
Waiting for actors to stop.
-- Read input: 4.0, which is expected to match: 4.0
Called prefire()
Called fire()
Next port to read input from is inputA
Past the end of training data. Read and discard all inputs.
Called postfire()
Called prefire()
Called fire()
Checking for deadlock:
There are 2 Blocked actors, 0 Stopped actors, and 4 active threads.
Waiting for actors to stop.
Called postfire()
Called prefire()
Called fire()
Checking for deadlock:
There are 3 Blocked actors, 0 Stopped actors, and 4 active threads.
Waiting for actors to stop.
Read input token from inputA with value 5.0
Checking for deadlock:
There are 2 Blocked actors, 0 Stopped actors, and 4 active threads.
Waiting for actors to stop.
Checking for deadlock:
There are 1 Blocked actors, 0 Stopped actors, and 4 active threads.
Sent output token with value 4.5
Waiting for actors to stop.
Called prefire()
Called fire()
Past the end of training data. Read and discard all inputs.
Next port to read input from is inputB
Called postfire()
Called prefire()
Called fire()
Called postfire()
Called prefire()
Called fire()
Checking for deadlock:
There are 2 Blocked actors, 0 Stopped actors, and 4 active threads.
Waiting for actors to stop.
Called postfire()
Called prefire()
Called fire()
Checking for deadlock:
Read input token from inputB with value 6.0
There are 3 Blocked actors, 0 Stopped actors, and 4 active threads.
Waiting for actors to stop.
Checking for deadlock:
Sent output token with value 5.0
There are 2 Blocked actors, 0 Stopped actors, and 4 active threads.
Waiting for actors to stop.
Called prefire()
Called fire()
Past the end of training data. Read and discard all inputs.
Next port to read input from is inputA
Checking for deadlock:
Called postfire()
There are 3 Blocked actors, 0 Stopped actors, and 4 active threads.
Called prefire()
Waiting for actors to stop.
Called fire()
Checking for deadlock:
There are 2 Blocked actors, 0 Stopped actors, and 4 active threads.
Waiting for actors to stop.
Read input token from inputA with value 6.0
Called postfire()
Called prefire()
Called fire()
Called prefire()
Called fire()
Past the end of training data. Read and discard all inputs.
Sent output token with value 6.0
Checking for deadlock:
There are 2 Blocked actors, 0 Stopped actors, and 4 active threads.
Waiting for actors to stop.
Next port to read input from is inputB
Called postfire()
Checking for deadlock:
Called prefire()
Called fire()
There are 3 Blocked actors, 0 Stopped actors, and 4 active threads.
Waiting for actors to stop.
Called postfire()
Checking for deadlock:
Called prefire()
Called fire()
There are 2 Blocked actors, 0 Stopped actors, and 4 active threads.
Waiting for actors to stop.
Checking for deadlock:
There are 3 Blocked actors, 0 Stopped actors, and 4 active threads.
Read input token from inputB with value 7.5
Waiting for actors to stop.
Called prefire()
Sent output token with value 6.0
Called fire()
Past the end of training data. Read and discard all inputs.
Next port to read input from is inputA
Called postfire()
Checking for deadlock:
There are 3 Blocked actors, 0 Stopped actors, and 4 active threads.
Waiting for actors to stop.
Called prefire()
Called fire()
Checking for deadlock:
There are 2 Blocked actors, 0 Stopped actors, and 4 active threads.
Waiting for actors to stop.
Read input token from inputA with value 7.0
Called postfire()
Called prefire()
Called prefire()
Called fire()
Past the end of training data. Read and discard all inputs.
Checking for deadlock:
There are 1 Blocked actors, 0 Stopped actors, and 4 active threads.
Waiting for actors to stop.
Sent output token with value 7.0
Checking for deadlock:
There are 2 Blocked actors, 0 Stopped actors, and 4 active threads.
Waiting for actors to stop.
Called fire()
Next port to read input from is inputA
Called postfire()
Checking for deadlock:
Called prefire()
Called fire()
There are 3 Blocked actors, 0 Stopped actors, and 4 active threads.
Waiting for actors to stop.
Checking for deadlock:
There are 2 Blocked actors, 0 Stopped actors, and 4 active threads.
Waiting for actors to stop.
Read input token from inputA with value 8.0
-- Thread wrapup() called.
Called wrapup()
Thread .top.Ramp is exiting.
-- Thread stopped.
Sent output token with value 7.5
Next port to read input from is inputB
Called postfire()
Called prefire()
Called fire()
Checking for deadlock:
There are 1 Blocked actors, 0 Stopped actors, and 3 active threads.
Waiting for actors to stop.
Called prefire()
Called fire()
Read input token from inputB with value 9.0
Past the end of training data. Read and discard all inputs.
Called postfire()
Sent output token with value 8.0
Called prefire()
Called fire()
Next port to read input from is inputA
Called postfire()
Called prefire()
Called fire()
Checking for deadlock:
There are 1 Blocked actors, 0 Stopped actors, and 3 active threads.
Waiting for actors to stop.
Read input token from inputA with value 9.0
Checking for deadlock:
Called prefire()
There are 1 Blocked actors, 0 Stopped actors, and 3 active threads.
Waiting for actors to stop.
Called fire()
Past the end of training data. Read and discard all inputs.
Checking for deadlock:
There are 1 Blocked actors, 0 Stopped actors, and 3 active threads.
Sent output token with value 9.0
Waiting for actors to stop.
Called prefire()
Next port to read input from is inputB
Called fire()
Past the end of training data. Read and discard all inputs.
Called postfire()
Checking for deadlock:
Called prefire()
Called fire()
There are 2 Blocked actors, 0 Stopped actors, and 3 active threads.
Waiting for actors to stop.
Called postfire()
Called prefire()
Read input token from inputB with value 10.5
Called fire()
Sent output token with value 9.0
Next port to read input from is inputA
Called postfire()
Called prefire()
Called fire()
Checking for deadlock:
There are 2 Blocked actors, 0 Stopped actors, and 3 active threads.
Waiting for actors to stop.
Called prefire()
Called fire()
Past the end of training data. Read and discard all inputs.
Checking for deadlock:
There are 3 Blocked actors, 0 Stopped actors, and 3 active threads.
Actors have stopped.
Checking for deadlock:
There are 3 Blocked actors, 0 Stopped actors, and 3 active threads.
Deadlock detected.
Resolving Deadlock
Checking for deadlock:
There are 3 Blocked actors, 0 Stopped actors, and 3 active threads.
Artificial Deadlock - increasing queue capacity.
increasing the capacity of receiver ptolemy.actor.TypedIOPort {.top.OrderedMerge.inputB} to 2
Director: Called postfire().
Called postfire().
_stopRequested = false
_stopFireRequested = false
Returning from postfire(): true
Called fire().
Checking for deadlock:
There are 2 Blocked actors, 0 Stopped actors, and 3 active threads.
Waiting for actors to stop.
-- Thread wrapup() called.
Called wrapup()
Thread .top.Ramp2 is exiting.
-- Thread stopped.
Checking for deadlock:
There are 2 Blocked actors, 0 Stopped actors, and 2 active threads.
Actors have stopped.
Checking for deadlock:
There are 2 Blocked actors, 0 Stopped actors, and 2 active threads.
Deadlock detected.
Resolving Deadlock
Checking for deadlock:
There are 2 Blocked actors, 0 Stopped actors, and 2 active threads.
Deadlock detected: no processes blocked on write, but some are blocked on read.
Called postfire().
_stopRequested = false
_stopFireRequested = false
Returning from postfire(): false
Finished deactivating branches.
Called wrapup().
-- Thread wrapup() called.
Called wrapup()
-- Thread wrapup() called.
Called wrapup()
Thread .top.OrderedMerge is exiting.
-- Thread stopped.
-- Blocked Receiver call threw TerminateProcessException.
Thread .top.Test is exiting.
-- Thread stopped.
-- Blocked Receiver call threw TerminateProcessException.
41 ms. Memory: 208896K Free: 185733K (89%)
/home/travis/build/icyphy/ptII/ptolemy/actor/lib/test/Publisher.tcl
8 ms. Memory: 208896K Free: 178382K (85%)
4 ms. Memory: 208896K Free: 173503K (83%)
2 ms. Memory: 208896K Free: 168624K (81%)
3 ms. Memory: 208896K Free: 168624K (81%)
3 ms. Memory: 208896K Free: 166184K (80%)
4 ms. Memory: 208896K Free: 166184K (80%)
3 ms. Memory: 208896K Free: 166184K (80%)
3 ms. Memory: 208896K Free: 163744K (78%)
2 ms. Memory: 208896K Free: 156425K (75%)
8 ms. Memory: 208896K Free: 151546K (73%)
2 ms. Memory: 208896K Free: 151546K (73%)
1 ms. Memory: 208896K Free: 149106K (71%)
15 ms. Memory: 208896K Free: 139348K (67%)
6 ms. Memory: 208896K Free: 129589K (62%)
8 ms. Memory: 208896K Free: 117391K (56%)
/home/travis/build/icyphy/ptII/ptolemy/actor/lib/test/Pulse.tcl
7 ms. Memory: 331776K Free: 319201K (96%)
7 ms. Memory: 331776K Free: 319201K (96%)
1 ms. Memory: 331776K Free: 319201K (96%)
2 ms. Memory: 331776K Free: 314421K (95%)
1 ms. Memory: 331776K Free: 314421K (95%)
2 ms. Memory: 331776K Free: 314421K (95%)
5 ms. Memory: 331776K Free: 314421K (95%)
2 ms. Memory: 331776K Free: 314421K (95%)
1 ms. Memory: 331776K Free: 314421K (95%)
/home/travis/build/icyphy/ptII/ptolemy/actor/lib/test/Ramp.tcl
7 ms. Memory: 331776K Free: 309624K (93%)
2 ms. Memory: 331776K Free: 309624K (93%)
8 ms. Memory: 331776K Free: 309624K (93%)
2 ms. Memory: 331776K Free: 309624K (93%)
3 ms. Memory: 331776K Free: 309624K (93%)
4 ms. Memory: 331776K Free: 304844K (92%)
10 ms. Memory: 331776K Free: 304844K (92%)
5 actors
6000 microseconds per iteration to create
13 ms. Memory: 331776K Free: 304844K (92%)
10 ms. Memory: 331776K Free: 304844K (92%)
2 ms. Memory: 331776K Free: 300047K (90%)
2 ms. Memory: 331776K Free: 300047K (90%)
50 actors
49000 microseconds per iteration to create
29 ms. Memory: 331776K Free: 285674K (86%)
5 ms. Memory: 331776K Free: 285674K (86%)
5 ms. Memory: 331776K Free: 285674K (86%)
4 ms. Memory: 331776K Free: 280893K (85%)
500 actors
1517000 microseconds per iteration to create
258 ms. Memory: 331776K Free: 113359K (34%)
41 ms. Memory: 331776K Free: 108579K (33%)
36 ms. Memory: 331776K Free: 99001K (30%)
38 ms. Memory: 331776K Free: 94221K (28%)
/home/travis/build/icyphy/ptII/ptolemy/actor/lib/test/RampContinuous.tcl
10 ms. Memory: 331776K Free: 94221K (28%)
/home/travis/build/icyphy/ptII/ptolemy/actor/lib/test/RecordAssembler.tcl
5 ms. Memory: 331776K Free: 94221K (28%)
6 ms. Memory: 331776K Free: 89440K (27%)
/home/travis/build/icyphy/ptII/ptolemy/actor/lib/test/RecordDisassembler.tcl
5 ms. Memory: 331776K Free: 89440K (27%)
5 ms. Memory: 331776K Free: 89440K (27%)
6 ms. Memory: 331776K Free: 89440K (27%)
/home/travis/build/icyphy/ptII/ptolemy/actor/lib/test/Scale.tcl
3 ms. Memory: 331776K Free: 84644K (26%)
1 ms. Memory: 331776K Free: 84644K (26%)
1 ms. Memory: 331776K Free: 84644K (26%)
7 ms. Memory: 331776K Free: 84644K (26%)
3 ms. Memory: 331776K Free: 84644K (26%)
/home/travis/build/icyphy/ptII/ptolemy/actor/lib/test/SequentialClock.tcl
preinitializing
resolving types
initializing
executing number 1
wrapping up
idle
5 ms. Memory: 331776K Free: 79863K (24%)
Completed execution with 5 iterations
preinitializing
resolving types
initializing
executing number 1
wrapping up
idle
3 ms. Memory: 331776K Free: 79863K (24%)
Completed execution with 5 iterations
preinitializing
resolving types
initializing
executing number 1
wrapping up
idle
4 ms. Memory: 331776K Free: 79863K (24%)
Completed execution with 5 iterations
/home/travis/build/icyphy/ptII/ptolemy/actor/lib/test/SetVariable.tcl
5 ms. Memory: 331776K Free: 79863K (24%)
/home/travis/build/icyphy/ptII/ptolemy/actor/lib/test/Sinewave.tcl
/home/travis/build/icyphy/ptII/ptolemy/actor/lib/test/SubscriptionAggregator.tcl
4 ms. Memory: 332288K Free: 304996K (92%)
2 ms. Memory: 332288K Free: 304996K (92%)
0 ms. Memory: 332288K Free: 304996K (92%)
1 ms. Memory: 332288K Free: 304996K (92%)
1 ms. Memory: 332288K Free: 300175K (90%)
8 ms. Memory: 332288K Free: 295354K (89%)
...............................................................823 ms. Memory: 477184K Free: 157176K (33%)
/home/travis/build/icyphy/ptII/ptolemy/actor/lib/test/Test.tcl
 The next command will produce a warning about training mode,
   which may be ignored.
4 ms. Memory: 477184K Free: 157176K (33%)
2 ms. Memory: 477184K Free: 157176K (33%)
1 ms. Memory: 477184K Free: 157176K (33%)
1 ms. Memory: 477184K Free: 157176K (33%)
2 ms. Memory: 477184K Free: 149512K (31%)
3 ms. Memory: 477184K Free: 149512K (31%)
3 ms. Memory: 477184K Free: 149512K (31%)
 The next command will produce a warning about training mode,
   which may be ignored.
4 ms. Memory: 477184K Free: 149512K (31%)
 The next command will produce a warning about training mode,
   which may be ignored.
3 ms. Memory: 477184K Free: 149512K (31%)
1 ms. Memory: 477184K Free: 149512K (31%)
1 ms. Memory: 477184K Free: 149512K (31%)
1 ms. Memory: 477184K Free: 141839K (30%)
2 ms. Memory: 477184K Free: 141839K (30%)
6 ms. Memory: 477184K Free: 141839K (30%)
/home/travis/build/icyphy/ptII/ptolemy/actor/lib/test/TestExceptionHandler.tcl
 The next command will produce a warning about training mode,
   which may be ignored.
2 ms. Memory: 477184K Free: 141839K (30%)
2 ms. Memory: 477184K Free: 141839K (30%)
1 ms. Memory: 477184K Free: 141839K (30%)
/home/travis/build/icyphy/ptII/ptolemy/actor/lib/test/UnionDisassembler.tcl
29 ms. Memory: 477184K Free: 126509K (27%)
/home/travis/build/icyphy/ptII/ptolemy/actor/lib/test/VariableClock.tcl
preinitializing
resolving types
initializing
executing number 1
wrapping up
idle
10 ms. Memory: 477184K Free: 126509K (27%)
Completed execution with 11 iterations
preinitializing
resolving types
initializing
executing number 1
wrapping up
idle
5 ms. Memory: 477184K Free: 126509K (27%)
Completed execution with 10 iterations
08/07/18 01:46:42
Failed: 0  Total Tests: 234  ((Passed: 234, Newly Passed: 0)  Known Failed: 0) /home/travis/build/icyphy/ptII/ptolemy/actor/lib/test
----------------- testing (KnownFailure) /home/travis/build/icyphy/ptII/ptolemy/actor/lib/test/auto/knownFailedTests/PublisherPortToplevelSubscriber.xml
1 ms. Memory: 477184K Free: 118726K (25%)
Known Failure: java.lang.reflect.InvocationTargetException
----------------- testing (KnownFailure) /home/travis/build/icyphy/ptII/ptolemy/actor/lib/test/auto/knownFailedTests/PublisherSubscriberPortToplevel.xml
0 ms. Memory: 477184K Free: 103161K (22%)
Known Failure: java.lang.reflect.InvocationTargetException
----------------- testing (KnownFailure) /home/travis/build/icyphy/ptII/ptolemy/actor/lib/test/auto/knownFailedTests/PublisherSubscriptionAggregatorPort.xml
2 ms. Memory: 477184K Free: 87596K (18%)
Known Failure: java.lang.reflect.InvocationTargetException
----------------- testing (KnownFailure) /home/travis/build/icyphy/ptII/ptolemy/actor/lib/test/auto/knownFailedTests/sizedarray3.xml
3 ms. Memory: 477184K Free: 72031K (15%)
Known Failure: java.lang.reflect.InvocationTargetException
No auto/linux-amd64/*.xml tests in /home/travis/build/icyphy/ptII/ptolemy/actor/lib/test
AutoTests.java: About to close Vertx.
AutoTests.java: Vertx closed.

===========================================================================================
----------------- testing Tue Aug 07 01:46:43 UTC 2018 /home/travis/build/icyphy/ptII/ptolemy/actor/lib/test/auto/AbsoluteValue.xml
----------------- Instantiating /home/travis/build/icyphy/ptII/ptolemy/actor/lib/test/auto/AbsoluteValue.xml
5 ms. Memory: 480768K Free: 376639K (78%)
----------------- Invoking toplevel() on ptolemy.moml.MoMLSimpleApplication@52dda1ab
----------------- Done invoking toplevel() on ptolemy.moml.MoMLSimpleApplication@52dda1ab
reloadAllAccessors: .AbsoluteValue

===========================================================================================
----------------- testing Tue Aug 07 01:46:43 UTC 2018 /home/travis/build/icyphy/ptII/ptolemy/actor/lib/test/auto/AbsoluteValue2.xml
----------------- Instantiating /home/travis/build/icyphy/ptII/ptolemy/actor/lib/test/auto/AbsoluteValue2.xml
4 ms. Memory: 480768K Free: 364949K (76%)
----------------- Invoking toplevel() on ptolemy.moml.MoMLSimpleApplication@317835b0
----------------- Done invoking toplevel() on ptolemy.moml.MoMLSimpleApplication@317835b0
reloadAllAccessors: .AbsoluteValue2

===========================================================================================
----------------- testing Tue Aug 07 01:46:43 UTC 2018 /home/travis/build/icyphy/ptII/ptolemy/actor/lib/test/auto/Accumulator.xml
----------------- Instantiating /home/travis/build/icyphy/ptII/ptolemy/actor/lib/test/auto/Accumulator.xml
7 ms. Memory: 480768K Free: 346030K (72%)
----------------- Invoking toplevel() on ptolemy.moml.MoMLSimpleApplication@59adbba8
----------------- Done invoking toplevel() on ptolemy.moml.MoMLSimpleApplication@59adbba8
reloadAllAccessors: .Accumulator

===========================================================================================
----------------- testing Tue Aug 07 01:46:43 UTC 2018 /home/travis/build/icyphy/ptII/ptolemy/actor/lib/test/auto/Accumulator2.xml
----------------- Instantiating /home/travis/build/icyphy/ptII/ptolemy/actor/lib/test/auto/Accumulator2.xml
4 ms. Memory: 480768K Free: 338247K (70%)
----------------- Invoking toplevel() on ptolemy.moml.MoMLSimpleApplication@2a391386
----------------- Done invoking toplevel() on ptolemy.moml.MoMLSimpleApplication@2a391386
reloadAllAccessors: .Accumulator2

===========================================================================================
----------------- testing Tue Aug 07 01:46:43 UTC 2018 /home/travis/build/icyphy/ptII/ptolemy/actor/lib/test/auto/Accumulator3.xml
----------------- Instantiating /home/travis/build/icyphy/ptII/ptolemy/actor/lib/test/auto/Accumulator3.xml
3 ms. Memory: 480768K Free: 330465K (69%)
----------------- Invoking toplevel() on ptolemy.moml.MoMLSimpleApplication@74e613b4
----------------- Done invoking toplevel() on ptolemy.moml.MoMLSimpleApplication@74e613b4
reloadAllAccessors: .Accumulator3

===========================================================================================
----------------- testing Tue Aug 07 01:46:43 UTC 2018 /home/travis/build/icyphy/ptII/ptolemy/actor/lib/test/auto/ArrayAppend.xml
----------------- Instantiating /home/travis/build/icyphy/ptII/ptolemy/actor/lib/test/auto/ArrayAppend.xml
4 ms. Memory: 480768K Free: 311538K (65%)
----------------- Invoking toplevel() on ptolemy.moml.MoMLSimpleApplication@7a766ad2
----------------- Done invoking toplevel() on ptolemy.moml.MoMLSimpleApplication@7a766ad2
reloadAllAccessors: .ArrayAppend

===========================================================================================
----------------- testing Tue Aug 07 01:46:43 UTC 2018 /home/travis/build/icyphy/ptII/ptolemy/actor/lib/test/auto/ArrayAppend2.xml
----------------- Instantiating /home/travis/build/icyphy/ptII/ptolemy/actor/lib/test/auto/ArrayAppend2.xml
305 ms. Memory: 480768K Free: 249279K (52%)
----------------- Invoking toplevel() on ptolemy.moml.MoMLSimpleApplication@e1bb60b
----------------- Done invoking toplevel() on ptolemy.moml.MoMLSimpleApplication@e1bb60b
reloadAllAccessors: .ArrayAppend2

===========================================================================================
----------------- testing Tue Aug 07 01:46:44 UTC 2018 /home/travis/build/icyphy/ptII/ptolemy/actor/lib/test/auto/ArrayAppend3.xml
----------------- Instantiating /home/travis/build/icyphy/ptII/ptolemy/actor/lib/test/auto/ArrayAppend3.xml
3 ms. Memory: 480768K Free: 241496K (50%)
----------------- Invoking toplevel() on ptolemy.moml.MoMLSimpleApplication@7e1ccd4c
----------------- Done invoking toplevel() on ptolemy.moml.MoMLSimpleApplication@7e1ccd4c
reloadAllAccessors: .ArrayAppend3

===========================================================================================
----------------- testing Tue Aug 07 01:46:44 UTC 2018 /home/travis/build/icyphy/ptII/ptolemy/actor/lib/test/auto/ArrayAppend4.xml
----------------- Instantiating /home/travis/build/icyphy/ptII/ptolemy/actor/lib/test/auto/ArrayAppend4.xml
2 ms. Memory: 480768K Free: 226477K (47%)
----------------- Invoking toplevel() on ptolemy.moml.MoMLSimpleApplication@684635d6
----------------- Done invoking toplevel() on ptolemy.moml.MoMLSimpleApplication@684635d6
reloadAllAccessors: .ArrayAppend4

===========================================================================================
----------------- testing Tue Aug 07 01:46:44 UTC 2018 /home/travis/build/icyphy/ptII/ptolemy/actor/lib/test/auto/ArrayAppend5.xml
----------------- Instantiating /home/travis/build/icyphy/ptII/ptolemy/actor/lib/test/auto/ArrayAppend5.xml
2 ms. Memory: 480768K Free: 218694K (45%)
----------------- Invoking toplevel() on ptolemy.moml.MoMLSimpleApplication@59abf214
----------------- Done invoking toplevel() on ptolemy.moml.MoMLSimpleApplication@59abf214
reloadAllAccessors: .ArrayAppend5

===========================================================================================
----------------- testing Tue Aug 07 01:46:44 UTC 2018 /home/travis/build/icyphy/ptII/ptolemy/actor/lib/test/auto/ArrayAppend6.xml
----------------- Instantiating /home/travis/build/icyphy/ptII/ptolemy/actor/lib/test/auto/ArrayAppend6.xml
4 ms. Memory: 480768K Free: 210912K (44%)
----------------- Invoking toplevel() on ptolemy.moml.MoMLSimpleApplication@7d4cf168
----------------- Done invoking toplevel() on ptolemy.moml.MoMLSimpleApplication@7d4cf168
reloadAllAccessors: .ArrayAppend6

===========================================================================================
----------------- testing Tue Aug 07 01:46:44 UTC 2018 /home/travis/build/icyphy/ptII/ptolemy/actor/lib/test/auto/ArrayAppendPerformanceTest.xml
----------------- Instantiating /home/travis/build/icyphy/ptII/ptolemy/actor/lib/test/auto/ArrayAppendPerformanceTest.xml
18 ms. Memory: 480768K Free: 195323K (41%)
----------------- Invoking toplevel() on ptolemy.moml.MoMLSimpleApplication@7c41010
----------------- Done invoking toplevel() on ptolemy.moml.MoMLSimpleApplication@7c41010
reloadAllAccessors: .ArrayAppendPerformanceTest

===========================================================================================
----------------- testing Tue Aug 07 01:46:44 UTC 2018 /home/travis/build/icyphy/ptII/ptolemy/actor/lib/test/auto/ArrayAppendWithEmptyInput.xml
----------------- Instantiating /home/travis/build/icyphy/ptII/ptolemy/actor/lib/test/auto/ArrayAppendWithEmptyInput.xml
16 ms. Memory: 480768K Free: 176396K (37%)
----------------- Invoking toplevel() on ptolemy.moml.MoMLSimpleApplication@794b52ba
----------------- Done invoking toplevel() on ptolemy.moml.MoMLSimpleApplication@794b52ba
reloadAllAccessors: .ArrayAppendWithEmptyInput

===========================================================================================
----------------- testing Tue Aug 07 01:46:44 UTC 2018 /home/travis/build/icyphy/ptII/ptolemy/actor/lib/test/auto/ArrayAverage.xml
----------------- Instantiating /home/travis/build/icyphy/ptII/ptolemy/actor/lib/test/auto/ArrayAverage.xml
8 ms. Memory: 480768K Free: 164707K (34%)
----------------- Invoking toplevel() on ptolemy.moml.MoMLSimpleApplication@c89b534
----------------- Done invoking toplevel() on ptolemy.moml.MoMLSimpleApplication@c89b534
reloadAllAccessors: .ArrayAverage

===========================================================================================
----------------- testing Tue Aug 07 01:46:44 UTC 2018 /home/travis/build/icyphy/ptII/ptolemy/actor/lib/test/auto/ArrayContains.xml
----------------- Instantiating /home/travis/build/icyphy/ptII/ptolemy/actor/lib/test/auto/ArrayContains.xml
8 ms. Memory: 480768K Free: 156924K (33%)
----------------- Invoking toplevel() on ptolemy.moml.MoMLSimpleApplication@78d940ac
----------------- Done invoking toplevel() on ptolemy.moml.MoMLSimpleApplication@78d940ac
reloadAllAccessors: .ArrayContains

===========================================================================================
----------------- testing Tue Aug 07 01:46:44 UTC 2018 /home/travis/build/icyphy/ptII/ptolemy/actor/lib/test/auto/ArrayElement.xml
----------------- Instantiating /home/travis/build/icyphy/ptII/ptolemy/actor/lib/test/auto/ArrayElement.xml
6 ms. Memory: 480768K Free: 141905K (30%)
----------------- Invoking toplevel() on ptolemy.moml.MoMLSimpleApplication@2c26021a
----------------- Done invoking toplevel() on ptolemy.moml.MoMLSimpleApplication@2c26021a
reloadAllAccessors: .ArrayElement

===========================================================================================
----------------- testing Tue Aug 07 01:46:44 UTC 2018 /home/travis/build/icyphy/ptII/ptolemy/actor/lib/test/auto/ArrayElementAsMatrix.xml
----------------- Instantiating /home/travis/build/icyphy/ptII/ptolemy/actor/lib/test/auto/ArrayElementAsMatrix.xml
14 ms. Memory: 480768K Free: 130231K (27%)
----------------- Invoking toplevel() on ptolemy.moml.MoMLSimpleApplication@afa1aea
----------------- Done invoking toplevel() on ptolemy.moml.MoMLSimpleApplication@afa1aea
reloadAllAccessors: .ArrayElementAsMatrix

===========================================================================================
----------------- testing Tue Aug 07 01:46:44 UTC 2018 /home/travis/build/icyphy/ptII/ptolemy/actor/lib/test/auto/ArrayElementI.xml
----------------- Instantiating /home/travis/build/icyphy/ptII/ptolemy/actor/lib/test/auto/ArrayElementI.xml
3 ms. Memory: 480768K Free: 122448K (25%)
----------------- Invoking toplevel() on ptolemy.moml.MoMLSimpleApplication@c619fe4
----------------- Done invoking toplevel() on ptolemy.moml.MoMLSimpleApplication@c619fe4
reloadAllAccessors: .ArrayElementI

===========================================================================================
----------------- testing Tue Aug 07 01:46:44 UTC 2018 /home/travis/build/icyphy/ptII/ptolemy/actor/lib/test/auto/ArrayExtract.xml
----------------- Instantiating /home/travis/build/icyphy/ptII/ptolemy/actor/lib/test/auto/ArrayExtract.xml
7 ms. Memory: 480768K Free: 103522K (22%)
----------------- Invoking toplevel() on ptolemy.moml.MoMLSimpleApplication@7a04ccec
----------------- Done invoking toplevel() on ptolemy.moml.MoMLSimpleApplication@7a04ccec
reloadAllAccessors: .ArrayExtract

===========================================================================================
----------------- testing Tue Aug 07 01:46:44 UTC 2018 /home/travis/build/icyphy/ptII/ptolemy/actor/lib/test/auto/ArrayExtract2.xml
----------------- Instantiating /home/travis/build/icyphy/ptII/ptolemy/actor/lib/test/auto/ArrayExtract2.xml
2 ms. Memory: 480768K Free: 95739K (20%)
----------------- Invoking toplevel() on ptolemy.moml.MoMLSimpleApplication@6488de22
----------------- Done invoking toplevel() on ptolemy.moml.MoMLSimpleApplication@6488de22
reloadAllAccessors: .ArrayExtract2

===========================================================================================
----------------- testing Tue Aug 07 01:46:44 UTC 2018 /home/travis/build/icyphy/ptII/ptolemy/actor/lib/test/auto/ArrayLength.xml
----------------- Instantiating /home/travis/build/icyphy/ptII/ptolemy/actor/lib/test/auto/ArrayLength.xml
2 ms. Memory: 480768K Free: 87957K (18%)
----------------- Invoking toplevel() on ptolemy.moml.MoMLSimpleApplication@7746d93d
----------------- Done invoking toplevel() on ptolemy.moml.MoMLSimpleApplication@7746d93d
reloadAllAccessors: .ArrayLength

===========================================================================================
----------------- testing Tue Aug 07 01:46:44 UTC 2018 /home/travis/build/icyphy/ptII/ptolemy/actor/lib/test/auto/ArrayLevelCrossing.xml
----------------- Instantiating /home/travis/build/icyphy/ptII/ptolemy/actor/lib/test/auto/ArrayLevelCrossing.xml
3 ms. Memory: 480768K Free: 76267K (16%)
----------------- Invoking toplevel() on ptolemy.moml.MoMLSimpleApplication@452a0674
----------------- Done invoking toplevel() on ptolemy.moml.MoMLSimpleApplication@452a0674
reloadAllAccessors: .ArrayLevelCrossing

===========================================================================================
----------------- testing Tue Aug 07 01:46:44 UTC 2018 /home/travis/build/icyphy/ptII/ptolemy/actor/lib/test/auto/ArrayLevelCrossing2.xml
----------------- Instantiating /home/travis/build/icyphy/ptII/ptolemy/actor/lib/test/auto/ArrayLevelCrossing2.xml
3 ms. Memory: 480768K Free: 57348K (12%)
----------------- Invoking toplevel() on ptolemy.moml.MoMLSimpleApplication@59e5594a
----------------- Done invoking toplevel() on ptolemy.moml.MoMLSimpleApplication@59e5594a
reloadAllAccessors: .ArrayLevelCrossing2

===========================================================================================
----------------- testing Tue Aug 07 01:46:44 UTC 2018 /home/travis/build/icyphy/ptII/ptolemy/actor/lib/test/auto/ArrayPeakSearch.xml
----------------- Instantiating /home/travis/build/icyphy/ptII/ptolemy/actor/lib/test/auto/ArrayPeakSearch.xml
8 ms. Memory: 719872K Free: 661568K (92%)
----------------- Invoking toplevel() on ptolemy.moml.MoMLSimpleApplication@1288122c
----------------- Done invoking toplevel() on ptolemy.moml.MoMLSimpleApplication@1288122c
reloadAllAccessors: .ArrayPeakSearch

===========================================================================================
----------------- testing Tue Aug 07 01:46:44 UTC 2018 /home/travis/build/icyphy/ptII/ptolemy/actor/lib/test/auto/ArrayPeakSearch2.xml
----------------- Instantiating /home/travis/build/icyphy/ptII/ptolemy/actor/lib/test/auto/ArrayPeakSearch2.xml
7 ms. Memory: 719872K Free: 634377K (88%)
----------------- Invoking toplevel() on ptolemy.moml.MoMLSimpleApplication@5cc5198d
----------------- Done invoking toplevel() on ptolemy.moml.MoMLSimpleApplication@5cc5198d
reloadAllAccessors: .ArrayPeakSearch2

===========================================================================================
----------------- testing Tue Aug 07 01:46:44 UTC 2018 /home/travis/build/icyphy/ptII/ptolemy/actor/lib/test/auto/ArrayPeakSearch3.xml
----------------- Instantiating /home/travis/build/icyphy/ptII/ptolemy/actor/lib/test/auto/ArrayPeakSearch3.xml
9 ms. Memory: 719872K Free: 615692K (86%)
----------------- Invoking toplevel() on ptolemy.moml.MoMLSimpleApplication@1b7ffdbf
----------------- Done invoking toplevel() on ptolemy.moml.MoMLSimpleApplication@1b7ffdbf
reloadAllAccessors: .ArrayPeakSearch3

===========================================================================================
----------------- testing Tue Aug 07 01:46:45 UTC 2018 /home/travis/build/icyphy/ptII/ptolemy/actor/lib/test/auto/ArrayRemoveElement.xml
----------------- Instantiating /home/travis/build/icyphy/ptII/ptolemy/actor/lib/test/auto/ArrayRemoveElement.xml
3 ms. Memory: 719872K Free: 597014K (83%)
----------------- Invoking toplevel() on ptolemy.moml.MoMLSimpleApplication@2b51c91e
----------------- Done invoking toplevel() on ptolemy.moml.MoMLSimpleApplication@2b51c91e
reloadAllAccessors: .ArrayRemoveElement

===========================================================================================
----------------- testing Tue Aug 07 01:46:45 UTC 2018 /home/travis/build/icyphy/ptII/ptolemy/actor/lib/test/auto/ArraySort.xml
----------------- Instantiating /home/travis/build/icyphy/ptII/ptolemy/actor/lib/test/auto/ArraySort.xml
4 ms. Memory: 719872K Free: 569937K (79%)
----------------- Invoking toplevel() on ptolemy.moml.MoMLSimpleApplication@73e3e99d
----------------- Done invoking toplevel() on ptolemy.moml.MoMLSimpleApplication@73e3e99d
reloadAllAccessors: .ArraySort

===========================================================================================
----------------- testing Tue Aug 07 01:46:45 UTC 2018 /home/travis/build/icyphy/ptII/ptolemy/actor/lib/test/auto/ArraySum.xml
----------------- Instantiating /home/travis/build/icyphy/ptII/ptolemy/actor/lib/test/auto/ArraySum.xml
3 ms. Memory: 719872K Free: 557485K (77%)
----------------- Invoking toplevel() on ptolemy.moml.MoMLSimpleApplication@2aae4921
----------------- Done invoking toplevel() on ptolemy.moml.MoMLSimpleApplication@2aae4921
reloadAllAccessors: .ArraySum

===========================================================================================
----------------- testing Tue Aug 07 01:46:45 UTC 2018 /home/travis/build/icyphy/ptII/ptolemy/actor/lib/test/auto/ArrayToElements.xml
----------------- Instantiating /home/travis/build/icyphy/ptII/ptolemy/actor/lib/test/auto/ArrayToElements.xml
4 ms. Memory: 719872K Free: 545033K (76%)
----------------- Invoking toplevel() on ptolemy.moml.MoMLSimpleApplication@715001d
----------------- Done invoking toplevel() on ptolemy.moml.MoMLSimpleApplication@715001d
reloadAllAccessors: .ArrayToElements

===========================================================================================
----------------- testing Tue Aug 07 01:46:45 UTC 2018 /home/travis/build/icyphy/ptII/ptolemy/actor/lib/test/auto/ArrayToMatrix.xml
----------------- Instantiating /home/travis/build/icyphy/ptII/ptolemy/actor/lib/test/auto/ArrayToMatrix.xml
16 ms. Memory: 719872K Free: 520098K (72%)
----------------- Invoking toplevel() on ptolemy.moml.MoMLSimpleApplication@16b15a3e
----------------- Done invoking toplevel() on ptolemy.moml.MoMLSimpleApplication@16b15a3e
reloadAllAccessors: .ArrayToMatrix

===========================================================================================
----------------- testing Tue Aug 07 01:46:45 UTC 2018 /home/travis/build/icyphy/ptII/ptolemy/actor/lib/test/auto/ArrayUpdate1.xml
----------------- Instantiating /home/travis/build/icyphy/ptII/ptolemy/actor/lib/test/auto/ArrayUpdate1.xml
1 ms. Memory: 719872K Free: 499262K (69%)
----------------- Invoking toplevel() on ptolemy.moml.MoMLSimpleApplication@5d24e31
----------------- Done invoking toplevel() on ptolemy.moml.MoMLSimpleApplication@5d24e31
reloadAllAccessors: .ArrayUpdate1

===========================================================================================
----------------- testing Tue Aug 07 01:46:45 UTC 2018 /home/travis/build/icyphy/ptII/ptolemy/actor/lib/test/auto/ArrayUpdate2.xml
----------------- Instantiating /home/travis/build/icyphy/ptII/ptolemy/actor/lib/test/auto/ArrayUpdate2.xml
3 ms. Memory: 719872K Free: 486811K (68%)
----------------- Invoking toplevel() on ptolemy.moml.MoMLSimpleApplication@70c59e88
----------------- Done invoking toplevel() on ptolemy.moml.MoMLSimpleApplication@70c59e88
reloadAllAccessors: .ArrayUpdate2

===========================================================================================
----------------- testing Tue Aug 07 01:46:45 UTC 2018 /home/travis/build/icyphy/ptII/ptolemy/actor/lib/test/auto/ArrayUpdate3.xml
----------------- Instantiating /home/travis/build/icyphy/ptII/ptolemy/actor/lib/test/auto/ArrayUpdate3.xml
2 ms. Memory: 719872K Free: 474359K (66%)
----------------- Invoking toplevel() on ptolemy.moml.MoMLSimpleApplication@50deae4e
----------------- Done invoking toplevel() on ptolemy.moml.MoMLSimpleApplication@50deae4e
reloadAllAccessors: .ArrayUpdate3

===========================================================================================
----------------- testing Tue Aug 07 01:46:45 UTC 2018 /home/travis/build/icyphy/ptII/ptolemy/actor/lib/test/auto/Assert1.xml
----------------- Instantiating /home/travis/build/icyphy/ptII/ptolemy/actor/lib/test/auto/Assert1.xml
2 ms. Memory: 719872K Free: 461907K (64%)
----------------- Invoking toplevel() on ptolemy.moml.MoMLSimpleApplication@14cae048
----------------- Done invoking toplevel() on ptolemy.moml.MoMLSimpleApplication@14cae048
reloadAllAccessors: .Assert1

===========================================================================================
----------------- testing Tue Aug 07 01:46:45 UTC 2018 /home/travis/build/icyphy/ptII/ptolemy/actor/lib/test/auto/Assert2.xml
----------------- Instantiating /home/travis/build/icyphy/ptII/ptolemy/actor/lib/test/auto/Assert2.xml
7 ms. Memory: 719872K Free: 441072K (61%)
----------------- Invoking toplevel() on ptolemy.moml.MoMLSimpleApplication@c9675c1
----------------- Done invoking toplevel() on ptolemy.moml.MoMLSimpleApplication@c9675c1
reloadAllAccessors: .Assert2

===========================================================================================
----------------- testing Tue Aug 07 01:46:45 UTC 2018 /home/travis/build/icyphy/ptII/ptolemy/actor/lib/test/auto/BooleanMultiplexor.xml
----------------- Instantiating /home/travis/build/icyphy/ptII/ptolemy/actor/lib/test/auto/BooleanMultiplexor.xml
2 ms. Memory: 719872K Free: 428620K (60%)
----------------- Invoking toplevel() on ptolemy.moml.MoMLSimpleApplication@51cf7d76
----------------- Done invoking toplevel() on ptolemy.moml.MoMLSimpleApplication@51cf7d76
reloadAllAccessors: .BooleanMultiplexor

===========================================================================================
----------------- testing Tue Aug 07 01:46:45 UTC 2018 /home/travis/build/icyphy/ptII/ptolemy/actor/lib/test/auto/BooleanMultiplexor2.xml
----------------- Instantiating /home/travis/build/icyphy/ptII/ptolemy/actor/lib/test/auto/BooleanMultiplexor2.xml
3 ms. Memory: 719872K Free: 416168K (58%)
----------------- Invoking toplevel() on ptolemy.moml.MoMLSimpleApplication@8422c13
----------------- Done invoking toplevel() on ptolemy.moml.MoMLSimpleApplication@8422c13
reloadAllAccessors: .BooleanMultiplexor2

===========================================================================================
----------------- testing Tue Aug 07 01:46:45 UTC 2018 /home/travis/build/icyphy/ptII/ptolemy/actor/lib/test/auto/BooleanMultiplexor3.xml
----------------- Instantiating /home/travis/build/icyphy/ptII/ptolemy/actor/lib/test/auto/BooleanMultiplexor3.xml
2 ms. Memory: 719872K Free: 403716K (56%)
----------------- Invoking toplevel() on ptolemy.moml.MoMLSimpleApplication@3597de66
----------------- Done invoking toplevel() on ptolemy.moml.MoMLSimpleApplication@3597de66
reloadAllAccessors: .BooleanMultiplexor3

===========================================================================================
----------------- testing Tue Aug 07 01:46:45 UTC 2018 /home/travis/build/icyphy/ptII/ptolemy/actor/lib/test/auto/BooleanSelect.xml
----------------- Instantiating /home/travis/build/icyphy/ptII/ptolemy/actor/lib/test/auto/BooleanSelect.xml
3 ms. Memory: 719872K Free: 382882K (53%)
----------------- Invoking toplevel() on ptolemy.moml.MoMLSimpleApplication@134ed0d9
----------------- Done invoking toplevel() on ptolemy.moml.MoMLSimpleApplication@134ed0d9
reloadAllAccessors: .BooleanSelect

===========================================================================================
----------------- testing Tue Aug 07 01:46:45 UTC 2018 /home/travis/build/icyphy/ptII/ptolemy/actor/lib/test/auto/BooleanSelect2.xml
----------------- Instantiating /home/travis/build/icyphy/ptII/ptolemy/actor/lib/test/auto/BooleanSelect2.xml
2 ms. Memory: 719872K Free: 370430K (51%)
----------------- Invoking toplevel() on ptolemy.moml.MoMLSimpleApplication@74d9a2b8
----------------- Done invoking toplevel() on ptolemy.moml.MoMLSimpleApplication@74d9a2b8
reloadAllAccessors: .BooleanSelect2

===========================================================================================
----------------- testing Tue Aug 07 01:46:45 UTC 2018 /home/travis/build/icyphy/ptII/ptolemy/actor/lib/test/auto/BooleanSwitch.xml
----------------- Instantiating /home/travis/build/icyphy/ptII/ptolemy/actor/lib/test/auto/BooleanSwitch.xml
2 ms. Memory: 719872K Free: 357978K (50%)
----------------- Invoking toplevel() on ptolemy.moml.MoMLSimpleApplication@68be6d8e
----------------- Done invoking toplevel() on ptolemy.moml.MoMLSimpleApplication@68be6d8e
reloadAllAccessors: .BooleanSwitch

===========================================================================================
----------------- testing Tue Aug 07 01:46:45 UTC 2018 /home/travis/build/icyphy/ptII/ptolemy/actor/lib/test/auto/BooleanSwitch2.xml
----------------- Instantiating /home/travis/build/icyphy/ptII/ptolemy/actor/lib/test/auto/BooleanSwitch2.xml
2 ms. Memory: 719872K Free: 337143K (47%)
----------------- Invoking toplevel() on ptolemy.moml.MoMLSimpleApplication@1987935f
----------------- Done invoking toplevel() on ptolemy.moml.MoMLSimpleApplication@1987935f
reloadAllAccessors: .BooleanSwitch2

===========================================================================================
----------------- testing Tue Aug 07 01:46:45 UTC 2018 /home/travis/build/icyphy/ptII/ptolemy/actor/lib/test/auto/BooleanSwitchCloningBugWithClassRelationGroup.xml
----------------- Instantiating /home/travis/build/icyphy/ptII/ptolemy/actor/lib/test/auto/BooleanSwitchCloningBugWithClassRelationGroup.xml
3 ms. Memory: 719872K Free: 324691K (45%)
----------------- Invoking toplevel() on ptolemy.moml.MoMLSimpleApplication@64d4d6e6
----------------- Done invoking toplevel() on ptolemy.moml.MoMLSimpleApplication@64d4d6e6
reloadAllAccessors: .BooleanSwitchCloningBugWithClassRelationGroup

===========================================================================================
----------------- testing Tue Aug 07 01:46:45 UTC 2018 /home/travis/build/icyphy/ptII/ptolemy/actor/lib/test/auto/BusActors.xml
----------------- Instantiating /home/travis/build/icyphy/ptII/ptolemy/actor/lib/test/auto/BusActors.xml
4 ms. Memory: 719872K Free: 305997K (43%)
----------------- Invoking toplevel() on ptolemy.moml.MoMLSimpleApplication@46377b3b
----------------- Done invoking toplevel() on ptolemy.moml.MoMLSimpleApplication@46377b3b
reloadAllAccessors: .BusActors

===========================================================================================
----------------- testing Tue Aug 07 01:46:45 UTC 2018 /home/travis/build/icyphy/ptII/ptolemy/actor/lib/test/auto/ClassWrapper.xml
----------------- Instantiating /home/travis/build/icyphy/ptII/ptolemy/actor/lib/test/auto/ClassWrapper.xml
2 ms. Memory: 719872K Free: 293546K (41%)
----------------- Invoking toplevel() on ptolemy.moml.MoMLSimpleApplication@542b1f7e
----------------- Done invoking toplevel() on ptolemy.moml.MoMLSimpleApplication@542b1f7e
reloadAllAccessors: .ClassWrapper

===========================================================================================
----------------- testing Tue Aug 07 01:46:45 UTC 2018 /home/travis/build/icyphy/ptII/ptolemy/actor/lib/test/auto/Clock.xml
----------------- Instantiating /home/travis/build/icyphy/ptII/ptolemy/actor/lib/test/auto/Clock.xml
4 ms. Memory: 719872K Free: 272711K (38%)
----------------- Invoking toplevel() on ptolemy.moml.MoMLSimpleApplication@4551b9bf
----------------- Done invoking toplevel() on ptolemy.moml.MoMLSimpleApplication@4551b9bf
reloadAllAccessors: .Clock

===========================================================================================
----------------- testing Tue Aug 07 01:46:45 UTC 2018 /home/travis/build/icyphy/ptII/ptolemy/actor/lib/test/auto/Clock10.xml
----------------- Instantiating /home/travis/build/icyphy/ptII/ptolemy/actor/lib/test/auto/Clock10.xml
5 ms. Memory: 719872K Free: 260259K (36%)
----------------- Invoking toplevel() on ptolemy.moml.MoMLSimpleApplication@12ea53fd
----------------- Done invoking toplevel() on ptolemy.moml.MoMLSimpleApplication@12ea53fd
reloadAllAccessors: .Clock10

===========================================================================================
----------------- testing Tue Aug 07 01:46:45 UTC 2018 /home/travis/build/icyphy/ptII/ptolemy/actor/lib/test/auto/Clock11.xml
----------------- Instantiating /home/travis/build/icyphy/ptII/ptolemy/actor/lib/test/auto/Clock11.xml
6 ms. Memory: 719872K Free: 247807K (34%)
----------------- Invoking toplevel() on ptolemy.moml.MoMLSimpleApplication@5ae69131
----------------- Done invoking toplevel() on ptolemy.moml.MoMLSimpleApplication@5ae69131
reloadAllAccessors: .Clock11

===========================================================================================
----------------- testing Tue Aug 07 01:46:45 UTC 2018 /home/travis/build/icyphy/ptII/ptolemy/actor/lib/test/auto/Clock12.xml
----------------- Instantiating /home/travis/build/icyphy/ptII/ptolemy/actor/lib/test/auto/Clock12.xml
5 ms. Memory: 719872K Free: 235355K (33%)
----------------- Invoking toplevel() on ptolemy.moml.MoMLSimpleApplication@51a653f6
----------------- Done invoking toplevel() on ptolemy.moml.MoMLSimpleApplication@51a653f6
reloadAllAccessors: .Clock12

===========================================================================================
----------------- testing Tue Aug 07 01:46:45 UTC 2018 /home/travis/build/icyphy/ptII/ptolemy/actor/lib/test/auto/Clock13.xml
----------------- Instantiating /home/travis/build/icyphy/ptII/ptolemy/actor/lib/test/auto/Clock13.xml
9 ms. Memory: 719872K Free: 214520K (30%)
----------------- Invoking toplevel() on ptolemy.moml.MoMLSimpleApplication@4d40fae3
----------------- Done invoking toplevel() on ptolemy.moml.MoMLSimpleApplication@4d40fae3
reloadAllAccessors: .Clock13

===========================================================================================
----------------- testing Tue Aug 07 01:46:45 UTC 2018 /home/travis/build/icyphy/ptII/ptolemy/actor/lib/test/auto/Clock14.xml
----------------- Instantiating /home/travis/build/icyphy/ptII/ptolemy/actor/lib/test/auto/Clock14.xml
9 ms. Memory: 719872K Free: 202068K (28%)
----------------- Invoking toplevel() on ptolemy.moml.MoMLSimpleApplication@5d84f52f
----------------- Done invoking toplevel() on ptolemy.moml.MoMLSimpleApplication@5d84f52f
reloadAllAccessors: .Clock14

===========================================================================================
----------------- testing Tue Aug 07 01:46:45 UTC 2018 /home/travis/build/icyphy/ptII/ptolemy/actor/lib/test/auto/Clock15.xml
----------------- Instantiating /home/travis/build/icyphy/ptII/ptolemy/actor/lib/test/auto/Clock15.xml
7 ms. Memory: 719872K Free: 189617K (26%)
----------------- Invoking toplevel() on ptolemy.moml.MoMLSimpleApplication@3c2005c4
----------------- Done invoking toplevel() on ptolemy.moml.MoMLSimpleApplication@3c2005c4
reloadAllAccessors: .Clock15

===========================================================================================
----------------- testing Tue Aug 07 01:46:45 UTC 2018 /home/travis/build/icyphy/ptII/ptolemy/actor/lib/test/auto/Clock16.xml
----------------- Instantiating /home/travis/build/icyphy/ptII/ptolemy/actor/lib/test/auto/Clock16.xml
28 ms. Memory: 719872K Free: 170923K (24%)
----------------- Invoking toplevel() on ptolemy.moml.MoMLSimpleApplication@53f424a9
----------------- Done invoking toplevel() on ptolemy.moml.MoMLSimpleApplication@53f424a9
reloadAllAccessors: .Clock16

===========================================================================================
----------------- testing Tue Aug 07 01:46:45 UTC 2018 /home/travis/build/icyphy/ptII/ptolemy/actor/lib/test/auto/Clock17.xml
----------------- Instantiating /home/travis/build/icyphy/ptII/ptolemy/actor/lib/test/auto/Clock17.xml
26 ms. Memory: 719872K Free: 143846K (20%)
----------------- Invoking toplevel() on ptolemy.moml.MoMLSimpleApplication@346a26fc
----------------- Done invoking toplevel() on ptolemy.moml.MoMLSimpleApplication@346a26fc
reloadAllAccessors: .Clock17

===========================================================================================
----------------- testing Tue Aug 07 01:46:46 UTC 2018 /home/travis/build/icyphy/ptII/ptolemy/actor/lib/test/auto/Clock18.xml
----------------- Instantiating /home/travis/build/icyphy/ptII/ptolemy/actor/lib/test/auto/Clock18.xml
21 ms. Memory: 719872K Free: 125160K (17%)
----------------- Invoking toplevel() on ptolemy.moml.MoMLSimpleApplication@671c200d
----------------- Done invoking toplevel() on ptolemy.moml.MoMLSimpleApplication@671c200d
reloadAllAccessors: .Clock18

===========================================================================================
----------------- testing Tue Aug 07 01:46:46 UTC 2018 /home/travis/build/icyphy/ptII/ptolemy/actor/lib/test/auto/Clock19.xml
----------------- Instantiating /home/travis/build/icyphy/ptII/ptolemy/actor/lib/test/auto/Clock19.xml
16 ms. Memory: 719872K Free: 106482K (15%)
----------------- Invoking toplevel() on ptolemy.moml.MoMLSimpleApplication@2c6f5b56
----------------- Done invoking toplevel() on ptolemy.moml.MoMLSimpleApplication@2c6f5b56
reloadAllAccessors: .Clock19

===========================================================================================
----------------- testing Tue Aug 07 01:46:46 UTC 2018 /home/travis/build/icyphy/ptII/ptolemy/actor/lib/test/auto/Clock2.xml
----------------- Instantiating /home/travis/build/icyphy/ptII/ptolemy/actor/lib/test/auto/Clock2.xml
8 ms. Memory: 719872K Free: 85648K (12%)
----------------- Invoking toplevel() on ptolemy.moml.MoMLSimpleApplication@4c1e0484
----------------- Done invoking toplevel() on ptolemy.moml.MoMLSimpleApplication@4c1e0484
reloadAllAccessors: .Clock2

===========================================================================================
----------------- testing Tue Aug 07 01:46:46 UTC 2018 /home/travis/build/icyphy/ptII/ptolemy/actor/lib/test/auto/Clock20.xml
----------------- Instantiating /home/travis/build/icyphy/ptII/ptolemy/actor/lib/test/auto/Clock20.xml
13 ms. Memory: 719872K Free: 73196K (10%)
----------------- Invoking toplevel() on ptolemy.moml.MoMLSimpleApplication@458929e3
----------------- Done invoking toplevel() on ptolemy.moml.MoMLSimpleApplication@458929e3
reloadAllAccessors: .Clock20

===========================================================================================
----------------- testing Tue Aug 07 01:46:46 UTC 2018 /home/travis/build/icyphy/ptII/ptolemy/actor/lib/test/auto/Clock21.xml
----------------- Instantiating /home/travis/build/icyphy/ptII/ptolemy/actor/lib/test/auto/Clock21.xml
8 ms. Memory: 719872K Free: 60744K (8%)
----------------- Invoking toplevel() on ptolemy.moml.MoMLSimpleApplication@2a9a97a9
----------------- Done invoking toplevel() on ptolemy.moml.MoMLSimpleApplication@2a9a97a9
reloadAllAccessors: .Clock21

===========================================================================================
----------------- testing Tue Aug 07 01:46:46 UTC 2018 /home/travis/build/icyphy/ptII/ptolemy/actor/lib/test/auto/Clock22.xml
----------------- Instantiating /home/travis/build/icyphy/ptII/ptolemy/actor/lib/test/auto/Clock22.xml
7 ms. Memory: 719872K Free: 674436K (94%)
----------------- Invoking toplevel() on ptolemy.moml.MoMLSimpleApplication@3486d82e
----------------- Done invoking toplevel() on ptolemy.moml.MoMLSimpleApplication@3486d82e
reloadAllAccessors: .Clock22

===========================================================================================
----------------- testing Tue Aug 07 01:46:46 UTC 2018 /home/travis/build/icyphy/ptII/ptolemy/actor/lib/test/auto/Clock23.xml
----------------- Instantiating /home/travis/build/icyphy/ptII/ptolemy/actor/lib/test/auto/Clock23.xml
8 ms. Memory: 719872K Free: 660044K (92%)
----------------- Invoking toplevel() on ptolemy.moml.MoMLSimpleApplication@4cb0d18b
----------------- Done invoking toplevel() on ptolemy.moml.MoMLSimpleApplication@4cb0d18b
reloadAllAccessors: .Clock23

===========================================================================================
----------------- testing Tue Aug 07 01:46:46 UTC 2018 /home/travis/build/icyphy/ptII/ptolemy/actor/lib/test/auto/Clock24.xml
----------------- Instantiating /home/travis/build/icyphy/ptII/ptolemy/actor/lib/test/auto/Clock24.xml
6 ms. Memory: 719872K Free: 651743K (91%)
----------------- Invoking toplevel() on ptolemy.moml.MoMLSimpleApplication@58a7d70d
----------------- Done invoking toplevel() on ptolemy.moml.MoMLSimpleApplication@58a7d70d
reloadAllAccessors: .Clock24

===========================================================================================
----------------- testing Tue Aug 07 01:46:46 UTC 2018 /home/travis/build/icyphy/ptII/ptolemy/actor/lib/test/auto/Clock4.xml
----------------- Instantiating /home/travis/build/icyphy/ptII/ptolemy/actor/lib/test/auto/Clock4.xml
6 ms. Memory: 719872K Free: 637435K (89%)
----------------- Invoking toplevel() on ptolemy.moml.MoMLSimpleApplication@163f49e7
----------------- Done invoking toplevel() on ptolemy.moml.MoMLSimpleApplication@163f49e7
reloadAllAccessors: .Clock4

===========================================================================================
----------------- testing Tue Aug 07 01:46:46 UTC 2018 /home/travis/build/icyphy/ptII/ptolemy/actor/lib/test/auto/Clock5.xml
----------------- Instantiating /home/travis/build/icyphy/ptII/ptolemy/actor/lib/test/auto/Clock5.xml
2 ms. Memory: 719872K Free: 629134K (87%)
----------------- Invoking toplevel() on ptolemy.moml.MoMLSimpleApplication@51830532
----------------- Done invoking toplevel() on ptolemy.moml.MoMLSimpleApplication@51830532
reloadAllAccessors: .Clock5

===========================================================================================
----------------- testing Tue Aug 07 01:46:46 UTC 2018 /home/travis/build/icyphy/ptII/ptolemy/actor/lib/test/auto/Clock6.xml
----------------- Instantiating /home/travis/build/icyphy/ptII/ptolemy/actor/lib/test/auto/Clock6.xml
1 ms. Memory: 719872K Free: 620833K (86%)
----------------- Invoking toplevel() on ptolemy.moml.MoMLSimpleApplication@1785b0b
----------------- Done invoking toplevel() on ptolemy.moml.MoMLSimpleApplication@1785b0b
reloadAllAccessors: .Clock6

===========================================================================================
----------------- testing Tue Aug 07 01:46:46 UTC 2018 /home/travis/build/icyphy/ptII/ptolemy/actor/lib/test/auto/Clock7.xml
----------------- Instantiating /home/travis/build/icyphy/ptII/ptolemy/actor/lib/test/auto/Clock7.xml
2 ms. Memory: 719872K Free: 606525K (84%)
----------------- Invoking toplevel() on ptolemy.moml.MoMLSimpleApplication@7318b930
----------------- Done invoking toplevel() on ptolemy.moml.MoMLSimpleApplication@7318b930
reloadAllAccessors: .Clock7

===========================================================================================
----------------- testing Tue Aug 07 01:46:46 UTC 2018 /home/travis/build/icyphy/ptII/ptolemy/actor/lib/test/auto/Clock8.xml
----------------- Instantiating /home/travis/build/icyphy/ptII/ptolemy/actor/lib/test/auto/Clock8.xml
3 ms. Memory: 719872K Free: 598224K (83%)
----------------- Invoking toplevel() on ptolemy.moml.MoMLSimpleApplication@3c27c9e0
----------------- Done invoking toplevel() on ptolemy.moml.MoMLSimpleApplication@3c27c9e0
reloadAllAccessors: .Clock8

===========================================================================================
----------------- testing Tue Aug 07 01:46:46 UTC 2018 /home/travis/build/icyphy/ptII/ptolemy/actor/lib/test/auto/Clock9.xml
----------------- Instantiating /home/travis/build/icyphy/ptII/ptolemy/actor/lib/test/auto/Clock9.xml
6 ms. Memory: 719872K Free: 583916K (81%)
----------------- Invoking toplevel() on ptolemy.moml.MoMLSimpleApplication@5fa049fc
----------------- Done invoking toplevel() on ptolemy.moml.MoMLSimpleApplication@5fa049fc
reloadAllAccessors: .Clock9

===========================================================================================
----------------- testing Tue Aug 07 01:46:46 UTC 2018 /home/travis/build/icyphy/ptII/ptolemy/actor/lib/test/auto/CommDistDiscard.xml
----------------- Instantiating /home/travis/build/icyphy/ptII/ptolemy/actor/lib/test/auto/CommDistDiscard.xml
2 ms. Memory: 719872K Free: 575615K (80%)
----------------- Invoking toplevel() on ptolemy.moml.MoMLSimpleApplication@610206df
----------------- Done invoking toplevel() on ptolemy.moml.MoMLSimpleApplication@610206df
reloadAllAccessors: .CommDistDiscard

===========================================================================================
----------------- testing Tue Aug 07 01:46:46 UTC 2018 /home/travis/build/icyphy/ptII/ptolemy/actor/lib/test/auto/Commutator.xml
----------------- Instantiating /home/travis/build/icyphy/ptII/ptolemy/actor/lib/test/auto/Commutator.xml
4 ms. Memory: 719872K Free: 567314K (79%)
----------------- Invoking toplevel() on ptolemy.moml.MoMLSimpleApplication@1712310b
----------------- Done invoking toplevel() on ptolemy.moml.MoMLSimpleApplication@1712310b
reloadAllAccessors: .Commutator

===========================================================================================
----------------- testing Tue Aug 07 01:46:46 UTC 2018 /home/travis/build/icyphy/ptII/ptolemy/actor/lib/test/auto/Commutator2.xml
----------------- Instantiating /home/travis/build/icyphy/ptII/ptolemy/actor/lib/test/auto/Commutator2.xml
1 ms. Memory: 719872K Free: 553006K (77%)
----------------- Invoking toplevel() on ptolemy.moml.MoMLSimpleApplication@76860a78
----------------- Done invoking toplevel() on ptolemy.moml.MoMLSimpleApplication@76860a78
reloadAllAccessors: .Commutator2

===========================================================================================
----------------- testing Tue Aug 07 01:46:46 UTC 2018 /home/travis/build/icyphy/ptII/ptolemy/actor/lib/test/auto/Commutator3.xml
----------------- Instantiating /home/travis/build/icyphy/ptII/ptolemy/actor/lib/test/auto/Commutator3.xml
3 ms. Memory: 719872K Free: 544705K (76%)
----------------- Invoking toplevel() on ptolemy.moml.MoMLSimpleApplication@60531dec
----------------- Done invoking toplevel() on ptolemy.moml.MoMLSimpleApplication@60531dec
reloadAllAccessors: .Commutator3

===========================================================================================
----------------- testing Tue Aug 07 01:46:46 UTC 2018 /home/travis/build/icyphy/ptII/ptolemy/actor/lib/test/auto/Compare.xml
----------------- Instantiating /home/travis/build/icyphy/ptII/ptolemy/actor/lib/test/auto/Compare.xml
2 ms. Memory: 719872K Free: 532237K (74%)
----------------- Invoking toplevel() on ptolemy.moml.MoMLSimpleApplication@7f1e3323
----------------- Done invoking toplevel() on ptolemy.moml.MoMLSimpleApplication@7f1e3323
reloadAllAccessors: .Compare

===========================================================================================
----------------- testing Tue Aug 07 01:46:46 UTC 2018 /home/travis/build/icyphy/ptII/ptolemy/actor/lib/test/auto/CompareDE.xml
----------------- Instantiating /home/travis/build/icyphy/ptII/ptolemy/actor/lib/test/auto/CompareDE.xml
5 ms. Memory: 719872K Free: 513763K (71%)
----------------- Invoking toplevel() on ptolemy.moml.MoMLSimpleApplication@48827e80
----------------- Done invoking toplevel() on ptolemy.moml.MoMLSimpleApplication@48827e80
reloadAllAccessors: .CompareDE

===========================================================================================
----------------- testing Tue Aug 07 01:46:46 UTC 2018 /home/travis/build/icyphy/ptII/ptolemy/actor/lib/test/auto/ComplexDivide.xml
----------------- Instantiating /home/travis/build/icyphy/ptII/ptolemy/actor/lib/test/auto/ComplexDivide.xml
1 ms. Memory: 719872K Free: 505461K (70%)
----------------- Invoking toplevel() on ptolemy.moml.MoMLSimpleApplication@7aacf380
----------------- Done invoking toplevel() on ptolemy.moml.MoMLSimpleApplication@7aacf380
reloadAllAccessors: .ComplexDivide

===========================================================================================
----------------- testing Tue Aug 07 01:46:46 UTC 2018 /home/travis/build/icyphy/ptII/ptolemy/actor/lib/test/auto/ComputeHistogram.xml
----------------- Instantiating /home/travis/build/icyphy/ptII/ptolemy/actor/lib/test/auto/ComputeHistogram.xml
37 ms. Memory: 719872K Free: 482820K (67%)
----------------- Invoking toplevel() on ptolemy.moml.MoMLSimpleApplication@c705fda
----------------- Done invoking toplevel() on ptolemy.moml.MoMLSimpleApplication@c705fda
reloadAllAccessors: .ComputeHistogram

===========================================================================================
----------------- testing Tue Aug 07 01:46:46 UTC 2018 /home/travis/build/icyphy/ptII/ptolemy/actor/lib/test/auto/ConfigurationSelect.xml
----------------- Instantiating /home/travis/build/icyphy/ptII/ptolemy/actor/lib/test/auto/ConfigurationSelect.xml
3 ms. Memory: 719872K Free: 474519K (66%)
----------------- Invoking toplevel() on ptolemy.moml.MoMLSimpleApplication@6467ddef
----------------- Done invoking toplevel() on ptolemy.moml.MoMLSimpleApplication@6467ddef
reloadAllAccessors: .ConfigurationSelect

===========================================================================================
----------------- testing Tue Aug 07 01:46:46 UTC 2018 /home/travis/build/icyphy/ptII/ptolemy/actor/lib/test/auto/ConfigurationSelect2.xml
----------------- Instantiating /home/travis/build/icyphy/ptII/ptolemy/actor/lib/test/auto/ConfigurationSelect2.xml
2 ms. Memory: 719872K Free: 466218K (65%)
----------------- Invoking toplevel() on ptolemy.moml.MoMLSimpleApplication@6be16ccd
----------------- Done invoking toplevel() on ptolemy.moml.MoMLSimpleApplication@6be16ccd
reloadAllAccessors: .ConfigurationSelect2

===========================================================================================
----------------- testing Tue Aug 07 01:46:46 UTC 2018 /home/travis/build/icyphy/ptII/ptolemy/actor/lib/test/auto/ConfigurationSwitch.xml
----------------- Instantiating /home/travis/build/icyphy/ptII/ptolemy/actor/lib/test/auto/ConfigurationSwitch.xml
8 ms. Memory: 719872K Free: 451910K (63%)
----------------- Invoking toplevel() on ptolemy.moml.MoMLSimpleApplication@55836429
----------------- Done invoking toplevel() on ptolemy.moml.MoMLSimpleApplication@55836429
reloadAllAccessors: .ConfigurationSwitch

===========================================================================================
----------------- testing Tue Aug 07 01:46:46 UTC 2018 /home/travis/build/icyphy/ptII/ptolemy/actor/lib/test/auto/ConfigurationSwitch2.xml
----------------- Instantiating /home/travis/build/icyphy/ptII/ptolemy/actor/lib/test/auto/ConfigurationSwitch2.xml
2 ms. Memory: 719872K Free: 443609K (62%)
----------------- Invoking toplevel() on ptolemy.moml.MoMLSimpleApplication@56112196
----------------- Done invoking toplevel() on ptolemy.moml.MoMLSimpleApplication@56112196
reloadAllAccessors: .ConfigurationSwitch2

===========================================================================================
----------------- testing Tue Aug 07 01:46:46 UTC 2018 /home/travis/build/icyphy/ptII/ptolemy/actor/lib/test/auto/ConfigurationSwitchCloningBugWithClassRelationGroup.xml
----------------- Instantiating /home/travis/build/icyphy/ptII/ptolemy/actor/lib/test/auto/ConfigurationSwitchCloningBugWithClassRelationGroup.xml
2 ms. Memory: 719872K Free: 431149K (60%)
----------------- Invoking toplevel() on ptolemy.moml.MoMLSimpleApplication@c5e42c5
----------------- Done invoking toplevel() on ptolemy.moml.MoMLSimpleApplication@c5e42c5
reloadAllAccessors: .ConfigurationSwitchCloningBugWithClassRelationGroup

===========================================================================================
----------------- testing Tue Aug 07 01:46:46 UTC 2018 /home/travis/build/icyphy/ptII/ptolemy/actor/lib/test/auto/ConfigurationSwitchSelectSDF.xml
----------------- Instantiating /home/travis/build/icyphy/ptII/ptolemy/actor/lib/test/auto/ConfigurationSwitchSelectSDF.xml
2 ms. Memory: 719872K Free: 416841K (58%)
----------------- Invoking toplevel() on ptolemy.moml.MoMLSimpleApplication@518258c
----------------- Done invoking toplevel() on ptolemy.moml.MoMLSimpleApplication@518258c
reloadAllAccessors: .ConfigurationSwitchSelectSDF

===========================================================================================
----------------- testing Tue Aug 07 01:46:46 UTC 2018 /home/travis/build/icyphy/ptII/ptolemy/actor/lib/test/auto/ConfigurationSwitchSelectSDF2.xml
----------------- Instantiating /home/travis/build/icyphy/ptII/ptolemy/actor/lib/test/auto/ConfigurationSwitchSelectSDF2.xml
2 ms. Memory: 719872K Free: 408540K (57%)
----------------- Invoking toplevel() on ptolemy.moml.MoMLSimpleApplication@19c3eaae
----------------- Done invoking toplevel() on ptolemy.moml.MoMLSimpleApplication@19c3eaae
reloadAllAccessors: .ConfigurationSwitchSelectSDF2

===========================================================================================
----------------- testing Tue Aug 07 01:46:46 UTC 2018 /home/travis/build/icyphy/ptII/ptolemy/actor/lib/test/auto/Const.xml
----------------- Instantiating /home/travis/build/icyphy/ptII/ptolemy/actor/lib/test/auto/Const.xml
1 ms. Memory: 719872K Free: 394232K (55%)
----------------- Invoking toplevel() on ptolemy.moml.MoMLSimpleApplication@4482858c
----------------- Done invoking toplevel() on ptolemy.moml.MoMLSimpleApplication@4482858c
reloadAllAccessors: .Const

===========================================================================================
----------------- testing Tue Aug 07 01:46:46 UTC 2018 /home/travis/build/icyphy/ptII/ptolemy/actor/lib/test/auto/Const2.xml
----------------- Instantiating /home/travis/build/icyphy/ptII/ptolemy/actor/lib/test/auto/Const2.xml
1 ms. Memory: 719872K Free: 385931K (54%)
----------------- Invoking toplevel() on ptolemy.moml.MoMLSimpleApplication@5a240ba
----------------- Done invoking toplevel() on ptolemy.moml.MoMLSimpleApplication@5a240ba
reloadAllAccessors: .Const2

===========================================================================================
----------------- testing Tue Aug 07 01:46:46 UTC 2018 /home/travis/build/icyphy/ptII/ptolemy/actor/lib/test/auto/Const3.xml
----------------- Instantiating /home/travis/build/icyphy/ptII/ptolemy/actor/lib/test/auto/Const3.xml
1 ms. Memory: 719872K Free: 377630K (52%)
----------------- Invoking toplevel() on ptolemy.moml.MoMLSimpleApplication@6112fbd
----------------- Done invoking toplevel() on ptolemy.moml.MoMLSimpleApplication@6112fbd
reloadAllAccessors: .Const3

===========================================================================================
----------------- testing Tue Aug 07 01:46:46 UTC 2018 /home/travis/build/icyphy/ptII/ptolemy/actor/lib/test/auto/ConstantPublisherPort1.xml
----------------- Instantiating /home/travis/build/icyphy/ptII/ptolemy/actor/lib/test/auto/ConstantPublisherPort1.xml
7 ms. Memory: 719872K Free: 359163K (50%)
----------------- Invoking toplevel() on ptolemy.moml.MoMLSimpleApplication@5c2827a1
----------------- Done invoking toplevel() on ptolemy.moml.MoMLSimpleApplication@5c2827a1
reloadAllAccessors: .ConstantPublisherPort1

===========================================================================================
----------------- testing Tue Aug 07 01:46:47 UTC 2018 /home/travis/build/icyphy/ptII/ptolemy/actor/lib/test/auto/ConstantPublisherPort2.xml
----------------- Instantiating /home/travis/build/icyphy/ptII/ptolemy/actor/lib/test/auto/ConstantPublisherPort2.xml
9 ms. Memory: 719872K Free: 346696K (48%)
----------------- Invoking toplevel() on ptolemy.moml.MoMLSimpleApplication@20c78aa8
----------------- Done invoking toplevel() on ptolemy.moml.MoMLSimpleApplication@20c78aa8
reloadAllAccessors: .ConstantPublisherPort2

===========================================================================================
----------------- testing Tue Aug 07 01:46:47 UTC 2018 /home/travis/build/icyphy/ptII/ptolemy/actor/lib/test/auto/ConstantPublisherPort3.xml
----------------- Instantiating /home/travis/build/icyphy/ptII/ptolemy/actor/lib/test/auto/ConstantPublisherPort3.xml
6 ms. Memory: 719872K Free: 334243K (46%)
----------------- Invoking toplevel() on ptolemy.moml.MoMLSimpleApplication@49665a98
----------------- Done invoking toplevel() on ptolemy.moml.MoMLSimpleApplication@49665a98
reloadAllAccessors: .ConstantPublisherPort3

===========================================================================================
----------------- testing Tue Aug 07 01:46:47 UTC 2018 /home/travis/build/icyphy/ptII/ptolemy/actor/lib/test/auto/ConstantPublisherPort4.xml
----------------- Instantiating /home/travis/build/icyphy/ptII/ptolemy/actor/lib/test/auto/ConstantPublisherPort4.xml
5 ms. Memory: 719872K Free: 315769K (44%)
----------------- Invoking toplevel() on ptolemy.moml.MoMLSimpleApplication@35d22975
----------------- Done invoking toplevel() on ptolemy.moml.MoMLSimpleApplication@35d22975
reloadAllAccessors: .ConstantPublisherPort4

===========================================================================================
----------------- testing Tue Aug 07 01:46:47 UTC 2018 /home/travis/build/icyphy/ptII/ptolemy/actor/lib/test/auto/ConstantPublisherPort5.xml
----------------- Instantiating /home/travis/build/icyphy/ptII/ptolemy/actor/lib/test/auto/ConstantPublisherPort5.xml
32 ms. Memory: 719872K Free: 295015K (41%)
----------------- Invoking toplevel() on ptolemy.moml.MoMLSimpleApplication@52a170d0
----------------- Done invoking toplevel() on ptolemy.moml.MoMLSimpleApplication@52a170d0
reloadAllAccessors: .ConstantPublisherPort5

===========================================================================================
----------------- testing Tue Aug 07 01:46:47 UTC 2018 /home/travis/build/icyphy/ptII/ptolemy/actor/lib/test/auto/ConstantPublisherPort6.xml
----------------- Instantiating /home/travis/build/icyphy/ptII/ptolemy/actor/lib/test/auto/ConstantPublisherPort6.xml
8 ms. Memory: 719872K Free: 264089K (37%)
----------------- Invoking toplevel() on ptolemy.moml.MoMLSimpleApplication@74569e92
----------------- Done invoking toplevel() on ptolemy.moml.MoMLSimpleApplication@74569e92
reloadAllAccessors: .ConstantPublisherPort6

===========================================================================================
----------------- testing Tue Aug 07 01:46:47 UTC 2018 /home/travis/build/icyphy/ptII/ptolemy/actor/lib/test/auto/ConstantPublisherPort7.xml
----------------- Instantiating /home/travis/build/icyphy/ptII/ptolemy/actor/lib/test/auto/ConstantPublisherPort7.xml
13 ms. Memory: 719872K Free: 239169K (33%)
----------------- Invoking toplevel() on ptolemy.moml.MoMLSimpleApplication@30c6101f
----------------- Done invoking toplevel() on ptolemy.moml.MoMLSimpleApplication@30c6101f
reloadAllAccessors: .ConstantPublisherPort7

===========================================================================================
----------------- testing Tue Aug 07 01:46:47 UTC 2018 /home/travis/build/icyphy/ptII/ptolemy/actor/lib/test/auto/ConstraintMonitor1.xml
----------------- Instantiating /home/travis/build/icyphy/ptII/ptolemy/actor/lib/test/auto/ConstraintMonitor1.xml
2 ms. Memory: 719872K Free: 230868K (32%)
----------------- Invoking toplevel() on ptolemy.moml.MoMLSimpleApplication@ea470d0
----------------- Done invoking toplevel() on ptolemy.moml.MoMLSimpleApplication@ea470d0
reloadAllAccessors: .ConstraintMonitor1

===========================================================================================
----------------- testing Tue Aug 07 01:46:47 UTC 2018 /home/travis/build/icyphy/ptII/ptolemy/actor/lib/test/auto/ConstraintMonitor2.xml
----------------- Instantiating /home/travis/build/icyphy/ptII/ptolemy/actor/lib/test/auto/ConstraintMonitor2.xml
6 ms. Memory: 719872K Free: 216560K (30%)
----------------- Invoking toplevel() on ptolemy.moml.MoMLSimpleApplication@5ed39a48
----------------- Done invoking toplevel() on ptolemy.moml.MoMLSimpleApplication@5ed39a48
reloadAllAccessors: .ConstraintMonitor2

===========================================================================================
----------------- testing Tue Aug 07 01:46:47 UTC 2018 /home/travis/build/icyphy/ptII/ptolemy/actor/lib/test/auto/ConstraintMonitor3.xml
----------------- Instantiating /home/travis/build/icyphy/ptII/ptolemy/actor/lib/test/auto/ConstraintMonitor3.xml
2 ms. Memory: 719872K Free: 208259K (29%)
----------------- Invoking toplevel() on ptolemy.moml.MoMLSimpleApplication@35b14a2c
----------------- Done invoking toplevel() on ptolemy.moml.MoMLSimpleApplication@35b14a2c
reloadAllAccessors: .ConstraintMonitor3

===========================================================================================
----------------- testing Tue Aug 07 01:46:47 UTC 2018 /home/travis/build/icyphy/ptII/ptolemy/actor/lib/test/auto/ConstraintMonitor4.xml
----------------- Instantiating /home/travis/build/icyphy/ptII/ptolemy/actor/lib/test/auto/ConstraintMonitor4.xml
4 ms. Memory: 719872K Free: 193951K (27%)
----------------- Invoking toplevel() on ptolemy.moml.MoMLSimpleApplication@39a05df5
----------------- Done invoking toplevel() on ptolemy.moml.MoMLSimpleApplication@39a05df5
reloadAllAccessors: .ConstraintMonitor4

===========================================================================================
----------------- testing Tue Aug 07 01:46:47 UTC 2018 /home/travis/build/icyphy/ptII/ptolemy/actor/lib/test/auto/ConstraintMonitor5.xml
----------------- Instantiating /home/travis/build/icyphy/ptII/ptolemy/actor/lib/test/auto/ConstraintMonitor5.xml
7 ms. Memory: 719872K Free: 185650K (26%)
----------------- Invoking toplevel() on ptolemy.moml.MoMLSimpleApplication@5dd00f0b
----------------- Done invoking toplevel() on ptolemy.moml.MoMLSimpleApplication@5dd00f0b
reloadAllAccessors: .ConstraintMonitor5

===========================================================================================
----------------- testing Tue Aug 07 01:46:47 UTC 2018 /home/travis/build/icyphy/ptII/ptolemy/actor/lib/test/auto/ConstraintMonitor6.xml
----------------- Instantiating /home/travis/build/icyphy/ptII/ptolemy/actor/lib/test/auto/ConstraintMonitor6.xml
7 ms. Memory: 719872K Free: 177348K (25%)
----------------- Invoking toplevel() on ptolemy.moml.MoMLSimpleApplication@62f9433a
----------------- Done invoking toplevel() on ptolemy.moml.MoMLSimpleApplication@62f9433a
reloadAllAccessors: .ConstraintMonitor6

===========================================================================================
----------------- testing Tue Aug 07 01:46:47 UTC 2018 /home/travis/build/icyphy/ptII/ptolemy/actor/lib/test/auto/ConstraintMonitor7.xml
----------------- Instantiating /home/travis/build/icyphy/ptII/ptolemy/actor/lib/test/auto/ConstraintMonitor7.xml
2 ms. Memory: 719872K Free: 158874K (22%)
----------------- Invoking toplevel() on ptolemy.moml.MoMLSimpleApplication@15f5aa53
----------------- Done invoking toplevel() on ptolemy.moml.MoMLSimpleApplication@15f5aa53
reloadAllAccessors: .ConstraintMonitor7

===========================================================================================
----------------- testing Tue Aug 07 01:46:47 UTC 2018 /home/travis/build/icyphy/ptII/ptolemy/actor/lib/test/auto/ConstraintMonitor8.xml
----------------- Instantiating /home/travis/build/icyphy/ptII/ptolemy/actor/lib/test/auto/ConstraintMonitor8.xml
8 ms. Memory: 719872K Free: 146406K (20%)
----------------- Invoking toplevel() on ptolemy.moml.MoMLSimpleApplication@18ef4290
----------------- Done invoking toplevel() on ptolemy.moml.MoMLSimpleApplication@18ef4290
reloadAllAccessors: .ConstraintMonitor8

===========================================================================================
----------------- testing Tue Aug 07 01:46:47 UTC 2018 /home/travis/build/icyphy/ptII/ptolemy/actor/lib/test/auto/Counter.xml
----------------- Instantiating /home/travis/build/icyphy/ptII/ptolemy/actor/lib/test/auto/Counter.xml
3 ms. Memory: 719872K Free: 138105K (19%)
----------------- Invoking toplevel() on ptolemy.moml.MoMLSimpleApplication@4144bb34
----------------- Done invoking toplevel() on ptolemy.moml.MoMLSimpleApplication@4144bb34
reloadAllAccessors: .Counter

===========================================================================================
----------------- testing Tue Aug 07 01:46:47 UTC 2018 /home/travis/build/icyphy/ptII/ptolemy/actor/lib/test/auto/CurrentTimeSDF.xml
----------------- Instantiating /home/travis/build/icyphy/ptII/ptolemy/actor/lib/test/auto/CurrentTimeSDF.xml
2 ms. Memory: 719872K Free: 123797K (17%)
----------------- Invoking toplevel() on ptolemy.moml.MoMLSimpleApplication@43d974be
----------------- Done invoking toplevel() on ptolemy.moml.MoMLSimpleApplication@43d974be
reloadAllAccessors: .CurrentTimeSDF

===========================================================================================
----------------- testing Tue Aug 07 01:46:47 UTC 2018 /home/travis/build/icyphy/ptII/ptolemy/actor/lib/test/auto/DB.xml
----------------- Instantiating /home/travis/build/icyphy/ptII/ptolemy/actor/lib/test/auto/DB.xml
1 ms. Memory: 719872K Free: 115496K (16%)
----------------- Invoking toplevel() on ptolemy.moml.MoMLSimpleApplication@c08976a
----------------- Done invoking toplevel() on ptolemy.moml.MoMLSimpleApplication@c08976a
reloadAllAccessors: .DB

===========================================================================================
----------------- testing Tue Aug 07 01:46:47 UTC 2018 /home/travis/build/icyphy/ptII/ptolemy/actor/lib/test/auto/DBDE.xml
----------------- Instantiating /home/travis/build/icyphy/ptII/ptolemy/actor/lib/test/auto/DBDE.xml
2 ms. Memory: 719872K Free: 101188K (14%)
----------------- Invoking toplevel() on ptolemy.moml.MoMLSimpleApplication@144312f
----------------- Done invoking toplevel() on ptolemy.moml.MoMLSimpleApplication@144312f
reloadAllAccessors: .DBDE

===========================================================================================
----------------- testing Tue Aug 07 01:46:47 UTC 2018 /home/travis/build/icyphy/ptII/ptolemy/actor/lib/test/auto/DateConstructor.xml
----------------- Instantiating /home/travis/build/icyphy/ptII/ptolemy/actor/lib/test/auto/DateConstructor.xml
17 ms. Memory: 719872K Free: 80411K (11%)
----------------- Invoking toplevel() on ptolemy.moml.MoMLSimpleApplication@c59641a
----------------- Done invoking toplevel() on ptolemy.moml.MoMLSimpleApplication@c59641a
reloadAllAccessors: .DateConstructor

===========================================================================================
----------------- testing Tue Aug 07 01:46:47 UTC 2018 /home/travis/build/icyphy/ptII/ptolemy/actor/lib/test/auto/DelayTime.xml
----------------- Instantiating /home/travis/build/icyphy/ptII/ptolemy/actor/lib/test/auto/DelayTime.xml
3 ms. Memory: 719872K Free: 72110K (10%)
----------------- Invoking toplevel() on ptolemy.moml.MoMLSimpleApplication@98eb94e
----------------- Done invoking toplevel() on ptolemy.moml.MoMLSimpleApplication@98eb94e
reloadAllAccessors: .DelayTime

===========================================================================================
----------------- testing Tue Aug 07 01:46:47 UTC 2018 /home/travis/build/icyphy/ptII/ptolemy/actor/lib/test/auto/Dictionary1.xml
----------------- Instantiating /home/travis/build/icyphy/ptII/ptolemy/actor/lib/test/auto/Dictionary1.xml
1 ms. Memory: 719872K Free: 59162K (8%)
----------------- Invoking toplevel() on ptolemy.moml.MoMLSimpleApplication@2c240333
----------------- Done invoking toplevel() on ptolemy.moml.MoMLSimpleApplication@2c240333
reloadAllAccessors: .Dictionary1

===========================================================================================
----------------- testing Tue Aug 07 01:46:47 UTC 2018 /home/travis/build/icyphy/ptII/ptolemy/actor/lib/test/auto/Dictionary2.xml
----------------- Instantiating /home/travis/build/icyphy/ptII/ptolemy/actor/lib/test/auto/Dictionary2.xml
3 ms. Memory: 1093632K Free: 1035149K (95%)
----------------- Invoking toplevel() on ptolemy.moml.MoMLSimpleApplication@c7b0bbe
----------------- Done invoking toplevel() on ptolemy.moml.MoMLSimpleApplication@c7b0bbe
reloadAllAccessors: .Dictionary2

===========================================================================================
----------------- testing Tue Aug 07 01:46:47 UTC 2018 /home/travis/build/icyphy/ptII/ptolemy/actor/lib/test/auto/Dictionary3.xml
----------------- Instantiating /home/travis/build/icyphy/ptII/ptolemy/actor/lib/test/auto/Dictionary3.xml
2 ms. Memory: 1093632K Free: 1014239K (93%)
----------------- Invoking toplevel() on ptolemy.moml.MoMLSimpleApplication@57f8a97
----------------- Done invoking toplevel() on ptolemy.moml.MoMLSimpleApplication@57f8a97
reloadAllAccessors: .Dictionary3

===========================================================================================
----------------- testing Tue Aug 07 01:46:47 UTC 2018 /home/travis/build/icyphy/ptII/ptolemy/actor/lib/test/auto/Dictionary4.xml
----------------- Instantiating /home/travis/build/icyphy/ptII/ptolemy/actor/lib/test/auto/Dictionary4.xml
3 ms. Memory: 1093632K Free: 1000955K (92%)
----------------- Invoking toplevel() on ptolemy.moml.MoMLSimpleApplication@2805c22a
----------------- Done invoking toplevel() on ptolemy.moml.MoMLSimpleApplication@2805c22a
reloadAllAccessors: .Dictionary4

===========================================================================================
----------------- testing Tue Aug 07 01:46:47 UTC 2018 /home/travis/build/icyphy/ptII/ptolemy/actor/lib/test/auto/Differential.xml
----------------- Instantiating /home/travis/build/icyphy/ptII/ptolemy/actor/lib/test/auto/Differential.xml
2 ms. Memory: 1093632K Free: 987670K (90%)
----------------- Invoking toplevel() on ptolemy.moml.MoMLSimpleApplication@67cda877
----------------- Done invoking toplevel() on ptolemy.moml.MoMLSimpleApplication@67cda877
reloadAllAccessors: .Differential

===========================================================================================
----------------- testing Tue Aug 07 01:46:47 UTC 2018 /home/travis/build/icyphy/ptII/ptolemy/actor/lib/test/auto/Director.xml
----------------- Instantiating /home/travis/build/icyphy/ptII/ptolemy/actor/lib/test/auto/Director.xml
1 ms. Memory: 1093632K Free: 966848K (88%)
----------------- Invoking toplevel() on ptolemy.moml.MoMLSimpleApplication@dfd2303
----------------- Done invoking toplevel() on ptolemy.moml.MoMLSimpleApplication@dfd2303
reloadAllAccessors: .Director

===========================================================================================
----------------- testing Tue Aug 07 01:46:47 UTC 2018 /home/travis/build/icyphy/ptII/ptolemy/actor/lib/test/auto/DiscreteClock.xml
----------------- Instantiating /home/travis/build/icyphy/ptII/ptolemy/actor/lib/test/auto/DiscreteClock.xml
2 ms. Memory: 1093632K Free: 953563K (87%)
----------------- Invoking toplevel() on ptolemy.moml.MoMLSimpleApplication@5d8cd641
----------------- Done invoking toplevel() on ptolemy.moml.MoMLSimpleApplication@5d8cd641
reloadAllAccessors: .DiscreteClock

===========================================================================================
----------------- testing Tue Aug 07 01:46:47 UTC 2018 /home/travis/build/icyphy/ptII/ptolemy/actor/lib/test/auto/DiscreteClock10.xml
----------------- Instantiating /home/travis/build/icyphy/ptII/ptolemy/actor/lib/test/auto/DiscreteClock10.xml
2 ms. Memory: 1093632K Free: 940278K (86%)
----------------- Invoking toplevel() on ptolemy.moml.MoMLSimpleApplication@77fc4ebc
----------------- Done invoking toplevel() on ptolemy.moml.MoMLSimpleApplication@77fc4ebc
reloadAllAccessors: .DiscreteClock10

===========================================================================================
----------------- testing Tue Aug 07 01:46:47 UTC 2018 /home/travis/build/icyphy/ptII/ptolemy/actor/lib/test/auto/DiscreteClock11.xml
----------------- Instantiating /home/travis/build/icyphy/ptII/ptolemy/actor/lib/test/auto/DiscreteClock11.xml
3 ms. Memory: 1093632K Free: 919456K (84%)
----------------- Invoking toplevel() on ptolemy.moml.MoMLSimpleApplication@1fa6c8e1
----------------- Done invoking toplevel() on ptolemy.moml.MoMLSimpleApplication@1fa6c8e1
reloadAllAccessors: .DiscreteClock11

===========================================================================================
----------------- testing Tue Aug 07 01:46:47 UTC 2018 /home/travis/build/icyphy/ptII/ptolemy/actor/lib/test/auto/DiscreteClock12.xml
----------------- Instantiating /home/travis/build/icyphy/ptII/ptolemy/actor/lib/test/auto/DiscreteClock12.xml
2 ms. Memory: 1093632K Free: 906172K (83%)
----------------- Invoking toplevel() on ptolemy.moml.MoMLSimpleApplication@46904d2d
----------------- Done invoking toplevel() on ptolemy.moml.MoMLSimpleApplication@46904d2d
reloadAllAccessors: .DiscreteClock12

===========================================================================================
----------------- testing Tue Aug 07 01:46:47 UTC 2018 /home/travis/build/icyphy/ptII/ptolemy/actor/lib/test/auto/DiscreteClock13.xml
----------------- Instantiating /home/travis/build/icyphy/ptII/ptolemy/actor/lib/test/auto/DiscreteClock13.xml
6 ms. Memory: 1093632K Free: 892887K (82%)
----------------- Invoking toplevel() on ptolemy.moml.MoMLSimpleApplication@51d65a0
----------------- Done invoking toplevel() on ptolemy.moml.MoMLSimpleApplication@51d65a0
reloadAllAccessors: .DiscreteClock13

===========================================================================================
----------------- testing Tue Aug 07 01:46:47 UTC 2018 /home/travis/build/icyphy/ptII/ptolemy/actor/lib/test/auto/DiscreteClock14.xml
----------------- Instantiating /home/travis/build/icyphy/ptII/ptolemy/actor/lib/test/auto/DiscreteClock14.xml
7 ms. Memory: 1093632K Free: 872065K (80%)
----------------- Invoking toplevel() on ptolemy.moml.MoMLSimpleApplication@1ad19e25
----------------- Done invoking toplevel() on ptolemy.moml.MoMLSimpleApplication@1ad19e25
reloadAllAccessors: .DiscreteClock14

===========================================================================================
----------------- testing Tue Aug 07 01:46:47 UTC 2018 /home/travis/build/icyphy/ptII/ptolemy/actor/lib/test/auto/DiscreteClock15.xml
----------------- Instantiating /home/travis/build/icyphy/ptII/ptolemy/actor/lib/test/auto/DiscreteClock15.xml
6 ms. Memory: 1093632K Free: 858780K (79%)
----------------- Invoking toplevel() on ptolemy.moml.MoMLSimpleApplication@41176441
----------------- Done invoking toplevel() on ptolemy.moml.MoMLSimpleApplication@41176441
reloadAllAccessors: .DiscreteClock15

===========================================================================================
----------------- testing Tue Aug 07 01:46:48 UTC 2018 /home/travis/build/icyphy/ptII/ptolemy/actor/lib/test/auto/DiscreteClock16.xml
----------------- Instantiating /home/travis/build/icyphy/ptII/ptolemy/actor/lib/test/auto/DiscreteClock16.xml
14 ms. Memory: 1093632K Free: 838845K (77%)
----------------- Invoking toplevel() on ptolemy.moml.MoMLSimpleApplication@25e1130f
----------------- Done invoking toplevel() on ptolemy.moml.MoMLSimpleApplication@25e1130f
reloadAllAccessors: .DiscreteClock16

===========================================================================================
----------------- testing Tue Aug 07 01:46:48 UTC 2018 /home/travis/build/icyphy/ptII/ptolemy/actor/lib/test/auto/DiscreteClock17.xml
----------------- Instantiating /home/travis/build/icyphy/ptII/ptolemy/actor/lib/test/auto/DiscreteClock17.xml
16 ms. Memory: 1093632K Free: 811373K (74%)
----------------- Invoking toplevel() on ptolemy.moml.MoMLSimpleApplication@11b2689c
----------------- Done invoking toplevel() on ptolemy.moml.MoMLSimpleApplication@11b2689c
reloadAllAccessors: .DiscreteClock17

===========================================================================================
----------------- testing Tue Aug 07 01:46:48 UTC 2018 /home/travis/build/icyphy/ptII/ptolemy/actor/lib/test/auto/DiscreteClock18.xml
----------------- Instantiating /home/travis/build/icyphy/ptII/ptolemy/actor/lib/test/auto/DiscreteClock18.xml
626 ms. Memory: 1112576K Free: 1068645K (96%)
----------------- Invoking toplevel() on ptolemy.moml.MoMLSimpleApplication@883564
----------------- Done invoking toplevel() on ptolemy.moml.MoMLSimpleApplication@883564
reloadAllAccessors: .DiscreteClock18

===========================================================================================
----------------- testing Tue Aug 07 01:46:48 UTC 2018 /home/travis/build/icyphy/ptII/ptolemy/actor/lib/test/auto/DiscreteClock19.xml
----------------- Instantiating /home/travis/build/icyphy/ptII/ptolemy/actor/lib/test/auto/DiscreteClock19.xml
19 ms. Memory: 1112576K Free: 1034523K (93%)
----------------- Invoking toplevel() on ptolemy.moml.MoMLSimpleApplication@57e0caf3
----------------- Done invoking toplevel() on ptolemy.moml.MoMLSimpleApplication@57e0caf3
reloadAllAccessors: .DiscreteClock19

===========================================================================================
----------------- testing Tue Aug 07 01:46:48 UTC 2018 /home/travis/build/icyphy/ptII/ptolemy/actor/lib/test/auto/DiscreteClock2.xml
----------------- Instantiating /home/travis/build/icyphy/ptII/ptolemy/actor/lib/test/auto/DiscreteClock2.xml
1 ms. Memory: 1112576K Free: 1021238K (92%)
----------------- Invoking toplevel() on ptolemy.moml.MoMLSimpleApplication@5f5f9541
----------------- Done invoking toplevel() on ptolemy.moml.MoMLSimpleApplication@5f5f9541
reloadAllAccessors: .DiscreteClock2

===========================================================================================
----------------- testing Tue Aug 07 01:46:48 UTC 2018 /home/travis/build/icyphy/ptII/ptolemy/actor/lib/test/auto/DiscreteClock20.xml
----------------- Instantiating /home/travis/build/icyphy/ptII/ptolemy/actor/lib/test/auto/DiscreteClock20.xml
3 ms. Memory: 1112576K Free: 1007953K (91%)
----------------- Invoking toplevel() on ptolemy.moml.MoMLSimpleApplication@6e491b16
----------------- Done invoking toplevel() on ptolemy.moml.MoMLSimpleApplication@6e491b16
reloadAllAccessors: .DiscreteClock20

===========================================================================================
----------------- testing Tue Aug 07 01:46:48 UTC 2018 /home/travis/build/icyphy/ptII/ptolemy/actor/lib/test/auto/DiscreteClock21.xml
----------------- Instantiating /home/travis/build/icyphy/ptII/ptolemy/actor/lib/test/auto/DiscreteClock21.xml
2 ms. Memory: 1112576K Free: 987131K (89%)
----------------- Invoking toplevel() on ptolemy.moml.MoMLSimpleApplication@59807d8
----------------- Done invoking toplevel() on ptolemy.moml.MoMLSimpleApplication@59807d8
reloadAllAccessors: .DiscreteClock21

===========================================================================================
----------------- testing Tue Aug 07 01:46:48 UTC 2018 /home/travis/build/icyphy/ptII/ptolemy/actor/lib/test/auto/DiscreteClock22.xml
----------------- Instantiating /home/travis/build/icyphy/ptII/ptolemy/actor/lib/test/auto/DiscreteClock22.xml
3 ms. Memory: 1112576K Free: 973847K (88%)
----------------- Invoking toplevel() on ptolemy.moml.MoMLSimpleApplication@4fc31c33
----------------- Done invoking toplevel() on ptolemy.moml.MoMLSimpleApplication@4fc31c33
reloadAllAccessors: .DiscreteClock22

===========================================================================================
----------------- testing Tue Aug 07 01:46:48 UTC 2018 /home/travis/build/icyphy/ptII/ptolemy/actor/lib/test/auto/DiscreteClock23.xml
----------------- Instantiating /home/travis/build/icyphy/ptII/ptolemy/actor/lib/test/auto/DiscreteClock23.xml
7 ms. Memory: 1112576K Free: 960562K (86%)
----------------- Invoking toplevel() on ptolemy.moml.MoMLSimpleApplication@4d6f0e57
----------------- Done invoking toplevel() on ptolemy.moml.MoMLSimpleApplication@4d6f0e57
reloadAllAccessors: .DiscreteClock23

===========================================================================================
----------------- testing Tue Aug 07 01:46:48 UTC 2018 /home/travis/build/icyphy/ptII/ptolemy/actor/lib/test/auto/DiscreteClock24.xml
----------------- Instantiating /home/travis/build/icyphy/ptII/ptolemy/actor/lib/test/auto/DiscreteClock24.xml
6 ms. Memory: 1112576K Free: 939740K (84%)
----------------- Invoking toplevel() on ptolemy.moml.MoMLSimpleApplication@22e642d3
----------------- Done invoking toplevel() on ptolemy.moml.MoMLSimpleApplication@22e642d3
reloadAllAccessors: .DiscreteClock24

===========================================================================================
----------------- testing Tue Aug 07 01:46:48 UTC 2018 /home/travis/build/icyphy/ptII/ptolemy/actor/lib/test/auto/DiscreteClock4.xml
----------------- Instantiating /home/travis/build/icyphy/ptII/ptolemy/actor/lib/test/auto/DiscreteClock4.xml
1 ms. Memory: 1112576K Free: 926455K (83%)
----------------- Invoking toplevel() on ptolemy.moml.MoMLSimpleApplication@1b519d3d
----------------- Done invoking toplevel() on ptolemy.moml.MoMLSimpleApplication@1b519d3d
reloadAllAccessors: .DiscreteClock4

===========================================================================================
----------------- testing Tue Aug 07 01:46:48 UTC 2018 /home/travis/build/icyphy/ptII/ptolemy/actor/lib/test/auto/DiscreteClock5.xml
----------------- Instantiating /home/travis/build/icyphy/ptII/ptolemy/actor/lib/test/auto/DiscreteClock5.xml
2 ms. Memory: 1112576K Free: 913171K (82%)
----------------- Invoking toplevel() on ptolemy.moml.MoMLSimpleApplication@1e66a7a0
----------------- Done invoking toplevel() on ptolemy.moml.MoMLSimpleApplication@1e66a7a0
reloadAllAccessors: .DiscreteClock5

===========================================================================================
----------------- testing Tue Aug 07 01:46:48 UTC 2018 /home/travis/build/icyphy/ptII/ptolemy/actor/lib/test/auto/DiscreteClock6.xml
----------------- Instantiating /home/travis/build/icyphy/ptII/ptolemy/actor/lib/test/auto/DiscreteClock6.xml
1 ms. Memory: 1112576K Free: 892349K (80%)
----------------- Invoking toplevel() on ptolemy.moml.MoMLSimpleApplication@bac10c5
----------------- Done invoking toplevel() on ptolemy.moml.MoMLSimpleApplication@bac10c5
reloadAllAccessors: .DiscreteClock6

===========================================================================================
----------------- testing Tue Aug 07 01:46:49 UTC 2018 /home/travis/build/icyphy/ptII/ptolemy/actor/lib/test/auto/DiscreteClock7.xml
----------------- Instantiating /home/travis/build/icyphy/ptII/ptolemy/actor/lib/test/auto/DiscreteClock7.xml
1 ms. Memory: 1112576K Free: 879064K (79%)
----------------- Invoking toplevel() on ptolemy.moml.MoMLSimpleApplication@6bc199c1
----------------- Done invoking toplevel() on ptolemy.moml.MoMLSimpleApplication@6bc199c1
reloadAllAccessors: .DiscreteClock7

===========================================================================================
----------------- testing Tue Aug 07 01:46:49 UTC 2018 /home/travis/build/icyphy/ptII/ptolemy/actor/lib/test/auto/DiscreteClock8.xml
----------------- Instantiating /home/travis/build/icyphy/ptII/ptolemy/actor/lib/test/auto/DiscreteClock8.xml
6 ms. Memory: 1112576K Free: 865779K (78%)
----------------- Invoking toplevel() on ptolemy.moml.MoMLSimpleApplication@21fd510
----------------- Done invoking toplevel() on ptolemy.moml.MoMLSimpleApplication@21fd510
reloadAllAccessors: .DiscreteClock8

===========================================================================================
----------------- testing Tue Aug 07 01:46:49 UTC 2018 /home/travis/build/icyphy/ptII/ptolemy/actor/lib/test/auto/DiscreteClock9.xml
----------------- Instantiating /home/travis/build/icyphy/ptII/ptolemy/actor/lib/test/auto/DiscreteClock9.xml
6 ms. Memory: 1112576K Free: 844957K (76%)
----------------- Invoking toplevel() on ptolemy.moml.MoMLSimpleApplication@767ac9fe
----------------- Done invoking toplevel() on ptolemy.moml.MoMLSimpleApplication@767ac9fe
reloadAllAccessors: .DiscreteClock9

===========================================================================================
----------------- testing Tue Aug 07 01:46:49 UTC 2018 /home/travis/build/icyphy/ptII/ptolemy/actor/lib/test/auto/DisplayArray.xml
----------------- Instantiating /home/travis/build/icyphy/ptII/ptolemy/actor/lib/test/auto/DisplayArray.xml
1 ms. Memory: 1112576K Free: 831673K (75%)
----------------- Invoking toplevel() on ptolemy.moml.MoMLSimpleApplication@7fd8926e
----------------- Done invoking toplevel() on ptolemy.moml.MoMLSimpleApplication@7fd8926e
reloadAllAccessors: .DisplayArray

===========================================================================================
----------------- testing Tue Aug 07 01:46:49 UTC 2018 /home/travis/build/icyphy/ptII/ptolemy/actor/lib/test/auto/Distributor.xml
----------------- Instantiating /home/travis/build/icyphy/ptII/ptolemy/actor/lib/test/auto/Distributor.xml
2 ms. Memory: 1112576K Free: 818388K (74%)
----------------- Invoking toplevel() on ptolemy.moml.MoMLSimpleApplication@7d0e6aac
----------------- Done invoking toplevel() on ptolemy.moml.MoMLSimpleApplication@7d0e6aac
reloadAllAccessors: .Distributor

===========================================================================================
----------------- testing Tue Aug 07 01:46:49 UTC 2018 /home/travis/build/icyphy/ptII/ptolemy/actor/lib/test/auto/Distributor2.xml
----------------- Instantiating /home/travis/build/icyphy/ptII/ptolemy/actor/lib/test/auto/Distributor2.xml
1 ms. Memory: 1112576K Free: 805103K (72%)
----------------- Invoking toplevel() on ptolemy.moml.MoMLSimpleApplication@3f79b15b
----------------- Done invoking toplevel() on ptolemy.moml.MoMLSimpleApplication@3f79b15b
reloadAllAccessors: .Distributor2

===========================================================================================
----------------- testing Tue Aug 07 01:46:49 UTC 2018 /home/travis/build/icyphy/ptII/ptolemy/actor/lib/test/auto/DownSample.xml
----------------- Instantiating /home/travis/build/icyphy/ptII/ptolemy/actor/lib/test/auto/DownSample.xml
1 ms. Memory: 1112576K Free: 784281K (70%)
----------------- Invoking toplevel() on ptolemy.moml.MoMLSimpleApplication@42926901
----------------- Done invoking toplevel() on ptolemy.moml.MoMLSimpleApplication@42926901
reloadAllAccessors: .DownSample

===========================================================================================
----------------- testing Tue Aug 07 01:46:49 UTC 2018 /home/travis/build/icyphy/ptII/ptolemy/actor/lib/test/auto/ElectronicUnitBase1.xml
----------------- Instantiating /home/travis/build/icyphy/ptII/ptolemy/actor/lib/test/auto/ElectronicUnitBase1.xml
21 ms. Memory: 1112576K Free: 757680K (68%)
----------------- Invoking toplevel() on ptolemy.moml.MoMLSimpleApplication@63b851c0
----------------- Done invoking toplevel() on ptolemy.moml.MoMLSimpleApplication@63b851c0
reloadAllAccessors: .ElectronicUnitBase1

===========================================================================================
----------------- testing Tue Aug 07 01:46:49 UTC 2018 /home/travis/build/icyphy/ptII/ptolemy/actor/lib/test/auto/ElementsToArray.xml
----------------- Instantiating /home/travis/build/icyphy/ptII/ptolemy/actor/lib/test/auto/ElementsToArray.xml
3 ms. Memory: 1112576K Free: 744395K (67%)
----------------- Invoking toplevel() on ptolemy.moml.MoMLSimpleApplication@1d4cc0a9
----------------- Done invoking toplevel() on ptolemy.moml.MoMLSimpleApplication@1d4cc0a9
reloadAllAccessors: .ElementsToArray

===========================================================================================
----------------- testing Tue Aug 07 01:46:49 UTC 2018 /home/travis/build/icyphy/ptII/ptolemy/actor/lib/test/auto/Equals.xml
----------------- Instantiating /home/travis/build/icyphy/ptII/ptolemy/actor/lib/test/auto/Equals.xml
4 ms. Memory: 1112576K Free: 723573K (65%)
----------------- Invoking toplevel() on ptolemy.moml.MoMLSimpleApplication@1bb97c4
----------------- Done invoking toplevel() on ptolemy.moml.MoMLSimpleApplication@1bb97c4
reloadAllAccessors: .Equals

===========================================================================================
----------------- testing Tue Aug 07 01:46:49 UTC 2018 /home/travis/build/icyphy/ptII/ptolemy/actor/lib/test/auto/Exec.xml
----------------- Instantiating /home/travis/build/icyphy/ptII/ptolemy/actor/lib/test/auto/Exec.xml
11 ms. Memory: 1112576K Free: 700325K (63%)
----------------- Invoking toplevel() on ptolemy.moml.MoMLSimpleApplication@3c83ed9c
----------------- Done invoking toplevel() on ptolemy.moml.MoMLSimpleApplication@3c83ed9c
reloadAllAccessors: .Exec

===========================================================================================
----------------- testing Tue Aug 07 01:46:49 UTC 2018 /home/travis/build/icyphy/ptII/ptolemy/actor/lib/test/auto/ExecEnvironment.xml
----------------- Instantiating /home/travis/build/icyphy/ptII/ptolemy/actor/lib/test/auto/ExecEnvironment.xml
21 ms. Memory: 1112576K Free: 687040K (62%)
----------------- Invoking toplevel() on ptolemy.moml.MoMLSimpleApplication@719eb597
----------------- Done invoking toplevel() on ptolemy.moml.MoMLSimpleApplication@719eb597
reloadAllAccessors: .ExecEnvironment

===========================================================================================
----------------- testing Tue Aug 07 01:46:49 UTC 2018 /home/travis/build/icyphy/ptII/ptolemy/actor/lib/test/auto/ExecNonZeroReturnOutput.xml
----------------- Instantiating /home/travis/build/icyphy/ptII/ptolemy/actor/lib/test/auto/ExecNonZeroReturnOutput.xml
133 ms. Memory: 1112576K Free: 579867K (52%)
----------------- Invoking toplevel() on ptolemy.moml.MoMLSimpleApplication@2702155f
----------------- Done invoking toplevel() on ptolemy.moml.MoMLSimpleApplication@2702155f
reloadAllAccessors: .ExecNonZeroReturnOutput

===========================================================================================
----------------- testing Tue Aug 07 01:46:49 UTC 2018 /home/travis/build/icyphy/ptII/ptolemy/actor/lib/test/auto/ExecRunDemos.xml
----------------- Instantiating /home/travis/build/icyphy/ptII/ptolemy/actor/lib/test/auto/ExecRunDemos.xml
Finished: 57 ms. Memory: 116224K Free: 100087K (86%)

Finished: 30 ms. Memory: 116224K Free: 96347K (83%)

Finished: 46 ms. Memory: 116224K Free: 96957K (83%)

Finished: 38 ms. Memory: 116224K Free: 98268K (85%)

Finished: 61 ms. Memory: 116224K Free: 99505K (86%)

9503 ms. Memory: 1112576K Free: 486843K (44%)
----------------- Invoking toplevel() on ptolemy.moml.MoMLSimpleApplication@22d22369
----------------- Done invoking toplevel() on ptolemy.moml.MoMLSimpleApplication@22d22369
reloadAllAccessors: .ExecRunDemos

===========================================================================================
----------------- testing Tue Aug 07 01:46:59 UTC 2018 /home/travis/build/icyphy/ptII/ptolemy/actor/lib/test/auto/ExecStop.xml
----------------- Instantiating /home/travis/build/icyphy/ptII/ptolemy/actor/lib/test/auto/ExecStop.xml
5005 ms. Memory: 1112576K Free: 300856K (27%)
----------------- Invoking toplevel() on ptolemy.moml.MoMLSimpleApplication@40eb944a
----------------- Done invoking toplevel() on ptolemy.moml.MoMLSimpleApplication@40eb944a
reloadAllAccessors: .ExecStop

===========================================================================================
----------------- testing Tue Aug 07 01:47:04 UTC 2018 /home/travis/build/icyphy/ptII/ptolemy/actor/lib/test/auto/ExecutionTimeSDF.xml
----------------- Instantiating /home/travis/build/icyphy/ptII/ptolemy/actor/lib/test/auto/ExecutionTimeSDF.xml
Fired ExecutionTime: -1175367296
Fired ExecutionTime: 878800000
Fired ExecutionTime: -1147367296
6004 ms. Memory: 1112576K Free: 273376K (25%)
----------------- Invoking toplevel() on ptolemy.moml.MoMLSimpleApplication@32b6624f
----------------- Done invoking toplevel() on ptolemy.moml.MoMLSimpleApplication@32b6624f
reloadAllAccessors: .ExecutionTimeSDF

===========================================================================================
----------------- testing Tue Aug 07 01:47:10 UTC 2018 /home/travis/build/icyphy/ptII/ptolemy/actor/lib/test/auto/Expression1.xml
----------------- Instantiating /home/travis/build/icyphy/ptII/ptolemy/actor/lib/test/auto/Expression1.xml
2 ms. Memory: 1112576K Free: 260091K (23%)
----------------- Invoking toplevel() on ptolemy.moml.MoMLSimpleApplication@2690a664
----------------- Done invoking toplevel() on ptolemy.moml.MoMLSimpleApplication@2690a664
reloadAllAccessors: .Expression1

===========================================================================================
----------------- testing Tue Aug 07 01:47:10 UTC 2018 /home/travis/build/icyphy/ptII/ptolemy/actor/lib/test/auto/Expression10.xml
----------------- Instantiating /home/travis/build/icyphy/ptII/ptolemy/actor/lib/test/auto/Expression10.xml
4 ms. Memory: 1112576K Free: 246806K (22%)
----------------- Invoking toplevel() on ptolemy.moml.MoMLSimpleApplication@6ce19b6e
----------------- Done invoking toplevel() on ptolemy.moml.MoMLSimpleApplication@6ce19b6e
reloadAllAccessors: .Expression10

===========================================================================================
----------------- testing Tue Aug 07 01:47:10 UTC 2018 /home/travis/build/icyphy/ptII/ptolemy/actor/lib/test/auto/Expression11.xml
----------------- Instantiating /home/travis/build/icyphy/ptII/ptolemy/actor/lib/test/auto/Expression11.xml
2 ms. Memory: 1112576K Free: 225984K (20%)
----------------- Invoking toplevel() on ptolemy.moml.MoMLSimpleApplication@428fb0a9
----------------- Done invoking toplevel() on ptolemy.moml.MoMLSimpleApplication@428fb0a9
reloadAllAccessors: .Expression11

===========================================================================================
----------------- testing Tue Aug 07 01:47:10 UTC 2018 /home/travis/build/icyphy/ptII/ptolemy/actor/lib/test/auto/Expression12.xml
----------------- Instantiating /home/travis/build/icyphy/ptII/ptolemy/actor/lib/test/auto/Expression12.xml
3 ms. Memory: 1112576K Free: 212700K (19%)
----------------- Invoking toplevel() on ptolemy.moml.MoMLSimpleApplication@51023a13
----------------- Done invoking toplevel() on ptolemy.moml.MoMLSimpleApplication@51023a13
reloadAllAccessors: .Expression12

===========================================================================================
----------------- testing Tue Aug 07 01:47:10 UTC 2018 /home/travis/build/icyphy/ptII/ptolemy/actor/lib/test/auto/Expression13.xml
----------------- Instantiating /home/travis/build/icyphy/ptII/ptolemy/actor/lib/test/auto/Expression13.xml
4 ms. Memory: 1112576K Free: 199415K (18%)
----------------- Invoking toplevel() on ptolemy.moml.MoMLSimpleApplication@699636ed
----------------- Done invoking toplevel() on ptolemy.moml.MoMLSimpleApplication@699636ed
reloadAllAccessors: .Expression13

===========================================================================================
----------------- testing Tue Aug 07 01:47:10 UTC 2018 /home/travis/build/icyphy/ptII/ptolemy/actor/lib/test/auto/Expression14.xml
----------------- Instantiating /home/travis/build/icyphy/ptII/ptolemy/actor/lib/test/auto/Expression14.xml
5 ms. Memory: 1112576K Free: 186130K (17%)
----------------- Invoking toplevel() on ptolemy.moml.MoMLSimpleApplication@7012d947
----------------- Done invoking toplevel() on ptolemy.moml.MoMLSimpleApplication@7012d947
reloadAllAccessors: .Expression14

===========================================================================================
----------------- testing Tue Aug 07 01:47:10 UTC 2018 /home/travis/build/icyphy/ptII/ptolemy/actor/lib/test/auto/Expression15.xml
----------------- Instantiating /home/travis/build/icyphy/ptII/ptolemy/actor/lib/test/auto/Expression15.xml
2 ms. Memory: 1112576K Free: 165308K (15%)
----------------- Invoking toplevel() on ptolemy.moml.MoMLSimpleApplication@59b0de0e
----------------- Done invoking toplevel() on ptolemy.moml.MoMLSimpleApplication@59b0de0e
reloadAllAccessors: .Expression15

===========================================================================================
----------------- testing Tue Aug 07 01:47:10 UTC 2018 /home/travis/build/icyphy/ptII/ptolemy/actor/lib/test/auto/Expression16.xml
----------------- Instantiating /home/travis/build/icyphy/ptII/ptolemy/actor/lib/test/auto/Expression16.xml
2 ms. Memory: 1112576K Free: 152023K (14%)
----------------- Invoking toplevel() on ptolemy.moml.MoMLSimpleApplication@2b803e10
----------------- Done invoking toplevel() on ptolemy.moml.MoMLSimpleApplication@2b803e10
reloadAllAccessors: .Expression16

===========================================================================================
----------------- testing Tue Aug 07 01:47:10 UTC 2018 /home/travis/build/icyphy/ptII/ptolemy/actor/lib/test/auto/Expression17.xml
----------------- Instantiating /home/travis/build/icyphy/ptII/ptolemy/actor/lib/test/auto/Expression17.xml
3 ms. Memory: 1112576K Free: 138739K (12%)
----------------- Invoking toplevel() on ptolemy.moml.MoMLSimpleApplication@6e308aa6
----------------- Done invoking toplevel() on ptolemy.moml.MoMLSimpleApplication@6e308aa6
reloadAllAccessors: .Expression17

===========================================================================================
----------------- testing Tue Aug 07 01:47:10 UTC 2018 /home/travis/build/icyphy/ptII/ptolemy/actor/lib/test/auto/Expression18.xml
----------------- Instantiating /home/travis/build/icyphy/ptII/ptolemy/actor/lib/test/auto/Expression18.xml
1 ms. Memory: 1112576K Free: 117917K (11%)
----------------- Invoking toplevel() on ptolemy.moml.MoMLSimpleApplication@2f46e7cd
----------------- Done invoking toplevel() on ptolemy.moml.MoMLSimpleApplication@2f46e7cd
reloadAllAccessors: .Expression18

===========================================================================================
----------------- testing Tue Aug 07 01:47:10 UTC 2018 /home/travis/build/icyphy/ptII/ptolemy/actor/lib/test/auto/Expression2.xml
----------------- Instantiating /home/travis/build/icyphy/ptII/ptolemy/actor/lib/test/auto/Expression2.xml
3 ms. Memory: 1112576K Free: 98156K (9%)
----------------- Invoking toplevel() on ptolemy.moml.MoMLSimpleApplication@9301045
----------------- Done invoking toplevel() on ptolemy.moml.MoMLSimpleApplication@9301045
reloadAllAccessors: .Expression2

===========================================================================================
----------------- testing Tue Aug 07 01:47:10 UTC 2018 /home/travis/build/icyphy/ptII/ptolemy/actor/lib/test/auto/Expression3.xml
----------------- Instantiating /home/travis/build/icyphy/ptII/ptolemy/actor/lib/test/auto/Expression3.xml
2 ms. Memory: 1112576K Free: 84871K (8%)
----------------- Invoking toplevel() on ptolemy.moml.MoMLSimpleApplication@6ad4ce30
----------------- Done invoking toplevel() on ptolemy.moml.MoMLSimpleApplication@6ad4ce30
reloadAllAccessors: .Expression3

===========================================================================================
----------------- testing Tue Aug 07 01:47:10 UTC 2018 /home/travis/build/icyphy/ptII/ptolemy/actor/lib/test/auto/Expression4.xml
----------------- Instantiating /home/travis/build/icyphy/ptII/ptolemy/actor/lib/test/auto/Expression4.xml
4 ms. Memory: 1242112K Free: 1190917K (96%)
----------------- Invoking toplevel() on ptolemy.moml.MoMLSimpleApplication@362943ac
----------------- Done invoking toplevel() on ptolemy.moml.MoMLSimpleApplication@362943ac
reloadAllAccessors: .Expression4

===========================================================================================
----------------- testing Tue Aug 07 01:47:10 UTC 2018 /home/travis/build/icyphy/ptII/ptolemy/actor/lib/test/auto/Expression5.xml
----------------- Instantiating /home/travis/build/icyphy/ptII/ptolemy/actor/lib/test/auto/Expression5.xml
2 ms. Memory: 1242112K Free: 1173168K (94%)
----------------- Invoking toplevel() on ptolemy.moml.MoMLSimpleApplication@a2a1435
----------------- Done invoking toplevel() on ptolemy.moml.MoMLSimpleApplication@a2a1435
reloadAllAccessors: .Expression5

===========================================================================================
----------------- testing Tue Aug 07 01:47:10 UTC 2018 /home/travis/build/icyphy/ptII/ptolemy/actor/lib/test/auto/Expression6.xml
----------------- Instantiating /home/travis/build/icyphy/ptII/ptolemy/actor/lib/test/auto/Expression6.xml
2 ms. Memory: 1242112K Free: 1161755K (94%)
----------------- Invoking toplevel() on ptolemy.moml.MoMLSimpleApplication@3fd04ce5
----------------- Done invoking toplevel() on ptolemy.moml.MoMLSimpleApplication@3fd04ce5
reloadAllAccessors: .Expression6

===========================================================================================
----------------- testing Tue Aug 07 01:47:10 UTC 2018 /home/travis/build/icyphy/ptII/ptolemy/actor/lib/test/auto/Expression7.xml
----------------- Instantiating /home/travis/build/icyphy/ptII/ptolemy/actor/lib/test/auto/Expression7.xml
2 ms. Memory: 1242112K Free: 1144006K (92%)
----------------- Invoking toplevel() on ptolemy.moml.MoMLSimpleApplication@4c0f3264
----------------- Done invoking toplevel() on ptolemy.moml.MoMLSimpleApplication@4c0f3264
reloadAllAccessors: .Expression7

===========================================================================================
----------------- testing Tue Aug 07 01:47:10 UTC 2018 /home/travis/build/icyphy/ptII/ptolemy/actor/lib/test/auto/Expression8.xml
----------------- Instantiating /home/travis/build/icyphy/ptII/ptolemy/actor/lib/test/auto/Expression8.xml
4 ms. Memory: 1242112K Free: 1132593K (91%)
----------------- Invoking toplevel() on ptolemy.moml.MoMLSimpleApplication@39b200c2
----------------- Done invoking toplevel() on ptolemy.moml.MoMLSimpleApplication@39b200c2
reloadAllAccessors: .Expression8

===========================================================================================
----------------- testing Tue Aug 07 01:47:10 UTC 2018 /home/travis/build/icyphy/ptII/ptolemy/actor/lib/test/auto/Expression9.xml
----------------- Instantiating /home/travis/build/icyphy/ptII/ptolemy/actor/lib/test/auto/Expression9.xml
1 ms. Memory: 1242112K Free: 1121181K (90%)
----------------- Invoking toplevel() on ptolemy.moml.MoMLSimpleApplication@4ecf5b6a
----------------- Done invoking toplevel() on ptolemy.moml.MoMLSimpleApplication@4ecf5b6a
reloadAllAccessors: .Expression9

===========================================================================================
----------------- testing Tue Aug 07 01:47:10 UTC 2018 /home/travis/build/icyphy/ptII/ptolemy/actor/lib/test/auto/ExpressionConcatenateArrayType.xml
----------------- Instantiating /home/travis/build/icyphy/ptII/ptolemy/actor/lib/test/auto/ExpressionConcatenateArrayType.xml
2 ms. Memory: 1242112K Free: 1097709K (88%)
----------------- Invoking toplevel() on ptolemy.moml.MoMLSimpleApplication@132644ba
----------------- Done invoking toplevel() on ptolemy.moml.MoMLSimpleApplication@132644ba
reloadAllAccessors: .ExpressionConcatenateArrayType

===========================================================================================
----------------- testing Tue Aug 07 01:47:10 UTC 2018 /home/travis/build/icyphy/ptII/ptolemy/actor/lib/test/auto/ExpressionConcatenateArrayType2.xml
----------------- Instantiating /home/travis/build/icyphy/ptII/ptolemy/actor/lib/test/auto/ExpressionConcatenateArrayType2.xml
1 ms. Memory: 1242112K Free: 1086297K (87%)
----------------- Invoking toplevel() on ptolemy.moml.MoMLSimpleApplication@3a693b0f
----------------- Done invoking toplevel() on ptolemy.moml.MoMLSimpleApplication@3a693b0f
reloadAllAccessors: .ExpressionConcatenateArrayType2

===========================================================================================
----------------- testing Tue Aug 07 01:47:10 UTC 2018 /home/travis/build/icyphy/ptII/ptolemy/actor/lib/test/auto/ExpressionFix.xml
----------------- Instantiating /home/travis/build/icyphy/ptII/ptolemy/actor/lib/test/auto/ExpressionFix.xml
9 ms. Memory: 1242112K Free: 1074819K (87%)
----------------- Invoking toplevel() on ptolemy.moml.MoMLSimpleApplication@24f27355
----------------- Done invoking toplevel() on ptolemy.moml.MoMLSimpleApplication@24f27355
reloadAllAccessors: .ExpressionFix

===========================================================================================
----------------- testing Tue Aug 07 01:47:10 UTC 2018 /home/travis/build/icyphy/ptII/ptolemy/actor/lib/test/auto/ExpressionFix2.xml
----------------- Instantiating /home/travis/build/icyphy/ptII/ptolemy/actor/lib/test/auto/ExpressionFix2.xml
2 ms. Memory: 1242112K Free: 1057069K (85%)
----------------- Invoking toplevel() on ptolemy.moml.MoMLSimpleApplication@6eb53cbd
----------------- Done invoking toplevel() on ptolemy.moml.MoMLSimpleApplication@6eb53cbd
reloadAllAccessors: .ExpressionFix2

===========================================================================================
----------------- testing Tue Aug 07 01:47:10 UTC 2018 /home/travis/build/icyphy/ptII/ptolemy/actor/lib/test/auto/ExpressionFix3.xml
----------------- Instantiating /home/travis/build/icyphy/ptII/ptolemy/actor/lib/test/auto/ExpressionFix3.xml
2 ms. Memory: 1242112K Free: 1045657K (84%)
----------------- Invoking toplevel() on ptolemy.moml.MoMLSimpleApplication@7ab1f1d0
----------------- Done invoking toplevel() on ptolemy.moml.MoMLSimpleApplication@7ab1f1d0
reloadAllAccessors: .ExpressionFix3

===========================================================================================
----------------- testing Tue Aug 07 01:47:10 UTC 2018 /home/travis/build/icyphy/ptII/ptolemy/actor/lib/test/auto/FileWriter1.xml
----------------- Instantiating /home/travis/build/icyphy/ptII/ptolemy/actor/lib/test/auto/FileWriter1.xml
2 ms. Memory: 1242112K Free: 1034244K (83%)
----------------- Invoking toplevel() on ptolemy.moml.MoMLSimpleApplication@7c3b4108
----------------- Done invoking toplevel() on ptolemy.moml.MoMLSimpleApplication@7c3b4108
reloadAllAccessors: .FileWriter1

===========================================================================================
----------------- testing Tue Aug 07 01:47:10 UTC 2018 /home/travis/build/icyphy/ptII/ptolemy/actor/lib/test/auto/FileWriter2.xml
----------------- Instantiating /home/travis/build/icyphy/ptII/ptolemy/actor/lib/test/auto/FileWriter2.xml
2 ms. Memory: 1242112K Free: 1016495K (82%)
----------------- Invoking toplevel() on ptolemy.moml.MoMLSimpleApplication@761f5eb7
----------------- Done invoking toplevel() on ptolemy.moml.MoMLSimpleApplication@761f5eb7
reloadAllAccessors: .FileWriter2

===========================================================================================
----------------- testing Tue Aug 07 01:47:10 UTC 2018 /home/travis/build/icyphy/ptII/ptolemy/actor/lib/test/auto/FileWriter3.xml
----------------- Instantiating /home/travis/build/icyphy/ptII/ptolemy/actor/lib/test/auto/FileWriter3.xml
6 ms. Memory: 1242112K Free: 1005082K (81%)
----------------- Invoking toplevel() on ptolemy.moml.MoMLSimpleApplication@2486f1a5
----------------- Done invoking toplevel() on ptolemy.moml.MoMLSimpleApplication@2486f1a5
reloadAllAccessors: .FileWriter3

===========================================================================================
----------------- testing Tue Aug 07 01:47:10 UTC 2018 /home/travis/build/icyphy/ptII/ptolemy/actor/lib/test/auto/Gaussian.xml
----------------- Instantiating /home/travis/build/icyphy/ptII/ptolemy/actor/lib/test/auto/Gaussian.xml
1 ms. Memory: 1242112K Free: 987333K (79%)
----------------- Invoking toplevel() on ptolemy.moml.MoMLSimpleApplication@478c4adb
----------------- Done invoking toplevel() on ptolemy.moml.MoMLSimpleApplication@478c4adb
reloadAllAccessors: .Gaussian

===========================================================================================
----------------- testing Tue Aug 07 01:47:10 UTC 2018 /home/travis/build/icyphy/ptII/ptolemy/actor/lib/test/auto/Gaussian1.xml
----------------- Instantiating /home/travis/build/icyphy/ptII/ptolemy/actor/lib/test/auto/Gaussian1.xml
2 ms. Memory: 1242112K Free: 975920K (79%)
----------------- Invoking toplevel() on ptolemy.moml.MoMLSimpleApplication@59fbd504
----------------- Done invoking toplevel() on ptolemy.moml.MoMLSimpleApplication@59fbd504
reloadAllAccessors: .Gaussian1

===========================================================================================
----------------- testing Tue Aug 07 01:47:10 UTC 2018 /home/travis/build/icyphy/ptII/ptolemy/actor/lib/test/auto/Gaussian2.xml
----------------- Instantiating /home/travis/build/icyphy/ptII/ptolemy/actor/lib/test/auto/Gaussian2.xml
2 ms. Memory: 1242112K Free: 964508K (78%)
----------------- Invoking toplevel() on ptolemy.moml.MoMLSimpleApplication@12941c69
----------------- Done invoking toplevel() on ptolemy.moml.MoMLSimpleApplication@12941c69
reloadAllAccessors: .Gaussian2

===========================================================================================
----------------- testing Tue Aug 07 01:47:10 UTC 2018 /home/travis/build/icyphy/ptII/ptolemy/actor/lib/test/auto/GradientAdaptiveLattice.xml
----------------- Instantiating /home/travis/build/icyphy/ptII/ptolemy/actor/lib/test/auto/GradientAdaptiveLattice.xml
3 ms. Memory: 1242112K Free: 946758K (76%)
----------------- Invoking toplevel() on ptolemy.moml.MoMLSimpleApplication@53ba9744
----------------- Done invoking toplevel() on ptolemy.moml.MoMLSimpleApplication@53ba9744
reloadAllAccessors: .GradientAdaptiveLattice

===========================================================================================
----------------- testing Tue Aug 07 01:47:10 UTC 2018 /home/travis/build/icyphy/ptII/ptolemy/actor/lib/test/auto/IIR.xml
----------------- Instantiating /home/travis/build/icyphy/ptII/ptolemy/actor/lib/test/auto/IIR.xml
1 ms. Memory: 1242112K Free: 935346K (75%)
----------------- Invoking toplevel() on ptolemy.moml.MoMLSimpleApplication@4264702c
----------------- Done invoking toplevel() on ptolemy.moml.MoMLSimpleApplication@4264702c
reloadAllAccessors: .IIR

===========================================================================================
----------------- testing Tue Aug 07 01:47:10 UTC 2018 /home/travis/build/icyphy/ptII/ptolemy/actor/lib/test/auto/InputOutputTransparentPorts.xml
----------------- Instantiating /home/travis/build/icyphy/ptII/ptolemy/actor/lib/test/auto/InputOutputTransparentPorts.xml
2 ms. Memory: 1242112K Free: 918219K (74%)
----------------- Invoking toplevel() on ptolemy.moml.MoMLSimpleApplication@68f5a1a2
----------------- Done invoking toplevel() on ptolemy.moml.MoMLSimpleApplication@68f5a1a2
reloadAllAccessors: .InputOutputTransparentPorts

===========================================================================================
----------------- testing Tue Aug 07 01:47:10 UTC 2018 /home/travis/build/icyphy/ptII/ptolemy/actor/lib/test/auto/Interpolator.xml
----------------- Instantiating /home/travis/build/icyphy/ptII/ptolemy/actor/lib/test/auto/Interpolator.xml
3 ms. Memory: 1242112K Free: 900470K (72%)
----------------- Invoking toplevel() on ptolemy.moml.MoMLSimpleApplication@5bb943d3
----------------- Done invoking toplevel() on ptolemy.moml.MoMLSimpleApplication@5bb943d3
reloadAllAccessors: .Interpolator

===========================================================================================
----------------- testing Tue Aug 07 01:47:10 UTC 2018 /home/travis/build/icyphy/ptII/ptolemy/actor/lib/test/auto/InterpolatorFiringLimitDE.xml
----------------- Instantiating /home/travis/build/icyphy/ptII/ptolemy/actor/lib/test/auto/InterpolatorFiringLimitDE.xml
2 ms. Memory: 1242112K Free: 889057K (72%)
----------------- Invoking toplevel() on ptolemy.moml.MoMLSimpleApplication@32084e4d
----------------- Done invoking toplevel() on ptolemy.moml.MoMLSimpleApplication@32084e4d
reloadAllAccessors: .InterpolatorFiringLimitDE

===========================================================================================
----------------- testing Tue Aug 07 01:47:10 UTC 2018 /home/travis/build/icyphy/ptII/ptolemy/actor/lib/test/auto/Lattice.xml
----------------- Instantiating /home/travis/build/icyphy/ptII/ptolemy/actor/lib/test/auto/Lattice.xml
1 ms. Memory: 1242112K Free: 877645K (71%)
----------------- Invoking toplevel() on ptolemy.moml.MoMLSimpleApplication@41491868
----------------- Done invoking toplevel() on ptolemy.moml.MoMLSimpleApplication@41491868
reloadAllAccessors: .Lattice

===========================================================================================
----------------- testing Tue Aug 07 01:47:10 UTC 2018 /home/travis/build/icyphy/ptII/ptolemy/actor/lib/test/auto/LazyAOCTestLazy.xml
----------------- Instantiating /home/travis/build/icyphy/ptII/ptolemy/actor/lib/test/auto/LazyAOCTestLazy.xml
7 ms. Memory: 1242112K Free: 859895K (69%)
----------------- Invoking toplevel() on ptolemy.moml.MoMLSimpleApplication@3f807b35
----------------- Done invoking toplevel() on ptolemy.moml.MoMLSimpleApplication@3f807b35
reloadAllAccessors: .LazyAOCTestLazy

===========================================================================================
----------------- testing Tue Aug 07 01:47:10 UTC 2018 /home/travis/build/icyphy/ptII/ptolemy/actor/lib/test/auto/LazyAOCTestNonLazy.xml
----------------- Instantiating /home/travis/build/icyphy/ptII/ptolemy/actor/lib/test/auto/LazyAOCTestNonLazy.xml
9 ms. Memory: 1242112K Free: 848483K (68%)
----------------- Invoking toplevel() on ptolemy.moml.MoMLSimpleApplication@2ed0a051
----------------- Done invoking toplevel() on ptolemy.moml.MoMLSimpleApplication@2ed0a051
reloadAllAccessors: .LazyAOCTestNonLazy

===========================================================================================
----------------- testing Tue Aug 07 01:47:10 UTC 2018 /home/travis/build/icyphy/ptII/ptolemy/actor/lib/test/auto/LazyInnerClass.xml
----------------- Instantiating /home/travis/build/icyphy/ptII/ptolemy/actor/lib/test/auto/LazyInnerClass.xml
12 ms. Memory: 1242112K Free: 837070K (67%)
----------------- Invoking toplevel() on ptolemy.moml.MoMLSimpleApplication@91e1c3b
----------------- Done invoking toplevel() on ptolemy.moml.MoMLSimpleApplication@91e1c3b
reloadAllAccessors: .LazyInnerClass

===========================================================================================
----------------- testing Tue Aug 07 01:47:10 UTC 2018 /home/travis/build/icyphy/ptII/ptolemy/actor/lib/test/auto/LazyPubSub.xml
----------------- Instantiating /home/travis/build/icyphy/ptII/ptolemy/actor/lib/test/auto/LazyPubSub.xml
29 ms. Memory: 1242112K Free: 819321K (66%)
----------------- Invoking toplevel() on ptolemy.moml.MoMLSimpleApplication@11ae9152
----------------- Done invoking toplevel() on ptolemy.moml.MoMLSimpleApplication@11ae9152
reloadAllAccessors: .LazyPubSub

===========================================================================================
----------------- testing Tue Aug 07 01:47:10 UTC 2018 /home/travis/build/icyphy/ptII/ptolemy/actor/lib/test/auto/LazyPubSub2.xml
----------------- Instantiating /home/travis/build/icyphy/ptII/ptolemy/actor/lib/test/auto/LazyPubSub2.xml
20 ms. Memory: 1242112K Free: 807908K (65%)
----------------- Invoking toplevel() on ptolemy.moml.MoMLSimpleApplication@2d205d86
----------------- Done invoking toplevel() on ptolemy.moml.MoMLSimpleApplication@2d205d86
reloadAllAccessors: .LazyPubSub2

===========================================================================================
----------------- testing Tue Aug 07 01:47:11 UTC 2018 /home/travis/build/icyphy/ptII/ptolemy/actor/lib/test/auto/LazyPubSub3.xml
----------------- Instantiating /home/travis/build/icyphy/ptII/ptolemy/actor/lib/test/auto/LazyPubSub3.xml
15 ms. Memory: 1242112K Free: 790159K (64%)
----------------- Invoking toplevel() on ptolemy.moml.MoMLSimpleApplication@65cbfbe6
----------------- Done invoking toplevel() on ptolemy.moml.MoMLSimpleApplication@65cbfbe6
reloadAllAccessors: .LazyPubSub3

===========================================================================================
----------------- testing Tue Aug 07 01:47:11 UTC 2018 /home/travis/build/icyphy/ptII/ptolemy/actor/lib/test/auto/LazySubClassModel.xml
----------------- Instantiating /home/travis/build/icyphy/ptII/ptolemy/actor/lib/test/auto/LazySubClassModel.xml
2 ms. Memory: 1242112K Free: 773024K (62%)
----------------- Invoking toplevel() on ptolemy.moml.MoMLSimpleApplication@6e729454
----------------- Done invoking toplevel() on ptolemy.moml.MoMLSimpleApplication@6e729454
reloadAllAccessors: .LazySubClassModel

===========================================================================================
----------------- testing Tue Aug 07 01:47:11 UTC 2018 /home/travis/build/icyphy/ptII/ptolemy/actor/lib/test/auto/LevelCrossTest1.xml
----------------- Instantiating /home/travis/build/icyphy/ptII/ptolemy/actor/lib/test/auto/LevelCrossTest1.xml
1 ms. Memory: 1242112K Free: 761612K (61%)
----------------- Invoking toplevel() on ptolemy.moml.MoMLSimpleApplication@5fe8b0de
----------------- Done invoking toplevel() on ptolemy.moml.MoMLSimpleApplication@5fe8b0de
reloadAllAccessors: .broken

===========================================================================================
----------------- testing Tue Aug 07 01:47:11 UTC 2018 /home/travis/build/icyphy/ptII/ptolemy/actor/lib/test/auto/LevelCrossTest10.xml
----------------- Instantiating /home/travis/build/icyphy/ptII/ptolemy/actor/lib/test/auto/LevelCrossTest10.xml
1 ms. Memory: 1242112K Free: 738140K (59%)
----------------- Invoking toplevel() on ptolemy.moml.MoMLSimpleApplication@40d958fc
----------------- Done invoking toplevel() on ptolemy.moml.MoMLSimpleApplication@40d958fc
reloadAllAccessors: .LevelCrossTest10

===========================================================================================
----------------- testing Tue Aug 07 01:47:11 UTC 2018 /home/travis/build/icyphy/ptII/ptolemy/actor/lib/test/auto/LevelCrossTest11.xml
----------------- Instantiating /home/travis/build/icyphy/ptII/ptolemy/actor/lib/test/auto/LevelCrossTest11.xml
2 ms. Memory: 1242112K Free: 726728K (59%)
----------------- Invoking toplevel() on ptolemy.moml.MoMLSimpleApplication@ef4b62d
----------------- Done invoking toplevel() on ptolemy.moml.MoMLSimpleApplication@ef4b62d
reloadAllAccessors: .LevelCrossTest11

===========================================================================================
----------------- testing Tue Aug 07 01:47:11 UTC 2018 /home/travis/build/icyphy/ptII/ptolemy/actor/lib/test/auto/LevelCrossTest12.xml
----------------- Instantiating /home/travis/build/icyphy/ptII/ptolemy/actor/lib/test/auto/LevelCrossTest12.xml
1 ms. Memory: 1242112K Free: 709593K (57%)
----------------- Invoking toplevel() on ptolemy.moml.MoMLSimpleApplication@3a69b764
----------------- Done invoking toplevel() on ptolemy.moml.MoMLSimpleApplication@3a69b764
reloadAllAccessors: .LevelCrossTest12

===========================================================================================
----------------- testing Tue Aug 07 01:47:11 UTC 2018 /home/travis/build/icyphy/ptII/ptolemy/actor/lib/test/auto/LevelCrossTest13.xml
----------------- Instantiating /home/travis/build/icyphy/ptII/ptolemy/actor/lib/test/auto/LevelCrossTest13.xml
1 ms. Memory: 1242112K Free: 691843K (56%)
----------------- Invoking toplevel() on ptolemy.moml.MoMLSimpleApplication@355f5d9c
----------------- Done invoking toplevel() on ptolemy.moml.MoMLSimpleApplication@355f5d9c
reloadAllAccessors: .LevelCrossTest13

===========================================================================================
----------------- testing Tue Aug 07 01:47:11 UTC 2018 /home/travis/build/icyphy/ptII/ptolemy/actor/lib/test/auto/LevelCrossTest2.xml
----------------- Instantiating /home/travis/build/icyphy/ptII/ptolemy/actor/lib/test/auto/LevelCrossTest2.xml
2 ms. Memory: 1242112K Free: 680431K (55%)
----------------- Invoking toplevel() on ptolemy.moml.MoMLSimpleApplication@5b564d73
----------------- Done invoking toplevel() on ptolemy.moml.MoMLSimpleApplication@5b564d73
reloadAllAccessors: .broken

===========================================================================================
----------------- testing Tue Aug 07 01:47:11 UTC 2018 /home/travis/build/icyphy/ptII/ptolemy/actor/lib/test/auto/LevelCrossTest3.xml
----------------- Instantiating /home/travis/build/icyphy/ptII/ptolemy/actor/lib/test/auto/LevelCrossTest3.xml
1 ms. Memory: 1242112K Free: 669018K (54%)
----------------- Invoking toplevel() on ptolemy.moml.MoMLSimpleApplication@1e906756
----------------- Done invoking toplevel() on ptolemy.moml.MoMLSimpleApplication@1e906756
reloadAllAccessors: .LevelCrossTest3

===========================================================================================
----------------- testing Tue Aug 07 01:47:11 UTC 2018 /home/travis/build/icyphy/ptII/ptolemy/actor/lib/test/auto/LevelCrossTest4.xml
----------------- Instantiating /home/travis/build/icyphy/ptII/ptolemy/actor/lib/test/auto/LevelCrossTest4.xml
1 ms. Memory: 1242112K Free: 651269K (52%)
----------------- Invoking toplevel() on ptolemy.moml.MoMLSimpleApplication@75fd929d
----------------- Done invoking toplevel() on ptolemy.moml.MoMLSimpleApplication@75fd929d
reloadAllAccessors: .broken

===========================================================================================
----------------- testing Tue Aug 07 01:47:11 UTC 2018 /home/travis/build/icyphy/ptII/ptolemy/actor/lib/test/auto/LevelCrossTest5.xml
----------------- Instantiating /home/travis/build/icyphy/ptII/ptolemy/actor/lib/test/auto/LevelCrossTest5.xml
1 ms. Memory: 1242112K Free: 639856K (52%)
----------------- Invoking toplevel() on ptolemy.moml.MoMLSimpleApplication@11e87d16
----------------- Done invoking toplevel() on ptolemy.moml.MoMLSimpleApplication@11e87d16
reloadAllAccessors: .LevelCrossTest5

===========================================================================================
----------------- testing Tue Aug 07 01:47:11 UTC 2018 /home/travis/build/icyphy/ptII/ptolemy/actor/lib/test/auto/LevelCrossTest6.xml
----------------- Instantiating /home/travis/build/icyphy/ptII/ptolemy/actor/lib/test/auto/LevelCrossTest6.xml
1 ms. Memory: 1242112K Free: 622107K (50%)
----------------- Invoking toplevel() on ptolemy.moml.MoMLSimpleApplication@df1368
----------------- Done invoking toplevel() on ptolemy.moml.MoMLSimpleApplication@df1368
reloadAllAccessors: .LevelCrossTest6

===========================================================================================
----------------- testing Tue Aug 07 01:47:11 UTC 2018 /home/travis/build/icyphy/ptII/ptolemy/actor/lib/test/auto/LevelCrossTest7.xml
----------------- Instantiating /home/travis/build/icyphy/ptII/ptolemy/actor/lib/test/auto/LevelCrossTest7.xml
1 ms. Memory: 1242112K Free: 604980K (49%)
----------------- Invoking toplevel() on ptolemy.moml.MoMLSimpleApplication@6670e9af
----------------- Done invoking toplevel() on ptolemy.moml.MoMLSimpleApplication@6670e9af
reloadAllAccessors: .LevelCrossTest7

===========================================================================================
----------------- testing Tue Aug 07 01:47:11 UTC 2018 /home/travis/build/icyphy/ptII/ptolemy/actor/lib/test/auto/LevelCrossTest8.xml
----------------- Instantiating /home/travis/build/icyphy/ptII/ptolemy/actor/lib/test/auto/LevelCrossTest8.xml
1 ms. Memory: 1242112K Free: 593568K (48%)
----------------- Invoking toplevel() on ptolemy.moml.MoMLSimpleApplication@195ee8ec
----------------- Done invoking toplevel() on ptolemy.moml.MoMLSimpleApplication@195ee8ec
reloadAllAccessors: .LevelCrossTest8

===========================================================================================
----------------- testing Tue Aug 07 01:47:11 UTC 2018 /home/travis/build/icyphy/ptII/ptolemy/actor/lib/test/auto/LevelCrossTest9.xml
----------------- Instantiating /home/travis/build/icyphy/ptII/ptolemy/actor/lib/test/auto/LevelCrossTest9.xml
1 ms. Memory: 1242112K Free: 570112K (46%)
----------------- Invoking toplevel() on ptolemy.moml.MoMLSimpleApplication@646b95d1
----------------- Done invoking toplevel() on ptolemy.moml.MoMLSimpleApplication@646b95d1
reloadAllAccessors: .LevelCrossTest9

===========================================================================================
----------------- testing Tue Aug 07 01:47:11 UTC 2018 /home/travis/build/icyphy/ptII/ptolemy/actor/lib/test/auto/LevinsonDurbin.xml
----------------- Instantiating /home/travis/build/icyphy/ptII/ptolemy/actor/lib/test/auto/LevinsonDurbin.xml
1 ms. Memory: 1242112K Free: 558699K (45%)
----------------- Invoking toplevel() on ptolemy.moml.MoMLSimpleApplication@1826d117
----------------- Done invoking toplevel() on ptolemy.moml.MoMLSimpleApplication@1826d117
reloadAllAccessors: .LevinsonDurbin

===========================================================================================
----------------- testing Tue Aug 07 01:47:11 UTC 2018 /home/travis/build/icyphy/ptII/ptolemy/actor/lib/test/auto/LevinsonDurbin2.xml
----------------- Instantiating /home/travis/build/icyphy/ptII/ptolemy/actor/lib/test/auto/LevinsonDurbin2.xml
1 ms. Memory: 1242112K Free: 547287K (44%)
----------------- Invoking toplevel() on ptolemy.moml.MoMLSimpleApplication@a9070fc
----------------- Done invoking toplevel() on ptolemy.moml.MoMLSimpleApplication@a9070fc
reloadAllAccessors: .LevinsonDurbin2

===========================================================================================
----------------- testing Tue Aug 07 01:47:11 UTC 2018 /home/travis/build/icyphy/ptII/ptolemy/actor/lib/test/auto/LevinsonDurbin3.xml
----------------- Instantiating /home/travis/build/icyphy/ptII/ptolemy/actor/lib/test/auto/LevinsonDurbin3.xml
1 ms. Memory: 1242112K Free: 529537K (43%)
----------------- Invoking toplevel() on ptolemy.moml.MoMLSimpleApplication@67dace8a
----------------- Done invoking toplevel() on ptolemy.moml.MoMLSimpleApplication@67dace8a
reloadAllAccessors: .LevinsonDurbin3

===========================================================================================
----------------- testing Tue Aug 07 01:47:11 UTC 2018 /home/travis/build/icyphy/ptII/ptolemy/actor/lib/test/auto/Limiter.xml
----------------- Instantiating /home/travis/build/icyphy/ptII/ptolemy/actor/lib/test/auto/Limiter.xml
3 ms. Memory: 1242112K Free: 512403K (41%)
----------------- Invoking toplevel() on ptolemy.moml.MoMLSimpleApplication@4097433f
----------------- Done invoking toplevel() on ptolemy.moml.MoMLSimpleApplication@4097433f
reloadAllAccessors: .Limiter

===========================================================================================
----------------- testing Tue Aug 07 01:47:11 UTC 2018 /home/travis/build/icyphy/ptII/ptolemy/actor/lib/test/auto/LinearDifferenceEquationSystem.xml
----------------- Instantiating /home/travis/build/icyphy/ptII/ptolemy/actor/lib/test/auto/LinearDifferenceEquationSystem.xml
3 ms. Memory: 1242112K Free: 494653K (40%)
----------------- Invoking toplevel() on ptolemy.moml.MoMLSimpleApplication@3b7f5917
----------------- Done invoking toplevel() on ptolemy.moml.MoMLSimpleApplication@3b7f5917
reloadAllAccessors: .LinearDifferenceEquationSystem

===========================================================================================
----------------- testing Tue Aug 07 01:47:11 UTC 2018 /home/travis/build/icyphy/ptII/ptolemy/actor/lib/test/auto/LookupTable.xml
----------------- Instantiating /home/travis/build/icyphy/ptII/ptolemy/actor/lib/test/auto/LookupTable.xml
1 ms. Memory: 1242112K Free: 483241K (39%)
----------------- Invoking toplevel() on ptolemy.moml.MoMLSimpleApplication@78a0967
----------------- Done invoking toplevel() on ptolemy.moml.MoMLSimpleApplication@78a0967
reloadAllAccessors: .LookupTable

===========================================================================================
----------------- testing Tue Aug 07 01:47:11 UTC 2018 /home/travis/build/icyphy/ptII/ptolemy/actor/lib/test/auto/MathFunction.xml
----------------- Instantiating /home/travis/build/icyphy/ptII/ptolemy/actor/lib/test/auto/MathFunction.xml
2 ms. Memory: 1242112K Free: 466106K (38%)
----------------- Invoking toplevel() on ptolemy.moml.MoMLSimpleApplication@e15b537
----------------- Done invoking toplevel() on ptolemy.moml.MoMLSimpleApplication@e15b537
reloadAllAccessors: .MathFunction

===========================================================================================
----------------- testing Tue Aug 07 01:47:11 UTC 2018 /home/travis/build/icyphy/ptII/ptolemy/actor/lib/test/auto/MathFunction2.xml
----------------- Instantiating /home/travis/build/icyphy/ptII/ptolemy/actor/lib/test/auto/MathFunction2.xml
1 ms. Memory: 1242112K Free: 448357K (36%)
----------------- Invoking toplevel() on ptolemy.moml.MoMLSimpleApplication@1adf1237
----------------- Done invoking toplevel() on ptolemy.moml.MoMLSimpleApplication@1adf1237
reloadAllAccessors: .MathFunction2

===========================================================================================
----------------- testing Tue Aug 07 01:47:11 UTC 2018 /home/travis/build/icyphy/ptII/ptolemy/actor/lib/test/auto/MathFunction3.xml
----------------- Instantiating /home/travis/build/icyphy/ptII/ptolemy/actor/lib/test/auto/MathFunction3.xml
2 ms. Memory: 1242112K Free: 436944K (35%)
----------------- Invoking toplevel() on ptolemy.moml.MoMLSimpleApplication@1d6c3f1d
----------------- Done invoking toplevel() on ptolemy.moml.MoMLSimpleApplication@1d6c3f1d
reloadAllAccessors: .MathFunction3

===========================================================================================
----------------- testing Tue Aug 07 01:47:11 UTC 2018 /home/travis/build/icyphy/ptII/ptolemy/actor/lib/test/auto/MatrixCropBoolean.xml
----------------- Instantiating /home/travis/build/icyphy/ptII/ptolemy/actor/lib/test/auto/MatrixCropBoolean.xml
3 ms. Memory: 1242112K Free: 425532K (34%)
----------------- Invoking toplevel() on ptolemy.moml.MoMLSimpleApplication@b7b8bc6
----------------- Done invoking toplevel() on ptolemy.moml.MoMLSimpleApplication@b7b8bc6
reloadAllAccessors: .MatrixCropBoolean

===========================================================================================
----------------- testing Tue Aug 07 01:47:11 UTC 2018 /home/travis/build/icyphy/ptII/ptolemy/actor/lib/test/auto/MatrixCropComplex.xml
----------------- Instantiating /home/travis/build/icyphy/ptII/ptolemy/actor/lib/test/auto/MatrixCropComplex.xml
2 ms. Memory: 1242112K Free: 407782K (33%)
----------------- Invoking toplevel() on ptolemy.moml.MoMLSimpleApplication@6be597b5
----------------- Done invoking toplevel() on ptolemy.moml.MoMLSimpleApplication@6be597b5
reloadAllAccessors: .MatrixCropComplex

===========================================================================================
----------------- testing Tue Aug 07 01:47:11 UTC 2018 /home/travis/build/icyphy/ptII/ptolemy/actor/lib/test/auto/MatrixCropDouble.xml
----------------- Instantiating /home/travis/build/icyphy/ptII/ptolemy/actor/lib/test/auto/MatrixCropDouble.xml
2 ms. Memory: 1242112K Free: 396370K (32%)
----------------- Invoking toplevel() on ptolemy.moml.MoMLSimpleApplication@458dfdc3
----------------- Done invoking toplevel() on ptolemy.moml.MoMLSimpleApplication@458dfdc3
reloadAllAccessors: .MatrixCropDouble

===========================================================================================
----------------- testing Tue Aug 07 01:47:11 UTC 2018 /home/travis/build/icyphy/ptII/ptolemy/actor/lib/test/auto/MatrixCropFix.xml
----------------- Instantiating /home/travis/build/icyphy/ptII/ptolemy/actor/lib/test/auto/MatrixCropFix.xml
3 ms. Memory: 1242112K Free: 384957K (31%)
----------------- Invoking toplevel() on ptolemy.moml.MoMLSimpleApplication@270a6fe0
----------------- Done invoking toplevel() on ptolemy.moml.MoMLSimpleApplication@270a6fe0
reloadAllAccessors: .MatrixCropFix

===========================================================================================
----------------- testing Tue Aug 07 01:47:11 UTC 2018 /home/travis/build/icyphy/ptII/ptolemy/actor/lib/test/auto/MatrixCropInt.xml
----------------- Instantiating /home/travis/build/icyphy/ptII/ptolemy/actor/lib/test/auto/MatrixCropInt.xml
2 ms. Memory: 1242112K Free: 367208K (30%)
----------------- Invoking toplevel() on ptolemy.moml.MoMLSimpleApplication@4df3fd5
----------------- Done invoking toplevel() on ptolemy.moml.MoMLSimpleApplication@4df3fd5
reloadAllAccessors: .MatrixCropInt

===========================================================================================
----------------- testing Tue Aug 07 01:47:11 UTC 2018 /home/travis/build/icyphy/ptII/ptolemy/actor/lib/test/auto/MatrixCropLong.xml
----------------- Instantiating /home/travis/build/icyphy/ptII/ptolemy/actor/lib/test/auto/MatrixCropLong.xml
2 ms. Memory: 1242112K Free: 355796K (29%)
----------------- Invoking toplevel() on ptolemy.moml.MoMLSimpleApplication@468b6ead
----------------- Done invoking toplevel() on ptolemy.moml.MoMLSimpleApplication@468b6ead
reloadAllAccessors: .MatrixCropLong

===========================================================================================
----------------- testing Tue Aug 07 01:47:11 UTC 2018 /home/travis/build/icyphy/ptII/ptolemy/actor/lib/test/auto/MatrixToArray.xml
----------------- Instantiating /home/travis/build/icyphy/ptII/ptolemy/actor/lib/test/auto/MatrixToArray.xml
6 ms. Memory: 1242112K Free: 326602K (26%)
----------------- Invoking toplevel() on ptolemy.moml.MoMLSimpleApplication@4e1d203b
----------------- Done invoking toplevel() on ptolemy.moml.MoMLSimpleApplication@4e1d203b
reloadAllAccessors: .MatrixToArray

===========================================================================================
----------------- testing Tue Aug 07 01:47:11 UTC 2018 /home/travis/build/icyphy/ptII/ptolemy/actor/lib/test/auto/MaxIndex.xml
----------------- Instantiating /home/travis/build/icyphy/ptII/ptolemy/actor/lib/test/auto/MaxIndex.xml
2 ms. Memory: 1242112K Free: 315189K (25%)
----------------- Invoking toplevel() on ptolemy.moml.MoMLSimpleApplication@1320f9b4
----------------- Done invoking toplevel() on ptolemy.moml.MoMLSimpleApplication@1320f9b4
reloadAllAccessors: .MaxIndex

===========================================================================================
----------------- testing Tue Aug 07 01:47:11 UTC 2018 /home/travis/build/icyphy/ptII/ptolemy/actor/lib/test/auto/Maximum.xml
----------------- Instantiating /home/travis/build/icyphy/ptII/ptolemy/actor/lib/test/auto/Maximum.xml
2 ms. Memory: 1242112K Free: 303777K (24%)
----------------- Invoking toplevel() on ptolemy.moml.MoMLSimpleApplication@44f475f8
----------------- Done invoking toplevel() on ptolemy.moml.MoMLSimpleApplication@44f475f8
reloadAllAccessors: .Maximum

===========================================================================================
----------------- testing Tue Aug 07 01:47:11 UTC 2018 /home/travis/build/icyphy/ptII/ptolemy/actor/lib/test/auto/MaximumComplex.xml
----------------- Instantiating /home/travis/build/icyphy/ptII/ptolemy/actor/lib/test/auto/MaximumComplex.xml
3 ms. Memory: 1242112K Free: 286028K (23%)
----------------- Invoking toplevel() on ptolemy.moml.MoMLSimpleApplication@17033f31
----------------- Done invoking toplevel() on ptolemy.moml.MoMLSimpleApplication@17033f31
reloadAllAccessors: .MaximumComplex

===========================================================================================
----------------- testing Tue Aug 07 01:47:11 UTC 2018 /home/travis/build/icyphy/ptII/ptolemy/actor/lib/test/auto/MethodCallTest.xml
----------------- Instantiating /home/travis/build/icyphy/ptII/ptolemy/actor/lib/test/auto/MethodCallTest.xml
2 ms. Memory: 1242112K Free: 274615K (22%)
----------------- Invoking toplevel() on ptolemy.moml.MoMLSimpleApplication@4d82a31f
----------------- Done invoking toplevel() on ptolemy.moml.MoMLSimpleApplication@4d82a31f
reloadAllAccessors: .MethodCallTest

===========================================================================================
----------------- testing Tue Aug 07 01:47:11 UTC 2018 /home/travis/build/icyphy/ptII/ptolemy/actor/lib/test/auto/Minimum.xml
----------------- Instantiating /home/travis/build/icyphy/ptII/ptolemy/actor/lib/test/auto/Minimum.xml
2 ms. Memory: 1242112K Free: 263203K (21%)
----------------- Invoking toplevel() on ptolemy.moml.MoMLSimpleApplication@91057a2
----------------- Done invoking toplevel() on ptolemy.moml.MoMLSimpleApplication@91057a2
reloadAllAccessors: .Minimum

===========================================================================================
----------------- testing Tue Aug 07 01:47:11 UTC 2018 /home/travis/build/icyphy/ptII/ptolemy/actor/lib/test/auto/MinimumComplex.xml
----------------- Instantiating /home/travis/build/icyphy/ptII/ptolemy/actor/lib/test/auto/MinimumComplex.xml
3 ms. Memory: 1242112K Free: 245453K (20%)
----------------- Invoking toplevel() on ptolemy.moml.MoMLSimpleApplication@6a673df1
----------------- Done invoking toplevel() on ptolemy.moml.MoMLSimpleApplication@6a673df1
reloadAllAccessors: .MinimumComplex

===========================================================================================
----------------- testing Tue Aug 07 01:47:11 UTC 2018 /home/travis/build/icyphy/ptII/ptolemy/actor/lib/test/auto/MinimumMultiports.xml
----------------- Instantiating /home/travis/build/icyphy/ptII/ptolemy/actor/lib/test/auto/MinimumMultiports.xml
3 ms. Memory: 1242112K Free: 234041K (19%)
----------------- Invoking toplevel() on ptolemy.moml.MoMLSimpleApplication@5c36bbd7
----------------- Done invoking toplevel() on ptolemy.moml.MoMLSimpleApplication@5c36bbd7
reloadAllAccessors: .MinimumMultiports

===========================================================================================
----------------- testing Tue Aug 07 01:47:11 UTC 2018 /home/travis/build/icyphy/ptII/ptolemy/actor/lib/test/auto/ModifyDate.xml
----------------- Instantiating /home/travis/build/icyphy/ptII/ptolemy/actor/lib/test/auto/ModifyDate.xml
5 ms. Memory: 1242112K Free: 204855K (16%)
----------------- Invoking toplevel() on ptolemy.moml.MoMLSimpleApplication@2bda219c
----------------- Done invoking toplevel() on ptolemy.moml.MoMLSimpleApplication@2bda219c
reloadAllAccessors: .ModifyDate

===========================================================================================
----------------- testing Tue Aug 07 01:47:11 UTC 2018 /home/travis/build/icyphy/ptII/ptolemy/actor/lib/test/auto/ModifyDate2.xml
----------------- Instantiating /home/travis/build/icyphy/ptII/ptolemy/actor/lib/test/auto/ModifyDate2.xml
3 ms. Memory: 1242112K Free: 187736K (15%)
----------------- Invoking toplevel() on ptolemy.moml.MoMLSimpleApplication@da2aaa4
----------------- Done invoking toplevel() on ptolemy.moml.MoMLSimpleApplication@da2aaa4
reloadAllAccessors: .ModifyDate2

===========================================================================================
----------------- testing Tue Aug 07 01:47:11 UTC 2018 /home/travis/build/icyphy/ptII/ptolemy/actor/lib/test/auto/MovingAverage.xml
----------------- Instantiating /home/travis/build/icyphy/ptII/ptolemy/actor/lib/test/auto/MovingAverage.xml
3 ms. Memory: 1242112K Free: 176324K (14%)
----------------- Invoking toplevel() on ptolemy.moml.MoMLSimpleApplication@7ebbcd27
----------------- Done invoking toplevel() on ptolemy.moml.MoMLSimpleApplication@7ebbcd27
reloadAllAccessors: .MovingAverage

===========================================================================================
----------------- testing Tue Aug 07 01:47:11 UTC 2018 /home/travis/build/icyphy/ptII/ptolemy/actor/lib/test/auto/MovingMaximum.xml
----------------- Instantiating /home/travis/build/icyphy/ptII/ptolemy/actor/lib/test/auto/MovingMaximum.xml
1 ms. Memory: 1242112K Free: 158574K (13%)
----------------- Invoking toplevel() on ptolemy.moml.MoMLSimpleApplication@1430b838
----------------- Done invoking toplevel() on ptolemy.moml.MoMLSimpleApplication@1430b838
reloadAllAccessors: .MovingMaximum

===========================================================================================
----------------- testing Tue Aug 07 01:47:11 UTC 2018 /home/travis/build/icyphy/ptII/ptolemy/actor/lib/test/auto/MultipleLinksToSameRelation.xml
----------------- Instantiating /home/travis/build/icyphy/ptII/ptolemy/actor/lib/test/auto/MultipleLinksToSameRelation.xml
2 ms. Memory: 1242112K Free: 147162K (12%)
----------------- Invoking toplevel() on ptolemy.moml.MoMLSimpleApplication@6950ea03
----------------- Done invoking toplevel() on ptolemy.moml.MoMLSimpleApplication@6950ea03
reloadAllAccessors: .MultipleLinksToSameRelation

===========================================================================================
----------------- testing Tue Aug 07 01:47:11 UTC 2018 /home/travis/build/icyphy/ptII/ptolemy/actor/lib/test/auto/MultipleLinksToSameRelationDE.xml
----------------- Instantiating /home/travis/build/icyphy/ptII/ptolemy/actor/lib/test/auto/MultipleLinksToSameRelationDE.xml
3 ms. Memory: 1242112K Free: 135749K (11%)
----------------- Invoking toplevel() on ptolemy.moml.MoMLSimpleApplication@18402d5
----------------- Done invoking toplevel() on ptolemy.moml.MoMLSimpleApplication@18402d5
reloadAllAccessors: .MultipleLinksToSameRelationDE

===========================================================================================
----------------- testing Tue Aug 07 01:47:11 UTC 2018 /home/travis/build/icyphy/ptII/ptolemy/actor/lib/test/auto/Multiplexor.xml
----------------- Instantiating /home/travis/build/icyphy/ptII/ptolemy/actor/lib/test/auto/Multiplexor.xml
3 ms. Memory: 1242112K Free: 118000K (9%)
----------------- Invoking toplevel() on ptolemy.moml.MoMLSimpleApplication@6be2b053
----------------- Done invoking toplevel() on ptolemy.moml.MoMLSimpleApplication@6be2b053
reloadAllAccessors: .Multiplexor

===========================================================================================
----------------- testing Tue Aug 07 01:47:11 UTC 2018 /home/travis/build/icyphy/ptII/ptolemy/actor/lib/test/auto/Multiplexor1.xml
----------------- Instantiating /home/travis/build/icyphy/ptII/ptolemy/actor/lib/test/auto/Multiplexor1.xml
3 ms. Memory: 1242112K Free: 106587K (9%)
----------------- Invoking toplevel() on ptolemy.moml.MoMLSimpleApplication@11f82181
----------------- Done invoking toplevel() on ptolemy.moml.MoMLSimpleApplication@11f82181
reloadAllAccessors: .Multiplexor1

===========================================================================================
----------------- testing Tue Aug 07 01:47:11 UTC 2018 /home/travis/build/icyphy/ptII/ptolemy/actor/lib/test/auto/Multiplexor2.xml
----------------- Instantiating /home/travis/build/icyphy/ptII/ptolemy/actor/lib/test/auto/Multiplexor2.xml
3 ms. Memory: 1242112K Free: 95175K (8%)
----------------- Invoking toplevel() on ptolemy.moml.MoMLSimpleApplication@56abebac
----------------- Done invoking toplevel() on ptolemy.moml.MoMLSimpleApplication@56abebac
reloadAllAccessors: .Multiplexor2

===========================================================================================
----------------- testing Tue Aug 07 01:47:12 UTC 2018 /home/travis/build/icyphy/ptII/ptolemy/actor/lib/test/auto/Multiplexor3.xml
----------------- Instantiating /home/travis/build/icyphy/ptII/ptolemy/actor/lib/test/auto/Multiplexor3.xml
1 ms. Memory: 1242112K Free: 77425K (6%)
----------------- Invoking toplevel() on ptolemy.moml.MoMLSimpleApplication@11899136
----------------- Done invoking toplevel() on ptolemy.moml.MoMLSimpleApplication@11899136
reloadAllAccessors: .Multiplexor3

===========================================================================================
----------------- testing Tue Aug 07 01:47:12 UTC 2018 /home/travis/build/icyphy/ptII/ptolemy/actor/lib/test/auto/MultiplexorDE.xml
----------------- Instantiating /home/travis/build/icyphy/ptII/ptolemy/actor/lib/test/auto/MultiplexorDE.xml
2 ms. Memory: 1242112K Free: 62983K (5%)
----------------- Invoking toplevel() on ptolemy.moml.MoMLSimpleApplication@3752cdde
----------------- Done invoking toplevel() on ptolemy.moml.MoMLSimpleApplication@3752cdde
reloadAllAccessors: .MultiplexorDE

===========================================================================================
----------------- testing Tue Aug 07 01:47:12 UTC 2018 /home/travis/build/icyphy/ptII/ptolemy/actor/lib/test/auto/MultiportBroadcastTest.xml
----------------- Instantiating /home/travis/build/icyphy/ptII/ptolemy/actor/lib/test/auto/MultiportBroadcastTest.xml
87 ms. Memory: 1349632K Free: 1288808K (95%)
----------------- Invoking toplevel() on ptolemy.moml.MoMLSimpleApplication@b06b2cc
----------------- Done invoking toplevel() on ptolemy.moml.MoMLSimpleApplication@b06b2cc
reloadAllAccessors: .MultiportBroadcastTest

===========================================================================================
----------------- testing Tue Aug 07 01:47:12 UTC 2018 /home/travis/build/icyphy/ptII/ptolemy/actor/lib/test/auto/MultiportOutHangDuringGetWidth.xml
----------------- Instantiating /home/travis/build/icyphy/ptII/ptolemy/actor/lib/test/auto/MultiportOutHangDuringGetWidth.xml
4 ms. Memory: 1349632K Free: 1264130K (94%)
----------------- Invoking toplevel() on ptolemy.moml.MoMLSimpleApplication@7c7e6e2c
----------------- Done invoking toplevel() on ptolemy.moml.MoMLSimpleApplication@7c7e6e2c
reloadAllAccessors: .MultiportOutHangDuringGetWidth

===========================================================================================
----------------- testing Tue Aug 07 01:47:12 UTC 2018 /home/travis/build/icyphy/ptII/ptolemy/actor/lib/test/auto/NilToken.xml
----------------- Instantiating /home/travis/build/icyphy/ptII/ptolemy/actor/lib/test/auto/NilToken.xml
1 ms. Memory: 1349632K Free: 1247678K (92%)
----------------- Invoking toplevel() on ptolemy.moml.MoMLSimpleApplication@46de3b46
----------------- Done invoking toplevel() on ptolemy.moml.MoMLSimpleApplication@46de3b46
reloadAllAccessors: .NilToken

===========================================================================================
----------------- testing Tue Aug 07 01:47:12 UTC 2018 /home/travis/build/icyphy/ptII/ptolemy/actor/lib/test/auto/NilTokenNonStrictTest.xml
----------------- Instantiating /home/travis/build/icyphy/ptII/ptolemy/actor/lib/test/auto/NilTokenNonStrictTest.xml
1 ms. Memory: 1349632K Free: 1225429K (91%)
----------------- Invoking toplevel() on ptolemy.moml.MoMLSimpleApplication@479778b8
----------------- Done invoking toplevel() on ptolemy.moml.MoMLSimpleApplication@479778b8
reloadAllAccessors: .NilTokenNonStrictTest

===========================================================================================
----------------- testing Tue Aug 07 01:47:12 UTC 2018 /home/travis/build/icyphy/ptII/ptolemy/actor/lib/test/auto/NilTokenRecord.xml
----------------- Instantiating /home/travis/build/icyphy/ptII/ptolemy/actor/lib/test/auto/NilTokenRecord.xml
4 ms. Memory: 1349632K Free: 1208977K (90%)
----------------- Invoking toplevel() on ptolemy.moml.MoMLSimpleApplication@13a04fd4
----------------- Done invoking toplevel() on ptolemy.moml.MoMLSimpleApplication@13a04fd4
reloadAllAccessors: .NilTokenRecord

===========================================================================================
----------------- testing Tue Aug 07 01:47:12 UTC 2018 /home/travis/build/icyphy/ptII/ptolemy/actor/lib/test/auto/NilTokenTypeTest.xml
----------------- Instantiating /home/travis/build/icyphy/ptII/ptolemy/actor/lib/test/auto/NilTokenTypeTest.xml
7 ms. Memory: 1349632K Free: 1178502K (87%)
----------------- Invoking toplevel() on ptolemy.moml.MoMLSimpleApplication@65fd3afe
----------------- Done invoking toplevel() on ptolemy.moml.MoMLSimpleApplication@65fd3afe
reloadAllAccessors: .NilTokenTypeTest

===========================================================================================
----------------- testing Tue Aug 07 01:47:12 UTC 2018 /home/travis/build/icyphy/ptII/ptolemy/actor/lib/test/auto/ObjectToken1.xml
----------------- Instantiating /home/travis/build/icyphy/ptII/ptolemy/actor/lib/test/auto/ObjectToken1.xml
2 ms. Memory: 1349632K Free: 1162049K (86%)
----------------- Invoking toplevel() on ptolemy.moml.MoMLSimpleApplication@26d0e5a2
----------------- Done invoking toplevel() on ptolemy.moml.MoMLSimpleApplication@26d0e5a2
reloadAllAccessors: .ObjectToken1

===========================================================================================
----------------- testing Tue Aug 07 01:47:12 UTC 2018 /home/travis/build/icyphy/ptII/ptolemy/actor/lib/test/auto/OrderedMerge.xml
----------------- Instantiating /home/travis/build/icyphy/ptII/ptolemy/actor/lib/test/auto/OrderedMerge.xml
5 ms. Memory: 1349632K Free: 1112692K (82%)
----------------- Invoking toplevel() on ptolemy.moml.MoMLSimpleApplication@2c23f507
----------------- Done invoking toplevel() on ptolemy.moml.MoMLSimpleApplication@2c23f507
reloadAllAccessors: .OrderedMerge

===========================================================================================
----------------- testing Tue Aug 07 01:47:12 UTC 2018 /home/travis/build/icyphy/ptII/ptolemy/actor/lib/test/auto/OrderedRecordDisassembler.xml
----------------- Instantiating /home/travis/build/icyphy/ptII/ptolemy/actor/lib/test/auto/OrderedRecordDisassembler.xml
2 ms. Memory: 1349632K Free: 1090443K (81%)
----------------- Invoking toplevel() on ptolemy.moml.MoMLSimpleApplication@75b2235c
----------------- Done invoking toplevel() on ptolemy.moml.MoMLSimpleApplication@75b2235c
reloadAllAccessors: .OrderedRecordDisassembler

===========================================================================================
----------------- testing Tue Aug 07 01:47:12 UTC 2018 /home/travis/build/icyphy/ptII/ptolemy/actor/lib/test/auto/OrderedRecordDisassembler2.xml
----------------- Instantiating /home/travis/build/icyphy/ptII/ptolemy/actor/lib/test/auto/OrderedRecordDisassembler2.xml
4 ms. Memory: 1349632K Free: 1073991K (80%)
----------------- Invoking toplevel() on ptolemy.moml.MoMLSimpleApplication@291356cf
----------------- Done invoking toplevel() on ptolemy.moml.MoMLSimpleApplication@291356cf
reloadAllAccessors: .OrderedRecordDisassembler2

===========================================================================================
----------------- testing Tue Aug 07 01:47:12 UTC 2018 /home/travis/build/icyphy/ptII/ptolemy/actor/lib/test/auto/OrderedRecordUpdater.xml
----------------- Instantiating /home/travis/build/icyphy/ptII/ptolemy/actor/lib/test/auto/OrderedRecordUpdater.xml
2 ms. Memory: 1349632K Free: 1051742K (78%)
----------------- Invoking toplevel() on ptolemy.moml.MoMLSimpleApplication@4f7e40db
----------------- Done invoking toplevel() on ptolemy.moml.MoMLSimpleApplication@4f7e40db
reloadAllAccessors: .RecordUpdater

===========================================================================================
----------------- testing Tue Aug 07 01:47:12 UTC 2018 /home/travis/build/icyphy/ptII/ptolemy/actor/lib/test/auto/OrderedRecordUpdater2.xml
----------------- Instantiating /home/travis/build/icyphy/ptII/ptolemy/actor/lib/test/auto/OrderedRecordUpdater2.xml
1 ms. Memory: 1349632K Free: 1035290K (77%)
----------------- Invoking toplevel() on ptolemy.moml.MoMLSimpleApplication@468a6672
----------------- Done invoking toplevel() on ptolemy.moml.MoMLSimpleApplication@468a6672
reloadAllAccessors: .RecordUpdater2

===========================================================================================
----------------- testing Tue Aug 07 01:47:12 UTC 2018 /home/travis/build/icyphy/ptII/ptolemy/actor/lib/test/auto/PhaseUnwrap.xml
----------------- Instantiating /home/travis/build/icyphy/ptII/ptolemy/actor/lib/test/auto/PhaseUnwrap.xml
1 ms. Memory: 1349632K Free: 1013041K (75%)
----------------- Invoking toplevel() on ptolemy.moml.MoMLSimpleApplication@8439692
----------------- Done invoking toplevel() on ptolemy.moml.MoMLSimpleApplication@8439692
reloadAllAccessors: .PhaseUnwrap

===========================================================================================
----------------- testing Tue Aug 07 01:47:12 UTC 2018 /home/travis/build/icyphy/ptII/ptolemy/actor/lib/test/auto/PoissonClock.xml
----------------- Instantiating /home/travis/build/icyphy/ptII/ptolemy/actor/lib/test/auto/PoissonClock.xml
1 ms. Memory: 1349632K Free: 996589K (74%)
----------------- Invoking toplevel() on ptolemy.moml.MoMLSimpleApplication@40d6132c
----------------- Done invoking toplevel() on ptolemy.moml.MoMLSimpleApplication@40d6132c
reloadAllAccessors: .PoissonClock

===========================================================================================
----------------- testing Tue Aug 07 01:47:12 UTC 2018 /home/travis/build/icyphy/ptII/ptolemy/actor/lib/test/auto/PoissonClock2.xml
----------------- Instantiating /home/travis/build/icyphy/ptII/ptolemy/actor/lib/test/auto/PoissonClock2.xml
1 ms. Memory: 1349632K Free: 980136K (73%)
----------------- Invoking toplevel() on ptolemy.moml.MoMLSimpleApplication@15445d43
----------------- Done invoking toplevel() on ptolemy.moml.MoMLSimpleApplication@15445d43
reloadAllAccessors: .PoissonClock2

===========================================================================================
----------------- testing Tue Aug 07 01:47:12 UTC 2018 /home/travis/build/icyphy/ptII/ptolemy/actor/lib/test/auto/PoissonClock3.xml
----------------- Instantiating /home/travis/build/icyphy/ptII/ptolemy/actor/lib/test/auto/PoissonClock3.xml
1 ms. Memory: 1349632K Free: 957887K (71%)
----------------- Invoking toplevel() on ptolemy.moml.MoMLSimpleApplication@522728df
----------------- Done invoking toplevel() on ptolemy.moml.MoMLSimpleApplication@522728df
reloadAllAccessors: .PoissonClock3

===========================================================================================
----------------- testing Tue Aug 07 01:47:12 UTC 2018 /home/travis/build/icyphy/ptII/ptolemy/actor/lib/test/auto/PubSubWithInitialTokens.xml
----------------- Instantiating /home/travis/build/icyphy/ptII/ptolemy/actor/lib/test/auto/PubSubWithInitialTokens.xml
2 ms. Memory: 1349632K Free: 941435K (70%)
----------------- Invoking toplevel() on ptolemy.moml.MoMLSimpleApplication@3ccbc526
----------------- Done invoking toplevel() on ptolemy.moml.MoMLSimpleApplication@3ccbc526
reloadAllAccessors: .PubSubWithInitialTokens

===========================================================================================
----------------- testing Tue Aug 07 01:47:12 UTC 2018 /home/travis/build/icyphy/ptII/ptolemy/actor/lib/test/auto/PubSubWithInitialTokens2.xml
----------------- Instantiating /home/travis/build/icyphy/ptII/ptolemy/actor/lib/test/auto/PubSubWithInitialTokens2.xml
2 ms. Memory: 1349632K Free: 919186K (68%)
----------------- Invoking toplevel() on ptolemy.moml.MoMLSimpleApplication@7552c58
----------------- Done invoking toplevel() on ptolemy.moml.MoMLSimpleApplication@7552c58
reloadAllAccessors: .PubSubWithInitialTokens2

===========================================================================================
----------------- testing Tue Aug 07 01:47:12 UTC 2018 /home/travis/build/icyphy/ptII/ptolemy/actor/lib/test/auto/PublisherClassNoParameter.xml
----------------- Instantiating /home/travis/build/icyphy/ptII/ptolemy/actor/lib/test/auto/PublisherClassNoParameter.xml
2 ms. Memory: 1349632K Free: 894492K (66%)
----------------- Invoking toplevel() on ptolemy.moml.MoMLSimpleApplication@44521e32
----------------- Done invoking toplevel() on ptolemy.moml.MoMLSimpleApplication@44521e32
reloadAllAccessors: .PublisherClassNoParameter

===========================================================================================
----------------- testing Tue Aug 07 01:47:12 UTC 2018 /home/travis/build/icyphy/ptII/ptolemy/actor/lib/test/auto/PublisherClassParameter.xml
----------------- Instantiating /home/travis/build/icyphy/ptII/ptolemy/actor/lib/test/auto/PublisherClassParameter.xml
2 ms. Memory: 1349632K Free: 869813K (64%)
----------------- Invoking toplevel() on ptolemy.moml.MoMLSimpleApplication@3e398556
----------------- Done invoking toplevel() on ptolemy.moml.MoMLSimpleApplication@3e398556
reloadAllAccessors: .PublisherClassParameter

===========================================================================================
----------------- testing Tue Aug 07 01:47:12 UTC 2018 /home/travis/build/icyphy/ptII/ptolemy/actor/lib/test/auto/PublisherNonStrictTest.xml
----------------- Instantiating /home/travis/build/icyphy/ptII/ptolemy/actor/lib/test/auto/PublisherNonStrictTest.xml
3 ms. Memory: 1349632K Free: 847565K (63%)
----------------- Invoking toplevel() on ptolemy.moml.MoMLSimpleApplication@178f6f5
----------------- Done invoking toplevel() on ptolemy.moml.MoMLSimpleApplication@178f6f5
reloadAllAccessors: .PublisherNonStrictTest

===========================================================================================
----------------- testing Tue Aug 07 01:47:12 UTC 2018 /home/travis/build/icyphy/ptII/ptolemy/actor/lib/test/auto/PublisherPort1.xml
----------------- Instantiating /home/travis/build/icyphy/ptII/ptolemy/actor/lib/test/auto/PublisherPort1.xml
2 ms. Memory: 1349632K Free: 831112K (62%)
----------------- Invoking toplevel() on ptolemy.moml.MoMLSimpleApplication@18895299
----------------- Done invoking toplevel() on ptolemy.moml.MoMLSimpleApplication@18895299
reloadAllAccessors: .PublisherPort1

===========================================================================================
----------------- testing Tue Aug 07 01:47:12 UTC 2018 /home/travis/build/icyphy/ptII/ptolemy/actor/lib/test/auto/PublisherPort2.xml
----------------- Instantiating /home/travis/build/icyphy/ptII/ptolemy/actor/lib/test/auto/PublisherPort2.xml
1 ms. Memory: 1349632K Free: 808863K (60%)
----------------- Invoking toplevel() on ptolemy.moml.MoMLSimpleApplication@4d13cfb4
----------------- Done invoking toplevel() on ptolemy.moml.MoMLSimpleApplication@4d13cfb4
reloadAllAccessors: .PublisherPort2

===========================================================================================
----------------- testing Tue Aug 07 01:47:12 UTC 2018 /home/travis/build/icyphy/ptII/ptolemy/actor/lib/test/auto/PublisherPort3.xml
----------------- Instantiating /home/travis/build/icyphy/ptII/ptolemy/actor/lib/test/auto/PublisherPort3.xml
3 ms. Memory: 1349632K Free: 792411K (59%)
----------------- Invoking toplevel() on ptolemy.moml.MoMLSimpleApplication@7d1814db
----------------- Done invoking toplevel() on ptolemy.moml.MoMLSimpleApplication@7d1814db
reloadAllAccessors: .PublisherPort3

===========================================================================================
----------------- testing Tue Aug 07 01:47:12 UTC 2018 /home/travis/build/icyphy/ptII/ptolemy/actor/lib/test/auto/PublisherPort4.xml
----------------- Instantiating /home/travis/build/icyphy/ptII/ptolemy/actor/lib/test/auto/PublisherPort4.xml
2 ms. Memory: 1349632K Free: 775959K (57%)
----------------- Invoking toplevel() on ptolemy.moml.MoMLSimpleApplication@2f23d0a5
----------------- Done invoking toplevel() on ptolemy.moml.MoMLSimpleApplication@2f23d0a5
reloadAllAccessors: .PublisherPort4

===========================================================================================
----------------- testing Tue Aug 07 01:47:12 UTC 2018 /home/travis/build/icyphy/ptII/ptolemy/actor/lib/test/auto/PublisherPort5.xml
----------------- Instantiating /home/travis/build/icyphy/ptII/ptolemy/actor/lib/test/auto/PublisherPort5.xml
3 ms. Memory: 1349632K Free: 753710K (56%)
----------------- Invoking toplevel() on ptolemy.moml.MoMLSimpleApplication@334a1763
----------------- Done invoking toplevel() on ptolemy.moml.MoMLSimpleApplication@334a1763
reloadAllAccessors: .PublisherPort5

===========================================================================================
----------------- testing Tue Aug 07 01:47:12 UTC 2018 /home/travis/build/icyphy/ptII/ptolemy/actor/lib/test/auto/PublisherPort5LookAlike.xml
----------------- Instantiating /home/travis/build/icyphy/ptII/ptolemy/actor/lib/test/auto/PublisherPort5LookAlike.xml
3 ms. Memory: 1349632K Free: 737258K (55%)
----------------- Invoking toplevel() on ptolemy.moml.MoMLSimpleApplication@647abe0f
----------------- Done invoking toplevel() on ptolemy.moml.MoMLSimpleApplication@647abe0f
reloadAllAccessors: .PublisherPort5LookAlike

===========================================================================================
----------------- testing Tue Aug 07 01:47:12 UTC 2018 /home/travis/build/icyphy/ptII/ptolemy/actor/lib/test/auto/PublisherPort6.xml
----------------- Instantiating /home/travis/build/icyphy/ptII/ptolemy/actor/lib/test/auto/PublisherPort6.xml
2 ms. Memory: 1349632K Free: 715009K (53%)
----------------- Invoking toplevel() on ptolemy.moml.MoMLSimpleApplication@61b4705f
----------------- Done invoking toplevel() on ptolemy.moml.MoMLSimpleApplication@61b4705f
reloadAllAccessors: .PublisherPort6

===========================================================================================
----------------- testing Tue Aug 07 01:47:12 UTC 2018 /home/travis/build/icyphy/ptII/ptolemy/actor/lib/test/auto/PublisherPort7.xml
----------------- Instantiating /home/travis/build/icyphy/ptII/ptolemy/actor/lib/test/auto/PublisherPort7.xml
3 ms. Memory: 1349632K Free: 698557K (52%)
----------------- Invoking toplevel() on ptolemy.moml.MoMLSimpleApplication@2144e6d9
----------------- Done invoking toplevel() on ptolemy.moml.MoMLSimpleApplication@2144e6d9
reloadAllAccessors: .PublisherPort7

===========================================================================================
----------------- testing Tue Aug 07 01:47:12 UTC 2018 /home/travis/build/icyphy/ptII/ptolemy/actor/lib/test/auto/PublisherPort8.xml
----------------- Instantiating /home/travis/build/icyphy/ptII/ptolemy/actor/lib/test/auto/PublisherPort8.xml
4 ms. Memory: 1349632K Free: 676308K (50%)
----------------- Invoking toplevel() on ptolemy.moml.MoMLSimpleApplication@6b234f2d
----------------- Done invoking toplevel() on ptolemy.moml.MoMLSimpleApplication@6b234f2d
reloadAllAccessors: .PublisherPort8

===========================================================================================
----------------- testing Tue Aug 07 01:47:12 UTC 2018 /home/travis/build/icyphy/ptII/ptolemy/actor/lib/test/auto/PublisherPortSubscriberChannelVariablesAOC2.xml
----------------- Instantiating /home/travis/build/icyphy/ptII/ptolemy/actor/lib/test/auto/PublisherPortSubscriberChannelVariablesAOC2.xml
3 ms. Memory: 1349632K Free: 651614K (48%)
----------------- Invoking toplevel() on ptolemy.moml.MoMLSimpleApplication@488a7265
----------------- Done invoking toplevel() on ptolemy.moml.MoMLSimpleApplication@488a7265
reloadAllAccessors: .PublisherPortSubscriberChannelVariablesAOC2

===========================================================================================
----------------- testing Tue Aug 07 01:47:12 UTC 2018 /home/travis/build/icyphy/ptII/ptolemy/actor/lib/test/auto/PublisherPortSubscriberOpaqueWidthInference.xml
----------------- Instantiating /home/travis/build/icyphy/ptII/ptolemy/actor/lib/test/auto/PublisherPortSubscriberOpaqueWidthInference.xml
4 ms. Memory: 1349632K Free: 635161K (47%)
----------------- Invoking toplevel() on ptolemy.moml.MoMLSimpleApplication@944f5ce
----------------- Done invoking toplevel() on ptolemy.moml.MoMLSimpleApplication@944f5ce
reloadAllAccessors: .PublisherPortSubscriberOpaqueWidthInference

===========================================================================================
----------------- testing Tue Aug 07 01:47:12 UTC 2018 /home/travis/build/icyphy/ptII/ptolemy/actor/lib/test/auto/PublisherPortSubscriberPortAdjacent.xml
----------------- Instantiating /home/travis/build/icyphy/ptII/ptolemy/actor/lib/test/auto/PublisherPortSubscriberPortAdjacent.xml
2 ms. Memory: 1349632K Free: 612912K (45%)
----------------- Invoking toplevel() on ptolemy.moml.MoMLSimpleApplication@1f706f0d
----------------- Done invoking toplevel() on ptolemy.moml.MoMLSimpleApplication@1f706f0d
reloadAllAccessors: .PublisherPortSubscriberPortAdjacent

===========================================================================================
----------------- testing Tue Aug 07 01:47:12 UTC 2018 /home/travis/build/icyphy/ptII/ptolemy/actor/lib/test/auto/PublisherPortSubscriberPortExpression.xml
----------------- Instantiating /home/travis/build/icyphy/ptII/ptolemy/actor/lib/test/auto/PublisherPortSubscriberPortExpression.xml
3 ms. Memory: 1349632K Free: 596460K (44%)
----------------- Invoking toplevel() on ptolemy.moml.MoMLSimpleApplication@70f8b484
----------------- Done invoking toplevel() on ptolemy.moml.MoMLSimpleApplication@70f8b484
reloadAllAccessors: .PublisherPortSubscriberPortExpression

===========================================================================================
----------------- testing Tue Aug 07 01:47:12 UTC 2018 /home/travis/build/icyphy/ptII/ptolemy/actor/lib/test/auto/PublisherPortSubscriberPortOpaqueD3Reverse.xml
----------------- Instantiating /home/travis/build/icyphy/ptII/ptolemy/actor/lib/test/auto/PublisherPortSubscriberPortOpaqueD3Reverse.xml
6 ms. Memory: 1349632K Free: 574211K (43%)
----------------- Invoking toplevel() on ptolemy.moml.MoMLSimpleApplication@21d8ab88
----------------- Done invoking toplevel() on ptolemy.moml.MoMLSimpleApplication@21d8ab88
reloadAllAccessors: .PublisherPortSubscriberPortOpaqueD3Reverse

===========================================================================================
----------------- testing Tue Aug 07 01:47:12 UTC 2018 /home/travis/build/icyphy/ptII/ptolemy/actor/lib/test/auto/PublisherPortSubscriberPortOpaqueWidthInference.xml
----------------- Instantiating /home/travis/build/icyphy/ptII/ptolemy/actor/lib/test/auto/PublisherPortSubscriberPortOpaqueWidthInference.xml
4 ms. Memory: 1349632K Free: 557759K (41%)
----------------- Invoking toplevel() on ptolemy.moml.MoMLSimpleApplication@390f8016
----------------- Done invoking toplevel() on ptolemy.moml.MoMLSimpleApplication@390f8016
reloadAllAccessors: .PublisherPortSubscriberPortOpaqueWidthInference

===========================================================================================
----------------- testing Tue Aug 07 01:47:12 UTC 2018 /home/travis/build/icyphy/ptII/ptolemy/actor/lib/test/auto/PublisherPortToplevelSubscriberPortAOC.xml
----------------- Instantiating /home/travis/build/icyphy/ptII/ptolemy/actor/lib/test/auto/PublisherPortToplevelSubscriberPortAOC.xml
.PublisherPortToplevelSubscriberPortAOC.TestExceptionAttribute: initialize() was not invoked, but wrapup() was.  This is unusual, but not always a problem.  For example, exporting JNLP will do this.
1 ms. Memory: 1349632K Free: 541306K (40%)
----------------- Invoking toplevel() on ptolemy.moml.MoMLSimpleApplication@1521e25d
----------------- Done invoking toplevel() on ptolemy.moml.MoMLSimpleApplication@1521e25d
reloadAllAccessors: .PublisherPortToplevelSubscriberPortAOC

===========================================================================================
----------------- testing Tue Aug 07 01:47:12 UTC 2018 /home/travis/build/icyphy/ptII/ptolemy/actor/lib/test/auto/PublisherSubscriber.xml
----------------- Instantiating /home/travis/build/icyphy/ptII/ptolemy/actor/lib/test/auto/PublisherSubscriber.xml
3 ms. Memory: 1349632K Free: 519057K (38%)
----------------- Invoking toplevel() on ptolemy.moml.MoMLSimpleApplication@143aa80b
----------------- Done invoking toplevel() on ptolemy.moml.MoMLSimpleApplication@143aa80b
reloadAllAccessors: .PublisherSubscriber

===========================================================================================
----------------- testing Tue Aug 07 01:47:12 UTC 2018 /home/travis/build/icyphy/ptII/ptolemy/actor/lib/test/auto/PublisherSubscriber10.xml
----------------- Instantiating /home/travis/build/icyphy/ptII/ptolemy/actor/lib/test/auto/PublisherSubscriber10.xml
5 ms. Memory: 1349632K Free: 502605K (37%)
----------------- Invoking toplevel() on ptolemy.moml.MoMLSimpleApplication@5fe6c593
----------------- Done invoking toplevel() on ptolemy.moml.MoMLSimpleApplication@5fe6c593
reloadAllAccessors: .PublisherSubscriber10

===========================================================================================
----------------- testing Tue Aug 07 01:47:12 UTC 2018 /home/travis/build/icyphy/ptII/ptolemy/actor/lib/test/auto/PublisherSubscriber10InitialOutputs.xml
----------------- Instantiating /home/travis/build/icyphy/ptII/ptolemy/actor/lib/test/auto/PublisherSubscriber10InitialOutputs.xml
5 ms. Memory: 1349632K Free: 480356K (36%)
----------------- Invoking toplevel() on ptolemy.moml.MoMLSimpleApplication@2fa66f09
----------------- Done invoking toplevel() on ptolemy.moml.MoMLSimpleApplication@2fa66f09
reloadAllAccessors: .PublisherSubscriber10InitialOutputs

===========================================================================================
----------------- testing Tue Aug 07 01:47:12 UTC 2018 /home/travis/build/icyphy/ptII/ptolemy/actor/lib/test/auto/PublisherSubscriber11.xml
----------------- Instantiating /home/travis/build/icyphy/ptII/ptolemy/actor/lib/test/auto/PublisherSubscriber11.xml
2 ms. Memory: 1349632K Free: 463904K (34%)
----------------- Invoking toplevel() on ptolemy.moml.MoMLSimpleApplication@7b832394
----------------- Done invoking toplevel() on ptolemy.moml.MoMLSimpleApplication@7b832394
reloadAllAccessors: .PublisherSubscriber11

===========================================================================================
----------------- testing Tue Aug 07 01:47:12 UTC 2018 /home/travis/build/icyphy/ptII/ptolemy/actor/lib/test/auto/PublisherSubscriber12.xml
----------------- Instantiating /home/travis/build/icyphy/ptII/ptolemy/actor/lib/test/auto/PublisherSubscriber12.xml
3 ms. Memory: 1349632K Free: 441655K (33%)
----------------- Invoking toplevel() on ptolemy.moml.MoMLSimpleApplication@1268882a
----------------- Done invoking toplevel() on ptolemy.moml.MoMLSimpleApplication@1268882a
reloadAllAccessors: .PublisherSubscriber12

===========================================================================================
----------------- testing Tue Aug 07 01:47:12 UTC 2018 /home/travis/build/icyphy/ptII/ptolemy/actor/lib/test/auto/PublisherSubscriber13.xml
----------------- Instantiating /home/travis/build/icyphy/ptII/ptolemy/actor/lib/test/auto/PublisherSubscriber13.xml
2 ms. Memory: 1349632K Free: 425203K (32%)
----------------- Invoking toplevel() on ptolemy.moml.MoMLSimpleApplication@608daa4e
----------------- Done invoking toplevel() on ptolemy.moml.MoMLSimpleApplication@608daa4e
reloadAllAccessors: .PublisherSubscriber13

===========================================================================================
----------------- testing Tue Aug 07 01:47:13 UTC 2018 /home/travis/build/icyphy/ptII/ptolemy/actor/lib/test/auto/PublisherSubscriber14.xml
----------------- Instantiating /home/travis/build/icyphy/ptII/ptolemy/actor/lib/test/auto/PublisherSubscriber14.xml
2 ms. Memory: 1349632K Free: 408751K (30%)
----------------- Invoking toplevel() on ptolemy.moml.MoMLSimpleApplication@50aabadb
----------------- Done invoking toplevel() on ptolemy.moml.MoMLSimpleApplication@50aabadb
reloadAllAccessors: .PublisherSubscriber14

===========================================================================================
----------------- testing Tue Aug 07 01:47:13 UTC 2018 /home/travis/build/icyphy/ptII/ptolemy/actor/lib/test/auto/PublisherSubscriber2.xml
----------------- Instantiating /home/travis/build/icyphy/ptII/ptolemy/actor/lib/test/auto/PublisherSubscriber2.xml
2 ms. Memory: 1349632K Free: 386502K (29%)
----------------- Invoking toplevel() on ptolemy.moml.MoMLSimpleApplication@762d8f9d
----------------- Done invoking toplevel() on ptolemy.moml.MoMLSimpleApplication@762d8f9d
reloadAllAccessors: .PublisherSubscriber2

===========================================================================================
----------------- testing Tue Aug 07 01:47:13 UTC 2018 /home/travis/build/icyphy/ptII/ptolemy/actor/lib/test/auto/PublisherSubscriber3.xml
----------------- Instantiating /home/travis/build/icyphy/ptII/ptolemy/actor/lib/test/auto/PublisherSubscriber3.xml
2 ms. Memory: 1349632K Free: 370050K (27%)
----------------- Invoking toplevel() on ptolemy.moml.MoMLSimpleApplication@19e20704
----------------- Done invoking toplevel() on ptolemy.moml.MoMLSimpleApplication@19e20704
reloadAllAccessors: .PublisherSubscriber3

===========================================================================================
----------------- testing Tue Aug 07 01:47:13 UTC 2018 /home/travis/build/icyphy/ptII/ptolemy/actor/lib/test/auto/PublisherSubscriber4.xml
----------------- Instantiating /home/travis/build/icyphy/ptII/ptolemy/actor/lib/test/auto/PublisherSubscriber4.xml
2 ms. Memory: 1349632K Free: 347801K (26%)
----------------- Invoking toplevel() on ptolemy.moml.MoMLSimpleApplication@9a424a9
----------------- Done invoking toplevel() on ptolemy.moml.MoMLSimpleApplication@9a424a9
reloadAllAccessors: .PublisherSubscriber4

===========================================================================================
----------------- testing Tue Aug 07 01:47:13 UTC 2018 /home/travis/build/icyphy/ptII/ptolemy/actor/lib/test/auto/PublisherSubscriber5.xml
----------------- Instantiating /home/travis/build/icyphy/ptII/ptolemy/actor/lib/test/auto/PublisherSubscriber5.xml
2 ms. Memory: 1349632K Free: 331348K (25%)
----------------- Invoking toplevel() on ptolemy.moml.MoMLSimpleApplication@1e2bfb02
----------------- Done invoking toplevel() on ptolemy.moml.MoMLSimpleApplication@1e2bfb02
reloadAllAccessors: .PublisherSubscriber5

===========================================================================================
----------------- testing Tue Aug 07 01:47:13 UTC 2018 /home/travis/build/icyphy/ptII/ptolemy/actor/lib/test/auto/PublisherSubscriber6.xml
----------------- Instantiating /home/travis/build/icyphy/ptII/ptolemy/actor/lib/test/auto/PublisherSubscriber6.xml
4 ms. Memory: 1349632K Free: 314896K (23%)
----------------- Invoking toplevel() on ptolemy.moml.MoMLSimpleApplication@75f2bba9
----------------- Done invoking toplevel() on ptolemy.moml.MoMLSimpleApplication@75f2bba9
reloadAllAccessors: .PublisherSubscriber6

===========================================================================================
----------------- testing Tue Aug 07 01:47:13 UTC 2018 /home/travis/build/icyphy/ptII/ptolemy/actor/lib/test/auto/PublisherSubscriber7.xml
----------------- Instantiating /home/travis/build/icyphy/ptII/ptolemy/actor/lib/test/auto/PublisherSubscriber7.xml
7 ms. Memory: 1349632K Free: 292647K (22%)
----------------- Invoking toplevel() on ptolemy.moml.MoMLSimpleApplication@4061b0a
----------------- Done invoking toplevel() on ptolemy.moml.MoMLSimpleApplication@4061b0a
reloadAllAccessors: .PublisherSubscriber7

===========================================================================================
----------------- testing Tue Aug 07 01:47:13 UTC 2018 /home/travis/build/icyphy/ptII/ptolemy/actor/lib/test/auto/PublisherSubscriber8.xml
----------------- Instantiating /home/travis/build/icyphy/ptII/ptolemy/actor/lib/test/auto/PublisherSubscriber8.xml
22 ms. Memory: 1349632K Free: 193933K (14%)
----------------- Invoking toplevel() on ptolemy.moml.MoMLSimpleApplication@50a1e7d3
----------------- Done invoking toplevel() on ptolemy.moml.MoMLSimpleApplication@50a1e7d3
reloadAllAccessors: .PublisherSubscriber8

===========================================================================================
----------------- testing Tue Aug 07 01:47:13 UTC 2018 /home/travis/build/icyphy/ptII/ptolemy/actor/lib/test/auto/PublisherSubscriber9.xml
----------------- Instantiating /home/travis/build/icyphy/ptII/ptolemy/actor/lib/test/auto/PublisherSubscriber9.xml
2 ms. Memory: 1349632K Free: 171685K (13%)
----------------- Invoking toplevel() on ptolemy.moml.MoMLSimpleApplication@4e5d6b37
----------------- Done invoking toplevel() on ptolemy.moml.MoMLSimpleApplication@4e5d6b37
reloadAllAccessors: .PublisherSubscriber9

===========================================================================================
----------------- testing Tue Aug 07 01:47:13 UTC 2018 /home/travis/build/icyphy/ptII/ptolemy/actor/lib/test/auto/PublisherSubscriberAdjacent.xml
----------------- Instantiating /home/travis/build/icyphy/ptII/ptolemy/actor/lib/test/auto/PublisherSubscriberAdjacent.xml
2 ms. Memory: 1349632K Free: 155232K (12%)
----------------- Invoking toplevel() on ptolemy.moml.MoMLSimpleApplication@320a5ab8
----------------- Done invoking toplevel() on ptolemy.moml.MoMLSimpleApplication@320a5ab8
reloadAllAccessors: .PublisherSubscriberAdjacent

===========================================================================================
----------------- testing Tue Aug 07 01:47:13 UTC 2018 /home/travis/build/icyphy/ptII/ptolemy/actor/lib/test/auto/PublisherSubscriberChannelVariablesAOC2.xml
----------------- Instantiating /home/travis/build/icyphy/ptII/ptolemy/actor/lib/test/auto/PublisherSubscriberChannelVariablesAOC2.xml
3 ms. Memory: 1349632K Free: 124757K (9%)
----------------- Invoking toplevel() on ptolemy.moml.MoMLSimpleApplication@11a33ad6
----------------- Done invoking toplevel() on ptolemy.moml.MoMLSimpleApplication@11a33ad6
reloadAllAccessors: .PublisherSubscriberChannelVariablesAOC2

===========================================================================================
----------------- testing Tue Aug 07 01:47:13 UTC 2018 /home/travis/build/icyphy/ptII/ptolemy/actor/lib/test/auto/PublisherSubscriberD3.xml
----------------- Instantiating /home/travis/build/icyphy/ptII/ptolemy/actor/lib/test/auto/PublisherSubscriberD3.xml
2 ms. Memory: 1349632K Free: 108305K (8%)
----------------- Invoking toplevel() on ptolemy.moml.MoMLSimpleApplication@57ff102b
----------------- Done invoking toplevel() on ptolemy.moml.MoMLSimpleApplication@57ff102b
reloadAllAccessors: .PublisherSubscriberD3

===========================================================================================
----------------- testing Tue Aug 07 01:47:13 UTC 2018 /home/travis/build/icyphy/ptII/ptolemy/actor/lib/test/auto/PublisherSubscriberD3Reverse.xml
----------------- Instantiating /home/travis/build/icyphy/ptII/ptolemy/actor/lib/test/auto/PublisherSubscriberD3Reverse.xml
2 ms. Memory: 1349632K Free: 91853K (7%)
----------------- Invoking toplevel() on ptolemy.moml.MoMLSimpleApplication@258689f7
----------------- Done invoking toplevel() on ptolemy.moml.MoMLSimpleApplication@258689f7
reloadAllAccessors: .PublisherSubscriberD3Reverse

===========================================================================================
----------------- testing Tue Aug 07 01:47:13 UTC 2018 /home/travis/build/icyphy/ptII/ptolemy/actor/lib/test/auto/PublisherSubscriberExpression.xml
----------------- Instantiating /home/travis/build/icyphy/ptII/ptolemy/actor/lib/test/auto/PublisherSubscriberExpression.xml
13 ms. Memory: 1422336K Free: 1379165K (97%)
----------------- Invoking toplevel() on ptolemy.moml.MoMLSimpleApplication@14cda04a
----------------- Done invoking toplevel() on ptolemy.moml.MoMLSimpleApplication@14cda04a
reloadAllAccessors: .PublisherSubscriberExpression

===========================================================================================
----------------- testing Tue Aug 07 01:47:13 UTC 2018 /home/travis/build/icyphy/ptII/ptolemy/actor/lib/test/auto/PublisherSubscriberOpaque.xml
----------------- Instantiating /home/travis/build/icyphy/ptII/ptolemy/actor/lib/test/auto/PublisherSubscriberOpaque.xml
3 ms. Memory: 1422336K Free: 1352117K (95%)
----------------- Invoking toplevel() on ptolemy.moml.MoMLSimpleApplication@3199539
----------------- Done invoking toplevel() on ptolemy.moml.MoMLSimpleApplication@3199539
reloadAllAccessors: .PublisherSubscriberOpaque

===========================================================================================
----------------- testing Tue Aug 07 01:47:13 UTC 2018 /home/travis/build/icyphy/ptII/ptolemy/actor/lib/test/auto/PublisherSubscriberOpaqueD3.xml
----------------- Instantiating /home/travis/build/icyphy/ptII/ptolemy/actor/lib/test/auto/PublisherSubscriberOpaqueD3.xml
5 ms. Memory: 1422336K Free: 1334504K (94%)
----------------- Invoking toplevel() on ptolemy.moml.MoMLSimpleApplication@3f8653db
----------------- Done invoking toplevel() on ptolemy.moml.MoMLSimpleApplication@3f8653db
reloadAllAccessors: .PublisherSubscriberOpaqueD3

===========================================================================================
----------------- testing Tue Aug 07 01:47:13 UTC 2018 /home/travis/build/icyphy/ptII/ptolemy/actor/lib/test/auto/PublisherSubscriberOpaqueD3Reverse.xml
----------------- Instantiating /home/travis/build/icyphy/ptII/ptolemy/actor/lib/test/auto/PublisherSubscriberOpaqueD3Reverse.xml
5 ms. Memory: 1422336K Free: 1311827K (92%)
----------------- Invoking toplevel() on ptolemy.moml.MoMLSimpleApplication@3d2a66a8
----------------- Done invoking toplevel() on ptolemy.moml.MoMLSimpleApplication@3d2a66a8
reloadAllAccessors: .PublisherSubscriberOpaqueD3Reverse

===========================================================================================
----------------- testing Tue Aug 07 01:47:13 UTC 2018 /home/travis/build/icyphy/ptII/ptolemy/actor/lib/test/auto/PublisherSubscriberOpaqueWidthInference.xml
----------------- Instantiating /home/travis/build/icyphy/ptII/ptolemy/actor/lib/test/auto/PublisherSubscriberOpaqueWidthInference.xml
4 ms. Memory: 1422336K Free: 1294214K (91%)
----------------- Invoking toplevel() on ptolemy.moml.MoMLSimpleApplication@502c58ef
----------------- Done invoking toplevel() on ptolemy.moml.MoMLSimpleApplication@502c58ef
reloadAllAccessors: .PublisherSubscriberOpaqueWidthInference

===========================================================================================
----------------- testing Tue Aug 07 01:47:13 UTC 2018 /home/travis/build/icyphy/ptII/ptolemy/actor/lib/test/auto/PublisherTestSubscriber.xml
----------------- Instantiating /home/travis/build/icyphy/ptII/ptolemy/actor/lib/test/auto/PublisherTestSubscriber.xml
3 ms. Memory: 1422336K Free: 1271568K (89%)
----------------- Invoking toplevel() on ptolemy.moml.MoMLSimpleApplication@3eca26eb
----------------- Done invoking toplevel() on ptolemy.moml.MoMLSimpleApplication@3eca26eb
reloadAllAccessors: .PublisherTestSubscriber

===========================================================================================
----------------- testing Tue Aug 07 01:47:13 UTC 2018 /home/travis/build/icyphy/ptII/ptolemy/actor/lib/test/auto/PublisherToplevelSubscriberPortAOC.xml
----------------- Instantiating /home/travis/build/icyphy/ptII/ptolemy/actor/lib/test/auto/PublisherToplevelSubscriberPortAOC.xml
2 ms. Memory: 1422336K Free: 1253956K (88%)
----------------- Invoking toplevel() on ptolemy.moml.MoMLSimpleApplication@330a1cbd
----------------- Done invoking toplevel() on ptolemy.moml.MoMLSimpleApplication@330a1cbd
reloadAllAccessors: .PublisherToplevelSubscriberPortAOC

===========================================================================================
----------------- testing Tue Aug 07 01:47:13 UTC 2018 /home/travis/build/icyphy/ptII/ptolemy/actor/lib/test/auto/PulseFiringLimitDE.xml
----------------- Instantiating /home/travis/build/icyphy/ptII/ptolemy/actor/lib/test/auto/PulseFiringLimitDE.xml
2 ms. Memory: 1422336K Free: 1231310K (87%)
----------------- Invoking toplevel() on ptolemy.moml.MoMLSimpleApplication@7bfcec7a
----------------- Done invoking toplevel() on ptolemy.moml.MoMLSimpleApplication@7bfcec7a
reloadAllAccessors: .PulseFiringLimitDE

===========================================================================================
----------------- testing Tue Aug 07 01:47:13 UTC 2018 /home/travis/build/icyphy/ptII/ptolemy/actor/lib/test/auto/Ramp1.xml
----------------- Instantiating /home/travis/build/icyphy/ptII/ptolemy/actor/lib/test/auto/Ramp1.xml
1 ms. Memory: 1422336K Free: 1213697K (85%)
----------------- Invoking toplevel() on ptolemy.moml.MoMLSimpleApplication@fe0b650
----------------- Done invoking toplevel() on ptolemy.moml.MoMLSimpleApplication@fe0b650
reloadAllAccessors: .Ramp1

===========================================================================================
----------------- testing Tue Aug 07 01:47:13 UTC 2018 /home/travis/build/icyphy/ptII/ptolemy/actor/lib/test/auto/RampFiringLimitDE.xml
----------------- Instantiating /home/travis/build/icyphy/ptII/ptolemy/actor/lib/test/auto/RampFiringLimitDE.xml
3 ms. Memory: 1422336K Free: 1191052K (84%)
----------------- Invoking toplevel() on ptolemy.moml.MoMLSimpleApplication@21542d18
----------------- Done invoking toplevel() on ptolemy.moml.MoMLSimpleApplication@21542d18
reloadAllAccessors: .RampFiringLimitDE

===========================================================================================
----------------- testing Tue Aug 07 01:47:13 UTC 2018 /home/travis/build/icyphy/ptII/ptolemy/actor/lib/test/auto/RampFiringLimitSDF.xml
----------------- Instantiating /home/travis/build/icyphy/ptII/ptolemy/actor/lib/test/auto/RampFiringLimitSDF.xml
3 ms. Memory: 1422336K Free: 1173439K (83%)
----------------- Invoking toplevel() on ptolemy.moml.MoMLSimpleApplication@7fe73185
----------------- Done invoking toplevel() on ptolemy.moml.MoMLSimpleApplication@7fe73185
reloadAllAccessors: .RampFiringLimitSDF

===========================================================================================
----------------- testing Tue Aug 07 01:47:13 UTC 2018 /home/travis/build/icyphy/ptII/ptolemy/actor/lib/test/auto/RandomInteger.xml
----------------- Instantiating /home/travis/build/icyphy/ptII/ptolemy/actor/lib/test/auto/RandomInteger.xml
1 ms. Memory: 1422336K Free: 1150794K (81%)
----------------- Invoking toplevel() on ptolemy.moml.MoMLSimpleApplication@2a9d4465
----------------- Done invoking toplevel() on ptolemy.moml.MoMLSimpleApplication@2a9d4465
reloadAllAccessors: .RandomInteger

===========================================================================================
----------------- testing Tue Aug 07 01:47:13 UTC 2018 /home/travis/build/icyphy/ptII/ptolemy/actor/lib/test/auto/ReadFile1.xml
----------------- Instantiating /home/travis/build/icyphy/ptII/ptolemy/actor/lib/test/auto/ReadFile1.xml
1 ms. Memory: 1422336K Free: 1133181K (80%)
----------------- Invoking toplevel() on ptolemy.moml.MoMLSimpleApplication@2c45bdf0
----------------- Done invoking toplevel() on ptolemy.moml.MoMLSimpleApplication@2c45bdf0
reloadAllAccessors: .ReadFile1

===========================================================================================
----------------- testing Tue Aug 07 01:47:13 UTC 2018 /home/travis/build/icyphy/ptII/ptolemy/actor/lib/test/auto/ReadFile2.xml
----------------- Instantiating /home/travis/build/icyphy/ptII/ptolemy/actor/lib/test/auto/ReadFile2.xml
1 ms. Memory: 1422336K Free: 1110535K (78%)
----------------- Invoking toplevel() on ptolemy.moml.MoMLSimpleApplication@7b9f04e0
----------------- Done invoking toplevel() on ptolemy.moml.MoMLSimpleApplication@7b9f04e0
reloadAllAccessors: .ReadFile2

===========================================================================================
----------------- testing Tue Aug 07 01:47:13 UTC 2018 /home/travis/build/icyphy/ptII/ptolemy/actor/lib/test/auto/Reader.xml
----------------- Instantiating /home/travis/build/icyphy/ptII/ptolemy/actor/lib/test/auto/Reader.xml
actor.lib.Reader is obsolete, use actor.lib.io.ExpressionReader instead
2 ms. Memory: 1422336K Free: 1092922K (77%)
----------------- Invoking toplevel() on ptolemy.moml.MoMLSimpleApplication@2412350e
----------------- Done invoking toplevel() on ptolemy.moml.MoMLSimpleApplication@2412350e
reloadAllAccessors: .Reader

===========================================================================================
----------------- testing Tue Aug 07 01:47:13 UTC 2018 /home/travis/build/icyphy/ptII/ptolemy/actor/lib/test/auto/RecordAssemblerDisplayNameTest.xml
----------------- Instantiating /home/travis/build/icyphy/ptII/ptolemy/actor/lib/test/auto/RecordAssemblerDisplayNameTest.xml
3737 ms. Memory: 1511424K Free: 1241671K (82%)
----------------- Invoking toplevel() on ptolemy.moml.MoMLSimpleApplication@7ff07165
----------------- Done invoking toplevel() on ptolemy.moml.MoMLSimpleApplication@7ff07165
reloadAllAccessors: .RecordAssemblerDisplayNameTest

===========================================================================================
----------------- testing Tue Aug 07 01:47:17 UTC 2018 /home/travis/build/icyphy/ptII/ptolemy/actor/lib/test/auto/RecordAssemblerTypeError.xml
----------------- Instantiating /home/travis/build/icyphy/ptII/ptolemy/actor/lib/test/auto/RecordAssemblerTypeError.xml
5 ms. Memory: 1511424K Free: 1206407K (80%)
----------------- Invoking toplevel() on ptolemy.moml.MoMLSimpleApplication@2690c725
----------------- Done invoking toplevel() on ptolemy.moml.MoMLSimpleApplication@2690c725
reloadAllAccessors: .RecordAssemblerTypeError

===========================================================================================
----------------- testing Tue Aug 07 01:47:17 UTC 2018 /home/travis/build/icyphy/ptII/ptolemy/actor/lib/test/auto/RecordDisassember.xml
----------------- Instantiating /home/travis/build/icyphy/ptII/ptolemy/actor/lib/test/auto/RecordDisassember.xml
3 ms. Memory: 1511424K Free: 1188706K (79%)
----------------- Invoking toplevel() on ptolemy.moml.MoMLSimpleApplication@4ecdda4c
----------------- Done invoking toplevel() on ptolemy.moml.MoMLSimpleApplication@4ecdda4c
reloadAllAccessors: .RecordDisassember

===========================================================================================
----------------- testing Tue Aug 07 01:47:17 UTC 2018 /home/travis/build/icyphy/ptII/ptolemy/actor/lib/test/auto/RecordDisassemberDisplayNameTest.xml
----------------- Instantiating /home/travis/build/icyphy/ptII/ptolemy/actor/lib/test/auto/RecordDisassemberDisplayNameTest.xml
5 ms. Memory: 1511424K Free: 1174739K (78%)
----------------- Invoking toplevel() on ptolemy.moml.MoMLSimpleApplication@7a8209f0
----------------- Done invoking toplevel() on ptolemy.moml.MoMLSimpleApplication@7a8209f0
reloadAllAccessors: .RecordDisassemberDisplayNameTest

===========================================================================================
----------------- testing Tue Aug 07 01:47:17 UTC 2018 /home/travis/build/icyphy/ptII/ptolemy/actor/lib/test/auto/RecordDisassembler.xml
----------------- Instantiating /home/travis/build/icyphy/ptII/ptolemy/actor/lib/test/auto/RecordDisassembler.xml
2 ms. Memory: 1511424K Free: 1157037K (77%)
----------------- Invoking toplevel() on ptolemy.moml.MoMLSimpleApplication@1947cd38
----------------- Done invoking toplevel() on ptolemy.moml.MoMLSimpleApplication@1947cd38
reloadAllAccessors: .RecordDisassembler

===========================================================================================
----------------- testing Tue Aug 07 01:47:17 UTC 2018 /home/travis/build/icyphy/ptII/ptolemy/actor/lib/test/auto/RecordDisassembler2.xml
----------------- Instantiating /home/travis/build/icyphy/ptII/ptolemy/actor/lib/test/auto/RecordDisassembler2.xml
3 ms. Memory: 1511424K Free: 1139336K (75%)
----------------- Invoking toplevel() on ptolemy.moml.MoMLSimpleApplication@18c62db
----------------- Done invoking toplevel() on ptolemy.moml.MoMLSimpleApplication@18c62db
reloadAllAccessors: .RecordDisassembler2

===========================================================================================
----------------- testing Tue Aug 07 01:47:17 UTC 2018 /home/travis/build/icyphy/ptII/ptolemy/actor/lib/test/auto/RecordUpdater.xml
----------------- Instantiating /home/travis/build/icyphy/ptII/ptolemy/actor/lib/test/auto/RecordUpdater.xml
1 ms. Memory: 1511424K Free: 1125368K (74%)
----------------- Invoking toplevel() on ptolemy.moml.MoMLSimpleApplication@2510dd0e
----------------- Done invoking toplevel() on ptolemy.moml.MoMLSimpleApplication@2510dd0e
reloadAllAccessors: .RecordUpdater

===========================================================================================
----------------- testing Tue Aug 07 01:47:17 UTC 2018 /home/travis/build/icyphy/ptII/ptolemy/actor/lib/test/auto/RecordUpdater2.xml
----------------- Instantiating /home/travis/build/icyphy/ptII/ptolemy/actor/lib/test/auto/RecordUpdater2.xml
2 ms. Memory: 1511424K Free: 1107667K (73%)
----------------- Invoking toplevel() on ptolemy.moml.MoMLSimpleApplication@39ba5dab
----------------- Done invoking toplevel() on ptolemy.moml.MoMLSimpleApplication@39ba5dab
reloadAllAccessors: .RecordUpdater2

===========================================================================================
----------------- testing Tue Aug 07 01:47:17 UTC 2018 /home/travis/build/icyphy/ptII/ptolemy/actor/lib/test/auto/RecursiveLattice.xml
----------------- Instantiating /home/travis/build/icyphy/ptII/ptolemy/actor/lib/test/auto/RecursiveLattice.xml
2 ms. Memory: 1511424K Free: 1089966K (72%)
----------------- Invoking toplevel() on ptolemy.moml.MoMLSimpleApplication@13254690
----------------- Done invoking toplevel() on ptolemy.moml.MoMLSimpleApplication@13254690
reloadAllAccessors: .RecursiveLattice

===========================================================================================
----------------- testing Tue Aug 07 01:47:17 UTC 2018 /home/travis/build/icyphy/ptII/ptolemy/actor/lib/test/auto/Router.xml
----------------- Instantiating /home/travis/build/icyphy/ptII/ptolemy/actor/lib/test/auto/Router.xml
3004 ms. Memory: 1511424K Free: 1075998K (71%)
----------------- Invoking toplevel() on ptolemy.moml.MoMLSimpleApplication@10d18721
----------------- Done invoking toplevel() on ptolemy.moml.MoMLSimpleApplication@10d18721
reloadAllAccessors: .Router

===========================================================================================
----------------- testing Tue Aug 07 01:47:20 UTC 2018 /home/travis/build/icyphy/ptII/ptolemy/actor/lib/test/auto/Router2.xml
----------------- Instantiating /home/travis/build/icyphy/ptII/ptolemy/actor/lib/test/auto/Router2.xml
3007 ms. Memory: 1511424K Free: 1058297K (70%)
----------------- Invoking toplevel() on ptolemy.moml.MoMLSimpleApplication@424e0699
----------------- Done invoking toplevel() on ptolemy.moml.MoMLSimpleApplication@424e0699
reloadAllAccessors: .Router2

===========================================================================================
----------------- testing Tue Aug 07 01:47:23 UTC 2018 /home/travis/build/icyphy/ptII/ptolemy/actor/lib/test/auto/RunningMaximum.xml
----------------- Instantiating /home/travis/build/icyphy/ptII/ptolemy/actor/lib/test/auto/RunningMaximum.xml
2 ms. Memory: 1511424K Free: 1040596K (69%)
----------------- Invoking toplevel() on ptolemy.moml.MoMLSimpleApplication@736a838b
----------------- Done invoking toplevel() on ptolemy.moml.MoMLSimpleApplication@736a838b
reloadAllAccessors: .RunningMaximum

===========================================================================================
----------------- testing Tue Aug 07 01:47:23 UTC 2018 /home/travis/build/icyphy/ptII/ptolemy/actor/lib/test/auto/RunningMinimum.xml
----------------- Instantiating /home/travis/build/icyphy/ptII/ptolemy/actor/lib/test/auto/RunningMinimum.xml
4 ms. Memory: 1511424K Free: 1026628K (68%)
----------------- Invoking toplevel() on ptolemy.moml.MoMLSimpleApplication@5df4ff36
----------------- Done invoking toplevel() on ptolemy.moml.MoMLSimpleApplication@5df4ff36
reloadAllAccessors: .RunningMinimum

===========================================================================================
----------------- testing Tue Aug 07 01:47:23 UTC 2018 /home/travis/build/icyphy/ptII/ptolemy/actor/lib/test/auto/Scale.xml
----------------- Instantiating /home/travis/build/icyphy/ptII/ptolemy/actor/lib/test/auto/Scale.xml
1 ms. Memory: 1511424K Free: 1008927K (67%)
----------------- Invoking toplevel() on ptolemy.moml.MoMLSimpleApplication@34f7f91b
----------------- Done invoking toplevel() on ptolemy.moml.MoMLSimpleApplication@34f7f91b
reloadAllAccessors: .Scale

===========================================================================================
----------------- testing Tue Aug 07 01:47:23 UTC 2018 /home/travis/build/icyphy/ptII/ptolemy/actor/lib/test/auto/Scale2.xml
----------------- Instantiating /home/travis/build/icyphy/ptII/ptolemy/actor/lib/test/auto/Scale2.xml
2 ms. Memory: 1511424K Free: 991226K (66%)
----------------- Invoking toplevel() on ptolemy.moml.MoMLSimpleApplication@7f149571
----------------- Done invoking toplevel() on ptolemy.moml.MoMLSimpleApplication@7f149571
reloadAllAccessors: .Scale2

===========================================================================================
----------------- testing Tue Aug 07 01:47:23 UTC 2018 /home/travis/build/icyphy/ptII/ptolemy/actor/lib/test/auto/Scale3.xml
----------------- Instantiating /home/travis/build/icyphy/ptII/ptolemy/actor/lib/test/auto/Scale3.xml
4 ms. Memory: 1511424K Free: 977258K (65%)
----------------- Invoking toplevel() on ptolemy.moml.MoMLSimpleApplication@7a0d3582
----------------- Done invoking toplevel() on ptolemy.moml.MoMLSimpleApplication@7a0d3582
reloadAllAccessors: .Scale3

===========================================================================================
----------------- testing Tue Aug 07 01:47:23 UTC 2018 /home/travis/build/icyphy/ptII/ptolemy/actor/lib/test/auto/ScaleArray.xml
----------------- Instantiating /home/travis/build/icyphy/ptII/ptolemy/actor/lib/test/auto/ScaleArray.xml
2 ms. Memory: 1511424K Free: 959557K (63%)
----------------- Invoking toplevel() on ptolemy.moml.MoMLSimpleApplication@64c1b716
----------------- Done invoking toplevel() on ptolemy.moml.MoMLSimpleApplication@64c1b716
reloadAllAccessors: .ScaleArray

===========================================================================================
----------------- testing Tue Aug 07 01:47:23 UTC 2018 /home/travis/build/icyphy/ptII/ptolemy/actor/lib/test/auto/ScaleArray2.xml
----------------- Instantiating /home/travis/build/icyphy/ptII/ptolemy/actor/lib/test/auto/ScaleArray2.xml
2 ms. Memory: 1511424K Free: 945590K (63%)
----------------- Invoking toplevel() on ptolemy.moml.MoMLSimpleApplication@1ed7d21
----------------- Done invoking toplevel() on ptolemy.moml.MoMLSimpleApplication@1ed7d21
reloadAllAccessors: .ScaleArray2

===========================================================================================
----------------- testing Tue Aug 07 01:47:23 UTC 2018 /home/travis/build/icyphy/ptII/ptolemy/actor/lib/test/auto/ScaleMatrix.xml
----------------- Instantiating /home/travis/build/icyphy/ptII/ptolemy/actor/lib/test/auto/ScaleMatrix.xml
110 ms. Memory: 1511424K Free: 920904K (61%)
----------------- Invoking toplevel() on ptolemy.moml.MoMLSimpleApplication@4ff5ef18
----------------- Done invoking toplevel() on ptolemy.moml.MoMLSimpleApplication@4ff5ef18
reloadAllAccessors: .ScaleMatrix

===========================================================================================
----------------- testing Tue Aug 07 01:47:23 UTC 2018 /home/travis/build/icyphy/ptII/ptolemy/actor/lib/test/auto/Select.xml
----------------- Instantiating /home/travis/build/icyphy/ptII/ptolemy/actor/lib/test/auto/Select.xml
2 ms. Memory: 1511424K Free: 903203K (60%)
----------------- Invoking toplevel() on ptolemy.moml.MoMLSimpleApplication@31a43e7f
----------------- Done invoking toplevel() on ptolemy.moml.MoMLSimpleApplication@31a43e7f
reloadAllAccessors: .Select

===========================================================================================
----------------- testing Tue Aug 07 01:47:23 UTC 2018 /home/travis/build/icyphy/ptII/ptolemy/actor/lib/test/auto/Select2.xml
----------------- Instantiating /home/travis/build/icyphy/ptII/ptolemy/actor/lib/test/auto/Select2.xml
1 ms. Memory: 1511424K Free: 889236K (59%)
----------------- Invoking toplevel() on ptolemy.moml.MoMLSimpleApplication@6bb9329b
----------------- Done invoking toplevel() on ptolemy.moml.MoMLSimpleApplication@6bb9329b
reloadAllAccessors: .Select2

===========================================================================================
----------------- testing Tue Aug 07 01:47:23 UTC 2018 /home/travis/build/icyphy/ptII/ptolemy/actor/lib/test/auto/SequenceToArray2.xml
----------------- Instantiating /home/travis/build/icyphy/ptII/ptolemy/actor/lib/test/auto/SequenceToArray2.xml
69 ms. Memory: 1511424K Free: 801681K (53%)
----------------- Invoking toplevel() on ptolemy.moml.MoMLSimpleApplication@4708d205
----------------- Done invoking toplevel() on ptolemy.moml.MoMLSimpleApplication@4708d205
reloadAllAccessors: .SequenceToArray2

===========================================================================================
----------------- testing Tue Aug 07 01:47:24 UTC 2018 /home/travis/build/icyphy/ptII/ptolemy/actor/lib/test/auto/SequentialClock.xml
----------------- Instantiating /home/travis/build/icyphy/ptII/ptolemy/actor/lib/test/auto/SequentialClock.xml
1 ms. Memory: 1511424K Free: 783980K (52%)
----------------- Invoking toplevel() on ptolemy.moml.MoMLSimpleApplication@1fdeb71f
----------------- Done invoking toplevel() on ptolemy.moml.MoMLSimpleApplication@1fdeb71f
reloadAllAccessors: .SequentialClock

===========================================================================================
----------------- testing Tue Aug 07 01:47:24 UTC 2018 /home/travis/build/icyphy/ptII/ptolemy/actor/lib/test/auto/SetVariable.xml
----------------- Instantiating /home/travis/build/icyphy/ptII/ptolemy/actor/lib/test/auto/SetVariable.xml
2 ms. Memory: 1511424K Free: 770013K (51%)
----------------- Invoking toplevel() on ptolemy.moml.MoMLSimpleApplication@766f0b8e
----------------- Done invoking toplevel() on ptolemy.moml.MoMLSimpleApplication@766f0b8e
reloadAllAccessors: .SetVariable

===========================================================================================
----------------- testing Tue Aug 07 01:47:24 UTC 2018 /home/travis/build/icyphy/ptII/ptolemy/actor/lib/test/auto/SetVariable2.xml
----------------- Instantiating /home/travis/build/icyphy/ptII/ptolemy/actor/lib/test/auto/SetVariable2.xml
2 ms. Memory: 1511424K Free: 752311K (50%)
----------------- Invoking toplevel() on ptolemy.moml.MoMLSimpleApplication@e91b9a7
----------------- Done invoking toplevel() on ptolemy.moml.MoMLSimpleApplication@e91b9a7
reloadAllAccessors: .SetVariable2

===========================================================================================
----------------- testing Tue Aug 07 01:47:24 UTC 2018 /home/travis/build/icyphy/ptII/ptolemy/actor/lib/test/auto/SetVariable3.xml
----------------- Instantiating /home/travis/build/icyphy/ptII/ptolemy/actor/lib/test/auto/SetVariable3.xml
3 ms. Memory: 1511424K Free: 734610K (49%)
----------------- Invoking toplevel() on ptolemy.moml.MoMLSimpleApplication@2ccfe9dc
----------------- Done invoking toplevel() on ptolemy.moml.MoMLSimpleApplication@2ccfe9dc
reloadAllAccessors: .SetVariable3

===========================================================================================
----------------- testing Tue Aug 07 01:47:24 UTC 2018 /home/travis/build/icyphy/ptII/ptolemy/actor/lib/test/auto/SetVariable4.xml
----------------- Instantiating /home/travis/build/icyphy/ptII/ptolemy/actor/lib/test/auto/SetVariable4.xml
13 ms. Memory: 1511424K Free: 671757K (44%)
----------------- Invoking toplevel() on ptolemy.moml.MoMLSimpleApplication@796688cd
----------------- Done invoking toplevel() on ptolemy.moml.MoMLSimpleApplication@796688cd
reloadAllAccessors: .SetVariable4

===========================================================================================
----------------- testing Tue Aug 07 01:47:24 UTC 2018 /home/travis/build/icyphy/ptII/ptolemy/actor/lib/test/auto/SetVariable5.xml
----------------- Instantiating /home/travis/build/icyphy/ptII/ptolemy/actor/lib/test/auto/SetVariable5.xml
9 ms. Memory: 1511424K Free: 654056K (43%)
----------------- Invoking toplevel() on ptolemy.moml.MoMLSimpleApplication@5fad8de5
----------------- Done invoking toplevel() on ptolemy.moml.MoMLSimpleApplication@5fad8de5
reloadAllAccessors: .SetVariable5

===========================================================================================
----------------- testing Tue Aug 07 01:47:24 UTC 2018 /home/travis/build/icyphy/ptII/ptolemy/actor/lib/test/auto/Sinewave.xml
----------------- Instantiating /home/travis/build/icyphy/ptII/ptolemy/actor/lib/test/auto/Sinewave.xml
4 ms. Memory: 1511424K Free: 629355K (42%)
----------------- Invoking toplevel() on ptolemy.moml.MoMLSimpleApplication@4aca610f
----------------- Done invoking toplevel() on ptolemy.moml.MoMLSimpleApplication@4aca610f
reloadAllAccessors: .Sinewave

===========================================================================================
----------------- testing Tue Aug 07 01:47:24 UTC 2018 /home/travis/build/icyphy/ptII/ptolemy/actor/lib/test/auto/Sinewave2.xml
----------------- Instantiating /home/travis/build/icyphy/ptII/ptolemy/actor/lib/test/auto/Sinewave2.xml
6 ms. Memory: 1511424K Free: 615387K (41%)
----------------- Invoking toplevel() on ptolemy.moml.MoMLSimpleApplication@5acd01cc
----------------- Done invoking toplevel() on ptolemy.moml.MoMLSimpleApplication@5acd01cc
reloadAllAccessors: .Sinewave2

===========================================================================================
----------------- testing Tue Aug 07 01:47:24 UTC 2018 /home/travis/build/icyphy/ptII/ptolemy/actor/lib/test/auto/Sinewave3.xml
----------------- Instantiating /home/travis/build/icyphy/ptII/ptolemy/actor/lib/test/auto/Sinewave3.xml
5 ms. Memory: 1511424K Free: 597686K (40%)
----------------- Invoking toplevel() on ptolemy.moml.MoMLSimpleApplication@dc5babf
----------------- Done invoking toplevel() on ptolemy.moml.MoMLSimpleApplication@dc5babf
reloadAllAccessors: .Sinewave3

===========================================================================================
----------------- testing Tue Aug 07 01:47:24 UTC 2018 /home/travis/build/icyphy/ptII/ptolemy/actor/lib/test/auto/SingleEvent.xml
----------------- Instantiating /home/travis/build/icyphy/ptII/ptolemy/actor/lib/test/auto/SingleEvent.xml
1 ms. Memory: 1511424K Free: 579984K (38%)
----------------- Invoking toplevel() on ptolemy.moml.MoMLSimpleApplication@72577e90
----------------- Done invoking toplevel() on ptolemy.moml.MoMLSimpleApplication@72577e90
reloadAllAccessors: .SingleEvent

===========================================================================================
----------------- testing Tue Aug 07 01:47:24 UTC 2018 /home/travis/build/icyphy/ptII/ptolemy/actor/lib/test/auto/Sleep.xml
----------------- Instantiating /home/travis/build/icyphy/ptII/ptolemy/actor/lib/test/auto/Sleep.xml
6003 ms. Memory: 1511424K Free: 566017K (37%)
----------------- Invoking toplevel() on ptolemy.moml.MoMLSimpleApplication@718058fd
----------------- Done invoking toplevel() on ptolemy.moml.MoMLSimpleApplication@718058fd
reloadAllAccessors: .Sleep

===========================================================================================
----------------- testing Tue Aug 07 01:47:30 UTC 2018 /home/travis/build/icyphy/ptII/ptolemy/actor/lib/test/auto/SleepMultipleFire.xml
----------------- Instantiating /home/travis/build/icyphy/ptII/ptolemy/actor/lib/test/auto/SleepMultipleFire.xml
1005 ms. Memory: 1511424K Free: 548316K (36%)
----------------- Invoking toplevel() on ptolemy.moml.MoMLSimpleApplication@2634177c
----------------- Done invoking toplevel() on ptolemy.moml.MoMLSimpleApplication@2634177c
reloadAllAccessors: .SleepMultipleFire

===========================================================================================
----------------- testing Tue Aug 07 01:47:31 UTC 2018 /home/travis/build/icyphy/ptII/ptolemy/actor/lib/test/auto/StopDE.xml
----------------- Instantiating /home/travis/build/icyphy/ptII/ptolemy/actor/lib/test/auto/StopDE.xml
2 ms. Memory: 1511424K Free: 530615K (35%)
----------------- Invoking toplevel() on ptolemy.moml.MoMLSimpleApplication@48ff6f46
----------------- Done invoking toplevel() on ptolemy.moml.MoMLSimpleApplication@48ff6f46
reloadAllAccessors: .StopDE

===========================================================================================
----------------- testing Tue Aug 07 01:47:31 UTC 2018 /home/travis/build/icyphy/ptII/ptolemy/actor/lib/test/auto/StopSDF.xml
----------------- Instantiating /home/travis/build/icyphy/ptII/ptolemy/actor/lib/test/auto/StopSDF.xml
2 ms. Memory: 1511424K Free: 516647K (34%)
----------------- Invoking toplevel() on ptolemy.moml.MoMLSimpleApplication@703b800c
----------------- Done invoking toplevel() on ptolemy.moml.MoMLSimpleApplication@703b800c
reloadAllAccessors: .StopSDF

===========================================================================================
----------------- testing Tue Aug 07 01:47:31 UTC 2018 /home/travis/build/icyphy/ptII/ptolemy/actor/lib/test/auto/StringConstant.xml
----------------- Instantiating /home/travis/build/icyphy/ptII/ptolemy/actor/lib/test/auto/StringConstant.xml
2 ms. Memory: 1511424K Free: 498946K (33%)
----------------- Invoking toplevel() on ptolemy.moml.MoMLSimpleApplication@231548a2
----------------- Done invoking toplevel() on ptolemy.moml.MoMLSimpleApplication@231548a2
reloadAllAccessors: .StringConstant

===========================================================================================
----------------- testing Tue Aug 07 01:47:31 UTC 2018 /home/travis/build/icyphy/ptII/ptolemy/actor/lib/test/auto/SubscriberPortInitialValues1.xml
----------------- Instantiating /home/travis/build/icyphy/ptII/ptolemy/actor/lib/test/auto/SubscriberPortInitialValues1.xml
6 ms. Memory: 1511424K Free: 481245K (32%)
----------------- Invoking toplevel() on ptolemy.moml.MoMLSimpleApplication@5cd4d506
----------------- Done invoking toplevel() on ptolemy.moml.MoMLSimpleApplication@5cd4d506
reloadAllAccessors: .SubscriberPortInitialValues1

===========================================================================================
----------------- testing Tue Aug 07 01:47:31 UTC 2018 /home/travis/build/icyphy/ptII/ptolemy/actor/lib/test/auto/SubscriberPortInitialValues13.xml
----------------- Instantiating /home/travis/build/icyphy/ptII/ptolemy/actor/lib/test/auto/SubscriberPortInitialValues13.xml
5 ms. Memory: 1511424K Free: 460277K (30%)
----------------- Invoking toplevel() on ptolemy.moml.MoMLSimpleApplication@31f23bd2
----------------- Done invoking toplevel() on ptolemy.moml.MoMLSimpleApplication@31f23bd2
reloadAllAccessors: .SubscriberPortInitialValues13

===========================================================================================
----------------- testing Tue Aug 07 01:47:31 UTC 2018 /home/travis/build/icyphy/ptII/ptolemy/actor/lib/test/auto/SubscriberPortInitialValues14.xml
----------------- Instantiating /home/travis/build/icyphy/ptII/ptolemy/actor/lib/test/auto/SubscriberPortInitialValues14.xml
4 ms. Memory: 1511424K Free: 442576K (29%)
----------------- Invoking toplevel() on ptolemy.moml.MoMLSimpleApplication@2f73c075
----------------- Done invoking toplevel() on ptolemy.moml.MoMLSimpleApplication@2f73c075
reloadAllAccessors: .SubscriberPortInitialValues14

===========================================================================================
----------------- testing Tue Aug 07 01:47:31 UTC 2018 /home/travis/build/icyphy/ptII/ptolemy/actor/lib/test/auto/SubscriberPortInitialValues2.xml
----------------- Instantiating /home/travis/build/icyphy/ptII/ptolemy/actor/lib/test/auto/SubscriberPortInitialValues2.xml
8 ms. Memory: 1511424K Free: 424875K (28%)
----------------- Invoking toplevel() on ptolemy.moml.MoMLSimpleApplication@3b2a1282
----------------- Done invoking toplevel() on ptolemy.moml.MoMLSimpleApplication@3b2a1282
reloadAllAccessors: .SubscriberPortInitialValues2

===========================================================================================
----------------- testing Tue Aug 07 01:47:31 UTC 2018 /home/travis/build/icyphy/ptII/ptolemy/actor/lib/test/auto/SubscriberPortInitialValues3.xml
----------------- Instantiating /home/travis/build/icyphy/ptII/ptolemy/actor/lib/test/auto/SubscriberPortInitialValues3.xml
4 ms. Memory: 1511424K Free: 403908K (27%)
----------------- Invoking toplevel() on ptolemy.moml.MoMLSimpleApplication@3a41331
----------------- Done invoking toplevel() on ptolemy.moml.MoMLSimpleApplication@3a41331
reloadAllAccessors: .SubscriberPortInitialValues3

===========================================================================================
----------------- testing Tue Aug 07 01:47:31 UTC 2018 /home/travis/build/icyphy/ptII/ptolemy/actor/lib/test/auto/SubscriptionAggregator.xml
----------------- Instantiating /home/travis/build/icyphy/ptII/ptolemy/actor/lib/test/auto/SubscriptionAggregator.xml
3 ms. Memory: 1511424K Free: 386207K (26%)
----------------- Invoking toplevel() on ptolemy.moml.MoMLSimpleApplication@22b73393
----------------- Done invoking toplevel() on ptolemy.moml.MoMLSimpleApplication@22b73393
reloadAllAccessors: .SubscriptionAggregator

===========================================================================================
----------------- testing Tue Aug 07 01:47:31 UTC 2018 /home/travis/build/icyphy/ptII/ptolemy/actor/lib/test/auto/SubscriptionAggregator2.xml
----------------- Instantiating /home/travis/build/icyphy/ptII/ptolemy/actor/lib/test/auto/SubscriptionAggregator2.xml
3 ms. Memory: 1511424K Free: 368505K (24%)
----------------- Invoking toplevel() on ptolemy.moml.MoMLSimpleApplication@270496a
----------------- Done invoking toplevel() on ptolemy.moml.MoMLSimpleApplication@270496a
reloadAllAccessors: .SubscriptionAggregator2

===========================================================================================
----------------- testing Tue Aug 07 01:47:31 UTC 2018 /home/travis/build/icyphy/ptII/ptolemy/actor/lib/test/auto/SubscriptionAggregator3.xml
----------------- Instantiating /home/travis/build/icyphy/ptII/ptolemy/actor/lib/test/auto/SubscriptionAggregator3.xml
3 ms. Memory: 1511424K Free: 354538K (23%)
----------------- Invoking toplevel() on ptolemy.moml.MoMLSimpleApplication@7f64cae5
----------------- Done invoking toplevel() on ptolemy.moml.MoMLSimpleApplication@7f64cae5
reloadAllAccessors: .SubscriptionAggregator3

===========================================================================================
----------------- testing Tue Aug 07 01:47:31 UTC 2018 /home/travis/build/icyphy/ptII/ptolemy/actor/lib/test/auto/SubscriptionAggregatorMultiply.xml
----------------- Instantiating /home/travis/build/icyphy/ptII/ptolemy/actor/lib/test/auto/SubscriptionAggregatorMultiply.xml
3 ms. Memory: 1511424K Free: 336837K (22%)
----------------- Invoking toplevel() on ptolemy.moml.MoMLSimpleApplication@69e9c1c5
----------------- Done invoking toplevel() on ptolemy.moml.MoMLSimpleApplication@69e9c1c5
reloadAllAccessors: .SubscriptionAggregatorMultiply

===========================================================================================
----------------- testing Tue Aug 07 01:47:31 UTC 2018 /home/travis/build/icyphy/ptII/ptolemy/actor/lib/test/auto/SubscriptionAggregatorPortMultiply1.xml
----------------- Instantiating /home/travis/build/icyphy/ptII/ptolemy/actor/lib/test/auto/SubscriptionAggregatorPortMultiply1.xml
9 ms. Memory: 1511424K Free: 319135K (21%)
----------------- Invoking toplevel() on ptolemy.moml.MoMLSimpleApplication@77bd65d5
----------------- Done invoking toplevel() on ptolemy.moml.MoMLSimpleApplication@77bd65d5
reloadAllAccessors: .SubscriptionAggregatorPortMultiply1

===========================================================================================
----------------- testing Tue Aug 07 01:47:31 UTC 2018 /home/travis/build/icyphy/ptII/ptolemy/actor/lib/test/auto/Switch.xml
----------------- Instantiating /home/travis/build/icyphy/ptII/ptolemy/actor/lib/test/auto/Switch.xml
4 ms. Memory: 1511424K Free: 263266K (17%)
----------------- Invoking toplevel() on ptolemy.moml.MoMLSimpleApplication@7c22ca6
----------------- Done invoking toplevel() on ptolemy.moml.MoMLSimpleApplication@7c22ca6
reloadAllAccessors: .Switch

===========================================================================================
----------------- testing Tue Aug 07 01:47:31 UTC 2018 /home/travis/build/icyphy/ptII/ptolemy/actor/lib/test/auto/Switch2.xml
----------------- Instantiating /home/travis/build/icyphy/ptII/ptolemy/actor/lib/test/auto/Switch2.xml
1 ms. Memory: 1511424K Free: 245564K (16%)
----------------- Invoking toplevel() on ptolemy.moml.MoMLSimpleApplication@107211f7
----------------- Done invoking toplevel() on ptolemy.moml.MoMLSimpleApplication@107211f7
reloadAllAccessors: .Switch2

===========================================================================================
----------------- testing Tue Aug 07 01:47:31 UTC 2018 /home/travis/build/icyphy/ptII/ptolemy/actor/lib/test/auto/SwitchDE.xml
----------------- Instantiating /home/travis/build/icyphy/ptII/ptolemy/actor/lib/test/auto/SwitchDE.xml
2 ms. Memory: 1511424K Free: 231597K (15%)
----------------- Invoking toplevel() on ptolemy.moml.MoMLSimpleApplication@5a6e72dc
----------------- Done invoking toplevel() on ptolemy.moml.MoMLSimpleApplication@5a6e72dc
reloadAllAccessors: .SwitchDE

===========================================================================================
----------------- testing Tue Aug 07 01:47:31 UTC 2018 /home/travis/build/icyphy/ptII/ptolemy/actor/lib/test/auto/SynchronizerDE.xml
----------------- Instantiating /home/travis/build/icyphy/ptII/ptolemy/actor/lib/test/auto/SynchronizerDE.xml
4 ms. Memory: 1511424K Free: 213896K (14%)
----------------- Invoking toplevel() on ptolemy.moml.MoMLSimpleApplication@13576b3c
----------------- Done invoking toplevel() on ptolemy.moml.MoMLSimpleApplication@13576b3c
reloadAllAccessors: .SynchronizerDE

===========================================================================================
----------------- testing Tue Aug 07 01:47:31 UTC 2018 /home/travis/build/icyphy/ptII/ptolemy/actor/lib/test/auto/Test.xml
----------------- Instantiating /home/travis/build/icyphy/ptII/ptolemy/actor/lib/test/auto/Test.xml
2 ms. Memory: 1511424K Free: 196194K (13%)
----------------- Invoking toplevel() on ptolemy.moml.MoMLSimpleApplication@1cd78c7
----------------- Done invoking toplevel() on ptolemy.moml.MoMLSimpleApplication@1cd78c7
reloadAllAccessors: .Test

===========================================================================================
----------------- testing Tue Aug 07 01:47:31 UTC 2018 /home/travis/build/icyphy/ptII/ptolemy/actor/lib/test/auto/TestExceptionAttribute1.xml
----------------- Instantiating /home/travis/build/icyphy/ptII/ptolemy/actor/lib/test/auto/TestExceptionAttribute1.xml
1 ms. Memory: 1511424K Free: 182227K (12%)
----------------- Invoking toplevel() on ptolemy.moml.MoMLSimpleApplication@129b50c5
----------------- Done invoking toplevel() on ptolemy.moml.MoMLSimpleApplication@129b50c5
reloadAllAccessors: .TestExceptionAttribute1

===========================================================================================
----------------- testing Tue Aug 07 01:47:31 UTC 2018 /home/travis/build/icyphy/ptII/ptolemy/actor/lib/test/auto/TestExceptionAttribute2.xml
----------------- Instantiating /home/travis/build/icyphy/ptII/ptolemy/actor/lib/test/auto/TestExceptionAttribute2.xml
1 ms. Memory: 1511424K Free: 164526K (11%)
----------------- Invoking toplevel() on ptolemy.moml.MoMLSimpleApplication@513fdfee
----------------- Done invoking toplevel() on ptolemy.moml.MoMLSimpleApplication@513fdfee
reloadAllAccessors: .TestExceptionAttribute2

===========================================================================================
----------------- testing Tue Aug 07 01:47:31 UTC 2018 /home/travis/build/icyphy/ptII/ptolemy/actor/lib/test/auto/TestExceptionAttribute3.xml
----------------- Instantiating /home/travis/build/icyphy/ptII/ptolemy/actor/lib/test/auto/TestExceptionAttribute3.xml
.TestExceptionAttribute3.TestExceptionAttribute: initialize() was not invoked, but wrapup() was.  This is unusual, but not always a problem.  For example, exporting JNLP will do this.
0 ms. Memory: 1511424K Free: 146824K (10%)
----------------- Invoking toplevel() on ptolemy.moml.MoMLSimpleApplication@246e8422
----------------- Done invoking toplevel() on ptolemy.moml.MoMLSimpleApplication@246e8422
reloadAllAccessors: .TestExceptionAttribute3

===========================================================================================
----------------- testing Tue Aug 07 01:47:31 UTC 2018 /home/travis/build/icyphy/ptII/ptolemy/actor/lib/test/auto/TestExceptionAttribute4.xml
----------------- Instantiating /home/travis/build/icyphy/ptII/ptolemy/actor/lib/test/auto/TestExceptionAttribute4.xml
.TestExceptionAttribute4.TestExceptionAttribute: initialize() was not invoked, but wrapup() was.  This is unusual, but not always a problem.  For example, exporting JNLP will do this.
.TestExceptionAttribute4.TestExceptionAttribute2: initialize() was not invoked, but wrapup() was.  This is unusual, but not always a problem.  For example, exporting JNLP will do this.
1 ms. Memory: 1511424K Free: 132857K (9%)
----------------- Invoking toplevel() on ptolemy.moml.MoMLSimpleApplication@463e931a
----------------- Done invoking toplevel() on ptolemy.moml.MoMLSimpleApplication@463e931a
reloadAllAccessors: .TestExceptionAttribute4

===========================================================================================
----------------- testing Tue Aug 07 01:47:31 UTC 2018 /home/travis/build/icyphy/ptII/ptolemy/actor/lib/test/auto/TestExceptionHandler1.xml
----------------- Instantiating /home/travis/build/icyphy/ptII/ptolemy/actor/lib/test/auto/TestExceptionHandler1.xml
1 ms. Memory: 1511424K Free: 115156K (8%)
----------------- Invoking toplevel() on ptolemy.moml.MoMLSimpleApplication@6eac2986
----------------- Done invoking toplevel() on ptolemy.moml.MoMLSimpleApplication@6eac2986
reloadAllAccessors: .TestExceptionHandler1

===========================================================================================
----------------- testing Tue Aug 07 01:47:31 UTC 2018 /home/travis/build/icyphy/ptII/ptolemy/actor/lib/test/auto/TestExceptionHandler2.xml
----------------- Instantiating /home/travis/build/icyphy/ptII/ptolemy/actor/lib/test/auto/TestExceptionHandler2.xml
2 ms. Memory: 1511424K Free: 97454K (6%)
----------------- Invoking toplevel() on ptolemy.moml.MoMLSimpleApplication@7e664196
----------------- Done invoking toplevel() on ptolemy.moml.MoMLSimpleApplication@7e664196
reloadAllAccessors: .TestExceptionHandler2

===========================================================================================
----------------- testing Tue Aug 07 01:47:31 UTC 2018 /home/travis/build/icyphy/ptII/ptolemy/actor/lib/test/auto/TestExceptionHandler3.xml
----------------- Instantiating /home/travis/build/icyphy/ptII/ptolemy/actor/lib/test/auto/TestExceptionHandler3.xml
1 ms. Memory: 1511424K Free: 83487K (6%)
----------------- Invoking toplevel() on ptolemy.moml.MoMLSimpleApplication@453b467c
----------------- Done invoking toplevel() on ptolemy.moml.MoMLSimpleApplication@453b467c
reloadAllAccessors: .TestExceptionHandler3

===========================================================================================
----------------- testing Tue Aug 07 01:47:31 UTC 2018 /home/travis/build/icyphy/ptII/ptolemy/actor/lib/test/auto/TestExceptionHandler4.xml
----------------- Instantiating /home/travis/build/icyphy/ptII/ptolemy/actor/lib/test/auto/TestExceptionHandler4.xml
6 ms. Memory: 1562624K Free: 1515684K (97%)
----------------- Invoking toplevel() on ptolemy.moml.MoMLSimpleApplication@e6fa956
----------------- Done invoking toplevel() on ptolemy.moml.MoMLSimpleApplication@e6fa956
reloadAllAccessors: .TestExceptionHandler4

===========================================================================================
----------------- testing Tue Aug 07 01:47:31 UTC 2018 /home/travis/build/icyphy/ptII/ptolemy/actor/lib/test/auto/TestRequireCorrectOrder.xml
----------------- Instantiating /home/travis/build/icyphy/ptII/ptolemy/actor/lib/test/auto/TestRequireCorrectOrder.xml
4 ms. Memory: 1562624K Free: 1493845K (96%)
----------------- Invoking toplevel() on ptolemy.moml.MoMLSimpleApplication@5fd1b6a5
----------------- Done invoking toplevel() on ptolemy.moml.MoMLSimpleApplication@5fd1b6a5
reloadAllAccessors: .TestRequireCorrectOrder

===========================================================================================
----------------- testing Tue Aug 07 01:47:31 UTC 2018 /home/travis/build/icyphy/ptII/ptolemy/actor/lib/test/auto/TestSimple.xml
----------------- Instantiating /home/travis/build/icyphy/ptII/ptolemy/actor/lib/test/auto/TestSimple.xml
1 ms. Memory: 1562624K Free: 1475655K (94%)
----------------- Invoking toplevel() on ptolemy.moml.MoMLSimpleApplication@516e5dcc
----------------- Done invoking toplevel() on ptolemy.moml.MoMLSimpleApplication@516e5dcc
reloadAllAccessors: .TestSimple

===========================================================================================
----------------- testing Tue Aug 07 01:47:31 UTC 2018 /home/travis/build/icyphy/ptII/ptolemy/actor/lib/test/auto/ThrowModelError.xml
----------------- Instantiating /home/travis/build/icyphy/ptII/ptolemy/actor/lib/test/auto/ThrowModelError.xml
1 ms. Memory: 1562624K Free: 1457466K (93%)
----------------- Invoking toplevel() on ptolemy.moml.MoMLSimpleApplication@5ba046ec
----------------- Done invoking toplevel() on ptolemy.moml.MoMLSimpleApplication@5ba046ec
reloadAllAccessors: .ThrowModelError

===========================================================================================
----------------- testing Tue Aug 07 01:47:31 UTC 2018 /home/travis/build/icyphy/ptII/ptolemy/actor/lib/test/auto/TimeDelayMicrosteps.xml
----------------- Instantiating /home/travis/build/icyphy/ptII/ptolemy/actor/lib/test/auto/TimeDelayMicrosteps.xml
3 ms. Memory: 1562624K Free: 1442864K (92%)
----------------- Invoking toplevel() on ptolemy.moml.MoMLSimpleApplication@64afee39
----------------- Done invoking toplevel() on ptolemy.moml.MoMLSimpleApplication@64afee39
reloadAllAccessors: .TimeDelayMicrosteps

===========================================================================================
----------------- testing Tue Aug 07 01:47:31 UTC 2018 /home/travis/build/icyphy/ptII/ptolemy/actor/lib/test/auto/TimeDelayMicrosteps2.xml
----------------- Instantiating /home/travis/build/icyphy/ptII/ptolemy/actor/lib/test/auto/TimeDelayMicrosteps2.xml
4 ms. Memory: 1562624K Free: 1424675K (91%)
----------------- Invoking toplevel() on ptolemy.moml.MoMLSimpleApplication@10856c2
----------------- Done invoking toplevel() on ptolemy.moml.MoMLSimpleApplication@10856c2
reloadAllAccessors: .TimeDelayMicrosteps2

===========================================================================================
----------------- testing Tue Aug 07 01:47:31 UTC 2018 /home/travis/build/icyphy/ptII/ptolemy/actor/lib/test/auto/TimeDelayMicrosteps3.xml
----------------- Instantiating /home/travis/build/icyphy/ptII/ptolemy/actor/lib/test/auto/TimeDelayMicrosteps3.xml
3 ms. Memory: 1562624K Free: 1406485K (90%)
----------------- Invoking toplevel() on ptolemy.moml.MoMLSimpleApplication@5f4c8bc9
----------------- Done invoking toplevel() on ptolemy.moml.MoMLSimpleApplication@5f4c8bc9
reloadAllAccessors: .TimeDelayMicrosteps3

===========================================================================================
----------------- testing Tue Aug 07 01:47:31 UTC 2018 /home/travis/build/icyphy/ptII/ptolemy/actor/lib/test/auto/TimeDelayVariableMicrosteps.xml
----------------- Instantiating /home/travis/build/icyphy/ptII/ptolemy/actor/lib/test/auto/TimeDelayVariableMicrosteps.xml
3 ms. Memory: 1562624K Free: 1391883K (89%)
----------------- Invoking toplevel() on ptolemy.moml.MoMLSimpleApplication@4519715b
----------------- Done invoking toplevel() on ptolemy.moml.MoMLSimpleApplication@4519715b
reloadAllAccessors: .TimeDelayVariableMicrosteps

===========================================================================================
----------------- testing Tue Aug 07 01:47:31 UTC 2018 /home/travis/build/icyphy/ptII/ptolemy/actor/lib/test/auto/TimeGap.xml
----------------- Instantiating /home/travis/build/icyphy/ptII/ptolemy/actor/lib/test/auto/TimeGap.xml
3 ms. Memory: 1562624K Free: 1373694K (88%)
----------------- Invoking toplevel() on ptolemy.moml.MoMLSimpleApplication@3f6fe19e
----------------- Done invoking toplevel() on ptolemy.moml.MoMLSimpleApplication@3f6fe19e
reloadAllAccessors: .TimeGap

===========================================================================================
----------------- testing Tue Aug 07 01:47:31 UTC 2018 /home/travis/build/icyphy/ptII/ptolemy/actor/lib/test/auto/TimeGap2.xml
----------------- Instantiating /home/travis/build/icyphy/ptII/ptolemy/actor/lib/test/auto/TimeGap2.xml
2 ms. Memory: 1562624K Free: 1355504K (87%)
----------------- Invoking toplevel() on ptolemy.moml.MoMLSimpleApplication@298619ee
----------------- Done invoking toplevel() on ptolemy.moml.MoMLSimpleApplication@298619ee
reloadAllAccessors: .TimeGap2

===========================================================================================
----------------- testing Tue Aug 07 01:47:31 UTC 2018 /home/travis/build/icyphy/ptII/ptolemy/actor/lib/test/auto/TimedSinewave.xml
----------------- Instantiating /home/travis/build/icyphy/ptII/ptolemy/actor/lib/test/auto/TimedSinewave.xml
21 ms. Memory: 1562624K Free: 1333585K (85%)
----------------- Invoking toplevel() on ptolemy.moml.MoMLSimpleApplication@1b98696
----------------- Done invoking toplevel() on ptolemy.moml.MoMLSimpleApplication@1b98696
reloadAllAccessors: .TimedSinewave

===========================================================================================
----------------- testing Tue Aug 07 01:47:31 UTC 2018 /home/travis/build/icyphy/ptII/ptolemy/actor/lib/test/auto/TimedSinewavePhase.xml
----------------- Instantiating /home/travis/build/icyphy/ptII/ptolemy/actor/lib/test/auto/TimedSinewavePhase.xml
10 ms. Memory: 1562624K Free: 1315396K (84%)
----------------- Invoking toplevel() on ptolemy.moml.MoMLSimpleApplication@636bcd64
----------------- Done invoking toplevel() on ptolemy.moml.MoMLSimpleApplication@636bcd64
reloadAllAccessors: .TimedSinewavePhase

===========================================================================================
----------------- testing Tue Aug 07 01:47:32 UTC 2018 /home/travis/build/icyphy/ptII/ptolemy/actor/lib/test/auto/Timer.xml
----------------- Instantiating /home/travis/build/icyphy/ptII/ptolemy/actor/lib/test/auto/Timer.xml
2 ms. Memory: 1562624K Free: 1297207K (83%)
----------------- Invoking toplevel() on ptolemy.moml.MoMLSimpleApplication@5d6fd144
----------------- Done invoking toplevel() on ptolemy.moml.MoMLSimpleApplication@5d6fd144
reloadAllAccessors: .Timer

===========================================================================================
----------------- testing Tue Aug 07 01:47:32 UTC 2018 /home/travis/build/icyphy/ptII/ptolemy/actor/lib/test/auto/TriangularDistTestModel.xml
----------------- Instantiating /home/travis/build/icyphy/ptII/ptolemy/actor/lib/test/auto/TriangularDistTestModel.xml
2 ms. Memory: 1562624K Free: 1279002K (82%)
----------------- Invoking toplevel() on ptolemy.moml.MoMLSimpleApplication@76b817d9
----------------- Done invoking toplevel() on ptolemy.moml.MoMLSimpleApplication@76b817d9
reloadAllAccessors: .TriangularDistTestModel

===========================================================================================
----------------- testing Tue Aug 07 01:47:32 UTC 2018 /home/travis/build/icyphy/ptII/ptolemy/actor/lib/test/auto/TrigFunction.xml
----------------- Instantiating /home/travis/build/icyphy/ptII/ptolemy/actor/lib/test/auto/TrigFunction.xml
1 ms. Memory: 1562624K Free: 1264400K (81%)
----------------- Invoking toplevel() on ptolemy.moml.MoMLSimpleApplication@427c8698
----------------- Done invoking toplevel() on ptolemy.moml.MoMLSimpleApplication@427c8698
reloadAllAccessors: .TrigFunction

===========================================================================================
----------------- testing Tue Aug 07 01:47:32 UTC 2018 /home/travis/build/icyphy/ptII/ptolemy/actor/lib/test/auto/TrigFunctionDE.xml
----------------- Instantiating /home/travis/build/icyphy/ptII/ptolemy/actor/lib/test/auto/TrigFunctionDE.xml
2 ms. Memory: 1562624K Free: 1246211K (80%)
----------------- Invoking toplevel() on ptolemy.moml.MoMLSimpleApplication@33223519
----------------- Done invoking toplevel() on ptolemy.moml.MoMLSimpleApplication@33223519
reloadAllAccessors: .TrigFunctionDE

===========================================================================================
----------------- testing Tue Aug 07 01:47:32 UTC 2018 /home/travis/build/icyphy/ptII/ptolemy/actor/lib/test/auto/TrigFunctionInverse.xml
----------------- Instantiating /home/travis/build/icyphy/ptII/ptolemy/actor/lib/test/auto/TrigFunctionInverse.xml
2 ms. Memory: 1562624K Free: 1228022K (79%)
----------------- Invoking toplevel() on ptolemy.moml.MoMLSimpleApplication@7d4f0e8d
----------------- Done invoking toplevel() on ptolemy.moml.MoMLSimpleApplication@7d4f0e8d
reloadAllAccessors: .TrigFunctionInverse

===========================================================================================
----------------- testing Tue Aug 07 01:47:32 UTC 2018 /home/travis/build/icyphy/ptII/ptolemy/actor/lib/test/auto/TrigFunctionTan.xml
----------------- Instantiating /home/travis/build/icyphy/ptII/ptolemy/actor/lib/test/auto/TrigFunctionTan.xml
1 ms. Memory: 1562624K Free: 1213420K (78%)
----------------- Invoking toplevel() on ptolemy.moml.MoMLSimpleApplication@6e62dbba
----------------- Done invoking toplevel() on ptolemy.moml.MoMLSimpleApplication@6e62dbba
reloadAllAccessors: .TrigFunctionTan

===========================================================================================
----------------- testing Tue Aug 07 01:47:32 UTC 2018 /home/travis/build/icyphy/ptII/ptolemy/actor/lib/test/auto/TriggeredClock.xml
----------------- Instantiating /home/travis/build/icyphy/ptII/ptolemy/actor/lib/test/auto/TriggeredClock.xml
1 ms. Memory: 1562624K Free: 1195230K (76%)
----------------- Invoking toplevel() on ptolemy.moml.MoMLSimpleApplication@1c94e5a1
----------------- Done invoking toplevel() on ptolemy.moml.MoMLSimpleApplication@1c94e5a1
reloadAllAccessors: .TriggeredClock

===========================================================================================
----------------- testing Tue Aug 07 01:47:32 UTC 2018 /home/travis/build/icyphy/ptII/ptolemy/actor/lib/test/auto/URLDirectoryReader.xml
----------------- Instantiating /home/travis/build/icyphy/ptII/ptolemy/actor/lib/test/auto/URLDirectoryReader.xml
34 ms. Memory: 1562624K Free: 1177041K (75%)
----------------- Invoking toplevel() on ptolemy.moml.MoMLSimpleApplication@60ffa9b6
----------------- Done invoking toplevel() on ptolemy.moml.MoMLSimpleApplication@60ffa9b6
reloadAllAccessors: .URLDirectoryReader

===========================================================================================
----------------- testing Tue Aug 07 01:47:32 UTC 2018 /home/travis/build/icyphy/ptII/ptolemy/actor/lib/test/auto/URLDirectoryReader3.xml
----------------- Instantiating /home/travis/build/icyphy/ptII/ptolemy/actor/lib/test/auto/URLDirectoryReader3.xml
1293 ms. Memory: 1562624K Free: 1118632K (72%)
----------------- Invoking toplevel() on ptolemy.moml.MoMLSimpleApplication@d19d9f1
----------------- Done invoking toplevel() on ptolemy.moml.MoMLSimpleApplication@d19d9f1
reloadAllAccessors: .URLDirectoryReader3

===========================================================================================
----------------- testing Tue Aug 07 01:47:33 UTC 2018 /home/travis/build/icyphy/ptII/ptolemy/actor/lib/test/auto/UnaryMathFunction.xml
----------------- Instantiating /home/travis/build/icyphy/ptII/ptolemy/actor/lib/test/auto/UnaryMathFunction.xml
2 ms. Memory: 1562624K Free: 1100443K (70%)
----------------- Invoking toplevel() on ptolemy.moml.MoMLSimpleApplication@5fa72d8a
----------------- Done invoking toplevel() on ptolemy.moml.MoMLSimpleApplication@5fa72d8a
reloadAllAccessors: .UnaryMathFunction

===========================================================================================
----------------- testing Tue Aug 07 01:47:33 UTC 2018 /home/travis/build/icyphy/ptII/ptolemy/actor/lib/test/auto/Uniform.xml
----------------- Instantiating /home/travis/build/icyphy/ptII/ptolemy/actor/lib/test/auto/Uniform.xml
1 ms. Memory: 1562624K Free: 1082254K (69%)
----------------- Invoking toplevel() on ptolemy.moml.MoMLSimpleApplication@7b74ecd7
----------------- Done invoking toplevel() on ptolemy.moml.MoMLSimpleApplication@7b74ecd7
reloadAllAccessors: .Uniform

===========================================================================================
----------------- testing Tue Aug 07 01:47:33 UTC 2018 /home/travis/build/icyphy/ptII/ptolemy/actor/lib/test/auto/UnionDisassemblerTest.xml
----------------- Instantiating /home/travis/build/icyphy/ptII/ptolemy/actor/lib/test/auto/UnionDisassemblerTest.xml
7 ms. Memory: 1562624K Free: 1064064K (68%)
----------------- Invoking toplevel() on ptolemy.moml.MoMLSimpleApplication@69f61227
----------------- Done invoking toplevel() on ptolemy.moml.MoMLSimpleApplication@69f61227
reloadAllAccessors: .UnionDisassemblerTest

===========================================================================================
----------------- testing Tue Aug 07 01:47:33 UTC 2018 /home/travis/build/icyphy/ptII/ptolemy/actor/lib/test/auto/UtilityFunctions.xml
----------------- Instantiating /home/travis/build/icyphy/ptII/ptolemy/actor/lib/test/auto/UtilityFunctions.xml
1 ms. Memory: 1562624K Free: 1049462K (67%)
----------------- Invoking toplevel() on ptolemy.moml.MoMLSimpleApplication@3c7eeda4
----------------- Done invoking toplevel() on ptolemy.moml.MoMLSimpleApplication@3c7eeda4
reloadAllAccessors: .UtilityFunctions

===========================================================================================
----------------- testing Tue Aug 07 01:47:33 UTC 2018 /home/travis/build/icyphy/ptII/ptolemy/actor/lib/test/auto/VariableSleep.xml
----------------- Instantiating /home/travis/build/icyphy/ptII/ptolemy/actor/lib/test/auto/VariableSleep.xml
502 ms. Memory: 1562624K Free: 1031273K (66%)
----------------- Invoking toplevel() on ptolemy.moml.MoMLSimpleApplication@1a26a14a
----------------- Done invoking toplevel() on ptolemy.moml.MoMLSimpleApplication@1a26a14a
reloadAllAccessors: .VariableSleep

===========================================================================================
----------------- testing Tue Aug 07 01:47:34 UTC 2018 /home/travis/build/icyphy/ptII/ptolemy/actor/lib/test/auto/VectorAssemblerDisassemblerCT.xml
----------------- Instantiating /home/travis/build/icyphy/ptII/ptolemy/actor/lib/test/auto/VectorAssemblerDisassemblerCT.xml
82 ms. Memory: 1562624K Free: 998450K (64%)
----------------- Invoking toplevel() on ptolemy.moml.MoMLSimpleApplication@58159caf
----------------- Done invoking toplevel() on ptolemy.moml.MoMLSimpleApplication@58159caf
reloadAllAccessors: .VectorAssemblerDisassemblerCT

===========================================================================================
----------------- testing Tue Aug 07 01:47:34 UTC 2018 /home/travis/build/icyphy/ptII/ptolemy/actor/lib/test/auto/VectorAssemblerDisassemblerDE.xml
----------------- Instantiating /home/travis/build/icyphy/ptII/ptolemy/actor/lib/test/auto/VectorAssemblerDisassemblerDE.xml
2 ms. Memory: 1562624K Free: 983848K (63%)
----------------- Invoking toplevel() on ptolemy.moml.MoMLSimpleApplication@6dc41b57
----------------- Done invoking toplevel() on ptolemy.moml.MoMLSimpleApplication@6dc41b57
reloadAllAccessors: .VectorAssemblerDisassemblerDE

===========================================================================================
----------------- testing Tue Aug 07 01:47:34 UTC 2018 /home/travis/build/icyphy/ptII/ptolemy/actor/lib/test/auto/VectorAssemblerDisassemblerSDF.xml
----------------- Instantiating /home/travis/build/icyphy/ptII/ptolemy/actor/lib/test/auto/VectorAssemblerDisassemblerSDF.xml
3 ms. Memory: 1562624K Free: 965658K (62%)
----------------- Invoking toplevel() on ptolemy.moml.MoMLSimpleApplication@1e296f8e
----------------- Done invoking toplevel() on ptolemy.moml.MoMLSimpleApplication@1e296f8e
reloadAllAccessors: .VectorAssemblerDisassemblerSDF

===========================================================================================
----------------- testing Tue Aug 07 01:47:34 UTC 2018 /home/travis/build/icyphy/ptII/ptolemy/actor/lib/test/auto/WallClockTime.xml
----------------- Instantiating /home/travis/build/icyphy/ptII/ptolemy/actor/lib/test/auto/WallClockTime.xml
1004 ms. Memory: 1562624K Free: 947469K (61%)
----------------- Invoking toplevel() on ptolemy.moml.MoMLSimpleApplication@5352a251
----------------- Done invoking toplevel() on ptolemy.moml.MoMLSimpleApplication@5352a251
reloadAllAccessors: .WallClockTime

===========================================================================================
----------------- testing Tue Aug 07 01:47:35 UTC 2018 /home/travis/build/icyphy/ptII/ptolemy/actor/lib/test/auto/WidthTestWithSubscriberPublisher.xml
----------------- Instantiating /home/travis/build/icyphy/ptII/ptolemy/actor/lib/test/auto/WidthTestWithSubscriberPublisher.xml
7 ms. Memory: 1562624K Free: 918233K (59%)
----------------- Invoking toplevel() on ptolemy.moml.MoMLSimpleApplication@3de8d7f1
----------------- Done invoking toplevel() on ptolemy.moml.MoMLSimpleApplication@3de8d7f1
reloadAllAccessors: .WidthTestWithSubscriberPublisher

===========================================================================================
----------------- testing Tue Aug 07 01:47:35 UTC 2018 /home/travis/build/icyphy/ptII/ptolemy/actor/lib/test/auto/WidthTestWithSubscriberPublisher2.xml
----------------- Instantiating /home/travis/build/icyphy/ptII/ptolemy/actor/lib/test/auto/WidthTestWithSubscriberPublisher2.xml
2 ms. Memory: 1562624K Free: 900043K (58%)
----------------- Invoking toplevel() on ptolemy.moml.MoMLSimpleApplication@266b6bb2
----------------- Done invoking toplevel() on ptolemy.moml.MoMLSimpleApplication@266b6bb2
reloadAllAccessors: .WidthTestWithSubscriberPublisher2

===========================================================================================
----------------- testing Tue Aug 07 01:47:35 UTC 2018 /home/travis/build/icyphy/ptII/ptolemy/actor/lib/test/auto/WidthTestWithSubscriberPublisher3.xml
----------------- Instantiating /home/travis/build/icyphy/ptII/ptolemy/actor/lib/test/auto/WidthTestWithSubscriberPublisher3.xml
1 ms. Memory: 1562624K Free: 881854K (56%)
----------------- Invoking toplevel() on ptolemy.moml.MoMLSimpleApplication@23f4f6b
----------------- Done invoking toplevel() on ptolemy.moml.MoMLSimpleApplication@23f4f6b
reloadAllAccessors: .WidthTestWithSubscriberPublisher3

===========================================================================================
----------------- testing Tue Aug 07 01:47:35 UTC 2018 /home/travis/build/icyphy/ptII/ptolemy/actor/lib/test/auto/Writer.xml
----------------- Instantiating /home/travis/build/icyphy/ptII/ptolemy/actor/lib/test/auto/Writer.xml
0
1
2
3
4
2 ms. Memory: 1562624K Free: 863665K (55%)
----------------- Invoking toplevel() on ptolemy.moml.MoMLSimpleApplication@18888d59
----------------- Done invoking toplevel() on ptolemy.moml.MoMLSimpleApplication@18888d59
reloadAllAccessors: .Writer

===========================================================================================
----------------- testing Tue Aug 07 01:47:35 UTC 2018 /home/travis/build/icyphy/ptII/ptolemy/actor/lib/test/auto/array.xml
----------------- Instantiating /home/travis/build/icyphy/ptII/ptolemy/actor/lib/test/auto/array.xml
3 ms. Memory: 1562624K Free: 849063K (54%)
----------------- Invoking toplevel() on ptolemy.moml.MoMLSimpleApplication@6d045df2
----------------- Done invoking toplevel() on ptolemy.moml.MoMLSimpleApplication@6d045df2
reloadAllAccessors: .array

===========================================================================================
----------------- testing Tue Aug 07 01:47:35 UTC 2018 /home/travis/build/icyphy/ptII/ptolemy/actor/lib/test/auto/array2.xml
----------------- Instantiating /home/travis/build/icyphy/ptII/ptolemy/actor/lib/test/auto/array2.xml
3 ms. Memory: 1562624K Free: 830873K (53%)
----------------- Invoking toplevel() on ptolemy.moml.MoMLSimpleApplication@568357d1
----------------- Done invoking toplevel() on ptolemy.moml.MoMLSimpleApplication@568357d1
reloadAllAccessors: .array2

===========================================================================================
----------------- testing Tue Aug 07 01:47:35 UTC 2018 /home/travis/build/icyphy/ptII/ptolemy/actor/lib/test/auto/arrayType.xml
----------------- Instantiating /home/travis/build/icyphy/ptII/ptolemy/actor/lib/test/auto/arrayType.xml
2 ms. Memory: 1562624K Free: 812684K (52%)
----------------- Invoking toplevel() on ptolemy.moml.MoMLSimpleApplication@65fd9244
----------------- Done invoking toplevel() on ptolemy.moml.MoMLSimpleApplication@65fd9244
reloadAllAccessors: .arrayType

===========================================================================================
----------------- testing Tue Aug 07 01:47:35 UTC 2018 /home/travis/build/icyphy/ptII/ptolemy/actor/lib/test/auto/arrayType10.xml
----------------- Instantiating /home/travis/build/icyphy/ptII/ptolemy/actor/lib/test/auto/arrayType10.xml
2 ms. Memory: 1562624K Free: 798082K (51%)
----------------- Invoking toplevel() on ptolemy.moml.MoMLSimpleApplication@1659de56
----------------- Done invoking toplevel() on ptolemy.moml.MoMLSimpleApplication@1659de56
reloadAllAccessors: .arrayType10

===========================================================================================
----------------- testing Tue Aug 07 01:47:35 UTC 2018 /home/travis/build/icyphy/ptII/ptolemy/actor/lib/test/auto/arrayType11.xml
----------------- Instantiating /home/travis/build/icyphy/ptII/ptolemy/actor/lib/test/auto/arrayType11.xml
2 ms. Memory: 1562624K Free: 779893K (50%)
----------------- Invoking toplevel() on ptolemy.moml.MoMLSimpleApplication@22e60cd3
----------------- Done invoking toplevel() on ptolemy.moml.MoMLSimpleApplication@22e60cd3
reloadAllAccessors: .arrayType11

===========================================================================================
----------------- testing Tue Aug 07 01:47:35 UTC 2018 /home/travis/build/icyphy/ptII/ptolemy/actor/lib/test/auto/arrayType12.xml
----------------- Instantiating /home/travis/build/icyphy/ptII/ptolemy/actor/lib/test/auto/arrayType12.xml
2 ms. Memory: 1562624K Free: 761703K (49%)
----------------- Invoking toplevel() on ptolemy.moml.MoMLSimpleApplication@17b05b3c
----------------- Done invoking toplevel() on ptolemy.moml.MoMLSimpleApplication@17b05b3c
reloadAllAccessors: .arrayType12

===========================================================================================
----------------- testing Tue Aug 07 01:47:35 UTC 2018 /home/travis/build/icyphy/ptII/ptolemy/actor/lib/test/auto/arrayType13.xml
----------------- Instantiating /home/travis/build/icyphy/ptII/ptolemy/actor/lib/test/auto/arrayType13.xml
1 ms. Memory: 1562624K Free: 743514K (48%)
----------------- Invoking toplevel() on ptolemy.moml.MoMLSimpleApplication@67c963f
----------------- Done invoking toplevel() on ptolemy.moml.MoMLSimpleApplication@67c963f
reloadAllAccessors: .arrayType13

===========================================================================================
----------------- testing Tue Aug 07 01:47:35 UTC 2018 /home/travis/build/icyphy/ptII/ptolemy/actor/lib/test/auto/arrayType14.xml
----------------- Instantiating /home/travis/build/icyphy/ptII/ptolemy/actor/lib/test/auto/arrayType14.xml
1 ms. Memory: 1562624K Free: 728912K (47%)
----------------- Invoking toplevel() on ptolemy.moml.MoMLSimpleApplication@58423dd7
----------------- Done invoking toplevel() on ptolemy.moml.MoMLSimpleApplication@58423dd7
reloadAllAccessors: .arrayType14

===========================================================================================
----------------- testing Tue Aug 07 01:47:35 UTC 2018 /home/travis/build/icyphy/ptII/ptolemy/actor/lib/test/auto/arrayType15.xml
----------------- Instantiating /home/travis/build/icyphy/ptII/ptolemy/actor/lib/test/auto/arrayType15.xml
2 ms. Memory: 1562624K Free: 710722K (45%)
----------------- Invoking toplevel() on ptolemy.moml.MoMLSimpleApplication@7f1e6723
----------------- Done invoking toplevel() on ptolemy.moml.MoMLSimpleApplication@7f1e6723
reloadAllAccessors: .arrayType15

===========================================================================================
----------------- testing Tue Aug 07 01:47:35 UTC 2018 /home/travis/build/icyphy/ptII/ptolemy/actor/lib/test/auto/arrayType16.xml
----------------- Instantiating /home/travis/build/icyphy/ptII/ptolemy/actor/lib/test/auto/arrayType16.xml
1 ms. Memory: 1562624K Free: 692533K (44%)
----------------- Invoking toplevel() on ptolemy.moml.MoMLSimpleApplication@4089529f
----------------- Done invoking toplevel() on ptolemy.moml.MoMLSimpleApplication@4089529f
reloadAllAccessors: .arrayType16

===========================================================================================
----------------- testing Tue Aug 07 01:47:35 UTC 2018 /home/travis/build/icyphy/ptII/ptolemy/actor/lib/test/auto/arrayType17.xml
----------------- Instantiating /home/travis/build/icyphy/ptII/ptolemy/actor/lib/test/auto/arrayType17.xml
1 ms. Memory: 1562624K Free: 677931K (43%)
----------------- Invoking toplevel() on ptolemy.moml.MoMLSimpleApplication@68eb2de8
----------------- Done invoking toplevel() on ptolemy.moml.MoMLSimpleApplication@68eb2de8
reloadAllAccessors: .arrayType17

===========================================================================================
----------------- testing Tue Aug 07 01:47:35 UTC 2018 /home/travis/build/icyphy/ptII/ptolemy/actor/lib/test/auto/arrayType18.xml
----------------- Instantiating /home/travis/build/icyphy/ptII/ptolemy/actor/lib/test/auto/arrayType18.xml
1 ms. Memory: 1562624K Free: 659742K (42%)
----------------- Invoking toplevel() on ptolemy.moml.MoMLSimpleApplication@37d825
----------------- Done invoking toplevel() on ptolemy.moml.MoMLSimpleApplication@37d825
reloadAllAccessors: .arrayType18

===========================================================================================
----------------- testing Tue Aug 07 01:47:35 UTC 2018 /home/travis/build/icyphy/ptII/ptolemy/actor/lib/test/auto/arrayType19.xml
----------------- Instantiating /home/travis/build/icyphy/ptII/ptolemy/actor/lib/test/auto/arrayType19.xml
2 ms. Memory: 1562624K Free: 641553K (41%)
----------------- Invoking toplevel() on ptolemy.moml.MoMLSimpleApplication@4275c974
----------------- Done invoking toplevel() on ptolemy.moml.MoMLSimpleApplication@4275c974
reloadAllAccessors: .arrayType19

===========================================================================================
----------------- testing Tue Aug 07 01:47:35 UTC 2018 /home/travis/build/icyphy/ptII/ptolemy/actor/lib/test/auto/arrayType2.xml
----------------- Instantiating /home/travis/build/icyphy/ptII/ptolemy/actor/lib/test/auto/arrayType2.xml
1 ms. Memory: 1562624K Free: 626950K (40%)
----------------- Invoking toplevel() on ptolemy.moml.MoMLSimpleApplication@401ff0dc
----------------- Done invoking toplevel() on ptolemy.moml.MoMLSimpleApplication@401ff0dc
reloadAllAccessors: .arrayType2

===========================================================================================
----------------- testing Tue Aug 07 01:47:35 UTC 2018 /home/travis/build/icyphy/ptII/ptolemy/actor/lib/test/auto/arrayType20.xml
----------------- Instantiating /home/travis/build/icyphy/ptII/ptolemy/actor/lib/test/auto/arrayType20.xml
1 ms. Memory: 1562624K Free: 608761K (39%)
----------------- Invoking toplevel() on ptolemy.moml.MoMLSimpleApplication@e9d5329
----------------- Done invoking toplevel() on ptolemy.moml.MoMLSimpleApplication@e9d5329
reloadAllAccessors: .arrayType20

===========================================================================================
----------------- testing Tue Aug 07 01:47:35 UTC 2018 /home/travis/build/icyphy/ptII/ptolemy/actor/lib/test/auto/arrayType21.xml
----------------- Instantiating /home/travis/build/icyphy/ptII/ptolemy/actor/lib/test/auto/arrayType21.xml
1 ms. Memory: 1562624K Free: 590571K (38%)
----------------- Invoking toplevel() on ptolemy.moml.MoMLSimpleApplication@38fc75f9
----------------- Done invoking toplevel() on ptolemy.moml.MoMLSimpleApplication@38fc75f9
reloadAllAccessors: .arrayType21

===========================================================================================
----------------- testing Tue Aug 07 01:47:35 UTC 2018 /home/travis/build/icyphy/ptII/ptolemy/actor/lib/test/auto/arrayType22.xml
----------------- Instantiating /home/travis/build/icyphy/ptII/ptolemy/actor/lib/test/auto/arrayType22.xml
1 ms. Memory: 1562624K Free: 572382K (37%)
----------------- Invoking toplevel() on ptolemy.moml.MoMLSimpleApplication@55c34b9f
----------------- Done invoking toplevel() on ptolemy.moml.MoMLSimpleApplication@55c34b9f
reloadAllAccessors: .arrayType22

===========================================================================================
----------------- testing Tue Aug 07 01:47:35 UTC 2018 /home/travis/build/icyphy/ptII/ptolemy/actor/lib/test/auto/arrayType23.xml
----------------- Instantiating /home/travis/build/icyphy/ptII/ptolemy/actor/lib/test/auto/arrayType23.xml
2 ms. Memory: 1562624K Free: 557780K (36%)
----------------- Invoking toplevel() on ptolemy.moml.MoMLSimpleApplication@65695aeb
----------------- Done invoking toplevel() on ptolemy.moml.MoMLSimpleApplication@65695aeb
reloadAllAccessors: .arrayType23

===========================================================================================
----------------- testing Tue Aug 07 01:47:35 UTC 2018 /home/travis/build/icyphy/ptII/ptolemy/actor/lib/test/auto/arrayType24.xml
----------------- Instantiating /home/travis/build/icyphy/ptII/ptolemy/actor/lib/test/auto/arrayType24.xml
1 ms. Memory: 1562624K Free: 539590K (35%)
----------------- Invoking toplevel() on ptolemy.moml.MoMLSimpleApplication@7c71b7c8
----------------- Done invoking toplevel() on ptolemy.moml.MoMLSimpleApplication@7c71b7c8
reloadAllAccessors: .arrayType24

===========================================================================================
----------------- testing Tue Aug 07 01:47:35 UTC 2018 /home/travis/build/icyphy/ptII/ptolemy/actor/lib/test/auto/arrayType25.xml
----------------- Instantiating /home/travis/build/icyphy/ptII/ptolemy/actor/lib/test/auto/arrayType25.xml
2 ms. Memory: 1562624K Free: 521401K (33%)
----------------- Invoking toplevel() on ptolemy.moml.MoMLSimpleApplication@4acf6851
----------------- Done invoking toplevel() on ptolemy.moml.MoMLSimpleApplication@4acf6851
reloadAllAccessors: .arrayType25

===========================================================================================
----------------- testing Tue Aug 07 01:47:35 UTC 2018 /home/travis/build/icyphy/ptII/ptolemy/actor/lib/test/auto/arrayType26.xml
----------------- Instantiating /home/travis/build/icyphy/ptII/ptolemy/actor/lib/test/auto/arrayType26.xml
2 ms. Memory: 1562624K Free: 506799K (32%)
----------------- Invoking toplevel() on ptolemy.moml.MoMLSimpleApplication@5b09049d
----------------- Done invoking toplevel() on ptolemy.moml.MoMLSimpleApplication@5b09049d
reloadAllAccessors: .arrayType26

===========================================================================================
----------------- testing Tue Aug 07 01:47:35 UTC 2018 /home/travis/build/icyphy/ptII/ptolemy/actor/lib/test/auto/arrayType27.xml
----------------- Instantiating /home/travis/build/icyphy/ptII/ptolemy/actor/lib/test/auto/arrayType27.xml
2 ms. Memory: 1562624K Free: 488610K (31%)
----------------- Invoking toplevel() on ptolemy.moml.MoMLSimpleApplication@10473c9f
----------------- Done invoking toplevel() on ptolemy.moml.MoMLSimpleApplication@10473c9f
reloadAllAccessors: .arrayType27

===========================================================================================
----------------- testing Tue Aug 07 01:47:35 UTC 2018 /home/travis/build/icyphy/ptII/ptolemy/actor/lib/test/auto/arrayType28.xml
----------------- Instantiating /home/travis/build/icyphy/ptII/ptolemy/actor/lib/test/auto/arrayType28.xml
1 ms. Memory: 1562624K Free: 470420K (30%)
----------------- Invoking toplevel() on ptolemy.moml.MoMLSimpleApplication@70cd323a
----------------- Done invoking toplevel() on ptolemy.moml.MoMLSimpleApplication@70cd323a
reloadAllAccessors: .arrayType28

===========================================================================================
----------------- testing Tue Aug 07 01:47:35 UTC 2018 /home/travis/build/icyphy/ptII/ptolemy/actor/lib/test/auto/arrayType3.xml
----------------- Instantiating /home/travis/build/icyphy/ptII/ptolemy/actor/lib/test/auto/arrayType3.xml
2 ms. Memory: 1562624K Free: 452231K (29%)
----------------- Invoking toplevel() on ptolemy.moml.MoMLSimpleApplication@65a42ba8
----------------- Done invoking toplevel() on ptolemy.moml.MoMLSimpleApplication@65a42ba8
reloadAllAccessors: .arrayType3

===========================================================================================
----------------- testing Tue Aug 07 01:47:36 UTC 2018 /home/travis/build/icyphy/ptII/ptolemy/actor/lib/test/auto/arrayType4.xml
----------------- Instantiating /home/travis/build/icyphy/ptII/ptolemy/actor/lib/test/auto/arrayType4.xml
2 ms. Memory: 1562624K Free: 437629K (28%)
----------------- Invoking toplevel() on ptolemy.moml.MoMLSimpleApplication@57fbbe90
----------------- Done invoking toplevel() on ptolemy.moml.MoMLSimpleApplication@57fbbe90
reloadAllAccessors: .arrayType4

===========================================================================================
----------------- testing Tue Aug 07 01:47:36 UTC 2018 /home/travis/build/icyphy/ptII/ptolemy/actor/lib/test/auto/arrayType5.xml
----------------- Instantiating /home/travis/build/icyphy/ptII/ptolemy/actor/lib/test/auto/arrayType5.xml
2 ms. Memory: 1562624K Free: 419439K (27%)
----------------- Invoking toplevel() on ptolemy.moml.MoMLSimpleApplication@5ba4a46
----------------- Done invoking toplevel() on ptolemy.moml.MoMLSimpleApplication@5ba4a46
reloadAllAccessors: .arrayType5

===========================================================================================
----------------- testing Tue Aug 07 01:47:36 UTC 2018 /home/travis/build/icyphy/ptII/ptolemy/actor/lib/test/auto/arrayType6.xml
----------------- Instantiating /home/travis/build/icyphy/ptII/ptolemy/actor/lib/test/auto/arrayType6.xml
1 ms. Memory: 1562624K Free: 401250K (26%)
----------------- Invoking toplevel() on ptolemy.moml.MoMLSimpleApplication@3b6aa777
----------------- Done invoking toplevel() on ptolemy.moml.MoMLSimpleApplication@3b6aa777
reloadAllAccessors: .arrayType6

===========================================================================================
----------------- testing Tue Aug 07 01:47:36 UTC 2018 /home/travis/build/icyphy/ptII/ptolemy/actor/lib/test/auto/arrayType7.xml
----------------- Instantiating /home/travis/build/icyphy/ptII/ptolemy/actor/lib/test/auto/arrayType7.xml
1 ms. Memory: 1562624K Free: 386648K (25%)
----------------- Invoking toplevel() on ptolemy.moml.MoMLSimpleApplication@1a62f865
----------------- Done invoking toplevel() on ptolemy.moml.MoMLSimpleApplication@1a62f865
reloadAllAccessors: .arrayType7

===========================================================================================
----------------- testing Tue Aug 07 01:47:36 UTC 2018 /home/travis/build/icyphy/ptII/ptolemy/actor/lib/test/auto/arrayType8.xml
----------------- Instantiating /home/travis/build/icyphy/ptII/ptolemy/actor/lib/test/auto/arrayType8.xml
1 ms. Memory: 1562624K Free: 368459K (24%)
----------------- Invoking toplevel() on ptolemy.moml.MoMLSimpleApplication@4c49eac0
----------------- Done invoking toplevel() on ptolemy.moml.MoMLSimpleApplication@4c49eac0
reloadAllAccessors: .arrayType8

===========================================================================================
----------------- testing Tue Aug 07 01:47:36 UTC 2018 /home/travis/build/icyphy/ptII/ptolemy/actor/lib/test/auto/arrayType9.xml
----------------- Instantiating /home/travis/build/icyphy/ptII/ptolemy/actor/lib/test/auto/arrayType9.xml
1 ms. Memory: 1562624K Free: 350270K (22%)
----------------- Invoking toplevel() on ptolemy.moml.MoMLSimpleApplication@8320a9f
----------------- Done invoking toplevel() on ptolemy.moml.MoMLSimpleApplication@8320a9f
reloadAllAccessors: .arrayType9

===========================================================================================
----------------- testing Tue Aug 07 01:47:36 UTC 2018 /home/travis/build/icyphy/ptII/ptolemy/actor/lib/test/auto/cast.xml
----------------- Instantiating /home/travis/build/icyphy/ptII/ptolemy/actor/lib/test/auto/cast.xml
2 ms. Memory: 1562624K Free: 332080K (21%)
----------------- Invoking toplevel() on ptolemy.moml.MoMLSimpleApplication@5ba96834
----------------- Done invoking toplevel() on ptolemy.moml.MoMLSimpleApplication@5ba96834
reloadAllAccessors: .cast

===========================================================================================
----------------- testing Tue Aug 07 01:47:36 UTC 2018 /home/travis/build/icyphy/ptII/ptolemy/actor/lib/test/auto/compositeMultiPort.xml
----------------- Instantiating /home/travis/build/icyphy/ptII/ptolemy/actor/lib/test/auto/compositeMultiPort.xml
4 ms. Memory: 1562624K Free: 317478K (20%)
----------------- Invoking toplevel() on ptolemy.moml.MoMLSimpleApplication@4c91c184
----------------- Done invoking toplevel() on ptolemy.moml.MoMLSimpleApplication@4c91c184
reloadAllAccessors: .compositeMultiPort

===========================================================================================
----------------- testing Tue Aug 07 01:47:36 UTC 2018 /home/travis/build/icyphy/ptII/ptolemy/actor/lib/test/auto/expressionCastInference.xml
----------------- Instantiating /home/travis/build/icyphy/ptII/ptolemy/actor/lib/test/auto/expressionCastInference.xml
2 ms. Memory: 1562624K Free: 299289K (19%)
----------------- Invoking toplevel() on ptolemy.moml.MoMLSimpleApplication@695325d1
----------------- Done invoking toplevel() on ptolemy.moml.MoMLSimpleApplication@695325d1
reloadAllAccessors: .expressionCastInference

===========================================================================================
----------------- testing Tue Aug 07 01:47:36 UTC 2018 /home/travis/build/icyphy/ptII/ptolemy/actor/lib/test/auto/expressionCastInference2.xml
----------------- Instantiating /home/travis/build/icyphy/ptII/ptolemy/actor/lib/test/auto/expressionCastInference2.xml
1 ms. Memory: 1562624K Free: 281099K (18%)
----------------- Invoking toplevel() on ptolemy.moml.MoMLSimpleApplication@9a11976
----------------- Done invoking toplevel() on ptolemy.moml.MoMLSimpleApplication@9a11976
reloadAllAccessors: .expressionCastInference2

===========================================================================================
----------------- testing Tue Aug 07 01:47:36 UTC 2018 /home/travis/build/icyphy/ptII/ptolemy/actor/lib/test/auto/expressionInference.xml
----------------- Instantiating /home/travis/build/icyphy/ptII/ptolemy/actor/lib/test/auto/expressionInference.xml
1 ms. Memory: 1562624K Free: 266497K (17%)
----------------- Invoking toplevel() on ptolemy.moml.MoMLSimpleApplication@6cf65a0f
----------------- Done invoking toplevel() on ptolemy.moml.MoMLSimpleApplication@6cf65a0f
reloadAllAccessors: .expressionInference

===========================================================================================
----------------- testing Tue Aug 07 01:47:36 UTC 2018 /home/travis/build/icyphy/ptII/ptolemy/actor/lib/test/auto/expression_bug.xml
----------------- Instantiating /home/travis/build/icyphy/ptII/ptolemy/actor/lib/test/auto/expression_bug.xml
1 ms. Memory: 1562624K Free: 248308K (16%)
----------------- Invoking toplevel() on ptolemy.moml.MoMLSimpleApplication@45416b63
----------------- Done invoking toplevel() on ptolemy.moml.MoMLSimpleApplication@45416b63
reloadAllAccessors: .expression_bug

===========================================================================================
----------------- testing Tue Aug 07 01:47:36 UTC 2018 /home/travis/build/icyphy/ptII/ptolemy/actor/lib/test/auto/factorial.xml
----------------- Instantiating /home/travis/build/icyphy/ptII/ptolemy/actor/lib/test/auto/factorial.xml
37 ms. Memory: 1562624K Free: 230119K (15%)
----------------- Invoking toplevel() on ptolemy.moml.MoMLSimpleApplication@33249d0b
----------------- Done invoking toplevel() on ptolemy.moml.MoMLSimpleApplication@33249d0b
reloadAllAccessors: .factorial

===========================================================================================
----------------- testing Tue Aug 07 01:47:36 UTC 2018 /home/travis/build/icyphy/ptII/ptolemy/actor/lib/test/auto/filterTest1.xml
----------------- Instantiating /home/travis/build/icyphy/ptII/ptolemy/actor/lib/test/auto/filterTest1.xml
3 ms. Memory: 1562624K Free: 211929K (14%)
----------------- Invoking toplevel() on ptolemy.moml.MoMLSimpleApplication@38f7732e
----------------- Done invoking toplevel() on ptolemy.moml.MoMLSimpleApplication@38f7732e
reloadAllAccessors: .filterTest1

===========================================================================================
----------------- testing Tue Aug 07 01:47:36 UTC 2018 /home/travis/build/icyphy/ptII/ptolemy/actor/lib/test/auto/funcApplyInConst.xml
----------------- Instantiating /home/travis/build/icyphy/ptII/ptolemy/actor/lib/test/auto/funcApplyInConst.xml
1 ms. Memory: 1562624K Free: 197327K (13%)
----------------- Invoking toplevel() on ptolemy.moml.MoMLSimpleApplication@5b26cee7
----------------- Done invoking toplevel() on ptolemy.moml.MoMLSimpleApplication@5b26cee7
reloadAllAccessors: .funcApplyInConst

===========================================================================================
----------------- testing Tue Aug 07 01:47:36 UTC 2018 /home/travis/build/icyphy/ptII/ptolemy/actor/lib/test/auto/funcApplyInExpr.xml
----------------- Instantiating /home/travis/build/icyphy/ptII/ptolemy/actor/lib/test/auto/funcApplyInExpr.xml
2 ms. Memory: 1562624K Free: 179138K (11%)
----------------- Invoking toplevel() on ptolemy.moml.MoMLSimpleApplication@77f5d6e2
----------------- Done invoking toplevel() on ptolemy.moml.MoMLSimpleApplication@77f5d6e2
reloadAllAccessors: .funcApplyInExpr

===========================================================================================
----------------- testing Tue Aug 07 01:47:36 UTC 2018 /home/travis/build/icyphy/ptII/ptolemy/actor/lib/test/auto/function.xml
----------------- Instantiating /home/travis/build/icyphy/ptII/ptolemy/actor/lib/test/auto/function.xml
2 ms. Memory: 1562624K Free: 160949K (10%)
----------------- Invoking toplevel() on ptolemy.moml.MoMLSimpleApplication@3b89f7c4
----------------- Done invoking toplevel() on ptolemy.moml.MoMLSimpleApplication@3b89f7c4
reloadAllAccessors: .function

===========================================================================================
----------------- testing Tue Aug 07 01:47:36 UTC 2018 /home/travis/build/icyphy/ptII/ptolemy/actor/lib/test/auto/function2.xml
----------------- Instantiating /home/travis/build/icyphy/ptII/ptolemy/actor/lib/test/auto/function2.xml
2 ms. Memory: 1562624K Free: 146346K (9%)
----------------- Invoking toplevel() on ptolemy.moml.MoMLSimpleApplication@47bb6531
----------------- Done invoking toplevel() on ptolemy.moml.MoMLSimpleApplication@47bb6531
reloadAllAccessors: .function2

===========================================================================================
----------------- testing Tue Aug 07 01:47:36 UTC 2018 /home/travis/build/icyphy/ptII/ptolemy/actor/lib/test/auto/function3.xml
----------------- Instantiating /home/travis/build/icyphy/ptII/ptolemy/actor/lib/test/auto/function3.xml
1 ms. Memory: 1562624K Free: 128157K (8%)
----------------- Invoking toplevel() on ptolemy.moml.MoMLSimpleApplication@790fd5f8
----------------- Done invoking toplevel() on ptolemy.moml.MoMLSimpleApplication@790fd5f8
reloadAllAccessors: .function3

===========================================================================================
----------------- testing Tue Aug 07 01:47:36 UTC 2018 /home/travis/build/icyphy/ptII/ptolemy/actor/lib/test/auto/functionClosureTest1.xml
----------------- Instantiating /home/travis/build/icyphy/ptII/ptolemy/actor/lib/test/auto/functionClosureTest1.xml
2 ms. Memory: 1562624K Free: 109967K (7%)
----------------- Invoking toplevel() on ptolemy.moml.MoMLSimpleApplication@31e1eb1e
----------------- Done invoking toplevel() on ptolemy.moml.MoMLSimpleApplication@31e1eb1e
reloadAllAccessors: .functionClosureTest1

===========================================================================================
----------------- testing Tue Aug 07 01:47:36 UTC 2018 /home/travis/build/icyphy/ptII/ptolemy/actor/lib/test/auto/functionClosureTest2.xml
----------------- Instantiating /home/travis/build/icyphy/ptII/ptolemy/actor/lib/test/auto/functionClosureTest2.xml
2 ms. Memory: 1562624K Free: 91778K (6%)
----------------- Invoking toplevel() on ptolemy.moml.MoMLSimpleApplication@34b8fe1
----------------- Done invoking toplevel() on ptolemy.moml.MoMLSimpleApplication@34b8fe1
reloadAllAccessors: .functionClosureTest2

===========================================================================================
----------------- testing Tue Aug 07 01:47:36 UTC 2018 /home/travis/build/icyphy/ptII/ptolemy/actor/lib/test/auto/functionClosureTest3.xml
----------------- Instantiating /home/travis/build/icyphy/ptII/ptolemy/actor/lib/test/auto/functionClosureTest3.xml
2 ms. Memory: 1562624K Free: 77176K (5%)
----------------- Invoking toplevel() on ptolemy.moml.MoMLSimpleApplication@1017797e
----------------- Done invoking toplevel() on ptolemy.moml.MoMLSimpleApplication@1017797e
reloadAllAccessors: .functionClosureTest3

===========================================================================================
----------------- testing Tue Aug 07 01:47:36 UTC 2018 /home/travis/build/icyphy/ptII/ptolemy/actor/lib/test/auto/functionClosureTest4.xml
----------------- Instantiating /home/travis/build/icyphy/ptII/ptolemy/actor/lib/test/auto/functionClosureTest4.xml
3 ms. Memory: 1562624K Free: 62761K (4%)
----------------- Invoking toplevel() on ptolemy.moml.MoMLSimpleApplication@5c5d9e32
----------------- Done invoking toplevel() on ptolemy.moml.MoMLSimpleApplication@5c5d9e32
reloadAllAccessors: .functionClosureTest4

===========================================================================================
----------------- testing Tue Aug 07 01:47:36 UTC 2018 /home/travis/build/icyphy/ptII/ptolemy/actor/lib/test/auto/functionClosureTest5.xml
----------------- Instantiating /home/travis/build/icyphy/ptII/ptolemy/actor/lib/test/auto/functionClosureTest5.xml
3 ms. Memory: 1630208K Free: 1551980K (95%)
----------------- Invoking toplevel() on ptolemy.moml.MoMLSimpleApplication@7db18a1b
----------------- Done invoking toplevel() on ptolemy.moml.MoMLSimpleApplication@7db18a1b
reloadAllAccessors: .functionClosureTest5

===========================================================================================
----------------- testing Tue Aug 07 01:47:36 UTC 2018 /home/travis/build/icyphy/ptII/ptolemy/actor/lib/test/auto/functionClosureTest6.xml
----------------- Instantiating /home/travis/build/icyphy/ptII/ptolemy/actor/lib/test/auto/functionClosureTest6.xml
1 ms. Memory: 1630208K Free: 1531670K (94%)
----------------- Invoking toplevel() on ptolemy.moml.MoMLSimpleApplication@4727b344
----------------- Done invoking toplevel() on ptolemy.moml.MoMLSimpleApplication@4727b344
reloadAllAccessors: .functionClosureTest6

===========================================================================================
----------------- testing Tue Aug 07 01:47:36 UTC 2018 /home/travis/build/icyphy/ptII/ptolemy/actor/lib/test/auto/functionsOnArcs.xml
----------------- Instantiating /home/travis/build/icyphy/ptII/ptolemy/actor/lib/test/auto/functionsOnArcs.xml
2 ms. Memory: 1630208K Free: 1507419K (92%)
----------------- Invoking toplevel() on ptolemy.moml.MoMLSimpleApplication@367ff3a2
----------------- Done invoking toplevel() on ptolemy.moml.MoMLSimpleApplication@367ff3a2
reloadAllAccessors: .functionsOnArcs

===========================================================================================
----------------- testing Tue Aug 07 01:47:36 UTC 2018 /home/travis/build/icyphy/ptII/ptolemy/actor/lib/test/auto/functionsOnArcsHOF.xml
----------------- Instantiating /home/travis/build/icyphy/ptII/ptolemy/actor/lib/test/auto/functionsOnArcsHOF.xml
2 ms. Memory: 1630208K Free: 1483167K (91%)
----------------- Invoking toplevel() on ptolemy.moml.MoMLSimpleApplication@49d30053
----------------- Done invoking toplevel() on ptolemy.moml.MoMLSimpleApplication@49d30053
reloadAllAccessors: .functionsOnArcsHOF

===========================================================================================
----------------- testing Tue Aug 07 01:47:36 UTC 2018 /home/travis/build/icyphy/ptII/ptolemy/actor/lib/test/auto/logic.xml
----------------- Instantiating /home/travis/build/icyphy/ptII/ptolemy/actor/lib/test/auto/logic.xml
2 ms. Memory: 1630208K Free: 1462858K (90%)
----------------- Invoking toplevel() on ptolemy.moml.MoMLSimpleApplication@5a11be15
----------------- Done invoking toplevel() on ptolemy.moml.MoMLSimpleApplication@5a11be15
reloadAllAccessors: .logic

===========================================================================================
----------------- testing Tue Aug 07 01:47:36 UTC 2018 /home/travis/build/icyphy/ptII/ptolemy/actor/lib/test/auto/matrixType.xml
----------------- Instantiating /home/travis/build/icyphy/ptII/ptolemy/actor/lib/test/auto/matrixType.xml
2 ms. Memory: 1630208K Free: 1438607K (88%)
----------------- Invoking toplevel() on ptolemy.moml.MoMLSimpleApplication@7d86cf30
----------------- Done invoking toplevel() on ptolemy.moml.MoMLSimpleApplication@7d86cf30
reloadAllAccessors: .matrixType

===========================================================================================
----------------- testing Tue Aug 07 01:47:36 UTC 2018 /home/travis/build/icyphy/ptII/ptolemy/actor/lib/test/auto/matrixType10.xml
----------------- Instantiating /home/travis/build/icyphy/ptII/ptolemy/actor/lib/test/auto/matrixType10.xml
2 ms. Memory: 1630208K Free: 1414355K (87%)
----------------- Invoking toplevel() on ptolemy.moml.MoMLSimpleApplication@446f73d1
----------------- Done invoking toplevel() on ptolemy.moml.MoMLSimpleApplication@446f73d1
reloadAllAccessors: .matrixType10

===========================================================================================
----------------- testing Tue Aug 07 01:47:36 UTC 2018 /home/travis/build/icyphy/ptII/ptolemy/actor/lib/test/auto/matrixType11.xml
----------------- Instantiating /home/travis/build/icyphy/ptII/ptolemy/actor/lib/test/auto/matrixType11.xml
2 ms. Memory: 1630208K Free: 1394046K (86%)
----------------- Invoking toplevel() on ptolemy.moml.MoMLSimpleApplication@1a361e2f
----------------- Done invoking toplevel() on ptolemy.moml.MoMLSimpleApplication@1a361e2f
reloadAllAccessors: .matrixType11

===========================================================================================
----------------- testing Tue Aug 07 01:47:36 UTC 2018 /home/travis/build/icyphy/ptII/ptolemy/actor/lib/test/auto/matrixType12.xml
----------------- Instantiating /home/travis/build/icyphy/ptII/ptolemy/actor/lib/test/auto/matrixType12.xml
1 ms. Memory: 1630208K Free: 1369795K (84%)
----------------- Invoking toplevel() on ptolemy.moml.MoMLSimpleApplication@736d1898
----------------- Done invoking toplevel() on ptolemy.moml.MoMLSimpleApplication@736d1898
reloadAllAccessors: .matrixType12

===========================================================================================
----------------- testing Tue Aug 07 01:47:36 UTC 2018 /home/travis/build/icyphy/ptII/ptolemy/actor/lib/test/auto/matrixType13.xml
----------------- Instantiating /home/travis/build/icyphy/ptII/ptolemy/actor/lib/test/auto/matrixType13.xml
1 ms. Memory: 1630208K Free: 1345543K (83%)
----------------- Invoking toplevel() on ptolemy.moml.MoMLSimpleApplication@38017886
----------------- Done invoking toplevel() on ptolemy.moml.MoMLSimpleApplication@38017886
reloadAllAccessors: .matrixType13

===========================================================================================
----------------- testing Tue Aug 07 01:47:36 UTC 2018 /home/travis/build/icyphy/ptII/ptolemy/actor/lib/test/auto/matrixType14.xml
----------------- Instantiating /home/travis/build/icyphy/ptII/ptolemy/actor/lib/test/auto/matrixType14.xml
2 ms. Memory: 1630208K Free: 1325234K (81%)
----------------- Invoking toplevel() on ptolemy.moml.MoMLSimpleApplication@3775d337
----------------- Done invoking toplevel() on ptolemy.moml.MoMLSimpleApplication@3775d337
reloadAllAccessors: .matrixType14

===========================================================================================
----------------- testing Tue Aug 07 01:47:36 UTC 2018 /home/travis/build/icyphy/ptII/ptolemy/actor/lib/test/auto/matrixType2.xml
----------------- Instantiating /home/travis/build/icyphy/ptII/ptolemy/actor/lib/test/auto/matrixType2.xml
2 ms. Memory: 1630208K Free: 1300982K (80%)
----------------- Invoking toplevel() on ptolemy.moml.MoMLSimpleApplication@1170f37d
----------------- Done invoking toplevel() on ptolemy.moml.MoMLSimpleApplication@1170f37d
reloadAllAccessors: .matrixType2

===========================================================================================
----------------- testing Tue Aug 07 01:47:36 UTC 2018 /home/travis/build/icyphy/ptII/ptolemy/actor/lib/test/auto/matrixType3.xml
----------------- Instantiating /home/travis/build/icyphy/ptII/ptolemy/actor/lib/test/auto/matrixType3.xml
2 ms. Memory: 1630208K Free: 1276731K (78%)
----------------- Invoking toplevel() on ptolemy.moml.MoMLSimpleApplication@4baba5c7
----------------- Done invoking toplevel() on ptolemy.moml.MoMLSimpleApplication@4baba5c7
reloadAllAccessors: .matrixType3

===========================================================================================
----------------- testing Tue Aug 07 01:47:36 UTC 2018 /home/travis/build/icyphy/ptII/ptolemy/actor/lib/test/auto/matrixType4.xml
----------------- Instantiating /home/travis/build/icyphy/ptII/ptolemy/actor/lib/test/auto/matrixType4.xml
1 ms. Memory: 1630208K Free: 1256422K (77%)
----------------- Invoking toplevel() on ptolemy.moml.MoMLSimpleApplication@51aca1a4
----------------- Done invoking toplevel() on ptolemy.moml.MoMLSimpleApplication@51aca1a4
reloadAllAccessors: .matrixType4

===========================================================================================
----------------- testing Tue Aug 07 01:47:36 UTC 2018 /home/travis/build/icyphy/ptII/ptolemy/actor/lib/test/auto/matrixType5.xml
----------------- Instantiating /home/travis/build/icyphy/ptII/ptolemy/actor/lib/test/auto/matrixType5.xml
2 ms. Memory: 1630208K Free: 1232170K (76%)
----------------- Invoking toplevel() on ptolemy.moml.MoMLSimpleApplication@5df0002f
----------------- Done invoking toplevel() on ptolemy.moml.MoMLSimpleApplication@5df0002f
reloadAllAccessors: .matrixType5

===========================================================================================
----------------- testing Tue Aug 07 01:47:36 UTC 2018 /home/travis/build/icyphy/ptII/ptolemy/actor/lib/test/auto/matrixType6.xml
----------------- Instantiating /home/travis/build/icyphy/ptII/ptolemy/actor/lib/test/auto/matrixType6.xml
1 ms. Memory: 1630208K Free: 1207919K (74%)
----------------- Invoking toplevel() on ptolemy.moml.MoMLSimpleApplication@56bec880
----------------- Done invoking toplevel() on ptolemy.moml.MoMLSimpleApplication@56bec880
reloadAllAccessors: .matrixType6

===========================================================================================
----------------- testing Tue Aug 07 01:47:36 UTC 2018 /home/travis/build/icyphy/ptII/ptolemy/actor/lib/test/auto/matrixType7.xml
----------------- Instantiating /home/travis/build/icyphy/ptII/ptolemy/actor/lib/test/auto/matrixType7.xml
1 ms. Memory: 1630208K Free: 1187610K (73%)
----------------- Invoking toplevel() on ptolemy.moml.MoMLSimpleApplication@49653c3d
----------------- Done invoking toplevel() on ptolemy.moml.MoMLSimpleApplication@49653c3d
reloadAllAccessors: .matrixType7

===========================================================================================
----------------- testing Tue Aug 07 01:47:36 UTC 2018 /home/travis/build/icyphy/ptII/ptolemy/actor/lib/test/auto/matrixType8.xml
----------------- Instantiating /home/travis/build/icyphy/ptII/ptolemy/actor/lib/test/auto/matrixType8.xml
1 ms. Memory: 1630208K Free: 1163358K (71%)
----------------- Invoking toplevel() on ptolemy.moml.MoMLSimpleApplication@1bcc7618
----------------- Done invoking toplevel() on ptolemy.moml.MoMLSimpleApplication@1bcc7618
reloadAllAccessors: .matrixType8

===========================================================================================
----------------- testing Tue Aug 07 01:47:36 UTC 2018 /home/travis/build/icyphy/ptII/ptolemy/actor/lib/test/auto/matrixType9.xml
----------------- Instantiating /home/travis/build/icyphy/ptII/ptolemy/actor/lib/test/auto/matrixType9.xml
1 ms. Memory: 1630208K Free: 1139107K (70%)
----------------- Invoking toplevel() on ptolemy.moml.MoMLSimpleApplication@7ae0780d
----------------- Done invoking toplevel() on ptolemy.moml.MoMLSimpleApplication@7ae0780d
reloadAllAccessors: .matrixType9

===========================================================================================
----------------- testing Tue Aug 07 01:47:36 UTC 2018 /home/travis/build/icyphy/ptII/ptolemy/actor/lib/test/auto/paraFunctest.xml
----------------- Instantiating /home/travis/build/icyphy/ptII/ptolemy/actor/lib/test/auto/paraFunctest.xml
2 ms. Memory: 1630208K Free: 1118797K (69%)
----------------- Invoking toplevel() on ptolemy.moml.MoMLSimpleApplication@5c224c02
----------------- Done invoking toplevel() on ptolemy.moml.MoMLSimpleApplication@5c224c02
reloadAllAccessors: .paraFunctest

===========================================================================================
----------------- testing Tue Aug 07 01:47:36 UTC 2018 /home/travis/build/icyphy/ptII/ptolemy/actor/lib/test/auto/paraFunctest2.xml
----------------- Instantiating /home/travis/build/icyphy/ptII/ptolemy/actor/lib/test/auto/paraFunctest2.xml
1 ms. Memory: 1630208K Free: 1094546K (67%)
----------------- Invoking toplevel() on ptolemy.moml.MoMLSimpleApplication@4955d495
----------------- Done invoking toplevel() on ptolemy.moml.MoMLSimpleApplication@4955d495
reloadAllAccessors: .paraFunctest2

===========================================================================================
----------------- testing Tue Aug 07 01:47:36 UTC 2018 /home/travis/build/icyphy/ptII/ptolemy/actor/lib/test/auto/parameterPassing.xml
----------------- Instantiating /home/travis/build/icyphy/ptII/ptolemy/actor/lib/test/auto/parameterPassing.xml
1 ms. Memory: 1630208K Free: 1070294K (66%)
----------------- Invoking toplevel() on ptolemy.moml.MoMLSimpleApplication@74efb4b
----------------- Done invoking toplevel() on ptolemy.moml.MoMLSimpleApplication@74efb4b
reloadAllAccessors: .parameterPassing

===========================================================================================
----------------- testing Tue Aug 07 01:47:36 UTC 2018 /home/travis/build/icyphy/ptII/ptolemy/actor/lib/test/auto/record.xml
----------------- Instantiating /home/travis/build/icyphy/ptII/ptolemy/actor/lib/test/auto/record.xml
2 ms. Memory: 1630208K Free: 1049985K (64%)
----------------- Invoking toplevel() on ptolemy.moml.MoMLSimpleApplication@357b225
----------------- Done invoking toplevel() on ptolemy.moml.MoMLSimpleApplication@357b225
reloadAllAccessors: .record

===========================================================================================
----------------- testing Tue Aug 07 01:47:36 UTC 2018 /home/travis/build/icyphy/ptII/ptolemy/actor/lib/test/auto/sizedarray1.xml
----------------- Instantiating /home/travis/build/icyphy/ptII/ptolemy/actor/lib/test/auto/sizedarray1.xml
2 ms. Memory: 1630208K Free: 1025734K (63%)
----------------- Invoking toplevel() on ptolemy.moml.MoMLSimpleApplication@5b77df8f
----------------- Done invoking toplevel() on ptolemy.moml.MoMLSimpleApplication@5b77df8f
reloadAllAccessors: .sizedarray1

===========================================================================================
----------------- testing Tue Aug 07 01:47:36 UTC 2018 /home/travis/build/icyphy/ptII/ptolemy/actor/lib/test/auto/sizedarray2.xml
----------------- Instantiating /home/travis/build/icyphy/ptII/ptolemy/actor/lib/test/auto/sizedarray2.xml
1 ms. Memory: 1630208K Free: 1001482K (61%)
----------------- Invoking toplevel() on ptolemy.moml.MoMLSimpleApplication@716314a
----------------- Done invoking toplevel() on ptolemy.moml.MoMLSimpleApplication@716314a
reloadAllAccessors: .sizedarray2

===========================================================================================
----------------- testing Tue Aug 07 01:47:36 UTC 2018 /home/travis/build/icyphy/ptII/ptolemy/actor/lib/test/auto/twoPublishers.xml
----------------- Instantiating /home/travis/build/icyphy/ptII/ptolemy/actor/lib/test/auto/twoPublishers.xml
2 ms. Memory: 1630208K Free: 981173K (60%)
----------------- Invoking toplevel() on ptolemy.moml.MoMLSimpleApplication@73adfdb9
----------------- Done invoking toplevel() on ptolemy.moml.MoMLSimpleApplication@73adfdb9
reloadAllAccessors: .twoPublishers
AutoTests.java: About to close Vertx.
AutoTests.java: Vertx closed.
]]></system-out>
  <system-err><![CDATA[java.lang.RuntimeException: Execution failed
	at ptolemy.moml.MoMLSimpleApplication$UnloadThread.run(MoMLSimpleApplication.java:402)
Caused by: java.lang.RuntimeException: Normally, we would exit here because Manager.exitAfterWrapup() was called.  However, because the ptolemy.ptII.exitAfterWrapup property is set, we throw this exception instead.
	at ptolemy.util.StringUtilities.exit(StringUtilities.java:363)
	at ptolemy.actor.Manager.wrapup(Manager.java:1531)
	at ptolemy.actor.Manager.execute(Manager.java:407)
	at ptolemy.actor.Manager.run(Manager.java:1263)
	at ptolemy.actor.Manager$PtolemyRunThread.run(Manager.java:1915)
Warning: '.top.test' is in training mode, set the trainingMode parameter to false before checking in
Warning: '.top.test' is in training mode, set the trainingMode parameter to false before checking in
Warning: '.top.test' is in training mode, set the trainingMode parameter to false before checking in
Warning: '.BooleanSwitch_RegressionTest_WrongTrainingValues.Test' is in training mode, set the trainingMode parameter to false before checking in
Warning: '.BooleanSwitch_RegressionTest_WrongTrainingValues.Test2' is in training mode, set the trainingMode parameter to false before checking in
Warning: '.BooleanSwitch_RegressionTest_WrongTrainingValues.Test2' The test produced 0 tokens.
Warning: '.top.testExceptionHandler' is in training mode, set the trainingMode parameter to false before checking in
java.lang.RuntimeException: Execution failed
	at ptolemy.moml.MoMLSimpleApplication$UnloadThread.run(MoMLSimpleApplication.java:402)
Caused by: ptolemy.kernel.util.IllegalActionException: PublisherPorts cannot be used at the top level, use a Publisher actor instead.
  in .PublisherPortToplevelSubscriber.PublisherPort
	at ptolemy.actor.PublisherPort.preinitialize(PublisherPort.java:403)
	at ptolemy.actor.CompositeActor.preinitialize(CompositeActor.java:1769)
	at ptolemy.actor.Manager.preinitializeAndResolveTypes(Manager.java:1040)
	at ptolemy.actor.Manager.initialize(Manager.java:710)
	at ptolemy.actor.Manager.execute(Manager.java:356)
	at ptolemy.actor.Manager.run(Manager.java:1263)
	at ptolemy.actor.Manager$PtolemyRunThread.run(Manager.java:1915)
java.lang.reflect.InvocationTargetException
	at sun.reflect.NativeConstructorAccessorImpl.newInstance0(Native Method)
	at sun.reflect.NativeConstructorAccessorImpl.newInstance(NativeConstructorAccessorImpl.java:62)
	at sun.reflect.DelegatingConstructorAccessorImpl.newInstance(DelegatingConstructorAccessorImpl.java:45)
	at java.lang.reflect.Constructor.newInstance(Constructor.java:423)
	at ptolemy.util.test.junit.AutoKnownFailedTests.RunModel(AutoKnownFailedTests.java:107)
	at sun.reflect.NativeMethodAccessorImpl.invoke0(Native Method)
	at sun.reflect.NativeMethodAccessorImpl.invoke(NativeMethodAccessorImpl.java:62)
	at sun.reflect.DelegatingMethodAccessorImpl.invoke(DelegatingMethodAccessorImpl.java:43)
	at java.lang.reflect.Method.invoke(Method.java:498)
	at org.junit.runners.model.FrameworkMethod$1.runReflectiveCall(FrameworkMethod.java:44)
	at org.junit.internal.runners.model.ReflectiveCallable.run(ReflectiveCallable.java:15)
	at org.junit.runners.model.FrameworkMethod.invokeExplosively(FrameworkMethod.java:41)
	at junitparams.internal.InvokeParameterisedMethod.evaluate(InvokeParameterisedMethod.java:102)
	at org.junit.internal.runners.statements.FailOnTimeout$1.run(FailOnTimeout.java:28)
Caused by: ptolemy.kernel.util.IllegalActionException: PublisherPorts cannot be used at the top level, use a Publisher actor instead.
  in .PublisherPortToplevelSubscriber.PublisherPort
	at ptolemy.actor.PublisherPort.preinitialize(PublisherPort.java:403)
	at ptolemy.actor.CompositeActor.preinitialize(CompositeActor.java:1769)
	at ptolemy.actor.Manager.preinitializeAndResolveTypes(Manager.java:1040)
	at ptolemy.actor.Manager.initialize(Manager.java:710)
	at ptolemy.actor.Manager.execute(Manager.java:356)
	at ptolemy.actor.Manager.run(Manager.java:1263)
	at ptolemy.actor.Manager$PtolemyRunThread.run(Manager.java:1915)
java.lang.RuntimeException: Execution failed
	at ptolemy.moml.MoMLSimpleApplication$UnloadThread.run(MoMLSimpleApplication.java:402)
Caused by: ptolemy.kernel.util.IllegalActionException: SubscriberPorts cannot be used at the top level, use a Subscriber actor instead.
  in .PublisherSubscriberPortToplevel.SubscriberPort
	at ptolemy.actor.SubscriberPort.preinitialize(SubscriberPort.java:328)
	at ptolemy.actor.CompositeActor.preinitialize(CompositeActor.java:1769)
	at ptolemy.actor.Manager.preinitializeAndResolveTypes(Manager.java:1040)
	at ptolemy.actor.Manager.initialize(Manager.java:710)
	at ptolemy.actor.Manager.execute(Manager.java:356)
	at ptolemy.actor.Manager.run(Manager.java:1263)
	at ptolemy.actor.Manager$PtolemyRunThread.run(Manager.java:1915)
java.lang.reflect.InvocationTargetException
	at sun.reflect.NativeConstructorAccessorImpl.newInstance0(Native Method)
	at sun.reflect.NativeConstructorAccessorImpl.newInstance(NativeConstructorAccessorImpl.java:62)
	at sun.reflect.DelegatingConstructorAccessorImpl.newInstance(DelegatingConstructorAccessorImpl.java:45)
	at java.lang.reflect.Constructor.newInstance(Constructor.java:423)
	at ptolemy.util.test.junit.AutoKnownFailedTests.RunModel(AutoKnownFailedTests.java:107)
	at sun.reflect.NativeMethodAccessorImpl.invoke0(Native Method)
	at sun.reflect.NativeMethodAccessorImpl.invoke(NativeMethodAccessorImpl.java:62)
	at sun.reflect.DelegatingMethodAccessorImpl.invoke(DelegatingMethodAccessorImpl.java:43)
	at java.lang.reflect.Method.invoke(Method.java:498)
	at org.junit.runners.model.FrameworkMethod$1.runReflectiveCall(FrameworkMethod.java:44)
	at org.junit.internal.runners.model.ReflectiveCallable.run(ReflectiveCallable.java:15)
	at org.junit.runners.model.FrameworkMethod.invokeExplosively(FrameworkMethod.java:41)
	at junitparams.internal.InvokeParameterisedMethod.evaluate(InvokeParameterisedMethod.java:102)
	at org.junit.internal.runners.statements.FailOnTimeout$1.run(FailOnTimeout.java:28)
Caused by: ptolemy.kernel.util.IllegalActionException: SubscriberPorts cannot be used at the top level, use a Subscriber actor instead.
  in .PublisherSubscriberPortToplevel.SubscriberPort
	at ptolemy.actor.SubscriberPort.preinitialize(SubscriberPort.java:328)
	at ptolemy.actor.CompositeActor.preinitialize(CompositeActor.java:1769)
	at ptolemy.actor.Manager.preinitializeAndResolveTypes(Manager.java:1040)
	at ptolemy.actor.Manager.initialize(Manager.java:710)
	at ptolemy.actor.Manager.execute(Manager.java:356)
	at ptolemy.actor.Manager.run(Manager.java:1263)
	at ptolemy.actor.Manager$PtolemyRunThread.run(Manager.java:1915)
java.lang.RuntimeException: Execution failed
	at ptolemy.moml.MoMLSimpleApplication$UnloadThread.run(MoMLSimpleApplication.java:402)
Caused by: ptolemy.kernel.util.IllegalActionException: SubscriptionAggregatorPorts cannot be used at the top level, use a SubscriptionAggregator actor instead.
  in .PublisherSubscriptionAggregatorPort.SubscriptionAggregatorPort
	at ptolemy.actor.SubscriptionAggregatorPort.preinitialize(SubscriptionAggregatorPort.java:353)
	at ptolemy.actor.CompositeActor.preinitialize(CompositeActor.java:1769)
	at ptolemy.actor.Manager.preinitializeAndResolveTypes(Manager.java:1040)
	at ptolemy.actor.Manager.initialize(Manager.java:710)
	at ptolemy.actor.Manager.execute(Manager.java:356)
	at ptolemy.actor.Manager.run(Manager.java:1263)
	at ptolemy.actor.Manager$PtolemyRunThread.run(Manager.java:1915)
java.lang.reflect.InvocationTargetException
	at sun.reflect.NativeConstructorAccessorImpl.newInstance0(Native Method)
	at sun.reflect.NativeConstructorAccessorImpl.newInstance(NativeConstructorAccessorImpl.java:62)
	at sun.reflect.DelegatingConstructorAccessorImpl.newInstance(DelegatingConstructorAccessorImpl.java:45)
	at java.lang.reflect.Constructor.newInstance(Constructor.java:423)
	at ptolemy.util.test.junit.AutoKnownFailedTests.RunModel(AutoKnownFailedTests.java:107)
	at sun.reflect.NativeMethodAccessorImpl.invoke0(Native Method)
	at sun.reflect.NativeMethodAccessorImpl.invoke(NativeMethodAccessorImpl.java:62)
	at sun.reflect.DelegatingMethodAccessorImpl.invoke(DelegatingMethodAccessorImpl.java:43)
	at java.lang.reflect.Method.invoke(Method.java:498)
	at org.junit.runners.model.FrameworkMethod$1.runReflectiveCall(FrameworkMethod.java:44)
	at org.junit.internal.runners.model.ReflectiveCallable.run(ReflectiveCallable.java:15)
	at org.junit.runners.model.FrameworkMethod.invokeExplosively(FrameworkMethod.java:41)
	at junitparams.internal.InvokeParameterisedMethod.evaluate(InvokeParameterisedMethod.java:102)
	at org.junit.internal.runners.statements.FailOnTimeout$1.run(FailOnTimeout.java:28)
Caused by: ptolemy.kernel.util.IllegalActionException: SubscriptionAggregatorPorts cannot be used at the top level, use a SubscriptionAggregator actor instead.
  in .PublisherSubscriptionAggregatorPort.SubscriptionAggregatorPort
	at ptolemy.actor.SubscriptionAggregatorPort.preinitialize(SubscriptionAggregatorPort.java:353)
	at ptolemy.actor.CompositeActor.preinitialize(CompositeActor.java:1769)
	at ptolemy.actor.Manager.preinitializeAndResolveTypes(Manager.java:1040)
	at ptolemy.actor.Manager.initialize(Manager.java:710)
	at ptolemy.actor.Manager.execute(Manager.java:356)
	at ptolemy.actor.Manager.run(Manager.java:1263)
	at ptolemy.actor.Manager$PtolemyRunThread.run(Manager.java:1915)
java.lang.RuntimeException: Execution failed
	at ptolemy.moml.MoMLSimpleApplication$UnloadThread.run(MoMLSimpleApplication.java:402)
Caused by: ptolemy.kernel.util.IllegalActionException: TypeTest actor has no training data.
  in .sizedarray3.TypeTest
	at ptolemy.actor.lib.TypeTest.initialize(TypeTest.java:250)
	at ptolemy.actor.Director.initialize(Director.java:938)
	at ptolemy.actor.Director.initialize(Director.java:907)
	at ptolemy.actor.sched.StaticSchedulingDirector.initialize(StaticSchedulingDirector.java:159)
	at ptolemy.domains.sdf.kernel.SDFDirector.initialize(SDFDirector.java:544)
	at ptolemy.actor.CompositeActor.initialize(CompositeActor.java:935)
	at ptolemy.actor.Manager.initialize(Manager.java:724)
	at ptolemy.actor.Manager.execute(Manager.java:356)
	at ptolemy.actor.Manager.run(Manager.java:1263)
	at ptolemy.actor.Manager$PtolemyRunThread.run(Manager.java:1915)
java.lang.reflect.InvocationTargetException
	at sun.reflect.NativeConstructorAccessorImpl.newInstance0(Native Method)
	at sun.reflect.NativeConstructorAccessorImpl.newInstance(NativeConstructorAccessorImpl.java:62)
	at sun.reflect.DelegatingConstructorAccessorImpl.newInstance(DelegatingConstructorAccessorImpl.java:45)
	at java.lang.reflect.Constructor.newInstance(Constructor.java:423)
	at ptolemy.util.test.junit.AutoKnownFailedTests.RunModel(AutoKnownFailedTests.java:107)
	at sun.reflect.NativeMethodAccessorImpl.invoke0(Native Method)
	at sun.reflect.NativeMethodAccessorImpl.invoke(NativeMethodAccessorImpl.java:62)
	at sun.reflect.DelegatingMethodAccessorImpl.invoke(DelegatingMethodAccessorImpl.java:43)
	at java.lang.reflect.Method.invoke(Method.java:498)
	at org.junit.runners.model.FrameworkMethod$1.runReflectiveCall(FrameworkMethod.java:44)
	at org.junit.internal.runners.model.ReflectiveCallable.run(ReflectiveCallable.java:15)
	at org.junit.runners.model.FrameworkMethod.invokeExplosively(FrameworkMethod.java:41)
	at junitparams.internal.InvokeParameterisedMethod.evaluate(InvokeParameterisedMethod.java:102)
	at org.junit.internal.runners.statements.FailOnTimeout$1.run(FailOnTimeout.java:28)
Caused by: ptolemy.kernel.util.IllegalActionException: TypeTest actor has no training data.
  in .sizedarray3.TypeTest
	at ptolemy.actor.lib.TypeTest.initialize(TypeTest.java:250)
	at ptolemy.actor.Director.initialize(Director.java:938)
	at ptolemy.actor.Director.initialize(Director.java:907)
	at ptolemy.actor.sched.StaticSchedulingDirector.initialize(StaticSchedulingDirector.java:159)
	at ptolemy.domains.sdf.kernel.SDFDirector.initialize(SDFDirector.java:544)
	at ptolemy.actor.CompositeActor.initialize(CompositeActor.java:935)
	at ptolemy.actor.Manager.initialize(Manager.java:724)
	at ptolemy.actor.Manager.execute(Manager.java:356)
	at ptolemy.actor.Manager.run(Manager.java:1263)
	at ptolemy.actor.Manager$PtolemyRunThread.run(Manager.java:1915)
]]></system-err>
</testsuite>
